<?xml version="1.0" encoding="UTF-8"?>
<testsuite xmlns:xsi="http://www.w3.org/2001/XMLSchema-instance" xsi:noNamespaceSchemaLocation="https://maven.apache.org/surefire/maven-surefire-plugin/xsd/surefire-test-report.xsd" name="org.apache.hadoop.ozone.client.rpc.TestOzoneClientRetriesOnException" time="618.782" tests="2" errors="2" skipped="0" failures="0">
  <properties>
    <property name="awt.toolkit" value="sun.awt.X11.XToolkit"/>
    <property name="file.encoding.pkg" value="sun.io"/>
    <property name="java.specification.version" value="1.8"/>
    <property name="sun.cpu.isalist" value=""/>
    <property name="sun.jnu.encoding" value="UTF-8"/>
    <property name="java.class.path" value="/workdir/hadoop-ozone/integration-test/target/test-classes:/workdir/hadoop-ozone/integration-test/target/classes:/home/user/.m2/repository/org/apache/hadoop/hadoop-ozone-common/0.5.0-SNAPSHOT/hadoop-ozone-common-0.5.0-SNAPSHOT.jar:/home/user/.m2/repository/org/apache/commons/commons-compress/1.4.1/commons-compress-1.4.1.jar:/home/user/.m2/repository/org/tukaani/xz/1.0/xz-1.0.jar:/home/user/.m2/repository/org/apache/hadoop/hadoop-common/3.2.0/hadoop-common-3.2.0.jar:/home/user/.m2/repository/org/apache/hadoop/hadoop-hdfs/3.2.0/hadoop-hdfs-3.2.0.jar:/home/user/.m2/repository/org/apache/hadoop/hadoop-hdfs-client/3.2.0/hadoop-hdfs-client-3.2.0.jar:/home/user/.m2/repository/com/fasterxml/jackson/core/jackson-annotations/2.9.9/jackson-annotations-2.9.9.jar:/home/user/.m2/repository/org/apache/hadoop/hadoop-hdds-common/0.5.0-SNAPSHOT/hadoop-hdds-common-0.5.0-SNAPSHOT.jar:/home/user/.m2/repository/javax/annotation/javax.annotation-api/1.2/javax.annotation-api-1.2.jar:/home/user/.m2/repository/org/apache/ratis/ratis-server/0.5.0-201fc85-SNAPSHOT/ratis-server-0.5.0-201fc85-SNAPSHOT.jar:/home/user/.m2/repository/org/apache/ratis/ratis-thirdparty-misc/0.2.0/ratis-thirdparty-misc-0.2.0.jar:/home/user/.m2/repository/org/apache/ratis/ratis-proto/0.5.0-201fc85-SNAPSHOT/ratis-proto-0.5.0-201fc85-SNAPSHOT.jar:/home/user/.m2/repository/org/apache/ratis/ratis-common/0.5.0-201fc85-SNAPSHOT/ratis-common-0.5.0-201fc85-SNAPSHOT.jar:/home/user/.m2/repository/org/apache/ratis/ratis-client/0.5.0-201fc85-SNAPSHOT/ratis-client-0.5.0-201fc85-SNAPSHOT.jar:/home/user/.m2/repository/org/apache/ratis/ratis-metrics/0.5.0-201fc85-SNAPSHOT/ratis-metrics-0.5.0-201fc85-SNAPSHOT.jar:/home/user/.m2/repository/com/github/joshelser/dropwizard-metrics-hadoop-metrics2-reporter/0.1.2/dropwizard-metrics-hadoop-metrics2-reporter-0.1.2.jar:/home/user/.m2/repository/io/dropwizard/metrics/metrics-jvm/3.2.5/metrics-jvm-3.2.5.jar:/home/user/.m2/repository/io/dropwizard/metrics/metrics-ganglia/3.2.5/metrics-ganglia-3.2.5.jar:/home/user/.m2/repository/info/ganglia/gmetric4j/gmetric4j/1.0.7/gmetric4j-1.0.7.jar:/home/user/.m2/repository/org/apache/ratis/ratis-netty/0.5.0-201fc85-SNAPSHOT/ratis-netty-0.5.0-201fc85-SNAPSHOT.jar:/home/user/.m2/repository/org/apache/ratis/ratis-grpc/0.5.0-201fc85-SNAPSHOT/ratis-grpc-0.5.0-201fc85-SNAPSHOT.jar:/home/user/.m2/repository/org/rocksdb/rocksdbjni/6.0.1/rocksdbjni-6.0.1.jar:/home/user/.m2/repository/org/apache/logging/log4j/log4j-api/2.11.0/log4j-api-2.11.0.jar:/home/user/.m2/repository/org/apache/logging/log4j/log4j-core/2.11.0/log4j-core-2.11.0.jar:/home/user/.m2/repository/com/lmax/disruptor/3.4.2/disruptor-3.4.2.jar:/home/user/.m2/repository/org/apache/commons/commons-pool2/2.6.0/commons-pool2-2.6.0.jar:/home/user/.m2/repository/org/bouncycastle/bcpkix-jdk15on/1.60/bcpkix-jdk15on-1.60.jar:/home/user/.m2/repository/commons-validator/commons-validator/1.6/commons-validator-1.6.jar:/home/user/.m2/repository/commons-digester/commons-digester/1.8.1/commons-digester-1.8.1.jar:/home/user/.m2/repository/io/jaegertracing/jaeger-client/0.34.0/jaeger-client-0.34.0.jar:/home/user/.m2/repository/io/jaegertracing/jaeger-thrift/0.34.0/jaeger-thrift-0.34.0.jar:/home/user/.m2/repository/org/apache/thrift/libthrift/0.12.0/libthrift-0.12.0.jar:/home/user/.m2/repository/com/squareup/okhttp3/okhttp/3.9.0/okhttp-3.9.0.jar:/home/user/.m2/repository/com/squareup/okio/okio/1.13.0/okio-1.13.0.jar:/home/user/.m2/repository/io/jaegertracing/jaeger-core/0.34.0/jaeger-core-0.34.0.jar:/home/user/.m2/repository/io/jaegertracing/jaeger-tracerresolver/0.34.0/jaeger-tracerresolver-0.34.0.jar:/home/user/.m2/repository/io/opentracing/contrib/opentracing-tracerresolver/0.1.5/opentracing-tracerresolver-0.1.5.jar:/home/user/.m2/repository/io/opentracing/opentracing-util/0.31.0/opentracing-util-0.31.0.jar:/home/user/.m2/repository/io/opentracing/opentracing-api/0.31.0/opentracing-api-0.31.0.jar:/home/user/.m2/repository/io/opentracing/opentracing-noop/0.31.0/opentracing-noop-0.31.0.jar:/home/user/.m2/repository/org/apache/hadoop/hadoop-hdds-server-framework/0.5.0-SNAPSHOT/hadoop-hdds-server-framework-0.5.0-SNAPSHOT.jar:/home/user/.m2/repository/org/apache/hadoop/hadoop-hdds-container-service/0.5.0-SNAPSHOT/hadoop-hdds-container-service-0.5.0-SNAPSHOT.jar:/home/user/.m2/repository/org/apache/hadoop/hadoop-hdds-client/0.5.0-SNAPSHOT/hadoop-hdds-client-0.5.0-SNAPSHOT.jar:/home/user/.m2/repository/org/apache/hadoop/hadoop-hdds-tools/0.5.0-SNAPSHOT/hadoop-hdds-tools-0.5.0-SNAPSHOT.jar:/home/user/.m2/repository/org/apache/hadoop/hadoop-hdds-server-scm/0.5.0-SNAPSHOT/hadoop-hdds-server-scm-0.5.0-SNAPSHOT.jar:/home/user/.m2/repository/org/apache/hadoop/hadoop-hdds-docs/0.5.0-SNAPSHOT/hadoop-hdds-docs-0.5.0-SNAPSHOT.jar:/home/user/.m2/repository/io/dropwizard/metrics/metrics-core/3.2.4/metrics-core-3.2.4.jar:/home/user/.m2/repository/org/hamcrest/hamcrest-all/1.3/hamcrest-all-1.3.jar:/home/user/.m2/repository/org/bouncycastle/bcprov-jdk15on/1.60/bcprov-jdk15on-1.60.jar:/home/user/.m2/repository/info/picocli/picocli/3.9.6/picocli-3.9.6.jar:/home/user/.m2/repository/com/google/protobuf/protobuf-java/2.5.0/protobuf-java-2.5.0.jar:/home/user/.m2/repository/com/google/guava/guava/11.0.2/guava-11.0.2.jar:/home/user/.m2/repository/org/apache/hadoop/hadoop-ozone-ozone-manager/0.5.0-SNAPSHOT/hadoop-ozone-ozone-manager-0.5.0-SNAPSHOT.jar:/home/user/.m2/repository/org/apache/hadoop/hadoop-minikdc/3.2.0/hadoop-minikdc-3.2.0.jar:/home/user/.m2/repository/commons-io/commons-io/2.5/commons-io-2.5.jar:/home/user/.m2/repository/org/apache/kerby/kerb-simplekdc/1.0.1/kerb-simplekdc-1.0.1.jar:/home/user/.m2/repository/org/apache/kerby/kerb-client/1.0.1/kerb-client-1.0.1.jar:/home/user/.m2/repository/org/apache/kerby/kerby-config/1.0.1/kerby-config-1.0.1.jar:/home/user/.m2/repository/org/apache/kerby/kerb-core/1.0.1/kerb-core-1.0.1.jar:/home/user/.m2/repository/org/apache/kerby/kerby-pkix/1.0.1/kerby-pkix-1.0.1.jar:/home/user/.m2/repository/org/apache/kerby/kerby-asn1/1.0.1/kerby-asn1-1.0.1.jar:/home/user/.m2/repository/org/apache/kerby/kerby-util/1.0.1/kerby-util-1.0.1.jar:/home/user/.m2/repository/org/apache/kerby/kerb-common/1.0.1/kerb-common-1.0.1.jar:/home/user/.m2/repository/org/apache/kerby/kerb-crypto/1.0.1/kerb-crypto-1.0.1.jar:/home/user/.m2/repository/org/apache/kerby/kerb-util/1.0.1/kerb-util-1.0.1.jar:/home/user/.m2/repository/org/apache/kerby/token-provider/1.0.1/token-provider-1.0.1.jar:/home/user/.m2/repository/org/apache/kerby/kerb-admin/1.0.1/kerb-admin-1.0.1.jar:/home/user/.m2/repository/org/apache/kerby/kerb-server/1.0.1/kerb-server-1.0.1.jar:/home/user/.m2/repository/org/apache/kerby/kerb-identity/1.0.1/kerb-identity-1.0.1.jar:/home/user/.m2/repository/org/apache/kerby/kerby-xdr/1.0.1/kerby-xdr-1.0.1.jar:/home/user/.m2/repository/org/slf4j/slf4j-log4j12/1.7.25/slf4j-log4j12-1.7.25.jar:/home/user/.m2/repository/org/apache/hadoop/hadoop-ozone-s3gateway/0.5.0-SNAPSHOT/hadoop-ozone-s3gateway-0.5.0-SNAPSHOT.jar:/home/user/.m2/repository/org/jboss/weld/servlet/weld-servlet/2.4.7.Final/weld-servlet-2.4.7.Final.jar:/home/user/.m2/repository/org/glassfish/jersey/containers/jersey-container-servlet-core/2.27/jersey-container-servlet-core-2.27.jar:/home/user/.m2/repository/org/glassfish/hk2/external/javax.inject/2.5.0-b42/javax.inject-2.5.0-b42.jar:/home/user/.m2/repository/org/glassfish/jersey/core/jersey-common/2.27/jersey-common-2.27.jar:/home/user/.m2/repository/org/glassfish/hk2/osgi-resource-locator/1.0.1/osgi-resource-locator-1.0.1.jar:/home/user/.m2/repository/javax/ws/rs/javax.ws.rs-api/2.1/javax.ws.rs-api-2.1.jar:/home/user/.m2/repository/org/glassfish/jersey/ext/cdi/jersey-cdi1x/2.27/jersey-cdi1x-2.27.jar:/home/user/.m2/repository/org/glassfish/jersey/inject/jersey-hk2/2.27/jersey-hk2-2.27.jar:/home/user/.m2/repository/org/glassfish/hk2/hk2-locator/2.5.0-b42/hk2-locator-2.5.0-b42.jar:/home/user/.m2/repository/org/javassist/javassist/3.22.0-CR2/javassist-3.22.0-CR2.jar:/home/user/.m2/repository/org/glassfish/hk2/hk2-api/2.5.0/hk2-api-2.5.0.jar:/home/user/.m2/repository/org/glassfish/hk2/external/jakarta.inject/2.5.0/jakarta.inject-2.5.0.jar:/home/user/.m2/repository/org/glassfish/hk2/hk2-utils/2.5.0/hk2-utils-2.5.0.jar:/home/user/.m2/repository/jakarta/annotation/jakarta.annotation-api/1.3.4/jakarta.annotation-api-1.3.4.jar:/home/user/.m2/repository/org/glassfish/hk2/external/aopalliance-repackaged/2.5.0/aopalliance-repackaged-2.5.0.jar:/home/user/.m2/repository/com/fasterxml/jackson/dataformat/jackson-dataformat-xml/2.9.0/jackson-dataformat-xml-2.9.0.jar:/home/user/.m2/repository/com/fasterxml/jackson/core/jackson-core/2.9.9/jackson-core-2.9.9.jar:/home/user/.m2/repository/com/fasterxml/jackson/module/jackson-module-jaxb-annotations/2.9.9/jackson-module-jaxb-annotations-2.9.9.jar:/home/user/.m2/repository/javax/enterprise/cdi-api/1.2/cdi-api-1.2.jar:/home/user/.m2/repository/javax/el/javax.el-api/3.0.0/javax.el-api-3.0.0.jar:/home/user/.m2/repository/javax/interceptor/javax.interceptor-api/1.2/javax.interceptor-api-1.2.jar:/home/user/.m2/repository/javax/inject/javax.inject/1/javax.inject-1.jar:/home/user/.m2/repository/com/sun/xml/bind/jaxb-impl/2.3.0.1/jaxb-impl-2.3.0.1.jar:/home/user/.m2/repository/com/sun/xml/bind/jaxb-core/2.3.0.1/jaxb-core-2.3.0.1.jar:/home/user/.m2/repository/javax/xml/bind/jaxb-api/2.3.0/jaxb-api-2.3.0.jar:/home/user/.m2/repository/javax/activation/activation/1.1.1/activation-1.1.1.jar:/home/user/.m2/repository/org/apache/hadoop/hadoop-ozone-csi/0.5.0-SNAPSHOT/hadoop-ozone-csi-0.5.0-SNAPSHOT.jar:/home/user/.m2/repository/com/google/protobuf/protobuf-java-util/3.5.1/protobuf-java-util-3.5.1.jar:/home/user/.m2/repository/org/apache/hadoop/hadoop-hdds-config/0.5.0-SNAPSHOT/hadoop-hdds-config-0.5.0-SNAPSHOT.jar:/home/user/.m2/repository/io/grpc/grpc-netty/1.17.1/grpc-netty-1.17.1.jar:/home/user/.m2/repository/io/grpc/grpc-core/1.17.1/grpc-core-1.17.1.jar:/home/user/.m2/repository/io/grpc/grpc-context/1.17.1/grpc-context-1.17.1.jar:/home/user/.m2/repository/com/google/errorprone/error_prone_annotations/2.2.0/error_prone_annotations-2.2.0.jar:/home/user/.m2/repository/org/codehaus/mojo/animal-sniffer-annotations/1.17/animal-sniffer-annotations-1.17.jar:/home/user/.m2/repository/io/opencensus/opencensus-api/0.17.0/opencensus-api-0.17.0.jar:/home/user/.m2/repository/io/opencensus/opencensus-contrib-grpc-metrics/0.17.0/opencensus-contrib-grpc-metrics-0.17.0.jar:/home/user/.m2/repository/io/netty/netty-codec-http2/4.1.30.Final/netty-codec-http2-4.1.30.Final.jar:/home/user/.m2/repository/io/netty/netty-codec-http/4.1.30.Final/netty-codec-http-4.1.30.Final.jar:/home/user/.m2/repository/io/netty/netty-codec/4.1.30.Final/netty-codec-4.1.30.Final.jar:/home/user/.m2/repository/io/netty/netty-handler/4.1.30.Final/netty-handler-4.1.30.Final.jar:/home/user/.m2/repository/io/netty/netty-handler-proxy/4.1.30.Final/netty-handler-proxy-4.1.30.Final.jar:/home/user/.m2/repository/io/netty/netty-codec-socks/4.1.30.Final/netty-codec-socks-4.1.30.Final.jar:/home/user/.m2/repository/io/netty/netty-transport-native-epoll/4.1.30.Final/netty-transport-native-epoll-4.1.30.Final.jar:/home/user/.m2/repository/io/netty/netty-common/4.1.30.Final/netty-common-4.1.30.Final.jar:/home/user/.m2/repository/io/netty/netty-buffer/4.1.30.Final/netty-buffer-4.1.30.Final.jar:/home/user/.m2/repository/io/netty/netty-transport/4.1.30.Final/netty-transport-4.1.30.Final.jar:/home/user/.m2/repository/io/netty/netty-resolver/4.1.30.Final/netty-resolver-4.1.30.Final.jar:/home/user/.m2/repository/io/netty/netty-transport-native-unix-common/4.1.30.Final/netty-transport-native-unix-common-4.1.30.Final.jar:/home/user/.m2/repository/io/grpc/grpc-protobuf/1.17.1/grpc-protobuf-1.17.1.jar:/home/user/.m2/repository/com/google/api/grpc/proto-google-common-protos/1.0.0/proto-google-common-protos-1.0.0.jar:/home/user/.m2/repository/io/grpc/grpc-protobuf-lite/1.17.1/grpc-protobuf-lite-1.17.1.jar:/home/user/.m2/repository/io/grpc/grpc-stub/1.17.1/grpc-stub-1.17.1.jar:/home/user/.m2/repository/org/apache/hadoop/hadoop-ozone-recon/0.5.0-SNAPSHOT/hadoop-ozone-recon-0.5.0-SNAPSHOT.jar:/home/user/.m2/repository/org/apache/hadoop/hadoop-ozone-reconcodegen/0.5.0-SNAPSHOT/hadoop-ozone-reconcodegen-0.5.0-SNAPSHOT.jar:/home/user/.m2/repository/com/google/inject/extensions/guice-multibindings/4.0/guice-multibindings-4.0.jar:/home/user/.m2/repository/com/google/inject/guice/4.0/guice-4.0.jar:/home/user/.m2/repository/aopalliance/aopalliance/1.0/aopalliance-1.0.jar:/home/user/.m2/repository/com/google/inject/extensions/guice-servlet/4.0/guice-servlet-4.0.jar:/home/user/.m2/repository/org/glassfish/jersey/containers/jersey-container-servlet/2.27/jersey-container-servlet-2.27.jar:/home/user/.m2/repository/org/glassfish/hk2/guice-bridge/2.5.0/guice-bridge-2.5.0.jar:/home/user/.m2/repository/org/glassfish/jersey/core/jersey-server/2.27/jersey-server-2.27.jar:/home/user/.m2/repository/org/glassfish/jersey/core/jersey-client/2.27/jersey-client-2.27.jar:/home/user/.m2/repository/org/glassfish/jersey/media/jersey-media-jaxb/2.27/jersey-media-jaxb-2.27.jar:/home/user/.m2/repository/javax/validation/validation-api/1.1.0.Final/validation-api-1.1.0.Final.jar:/home/user/.m2/repository/org/glassfish/jersey/media/jersey-media-json-jackson/2.27/jersey-media-json-jackson-2.27.jar:/home/user/.m2/repository/org/glassfish/jersey/ext/jersey-entity-filtering/2.27/jersey-entity-filtering-2.27.jar:/home/user/.m2/repository/com/google/inject/extensions/guice-assistedinject/4.0/guice-assistedinject-4.0.jar:/home/user/.m2/repository/org/jooq/jooq/3.11.10/jooq-3.11.10.jar:/home/user/.m2/repository/org/jooq/jooq-meta/3.11.10/jooq-meta-3.11.10.jar:/home/user/.m2/repository/org/jooq/jooq-codegen/3.11.10/jooq-codegen-3.11.10.jar:/home/user/.m2/repository/com/jolbox/bonecp/0.8.0.RELEASE/bonecp-0.8.0.RELEASE.jar:/home/user/.m2/repository/org/xerial/sqlite-jdbc/3.25.2/sqlite-jdbc-3.25.2.jar:/home/user/.m2/repository/org/springframework/spring-jdbc/5.1.3.RELEASE/spring-jdbc-5.1.3.RELEASE.jar:/home/user/.m2/repository/org/springframework/spring-beans/5.1.3.RELEASE/spring-beans-5.1.3.RELEASE.jar:/home/user/.m2/repository/org/springframework/spring-core/5.1.3.RELEASE/spring-core-5.1.3.RELEASE.jar:/home/user/.m2/repository/org/springframework/spring-jcl/5.1.3.RELEASE/spring-jcl-5.1.3.RELEASE.jar:/home/user/.m2/repository/org/springframework/spring-tx/5.1.3.RELEASE/spring-tx-5.1.3.RELEASE.jar:/home/user/.m2/repository/org/apache/hadoop/hadoop-ozone-client/0.5.0-SNAPSHOT/hadoop-ozone-client-0.5.0-SNAPSHOT.jar:/home/user/.m2/repository/commons-lang/commons-lang/2.6/commons-lang-2.6.jar:/home/user/.m2/repository/org/apache/hadoop/hadoop-ozone-ozone-manager/0.5.0-SNAPSHOT/hadoop-ozone-ozone-manager-0.5.0-SNAPSHOT-tests.jar:/home/user/.m2/repository/junit/junit/4.11/junit-4.11.jar:/home/user/.m2/repository/org/hamcrest/hamcrest-core/1.3/hamcrest-core-1.3.jar:/home/user/.m2/repository/org/openjdk/jmh/jmh-core/1.19/jmh-core-1.19.jar:/home/user/.m2/repository/net/sf/jopt-simple/jopt-simple/4.6/jopt-simple-4.6.jar:/home/user/.m2/repository/org/apache/commons/commons-math3/3.1.1/commons-math3-3.1.1.jar:/home/user/.m2/repository/org/openjdk/jmh/jmh-generator-annprocess/1.19/jmh-generator-annprocess-1.19.jar:/home/user/.m2/repository/org/mockito/mockito-all/1.8.5/mockito-all-1.8.5.jar:/home/user/.m2/repository/org/apache/hadoop/hadoop-kms/3.2.0/hadoop-kms-3.2.0.jar:/home/user/.m2/repository/org/apache/hadoop/hadoop-auth/3.2.0/hadoop-auth-3.2.0.jar:/home/user/.m2/repository/com/nimbusds/nimbus-jose-jwt/4.41.1/nimbus-jose-jwt-4.41.1.jar:/home/user/.m2/repository/com/github/stephenc/jcip/jcip-annotations/1.0-1/jcip-annotations-1.0-1.jar:/home/user/.m2/repository/net/minidev/json-smart/2.3/json-smart-2.3.jar:/home/user/.m2/repository/net/minidev/accessors-smart/1.2/accessors-smart-1.2.jar:/home/user/.m2/repository/org/ow2/asm/asm/5.0.4/asm-5.0.4.jar:/home/user/.m2/repository/org/apache/curator/curator-framework/2.12.0/curator-framework-2.12.0.jar:/home/user/.m2/repository/com/sun/jersey/jersey-core/1.19/jersey-core-1.19.jar:/home/user/.m2/repository/javax/ws/rs/jsr311-api/1.1.1/jsr311-api-1.1.1.jar:/home/user/.m2/repository/com/sun/jersey/jersey-server/1.19/jersey-server-1.19.jar:/home/user/.m2/repository/javax/servlet/javax.servlet-api/3.1.0/javax.servlet-api-3.1.0.jar:/home/user/.m2/repository/org/eclipse/jetty/jetty-server/9.3.25.v20180904/jetty-server-9.3.25.v20180904.jar:/home/user/.m2/repository/org/eclipse/jetty/jetty-http/9.3.25.v20180904/jetty-http-9.3.25.v20180904.jar:/home/user/.m2/repository/org/eclipse/jetty/jetty-io/9.3.25.v20180904/jetty-io-9.3.25.v20180904.jar:/home/user/.m2/repository/org/eclipse/jetty/jetty-webapp/9.3.25.v20180904/jetty-webapp-9.3.25.v20180904.jar:/home/user/.m2/repository/org/eclipse/jetty/jetty-xml/9.3.25.v20180904/jetty-xml-9.3.25.v20180904.jar:/home/user/.m2/repository/log4j/log4j/1.2.17/log4j-1.2.17.jar:/home/user/.m2/repository/org/slf4j/slf4j-api/1.7.25/slf4j-api-1.7.25.jar:/home/user/.m2/repository/org/slf4j/jul-to-slf4j/1.7.25/jul-to-slf4j-1.7.25.jar:/home/user/.m2/repository/org/eclipse/jetty/jetty-util/9.3.25.v20180904/jetty-util-9.3.25.v20180904.jar:/home/user/.m2/repository/com/fasterxml/jackson/core/jackson-databind/2.9.9/jackson-databind-2.9.9.jar:/home/user/.m2/repository/org/apache/hadoop/hadoop-kms/3.2.0/hadoop-kms-3.2.0-tests.jar:/home/user/.m2/repository/org/apache/hadoop/hadoop-hdds-server-scm/0.5.0-SNAPSHOT/hadoop-hdds-server-scm-0.5.0-SNAPSHOT-tests.jar:/home/user/.m2/repository/org/apache/hadoop/hadoop-hdds-container-service/0.5.0-SNAPSHOT/hadoop-hdds-container-service-0.5.0-SNAPSHOT-tests.jar:/home/user/.m2/repository/org/yaml/snakeyaml/1.16/snakeyaml-1.16.jar:/home/user/.m2/repository/org/apache/hadoop/hadoop-common/3.2.0/hadoop-common-3.2.0-tests.jar:/home/user/.m2/repository/org/apache/hadoop/hadoop-annotations/3.2.0/hadoop-annotations-3.2.0.jar:/usr/lib/jvm/java-1.8-openjdk/jre/../lib/tools.jar:/home/user/.m2/repository/commons-cli/commons-cli/1.2/commons-cli-1.2.jar:/home/user/.m2/repository/org/apache/httpcomponents/httpclient/4.5.2/httpclient-4.5.2.jar:/home/user/.m2/repository/org/apache/httpcomponents/httpcore/4.4.4/httpcore-4.4.4.jar:/home/user/.m2/repository/commons-codec/commons-codec/1.11/commons-codec-1.11.jar:/home/user/.m2/repository/commons-net/commons-net/3.6/commons-net-3.6.jar:/home/user/.m2/repository/commons-collections/commons-collections/3.2.2/commons-collections-3.2.2.jar:/home/user/.m2/repository/org/eclipse/jetty/jetty-servlet/9.3.25.v20180904/jetty-servlet-9.3.25.v20180904.jar:/home/user/.m2/repository/org/eclipse/jetty/jetty-security/9.3.25.v20180904/jetty-security-9.3.25.v20180904.jar:/home/user/.m2/repository/javax/servlet/jsp/jsp-api/2.1/jsp-api-2.1.jar:/home/user/.m2/repository/com/sun/jersey/jersey-servlet/1.19/jersey-servlet-1.19.jar:/home/user/.m2/repository/com/sun/jersey/jersey-json/1.19/jersey-json-1.19.jar:/home/user/.m2/repository/org/codehaus/jettison/jettison/1.1/jettison-1.1.jar:/home/user/.m2/repository/org/codehaus/jackson/jackson-core-asl/1.9.13/jackson-core-asl-1.9.13.jar:/home/user/.m2/repository/org/codehaus/jackson/jackson-mapper-asl/1.9.13/jackson-mapper-asl-1.9.13.jar:/home/user/.m2/repository/org/codehaus/jackson/jackson-jaxrs/1.9.13/jackson-jaxrs-1.9.13.jar:/home/user/.m2/repository/org/codehaus/jackson/jackson-xc/1.9.13/jackson-xc-1.9.13.jar:/home/user/.m2/repository/commons-logging/commons-logging/1.1.3/commons-logging-1.1.3.jar:/home/user/.m2/repository/commons-beanutils/commons-beanutils/1.9.4/commons-beanutils-1.9.4.jar:/home/user/.m2/repository/org/apache/commons/commons-configuration2/2.1.1/commons-configuration2-2.1.1.jar:/home/user/.m2/repository/org/apache/commons/commons-lang3/3.7/commons-lang3-3.7.jar:/home/user/.m2/repository/org/apache/commons/commons-text/1.4/commons-text-1.4.jar:/home/user/.m2/repository/org/apache/avro/avro/1.7.7/avro-1.7.7.jar:/home/user/.m2/repository/com/thoughtworks/paranamer/paranamer/2.3/paranamer-2.3.jar:/home/user/.m2/repository/org/xerial/snappy/snappy-java/1.0.5/snappy-java-1.0.5.jar:/home/user/.m2/repository/com/google/re2j/re2j/1.1/re2j-1.1.jar:/home/user/.m2/repository/com/google/code/gson/gson/2.2.4/gson-2.2.4.jar:/home/user/.m2/repository/com/jcraft/jsch/0.1.54/jsch-0.1.54.jar:/home/user/.m2/repository/org/apache/curator/curator-client/2.12.0/curator-client-2.12.0.jar:/home/user/.m2/repository/org/apache/curator/curator-recipes/2.12.0/curator-recipes-2.12.0.jar:/home/user/.m2/repository/com/google/code/findbugs/jsr305/3.0.0/jsr305-3.0.0.jar:/home/user/.m2/repository/org/apache/htrace/htrace-core4/4.1.0-incubating/htrace-core4-4.1.0-incubating.jar:/home/user/.m2/repository/org/apache/zookeeper/zookeeper/3.4.13/zookeeper-3.4.13.jar:/home/user/.m2/repository/jline/jline/0.9.94/jline-0.9.94.jar:/home/user/.m2/repository/org/apache/yetus/audience-annotations/0.5.0/audience-annotations-0.5.0.jar:/home/user/.m2/repository/org/codehaus/woodstox/stax2-api/3.1.4/stax2-api-3.1.4.jar:/home/user/.m2/repository/com/fasterxml/woodstox/woodstox-core/5.0.3/woodstox-core-5.0.3.jar:/home/user/.m2/repository/dnsjava/dnsjava/2.1.7/dnsjava-2.1.7.jar:/home/user/.m2/repository/org/apache/hadoop/hadoop-hdfs/3.2.0/hadoop-hdfs-3.2.0-tests.jar:/home/user/.m2/repository/org/eclipse/jetty/jetty-util-ajax/9.3.25.v20180904/jetty-util-ajax-9.3.25.v20180904.jar:/home/user/.m2/repository/commons-daemon/commons-daemon/1.0.13/commons-daemon-1.0.13.jar:/home/user/.m2/repository/io/netty/netty/3.10.5.Final/netty-3.10.5.Final.jar:/home/user/.m2/repository/io/netty/netty-all/4.0.52.Final/netty-all-4.0.52.Final.jar:/home/user/.m2/repository/org/fusesource/leveldbjni/leveldbjni-all/1.8/leveldbjni-all-1.8.jar:"/>
    <property name="java.vm.vendor" value="IcedTea"/>
    <property name="sun.arch.data.model" value="64"/>
    <property name="test.build.dir" value="/workdir/hadoop-ozone/integration-test/target/test-dir"/>
    <property name="test.cache.data" value=""/>
    <property name="java.vendor.url" value="https://icedtea.classpath.org"/>
    <property name="user.timezone" value=""/>
    <property name="java.vm.specification.version" value="1.8"/>
    <property name="os.name" value="Linux"/>
    <property name="test.build.data" value="/workdir/hadoop-ozone/integration-test/target/test-dir"/>
    <property name="user.country" value="US"/>
    <property name="sun.java.launcher" value="SUN_STANDARD"/>
    <property name="sun.boot.library.path" value="/usr/lib/jvm/java-1.8-openjdk/jre/lib/amd64"/>
    <property name="sun.java.command" value="/workdir/hadoop-ozone/integration-test/target/surefire/surefirebooter5255488704433270023.jar /workdir/hadoop-ozone/integration-test/target/surefire 2019-10-02T14-36-50_420-jvmRun1 surefire5297757289610585730tmp surefire_683291531803768974640tmp"/>
    <property name="test" value="!TestMiniChaosOzoneCluster"/>
    <property name="surefire.test.class.path" value="/workdir/hadoop-ozone/integration-test/target/test-classes:/workdir/hadoop-ozone/integration-test/target/classes:/home/user/.m2/repository/org/apache/hadoop/hadoop-ozone-common/0.5.0-SNAPSHOT/hadoop-ozone-common-0.5.0-SNAPSHOT.jar:/home/user/.m2/repository/org/apache/commons/commons-compress/1.4.1/commons-compress-1.4.1.jar:/home/user/.m2/repository/org/tukaani/xz/1.0/xz-1.0.jar:/home/user/.m2/repository/org/apache/hadoop/hadoop-common/3.2.0/hadoop-common-3.2.0.jar:/home/user/.m2/repository/org/apache/hadoop/hadoop-hdfs/3.2.0/hadoop-hdfs-3.2.0.jar:/home/user/.m2/repository/org/apache/hadoop/hadoop-hdfs-client/3.2.0/hadoop-hdfs-client-3.2.0.jar:/home/user/.m2/repository/com/fasterxml/jackson/core/jackson-annotations/2.9.9/jackson-annotations-2.9.9.jar:/home/user/.m2/repository/org/apache/hadoop/hadoop-hdds-common/0.5.0-SNAPSHOT/hadoop-hdds-common-0.5.0-SNAPSHOT.jar:/home/user/.m2/repository/javax/annotation/javax.annotation-api/1.2/javax.annotation-api-1.2.jar:/home/user/.m2/repository/org/apache/ratis/ratis-server/0.5.0-201fc85-SNAPSHOT/ratis-server-0.5.0-201fc85-SNAPSHOT.jar:/home/user/.m2/repository/org/apache/ratis/ratis-thirdparty-misc/0.2.0/ratis-thirdparty-misc-0.2.0.jar:/home/user/.m2/repository/org/apache/ratis/ratis-proto/0.5.0-201fc85-SNAPSHOT/ratis-proto-0.5.0-201fc85-SNAPSHOT.jar:/home/user/.m2/repository/org/apache/ratis/ratis-common/0.5.0-201fc85-SNAPSHOT/ratis-common-0.5.0-201fc85-SNAPSHOT.jar:/home/user/.m2/repository/org/apache/ratis/ratis-client/0.5.0-201fc85-SNAPSHOT/ratis-client-0.5.0-201fc85-SNAPSHOT.jar:/home/user/.m2/repository/org/apache/ratis/ratis-metrics/0.5.0-201fc85-SNAPSHOT/ratis-metrics-0.5.0-201fc85-SNAPSHOT.jar:/home/user/.m2/repository/com/github/joshelser/dropwizard-metrics-hadoop-metrics2-reporter/0.1.2/dropwizard-metrics-hadoop-metrics2-reporter-0.1.2.jar:/home/user/.m2/repository/io/dropwizard/metrics/metrics-jvm/3.2.5/metrics-jvm-3.2.5.jar:/home/user/.m2/repository/io/dropwizard/metrics/metrics-ganglia/3.2.5/metrics-ganglia-3.2.5.jar:/home/user/.m2/repository/info/ganglia/gmetric4j/gmetric4j/1.0.7/gmetric4j-1.0.7.jar:/home/user/.m2/repository/org/apache/ratis/ratis-netty/0.5.0-201fc85-SNAPSHOT/ratis-netty-0.5.0-201fc85-SNAPSHOT.jar:/home/user/.m2/repository/org/apache/ratis/ratis-grpc/0.5.0-201fc85-SNAPSHOT/ratis-grpc-0.5.0-201fc85-SNAPSHOT.jar:/home/user/.m2/repository/org/rocksdb/rocksdbjni/6.0.1/rocksdbjni-6.0.1.jar:/home/user/.m2/repository/org/apache/logging/log4j/log4j-api/2.11.0/log4j-api-2.11.0.jar:/home/user/.m2/repository/org/apache/logging/log4j/log4j-core/2.11.0/log4j-core-2.11.0.jar:/home/user/.m2/repository/com/lmax/disruptor/3.4.2/disruptor-3.4.2.jar:/home/user/.m2/repository/org/apache/commons/commons-pool2/2.6.0/commons-pool2-2.6.0.jar:/home/user/.m2/repository/org/bouncycastle/bcpkix-jdk15on/1.60/bcpkix-jdk15on-1.60.jar:/home/user/.m2/repository/commons-validator/commons-validator/1.6/commons-validator-1.6.jar:/home/user/.m2/repository/commons-digester/commons-digester/1.8.1/commons-digester-1.8.1.jar:/home/user/.m2/repository/io/jaegertracing/jaeger-client/0.34.0/jaeger-client-0.34.0.jar:/home/user/.m2/repository/io/jaegertracing/jaeger-thrift/0.34.0/jaeger-thrift-0.34.0.jar:/home/user/.m2/repository/org/apache/thrift/libthrift/0.12.0/libthrift-0.12.0.jar:/home/user/.m2/repository/com/squareup/okhttp3/okhttp/3.9.0/okhttp-3.9.0.jar:/home/user/.m2/repository/com/squareup/okio/okio/1.13.0/okio-1.13.0.jar:/home/user/.m2/repository/io/jaegertracing/jaeger-core/0.34.0/jaeger-core-0.34.0.jar:/home/user/.m2/repository/io/jaegertracing/jaeger-tracerresolver/0.34.0/jaeger-tracerresolver-0.34.0.jar:/home/user/.m2/repository/io/opentracing/contrib/opentracing-tracerresolver/0.1.5/opentracing-tracerresolver-0.1.5.jar:/home/user/.m2/repository/io/opentracing/opentracing-util/0.31.0/opentracing-util-0.31.0.jar:/home/user/.m2/repository/io/opentracing/opentracing-api/0.31.0/opentracing-api-0.31.0.jar:/home/user/.m2/repository/io/opentracing/opentracing-noop/0.31.0/opentracing-noop-0.31.0.jar:/home/user/.m2/repository/org/apache/hadoop/hadoop-hdds-server-framework/0.5.0-SNAPSHOT/hadoop-hdds-server-framework-0.5.0-SNAPSHOT.jar:/home/user/.m2/repository/org/apache/hadoop/hadoop-hdds-container-service/0.5.0-SNAPSHOT/hadoop-hdds-container-service-0.5.0-SNAPSHOT.jar:/home/user/.m2/repository/org/apache/hadoop/hadoop-hdds-client/0.5.0-SNAPSHOT/hadoop-hdds-client-0.5.0-SNAPSHOT.jar:/home/user/.m2/repository/org/apache/hadoop/hadoop-hdds-tools/0.5.0-SNAPSHOT/hadoop-hdds-tools-0.5.0-SNAPSHOT.jar:/home/user/.m2/repository/org/apache/hadoop/hadoop-hdds-server-scm/0.5.0-SNAPSHOT/hadoop-hdds-server-scm-0.5.0-SNAPSHOT.jar:/home/user/.m2/repository/org/apache/hadoop/hadoop-hdds-docs/0.5.0-SNAPSHOT/hadoop-hdds-docs-0.5.0-SNAPSHOT.jar:/home/user/.m2/repository/io/dropwizard/metrics/metrics-core/3.2.4/metrics-core-3.2.4.jar:/home/user/.m2/repository/org/hamcrest/hamcrest-all/1.3/hamcrest-all-1.3.jar:/home/user/.m2/repository/org/bouncycastle/bcprov-jdk15on/1.60/bcprov-jdk15on-1.60.jar:/home/user/.m2/repository/info/picocli/picocli/3.9.6/picocli-3.9.6.jar:/home/user/.m2/repository/com/google/protobuf/protobuf-java/2.5.0/protobuf-java-2.5.0.jar:/home/user/.m2/repository/com/google/guava/guava/11.0.2/guava-11.0.2.jar:/home/user/.m2/repository/org/apache/hadoop/hadoop-ozone-ozone-manager/0.5.0-SNAPSHOT/hadoop-ozone-ozone-manager-0.5.0-SNAPSHOT.jar:/home/user/.m2/repository/org/apache/hadoop/hadoop-minikdc/3.2.0/hadoop-minikdc-3.2.0.jar:/home/user/.m2/repository/commons-io/commons-io/2.5/commons-io-2.5.jar:/home/user/.m2/repository/org/apache/kerby/kerb-simplekdc/1.0.1/kerb-simplekdc-1.0.1.jar:/home/user/.m2/repository/org/apache/kerby/kerb-client/1.0.1/kerb-client-1.0.1.jar:/home/user/.m2/repository/org/apache/kerby/kerby-config/1.0.1/kerby-config-1.0.1.jar:/home/user/.m2/repository/org/apache/kerby/kerb-core/1.0.1/kerb-core-1.0.1.jar:/home/user/.m2/repository/org/apache/kerby/kerby-pkix/1.0.1/kerby-pkix-1.0.1.jar:/home/user/.m2/repository/org/apache/kerby/kerby-asn1/1.0.1/kerby-asn1-1.0.1.jar:/home/user/.m2/repository/org/apache/kerby/kerby-util/1.0.1/kerby-util-1.0.1.jar:/home/user/.m2/repository/org/apache/kerby/kerb-common/1.0.1/kerb-common-1.0.1.jar:/home/user/.m2/repository/org/apache/kerby/kerb-crypto/1.0.1/kerb-crypto-1.0.1.jar:/home/user/.m2/repository/org/apache/kerby/kerb-util/1.0.1/kerb-util-1.0.1.jar:/home/user/.m2/repository/org/apache/kerby/token-provider/1.0.1/token-provider-1.0.1.jar:/home/user/.m2/repository/org/apache/kerby/kerb-admin/1.0.1/kerb-admin-1.0.1.jar:/home/user/.m2/repository/org/apache/kerby/kerb-server/1.0.1/kerb-server-1.0.1.jar:/home/user/.m2/repository/org/apache/kerby/kerb-identity/1.0.1/kerb-identity-1.0.1.jar:/home/user/.m2/repository/org/apache/kerby/kerby-xdr/1.0.1/kerby-xdr-1.0.1.jar:/home/user/.m2/repository/org/slf4j/slf4j-log4j12/1.7.25/slf4j-log4j12-1.7.25.jar:/home/user/.m2/repository/org/apache/hadoop/hadoop-ozone-s3gateway/0.5.0-SNAPSHOT/hadoop-ozone-s3gateway-0.5.0-SNAPSHOT.jar:/home/user/.m2/repository/org/jboss/weld/servlet/weld-servlet/2.4.7.Final/weld-servlet-2.4.7.Final.jar:/home/user/.m2/repository/org/glassfish/jersey/containers/jersey-container-servlet-core/2.27/jersey-container-servlet-core-2.27.jar:/home/user/.m2/repository/org/glassfish/hk2/external/javax.inject/2.5.0-b42/javax.inject-2.5.0-b42.jar:/home/user/.m2/repository/org/glassfish/jersey/core/jersey-common/2.27/jersey-common-2.27.jar:/home/user/.m2/repository/org/glassfish/hk2/osgi-resource-locator/1.0.1/osgi-resource-locator-1.0.1.jar:/home/user/.m2/repository/javax/ws/rs/javax.ws.rs-api/2.1/javax.ws.rs-api-2.1.jar:/home/user/.m2/repository/org/glassfish/jersey/ext/cdi/jersey-cdi1x/2.27/jersey-cdi1x-2.27.jar:/home/user/.m2/repository/org/glassfish/jersey/inject/jersey-hk2/2.27/jersey-hk2-2.27.jar:/home/user/.m2/repository/org/glassfish/hk2/hk2-locator/2.5.0-b42/hk2-locator-2.5.0-b42.jar:/home/user/.m2/repository/org/javassist/javassist/3.22.0-CR2/javassist-3.22.0-CR2.jar:/home/user/.m2/repository/org/glassfish/hk2/hk2-api/2.5.0/hk2-api-2.5.0.jar:/home/user/.m2/repository/org/glassfish/hk2/external/jakarta.inject/2.5.0/jakarta.inject-2.5.0.jar:/home/user/.m2/repository/org/glassfish/hk2/hk2-utils/2.5.0/hk2-utils-2.5.0.jar:/home/user/.m2/repository/jakarta/annotation/jakarta.annotation-api/1.3.4/jakarta.annotation-api-1.3.4.jar:/home/user/.m2/repository/org/glassfish/hk2/external/aopalliance-repackaged/2.5.0/aopalliance-repackaged-2.5.0.jar:/home/user/.m2/repository/com/fasterxml/jackson/dataformat/jackson-dataformat-xml/2.9.0/jackson-dataformat-xml-2.9.0.jar:/home/user/.m2/repository/com/fasterxml/jackson/core/jackson-core/2.9.9/jackson-core-2.9.9.jar:/home/user/.m2/repository/com/fasterxml/jackson/module/jackson-module-jaxb-annotations/2.9.9/jackson-module-jaxb-annotations-2.9.9.jar:/home/user/.m2/repository/javax/enterprise/cdi-api/1.2/cdi-api-1.2.jar:/home/user/.m2/repository/javax/el/javax.el-api/3.0.0/javax.el-api-3.0.0.jar:/home/user/.m2/repository/javax/interceptor/javax.interceptor-api/1.2/javax.interceptor-api-1.2.jar:/home/user/.m2/repository/javax/inject/javax.inject/1/javax.inject-1.jar:/home/user/.m2/repository/com/sun/xml/bind/jaxb-impl/2.3.0.1/jaxb-impl-2.3.0.1.jar:/home/user/.m2/repository/com/sun/xml/bind/jaxb-core/2.3.0.1/jaxb-core-2.3.0.1.jar:/home/user/.m2/repository/javax/xml/bind/jaxb-api/2.3.0/jaxb-api-2.3.0.jar:/home/user/.m2/repository/javax/activation/activation/1.1.1/activation-1.1.1.jar:/home/user/.m2/repository/org/apache/hadoop/hadoop-ozone-csi/0.5.0-SNAPSHOT/hadoop-ozone-csi-0.5.0-SNAPSHOT.jar:/home/user/.m2/repository/com/google/protobuf/protobuf-java-util/3.5.1/protobuf-java-util-3.5.1.jar:/home/user/.m2/repository/org/apache/hadoop/hadoop-hdds-config/0.5.0-SNAPSHOT/hadoop-hdds-config-0.5.0-SNAPSHOT.jar:/home/user/.m2/repository/io/grpc/grpc-netty/1.17.1/grpc-netty-1.17.1.jar:/home/user/.m2/repository/io/grpc/grpc-core/1.17.1/grpc-core-1.17.1.jar:/home/user/.m2/repository/io/grpc/grpc-context/1.17.1/grpc-context-1.17.1.jar:/home/user/.m2/repository/com/google/errorprone/error_prone_annotations/2.2.0/error_prone_annotations-2.2.0.jar:/home/user/.m2/repository/org/codehaus/mojo/animal-sniffer-annotations/1.17/animal-sniffer-annotations-1.17.jar:/home/user/.m2/repository/io/opencensus/opencensus-api/0.17.0/opencensus-api-0.17.0.jar:/home/user/.m2/repository/io/opencensus/opencensus-contrib-grpc-metrics/0.17.0/opencensus-contrib-grpc-metrics-0.17.0.jar:/home/user/.m2/repository/io/netty/netty-codec-http2/4.1.30.Final/netty-codec-http2-4.1.30.Final.jar:/home/user/.m2/repository/io/netty/netty-codec-http/4.1.30.Final/netty-codec-http-4.1.30.Final.jar:/home/user/.m2/repository/io/netty/netty-codec/4.1.30.Final/netty-codec-4.1.30.Final.jar:/home/user/.m2/repository/io/netty/netty-handler/4.1.30.Final/netty-handler-4.1.30.Final.jar:/home/user/.m2/repository/io/netty/netty-handler-proxy/4.1.30.Final/netty-handler-proxy-4.1.30.Final.jar:/home/user/.m2/repository/io/netty/netty-codec-socks/4.1.30.Final/netty-codec-socks-4.1.30.Final.jar:/home/user/.m2/repository/io/netty/netty-transport-native-epoll/4.1.30.Final/netty-transport-native-epoll-4.1.30.Final.jar:/home/user/.m2/repository/io/netty/netty-common/4.1.30.Final/netty-common-4.1.30.Final.jar:/home/user/.m2/repository/io/netty/netty-buffer/4.1.30.Final/netty-buffer-4.1.30.Final.jar:/home/user/.m2/repository/io/netty/netty-transport/4.1.30.Final/netty-transport-4.1.30.Final.jar:/home/user/.m2/repository/io/netty/netty-resolver/4.1.30.Final/netty-resolver-4.1.30.Final.jar:/home/user/.m2/repository/io/netty/netty-transport-native-unix-common/4.1.30.Final/netty-transport-native-unix-common-4.1.30.Final.jar:/home/user/.m2/repository/io/grpc/grpc-protobuf/1.17.1/grpc-protobuf-1.17.1.jar:/home/user/.m2/repository/com/google/api/grpc/proto-google-common-protos/1.0.0/proto-google-common-protos-1.0.0.jar:/home/user/.m2/repository/io/grpc/grpc-protobuf-lite/1.17.1/grpc-protobuf-lite-1.17.1.jar:/home/user/.m2/repository/io/grpc/grpc-stub/1.17.1/grpc-stub-1.17.1.jar:/home/user/.m2/repository/org/apache/hadoop/hadoop-ozone-recon/0.5.0-SNAPSHOT/hadoop-ozone-recon-0.5.0-SNAPSHOT.jar:/home/user/.m2/repository/org/apache/hadoop/hadoop-ozone-reconcodegen/0.5.0-SNAPSHOT/hadoop-ozone-reconcodegen-0.5.0-SNAPSHOT.jar:/home/user/.m2/repository/com/google/inject/extensions/guice-multibindings/4.0/guice-multibindings-4.0.jar:/home/user/.m2/repository/com/google/inject/guice/4.0/guice-4.0.jar:/home/user/.m2/repository/aopalliance/aopalliance/1.0/aopalliance-1.0.jar:/home/user/.m2/repository/com/google/inject/extensions/guice-servlet/4.0/guice-servlet-4.0.jar:/home/user/.m2/repository/org/glassfish/jersey/containers/jersey-container-servlet/2.27/jersey-container-servlet-2.27.jar:/home/user/.m2/repository/org/glassfish/hk2/guice-bridge/2.5.0/guice-bridge-2.5.0.jar:/home/user/.m2/repository/org/glassfish/jersey/core/jersey-server/2.27/jersey-server-2.27.jar:/home/user/.m2/repository/org/glassfish/jersey/core/jersey-client/2.27/jersey-client-2.27.jar:/home/user/.m2/repository/org/glassfish/jersey/media/jersey-media-jaxb/2.27/jersey-media-jaxb-2.27.jar:/home/user/.m2/repository/javax/validation/validation-api/1.1.0.Final/validation-api-1.1.0.Final.jar:/home/user/.m2/repository/org/glassfish/jersey/media/jersey-media-json-jackson/2.27/jersey-media-json-jackson-2.27.jar:/home/user/.m2/repository/org/glassfish/jersey/ext/jersey-entity-filtering/2.27/jersey-entity-filtering-2.27.jar:/home/user/.m2/repository/com/google/inject/extensions/guice-assistedinject/4.0/guice-assistedinject-4.0.jar:/home/user/.m2/repository/org/jooq/jooq/3.11.10/jooq-3.11.10.jar:/home/user/.m2/repository/org/jooq/jooq-meta/3.11.10/jooq-meta-3.11.10.jar:/home/user/.m2/repository/org/jooq/jooq-codegen/3.11.10/jooq-codegen-3.11.10.jar:/home/user/.m2/repository/com/jolbox/bonecp/0.8.0.RELEASE/bonecp-0.8.0.RELEASE.jar:/home/user/.m2/repository/org/xerial/sqlite-jdbc/3.25.2/sqlite-jdbc-3.25.2.jar:/home/user/.m2/repository/org/springframework/spring-jdbc/5.1.3.RELEASE/spring-jdbc-5.1.3.RELEASE.jar:/home/user/.m2/repository/org/springframework/spring-beans/5.1.3.RELEASE/spring-beans-5.1.3.RELEASE.jar:/home/user/.m2/repository/org/springframework/spring-core/5.1.3.RELEASE/spring-core-5.1.3.RELEASE.jar:/home/user/.m2/repository/org/springframework/spring-jcl/5.1.3.RELEASE/spring-jcl-5.1.3.RELEASE.jar:/home/user/.m2/repository/org/springframework/spring-tx/5.1.3.RELEASE/spring-tx-5.1.3.RELEASE.jar:/home/user/.m2/repository/org/apache/hadoop/hadoop-ozone-client/0.5.0-SNAPSHOT/hadoop-ozone-client-0.5.0-SNAPSHOT.jar:/home/user/.m2/repository/commons-lang/commons-lang/2.6/commons-lang-2.6.jar:/home/user/.m2/repository/org/apache/hadoop/hadoop-ozone-ozone-manager/0.5.0-SNAPSHOT/hadoop-ozone-ozone-manager-0.5.0-SNAPSHOT-tests.jar:/home/user/.m2/repository/junit/junit/4.11/junit-4.11.jar:/home/user/.m2/repository/org/hamcrest/hamcrest-core/1.3/hamcrest-core-1.3.jar:/home/user/.m2/repository/org/openjdk/jmh/jmh-core/1.19/jmh-core-1.19.jar:/home/user/.m2/repository/net/sf/jopt-simple/jopt-simple/4.6/jopt-simple-4.6.jar:/home/user/.m2/repository/org/apache/commons/commons-math3/3.1.1/commons-math3-3.1.1.jar:/home/user/.m2/repository/org/openjdk/jmh/jmh-generator-annprocess/1.19/jmh-generator-annprocess-1.19.jar:/home/user/.m2/repository/org/mockito/mockito-all/1.8.5/mockito-all-1.8.5.jar:/home/user/.m2/repository/org/apache/hadoop/hadoop-kms/3.2.0/hadoop-kms-3.2.0.jar:/home/user/.m2/repository/org/apache/hadoop/hadoop-auth/3.2.0/hadoop-auth-3.2.0.jar:/home/user/.m2/repository/com/nimbusds/nimbus-jose-jwt/4.41.1/nimbus-jose-jwt-4.41.1.jar:/home/user/.m2/repository/com/github/stephenc/jcip/jcip-annotations/1.0-1/jcip-annotations-1.0-1.jar:/home/user/.m2/repository/net/minidev/json-smart/2.3/json-smart-2.3.jar:/home/user/.m2/repository/net/minidev/accessors-smart/1.2/accessors-smart-1.2.jar:/home/user/.m2/repository/org/ow2/asm/asm/5.0.4/asm-5.0.4.jar:/home/user/.m2/repository/org/apache/curator/curator-framework/2.12.0/curator-framework-2.12.0.jar:/home/user/.m2/repository/com/sun/jersey/jersey-core/1.19/jersey-core-1.19.jar:/home/user/.m2/repository/javax/ws/rs/jsr311-api/1.1.1/jsr311-api-1.1.1.jar:/home/user/.m2/repository/com/sun/jersey/jersey-server/1.19/jersey-server-1.19.jar:/home/user/.m2/repository/javax/servlet/javax.servlet-api/3.1.0/javax.servlet-api-3.1.0.jar:/home/user/.m2/repository/org/eclipse/jetty/jetty-server/9.3.25.v20180904/jetty-server-9.3.25.v20180904.jar:/home/user/.m2/repository/org/eclipse/jetty/jetty-http/9.3.25.v20180904/jetty-http-9.3.25.v20180904.jar:/home/user/.m2/repository/org/eclipse/jetty/jetty-io/9.3.25.v20180904/jetty-io-9.3.25.v20180904.jar:/home/user/.m2/repository/org/eclipse/jetty/jetty-webapp/9.3.25.v20180904/jetty-webapp-9.3.25.v20180904.jar:/home/user/.m2/repository/org/eclipse/jetty/jetty-xml/9.3.25.v20180904/jetty-xml-9.3.25.v20180904.jar:/home/user/.m2/repository/log4j/log4j/1.2.17/log4j-1.2.17.jar:/home/user/.m2/repository/org/slf4j/slf4j-api/1.7.25/slf4j-api-1.7.25.jar:/home/user/.m2/repository/org/slf4j/jul-to-slf4j/1.7.25/jul-to-slf4j-1.7.25.jar:/home/user/.m2/repository/org/eclipse/jetty/jetty-util/9.3.25.v20180904/jetty-util-9.3.25.v20180904.jar:/home/user/.m2/repository/com/fasterxml/jackson/core/jackson-databind/2.9.9/jackson-databind-2.9.9.jar:/home/user/.m2/repository/org/apache/hadoop/hadoop-kms/3.2.0/hadoop-kms-3.2.0-tests.jar:/home/user/.m2/repository/org/apache/hadoop/hadoop-hdds-server-scm/0.5.0-SNAPSHOT/hadoop-hdds-server-scm-0.5.0-SNAPSHOT-tests.jar:/home/user/.m2/repository/org/apache/hadoop/hadoop-hdds-container-service/0.5.0-SNAPSHOT/hadoop-hdds-container-service-0.5.0-SNAPSHOT-tests.jar:/home/user/.m2/repository/org/yaml/snakeyaml/1.16/snakeyaml-1.16.jar:/home/user/.m2/repository/org/apache/hadoop/hadoop-common/3.2.0/hadoop-common-3.2.0-tests.jar:/home/user/.m2/repository/org/apache/hadoop/hadoop-annotations/3.2.0/hadoop-annotations-3.2.0.jar:/usr/lib/jvm/java-1.8-openjdk/jre/../lib/tools.jar:/home/user/.m2/repository/commons-cli/commons-cli/1.2/commons-cli-1.2.jar:/home/user/.m2/repository/org/apache/httpcomponents/httpclient/4.5.2/httpclient-4.5.2.jar:/home/user/.m2/repository/org/apache/httpcomponents/httpcore/4.4.4/httpcore-4.4.4.jar:/home/user/.m2/repository/commons-codec/commons-codec/1.11/commons-codec-1.11.jar:/home/user/.m2/repository/commons-net/commons-net/3.6/commons-net-3.6.jar:/home/user/.m2/repository/commons-collections/commons-collections/3.2.2/commons-collections-3.2.2.jar:/home/user/.m2/repository/org/eclipse/jetty/jetty-servlet/9.3.25.v20180904/jetty-servlet-9.3.25.v20180904.jar:/home/user/.m2/repository/org/eclipse/jetty/jetty-security/9.3.25.v20180904/jetty-security-9.3.25.v20180904.jar:/home/user/.m2/repository/javax/servlet/jsp/jsp-api/2.1/jsp-api-2.1.jar:/home/user/.m2/repository/com/sun/jersey/jersey-servlet/1.19/jersey-servlet-1.19.jar:/home/user/.m2/repository/com/sun/jersey/jersey-json/1.19/jersey-json-1.19.jar:/home/user/.m2/repository/org/codehaus/jettison/jettison/1.1/jettison-1.1.jar:/home/user/.m2/repository/org/codehaus/jackson/jackson-core-asl/1.9.13/jackson-core-asl-1.9.13.jar:/home/user/.m2/repository/org/codehaus/jackson/jackson-mapper-asl/1.9.13/jackson-mapper-asl-1.9.13.jar:/home/user/.m2/repository/org/codehaus/jackson/jackson-jaxrs/1.9.13/jackson-jaxrs-1.9.13.jar:/home/user/.m2/repository/org/codehaus/jackson/jackson-xc/1.9.13/jackson-xc-1.9.13.jar:/home/user/.m2/repository/commons-logging/commons-logging/1.1.3/commons-logging-1.1.3.jar:/home/user/.m2/repository/commons-beanutils/commons-beanutils/1.9.4/commons-beanutils-1.9.4.jar:/home/user/.m2/repository/org/apache/commons/commons-configuration2/2.1.1/commons-configuration2-2.1.1.jar:/home/user/.m2/repository/org/apache/commons/commons-lang3/3.7/commons-lang3-3.7.jar:/home/user/.m2/repository/org/apache/commons/commons-text/1.4/commons-text-1.4.jar:/home/user/.m2/repository/org/apache/avro/avro/1.7.7/avro-1.7.7.jar:/home/user/.m2/repository/com/thoughtworks/paranamer/paranamer/2.3/paranamer-2.3.jar:/home/user/.m2/repository/org/xerial/snappy/snappy-java/1.0.5/snappy-java-1.0.5.jar:/home/user/.m2/repository/com/google/re2j/re2j/1.1/re2j-1.1.jar:/home/user/.m2/repository/com/google/code/gson/gson/2.2.4/gson-2.2.4.jar:/home/user/.m2/repository/com/jcraft/jsch/0.1.54/jsch-0.1.54.jar:/home/user/.m2/repository/org/apache/curator/curator-client/2.12.0/curator-client-2.12.0.jar:/home/user/.m2/repository/org/apache/curator/curator-recipes/2.12.0/curator-recipes-2.12.0.jar:/home/user/.m2/repository/com/google/code/findbugs/jsr305/3.0.0/jsr305-3.0.0.jar:/home/user/.m2/repository/org/apache/htrace/htrace-core4/4.1.0-incubating/htrace-core4-4.1.0-incubating.jar:/home/user/.m2/repository/org/apache/zookeeper/zookeeper/3.4.13/zookeeper-3.4.13.jar:/home/user/.m2/repository/jline/jline/0.9.94/jline-0.9.94.jar:/home/user/.m2/repository/org/apache/yetus/audience-annotations/0.5.0/audience-annotations-0.5.0.jar:/home/user/.m2/repository/org/codehaus/woodstox/stax2-api/3.1.4/stax2-api-3.1.4.jar:/home/user/.m2/repository/com/fasterxml/woodstox/woodstox-core/5.0.3/woodstox-core-5.0.3.jar:/home/user/.m2/repository/dnsjava/dnsjava/2.1.7/dnsjava-2.1.7.jar:/home/user/.m2/repository/org/apache/hadoop/hadoop-hdfs/3.2.0/hadoop-hdfs-3.2.0-tests.jar:/home/user/.m2/repository/org/eclipse/jetty/jetty-util-ajax/9.3.25.v20180904/jetty-util-ajax-9.3.25.v20180904.jar:/home/user/.m2/repository/commons-daemon/commons-daemon/1.0.13/commons-daemon-1.0.13.jar:/home/user/.m2/repository/io/netty/netty/3.10.5.Final/netty-3.10.5.Final.jar:/home/user/.m2/repository/io/netty/netty-all/4.0.52.Final/netty-all-4.0.52.Final.jar:/home/user/.m2/repository/org/fusesource/leveldbjni/leveldbjni-all/1.8/leveldbjni-all-1.8.jar:"/>
    <property name="sun.cpu.endian" value="little"/>
    <property name="user.home" value="/home/user"/>
    <property name="user.language" value="en"/>
    <property name="java.specification.vendor" value="Oracle Corporation"/>
    <property name="java.home" value="/usr/lib/jvm/java-1.8-openjdk/jre"/>
    <property name="java.security.krb5.conf" value="/workdir/hadoop-ozone/integration-test/target/test-classes/krb5.conf"/>
    <property name="basedir" value="/workdir/hadoop-ozone/integration-test"/>
    <property name="file.separator" value="/"/>
    <property name="line.separator" value="&#10;"/>
    <property name="java.vm.specification.vendor" value="Oracle Corporation"/>
    <property name="java.specification.name" value="Java Platform API Specification"/>
    <property name="java.awt.graphicsenv" value="sun.awt.X11GraphicsEnvironment"/>
    <property name="surefire.real.class.path" value="/workdir/hadoop-ozone/integration-test/target/surefire/surefirebooter5255488704433270023.jar"/>
    <property name="hadoop.log.dir" value="/workdir/hadoop-ozone/integration-test/target/log"/>
    <property name="sun.boot.class.path" value="/usr/lib/jvm/java-1.8-openjdk/jre/lib/resources.jar:/usr/lib/jvm/java-1.8-openjdk/jre/lib/rt.jar:/usr/lib/jvm/java-1.8-openjdk/jre/lib/sunrsasign.jar:/usr/lib/jvm/java-1.8-openjdk/jre/lib/jsse.jar:/usr/lib/jvm/java-1.8-openjdk/jre/lib/jce.jar:/usr/lib/jvm/java-1.8-openjdk/jre/lib/charsets.jar:/usr/lib/jvm/java-1.8-openjdk/jre/lib/jfr.jar:/usr/lib/jvm/java-1.8-openjdk/jre/classes"/>
    <property name="sun.management.compiler" value="HotSpot 64-Bit Tiered Compilers"/>
    <property name="java.runtime.version" value="1.8.0_212-b04"/>
    <property name="java.net.preferIPv4Stack" value="true"/>
    <property name="user.name" value="jenkins1000"/>
    <property name="path.separator" value=":"/>
    <property name="java.security.egd" value="file:///dev/urandom"/>
    <property name="os.version" value="3.10.0-957.12.2.el7.x86_64"/>
    <property name="java.endorsed.dirs" value="/usr/lib/jvm/java-1.8-openjdk/jre/lib/endorsed"/>
    <property name="java.runtime.name" value="OpenJDK Runtime Environment"/>
    <property name="file.encoding" value="UTF-8"/>
    <property name="java.vm.name" value="OpenJDK 64-Bit Server VM"/>
    <property name="test.build.webapps" value=""/>
    <property name="localRepository" value="/home/user/.m2/repository"/>
    <property name="java.vendor.url.bug" value="https://icedtea.classpath.org/bugzilla"/>
    <property name="java.io.tmpdir" value="/tmp"/>
    <property name="require.test.libhadoop" value=""/>
    <property name="java.version" value="1.8.0_212"/>
    <property name="user.dir" value="/workdir/hadoop-ozone/integration-test"/>
    <property name="os.arch" value="amd64"/>
    <property name="java.vm.specification.name" value="Java Virtual Machine Specification"/>
    <property name="test.build.classes" value="/workdir/hadoop-ozone/integration-test/target/test-classes"/>
    <property name="java.awt.printerjob" value="sun.print.PSPrinterJob"/>
    <property name="sun.os.patch.level" value="unknown"/>
    <property name="hadoop.tmp.dir" value="/workdir/hadoop-ozone/integration-test/target/tmp"/>
    <property name="java.library.path" value="/usr/lib/jvm/java-1.8-openjdk/jre/lib/amd64/server:/usr/lib/jvm/java-1.8-openjdk/jre/lib/amd64:/usr/lib/jvm/java-1.8-openjdk/jre/../lib/amd64:/workdir/hadoop-ozone/integration-test/target/native/target/usr/local/lib:/workdir/hadoop-ozone/integration-test/../../hadoop-common-project/hadoop-common/target/native/target/usr/local/lib:/usr/java/packages/lib/amd64:/usr/lib64:/lib64:/lib:/usr/lib"/>
    <property name="java.vm.info" value="mixed mode"/>
    <property name="java.vendor" value="IcedTea"/>
    <property name="java.vm.version" value="25.212-b04"/>
    <property name="java.ext.dirs" value="/usr/lib/jvm/java-1.8-openjdk/jre/lib/ext:/usr/java/packages/lib/ext"/>
    <property name="sun.io.unicode.encoding" value="UnicodeLittle"/>
    <property name="java.class.version" value="52.0"/>
  </properties>
  <testcase name="testGroupMismatchExceptionHandling" classname="org.apache.hadoop.ozone.client.rpc.TestOzoneClientRetriesOnException" time="316.515">
    <error message="Retry request failed. retries get failed due to exceeded maximum allowed retries number: 3" type="java.io.IOException">java.io.IOException: Retry request failed. retries get failed due to exceeded maximum allowed retries number: 3
	at org.apache.hadoop.ozone.client.io.KeyOutputStream.handleRetry(KeyOutputStream.java:353)
	at org.apache.hadoop.ozone.client.io.KeyOutputStream.handleException(KeyOutputStream.java:324)
	at org.apache.hadoop.ozone.client.io.KeyOutputStream.handleWrite(KeyOutputStream.java:228)
	at org.apache.hadoop.ozone.client.io.KeyOutputStream.handleRetry(KeyOutputStream.java:375)
	at org.apache.hadoop.ozone.client.io.KeyOutputStream.handleException(KeyOutputStream.java:324)
	at org.apache.hadoop.ozone.client.io.KeyOutputStream.handleWrite(KeyOutputStream.java:228)
	at org.apache.hadoop.ozone.client.io.KeyOutputStream.handleRetry(KeyOutputStream.java:375)
	at org.apache.hadoop.ozone.client.io.KeyOutputStream.handleException(KeyOutputStream.java:324)
	at org.apache.hadoop.ozone.client.io.KeyOutputStream.handleWrite(KeyOutputStream.java:228)
	at org.apache.hadoop.ozone.client.io.KeyOutputStream.handleRetry(KeyOutputStream.java:375)
	at org.apache.hadoop.ozone.client.io.KeyOutputStream.handleException(KeyOutputStream.java:324)
	at org.apache.hadoop.ozone.client.io.KeyOutputStream.handleWrite(KeyOutputStream.java:228)
	at org.apache.hadoop.ozone.client.io.KeyOutputStream.write(KeyOutputStream.java:190)
	at org.apache.hadoop.ozone.client.io.OzoneOutputStream.write(OzoneOutputStream.java:49)
	at java.io.OutputStream.write(OutputStream.java:75)
	at org.apache.hadoop.ozone.client.rpc.TestOzoneClientRetriesOnException.testGroupMismatchExceptionHandling(TestOzoneClientRetriesOnException.java:135)
	at sun.reflect.NativeMethodAccessorImpl.invoke0(Native Method)
	at sun.reflect.NativeMethodAccessorImpl.invoke(NativeMethodAccessorImpl.java:62)
	at sun.reflect.DelegatingMethodAccessorImpl.invoke(DelegatingMethodAccessorImpl.java:43)
	at java.lang.reflect.Method.invoke(Method.java:498)
	at org.junit.runners.model.FrameworkMethod$1.runReflectiveCall(FrameworkMethod.java:47)
	at org.junit.internal.runners.model.ReflectiveCallable.run(ReflectiveCallable.java:12)
	at org.junit.runners.model.FrameworkMethod.invokeExplosively(FrameworkMethod.java:44)
	at org.junit.internal.runners.statements.InvokeMethod.evaluate(InvokeMethod.java:17)
	at org.junit.internal.runners.statements.RunBefores.evaluate(RunBefores.java:26)
	at org.junit.internal.runners.statements.RunAfters.evaluate(RunAfters.java:27)
	at org.junit.runners.ParentRunner.runLeaf(ParentRunner.java:271)
	at org.junit.runners.BlockJUnit4ClassRunner.runChild(BlockJUnit4ClassRunner.java:70)
	at org.junit.runners.BlockJUnit4ClassRunner.runChild(BlockJUnit4ClassRunner.java:50)
	at org.junit.runners.ParentRunner$3.run(ParentRunner.java:238)
	at org.junit.runners.ParentRunner$1.schedule(ParentRunner.java:63)
	at org.junit.runners.ParentRunner.runChildren(ParentRunner.java:236)
	at org.junit.runners.ParentRunner.access$000(ParentRunner.java:53)
	at org.junit.runners.ParentRunner$2.evaluate(ParentRunner.java:229)
	at org.junit.runners.ParentRunner.run(ParentRunner.java:309)
	at org.apache.maven.surefire.junit4.JUnit4Provider.execute(JUnit4Provider.java:365)
	at org.apache.maven.surefire.junit4.JUnit4Provider.executeWithRerun(JUnit4Provider.java:273)
	at org.apache.maven.surefire.junit4.JUnit4Provider.executeTestSet(JUnit4Provider.java:238)
	at org.apache.maven.surefire.junit4.JUnit4Provider.invoke(JUnit4Provider.java:159)
	at org.apache.maven.surefire.booter.ForkedBooter.invokeProviderInSameClassLoader(ForkedBooter.java:384)
	at org.apache.maven.surefire.booter.ForkedBooter.runSuitesInProcess(ForkedBooter.java:345)
	at org.apache.maven.surefire.booter.ForkedBooter.execute(ForkedBooter.java:126)
	at org.apache.maven.surefire.booter.ForkedBooter.main(ForkedBooter.java:418)
Caused by: java.io.IOException: Unexpected Storage Container Exception: java.util.concurrent.CompletionException: java.util.concurrent.CompletionException: org.apache.ratis.protocol.GroupMismatchException: e7bd1734-ef6c-4cf8-b88c-8a1061e7af66: group-EAA08EF83084 not found.
	at org.apache.hadoop.hdds.scm.storage.BlockOutputStream.setIoException(BlockOutputStream.java:541)
	at org.apache.hadoop.hdds.scm.storage.BlockOutputStream.lambda$writeChunkToContainer$3(BlockOutputStream.java:616)
	at java.util.concurrent.CompletableFuture.uniExceptionally(CompletableFuture.java:870)
	at java.util.concurrent.CompletableFuture$UniExceptionally.tryFire(CompletableFuture.java:852)
	at java.util.concurrent.CompletableFuture.postComplete(CompletableFuture.java:474)
	at java.util.concurrent.CompletableFuture.completeExceptionally(CompletableFuture.java:1977)
	at org.apache.ratis.client.impl.OrderedAsync$PendingOrderedRequest.fail(OrderedAsync.java:100)
	at org.apache.ratis.util.SlidingWindow$Client.fail(SlidingWindow.java:362)
	at org.apache.ratis.client.impl.OrderedAsync.failAllAsyncRequests(OrderedAsync.java:134)
	at org.apache.ratis.client.impl.OrderedAsync.lambda$sendRequest$10(OrderedAsync.java:244)
	at java.util.concurrent.CompletableFuture.uniExceptionally(CompletableFuture.java:870)
	at java.util.concurrent.CompletableFuture$UniExceptionally.tryFire(CompletableFuture.java:852)
	at java.util.concurrent.CompletableFuture.postComplete(CompletableFuture.java:474)
	at java.util.concurrent.CompletableFuture.completeExceptionally(CompletableFuture.java:1977)
	at org.apache.ratis.grpc.client.GrpcClientProtocolClient$AsyncStreamObservers.completeReplyExceptionally(GrpcClientProtocolClient.java:345)
	at org.apache.ratis.grpc.client.GrpcClientProtocolClient$AsyncStreamObservers.access$000(GrpcClientProtocolClient.java:261)
	at org.apache.ratis.grpc.client.GrpcClientProtocolClient$AsyncStreamObservers$1.onError(GrpcClientProtocolClient.java:290)
	at org.apache.ratis.thirdparty.io.grpc.stub.ClientCalls$StreamObserverToCallListenerAdapter.onClose(ClientCalls.java:434)
	at org.apache.ratis.thirdparty.io.grpc.PartialForwardingClientCallListener.onClose(PartialForwardingClientCallListener.java:39)
	at org.apache.ratis.thirdparty.io.grpc.ForwardingClientCallListener.onClose(ForwardingClientCallListener.java:23)
	at org.apache.ratis.thirdparty.io.grpc.ForwardingClientCallListener$SimpleForwardingClientCallListener.onClose(ForwardingClientCallListener.java:40)
	at org.apache.ratis.thirdparty.io.grpc.internal.CensusStatsModule$StatsClientInterceptor$1$1.onClose(CensusStatsModule.java:678)
	at org.apache.ratis.thirdparty.io.grpc.PartialForwardingClientCallListener.onClose(PartialForwardingClientCallListener.java:39)
	at org.apache.ratis.thirdparty.io.grpc.ForwardingClientCallListener.onClose(ForwardingClientCallListener.java:23)
	at org.apache.ratis.thirdparty.io.grpc.ForwardingClientCallListener$SimpleForwardingClientCallListener.onClose(ForwardingClientCallListener.java:40)
	at org.apache.ratis.thirdparty.io.grpc.internal.CensusTracingModule$TracingClientInterceptor$1$1.onClose(CensusTracingModule.java:397)
	at org.apache.ratis.thirdparty.io.grpc.internal.ClientCallImpl.closeObserver(ClientCallImpl.java:459)
	at org.apache.ratis.thirdparty.io.grpc.internal.ClientCallImpl.access$300(ClientCallImpl.java:63)
	at org.apache.ratis.thirdparty.io.grpc.internal.ClientCallImpl$ClientStreamListenerImpl.close(ClientCallImpl.java:546)
	at org.apache.ratis.thirdparty.io.grpc.internal.ClientCallImpl$ClientStreamListenerImpl.access$600(ClientCallImpl.java:467)
	at org.apache.ratis.thirdparty.io.grpc.internal.ClientCallImpl$ClientStreamListenerImpl$1StreamClosed.runInContext(ClientCallImpl.java:584)
	at org.apache.ratis.thirdparty.io.grpc.internal.ContextRunnable.run(ContextRunnable.java:37)
	at org.apache.ratis.thirdparty.io.grpc.internal.SerializingExecutor.run(SerializingExecutor.java:123)
	at java.util.concurrent.ThreadPoolExecutor.runWorker(ThreadPoolExecutor.java:1149)
	at java.util.concurrent.ThreadPoolExecutor$Worker.run(ThreadPoolExecutor.java:624)
	at java.lang.Thread.run(Thread.java:748)
Caused by: java.util.concurrent.CompletionException: java.util.concurrent.CompletionException: org.apache.ratis.protocol.GroupMismatchException: e7bd1734-ef6c-4cf8-b88c-8a1061e7af66: group-EAA08EF83084 not found.
	at org.apache.hadoop.hdds.scm.storage.BlockOutputStream.lambda$writeChunkToContainer$3(BlockOutputStream.java:615)
	... 34 more
Caused by: java.util.concurrent.CompletionException: org.apache.ratis.protocol.GroupMismatchException: e7bd1734-ef6c-4cf8-b88c-8a1061e7af66: group-EAA08EF83084 not found.
	at java.util.concurrent.CompletableFuture.encodeThrowable(CompletableFuture.java:292)
	at java.util.concurrent.CompletableFuture.completeThrowable(CompletableFuture.java:308)
	at java.util.concurrent.CompletableFuture.uniApply(CompletableFuture.java:593)
	at java.util.concurrent.CompletableFuture$UniApply.tryFire(CompletableFuture.java:577)
	... 32 more
Caused by: org.apache.ratis.protocol.GroupMismatchException: e7bd1734-ef6c-4cf8-b88c-8a1061e7af66: group-EAA08EF83084 not found.
	at org.apache.ratis.server.impl.RaftServerProxy$ImplMap.get(RaftServerProxy.java:122)
	at org.apache.ratis.server.impl.RaftServerProxy.getImplFuture(RaftServerProxy.java:269)
	at org.apache.ratis.server.impl.RaftServerProxy.submitRequest(RaftServerProxy.java:327)
	at org.apache.ratis.server.impl.RaftServerProxy.submitClientRequestAsync(RaftServerProxy.java:333)
	at org.apache.ratis.grpc.client.GrpcClientProtocolService$RequestStreamObserver.processClientRequest(GrpcClientProtocolService.java:220)
	at org.apache.ratis.grpc.client.GrpcClientProtocolService$OrderedRequestStreamObserver.processClientRequest(GrpcClientProtocolService.java:326)
	at org.apache.ratis.util.SlidingWindow$Server.processRequestsFromHead(SlidingWindow.java:429)
	at org.apache.ratis.util.SlidingWindow$Server.receivedRequest(SlidingWindow.java:421)
	at org.apache.ratis.grpc.client.GrpcClientProtocolService$OrderedRequestStreamObserver.processClientRequest(GrpcClientProtocolService.java:345)
	at org.apache.ratis.grpc.client.GrpcClientProtocolService$RequestStreamObserver.onNext(GrpcClientProtocolService.java:240)
	at org.apache.ratis.grpc.client.GrpcClientProtocolService$RequestStreamObserver.onNext(GrpcClientProtocolService.java:168)
	at org.apache.ratis.thirdparty.io.grpc.stub.ServerCalls$StreamingServerCallHandler$StreamingServerCallListener.onMessage(ServerCalls.java:248)
	at org.apache.ratis.thirdparty.io.grpc.internal.ServerCallImpl$ServerStreamListenerImpl.messagesAvailable(ServerCallImpl.java:263)
	at org.apache.ratis.thirdparty.io.grpc.internal.ServerImpl$JumpToApplicationThreadServerStreamListener$1MessagesAvailable.runInContext(ServerImpl.java:686)
	... 5 more
</error>
    <system-out><![CDATA[2019-10-02 17:48:55,064 [main] WARN  server.ServerUtils (ServerUtils.java:getScmDbDir(145)) - ozone.scm.db.dirs is not configured. We recommend adding this setting. Falling back to ozone.metadata.dirs instead.
2019-10-02 17:48:55,162 [main] WARN  server.ServerUtils (ServerUtils.java:getScmDbDir(145)) - ozone.scm.db.dirs is not configured. We recommend adding this setting. Falling back to ozone.metadata.dirs instead.
2019-10-02 17:48:55,165 [main] WARN  server.ServerUtils (ServerUtils.java:getScmDbDir(145)) - ozone.scm.db.dirs is not configured. We recommend adding this setting. Falling back to ozone.metadata.dirs instead.
2019-10-02 17:48:55,183 [main] INFO  util.log (Log.java:initialized(192)) - Logging initialized @842ms
2019-10-02 17:48:55,283 [main] INFO  db.DBStoreBuilder (DBStoreBuilder.java:addTable(110)) - using custom profile for table: deletedBlocks
2019-10-02 17:48:55,283 [main] INFO  db.DBStoreBuilder (DBStoreBuilder.java:processTables(161)) - Using default column profile:DBProfile.DISK for Table:deletedBlocks
2019-10-02 17:48:55,283 [main] INFO  db.DBStoreBuilder (DBStoreBuilder.java:addTable(110)) - using custom profile for table: validCerts
2019-10-02 17:48:55,283 [main] INFO  db.DBStoreBuilder (DBStoreBuilder.java:processTables(161)) - Using default column profile:DBProfile.DISK for Table:validCerts
2019-10-02 17:48:55,284 [main] INFO  db.DBStoreBuilder (DBStoreBuilder.java:addTable(110)) - using custom profile for table: revokedCerts
2019-10-02 17:48:55,284 [main] INFO  db.DBStoreBuilder (DBStoreBuilder.java:processTables(161)) - Using default column profile:DBProfile.DISK for Table:revokedCerts
2019-10-02 17:48:55,295 [main] INFO  db.DBStoreBuilder (DBStoreBuilder.java:addTable(110)) - using custom profile for table: default
2019-10-02 17:48:55,296 [main] INFO  db.DBStoreBuilder (DBStoreBuilder.java:processTables(167)) - Using default column profile:DBProfile.DISK for Table:default
2019-10-02 17:48:55,298 [main] INFO  db.DBStoreBuilder (DBStoreBuilder.java:getDbProfile(198)) - Using default options. DBProfile.DISK
2019-10-02 17:48:55,579 [main] INFO  net.NodeSchemaLoader (NodeSchemaLoader.java:loadSchemaFromFile(125)) - Loading file from sun.misc.CompoundEnumeration@34123d65
2019-10-02 17:48:55,581 [main] INFO  net.NodeSchemaLoader (NodeSchemaLoader.java:loadSchema(171)) - Loading network topology layer schema file
2019-10-02 17:48:55,651 [main] WARN  server.ServerUtils (ServerUtils.java:sanitizeUserArgs(70)) - ozone.scm.stale.node.interval value = 300000 is larger than max = 100000 based on the key value of ozone.scm.heartbeat.thread.interval, reset to the max value 100000.
2019-10-02 17:48:55,653 [main] WARN  server.ServerUtils (ServerUtils.java:sanitizeUserArgs(70)) - ozone.scm.stale.node.interval value = 300000 is larger than max = 100000 based on the key value of ozone.scm.heartbeat.thread.interval, reset to the max value 100000.
2019-10-02 17:48:55,655 [main] INFO  node.SCMNodeManager (SCMNodeManager.java:<init>(114)) - Entering startup safe mode.
2019-10-02 17:48:55,730 [main] INFO  algorithms.ContainerPlacementPolicyFactory (ContainerPlacementPolicyFactory.java:getPolicy(57)) - Create container placement policy of type org.apache.hadoop.hdds.scm.container.placement.algorithms.SCMContainerPlacementRandom
2019-10-02 17:48:55,744 [main] WARN  server.ServerUtils (ServerUtils.java:getScmDbDir(145)) - ozone.scm.db.dirs is not configured. We recommend adding this setting. Falling back to ozone.metadata.dirs instead.
2019-10-02 17:48:55,804 [main] INFO  pipeline.SCMPipelineManager (SCMPipelineManager.java:initializePipelineState(132)) - No pipeline exists in current db
2019-10-02 17:48:55,806 [main] WARN  server.ServerUtils (ServerUtils.java:getScmDbDir(145)) - ozone.scm.db.dirs is not configured. We recommend adding this setting. Falling back to ozone.metadata.dirs instead.
2019-10-02 17:48:55,910 [main] WARN  events.EventQueue (EventQueue.java:fireEvent(183)) - No event handler registered for event TypedEvent{payloadType=SafeModeStatus, name='SafeModeStatus'}
2019-10-02 17:48:56,279 [main] INFO  ipc.CallQueueManager (CallQueueManager.java:<init>(84)) - Using callQueue: class java.util.concurrent.LinkedBlockingQueue, queueCapacity: 2000, scheduler: class org.apache.hadoop.ipc.DefaultRpcScheduler, ipcBackoff: false.
2019-10-02 17:48:56,307 [Socket Reader #1 for port 45202] INFO  ipc.Server (Server.java:run(1074)) - Starting Socket Reader #1 for port 45202
2019-10-02 17:48:56,460 [main] INFO  ipc.CallQueueManager (CallQueueManager.java:<init>(84)) - Using callQueue: class java.util.concurrent.LinkedBlockingQueue, queueCapacity: 2000, scheduler: class org.apache.hadoop.ipc.DefaultRpcScheduler, ipcBackoff: false.
2019-10-02 17:48:56,462 [Socket Reader #1 for port 36913] INFO  ipc.Server (Server.java:run(1074)) - Starting Socket Reader #1 for port 36913
2019-10-02 17:48:56,473 [main] INFO  ipc.CallQueueManager (CallQueueManager.java:<init>(84)) - Using callQueue: class java.util.concurrent.LinkedBlockingQueue, queueCapacity: 2000, scheduler: class org.apache.hadoop.ipc.DefaultRpcScheduler, ipcBackoff: false.
2019-10-02 17:48:56,474 [Socket Reader #1 for port 38394] INFO  ipc.Server (Server.java:run(1074)) - Starting Socket Reader #1 for port 38394
2019-10-02 17:48:56,500 [main] INFO  hdfs.DFSUtil (DFSUtil.java:httpServerTemplateForNNAndJN(1641)) - Starting Web-server for scm at: http://0.0.0.0:0
2019-10-02 17:48:56,660 [main] INFO  server.AuthenticationFilter (AuthenticationFilter.java:constructSecretProvider(240)) - Unable to initialize FileSignerSecretProvider, falling back to use random secrets.
2019-10-02 17:48:56,668 [main] WARN  http.HttpRequestLog (HttpRequestLog.java:getRequestLog(97)) - Jetty request log can only be enabled using Log4j
2019-10-02 17:48:56,676 [main] INFO  http.HttpServer2 (HttpServer2.java:addGlobalFilter(975)) - Added global filter 'safety' (class=org.apache.hadoop.http.HttpServer2$QuotingInputFilter)
2019-10-02 17:48:56,679 [main] INFO  http.HttpServer2 (HttpServer2.java:addFilter(948)) - Added filter static_user_filter (class=org.apache.hadoop.http.lib.StaticUserWebFilter$StaticUserFilter) to context scm
2019-10-02 17:48:56,679 [main] INFO  http.HttpServer2 (HttpServer2.java:addFilter(958)) - Added filter static_user_filter (class=org.apache.hadoop.http.lib.StaticUserWebFilter$StaticUserFilter) to context logs
2019-10-02 17:48:56,679 [main] INFO  http.HttpServer2 (HttpServer2.java:addFilter(958)) - Added filter static_user_filter (class=org.apache.hadoop.http.lib.StaticUserWebFilter$StaticUserFilter) to context static
2019-10-02 17:48:56,709 [main] INFO  server.StorageContainerManager (StorageContainerManager.java:start(770)) - StorageContainerLocationProtocol RPC server is listening at /0.0.0.0:38394
2019-10-02 17:48:56,771 [main] WARN  impl.MetricsConfig (MetricsConfig.java:loadFirst(134)) - Cannot locate configuration: tried hadoop-metrics2-storagecontainermanager.properties,hadoop-metrics2.properties
2019-10-02 17:48:56,784 [main] INFO  impl.MetricsSystemImpl (MetricsSystemImpl.java:startTimer(374)) - Scheduled Metric snapshot period at 10 second(s).
2019-10-02 17:48:56,784 [main] INFO  impl.MetricsSystemImpl (MetricsSystemImpl.java:start(191)) - StorageContainerManager metrics system started
2019-10-02 17:48:57,008 [main] INFO  server.SCMClientProtocolServer (SCMClientProtocolServer.java:start(150)) - RPC server for Client  is listening at /0.0.0.0:38394
2019-10-02 17:48:57,009 [IPC Server listener on 38394] INFO  ipc.Server (Server.java:run(1153)) - IPC Server listener on 38394: starting
2019-10-02 17:48:57,009 [IPC Server Responder] INFO  ipc.Server (Server.java:run(1314)) - IPC Server Responder: starting
2019-10-02 17:48:57,014 [main] INFO  server.StorageContainerManager (StorageContainerManager.java:start(780)) - ScmBlockLocationProtocol RPC server is listening at /0.0.0.0:36913
2019-10-02 17:48:57,015 [main] INFO  server.SCMBlockProtocolServer (SCMBlockProtocolServer.java:start(146)) - RPC server for Block Protocol is listening at /0.0.0.0:36913
2019-10-02 17:48:57,016 [IPC Server Responder] INFO  ipc.Server (Server.java:run(1314)) - IPC Server Responder: starting
2019-10-02 17:48:57,016 [IPC Server listener on 36913] INFO  ipc.Server (Server.java:run(1153)) - IPC Server listener on 36913: starting
2019-10-02 17:48:57,022 [main] INFO  server.StorageContainerManager (StorageContainerManager.java:start(784)) - ScmDatanodeProtocl RPC server is listening at /0.0.0.0:45202
2019-10-02 17:48:57,022 [main] INFO  server.SCMDatanodeProtocolServer (SCMDatanodeProtocolServer.java:start(191)) - RPC server for DataNodes is listening at /0.0.0.0:45202
2019-10-02 17:48:57,023 [IPC Server Responder] INFO  ipc.Server (Server.java:run(1314)) - IPC Server Responder: starting
2019-10-02 17:48:57,024 [IPC Server listener on 45202] INFO  ipc.Server (Server.java:run(1153)) - IPC Server listener on 45202: starting
2019-10-02 17:48:57,031 [main] INFO  http.HttpServer2 (HttpServer2.java:bindListener(1191)) - Jetty bound to port 43038
2019-10-02 17:48:57,033 [main] INFO  server.Server (Server.java:doStart(351)) - jetty-9.3.25.v20180904, build timestamp: 2018-09-04T21:11:46Z, git hash: 3ce520221d0240229c862b122d2b06c12a625732
2019-10-02 17:48:57,072 [main] INFO  handler.ContextHandler (ContextHandler.java:doStart(781)) - Started o.e.j.s.ServletContextHandler@61e94def{/logs,file:///workdir/hadoop-ozone/integration-test/target/log,AVAILABLE}
2019-10-02 17:48:57,072 [main] INFO  handler.ContextHandler (ContextHandler.java:doStart(781)) - Started o.e.j.s.ServletContextHandler@ebb6851{/static,file:///workdir/hadoop-ozone/integration-test/target/test-classes/webapps/static,AVAILABLE}
2019-10-02 17:48:57,105 [main] INFO  handler.ContextHandler (ContextHandler.java:doStart(781)) - Started o.e.j.w.WebAppContext@780ec4a5{/,file:///workdir/hadoop-ozone/integration-test/target/test-classes/webapps/scm/,AVAILABLE}{/scm}
2019-10-02 17:48:57,111 [main] INFO  server.AbstractConnector (AbstractConnector.java:doStart(278)) - Started ServerConnector@23a9ba52{HTTP/1.1,[http/1.1]}{0.0.0.0:43038}
2019-10-02 17:48:57,111 [main] INFO  server.Server (Server.java:doStart(419)) - Started @2771ms
2019-10-02 17:48:57,113 [main] INFO  impl.MetricsSinkAdapter (MetricsSinkAdapter.java:start(204)) - Sink prometheus started
2019-10-02 17:48:57,113 [main] INFO  impl.MetricsSystemImpl (MetricsSystemImpl.java:registerSink(301)) - Registered sink prometheus
2019-10-02 17:48:57,115 [main] INFO  server.BaseHttpServer (BaseHttpServer.java:updateConnectorAddress(215)) - HTTP server of SCM is listening at http://0.0.0.0:43038
2019-10-02 17:48:57,121 [org.apache.hadoop.util.JvmPauseMonitor$Monitor@245a26e1] INFO  util.JvmPauseMonitor (JvmPauseMonitor.java:run(188)) - Starting JVM pause monitor
2019-10-02 17:48:57,125 [main] WARN  server.ServerUtils (ServerUtils.java:getDBPath(222)) - ozone.om.db.dirs is not configured. We recommend adding this setting. Falling back to ozone.metadata.dirs instead.
2019-10-02 17:48:57,239 [main] WARN  server.ServerUtils (ServerUtils.java:getDBPath(222)) - ozone.om.db.dirs is not configured. We recommend adding this setting. Falling back to ozone.metadata.dirs instead.
2019-10-02 17:48:57,240 [main] WARN  server.ServerUtils (ServerUtils.java:getDBPath(222)) - ozone.om.db.dirs is not configured. We recommend adding this setting. Falling back to ozone.metadata.dirs instead.
2019-10-02 17:48:57,241 [main] INFO  om.OzoneManager (OzoneManager.java:setOMNodeDetails(652)) - OM Service ID is not set. Setting it to the default ID: omServiceIdDefault
2019-10-02 17:48:57,241 [main] INFO  om.OzoneManager (OzoneManager.java:setOMNodeDetails(658)) - OM Node ID is not set. Setting it to the OmStorage's OmID: 4b6c7a88-88a2-4766-826a-ab4cfca71a95
2019-10-02 17:48:57,242 [main] INFO  om.OzoneManager (OzoneManager.java:loadOMHAConfigs(609)) - Found matching OM address with OMServiceId: null, OMNodeId: null, RPC Address: localhost:0 and Ratis port: 9872
2019-10-02 17:48:57,991 [main] WARN  server.ServerUtils (ServerUtils.java:getDBPath(222)) - ozone.om.db.dirs is not configured. We recommend adding this setting. Falling back to ozone.metadata.dirs instead.
2019-10-02 17:48:57,999 [main] INFO  db.DBStoreBuilder (DBStoreBuilder.java:addTable(110)) - using custom profile for table: userTable
2019-10-02 17:48:58,000 [main] INFO  db.DBStoreBuilder (DBStoreBuilder.java:processTables(161)) - Using default column profile:DBProfile.DISK for Table:userTable
2019-10-02 17:48:58,000 [main] INFO  db.DBStoreBuilder (DBStoreBuilder.java:addTable(110)) - using custom profile for table: volumeTable
2019-10-02 17:48:58,000 [main] INFO  db.DBStoreBuilder (DBStoreBuilder.java:processTables(161)) - Using default column profile:DBProfile.DISK for Table:volumeTable
2019-10-02 17:48:58,000 [main] INFO  db.DBStoreBuilder (DBStoreBuilder.java:addTable(110)) - using custom profile for table: bucketTable
2019-10-02 17:48:58,001 [main] INFO  db.DBStoreBuilder (DBStoreBuilder.java:processTables(161)) - Using default column profile:DBProfile.DISK for Table:bucketTable
2019-10-02 17:48:58,001 [main] INFO  db.DBStoreBuilder (DBStoreBuilder.java:addTable(110)) - using custom profile for table: keyTable
2019-10-02 17:48:58,001 [main] INFO  db.DBStoreBuilder (DBStoreBuilder.java:processTables(161)) - Using default column profile:DBProfile.DISK for Table:keyTable
2019-10-02 17:48:58,001 [main] INFO  db.DBStoreBuilder (DBStoreBuilder.java:addTable(110)) - using custom profile for table: deletedTable
2019-10-02 17:48:58,002 [main] INFO  db.DBStoreBuilder (DBStoreBuilder.java:processTables(161)) - Using default column profile:DBProfile.DISK for Table:deletedTable
2019-10-02 17:48:58,002 [main] INFO  db.DBStoreBuilder (DBStoreBuilder.java:addTable(110)) - using custom profile for table: openKeyTable
2019-10-02 17:48:58,002 [main] INFO  db.DBStoreBuilder (DBStoreBuilder.java:processTables(161)) - Using default column profile:DBProfile.DISK for Table:openKeyTable
2019-10-02 17:48:58,002 [main] INFO  db.DBStoreBuilder (DBStoreBuilder.java:addTable(110)) - using custom profile for table: s3Table
2019-10-02 17:48:58,003 [main] INFO  db.DBStoreBuilder (DBStoreBuilder.java:processTables(161)) - Using default column profile:DBProfile.DISK for Table:s3Table
2019-10-02 17:48:58,003 [main] INFO  db.DBStoreBuilder (DBStoreBuilder.java:addTable(110)) - using custom profile for table: multipartInfoTable
2019-10-02 17:48:58,003 [main] INFO  db.DBStoreBuilder (DBStoreBuilder.java:processTables(161)) - Using default column profile:DBProfile.DISK for Table:multipartInfoTable
2019-10-02 17:48:58,003 [main] INFO  db.DBStoreBuilder (DBStoreBuilder.java:addTable(110)) - using custom profile for table: dTokenTable
2019-10-02 17:48:58,004 [main] INFO  db.DBStoreBuilder (DBStoreBuilder.java:processTables(161)) - Using default column profile:DBProfile.DISK for Table:dTokenTable
2019-10-02 17:48:58,004 [main] INFO  db.DBStoreBuilder (DBStoreBuilder.java:addTable(110)) - using custom profile for table: s3SecretTable
2019-10-02 17:48:58,004 [main] INFO  db.DBStoreBuilder (DBStoreBuilder.java:processTables(161)) - Using default column profile:DBProfile.DISK for Table:s3SecretTable
2019-10-02 17:48:58,004 [main] INFO  db.DBStoreBuilder (DBStoreBuilder.java:addTable(110)) - using custom profile for table: prefixTable
2019-10-02 17:48:58,005 [main] INFO  db.DBStoreBuilder (DBStoreBuilder.java:processTables(161)) - Using default column profile:DBProfile.DISK for Table:prefixTable
2019-10-02 17:48:58,005 [main] INFO  db.DBStoreBuilder (DBStoreBuilder.java:addTable(110)) - using custom profile for table: default
2019-10-02 17:48:58,005 [main] INFO  db.DBStoreBuilder (DBStoreBuilder.java:processTables(167)) - Using default column profile:DBProfile.DISK for Table:default
2019-10-02 17:48:58,005 [main] INFO  db.DBStoreBuilder (DBStoreBuilder.java:getDbProfile(198)) - Using default options. DBProfile.DISK
2019-10-02 17:48:58,456 [main] INFO  ipc.CallQueueManager (CallQueueManager.java:<init>(84)) - Using callQueue: class java.util.concurrent.LinkedBlockingQueue, queueCapacity: 2000, scheduler: class org.apache.hadoop.ipc.DefaultRpcScheduler, ipcBackoff: false.
2019-10-02 17:48:58,457 [Socket Reader #1 for port 44923] INFO  ipc.Server (Server.java:run(1074)) - Starting Socket Reader #1 for port 44923
2019-10-02 17:48:58,486 [main] INFO  om.OzoneManager (OzoneManager.java:start(1243)) - OzoneManager RPC server is listening at localhost/127.0.0.1:44923
2019-10-02 17:48:58,487 [main] INFO  impl.MetricsSystemImpl (MetricsSystemImpl.java:init(158)) - OzoneManager metrics system started (again)
2019-10-02 17:48:58,488 [IPC Server Responder] INFO  ipc.Server (Server.java:run(1314)) - IPC Server Responder: starting
2019-10-02 17:48:58,489 [IPC Server listener on 44923] INFO  ipc.Server (Server.java:run(1153)) - IPC Server listener on 44923: starting
2019-10-02 17:48:58,495 [main] INFO  hdfs.DFSUtil (DFSUtil.java:httpServerTemplateForNNAndJN(1641)) - Starting Web-server for ozoneManager at: http://0.0.0.0:0
2019-10-02 17:48:58,499 [main] INFO  server.AuthenticationFilter (AuthenticationFilter.java:constructSecretProvider(240)) - Unable to initialize FileSignerSecretProvider, falling back to use random secrets.
2019-10-02 17:48:58,500 [main] WARN  http.HttpRequestLog (HttpRequestLog.java:getRequestLog(97)) - Jetty request log can only be enabled using Log4j
2019-10-02 17:48:58,506 [main] INFO  http.HttpServer2 (HttpServer2.java:addGlobalFilter(975)) - Added global filter 'safety' (class=org.apache.hadoop.http.HttpServer2$QuotingInputFilter)
2019-10-02 17:48:58,508 [main] INFO  http.HttpServer2 (HttpServer2.java:addFilter(948)) - Added filter static_user_filter (class=org.apache.hadoop.http.lib.StaticUserWebFilter$StaticUserFilter) to context ozoneManager
2019-10-02 17:48:58,509 [main] INFO  http.HttpServer2 (HttpServer2.java:addFilter(958)) - Added filter static_user_filter (class=org.apache.hadoop.http.lib.StaticUserWebFilter$StaticUserFilter) to context static
2019-10-02 17:48:58,509 [main] INFO  http.HttpServer2 (HttpServer2.java:addFilter(958)) - Added filter static_user_filter (class=org.apache.hadoop.http.lib.StaticUserWebFilter$StaticUserFilter) to context logs
2019-10-02 17:48:58,514 [main] INFO  http.HttpServer2 (HttpServer2.java:bindListener(1191)) - Jetty bound to port 46216
2019-10-02 17:48:58,514 [main] INFO  server.Server (Server.java:doStart(351)) - jetty-9.3.25.v20180904, build timestamp: 2018-09-04T21:11:46Z, git hash: 3ce520221d0240229c862b122d2b06c12a625732
2019-10-02 17:48:58,518 [main] INFO  handler.ContextHandler (ContextHandler.java:doStart(781)) - Started o.e.j.s.ServletContextHandler@31cb96e1{/logs,file:///workdir/hadoop-ozone/integration-test/target/log,AVAILABLE}
2019-10-02 17:48:58,519 [main] INFO  handler.ContextHandler (ContextHandler.java:doStart(781)) - Started o.e.j.s.ServletContextHandler@64030b91{/static,file:///workdir/hadoop-ozone/integration-test/target/test-classes/webapps/static,AVAILABLE}
2019-10-02 17:48:58,527 [main] INFO  handler.ContextHandler (ContextHandler.java:doStart(781)) - Started o.e.j.w.WebAppContext@55cff952{/,file:///workdir/hadoop-ozone/integration-test/target/test-classes/webapps/ozoneManager/,AVAILABLE}{/ozoneManager}
2019-10-02 17:48:58,528 [main] INFO  server.AbstractConnector (AbstractConnector.java:doStart(278)) - Started ServerConnector@660591fb{HTTP/1.1,[http/1.1]}{0.0.0.0:46216}
2019-10-02 17:48:58,529 [main] INFO  server.Server (Server.java:doStart(419)) - Started @4189ms
2019-10-02 17:48:58,530 [main] WARN  impl.MetricsSystemImpl (MetricsSystemImpl.java:register(276)) - Sink prometheus already exists!
2019-10-02 17:48:58,531 [main] INFO  server.BaseHttpServer (BaseHttpServer.java:updateConnectorAddress(215)) - HTTP server of OZONEMANAGER is listening at http://0.0.0.0:46216
2019-10-02 17:48:58,840 [main] INFO  impl.MetricsSystemImpl (MetricsSystemImpl.java:init(158)) - HddsDatanode metrics system started (again)
2019-10-02 17:48:58,889 [main] INFO  ozone.HddsDatanodeService (HddsDatanodeService.java:start(184)) - HddsDatanodeService host:pr-trunk-fgz7f-2353921243 ip:192.168.151.72
2019-10-02 17:48:58,923 [main] INFO  volume.HddsVolume (HddsVolume.java:<init>(176)) - Creating Volume: /workdir/hadoop-ozone/integration-test/target/test-dir/MiniOzoneClusterImpl-d02e41fa-f6e1-4cca-b896-e100a645b5cc/datanode-0/data/containers/hdds of  storage type : DISK and capacity : 1482555576320
2019-10-02 17:48:58,924 [main] INFO  volume.VolumeSet (VolumeSet.java:initializeVolumeSet(170)) - Added Volume : /workdir/hadoop-ozone/integration-test/target/test-dir/MiniOzoneClusterImpl-d02e41fa-f6e1-4cca-b896-e100a645b5cc/datanode-0/data/containers/hdds to VolumeSet
2019-10-02 17:48:58,927 [main] INFO  volume.ThrottledAsyncChecker (ThrottledAsyncChecker.java:schedule(139)) - Scheduling a check for org.apache.hadoop.ozone.container.common.volume.HddsVolume@3f29e26
2019-10-02 17:48:58,943 [main] INFO  volume.HddsVolumeChecker (HddsVolumeChecker.java:checkAllVolumes(202)) - Scheduled health check for volume org.apache.hadoop.ozone.container.common.volume.HddsVolume@3f29e26
2019-10-02 17:48:59,051 [main] INFO  impl.RaftServerProxy (ConfUtils.java:logGet(43)) - raft.rpc.type = GRPC (default)
2019-10-02 17:48:59,117 [main] INFO  grpc.GrpcFactory (GrpcFactory.java:checkPooledByteBufAllocatorUseCacheForAllThreads(45)) - PERFORMANCE WARNING: useCacheForAllThreads is true that may cause Netty to create a lot garbage objects and, as a result, trigger GC.
	It is recommended to disable useCacheForAllThreads by setting -Dorg.apache.ratis.thirdparty.io.netty.allocator.useCacheForAllThreads=false in command line.
2019-10-02 17:48:59,126 [main] INFO  grpc.GrpcConfigKeys$Server (ConfUtils.java:logGet(43)) - raft.grpc.server.port = 0 (default)
2019-10-02 17:48:59,128 [main] INFO  server.GrpcService (ConfUtils.java:logGet(43)) - raft.grpc.message.size.max = 33570816 (custom)
2019-10-02 17:48:59,130 [main] INFO  server.RaftServerConfigKeys (ConfUtils.java:logGet(43)) - raft.server.log.appender.buffer.byte-limit = 33554432 (custom)
2019-10-02 17:48:59,132 [main] INFO  server.GrpcService (ConfUtils.java:logGet(43)) - raft.grpc.flow.control.window = 1MB (=1048576) (default)
2019-10-02 17:48:59,133 [main] INFO  server.RaftServerConfigKeys (ConfUtils.java:logGet(43)) - raft.server.rpc.request.timeout = 3000ms (default)
2019-10-02 17:48:59,374 [main] INFO  server.RaftServerConfigKeys (ConfUtils.java:logGet(43)) - raft.server.storage.dir = [/workdir/hadoop-ozone/integration-test/target/test-dir/MiniOzoneClusterImpl-d02e41fa-f6e1-4cca-b896-e100a645b5cc/datanode-0/data/ratis] (custom)
2019-10-02 17:48:59,437 [main] INFO  hdfs.DFSUtil (DFSUtil.java:httpServerTemplateForNNAndJN(1641)) - Starting Web-server for hddsDatanode at: http://0.0.0.0:0
2019-10-02 17:48:59,440 [main] INFO  server.AuthenticationFilter (AuthenticationFilter.java:constructSecretProvider(240)) - Unable to initialize FileSignerSecretProvider, falling back to use random secrets.
2019-10-02 17:48:59,441 [main] WARN  http.HttpRequestLog (HttpRequestLog.java:getRequestLog(97)) - Jetty request log can only be enabled using Log4j
2019-10-02 17:48:59,443 [main] INFO  http.HttpServer2 (HttpServer2.java:addGlobalFilter(975)) - Added global filter 'safety' (class=org.apache.hadoop.http.HttpServer2$QuotingInputFilter)
2019-10-02 17:48:59,444 [main] INFO  http.HttpServer2 (HttpServer2.java:addFilter(948)) - Added filter static_user_filter (class=org.apache.hadoop.http.lib.StaticUserWebFilter$StaticUserFilter) to context hddsDatanode
2019-10-02 17:48:59,444 [main] INFO  http.HttpServer2 (HttpServer2.java:addFilter(958)) - Added filter static_user_filter (class=org.apache.hadoop.http.lib.StaticUserWebFilter$StaticUserFilter) to context logs
2019-10-02 17:48:59,444 [main] INFO  http.HttpServer2 (HttpServer2.java:addFilter(958)) - Added filter static_user_filter (class=org.apache.hadoop.http.lib.StaticUserWebFilter$StaticUserFilter) to context static
2019-10-02 17:48:59,446 [main] INFO  http.HttpServer2 (HttpServer2.java:bindListener(1191)) - Jetty bound to port 33891
2019-10-02 17:48:59,446 [main] INFO  server.Server (Server.java:doStart(351)) - jetty-9.3.25.v20180904, build timestamp: 2018-09-04T21:11:46Z, git hash: 3ce520221d0240229c862b122d2b06c12a625732
2019-10-02 17:48:59,448 [main] INFO  handler.ContextHandler (ContextHandler.java:doStart(781)) - Started o.e.j.s.ServletContextHandler@65b97f47{/logs,file:///workdir/hadoop-ozone/integration-test/target/log,AVAILABLE}
2019-10-02 17:48:59,449 [main] INFO  handler.ContextHandler (ContextHandler.java:doStart(781)) - Started o.e.j.s.ServletContextHandler@476fe690{/static,jar:file:/home/user/.m2/repository/org/apache/hadoop/hadoop-hdds-container-service/0.5.0-SNAPSHOT/hadoop-hdds-container-service-0.5.0-SNAPSHOT.jar!/webapps/static,AVAILABLE}
2019-10-02 17:48:59,484 [main] INFO  handler.ContextHandler (ContextHandler.java:doStart(781)) - Started o.e.j.w.WebAppContext@6dd1c3ed{/,file:///tmp/jetty-0.0.0.0-33891-hddsDatanode-_-any-6007851757854080168.dir/webapp/,AVAILABLE}{/hddsDatanode}
2019-10-02 17:48:59,484 [main] INFO  server.AbstractConnector (AbstractConnector.java:doStart(278)) - Started ServerConnector@22a6e998{HTTP/1.1,[http/1.1]}{0.0.0.0:33891}
2019-10-02 17:48:59,485 [main] INFO  server.Server (Server.java:doStart(419)) - Started @5145ms
2019-10-02 17:48:59,486 [main] WARN  impl.MetricsSystemImpl (MetricsSystemImpl.java:register(276)) - Sink prometheus already exists!
2019-10-02 17:48:59,487 [main] INFO  server.BaseHttpServer (BaseHttpServer.java:updateConnectorAddress(215)) - HTTP server of HDDSDATANODE is listening at http://0.0.0.0:33891
2019-10-02 17:48:59,488 [main] INFO  impl.MetricsSystemImpl (MetricsSystemImpl.java:init(158)) - HddsDatanode metrics system started (again)
2019-10-02 17:48:59,492 [main] INFO  ozone.HddsDatanodeService (HddsDatanodeService.java:start(184)) - HddsDatanodeService host:pr-trunk-fgz7f-2353921243 ip:192.168.151.72
2019-10-02 17:48:59,493 [org.apache.hadoop.util.JvmPauseMonitor$Monitor@3145b9c7] INFO  util.JvmPauseMonitor (JvmPauseMonitor.java:run(188)) - Starting JVM pause monitor
2019-10-02 17:48:59,502 [main] INFO  volume.HddsVolume (HddsVolume.java:<init>(176)) - Creating Volume: /workdir/hadoop-ozone/integration-test/target/test-dir/MiniOzoneClusterImpl-d02e41fa-f6e1-4cca-b896-e100a645b5cc/datanode-1/data/containers/hdds of  storage type : DISK and capacity : 1482555576320
2019-10-02 17:48:59,502 [main] INFO  volume.VolumeSet (VolumeSet.java:initializeVolumeSet(170)) - Added Volume : /workdir/hadoop-ozone/integration-test/target/test-dir/MiniOzoneClusterImpl-d02e41fa-f6e1-4cca-b896-e100a645b5cc/datanode-1/data/containers/hdds to VolumeSet
2019-10-02 17:48:59,503 [main] INFO  volume.ThrottledAsyncChecker (ThrottledAsyncChecker.java:schedule(139)) - Scheduling a check for org.apache.hadoop.ozone.container.common.volume.HddsVolume@5460b754
2019-10-02 17:48:59,503 [main] INFO  volume.HddsVolumeChecker (HddsVolumeChecker.java:checkAllVolumes(202)) - Scheduled health check for volume org.apache.hadoop.ozone.container.common.volume.HddsVolume@5460b754
2019-10-02 17:48:59,518 [main] INFO  impl.RaftServerProxy (ConfUtils.java:logGet(43)) - raft.rpc.type = GRPC (default)
2019-10-02 17:48:59,518 [main] INFO  grpc.GrpcFactory (GrpcFactory.java:checkPooledByteBufAllocatorUseCacheForAllThreads(45)) - PERFORMANCE WARNING: useCacheForAllThreads is true that may cause Netty to create a lot garbage objects and, as a result, trigger GC.
	It is recommended to disable useCacheForAllThreads by setting -Dorg.apache.ratis.thirdparty.io.netty.allocator.useCacheForAllThreads=false in command line.
2019-10-02 17:48:59,519 [main] INFO  grpc.GrpcConfigKeys$Server (ConfUtils.java:logGet(43)) - raft.grpc.server.port = 0 (default)
2019-10-02 17:48:59,519 [main] INFO  server.GrpcService (ConfUtils.java:logGet(43)) - raft.grpc.message.size.max = 33570816 (custom)
2019-10-02 17:48:59,520 [main] INFO  server.RaftServerConfigKeys (ConfUtils.java:logGet(43)) - raft.server.log.appender.buffer.byte-limit = 33554432 (custom)
2019-10-02 17:48:59,520 [main] INFO  server.GrpcService (ConfUtils.java:logGet(43)) - raft.grpc.flow.control.window = 1MB (=1048576) (default)
2019-10-02 17:48:59,520 [main] INFO  server.RaftServerConfigKeys (ConfUtils.java:logGet(43)) - raft.server.rpc.request.timeout = 3000ms (default)
2019-10-02 17:48:59,521 [main] INFO  server.RaftServerConfigKeys (ConfUtils.java:logGet(43)) - raft.server.storage.dir = [/workdir/hadoop-ozone/integration-test/target/test-dir/MiniOzoneClusterImpl-d02e41fa-f6e1-4cca-b896-e100a645b5cc/datanode-1/data/ratis] (custom)
2019-10-02 17:48:59,523 [main] INFO  hdfs.DFSUtil (DFSUtil.java:httpServerTemplateForNNAndJN(1641)) - Starting Web-server for hddsDatanode at: http://0.0.0.0:0
2019-10-02 17:48:59,524 [main] INFO  server.AuthenticationFilter (AuthenticationFilter.java:constructSecretProvider(240)) - Unable to initialize FileSignerSecretProvider, falling back to use random secrets.
2019-10-02 17:48:59,526 [main] WARN  http.HttpRequestLog (HttpRequestLog.java:getRequestLog(97)) - Jetty request log can only be enabled using Log4j
2019-10-02 17:48:59,528 [main] INFO  http.HttpServer2 (HttpServer2.java:addGlobalFilter(975)) - Added global filter 'safety' (class=org.apache.hadoop.http.HttpServer2$QuotingInputFilter)
2019-10-02 17:48:59,528 [main] INFO  http.HttpServer2 (HttpServer2.java:addFilter(948)) - Added filter static_user_filter (class=org.apache.hadoop.http.lib.StaticUserWebFilter$StaticUserFilter) to context hddsDatanode
2019-10-02 17:48:59,529 [main] INFO  http.HttpServer2 (HttpServer2.java:addFilter(958)) - Added filter static_user_filter (class=org.apache.hadoop.http.lib.StaticUserWebFilter$StaticUserFilter) to context static
2019-10-02 17:48:59,529 [main] INFO  http.HttpServer2 (HttpServer2.java:addFilter(958)) - Added filter static_user_filter (class=org.apache.hadoop.http.lib.StaticUserWebFilter$StaticUserFilter) to context logs
2019-10-02 17:48:59,530 [main] INFO  http.HttpServer2 (HttpServer2.java:bindListener(1191)) - Jetty bound to port 37650
2019-10-02 17:48:59,530 [main] INFO  server.Server (Server.java:doStart(351)) - jetty-9.3.25.v20180904, build timestamp: 2018-09-04T21:11:46Z, git hash: 3ce520221d0240229c862b122d2b06c12a625732
2019-10-02 17:48:59,533 [main] INFO  handler.ContextHandler (ContextHandler.java:doStart(781)) - Started o.e.j.s.ServletContextHandler@25ad4f71{/logs,file:///workdir/hadoop-ozone/integration-test/target/log,AVAILABLE}
2019-10-02 17:48:59,534 [main] INFO  handler.ContextHandler (ContextHandler.java:doStart(781)) - Started o.e.j.s.ServletContextHandler@6f94a5a5{/static,jar:file:/home/user/.m2/repository/org/apache/hadoop/hadoop-hdds-container-service/0.5.0-SNAPSHOT/hadoop-hdds-container-service-0.5.0-SNAPSHOT.jar!/webapps/static,AVAILABLE}
2019-10-02 17:48:59,563 [main] INFO  handler.ContextHandler (ContextHandler.java:doStart(781)) - Started o.e.j.w.WebAppContext@522bf64e{/,file:///tmp/jetty-0.0.0.0-37650-hddsDatanode-_-any-1467860133193563732.dir/webapp/,AVAILABLE}{/hddsDatanode}
2019-10-02 17:48:59,564 [main] INFO  server.AbstractConnector (AbstractConnector.java:doStart(278)) - Started ServerConnector@2aff9dff{HTTP/1.1,[http/1.1]}{0.0.0.0:37650}
2019-10-02 17:48:59,565 [main] INFO  server.Server (Server.java:doStart(419)) - Started @5225ms
2019-10-02 17:48:59,566 [main] WARN  impl.MetricsSystemImpl (MetricsSystemImpl.java:register(276)) - Sink prometheus already exists!
2019-10-02 17:48:59,567 [main] INFO  server.BaseHttpServer (BaseHttpServer.java:updateConnectorAddress(215)) - HTTP server of HDDSDATANODE is listening at http://0.0.0.0:37650
2019-10-02 17:48:59,567 [main] INFO  impl.MetricsSystemImpl (MetricsSystemImpl.java:init(158)) - HddsDatanode metrics system started (again)
2019-10-02 17:48:59,570 [org.apache.hadoop.util.JvmPauseMonitor$Monitor@783bfbd3] INFO  util.JvmPauseMonitor (JvmPauseMonitor.java:run(188)) - Starting JVM pause monitor
2019-10-02 17:48:59,570 [main] INFO  ozone.HddsDatanodeService (HddsDatanodeService.java:start(184)) - HddsDatanodeService host:pr-trunk-fgz7f-2353921243 ip:192.168.151.72
2019-10-02 17:48:59,578 [main] INFO  volume.HddsVolume (HddsVolume.java:<init>(176)) - Creating Volume: /workdir/hadoop-ozone/integration-test/target/test-dir/MiniOzoneClusterImpl-d02e41fa-f6e1-4cca-b896-e100a645b5cc/datanode-2/data/containers/hdds of  storage type : DISK and capacity : 1482555576320
2019-10-02 17:48:59,578 [main] INFO  volume.VolumeSet (VolumeSet.java:initializeVolumeSet(170)) - Added Volume : /workdir/hadoop-ozone/integration-test/target/test-dir/MiniOzoneClusterImpl-d02e41fa-f6e1-4cca-b896-e100a645b5cc/datanode-2/data/containers/hdds to VolumeSet
2019-10-02 17:48:59,579 [main] INFO  volume.ThrottledAsyncChecker (ThrottledAsyncChecker.java:schedule(139)) - Scheduling a check for org.apache.hadoop.ozone.container.common.volume.HddsVolume@4d21c56e
2019-10-02 17:48:59,579 [main] INFO  volume.HddsVolumeChecker (HddsVolumeChecker.java:checkAllVolumes(202)) - Scheduled health check for volume org.apache.hadoop.ozone.container.common.volume.HddsVolume@4d21c56e
2019-10-02 17:48:59,593 [main] INFO  impl.RaftServerProxy (ConfUtils.java:logGet(43)) - raft.rpc.type = GRPC (default)
2019-10-02 17:48:59,593 [main] INFO  grpc.GrpcFactory (GrpcFactory.java:checkPooledByteBufAllocatorUseCacheForAllThreads(45)) - PERFORMANCE WARNING: useCacheForAllThreads is true that may cause Netty to create a lot garbage objects and, as a result, trigger GC.
	It is recommended to disable useCacheForAllThreads by setting -Dorg.apache.ratis.thirdparty.io.netty.allocator.useCacheForAllThreads=false in command line.
2019-10-02 17:48:59,594 [main] INFO  grpc.GrpcConfigKeys$Server (ConfUtils.java:logGet(43)) - raft.grpc.server.port = 0 (default)
2019-10-02 17:48:59,594 [main] INFO  server.GrpcService (ConfUtils.java:logGet(43)) - raft.grpc.message.size.max = 33570816 (custom)
2019-10-02 17:48:59,594 [main] INFO  server.RaftServerConfigKeys (ConfUtils.java:logGet(43)) - raft.server.log.appender.buffer.byte-limit = 33554432 (custom)
2019-10-02 17:48:59,595 [main] INFO  server.GrpcService (ConfUtils.java:logGet(43)) - raft.grpc.flow.control.window = 1MB (=1048576) (default)
2019-10-02 17:48:59,595 [main] INFO  server.RaftServerConfigKeys (ConfUtils.java:logGet(43)) - raft.server.rpc.request.timeout = 3000ms (default)
2019-10-02 17:48:59,595 [main] INFO  server.RaftServerConfigKeys (ConfUtils.java:logGet(43)) - raft.server.storage.dir = [/workdir/hadoop-ozone/integration-test/target/test-dir/MiniOzoneClusterImpl-d02e41fa-f6e1-4cca-b896-e100a645b5cc/datanode-2/data/ratis] (custom)
2019-10-02 17:48:59,598 [main] INFO  hdfs.DFSUtil (DFSUtil.java:httpServerTemplateForNNAndJN(1641)) - Starting Web-server for hddsDatanode at: http://0.0.0.0:0
2019-10-02 17:48:59,599 [main] INFO  server.AuthenticationFilter (AuthenticationFilter.java:constructSecretProvider(240)) - Unable to initialize FileSignerSecretProvider, falling back to use random secrets.
2019-10-02 17:48:59,599 [main] WARN  http.HttpRequestLog (HttpRequestLog.java:getRequestLog(97)) - Jetty request log can only be enabled using Log4j
2019-10-02 17:48:59,601 [main] INFO  http.HttpServer2 (HttpServer2.java:addGlobalFilter(975)) - Added global filter 'safety' (class=org.apache.hadoop.http.HttpServer2$QuotingInputFilter)
2019-10-02 17:48:59,602 [main] INFO  http.HttpServer2 (HttpServer2.java:addFilter(948)) - Added filter static_user_filter (class=org.apache.hadoop.http.lib.StaticUserWebFilter$StaticUserFilter) to context hddsDatanode
2019-10-02 17:48:59,602 [main] INFO  http.HttpServer2 (HttpServer2.java:addFilter(958)) - Added filter static_user_filter (class=org.apache.hadoop.http.lib.StaticUserWebFilter$StaticUserFilter) to context logs
2019-10-02 17:48:59,602 [main] INFO  http.HttpServer2 (HttpServer2.java:addFilter(958)) - Added filter static_user_filter (class=org.apache.hadoop.http.lib.StaticUserWebFilter$StaticUserFilter) to context static
2019-10-02 17:48:59,603 [main] INFO  http.HttpServer2 (HttpServer2.java:bindListener(1191)) - Jetty bound to port 42844
2019-10-02 17:48:59,603 [main] INFO  server.Server (Server.java:doStart(351)) - jetty-9.3.25.v20180904, build timestamp: 2018-09-04T21:11:46Z, git hash: 3ce520221d0240229c862b122d2b06c12a625732
2019-10-02 17:48:59,606 [main] INFO  handler.ContextHandler (ContextHandler.java:doStart(781)) - Started o.e.j.s.ServletContextHandler@10f7c76{/logs,file:///workdir/hadoop-ozone/integration-test/target/log,AVAILABLE}
2019-10-02 17:48:59,606 [main] INFO  handler.ContextHandler (ContextHandler.java:doStart(781)) - Started o.e.j.s.ServletContextHandler@2f2bff16{/static,jar:file:/home/user/.m2/repository/org/apache/hadoop/hadoop-hdds-container-service/0.5.0-SNAPSHOT/hadoop-hdds-container-service-0.5.0-SNAPSHOT.jar!/webapps/static,AVAILABLE}
2019-10-02 17:48:59,611 [Datanode State Machine Thread - 0] INFO  datanode.InitDatanodeState (InitDatanodeState.java:persistContainerDatanodeDetails(140)) - DatanodeDetails is persisted to /workdir/hadoop-ozone/integration-test/target/test-dir/MiniOzoneClusterImpl-d02e41fa-f6e1-4cca-b896-e100a645b5cc/datanode-0/meta/datanode.id
2019-10-02 17:48:59,615 [Datanode State Machine Thread - 0] INFO  datanode.InitDatanodeState (InitDatanodeState.java:persistContainerDatanodeDetails(140)) - DatanodeDetails is persisted to /workdir/hadoop-ozone/integration-test/target/test-dir/MiniOzoneClusterImpl-d02e41fa-f6e1-4cca-b896-e100a645b5cc/datanode-1/meta/datanode.id
2019-10-02 17:48:59,638 [main] INFO  handler.ContextHandler (ContextHandler.java:doStart(781)) - Started o.e.j.w.WebAppContext@7724704f{/,file:///tmp/jetty-0.0.0.0-42844-hddsDatanode-_-any-5527962667297393340.dir/webapp/,AVAILABLE}{/hddsDatanode}
2019-10-02 17:48:59,639 [main] INFO  server.AbstractConnector (AbstractConnector.java:doStart(278)) - Started ServerConnector@3dfa819{HTTP/1.1,[http/1.1]}{0.0.0.0:42844}
2019-10-02 17:48:59,640 [main] INFO  server.Server (Server.java:doStart(419)) - Started @5300ms
2019-10-02 17:48:59,640 [main] WARN  impl.MetricsSystemImpl (MetricsSystemImpl.java:register(276)) - Sink prometheus already exists!
2019-10-02 17:48:59,641 [main] INFO  server.BaseHttpServer (BaseHttpServer.java:updateConnectorAddress(215)) - HTTP server of HDDSDATANODE is listening at http://0.0.0.0:42844
2019-10-02 17:48:59,642 [main] INFO  impl.MetricsSystemImpl (MetricsSystemImpl.java:init(158)) - HddsDatanode metrics system started (again)
2019-10-02 17:48:59,645 [org.apache.hadoop.util.JvmPauseMonitor$Monitor@4b257724] INFO  util.JvmPauseMonitor (JvmPauseMonitor.java:run(188)) - Starting JVM pause monitor
2019-10-02 17:48:59,645 [main] INFO  ozone.HddsDatanodeService (HddsDatanodeService.java:start(184)) - HddsDatanodeService host:pr-trunk-fgz7f-2353921243 ip:192.168.151.72
2019-10-02 17:48:59,647 [Datanode State Machine Thread - 0] INFO  datanode.InitDatanodeState (InitDatanodeState.java:persistContainerDatanodeDetails(140)) - DatanodeDetails is persisted to /workdir/hadoop-ozone/integration-test/target/test-dir/MiniOzoneClusterImpl-d02e41fa-f6e1-4cca-b896-e100a645b5cc/datanode-2/meta/datanode.id
2019-10-02 17:48:59,651 [main] INFO  volume.HddsVolume (HddsVolume.java:<init>(176)) - Creating Volume: /workdir/hadoop-ozone/integration-test/target/test-dir/MiniOzoneClusterImpl-d02e41fa-f6e1-4cca-b896-e100a645b5cc/datanode-3/data/containers/hdds of  storage type : DISK and capacity : 1482555576320
2019-10-02 17:48:59,652 [main] INFO  volume.VolumeSet (VolumeSet.java:initializeVolumeSet(170)) - Added Volume : /workdir/hadoop-ozone/integration-test/target/test-dir/MiniOzoneClusterImpl-d02e41fa-f6e1-4cca-b896-e100a645b5cc/datanode-3/data/containers/hdds to VolumeSet
2019-10-02 17:48:59,652 [main] INFO  volume.ThrottledAsyncChecker (ThrottledAsyncChecker.java:schedule(139)) - Scheduling a check for org.apache.hadoop.ozone.container.common.volume.HddsVolume@1305c126
2019-10-02 17:48:59,653 [main] INFO  volume.HddsVolumeChecker (HddsVolumeChecker.java:checkAllVolumes(202)) - Scheduled health check for volume org.apache.hadoop.ozone.container.common.volume.HddsVolume@1305c126
2019-10-02 17:48:59,668 [main] INFO  impl.RaftServerProxy (ConfUtils.java:logGet(43)) - raft.rpc.type = GRPC (default)
2019-10-02 17:48:59,668 [main] INFO  grpc.GrpcFactory (GrpcFactory.java:checkPooledByteBufAllocatorUseCacheForAllThreads(45)) - PERFORMANCE WARNING: useCacheForAllThreads is true that may cause Netty to create a lot garbage objects and, as a result, trigger GC.
	It is recommended to disable useCacheForAllThreads by setting -Dorg.apache.ratis.thirdparty.io.netty.allocator.useCacheForAllThreads=false in command line.
2019-10-02 17:48:59,668 [main] INFO  grpc.GrpcConfigKeys$Server (ConfUtils.java:logGet(43)) - raft.grpc.server.port = 0 (default)
2019-10-02 17:48:59,669 [main] INFO  server.GrpcService (ConfUtils.java:logGet(43)) - raft.grpc.message.size.max = 33570816 (custom)
2019-10-02 17:48:59,669 [main] INFO  server.RaftServerConfigKeys (ConfUtils.java:logGet(43)) - raft.server.log.appender.buffer.byte-limit = 33554432 (custom)
2019-10-02 17:48:59,669 [main] INFO  server.GrpcService (ConfUtils.java:logGet(43)) - raft.grpc.flow.control.window = 1MB (=1048576) (default)
2019-10-02 17:48:59,669 [main] INFO  server.RaftServerConfigKeys (ConfUtils.java:logGet(43)) - raft.server.rpc.request.timeout = 3000ms (default)
2019-10-02 17:48:59,670 [main] INFO  server.RaftServerConfigKeys (ConfUtils.java:logGet(43)) - raft.server.storage.dir = [/workdir/hadoop-ozone/integration-test/target/test-dir/MiniOzoneClusterImpl-d02e41fa-f6e1-4cca-b896-e100a645b5cc/datanode-3/data/ratis] (custom)
2019-10-02 17:48:59,672 [main] INFO  hdfs.DFSUtil (DFSUtil.java:httpServerTemplateForNNAndJN(1641)) - Starting Web-server for hddsDatanode at: http://0.0.0.0:0
2019-10-02 17:48:59,673 [main] INFO  server.AuthenticationFilter (AuthenticationFilter.java:constructSecretProvider(240)) - Unable to initialize FileSignerSecretProvider, falling back to use random secrets.
2019-10-02 17:48:59,673 [main] WARN  http.HttpRequestLog (HttpRequestLog.java:getRequestLog(97)) - Jetty request log can only be enabled using Log4j
2019-10-02 17:48:59,675 [main] INFO  http.HttpServer2 (HttpServer2.java:addGlobalFilter(975)) - Added global filter 'safety' (class=org.apache.hadoop.http.HttpServer2$QuotingInputFilter)
2019-10-02 17:48:59,676 [main] INFO  http.HttpServer2 (HttpServer2.java:addFilter(948)) - Added filter static_user_filter (class=org.apache.hadoop.http.lib.StaticUserWebFilter$StaticUserFilter) to context hddsDatanode
2019-10-02 17:48:59,676 [main] INFO  http.HttpServer2 (HttpServer2.java:addFilter(958)) - Added filter static_user_filter (class=org.apache.hadoop.http.lib.StaticUserWebFilter$StaticUserFilter) to context logs
2019-10-02 17:48:59,676 [main] INFO  http.HttpServer2 (HttpServer2.java:addFilter(958)) - Added filter static_user_filter (class=org.apache.hadoop.http.lib.StaticUserWebFilter$StaticUserFilter) to context static
2019-10-02 17:48:59,677 [main] INFO  http.HttpServer2 (HttpServer2.java:bindListener(1191)) - Jetty bound to port 38641
2019-10-02 17:48:59,677 [main] INFO  server.Server (Server.java:doStart(351)) - jetty-9.3.25.v20180904, build timestamp: 2018-09-04T21:11:46Z, git hash: 3ce520221d0240229c862b122d2b06c12a625732
2019-10-02 17:48:59,682 [main] INFO  handler.ContextHandler (ContextHandler.java:doStart(781)) - Started o.e.j.s.ServletContextHandler@102c577f{/logs,file:///workdir/hadoop-ozone/integration-test/target/log,AVAILABLE}
2019-10-02 17:48:59,682 [main] INFO  handler.ContextHandler (ContextHandler.java:doStart(781)) - Started o.e.j.s.ServletContextHandler@1fb2d5e{/static,jar:file:/home/user/.m2/repository/org/apache/hadoop/hadoop-hdds-container-service/0.5.0-SNAPSHOT/hadoop-hdds-container-service-0.5.0-SNAPSHOT.jar!/webapps/static,AVAILABLE}
2019-10-02 17:48:59,712 [main] INFO  handler.ContextHandler (ContextHandler.java:doStart(781)) - Started o.e.j.w.WebAppContext@45acdd11{/,file:///tmp/jetty-0.0.0.0-38641-hddsDatanode-_-any-8032797030267071001.dir/webapp/,AVAILABLE}{/hddsDatanode}
2019-10-02 17:48:59,712 [main] INFO  server.AbstractConnector (AbstractConnector.java:doStart(278)) - Started ServerConnector@3f0d6038{HTTP/1.1,[http/1.1]}{0.0.0.0:38641}
2019-10-02 17:48:59,714 [main] INFO  server.Server (Server.java:doStart(419)) - Started @5374ms
2019-10-02 17:48:59,715 [main] WARN  impl.MetricsSystemImpl (MetricsSystemImpl.java:register(276)) - Sink prometheus already exists!
2019-10-02 17:48:59,716 [main] INFO  server.BaseHttpServer (BaseHttpServer.java:updateConnectorAddress(215)) - HTTP server of HDDSDATANODE is listening at http://0.0.0.0:38641
2019-10-02 17:48:59,716 [main] INFO  impl.MetricsSystemImpl (MetricsSystemImpl.java:init(158)) - HddsDatanode metrics system started (again)
2019-10-02 17:48:59,719 [org.apache.hadoop.util.JvmPauseMonitor$Monitor@377f4a98] INFO  util.JvmPauseMonitor (JvmPauseMonitor.java:run(188)) - Starting JVM pause monitor
2019-10-02 17:48:59,720 [main] INFO  ozone.HddsDatanodeService (HddsDatanodeService.java:start(184)) - HddsDatanodeService host:pr-trunk-fgz7f-2353921243 ip:192.168.151.72
2019-10-02 17:48:59,721 [Datanode State Machine Thread - 0] INFO  datanode.InitDatanodeState (InitDatanodeState.java:persistContainerDatanodeDetails(140)) - DatanodeDetails is persisted to /workdir/hadoop-ozone/integration-test/target/test-dir/MiniOzoneClusterImpl-d02e41fa-f6e1-4cca-b896-e100a645b5cc/datanode-3/meta/datanode.id
2019-10-02 17:48:59,728 [main] INFO  volume.HddsVolume (HddsVolume.java:<init>(176)) - Creating Volume: /workdir/hadoop-ozone/integration-test/target/test-dir/MiniOzoneClusterImpl-d02e41fa-f6e1-4cca-b896-e100a645b5cc/datanode-4/data/containers/hdds of  storage type : DISK and capacity : 1482555576320
2019-10-02 17:48:59,729 [main] INFO  volume.VolumeSet (VolumeSet.java:initializeVolumeSet(170)) - Added Volume : /workdir/hadoop-ozone/integration-test/target/test-dir/MiniOzoneClusterImpl-d02e41fa-f6e1-4cca-b896-e100a645b5cc/datanode-4/data/containers/hdds to VolumeSet
2019-10-02 17:48:59,729 [main] INFO  volume.ThrottledAsyncChecker (ThrottledAsyncChecker.java:schedule(139)) - Scheduling a check for org.apache.hadoop.ozone.container.common.volume.HddsVolume@1457fde
2019-10-02 17:48:59,730 [main] INFO  volume.HddsVolumeChecker (HddsVolumeChecker.java:checkAllVolumes(202)) - Scheduled health check for volume org.apache.hadoop.ozone.container.common.volume.HddsVolume@1457fde
2019-10-02 17:48:59,744 [main] INFO  impl.RaftServerProxy (ConfUtils.java:logGet(43)) - raft.rpc.type = GRPC (default)
2019-10-02 17:48:59,744 [main] INFO  grpc.GrpcFactory (GrpcFactory.java:checkPooledByteBufAllocatorUseCacheForAllThreads(45)) - PERFORMANCE WARNING: useCacheForAllThreads is true that may cause Netty to create a lot garbage objects and, as a result, trigger GC.
	It is recommended to disable useCacheForAllThreads by setting -Dorg.apache.ratis.thirdparty.io.netty.allocator.useCacheForAllThreads=false in command line.
2019-10-02 17:48:59,744 [main] INFO  grpc.GrpcConfigKeys$Server (ConfUtils.java:logGet(43)) - raft.grpc.server.port = 0 (default)
2019-10-02 17:48:59,744 [main] INFO  server.GrpcService (ConfUtils.java:logGet(43)) - raft.grpc.message.size.max = 33570816 (custom)
2019-10-02 17:48:59,745 [main] INFO  server.RaftServerConfigKeys (ConfUtils.java:logGet(43)) - raft.server.log.appender.buffer.byte-limit = 33554432 (custom)
2019-10-02 17:48:59,745 [main] INFO  server.GrpcService (ConfUtils.java:logGet(43)) - raft.grpc.flow.control.window = 1MB (=1048576) (default)
2019-10-02 17:48:59,745 [main] INFO  server.RaftServerConfigKeys (ConfUtils.java:logGet(43)) - raft.server.rpc.request.timeout = 3000ms (default)
2019-10-02 17:48:59,746 [main] INFO  server.RaftServerConfigKeys (ConfUtils.java:logGet(43)) - raft.server.storage.dir = [/workdir/hadoop-ozone/integration-test/target/test-dir/MiniOzoneClusterImpl-d02e41fa-f6e1-4cca-b896-e100a645b5cc/datanode-4/data/ratis] (custom)
2019-10-02 17:48:59,748 [main] INFO  hdfs.DFSUtil (DFSUtil.java:httpServerTemplateForNNAndJN(1641)) - Starting Web-server for hddsDatanode at: http://0.0.0.0:0
2019-10-02 17:48:59,749 [main] INFO  server.AuthenticationFilter (AuthenticationFilter.java:constructSecretProvider(240)) - Unable to initialize FileSignerSecretProvider, falling back to use random secrets.
2019-10-02 17:48:59,750 [main] WARN  http.HttpRequestLog (HttpRequestLog.java:getRequestLog(97)) - Jetty request log can only be enabled using Log4j
2019-10-02 17:48:59,751 [main] INFO  http.HttpServer2 (HttpServer2.java:addGlobalFilter(975)) - Added global filter 'safety' (class=org.apache.hadoop.http.HttpServer2$QuotingInputFilter)
2019-10-02 17:48:59,752 [main] INFO  http.HttpServer2 (HttpServer2.java:addFilter(948)) - Added filter static_user_filter (class=org.apache.hadoop.http.lib.StaticUserWebFilter$StaticUserFilter) to context hddsDatanode
2019-10-02 17:48:59,752 [main] INFO  http.HttpServer2 (HttpServer2.java:addFilter(958)) - Added filter static_user_filter (class=org.apache.hadoop.http.lib.StaticUserWebFilter$StaticUserFilter) to context static
2019-10-02 17:48:59,752 [main] INFO  http.HttpServer2 (HttpServer2.java:addFilter(958)) - Added filter static_user_filter (class=org.apache.hadoop.http.lib.StaticUserWebFilter$StaticUserFilter) to context logs
2019-10-02 17:48:59,753 [main] INFO  http.HttpServer2 (HttpServer2.java:bindListener(1191)) - Jetty bound to port 42652
2019-10-02 17:48:59,753 [main] INFO  server.Server (Server.java:doStart(351)) - jetty-9.3.25.v20180904, build timestamp: 2018-09-04T21:11:46Z, git hash: 3ce520221d0240229c862b122d2b06c12a625732
2019-10-02 17:48:59,755 [main] INFO  handler.ContextHandler (ContextHandler.java:doStart(781)) - Started o.e.j.s.ServletContextHandler@372ca2d6{/logs,file:///workdir/hadoop-ozone/integration-test/target/log,AVAILABLE}
2019-10-02 17:48:59,756 [main] INFO  handler.ContextHandler (ContextHandler.java:doStart(781)) - Started o.e.j.s.ServletContextHandler@38ed139b{/static,jar:file:/home/user/.m2/repository/org/apache/hadoop/hadoop-hdds-container-service/0.5.0-SNAPSHOT/hadoop-hdds-container-service-0.5.0-SNAPSHOT.jar!/webapps/static,AVAILABLE}
2019-10-02 17:48:59,787 [main] INFO  handler.ContextHandler (ContextHandler.java:doStart(781)) - Started o.e.j.w.WebAppContext@32130e61{/,file:///tmp/jetty-0.0.0.0-42652-hddsDatanode-_-any-8759891395960602189.dir/webapp/,AVAILABLE}{/hddsDatanode}
2019-10-02 17:48:59,788 [main] INFO  server.AbstractConnector (AbstractConnector.java:doStart(278)) - Started ServerConnector@41294371{HTTP/1.1,[http/1.1]}{0.0.0.0:42652}
2019-10-02 17:48:59,788 [main] INFO  server.Server (Server.java:doStart(419)) - Started @5448ms
2019-10-02 17:48:59,792 [main] WARN  impl.MetricsSystemImpl (MetricsSystemImpl.java:register(276)) - Sink prometheus already exists!
2019-10-02 17:48:59,793 [main] INFO  server.BaseHttpServer (BaseHttpServer.java:updateConnectorAddress(215)) - HTTP server of HDDSDATANODE is listening at http://0.0.0.0:42652
2019-10-02 17:48:59,793 [main] INFO  impl.MetricsSystemImpl (MetricsSystemImpl.java:init(158)) - HddsDatanode metrics system started (again)
2019-10-02 17:48:59,796 [org.apache.hadoop.util.JvmPauseMonitor$Monitor@4bb1f8a5] INFO  util.JvmPauseMonitor (JvmPauseMonitor.java:run(188)) - Starting JVM pause monitor
2019-10-02 17:48:59,796 [main] INFO  ozone.HddsDatanodeService (HddsDatanodeService.java:start(184)) - HddsDatanodeService host:pr-trunk-fgz7f-2353921243 ip:192.168.151.72
2019-10-02 17:48:59,799 [Datanode State Machine Thread - 0] INFO  datanode.InitDatanodeState (InitDatanodeState.java:persistContainerDatanodeDetails(140)) - DatanodeDetails is persisted to /workdir/hadoop-ozone/integration-test/target/test-dir/MiniOzoneClusterImpl-d02e41fa-f6e1-4cca-b896-e100a645b5cc/datanode-4/meta/datanode.id
2019-10-02 17:48:59,803 [main] INFO  volume.HddsVolume (HddsVolume.java:<init>(176)) - Creating Volume: /workdir/hadoop-ozone/integration-test/target/test-dir/MiniOzoneClusterImpl-d02e41fa-f6e1-4cca-b896-e100a645b5cc/datanode-5/data/containers/hdds of  storage type : DISK and capacity : 1482555576320
2019-10-02 17:48:59,804 [main] INFO  volume.VolumeSet (VolumeSet.java:initializeVolumeSet(170)) - Added Volume : /workdir/hadoop-ozone/integration-test/target/test-dir/MiniOzoneClusterImpl-d02e41fa-f6e1-4cca-b896-e100a645b5cc/datanode-5/data/containers/hdds to VolumeSet
2019-10-02 17:48:59,804 [main] INFO  volume.ThrottledAsyncChecker (ThrottledAsyncChecker.java:schedule(139)) - Scheduling a check for org.apache.hadoop.ozone.container.common.volume.HddsVolume@31ddb930
2019-10-02 17:48:59,805 [main] INFO  volume.HddsVolumeChecker (HddsVolumeChecker.java:checkAllVolumes(202)) - Scheduled health check for volume org.apache.hadoop.ozone.container.common.volume.HddsVolume@31ddb930
2019-10-02 17:48:59,820 [main] INFO  impl.RaftServerProxy (ConfUtils.java:logGet(43)) - raft.rpc.type = GRPC (default)
2019-10-02 17:48:59,820 [main] INFO  grpc.GrpcFactory (GrpcFactory.java:checkPooledByteBufAllocatorUseCacheForAllThreads(45)) - PERFORMANCE WARNING: useCacheForAllThreads is true that may cause Netty to create a lot garbage objects and, as a result, trigger GC.
	It is recommended to disable useCacheForAllThreads by setting -Dorg.apache.ratis.thirdparty.io.netty.allocator.useCacheForAllThreads=false in command line.
2019-10-02 17:48:59,820 [main] INFO  grpc.GrpcConfigKeys$Server (ConfUtils.java:logGet(43)) - raft.grpc.server.port = 0 (default)
2019-10-02 17:48:59,820 [main] INFO  server.GrpcService (ConfUtils.java:logGet(43)) - raft.grpc.message.size.max = 33570816 (custom)
2019-10-02 17:48:59,821 [main] INFO  server.RaftServerConfigKeys (ConfUtils.java:logGet(43)) - raft.server.log.appender.buffer.byte-limit = 33554432 (custom)
2019-10-02 17:48:59,821 [main] INFO  server.GrpcService (ConfUtils.java:logGet(43)) - raft.grpc.flow.control.window = 1MB (=1048576) (default)
2019-10-02 17:48:59,821 [main] INFO  server.RaftServerConfigKeys (ConfUtils.java:logGet(43)) - raft.server.rpc.request.timeout = 3000ms (default)
2019-10-02 17:48:59,822 [main] INFO  server.RaftServerConfigKeys (ConfUtils.java:logGet(43)) - raft.server.storage.dir = [/workdir/hadoop-ozone/integration-test/target/test-dir/MiniOzoneClusterImpl-d02e41fa-f6e1-4cca-b896-e100a645b5cc/datanode-5/data/ratis] (custom)
2019-10-02 17:48:59,823 [main] INFO  hdfs.DFSUtil (DFSUtil.java:httpServerTemplateForNNAndJN(1641)) - Starting Web-server for hddsDatanode at: http://0.0.0.0:0
2019-10-02 17:48:59,825 [main] INFO  server.AuthenticationFilter (AuthenticationFilter.java:constructSecretProvider(240)) - Unable to initialize FileSignerSecretProvider, falling back to use random secrets.
2019-10-02 17:48:59,825 [main] WARN  http.HttpRequestLog (HttpRequestLog.java:getRequestLog(97)) - Jetty request log can only be enabled using Log4j
2019-10-02 17:48:59,827 [main] INFO  http.HttpServer2 (HttpServer2.java:addGlobalFilter(975)) - Added global filter 'safety' (class=org.apache.hadoop.http.HttpServer2$QuotingInputFilter)
2019-10-02 17:48:59,827 [main] INFO  http.HttpServer2 (HttpServer2.java:addFilter(948)) - Added filter static_user_filter (class=org.apache.hadoop.http.lib.StaticUserWebFilter$StaticUserFilter) to context hddsDatanode
2019-10-02 17:48:59,827 [main] INFO  http.HttpServer2 (HttpServer2.java:addFilter(958)) - Added filter static_user_filter (class=org.apache.hadoop.http.lib.StaticUserWebFilter$StaticUserFilter) to context logs
2019-10-02 17:48:59,828 [main] INFO  http.HttpServer2 (HttpServer2.java:addFilter(958)) - Added filter static_user_filter (class=org.apache.hadoop.http.lib.StaticUserWebFilter$StaticUserFilter) to context static
2019-10-02 17:48:59,828 [main] INFO  http.HttpServer2 (HttpServer2.java:bindListener(1191)) - Jetty bound to port 37988
2019-10-02 17:48:59,829 [main] INFO  server.Server (Server.java:doStart(351)) - jetty-9.3.25.v20180904, build timestamp: 2018-09-04T21:11:46Z, git hash: 3ce520221d0240229c862b122d2b06c12a625732
2019-10-02 17:48:59,830 [main] INFO  handler.ContextHandler (ContextHandler.java:doStart(781)) - Started o.e.j.s.ServletContextHandler@3aa41da1{/logs,file:///workdir/hadoop-ozone/integration-test/target/log,AVAILABLE}
2019-10-02 17:48:59,831 [main] INFO  handler.ContextHandler (ContextHandler.java:doStart(781)) - Started o.e.j.s.ServletContextHandler@3c83468e{/static,jar:file:/home/user/.m2/repository/org/apache/hadoop/hadoop-hdds-container-service/0.5.0-SNAPSHOT/hadoop-hdds-container-service-0.5.0-SNAPSHOT.jar!/webapps/static,AVAILABLE}
2019-10-02 17:48:59,861 [main] INFO  handler.ContextHandler (ContextHandler.java:doStart(781)) - Started o.e.j.w.WebAppContext@2a4f5433{/,file:///tmp/jetty-0.0.0.0-37988-hddsDatanode-_-any-8753642506127979595.dir/webapp/,AVAILABLE}{/hddsDatanode}
2019-10-02 17:48:59,861 [main] INFO  server.AbstractConnector (AbstractConnector.java:doStart(278)) - Started ServerConnector@6812fa3a{HTTP/1.1,[http/1.1]}{0.0.0.0:37988}
2019-10-02 17:48:59,862 [main] INFO  server.Server (Server.java:doStart(419)) - Started @5522ms
2019-10-02 17:48:59,862 [main] WARN  impl.MetricsSystemImpl (MetricsSystemImpl.java:register(276)) - Sink prometheus already exists!
2019-10-02 17:48:59,863 [main] INFO  server.BaseHttpServer (BaseHttpServer.java:updateConnectorAddress(215)) - HTTP server of HDDSDATANODE is listening at http://0.0.0.0:37988
2019-10-02 17:48:59,863 [main] INFO  impl.MetricsSystemImpl (MetricsSystemImpl.java:init(158)) - HddsDatanode metrics system started (again)
2019-10-02 17:48:59,867 [main] INFO  ozone.HddsDatanodeService (HddsDatanodeService.java:start(184)) - HddsDatanodeService host:pr-trunk-fgz7f-2353921243 ip:192.168.151.72
2019-10-02 17:48:59,868 [org.apache.hadoop.util.JvmPauseMonitor$Monitor@256fa829] INFO  util.JvmPauseMonitor (JvmPauseMonitor.java:run(188)) - Starting JVM pause monitor
2019-10-02 17:48:59,871 [Datanode State Machine Thread - 0] INFO  datanode.InitDatanodeState (InitDatanodeState.java:persistContainerDatanodeDetails(140)) - DatanodeDetails is persisted to /workdir/hadoop-ozone/integration-test/target/test-dir/MiniOzoneClusterImpl-d02e41fa-f6e1-4cca-b896-e100a645b5cc/datanode-5/meta/datanode.id
2019-10-02 17:48:59,877 [main] INFO  volume.HddsVolume (HddsVolume.java:<init>(176)) - Creating Volume: /workdir/hadoop-ozone/integration-test/target/test-dir/MiniOzoneClusterImpl-d02e41fa-f6e1-4cca-b896-e100a645b5cc/datanode-6/data/containers/hdds of  storage type : DISK and capacity : 1482555576320
2019-10-02 17:48:59,878 [main] INFO  volume.VolumeSet (VolumeSet.java:initializeVolumeSet(170)) - Added Volume : /workdir/hadoop-ozone/integration-test/target/test-dir/MiniOzoneClusterImpl-d02e41fa-f6e1-4cca-b896-e100a645b5cc/datanode-6/data/containers/hdds to VolumeSet
2019-10-02 17:48:59,879 [main] INFO  volume.ThrottledAsyncChecker (ThrottledAsyncChecker.java:schedule(139)) - Scheduling a check for org.apache.hadoop.ozone.container.common.volume.HddsVolume@6edf29c1
2019-10-02 17:48:59,880 [main] INFO  volume.HddsVolumeChecker (HddsVolumeChecker.java:checkAllVolumes(202)) - Scheduled health check for volume org.apache.hadoop.ozone.container.common.volume.HddsVolume@6edf29c1
2019-10-02 17:48:59,905 [main] INFO  impl.RaftServerProxy (ConfUtils.java:logGet(43)) - raft.rpc.type = GRPC (default)
2019-10-02 17:48:59,906 [main] INFO  grpc.GrpcFactory (GrpcFactory.java:checkPooledByteBufAllocatorUseCacheForAllThreads(45)) - PERFORMANCE WARNING: useCacheForAllThreads is true that may cause Netty to create a lot garbage objects and, as a result, trigger GC.
	It is recommended to disable useCacheForAllThreads by setting -Dorg.apache.ratis.thirdparty.io.netty.allocator.useCacheForAllThreads=false in command line.
2019-10-02 17:48:59,906 [main] INFO  grpc.GrpcConfigKeys$Server (ConfUtils.java:logGet(43)) - raft.grpc.server.port = 0 (default)
2019-10-02 17:48:59,906 [main] INFO  server.GrpcService (ConfUtils.java:logGet(43)) - raft.grpc.message.size.max = 33570816 (custom)
2019-10-02 17:48:59,907 [main] INFO  server.RaftServerConfigKeys (ConfUtils.java:logGet(43)) - raft.server.log.appender.buffer.byte-limit = 33554432 (custom)
2019-10-02 17:48:59,907 [main] INFO  server.GrpcService (ConfUtils.java:logGet(43)) - raft.grpc.flow.control.window = 1MB (=1048576) (default)
2019-10-02 17:48:59,908 [main] INFO  server.RaftServerConfigKeys (ConfUtils.java:logGet(43)) - raft.server.rpc.request.timeout = 3000ms (default)
2019-10-02 17:48:59,909 [main] INFO  server.RaftServerConfigKeys (ConfUtils.java:logGet(43)) - raft.server.storage.dir = [/workdir/hadoop-ozone/integration-test/target/test-dir/MiniOzoneClusterImpl-d02e41fa-f6e1-4cca-b896-e100a645b5cc/datanode-6/data/ratis] (custom)
2019-10-02 17:48:59,911 [main] INFO  hdfs.DFSUtil (DFSUtil.java:httpServerTemplateForNNAndJN(1641)) - Starting Web-server for hddsDatanode at: http://0.0.0.0:0
2019-10-02 17:48:59,913 [main] INFO  server.AuthenticationFilter (AuthenticationFilter.java:constructSecretProvider(240)) - Unable to initialize FileSignerSecretProvider, falling back to use random secrets.
2019-10-02 17:48:59,913 [main] WARN  http.HttpRequestLog (HttpRequestLog.java:getRequestLog(97)) - Jetty request log can only be enabled using Log4j
2019-10-02 17:48:59,915 [main] INFO  http.HttpServer2 (HttpServer2.java:addGlobalFilter(975)) - Added global filter 'safety' (class=org.apache.hadoop.http.HttpServer2$QuotingInputFilter)
2019-10-02 17:48:59,915 [main] INFO  http.HttpServer2 (HttpServer2.java:addFilter(948)) - Added filter static_user_filter (class=org.apache.hadoop.http.lib.StaticUserWebFilter$StaticUserFilter) to context hddsDatanode
2019-10-02 17:48:59,916 [main] INFO  http.HttpServer2 (HttpServer2.java:addFilter(958)) - Added filter static_user_filter (class=org.apache.hadoop.http.lib.StaticUserWebFilter$StaticUserFilter) to context static
2019-10-02 17:48:59,916 [main] INFO  http.HttpServer2 (HttpServer2.java:addFilter(958)) - Added filter static_user_filter (class=org.apache.hadoop.http.lib.StaticUserWebFilter$StaticUserFilter) to context logs
2019-10-02 17:48:59,917 [main] INFO  http.HttpServer2 (HttpServer2.java:bindListener(1191)) - Jetty bound to port 35731
2019-10-02 17:48:59,917 [main] INFO  server.Server (Server.java:doStart(351)) - jetty-9.3.25.v20180904, build timestamp: 2018-09-04T21:11:46Z, git hash: 3ce520221d0240229c862b122d2b06c12a625732
2019-10-02 17:48:59,919 [main] INFO  handler.ContextHandler (ContextHandler.java:doStart(781)) - Started o.e.j.s.ServletContextHandler@2d3ef181{/logs,file:///workdir/hadoop-ozone/integration-test/target/log,AVAILABLE}
2019-10-02 17:48:59,919 [main] INFO  handler.ContextHandler (ContextHandler.java:doStart(781)) - Started o.e.j.s.ServletContextHandler@6e4c0d8c{/static,jar:file:/home/user/.m2/repository/org/apache/hadoop/hadoop-hdds-container-service/0.5.0-SNAPSHOT/hadoop-hdds-container-service-0.5.0-SNAPSHOT.jar!/webapps/static,AVAILABLE}
2019-10-02 17:48:59,948 [main] INFO  handler.ContextHandler (ContextHandler.java:doStart(781)) - Started o.e.j.w.WebAppContext@3743539f{/,file:///tmp/jetty-0.0.0.0-35731-hddsDatanode-_-any-8313187900526282833.dir/webapp/,AVAILABLE}{/hddsDatanode}
2019-10-02 17:48:59,949 [main] INFO  server.AbstractConnector (AbstractConnector.java:doStart(278)) - Started ServerConnector@d277579{HTTP/1.1,[http/1.1]}{0.0.0.0:35731}
2019-10-02 17:48:59,950 [main] INFO  server.Server (Server.java:doStart(419)) - Started @5609ms
2019-10-02 17:48:59,950 [main] WARN  impl.MetricsSystemImpl (MetricsSystemImpl.java:register(276)) - Sink prometheus already exists!
2019-10-02 17:48:59,951 [main] INFO  server.BaseHttpServer (BaseHttpServer.java:updateConnectorAddress(215)) - HTTP server of HDDSDATANODE is listening at http://0.0.0.0:35731
2019-10-02 17:48:59,953 [main] INFO  ozone.MiniOzoneClusterImpl (MiniOzoneClusterImpl.java:lambda$waitForClusterToBeReady$0(147)) - Waiting for cluster to be ready. Got 0 of 7 DN Heartbeats.
2019-10-02 17:48:59,954 [org.apache.hadoop.util.JvmPauseMonitor$Monitor@720b9b84] INFO  util.JvmPauseMonitor (JvmPauseMonitor.java:run(188)) - Starting JVM pause monitor
2019-10-02 17:48:59,957 [Datanode State Machine Thread - 0] INFO  datanode.InitDatanodeState (InitDatanodeState.java:persistContainerDatanodeDetails(140)) - DatanodeDetails is persisted to /workdir/hadoop-ozone/integration-test/target/test-dir/MiniOzoneClusterImpl-d02e41fa-f6e1-4cca-b896-e100a645b5cc/datanode-6/meta/datanode.id
2019-10-02 17:49:00,953 [main] INFO  ozone.MiniOzoneClusterImpl (MiniOzoneClusterImpl.java:lambda$waitForClusterToBeReady$0(147)) - Waiting for cluster to be ready. Got 0 of 7 DN Heartbeats.
2019-10-02 17:49:01,566 [Datanode State Machine Thread - 0] INFO  ozoneimpl.OzoneContainer (OzoneContainer.java:start(217)) - Attempting to start container services.
2019-10-02 17:49:01,571 [Datanode State Machine Thread - 0] INFO  ozoneimpl.OzoneContainer (OzoneContainer.java:startContainerScrub(179)) - Background container scanner has been disabled.
2019-10-02 17:49:01,572 [Datanode State Machine Thread - 0] INFO  ratis.XceiverServerRatis (XceiverServerRatis.java:start(417)) - Starting XceiverServerRatis 49c112d4-02f4-49c2-90bf-c7b46ec7b63a at port 0
2019-10-02 17:49:01,588 [Datanode State Machine Thread - 0] INFO  ozoneimpl.OzoneContainer (OzoneContainer.java:start(217)) - Attempting to start container services.
2019-10-02 17:49:01,596 [Datanode State Machine Thread - 0] INFO  ozoneimpl.OzoneContainer (OzoneContainer.java:startContainerScrub(179)) - Background container scanner has been disabled.
2019-10-02 17:49:01,596 [Datanode State Machine Thread - 0] INFO  ratis.XceiverServerRatis (XceiverServerRatis.java:start(417)) - Starting XceiverServerRatis 8182f27e-27c9-4a2f-8b1e-959753d76c58 at port 0
2019-10-02 17:49:01,609 [Datanode State Machine Thread - 0] INFO  impl.RaftServerProxy (RaftServerProxy.java:lambda$start$3(299)) - 49c112d4-02f4-49c2-90bf-c7b46ec7b63a: start RPC server
2019-10-02 17:49:01,620 [Datanode State Machine Thread - 0] INFO  impl.RaftServerProxy (RaftServerProxy.java:lambda$start$3(299)) - 8182f27e-27c9-4a2f-8b1e-959753d76c58: start RPC server
2019-10-02 17:49:01,660 [Datanode State Machine Thread - 0] INFO  ozoneimpl.OzoneContainer (OzoneContainer.java:start(217)) - Attempting to start container services.
2019-10-02 17:49:01,665 [Datanode State Machine Thread - 0] INFO  ozoneimpl.OzoneContainer (OzoneContainer.java:startContainerScrub(179)) - Background container scanner has been disabled.
2019-10-02 17:49:01,665 [Datanode State Machine Thread - 0] INFO  ratis.XceiverServerRatis (XceiverServerRatis.java:start(417)) - Starting XceiverServerRatis c6bdf12a-094f-42bc-87c0-f082ef291ed8 at port 0
2019-10-02 17:49:01,676 [Datanode State Machine Thread - 0] INFO  impl.RaftServerProxy (RaftServerProxy.java:lambda$start$3(299)) - c6bdf12a-094f-42bc-87c0-f082ef291ed8: start RPC server
2019-10-02 17:49:01,738 [Datanode State Machine Thread - 0] INFO  ozoneimpl.OzoneContainer (OzoneContainer.java:start(217)) - Attempting to start container services.
2019-10-02 17:49:01,739 [Datanode State Machine Thread - 0] INFO  ozoneimpl.OzoneContainer (OzoneContainer.java:startContainerScrub(179)) - Background container scanner has been disabled.
2019-10-02 17:49:01,739 [Datanode State Machine Thread - 0] INFO  ratis.XceiverServerRatis (XceiverServerRatis.java:start(417)) - Starting XceiverServerRatis 7ab57b0b-7dff-4048-84c6-4e0b7b47b3fc at port 0
2019-10-02 17:49:01,748 [Datanode State Machine Thread - 0] INFO  impl.RaftServerProxy (RaftServerProxy.java:lambda$start$3(299)) - 7ab57b0b-7dff-4048-84c6-4e0b7b47b3fc: start RPC server
2019-10-02 17:49:01,817 [Datanode State Machine Thread - 0] INFO  server.GrpcService (GrpcService.java:startImpl(158)) - 49c112d4-02f4-49c2-90bf-c7b46ec7b63a: GrpcService started, listening on 0.0.0.0/0.0.0.0:42976
2019-10-02 17:49:01,817 [Datanode State Machine Thread - 0] INFO  server.GrpcService (GrpcService.java:startImpl(158)) - c6bdf12a-094f-42bc-87c0-f082ef291ed8: GrpcService started, listening on 0.0.0.0/0.0.0.0:33846
2019-10-02 17:49:01,817 [Datanode State Machine Thread - 0] INFO  server.GrpcService (GrpcService.java:startImpl(158)) - 8182f27e-27c9-4a2f-8b1e-959753d76c58: GrpcService started, listening on 0.0.0.0/0.0.0.0:43142
2019-10-02 17:49:01,817 [Datanode State Machine Thread - 0] INFO  server.GrpcService (GrpcService.java:startImpl(158)) - 7ab57b0b-7dff-4048-84c6-4e0b7b47b3fc: GrpcService started, listening on 0.0.0.0/0.0.0.0:42942
2019-10-02 17:49:01,819 [Datanode State Machine Thread - 0] INFO  ratis.XceiverServerRatis (XceiverServerRatis.java:start(427)) - XceiverServerRatis 8182f27e-27c9-4a2f-8b1e-959753d76c58 is started using port 43142
2019-10-02 17:49:01,819 [Datanode State Machine Thread - 0] INFO  ratis.XceiverServerRatis (XceiverServerRatis.java:start(427)) - XceiverServerRatis c6bdf12a-094f-42bc-87c0-f082ef291ed8 is started using port 33846
2019-10-02 17:49:01,819 [Datanode State Machine Thread - 0] INFO  ratis.XceiverServerRatis (XceiverServerRatis.java:start(427)) - XceiverServerRatis 49c112d4-02f4-49c2-90bf-c7b46ec7b63a is started using port 42976
2019-10-02 17:49:01,820 [Datanode State Machine Thread - 0] INFO  ratis.XceiverServerRatis (XceiverServerRatis.java:start(427)) - XceiverServerRatis 7ab57b0b-7dff-4048-84c6-4e0b7b47b3fc is started using port 42942
2019-10-02 17:49:01,826 [Datanode State Machine Thread - 0] INFO  ozoneimpl.OzoneContainer (OzoneContainer.java:start(217)) - Attempting to start container services.
2019-10-02 17:49:01,830 [Datanode State Machine Thread - 0] INFO  ozoneimpl.OzoneContainer (OzoneContainer.java:startContainerScrub(179)) - Background container scanner has been disabled.
2019-10-02 17:49:01,830 [Datanode State Machine Thread - 0] INFO  ratis.XceiverServerRatis (XceiverServerRatis.java:start(417)) - Starting XceiverServerRatis cde4f2ee-ebe5-4cd0-b57a-bd620480943f at port 0
2019-10-02 17:49:01,830 [Datanode State Machine Thread - 0] INFO  server.XceiverServerGrpc (XceiverServerGrpc.java:start(149)) - XceiverServerGrpc 8182f27e-27c9-4a2f-8b1e-959753d76c58 is started using port 40305
2019-10-02 17:49:01,830 [Datanode State Machine Thread - 0] INFO  server.XceiverServerGrpc (XceiverServerGrpc.java:start(149)) - XceiverServerGrpc 7ab57b0b-7dff-4048-84c6-4e0b7b47b3fc is started using port 34153
2019-10-02 17:49:01,832 [Datanode State Machine Thread - 0] INFO  server.XceiverServerGrpc (XceiverServerGrpc.java:start(149)) - XceiverServerGrpc 49c112d4-02f4-49c2-90bf-c7b46ec7b63a is started using port 44007
2019-10-02 17:49:01,832 [Datanode State Machine Thread - 0] INFO  server.XceiverServerGrpc (XceiverServerGrpc.java:start(149)) - XceiverServerGrpc c6bdf12a-094f-42bc-87c0-f082ef291ed8 is started using port 37171
2019-10-02 17:49:01,840 [Datanode State Machine Thread - 0] INFO  impl.RaftServerProxy (RaftServerProxy.java:lambda$start$3(299)) - cde4f2ee-ebe5-4cd0-b57a-bd620480943f: start RPC server
2019-10-02 17:49:01,843 [Datanode State Machine Thread - 0] INFO  server.GrpcService (GrpcService.java:startImpl(158)) - cde4f2ee-ebe5-4cd0-b57a-bd620480943f: GrpcService started, listening on 0.0.0.0/0.0.0.0:42212
2019-10-02 17:49:01,843 [Datanode State Machine Thread - 0] INFO  ratis.XceiverServerRatis (XceiverServerRatis.java:start(427)) - XceiverServerRatis cde4f2ee-ebe5-4cd0-b57a-bd620480943f is started using port 42212
2019-10-02 17:49:01,845 [Datanode State Machine Thread - 0] INFO  server.XceiverServerGrpc (XceiverServerGrpc.java:start(149)) - XceiverServerGrpc cde4f2ee-ebe5-4cd0-b57a-bd620480943f is started using port 40949
2019-10-02 17:49:01,884 [Datanode State Machine Thread - 0] INFO  ozoneimpl.OzoneContainer (OzoneContainer.java:start(217)) - Attempting to start container services.
2019-10-02 17:49:01,885 [Datanode State Machine Thread - 0] INFO  ozoneimpl.OzoneContainer (OzoneContainer.java:startContainerScrub(179)) - Background container scanner has been disabled.
2019-10-02 17:49:01,885 [Datanode State Machine Thread - 0] INFO  ratis.XceiverServerRatis (XceiverServerRatis.java:start(417)) - Starting XceiverServerRatis dc00436c-138b-406c-8f35-4d0b5c3754bc at port 0
2019-10-02 17:49:01,892 [Datanode State Machine Thread - 0] INFO  impl.RaftServerProxy (RaftServerProxy.java:lambda$start$3(299)) - dc00436c-138b-406c-8f35-4d0b5c3754bc: start RPC server
2019-10-02 17:49:01,895 [Datanode State Machine Thread - 0] INFO  server.GrpcService (GrpcService.java:startImpl(158)) - dc00436c-138b-406c-8f35-4d0b5c3754bc: GrpcService started, listening on 0.0.0.0/0.0.0.0:35612
2019-10-02 17:49:01,896 [Datanode State Machine Thread - 0] INFO  ratis.XceiverServerRatis (XceiverServerRatis.java:start(427)) - XceiverServerRatis dc00436c-138b-406c-8f35-4d0b5c3754bc is started using port 35612
2019-10-02 17:49:01,898 [Datanode State Machine Thread - 0] INFO  server.XceiverServerGrpc (XceiverServerGrpc.java:start(149)) - XceiverServerGrpc dc00436c-138b-406c-8f35-4d0b5c3754bc is started using port 45368
2019-10-02 17:49:01,958 [main] INFO  ozone.MiniOzoneClusterImpl (MiniOzoneClusterImpl.java:lambda$waitForClusterToBeReady$0(147)) - Waiting for cluster to be ready. Got 0 of 7 DN Heartbeats.
2019-10-02 17:49:01,973 [Datanode State Machine Thread - 0] INFO  ozoneimpl.OzoneContainer (OzoneContainer.java:start(217)) - Attempting to start container services.
2019-10-02 17:49:01,974 [Datanode State Machine Thread - 0] INFO  ozoneimpl.OzoneContainer (OzoneContainer.java:startContainerScrub(179)) - Background container scanner has been disabled.
2019-10-02 17:49:01,974 [Datanode State Machine Thread - 0] INFO  ratis.XceiverServerRatis (XceiverServerRatis.java:start(417)) - Starting XceiverServerRatis e7bd1734-ef6c-4cf8-b88c-8a1061e7af66 at port 0
2019-10-02 17:49:01,985 [Datanode State Machine Thread - 0] INFO  impl.RaftServerProxy (RaftServerProxy.java:lambda$start$3(299)) - e7bd1734-ef6c-4cf8-b88c-8a1061e7af66: start RPC server
2019-10-02 17:49:01,992 [Datanode State Machine Thread - 0] INFO  server.GrpcService (GrpcService.java:startImpl(158)) - e7bd1734-ef6c-4cf8-b88c-8a1061e7af66: GrpcService started, listening on 0.0.0.0/0.0.0.0:41308
2019-10-02 17:49:01,992 [Datanode State Machine Thread - 0] INFO  ratis.XceiverServerRatis (XceiverServerRatis.java:start(427)) - XceiverServerRatis e7bd1734-ef6c-4cf8-b88c-8a1061e7af66 is started using port 41308
2019-10-02 17:49:01,996 [Datanode State Machine Thread - 0] INFO  server.XceiverServerGrpc (XceiverServerGrpc.java:start(149)) - XceiverServerGrpc e7bd1734-ef6c-4cf8-b88c-8a1061e7af66 is started using port 45508
2019-10-02 17:49:02,959 [main] INFO  ozone.MiniOzoneClusterImpl (MiniOzoneClusterImpl.java:lambda$waitForClusterToBeReady$0(147)) - Waiting for cluster to be ready. Got 0 of 7 DN Heartbeats.
2019-10-02 17:49:03,540 [IPC Server handler 1 on 45202] INFO  net.NetworkTopology (NetworkTopologyImpl.java:add(111)) - Added a new node: /default-rack/49c112d4-02f4-49c2-90bf-c7b46ec7b63a
2019-10-02 17:49:03,540 [IPC Server handler 1 on 45202] INFO  node.SCMNodeManager (SCMNodeManager.java:register(266)) - Registered Data node : 49c112d4-02f4-49c2-90bf-c7b46ec7b63a{ip: 192.168.151.72, host: pr-trunk-fgz7f-2353921243, networkLocation: /default-rack, certSerialId: null}
2019-10-02 17:49:03,547 [EventQueue-NodeRegistrationContainerReportForDataNodeSafeModeRule] INFO  safemode.SCMSafeModeManager (DataNodeSafeModeRule.java:process(71)) - SCM in safe mode. 1 DataNodes registered, 1 required.
2019-10-02 17:49:03,547 [EventQueue-NodeRegistrationContainerReportForDataNodeSafeModeRule] INFO  safemode.SCMSafeModeManager (SCMSafeModeManager.java:validateSafeModeExitRules(177)) - ScmSafeModeManager, all rules are successfully validated
2019-10-02 17:49:03,547 [EventQueue-NodeRegistrationContainerReportForDataNodeSafeModeRule] INFO  safemode.SCMSafeModeManager (SCMSafeModeManager.java:exitSafeMode(193)) - SCM exiting safe mode.
2019-10-02 17:49:03,575 [IPC Server handler 0 on 45202] INFO  net.NetworkTopology (NetworkTopologyImpl.java:add(111)) - Added a new node: /default-rack/8182f27e-27c9-4a2f-8b1e-959753d76c58
2019-10-02 17:49:03,575 [IPC Server handler 0 on 45202] INFO  node.SCMNodeManager (SCMNodeManager.java:register(266)) - Registered Data node : 8182f27e-27c9-4a2f-8b1e-959753d76c58{ip: 192.168.151.72, host: pr-trunk-fgz7f-2353921243, networkLocation: /default-rack, certSerialId: null}
2019-10-02 17:49:03,652 [IPC Server handler 2 on 45202] INFO  net.NetworkTopology (NetworkTopologyImpl.java:add(111)) - Added a new node: /default-rack/c6bdf12a-094f-42bc-87c0-f082ef291ed8
2019-10-02 17:49:03,653 [IPC Server handler 2 on 45202] INFO  node.SCMNodeManager (SCMNodeManager.java:register(266)) - Registered Data node : c6bdf12a-094f-42bc-87c0-f082ef291ed8{ip: 192.168.151.72, host: pr-trunk-fgz7f-2353921243, networkLocation: /default-rack, certSerialId: null}
2019-10-02 17:49:03,724 [IPC Server handler 4 on 45202] INFO  net.NetworkTopology (NetworkTopologyImpl.java:add(111)) - Added a new node: /default-rack/7ab57b0b-7dff-4048-84c6-4e0b7b47b3fc
2019-10-02 17:49:03,724 [IPC Server handler 4 on 45202] INFO  node.SCMNodeManager (SCMNodeManager.java:register(266)) - Registered Data node : 7ab57b0b-7dff-4048-84c6-4e0b7b47b3fc{ip: 192.168.151.72, host: pr-trunk-fgz7f-2353921243, networkLocation: /default-rack, certSerialId: null}
2019-10-02 17:49:03,800 [IPC Server handler 5 on 45202] INFO  net.NetworkTopology (NetworkTopologyImpl.java:add(111)) - Added a new node: /default-rack/cde4f2ee-ebe5-4cd0-b57a-bd620480943f
2019-10-02 17:49:03,801 [IPC Server handler 5 on 45202] INFO  node.SCMNodeManager (SCMNodeManager.java:register(266)) - Registered Data node : cde4f2ee-ebe5-4cd0-b57a-bd620480943f{ip: 192.168.151.72, host: pr-trunk-fgz7f-2353921243, networkLocation: /default-rack, certSerialId: null}
2019-10-02 17:49:03,873 [IPC Server handler 7 on 45202] INFO  net.NetworkTopology (NetworkTopologyImpl.java:add(111)) - Added a new node: /default-rack/dc00436c-138b-406c-8f35-4d0b5c3754bc
2019-10-02 17:49:03,873 [IPC Server handler 7 on 45202] INFO  node.SCMNodeManager (SCMNodeManager.java:register(266)) - Registered Data node : dc00436c-138b-406c-8f35-4d0b5c3754bc{ip: 192.168.151.72, host: pr-trunk-fgz7f-2353921243, networkLocation: /default-rack, certSerialId: null}
2019-10-02 17:49:03,958 [IPC Server handler 6 on 45202] INFO  net.NetworkTopology (NetworkTopologyImpl.java:add(111)) - Added a new node: /default-rack/e7bd1734-ef6c-4cf8-b88c-8a1061e7af66
2019-10-02 17:49:03,959 [IPC Server handler 6 on 45202] INFO  node.SCMNodeManager (SCMNodeManager.java:register(266)) - Registered Data node : e7bd1734-ef6c-4cf8-b88c-8a1061e7af66{ip: 192.168.151.72, host: pr-trunk-fgz7f-2353921243, networkLocation: /default-rack, certSerialId: null}
2019-10-02 17:49:03,959 [main] INFO  ozone.MiniOzoneClusterImpl (MiniOzoneClusterImpl.java:lambda$waitForClusterToBeReady$0(147)) - Cluster is ready. Got 7 of 7 DN Heartbeats.
2019-10-02 17:49:04,124 [grpc-default-executor-0] INFO  impl.RaftServerProxy (RaftServerProxy.java:addNew(89)) - 49c112d4-02f4-49c2-90bf-c7b46ec7b63a: addNew group-044C89252AE2:[49c112d4-02f4-49c2-90bf-c7b46ec7b63a:192.168.151.72:42976] returns group-044C89252AE2:java.util.concurrent.CompletableFuture@52717c75[Not completed]
2019-10-02 17:49:04,148 [pool-27-thread-1] INFO  impl.RaftServerImpl (RaftServerImpl.java:<init>(95)) - 49c112d4-02f4-49c2-90bf-c7b46ec7b63a: new RaftServerImpl for group-044C89252AE2:[49c112d4-02f4-49c2-90bf-c7b46ec7b63a:192.168.151.72:42976] with ContainerStateMachine:uninitialized
2019-10-02 17:49:04,150 [pool-27-thread-1] INFO  server.RaftServerConfigKeys (ConfUtils.java:logGet(43)) - raft.server.rpc.timeout.min = 5s (custom)
2019-10-02 17:49:04,152 [pool-27-thread-1] INFO  server.RaftServerConfigKeys (ConfUtils.java:logGet(43)) - raft.server.rpc.timeout.max = 5200ms (custom)
2019-10-02 17:49:04,153 [pool-27-thread-1] INFO  server.RaftServerConfigKeys (ConfUtils.java:logGet(43)) - raft.server.rpcslowness.timeout = 120s (custom)
2019-10-02 17:49:04,153 [pool-27-thread-1] INFO  server.RaftServerConfigKeys (ConfUtils.java:logGet(43)) - raft.server.sleep.deviation.threshold = 300 (default)
2019-10-02 17:49:04,154 [pool-27-thread-1] INFO  server.RaftServerConfigKeys (ConfUtils.java:logGet(43)) - raft.server.log.appender.install.snapshot.enabled = false (custom)
2019-10-02 17:49:04,165 [pool-27-thread-1] INFO  impl.RaftServerImpl (ServerState.java:<init>(103)) - 49c112d4-02f4-49c2-90bf-c7b46ec7b63a@group-044C89252AE2: ConfigurationManager, init=-1: [49c112d4-02f4-49c2-90bf-c7b46ec7b63a:192.168.151.72:42976], old=null, confs=<EMPTY_MAP>
2019-10-02 17:49:04,166 [pool-27-thread-1] INFO  server.RaftServerConfigKeys (ConfUtils.java:logGet(43)) - raft.server.storage.dir = [/workdir/hadoop-ozone/integration-test/target/test-dir/MiniOzoneClusterImpl-d02e41fa-f6e1-4cca-b896-e100a645b5cc/datanode-0/data/ratis] (custom)
2019-10-02 17:49:04,174 [pool-27-thread-1] INFO  server.RaftServerConfigKeys (ConfUtils.java:logGet(43)) - raft.server.log.corruption.policy = EXCEPTION (default)
2019-10-02 17:49:04,176 [pool-27-thread-1] INFO  storage.RaftStorageDirectory (RaftStorageDirectory.java:analyzeStorage(246)) - The storage directory /workdir/hadoop-ozone/integration-test/target/test-dir/MiniOzoneClusterImpl-d02e41fa-f6e1-4cca-b896-e100a645b5cc/datanode-0/data/ratis/8f88259f-9f71-43bc-be79-044c89252ae2 does not exist. Creating ...
2019-10-02 17:49:04,195 [pool-27-thread-1] INFO  storage.RaftStorageDirectory (RaftStorageDirectory.java:tryLock(328)) - Lock on /workdir/hadoop-ozone/integration-test/target/test-dir/MiniOzoneClusterImpl-d02e41fa-f6e1-4cca-b896-e100a645b5cc/datanode-0/data/ratis/8f88259f-9f71-43bc-be79-044c89252ae2/in_use.lock acquired by nodename 27144@pr-trunk-fgz7f-2353921243
2019-10-02 17:49:04,211 [pool-27-thread-1] INFO  storage.RaftStorage (RaftStorage.java:format(84)) - Storage directory /workdir/hadoop-ozone/integration-test/target/test-dir/MiniOzoneClusterImpl-d02e41fa-f6e1-4cca-b896-e100a645b5cc/datanode-0/data/ratis/8f88259f-9f71-43bc-be79-044c89252ae2 has been successfully formatted.
2019-10-02 17:49:04,214 [pool-27-thread-1] INFO  ratis.ContainerStateMachine (ContainerStateMachine.java:loadSnapshot(231)) - group-044C89252AE2: The snapshot info is null. Setting the last applied indexto:(t:0, i:~)
2019-10-02 17:49:04,214 [pool-27-thread-1] INFO  server.RaftServerConfigKeys (ConfUtils.java:logGet(43)) - raft.server.notification.no-leader.timeout = 120s (custom)
2019-10-02 17:49:04,217 [pool-27-thread-1] INFO  server.RaftServerConfigKeys (ConfUtils.java:logGet(43)) - raft.server.log.use.memory = false (default)
2019-10-02 17:49:04,225 [pool-27-thread-1] INFO  server.RaftServerConfigKeys (ConfUtils.java:logGet(43)) - raft.server.log.purge.gap = 1000000 (custom)
2019-10-02 17:49:04,225 [pool-27-thread-1] INFO  server.RaftServerConfigKeys (ConfUtils.java:logGet(43)) - raft.server.log.appender.buffer.byte-limit = 33554432 (custom)
2019-10-02 17:49:04,228 [pool-27-thread-1] INFO  server.RaftServerConfigKeys (ConfUtils.java:logGet(43)) - raft.server.log.segment.size.max = 1048576 (custom)
2019-10-02 17:49:04,230 [pool-27-thread-1] INFO  impl.MetricsSystemImpl (MetricsSystemImpl.java:init(158)) - ratis metrics system started (again)
2019-10-02 17:49:04,236 [pool-27-thread-1] INFO  metrics.MetricRegistries (MetricRegistriesLoader.java:load(64)) - Loaded MetricRegistries class org.apache.ratis.metrics.impl.MetricRegistriesImpl
2019-10-02 17:49:04,281 [pool-27-thread-1] INFO  server.RaftServerConfigKeys (ConfUtils.java:logGet(43)) - raft.server.log.segment.cache.num.max = 2 (custom)
2019-10-02 17:49:04,287 [pool-27-thread-1] INFO  segmented.SegmentedRaftLogWorker (SegmentedRaftLogWorker.java:<init>(173)) - new 49c112d4-02f4-49c2-90bf-c7b46ec7b63a@group-044C89252AE2-SegmentedRaftLogWorker for RaftStorage:Storage Directory /workdir/hadoop-ozone/integration-test/target/test-dir/MiniOzoneClusterImpl-d02e41fa-f6e1-4cca-b896-e100a645b5cc/datanode-0/data/ratis/8f88259f-9f71-43bc-be79-044c89252ae2
2019-10-02 17:49:04,288 [pool-27-thread-1] INFO  server.RaftServerConfigKeys (ConfUtils.java:logGet(43)) - raft.server.log.queue.byte-limit = 2147483647 (custom)
2019-10-02 17:49:04,288 [pool-27-thread-1] INFO  server.RaftServerConfigKeys (ConfUtils.java:logGet(43)) - raft.server.log.queue.element-limit = 1024 (custom)
2019-10-02 17:49:04,290 [pool-27-thread-1] INFO  server.RaftServerConfigKeys (ConfUtils.java:logGet(43)) - raft.server.log.segment.size.max = 1048576 (custom)
2019-10-02 17:49:04,290 [pool-27-thread-1] INFO  server.RaftServerConfigKeys (ConfUtils.java:logGet(43)) - raft.server.log.preallocated.size = 16384 (custom)
2019-10-02 17:49:04,291 [pool-27-thread-1] INFO  server.RaftServerConfigKeys (ConfUtils.java:logGet(43)) - raft.server.log.write.buffer.size = 33554432 (custom)
2019-10-02 17:49:04,291 [pool-27-thread-1] INFO  server.RaftServerConfigKeys (ConfUtils.java:logGet(43)) - raft.server.log.force.sync.num = 128 (default)
2019-10-02 17:49:04,292 [pool-27-thread-1] INFO  server.RaftServerConfigKeys (ConfUtils.java:logGet(43)) - raft.server.log.statemachine.data.sync = true (default)
2019-10-02 17:49:04,292 [pool-27-thread-1] INFO  server.RaftServerConfigKeys (ConfUtils.java:logGet(43)) - raft.server.log.statemachine.data.sync.timeout = 10s (default)
2019-10-02 17:49:04,293 [pool-27-thread-1] INFO  server.RaftServerConfigKeys (ConfUtils.java:logGet(43)) - raft.server.log.statemachine.data.sync.timeout.retry = -1 (default)
2019-10-02 17:49:04,305 [pool-27-thread-1] INFO  server.RaftServerConfigKeys (ConfUtils.java:logGet(43)) - raft.server.log.statemachine.data.caching.enabled = true (custom)
2019-10-02 17:49:04,309 [pool-27-thread-1] INFO  segmented.SegmentedRaftLogWorker (SegmentedRaftLogWorker.java:lambda$new$0(128)) - 49c112d4-02f4-49c2-90bf-c7b46ec7b63a@group-044C89252AE2-SegmentedRaftLogWorker: flushIndex: setUnconditionally 0 -> -1
2019-10-02 17:49:04,313 [pool-27-thread-1] INFO  server.RaftServerConfigKeys (ConfUtils.java:logGet(43)) - raft.server.snapshot.auto.trigger.enabled = true (custom)
2019-10-02 17:49:04,314 [pool-27-thread-1] INFO  server.RaftServerConfigKeys (ConfUtils.java:logGet(43)) - raft.server.snapshot.auto.trigger.threshold = 10000 (custom)
2019-10-02 17:49:04,314 [pool-27-thread-1] INFO  server.RaftServerConfigKeys (ConfUtils.java:logGet(43)) - raft.server.snapshot.retention.file.num = 5 (custom)
2019-10-02 17:49:04,315 [pool-27-thread-1] INFO  server.RaftServerConfigKeys (ConfUtils.java:logGet(43)) - raft.server.retrycache.expirytime = 600000ms (custom)
2019-10-02 17:49:04,342 [pool-27-thread-1] INFO  impl.RaftServerImpl (RaftServerImpl.java:start(181)) - 49c112d4-02f4-49c2-90bf-c7b46ec7b63a@group-044C89252AE2: start as a follower, conf=-1: [49c112d4-02f4-49c2-90bf-c7b46ec7b63a:192.168.151.72:42976], old=null
2019-10-02 17:49:04,343 [pool-27-thread-1] INFO  impl.RaftServerImpl (RaftServerImpl.java:setRole(170)) - 49c112d4-02f4-49c2-90bf-c7b46ec7b63a@group-044C89252AE2: changes role from      null to FOLLOWER at term 0 for startAsFollower
2019-10-02 17:49:04,344 [pool-27-thread-1] INFO  impl.RoleInfo (RoleInfo.java:updateAndGet(143)) - 49c112d4-02f4-49c2-90bf-c7b46ec7b63a: start FollowerState
2019-10-02 17:49:04,346 [pool-27-thread-1] INFO  util.JmxRegister (JmxRegister.java:tryRegister(44)) - Successfully registered JMX Bean with object name Ratis:service=RaftServer,group=group-044C89252AE2,id=49c112d4-02f4-49c2-90bf-c7b46ec7b63a
2019-10-02 17:49:04,429 [RatisPipelineUtilsThread] INFO  pipeline.PipelineStateManager (PipelineStateManager.java:addPipeline(56)) - Created pipeline Pipeline[ Id: 8f88259f-9f71-43bc-be79-044c89252ae2, Nodes: 49c112d4-02f4-49c2-90bf-c7b46ec7b63a{ip: 192.168.151.72, host: pr-trunk-fgz7f-2353921243, networkLocation: /default-rack, certSerialId: null}, Type:RATIS, Factor:ONE, State:OPEN]
2019-10-02 17:49:04,461 [grpc-default-executor-0] INFO  impl.RaftServerProxy (RaftServerProxy.java:addNew(89)) - e7bd1734-ef6c-4cf8-b88c-8a1061e7af66: addNew group-A7B71704B138:[e7bd1734-ef6c-4cf8-b88c-8a1061e7af66:192.168.151.72:41308] returns group-A7B71704B138:java.util.concurrent.CompletableFuture@557954cd[Not completed]
2019-10-02 17:49:04,527 [pool-87-thread-1] INFO  impl.RaftServerImpl (RaftServerImpl.java:<init>(95)) - e7bd1734-ef6c-4cf8-b88c-8a1061e7af66: new RaftServerImpl for group-A7B71704B138:[e7bd1734-ef6c-4cf8-b88c-8a1061e7af66:192.168.151.72:41308] with ContainerStateMachine:uninitialized
2019-10-02 17:49:04,529 [pool-87-thread-1] INFO  server.RaftServerConfigKeys (ConfUtils.java:logGet(43)) - raft.server.rpc.timeout.min = 5s (custom)
2019-10-02 17:49:04,529 [pool-87-thread-1] INFO  server.RaftServerConfigKeys (ConfUtils.java:logGet(43)) - raft.server.rpc.timeout.max = 5200ms (custom)
2019-10-02 17:49:04,529 [pool-87-thread-1] INFO  server.RaftServerConfigKeys (ConfUtils.java:logGet(43)) - raft.server.rpcslowness.timeout = 120s (custom)
2019-10-02 17:49:04,529 [pool-87-thread-1] INFO  server.RaftServerConfigKeys (ConfUtils.java:logGet(43)) - raft.server.sleep.deviation.threshold = 300 (default)
2019-10-02 17:49:04,529 [pool-87-thread-1] INFO  server.RaftServerConfigKeys (ConfUtils.java:logGet(43)) - raft.server.log.appender.install.snapshot.enabled = false (custom)
2019-10-02 17:49:04,530 [pool-87-thread-1] INFO  impl.RaftServerImpl (ServerState.java:<init>(103)) - e7bd1734-ef6c-4cf8-b88c-8a1061e7af66@group-A7B71704B138: ConfigurationManager, init=-1: [e7bd1734-ef6c-4cf8-b88c-8a1061e7af66:192.168.151.72:41308], old=null, confs=<EMPTY_MAP>
2019-10-02 17:49:04,530 [pool-87-thread-1] INFO  server.RaftServerConfigKeys (ConfUtils.java:logGet(43)) - raft.server.storage.dir = [/workdir/hadoop-ozone/integration-test/target/test-dir/MiniOzoneClusterImpl-d02e41fa-f6e1-4cca-b896-e100a645b5cc/datanode-6/data/ratis] (custom)
2019-10-02 17:49:04,530 [pool-87-thread-1] INFO  server.RaftServerConfigKeys (ConfUtils.java:logGet(43)) - raft.server.log.corruption.policy = EXCEPTION (default)
2019-10-02 17:49:04,531 [pool-87-thread-1] INFO  storage.RaftStorageDirectory (RaftStorageDirectory.java:analyzeStorage(246)) - The storage directory /workdir/hadoop-ozone/integration-test/target/test-dir/MiniOzoneClusterImpl-d02e41fa-f6e1-4cca-b896-e100a645b5cc/datanode-6/data/ratis/8b2b6c7b-60fb-42a6-89ed-a7b71704b138 does not exist. Creating ...
2019-10-02 17:49:04,545 [pool-87-thread-1] INFO  storage.RaftStorageDirectory (RaftStorageDirectory.java:tryLock(328)) - Lock on /workdir/hadoop-ozone/integration-test/target/test-dir/MiniOzoneClusterImpl-d02e41fa-f6e1-4cca-b896-e100a645b5cc/datanode-6/data/ratis/8b2b6c7b-60fb-42a6-89ed-a7b71704b138/in_use.lock acquired by nodename 27144@pr-trunk-fgz7f-2353921243
2019-10-02 17:49:04,559 [pool-87-thread-1] INFO  storage.RaftStorage (RaftStorage.java:format(84)) - Storage directory /workdir/hadoop-ozone/integration-test/target/test-dir/MiniOzoneClusterImpl-d02e41fa-f6e1-4cca-b896-e100a645b5cc/datanode-6/data/ratis/8b2b6c7b-60fb-42a6-89ed-a7b71704b138 has been successfully formatted.
2019-10-02 17:49:04,562 [pool-87-thread-1] INFO  ratis.ContainerStateMachine (ContainerStateMachine.java:loadSnapshot(231)) - group-A7B71704B138: The snapshot info is null. Setting the last applied indexto:(t:0, i:~)
2019-10-02 17:49:04,564 [pool-87-thread-1] INFO  server.RaftServerConfigKeys (ConfUtils.java:logGet(43)) - raft.server.notification.no-leader.timeout = 120s (custom)
2019-10-02 17:49:04,564 [pool-87-thread-1] INFO  server.RaftServerConfigKeys (ConfUtils.java:logGet(43)) - raft.server.log.use.memory = false (default)
2019-10-02 17:49:04,564 [pool-87-thread-1] INFO  server.RaftServerConfigKeys (ConfUtils.java:logGet(43)) - raft.server.log.purge.gap = 1000000 (custom)
2019-10-02 17:49:04,565 [pool-87-thread-1] INFO  server.RaftServerConfigKeys (ConfUtils.java:logGet(43)) - raft.server.log.appender.buffer.byte-limit = 33554432 (custom)
2019-10-02 17:49:04,565 [pool-87-thread-1] INFO  server.RaftServerConfigKeys (ConfUtils.java:logGet(43)) - raft.server.log.segment.size.max = 1048576 (custom)
2019-10-02 17:49:04,583 [pool-87-thread-1] INFO  server.RaftServerConfigKeys (ConfUtils.java:logGet(43)) - raft.server.log.segment.cache.num.max = 2 (custom)
2019-10-02 17:49:04,583 [pool-87-thread-1] INFO  segmented.SegmentedRaftLogWorker (SegmentedRaftLogWorker.java:<init>(173)) - new e7bd1734-ef6c-4cf8-b88c-8a1061e7af66@group-A7B71704B138-SegmentedRaftLogWorker for RaftStorage:Storage Directory /workdir/hadoop-ozone/integration-test/target/test-dir/MiniOzoneClusterImpl-d02e41fa-f6e1-4cca-b896-e100a645b5cc/datanode-6/data/ratis/8b2b6c7b-60fb-42a6-89ed-a7b71704b138
2019-10-02 17:49:04,584 [pool-87-thread-1] INFO  server.RaftServerConfigKeys (ConfUtils.java:logGet(43)) - raft.server.log.queue.byte-limit = 2147483647 (custom)
2019-10-02 17:49:04,585 [pool-87-thread-1] INFO  server.RaftServerConfigKeys (ConfUtils.java:logGet(43)) - raft.server.log.queue.element-limit = 1024 (custom)
2019-10-02 17:49:04,585 [pool-87-thread-1] INFO  server.RaftServerConfigKeys (ConfUtils.java:logGet(43)) - raft.server.log.segment.size.max = 1048576 (custom)
2019-10-02 17:49:04,585 [pool-87-thread-1] INFO  server.RaftServerConfigKeys (ConfUtils.java:logGet(43)) - raft.server.log.preallocated.size = 16384 (custom)
2019-10-02 17:49:04,585 [pool-87-thread-1] INFO  server.RaftServerConfigKeys (ConfUtils.java:logGet(43)) - raft.server.log.write.buffer.size = 33554432 (custom)
2019-10-02 17:49:04,585 [pool-87-thread-1] INFO  server.RaftServerConfigKeys (ConfUtils.java:logGet(43)) - raft.server.log.force.sync.num = 128 (default)
2019-10-02 17:49:04,586 [pool-87-thread-1] INFO  server.RaftServerConfigKeys (ConfUtils.java:logGet(43)) - raft.server.log.statemachine.data.sync = true (default)
2019-10-02 17:49:04,586 [pool-87-thread-1] INFO  server.RaftServerConfigKeys (ConfUtils.java:logGet(43)) - raft.server.log.statemachine.data.sync.timeout = 10s (default)
2019-10-02 17:49:04,586 [pool-87-thread-1] INFO  server.RaftServerConfigKeys (ConfUtils.java:logGet(43)) - raft.server.log.statemachine.data.sync.timeout.retry = -1 (default)
2019-10-02 17:49:04,587 [main] INFO  rpc.RpcClient (RpcClient.java:createVolume(276)) - Creating Volume: testblockoutputstreamwithretries, with jenkins1000 as owner.
2019-10-02 17:49:04,587 [pool-87-thread-1] INFO  server.RaftServerConfigKeys (ConfUtils.java:logGet(43)) - raft.server.log.statemachine.data.caching.enabled = true (custom)
2019-10-02 17:49:04,588 [pool-87-thread-1] INFO  segmented.SegmentedRaftLogWorker (SegmentedRaftLogWorker.java:lambda$new$0(128)) - e7bd1734-ef6c-4cf8-b88c-8a1061e7af66@group-A7B71704B138-SegmentedRaftLogWorker: flushIndex: setUnconditionally 0 -> -1
2019-10-02 17:49:04,588 [pool-87-thread-1] INFO  server.RaftServerConfigKeys (ConfUtils.java:logGet(43)) - raft.server.snapshot.auto.trigger.enabled = true (custom)
2019-10-02 17:49:04,588 [pool-87-thread-1] INFO  server.RaftServerConfigKeys (ConfUtils.java:logGet(43)) - raft.server.snapshot.auto.trigger.threshold = 10000 (custom)
2019-10-02 17:49:04,588 [pool-87-thread-1] INFO  server.RaftServerConfigKeys (ConfUtils.java:logGet(43)) - raft.server.snapshot.retention.file.num = 5 (custom)
2019-10-02 17:49:04,589 [pool-87-thread-1] INFO  server.RaftServerConfigKeys (ConfUtils.java:logGet(43)) - raft.server.retrycache.expirytime = 600000ms (custom)
2019-10-02 17:49:04,595 [pool-87-thread-1] INFO  impl.RaftServerImpl (RaftServerImpl.java:start(181)) - e7bd1734-ef6c-4cf8-b88c-8a1061e7af66@group-A7B71704B138: start as a follower, conf=-1: [e7bd1734-ef6c-4cf8-b88c-8a1061e7af66:192.168.151.72:41308], old=null
2019-10-02 17:49:04,596 [pool-87-thread-1] INFO  impl.RaftServerImpl (RaftServerImpl.java:setRole(170)) - e7bd1734-ef6c-4cf8-b88c-8a1061e7af66@group-A7B71704B138: changes role from      null to FOLLOWER at term 0 for startAsFollower
2019-10-02 17:49:04,596 [pool-87-thread-1] INFO  impl.RoleInfo (RoleInfo.java:updateAndGet(143)) - e7bd1734-ef6c-4cf8-b88c-8a1061e7af66: start FollowerState
2019-10-02 17:49:04,598 [pool-87-thread-1] INFO  util.JmxRegister (JmxRegister.java:tryRegister(44)) - Successfully registered JMX Bean with object name Ratis:service=RaftServer,group=group-A7B71704B138,id=e7bd1734-ef6c-4cf8-b88c-8a1061e7af66
2019-10-02 17:49:04,617 [RatisPipelineUtilsThread] INFO  pipeline.PipelineStateManager (PipelineStateManager.java:addPipeline(56)) - Created pipeline Pipeline[ Id: 8b2b6c7b-60fb-42a6-89ed-a7b71704b138, Nodes: e7bd1734-ef6c-4cf8-b88c-8a1061e7af66{ip: 192.168.151.72, host: pr-trunk-fgz7f-2353921243, networkLocation: /default-rack, certSerialId: null}, Type:RATIS, Factor:ONE, State:OPEN]
2019-10-02 17:49:04,646 [grpc-default-executor-0] INFO  impl.RaftServerProxy (RaftServerProxy.java:addNew(89)) - c6bdf12a-094f-42bc-87c0-f082ef291ed8: addNew group-B43A58546E1E:[c6bdf12a-094f-42bc-87c0-f082ef291ed8:192.168.151.72:33846] returns group-B43A58546E1E:java.util.concurrent.CompletableFuture@7458d263[Not completed]
2019-10-02 17:49:04,667 [pool-47-thread-1] INFO  impl.RaftServerImpl (RaftServerImpl.java:<init>(95)) - c6bdf12a-094f-42bc-87c0-f082ef291ed8: new RaftServerImpl for group-B43A58546E1E:[c6bdf12a-094f-42bc-87c0-f082ef291ed8:192.168.151.72:33846] with ContainerStateMachine:uninitialized
2019-10-02 17:49:04,667 [pool-47-thread-1] INFO  server.RaftServerConfigKeys (ConfUtils.java:logGet(43)) - raft.server.rpc.timeout.min = 5s (custom)
2019-10-02 17:49:04,668 [pool-47-thread-1] INFO  server.RaftServerConfigKeys (ConfUtils.java:logGet(43)) - raft.server.rpc.timeout.max = 5200ms (custom)
2019-10-02 17:49:04,668 [pool-47-thread-1] INFO  server.RaftServerConfigKeys (ConfUtils.java:logGet(43)) - raft.server.rpcslowness.timeout = 120s (custom)
2019-10-02 17:49:04,668 [pool-47-thread-1] INFO  server.RaftServerConfigKeys (ConfUtils.java:logGet(43)) - raft.server.sleep.deviation.threshold = 300 (default)
2019-10-02 17:49:04,668 [pool-47-thread-1] INFO  server.RaftServerConfigKeys (ConfUtils.java:logGet(43)) - raft.server.log.appender.install.snapshot.enabled = false (custom)
2019-10-02 17:49:04,668 [pool-47-thread-1] INFO  impl.RaftServerImpl (ServerState.java:<init>(103)) - c6bdf12a-094f-42bc-87c0-f082ef291ed8@group-B43A58546E1E: ConfigurationManager, init=-1: [c6bdf12a-094f-42bc-87c0-f082ef291ed8:192.168.151.72:33846], old=null, confs=<EMPTY_MAP>
2019-10-02 17:49:04,668 [pool-47-thread-1] INFO  server.RaftServerConfigKeys (ConfUtils.java:logGet(43)) - raft.server.storage.dir = [/workdir/hadoop-ozone/integration-test/target/test-dir/MiniOzoneClusterImpl-d02e41fa-f6e1-4cca-b896-e100a645b5cc/datanode-2/data/ratis] (custom)
2019-10-02 17:49:04,669 [pool-47-thread-1] INFO  server.RaftServerConfigKeys (ConfUtils.java:logGet(43)) - raft.server.log.corruption.policy = EXCEPTION (default)
2019-10-02 17:49:04,669 [pool-47-thread-1] INFO  storage.RaftStorageDirectory (RaftStorageDirectory.java:analyzeStorage(246)) - The storage directory /workdir/hadoop-ozone/integration-test/target/test-dir/MiniOzoneClusterImpl-d02e41fa-f6e1-4cca-b896-e100a645b5cc/datanode-2/data/ratis/65fed914-2c8a-4622-b687-b43a58546e1e does not exist. Creating ...
2019-10-02 17:49:04,682 [pool-47-thread-1] INFO  storage.RaftStorageDirectory (RaftStorageDirectory.java:tryLock(328)) - Lock on /workdir/hadoop-ozone/integration-test/target/test-dir/MiniOzoneClusterImpl-d02e41fa-f6e1-4cca-b896-e100a645b5cc/datanode-2/data/ratis/65fed914-2c8a-4622-b687-b43a58546e1e/in_use.lock acquired by nodename 27144@pr-trunk-fgz7f-2353921243
2019-10-02 17:49:04,696 [pool-47-thread-1] INFO  storage.RaftStorage (RaftStorage.java:format(84)) - Storage directory /workdir/hadoop-ozone/integration-test/target/test-dir/MiniOzoneClusterImpl-d02e41fa-f6e1-4cca-b896-e100a645b5cc/datanode-2/data/ratis/65fed914-2c8a-4622-b687-b43a58546e1e has been successfully formatted.
2019-10-02 17:49:04,696 [pool-47-thread-1] INFO  ratis.ContainerStateMachine (ContainerStateMachine.java:loadSnapshot(231)) - group-B43A58546E1E: The snapshot info is null. Setting the last applied indexto:(t:0, i:~)
2019-10-02 17:49:04,696 [pool-47-thread-1] INFO  server.RaftServerConfigKeys (ConfUtils.java:logGet(43)) - raft.server.notification.no-leader.timeout = 120s (custom)
2019-10-02 17:49:04,696 [pool-47-thread-1] INFO  server.RaftServerConfigKeys (ConfUtils.java:logGet(43)) - raft.server.log.use.memory = false (default)
2019-10-02 17:49:04,697 [pool-47-thread-1] INFO  server.RaftServerConfigKeys (ConfUtils.java:logGet(43)) - raft.server.log.purge.gap = 1000000 (custom)
2019-10-02 17:49:04,697 [pool-47-thread-1] INFO  server.RaftServerConfigKeys (ConfUtils.java:logGet(43)) - raft.server.log.appender.buffer.byte-limit = 33554432 (custom)
2019-10-02 17:49:04,697 [pool-47-thread-1] INFO  server.RaftServerConfigKeys (ConfUtils.java:logGet(43)) - raft.server.log.segment.size.max = 1048576 (custom)
2019-10-02 17:49:04,736 [pool-47-thread-1] INFO  server.RaftServerConfigKeys (ConfUtils.java:logGet(43)) - raft.server.log.segment.cache.num.max = 2 (custom)
2019-10-02 17:49:04,737 [pool-47-thread-1] INFO  segmented.SegmentedRaftLogWorker (SegmentedRaftLogWorker.java:<init>(173)) - new c6bdf12a-094f-42bc-87c0-f082ef291ed8@group-B43A58546E1E-SegmentedRaftLogWorker for RaftStorage:Storage Directory /workdir/hadoop-ozone/integration-test/target/test-dir/MiniOzoneClusterImpl-d02e41fa-f6e1-4cca-b896-e100a645b5cc/datanode-2/data/ratis/65fed914-2c8a-4622-b687-b43a58546e1e
2019-10-02 17:49:04,737 [pool-47-thread-1] INFO  server.RaftServerConfigKeys (ConfUtils.java:logGet(43)) - raft.server.log.queue.byte-limit = 2147483647 (custom)
2019-10-02 17:49:04,737 [pool-47-thread-1] INFO  server.RaftServerConfigKeys (ConfUtils.java:logGet(43)) - raft.server.log.queue.element-limit = 1024 (custom)
2019-10-02 17:49:04,737 [pool-47-thread-1] INFO  server.RaftServerConfigKeys (ConfUtils.java:logGet(43)) - raft.server.log.segment.size.max = 1048576 (custom)
2019-10-02 17:49:04,738 [pool-47-thread-1] INFO  server.RaftServerConfigKeys (ConfUtils.java:logGet(43)) - raft.server.log.preallocated.size = 16384 (custom)
2019-10-02 17:49:04,738 [pool-47-thread-1] INFO  server.RaftServerConfigKeys (ConfUtils.java:logGet(43)) - raft.server.log.write.buffer.size = 33554432 (custom)
2019-10-02 17:49:04,738 [pool-47-thread-1] INFO  server.RaftServerConfigKeys (ConfUtils.java:logGet(43)) - raft.server.log.force.sync.num = 128 (default)
2019-10-02 17:49:04,738 [pool-47-thread-1] INFO  server.RaftServerConfigKeys (ConfUtils.java:logGet(43)) - raft.server.log.statemachine.data.sync = true (default)
2019-10-02 17:49:04,738 [pool-47-thread-1] INFO  server.RaftServerConfigKeys (ConfUtils.java:logGet(43)) - raft.server.log.statemachine.data.sync.timeout = 10s (default)
2019-10-02 17:49:04,738 [pool-47-thread-1] INFO  server.RaftServerConfigKeys (ConfUtils.java:logGet(43)) - raft.server.log.statemachine.data.sync.timeout.retry = -1 (default)
2019-10-02 17:49:04,739 [pool-47-thread-1] INFO  server.RaftServerConfigKeys (ConfUtils.java:logGet(43)) - raft.server.log.statemachine.data.caching.enabled = true (custom)
2019-10-02 17:49:04,740 [pool-47-thread-1] INFO  segmented.SegmentedRaftLogWorker (SegmentedRaftLogWorker.java:lambda$new$0(128)) - c6bdf12a-094f-42bc-87c0-f082ef291ed8@group-B43A58546E1E-SegmentedRaftLogWorker: flushIndex: setUnconditionally 0 -> -1
2019-10-02 17:49:04,740 [pool-47-thread-1] INFO  server.RaftServerConfigKeys (ConfUtils.java:logGet(43)) - raft.server.snapshot.auto.trigger.enabled = true (custom)
2019-10-02 17:49:04,740 [pool-47-thread-1] INFO  server.RaftServerConfigKeys (ConfUtils.java:logGet(43)) - raft.server.snapshot.auto.trigger.threshold = 10000 (custom)
2019-10-02 17:49:04,740 [pool-47-thread-1] INFO  server.RaftServerConfigKeys (ConfUtils.java:logGet(43)) - raft.server.snapshot.retention.file.num = 5 (custom)
2019-10-02 17:49:04,741 [pool-47-thread-1] INFO  server.RaftServerConfigKeys (ConfUtils.java:logGet(43)) - raft.server.retrycache.expirytime = 600000ms (custom)
2019-10-02 17:49:04,745 [pool-47-thread-1] INFO  impl.RaftServerImpl (RaftServerImpl.java:start(181)) - c6bdf12a-094f-42bc-87c0-f082ef291ed8@group-B43A58546E1E: start as a follower, conf=-1: [c6bdf12a-094f-42bc-87c0-f082ef291ed8:192.168.151.72:33846], old=null
2019-10-02 17:49:04,746 [pool-47-thread-1] INFO  impl.RaftServerImpl (RaftServerImpl.java:setRole(170)) - c6bdf12a-094f-42bc-87c0-f082ef291ed8@group-B43A58546E1E: changes role from      null to FOLLOWER at term 0 for startAsFollower
2019-10-02 17:49:04,746 [pool-47-thread-1] INFO  impl.RoleInfo (RoleInfo.java:updateAndGet(143)) - c6bdf12a-094f-42bc-87c0-f082ef291ed8: start FollowerState
2019-10-02 17:49:04,746 [pool-47-thread-1] INFO  util.JmxRegister (JmxRegister.java:tryRegister(44)) - Successfully registered JMX Bean with object name Ratis:service=RaftServer,group=group-B43A58546E1E,id=c6bdf12a-094f-42bc-87c0-f082ef291ed8
2019-10-02 17:49:04,766 [RatisPipelineUtilsThread] INFO  pipeline.PipelineStateManager (PipelineStateManager.java:addPipeline(56)) - Created pipeline Pipeline[ Id: 65fed914-2c8a-4622-b687-b43a58546e1e, Nodes: c6bdf12a-094f-42bc-87c0-f082ef291ed8{ip: 192.168.151.72, host: pr-trunk-fgz7f-2353921243, networkLocation: /default-rack, certSerialId: null}, Type:RATIS, Factor:ONE, State:OPEN]
2019-10-02 17:49:04,789 [grpc-default-executor-1] INFO  impl.RaftServerProxy (RaftServerProxy.java:addNew(89)) - cde4f2ee-ebe5-4cd0-b57a-bd620480943f: addNew group-F4DF0B55D101:[cde4f2ee-ebe5-4cd0-b57a-bd620480943f:192.168.151.72:42212] returns group-F4DF0B55D101:java.util.concurrent.CompletableFuture@12c6c161[Not completed]
2019-10-02 17:49:04,795 [pool-67-thread-1] INFO  impl.RaftServerImpl (RaftServerImpl.java:<init>(95)) - cde4f2ee-ebe5-4cd0-b57a-bd620480943f: new RaftServerImpl for group-F4DF0B55D101:[cde4f2ee-ebe5-4cd0-b57a-bd620480943f:192.168.151.72:42212] with ContainerStateMachine:uninitialized
2019-10-02 17:49:04,795 [pool-67-thread-1] INFO  server.RaftServerConfigKeys (ConfUtils.java:logGet(43)) - raft.server.rpc.timeout.min = 5s (custom)
2019-10-02 17:49:04,795 [pool-67-thread-1] INFO  server.RaftServerConfigKeys (ConfUtils.java:logGet(43)) - raft.server.rpc.timeout.max = 5200ms (custom)
2019-10-02 17:49:04,795 [pool-67-thread-1] INFO  server.RaftServerConfigKeys (ConfUtils.java:logGet(43)) - raft.server.rpcslowness.timeout = 120s (custom)
2019-10-02 17:49:04,796 [pool-67-thread-1] INFO  server.RaftServerConfigKeys (ConfUtils.java:logGet(43)) - raft.server.sleep.deviation.threshold = 300 (default)
2019-10-02 17:49:04,796 [pool-67-thread-1] INFO  server.RaftServerConfigKeys (ConfUtils.java:logGet(43)) - raft.server.log.appender.install.snapshot.enabled = false (custom)
2019-10-02 17:49:04,796 [pool-67-thread-1] INFO  impl.RaftServerImpl (ServerState.java:<init>(103)) - cde4f2ee-ebe5-4cd0-b57a-bd620480943f@group-F4DF0B55D101: ConfigurationManager, init=-1: [cde4f2ee-ebe5-4cd0-b57a-bd620480943f:192.168.151.72:42212], old=null, confs=<EMPTY_MAP>
2019-10-02 17:49:04,796 [pool-67-thread-1] INFO  server.RaftServerConfigKeys (ConfUtils.java:logGet(43)) - raft.server.storage.dir = [/workdir/hadoop-ozone/integration-test/target/test-dir/MiniOzoneClusterImpl-d02e41fa-f6e1-4cca-b896-e100a645b5cc/datanode-4/data/ratis] (custom)
2019-10-02 17:49:04,797 [pool-67-thread-1] INFO  server.RaftServerConfigKeys (ConfUtils.java:logGet(43)) - raft.server.log.corruption.policy = EXCEPTION (default)
2019-10-02 17:49:04,797 [pool-67-thread-1] INFO  storage.RaftStorageDirectory (RaftStorageDirectory.java:analyzeStorage(246)) - The storage directory /workdir/hadoop-ozone/integration-test/target/test-dir/MiniOzoneClusterImpl-d02e41fa-f6e1-4cca-b896-e100a645b5cc/datanode-4/data/ratis/4ffc04ce-ec69-46a3-a6dc-f4df0b55d101 does not exist. Creating ...
2019-10-02 17:49:04,810 [pool-67-thread-1] INFO  storage.RaftStorageDirectory (RaftStorageDirectory.java:tryLock(328)) - Lock on /workdir/hadoop-ozone/integration-test/target/test-dir/MiniOzoneClusterImpl-d02e41fa-f6e1-4cca-b896-e100a645b5cc/datanode-4/data/ratis/4ffc04ce-ec69-46a3-a6dc-f4df0b55d101/in_use.lock acquired by nodename 27144@pr-trunk-fgz7f-2353921243
2019-10-02 17:49:04,827 [pool-67-thread-1] INFO  storage.RaftStorage (RaftStorage.java:format(84)) - Storage directory /workdir/hadoop-ozone/integration-test/target/test-dir/MiniOzoneClusterImpl-d02e41fa-f6e1-4cca-b896-e100a645b5cc/datanode-4/data/ratis/4ffc04ce-ec69-46a3-a6dc-f4df0b55d101 has been successfully formatted.
2019-10-02 17:49:04,827 [IPC Server handler 0 on 44923] INFO  volume.OMVolumeCreateRequest (OMVolumeCreateRequest.java:validateAndUpdateCache(194)) - created volume:testblockoutputstreamwithretries for user:jenkins1000
2019-10-02 17:49:04,828 [pool-67-thread-1] INFO  ratis.ContainerStateMachine (ContainerStateMachine.java:loadSnapshot(231)) - group-F4DF0B55D101: The snapshot info is null. Setting the last applied indexto:(t:0, i:~)
2019-10-02 17:49:04,828 [pool-67-thread-1] INFO  server.RaftServerConfigKeys (ConfUtils.java:logGet(43)) - raft.server.notification.no-leader.timeout = 120s (custom)
2019-10-02 17:49:04,828 [pool-67-thread-1] INFO  server.RaftServerConfigKeys (ConfUtils.java:logGet(43)) - raft.server.log.use.memory = false (default)
2019-10-02 17:49:04,828 [pool-67-thread-1] INFO  server.RaftServerConfigKeys (ConfUtils.java:logGet(43)) - raft.server.log.purge.gap = 1000000 (custom)
2019-10-02 17:49:04,828 [pool-67-thread-1] INFO  server.RaftServerConfigKeys (ConfUtils.java:logGet(43)) - raft.server.log.appender.buffer.byte-limit = 33554432 (custom)
2019-10-02 17:49:04,829 [pool-67-thread-1] INFO  server.RaftServerConfigKeys (ConfUtils.java:logGet(43)) - raft.server.log.segment.size.max = 1048576 (custom)
2019-10-02 17:49:04,834 [pool-67-thread-1] INFO  server.RaftServerConfigKeys (ConfUtils.java:logGet(43)) - raft.server.log.segment.cache.num.max = 2 (custom)
2019-10-02 17:49:04,834 [pool-67-thread-1] INFO  segmented.SegmentedRaftLogWorker (SegmentedRaftLogWorker.java:<init>(173)) - new cde4f2ee-ebe5-4cd0-b57a-bd620480943f@group-F4DF0B55D101-SegmentedRaftLogWorker for RaftStorage:Storage Directory /workdir/hadoop-ozone/integration-test/target/test-dir/MiniOzoneClusterImpl-d02e41fa-f6e1-4cca-b896-e100a645b5cc/datanode-4/data/ratis/4ffc04ce-ec69-46a3-a6dc-f4df0b55d101
2019-10-02 17:49:04,834 [pool-67-thread-1] INFO  server.RaftServerConfigKeys (ConfUtils.java:logGet(43)) - raft.server.log.queue.byte-limit = 2147483647 (custom)
2019-10-02 17:49:04,834 [pool-67-thread-1] INFO  server.RaftServerConfigKeys (ConfUtils.java:logGet(43)) - raft.server.log.queue.element-limit = 1024 (custom)
2019-10-02 17:49:04,835 [pool-67-thread-1] INFO  server.RaftServerConfigKeys (ConfUtils.java:logGet(43)) - raft.server.log.segment.size.max = 1048576 (custom)
2019-10-02 17:49:04,835 [pool-67-thread-1] INFO  server.RaftServerConfigKeys (ConfUtils.java:logGet(43)) - raft.server.log.preallocated.size = 16384 (custom)
2019-10-02 17:49:04,835 [pool-67-thread-1] INFO  server.RaftServerConfigKeys (ConfUtils.java:logGet(43)) - raft.server.log.write.buffer.size = 33554432 (custom)
2019-10-02 17:49:04,835 [pool-67-thread-1] INFO  server.RaftServerConfigKeys (ConfUtils.java:logGet(43)) - raft.server.log.force.sync.num = 128 (default)
2019-10-02 17:49:04,835 [pool-67-thread-1] INFO  server.RaftServerConfigKeys (ConfUtils.java:logGet(43)) - raft.server.log.statemachine.data.sync = true (default)
2019-10-02 17:49:04,835 [pool-67-thread-1] INFO  server.RaftServerConfigKeys (ConfUtils.java:logGet(43)) - raft.server.log.statemachine.data.sync.timeout = 10s (default)
2019-10-02 17:49:04,852 [pool-67-thread-1] INFO  server.RaftServerConfigKeys (ConfUtils.java:logGet(43)) - raft.server.log.statemachine.data.sync.timeout.retry = -1 (default)
2019-10-02 17:49:04,854 [pool-67-thread-1] INFO  server.RaftServerConfigKeys (ConfUtils.java:logGet(43)) - raft.server.log.statemachine.data.caching.enabled = true (custom)
2019-10-02 17:49:04,855 [pool-67-thread-1] INFO  segmented.SegmentedRaftLogWorker (SegmentedRaftLogWorker.java:lambda$new$0(128)) - cde4f2ee-ebe5-4cd0-b57a-bd620480943f@group-F4DF0B55D101-SegmentedRaftLogWorker: flushIndex: setUnconditionally 0 -> -1
2019-10-02 17:49:04,855 [pool-67-thread-1] INFO  server.RaftServerConfigKeys (ConfUtils.java:logGet(43)) - raft.server.snapshot.auto.trigger.enabled = true (custom)
2019-10-02 17:49:04,860 [pool-67-thread-1] INFO  server.RaftServerConfigKeys (ConfUtils.java:logGet(43)) - raft.server.snapshot.auto.trigger.threshold = 10000 (custom)
2019-10-02 17:49:04,860 [pool-67-thread-1] INFO  server.RaftServerConfigKeys (ConfUtils.java:logGet(43)) - raft.server.snapshot.retention.file.num = 5 (custom)
2019-10-02 17:49:04,860 [pool-67-thread-1] INFO  server.RaftServerConfigKeys (ConfUtils.java:logGet(43)) - raft.server.retrycache.expirytime = 600000ms (custom)
2019-10-02 17:49:04,867 [pool-67-thread-1] INFO  impl.RaftServerImpl (RaftServerImpl.java:start(181)) - cde4f2ee-ebe5-4cd0-b57a-bd620480943f@group-F4DF0B55D101: start as a follower, conf=-1: [cde4f2ee-ebe5-4cd0-b57a-bd620480943f:192.168.151.72:42212], old=null
2019-10-02 17:49:04,867 [pool-67-thread-1] INFO  impl.RaftServerImpl (RaftServerImpl.java:setRole(170)) - cde4f2ee-ebe5-4cd0-b57a-bd620480943f@group-F4DF0B55D101: changes role from      null to FOLLOWER at term 0 for startAsFollower
2019-10-02 17:49:04,867 [pool-67-thread-1] INFO  impl.RoleInfo (RoleInfo.java:updateAndGet(143)) - cde4f2ee-ebe5-4cd0-b57a-bd620480943f: start FollowerState
2019-10-02 17:49:04,867 [pool-67-thread-1] INFO  util.JmxRegister (JmxRegister.java:tryRegister(44)) - Successfully registered JMX Bean with object name Ratis:service=RaftServer,group=group-F4DF0B55D101,id=cde4f2ee-ebe5-4cd0-b57a-bd620480943f
2019-10-02 17:49:04,871 [main] INFO  rpc.RpcClient (RpcClient.java:createBucket(415)) - Creating Bucket: testblockoutputstreamwithretries/testblockoutputstreamwithretries, with Versioning false and Storage Type set to DISK and Encryption set to false 
2019-10-02 17:49:04,895 [RatisPipelineUtilsThread] INFO  pipeline.PipelineStateManager (PipelineStateManager.java:addPipeline(56)) - Created pipeline Pipeline[ Id: 4ffc04ce-ec69-46a3-a6dc-f4df0b55d101, Nodes: cde4f2ee-ebe5-4cd0-b57a-bd620480943f{ip: 192.168.151.72, host: pr-trunk-fgz7f-2353921243, networkLocation: /default-rack, certSerialId: null}, Type:RATIS, Factor:ONE, State:OPEN]
2019-10-02 17:49:04,922 [grpc-default-executor-1] INFO  impl.RaftServerProxy (RaftServerProxy.java:addNew(89)) - 8182f27e-27c9-4a2f-8b1e-959753d76c58: addNew group-8E9534CC1D25:[8182f27e-27c9-4a2f-8b1e-959753d76c58:192.168.151.72:43142] returns group-8E9534CC1D25:java.util.concurrent.CompletableFuture@460b8000[Not completed]
2019-10-02 17:49:04,924 [pool-37-thread-1] INFO  impl.RaftServerImpl (RaftServerImpl.java:<init>(95)) - 8182f27e-27c9-4a2f-8b1e-959753d76c58: new RaftServerImpl for group-8E9534CC1D25:[8182f27e-27c9-4a2f-8b1e-959753d76c58:192.168.151.72:43142] with ContainerStateMachine:uninitialized
2019-10-02 17:49:04,924 [pool-37-thread-1] INFO  server.RaftServerConfigKeys (ConfUtils.java:logGet(43)) - raft.server.rpc.timeout.min = 5s (custom)
2019-10-02 17:49:04,925 [pool-37-thread-1] INFO  server.RaftServerConfigKeys (ConfUtils.java:logGet(43)) - raft.server.rpc.timeout.max = 5200ms (custom)
2019-10-02 17:49:04,925 [pool-37-thread-1] INFO  server.RaftServerConfigKeys (ConfUtils.java:logGet(43)) - raft.server.rpcslowness.timeout = 120s (custom)
2019-10-02 17:49:04,925 [pool-37-thread-1] INFO  server.RaftServerConfigKeys (ConfUtils.java:logGet(43)) - raft.server.sleep.deviation.threshold = 300 (default)
2019-10-02 17:49:04,925 [pool-37-thread-1] INFO  server.RaftServerConfigKeys (ConfUtils.java:logGet(43)) - raft.server.log.appender.install.snapshot.enabled = false (custom)
2019-10-02 17:49:04,925 [pool-37-thread-1] INFO  impl.RaftServerImpl (ServerState.java:<init>(103)) - 8182f27e-27c9-4a2f-8b1e-959753d76c58@group-8E9534CC1D25: ConfigurationManager, init=-1: [8182f27e-27c9-4a2f-8b1e-959753d76c58:192.168.151.72:43142], old=null, confs=<EMPTY_MAP>
2019-10-02 17:49:04,926 [pool-37-thread-1] INFO  server.RaftServerConfigKeys (ConfUtils.java:logGet(43)) - raft.server.storage.dir = [/workdir/hadoop-ozone/integration-test/target/test-dir/MiniOzoneClusterImpl-d02e41fa-f6e1-4cca-b896-e100a645b5cc/datanode-1/data/ratis] (custom)
2019-10-02 17:49:04,926 [pool-37-thread-1] INFO  server.RaftServerConfigKeys (ConfUtils.java:logGet(43)) - raft.server.log.corruption.policy = EXCEPTION (default)
2019-10-02 17:49:04,926 [pool-37-thread-1] INFO  storage.RaftStorageDirectory (RaftStorageDirectory.java:analyzeStorage(246)) - The storage directory /workdir/hadoop-ozone/integration-test/target/test-dir/MiniOzoneClusterImpl-d02e41fa-f6e1-4cca-b896-e100a645b5cc/datanode-1/data/ratis/2ba2d8eb-87b6-4140-b3e5-8e9534cc1d25 does not exist. Creating ...
2019-10-02 17:49:04,939 [pool-37-thread-1] INFO  storage.RaftStorageDirectory (RaftStorageDirectory.java:tryLock(328)) - Lock on /workdir/hadoop-ozone/integration-test/target/test-dir/MiniOzoneClusterImpl-d02e41fa-f6e1-4cca-b896-e100a645b5cc/datanode-1/data/ratis/2ba2d8eb-87b6-4140-b3e5-8e9534cc1d25/in_use.lock acquired by nodename 27144@pr-trunk-fgz7f-2353921243
2019-10-02 17:49:04,952 [pool-37-thread-1] INFO  storage.RaftStorage (RaftStorage.java:format(84)) - Storage directory /workdir/hadoop-ozone/integration-test/target/test-dir/MiniOzoneClusterImpl-d02e41fa-f6e1-4cca-b896-e100a645b5cc/datanode-1/data/ratis/2ba2d8eb-87b6-4140-b3e5-8e9534cc1d25 has been successfully formatted.
2019-10-02 17:49:04,953 [pool-37-thread-1] INFO  ratis.ContainerStateMachine (ContainerStateMachine.java:loadSnapshot(231)) - group-8E9534CC1D25: The snapshot info is null. Setting the last applied indexto:(t:0, i:~)
2019-10-02 17:49:04,953 [pool-37-thread-1] INFO  server.RaftServerConfigKeys (ConfUtils.java:logGet(43)) - raft.server.notification.no-leader.timeout = 120s (custom)
2019-10-02 17:49:04,953 [pool-37-thread-1] INFO  server.RaftServerConfigKeys (ConfUtils.java:logGet(43)) - raft.server.log.use.memory = false (default)
2019-10-02 17:49:04,953 [pool-37-thread-1] INFO  server.RaftServerConfigKeys (ConfUtils.java:logGet(43)) - raft.server.log.purge.gap = 1000000 (custom)
2019-10-02 17:49:04,953 [pool-37-thread-1] INFO  server.RaftServerConfigKeys (ConfUtils.java:logGet(43)) - raft.server.log.appender.buffer.byte-limit = 33554432 (custom)
2019-10-02 17:49:04,954 [pool-37-thread-1] INFO  server.RaftServerConfigKeys (ConfUtils.java:logGet(43)) - raft.server.log.segment.size.max = 1048576 (custom)
2019-10-02 17:49:04,958 [pool-37-thread-1] INFO  server.RaftServerConfigKeys (ConfUtils.java:logGet(43)) - raft.server.log.segment.cache.num.max = 2 (custom)
2019-10-02 17:49:04,958 [pool-37-thread-1] INFO  segmented.SegmentedRaftLogWorker (SegmentedRaftLogWorker.java:<init>(173)) - new 8182f27e-27c9-4a2f-8b1e-959753d76c58@group-8E9534CC1D25-SegmentedRaftLogWorker for RaftStorage:Storage Directory /workdir/hadoop-ozone/integration-test/target/test-dir/MiniOzoneClusterImpl-d02e41fa-f6e1-4cca-b896-e100a645b5cc/datanode-1/data/ratis/2ba2d8eb-87b6-4140-b3e5-8e9534cc1d25
2019-10-02 17:49:04,958 [pool-37-thread-1] INFO  server.RaftServerConfigKeys (ConfUtils.java:logGet(43)) - raft.server.log.queue.byte-limit = 2147483647 (custom)
2019-10-02 17:49:04,958 [pool-37-thread-1] INFO  server.RaftServerConfigKeys (ConfUtils.java:logGet(43)) - raft.server.log.queue.element-limit = 1024 (custom)
2019-10-02 17:49:04,959 [pool-37-thread-1] INFO  server.RaftServerConfigKeys (ConfUtils.java:logGet(43)) - raft.server.log.segment.size.max = 1048576 (custom)
2019-10-02 17:49:04,959 [pool-37-thread-1] INFO  server.RaftServerConfigKeys (ConfUtils.java:logGet(43)) - raft.server.log.preallocated.size = 16384 (custom)
2019-10-02 17:49:04,959 [pool-37-thread-1] INFO  server.RaftServerConfigKeys (ConfUtils.java:logGet(43)) - raft.server.log.write.buffer.size = 33554432 (custom)
2019-10-02 17:49:04,959 [pool-37-thread-1] INFO  server.RaftServerConfigKeys (ConfUtils.java:logGet(43)) - raft.server.log.force.sync.num = 128 (default)
2019-10-02 17:49:04,960 [pool-37-thread-1] INFO  server.RaftServerConfigKeys (ConfUtils.java:logGet(43)) - raft.server.log.statemachine.data.sync = true (default)
2019-10-02 17:49:04,960 [pool-37-thread-1] INFO  server.RaftServerConfigKeys (ConfUtils.java:logGet(43)) - raft.server.log.statemachine.data.sync.timeout = 10s (default)
2019-10-02 17:49:04,960 [pool-37-thread-1] INFO  server.RaftServerConfigKeys (ConfUtils.java:logGet(43)) - raft.server.log.statemachine.data.sync.timeout.retry = -1 (default)
2019-10-02 17:49:04,961 [pool-37-thread-1] INFO  server.RaftServerConfigKeys (ConfUtils.java:logGet(43)) - raft.server.log.statemachine.data.caching.enabled = true (custom)
2019-10-02 17:49:04,962 [pool-37-thread-1] INFO  segmented.SegmentedRaftLogWorker (SegmentedRaftLogWorker.java:lambda$new$0(128)) - 8182f27e-27c9-4a2f-8b1e-959753d76c58@group-8E9534CC1D25-SegmentedRaftLogWorker: flushIndex: setUnconditionally 0 -> -1
2019-10-02 17:49:04,962 [pool-37-thread-1] INFO  server.RaftServerConfigKeys (ConfUtils.java:logGet(43)) - raft.server.snapshot.auto.trigger.enabled = true (custom)
2019-10-02 17:49:04,963 [pool-37-thread-1] INFO  server.RaftServerConfigKeys (ConfUtils.java:logGet(43)) - raft.server.snapshot.auto.trigger.threshold = 10000 (custom)
2019-10-02 17:49:04,963 [pool-37-thread-1] INFO  server.RaftServerConfigKeys (ConfUtils.java:logGet(43)) - raft.server.snapshot.retention.file.num = 5 (custom)
2019-10-02 17:49:04,963 [pool-37-thread-1] INFO  server.RaftServerConfigKeys (ConfUtils.java:logGet(43)) - raft.server.retrycache.expirytime = 600000ms (custom)
2019-10-02 17:49:04,969 [pool-37-thread-1] INFO  impl.RaftServerImpl (RaftServerImpl.java:start(181)) - 8182f27e-27c9-4a2f-8b1e-959753d76c58@group-8E9534CC1D25: start as a follower, conf=-1: [8182f27e-27c9-4a2f-8b1e-959753d76c58:192.168.151.72:43142], old=null
2019-10-02 17:49:04,969 [pool-37-thread-1] INFO  impl.RaftServerImpl (RaftServerImpl.java:setRole(170)) - 8182f27e-27c9-4a2f-8b1e-959753d76c58@group-8E9534CC1D25: changes role from      null to FOLLOWER at term 0 for startAsFollower
2019-10-02 17:49:04,969 [pool-37-thread-1] INFO  impl.RoleInfo (RoleInfo.java:updateAndGet(143)) - 8182f27e-27c9-4a2f-8b1e-959753d76c58: start FollowerState
2019-10-02 17:49:04,970 [pool-37-thread-1] INFO  util.JmxRegister (JmxRegister.java:tryRegister(44)) - Successfully registered JMX Bean with object name Ratis:service=RaftServer,group=group-8E9534CC1D25,id=8182f27e-27c9-4a2f-8b1e-959753d76c58
2019-10-02 17:49:04,983 [RatisPipelineUtilsThread] INFO  pipeline.PipelineStateManager (PipelineStateManager.java:addPipeline(56)) - Created pipeline Pipeline[ Id: 2ba2d8eb-87b6-4140-b3e5-8e9534cc1d25, Nodes: 8182f27e-27c9-4a2f-8b1e-959753d76c58{ip: 192.168.151.72, host: pr-trunk-fgz7f-2353921243, networkLocation: /default-rack, certSerialId: null}, Type:RATIS, Factor:ONE, State:OPEN]
2019-10-02 17:49:05,003 [grpc-default-executor-1] INFO  impl.RaftServerProxy (RaftServerProxy.java:addNew(89)) - dc00436c-138b-406c-8f35-4d0b5c3754bc: addNew group-FC50F9FAE811:[dc00436c-138b-406c-8f35-4d0b5c3754bc:192.168.151.72:35612] returns group-FC50F9FAE811:java.util.concurrent.CompletableFuture@33d43415[Not completed]
2019-10-02 17:49:05,007 [pool-77-thread-1] INFO  impl.RaftServerImpl (RaftServerImpl.java:<init>(95)) - dc00436c-138b-406c-8f35-4d0b5c3754bc: new RaftServerImpl for group-FC50F9FAE811:[dc00436c-138b-406c-8f35-4d0b5c3754bc:192.168.151.72:35612] with ContainerStateMachine:uninitialized
2019-10-02 17:49:05,007 [pool-77-thread-1] INFO  server.RaftServerConfigKeys (ConfUtils.java:logGet(43)) - raft.server.rpc.timeout.min = 5s (custom)
2019-10-02 17:49:05,007 [pool-77-thread-1] INFO  server.RaftServerConfigKeys (ConfUtils.java:logGet(43)) - raft.server.rpc.timeout.max = 5200ms (custom)
2019-10-02 17:49:05,007 [pool-77-thread-1] INFO  server.RaftServerConfigKeys (ConfUtils.java:logGet(43)) - raft.server.rpcslowness.timeout = 120s (custom)
2019-10-02 17:49:05,007 [pool-77-thread-1] INFO  server.RaftServerConfigKeys (ConfUtils.java:logGet(43)) - raft.server.sleep.deviation.threshold = 300 (default)
2019-10-02 17:49:05,007 [pool-77-thread-1] INFO  server.RaftServerConfigKeys (ConfUtils.java:logGet(43)) - raft.server.log.appender.install.snapshot.enabled = false (custom)
2019-10-02 17:49:05,008 [pool-77-thread-1] INFO  impl.RaftServerImpl (ServerState.java:<init>(103)) - dc00436c-138b-406c-8f35-4d0b5c3754bc@group-FC50F9FAE811: ConfigurationManager, init=-1: [dc00436c-138b-406c-8f35-4d0b5c3754bc:192.168.151.72:35612], old=null, confs=<EMPTY_MAP>
2019-10-02 17:49:05,008 [pool-77-thread-1] INFO  server.RaftServerConfigKeys (ConfUtils.java:logGet(43)) - raft.server.storage.dir = [/workdir/hadoop-ozone/integration-test/target/test-dir/MiniOzoneClusterImpl-d02e41fa-f6e1-4cca-b896-e100a645b5cc/datanode-5/data/ratis] (custom)
2019-10-02 17:49:05,008 [pool-77-thread-1] INFO  server.RaftServerConfigKeys (ConfUtils.java:logGet(43)) - raft.server.log.corruption.policy = EXCEPTION (default)
2019-10-02 17:49:05,008 [pool-77-thread-1] INFO  storage.RaftStorageDirectory (RaftStorageDirectory.java:analyzeStorage(246)) - The storage directory /workdir/hadoop-ozone/integration-test/target/test-dir/MiniOzoneClusterImpl-d02e41fa-f6e1-4cca-b896-e100a645b5cc/datanode-5/data/ratis/5efd5b9e-3f6f-4b5a-b8cb-fc50f9fae811 does not exist. Creating ...
2019-10-02 17:49:05,021 [pool-77-thread-1] INFO  storage.RaftStorageDirectory (RaftStorageDirectory.java:tryLock(328)) - Lock on /workdir/hadoop-ozone/integration-test/target/test-dir/MiniOzoneClusterImpl-d02e41fa-f6e1-4cca-b896-e100a645b5cc/datanode-5/data/ratis/5efd5b9e-3f6f-4b5a-b8cb-fc50f9fae811/in_use.lock acquired by nodename 27144@pr-trunk-fgz7f-2353921243
2019-10-02 17:49:05,035 [pool-77-thread-1] INFO  storage.RaftStorage (RaftStorage.java:format(84)) - Storage directory /workdir/hadoop-ozone/integration-test/target/test-dir/MiniOzoneClusterImpl-d02e41fa-f6e1-4cca-b896-e100a645b5cc/datanode-5/data/ratis/5efd5b9e-3f6f-4b5a-b8cb-fc50f9fae811 has been successfully formatted.
2019-10-02 17:49:05,035 [pool-77-thread-1] INFO  ratis.ContainerStateMachine (ContainerStateMachine.java:loadSnapshot(231)) - group-FC50F9FAE811: The snapshot info is null. Setting the last applied indexto:(t:0, i:~)
2019-10-02 17:49:05,035 [pool-77-thread-1] INFO  server.RaftServerConfigKeys (ConfUtils.java:logGet(43)) - raft.server.notification.no-leader.timeout = 120s (custom)
2019-10-02 17:49:05,035 [pool-77-thread-1] INFO  server.RaftServerConfigKeys (ConfUtils.java:logGet(43)) - raft.server.log.use.memory = false (default)
2019-10-02 17:49:05,035 [pool-77-thread-1] INFO  server.RaftServerConfigKeys (ConfUtils.java:logGet(43)) - raft.server.log.purge.gap = 1000000 (custom)
2019-10-02 17:49:05,035 [pool-77-thread-1] INFO  server.RaftServerConfigKeys (ConfUtils.java:logGet(43)) - raft.server.log.appender.buffer.byte-limit = 33554432 (custom)
2019-10-02 17:49:05,036 [pool-77-thread-1] INFO  server.RaftServerConfigKeys (ConfUtils.java:logGet(43)) - raft.server.log.segment.size.max = 1048576 (custom)
2019-10-02 17:49:05,038 [pool-77-thread-1] INFO  server.RaftServerConfigKeys (ConfUtils.java:logGet(43)) - raft.server.log.segment.cache.num.max = 2 (custom)
2019-10-02 17:49:05,038 [pool-77-thread-1] INFO  segmented.SegmentedRaftLogWorker (SegmentedRaftLogWorker.java:<init>(173)) - new dc00436c-138b-406c-8f35-4d0b5c3754bc@group-FC50F9FAE811-SegmentedRaftLogWorker for RaftStorage:Storage Directory /workdir/hadoop-ozone/integration-test/target/test-dir/MiniOzoneClusterImpl-d02e41fa-f6e1-4cca-b896-e100a645b5cc/datanode-5/data/ratis/5efd5b9e-3f6f-4b5a-b8cb-fc50f9fae811
2019-10-02 17:49:05,038 [pool-77-thread-1] INFO  server.RaftServerConfigKeys (ConfUtils.java:logGet(43)) - raft.server.log.queue.byte-limit = 2147483647 (custom)
2019-10-02 17:49:05,038 [pool-77-thread-1] INFO  server.RaftServerConfigKeys (ConfUtils.java:logGet(43)) - raft.server.log.queue.element-limit = 1024 (custom)
2019-10-02 17:49:05,038 [pool-77-thread-1] INFO  server.RaftServerConfigKeys (ConfUtils.java:logGet(43)) - raft.server.log.segment.size.max = 1048576 (custom)
2019-10-02 17:49:05,038 [pool-77-thread-1] INFO  server.RaftServerConfigKeys (ConfUtils.java:logGet(43)) - raft.server.log.preallocated.size = 16384 (custom)
2019-10-02 17:49:05,039 [pool-77-thread-1] INFO  server.RaftServerConfigKeys (ConfUtils.java:logGet(43)) - raft.server.log.write.buffer.size = 33554432 (custom)
2019-10-02 17:49:05,039 [pool-77-thread-1] INFO  server.RaftServerConfigKeys (ConfUtils.java:logGet(43)) - raft.server.log.force.sync.num = 128 (default)
2019-10-02 17:49:05,039 [pool-77-thread-1] INFO  server.RaftServerConfigKeys (ConfUtils.java:logGet(43)) - raft.server.log.statemachine.data.sync = true (default)
2019-10-02 17:49:05,039 [pool-77-thread-1] INFO  server.RaftServerConfigKeys (ConfUtils.java:logGet(43)) - raft.server.log.statemachine.data.sync.timeout = 10s (default)
2019-10-02 17:49:05,039 [pool-77-thread-1] INFO  server.RaftServerConfigKeys (ConfUtils.java:logGet(43)) - raft.server.log.statemachine.data.sync.timeout.retry = -1 (default)
2019-10-02 17:49:05,040 [pool-77-thread-1] INFO  server.RaftServerConfigKeys (ConfUtils.java:logGet(43)) - raft.server.log.statemachine.data.caching.enabled = true (custom)
2019-10-02 17:49:05,040 [pool-77-thread-1] INFO  segmented.SegmentedRaftLogWorker (SegmentedRaftLogWorker.java:lambda$new$0(128)) - dc00436c-138b-406c-8f35-4d0b5c3754bc@group-FC50F9FAE811-SegmentedRaftLogWorker: flushIndex: setUnconditionally 0 -> -1
2019-10-02 17:49:05,040 [pool-77-thread-1] INFO  server.RaftServerConfigKeys (ConfUtils.java:logGet(43)) - raft.server.snapshot.auto.trigger.enabled = true (custom)
2019-10-02 17:49:05,040 [pool-77-thread-1] INFO  server.RaftServerConfigKeys (ConfUtils.java:logGet(43)) - raft.server.snapshot.auto.trigger.threshold = 10000 (custom)
2019-10-02 17:49:05,040 [pool-77-thread-1] INFO  server.RaftServerConfigKeys (ConfUtils.java:logGet(43)) - raft.server.snapshot.retention.file.num = 5 (custom)
2019-10-02 17:49:05,040 [pool-77-thread-1] INFO  server.RaftServerConfigKeys (ConfUtils.java:logGet(43)) - raft.server.retrycache.expirytime = 600000ms (custom)
2019-10-02 17:49:05,043 [pool-77-thread-1] INFO  impl.RaftServerImpl (RaftServerImpl.java:start(181)) - dc00436c-138b-406c-8f35-4d0b5c3754bc@group-FC50F9FAE811: start as a follower, conf=-1: [dc00436c-138b-406c-8f35-4d0b5c3754bc:192.168.151.72:35612], old=null
2019-10-02 17:49:05,043 [pool-77-thread-1] INFO  impl.RaftServerImpl (RaftServerImpl.java:setRole(170)) - dc00436c-138b-406c-8f35-4d0b5c3754bc@group-FC50F9FAE811: changes role from      null to FOLLOWER at term 0 for startAsFollower
2019-10-02 17:49:05,043 [pool-77-thread-1] INFO  impl.RoleInfo (RoleInfo.java:updateAndGet(143)) - dc00436c-138b-406c-8f35-4d0b5c3754bc: start FollowerState
2019-10-02 17:49:05,043 [pool-77-thread-1] INFO  util.JmxRegister (JmxRegister.java:tryRegister(44)) - Successfully registered JMX Bean with object name Ratis:service=RaftServer,group=group-FC50F9FAE811,id=dc00436c-138b-406c-8f35-4d0b5c3754bc
2019-10-02 17:49:05,059 [RatisPipelineUtilsThread] INFO  pipeline.PipelineStateManager (PipelineStateManager.java:addPipeline(56)) - Created pipeline Pipeline[ Id: 5efd5b9e-3f6f-4b5a-b8cb-fc50f9fae811, Nodes: dc00436c-138b-406c-8f35-4d0b5c3754bc{ip: 192.168.151.72, host: pr-trunk-fgz7f-2353921243, networkLocation: /default-rack, certSerialId: null}, Type:RATIS, Factor:ONE, State:OPEN]
2019-10-02 17:49:05,078 [grpc-default-executor-1] INFO  impl.RaftServerProxy (RaftServerProxy.java:addNew(89)) - 7ab57b0b-7dff-4048-84c6-4e0b7b47b3fc: addNew group-3C567FC0C2C9:[7ab57b0b-7dff-4048-84c6-4e0b7b47b3fc:192.168.151.72:42942] returns group-3C567FC0C2C9:java.util.concurrent.CompletableFuture@257c8746[Not completed]
2019-10-02 17:49:05,486 [pool-57-thread-1] INFO  impl.RaftServerImpl (RaftServerImpl.java:<init>(95)) - 7ab57b0b-7dff-4048-84c6-4e0b7b47b3fc: new RaftServerImpl for group-3C567FC0C2C9:[7ab57b0b-7dff-4048-84c6-4e0b7b47b3fc:192.168.151.72:42942] with ContainerStateMachine:uninitialized
2019-10-02 17:49:05,487 [pool-57-thread-1] INFO  server.RaftServerConfigKeys (ConfUtils.java:logGet(43)) - raft.server.rpc.timeout.min = 5s (custom)
2019-10-02 17:49:05,487 [pool-57-thread-1] INFO  server.RaftServerConfigKeys (ConfUtils.java:logGet(43)) - raft.server.rpc.timeout.max = 5200ms (custom)
2019-10-02 17:49:05,487 [pool-57-thread-1] INFO  server.RaftServerConfigKeys (ConfUtils.java:logGet(43)) - raft.server.rpcslowness.timeout = 120s (custom)
2019-10-02 17:49:05,487 [pool-57-thread-1] INFO  server.RaftServerConfigKeys (ConfUtils.java:logGet(43)) - raft.server.sleep.deviation.threshold = 300 (default)
2019-10-02 17:49:05,488 [pool-57-thread-1] INFO  server.RaftServerConfigKeys (ConfUtils.java:logGet(43)) - raft.server.log.appender.install.snapshot.enabled = false (custom)
2019-10-02 17:49:05,488 [pool-57-thread-1] INFO  impl.RaftServerImpl (ServerState.java:<init>(103)) - 7ab57b0b-7dff-4048-84c6-4e0b7b47b3fc@group-3C567FC0C2C9: ConfigurationManager, init=-1: [7ab57b0b-7dff-4048-84c6-4e0b7b47b3fc:192.168.151.72:42942], old=null, confs=<EMPTY_MAP>
2019-10-02 17:49:05,488 [pool-57-thread-1] INFO  server.RaftServerConfigKeys (ConfUtils.java:logGet(43)) - raft.server.storage.dir = [/workdir/hadoop-ozone/integration-test/target/test-dir/MiniOzoneClusterImpl-d02e41fa-f6e1-4cca-b896-e100a645b5cc/datanode-3/data/ratis] (custom)
2019-10-02 17:49:05,489 [pool-57-thread-1] INFO  server.RaftServerConfigKeys (ConfUtils.java:logGet(43)) - raft.server.log.corruption.policy = EXCEPTION (default)
2019-10-02 17:49:05,489 [pool-57-thread-1] INFO  storage.RaftStorageDirectory (RaftStorageDirectory.java:analyzeStorage(246)) - The storage directory /workdir/hadoop-ozone/integration-test/target/test-dir/MiniOzoneClusterImpl-d02e41fa-f6e1-4cca-b896-e100a645b5cc/datanode-3/data/ratis/19101627-e0df-4cc1-a1f7-3c567fc0c2c9 does not exist. Creating ...
2019-10-02 17:49:05,506 [pool-57-thread-1] INFO  storage.RaftStorageDirectory (RaftStorageDirectory.java:tryLock(328)) - Lock on /workdir/hadoop-ozone/integration-test/target/test-dir/MiniOzoneClusterImpl-d02e41fa-f6e1-4cca-b896-e100a645b5cc/datanode-3/data/ratis/19101627-e0df-4cc1-a1f7-3c567fc0c2c9/in_use.lock acquired by nodename 27144@pr-trunk-fgz7f-2353921243
2019-10-02 17:49:05,545 [pool-57-thread-1] INFO  storage.RaftStorage (RaftStorage.java:format(84)) - Storage directory /workdir/hadoop-ozone/integration-test/target/test-dir/MiniOzoneClusterImpl-d02e41fa-f6e1-4cca-b896-e100a645b5cc/datanode-3/data/ratis/19101627-e0df-4cc1-a1f7-3c567fc0c2c9 has been successfully formatted.
2019-10-02 17:49:05,546 [pool-57-thread-1] INFO  ratis.ContainerStateMachine (ContainerStateMachine.java:loadSnapshot(231)) - group-3C567FC0C2C9: The snapshot info is null. Setting the last applied indexto:(t:0, i:~)
2019-10-02 17:49:05,546 [pool-57-thread-1] INFO  server.RaftServerConfigKeys (ConfUtils.java:logGet(43)) - raft.server.notification.no-leader.timeout = 120s (custom)
2019-10-02 17:49:05,546 [pool-57-thread-1] INFO  server.RaftServerConfigKeys (ConfUtils.java:logGet(43)) - raft.server.log.use.memory = false (default)
2019-10-02 17:49:05,546 [pool-57-thread-1] INFO  server.RaftServerConfigKeys (ConfUtils.java:logGet(43)) - raft.server.log.purge.gap = 1000000 (custom)
2019-10-02 17:49:05,546 [pool-57-thread-1] INFO  server.RaftServerConfigKeys (ConfUtils.java:logGet(43)) - raft.server.log.appender.buffer.byte-limit = 33554432 (custom)
2019-10-02 17:49:05,547 [pool-57-thread-1] INFO  server.RaftServerConfigKeys (ConfUtils.java:logGet(43)) - raft.server.log.segment.size.max = 1048576 (custom)
2019-10-02 17:49:05,551 [pool-57-thread-1] INFO  server.RaftServerConfigKeys (ConfUtils.java:logGet(43)) - raft.server.log.segment.cache.num.max = 2 (custom)
2019-10-02 17:49:05,551 [pool-57-thread-1] INFO  segmented.SegmentedRaftLogWorker (SegmentedRaftLogWorker.java:<init>(173)) - new 7ab57b0b-7dff-4048-84c6-4e0b7b47b3fc@group-3C567FC0C2C9-SegmentedRaftLogWorker for RaftStorage:Storage Directory /workdir/hadoop-ozone/integration-test/target/test-dir/MiniOzoneClusterImpl-d02e41fa-f6e1-4cca-b896-e100a645b5cc/datanode-3/data/ratis/19101627-e0df-4cc1-a1f7-3c567fc0c2c9
2019-10-02 17:49:05,551 [pool-57-thread-1] INFO  server.RaftServerConfigKeys (ConfUtils.java:logGet(43)) - raft.server.log.queue.byte-limit = 2147483647 (custom)
2019-10-02 17:49:05,551 [pool-57-thread-1] INFO  server.RaftServerConfigKeys (ConfUtils.java:logGet(43)) - raft.server.log.queue.element-limit = 1024 (custom)
2019-10-02 17:49:05,551 [pool-57-thread-1] INFO  server.RaftServerConfigKeys (ConfUtils.java:logGet(43)) - raft.server.log.segment.size.max = 1048576 (custom)
2019-10-02 17:49:05,552 [pool-57-thread-1] INFO  server.RaftServerConfigKeys (ConfUtils.java:logGet(43)) - raft.server.log.preallocated.size = 16384 (custom)
2019-10-02 17:49:05,552 [pool-57-thread-1] INFO  server.RaftServerConfigKeys (ConfUtils.java:logGet(43)) - raft.server.log.write.buffer.size = 33554432 (custom)
2019-10-02 17:49:05,552 [pool-57-thread-1] INFO  server.RaftServerConfigKeys (ConfUtils.java:logGet(43)) - raft.server.log.force.sync.num = 128 (default)
2019-10-02 17:49:05,552 [pool-57-thread-1] INFO  server.RaftServerConfigKeys (ConfUtils.java:logGet(43)) - raft.server.log.statemachine.data.sync = true (default)
2019-10-02 17:49:05,552 [pool-57-thread-1] INFO  server.RaftServerConfigKeys (ConfUtils.java:logGet(43)) - raft.server.log.statemachine.data.sync.timeout = 10s (default)
2019-10-02 17:49:05,553 [pool-57-thread-1] INFO  server.RaftServerConfigKeys (ConfUtils.java:logGet(43)) - raft.server.log.statemachine.data.sync.timeout.retry = -1 (default)
2019-10-02 17:49:05,553 [pool-57-thread-1] INFO  server.RaftServerConfigKeys (ConfUtils.java:logGet(43)) - raft.server.log.statemachine.data.caching.enabled = true (custom)
2019-10-02 17:49:05,554 [pool-57-thread-1] INFO  segmented.SegmentedRaftLogWorker (SegmentedRaftLogWorker.java:lambda$new$0(128)) - 7ab57b0b-7dff-4048-84c6-4e0b7b47b3fc@group-3C567FC0C2C9-SegmentedRaftLogWorker: flushIndex: setUnconditionally 0 -> -1
2019-10-02 17:49:05,554 [pool-57-thread-1] INFO  server.RaftServerConfigKeys (ConfUtils.java:logGet(43)) - raft.server.snapshot.auto.trigger.enabled = true (custom)
2019-10-02 17:49:05,554 [pool-57-thread-1] INFO  server.RaftServerConfigKeys (ConfUtils.java:logGet(43)) - raft.server.snapshot.auto.trigger.threshold = 10000 (custom)
2019-10-02 17:49:05,555 [pool-57-thread-1] INFO  server.RaftServerConfigKeys (ConfUtils.java:logGet(43)) - raft.server.snapshot.retention.file.num = 5 (custom)
2019-10-02 17:49:05,555 [pool-57-thread-1] INFO  server.RaftServerConfigKeys (ConfUtils.java:logGet(43)) - raft.server.retrycache.expirytime = 600000ms (custom)
2019-10-02 17:49:05,558 [pool-57-thread-1] INFO  impl.RaftServerImpl (RaftServerImpl.java:start(181)) - 7ab57b0b-7dff-4048-84c6-4e0b7b47b3fc@group-3C567FC0C2C9: start as a follower, conf=-1: [7ab57b0b-7dff-4048-84c6-4e0b7b47b3fc:192.168.151.72:42942], old=null
2019-10-02 17:49:05,558 [pool-57-thread-1] INFO  impl.RaftServerImpl (RaftServerImpl.java:setRole(170)) - 7ab57b0b-7dff-4048-84c6-4e0b7b47b3fc@group-3C567FC0C2C9: changes role from      null to FOLLOWER at term 0 for startAsFollower
2019-10-02 17:49:05,558 [pool-57-thread-1] INFO  impl.RoleInfo (RoleInfo.java:updateAndGet(143)) - 7ab57b0b-7dff-4048-84c6-4e0b7b47b3fc: start FollowerState
2019-10-02 17:49:05,558 [pool-57-thread-1] INFO  util.JmxRegister (JmxRegister.java:tryRegister(44)) - Successfully registered JMX Bean with object name Ratis:service=RaftServer,group=group-3C567FC0C2C9,id=7ab57b0b-7dff-4048-84c6-4e0b7b47b3fc
2019-10-02 17:49:05,578 [RatisPipelineUtilsThread] INFO  pipeline.PipelineStateManager (PipelineStateManager.java:addPipeline(56)) - Created pipeline Pipeline[ Id: 19101627-e0df-4cc1-a1f7-3c567fc0c2c9, Nodes: 7ab57b0b-7dff-4048-84c6-4e0b7b47b3fc{ip: 192.168.151.72, host: pr-trunk-fgz7f-2353921243, networkLocation: /default-rack, certSerialId: null}, Type:RATIS, Factor:ONE, State:OPEN]
2019-10-02 17:49:05,618 [grpc-default-executor-2] INFO  impl.RaftServerProxy (RaftServerProxy.java:addNew(89)) - e7bd1734-ef6c-4cf8-b88c-8a1061e7af66: addNew group-E5FDCECD392C:[c6bdf12a-094f-42bc-87c0-f082ef291ed8:192.168.151.72:33846, e7bd1734-ef6c-4cf8-b88c-8a1061e7af66:192.168.151.72:41308, 49c112d4-02f4-49c2-90bf-c7b46ec7b63a:192.168.151.72:42976] returns group-E5FDCECD392C:java.util.concurrent.CompletableFuture@28789794[Not completed]
2019-10-02 17:49:05,623 [grpc-default-executor-2] INFO  impl.RaftServerProxy (RaftServerProxy.java:addNew(89)) - c6bdf12a-094f-42bc-87c0-f082ef291ed8: addNew group-E5FDCECD392C:[c6bdf12a-094f-42bc-87c0-f082ef291ed8:192.168.151.72:33846, e7bd1734-ef6c-4cf8-b88c-8a1061e7af66:192.168.151.72:41308, 49c112d4-02f4-49c2-90bf-c7b46ec7b63a:192.168.151.72:42976] returns group-E5FDCECD392C:java.util.concurrent.CompletableFuture@69459daf[Not completed]
2019-10-02 17:49:05,623 [grpc-default-executor-1] INFO  impl.RaftServerProxy (RaftServerProxy.java:addNew(89)) - 49c112d4-02f4-49c2-90bf-c7b46ec7b63a: addNew group-E5FDCECD392C:[c6bdf12a-094f-42bc-87c0-f082ef291ed8:192.168.151.72:33846, e7bd1734-ef6c-4cf8-b88c-8a1061e7af66:192.168.151.72:41308, 49c112d4-02f4-49c2-90bf-c7b46ec7b63a:192.168.151.72:42976] returns group-E5FDCECD392C:java.util.concurrent.CompletableFuture@7ba5609c[Not completed]
2019-10-02 17:49:05,624 [pool-87-thread-1] INFO  impl.RaftServerImpl (RaftServerImpl.java:<init>(95)) - e7bd1734-ef6c-4cf8-b88c-8a1061e7af66: new RaftServerImpl for group-E5FDCECD392C:[c6bdf12a-094f-42bc-87c0-f082ef291ed8:192.168.151.72:33846, e7bd1734-ef6c-4cf8-b88c-8a1061e7af66:192.168.151.72:41308, 49c112d4-02f4-49c2-90bf-c7b46ec7b63a:192.168.151.72:42976] with ContainerStateMachine:uninitialized
2019-10-02 17:49:05,624 [pool-87-thread-1] INFO  server.RaftServerConfigKeys (ConfUtils.java:logGet(43)) - raft.server.rpc.timeout.min = 5s (custom)
2019-10-02 17:49:05,624 [pool-87-thread-1] INFO  server.RaftServerConfigKeys (ConfUtils.java:logGet(43)) - raft.server.rpc.timeout.max = 5200ms (custom)
2019-10-02 17:49:05,624 [pool-87-thread-1] INFO  server.RaftServerConfigKeys (ConfUtils.java:logGet(43)) - raft.server.rpcslowness.timeout = 120s (custom)
2019-10-02 17:49:05,624 [pool-87-thread-1] INFO  server.RaftServerConfigKeys (ConfUtils.java:logGet(43)) - raft.server.sleep.deviation.threshold = 300 (default)
2019-10-02 17:49:05,625 [pool-47-thread-1] INFO  impl.RaftServerImpl (RaftServerImpl.java:<init>(95)) - c6bdf12a-094f-42bc-87c0-f082ef291ed8: new RaftServerImpl for group-E5FDCECD392C:[c6bdf12a-094f-42bc-87c0-f082ef291ed8:192.168.151.72:33846, e7bd1734-ef6c-4cf8-b88c-8a1061e7af66:192.168.151.72:41308, 49c112d4-02f4-49c2-90bf-c7b46ec7b63a:192.168.151.72:42976] with ContainerStateMachine:uninitialized
2019-10-02 17:49:05,625 [pool-87-thread-1] INFO  server.RaftServerConfigKeys (ConfUtils.java:logGet(43)) - raft.server.log.appender.install.snapshot.enabled = false (custom)
2019-10-02 17:49:05,625 [pool-47-thread-1] INFO  server.RaftServerConfigKeys (ConfUtils.java:logGet(43)) - raft.server.rpc.timeout.min = 5s (custom)
2019-10-02 17:49:05,625 [pool-87-thread-1] INFO  impl.RaftServerImpl (ServerState.java:<init>(103)) - e7bd1734-ef6c-4cf8-b88c-8a1061e7af66@group-E5FDCECD392C: ConfigurationManager, init=-1: [c6bdf12a-094f-42bc-87c0-f082ef291ed8:192.168.151.72:33846, e7bd1734-ef6c-4cf8-b88c-8a1061e7af66:192.168.151.72:41308, 49c112d4-02f4-49c2-90bf-c7b46ec7b63a:192.168.151.72:42976], old=null, confs=<EMPTY_MAP>
2019-10-02 17:49:05,625 [pool-47-thread-1] INFO  server.RaftServerConfigKeys (ConfUtils.java:logGet(43)) - raft.server.rpc.timeout.max = 5200ms (custom)
2019-10-02 17:49:05,625 [pool-87-thread-1] INFO  server.RaftServerConfigKeys (ConfUtils.java:logGet(43)) - raft.server.storage.dir = [/workdir/hadoop-ozone/integration-test/target/test-dir/MiniOzoneClusterImpl-d02e41fa-f6e1-4cca-b896-e100a645b5cc/datanode-6/data/ratis] (custom)
2019-10-02 17:49:05,626 [pool-47-thread-1] INFO  server.RaftServerConfigKeys (ConfUtils.java:logGet(43)) - raft.server.rpcslowness.timeout = 120s (custom)
2019-10-02 17:49:05,626 [pool-47-thread-1] INFO  server.RaftServerConfigKeys (ConfUtils.java:logGet(43)) - raft.server.sleep.deviation.threshold = 300 (default)
2019-10-02 17:49:05,626 [pool-87-thread-1] INFO  server.RaftServerConfigKeys (ConfUtils.java:logGet(43)) - raft.server.log.corruption.policy = EXCEPTION (default)
2019-10-02 17:49:05,626 [pool-27-thread-1] INFO  impl.RaftServerImpl (RaftServerImpl.java:<init>(95)) - 49c112d4-02f4-49c2-90bf-c7b46ec7b63a: new RaftServerImpl for group-E5FDCECD392C:[c6bdf12a-094f-42bc-87c0-f082ef291ed8:192.168.151.72:33846, e7bd1734-ef6c-4cf8-b88c-8a1061e7af66:192.168.151.72:41308, 49c112d4-02f4-49c2-90bf-c7b46ec7b63a:192.168.151.72:42976] with ContainerStateMachine:uninitialized
2019-10-02 17:49:05,626 [pool-47-thread-1] INFO  server.RaftServerConfigKeys (ConfUtils.java:logGet(43)) - raft.server.log.appender.install.snapshot.enabled = false (custom)
2019-10-02 17:49:05,626 [pool-27-thread-1] INFO  server.RaftServerConfigKeys (ConfUtils.java:logGet(43)) - raft.server.rpc.timeout.min = 5s (custom)
2019-10-02 17:49:05,626 [pool-87-thread-1] INFO  storage.RaftStorageDirectory (RaftStorageDirectory.java:analyzeStorage(246)) - The storage directory /workdir/hadoop-ozone/integration-test/target/test-dir/MiniOzoneClusterImpl-d02e41fa-f6e1-4cca-b896-e100a645b5cc/datanode-6/data/ratis/7f052c33-4392-478d-bc27-e5fdcecd392c does not exist. Creating ...
2019-10-02 17:49:05,627 [pool-27-thread-1] INFO  server.RaftServerConfigKeys (ConfUtils.java:logGet(43)) - raft.server.rpc.timeout.max = 5200ms (custom)
2019-10-02 17:49:05,627 [pool-47-thread-1] INFO  impl.RaftServerImpl (ServerState.java:<init>(103)) - c6bdf12a-094f-42bc-87c0-f082ef291ed8@group-E5FDCECD392C: ConfigurationManager, init=-1: [c6bdf12a-094f-42bc-87c0-f082ef291ed8:192.168.151.72:33846, e7bd1734-ef6c-4cf8-b88c-8a1061e7af66:192.168.151.72:41308, 49c112d4-02f4-49c2-90bf-c7b46ec7b63a:192.168.151.72:42976], old=null, confs=<EMPTY_MAP>
2019-10-02 17:49:05,627 [pool-27-thread-1] INFO  server.RaftServerConfigKeys (ConfUtils.java:logGet(43)) - raft.server.rpcslowness.timeout = 120s (custom)
2019-10-02 17:49:05,627 [pool-47-thread-1] INFO  server.RaftServerConfigKeys (ConfUtils.java:logGet(43)) - raft.server.storage.dir = [/workdir/hadoop-ozone/integration-test/target/test-dir/MiniOzoneClusterImpl-d02e41fa-f6e1-4cca-b896-e100a645b5cc/datanode-2/data/ratis] (custom)
2019-10-02 17:49:05,627 [pool-27-thread-1] INFO  server.RaftServerConfigKeys (ConfUtils.java:logGet(43)) - raft.server.sleep.deviation.threshold = 300 (default)
2019-10-02 17:49:05,628 [pool-47-thread-1] INFO  server.RaftServerConfigKeys (ConfUtils.java:logGet(43)) - raft.server.log.corruption.policy = EXCEPTION (default)
2019-10-02 17:49:05,628 [pool-27-thread-1] INFO  server.RaftServerConfigKeys (ConfUtils.java:logGet(43)) - raft.server.log.appender.install.snapshot.enabled = false (custom)
2019-10-02 17:49:05,628 [pool-47-thread-1] INFO  storage.RaftStorageDirectory (RaftStorageDirectory.java:analyzeStorage(246)) - The storage directory /workdir/hadoop-ozone/integration-test/target/test-dir/MiniOzoneClusterImpl-d02e41fa-f6e1-4cca-b896-e100a645b5cc/datanode-2/data/ratis/7f052c33-4392-478d-bc27-e5fdcecd392c does not exist. Creating ...
2019-10-02 17:49:05,628 [pool-27-thread-1] INFO  impl.RaftServerImpl (ServerState.java:<init>(103)) - 49c112d4-02f4-49c2-90bf-c7b46ec7b63a@group-E5FDCECD392C: ConfigurationManager, init=-1: [c6bdf12a-094f-42bc-87c0-f082ef291ed8:192.168.151.72:33846, e7bd1734-ef6c-4cf8-b88c-8a1061e7af66:192.168.151.72:41308, 49c112d4-02f4-49c2-90bf-c7b46ec7b63a:192.168.151.72:42976], old=null, confs=<EMPTY_MAP>
2019-10-02 17:49:05,629 [pool-27-thread-1] INFO  server.RaftServerConfigKeys (ConfUtils.java:logGet(43)) - raft.server.storage.dir = [/workdir/hadoop-ozone/integration-test/target/test-dir/MiniOzoneClusterImpl-d02e41fa-f6e1-4cca-b896-e100a645b5cc/datanode-0/data/ratis] (custom)
2019-10-02 17:49:05,629 [pool-27-thread-1] INFO  server.RaftServerConfigKeys (ConfUtils.java:logGet(43)) - raft.server.log.corruption.policy = EXCEPTION (default)
2019-10-02 17:49:05,629 [pool-27-thread-1] INFO  storage.RaftStorageDirectory (RaftStorageDirectory.java:analyzeStorage(246)) - The storage directory /workdir/hadoop-ozone/integration-test/target/test-dir/MiniOzoneClusterImpl-d02e41fa-f6e1-4cca-b896-e100a645b5cc/datanode-0/data/ratis/7f052c33-4392-478d-bc27-e5fdcecd392c does not exist. Creating ...
2019-10-02 17:49:05,641 [pool-47-thread-1] INFO  storage.RaftStorageDirectory (RaftStorageDirectory.java:tryLock(328)) - Lock on /workdir/hadoop-ozone/integration-test/target/test-dir/MiniOzoneClusterImpl-d02e41fa-f6e1-4cca-b896-e100a645b5cc/datanode-2/data/ratis/7f052c33-4392-478d-bc27-e5fdcecd392c/in_use.lock acquired by nodename 27144@pr-trunk-fgz7f-2353921243
2019-10-02 17:49:05,641 [pool-87-thread-1] INFO  storage.RaftStorageDirectory (RaftStorageDirectory.java:tryLock(328)) - Lock on /workdir/hadoop-ozone/integration-test/target/test-dir/MiniOzoneClusterImpl-d02e41fa-f6e1-4cca-b896-e100a645b5cc/datanode-6/data/ratis/7f052c33-4392-478d-bc27-e5fdcecd392c/in_use.lock acquired by nodename 27144@pr-trunk-fgz7f-2353921243
2019-10-02 17:49:05,641 [pool-27-thread-1] INFO  storage.RaftStorageDirectory (RaftStorageDirectory.java:tryLock(328)) - Lock on /workdir/hadoop-ozone/integration-test/target/test-dir/MiniOzoneClusterImpl-d02e41fa-f6e1-4cca-b896-e100a645b5cc/datanode-0/data/ratis/7f052c33-4392-478d-bc27-e5fdcecd392c/in_use.lock acquired by nodename 27144@pr-trunk-fgz7f-2353921243
2019-10-02 17:49:05,655 [pool-47-thread-1] INFO  storage.RaftStorage (RaftStorage.java:format(84)) - Storage directory /workdir/hadoop-ozone/integration-test/target/test-dir/MiniOzoneClusterImpl-d02e41fa-f6e1-4cca-b896-e100a645b5cc/datanode-2/data/ratis/7f052c33-4392-478d-bc27-e5fdcecd392c has been successfully formatted.
2019-10-02 17:49:05,655 [pool-87-thread-1] INFO  storage.RaftStorage (RaftStorage.java:format(84)) - Storage directory /workdir/hadoop-ozone/integration-test/target/test-dir/MiniOzoneClusterImpl-d02e41fa-f6e1-4cca-b896-e100a645b5cc/datanode-6/data/ratis/7f052c33-4392-478d-bc27-e5fdcecd392c has been successfully formatted.
2019-10-02 17:49:05,655 [pool-27-thread-1] INFO  storage.RaftStorage (RaftStorage.java:format(84)) - Storage directory /workdir/hadoop-ozone/integration-test/target/test-dir/MiniOzoneClusterImpl-d02e41fa-f6e1-4cca-b896-e100a645b5cc/datanode-0/data/ratis/7f052c33-4392-478d-bc27-e5fdcecd392c has been successfully formatted.
2019-10-02 17:49:05,656 [pool-47-thread-1] INFO  ratis.ContainerStateMachine (ContainerStateMachine.java:loadSnapshot(231)) - group-E5FDCECD392C: The snapshot info is null. Setting the last applied indexto:(t:0, i:~)
2019-10-02 17:49:05,656 [pool-87-thread-1] INFO  ratis.ContainerStateMachine (ContainerStateMachine.java:loadSnapshot(231)) - group-E5FDCECD392C: The snapshot info is null. Setting the last applied indexto:(t:0, i:~)
2019-10-02 17:49:05,656 [pool-47-thread-1] INFO  server.RaftServerConfigKeys (ConfUtils.java:logGet(43)) - raft.server.notification.no-leader.timeout = 120s (custom)
2019-10-02 17:49:05,656 [pool-27-thread-1] INFO  ratis.ContainerStateMachine (ContainerStateMachine.java:loadSnapshot(231)) - group-E5FDCECD392C: The snapshot info is null. Setting the last applied indexto:(t:0, i:~)
2019-10-02 17:49:05,656 [pool-47-thread-1] INFO  server.RaftServerConfigKeys (ConfUtils.java:logGet(43)) - raft.server.log.use.memory = false (default)
2019-10-02 17:49:05,656 [pool-87-thread-1] INFO  server.RaftServerConfigKeys (ConfUtils.java:logGet(43)) - raft.server.notification.no-leader.timeout = 120s (custom)
2019-10-02 17:49:05,657 [pool-47-thread-1] INFO  server.RaftServerConfigKeys (ConfUtils.java:logGet(43)) - raft.server.log.purge.gap = 1000000 (custom)
2019-10-02 17:49:05,656 [pool-27-thread-1] INFO  server.RaftServerConfigKeys (ConfUtils.java:logGet(43)) - raft.server.notification.no-leader.timeout = 120s (custom)
2019-10-02 17:49:05,657 [pool-47-thread-1] INFO  server.RaftServerConfigKeys (ConfUtils.java:logGet(43)) - raft.server.log.appender.buffer.byte-limit = 33554432 (custom)
2019-10-02 17:49:05,657 [pool-87-thread-1] INFO  server.RaftServerConfigKeys (ConfUtils.java:logGet(43)) - raft.server.log.use.memory = false (default)
2019-10-02 17:49:05,657 [pool-47-thread-1] INFO  server.RaftServerConfigKeys (ConfUtils.java:logGet(43)) - raft.server.log.segment.size.max = 1048576 (custom)
2019-10-02 17:49:05,657 [pool-27-thread-1] INFO  server.RaftServerConfigKeys (ConfUtils.java:logGet(43)) - raft.server.log.use.memory = false (default)
2019-10-02 17:49:05,658 [pool-47-thread-1] INFO  server.RaftServerConfigKeys (ConfUtils.java:logGet(43)) - raft.server.log.segment.cache.num.max = 2 (custom)
2019-10-02 17:49:05,657 [pool-87-thread-1] INFO  server.RaftServerConfigKeys (ConfUtils.java:logGet(43)) - raft.server.log.purge.gap = 1000000 (custom)
2019-10-02 17:49:05,658 [pool-47-thread-1] INFO  segmented.SegmentedRaftLogWorker (SegmentedRaftLogWorker.java:<init>(173)) - new c6bdf12a-094f-42bc-87c0-f082ef291ed8@group-E5FDCECD392C-SegmentedRaftLogWorker for RaftStorage:Storage Directory /workdir/hadoop-ozone/integration-test/target/test-dir/MiniOzoneClusterImpl-d02e41fa-f6e1-4cca-b896-e100a645b5cc/datanode-2/data/ratis/7f052c33-4392-478d-bc27-e5fdcecd392c
2019-10-02 17:49:05,658 [pool-27-thread-1] INFO  server.RaftServerConfigKeys (ConfUtils.java:logGet(43)) - raft.server.log.purge.gap = 1000000 (custom)
2019-10-02 17:49:05,658 [pool-47-thread-1] INFO  server.RaftServerConfigKeys (ConfUtils.java:logGet(43)) - raft.server.log.queue.byte-limit = 2147483647 (custom)
2019-10-02 17:49:05,658 [pool-87-thread-1] INFO  server.RaftServerConfigKeys (ConfUtils.java:logGet(43)) - raft.server.log.appender.buffer.byte-limit = 33554432 (custom)
2019-10-02 17:49:05,658 [pool-47-thread-1] INFO  server.RaftServerConfigKeys (ConfUtils.java:logGet(43)) - raft.server.log.queue.element-limit = 1024 (custom)
2019-10-02 17:49:05,658 [pool-27-thread-1] INFO  server.RaftServerConfigKeys (ConfUtils.java:logGet(43)) - raft.server.log.appender.buffer.byte-limit = 33554432 (custom)
2019-10-02 17:49:05,659 [pool-47-thread-1] INFO  server.RaftServerConfigKeys (ConfUtils.java:logGet(43)) - raft.server.log.segment.size.max = 1048576 (custom)
2019-10-02 17:49:05,659 [pool-87-thread-1] INFO  server.RaftServerConfigKeys (ConfUtils.java:logGet(43)) - raft.server.log.segment.size.max = 1048576 (custom)
2019-10-02 17:49:05,659 [pool-47-thread-1] INFO  server.RaftServerConfigKeys (ConfUtils.java:logGet(43)) - raft.server.log.preallocated.size = 16384 (custom)
2019-10-02 17:49:05,659 [pool-27-thread-1] INFO  server.RaftServerConfigKeys (ConfUtils.java:logGet(43)) - raft.server.log.segment.size.max = 1048576 (custom)
2019-10-02 17:49:05,659 [pool-47-thread-1] INFO  server.RaftServerConfigKeys (ConfUtils.java:logGet(43)) - raft.server.log.write.buffer.size = 33554432 (custom)
2019-10-02 17:49:05,659 [pool-87-thread-1] INFO  server.RaftServerConfigKeys (ConfUtils.java:logGet(43)) - raft.server.log.segment.cache.num.max = 2 (custom)
2019-10-02 17:49:05,660 [pool-47-thread-1] INFO  server.RaftServerConfigKeys (ConfUtils.java:logGet(43)) - raft.server.log.force.sync.num = 128 (default)
2019-10-02 17:49:05,660 [pool-27-thread-1] INFO  server.RaftServerConfigKeys (ConfUtils.java:logGet(43)) - raft.server.log.segment.cache.num.max = 2 (custom)
2019-10-02 17:49:05,660 [pool-47-thread-1] INFO  server.RaftServerConfigKeys (ConfUtils.java:logGet(43)) - raft.server.log.statemachine.data.sync = true (default)
2019-10-02 17:49:05,660 [pool-87-thread-1] INFO  segmented.SegmentedRaftLogWorker (SegmentedRaftLogWorker.java:<init>(173)) - new e7bd1734-ef6c-4cf8-b88c-8a1061e7af66@group-E5FDCECD392C-SegmentedRaftLogWorker for RaftStorage:Storage Directory /workdir/hadoop-ozone/integration-test/target/test-dir/MiniOzoneClusterImpl-d02e41fa-f6e1-4cca-b896-e100a645b5cc/datanode-6/data/ratis/7f052c33-4392-478d-bc27-e5fdcecd392c
2019-10-02 17:49:05,660 [pool-47-thread-1] INFO  server.RaftServerConfigKeys (ConfUtils.java:logGet(43)) - raft.server.log.statemachine.data.sync.timeout = 10s (default)
2019-10-02 17:49:05,660 [pool-27-thread-1] INFO  segmented.SegmentedRaftLogWorker (SegmentedRaftLogWorker.java:<init>(173)) - new 49c112d4-02f4-49c2-90bf-c7b46ec7b63a@group-E5FDCECD392C-SegmentedRaftLogWorker for RaftStorage:Storage Directory /workdir/hadoop-ozone/integration-test/target/test-dir/MiniOzoneClusterImpl-d02e41fa-f6e1-4cca-b896-e100a645b5cc/datanode-0/data/ratis/7f052c33-4392-478d-bc27-e5fdcecd392c
2019-10-02 17:49:05,661 [pool-47-thread-1] INFO  server.RaftServerConfigKeys (ConfUtils.java:logGet(43)) - raft.server.log.statemachine.data.sync.timeout.retry = -1 (default)
2019-10-02 17:49:05,661 [pool-87-thread-1] INFO  server.RaftServerConfigKeys (ConfUtils.java:logGet(43)) - raft.server.log.queue.byte-limit = 2147483647 (custom)
2019-10-02 17:49:05,661 [pool-47-thread-1] INFO  server.RaftServerConfigKeys (ConfUtils.java:logGet(43)) - raft.server.log.statemachine.data.caching.enabled = true (custom)
2019-10-02 17:49:05,661 [pool-27-thread-1] INFO  server.RaftServerConfigKeys (ConfUtils.java:logGet(43)) - raft.server.log.queue.byte-limit = 2147483647 (custom)
2019-10-02 17:49:05,661 [pool-87-thread-1] INFO  server.RaftServerConfigKeys (ConfUtils.java:logGet(43)) - raft.server.log.queue.element-limit = 1024 (custom)
2019-10-02 17:49:05,662 [pool-47-thread-1] INFO  segmented.SegmentedRaftLogWorker (SegmentedRaftLogWorker.java:lambda$new$0(128)) - c6bdf12a-094f-42bc-87c0-f082ef291ed8@group-E5FDCECD392C-SegmentedRaftLogWorker: flushIndex: setUnconditionally 0 -> -1
2019-10-02 17:49:05,662 [pool-27-thread-1] INFO  server.RaftServerConfigKeys (ConfUtils.java:logGet(43)) - raft.server.log.queue.element-limit = 1024 (custom)
2019-10-02 17:49:05,662 [pool-87-thread-1] INFO  server.RaftServerConfigKeys (ConfUtils.java:logGet(43)) - raft.server.log.segment.size.max = 1048576 (custom)
2019-10-02 17:49:05,662 [pool-47-thread-1] INFO  server.RaftServerConfigKeys (ConfUtils.java:logGet(43)) - raft.server.snapshot.auto.trigger.enabled = true (custom)
2019-10-02 17:49:05,662 [pool-27-thread-1] INFO  server.RaftServerConfigKeys (ConfUtils.java:logGet(43)) - raft.server.log.segment.size.max = 1048576 (custom)
2019-10-02 17:49:05,662 [pool-47-thread-1] INFO  server.RaftServerConfigKeys (ConfUtils.java:logGet(43)) - raft.server.snapshot.auto.trigger.threshold = 10000 (custom)
2019-10-02 17:49:05,662 [pool-87-thread-1] INFO  server.RaftServerConfigKeys (ConfUtils.java:logGet(43)) - raft.server.log.preallocated.size = 16384 (custom)
2019-10-02 17:49:05,663 [pool-47-thread-1] INFO  server.RaftServerConfigKeys (ConfUtils.java:logGet(43)) - raft.server.snapshot.retention.file.num = 5 (custom)
2019-10-02 17:49:05,663 [pool-27-thread-1] INFO  server.RaftServerConfigKeys (ConfUtils.java:logGet(43)) - raft.server.log.preallocated.size = 16384 (custom)
2019-10-02 17:49:05,663 [pool-47-thread-1] INFO  server.RaftServerConfigKeys (ConfUtils.java:logGet(43)) - raft.server.retrycache.expirytime = 600000ms (custom)
2019-10-02 17:49:05,663 [pool-87-thread-1] INFO  server.RaftServerConfigKeys (ConfUtils.java:logGet(43)) - raft.server.log.write.buffer.size = 33554432 (custom)
2019-10-02 17:49:05,663 [pool-27-thread-1] INFO  server.RaftServerConfigKeys (ConfUtils.java:logGet(43)) - raft.server.log.write.buffer.size = 33554432 (custom)
2019-10-02 17:49:05,664 [pool-87-thread-1] INFO  server.RaftServerConfigKeys (ConfUtils.java:logGet(43)) - raft.server.log.force.sync.num = 128 (default)
2019-10-02 17:49:05,664 [pool-27-thread-1] INFO  server.RaftServerConfigKeys (ConfUtils.java:logGet(43)) - raft.server.log.force.sync.num = 128 (default)
2019-10-02 17:49:05,664 [pool-87-thread-1] INFO  server.RaftServerConfigKeys (ConfUtils.java:logGet(43)) - raft.server.log.statemachine.data.sync = true (default)
2019-10-02 17:49:05,664 [pool-27-thread-1] INFO  server.RaftServerConfigKeys (ConfUtils.java:logGet(43)) - raft.server.log.statemachine.data.sync = true (default)
2019-10-02 17:49:05,664 [pool-87-thread-1] INFO  server.RaftServerConfigKeys (ConfUtils.java:logGet(43)) - raft.server.log.statemachine.data.sync.timeout = 10s (default)
2019-10-02 17:49:05,664 [pool-27-thread-1] INFO  server.RaftServerConfigKeys (ConfUtils.java:logGet(43)) - raft.server.log.statemachine.data.sync.timeout = 10s (default)
2019-10-02 17:49:05,665 [pool-87-thread-1] INFO  server.RaftServerConfigKeys (ConfUtils.java:logGet(43)) - raft.server.log.statemachine.data.sync.timeout.retry = -1 (default)
2019-10-02 17:49:05,665 [pool-27-thread-1] INFO  server.RaftServerConfigKeys (ConfUtils.java:logGet(43)) - raft.server.log.statemachine.data.sync.timeout.retry = -1 (default)
2019-10-02 17:49:05,665 [pool-87-thread-1] INFO  server.RaftServerConfigKeys (ConfUtils.java:logGet(43)) - raft.server.log.statemachine.data.caching.enabled = true (custom)
2019-10-02 17:49:05,665 [pool-27-thread-1] INFO  server.RaftServerConfigKeys (ConfUtils.java:logGet(43)) - raft.server.log.statemachine.data.caching.enabled = true (custom)
2019-10-02 17:49:05,666 [pool-87-thread-1] INFO  segmented.SegmentedRaftLogWorker (SegmentedRaftLogWorker.java:lambda$new$0(128)) - e7bd1734-ef6c-4cf8-b88c-8a1061e7af66@group-E5FDCECD392C-SegmentedRaftLogWorker: flushIndex: setUnconditionally 0 -> -1
2019-10-02 17:49:05,666 [pool-27-thread-1] INFO  segmented.SegmentedRaftLogWorker (SegmentedRaftLogWorker.java:lambda$new$0(128)) - 49c112d4-02f4-49c2-90bf-c7b46ec7b63a@group-E5FDCECD392C-SegmentedRaftLogWorker: flushIndex: setUnconditionally 0 -> -1
2019-10-02 17:49:05,666 [pool-87-thread-1] INFO  server.RaftServerConfigKeys (ConfUtils.java:logGet(43)) - raft.server.snapshot.auto.trigger.enabled = true (custom)
2019-10-02 17:49:05,666 [pool-27-thread-1] INFO  server.RaftServerConfigKeys (ConfUtils.java:logGet(43)) - raft.server.snapshot.auto.trigger.enabled = true (custom)
2019-10-02 17:49:05,666 [pool-47-thread-1] INFO  impl.RaftServerImpl (RaftServerImpl.java:start(181)) - c6bdf12a-094f-42bc-87c0-f082ef291ed8@group-E5FDCECD392C: start as a follower, conf=-1: [c6bdf12a-094f-42bc-87c0-f082ef291ed8:192.168.151.72:33846, e7bd1734-ef6c-4cf8-b88c-8a1061e7af66:192.168.151.72:41308, 49c112d4-02f4-49c2-90bf-c7b46ec7b63a:192.168.151.72:42976], old=null
2019-10-02 17:49:05,666 [pool-27-thread-1] INFO  server.RaftServerConfigKeys (ConfUtils.java:logGet(43)) - raft.server.snapshot.auto.trigger.threshold = 10000 (custom)
2019-10-02 17:49:05,666 [pool-87-thread-1] INFO  server.RaftServerConfigKeys (ConfUtils.java:logGet(43)) - raft.server.snapshot.auto.trigger.threshold = 10000 (custom)
2019-10-02 17:49:05,667 [pool-27-thread-1] INFO  server.RaftServerConfigKeys (ConfUtils.java:logGet(43)) - raft.server.snapshot.retention.file.num = 5 (custom)
2019-10-02 17:49:05,666 [pool-47-thread-1] INFO  impl.RaftServerImpl (RaftServerImpl.java:setRole(170)) - c6bdf12a-094f-42bc-87c0-f082ef291ed8@group-E5FDCECD392C: changes role from      null to FOLLOWER at term 0 for startAsFollower
2019-10-02 17:49:05,667 [pool-27-thread-1] INFO  server.RaftServerConfigKeys (ConfUtils.java:logGet(43)) - raft.server.retrycache.expirytime = 600000ms (custom)
2019-10-02 17:49:05,667 [pool-87-thread-1] INFO  server.RaftServerConfigKeys (ConfUtils.java:logGet(43)) - raft.server.snapshot.retention.file.num = 5 (custom)
2019-10-02 17:49:05,667 [pool-47-thread-1] INFO  impl.RoleInfo (RoleInfo.java:updateAndGet(143)) - c6bdf12a-094f-42bc-87c0-f082ef291ed8: start FollowerState
2019-10-02 17:49:05,667 [pool-87-thread-1] INFO  server.RaftServerConfigKeys (ConfUtils.java:logGet(43)) - raft.server.retrycache.expirytime = 600000ms (custom)
2019-10-02 17:49:05,668 [pool-47-thread-1] INFO  util.JmxRegister (JmxRegister.java:tryRegister(44)) - Successfully registered JMX Bean with object name Ratis:service=RaftServer,group=group-E5FDCECD392C,id=c6bdf12a-094f-42bc-87c0-f082ef291ed8
2019-10-02 17:49:05,672 [pool-27-thread-1] INFO  impl.RaftServerImpl (RaftServerImpl.java:start(181)) - 49c112d4-02f4-49c2-90bf-c7b46ec7b63a@group-E5FDCECD392C: start as a follower, conf=-1: [c6bdf12a-094f-42bc-87c0-f082ef291ed8:192.168.151.72:33846, e7bd1734-ef6c-4cf8-b88c-8a1061e7af66:192.168.151.72:41308, 49c112d4-02f4-49c2-90bf-c7b46ec7b63a:192.168.151.72:42976], old=null
2019-10-02 17:49:05,672 [pool-27-thread-1] INFO  impl.RaftServerImpl (RaftServerImpl.java:setRole(170)) - 49c112d4-02f4-49c2-90bf-c7b46ec7b63a@group-E5FDCECD392C: changes role from      null to FOLLOWER at term 0 for startAsFollower
2019-10-02 17:49:05,672 [pool-27-thread-1] INFO  impl.RoleInfo (RoleInfo.java:updateAndGet(143)) - 49c112d4-02f4-49c2-90bf-c7b46ec7b63a: start FollowerState
2019-10-02 17:49:05,673 [pool-87-thread-1] INFO  impl.RaftServerImpl (RaftServerImpl.java:start(181)) - e7bd1734-ef6c-4cf8-b88c-8a1061e7af66@group-E5FDCECD392C: start as a follower, conf=-1: [c6bdf12a-094f-42bc-87c0-f082ef291ed8:192.168.151.72:33846, e7bd1734-ef6c-4cf8-b88c-8a1061e7af66:192.168.151.72:41308, 49c112d4-02f4-49c2-90bf-c7b46ec7b63a:192.168.151.72:42976], old=null
2019-10-02 17:49:05,673 [pool-27-thread-1] INFO  util.JmxRegister (JmxRegister.java:tryRegister(44)) - Successfully registered JMX Bean with object name Ratis:service=RaftServer,group=group-E5FDCECD392C,id=49c112d4-02f4-49c2-90bf-c7b46ec7b63a
2019-10-02 17:49:05,673 [pool-87-thread-1] INFO  impl.RaftServerImpl (RaftServerImpl.java:setRole(170)) - e7bd1734-ef6c-4cf8-b88c-8a1061e7af66@group-E5FDCECD392C: changes role from      null to FOLLOWER at term 0 for startAsFollower
2019-10-02 17:49:05,673 [pool-87-thread-1] INFO  impl.RoleInfo (RoleInfo.java:updateAndGet(143)) - e7bd1734-ef6c-4cf8-b88c-8a1061e7af66: start FollowerState
2019-10-02 17:49:05,674 [pool-87-thread-1] INFO  util.JmxRegister (JmxRegister.java:tryRegister(44)) - Successfully registered JMX Bean with object name Ratis:service=RaftServer,group=group-E5FDCECD392C,id=e7bd1734-ef6c-4cf8-b88c-8a1061e7af66
2019-10-02 17:49:05,704 [RatisPipelineUtilsThread] INFO  pipeline.PipelineStateManager (PipelineStateManager.java:addPipeline(56)) - Created pipeline Pipeline[ Id: 7f052c33-4392-478d-bc27-e5fdcecd392c, Nodes: e7bd1734-ef6c-4cf8-b88c-8a1061e7af66{ip: 192.168.151.72, host: pr-trunk-fgz7f-2353921243, networkLocation: /default-rack, certSerialId: null}49c112d4-02f4-49c2-90bf-c7b46ec7b63a{ip: 192.168.151.72, host: pr-trunk-fgz7f-2353921243, networkLocation: /default-rack, certSerialId: null}c6bdf12a-094f-42bc-87c0-f082ef291ed8{ip: 192.168.151.72, host: pr-trunk-fgz7f-2353921243, networkLocation: /default-rack, certSerialId: null}, Type:RATIS, Factor:THREE, State:OPEN]
2019-10-02 17:49:05,743 [grpc-default-executor-1] INFO  impl.RaftServerProxy (RaftServerProxy.java:addNew(89)) - 8182f27e-27c9-4a2f-8b1e-959753d76c58: addNew group-9CF56ACD23FC:[dc00436c-138b-406c-8f35-4d0b5c3754bc:192.168.151.72:35612, 8182f27e-27c9-4a2f-8b1e-959753d76c58:192.168.151.72:43142, cde4f2ee-ebe5-4cd0-b57a-bd620480943f:192.168.151.72:42212] returns group-9CF56ACD23FC:java.util.concurrent.CompletableFuture@4c34c7e5[Not completed]
2019-10-02 17:49:05,744 [grpc-default-executor-0] INFO  impl.RaftServerProxy (RaftServerProxy.java:addNew(89)) - dc00436c-138b-406c-8f35-4d0b5c3754bc: addNew group-9CF56ACD23FC:[dc00436c-138b-406c-8f35-4d0b5c3754bc:192.168.151.72:35612, 8182f27e-27c9-4a2f-8b1e-959753d76c58:192.168.151.72:43142, cde4f2ee-ebe5-4cd0-b57a-bd620480943f:192.168.151.72:42212] returns group-9CF56ACD23FC:java.util.concurrent.CompletableFuture@554d2bfd[Not completed]
2019-10-02 17:49:05,743 [grpc-default-executor-2] INFO  impl.RaftServerProxy (RaftServerProxy.java:addNew(89)) - cde4f2ee-ebe5-4cd0-b57a-bd620480943f: addNew group-9CF56ACD23FC:[dc00436c-138b-406c-8f35-4d0b5c3754bc:192.168.151.72:35612, 8182f27e-27c9-4a2f-8b1e-959753d76c58:192.168.151.72:43142, cde4f2ee-ebe5-4cd0-b57a-bd620480943f:192.168.151.72:42212] returns group-9CF56ACD23FC:java.util.concurrent.CompletableFuture@58e6566b[Not completed]
2019-10-02 17:49:05,747 [pool-37-thread-1] INFO  impl.RaftServerImpl (RaftServerImpl.java:<init>(95)) - 8182f27e-27c9-4a2f-8b1e-959753d76c58: new RaftServerImpl for group-9CF56ACD23FC:[dc00436c-138b-406c-8f35-4d0b5c3754bc:192.168.151.72:35612, 8182f27e-27c9-4a2f-8b1e-959753d76c58:192.168.151.72:43142, cde4f2ee-ebe5-4cd0-b57a-bd620480943f:192.168.151.72:42212] with ContainerStateMachine:uninitialized
2019-10-02 17:49:05,747 [pool-37-thread-1] INFO  server.RaftServerConfigKeys (ConfUtils.java:logGet(43)) - raft.server.rpc.timeout.min = 5s (custom)
2019-10-02 17:49:05,747 [pool-37-thread-1] INFO  server.RaftServerConfigKeys (ConfUtils.java:logGet(43)) - raft.server.rpc.timeout.max = 5200ms (custom)
2019-10-02 17:49:05,748 [pool-37-thread-1] INFO  server.RaftServerConfigKeys (ConfUtils.java:logGet(43)) - raft.server.rpcslowness.timeout = 120s (custom)
2019-10-02 17:49:05,748 [pool-37-thread-1] INFO  server.RaftServerConfigKeys (ConfUtils.java:logGet(43)) - raft.server.sleep.deviation.threshold = 300 (default)
2019-10-02 17:49:05,748 [pool-77-thread-1] INFO  impl.RaftServerImpl (RaftServerImpl.java:<init>(95)) - dc00436c-138b-406c-8f35-4d0b5c3754bc: new RaftServerImpl for group-9CF56ACD23FC:[dc00436c-138b-406c-8f35-4d0b5c3754bc:192.168.151.72:35612, 8182f27e-27c9-4a2f-8b1e-959753d76c58:192.168.151.72:43142, cde4f2ee-ebe5-4cd0-b57a-bd620480943f:192.168.151.72:42212] with ContainerStateMachine:uninitialized
2019-10-02 17:49:05,748 [pool-37-thread-1] INFO  server.RaftServerConfigKeys (ConfUtils.java:logGet(43)) - raft.server.log.appender.install.snapshot.enabled = false (custom)
2019-10-02 17:49:05,748 [pool-77-thread-1] INFO  server.RaftServerConfigKeys (ConfUtils.java:logGet(43)) - raft.server.rpc.timeout.min = 5s (custom)
2019-10-02 17:49:05,748 [pool-37-thread-1] INFO  impl.RaftServerImpl (ServerState.java:<init>(103)) - 8182f27e-27c9-4a2f-8b1e-959753d76c58@group-9CF56ACD23FC: ConfigurationManager, init=-1: [dc00436c-138b-406c-8f35-4d0b5c3754bc:192.168.151.72:35612, 8182f27e-27c9-4a2f-8b1e-959753d76c58:192.168.151.72:43142, cde4f2ee-ebe5-4cd0-b57a-bd620480943f:192.168.151.72:42212], old=null, confs=<EMPTY_MAP>
2019-10-02 17:49:05,748 [pool-77-thread-1] INFO  server.RaftServerConfigKeys (ConfUtils.java:logGet(43)) - raft.server.rpc.timeout.max = 5200ms (custom)
2019-10-02 17:49:05,749 [pool-37-thread-1] INFO  server.RaftServerConfigKeys (ConfUtils.java:logGet(43)) - raft.server.storage.dir = [/workdir/hadoop-ozone/integration-test/target/test-dir/MiniOzoneClusterImpl-d02e41fa-f6e1-4cca-b896-e100a645b5cc/datanode-1/data/ratis] (custom)
2019-10-02 17:49:05,749 [pool-77-thread-1] INFO  server.RaftServerConfigKeys (ConfUtils.java:logGet(43)) - raft.server.rpcslowness.timeout = 120s (custom)
2019-10-02 17:49:05,749 [pool-77-thread-1] INFO  server.RaftServerConfigKeys (ConfUtils.java:logGet(43)) - raft.server.sleep.deviation.threshold = 300 (default)
2019-10-02 17:49:05,749 [pool-37-thread-1] INFO  server.RaftServerConfigKeys (ConfUtils.java:logGet(43)) - raft.server.log.corruption.policy = EXCEPTION (default)
2019-10-02 17:49:05,749 [pool-77-thread-1] INFO  server.RaftServerConfigKeys (ConfUtils.java:logGet(43)) - raft.server.log.appender.install.snapshot.enabled = false (custom)
2019-10-02 17:49:05,749 [pool-67-thread-1] INFO  impl.RaftServerImpl (RaftServerImpl.java:<init>(95)) - cde4f2ee-ebe5-4cd0-b57a-bd620480943f: new RaftServerImpl for group-9CF56ACD23FC:[dc00436c-138b-406c-8f35-4d0b5c3754bc:192.168.151.72:35612, 8182f27e-27c9-4a2f-8b1e-959753d76c58:192.168.151.72:43142, cde4f2ee-ebe5-4cd0-b57a-bd620480943f:192.168.151.72:42212] with ContainerStateMachine:uninitialized
2019-10-02 17:49:05,749 [pool-77-thread-1] INFO  impl.RaftServerImpl (ServerState.java:<init>(103)) - dc00436c-138b-406c-8f35-4d0b5c3754bc@group-9CF56ACD23FC: ConfigurationManager, init=-1: [dc00436c-138b-406c-8f35-4d0b5c3754bc:192.168.151.72:35612, 8182f27e-27c9-4a2f-8b1e-959753d76c58:192.168.151.72:43142, cde4f2ee-ebe5-4cd0-b57a-bd620480943f:192.168.151.72:42212], old=null, confs=<EMPTY_MAP>
2019-10-02 17:49:05,749 [pool-37-thread-1] INFO  storage.RaftStorageDirectory (RaftStorageDirectory.java:analyzeStorage(246)) - The storage directory /workdir/hadoop-ozone/integration-test/target/test-dir/MiniOzoneClusterImpl-d02e41fa-f6e1-4cca-b896-e100a645b5cc/datanode-1/data/ratis/ee817922-8597-44e3-9516-9cf56acd23fc does not exist. Creating ...
2019-10-02 17:49:05,750 [pool-77-thread-1] INFO  server.RaftServerConfigKeys (ConfUtils.java:logGet(43)) - raft.server.storage.dir = [/workdir/hadoop-ozone/integration-test/target/test-dir/MiniOzoneClusterImpl-d02e41fa-f6e1-4cca-b896-e100a645b5cc/datanode-5/data/ratis] (custom)
2019-10-02 17:49:05,749 [pool-67-thread-1] INFO  server.RaftServerConfigKeys (ConfUtils.java:logGet(43)) - raft.server.rpc.timeout.min = 5s (custom)
2019-10-02 17:49:05,750 [pool-77-thread-1] INFO  server.RaftServerConfigKeys (ConfUtils.java:logGet(43)) - raft.server.log.corruption.policy = EXCEPTION (default)
2019-10-02 17:49:05,750 [pool-67-thread-1] INFO  server.RaftServerConfigKeys (ConfUtils.java:logGet(43)) - raft.server.rpc.timeout.max = 5200ms (custom)
2019-10-02 17:49:05,750 [pool-77-thread-1] INFO  storage.RaftStorageDirectory (RaftStorageDirectory.java:analyzeStorage(246)) - The storage directory /workdir/hadoop-ozone/integration-test/target/test-dir/MiniOzoneClusterImpl-d02e41fa-f6e1-4cca-b896-e100a645b5cc/datanode-5/data/ratis/ee817922-8597-44e3-9516-9cf56acd23fc does not exist. Creating ...
2019-10-02 17:49:05,750 [pool-67-thread-1] INFO  server.RaftServerConfigKeys (ConfUtils.java:logGet(43)) - raft.server.rpcslowness.timeout = 120s (custom)
2019-10-02 17:49:05,751 [pool-67-thread-1] INFO  server.RaftServerConfigKeys (ConfUtils.java:logGet(43)) - raft.server.sleep.deviation.threshold = 300 (default)
2019-10-02 17:49:05,751 [pool-67-thread-1] INFO  server.RaftServerConfigKeys (ConfUtils.java:logGet(43)) - raft.server.log.appender.install.snapshot.enabled = false (custom)
2019-10-02 17:49:05,751 [pool-67-thread-1] INFO  impl.RaftServerImpl (ServerState.java:<init>(103)) - cde4f2ee-ebe5-4cd0-b57a-bd620480943f@group-9CF56ACD23FC: ConfigurationManager, init=-1: [dc00436c-138b-406c-8f35-4d0b5c3754bc:192.168.151.72:35612, 8182f27e-27c9-4a2f-8b1e-959753d76c58:192.168.151.72:43142, cde4f2ee-ebe5-4cd0-b57a-bd620480943f:192.168.151.72:42212], old=null, confs=<EMPTY_MAP>
2019-10-02 17:49:05,751 [pool-67-thread-1] INFO  server.RaftServerConfigKeys (ConfUtils.java:logGet(43)) - raft.server.storage.dir = [/workdir/hadoop-ozone/integration-test/target/test-dir/MiniOzoneClusterImpl-d02e41fa-f6e1-4cca-b896-e100a645b5cc/datanode-4/data/ratis] (custom)
2019-10-02 17:49:05,751 [pool-67-thread-1] INFO  server.RaftServerConfigKeys (ConfUtils.java:logGet(43)) - raft.server.log.corruption.policy = EXCEPTION (default)
2019-10-02 17:49:05,752 [pool-67-thread-1] INFO  storage.RaftStorageDirectory (RaftStorageDirectory.java:analyzeStorage(246)) - The storage directory /workdir/hadoop-ozone/integration-test/target/test-dir/MiniOzoneClusterImpl-d02e41fa-f6e1-4cca-b896-e100a645b5cc/datanode-4/data/ratis/ee817922-8597-44e3-9516-9cf56acd23fc does not exist. Creating ...
2019-10-02 17:49:05,763 [pool-67-thread-1] INFO  storage.RaftStorageDirectory (RaftStorageDirectory.java:tryLock(328)) - Lock on /workdir/hadoop-ozone/integration-test/target/test-dir/MiniOzoneClusterImpl-d02e41fa-f6e1-4cca-b896-e100a645b5cc/datanode-4/data/ratis/ee817922-8597-44e3-9516-9cf56acd23fc/in_use.lock acquired by nodename 27144@pr-trunk-fgz7f-2353921243
2019-10-02 17:49:05,763 [pool-37-thread-1] INFO  storage.RaftStorageDirectory (RaftStorageDirectory.java:tryLock(328)) - Lock on /workdir/hadoop-ozone/integration-test/target/test-dir/MiniOzoneClusterImpl-d02e41fa-f6e1-4cca-b896-e100a645b5cc/datanode-1/data/ratis/ee817922-8597-44e3-9516-9cf56acd23fc/in_use.lock acquired by nodename 27144@pr-trunk-fgz7f-2353921243
2019-10-02 17:49:05,763 [pool-77-thread-1] INFO  storage.RaftStorageDirectory (RaftStorageDirectory.java:tryLock(328)) - Lock on /workdir/hadoop-ozone/integration-test/target/test-dir/MiniOzoneClusterImpl-d02e41fa-f6e1-4cca-b896-e100a645b5cc/datanode-5/data/ratis/ee817922-8597-44e3-9516-9cf56acd23fc/in_use.lock acquired by nodename 27144@pr-trunk-fgz7f-2353921243
2019-10-02 17:49:05,786 [pool-37-thread-1] INFO  storage.RaftStorage (RaftStorage.java:format(84)) - Storage directory /workdir/hadoop-ozone/integration-test/target/test-dir/MiniOzoneClusterImpl-d02e41fa-f6e1-4cca-b896-e100a645b5cc/datanode-1/data/ratis/ee817922-8597-44e3-9516-9cf56acd23fc has been successfully formatted.
2019-10-02 17:49:05,786 [pool-67-thread-1] INFO  storage.RaftStorage (RaftStorage.java:format(84)) - Storage directory /workdir/hadoop-ozone/integration-test/target/test-dir/MiniOzoneClusterImpl-d02e41fa-f6e1-4cca-b896-e100a645b5cc/datanode-4/data/ratis/ee817922-8597-44e3-9516-9cf56acd23fc has been successfully formatted.
2019-10-02 17:49:05,786 [pool-77-thread-1] INFO  storage.RaftStorage (RaftStorage.java:format(84)) - Storage directory /workdir/hadoop-ozone/integration-test/target/test-dir/MiniOzoneClusterImpl-d02e41fa-f6e1-4cca-b896-e100a645b5cc/datanode-5/data/ratis/ee817922-8597-44e3-9516-9cf56acd23fc has been successfully formatted.
2019-10-02 17:49:05,786 [pool-67-thread-1] INFO  ratis.ContainerStateMachine (ContainerStateMachine.java:loadSnapshot(231)) - group-9CF56ACD23FC: The snapshot info is null. Setting the last applied indexto:(t:0, i:~)
2019-10-02 17:49:05,786 [pool-37-thread-1] INFO  ratis.ContainerStateMachine (ContainerStateMachine.java:loadSnapshot(231)) - group-9CF56ACD23FC: The snapshot info is null. Setting the last applied indexto:(t:0, i:~)
2019-10-02 17:49:05,786 [pool-67-thread-1] INFO  server.RaftServerConfigKeys (ConfUtils.java:logGet(43)) - raft.server.notification.no-leader.timeout = 120s (custom)
2019-10-02 17:49:05,786 [pool-77-thread-1] INFO  ratis.ContainerStateMachine (ContainerStateMachine.java:loadSnapshot(231)) - group-9CF56ACD23FC: The snapshot info is null. Setting the last applied indexto:(t:0, i:~)
2019-10-02 17:49:05,787 [pool-67-thread-1] INFO  server.RaftServerConfigKeys (ConfUtils.java:logGet(43)) - raft.server.log.use.memory = false (default)
2019-10-02 17:49:05,787 [pool-37-thread-1] INFO  server.RaftServerConfigKeys (ConfUtils.java:logGet(43)) - raft.server.notification.no-leader.timeout = 120s (custom)
2019-10-02 17:49:05,787 [pool-67-thread-1] INFO  server.RaftServerConfigKeys (ConfUtils.java:logGet(43)) - raft.server.log.purge.gap = 1000000 (custom)
2019-10-02 17:49:05,787 [pool-77-thread-1] INFO  server.RaftServerConfigKeys (ConfUtils.java:logGet(43)) - raft.server.notification.no-leader.timeout = 120s (custom)
2019-10-02 17:49:05,787 [pool-67-thread-1] INFO  server.RaftServerConfigKeys (ConfUtils.java:logGet(43)) - raft.server.log.appender.buffer.byte-limit = 33554432 (custom)
2019-10-02 17:49:05,787 [pool-37-thread-1] INFO  server.RaftServerConfigKeys (ConfUtils.java:logGet(43)) - raft.server.log.use.memory = false (default)
2019-10-02 17:49:05,788 [pool-67-thread-1] INFO  server.RaftServerConfigKeys (ConfUtils.java:logGet(43)) - raft.server.log.segment.size.max = 1048576 (custom)
2019-10-02 17:49:05,788 [pool-77-thread-1] INFO  server.RaftServerConfigKeys (ConfUtils.java:logGet(43)) - raft.server.log.use.memory = false (default)
2019-10-02 17:49:05,788 [pool-67-thread-1] INFO  server.RaftServerConfigKeys (ConfUtils.java:logGet(43)) - raft.server.log.segment.cache.num.max = 2 (custom)
2019-10-02 17:49:05,788 [pool-37-thread-1] INFO  server.RaftServerConfigKeys (ConfUtils.java:logGet(43)) - raft.server.log.purge.gap = 1000000 (custom)
2019-10-02 17:49:05,788 [pool-67-thread-1] INFO  segmented.SegmentedRaftLogWorker (SegmentedRaftLogWorker.java:<init>(173)) - new cde4f2ee-ebe5-4cd0-b57a-bd620480943f@group-9CF56ACD23FC-SegmentedRaftLogWorker for RaftStorage:Storage Directory /workdir/hadoop-ozone/integration-test/target/test-dir/MiniOzoneClusterImpl-d02e41fa-f6e1-4cca-b896-e100a645b5cc/datanode-4/data/ratis/ee817922-8597-44e3-9516-9cf56acd23fc
2019-10-02 17:49:05,788 [pool-77-thread-1] INFO  server.RaftServerConfigKeys (ConfUtils.java:logGet(43)) - raft.server.log.purge.gap = 1000000 (custom)
2019-10-02 17:49:05,789 [pool-67-thread-1] INFO  server.RaftServerConfigKeys (ConfUtils.java:logGet(43)) - raft.server.log.queue.byte-limit = 2147483647 (custom)
2019-10-02 17:49:05,789 [pool-67-thread-1] INFO  server.RaftServerConfigKeys (ConfUtils.java:logGet(43)) - raft.server.log.queue.element-limit = 1024 (custom)
2019-10-02 17:49:05,789 [pool-37-thread-1] INFO  server.RaftServerConfigKeys (ConfUtils.java:logGet(43)) - raft.server.log.appender.buffer.byte-limit = 33554432 (custom)
2019-10-02 17:49:05,789 [pool-67-thread-1] INFO  server.RaftServerConfigKeys (ConfUtils.java:logGet(43)) - raft.server.log.segment.size.max = 1048576 (custom)
2019-10-02 17:49:05,789 [pool-77-thread-1] INFO  server.RaftServerConfigKeys (ConfUtils.java:logGet(43)) - raft.server.log.appender.buffer.byte-limit = 33554432 (custom)
2019-10-02 17:49:05,790 [pool-67-thread-1] INFO  server.RaftServerConfigKeys (ConfUtils.java:logGet(43)) - raft.server.log.preallocated.size = 16384 (custom)
2019-10-02 17:49:05,790 [pool-67-thread-1] INFO  server.RaftServerConfigKeys (ConfUtils.java:logGet(43)) - raft.server.log.write.buffer.size = 33554432 (custom)
2019-10-02 17:49:05,790 [pool-37-thread-1] INFO  server.RaftServerConfigKeys (ConfUtils.java:logGet(43)) - raft.server.log.segment.size.max = 1048576 (custom)
2019-10-02 17:49:05,790 [pool-67-thread-1] INFO  server.RaftServerConfigKeys (ConfUtils.java:logGet(43)) - raft.server.log.force.sync.num = 128 (default)
2019-10-02 17:49:05,790 [pool-77-thread-1] INFO  server.RaftServerConfigKeys (ConfUtils.java:logGet(43)) - raft.server.log.segment.size.max = 1048576 (custom)
2019-10-02 17:49:05,791 [pool-67-thread-1] INFO  server.RaftServerConfigKeys (ConfUtils.java:logGet(43)) - raft.server.log.statemachine.data.sync = true (default)
2019-10-02 17:49:05,790 [pool-37-thread-1] INFO  server.RaftServerConfigKeys (ConfUtils.java:logGet(43)) - raft.server.log.segment.cache.num.max = 2 (custom)
2019-10-02 17:49:05,791 [pool-67-thread-1] INFO  server.RaftServerConfigKeys (ConfUtils.java:logGet(43)) - raft.server.log.statemachine.data.sync.timeout = 10s (default)
2019-10-02 17:49:05,791 [pool-77-thread-1] INFO  server.RaftServerConfigKeys (ConfUtils.java:logGet(43)) - raft.server.log.segment.cache.num.max = 2 (custom)
2019-10-02 17:49:05,791 [pool-67-thread-1] INFO  server.RaftServerConfigKeys (ConfUtils.java:logGet(43)) - raft.server.log.statemachine.data.sync.timeout.retry = -1 (default)
2019-10-02 17:49:05,791 [pool-37-thread-1] INFO  segmented.SegmentedRaftLogWorker (SegmentedRaftLogWorker.java:<init>(173)) - new 8182f27e-27c9-4a2f-8b1e-959753d76c58@group-9CF56ACD23FC-SegmentedRaftLogWorker for RaftStorage:Storage Directory /workdir/hadoop-ozone/integration-test/target/test-dir/MiniOzoneClusterImpl-d02e41fa-f6e1-4cca-b896-e100a645b5cc/datanode-1/data/ratis/ee817922-8597-44e3-9516-9cf56acd23fc
2019-10-02 17:49:05,792 [pool-67-thread-1] INFO  server.RaftServerConfigKeys (ConfUtils.java:logGet(43)) - raft.server.log.statemachine.data.caching.enabled = true (custom)
2019-10-02 17:49:05,791 [pool-77-thread-1] INFO  segmented.SegmentedRaftLogWorker (SegmentedRaftLogWorker.java:<init>(173)) - new dc00436c-138b-406c-8f35-4d0b5c3754bc@group-9CF56ACD23FC-SegmentedRaftLogWorker for RaftStorage:Storage Directory /workdir/hadoop-ozone/integration-test/target/test-dir/MiniOzoneClusterImpl-d02e41fa-f6e1-4cca-b896-e100a645b5cc/datanode-5/data/ratis/ee817922-8597-44e3-9516-9cf56acd23fc
2019-10-02 17:49:05,792 [pool-37-thread-1] INFO  server.RaftServerConfigKeys (ConfUtils.java:logGet(43)) - raft.server.log.queue.byte-limit = 2147483647 (custom)
2019-10-02 17:49:05,792 [pool-67-thread-1] INFO  segmented.SegmentedRaftLogWorker (SegmentedRaftLogWorker.java:lambda$new$0(128)) - cde4f2ee-ebe5-4cd0-b57a-bd620480943f@group-9CF56ACD23FC-SegmentedRaftLogWorker: flushIndex: setUnconditionally 0 -> -1
2019-10-02 17:49:05,792 [pool-77-thread-1] INFO  server.RaftServerConfigKeys (ConfUtils.java:logGet(43)) - raft.server.log.queue.byte-limit = 2147483647 (custom)
2019-10-02 17:49:05,792 [pool-37-thread-1] INFO  server.RaftServerConfigKeys (ConfUtils.java:logGet(43)) - raft.server.log.queue.element-limit = 1024 (custom)
2019-10-02 17:49:05,793 [pool-67-thread-1] INFO  server.RaftServerConfigKeys (ConfUtils.java:logGet(43)) - raft.server.snapshot.auto.trigger.enabled = true (custom)
2019-10-02 17:49:05,793 [pool-77-thread-1] INFO  server.RaftServerConfigKeys (ConfUtils.java:logGet(43)) - raft.server.log.queue.element-limit = 1024 (custom)
2019-10-02 17:49:05,793 [pool-67-thread-1] INFO  server.RaftServerConfigKeys (ConfUtils.java:logGet(43)) - raft.server.snapshot.auto.trigger.threshold = 10000 (custom)
2019-10-02 17:49:05,793 [pool-37-thread-1] INFO  server.RaftServerConfigKeys (ConfUtils.java:logGet(43)) - raft.server.log.segment.size.max = 1048576 (custom)
2019-10-02 17:49:05,793 [pool-67-thread-1] INFO  server.RaftServerConfigKeys (ConfUtils.java:logGet(43)) - raft.server.snapshot.retention.file.num = 5 (custom)
2019-10-02 17:49:05,793 [pool-77-thread-1] INFO  server.RaftServerConfigKeys (ConfUtils.java:logGet(43)) - raft.server.log.segment.size.max = 1048576 (custom)
2019-10-02 17:49:05,794 [pool-67-thread-1] INFO  server.RaftServerConfigKeys (ConfUtils.java:logGet(43)) - raft.server.retrycache.expirytime = 600000ms (custom)
2019-10-02 17:49:05,793 [pool-37-thread-1] INFO  server.RaftServerConfigKeys (ConfUtils.java:logGet(43)) - raft.server.log.preallocated.size = 16384 (custom)
2019-10-02 17:49:05,794 [pool-77-thread-1] INFO  server.RaftServerConfigKeys (ConfUtils.java:logGet(43)) - raft.server.log.preallocated.size = 16384 (custom)
2019-10-02 17:49:05,794 [pool-37-thread-1] INFO  server.RaftServerConfigKeys (ConfUtils.java:logGet(43)) - raft.server.log.write.buffer.size = 33554432 (custom)
2019-10-02 17:49:05,795 [pool-77-thread-1] INFO  server.RaftServerConfigKeys (ConfUtils.java:logGet(43)) - raft.server.log.write.buffer.size = 33554432 (custom)
2019-10-02 17:49:05,795 [pool-37-thread-1] INFO  server.RaftServerConfigKeys (ConfUtils.java:logGet(43)) - raft.server.log.force.sync.num = 128 (default)
2019-10-02 17:49:05,795 [pool-77-thread-1] INFO  server.RaftServerConfigKeys (ConfUtils.java:logGet(43)) - raft.server.log.force.sync.num = 128 (default)
2019-10-02 17:49:05,795 [pool-37-thread-1] INFO  server.RaftServerConfigKeys (ConfUtils.java:logGet(43)) - raft.server.log.statemachine.data.sync = true (default)
2019-10-02 17:49:05,795 [pool-77-thread-1] INFO  server.RaftServerConfigKeys (ConfUtils.java:logGet(43)) - raft.server.log.statemachine.data.sync = true (default)
2019-10-02 17:49:05,796 [pool-37-thread-1] INFO  server.RaftServerConfigKeys (ConfUtils.java:logGet(43)) - raft.server.log.statemachine.data.sync.timeout = 10s (default)
2019-10-02 17:49:05,796 [pool-77-thread-1] INFO  server.RaftServerConfigKeys (ConfUtils.java:logGet(43)) - raft.server.log.statemachine.data.sync.timeout = 10s (default)
2019-10-02 17:49:05,796 [pool-37-thread-1] INFO  server.RaftServerConfigKeys (ConfUtils.java:logGet(43)) - raft.server.log.statemachine.data.sync.timeout.retry = -1 (default)
2019-10-02 17:49:05,796 [pool-77-thread-1] INFO  server.RaftServerConfigKeys (ConfUtils.java:logGet(43)) - raft.server.log.statemachine.data.sync.timeout.retry = -1 (default)
2019-10-02 17:49:05,799 [pool-37-thread-1] INFO  server.RaftServerConfigKeys (ConfUtils.java:logGet(43)) - raft.server.log.statemachine.data.caching.enabled = true (custom)
2019-10-02 17:49:05,799 [pool-77-thread-1] INFO  server.RaftServerConfigKeys (ConfUtils.java:logGet(43)) - raft.server.log.statemachine.data.caching.enabled = true (custom)
2019-10-02 17:49:05,799 [pool-37-thread-1] INFO  segmented.SegmentedRaftLogWorker (SegmentedRaftLogWorker.java:lambda$new$0(128)) - 8182f27e-27c9-4a2f-8b1e-959753d76c58@group-9CF56ACD23FC-SegmentedRaftLogWorker: flushIndex: setUnconditionally 0 -> -1
2019-10-02 17:49:05,799 [pool-67-thread-1] INFO  impl.RaftServerImpl (RaftServerImpl.java:start(181)) - cde4f2ee-ebe5-4cd0-b57a-bd620480943f@group-9CF56ACD23FC: start as a follower, conf=-1: [dc00436c-138b-406c-8f35-4d0b5c3754bc:192.168.151.72:35612, 8182f27e-27c9-4a2f-8b1e-959753d76c58:192.168.151.72:43142, cde4f2ee-ebe5-4cd0-b57a-bd620480943f:192.168.151.72:42212], old=null
2019-10-02 17:49:05,800 [pool-67-thread-1] INFO  impl.RaftServerImpl (RaftServerImpl.java:setRole(170)) - cde4f2ee-ebe5-4cd0-b57a-bd620480943f@group-9CF56ACD23FC: changes role from      null to FOLLOWER at term 0 for startAsFollower
2019-10-02 17:49:05,800 [pool-37-thread-1] INFO  server.RaftServerConfigKeys (ConfUtils.java:logGet(43)) - raft.server.snapshot.auto.trigger.enabled = true (custom)
2019-10-02 17:49:05,800 [pool-77-thread-1] INFO  segmented.SegmentedRaftLogWorker (SegmentedRaftLogWorker.java:lambda$new$0(128)) - dc00436c-138b-406c-8f35-4d0b5c3754bc@group-9CF56ACD23FC-SegmentedRaftLogWorker: flushIndex: setUnconditionally 0 -> -1
2019-10-02 17:49:05,800 [pool-37-thread-1] INFO  server.RaftServerConfigKeys (ConfUtils.java:logGet(43)) - raft.server.snapshot.auto.trigger.threshold = 10000 (custom)
2019-10-02 17:49:05,800 [pool-67-thread-1] INFO  impl.RoleInfo (RoleInfo.java:updateAndGet(143)) - cde4f2ee-ebe5-4cd0-b57a-bd620480943f: start FollowerState
2019-10-02 17:49:05,801 [pool-77-thread-1] INFO  server.RaftServerConfigKeys (ConfUtils.java:logGet(43)) - raft.server.snapshot.auto.trigger.enabled = true (custom)
2019-10-02 17:49:05,801 [pool-37-thread-1] INFO  server.RaftServerConfigKeys (ConfUtils.java:logGet(43)) - raft.server.snapshot.retention.file.num = 5 (custom)
2019-10-02 17:49:05,801 [pool-67-thread-1] INFO  util.JmxRegister (JmxRegister.java:tryRegister(44)) - Successfully registered JMX Bean with object name Ratis:service=RaftServer,group=group-9CF56ACD23FC,id=cde4f2ee-ebe5-4cd0-b57a-bd620480943f
2019-10-02 17:49:05,801 [pool-77-thread-1] INFO  server.RaftServerConfigKeys (ConfUtils.java:logGet(43)) - raft.server.snapshot.auto.trigger.threshold = 10000 (custom)
2019-10-02 17:49:05,801 [pool-37-thread-1] INFO  server.RaftServerConfigKeys (ConfUtils.java:logGet(43)) - raft.server.retrycache.expirytime = 600000ms (custom)
2019-10-02 17:49:05,802 [pool-77-thread-1] INFO  server.RaftServerConfigKeys (ConfUtils.java:logGet(43)) - raft.server.snapshot.retention.file.num = 5 (custom)
2019-10-02 17:49:05,802 [pool-77-thread-1] INFO  server.RaftServerConfigKeys (ConfUtils.java:logGet(43)) - raft.server.retrycache.expirytime = 600000ms (custom)
2019-10-02 17:49:05,807 [pool-37-thread-1] INFO  impl.RaftServerImpl (RaftServerImpl.java:start(181)) - 8182f27e-27c9-4a2f-8b1e-959753d76c58@group-9CF56ACD23FC: start as a follower, conf=-1: [dc00436c-138b-406c-8f35-4d0b5c3754bc:192.168.151.72:35612, 8182f27e-27c9-4a2f-8b1e-959753d76c58:192.168.151.72:43142, cde4f2ee-ebe5-4cd0-b57a-bd620480943f:192.168.151.72:42212], old=null
2019-10-02 17:49:05,807 [pool-37-thread-1] INFO  impl.RaftServerImpl (RaftServerImpl.java:setRole(170)) - 8182f27e-27c9-4a2f-8b1e-959753d76c58@group-9CF56ACD23FC: changes role from      null to FOLLOWER at term 0 for startAsFollower
2019-10-02 17:49:05,807 [pool-37-thread-1] INFO  impl.RoleInfo (RoleInfo.java:updateAndGet(143)) - 8182f27e-27c9-4a2f-8b1e-959753d76c58: start FollowerState
2019-10-02 17:49:05,812 [pool-37-thread-1] INFO  util.JmxRegister (JmxRegister.java:tryRegister(44)) - Successfully registered JMX Bean with object name Ratis:service=RaftServer,group=group-9CF56ACD23FC,id=8182f27e-27c9-4a2f-8b1e-959753d76c58
2019-10-02 17:49:05,815 [pool-77-thread-1] INFO  impl.RaftServerImpl (RaftServerImpl.java:start(181)) - dc00436c-138b-406c-8f35-4d0b5c3754bc@group-9CF56ACD23FC: start as a follower, conf=-1: [dc00436c-138b-406c-8f35-4d0b5c3754bc:192.168.151.72:35612, 8182f27e-27c9-4a2f-8b1e-959753d76c58:192.168.151.72:43142, cde4f2ee-ebe5-4cd0-b57a-bd620480943f:192.168.151.72:42212], old=null
2019-10-02 17:49:05,815 [pool-77-thread-1] INFO  impl.RaftServerImpl (RaftServerImpl.java:setRole(170)) - dc00436c-138b-406c-8f35-4d0b5c3754bc@group-9CF56ACD23FC: changes role from      null to FOLLOWER at term 0 for startAsFollower
2019-10-02 17:49:05,815 [pool-77-thread-1] INFO  impl.RoleInfo (RoleInfo.java:updateAndGet(143)) - dc00436c-138b-406c-8f35-4d0b5c3754bc: start FollowerState
2019-10-02 17:49:05,818 [pool-77-thread-1] INFO  util.JmxRegister (JmxRegister.java:tryRegister(44)) - Successfully registered JMX Bean with object name Ratis:service=RaftServer,group=group-9CF56ACD23FC,id=dc00436c-138b-406c-8f35-4d0b5c3754bc
2019-10-02 17:49:05,841 [RatisPipelineUtilsThread] INFO  pipeline.PipelineStateManager (PipelineStateManager.java:addPipeline(56)) - Created pipeline Pipeline[ Id: ee817922-8597-44e3-9516-9cf56acd23fc, Nodes: cde4f2ee-ebe5-4cd0-b57a-bd620480943f{ip: 192.168.151.72, host: pr-trunk-fgz7f-2353921243, networkLocation: /default-rack, certSerialId: null}8182f27e-27c9-4a2f-8b1e-959753d76c58{ip: 192.168.151.72, host: pr-trunk-fgz7f-2353921243, networkLocation: /default-rack, certSerialId: null}dc00436c-138b-406c-8f35-4d0b5c3754bc{ip: 192.168.151.72, host: pr-trunk-fgz7f-2353921243, networkLocation: /default-rack, certSerialId: null}, Type:RATIS, Factor:THREE, State:OPEN]
2019-10-02 17:49:05,960 [main] INFO  impl.MetricsSystemImpl (MetricsSystemImpl.java:init(158)) - XceiverClientMetrics metrics system started (again)
2019-10-02 17:49:06,554 [Thread-238] INFO  container.ReplicationManager (ReplicationManager.java:start(162)) - Starting Replication Monitor Thread.
2019-10-02 17:49:06,561 [ReplicationMonitor] INFO  container.ReplicationManager (ReplicationManager.java:run(225)) - Replication Monitor Thread took 4 milliseconds for processing 1 containers.
2019-10-02 17:49:09,464 [Thread-241] INFO  impl.FollowerState (FollowerState.java:run(108)) - 49c112d4-02f4-49c2-90bf-c7b46ec7b63a@group-044C89252AE2-FollowerState: change to CANDIDATE, lastRpcTime:5119ms, electionTimeout:5119ms
2019-10-02 17:49:09,470 [Thread-241] INFO  impl.RoleInfo (RoleInfo.java:shutdownFollowerState(121)) - 49c112d4-02f4-49c2-90bf-c7b46ec7b63a: shutdown FollowerState
2019-10-02 17:49:09,470 [Thread-241] INFO  impl.RaftServerImpl (RaftServerImpl.java:setRole(170)) - 49c112d4-02f4-49c2-90bf-c7b46ec7b63a@group-044C89252AE2: changes role from  FOLLOWER to CANDIDATE at term 0 for changeToCandidate
2019-10-02 17:49:09,477 [Thread-241] INFO  impl.RoleInfo (RoleInfo.java:updateAndGet(143)) - 49c112d4-02f4-49c2-90bf-c7b46ec7b63a: start LeaderElection
2019-10-02 17:49:09,497 [49c112d4-02f4-49c2-90bf-c7b46ec7b63a@group-044C89252AE2-LeaderElection1] INFO  impl.LeaderElection (LeaderElection.java:askForVotes(178)) - 49c112d4-02f4-49c2-90bf-c7b46ec7b63a@group-044C89252AE2-LeaderElection1: begin an election at term 1 for -1: [49c112d4-02f4-49c2-90bf-c7b46ec7b63a:192.168.151.72:42976], old=null
2019-10-02 17:49:09,498 [49c112d4-02f4-49c2-90bf-c7b46ec7b63a@group-044C89252AE2-LeaderElection1] INFO  impl.RoleInfo (RoleInfo.java:shutdownLeaderElection(134)) - 49c112d4-02f4-49c2-90bf-c7b46ec7b63a: shutdown LeaderElection
2019-10-02 17:49:09,499 [49c112d4-02f4-49c2-90bf-c7b46ec7b63a@group-044C89252AE2-LeaderElection1] INFO  impl.RaftServerImpl (RaftServerImpl.java:setRole(170)) - 49c112d4-02f4-49c2-90bf-c7b46ec7b63a@group-044C89252AE2: changes role from CANDIDATE to LEADER at term 1 for changeToLeader
2019-10-02 17:49:09,499 [49c112d4-02f4-49c2-90bf-c7b46ec7b63a@group-044C89252AE2-LeaderElection1] INFO  impl.RaftServerImpl (ServerState.java:setLeader(255)) - 49c112d4-02f4-49c2-90bf-c7b46ec7b63a@group-044C89252AE2: change Leader from null to 49c112d4-02f4-49c2-90bf-c7b46ec7b63a at term 1 for becomeLeader, leader elected after 5284ms
2019-10-02 17:49:09,507 [49c112d4-02f4-49c2-90bf-c7b46ec7b63a@group-044C89252AE2-LeaderElection1] INFO  server.RaftServerConfigKeys (ConfUtils.java:logGet(43)) - raft.server.staging.catchup.gap = 1000 (default)
2019-10-02 17:49:09,508 [49c112d4-02f4-49c2-90bf-c7b46ec7b63a@group-044C89252AE2-LeaderElection1] INFO  server.RaftServerConfigKeys (ConfUtils.java:logGet(43)) - raft.server.rpc.sleep.time = 25ms (default)
2019-10-02 17:49:09,513 [49c112d4-02f4-49c2-90bf-c7b46ec7b63a@group-044C89252AE2-LeaderElection1] INFO  server.RaftServerConfigKeys (ConfUtils.java:logGet(43)) - raft.server.write.element-limit = 4096 (default)
2019-10-02 17:49:09,516 [49c112d4-02f4-49c2-90bf-c7b46ec7b63a@group-044C89252AE2-LeaderElection1] INFO  server.RaftServerConfigKeys (ConfUtils.java:logGet(43)) - raft.server.watch.timeout = 10s (default)
2019-10-02 17:49:09,516 [49c112d4-02f4-49c2-90bf-c7b46ec7b63a@group-044C89252AE2-LeaderElection1] INFO  server.RaftServerConfigKeys (ConfUtils.java:logGet(43)) - raft.server.watch.timeout.denomination = 1s (default)
2019-10-02 17:49:09,518 [49c112d4-02f4-49c2-90bf-c7b46ec7b63a@group-044C89252AE2-LeaderElection1] INFO  server.RaftServerConfigKeys (ConfUtils.java:logGet(43)) - raft.server.watch.element-limit = 65536 (default)
2019-10-02 17:49:09,529 [49c112d4-02f4-49c2-90bf-c7b46ec7b63a@group-044C89252AE2-LeaderElection1] INFO  impl.RoleInfo (RoleInfo.java:updateAndGet(143)) - 49c112d4-02f4-49c2-90bf-c7b46ec7b63a: start LeaderState
2019-10-02 17:49:09,554 [49c112d4-02f4-49c2-90bf-c7b46ec7b63a@group-044C89252AE2-LeaderElection1] INFO  segmented.SegmentedRaftLogWorker (SegmentedRaftLogWorker.java:startLogSegment(385)) - 49c112d4-02f4-49c2-90bf-c7b46ec7b63a@group-044C89252AE2-SegmentedRaftLogWorker: Starting segment from index:0
2019-10-02 17:49:09,566 [49c112d4-02f4-49c2-90bf-c7b46ec7b63a@group-044C89252AE2-LeaderElection1] INFO  impl.RaftServerImpl (ServerState.java:setRaftConf(356)) - 49c112d4-02f4-49c2-90bf-c7b46ec7b63a@group-044C89252AE2: set configuration 0: [49c112d4-02f4-49c2-90bf-c7b46ec7b63a:192.168.151.72:42976], old=null at 0
2019-10-02 17:49:09,681 [Thread-246] INFO  impl.FollowerState (FollowerState.java:run(108)) - e7bd1734-ef6c-4cf8-b88c-8a1061e7af66@group-A7B71704B138-FollowerState: change to CANDIDATE, lastRpcTime:5084ms, electionTimeout:5083ms
2019-10-02 17:49:09,683 [Thread-246] INFO  impl.RoleInfo (RoleInfo.java:shutdownFollowerState(121)) - e7bd1734-ef6c-4cf8-b88c-8a1061e7af66: shutdown FollowerState
2019-10-02 17:49:09,683 [Thread-246] INFO  impl.RaftServerImpl (RaftServerImpl.java:setRole(170)) - e7bd1734-ef6c-4cf8-b88c-8a1061e7af66@group-A7B71704B138: changes role from  FOLLOWER to CANDIDATE at term 0 for changeToCandidate
2019-10-02 17:49:09,683 [Thread-246] INFO  impl.RoleInfo (RoleInfo.java:updateAndGet(143)) - e7bd1734-ef6c-4cf8-b88c-8a1061e7af66: start LeaderElection
2019-10-02 17:49:09,700 [e7bd1734-ef6c-4cf8-b88c-8a1061e7af66@group-A7B71704B138-LeaderElection2] INFO  impl.LeaderElection (LeaderElection.java:askForVotes(178)) - e7bd1734-ef6c-4cf8-b88c-8a1061e7af66@group-A7B71704B138-LeaderElection2: begin an election at term 1 for -1: [e7bd1734-ef6c-4cf8-b88c-8a1061e7af66:192.168.151.72:41308], old=null
2019-10-02 17:49:09,702 [e7bd1734-ef6c-4cf8-b88c-8a1061e7af66@group-A7B71704B138-LeaderElection2] INFO  impl.RoleInfo (RoleInfo.java:shutdownLeaderElection(134)) - e7bd1734-ef6c-4cf8-b88c-8a1061e7af66: shutdown LeaderElection
2019-10-02 17:49:09,702 [e7bd1734-ef6c-4cf8-b88c-8a1061e7af66@group-A7B71704B138-LeaderElection2] INFO  impl.RaftServerImpl (RaftServerImpl.java:setRole(170)) - e7bd1734-ef6c-4cf8-b88c-8a1061e7af66@group-A7B71704B138: changes role from CANDIDATE to LEADER at term 1 for changeToLeader
2019-10-02 17:49:09,702 [e7bd1734-ef6c-4cf8-b88c-8a1061e7af66@group-A7B71704B138-LeaderElection2] INFO  impl.RaftServerImpl (ServerState.java:setLeader(255)) - e7bd1734-ef6c-4cf8-b88c-8a1061e7af66@group-A7B71704B138: change Leader from null to e7bd1734-ef6c-4cf8-b88c-8a1061e7af66 at term 1 for becomeLeader, leader elected after 5138ms
2019-10-02 17:49:09,704 [e7bd1734-ef6c-4cf8-b88c-8a1061e7af66@group-A7B71704B138-LeaderElection2] INFO  server.RaftServerConfigKeys (ConfUtils.java:logGet(43)) - raft.server.staging.catchup.gap = 1000 (default)
2019-10-02 17:49:09,704 [e7bd1734-ef6c-4cf8-b88c-8a1061e7af66@group-A7B71704B138-LeaderElection2] INFO  server.RaftServerConfigKeys (ConfUtils.java:logGet(43)) - raft.server.rpc.sleep.time = 25ms (default)
2019-10-02 17:49:09,704 [e7bd1734-ef6c-4cf8-b88c-8a1061e7af66@group-A7B71704B138-LeaderElection2] INFO  server.RaftServerConfigKeys (ConfUtils.java:logGet(43)) - raft.server.write.element-limit = 4096 (default)
2019-10-02 17:49:09,704 [e7bd1734-ef6c-4cf8-b88c-8a1061e7af66@group-A7B71704B138-LeaderElection2] INFO  server.RaftServerConfigKeys (ConfUtils.java:logGet(43)) - raft.server.watch.timeout = 10s (default)
2019-10-02 17:49:09,704 [e7bd1734-ef6c-4cf8-b88c-8a1061e7af66@group-A7B71704B138-LeaderElection2] INFO  server.RaftServerConfigKeys (ConfUtils.java:logGet(43)) - raft.server.watch.timeout.denomination = 1s (default)
2019-10-02 17:49:09,704 [e7bd1734-ef6c-4cf8-b88c-8a1061e7af66@group-A7B71704B138-LeaderElection2] INFO  server.RaftServerConfigKeys (ConfUtils.java:logGet(43)) - raft.server.watch.element-limit = 65536 (default)
2019-10-02 17:49:09,706 [e7bd1734-ef6c-4cf8-b88c-8a1061e7af66@group-A7B71704B138-LeaderElection2] INFO  impl.RoleInfo (RoleInfo.java:updateAndGet(143)) - e7bd1734-ef6c-4cf8-b88c-8a1061e7af66: start LeaderState
2019-10-02 17:49:09,707 [e7bd1734-ef6c-4cf8-b88c-8a1061e7af66@group-A7B71704B138-LeaderElection2] INFO  segmented.SegmentedRaftLogWorker (SegmentedRaftLogWorker.java:startLogSegment(385)) - e7bd1734-ef6c-4cf8-b88c-8a1061e7af66@group-A7B71704B138-SegmentedRaftLogWorker: Starting segment from index:0
2019-10-02 17:49:09,707 [e7bd1734-ef6c-4cf8-b88c-8a1061e7af66@group-A7B71704B138-LeaderElection2] INFO  impl.RaftServerImpl (ServerState.java:setRaftConf(356)) - e7bd1734-ef6c-4cf8-b88c-8a1061e7af66@group-A7B71704B138: set configuration 0: [e7bd1734-ef6c-4cf8-b88c-8a1061e7af66:192.168.151.72:41308], old=null at 0
2019-10-02 17:49:09,755 [e7bd1734-ef6c-4cf8-b88c-8a1061e7af66@group-A7B71704B138-SegmentedRaftLogWorker] INFO  segmented.SegmentedRaftLogWorker (SegmentedRaftLogWorker.java:execute(574)) - e7bd1734-ef6c-4cf8-b88c-8a1061e7af66@group-A7B71704B138-SegmentedRaftLogWorker: created new log segment /workdir/hadoop-ozone/integration-test/target/test-dir/MiniOzoneClusterImpl-d02e41fa-f6e1-4cca-b896-e100a645b5cc/datanode-6/data/ratis/8b2b6c7b-60fb-42a6-89ed-a7b71704b138/current/log_inprogress_0
2019-10-02 17:49:09,755 [49c112d4-02f4-49c2-90bf-c7b46ec7b63a@group-044C89252AE2-SegmentedRaftLogWorker] INFO  segmented.SegmentedRaftLogWorker (SegmentedRaftLogWorker.java:execute(574)) - 49c112d4-02f4-49c2-90bf-c7b46ec7b63a@group-044C89252AE2-SegmentedRaftLogWorker: created new log segment /workdir/hadoop-ozone/integration-test/target/test-dir/MiniOzoneClusterImpl-d02e41fa-f6e1-4cca-b896-e100a645b5cc/datanode-0/data/ratis/8f88259f-9f71-43bc-be79-044c89252ae2/current/log_inprogress_0
2019-10-02 17:49:09,856 [Thread-249] INFO  impl.FollowerState (FollowerState.java:run(108)) - c6bdf12a-094f-42bc-87c0-f082ef291ed8@group-B43A58546E1E-FollowerState: change to CANDIDATE, lastRpcTime:5110ms, electionTimeout:5110ms
2019-10-02 17:49:09,857 [Thread-249] INFO  impl.RoleInfo (RoleInfo.java:shutdownFollowerState(121)) - c6bdf12a-094f-42bc-87c0-f082ef291ed8: shutdown FollowerState
2019-10-02 17:49:09,857 [Thread-249] INFO  impl.RaftServerImpl (RaftServerImpl.java:setRole(170)) - c6bdf12a-094f-42bc-87c0-f082ef291ed8@group-B43A58546E1E: changes role from  FOLLOWER to CANDIDATE at term 0 for changeToCandidate
2019-10-02 17:49:09,857 [Thread-249] INFO  impl.RoleInfo (RoleInfo.java:updateAndGet(143)) - c6bdf12a-094f-42bc-87c0-f082ef291ed8: start LeaderElection
2019-10-02 17:49:09,876 [c6bdf12a-094f-42bc-87c0-f082ef291ed8@group-B43A58546E1E-LeaderElection3] INFO  impl.LeaderElection (LeaderElection.java:askForVotes(178)) - c6bdf12a-094f-42bc-87c0-f082ef291ed8@group-B43A58546E1E-LeaderElection3: begin an election at term 1 for -1: [c6bdf12a-094f-42bc-87c0-f082ef291ed8:192.168.151.72:33846], old=null
2019-10-02 17:49:09,877 [c6bdf12a-094f-42bc-87c0-f082ef291ed8@group-B43A58546E1E-LeaderElection3] INFO  impl.RoleInfo (RoleInfo.java:shutdownLeaderElection(134)) - c6bdf12a-094f-42bc-87c0-f082ef291ed8: shutdown LeaderElection
2019-10-02 17:49:09,877 [c6bdf12a-094f-42bc-87c0-f082ef291ed8@group-B43A58546E1E-LeaderElection3] INFO  impl.RaftServerImpl (RaftServerImpl.java:setRole(170)) - c6bdf12a-094f-42bc-87c0-f082ef291ed8@group-B43A58546E1E: changes role from CANDIDATE to LEADER at term 1 for changeToLeader
2019-10-02 17:49:09,877 [c6bdf12a-094f-42bc-87c0-f082ef291ed8@group-B43A58546E1E-LeaderElection3] INFO  impl.RaftServerImpl (ServerState.java:setLeader(255)) - c6bdf12a-094f-42bc-87c0-f082ef291ed8@group-B43A58546E1E: change Leader from null to c6bdf12a-094f-42bc-87c0-f082ef291ed8 at term 1 for becomeLeader, leader elected after 5180ms
2019-10-02 17:49:09,879 [c6bdf12a-094f-42bc-87c0-f082ef291ed8@group-B43A58546E1E-LeaderElection3] INFO  server.RaftServerConfigKeys (ConfUtils.java:logGet(43)) - raft.server.staging.catchup.gap = 1000 (default)
2019-10-02 17:49:09,879 [c6bdf12a-094f-42bc-87c0-f082ef291ed8@group-B43A58546E1E-LeaderElection3] INFO  server.RaftServerConfigKeys (ConfUtils.java:logGet(43)) - raft.server.rpc.sleep.time = 25ms (default)
2019-10-02 17:49:09,880 [c6bdf12a-094f-42bc-87c0-f082ef291ed8@group-B43A58546E1E-LeaderElection3] INFO  server.RaftServerConfigKeys (ConfUtils.java:logGet(43)) - raft.server.write.element-limit = 4096 (default)
2019-10-02 17:49:09,880 [c6bdf12a-094f-42bc-87c0-f082ef291ed8@group-B43A58546E1E-LeaderElection3] INFO  server.RaftServerConfigKeys (ConfUtils.java:logGet(43)) - raft.server.watch.timeout = 10s (default)
2019-10-02 17:49:09,880 [c6bdf12a-094f-42bc-87c0-f082ef291ed8@group-B43A58546E1E-LeaderElection3] INFO  server.RaftServerConfigKeys (ConfUtils.java:logGet(43)) - raft.server.watch.timeout.denomination = 1s (default)
2019-10-02 17:49:09,880 [c6bdf12a-094f-42bc-87c0-f082ef291ed8@group-B43A58546E1E-LeaderElection3] INFO  server.RaftServerConfigKeys (ConfUtils.java:logGet(43)) - raft.server.watch.element-limit = 65536 (default)
2019-10-02 17:49:09,883 [c6bdf12a-094f-42bc-87c0-f082ef291ed8@group-B43A58546E1E-LeaderElection3] INFO  impl.RoleInfo (RoleInfo.java:updateAndGet(143)) - c6bdf12a-094f-42bc-87c0-f082ef291ed8: start LeaderState
2019-10-02 17:49:09,884 [c6bdf12a-094f-42bc-87c0-f082ef291ed8@group-B43A58546E1E-LeaderElection3] INFO  segmented.SegmentedRaftLogWorker (SegmentedRaftLogWorker.java:startLogSegment(385)) - c6bdf12a-094f-42bc-87c0-f082ef291ed8@group-B43A58546E1E-SegmentedRaftLogWorker: Starting segment from index:0
2019-10-02 17:49:09,885 [c6bdf12a-094f-42bc-87c0-f082ef291ed8@group-B43A58546E1E-LeaderElection3] INFO  impl.RaftServerImpl (ServerState.java:setRaftConf(356)) - c6bdf12a-094f-42bc-87c0-f082ef291ed8@group-B43A58546E1E: set configuration 0: [c6bdf12a-094f-42bc-87c0-f082ef291ed8:192.168.151.72:33846], old=null at 0
2019-10-02 17:49:09,937 [c6bdf12a-094f-42bc-87c0-f082ef291ed8@group-B43A58546E1E-SegmentedRaftLogWorker] INFO  segmented.SegmentedRaftLogWorker (SegmentedRaftLogWorker.java:execute(574)) - c6bdf12a-094f-42bc-87c0-f082ef291ed8@group-B43A58546E1E-SegmentedRaftLogWorker: created new log segment /workdir/hadoop-ozone/integration-test/target/test-dir/MiniOzoneClusterImpl-d02e41fa-f6e1-4cca-b896-e100a645b5cc/datanode-2/data/ratis/65fed914-2c8a-4622-b687-b43a58546e1e/current/log_inprogress_0
2019-10-02 17:49:09,972 [Thread-252] INFO  impl.FollowerState (FollowerState.java:run(108)) - cde4f2ee-ebe5-4cd0-b57a-bd620480943f@group-F4DF0B55D101-FollowerState: change to CANDIDATE, lastRpcTime:5104ms, electionTimeout:5104ms
2019-10-02 17:49:09,972 [Thread-252] INFO  impl.RoleInfo (RoleInfo.java:shutdownFollowerState(121)) - cde4f2ee-ebe5-4cd0-b57a-bd620480943f: shutdown FollowerState
2019-10-02 17:49:09,972 [Thread-252] INFO  impl.RaftServerImpl (RaftServerImpl.java:setRole(170)) - cde4f2ee-ebe5-4cd0-b57a-bd620480943f@group-F4DF0B55D101: changes role from  FOLLOWER to CANDIDATE at term 0 for changeToCandidate
2019-10-02 17:49:09,972 [Thread-252] INFO  impl.RoleInfo (RoleInfo.java:updateAndGet(143)) - cde4f2ee-ebe5-4cd0-b57a-bd620480943f: start LeaderElection
2019-10-02 17:49:09,989 [cde4f2ee-ebe5-4cd0-b57a-bd620480943f@group-F4DF0B55D101-LeaderElection4] INFO  impl.LeaderElection (LeaderElection.java:askForVotes(178)) - cde4f2ee-ebe5-4cd0-b57a-bd620480943f@group-F4DF0B55D101-LeaderElection4: begin an election at term 1 for -1: [cde4f2ee-ebe5-4cd0-b57a-bd620480943f:192.168.151.72:42212], old=null
2019-10-02 17:49:09,989 [cde4f2ee-ebe5-4cd0-b57a-bd620480943f@group-F4DF0B55D101-LeaderElection4] INFO  impl.RoleInfo (RoleInfo.java:shutdownLeaderElection(134)) - cde4f2ee-ebe5-4cd0-b57a-bd620480943f: shutdown LeaderElection
2019-10-02 17:49:09,990 [cde4f2ee-ebe5-4cd0-b57a-bd620480943f@group-F4DF0B55D101-LeaderElection4] INFO  impl.RaftServerImpl (RaftServerImpl.java:setRole(170)) - cde4f2ee-ebe5-4cd0-b57a-bd620480943f@group-F4DF0B55D101: changes role from CANDIDATE to LEADER at term 1 for changeToLeader
2019-10-02 17:49:09,990 [cde4f2ee-ebe5-4cd0-b57a-bd620480943f@group-F4DF0B55D101-LeaderElection4] INFO  impl.RaftServerImpl (ServerState.java:setLeader(255)) - cde4f2ee-ebe5-4cd0-b57a-bd620480943f@group-F4DF0B55D101: change Leader from null to cde4f2ee-ebe5-4cd0-b57a-bd620480943f at term 1 for becomeLeader, leader elected after 5161ms
2019-10-02 17:49:09,991 [cde4f2ee-ebe5-4cd0-b57a-bd620480943f@group-F4DF0B55D101-LeaderElection4] INFO  server.RaftServerConfigKeys (ConfUtils.java:logGet(43)) - raft.server.staging.catchup.gap = 1000 (default)
2019-10-02 17:49:09,993 [cde4f2ee-ebe5-4cd0-b57a-bd620480943f@group-F4DF0B55D101-LeaderElection4] INFO  server.RaftServerConfigKeys (ConfUtils.java:logGet(43)) - raft.server.rpc.sleep.time = 25ms (default)
2019-10-02 17:49:09,993 [cde4f2ee-ebe5-4cd0-b57a-bd620480943f@group-F4DF0B55D101-LeaderElection4] INFO  server.RaftServerConfigKeys (ConfUtils.java:logGet(43)) - raft.server.write.element-limit = 4096 (default)
2019-10-02 17:49:09,993 [cde4f2ee-ebe5-4cd0-b57a-bd620480943f@group-F4DF0B55D101-LeaderElection4] INFO  server.RaftServerConfigKeys (ConfUtils.java:logGet(43)) - raft.server.watch.timeout = 10s (default)
2019-10-02 17:49:09,993 [cde4f2ee-ebe5-4cd0-b57a-bd620480943f@group-F4DF0B55D101-LeaderElection4] INFO  server.RaftServerConfigKeys (ConfUtils.java:logGet(43)) - raft.server.watch.timeout.denomination = 1s (default)
2019-10-02 17:49:09,994 [cde4f2ee-ebe5-4cd0-b57a-bd620480943f@group-F4DF0B55D101-LeaderElection4] INFO  server.RaftServerConfigKeys (ConfUtils.java:logGet(43)) - raft.server.watch.element-limit = 65536 (default)
2019-10-02 17:49:09,996 [cde4f2ee-ebe5-4cd0-b57a-bd620480943f@group-F4DF0B55D101-LeaderElection4] INFO  impl.RoleInfo (RoleInfo.java:updateAndGet(143)) - cde4f2ee-ebe5-4cd0-b57a-bd620480943f: start LeaderState
2019-10-02 17:49:09,996 [cde4f2ee-ebe5-4cd0-b57a-bd620480943f@group-F4DF0B55D101-LeaderElection4] INFO  segmented.SegmentedRaftLogWorker (SegmentedRaftLogWorker.java:startLogSegment(385)) - cde4f2ee-ebe5-4cd0-b57a-bd620480943f@group-F4DF0B55D101-SegmentedRaftLogWorker: Starting segment from index:0
2019-10-02 17:49:09,997 [cde4f2ee-ebe5-4cd0-b57a-bd620480943f@group-F4DF0B55D101-LeaderElection4] INFO  impl.RaftServerImpl (ServerState.java:setRaftConf(356)) - cde4f2ee-ebe5-4cd0-b57a-bd620480943f@group-F4DF0B55D101: set configuration 0: [cde4f2ee-ebe5-4cd0-b57a-bd620480943f:192.168.151.72:42212], old=null at 0
2019-10-02 17:49:10,050 [cde4f2ee-ebe5-4cd0-b57a-bd620480943f@group-F4DF0B55D101-SegmentedRaftLogWorker] INFO  segmented.SegmentedRaftLogWorker (SegmentedRaftLogWorker.java:execute(574)) - cde4f2ee-ebe5-4cd0-b57a-bd620480943f@group-F4DF0B55D101-SegmentedRaftLogWorker: created new log segment /workdir/hadoop-ozone/integration-test/target/test-dir/MiniOzoneClusterImpl-d02e41fa-f6e1-4cca-b896-e100a645b5cc/datanode-4/data/ratis/4ffc04ce-ec69-46a3-a6dc-f4df0b55d101/current/log_inprogress_0
2019-10-02 17:49:10,080 [Thread-255] INFO  impl.FollowerState (FollowerState.java:run(108)) - 8182f27e-27c9-4a2f-8b1e-959753d76c58@group-8E9534CC1D25-FollowerState: change to CANDIDATE, lastRpcTime:5110ms, electionTimeout:5110ms
2019-10-02 17:49:10,080 [Thread-255] INFO  impl.RoleInfo (RoleInfo.java:shutdownFollowerState(121)) - 8182f27e-27c9-4a2f-8b1e-959753d76c58: shutdown FollowerState
2019-10-02 17:49:10,080 [Thread-255] INFO  impl.RaftServerImpl (RaftServerImpl.java:setRole(170)) - 8182f27e-27c9-4a2f-8b1e-959753d76c58@group-8E9534CC1D25: changes role from  FOLLOWER to CANDIDATE at term 0 for changeToCandidate
2019-10-02 17:49:10,081 [Thread-255] INFO  impl.RoleInfo (RoleInfo.java:updateAndGet(143)) - 8182f27e-27c9-4a2f-8b1e-959753d76c58: start LeaderElection
2019-10-02 17:49:10,096 [Thread-258] INFO  impl.FollowerState (FollowerState.java:run(108)) - dc00436c-138b-406c-8f35-4d0b5c3754bc@group-FC50F9FAE811-FollowerState: change to CANDIDATE, lastRpcTime:5053ms, electionTimeout:5053ms
2019-10-02 17:49:10,097 [Thread-258] INFO  impl.RoleInfo (RoleInfo.java:shutdownFollowerState(121)) - dc00436c-138b-406c-8f35-4d0b5c3754bc: shutdown FollowerState
2019-10-02 17:49:10,097 [Thread-258] INFO  impl.RaftServerImpl (RaftServerImpl.java:setRole(170)) - dc00436c-138b-406c-8f35-4d0b5c3754bc@group-FC50F9FAE811: changes role from  FOLLOWER to CANDIDATE at term 0 for changeToCandidate
2019-10-02 17:49:10,097 [Thread-258] INFO  impl.RoleInfo (RoleInfo.java:updateAndGet(143)) - dc00436c-138b-406c-8f35-4d0b5c3754bc: start LeaderElection
2019-10-02 17:49:10,097 [8182f27e-27c9-4a2f-8b1e-959753d76c58@group-8E9534CC1D25-LeaderElection5] INFO  impl.LeaderElection (LeaderElection.java:askForVotes(178)) - 8182f27e-27c9-4a2f-8b1e-959753d76c58@group-8E9534CC1D25-LeaderElection5: begin an election at term 1 for -1: [8182f27e-27c9-4a2f-8b1e-959753d76c58:192.168.151.72:43142], old=null
2019-10-02 17:49:10,099 [8182f27e-27c9-4a2f-8b1e-959753d76c58@group-8E9534CC1D25-LeaderElection5] INFO  impl.RoleInfo (RoleInfo.java:shutdownLeaderElection(134)) - 8182f27e-27c9-4a2f-8b1e-959753d76c58: shutdown LeaderElection
2019-10-02 17:49:10,101 [8182f27e-27c9-4a2f-8b1e-959753d76c58@group-8E9534CC1D25-LeaderElection5] INFO  impl.RaftServerImpl (RaftServerImpl.java:setRole(170)) - 8182f27e-27c9-4a2f-8b1e-959753d76c58@group-8E9534CC1D25: changes role from CANDIDATE to LEADER at term 1 for changeToLeader
2019-10-02 17:49:10,101 [8182f27e-27c9-4a2f-8b1e-959753d76c58@group-8E9534CC1D25-LeaderElection5] INFO  impl.RaftServerImpl (ServerState.java:setLeader(255)) - 8182f27e-27c9-4a2f-8b1e-959753d76c58@group-8E9534CC1D25: change Leader from null to 8182f27e-27c9-4a2f-8b1e-959753d76c58 at term 1 for becomeLeader, leader elected after 5147ms
2019-10-02 17:49:10,102 [8182f27e-27c9-4a2f-8b1e-959753d76c58@group-8E9534CC1D25-LeaderElection5] INFO  server.RaftServerConfigKeys (ConfUtils.java:logGet(43)) - raft.server.staging.catchup.gap = 1000 (default)
2019-10-02 17:49:10,103 [8182f27e-27c9-4a2f-8b1e-959753d76c58@group-8E9534CC1D25-LeaderElection5] INFO  server.RaftServerConfigKeys (ConfUtils.java:logGet(43)) - raft.server.rpc.sleep.time = 25ms (default)
2019-10-02 17:49:10,103 [8182f27e-27c9-4a2f-8b1e-959753d76c58@group-8E9534CC1D25-LeaderElection5] INFO  server.RaftServerConfigKeys (ConfUtils.java:logGet(43)) - raft.server.write.element-limit = 4096 (default)
2019-10-02 17:49:10,103 [8182f27e-27c9-4a2f-8b1e-959753d76c58@group-8E9534CC1D25-LeaderElection5] INFO  server.RaftServerConfigKeys (ConfUtils.java:logGet(43)) - raft.server.watch.timeout = 10s (default)
2019-10-02 17:49:10,103 [8182f27e-27c9-4a2f-8b1e-959753d76c58@group-8E9534CC1D25-LeaderElection5] INFO  server.RaftServerConfigKeys (ConfUtils.java:logGet(43)) - raft.server.watch.timeout.denomination = 1s (default)
2019-10-02 17:49:10,103 [8182f27e-27c9-4a2f-8b1e-959753d76c58@group-8E9534CC1D25-LeaderElection5] INFO  server.RaftServerConfigKeys (ConfUtils.java:logGet(43)) - raft.server.watch.element-limit = 65536 (default)
2019-10-02 17:49:10,106 [8182f27e-27c9-4a2f-8b1e-959753d76c58@group-8E9534CC1D25-LeaderElection5] INFO  impl.RoleInfo (RoleInfo.java:updateAndGet(143)) - 8182f27e-27c9-4a2f-8b1e-959753d76c58: start LeaderState
2019-10-02 17:49:10,107 [8182f27e-27c9-4a2f-8b1e-959753d76c58@group-8E9534CC1D25-LeaderElection5] INFO  segmented.SegmentedRaftLogWorker (SegmentedRaftLogWorker.java:startLogSegment(385)) - 8182f27e-27c9-4a2f-8b1e-959753d76c58@group-8E9534CC1D25-SegmentedRaftLogWorker: Starting segment from index:0
2019-10-02 17:49:10,108 [8182f27e-27c9-4a2f-8b1e-959753d76c58@group-8E9534CC1D25-LeaderElection5] INFO  impl.RaftServerImpl (ServerState.java:setRaftConf(356)) - 8182f27e-27c9-4a2f-8b1e-959753d76c58@group-8E9534CC1D25: set configuration 0: [8182f27e-27c9-4a2f-8b1e-959753d76c58:192.168.151.72:43142], old=null at 0
2019-10-02 17:49:10,133 [dc00436c-138b-406c-8f35-4d0b5c3754bc@group-FC50F9FAE811-LeaderElection6] INFO  impl.LeaderElection (LeaderElection.java:askForVotes(178)) - dc00436c-138b-406c-8f35-4d0b5c3754bc@group-FC50F9FAE811-LeaderElection6: begin an election at term 1 for -1: [dc00436c-138b-406c-8f35-4d0b5c3754bc:192.168.151.72:35612], old=null
2019-10-02 17:49:10,133 [dc00436c-138b-406c-8f35-4d0b5c3754bc@group-FC50F9FAE811-LeaderElection6] INFO  impl.RoleInfo (RoleInfo.java:shutdownLeaderElection(134)) - dc00436c-138b-406c-8f35-4d0b5c3754bc: shutdown LeaderElection
2019-10-02 17:49:10,133 [dc00436c-138b-406c-8f35-4d0b5c3754bc@group-FC50F9FAE811-LeaderElection6] INFO  impl.RaftServerImpl (RaftServerImpl.java:setRole(170)) - dc00436c-138b-406c-8f35-4d0b5c3754bc@group-FC50F9FAE811: changes role from CANDIDATE to LEADER at term 1 for changeToLeader
2019-10-02 17:49:10,133 [dc00436c-138b-406c-8f35-4d0b5c3754bc@group-FC50F9FAE811-LeaderElection6] INFO  impl.RaftServerImpl (ServerState.java:setLeader(255)) - dc00436c-138b-406c-8f35-4d0b5c3754bc@group-FC50F9FAE811: change Leader from null to dc00436c-138b-406c-8f35-4d0b5c3754bc at term 1 for becomeLeader, leader elected after 5098ms
2019-10-02 17:49:10,135 [dc00436c-138b-406c-8f35-4d0b5c3754bc@group-FC50F9FAE811-LeaderElection6] INFO  server.RaftServerConfigKeys (ConfUtils.java:logGet(43)) - raft.server.staging.catchup.gap = 1000 (default)
2019-10-02 17:49:10,135 [dc00436c-138b-406c-8f35-4d0b5c3754bc@group-FC50F9FAE811-LeaderElection6] INFO  server.RaftServerConfigKeys (ConfUtils.java:logGet(43)) - raft.server.rpc.sleep.time = 25ms (default)
2019-10-02 17:49:10,136 [dc00436c-138b-406c-8f35-4d0b5c3754bc@group-FC50F9FAE811-LeaderElection6] INFO  server.RaftServerConfigKeys (ConfUtils.java:logGet(43)) - raft.server.write.element-limit = 4096 (default)
2019-10-02 17:49:10,136 [dc00436c-138b-406c-8f35-4d0b5c3754bc@group-FC50F9FAE811-LeaderElection6] INFO  server.RaftServerConfigKeys (ConfUtils.java:logGet(43)) - raft.server.watch.timeout = 10s (default)
2019-10-02 17:49:10,136 [dc00436c-138b-406c-8f35-4d0b5c3754bc@group-FC50F9FAE811-LeaderElection6] INFO  server.RaftServerConfigKeys (ConfUtils.java:logGet(43)) - raft.server.watch.timeout.denomination = 1s (default)
2019-10-02 17:49:10,136 [dc00436c-138b-406c-8f35-4d0b5c3754bc@group-FC50F9FAE811-LeaderElection6] INFO  server.RaftServerConfigKeys (ConfUtils.java:logGet(43)) - raft.server.watch.element-limit = 65536 (default)
2019-10-02 17:49:10,139 [dc00436c-138b-406c-8f35-4d0b5c3754bc@group-FC50F9FAE811-LeaderElection6] INFO  impl.RoleInfo (RoleInfo.java:updateAndGet(143)) - dc00436c-138b-406c-8f35-4d0b5c3754bc: start LeaderState
2019-10-02 17:49:10,140 [dc00436c-138b-406c-8f35-4d0b5c3754bc@group-FC50F9FAE811-LeaderElection6] INFO  segmented.SegmentedRaftLogWorker (SegmentedRaftLogWorker.java:startLogSegment(385)) - dc00436c-138b-406c-8f35-4d0b5c3754bc@group-FC50F9FAE811-SegmentedRaftLogWorker: Starting segment from index:0
2019-10-02 17:49:10,140 [dc00436c-138b-406c-8f35-4d0b5c3754bc@group-FC50F9FAE811-LeaderElection6] INFO  impl.RaftServerImpl (ServerState.java:setRaftConf(356)) - dc00436c-138b-406c-8f35-4d0b5c3754bc@group-FC50F9FAE811: set configuration 0: [dc00436c-138b-406c-8f35-4d0b5c3754bc:192.168.151.72:35612], old=null at 0
2019-10-02 17:49:10,180 [8182f27e-27c9-4a2f-8b1e-959753d76c58@group-8E9534CC1D25-SegmentedRaftLogWorker] INFO  segmented.SegmentedRaftLogWorker (SegmentedRaftLogWorker.java:execute(574)) - 8182f27e-27c9-4a2f-8b1e-959753d76c58@group-8E9534CC1D25-SegmentedRaftLogWorker: created new log segment /workdir/hadoop-ozone/integration-test/target/test-dir/MiniOzoneClusterImpl-d02e41fa-f6e1-4cca-b896-e100a645b5cc/datanode-1/data/ratis/2ba2d8eb-87b6-4140-b3e5-8e9534cc1d25/current/log_inprogress_0
2019-10-02 17:49:10,192 [dc00436c-138b-406c-8f35-4d0b5c3754bc@group-FC50F9FAE811-SegmentedRaftLogWorker] INFO  segmented.SegmentedRaftLogWorker (SegmentedRaftLogWorker.java:execute(574)) - dc00436c-138b-406c-8f35-4d0b5c3754bc@group-FC50F9FAE811-SegmentedRaftLogWorker: created new log segment /workdir/hadoop-ozone/integration-test/target/test-dir/MiniOzoneClusterImpl-d02e41fa-f6e1-4cca-b896-e100a645b5cc/datanode-5/data/ratis/5efd5b9e-3f6f-4b5a-b8cb-fc50f9fae811/current/log_inprogress_0
2019-10-02 17:49:10,635 [Thread-261] INFO  impl.FollowerState (FollowerState.java:run(108)) - 7ab57b0b-7dff-4048-84c6-4e0b7b47b3fc@group-3C567FC0C2C9-FollowerState: change to CANDIDATE, lastRpcTime:5077ms, electionTimeout:5077ms
2019-10-02 17:49:10,636 [Thread-261] INFO  impl.RoleInfo (RoleInfo.java:shutdownFollowerState(121)) - 7ab57b0b-7dff-4048-84c6-4e0b7b47b3fc: shutdown FollowerState
2019-10-02 17:49:10,637 [Thread-261] INFO  impl.RaftServerImpl (RaftServerImpl.java:setRole(170)) - 7ab57b0b-7dff-4048-84c6-4e0b7b47b3fc@group-3C567FC0C2C9: changes role from  FOLLOWER to CANDIDATE at term 0 for changeToCandidate
2019-10-02 17:49:10,637 [Thread-261] INFO  impl.RoleInfo (RoleInfo.java:updateAndGet(143)) - 7ab57b0b-7dff-4048-84c6-4e0b7b47b3fc: start LeaderElection
2019-10-02 17:49:10,666 [7ab57b0b-7dff-4048-84c6-4e0b7b47b3fc@group-3C567FC0C2C9-LeaderElection7] INFO  impl.LeaderElection (LeaderElection.java:askForVotes(178)) - 7ab57b0b-7dff-4048-84c6-4e0b7b47b3fc@group-3C567FC0C2C9-LeaderElection7: begin an election at term 1 for -1: [7ab57b0b-7dff-4048-84c6-4e0b7b47b3fc:192.168.151.72:42942], old=null
2019-10-02 17:49:10,666 [7ab57b0b-7dff-4048-84c6-4e0b7b47b3fc@group-3C567FC0C2C9-LeaderElection7] INFO  impl.RoleInfo (RoleInfo.java:shutdownLeaderElection(134)) - 7ab57b0b-7dff-4048-84c6-4e0b7b47b3fc: shutdown LeaderElection
2019-10-02 17:49:10,667 [7ab57b0b-7dff-4048-84c6-4e0b7b47b3fc@group-3C567FC0C2C9-LeaderElection7] INFO  impl.RaftServerImpl (RaftServerImpl.java:setRole(170)) - 7ab57b0b-7dff-4048-84c6-4e0b7b47b3fc@group-3C567FC0C2C9: changes role from CANDIDATE to LEADER at term 1 for changeToLeader
2019-10-02 17:49:10,667 [7ab57b0b-7dff-4048-84c6-4e0b7b47b3fc@group-3C567FC0C2C9-LeaderElection7] INFO  impl.RaftServerImpl (ServerState.java:setLeader(255)) - 7ab57b0b-7dff-4048-84c6-4e0b7b47b3fc@group-3C567FC0C2C9: change Leader from null to 7ab57b0b-7dff-4048-84c6-4e0b7b47b3fc at term 1 for becomeLeader, leader elected after 5120ms
2019-10-02 17:49:10,669 [7ab57b0b-7dff-4048-84c6-4e0b7b47b3fc@group-3C567FC0C2C9-LeaderElection7] INFO  server.RaftServerConfigKeys (ConfUtils.java:logGet(43)) - raft.server.staging.catchup.gap = 1000 (default)
2019-10-02 17:49:10,669 [7ab57b0b-7dff-4048-84c6-4e0b7b47b3fc@group-3C567FC0C2C9-LeaderElection7] INFO  server.RaftServerConfigKeys (ConfUtils.java:logGet(43)) - raft.server.rpc.sleep.time = 25ms (default)
2019-10-02 17:49:10,669 [7ab57b0b-7dff-4048-84c6-4e0b7b47b3fc@group-3C567FC0C2C9-LeaderElection7] INFO  server.RaftServerConfigKeys (ConfUtils.java:logGet(43)) - raft.server.write.element-limit = 4096 (default)
2019-10-02 17:49:10,670 [7ab57b0b-7dff-4048-84c6-4e0b7b47b3fc@group-3C567FC0C2C9-LeaderElection7] INFO  server.RaftServerConfigKeys (ConfUtils.java:logGet(43)) - raft.server.watch.timeout = 10s (default)
2019-10-02 17:49:10,670 [7ab57b0b-7dff-4048-84c6-4e0b7b47b3fc@group-3C567FC0C2C9-LeaderElection7] INFO  server.RaftServerConfigKeys (ConfUtils.java:logGet(43)) - raft.server.watch.timeout.denomination = 1s (default)
2019-10-02 17:49:10,670 [7ab57b0b-7dff-4048-84c6-4e0b7b47b3fc@group-3C567FC0C2C9-LeaderElection7] INFO  server.RaftServerConfigKeys (ConfUtils.java:logGet(43)) - raft.server.watch.element-limit = 65536 (default)
2019-10-02 17:49:10,674 [7ab57b0b-7dff-4048-84c6-4e0b7b47b3fc@group-3C567FC0C2C9-LeaderElection7] INFO  impl.RoleInfo (RoleInfo.java:updateAndGet(143)) - 7ab57b0b-7dff-4048-84c6-4e0b7b47b3fc: start LeaderState
2019-10-02 17:49:10,674 [7ab57b0b-7dff-4048-84c6-4e0b7b47b3fc@group-3C567FC0C2C9-LeaderElection7] INFO  segmented.SegmentedRaftLogWorker (SegmentedRaftLogWorker.java:startLogSegment(385)) - 7ab57b0b-7dff-4048-84c6-4e0b7b47b3fc@group-3C567FC0C2C9-SegmentedRaftLogWorker: Starting segment from index:0
2019-10-02 17:49:10,675 [7ab57b0b-7dff-4048-84c6-4e0b7b47b3fc@group-3C567FC0C2C9-LeaderElection7] INFO  impl.RaftServerImpl (ServerState.java:setRaftConf(356)) - 7ab57b0b-7dff-4048-84c6-4e0b7b47b3fc@group-3C567FC0C2C9: set configuration 0: [7ab57b0b-7dff-4048-84c6-4e0b7b47b3fc:192.168.151.72:42942], old=null at 0
2019-10-02 17:49:10,729 [7ab57b0b-7dff-4048-84c6-4e0b7b47b3fc@group-3C567FC0C2C9-SegmentedRaftLogWorker] INFO  segmented.SegmentedRaftLogWorker (SegmentedRaftLogWorker.java:execute(574)) - 7ab57b0b-7dff-4048-84c6-4e0b7b47b3fc@group-3C567FC0C2C9-SegmentedRaftLogWorker: created new log segment /workdir/hadoop-ozone/integration-test/target/test-dir/MiniOzoneClusterImpl-d02e41fa-f6e1-4cca-b896-e100a645b5cc/datanode-3/data/ratis/19101627-e0df-4cc1-a1f7-3c567fc0c2c9/current/log_inprogress_0
2019-10-02 17:49:10,735 [Thread-267] INFO  impl.FollowerState (FollowerState.java:run(108)) - 49c112d4-02f4-49c2-90bf-c7b46ec7b63a@group-E5FDCECD392C-FollowerState: change to CANDIDATE, lastRpcTime:5062ms, electionTimeout:5062ms
2019-10-02 17:49:10,735 [Thread-267] INFO  impl.RoleInfo (RoleInfo.java:shutdownFollowerState(121)) - 49c112d4-02f4-49c2-90bf-c7b46ec7b63a: shutdown FollowerState
2019-10-02 17:49:10,736 [Thread-267] INFO  impl.RaftServerImpl (RaftServerImpl.java:setRole(170)) - 49c112d4-02f4-49c2-90bf-c7b46ec7b63a@group-E5FDCECD392C: changes role from  FOLLOWER to CANDIDATE at term 0 for changeToCandidate
2019-10-02 17:49:10,736 [Thread-267] INFO  impl.RoleInfo (RoleInfo.java:updateAndGet(143)) - 49c112d4-02f4-49c2-90bf-c7b46ec7b63a: start LeaderElection
2019-10-02 17:49:10,754 [49c112d4-02f4-49c2-90bf-c7b46ec7b63a@group-E5FDCECD392C-LeaderElection8] INFO  impl.LeaderElection (LeaderElection.java:askForVotes(178)) - 49c112d4-02f4-49c2-90bf-c7b46ec7b63a@group-E5FDCECD392C-LeaderElection8: begin an election at term 1 for -1: [c6bdf12a-094f-42bc-87c0-f082ef291ed8:192.168.151.72:33846, e7bd1734-ef6c-4cf8-b88c-8a1061e7af66:192.168.151.72:41308, 49c112d4-02f4-49c2-90bf-c7b46ec7b63a:192.168.151.72:42976], old=null
2019-10-02 17:49:10,796 [grpc-default-executor-2] INFO  impl.RaftServerImpl (RaftServerImpl.java:setRole(170)) - c6bdf12a-094f-42bc-87c0-f082ef291ed8@group-E5FDCECD392C: changes role from  FOLLOWER to FOLLOWER at term 1 for recognizeCandidate:49c112d4-02f4-49c2-90bf-c7b46ec7b63a
2019-10-02 17:49:10,796 [grpc-default-executor-0] INFO  impl.RaftServerImpl (RaftServerImpl.java:setRole(170)) - e7bd1734-ef6c-4cf8-b88c-8a1061e7af66@group-E5FDCECD392C: changes role from  FOLLOWER to FOLLOWER at term 1 for recognizeCandidate:49c112d4-02f4-49c2-90bf-c7b46ec7b63a
2019-10-02 17:49:10,796 [grpc-default-executor-2] INFO  impl.RoleInfo (RoleInfo.java:shutdownFollowerState(121)) - c6bdf12a-094f-42bc-87c0-f082ef291ed8: shutdown FollowerState
2019-10-02 17:49:10,796 [grpc-default-executor-0] INFO  impl.RoleInfo (RoleInfo.java:shutdownFollowerState(121)) - e7bd1734-ef6c-4cf8-b88c-8a1061e7af66: shutdown FollowerState
2019-10-02 17:49:10,797 [grpc-default-executor-2] INFO  impl.RoleInfo (RoleInfo.java:updateAndGet(143)) - c6bdf12a-094f-42bc-87c0-f082ef291ed8: start FollowerState
2019-10-02 17:49:10,797 [Thread-268] INFO  impl.FollowerState (FollowerState.java:run(117)) - e7bd1734-ef6c-4cf8-b88c-8a1061e7af66@group-E5FDCECD392C-FollowerState was interrupted: java.lang.InterruptedException: sleep interrupted
2019-10-02 17:49:10,797 [grpc-default-executor-0] INFO  impl.RoleInfo (RoleInfo.java:updateAndGet(143)) - e7bd1734-ef6c-4cf8-b88c-8a1061e7af66: start FollowerState
2019-10-02 17:49:10,797 [Thread-265] INFO  impl.FollowerState (FollowerState.java:run(117)) - c6bdf12a-094f-42bc-87c0-f082ef291ed8@group-E5FDCECD392C-FollowerState was interrupted: java.lang.InterruptedException: sleep interrupted
2019-10-02 17:49:10,835 [49c112d4-02f4-49c2-90bf-c7b46ec7b63a@group-E5FDCECD392C-LeaderElection8] INFO  impl.LeaderElection (LeaderElection.java:logAndReturn(56)) - 49c112d4-02f4-49c2-90bf-c7b46ec7b63a@group-E5FDCECD392C-LeaderElection8: Election PASSED; received 1 response(s) [49c112d4-02f4-49c2-90bf-c7b46ec7b63a<-e7bd1734-ef6c-4cf8-b88c-8a1061e7af66#0:OK-t1] and 0 exception(s); 49c112d4-02f4-49c2-90bf-c7b46ec7b63a@group-E5FDCECD392C:t1, leader=null, voted=49c112d4-02f4-49c2-90bf-c7b46ec7b63a, raftlog=49c112d4-02f4-49c2-90bf-c7b46ec7b63a@group-E5FDCECD392C-SegmentedRaftLog:OPENED:c-1,f-1,i0, conf=-1: [c6bdf12a-094f-42bc-87c0-f082ef291ed8:192.168.151.72:33846, e7bd1734-ef6c-4cf8-b88c-8a1061e7af66:192.168.151.72:41308, 49c112d4-02f4-49c2-90bf-c7b46ec7b63a:192.168.151.72:42976], old=null
2019-10-02 17:49:10,836 [49c112d4-02f4-49c2-90bf-c7b46ec7b63a@group-E5FDCECD392C-LeaderElection8] INFO  impl.RoleInfo (RoleInfo.java:shutdownLeaderElection(134)) - 49c112d4-02f4-49c2-90bf-c7b46ec7b63a: shutdown LeaderElection
2019-10-02 17:49:10,836 [49c112d4-02f4-49c2-90bf-c7b46ec7b63a@group-E5FDCECD392C-LeaderElection8] INFO  impl.RaftServerImpl (RaftServerImpl.java:setRole(170)) - 49c112d4-02f4-49c2-90bf-c7b46ec7b63a@group-E5FDCECD392C: changes role from CANDIDATE to LEADER at term 1 for changeToLeader
2019-10-02 17:49:10,839 [49c112d4-02f4-49c2-90bf-c7b46ec7b63a@group-E5FDCECD392C-LeaderElection8] INFO  impl.RaftServerImpl (ServerState.java:setLeader(255)) - 49c112d4-02f4-49c2-90bf-c7b46ec7b63a@group-E5FDCECD392C: change Leader from null to 49c112d4-02f4-49c2-90bf-c7b46ec7b63a at term 1 for becomeLeader, leader elected after 5182ms
2019-10-02 17:49:10,839 [49c112d4-02f4-49c2-90bf-c7b46ec7b63a@group-E5FDCECD392C-LeaderElection8] INFO  server.RaftServerConfigKeys (ConfUtils.java:logGet(43)) - raft.server.staging.catchup.gap = 1000 (default)
2019-10-02 17:49:10,839 [49c112d4-02f4-49c2-90bf-c7b46ec7b63a@group-E5FDCECD392C-LeaderElection8] INFO  server.RaftServerConfigKeys (ConfUtils.java:logGet(43)) - raft.server.rpc.sleep.time = 25ms (default)
2019-10-02 17:49:10,840 [49c112d4-02f4-49c2-90bf-c7b46ec7b63a@group-E5FDCECD392C-LeaderElection8] INFO  server.RaftServerConfigKeys (ConfUtils.java:logGet(43)) - raft.server.write.element-limit = 4096 (default)
2019-10-02 17:49:10,840 [49c112d4-02f4-49c2-90bf-c7b46ec7b63a@group-E5FDCECD392C-LeaderElection8] INFO  server.RaftServerConfigKeys (ConfUtils.java:logGet(43)) - raft.server.watch.timeout = 10s (default)
2019-10-02 17:49:10,840 [49c112d4-02f4-49c2-90bf-c7b46ec7b63a@group-E5FDCECD392C-LeaderElection8] INFO  server.RaftServerConfigKeys (ConfUtils.java:logGet(43)) - raft.server.watch.timeout.denomination = 1s (default)
2019-10-02 17:49:10,840 [49c112d4-02f4-49c2-90bf-c7b46ec7b63a@group-E5FDCECD392C-LeaderElection8] INFO  server.RaftServerConfigKeys (ConfUtils.java:logGet(43)) - raft.server.watch.element-limit = 65536 (default)
2019-10-02 17:49:10,847 [49c112d4-02f4-49c2-90bf-c7b46ec7b63a@group-E5FDCECD392C-LeaderElection8] INFO  server.RaftServerConfigKeys (ConfUtils.java:logGet(43)) - raft.server.log.appender.snapshot.chunk.size.max = 16MB (=16777216) (default)
2019-10-02 17:49:10,847 [49c112d4-02f4-49c2-90bf-c7b46ec7b63a@group-E5FDCECD392C-LeaderElection8] INFO  server.RaftServerConfigKeys (ConfUtils.java:logGet(43)) - raft.server.log.appender.buffer.byte-limit = 33554432 (custom)
2019-10-02 17:49:10,848 [49c112d4-02f4-49c2-90bf-c7b46ec7b63a@group-E5FDCECD392C-LeaderElection8] INFO  server.RaftServerConfigKeys (ConfUtils.java:logGet(43)) - raft.server.log.appender.buffer.element-limit = 1 (custom)
2019-10-02 17:49:10,852 [49c112d4-02f4-49c2-90bf-c7b46ec7b63a@group-E5FDCECD392C-LeaderElection8] INFO  grpc.GrpcConfigKeys$Server (ConfUtils.java:logGet(43)) - raft.grpc.server.leader.outstanding.appends.max = 128 (default)
2019-10-02 17:49:10,857 [49c112d4-02f4-49c2-90bf-c7b46ec7b63a@group-E5FDCECD392C-LeaderElection8] INFO  server.RaftServerConfigKeys (ConfUtils.java:logGet(43)) - raft.server.rpc.request.timeout = 3000ms (default)
2019-10-02 17:49:10,858 [49c112d4-02f4-49c2-90bf-c7b46ec7b63a@group-E5FDCECD392C-LeaderElection8] INFO  server.RaftServerConfigKeys (ConfUtils.java:logGet(43)) - raft.server.log.appender.install.snapshot.enabled = false (custom)
2019-10-02 17:49:10,859 [49c112d4-02f4-49c2-90bf-c7b46ec7b63a@group-E5FDCECD392C-LeaderElection8] INFO  server.RaftServerConfigKeys (ConfUtils.java:logGet(43)) - raft.server.log.appender.snapshot.chunk.size.max = 16MB (=16777216) (default)
2019-10-02 17:49:10,859 [49c112d4-02f4-49c2-90bf-c7b46ec7b63a@group-E5FDCECD392C-LeaderElection8] INFO  server.RaftServerConfigKeys (ConfUtils.java:logGet(43)) - raft.server.log.appender.buffer.byte-limit = 33554432 (custom)
2019-10-02 17:49:10,859 [49c112d4-02f4-49c2-90bf-c7b46ec7b63a@group-E5FDCECD392C-LeaderElection8] INFO  server.RaftServerConfigKeys (ConfUtils.java:logGet(43)) - raft.server.log.appender.buffer.element-limit = 1 (custom)
2019-10-02 17:49:10,860 [49c112d4-02f4-49c2-90bf-c7b46ec7b63a@group-E5FDCECD392C-LeaderElection8] INFO  grpc.GrpcConfigKeys$Server (ConfUtils.java:logGet(43)) - raft.grpc.server.leader.outstanding.appends.max = 128 (default)
2019-10-02 17:49:10,860 [49c112d4-02f4-49c2-90bf-c7b46ec7b63a@group-E5FDCECD392C-LeaderElection8] INFO  server.RaftServerConfigKeys (ConfUtils.java:logGet(43)) - raft.server.rpc.request.timeout = 3000ms (default)
2019-10-02 17:49:10,860 [49c112d4-02f4-49c2-90bf-c7b46ec7b63a@group-E5FDCECD392C-LeaderElection8] INFO  server.RaftServerConfigKeys (ConfUtils.java:logGet(43)) - raft.server.log.appender.install.snapshot.enabled = false (custom)
2019-10-02 17:49:10,862 [49c112d4-02f4-49c2-90bf-c7b46ec7b63a@group-E5FDCECD392C-LeaderElection8] INFO  impl.RoleInfo (RoleInfo.java:updateAndGet(143)) - 49c112d4-02f4-49c2-90bf-c7b46ec7b63a: start LeaderState
2019-10-02 17:49:10,862 [49c112d4-02f4-49c2-90bf-c7b46ec7b63a@group-E5FDCECD392C-LeaderElection8] INFO  segmented.SegmentedRaftLogWorker (SegmentedRaftLogWorker.java:startLogSegment(385)) - 49c112d4-02f4-49c2-90bf-c7b46ec7b63a@group-E5FDCECD392C-SegmentedRaftLogWorker: Starting segment from index:0
2019-10-02 17:49:10,863 [49c112d4-02f4-49c2-90bf-c7b46ec7b63a@group-E5FDCECD392C-LeaderElection8] INFO  impl.RaftServerImpl (ServerState.java:setRaftConf(356)) - 49c112d4-02f4-49c2-90bf-c7b46ec7b63a@group-E5FDCECD392C: set configuration 0: [c6bdf12a-094f-42bc-87c0-f082ef291ed8:192.168.151.72:33846, e7bd1734-ef6c-4cf8-b88c-8a1061e7af66:192.168.151.72:41308, 49c112d4-02f4-49c2-90bf-c7b46ec7b63a:192.168.151.72:42976], old=null at 0
2019-10-02 17:49:10,901 [Thread-278] INFO  impl.FollowerState (FollowerState.java:run(108)) - dc00436c-138b-406c-8f35-4d0b5c3754bc@group-9CF56ACD23FC-FollowerState: change to CANDIDATE, lastRpcTime:5085ms, electionTimeout:5066ms
2019-10-02 17:49:10,903 [Thread-278] INFO  impl.RoleInfo (RoleInfo.java:shutdownFollowerState(121)) - dc00436c-138b-406c-8f35-4d0b5c3754bc: shutdown FollowerState
2019-10-02 17:49:10,903 [Thread-278] INFO  impl.RaftServerImpl (RaftServerImpl.java:setRole(170)) - dc00436c-138b-406c-8f35-4d0b5c3754bc@group-9CF56ACD23FC: changes role from  FOLLOWER to CANDIDATE at term 0 for changeToCandidate
2019-10-02 17:49:10,903 [Thread-278] INFO  impl.RoleInfo (RoleInfo.java:updateAndGet(143)) - dc00436c-138b-406c-8f35-4d0b5c3754bc: start LeaderElection
2019-10-02 17:49:10,916 [49c112d4-02f4-49c2-90bf-c7b46ec7b63a@group-E5FDCECD392C-SegmentedRaftLogWorker] INFO  segmented.SegmentedRaftLogWorker (SegmentedRaftLogWorker.java:execute(574)) - 49c112d4-02f4-49c2-90bf-c7b46ec7b63a@group-E5FDCECD392C-SegmentedRaftLogWorker: created new log segment /workdir/hadoop-ozone/integration-test/target/test-dir/MiniOzoneClusterImpl-d02e41fa-f6e1-4cca-b896-e100a645b5cc/datanode-0/data/ratis/7f052c33-4392-478d-bc27-e5fdcecd392c/current/log_inprogress_0
2019-10-02 17:49:10,916 [dc00436c-138b-406c-8f35-4d0b5c3754bc@group-9CF56ACD23FC-LeaderElection9] INFO  impl.LeaderElection (LeaderElection.java:askForVotes(178)) - dc00436c-138b-406c-8f35-4d0b5c3754bc@group-9CF56ACD23FC-LeaderElection9: begin an election at term 1 for -1: [dc00436c-138b-406c-8f35-4d0b5c3754bc:192.168.151.72:35612, 8182f27e-27c9-4a2f-8b1e-959753d76c58:192.168.151.72:43142, cde4f2ee-ebe5-4cd0-b57a-bd620480943f:192.168.151.72:42212], old=null
2019-10-02 17:49:10,930 [grpc-default-executor-1] INFO  impl.RaftServerImpl (RaftServerImpl.java:setRole(170)) - cde4f2ee-ebe5-4cd0-b57a-bd620480943f@group-9CF56ACD23FC: changes role from  FOLLOWER to FOLLOWER at term 1 for recognizeCandidate:dc00436c-138b-406c-8f35-4d0b5c3754bc
2019-10-02 17:49:10,932 [grpc-default-executor-1] INFO  impl.RoleInfo (RoleInfo.java:shutdownFollowerState(121)) - cde4f2ee-ebe5-4cd0-b57a-bd620480943f: shutdown FollowerState
2019-10-02 17:49:10,933 [grpc-default-executor-1] INFO  impl.RoleInfo (RoleInfo.java:updateAndGet(143)) - cde4f2ee-ebe5-4cd0-b57a-bd620480943f: start FollowerState
2019-10-02 17:49:10,933 [Thread-273] INFO  impl.FollowerState (FollowerState.java:run(117)) - cde4f2ee-ebe5-4cd0-b57a-bd620480943f@group-9CF56ACD23FC-FollowerState was interrupted: java.lang.InterruptedException: sleep interrupted
2019-10-02 17:49:10,933 [grpc-default-executor-3] INFO  impl.RaftServerImpl (RaftServerImpl.java:setRole(170)) - 8182f27e-27c9-4a2f-8b1e-959753d76c58@group-9CF56ACD23FC: changes role from  FOLLOWER to FOLLOWER at term 1 for recognizeCandidate:dc00436c-138b-406c-8f35-4d0b5c3754bc
2019-10-02 17:49:10,935 [grpc-default-executor-3] INFO  impl.RoleInfo (RoleInfo.java:shutdownFollowerState(121)) - 8182f27e-27c9-4a2f-8b1e-959753d76c58: shutdown FollowerState
2019-10-02 17:49:10,935 [Thread-277] INFO  impl.FollowerState (FollowerState.java:run(117)) - 8182f27e-27c9-4a2f-8b1e-959753d76c58@group-9CF56ACD23FC-FollowerState was interrupted: java.lang.InterruptedException: sleep interrupted
2019-10-02 17:49:10,935 [grpc-default-executor-3] INFO  impl.RoleInfo (RoleInfo.java:updateAndGet(143)) - 8182f27e-27c9-4a2f-8b1e-959753d76c58: start FollowerState
2019-10-02 17:49:10,945 [grpc-default-executor-0] INFO  impl.RaftServerImpl (ServerState.java:setLeader(255)) - e7bd1734-ef6c-4cf8-b88c-8a1061e7af66@group-E5FDCECD392C: change Leader from null to 49c112d4-02f4-49c2-90bf-c7b46ec7b63a at term 1 for appendEntries, leader elected after 5288ms
2019-10-02 17:49:10,945 [grpc-default-executor-2] INFO  impl.RaftServerImpl (ServerState.java:setLeader(255)) - c6bdf12a-094f-42bc-87c0-f082ef291ed8@group-E5FDCECD392C: change Leader from null to 49c112d4-02f4-49c2-90bf-c7b46ec7b63a at term 1 for appendEntries, leader elected after 5288ms
2019-10-02 17:49:10,972 [dc00436c-138b-406c-8f35-4d0b5c3754bc@group-9CF56ACD23FC-LeaderElection9] INFO  impl.LeaderElection (LeaderElection.java:logAndReturn(56)) - dc00436c-138b-406c-8f35-4d0b5c3754bc@group-9CF56ACD23FC-LeaderElection9: Election PASSED; received 1 response(s) [dc00436c-138b-406c-8f35-4d0b5c3754bc<-8182f27e-27c9-4a2f-8b1e-959753d76c58#0:OK-t1] and 0 exception(s); dc00436c-138b-406c-8f35-4d0b5c3754bc@group-9CF56ACD23FC:t1, leader=null, voted=dc00436c-138b-406c-8f35-4d0b5c3754bc, raftlog=dc00436c-138b-406c-8f35-4d0b5c3754bc@group-9CF56ACD23FC-SegmentedRaftLog:OPENED:c-1,f-1,i0, conf=-1: [dc00436c-138b-406c-8f35-4d0b5c3754bc:192.168.151.72:35612, 8182f27e-27c9-4a2f-8b1e-959753d76c58:192.168.151.72:43142, cde4f2ee-ebe5-4cd0-b57a-bd620480943f:192.168.151.72:42212], old=null
2019-10-02 17:49:10,972 [dc00436c-138b-406c-8f35-4d0b5c3754bc@group-9CF56ACD23FC-LeaderElection9] INFO  impl.RoleInfo (RoleInfo.java:shutdownLeaderElection(134)) - dc00436c-138b-406c-8f35-4d0b5c3754bc: shutdown LeaderElection
2019-10-02 17:49:10,972 [dc00436c-138b-406c-8f35-4d0b5c3754bc@group-9CF56ACD23FC-LeaderElection9] INFO  impl.RaftServerImpl (RaftServerImpl.java:setRole(170)) - dc00436c-138b-406c-8f35-4d0b5c3754bc@group-9CF56ACD23FC: changes role from CANDIDATE to LEADER at term 1 for changeToLeader
2019-10-02 17:49:10,974 [dc00436c-138b-406c-8f35-4d0b5c3754bc@group-9CF56ACD23FC-LeaderElection9] INFO  impl.RaftServerImpl (ServerState.java:setLeader(255)) - dc00436c-138b-406c-8f35-4d0b5c3754bc@group-9CF56ACD23FC: change Leader from null to dc00436c-138b-406c-8f35-4d0b5c3754bc at term 1 for becomeLeader, leader elected after 5187ms
2019-10-02 17:49:10,975 [dc00436c-138b-406c-8f35-4d0b5c3754bc@group-9CF56ACD23FC-LeaderElection9] INFO  server.RaftServerConfigKeys (ConfUtils.java:logGet(43)) - raft.server.staging.catchup.gap = 1000 (default)
2019-10-02 17:49:10,975 [dc00436c-138b-406c-8f35-4d0b5c3754bc@group-9CF56ACD23FC-LeaderElection9] INFO  server.RaftServerConfigKeys (ConfUtils.java:logGet(43)) - raft.server.rpc.sleep.time = 25ms (default)
2019-10-02 17:49:10,975 [dc00436c-138b-406c-8f35-4d0b5c3754bc@group-9CF56ACD23FC-LeaderElection9] INFO  server.RaftServerConfigKeys (ConfUtils.java:logGet(43)) - raft.server.write.element-limit = 4096 (default)
2019-10-02 17:49:10,975 [dc00436c-138b-406c-8f35-4d0b5c3754bc@group-9CF56ACD23FC-LeaderElection9] INFO  server.RaftServerConfigKeys (ConfUtils.java:logGet(43)) - raft.server.watch.timeout = 10s (default)
2019-10-02 17:49:10,975 [dc00436c-138b-406c-8f35-4d0b5c3754bc@group-9CF56ACD23FC-LeaderElection9] INFO  server.RaftServerConfigKeys (ConfUtils.java:logGet(43)) - raft.server.watch.timeout.denomination = 1s (default)
2019-10-02 17:49:10,976 [dc00436c-138b-406c-8f35-4d0b5c3754bc@group-9CF56ACD23FC-LeaderElection9] INFO  server.RaftServerConfigKeys (ConfUtils.java:logGet(43)) - raft.server.watch.element-limit = 65536 (default)
2019-10-02 17:49:10,979 [dc00436c-138b-406c-8f35-4d0b5c3754bc@group-9CF56ACD23FC-LeaderElection9] INFO  server.RaftServerConfigKeys (ConfUtils.java:logGet(43)) - raft.server.log.appender.snapshot.chunk.size.max = 16MB (=16777216) (default)
2019-10-02 17:49:10,979 [dc00436c-138b-406c-8f35-4d0b5c3754bc@group-9CF56ACD23FC-LeaderElection9] INFO  server.RaftServerConfigKeys (ConfUtils.java:logGet(43)) - raft.server.log.appender.buffer.byte-limit = 33554432 (custom)
2019-10-02 17:49:10,979 [dc00436c-138b-406c-8f35-4d0b5c3754bc@group-9CF56ACD23FC-LeaderElection9] INFO  server.RaftServerConfigKeys (ConfUtils.java:logGet(43)) - raft.server.log.appender.buffer.element-limit = 1 (custom)
2019-10-02 17:49:10,980 [dc00436c-138b-406c-8f35-4d0b5c3754bc@group-9CF56ACD23FC-LeaderElection9] INFO  grpc.GrpcConfigKeys$Server (ConfUtils.java:logGet(43)) - raft.grpc.server.leader.outstanding.appends.max = 128 (default)
2019-10-02 17:49:10,982 [dc00436c-138b-406c-8f35-4d0b5c3754bc@group-9CF56ACD23FC-LeaderElection9] INFO  server.RaftServerConfigKeys (ConfUtils.java:logGet(43)) - raft.server.rpc.request.timeout = 3000ms (default)
2019-10-02 17:49:10,982 [dc00436c-138b-406c-8f35-4d0b5c3754bc@group-9CF56ACD23FC-LeaderElection9] INFO  server.RaftServerConfigKeys (ConfUtils.java:logGet(43)) - raft.server.log.appender.install.snapshot.enabled = false (custom)
2019-10-02 17:49:10,982 [dc00436c-138b-406c-8f35-4d0b5c3754bc@group-9CF56ACD23FC-LeaderElection9] INFO  server.RaftServerConfigKeys (ConfUtils.java:logGet(43)) - raft.server.log.appender.snapshot.chunk.size.max = 16MB (=16777216) (default)
2019-10-02 17:49:10,982 [dc00436c-138b-406c-8f35-4d0b5c3754bc@group-9CF56ACD23FC-LeaderElection9] INFO  server.RaftServerConfigKeys (ConfUtils.java:logGet(43)) - raft.server.log.appender.buffer.byte-limit = 33554432 (custom)
2019-10-02 17:49:10,983 [dc00436c-138b-406c-8f35-4d0b5c3754bc@group-9CF56ACD23FC-LeaderElection9] INFO  server.RaftServerConfigKeys (ConfUtils.java:logGet(43)) - raft.server.log.appender.buffer.element-limit = 1 (custom)
2019-10-02 17:49:10,983 [dc00436c-138b-406c-8f35-4d0b5c3754bc@group-9CF56ACD23FC-LeaderElection9] INFO  grpc.GrpcConfigKeys$Server (ConfUtils.java:logGet(43)) - raft.grpc.server.leader.outstanding.appends.max = 128 (default)
2019-10-02 17:49:10,983 [dc00436c-138b-406c-8f35-4d0b5c3754bc@group-9CF56ACD23FC-LeaderElection9] INFO  server.RaftServerConfigKeys (ConfUtils.java:logGet(43)) - raft.server.rpc.request.timeout = 3000ms (default)
2019-10-02 17:49:10,985 [dc00436c-138b-406c-8f35-4d0b5c3754bc@group-9CF56ACD23FC-LeaderElection9] INFO  server.RaftServerConfigKeys (ConfUtils.java:logGet(43)) - raft.server.log.appender.install.snapshot.enabled = false (custom)
2019-10-02 17:49:10,986 [dc00436c-138b-406c-8f35-4d0b5c3754bc@group-9CF56ACD23FC-LeaderElection9] INFO  impl.RoleInfo (RoleInfo.java:updateAndGet(143)) - dc00436c-138b-406c-8f35-4d0b5c3754bc: start LeaderState
2019-10-02 17:49:10,986 [dc00436c-138b-406c-8f35-4d0b5c3754bc@group-9CF56ACD23FC-LeaderElection9] INFO  segmented.SegmentedRaftLogWorker (SegmentedRaftLogWorker.java:startLogSegment(385)) - dc00436c-138b-406c-8f35-4d0b5c3754bc@group-9CF56ACD23FC-SegmentedRaftLogWorker: Starting segment from index:0
2019-10-02 17:49:10,990 [dc00436c-138b-406c-8f35-4d0b5c3754bc@group-9CF56ACD23FC-LeaderElection9] INFO  impl.RaftServerImpl (ServerState.java:setRaftConf(356)) - dc00436c-138b-406c-8f35-4d0b5c3754bc@group-9CF56ACD23FC: set configuration 0: [dc00436c-138b-406c-8f35-4d0b5c3754bc:192.168.151.72:35612, 8182f27e-27c9-4a2f-8b1e-959753d76c58:192.168.151.72:43142, cde4f2ee-ebe5-4cd0-b57a-bd620480943f:192.168.151.72:42212], old=null at 0
2019-10-02 17:49:11,028 [grpc-default-executor-0] INFO  impl.RaftServerImpl (ServerState.java:setLeader(255)) - 8182f27e-27c9-4a2f-8b1e-959753d76c58@group-9CF56ACD23FC: change Leader from null to dc00436c-138b-406c-8f35-4d0b5c3754bc at term 1 for appendEntries, leader elected after 5240ms
2019-10-02 17:49:11,029 [grpc-default-executor-2] INFO  impl.RaftServerImpl (ServerState.java:setLeader(255)) - cde4f2ee-ebe5-4cd0-b57a-bd620480943f@group-9CF56ACD23FC: change Leader from null to dc00436c-138b-406c-8f35-4d0b5c3754bc at term 1 for appendEntries, leader elected after 5242ms
2019-10-02 17:49:11,038 [dc00436c-138b-406c-8f35-4d0b5c3754bc@group-9CF56ACD23FC-SegmentedRaftLogWorker] INFO  segmented.SegmentedRaftLogWorker (SegmentedRaftLogWorker.java:execute(574)) - dc00436c-138b-406c-8f35-4d0b5c3754bc@group-9CF56ACD23FC-SegmentedRaftLogWorker: created new log segment /workdir/hadoop-ozone/integration-test/target/test-dir/MiniOzoneClusterImpl-d02e41fa-f6e1-4cca-b896-e100a645b5cc/datanode-5/data/ratis/ee817922-8597-44e3-9516-9cf56acd23fc/current/log_inprogress_0
2019-10-02 17:49:11,042 [grpc-default-executor-1] INFO  impl.RaftServerImpl (ServerState.java:setRaftConf(356)) - cde4f2ee-ebe5-4cd0-b57a-bd620480943f@group-9CF56ACD23FC: set configuration 0: [dc00436c-138b-406c-8f35-4d0b5c3754bc:192.168.151.72:35612, 8182f27e-27c9-4a2f-8b1e-959753d76c58:192.168.151.72:43142, cde4f2ee-ebe5-4cd0-b57a-bd620480943f:192.168.151.72:42212], old=null at 0
2019-10-02 17:49:11,042 [grpc-default-executor-3] INFO  impl.RaftServerImpl (ServerState.java:setRaftConf(356)) - 8182f27e-27c9-4a2f-8b1e-959753d76c58@group-9CF56ACD23FC: set configuration 0: [dc00436c-138b-406c-8f35-4d0b5c3754bc:192.168.151.72:35612, 8182f27e-27c9-4a2f-8b1e-959753d76c58:192.168.151.72:43142, cde4f2ee-ebe5-4cd0-b57a-bd620480943f:192.168.151.72:42212], old=null at 0
2019-10-02 17:49:11,042 [grpc-default-executor-0] INFO  impl.RaftServerImpl (ServerState.java:setRaftConf(356)) - c6bdf12a-094f-42bc-87c0-f082ef291ed8@group-E5FDCECD392C: set configuration 0: [c6bdf12a-094f-42bc-87c0-f082ef291ed8:192.168.151.72:33846, e7bd1734-ef6c-4cf8-b88c-8a1061e7af66:192.168.151.72:41308, 49c112d4-02f4-49c2-90bf-c7b46ec7b63a:192.168.151.72:42976], old=null at 0
2019-10-02 17:49:11,042 [grpc-default-executor-2] INFO  impl.RaftServerImpl (ServerState.java:setRaftConf(356)) - e7bd1734-ef6c-4cf8-b88c-8a1061e7af66@group-E5FDCECD392C: set configuration 0: [c6bdf12a-094f-42bc-87c0-f082ef291ed8:192.168.151.72:33846, e7bd1734-ef6c-4cf8-b88c-8a1061e7af66:192.168.151.72:41308, 49c112d4-02f4-49c2-90bf-c7b46ec7b63a:192.168.151.72:42976], old=null at 0
2019-10-02 17:49:11,043 [grpc-default-executor-0] INFO  segmented.SegmentedRaftLogWorker (SegmentedRaftLogWorker.java:startLogSegment(385)) - c6bdf12a-094f-42bc-87c0-f082ef291ed8@group-E5FDCECD392C-SegmentedRaftLogWorker: Starting segment from index:0
2019-10-02 17:49:11,043 [grpc-default-executor-3] INFO  segmented.SegmentedRaftLogWorker (SegmentedRaftLogWorker.java:startLogSegment(385)) - 8182f27e-27c9-4a2f-8b1e-959753d76c58@group-9CF56ACD23FC-SegmentedRaftLogWorker: Starting segment from index:0
2019-10-02 17:49:11,042 [grpc-default-executor-1] INFO  segmented.SegmentedRaftLogWorker (SegmentedRaftLogWorker.java:startLogSegment(385)) - cde4f2ee-ebe5-4cd0-b57a-bd620480943f@group-9CF56ACD23FC-SegmentedRaftLogWorker: Starting segment from index:0
2019-10-02 17:49:11,043 [grpc-default-executor-2] INFO  segmented.SegmentedRaftLogWorker (SegmentedRaftLogWorker.java:startLogSegment(385)) - e7bd1734-ef6c-4cf8-b88c-8a1061e7af66@group-E5FDCECD392C-SegmentedRaftLogWorker: Starting segment from index:0
2019-10-02 17:49:11,093 [c6bdf12a-094f-42bc-87c0-f082ef291ed8@group-E5FDCECD392C-SegmentedRaftLogWorker] INFO  segmented.SegmentedRaftLogWorker (SegmentedRaftLogWorker.java:execute(574)) - c6bdf12a-094f-42bc-87c0-f082ef291ed8@group-E5FDCECD392C-SegmentedRaftLogWorker: created new log segment /workdir/hadoop-ozone/integration-test/target/test-dir/MiniOzoneClusterImpl-d02e41fa-f6e1-4cca-b896-e100a645b5cc/datanode-2/data/ratis/7f052c33-4392-478d-bc27-e5fdcecd392c/current/log_inprogress_0
2019-10-02 17:49:11,093 [cde4f2ee-ebe5-4cd0-b57a-bd620480943f@group-9CF56ACD23FC-SegmentedRaftLogWorker] INFO  segmented.SegmentedRaftLogWorker (SegmentedRaftLogWorker.java:execute(574)) - cde4f2ee-ebe5-4cd0-b57a-bd620480943f@group-9CF56ACD23FC-SegmentedRaftLogWorker: created new log segment /workdir/hadoop-ozone/integration-test/target/test-dir/MiniOzoneClusterImpl-d02e41fa-f6e1-4cca-b896-e100a645b5cc/datanode-4/data/ratis/ee817922-8597-44e3-9516-9cf56acd23fc/current/log_inprogress_0
2019-10-02 17:49:11,093 [8182f27e-27c9-4a2f-8b1e-959753d76c58@group-9CF56ACD23FC-SegmentedRaftLogWorker] INFO  segmented.SegmentedRaftLogWorker (SegmentedRaftLogWorker.java:execute(574)) - 8182f27e-27c9-4a2f-8b1e-959753d76c58@group-9CF56ACD23FC-SegmentedRaftLogWorker: created new log segment /workdir/hadoop-ozone/integration-test/target/test-dir/MiniOzoneClusterImpl-d02e41fa-f6e1-4cca-b896-e100a645b5cc/datanode-1/data/ratis/ee817922-8597-44e3-9516-9cf56acd23fc/current/log_inprogress_0
2019-10-02 17:49:11,093 [e7bd1734-ef6c-4cf8-b88c-8a1061e7af66@group-E5FDCECD392C-SegmentedRaftLogWorker] INFO  segmented.SegmentedRaftLogWorker (SegmentedRaftLogWorker.java:execute(574)) - e7bd1734-ef6c-4cf8-b88c-8a1061e7af66@group-E5FDCECD392C-SegmentedRaftLogWorker: created new log segment /workdir/hadoop-ozone/integration-test/target/test-dir/MiniOzoneClusterImpl-d02e41fa-f6e1-4cca-b896-e100a645b5cc/datanode-6/data/ratis/7f052c33-4392-478d-bc27-e5fdcecd392c/current/log_inprogress_0
2019-10-02 17:49:11,429 [pool-76-thread-2] ERROR impl.ChunkManagerImpl (ChunkUtils.java:writeData(89)) - data array does not match the length specified. DataLen: 100 Byte Array: 246
2019-10-02 17:49:11,430 [pool-76-thread-2] INFO  keyvalue.KeyValueHandler (ContainerUtils.java:logAndReturnError(146)) - Operation: WriteChunk : Trace ID: 81299b538d758123:81299b538d758123:0:0 : Message: data array does not match the length specified. DataLen: 100 Byte Array: 246 : Result: INVALID_WRITE_SIZE
2019-10-02 17:49:11,461 [EventQueue-IncrementalContainerReportForIncrementalContainerReportHandler] WARN  container.IncrementalContainerReportHandler (AbstractContainerReportHandler.java:updateContainerState(143)) - Container #1 is in OPEN state, but the datanode dc00436c-138b-406c-8f35-4d0b5c3754bc{ip: 192.168.151.72, host: pr-trunk-fgz7f-2353921243, networkLocation: /default-rack, certSerialId: null} reports an UNHEALTHY replica.
17:49:11.471 [pool-76-thread-2] ERROR DNAudit - user=null | ip=null | op=WRITE_CHUNK {blockData=conID: 1 locID: 102894046141939712 bcsId: 0} | ret=FAILURE
java.lang.Exception: data array does not match the length specified. DataLen: 100 Byte Array: 246
	at org.apache.hadoop.ozone.container.common.impl.HddsDispatcher.dispatchRequest(HddsDispatcher.java:330) ~[hadoop-hdds-container-service-0.5.0-SNAPSHOT.jar:?]
	at org.apache.hadoop.ozone.container.common.impl.HddsDispatcher.dispatch(HddsDispatcher.java:150) ~[hadoop-hdds-container-service-0.5.0-SNAPSHOT.jar:?]
	at org.apache.hadoop.ozone.container.common.transport.server.ratis.ContainerStateMachine.dispatchCommand(ContainerStateMachine.java:411) ~[hadoop-hdds-container-service-0.5.0-SNAPSHOT.jar:?]
	at org.apache.hadoop.ozone.container.common.transport.server.ratis.ContainerStateMachine.runCommand(ContainerStateMachine.java:419) ~[hadoop-hdds-container-service-0.5.0-SNAPSHOT.jar:?]
	at org.apache.hadoop.ozone.container.common.transport.server.ratis.ContainerStateMachine.lambda$handleWriteChunk$1(ContainerStateMachine.java:454) ~[hadoop-hdds-container-service-0.5.0-SNAPSHOT.jar:?]
	at java.util.concurrent.CompletableFuture$AsyncSupply.run(CompletableFuture.java:1590) [?:1.8.0_212]
	at java.util.concurrent.ThreadPoolExecutor.runWorker(ThreadPoolExecutor.java:1149) [?:1.8.0_212]
	at java.util.concurrent.ThreadPoolExecutor$Worker.run(ThreadPoolExecutor.java:624) [?:1.8.0_212]
	at java.lang.Thread.run(Thread.java:748) [?:1.8.0_212]
2019-10-02 17:49:11,487 [pool-76-thread-2] ERROR ratis.ContainerStateMachine (ContainerStateMachine.java:lambda$handleWriteChunk$2(474)) - group-9CF56ACD23FC: writeChunk writeStateMachineData failed: blockIdcontainerID: 1
localID: 102894046141939712
blockCommitSequenceId: 0
 logIndex 1 chunkName 102894046141939712_chunk_1 Error message: data array does not match the length specified. DataLen: 100 Byte Array: 246 Container Result: INVALID_WRITE_SIZE
2019-10-02 17:49:11,499 [dc00436c-138b-406c-8f35-4d0b5c3754bc@group-9CF56ACD23FC-SegmentedRaftLogWorker] ERROR ratis.XceiverServerRatis (XceiverServerRatis.java:triggerPipelineClose(581)) - pipeline Action CLOSE  on pipeline PipelineID=ee817922-8597-44e3-9516-9cf56acd23fc.Reason : data array does not match the length specified. DataLen: 100 Byte Array: 246
2019-10-02 17:49:11,500 [dc00436c-138b-406c-8f35-4d0b5c3754bc@group-9CF56ACD23FC-SegmentedRaftLogWorker] ERROR ratis.XceiverServerRatis (XceiverServerRatis.java:triggerPipelineClose(581)) - pipeline Action CLOSE  on pipeline PipelineID=ee817922-8597-44e3-9516-9cf56acd23fc.Reason : Log already failed at index 1 for task WriteLog:1: (t:1, i:1), STATEMACHINELOGENTRY, client-5D75863E2763, cid=13
2019-10-02 17:49:11,506 [EventQueue-PipelineActionsForPipelineActionHandler] ERROR pipeline.PipelineActionHandler (PipelineActionHandler.java:onMessage(60)) - Received pipeline action CLOSE for Pipeline[ Id: ee817922-8597-44e3-9516-9cf56acd23fc, Nodes: cde4f2ee-ebe5-4cd0-b57a-bd620480943f{ip: 192.168.151.72, host: pr-trunk-fgz7f-2353921243, networkLocation: /default-rack, certSerialId: null}8182f27e-27c9-4a2f-8b1e-959753d76c58{ip: 192.168.151.72, host: pr-trunk-fgz7f-2353921243, networkLocation: /default-rack, certSerialId: null}dc00436c-138b-406c-8f35-4d0b5c3754bc{ip: 192.168.151.72, host: pr-trunk-fgz7f-2353921243, networkLocation: /default-rack, certSerialId: null}, Type:RATIS, Factor:THREE, State:OPEN] from datanode dc00436c-138b-406c-8f35-4d0b5c3754bc{ip: 192.168.151.72, host: pr-trunk-fgz7f-2353921243, networkLocation: /default-rack, certSerialId: null}. Reason : data array does not match the length specified. DataLen: 100 Byte Array: 246
2019-10-02 17:49:11,506 [EventQueue-CloseContainerForCloseContainerEventHandler] INFO  container.CloseContainerEventHandler (CloseContainerEventHandler.java:onMessage(61)) - Close container Event triggered for container : #1
2019-10-02 17:49:11,506 [EventQueue-PipelineActionsForPipelineActionHandler] INFO  pipeline.SCMPipelineManager (SCMPipelineManager.java:finalizeAndDestroyPipeline(315)) - destroying pipeline:Pipeline[ Id: ee817922-8597-44e3-9516-9cf56acd23fc, Nodes: cde4f2ee-ebe5-4cd0-b57a-bd620480943f{ip: 192.168.151.72, host: pr-trunk-fgz7f-2353921243, networkLocation: /default-rack, certSerialId: null}8182f27e-27c9-4a2f-8b1e-959753d76c58{ip: 192.168.151.72, host: pr-trunk-fgz7f-2353921243, networkLocation: /default-rack, certSerialId: null}dc00436c-138b-406c-8f35-4d0b5c3754bc{ip: 192.168.151.72, host: pr-trunk-fgz7f-2353921243, networkLocation: /default-rack, certSerialId: null}, Type:RATIS, Factor:THREE, State:OPEN]
2019-10-02 17:49:11,509 [EventQueue-PipelineActionsForPipelineActionHandler] INFO  pipeline.PipelineStateManager (PipelineStateManager.java:finalizePipeline(123)) - Pipeline Pipeline[ Id: ee817922-8597-44e3-9516-9cf56acd23fc, Nodes: cde4f2ee-ebe5-4cd0-b57a-bd620480943f{ip: 192.168.151.72, host: pr-trunk-fgz7f-2353921243, networkLocation: /default-rack, certSerialId: null}8182f27e-27c9-4a2f-8b1e-959753d76c58{ip: 192.168.151.72, host: pr-trunk-fgz7f-2353921243, networkLocation: /default-rack, certSerialId: null}dc00436c-138b-406c-8f35-4d0b5c3754bc{ip: 192.168.151.72, host: pr-trunk-fgz7f-2353921243, networkLocation: /default-rack, certSerialId: null}, Type:RATIS, Factor:THREE, State:CLOSED] moved to CLOSED state
2019-10-02 17:49:11,512 [EventQueue-CloseContainerForCloseContainerEventHandler] INFO  container.CloseContainerEventHandler (CloseContainerEventHandler.java:onMessage(61)) - Close container Event triggered for container : #1
2019-10-02 17:49:14,298 [java.util.concurrent.ThreadPoolExecutor$Worker@31d4768e[State = -1, empty queue]] ERROR client.GrpcClientProtocolClient (GrpcClientProtocolClient.java:close(148)) - Unexpected exception while waiting for channel termination
java.lang.InterruptedException
	at java.util.concurrent.locks.AbstractQueuedSynchronizer.tryAcquireSharedNanos(AbstractQueuedSynchronizer.java:1326)
	at java.util.concurrent.CountDownLatch.await(CountDownLatch.java:277)
	at org.apache.ratis.thirdparty.io.grpc.internal.ManagedChannelImpl.awaitTermination(ManagedChannelImpl.java:763)
	at org.apache.ratis.thirdparty.io.grpc.internal.ForwardingManagedChannel.awaitTermination(ForwardingManagedChannel.java:57)
	at org.apache.ratis.thirdparty.io.grpc.internal.ManagedChannelOrphanWrapper.awaitTermination(ManagedChannelOrphanWrapper.java:70)
	at org.apache.ratis.grpc.client.GrpcClientProtocolClient.close(GrpcClientProtocolClient.java:146)
	at org.apache.ratis.util.PeerProxyMap$PeerAndProxy.lambda$close$1(PeerProxyMap.java:74)
	at org.apache.ratis.util.LifeCycle.lambda$checkStateAndClose$2(LifeCycle.java:231)
	at org.apache.ratis.util.LifeCycle.checkStateAndClose(LifeCycle.java:251)
	at org.apache.ratis.util.LifeCycle.checkStateAndClose(LifeCycle.java:229)
	at org.apache.ratis.util.PeerProxyMap$PeerAndProxy.close(PeerProxyMap.java:70)
	at org.apache.ratis.util.PeerProxyMap.resetProxy(PeerProxyMap.java:127)
	at org.apache.ratis.util.PeerProxyMap.handleException(PeerProxyMap.java:136)
	at org.apache.ratis.client.impl.RaftClientRpcWithProxy.handleException(RaftClientRpcWithProxy.java:47)
	at org.apache.ratis.client.impl.RaftClientImpl.handleIOException(RaftClientImpl.java:372)
	at org.apache.ratis.client.impl.OrderedAsync.lambda$sendRequest$10(OrderedAsync.java:236)
	at java.util.concurrent.CompletableFuture.uniExceptionally(CompletableFuture.java:870)
	at java.util.concurrent.CompletableFuture$UniExceptionally.tryFire(CompletableFuture.java:852)
	at java.util.concurrent.CompletableFuture.postComplete(CompletableFuture.java:474)
	at java.util.concurrent.CompletableFuture.completeExceptionally(CompletableFuture.java:1977)
	at org.apache.ratis.grpc.client.GrpcClientProtocolClient$AsyncStreamObservers.lambda$timeoutCheck$3(GrpcClientProtocolClient.java:324)
	at java.util.Optional.ifPresent(Optional.java:159)
	at org.apache.ratis.grpc.client.GrpcClientProtocolClient$AsyncStreamObservers.handleReplyFuture(GrpcClientProtocolClient.java:329)
	at org.apache.ratis.grpc.client.GrpcClientProtocolClient$AsyncStreamObservers.timeoutCheck(GrpcClientProtocolClient.java:324)
	at org.apache.ratis.grpc.client.GrpcClientProtocolClient$AsyncStreamObservers.lambda$onNext$1(GrpcClientProtocolClient.java:318)
	at org.apache.ratis.util.TimeoutScheduler.lambda$onTimeout$0(TimeoutScheduler.java:113)
	at org.apache.ratis.util.TimeoutScheduler.lambda$onTimeout$1(TimeoutScheduler.java:133)
	at org.apache.ratis.util.LogUtils.runAndLog(LogUtils.java:50)
	at org.apache.ratis.util.LogUtils$1.run(LogUtils.java:91)
	at java.util.concurrent.Executors$RunnableAdapter.call(Executors.java:511)
	at java.util.concurrent.FutureTask.run(FutureTask.java:266)
	at java.util.concurrent.ScheduledThreadPoolExecutor$ScheduledFutureTask.access$201(ScheduledThreadPoolExecutor.java:180)
	at java.util.concurrent.ScheduledThreadPoolExecutor$ScheduledFutureTask.run(ScheduledThreadPoolExecutor.java:293)
	at java.util.concurrent.ThreadPoolExecutor.runWorker(ThreadPoolExecutor.java:1149)
	at java.util.concurrent.ThreadPoolExecutor$Worker.run(ThreadPoolExecutor.java:624)
	at java.lang.Thread.run(Thread.java:748)
2019-10-02 17:49:14,302 [java.util.concurrent.ThreadPoolExecutor$Worker@31d4768e[State = -1, empty queue]] WARN  util.TimeoutScheduler (LogUtils.java:runAndLog(55)) - Failed to task #0: java.lang.NullPointerException
2019-10-02 17:49:18,356 [java.util.concurrent.ThreadPoolExecutor$Worker@33823162[State = -1, empty queue]] ERROR client.GrpcClientProtocolClient (GrpcClientProtocolClient.java:close(148)) - Unexpected exception while waiting for channel termination
java.lang.InterruptedException
	at java.util.concurrent.locks.AbstractQueuedSynchronizer.tryAcquireSharedNanos(AbstractQueuedSynchronizer.java:1326)
	at java.util.concurrent.CountDownLatch.await(CountDownLatch.java:277)
	at org.apache.ratis.thirdparty.io.grpc.internal.ManagedChannelImpl.awaitTermination(ManagedChannelImpl.java:763)
	at org.apache.ratis.thirdparty.io.grpc.internal.ForwardingManagedChannel.awaitTermination(ForwardingManagedChannel.java:57)
	at org.apache.ratis.thirdparty.io.grpc.internal.ManagedChannelOrphanWrapper.awaitTermination(ManagedChannelOrphanWrapper.java:70)
	at org.apache.ratis.grpc.client.GrpcClientProtocolClient.close(GrpcClientProtocolClient.java:146)
	at org.apache.ratis.util.PeerProxyMap$PeerAndProxy.lambda$close$1(PeerProxyMap.java:74)
	at org.apache.ratis.util.LifeCycle.lambda$checkStateAndClose$2(LifeCycle.java:231)
	at org.apache.ratis.util.LifeCycle.checkStateAndClose(LifeCycle.java:251)
	at org.apache.ratis.util.LifeCycle.checkStateAndClose(LifeCycle.java:229)
	at org.apache.ratis.util.PeerProxyMap$PeerAndProxy.close(PeerProxyMap.java:70)
	at org.apache.ratis.util.PeerProxyMap.resetProxy(PeerProxyMap.java:127)
	at org.apache.ratis.util.PeerProxyMap.handleException(PeerProxyMap.java:136)
	at org.apache.ratis.client.impl.RaftClientRpcWithProxy.handleException(RaftClientRpcWithProxy.java:47)
	at org.apache.ratis.client.impl.RaftClientImpl.handleIOException(RaftClientImpl.java:372)
	at org.apache.ratis.client.impl.OrderedAsync.lambda$sendRequest$10(OrderedAsync.java:236)
	at java.util.concurrent.CompletableFuture.uniExceptionally(CompletableFuture.java:870)
	at java.util.concurrent.CompletableFuture$UniExceptionally.tryFire(CompletableFuture.java:852)
	at java.util.concurrent.CompletableFuture.postComplete(CompletableFuture.java:474)
	at java.util.concurrent.CompletableFuture.completeExceptionally(CompletableFuture.java:1977)
	at org.apache.ratis.grpc.client.GrpcClientProtocolClient$AsyncStreamObservers.lambda$timeoutCheck$3(GrpcClientProtocolClient.java:324)
	at java.util.Optional.ifPresent(Optional.java:159)
	at org.apache.ratis.grpc.client.GrpcClientProtocolClient$AsyncStreamObservers.handleReplyFuture(GrpcClientProtocolClient.java:329)
	at org.apache.ratis.grpc.client.GrpcClientProtocolClient$AsyncStreamObservers.timeoutCheck(GrpcClientProtocolClient.java:324)
	at org.apache.ratis.grpc.client.GrpcClientProtocolClient$AsyncStreamObservers.lambda$onNext$1(GrpcClientProtocolClient.java:318)
	at org.apache.ratis.util.TimeoutScheduler.lambda$onTimeout$0(TimeoutScheduler.java:113)
	at org.apache.ratis.util.TimeoutScheduler.lambda$onTimeout$1(TimeoutScheduler.java:133)
	at org.apache.ratis.util.LogUtils.runAndLog(LogUtils.java:50)
	at org.apache.ratis.util.LogUtils$1.run(LogUtils.java:91)
	at java.util.concurrent.Executors$RunnableAdapter.call(Executors.java:511)
	at java.util.concurrent.FutureTask.run(FutureTask.java:266)
	at java.util.concurrent.ScheduledThreadPoolExecutor$ScheduledFutureTask.access$201(ScheduledThreadPoolExecutor.java:180)
	at java.util.concurrent.ScheduledThreadPoolExecutor$ScheduledFutureTask.run(ScheduledThreadPoolExecutor.java:293)
	at java.util.concurrent.ThreadPoolExecutor.runWorker(ThreadPoolExecutor.java:1149)
	at java.util.concurrent.ThreadPoolExecutor$Worker.run(ThreadPoolExecutor.java:624)
	at java.lang.Thread.run(Thread.java:748)
2019-10-02 17:49:18,359 [java.util.concurrent.ThreadPoolExecutor$Worker@33823162[State = -1, empty queue]] WARN  util.TimeoutScheduler (LogUtils.java:runAndLog(55)) - Failed to task #0: java.lang.NullPointerException
2019-10-02 17:49:22,404 [java.util.concurrent.ThreadPoolExecutor$Worker@676c2ac6[State = -1, empty queue]] ERROR client.GrpcClientProtocolClient (GrpcClientProtocolClient.java:close(148)) - Unexpected exception while waiting for channel termination
java.lang.InterruptedException
	at java.util.concurrent.locks.AbstractQueuedSynchronizer.tryAcquireSharedNanos(AbstractQueuedSynchronizer.java:1326)
	at java.util.concurrent.CountDownLatch.await(CountDownLatch.java:277)
	at org.apache.ratis.thirdparty.io.grpc.internal.ManagedChannelImpl.awaitTermination(ManagedChannelImpl.java:763)
	at org.apache.ratis.thirdparty.io.grpc.internal.ForwardingManagedChannel.awaitTermination(ForwardingManagedChannel.java:57)
	at org.apache.ratis.thirdparty.io.grpc.internal.ManagedChannelOrphanWrapper.awaitTermination(ManagedChannelOrphanWrapper.java:70)
	at org.apache.ratis.grpc.client.GrpcClientProtocolClient.close(GrpcClientProtocolClient.java:146)
	at org.apache.ratis.util.PeerProxyMap$PeerAndProxy.lambda$close$1(PeerProxyMap.java:74)
	at org.apache.ratis.util.LifeCycle.lambda$checkStateAndClose$2(LifeCycle.java:231)
	at org.apache.ratis.util.LifeCycle.checkStateAndClose(LifeCycle.java:251)
	at org.apache.ratis.util.LifeCycle.checkStateAndClose(LifeCycle.java:229)
	at org.apache.ratis.util.PeerProxyMap$PeerAndProxy.close(PeerProxyMap.java:70)
	at org.apache.ratis.util.PeerProxyMap.resetProxy(PeerProxyMap.java:127)
	at org.apache.ratis.util.PeerProxyMap.handleException(PeerProxyMap.java:136)
	at org.apache.ratis.client.impl.RaftClientRpcWithProxy.handleException(RaftClientRpcWithProxy.java:47)
	at org.apache.ratis.client.impl.RaftClientImpl.handleIOException(RaftClientImpl.java:372)
	at org.apache.ratis.client.impl.OrderedAsync.lambda$sendRequest$10(OrderedAsync.java:236)
	at java.util.concurrent.CompletableFuture.uniExceptionally(CompletableFuture.java:870)
	at java.util.concurrent.CompletableFuture$UniExceptionally.tryFire(CompletableFuture.java:852)
	at java.util.concurrent.CompletableFuture.postComplete(CompletableFuture.java:474)
	at java.util.concurrent.CompletableFuture.completeExceptionally(CompletableFuture.java:1977)
	at org.apache.ratis.grpc.client.GrpcClientProtocolClient$AsyncStreamObservers.lambda$timeoutCheck$3(GrpcClientProtocolClient.java:324)
	at java.util.Optional.ifPresent(Optional.java:159)
	at org.apache.ratis.grpc.client.GrpcClientProtocolClient$AsyncStreamObservers.handleReplyFuture(GrpcClientProtocolClient.java:329)
	at org.apache.ratis.grpc.client.GrpcClientProtocolClient$AsyncStreamObservers.timeoutCheck(GrpcClientProtocolClient.java:324)
	at org.apache.ratis.grpc.client.GrpcClientProtocolClient$AsyncStreamObservers.lambda$onNext$1(GrpcClientProtocolClient.java:318)
	at org.apache.ratis.util.TimeoutScheduler.lambda$onTimeout$0(TimeoutScheduler.java:113)
	at org.apache.ratis.util.TimeoutScheduler.lambda$onTimeout$1(TimeoutScheduler.java:133)
	at org.apache.ratis.util.LogUtils.runAndLog(LogUtils.java:50)
	at org.apache.ratis.util.LogUtils$1.run(LogUtils.java:91)
	at java.util.concurrent.Executors$RunnableAdapter.call(Executors.java:511)
	at java.util.concurrent.FutureTask.run(FutureTask.java:266)
	at java.util.concurrent.ScheduledThreadPoolExecutor$ScheduledFutureTask.access$201(ScheduledThreadPoolExecutor.java:180)
	at java.util.concurrent.ScheduledThreadPoolExecutor$ScheduledFutureTask.run(ScheduledThreadPoolExecutor.java:293)
	at java.util.concurrent.ThreadPoolExecutor.runWorker(ThreadPoolExecutor.java:1149)
	at java.util.concurrent.ThreadPoolExecutor$Worker.run(ThreadPoolExecutor.java:624)
	at java.lang.Thread.run(Thread.java:748)
2019-10-02 17:49:22,405 [java.util.concurrent.ThreadPoolExecutor$Worker@676c2ac6[State = -1, empty queue]] WARN  util.TimeoutScheduler (LogUtils.java:runAndLog(55)) - Failed to task #0: java.lang.NullPointerException
2019-10-02 17:49:26,463 [java.util.concurrent.ThreadPoolExecutor$Worker@33e98023[State = -1, empty queue]] ERROR client.GrpcClientProtocolClient (GrpcClientProtocolClient.java:close(148)) - Unexpected exception while waiting for channel termination
java.lang.InterruptedException
	at java.util.concurrent.locks.AbstractQueuedSynchronizer.tryAcquireSharedNanos(AbstractQueuedSynchronizer.java:1326)
	at java.util.concurrent.CountDownLatch.await(CountDownLatch.java:277)
	at org.apache.ratis.thirdparty.io.grpc.internal.ManagedChannelImpl.awaitTermination(ManagedChannelImpl.java:763)
	at org.apache.ratis.thirdparty.io.grpc.internal.ForwardingManagedChannel.awaitTermination(ForwardingManagedChannel.java:57)
	at org.apache.ratis.thirdparty.io.grpc.internal.ManagedChannelOrphanWrapper.awaitTermination(ManagedChannelOrphanWrapper.java:70)
	at org.apache.ratis.grpc.client.GrpcClientProtocolClient.close(GrpcClientProtocolClient.java:146)
	at org.apache.ratis.util.PeerProxyMap$PeerAndProxy.lambda$close$1(PeerProxyMap.java:74)
	at org.apache.ratis.util.LifeCycle.lambda$checkStateAndClose$2(LifeCycle.java:231)
	at org.apache.ratis.util.LifeCycle.checkStateAndClose(LifeCycle.java:251)
	at org.apache.ratis.util.LifeCycle.checkStateAndClose(LifeCycle.java:229)
	at org.apache.ratis.util.PeerProxyMap$PeerAndProxy.close(PeerProxyMap.java:70)
	at org.apache.ratis.util.PeerProxyMap.resetProxy(PeerProxyMap.java:127)
	at org.apache.ratis.util.PeerProxyMap.handleException(PeerProxyMap.java:136)
	at org.apache.ratis.client.impl.RaftClientRpcWithProxy.handleException(RaftClientRpcWithProxy.java:47)
	at org.apache.ratis.client.impl.RaftClientImpl.handleIOException(RaftClientImpl.java:372)
	at org.apache.ratis.client.impl.OrderedAsync.lambda$sendRequest$10(OrderedAsync.java:236)
	at java.util.concurrent.CompletableFuture.uniExceptionally(CompletableFuture.java:870)
	at java.util.concurrent.CompletableFuture$UniExceptionally.tryFire(CompletableFuture.java:852)
	at java.util.concurrent.CompletableFuture.postComplete(CompletableFuture.java:474)
	at java.util.concurrent.CompletableFuture.completeExceptionally(CompletableFuture.java:1977)
	at org.apache.ratis.grpc.client.GrpcClientProtocolClient$AsyncStreamObservers.lambda$timeoutCheck$3(GrpcClientProtocolClient.java:324)
	at java.util.Optional.ifPresent(Optional.java:159)
	at org.apache.ratis.grpc.client.GrpcClientProtocolClient$AsyncStreamObservers.handleReplyFuture(GrpcClientProtocolClient.java:329)
	at org.apache.ratis.grpc.client.GrpcClientProtocolClient$AsyncStreamObservers.timeoutCheck(GrpcClientProtocolClient.java:324)
	at org.apache.ratis.grpc.client.GrpcClientProtocolClient$AsyncStreamObservers.lambda$onNext$1(GrpcClientProtocolClient.java:318)
	at org.apache.ratis.util.TimeoutScheduler.lambda$onTimeout$0(TimeoutScheduler.java:113)
	at org.apache.ratis.util.TimeoutScheduler.lambda$onTimeout$1(TimeoutScheduler.java:133)
	at org.apache.ratis.util.LogUtils.runAndLog(LogUtils.java:50)
	at org.apache.ratis.util.LogUtils$1.run(LogUtils.java:91)
	at java.util.concurrent.Executors$RunnableAdapter.call(Executors.java:511)
	at java.util.concurrent.FutureTask.run(FutureTask.java:266)
	at java.util.concurrent.ScheduledThreadPoolExecutor$ScheduledFutureTask.access$201(ScheduledThreadPoolExecutor.java:180)
	at java.util.concurrent.ScheduledThreadPoolExecutor$ScheduledFutureTask.run(ScheduledThreadPoolExecutor.java:293)
	at java.util.concurrent.ThreadPoolExecutor.runWorker(ThreadPoolExecutor.java:1149)
	at java.util.concurrent.ThreadPoolExecutor$Worker.run(ThreadPoolExecutor.java:624)
	at java.lang.Thread.run(Thread.java:748)
2019-10-02 17:49:26,468 [java.util.concurrent.ThreadPoolExecutor$Worker@33e98023[State = -1, empty queue]] WARN  util.TimeoutScheduler (LogUtils.java:runAndLog(55)) - Failed to task #0: java.lang.NullPointerException
2019-10-02 17:49:30,503 [java.util.concurrent.ThreadPoolExecutor$Worker@5ddbdc15[State = -1, empty queue]] ERROR client.GrpcClientProtocolClient (GrpcClientProtocolClient.java:close(148)) - Unexpected exception while waiting for channel termination
java.lang.InterruptedException
	at java.util.concurrent.locks.AbstractQueuedSynchronizer.tryAcquireSharedNanos(AbstractQueuedSynchronizer.java:1326)
	at java.util.concurrent.CountDownLatch.await(CountDownLatch.java:277)
	at org.apache.ratis.thirdparty.io.grpc.internal.ManagedChannelImpl.awaitTermination(ManagedChannelImpl.java:763)
	at org.apache.ratis.thirdparty.io.grpc.internal.ForwardingManagedChannel.awaitTermination(ForwardingManagedChannel.java:57)
	at org.apache.ratis.thirdparty.io.grpc.internal.ManagedChannelOrphanWrapper.awaitTermination(ManagedChannelOrphanWrapper.java:70)
	at org.apache.ratis.grpc.client.GrpcClientProtocolClient.close(GrpcClientProtocolClient.java:146)
	at org.apache.ratis.util.PeerProxyMap$PeerAndProxy.lambda$close$1(PeerProxyMap.java:74)
	at org.apache.ratis.util.LifeCycle.lambda$checkStateAndClose$2(LifeCycle.java:231)
	at org.apache.ratis.util.LifeCycle.checkStateAndClose(LifeCycle.java:251)
	at org.apache.ratis.util.LifeCycle.checkStateAndClose(LifeCycle.java:229)
	at org.apache.ratis.util.PeerProxyMap$PeerAndProxy.close(PeerProxyMap.java:70)
	at org.apache.ratis.util.PeerProxyMap.resetProxy(PeerProxyMap.java:127)
	at org.apache.ratis.util.PeerProxyMap.handleException(PeerProxyMap.java:136)
	at org.apache.ratis.client.impl.RaftClientRpcWithProxy.handleException(RaftClientRpcWithProxy.java:47)
	at org.apache.ratis.client.impl.RaftClientImpl.handleIOException(RaftClientImpl.java:372)
	at org.apache.ratis.client.impl.OrderedAsync.lambda$sendRequest$10(OrderedAsync.java:236)
	at java.util.concurrent.CompletableFuture.uniExceptionally(CompletableFuture.java:870)
	at java.util.concurrent.CompletableFuture$UniExceptionally.tryFire(CompletableFuture.java:852)
	at java.util.concurrent.CompletableFuture.postComplete(CompletableFuture.java:474)
	at java.util.concurrent.CompletableFuture.completeExceptionally(CompletableFuture.java:1977)
	at org.apache.ratis.grpc.client.GrpcClientProtocolClient$AsyncStreamObservers.lambda$timeoutCheck$3(GrpcClientProtocolClient.java:324)
	at java.util.Optional.ifPresent(Optional.java:159)
	at org.apache.ratis.grpc.client.GrpcClientProtocolClient$AsyncStreamObservers.handleReplyFuture(GrpcClientProtocolClient.java:329)
	at org.apache.ratis.grpc.client.GrpcClientProtocolClient$AsyncStreamObservers.timeoutCheck(GrpcClientProtocolClient.java:324)
	at org.apache.ratis.grpc.client.GrpcClientProtocolClient$AsyncStreamObservers.lambda$onNext$1(GrpcClientProtocolClient.java:318)
	at org.apache.ratis.util.TimeoutScheduler.lambda$onTimeout$0(TimeoutScheduler.java:113)
	at org.apache.ratis.util.TimeoutScheduler.lambda$onTimeout$1(TimeoutScheduler.java:133)
	at org.apache.ratis.util.LogUtils.runAndLog(LogUtils.java:50)
	at org.apache.ratis.util.LogUtils$1.run(LogUtils.java:91)
	at java.util.concurrent.Executors$RunnableAdapter.call(Executors.java:511)
	at java.util.concurrent.FutureTask.run(FutureTask.java:266)
	at java.util.concurrent.ScheduledThreadPoolExecutor$ScheduledFutureTask.access$201(ScheduledThreadPoolExecutor.java:180)
	at java.util.concurrent.ScheduledThreadPoolExecutor$ScheduledFutureTask.run(ScheduledThreadPoolExecutor.java:293)
	at java.util.concurrent.ThreadPoolExecutor.runWorker(ThreadPoolExecutor.java:1149)
	at java.util.concurrent.ThreadPoolExecutor$Worker.run(ThreadPoolExecutor.java:624)
	at java.lang.Thread.run(Thread.java:748)
2019-10-02 17:49:30,503 [java.util.concurrent.ThreadPoolExecutor$Worker@5ddbdc15[State = -1, empty queue]] WARN  util.TimeoutScheduler (LogUtils.java:runAndLog(55)) - Failed to task #0: java.lang.NullPointerException
2019-10-02 17:49:34,549 [java.util.concurrent.ThreadPoolExecutor$Worker@591dd4c6[State = -1, empty queue]] ERROR client.GrpcClientProtocolClient (GrpcClientProtocolClient.java:close(148)) - Unexpected exception while waiting for channel termination
java.lang.InterruptedException
	at java.util.concurrent.locks.AbstractQueuedSynchronizer.tryAcquireSharedNanos(AbstractQueuedSynchronizer.java:1326)
	at java.util.concurrent.CountDownLatch.await(CountDownLatch.java:277)
	at org.apache.ratis.thirdparty.io.grpc.internal.ManagedChannelImpl.awaitTermination(ManagedChannelImpl.java:763)
	at org.apache.ratis.thirdparty.io.grpc.internal.ForwardingManagedChannel.awaitTermination(ForwardingManagedChannel.java:57)
	at org.apache.ratis.thirdparty.io.grpc.internal.ManagedChannelOrphanWrapper.awaitTermination(ManagedChannelOrphanWrapper.java:70)
	at org.apache.ratis.grpc.client.GrpcClientProtocolClient.close(GrpcClientProtocolClient.java:146)
	at org.apache.ratis.util.PeerProxyMap$PeerAndProxy.lambda$close$1(PeerProxyMap.java:74)
	at org.apache.ratis.util.LifeCycle.lambda$checkStateAndClose$2(LifeCycle.java:231)
	at org.apache.ratis.util.LifeCycle.checkStateAndClose(LifeCycle.java:251)
	at org.apache.ratis.util.LifeCycle.checkStateAndClose(LifeCycle.java:229)
	at org.apache.ratis.util.PeerProxyMap$PeerAndProxy.close(PeerProxyMap.java:70)
	at org.apache.ratis.util.PeerProxyMap.resetProxy(PeerProxyMap.java:127)
	at org.apache.ratis.util.PeerProxyMap.handleException(PeerProxyMap.java:136)
	at org.apache.ratis.client.impl.RaftClientRpcWithProxy.handleException(RaftClientRpcWithProxy.java:47)
	at org.apache.ratis.client.impl.RaftClientImpl.handleIOException(RaftClientImpl.java:372)
	at org.apache.ratis.client.impl.OrderedAsync.lambda$sendRequest$10(OrderedAsync.java:236)
	at java.util.concurrent.CompletableFuture.uniExceptionally(CompletableFuture.java:870)
	at java.util.concurrent.CompletableFuture$UniExceptionally.tryFire(CompletableFuture.java:852)
	at java.util.concurrent.CompletableFuture.postComplete(CompletableFuture.java:474)
	at java.util.concurrent.CompletableFuture.completeExceptionally(CompletableFuture.java:1977)
	at org.apache.ratis.grpc.client.GrpcClientProtocolClient$AsyncStreamObservers.lambda$timeoutCheck$3(GrpcClientProtocolClient.java:324)
	at java.util.Optional.ifPresent(Optional.java:159)
	at org.apache.ratis.grpc.client.GrpcClientProtocolClient$AsyncStreamObservers.handleReplyFuture(GrpcClientProtocolClient.java:329)
	at org.apache.ratis.grpc.client.GrpcClientProtocolClient$AsyncStreamObservers.timeoutCheck(GrpcClientProtocolClient.java:324)
	at org.apache.ratis.grpc.client.GrpcClientProtocolClient$AsyncStreamObservers.lambda$onNext$1(GrpcClientProtocolClient.java:318)
	at org.apache.ratis.util.TimeoutScheduler.lambda$onTimeout$0(TimeoutScheduler.java:113)
	at org.apache.ratis.util.TimeoutScheduler.lambda$onTimeout$1(TimeoutScheduler.java:133)
	at org.apache.ratis.util.LogUtils.runAndLog(LogUtils.java:50)
	at org.apache.ratis.util.LogUtils$1.run(LogUtils.java:91)
	at java.util.concurrent.Executors$RunnableAdapter.call(Executors.java:511)
	at java.util.concurrent.FutureTask.run(FutureTask.java:266)
	at java.util.concurrent.ScheduledThreadPoolExecutor$ScheduledFutureTask.access$201(ScheduledThreadPoolExecutor.java:180)
	at java.util.concurrent.ScheduledThreadPoolExecutor$ScheduledFutureTask.run(ScheduledThreadPoolExecutor.java:293)
	at java.util.concurrent.ThreadPoolExecutor.runWorker(ThreadPoolExecutor.java:1149)
	at java.util.concurrent.ThreadPoolExecutor$Worker.run(ThreadPoolExecutor.java:624)
	at java.lang.Thread.run(Thread.java:748)
2019-10-02 17:49:34,552 [java.util.concurrent.ThreadPoolExecutor$Worker@591dd4c6[State = -1, empty queue]] WARN  util.TimeoutScheduler (LogUtils.java:runAndLog(55)) - Failed to task #0: java.lang.NullPointerException
2019-10-02 17:49:38,616 [java.util.concurrent.ThreadPoolExecutor$Worker@63aa0d5f[State = -1, empty queue]] ERROR client.GrpcClientProtocolClient (GrpcClientProtocolClient.java:close(148)) - Unexpected exception while waiting for channel termination
java.lang.InterruptedException
	at java.util.concurrent.locks.AbstractQueuedSynchronizer.tryAcquireSharedNanos(AbstractQueuedSynchronizer.java:1326)
	at java.util.concurrent.CountDownLatch.await(CountDownLatch.java:277)
	at org.apache.ratis.thirdparty.io.grpc.internal.ManagedChannelImpl.awaitTermination(ManagedChannelImpl.java:763)
	at org.apache.ratis.thirdparty.io.grpc.internal.ForwardingManagedChannel.awaitTermination(ForwardingManagedChannel.java:57)
	at org.apache.ratis.thirdparty.io.grpc.internal.ManagedChannelOrphanWrapper.awaitTermination(ManagedChannelOrphanWrapper.java:70)
	at org.apache.ratis.grpc.client.GrpcClientProtocolClient.close(GrpcClientProtocolClient.java:146)
	at org.apache.ratis.util.PeerProxyMap$PeerAndProxy.lambda$close$1(PeerProxyMap.java:74)
	at org.apache.ratis.util.LifeCycle.lambda$checkStateAndClose$2(LifeCycle.java:231)
	at org.apache.ratis.util.LifeCycle.checkStateAndClose(LifeCycle.java:251)
	at org.apache.ratis.util.LifeCycle.checkStateAndClose(LifeCycle.java:229)
	at org.apache.ratis.util.PeerProxyMap$PeerAndProxy.close(PeerProxyMap.java:70)
	at org.apache.ratis.util.PeerProxyMap.resetProxy(PeerProxyMap.java:127)
	at org.apache.ratis.util.PeerProxyMap.handleException(PeerProxyMap.java:136)
	at org.apache.ratis.client.impl.RaftClientRpcWithProxy.handleException(RaftClientRpcWithProxy.java:47)
	at org.apache.ratis.client.impl.RaftClientImpl.handleIOException(RaftClientImpl.java:372)
	at org.apache.ratis.client.impl.OrderedAsync.lambda$sendRequest$10(OrderedAsync.java:236)
	at java.util.concurrent.CompletableFuture.uniExceptionally(CompletableFuture.java:870)
	at java.util.concurrent.CompletableFuture$UniExceptionally.tryFire(CompletableFuture.java:852)
	at java.util.concurrent.CompletableFuture.postComplete(CompletableFuture.java:474)
	at java.util.concurrent.CompletableFuture.completeExceptionally(CompletableFuture.java:1977)
	at org.apache.ratis.grpc.client.GrpcClientProtocolClient$AsyncStreamObservers.lambda$timeoutCheck$3(GrpcClientProtocolClient.java:324)
	at java.util.Optional.ifPresent(Optional.java:159)
	at org.apache.ratis.grpc.client.GrpcClientProtocolClient$AsyncStreamObservers.handleReplyFuture(GrpcClientProtocolClient.java:329)
	at org.apache.ratis.grpc.client.GrpcClientProtocolClient$AsyncStreamObservers.timeoutCheck(GrpcClientProtocolClient.java:324)
	at org.apache.ratis.grpc.client.GrpcClientProtocolClient$AsyncStreamObservers.lambda$onNext$1(GrpcClientProtocolClient.java:318)
	at org.apache.ratis.util.TimeoutScheduler.lambda$onTimeout$0(TimeoutScheduler.java:113)
	at org.apache.ratis.util.TimeoutScheduler.lambda$onTimeout$1(TimeoutScheduler.java:133)
	at org.apache.ratis.util.LogUtils.runAndLog(LogUtils.java:50)
	at org.apache.ratis.util.LogUtils$1.run(LogUtils.java:91)
	at java.util.concurrent.Executors$RunnableAdapter.call(Executors.java:511)
	at java.util.concurrent.FutureTask.run(FutureTask.java:266)
	at java.util.concurrent.ScheduledThreadPoolExecutor$ScheduledFutureTask.access$201(ScheduledThreadPoolExecutor.java:180)
	at java.util.concurrent.ScheduledThreadPoolExecutor$ScheduledFutureTask.run(ScheduledThreadPoolExecutor.java:293)
	at java.util.concurrent.ThreadPoolExecutor.runWorker(ThreadPoolExecutor.java:1149)
	at java.util.concurrent.ThreadPoolExecutor$Worker.run(ThreadPoolExecutor.java:624)
	at java.lang.Thread.run(Thread.java:748)
2019-10-02 17:49:38,620 [java.util.concurrent.ThreadPoolExecutor$Worker@63aa0d5f[State = -1, empty queue]] WARN  util.TimeoutScheduler (LogUtils.java:runAndLog(55)) - Failed to task #0: java.lang.NullPointerException
2019-10-02 17:49:42,684 [java.util.concurrent.ThreadPoolExecutor$Worker@34188e7b[State = -1, empty queue]] ERROR client.GrpcClientProtocolClient (GrpcClientProtocolClient.java:close(148)) - Unexpected exception while waiting for channel termination
java.lang.InterruptedException
	at java.util.concurrent.locks.AbstractQueuedSynchronizer.tryAcquireSharedNanos(AbstractQueuedSynchronizer.java:1326)
	at java.util.concurrent.CountDownLatch.await(CountDownLatch.java:277)
	at org.apache.ratis.thirdparty.io.grpc.internal.ManagedChannelImpl.awaitTermination(ManagedChannelImpl.java:763)
	at org.apache.ratis.thirdparty.io.grpc.internal.ForwardingManagedChannel.awaitTermination(ForwardingManagedChannel.java:57)
	at org.apache.ratis.thirdparty.io.grpc.internal.ManagedChannelOrphanWrapper.awaitTermination(ManagedChannelOrphanWrapper.java:70)
	at org.apache.ratis.grpc.client.GrpcClientProtocolClient.close(GrpcClientProtocolClient.java:146)
	at org.apache.ratis.util.PeerProxyMap$PeerAndProxy.lambda$close$1(PeerProxyMap.java:74)
	at org.apache.ratis.util.LifeCycle.lambda$checkStateAndClose$2(LifeCycle.java:231)
	at org.apache.ratis.util.LifeCycle.checkStateAndClose(LifeCycle.java:251)
	at org.apache.ratis.util.LifeCycle.checkStateAndClose(LifeCycle.java:229)
	at org.apache.ratis.util.PeerProxyMap$PeerAndProxy.close(PeerProxyMap.java:70)
	at org.apache.ratis.util.PeerProxyMap.resetProxy(PeerProxyMap.java:127)
	at org.apache.ratis.util.PeerProxyMap.handleException(PeerProxyMap.java:136)
	at org.apache.ratis.client.impl.RaftClientRpcWithProxy.handleException(RaftClientRpcWithProxy.java:47)
	at org.apache.ratis.client.impl.RaftClientImpl.handleIOException(RaftClientImpl.java:372)
	at org.apache.ratis.client.impl.OrderedAsync.lambda$sendRequest$10(OrderedAsync.java:236)
	at java.util.concurrent.CompletableFuture.uniExceptionally(CompletableFuture.java:870)
	at java.util.concurrent.CompletableFuture$UniExceptionally.tryFire(CompletableFuture.java:852)
	at java.util.concurrent.CompletableFuture.postComplete(CompletableFuture.java:474)
	at java.util.concurrent.CompletableFuture.completeExceptionally(CompletableFuture.java:1977)
	at org.apache.ratis.grpc.client.GrpcClientProtocolClient$AsyncStreamObservers.lambda$timeoutCheck$3(GrpcClientProtocolClient.java:324)
	at java.util.Optional.ifPresent(Optional.java:159)
	at org.apache.ratis.grpc.client.GrpcClientProtocolClient$AsyncStreamObservers.handleReplyFuture(GrpcClientProtocolClient.java:329)
	at org.apache.ratis.grpc.client.GrpcClientProtocolClient$AsyncStreamObservers.timeoutCheck(GrpcClientProtocolClient.java:324)
	at org.apache.ratis.grpc.client.GrpcClientProtocolClient$AsyncStreamObservers.lambda$onNext$1(GrpcClientProtocolClient.java:318)
	at org.apache.ratis.util.TimeoutScheduler.lambda$onTimeout$0(TimeoutScheduler.java:113)
	at org.apache.ratis.util.TimeoutScheduler.lambda$onTimeout$1(TimeoutScheduler.java:133)
	at org.apache.ratis.util.LogUtils.runAndLog(LogUtils.java:50)
	at org.apache.ratis.util.LogUtils$1.run(LogUtils.java:91)
	at java.util.concurrent.Executors$RunnableAdapter.call(Executors.java:511)
	at java.util.concurrent.FutureTask.run(FutureTask.java:266)
	at java.util.concurrent.ScheduledThreadPoolExecutor$ScheduledFutureTask.access$201(ScheduledThreadPoolExecutor.java:180)
	at java.util.concurrent.ScheduledThreadPoolExecutor$ScheduledFutureTask.run(ScheduledThreadPoolExecutor.java:293)
	at java.util.concurrent.ThreadPoolExecutor.runWorker(ThreadPoolExecutor.java:1149)
	at java.util.concurrent.ThreadPoolExecutor$Worker.run(ThreadPoolExecutor.java:624)
	at java.lang.Thread.run(Thread.java:748)
2019-10-02 17:49:42,685 [java.util.concurrent.ThreadPoolExecutor$Worker@34188e7b[State = -1, empty queue]] WARN  util.TimeoutScheduler (LogUtils.java:runAndLog(55)) - Failed to task #0: java.lang.NullPointerException
2019-10-02 17:49:46,728 [java.util.concurrent.ThreadPoolExecutor$Worker@1524642c[State = -1, empty queue]] ERROR client.GrpcClientProtocolClient (GrpcClientProtocolClient.java:close(148)) - Unexpected exception while waiting for channel termination
java.lang.InterruptedException
	at java.util.concurrent.locks.AbstractQueuedSynchronizer.tryAcquireSharedNanos(AbstractQueuedSynchronizer.java:1326)
	at java.util.concurrent.CountDownLatch.await(CountDownLatch.java:277)
	at org.apache.ratis.thirdparty.io.grpc.internal.ManagedChannelImpl.awaitTermination(ManagedChannelImpl.java:763)
	at org.apache.ratis.thirdparty.io.grpc.internal.ForwardingManagedChannel.awaitTermination(ForwardingManagedChannel.java:57)
	at org.apache.ratis.thirdparty.io.grpc.internal.ManagedChannelOrphanWrapper.awaitTermination(ManagedChannelOrphanWrapper.java:70)
	at org.apache.ratis.grpc.client.GrpcClientProtocolClient.close(GrpcClientProtocolClient.java:146)
	at org.apache.ratis.util.PeerProxyMap$PeerAndProxy.lambda$close$1(PeerProxyMap.java:74)
	at org.apache.ratis.util.LifeCycle.lambda$checkStateAndClose$2(LifeCycle.java:231)
	at org.apache.ratis.util.LifeCycle.checkStateAndClose(LifeCycle.java:251)
	at org.apache.ratis.util.LifeCycle.checkStateAndClose(LifeCycle.java:229)
	at org.apache.ratis.util.PeerProxyMap$PeerAndProxy.close(PeerProxyMap.java:70)
	at org.apache.ratis.util.PeerProxyMap.resetProxy(PeerProxyMap.java:127)
	at org.apache.ratis.util.PeerProxyMap.handleException(PeerProxyMap.java:136)
	at org.apache.ratis.client.impl.RaftClientRpcWithProxy.handleException(RaftClientRpcWithProxy.java:47)
	at org.apache.ratis.client.impl.RaftClientImpl.handleIOException(RaftClientImpl.java:372)
	at org.apache.ratis.client.impl.OrderedAsync.lambda$sendRequest$10(OrderedAsync.java:236)
	at java.util.concurrent.CompletableFuture.uniExceptionally(CompletableFuture.java:870)
	at java.util.concurrent.CompletableFuture$UniExceptionally.tryFire(CompletableFuture.java:852)
	at java.util.concurrent.CompletableFuture.postComplete(CompletableFuture.java:474)
	at java.util.concurrent.CompletableFuture.completeExceptionally(CompletableFuture.java:1977)
	at org.apache.ratis.grpc.client.GrpcClientProtocolClient$AsyncStreamObservers.lambda$timeoutCheck$3(GrpcClientProtocolClient.java:324)
	at java.util.Optional.ifPresent(Optional.java:159)
	at org.apache.ratis.grpc.client.GrpcClientProtocolClient$AsyncStreamObservers.handleReplyFuture(GrpcClientProtocolClient.java:329)
	at org.apache.ratis.grpc.client.GrpcClientProtocolClient$AsyncStreamObservers.timeoutCheck(GrpcClientProtocolClient.java:324)
	at org.apache.ratis.grpc.client.GrpcClientProtocolClient$AsyncStreamObservers.lambda$onNext$1(GrpcClientProtocolClient.java:318)
	at org.apache.ratis.util.TimeoutScheduler.lambda$onTimeout$0(TimeoutScheduler.java:113)
	at org.apache.ratis.util.TimeoutScheduler.lambda$onTimeout$1(TimeoutScheduler.java:133)
	at org.apache.ratis.util.LogUtils.runAndLog(LogUtils.java:50)
	at org.apache.ratis.util.LogUtils$1.run(LogUtils.java:91)
	at java.util.concurrent.Executors$RunnableAdapter.call(Executors.java:511)
	at java.util.concurrent.FutureTask.run(FutureTask.java:266)
	at java.util.concurrent.ScheduledThreadPoolExecutor$ScheduledFutureTask.access$201(ScheduledThreadPoolExecutor.java:180)
	at java.util.concurrent.ScheduledThreadPoolExecutor$ScheduledFutureTask.run(ScheduledThreadPoolExecutor.java:293)
	at java.util.concurrent.ThreadPoolExecutor.runWorker(ThreadPoolExecutor.java:1149)
	at java.util.concurrent.ThreadPoolExecutor$Worker.run(ThreadPoolExecutor.java:624)
	at java.lang.Thread.run(Thread.java:748)
2019-10-02 17:49:46,731 [java.util.concurrent.ThreadPoolExecutor$Worker@1524642c[State = -1, empty queue]] WARN  util.TimeoutScheduler (LogUtils.java:runAndLog(55)) - Failed to task #0: java.lang.NullPointerException
2019-10-02 17:49:50,791 [java.util.concurrent.ThreadPoolExecutor$Worker@592f36a8[State = -1, empty queue]] ERROR client.GrpcClientProtocolClient (GrpcClientProtocolClient.java:close(148)) - Unexpected exception while waiting for channel termination
java.lang.InterruptedException
	at java.util.concurrent.locks.AbstractQueuedSynchronizer.tryAcquireSharedNanos(AbstractQueuedSynchronizer.java:1326)
	at java.util.concurrent.CountDownLatch.await(CountDownLatch.java:277)
	at org.apache.ratis.thirdparty.io.grpc.internal.ManagedChannelImpl.awaitTermination(ManagedChannelImpl.java:763)
	at org.apache.ratis.thirdparty.io.grpc.internal.ForwardingManagedChannel.awaitTermination(ForwardingManagedChannel.java:57)
	at org.apache.ratis.thirdparty.io.grpc.internal.ManagedChannelOrphanWrapper.awaitTermination(ManagedChannelOrphanWrapper.java:70)
	at org.apache.ratis.grpc.client.GrpcClientProtocolClient.close(GrpcClientProtocolClient.java:146)
	at org.apache.ratis.util.PeerProxyMap$PeerAndProxy.lambda$close$1(PeerProxyMap.java:74)
	at org.apache.ratis.util.LifeCycle.lambda$checkStateAndClose$2(LifeCycle.java:231)
	at org.apache.ratis.util.LifeCycle.checkStateAndClose(LifeCycle.java:251)
	at org.apache.ratis.util.LifeCycle.checkStateAndClose(LifeCycle.java:229)
	at org.apache.ratis.util.PeerProxyMap$PeerAndProxy.close(PeerProxyMap.java:70)
	at org.apache.ratis.util.PeerProxyMap.resetProxy(PeerProxyMap.java:127)
	at org.apache.ratis.util.PeerProxyMap.handleException(PeerProxyMap.java:136)
	at org.apache.ratis.client.impl.RaftClientRpcWithProxy.handleException(RaftClientRpcWithProxy.java:47)
	at org.apache.ratis.client.impl.RaftClientImpl.handleIOException(RaftClientImpl.java:372)
	at org.apache.ratis.client.impl.OrderedAsync.lambda$sendRequest$10(OrderedAsync.java:236)
	at java.util.concurrent.CompletableFuture.uniExceptionally(CompletableFuture.java:870)
	at java.util.concurrent.CompletableFuture$UniExceptionally.tryFire(CompletableFuture.java:852)
	at java.util.concurrent.CompletableFuture.postComplete(CompletableFuture.java:474)
	at java.util.concurrent.CompletableFuture.completeExceptionally(CompletableFuture.java:1977)
	at org.apache.ratis.grpc.client.GrpcClientProtocolClient$AsyncStreamObservers.lambda$timeoutCheck$3(GrpcClientProtocolClient.java:324)
	at java.util.Optional.ifPresent(Optional.java:159)
	at org.apache.ratis.grpc.client.GrpcClientProtocolClient$AsyncStreamObservers.handleReplyFuture(GrpcClientProtocolClient.java:329)
	at org.apache.ratis.grpc.client.GrpcClientProtocolClient$AsyncStreamObservers.timeoutCheck(GrpcClientProtocolClient.java:324)
	at org.apache.ratis.grpc.client.GrpcClientProtocolClient$AsyncStreamObservers.lambda$onNext$1(GrpcClientProtocolClient.java:318)
	at org.apache.ratis.util.TimeoutScheduler.lambda$onTimeout$0(TimeoutScheduler.java:113)
	at org.apache.ratis.util.TimeoutScheduler.lambda$onTimeout$1(TimeoutScheduler.java:133)
	at org.apache.ratis.util.LogUtils.runAndLog(LogUtils.java:50)
	at org.apache.ratis.util.LogUtils$1.run(LogUtils.java:91)
	at java.util.concurrent.Executors$RunnableAdapter.call(Executors.java:511)
	at java.util.concurrent.FutureTask.run(FutureTask.java:266)
	at java.util.concurrent.ScheduledThreadPoolExecutor$ScheduledFutureTask.access$201(ScheduledThreadPoolExecutor.java:180)
	at java.util.concurrent.ScheduledThreadPoolExecutor$ScheduledFutureTask.run(ScheduledThreadPoolExecutor.java:293)
	at java.util.concurrent.ThreadPoolExecutor.runWorker(ThreadPoolExecutor.java:1149)
	at java.util.concurrent.ThreadPoolExecutor$Worker.run(ThreadPoolExecutor.java:624)
	at java.lang.Thread.run(Thread.java:748)
2019-10-02 17:49:50,794 [java.util.concurrent.ThreadPoolExecutor$Worker@592f36a8[State = -1, empty queue]] WARN  util.TimeoutScheduler (LogUtils.java:runAndLog(55)) - Failed to task #0: java.lang.NullPointerException
2019-10-02 17:49:54,849 [java.util.concurrent.ThreadPoolExecutor$Worker@1339494c[State = -1, empty queue]] ERROR client.GrpcClientProtocolClient (GrpcClientProtocolClient.java:close(148)) - Unexpected exception while waiting for channel termination
java.lang.InterruptedException
	at java.util.concurrent.locks.AbstractQueuedSynchronizer.tryAcquireSharedNanos(AbstractQueuedSynchronizer.java:1326)
	at java.util.concurrent.CountDownLatch.await(CountDownLatch.java:277)
	at org.apache.ratis.thirdparty.io.grpc.internal.ManagedChannelImpl.awaitTermination(ManagedChannelImpl.java:763)
	at org.apache.ratis.thirdparty.io.grpc.internal.ForwardingManagedChannel.awaitTermination(ForwardingManagedChannel.java:57)
	at org.apache.ratis.thirdparty.io.grpc.internal.ManagedChannelOrphanWrapper.awaitTermination(ManagedChannelOrphanWrapper.java:70)
	at org.apache.ratis.grpc.client.GrpcClientProtocolClient.close(GrpcClientProtocolClient.java:146)
	at org.apache.ratis.util.PeerProxyMap$PeerAndProxy.lambda$close$1(PeerProxyMap.java:74)
	at org.apache.ratis.util.LifeCycle.lambda$checkStateAndClose$2(LifeCycle.java:231)
	at org.apache.ratis.util.LifeCycle.checkStateAndClose(LifeCycle.java:251)
	at org.apache.ratis.util.LifeCycle.checkStateAndClose(LifeCycle.java:229)
	at org.apache.ratis.util.PeerProxyMap$PeerAndProxy.close(PeerProxyMap.java:70)
	at org.apache.ratis.util.PeerProxyMap.resetProxy(PeerProxyMap.java:127)
	at org.apache.ratis.util.PeerProxyMap.handleException(PeerProxyMap.java:136)
	at org.apache.ratis.client.impl.RaftClientRpcWithProxy.handleException(RaftClientRpcWithProxy.java:47)
	at org.apache.ratis.client.impl.RaftClientImpl.handleIOException(RaftClientImpl.java:372)
	at org.apache.ratis.client.impl.OrderedAsync.lambda$sendRequest$10(OrderedAsync.java:236)
	at java.util.concurrent.CompletableFuture.uniExceptionally(CompletableFuture.java:870)
	at java.util.concurrent.CompletableFuture$UniExceptionally.tryFire(CompletableFuture.java:852)
	at java.util.concurrent.CompletableFuture.postComplete(CompletableFuture.java:474)
	at java.util.concurrent.CompletableFuture.completeExceptionally(CompletableFuture.java:1977)
	at org.apache.ratis.grpc.client.GrpcClientProtocolClient$AsyncStreamObservers.lambda$timeoutCheck$3(GrpcClientProtocolClient.java:324)
	at java.util.Optional.ifPresent(Optional.java:159)
	at org.apache.ratis.grpc.client.GrpcClientProtocolClient$AsyncStreamObservers.handleReplyFuture(GrpcClientProtocolClient.java:329)
	at org.apache.ratis.grpc.client.GrpcClientProtocolClient$AsyncStreamObservers.timeoutCheck(GrpcClientProtocolClient.java:324)
	at org.apache.ratis.grpc.client.GrpcClientProtocolClient$AsyncStreamObservers.lambda$onNext$1(GrpcClientProtocolClient.java:318)
	at org.apache.ratis.util.TimeoutScheduler.lambda$onTimeout$0(TimeoutScheduler.java:113)
	at org.apache.ratis.util.TimeoutScheduler.lambda$onTimeout$1(TimeoutScheduler.java:133)
	at org.apache.ratis.util.LogUtils.runAndLog(LogUtils.java:50)
	at org.apache.ratis.util.LogUtils$1.run(LogUtils.java:91)
	at java.util.concurrent.Executors$RunnableAdapter.call(Executors.java:511)
	at java.util.concurrent.FutureTask.run(FutureTask.java:266)
	at java.util.concurrent.ScheduledThreadPoolExecutor$ScheduledFutureTask.access$201(ScheduledThreadPoolExecutor.java:180)
	at java.util.concurrent.ScheduledThreadPoolExecutor$ScheduledFutureTask.run(ScheduledThreadPoolExecutor.java:293)
	at java.util.concurrent.ThreadPoolExecutor.runWorker(ThreadPoolExecutor.java:1149)
	at java.util.concurrent.ThreadPoolExecutor$Worker.run(ThreadPoolExecutor.java:624)
	at java.lang.Thread.run(Thread.java:748)
2019-10-02 17:49:54,851 [java.util.concurrent.ThreadPoolExecutor$Worker@1339494c[State = -1, empty queue]] WARN  util.TimeoutScheduler (LogUtils.java:runAndLog(55)) - Failed to task #0: java.lang.NullPointerException
2019-10-02 17:49:58,904 [java.util.concurrent.ThreadPoolExecutor$Worker@7a56ccd2[State = -1, empty queue]] ERROR client.GrpcClientProtocolClient (GrpcClientProtocolClient.java:close(148)) - Unexpected exception while waiting for channel termination
java.lang.InterruptedException
	at java.util.concurrent.locks.AbstractQueuedSynchronizer.tryAcquireSharedNanos(AbstractQueuedSynchronizer.java:1326)
	at java.util.concurrent.CountDownLatch.await(CountDownLatch.java:277)
	at org.apache.ratis.thirdparty.io.grpc.internal.ManagedChannelImpl.awaitTermination(ManagedChannelImpl.java:763)
	at org.apache.ratis.thirdparty.io.grpc.internal.ForwardingManagedChannel.awaitTermination(ForwardingManagedChannel.java:57)
	at org.apache.ratis.thirdparty.io.grpc.internal.ManagedChannelOrphanWrapper.awaitTermination(ManagedChannelOrphanWrapper.java:70)
	at org.apache.ratis.grpc.client.GrpcClientProtocolClient.close(GrpcClientProtocolClient.java:146)
	at org.apache.ratis.util.PeerProxyMap$PeerAndProxy.lambda$close$1(PeerProxyMap.java:74)
	at org.apache.ratis.util.LifeCycle.lambda$checkStateAndClose$2(LifeCycle.java:231)
	at org.apache.ratis.util.LifeCycle.checkStateAndClose(LifeCycle.java:251)
	at org.apache.ratis.util.LifeCycle.checkStateAndClose(LifeCycle.java:229)
	at org.apache.ratis.util.PeerProxyMap$PeerAndProxy.close(PeerProxyMap.java:70)
	at org.apache.ratis.util.PeerProxyMap.resetProxy(PeerProxyMap.java:127)
	at org.apache.ratis.util.PeerProxyMap.handleException(PeerProxyMap.java:136)
	at org.apache.ratis.client.impl.RaftClientRpcWithProxy.handleException(RaftClientRpcWithProxy.java:47)
	at org.apache.ratis.client.impl.RaftClientImpl.handleIOException(RaftClientImpl.java:372)
	at org.apache.ratis.client.impl.OrderedAsync.lambda$sendRequest$10(OrderedAsync.java:236)
	at java.util.concurrent.CompletableFuture.uniExceptionally(CompletableFuture.java:870)
	at java.util.concurrent.CompletableFuture$UniExceptionally.tryFire(CompletableFuture.java:852)
	at java.util.concurrent.CompletableFuture.postComplete(CompletableFuture.java:474)
	at java.util.concurrent.CompletableFuture.completeExceptionally(CompletableFuture.java:1977)
	at org.apache.ratis.grpc.client.GrpcClientProtocolClient$AsyncStreamObservers.lambda$timeoutCheck$3(GrpcClientProtocolClient.java:324)
	at java.util.Optional.ifPresent(Optional.java:159)
	at org.apache.ratis.grpc.client.GrpcClientProtocolClient$AsyncStreamObservers.handleReplyFuture(GrpcClientProtocolClient.java:329)
	at org.apache.ratis.grpc.client.GrpcClientProtocolClient$AsyncStreamObservers.timeoutCheck(GrpcClientProtocolClient.java:324)
	at org.apache.ratis.grpc.client.GrpcClientProtocolClient$AsyncStreamObservers.lambda$onNext$1(GrpcClientProtocolClient.java:318)
	at org.apache.ratis.util.TimeoutScheduler.lambda$onTimeout$0(TimeoutScheduler.java:113)
	at org.apache.ratis.util.TimeoutScheduler.lambda$onTimeout$1(TimeoutScheduler.java:133)
	at org.apache.ratis.util.LogUtils.runAndLog(LogUtils.java:50)
	at org.apache.ratis.util.LogUtils$1.run(LogUtils.java:91)
	at java.util.concurrent.Executors$RunnableAdapter.call(Executors.java:511)
	at java.util.concurrent.FutureTask.run(FutureTask.java:266)
	at java.util.concurrent.ScheduledThreadPoolExecutor$ScheduledFutureTask.access$201(ScheduledThreadPoolExecutor.java:180)
	at java.util.concurrent.ScheduledThreadPoolExecutor$ScheduledFutureTask.run(ScheduledThreadPoolExecutor.java:293)
	at java.util.concurrent.ThreadPoolExecutor.runWorker(ThreadPoolExecutor.java:1149)
	at java.util.concurrent.ThreadPoolExecutor$Worker.run(ThreadPoolExecutor.java:624)
	at java.lang.Thread.run(Thread.java:748)
2019-10-02 17:49:58,914 [java.util.concurrent.ThreadPoolExecutor$Worker@7a56ccd2[State = -1, empty queue]] WARN  util.TimeoutScheduler (LogUtils.java:runAndLog(55)) - Failed to task #0: java.lang.NullPointerException
2019-10-02 17:50:02,956 [java.util.concurrent.ThreadPoolExecutor$Worker@2e337793[State = -1, empty queue]] ERROR client.GrpcClientProtocolClient (GrpcClientProtocolClient.java:close(148)) - Unexpected exception while waiting for channel termination
java.lang.InterruptedException
	at java.util.concurrent.locks.AbstractQueuedSynchronizer.tryAcquireSharedNanos(AbstractQueuedSynchronizer.java:1326)
	at java.util.concurrent.CountDownLatch.await(CountDownLatch.java:277)
	at org.apache.ratis.thirdparty.io.grpc.internal.ManagedChannelImpl.awaitTermination(ManagedChannelImpl.java:763)
	at org.apache.ratis.thirdparty.io.grpc.internal.ForwardingManagedChannel.awaitTermination(ForwardingManagedChannel.java:57)
	at org.apache.ratis.thirdparty.io.grpc.internal.ManagedChannelOrphanWrapper.awaitTermination(ManagedChannelOrphanWrapper.java:70)
	at org.apache.ratis.grpc.client.GrpcClientProtocolClient.close(GrpcClientProtocolClient.java:146)
	at org.apache.ratis.util.PeerProxyMap$PeerAndProxy.lambda$close$1(PeerProxyMap.java:74)
	at org.apache.ratis.util.LifeCycle.lambda$checkStateAndClose$2(LifeCycle.java:231)
	at org.apache.ratis.util.LifeCycle.checkStateAndClose(LifeCycle.java:251)
	at org.apache.ratis.util.LifeCycle.checkStateAndClose(LifeCycle.java:229)
	at org.apache.ratis.util.PeerProxyMap$PeerAndProxy.close(PeerProxyMap.java:70)
	at org.apache.ratis.util.PeerProxyMap.resetProxy(PeerProxyMap.java:127)
	at org.apache.ratis.util.PeerProxyMap.handleException(PeerProxyMap.java:136)
	at org.apache.ratis.client.impl.RaftClientRpcWithProxy.handleException(RaftClientRpcWithProxy.java:47)
	at org.apache.ratis.client.impl.RaftClientImpl.handleIOException(RaftClientImpl.java:372)
	at org.apache.ratis.client.impl.OrderedAsync.lambda$sendRequest$10(OrderedAsync.java:236)
	at java.util.concurrent.CompletableFuture.uniExceptionally(CompletableFuture.java:870)
	at java.util.concurrent.CompletableFuture$UniExceptionally.tryFire(CompletableFuture.java:852)
	at java.util.concurrent.CompletableFuture.postComplete(CompletableFuture.java:474)
	at java.util.concurrent.CompletableFuture.completeExceptionally(CompletableFuture.java:1977)
	at org.apache.ratis.grpc.client.GrpcClientProtocolClient$AsyncStreamObservers.lambda$timeoutCheck$3(GrpcClientProtocolClient.java:324)
	at java.util.Optional.ifPresent(Optional.java:159)
	at org.apache.ratis.grpc.client.GrpcClientProtocolClient$AsyncStreamObservers.handleReplyFuture(GrpcClientProtocolClient.java:329)
	at org.apache.ratis.grpc.client.GrpcClientProtocolClient$AsyncStreamObservers.timeoutCheck(GrpcClientProtocolClient.java:324)
	at org.apache.ratis.grpc.client.GrpcClientProtocolClient$AsyncStreamObservers.lambda$onNext$1(GrpcClientProtocolClient.java:318)
	at org.apache.ratis.util.TimeoutScheduler.lambda$onTimeout$0(TimeoutScheduler.java:113)
	at org.apache.ratis.util.TimeoutScheduler.lambda$onTimeout$1(TimeoutScheduler.java:133)
	at org.apache.ratis.util.LogUtils.runAndLog(LogUtils.java:50)
	at org.apache.ratis.util.LogUtils$1.run(LogUtils.java:91)
	at java.util.concurrent.Executors$RunnableAdapter.call(Executors.java:511)
	at java.util.concurrent.FutureTask.run(FutureTask.java:266)
	at java.util.concurrent.ScheduledThreadPoolExecutor$ScheduledFutureTask.access$201(ScheduledThreadPoolExecutor.java:180)
	at java.util.concurrent.ScheduledThreadPoolExecutor$ScheduledFutureTask.run(ScheduledThreadPoolExecutor.java:293)
	at java.util.concurrent.ThreadPoolExecutor.runWorker(ThreadPoolExecutor.java:1149)
	at java.util.concurrent.ThreadPoolExecutor$Worker.run(ThreadPoolExecutor.java:624)
	at java.lang.Thread.run(Thread.java:748)
2019-10-02 17:50:02,959 [java.util.concurrent.ThreadPoolExecutor$Worker@2e337793[State = -1, empty queue]] WARN  util.TimeoutScheduler (LogUtils.java:runAndLog(55)) - Failed to task #0: java.lang.NullPointerException
2019-10-02 17:50:07,004 [java.util.concurrent.ThreadPoolExecutor$Worker@61f0f02e[State = -1, empty queue]] ERROR client.GrpcClientProtocolClient (GrpcClientProtocolClient.java:close(148)) - Unexpected exception while waiting for channel termination
java.lang.InterruptedException
	at java.util.concurrent.locks.AbstractQueuedSynchronizer.tryAcquireSharedNanos(AbstractQueuedSynchronizer.java:1326)
	at java.util.concurrent.CountDownLatch.await(CountDownLatch.java:277)
	at org.apache.ratis.thirdparty.io.grpc.internal.ManagedChannelImpl.awaitTermination(ManagedChannelImpl.java:763)
	at org.apache.ratis.thirdparty.io.grpc.internal.ForwardingManagedChannel.awaitTermination(ForwardingManagedChannel.java:57)
	at org.apache.ratis.thirdparty.io.grpc.internal.ManagedChannelOrphanWrapper.awaitTermination(ManagedChannelOrphanWrapper.java:70)
	at org.apache.ratis.grpc.client.GrpcClientProtocolClient.close(GrpcClientProtocolClient.java:146)
	at org.apache.ratis.util.PeerProxyMap$PeerAndProxy.lambda$close$1(PeerProxyMap.java:74)
	at org.apache.ratis.util.LifeCycle.lambda$checkStateAndClose$2(LifeCycle.java:231)
	at org.apache.ratis.util.LifeCycle.checkStateAndClose(LifeCycle.java:251)
	at org.apache.ratis.util.LifeCycle.checkStateAndClose(LifeCycle.java:229)
	at org.apache.ratis.util.PeerProxyMap$PeerAndProxy.close(PeerProxyMap.java:70)
	at org.apache.ratis.util.PeerProxyMap.resetProxy(PeerProxyMap.java:127)
	at org.apache.ratis.util.PeerProxyMap.handleException(PeerProxyMap.java:136)
	at org.apache.ratis.client.impl.RaftClientRpcWithProxy.handleException(RaftClientRpcWithProxy.java:47)
	at org.apache.ratis.client.impl.RaftClientImpl.handleIOException(RaftClientImpl.java:372)
	at org.apache.ratis.client.impl.OrderedAsync.lambda$sendRequest$10(OrderedAsync.java:236)
	at java.util.concurrent.CompletableFuture.uniExceptionally(CompletableFuture.java:870)
	at java.util.concurrent.CompletableFuture$UniExceptionally.tryFire(CompletableFuture.java:852)
	at java.util.concurrent.CompletableFuture.postComplete(CompletableFuture.java:474)
	at java.util.concurrent.CompletableFuture.completeExceptionally(CompletableFuture.java:1977)
	at org.apache.ratis.grpc.client.GrpcClientProtocolClient$AsyncStreamObservers.lambda$timeoutCheck$3(GrpcClientProtocolClient.java:324)
	at java.util.Optional.ifPresent(Optional.java:159)
	at org.apache.ratis.grpc.client.GrpcClientProtocolClient$AsyncStreamObservers.handleReplyFuture(GrpcClientProtocolClient.java:329)
	at org.apache.ratis.grpc.client.GrpcClientProtocolClient$AsyncStreamObservers.timeoutCheck(GrpcClientProtocolClient.java:324)
	at org.apache.ratis.grpc.client.GrpcClientProtocolClient$AsyncStreamObservers.lambda$onNext$1(GrpcClientProtocolClient.java:318)
	at org.apache.ratis.util.TimeoutScheduler.lambda$onTimeout$0(TimeoutScheduler.java:113)
	at org.apache.ratis.util.TimeoutScheduler.lambda$onTimeout$1(TimeoutScheduler.java:133)
	at org.apache.ratis.util.LogUtils.runAndLog(LogUtils.java:50)
	at org.apache.ratis.util.LogUtils$1.run(LogUtils.java:91)
	at java.util.concurrent.Executors$RunnableAdapter.call(Executors.java:511)
	at java.util.concurrent.FutureTask.run(FutureTask.java:266)
	at java.util.concurrent.ScheduledThreadPoolExecutor$ScheduledFutureTask.access$201(ScheduledThreadPoolExecutor.java:180)
	at java.util.concurrent.ScheduledThreadPoolExecutor$ScheduledFutureTask.run(ScheduledThreadPoolExecutor.java:293)
	at java.util.concurrent.ThreadPoolExecutor.runWorker(ThreadPoolExecutor.java:1149)
	at java.util.concurrent.ThreadPoolExecutor$Worker.run(ThreadPoolExecutor.java:624)
	at java.lang.Thread.run(Thread.java:748)
2019-10-02 17:50:07,005 [java.util.concurrent.ThreadPoolExecutor$Worker@61f0f02e[State = -1, empty queue]] WARN  util.TimeoutScheduler (LogUtils.java:runAndLog(55)) - Failed to task #0: java.lang.NullPointerException
2019-10-02 17:50:11,061 [java.util.concurrent.ThreadPoolExecutor$Worker@211ebf9b[State = -1, empty queue]] ERROR client.GrpcClientProtocolClient (GrpcClientProtocolClient.java:close(148)) - Unexpected exception while waiting for channel termination
java.lang.InterruptedException
	at java.util.concurrent.locks.AbstractQueuedSynchronizer.tryAcquireSharedNanos(AbstractQueuedSynchronizer.java:1326)
	at java.util.concurrent.CountDownLatch.await(CountDownLatch.java:277)
	at org.apache.ratis.thirdparty.io.grpc.internal.ManagedChannelImpl.awaitTermination(ManagedChannelImpl.java:763)
	at org.apache.ratis.thirdparty.io.grpc.internal.ForwardingManagedChannel.awaitTermination(ForwardingManagedChannel.java:57)
	at org.apache.ratis.thirdparty.io.grpc.internal.ManagedChannelOrphanWrapper.awaitTermination(ManagedChannelOrphanWrapper.java:70)
	at org.apache.ratis.grpc.client.GrpcClientProtocolClient.close(GrpcClientProtocolClient.java:146)
	at org.apache.ratis.util.PeerProxyMap$PeerAndProxy.lambda$close$1(PeerProxyMap.java:74)
	at org.apache.ratis.util.LifeCycle.lambda$checkStateAndClose$2(LifeCycle.java:231)
	at org.apache.ratis.util.LifeCycle.checkStateAndClose(LifeCycle.java:251)
	at org.apache.ratis.util.LifeCycle.checkStateAndClose(LifeCycle.java:229)
	at org.apache.ratis.util.PeerProxyMap$PeerAndProxy.close(PeerProxyMap.java:70)
	at org.apache.ratis.util.PeerProxyMap.resetProxy(PeerProxyMap.java:127)
	at org.apache.ratis.util.PeerProxyMap.handleException(PeerProxyMap.java:136)
	at org.apache.ratis.client.impl.RaftClientRpcWithProxy.handleException(RaftClientRpcWithProxy.java:47)
	at org.apache.ratis.client.impl.RaftClientImpl.handleIOException(RaftClientImpl.java:372)
	at org.apache.ratis.client.impl.OrderedAsync.lambda$sendRequest$10(OrderedAsync.java:236)
	at java.util.concurrent.CompletableFuture.uniExceptionally(CompletableFuture.java:870)
	at java.util.concurrent.CompletableFuture$UniExceptionally.tryFire(CompletableFuture.java:852)
	at java.util.concurrent.CompletableFuture.postComplete(CompletableFuture.java:474)
	at java.util.concurrent.CompletableFuture.completeExceptionally(CompletableFuture.java:1977)
	at org.apache.ratis.grpc.client.GrpcClientProtocolClient$AsyncStreamObservers.lambda$timeoutCheck$3(GrpcClientProtocolClient.java:324)
	at java.util.Optional.ifPresent(Optional.java:159)
	at org.apache.ratis.grpc.client.GrpcClientProtocolClient$AsyncStreamObservers.handleReplyFuture(GrpcClientProtocolClient.java:329)
	at org.apache.ratis.grpc.client.GrpcClientProtocolClient$AsyncStreamObservers.timeoutCheck(GrpcClientProtocolClient.java:324)
	at org.apache.ratis.grpc.client.GrpcClientProtocolClient$AsyncStreamObservers.lambda$onNext$1(GrpcClientProtocolClient.java:318)
	at org.apache.ratis.util.TimeoutScheduler.lambda$onTimeout$0(TimeoutScheduler.java:113)
	at org.apache.ratis.util.TimeoutScheduler.lambda$onTimeout$1(TimeoutScheduler.java:133)
	at org.apache.ratis.util.LogUtils.runAndLog(LogUtils.java:50)
	at org.apache.ratis.util.LogUtils$1.run(LogUtils.java:91)
	at java.util.concurrent.Executors$RunnableAdapter.call(Executors.java:511)
	at java.util.concurrent.FutureTask.run(FutureTask.java:266)
	at java.util.concurrent.ScheduledThreadPoolExecutor$ScheduledFutureTask.access$201(ScheduledThreadPoolExecutor.java:180)
	at java.util.concurrent.ScheduledThreadPoolExecutor$ScheduledFutureTask.run(ScheduledThreadPoolExecutor.java:293)
	at java.util.concurrent.ThreadPoolExecutor.runWorker(ThreadPoolExecutor.java:1149)
	at java.util.concurrent.ThreadPoolExecutor$Worker.run(ThreadPoolExecutor.java:624)
	at java.lang.Thread.run(Thread.java:748)
2019-10-02 17:50:11,063 [java.util.concurrent.ThreadPoolExecutor$Worker@211ebf9b[State = -1, empty queue]] WARN  util.TimeoutScheduler (LogUtils.java:runAndLog(55)) - Failed to task #0: java.lang.NullPointerException
2019-10-02 17:50:15,145 [java.util.concurrent.ThreadPoolExecutor$Worker@51e3938f[State = -1, empty queue]] ERROR client.GrpcClientProtocolClient (GrpcClientProtocolClient.java:close(148)) - Unexpected exception while waiting for channel termination
java.lang.InterruptedException
	at java.util.concurrent.locks.AbstractQueuedSynchronizer.tryAcquireSharedNanos(AbstractQueuedSynchronizer.java:1326)
	at java.util.concurrent.CountDownLatch.await(CountDownLatch.java:277)
	at org.apache.ratis.thirdparty.io.grpc.internal.ManagedChannelImpl.awaitTermination(ManagedChannelImpl.java:763)
	at org.apache.ratis.thirdparty.io.grpc.internal.ForwardingManagedChannel.awaitTermination(ForwardingManagedChannel.java:57)
	at org.apache.ratis.thirdparty.io.grpc.internal.ManagedChannelOrphanWrapper.awaitTermination(ManagedChannelOrphanWrapper.java:70)
	at org.apache.ratis.grpc.client.GrpcClientProtocolClient.close(GrpcClientProtocolClient.java:146)
	at org.apache.ratis.util.PeerProxyMap$PeerAndProxy.lambda$close$1(PeerProxyMap.java:74)
	at org.apache.ratis.util.LifeCycle.lambda$checkStateAndClose$2(LifeCycle.java:231)
	at org.apache.ratis.util.LifeCycle.checkStateAndClose(LifeCycle.java:251)
	at org.apache.ratis.util.LifeCycle.checkStateAndClose(LifeCycle.java:229)
	at org.apache.ratis.util.PeerProxyMap$PeerAndProxy.close(PeerProxyMap.java:70)
	at org.apache.ratis.util.PeerProxyMap.resetProxy(PeerProxyMap.java:127)
	at org.apache.ratis.util.PeerProxyMap.handleException(PeerProxyMap.java:136)
	at org.apache.ratis.client.impl.RaftClientRpcWithProxy.handleException(RaftClientRpcWithProxy.java:47)
	at org.apache.ratis.client.impl.RaftClientImpl.handleIOException(RaftClientImpl.java:372)
	at org.apache.ratis.client.impl.OrderedAsync.lambda$sendRequest$10(OrderedAsync.java:236)
	at java.util.concurrent.CompletableFuture.uniExceptionally(CompletableFuture.java:870)
	at java.util.concurrent.CompletableFuture$UniExceptionally.tryFire(CompletableFuture.java:852)
	at java.util.concurrent.CompletableFuture.postComplete(CompletableFuture.java:474)
	at java.util.concurrent.CompletableFuture.completeExceptionally(CompletableFuture.java:1977)
	at org.apache.ratis.grpc.client.GrpcClientProtocolClient$AsyncStreamObservers.lambda$timeoutCheck$3(GrpcClientProtocolClient.java:324)
	at java.util.Optional.ifPresent(Optional.java:159)
	at org.apache.ratis.grpc.client.GrpcClientProtocolClient$AsyncStreamObservers.handleReplyFuture(GrpcClientProtocolClient.java:329)
	at org.apache.ratis.grpc.client.GrpcClientProtocolClient$AsyncStreamObservers.timeoutCheck(GrpcClientProtocolClient.java:324)
	at org.apache.ratis.grpc.client.GrpcClientProtocolClient$AsyncStreamObservers.lambda$onNext$1(GrpcClientProtocolClient.java:318)
	at org.apache.ratis.util.TimeoutScheduler.lambda$onTimeout$0(TimeoutScheduler.java:113)
	at org.apache.ratis.util.TimeoutScheduler.lambda$onTimeout$1(TimeoutScheduler.java:133)
	at org.apache.ratis.util.LogUtils.runAndLog(LogUtils.java:50)
	at org.apache.ratis.util.LogUtils$1.run(LogUtils.java:91)
	at java.util.concurrent.Executors$RunnableAdapter.call(Executors.java:511)
	at java.util.concurrent.FutureTask.run(FutureTask.java:266)
	at java.util.concurrent.ScheduledThreadPoolExecutor$ScheduledFutureTask.access$201(ScheduledThreadPoolExecutor.java:180)
	at java.util.concurrent.ScheduledThreadPoolExecutor$ScheduledFutureTask.run(ScheduledThreadPoolExecutor.java:293)
	at java.util.concurrent.ThreadPoolExecutor.runWorker(ThreadPoolExecutor.java:1149)
	at java.util.concurrent.ThreadPoolExecutor$Worker.run(ThreadPoolExecutor.java:624)
	at java.lang.Thread.run(Thread.java:748)
2019-10-02 17:50:15,148 [java.util.concurrent.ThreadPoolExecutor$Worker@51e3938f[State = -1, empty queue]] WARN  util.TimeoutScheduler (LogUtils.java:runAndLog(55)) - Failed to task #0: java.lang.NullPointerException
2019-10-02 17:50:17,535 [grpc-default-executor-1] INFO  impl.RaftServerProxy (RaftServerProxy.java:remove(95)) - cde4f2ee-ebe5-4cd0-b57a-bd620480943f: remove  FOLLOWER cde4f2ee-ebe5-4cd0-b57a-bd620480943f@group-9CF56ACD23FC:t1, leader=dc00436c-138b-406c-8f35-4d0b5c3754bc, voted=dc00436c-138b-406c-8f35-4d0b5c3754bc, raftlog=cde4f2ee-ebe5-4cd0-b57a-bd620480943f@group-9CF56ACD23FC-SegmentedRaftLog:OPENED:c0,f2,i2, conf=0: [dc00436c-138b-406c-8f35-4d0b5c3754bc:192.168.151.72:35612, 8182f27e-27c9-4a2f-8b1e-959753d76c58:192.168.151.72:43142, cde4f2ee-ebe5-4cd0-b57a-bd620480943f:192.168.151.72:42212], old=null RUNNING
2019-10-02 17:50:17,539 [grpc-default-executor-1] INFO  impl.RaftServerImpl (RaftServerImpl.java:lambda$shutdown$3(247)) - cde4f2ee-ebe5-4cd0-b57a-bd620480943f@group-9CF56ACD23FC: shutdown
2019-10-02 17:50:17,540 [grpc-default-executor-1] INFO  util.JmxRegister (JmxRegister.java:unregister(73)) - Successfully un-registered JMX Bean with object name Ratis:service=RaftServer,group=group-9CF56ACD23FC,id=cde4f2ee-ebe5-4cd0-b57a-bd620480943f
2019-10-02 17:50:17,540 [grpc-default-executor-1] INFO  impl.RoleInfo (RoleInfo.java:shutdownFollowerState(121)) - cde4f2ee-ebe5-4cd0-b57a-bd620480943f: shutdown FollowerState
2019-10-02 17:50:17,541 [grpc-default-executor-1] INFO  impl.StateMachineUpdater (StateMachineUpdater.java:stopAndJoin(136)) - cde4f2ee-ebe5-4cd0-b57a-bd620480943f@group-9CF56ACD23FC-StateMachineUpdater: set stopIndex = 0
2019-10-02 17:50:17,541 [Thread-320] INFO  impl.FollowerState (FollowerState.java:run(117)) - cde4f2ee-ebe5-4cd0-b57a-bd620480943f@group-9CF56ACD23FC-FollowerState was interrupted: java.lang.InterruptedException: sleep interrupted
2019-10-02 17:50:17,546 [grpc-default-executor-1] INFO  impl.RaftServerImpl (ServerState.java:close(387)) - cde4f2ee-ebe5-4cd0-b57a-bd620480943f@group-9CF56ACD23FC: closes. applyIndex: 0
2019-10-02 17:50:17,548 [cde4f2ee-ebe5-4cd0-b57a-bd620480943f@group-9CF56ACD23FC-SegmentedRaftLogWorker] INFO  segmented.SegmentedRaftLogWorker (SegmentedRaftLogWorker.java:run(316)) - cde4f2ee-ebe5-4cd0-b57a-bd620480943f@group-9CF56ACD23FC-SegmentedRaftLogWorker was interrupted, exiting. There are 0 tasks remaining in the queue.
2019-10-02 17:50:17,551 [grpc-default-executor-1] INFO  segmented.SegmentedRaftLogWorker (SegmentedRaftLogWorker.java:close(224)) - cde4f2ee-ebe5-4cd0-b57a-bd620480943f@group-9CF56ACD23FC-SegmentedRaftLogWorker close()
2019-10-02 17:50:17,639 [grpc-default-executor-1] INFO  interfaces.Container (KeyValueContainer.java:flushAndSyncDB(386)) - Container 1 is synced with bcsId 0.
2019-10-02 17:50:17,639 [grpc-default-executor-1] INFO  interfaces.Container (KeyValueContainer.java:flushAndSyncDB(386)) - Container 1 is synced with bcsId 0.
2019-10-02 17:50:17,660 [EventQueue-IncrementalContainerReportForIncrementalContainerReportHandler] INFO  container.IncrementalContainerReportHandler (AbstractContainerReportHandler.java:updateContainerState(169)) - Moving container #1 to QUASI_CLOSED state, datanode cde4f2ee-ebe5-4cd0-b57a-bd620480943f{ip: 192.168.151.72, host: pr-trunk-fgz7f-2353921243, networkLocation: /default-rack, certSerialId: null} reported QUASI_CLOSED replica.
2019-10-02 17:50:17,670 [grpc-default-executor-1] INFO  impl.RaftServerProxy (RaftServerProxy.java:remove(95)) - 8182f27e-27c9-4a2f-8b1e-959753d76c58: remove  FOLLOWER 8182f27e-27c9-4a2f-8b1e-959753d76c58@group-9CF56ACD23FC:t1, leader=dc00436c-138b-406c-8f35-4d0b5c3754bc, voted=dc00436c-138b-406c-8f35-4d0b5c3754bc, raftlog=8182f27e-27c9-4a2f-8b1e-959753d76c58@group-9CF56ACD23FC-SegmentedRaftLog:OPENED:c0,f2,i2, conf=0: [dc00436c-138b-406c-8f35-4d0b5c3754bc:192.168.151.72:35612, 8182f27e-27c9-4a2f-8b1e-959753d76c58:192.168.151.72:43142, cde4f2ee-ebe5-4cd0-b57a-bd620480943f:192.168.151.72:42212], old=null RUNNING
2019-10-02 17:50:17,670 [grpc-default-executor-1] INFO  impl.RaftServerImpl (RaftServerImpl.java:lambda$shutdown$3(247)) - 8182f27e-27c9-4a2f-8b1e-959753d76c58@group-9CF56ACD23FC: shutdown
2019-10-02 17:50:17,670 [grpc-default-executor-1] INFO  util.JmxRegister (JmxRegister.java:unregister(73)) - Successfully un-registered JMX Bean with object name Ratis:service=RaftServer,group=group-9CF56ACD23FC,id=8182f27e-27c9-4a2f-8b1e-959753d76c58
2019-10-02 17:50:17,671 [grpc-default-executor-1] INFO  impl.RoleInfo (RoleInfo.java:shutdownFollowerState(121)) - 8182f27e-27c9-4a2f-8b1e-959753d76c58: shutdown FollowerState
2019-10-02 17:50:17,671 [grpc-default-executor-1] INFO  impl.StateMachineUpdater (StateMachineUpdater.java:stopAndJoin(136)) - 8182f27e-27c9-4a2f-8b1e-959753d76c58@group-9CF56ACD23FC-StateMachineUpdater: set stopIndex = 0
2019-10-02 17:50:17,671 [Thread-321] INFO  impl.FollowerState (FollowerState.java:run(117)) - 8182f27e-27c9-4a2f-8b1e-959753d76c58@group-9CF56ACD23FC-FollowerState was interrupted: java.lang.InterruptedException: sleep interrupted
2019-10-02 17:50:17,682 [grpc-default-executor-1] INFO  impl.RaftServerImpl (ServerState.java:close(387)) - 8182f27e-27c9-4a2f-8b1e-959753d76c58@group-9CF56ACD23FC: closes. applyIndex: 0
2019-10-02 17:50:17,682 [8182f27e-27c9-4a2f-8b1e-959753d76c58@group-9CF56ACD23FC-SegmentedRaftLogWorker] INFO  segmented.SegmentedRaftLogWorker (SegmentedRaftLogWorker.java:run(316)) - 8182f27e-27c9-4a2f-8b1e-959753d76c58@group-9CF56ACD23FC-SegmentedRaftLogWorker was interrupted, exiting. There are 0 tasks remaining in the queue.
2019-10-02 17:50:17,685 [grpc-default-executor-1] INFO  segmented.SegmentedRaftLogWorker (SegmentedRaftLogWorker.java:close(224)) - 8182f27e-27c9-4a2f-8b1e-959753d76c58@group-9CF56ACD23FC-SegmentedRaftLogWorker close()
2019-10-02 17:50:17,712 [grpc-default-executor-1] INFO  interfaces.Container (KeyValueContainer.java:flushAndSyncDB(386)) - Container 1 is synced with bcsId 0.
2019-10-02 17:50:17,712 [grpc-default-executor-1] INFO  interfaces.Container (KeyValueContainer.java:flushAndSyncDB(386)) - Container 1 is synced with bcsId 0.
2019-10-02 17:50:17,733 [grpc-default-executor-1] INFO  impl.RaftServerProxy (RaftServerProxy.java:remove(95)) - dc00436c-138b-406c-8f35-4d0b5c3754bc: remove    LEADER dc00436c-138b-406c-8f35-4d0b5c3754bc@group-9CF56ACD23FC:t1, leader=dc00436c-138b-406c-8f35-4d0b5c3754bc, voted=dc00436c-138b-406c-8f35-4d0b5c3754bc, raftlog=dc00436c-138b-406c-8f35-4d0b5c3754bc@group-9CF56ACD23FC-SegmentedRaftLog:OPENED:c0,f0,i2, conf=0: [dc00436c-138b-406c-8f35-4d0b5c3754bc:192.168.151.72:35612, 8182f27e-27c9-4a2f-8b1e-959753d76c58:192.168.151.72:43142, cde4f2ee-ebe5-4cd0-b57a-bd620480943f:192.168.151.72:42212], old=null RUNNING
2019-10-02 17:50:17,733 [grpc-default-executor-1] INFO  impl.RaftServerImpl (RaftServerImpl.java:lambda$shutdown$3(247)) - dc00436c-138b-406c-8f35-4d0b5c3754bc@group-9CF56ACD23FC: shutdown
2019-10-02 17:50:17,734 [grpc-default-executor-1] INFO  util.JmxRegister (JmxRegister.java:unregister(73)) - Successfully un-registered JMX Bean with object name Ratis:service=RaftServer,group=group-9CF56ACD23FC,id=dc00436c-138b-406c-8f35-4d0b5c3754bc
2019-10-02 17:50:17,734 [grpc-default-executor-1] INFO  impl.RoleInfo (RoleInfo.java:shutdownLeaderState(104)) - dc00436c-138b-406c-8f35-4d0b5c3754bc: shutdown LeaderState
2019-10-02 17:50:17,739 [org.apache.ratis.server.impl.LogAppender$AppenderDaemon$$Lambda$525/299265970@507da613] WARN  server.GrpcLogAppender (GrpcLogAppender.java:mayWait(143)) - dc00436c-138b-406c-8f35-4d0b5c3754bc@group-9CF56ACD23FC->cde4f2ee-ebe5-4cd0-b57a-bd620480943f-GrpcLogAppender: Wait interrupted by java.lang.InterruptedException
2019-10-02 17:50:17,739 [org.apache.ratis.server.impl.LogAppender$AppenderDaemon$$Lambda$525/299265970@6fc91745] WARN  server.GrpcLogAppender (GrpcLogAppender.java:mayWait(143)) - dc00436c-138b-406c-8f35-4d0b5c3754bc@group-9CF56ACD23FC->8182f27e-27c9-4a2f-8b1e-959753d76c58-GrpcLogAppender: Wait interrupted by java.lang.InterruptedException
2019-10-02 17:50:17,739 [grpc-default-executor-1] INFO  impl.PendingRequests (PendingRequests.java:sendNotLeaderResponses(202)) - dc00436c-138b-406c-8f35-4d0b5c3754bc@group-9CF56ACD23FC-PendingRequests: sendNotLeaderResponses
2019-10-02 17:50:17,747 [grpc-default-executor-3] INFO  server.GrpcServerProtocolService (GrpcServerProtocolService.java:onCompleted(113)) - cde4f2ee-ebe5-4cd0-b57a-bd620480943f: Completed APPEND_ENTRIES, lastRequest: dc00436c-138b-406c-8f35-4d0b5c3754bc->cde4f2ee-ebe5-4cd0-b57a-bd620480943f#29-t1, previous=(t:1, i:2), leaderCommit=0, initializing? false, entries: <empty>
2019-10-02 17:50:17,747 [grpc-default-executor-2] INFO  server.GrpcServerProtocolService (GrpcServerProtocolService.java:onCompleted(113)) - 8182f27e-27c9-4a2f-8b1e-959753d76c58: Completed APPEND_ENTRIES, lastRequest: dc00436c-138b-406c-8f35-4d0b5c3754bc->8182f27e-27c9-4a2f-8b1e-959753d76c58#29-t1, previous=(t:1, i:2), leaderCommit=0, initializing? false, entries: <empty>
2019-10-02 17:50:17,750 [grpc-default-executor-2] INFO  server.GrpcLogAppender (GrpcLogAppender.java:onCompleted(293)) - dc00436c-138b-406c-8f35-4d0b5c3754bc@group-9CF56ACD23FC->cde4f2ee-ebe5-4cd0-b57a-bd620480943f-AppendLogResponseHandler: follower responses appendEntries COMPLETED
2019-10-02 17:50:17,750 [grpc-default-executor-3] INFO  server.GrpcLogAppender (GrpcLogAppender.java:onCompleted(293)) - dc00436c-138b-406c-8f35-4d0b5c3754bc@group-9CF56ACD23FC->8182f27e-27c9-4a2f-8b1e-959753d76c58-AppendLogResponseHandler: follower responses appendEntries COMPLETED
2019-10-02 17:50:17,753 [grpc-default-executor-3] INFO  impl.FollowerInfo (FollowerInfo.java:lambda$new$0(51)) - dc00436c-138b-406c-8f35-4d0b5c3754bc@group-9CF56ACD23FC->8182f27e-27c9-4a2f-8b1e-959753d76c58: nextIndex: updateUnconditionally 3 -> 2
2019-10-02 17:50:17,753 [grpc-default-executor-2] INFO  impl.FollowerInfo (FollowerInfo.java:lambda$new$0(51)) - dc00436c-138b-406c-8f35-4d0b5c3754bc@group-9CF56ACD23FC->cde4f2ee-ebe5-4cd0-b57a-bd620480943f: nextIndex: updateUnconditionally 3 -> 2
2019-10-02 17:50:17,778 [grpc-default-executor-1] INFO  impl.StateMachineUpdater (StateMachineUpdater.java:stopAndJoin(136)) - dc00436c-138b-406c-8f35-4d0b5c3754bc@group-9CF56ACD23FC-StateMachineUpdater: set stopIndex = 0
2019-10-02 17:50:17,789 [grpc-default-executor-1] INFO  impl.RaftServerImpl (ServerState.java:close(387)) - dc00436c-138b-406c-8f35-4d0b5c3754bc@group-9CF56ACD23FC: closes. applyIndex: 0
2019-10-02 17:50:17,790 [dc00436c-138b-406c-8f35-4d0b5c3754bc@group-9CF56ACD23FC-SegmentedRaftLogWorker] INFO  segmented.SegmentedRaftLogWorker (SegmentedRaftLogWorker.java:run(316)) - dc00436c-138b-406c-8f35-4d0b5c3754bc@group-9CF56ACD23FC-SegmentedRaftLogWorker was interrupted, exiting. There are 0 tasks remaining in the queue.
2019-10-02 17:50:17,792 [grpc-default-executor-1] INFO  segmented.SegmentedRaftLogWorker (SegmentedRaftLogWorker.java:close(224)) - dc00436c-138b-406c-8f35-4d0b5c3754bc@group-9CF56ACD23FC-SegmentedRaftLogWorker close()
2019-10-02 17:50:17,817 [RatisPipelineUtilsThread] INFO  pipeline.PipelineStateManager (PipelineStateManager.java:removePipeline(108)) - Pipeline Pipeline[ Id: ee817922-8597-44e3-9516-9cf56acd23fc, Nodes: cde4f2ee-ebe5-4cd0-b57a-bd620480943f{ip: 192.168.151.72, host: pr-trunk-fgz7f-2353921243, networkLocation: /default-rack, certSerialId: null}8182f27e-27c9-4a2f-8b1e-959753d76c58{ip: 192.168.151.72, host: pr-trunk-fgz7f-2353921243, networkLocation: /default-rack, certSerialId: null}dc00436c-138b-406c-8f35-4d0b5c3754bc{ip: 192.168.151.72, host: pr-trunk-fgz7f-2353921243, networkLocation: /default-rack, certSerialId: null}, Type:RATIS, Factor:THREE, State:CLOSED] removed from db
2019-10-02 17:50:17,840 [grpc-default-executor-3] INFO  impl.RaftServerProxy (RaftServerProxy.java:addNew(89)) - cde4f2ee-ebe5-4cd0-b57a-bd620480943f: addNew group-C857BDC09BA5:[dc00436c-138b-406c-8f35-4d0b5c3754bc:192.168.151.72:35612, 8182f27e-27c9-4a2f-8b1e-959753d76c58:192.168.151.72:43142, cde4f2ee-ebe5-4cd0-b57a-bd620480943f:192.168.151.72:42212] returns group-C857BDC09BA5:java.util.concurrent.CompletableFuture@47ba2ac6[Not completed]
2019-10-02 17:50:17,843 [grpc-default-executor-3] INFO  impl.RaftServerProxy (RaftServerProxy.java:addNew(89)) - 8182f27e-27c9-4a2f-8b1e-959753d76c58: addNew group-C857BDC09BA5:[dc00436c-138b-406c-8f35-4d0b5c3754bc:192.168.151.72:35612, 8182f27e-27c9-4a2f-8b1e-959753d76c58:192.168.151.72:43142, cde4f2ee-ebe5-4cd0-b57a-bd620480943f:192.168.151.72:42212] returns group-C857BDC09BA5:java.util.concurrent.CompletableFuture@1d0ad44d[Not completed]
2019-10-02 17:50:17,845 [grpc-default-executor-2] INFO  impl.RaftServerProxy (RaftServerProxy.java:addNew(89)) - dc00436c-138b-406c-8f35-4d0b5c3754bc: addNew group-C857BDC09BA5:[dc00436c-138b-406c-8f35-4d0b5c3754bc:192.168.151.72:35612, 8182f27e-27c9-4a2f-8b1e-959753d76c58:192.168.151.72:43142, cde4f2ee-ebe5-4cd0-b57a-bd620480943f:192.168.151.72:42212] returns group-C857BDC09BA5:java.util.concurrent.CompletableFuture@70ddb4f0[Not completed]
2019-10-02 17:50:17,847 [pool-67-thread-1] INFO  impl.RaftServerImpl (RaftServerImpl.java:<init>(95)) - cde4f2ee-ebe5-4cd0-b57a-bd620480943f: new RaftServerImpl for group-C857BDC09BA5:[dc00436c-138b-406c-8f35-4d0b5c3754bc:192.168.151.72:35612, 8182f27e-27c9-4a2f-8b1e-959753d76c58:192.168.151.72:43142, cde4f2ee-ebe5-4cd0-b57a-bd620480943f:192.168.151.72:42212] with ContainerStateMachine:uninitialized
2019-10-02 17:50:17,847 [pool-67-thread-1] INFO  server.RaftServerConfigKeys (ConfUtils.java:logGet(43)) - raft.server.rpc.timeout.min = 5s (custom)
2019-10-02 17:50:17,848 [pool-67-thread-1] INFO  server.RaftServerConfigKeys (ConfUtils.java:logGet(43)) - raft.server.rpc.timeout.max = 5200ms (custom)
2019-10-02 17:50:17,848 [pool-67-thread-1] INFO  server.RaftServerConfigKeys (ConfUtils.java:logGet(43)) - raft.server.rpcslowness.timeout = 120s (custom)
2019-10-02 17:50:17,848 [pool-67-thread-1] INFO  server.RaftServerConfigKeys (ConfUtils.java:logGet(43)) - raft.server.sleep.deviation.threshold = 300 (default)
2019-10-02 17:50:17,848 [pool-67-thread-1] INFO  server.RaftServerConfigKeys (ConfUtils.java:logGet(43)) - raft.server.log.appender.install.snapshot.enabled = false (custom)
2019-10-02 17:50:17,848 [pool-67-thread-1] INFO  impl.RaftServerImpl (ServerState.java:<init>(103)) - cde4f2ee-ebe5-4cd0-b57a-bd620480943f@group-C857BDC09BA5: ConfigurationManager, init=-1: [dc00436c-138b-406c-8f35-4d0b5c3754bc:192.168.151.72:35612, 8182f27e-27c9-4a2f-8b1e-959753d76c58:192.168.151.72:43142, cde4f2ee-ebe5-4cd0-b57a-bd620480943f:192.168.151.72:42212], old=null, confs=<EMPTY_MAP>
2019-10-02 17:50:17,848 [pool-67-thread-1] INFO  server.RaftServerConfigKeys (ConfUtils.java:logGet(43)) - raft.server.storage.dir = [/workdir/hadoop-ozone/integration-test/target/test-dir/MiniOzoneClusterImpl-d02e41fa-f6e1-4cca-b896-e100a645b5cc/datanode-4/data/ratis] (custom)
2019-10-02 17:50:17,848 [pool-77-thread-1] INFO  impl.RaftServerImpl (RaftServerImpl.java:<init>(95)) - dc00436c-138b-406c-8f35-4d0b5c3754bc: new RaftServerImpl for group-C857BDC09BA5:[dc00436c-138b-406c-8f35-4d0b5c3754bc:192.168.151.72:35612, 8182f27e-27c9-4a2f-8b1e-959753d76c58:192.168.151.72:43142, cde4f2ee-ebe5-4cd0-b57a-bd620480943f:192.168.151.72:42212] with ContainerStateMachine:uninitialized
2019-10-02 17:50:17,849 [pool-77-thread-1] INFO  server.RaftServerConfigKeys (ConfUtils.java:logGet(43)) - raft.server.rpc.timeout.min = 5s (custom)
2019-10-02 17:50:17,849 [pool-67-thread-1] INFO  server.RaftServerConfigKeys (ConfUtils.java:logGet(43)) - raft.server.log.corruption.policy = EXCEPTION (default)
2019-10-02 17:50:17,849 [pool-77-thread-1] INFO  server.RaftServerConfigKeys (ConfUtils.java:logGet(43)) - raft.server.rpc.timeout.max = 5200ms (custom)
2019-10-02 17:50:17,849 [pool-67-thread-1] INFO  storage.RaftStorageDirectory (RaftStorageDirectory.java:analyzeStorage(246)) - The storage directory /workdir/hadoop-ozone/integration-test/target/test-dir/MiniOzoneClusterImpl-d02e41fa-f6e1-4cca-b896-e100a645b5cc/datanode-4/data/ratis/0f4e784a-92ac-436e-8bb3-c857bdc09ba5 does not exist. Creating ...
2019-10-02 17:50:17,849 [pool-77-thread-1] INFO  server.RaftServerConfigKeys (ConfUtils.java:logGet(43)) - raft.server.rpcslowness.timeout = 120s (custom)
2019-10-02 17:50:17,849 [pool-37-thread-1] INFO  impl.RaftServerImpl (RaftServerImpl.java:<init>(95)) - 8182f27e-27c9-4a2f-8b1e-959753d76c58: new RaftServerImpl for group-C857BDC09BA5:[dc00436c-138b-406c-8f35-4d0b5c3754bc:192.168.151.72:35612, 8182f27e-27c9-4a2f-8b1e-959753d76c58:192.168.151.72:43142, cde4f2ee-ebe5-4cd0-b57a-bd620480943f:192.168.151.72:42212] with ContainerStateMachine:uninitialized
2019-10-02 17:50:17,849 [pool-77-thread-1] INFO  server.RaftServerConfigKeys (ConfUtils.java:logGet(43)) - raft.server.sleep.deviation.threshold = 300 (default)
2019-10-02 17:50:17,849 [pool-37-thread-1] INFO  server.RaftServerConfigKeys (ConfUtils.java:logGet(43)) - raft.server.rpc.timeout.min = 5s (custom)
2019-10-02 17:50:17,849 [pool-77-thread-1] INFO  server.RaftServerConfigKeys (ConfUtils.java:logGet(43)) - raft.server.log.appender.install.snapshot.enabled = false (custom)
2019-10-02 17:50:17,849 [pool-37-thread-1] INFO  server.RaftServerConfigKeys (ConfUtils.java:logGet(43)) - raft.server.rpc.timeout.max = 5200ms (custom)
2019-10-02 17:50:17,850 [pool-77-thread-1] INFO  impl.RaftServerImpl (ServerState.java:<init>(103)) - dc00436c-138b-406c-8f35-4d0b5c3754bc@group-C857BDC09BA5: ConfigurationManager, init=-1: [dc00436c-138b-406c-8f35-4d0b5c3754bc:192.168.151.72:35612, 8182f27e-27c9-4a2f-8b1e-959753d76c58:192.168.151.72:43142, cde4f2ee-ebe5-4cd0-b57a-bd620480943f:192.168.151.72:42212], old=null, confs=<EMPTY_MAP>
2019-10-02 17:50:17,850 [pool-37-thread-1] INFO  server.RaftServerConfigKeys (ConfUtils.java:logGet(43)) - raft.server.rpcslowness.timeout = 120s (custom)
2019-10-02 17:50:17,850 [pool-77-thread-1] INFO  server.RaftServerConfigKeys (ConfUtils.java:logGet(43)) - raft.server.storage.dir = [/workdir/hadoop-ozone/integration-test/target/test-dir/MiniOzoneClusterImpl-d02e41fa-f6e1-4cca-b896-e100a645b5cc/datanode-5/data/ratis] (custom)
2019-10-02 17:50:17,850 [pool-37-thread-1] INFO  server.RaftServerConfigKeys (ConfUtils.java:logGet(43)) - raft.server.sleep.deviation.threshold = 300 (default)
2019-10-02 17:50:17,850 [pool-37-thread-1] INFO  server.RaftServerConfigKeys (ConfUtils.java:logGet(43)) - raft.server.log.appender.install.snapshot.enabled = false (custom)
2019-10-02 17:50:17,850 [pool-77-thread-1] INFO  server.RaftServerConfigKeys (ConfUtils.java:logGet(43)) - raft.server.log.corruption.policy = EXCEPTION (default)
2019-10-02 17:50:17,850 [pool-37-thread-1] INFO  impl.RaftServerImpl (ServerState.java:<init>(103)) - 8182f27e-27c9-4a2f-8b1e-959753d76c58@group-C857BDC09BA5: ConfigurationManager, init=-1: [dc00436c-138b-406c-8f35-4d0b5c3754bc:192.168.151.72:35612, 8182f27e-27c9-4a2f-8b1e-959753d76c58:192.168.151.72:43142, cde4f2ee-ebe5-4cd0-b57a-bd620480943f:192.168.151.72:42212], old=null, confs=<EMPTY_MAP>
2019-10-02 17:50:17,850 [pool-77-thread-1] INFO  storage.RaftStorageDirectory (RaftStorageDirectory.java:analyzeStorage(246)) - The storage directory /workdir/hadoop-ozone/integration-test/target/test-dir/MiniOzoneClusterImpl-d02e41fa-f6e1-4cca-b896-e100a645b5cc/datanode-5/data/ratis/0f4e784a-92ac-436e-8bb3-c857bdc09ba5 does not exist. Creating ...
2019-10-02 17:50:17,851 [pool-37-thread-1] INFO  server.RaftServerConfigKeys (ConfUtils.java:logGet(43)) - raft.server.storage.dir = [/workdir/hadoop-ozone/integration-test/target/test-dir/MiniOzoneClusterImpl-d02e41fa-f6e1-4cca-b896-e100a645b5cc/datanode-1/data/ratis] (custom)
2019-10-02 17:50:17,851 [pool-37-thread-1] INFO  server.RaftServerConfigKeys (ConfUtils.java:logGet(43)) - raft.server.log.corruption.policy = EXCEPTION (default)
2019-10-02 17:50:17,851 [pool-37-thread-1] INFO  storage.RaftStorageDirectory (RaftStorageDirectory.java:analyzeStorage(246)) - The storage directory /workdir/hadoop-ozone/integration-test/target/test-dir/MiniOzoneClusterImpl-d02e41fa-f6e1-4cca-b896-e100a645b5cc/datanode-1/data/ratis/0f4e784a-92ac-436e-8bb3-c857bdc09ba5 does not exist. Creating ...
2019-10-02 17:50:17,862 [pool-37-thread-1] INFO  storage.RaftStorageDirectory (RaftStorageDirectory.java:tryLock(328)) - Lock on /workdir/hadoop-ozone/integration-test/target/test-dir/MiniOzoneClusterImpl-d02e41fa-f6e1-4cca-b896-e100a645b5cc/datanode-1/data/ratis/0f4e784a-92ac-436e-8bb3-c857bdc09ba5/in_use.lock acquired by nodename 27144@pr-trunk-fgz7f-2353921243
2019-10-02 17:50:17,862 [pool-77-thread-1] INFO  storage.RaftStorageDirectory (RaftStorageDirectory.java:tryLock(328)) - Lock on /workdir/hadoop-ozone/integration-test/target/test-dir/MiniOzoneClusterImpl-d02e41fa-f6e1-4cca-b896-e100a645b5cc/datanode-5/data/ratis/0f4e784a-92ac-436e-8bb3-c857bdc09ba5/in_use.lock acquired by nodename 27144@pr-trunk-fgz7f-2353921243
2019-10-02 17:50:17,862 [pool-67-thread-1] INFO  storage.RaftStorageDirectory (RaftStorageDirectory.java:tryLock(328)) - Lock on /workdir/hadoop-ozone/integration-test/target/test-dir/MiniOzoneClusterImpl-d02e41fa-f6e1-4cca-b896-e100a645b5cc/datanode-4/data/ratis/0f4e784a-92ac-436e-8bb3-c857bdc09ba5/in_use.lock acquired by nodename 27144@pr-trunk-fgz7f-2353921243
2019-10-02 17:50:17,883 [pool-67-thread-1] INFO  storage.RaftStorage (RaftStorage.java:format(84)) - Storage directory /workdir/hadoop-ozone/integration-test/target/test-dir/MiniOzoneClusterImpl-d02e41fa-f6e1-4cca-b896-e100a645b5cc/datanode-4/data/ratis/0f4e784a-92ac-436e-8bb3-c857bdc09ba5 has been successfully formatted.
2019-10-02 17:50:17,883 [pool-37-thread-1] INFO  storage.RaftStorage (RaftStorage.java:format(84)) - Storage directory /workdir/hadoop-ozone/integration-test/target/test-dir/MiniOzoneClusterImpl-d02e41fa-f6e1-4cca-b896-e100a645b5cc/datanode-1/data/ratis/0f4e784a-92ac-436e-8bb3-c857bdc09ba5 has been successfully formatted.
2019-10-02 17:50:17,883 [pool-77-thread-1] INFO  storage.RaftStorage (RaftStorage.java:format(84)) - Storage directory /workdir/hadoop-ozone/integration-test/target/test-dir/MiniOzoneClusterImpl-d02e41fa-f6e1-4cca-b896-e100a645b5cc/datanode-5/data/ratis/0f4e784a-92ac-436e-8bb3-c857bdc09ba5 has been successfully formatted.
2019-10-02 17:50:17,883 [pool-37-thread-1] INFO  ratis.ContainerStateMachine (ContainerStateMachine.java:loadSnapshot(231)) - group-C857BDC09BA5: The snapshot info is null. Setting the last applied indexto:(t:0, i:~)
2019-10-02 17:50:17,883 [pool-67-thread-1] INFO  ratis.ContainerStateMachine (ContainerStateMachine.java:loadSnapshot(231)) - group-C857BDC09BA5: The snapshot info is null. Setting the last applied indexto:(t:0, i:~)
2019-10-02 17:50:17,884 [pool-37-thread-1] INFO  server.RaftServerConfigKeys (ConfUtils.java:logGet(43)) - raft.server.notification.no-leader.timeout = 120s (custom)
2019-10-02 17:50:17,884 [pool-77-thread-1] INFO  ratis.ContainerStateMachine (ContainerStateMachine.java:loadSnapshot(231)) - group-C857BDC09BA5: The snapshot info is null. Setting the last applied indexto:(t:0, i:~)
2019-10-02 17:50:17,884 [pool-67-thread-1] INFO  server.RaftServerConfigKeys (ConfUtils.java:logGet(43)) - raft.server.notification.no-leader.timeout = 120s (custom)
2019-10-02 17:50:17,884 [pool-77-thread-1] INFO  server.RaftServerConfigKeys (ConfUtils.java:logGet(43)) - raft.server.notification.no-leader.timeout = 120s (custom)
2019-10-02 17:50:17,884 [pool-37-thread-1] INFO  server.RaftServerConfigKeys (ConfUtils.java:logGet(43)) - raft.server.log.use.memory = false (default)
2019-10-02 17:50:17,884 [pool-77-thread-1] INFO  server.RaftServerConfigKeys (ConfUtils.java:logGet(43)) - raft.server.log.use.memory = false (default)
2019-10-02 17:50:17,884 [pool-67-thread-1] INFO  server.RaftServerConfigKeys (ConfUtils.java:logGet(43)) - raft.server.log.use.memory = false (default)
2019-10-02 17:50:17,885 [pool-77-thread-1] INFO  server.RaftServerConfigKeys (ConfUtils.java:logGet(43)) - raft.server.log.purge.gap = 1000000 (custom)
2019-10-02 17:50:17,884 [pool-37-thread-1] INFO  server.RaftServerConfigKeys (ConfUtils.java:logGet(43)) - raft.server.log.purge.gap = 1000000 (custom)
2019-10-02 17:50:17,885 [pool-77-thread-1] INFO  server.RaftServerConfigKeys (ConfUtils.java:logGet(43)) - raft.server.log.appender.buffer.byte-limit = 33554432 (custom)
2019-10-02 17:50:17,885 [pool-67-thread-1] INFO  server.RaftServerConfigKeys (ConfUtils.java:logGet(43)) - raft.server.log.purge.gap = 1000000 (custom)
2019-10-02 17:50:17,885 [pool-77-thread-1] INFO  server.RaftServerConfigKeys (ConfUtils.java:logGet(43)) - raft.server.log.segment.size.max = 1048576 (custom)
2019-10-02 17:50:17,885 [pool-37-thread-1] INFO  server.RaftServerConfigKeys (ConfUtils.java:logGet(43)) - raft.server.log.appender.buffer.byte-limit = 33554432 (custom)
2019-10-02 17:50:17,885 [pool-67-thread-1] INFO  server.RaftServerConfigKeys (ConfUtils.java:logGet(43)) - raft.server.log.appender.buffer.byte-limit = 33554432 (custom)
2019-10-02 17:50:17,886 [pool-77-thread-1] INFO  server.RaftServerConfigKeys (ConfUtils.java:logGet(43)) - raft.server.log.segment.cache.num.max = 2 (custom)
2019-10-02 17:50:17,886 [pool-37-thread-1] INFO  server.RaftServerConfigKeys (ConfUtils.java:logGet(43)) - raft.server.log.segment.size.max = 1048576 (custom)
2019-10-02 17:50:17,886 [pool-77-thread-1] INFO  segmented.SegmentedRaftLogWorker (SegmentedRaftLogWorker.java:<init>(173)) - new dc00436c-138b-406c-8f35-4d0b5c3754bc@group-C857BDC09BA5-SegmentedRaftLogWorker for RaftStorage:Storage Directory /workdir/hadoop-ozone/integration-test/target/test-dir/MiniOzoneClusterImpl-d02e41fa-f6e1-4cca-b896-e100a645b5cc/datanode-5/data/ratis/0f4e784a-92ac-436e-8bb3-c857bdc09ba5
2019-10-02 17:50:17,886 [pool-67-thread-1] INFO  server.RaftServerConfigKeys (ConfUtils.java:logGet(43)) - raft.server.log.segment.size.max = 1048576 (custom)
2019-10-02 17:50:17,886 [pool-77-thread-1] INFO  server.RaftServerConfigKeys (ConfUtils.java:logGet(43)) - raft.server.log.queue.byte-limit = 2147483647 (custom)
2019-10-02 17:50:17,886 [pool-37-thread-1] INFO  server.RaftServerConfigKeys (ConfUtils.java:logGet(43)) - raft.server.log.segment.cache.num.max = 2 (custom)
2019-10-02 17:50:17,887 [pool-77-thread-1] INFO  server.RaftServerConfigKeys (ConfUtils.java:logGet(43)) - raft.server.log.queue.element-limit = 1024 (custom)
2019-10-02 17:50:17,886 [pool-67-thread-1] INFO  server.RaftServerConfigKeys (ConfUtils.java:logGet(43)) - raft.server.log.segment.cache.num.max = 2 (custom)
2019-10-02 17:50:17,887 [pool-77-thread-1] INFO  server.RaftServerConfigKeys (ConfUtils.java:logGet(43)) - raft.server.log.segment.size.max = 1048576 (custom)
2019-10-02 17:50:17,887 [pool-37-thread-1] INFO  segmented.SegmentedRaftLogWorker (SegmentedRaftLogWorker.java:<init>(173)) - new 8182f27e-27c9-4a2f-8b1e-959753d76c58@group-C857BDC09BA5-SegmentedRaftLogWorker for RaftStorage:Storage Directory /workdir/hadoop-ozone/integration-test/target/test-dir/MiniOzoneClusterImpl-d02e41fa-f6e1-4cca-b896-e100a645b5cc/datanode-1/data/ratis/0f4e784a-92ac-436e-8bb3-c857bdc09ba5
2019-10-02 17:50:17,887 [pool-77-thread-1] INFO  server.RaftServerConfigKeys (ConfUtils.java:logGet(43)) - raft.server.log.preallocated.size = 16384 (custom)
2019-10-02 17:50:17,887 [pool-67-thread-1] INFO  segmented.SegmentedRaftLogWorker (SegmentedRaftLogWorker.java:<init>(173)) - new cde4f2ee-ebe5-4cd0-b57a-bd620480943f@group-C857BDC09BA5-SegmentedRaftLogWorker for RaftStorage:Storage Directory /workdir/hadoop-ozone/integration-test/target/test-dir/MiniOzoneClusterImpl-d02e41fa-f6e1-4cca-b896-e100a645b5cc/datanode-4/data/ratis/0f4e784a-92ac-436e-8bb3-c857bdc09ba5
2019-10-02 17:50:17,887 [pool-77-thread-1] INFO  server.RaftServerConfigKeys (ConfUtils.java:logGet(43)) - raft.server.log.write.buffer.size = 33554432 (custom)
2019-10-02 17:50:17,887 [pool-37-thread-1] INFO  server.RaftServerConfigKeys (ConfUtils.java:logGet(43)) - raft.server.log.queue.byte-limit = 2147483647 (custom)
2019-10-02 17:50:17,888 [pool-77-thread-1] INFO  server.RaftServerConfigKeys (ConfUtils.java:logGet(43)) - raft.server.log.force.sync.num = 128 (default)
2019-10-02 17:50:17,888 [pool-67-thread-1] INFO  server.RaftServerConfigKeys (ConfUtils.java:logGet(43)) - raft.server.log.queue.byte-limit = 2147483647 (custom)
2019-10-02 17:50:17,888 [pool-77-thread-1] INFO  server.RaftServerConfigKeys (ConfUtils.java:logGet(43)) - raft.server.log.statemachine.data.sync = true (default)
2019-10-02 17:50:17,888 [pool-37-thread-1] INFO  server.RaftServerConfigKeys (ConfUtils.java:logGet(43)) - raft.server.log.queue.element-limit = 1024 (custom)
2019-10-02 17:50:17,888 [pool-77-thread-1] INFO  server.RaftServerConfigKeys (ConfUtils.java:logGet(43)) - raft.server.log.statemachine.data.sync.timeout = 10s (default)
2019-10-02 17:50:17,888 [pool-67-thread-1] INFO  server.RaftServerConfigKeys (ConfUtils.java:logGet(43)) - raft.server.log.queue.element-limit = 1024 (custom)
2019-10-02 17:50:17,889 [pool-77-thread-1] INFO  server.RaftServerConfigKeys (ConfUtils.java:logGet(43)) - raft.server.log.statemachine.data.sync.timeout.retry = -1 (default)
2019-10-02 17:50:17,889 [pool-37-thread-1] INFO  server.RaftServerConfigKeys (ConfUtils.java:logGet(43)) - raft.server.log.segment.size.max = 1048576 (custom)
2019-10-02 17:50:17,889 [pool-67-thread-1] INFO  server.RaftServerConfigKeys (ConfUtils.java:logGet(43)) - raft.server.log.segment.size.max = 1048576 (custom)
2019-10-02 17:50:17,889 [pool-77-thread-1] INFO  server.RaftServerConfigKeys (ConfUtils.java:logGet(43)) - raft.server.log.statemachine.data.caching.enabled = true (custom)
2019-10-02 17:50:17,889 [pool-37-thread-1] INFO  server.RaftServerConfigKeys (ConfUtils.java:logGet(43)) - raft.server.log.preallocated.size = 16384 (custom)
2019-10-02 17:50:17,889 [pool-67-thread-1] INFO  server.RaftServerConfigKeys (ConfUtils.java:logGet(43)) - raft.server.log.preallocated.size = 16384 (custom)
2019-10-02 17:50:17,890 [pool-37-thread-1] INFO  server.RaftServerConfigKeys (ConfUtils.java:logGet(43)) - raft.server.log.write.buffer.size = 33554432 (custom)
2019-10-02 17:50:17,890 [pool-67-thread-1] INFO  server.RaftServerConfigKeys (ConfUtils.java:logGet(43)) - raft.server.log.write.buffer.size = 33554432 (custom)
2019-10-02 17:50:17,890 [pool-77-thread-1] INFO  segmented.SegmentedRaftLogWorker (SegmentedRaftLogWorker.java:lambda$new$0(128)) - dc00436c-138b-406c-8f35-4d0b5c3754bc@group-C857BDC09BA5-SegmentedRaftLogWorker: flushIndex: setUnconditionally 0 -> -1
2019-10-02 17:50:17,890 [pool-37-thread-1] INFO  server.RaftServerConfigKeys (ConfUtils.java:logGet(43)) - raft.server.log.force.sync.num = 128 (default)
2019-10-02 17:50:17,890 [pool-67-thread-1] INFO  server.RaftServerConfigKeys (ConfUtils.java:logGet(43)) - raft.server.log.force.sync.num = 128 (default)
2019-10-02 17:50:17,890 [pool-37-thread-1] INFO  server.RaftServerConfigKeys (ConfUtils.java:logGet(43)) - raft.server.log.statemachine.data.sync = true (default)
2019-10-02 17:50:17,890 [pool-77-thread-1] INFO  server.RaftServerConfigKeys (ConfUtils.java:logGet(43)) - raft.server.snapshot.auto.trigger.enabled = true (custom)
2019-10-02 17:50:17,890 [pool-67-thread-1] INFO  server.RaftServerConfigKeys (ConfUtils.java:logGet(43)) - raft.server.log.statemachine.data.sync = true (default)
2019-10-02 17:50:17,891 [pool-77-thread-1] INFO  server.RaftServerConfigKeys (ConfUtils.java:logGet(43)) - raft.server.snapshot.auto.trigger.threshold = 10000 (custom)
2019-10-02 17:50:17,890 [pool-37-thread-1] INFO  server.RaftServerConfigKeys (ConfUtils.java:logGet(43)) - raft.server.log.statemachine.data.sync.timeout = 10s (default)
2019-10-02 17:50:17,891 [pool-77-thread-1] INFO  server.RaftServerConfigKeys (ConfUtils.java:logGet(43)) - raft.server.snapshot.retention.file.num = 5 (custom)
2019-10-02 17:50:17,891 [pool-67-thread-1] INFO  server.RaftServerConfigKeys (ConfUtils.java:logGet(43)) - raft.server.log.statemachine.data.sync.timeout = 10s (default)
2019-10-02 17:50:17,891 [pool-77-thread-1] INFO  server.RaftServerConfigKeys (ConfUtils.java:logGet(43)) - raft.server.retrycache.expirytime = 600000ms (custom)
2019-10-02 17:50:17,891 [pool-37-thread-1] INFO  server.RaftServerConfigKeys (ConfUtils.java:logGet(43)) - raft.server.log.statemachine.data.sync.timeout.retry = -1 (default)
2019-10-02 17:50:17,891 [pool-67-thread-1] INFO  server.RaftServerConfigKeys (ConfUtils.java:logGet(43)) - raft.server.log.statemachine.data.sync.timeout.retry = -1 (default)
2019-10-02 17:50:17,891 [pool-37-thread-1] INFO  server.RaftServerConfigKeys (ConfUtils.java:logGet(43)) - raft.server.log.statemachine.data.caching.enabled = true (custom)
2019-10-02 17:50:17,892 [pool-67-thread-1] INFO  server.RaftServerConfigKeys (ConfUtils.java:logGet(43)) - raft.server.log.statemachine.data.caching.enabled = true (custom)
2019-10-02 17:50:17,892 [pool-37-thread-1] INFO  segmented.SegmentedRaftLogWorker (SegmentedRaftLogWorker.java:lambda$new$0(128)) - 8182f27e-27c9-4a2f-8b1e-959753d76c58@group-C857BDC09BA5-SegmentedRaftLogWorker: flushIndex: setUnconditionally 0 -> -1
2019-10-02 17:50:17,892 [pool-67-thread-1] INFO  segmented.SegmentedRaftLogWorker (SegmentedRaftLogWorker.java:lambda$new$0(128)) - cde4f2ee-ebe5-4cd0-b57a-bd620480943f@group-C857BDC09BA5-SegmentedRaftLogWorker: flushIndex: setUnconditionally 0 -> -1
2019-10-02 17:50:17,892 [pool-37-thread-1] INFO  server.RaftServerConfigKeys (ConfUtils.java:logGet(43)) - raft.server.snapshot.auto.trigger.enabled = true (custom)
2019-10-02 17:50:17,892 [pool-37-thread-1] INFO  server.RaftServerConfigKeys (ConfUtils.java:logGet(43)) - raft.server.snapshot.auto.trigger.threshold = 10000 (custom)
2019-10-02 17:50:17,892 [pool-67-thread-1] INFO  server.RaftServerConfigKeys (ConfUtils.java:logGet(43)) - raft.server.snapshot.auto.trigger.enabled = true (custom)
2019-10-02 17:50:17,892 [pool-37-thread-1] INFO  server.RaftServerConfigKeys (ConfUtils.java:logGet(43)) - raft.server.snapshot.retention.file.num = 5 (custom)
2019-10-02 17:50:17,892 [pool-67-thread-1] INFO  server.RaftServerConfigKeys (ConfUtils.java:logGet(43)) - raft.server.snapshot.auto.trigger.threshold = 10000 (custom)
2019-10-02 17:50:17,892 [pool-37-thread-1] INFO  server.RaftServerConfigKeys (ConfUtils.java:logGet(43)) - raft.server.retrycache.expirytime = 600000ms (custom)
2019-10-02 17:50:17,893 [pool-67-thread-1] INFO  server.RaftServerConfigKeys (ConfUtils.java:logGet(43)) - raft.server.snapshot.retention.file.num = 5 (custom)
2019-10-02 17:50:17,893 [pool-67-thread-1] INFO  server.RaftServerConfigKeys (ConfUtils.java:logGet(43)) - raft.server.retrycache.expirytime = 600000ms (custom)
2019-10-02 17:50:17,899 [pool-67-thread-1] INFO  impl.RaftServerImpl (RaftServerImpl.java:start(181)) - cde4f2ee-ebe5-4cd0-b57a-bd620480943f@group-C857BDC09BA5: start as a follower, conf=-1: [dc00436c-138b-406c-8f35-4d0b5c3754bc:192.168.151.72:35612, 8182f27e-27c9-4a2f-8b1e-959753d76c58:192.168.151.72:43142, cde4f2ee-ebe5-4cd0-b57a-bd620480943f:192.168.151.72:42212], old=null
2019-10-02 17:50:17,899 [pool-77-thread-1] INFO  impl.RaftServerImpl (RaftServerImpl.java:start(181)) - dc00436c-138b-406c-8f35-4d0b5c3754bc@group-C857BDC09BA5: start as a follower, conf=-1: [dc00436c-138b-406c-8f35-4d0b5c3754bc:192.168.151.72:35612, 8182f27e-27c9-4a2f-8b1e-959753d76c58:192.168.151.72:43142, cde4f2ee-ebe5-4cd0-b57a-bd620480943f:192.168.151.72:42212], old=null
2019-10-02 17:50:17,899 [pool-37-thread-1] INFO  impl.RaftServerImpl (RaftServerImpl.java:start(181)) - 8182f27e-27c9-4a2f-8b1e-959753d76c58@group-C857BDC09BA5: start as a follower, conf=-1: [dc00436c-138b-406c-8f35-4d0b5c3754bc:192.168.151.72:35612, 8182f27e-27c9-4a2f-8b1e-959753d76c58:192.168.151.72:43142, cde4f2ee-ebe5-4cd0-b57a-bd620480943f:192.168.151.72:42212], old=null
2019-10-02 17:50:17,900 [pool-77-thread-1] INFO  impl.RaftServerImpl (RaftServerImpl.java:setRole(170)) - dc00436c-138b-406c-8f35-4d0b5c3754bc@group-C857BDC09BA5: changes role from      null to FOLLOWER at term 0 for startAsFollower
2019-10-02 17:50:17,899 [pool-67-thread-1] INFO  impl.RaftServerImpl (RaftServerImpl.java:setRole(170)) - cde4f2ee-ebe5-4cd0-b57a-bd620480943f@group-C857BDC09BA5: changes role from      null to FOLLOWER at term 0 for startAsFollower
2019-10-02 17:50:17,900 [pool-77-thread-1] INFO  impl.RoleInfo (RoleInfo.java:updateAndGet(143)) - dc00436c-138b-406c-8f35-4d0b5c3754bc: start FollowerState
2019-10-02 17:50:17,900 [pool-37-thread-1] INFO  impl.RaftServerImpl (RaftServerImpl.java:setRole(170)) - 8182f27e-27c9-4a2f-8b1e-959753d76c58@group-C857BDC09BA5: changes role from      null to FOLLOWER at term 0 for startAsFollower
2019-10-02 17:50:17,900 [pool-67-thread-1] INFO  impl.RoleInfo (RoleInfo.java:updateAndGet(143)) - cde4f2ee-ebe5-4cd0-b57a-bd620480943f: start FollowerState
2019-10-02 17:50:17,900 [pool-37-thread-1] INFO  impl.RoleInfo (RoleInfo.java:updateAndGet(143)) - 8182f27e-27c9-4a2f-8b1e-959753d76c58: start FollowerState
2019-10-02 17:50:17,901 [pool-77-thread-1] INFO  util.JmxRegister (JmxRegister.java:tryRegister(44)) - Successfully registered JMX Bean with object name Ratis:service=RaftServer,group=group-C857BDC09BA5,id=dc00436c-138b-406c-8f35-4d0b5c3754bc
2019-10-02 17:50:17,901 [pool-67-thread-1] INFO  util.JmxRegister (JmxRegister.java:tryRegister(44)) - Successfully registered JMX Bean with object name Ratis:service=RaftServer,group=group-C857BDC09BA5,id=cde4f2ee-ebe5-4cd0-b57a-bd620480943f
2019-10-02 17:50:17,901 [pool-37-thread-1] INFO  util.JmxRegister (JmxRegister.java:tryRegister(44)) - Successfully registered JMX Bean with object name Ratis:service=RaftServer,group=group-C857BDC09BA5,id=8182f27e-27c9-4a2f-8b1e-959753d76c58
2019-10-02 17:50:17,914 [RatisPipelineUtilsThread] INFO  pipeline.PipelineStateManager (PipelineStateManager.java:addPipeline(56)) - Created pipeline Pipeline[ Id: 0f4e784a-92ac-436e-8bb3-c857bdc09ba5, Nodes: cde4f2ee-ebe5-4cd0-b57a-bd620480943f{ip: 192.168.151.72, host: pr-trunk-fgz7f-2353921243, networkLocation: /default-rack, certSerialId: null}8182f27e-27c9-4a2f-8b1e-959753d76c58{ip: 192.168.151.72, host: pr-trunk-fgz7f-2353921243, networkLocation: /default-rack, certSerialId: null}dc00436c-138b-406c-8f35-4d0b5c3754bc{ip: 192.168.151.72, host: pr-trunk-fgz7f-2353921243, networkLocation: /default-rack, certSerialId: null}, Type:RATIS, Factor:THREE, State:OPEN]
2019-10-02 17:50:18,881 [main] WARN  io.KeyOutputStream (KeyOutputStream.java:handleException(274)) - Encountered exception java.io.IOException: Unexpected Storage Container Exception: java.util.concurrent.CompletionException: java.util.concurrent.CompletionException: org.apache.ratis.protocol.GroupMismatchException: cde4f2ee-ebe5-4cd0-b57a-bd620480943f: group-9CF56ACD23FC not found. on the pipeline Pipeline[ Id: ee817922-8597-44e3-9516-9cf56acd23fc, Nodes: cde4f2ee-ebe5-4cd0-b57a-bd620480943f{ip: 192.168.151.72, host: pr-trunk-fgz7f-2353921243, networkLocation: /default-rack, certSerialId: null}8182f27e-27c9-4a2f-8b1e-959753d76c58{ip: 192.168.151.72, host: pr-trunk-fgz7f-2353921243, networkLocation: /default-rack, certSerialId: null}dc00436c-138b-406c-8f35-4d0b5c3754bc{ip: 192.168.151.72, host: pr-trunk-fgz7f-2353921243, networkLocation: /default-rack, certSerialId: null}, Type:RATIS, Factor:THREE, State:OPEN]. The last committed block length is 0, uncommitted data length is 400 retry count 0
2019-10-02 17:50:19,110 [pool-26-thread-1] ERROR impl.ChunkManagerImpl (ChunkUtils.java:writeData(89)) - data array does not match the length specified. DataLen: 100 Byte Array: 246
2019-10-02 17:50:19,114 [pool-26-thread-1] INFO  keyvalue.KeyValueHandler (ContainerUtils.java:logAndReturnError(146)) - Operation: WriteChunk : Trace ID: 67675b0f38f69e9c:67675b0f38f69e9c:0:0 : Message: data array does not match the length specified. DataLen: 100 Byte Array: 246 : Result: INVALID_WRITE_SIZE
17:50:19.146 [pool-26-thread-1] ERROR DNAudit - user=null | ip=null | op=WRITE_CHUNK {blockData=conID: 2 locID: 102894050929606658 bcsId: 0} | ret=FAILURE
java.lang.Exception: data array does not match the length specified. DataLen: 100 Byte Array: 246
	at org.apache.hadoop.ozone.container.common.impl.HddsDispatcher.dispatchRequest(HddsDispatcher.java:330) ~[hadoop-hdds-container-service-0.5.0-SNAPSHOT.jar:?]
	at org.apache.hadoop.ozone.container.common.impl.HddsDispatcher.dispatch(HddsDispatcher.java:150) ~[hadoop-hdds-container-service-0.5.0-SNAPSHOT.jar:?]
	at org.apache.hadoop.ozone.container.common.transport.server.ratis.ContainerStateMachine.dispatchCommand(ContainerStateMachine.java:411) ~[hadoop-hdds-container-service-0.5.0-SNAPSHOT.jar:?]
	at org.apache.hadoop.ozone.container.common.transport.server.ratis.ContainerStateMachine.runCommand(ContainerStateMachine.java:419) ~[hadoop-hdds-container-service-0.5.0-SNAPSHOT.jar:?]
	at org.apache.hadoop.ozone.container.common.transport.server.ratis.ContainerStateMachine.lambda$handleWriteChunk$1(ContainerStateMachine.java:454) ~[hadoop-hdds-container-service-0.5.0-SNAPSHOT.jar:?]
	at java.util.concurrent.CompletableFuture$AsyncSupply.run(CompletableFuture.java:1590) [?:1.8.0_212]
	at java.util.concurrent.ThreadPoolExecutor.runWorker(ThreadPoolExecutor.java:1149) [?:1.8.0_212]
	at java.util.concurrent.ThreadPoolExecutor$Worker.run(ThreadPoolExecutor.java:624) [?:1.8.0_212]
	at java.lang.Thread.run(Thread.java:748) [?:1.8.0_212]
2019-10-02 17:50:19,149 [EventQueue-IncrementalContainerReportForIncrementalContainerReportHandler] WARN  container.IncrementalContainerReportHandler (AbstractContainerReportHandler.java:updateContainerState(143)) - Container #2 is in OPEN state, but the datanode 49c112d4-02f4-49c2-90bf-c7b46ec7b63a{ip: 192.168.151.72, host: pr-trunk-fgz7f-2353921243, networkLocation: /default-rack, certSerialId: null} reports an UNHEALTHY replica.
2019-10-02 17:50:19,149 [pool-26-thread-1] ERROR ratis.ContainerStateMachine (ContainerStateMachine.java:lambda$handleWriteChunk$2(474)) - group-E5FDCECD392C: writeChunk writeStateMachineData failed: blockIdcontainerID: 2
localID: 102894050929606658
blockCommitSequenceId: 0
 logIndex 1 chunkName 102894050929606658_chunk_1 Error message: data array does not match the length specified. DataLen: 100 Byte Array: 246 Container Result: INVALID_WRITE_SIZE
2019-10-02 17:50:19,151 [EventQueue-CloseContainerForCloseContainerEventHandler] INFO  container.CloseContainerEventHandler (CloseContainerEventHandler.java:onMessage(61)) - Close container Event triggered for container : #2
2019-10-02 17:50:19,153 [49c112d4-02f4-49c2-90bf-c7b46ec7b63a@group-E5FDCECD392C-SegmentedRaftLogWorker] ERROR ratis.XceiverServerRatis (XceiverServerRatis.java:triggerPipelineClose(581)) - pipeline Action CLOSE  on pipeline PipelineID=7f052c33-4392-478d-bc27-e5fdcecd392c.Reason : data array does not match the length specified. DataLen: 100 Byte Array: 246
2019-10-02 17:50:19,153 [49c112d4-02f4-49c2-90bf-c7b46ec7b63a@group-E5FDCECD392C-SegmentedRaftLogWorker] ERROR ratis.XceiverServerRatis (XceiverServerRatis.java:triggerPipelineClose(581)) - pipeline Action CLOSE  on pipeline PipelineID=7f052c33-4392-478d-bc27-e5fdcecd392c.Reason : Log already failed at index 1 for task WriteLog:1: (t:1, i:1), STATEMACHINELOGENTRY, client-DD9BE0F6770E, cid=25
2019-10-02 17:50:19,154 [EventQueue-PipelineActionsForPipelineActionHandler] ERROR pipeline.PipelineActionHandler (PipelineActionHandler.java:onMessage(60)) - Received pipeline action CLOSE for Pipeline[ Id: 7f052c33-4392-478d-bc27-e5fdcecd392c, Nodes: e7bd1734-ef6c-4cf8-b88c-8a1061e7af66{ip: 192.168.151.72, host: pr-trunk-fgz7f-2353921243, networkLocation: /default-rack, certSerialId: null}49c112d4-02f4-49c2-90bf-c7b46ec7b63a{ip: 192.168.151.72, host: pr-trunk-fgz7f-2353921243, networkLocation: /default-rack, certSerialId: null}c6bdf12a-094f-42bc-87c0-f082ef291ed8{ip: 192.168.151.72, host: pr-trunk-fgz7f-2353921243, networkLocation: /default-rack, certSerialId: null}, Type:RATIS, Factor:THREE, State:OPEN] from datanode 49c112d4-02f4-49c2-90bf-c7b46ec7b63a{ip: 192.168.151.72, host: pr-trunk-fgz7f-2353921243, networkLocation: /default-rack, certSerialId: null}. Reason : data array does not match the length specified. DataLen: 100 Byte Array: 246
2019-10-02 17:50:19,154 [EventQueue-PipelineActionsForPipelineActionHandler] INFO  pipeline.SCMPipelineManager (SCMPipelineManager.java:finalizeAndDestroyPipeline(315)) - destroying pipeline:Pipeline[ Id: 7f052c33-4392-478d-bc27-e5fdcecd392c, Nodes: e7bd1734-ef6c-4cf8-b88c-8a1061e7af66{ip: 192.168.151.72, host: pr-trunk-fgz7f-2353921243, networkLocation: /default-rack, certSerialId: null}49c112d4-02f4-49c2-90bf-c7b46ec7b63a{ip: 192.168.151.72, host: pr-trunk-fgz7f-2353921243, networkLocation: /default-rack, certSerialId: null}c6bdf12a-094f-42bc-87c0-f082ef291ed8{ip: 192.168.151.72, host: pr-trunk-fgz7f-2353921243, networkLocation: /default-rack, certSerialId: null}, Type:RATIS, Factor:THREE, State:OPEN]
2019-10-02 17:50:19,154 [EventQueue-PipelineActionsForPipelineActionHandler] INFO  pipeline.PipelineStateManager (PipelineStateManager.java:finalizePipeline(123)) - Pipeline Pipeline[ Id: 7f052c33-4392-478d-bc27-e5fdcecd392c, Nodes: e7bd1734-ef6c-4cf8-b88c-8a1061e7af66{ip: 192.168.151.72, host: pr-trunk-fgz7f-2353921243, networkLocation: /default-rack, certSerialId: null}49c112d4-02f4-49c2-90bf-c7b46ec7b63a{ip: 192.168.151.72, host: pr-trunk-fgz7f-2353921243, networkLocation: /default-rack, certSerialId: null}c6bdf12a-094f-42bc-87c0-f082ef291ed8{ip: 192.168.151.72, host: pr-trunk-fgz7f-2353921243, networkLocation: /default-rack, certSerialId: null}, Type:RATIS, Factor:THREE, State:CLOSED] moved to CLOSED state
2019-10-02 17:50:19,155 [EventQueue-PipelineActionsForPipelineActionHandler] ERROR pipeline.PipelineActionHandler (PipelineActionHandler.java:onMessage(60)) - Received pipeline action CLOSE for Pipeline[ Id: 7f052c33-4392-478d-bc27-e5fdcecd392c, Nodes: e7bd1734-ef6c-4cf8-b88c-8a1061e7af66{ip: 192.168.151.72, host: pr-trunk-fgz7f-2353921243, networkLocation: /default-rack, certSerialId: null}49c112d4-02f4-49c2-90bf-c7b46ec7b63a{ip: 192.168.151.72, host: pr-trunk-fgz7f-2353921243, networkLocation: /default-rack, certSerialId: null}c6bdf12a-094f-42bc-87c0-f082ef291ed8{ip: 192.168.151.72, host: pr-trunk-fgz7f-2353921243, networkLocation: /default-rack, certSerialId: null}, Type:RATIS, Factor:THREE, State:CLOSED] from datanode 49c112d4-02f4-49c2-90bf-c7b46ec7b63a{ip: 192.168.151.72, host: pr-trunk-fgz7f-2353921243, networkLocation: /default-rack, certSerialId: null}. Reason : Log already failed at index 1 for task WriteLog:1: (t:1, i:1), STATEMACHINELOGENTRY, client-DD9BE0F6770E, cid=25
2019-10-02 17:50:19,155 [EventQueue-PipelineActionsForPipelineActionHandler] INFO  pipeline.SCMPipelineManager (SCMPipelineManager.java:finalizeAndDestroyPipeline(315)) - destroying pipeline:Pipeline[ Id: 7f052c33-4392-478d-bc27-e5fdcecd392c, Nodes: e7bd1734-ef6c-4cf8-b88c-8a1061e7af66{ip: 192.168.151.72, host: pr-trunk-fgz7f-2353921243, networkLocation: /default-rack, certSerialId: null}49c112d4-02f4-49c2-90bf-c7b46ec7b63a{ip: 192.168.151.72, host: pr-trunk-fgz7f-2353921243, networkLocation: /default-rack, certSerialId: null}c6bdf12a-094f-42bc-87c0-f082ef291ed8{ip: 192.168.151.72, host: pr-trunk-fgz7f-2353921243, networkLocation: /default-rack, certSerialId: null}, Type:RATIS, Factor:THREE, State:CLOSED]
2019-10-02 17:50:21,977 [java.util.concurrent.ThreadPoolExecutor$Worker@2321d6f9[State = -1, empty queue]] ERROR client.GrpcClientProtocolClient (GrpcClientProtocolClient.java:close(148)) - Unexpected exception while waiting for channel termination
java.lang.InterruptedException
	at java.util.concurrent.locks.AbstractQueuedSynchronizer.tryAcquireSharedNanos(AbstractQueuedSynchronizer.java:1326)
	at java.util.concurrent.CountDownLatch.await(CountDownLatch.java:277)
	at org.apache.ratis.thirdparty.io.grpc.internal.ManagedChannelImpl.awaitTermination(ManagedChannelImpl.java:763)
	at org.apache.ratis.thirdparty.io.grpc.internal.ForwardingManagedChannel.awaitTermination(ForwardingManagedChannel.java:57)
	at org.apache.ratis.thirdparty.io.grpc.internal.ManagedChannelOrphanWrapper.awaitTermination(ManagedChannelOrphanWrapper.java:70)
	at org.apache.ratis.grpc.client.GrpcClientProtocolClient.close(GrpcClientProtocolClient.java:146)
	at org.apache.ratis.util.PeerProxyMap$PeerAndProxy.lambda$close$1(PeerProxyMap.java:74)
	at org.apache.ratis.util.LifeCycle.lambda$checkStateAndClose$2(LifeCycle.java:231)
	at org.apache.ratis.util.LifeCycle.checkStateAndClose(LifeCycle.java:251)
	at org.apache.ratis.util.LifeCycle.checkStateAndClose(LifeCycle.java:229)
	at org.apache.ratis.util.PeerProxyMap$PeerAndProxy.close(PeerProxyMap.java:70)
	at org.apache.ratis.util.PeerProxyMap.resetProxy(PeerProxyMap.java:127)
	at org.apache.ratis.util.PeerProxyMap.handleException(PeerProxyMap.java:136)
	at org.apache.ratis.client.impl.RaftClientRpcWithProxy.handleException(RaftClientRpcWithProxy.java:47)
	at org.apache.ratis.client.impl.RaftClientImpl.handleIOException(RaftClientImpl.java:372)
	at org.apache.ratis.client.impl.OrderedAsync.lambda$sendRequest$10(OrderedAsync.java:236)
	at java.util.concurrent.CompletableFuture.uniExceptionally(CompletableFuture.java:870)
	at java.util.concurrent.CompletableFuture$UniExceptionally.tryFire(CompletableFuture.java:852)
	at java.util.concurrent.CompletableFuture.postComplete(CompletableFuture.java:474)
	at java.util.concurrent.CompletableFuture.completeExceptionally(CompletableFuture.java:1977)
	at org.apache.ratis.grpc.client.GrpcClientProtocolClient$AsyncStreamObservers.lambda$timeoutCheck$3(GrpcClientProtocolClient.java:324)
	at java.util.Optional.ifPresent(Optional.java:159)
	at org.apache.ratis.grpc.client.GrpcClientProtocolClient$AsyncStreamObservers.handleReplyFuture(GrpcClientProtocolClient.java:329)
	at org.apache.ratis.grpc.client.GrpcClientProtocolClient$AsyncStreamObservers.timeoutCheck(GrpcClientProtocolClient.java:324)
	at org.apache.ratis.grpc.client.GrpcClientProtocolClient$AsyncStreamObservers.lambda$onNext$1(GrpcClientProtocolClient.java:318)
	at org.apache.ratis.util.TimeoutScheduler.lambda$onTimeout$0(TimeoutScheduler.java:113)
	at org.apache.ratis.util.TimeoutScheduler.lambda$onTimeout$1(TimeoutScheduler.java:133)
	at org.apache.ratis.util.LogUtils.runAndLog(LogUtils.java:50)
	at org.apache.ratis.util.LogUtils$1.run(LogUtils.java:91)
	at java.util.concurrent.Executors$RunnableAdapter.call(Executors.java:511)
	at java.util.concurrent.FutureTask.run(FutureTask.java:266)
	at java.util.concurrent.ScheduledThreadPoolExecutor$ScheduledFutureTask.access$201(ScheduledThreadPoolExecutor.java:180)
	at java.util.concurrent.ScheduledThreadPoolExecutor$ScheduledFutureTask.run(ScheduledThreadPoolExecutor.java:293)
	at java.util.concurrent.ThreadPoolExecutor.runWorker(ThreadPoolExecutor.java:1149)
	at java.util.concurrent.ThreadPoolExecutor$Worker.run(ThreadPoolExecutor.java:624)
	at java.lang.Thread.run(Thread.java:748)
2019-10-02 17:50:21,982 [java.util.concurrent.ThreadPoolExecutor$Worker@2321d6f9[State = -1, empty queue]] WARN  util.TimeoutScheduler (LogUtils.java:runAndLog(55)) - Failed to task #0: java.lang.NullPointerException
2019-10-02 17:50:22,901 [Thread-514] INFO  impl.FollowerState (FollowerState.java:run(108)) - 8182f27e-27c9-4a2f-8b1e-959753d76c58@group-C857BDC09BA5-FollowerState: change to CANDIDATE, lastRpcTime:5000ms, electionTimeout:5000ms
2019-10-02 17:50:22,904 [Thread-514] INFO  impl.RoleInfo (RoleInfo.java:shutdownFollowerState(121)) - 8182f27e-27c9-4a2f-8b1e-959753d76c58: shutdown FollowerState
2019-10-02 17:50:22,904 [Thread-514] INFO  impl.RaftServerImpl (RaftServerImpl.java:setRole(170)) - 8182f27e-27c9-4a2f-8b1e-959753d76c58@group-C857BDC09BA5: changes role from  FOLLOWER to CANDIDATE at term 0 for changeToCandidate
2019-10-02 17:50:22,904 [Thread-514] INFO  impl.RoleInfo (RoleInfo.java:updateAndGet(143)) - 8182f27e-27c9-4a2f-8b1e-959753d76c58: start LeaderElection
2019-10-02 17:50:22,933 [8182f27e-27c9-4a2f-8b1e-959753d76c58@group-C857BDC09BA5-LeaderElection10] INFO  impl.LeaderElection (LeaderElection.java:askForVotes(178)) - 8182f27e-27c9-4a2f-8b1e-959753d76c58@group-C857BDC09BA5-LeaderElection10: begin an election at term 1 for -1: [dc00436c-138b-406c-8f35-4d0b5c3754bc:192.168.151.72:35612, 8182f27e-27c9-4a2f-8b1e-959753d76c58:192.168.151.72:43142, cde4f2ee-ebe5-4cd0-b57a-bd620480943f:192.168.151.72:42212], old=null
2019-10-02 17:50:22,947 [grpc-default-executor-3] INFO  impl.RaftServerImpl (RaftServerImpl.java:setRole(170)) - cde4f2ee-ebe5-4cd0-b57a-bd620480943f@group-C857BDC09BA5: changes role from  FOLLOWER to FOLLOWER at term 1 for recognizeCandidate:8182f27e-27c9-4a2f-8b1e-959753d76c58
2019-10-02 17:50:22,948 [grpc-default-executor-3] INFO  impl.RoleInfo (RoleInfo.java:shutdownFollowerState(121)) - cde4f2ee-ebe5-4cd0-b57a-bd620480943f: shutdown FollowerState
2019-10-02 17:50:22,952 [grpc-default-executor-3] INFO  impl.RoleInfo (RoleInfo.java:updateAndGet(143)) - cde4f2ee-ebe5-4cd0-b57a-bd620480943f: start FollowerState
2019-10-02 17:50:22,952 [Thread-513] INFO  impl.FollowerState (FollowerState.java:run(117)) - cde4f2ee-ebe5-4cd0-b57a-bd620480943f@group-C857BDC09BA5-FollowerState was interrupted: java.lang.InterruptedException: sleep interrupted
2019-10-02 17:50:22,952 [grpc-default-executor-2] INFO  impl.RaftServerImpl (RaftServerImpl.java:setRole(170)) - dc00436c-138b-406c-8f35-4d0b5c3754bc@group-C857BDC09BA5: changes role from  FOLLOWER to FOLLOWER at term 1 for recognizeCandidate:8182f27e-27c9-4a2f-8b1e-959753d76c58
2019-10-02 17:50:22,955 [grpc-default-executor-2] INFO  impl.RoleInfo (RoleInfo.java:shutdownFollowerState(121)) - dc00436c-138b-406c-8f35-4d0b5c3754bc: shutdown FollowerState
2019-10-02 17:50:22,955 [grpc-default-executor-2] INFO  impl.RoleInfo (RoleInfo.java:updateAndGet(143)) - dc00436c-138b-406c-8f35-4d0b5c3754bc: start FollowerState
2019-10-02 17:50:22,955 [Thread-512] INFO  impl.FollowerState (FollowerState.java:run(117)) - dc00436c-138b-406c-8f35-4d0b5c3754bc@group-C857BDC09BA5-FollowerState was interrupted: java.lang.InterruptedException: sleep interrupted
2019-10-02 17:50:22,962 [8182f27e-27c9-4a2f-8b1e-959753d76c58@group-C857BDC09BA5-LeaderElection10] INFO  impl.LeaderElection (LeaderElection.java:logAndReturn(56)) - 8182f27e-27c9-4a2f-8b1e-959753d76c58@group-C857BDC09BA5-LeaderElection10: Election PASSED; received 1 response(s) [8182f27e-27c9-4a2f-8b1e-959753d76c58<-cde4f2ee-ebe5-4cd0-b57a-bd620480943f#0:OK-t1] and 0 exception(s); 8182f27e-27c9-4a2f-8b1e-959753d76c58@group-C857BDC09BA5:t1, leader=null, voted=8182f27e-27c9-4a2f-8b1e-959753d76c58, raftlog=8182f27e-27c9-4a2f-8b1e-959753d76c58@group-C857BDC09BA5-SegmentedRaftLog:OPENED:c-1,f-1,i0, conf=-1: [dc00436c-138b-406c-8f35-4d0b5c3754bc:192.168.151.72:35612, 8182f27e-27c9-4a2f-8b1e-959753d76c58:192.168.151.72:43142, cde4f2ee-ebe5-4cd0-b57a-bd620480943f:192.168.151.72:42212], old=null
2019-10-02 17:50:22,962 [8182f27e-27c9-4a2f-8b1e-959753d76c58@group-C857BDC09BA5-LeaderElection10] INFO  impl.RoleInfo (RoleInfo.java:shutdownLeaderElection(134)) - 8182f27e-27c9-4a2f-8b1e-959753d76c58: shutdown LeaderElection
2019-10-02 17:50:22,966 [8182f27e-27c9-4a2f-8b1e-959753d76c58@group-C857BDC09BA5-LeaderElection10] INFO  impl.RaftServerImpl (RaftServerImpl.java:setRole(170)) - 8182f27e-27c9-4a2f-8b1e-959753d76c58@group-C857BDC09BA5: changes role from CANDIDATE to LEADER at term 1 for changeToLeader
2019-10-02 17:50:22,966 [8182f27e-27c9-4a2f-8b1e-959753d76c58@group-C857BDC09BA5-LeaderElection10] INFO  impl.RaftServerImpl (ServerState.java:setLeader(255)) - 8182f27e-27c9-4a2f-8b1e-959753d76c58@group-C857BDC09BA5: change Leader from null to 8182f27e-27c9-4a2f-8b1e-959753d76c58 at term 1 for becomeLeader, leader elected after 5082ms
2019-10-02 17:50:22,966 [8182f27e-27c9-4a2f-8b1e-959753d76c58@group-C857BDC09BA5-LeaderElection10] INFO  server.RaftServerConfigKeys (ConfUtils.java:logGet(43)) - raft.server.staging.catchup.gap = 1000 (default)
2019-10-02 17:50:22,969 [8182f27e-27c9-4a2f-8b1e-959753d76c58@group-C857BDC09BA5-LeaderElection10] INFO  server.RaftServerConfigKeys (ConfUtils.java:logGet(43)) - raft.server.rpc.sleep.time = 25ms (default)
2019-10-02 17:50:22,969 [8182f27e-27c9-4a2f-8b1e-959753d76c58@group-C857BDC09BA5-LeaderElection10] INFO  server.RaftServerConfigKeys (ConfUtils.java:logGet(43)) - raft.server.write.element-limit = 4096 (default)
2019-10-02 17:50:22,969 [8182f27e-27c9-4a2f-8b1e-959753d76c58@group-C857BDC09BA5-LeaderElection10] INFO  server.RaftServerConfigKeys (ConfUtils.java:logGet(43)) - raft.server.watch.timeout = 10s (default)
2019-10-02 17:50:22,970 [8182f27e-27c9-4a2f-8b1e-959753d76c58@group-C857BDC09BA5-LeaderElection10] INFO  server.RaftServerConfigKeys (ConfUtils.java:logGet(43)) - raft.server.watch.timeout.denomination = 1s (default)
2019-10-02 17:50:22,970 [8182f27e-27c9-4a2f-8b1e-959753d76c58@group-C857BDC09BA5-LeaderElection10] INFO  server.RaftServerConfigKeys (ConfUtils.java:logGet(43)) - raft.server.watch.element-limit = 65536 (default)
2019-10-02 17:50:22,974 [8182f27e-27c9-4a2f-8b1e-959753d76c58@group-C857BDC09BA5-LeaderElection10] INFO  server.RaftServerConfigKeys (ConfUtils.java:logGet(43)) - raft.server.log.appender.snapshot.chunk.size.max = 16MB (=16777216) (default)
2019-10-02 17:50:22,974 [8182f27e-27c9-4a2f-8b1e-959753d76c58@group-C857BDC09BA5-LeaderElection10] INFO  server.RaftServerConfigKeys (ConfUtils.java:logGet(43)) - raft.server.log.appender.buffer.byte-limit = 33554432 (custom)
2019-10-02 17:50:22,974 [8182f27e-27c9-4a2f-8b1e-959753d76c58@group-C857BDC09BA5-LeaderElection10] INFO  server.RaftServerConfigKeys (ConfUtils.java:logGet(43)) - raft.server.log.appender.buffer.element-limit = 1 (custom)
2019-10-02 17:50:22,975 [8182f27e-27c9-4a2f-8b1e-959753d76c58@group-C857BDC09BA5-LeaderElection10] INFO  grpc.GrpcConfigKeys$Server (ConfUtils.java:logGet(43)) - raft.grpc.server.leader.outstanding.appends.max = 128 (default)
2019-10-02 17:50:22,975 [8182f27e-27c9-4a2f-8b1e-959753d76c58@group-C857BDC09BA5-LeaderElection10] INFO  server.RaftServerConfigKeys (ConfUtils.java:logGet(43)) - raft.server.rpc.request.timeout = 3000ms (default)
2019-10-02 17:50:22,975 [8182f27e-27c9-4a2f-8b1e-959753d76c58@group-C857BDC09BA5-LeaderElection10] INFO  server.RaftServerConfigKeys (ConfUtils.java:logGet(43)) - raft.server.log.appender.install.snapshot.enabled = false (custom)
2019-10-02 17:50:22,975 [8182f27e-27c9-4a2f-8b1e-959753d76c58@group-C857BDC09BA5-LeaderElection10] INFO  server.RaftServerConfigKeys (ConfUtils.java:logGet(43)) - raft.server.log.appender.snapshot.chunk.size.max = 16MB (=16777216) (default)
2019-10-02 17:50:22,975 [8182f27e-27c9-4a2f-8b1e-959753d76c58@group-C857BDC09BA5-LeaderElection10] INFO  server.RaftServerConfigKeys (ConfUtils.java:logGet(43)) - raft.server.log.appender.buffer.byte-limit = 33554432 (custom)
2019-10-02 17:50:22,976 [8182f27e-27c9-4a2f-8b1e-959753d76c58@group-C857BDC09BA5-LeaderElection10] INFO  server.RaftServerConfigKeys (ConfUtils.java:logGet(43)) - raft.server.log.appender.buffer.element-limit = 1 (custom)
2019-10-02 17:50:22,976 [8182f27e-27c9-4a2f-8b1e-959753d76c58@group-C857BDC09BA5-LeaderElection10] INFO  grpc.GrpcConfigKeys$Server (ConfUtils.java:logGet(43)) - raft.grpc.server.leader.outstanding.appends.max = 128 (default)
2019-10-02 17:50:22,976 [8182f27e-27c9-4a2f-8b1e-959753d76c58@group-C857BDC09BA5-LeaderElection10] INFO  server.RaftServerConfigKeys (ConfUtils.java:logGet(43)) - raft.server.rpc.request.timeout = 3000ms (default)
2019-10-02 17:50:22,976 [8182f27e-27c9-4a2f-8b1e-959753d76c58@group-C857BDC09BA5-LeaderElection10] INFO  server.RaftServerConfigKeys (ConfUtils.java:logGet(43)) - raft.server.log.appender.install.snapshot.enabled = false (custom)
2019-10-02 17:50:22,977 [8182f27e-27c9-4a2f-8b1e-959753d76c58@group-C857BDC09BA5-LeaderElection10] INFO  impl.RoleInfo (RoleInfo.java:updateAndGet(143)) - 8182f27e-27c9-4a2f-8b1e-959753d76c58: start LeaderState
2019-10-02 17:50:22,977 [8182f27e-27c9-4a2f-8b1e-959753d76c58@group-C857BDC09BA5-LeaderElection10] INFO  segmented.SegmentedRaftLogWorker (SegmentedRaftLogWorker.java:startLogSegment(385)) - 8182f27e-27c9-4a2f-8b1e-959753d76c58@group-C857BDC09BA5-SegmentedRaftLogWorker: Starting segment from index:0
2019-10-02 17:50:22,978 [8182f27e-27c9-4a2f-8b1e-959753d76c58@group-C857BDC09BA5-LeaderElection10] INFO  impl.RaftServerImpl (ServerState.java:setRaftConf(356)) - 8182f27e-27c9-4a2f-8b1e-959753d76c58@group-C857BDC09BA5: set configuration 0: [dc00436c-138b-406c-8f35-4d0b5c3754bc:192.168.151.72:35612, 8182f27e-27c9-4a2f-8b1e-959753d76c58:192.168.151.72:43142, cde4f2ee-ebe5-4cd0-b57a-bd620480943f:192.168.151.72:42212], old=null at 0
2019-10-02 17:50:23,018 [8182f27e-27c9-4a2f-8b1e-959753d76c58@group-C857BDC09BA5-SegmentedRaftLogWorker] INFO  segmented.SegmentedRaftLogWorker (SegmentedRaftLogWorker.java:execute(574)) - 8182f27e-27c9-4a2f-8b1e-959753d76c58@group-C857BDC09BA5-SegmentedRaftLogWorker: created new log segment /workdir/hadoop-ozone/integration-test/target/test-dir/MiniOzoneClusterImpl-d02e41fa-f6e1-4cca-b896-e100a645b5cc/datanode-1/data/ratis/0f4e784a-92ac-436e-8bb3-c857bdc09ba5/current/log_inprogress_0
2019-10-02 17:50:23,021 [grpc-default-executor-2] INFO  impl.RaftServerImpl (ServerState.java:setLeader(255)) - dc00436c-138b-406c-8f35-4d0b5c3754bc@group-C857BDC09BA5: change Leader from null to 8182f27e-27c9-4a2f-8b1e-959753d76c58 at term 1 for appendEntries, leader elected after 5136ms
2019-10-02 17:50:23,023 [grpc-default-executor-1] INFO  impl.RaftServerImpl (ServerState.java:setLeader(255)) - cde4f2ee-ebe5-4cd0-b57a-bd620480943f@group-C857BDC09BA5: change Leader from null to 8182f27e-27c9-4a2f-8b1e-959753d76c58 at term 1 for appendEntries, leader elected after 5139ms
2019-10-02 17:50:23,032 [grpc-default-executor-2] INFO  impl.RaftServerImpl (ServerState.java:setRaftConf(356)) - dc00436c-138b-406c-8f35-4d0b5c3754bc@group-C857BDC09BA5: set configuration 0: [dc00436c-138b-406c-8f35-4d0b5c3754bc:192.168.151.72:35612, 8182f27e-27c9-4a2f-8b1e-959753d76c58:192.168.151.72:43142, cde4f2ee-ebe5-4cd0-b57a-bd620480943f:192.168.151.72:42212], old=null at 0
2019-10-02 17:50:23,032 [grpc-default-executor-2] INFO  segmented.SegmentedRaftLogWorker (SegmentedRaftLogWorker.java:startLogSegment(385)) - dc00436c-138b-406c-8f35-4d0b5c3754bc@group-C857BDC09BA5-SegmentedRaftLogWorker: Starting segment from index:0
2019-10-02 17:50:23,035 [grpc-default-executor-1] INFO  impl.RaftServerImpl (ServerState.java:setRaftConf(356)) - cde4f2ee-ebe5-4cd0-b57a-bd620480943f@group-C857BDC09BA5: set configuration 0: [dc00436c-138b-406c-8f35-4d0b5c3754bc:192.168.151.72:35612, 8182f27e-27c9-4a2f-8b1e-959753d76c58:192.168.151.72:43142, cde4f2ee-ebe5-4cd0-b57a-bd620480943f:192.168.151.72:42212], old=null at 0
2019-10-02 17:50:23,035 [grpc-default-executor-1] INFO  segmented.SegmentedRaftLogWorker (SegmentedRaftLogWorker.java:startLogSegment(385)) - cde4f2ee-ebe5-4cd0-b57a-bd620480943f@group-C857BDC09BA5-SegmentedRaftLogWorker: Starting segment from index:0
2019-10-02 17:50:23,116 [dc00436c-138b-406c-8f35-4d0b5c3754bc@group-C857BDC09BA5-SegmentedRaftLogWorker] INFO  segmented.SegmentedRaftLogWorker (SegmentedRaftLogWorker.java:execute(574)) - dc00436c-138b-406c-8f35-4d0b5c3754bc@group-C857BDC09BA5-SegmentedRaftLogWorker: created new log segment /workdir/hadoop-ozone/integration-test/target/test-dir/MiniOzoneClusterImpl-d02e41fa-f6e1-4cca-b896-e100a645b5cc/datanode-5/data/ratis/0f4e784a-92ac-436e-8bb3-c857bdc09ba5/current/log_inprogress_0
2019-10-02 17:50:23,120 [cde4f2ee-ebe5-4cd0-b57a-bd620480943f@group-C857BDC09BA5-SegmentedRaftLogWorker] INFO  segmented.SegmentedRaftLogWorker (SegmentedRaftLogWorker.java:execute(574)) - cde4f2ee-ebe5-4cd0-b57a-bd620480943f@group-C857BDC09BA5-SegmentedRaftLogWorker: created new log segment /workdir/hadoop-ozone/integration-test/target/test-dir/MiniOzoneClusterImpl-d02e41fa-f6e1-4cca-b896-e100a645b5cc/datanode-4/data/ratis/0f4e784a-92ac-436e-8bb3-c857bdc09ba5/current/log_inprogress_0
2019-10-02 17:50:26,130 [java.util.concurrent.ThreadPoolExecutor$Worker@47401611[State = -1, empty queue]] ERROR client.GrpcClientProtocolClient (GrpcClientProtocolClient.java:close(148)) - Unexpected exception while waiting for channel termination
java.lang.InterruptedException
	at java.util.concurrent.locks.AbstractQueuedSynchronizer.tryAcquireSharedNanos(AbstractQueuedSynchronizer.java:1326)
	at java.util.concurrent.CountDownLatch.await(CountDownLatch.java:277)
	at org.apache.ratis.thirdparty.io.grpc.internal.ManagedChannelImpl.awaitTermination(ManagedChannelImpl.java:763)
	at org.apache.ratis.thirdparty.io.grpc.internal.ForwardingManagedChannel.awaitTermination(ForwardingManagedChannel.java:57)
	at org.apache.ratis.thirdparty.io.grpc.internal.ManagedChannelOrphanWrapper.awaitTermination(ManagedChannelOrphanWrapper.java:70)
	at org.apache.ratis.grpc.client.GrpcClientProtocolClient.close(GrpcClientProtocolClient.java:146)
	at org.apache.ratis.util.PeerProxyMap$PeerAndProxy.lambda$close$1(PeerProxyMap.java:74)
	at org.apache.ratis.util.LifeCycle.lambda$checkStateAndClose$2(LifeCycle.java:231)
	at org.apache.ratis.util.LifeCycle.checkStateAndClose(LifeCycle.java:251)
	at org.apache.ratis.util.LifeCycle.checkStateAndClose(LifeCycle.java:229)
	at org.apache.ratis.util.PeerProxyMap$PeerAndProxy.close(PeerProxyMap.java:70)
	at org.apache.ratis.util.PeerProxyMap.resetProxy(PeerProxyMap.java:127)
	at org.apache.ratis.util.PeerProxyMap.handleException(PeerProxyMap.java:136)
	at org.apache.ratis.client.impl.RaftClientRpcWithProxy.handleException(RaftClientRpcWithProxy.java:47)
	at org.apache.ratis.client.impl.RaftClientImpl.handleIOException(RaftClientImpl.java:372)
	at org.apache.ratis.client.impl.OrderedAsync.lambda$sendRequest$10(OrderedAsync.java:236)
	at java.util.concurrent.CompletableFuture.uniExceptionally(CompletableFuture.java:870)
	at java.util.concurrent.CompletableFuture$UniExceptionally.tryFire(CompletableFuture.java:852)
	at java.util.concurrent.CompletableFuture.postComplete(CompletableFuture.java:474)
	at java.util.concurrent.CompletableFuture.completeExceptionally(CompletableFuture.java:1977)
	at org.apache.ratis.grpc.client.GrpcClientProtocolClient$AsyncStreamObservers.lambda$timeoutCheck$3(GrpcClientProtocolClient.java:324)
	at java.util.Optional.ifPresent(Optional.java:159)
	at org.apache.ratis.grpc.client.GrpcClientProtocolClient$AsyncStreamObservers.handleReplyFuture(GrpcClientProtocolClient.java:329)
	at org.apache.ratis.grpc.client.GrpcClientProtocolClient$AsyncStreamObservers.timeoutCheck(GrpcClientProtocolClient.java:324)
	at org.apache.ratis.grpc.client.GrpcClientProtocolClient$AsyncStreamObservers.lambda$onNext$1(GrpcClientProtocolClient.java:318)
	at org.apache.ratis.util.TimeoutScheduler.lambda$onTimeout$0(TimeoutScheduler.java:113)
	at org.apache.ratis.util.TimeoutScheduler.lambda$onTimeout$1(TimeoutScheduler.java:133)
	at org.apache.ratis.util.LogUtils.runAndLog(LogUtils.java:50)
	at org.apache.ratis.util.LogUtils$1.run(LogUtils.java:91)
	at java.util.concurrent.Executors$RunnableAdapter.call(Executors.java:511)
	at java.util.concurrent.FutureTask.run(FutureTask.java:266)
	at java.util.concurrent.ScheduledThreadPoolExecutor$ScheduledFutureTask.access$201(ScheduledThreadPoolExecutor.java:180)
	at java.util.concurrent.ScheduledThreadPoolExecutor$ScheduledFutureTask.run(ScheduledThreadPoolExecutor.java:293)
	at java.util.concurrent.ThreadPoolExecutor.runWorker(ThreadPoolExecutor.java:1149)
	at java.util.concurrent.ThreadPoolExecutor$Worker.run(ThreadPoolExecutor.java:624)
	at java.lang.Thread.run(Thread.java:748)
2019-10-02 17:50:26,132 [java.util.concurrent.ThreadPoolExecutor$Worker@47401611[State = -1, empty queue]] WARN  util.TimeoutScheduler (LogUtils.java:runAndLog(55)) - Failed to task #0: java.lang.NullPointerException
2019-10-02 17:50:30,182 [java.util.concurrent.ThreadPoolExecutor$Worker@7926714a[State = -1, empty queue]] ERROR client.GrpcClientProtocolClient (GrpcClientProtocolClient.java:close(148)) - Unexpected exception while waiting for channel termination
java.lang.InterruptedException
	at java.util.concurrent.locks.AbstractQueuedSynchronizer.tryAcquireSharedNanos(AbstractQueuedSynchronizer.java:1326)
	at java.util.concurrent.CountDownLatch.await(CountDownLatch.java:277)
	at org.apache.ratis.thirdparty.io.grpc.internal.ManagedChannelImpl.awaitTermination(ManagedChannelImpl.java:763)
	at org.apache.ratis.thirdparty.io.grpc.internal.ForwardingManagedChannel.awaitTermination(ForwardingManagedChannel.java:57)
	at org.apache.ratis.thirdparty.io.grpc.internal.ManagedChannelOrphanWrapper.awaitTermination(ManagedChannelOrphanWrapper.java:70)
	at org.apache.ratis.grpc.client.GrpcClientProtocolClient.close(GrpcClientProtocolClient.java:146)
	at org.apache.ratis.util.PeerProxyMap$PeerAndProxy.lambda$close$1(PeerProxyMap.java:74)
	at org.apache.ratis.util.LifeCycle.lambda$checkStateAndClose$2(LifeCycle.java:231)
	at org.apache.ratis.util.LifeCycle.checkStateAndClose(LifeCycle.java:251)
	at org.apache.ratis.util.LifeCycle.checkStateAndClose(LifeCycle.java:229)
	at org.apache.ratis.util.PeerProxyMap$PeerAndProxy.close(PeerProxyMap.java:70)
	at org.apache.ratis.util.PeerProxyMap.resetProxy(PeerProxyMap.java:127)
	at org.apache.ratis.util.PeerProxyMap.handleException(PeerProxyMap.java:136)
	at org.apache.ratis.client.impl.RaftClientRpcWithProxy.handleException(RaftClientRpcWithProxy.java:47)
	at org.apache.ratis.client.impl.RaftClientImpl.handleIOException(RaftClientImpl.java:372)
	at org.apache.ratis.client.impl.OrderedAsync.lambda$sendRequest$10(OrderedAsync.java:236)
	at java.util.concurrent.CompletableFuture.uniExceptionally(CompletableFuture.java:870)
	at java.util.concurrent.CompletableFuture$UniExceptionally.tryFire(CompletableFuture.java:852)
	at java.util.concurrent.CompletableFuture.postComplete(CompletableFuture.java:474)
	at java.util.concurrent.CompletableFuture.completeExceptionally(CompletableFuture.java:1977)
	at org.apache.ratis.grpc.client.GrpcClientProtocolClient$AsyncStreamObservers.lambda$timeoutCheck$3(GrpcClientProtocolClient.java:324)
	at java.util.Optional.ifPresent(Optional.java:159)
	at org.apache.ratis.grpc.client.GrpcClientProtocolClient$AsyncStreamObservers.handleReplyFuture(GrpcClientProtocolClient.java:329)
	at org.apache.ratis.grpc.client.GrpcClientProtocolClient$AsyncStreamObservers.timeoutCheck(GrpcClientProtocolClient.java:324)
	at org.apache.ratis.grpc.client.GrpcClientProtocolClient$AsyncStreamObservers.lambda$onNext$1(GrpcClientProtocolClient.java:318)
	at org.apache.ratis.util.TimeoutScheduler.lambda$onTimeout$0(TimeoutScheduler.java:113)
	at org.apache.ratis.util.TimeoutScheduler.lambda$onTimeout$1(TimeoutScheduler.java:133)
	at org.apache.ratis.util.LogUtils.runAndLog(LogUtils.java:50)
	at org.apache.ratis.util.LogUtils$1.run(LogUtils.java:91)
	at java.util.concurrent.Executors$RunnableAdapter.call(Executors.java:511)
	at java.util.concurrent.FutureTask.run(FutureTask.java:266)
	at java.util.concurrent.ScheduledThreadPoolExecutor$ScheduledFutureTask.access$201(ScheduledThreadPoolExecutor.java:180)
	at java.util.concurrent.ScheduledThreadPoolExecutor$ScheduledFutureTask.run(ScheduledThreadPoolExecutor.java:293)
	at java.util.concurrent.ThreadPoolExecutor.runWorker(ThreadPoolExecutor.java:1149)
	at java.util.concurrent.ThreadPoolExecutor$Worker.run(ThreadPoolExecutor.java:624)
	at java.lang.Thread.run(Thread.java:748)
2019-10-02 17:50:30,185 [java.util.concurrent.ThreadPoolExecutor$Worker@7926714a[State = -1, empty queue]] WARN  util.TimeoutScheduler (LogUtils.java:runAndLog(55)) - Failed to task #0: java.lang.NullPointerException
2019-10-02 17:50:34,234 [java.util.concurrent.ThreadPoolExecutor$Worker@1910d12e[State = -1, empty queue]] ERROR client.GrpcClientProtocolClient (GrpcClientProtocolClient.java:close(148)) - Unexpected exception while waiting for channel termination
java.lang.InterruptedException
	at java.util.concurrent.locks.AbstractQueuedSynchronizer.tryAcquireSharedNanos(AbstractQueuedSynchronizer.java:1326)
	at java.util.concurrent.CountDownLatch.await(CountDownLatch.java:277)
	at org.apache.ratis.thirdparty.io.grpc.internal.ManagedChannelImpl.awaitTermination(ManagedChannelImpl.java:763)
	at org.apache.ratis.thirdparty.io.grpc.internal.ForwardingManagedChannel.awaitTermination(ForwardingManagedChannel.java:57)
	at org.apache.ratis.thirdparty.io.grpc.internal.ManagedChannelOrphanWrapper.awaitTermination(ManagedChannelOrphanWrapper.java:70)
	at org.apache.ratis.grpc.client.GrpcClientProtocolClient.close(GrpcClientProtocolClient.java:146)
	at org.apache.ratis.util.PeerProxyMap$PeerAndProxy.lambda$close$1(PeerProxyMap.java:74)
	at org.apache.ratis.util.LifeCycle.lambda$checkStateAndClose$2(LifeCycle.java:231)
	at org.apache.ratis.util.LifeCycle.checkStateAndClose(LifeCycle.java:251)
	at org.apache.ratis.util.LifeCycle.checkStateAndClose(LifeCycle.java:229)
	at org.apache.ratis.util.PeerProxyMap$PeerAndProxy.close(PeerProxyMap.java:70)
	at org.apache.ratis.util.PeerProxyMap.resetProxy(PeerProxyMap.java:127)
	at org.apache.ratis.util.PeerProxyMap.handleException(PeerProxyMap.java:136)
	at org.apache.ratis.client.impl.RaftClientRpcWithProxy.handleException(RaftClientRpcWithProxy.java:47)
	at org.apache.ratis.client.impl.RaftClientImpl.handleIOException(RaftClientImpl.java:372)
	at org.apache.ratis.client.impl.OrderedAsync.lambda$sendRequest$10(OrderedAsync.java:236)
	at java.util.concurrent.CompletableFuture.uniExceptionally(CompletableFuture.java:870)
	at java.util.concurrent.CompletableFuture$UniExceptionally.tryFire(CompletableFuture.java:852)
	at java.util.concurrent.CompletableFuture.postComplete(CompletableFuture.java:474)
	at java.util.concurrent.CompletableFuture.completeExceptionally(CompletableFuture.java:1977)
	at org.apache.ratis.grpc.client.GrpcClientProtocolClient$AsyncStreamObservers.lambda$timeoutCheck$3(GrpcClientProtocolClient.java:324)
	at java.util.Optional.ifPresent(Optional.java:159)
	at org.apache.ratis.grpc.client.GrpcClientProtocolClient$AsyncStreamObservers.handleReplyFuture(GrpcClientProtocolClient.java:329)
	at org.apache.ratis.grpc.client.GrpcClientProtocolClient$AsyncStreamObservers.timeoutCheck(GrpcClientProtocolClient.java:324)
	at org.apache.ratis.grpc.client.GrpcClientProtocolClient$AsyncStreamObservers.lambda$onNext$1(GrpcClientProtocolClient.java:318)
	at org.apache.ratis.util.TimeoutScheduler.lambda$onTimeout$0(TimeoutScheduler.java:113)
	at org.apache.ratis.util.TimeoutScheduler.lambda$onTimeout$1(TimeoutScheduler.java:133)
	at org.apache.ratis.util.LogUtils.runAndLog(LogUtils.java:50)
	at org.apache.ratis.util.LogUtils$1.run(LogUtils.java:91)
	at java.util.concurrent.Executors$RunnableAdapter.call(Executors.java:511)
	at java.util.concurrent.FutureTask.run(FutureTask.java:266)
	at java.util.concurrent.ScheduledThreadPoolExecutor$ScheduledFutureTask.access$201(ScheduledThreadPoolExecutor.java:180)
	at java.util.concurrent.ScheduledThreadPoolExecutor$ScheduledFutureTask.run(ScheduledThreadPoolExecutor.java:293)
	at java.util.concurrent.ThreadPoolExecutor.runWorker(ThreadPoolExecutor.java:1149)
	at java.util.concurrent.ThreadPoolExecutor$Worker.run(ThreadPoolExecutor.java:624)
	at java.lang.Thread.run(Thread.java:748)
2019-10-02 17:50:34,247 [java.util.concurrent.ThreadPoolExecutor$Worker@1910d12e[State = -1, empty queue]] WARN  util.TimeoutScheduler (LogUtils.java:runAndLog(55)) - Failed to task #0: java.lang.NullPointerException
2019-10-02 17:50:38,298 [java.util.concurrent.ThreadPoolExecutor$Worker@39aaf262[State = -1, empty queue]] ERROR client.GrpcClientProtocolClient (GrpcClientProtocolClient.java:close(148)) - Unexpected exception while waiting for channel termination
java.lang.InterruptedException
	at java.util.concurrent.locks.AbstractQueuedSynchronizer.tryAcquireSharedNanos(AbstractQueuedSynchronizer.java:1326)
	at java.util.concurrent.CountDownLatch.await(CountDownLatch.java:277)
	at org.apache.ratis.thirdparty.io.grpc.internal.ManagedChannelImpl.awaitTermination(ManagedChannelImpl.java:763)
	at org.apache.ratis.thirdparty.io.grpc.internal.ForwardingManagedChannel.awaitTermination(ForwardingManagedChannel.java:57)
	at org.apache.ratis.thirdparty.io.grpc.internal.ManagedChannelOrphanWrapper.awaitTermination(ManagedChannelOrphanWrapper.java:70)
	at org.apache.ratis.grpc.client.GrpcClientProtocolClient.close(GrpcClientProtocolClient.java:146)
	at org.apache.ratis.util.PeerProxyMap$PeerAndProxy.lambda$close$1(PeerProxyMap.java:74)
	at org.apache.ratis.util.LifeCycle.lambda$checkStateAndClose$2(LifeCycle.java:231)
	at org.apache.ratis.util.LifeCycle.checkStateAndClose(LifeCycle.java:251)
	at org.apache.ratis.util.LifeCycle.checkStateAndClose(LifeCycle.java:229)
	at org.apache.ratis.util.PeerProxyMap$PeerAndProxy.close(PeerProxyMap.java:70)
	at org.apache.ratis.util.PeerProxyMap.resetProxy(PeerProxyMap.java:127)
	at org.apache.ratis.util.PeerProxyMap.handleException(PeerProxyMap.java:136)
	at org.apache.ratis.client.impl.RaftClientRpcWithProxy.handleException(RaftClientRpcWithProxy.java:47)
	at org.apache.ratis.client.impl.RaftClientImpl.handleIOException(RaftClientImpl.java:372)
	at org.apache.ratis.client.impl.OrderedAsync.lambda$sendRequest$10(OrderedAsync.java:236)
	at java.util.concurrent.CompletableFuture.uniExceptionally(CompletableFuture.java:870)
	at java.util.concurrent.CompletableFuture$UniExceptionally.tryFire(CompletableFuture.java:852)
	at java.util.concurrent.CompletableFuture.postComplete(CompletableFuture.java:474)
	at java.util.concurrent.CompletableFuture.completeExceptionally(CompletableFuture.java:1977)
	at org.apache.ratis.grpc.client.GrpcClientProtocolClient$AsyncStreamObservers.lambda$timeoutCheck$3(GrpcClientProtocolClient.java:324)
	at java.util.Optional.ifPresent(Optional.java:159)
	at org.apache.ratis.grpc.client.GrpcClientProtocolClient$AsyncStreamObservers.handleReplyFuture(GrpcClientProtocolClient.java:329)
	at org.apache.ratis.grpc.client.GrpcClientProtocolClient$AsyncStreamObservers.timeoutCheck(GrpcClientProtocolClient.java:324)
	at org.apache.ratis.grpc.client.GrpcClientProtocolClient$AsyncStreamObservers.lambda$onNext$1(GrpcClientProtocolClient.java:318)
	at org.apache.ratis.util.TimeoutScheduler.lambda$onTimeout$0(TimeoutScheduler.java:113)
	at org.apache.ratis.util.TimeoutScheduler.lambda$onTimeout$1(TimeoutScheduler.java:133)
	at org.apache.ratis.util.LogUtils.runAndLog(LogUtils.java:50)
	at org.apache.ratis.util.LogUtils$1.run(LogUtils.java:91)
	at java.util.concurrent.Executors$RunnableAdapter.call(Executors.java:511)
	at java.util.concurrent.FutureTask.run(FutureTask.java:266)
	at java.util.concurrent.ScheduledThreadPoolExecutor$ScheduledFutureTask.access$201(ScheduledThreadPoolExecutor.java:180)
	at java.util.concurrent.ScheduledThreadPoolExecutor$ScheduledFutureTask.run(ScheduledThreadPoolExecutor.java:293)
	at java.util.concurrent.ThreadPoolExecutor.runWorker(ThreadPoolExecutor.java:1149)
	at java.util.concurrent.ThreadPoolExecutor$Worker.run(ThreadPoolExecutor.java:624)
	at java.lang.Thread.run(Thread.java:748)
2019-10-02 17:50:38,300 [java.util.concurrent.ThreadPoolExecutor$Worker@39aaf262[State = -1, empty queue]] WARN  util.TimeoutScheduler (LogUtils.java:runAndLog(55)) - Failed to task #0: java.lang.NullPointerException
2019-10-02 17:50:42,348 [java.util.concurrent.ThreadPoolExecutor$Worker@1a6eca24[State = -1, empty queue]] ERROR client.GrpcClientProtocolClient (GrpcClientProtocolClient.java:close(148)) - Unexpected exception while waiting for channel termination
java.lang.InterruptedException
	at java.util.concurrent.locks.AbstractQueuedSynchronizer.tryAcquireSharedNanos(AbstractQueuedSynchronizer.java:1326)
	at java.util.concurrent.CountDownLatch.await(CountDownLatch.java:277)
	at org.apache.ratis.thirdparty.io.grpc.internal.ManagedChannelImpl.awaitTermination(ManagedChannelImpl.java:763)
	at org.apache.ratis.thirdparty.io.grpc.internal.ForwardingManagedChannel.awaitTermination(ForwardingManagedChannel.java:57)
	at org.apache.ratis.thirdparty.io.grpc.internal.ManagedChannelOrphanWrapper.awaitTermination(ManagedChannelOrphanWrapper.java:70)
	at org.apache.ratis.grpc.client.GrpcClientProtocolClient.close(GrpcClientProtocolClient.java:146)
	at org.apache.ratis.util.PeerProxyMap$PeerAndProxy.lambda$close$1(PeerProxyMap.java:74)
	at org.apache.ratis.util.LifeCycle.lambda$checkStateAndClose$2(LifeCycle.java:231)
	at org.apache.ratis.util.LifeCycle.checkStateAndClose(LifeCycle.java:251)
	at org.apache.ratis.util.LifeCycle.checkStateAndClose(LifeCycle.java:229)
	at org.apache.ratis.util.PeerProxyMap$PeerAndProxy.close(PeerProxyMap.java:70)
	at org.apache.ratis.util.PeerProxyMap.resetProxy(PeerProxyMap.java:127)
	at org.apache.ratis.util.PeerProxyMap.handleException(PeerProxyMap.java:136)
	at org.apache.ratis.client.impl.RaftClientRpcWithProxy.handleException(RaftClientRpcWithProxy.java:47)
	at org.apache.ratis.client.impl.RaftClientImpl.handleIOException(RaftClientImpl.java:372)
	at org.apache.ratis.client.impl.OrderedAsync.lambda$sendRequest$10(OrderedAsync.java:236)
	at java.util.concurrent.CompletableFuture.uniExceptionally(CompletableFuture.java:870)
	at java.util.concurrent.CompletableFuture$UniExceptionally.tryFire(CompletableFuture.java:852)
	at java.util.concurrent.CompletableFuture.postComplete(CompletableFuture.java:474)
	at java.util.concurrent.CompletableFuture.completeExceptionally(CompletableFuture.java:1977)
	at org.apache.ratis.grpc.client.GrpcClientProtocolClient$AsyncStreamObservers.lambda$timeoutCheck$3(GrpcClientProtocolClient.java:324)
	at java.util.Optional.ifPresent(Optional.java:159)
	at org.apache.ratis.grpc.client.GrpcClientProtocolClient$AsyncStreamObservers.handleReplyFuture(GrpcClientProtocolClient.java:329)
	at org.apache.ratis.grpc.client.GrpcClientProtocolClient$AsyncStreamObservers.timeoutCheck(GrpcClientProtocolClient.java:324)
	at org.apache.ratis.grpc.client.GrpcClientProtocolClient$AsyncStreamObservers.lambda$onNext$1(GrpcClientProtocolClient.java:318)
	at org.apache.ratis.util.TimeoutScheduler.lambda$onTimeout$0(TimeoutScheduler.java:113)
	at org.apache.ratis.util.TimeoutScheduler.lambda$onTimeout$1(TimeoutScheduler.java:133)
	at org.apache.ratis.util.LogUtils.runAndLog(LogUtils.java:50)
	at org.apache.ratis.util.LogUtils$1.run(LogUtils.java:91)
	at java.util.concurrent.Executors$RunnableAdapter.call(Executors.java:511)
	at java.util.concurrent.FutureTask.run(FutureTask.java:266)
	at java.util.concurrent.ScheduledThreadPoolExecutor$ScheduledFutureTask.access$201(ScheduledThreadPoolExecutor.java:180)
	at java.util.concurrent.ScheduledThreadPoolExecutor$ScheduledFutureTask.run(ScheduledThreadPoolExecutor.java:293)
	at java.util.concurrent.ThreadPoolExecutor.runWorker(ThreadPoolExecutor.java:1149)
	at java.util.concurrent.ThreadPoolExecutor$Worker.run(ThreadPoolExecutor.java:624)
	at java.lang.Thread.run(Thread.java:748)
2019-10-02 17:50:42,349 [java.util.concurrent.ThreadPoolExecutor$Worker@1a6eca24[State = -1, empty queue]] WARN  util.TimeoutScheduler (LogUtils.java:runAndLog(55)) - Failed to task #0: java.lang.NullPointerException
2019-10-02 17:50:46,409 [java.util.concurrent.ThreadPoolExecutor$Worker@36981cf8[State = -1, empty queue]] ERROR client.GrpcClientProtocolClient (GrpcClientProtocolClient.java:close(148)) - Unexpected exception while waiting for channel termination
java.lang.InterruptedException
	at java.util.concurrent.locks.AbstractQueuedSynchronizer.tryAcquireSharedNanos(AbstractQueuedSynchronizer.java:1326)
	at java.util.concurrent.CountDownLatch.await(CountDownLatch.java:277)
	at org.apache.ratis.thirdparty.io.grpc.internal.ManagedChannelImpl.awaitTermination(ManagedChannelImpl.java:763)
	at org.apache.ratis.thirdparty.io.grpc.internal.ForwardingManagedChannel.awaitTermination(ForwardingManagedChannel.java:57)
	at org.apache.ratis.thirdparty.io.grpc.internal.ManagedChannelOrphanWrapper.awaitTermination(ManagedChannelOrphanWrapper.java:70)
	at org.apache.ratis.grpc.client.GrpcClientProtocolClient.close(GrpcClientProtocolClient.java:146)
	at org.apache.ratis.util.PeerProxyMap$PeerAndProxy.lambda$close$1(PeerProxyMap.java:74)
	at org.apache.ratis.util.LifeCycle.lambda$checkStateAndClose$2(LifeCycle.java:231)
	at org.apache.ratis.util.LifeCycle.checkStateAndClose(LifeCycle.java:251)
	at org.apache.ratis.util.LifeCycle.checkStateAndClose(LifeCycle.java:229)
	at org.apache.ratis.util.PeerProxyMap$PeerAndProxy.close(PeerProxyMap.java:70)
	at org.apache.ratis.util.PeerProxyMap.resetProxy(PeerProxyMap.java:127)
	at org.apache.ratis.util.PeerProxyMap.handleException(PeerProxyMap.java:136)
	at org.apache.ratis.client.impl.RaftClientRpcWithProxy.handleException(RaftClientRpcWithProxy.java:47)
	at org.apache.ratis.client.impl.RaftClientImpl.handleIOException(RaftClientImpl.java:372)
	at org.apache.ratis.client.impl.OrderedAsync.lambda$sendRequest$10(OrderedAsync.java:236)
	at java.util.concurrent.CompletableFuture.uniExceptionally(CompletableFuture.java:870)
	at java.util.concurrent.CompletableFuture$UniExceptionally.tryFire(CompletableFuture.java:852)
	at java.util.concurrent.CompletableFuture.postComplete(CompletableFuture.java:474)
	at java.util.concurrent.CompletableFuture.completeExceptionally(CompletableFuture.java:1977)
	at org.apache.ratis.grpc.client.GrpcClientProtocolClient$AsyncStreamObservers.lambda$timeoutCheck$3(GrpcClientProtocolClient.java:324)
	at java.util.Optional.ifPresent(Optional.java:159)
	at org.apache.ratis.grpc.client.GrpcClientProtocolClient$AsyncStreamObservers.handleReplyFuture(GrpcClientProtocolClient.java:329)
	at org.apache.ratis.grpc.client.GrpcClientProtocolClient$AsyncStreamObservers.timeoutCheck(GrpcClientProtocolClient.java:324)
	at org.apache.ratis.grpc.client.GrpcClientProtocolClient$AsyncStreamObservers.lambda$onNext$1(GrpcClientProtocolClient.java:318)
	at org.apache.ratis.util.TimeoutScheduler.lambda$onTimeout$0(TimeoutScheduler.java:113)
	at org.apache.ratis.util.TimeoutScheduler.lambda$onTimeout$1(TimeoutScheduler.java:133)
	at org.apache.ratis.util.LogUtils.runAndLog(LogUtils.java:50)
	at org.apache.ratis.util.LogUtils$1.run(LogUtils.java:91)
	at java.util.concurrent.Executors$RunnableAdapter.call(Executors.java:511)
	at java.util.concurrent.FutureTask.run(FutureTask.java:266)
	at java.util.concurrent.ScheduledThreadPoolExecutor$ScheduledFutureTask.access$201(ScheduledThreadPoolExecutor.java:180)
	at java.util.concurrent.ScheduledThreadPoolExecutor$ScheduledFutureTask.run(ScheduledThreadPoolExecutor.java:293)
	at java.util.concurrent.ThreadPoolExecutor.runWorker(ThreadPoolExecutor.java:1149)
	at java.util.concurrent.ThreadPoolExecutor$Worker.run(ThreadPoolExecutor.java:624)
	at java.lang.Thread.run(Thread.java:748)
2019-10-02 17:50:46,410 [java.util.concurrent.ThreadPoolExecutor$Worker@36981cf8[State = -1, empty queue]] WARN  util.TimeoutScheduler (LogUtils.java:runAndLog(55)) - Failed to task #0: java.lang.NullPointerException
2019-10-02 17:50:50,452 [java.util.concurrent.ThreadPoolExecutor$Worker@4b84ced0[State = -1, empty queue]] ERROR client.GrpcClientProtocolClient (GrpcClientProtocolClient.java:close(148)) - Unexpected exception while waiting for channel termination
java.lang.InterruptedException
	at java.util.concurrent.locks.AbstractQueuedSynchronizer.tryAcquireSharedNanos(AbstractQueuedSynchronizer.java:1326)
	at java.util.concurrent.CountDownLatch.await(CountDownLatch.java:277)
	at org.apache.ratis.thirdparty.io.grpc.internal.ManagedChannelImpl.awaitTermination(ManagedChannelImpl.java:763)
	at org.apache.ratis.thirdparty.io.grpc.internal.ForwardingManagedChannel.awaitTermination(ForwardingManagedChannel.java:57)
	at org.apache.ratis.thirdparty.io.grpc.internal.ManagedChannelOrphanWrapper.awaitTermination(ManagedChannelOrphanWrapper.java:70)
	at org.apache.ratis.grpc.client.GrpcClientProtocolClient.close(GrpcClientProtocolClient.java:146)
	at org.apache.ratis.util.PeerProxyMap$PeerAndProxy.lambda$close$1(PeerProxyMap.java:74)
	at org.apache.ratis.util.LifeCycle.lambda$checkStateAndClose$2(LifeCycle.java:231)
	at org.apache.ratis.util.LifeCycle.checkStateAndClose(LifeCycle.java:251)
	at org.apache.ratis.util.LifeCycle.checkStateAndClose(LifeCycle.java:229)
	at org.apache.ratis.util.PeerProxyMap$PeerAndProxy.close(PeerProxyMap.java:70)
	at org.apache.ratis.util.PeerProxyMap.resetProxy(PeerProxyMap.java:127)
	at org.apache.ratis.util.PeerProxyMap.handleException(PeerProxyMap.java:136)
	at org.apache.ratis.client.impl.RaftClientRpcWithProxy.handleException(RaftClientRpcWithProxy.java:47)
	at org.apache.ratis.client.impl.RaftClientImpl.handleIOException(RaftClientImpl.java:372)
	at org.apache.ratis.client.impl.OrderedAsync.lambda$sendRequest$10(OrderedAsync.java:236)
	at java.util.concurrent.CompletableFuture.uniExceptionally(CompletableFuture.java:870)
	at java.util.concurrent.CompletableFuture$UniExceptionally.tryFire(CompletableFuture.java:852)
	at java.util.concurrent.CompletableFuture.postComplete(CompletableFuture.java:474)
	at java.util.concurrent.CompletableFuture.completeExceptionally(CompletableFuture.java:1977)
	at org.apache.ratis.grpc.client.GrpcClientProtocolClient$AsyncStreamObservers.lambda$timeoutCheck$3(GrpcClientProtocolClient.java:324)
	at java.util.Optional.ifPresent(Optional.java:159)
	at org.apache.ratis.grpc.client.GrpcClientProtocolClient$AsyncStreamObservers.handleReplyFuture(GrpcClientProtocolClient.java:329)
	at org.apache.ratis.grpc.client.GrpcClientProtocolClient$AsyncStreamObservers.timeoutCheck(GrpcClientProtocolClient.java:324)
	at org.apache.ratis.grpc.client.GrpcClientProtocolClient$AsyncStreamObservers.lambda$onNext$1(GrpcClientProtocolClient.java:318)
	at org.apache.ratis.util.TimeoutScheduler.lambda$onTimeout$0(TimeoutScheduler.java:113)
	at org.apache.ratis.util.TimeoutScheduler.lambda$onTimeout$1(TimeoutScheduler.java:133)
	at org.apache.ratis.util.LogUtils.runAndLog(LogUtils.java:50)
	at org.apache.ratis.util.LogUtils$1.run(LogUtils.java:91)
	at java.util.concurrent.Executors$RunnableAdapter.call(Executors.java:511)
	at java.util.concurrent.FutureTask.run(FutureTask.java:266)
	at java.util.concurrent.ScheduledThreadPoolExecutor$ScheduledFutureTask.access$201(ScheduledThreadPoolExecutor.java:180)
	at java.util.concurrent.ScheduledThreadPoolExecutor$ScheduledFutureTask.run(ScheduledThreadPoolExecutor.java:293)
	at java.util.concurrent.ThreadPoolExecutor.runWorker(ThreadPoolExecutor.java:1149)
	at java.util.concurrent.ThreadPoolExecutor$Worker.run(ThreadPoolExecutor.java:624)
	at java.lang.Thread.run(Thread.java:748)
2019-10-02 17:50:50,455 [java.util.concurrent.ThreadPoolExecutor$Worker@4b84ced0[State = -1, empty queue]] WARN  util.TimeoutScheduler (LogUtils.java:runAndLog(55)) - Failed to task #0: java.lang.NullPointerException
2019-10-02 17:50:54,495 [java.util.concurrent.ThreadPoolExecutor$Worker@23291553[State = -1, empty queue]] ERROR client.GrpcClientProtocolClient (GrpcClientProtocolClient.java:close(148)) - Unexpected exception while waiting for channel termination
java.lang.InterruptedException
	at java.util.concurrent.locks.AbstractQueuedSynchronizer.tryAcquireSharedNanos(AbstractQueuedSynchronizer.java:1326)
	at java.util.concurrent.CountDownLatch.await(CountDownLatch.java:277)
	at org.apache.ratis.thirdparty.io.grpc.internal.ManagedChannelImpl.awaitTermination(ManagedChannelImpl.java:763)
	at org.apache.ratis.thirdparty.io.grpc.internal.ForwardingManagedChannel.awaitTermination(ForwardingManagedChannel.java:57)
	at org.apache.ratis.thirdparty.io.grpc.internal.ManagedChannelOrphanWrapper.awaitTermination(ManagedChannelOrphanWrapper.java:70)
	at org.apache.ratis.grpc.client.GrpcClientProtocolClient.close(GrpcClientProtocolClient.java:146)
	at org.apache.ratis.util.PeerProxyMap$PeerAndProxy.lambda$close$1(PeerProxyMap.java:74)
	at org.apache.ratis.util.LifeCycle.lambda$checkStateAndClose$2(LifeCycle.java:231)
	at org.apache.ratis.util.LifeCycle.checkStateAndClose(LifeCycle.java:251)
	at org.apache.ratis.util.LifeCycle.checkStateAndClose(LifeCycle.java:229)
	at org.apache.ratis.util.PeerProxyMap$PeerAndProxy.close(PeerProxyMap.java:70)
	at org.apache.ratis.util.PeerProxyMap.resetProxy(PeerProxyMap.java:127)
	at org.apache.ratis.util.PeerProxyMap.handleException(PeerProxyMap.java:136)
	at org.apache.ratis.client.impl.RaftClientRpcWithProxy.handleException(RaftClientRpcWithProxy.java:47)
	at org.apache.ratis.client.impl.RaftClientImpl.handleIOException(RaftClientImpl.java:372)
	at org.apache.ratis.client.impl.OrderedAsync.lambda$sendRequest$10(OrderedAsync.java:236)
	at java.util.concurrent.CompletableFuture.uniExceptionally(CompletableFuture.java:870)
	at java.util.concurrent.CompletableFuture$UniExceptionally.tryFire(CompletableFuture.java:852)
	at java.util.concurrent.CompletableFuture.postComplete(CompletableFuture.java:474)
	at java.util.concurrent.CompletableFuture.completeExceptionally(CompletableFuture.java:1977)
	at org.apache.ratis.grpc.client.GrpcClientProtocolClient$AsyncStreamObservers.lambda$timeoutCheck$3(GrpcClientProtocolClient.java:324)
	at java.util.Optional.ifPresent(Optional.java:159)
	at org.apache.ratis.grpc.client.GrpcClientProtocolClient$AsyncStreamObservers.handleReplyFuture(GrpcClientProtocolClient.java:329)
	at org.apache.ratis.grpc.client.GrpcClientProtocolClient$AsyncStreamObservers.timeoutCheck(GrpcClientProtocolClient.java:324)
	at org.apache.ratis.grpc.client.GrpcClientProtocolClient$AsyncStreamObservers.lambda$onNext$1(GrpcClientProtocolClient.java:318)
	at org.apache.ratis.util.TimeoutScheduler.lambda$onTimeout$0(TimeoutScheduler.java:113)
	at org.apache.ratis.util.TimeoutScheduler.lambda$onTimeout$1(TimeoutScheduler.java:133)
	at org.apache.ratis.util.LogUtils.runAndLog(LogUtils.java:50)
	at org.apache.ratis.util.LogUtils$1.run(LogUtils.java:91)
	at java.util.concurrent.Executors$RunnableAdapter.call(Executors.java:511)
	at java.util.concurrent.FutureTask.run(FutureTask.java:266)
	at java.util.concurrent.ScheduledThreadPoolExecutor$ScheduledFutureTask.access$201(ScheduledThreadPoolExecutor.java:180)
	at java.util.concurrent.ScheduledThreadPoolExecutor$ScheduledFutureTask.run(ScheduledThreadPoolExecutor.java:293)
	at java.util.concurrent.ThreadPoolExecutor.runWorker(ThreadPoolExecutor.java:1149)
	at java.util.concurrent.ThreadPoolExecutor$Worker.run(ThreadPoolExecutor.java:624)
	at java.lang.Thread.run(Thread.java:748)
2019-10-02 17:50:54,496 [java.util.concurrent.ThreadPoolExecutor$Worker@23291553[State = -1, empty queue]] WARN  util.TimeoutScheduler (LogUtils.java:runAndLog(55)) - Failed to task #0: java.lang.NullPointerException
2019-10-02 17:50:58,547 [java.util.concurrent.ThreadPoolExecutor$Worker@4170caec[State = -1, empty queue]] ERROR client.GrpcClientProtocolClient (GrpcClientProtocolClient.java:close(148)) - Unexpected exception while waiting for channel termination
java.lang.InterruptedException
	at java.util.concurrent.locks.AbstractQueuedSynchronizer.tryAcquireSharedNanos(AbstractQueuedSynchronizer.java:1326)
	at java.util.concurrent.CountDownLatch.await(CountDownLatch.java:277)
	at org.apache.ratis.thirdparty.io.grpc.internal.ManagedChannelImpl.awaitTermination(ManagedChannelImpl.java:763)
	at org.apache.ratis.thirdparty.io.grpc.internal.ForwardingManagedChannel.awaitTermination(ForwardingManagedChannel.java:57)
	at org.apache.ratis.thirdparty.io.grpc.internal.ManagedChannelOrphanWrapper.awaitTermination(ManagedChannelOrphanWrapper.java:70)
	at org.apache.ratis.grpc.client.GrpcClientProtocolClient.close(GrpcClientProtocolClient.java:146)
	at org.apache.ratis.util.PeerProxyMap$PeerAndProxy.lambda$close$1(PeerProxyMap.java:74)
	at org.apache.ratis.util.LifeCycle.lambda$checkStateAndClose$2(LifeCycle.java:231)
	at org.apache.ratis.util.LifeCycle.checkStateAndClose(LifeCycle.java:251)
	at org.apache.ratis.util.LifeCycle.checkStateAndClose(LifeCycle.java:229)
	at org.apache.ratis.util.PeerProxyMap$PeerAndProxy.close(PeerProxyMap.java:70)
	at org.apache.ratis.util.PeerProxyMap.resetProxy(PeerProxyMap.java:127)
	at org.apache.ratis.util.PeerProxyMap.handleException(PeerProxyMap.java:136)
	at org.apache.ratis.client.impl.RaftClientRpcWithProxy.handleException(RaftClientRpcWithProxy.java:47)
	at org.apache.ratis.client.impl.RaftClientImpl.handleIOException(RaftClientImpl.java:372)
	at org.apache.ratis.client.impl.OrderedAsync.lambda$sendRequest$10(OrderedAsync.java:236)
	at java.util.concurrent.CompletableFuture.uniExceptionally(CompletableFuture.java:870)
	at java.util.concurrent.CompletableFuture$UniExceptionally.tryFire(CompletableFuture.java:852)
	at java.util.concurrent.CompletableFuture.postComplete(CompletableFuture.java:474)
	at java.util.concurrent.CompletableFuture.completeExceptionally(CompletableFuture.java:1977)
	at org.apache.ratis.grpc.client.GrpcClientProtocolClient$AsyncStreamObservers.lambda$timeoutCheck$3(GrpcClientProtocolClient.java:324)
	at java.util.Optional.ifPresent(Optional.java:159)
	at org.apache.ratis.grpc.client.GrpcClientProtocolClient$AsyncStreamObservers.handleReplyFuture(GrpcClientProtocolClient.java:329)
	at org.apache.ratis.grpc.client.GrpcClientProtocolClient$AsyncStreamObservers.timeoutCheck(GrpcClientProtocolClient.java:324)
	at org.apache.ratis.grpc.client.GrpcClientProtocolClient$AsyncStreamObservers.lambda$onNext$1(GrpcClientProtocolClient.java:318)
	at org.apache.ratis.util.TimeoutScheduler.lambda$onTimeout$0(TimeoutScheduler.java:113)
	at org.apache.ratis.util.TimeoutScheduler.lambda$onTimeout$1(TimeoutScheduler.java:133)
	at org.apache.ratis.util.LogUtils.runAndLog(LogUtils.java:50)
	at org.apache.ratis.util.LogUtils$1.run(LogUtils.java:91)
	at java.util.concurrent.Executors$RunnableAdapter.call(Executors.java:511)
	at java.util.concurrent.FutureTask.run(FutureTask.java:266)
	at java.util.concurrent.ScheduledThreadPoolExecutor$ScheduledFutureTask.access$201(ScheduledThreadPoolExecutor.java:180)
	at java.util.concurrent.ScheduledThreadPoolExecutor$ScheduledFutureTask.run(ScheduledThreadPoolExecutor.java:293)
	at java.util.concurrent.ThreadPoolExecutor.runWorker(ThreadPoolExecutor.java:1149)
	at java.util.concurrent.ThreadPoolExecutor$Worker.run(ThreadPoolExecutor.java:624)
	at java.lang.Thread.run(Thread.java:748)
2019-10-02 17:50:58,550 [java.util.concurrent.ThreadPoolExecutor$Worker@4170caec[State = -1, empty queue]] WARN  util.TimeoutScheduler (LogUtils.java:runAndLog(55)) - Failed to task #0: java.lang.NullPointerException
2019-10-02 17:51:02,595 [java.util.concurrent.ThreadPoolExecutor$Worker@5b0a766b[State = -1, empty queue]] ERROR client.GrpcClientProtocolClient (GrpcClientProtocolClient.java:close(148)) - Unexpected exception while waiting for channel termination
java.lang.InterruptedException
	at java.util.concurrent.locks.AbstractQueuedSynchronizer.tryAcquireSharedNanos(AbstractQueuedSynchronizer.java:1326)
	at java.util.concurrent.CountDownLatch.await(CountDownLatch.java:277)
	at org.apache.ratis.thirdparty.io.grpc.internal.ManagedChannelImpl.awaitTermination(ManagedChannelImpl.java:763)
	at org.apache.ratis.thirdparty.io.grpc.internal.ForwardingManagedChannel.awaitTermination(ForwardingManagedChannel.java:57)
	at org.apache.ratis.thirdparty.io.grpc.internal.ManagedChannelOrphanWrapper.awaitTermination(ManagedChannelOrphanWrapper.java:70)
	at org.apache.ratis.grpc.client.GrpcClientProtocolClient.close(GrpcClientProtocolClient.java:146)
	at org.apache.ratis.util.PeerProxyMap$PeerAndProxy.lambda$close$1(PeerProxyMap.java:74)
	at org.apache.ratis.util.LifeCycle.lambda$checkStateAndClose$2(LifeCycle.java:231)
	at org.apache.ratis.util.LifeCycle.checkStateAndClose(LifeCycle.java:251)
	at org.apache.ratis.util.LifeCycle.checkStateAndClose(LifeCycle.java:229)
	at org.apache.ratis.util.PeerProxyMap$PeerAndProxy.close(PeerProxyMap.java:70)
	at org.apache.ratis.util.PeerProxyMap.resetProxy(PeerProxyMap.java:127)
	at org.apache.ratis.util.PeerProxyMap.handleException(PeerProxyMap.java:136)
	at org.apache.ratis.client.impl.RaftClientRpcWithProxy.handleException(RaftClientRpcWithProxy.java:47)
	at org.apache.ratis.client.impl.RaftClientImpl.handleIOException(RaftClientImpl.java:372)
	at org.apache.ratis.client.impl.OrderedAsync.lambda$sendRequest$10(OrderedAsync.java:236)
	at java.util.concurrent.CompletableFuture.uniExceptionally(CompletableFuture.java:870)
	at java.util.concurrent.CompletableFuture$UniExceptionally.tryFire(CompletableFuture.java:852)
	at java.util.concurrent.CompletableFuture.postComplete(CompletableFuture.java:474)
	at java.util.concurrent.CompletableFuture.completeExceptionally(CompletableFuture.java:1977)
	at org.apache.ratis.grpc.client.GrpcClientProtocolClient$AsyncStreamObservers.lambda$timeoutCheck$3(GrpcClientProtocolClient.java:324)
	at java.util.Optional.ifPresent(Optional.java:159)
	at org.apache.ratis.grpc.client.GrpcClientProtocolClient$AsyncStreamObservers.handleReplyFuture(GrpcClientProtocolClient.java:329)
	at org.apache.ratis.grpc.client.GrpcClientProtocolClient$AsyncStreamObservers.timeoutCheck(GrpcClientProtocolClient.java:324)
	at org.apache.ratis.grpc.client.GrpcClientProtocolClient$AsyncStreamObservers.lambda$onNext$1(GrpcClientProtocolClient.java:318)
	at org.apache.ratis.util.TimeoutScheduler.lambda$onTimeout$0(TimeoutScheduler.java:113)
	at org.apache.ratis.util.TimeoutScheduler.lambda$onTimeout$1(TimeoutScheduler.java:133)
	at org.apache.ratis.util.LogUtils.runAndLog(LogUtils.java:50)
	at org.apache.ratis.util.LogUtils$1.run(LogUtils.java:91)
	at java.util.concurrent.Executors$RunnableAdapter.call(Executors.java:511)
	at java.util.concurrent.FutureTask.run(FutureTask.java:266)
	at java.util.concurrent.ScheduledThreadPoolExecutor$ScheduledFutureTask.access$201(ScheduledThreadPoolExecutor.java:180)
	at java.util.concurrent.ScheduledThreadPoolExecutor$ScheduledFutureTask.run(ScheduledThreadPoolExecutor.java:293)
	at java.util.concurrent.ThreadPoolExecutor.runWorker(ThreadPoolExecutor.java:1149)
	at java.util.concurrent.ThreadPoolExecutor$Worker.run(ThreadPoolExecutor.java:624)
	at java.lang.Thread.run(Thread.java:748)
2019-10-02 17:51:02,598 [java.util.concurrent.ThreadPoolExecutor$Worker@5b0a766b[State = -1, empty queue]] WARN  util.TimeoutScheduler (LogUtils.java:runAndLog(55)) - Failed to task #0: java.lang.NullPointerException
2019-10-02 17:51:05,873 [grpc-default-executor-1] INFO  impl.RaftServerProxy (RaftServerProxy.java:addNew(89)) - 49c112d4-02f4-49c2-90bf-c7b46ec7b63a: addNew group-A7BE29CAD5B0:[c6bdf12a-094f-42bc-87c0-f082ef291ed8:192.168.151.72:33846, e7bd1734-ef6c-4cf8-b88c-8a1061e7af66:192.168.151.72:41308, 49c112d4-02f4-49c2-90bf-c7b46ec7b63a:192.168.151.72:42976] returns group-A7BE29CAD5B0:java.util.concurrent.CompletableFuture@1ec96f9e[Not completed]
2019-10-02 17:51:05,873 [grpc-default-executor-3] INFO  impl.RaftServerProxy (RaftServerProxy.java:addNew(89)) - c6bdf12a-094f-42bc-87c0-f082ef291ed8: addNew group-A7BE29CAD5B0:[c6bdf12a-094f-42bc-87c0-f082ef291ed8:192.168.151.72:33846, e7bd1734-ef6c-4cf8-b88c-8a1061e7af66:192.168.151.72:41308, 49c112d4-02f4-49c2-90bf-c7b46ec7b63a:192.168.151.72:42976] returns group-A7BE29CAD5B0:java.util.concurrent.CompletableFuture@287b22b4[Not completed]
2019-10-02 17:51:05,873 [grpc-default-executor-2] INFO  impl.RaftServerProxy (RaftServerProxy.java:addNew(89)) - e7bd1734-ef6c-4cf8-b88c-8a1061e7af66: addNew group-A7BE29CAD5B0:[c6bdf12a-094f-42bc-87c0-f082ef291ed8:192.168.151.72:33846, e7bd1734-ef6c-4cf8-b88c-8a1061e7af66:192.168.151.72:41308, 49c112d4-02f4-49c2-90bf-c7b46ec7b63a:192.168.151.72:42976] returns group-A7BE29CAD5B0:java.util.concurrent.CompletableFuture@3315121d[Not completed]
2019-10-02 17:51:05,876 [pool-87-thread-1] INFO  impl.RaftServerImpl (RaftServerImpl.java:<init>(95)) - e7bd1734-ef6c-4cf8-b88c-8a1061e7af66: new RaftServerImpl for group-A7BE29CAD5B0:[c6bdf12a-094f-42bc-87c0-f082ef291ed8:192.168.151.72:33846, e7bd1734-ef6c-4cf8-b88c-8a1061e7af66:192.168.151.72:41308, 49c112d4-02f4-49c2-90bf-c7b46ec7b63a:192.168.151.72:42976] with ContainerStateMachine:uninitialized
2019-10-02 17:51:05,876 [pool-87-thread-1] INFO  server.RaftServerConfigKeys (ConfUtils.java:logGet(43)) - raft.server.rpc.timeout.min = 5s (custom)
2019-10-02 17:51:05,876 [pool-87-thread-1] INFO  server.RaftServerConfigKeys (ConfUtils.java:logGet(43)) - raft.server.rpc.timeout.max = 5200ms (custom)
2019-10-02 17:51:05,877 [pool-87-thread-1] INFO  server.RaftServerConfigKeys (ConfUtils.java:logGet(43)) - raft.server.rpcslowness.timeout = 120s (custom)
2019-10-02 17:51:05,877 [pool-87-thread-1] INFO  server.RaftServerConfigKeys (ConfUtils.java:logGet(43)) - raft.server.sleep.deviation.threshold = 300 (default)
2019-10-02 17:51:05,877 [pool-87-thread-1] INFO  server.RaftServerConfigKeys (ConfUtils.java:logGet(43)) - raft.server.log.appender.install.snapshot.enabled = false (custom)
2019-10-02 17:51:05,877 [pool-27-thread-1] INFO  impl.RaftServerImpl (RaftServerImpl.java:<init>(95)) - 49c112d4-02f4-49c2-90bf-c7b46ec7b63a: new RaftServerImpl for group-A7BE29CAD5B0:[c6bdf12a-094f-42bc-87c0-f082ef291ed8:192.168.151.72:33846, e7bd1734-ef6c-4cf8-b88c-8a1061e7af66:192.168.151.72:41308, 49c112d4-02f4-49c2-90bf-c7b46ec7b63a:192.168.151.72:42976] with ContainerStateMachine:uninitialized
2019-10-02 17:51:05,877 [pool-87-thread-1] INFO  impl.RaftServerImpl (ServerState.java:<init>(103)) - e7bd1734-ef6c-4cf8-b88c-8a1061e7af66@group-A7BE29CAD5B0: ConfigurationManager, init=-1: [c6bdf12a-094f-42bc-87c0-f082ef291ed8:192.168.151.72:33846, e7bd1734-ef6c-4cf8-b88c-8a1061e7af66:192.168.151.72:41308, 49c112d4-02f4-49c2-90bf-c7b46ec7b63a:192.168.151.72:42976], old=null, confs=<EMPTY_MAP>
2019-10-02 17:51:05,877 [pool-27-thread-1] INFO  server.RaftServerConfigKeys (ConfUtils.java:logGet(43)) - raft.server.rpc.timeout.min = 5s (custom)
2019-10-02 17:51:05,878 [pool-27-thread-1] INFO  server.RaftServerConfigKeys (ConfUtils.java:logGet(43)) - raft.server.rpc.timeout.max = 5200ms (custom)
2019-10-02 17:51:05,878 [pool-87-thread-1] INFO  server.RaftServerConfigKeys (ConfUtils.java:logGet(43)) - raft.server.storage.dir = [/workdir/hadoop-ozone/integration-test/target/test-dir/MiniOzoneClusterImpl-d02e41fa-f6e1-4cca-b896-e100a645b5cc/datanode-6/data/ratis] (custom)
2019-10-02 17:51:05,878 [pool-27-thread-1] INFO  server.RaftServerConfigKeys (ConfUtils.java:logGet(43)) - raft.server.rpcslowness.timeout = 120s (custom)
2019-10-02 17:51:05,878 [pool-47-thread-1] INFO  impl.RaftServerImpl (RaftServerImpl.java:<init>(95)) - c6bdf12a-094f-42bc-87c0-f082ef291ed8: new RaftServerImpl for group-A7BE29CAD5B0:[c6bdf12a-094f-42bc-87c0-f082ef291ed8:192.168.151.72:33846, e7bd1734-ef6c-4cf8-b88c-8a1061e7af66:192.168.151.72:41308, 49c112d4-02f4-49c2-90bf-c7b46ec7b63a:192.168.151.72:42976] with ContainerStateMachine:uninitialized
2019-10-02 17:51:05,878 [pool-27-thread-1] INFO  server.RaftServerConfigKeys (ConfUtils.java:logGet(43)) - raft.server.sleep.deviation.threshold = 300 (default)
2019-10-02 17:51:05,878 [pool-47-thread-1] INFO  server.RaftServerConfigKeys (ConfUtils.java:logGet(43)) - raft.server.rpc.timeout.min = 5s (custom)
2019-10-02 17:51:05,878 [pool-87-thread-1] INFO  server.RaftServerConfigKeys (ConfUtils.java:logGet(43)) - raft.server.log.corruption.policy = EXCEPTION (default)
2019-10-02 17:51:05,879 [pool-47-thread-1] INFO  server.RaftServerConfigKeys (ConfUtils.java:logGet(43)) - raft.server.rpc.timeout.max = 5200ms (custom)
2019-10-02 17:51:05,878 [pool-27-thread-1] INFO  server.RaftServerConfigKeys (ConfUtils.java:logGet(43)) - raft.server.log.appender.install.snapshot.enabled = false (custom)
2019-10-02 17:51:05,879 [pool-87-thread-1] INFO  storage.RaftStorageDirectory (RaftStorageDirectory.java:analyzeStorage(246)) - The storage directory /workdir/hadoop-ozone/integration-test/target/test-dir/MiniOzoneClusterImpl-d02e41fa-f6e1-4cca-b896-e100a645b5cc/datanode-6/data/ratis/9ac702f0-c9ff-4b0c-b15a-a7be29cad5b0 does not exist. Creating ...
2019-10-02 17:51:05,879 [pool-47-thread-1] INFO  server.RaftServerConfigKeys (ConfUtils.java:logGet(43)) - raft.server.rpcslowness.timeout = 120s (custom)
2019-10-02 17:51:05,879 [pool-27-thread-1] INFO  impl.RaftServerImpl (ServerState.java:<init>(103)) - 49c112d4-02f4-49c2-90bf-c7b46ec7b63a@group-A7BE29CAD5B0: ConfigurationManager, init=-1: [c6bdf12a-094f-42bc-87c0-f082ef291ed8:192.168.151.72:33846, e7bd1734-ef6c-4cf8-b88c-8a1061e7af66:192.168.151.72:41308, 49c112d4-02f4-49c2-90bf-c7b46ec7b63a:192.168.151.72:42976], old=null, confs=<EMPTY_MAP>
2019-10-02 17:51:05,879 [pool-47-thread-1] INFO  server.RaftServerConfigKeys (ConfUtils.java:logGet(43)) - raft.server.sleep.deviation.threshold = 300 (default)
2019-10-02 17:51:05,879 [pool-27-thread-1] INFO  server.RaftServerConfigKeys (ConfUtils.java:logGet(43)) - raft.server.storage.dir = [/workdir/hadoop-ozone/integration-test/target/test-dir/MiniOzoneClusterImpl-d02e41fa-f6e1-4cca-b896-e100a645b5cc/datanode-0/data/ratis] (custom)
2019-10-02 17:51:05,880 [pool-47-thread-1] INFO  server.RaftServerConfigKeys (ConfUtils.java:logGet(43)) - raft.server.log.appender.install.snapshot.enabled = false (custom)
2019-10-02 17:51:05,880 [pool-47-thread-1] INFO  impl.RaftServerImpl (ServerState.java:<init>(103)) - c6bdf12a-094f-42bc-87c0-f082ef291ed8@group-A7BE29CAD5B0: ConfigurationManager, init=-1: [c6bdf12a-094f-42bc-87c0-f082ef291ed8:192.168.151.72:33846, e7bd1734-ef6c-4cf8-b88c-8a1061e7af66:192.168.151.72:41308, 49c112d4-02f4-49c2-90bf-c7b46ec7b63a:192.168.151.72:42976], old=null, confs=<EMPTY_MAP>
2019-10-02 17:51:05,880 [pool-27-thread-1] INFO  server.RaftServerConfigKeys (ConfUtils.java:logGet(43)) - raft.server.log.corruption.policy = EXCEPTION (default)
2019-10-02 17:51:05,880 [pool-47-thread-1] INFO  server.RaftServerConfigKeys (ConfUtils.java:logGet(43)) - raft.server.storage.dir = [/workdir/hadoop-ozone/integration-test/target/test-dir/MiniOzoneClusterImpl-d02e41fa-f6e1-4cca-b896-e100a645b5cc/datanode-2/data/ratis] (custom)
2019-10-02 17:51:05,880 [pool-27-thread-1] INFO  storage.RaftStorageDirectory (RaftStorageDirectory.java:analyzeStorage(246)) - The storage directory /workdir/hadoop-ozone/integration-test/target/test-dir/MiniOzoneClusterImpl-d02e41fa-f6e1-4cca-b896-e100a645b5cc/datanode-0/data/ratis/9ac702f0-c9ff-4b0c-b15a-a7be29cad5b0 does not exist. Creating ...
2019-10-02 17:51:05,880 [pool-47-thread-1] INFO  server.RaftServerConfigKeys (ConfUtils.java:logGet(43)) - raft.server.log.corruption.policy = EXCEPTION (default)
2019-10-02 17:51:05,881 [pool-47-thread-1] INFO  storage.RaftStorageDirectory (RaftStorageDirectory.java:analyzeStorage(246)) - The storage directory /workdir/hadoop-ozone/integration-test/target/test-dir/MiniOzoneClusterImpl-d02e41fa-f6e1-4cca-b896-e100a645b5cc/datanode-2/data/ratis/9ac702f0-c9ff-4b0c-b15a-a7be29cad5b0 does not exist. Creating ...
2019-10-02 17:51:05,893 [pool-87-thread-1] INFO  storage.RaftStorageDirectory (RaftStorageDirectory.java:tryLock(328)) - Lock on /workdir/hadoop-ozone/integration-test/target/test-dir/MiniOzoneClusterImpl-d02e41fa-f6e1-4cca-b896-e100a645b5cc/datanode-6/data/ratis/9ac702f0-c9ff-4b0c-b15a-a7be29cad5b0/in_use.lock acquired by nodename 27144@pr-trunk-fgz7f-2353921243
2019-10-02 17:51:05,893 [pool-47-thread-1] INFO  storage.RaftStorageDirectory (RaftStorageDirectory.java:tryLock(328)) - Lock on /workdir/hadoop-ozone/integration-test/target/test-dir/MiniOzoneClusterImpl-d02e41fa-f6e1-4cca-b896-e100a645b5cc/datanode-2/data/ratis/9ac702f0-c9ff-4b0c-b15a-a7be29cad5b0/in_use.lock acquired by nodename 27144@pr-trunk-fgz7f-2353921243
2019-10-02 17:51:05,893 [pool-27-thread-1] INFO  storage.RaftStorageDirectory (RaftStorageDirectory.java:tryLock(328)) - Lock on /workdir/hadoop-ozone/integration-test/target/test-dir/MiniOzoneClusterImpl-d02e41fa-f6e1-4cca-b896-e100a645b5cc/datanode-0/data/ratis/9ac702f0-c9ff-4b0c-b15a-a7be29cad5b0/in_use.lock acquired by nodename 27144@pr-trunk-fgz7f-2353921243
2019-10-02 17:51:05,907 [pool-47-thread-1] INFO  storage.RaftStorage (RaftStorage.java:format(84)) - Storage directory /workdir/hadoop-ozone/integration-test/target/test-dir/MiniOzoneClusterImpl-d02e41fa-f6e1-4cca-b896-e100a645b5cc/datanode-2/data/ratis/9ac702f0-c9ff-4b0c-b15a-a7be29cad5b0 has been successfully formatted.
2019-10-02 17:51:05,907 [pool-27-thread-1] INFO  storage.RaftStorage (RaftStorage.java:format(84)) - Storage directory /workdir/hadoop-ozone/integration-test/target/test-dir/MiniOzoneClusterImpl-d02e41fa-f6e1-4cca-b896-e100a645b5cc/datanode-0/data/ratis/9ac702f0-c9ff-4b0c-b15a-a7be29cad5b0 has been successfully formatted.
2019-10-02 17:51:05,907 [pool-87-thread-1] INFO  storage.RaftStorage (RaftStorage.java:format(84)) - Storage directory /workdir/hadoop-ozone/integration-test/target/test-dir/MiniOzoneClusterImpl-d02e41fa-f6e1-4cca-b896-e100a645b5cc/datanode-6/data/ratis/9ac702f0-c9ff-4b0c-b15a-a7be29cad5b0 has been successfully formatted.
2019-10-02 17:51:05,907 [pool-47-thread-1] INFO  ratis.ContainerStateMachine (ContainerStateMachine.java:loadSnapshot(231)) - group-A7BE29CAD5B0: The snapshot info is null. Setting the last applied indexto:(t:0, i:~)
2019-10-02 17:51:05,907 [pool-27-thread-1] INFO  ratis.ContainerStateMachine (ContainerStateMachine.java:loadSnapshot(231)) - group-A7BE29CAD5B0: The snapshot info is null. Setting the last applied indexto:(t:0, i:~)
2019-10-02 17:51:05,907 [pool-47-thread-1] INFO  server.RaftServerConfigKeys (ConfUtils.java:logGet(43)) - raft.server.notification.no-leader.timeout = 120s (custom)
2019-10-02 17:51:05,907 [pool-87-thread-1] INFO  ratis.ContainerStateMachine (ContainerStateMachine.java:loadSnapshot(231)) - group-A7BE29CAD5B0: The snapshot info is null. Setting the last applied indexto:(t:0, i:~)
2019-10-02 17:51:05,908 [pool-47-thread-1] INFO  server.RaftServerConfigKeys (ConfUtils.java:logGet(43)) - raft.server.log.use.memory = false (default)
2019-10-02 17:51:05,908 [pool-27-thread-1] INFO  server.RaftServerConfigKeys (ConfUtils.java:logGet(43)) - raft.server.notification.no-leader.timeout = 120s (custom)
2019-10-02 17:51:05,908 [pool-47-thread-1] INFO  server.RaftServerConfigKeys (ConfUtils.java:logGet(43)) - raft.server.log.purge.gap = 1000000 (custom)
2019-10-02 17:51:05,908 [pool-87-thread-1] INFO  server.RaftServerConfigKeys (ConfUtils.java:logGet(43)) - raft.server.notification.no-leader.timeout = 120s (custom)
2019-10-02 17:51:05,908 [pool-47-thread-1] INFO  server.RaftServerConfigKeys (ConfUtils.java:logGet(43)) - raft.server.log.appender.buffer.byte-limit = 33554432 (custom)
2019-10-02 17:51:05,908 [pool-27-thread-1] INFO  server.RaftServerConfigKeys (ConfUtils.java:logGet(43)) - raft.server.log.use.memory = false (default)
2019-10-02 17:51:05,908 [pool-47-thread-1] INFO  server.RaftServerConfigKeys (ConfUtils.java:logGet(43)) - raft.server.log.segment.size.max = 1048576 (custom)
2019-10-02 17:51:05,908 [pool-87-thread-1] INFO  server.RaftServerConfigKeys (ConfUtils.java:logGet(43)) - raft.server.log.use.memory = false (default)
2019-10-02 17:51:05,909 [pool-47-thread-1] INFO  server.RaftServerConfigKeys (ConfUtils.java:logGet(43)) - raft.server.log.segment.cache.num.max = 2 (custom)
2019-10-02 17:51:05,909 [pool-27-thread-1] INFO  server.RaftServerConfigKeys (ConfUtils.java:logGet(43)) - raft.server.log.purge.gap = 1000000 (custom)
2019-10-02 17:51:05,909 [pool-47-thread-1] INFO  segmented.SegmentedRaftLogWorker (SegmentedRaftLogWorker.java:<init>(173)) - new c6bdf12a-094f-42bc-87c0-f082ef291ed8@group-A7BE29CAD5B0-SegmentedRaftLogWorker for RaftStorage:Storage Directory /workdir/hadoop-ozone/integration-test/target/test-dir/MiniOzoneClusterImpl-d02e41fa-f6e1-4cca-b896-e100a645b5cc/datanode-2/data/ratis/9ac702f0-c9ff-4b0c-b15a-a7be29cad5b0
2019-10-02 17:51:05,909 [pool-87-thread-1] INFO  server.RaftServerConfigKeys (ConfUtils.java:logGet(43)) - raft.server.log.purge.gap = 1000000 (custom)
2019-10-02 17:51:05,909 [pool-47-thread-1] INFO  server.RaftServerConfigKeys (ConfUtils.java:logGet(43)) - raft.server.log.queue.byte-limit = 2147483647 (custom)
2019-10-02 17:51:05,909 [pool-47-thread-1] INFO  server.RaftServerConfigKeys (ConfUtils.java:logGet(43)) - raft.server.log.queue.element-limit = 1024 (custom)
2019-10-02 17:51:05,909 [pool-27-thread-1] INFO  server.RaftServerConfigKeys (ConfUtils.java:logGet(43)) - raft.server.log.appender.buffer.byte-limit = 33554432 (custom)
2019-10-02 17:51:05,909 [pool-47-thread-1] INFO  server.RaftServerConfigKeys (ConfUtils.java:logGet(43)) - raft.server.log.segment.size.max = 1048576 (custom)
2019-10-02 17:51:05,909 [pool-87-thread-1] INFO  server.RaftServerConfigKeys (ConfUtils.java:logGet(43)) - raft.server.log.appender.buffer.byte-limit = 33554432 (custom)
2019-10-02 17:51:05,910 [pool-47-thread-1] INFO  server.RaftServerConfigKeys (ConfUtils.java:logGet(43)) - raft.server.log.preallocated.size = 16384 (custom)
2019-10-02 17:51:05,910 [pool-27-thread-1] INFO  server.RaftServerConfigKeys (ConfUtils.java:logGet(43)) - raft.server.log.segment.size.max = 1048576 (custom)
2019-10-02 17:51:05,910 [pool-47-thread-1] INFO  server.RaftServerConfigKeys (ConfUtils.java:logGet(43)) - raft.server.log.write.buffer.size = 33554432 (custom)
2019-10-02 17:51:05,910 [pool-87-thread-1] INFO  server.RaftServerConfigKeys (ConfUtils.java:logGet(43)) - raft.server.log.segment.size.max = 1048576 (custom)
2019-10-02 17:51:05,910 [pool-47-thread-1] INFO  server.RaftServerConfigKeys (ConfUtils.java:logGet(43)) - raft.server.log.force.sync.num = 128 (default)
2019-10-02 17:51:05,910 [pool-27-thread-1] INFO  server.RaftServerConfigKeys (ConfUtils.java:logGet(43)) - raft.server.log.segment.cache.num.max = 2 (custom)
2019-10-02 17:51:05,910 [pool-47-thread-1] INFO  server.RaftServerConfigKeys (ConfUtils.java:logGet(43)) - raft.server.log.statemachine.data.sync = true (default)
2019-10-02 17:51:05,910 [pool-87-thread-1] INFO  server.RaftServerConfigKeys (ConfUtils.java:logGet(43)) - raft.server.log.segment.cache.num.max = 2 (custom)
2019-10-02 17:51:05,911 [pool-47-thread-1] INFO  server.RaftServerConfigKeys (ConfUtils.java:logGet(43)) - raft.server.log.statemachine.data.sync.timeout = 10s (default)
2019-10-02 17:51:05,911 [pool-27-thread-1] INFO  segmented.SegmentedRaftLogWorker (SegmentedRaftLogWorker.java:<init>(173)) - new 49c112d4-02f4-49c2-90bf-c7b46ec7b63a@group-A7BE29CAD5B0-SegmentedRaftLogWorker for RaftStorage:Storage Directory /workdir/hadoop-ozone/integration-test/target/test-dir/MiniOzoneClusterImpl-d02e41fa-f6e1-4cca-b896-e100a645b5cc/datanode-0/data/ratis/9ac702f0-c9ff-4b0c-b15a-a7be29cad5b0
2019-10-02 17:51:05,911 [pool-47-thread-1] INFO  server.RaftServerConfigKeys (ConfUtils.java:logGet(43)) - raft.server.log.statemachine.data.sync.timeout.retry = -1 (default)
2019-10-02 17:51:05,911 [pool-87-thread-1] INFO  segmented.SegmentedRaftLogWorker (SegmentedRaftLogWorker.java:<init>(173)) - new e7bd1734-ef6c-4cf8-b88c-8a1061e7af66@group-A7BE29CAD5B0-SegmentedRaftLogWorker for RaftStorage:Storage Directory /workdir/hadoop-ozone/integration-test/target/test-dir/MiniOzoneClusterImpl-d02e41fa-f6e1-4cca-b896-e100a645b5cc/datanode-6/data/ratis/9ac702f0-c9ff-4b0c-b15a-a7be29cad5b0
2019-10-02 17:51:05,911 [pool-27-thread-1] INFO  server.RaftServerConfigKeys (ConfUtils.java:logGet(43)) - raft.server.log.queue.byte-limit = 2147483647 (custom)
2019-10-02 17:51:05,911 [pool-47-thread-1] INFO  server.RaftServerConfigKeys (ConfUtils.java:logGet(43)) - raft.server.log.statemachine.data.caching.enabled = true (custom)
2019-10-02 17:51:05,911 [pool-87-thread-1] INFO  server.RaftServerConfigKeys (ConfUtils.java:logGet(43)) - raft.server.log.queue.byte-limit = 2147483647 (custom)
2019-10-02 17:51:05,911 [pool-27-thread-1] INFO  server.RaftServerConfigKeys (ConfUtils.java:logGet(43)) - raft.server.log.queue.element-limit = 1024 (custom)
2019-10-02 17:51:05,912 [pool-47-thread-1] INFO  segmented.SegmentedRaftLogWorker (SegmentedRaftLogWorker.java:lambda$new$0(128)) - c6bdf12a-094f-42bc-87c0-f082ef291ed8@group-A7BE29CAD5B0-SegmentedRaftLogWorker: flushIndex: setUnconditionally 0 -> -1
2019-10-02 17:51:05,912 [pool-87-thread-1] INFO  server.RaftServerConfigKeys (ConfUtils.java:logGet(43)) - raft.server.log.queue.element-limit = 1024 (custom)
2019-10-02 17:51:05,912 [pool-27-thread-1] INFO  server.RaftServerConfigKeys (ConfUtils.java:logGet(43)) - raft.server.log.segment.size.max = 1048576 (custom)
2019-10-02 17:51:05,912 [pool-47-thread-1] INFO  server.RaftServerConfigKeys (ConfUtils.java:logGet(43)) - raft.server.snapshot.auto.trigger.enabled = true (custom)
2019-10-02 17:51:05,912 [pool-87-thread-1] INFO  server.RaftServerConfigKeys (ConfUtils.java:logGet(43)) - raft.server.log.segment.size.max = 1048576 (custom)
2019-10-02 17:51:05,912 [pool-47-thread-1] INFO  server.RaftServerConfigKeys (ConfUtils.java:logGet(43)) - raft.server.snapshot.auto.trigger.threshold = 10000 (custom)
2019-10-02 17:51:05,913 [pool-47-thread-1] INFO  server.RaftServerConfigKeys (ConfUtils.java:logGet(43)) - raft.server.snapshot.retention.file.num = 5 (custom)
2019-10-02 17:51:05,912 [pool-27-thread-1] INFO  server.RaftServerConfigKeys (ConfUtils.java:logGet(43)) - raft.server.log.preallocated.size = 16384 (custom)
2019-10-02 17:51:05,913 [pool-47-thread-1] INFO  server.RaftServerConfigKeys (ConfUtils.java:logGet(43)) - raft.server.retrycache.expirytime = 600000ms (custom)
2019-10-02 17:51:05,912 [pool-87-thread-1] INFO  server.RaftServerConfigKeys (ConfUtils.java:logGet(43)) - raft.server.log.preallocated.size = 16384 (custom)
2019-10-02 17:51:05,913 [pool-27-thread-1] INFO  server.RaftServerConfigKeys (ConfUtils.java:logGet(43)) - raft.server.log.write.buffer.size = 33554432 (custom)
2019-10-02 17:51:05,913 [pool-87-thread-1] INFO  server.RaftServerConfigKeys (ConfUtils.java:logGet(43)) - raft.server.log.write.buffer.size = 33554432 (custom)
2019-10-02 17:51:05,913 [pool-27-thread-1] INFO  server.RaftServerConfigKeys (ConfUtils.java:logGet(43)) - raft.server.log.force.sync.num = 128 (default)
2019-10-02 17:51:05,913 [pool-87-thread-1] INFO  server.RaftServerConfigKeys (ConfUtils.java:logGet(43)) - raft.server.log.force.sync.num = 128 (default)
2019-10-02 17:51:05,913 [pool-27-thread-1] INFO  server.RaftServerConfigKeys (ConfUtils.java:logGet(43)) - raft.server.log.statemachine.data.sync = true (default)
2019-10-02 17:51:05,914 [pool-87-thread-1] INFO  server.RaftServerConfigKeys (ConfUtils.java:logGet(43)) - raft.server.log.statemachine.data.sync = true (default)
2019-10-02 17:51:05,914 [pool-27-thread-1] INFO  server.RaftServerConfigKeys (ConfUtils.java:logGet(43)) - raft.server.log.statemachine.data.sync.timeout = 10s (default)
2019-10-02 17:51:05,914 [pool-87-thread-1] INFO  server.RaftServerConfigKeys (ConfUtils.java:logGet(43)) - raft.server.log.statemachine.data.sync.timeout = 10s (default)
2019-10-02 17:51:05,914 [pool-27-thread-1] INFO  server.RaftServerConfigKeys (ConfUtils.java:logGet(43)) - raft.server.log.statemachine.data.sync.timeout.retry = -1 (default)
2019-10-02 17:51:05,914 [pool-87-thread-1] INFO  server.RaftServerConfigKeys (ConfUtils.java:logGet(43)) - raft.server.log.statemachine.data.sync.timeout.retry = -1 (default)
2019-10-02 17:51:05,914 [pool-27-thread-1] INFO  server.RaftServerConfigKeys (ConfUtils.java:logGet(43)) - raft.server.log.statemachine.data.caching.enabled = true (custom)
2019-10-02 17:51:05,915 [pool-87-thread-1] INFO  server.RaftServerConfigKeys (ConfUtils.java:logGet(43)) - raft.server.log.statemachine.data.caching.enabled = true (custom)
2019-10-02 17:51:05,915 [pool-27-thread-1] INFO  segmented.SegmentedRaftLogWorker (SegmentedRaftLogWorker.java:lambda$new$0(128)) - 49c112d4-02f4-49c2-90bf-c7b46ec7b63a@group-A7BE29CAD5B0-SegmentedRaftLogWorker: flushIndex: setUnconditionally 0 -> -1
2019-10-02 17:51:05,915 [pool-87-thread-1] INFO  segmented.SegmentedRaftLogWorker (SegmentedRaftLogWorker.java:lambda$new$0(128)) - e7bd1734-ef6c-4cf8-b88c-8a1061e7af66@group-A7BE29CAD5B0-SegmentedRaftLogWorker: flushIndex: setUnconditionally 0 -> -1
2019-10-02 17:51:05,915 [pool-47-thread-1] INFO  impl.RaftServerImpl (RaftServerImpl.java:start(181)) - c6bdf12a-094f-42bc-87c0-f082ef291ed8@group-A7BE29CAD5B0: start as a follower, conf=-1: [c6bdf12a-094f-42bc-87c0-f082ef291ed8:192.168.151.72:33846, e7bd1734-ef6c-4cf8-b88c-8a1061e7af66:192.168.151.72:41308, 49c112d4-02f4-49c2-90bf-c7b46ec7b63a:192.168.151.72:42976], old=null
2019-10-02 17:51:05,915 [pool-27-thread-1] INFO  server.RaftServerConfigKeys (ConfUtils.java:logGet(43)) - raft.server.snapshot.auto.trigger.enabled = true (custom)
2019-10-02 17:51:05,915 [pool-87-thread-1] INFO  server.RaftServerConfigKeys (ConfUtils.java:logGet(43)) - raft.server.snapshot.auto.trigger.enabled = true (custom)
2019-10-02 17:51:05,915 [pool-47-thread-1] INFO  impl.RaftServerImpl (RaftServerImpl.java:setRole(170)) - c6bdf12a-094f-42bc-87c0-f082ef291ed8@group-A7BE29CAD5B0: changes role from      null to FOLLOWER at term 0 for startAsFollower
2019-10-02 17:51:05,915 [pool-87-thread-1] INFO  server.RaftServerConfigKeys (ConfUtils.java:logGet(43)) - raft.server.snapshot.auto.trigger.threshold = 10000 (custom)
2019-10-02 17:51:05,915 [pool-27-thread-1] INFO  server.RaftServerConfigKeys (ConfUtils.java:logGet(43)) - raft.server.snapshot.auto.trigger.threshold = 10000 (custom)
2019-10-02 17:51:05,916 [pool-87-thread-1] INFO  server.RaftServerConfigKeys (ConfUtils.java:logGet(43)) - raft.server.snapshot.retention.file.num = 5 (custom)
2019-10-02 17:51:05,915 [pool-47-thread-1] INFO  impl.RoleInfo (RoleInfo.java:updateAndGet(143)) - c6bdf12a-094f-42bc-87c0-f082ef291ed8: start FollowerState
2019-10-02 17:51:05,916 [pool-87-thread-1] INFO  server.RaftServerConfigKeys (ConfUtils.java:logGet(43)) - raft.server.retrycache.expirytime = 600000ms (custom)
2019-10-02 17:51:05,916 [pool-27-thread-1] INFO  server.RaftServerConfigKeys (ConfUtils.java:logGet(43)) - raft.server.snapshot.retention.file.num = 5 (custom)
2019-10-02 17:51:05,916 [pool-47-thread-1] INFO  util.JmxRegister (JmxRegister.java:tryRegister(44)) - Successfully registered JMX Bean with object name Ratis:service=RaftServer,group=group-A7BE29CAD5B0,id=c6bdf12a-094f-42bc-87c0-f082ef291ed8
2019-10-02 17:51:05,916 [pool-27-thread-1] INFO  server.RaftServerConfigKeys (ConfUtils.java:logGet(43)) - raft.server.retrycache.expirytime = 600000ms (custom)
2019-10-02 17:51:05,920 [pool-87-thread-1] INFO  impl.RaftServerImpl (RaftServerImpl.java:start(181)) - e7bd1734-ef6c-4cf8-b88c-8a1061e7af66@group-A7BE29CAD5B0: start as a follower, conf=-1: [c6bdf12a-094f-42bc-87c0-f082ef291ed8:192.168.151.72:33846, e7bd1734-ef6c-4cf8-b88c-8a1061e7af66:192.168.151.72:41308, 49c112d4-02f4-49c2-90bf-c7b46ec7b63a:192.168.151.72:42976], old=null
2019-10-02 17:51:05,921 [pool-87-thread-1] INFO  impl.RaftServerImpl (RaftServerImpl.java:setRole(170)) - e7bd1734-ef6c-4cf8-b88c-8a1061e7af66@group-A7BE29CAD5B0: changes role from      null to FOLLOWER at term 0 for startAsFollower
2019-10-02 17:51:05,921 [pool-27-thread-1] INFO  impl.RaftServerImpl (RaftServerImpl.java:start(181)) - 49c112d4-02f4-49c2-90bf-c7b46ec7b63a@group-A7BE29CAD5B0: start as a follower, conf=-1: [c6bdf12a-094f-42bc-87c0-f082ef291ed8:192.168.151.72:33846, e7bd1734-ef6c-4cf8-b88c-8a1061e7af66:192.168.151.72:41308, 49c112d4-02f4-49c2-90bf-c7b46ec7b63a:192.168.151.72:42976], old=null
2019-10-02 17:51:05,921 [pool-27-thread-1] INFO  impl.RaftServerImpl (RaftServerImpl.java:setRole(170)) - 49c112d4-02f4-49c2-90bf-c7b46ec7b63a@group-A7BE29CAD5B0: changes role from      null to FOLLOWER at term 0 for startAsFollower
2019-10-02 17:51:05,921 [pool-87-thread-1] INFO  impl.RoleInfo (RoleInfo.java:updateAndGet(143)) - e7bd1734-ef6c-4cf8-b88c-8a1061e7af66: start FollowerState
2019-10-02 17:51:05,921 [pool-27-thread-1] INFO  impl.RoleInfo (RoleInfo.java:updateAndGet(143)) - 49c112d4-02f4-49c2-90bf-c7b46ec7b63a: start FollowerState
2019-10-02 17:51:05,921 [pool-87-thread-1] INFO  util.JmxRegister (JmxRegister.java:tryRegister(44)) - Successfully registered JMX Bean with object name Ratis:service=RaftServer,group=group-A7BE29CAD5B0,id=e7bd1734-ef6c-4cf8-b88c-8a1061e7af66
2019-10-02 17:51:05,921 [pool-27-thread-1] INFO  util.JmxRegister (JmxRegister.java:tryRegister(44)) - Successfully registered JMX Bean with object name Ratis:service=RaftServer,group=group-A7BE29CAD5B0,id=49c112d4-02f4-49c2-90bf-c7b46ec7b63a
2019-10-02 17:51:05,940 [RatisPipelineUtilsThread] INFO  pipeline.PipelineStateManager (PipelineStateManager.java:addPipeline(56)) - Created pipeline Pipeline[ Id: 9ac702f0-c9ff-4b0c-b15a-a7be29cad5b0, Nodes: e7bd1734-ef6c-4cf8-b88c-8a1061e7af66{ip: 192.168.151.72, host: pr-trunk-fgz7f-2353921243, networkLocation: /default-rack, certSerialId: null}49c112d4-02f4-49c2-90bf-c7b46ec7b63a{ip: 192.168.151.72, host: pr-trunk-fgz7f-2353921243, networkLocation: /default-rack, certSerialId: null}c6bdf12a-094f-42bc-87c0-f082ef291ed8{ip: 192.168.151.72, host: pr-trunk-fgz7f-2353921243, networkLocation: /default-rack, certSerialId: null}, Type:RATIS, Factor:THREE, State:OPEN]
2019-10-02 17:51:06,646 [java.util.concurrent.ThreadPoolExecutor$Worker@5dd3aa42[State = -1, empty queue]] ERROR client.GrpcClientProtocolClient (GrpcClientProtocolClient.java:close(148)) - Unexpected exception while waiting for channel termination
java.lang.InterruptedException
	at java.util.concurrent.locks.AbstractQueuedSynchronizer.tryAcquireSharedNanos(AbstractQueuedSynchronizer.java:1326)
	at java.util.concurrent.CountDownLatch.await(CountDownLatch.java:277)
	at org.apache.ratis.thirdparty.io.grpc.internal.ManagedChannelImpl.awaitTermination(ManagedChannelImpl.java:763)
	at org.apache.ratis.thirdparty.io.grpc.internal.ForwardingManagedChannel.awaitTermination(ForwardingManagedChannel.java:57)
	at org.apache.ratis.thirdparty.io.grpc.internal.ManagedChannelOrphanWrapper.awaitTermination(ManagedChannelOrphanWrapper.java:70)
	at org.apache.ratis.grpc.client.GrpcClientProtocolClient.close(GrpcClientProtocolClient.java:146)
	at org.apache.ratis.util.PeerProxyMap$PeerAndProxy.lambda$close$1(PeerProxyMap.java:74)
	at org.apache.ratis.util.LifeCycle.lambda$checkStateAndClose$2(LifeCycle.java:231)
	at org.apache.ratis.util.LifeCycle.checkStateAndClose(LifeCycle.java:251)
	at org.apache.ratis.util.LifeCycle.checkStateAndClose(LifeCycle.java:229)
	at org.apache.ratis.util.PeerProxyMap$PeerAndProxy.close(PeerProxyMap.java:70)
	at org.apache.ratis.util.PeerProxyMap.resetProxy(PeerProxyMap.java:127)
	at org.apache.ratis.util.PeerProxyMap.handleException(PeerProxyMap.java:136)
	at org.apache.ratis.client.impl.RaftClientRpcWithProxy.handleException(RaftClientRpcWithProxy.java:47)
	at org.apache.ratis.client.impl.RaftClientImpl.handleIOException(RaftClientImpl.java:372)
	at org.apache.ratis.client.impl.OrderedAsync.lambda$sendRequest$10(OrderedAsync.java:236)
	at java.util.concurrent.CompletableFuture.uniExceptionally(CompletableFuture.java:870)
	at java.util.concurrent.CompletableFuture$UniExceptionally.tryFire(CompletableFuture.java:852)
	at java.util.concurrent.CompletableFuture.postComplete(CompletableFuture.java:474)
	at java.util.concurrent.CompletableFuture.completeExceptionally(CompletableFuture.java:1977)
	at org.apache.ratis.grpc.client.GrpcClientProtocolClient$AsyncStreamObservers.lambda$timeoutCheck$3(GrpcClientProtocolClient.java:324)
	at java.util.Optional.ifPresent(Optional.java:159)
	at org.apache.ratis.grpc.client.GrpcClientProtocolClient$AsyncStreamObservers.handleReplyFuture(GrpcClientProtocolClient.java:329)
	at org.apache.ratis.grpc.client.GrpcClientProtocolClient$AsyncStreamObservers.timeoutCheck(GrpcClientProtocolClient.java:324)
	at org.apache.ratis.grpc.client.GrpcClientProtocolClient$AsyncStreamObservers.lambda$onNext$1(GrpcClientProtocolClient.java:318)
	at org.apache.ratis.util.TimeoutScheduler.lambda$onTimeout$0(TimeoutScheduler.java:113)
	at org.apache.ratis.util.TimeoutScheduler.lambda$onTimeout$1(TimeoutScheduler.java:133)
	at org.apache.ratis.util.LogUtils.runAndLog(LogUtils.java:50)
	at org.apache.ratis.util.LogUtils$1.run(LogUtils.java:91)
	at java.util.concurrent.Executors$RunnableAdapter.call(Executors.java:511)
	at java.util.concurrent.FutureTask.run(FutureTask.java:266)
	at java.util.concurrent.ScheduledThreadPoolExecutor$ScheduledFutureTask.access$201(ScheduledThreadPoolExecutor.java:180)
	at java.util.concurrent.ScheduledThreadPoolExecutor$ScheduledFutureTask.run(ScheduledThreadPoolExecutor.java:293)
	at java.util.concurrent.ThreadPoolExecutor.runWorker(ThreadPoolExecutor.java:1149)
	at java.util.concurrent.ThreadPoolExecutor$Worker.run(ThreadPoolExecutor.java:624)
	at java.lang.Thread.run(Thread.java:748)
2019-10-02 17:51:06,647 [java.util.concurrent.ThreadPoolExecutor$Worker@5dd3aa42[State = -1, empty queue]] WARN  util.TimeoutScheduler (LogUtils.java:runAndLog(55)) - Failed to task #0: java.lang.NullPointerException
2019-10-02 17:51:10,685 [java.util.concurrent.ThreadPoolExecutor$Worker@4cd1f532[State = -1, empty queue]] ERROR client.GrpcClientProtocolClient (GrpcClientProtocolClient.java:close(148)) - Unexpected exception while waiting for channel termination
java.lang.InterruptedException
	at java.util.concurrent.locks.AbstractQueuedSynchronizer.tryAcquireSharedNanos(AbstractQueuedSynchronizer.java:1326)
	at java.util.concurrent.CountDownLatch.await(CountDownLatch.java:277)
	at org.apache.ratis.thirdparty.io.grpc.internal.ManagedChannelImpl.awaitTermination(ManagedChannelImpl.java:763)
	at org.apache.ratis.thirdparty.io.grpc.internal.ForwardingManagedChannel.awaitTermination(ForwardingManagedChannel.java:57)
	at org.apache.ratis.thirdparty.io.grpc.internal.ManagedChannelOrphanWrapper.awaitTermination(ManagedChannelOrphanWrapper.java:70)
	at org.apache.ratis.grpc.client.GrpcClientProtocolClient.close(GrpcClientProtocolClient.java:146)
	at org.apache.ratis.util.PeerProxyMap$PeerAndProxy.lambda$close$1(PeerProxyMap.java:74)
	at org.apache.ratis.util.LifeCycle.lambda$checkStateAndClose$2(LifeCycle.java:231)
	at org.apache.ratis.util.LifeCycle.checkStateAndClose(LifeCycle.java:251)
	at org.apache.ratis.util.LifeCycle.checkStateAndClose(LifeCycle.java:229)
	at org.apache.ratis.util.PeerProxyMap$PeerAndProxy.close(PeerProxyMap.java:70)
	at org.apache.ratis.util.PeerProxyMap.resetProxy(PeerProxyMap.java:127)
	at org.apache.ratis.util.PeerProxyMap.handleException(PeerProxyMap.java:136)
	at org.apache.ratis.client.impl.RaftClientRpcWithProxy.handleException(RaftClientRpcWithProxy.java:47)
	at org.apache.ratis.client.impl.RaftClientImpl.handleIOException(RaftClientImpl.java:372)
	at org.apache.ratis.client.impl.OrderedAsync.lambda$sendRequest$10(OrderedAsync.java:236)
	at java.util.concurrent.CompletableFuture.uniExceptionally(CompletableFuture.java:870)
	at java.util.concurrent.CompletableFuture$UniExceptionally.tryFire(CompletableFuture.java:852)
	at java.util.concurrent.CompletableFuture.postComplete(CompletableFuture.java:474)
	at java.util.concurrent.CompletableFuture.completeExceptionally(CompletableFuture.java:1977)
	at org.apache.ratis.grpc.client.GrpcClientProtocolClient$AsyncStreamObservers.lambda$timeoutCheck$3(GrpcClientProtocolClient.java:324)
	at java.util.Optional.ifPresent(Optional.java:159)
	at org.apache.ratis.grpc.client.GrpcClientProtocolClient$AsyncStreamObservers.handleReplyFuture(GrpcClientProtocolClient.java:329)
	at org.apache.ratis.grpc.client.GrpcClientProtocolClient$AsyncStreamObservers.timeoutCheck(GrpcClientProtocolClient.java:324)
	at org.apache.ratis.grpc.client.GrpcClientProtocolClient$AsyncStreamObservers.lambda$onNext$1(GrpcClientProtocolClient.java:318)
	at org.apache.ratis.util.TimeoutScheduler.lambda$onTimeout$0(TimeoutScheduler.java:113)
	at org.apache.ratis.util.TimeoutScheduler.lambda$onTimeout$1(TimeoutScheduler.java:133)
	at org.apache.ratis.util.LogUtils.runAndLog(LogUtils.java:50)
	at org.apache.ratis.util.LogUtils$1.run(LogUtils.java:91)
	at java.util.concurrent.Executors$RunnableAdapter.call(Executors.java:511)
	at java.util.concurrent.FutureTask.run(FutureTask.java:266)
	at java.util.concurrent.ScheduledThreadPoolExecutor$ScheduledFutureTask.access$201(ScheduledThreadPoolExecutor.java:180)
	at java.util.concurrent.ScheduledThreadPoolExecutor$ScheduledFutureTask.run(ScheduledThreadPoolExecutor.java:293)
	at java.util.concurrent.ThreadPoolExecutor.runWorker(ThreadPoolExecutor.java:1149)
	at java.util.concurrent.ThreadPoolExecutor$Worker.run(ThreadPoolExecutor.java:624)
	at java.lang.Thread.run(Thread.java:748)
2019-10-02 17:51:10,688 [java.util.concurrent.ThreadPoolExecutor$Worker@4cd1f532[State = -1, empty queue]] WARN  util.TimeoutScheduler (LogUtils.java:runAndLog(55)) - Failed to task #0: java.lang.NullPointerException
2019-10-02 17:51:11,016 [Thread-656] INFO  impl.FollowerState (FollowerState.java:run(108)) - c6bdf12a-094f-42bc-87c0-f082ef291ed8@group-A7BE29CAD5B0-FollowerState: change to CANDIDATE, lastRpcTime:5100ms, electionTimeout:5100ms
2019-10-02 17:51:11,017 [Thread-656] INFO  impl.RoleInfo (RoleInfo.java:shutdownFollowerState(121)) - c6bdf12a-094f-42bc-87c0-f082ef291ed8: shutdown FollowerState
2019-10-02 17:51:11,017 [Thread-656] INFO  impl.RaftServerImpl (RaftServerImpl.java:setRole(170)) - c6bdf12a-094f-42bc-87c0-f082ef291ed8@group-A7BE29CAD5B0: changes role from  FOLLOWER to CANDIDATE at term 0 for changeToCandidate
2019-10-02 17:51:11,017 [Thread-656] INFO  impl.RoleInfo (RoleInfo.java:updateAndGet(143)) - c6bdf12a-094f-42bc-87c0-f082ef291ed8: start LeaderElection
2019-10-02 17:51:11,036 [c6bdf12a-094f-42bc-87c0-f082ef291ed8@group-A7BE29CAD5B0-LeaderElection11] INFO  impl.LeaderElection (LeaderElection.java:askForVotes(178)) - c6bdf12a-094f-42bc-87c0-f082ef291ed8@group-A7BE29CAD5B0-LeaderElection11: begin an election at term 1 for -1: [c6bdf12a-094f-42bc-87c0-f082ef291ed8:192.168.151.72:33846, e7bd1734-ef6c-4cf8-b88c-8a1061e7af66:192.168.151.72:41308, 49c112d4-02f4-49c2-90bf-c7b46ec7b63a:192.168.151.72:42976], old=null
2019-10-02 17:51:11,038 [Thread-660] INFO  impl.FollowerState (FollowerState.java:run(108)) - e7bd1734-ef6c-4cf8-b88c-8a1061e7af66@group-A7BE29CAD5B0-FollowerState: change to CANDIDATE, lastRpcTime:5116ms, electionTimeout:5116ms
2019-10-02 17:51:11,038 [Thread-660] INFO  impl.RoleInfo (RoleInfo.java:shutdownFollowerState(121)) - e7bd1734-ef6c-4cf8-b88c-8a1061e7af66: shutdown FollowerState
2019-10-02 17:51:11,038 [Thread-660] INFO  impl.RaftServerImpl (RaftServerImpl.java:setRole(170)) - e7bd1734-ef6c-4cf8-b88c-8a1061e7af66@group-A7BE29CAD5B0: changes role from  FOLLOWER to CANDIDATE at term 0 for changeToCandidate
2019-10-02 17:51:11,038 [Thread-660] INFO  impl.RoleInfo (RoleInfo.java:updateAndGet(143)) - e7bd1734-ef6c-4cf8-b88c-8a1061e7af66: start LeaderElection
2019-10-02 17:51:11,054 [grpc-default-executor-2] INFO  impl.RaftServerImpl (RaftServerImpl.java:setRole(170)) - 49c112d4-02f4-49c2-90bf-c7b46ec7b63a@group-A7BE29CAD5B0: changes role from  FOLLOWER to FOLLOWER at term 1 for recognizeCandidate:c6bdf12a-094f-42bc-87c0-f082ef291ed8
2019-10-02 17:51:11,054 [grpc-default-executor-2] INFO  impl.RoleInfo (RoleInfo.java:shutdownFollowerState(121)) - 49c112d4-02f4-49c2-90bf-c7b46ec7b63a: shutdown FollowerState
2019-10-02 17:51:11,054 [grpc-default-executor-2] INFO  impl.RoleInfo (RoleInfo.java:updateAndGet(143)) - 49c112d4-02f4-49c2-90bf-c7b46ec7b63a: start FollowerState
2019-10-02 17:51:11,054 [Thread-661] INFO  impl.FollowerState (FollowerState.java:run(117)) - 49c112d4-02f4-49c2-90bf-c7b46ec7b63a@group-A7BE29CAD5B0-FollowerState was interrupted: java.lang.InterruptedException: sleep interrupted
2019-10-02 17:51:11,061 [e7bd1734-ef6c-4cf8-b88c-8a1061e7af66@group-A7BE29CAD5B0-LeaderElection12] INFO  impl.LeaderElection (LeaderElection.java:askForVotes(178)) - e7bd1734-ef6c-4cf8-b88c-8a1061e7af66@group-A7BE29CAD5B0-LeaderElection12: begin an election at term 1 for -1: [c6bdf12a-094f-42bc-87c0-f082ef291ed8:192.168.151.72:33846, e7bd1734-ef6c-4cf8-b88c-8a1061e7af66:192.168.151.72:41308, 49c112d4-02f4-49c2-90bf-c7b46ec7b63a:192.168.151.72:42976], old=null
2019-10-02 17:51:11,065 [c6bdf12a-094f-42bc-87c0-f082ef291ed8@group-A7BE29CAD5B0-LeaderElection11] INFO  impl.LeaderElection (LeaderElection.java:logAndReturn(56)) - c6bdf12a-094f-42bc-87c0-f082ef291ed8@group-A7BE29CAD5B0-LeaderElection11: Election PASSED; received 1 response(s) [c6bdf12a-094f-42bc-87c0-f082ef291ed8<-49c112d4-02f4-49c2-90bf-c7b46ec7b63a#0:OK-t1] and 0 exception(s); c6bdf12a-094f-42bc-87c0-f082ef291ed8@group-A7BE29CAD5B0:t1, leader=null, voted=c6bdf12a-094f-42bc-87c0-f082ef291ed8, raftlog=c6bdf12a-094f-42bc-87c0-f082ef291ed8@group-A7BE29CAD5B0-SegmentedRaftLog:OPENED:c-1,f-1,i0, conf=-1: [c6bdf12a-094f-42bc-87c0-f082ef291ed8:192.168.151.72:33846, e7bd1734-ef6c-4cf8-b88c-8a1061e7af66:192.168.151.72:41308, 49c112d4-02f4-49c2-90bf-c7b46ec7b63a:192.168.151.72:42976], old=null
2019-10-02 17:51:11,066 [c6bdf12a-094f-42bc-87c0-f082ef291ed8@group-A7BE29CAD5B0-LeaderElection11] INFO  impl.RoleInfo (RoleInfo.java:shutdownLeaderElection(134)) - c6bdf12a-094f-42bc-87c0-f082ef291ed8: shutdown LeaderElection
2019-10-02 17:51:11,067 [c6bdf12a-094f-42bc-87c0-f082ef291ed8@group-A7BE29CAD5B0-LeaderElection11] INFO  impl.RaftServerImpl (RaftServerImpl.java:setRole(170)) - c6bdf12a-094f-42bc-87c0-f082ef291ed8@group-A7BE29CAD5B0: changes role from CANDIDATE to LEADER at term 1 for changeToLeader
2019-10-02 17:51:11,067 [c6bdf12a-094f-42bc-87c0-f082ef291ed8@group-A7BE29CAD5B0-LeaderElection11] INFO  impl.RaftServerImpl (ServerState.java:setLeader(255)) - c6bdf12a-094f-42bc-87c0-f082ef291ed8@group-A7BE29CAD5B0: change Leader from null to c6bdf12a-094f-42bc-87c0-f082ef291ed8 at term 1 for becomeLeader, leader elected after 5159ms
2019-10-02 17:51:11,068 [c6bdf12a-094f-42bc-87c0-f082ef291ed8@group-A7BE29CAD5B0-LeaderElection11] INFO  server.RaftServerConfigKeys (ConfUtils.java:logGet(43)) - raft.server.staging.catchup.gap = 1000 (default)
2019-10-02 17:51:11,068 [c6bdf12a-094f-42bc-87c0-f082ef291ed8@group-A7BE29CAD5B0-LeaderElection11] INFO  server.RaftServerConfigKeys (ConfUtils.java:logGet(43)) - raft.server.rpc.sleep.time = 25ms (default)
2019-10-02 17:51:11,068 [c6bdf12a-094f-42bc-87c0-f082ef291ed8@group-A7BE29CAD5B0-LeaderElection11] INFO  server.RaftServerConfigKeys (ConfUtils.java:logGet(43)) - raft.server.write.element-limit = 4096 (default)
2019-10-02 17:51:11,068 [c6bdf12a-094f-42bc-87c0-f082ef291ed8@group-A7BE29CAD5B0-LeaderElection11] INFO  server.RaftServerConfigKeys (ConfUtils.java:logGet(43)) - raft.server.watch.timeout = 10s (default)
2019-10-02 17:51:11,069 [c6bdf12a-094f-42bc-87c0-f082ef291ed8@group-A7BE29CAD5B0-LeaderElection11] INFO  server.RaftServerConfigKeys (ConfUtils.java:logGet(43)) - raft.server.watch.timeout.denomination = 1s (default)
2019-10-02 17:51:11,069 [c6bdf12a-094f-42bc-87c0-f082ef291ed8@group-A7BE29CAD5B0-LeaderElection11] INFO  server.RaftServerConfigKeys (ConfUtils.java:logGet(43)) - raft.server.watch.element-limit = 65536 (default)
2019-10-02 17:51:11,076 [c6bdf12a-094f-42bc-87c0-f082ef291ed8@group-A7BE29CAD5B0-LeaderElection11] INFO  server.RaftServerConfigKeys (ConfUtils.java:logGet(43)) - raft.server.log.appender.snapshot.chunk.size.max = 16MB (=16777216) (default)
2019-10-02 17:51:11,076 [c6bdf12a-094f-42bc-87c0-f082ef291ed8@group-A7BE29CAD5B0-LeaderElection11] INFO  server.RaftServerConfigKeys (ConfUtils.java:logGet(43)) - raft.server.log.appender.buffer.byte-limit = 33554432 (custom)
2019-10-02 17:51:11,077 [c6bdf12a-094f-42bc-87c0-f082ef291ed8@group-A7BE29CAD5B0-LeaderElection11] INFO  server.RaftServerConfigKeys (ConfUtils.java:logGet(43)) - raft.server.log.appender.buffer.element-limit = 1 (custom)
2019-10-02 17:51:11,077 [c6bdf12a-094f-42bc-87c0-f082ef291ed8@group-A7BE29CAD5B0-LeaderElection11] INFO  grpc.GrpcConfigKeys$Server (ConfUtils.java:logGet(43)) - raft.grpc.server.leader.outstanding.appends.max = 128 (default)
2019-10-02 17:51:11,077 [c6bdf12a-094f-42bc-87c0-f082ef291ed8@group-A7BE29CAD5B0-LeaderElection11] INFO  server.RaftServerConfigKeys (ConfUtils.java:logGet(43)) - raft.server.rpc.request.timeout = 3000ms (default)
2019-10-02 17:51:11,077 [c6bdf12a-094f-42bc-87c0-f082ef291ed8@group-A7BE29CAD5B0-LeaderElection11] INFO  server.RaftServerConfigKeys (ConfUtils.java:logGet(43)) - raft.server.log.appender.install.snapshot.enabled = false (custom)
2019-10-02 17:51:11,078 [c6bdf12a-094f-42bc-87c0-f082ef291ed8@group-A7BE29CAD5B0-LeaderElection11] INFO  server.RaftServerConfigKeys (ConfUtils.java:logGet(43)) - raft.server.log.appender.snapshot.chunk.size.max = 16MB (=16777216) (default)
2019-10-02 17:51:11,078 [c6bdf12a-094f-42bc-87c0-f082ef291ed8@group-A7BE29CAD5B0-LeaderElection11] INFO  server.RaftServerConfigKeys (ConfUtils.java:logGet(43)) - raft.server.log.appender.buffer.byte-limit = 33554432 (custom)
2019-10-02 17:51:11,078 [c6bdf12a-094f-42bc-87c0-f082ef291ed8@group-A7BE29CAD5B0-LeaderElection11] INFO  server.RaftServerConfigKeys (ConfUtils.java:logGet(43)) - raft.server.log.appender.buffer.element-limit = 1 (custom)
2019-10-02 17:51:11,078 [c6bdf12a-094f-42bc-87c0-f082ef291ed8@group-A7BE29CAD5B0-LeaderElection11] INFO  grpc.GrpcConfigKeys$Server (ConfUtils.java:logGet(43)) - raft.grpc.server.leader.outstanding.appends.max = 128 (default)
2019-10-02 17:51:11,078 [c6bdf12a-094f-42bc-87c0-f082ef291ed8@group-A7BE29CAD5B0-LeaderElection11] INFO  server.RaftServerConfigKeys (ConfUtils.java:logGet(43)) - raft.server.rpc.request.timeout = 3000ms (default)
2019-10-02 17:51:11,079 [c6bdf12a-094f-42bc-87c0-f082ef291ed8@group-A7BE29CAD5B0-LeaderElection11] INFO  server.RaftServerConfigKeys (ConfUtils.java:logGet(43)) - raft.server.log.appender.install.snapshot.enabled = false (custom)
2019-10-02 17:51:11,079 [c6bdf12a-094f-42bc-87c0-f082ef291ed8@group-A7BE29CAD5B0-LeaderElection11] INFO  impl.RoleInfo (RoleInfo.java:updateAndGet(143)) - c6bdf12a-094f-42bc-87c0-f082ef291ed8: start LeaderState
2019-10-02 17:51:11,080 [c6bdf12a-094f-42bc-87c0-f082ef291ed8@group-A7BE29CAD5B0-LeaderElection11] INFO  segmented.SegmentedRaftLogWorker (SegmentedRaftLogWorker.java:startLogSegment(385)) - c6bdf12a-094f-42bc-87c0-f082ef291ed8@group-A7BE29CAD5B0-SegmentedRaftLogWorker: Starting segment from index:0
2019-10-02 17:51:11,080 [c6bdf12a-094f-42bc-87c0-f082ef291ed8@group-A7BE29CAD5B0-LeaderElection11] INFO  impl.RaftServerImpl (ServerState.java:setRaftConf(356)) - c6bdf12a-094f-42bc-87c0-f082ef291ed8@group-A7BE29CAD5B0: set configuration 0: [c6bdf12a-094f-42bc-87c0-f082ef291ed8:192.168.151.72:33846, e7bd1734-ef6c-4cf8-b88c-8a1061e7af66:192.168.151.72:41308, 49c112d4-02f4-49c2-90bf-c7b46ec7b63a:192.168.151.72:42976], old=null at 0
2019-10-02 17:51:11,106 [grpc-default-executor-2] INFO  impl.RaftServerImpl (RaftServerImpl.java:requestVote(754)) - c6bdf12a-094f-42bc-87c0-f082ef291ed8@group-A7BE29CAD5B0-   LEADER: Withhold vote from candidate e7bd1734-ef6c-4cf8-b88c-8a1061e7af66 with term 1. State: leader=c6bdf12a-094f-42bc-87c0-f082ef291ed8, term=1, lastRpcElapsed=null
2019-10-02 17:51:11,110 [grpc-default-executor-3] INFO  impl.RaftServerImpl (RaftServerImpl.java:setRole(170)) - e7bd1734-ef6c-4cf8-b88c-8a1061e7af66@group-A7BE29CAD5B0: changes role from CANDIDATE to FOLLOWER at term 1 for appendEntries
2019-10-02 17:51:11,110 [e7bd1734-ef6c-4cf8-b88c-8a1061e7af66@group-A7BE29CAD5B0-LeaderElection12] INFO  impl.LeaderElection (LeaderElection.java:logAndReturn(56)) - e7bd1734-ef6c-4cf8-b88c-8a1061e7af66@group-A7BE29CAD5B0-LeaderElection12: Election REJECTED; received 2 response(s) [e7bd1734-ef6c-4cf8-b88c-8a1061e7af66<-c6bdf12a-094f-42bc-87c0-f082ef291ed8#0:FAIL-t1, e7bd1734-ef6c-4cf8-b88c-8a1061e7af66<-49c112d4-02f4-49c2-90bf-c7b46ec7b63a#0:FAIL-t1] and 0 exception(s); e7bd1734-ef6c-4cf8-b88c-8a1061e7af66@group-A7BE29CAD5B0:t1, leader=null, voted=e7bd1734-ef6c-4cf8-b88c-8a1061e7af66, raftlog=e7bd1734-ef6c-4cf8-b88c-8a1061e7af66@group-A7BE29CAD5B0-SegmentedRaftLog:OPENED:c-1,f-1,i0, conf=-1: [c6bdf12a-094f-42bc-87c0-f082ef291ed8:192.168.151.72:33846, e7bd1734-ef6c-4cf8-b88c-8a1061e7af66:192.168.151.72:41308, 49c112d4-02f4-49c2-90bf-c7b46ec7b63a:192.168.151.72:42976], old=null
2019-10-02 17:51:11,110 [grpc-default-executor-3] INFO  impl.RoleInfo (RoleInfo.java:shutdownLeaderElection(134)) - e7bd1734-ef6c-4cf8-b88c-8a1061e7af66: shutdown LeaderElection
2019-10-02 17:51:11,110 [grpc-default-executor-2] INFO  impl.RaftServerImpl (ServerState.java:setLeader(255)) - 49c112d4-02f4-49c2-90bf-c7b46ec7b63a@group-A7BE29CAD5B0: change Leader from null to c6bdf12a-094f-42bc-87c0-f082ef291ed8 at term 1 for appendEntries, leader elected after 5202ms
2019-10-02 17:51:11,113 [grpc-default-executor-3] INFO  impl.RoleInfo (RoleInfo.java:updateAndGet(143)) - e7bd1734-ef6c-4cf8-b88c-8a1061e7af66: start FollowerState
2019-10-02 17:51:11,114 [grpc-default-executor-3] INFO  impl.RaftServerImpl (ServerState.java:setLeader(255)) - e7bd1734-ef6c-4cf8-b88c-8a1061e7af66@group-A7BE29CAD5B0: change Leader from null to c6bdf12a-094f-42bc-87c0-f082ef291ed8 at term 1 for appendEntries, leader elected after 5206ms
2019-10-02 17:51:11,115 [c6bdf12a-094f-42bc-87c0-f082ef291ed8@group-A7BE29CAD5B0-SegmentedRaftLogWorker] INFO  segmented.SegmentedRaftLogWorker (SegmentedRaftLogWorker.java:execute(574)) - c6bdf12a-094f-42bc-87c0-f082ef291ed8@group-A7BE29CAD5B0-SegmentedRaftLogWorker: created new log segment /workdir/hadoop-ozone/integration-test/target/test-dir/MiniOzoneClusterImpl-d02e41fa-f6e1-4cca-b896-e100a645b5cc/datanode-2/data/ratis/9ac702f0-c9ff-4b0c-b15a-a7be29cad5b0/current/log_inprogress_0
2019-10-02 17:51:11,123 [grpc-default-executor-3] INFO  impl.RaftServerImpl (ServerState.java:setRaftConf(356)) - 49c112d4-02f4-49c2-90bf-c7b46ec7b63a@group-A7BE29CAD5B0: set configuration 0: [c6bdf12a-094f-42bc-87c0-f082ef291ed8:192.168.151.72:33846, e7bd1734-ef6c-4cf8-b88c-8a1061e7af66:192.168.151.72:41308, 49c112d4-02f4-49c2-90bf-c7b46ec7b63a:192.168.151.72:42976], old=null at 0
2019-10-02 17:51:11,123 [grpc-default-executor-3] INFO  segmented.SegmentedRaftLogWorker (SegmentedRaftLogWorker.java:startLogSegment(385)) - 49c112d4-02f4-49c2-90bf-c7b46ec7b63a@group-A7BE29CAD5B0-SegmentedRaftLogWorker: Starting segment from index:0
2019-10-02 17:51:11,124 [grpc-default-executor-2] INFO  impl.RaftServerImpl (ServerState.java:setRaftConf(356)) - e7bd1734-ef6c-4cf8-b88c-8a1061e7af66@group-A7BE29CAD5B0: set configuration 0: [c6bdf12a-094f-42bc-87c0-f082ef291ed8:192.168.151.72:33846, e7bd1734-ef6c-4cf8-b88c-8a1061e7af66:192.168.151.72:41308, 49c112d4-02f4-49c2-90bf-c7b46ec7b63a:192.168.151.72:42976], old=null at 0
2019-10-02 17:51:11,124 [grpc-default-executor-2] INFO  segmented.SegmentedRaftLogWorker (SegmentedRaftLogWorker.java:startLogSegment(385)) - e7bd1734-ef6c-4cf8-b88c-8a1061e7af66@group-A7BE29CAD5B0-SegmentedRaftLogWorker: Starting segment from index:0
2019-10-02 17:51:11,174 [49c112d4-02f4-49c2-90bf-c7b46ec7b63a@group-A7BE29CAD5B0-SegmentedRaftLogWorker] INFO  segmented.SegmentedRaftLogWorker (SegmentedRaftLogWorker.java:execute(574)) - 49c112d4-02f4-49c2-90bf-c7b46ec7b63a@group-A7BE29CAD5B0-SegmentedRaftLogWorker: created new log segment /workdir/hadoop-ozone/integration-test/target/test-dir/MiniOzoneClusterImpl-d02e41fa-f6e1-4cca-b896-e100a645b5cc/datanode-0/data/ratis/9ac702f0-c9ff-4b0c-b15a-a7be29cad5b0/current/log_inprogress_0
2019-10-02 17:51:11,174 [e7bd1734-ef6c-4cf8-b88c-8a1061e7af66@group-A7BE29CAD5B0-SegmentedRaftLogWorker] INFO  segmented.SegmentedRaftLogWorker (SegmentedRaftLogWorker.java:execute(574)) - e7bd1734-ef6c-4cf8-b88c-8a1061e7af66@group-A7BE29CAD5B0-SegmentedRaftLogWorker: created new log segment /workdir/hadoop-ozone/integration-test/target/test-dir/MiniOzoneClusterImpl-d02e41fa-f6e1-4cca-b896-e100a645b5cc/datanode-6/data/ratis/9ac702f0-c9ff-4b0c-b15a-a7be29cad5b0/current/log_inprogress_0
2019-10-02 17:51:14,733 [java.util.concurrent.ThreadPoolExecutor$Worker@5607da54[State = -1, empty queue]] ERROR client.GrpcClientProtocolClient (GrpcClientProtocolClient.java:close(148)) - Unexpected exception while waiting for channel termination
java.lang.InterruptedException
	at java.util.concurrent.locks.AbstractQueuedSynchronizer.tryAcquireSharedNanos(AbstractQueuedSynchronizer.java:1326)
	at java.util.concurrent.CountDownLatch.await(CountDownLatch.java:277)
	at org.apache.ratis.thirdparty.io.grpc.internal.ManagedChannelImpl.awaitTermination(ManagedChannelImpl.java:763)
	at org.apache.ratis.thirdparty.io.grpc.internal.ForwardingManagedChannel.awaitTermination(ForwardingManagedChannel.java:57)
	at org.apache.ratis.thirdparty.io.grpc.internal.ManagedChannelOrphanWrapper.awaitTermination(ManagedChannelOrphanWrapper.java:70)
	at org.apache.ratis.grpc.client.GrpcClientProtocolClient.close(GrpcClientProtocolClient.java:146)
	at org.apache.ratis.util.PeerProxyMap$PeerAndProxy.lambda$close$1(PeerProxyMap.java:74)
	at org.apache.ratis.util.LifeCycle.lambda$checkStateAndClose$2(LifeCycle.java:231)
	at org.apache.ratis.util.LifeCycle.checkStateAndClose(LifeCycle.java:251)
	at org.apache.ratis.util.LifeCycle.checkStateAndClose(LifeCycle.java:229)
	at org.apache.ratis.util.PeerProxyMap$PeerAndProxy.close(PeerProxyMap.java:70)
	at org.apache.ratis.util.PeerProxyMap.resetProxy(PeerProxyMap.java:127)
	at org.apache.ratis.util.PeerProxyMap.handleException(PeerProxyMap.java:136)
	at org.apache.ratis.client.impl.RaftClientRpcWithProxy.handleException(RaftClientRpcWithProxy.java:47)
	at org.apache.ratis.client.impl.RaftClientImpl.handleIOException(RaftClientImpl.java:372)
	at org.apache.ratis.client.impl.OrderedAsync.lambda$sendRequest$10(OrderedAsync.java:236)
	at java.util.concurrent.CompletableFuture.uniExceptionally(CompletableFuture.java:870)
	at java.util.concurrent.CompletableFuture$UniExceptionally.tryFire(CompletableFuture.java:852)
	at java.util.concurrent.CompletableFuture.postComplete(CompletableFuture.java:474)
	at java.util.concurrent.CompletableFuture.completeExceptionally(CompletableFuture.java:1977)
	at org.apache.ratis.grpc.client.GrpcClientProtocolClient$AsyncStreamObservers.lambda$timeoutCheck$3(GrpcClientProtocolClient.java:324)
	at java.util.Optional.ifPresent(Optional.java:159)
	at org.apache.ratis.grpc.client.GrpcClientProtocolClient$AsyncStreamObservers.handleReplyFuture(GrpcClientProtocolClient.java:329)
	at org.apache.ratis.grpc.client.GrpcClientProtocolClient$AsyncStreamObservers.timeoutCheck(GrpcClientProtocolClient.java:324)
	at org.apache.ratis.grpc.client.GrpcClientProtocolClient$AsyncStreamObservers.lambda$onNext$1(GrpcClientProtocolClient.java:318)
	at org.apache.ratis.util.TimeoutScheduler.lambda$onTimeout$0(TimeoutScheduler.java:113)
	at org.apache.ratis.util.TimeoutScheduler.lambda$onTimeout$1(TimeoutScheduler.java:133)
	at org.apache.ratis.util.LogUtils.runAndLog(LogUtils.java:50)
	at org.apache.ratis.util.LogUtils$1.run(LogUtils.java:91)
	at java.util.concurrent.Executors$RunnableAdapter.call(Executors.java:511)
	at java.util.concurrent.FutureTask.run(FutureTask.java:266)
	at java.util.concurrent.ScheduledThreadPoolExecutor$ScheduledFutureTask.access$201(ScheduledThreadPoolExecutor.java:180)
	at java.util.concurrent.ScheduledThreadPoolExecutor$ScheduledFutureTask.run(ScheduledThreadPoolExecutor.java:293)
	at java.util.concurrent.ThreadPoolExecutor.runWorker(ThreadPoolExecutor.java:1149)
	at java.util.concurrent.ThreadPoolExecutor$Worker.run(ThreadPoolExecutor.java:624)
	at java.lang.Thread.run(Thread.java:748)
2019-10-02 17:51:14,735 [java.util.concurrent.ThreadPoolExecutor$Worker@5607da54[State = -1, empty queue]] WARN  util.TimeoutScheduler (LogUtils.java:runAndLog(55)) - Failed to task #0: java.lang.NullPointerException
2019-10-02 17:51:18,778 [java.util.concurrent.ThreadPoolExecutor$Worker@48c13ffd[State = -1, empty queue]] ERROR client.GrpcClientProtocolClient (GrpcClientProtocolClient.java:close(148)) - Unexpected exception while waiting for channel termination
java.lang.InterruptedException
	at java.util.concurrent.locks.AbstractQueuedSynchronizer.tryAcquireSharedNanos(AbstractQueuedSynchronizer.java:1326)
	at java.util.concurrent.CountDownLatch.await(CountDownLatch.java:277)
	at org.apache.ratis.thirdparty.io.grpc.internal.ManagedChannelImpl.awaitTermination(ManagedChannelImpl.java:763)
	at org.apache.ratis.thirdparty.io.grpc.internal.ForwardingManagedChannel.awaitTermination(ForwardingManagedChannel.java:57)
	at org.apache.ratis.thirdparty.io.grpc.internal.ManagedChannelOrphanWrapper.awaitTermination(ManagedChannelOrphanWrapper.java:70)
	at org.apache.ratis.grpc.client.GrpcClientProtocolClient.close(GrpcClientProtocolClient.java:146)
	at org.apache.ratis.util.PeerProxyMap$PeerAndProxy.lambda$close$1(PeerProxyMap.java:74)
	at org.apache.ratis.util.LifeCycle.lambda$checkStateAndClose$2(LifeCycle.java:231)
	at org.apache.ratis.util.LifeCycle.checkStateAndClose(LifeCycle.java:251)
	at org.apache.ratis.util.LifeCycle.checkStateAndClose(LifeCycle.java:229)
	at org.apache.ratis.util.PeerProxyMap$PeerAndProxy.close(PeerProxyMap.java:70)
	at org.apache.ratis.util.PeerProxyMap.resetProxy(PeerProxyMap.java:127)
	at org.apache.ratis.util.PeerProxyMap.handleException(PeerProxyMap.java:136)
	at org.apache.ratis.client.impl.RaftClientRpcWithProxy.handleException(RaftClientRpcWithProxy.java:47)
	at org.apache.ratis.client.impl.RaftClientImpl.handleIOException(RaftClientImpl.java:372)
	at org.apache.ratis.client.impl.OrderedAsync.lambda$sendRequest$10(OrderedAsync.java:236)
	at java.util.concurrent.CompletableFuture.uniExceptionally(CompletableFuture.java:870)
	at java.util.concurrent.CompletableFuture$UniExceptionally.tryFire(CompletableFuture.java:852)
	at java.util.concurrent.CompletableFuture.postComplete(CompletableFuture.java:474)
	at java.util.concurrent.CompletableFuture.completeExceptionally(CompletableFuture.java:1977)
	at org.apache.ratis.grpc.client.GrpcClientProtocolClient$AsyncStreamObservers.lambda$timeoutCheck$3(GrpcClientProtocolClient.java:324)
	at java.util.Optional.ifPresent(Optional.java:159)
	at org.apache.ratis.grpc.client.GrpcClientProtocolClient$AsyncStreamObservers.handleReplyFuture(GrpcClientProtocolClient.java:329)
	at org.apache.ratis.grpc.client.GrpcClientProtocolClient$AsyncStreamObservers.timeoutCheck(GrpcClientProtocolClient.java:324)
	at org.apache.ratis.grpc.client.GrpcClientProtocolClient$AsyncStreamObservers.lambda$onNext$1(GrpcClientProtocolClient.java:318)
	at org.apache.ratis.util.TimeoutScheduler.lambda$onTimeout$0(TimeoutScheduler.java:113)
	at org.apache.ratis.util.TimeoutScheduler.lambda$onTimeout$1(TimeoutScheduler.java:133)
	at org.apache.ratis.util.LogUtils.runAndLog(LogUtils.java:50)
	at org.apache.ratis.util.LogUtils$1.run(LogUtils.java:91)
	at java.util.concurrent.Executors$RunnableAdapter.call(Executors.java:511)
	at java.util.concurrent.FutureTask.run(FutureTask.java:266)
	at java.util.concurrent.ScheduledThreadPoolExecutor$ScheduledFutureTask.access$201(ScheduledThreadPoolExecutor.java:180)
	at java.util.concurrent.ScheduledThreadPoolExecutor$ScheduledFutureTask.run(ScheduledThreadPoolExecutor.java:293)
	at java.util.concurrent.ThreadPoolExecutor.runWorker(ThreadPoolExecutor.java:1149)
	at java.util.concurrent.ThreadPoolExecutor$Worker.run(ThreadPoolExecutor.java:624)
	at java.lang.Thread.run(Thread.java:748)
2019-10-02 17:51:18,779 [java.util.concurrent.ThreadPoolExecutor$Worker@48c13ffd[State = -1, empty queue]] WARN  util.TimeoutScheduler (LogUtils.java:runAndLog(55)) - Failed to task #0: java.lang.NullPointerException
2019-10-02 17:51:22,829 [java.util.concurrent.ThreadPoolExecutor$Worker@42c60135[State = -1, empty queue]] ERROR client.GrpcClientProtocolClient (GrpcClientProtocolClient.java:close(148)) - Unexpected exception while waiting for channel termination
java.lang.InterruptedException
	at java.util.concurrent.locks.AbstractQueuedSynchronizer.tryAcquireSharedNanos(AbstractQueuedSynchronizer.java:1326)
	at java.util.concurrent.CountDownLatch.await(CountDownLatch.java:277)
	at org.apache.ratis.thirdparty.io.grpc.internal.ManagedChannelImpl.awaitTermination(ManagedChannelImpl.java:763)
	at org.apache.ratis.thirdparty.io.grpc.internal.ForwardingManagedChannel.awaitTermination(ForwardingManagedChannel.java:57)
	at org.apache.ratis.thirdparty.io.grpc.internal.ManagedChannelOrphanWrapper.awaitTermination(ManagedChannelOrphanWrapper.java:70)
	at org.apache.ratis.grpc.client.GrpcClientProtocolClient.close(GrpcClientProtocolClient.java:146)
	at org.apache.ratis.util.PeerProxyMap$PeerAndProxy.lambda$close$1(PeerProxyMap.java:74)
	at org.apache.ratis.util.LifeCycle.lambda$checkStateAndClose$2(LifeCycle.java:231)
	at org.apache.ratis.util.LifeCycle.checkStateAndClose(LifeCycle.java:251)
	at org.apache.ratis.util.LifeCycle.checkStateAndClose(LifeCycle.java:229)
	at org.apache.ratis.util.PeerProxyMap$PeerAndProxy.close(PeerProxyMap.java:70)
	at org.apache.ratis.util.PeerProxyMap.resetProxy(PeerProxyMap.java:127)
	at org.apache.ratis.util.PeerProxyMap.handleException(PeerProxyMap.java:136)
	at org.apache.ratis.client.impl.RaftClientRpcWithProxy.handleException(RaftClientRpcWithProxy.java:47)
	at org.apache.ratis.client.impl.RaftClientImpl.handleIOException(RaftClientImpl.java:372)
	at org.apache.ratis.client.impl.OrderedAsync.lambda$sendRequest$10(OrderedAsync.java:236)
	at java.util.concurrent.CompletableFuture.uniExceptionally(CompletableFuture.java:870)
	at java.util.concurrent.CompletableFuture$UniExceptionally.tryFire(CompletableFuture.java:852)
	at java.util.concurrent.CompletableFuture.postComplete(CompletableFuture.java:474)
	at java.util.concurrent.CompletableFuture.completeExceptionally(CompletableFuture.java:1977)
	at org.apache.ratis.grpc.client.GrpcClientProtocolClient$AsyncStreamObservers.lambda$timeoutCheck$3(GrpcClientProtocolClient.java:324)
	at java.util.Optional.ifPresent(Optional.java:159)
	at org.apache.ratis.grpc.client.GrpcClientProtocolClient$AsyncStreamObservers.handleReplyFuture(GrpcClientProtocolClient.java:329)
	at org.apache.ratis.grpc.client.GrpcClientProtocolClient$AsyncStreamObservers.timeoutCheck(GrpcClientProtocolClient.java:324)
	at org.apache.ratis.grpc.client.GrpcClientProtocolClient$AsyncStreamObservers.lambda$onNext$1(GrpcClientProtocolClient.java:318)
	at org.apache.ratis.util.TimeoutScheduler.lambda$onTimeout$0(TimeoutScheduler.java:113)
	at org.apache.ratis.util.TimeoutScheduler.lambda$onTimeout$1(TimeoutScheduler.java:133)
	at org.apache.ratis.util.LogUtils.runAndLog(LogUtils.java:50)
	at org.apache.ratis.util.LogUtils$1.run(LogUtils.java:91)
	at java.util.concurrent.Executors$RunnableAdapter.call(Executors.java:511)
	at java.util.concurrent.FutureTask.run(FutureTask.java:266)
	at java.util.concurrent.ScheduledThreadPoolExecutor$ScheduledFutureTask.access$201(ScheduledThreadPoolExecutor.java:180)
	at java.util.concurrent.ScheduledThreadPoolExecutor$ScheduledFutureTask.run(ScheduledThreadPoolExecutor.java:293)
	at java.util.concurrent.ThreadPoolExecutor.runWorker(ThreadPoolExecutor.java:1149)
	at java.util.concurrent.ThreadPoolExecutor$Worker.run(ThreadPoolExecutor.java:624)
	at java.lang.Thread.run(Thread.java:748)
2019-10-02 17:51:22,831 [java.util.concurrent.ThreadPoolExecutor$Worker@42c60135[State = -1, empty queue]] WARN  util.TimeoutScheduler (LogUtils.java:runAndLog(55)) - Failed to task #0: java.lang.NullPointerException
2019-10-02 17:51:25,168 [grpc-default-executor-3] INFO  impl.RaftServerProxy (RaftServerProxy.java:remove(95)) - e7bd1734-ef6c-4cf8-b88c-8a1061e7af66: remove  FOLLOWER e7bd1734-ef6c-4cf8-b88c-8a1061e7af66@group-E5FDCECD392C:t1, leader=49c112d4-02f4-49c2-90bf-c7b46ec7b63a, voted=49c112d4-02f4-49c2-90bf-c7b46ec7b63a, raftlog=e7bd1734-ef6c-4cf8-b88c-8a1061e7af66@group-E5FDCECD392C-SegmentedRaftLog:OPENED:c0,f2,i2, conf=0: [c6bdf12a-094f-42bc-87c0-f082ef291ed8:192.168.151.72:33846, e7bd1734-ef6c-4cf8-b88c-8a1061e7af66:192.168.151.72:41308, 49c112d4-02f4-49c2-90bf-c7b46ec7b63a:192.168.151.72:42976], old=null RUNNING
2019-10-02 17:51:25,171 [grpc-default-executor-3] INFO  impl.RaftServerImpl (RaftServerImpl.java:lambda$shutdown$3(247)) - e7bd1734-ef6c-4cf8-b88c-8a1061e7af66@group-E5FDCECD392C: shutdown
2019-10-02 17:51:25,172 [grpc-default-executor-3] INFO  util.JmxRegister (JmxRegister.java:unregister(73)) - Successfully un-registered JMX Bean with object name Ratis:service=RaftServer,group=group-E5FDCECD392C,id=e7bd1734-ef6c-4cf8-b88c-8a1061e7af66
2019-10-02 17:51:25,172 [grpc-default-executor-3] INFO  impl.RoleInfo (RoleInfo.java:shutdownFollowerState(121)) - e7bd1734-ef6c-4cf8-b88c-8a1061e7af66: shutdown FollowerState
2019-10-02 17:51:25,173 [grpc-default-executor-3] INFO  impl.StateMachineUpdater (StateMachineUpdater.java:stopAndJoin(136)) - e7bd1734-ef6c-4cf8-b88c-8a1061e7af66@group-E5FDCECD392C-StateMachineUpdater: set stopIndex = 0
2019-10-02 17:51:25,175 [Thread-311] INFO  impl.FollowerState (FollowerState.java:run(117)) - e7bd1734-ef6c-4cf8-b88c-8a1061e7af66@group-E5FDCECD392C-FollowerState was interrupted: java.lang.InterruptedException: sleep interrupted
2019-10-02 17:51:25,189 [grpc-default-executor-3] INFO  impl.RaftServerImpl (ServerState.java:close(387)) - e7bd1734-ef6c-4cf8-b88c-8a1061e7af66@group-E5FDCECD392C: closes. applyIndex: 0
2019-10-02 17:51:25,192 [e7bd1734-ef6c-4cf8-b88c-8a1061e7af66@group-E5FDCECD392C-SegmentedRaftLogWorker] INFO  segmented.SegmentedRaftLogWorker (SegmentedRaftLogWorker.java:run(316)) - e7bd1734-ef6c-4cf8-b88c-8a1061e7af66@group-E5FDCECD392C-SegmentedRaftLogWorker was interrupted, exiting. There are 0 tasks remaining in the queue.
2019-10-02 17:51:25,195 [grpc-default-executor-3] INFO  segmented.SegmentedRaftLogWorker (SegmentedRaftLogWorker.java:close(224)) - e7bd1734-ef6c-4cf8-b88c-8a1061e7af66@group-E5FDCECD392C-SegmentedRaftLogWorker close()
2019-10-02 17:51:25,263 [grpc-default-executor-3] INFO  interfaces.Container (KeyValueContainer.java:flushAndSyncDB(386)) - Container 2 is synced with bcsId 0.
2019-10-02 17:51:25,266 [grpc-default-executor-3] INFO  interfaces.Container (KeyValueContainer.java:flushAndSyncDB(386)) - Container 2 is synced with bcsId 0.
2019-10-02 17:51:25,288 [EventQueue-IncrementalContainerReportForIncrementalContainerReportHandler] INFO  container.IncrementalContainerReportHandler (AbstractContainerReportHandler.java:updateContainerState(169)) - Moving container #2 to QUASI_CLOSED state, datanode e7bd1734-ef6c-4cf8-b88c-8a1061e7af66{ip: 192.168.151.72, host: pr-trunk-fgz7f-2353921243, networkLocation: /default-rack, certSerialId: null} reported QUASI_CLOSED replica.
2019-10-02 17:51:25,301 [grpc-default-executor-3] INFO  impl.RaftServerProxy (RaftServerProxy.java:remove(95)) - 49c112d4-02f4-49c2-90bf-c7b46ec7b63a: remove    LEADER 49c112d4-02f4-49c2-90bf-c7b46ec7b63a@group-E5FDCECD392C:t1, leader=49c112d4-02f4-49c2-90bf-c7b46ec7b63a, voted=49c112d4-02f4-49c2-90bf-c7b46ec7b63a, raftlog=49c112d4-02f4-49c2-90bf-c7b46ec7b63a@group-E5FDCECD392C-SegmentedRaftLog:OPENED:c0,f0,i2, conf=0: [c6bdf12a-094f-42bc-87c0-f082ef291ed8:192.168.151.72:33846, e7bd1734-ef6c-4cf8-b88c-8a1061e7af66:192.168.151.72:41308, 49c112d4-02f4-49c2-90bf-c7b46ec7b63a:192.168.151.72:42976], old=null RUNNING
2019-10-02 17:51:25,302 [grpc-default-executor-3] INFO  impl.RaftServerImpl (RaftServerImpl.java:lambda$shutdown$3(247)) - 49c112d4-02f4-49c2-90bf-c7b46ec7b63a@group-E5FDCECD392C: shutdown
2019-10-02 17:51:25,302 [grpc-default-executor-3] INFO  util.JmxRegister (JmxRegister.java:unregister(73)) - Successfully un-registered JMX Bean with object name Ratis:service=RaftServer,group=group-E5FDCECD392C,id=49c112d4-02f4-49c2-90bf-c7b46ec7b63a
2019-10-02 17:51:25,302 [grpc-default-executor-3] INFO  impl.RoleInfo (RoleInfo.java:shutdownLeaderState(104)) - 49c112d4-02f4-49c2-90bf-c7b46ec7b63a: shutdown LeaderState
2019-10-02 17:51:25,306 [grpc-default-executor-3] INFO  impl.PendingRequests (PendingRequests.java:sendNotLeaderResponses(202)) - 49c112d4-02f4-49c2-90bf-c7b46ec7b63a@group-E5FDCECD392C-PendingRequests: sendNotLeaderResponses
2019-10-02 17:51:25,308 [org.apache.ratis.server.impl.LogAppender$AppenderDaemon$$Lambda$525/299265970@b62bd01] WARN  server.GrpcLogAppender (GrpcLogAppender.java:mayWait(143)) - 49c112d4-02f4-49c2-90bf-c7b46ec7b63a@group-E5FDCECD392C->c6bdf12a-094f-42bc-87c0-f082ef291ed8-GrpcLogAppender: Wait interrupted by java.lang.InterruptedException
2019-10-02 17:51:25,308 [org.apache.ratis.server.impl.LogAppender$AppenderDaemon$$Lambda$525/299265970@40c68a19] WARN  server.GrpcLogAppender (GrpcLogAppender.java:mayWait(143)) - 49c112d4-02f4-49c2-90bf-c7b46ec7b63a@group-E5FDCECD392C->e7bd1734-ef6c-4cf8-b88c-8a1061e7af66-GrpcLogAppender: Wait interrupted by java.lang.InterruptedException
2019-10-02 17:51:25,315 [grpc-default-executor-2] INFO  server.GrpcServerProtocolService (GrpcServerProtocolService.java:onCompleted(113)) - c6bdf12a-094f-42bc-87c0-f082ef291ed8: Completed APPEND_ENTRIES, lastRequest: 49c112d4-02f4-49c2-90bf-c7b46ec7b63a->c6bdf12a-094f-42bc-87c0-f082ef291ed8#56-t1, previous=(t:1, i:2), leaderCommit=0, initializing? false, entries: <empty>
2019-10-02 17:51:25,315 [grpc-default-executor-1] INFO  server.GrpcServerProtocolService (GrpcServerProtocolService.java:onCompleted(113)) - e7bd1734-ef6c-4cf8-b88c-8a1061e7af66: Completed APPEND_ENTRIES, lastRequest: 49c112d4-02f4-49c2-90bf-c7b46ec7b63a->e7bd1734-ef6c-4cf8-b88c-8a1061e7af66#56-t1, previous=(t:1, i:2), leaderCommit=0, initializing? false, entries: <empty>
2019-10-02 17:51:25,316 [grpc-default-executor-1] INFO  server.GrpcLogAppender (GrpcLogAppender.java:onCompleted(293)) - 49c112d4-02f4-49c2-90bf-c7b46ec7b63a@group-E5FDCECD392C->c6bdf12a-094f-42bc-87c0-f082ef291ed8-AppendLogResponseHandler: follower responses appendEntries COMPLETED
2019-10-02 17:51:25,317 [grpc-default-executor-1] INFO  impl.FollowerInfo (FollowerInfo.java:lambda$new$0(51)) - 49c112d4-02f4-49c2-90bf-c7b46ec7b63a@group-E5FDCECD392C->c6bdf12a-094f-42bc-87c0-f082ef291ed8: nextIndex: updateUnconditionally 3 -> 2
2019-10-02 17:51:25,317 [grpc-default-executor-3] INFO  impl.StateMachineUpdater (StateMachineUpdater.java:stopAndJoin(136)) - 49c112d4-02f4-49c2-90bf-c7b46ec7b63a@group-E5FDCECD392C-StateMachineUpdater: set stopIndex = 0
2019-10-02 17:51:25,319 [grpc-default-executor-3] INFO  impl.RaftServerImpl (ServerState.java:close(387)) - 49c112d4-02f4-49c2-90bf-c7b46ec7b63a@group-E5FDCECD392C: closes. applyIndex: 0
2019-10-02 17:51:25,320 [49c112d4-02f4-49c2-90bf-c7b46ec7b63a@group-E5FDCECD392C-SegmentedRaftLogWorker] INFO  segmented.SegmentedRaftLogWorker (SegmentedRaftLogWorker.java:run(316)) - 49c112d4-02f4-49c2-90bf-c7b46ec7b63a@group-E5FDCECD392C-SegmentedRaftLogWorker was interrupted, exiting. There are 0 tasks remaining in the queue.
2019-10-02 17:51:25,320 [grpc-default-executor-5] INFO  server.GrpcLogAppender (GrpcLogAppender.java:onCompleted(293)) - 49c112d4-02f4-49c2-90bf-c7b46ec7b63a@group-E5FDCECD392C->e7bd1734-ef6c-4cf8-b88c-8a1061e7af66-AppendLogResponseHandler: follower responses appendEntries COMPLETED
2019-10-02 17:51:25,322 [grpc-default-executor-3] INFO  segmented.SegmentedRaftLogWorker (SegmentedRaftLogWorker.java:close(224)) - 49c112d4-02f4-49c2-90bf-c7b46ec7b63a@group-E5FDCECD392C-SegmentedRaftLogWorker close()
2019-10-02 17:51:25,330 [grpc-default-executor-5] INFO  impl.FollowerInfo (FollowerInfo.java:lambda$new$0(51)) - 49c112d4-02f4-49c2-90bf-c7b46ec7b63a@group-E5FDCECD392C->e7bd1734-ef6c-4cf8-b88c-8a1061e7af66: nextIndex: updateUnconditionally 3 -> 2
2019-10-02 17:51:25,355 [grpc-default-executor-2] INFO  impl.RaftServerProxy (RaftServerProxy.java:remove(95)) - c6bdf12a-094f-42bc-87c0-f082ef291ed8: remove  FOLLOWER c6bdf12a-094f-42bc-87c0-f082ef291ed8@group-E5FDCECD392C:t1, leader=49c112d4-02f4-49c2-90bf-c7b46ec7b63a, voted=49c112d4-02f4-49c2-90bf-c7b46ec7b63a, raftlog=c6bdf12a-094f-42bc-87c0-f082ef291ed8@group-E5FDCECD392C-SegmentedRaftLog:OPENED:c0,f2,i2, conf=0: [c6bdf12a-094f-42bc-87c0-f082ef291ed8:192.168.151.72:33846, e7bd1734-ef6c-4cf8-b88c-8a1061e7af66:192.168.151.72:41308, 49c112d4-02f4-49c2-90bf-c7b46ec7b63a:192.168.151.72:42976], old=null RUNNING
2019-10-02 17:51:25,355 [grpc-default-executor-2] INFO  impl.RaftServerImpl (RaftServerImpl.java:lambda$shutdown$3(247)) - c6bdf12a-094f-42bc-87c0-f082ef291ed8@group-E5FDCECD392C: shutdown
2019-10-02 17:51:25,355 [grpc-default-executor-2] INFO  util.JmxRegister (JmxRegister.java:unregister(73)) - Successfully un-registered JMX Bean with object name Ratis:service=RaftServer,group=group-E5FDCECD392C,id=c6bdf12a-094f-42bc-87c0-f082ef291ed8
2019-10-02 17:51:25,355 [grpc-default-executor-2] INFO  impl.RoleInfo (RoleInfo.java:shutdownFollowerState(121)) - c6bdf12a-094f-42bc-87c0-f082ef291ed8: shutdown FollowerState
2019-10-02 17:51:25,356 [grpc-default-executor-2] INFO  impl.StateMachineUpdater (StateMachineUpdater.java:stopAndJoin(136)) - c6bdf12a-094f-42bc-87c0-f082ef291ed8@group-E5FDCECD392C-StateMachineUpdater: set stopIndex = 0
2019-10-02 17:51:25,356 [Thread-310] INFO  impl.FollowerState (FollowerState.java:run(117)) - c6bdf12a-094f-42bc-87c0-f082ef291ed8@group-E5FDCECD392C-FollowerState was interrupted: java.lang.InterruptedException: sleep interrupted
2019-10-02 17:51:25,357 [grpc-default-executor-2] INFO  impl.RaftServerImpl (ServerState.java:close(387)) - c6bdf12a-094f-42bc-87c0-f082ef291ed8@group-E5FDCECD392C: closes. applyIndex: 0
2019-10-02 17:51:25,358 [c6bdf12a-094f-42bc-87c0-f082ef291ed8@group-E5FDCECD392C-SegmentedRaftLogWorker] INFO  segmented.SegmentedRaftLogWorker (SegmentedRaftLogWorker.java:run(316)) - c6bdf12a-094f-42bc-87c0-f082ef291ed8@group-E5FDCECD392C-SegmentedRaftLogWorker was interrupted, exiting. There are 0 tasks remaining in the queue.
2019-10-02 17:51:25,360 [grpc-default-executor-2] INFO  segmented.SegmentedRaftLogWorker (SegmentedRaftLogWorker.java:close(224)) - c6bdf12a-094f-42bc-87c0-f082ef291ed8@group-E5FDCECD392C-SegmentedRaftLogWorker close()
2019-10-02 17:51:25,421 [grpc-default-executor-2] INFO  interfaces.Container (KeyValueContainer.java:flushAndSyncDB(386)) - Container 2 is synced with bcsId 0.
2019-10-02 17:51:25,421 [grpc-default-executor-2] INFO  interfaces.Container (KeyValueContainer.java:flushAndSyncDB(386)) - Container 2 is synced with bcsId 0.
2019-10-02 17:51:25,442 [RatisPipelineUtilsThread] INFO  pipeline.PipelineStateManager (PipelineStateManager.java:removePipeline(108)) - Pipeline Pipeline[ Id: 7f052c33-4392-478d-bc27-e5fdcecd392c, Nodes: e7bd1734-ef6c-4cf8-b88c-8a1061e7af66{ip: 192.168.151.72, host: pr-trunk-fgz7f-2353921243, networkLocation: /default-rack, certSerialId: null}49c112d4-02f4-49c2-90bf-c7b46ec7b63a{ip: 192.168.151.72, host: pr-trunk-fgz7f-2353921243, networkLocation: /default-rack, certSerialId: null}c6bdf12a-094f-42bc-87c0-f082ef291ed8{ip: 192.168.151.72, host: pr-trunk-fgz7f-2353921243, networkLocation: /default-rack, certSerialId: null}, Type:RATIS, Factor:THREE, State:CLOSED] removed from db
2019-10-02 17:51:25,448 [grpc-default-executor-2] INFO  impl.RaftServerProxy (RaftServerProxy.java:remove(95)) - e7bd1734-ef6c-4cf8-b88c-8a1061e7af66: remove group-E5FDCECD392C:null
2019-10-02 17:51:25,462 [RatisPipelineUtilsThread] WARN  pipeline.RatisPipelineUtils (RatisPipelineUtils.java:destroyPipeline(67)) - Pipeline destroy failed for pipeline=PipelineID=7f052c33-4392-478d-bc27-e5fdcecd392c dn=e7bd1734-ef6c-4cf8-b88c-8a1061e7af66{ip: 192.168.151.72, host: pr-trunk-fgz7f-2353921243, networkLocation: /default-rack, certSerialId: null}
2019-10-02 17:51:25,470 [grpc-default-executor-2] INFO  impl.RaftServerProxy (RaftServerProxy.java:remove(95)) - 49c112d4-02f4-49c2-90bf-c7b46ec7b63a: remove group-E5FDCECD392C:null
2019-10-02 17:51:25,481 [RatisPipelineUtilsThread] WARN  pipeline.RatisPipelineUtils (RatisPipelineUtils.java:destroyPipeline(67)) - Pipeline destroy failed for pipeline=PipelineID=7f052c33-4392-478d-bc27-e5fdcecd392c dn=49c112d4-02f4-49c2-90bf-c7b46ec7b63a{ip: 192.168.151.72, host: pr-trunk-fgz7f-2353921243, networkLocation: /default-rack, certSerialId: null}
2019-10-02 17:51:25,486 [grpc-default-executor-2] INFO  impl.RaftServerProxy (RaftServerProxy.java:remove(95)) - c6bdf12a-094f-42bc-87c0-f082ef291ed8: remove group-E5FDCECD392C:null
2019-10-02 17:51:25,506 [RatisPipelineUtilsThread] WARN  pipeline.RatisPipelineUtils (RatisPipelineUtils.java:destroyPipeline(67)) - Pipeline destroy failed for pipeline=PipelineID=7f052c33-4392-478d-bc27-e5fdcecd392c dn=c6bdf12a-094f-42bc-87c0-f082ef291ed8{ip: 192.168.151.72, host: pr-trunk-fgz7f-2353921243, networkLocation: /default-rack, certSerialId: null}
2019-10-02 17:51:25,506 [RatisPipelineUtilsThread] ERROR pipeline.SCMPipelineManager (Scheduler.java:lambda$schedule$1(70)) - Destroy pipeline failed for pipeline:Pipeline[ Id: 7f052c33-4392-478d-bc27-e5fdcecd392c, Nodes: e7bd1734-ef6c-4cf8-b88c-8a1061e7af66{ip: 192.168.151.72, host: pr-trunk-fgz7f-2353921243, networkLocation: /default-rack, certSerialId: null}49c112d4-02f4-49c2-90bf-c7b46ec7b63a{ip: 192.168.151.72, host: pr-trunk-fgz7f-2353921243, networkLocation: /default-rack, certSerialId: null}c6bdf12a-094f-42bc-87c0-f082ef291ed8{ip: 192.168.151.72, host: pr-trunk-fgz7f-2353921243, networkLocation: /default-rack, certSerialId: null}, Type:RATIS, Factor:THREE, State:CLOSED]
org.apache.hadoop.hdds.scm.pipeline.PipelineNotFoundException: PipelineID=7f052c33-4392-478d-bc27-e5fdcecd392c not found
	at org.apache.hadoop.hdds.scm.pipeline.PipelineStateMap.getPipeline(PipelineStateMap.java:132)
	at org.apache.hadoop.hdds.scm.pipeline.PipelineStateMap.removePipeline(PipelineStateMap.java:322)
	at org.apache.hadoop.hdds.scm.pipeline.PipelineStateManager.removePipeline(PipelineStateManager.java:107)
	at org.apache.hadoop.hdds.scm.pipeline.SCMPipelineManager.removePipeline(SCMPipelineManager.java:427)
	at org.apache.hadoop.hdds.scm.pipeline.SCMPipelineManager.destroyPipeline(SCMPipelineManager.java:413)
	at org.apache.hadoop.hdds.scm.pipeline.SCMPipelineManager.lambda$finalizeAndDestroyPipeline$0(SCMPipelineManager.java:322)
	at org.apache.hadoop.hdds.utils.Scheduler.lambda$schedule$1(Scheduler.java:68)
	at java.util.concurrent.Executors$RunnableAdapter.call(Executors.java:511)
	at java.util.concurrent.FutureTask.run(FutureTask.java:266)
	at java.util.concurrent.ScheduledThreadPoolExecutor$ScheduledFutureTask.access$201(ScheduledThreadPoolExecutor.java:180)
	at java.util.concurrent.ScheduledThreadPoolExecutor$ScheduledFutureTask.run(ScheduledThreadPoolExecutor.java:293)
	at java.util.concurrent.ThreadPoolExecutor.runWorker(ThreadPoolExecutor.java:1149)
	at java.util.concurrent.ThreadPoolExecutor$Worker.run(ThreadPoolExecutor.java:624)
	at java.lang.Thread.run(Thread.java:748)
2019-10-02 17:51:26,368 [main] WARN  io.KeyOutputStream (KeyOutputStream.java:handleException(274)) - Encountered exception java.io.IOException: Unexpected Storage Container Exception: java.util.concurrent.CompletionException: java.util.concurrent.CompletionException: org.apache.ratis.protocol.GroupMismatchException: e7bd1734-ef6c-4cf8-b88c-8a1061e7af66: group-E5FDCECD392C not found. on the pipeline Pipeline[ Id: 7f052c33-4392-478d-bc27-e5fdcecd392c, Nodes: e7bd1734-ef6c-4cf8-b88c-8a1061e7af66{ip: 192.168.151.72, host: pr-trunk-fgz7f-2353921243, networkLocation: /default-rack, certSerialId: null}49c112d4-02f4-49c2-90bf-c7b46ec7b63a{ip: 192.168.151.72, host: pr-trunk-fgz7f-2353921243, networkLocation: /default-rack, certSerialId: null}c6bdf12a-094f-42bc-87c0-f082ef291ed8{ip: 192.168.151.72, host: pr-trunk-fgz7f-2353921243, networkLocation: /default-rack, certSerialId: null}, Type:RATIS, Factor:THREE, State:OPEN]. The last committed block length is 0, uncommitted data length is 400 retry count 1
2019-10-02 17:51:26,563 [pool-46-thread-2] ERROR impl.ChunkManagerImpl (ChunkUtils.java:writeData(89)) - data array does not match the length specified. DataLen: 100 Byte Array: 246
2019-10-02 17:51:26,566 [pool-46-thread-2] INFO  keyvalue.KeyValueHandler (ContainerUtils.java:logAndReturnError(146)) - Operation: WriteChunk : Trace ID: c811b9738a711b34:c811b9738a711b34:0:0 : Message: data array does not match the length specified. DataLen: 100 Byte Array: 246 : Result: INVALID_WRITE_SIZE
2019-10-02 17:51:26,585 [EventQueue-IncrementalContainerReportForIncrementalContainerReportHandler] WARN  container.IncrementalContainerReportHandler (AbstractContainerReportHandler.java:updateContainerState(143)) - Container #3 is in OPEN state, but the datanode c6bdf12a-094f-42bc-87c0-f082ef291ed8{ip: 192.168.151.72, host: pr-trunk-fgz7f-2353921243, networkLocation: /default-rack, certSerialId: null} reports an UNHEALTHY replica.
17:51:26.584 [pool-46-thread-2] ERROR DNAudit - user=null | ip=null | op=WRITE_CHUNK {blockData=conID: 3 locID: 102894055351713795 bcsId: 0} | ret=FAILURE
java.lang.Exception: data array does not match the length specified. DataLen: 100 Byte Array: 246
	at org.apache.hadoop.ozone.container.common.impl.HddsDispatcher.dispatchRequest(HddsDispatcher.java:330) ~[hadoop-hdds-container-service-0.5.0-SNAPSHOT.jar:?]
	at org.apache.hadoop.ozone.container.common.impl.HddsDispatcher.dispatch(HddsDispatcher.java:150) ~[hadoop-hdds-container-service-0.5.0-SNAPSHOT.jar:?]
	at org.apache.hadoop.ozone.container.common.transport.server.ratis.ContainerStateMachine.dispatchCommand(ContainerStateMachine.java:411) ~[hadoop-hdds-container-service-0.5.0-SNAPSHOT.jar:?]
	at org.apache.hadoop.ozone.container.common.transport.server.ratis.ContainerStateMachine.runCommand(ContainerStateMachine.java:419) ~[hadoop-hdds-container-service-0.5.0-SNAPSHOT.jar:?]
	at org.apache.hadoop.ozone.container.common.transport.server.ratis.ContainerStateMachine.lambda$handleWriteChunk$1(ContainerStateMachine.java:454) ~[hadoop-hdds-container-service-0.5.0-SNAPSHOT.jar:?]
	at java.util.concurrent.CompletableFuture$AsyncSupply.run(CompletableFuture.java:1590) [?:1.8.0_212]
	at java.util.concurrent.ThreadPoolExecutor.runWorker(ThreadPoolExecutor.java:1149) [?:1.8.0_212]
	at java.util.concurrent.ThreadPoolExecutor$Worker.run(ThreadPoolExecutor.java:624) [?:1.8.0_212]
	at java.lang.Thread.run(Thread.java:748) [?:1.8.0_212]
2019-10-02 17:51:26,587 [EventQueue-CloseContainerForCloseContainerEventHandler] INFO  container.CloseContainerEventHandler (CloseContainerEventHandler.java:onMessage(61)) - Close container Event triggered for container : #3
2019-10-02 17:51:26,587 [pool-46-thread-2] ERROR ratis.ContainerStateMachine (ContainerStateMachine.java:lambda$handleWriteChunk$2(474)) - group-A7BE29CAD5B0: writeChunk writeStateMachineData failed: blockIdcontainerID: 3
localID: 102894055351713795
blockCommitSequenceId: 0
 logIndex 1 chunkName 102894055351713795_chunk_1 Error message: data array does not match the length specified. DataLen: 100 Byte Array: 246 Container Result: INVALID_WRITE_SIZE
2019-10-02 17:51:26,590 [c6bdf12a-094f-42bc-87c0-f082ef291ed8@group-A7BE29CAD5B0-SegmentedRaftLogWorker] ERROR ratis.XceiverServerRatis (XceiverServerRatis.java:triggerPipelineClose(581)) - pipeline Action CLOSE  on pipeline PipelineID=9ac702f0-c9ff-4b0c-b15a-a7be29cad5b0.Reason : data array does not match the length specified. DataLen: 100 Byte Array: 246
2019-10-02 17:51:26,590 [c6bdf12a-094f-42bc-87c0-f082ef291ed8@group-A7BE29CAD5B0-SegmentedRaftLogWorker] ERROR ratis.XceiverServerRatis (XceiverServerRatis.java:triggerPipelineClose(581)) - pipeline Action CLOSE  on pipeline PipelineID=9ac702f0-c9ff-4b0c-b15a-a7be29cad5b0.Reason : Log already failed at index 1 for task WriteLog:1: (t:1, i:1), STATEMACHINELOGENTRY, client-8A981F1BDB31, cid=40
2019-10-02 17:51:26,591 [EventQueue-PipelineActionsForPipelineActionHandler] ERROR pipeline.PipelineActionHandler (PipelineActionHandler.java:onMessage(60)) - Received pipeline action CLOSE for Pipeline[ Id: 9ac702f0-c9ff-4b0c-b15a-a7be29cad5b0, Nodes: e7bd1734-ef6c-4cf8-b88c-8a1061e7af66{ip: 192.168.151.72, host: pr-trunk-fgz7f-2353921243, networkLocation: /default-rack, certSerialId: null}49c112d4-02f4-49c2-90bf-c7b46ec7b63a{ip: 192.168.151.72, host: pr-trunk-fgz7f-2353921243, networkLocation: /default-rack, certSerialId: null}c6bdf12a-094f-42bc-87c0-f082ef291ed8{ip: 192.168.151.72, host: pr-trunk-fgz7f-2353921243, networkLocation: /default-rack, certSerialId: null}, Type:RATIS, Factor:THREE, State:OPEN] from datanode c6bdf12a-094f-42bc-87c0-f082ef291ed8{ip: 192.168.151.72, host: pr-trunk-fgz7f-2353921243, networkLocation: /default-rack, certSerialId: null}. Reason : data array does not match the length specified. DataLen: 100 Byte Array: 246
2019-10-02 17:51:26,591 [EventQueue-PipelineActionsForPipelineActionHandler] INFO  pipeline.SCMPipelineManager (SCMPipelineManager.java:finalizeAndDestroyPipeline(315)) - destroying pipeline:Pipeline[ Id: 9ac702f0-c9ff-4b0c-b15a-a7be29cad5b0, Nodes: e7bd1734-ef6c-4cf8-b88c-8a1061e7af66{ip: 192.168.151.72, host: pr-trunk-fgz7f-2353921243, networkLocation: /default-rack, certSerialId: null}49c112d4-02f4-49c2-90bf-c7b46ec7b63a{ip: 192.168.151.72, host: pr-trunk-fgz7f-2353921243, networkLocation: /default-rack, certSerialId: null}c6bdf12a-094f-42bc-87c0-f082ef291ed8{ip: 192.168.151.72, host: pr-trunk-fgz7f-2353921243, networkLocation: /default-rack, certSerialId: null}, Type:RATIS, Factor:THREE, State:OPEN]
2019-10-02 17:51:26,591 [EventQueue-PipelineActionsForPipelineActionHandler] INFO  pipeline.PipelineStateManager (PipelineStateManager.java:finalizePipeline(123)) - Pipeline Pipeline[ Id: 9ac702f0-c9ff-4b0c-b15a-a7be29cad5b0, Nodes: e7bd1734-ef6c-4cf8-b88c-8a1061e7af66{ip: 192.168.151.72, host: pr-trunk-fgz7f-2353921243, networkLocation: /default-rack, certSerialId: null}49c112d4-02f4-49c2-90bf-c7b46ec7b63a{ip: 192.168.151.72, host: pr-trunk-fgz7f-2353921243, networkLocation: /default-rack, certSerialId: null}c6bdf12a-094f-42bc-87c0-f082ef291ed8{ip: 192.168.151.72, host: pr-trunk-fgz7f-2353921243, networkLocation: /default-rack, certSerialId: null}, Type:RATIS, Factor:THREE, State:CLOSED] moved to CLOSED state
2019-10-02 17:51:26,593 [EventQueue-PipelineActionsForPipelineActionHandler] ERROR pipeline.PipelineActionHandler (PipelineActionHandler.java:onMessage(60)) - Received pipeline action CLOSE for Pipeline[ Id: 9ac702f0-c9ff-4b0c-b15a-a7be29cad5b0, Nodes: e7bd1734-ef6c-4cf8-b88c-8a1061e7af66{ip: 192.168.151.72, host: pr-trunk-fgz7f-2353921243, networkLocation: /default-rack, certSerialId: null}49c112d4-02f4-49c2-90bf-c7b46ec7b63a{ip: 192.168.151.72, host: pr-trunk-fgz7f-2353921243, networkLocation: /default-rack, certSerialId: null}c6bdf12a-094f-42bc-87c0-f082ef291ed8{ip: 192.168.151.72, host: pr-trunk-fgz7f-2353921243, networkLocation: /default-rack, certSerialId: null}, Type:RATIS, Factor:THREE, State:CLOSED] from datanode c6bdf12a-094f-42bc-87c0-f082ef291ed8{ip: 192.168.151.72, host: pr-trunk-fgz7f-2353921243, networkLocation: /default-rack, certSerialId: null}. Reason : Log already failed at index 1 for task WriteLog:1: (t:1, i:1), STATEMACHINELOGENTRY, client-8A981F1BDB31, cid=40
2019-10-02 17:51:26,593 [EventQueue-PipelineActionsForPipelineActionHandler] INFO  pipeline.SCMPipelineManager (SCMPipelineManager.java:finalizeAndDestroyPipeline(315)) - destroying pipeline:Pipeline[ Id: 9ac702f0-c9ff-4b0c-b15a-a7be29cad5b0, Nodes: e7bd1734-ef6c-4cf8-b88c-8a1061e7af66{ip: 192.168.151.72, host: pr-trunk-fgz7f-2353921243, networkLocation: /default-rack, certSerialId: null}49c112d4-02f4-49c2-90bf-c7b46ec7b63a{ip: 192.168.151.72, host: pr-trunk-fgz7f-2353921243, networkLocation: /default-rack, certSerialId: null}c6bdf12a-094f-42bc-87c0-f082ef291ed8{ip: 192.168.151.72, host: pr-trunk-fgz7f-2353921243, networkLocation: /default-rack, certSerialId: null}, Type:RATIS, Factor:THREE, State:CLOSED]
2019-10-02 17:51:29,441 [java.util.concurrent.ThreadPoolExecutor$Worker@6f0b707a[State = -1, empty queue]] ERROR client.GrpcClientProtocolClient (GrpcClientProtocolClient.java:close(148)) - Unexpected exception while waiting for channel termination
java.lang.InterruptedException
	at java.util.concurrent.locks.AbstractQueuedSynchronizer.tryAcquireSharedNanos(AbstractQueuedSynchronizer.java:1326)
	at java.util.concurrent.CountDownLatch.await(CountDownLatch.java:277)
	at org.apache.ratis.thirdparty.io.grpc.internal.ManagedChannelImpl.awaitTermination(ManagedChannelImpl.java:763)
	at org.apache.ratis.thirdparty.io.grpc.internal.ForwardingManagedChannel.awaitTermination(ForwardingManagedChannel.java:57)
	at org.apache.ratis.thirdparty.io.grpc.internal.ManagedChannelOrphanWrapper.awaitTermination(ManagedChannelOrphanWrapper.java:70)
	at org.apache.ratis.grpc.client.GrpcClientProtocolClient.close(GrpcClientProtocolClient.java:146)
	at org.apache.ratis.util.PeerProxyMap$PeerAndProxy.lambda$close$1(PeerProxyMap.java:74)
	at org.apache.ratis.util.LifeCycle.lambda$checkStateAndClose$2(LifeCycle.java:231)
	at org.apache.ratis.util.LifeCycle.checkStateAndClose(LifeCycle.java:251)
	at org.apache.ratis.util.LifeCycle.checkStateAndClose(LifeCycle.java:229)
	at org.apache.ratis.util.PeerProxyMap$PeerAndProxy.close(PeerProxyMap.java:70)
	at org.apache.ratis.util.PeerProxyMap.resetProxy(PeerProxyMap.java:127)
	at org.apache.ratis.util.PeerProxyMap.handleException(PeerProxyMap.java:136)
	at org.apache.ratis.client.impl.RaftClientRpcWithProxy.handleException(RaftClientRpcWithProxy.java:47)
	at org.apache.ratis.client.impl.RaftClientImpl.handleIOException(RaftClientImpl.java:372)
	at org.apache.ratis.client.impl.OrderedAsync.lambda$sendRequest$10(OrderedAsync.java:236)
	at java.util.concurrent.CompletableFuture.uniExceptionally(CompletableFuture.java:870)
	at java.util.concurrent.CompletableFuture$UniExceptionally.tryFire(CompletableFuture.java:852)
	at java.util.concurrent.CompletableFuture.postComplete(CompletableFuture.java:474)
	at java.util.concurrent.CompletableFuture.completeExceptionally(CompletableFuture.java:1977)
	at org.apache.ratis.grpc.client.GrpcClientProtocolClient$AsyncStreamObservers.lambda$timeoutCheck$3(GrpcClientProtocolClient.java:324)
	at java.util.Optional.ifPresent(Optional.java:159)
	at org.apache.ratis.grpc.client.GrpcClientProtocolClient$AsyncStreamObservers.handleReplyFuture(GrpcClientProtocolClient.java:329)
	at org.apache.ratis.grpc.client.GrpcClientProtocolClient$AsyncStreamObservers.timeoutCheck(GrpcClientProtocolClient.java:324)
	at org.apache.ratis.grpc.client.GrpcClientProtocolClient$AsyncStreamObservers.lambda$onNext$1(GrpcClientProtocolClient.java:318)
	at org.apache.ratis.util.TimeoutScheduler.lambda$onTimeout$0(TimeoutScheduler.java:113)
	at org.apache.ratis.util.TimeoutScheduler.lambda$onTimeout$1(TimeoutScheduler.java:133)
	at org.apache.ratis.util.LogUtils.runAndLog(LogUtils.java:50)
	at org.apache.ratis.util.LogUtils$1.run(LogUtils.java:91)
	at java.util.concurrent.Executors$RunnableAdapter.call(Executors.java:511)
	at java.util.concurrent.FutureTask.run(FutureTask.java:266)
	at java.util.concurrent.ScheduledThreadPoolExecutor$ScheduledFutureTask.access$201(ScheduledThreadPoolExecutor.java:180)
	at java.util.concurrent.ScheduledThreadPoolExecutor$ScheduledFutureTask.run(ScheduledThreadPoolExecutor.java:293)
	at java.util.concurrent.ThreadPoolExecutor.runWorker(ThreadPoolExecutor.java:1149)
	at java.util.concurrent.ThreadPoolExecutor$Worker.run(ThreadPoolExecutor.java:624)
	at java.lang.Thread.run(Thread.java:748)
2019-10-02 17:51:29,443 [java.util.concurrent.ThreadPoolExecutor$Worker@6f0b707a[State = -1, empty queue]] WARN  util.TimeoutScheduler (LogUtils.java:runAndLog(55)) - Failed to task #0: java.lang.NullPointerException
2019-10-02 17:51:33,493 [java.util.concurrent.ThreadPoolExecutor$Worker@b6af4b8[State = -1, empty queue]] ERROR client.GrpcClientProtocolClient (GrpcClientProtocolClient.java:close(148)) - Unexpected exception while waiting for channel termination
java.lang.InterruptedException
	at java.util.concurrent.locks.AbstractQueuedSynchronizer.tryAcquireSharedNanos(AbstractQueuedSynchronizer.java:1326)
	at java.util.concurrent.CountDownLatch.await(CountDownLatch.java:277)
	at org.apache.ratis.thirdparty.io.grpc.internal.ManagedChannelImpl.awaitTermination(ManagedChannelImpl.java:763)
	at org.apache.ratis.thirdparty.io.grpc.internal.ForwardingManagedChannel.awaitTermination(ForwardingManagedChannel.java:57)
	at org.apache.ratis.thirdparty.io.grpc.internal.ManagedChannelOrphanWrapper.awaitTermination(ManagedChannelOrphanWrapper.java:70)
	at org.apache.ratis.grpc.client.GrpcClientProtocolClient.close(GrpcClientProtocolClient.java:146)
	at org.apache.ratis.util.PeerProxyMap$PeerAndProxy.lambda$close$1(PeerProxyMap.java:74)
	at org.apache.ratis.util.LifeCycle.lambda$checkStateAndClose$2(LifeCycle.java:231)
	at org.apache.ratis.util.LifeCycle.checkStateAndClose(LifeCycle.java:251)
	at org.apache.ratis.util.LifeCycle.checkStateAndClose(LifeCycle.java:229)
	at org.apache.ratis.util.PeerProxyMap$PeerAndProxy.close(PeerProxyMap.java:70)
	at org.apache.ratis.util.PeerProxyMap.resetProxy(PeerProxyMap.java:127)
	at org.apache.ratis.util.PeerProxyMap.handleException(PeerProxyMap.java:136)
	at org.apache.ratis.client.impl.RaftClientRpcWithProxy.handleException(RaftClientRpcWithProxy.java:47)
	at org.apache.ratis.client.impl.RaftClientImpl.handleIOException(RaftClientImpl.java:372)
	at org.apache.ratis.client.impl.OrderedAsync.lambda$sendRequest$10(OrderedAsync.java:236)
	at java.util.concurrent.CompletableFuture.uniExceptionally(CompletableFuture.java:870)
	at java.util.concurrent.CompletableFuture$UniExceptionally.tryFire(CompletableFuture.java:852)
	at java.util.concurrent.CompletableFuture.postComplete(CompletableFuture.java:474)
	at java.util.concurrent.CompletableFuture.completeExceptionally(CompletableFuture.java:1977)
	at org.apache.ratis.grpc.client.GrpcClientProtocolClient$AsyncStreamObservers.lambda$timeoutCheck$3(GrpcClientProtocolClient.java:324)
	at java.util.Optional.ifPresent(Optional.java:159)
	at org.apache.ratis.grpc.client.GrpcClientProtocolClient$AsyncStreamObservers.handleReplyFuture(GrpcClientProtocolClient.java:329)
	at org.apache.ratis.grpc.client.GrpcClientProtocolClient$AsyncStreamObservers.timeoutCheck(GrpcClientProtocolClient.java:324)
	at org.apache.ratis.grpc.client.GrpcClientProtocolClient$AsyncStreamObservers.lambda$onNext$1(GrpcClientProtocolClient.java:318)
	at org.apache.ratis.util.TimeoutScheduler.lambda$onTimeout$0(TimeoutScheduler.java:113)
	at org.apache.ratis.util.TimeoutScheduler.lambda$onTimeout$1(TimeoutScheduler.java:133)
	at org.apache.ratis.util.LogUtils.runAndLog(LogUtils.java:50)
	at org.apache.ratis.util.LogUtils$1.run(LogUtils.java:91)
	at java.util.concurrent.Executors$RunnableAdapter.call(Executors.java:511)
	at java.util.concurrent.FutureTask.run(FutureTask.java:266)
	at java.util.concurrent.ScheduledThreadPoolExecutor$ScheduledFutureTask.access$201(ScheduledThreadPoolExecutor.java:180)
	at java.util.concurrent.ScheduledThreadPoolExecutor$ScheduledFutureTask.run(ScheduledThreadPoolExecutor.java:293)
	at java.util.concurrent.ThreadPoolExecutor.runWorker(ThreadPoolExecutor.java:1149)
	at java.util.concurrent.ThreadPoolExecutor$Worker.run(ThreadPoolExecutor.java:624)
	at java.lang.Thread.run(Thread.java:748)
2019-10-02 17:51:33,496 [java.util.concurrent.ThreadPoolExecutor$Worker@b6af4b8[State = -1, empty queue]] WARN  util.TimeoutScheduler (LogUtils.java:runAndLog(55)) - Failed to task #0: java.lang.NullPointerException
2019-10-02 17:51:37,538 [java.util.concurrent.ThreadPoolExecutor$Worker@507c68fe[State = -1, empty queue]] ERROR client.GrpcClientProtocolClient (GrpcClientProtocolClient.java:close(148)) - Unexpected exception while waiting for channel termination
java.lang.InterruptedException
	at java.util.concurrent.locks.AbstractQueuedSynchronizer.tryAcquireSharedNanos(AbstractQueuedSynchronizer.java:1326)
	at java.util.concurrent.CountDownLatch.await(CountDownLatch.java:277)
	at org.apache.ratis.thirdparty.io.grpc.internal.ManagedChannelImpl.awaitTermination(ManagedChannelImpl.java:763)
	at org.apache.ratis.thirdparty.io.grpc.internal.ForwardingManagedChannel.awaitTermination(ForwardingManagedChannel.java:57)
	at org.apache.ratis.thirdparty.io.grpc.internal.ManagedChannelOrphanWrapper.awaitTermination(ManagedChannelOrphanWrapper.java:70)
	at org.apache.ratis.grpc.client.GrpcClientProtocolClient.close(GrpcClientProtocolClient.java:146)
	at org.apache.ratis.util.PeerProxyMap$PeerAndProxy.lambda$close$1(PeerProxyMap.java:74)
	at org.apache.ratis.util.LifeCycle.lambda$checkStateAndClose$2(LifeCycle.java:231)
	at org.apache.ratis.util.LifeCycle.checkStateAndClose(LifeCycle.java:251)
	at org.apache.ratis.util.LifeCycle.checkStateAndClose(LifeCycle.java:229)
	at org.apache.ratis.util.PeerProxyMap$PeerAndProxy.close(PeerProxyMap.java:70)
	at org.apache.ratis.util.PeerProxyMap.resetProxy(PeerProxyMap.java:127)
	at org.apache.ratis.util.PeerProxyMap.handleException(PeerProxyMap.java:136)
	at org.apache.ratis.client.impl.RaftClientRpcWithProxy.handleException(RaftClientRpcWithProxy.java:47)
	at org.apache.ratis.client.impl.RaftClientImpl.handleIOException(RaftClientImpl.java:372)
	at org.apache.ratis.client.impl.OrderedAsync.lambda$sendRequest$10(OrderedAsync.java:236)
	at java.util.concurrent.CompletableFuture.uniExceptionally(CompletableFuture.java:870)
	at java.util.concurrent.CompletableFuture$UniExceptionally.tryFire(CompletableFuture.java:852)
	at java.util.concurrent.CompletableFuture.postComplete(CompletableFuture.java:474)
	at java.util.concurrent.CompletableFuture.completeExceptionally(CompletableFuture.java:1977)
	at org.apache.ratis.grpc.client.GrpcClientProtocolClient$AsyncStreamObservers.lambda$timeoutCheck$3(GrpcClientProtocolClient.java:324)
	at java.util.Optional.ifPresent(Optional.java:159)
	at org.apache.ratis.grpc.client.GrpcClientProtocolClient$AsyncStreamObservers.handleReplyFuture(GrpcClientProtocolClient.java:329)
	at org.apache.ratis.grpc.client.GrpcClientProtocolClient$AsyncStreamObservers.timeoutCheck(GrpcClientProtocolClient.java:324)
	at org.apache.ratis.grpc.client.GrpcClientProtocolClient$AsyncStreamObservers.lambda$onNext$1(GrpcClientProtocolClient.java:318)
	at org.apache.ratis.util.TimeoutScheduler.lambda$onTimeout$0(TimeoutScheduler.java:113)
	at org.apache.ratis.util.TimeoutScheduler.lambda$onTimeout$1(TimeoutScheduler.java:133)
	at org.apache.ratis.util.LogUtils.runAndLog(LogUtils.java:50)
	at org.apache.ratis.util.LogUtils$1.run(LogUtils.java:91)
	at java.util.concurrent.Executors$RunnableAdapter.call(Executors.java:511)
	at java.util.concurrent.FutureTask.run(FutureTask.java:266)
	at java.util.concurrent.ScheduledThreadPoolExecutor$ScheduledFutureTask.access$201(ScheduledThreadPoolExecutor.java:180)
	at java.util.concurrent.ScheduledThreadPoolExecutor$ScheduledFutureTask.run(ScheduledThreadPoolExecutor.java:293)
	at java.util.concurrent.ThreadPoolExecutor.runWorker(ThreadPoolExecutor.java:1149)
	at java.util.concurrent.ThreadPoolExecutor$Worker.run(ThreadPoolExecutor.java:624)
	at java.lang.Thread.run(Thread.java:748)
2019-10-02 17:51:37,539 [java.util.concurrent.ThreadPoolExecutor$Worker@507c68fe[State = -1, empty queue]] WARN  util.TimeoutScheduler (LogUtils.java:runAndLog(55)) - Failed to task #0: java.lang.NullPointerException
2019-10-02 17:51:41,584 [java.util.concurrent.ThreadPoolExecutor$Worker@137a2039[State = -1, empty queue]] ERROR client.GrpcClientProtocolClient (GrpcClientProtocolClient.java:close(148)) - Unexpected exception while waiting for channel termination
java.lang.InterruptedException
	at java.util.concurrent.locks.AbstractQueuedSynchronizer.tryAcquireSharedNanos(AbstractQueuedSynchronizer.java:1326)
	at java.util.concurrent.CountDownLatch.await(CountDownLatch.java:277)
	at org.apache.ratis.thirdparty.io.grpc.internal.ManagedChannelImpl.awaitTermination(ManagedChannelImpl.java:763)
	at org.apache.ratis.thirdparty.io.grpc.internal.ForwardingManagedChannel.awaitTermination(ForwardingManagedChannel.java:57)
	at org.apache.ratis.thirdparty.io.grpc.internal.ManagedChannelOrphanWrapper.awaitTermination(ManagedChannelOrphanWrapper.java:70)
	at org.apache.ratis.grpc.client.GrpcClientProtocolClient.close(GrpcClientProtocolClient.java:146)
	at org.apache.ratis.util.PeerProxyMap$PeerAndProxy.lambda$close$1(PeerProxyMap.java:74)
	at org.apache.ratis.util.LifeCycle.lambda$checkStateAndClose$2(LifeCycle.java:231)
	at org.apache.ratis.util.LifeCycle.checkStateAndClose(LifeCycle.java:251)
	at org.apache.ratis.util.LifeCycle.checkStateAndClose(LifeCycle.java:229)
	at org.apache.ratis.util.PeerProxyMap$PeerAndProxy.close(PeerProxyMap.java:70)
	at org.apache.ratis.util.PeerProxyMap.resetProxy(PeerProxyMap.java:127)
	at org.apache.ratis.util.PeerProxyMap.handleException(PeerProxyMap.java:136)
	at org.apache.ratis.client.impl.RaftClientRpcWithProxy.handleException(RaftClientRpcWithProxy.java:47)
	at org.apache.ratis.client.impl.RaftClientImpl.handleIOException(RaftClientImpl.java:372)
	at org.apache.ratis.client.impl.OrderedAsync.lambda$sendRequest$10(OrderedAsync.java:236)
	at java.util.concurrent.CompletableFuture.uniExceptionally(CompletableFuture.java:870)
	at java.util.concurrent.CompletableFuture$UniExceptionally.tryFire(CompletableFuture.java:852)
	at java.util.concurrent.CompletableFuture.postComplete(CompletableFuture.java:474)
	at java.util.concurrent.CompletableFuture.completeExceptionally(CompletableFuture.java:1977)
	at org.apache.ratis.grpc.client.GrpcClientProtocolClient$AsyncStreamObservers.lambda$timeoutCheck$3(GrpcClientProtocolClient.java:324)
	at java.util.Optional.ifPresent(Optional.java:159)
	at org.apache.ratis.grpc.client.GrpcClientProtocolClient$AsyncStreamObservers.handleReplyFuture(GrpcClientProtocolClient.java:329)
	at org.apache.ratis.grpc.client.GrpcClientProtocolClient$AsyncStreamObservers.timeoutCheck(GrpcClientProtocolClient.java:324)
	at org.apache.ratis.grpc.client.GrpcClientProtocolClient$AsyncStreamObservers.lambda$onNext$1(GrpcClientProtocolClient.java:318)
	at org.apache.ratis.util.TimeoutScheduler.lambda$onTimeout$0(TimeoutScheduler.java:113)
	at org.apache.ratis.util.TimeoutScheduler.lambda$onTimeout$1(TimeoutScheduler.java:133)
	at org.apache.ratis.util.LogUtils.runAndLog(LogUtils.java:50)
	at org.apache.ratis.util.LogUtils$1.run(LogUtils.java:91)
	at java.util.concurrent.Executors$RunnableAdapter.call(Executors.java:511)
	at java.util.concurrent.FutureTask.run(FutureTask.java:266)
	at java.util.concurrent.ScheduledThreadPoolExecutor$ScheduledFutureTask.access$201(ScheduledThreadPoolExecutor.java:180)
	at java.util.concurrent.ScheduledThreadPoolExecutor$ScheduledFutureTask.run(ScheduledThreadPoolExecutor.java:293)
	at java.util.concurrent.ThreadPoolExecutor.runWorker(ThreadPoolExecutor.java:1149)
	at java.util.concurrent.ThreadPoolExecutor$Worker.run(ThreadPoolExecutor.java:624)
	at java.lang.Thread.run(Thread.java:748)
2019-10-02 17:51:41,585 [java.util.concurrent.ThreadPoolExecutor$Worker@137a2039[State = -1, empty queue]] WARN  util.TimeoutScheduler (LogUtils.java:runAndLog(55)) - Failed to task #0: java.lang.NullPointerException
2019-10-02 17:51:45,621 [java.util.concurrent.ThreadPoolExecutor$Worker@5c83fd9a[State = -1, empty queue]] ERROR client.GrpcClientProtocolClient (GrpcClientProtocolClient.java:close(148)) - Unexpected exception while waiting for channel termination
java.lang.InterruptedException
	at java.util.concurrent.locks.AbstractQueuedSynchronizer.tryAcquireSharedNanos(AbstractQueuedSynchronizer.java:1326)
	at java.util.concurrent.CountDownLatch.await(CountDownLatch.java:277)
	at org.apache.ratis.thirdparty.io.grpc.internal.ManagedChannelImpl.awaitTermination(ManagedChannelImpl.java:763)
	at org.apache.ratis.thirdparty.io.grpc.internal.ForwardingManagedChannel.awaitTermination(ForwardingManagedChannel.java:57)
	at org.apache.ratis.thirdparty.io.grpc.internal.ManagedChannelOrphanWrapper.awaitTermination(ManagedChannelOrphanWrapper.java:70)
	at org.apache.ratis.grpc.client.GrpcClientProtocolClient.close(GrpcClientProtocolClient.java:146)
	at org.apache.ratis.util.PeerProxyMap$PeerAndProxy.lambda$close$1(PeerProxyMap.java:74)
	at org.apache.ratis.util.LifeCycle.lambda$checkStateAndClose$2(LifeCycle.java:231)
	at org.apache.ratis.util.LifeCycle.checkStateAndClose(LifeCycle.java:251)
	at org.apache.ratis.util.LifeCycle.checkStateAndClose(LifeCycle.java:229)
	at org.apache.ratis.util.PeerProxyMap$PeerAndProxy.close(PeerProxyMap.java:70)
	at org.apache.ratis.util.PeerProxyMap.resetProxy(PeerProxyMap.java:127)
	at org.apache.ratis.util.PeerProxyMap.handleException(PeerProxyMap.java:136)
	at org.apache.ratis.client.impl.RaftClientRpcWithProxy.handleException(RaftClientRpcWithProxy.java:47)
	at org.apache.ratis.client.impl.RaftClientImpl.handleIOException(RaftClientImpl.java:372)
	at org.apache.ratis.client.impl.OrderedAsync.lambda$sendRequest$10(OrderedAsync.java:236)
	at java.util.concurrent.CompletableFuture.uniExceptionally(CompletableFuture.java:870)
	at java.util.concurrent.CompletableFuture$UniExceptionally.tryFire(CompletableFuture.java:852)
	at java.util.concurrent.CompletableFuture.postComplete(CompletableFuture.java:474)
	at java.util.concurrent.CompletableFuture.completeExceptionally(CompletableFuture.java:1977)
	at org.apache.ratis.grpc.client.GrpcClientProtocolClient$AsyncStreamObservers.lambda$timeoutCheck$3(GrpcClientProtocolClient.java:324)
	at java.util.Optional.ifPresent(Optional.java:159)
	at org.apache.ratis.grpc.client.GrpcClientProtocolClient$AsyncStreamObservers.handleReplyFuture(GrpcClientProtocolClient.java:329)
	at org.apache.ratis.grpc.client.GrpcClientProtocolClient$AsyncStreamObservers.timeoutCheck(GrpcClientProtocolClient.java:324)
	at org.apache.ratis.grpc.client.GrpcClientProtocolClient$AsyncStreamObservers.lambda$onNext$1(GrpcClientProtocolClient.java:318)
	at org.apache.ratis.util.TimeoutScheduler.lambda$onTimeout$0(TimeoutScheduler.java:113)
	at org.apache.ratis.util.TimeoutScheduler.lambda$onTimeout$1(TimeoutScheduler.java:133)
	at org.apache.ratis.util.LogUtils.runAndLog(LogUtils.java:50)
	at org.apache.ratis.util.LogUtils$1.run(LogUtils.java:91)
	at java.util.concurrent.Executors$RunnableAdapter.call(Executors.java:511)
	at java.util.concurrent.FutureTask.run(FutureTask.java:266)
	at java.util.concurrent.ScheduledThreadPoolExecutor$ScheduledFutureTask.access$201(ScheduledThreadPoolExecutor.java:180)
	at java.util.concurrent.ScheduledThreadPoolExecutor$ScheduledFutureTask.run(ScheduledThreadPoolExecutor.java:293)
	at java.util.concurrent.ThreadPoolExecutor.runWorker(ThreadPoolExecutor.java:1149)
	at java.util.concurrent.ThreadPoolExecutor$Worker.run(ThreadPoolExecutor.java:624)
	at java.lang.Thread.run(Thread.java:748)
2019-10-02 17:51:45,624 [java.util.concurrent.ThreadPoolExecutor$Worker@5c83fd9a[State = -1, empty queue]] WARN  util.TimeoutScheduler (LogUtils.java:runAndLog(55)) - Failed to task #0: java.lang.NullPointerException
2019-10-02 17:51:49,674 [java.util.concurrent.ThreadPoolExecutor$Worker@2970fb21[State = -1, empty queue]] ERROR client.GrpcClientProtocolClient (GrpcClientProtocolClient.java:close(148)) - Unexpected exception while waiting for channel termination
java.lang.InterruptedException
	at java.util.concurrent.locks.AbstractQueuedSynchronizer.tryAcquireSharedNanos(AbstractQueuedSynchronizer.java:1326)
	at java.util.concurrent.CountDownLatch.await(CountDownLatch.java:277)
	at org.apache.ratis.thirdparty.io.grpc.internal.ManagedChannelImpl.awaitTermination(ManagedChannelImpl.java:763)
	at org.apache.ratis.thirdparty.io.grpc.internal.ForwardingManagedChannel.awaitTermination(ForwardingManagedChannel.java:57)
	at org.apache.ratis.thirdparty.io.grpc.internal.ManagedChannelOrphanWrapper.awaitTermination(ManagedChannelOrphanWrapper.java:70)
	at org.apache.ratis.grpc.client.GrpcClientProtocolClient.close(GrpcClientProtocolClient.java:146)
	at org.apache.ratis.util.PeerProxyMap$PeerAndProxy.lambda$close$1(PeerProxyMap.java:74)
	at org.apache.ratis.util.LifeCycle.lambda$checkStateAndClose$2(LifeCycle.java:231)
	at org.apache.ratis.util.LifeCycle.checkStateAndClose(LifeCycle.java:251)
	at org.apache.ratis.util.LifeCycle.checkStateAndClose(LifeCycle.java:229)
	at org.apache.ratis.util.PeerProxyMap$PeerAndProxy.close(PeerProxyMap.java:70)
	at org.apache.ratis.util.PeerProxyMap.resetProxy(PeerProxyMap.java:127)
	at org.apache.ratis.util.PeerProxyMap.handleException(PeerProxyMap.java:136)
	at org.apache.ratis.client.impl.RaftClientRpcWithProxy.handleException(RaftClientRpcWithProxy.java:47)
	at org.apache.ratis.client.impl.RaftClientImpl.handleIOException(RaftClientImpl.java:372)
	at org.apache.ratis.client.impl.OrderedAsync.lambda$sendRequest$10(OrderedAsync.java:236)
	at java.util.concurrent.CompletableFuture.uniExceptionally(CompletableFuture.java:870)
	at java.util.concurrent.CompletableFuture$UniExceptionally.tryFire(CompletableFuture.java:852)
	at java.util.concurrent.CompletableFuture.postComplete(CompletableFuture.java:474)
	at java.util.concurrent.CompletableFuture.completeExceptionally(CompletableFuture.java:1977)
	at org.apache.ratis.grpc.client.GrpcClientProtocolClient$AsyncStreamObservers.lambda$timeoutCheck$3(GrpcClientProtocolClient.java:324)
	at java.util.Optional.ifPresent(Optional.java:159)
	at org.apache.ratis.grpc.client.GrpcClientProtocolClient$AsyncStreamObservers.handleReplyFuture(GrpcClientProtocolClient.java:329)
	at org.apache.ratis.grpc.client.GrpcClientProtocolClient$AsyncStreamObservers.timeoutCheck(GrpcClientProtocolClient.java:324)
	at org.apache.ratis.grpc.client.GrpcClientProtocolClient$AsyncStreamObservers.lambda$onNext$1(GrpcClientProtocolClient.java:318)
	at org.apache.ratis.util.TimeoutScheduler.lambda$onTimeout$0(TimeoutScheduler.java:113)
	at org.apache.ratis.util.TimeoutScheduler.lambda$onTimeout$1(TimeoutScheduler.java:133)
	at org.apache.ratis.util.LogUtils.runAndLog(LogUtils.java:50)
	at org.apache.ratis.util.LogUtils$1.run(LogUtils.java:91)
	at java.util.concurrent.Executors$RunnableAdapter.call(Executors.java:511)
	at java.util.concurrent.FutureTask.run(FutureTask.java:266)
	at java.util.concurrent.ScheduledThreadPoolExecutor$ScheduledFutureTask.access$201(ScheduledThreadPoolExecutor.java:180)
	at java.util.concurrent.ScheduledThreadPoolExecutor$ScheduledFutureTask.run(ScheduledThreadPoolExecutor.java:293)
	at java.util.concurrent.ThreadPoolExecutor.runWorker(ThreadPoolExecutor.java:1149)
	at java.util.concurrent.ThreadPoolExecutor$Worker.run(ThreadPoolExecutor.java:624)
	at java.lang.Thread.run(Thread.java:748)
2019-10-02 17:51:49,678 [java.util.concurrent.ThreadPoolExecutor$Worker@2970fb21[State = -1, empty queue]] WARN  util.TimeoutScheduler (LogUtils.java:runAndLog(55)) - Failed to task #0: java.lang.NullPointerException
2019-10-02 17:51:53,722 [java.util.concurrent.ThreadPoolExecutor$Worker@2d3d9e3b[State = -1, empty queue]] ERROR client.GrpcClientProtocolClient (GrpcClientProtocolClient.java:close(148)) - Unexpected exception while waiting for channel termination
java.lang.InterruptedException
	at java.util.concurrent.locks.AbstractQueuedSynchronizer.tryAcquireSharedNanos(AbstractQueuedSynchronizer.java:1326)
	at java.util.concurrent.CountDownLatch.await(CountDownLatch.java:277)
	at org.apache.ratis.thirdparty.io.grpc.internal.ManagedChannelImpl.awaitTermination(ManagedChannelImpl.java:763)
	at org.apache.ratis.thirdparty.io.grpc.internal.ForwardingManagedChannel.awaitTermination(ForwardingManagedChannel.java:57)
	at org.apache.ratis.thirdparty.io.grpc.internal.ManagedChannelOrphanWrapper.awaitTermination(ManagedChannelOrphanWrapper.java:70)
	at org.apache.ratis.grpc.client.GrpcClientProtocolClient.close(GrpcClientProtocolClient.java:146)
	at org.apache.ratis.util.PeerProxyMap$PeerAndProxy.lambda$close$1(PeerProxyMap.java:74)
	at org.apache.ratis.util.LifeCycle.lambda$checkStateAndClose$2(LifeCycle.java:231)
	at org.apache.ratis.util.LifeCycle.checkStateAndClose(LifeCycle.java:251)
	at org.apache.ratis.util.LifeCycle.checkStateAndClose(LifeCycle.java:229)
	at org.apache.ratis.util.PeerProxyMap$PeerAndProxy.close(PeerProxyMap.java:70)
	at org.apache.ratis.util.PeerProxyMap.resetProxy(PeerProxyMap.java:127)
	at org.apache.ratis.util.PeerProxyMap.handleException(PeerProxyMap.java:136)
	at org.apache.ratis.client.impl.RaftClientRpcWithProxy.handleException(RaftClientRpcWithProxy.java:47)
	at org.apache.ratis.client.impl.RaftClientImpl.handleIOException(RaftClientImpl.java:372)
	at org.apache.ratis.client.impl.OrderedAsync.lambda$sendRequest$10(OrderedAsync.java:236)
	at java.util.concurrent.CompletableFuture.uniExceptionally(CompletableFuture.java:870)
	at java.util.concurrent.CompletableFuture$UniExceptionally.tryFire(CompletableFuture.java:852)
	at java.util.concurrent.CompletableFuture.postComplete(CompletableFuture.java:474)
	at java.util.concurrent.CompletableFuture.completeExceptionally(CompletableFuture.java:1977)
	at org.apache.ratis.grpc.client.GrpcClientProtocolClient$AsyncStreamObservers.lambda$timeoutCheck$3(GrpcClientProtocolClient.java:324)
	at java.util.Optional.ifPresent(Optional.java:159)
	at org.apache.ratis.grpc.client.GrpcClientProtocolClient$AsyncStreamObservers.handleReplyFuture(GrpcClientProtocolClient.java:329)
	at org.apache.ratis.grpc.client.GrpcClientProtocolClient$AsyncStreamObservers.timeoutCheck(GrpcClientProtocolClient.java:324)
	at org.apache.ratis.grpc.client.GrpcClientProtocolClient$AsyncStreamObservers.lambda$onNext$1(GrpcClientProtocolClient.java:318)
	at org.apache.ratis.util.TimeoutScheduler.lambda$onTimeout$0(TimeoutScheduler.java:113)
	at org.apache.ratis.util.TimeoutScheduler.lambda$onTimeout$1(TimeoutScheduler.java:133)
	at org.apache.ratis.util.LogUtils.runAndLog(LogUtils.java:50)
	at org.apache.ratis.util.LogUtils$1.run(LogUtils.java:91)
	at java.util.concurrent.Executors$RunnableAdapter.call(Executors.java:511)
	at java.util.concurrent.FutureTask.run(FutureTask.java:266)
	at java.util.concurrent.ScheduledThreadPoolExecutor$ScheduledFutureTask.access$201(ScheduledThreadPoolExecutor.java:180)
	at java.util.concurrent.ScheduledThreadPoolExecutor$ScheduledFutureTask.run(ScheduledThreadPoolExecutor.java:293)
	at java.util.concurrent.ThreadPoolExecutor.runWorker(ThreadPoolExecutor.java:1149)
	at java.util.concurrent.ThreadPoolExecutor$Worker.run(ThreadPoolExecutor.java:624)
	at java.lang.Thread.run(Thread.java:748)
2019-10-02 17:51:53,723 [java.util.concurrent.ThreadPoolExecutor$Worker@2d3d9e3b[State = -1, empty queue]] WARN  util.TimeoutScheduler (LogUtils.java:runAndLog(55)) - Failed to task #0: java.lang.NullPointerException
2019-10-02 17:51:57,763 [java.util.concurrent.ThreadPoolExecutor$Worker@5492f8ba[State = -1, empty queue]] ERROR client.GrpcClientProtocolClient (GrpcClientProtocolClient.java:close(148)) - Unexpected exception while waiting for channel termination
java.lang.InterruptedException
	at java.util.concurrent.locks.AbstractQueuedSynchronizer.tryAcquireSharedNanos(AbstractQueuedSynchronizer.java:1326)
	at java.util.concurrent.CountDownLatch.await(CountDownLatch.java:277)
	at org.apache.ratis.thirdparty.io.grpc.internal.ManagedChannelImpl.awaitTermination(ManagedChannelImpl.java:763)
	at org.apache.ratis.thirdparty.io.grpc.internal.ForwardingManagedChannel.awaitTermination(ForwardingManagedChannel.java:57)
	at org.apache.ratis.thirdparty.io.grpc.internal.ManagedChannelOrphanWrapper.awaitTermination(ManagedChannelOrphanWrapper.java:70)
	at org.apache.ratis.grpc.client.GrpcClientProtocolClient.close(GrpcClientProtocolClient.java:146)
	at org.apache.ratis.util.PeerProxyMap$PeerAndProxy.lambda$close$1(PeerProxyMap.java:74)
	at org.apache.ratis.util.LifeCycle.lambda$checkStateAndClose$2(LifeCycle.java:231)
	at org.apache.ratis.util.LifeCycle.checkStateAndClose(LifeCycle.java:251)
	at org.apache.ratis.util.LifeCycle.checkStateAndClose(LifeCycle.java:229)
	at org.apache.ratis.util.PeerProxyMap$PeerAndProxy.close(PeerProxyMap.java:70)
	at org.apache.ratis.util.PeerProxyMap.resetProxy(PeerProxyMap.java:127)
	at org.apache.ratis.util.PeerProxyMap.handleException(PeerProxyMap.java:136)
	at org.apache.ratis.client.impl.RaftClientRpcWithProxy.handleException(RaftClientRpcWithProxy.java:47)
	at org.apache.ratis.client.impl.RaftClientImpl.handleIOException(RaftClientImpl.java:372)
	at org.apache.ratis.client.impl.OrderedAsync.lambda$sendRequest$10(OrderedAsync.java:236)
	at java.util.concurrent.CompletableFuture.uniExceptionally(CompletableFuture.java:870)
	at java.util.concurrent.CompletableFuture$UniExceptionally.tryFire(CompletableFuture.java:852)
	at java.util.concurrent.CompletableFuture.postComplete(CompletableFuture.java:474)
	at java.util.concurrent.CompletableFuture.completeExceptionally(CompletableFuture.java:1977)
	at org.apache.ratis.grpc.client.GrpcClientProtocolClient$AsyncStreamObservers.lambda$timeoutCheck$3(GrpcClientProtocolClient.java:324)
	at java.util.Optional.ifPresent(Optional.java:159)
	at org.apache.ratis.grpc.client.GrpcClientProtocolClient$AsyncStreamObservers.handleReplyFuture(GrpcClientProtocolClient.java:329)
	at org.apache.ratis.grpc.client.GrpcClientProtocolClient$AsyncStreamObservers.timeoutCheck(GrpcClientProtocolClient.java:324)
	at org.apache.ratis.grpc.client.GrpcClientProtocolClient$AsyncStreamObservers.lambda$onNext$1(GrpcClientProtocolClient.java:318)
	at org.apache.ratis.util.TimeoutScheduler.lambda$onTimeout$0(TimeoutScheduler.java:113)
	at org.apache.ratis.util.TimeoutScheduler.lambda$onTimeout$1(TimeoutScheduler.java:133)
	at org.apache.ratis.util.LogUtils.runAndLog(LogUtils.java:50)
	at org.apache.ratis.util.LogUtils$1.run(LogUtils.java:91)
	at java.util.concurrent.Executors$RunnableAdapter.call(Executors.java:511)
	at java.util.concurrent.FutureTask.run(FutureTask.java:266)
	at java.util.concurrent.ScheduledThreadPoolExecutor$ScheduledFutureTask.access$201(ScheduledThreadPoolExecutor.java:180)
	at java.util.concurrent.ScheduledThreadPoolExecutor$ScheduledFutureTask.run(ScheduledThreadPoolExecutor.java:293)
	at java.util.concurrent.ThreadPoolExecutor.runWorker(ThreadPoolExecutor.java:1149)
	at java.util.concurrent.ThreadPoolExecutor$Worker.run(ThreadPoolExecutor.java:624)
	at java.lang.Thread.run(Thread.java:748)
2019-10-02 17:51:57,764 [java.util.concurrent.ThreadPoolExecutor$Worker@5492f8ba[State = -1, empty queue]] WARN  util.TimeoutScheduler (LogUtils.java:runAndLog(55)) - Failed to task #0: java.lang.NullPointerException
2019-10-02 17:52:01,806 [java.util.concurrent.ThreadPoolExecutor$Worker@4f5c2445[State = -1, empty queue]] ERROR client.GrpcClientProtocolClient (GrpcClientProtocolClient.java:close(148)) - Unexpected exception while waiting for channel termination
java.lang.InterruptedException
	at java.util.concurrent.locks.AbstractQueuedSynchronizer.tryAcquireSharedNanos(AbstractQueuedSynchronizer.java:1326)
	at java.util.concurrent.CountDownLatch.await(CountDownLatch.java:277)
	at org.apache.ratis.thirdparty.io.grpc.internal.ManagedChannelImpl.awaitTermination(ManagedChannelImpl.java:763)
	at org.apache.ratis.thirdparty.io.grpc.internal.ForwardingManagedChannel.awaitTermination(ForwardingManagedChannel.java:57)
	at org.apache.ratis.thirdparty.io.grpc.internal.ManagedChannelOrphanWrapper.awaitTermination(ManagedChannelOrphanWrapper.java:70)
	at org.apache.ratis.grpc.client.GrpcClientProtocolClient.close(GrpcClientProtocolClient.java:146)
	at org.apache.ratis.util.PeerProxyMap$PeerAndProxy.lambda$close$1(PeerProxyMap.java:74)
	at org.apache.ratis.util.LifeCycle.lambda$checkStateAndClose$2(LifeCycle.java:231)
	at org.apache.ratis.util.LifeCycle.checkStateAndClose(LifeCycle.java:251)
	at org.apache.ratis.util.LifeCycle.checkStateAndClose(LifeCycle.java:229)
	at org.apache.ratis.util.PeerProxyMap$PeerAndProxy.close(PeerProxyMap.java:70)
	at org.apache.ratis.util.PeerProxyMap.resetProxy(PeerProxyMap.java:127)
	at org.apache.ratis.util.PeerProxyMap.handleException(PeerProxyMap.java:136)
	at org.apache.ratis.client.impl.RaftClientRpcWithProxy.handleException(RaftClientRpcWithProxy.java:47)
	at org.apache.ratis.client.impl.RaftClientImpl.handleIOException(RaftClientImpl.java:372)
	at org.apache.ratis.client.impl.OrderedAsync.lambda$sendRequest$10(OrderedAsync.java:236)
	at java.util.concurrent.CompletableFuture.uniExceptionally(CompletableFuture.java:870)
	at java.util.concurrent.CompletableFuture$UniExceptionally.tryFire(CompletableFuture.java:852)
	at java.util.concurrent.CompletableFuture.postComplete(CompletableFuture.java:474)
	at java.util.concurrent.CompletableFuture.completeExceptionally(CompletableFuture.java:1977)
	at org.apache.ratis.grpc.client.GrpcClientProtocolClient$AsyncStreamObservers.lambda$timeoutCheck$3(GrpcClientProtocolClient.java:324)
	at java.util.Optional.ifPresent(Optional.java:159)
	at org.apache.ratis.grpc.client.GrpcClientProtocolClient$AsyncStreamObservers.handleReplyFuture(GrpcClientProtocolClient.java:329)
	at org.apache.ratis.grpc.client.GrpcClientProtocolClient$AsyncStreamObservers.timeoutCheck(GrpcClientProtocolClient.java:324)
	at org.apache.ratis.grpc.client.GrpcClientProtocolClient$AsyncStreamObservers.lambda$onNext$1(GrpcClientProtocolClient.java:318)
	at org.apache.ratis.util.TimeoutScheduler.lambda$onTimeout$0(TimeoutScheduler.java:113)
	at org.apache.ratis.util.TimeoutScheduler.lambda$onTimeout$1(TimeoutScheduler.java:133)
	at org.apache.ratis.util.LogUtils.runAndLog(LogUtils.java:50)
	at org.apache.ratis.util.LogUtils$1.run(LogUtils.java:91)
	at java.util.concurrent.Executors$RunnableAdapter.call(Executors.java:511)
	at java.util.concurrent.FutureTask.run(FutureTask.java:266)
	at java.util.concurrent.ScheduledThreadPoolExecutor$ScheduledFutureTask.access$201(ScheduledThreadPoolExecutor.java:180)
	at java.util.concurrent.ScheduledThreadPoolExecutor$ScheduledFutureTask.run(ScheduledThreadPoolExecutor.java:293)
	at java.util.concurrent.ThreadPoolExecutor.runWorker(ThreadPoolExecutor.java:1149)
	at java.util.concurrent.ThreadPoolExecutor$Worker.run(ThreadPoolExecutor.java:624)
	at java.lang.Thread.run(Thread.java:748)
2019-10-02 17:52:01,808 [java.util.concurrent.ThreadPoolExecutor$Worker@4f5c2445[State = -1, empty queue]] WARN  util.TimeoutScheduler (LogUtils.java:runAndLog(55)) - Failed to task #0: java.lang.NullPointerException
2019-10-02 17:52:05,857 [java.util.concurrent.ThreadPoolExecutor$Worker@48019467[State = -1, empty queue]] ERROR client.GrpcClientProtocolClient (GrpcClientProtocolClient.java:close(148)) - Unexpected exception while waiting for channel termination
java.lang.InterruptedException
	at java.util.concurrent.locks.AbstractQueuedSynchronizer.tryAcquireSharedNanos(AbstractQueuedSynchronizer.java:1326)
	at java.util.concurrent.CountDownLatch.await(CountDownLatch.java:277)
	at org.apache.ratis.thirdparty.io.grpc.internal.ManagedChannelImpl.awaitTermination(ManagedChannelImpl.java:763)
	at org.apache.ratis.thirdparty.io.grpc.internal.ForwardingManagedChannel.awaitTermination(ForwardingManagedChannel.java:57)
	at org.apache.ratis.thirdparty.io.grpc.internal.ManagedChannelOrphanWrapper.awaitTermination(ManagedChannelOrphanWrapper.java:70)
	at org.apache.ratis.grpc.client.GrpcClientProtocolClient.close(GrpcClientProtocolClient.java:146)
	at org.apache.ratis.util.PeerProxyMap$PeerAndProxy.lambda$close$1(PeerProxyMap.java:74)
	at org.apache.ratis.util.LifeCycle.lambda$checkStateAndClose$2(LifeCycle.java:231)
	at org.apache.ratis.util.LifeCycle.checkStateAndClose(LifeCycle.java:251)
	at org.apache.ratis.util.LifeCycle.checkStateAndClose(LifeCycle.java:229)
	at org.apache.ratis.util.PeerProxyMap$PeerAndProxy.close(PeerProxyMap.java:70)
	at org.apache.ratis.util.PeerProxyMap.resetProxy(PeerProxyMap.java:127)
	at org.apache.ratis.util.PeerProxyMap.handleException(PeerProxyMap.java:136)
	at org.apache.ratis.client.impl.RaftClientRpcWithProxy.handleException(RaftClientRpcWithProxy.java:47)
	at org.apache.ratis.client.impl.RaftClientImpl.handleIOException(RaftClientImpl.java:372)
	at org.apache.ratis.client.impl.OrderedAsync.lambda$sendRequest$10(OrderedAsync.java:236)
	at java.util.concurrent.CompletableFuture.uniExceptionally(CompletableFuture.java:870)
	at java.util.concurrent.CompletableFuture$UniExceptionally.tryFire(CompletableFuture.java:852)
	at java.util.concurrent.CompletableFuture.postComplete(CompletableFuture.java:474)
	at java.util.concurrent.CompletableFuture.completeExceptionally(CompletableFuture.java:1977)
	at org.apache.ratis.grpc.client.GrpcClientProtocolClient$AsyncStreamObservers.lambda$timeoutCheck$3(GrpcClientProtocolClient.java:324)
	at java.util.Optional.ifPresent(Optional.java:159)
	at org.apache.ratis.grpc.client.GrpcClientProtocolClient$AsyncStreamObservers.handleReplyFuture(GrpcClientProtocolClient.java:329)
	at org.apache.ratis.grpc.client.GrpcClientProtocolClient$AsyncStreamObservers.timeoutCheck(GrpcClientProtocolClient.java:324)
	at org.apache.ratis.grpc.client.GrpcClientProtocolClient$AsyncStreamObservers.lambda$onNext$1(GrpcClientProtocolClient.java:318)
	at org.apache.ratis.util.TimeoutScheduler.lambda$onTimeout$0(TimeoutScheduler.java:113)
	at org.apache.ratis.util.TimeoutScheduler.lambda$onTimeout$1(TimeoutScheduler.java:133)
	at org.apache.ratis.util.LogUtils.runAndLog(LogUtils.java:50)
	at org.apache.ratis.util.LogUtils$1.run(LogUtils.java:91)
	at java.util.concurrent.Executors$RunnableAdapter.call(Executors.java:511)
	at java.util.concurrent.FutureTask.run(FutureTask.java:266)
	at java.util.concurrent.ScheduledThreadPoolExecutor$ScheduledFutureTask.access$201(ScheduledThreadPoolExecutor.java:180)
	at java.util.concurrent.ScheduledThreadPoolExecutor$ScheduledFutureTask.run(ScheduledThreadPoolExecutor.java:293)
	at java.util.concurrent.ThreadPoolExecutor.runWorker(ThreadPoolExecutor.java:1149)
	at java.util.concurrent.ThreadPoolExecutor$Worker.run(ThreadPoolExecutor.java:624)
	at java.lang.Thread.run(Thread.java:748)
2019-10-02 17:52:05,860 [java.util.concurrent.ThreadPoolExecutor$Worker@48019467[State = -1, empty queue]] WARN  util.TimeoutScheduler (LogUtils.java:runAndLog(55)) - Failed to task #0: java.lang.NullPointerException
2019-10-02 17:52:09,913 [java.util.concurrent.ThreadPoolExecutor$Worker@317c3ab2[State = -1, empty queue]] ERROR client.GrpcClientProtocolClient (GrpcClientProtocolClient.java:close(148)) - Unexpected exception while waiting for channel termination
java.lang.InterruptedException
	at java.util.concurrent.locks.AbstractQueuedSynchronizer.tryAcquireSharedNanos(AbstractQueuedSynchronizer.java:1326)
	at java.util.concurrent.CountDownLatch.await(CountDownLatch.java:277)
	at org.apache.ratis.thirdparty.io.grpc.internal.ManagedChannelImpl.awaitTermination(ManagedChannelImpl.java:763)
	at org.apache.ratis.thirdparty.io.grpc.internal.ForwardingManagedChannel.awaitTermination(ForwardingManagedChannel.java:57)
	at org.apache.ratis.thirdparty.io.grpc.internal.ManagedChannelOrphanWrapper.awaitTermination(ManagedChannelOrphanWrapper.java:70)
	at org.apache.ratis.grpc.client.GrpcClientProtocolClient.close(GrpcClientProtocolClient.java:146)
	at org.apache.ratis.util.PeerProxyMap$PeerAndProxy.lambda$close$1(PeerProxyMap.java:74)
	at org.apache.ratis.util.LifeCycle.lambda$checkStateAndClose$2(LifeCycle.java:231)
	at org.apache.ratis.util.LifeCycle.checkStateAndClose(LifeCycle.java:251)
	at org.apache.ratis.util.LifeCycle.checkStateAndClose(LifeCycle.java:229)
	at org.apache.ratis.util.PeerProxyMap$PeerAndProxy.close(PeerProxyMap.java:70)
	at org.apache.ratis.util.PeerProxyMap.resetProxy(PeerProxyMap.java:127)
	at org.apache.ratis.util.PeerProxyMap.handleException(PeerProxyMap.java:136)
	at org.apache.ratis.client.impl.RaftClientRpcWithProxy.handleException(RaftClientRpcWithProxy.java:47)
	at org.apache.ratis.client.impl.RaftClientImpl.handleIOException(RaftClientImpl.java:372)
	at org.apache.ratis.client.impl.OrderedAsync.lambda$sendRequest$10(OrderedAsync.java:236)
	at java.util.concurrent.CompletableFuture.uniExceptionally(CompletableFuture.java:870)
	at java.util.concurrent.CompletableFuture$UniExceptionally.tryFire(CompletableFuture.java:852)
	at java.util.concurrent.CompletableFuture.postComplete(CompletableFuture.java:474)
	at java.util.concurrent.CompletableFuture.completeExceptionally(CompletableFuture.java:1977)
	at org.apache.ratis.grpc.client.GrpcClientProtocolClient$AsyncStreamObservers.lambda$timeoutCheck$3(GrpcClientProtocolClient.java:324)
	at java.util.Optional.ifPresent(Optional.java:159)
	at org.apache.ratis.grpc.client.GrpcClientProtocolClient$AsyncStreamObservers.handleReplyFuture(GrpcClientProtocolClient.java:329)
	at org.apache.ratis.grpc.client.GrpcClientProtocolClient$AsyncStreamObservers.timeoutCheck(GrpcClientProtocolClient.java:324)
	at org.apache.ratis.grpc.client.GrpcClientProtocolClient$AsyncStreamObservers.lambda$onNext$1(GrpcClientProtocolClient.java:318)
	at org.apache.ratis.util.TimeoutScheduler.lambda$onTimeout$0(TimeoutScheduler.java:113)
	at org.apache.ratis.util.TimeoutScheduler.lambda$onTimeout$1(TimeoutScheduler.java:133)
	at org.apache.ratis.util.LogUtils.runAndLog(LogUtils.java:50)
	at org.apache.ratis.util.LogUtils$1.run(LogUtils.java:91)
	at java.util.concurrent.Executors$RunnableAdapter.call(Executors.java:511)
	at java.util.concurrent.FutureTask.run(FutureTask.java:266)
	at java.util.concurrent.ScheduledThreadPoolExecutor$ScheduledFutureTask.access$201(ScheduledThreadPoolExecutor.java:180)
	at java.util.concurrent.ScheduledThreadPoolExecutor$ScheduledFutureTask.run(ScheduledThreadPoolExecutor.java:293)
	at java.util.concurrent.ThreadPoolExecutor.runWorker(ThreadPoolExecutor.java:1149)
	at java.util.concurrent.ThreadPoolExecutor$Worker.run(ThreadPoolExecutor.java:624)
	at java.lang.Thread.run(Thread.java:748)
2019-10-02 17:52:09,914 [java.util.concurrent.ThreadPoolExecutor$Worker@317c3ab2[State = -1, empty queue]] WARN  util.TimeoutScheduler (LogUtils.java:runAndLog(55)) - Failed to task #0: java.lang.NullPointerException
2019-10-02 17:52:13,953 [java.util.concurrent.ThreadPoolExecutor$Worker@29886626[State = -1, empty queue]] ERROR client.GrpcClientProtocolClient (GrpcClientProtocolClient.java:close(148)) - Unexpected exception while waiting for channel termination
java.lang.InterruptedException
	at java.util.concurrent.locks.AbstractQueuedSynchronizer.tryAcquireSharedNanos(AbstractQueuedSynchronizer.java:1326)
	at java.util.concurrent.CountDownLatch.await(CountDownLatch.java:277)
	at org.apache.ratis.thirdparty.io.grpc.internal.ManagedChannelImpl.awaitTermination(ManagedChannelImpl.java:763)
	at org.apache.ratis.thirdparty.io.grpc.internal.ForwardingManagedChannel.awaitTermination(ForwardingManagedChannel.java:57)
	at org.apache.ratis.thirdparty.io.grpc.internal.ManagedChannelOrphanWrapper.awaitTermination(ManagedChannelOrphanWrapper.java:70)
	at org.apache.ratis.grpc.client.GrpcClientProtocolClient.close(GrpcClientProtocolClient.java:146)
	at org.apache.ratis.util.PeerProxyMap$PeerAndProxy.lambda$close$1(PeerProxyMap.java:74)
	at org.apache.ratis.util.LifeCycle.lambda$checkStateAndClose$2(LifeCycle.java:231)
	at org.apache.ratis.util.LifeCycle.checkStateAndClose(LifeCycle.java:251)
	at org.apache.ratis.util.LifeCycle.checkStateAndClose(LifeCycle.java:229)
	at org.apache.ratis.util.PeerProxyMap$PeerAndProxy.close(PeerProxyMap.java:70)
	at org.apache.ratis.util.PeerProxyMap.resetProxy(PeerProxyMap.java:127)
	at org.apache.ratis.util.PeerProxyMap.handleException(PeerProxyMap.java:136)
	at org.apache.ratis.client.impl.RaftClientRpcWithProxy.handleException(RaftClientRpcWithProxy.java:47)
	at org.apache.ratis.client.impl.RaftClientImpl.handleIOException(RaftClientImpl.java:372)
	at org.apache.ratis.client.impl.OrderedAsync.lambda$sendRequest$10(OrderedAsync.java:236)
	at java.util.concurrent.CompletableFuture.uniExceptionally(CompletableFuture.java:870)
	at java.util.concurrent.CompletableFuture$UniExceptionally.tryFire(CompletableFuture.java:852)
	at java.util.concurrent.CompletableFuture.postComplete(CompletableFuture.java:474)
	at java.util.concurrent.CompletableFuture.completeExceptionally(CompletableFuture.java:1977)
	at org.apache.ratis.grpc.client.GrpcClientProtocolClient$AsyncStreamObservers.lambda$timeoutCheck$3(GrpcClientProtocolClient.java:324)
	at java.util.Optional.ifPresent(Optional.java:159)
	at org.apache.ratis.grpc.client.GrpcClientProtocolClient$AsyncStreamObservers.handleReplyFuture(GrpcClientProtocolClient.java:329)
	at org.apache.ratis.grpc.client.GrpcClientProtocolClient$AsyncStreamObservers.timeoutCheck(GrpcClientProtocolClient.java:324)
	at org.apache.ratis.grpc.client.GrpcClientProtocolClient$AsyncStreamObservers.lambda$onNext$1(GrpcClientProtocolClient.java:318)
	at org.apache.ratis.util.TimeoutScheduler.lambda$onTimeout$0(TimeoutScheduler.java:113)
	at org.apache.ratis.util.TimeoutScheduler.lambda$onTimeout$1(TimeoutScheduler.java:133)
	at org.apache.ratis.util.LogUtils.runAndLog(LogUtils.java:50)
	at org.apache.ratis.util.LogUtils$1.run(LogUtils.java:91)
	at java.util.concurrent.Executors$RunnableAdapter.call(Executors.java:511)
	at java.util.concurrent.FutureTask.run(FutureTask.java:266)
	at java.util.concurrent.ScheduledThreadPoolExecutor$ScheduledFutureTask.access$201(ScheduledThreadPoolExecutor.java:180)
	at java.util.concurrent.ScheduledThreadPoolExecutor$ScheduledFutureTask.run(ScheduledThreadPoolExecutor.java:293)
	at java.util.concurrent.ThreadPoolExecutor.runWorker(ThreadPoolExecutor.java:1149)
	at java.util.concurrent.ThreadPoolExecutor$Worker.run(ThreadPoolExecutor.java:624)
	at java.lang.Thread.run(Thread.java:748)
2019-10-02 17:52:13,956 [java.util.concurrent.ThreadPoolExecutor$Worker@29886626[State = -1, empty queue]] WARN  util.TimeoutScheduler (LogUtils.java:runAndLog(55)) - Failed to task #0: java.lang.NullPointerException
2019-10-02 17:52:18,008 [java.util.concurrent.ThreadPoolExecutor$Worker@279b6f5f[State = -1, empty queue]] ERROR client.GrpcClientProtocolClient (GrpcClientProtocolClient.java:close(148)) - Unexpected exception while waiting for channel termination
java.lang.InterruptedException
	at java.util.concurrent.locks.AbstractQueuedSynchronizer.tryAcquireSharedNanos(AbstractQueuedSynchronizer.java:1326)
	at java.util.concurrent.CountDownLatch.await(CountDownLatch.java:277)
	at org.apache.ratis.thirdparty.io.grpc.internal.ManagedChannelImpl.awaitTermination(ManagedChannelImpl.java:763)
	at org.apache.ratis.thirdparty.io.grpc.internal.ForwardingManagedChannel.awaitTermination(ForwardingManagedChannel.java:57)
	at org.apache.ratis.thirdparty.io.grpc.internal.ManagedChannelOrphanWrapper.awaitTermination(ManagedChannelOrphanWrapper.java:70)
	at org.apache.ratis.grpc.client.GrpcClientProtocolClient.close(GrpcClientProtocolClient.java:146)
	at org.apache.ratis.util.PeerProxyMap$PeerAndProxy.lambda$close$1(PeerProxyMap.java:74)
	at org.apache.ratis.util.LifeCycle.lambda$checkStateAndClose$2(LifeCycle.java:231)
	at org.apache.ratis.util.LifeCycle.checkStateAndClose(LifeCycle.java:251)
	at org.apache.ratis.util.LifeCycle.checkStateAndClose(LifeCycle.java:229)
	at org.apache.ratis.util.PeerProxyMap$PeerAndProxy.close(PeerProxyMap.java:70)
	at org.apache.ratis.util.PeerProxyMap.resetProxy(PeerProxyMap.java:127)
	at org.apache.ratis.util.PeerProxyMap.handleException(PeerProxyMap.java:136)
	at org.apache.ratis.client.impl.RaftClientRpcWithProxy.handleException(RaftClientRpcWithProxy.java:47)
	at org.apache.ratis.client.impl.RaftClientImpl.handleIOException(RaftClientImpl.java:372)
	at org.apache.ratis.client.impl.OrderedAsync.lambda$sendRequest$10(OrderedAsync.java:236)
	at java.util.concurrent.CompletableFuture.uniExceptionally(CompletableFuture.java:870)
	at java.util.concurrent.CompletableFuture$UniExceptionally.tryFire(CompletableFuture.java:852)
	at java.util.concurrent.CompletableFuture.postComplete(CompletableFuture.java:474)
	at java.util.concurrent.CompletableFuture.completeExceptionally(CompletableFuture.java:1977)
	at org.apache.ratis.grpc.client.GrpcClientProtocolClient$AsyncStreamObservers.lambda$timeoutCheck$3(GrpcClientProtocolClient.java:324)
	at java.util.Optional.ifPresent(Optional.java:159)
	at org.apache.ratis.grpc.client.GrpcClientProtocolClient$AsyncStreamObservers.handleReplyFuture(GrpcClientProtocolClient.java:329)
	at org.apache.ratis.grpc.client.GrpcClientProtocolClient$AsyncStreamObservers.timeoutCheck(GrpcClientProtocolClient.java:324)
	at org.apache.ratis.grpc.client.GrpcClientProtocolClient$AsyncStreamObservers.lambda$onNext$1(GrpcClientProtocolClient.java:318)
	at org.apache.ratis.util.TimeoutScheduler.lambda$onTimeout$0(TimeoutScheduler.java:113)
	at org.apache.ratis.util.TimeoutScheduler.lambda$onTimeout$1(TimeoutScheduler.java:133)
	at org.apache.ratis.util.LogUtils.runAndLog(LogUtils.java:50)
	at org.apache.ratis.util.LogUtils$1.run(LogUtils.java:91)
	at java.util.concurrent.Executors$RunnableAdapter.call(Executors.java:511)
	at java.util.concurrent.FutureTask.run(FutureTask.java:266)
	at java.util.concurrent.ScheduledThreadPoolExecutor$ScheduledFutureTask.access$201(ScheduledThreadPoolExecutor.java:180)
	at java.util.concurrent.ScheduledThreadPoolExecutor$ScheduledFutureTask.run(ScheduledThreadPoolExecutor.java:293)
	at java.util.concurrent.ThreadPoolExecutor.runWorker(ThreadPoolExecutor.java:1149)
	at java.util.concurrent.ThreadPoolExecutor$Worker.run(ThreadPoolExecutor.java:624)
	at java.lang.Thread.run(Thread.java:748)
2019-10-02 17:52:18,012 [java.util.concurrent.ThreadPoolExecutor$Worker@279b6f5f[State = -1, empty queue]] WARN  util.TimeoutScheduler (LogUtils.java:runAndLog(55)) - Failed to task #0: java.lang.NullPointerException
2019-10-02 17:52:22,054 [java.util.concurrent.ThreadPoolExecutor$Worker@19cb77fb[State = -1, empty queue]] ERROR client.GrpcClientProtocolClient (GrpcClientProtocolClient.java:close(148)) - Unexpected exception while waiting for channel termination
java.lang.InterruptedException
	at java.util.concurrent.locks.AbstractQueuedSynchronizer.tryAcquireSharedNanos(AbstractQueuedSynchronizer.java:1326)
	at java.util.concurrent.CountDownLatch.await(CountDownLatch.java:277)
	at org.apache.ratis.thirdparty.io.grpc.internal.ManagedChannelImpl.awaitTermination(ManagedChannelImpl.java:763)
	at org.apache.ratis.thirdparty.io.grpc.internal.ForwardingManagedChannel.awaitTermination(ForwardingManagedChannel.java:57)
	at org.apache.ratis.thirdparty.io.grpc.internal.ManagedChannelOrphanWrapper.awaitTermination(ManagedChannelOrphanWrapper.java:70)
	at org.apache.ratis.grpc.client.GrpcClientProtocolClient.close(GrpcClientProtocolClient.java:146)
	at org.apache.ratis.util.PeerProxyMap$PeerAndProxy.lambda$close$1(PeerProxyMap.java:74)
	at org.apache.ratis.util.LifeCycle.lambda$checkStateAndClose$2(LifeCycle.java:231)
	at org.apache.ratis.util.LifeCycle.checkStateAndClose(LifeCycle.java:251)
	at org.apache.ratis.util.LifeCycle.checkStateAndClose(LifeCycle.java:229)
	at org.apache.ratis.util.PeerProxyMap$PeerAndProxy.close(PeerProxyMap.java:70)
	at org.apache.ratis.util.PeerProxyMap.resetProxy(PeerProxyMap.java:127)
	at org.apache.ratis.util.PeerProxyMap.handleException(PeerProxyMap.java:136)
	at org.apache.ratis.client.impl.RaftClientRpcWithProxy.handleException(RaftClientRpcWithProxy.java:47)
	at org.apache.ratis.client.impl.RaftClientImpl.handleIOException(RaftClientImpl.java:372)
	at org.apache.ratis.client.impl.OrderedAsync.lambda$sendRequest$10(OrderedAsync.java:236)
	at java.util.concurrent.CompletableFuture.uniExceptionally(CompletableFuture.java:870)
	at java.util.concurrent.CompletableFuture$UniExceptionally.tryFire(CompletableFuture.java:852)
	at java.util.concurrent.CompletableFuture.postComplete(CompletableFuture.java:474)
	at java.util.concurrent.CompletableFuture.completeExceptionally(CompletableFuture.java:1977)
	at org.apache.ratis.grpc.client.GrpcClientProtocolClient$AsyncStreamObservers.lambda$timeoutCheck$3(GrpcClientProtocolClient.java:324)
	at java.util.Optional.ifPresent(Optional.java:159)
	at org.apache.ratis.grpc.client.GrpcClientProtocolClient$AsyncStreamObservers.handleReplyFuture(GrpcClientProtocolClient.java:329)
	at org.apache.ratis.grpc.client.GrpcClientProtocolClient$AsyncStreamObservers.timeoutCheck(GrpcClientProtocolClient.java:324)
	at org.apache.ratis.grpc.client.GrpcClientProtocolClient$AsyncStreamObservers.lambda$onNext$1(GrpcClientProtocolClient.java:318)
	at org.apache.ratis.util.TimeoutScheduler.lambda$onTimeout$0(TimeoutScheduler.java:113)
	at org.apache.ratis.util.TimeoutScheduler.lambda$onTimeout$1(TimeoutScheduler.java:133)
	at org.apache.ratis.util.LogUtils.runAndLog(LogUtils.java:50)
	at org.apache.ratis.util.LogUtils$1.run(LogUtils.java:91)
	at java.util.concurrent.Executors$RunnableAdapter.call(Executors.java:511)
	at java.util.concurrent.FutureTask.run(FutureTask.java:266)
	at java.util.concurrent.ScheduledThreadPoolExecutor$ScheduledFutureTask.access$201(ScheduledThreadPoolExecutor.java:180)
	at java.util.concurrent.ScheduledThreadPoolExecutor$ScheduledFutureTask.run(ScheduledThreadPoolExecutor.java:293)
	at java.util.concurrent.ThreadPoolExecutor.runWorker(ThreadPoolExecutor.java:1149)
	at java.util.concurrent.ThreadPoolExecutor$Worker.run(ThreadPoolExecutor.java:624)
	at java.lang.Thread.run(Thread.java:748)
2019-10-02 17:52:22,071 [java.util.concurrent.ThreadPoolExecutor$Worker@19cb77fb[State = -1, empty queue]] WARN  util.TimeoutScheduler (LogUtils.java:runAndLog(55)) - Failed to task #0: java.lang.NullPointerException
2019-10-02 17:52:26,118 [java.util.concurrent.ThreadPoolExecutor$Worker@61bb7ec9[State = -1, empty queue]] ERROR client.GrpcClientProtocolClient (GrpcClientProtocolClient.java:close(148)) - Unexpected exception while waiting for channel termination
java.lang.InterruptedException
	at java.util.concurrent.locks.AbstractQueuedSynchronizer.tryAcquireSharedNanos(AbstractQueuedSynchronizer.java:1326)
	at java.util.concurrent.CountDownLatch.await(CountDownLatch.java:277)
	at org.apache.ratis.thirdparty.io.grpc.internal.ManagedChannelImpl.awaitTermination(ManagedChannelImpl.java:763)
	at org.apache.ratis.thirdparty.io.grpc.internal.ForwardingManagedChannel.awaitTermination(ForwardingManagedChannel.java:57)
	at org.apache.ratis.thirdparty.io.grpc.internal.ManagedChannelOrphanWrapper.awaitTermination(ManagedChannelOrphanWrapper.java:70)
	at org.apache.ratis.grpc.client.GrpcClientProtocolClient.close(GrpcClientProtocolClient.java:146)
	at org.apache.ratis.util.PeerProxyMap$PeerAndProxy.lambda$close$1(PeerProxyMap.java:74)
	at org.apache.ratis.util.LifeCycle.lambda$checkStateAndClose$2(LifeCycle.java:231)
	at org.apache.ratis.util.LifeCycle.checkStateAndClose(LifeCycle.java:251)
	at org.apache.ratis.util.LifeCycle.checkStateAndClose(LifeCycle.java:229)
	at org.apache.ratis.util.PeerProxyMap$PeerAndProxy.close(PeerProxyMap.java:70)
	at org.apache.ratis.util.PeerProxyMap.resetProxy(PeerProxyMap.java:127)
	at org.apache.ratis.util.PeerProxyMap.handleException(PeerProxyMap.java:136)
	at org.apache.ratis.client.impl.RaftClientRpcWithProxy.handleException(RaftClientRpcWithProxy.java:47)
	at org.apache.ratis.client.impl.RaftClientImpl.handleIOException(RaftClientImpl.java:372)
	at org.apache.ratis.client.impl.OrderedAsync.lambda$sendRequest$10(OrderedAsync.java:236)
	at java.util.concurrent.CompletableFuture.uniExceptionally(CompletableFuture.java:870)
	at java.util.concurrent.CompletableFuture$UniExceptionally.tryFire(CompletableFuture.java:852)
	at java.util.concurrent.CompletableFuture.postComplete(CompletableFuture.java:474)
	at java.util.concurrent.CompletableFuture.completeExceptionally(CompletableFuture.java:1977)
	at org.apache.ratis.grpc.client.GrpcClientProtocolClient$AsyncStreamObservers.lambda$timeoutCheck$3(GrpcClientProtocolClient.java:324)
	at java.util.Optional.ifPresent(Optional.java:159)
	at org.apache.ratis.grpc.client.GrpcClientProtocolClient$AsyncStreamObservers.handleReplyFuture(GrpcClientProtocolClient.java:329)
	at org.apache.ratis.grpc.client.GrpcClientProtocolClient$AsyncStreamObservers.timeoutCheck(GrpcClientProtocolClient.java:324)
	at org.apache.ratis.grpc.client.GrpcClientProtocolClient$AsyncStreamObservers.lambda$onNext$1(GrpcClientProtocolClient.java:318)
	at org.apache.ratis.util.TimeoutScheduler.lambda$onTimeout$0(TimeoutScheduler.java:113)
	at org.apache.ratis.util.TimeoutScheduler.lambda$onTimeout$1(TimeoutScheduler.java:133)
	at org.apache.ratis.util.LogUtils.runAndLog(LogUtils.java:50)
	at org.apache.ratis.util.LogUtils$1.run(LogUtils.java:91)
	at java.util.concurrent.Executors$RunnableAdapter.call(Executors.java:511)
	at java.util.concurrent.FutureTask.run(FutureTask.java:266)
	at java.util.concurrent.ScheduledThreadPoolExecutor$ScheduledFutureTask.access$201(ScheduledThreadPoolExecutor.java:180)
	at java.util.concurrent.ScheduledThreadPoolExecutor$ScheduledFutureTask.run(ScheduledThreadPoolExecutor.java:293)
	at java.util.concurrent.ThreadPoolExecutor.runWorker(ThreadPoolExecutor.java:1149)
	at java.util.concurrent.ThreadPoolExecutor$Worker.run(ThreadPoolExecutor.java:624)
	at java.lang.Thread.run(Thread.java:748)
2019-10-02 17:52:26,119 [java.util.concurrent.ThreadPoolExecutor$Worker@61bb7ec9[State = -1, empty queue]] WARN  util.TimeoutScheduler (LogUtils.java:runAndLog(55)) - Failed to task #0: java.lang.NullPointerException
2019-10-02 17:52:30,168 [java.util.concurrent.ThreadPoolExecutor$Worker@22e64bb3[State = -1, empty queue]] ERROR client.GrpcClientProtocolClient (GrpcClientProtocolClient.java:close(148)) - Unexpected exception while waiting for channel termination
java.lang.InterruptedException
	at java.util.concurrent.locks.AbstractQueuedSynchronizer.tryAcquireSharedNanos(AbstractQueuedSynchronizer.java:1326)
	at java.util.concurrent.CountDownLatch.await(CountDownLatch.java:277)
	at org.apache.ratis.thirdparty.io.grpc.internal.ManagedChannelImpl.awaitTermination(ManagedChannelImpl.java:763)
	at org.apache.ratis.thirdparty.io.grpc.internal.ForwardingManagedChannel.awaitTermination(ForwardingManagedChannel.java:57)
	at org.apache.ratis.thirdparty.io.grpc.internal.ManagedChannelOrphanWrapper.awaitTermination(ManagedChannelOrphanWrapper.java:70)
	at org.apache.ratis.grpc.client.GrpcClientProtocolClient.close(GrpcClientProtocolClient.java:146)
	at org.apache.ratis.util.PeerProxyMap$PeerAndProxy.lambda$close$1(PeerProxyMap.java:74)
	at org.apache.ratis.util.LifeCycle.lambda$checkStateAndClose$2(LifeCycle.java:231)
	at org.apache.ratis.util.LifeCycle.checkStateAndClose(LifeCycle.java:251)
	at org.apache.ratis.util.LifeCycle.checkStateAndClose(LifeCycle.java:229)
	at org.apache.ratis.util.PeerProxyMap$PeerAndProxy.close(PeerProxyMap.java:70)
	at org.apache.ratis.util.PeerProxyMap.resetProxy(PeerProxyMap.java:127)
	at org.apache.ratis.util.PeerProxyMap.handleException(PeerProxyMap.java:136)
	at org.apache.ratis.client.impl.RaftClientRpcWithProxy.handleException(RaftClientRpcWithProxy.java:47)
	at org.apache.ratis.client.impl.RaftClientImpl.handleIOException(RaftClientImpl.java:372)
	at org.apache.ratis.client.impl.OrderedAsync.lambda$sendRequest$10(OrderedAsync.java:236)
	at java.util.concurrent.CompletableFuture.uniExceptionally(CompletableFuture.java:870)
	at java.util.concurrent.CompletableFuture$UniExceptionally.tryFire(CompletableFuture.java:852)
	at java.util.concurrent.CompletableFuture.postComplete(CompletableFuture.java:474)
	at java.util.concurrent.CompletableFuture.completeExceptionally(CompletableFuture.java:1977)
	at org.apache.ratis.grpc.client.GrpcClientProtocolClient$AsyncStreamObservers.lambda$timeoutCheck$3(GrpcClientProtocolClient.java:324)
	at java.util.Optional.ifPresent(Optional.java:159)
	at org.apache.ratis.grpc.client.GrpcClientProtocolClient$AsyncStreamObservers.handleReplyFuture(GrpcClientProtocolClient.java:329)
	at org.apache.ratis.grpc.client.GrpcClientProtocolClient$AsyncStreamObservers.timeoutCheck(GrpcClientProtocolClient.java:324)
	at org.apache.ratis.grpc.client.GrpcClientProtocolClient$AsyncStreamObservers.lambda$onNext$1(GrpcClientProtocolClient.java:318)
	at org.apache.ratis.util.TimeoutScheduler.lambda$onTimeout$0(TimeoutScheduler.java:113)
	at org.apache.ratis.util.TimeoutScheduler.lambda$onTimeout$1(TimeoutScheduler.java:133)
	at org.apache.ratis.util.LogUtils.runAndLog(LogUtils.java:50)
	at org.apache.ratis.util.LogUtils$1.run(LogUtils.java:91)
	at java.util.concurrent.Executors$RunnableAdapter.call(Executors.java:511)
	at java.util.concurrent.FutureTask.run(FutureTask.java:266)
	at java.util.concurrent.ScheduledThreadPoolExecutor$ScheduledFutureTask.access$201(ScheduledThreadPoolExecutor.java:180)
	at java.util.concurrent.ScheduledThreadPoolExecutor$ScheduledFutureTask.run(ScheduledThreadPoolExecutor.java:293)
	at java.util.concurrent.ThreadPoolExecutor.runWorker(ThreadPoolExecutor.java:1149)
	at java.util.concurrent.ThreadPoolExecutor$Worker.run(ThreadPoolExecutor.java:624)
	at java.lang.Thread.run(Thread.java:748)
2019-10-02 17:52:30,170 [java.util.concurrent.ThreadPoolExecutor$Worker@22e64bb3[State = -1, empty queue]] WARN  util.TimeoutScheduler (LogUtils.java:runAndLog(55)) - Failed to task #0: java.lang.NullPointerException
2019-10-02 17:52:32,605 [grpc-default-executor-2] INFO  impl.RaftServerProxy (RaftServerProxy.java:remove(95)) - e7bd1734-ef6c-4cf8-b88c-8a1061e7af66: remove  FOLLOWER e7bd1734-ef6c-4cf8-b88c-8a1061e7af66@group-A7BE29CAD5B0:t1, leader=c6bdf12a-094f-42bc-87c0-f082ef291ed8, voted=e7bd1734-ef6c-4cf8-b88c-8a1061e7af66, raftlog=e7bd1734-ef6c-4cf8-b88c-8a1061e7af66@group-A7BE29CAD5B0-SegmentedRaftLog:OPENED:c0,f2,i2, conf=0: [c6bdf12a-094f-42bc-87c0-f082ef291ed8:192.168.151.72:33846, e7bd1734-ef6c-4cf8-b88c-8a1061e7af66:192.168.151.72:41308, 49c112d4-02f4-49c2-90bf-c7b46ec7b63a:192.168.151.72:42976], old=null RUNNING
2019-10-02 17:52:32,606 [grpc-default-executor-2] INFO  impl.RaftServerImpl (RaftServerImpl.java:lambda$shutdown$3(247)) - e7bd1734-ef6c-4cf8-b88c-8a1061e7af66@group-A7BE29CAD5B0: shutdown
2019-10-02 17:52:32,607 [grpc-default-executor-2] INFO  util.JmxRegister (JmxRegister.java:unregister(73)) - Successfully un-registered JMX Bean with object name Ratis:service=RaftServer,group=group-A7BE29CAD5B0,id=e7bd1734-ef6c-4cf8-b88c-8a1061e7af66
2019-10-02 17:52:32,607 [grpc-default-executor-2] INFO  impl.RoleInfo (RoleInfo.java:shutdownFollowerState(121)) - e7bd1734-ef6c-4cf8-b88c-8a1061e7af66: shutdown FollowerState
2019-10-02 17:52:32,607 [grpc-default-executor-2] INFO  impl.StateMachineUpdater (StateMachineUpdater.java:stopAndJoin(136)) - e7bd1734-ef6c-4cf8-b88c-8a1061e7af66@group-A7BE29CAD5B0-StateMachineUpdater: set stopIndex = 0
2019-10-02 17:52:32,607 [Thread-687] INFO  impl.FollowerState (FollowerState.java:run(117)) - e7bd1734-ef6c-4cf8-b88c-8a1061e7af66@group-A7BE29CAD5B0-FollowerState was interrupted: java.lang.InterruptedException: sleep interrupted
2019-10-02 17:52:32,613 [grpc-default-executor-2] INFO  impl.RaftServerImpl (ServerState.java:close(387)) - e7bd1734-ef6c-4cf8-b88c-8a1061e7af66@group-A7BE29CAD5B0: closes. applyIndex: 0
2019-10-02 17:52:32,613 [e7bd1734-ef6c-4cf8-b88c-8a1061e7af66@group-A7BE29CAD5B0-SegmentedRaftLogWorker] INFO  segmented.SegmentedRaftLogWorker (SegmentedRaftLogWorker.java:run(316)) - e7bd1734-ef6c-4cf8-b88c-8a1061e7af66@group-A7BE29CAD5B0-SegmentedRaftLogWorker was interrupted, exiting. There are 0 tasks remaining in the queue.
2019-10-02 17:52:32,615 [grpc-default-executor-2] INFO  segmented.SegmentedRaftLogWorker (SegmentedRaftLogWorker.java:close(224)) - e7bd1734-ef6c-4cf8-b88c-8a1061e7af66@group-A7BE29CAD5B0-SegmentedRaftLogWorker close()
2019-10-02 17:52:32,652 [grpc-default-executor-2] INFO  interfaces.Container (KeyValueContainer.java:flushAndSyncDB(386)) - Container 3 is synced with bcsId 0.
2019-10-02 17:52:32,653 [grpc-default-executor-2] INFO  interfaces.Container (KeyValueContainer.java:flushAndSyncDB(386)) - Container 3 is synced with bcsId 0.
2019-10-02 17:52:32,662 [EventQueue-IncrementalContainerReportForIncrementalContainerReportHandler] INFO  container.IncrementalContainerReportHandler (AbstractContainerReportHandler.java:updateContainerState(169)) - Moving container #3 to QUASI_CLOSED state, datanode e7bd1734-ef6c-4cf8-b88c-8a1061e7af66{ip: 192.168.151.72, host: pr-trunk-fgz7f-2353921243, networkLocation: /default-rack, certSerialId: null} reported QUASI_CLOSED replica.
2019-10-02 17:52:32,670 [grpc-default-executor-2] INFO  impl.RaftServerProxy (RaftServerProxy.java:remove(95)) - 49c112d4-02f4-49c2-90bf-c7b46ec7b63a: remove  FOLLOWER 49c112d4-02f4-49c2-90bf-c7b46ec7b63a@group-A7BE29CAD5B0:t1, leader=c6bdf12a-094f-42bc-87c0-f082ef291ed8, voted=c6bdf12a-094f-42bc-87c0-f082ef291ed8, raftlog=49c112d4-02f4-49c2-90bf-c7b46ec7b63a@group-A7BE29CAD5B0-SegmentedRaftLog:OPENED:c0,f2,i2, conf=0: [c6bdf12a-094f-42bc-87c0-f082ef291ed8:192.168.151.72:33846, e7bd1734-ef6c-4cf8-b88c-8a1061e7af66:192.168.151.72:41308, 49c112d4-02f4-49c2-90bf-c7b46ec7b63a:192.168.151.72:42976], old=null RUNNING
2019-10-02 17:52:32,670 [grpc-default-executor-2] INFO  impl.RaftServerImpl (RaftServerImpl.java:lambda$shutdown$3(247)) - 49c112d4-02f4-49c2-90bf-c7b46ec7b63a@group-A7BE29CAD5B0: shutdown
2019-10-02 17:52:32,670 [grpc-default-executor-2] INFO  util.JmxRegister (JmxRegister.java:unregister(73)) - Successfully un-registered JMX Bean with object name Ratis:service=RaftServer,group=group-A7BE29CAD5B0,id=49c112d4-02f4-49c2-90bf-c7b46ec7b63a
2019-10-02 17:52:32,670 [grpc-default-executor-2] INFO  impl.RoleInfo (RoleInfo.java:shutdownFollowerState(121)) - 49c112d4-02f4-49c2-90bf-c7b46ec7b63a: shutdown FollowerState
2019-10-02 17:52:32,670 [grpc-default-executor-2] INFO  impl.StateMachineUpdater (StateMachineUpdater.java:stopAndJoin(136)) - 49c112d4-02f4-49c2-90bf-c7b46ec7b63a@group-A7BE29CAD5B0-StateMachineUpdater: set stopIndex = 0
2019-10-02 17:52:32,671 [Thread-679] INFO  impl.FollowerState (FollowerState.java:run(117)) - 49c112d4-02f4-49c2-90bf-c7b46ec7b63a@group-A7BE29CAD5B0-FollowerState was interrupted: java.lang.InterruptedException: sleep interrupted
2019-10-02 17:52:32,675 [grpc-default-executor-2] INFO  impl.RaftServerImpl (ServerState.java:close(387)) - 49c112d4-02f4-49c2-90bf-c7b46ec7b63a@group-A7BE29CAD5B0: closes. applyIndex: 0
2019-10-02 17:52:32,676 [49c112d4-02f4-49c2-90bf-c7b46ec7b63a@group-A7BE29CAD5B0-SegmentedRaftLogWorker] INFO  segmented.SegmentedRaftLogWorker (SegmentedRaftLogWorker.java:run(316)) - 49c112d4-02f4-49c2-90bf-c7b46ec7b63a@group-A7BE29CAD5B0-SegmentedRaftLogWorker was interrupted, exiting. There are 0 tasks remaining in the queue.
2019-10-02 17:52:32,678 [grpc-default-executor-2] INFO  segmented.SegmentedRaftLogWorker (SegmentedRaftLogWorker.java:close(224)) - 49c112d4-02f4-49c2-90bf-c7b46ec7b63a@group-A7BE29CAD5B0-SegmentedRaftLogWorker close()
2019-10-02 17:52:32,702 [grpc-default-executor-2] INFO  interfaces.Container (KeyValueContainer.java:flushAndSyncDB(386)) - Container 3 is synced with bcsId 0.
2019-10-02 17:52:32,702 [grpc-default-executor-2] INFO  interfaces.Container (KeyValueContainer.java:flushAndSyncDB(386)) - Container 3 is synced with bcsId 0.
2019-10-02 17:52:32,717 [grpc-default-executor-2] INFO  impl.RaftServerProxy (RaftServerProxy.java:remove(95)) - c6bdf12a-094f-42bc-87c0-f082ef291ed8: remove    LEADER c6bdf12a-094f-42bc-87c0-f082ef291ed8@group-A7BE29CAD5B0:t1, leader=c6bdf12a-094f-42bc-87c0-f082ef291ed8, voted=c6bdf12a-094f-42bc-87c0-f082ef291ed8, raftlog=c6bdf12a-094f-42bc-87c0-f082ef291ed8@group-A7BE29CAD5B0-SegmentedRaftLog:OPENED:c0,f0,i2, conf=0: [c6bdf12a-094f-42bc-87c0-f082ef291ed8:192.168.151.72:33846, e7bd1734-ef6c-4cf8-b88c-8a1061e7af66:192.168.151.72:41308, 49c112d4-02f4-49c2-90bf-c7b46ec7b63a:192.168.151.72:42976], old=null RUNNING
2019-10-02 17:52:32,717 [grpc-default-executor-2] INFO  impl.RaftServerImpl (RaftServerImpl.java:lambda$shutdown$3(247)) - c6bdf12a-094f-42bc-87c0-f082ef291ed8@group-A7BE29CAD5B0: shutdown
2019-10-02 17:52:32,717 [grpc-default-executor-2] INFO  util.JmxRegister (JmxRegister.java:unregister(73)) - Successfully un-registered JMX Bean with object name Ratis:service=RaftServer,group=group-A7BE29CAD5B0,id=c6bdf12a-094f-42bc-87c0-f082ef291ed8
2019-10-02 17:52:32,717 [grpc-default-executor-2] INFO  impl.RoleInfo (RoleInfo.java:shutdownLeaderState(104)) - c6bdf12a-094f-42bc-87c0-f082ef291ed8: shutdown LeaderState
2019-10-02 17:52:32,722 [grpc-default-executor-2] INFO  impl.PendingRequests (PendingRequests.java:sendNotLeaderResponses(202)) - c6bdf12a-094f-42bc-87c0-f082ef291ed8@group-A7BE29CAD5B0-PendingRequests: sendNotLeaderResponses
2019-10-02 17:52:32,722 [org.apache.ratis.server.impl.LogAppender$AppenderDaemon$$Lambda$525/299265970@81589cc] WARN  server.GrpcLogAppender (GrpcLogAppender.java:mayWait(143)) - c6bdf12a-094f-42bc-87c0-f082ef291ed8@group-A7BE29CAD5B0->e7bd1734-ef6c-4cf8-b88c-8a1061e7af66-GrpcLogAppender: Wait interrupted by java.lang.InterruptedException
2019-10-02 17:52:32,722 [org.apache.ratis.server.impl.LogAppender$AppenderDaemon$$Lambda$525/299265970@346df901] WARN  server.GrpcLogAppender (GrpcLogAppender.java:mayWait(143)) - c6bdf12a-094f-42bc-87c0-f082ef291ed8@group-A7BE29CAD5B0->49c112d4-02f4-49c2-90bf-c7b46ec7b63a-GrpcLogAppender: Wait interrupted by java.lang.InterruptedException
2019-10-02 17:52:32,734 [grpc-default-executor-5] INFO  server.GrpcServerProtocolService (GrpcServerProtocolService.java:onCompleted(113)) - e7bd1734-ef6c-4cf8-b88c-8a1061e7af66: Completed APPEND_ENTRIES, lastRequest: c6bdf12a-094f-42bc-87c0-f082ef291ed8->e7bd1734-ef6c-4cf8-b88c-8a1061e7af66#35-t1, previous=(t:1, i:2), leaderCommit=0, initializing? false, entries: <empty>
2019-10-02 17:52:32,734 [grpc-default-executor-3] INFO  server.GrpcServerProtocolService (GrpcServerProtocolService.java:onCompleted(113)) - 49c112d4-02f4-49c2-90bf-c7b46ec7b63a: Completed APPEND_ENTRIES, lastRequest: c6bdf12a-094f-42bc-87c0-f082ef291ed8->49c112d4-02f4-49c2-90bf-c7b46ec7b63a#35-t1, previous=(t:1, i:2), leaderCommit=0, initializing? false, entries: <empty>
2019-10-02 17:52:32,741 [grpc-default-executor-2] INFO  impl.StateMachineUpdater (StateMachineUpdater.java:stopAndJoin(136)) - c6bdf12a-094f-42bc-87c0-f082ef291ed8@group-A7BE29CAD5B0-StateMachineUpdater: set stopIndex = 0
2019-10-02 17:52:32,748 [grpc-default-executor-7] INFO  server.GrpcLogAppender (GrpcLogAppender.java:onCompleted(293)) - c6bdf12a-094f-42bc-87c0-f082ef291ed8@group-A7BE29CAD5B0->e7bd1734-ef6c-4cf8-b88c-8a1061e7af66-AppendLogResponseHandler: follower responses appendEntries COMPLETED
2019-10-02 17:52:32,749 [grpc-default-executor-2] INFO  impl.RaftServerImpl (ServerState.java:close(387)) - c6bdf12a-094f-42bc-87c0-f082ef291ed8@group-A7BE29CAD5B0: closes. applyIndex: 0
2019-10-02 17:52:32,751 [c6bdf12a-094f-42bc-87c0-f082ef291ed8@group-A7BE29CAD5B0-SegmentedRaftLogWorker] INFO  segmented.SegmentedRaftLogWorker (SegmentedRaftLogWorker.java:run(316)) - c6bdf12a-094f-42bc-87c0-f082ef291ed8@group-A7BE29CAD5B0-SegmentedRaftLogWorker was interrupted, exiting. There are 0 tasks remaining in the queue.
2019-10-02 17:52:32,752 [grpc-default-executor-2] INFO  segmented.SegmentedRaftLogWorker (SegmentedRaftLogWorker.java:close(224)) - c6bdf12a-094f-42bc-87c0-f082ef291ed8@group-A7BE29CAD5B0-SegmentedRaftLogWorker close()
2019-10-02 17:52:32,756 [grpc-default-executor-2] INFO  server.GrpcLogAppender (GrpcLogAppender.java:onCompleted(293)) - c6bdf12a-094f-42bc-87c0-f082ef291ed8@group-A7BE29CAD5B0->49c112d4-02f4-49c2-90bf-c7b46ec7b63a-AppendLogResponseHandler: follower responses appendEntries COMPLETED
2019-10-02 17:52:32,756 [grpc-default-executor-7] INFO  impl.FollowerInfo (FollowerInfo.java:lambda$new$0(51)) - c6bdf12a-094f-42bc-87c0-f082ef291ed8@group-A7BE29CAD5B0->e7bd1734-ef6c-4cf8-b88c-8a1061e7af66: nextIndex: updateUnconditionally 3 -> 2
2019-10-02 17:52:32,757 [grpc-default-executor-2] INFO  impl.FollowerInfo (FollowerInfo.java:lambda$new$0(51)) - c6bdf12a-094f-42bc-87c0-f082ef291ed8@group-A7BE29CAD5B0->49c112d4-02f4-49c2-90bf-c7b46ec7b63a: nextIndex: updateUnconditionally 3 -> 2
2019-10-02 17:52:32,768 [RatisPipelineUtilsThread] INFO  pipeline.PipelineStateManager (PipelineStateManager.java:removePipeline(108)) - Pipeline Pipeline[ Id: 9ac702f0-c9ff-4b0c-b15a-a7be29cad5b0, Nodes: e7bd1734-ef6c-4cf8-b88c-8a1061e7af66{ip: 192.168.151.72, host: pr-trunk-fgz7f-2353921243, networkLocation: /default-rack, certSerialId: null}49c112d4-02f4-49c2-90bf-c7b46ec7b63a{ip: 192.168.151.72, host: pr-trunk-fgz7f-2353921243, networkLocation: /default-rack, certSerialId: null}c6bdf12a-094f-42bc-87c0-f082ef291ed8{ip: 192.168.151.72, host: pr-trunk-fgz7f-2353921243, networkLocation: /default-rack, certSerialId: null}, Type:RATIS, Factor:THREE, State:CLOSED] removed from db
2019-10-02 17:52:32,774 [grpc-default-executor-2] INFO  impl.RaftServerProxy (RaftServerProxy.java:remove(95)) - e7bd1734-ef6c-4cf8-b88c-8a1061e7af66: remove group-A7BE29CAD5B0:null
2019-10-02 17:52:32,780 [RatisPipelineUtilsThread] WARN  pipeline.RatisPipelineUtils (RatisPipelineUtils.java:destroyPipeline(67)) - Pipeline destroy failed for pipeline=PipelineID=9ac702f0-c9ff-4b0c-b15a-a7be29cad5b0 dn=e7bd1734-ef6c-4cf8-b88c-8a1061e7af66{ip: 192.168.151.72, host: pr-trunk-fgz7f-2353921243, networkLocation: /default-rack, certSerialId: null}
2019-10-02 17:52:32,785 [grpc-default-executor-2] INFO  impl.RaftServerProxy (RaftServerProxy.java:remove(95)) - 49c112d4-02f4-49c2-90bf-c7b46ec7b63a: remove group-A7BE29CAD5B0:null
2019-10-02 17:52:32,791 [RatisPipelineUtilsThread] WARN  pipeline.RatisPipelineUtils (RatisPipelineUtils.java:destroyPipeline(67)) - Pipeline destroy failed for pipeline=PipelineID=9ac702f0-c9ff-4b0c-b15a-a7be29cad5b0 dn=49c112d4-02f4-49c2-90bf-c7b46ec7b63a{ip: 192.168.151.72, host: pr-trunk-fgz7f-2353921243, networkLocation: /default-rack, certSerialId: null}
2019-10-02 17:52:32,795 [grpc-default-executor-2] INFO  impl.RaftServerProxy (RaftServerProxy.java:remove(95)) - c6bdf12a-094f-42bc-87c0-f082ef291ed8: remove group-A7BE29CAD5B0:null
2019-10-02 17:52:32,800 [RatisPipelineUtilsThread] WARN  pipeline.RatisPipelineUtils (RatisPipelineUtils.java:destroyPipeline(67)) - Pipeline destroy failed for pipeline=PipelineID=9ac702f0-c9ff-4b0c-b15a-a7be29cad5b0 dn=c6bdf12a-094f-42bc-87c0-f082ef291ed8{ip: 192.168.151.72, host: pr-trunk-fgz7f-2353921243, networkLocation: /default-rack, certSerialId: null}
2019-10-02 17:52:32,800 [RatisPipelineUtilsThread] ERROR pipeline.SCMPipelineManager (Scheduler.java:lambda$schedule$1(70)) - Destroy pipeline failed for pipeline:Pipeline[ Id: 9ac702f0-c9ff-4b0c-b15a-a7be29cad5b0, Nodes: e7bd1734-ef6c-4cf8-b88c-8a1061e7af66{ip: 192.168.151.72, host: pr-trunk-fgz7f-2353921243, networkLocation: /default-rack, certSerialId: null}49c112d4-02f4-49c2-90bf-c7b46ec7b63a{ip: 192.168.151.72, host: pr-trunk-fgz7f-2353921243, networkLocation: /default-rack, certSerialId: null}c6bdf12a-094f-42bc-87c0-f082ef291ed8{ip: 192.168.151.72, host: pr-trunk-fgz7f-2353921243, networkLocation: /default-rack, certSerialId: null}, Type:RATIS, Factor:THREE, State:CLOSED]
org.apache.hadoop.hdds.scm.pipeline.PipelineNotFoundException: PipelineID=9ac702f0-c9ff-4b0c-b15a-a7be29cad5b0 not found
	at org.apache.hadoop.hdds.scm.pipeline.PipelineStateMap.getPipeline(PipelineStateMap.java:132)
	at org.apache.hadoop.hdds.scm.pipeline.PipelineStateMap.removePipeline(PipelineStateMap.java:322)
	at org.apache.hadoop.hdds.scm.pipeline.PipelineStateManager.removePipeline(PipelineStateManager.java:107)
	at org.apache.hadoop.hdds.scm.pipeline.SCMPipelineManager.removePipeline(SCMPipelineManager.java:427)
	at org.apache.hadoop.hdds.scm.pipeline.SCMPipelineManager.destroyPipeline(SCMPipelineManager.java:413)
	at org.apache.hadoop.hdds.scm.pipeline.SCMPipelineManager.lambda$finalizeAndDestroyPipeline$0(SCMPipelineManager.java:322)
	at org.apache.hadoop.hdds.utils.Scheduler.lambda$schedule$1(Scheduler.java:68)
	at java.util.concurrent.Executors$RunnableAdapter.call(Executors.java:511)
	at java.util.concurrent.FutureTask.run(FutureTask.java:266)
	at java.util.concurrent.ScheduledThreadPoolExecutor$ScheduledFutureTask.access$201(ScheduledThreadPoolExecutor.java:180)
	at java.util.concurrent.ScheduledThreadPoolExecutor$ScheduledFutureTask.run(ScheduledThreadPoolExecutor.java:293)
	at java.util.concurrent.ThreadPoolExecutor.runWorker(ThreadPoolExecutor.java:1149)
	at java.util.concurrent.ThreadPoolExecutor$Worker.run(ThreadPoolExecutor.java:624)
	at java.lang.Thread.run(Thread.java:748)
2019-10-02 17:52:32,818 [grpc-default-executor-3] INFO  impl.RaftServerProxy (RaftServerProxy.java:addNew(89)) - 49c112d4-02f4-49c2-90bf-c7b46ec7b63a: addNew group-EAA08EF83084:[c6bdf12a-094f-42bc-87c0-f082ef291ed8:192.168.151.72:33846, e7bd1734-ef6c-4cf8-b88c-8a1061e7af66:192.168.151.72:41308, 49c112d4-02f4-49c2-90bf-c7b46ec7b63a:192.168.151.72:42976] returns group-EAA08EF83084:java.util.concurrent.CompletableFuture@57196754[Not completed]
2019-10-02 17:52:32,820 [grpc-default-executor-7] INFO  impl.RaftServerProxy (RaftServerProxy.java:addNew(89)) - e7bd1734-ef6c-4cf8-b88c-8a1061e7af66: addNew group-EAA08EF83084:[c6bdf12a-094f-42bc-87c0-f082ef291ed8:192.168.151.72:33846, e7bd1734-ef6c-4cf8-b88c-8a1061e7af66:192.168.151.72:41308, 49c112d4-02f4-49c2-90bf-c7b46ec7b63a:192.168.151.72:42976] returns group-EAA08EF83084:java.util.concurrent.CompletableFuture@42eaab6f[Not completed]
2019-10-02 17:52:32,821 [grpc-default-executor-2] INFO  impl.RaftServerProxy (RaftServerProxy.java:addNew(89)) - c6bdf12a-094f-42bc-87c0-f082ef291ed8: addNew group-EAA08EF83084:[c6bdf12a-094f-42bc-87c0-f082ef291ed8:192.168.151.72:33846, e7bd1734-ef6c-4cf8-b88c-8a1061e7af66:192.168.151.72:41308, 49c112d4-02f4-49c2-90bf-c7b46ec7b63a:192.168.151.72:42976] returns group-EAA08EF83084:java.util.concurrent.CompletableFuture@56ada5b3[Not completed]
2019-10-02 17:52:32,824 [pool-27-thread-1] INFO  impl.RaftServerImpl (RaftServerImpl.java:<init>(95)) - 49c112d4-02f4-49c2-90bf-c7b46ec7b63a: new RaftServerImpl for group-EAA08EF83084:[c6bdf12a-094f-42bc-87c0-f082ef291ed8:192.168.151.72:33846, e7bd1734-ef6c-4cf8-b88c-8a1061e7af66:192.168.151.72:41308, 49c112d4-02f4-49c2-90bf-c7b46ec7b63a:192.168.151.72:42976] with ContainerStateMachine:uninitialized
2019-10-02 17:52:32,824 [pool-27-thread-1] INFO  server.RaftServerConfigKeys (ConfUtils.java:logGet(43)) - raft.server.rpc.timeout.min = 5s (custom)
2019-10-02 17:52:32,825 [pool-27-thread-1] INFO  server.RaftServerConfigKeys (ConfUtils.java:logGet(43)) - raft.server.rpc.timeout.max = 5200ms (custom)
2019-10-02 17:52:32,825 [pool-27-thread-1] INFO  server.RaftServerConfigKeys (ConfUtils.java:logGet(43)) - raft.server.rpcslowness.timeout = 120s (custom)
2019-10-02 17:52:32,825 [pool-27-thread-1] INFO  server.RaftServerConfigKeys (ConfUtils.java:logGet(43)) - raft.server.sleep.deviation.threshold = 300 (default)
2019-10-02 17:52:32,825 [pool-27-thread-1] INFO  server.RaftServerConfigKeys (ConfUtils.java:logGet(43)) - raft.server.log.appender.install.snapshot.enabled = false (custom)
2019-10-02 17:52:32,825 [pool-87-thread-1] INFO  impl.RaftServerImpl (RaftServerImpl.java:<init>(95)) - e7bd1734-ef6c-4cf8-b88c-8a1061e7af66: new RaftServerImpl for group-EAA08EF83084:[c6bdf12a-094f-42bc-87c0-f082ef291ed8:192.168.151.72:33846, e7bd1734-ef6c-4cf8-b88c-8a1061e7af66:192.168.151.72:41308, 49c112d4-02f4-49c2-90bf-c7b46ec7b63a:192.168.151.72:42976] with ContainerStateMachine:uninitialized
2019-10-02 17:52:32,825 [pool-27-thread-1] INFO  impl.RaftServerImpl (ServerState.java:<init>(103)) - 49c112d4-02f4-49c2-90bf-c7b46ec7b63a@group-EAA08EF83084: ConfigurationManager, init=-1: [c6bdf12a-094f-42bc-87c0-f082ef291ed8:192.168.151.72:33846, e7bd1734-ef6c-4cf8-b88c-8a1061e7af66:192.168.151.72:41308, 49c112d4-02f4-49c2-90bf-c7b46ec7b63a:192.168.151.72:42976], old=null, confs=<EMPTY_MAP>
2019-10-02 17:52:32,825 [pool-87-thread-1] INFO  server.RaftServerConfigKeys (ConfUtils.java:logGet(43)) - raft.server.rpc.timeout.min = 5s (custom)
2019-10-02 17:52:32,826 [pool-27-thread-1] INFO  server.RaftServerConfigKeys (ConfUtils.java:logGet(43)) - raft.server.storage.dir = [/workdir/hadoop-ozone/integration-test/target/test-dir/MiniOzoneClusterImpl-d02e41fa-f6e1-4cca-b896-e100a645b5cc/datanode-0/data/ratis] (custom)
2019-10-02 17:52:32,826 [pool-87-thread-1] INFO  server.RaftServerConfigKeys (ConfUtils.java:logGet(43)) - raft.server.rpc.timeout.max = 5200ms (custom)
2019-10-02 17:52:32,826 [pool-47-thread-1] INFO  impl.RaftServerImpl (RaftServerImpl.java:<init>(95)) - c6bdf12a-094f-42bc-87c0-f082ef291ed8: new RaftServerImpl for group-EAA08EF83084:[c6bdf12a-094f-42bc-87c0-f082ef291ed8:192.168.151.72:33846, e7bd1734-ef6c-4cf8-b88c-8a1061e7af66:192.168.151.72:41308, 49c112d4-02f4-49c2-90bf-c7b46ec7b63a:192.168.151.72:42976] with ContainerStateMachine:uninitialized
2019-10-02 17:52:32,826 [pool-27-thread-1] INFO  server.RaftServerConfigKeys (ConfUtils.java:logGet(43)) - raft.server.log.corruption.policy = EXCEPTION (default)
2019-10-02 17:52:32,826 [pool-87-thread-1] INFO  server.RaftServerConfigKeys (ConfUtils.java:logGet(43)) - raft.server.rpcslowness.timeout = 120s (custom)
2019-10-02 17:52:32,826 [pool-47-thread-1] INFO  server.RaftServerConfigKeys (ConfUtils.java:logGet(43)) - raft.server.rpc.timeout.min = 5s (custom)
2019-10-02 17:52:32,826 [pool-87-thread-1] INFO  server.RaftServerConfigKeys (ConfUtils.java:logGet(43)) - raft.server.sleep.deviation.threshold = 300 (default)
2019-10-02 17:52:32,826 [pool-27-thread-1] INFO  storage.RaftStorageDirectory (RaftStorageDirectory.java:analyzeStorage(246)) - The storage directory /workdir/hadoop-ozone/integration-test/target/test-dir/MiniOzoneClusterImpl-d02e41fa-f6e1-4cca-b896-e100a645b5cc/datanode-0/data/ratis/23c48059-096d-4b72-901b-eaa08ef83084 does not exist. Creating ...
2019-10-02 17:52:32,826 [pool-87-thread-1] INFO  server.RaftServerConfigKeys (ConfUtils.java:logGet(43)) - raft.server.log.appender.install.snapshot.enabled = false (custom)
2019-10-02 17:52:32,826 [pool-47-thread-1] INFO  server.RaftServerConfigKeys (ConfUtils.java:logGet(43)) - raft.server.rpc.timeout.max = 5200ms (custom)
2019-10-02 17:52:32,827 [pool-87-thread-1] INFO  impl.RaftServerImpl (ServerState.java:<init>(103)) - e7bd1734-ef6c-4cf8-b88c-8a1061e7af66@group-EAA08EF83084: ConfigurationManager, init=-1: [c6bdf12a-094f-42bc-87c0-f082ef291ed8:192.168.151.72:33846, e7bd1734-ef6c-4cf8-b88c-8a1061e7af66:192.168.151.72:41308, 49c112d4-02f4-49c2-90bf-c7b46ec7b63a:192.168.151.72:42976], old=null, confs=<EMPTY_MAP>
2019-10-02 17:52:32,827 [pool-47-thread-1] INFO  server.RaftServerConfigKeys (ConfUtils.java:logGet(43)) - raft.server.rpcslowness.timeout = 120s (custom)
2019-10-02 17:52:32,827 [pool-87-thread-1] INFO  server.RaftServerConfigKeys (ConfUtils.java:logGet(43)) - raft.server.storage.dir = [/workdir/hadoop-ozone/integration-test/target/test-dir/MiniOzoneClusterImpl-d02e41fa-f6e1-4cca-b896-e100a645b5cc/datanode-6/data/ratis] (custom)
2019-10-02 17:52:32,827 [pool-47-thread-1] INFO  server.RaftServerConfigKeys (ConfUtils.java:logGet(43)) - raft.server.sleep.deviation.threshold = 300 (default)
2019-10-02 17:52:32,827 [pool-47-thread-1] INFO  server.RaftServerConfigKeys (ConfUtils.java:logGet(43)) - raft.server.log.appender.install.snapshot.enabled = false (custom)
2019-10-02 17:52:32,827 [pool-87-thread-1] INFO  server.RaftServerConfigKeys (ConfUtils.java:logGet(43)) - raft.server.log.corruption.policy = EXCEPTION (default)
2019-10-02 17:52:32,827 [pool-47-thread-1] INFO  impl.RaftServerImpl (ServerState.java:<init>(103)) - c6bdf12a-094f-42bc-87c0-f082ef291ed8@group-EAA08EF83084: ConfigurationManager, init=-1: [c6bdf12a-094f-42bc-87c0-f082ef291ed8:192.168.151.72:33846, e7bd1734-ef6c-4cf8-b88c-8a1061e7af66:192.168.151.72:41308, 49c112d4-02f4-49c2-90bf-c7b46ec7b63a:192.168.151.72:42976], old=null, confs=<EMPTY_MAP>
2019-10-02 17:52:32,828 [pool-87-thread-1] INFO  storage.RaftStorageDirectory (RaftStorageDirectory.java:analyzeStorage(246)) - The storage directory /workdir/hadoop-ozone/integration-test/target/test-dir/MiniOzoneClusterImpl-d02e41fa-f6e1-4cca-b896-e100a645b5cc/datanode-6/data/ratis/23c48059-096d-4b72-901b-eaa08ef83084 does not exist. Creating ...
2019-10-02 17:52:32,828 [pool-47-thread-1] INFO  server.RaftServerConfigKeys (ConfUtils.java:logGet(43)) - raft.server.storage.dir = [/workdir/hadoop-ozone/integration-test/target/test-dir/MiniOzoneClusterImpl-d02e41fa-f6e1-4cca-b896-e100a645b5cc/datanode-2/data/ratis] (custom)
2019-10-02 17:52:32,828 [pool-47-thread-1] INFO  server.RaftServerConfigKeys (ConfUtils.java:logGet(43)) - raft.server.log.corruption.policy = EXCEPTION (default)
2019-10-02 17:52:32,828 [pool-47-thread-1] INFO  storage.RaftStorageDirectory (RaftStorageDirectory.java:analyzeStorage(246)) - The storage directory /workdir/hadoop-ozone/integration-test/target/test-dir/MiniOzoneClusterImpl-d02e41fa-f6e1-4cca-b896-e100a645b5cc/datanode-2/data/ratis/23c48059-096d-4b72-901b-eaa08ef83084 does not exist. Creating ...
2019-10-02 17:52:32,832 [pool-47-thread-1] INFO  storage.RaftStorageDirectory (RaftStorageDirectory.java:tryLock(328)) - Lock on /workdir/hadoop-ozone/integration-test/target/test-dir/MiniOzoneClusterImpl-d02e41fa-f6e1-4cca-b896-e100a645b5cc/datanode-2/data/ratis/23c48059-096d-4b72-901b-eaa08ef83084/in_use.lock acquired by nodename 27144@pr-trunk-fgz7f-2353921243
2019-10-02 17:52:32,832 [pool-87-thread-1] INFO  storage.RaftStorageDirectory (RaftStorageDirectory.java:tryLock(328)) - Lock on /workdir/hadoop-ozone/integration-test/target/test-dir/MiniOzoneClusterImpl-d02e41fa-f6e1-4cca-b896-e100a645b5cc/datanode-6/data/ratis/23c48059-096d-4b72-901b-eaa08ef83084/in_use.lock acquired by nodename 27144@pr-trunk-fgz7f-2353921243
2019-10-02 17:52:32,832 [pool-27-thread-1] INFO  storage.RaftStorageDirectory (RaftStorageDirectory.java:tryLock(328)) - Lock on /workdir/hadoop-ozone/integration-test/target/test-dir/MiniOzoneClusterImpl-d02e41fa-f6e1-4cca-b896-e100a645b5cc/datanode-0/data/ratis/23c48059-096d-4b72-901b-eaa08ef83084/in_use.lock acquired by nodename 27144@pr-trunk-fgz7f-2353921243
2019-10-02 17:52:32,836 [pool-87-thread-1] INFO  storage.RaftStorage (RaftStorage.java:format(84)) - Storage directory /workdir/hadoop-ozone/integration-test/target/test-dir/MiniOzoneClusterImpl-d02e41fa-f6e1-4cca-b896-e100a645b5cc/datanode-6/data/ratis/23c48059-096d-4b72-901b-eaa08ef83084 has been successfully formatted.
2019-10-02 17:52:32,836 [pool-27-thread-1] INFO  storage.RaftStorage (RaftStorage.java:format(84)) - Storage directory /workdir/hadoop-ozone/integration-test/target/test-dir/MiniOzoneClusterImpl-d02e41fa-f6e1-4cca-b896-e100a645b5cc/datanode-0/data/ratis/23c48059-096d-4b72-901b-eaa08ef83084 has been successfully formatted.
2019-10-02 17:52:32,836 [pool-47-thread-1] INFO  storage.RaftStorage (RaftStorage.java:format(84)) - Storage directory /workdir/hadoop-ozone/integration-test/target/test-dir/MiniOzoneClusterImpl-d02e41fa-f6e1-4cca-b896-e100a645b5cc/datanode-2/data/ratis/23c48059-096d-4b72-901b-eaa08ef83084 has been successfully formatted.
2019-10-02 17:52:32,836 [pool-87-thread-1] INFO  ratis.ContainerStateMachine (ContainerStateMachine.java:loadSnapshot(231)) - group-EAA08EF83084: The snapshot info is null. Setting the last applied indexto:(t:0, i:~)
2019-10-02 17:52:32,836 [pool-27-thread-1] INFO  ratis.ContainerStateMachine (ContainerStateMachine.java:loadSnapshot(231)) - group-EAA08EF83084: The snapshot info is null. Setting the last applied indexto:(t:0, i:~)
2019-10-02 17:52:32,837 [pool-87-thread-1] INFO  server.RaftServerConfigKeys (ConfUtils.java:logGet(43)) - raft.server.notification.no-leader.timeout = 120s (custom)
2019-10-02 17:52:32,837 [pool-47-thread-1] INFO  ratis.ContainerStateMachine (ContainerStateMachine.java:loadSnapshot(231)) - group-EAA08EF83084: The snapshot info is null. Setting the last applied indexto:(t:0, i:~)
2019-10-02 17:52:32,837 [pool-87-thread-1] INFO  server.RaftServerConfigKeys (ConfUtils.java:logGet(43)) - raft.server.log.use.memory = false (default)
2019-10-02 17:52:32,837 [pool-27-thread-1] INFO  server.RaftServerConfigKeys (ConfUtils.java:logGet(43)) - raft.server.notification.no-leader.timeout = 120s (custom)
2019-10-02 17:52:32,837 [pool-47-thread-1] INFO  server.RaftServerConfigKeys (ConfUtils.java:logGet(43)) - raft.server.notification.no-leader.timeout = 120s (custom)
2019-10-02 17:52:32,837 [pool-27-thread-1] INFO  server.RaftServerConfigKeys (ConfUtils.java:logGet(43)) - raft.server.log.use.memory = false (default)
2019-10-02 17:52:32,837 [pool-87-thread-1] INFO  server.RaftServerConfigKeys (ConfUtils.java:logGet(43)) - raft.server.log.purge.gap = 1000000 (custom)
2019-10-02 17:52:32,837 [pool-27-thread-1] INFO  server.RaftServerConfigKeys (ConfUtils.java:logGet(43)) - raft.server.log.purge.gap = 1000000 (custom)
2019-10-02 17:52:32,837 [pool-47-thread-1] INFO  server.RaftServerConfigKeys (ConfUtils.java:logGet(43)) - raft.server.log.use.memory = false (default)
2019-10-02 17:52:32,838 [pool-27-thread-1] INFO  server.RaftServerConfigKeys (ConfUtils.java:logGet(43)) - raft.server.log.appender.buffer.byte-limit = 33554432 (custom)
2019-10-02 17:52:32,837 [pool-87-thread-1] INFO  server.RaftServerConfigKeys (ConfUtils.java:logGet(43)) - raft.server.log.appender.buffer.byte-limit = 33554432 (custom)
2019-10-02 17:52:32,838 [pool-27-thread-1] INFO  server.RaftServerConfigKeys (ConfUtils.java:logGet(43)) - raft.server.log.segment.size.max = 1048576 (custom)
2019-10-02 17:52:32,838 [pool-47-thread-1] INFO  server.RaftServerConfigKeys (ConfUtils.java:logGet(43)) - raft.server.log.purge.gap = 1000000 (custom)
2019-10-02 17:52:32,838 [pool-27-thread-1] INFO  server.RaftServerConfigKeys (ConfUtils.java:logGet(43)) - raft.server.log.segment.cache.num.max = 2 (custom)
2019-10-02 17:52:32,838 [pool-87-thread-1] INFO  server.RaftServerConfigKeys (ConfUtils.java:logGet(43)) - raft.server.log.segment.size.max = 1048576 (custom)
2019-10-02 17:52:32,838 [pool-27-thread-1] INFO  segmented.SegmentedRaftLogWorker (SegmentedRaftLogWorker.java:<init>(173)) - new 49c112d4-02f4-49c2-90bf-c7b46ec7b63a@group-EAA08EF83084-SegmentedRaftLogWorker for RaftStorage:Storage Directory /workdir/hadoop-ozone/integration-test/target/test-dir/MiniOzoneClusterImpl-d02e41fa-f6e1-4cca-b896-e100a645b5cc/datanode-0/data/ratis/23c48059-096d-4b72-901b-eaa08ef83084
2019-10-02 17:52:32,838 [pool-47-thread-1] INFO  server.RaftServerConfigKeys (ConfUtils.java:logGet(43)) - raft.server.log.appender.buffer.byte-limit = 33554432 (custom)
2019-10-02 17:52:32,838 [pool-27-thread-1] INFO  server.RaftServerConfigKeys (ConfUtils.java:logGet(43)) - raft.server.log.queue.byte-limit = 2147483647 (custom)
2019-10-02 17:52:32,838 [pool-87-thread-1] INFO  server.RaftServerConfigKeys (ConfUtils.java:logGet(43)) - raft.server.log.segment.cache.num.max = 2 (custom)
2019-10-02 17:52:32,839 [pool-27-thread-1] INFO  server.RaftServerConfigKeys (ConfUtils.java:logGet(43)) - raft.server.log.queue.element-limit = 1024 (custom)
2019-10-02 17:52:32,839 [pool-47-thread-1] INFO  server.RaftServerConfigKeys (ConfUtils.java:logGet(43)) - raft.server.log.segment.size.max = 1048576 (custom)
2019-10-02 17:52:32,839 [pool-27-thread-1] INFO  server.RaftServerConfigKeys (ConfUtils.java:logGet(43)) - raft.server.log.segment.size.max = 1048576 (custom)
2019-10-02 17:52:32,839 [pool-87-thread-1] INFO  segmented.SegmentedRaftLogWorker (SegmentedRaftLogWorker.java:<init>(173)) - new e7bd1734-ef6c-4cf8-b88c-8a1061e7af66@group-EAA08EF83084-SegmentedRaftLogWorker for RaftStorage:Storage Directory /workdir/hadoop-ozone/integration-test/target/test-dir/MiniOzoneClusterImpl-d02e41fa-f6e1-4cca-b896-e100a645b5cc/datanode-6/data/ratis/23c48059-096d-4b72-901b-eaa08ef83084
2019-10-02 17:52:32,839 [pool-27-thread-1] INFO  server.RaftServerConfigKeys (ConfUtils.java:logGet(43)) - raft.server.log.preallocated.size = 16384 (custom)
2019-10-02 17:52:32,839 [pool-47-thread-1] INFO  server.RaftServerConfigKeys (ConfUtils.java:logGet(43)) - raft.server.log.segment.cache.num.max = 2 (custom)
2019-10-02 17:52:32,839 [pool-27-thread-1] INFO  server.RaftServerConfigKeys (ConfUtils.java:logGet(43)) - raft.server.log.write.buffer.size = 33554432 (custom)
2019-10-02 17:52:32,839 [pool-27-thread-1] INFO  server.RaftServerConfigKeys (ConfUtils.java:logGet(43)) - raft.server.log.force.sync.num = 128 (default)
2019-10-02 17:52:32,839 [pool-87-thread-1] INFO  server.RaftServerConfigKeys (ConfUtils.java:logGet(43)) - raft.server.log.queue.byte-limit = 2147483647 (custom)
2019-10-02 17:52:32,840 [pool-27-thread-1] INFO  server.RaftServerConfigKeys (ConfUtils.java:logGet(43)) - raft.server.log.statemachine.data.sync = true (default)
2019-10-02 17:52:32,840 [pool-27-thread-1] INFO  server.RaftServerConfigKeys (ConfUtils.java:logGet(43)) - raft.server.log.statemachine.data.sync.timeout = 10s (default)
2019-10-02 17:52:32,839 [pool-47-thread-1] INFO  segmented.SegmentedRaftLogWorker (SegmentedRaftLogWorker.java:<init>(173)) - new c6bdf12a-094f-42bc-87c0-f082ef291ed8@group-EAA08EF83084-SegmentedRaftLogWorker for RaftStorage:Storage Directory /workdir/hadoop-ozone/integration-test/target/test-dir/MiniOzoneClusterImpl-d02e41fa-f6e1-4cca-b896-e100a645b5cc/datanode-2/data/ratis/23c48059-096d-4b72-901b-eaa08ef83084
2019-10-02 17:52:32,840 [pool-27-thread-1] INFO  server.RaftServerConfigKeys (ConfUtils.java:logGet(43)) - raft.server.log.statemachine.data.sync.timeout.retry = -1 (default)
2019-10-02 17:52:32,840 [pool-87-thread-1] INFO  server.RaftServerConfigKeys (ConfUtils.java:logGet(43)) - raft.server.log.queue.element-limit = 1024 (custom)
2019-10-02 17:52:32,840 [pool-27-thread-1] INFO  server.RaftServerConfigKeys (ConfUtils.java:logGet(43)) - raft.server.log.statemachine.data.caching.enabled = true (custom)
2019-10-02 17:52:32,840 [pool-47-thread-1] INFO  server.RaftServerConfigKeys (ConfUtils.java:logGet(43)) - raft.server.log.queue.byte-limit = 2147483647 (custom)
2019-10-02 17:52:32,840 [pool-87-thread-1] INFO  server.RaftServerConfigKeys (ConfUtils.java:logGet(43)) - raft.server.log.segment.size.max = 1048576 (custom)
2019-10-02 17:52:32,840 [pool-27-thread-1] INFO  segmented.SegmentedRaftLogWorker (SegmentedRaftLogWorker.java:lambda$new$0(128)) - 49c112d4-02f4-49c2-90bf-c7b46ec7b63a@group-EAA08EF83084-SegmentedRaftLogWorker: flushIndex: setUnconditionally 0 -> -1
2019-10-02 17:52:32,840 [pool-47-thread-1] INFO  server.RaftServerConfigKeys (ConfUtils.java:logGet(43)) - raft.server.log.queue.element-limit = 1024 (custom)
2019-10-02 17:52:32,841 [pool-87-thread-1] INFO  server.RaftServerConfigKeys (ConfUtils.java:logGet(43)) - raft.server.log.preallocated.size = 16384 (custom)
2019-10-02 17:52:32,841 [pool-47-thread-1] INFO  server.RaftServerConfigKeys (ConfUtils.java:logGet(43)) - raft.server.log.segment.size.max = 1048576 (custom)
2019-10-02 17:52:32,841 [pool-87-thread-1] INFO  server.RaftServerConfigKeys (ConfUtils.java:logGet(43)) - raft.server.log.write.buffer.size = 33554432 (custom)
2019-10-02 17:52:32,841 [pool-27-thread-1] INFO  server.RaftServerConfigKeys (ConfUtils.java:logGet(43)) - raft.server.snapshot.auto.trigger.enabled = true (custom)
2019-10-02 17:52:32,841 [pool-87-thread-1] INFO  server.RaftServerConfigKeys (ConfUtils.java:logGet(43)) - raft.server.log.force.sync.num = 128 (default)
2019-10-02 17:52:32,841 [pool-47-thread-1] INFO  server.RaftServerConfigKeys (ConfUtils.java:logGet(43)) - raft.server.log.preallocated.size = 16384 (custom)
2019-10-02 17:52:32,841 [pool-87-thread-1] INFO  server.RaftServerConfigKeys (ConfUtils.java:logGet(43)) - raft.server.log.statemachine.data.sync = true (default)
2019-10-02 17:52:32,841 [pool-27-thread-1] INFO  server.RaftServerConfigKeys (ConfUtils.java:logGet(43)) - raft.server.snapshot.auto.trigger.threshold = 10000 (custom)
2019-10-02 17:52:32,842 [pool-87-thread-1] INFO  server.RaftServerConfigKeys (ConfUtils.java:logGet(43)) - raft.server.log.statemachine.data.sync.timeout = 10s (default)
2019-10-02 17:52:32,842 [pool-47-thread-1] INFO  server.RaftServerConfigKeys (ConfUtils.java:logGet(43)) - raft.server.log.write.buffer.size = 33554432 (custom)
2019-10-02 17:52:32,842 [pool-87-thread-1] INFO  server.RaftServerConfigKeys (ConfUtils.java:logGet(43)) - raft.server.log.statemachine.data.sync.timeout.retry = -1 (default)
2019-10-02 17:52:32,842 [pool-27-thread-1] INFO  server.RaftServerConfigKeys (ConfUtils.java:logGet(43)) - raft.server.snapshot.retention.file.num = 5 (custom)
2019-10-02 17:52:32,842 [pool-87-thread-1] INFO  server.RaftServerConfigKeys (ConfUtils.java:logGet(43)) - raft.server.log.statemachine.data.caching.enabled = true (custom)
2019-10-02 17:52:32,842 [pool-47-thread-1] INFO  server.RaftServerConfigKeys (ConfUtils.java:logGet(43)) - raft.server.log.force.sync.num = 128 (default)
2019-10-02 17:52:32,842 [pool-87-thread-1] INFO  segmented.SegmentedRaftLogWorker (SegmentedRaftLogWorker.java:lambda$new$0(128)) - e7bd1734-ef6c-4cf8-b88c-8a1061e7af66@group-EAA08EF83084-SegmentedRaftLogWorker: flushIndex: setUnconditionally 0 -> -1
2019-10-02 17:52:32,842 [pool-27-thread-1] INFO  server.RaftServerConfigKeys (ConfUtils.java:logGet(43)) - raft.server.retrycache.expirytime = 600000ms (custom)
2019-10-02 17:52:32,843 [pool-47-thread-1] INFO  server.RaftServerConfigKeys (ConfUtils.java:logGet(43)) - raft.server.log.statemachine.data.sync = true (default)
2019-10-02 17:52:32,843 [pool-87-thread-1] INFO  server.RaftServerConfigKeys (ConfUtils.java:logGet(43)) - raft.server.snapshot.auto.trigger.enabled = true (custom)
2019-10-02 17:52:32,843 [pool-47-thread-1] INFO  server.RaftServerConfigKeys (ConfUtils.java:logGet(43)) - raft.server.log.statemachine.data.sync.timeout = 10s (default)
2019-10-02 17:52:32,843 [pool-87-thread-1] INFO  server.RaftServerConfigKeys (ConfUtils.java:logGet(43)) - raft.server.snapshot.auto.trigger.threshold = 10000 (custom)
2019-10-02 17:52:32,843 [pool-47-thread-1] INFO  server.RaftServerConfigKeys (ConfUtils.java:logGet(43)) - raft.server.log.statemachine.data.sync.timeout.retry = -1 (default)
2019-10-02 17:52:32,843 [pool-87-thread-1] INFO  server.RaftServerConfigKeys (ConfUtils.java:logGet(43)) - raft.server.snapshot.retention.file.num = 5 (custom)
2019-10-02 17:52:32,843 [pool-47-thread-1] INFO  server.RaftServerConfigKeys (ConfUtils.java:logGet(43)) - raft.server.log.statemachine.data.caching.enabled = true (custom)
2019-10-02 17:52:32,844 [pool-87-thread-1] INFO  server.RaftServerConfigKeys (ConfUtils.java:logGet(43)) - raft.server.retrycache.expirytime = 600000ms (custom)
2019-10-02 17:52:32,844 [pool-47-thread-1] INFO  segmented.SegmentedRaftLogWorker (SegmentedRaftLogWorker.java:lambda$new$0(128)) - c6bdf12a-094f-42bc-87c0-f082ef291ed8@group-EAA08EF83084-SegmentedRaftLogWorker: flushIndex: setUnconditionally 0 -> -1
2019-10-02 17:52:32,844 [pool-47-thread-1] INFO  server.RaftServerConfigKeys (ConfUtils.java:logGet(43)) - raft.server.snapshot.auto.trigger.enabled = true (custom)
2019-10-02 17:52:32,844 [pool-47-thread-1] INFO  server.RaftServerConfigKeys (ConfUtils.java:logGet(43)) - raft.server.snapshot.auto.trigger.threshold = 10000 (custom)
2019-10-02 17:52:32,844 [pool-47-thread-1] INFO  server.RaftServerConfigKeys (ConfUtils.java:logGet(43)) - raft.server.snapshot.retention.file.num = 5 (custom)
2019-10-02 17:52:32,844 [pool-47-thread-1] INFO  server.RaftServerConfigKeys (ConfUtils.java:logGet(43)) - raft.server.retrycache.expirytime = 600000ms (custom)
2019-10-02 17:52:32,845 [pool-27-thread-1] INFO  impl.RaftServerImpl (RaftServerImpl.java:start(181)) - 49c112d4-02f4-49c2-90bf-c7b46ec7b63a@group-EAA08EF83084: start as a follower, conf=-1: [c6bdf12a-094f-42bc-87c0-f082ef291ed8:192.168.151.72:33846, e7bd1734-ef6c-4cf8-b88c-8a1061e7af66:192.168.151.72:41308, 49c112d4-02f4-49c2-90bf-c7b46ec7b63a:192.168.151.72:42976], old=null
2019-10-02 17:52:32,845 [pool-27-thread-1] INFO  impl.RaftServerImpl (RaftServerImpl.java:setRole(170)) - 49c112d4-02f4-49c2-90bf-c7b46ec7b63a@group-EAA08EF83084: changes role from      null to FOLLOWER at term 0 for startAsFollower
2019-10-02 17:52:32,845 [pool-27-thread-1] INFO  impl.RoleInfo (RoleInfo.java:updateAndGet(143)) - 49c112d4-02f4-49c2-90bf-c7b46ec7b63a: start FollowerState
2019-10-02 17:52:32,852 [pool-27-thread-1] INFO  util.JmxRegister (JmxRegister.java:tryRegister(44)) - Successfully registered JMX Bean with object name Ratis:service=RaftServer,group=group-EAA08EF83084,id=49c112d4-02f4-49c2-90bf-c7b46ec7b63a
2019-10-02 17:52:32,853 [pool-87-thread-1] INFO  impl.RaftServerImpl (RaftServerImpl.java:start(181)) - e7bd1734-ef6c-4cf8-b88c-8a1061e7af66@group-EAA08EF83084: start as a follower, conf=-1: [c6bdf12a-094f-42bc-87c0-f082ef291ed8:192.168.151.72:33846, e7bd1734-ef6c-4cf8-b88c-8a1061e7af66:192.168.151.72:41308, 49c112d4-02f4-49c2-90bf-c7b46ec7b63a:192.168.151.72:42976], old=null
2019-10-02 17:52:32,853 [pool-87-thread-1] INFO  impl.RaftServerImpl (RaftServerImpl.java:setRole(170)) - e7bd1734-ef6c-4cf8-b88c-8a1061e7af66@group-EAA08EF83084: changes role from      null to FOLLOWER at term 0 for startAsFollower
2019-10-02 17:52:32,853 [pool-87-thread-1] INFO  impl.RoleInfo (RoleInfo.java:updateAndGet(143)) - e7bd1734-ef6c-4cf8-b88c-8a1061e7af66: start FollowerState
2019-10-02 17:52:32,854 [pool-87-thread-1] INFO  util.JmxRegister (JmxRegister.java:tryRegister(44)) - Successfully registered JMX Bean with object name Ratis:service=RaftServer,group=group-EAA08EF83084,id=e7bd1734-ef6c-4cf8-b88c-8a1061e7af66
2019-10-02 17:52:32,854 [pool-47-thread-1] INFO  impl.RaftServerImpl (RaftServerImpl.java:start(181)) - c6bdf12a-094f-42bc-87c0-f082ef291ed8@group-EAA08EF83084: start as a follower, conf=-1: [c6bdf12a-094f-42bc-87c0-f082ef291ed8:192.168.151.72:33846, e7bd1734-ef6c-4cf8-b88c-8a1061e7af66:192.168.151.72:41308, 49c112d4-02f4-49c2-90bf-c7b46ec7b63a:192.168.151.72:42976], old=null
2019-10-02 17:52:32,854 [pool-47-thread-1] INFO  impl.RaftServerImpl (RaftServerImpl.java:setRole(170)) - c6bdf12a-094f-42bc-87c0-f082ef291ed8@group-EAA08EF83084: changes role from      null to FOLLOWER at term 0 for startAsFollower
2019-10-02 17:52:32,855 [pool-47-thread-1] INFO  impl.RoleInfo (RoleInfo.java:updateAndGet(143)) - c6bdf12a-094f-42bc-87c0-f082ef291ed8: start FollowerState
2019-10-02 17:52:32,855 [pool-47-thread-1] INFO  util.JmxRegister (JmxRegister.java:tryRegister(44)) - Successfully registered JMX Bean with object name Ratis:service=RaftServer,group=group-EAA08EF83084,id=c6bdf12a-094f-42bc-87c0-f082ef291ed8
2019-10-02 17:52:32,864 [RatisPipelineUtilsThread] INFO  pipeline.PipelineStateManager (PipelineStateManager.java:addPipeline(56)) - Created pipeline Pipeline[ Id: 23c48059-096d-4b72-901b-eaa08ef83084, Nodes: e7bd1734-ef6c-4cf8-b88c-8a1061e7af66{ip: 192.168.151.72, host: pr-trunk-fgz7f-2353921243, networkLocation: /default-rack, certSerialId: null}49c112d4-02f4-49c2-90bf-c7b46ec7b63a{ip: 192.168.151.72, host: pr-trunk-fgz7f-2353921243, networkLocation: /default-rack, certSerialId: null}c6bdf12a-094f-42bc-87c0-f082ef291ed8{ip: 192.168.151.72, host: pr-trunk-fgz7f-2353921243, networkLocation: /default-rack, certSerialId: null}, Type:RATIS, Factor:THREE, State:OPEN]
2019-10-02 17:52:33,794 [main] WARN  io.KeyOutputStream (KeyOutputStream.java:handleException(274)) - Encountered exception java.io.IOException: Unexpected Storage Container Exception: java.util.concurrent.CompletionException: java.util.concurrent.CompletionException: org.apache.ratis.protocol.GroupMismatchException: 49c112d4-02f4-49c2-90bf-c7b46ec7b63a: group-A7BE29CAD5B0 not found. on the pipeline Pipeline[ Id: 9ac702f0-c9ff-4b0c-b15a-a7be29cad5b0, Nodes: e7bd1734-ef6c-4cf8-b88c-8a1061e7af66{ip: 192.168.151.72, host: pr-trunk-fgz7f-2353921243, networkLocation: /default-rack, certSerialId: null}49c112d4-02f4-49c2-90bf-c7b46ec7b63a{ip: 192.168.151.72, host: pr-trunk-fgz7f-2353921243, networkLocation: /default-rack, certSerialId: null}c6bdf12a-094f-42bc-87c0-f082ef291ed8{ip: 192.168.151.72, host: pr-trunk-fgz7f-2353921243, networkLocation: /default-rack, certSerialId: null}, Type:RATIS, Factor:THREE, State:OPEN]. The last committed block length is 0, uncommitted data length is 400 retry count 2
2019-10-02 17:52:37,949 [Thread-928] INFO  impl.FollowerState (FollowerState.java:run(108)) - e7bd1734-ef6c-4cf8-b88c-8a1061e7af66@group-EAA08EF83084-FollowerState: change to CANDIDATE, lastRpcTime:5095ms, electionTimeout:5095ms
2019-10-02 17:52:37,952 [Thread-928] INFO  impl.RoleInfo (RoleInfo.java:shutdownFollowerState(121)) - e7bd1734-ef6c-4cf8-b88c-8a1061e7af66: shutdown FollowerState
2019-10-02 17:52:37,952 [Thread-928] INFO  impl.RaftServerImpl (RaftServerImpl.java:setRole(170)) - e7bd1734-ef6c-4cf8-b88c-8a1061e7af66@group-EAA08EF83084: changes role from  FOLLOWER to CANDIDATE at term 0 for changeToCandidate
2019-10-02 17:52:37,952 [Thread-928] INFO  impl.RoleInfo (RoleInfo.java:updateAndGet(143)) - e7bd1734-ef6c-4cf8-b88c-8a1061e7af66: start LeaderElection
2019-10-02 17:52:37,969 [Thread-927] INFO  impl.FollowerState (FollowerState.java:run(108)) - 49c112d4-02f4-49c2-90bf-c7b46ec7b63a@group-EAA08EF83084-FollowerState: change to CANDIDATE, lastRpcTime:5123ms, electionTimeout:5123ms
2019-10-02 17:52:37,971 [Thread-927] INFO  impl.RoleInfo (RoleInfo.java:shutdownFollowerState(121)) - 49c112d4-02f4-49c2-90bf-c7b46ec7b63a: shutdown FollowerState
2019-10-02 17:52:37,971 [Thread-929] INFO  impl.FollowerState (FollowerState.java:run(108)) - c6bdf12a-094f-42bc-87c0-f082ef291ed8@group-EAA08EF83084-FollowerState: change to CANDIDATE, lastRpcTime:5116ms, electionTimeout:5116ms
2019-10-02 17:52:37,971 [Thread-927] INFO  impl.RaftServerImpl (RaftServerImpl.java:setRole(170)) - 49c112d4-02f4-49c2-90bf-c7b46ec7b63a@group-EAA08EF83084: changes role from  FOLLOWER to CANDIDATE at term 0 for changeToCandidate
2019-10-02 17:52:37,971 [Thread-929] INFO  impl.RoleInfo (RoleInfo.java:shutdownFollowerState(121)) - c6bdf12a-094f-42bc-87c0-f082ef291ed8: shutdown FollowerState
2019-10-02 17:52:37,971 [Thread-927] INFO  impl.RoleInfo (RoleInfo.java:updateAndGet(143)) - 49c112d4-02f4-49c2-90bf-c7b46ec7b63a: start LeaderElection
2019-10-02 17:52:37,971 [Thread-929] INFO  impl.RaftServerImpl (RaftServerImpl.java:setRole(170)) - c6bdf12a-094f-42bc-87c0-f082ef291ed8@group-EAA08EF83084: changes role from  FOLLOWER to CANDIDATE at term 0 for changeToCandidate
2019-10-02 17:52:37,972 [Thread-929] INFO  impl.RoleInfo (RoleInfo.java:updateAndGet(143)) - c6bdf12a-094f-42bc-87c0-f082ef291ed8: start LeaderElection
2019-10-02 17:52:37,976 [e7bd1734-ef6c-4cf8-b88c-8a1061e7af66@group-EAA08EF83084-LeaderElection13] INFO  impl.LeaderElection (LeaderElection.java:askForVotes(178)) - e7bd1734-ef6c-4cf8-b88c-8a1061e7af66@group-EAA08EF83084-LeaderElection13: begin an election at term 1 for -1: [c6bdf12a-094f-42bc-87c0-f082ef291ed8:192.168.151.72:33846, e7bd1734-ef6c-4cf8-b88c-8a1061e7af66:192.168.151.72:41308, 49c112d4-02f4-49c2-90bf-c7b46ec7b63a:192.168.151.72:42976], old=null
2019-10-02 17:52:37,993 [c6bdf12a-094f-42bc-87c0-f082ef291ed8@group-EAA08EF83084-LeaderElection15] INFO  impl.LeaderElection (LeaderElection.java:askForVotes(178)) - c6bdf12a-094f-42bc-87c0-f082ef291ed8@group-EAA08EF83084-LeaderElection15: begin an election at term 1 for -1: [c6bdf12a-094f-42bc-87c0-f082ef291ed8:192.168.151.72:33846, e7bd1734-ef6c-4cf8-b88c-8a1061e7af66:192.168.151.72:41308, 49c112d4-02f4-49c2-90bf-c7b46ec7b63a:192.168.151.72:42976], old=null
2019-10-02 17:52:37,993 [49c112d4-02f4-49c2-90bf-c7b46ec7b63a@group-EAA08EF83084-LeaderElection14] INFO  impl.LeaderElection (LeaderElection.java:askForVotes(178)) - 49c112d4-02f4-49c2-90bf-c7b46ec7b63a@group-EAA08EF83084-LeaderElection14: begin an election at term 1 for -1: [c6bdf12a-094f-42bc-87c0-f082ef291ed8:192.168.151.72:33846, e7bd1734-ef6c-4cf8-b88c-8a1061e7af66:192.168.151.72:41308, 49c112d4-02f4-49c2-90bf-c7b46ec7b63a:192.168.151.72:42976], old=null
2019-10-02 17:52:37,994 [e7bd1734-ef6c-4cf8-b88c-8a1061e7af66@group-EAA08EF83084-LeaderElection13] INFO  impl.LeaderElection (LeaderElection.java:logAndReturn(56)) - e7bd1734-ef6c-4cf8-b88c-8a1061e7af66@group-EAA08EF83084-LeaderElection13: Election REJECTED; received 2 response(s) [e7bd1734-ef6c-4cf8-b88c-8a1061e7af66<-c6bdf12a-094f-42bc-87c0-f082ef291ed8#0:FAIL-t1, e7bd1734-ef6c-4cf8-b88c-8a1061e7af66<-49c112d4-02f4-49c2-90bf-c7b46ec7b63a#0:FAIL-t1] and 0 exception(s); e7bd1734-ef6c-4cf8-b88c-8a1061e7af66@group-EAA08EF83084:t1, leader=null, voted=e7bd1734-ef6c-4cf8-b88c-8a1061e7af66, raftlog=e7bd1734-ef6c-4cf8-b88c-8a1061e7af66@group-EAA08EF83084-SegmentedRaftLog:OPENED:c-1,f-1,i0, conf=-1: [c6bdf12a-094f-42bc-87c0-f082ef291ed8:192.168.151.72:33846, e7bd1734-ef6c-4cf8-b88c-8a1061e7af66:192.168.151.72:41308, 49c112d4-02f4-49c2-90bf-c7b46ec7b63a:192.168.151.72:42976], old=null
2019-10-02 17:52:37,994 [e7bd1734-ef6c-4cf8-b88c-8a1061e7af66@group-EAA08EF83084-LeaderElection13] INFO  impl.RaftServerImpl (RaftServerImpl.java:setRole(170)) - e7bd1734-ef6c-4cf8-b88c-8a1061e7af66@group-EAA08EF83084: changes role from CANDIDATE to FOLLOWER at term 1 for DISCOVERED_A_NEW_TERM
2019-10-02 17:52:37,997 [e7bd1734-ef6c-4cf8-b88c-8a1061e7af66@group-EAA08EF83084-LeaderElection13] INFO  impl.RoleInfo (RoleInfo.java:shutdownLeaderElection(134)) - e7bd1734-ef6c-4cf8-b88c-8a1061e7af66: shutdown LeaderElection
2019-10-02 17:52:38,005 [e7bd1734-ef6c-4cf8-b88c-8a1061e7af66@group-EAA08EF83084-LeaderElection13] INFO  impl.RoleInfo (RoleInfo.java:updateAndGet(143)) - e7bd1734-ef6c-4cf8-b88c-8a1061e7af66: start FollowerState
2019-10-02 17:52:38,017 [c6bdf12a-094f-42bc-87c0-f082ef291ed8@group-EAA08EF83084-LeaderElection15] INFO  impl.LeaderElection (LeaderElection.java:logAndReturn(56)) - c6bdf12a-094f-42bc-87c0-f082ef291ed8@group-EAA08EF83084-LeaderElection15: Election REJECTED; received 2 response(s) [c6bdf12a-094f-42bc-87c0-f082ef291ed8<-e7bd1734-ef6c-4cf8-b88c-8a1061e7af66#0:FAIL-t1, c6bdf12a-094f-42bc-87c0-f082ef291ed8<-49c112d4-02f4-49c2-90bf-c7b46ec7b63a#0:FAIL-t1] and 0 exception(s); c6bdf12a-094f-42bc-87c0-f082ef291ed8@group-EAA08EF83084:t1, leader=null, voted=c6bdf12a-094f-42bc-87c0-f082ef291ed8, raftlog=c6bdf12a-094f-42bc-87c0-f082ef291ed8@group-EAA08EF83084-SegmentedRaftLog:OPENED:c-1,f-1,i0, conf=-1: [c6bdf12a-094f-42bc-87c0-f082ef291ed8:192.168.151.72:33846, e7bd1734-ef6c-4cf8-b88c-8a1061e7af66:192.168.151.72:41308, 49c112d4-02f4-49c2-90bf-c7b46ec7b63a:192.168.151.72:42976], old=null
2019-10-02 17:52:38,019 [c6bdf12a-094f-42bc-87c0-f082ef291ed8@group-EAA08EF83084-LeaderElection15] INFO  impl.RaftServerImpl (RaftServerImpl.java:setRole(170)) - c6bdf12a-094f-42bc-87c0-f082ef291ed8@group-EAA08EF83084: changes role from CANDIDATE to FOLLOWER at term 1 for DISCOVERED_A_NEW_TERM
2019-10-02 17:52:38,019 [49c112d4-02f4-49c2-90bf-c7b46ec7b63a@group-EAA08EF83084-LeaderElection14] INFO  impl.LeaderElection (LeaderElection.java:logAndReturn(56)) - 49c112d4-02f4-49c2-90bf-c7b46ec7b63a@group-EAA08EF83084-LeaderElection14: Election REJECTED; received 2 response(s) [49c112d4-02f4-49c2-90bf-c7b46ec7b63a<-c6bdf12a-094f-42bc-87c0-f082ef291ed8#0:FAIL-t1, 49c112d4-02f4-49c2-90bf-c7b46ec7b63a<-e7bd1734-ef6c-4cf8-b88c-8a1061e7af66#0:FAIL-t1] and 0 exception(s); 49c112d4-02f4-49c2-90bf-c7b46ec7b63a@group-EAA08EF83084:t1, leader=null, voted=49c112d4-02f4-49c2-90bf-c7b46ec7b63a, raftlog=49c112d4-02f4-49c2-90bf-c7b46ec7b63a@group-EAA08EF83084-SegmentedRaftLog:OPENED:c-1,f-1,i0, conf=-1: [c6bdf12a-094f-42bc-87c0-f082ef291ed8:192.168.151.72:33846, e7bd1734-ef6c-4cf8-b88c-8a1061e7af66:192.168.151.72:41308, 49c112d4-02f4-49c2-90bf-c7b46ec7b63a:192.168.151.72:42976], old=null
2019-10-02 17:52:38,019 [c6bdf12a-094f-42bc-87c0-f082ef291ed8@group-EAA08EF83084-LeaderElection15] INFO  impl.RoleInfo (RoleInfo.java:shutdownLeaderElection(134)) - c6bdf12a-094f-42bc-87c0-f082ef291ed8: shutdown LeaderElection
2019-10-02 17:52:38,021 [49c112d4-02f4-49c2-90bf-c7b46ec7b63a@group-EAA08EF83084-LeaderElection14] INFO  impl.RaftServerImpl (RaftServerImpl.java:setRole(170)) - 49c112d4-02f4-49c2-90bf-c7b46ec7b63a@group-EAA08EF83084: changes role from CANDIDATE to FOLLOWER at term 1 for DISCOVERED_A_NEW_TERM
2019-10-02 17:52:38,023 [49c112d4-02f4-49c2-90bf-c7b46ec7b63a@group-EAA08EF83084-LeaderElection14] INFO  impl.RoleInfo (RoleInfo.java:shutdownLeaderElection(134)) - 49c112d4-02f4-49c2-90bf-c7b46ec7b63a: shutdown LeaderElection
2019-10-02 17:52:38,023 [c6bdf12a-094f-42bc-87c0-f082ef291ed8@group-EAA08EF83084-LeaderElection15] INFO  impl.RoleInfo (RoleInfo.java:updateAndGet(143)) - c6bdf12a-094f-42bc-87c0-f082ef291ed8: start FollowerState
2019-10-02 17:52:38,023 [49c112d4-02f4-49c2-90bf-c7b46ec7b63a@group-EAA08EF83084-LeaderElection14] INFO  impl.RoleInfo (RoleInfo.java:updateAndGet(143)) - 49c112d4-02f4-49c2-90bf-c7b46ec7b63a: start FollowerState
2019-10-02 17:52:43,037 [Thread-959] INFO  impl.FollowerState (FollowerState.java:run(108)) - c6bdf12a-094f-42bc-87c0-f082ef291ed8@group-EAA08EF83084-FollowerState: change to CANDIDATE, lastRpcTime:5013ms, electionTimeout:5013ms
2019-10-02 17:52:43,037 [Thread-959] INFO  impl.RoleInfo (RoleInfo.java:shutdownFollowerState(121)) - c6bdf12a-094f-42bc-87c0-f082ef291ed8: shutdown FollowerState
2019-10-02 17:52:43,038 [Thread-959] INFO  impl.RaftServerImpl (RaftServerImpl.java:setRole(170)) - c6bdf12a-094f-42bc-87c0-f082ef291ed8@group-EAA08EF83084: changes role from  FOLLOWER to CANDIDATE at term 1 for changeToCandidate
2019-10-02 17:52:43,038 [Thread-959] INFO  impl.RoleInfo (RoleInfo.java:updateAndGet(143)) - c6bdf12a-094f-42bc-87c0-f082ef291ed8: start LeaderElection
2019-10-02 17:52:43,057 [c6bdf12a-094f-42bc-87c0-f082ef291ed8@group-EAA08EF83084-LeaderElection16] INFO  impl.LeaderElection (LeaderElection.java:askForVotes(178)) - c6bdf12a-094f-42bc-87c0-f082ef291ed8@group-EAA08EF83084-LeaderElection16: begin an election at term 2 for -1: [c6bdf12a-094f-42bc-87c0-f082ef291ed8:192.168.151.72:33846, e7bd1734-ef6c-4cf8-b88c-8a1061e7af66:192.168.151.72:41308, 49c112d4-02f4-49c2-90bf-c7b46ec7b63a:192.168.151.72:42976], old=null
2019-10-02 17:52:43,062 [grpc-default-executor-3] INFO  impl.RaftServerImpl (RaftServerImpl.java:setRole(170)) - e7bd1734-ef6c-4cf8-b88c-8a1061e7af66@group-EAA08EF83084: changes role from  FOLLOWER to FOLLOWER at term 2 for recognizeCandidate:c6bdf12a-094f-42bc-87c0-f082ef291ed8
2019-10-02 17:52:43,062 [grpc-default-executor-8] INFO  impl.RaftServerImpl (RaftServerImpl.java:setRole(170)) - 49c112d4-02f4-49c2-90bf-c7b46ec7b63a@group-EAA08EF83084: changes role from  FOLLOWER to FOLLOWER at term 2 for recognizeCandidate:c6bdf12a-094f-42bc-87c0-f082ef291ed8
2019-10-02 17:52:43,062 [grpc-default-executor-3] INFO  impl.RoleInfo (RoleInfo.java:shutdownFollowerState(121)) - e7bd1734-ef6c-4cf8-b88c-8a1061e7af66: shutdown FollowerState
2019-10-02 17:52:43,063 [grpc-default-executor-8] INFO  impl.RoleInfo (RoleInfo.java:shutdownFollowerState(121)) - 49c112d4-02f4-49c2-90bf-c7b46ec7b63a: shutdown FollowerState
2019-10-02 17:52:43,063 [Thread-958] INFO  impl.FollowerState (FollowerState.java:run(117)) - e7bd1734-ef6c-4cf8-b88c-8a1061e7af66@group-EAA08EF83084-FollowerState was interrupted: java.lang.InterruptedException: sleep interrupted
2019-10-02 17:52:43,063 [grpc-default-executor-3] INFO  impl.RoleInfo (RoleInfo.java:updateAndGet(143)) - e7bd1734-ef6c-4cf8-b88c-8a1061e7af66: start FollowerState
2019-10-02 17:52:43,063 [Thread-960] INFO  impl.FollowerState (FollowerState.java:run(117)) - 49c112d4-02f4-49c2-90bf-c7b46ec7b63a@group-EAA08EF83084-FollowerState was interrupted: java.lang.InterruptedException: sleep interrupted
2019-10-02 17:52:43,063 [grpc-default-executor-8] INFO  impl.RoleInfo (RoleInfo.java:updateAndGet(143)) - 49c112d4-02f4-49c2-90bf-c7b46ec7b63a: start FollowerState
2019-10-02 17:52:43,082 [c6bdf12a-094f-42bc-87c0-f082ef291ed8@group-EAA08EF83084-LeaderElection16] INFO  impl.LeaderElection (LeaderElection.java:logAndReturn(56)) - c6bdf12a-094f-42bc-87c0-f082ef291ed8@group-EAA08EF83084-LeaderElection16: Election PASSED; received 1 response(s) [c6bdf12a-094f-42bc-87c0-f082ef291ed8<-e7bd1734-ef6c-4cf8-b88c-8a1061e7af66#0:OK-t2] and 0 exception(s); c6bdf12a-094f-42bc-87c0-f082ef291ed8@group-EAA08EF83084:t2, leader=null, voted=c6bdf12a-094f-42bc-87c0-f082ef291ed8, raftlog=c6bdf12a-094f-42bc-87c0-f082ef291ed8@group-EAA08EF83084-SegmentedRaftLog:OPENED:c-1,f-1,i0, conf=-1: [c6bdf12a-094f-42bc-87c0-f082ef291ed8:192.168.151.72:33846, e7bd1734-ef6c-4cf8-b88c-8a1061e7af66:192.168.151.72:41308, 49c112d4-02f4-49c2-90bf-c7b46ec7b63a:192.168.151.72:42976], old=null
2019-10-02 17:52:43,082 [c6bdf12a-094f-42bc-87c0-f082ef291ed8@group-EAA08EF83084-LeaderElection16] INFO  impl.RoleInfo (RoleInfo.java:shutdownLeaderElection(134)) - c6bdf12a-094f-42bc-87c0-f082ef291ed8: shutdown LeaderElection
2019-10-02 17:52:43,082 [c6bdf12a-094f-42bc-87c0-f082ef291ed8@group-EAA08EF83084-LeaderElection16] INFO  impl.RaftServerImpl (RaftServerImpl.java:setRole(170)) - c6bdf12a-094f-42bc-87c0-f082ef291ed8@group-EAA08EF83084: changes role from CANDIDATE to LEADER at term 2 for changeToLeader
2019-10-02 17:52:43,083 [c6bdf12a-094f-42bc-87c0-f082ef291ed8@group-EAA08EF83084-LeaderElection16] INFO  impl.RaftServerImpl (ServerState.java:setLeader(255)) - c6bdf12a-094f-42bc-87c0-f082ef291ed8@group-EAA08EF83084: change Leader from null to c6bdf12a-094f-42bc-87c0-f082ef291ed8 at term 2 for becomeLeader, leader elected after 10245ms
2019-10-02 17:52:43,083 [c6bdf12a-094f-42bc-87c0-f082ef291ed8@group-EAA08EF83084-LeaderElection16] INFO  server.RaftServerConfigKeys (ConfUtils.java:logGet(43)) - raft.server.staging.catchup.gap = 1000 (default)
2019-10-02 17:52:43,083 [c6bdf12a-094f-42bc-87c0-f082ef291ed8@group-EAA08EF83084-LeaderElection16] INFO  server.RaftServerConfigKeys (ConfUtils.java:logGet(43)) - raft.server.rpc.sleep.time = 25ms (default)
2019-10-02 17:52:43,083 [c6bdf12a-094f-42bc-87c0-f082ef291ed8@group-EAA08EF83084-LeaderElection16] INFO  server.RaftServerConfigKeys (ConfUtils.java:logGet(43)) - raft.server.write.element-limit = 4096 (default)
2019-10-02 17:52:43,084 [c6bdf12a-094f-42bc-87c0-f082ef291ed8@group-EAA08EF83084-LeaderElection16] INFO  server.RaftServerConfigKeys (ConfUtils.java:logGet(43)) - raft.server.watch.timeout = 10s (default)
2019-10-02 17:52:43,084 [c6bdf12a-094f-42bc-87c0-f082ef291ed8@group-EAA08EF83084-LeaderElection16] INFO  server.RaftServerConfigKeys (ConfUtils.java:logGet(43)) - raft.server.watch.timeout.denomination = 1s (default)
2019-10-02 17:52:43,084 [c6bdf12a-094f-42bc-87c0-f082ef291ed8@group-EAA08EF83084-LeaderElection16] INFO  server.RaftServerConfigKeys (ConfUtils.java:logGet(43)) - raft.server.watch.element-limit = 65536 (default)
2019-10-02 17:52:43,088 [c6bdf12a-094f-42bc-87c0-f082ef291ed8@group-EAA08EF83084-LeaderElection16] INFO  server.RaftServerConfigKeys (ConfUtils.java:logGet(43)) - raft.server.log.appender.snapshot.chunk.size.max = 16MB (=16777216) (default)
2019-10-02 17:52:43,088 [c6bdf12a-094f-42bc-87c0-f082ef291ed8@group-EAA08EF83084-LeaderElection16] INFO  server.RaftServerConfigKeys (ConfUtils.java:logGet(43)) - raft.server.log.appender.buffer.byte-limit = 33554432 (custom)
2019-10-02 17:52:43,089 [c6bdf12a-094f-42bc-87c0-f082ef291ed8@group-EAA08EF83084-LeaderElection16] INFO  server.RaftServerConfigKeys (ConfUtils.java:logGet(43)) - raft.server.log.appender.buffer.element-limit = 1 (custom)
2019-10-02 17:52:43,089 [c6bdf12a-094f-42bc-87c0-f082ef291ed8@group-EAA08EF83084-LeaderElection16] INFO  grpc.GrpcConfigKeys$Server (ConfUtils.java:logGet(43)) - raft.grpc.server.leader.outstanding.appends.max = 128 (default)
2019-10-02 17:52:43,089 [c6bdf12a-094f-42bc-87c0-f082ef291ed8@group-EAA08EF83084-LeaderElection16] INFO  server.RaftServerConfigKeys (ConfUtils.java:logGet(43)) - raft.server.rpc.request.timeout = 3000ms (default)
2019-10-02 17:52:43,089 [c6bdf12a-094f-42bc-87c0-f082ef291ed8@group-EAA08EF83084-LeaderElection16] INFO  server.RaftServerConfigKeys (ConfUtils.java:logGet(43)) - raft.server.log.appender.install.snapshot.enabled = false (custom)
2019-10-02 17:52:43,090 [c6bdf12a-094f-42bc-87c0-f082ef291ed8@group-EAA08EF83084-LeaderElection16] INFO  server.RaftServerConfigKeys (ConfUtils.java:logGet(43)) - raft.server.log.appender.snapshot.chunk.size.max = 16MB (=16777216) (default)
2019-10-02 17:52:43,090 [c6bdf12a-094f-42bc-87c0-f082ef291ed8@group-EAA08EF83084-LeaderElection16] INFO  server.RaftServerConfigKeys (ConfUtils.java:logGet(43)) - raft.server.log.appender.buffer.byte-limit = 33554432 (custom)
2019-10-02 17:52:43,090 [c6bdf12a-094f-42bc-87c0-f082ef291ed8@group-EAA08EF83084-LeaderElection16] INFO  server.RaftServerConfigKeys (ConfUtils.java:logGet(43)) - raft.server.log.appender.buffer.element-limit = 1 (custom)
2019-10-02 17:52:43,090 [c6bdf12a-094f-42bc-87c0-f082ef291ed8@group-EAA08EF83084-LeaderElection16] INFO  grpc.GrpcConfigKeys$Server (ConfUtils.java:logGet(43)) - raft.grpc.server.leader.outstanding.appends.max = 128 (default)
2019-10-02 17:52:43,091 [c6bdf12a-094f-42bc-87c0-f082ef291ed8@group-EAA08EF83084-LeaderElection16] INFO  server.RaftServerConfigKeys (ConfUtils.java:logGet(43)) - raft.server.rpc.request.timeout = 3000ms (default)
2019-10-02 17:52:43,091 [c6bdf12a-094f-42bc-87c0-f082ef291ed8@group-EAA08EF83084-LeaderElection16] INFO  server.RaftServerConfigKeys (ConfUtils.java:logGet(43)) - raft.server.log.appender.install.snapshot.enabled = false (custom)
2019-10-02 17:52:43,091 [c6bdf12a-094f-42bc-87c0-f082ef291ed8@group-EAA08EF83084-LeaderElection16] INFO  impl.RoleInfo (RoleInfo.java:updateAndGet(143)) - c6bdf12a-094f-42bc-87c0-f082ef291ed8: start LeaderState
2019-10-02 17:52:43,092 [c6bdf12a-094f-42bc-87c0-f082ef291ed8@group-EAA08EF83084-LeaderElection16] INFO  segmented.SegmentedRaftLogWorker (SegmentedRaftLogWorker.java:startLogSegment(385)) - c6bdf12a-094f-42bc-87c0-f082ef291ed8@group-EAA08EF83084-SegmentedRaftLogWorker: Starting segment from index:0
2019-10-02 17:52:43,093 [c6bdf12a-094f-42bc-87c0-f082ef291ed8@group-EAA08EF83084-LeaderElection16] INFO  impl.RaftServerImpl (ServerState.java:setRaftConf(356)) - c6bdf12a-094f-42bc-87c0-f082ef291ed8@group-EAA08EF83084: set configuration 0: [c6bdf12a-094f-42bc-87c0-f082ef291ed8:192.168.151.72:33846, e7bd1734-ef6c-4cf8-b88c-8a1061e7af66:192.168.151.72:41308, 49c112d4-02f4-49c2-90bf-c7b46ec7b63a:192.168.151.72:42976], old=null at 0
2019-10-02 17:52:43,094 [grpc-default-executor-3] INFO  impl.RaftServerImpl (ServerState.java:setLeader(255)) - e7bd1734-ef6c-4cf8-b88c-8a1061e7af66@group-EAA08EF83084: change Leader from null to c6bdf12a-094f-42bc-87c0-f082ef291ed8 at term 2 for appendEntries, leader elected after 10257ms
2019-10-02 17:52:43,094 [grpc-default-executor-8] INFO  impl.RaftServerImpl (ServerState.java:setLeader(255)) - 49c112d4-02f4-49c2-90bf-c7b46ec7b63a@group-EAA08EF83084: change Leader from null to c6bdf12a-094f-42bc-87c0-f082ef291ed8 at term 2 for appendEntries, leader elected after 10257ms
2019-10-02 17:52:43,123 [grpc-default-executor-8] INFO  impl.RaftServerImpl (ServerState.java:setRaftConf(356)) - 49c112d4-02f4-49c2-90bf-c7b46ec7b63a@group-EAA08EF83084: set configuration 0: [c6bdf12a-094f-42bc-87c0-f082ef291ed8:192.168.151.72:33846, e7bd1734-ef6c-4cf8-b88c-8a1061e7af66:192.168.151.72:41308, 49c112d4-02f4-49c2-90bf-c7b46ec7b63a:192.168.151.72:42976], old=null at 0
2019-10-02 17:52:43,123 [grpc-default-executor-3] INFO  impl.RaftServerImpl (ServerState.java:setRaftConf(356)) - e7bd1734-ef6c-4cf8-b88c-8a1061e7af66@group-EAA08EF83084: set configuration 0: [c6bdf12a-094f-42bc-87c0-f082ef291ed8:192.168.151.72:33846, e7bd1734-ef6c-4cf8-b88c-8a1061e7af66:192.168.151.72:41308, 49c112d4-02f4-49c2-90bf-c7b46ec7b63a:192.168.151.72:42976], old=null at 0
2019-10-02 17:52:43,123 [grpc-default-executor-8] INFO  segmented.SegmentedRaftLogWorker (SegmentedRaftLogWorker.java:startLogSegment(385)) - 49c112d4-02f4-49c2-90bf-c7b46ec7b63a@group-EAA08EF83084-SegmentedRaftLogWorker: Starting segment from index:0
2019-10-02 17:52:43,123 [grpc-default-executor-3] INFO  segmented.SegmentedRaftLogWorker (SegmentedRaftLogWorker.java:startLogSegment(385)) - e7bd1734-ef6c-4cf8-b88c-8a1061e7af66@group-EAA08EF83084-SegmentedRaftLogWorker: Starting segment from index:0
2019-10-02 17:52:43,132 [c6bdf12a-094f-42bc-87c0-f082ef291ed8@group-EAA08EF83084-SegmentedRaftLogWorker] INFO  segmented.SegmentedRaftLogWorker (SegmentedRaftLogWorker.java:execute(574)) - c6bdf12a-094f-42bc-87c0-f082ef291ed8@group-EAA08EF83084-SegmentedRaftLogWorker: created new log segment /workdir/hadoop-ozone/integration-test/target/test-dir/MiniOzoneClusterImpl-d02e41fa-f6e1-4cca-b896-e100a645b5cc/datanode-2/data/ratis/23c48059-096d-4b72-901b-eaa08ef83084/current/log_inprogress_0
2019-10-02 17:52:43,167 [e7bd1734-ef6c-4cf8-b88c-8a1061e7af66@group-EAA08EF83084-SegmentedRaftLogWorker] INFO  segmented.SegmentedRaftLogWorker (SegmentedRaftLogWorker.java:execute(574)) - e7bd1734-ef6c-4cf8-b88c-8a1061e7af66@group-EAA08EF83084-SegmentedRaftLogWorker: created new log segment /workdir/hadoop-ozone/integration-test/target/test-dir/MiniOzoneClusterImpl-d02e41fa-f6e1-4cca-b896-e100a645b5cc/datanode-6/data/ratis/23c48059-096d-4b72-901b-eaa08ef83084/current/log_inprogress_0
2019-10-02 17:52:43,167 [49c112d4-02f4-49c2-90bf-c7b46ec7b63a@group-EAA08EF83084-SegmentedRaftLogWorker] INFO  segmented.SegmentedRaftLogWorker (SegmentedRaftLogWorker.java:execute(574)) - 49c112d4-02f4-49c2-90bf-c7b46ec7b63a@group-EAA08EF83084-SegmentedRaftLogWorker: created new log segment /workdir/hadoop-ozone/integration-test/target/test-dir/MiniOzoneClusterImpl-d02e41fa-f6e1-4cca-b896-e100a645b5cc/datanode-0/data/ratis/23c48059-096d-4b72-901b-eaa08ef83084/current/log_inprogress_0
2019-10-02 17:52:43,435 [pool-46-thread-5] ERROR impl.ChunkManagerImpl (ChunkUtils.java:writeData(89)) - data array does not match the length specified. DataLen: 100 Byte Array: 246
2019-10-02 17:52:43,436 [pool-46-thread-5] INFO  keyvalue.KeyValueHandler (ContainerUtils.java:logAndReturnError(146)) - Operation: WriteChunk : Trace ID: cbf2d99473bb043b:cbf2d99473bb043b:0:0 : Message: data array does not match the length specified. DataLen: 100 Byte Array: 246 : Result: INVALID_WRITE_SIZE
17:52:43.452 [pool-46-thread-5] ERROR DNAudit - user=null | ip=null | op=WRITE_CHUNK {blockData=conID: 4 locID: 102894059770347524 bcsId: 0} | ret=FAILURE
java.lang.Exception: data array does not match the length specified. DataLen: 100 Byte Array: 246
	at org.apache.hadoop.ozone.container.common.impl.HddsDispatcher.dispatchRequest(HddsDispatcher.java:330) ~[hadoop-hdds-container-service-0.5.0-SNAPSHOT.jar:?]
	at org.apache.hadoop.ozone.container.common.impl.HddsDispatcher.dispatch(HddsDispatcher.java:150) ~[hadoop-hdds-container-service-0.5.0-SNAPSHOT.jar:?]
	at org.apache.hadoop.ozone.container.common.transport.server.ratis.ContainerStateMachine.dispatchCommand(ContainerStateMachine.java:411) ~[hadoop-hdds-container-service-0.5.0-SNAPSHOT.jar:?]
	at org.apache.hadoop.ozone.container.common.transport.server.ratis.ContainerStateMachine.runCommand(ContainerStateMachine.java:419) ~[hadoop-hdds-container-service-0.5.0-SNAPSHOT.jar:?]
	at org.apache.hadoop.ozone.container.common.transport.server.ratis.ContainerStateMachine.lambda$handleWriteChunk$1(ContainerStateMachine.java:454) ~[hadoop-hdds-container-service-0.5.0-SNAPSHOT.jar:?]
	at java.util.concurrent.CompletableFuture$AsyncSupply.run(CompletableFuture.java:1590) [?:1.8.0_212]
	at java.util.concurrent.ThreadPoolExecutor.runWorker(ThreadPoolExecutor.java:1149) [?:1.8.0_212]
	at java.util.concurrent.ThreadPoolExecutor$Worker.run(ThreadPoolExecutor.java:624) [?:1.8.0_212]
	at java.lang.Thread.run(Thread.java:748) [?:1.8.0_212]
2019-10-02 17:52:43,453 [pool-46-thread-5] ERROR ratis.ContainerStateMachine (ContainerStateMachine.java:lambda$handleWriteChunk$2(474)) - group-EAA08EF83084: writeChunk writeStateMachineData failed: blockIdcontainerID: 4
localID: 102894059770347524
blockCommitSequenceId: 0
 logIndex 1 chunkName 102894059770347524_chunk_1 Error message: data array does not match the length specified. DataLen: 100 Byte Array: 246 Container Result: INVALID_WRITE_SIZE
2019-10-02 17:52:43,453 [EventQueue-IncrementalContainerReportForIncrementalContainerReportHandler] WARN  container.IncrementalContainerReportHandler (AbstractContainerReportHandler.java:updateContainerState(143)) - Container #4 is in OPEN state, but the datanode c6bdf12a-094f-42bc-87c0-f082ef291ed8{ip: 192.168.151.72, host: pr-trunk-fgz7f-2353921243, networkLocation: /default-rack, certSerialId: null} reports an UNHEALTHY replica.
2019-10-02 17:52:43,453 [EventQueue-CloseContainerForCloseContainerEventHandler] INFO  container.CloseContainerEventHandler (CloseContainerEventHandler.java:onMessage(61)) - Close container Event triggered for container : #4
2019-10-02 17:52:43,453 [c6bdf12a-094f-42bc-87c0-f082ef291ed8@group-EAA08EF83084-SegmentedRaftLogWorker] ERROR ratis.XceiverServerRatis (XceiverServerRatis.java:triggerPipelineClose(581)) - pipeline Action CLOSE  on pipeline PipelineID=23c48059-096d-4b72-901b-eaa08ef83084.Reason : data array does not match the length specified. DataLen: 100 Byte Array: 246
2019-10-02 17:52:43,454 [c6bdf12a-094f-42bc-87c0-f082ef291ed8@group-EAA08EF83084-SegmentedRaftLogWorker] ERROR ratis.XceiverServerRatis (XceiverServerRatis.java:triggerPipelineClose(581)) - pipeline Action CLOSE  on pipeline PipelineID=23c48059-096d-4b72-901b-eaa08ef83084.Reason : Log already failed at index 1 for task WriteLog:1: (t:2, i:1), STATEMACHINELOGENTRY, client-3EF9099EEB30, cid=55
2019-10-02 17:52:43,454 [EventQueue-PipelineActionsForPipelineActionHandler] ERROR pipeline.PipelineActionHandler (PipelineActionHandler.java:onMessage(60)) - Received pipeline action CLOSE for Pipeline[ Id: 23c48059-096d-4b72-901b-eaa08ef83084, Nodes: e7bd1734-ef6c-4cf8-b88c-8a1061e7af66{ip: 192.168.151.72, host: pr-trunk-fgz7f-2353921243, networkLocation: /default-rack, certSerialId: null}49c112d4-02f4-49c2-90bf-c7b46ec7b63a{ip: 192.168.151.72, host: pr-trunk-fgz7f-2353921243, networkLocation: /default-rack, certSerialId: null}c6bdf12a-094f-42bc-87c0-f082ef291ed8{ip: 192.168.151.72, host: pr-trunk-fgz7f-2353921243, networkLocation: /default-rack, certSerialId: null}, Type:RATIS, Factor:THREE, State:OPEN] from datanode c6bdf12a-094f-42bc-87c0-f082ef291ed8{ip: 192.168.151.72, host: pr-trunk-fgz7f-2353921243, networkLocation: /default-rack, certSerialId: null}. Reason : data array does not match the length specified. DataLen: 100 Byte Array: 246
2019-10-02 17:52:43,454 [EventQueue-PipelineActionsForPipelineActionHandler] INFO  pipeline.SCMPipelineManager (SCMPipelineManager.java:finalizeAndDestroyPipeline(315)) - destroying pipeline:Pipeline[ Id: 23c48059-096d-4b72-901b-eaa08ef83084, Nodes: e7bd1734-ef6c-4cf8-b88c-8a1061e7af66{ip: 192.168.151.72, host: pr-trunk-fgz7f-2353921243, networkLocation: /default-rack, certSerialId: null}49c112d4-02f4-49c2-90bf-c7b46ec7b63a{ip: 192.168.151.72, host: pr-trunk-fgz7f-2353921243, networkLocation: /default-rack, certSerialId: null}c6bdf12a-094f-42bc-87c0-f082ef291ed8{ip: 192.168.151.72, host: pr-trunk-fgz7f-2353921243, networkLocation: /default-rack, certSerialId: null}, Type:RATIS, Factor:THREE, State:OPEN]
2019-10-02 17:52:43,454 [EventQueue-PipelineActionsForPipelineActionHandler] INFO  pipeline.PipelineStateManager (PipelineStateManager.java:finalizePipeline(123)) - Pipeline Pipeline[ Id: 23c48059-096d-4b72-901b-eaa08ef83084, Nodes: e7bd1734-ef6c-4cf8-b88c-8a1061e7af66{ip: 192.168.151.72, host: pr-trunk-fgz7f-2353921243, networkLocation: /default-rack, certSerialId: null}49c112d4-02f4-49c2-90bf-c7b46ec7b63a{ip: 192.168.151.72, host: pr-trunk-fgz7f-2353921243, networkLocation: /default-rack, certSerialId: null}c6bdf12a-094f-42bc-87c0-f082ef291ed8{ip: 192.168.151.72, host: pr-trunk-fgz7f-2353921243, networkLocation: /default-rack, certSerialId: null}, Type:RATIS, Factor:THREE, State:CLOSED] moved to CLOSED state
2019-10-02 17:52:43,455 [EventQueue-PipelineActionsForPipelineActionHandler] ERROR pipeline.PipelineActionHandler (PipelineActionHandler.java:onMessage(60)) - Received pipeline action CLOSE for Pipeline[ Id: 23c48059-096d-4b72-901b-eaa08ef83084, Nodes: e7bd1734-ef6c-4cf8-b88c-8a1061e7af66{ip: 192.168.151.72, host: pr-trunk-fgz7f-2353921243, networkLocation: /default-rack, certSerialId: null}49c112d4-02f4-49c2-90bf-c7b46ec7b63a{ip: 192.168.151.72, host: pr-trunk-fgz7f-2353921243, networkLocation: /default-rack, certSerialId: null}c6bdf12a-094f-42bc-87c0-f082ef291ed8{ip: 192.168.151.72, host: pr-trunk-fgz7f-2353921243, networkLocation: /default-rack, certSerialId: null}, Type:RATIS, Factor:THREE, State:CLOSED] from datanode c6bdf12a-094f-42bc-87c0-f082ef291ed8{ip: 192.168.151.72, host: pr-trunk-fgz7f-2353921243, networkLocation: /default-rack, certSerialId: null}. Reason : Log already failed at index 1 for task WriteLog:1: (t:2, i:1), STATEMACHINELOGENTRY, client-3EF9099EEB30, cid=55
2019-10-02 17:52:43,455 [EventQueue-PipelineActionsForPipelineActionHandler] INFO  pipeline.SCMPipelineManager (SCMPipelineManager.java:finalizeAndDestroyPipeline(315)) - destroying pipeline:Pipeline[ Id: 23c48059-096d-4b72-901b-eaa08ef83084, Nodes: e7bd1734-ef6c-4cf8-b88c-8a1061e7af66{ip: 192.168.151.72, host: pr-trunk-fgz7f-2353921243, networkLocation: /default-rack, certSerialId: null}49c112d4-02f4-49c2-90bf-c7b46ec7b63a{ip: 192.168.151.72, host: pr-trunk-fgz7f-2353921243, networkLocation: /default-rack, certSerialId: null}c6bdf12a-094f-42bc-87c0-f082ef291ed8{ip: 192.168.151.72, host: pr-trunk-fgz7f-2353921243, networkLocation: /default-rack, certSerialId: null}, Type:RATIS, Factor:THREE, State:CLOSED]
2019-10-02 17:52:46,335 [java.util.concurrent.ThreadPoolExecutor$Worker@66e74f14[State = -1, empty queue]] ERROR client.GrpcClientProtocolClient (GrpcClientProtocolClient.java:close(148)) - Unexpected exception while waiting for channel termination
java.lang.InterruptedException
	at java.util.concurrent.locks.AbstractQueuedSynchronizer.tryAcquireSharedNanos(AbstractQueuedSynchronizer.java:1326)
	at java.util.concurrent.CountDownLatch.await(CountDownLatch.java:277)
	at org.apache.ratis.thirdparty.io.grpc.internal.ManagedChannelImpl.awaitTermination(ManagedChannelImpl.java:763)
	at org.apache.ratis.thirdparty.io.grpc.internal.ForwardingManagedChannel.awaitTermination(ForwardingManagedChannel.java:57)
	at org.apache.ratis.thirdparty.io.grpc.internal.ManagedChannelOrphanWrapper.awaitTermination(ManagedChannelOrphanWrapper.java:70)
	at org.apache.ratis.grpc.client.GrpcClientProtocolClient.close(GrpcClientProtocolClient.java:146)
	at org.apache.ratis.util.PeerProxyMap$PeerAndProxy.lambda$close$1(PeerProxyMap.java:74)
	at org.apache.ratis.util.LifeCycle.lambda$checkStateAndClose$2(LifeCycle.java:231)
	at org.apache.ratis.util.LifeCycle.checkStateAndClose(LifeCycle.java:251)
	at org.apache.ratis.util.LifeCycle.checkStateAndClose(LifeCycle.java:229)
	at org.apache.ratis.util.PeerProxyMap$PeerAndProxy.close(PeerProxyMap.java:70)
	at org.apache.ratis.util.PeerProxyMap.resetProxy(PeerProxyMap.java:127)
	at org.apache.ratis.util.PeerProxyMap.handleException(PeerProxyMap.java:136)
	at org.apache.ratis.client.impl.RaftClientRpcWithProxy.handleException(RaftClientRpcWithProxy.java:47)
	at org.apache.ratis.client.impl.RaftClientImpl.handleIOException(RaftClientImpl.java:372)
	at org.apache.ratis.client.impl.OrderedAsync.lambda$sendRequest$10(OrderedAsync.java:236)
	at java.util.concurrent.CompletableFuture.uniExceptionally(CompletableFuture.java:870)
	at java.util.concurrent.CompletableFuture$UniExceptionally.tryFire(CompletableFuture.java:852)
	at java.util.concurrent.CompletableFuture.postComplete(CompletableFuture.java:474)
	at java.util.concurrent.CompletableFuture.completeExceptionally(CompletableFuture.java:1977)
	at org.apache.ratis.grpc.client.GrpcClientProtocolClient$AsyncStreamObservers.lambda$timeoutCheck$3(GrpcClientProtocolClient.java:324)
	at java.util.Optional.ifPresent(Optional.java:159)
	at org.apache.ratis.grpc.client.GrpcClientProtocolClient$AsyncStreamObservers.handleReplyFuture(GrpcClientProtocolClient.java:329)
	at org.apache.ratis.grpc.client.GrpcClientProtocolClient$AsyncStreamObservers.timeoutCheck(GrpcClientProtocolClient.java:324)
	at org.apache.ratis.grpc.client.GrpcClientProtocolClient$AsyncStreamObservers.lambda$onNext$1(GrpcClientProtocolClient.java:318)
	at org.apache.ratis.util.TimeoutScheduler.lambda$onTimeout$0(TimeoutScheduler.java:113)
	at org.apache.ratis.util.TimeoutScheduler.lambda$onTimeout$1(TimeoutScheduler.java:133)
	at org.apache.ratis.util.LogUtils.runAndLog(LogUtils.java:50)
	at org.apache.ratis.util.LogUtils$1.run(LogUtils.java:91)
	at java.util.concurrent.Executors$RunnableAdapter.call(Executors.java:511)
	at java.util.concurrent.FutureTask.run(FutureTask.java:266)
	at java.util.concurrent.ScheduledThreadPoolExecutor$ScheduledFutureTask.access$201(ScheduledThreadPoolExecutor.java:180)
	at java.util.concurrent.ScheduledThreadPoolExecutor$ScheduledFutureTask.run(ScheduledThreadPoolExecutor.java:293)
	at java.util.concurrent.ThreadPoolExecutor.runWorker(ThreadPoolExecutor.java:1149)
	at java.util.concurrent.ThreadPoolExecutor$Worker.run(ThreadPoolExecutor.java:624)
	at java.lang.Thread.run(Thread.java:748)
2019-10-02 17:52:46,338 [java.util.concurrent.ThreadPoolExecutor$Worker@66e74f14[State = -1, empty queue]] WARN  util.TimeoutScheduler (LogUtils.java:runAndLog(55)) - Failed to task #0: java.lang.NullPointerException
2019-10-02 17:52:50,371 [java.util.concurrent.ThreadPoolExecutor$Worker@3aceaeda[State = -1, empty queue]] ERROR client.GrpcClientProtocolClient (GrpcClientProtocolClient.java:close(148)) - Unexpected exception while waiting for channel termination
java.lang.InterruptedException
	at java.util.concurrent.locks.AbstractQueuedSynchronizer.tryAcquireSharedNanos(AbstractQueuedSynchronizer.java:1326)
	at java.util.concurrent.CountDownLatch.await(CountDownLatch.java:277)
	at org.apache.ratis.thirdparty.io.grpc.internal.ManagedChannelImpl.awaitTermination(ManagedChannelImpl.java:763)
	at org.apache.ratis.thirdparty.io.grpc.internal.ForwardingManagedChannel.awaitTermination(ForwardingManagedChannel.java:57)
	at org.apache.ratis.thirdparty.io.grpc.internal.ManagedChannelOrphanWrapper.awaitTermination(ManagedChannelOrphanWrapper.java:70)
	at org.apache.ratis.grpc.client.GrpcClientProtocolClient.close(GrpcClientProtocolClient.java:146)
	at org.apache.ratis.util.PeerProxyMap$PeerAndProxy.lambda$close$1(PeerProxyMap.java:74)
	at org.apache.ratis.util.LifeCycle.lambda$checkStateAndClose$2(LifeCycle.java:231)
	at org.apache.ratis.util.LifeCycle.checkStateAndClose(LifeCycle.java:251)
	at org.apache.ratis.util.LifeCycle.checkStateAndClose(LifeCycle.java:229)
	at org.apache.ratis.util.PeerProxyMap$PeerAndProxy.close(PeerProxyMap.java:70)
	at org.apache.ratis.util.PeerProxyMap.resetProxy(PeerProxyMap.java:127)
	at org.apache.ratis.util.PeerProxyMap.handleException(PeerProxyMap.java:136)
	at org.apache.ratis.client.impl.RaftClientRpcWithProxy.handleException(RaftClientRpcWithProxy.java:47)
	at org.apache.ratis.client.impl.RaftClientImpl.handleIOException(RaftClientImpl.java:372)
	at org.apache.ratis.client.impl.OrderedAsync.lambda$sendRequest$10(OrderedAsync.java:236)
	at java.util.concurrent.CompletableFuture.uniExceptionally(CompletableFuture.java:870)
	at java.util.concurrent.CompletableFuture$UniExceptionally.tryFire(CompletableFuture.java:852)
	at java.util.concurrent.CompletableFuture.postComplete(CompletableFuture.java:474)
	at java.util.concurrent.CompletableFuture.completeExceptionally(CompletableFuture.java:1977)
	at org.apache.ratis.grpc.client.GrpcClientProtocolClient$AsyncStreamObservers.lambda$timeoutCheck$3(GrpcClientProtocolClient.java:324)
	at java.util.Optional.ifPresent(Optional.java:159)
	at org.apache.ratis.grpc.client.GrpcClientProtocolClient$AsyncStreamObservers.handleReplyFuture(GrpcClientProtocolClient.java:329)
	at org.apache.ratis.grpc.client.GrpcClientProtocolClient$AsyncStreamObservers.timeoutCheck(GrpcClientProtocolClient.java:324)
	at org.apache.ratis.grpc.client.GrpcClientProtocolClient$AsyncStreamObservers.lambda$onNext$1(GrpcClientProtocolClient.java:318)
	at org.apache.ratis.util.TimeoutScheduler.lambda$onTimeout$0(TimeoutScheduler.java:113)
	at org.apache.ratis.util.TimeoutScheduler.lambda$onTimeout$1(TimeoutScheduler.java:133)
	at org.apache.ratis.util.LogUtils.runAndLog(LogUtils.java:50)
	at org.apache.ratis.util.LogUtils$1.run(LogUtils.java:91)
	at java.util.concurrent.Executors$RunnableAdapter.call(Executors.java:511)
	at java.util.concurrent.FutureTask.run(FutureTask.java:266)
	at java.util.concurrent.ScheduledThreadPoolExecutor$ScheduledFutureTask.access$201(ScheduledThreadPoolExecutor.java:180)
	at java.util.concurrent.ScheduledThreadPoolExecutor$ScheduledFutureTask.run(ScheduledThreadPoolExecutor.java:293)
	at java.util.concurrent.ThreadPoolExecutor.runWorker(ThreadPoolExecutor.java:1149)
	at java.util.concurrent.ThreadPoolExecutor$Worker.run(ThreadPoolExecutor.java:624)
	at java.lang.Thread.run(Thread.java:748)
2019-10-02 17:52:50,374 [java.util.concurrent.ThreadPoolExecutor$Worker@3aceaeda[State = -1, empty queue]] WARN  util.TimeoutScheduler (LogUtils.java:runAndLog(55)) - Failed to task #0: java.lang.NullPointerException
2019-10-02 17:52:54,415 [java.util.concurrent.ThreadPoolExecutor$Worker@49c0253d[State = -1, empty queue]] ERROR client.GrpcClientProtocolClient (GrpcClientProtocolClient.java:close(148)) - Unexpected exception while waiting for channel termination
java.lang.InterruptedException
	at java.util.concurrent.locks.AbstractQueuedSynchronizer.tryAcquireSharedNanos(AbstractQueuedSynchronizer.java:1326)
	at java.util.concurrent.CountDownLatch.await(CountDownLatch.java:277)
	at org.apache.ratis.thirdparty.io.grpc.internal.ManagedChannelImpl.awaitTermination(ManagedChannelImpl.java:763)
	at org.apache.ratis.thirdparty.io.grpc.internal.ForwardingManagedChannel.awaitTermination(ForwardingManagedChannel.java:57)
	at org.apache.ratis.thirdparty.io.grpc.internal.ManagedChannelOrphanWrapper.awaitTermination(ManagedChannelOrphanWrapper.java:70)
	at org.apache.ratis.grpc.client.GrpcClientProtocolClient.close(GrpcClientProtocolClient.java:146)
	at org.apache.ratis.util.PeerProxyMap$PeerAndProxy.lambda$close$1(PeerProxyMap.java:74)
	at org.apache.ratis.util.LifeCycle.lambda$checkStateAndClose$2(LifeCycle.java:231)
	at org.apache.ratis.util.LifeCycle.checkStateAndClose(LifeCycle.java:251)
	at org.apache.ratis.util.LifeCycle.checkStateAndClose(LifeCycle.java:229)
	at org.apache.ratis.util.PeerProxyMap$PeerAndProxy.close(PeerProxyMap.java:70)
	at org.apache.ratis.util.PeerProxyMap.resetProxy(PeerProxyMap.java:127)
	at org.apache.ratis.util.PeerProxyMap.handleException(PeerProxyMap.java:136)
	at org.apache.ratis.client.impl.RaftClientRpcWithProxy.handleException(RaftClientRpcWithProxy.java:47)
	at org.apache.ratis.client.impl.RaftClientImpl.handleIOException(RaftClientImpl.java:372)
	at org.apache.ratis.client.impl.OrderedAsync.lambda$sendRequest$10(OrderedAsync.java:236)
	at java.util.concurrent.CompletableFuture.uniExceptionally(CompletableFuture.java:870)
	at java.util.concurrent.CompletableFuture$UniExceptionally.tryFire(CompletableFuture.java:852)
	at java.util.concurrent.CompletableFuture.postComplete(CompletableFuture.java:474)
	at java.util.concurrent.CompletableFuture.completeExceptionally(CompletableFuture.java:1977)
	at org.apache.ratis.grpc.client.GrpcClientProtocolClient$AsyncStreamObservers.lambda$timeoutCheck$3(GrpcClientProtocolClient.java:324)
	at java.util.Optional.ifPresent(Optional.java:159)
	at org.apache.ratis.grpc.client.GrpcClientProtocolClient$AsyncStreamObservers.handleReplyFuture(GrpcClientProtocolClient.java:329)
	at org.apache.ratis.grpc.client.GrpcClientProtocolClient$AsyncStreamObservers.timeoutCheck(GrpcClientProtocolClient.java:324)
	at org.apache.ratis.grpc.client.GrpcClientProtocolClient$AsyncStreamObservers.lambda$onNext$1(GrpcClientProtocolClient.java:318)
	at org.apache.ratis.util.TimeoutScheduler.lambda$onTimeout$0(TimeoutScheduler.java:113)
	at org.apache.ratis.util.TimeoutScheduler.lambda$onTimeout$1(TimeoutScheduler.java:133)
	at org.apache.ratis.util.LogUtils.runAndLog(LogUtils.java:50)
	at org.apache.ratis.util.LogUtils$1.run(LogUtils.java:91)
	at java.util.concurrent.Executors$RunnableAdapter.call(Executors.java:511)
	at java.util.concurrent.FutureTask.run(FutureTask.java:266)
	at java.util.concurrent.ScheduledThreadPoolExecutor$ScheduledFutureTask.access$201(ScheduledThreadPoolExecutor.java:180)
	at java.util.concurrent.ScheduledThreadPoolExecutor$ScheduledFutureTask.run(ScheduledThreadPoolExecutor.java:293)
	at java.util.concurrent.ThreadPoolExecutor.runWorker(ThreadPoolExecutor.java:1149)
	at java.util.concurrent.ThreadPoolExecutor$Worker.run(ThreadPoolExecutor.java:624)
	at java.lang.Thread.run(Thread.java:748)
2019-10-02 17:52:54,417 [java.util.concurrent.ThreadPoolExecutor$Worker@49c0253d[State = -1, empty queue]] WARN  util.TimeoutScheduler (LogUtils.java:runAndLog(55)) - Failed to task #0: java.lang.NullPointerException
2019-10-02 17:52:58,458 [java.util.concurrent.ThreadPoolExecutor$Worker@1c787ef6[State = -1, empty queue]] ERROR client.GrpcClientProtocolClient (GrpcClientProtocolClient.java:close(148)) - Unexpected exception while waiting for channel termination
java.lang.InterruptedException
	at java.util.concurrent.locks.AbstractQueuedSynchronizer.tryAcquireSharedNanos(AbstractQueuedSynchronizer.java:1326)
	at java.util.concurrent.CountDownLatch.await(CountDownLatch.java:277)
	at org.apache.ratis.thirdparty.io.grpc.internal.ManagedChannelImpl.awaitTermination(ManagedChannelImpl.java:763)
	at org.apache.ratis.thirdparty.io.grpc.internal.ForwardingManagedChannel.awaitTermination(ForwardingManagedChannel.java:57)
	at org.apache.ratis.thirdparty.io.grpc.internal.ManagedChannelOrphanWrapper.awaitTermination(ManagedChannelOrphanWrapper.java:70)
	at org.apache.ratis.grpc.client.GrpcClientProtocolClient.close(GrpcClientProtocolClient.java:146)
	at org.apache.ratis.util.PeerProxyMap$PeerAndProxy.lambda$close$1(PeerProxyMap.java:74)
	at org.apache.ratis.util.LifeCycle.lambda$checkStateAndClose$2(LifeCycle.java:231)
	at org.apache.ratis.util.LifeCycle.checkStateAndClose(LifeCycle.java:251)
	at org.apache.ratis.util.LifeCycle.checkStateAndClose(LifeCycle.java:229)
	at org.apache.ratis.util.PeerProxyMap$PeerAndProxy.close(PeerProxyMap.java:70)
	at org.apache.ratis.util.PeerProxyMap.resetProxy(PeerProxyMap.java:127)
	at org.apache.ratis.util.PeerProxyMap.handleException(PeerProxyMap.java:136)
	at org.apache.ratis.client.impl.RaftClientRpcWithProxy.handleException(RaftClientRpcWithProxy.java:47)
	at org.apache.ratis.client.impl.RaftClientImpl.handleIOException(RaftClientImpl.java:372)
	at org.apache.ratis.client.impl.OrderedAsync.lambda$sendRequest$10(OrderedAsync.java:236)
	at java.util.concurrent.CompletableFuture.uniExceptionally(CompletableFuture.java:870)
	at java.util.concurrent.CompletableFuture$UniExceptionally.tryFire(CompletableFuture.java:852)
	at java.util.concurrent.CompletableFuture.postComplete(CompletableFuture.java:474)
	at java.util.concurrent.CompletableFuture.completeExceptionally(CompletableFuture.java:1977)
	at org.apache.ratis.grpc.client.GrpcClientProtocolClient$AsyncStreamObservers.lambda$timeoutCheck$3(GrpcClientProtocolClient.java:324)
	at java.util.Optional.ifPresent(Optional.java:159)
	at org.apache.ratis.grpc.client.GrpcClientProtocolClient$AsyncStreamObservers.handleReplyFuture(GrpcClientProtocolClient.java:329)
	at org.apache.ratis.grpc.client.GrpcClientProtocolClient$AsyncStreamObservers.timeoutCheck(GrpcClientProtocolClient.java:324)
	at org.apache.ratis.grpc.client.GrpcClientProtocolClient$AsyncStreamObservers.lambda$onNext$1(GrpcClientProtocolClient.java:318)
	at org.apache.ratis.util.TimeoutScheduler.lambda$onTimeout$0(TimeoutScheduler.java:113)
	at org.apache.ratis.util.TimeoutScheduler.lambda$onTimeout$1(TimeoutScheduler.java:133)
	at org.apache.ratis.util.LogUtils.runAndLog(LogUtils.java:50)
	at org.apache.ratis.util.LogUtils$1.run(LogUtils.java:91)
	at java.util.concurrent.Executors$RunnableAdapter.call(Executors.java:511)
	at java.util.concurrent.FutureTask.run(FutureTask.java:266)
	at java.util.concurrent.ScheduledThreadPoolExecutor$ScheduledFutureTask.access$201(ScheduledThreadPoolExecutor.java:180)
	at java.util.concurrent.ScheduledThreadPoolExecutor$ScheduledFutureTask.run(ScheduledThreadPoolExecutor.java:293)
	at java.util.concurrent.ThreadPoolExecutor.runWorker(ThreadPoolExecutor.java:1149)
	at java.util.concurrent.ThreadPoolExecutor$Worker.run(ThreadPoolExecutor.java:624)
	at java.lang.Thread.run(Thread.java:748)
2019-10-02 17:52:58,461 [java.util.concurrent.ThreadPoolExecutor$Worker@1c787ef6[State = -1, empty queue]] WARN  util.TimeoutScheduler (LogUtils.java:runAndLog(55)) - Failed to task #0: java.lang.NullPointerException
2019-10-02 17:53:02,496 [java.util.concurrent.ThreadPoolExecutor$Worker@2b35e236[State = -1, empty queue]] ERROR client.GrpcClientProtocolClient (GrpcClientProtocolClient.java:close(148)) - Unexpected exception while waiting for channel termination
java.lang.InterruptedException
	at java.util.concurrent.locks.AbstractQueuedSynchronizer.tryAcquireSharedNanos(AbstractQueuedSynchronizer.java:1326)
	at java.util.concurrent.CountDownLatch.await(CountDownLatch.java:277)
	at org.apache.ratis.thirdparty.io.grpc.internal.ManagedChannelImpl.awaitTermination(ManagedChannelImpl.java:763)
	at org.apache.ratis.thirdparty.io.grpc.internal.ForwardingManagedChannel.awaitTermination(ForwardingManagedChannel.java:57)
	at org.apache.ratis.thirdparty.io.grpc.internal.ManagedChannelOrphanWrapper.awaitTermination(ManagedChannelOrphanWrapper.java:70)
	at org.apache.ratis.grpc.client.GrpcClientProtocolClient.close(GrpcClientProtocolClient.java:146)
	at org.apache.ratis.util.PeerProxyMap$PeerAndProxy.lambda$close$1(PeerProxyMap.java:74)
	at org.apache.ratis.util.LifeCycle.lambda$checkStateAndClose$2(LifeCycle.java:231)
	at org.apache.ratis.util.LifeCycle.checkStateAndClose(LifeCycle.java:251)
	at org.apache.ratis.util.LifeCycle.checkStateAndClose(LifeCycle.java:229)
	at org.apache.ratis.util.PeerProxyMap$PeerAndProxy.close(PeerProxyMap.java:70)
	at org.apache.ratis.util.PeerProxyMap.resetProxy(PeerProxyMap.java:127)
	at org.apache.ratis.util.PeerProxyMap.handleException(PeerProxyMap.java:136)
	at org.apache.ratis.client.impl.RaftClientRpcWithProxy.handleException(RaftClientRpcWithProxy.java:47)
	at org.apache.ratis.client.impl.RaftClientImpl.handleIOException(RaftClientImpl.java:372)
	at org.apache.ratis.client.impl.OrderedAsync.lambda$sendRequest$10(OrderedAsync.java:236)
	at java.util.concurrent.CompletableFuture.uniExceptionally(CompletableFuture.java:870)
	at java.util.concurrent.CompletableFuture$UniExceptionally.tryFire(CompletableFuture.java:852)
	at java.util.concurrent.CompletableFuture.postComplete(CompletableFuture.java:474)
	at java.util.concurrent.CompletableFuture.completeExceptionally(CompletableFuture.java:1977)
	at org.apache.ratis.grpc.client.GrpcClientProtocolClient$AsyncStreamObservers.lambda$timeoutCheck$3(GrpcClientProtocolClient.java:324)
	at java.util.Optional.ifPresent(Optional.java:159)
	at org.apache.ratis.grpc.client.GrpcClientProtocolClient$AsyncStreamObservers.handleReplyFuture(GrpcClientProtocolClient.java:329)
	at org.apache.ratis.grpc.client.GrpcClientProtocolClient$AsyncStreamObservers.timeoutCheck(GrpcClientProtocolClient.java:324)
	at org.apache.ratis.grpc.client.GrpcClientProtocolClient$AsyncStreamObservers.lambda$onNext$1(GrpcClientProtocolClient.java:318)
	at org.apache.ratis.util.TimeoutScheduler.lambda$onTimeout$0(TimeoutScheduler.java:113)
	at org.apache.ratis.util.TimeoutScheduler.lambda$onTimeout$1(TimeoutScheduler.java:133)
	at org.apache.ratis.util.LogUtils.runAndLog(LogUtils.java:50)
	at org.apache.ratis.util.LogUtils$1.run(LogUtils.java:91)
	at java.util.concurrent.Executors$RunnableAdapter.call(Executors.java:511)
	at java.util.concurrent.FutureTask.run(FutureTask.java:266)
	at java.util.concurrent.ScheduledThreadPoolExecutor$ScheduledFutureTask.access$201(ScheduledThreadPoolExecutor.java:180)
	at java.util.concurrent.ScheduledThreadPoolExecutor$ScheduledFutureTask.run(ScheduledThreadPoolExecutor.java:293)
	at java.util.concurrent.ThreadPoolExecutor.runWorker(ThreadPoolExecutor.java:1149)
	at java.util.concurrent.ThreadPoolExecutor$Worker.run(ThreadPoolExecutor.java:624)
	at java.lang.Thread.run(Thread.java:748)
2019-10-02 17:53:02,497 [java.util.concurrent.ThreadPoolExecutor$Worker@2b35e236[State = -1, empty queue]] WARN  util.TimeoutScheduler (LogUtils.java:runAndLog(55)) - Failed to task #0: java.lang.NullPointerException
2019-10-02 17:53:05,971 [grpc-default-executor-2] INFO  impl.RaftServerProxy (RaftServerProxy.java:addNew(89)) - 49c112d4-02f4-49c2-90bf-c7b46ec7b63a: addNew group-43DE3AA5D608:[c6bdf12a-094f-42bc-87c0-f082ef291ed8:192.168.151.72:33846, e7bd1734-ef6c-4cf8-b88c-8a1061e7af66:192.168.151.72:41308, 49c112d4-02f4-49c2-90bf-c7b46ec7b63a:192.168.151.72:42976] returns group-43DE3AA5D608:java.util.concurrent.CompletableFuture@27cbf0cf[Not completed]
2019-10-02 17:53:05,971 [grpc-default-executor-8] INFO  impl.RaftServerProxy (RaftServerProxy.java:addNew(89)) - c6bdf12a-094f-42bc-87c0-f082ef291ed8: addNew group-43DE3AA5D608:[c6bdf12a-094f-42bc-87c0-f082ef291ed8:192.168.151.72:33846, e7bd1734-ef6c-4cf8-b88c-8a1061e7af66:192.168.151.72:41308, 49c112d4-02f4-49c2-90bf-c7b46ec7b63a:192.168.151.72:42976] returns group-43DE3AA5D608:java.util.concurrent.CompletableFuture@72b95f7f[Not completed]
2019-10-02 17:53:05,971 [grpc-default-executor-3] INFO  impl.RaftServerProxy (RaftServerProxy.java:addNew(89)) - e7bd1734-ef6c-4cf8-b88c-8a1061e7af66: addNew group-43DE3AA5D608:[c6bdf12a-094f-42bc-87c0-f082ef291ed8:192.168.151.72:33846, e7bd1734-ef6c-4cf8-b88c-8a1061e7af66:192.168.151.72:41308, 49c112d4-02f4-49c2-90bf-c7b46ec7b63a:192.168.151.72:42976] returns group-43DE3AA5D608:java.util.concurrent.CompletableFuture@3946fbe9[Not completed]
2019-10-02 17:53:05,973 [pool-27-thread-1] INFO  impl.RaftServerImpl (RaftServerImpl.java:<init>(95)) - 49c112d4-02f4-49c2-90bf-c7b46ec7b63a: new RaftServerImpl for group-43DE3AA5D608:[c6bdf12a-094f-42bc-87c0-f082ef291ed8:192.168.151.72:33846, e7bd1734-ef6c-4cf8-b88c-8a1061e7af66:192.168.151.72:41308, 49c112d4-02f4-49c2-90bf-c7b46ec7b63a:192.168.151.72:42976] with ContainerStateMachine:uninitialized
2019-10-02 17:53:05,973 [pool-27-thread-1] INFO  server.RaftServerConfigKeys (ConfUtils.java:logGet(43)) - raft.server.rpc.timeout.min = 5s (custom)
2019-10-02 17:53:05,973 [pool-27-thread-1] INFO  server.RaftServerConfigKeys (ConfUtils.java:logGet(43)) - raft.server.rpc.timeout.max = 5200ms (custom)
2019-10-02 17:53:05,974 [pool-27-thread-1] INFO  server.RaftServerConfigKeys (ConfUtils.java:logGet(43)) - raft.server.rpcslowness.timeout = 120s (custom)
2019-10-02 17:53:05,974 [pool-27-thread-1] INFO  server.RaftServerConfigKeys (ConfUtils.java:logGet(43)) - raft.server.sleep.deviation.threshold = 300 (default)
2019-10-02 17:53:05,974 [pool-27-thread-1] INFO  server.RaftServerConfigKeys (ConfUtils.java:logGet(43)) - raft.server.log.appender.install.snapshot.enabled = false (custom)
2019-10-02 17:53:05,974 [pool-47-thread-1] INFO  impl.RaftServerImpl (RaftServerImpl.java:<init>(95)) - c6bdf12a-094f-42bc-87c0-f082ef291ed8: new RaftServerImpl for group-43DE3AA5D608:[c6bdf12a-094f-42bc-87c0-f082ef291ed8:192.168.151.72:33846, e7bd1734-ef6c-4cf8-b88c-8a1061e7af66:192.168.151.72:41308, 49c112d4-02f4-49c2-90bf-c7b46ec7b63a:192.168.151.72:42976] with ContainerStateMachine:uninitialized
2019-10-02 17:53:05,974 [pool-27-thread-1] INFO  impl.RaftServerImpl (ServerState.java:<init>(103)) - 49c112d4-02f4-49c2-90bf-c7b46ec7b63a@group-43DE3AA5D608: ConfigurationManager, init=-1: [c6bdf12a-094f-42bc-87c0-f082ef291ed8:192.168.151.72:33846, e7bd1734-ef6c-4cf8-b88c-8a1061e7af66:192.168.151.72:41308, 49c112d4-02f4-49c2-90bf-c7b46ec7b63a:192.168.151.72:42976], old=null, confs=<EMPTY_MAP>
2019-10-02 17:53:05,974 [pool-47-thread-1] INFO  server.RaftServerConfigKeys (ConfUtils.java:logGet(43)) - raft.server.rpc.timeout.min = 5s (custom)
2019-10-02 17:53:05,974 [pool-47-thread-1] INFO  server.RaftServerConfigKeys (ConfUtils.java:logGet(43)) - raft.server.rpc.timeout.max = 5200ms (custom)
2019-10-02 17:53:05,974 [pool-27-thread-1] INFO  server.RaftServerConfigKeys (ConfUtils.java:logGet(43)) - raft.server.storage.dir = [/workdir/hadoop-ozone/integration-test/target/test-dir/MiniOzoneClusterImpl-d02e41fa-f6e1-4cca-b896-e100a645b5cc/datanode-0/data/ratis] (custom)
2019-10-02 17:53:05,974 [pool-47-thread-1] INFO  server.RaftServerConfigKeys (ConfUtils.java:logGet(43)) - raft.server.rpcslowness.timeout = 120s (custom)
2019-10-02 17:53:05,974 [pool-87-thread-1] INFO  impl.RaftServerImpl (RaftServerImpl.java:<init>(95)) - e7bd1734-ef6c-4cf8-b88c-8a1061e7af66: new RaftServerImpl for group-43DE3AA5D608:[c6bdf12a-094f-42bc-87c0-f082ef291ed8:192.168.151.72:33846, e7bd1734-ef6c-4cf8-b88c-8a1061e7af66:192.168.151.72:41308, 49c112d4-02f4-49c2-90bf-c7b46ec7b63a:192.168.151.72:42976] with ContainerStateMachine:uninitialized
2019-10-02 17:53:05,975 [pool-47-thread-1] INFO  server.RaftServerConfigKeys (ConfUtils.java:logGet(43)) - raft.server.sleep.deviation.threshold = 300 (default)
2019-10-02 17:53:05,975 [pool-87-thread-1] INFO  server.RaftServerConfigKeys (ConfUtils.java:logGet(43)) - raft.server.rpc.timeout.min = 5s (custom)
2019-10-02 17:53:05,975 [pool-27-thread-1] INFO  server.RaftServerConfigKeys (ConfUtils.java:logGet(43)) - raft.server.log.corruption.policy = EXCEPTION (default)
2019-10-02 17:53:05,975 [pool-87-thread-1] INFO  server.RaftServerConfigKeys (ConfUtils.java:logGet(43)) - raft.server.rpc.timeout.max = 5200ms (custom)
2019-10-02 17:53:05,975 [pool-47-thread-1] INFO  server.RaftServerConfigKeys (ConfUtils.java:logGet(43)) - raft.server.log.appender.install.snapshot.enabled = false (custom)
2019-10-02 17:53:05,975 [pool-87-thread-1] INFO  server.RaftServerConfigKeys (ConfUtils.java:logGet(43)) - raft.server.rpcslowness.timeout = 120s (custom)
2019-10-02 17:53:05,975 [pool-27-thread-1] INFO  storage.RaftStorageDirectory (RaftStorageDirectory.java:analyzeStorage(246)) - The storage directory /workdir/hadoop-ozone/integration-test/target/test-dir/MiniOzoneClusterImpl-d02e41fa-f6e1-4cca-b896-e100a645b5cc/datanode-0/data/ratis/bbfc8ff8-c92e-4692-945f-43de3aa5d608 does not exist. Creating ...
2019-10-02 17:53:05,975 [pool-87-thread-1] INFO  server.RaftServerConfigKeys (ConfUtils.java:logGet(43)) - raft.server.sleep.deviation.threshold = 300 (default)
2019-10-02 17:53:05,975 [pool-47-thread-1] INFO  impl.RaftServerImpl (ServerState.java:<init>(103)) - c6bdf12a-094f-42bc-87c0-f082ef291ed8@group-43DE3AA5D608: ConfigurationManager, init=-1: [c6bdf12a-094f-42bc-87c0-f082ef291ed8:192.168.151.72:33846, e7bd1734-ef6c-4cf8-b88c-8a1061e7af66:192.168.151.72:41308, 49c112d4-02f4-49c2-90bf-c7b46ec7b63a:192.168.151.72:42976], old=null, confs=<EMPTY_MAP>
2019-10-02 17:53:05,975 [pool-87-thread-1] INFO  server.RaftServerConfigKeys (ConfUtils.java:logGet(43)) - raft.server.log.appender.install.snapshot.enabled = false (custom)
2019-10-02 17:53:05,976 [pool-47-thread-1] INFO  server.RaftServerConfigKeys (ConfUtils.java:logGet(43)) - raft.server.storage.dir = [/workdir/hadoop-ozone/integration-test/target/test-dir/MiniOzoneClusterImpl-d02e41fa-f6e1-4cca-b896-e100a645b5cc/datanode-2/data/ratis] (custom)
2019-10-02 17:53:05,976 [pool-87-thread-1] INFO  impl.RaftServerImpl (ServerState.java:<init>(103)) - e7bd1734-ef6c-4cf8-b88c-8a1061e7af66@group-43DE3AA5D608: ConfigurationManager, init=-1: [c6bdf12a-094f-42bc-87c0-f082ef291ed8:192.168.151.72:33846, e7bd1734-ef6c-4cf8-b88c-8a1061e7af66:192.168.151.72:41308, 49c112d4-02f4-49c2-90bf-c7b46ec7b63a:192.168.151.72:42976], old=null, confs=<EMPTY_MAP>
2019-10-02 17:53:05,976 [pool-47-thread-1] INFO  server.RaftServerConfigKeys (ConfUtils.java:logGet(43)) - raft.server.log.corruption.policy = EXCEPTION (default)
2019-10-02 17:53:05,976 [pool-87-thread-1] INFO  server.RaftServerConfigKeys (ConfUtils.java:logGet(43)) - raft.server.storage.dir = [/workdir/hadoop-ozone/integration-test/target/test-dir/MiniOzoneClusterImpl-d02e41fa-f6e1-4cca-b896-e100a645b5cc/datanode-6/data/ratis] (custom)
2019-10-02 17:53:05,976 [pool-47-thread-1] INFO  storage.RaftStorageDirectory (RaftStorageDirectory.java:analyzeStorage(246)) - The storage directory /workdir/hadoop-ozone/integration-test/target/test-dir/MiniOzoneClusterImpl-d02e41fa-f6e1-4cca-b896-e100a645b5cc/datanode-2/data/ratis/bbfc8ff8-c92e-4692-945f-43de3aa5d608 does not exist. Creating ...
2019-10-02 17:53:05,976 [pool-87-thread-1] INFO  server.RaftServerConfigKeys (ConfUtils.java:logGet(43)) - raft.server.log.corruption.policy = EXCEPTION (default)
2019-10-02 17:53:05,977 [pool-87-thread-1] INFO  storage.RaftStorageDirectory (RaftStorageDirectory.java:analyzeStorage(246)) - The storage directory /workdir/hadoop-ozone/integration-test/target/test-dir/MiniOzoneClusterImpl-d02e41fa-f6e1-4cca-b896-e100a645b5cc/datanode-6/data/ratis/bbfc8ff8-c92e-4692-945f-43de3aa5d608 does not exist. Creating ...
2019-10-02 17:53:05,990 [pool-87-thread-1] INFO  storage.RaftStorageDirectory (RaftStorageDirectory.java:tryLock(328)) - Lock on /workdir/hadoop-ozone/integration-test/target/test-dir/MiniOzoneClusterImpl-d02e41fa-f6e1-4cca-b896-e100a645b5cc/datanode-6/data/ratis/bbfc8ff8-c92e-4692-945f-43de3aa5d608/in_use.lock acquired by nodename 27144@pr-trunk-fgz7f-2353921243
2019-10-02 17:53:05,990 [pool-47-thread-1] INFO  storage.RaftStorageDirectory (RaftStorageDirectory.java:tryLock(328)) - Lock on /workdir/hadoop-ozone/integration-test/target/test-dir/MiniOzoneClusterImpl-d02e41fa-f6e1-4cca-b896-e100a645b5cc/datanode-2/data/ratis/bbfc8ff8-c92e-4692-945f-43de3aa5d608/in_use.lock acquired by nodename 27144@pr-trunk-fgz7f-2353921243
2019-10-02 17:53:05,990 [pool-27-thread-1] INFO  storage.RaftStorageDirectory (RaftStorageDirectory.java:tryLock(328)) - Lock on /workdir/hadoop-ozone/integration-test/target/test-dir/MiniOzoneClusterImpl-d02e41fa-f6e1-4cca-b896-e100a645b5cc/datanode-0/data/ratis/bbfc8ff8-c92e-4692-945f-43de3aa5d608/in_use.lock acquired by nodename 27144@pr-trunk-fgz7f-2353921243
2019-10-02 17:53:06,004 [pool-27-thread-1] INFO  storage.RaftStorage (RaftStorage.java:format(84)) - Storage directory /workdir/hadoop-ozone/integration-test/target/test-dir/MiniOzoneClusterImpl-d02e41fa-f6e1-4cca-b896-e100a645b5cc/datanode-0/data/ratis/bbfc8ff8-c92e-4692-945f-43de3aa5d608 has been successfully formatted.
2019-10-02 17:53:06,004 [pool-87-thread-1] INFO  storage.RaftStorage (RaftStorage.java:format(84)) - Storage directory /workdir/hadoop-ozone/integration-test/target/test-dir/MiniOzoneClusterImpl-d02e41fa-f6e1-4cca-b896-e100a645b5cc/datanode-6/data/ratis/bbfc8ff8-c92e-4692-945f-43de3aa5d608 has been successfully formatted.
2019-10-02 17:53:06,004 [pool-47-thread-1] INFO  storage.RaftStorage (RaftStorage.java:format(84)) - Storage directory /workdir/hadoop-ozone/integration-test/target/test-dir/MiniOzoneClusterImpl-d02e41fa-f6e1-4cca-b896-e100a645b5cc/datanode-2/data/ratis/bbfc8ff8-c92e-4692-945f-43de3aa5d608 has been successfully formatted.
2019-10-02 17:53:06,004 [pool-27-thread-1] INFO  ratis.ContainerStateMachine (ContainerStateMachine.java:loadSnapshot(231)) - group-43DE3AA5D608: The snapshot info is null. Setting the last applied indexto:(t:0, i:~)
2019-10-02 17:53:06,004 [pool-47-thread-1] INFO  ratis.ContainerStateMachine (ContainerStateMachine.java:loadSnapshot(231)) - group-43DE3AA5D608: The snapshot info is null. Setting the last applied indexto:(t:0, i:~)
2019-10-02 17:53:06,004 [pool-87-thread-1] INFO  ratis.ContainerStateMachine (ContainerStateMachine.java:loadSnapshot(231)) - group-43DE3AA5D608: The snapshot info is null. Setting the last applied indexto:(t:0, i:~)
2019-10-02 17:53:06,005 [pool-47-thread-1] INFO  server.RaftServerConfigKeys (ConfUtils.java:logGet(43)) - raft.server.notification.no-leader.timeout = 120s (custom)
2019-10-02 17:53:06,004 [pool-27-thread-1] INFO  server.RaftServerConfigKeys (ConfUtils.java:logGet(43)) - raft.server.notification.no-leader.timeout = 120s (custom)
2019-10-02 17:53:06,005 [pool-47-thread-1] INFO  server.RaftServerConfigKeys (ConfUtils.java:logGet(43)) - raft.server.log.use.memory = false (default)
2019-10-02 17:53:06,005 [pool-87-thread-1] INFO  server.RaftServerConfigKeys (ConfUtils.java:logGet(43)) - raft.server.notification.no-leader.timeout = 120s (custom)
2019-10-02 17:53:06,005 [pool-47-thread-1] INFO  server.RaftServerConfigKeys (ConfUtils.java:logGet(43)) - raft.server.log.purge.gap = 1000000 (custom)
2019-10-02 17:53:06,005 [pool-27-thread-1] INFO  server.RaftServerConfigKeys (ConfUtils.java:logGet(43)) - raft.server.log.use.memory = false (default)
2019-10-02 17:53:06,005 [pool-47-thread-1] INFO  server.RaftServerConfigKeys (ConfUtils.java:logGet(43)) - raft.server.log.appender.buffer.byte-limit = 33554432 (custom)
2019-10-02 17:53:06,005 [pool-87-thread-1] INFO  server.RaftServerConfigKeys (ConfUtils.java:logGet(43)) - raft.server.log.use.memory = false (default)
2019-10-02 17:53:06,006 [pool-47-thread-1] INFO  server.RaftServerConfigKeys (ConfUtils.java:logGet(43)) - raft.server.log.segment.size.max = 1048576 (custom)
2019-10-02 17:53:06,005 [pool-27-thread-1] INFO  server.RaftServerConfigKeys (ConfUtils.java:logGet(43)) - raft.server.log.purge.gap = 1000000 (custom)
2019-10-02 17:53:06,006 [pool-87-thread-1] INFO  server.RaftServerConfigKeys (ConfUtils.java:logGet(43)) - raft.server.log.purge.gap = 1000000 (custom)
2019-10-02 17:53:06,006 [pool-47-thread-1] INFO  server.RaftServerConfigKeys (ConfUtils.java:logGet(43)) - raft.server.log.segment.cache.num.max = 2 (custom)
2019-10-02 17:53:06,006 [pool-27-thread-1] INFO  server.RaftServerConfigKeys (ConfUtils.java:logGet(43)) - raft.server.log.appender.buffer.byte-limit = 33554432 (custom)
2019-10-02 17:53:06,006 [pool-47-thread-1] INFO  segmented.SegmentedRaftLogWorker (SegmentedRaftLogWorker.java:<init>(173)) - new c6bdf12a-094f-42bc-87c0-f082ef291ed8@group-43DE3AA5D608-SegmentedRaftLogWorker for RaftStorage:Storage Directory /workdir/hadoop-ozone/integration-test/target/test-dir/MiniOzoneClusterImpl-d02e41fa-f6e1-4cca-b896-e100a645b5cc/datanode-2/data/ratis/bbfc8ff8-c92e-4692-945f-43de3aa5d608
2019-10-02 17:53:06,006 [pool-27-thread-1] INFO  server.RaftServerConfigKeys (ConfUtils.java:logGet(43)) - raft.server.log.segment.size.max = 1048576 (custom)
2019-10-02 17:53:06,006 [pool-87-thread-1] INFO  server.RaftServerConfigKeys (ConfUtils.java:logGet(43)) - raft.server.log.appender.buffer.byte-limit = 33554432 (custom)
2019-10-02 17:53:06,007 [pool-27-thread-1] INFO  server.RaftServerConfigKeys (ConfUtils.java:logGet(43)) - raft.server.log.segment.cache.num.max = 2 (custom)
2019-10-02 17:53:06,006 [pool-47-thread-1] INFO  server.RaftServerConfigKeys (ConfUtils.java:logGet(43)) - raft.server.log.queue.byte-limit = 2147483647 (custom)
2019-10-02 17:53:06,007 [pool-27-thread-1] INFO  segmented.SegmentedRaftLogWorker (SegmentedRaftLogWorker.java:<init>(173)) - new 49c112d4-02f4-49c2-90bf-c7b46ec7b63a@group-43DE3AA5D608-SegmentedRaftLogWorker for RaftStorage:Storage Directory /workdir/hadoop-ozone/integration-test/target/test-dir/MiniOzoneClusterImpl-d02e41fa-f6e1-4cca-b896-e100a645b5cc/datanode-0/data/ratis/bbfc8ff8-c92e-4692-945f-43de3aa5d608
2019-10-02 17:53:06,007 [pool-87-thread-1] INFO  server.RaftServerConfigKeys (ConfUtils.java:logGet(43)) - raft.server.log.segment.size.max = 1048576 (custom)
2019-10-02 17:53:06,007 [pool-27-thread-1] INFO  server.RaftServerConfigKeys (ConfUtils.java:logGet(43)) - raft.server.log.queue.byte-limit = 2147483647 (custom)
2019-10-02 17:53:06,007 [pool-27-thread-1] INFO  server.RaftServerConfigKeys (ConfUtils.java:logGet(43)) - raft.server.log.queue.element-limit = 1024 (custom)
2019-10-02 17:53:06,007 [pool-47-thread-1] INFO  server.RaftServerConfigKeys (ConfUtils.java:logGet(43)) - raft.server.log.queue.element-limit = 1024 (custom)
2019-10-02 17:53:06,007 [pool-27-thread-1] INFO  server.RaftServerConfigKeys (ConfUtils.java:logGet(43)) - raft.server.log.segment.size.max = 1048576 (custom)
2019-10-02 17:53:06,007 [pool-87-thread-1] INFO  server.RaftServerConfigKeys (ConfUtils.java:logGet(43)) - raft.server.log.segment.cache.num.max = 2 (custom)
2019-10-02 17:53:06,008 [pool-27-thread-1] INFO  server.RaftServerConfigKeys (ConfUtils.java:logGet(43)) - raft.server.log.preallocated.size = 16384 (custom)
2019-10-02 17:53:06,007 [pool-47-thread-1] INFO  server.RaftServerConfigKeys (ConfUtils.java:logGet(43)) - raft.server.log.segment.size.max = 1048576 (custom)
2019-10-02 17:53:06,008 [pool-27-thread-1] INFO  server.RaftServerConfigKeys (ConfUtils.java:logGet(43)) - raft.server.log.write.buffer.size = 33554432 (custom)
2019-10-02 17:53:06,008 [pool-87-thread-1] INFO  segmented.SegmentedRaftLogWorker (SegmentedRaftLogWorker.java:<init>(173)) - new e7bd1734-ef6c-4cf8-b88c-8a1061e7af66@group-43DE3AA5D608-SegmentedRaftLogWorker for RaftStorage:Storage Directory /workdir/hadoop-ozone/integration-test/target/test-dir/MiniOzoneClusterImpl-d02e41fa-f6e1-4cca-b896-e100a645b5cc/datanode-6/data/ratis/bbfc8ff8-c92e-4692-945f-43de3aa5d608
2019-10-02 17:53:06,008 [pool-27-thread-1] INFO  server.RaftServerConfigKeys (ConfUtils.java:logGet(43)) - raft.server.log.force.sync.num = 128 (default)
2019-10-02 17:53:06,008 [pool-27-thread-1] INFO  server.RaftServerConfigKeys (ConfUtils.java:logGet(43)) - raft.server.log.statemachine.data.sync = true (default)
2019-10-02 17:53:06,008 [pool-47-thread-1] INFO  server.RaftServerConfigKeys (ConfUtils.java:logGet(43)) - raft.server.log.preallocated.size = 16384 (custom)
2019-10-02 17:53:06,008 [pool-27-thread-1] INFO  server.RaftServerConfigKeys (ConfUtils.java:logGet(43)) - raft.server.log.statemachine.data.sync.timeout = 10s (default)
2019-10-02 17:53:06,008 [pool-87-thread-1] INFO  server.RaftServerConfigKeys (ConfUtils.java:logGet(43)) - raft.server.log.queue.byte-limit = 2147483647 (custom)
2019-10-02 17:53:06,009 [pool-27-thread-1] INFO  server.RaftServerConfigKeys (ConfUtils.java:logGet(43)) - raft.server.log.statemachine.data.sync.timeout.retry = -1 (default)
2019-10-02 17:53:06,008 [pool-47-thread-1] INFO  server.RaftServerConfigKeys (ConfUtils.java:logGet(43)) - raft.server.log.write.buffer.size = 33554432 (custom)
2019-10-02 17:53:06,009 [pool-87-thread-1] INFO  server.RaftServerConfigKeys (ConfUtils.java:logGet(43)) - raft.server.log.queue.element-limit = 1024 (custom)
2019-10-02 17:53:06,009 [pool-27-thread-1] INFO  server.RaftServerConfigKeys (ConfUtils.java:logGet(43)) - raft.server.log.statemachine.data.caching.enabled = true (custom)
2019-10-02 17:53:06,009 [pool-47-thread-1] INFO  server.RaftServerConfigKeys (ConfUtils.java:logGet(43)) - raft.server.log.force.sync.num = 128 (default)
2019-10-02 17:53:06,009 [pool-87-thread-1] INFO  server.RaftServerConfigKeys (ConfUtils.java:logGet(43)) - raft.server.log.segment.size.max = 1048576 (custom)
2019-10-02 17:53:06,009 [pool-27-thread-1] INFO  segmented.SegmentedRaftLogWorker (SegmentedRaftLogWorker.java:lambda$new$0(128)) - 49c112d4-02f4-49c2-90bf-c7b46ec7b63a@group-43DE3AA5D608-SegmentedRaftLogWorker: flushIndex: setUnconditionally 0 -> -1
2019-10-02 17:53:06,009 [pool-47-thread-1] INFO  server.RaftServerConfigKeys (ConfUtils.java:logGet(43)) - raft.server.log.statemachine.data.sync = true (default)
2019-10-02 17:53:06,009 [pool-87-thread-1] INFO  server.RaftServerConfigKeys (ConfUtils.java:logGet(43)) - raft.server.log.preallocated.size = 16384 (custom)
2019-10-02 17:53:06,010 [pool-47-thread-1] INFO  server.RaftServerConfigKeys (ConfUtils.java:logGet(43)) - raft.server.log.statemachine.data.sync.timeout = 10s (default)
2019-10-02 17:53:06,010 [pool-87-thread-1] INFO  server.RaftServerConfigKeys (ConfUtils.java:logGet(43)) - raft.server.log.write.buffer.size = 33554432 (custom)
2019-10-02 17:53:06,010 [pool-27-thread-1] INFO  server.RaftServerConfigKeys (ConfUtils.java:logGet(43)) - raft.server.snapshot.auto.trigger.enabled = true (custom)
2019-10-02 17:53:06,010 [pool-87-thread-1] INFO  server.RaftServerConfigKeys (ConfUtils.java:logGet(43)) - raft.server.log.force.sync.num = 128 (default)
2019-10-02 17:53:06,010 [pool-47-thread-1] INFO  server.RaftServerConfigKeys (ConfUtils.java:logGet(43)) - raft.server.log.statemachine.data.sync.timeout.retry = -1 (default)
2019-10-02 17:53:06,010 [pool-87-thread-1] INFO  server.RaftServerConfigKeys (ConfUtils.java:logGet(43)) - raft.server.log.statemachine.data.sync = true (default)
2019-10-02 17:53:06,010 [pool-27-thread-1] INFO  server.RaftServerConfigKeys (ConfUtils.java:logGet(43)) - raft.server.snapshot.auto.trigger.threshold = 10000 (custom)
2019-10-02 17:53:06,011 [pool-87-thread-1] INFO  server.RaftServerConfigKeys (ConfUtils.java:logGet(43)) - raft.server.log.statemachine.data.sync.timeout = 10s (default)
2019-10-02 17:53:06,010 [pool-47-thread-1] INFO  server.RaftServerConfigKeys (ConfUtils.java:logGet(43)) - raft.server.log.statemachine.data.caching.enabled = true (custom)
2019-10-02 17:53:06,011 [pool-87-thread-1] INFO  server.RaftServerConfigKeys (ConfUtils.java:logGet(43)) - raft.server.log.statemachine.data.sync.timeout.retry = -1 (default)
2019-10-02 17:53:06,011 [pool-47-thread-1] INFO  segmented.SegmentedRaftLogWorker (SegmentedRaftLogWorker.java:lambda$new$0(128)) - c6bdf12a-094f-42bc-87c0-f082ef291ed8@group-43DE3AA5D608-SegmentedRaftLogWorker: flushIndex: setUnconditionally 0 -> -1
2019-10-02 17:53:06,011 [pool-27-thread-1] INFO  server.RaftServerConfigKeys (ConfUtils.java:logGet(43)) - raft.server.snapshot.retention.file.num = 5 (custom)
2019-10-02 17:53:06,011 [pool-87-thread-1] INFO  server.RaftServerConfigKeys (ConfUtils.java:logGet(43)) - raft.server.log.statemachine.data.caching.enabled = true (custom)
2019-10-02 17:53:06,011 [pool-47-thread-1] INFO  server.RaftServerConfigKeys (ConfUtils.java:logGet(43)) - raft.server.snapshot.auto.trigger.enabled = true (custom)
2019-10-02 17:53:06,011 [pool-27-thread-1] INFO  server.RaftServerConfigKeys (ConfUtils.java:logGet(43)) - raft.server.retrycache.expirytime = 600000ms (custom)
2019-10-02 17:53:06,012 [pool-47-thread-1] INFO  server.RaftServerConfigKeys (ConfUtils.java:logGet(43)) - raft.server.snapshot.auto.trigger.threshold = 10000 (custom)
2019-10-02 17:53:06,012 [pool-87-thread-1] INFO  segmented.SegmentedRaftLogWorker (SegmentedRaftLogWorker.java:lambda$new$0(128)) - e7bd1734-ef6c-4cf8-b88c-8a1061e7af66@group-43DE3AA5D608-SegmentedRaftLogWorker: flushIndex: setUnconditionally 0 -> -1
2019-10-02 17:53:06,012 [pool-47-thread-1] INFO  server.RaftServerConfigKeys (ConfUtils.java:logGet(43)) - raft.server.snapshot.retention.file.num = 5 (custom)
2019-10-02 17:53:06,012 [pool-47-thread-1] INFO  server.RaftServerConfigKeys (ConfUtils.java:logGet(43)) - raft.server.retrycache.expirytime = 600000ms (custom)
2019-10-02 17:53:06,012 [pool-87-thread-1] INFO  server.RaftServerConfigKeys (ConfUtils.java:logGet(43)) - raft.server.snapshot.auto.trigger.enabled = true (custom)
2019-10-02 17:53:06,012 [pool-87-thread-1] INFO  server.RaftServerConfigKeys (ConfUtils.java:logGet(43)) - raft.server.snapshot.auto.trigger.threshold = 10000 (custom)
2019-10-02 17:53:06,012 [pool-87-thread-1] INFO  server.RaftServerConfigKeys (ConfUtils.java:logGet(43)) - raft.server.snapshot.retention.file.num = 5 (custom)
2019-10-02 17:53:06,013 [pool-87-thread-1] INFO  server.RaftServerConfigKeys (ConfUtils.java:logGet(43)) - raft.server.retrycache.expirytime = 600000ms (custom)
2019-10-02 17:53:06,016 [pool-47-thread-1] INFO  impl.RaftServerImpl (RaftServerImpl.java:start(181)) - c6bdf12a-094f-42bc-87c0-f082ef291ed8@group-43DE3AA5D608: start as a follower, conf=-1: [c6bdf12a-094f-42bc-87c0-f082ef291ed8:192.168.151.72:33846, e7bd1734-ef6c-4cf8-b88c-8a1061e7af66:192.168.151.72:41308, 49c112d4-02f4-49c2-90bf-c7b46ec7b63a:192.168.151.72:42976], old=null
2019-10-02 17:53:06,016 [pool-27-thread-1] INFO  impl.RaftServerImpl (RaftServerImpl.java:start(181)) - 49c112d4-02f4-49c2-90bf-c7b46ec7b63a@group-43DE3AA5D608: start as a follower, conf=-1: [c6bdf12a-094f-42bc-87c0-f082ef291ed8:192.168.151.72:33846, e7bd1734-ef6c-4cf8-b88c-8a1061e7af66:192.168.151.72:41308, 49c112d4-02f4-49c2-90bf-c7b46ec7b63a:192.168.151.72:42976], old=null
2019-10-02 17:53:06,016 [pool-47-thread-1] INFO  impl.RaftServerImpl (RaftServerImpl.java:setRole(170)) - c6bdf12a-094f-42bc-87c0-f082ef291ed8@group-43DE3AA5D608: changes role from      null to FOLLOWER at term 0 for startAsFollower
2019-10-02 17:53:06,016 [pool-27-thread-1] INFO  impl.RaftServerImpl (RaftServerImpl.java:setRole(170)) - 49c112d4-02f4-49c2-90bf-c7b46ec7b63a@group-43DE3AA5D608: changes role from      null to FOLLOWER at term 0 for startAsFollower
2019-10-02 17:53:06,017 [pool-47-thread-1] INFO  impl.RoleInfo (RoleInfo.java:updateAndGet(143)) - c6bdf12a-094f-42bc-87c0-f082ef291ed8: start FollowerState
2019-10-02 17:53:06,017 [pool-27-thread-1] INFO  impl.RoleInfo (RoleInfo.java:updateAndGet(143)) - 49c112d4-02f4-49c2-90bf-c7b46ec7b63a: start FollowerState
2019-10-02 17:53:06,017 [pool-87-thread-1] INFO  impl.RaftServerImpl (RaftServerImpl.java:start(181)) - e7bd1734-ef6c-4cf8-b88c-8a1061e7af66@group-43DE3AA5D608: start as a follower, conf=-1: [c6bdf12a-094f-42bc-87c0-f082ef291ed8:192.168.151.72:33846, e7bd1734-ef6c-4cf8-b88c-8a1061e7af66:192.168.151.72:41308, 49c112d4-02f4-49c2-90bf-c7b46ec7b63a:192.168.151.72:42976], old=null
2019-10-02 17:53:06,017 [pool-87-thread-1] INFO  impl.RaftServerImpl (RaftServerImpl.java:setRole(170)) - e7bd1734-ef6c-4cf8-b88c-8a1061e7af66@group-43DE3AA5D608: changes role from      null to FOLLOWER at term 0 for startAsFollower
2019-10-02 17:53:06,017 [pool-27-thread-1] INFO  util.JmxRegister (JmxRegister.java:tryRegister(44)) - Successfully registered JMX Bean with object name Ratis:service=RaftServer,group=group-43DE3AA5D608,id=49c112d4-02f4-49c2-90bf-c7b46ec7b63a
2019-10-02 17:53:06,017 [pool-47-thread-1] INFO  util.JmxRegister (JmxRegister.java:tryRegister(44)) - Successfully registered JMX Bean with object name Ratis:service=RaftServer,group=group-43DE3AA5D608,id=c6bdf12a-094f-42bc-87c0-f082ef291ed8
2019-10-02 17:53:06,017 [pool-87-thread-1] INFO  impl.RoleInfo (RoleInfo.java:updateAndGet(143)) - e7bd1734-ef6c-4cf8-b88c-8a1061e7af66: start FollowerState
2019-10-02 17:53:06,018 [pool-87-thread-1] INFO  util.JmxRegister (JmxRegister.java:tryRegister(44)) - Successfully registered JMX Bean with object name Ratis:service=RaftServer,group=group-43DE3AA5D608,id=e7bd1734-ef6c-4cf8-b88c-8a1061e7af66
2019-10-02 17:53:06,023 [RatisPipelineUtilsThread] INFO  pipeline.PipelineStateManager (PipelineStateManager.java:addPipeline(56)) - Created pipeline Pipeline[ Id: bbfc8ff8-c92e-4692-945f-43de3aa5d608, Nodes: e7bd1734-ef6c-4cf8-b88c-8a1061e7af66{ip: 192.168.151.72, host: pr-trunk-fgz7f-2353921243, networkLocation: /default-rack, certSerialId: null}49c112d4-02f4-49c2-90bf-c7b46ec7b63a{ip: 192.168.151.72, host: pr-trunk-fgz7f-2353921243, networkLocation: /default-rack, certSerialId: null}c6bdf12a-094f-42bc-87c0-f082ef291ed8{ip: 192.168.151.72, host: pr-trunk-fgz7f-2353921243, networkLocation: /default-rack, certSerialId: null}, Type:RATIS, Factor:THREE, State:OPEN]
2019-10-02 17:53:06,547 [java.util.concurrent.ThreadPoolExecutor$Worker@4e0daaa8[State = -1, empty queue]] ERROR client.GrpcClientProtocolClient (GrpcClientProtocolClient.java:close(148)) - Unexpected exception while waiting for channel termination
java.lang.InterruptedException
	at java.util.concurrent.locks.AbstractQueuedSynchronizer.tryAcquireSharedNanos(AbstractQueuedSynchronizer.java:1326)
	at java.util.concurrent.CountDownLatch.await(CountDownLatch.java:277)
	at org.apache.ratis.thirdparty.io.grpc.internal.ManagedChannelImpl.awaitTermination(ManagedChannelImpl.java:763)
	at org.apache.ratis.thirdparty.io.grpc.internal.ForwardingManagedChannel.awaitTermination(ForwardingManagedChannel.java:57)
	at org.apache.ratis.thirdparty.io.grpc.internal.ManagedChannelOrphanWrapper.awaitTermination(ManagedChannelOrphanWrapper.java:70)
	at org.apache.ratis.grpc.client.GrpcClientProtocolClient.close(GrpcClientProtocolClient.java:146)
	at org.apache.ratis.util.PeerProxyMap$PeerAndProxy.lambda$close$1(PeerProxyMap.java:74)
	at org.apache.ratis.util.LifeCycle.lambda$checkStateAndClose$2(LifeCycle.java:231)
	at org.apache.ratis.util.LifeCycle.checkStateAndClose(LifeCycle.java:251)
	at org.apache.ratis.util.LifeCycle.checkStateAndClose(LifeCycle.java:229)
	at org.apache.ratis.util.PeerProxyMap$PeerAndProxy.close(PeerProxyMap.java:70)
	at org.apache.ratis.util.PeerProxyMap.resetProxy(PeerProxyMap.java:127)
	at org.apache.ratis.util.PeerProxyMap.handleException(PeerProxyMap.java:136)
	at org.apache.ratis.client.impl.RaftClientRpcWithProxy.handleException(RaftClientRpcWithProxy.java:47)
	at org.apache.ratis.client.impl.RaftClientImpl.handleIOException(RaftClientImpl.java:372)
	at org.apache.ratis.client.impl.OrderedAsync.lambda$sendRequest$10(OrderedAsync.java:236)
	at java.util.concurrent.CompletableFuture.uniExceptionally(CompletableFuture.java:870)
	at java.util.concurrent.CompletableFuture$UniExceptionally.tryFire(CompletableFuture.java:852)
	at java.util.concurrent.CompletableFuture.postComplete(CompletableFuture.java:474)
	at java.util.concurrent.CompletableFuture.completeExceptionally(CompletableFuture.java:1977)
	at org.apache.ratis.grpc.client.GrpcClientProtocolClient$AsyncStreamObservers.lambda$timeoutCheck$3(GrpcClientProtocolClient.java:324)
	at java.util.Optional.ifPresent(Optional.java:159)
	at org.apache.ratis.grpc.client.GrpcClientProtocolClient$AsyncStreamObservers.handleReplyFuture(GrpcClientProtocolClient.java:329)
	at org.apache.ratis.grpc.client.GrpcClientProtocolClient$AsyncStreamObservers.timeoutCheck(GrpcClientProtocolClient.java:324)
	at org.apache.ratis.grpc.client.GrpcClientProtocolClient$AsyncStreamObservers.lambda$onNext$1(GrpcClientProtocolClient.java:318)
	at org.apache.ratis.util.TimeoutScheduler.lambda$onTimeout$0(TimeoutScheduler.java:113)
	at org.apache.ratis.util.TimeoutScheduler.lambda$onTimeout$1(TimeoutScheduler.java:133)
	at org.apache.ratis.util.LogUtils.runAndLog(LogUtils.java:50)
	at org.apache.ratis.util.LogUtils$1.run(LogUtils.java:91)
	at java.util.concurrent.Executors$RunnableAdapter.call(Executors.java:511)
	at java.util.concurrent.FutureTask.run(FutureTask.java:266)
	at java.util.concurrent.ScheduledThreadPoolExecutor$ScheduledFutureTask.access$201(ScheduledThreadPoolExecutor.java:180)
	at java.util.concurrent.ScheduledThreadPoolExecutor$ScheduledFutureTask.run(ScheduledThreadPoolExecutor.java:293)
	at java.util.concurrent.ThreadPoolExecutor.runWorker(ThreadPoolExecutor.java:1149)
	at java.util.concurrent.ThreadPoolExecutor$Worker.run(ThreadPoolExecutor.java:624)
	at java.lang.Thread.run(Thread.java:748)
2019-10-02 17:53:06,551 [java.util.concurrent.ThreadPoolExecutor$Worker@4e0daaa8[State = -1, empty queue]] WARN  util.TimeoutScheduler (LogUtils.java:runAndLog(55)) - Failed to task #0: java.lang.NullPointerException
2019-10-02 17:53:10,577 [java.util.concurrent.ThreadPoolExecutor$Worker@52603830[State = -1, empty queue]] ERROR client.GrpcClientProtocolClient (GrpcClientProtocolClient.java:close(148)) - Unexpected exception while waiting for channel termination
java.lang.InterruptedException
	at java.util.concurrent.locks.AbstractQueuedSynchronizer.tryAcquireSharedNanos(AbstractQueuedSynchronizer.java:1326)
	at java.util.concurrent.CountDownLatch.await(CountDownLatch.java:277)
	at org.apache.ratis.thirdparty.io.grpc.internal.ManagedChannelImpl.awaitTermination(ManagedChannelImpl.java:763)
	at org.apache.ratis.thirdparty.io.grpc.internal.ForwardingManagedChannel.awaitTermination(ForwardingManagedChannel.java:57)
	at org.apache.ratis.thirdparty.io.grpc.internal.ManagedChannelOrphanWrapper.awaitTermination(ManagedChannelOrphanWrapper.java:70)
	at org.apache.ratis.grpc.client.GrpcClientProtocolClient.close(GrpcClientProtocolClient.java:146)
	at org.apache.ratis.util.PeerProxyMap$PeerAndProxy.lambda$close$1(PeerProxyMap.java:74)
	at org.apache.ratis.util.LifeCycle.lambda$checkStateAndClose$2(LifeCycle.java:231)
	at org.apache.ratis.util.LifeCycle.checkStateAndClose(LifeCycle.java:251)
	at org.apache.ratis.util.LifeCycle.checkStateAndClose(LifeCycle.java:229)
	at org.apache.ratis.util.PeerProxyMap$PeerAndProxy.close(PeerProxyMap.java:70)
	at org.apache.ratis.util.PeerProxyMap.resetProxy(PeerProxyMap.java:127)
	at org.apache.ratis.util.PeerProxyMap.handleException(PeerProxyMap.java:136)
	at org.apache.ratis.client.impl.RaftClientRpcWithProxy.handleException(RaftClientRpcWithProxy.java:47)
	at org.apache.ratis.client.impl.RaftClientImpl.handleIOException(RaftClientImpl.java:372)
	at org.apache.ratis.client.impl.OrderedAsync.lambda$sendRequest$10(OrderedAsync.java:236)
	at java.util.concurrent.CompletableFuture.uniExceptionally(CompletableFuture.java:870)
	at java.util.concurrent.CompletableFuture$UniExceptionally.tryFire(CompletableFuture.java:852)
	at java.util.concurrent.CompletableFuture.postComplete(CompletableFuture.java:474)
	at java.util.concurrent.CompletableFuture.completeExceptionally(CompletableFuture.java:1977)
	at org.apache.ratis.grpc.client.GrpcClientProtocolClient$AsyncStreamObservers.lambda$timeoutCheck$3(GrpcClientProtocolClient.java:324)
	at java.util.Optional.ifPresent(Optional.java:159)
	at org.apache.ratis.grpc.client.GrpcClientProtocolClient$AsyncStreamObservers.handleReplyFuture(GrpcClientProtocolClient.java:329)
	at org.apache.ratis.grpc.client.GrpcClientProtocolClient$AsyncStreamObservers.timeoutCheck(GrpcClientProtocolClient.java:324)
	at org.apache.ratis.grpc.client.GrpcClientProtocolClient$AsyncStreamObservers.lambda$onNext$1(GrpcClientProtocolClient.java:318)
	at org.apache.ratis.util.TimeoutScheduler.lambda$onTimeout$0(TimeoutScheduler.java:113)
	at org.apache.ratis.util.TimeoutScheduler.lambda$onTimeout$1(TimeoutScheduler.java:133)
	at org.apache.ratis.util.LogUtils.runAndLog(LogUtils.java:50)
	at org.apache.ratis.util.LogUtils$1.run(LogUtils.java:91)
	at java.util.concurrent.Executors$RunnableAdapter.call(Executors.java:511)
	at java.util.concurrent.FutureTask.run(FutureTask.java:266)
	at java.util.concurrent.ScheduledThreadPoolExecutor$ScheduledFutureTask.access$201(ScheduledThreadPoolExecutor.java:180)
	at java.util.concurrent.ScheduledThreadPoolExecutor$ScheduledFutureTask.run(ScheduledThreadPoolExecutor.java:293)
	at java.util.concurrent.ThreadPoolExecutor.runWorker(ThreadPoolExecutor.java:1149)
	at java.util.concurrent.ThreadPoolExecutor$Worker.run(ThreadPoolExecutor.java:624)
	at java.lang.Thread.run(Thread.java:748)
2019-10-02 17:53:10,579 [java.util.concurrent.ThreadPoolExecutor$Worker@52603830[State = -1, empty queue]] WARN  util.TimeoutScheduler (LogUtils.java:runAndLog(55)) - Failed to task #0: java.lang.NullPointerException
2019-10-02 17:53:11,073 [Thread-1059] INFO  impl.FollowerState (FollowerState.java:run(108)) - c6bdf12a-094f-42bc-87c0-f082ef291ed8@group-43DE3AA5D608-FollowerState: change to CANDIDATE, lastRpcTime:5056ms, electionTimeout:5056ms
2019-10-02 17:53:11,077 [Thread-1059] INFO  impl.RoleInfo (RoleInfo.java:shutdownFollowerState(121)) - c6bdf12a-094f-42bc-87c0-f082ef291ed8: shutdown FollowerState
2019-10-02 17:53:11,077 [Thread-1059] INFO  impl.RaftServerImpl (RaftServerImpl.java:setRole(170)) - c6bdf12a-094f-42bc-87c0-f082ef291ed8@group-43DE3AA5D608: changes role from  FOLLOWER to CANDIDATE at term 0 for changeToCandidate
2019-10-02 17:53:11,077 [Thread-1059] INFO  impl.RoleInfo (RoleInfo.java:updateAndGet(143)) - c6bdf12a-094f-42bc-87c0-f082ef291ed8: start LeaderElection
2019-10-02 17:53:11,099 [c6bdf12a-094f-42bc-87c0-f082ef291ed8@group-43DE3AA5D608-LeaderElection17] INFO  impl.LeaderElection (LeaderElection.java:askForVotes(178)) - c6bdf12a-094f-42bc-87c0-f082ef291ed8@group-43DE3AA5D608-LeaderElection17: begin an election at term 1 for -1: [c6bdf12a-094f-42bc-87c0-f082ef291ed8:192.168.151.72:33846, e7bd1734-ef6c-4cf8-b88c-8a1061e7af66:192.168.151.72:41308, 49c112d4-02f4-49c2-90bf-c7b46ec7b63a:192.168.151.72:42976], old=null
2019-10-02 17:53:11,100 [Thread-1060] INFO  impl.FollowerState (FollowerState.java:run(108)) - 49c112d4-02f4-49c2-90bf-c7b46ec7b63a@group-43DE3AA5D608-FollowerState: change to CANDIDATE, lastRpcTime:5083ms, electionTimeout:5083ms
2019-10-02 17:53:11,100 [Thread-1060] INFO  impl.RoleInfo (RoleInfo.java:shutdownFollowerState(121)) - 49c112d4-02f4-49c2-90bf-c7b46ec7b63a: shutdown FollowerState
2019-10-02 17:53:11,100 [Thread-1060] INFO  impl.RaftServerImpl (RaftServerImpl.java:setRole(170)) - 49c112d4-02f4-49c2-90bf-c7b46ec7b63a@group-43DE3AA5D608: changes role from  FOLLOWER to CANDIDATE at term 0 for changeToCandidate
2019-10-02 17:53:11,101 [Thread-1060] INFO  impl.RoleInfo (RoleInfo.java:updateAndGet(143)) - 49c112d4-02f4-49c2-90bf-c7b46ec7b63a: start LeaderElection
2019-10-02 17:53:11,105 [grpc-default-executor-8] INFO  impl.RaftServerImpl (RaftServerImpl.java:setRole(170)) - e7bd1734-ef6c-4cf8-b88c-8a1061e7af66@group-43DE3AA5D608: changes role from  FOLLOWER to FOLLOWER at term 1 for recognizeCandidate:c6bdf12a-094f-42bc-87c0-f082ef291ed8
2019-10-02 17:53:11,105 [grpc-default-executor-8] INFO  impl.RoleInfo (RoleInfo.java:shutdownFollowerState(121)) - e7bd1734-ef6c-4cf8-b88c-8a1061e7af66: shutdown FollowerState
2019-10-02 17:53:11,106 [grpc-default-executor-8] INFO  impl.RoleInfo (RoleInfo.java:updateAndGet(143)) - e7bd1734-ef6c-4cf8-b88c-8a1061e7af66: start FollowerState
2019-10-02 17:53:11,108 [grpc-default-executor-3] INFO  impl.RaftServerImpl (RaftServerImpl.java:setRole(170)) - 49c112d4-02f4-49c2-90bf-c7b46ec7b63a@group-43DE3AA5D608: changes role from CANDIDATE to FOLLOWER at term 1 for recognizeCandidate:c6bdf12a-094f-42bc-87c0-f082ef291ed8
2019-10-02 17:53:11,108 [grpc-default-executor-3] INFO  impl.RoleInfo (RoleInfo.java:shutdownLeaderElection(134)) - 49c112d4-02f4-49c2-90bf-c7b46ec7b63a: shutdown LeaderElection
2019-10-02 17:53:11,108 [Thread-1061] INFO  impl.FollowerState (FollowerState.java:run(117)) - e7bd1734-ef6c-4cf8-b88c-8a1061e7af66@group-43DE3AA5D608-FollowerState was interrupted: java.lang.InterruptedException: sleep interrupted
2019-10-02 17:53:11,109 [grpc-default-executor-3] INFO  impl.RoleInfo (RoleInfo.java:updateAndGet(143)) - 49c112d4-02f4-49c2-90bf-c7b46ec7b63a: start FollowerState
2019-10-02 17:53:11,125 [c6bdf12a-094f-42bc-87c0-f082ef291ed8@group-43DE3AA5D608-LeaderElection17] INFO  impl.LeaderElection (LeaderElection.java:logAndReturn(56)) - c6bdf12a-094f-42bc-87c0-f082ef291ed8@group-43DE3AA5D608-LeaderElection17: Election PASSED; received 1 response(s) [c6bdf12a-094f-42bc-87c0-f082ef291ed8<-e7bd1734-ef6c-4cf8-b88c-8a1061e7af66#0:OK-t1] and 0 exception(s); c6bdf12a-094f-42bc-87c0-f082ef291ed8@group-43DE3AA5D608:t1, leader=null, voted=c6bdf12a-094f-42bc-87c0-f082ef291ed8, raftlog=c6bdf12a-094f-42bc-87c0-f082ef291ed8@group-43DE3AA5D608-SegmentedRaftLog:OPENED:c-1,f-1,i0, conf=-1: [c6bdf12a-094f-42bc-87c0-f082ef291ed8:192.168.151.72:33846, e7bd1734-ef6c-4cf8-b88c-8a1061e7af66:192.168.151.72:41308, 49c112d4-02f4-49c2-90bf-c7b46ec7b63a:192.168.151.72:42976], old=null
2019-10-02 17:53:11,125 [c6bdf12a-094f-42bc-87c0-f082ef291ed8@group-43DE3AA5D608-LeaderElection17] INFO  impl.RoleInfo (RoleInfo.java:shutdownLeaderElection(134)) - c6bdf12a-094f-42bc-87c0-f082ef291ed8: shutdown LeaderElection
2019-10-02 17:53:11,126 [c6bdf12a-094f-42bc-87c0-f082ef291ed8@group-43DE3AA5D608-LeaderElection17] INFO  impl.RaftServerImpl (RaftServerImpl.java:setRole(170)) - c6bdf12a-094f-42bc-87c0-f082ef291ed8@group-43DE3AA5D608: changes role from CANDIDATE to LEADER at term 1 for changeToLeader
2019-10-02 17:53:11,126 [c6bdf12a-094f-42bc-87c0-f082ef291ed8@group-43DE3AA5D608-LeaderElection17] INFO  impl.RaftServerImpl (ServerState.java:setLeader(255)) - c6bdf12a-094f-42bc-87c0-f082ef291ed8@group-43DE3AA5D608: change Leader from null to c6bdf12a-094f-42bc-87c0-f082ef291ed8 at term 1 for becomeLeader, leader elected after 5121ms
2019-10-02 17:53:11,126 [c6bdf12a-094f-42bc-87c0-f082ef291ed8@group-43DE3AA5D608-LeaderElection17] INFO  server.RaftServerConfigKeys (ConfUtils.java:logGet(43)) - raft.server.staging.catchup.gap = 1000 (default)
2019-10-02 17:53:11,126 [c6bdf12a-094f-42bc-87c0-f082ef291ed8@group-43DE3AA5D608-LeaderElection17] INFO  server.RaftServerConfigKeys (ConfUtils.java:logGet(43)) - raft.server.rpc.sleep.time = 25ms (default)
2019-10-02 17:53:11,126 [c6bdf12a-094f-42bc-87c0-f082ef291ed8@group-43DE3AA5D608-LeaderElection17] INFO  server.RaftServerConfigKeys (ConfUtils.java:logGet(43)) - raft.server.write.element-limit = 4096 (default)
2019-10-02 17:53:11,126 [c6bdf12a-094f-42bc-87c0-f082ef291ed8@group-43DE3AA5D608-LeaderElection17] INFO  server.RaftServerConfigKeys (ConfUtils.java:logGet(43)) - raft.server.watch.timeout = 10s (default)
2019-10-02 17:53:11,127 [c6bdf12a-094f-42bc-87c0-f082ef291ed8@group-43DE3AA5D608-LeaderElection17] INFO  server.RaftServerConfigKeys (ConfUtils.java:logGet(43)) - raft.server.watch.timeout.denomination = 1s (default)
2019-10-02 17:53:11,127 [c6bdf12a-094f-42bc-87c0-f082ef291ed8@group-43DE3AA5D608-LeaderElection17] INFO  server.RaftServerConfigKeys (ConfUtils.java:logGet(43)) - raft.server.watch.element-limit = 65536 (default)
2019-10-02 17:53:11,129 [c6bdf12a-094f-42bc-87c0-f082ef291ed8@group-43DE3AA5D608-LeaderElection17] INFO  server.RaftServerConfigKeys (ConfUtils.java:logGet(43)) - raft.server.log.appender.snapshot.chunk.size.max = 16MB (=16777216) (default)
2019-10-02 17:53:11,130 [c6bdf12a-094f-42bc-87c0-f082ef291ed8@group-43DE3AA5D608-LeaderElection17] INFO  server.RaftServerConfigKeys (ConfUtils.java:logGet(43)) - raft.server.log.appender.buffer.byte-limit = 33554432 (custom)
2019-10-02 17:53:11,130 [c6bdf12a-094f-42bc-87c0-f082ef291ed8@group-43DE3AA5D608-LeaderElection17] INFO  server.RaftServerConfigKeys (ConfUtils.java:logGet(43)) - raft.server.log.appender.buffer.element-limit = 1 (custom)
2019-10-02 17:53:11,130 [c6bdf12a-094f-42bc-87c0-f082ef291ed8@group-43DE3AA5D608-LeaderElection17] INFO  grpc.GrpcConfigKeys$Server (ConfUtils.java:logGet(43)) - raft.grpc.server.leader.outstanding.appends.max = 128 (default)
2019-10-02 17:53:11,130 [c6bdf12a-094f-42bc-87c0-f082ef291ed8@group-43DE3AA5D608-LeaderElection17] INFO  server.RaftServerConfigKeys (ConfUtils.java:logGet(43)) - raft.server.rpc.request.timeout = 3000ms (default)
2019-10-02 17:53:11,130 [c6bdf12a-094f-42bc-87c0-f082ef291ed8@group-43DE3AA5D608-LeaderElection17] INFO  server.RaftServerConfigKeys (ConfUtils.java:logGet(43)) - raft.server.log.appender.install.snapshot.enabled = false (custom)
2019-10-02 17:53:11,131 [c6bdf12a-094f-42bc-87c0-f082ef291ed8@group-43DE3AA5D608-LeaderElection17] INFO  server.RaftServerConfigKeys (ConfUtils.java:logGet(43)) - raft.server.log.appender.snapshot.chunk.size.max = 16MB (=16777216) (default)
2019-10-02 17:53:11,131 [c6bdf12a-094f-42bc-87c0-f082ef291ed8@group-43DE3AA5D608-LeaderElection17] INFO  server.RaftServerConfigKeys (ConfUtils.java:logGet(43)) - raft.server.log.appender.buffer.byte-limit = 33554432 (custom)
2019-10-02 17:53:11,131 [c6bdf12a-094f-42bc-87c0-f082ef291ed8@group-43DE3AA5D608-LeaderElection17] INFO  server.RaftServerConfigKeys (ConfUtils.java:logGet(43)) - raft.server.log.appender.buffer.element-limit = 1 (custom)
2019-10-02 17:53:11,131 [c6bdf12a-094f-42bc-87c0-f082ef291ed8@group-43DE3AA5D608-LeaderElection17] INFO  grpc.GrpcConfigKeys$Server (ConfUtils.java:logGet(43)) - raft.grpc.server.leader.outstanding.appends.max = 128 (default)
2019-10-02 17:53:11,131 [c6bdf12a-094f-42bc-87c0-f082ef291ed8@group-43DE3AA5D608-LeaderElection17] INFO  server.RaftServerConfigKeys (ConfUtils.java:logGet(43)) - raft.server.rpc.request.timeout = 3000ms (default)
2019-10-02 17:53:11,132 [c6bdf12a-094f-42bc-87c0-f082ef291ed8@group-43DE3AA5D608-LeaderElection17] INFO  server.RaftServerConfigKeys (ConfUtils.java:logGet(43)) - raft.server.log.appender.install.snapshot.enabled = false (custom)
2019-10-02 17:53:11,132 [c6bdf12a-094f-42bc-87c0-f082ef291ed8@group-43DE3AA5D608-LeaderElection17] INFO  impl.RoleInfo (RoleInfo.java:updateAndGet(143)) - c6bdf12a-094f-42bc-87c0-f082ef291ed8: start LeaderState
2019-10-02 17:53:11,132 [c6bdf12a-094f-42bc-87c0-f082ef291ed8@group-43DE3AA5D608-LeaderElection17] INFO  segmented.SegmentedRaftLogWorker (SegmentedRaftLogWorker.java:startLogSegment(385)) - c6bdf12a-094f-42bc-87c0-f082ef291ed8@group-43DE3AA5D608-SegmentedRaftLogWorker: Starting segment from index:0
2019-10-02 17:53:11,133 [c6bdf12a-094f-42bc-87c0-f082ef291ed8@group-43DE3AA5D608-LeaderElection17] INFO  impl.RaftServerImpl (ServerState.java:setRaftConf(356)) - c6bdf12a-094f-42bc-87c0-f082ef291ed8@group-43DE3AA5D608: set configuration 0: [c6bdf12a-094f-42bc-87c0-f082ef291ed8:192.168.151.72:33846, e7bd1734-ef6c-4cf8-b88c-8a1061e7af66:192.168.151.72:41308, 49c112d4-02f4-49c2-90bf-c7b46ec7b63a:192.168.151.72:42976], old=null at 0
2019-10-02 17:53:11,158 [grpc-default-executor-3] INFO  impl.RaftServerImpl (ServerState.java:setLeader(255)) - e7bd1734-ef6c-4cf8-b88c-8a1061e7af66@group-43DE3AA5D608: change Leader from null to c6bdf12a-094f-42bc-87c0-f082ef291ed8 at term 1 for appendEntries, leader elected after 5153ms
2019-10-02 17:53:11,160 [49c112d4-02f4-49c2-90bf-c7b46ec7b63a@group-43DE3AA5D608-LeaderElection18] INFO  impl.LeaderElection (LeaderElection.java:askForVotes(178)) - 49c112d4-02f4-49c2-90bf-c7b46ec7b63a@group-43DE3AA5D608-LeaderElection18: begin an election at term 2 for -1: [c6bdf12a-094f-42bc-87c0-f082ef291ed8:192.168.151.72:33846, e7bd1734-ef6c-4cf8-b88c-8a1061e7af66:192.168.151.72:41308, 49c112d4-02f4-49c2-90bf-c7b46ec7b63a:192.168.151.72:42976], old=null
2019-10-02 17:53:11,161 [49c112d4-02f4-49c2-90bf-c7b46ec7b63a@group-43DE3AA5D608-LeaderElection18] INFO  impl.LeaderElection (LeaderElection.java:logAndReturn(56)) - 49c112d4-02f4-49c2-90bf-c7b46ec7b63a@group-43DE3AA5D608-LeaderElection18: Election REJECTED; received 0 response(s) [] and 0 exception(s); 49c112d4-02f4-49c2-90bf-c7b46ec7b63a@group-43DE3AA5D608:t2, leader=null, voted=49c112d4-02f4-49c2-90bf-c7b46ec7b63a, raftlog=49c112d4-02f4-49c2-90bf-c7b46ec7b63a@group-43DE3AA5D608-SegmentedRaftLog:OPENED:c-1,f-1,i0, conf=-1: [c6bdf12a-094f-42bc-87c0-f082ef291ed8:192.168.151.72:33846, e7bd1734-ef6c-4cf8-b88c-8a1061e7af66:192.168.151.72:41308, 49c112d4-02f4-49c2-90bf-c7b46ec7b63a:192.168.151.72:42976], old=null
2019-10-02 17:53:11,162 [grpc-default-executor-2] INFO  impl.RaftServerImpl (ServerState.java:setRaftConf(356)) - e7bd1734-ef6c-4cf8-b88c-8a1061e7af66@group-43DE3AA5D608: set configuration 0: [c6bdf12a-094f-42bc-87c0-f082ef291ed8:192.168.151.72:33846, e7bd1734-ef6c-4cf8-b88c-8a1061e7af66:192.168.151.72:41308, 49c112d4-02f4-49c2-90bf-c7b46ec7b63a:192.168.151.72:42976], old=null at 0
2019-10-02 17:53:11,163 [grpc-default-executor-2] INFO  segmented.SegmentedRaftLogWorker (SegmentedRaftLogWorker.java:startLogSegment(385)) - e7bd1734-ef6c-4cf8-b88c-8a1061e7af66@group-43DE3AA5D608-SegmentedRaftLogWorker: Starting segment from index:0
2019-10-02 17:53:11,163 [grpc-default-executor-8] INFO  impl.RaftServerImpl (ServerState.java:setLeader(255)) - c6bdf12a-094f-42bc-87c0-f082ef291ed8@group-43DE3AA5D608: change Leader from c6bdf12a-094f-42bc-87c0-f082ef291ed8 to null at term 2 for updateCurrentTerm
2019-10-02 17:53:11,165 [grpc-default-executor-8] INFO  impl.RaftServerImpl (RaftServerImpl.java:setRole(170)) - c6bdf12a-094f-42bc-87c0-f082ef291ed8@group-43DE3AA5D608: changes role from    LEADER to FOLLOWER at term 2 for recognizeCandidate:49c112d4-02f4-49c2-90bf-c7b46ec7b63a
2019-10-02 17:53:11,165 [grpc-default-executor-8] INFO  impl.RoleInfo (RoleInfo.java:shutdownLeaderState(104)) - c6bdf12a-094f-42bc-87c0-f082ef291ed8: shutdown LeaderState
2019-10-02 17:53:11,168 [grpc-default-executor-8] INFO  impl.PendingRequests (PendingRequests.java:sendNotLeaderResponses(202)) - c6bdf12a-094f-42bc-87c0-f082ef291ed8@group-43DE3AA5D608-PendingRequests: sendNotLeaderResponses
2019-10-02 17:53:11,168 [org.apache.ratis.server.impl.LogAppender$AppenderDaemon$$Lambda$525/299265970@43d883d5] WARN  server.GrpcLogAppender (GrpcLogAppender.java:mayWait(143)) - c6bdf12a-094f-42bc-87c0-f082ef291ed8@group-43DE3AA5D608->49c112d4-02f4-49c2-90bf-c7b46ec7b63a-GrpcLogAppender: Wait interrupted by java.lang.InterruptedException
2019-10-02 17:53:11,169 [grpc-default-executor-8] INFO  impl.RoleInfo (RoleInfo.java:updateAndGet(143)) - c6bdf12a-094f-42bc-87c0-f082ef291ed8: start FollowerState
2019-10-02 17:53:11,169 [org.apache.ratis.server.impl.LogAppender$AppenderDaemon$$Lambda$525/299265970@6eeb6197] WARN  server.GrpcLogAppender (GrpcLogAppender.java:mayWait(143)) - c6bdf12a-094f-42bc-87c0-f082ef291ed8@group-43DE3AA5D608->e7bd1734-ef6c-4cf8-b88c-8a1061e7af66-GrpcLogAppender: Wait interrupted by java.lang.InterruptedException
2019-10-02 17:53:11,169 [grpc-default-executor-3] INFO  server.GrpcServerProtocolService (GrpcServerProtocolService.java:onCompleted(113)) - 49c112d4-02f4-49c2-90bf-c7b46ec7b63a: Completed APPEND_ENTRIES, lastRequest: c6bdf12a-094f-42bc-87c0-f082ef291ed8->49c112d4-02f4-49c2-90bf-c7b46ec7b63a#0-t1, previous=(t:0, i:0), leaderCommit=-1, initializing? false, entries: <empty>
2019-10-02 17:53:11,169 [grpc-default-executor-7] INFO  impl.RaftServerImpl (ServerState.java:setLeader(255)) - e7bd1734-ef6c-4cf8-b88c-8a1061e7af66@group-43DE3AA5D608: change Leader from c6bdf12a-094f-42bc-87c0-f082ef291ed8 to null at term 2 for updateCurrentTerm
2019-10-02 17:53:11,169 [grpc-default-executor-2] INFO  server.GrpcServerProtocolService (GrpcServerProtocolService.java:onCompleted(113)) - e7bd1734-ef6c-4cf8-b88c-8a1061e7af66: Completed APPEND_ENTRIES, lastRequest: c6bdf12a-094f-42bc-87c0-f082ef291ed8->e7bd1734-ef6c-4cf8-b88c-8a1061e7af66#1-t1, previous=(t:0, i:0), leaderCommit=-1, initializing? false, entries: size=1, first=(t:1, i:0), CONFIGURATIONENTRY
2019-10-02 17:53:11,169 [grpc-default-executor-7] INFO  impl.RaftServerImpl (RaftServerImpl.java:setRole(170)) - e7bd1734-ef6c-4cf8-b88c-8a1061e7af66@group-43DE3AA5D608: changes role from  FOLLOWER to FOLLOWER at term 2 for recognizeCandidate:49c112d4-02f4-49c2-90bf-c7b46ec7b63a
2019-10-02 17:53:11,170 [grpc-default-executor-2] INFO  server.GrpcLogAppender (GrpcLogAppender.java:onCompleted(293)) - c6bdf12a-094f-42bc-87c0-f082ef291ed8@group-43DE3AA5D608->49c112d4-02f4-49c2-90bf-c7b46ec7b63a-AppendLogResponseHandler: follower responses appendEntries COMPLETED
2019-10-02 17:53:11,170 [grpc-default-executor-3] INFO  server.GrpcLogAppender (GrpcLogAppender.java:onCompleted(293)) - c6bdf12a-094f-42bc-87c0-f082ef291ed8@group-43DE3AA5D608->e7bd1734-ef6c-4cf8-b88c-8a1061e7af66-AppendLogResponseHandler: follower responses appendEntries COMPLETED
2019-10-02 17:53:11,170 [grpc-default-executor-7] INFO  impl.RoleInfo (RoleInfo.java:shutdownFollowerState(121)) - e7bd1734-ef6c-4cf8-b88c-8a1061e7af66: shutdown FollowerState
2019-10-02 17:53:11,170 [grpc-default-executor-7] INFO  impl.RoleInfo (RoleInfo.java:updateAndGet(143)) - e7bd1734-ef6c-4cf8-b88c-8a1061e7af66: start FollowerState
2019-10-02 17:53:11,170 [Thread-1080] INFO  impl.FollowerState (FollowerState.java:run(117)) - e7bd1734-ef6c-4cf8-b88c-8a1061e7af66@group-43DE3AA5D608-FollowerState was interrupted: java.lang.InterruptedException: sleep interrupted
2019-10-02 17:53:11,204 [c6bdf12a-094f-42bc-87c0-f082ef291ed8@group-43DE3AA5D608-SegmentedRaftLogWorker] INFO  segmented.SegmentedRaftLogWorker (SegmentedRaftLogWorker.java:execute(574)) - c6bdf12a-094f-42bc-87c0-f082ef291ed8@group-43DE3AA5D608-SegmentedRaftLogWorker: created new log segment /workdir/hadoop-ozone/integration-test/target/test-dir/MiniOzoneClusterImpl-d02e41fa-f6e1-4cca-b896-e100a645b5cc/datanode-2/data/ratis/bbfc8ff8-c92e-4692-945f-43de3aa5d608/current/log_inprogress_0
2019-10-02 17:53:11,217 [e7bd1734-ef6c-4cf8-b88c-8a1061e7af66@group-43DE3AA5D608-SegmentedRaftLogWorker] INFO  segmented.SegmentedRaftLogWorker (SegmentedRaftLogWorker.java:execute(574)) - e7bd1734-ef6c-4cf8-b88c-8a1061e7af66@group-43DE3AA5D608-SegmentedRaftLogWorker: created new log segment /workdir/hadoop-ozone/integration-test/target/test-dir/MiniOzoneClusterImpl-d02e41fa-f6e1-4cca-b896-e100a645b5cc/datanode-6/data/ratis/bbfc8ff8-c92e-4692-945f-43de3aa5d608/current/log_inprogress_0
2019-10-02 17:53:14,162 [java.util.concurrent.ThreadPoolExecutor$Worker@3187389b[State = -1, empty queue]] WARN  server.GrpcLogAppender (GrpcLogAppender.java:timeoutAppendRequest(200)) - c6bdf12a-094f-42bc-87c0-f082ef291ed8@group-43DE3AA5D608->e7bd1734-ef6c-4cf8-b88c-8a1061e7af66-GrpcLogAppender: appendEntries Timeout, request=c6bdf12a-094f-42bc-87c0-f082ef291ed8->e7bd1734-ef6c-4cf8-b88c-8a1061e7af66#1-t1, previous=(t:0, i:0), leaderCommit=-1, initializing? false, entries: size=1, first=(t:1, i:0), CONFIGURATIONENTRY
2019-10-02 17:53:14,607 [java.util.concurrent.ThreadPoolExecutor$Worker@7e53f4d0[State = -1, empty queue]] ERROR client.GrpcClientProtocolClient (GrpcClientProtocolClient.java:close(148)) - Unexpected exception while waiting for channel termination
java.lang.InterruptedException
	at java.util.concurrent.locks.AbstractQueuedSynchronizer.tryAcquireSharedNanos(AbstractQueuedSynchronizer.java:1326)
	at java.util.concurrent.CountDownLatch.await(CountDownLatch.java:277)
	at org.apache.ratis.thirdparty.io.grpc.internal.ManagedChannelImpl.awaitTermination(ManagedChannelImpl.java:763)
	at org.apache.ratis.thirdparty.io.grpc.internal.ForwardingManagedChannel.awaitTermination(ForwardingManagedChannel.java:57)
	at org.apache.ratis.thirdparty.io.grpc.internal.ManagedChannelOrphanWrapper.awaitTermination(ManagedChannelOrphanWrapper.java:70)
	at org.apache.ratis.grpc.client.GrpcClientProtocolClient.close(GrpcClientProtocolClient.java:146)
	at org.apache.ratis.util.PeerProxyMap$PeerAndProxy.lambda$close$1(PeerProxyMap.java:74)
	at org.apache.ratis.util.LifeCycle.lambda$checkStateAndClose$2(LifeCycle.java:231)
	at org.apache.ratis.util.LifeCycle.checkStateAndClose(LifeCycle.java:251)
	at org.apache.ratis.util.LifeCycle.checkStateAndClose(LifeCycle.java:229)
	at org.apache.ratis.util.PeerProxyMap$PeerAndProxy.close(PeerProxyMap.java:70)
	at org.apache.ratis.util.PeerProxyMap.resetProxy(PeerProxyMap.java:127)
	at org.apache.ratis.util.PeerProxyMap.handleException(PeerProxyMap.java:136)
	at org.apache.ratis.client.impl.RaftClientRpcWithProxy.handleException(RaftClientRpcWithProxy.java:47)
	at org.apache.ratis.client.impl.RaftClientImpl.handleIOException(RaftClientImpl.java:372)
	at org.apache.ratis.client.impl.OrderedAsync.lambda$sendRequest$10(OrderedAsync.java:236)
	at java.util.concurrent.CompletableFuture.uniExceptionally(CompletableFuture.java:870)
	at java.util.concurrent.CompletableFuture$UniExceptionally.tryFire(CompletableFuture.java:852)
	at java.util.concurrent.CompletableFuture.postComplete(CompletableFuture.java:474)
	at java.util.concurrent.CompletableFuture.completeExceptionally(CompletableFuture.java:1977)
	at org.apache.ratis.grpc.client.GrpcClientProtocolClient$AsyncStreamObservers.lambda$timeoutCheck$3(GrpcClientProtocolClient.java:324)
	at java.util.Optional.ifPresent(Optional.java:159)
	at org.apache.ratis.grpc.client.GrpcClientProtocolClient$AsyncStreamObservers.handleReplyFuture(GrpcClientProtocolClient.java:329)
	at org.apache.ratis.grpc.client.GrpcClientProtocolClient$AsyncStreamObservers.timeoutCheck(GrpcClientProtocolClient.java:324)
	at org.apache.ratis.grpc.client.GrpcClientProtocolClient$AsyncStreamObservers.lambda$onNext$1(GrpcClientProtocolClient.java:318)
	at org.apache.ratis.util.TimeoutScheduler.lambda$onTimeout$0(TimeoutScheduler.java:113)
	at org.apache.ratis.util.TimeoutScheduler.lambda$onTimeout$1(TimeoutScheduler.java:133)
	at org.apache.ratis.util.LogUtils.runAndLog(LogUtils.java:50)
	at org.apache.ratis.util.LogUtils$1.run(LogUtils.java:91)
	at java.util.concurrent.Executors$RunnableAdapter.call(Executors.java:511)
	at java.util.concurrent.FutureTask.run(FutureTask.java:266)
	at java.util.concurrent.ScheduledThreadPoolExecutor$ScheduledFutureTask.access$201(ScheduledThreadPoolExecutor.java:180)
	at java.util.concurrent.ScheduledThreadPoolExecutor$ScheduledFutureTask.run(ScheduledThreadPoolExecutor.java:293)
	at java.util.concurrent.ThreadPoolExecutor.runWorker(ThreadPoolExecutor.java:1149)
	at java.util.concurrent.ThreadPoolExecutor$Worker.run(ThreadPoolExecutor.java:624)
	at java.lang.Thread.run(Thread.java:748)
2019-10-02 17:53:14,611 [java.util.concurrent.ThreadPoolExecutor$Worker@7e53f4d0[State = -1, empty queue]] WARN  util.TimeoutScheduler (LogUtils.java:runAndLog(55)) - Failed to task #0: java.lang.NullPointerException
2019-10-02 17:53:16,170 [grpc-default-executor-2] INFO  impl.FollowerInfo (FollowerInfo.java:lambda$new$0(51)) - c6bdf12a-094f-42bc-87c0-f082ef291ed8@group-43DE3AA5D608->49c112d4-02f4-49c2-90bf-c7b46ec7b63a: nextIndex: updateUnconditionally 0 -> 0
2019-10-02 17:53:16,276 [Thread-1091] INFO  impl.FollowerState (FollowerState.java:run(108)) - e7bd1734-ef6c-4cf8-b88c-8a1061e7af66@group-43DE3AA5D608-FollowerState: change to CANDIDATE, lastRpcTime:5105ms, electionTimeout:5069ms
2019-10-02 17:53:16,276 [Thread-1091] INFO  impl.RoleInfo (RoleInfo.java:shutdownFollowerState(121)) - e7bd1734-ef6c-4cf8-b88c-8a1061e7af66: shutdown FollowerState
2019-10-02 17:53:16,277 [Thread-1091] INFO  impl.RaftServerImpl (RaftServerImpl.java:setRole(170)) - e7bd1734-ef6c-4cf8-b88c-8a1061e7af66@group-43DE3AA5D608: changes role from  FOLLOWER to CANDIDATE at term 2 for changeToCandidate
2019-10-02 17:53:16,277 [Thread-1091] INFO  impl.RoleInfo (RoleInfo.java:updateAndGet(143)) - e7bd1734-ef6c-4cf8-b88c-8a1061e7af66: start LeaderElection
2019-10-02 17:53:16,295 [e7bd1734-ef6c-4cf8-b88c-8a1061e7af66@group-43DE3AA5D608-LeaderElection19] INFO  impl.LeaderElection (LeaderElection.java:askForVotes(178)) - e7bd1734-ef6c-4cf8-b88c-8a1061e7af66@group-43DE3AA5D608-LeaderElection19: begin an election at term 3 for 0: [c6bdf12a-094f-42bc-87c0-f082ef291ed8:192.168.151.72:33846, e7bd1734-ef6c-4cf8-b88c-8a1061e7af66:192.168.151.72:41308, 49c112d4-02f4-49c2-90bf-c7b46ec7b63a:192.168.151.72:42976], old=null
2019-10-02 17:53:16,298 [grpc-default-executor-2] INFO  impl.RaftServerImpl (RaftServerImpl.java:setRole(170)) - 49c112d4-02f4-49c2-90bf-c7b46ec7b63a@group-43DE3AA5D608: changes role from  FOLLOWER to FOLLOWER at term 3 for recognizeCandidate:e7bd1734-ef6c-4cf8-b88c-8a1061e7af66
2019-10-02 17:53:16,298 [grpc-default-executor-8] INFO  impl.RaftServerImpl (RaftServerImpl.java:setRole(170)) - c6bdf12a-094f-42bc-87c0-f082ef291ed8@group-43DE3AA5D608: changes role from  FOLLOWER to FOLLOWER at term 3 for recognizeCandidate:e7bd1734-ef6c-4cf8-b88c-8a1061e7af66
2019-10-02 17:53:16,298 [grpc-default-executor-2] INFO  impl.RoleInfo (RoleInfo.java:shutdownFollowerState(121)) - 49c112d4-02f4-49c2-90bf-c7b46ec7b63a: shutdown FollowerState
2019-10-02 17:53:16,298 [grpc-default-executor-8] INFO  impl.RoleInfo (RoleInfo.java:shutdownFollowerState(121)) - c6bdf12a-094f-42bc-87c0-f082ef291ed8: shutdown FollowerState
2019-10-02 17:53:16,299 [grpc-default-executor-2] INFO  impl.RoleInfo (RoleInfo.java:updateAndGet(143)) - 49c112d4-02f4-49c2-90bf-c7b46ec7b63a: start FollowerState
2019-10-02 17:53:16,299 [grpc-default-executor-8] INFO  impl.RoleInfo (RoleInfo.java:updateAndGet(143)) - c6bdf12a-094f-42bc-87c0-f082ef291ed8: start FollowerState
2019-10-02 17:53:16,299 [Thread-1081] INFO  impl.FollowerState (FollowerState.java:run(117)) - 49c112d4-02f4-49c2-90bf-c7b46ec7b63a@group-43DE3AA5D608-FollowerState was interrupted: java.lang.InterruptedException: sleep interrupted
2019-10-02 17:53:16,299 [Thread-1090] INFO  impl.FollowerState (FollowerState.java:run(117)) - c6bdf12a-094f-42bc-87c0-f082ef291ed8@group-43DE3AA5D608-FollowerState was interrupted: java.lang.InterruptedException: sleep interrupted
2019-10-02 17:53:16,318 [e7bd1734-ef6c-4cf8-b88c-8a1061e7af66@group-43DE3AA5D608-LeaderElection19] INFO  impl.LeaderElection (LeaderElection.java:logAndReturn(56)) - e7bd1734-ef6c-4cf8-b88c-8a1061e7af66@group-43DE3AA5D608-LeaderElection19: Election PASSED; received 1 response(s) [e7bd1734-ef6c-4cf8-b88c-8a1061e7af66<-49c112d4-02f4-49c2-90bf-c7b46ec7b63a#0:OK-t3] and 0 exception(s); e7bd1734-ef6c-4cf8-b88c-8a1061e7af66@group-43DE3AA5D608:t3, leader=null, voted=e7bd1734-ef6c-4cf8-b88c-8a1061e7af66, raftlog=e7bd1734-ef6c-4cf8-b88c-8a1061e7af66@group-43DE3AA5D608-SegmentedRaftLog:OPENED:c-1,f0,i0, conf=0: [c6bdf12a-094f-42bc-87c0-f082ef291ed8:192.168.151.72:33846, e7bd1734-ef6c-4cf8-b88c-8a1061e7af66:192.168.151.72:41308, 49c112d4-02f4-49c2-90bf-c7b46ec7b63a:192.168.151.72:42976], old=null
2019-10-02 17:53:16,319 [e7bd1734-ef6c-4cf8-b88c-8a1061e7af66@group-43DE3AA5D608-LeaderElection19] INFO  impl.RoleInfo (RoleInfo.java:shutdownLeaderElection(134)) - e7bd1734-ef6c-4cf8-b88c-8a1061e7af66: shutdown LeaderElection
2019-10-02 17:53:16,319 [e7bd1734-ef6c-4cf8-b88c-8a1061e7af66@group-43DE3AA5D608-LeaderElection19] INFO  impl.RaftServerImpl (RaftServerImpl.java:setRole(170)) - e7bd1734-ef6c-4cf8-b88c-8a1061e7af66@group-43DE3AA5D608: changes role from CANDIDATE to LEADER at term 3 for changeToLeader
2019-10-02 17:53:16,319 [e7bd1734-ef6c-4cf8-b88c-8a1061e7af66@group-43DE3AA5D608-LeaderElection19] INFO  impl.RaftServerImpl (ServerState.java:setLeader(255)) - e7bd1734-ef6c-4cf8-b88c-8a1061e7af66@group-43DE3AA5D608: change Leader from null to e7bd1734-ef6c-4cf8-b88c-8a1061e7af66 at term 3 for becomeLeader, leader elected after 5150ms
2019-10-02 17:53:16,319 [e7bd1734-ef6c-4cf8-b88c-8a1061e7af66@group-43DE3AA5D608-LeaderElection19] INFO  server.RaftServerConfigKeys (ConfUtils.java:logGet(43)) - raft.server.staging.catchup.gap = 1000 (default)
2019-10-02 17:53:16,319 [e7bd1734-ef6c-4cf8-b88c-8a1061e7af66@group-43DE3AA5D608-LeaderElection19] INFO  server.RaftServerConfigKeys (ConfUtils.java:logGet(43)) - raft.server.rpc.sleep.time = 25ms (default)
2019-10-02 17:53:16,319 [e7bd1734-ef6c-4cf8-b88c-8a1061e7af66@group-43DE3AA5D608-LeaderElection19] INFO  server.RaftServerConfigKeys (ConfUtils.java:logGet(43)) - raft.server.write.element-limit = 4096 (default)
2019-10-02 17:53:16,320 [e7bd1734-ef6c-4cf8-b88c-8a1061e7af66@group-43DE3AA5D608-LeaderElection19] INFO  server.RaftServerConfigKeys (ConfUtils.java:logGet(43)) - raft.server.watch.timeout = 10s (default)
2019-10-02 17:53:16,320 [e7bd1734-ef6c-4cf8-b88c-8a1061e7af66@group-43DE3AA5D608-LeaderElection19] INFO  server.RaftServerConfigKeys (ConfUtils.java:logGet(43)) - raft.server.watch.timeout.denomination = 1s (default)
2019-10-02 17:53:16,320 [e7bd1734-ef6c-4cf8-b88c-8a1061e7af66@group-43DE3AA5D608-LeaderElection19] INFO  server.RaftServerConfigKeys (ConfUtils.java:logGet(43)) - raft.server.watch.element-limit = 65536 (default)
2019-10-02 17:53:16,323 [e7bd1734-ef6c-4cf8-b88c-8a1061e7af66@group-43DE3AA5D608-LeaderElection19] INFO  server.RaftServerConfigKeys (ConfUtils.java:logGet(43)) - raft.server.log.appender.snapshot.chunk.size.max = 16MB (=16777216) (default)
2019-10-02 17:53:16,323 [e7bd1734-ef6c-4cf8-b88c-8a1061e7af66@group-43DE3AA5D608-LeaderElection19] INFO  server.RaftServerConfigKeys (ConfUtils.java:logGet(43)) - raft.server.log.appender.buffer.byte-limit = 33554432 (custom)
2019-10-02 17:53:16,323 [e7bd1734-ef6c-4cf8-b88c-8a1061e7af66@group-43DE3AA5D608-LeaderElection19] INFO  server.RaftServerConfigKeys (ConfUtils.java:logGet(43)) - raft.server.log.appender.buffer.element-limit = 1 (custom)
2019-10-02 17:53:16,323 [e7bd1734-ef6c-4cf8-b88c-8a1061e7af66@group-43DE3AA5D608-LeaderElection19] INFO  grpc.GrpcConfigKeys$Server (ConfUtils.java:logGet(43)) - raft.grpc.server.leader.outstanding.appends.max = 128 (default)
2019-10-02 17:53:16,323 [e7bd1734-ef6c-4cf8-b88c-8a1061e7af66@group-43DE3AA5D608-LeaderElection19] INFO  server.RaftServerConfigKeys (ConfUtils.java:logGet(43)) - raft.server.rpc.request.timeout = 3000ms (default)
2019-10-02 17:53:16,324 [e7bd1734-ef6c-4cf8-b88c-8a1061e7af66@group-43DE3AA5D608-LeaderElection19] INFO  server.RaftServerConfigKeys (ConfUtils.java:logGet(43)) - raft.server.log.appender.install.snapshot.enabled = false (custom)
2019-10-02 17:53:16,324 [e7bd1734-ef6c-4cf8-b88c-8a1061e7af66@group-43DE3AA5D608-LeaderElection19] INFO  server.RaftServerConfigKeys (ConfUtils.java:logGet(43)) - raft.server.log.appender.snapshot.chunk.size.max = 16MB (=16777216) (default)
2019-10-02 17:53:16,324 [e7bd1734-ef6c-4cf8-b88c-8a1061e7af66@group-43DE3AA5D608-LeaderElection19] INFO  server.RaftServerConfigKeys (ConfUtils.java:logGet(43)) - raft.server.log.appender.buffer.byte-limit = 33554432 (custom)
2019-10-02 17:53:16,324 [e7bd1734-ef6c-4cf8-b88c-8a1061e7af66@group-43DE3AA5D608-LeaderElection19] INFO  server.RaftServerConfigKeys (ConfUtils.java:logGet(43)) - raft.server.log.appender.buffer.element-limit = 1 (custom)
2019-10-02 17:53:16,324 [e7bd1734-ef6c-4cf8-b88c-8a1061e7af66@group-43DE3AA5D608-LeaderElection19] INFO  grpc.GrpcConfigKeys$Server (ConfUtils.java:logGet(43)) - raft.grpc.server.leader.outstanding.appends.max = 128 (default)
2019-10-02 17:53:16,325 [e7bd1734-ef6c-4cf8-b88c-8a1061e7af66@group-43DE3AA5D608-LeaderElection19] INFO  server.RaftServerConfigKeys (ConfUtils.java:logGet(43)) - raft.server.rpc.request.timeout = 3000ms (default)
2019-10-02 17:53:16,325 [e7bd1734-ef6c-4cf8-b88c-8a1061e7af66@group-43DE3AA5D608-LeaderElection19] INFO  server.RaftServerConfigKeys (ConfUtils.java:logGet(43)) - raft.server.log.appender.install.snapshot.enabled = false (custom)
2019-10-02 17:53:16,325 [e7bd1734-ef6c-4cf8-b88c-8a1061e7af66@group-43DE3AA5D608-LeaderElection19] INFO  impl.RoleInfo (RoleInfo.java:updateAndGet(143)) - e7bd1734-ef6c-4cf8-b88c-8a1061e7af66: start LeaderState
2019-10-02 17:53:16,326 [e7bd1734-ef6c-4cf8-b88c-8a1061e7af66@group-43DE3AA5D608-LeaderElection19] INFO  segmented.SegmentedRaftLogWorker (SegmentedRaftLogWorker.java:rollLogSegment(390)) - e7bd1734-ef6c-4cf8-b88c-8a1061e7af66@group-43DE3AA5D608-SegmentedRaftLogWorker: Rolling segment log-0_0 to index:0
2019-10-02 17:53:16,329 [e7bd1734-ef6c-4cf8-b88c-8a1061e7af66@group-43DE3AA5D608-LeaderElection19] INFO  impl.RaftServerImpl (ServerState.java:setRaftConf(356)) - e7bd1734-ef6c-4cf8-b88c-8a1061e7af66@group-43DE3AA5D608: set configuration 1: [c6bdf12a-094f-42bc-87c0-f082ef291ed8:192.168.151.72:33846, e7bd1734-ef6c-4cf8-b88c-8a1061e7af66:192.168.151.72:41308, 49c112d4-02f4-49c2-90bf-c7b46ec7b63a:192.168.151.72:42976], old=null at 1
2019-10-02 17:53:16,329 [e7bd1734-ef6c-4cf8-b88c-8a1061e7af66@group-43DE3AA5D608-SegmentedRaftLogWorker] INFO  segmented.SegmentedRaftLogWorker (SegmentedRaftLogWorker.java:execute(531)) - e7bd1734-ef6c-4cf8-b88c-8a1061e7af66@group-43DE3AA5D608-SegmentedRaftLogWorker: Rolled log segment from /workdir/hadoop-ozone/integration-test/target/test-dir/MiniOzoneClusterImpl-d02e41fa-f6e1-4cca-b896-e100a645b5cc/datanode-6/data/ratis/bbfc8ff8-c92e-4692-945f-43de3aa5d608/current/log_inprogress_0 to /workdir/hadoop-ozone/integration-test/target/test-dir/MiniOzoneClusterImpl-d02e41fa-f6e1-4cca-b896-e100a645b5cc/datanode-6/data/ratis/bbfc8ff8-c92e-4692-945f-43de3aa5d608/current/log_0-0
2019-10-02 17:53:16,333 [grpc-default-executor-2] INFO  impl.RaftServerImpl (ServerState.java:setLeader(255)) - c6bdf12a-094f-42bc-87c0-f082ef291ed8@group-43DE3AA5D608: change Leader from null to e7bd1734-ef6c-4cf8-b88c-8a1061e7af66 at term 3 for appendEntries, leader elected after 5170ms
2019-10-02 17:53:16,333 [grpc-default-executor-8] INFO  impl.RaftServerImpl (ServerState.java:setLeader(255)) - 49c112d4-02f4-49c2-90bf-c7b46ec7b63a@group-43DE3AA5D608: change Leader from null to e7bd1734-ef6c-4cf8-b88c-8a1061e7af66 at term 3 for appendEntries, leader elected after 10328ms
2019-10-02 17:53:16,367 [grpc-default-executor-8] INFO  impl.RaftServerImpl (RaftServerImpl.java:checkInconsistentAppendEntries(999)) - 49c112d4-02f4-49c2-90bf-c7b46ec7b63a@group-43DE3AA5D608: Failed appendEntries as previous log entry ((t:1, i:0)) is not found
2019-10-02 17:53:16,367 [grpc-default-executor-8] INFO  impl.RaftServerImpl (RaftServerImpl.java:checkInconsistentAppendEntries(972)) - 49c112d4-02f4-49c2-90bf-c7b46ec7b63a@group-43DE3AA5D608: inconsistency entries. Reply:e7bd1734-ef6c-4cf8-b88c-8a1061e7af66<-49c112d4-02f4-49c2-90bf-c7b46ec7b63a#0:FAIL,INCONSISTENCY,nextIndex:0,term:3,followerCommit:-1
2019-10-02 17:53:16,369 [grpc-default-executor-8] INFO  impl.FollowerInfo (FollowerInfo.java:lambda$new$0(51)) - e7bd1734-ef6c-4cf8-b88c-8a1061e7af66@group-43DE3AA5D608->49c112d4-02f4-49c2-90bf-c7b46ec7b63a: nextIndex: updateUnconditionally 1 -> 0
2019-10-02 17:53:16,370 [grpc-default-executor-8] INFO  impl.RaftServerImpl (ServerState.java:setRaftConf(356)) - c6bdf12a-094f-42bc-87c0-f082ef291ed8@group-43DE3AA5D608: set configuration 1: [c6bdf12a-094f-42bc-87c0-f082ef291ed8:192.168.151.72:33846, e7bd1734-ef6c-4cf8-b88c-8a1061e7af66:192.168.151.72:41308, 49c112d4-02f4-49c2-90bf-c7b46ec7b63a:192.168.151.72:42976], old=null at 1
2019-10-02 17:53:16,370 [grpc-default-executor-2] INFO  impl.RaftServerImpl (ServerState.java:setRaftConf(356)) - 49c112d4-02f4-49c2-90bf-c7b46ec7b63a@group-43DE3AA5D608: set configuration 0: [c6bdf12a-094f-42bc-87c0-f082ef291ed8:192.168.151.72:33846, e7bd1734-ef6c-4cf8-b88c-8a1061e7af66:192.168.151.72:41308, 49c112d4-02f4-49c2-90bf-c7b46ec7b63a:192.168.151.72:42976], old=null at 0
2019-10-02 17:53:16,370 [grpc-default-executor-8] INFO  segmented.SegmentedRaftLogWorker (SegmentedRaftLogWorker.java:rollLogSegment(390)) - c6bdf12a-094f-42bc-87c0-f082ef291ed8@group-43DE3AA5D608-SegmentedRaftLogWorker: Rolling segment log-0_0 to index:0
2019-10-02 17:53:16,370 [grpc-default-executor-2] INFO  segmented.SegmentedRaftLogWorker (SegmentedRaftLogWorker.java:startLogSegment(385)) - 49c112d4-02f4-49c2-90bf-c7b46ec7b63a@group-43DE3AA5D608-SegmentedRaftLogWorker: Starting segment from index:0
2019-10-02 17:53:16,371 [c6bdf12a-094f-42bc-87c0-f082ef291ed8@group-43DE3AA5D608-SegmentedRaftLogWorker] INFO  segmented.SegmentedRaftLogWorker (SegmentedRaftLogWorker.java:execute(531)) - c6bdf12a-094f-42bc-87c0-f082ef291ed8@group-43DE3AA5D608-SegmentedRaftLogWorker: Rolled log segment from /workdir/hadoop-ozone/integration-test/target/test-dir/MiniOzoneClusterImpl-d02e41fa-f6e1-4cca-b896-e100a645b5cc/datanode-2/data/ratis/bbfc8ff8-c92e-4692-945f-43de3aa5d608/current/log_inprogress_0 to /workdir/hadoop-ozone/integration-test/target/test-dir/MiniOzoneClusterImpl-d02e41fa-f6e1-4cca-b896-e100a645b5cc/datanode-2/data/ratis/bbfc8ff8-c92e-4692-945f-43de3aa5d608/current/log_0-0
2019-10-02 17:53:16,371 [grpc-default-executor-2] INFO  impl.RaftServerImpl (ServerState.java:setRaftConf(356)) - 49c112d4-02f4-49c2-90bf-c7b46ec7b63a@group-43DE3AA5D608: set configuration 1: [c6bdf12a-094f-42bc-87c0-f082ef291ed8:192.168.151.72:33846, e7bd1734-ef6c-4cf8-b88c-8a1061e7af66:192.168.151.72:41308, 49c112d4-02f4-49c2-90bf-c7b46ec7b63a:192.168.151.72:42976], old=null at 1
2019-10-02 17:53:16,372 [grpc-default-executor-2] INFO  segmented.SegmentedRaftLogWorker (SegmentedRaftLogWorker.java:rollLogSegment(390)) - 49c112d4-02f4-49c2-90bf-c7b46ec7b63a@group-43DE3AA5D608-SegmentedRaftLogWorker: Rolling segment log-0_0 to index:0
2019-10-02 17:53:16,380 [e7bd1734-ef6c-4cf8-b88c-8a1061e7af66@group-43DE3AA5D608-SegmentedRaftLogWorker] INFO  segmented.SegmentedRaftLogWorker (SegmentedRaftLogWorker.java:execute(574)) - e7bd1734-ef6c-4cf8-b88c-8a1061e7af66@group-43DE3AA5D608-SegmentedRaftLogWorker: created new log segment /workdir/hadoop-ozone/integration-test/target/test-dir/MiniOzoneClusterImpl-d02e41fa-f6e1-4cca-b896-e100a645b5cc/datanode-6/data/ratis/bbfc8ff8-c92e-4692-945f-43de3aa5d608/current/log_inprogress_1
2019-10-02 17:53:16,431 [49c112d4-02f4-49c2-90bf-c7b46ec7b63a@group-43DE3AA5D608-SegmentedRaftLogWorker] INFO  segmented.SegmentedRaftLogWorker (SegmentedRaftLogWorker.java:execute(574)) - 49c112d4-02f4-49c2-90bf-c7b46ec7b63a@group-43DE3AA5D608-SegmentedRaftLogWorker: created new log segment /workdir/hadoop-ozone/integration-test/target/test-dir/MiniOzoneClusterImpl-d02e41fa-f6e1-4cca-b896-e100a645b5cc/datanode-0/data/ratis/bbfc8ff8-c92e-4692-945f-43de3aa5d608/current/log_inprogress_0
2019-10-02 17:53:16,431 [c6bdf12a-094f-42bc-87c0-f082ef291ed8@group-43DE3AA5D608-SegmentedRaftLogWorker] INFO  segmented.SegmentedRaftLogWorker (SegmentedRaftLogWorker.java:execute(574)) - c6bdf12a-094f-42bc-87c0-f082ef291ed8@group-43DE3AA5D608-SegmentedRaftLogWorker: created new log segment /workdir/hadoop-ozone/integration-test/target/test-dir/MiniOzoneClusterImpl-d02e41fa-f6e1-4cca-b896-e100a645b5cc/datanode-2/data/ratis/bbfc8ff8-c92e-4692-945f-43de3aa5d608/current/log_inprogress_1
2019-10-02 17:53:16,446 [49c112d4-02f4-49c2-90bf-c7b46ec7b63a@group-43DE3AA5D608-SegmentedRaftLogWorker] INFO  segmented.SegmentedRaftLogWorker (SegmentedRaftLogWorker.java:execute(531)) - 49c112d4-02f4-49c2-90bf-c7b46ec7b63a@group-43DE3AA5D608-SegmentedRaftLogWorker: Rolled log segment from /workdir/hadoop-ozone/integration-test/target/test-dir/MiniOzoneClusterImpl-d02e41fa-f6e1-4cca-b896-e100a645b5cc/datanode-0/data/ratis/bbfc8ff8-c92e-4692-945f-43de3aa5d608/current/log_inprogress_0 to /workdir/hadoop-ozone/integration-test/target/test-dir/MiniOzoneClusterImpl-d02e41fa-f6e1-4cca-b896-e100a645b5cc/datanode-0/data/ratis/bbfc8ff8-c92e-4692-945f-43de3aa5d608/current/log_0-0
2019-10-02 17:53:16,581 [49c112d4-02f4-49c2-90bf-c7b46ec7b63a@group-43DE3AA5D608-SegmentedRaftLogWorker] INFO  segmented.SegmentedRaftLogWorker (SegmentedRaftLogWorker.java:execute(574)) - 49c112d4-02f4-49c2-90bf-c7b46ec7b63a@group-43DE3AA5D608-SegmentedRaftLogWorker: created new log segment /workdir/hadoop-ozone/integration-test/target/test-dir/MiniOzoneClusterImpl-d02e41fa-f6e1-4cca-b896-e100a645b5cc/datanode-0/data/ratis/bbfc8ff8-c92e-4692-945f-43de3aa5d608/current/log_inprogress_1
2019-10-02 17:53:18,644 [java.util.concurrent.ThreadPoolExecutor$Worker@1d97daee[State = -1, empty queue]] ERROR client.GrpcClientProtocolClient (GrpcClientProtocolClient.java:close(148)) - Unexpected exception while waiting for channel termination
java.lang.InterruptedException
	at java.util.concurrent.locks.AbstractQueuedSynchronizer.tryAcquireSharedNanos(AbstractQueuedSynchronizer.java:1326)
	at java.util.concurrent.CountDownLatch.await(CountDownLatch.java:277)
	at org.apache.ratis.thirdparty.io.grpc.internal.ManagedChannelImpl.awaitTermination(ManagedChannelImpl.java:763)
	at org.apache.ratis.thirdparty.io.grpc.internal.ForwardingManagedChannel.awaitTermination(ForwardingManagedChannel.java:57)
	at org.apache.ratis.thirdparty.io.grpc.internal.ManagedChannelOrphanWrapper.awaitTermination(ManagedChannelOrphanWrapper.java:70)
	at org.apache.ratis.grpc.client.GrpcClientProtocolClient.close(GrpcClientProtocolClient.java:146)
	at org.apache.ratis.util.PeerProxyMap$PeerAndProxy.lambda$close$1(PeerProxyMap.java:74)
	at org.apache.ratis.util.LifeCycle.lambda$checkStateAndClose$2(LifeCycle.java:231)
	at org.apache.ratis.util.LifeCycle.checkStateAndClose(LifeCycle.java:251)
	at org.apache.ratis.util.LifeCycle.checkStateAndClose(LifeCycle.java:229)
	at org.apache.ratis.util.PeerProxyMap$PeerAndProxy.close(PeerProxyMap.java:70)
	at org.apache.ratis.util.PeerProxyMap.resetProxy(PeerProxyMap.java:127)
	at org.apache.ratis.util.PeerProxyMap.handleException(PeerProxyMap.java:136)
	at org.apache.ratis.client.impl.RaftClientRpcWithProxy.handleException(RaftClientRpcWithProxy.java:47)
	at org.apache.ratis.client.impl.RaftClientImpl.handleIOException(RaftClientImpl.java:372)
	at org.apache.ratis.client.impl.OrderedAsync.lambda$sendRequest$10(OrderedAsync.java:236)
	at java.util.concurrent.CompletableFuture.uniExceptionally(CompletableFuture.java:870)
	at java.util.concurrent.CompletableFuture$UniExceptionally.tryFire(CompletableFuture.java:852)
	at java.util.concurrent.CompletableFuture.postComplete(CompletableFuture.java:474)
	at java.util.concurrent.CompletableFuture.completeExceptionally(CompletableFuture.java:1977)
	at org.apache.ratis.grpc.client.GrpcClientProtocolClient$AsyncStreamObservers.lambda$timeoutCheck$3(GrpcClientProtocolClient.java:324)
	at java.util.Optional.ifPresent(Optional.java:159)
	at org.apache.ratis.grpc.client.GrpcClientProtocolClient$AsyncStreamObservers.handleReplyFuture(GrpcClientProtocolClient.java:329)
	at org.apache.ratis.grpc.client.GrpcClientProtocolClient$AsyncStreamObservers.timeoutCheck(GrpcClientProtocolClient.java:324)
	at org.apache.ratis.grpc.client.GrpcClientProtocolClient$AsyncStreamObservers.lambda$onNext$1(GrpcClientProtocolClient.java:318)
	at org.apache.ratis.util.TimeoutScheduler.lambda$onTimeout$0(TimeoutScheduler.java:113)
	at org.apache.ratis.util.TimeoutScheduler.lambda$onTimeout$1(TimeoutScheduler.java:133)
	at org.apache.ratis.util.LogUtils.runAndLog(LogUtils.java:50)
	at org.apache.ratis.util.LogUtils$1.run(LogUtils.java:91)
	at java.util.concurrent.Executors$RunnableAdapter.call(Executors.java:511)
	at java.util.concurrent.FutureTask.run(FutureTask.java:266)
	at java.util.concurrent.ScheduledThreadPoolExecutor$ScheduledFutureTask.access$201(ScheduledThreadPoolExecutor.java:180)
	at java.util.concurrent.ScheduledThreadPoolExecutor$ScheduledFutureTask.run(ScheduledThreadPoolExecutor.java:293)
	at java.util.concurrent.ThreadPoolExecutor.runWorker(ThreadPoolExecutor.java:1149)
	at java.util.concurrent.ThreadPoolExecutor$Worker.run(ThreadPoolExecutor.java:624)
	at java.lang.Thread.run(Thread.java:748)
2019-10-02 17:53:18,648 [java.util.concurrent.ThreadPoolExecutor$Worker@1d97daee[State = -1, empty queue]] WARN  util.TimeoutScheduler (LogUtils.java:runAndLog(55)) - Failed to task #0: java.lang.NullPointerException
2019-10-02 17:53:21,174 [grpc-default-executor-3] INFO  impl.FollowerInfo (FollowerInfo.java:lambda$new$0(51)) - c6bdf12a-094f-42bc-87c0-f082ef291ed8@group-43DE3AA5D608->e7bd1734-ef6c-4cf8-b88c-8a1061e7af66: nextIndex: updateUnconditionally 1 -> 0
2019-10-02 17:53:22,678 [java.util.concurrent.ThreadPoolExecutor$Worker@562203fd[State = -1, empty queue]] ERROR client.GrpcClientProtocolClient (GrpcClientProtocolClient.java:close(148)) - Unexpected exception while waiting for channel termination
java.lang.InterruptedException
	at java.util.concurrent.locks.AbstractQueuedSynchronizer.tryAcquireSharedNanos(AbstractQueuedSynchronizer.java:1326)
	at java.util.concurrent.CountDownLatch.await(CountDownLatch.java:277)
	at org.apache.ratis.thirdparty.io.grpc.internal.ManagedChannelImpl.awaitTermination(ManagedChannelImpl.java:763)
	at org.apache.ratis.thirdparty.io.grpc.internal.ForwardingManagedChannel.awaitTermination(ForwardingManagedChannel.java:57)
	at org.apache.ratis.thirdparty.io.grpc.internal.ManagedChannelOrphanWrapper.awaitTermination(ManagedChannelOrphanWrapper.java:70)
	at org.apache.ratis.grpc.client.GrpcClientProtocolClient.close(GrpcClientProtocolClient.java:146)
	at org.apache.ratis.util.PeerProxyMap$PeerAndProxy.lambda$close$1(PeerProxyMap.java:74)
	at org.apache.ratis.util.LifeCycle.lambda$checkStateAndClose$2(LifeCycle.java:231)
	at org.apache.ratis.util.LifeCycle.checkStateAndClose(LifeCycle.java:251)
	at org.apache.ratis.util.LifeCycle.checkStateAndClose(LifeCycle.java:229)
	at org.apache.ratis.util.PeerProxyMap$PeerAndProxy.close(PeerProxyMap.java:70)
	at org.apache.ratis.util.PeerProxyMap.resetProxy(PeerProxyMap.java:127)
	at org.apache.ratis.util.PeerProxyMap.handleException(PeerProxyMap.java:136)
	at org.apache.ratis.client.impl.RaftClientRpcWithProxy.handleException(RaftClientRpcWithProxy.java:47)
	at org.apache.ratis.client.impl.RaftClientImpl.handleIOException(RaftClientImpl.java:372)
	at org.apache.ratis.client.impl.OrderedAsync.lambda$sendRequest$10(OrderedAsync.java:236)
	at java.util.concurrent.CompletableFuture.uniExceptionally(CompletableFuture.java:870)
	at java.util.concurrent.CompletableFuture$UniExceptionally.tryFire(CompletableFuture.java:852)
	at java.util.concurrent.CompletableFuture.postComplete(CompletableFuture.java:474)
	at java.util.concurrent.CompletableFuture.completeExceptionally(CompletableFuture.java:1977)
	at org.apache.ratis.grpc.client.GrpcClientProtocolClient$AsyncStreamObservers.lambda$timeoutCheck$3(GrpcClientProtocolClient.java:324)
	at java.util.Optional.ifPresent(Optional.java:159)
	at org.apache.ratis.grpc.client.GrpcClientProtocolClient$AsyncStreamObservers.handleReplyFuture(GrpcClientProtocolClient.java:329)
	at org.apache.ratis.grpc.client.GrpcClientProtocolClient$AsyncStreamObservers.timeoutCheck(GrpcClientProtocolClient.java:324)
	at org.apache.ratis.grpc.client.GrpcClientProtocolClient$AsyncStreamObservers.lambda$onNext$1(GrpcClientProtocolClient.java:318)
	at org.apache.ratis.util.TimeoutScheduler.lambda$onTimeout$0(TimeoutScheduler.java:113)
	at org.apache.ratis.util.TimeoutScheduler.lambda$onTimeout$1(TimeoutScheduler.java:133)
	at org.apache.ratis.util.LogUtils.runAndLog(LogUtils.java:50)
	at org.apache.ratis.util.LogUtils$1.run(LogUtils.java:91)
	at java.util.concurrent.Executors$RunnableAdapter.call(Executors.java:511)
	at java.util.concurrent.FutureTask.run(FutureTask.java:266)
	at java.util.concurrent.ScheduledThreadPoolExecutor$ScheduledFutureTask.access$201(ScheduledThreadPoolExecutor.java:180)
	at java.util.concurrent.ScheduledThreadPoolExecutor$ScheduledFutureTask.run(ScheduledThreadPoolExecutor.java:293)
	at java.util.concurrent.ThreadPoolExecutor.runWorker(ThreadPoolExecutor.java:1149)
	at java.util.concurrent.ThreadPoolExecutor$Worker.run(ThreadPoolExecutor.java:624)
	at java.lang.Thread.run(Thread.java:748)
2019-10-02 17:53:22,681 [java.util.concurrent.ThreadPoolExecutor$Worker@562203fd[State = -1, empty queue]] WARN  util.TimeoutScheduler (LogUtils.java:runAndLog(55)) - Failed to task #0: java.lang.NullPointerException
2019-10-02 17:53:26,711 [java.util.concurrent.ThreadPoolExecutor$Worker@1f1b4690[State = -1, empty queue]] ERROR client.GrpcClientProtocolClient (GrpcClientProtocolClient.java:close(148)) - Unexpected exception while waiting for channel termination
java.lang.InterruptedException
	at java.util.concurrent.locks.AbstractQueuedSynchronizer.tryAcquireSharedNanos(AbstractQueuedSynchronizer.java:1326)
	at java.util.concurrent.CountDownLatch.await(CountDownLatch.java:277)
	at org.apache.ratis.thirdparty.io.grpc.internal.ManagedChannelImpl.awaitTermination(ManagedChannelImpl.java:763)
	at org.apache.ratis.thirdparty.io.grpc.internal.ForwardingManagedChannel.awaitTermination(ForwardingManagedChannel.java:57)
	at org.apache.ratis.thirdparty.io.grpc.internal.ManagedChannelOrphanWrapper.awaitTermination(ManagedChannelOrphanWrapper.java:70)
	at org.apache.ratis.grpc.client.GrpcClientProtocolClient.close(GrpcClientProtocolClient.java:146)
	at org.apache.ratis.util.PeerProxyMap$PeerAndProxy.lambda$close$1(PeerProxyMap.java:74)
	at org.apache.ratis.util.LifeCycle.lambda$checkStateAndClose$2(LifeCycle.java:231)
	at org.apache.ratis.util.LifeCycle.checkStateAndClose(LifeCycle.java:251)
	at org.apache.ratis.util.LifeCycle.checkStateAndClose(LifeCycle.java:229)
	at org.apache.ratis.util.PeerProxyMap$PeerAndProxy.close(PeerProxyMap.java:70)
	at org.apache.ratis.util.PeerProxyMap.resetProxy(PeerProxyMap.java:127)
	at org.apache.ratis.util.PeerProxyMap.handleException(PeerProxyMap.java:136)
	at org.apache.ratis.client.impl.RaftClientRpcWithProxy.handleException(RaftClientRpcWithProxy.java:47)
	at org.apache.ratis.client.impl.RaftClientImpl.handleIOException(RaftClientImpl.java:372)
	at org.apache.ratis.client.impl.OrderedAsync.lambda$sendRequest$10(OrderedAsync.java:236)
	at java.util.concurrent.CompletableFuture.uniExceptionally(CompletableFuture.java:870)
	at java.util.concurrent.CompletableFuture$UniExceptionally.tryFire(CompletableFuture.java:852)
	at java.util.concurrent.CompletableFuture.postComplete(CompletableFuture.java:474)
	at java.util.concurrent.CompletableFuture.completeExceptionally(CompletableFuture.java:1977)
	at org.apache.ratis.grpc.client.GrpcClientProtocolClient$AsyncStreamObservers.lambda$timeoutCheck$3(GrpcClientProtocolClient.java:324)
	at java.util.Optional.ifPresent(Optional.java:159)
	at org.apache.ratis.grpc.client.GrpcClientProtocolClient$AsyncStreamObservers.handleReplyFuture(GrpcClientProtocolClient.java:329)
	at org.apache.ratis.grpc.client.GrpcClientProtocolClient$AsyncStreamObservers.timeoutCheck(GrpcClientProtocolClient.java:324)
	at org.apache.ratis.grpc.client.GrpcClientProtocolClient$AsyncStreamObservers.lambda$onNext$1(GrpcClientProtocolClient.java:318)
	at org.apache.ratis.util.TimeoutScheduler.lambda$onTimeout$0(TimeoutScheduler.java:113)
	at org.apache.ratis.util.TimeoutScheduler.lambda$onTimeout$1(TimeoutScheduler.java:133)
	at org.apache.ratis.util.LogUtils.runAndLog(LogUtils.java:50)
	at org.apache.ratis.util.LogUtils$1.run(LogUtils.java:91)
	at java.util.concurrent.Executors$RunnableAdapter.call(Executors.java:511)
	at java.util.concurrent.FutureTask.run(FutureTask.java:266)
	at java.util.concurrent.ScheduledThreadPoolExecutor$ScheduledFutureTask.access$201(ScheduledThreadPoolExecutor.java:180)
	at java.util.concurrent.ScheduledThreadPoolExecutor$ScheduledFutureTask.run(ScheduledThreadPoolExecutor.java:293)
	at java.util.concurrent.ThreadPoolExecutor.runWorker(ThreadPoolExecutor.java:1149)
	at java.util.concurrent.ThreadPoolExecutor$Worker.run(ThreadPoolExecutor.java:624)
	at java.lang.Thread.run(Thread.java:748)
2019-10-02 17:53:26,713 [java.util.concurrent.ThreadPoolExecutor$Worker@1f1b4690[State = -1, empty queue]] WARN  util.TimeoutScheduler (LogUtils.java:runAndLog(55)) - Failed to task #0: java.lang.NullPointerException
2019-10-02 17:53:30,752 [java.util.concurrent.ThreadPoolExecutor$Worker@4fec72b7[State = -1, empty queue]] ERROR client.GrpcClientProtocolClient (GrpcClientProtocolClient.java:close(148)) - Unexpected exception while waiting for channel termination
java.lang.InterruptedException
	at java.util.concurrent.locks.AbstractQueuedSynchronizer.tryAcquireSharedNanos(AbstractQueuedSynchronizer.java:1326)
	at java.util.concurrent.CountDownLatch.await(CountDownLatch.java:277)
	at org.apache.ratis.thirdparty.io.grpc.internal.ManagedChannelImpl.awaitTermination(ManagedChannelImpl.java:763)
	at org.apache.ratis.thirdparty.io.grpc.internal.ForwardingManagedChannel.awaitTermination(ForwardingManagedChannel.java:57)
	at org.apache.ratis.thirdparty.io.grpc.internal.ManagedChannelOrphanWrapper.awaitTermination(ManagedChannelOrphanWrapper.java:70)
	at org.apache.ratis.grpc.client.GrpcClientProtocolClient.close(GrpcClientProtocolClient.java:146)
	at org.apache.ratis.util.PeerProxyMap$PeerAndProxy.lambda$close$1(PeerProxyMap.java:74)
	at org.apache.ratis.util.LifeCycle.lambda$checkStateAndClose$2(LifeCycle.java:231)
	at org.apache.ratis.util.LifeCycle.checkStateAndClose(LifeCycle.java:251)
	at org.apache.ratis.util.LifeCycle.checkStateAndClose(LifeCycle.java:229)
	at org.apache.ratis.util.PeerProxyMap$PeerAndProxy.close(PeerProxyMap.java:70)
	at org.apache.ratis.util.PeerProxyMap.resetProxy(PeerProxyMap.java:127)
	at org.apache.ratis.util.PeerProxyMap.handleException(PeerProxyMap.java:136)
	at org.apache.ratis.client.impl.RaftClientRpcWithProxy.handleException(RaftClientRpcWithProxy.java:47)
	at org.apache.ratis.client.impl.RaftClientImpl.handleIOException(RaftClientImpl.java:372)
	at org.apache.ratis.client.impl.OrderedAsync.lambda$sendRequest$10(OrderedAsync.java:236)
	at java.util.concurrent.CompletableFuture.uniExceptionally(CompletableFuture.java:870)
	at java.util.concurrent.CompletableFuture$UniExceptionally.tryFire(CompletableFuture.java:852)
	at java.util.concurrent.CompletableFuture.postComplete(CompletableFuture.java:474)
	at java.util.concurrent.CompletableFuture.completeExceptionally(CompletableFuture.java:1977)
	at org.apache.ratis.grpc.client.GrpcClientProtocolClient$AsyncStreamObservers.lambda$timeoutCheck$3(GrpcClientProtocolClient.java:324)
	at java.util.Optional.ifPresent(Optional.java:159)
	at org.apache.ratis.grpc.client.GrpcClientProtocolClient$AsyncStreamObservers.handleReplyFuture(GrpcClientProtocolClient.java:329)
	at org.apache.ratis.grpc.client.GrpcClientProtocolClient$AsyncStreamObservers.timeoutCheck(GrpcClientProtocolClient.java:324)
	at org.apache.ratis.grpc.client.GrpcClientProtocolClient$AsyncStreamObservers.lambda$onNext$1(GrpcClientProtocolClient.java:318)
	at org.apache.ratis.util.TimeoutScheduler.lambda$onTimeout$0(TimeoutScheduler.java:113)
	at org.apache.ratis.util.TimeoutScheduler.lambda$onTimeout$1(TimeoutScheduler.java:133)
	at org.apache.ratis.util.LogUtils.runAndLog(LogUtils.java:50)
	at org.apache.ratis.util.LogUtils$1.run(LogUtils.java:91)
	at java.util.concurrent.Executors$RunnableAdapter.call(Executors.java:511)
	at java.util.concurrent.FutureTask.run(FutureTask.java:266)
	at java.util.concurrent.ScheduledThreadPoolExecutor$ScheduledFutureTask.access$201(ScheduledThreadPoolExecutor.java:180)
	at java.util.concurrent.ScheduledThreadPoolExecutor$ScheduledFutureTask.run(ScheduledThreadPoolExecutor.java:293)
	at java.util.concurrent.ThreadPoolExecutor.runWorker(ThreadPoolExecutor.java:1149)
	at java.util.concurrent.ThreadPoolExecutor$Worker.run(ThreadPoolExecutor.java:624)
	at java.lang.Thread.run(Thread.java:748)
2019-10-02 17:53:30,755 [java.util.concurrent.ThreadPoolExecutor$Worker@4fec72b7[State = -1, empty queue]] WARN  util.TimeoutScheduler (LogUtils.java:runAndLog(55)) - Failed to task #0: java.lang.NullPointerException
2019-10-02 17:53:34,793 [java.util.concurrent.ThreadPoolExecutor$Worker@1615e937[State = -1, empty queue]] ERROR client.GrpcClientProtocolClient (GrpcClientProtocolClient.java:close(148)) - Unexpected exception while waiting for channel termination
java.lang.InterruptedException
	at java.util.concurrent.locks.AbstractQueuedSynchronizer.tryAcquireSharedNanos(AbstractQueuedSynchronizer.java:1326)
	at java.util.concurrent.CountDownLatch.await(CountDownLatch.java:277)
	at org.apache.ratis.thirdparty.io.grpc.internal.ManagedChannelImpl.awaitTermination(ManagedChannelImpl.java:763)
	at org.apache.ratis.thirdparty.io.grpc.internal.ForwardingManagedChannel.awaitTermination(ForwardingManagedChannel.java:57)
	at org.apache.ratis.thirdparty.io.grpc.internal.ManagedChannelOrphanWrapper.awaitTermination(ManagedChannelOrphanWrapper.java:70)
	at org.apache.ratis.grpc.client.GrpcClientProtocolClient.close(GrpcClientProtocolClient.java:146)
	at org.apache.ratis.util.PeerProxyMap$PeerAndProxy.lambda$close$1(PeerProxyMap.java:74)
	at org.apache.ratis.util.LifeCycle.lambda$checkStateAndClose$2(LifeCycle.java:231)
	at org.apache.ratis.util.LifeCycle.checkStateAndClose(LifeCycle.java:251)
	at org.apache.ratis.util.LifeCycle.checkStateAndClose(LifeCycle.java:229)
	at org.apache.ratis.util.PeerProxyMap$PeerAndProxy.close(PeerProxyMap.java:70)
	at org.apache.ratis.util.PeerProxyMap.resetProxy(PeerProxyMap.java:127)
	at org.apache.ratis.util.PeerProxyMap.handleException(PeerProxyMap.java:136)
	at org.apache.ratis.client.impl.RaftClientRpcWithProxy.handleException(RaftClientRpcWithProxy.java:47)
	at org.apache.ratis.client.impl.RaftClientImpl.handleIOException(RaftClientImpl.java:372)
	at org.apache.ratis.client.impl.OrderedAsync.lambda$sendRequest$10(OrderedAsync.java:236)
	at java.util.concurrent.CompletableFuture.uniExceptionally(CompletableFuture.java:870)
	at java.util.concurrent.CompletableFuture$UniExceptionally.tryFire(CompletableFuture.java:852)
	at java.util.concurrent.CompletableFuture.postComplete(CompletableFuture.java:474)
	at java.util.concurrent.CompletableFuture.completeExceptionally(CompletableFuture.java:1977)
	at org.apache.ratis.grpc.client.GrpcClientProtocolClient$AsyncStreamObservers.lambda$timeoutCheck$3(GrpcClientProtocolClient.java:324)
	at java.util.Optional.ifPresent(Optional.java:159)
	at org.apache.ratis.grpc.client.GrpcClientProtocolClient$AsyncStreamObservers.handleReplyFuture(GrpcClientProtocolClient.java:329)
	at org.apache.ratis.grpc.client.GrpcClientProtocolClient$AsyncStreamObservers.timeoutCheck(GrpcClientProtocolClient.java:324)
	at org.apache.ratis.grpc.client.GrpcClientProtocolClient$AsyncStreamObservers.lambda$onNext$1(GrpcClientProtocolClient.java:318)
	at org.apache.ratis.util.TimeoutScheduler.lambda$onTimeout$0(TimeoutScheduler.java:113)
	at org.apache.ratis.util.TimeoutScheduler.lambda$onTimeout$1(TimeoutScheduler.java:133)
	at org.apache.ratis.util.LogUtils.runAndLog(LogUtils.java:50)
	at org.apache.ratis.util.LogUtils$1.run(LogUtils.java:91)
	at java.util.concurrent.Executors$RunnableAdapter.call(Executors.java:511)
	at java.util.concurrent.FutureTask.run(FutureTask.java:266)
	at java.util.concurrent.ScheduledThreadPoolExecutor$ScheduledFutureTask.access$201(ScheduledThreadPoolExecutor.java:180)
	at java.util.concurrent.ScheduledThreadPoolExecutor$ScheduledFutureTask.run(ScheduledThreadPoolExecutor.java:293)
	at java.util.concurrent.ThreadPoolExecutor.runWorker(ThreadPoolExecutor.java:1149)
	at java.util.concurrent.ThreadPoolExecutor$Worker.run(ThreadPoolExecutor.java:624)
	at java.lang.Thread.run(Thread.java:748)
2019-10-02 17:53:34,797 [java.util.concurrent.ThreadPoolExecutor$Worker@1615e937[State = -1, empty queue]] WARN  util.TimeoutScheduler (LogUtils.java:runAndLog(55)) - Failed to task #0: java.lang.NullPointerException
2019-10-02 17:53:38,836 [java.util.concurrent.ThreadPoolExecutor$Worker@275849d4[State = -1, empty queue]] ERROR client.GrpcClientProtocolClient (GrpcClientProtocolClient.java:close(148)) - Unexpected exception while waiting for channel termination
java.lang.InterruptedException
	at java.util.concurrent.locks.AbstractQueuedSynchronizer.tryAcquireSharedNanos(AbstractQueuedSynchronizer.java:1326)
	at java.util.concurrent.CountDownLatch.await(CountDownLatch.java:277)
	at org.apache.ratis.thirdparty.io.grpc.internal.ManagedChannelImpl.awaitTermination(ManagedChannelImpl.java:763)
	at org.apache.ratis.thirdparty.io.grpc.internal.ForwardingManagedChannel.awaitTermination(ForwardingManagedChannel.java:57)
	at org.apache.ratis.thirdparty.io.grpc.internal.ManagedChannelOrphanWrapper.awaitTermination(ManagedChannelOrphanWrapper.java:70)
	at org.apache.ratis.grpc.client.GrpcClientProtocolClient.close(GrpcClientProtocolClient.java:146)
	at org.apache.ratis.util.PeerProxyMap$PeerAndProxy.lambda$close$1(PeerProxyMap.java:74)
	at org.apache.ratis.util.LifeCycle.lambda$checkStateAndClose$2(LifeCycle.java:231)
	at org.apache.ratis.util.LifeCycle.checkStateAndClose(LifeCycle.java:251)
	at org.apache.ratis.util.LifeCycle.checkStateAndClose(LifeCycle.java:229)
	at org.apache.ratis.util.PeerProxyMap$PeerAndProxy.close(PeerProxyMap.java:70)
	at org.apache.ratis.util.PeerProxyMap.resetProxy(PeerProxyMap.java:127)
	at org.apache.ratis.util.PeerProxyMap.handleException(PeerProxyMap.java:136)
	at org.apache.ratis.client.impl.RaftClientRpcWithProxy.handleException(RaftClientRpcWithProxy.java:47)
	at org.apache.ratis.client.impl.RaftClientImpl.handleIOException(RaftClientImpl.java:372)
	at org.apache.ratis.client.impl.OrderedAsync.lambda$sendRequest$10(OrderedAsync.java:236)
	at java.util.concurrent.CompletableFuture.uniExceptionally(CompletableFuture.java:870)
	at java.util.concurrent.CompletableFuture$UniExceptionally.tryFire(CompletableFuture.java:852)
	at java.util.concurrent.CompletableFuture.postComplete(CompletableFuture.java:474)
	at java.util.concurrent.CompletableFuture.completeExceptionally(CompletableFuture.java:1977)
	at org.apache.ratis.grpc.client.GrpcClientProtocolClient$AsyncStreamObservers.lambda$timeoutCheck$3(GrpcClientProtocolClient.java:324)
	at java.util.Optional.ifPresent(Optional.java:159)
	at org.apache.ratis.grpc.client.GrpcClientProtocolClient$AsyncStreamObservers.handleReplyFuture(GrpcClientProtocolClient.java:329)
	at org.apache.ratis.grpc.client.GrpcClientProtocolClient$AsyncStreamObservers.timeoutCheck(GrpcClientProtocolClient.java:324)
	at org.apache.ratis.grpc.client.GrpcClientProtocolClient$AsyncStreamObservers.lambda$onNext$1(GrpcClientProtocolClient.java:318)
	at org.apache.ratis.util.TimeoutScheduler.lambda$onTimeout$0(TimeoutScheduler.java:113)
	at org.apache.ratis.util.TimeoutScheduler.lambda$onTimeout$1(TimeoutScheduler.java:133)
	at org.apache.ratis.util.LogUtils.runAndLog(LogUtils.java:50)
	at org.apache.ratis.util.LogUtils$1.run(LogUtils.java:91)
	at java.util.concurrent.Executors$RunnableAdapter.call(Executors.java:511)
	at java.util.concurrent.FutureTask.run(FutureTask.java:266)
	at java.util.concurrent.ScheduledThreadPoolExecutor$ScheduledFutureTask.access$201(ScheduledThreadPoolExecutor.java:180)
	at java.util.concurrent.ScheduledThreadPoolExecutor$ScheduledFutureTask.run(ScheduledThreadPoolExecutor.java:293)
	at java.util.concurrent.ThreadPoolExecutor.runWorker(ThreadPoolExecutor.java:1149)
	at java.util.concurrent.ThreadPoolExecutor$Worker.run(ThreadPoolExecutor.java:624)
	at java.lang.Thread.run(Thread.java:748)
2019-10-02 17:53:38,839 [java.util.concurrent.ThreadPoolExecutor$Worker@275849d4[State = -1, empty queue]] WARN  util.TimeoutScheduler (LogUtils.java:runAndLog(55)) - Failed to task #0: java.lang.NullPointerException
2019-10-02 17:53:42,891 [java.util.concurrent.ThreadPoolExecutor$Worker@37d55556[State = -1, empty queue]] ERROR client.GrpcClientProtocolClient (GrpcClientProtocolClient.java:close(148)) - Unexpected exception while waiting for channel termination
java.lang.InterruptedException
	at java.util.concurrent.locks.AbstractQueuedSynchronizer.tryAcquireSharedNanos(AbstractQueuedSynchronizer.java:1326)
	at java.util.concurrent.CountDownLatch.await(CountDownLatch.java:277)
	at org.apache.ratis.thirdparty.io.grpc.internal.ManagedChannelImpl.awaitTermination(ManagedChannelImpl.java:763)
	at org.apache.ratis.thirdparty.io.grpc.internal.ForwardingManagedChannel.awaitTermination(ForwardingManagedChannel.java:57)
	at org.apache.ratis.thirdparty.io.grpc.internal.ManagedChannelOrphanWrapper.awaitTermination(ManagedChannelOrphanWrapper.java:70)
	at org.apache.ratis.grpc.client.GrpcClientProtocolClient.close(GrpcClientProtocolClient.java:146)
	at org.apache.ratis.util.PeerProxyMap$PeerAndProxy.lambda$close$1(PeerProxyMap.java:74)
	at org.apache.ratis.util.LifeCycle.lambda$checkStateAndClose$2(LifeCycle.java:231)
	at org.apache.ratis.util.LifeCycle.checkStateAndClose(LifeCycle.java:251)
	at org.apache.ratis.util.LifeCycle.checkStateAndClose(LifeCycle.java:229)
	at org.apache.ratis.util.PeerProxyMap$PeerAndProxy.close(PeerProxyMap.java:70)
	at org.apache.ratis.util.PeerProxyMap.resetProxy(PeerProxyMap.java:127)
	at org.apache.ratis.util.PeerProxyMap.handleException(PeerProxyMap.java:136)
	at org.apache.ratis.client.impl.RaftClientRpcWithProxy.handleException(RaftClientRpcWithProxy.java:47)
	at org.apache.ratis.client.impl.RaftClientImpl.handleIOException(RaftClientImpl.java:372)
	at org.apache.ratis.client.impl.OrderedAsync.lambda$sendRequest$10(OrderedAsync.java:236)
	at java.util.concurrent.CompletableFuture.uniExceptionally(CompletableFuture.java:870)
	at java.util.concurrent.CompletableFuture$UniExceptionally.tryFire(CompletableFuture.java:852)
	at java.util.concurrent.CompletableFuture.postComplete(CompletableFuture.java:474)
	at java.util.concurrent.CompletableFuture.completeExceptionally(CompletableFuture.java:1977)
	at org.apache.ratis.grpc.client.GrpcClientProtocolClient$AsyncStreamObservers.lambda$timeoutCheck$3(GrpcClientProtocolClient.java:324)
	at java.util.Optional.ifPresent(Optional.java:159)
	at org.apache.ratis.grpc.client.GrpcClientProtocolClient$AsyncStreamObservers.handleReplyFuture(GrpcClientProtocolClient.java:329)
	at org.apache.ratis.grpc.client.GrpcClientProtocolClient$AsyncStreamObservers.timeoutCheck(GrpcClientProtocolClient.java:324)
	at org.apache.ratis.grpc.client.GrpcClientProtocolClient$AsyncStreamObservers.lambda$onNext$1(GrpcClientProtocolClient.java:318)
	at org.apache.ratis.util.TimeoutScheduler.lambda$onTimeout$0(TimeoutScheduler.java:113)
	at org.apache.ratis.util.TimeoutScheduler.lambda$onTimeout$1(TimeoutScheduler.java:133)
	at org.apache.ratis.util.LogUtils.runAndLog(LogUtils.java:50)
	at org.apache.ratis.util.LogUtils$1.run(LogUtils.java:91)
	at java.util.concurrent.Executors$RunnableAdapter.call(Executors.java:511)
	at java.util.concurrent.FutureTask.run(FutureTask.java:266)
	at java.util.concurrent.ScheduledThreadPoolExecutor$ScheduledFutureTask.access$201(ScheduledThreadPoolExecutor.java:180)
	at java.util.concurrent.ScheduledThreadPoolExecutor$ScheduledFutureTask.run(ScheduledThreadPoolExecutor.java:293)
	at java.util.concurrent.ThreadPoolExecutor.runWorker(ThreadPoolExecutor.java:1149)
	at java.util.concurrent.ThreadPoolExecutor$Worker.run(ThreadPoolExecutor.java:624)
	at java.lang.Thread.run(Thread.java:748)
2019-10-02 17:53:42,892 [java.util.concurrent.ThreadPoolExecutor$Worker@37d55556[State = -1, empty queue]] WARN  util.TimeoutScheduler (LogUtils.java:runAndLog(55)) - Failed to task #0: java.lang.NullPointerException
2019-10-02 17:53:46,941 [java.util.concurrent.ThreadPoolExecutor$Worker@245a7b29[State = -1, empty queue]] ERROR client.GrpcClientProtocolClient (GrpcClientProtocolClient.java:close(148)) - Unexpected exception while waiting for channel termination
java.lang.InterruptedException
	at java.util.concurrent.locks.AbstractQueuedSynchronizer.tryAcquireSharedNanos(AbstractQueuedSynchronizer.java:1326)
	at java.util.concurrent.CountDownLatch.await(CountDownLatch.java:277)
	at org.apache.ratis.thirdparty.io.grpc.internal.ManagedChannelImpl.awaitTermination(ManagedChannelImpl.java:763)
	at org.apache.ratis.thirdparty.io.grpc.internal.ForwardingManagedChannel.awaitTermination(ForwardingManagedChannel.java:57)
	at org.apache.ratis.thirdparty.io.grpc.internal.ManagedChannelOrphanWrapper.awaitTermination(ManagedChannelOrphanWrapper.java:70)
	at org.apache.ratis.grpc.client.GrpcClientProtocolClient.close(GrpcClientProtocolClient.java:146)
	at org.apache.ratis.util.PeerProxyMap$PeerAndProxy.lambda$close$1(PeerProxyMap.java:74)
	at org.apache.ratis.util.LifeCycle.lambda$checkStateAndClose$2(LifeCycle.java:231)
	at org.apache.ratis.util.LifeCycle.checkStateAndClose(LifeCycle.java:251)
	at org.apache.ratis.util.LifeCycle.checkStateAndClose(LifeCycle.java:229)
	at org.apache.ratis.util.PeerProxyMap$PeerAndProxy.close(PeerProxyMap.java:70)
	at org.apache.ratis.util.PeerProxyMap.resetProxy(PeerProxyMap.java:127)
	at org.apache.ratis.util.PeerProxyMap.handleException(PeerProxyMap.java:136)
	at org.apache.ratis.client.impl.RaftClientRpcWithProxy.handleException(RaftClientRpcWithProxy.java:47)
	at org.apache.ratis.client.impl.RaftClientImpl.handleIOException(RaftClientImpl.java:372)
	at org.apache.ratis.client.impl.OrderedAsync.lambda$sendRequest$10(OrderedAsync.java:236)
	at java.util.concurrent.CompletableFuture.uniExceptionally(CompletableFuture.java:870)
	at java.util.concurrent.CompletableFuture$UniExceptionally.tryFire(CompletableFuture.java:852)
	at java.util.concurrent.CompletableFuture.postComplete(CompletableFuture.java:474)
	at java.util.concurrent.CompletableFuture.completeExceptionally(CompletableFuture.java:1977)
	at org.apache.ratis.grpc.client.GrpcClientProtocolClient$AsyncStreamObservers.lambda$timeoutCheck$3(GrpcClientProtocolClient.java:324)
	at java.util.Optional.ifPresent(Optional.java:159)
	at org.apache.ratis.grpc.client.GrpcClientProtocolClient$AsyncStreamObservers.handleReplyFuture(GrpcClientProtocolClient.java:329)
	at org.apache.ratis.grpc.client.GrpcClientProtocolClient$AsyncStreamObservers.timeoutCheck(GrpcClientProtocolClient.java:324)
	at org.apache.ratis.grpc.client.GrpcClientProtocolClient$AsyncStreamObservers.lambda$onNext$1(GrpcClientProtocolClient.java:318)
	at org.apache.ratis.util.TimeoutScheduler.lambda$onTimeout$0(TimeoutScheduler.java:113)
	at org.apache.ratis.util.TimeoutScheduler.lambda$onTimeout$1(TimeoutScheduler.java:133)
	at org.apache.ratis.util.LogUtils.runAndLog(LogUtils.java:50)
	at org.apache.ratis.util.LogUtils$1.run(LogUtils.java:91)
	at java.util.concurrent.Executors$RunnableAdapter.call(Executors.java:511)
	at java.util.concurrent.FutureTask.run(FutureTask.java:266)
	at java.util.concurrent.ScheduledThreadPoolExecutor$ScheduledFutureTask.access$201(ScheduledThreadPoolExecutor.java:180)
	at java.util.concurrent.ScheduledThreadPoolExecutor$ScheduledFutureTask.run(ScheduledThreadPoolExecutor.java:293)
	at java.util.concurrent.ThreadPoolExecutor.runWorker(ThreadPoolExecutor.java:1149)
	at java.util.concurrent.ThreadPoolExecutor$Worker.run(ThreadPoolExecutor.java:624)
	at java.lang.Thread.run(Thread.java:748)
2019-10-02 17:53:46,942 [java.util.concurrent.ThreadPoolExecutor$Worker@245a7b29[State = -1, empty queue]] WARN  util.TimeoutScheduler (LogUtils.java:runAndLog(55)) - Failed to task #0: java.lang.NullPointerException
2019-10-02 17:53:49,460 [grpc-default-executor-8] INFO  impl.RaftServerProxy (RaftServerProxy.java:remove(95)) - e7bd1734-ef6c-4cf8-b88c-8a1061e7af66: remove  FOLLOWER e7bd1734-ef6c-4cf8-b88c-8a1061e7af66@group-EAA08EF83084:t2, leader=c6bdf12a-094f-42bc-87c0-f082ef291ed8, voted=c6bdf12a-094f-42bc-87c0-f082ef291ed8, raftlog=e7bd1734-ef6c-4cf8-b88c-8a1061e7af66@group-EAA08EF83084-SegmentedRaftLog:OPENED:c0,f2,i2, conf=0: [c6bdf12a-094f-42bc-87c0-f082ef291ed8:192.168.151.72:33846, e7bd1734-ef6c-4cf8-b88c-8a1061e7af66:192.168.151.72:41308, 49c112d4-02f4-49c2-90bf-c7b46ec7b63a:192.168.151.72:42976], old=null RUNNING
2019-10-02 17:53:49,460 [grpc-default-executor-8] INFO  impl.RaftServerImpl (RaftServerImpl.java:lambda$shutdown$3(247)) - e7bd1734-ef6c-4cf8-b88c-8a1061e7af66@group-EAA08EF83084: shutdown
2019-10-02 17:53:49,460 [grpc-default-executor-8] INFO  util.JmxRegister (JmxRegister.java:unregister(73)) - Successfully un-registered JMX Bean with object name Ratis:service=RaftServer,group=group-EAA08EF83084,id=e7bd1734-ef6c-4cf8-b88c-8a1061e7af66
2019-10-02 17:53:49,461 [grpc-default-executor-8] INFO  impl.RoleInfo (RoleInfo.java:shutdownFollowerState(121)) - e7bd1734-ef6c-4cf8-b88c-8a1061e7af66: shutdown FollowerState
2019-10-02 17:53:49,461 [grpc-default-executor-8] INFO  impl.StateMachineUpdater (StateMachineUpdater.java:stopAndJoin(136)) - e7bd1734-ef6c-4cf8-b88c-8a1061e7af66@group-EAA08EF83084-StateMachineUpdater: set stopIndex = 0
2019-10-02 17:53:49,461 [Thread-978] INFO  impl.FollowerState (FollowerState.java:run(117)) - e7bd1734-ef6c-4cf8-b88c-8a1061e7af66@group-EAA08EF83084-FollowerState was interrupted: java.lang.InterruptedException: sleep interrupted
2019-10-02 17:53:49,468 [grpc-default-executor-8] INFO  impl.RaftServerImpl (ServerState.java:close(387)) - e7bd1734-ef6c-4cf8-b88c-8a1061e7af66@group-EAA08EF83084: closes. applyIndex: 0
2019-10-02 17:53:49,468 [e7bd1734-ef6c-4cf8-b88c-8a1061e7af66@group-EAA08EF83084-SegmentedRaftLogWorker] INFO  segmented.SegmentedRaftLogWorker (SegmentedRaftLogWorker.java:run(316)) - e7bd1734-ef6c-4cf8-b88c-8a1061e7af66@group-EAA08EF83084-SegmentedRaftLogWorker was interrupted, exiting. There are 0 tasks remaining in the queue.
2019-10-02 17:53:49,471 [grpc-default-executor-8] INFO  segmented.SegmentedRaftLogWorker (SegmentedRaftLogWorker.java:close(224)) - e7bd1734-ef6c-4cf8-b88c-8a1061e7af66@group-EAA08EF83084-SegmentedRaftLogWorker close()
2019-10-02 17:53:49,551 [grpc-default-executor-8] INFO  interfaces.Container (KeyValueContainer.java:flushAndSyncDB(386)) - Container 4 is synced with bcsId 0.
2019-10-02 17:53:49,552 [grpc-default-executor-8] INFO  interfaces.Container (KeyValueContainer.java:flushAndSyncDB(386)) - Container 4 is synced with bcsId 0.
2019-10-02 17:53:49,567 [EventQueue-IncrementalContainerReportForIncrementalContainerReportHandler] INFO  container.IncrementalContainerReportHandler (AbstractContainerReportHandler.java:updateContainerState(169)) - Moving container #4 to QUASI_CLOSED state, datanode e7bd1734-ef6c-4cf8-b88c-8a1061e7af66{ip: 192.168.151.72, host: pr-trunk-fgz7f-2353921243, networkLocation: /default-rack, certSerialId: null} reported QUASI_CLOSED replica.
2019-10-02 17:53:49,572 [grpc-default-executor-8] INFO  impl.RaftServerProxy (RaftServerProxy.java:remove(95)) - 49c112d4-02f4-49c2-90bf-c7b46ec7b63a: remove  FOLLOWER 49c112d4-02f4-49c2-90bf-c7b46ec7b63a@group-EAA08EF83084:t2, leader=c6bdf12a-094f-42bc-87c0-f082ef291ed8, voted=c6bdf12a-094f-42bc-87c0-f082ef291ed8, raftlog=49c112d4-02f4-49c2-90bf-c7b46ec7b63a@group-EAA08EF83084-SegmentedRaftLog:OPENED:c0,f2,i2, conf=0: [c6bdf12a-094f-42bc-87c0-f082ef291ed8:192.168.151.72:33846, e7bd1734-ef6c-4cf8-b88c-8a1061e7af66:192.168.151.72:41308, 49c112d4-02f4-49c2-90bf-c7b46ec7b63a:192.168.151.72:42976], old=null RUNNING
2019-10-02 17:53:49,572 [grpc-default-executor-8] INFO  impl.RaftServerImpl (RaftServerImpl.java:lambda$shutdown$3(247)) - 49c112d4-02f4-49c2-90bf-c7b46ec7b63a@group-EAA08EF83084: shutdown
2019-10-02 17:53:49,572 [grpc-default-executor-8] INFO  util.JmxRegister (JmxRegister.java:unregister(73)) - Successfully un-registered JMX Bean with object name Ratis:service=RaftServer,group=group-EAA08EF83084,id=49c112d4-02f4-49c2-90bf-c7b46ec7b63a
2019-10-02 17:53:49,572 [grpc-default-executor-8] INFO  impl.RoleInfo (RoleInfo.java:shutdownFollowerState(121)) - 49c112d4-02f4-49c2-90bf-c7b46ec7b63a: shutdown FollowerState
2019-10-02 17:53:49,573 [grpc-default-executor-8] INFO  impl.StateMachineUpdater (StateMachineUpdater.java:stopAndJoin(136)) - 49c112d4-02f4-49c2-90bf-c7b46ec7b63a@group-EAA08EF83084-StateMachineUpdater: set stopIndex = 0
2019-10-02 17:53:49,573 [Thread-979] INFO  impl.FollowerState (FollowerState.java:run(117)) - 49c112d4-02f4-49c2-90bf-c7b46ec7b63a@group-EAA08EF83084-FollowerState was interrupted: java.lang.InterruptedException: sleep interrupted
2019-10-02 17:53:49,578 [grpc-default-executor-8] INFO  impl.RaftServerImpl (ServerState.java:close(387)) - 49c112d4-02f4-49c2-90bf-c7b46ec7b63a@group-EAA08EF83084: closes. applyIndex: 0
2019-10-02 17:53:49,578 [49c112d4-02f4-49c2-90bf-c7b46ec7b63a@group-EAA08EF83084-SegmentedRaftLogWorker] INFO  segmented.SegmentedRaftLogWorker (SegmentedRaftLogWorker.java:run(316)) - 49c112d4-02f4-49c2-90bf-c7b46ec7b63a@group-EAA08EF83084-SegmentedRaftLogWorker was interrupted, exiting. There are 0 tasks remaining in the queue.
2019-10-02 17:53:49,578 [grpc-default-executor-8] INFO  segmented.SegmentedRaftLogWorker (SegmentedRaftLogWorker.java:close(224)) - 49c112d4-02f4-49c2-90bf-c7b46ec7b63a@group-EAA08EF83084-SegmentedRaftLogWorker close()
2019-10-02 17:53:49,628 [grpc-default-executor-8] INFO  interfaces.Container (KeyValueContainer.java:flushAndSyncDB(386)) - Container 4 is synced with bcsId 0.
2019-10-02 17:53:49,628 [grpc-default-executor-8] INFO  interfaces.Container (KeyValueContainer.java:flushAndSyncDB(386)) - Container 4 is synced with bcsId 0.
2019-10-02 17:53:49,647 [grpc-default-executor-8] INFO  impl.RaftServerProxy (RaftServerProxy.java:remove(95)) - c6bdf12a-094f-42bc-87c0-f082ef291ed8: remove    LEADER c6bdf12a-094f-42bc-87c0-f082ef291ed8@group-EAA08EF83084:t2, leader=c6bdf12a-094f-42bc-87c0-f082ef291ed8, voted=c6bdf12a-094f-42bc-87c0-f082ef291ed8, raftlog=c6bdf12a-094f-42bc-87c0-f082ef291ed8@group-EAA08EF83084-SegmentedRaftLog:OPENED:c0,f0,i2, conf=0: [c6bdf12a-094f-42bc-87c0-f082ef291ed8:192.168.151.72:33846, e7bd1734-ef6c-4cf8-b88c-8a1061e7af66:192.168.151.72:41308, 49c112d4-02f4-49c2-90bf-c7b46ec7b63a:192.168.151.72:42976], old=null RUNNING
2019-10-02 17:53:49,647 [grpc-default-executor-8] INFO  impl.RaftServerImpl (RaftServerImpl.java:lambda$shutdown$3(247)) - c6bdf12a-094f-42bc-87c0-f082ef291ed8@group-EAA08EF83084: shutdown
2019-10-02 17:53:49,647 [grpc-default-executor-8] INFO  util.JmxRegister (JmxRegister.java:unregister(73)) - Successfully un-registered JMX Bean with object name Ratis:service=RaftServer,group=group-EAA08EF83084,id=c6bdf12a-094f-42bc-87c0-f082ef291ed8
2019-10-02 17:53:49,647 [grpc-default-executor-8] INFO  impl.RoleInfo (RoleInfo.java:shutdownLeaderState(104)) - c6bdf12a-094f-42bc-87c0-f082ef291ed8: shutdown LeaderState
2019-10-02 17:53:49,653 [grpc-default-executor-8] INFO  impl.PendingRequests (PendingRequests.java:sendNotLeaderResponses(202)) - c6bdf12a-094f-42bc-87c0-f082ef291ed8@group-EAA08EF83084-PendingRequests: sendNotLeaderResponses
2019-10-02 17:53:49,653 [org.apache.ratis.server.impl.LogAppender$AppenderDaemon$$Lambda$525/299265970@74da2987] WARN  server.GrpcLogAppender (GrpcLogAppender.java:mayWait(143)) - c6bdf12a-094f-42bc-87c0-f082ef291ed8@group-EAA08EF83084->e7bd1734-ef6c-4cf8-b88c-8a1061e7af66-GrpcLogAppender: Wait interrupted by java.lang.InterruptedException
2019-10-02 17:53:49,653 [org.apache.ratis.server.impl.LogAppender$AppenderDaemon$$Lambda$525/299265970@4912582e] WARN  server.GrpcLogAppender (GrpcLogAppender.java:mayWait(143)) - c6bdf12a-094f-42bc-87c0-f082ef291ed8@group-EAA08EF83084->49c112d4-02f4-49c2-90bf-c7b46ec7b63a-GrpcLogAppender: Wait interrupted by java.lang.InterruptedException
2019-10-02 17:53:49,656 [grpc-default-executor-3] INFO  server.GrpcServerProtocolService (GrpcServerProtocolService.java:onCompleted(113)) - e7bd1734-ef6c-4cf8-b88c-8a1061e7af66: Completed APPEND_ENTRIES, lastRequest: c6bdf12a-094f-42bc-87c0-f082ef291ed8->e7bd1734-ef6c-4cf8-b88c-8a1061e7af66#29-t2, previous=(t:2, i:2), leaderCommit=0, initializing? false, entries: <empty>
2019-10-02 17:53:49,656 [grpc-default-executor-2] INFO  server.GrpcServerProtocolService (GrpcServerProtocolService.java:onCompleted(113)) - 49c112d4-02f4-49c2-90bf-c7b46ec7b63a: Completed APPEND_ENTRIES, lastRequest: c6bdf12a-094f-42bc-87c0-f082ef291ed8->49c112d4-02f4-49c2-90bf-c7b46ec7b63a#29-t2, previous=(t:2, i:2), leaderCommit=0, initializing? false, entries: <empty>
2019-10-02 17:53:49,659 [grpc-default-executor-8] INFO  impl.StateMachineUpdater (StateMachineUpdater.java:stopAndJoin(136)) - c6bdf12a-094f-42bc-87c0-f082ef291ed8@group-EAA08EF83084-StateMachineUpdater: set stopIndex = 0
2019-10-02 17:53:49,660 [grpc-default-executor-8] INFO  impl.RaftServerImpl (ServerState.java:close(387)) - c6bdf12a-094f-42bc-87c0-f082ef291ed8@group-EAA08EF83084: closes. applyIndex: 0
2019-10-02 17:53:49,660 [grpc-default-executor-7] INFO  server.GrpcLogAppender (GrpcLogAppender.java:onCompleted(293)) - c6bdf12a-094f-42bc-87c0-f082ef291ed8@group-EAA08EF83084->49c112d4-02f4-49c2-90bf-c7b46ec7b63a-AppendLogResponseHandler: follower responses appendEntries COMPLETED
2019-10-02 17:53:49,660 [c6bdf12a-094f-42bc-87c0-f082ef291ed8@group-EAA08EF83084-SegmentedRaftLogWorker] INFO  segmented.SegmentedRaftLogWorker (SegmentedRaftLogWorker.java:run(316)) - c6bdf12a-094f-42bc-87c0-f082ef291ed8@group-EAA08EF83084-SegmentedRaftLogWorker was interrupted, exiting. There are 0 tasks remaining in the queue.
2019-10-02 17:53:49,660 [grpc-default-executor-9] INFO  server.GrpcLogAppender (GrpcLogAppender.java:onCompleted(293)) - c6bdf12a-094f-42bc-87c0-f082ef291ed8@group-EAA08EF83084->e7bd1734-ef6c-4cf8-b88c-8a1061e7af66-AppendLogResponseHandler: follower responses appendEntries COMPLETED
2019-10-02 17:53:49,660 [grpc-default-executor-8] INFO  segmented.SegmentedRaftLogWorker (SegmentedRaftLogWorker.java:close(224)) - c6bdf12a-094f-42bc-87c0-f082ef291ed8@group-EAA08EF83084-SegmentedRaftLogWorker close()
2019-10-02 17:53:49,660 [grpc-default-executor-7] INFO  impl.FollowerInfo (FollowerInfo.java:lambda$new$0(51)) - c6bdf12a-094f-42bc-87c0-f082ef291ed8@group-EAA08EF83084->49c112d4-02f4-49c2-90bf-c7b46ec7b63a: nextIndex: updateUnconditionally 3 -> 2
2019-10-02 17:53:49,661 [grpc-default-executor-9] INFO  impl.FollowerInfo (FollowerInfo.java:lambda$new$0(51)) - c6bdf12a-094f-42bc-87c0-f082ef291ed8@group-EAA08EF83084->e7bd1734-ef6c-4cf8-b88c-8a1061e7af66: nextIndex: updateUnconditionally 3 -> 2
2019-10-02 17:53:49,668 [RatisPipelineUtilsThread] INFO  pipeline.PipelineStateManager (PipelineStateManager.java:removePipeline(108)) - Pipeline Pipeline[ Id: 23c48059-096d-4b72-901b-eaa08ef83084, Nodes: e7bd1734-ef6c-4cf8-b88c-8a1061e7af66{ip: 192.168.151.72, host: pr-trunk-fgz7f-2353921243, networkLocation: /default-rack, certSerialId: null}49c112d4-02f4-49c2-90bf-c7b46ec7b63a{ip: 192.168.151.72, host: pr-trunk-fgz7f-2353921243, networkLocation: /default-rack, certSerialId: null}c6bdf12a-094f-42bc-87c0-f082ef291ed8{ip: 192.168.151.72, host: pr-trunk-fgz7f-2353921243, networkLocation: /default-rack, certSerialId: null}, Type:RATIS, Factor:THREE, State:CLOSED] removed from db
2019-10-02 17:53:49,671 [grpc-default-executor-8] INFO  impl.RaftServerProxy (RaftServerProxy.java:remove(95)) - e7bd1734-ef6c-4cf8-b88c-8a1061e7af66: remove group-EAA08EF83084:null
2019-10-02 17:53:49,678 [RatisPipelineUtilsThread] WARN  pipeline.RatisPipelineUtils (RatisPipelineUtils.java:destroyPipeline(67)) - Pipeline destroy failed for pipeline=PipelineID=23c48059-096d-4b72-901b-eaa08ef83084 dn=e7bd1734-ef6c-4cf8-b88c-8a1061e7af66{ip: 192.168.151.72, host: pr-trunk-fgz7f-2353921243, networkLocation: /default-rack, certSerialId: null}
2019-10-02 17:53:49,682 [grpc-default-executor-8] INFO  impl.RaftServerProxy (RaftServerProxy.java:remove(95)) - 49c112d4-02f4-49c2-90bf-c7b46ec7b63a: remove group-EAA08EF83084:null
2019-10-02 17:53:49,689 [RatisPipelineUtilsThread] WARN  pipeline.RatisPipelineUtils (RatisPipelineUtils.java:destroyPipeline(67)) - Pipeline destroy failed for pipeline=PipelineID=23c48059-096d-4b72-901b-eaa08ef83084 dn=49c112d4-02f4-49c2-90bf-c7b46ec7b63a{ip: 192.168.151.72, host: pr-trunk-fgz7f-2353921243, networkLocation: /default-rack, certSerialId: null}
2019-10-02 17:53:49,691 [grpc-default-executor-8] INFO  impl.RaftServerProxy (RaftServerProxy.java:remove(95)) - c6bdf12a-094f-42bc-87c0-f082ef291ed8: remove group-EAA08EF83084:null
2019-10-02 17:53:49,697 [RatisPipelineUtilsThread] WARN  pipeline.RatisPipelineUtils (RatisPipelineUtils.java:destroyPipeline(67)) - Pipeline destroy failed for pipeline=PipelineID=23c48059-096d-4b72-901b-eaa08ef83084 dn=c6bdf12a-094f-42bc-87c0-f082ef291ed8{ip: 192.168.151.72, host: pr-trunk-fgz7f-2353921243, networkLocation: /default-rack, certSerialId: null}
2019-10-02 17:53:49,697 [RatisPipelineUtilsThread] ERROR pipeline.SCMPipelineManager (Scheduler.java:lambda$schedule$1(70)) - Destroy pipeline failed for pipeline:Pipeline[ Id: 23c48059-096d-4b72-901b-eaa08ef83084, Nodes: e7bd1734-ef6c-4cf8-b88c-8a1061e7af66{ip: 192.168.151.72, host: pr-trunk-fgz7f-2353921243, networkLocation: /default-rack, certSerialId: null}49c112d4-02f4-49c2-90bf-c7b46ec7b63a{ip: 192.168.151.72, host: pr-trunk-fgz7f-2353921243, networkLocation: /default-rack, certSerialId: null}c6bdf12a-094f-42bc-87c0-f082ef291ed8{ip: 192.168.151.72, host: pr-trunk-fgz7f-2353921243, networkLocation: /default-rack, certSerialId: null}, Type:RATIS, Factor:THREE, State:CLOSED]
org.apache.hadoop.hdds.scm.pipeline.PipelineNotFoundException: PipelineID=23c48059-096d-4b72-901b-eaa08ef83084 not found
	at org.apache.hadoop.hdds.scm.pipeline.PipelineStateMap.getPipeline(PipelineStateMap.java:132)
	at org.apache.hadoop.hdds.scm.pipeline.PipelineStateMap.removePipeline(PipelineStateMap.java:322)
	at org.apache.hadoop.hdds.scm.pipeline.PipelineStateManager.removePipeline(PipelineStateManager.java:107)
	at org.apache.hadoop.hdds.scm.pipeline.SCMPipelineManager.removePipeline(SCMPipelineManager.java:427)
	at org.apache.hadoop.hdds.scm.pipeline.SCMPipelineManager.destroyPipeline(SCMPipelineManager.java:413)
	at org.apache.hadoop.hdds.scm.pipeline.SCMPipelineManager.lambda$finalizeAndDestroyPipeline$0(SCMPipelineManager.java:322)
	at org.apache.hadoop.hdds.utils.Scheduler.lambda$schedule$1(Scheduler.java:68)
	at java.util.concurrent.Executors$RunnableAdapter.call(Executors.java:511)
	at java.util.concurrent.FutureTask.run(FutureTask.java:266)
	at java.util.concurrent.ScheduledThreadPoolExecutor$ScheduledFutureTask.access$201(ScheduledThreadPoolExecutor.java:180)
	at java.util.concurrent.ScheduledThreadPoolExecutor$ScheduledFutureTask.run(ScheduledThreadPoolExecutor.java:293)
	at java.util.concurrent.ThreadPoolExecutor.runWorker(ThreadPoolExecutor.java:1149)
	at java.util.concurrent.ThreadPoolExecutor$Worker.run(ThreadPoolExecutor.java:624)
	at java.lang.Thread.run(Thread.java:748)
2019-10-02 17:53:50,689 [main] WARN  io.KeyOutputStream (KeyOutputStream.java:handleException(274)) - Encountered exception java.io.IOException: Unexpected Storage Container Exception: java.util.concurrent.CompletionException: java.util.concurrent.CompletionException: org.apache.ratis.protocol.GroupMismatchException: e7bd1734-ef6c-4cf8-b88c-8a1061e7af66: group-EAA08EF83084 not found. on the pipeline Pipeline[ Id: 23c48059-096d-4b72-901b-eaa08ef83084, Nodes: e7bd1734-ef6c-4cf8-b88c-8a1061e7af66{ip: 192.168.151.72, host: pr-trunk-fgz7f-2353921243, networkLocation: /default-rack, certSerialId: null}49c112d4-02f4-49c2-90bf-c7b46ec7b63a{ip: 192.168.151.72, host: pr-trunk-fgz7f-2353921243, networkLocation: /default-rack, certSerialId: null}c6bdf12a-094f-42bc-87c0-f082ef291ed8{ip: 192.168.151.72, host: pr-trunk-fgz7f-2353921243, networkLocation: /default-rack, certSerialId: null}, Type:RATIS, Factor:THREE, State:OPEN]. The last committed block length is 0, uncommitted data length is 400 retry count 3
2019-10-02 17:53:50,689 [main] ERROR io.KeyOutputStream (KeyOutputStream.java:handleRetry(351)) - Retry request failed. retries get failed due to exceeded maximum allowed retries number: 3
java.io.IOException: Unexpected Storage Container Exception: java.util.concurrent.CompletionException: java.util.concurrent.CompletionException: org.apache.ratis.protocol.GroupMismatchException: e7bd1734-ef6c-4cf8-b88c-8a1061e7af66: group-EAA08EF83084 not found.
	at org.apache.hadoop.hdds.scm.storage.BlockOutputStream.setIoException(BlockOutputStream.java:541)
	at org.apache.hadoop.hdds.scm.storage.BlockOutputStream.lambda$writeChunkToContainer$3(BlockOutputStream.java:616)
	at java.util.concurrent.CompletableFuture.uniExceptionally(CompletableFuture.java:870)
	at java.util.concurrent.CompletableFuture$UniExceptionally.tryFire(CompletableFuture.java:852)
	at java.util.concurrent.CompletableFuture.postComplete(CompletableFuture.java:474)
	at java.util.concurrent.CompletableFuture.completeExceptionally(CompletableFuture.java:1977)
	at org.apache.ratis.client.impl.OrderedAsync$PendingOrderedRequest.fail(OrderedAsync.java:100)
	at org.apache.ratis.util.SlidingWindow$Client.fail(SlidingWindow.java:362)
	at org.apache.ratis.client.impl.OrderedAsync.failAllAsyncRequests(OrderedAsync.java:134)
	at org.apache.ratis.client.impl.OrderedAsync.lambda$sendRequest$10(OrderedAsync.java:244)
	at java.util.concurrent.CompletableFuture.uniExceptionally(CompletableFuture.java:870)
	at java.util.concurrent.CompletableFuture$UniExceptionally.tryFire(CompletableFuture.java:852)
	at java.util.concurrent.CompletableFuture.postComplete(CompletableFuture.java:474)
	at java.util.concurrent.CompletableFuture.completeExceptionally(CompletableFuture.java:1977)
	at org.apache.ratis.grpc.client.GrpcClientProtocolClient$AsyncStreamObservers.completeReplyExceptionally(GrpcClientProtocolClient.java:345)
	at org.apache.ratis.grpc.client.GrpcClientProtocolClient$AsyncStreamObservers.access$000(GrpcClientProtocolClient.java:261)
	at org.apache.ratis.grpc.client.GrpcClientProtocolClient$AsyncStreamObservers$1.onError(GrpcClientProtocolClient.java:290)
	at org.apache.ratis.thirdparty.io.grpc.stub.ClientCalls$StreamObserverToCallListenerAdapter.onClose(ClientCalls.java:434)
	at org.apache.ratis.thirdparty.io.grpc.PartialForwardingClientCallListener.onClose(PartialForwardingClientCallListener.java:39)
	at org.apache.ratis.thirdparty.io.grpc.ForwardingClientCallListener.onClose(ForwardingClientCallListener.java:23)
	at org.apache.ratis.thirdparty.io.grpc.ForwardingClientCallListener$SimpleForwardingClientCallListener.onClose(ForwardingClientCallListener.java:40)
	at org.apache.ratis.thirdparty.io.grpc.internal.CensusStatsModule$StatsClientInterceptor$1$1.onClose(CensusStatsModule.java:678)
	at org.apache.ratis.thirdparty.io.grpc.PartialForwardingClientCallListener.onClose(PartialForwardingClientCallListener.java:39)
	at org.apache.ratis.thirdparty.io.grpc.ForwardingClientCallListener.onClose(ForwardingClientCallListener.java:23)
	at org.apache.ratis.thirdparty.io.grpc.ForwardingClientCallListener$SimpleForwardingClientCallListener.onClose(ForwardingClientCallListener.java:40)
	at org.apache.ratis.thirdparty.io.grpc.internal.CensusTracingModule$TracingClientInterceptor$1$1.onClose(CensusTracingModule.java:397)
	at org.apache.ratis.thirdparty.io.grpc.internal.ClientCallImpl.closeObserver(ClientCallImpl.java:459)
	at org.apache.ratis.thirdparty.io.grpc.internal.ClientCallImpl.access$300(ClientCallImpl.java:63)
	at org.apache.ratis.thirdparty.io.grpc.internal.ClientCallImpl$ClientStreamListenerImpl.close(ClientCallImpl.java:546)
	at org.apache.ratis.thirdparty.io.grpc.internal.ClientCallImpl$ClientStreamListenerImpl.access$600(ClientCallImpl.java:467)
	at org.apache.ratis.thirdparty.io.grpc.internal.ClientCallImpl$ClientStreamListenerImpl$1StreamClosed.runInContext(ClientCallImpl.java:584)
	at org.apache.ratis.thirdparty.io.grpc.internal.ContextRunnable.run(ContextRunnable.java:37)
	at org.apache.ratis.thirdparty.io.grpc.internal.SerializingExecutor.run(SerializingExecutor.java:123)
	at java.util.concurrent.ThreadPoolExecutor.runWorker(ThreadPoolExecutor.java:1149)
	at java.util.concurrent.ThreadPoolExecutor$Worker.run(ThreadPoolExecutor.java:624)
	at java.lang.Thread.run(Thread.java:748)
Caused by: java.util.concurrent.CompletionException: java.util.concurrent.CompletionException: org.apache.ratis.protocol.GroupMismatchException: e7bd1734-ef6c-4cf8-b88c-8a1061e7af66: group-EAA08EF83084 not found.
	at org.apache.hadoop.hdds.scm.storage.BlockOutputStream.lambda$writeChunkToContainer$3(BlockOutputStream.java:615)
	... 34 more
Caused by: java.util.concurrent.CompletionException: org.apache.ratis.protocol.GroupMismatchException: e7bd1734-ef6c-4cf8-b88c-8a1061e7af66: group-EAA08EF83084 not found.
	at java.util.concurrent.CompletableFuture.encodeThrowable(CompletableFuture.java:292)
	at java.util.concurrent.CompletableFuture.completeThrowable(CompletableFuture.java:308)
	at java.util.concurrent.CompletableFuture.uniApply(CompletableFuture.java:593)
	at java.util.concurrent.CompletableFuture$UniApply.tryFire(CompletableFuture.java:577)
	... 32 more
Caused by: org.apache.ratis.protocol.GroupMismatchException: e7bd1734-ef6c-4cf8-b88c-8a1061e7af66: group-EAA08EF83084 not found.
	at org.apache.ratis.server.impl.RaftServerProxy$ImplMap.get(RaftServerProxy.java:122)
	at org.apache.ratis.server.impl.RaftServerProxy.getImplFuture(RaftServerProxy.java:269)
	at org.apache.ratis.server.impl.RaftServerProxy.submitRequest(RaftServerProxy.java:327)
	at org.apache.ratis.server.impl.RaftServerProxy.submitClientRequestAsync(RaftServerProxy.java:333)
	at org.apache.ratis.grpc.client.GrpcClientProtocolService$RequestStreamObserver.processClientRequest(GrpcClientProtocolService.java:220)
	at org.apache.ratis.grpc.client.GrpcClientProtocolService$OrderedRequestStreamObserver.processClientRequest(GrpcClientProtocolService.java:326)
	at org.apache.ratis.util.SlidingWindow$Server.processRequestsFromHead(SlidingWindow.java:429)
	at org.apache.ratis.util.SlidingWindow$Server.receivedRequest(SlidingWindow.java:421)
	at org.apache.ratis.grpc.client.GrpcClientProtocolService$OrderedRequestStreamObserver.processClientRequest(GrpcClientProtocolService.java:345)
	at org.apache.ratis.grpc.client.GrpcClientProtocolService$RequestStreamObserver.onNext(GrpcClientProtocolService.java:240)
	at org.apache.ratis.grpc.client.GrpcClientProtocolService$RequestStreamObserver.onNext(GrpcClientProtocolService.java:168)
	at org.apache.ratis.thirdparty.io.grpc.stub.ServerCalls$StreamingServerCallHandler$StreamingServerCallListener.onMessage(ServerCalls.java:248)
	at org.apache.ratis.thirdparty.io.grpc.internal.ServerCallImpl$ServerStreamListenerImpl.messagesAvailable(ServerCallImpl.java:263)
	at org.apache.ratis.thirdparty.io.grpc.internal.ServerImpl$JumpToApplicationThreadServerStreamListener$1MessagesAvailable.runInContext(ServerImpl.java:686)
	... 5 more
2019-10-02 17:53:50,693 [main] INFO  ozone.MiniOzoneClusterImpl (MiniOzoneClusterImpl.java:shutdown(314)) - Shutting down the Mini Ozone Cluster
2019-10-02 17:53:50,694 [main] INFO  ozone.MiniOzoneClusterImpl (MiniOzoneClusterImpl.java:stop(330)) - Stopping the Mini Ozone Cluster
2019-10-02 17:53:50,694 [main] INFO  ozone.MiniOzoneClusterImpl (MiniOzoneClusterImpl.java:stopOM(400)) - Stopping the OzoneManager
2019-10-02 17:53:50,694 [main] INFO  ipc.Server (Server.java:stop(3082)) - Stopping server on 44923
2019-10-02 17:53:50,704 [IPC Server listener on 44923] INFO  ipc.Server (Server.java:run(1185)) - Stopping IPC Server listener on 44923
2019-10-02 17:53:50,707 [main] INFO  ratis.OzoneManagerDoubleBuffer (OzoneManagerDoubleBuffer.java:stop(248)) - Stopping OMDoubleBuffer flush thread
2019-10-02 17:53:50,712 [IPC Server Responder] INFO  ipc.Server (Server.java:run(1319)) - Stopping IPC Server Responder
2019-10-02 17:53:50,714 [OMDoubleBufferFlushThread] INFO  ratis.OzoneManagerDoubleBuffer (OzoneManagerDoubleBuffer.java:flushTransactions(191)) - OMDoubleBuffer flush thread OMDoubleBufferFlushThread is interrupted and will exit. OMDoubleBufferFlushThread
2019-10-02 17:53:50,721 [main] INFO  utils.BackgroundService (BackgroundService.java:shutdown(148)) - Shutting down service KeyDeletingService
2019-10-02 17:53:50,741 [main] INFO  handler.ContextHandler (ContextHandler.java:doStop(910)) - Stopped o.e.j.w.WebAppContext@55cff952{/,null,UNAVAILABLE}{/ozoneManager}
2019-10-02 17:53:50,747 [main] INFO  server.AbstractConnector (AbstractConnector.java:doStop(318)) - Stopped ServerConnector@660591fb{HTTP/1.1,[http/1.1]}{0.0.0.0:0}
2019-10-02 17:53:50,747 [main] INFO  handler.ContextHandler (ContextHandler.java:doStop(910)) - Stopped o.e.j.s.ServletContextHandler@64030b91{/static,file:///workdir/hadoop-ozone/integration-test/target/test-classes/webapps/static,UNAVAILABLE}
2019-10-02 17:53:50,748 [main] INFO  handler.ContextHandler (ContextHandler.java:doStop(910)) - Stopped o.e.j.s.ServletContextHandler@31cb96e1{/logs,file:///workdir/hadoop-ozone/integration-test/target/log,UNAVAILABLE}
2019-10-02 17:53:50,752 [main] INFO  ozone.MiniOzoneClusterImpl (MiniOzoneClusterImpl.java:stopDatanodes(377)) - Stopping the HddsDatanodes
2019-10-02 17:53:51,684 [Datanode State Machine Thread - 0] INFO  statemachine.DatanodeStateMachine (DatanodeStateMachine.java:lambda$startDaemon$0(350)) - Ozone container server started.
2019-10-02 17:53:51,738 [Datanode State Machine Thread - 0] INFO  statemachine.DatanodeStateMachine (DatanodeStateMachine.java:lambda$startDaemon$0(350)) - Ozone container server started.
2019-10-02 17:53:55,756 [ForkJoinPool.commonPool-worker-0] INFO  ozoneimpl.OzoneContainer (OzoneContainer.java:stop(231)) - Attempting to stop container services.
2019-10-02 17:53:55,756 [main] INFO  ozoneimpl.OzoneContainer (OzoneContainer.java:stop(231)) - Attempting to stop container services.
2019-10-02 17:53:55,763 [ForkJoinPool.commonPool-worker-0] INFO  impl.RaftServerProxy (RaftServerProxy.java:lambda$close$4(314)) - 8182f27e-27c9-4a2f-8b1e-959753d76c58: close
2019-10-02 17:53:55,764 [main] INFO  impl.RaftServerProxy (RaftServerProxy.java:lambda$close$4(314)) - cde4f2ee-ebe5-4cd0-b57a-bd620480943f: close
2019-10-02 17:53:55,764 [ForkJoinPool.commonPool-worker-0] INFO  impl.RaftServerImpl (RaftServerImpl.java:lambda$shutdown$3(247)) - 8182f27e-27c9-4a2f-8b1e-959753d76c58@group-8E9534CC1D25: shutdown
2019-10-02 17:53:55,765 [main] INFO  impl.RaftServerImpl (RaftServerImpl.java:lambda$shutdown$3(247)) - cde4f2ee-ebe5-4cd0-b57a-bd620480943f@group-C857BDC09BA5: shutdown
2019-10-02 17:53:55,765 [ForkJoinPool.commonPool-worker-0] INFO  util.JmxRegister (JmxRegister.java:unregister(73)) - Successfully un-registered JMX Bean with object name Ratis:service=RaftServer,group=group-8E9534CC1D25,id=8182f27e-27c9-4a2f-8b1e-959753d76c58
2019-10-02 17:53:55,765 [main] INFO  util.JmxRegister (JmxRegister.java:unregister(73)) - Successfully un-registered JMX Bean with object name Ratis:service=RaftServer,group=group-C857BDC09BA5,id=cde4f2ee-ebe5-4cd0-b57a-bd620480943f
2019-10-02 17:53:55,765 [ForkJoinPool.commonPool-worker-0] INFO  impl.RoleInfo (RoleInfo.java:shutdownLeaderState(104)) - 8182f27e-27c9-4a2f-8b1e-959753d76c58: shutdown LeaderState
2019-10-02 17:53:55,766 [main] INFO  impl.RoleInfo (RoleInfo.java:shutdownFollowerState(121)) - cde4f2ee-ebe5-4cd0-b57a-bd620480943f: shutdown FollowerState
2019-10-02 17:53:55,766 [ForkJoinPool.commonPool-worker-0] INFO  impl.PendingRequests (PendingRequests.java:sendNotLeaderResponses(202)) - 8182f27e-27c9-4a2f-8b1e-959753d76c58@group-8E9534CC1D25-PendingRequests: sendNotLeaderResponses
2019-10-02 17:53:55,766 [main] INFO  impl.StateMachineUpdater (StateMachineUpdater.java:stopAndJoin(136)) - cde4f2ee-ebe5-4cd0-b57a-bd620480943f@group-C857BDC09BA5-StateMachineUpdater: set stopIndex = 0
2019-10-02 17:53:55,767 [ForkJoinPool.commonPool-worker-0] INFO  impl.StateMachineUpdater (StateMachineUpdater.java:stopAndJoin(136)) - 8182f27e-27c9-4a2f-8b1e-959753d76c58@group-8E9534CC1D25-StateMachineUpdater: set stopIndex = 0
2019-10-02 17:53:55,767 [Thread-536] INFO  impl.FollowerState (FollowerState.java:run(117)) - cde4f2ee-ebe5-4cd0-b57a-bd620480943f@group-C857BDC09BA5-FollowerState was interrupted: java.lang.InterruptedException: sleep interrupted
2019-10-02 17:53:55,767 [ForkJoinPool.commonPool-worker-0] INFO  impl.RaftServerImpl (ServerState.java:close(387)) - 8182f27e-27c9-4a2f-8b1e-959753d76c58@group-8E9534CC1D25: closes. applyIndex: 0
2019-10-02 17:53:55,767 [main] INFO  impl.RaftServerImpl (ServerState.java:close(387)) - cde4f2ee-ebe5-4cd0-b57a-bd620480943f@group-C857BDC09BA5: closes. applyIndex: 0
2019-10-02 17:53:55,768 [8182f27e-27c9-4a2f-8b1e-959753d76c58@group-8E9534CC1D25-SegmentedRaftLogWorker] INFO  segmented.SegmentedRaftLogWorker (SegmentedRaftLogWorker.java:run(316)) - 8182f27e-27c9-4a2f-8b1e-959753d76c58@group-8E9534CC1D25-SegmentedRaftLogWorker was interrupted, exiting. There are 0 tasks remaining in the queue.
2019-10-02 17:53:55,768 [cde4f2ee-ebe5-4cd0-b57a-bd620480943f@group-C857BDC09BA5-SegmentedRaftLogWorker] INFO  segmented.SegmentedRaftLogWorker (SegmentedRaftLogWorker.java:run(316)) - cde4f2ee-ebe5-4cd0-b57a-bd620480943f@group-C857BDC09BA5-SegmentedRaftLogWorker was interrupted, exiting. There are 0 tasks remaining in the queue.
2019-10-02 17:53:55,768 [ForkJoinPool.commonPool-worker-0] INFO  segmented.SegmentedRaftLogWorker (SegmentedRaftLogWorker.java:close(224)) - 8182f27e-27c9-4a2f-8b1e-959753d76c58@group-8E9534CC1D25-SegmentedRaftLogWorker close()
2019-10-02 17:53:55,769 [main] INFO  segmented.SegmentedRaftLogWorker (SegmentedRaftLogWorker.java:close(224)) - cde4f2ee-ebe5-4cd0-b57a-bd620480943f@group-C857BDC09BA5-SegmentedRaftLogWorker close()
2019-10-02 17:53:55,771 [ForkJoinPool.commonPool-worker-0] INFO  impl.RaftServerImpl (RaftServerImpl.java:lambda$shutdown$3(247)) - 8182f27e-27c9-4a2f-8b1e-959753d76c58@group-C857BDC09BA5: shutdown
2019-10-02 17:53:55,773 [main] INFO  impl.RaftServerImpl (RaftServerImpl.java:lambda$shutdown$3(247)) - cde4f2ee-ebe5-4cd0-b57a-bd620480943f@group-F4DF0B55D101: shutdown
2019-10-02 17:53:55,773 [ForkJoinPool.commonPool-worker-0] INFO  util.JmxRegister (JmxRegister.java:unregister(73)) - Successfully un-registered JMX Bean with object name Ratis:service=RaftServer,group=group-C857BDC09BA5,id=8182f27e-27c9-4a2f-8b1e-959753d76c58
2019-10-02 17:53:55,774 [main] INFO  util.JmxRegister (JmxRegister.java:unregister(73)) - Successfully un-registered JMX Bean with object name Ratis:service=RaftServer,group=group-F4DF0B55D101,id=cde4f2ee-ebe5-4cd0-b57a-bd620480943f
2019-10-02 17:53:55,774 [main] INFO  impl.RoleInfo (RoleInfo.java:shutdownLeaderState(104)) - cde4f2ee-ebe5-4cd0-b57a-bd620480943f: shutdown LeaderState
2019-10-02 17:53:55,774 [ForkJoinPool.commonPool-worker-0] INFO  impl.RoleInfo (RoleInfo.java:shutdownLeaderState(104)) - 8182f27e-27c9-4a2f-8b1e-959753d76c58: shutdown LeaderState
2019-10-02 17:53:55,775 [main] INFO  impl.PendingRequests (PendingRequests.java:sendNotLeaderResponses(202)) - cde4f2ee-ebe5-4cd0-b57a-bd620480943f@group-F4DF0B55D101-PendingRequests: sendNotLeaderResponses
2019-10-02 17:53:55,779 [org.apache.ratis.server.impl.LogAppender$AppenderDaemon$$Lambda$525/299265970@3831b6a9] WARN  server.GrpcLogAppender (GrpcLogAppender.java:mayWait(143)) - 8182f27e-27c9-4a2f-8b1e-959753d76c58@group-C857BDC09BA5->dc00436c-138b-406c-8f35-4d0b5c3754bc-GrpcLogAppender: Wait interrupted by java.lang.InterruptedException
2019-10-02 17:53:55,779 [org.apache.ratis.server.impl.LogAppender$AppenderDaemon$$Lambda$525/299265970@15b79e20] WARN  server.GrpcLogAppender (GrpcLogAppender.java:mayWait(143)) - 8182f27e-27c9-4a2f-8b1e-959753d76c58@group-C857BDC09BA5->cde4f2ee-ebe5-4cd0-b57a-bd620480943f-GrpcLogAppender: Wait interrupted by java.lang.InterruptedException
2019-10-02 17:53:55,779 [ForkJoinPool.commonPool-worker-0] INFO  impl.PendingRequests (PendingRequests.java:sendNotLeaderResponses(202)) - 8182f27e-27c9-4a2f-8b1e-959753d76c58@group-C857BDC09BA5-PendingRequests: sendNotLeaderResponses
2019-10-02 17:53:55,779 [main] INFO  impl.StateMachineUpdater (StateMachineUpdater.java:stopAndJoin(136)) - cde4f2ee-ebe5-4cd0-b57a-bd620480943f@group-F4DF0B55D101-StateMachineUpdater: set stopIndex = 0
2019-10-02 17:53:55,780 [ForkJoinPool.commonPool-worker-0] INFO  impl.StateMachineUpdater (StateMachineUpdater.java:stopAndJoin(136)) - 8182f27e-27c9-4a2f-8b1e-959753d76c58@group-C857BDC09BA5-StateMachineUpdater: set stopIndex = 0
2019-10-02 17:53:55,780 [ForkJoinPool.commonPool-worker-0] INFO  impl.RaftServerImpl (ServerState.java:close(387)) - 8182f27e-27c9-4a2f-8b1e-959753d76c58@group-C857BDC09BA5: closes. applyIndex: 0
2019-10-02 17:53:55,780 [main] INFO  impl.RaftServerImpl (ServerState.java:close(387)) - cde4f2ee-ebe5-4cd0-b57a-bd620480943f@group-F4DF0B55D101: closes. applyIndex: 0
2019-10-02 17:53:55,781 [8182f27e-27c9-4a2f-8b1e-959753d76c58@group-C857BDC09BA5-SegmentedRaftLogWorker] INFO  segmented.SegmentedRaftLogWorker (SegmentedRaftLogWorker.java:run(316)) - 8182f27e-27c9-4a2f-8b1e-959753d76c58@group-C857BDC09BA5-SegmentedRaftLogWorker was interrupted, exiting. There are 0 tasks remaining in the queue.
2019-10-02 17:53:55,781 [cde4f2ee-ebe5-4cd0-b57a-bd620480943f@group-F4DF0B55D101-SegmentedRaftLogWorker] INFO  segmented.SegmentedRaftLogWorker (SegmentedRaftLogWorker.java:run(316)) - cde4f2ee-ebe5-4cd0-b57a-bd620480943f@group-F4DF0B55D101-SegmentedRaftLogWorker was interrupted, exiting. There are 0 tasks remaining in the queue.
2019-10-02 17:53:55,781 [grpc-default-executor-3] INFO  server.GrpcServerProtocolService (GrpcServerProtocolService.java:onCompleted(113)) - cde4f2ee-ebe5-4cd0-b57a-bd620480943f: Completed APPEND_ENTRIES, lastRequest: 8182f27e-27c9-4a2f-8b1e-959753d76c58->cde4f2ee-ebe5-4cd0-b57a-bd620480943f#85-t1, previous=(t:1, i:0), leaderCommit=0, initializing? false, entries: <empty>
2019-10-02 17:53:55,781 [main] INFO  segmented.SegmentedRaftLogWorker (SegmentedRaftLogWorker.java:close(224)) - cde4f2ee-ebe5-4cd0-b57a-bd620480943f@group-F4DF0B55D101-SegmentedRaftLogWorker close()
2019-10-02 17:53:55,781 [ForkJoinPool.commonPool-worker-0] INFO  segmented.SegmentedRaftLogWorker (SegmentedRaftLogWorker.java:close(224)) - 8182f27e-27c9-4a2f-8b1e-959753d76c58@group-C857BDC09BA5-SegmentedRaftLogWorker close()
2019-10-02 17:53:55,781 [grpc-default-executor-8] INFO  server.GrpcServerProtocolService (GrpcServerProtocolService.java:onCompleted(113)) - dc00436c-138b-406c-8f35-4d0b5c3754bc: Completed APPEND_ENTRIES, lastRequest: 8182f27e-27c9-4a2f-8b1e-959753d76c58->dc00436c-138b-406c-8f35-4d0b5c3754bc#85-t1, previous=(t:1, i:0), leaderCommit=0, initializing? false, entries: <empty>
2019-10-02 17:53:55,786 [main] INFO  server.GrpcService (GrpcService.java:closeImpl(164)) - cde4f2ee-ebe5-4cd0-b57a-bd620480943f: shutdown server with port 42212 now
2019-10-02 17:53:55,786 [ForkJoinPool.commonPool-worker-0] INFO  server.GrpcService (GrpcService.java:closeImpl(164)) - 8182f27e-27c9-4a2f-8b1e-959753d76c58: shutdown server with port 43142 now
2019-10-02 17:53:55,787 [grpc-default-executor-8] INFO  server.GrpcLogAppender (GrpcLogAppender.java:onCompleted(293)) - 8182f27e-27c9-4a2f-8b1e-959753d76c58@group-C857BDC09BA5->dc00436c-138b-406c-8f35-4d0b5c3754bc-AppendLogResponseHandler: follower responses appendEntries COMPLETED
2019-10-02 17:53:55,787 [grpc-default-executor-3] INFO  server.GrpcLogAppender (GrpcLogAppender.java:onCompleted(293)) - 8182f27e-27c9-4a2f-8b1e-959753d76c58@group-C857BDC09BA5->cde4f2ee-ebe5-4cd0-b57a-bd620480943f-AppendLogResponseHandler: follower responses appendEntries COMPLETED
2019-10-02 17:53:55,794 [grpc-default-executor-8] INFO  impl.FollowerInfo (FollowerInfo.java:lambda$new$0(51)) - 8182f27e-27c9-4a2f-8b1e-959753d76c58@group-C857BDC09BA5->dc00436c-138b-406c-8f35-4d0b5c3754bc: nextIndex: updateUnconditionally 1 -> 0
2019-10-02 17:53:55,794 [grpc-default-executor-3] INFO  impl.FollowerInfo (FollowerInfo.java:lambda$new$0(51)) - 8182f27e-27c9-4a2f-8b1e-959753d76c58@group-C857BDC09BA5->cde4f2ee-ebe5-4cd0-b57a-bd620480943f: nextIndex: updateUnconditionally 1 -> 0
2019-10-02 17:53:55,794 [ForkJoinPool.commonPool-worker-0] INFO  server.GrpcService (GrpcService.java:closeImpl(172)) - 8182f27e-27c9-4a2f-8b1e-959753d76c58: shutdown server with port 43142 successfully
2019-10-02 17:53:55,794 [main] INFO  server.GrpcService (GrpcService.java:closeImpl(172)) - cde4f2ee-ebe5-4cd0-b57a-bd620480943f: shutdown server with port 42212 successfully
2019-10-02 17:53:55,798 [refreshUsed-/workdir/hadoop-ozone/integration-test/target/test-dir/MiniOzoneClusterImpl-d02e41fa-f6e1-4cca-b896-e100a645b5cc/datanode-4/data/containers] WARN  fs.CachingGetSpaceUsed (CachingGetSpaceUsed.java:run(183)) - Thread Interrupted waiting to refresh disk information: sleep interrupted
2019-10-02 17:53:55,809 [refreshUsed-/workdir/hadoop-ozone/integration-test/target/test-dir/MiniOzoneClusterImpl-d02e41fa-f6e1-4cca-b896-e100a645b5cc/datanode-1/data/containers] WARN  fs.CachingGetSpaceUsed (CachingGetSpaceUsed.java:run(183)) - Thread Interrupted waiting to refresh disk information: sleep interrupted
2019-10-02 17:53:55,824 [main] INFO  utils.BackgroundService (BackgroundService.java:shutdown(148)) - Shutting down service BlockDeletingService
2019-10-02 17:53:55,826 [ForkJoinPool.commonPool-worker-0] INFO  utils.BackgroundService (BackgroundService.java:shutdown(148)) - Shutting down service BlockDeletingService
2019-10-02 17:53:55,832 [ForkJoinPool.commonPool-worker-0] INFO  statemachine.DatanodeStateMachine (DatanodeStateMachine.java:stopDaemon(395)) - Ozone container server stopped.
2019-10-02 17:53:55,833 [main] INFO  statemachine.DatanodeStateMachine (DatanodeStateMachine.java:stopDaemon(395)) - Ozone container server stopped.
2019-10-02 17:53:55,839 [ForkJoinPool.commonPool-worker-0] INFO  handler.ContextHandler (ContextHandler.java:doStop(910)) - Stopped o.e.j.w.WebAppContext@522bf64e{/,null,UNAVAILABLE}{/hddsDatanode}
2019-10-02 17:53:55,839 [main] INFO  handler.ContextHandler (ContextHandler.java:doStop(910)) - Stopped o.e.j.w.WebAppContext@32130e61{/,null,UNAVAILABLE}{/hddsDatanode}
2019-10-02 17:53:55,840 [main] INFO  server.AbstractConnector (AbstractConnector.java:doStop(318)) - Stopped ServerConnector@41294371{HTTP/1.1,[http/1.1]}{0.0.0.0:0}
2019-10-02 17:53:55,840 [ForkJoinPool.commonPool-worker-0] INFO  server.AbstractConnector (AbstractConnector.java:doStop(318)) - Stopped ServerConnector@2aff9dff{HTTP/1.1,[http/1.1]}{0.0.0.0:0}
2019-10-02 17:53:55,841 [main] INFO  handler.ContextHandler (ContextHandler.java:doStop(910)) - Stopped o.e.j.s.ServletContextHandler@38ed139b{/static,jar:file:/home/user/.m2/repository/org/apache/hadoop/hadoop-hdds-container-service/0.5.0-SNAPSHOT/hadoop-hdds-container-service-0.5.0-SNAPSHOT.jar!/webapps/static,UNAVAILABLE}
2019-10-02 17:53:55,842 [ForkJoinPool.commonPool-worker-0] INFO  handler.ContextHandler (ContextHandler.java:doStop(910)) - Stopped o.e.j.s.ServletContextHandler@6f94a5a5{/static,jar:file:/home/user/.m2/repository/org/apache/hadoop/hadoop-hdds-container-service/0.5.0-SNAPSHOT/hadoop-hdds-container-service-0.5.0-SNAPSHOT.jar!/webapps/static,UNAVAILABLE}
2019-10-02 17:53:55,844 [main] INFO  handler.ContextHandler (ContextHandler.java:doStop(910)) - Stopped o.e.j.s.ServletContextHandler@372ca2d6{/logs,file:///workdir/hadoop-ozone/integration-test/target/log,UNAVAILABLE}
2019-10-02 17:53:55,844 [ForkJoinPool.commonPool-worker-0] INFO  handler.ContextHandler (ContextHandler.java:doStop(910)) - Stopped o.e.j.s.ServletContextHandler@25ad4f71{/logs,file:///workdir/hadoop-ozone/integration-test/target/log,UNAVAILABLE}
2019-10-02 17:53:56,461 [Datanode State Machine Thread - 0] INFO  statemachine.DatanodeStateMachine (DatanodeStateMachine.java:lambda$startDaemon$0(350)) - Ozone container server started.
2019-10-02 17:53:56,773 [Datanode State Machine Thread - 0] INFO  statemachine.DatanodeStateMachine (DatanodeStateMachine.java:lambda$startDaemon$0(350)) - Ozone container server started.
2019-10-02 17:54:00,847 [main] INFO  ozoneimpl.OzoneContainer (OzoneContainer.java:stop(231)) - Attempting to stop container services.
2019-10-02 17:54:00,847 [ForkJoinPool.commonPool-worker-0] INFO  ozoneimpl.OzoneContainer (OzoneContainer.java:stop(231)) - Attempting to stop container services.
2019-10-02 17:54:00,849 [main] INFO  impl.RaftServerProxy (RaftServerProxy.java:lambda$close$4(314)) - 7ab57b0b-7dff-4048-84c6-4e0b7b47b3fc: close
2019-10-02 17:54:00,849 [ForkJoinPool.commonPool-worker-0] INFO  impl.RaftServerProxy (RaftServerProxy.java:lambda$close$4(314)) - c6bdf12a-094f-42bc-87c0-f082ef291ed8: close
2019-10-02 17:54:00,850 [main] INFO  impl.RaftServerImpl (RaftServerImpl.java:lambda$shutdown$3(247)) - 7ab57b0b-7dff-4048-84c6-4e0b7b47b3fc@group-3C567FC0C2C9: shutdown
2019-10-02 17:54:00,850 [ForkJoinPool.commonPool-worker-0] INFO  impl.RaftServerImpl (RaftServerImpl.java:lambda$shutdown$3(247)) - c6bdf12a-094f-42bc-87c0-f082ef291ed8@group-43DE3AA5D608: shutdown
2019-10-02 17:54:00,850 [main] INFO  util.JmxRegister (JmxRegister.java:unregister(73)) - Successfully un-registered JMX Bean with object name Ratis:service=RaftServer,group=group-3C567FC0C2C9,id=7ab57b0b-7dff-4048-84c6-4e0b7b47b3fc
2019-10-02 17:54:00,851 [ForkJoinPool.commonPool-worker-0] INFO  util.JmxRegister (JmxRegister.java:unregister(73)) - Successfully un-registered JMX Bean with object name Ratis:service=RaftServer,group=group-43DE3AA5D608,id=c6bdf12a-094f-42bc-87c0-f082ef291ed8
2019-10-02 17:54:00,851 [main] INFO  impl.RoleInfo (RoleInfo.java:shutdownLeaderState(104)) - 7ab57b0b-7dff-4048-84c6-4e0b7b47b3fc: shutdown LeaderState
2019-10-02 17:54:00,851 [ForkJoinPool.commonPool-worker-0] INFO  impl.RoleInfo (RoleInfo.java:shutdownFollowerState(121)) - c6bdf12a-094f-42bc-87c0-f082ef291ed8: shutdown FollowerState
2019-10-02 17:54:00,852 [main] INFO  impl.PendingRequests (PendingRequests.java:sendNotLeaderResponses(202)) - 7ab57b0b-7dff-4048-84c6-4e0b7b47b3fc@group-3C567FC0C2C9-PendingRequests: sendNotLeaderResponses
2019-10-02 17:54:00,852 [Thread-1111] INFO  impl.FollowerState (FollowerState.java:run(117)) - c6bdf12a-094f-42bc-87c0-f082ef291ed8@group-43DE3AA5D608-FollowerState was interrupted: java.lang.InterruptedException: sleep interrupted
2019-10-02 17:54:00,852 [ForkJoinPool.commonPool-worker-0] INFO  impl.StateMachineUpdater (StateMachineUpdater.java:stopAndJoin(136)) - c6bdf12a-094f-42bc-87c0-f082ef291ed8@group-43DE3AA5D608-StateMachineUpdater: set stopIndex = 2
2019-10-02 17:54:00,855 [main] INFO  impl.StateMachineUpdater (StateMachineUpdater.java:stopAndJoin(136)) - 7ab57b0b-7dff-4048-84c6-4e0b7b47b3fc@group-3C567FC0C2C9-StateMachineUpdater: set stopIndex = 0
2019-10-02 17:54:00,856 [main] INFO  impl.RaftServerImpl (ServerState.java:close(387)) - 7ab57b0b-7dff-4048-84c6-4e0b7b47b3fc@group-3C567FC0C2C9: closes. applyIndex: 0
2019-10-02 17:54:00,855 [ForkJoinPool.commonPool-worker-0] INFO  impl.RaftServerImpl (ServerState.java:close(387)) - c6bdf12a-094f-42bc-87c0-f082ef291ed8@group-43DE3AA5D608: closes. applyIndex: 2
2019-10-02 17:54:00,856 [7ab57b0b-7dff-4048-84c6-4e0b7b47b3fc@group-3C567FC0C2C9-SegmentedRaftLogWorker] INFO  segmented.SegmentedRaftLogWorker (SegmentedRaftLogWorker.java:run(316)) - 7ab57b0b-7dff-4048-84c6-4e0b7b47b3fc@group-3C567FC0C2C9-SegmentedRaftLogWorker was interrupted, exiting. There are 0 tasks remaining in the queue.
2019-10-02 17:54:00,856 [c6bdf12a-094f-42bc-87c0-f082ef291ed8@group-43DE3AA5D608-SegmentedRaftLogWorker] INFO  segmented.SegmentedRaftLogWorker (SegmentedRaftLogWorker.java:run(316)) - c6bdf12a-094f-42bc-87c0-f082ef291ed8@group-43DE3AA5D608-SegmentedRaftLogWorker was interrupted, exiting. There are 0 tasks remaining in the queue.
2019-10-02 17:54:00,857 [main] INFO  segmented.SegmentedRaftLogWorker (SegmentedRaftLogWorker.java:close(224)) - 7ab57b0b-7dff-4048-84c6-4e0b7b47b3fc@group-3C567FC0C2C9-SegmentedRaftLogWorker close()
2019-10-02 17:54:00,857 [ForkJoinPool.commonPool-worker-0] INFO  segmented.SegmentedRaftLogWorker (SegmentedRaftLogWorker.java:close(224)) - c6bdf12a-094f-42bc-87c0-f082ef291ed8@group-43DE3AA5D608-SegmentedRaftLogWorker close()
2019-10-02 17:54:00,859 [main] INFO  server.GrpcService (GrpcService.java:closeImpl(164)) - 7ab57b0b-7dff-4048-84c6-4e0b7b47b3fc: shutdown server with port 42942 now
2019-10-02 17:54:00,861 [ForkJoinPool.commonPool-worker-0] INFO  impl.RaftServerImpl (RaftServerImpl.java:lambda$shutdown$3(247)) - c6bdf12a-094f-42bc-87c0-f082ef291ed8@group-B43A58546E1E: shutdown
2019-10-02 17:54:00,862 [ForkJoinPool.commonPool-worker-0] INFO  util.JmxRegister (JmxRegister.java:unregister(73)) - Successfully un-registered JMX Bean with object name Ratis:service=RaftServer,group=group-B43A58546E1E,id=c6bdf12a-094f-42bc-87c0-f082ef291ed8
2019-10-02 17:54:00,864 [ForkJoinPool.commonPool-worker-0] INFO  impl.RoleInfo (RoleInfo.java:shutdownLeaderState(104)) - c6bdf12a-094f-42bc-87c0-f082ef291ed8: shutdown LeaderState
2019-10-02 17:54:00,864 [main] INFO  server.GrpcService (GrpcService.java:closeImpl(172)) - 7ab57b0b-7dff-4048-84c6-4e0b7b47b3fc: shutdown server with port 42942 successfully
2019-10-02 17:54:00,865 [ForkJoinPool.commonPool-worker-0] INFO  impl.PendingRequests (PendingRequests.java:sendNotLeaderResponses(202)) - c6bdf12a-094f-42bc-87c0-f082ef291ed8@group-B43A58546E1E-PendingRequests: sendNotLeaderResponses
2019-10-02 17:54:00,865 [ForkJoinPool.commonPool-worker-0] INFO  impl.StateMachineUpdater (StateMachineUpdater.java:stopAndJoin(136)) - c6bdf12a-094f-42bc-87c0-f082ef291ed8@group-B43A58546E1E-StateMachineUpdater: set stopIndex = 0
2019-10-02 17:54:00,866 [ForkJoinPool.commonPool-worker-0] INFO  impl.RaftServerImpl (ServerState.java:close(387)) - c6bdf12a-094f-42bc-87c0-f082ef291ed8@group-B43A58546E1E: closes. applyIndex: 0
2019-10-02 17:54:00,866 [c6bdf12a-094f-42bc-87c0-f082ef291ed8@group-B43A58546E1E-SegmentedRaftLogWorker] INFO  segmented.SegmentedRaftLogWorker (SegmentedRaftLogWorker.java:run(316)) - c6bdf12a-094f-42bc-87c0-f082ef291ed8@group-B43A58546E1E-SegmentedRaftLogWorker was interrupted, exiting. There are 0 tasks remaining in the queue.
2019-10-02 17:54:00,867 [refreshUsed-/workdir/hadoop-ozone/integration-test/target/test-dir/MiniOzoneClusterImpl-d02e41fa-f6e1-4cca-b896-e100a645b5cc/datanode-3/data/containers] WARN  fs.CachingGetSpaceUsed (CachingGetSpaceUsed.java:run(183)) - Thread Interrupted waiting to refresh disk information: sleep interrupted
2019-10-02 17:54:00,867 [ForkJoinPool.commonPool-worker-0] INFO  segmented.SegmentedRaftLogWorker (SegmentedRaftLogWorker.java:close(224)) - c6bdf12a-094f-42bc-87c0-f082ef291ed8@group-B43A58546E1E-SegmentedRaftLogWorker close()
2019-10-02 17:54:00,869 [ForkJoinPool.commonPool-worker-0] INFO  server.GrpcService (GrpcService.java:closeImpl(164)) - c6bdf12a-094f-42bc-87c0-f082ef291ed8: shutdown server with port 33846 now
2019-10-02 17:54:00,879 [ForkJoinPool.commonPool-worker-0] INFO  server.GrpcService (GrpcService.java:closeImpl(172)) - c6bdf12a-094f-42bc-87c0-f082ef291ed8: shutdown server with port 33846 successfully
2019-10-02 17:54:00,880 [refreshUsed-/workdir/hadoop-ozone/integration-test/target/test-dir/MiniOzoneClusterImpl-d02e41fa-f6e1-4cca-b896-e100a645b5cc/datanode-2/data/containers] WARN  fs.CachingGetSpaceUsed (CachingGetSpaceUsed.java:run(183)) - Thread Interrupted waiting to refresh disk information: sleep interrupted
2019-10-02 17:54:00,881 [grpc-default-executor-3] WARN  server.GrpcLogAppender (LogUtils.java:warn(134)) - e7bd1734-ef6c-4cf8-b88c-8a1061e7af66@group-43DE3AA5D608->c6bdf12a-094f-42bc-87c0-f082ef291ed8-AppendLogResponseHandler: Failed appendEntries: org.apache.ratis.thirdparty.io.grpc.StatusRuntimeException: CANCELLED: HTTP/2 error code: CANCEL
Received Rst Stream
2019-10-02 17:54:00,881 [grpc-default-executor-9] WARN  server.GrpcServerProtocolService (LogUtils.java:warn(134)) - c6bdf12a-094f-42bc-87c0-f082ef291ed8: installSnapshot onError, lastRequest: e7bd1734-ef6c-4cf8-b88c-8a1061e7af66->c6bdf12a-094f-42bc-87c0-f082ef291ed8#19-t3, previous=(t:3, i:2), leaderCommit=2, initializing? false, entries: <empty>: org.apache.ratis.thirdparty.io.grpc.StatusRuntimeException: CANCELLED: cancelled before receiving half close
2019-10-02 17:54:00,884 [grpc-default-executor-3] INFO  impl.FollowerInfo (FollowerInfo.java:lambda$new$0(51)) - e7bd1734-ef6c-4cf8-b88c-8a1061e7af66@group-43DE3AA5D608->c6bdf12a-094f-42bc-87c0-f082ef291ed8: nextIndex: updateUnconditionally 3 -> 2
2019-10-02 17:54:00,901 [ForkJoinPool.commonPool-worker-0] INFO  utils.BackgroundService (BackgroundService.java:shutdown(148)) - Shutting down service BlockDeletingService
2019-10-02 17:54:00,901 [main] INFO  utils.BackgroundService (BackgroundService.java:shutdown(148)) - Shutting down service BlockDeletingService
2019-10-02 17:54:00,908 [ForkJoinPool.commonPool-worker-0] INFO  statemachine.DatanodeStateMachine (DatanodeStateMachine.java:stopDaemon(395)) - Ozone container server stopped.
2019-10-02 17:54:00,909 [main] INFO  statemachine.DatanodeStateMachine (DatanodeStateMachine.java:stopDaemon(395)) - Ozone container server stopped.
2019-10-02 17:54:00,914 [ForkJoinPool.commonPool-worker-0] INFO  handler.ContextHandler (ContextHandler.java:doStop(910)) - Stopped o.e.j.w.WebAppContext@7724704f{/,null,UNAVAILABLE}{/hddsDatanode}
2019-10-02 17:54:00,914 [main] INFO  handler.ContextHandler (ContextHandler.java:doStop(910)) - Stopped o.e.j.w.WebAppContext@45acdd11{/,null,UNAVAILABLE}{/hddsDatanode}
2019-10-02 17:54:00,915 [ForkJoinPool.commonPool-worker-0] INFO  server.AbstractConnector (AbstractConnector.java:doStop(318)) - Stopped ServerConnector@3dfa819{HTTP/1.1,[http/1.1]}{0.0.0.0:0}
2019-10-02 17:54:00,916 [main] INFO  server.AbstractConnector (AbstractConnector.java:doStop(318)) - Stopped ServerConnector@3f0d6038{HTTP/1.1,[http/1.1]}{0.0.0.0:0}
2019-10-02 17:54:00,917 [ForkJoinPool.commonPool-worker-0] INFO  handler.ContextHandler (ContextHandler.java:doStop(910)) - Stopped o.e.j.s.ServletContextHandler@2f2bff16{/static,jar:file:/home/user/.m2/repository/org/apache/hadoop/hadoop-hdds-container-service/0.5.0-SNAPSHOT/hadoop-hdds-container-service-0.5.0-SNAPSHOT.jar!/webapps/static,UNAVAILABLE}
2019-10-02 17:54:00,917 [main] INFO  handler.ContextHandler (ContextHandler.java:doStop(910)) - Stopped o.e.j.s.ServletContextHandler@1fb2d5e{/static,jar:file:/home/user/.m2/repository/org/apache/hadoop/hadoop-hdds-container-service/0.5.0-SNAPSHOT/hadoop-hdds-container-service-0.5.0-SNAPSHOT.jar!/webapps/static,UNAVAILABLE}
2019-10-02 17:54:00,918 [ForkJoinPool.commonPool-worker-0] INFO  handler.ContextHandler (ContextHandler.java:doStop(910)) - Stopped o.e.j.s.ServletContextHandler@10f7c76{/logs,file:///workdir/hadoop-ozone/integration-test/target/log,UNAVAILABLE}
2019-10-02 17:54:00,919 [main] INFO  handler.ContextHandler (ContextHandler.java:doStop(910)) - Stopped o.e.j.s.ServletContextHandler@102c577f{/logs,file:///workdir/hadoop-ozone/integration-test/target/log,UNAVAILABLE}
2019-10-02 17:54:01,522 [grpc-default-executor-3] WARN  server.GrpcLogAppender (LogUtils.java:warn(134)) - e7bd1734-ef6c-4cf8-b88c-8a1061e7af66@group-43DE3AA5D608->c6bdf12a-094f-42bc-87c0-f082ef291ed8-AppendLogResponseHandler: Failed appendEntries: org.apache.ratis.thirdparty.io.grpc.StatusRuntimeException: UNAVAILABLE: io exception
2019-10-02 17:54:01,525 [grpc-default-executor-3] INFO  impl.FollowerInfo (FollowerInfo.java:lambda$new$0(51)) - e7bd1734-ef6c-4cf8-b88c-8a1061e7af66@group-43DE3AA5D608->c6bdf12a-094f-42bc-87c0-f082ef291ed8: nextIndex: updateUnconditionally 2 -> 1
2019-10-02 17:54:01,568 [Datanode State Machine Thread - 0] INFO  statemachine.DatanodeStateMachine (DatanodeStateMachine.java:lambda$startDaemon$0(350)) - Ozone container server started.
2019-10-02 17:54:01,642 [Datanode State Machine Thread - 0] INFO  statemachine.DatanodeStateMachine (DatanodeStateMachine.java:lambda$startDaemon$0(350)) - Ozone container server started.
2019-10-02 17:54:01,760 [Thread-537] INFO  impl.FollowerState (FollowerState.java:run(108)) - dc00436c-138b-406c-8f35-4d0b5c3754bc@group-C857BDC09BA5-FollowerState: change to CANDIDATE, lastRpcTime:8327ms, electionTimeout:5004ms
2019-10-02 17:54:01,761 [Thread-537] INFO  impl.RoleInfo (RoleInfo.java:shutdownFollowerState(121)) - dc00436c-138b-406c-8f35-4d0b5c3754bc: shutdown FollowerState
2019-10-02 17:54:01,761 [Thread-537] INFO  impl.RaftServerImpl (RaftServerImpl.java:setRole(170)) - dc00436c-138b-406c-8f35-4d0b5c3754bc@group-C857BDC09BA5: changes role from  FOLLOWER to CANDIDATE at term 1 for changeToCandidate
2019-10-02 17:54:01,761 [Thread-537] INFO  impl.RoleInfo (RoleInfo.java:updateAndGet(143)) - dc00436c-138b-406c-8f35-4d0b5c3754bc: start LeaderElection
2019-10-02 17:54:01,762 [dc00436c-138b-406c-8f35-4d0b5c3754bc@group-C857BDC09BA5-LeaderElection20] INFO  impl.RaftServerImpl (ServerState.java:setLeader(255)) - dc00436c-138b-406c-8f35-4d0b5c3754bc@group-C857BDC09BA5: change Leader from 8182f27e-27c9-4a2f-8b1e-959753d76c58 to null at term 1 for initElection
2019-10-02 17:54:01,860 [dc00436c-138b-406c-8f35-4d0b5c3754bc@group-C857BDC09BA5-LeaderElection20] INFO  impl.LeaderElection (LeaderElection.java:askForVotes(178)) - dc00436c-138b-406c-8f35-4d0b5c3754bc@group-C857BDC09BA5-LeaderElection20: begin an election at term 2 for 0: [dc00436c-138b-406c-8f35-4d0b5c3754bc:192.168.151.72:35612, 8182f27e-27c9-4a2f-8b1e-959753d76c58:192.168.151.72:43142, cde4f2ee-ebe5-4cd0-b57a-bd620480943f:192.168.151.72:42212], old=null
2019-10-02 17:54:01,865 [dc00436c-138b-406c-8f35-4d0b5c3754bc@group-C857BDC09BA5-LeaderElection20] INFO  impl.LeaderElection (LogUtils.java:infoOrTrace(149)) - dc00436c-138b-406c-8f35-4d0b5c3754bc@group-C857BDC09BA5-LeaderElection20 got exception when requesting votes: {}
java.util.concurrent.ExecutionException: org.apache.ratis.thirdparty.io.grpc.StatusRuntimeException: UNAVAILABLE: io exception
	at java.util.concurrent.FutureTask.report(FutureTask.java:122)
	at java.util.concurrent.FutureTask.get(FutureTask.java:192)
	at org.apache.ratis.server.impl.LeaderElection.waitForResults(LeaderElection.java:259)
	at org.apache.ratis.server.impl.LeaderElection.askForVotes(LeaderElection.java:197)
	at org.apache.ratis.server.impl.LeaderElection.run(LeaderElection.java:133)
	at java.lang.Thread.run(Thread.java:748)
Caused by: org.apache.ratis.thirdparty.io.grpc.StatusRuntimeException: UNAVAILABLE: io exception
	at org.apache.ratis.thirdparty.io.grpc.stub.ClientCalls.toStatusRuntimeException(ClientCalls.java:233)
	at org.apache.ratis.thirdparty.io.grpc.stub.ClientCalls.getUnchecked(ClientCalls.java:214)
	at org.apache.ratis.thirdparty.io.grpc.stub.ClientCalls.blockingUnaryCall(ClientCalls.java:139)
	at org.apache.ratis.proto.grpc.RaftServerProtocolServiceGrpc$RaftServerProtocolServiceBlockingStub.requestVote(RaftServerProtocolServiceGrpc.java:265)
	at org.apache.ratis.grpc.server.GrpcServerProtocolClient.requestVote(GrpcServerProtocolClient.java:99)
	at org.apache.ratis.grpc.server.GrpcService.requestVote(GrpcService.java:204)
	at org.apache.ratis.server.impl.LeaderElection.lambda$submitRequests$1(LeaderElection.java:234)
	at java.util.concurrent.FutureTask.run(FutureTask.java:266)
	at java.util.concurrent.Executors$RunnableAdapter.call(Executors.java:511)
	at java.util.concurrent.FutureTask.run(FutureTask.java:266)
	at java.util.concurrent.ThreadPoolExecutor.runWorker(ThreadPoolExecutor.java:1149)
	at java.util.concurrent.ThreadPoolExecutor$Worker.run(ThreadPoolExecutor.java:624)
	... 1 more
Caused by: org.apache.ratis.thirdparty.io.netty.channel.AbstractChannel$AnnotatedConnectException: Connection refused: /192.168.151.72:43142
	at sun.nio.ch.SocketChannelImpl.checkConnect(Native Method)
	at sun.nio.ch.SocketChannelImpl.finishConnect(SocketChannelImpl.java:717)
	at org.apache.ratis.thirdparty.io.netty.channel.socket.nio.NioSocketChannel.doFinishConnect(NioSocketChannel.java:327)
	at org.apache.ratis.thirdparty.io.netty.channel.nio.AbstractNioChannel$AbstractNioUnsafe.finishConnect(AbstractNioChannel.java:340)
	at org.apache.ratis.thirdparty.io.netty.channel.nio.NioEventLoop.processSelectedKey(NioEventLoop.java:632)
	at org.apache.ratis.thirdparty.io.netty.channel.nio.NioEventLoop.processSelectedKeysOptimized(NioEventLoop.java:579)
	at org.apache.ratis.thirdparty.io.netty.channel.nio.NioEventLoop.processSelectedKeys(NioEventLoop.java:496)
	at org.apache.ratis.thirdparty.io.netty.channel.nio.NioEventLoop.run(NioEventLoop.java:458)
	at org.apache.ratis.thirdparty.io.netty.util.concurrent.SingleThreadEventExecutor$5.run(SingleThreadEventExecutor.java:897)
	at org.apache.ratis.thirdparty.io.netty.util.concurrent.FastThreadLocalRunnable.run(FastThreadLocalRunnable.java:30)
	... 1 more
Caused by: java.net.ConnectException: Connection refused
	... 11 more
2019-10-02 17:54:01,867 [dc00436c-138b-406c-8f35-4d0b5c3754bc@group-C857BDC09BA5-LeaderElection20] INFO  impl.LeaderElection (LogUtils.java:infoOrTrace(149)) - dc00436c-138b-406c-8f35-4d0b5c3754bc@group-C857BDC09BA5-LeaderElection20 got exception when requesting votes: {}
java.util.concurrent.ExecutionException: org.apache.ratis.thirdparty.io.grpc.StatusRuntimeException: UNAVAILABLE: io exception
	at java.util.concurrent.FutureTask.report(FutureTask.java:122)
	at java.util.concurrent.FutureTask.get(FutureTask.java:192)
	at org.apache.ratis.server.impl.LeaderElection.waitForResults(LeaderElection.java:259)
	at org.apache.ratis.server.impl.LeaderElection.askForVotes(LeaderElection.java:197)
	at org.apache.ratis.server.impl.LeaderElection.run(LeaderElection.java:133)
	at java.lang.Thread.run(Thread.java:748)
Caused by: org.apache.ratis.thirdparty.io.grpc.StatusRuntimeException: UNAVAILABLE: io exception
	at org.apache.ratis.thirdparty.io.grpc.stub.ClientCalls.toStatusRuntimeException(ClientCalls.java:233)
	at org.apache.ratis.thirdparty.io.grpc.stub.ClientCalls.getUnchecked(ClientCalls.java:214)
	at org.apache.ratis.thirdparty.io.grpc.stub.ClientCalls.blockingUnaryCall(ClientCalls.java:139)
	at org.apache.ratis.proto.grpc.RaftServerProtocolServiceGrpc$RaftServerProtocolServiceBlockingStub.requestVote(RaftServerProtocolServiceGrpc.java:265)
	at org.apache.ratis.grpc.server.GrpcServerProtocolClient.requestVote(GrpcServerProtocolClient.java:99)
	at org.apache.ratis.grpc.server.GrpcService.requestVote(GrpcService.java:204)
	at org.apache.ratis.server.impl.LeaderElection.lambda$submitRequests$1(LeaderElection.java:234)
	at java.util.concurrent.FutureTask.run(FutureTask.java:266)
	at java.util.concurrent.Executors$RunnableAdapter.call(Executors.java:511)
	at java.util.concurrent.FutureTask.run(FutureTask.java:266)
	at java.util.concurrent.ThreadPoolExecutor.runWorker(ThreadPoolExecutor.java:1149)
	at java.util.concurrent.ThreadPoolExecutor$Worker.run(ThreadPoolExecutor.java:624)
	... 1 more
Caused by: org.apache.ratis.thirdparty.io.netty.channel.AbstractChannel$AnnotatedConnectException: Connection refused: /192.168.151.72:42212
	at sun.nio.ch.SocketChannelImpl.checkConnect(Native Method)
	at sun.nio.ch.SocketChannelImpl.finishConnect(SocketChannelImpl.java:717)
	at org.apache.ratis.thirdparty.io.netty.channel.socket.nio.NioSocketChannel.doFinishConnect(NioSocketChannel.java:327)
	at org.apache.ratis.thirdparty.io.netty.channel.nio.AbstractNioChannel$AbstractNioUnsafe.finishConnect(AbstractNioChannel.java:340)
	at org.apache.ratis.thirdparty.io.netty.channel.nio.NioEventLoop.processSelectedKey(NioEventLoop.java:632)
	at org.apache.ratis.thirdparty.io.netty.channel.nio.NioEventLoop.processSelectedKeysOptimized(NioEventLoop.java:579)
	at org.apache.ratis.thirdparty.io.netty.channel.nio.NioEventLoop.processSelectedKeys(NioEventLoop.java:496)
	at org.apache.ratis.thirdparty.io.netty.channel.nio.NioEventLoop.run(NioEventLoop.java:458)
	at org.apache.ratis.thirdparty.io.netty.util.concurrent.SingleThreadEventExecutor$5.run(SingleThreadEventExecutor.java:897)
	at org.apache.ratis.thirdparty.io.netty.util.concurrent.FastThreadLocalRunnable.run(FastThreadLocalRunnable.java:30)
	... 1 more
Caused by: java.net.ConnectException: Connection refused
	... 11 more
2019-10-02 17:54:01,869 [dc00436c-138b-406c-8f35-4d0b5c3754bc@group-C857BDC09BA5-LeaderElection20] INFO  impl.LeaderElection (LeaderElection.java:logAndReturn(56)) - dc00436c-138b-406c-8f35-4d0b5c3754bc@group-C857BDC09BA5-LeaderElection20: Election REJECTED; received 0 response(s) [] and 2 exception(s); dc00436c-138b-406c-8f35-4d0b5c3754bc@group-C857BDC09BA5:t2, leader=null, voted=dc00436c-138b-406c-8f35-4d0b5c3754bc, raftlog=dc00436c-138b-406c-8f35-4d0b5c3754bc@group-C857BDC09BA5-SegmentedRaftLog:OPENED:c0,f0,i0, conf=0: [dc00436c-138b-406c-8f35-4d0b5c3754bc:192.168.151.72:35612, 8182f27e-27c9-4a2f-8b1e-959753d76c58:192.168.151.72:43142, cde4f2ee-ebe5-4cd0-b57a-bd620480943f:192.168.151.72:42212], old=null
2019-10-02 17:54:01,870 [dc00436c-138b-406c-8f35-4d0b5c3754bc@group-C857BDC09BA5-LeaderElection20] INFO  impl.LeaderElection (LogUtils.java:infoOrTrace(149)) -   Exception 0: {}
java.util.concurrent.ExecutionException: org.apache.ratis.thirdparty.io.grpc.StatusRuntimeException: UNAVAILABLE: io exception
	at java.util.concurrent.FutureTask.report(FutureTask.java:122)
	at java.util.concurrent.FutureTask.get(FutureTask.java:192)
	at org.apache.ratis.server.impl.LeaderElection.waitForResults(LeaderElection.java:259)
	at org.apache.ratis.server.impl.LeaderElection.askForVotes(LeaderElection.java:197)
	at org.apache.ratis.server.impl.LeaderElection.run(LeaderElection.java:133)
	at java.lang.Thread.run(Thread.java:748)
Caused by: org.apache.ratis.thirdparty.io.grpc.StatusRuntimeException: UNAVAILABLE: io exception
	at org.apache.ratis.thirdparty.io.grpc.stub.ClientCalls.toStatusRuntimeException(ClientCalls.java:233)
	at org.apache.ratis.thirdparty.io.grpc.stub.ClientCalls.getUnchecked(ClientCalls.java:214)
	at org.apache.ratis.thirdparty.io.grpc.stub.ClientCalls.blockingUnaryCall(ClientCalls.java:139)
	at org.apache.ratis.proto.grpc.RaftServerProtocolServiceGrpc$RaftServerProtocolServiceBlockingStub.requestVote(RaftServerProtocolServiceGrpc.java:265)
	at org.apache.ratis.grpc.server.GrpcServerProtocolClient.requestVote(GrpcServerProtocolClient.java:99)
	at org.apache.ratis.grpc.server.GrpcService.requestVote(GrpcService.java:204)
	at org.apache.ratis.server.impl.LeaderElection.lambda$submitRequests$1(LeaderElection.java:234)
	at java.util.concurrent.FutureTask.run(FutureTask.java:266)
	at java.util.concurrent.Executors$RunnableAdapter.call(Executors.java:511)
	at java.util.concurrent.FutureTask.run(FutureTask.java:266)
	at java.util.concurrent.ThreadPoolExecutor.runWorker(ThreadPoolExecutor.java:1149)
	at java.util.concurrent.ThreadPoolExecutor$Worker.run(ThreadPoolExecutor.java:624)
	... 1 more
Caused by: org.apache.ratis.thirdparty.io.netty.channel.AbstractChannel$AnnotatedConnectException: Connection refused: /192.168.151.72:43142
	at sun.nio.ch.SocketChannelImpl.checkConnect(Native Method)
	at sun.nio.ch.SocketChannelImpl.finishConnect(SocketChannelImpl.java:717)
	at org.apache.ratis.thirdparty.io.netty.channel.socket.nio.NioSocketChannel.doFinishConnect(NioSocketChannel.java:327)
	at org.apache.ratis.thirdparty.io.netty.channel.nio.AbstractNioChannel$AbstractNioUnsafe.finishConnect(AbstractNioChannel.java:340)
	at org.apache.ratis.thirdparty.io.netty.channel.nio.NioEventLoop.processSelectedKey(NioEventLoop.java:632)
	at org.apache.ratis.thirdparty.io.netty.channel.nio.NioEventLoop.processSelectedKeysOptimized(NioEventLoop.java:579)
	at org.apache.ratis.thirdparty.io.netty.channel.nio.NioEventLoop.processSelectedKeys(NioEventLoop.java:496)
	at org.apache.ratis.thirdparty.io.netty.channel.nio.NioEventLoop.run(NioEventLoop.java:458)
	at org.apache.ratis.thirdparty.io.netty.util.concurrent.SingleThreadEventExecutor$5.run(SingleThreadEventExecutor.java:897)
	at org.apache.ratis.thirdparty.io.netty.util.concurrent.FastThreadLocalRunnable.run(FastThreadLocalRunnable.java:30)
	... 1 more
Caused by: java.net.ConnectException: Connection refused
	... 11 more
2019-10-02 17:54:01,870 [dc00436c-138b-406c-8f35-4d0b5c3754bc@group-C857BDC09BA5-LeaderElection20] INFO  impl.LeaderElection (LogUtils.java:infoOrTrace(149)) -   Exception 1: {}
java.util.concurrent.ExecutionException: org.apache.ratis.thirdparty.io.grpc.StatusRuntimeException: UNAVAILABLE: io exception
	at java.util.concurrent.FutureTask.report(FutureTask.java:122)
	at java.util.concurrent.FutureTask.get(FutureTask.java:192)
	at org.apache.ratis.server.impl.LeaderElection.waitForResults(LeaderElection.java:259)
	at org.apache.ratis.server.impl.LeaderElection.askForVotes(LeaderElection.java:197)
	at org.apache.ratis.server.impl.LeaderElection.run(LeaderElection.java:133)
	at java.lang.Thread.run(Thread.java:748)
Caused by: org.apache.ratis.thirdparty.io.grpc.StatusRuntimeException: UNAVAILABLE: io exception
	at org.apache.ratis.thirdparty.io.grpc.stub.ClientCalls.toStatusRuntimeException(ClientCalls.java:233)
	at org.apache.ratis.thirdparty.io.grpc.stub.ClientCalls.getUnchecked(ClientCalls.java:214)
	at org.apache.ratis.thirdparty.io.grpc.stub.ClientCalls.blockingUnaryCall(ClientCalls.java:139)
	at org.apache.ratis.proto.grpc.RaftServerProtocolServiceGrpc$RaftServerProtocolServiceBlockingStub.requestVote(RaftServerProtocolServiceGrpc.java:265)
	at org.apache.ratis.grpc.server.GrpcServerProtocolClient.requestVote(GrpcServerProtocolClient.java:99)
	at org.apache.ratis.grpc.server.GrpcService.requestVote(GrpcService.java:204)
	at org.apache.ratis.server.impl.LeaderElection.lambda$submitRequests$1(LeaderElection.java:234)
	at java.util.concurrent.FutureTask.run(FutureTask.java:266)
	at java.util.concurrent.Executors$RunnableAdapter.call(Executors.java:511)
	at java.util.concurrent.FutureTask.run(FutureTask.java:266)
	at java.util.concurrent.ThreadPoolExecutor.runWorker(ThreadPoolExecutor.java:1149)
	at java.util.concurrent.ThreadPoolExecutor$Worker.run(ThreadPoolExecutor.java:624)
	... 1 more
Caused by: org.apache.ratis.thirdparty.io.netty.channel.AbstractChannel$AnnotatedConnectException: Connection refused: /192.168.151.72:42212
	at sun.nio.ch.SocketChannelImpl.checkConnect(Native Method)
	at sun.nio.ch.SocketChannelImpl.finishConnect(SocketChannelImpl.java:717)
	at org.apache.ratis.thirdparty.io.netty.channel.socket.nio.NioSocketChannel.doFinishConnect(NioSocketChannel.java:327)
	at org.apache.ratis.thirdparty.io.netty.channel.nio.AbstractNioChannel$AbstractNioUnsafe.finishConnect(AbstractNioChannel.java:340)
	at org.apache.ratis.thirdparty.io.netty.channel.nio.NioEventLoop.processSelectedKey(NioEventLoop.java:632)
	at org.apache.ratis.thirdparty.io.netty.channel.nio.NioEventLoop.processSelectedKeysOptimized(NioEventLoop.java:579)
	at org.apache.ratis.thirdparty.io.netty.channel.nio.NioEventLoop.processSelectedKeys(NioEventLoop.java:496)
	at org.apache.ratis.thirdparty.io.netty.channel.nio.NioEventLoop.run(NioEventLoop.java:458)
	at org.apache.ratis.thirdparty.io.netty.util.concurrent.SingleThreadEventExecutor$5.run(SingleThreadEventExecutor.java:897)
	at org.apache.ratis.thirdparty.io.netty.util.concurrent.FastThreadLocalRunnable.run(FastThreadLocalRunnable.java:30)
	... 1 more
Caused by: java.net.ConnectException: Connection refused
	... 11 more
2019-10-02 17:54:01,871 [dc00436c-138b-406c-8f35-4d0b5c3754bc@group-C857BDC09BA5-LeaderElection20] INFO  impl.RaftServerImpl (RaftServerImpl.java:setRole(170)) - dc00436c-138b-406c-8f35-4d0b5c3754bc@group-C857BDC09BA5: changes role from CANDIDATE to FOLLOWER at term 2 for DISCOVERED_A_NEW_TERM
2019-10-02 17:54:01,871 [dc00436c-138b-406c-8f35-4d0b5c3754bc@group-C857BDC09BA5-LeaderElection20] INFO  impl.RoleInfo (RoleInfo.java:shutdownLeaderElection(134)) - dc00436c-138b-406c-8f35-4d0b5c3754bc: shutdown LeaderElection
2019-10-02 17:54:01,871 [dc00436c-138b-406c-8f35-4d0b5c3754bc@group-C857BDC09BA5-LeaderElection20] INFO  impl.RoleInfo (RoleInfo.java:updateAndGet(143)) - dc00436c-138b-406c-8f35-4d0b5c3754bc: start FollowerState
2019-10-02 17:54:04,014 [grpc-default-executor-9] WARN  server.GrpcLogAppender (LogUtils.java:warn(134)) - e7bd1734-ef6c-4cf8-b88c-8a1061e7af66@group-43DE3AA5D608->c6bdf12a-094f-42bc-87c0-f082ef291ed8-AppendLogResponseHandler: Failed appendEntries: org.apache.ratis.thirdparty.io.grpc.StatusRuntimeException: UNAVAILABLE: io exception
2019-10-02 17:54:04,017 [grpc-default-executor-9] INFO  impl.FollowerInfo (FollowerInfo.java:lambda$new$0(51)) - e7bd1734-ef6c-4cf8-b88c-8a1061e7af66@group-43DE3AA5D608->c6bdf12a-094f-42bc-87c0-f082ef291ed8: nextIndex: updateUnconditionally 1 -> 0
2019-10-02 17:54:05,922 [main] INFO  ozoneimpl.OzoneContainer (OzoneContainer.java:stop(231)) - Attempting to stop container services.
2019-10-02 17:54:05,922 [ForkJoinPool.commonPool-worker-0] INFO  ozoneimpl.OzoneContainer (OzoneContainer.java:stop(231)) - Attempting to stop container services.
2019-10-02 17:54:05,924 [main] INFO  impl.RaftServerProxy (RaftServerProxy.java:lambda$close$4(314)) - e7bd1734-ef6c-4cf8-b88c-8a1061e7af66: close
2019-10-02 17:54:05,924 [ForkJoinPool.commonPool-worker-0] INFO  impl.RaftServerProxy (RaftServerProxy.java:lambda$close$4(314)) - 49c112d4-02f4-49c2-90bf-c7b46ec7b63a: close
2019-10-02 17:54:05,924 [main] INFO  impl.RaftServerImpl (RaftServerImpl.java:lambda$shutdown$3(247)) - e7bd1734-ef6c-4cf8-b88c-8a1061e7af66@group-43DE3AA5D608: shutdown
2019-10-02 17:54:05,924 [ForkJoinPool.commonPool-worker-0] INFO  impl.RaftServerImpl (RaftServerImpl.java:lambda$shutdown$3(247)) - 49c112d4-02f4-49c2-90bf-c7b46ec7b63a@group-43DE3AA5D608: shutdown
2019-10-02 17:54:05,925 [main] INFO  util.JmxRegister (JmxRegister.java:unregister(73)) - Successfully un-registered JMX Bean with object name Ratis:service=RaftServer,group=group-43DE3AA5D608,id=e7bd1734-ef6c-4cf8-b88c-8a1061e7af66
2019-10-02 17:54:05,925 [ForkJoinPool.commonPool-worker-0] INFO  util.JmxRegister (JmxRegister.java:unregister(73)) - Successfully un-registered JMX Bean with object name Ratis:service=RaftServer,group=group-43DE3AA5D608,id=49c112d4-02f4-49c2-90bf-c7b46ec7b63a
2019-10-02 17:54:05,926 [main] INFO  impl.RoleInfo (RoleInfo.java:shutdownLeaderState(104)) - e7bd1734-ef6c-4cf8-b88c-8a1061e7af66: shutdown LeaderState
2019-10-02 17:54:05,926 [ForkJoinPool.commonPool-worker-0] INFO  impl.RoleInfo (RoleInfo.java:shutdownFollowerState(121)) - 49c112d4-02f4-49c2-90bf-c7b46ec7b63a: shutdown FollowerState
2019-10-02 17:54:05,930 [main] INFO  impl.PendingRequests (PendingRequests.java:sendNotLeaderResponses(202)) - e7bd1734-ef6c-4cf8-b88c-8a1061e7af66@group-43DE3AA5D608-PendingRequests: sendNotLeaderResponses
2019-10-02 17:54:05,930 [org.apache.ratis.server.impl.LogAppender$AppenderDaemon$$Lambda$525/299265970@578e891e] WARN  server.GrpcLogAppender (GrpcLogAppender.java:mayWait(143)) - e7bd1734-ef6c-4cf8-b88c-8a1061e7af66@group-43DE3AA5D608->c6bdf12a-094f-42bc-87c0-f082ef291ed8-GrpcLogAppender: Wait interrupted by java.lang.InterruptedException
2019-10-02 17:54:05,930 [org.apache.ratis.server.impl.LogAppender$AppenderDaemon$$Lambda$525/299265970@6cb3b312] WARN  server.GrpcLogAppender (GrpcLogAppender.java:mayWait(143)) - e7bd1734-ef6c-4cf8-b88c-8a1061e7af66@group-43DE3AA5D608->49c112d4-02f4-49c2-90bf-c7b46ec7b63a-GrpcLogAppender: Wait interrupted by java.lang.InterruptedException
2019-10-02 17:54:05,930 [Thread-1110] INFO  impl.FollowerState (FollowerState.java:run(117)) - 49c112d4-02f4-49c2-90bf-c7b46ec7b63a@group-43DE3AA5D608-FollowerState was interrupted: java.lang.InterruptedException: sleep interrupted
2019-10-02 17:54:05,930 [ForkJoinPool.commonPool-worker-0] INFO  impl.StateMachineUpdater (StateMachineUpdater.java:stopAndJoin(136)) - 49c112d4-02f4-49c2-90bf-c7b46ec7b63a@group-43DE3AA5D608-StateMachineUpdater: set stopIndex = 2
2019-10-02 17:54:05,936 [main] INFO  impl.StateMachineUpdater (StateMachineUpdater.java:stopAndJoin(136)) - e7bd1734-ef6c-4cf8-b88c-8a1061e7af66@group-43DE3AA5D608-StateMachineUpdater: set stopIndex = 2
2019-10-02 17:54:05,938 [ForkJoinPool.commonPool-worker-0] INFO  impl.RaftServerImpl (ServerState.java:close(387)) - 49c112d4-02f4-49c2-90bf-c7b46ec7b63a@group-43DE3AA5D608: closes. applyIndex: 2
2019-10-02 17:54:05,939 [grpc-default-executor-9] INFO  server.GrpcServerProtocolService (GrpcServerProtocolService.java:onCompleted(113)) - 49c112d4-02f4-49c2-90bf-c7b46ec7b63a: Completed APPEND_ENTRIES, lastRequest: e7bd1734-ef6c-4cf8-b88c-8a1061e7af66->49c112d4-02f4-49c2-90bf-c7b46ec7b63a#22-t3, previous=(t:3, i:2), leaderCommit=2, initializing? false, entries: <empty>
2019-10-02 17:54:05,939 [main] INFO  impl.RaftServerImpl (ServerState.java:close(387)) - e7bd1734-ef6c-4cf8-b88c-8a1061e7af66@group-43DE3AA5D608: closes. applyIndex: 2
2019-10-02 17:54:05,940 [49c112d4-02f4-49c2-90bf-c7b46ec7b63a@group-43DE3AA5D608-SegmentedRaftLogWorker] INFO  segmented.SegmentedRaftLogWorker (SegmentedRaftLogWorker.java:run(316)) - 49c112d4-02f4-49c2-90bf-c7b46ec7b63a@group-43DE3AA5D608-SegmentedRaftLogWorker was interrupted, exiting. There are 0 tasks remaining in the queue.
2019-10-02 17:54:05,940 [e7bd1734-ef6c-4cf8-b88c-8a1061e7af66@group-43DE3AA5D608-SegmentedRaftLogWorker] INFO  segmented.SegmentedRaftLogWorker (SegmentedRaftLogWorker.java:run(316)) - e7bd1734-ef6c-4cf8-b88c-8a1061e7af66@group-43DE3AA5D608-SegmentedRaftLogWorker was interrupted, exiting. There are 0 tasks remaining in the queue.
2019-10-02 17:54:05,940 [ForkJoinPool.commonPool-worker-0] INFO  segmented.SegmentedRaftLogWorker (SegmentedRaftLogWorker.java:close(224)) - 49c112d4-02f4-49c2-90bf-c7b46ec7b63a@group-43DE3AA5D608-SegmentedRaftLogWorker close()
2019-10-02 17:54:05,941 [grpc-default-executor-9] INFO  server.GrpcLogAppender (GrpcLogAppender.java:onCompleted(293)) - e7bd1734-ef6c-4cf8-b88c-8a1061e7af66@group-43DE3AA5D608->49c112d4-02f4-49c2-90bf-c7b46ec7b63a-AppendLogResponseHandler: follower responses appendEntries COMPLETED
2019-10-02 17:54:05,941 [main] INFO  segmented.SegmentedRaftLogWorker (SegmentedRaftLogWorker.java:close(224)) - e7bd1734-ef6c-4cf8-b88c-8a1061e7af66@group-43DE3AA5D608-SegmentedRaftLogWorker close()
2019-10-02 17:54:05,949 [ForkJoinPool.commonPool-worker-0] INFO  impl.RaftServerImpl (RaftServerImpl.java:lambda$shutdown$3(247)) - 49c112d4-02f4-49c2-90bf-c7b46ec7b63a@group-044C89252AE2: shutdown
2019-10-02 17:54:05,950 [main] INFO  impl.RaftServerImpl (RaftServerImpl.java:lambda$shutdown$3(247)) - e7bd1734-ef6c-4cf8-b88c-8a1061e7af66@group-A7B71704B138: shutdown
2019-10-02 17:54:05,950 [grpc-default-executor-9] INFO  impl.FollowerInfo (FollowerInfo.java:lambda$new$0(51)) - e7bd1734-ef6c-4cf8-b88c-8a1061e7af66@group-43DE3AA5D608->49c112d4-02f4-49c2-90bf-c7b46ec7b63a: nextIndex: updateUnconditionally 3 -> 2
2019-10-02 17:54:05,950 [ForkJoinPool.commonPool-worker-0] INFO  util.JmxRegister (JmxRegister.java:unregister(73)) - Successfully un-registered JMX Bean with object name Ratis:service=RaftServer,group=group-044C89252AE2,id=49c112d4-02f4-49c2-90bf-c7b46ec7b63a
2019-10-02 17:54:05,950 [main] INFO  util.JmxRegister (JmxRegister.java:unregister(73)) - Successfully un-registered JMX Bean with object name Ratis:service=RaftServer,group=group-A7B71704B138,id=e7bd1734-ef6c-4cf8-b88c-8a1061e7af66
2019-10-02 17:54:05,951 [ForkJoinPool.commonPool-worker-0] INFO  impl.RoleInfo (RoleInfo.java:shutdownLeaderState(104)) - 49c112d4-02f4-49c2-90bf-c7b46ec7b63a: shutdown LeaderState
2019-10-02 17:54:05,951 [main] INFO  impl.RoleInfo (RoleInfo.java:shutdownLeaderState(104)) - e7bd1734-ef6c-4cf8-b88c-8a1061e7af66: shutdown LeaderState
2019-10-02 17:54:05,952 [ForkJoinPool.commonPool-worker-0] INFO  impl.PendingRequests (PendingRequests.java:sendNotLeaderResponses(202)) - 49c112d4-02f4-49c2-90bf-c7b46ec7b63a@group-044C89252AE2-PendingRequests: sendNotLeaderResponses
2019-10-02 17:54:05,952 [main] INFO  impl.PendingRequests (PendingRequests.java:sendNotLeaderResponses(202)) - e7bd1734-ef6c-4cf8-b88c-8a1061e7af66@group-A7B71704B138-PendingRequests: sendNotLeaderResponses
2019-10-02 17:54:05,952 [ForkJoinPool.commonPool-worker-0] INFO  impl.StateMachineUpdater (StateMachineUpdater.java:stopAndJoin(136)) - 49c112d4-02f4-49c2-90bf-c7b46ec7b63a@group-044C89252AE2-StateMachineUpdater: set stopIndex = 0
2019-10-02 17:54:05,953 [main] INFO  impl.StateMachineUpdater (StateMachineUpdater.java:stopAndJoin(136)) - e7bd1734-ef6c-4cf8-b88c-8a1061e7af66@group-A7B71704B138-StateMachineUpdater: set stopIndex = 0
2019-10-02 17:54:05,953 [ForkJoinPool.commonPool-worker-0] INFO  impl.RaftServerImpl (ServerState.java:close(387)) - 49c112d4-02f4-49c2-90bf-c7b46ec7b63a@group-044C89252AE2: closes. applyIndex: 0
2019-10-02 17:54:05,954 [main] INFO  impl.RaftServerImpl (ServerState.java:close(387)) - e7bd1734-ef6c-4cf8-b88c-8a1061e7af66@group-A7B71704B138: closes. applyIndex: 0
2019-10-02 17:54:05,954 [49c112d4-02f4-49c2-90bf-c7b46ec7b63a@group-044C89252AE2-SegmentedRaftLogWorker] INFO  segmented.SegmentedRaftLogWorker (SegmentedRaftLogWorker.java:run(316)) - 49c112d4-02f4-49c2-90bf-c7b46ec7b63a@group-044C89252AE2-SegmentedRaftLogWorker was interrupted, exiting. There are 0 tasks remaining in the queue.
2019-10-02 17:54:05,955 [e7bd1734-ef6c-4cf8-b88c-8a1061e7af66@group-A7B71704B138-SegmentedRaftLogWorker] INFO  segmented.SegmentedRaftLogWorker (SegmentedRaftLogWorker.java:run(316)) - e7bd1734-ef6c-4cf8-b88c-8a1061e7af66@group-A7B71704B138-SegmentedRaftLogWorker was interrupted, exiting. There are 0 tasks remaining in the queue.
2019-10-02 17:54:05,955 [ForkJoinPool.commonPool-worker-0] INFO  segmented.SegmentedRaftLogWorker (SegmentedRaftLogWorker.java:close(224)) - 49c112d4-02f4-49c2-90bf-c7b46ec7b63a@group-044C89252AE2-SegmentedRaftLogWorker close()
2019-10-02 17:54:05,955 [main] INFO  segmented.SegmentedRaftLogWorker (SegmentedRaftLogWorker.java:close(224)) - e7bd1734-ef6c-4cf8-b88c-8a1061e7af66@group-A7B71704B138-SegmentedRaftLogWorker close()
2019-10-02 17:54:05,955 [ForkJoinPool.commonPool-worker-0] INFO  server.GrpcService (GrpcService.java:closeImpl(164)) - 49c112d4-02f4-49c2-90bf-c7b46ec7b63a: shutdown server with port 42976 now
2019-10-02 17:54:05,956 [main] INFO  server.GrpcService (GrpcService.java:closeImpl(164)) - e7bd1734-ef6c-4cf8-b88c-8a1061e7af66: shutdown server with port 41308 now
2019-10-02 17:54:05,956 [ForkJoinPool.commonPool-worker-0] INFO  server.GrpcService (GrpcService.java:closeImpl(172)) - 49c112d4-02f4-49c2-90bf-c7b46ec7b63a: shutdown server with port 42976 successfully
2019-10-02 17:54:05,957 [main] INFO  server.GrpcService (GrpcService.java:closeImpl(172)) - e7bd1734-ef6c-4cf8-b88c-8a1061e7af66: shutdown server with port 41308 successfully
2019-10-02 17:54:05,960 [refreshUsed-/workdir/hadoop-ozone/integration-test/target/test-dir/MiniOzoneClusterImpl-d02e41fa-f6e1-4cca-b896-e100a645b5cc/datanode-6/data/containers] WARN  fs.CachingGetSpaceUsed (CachingGetSpaceUsed.java:run(183)) - Thread Interrupted waiting to refresh disk information: sleep interrupted
2019-10-02 17:54:05,972 [refreshUsed-/workdir/hadoop-ozone/integration-test/target/test-dir/MiniOzoneClusterImpl-d02e41fa-f6e1-4cca-b896-e100a645b5cc/datanode-0/data/containers] WARN  fs.CachingGetSpaceUsed (CachingGetSpaceUsed.java:run(183)) - Thread Interrupted waiting to refresh disk information: sleep interrupted
2019-10-02 17:54:05,991 [ForkJoinPool.commonPool-worker-0] INFO  utils.BackgroundService (BackgroundService.java:shutdown(148)) - Shutting down service BlockDeletingService
2019-10-02 17:54:05,996 [ForkJoinPool.commonPool-worker-0] INFO  statemachine.DatanodeStateMachine (DatanodeStateMachine.java:stopDaemon(395)) - Ozone container server stopped.
2019-10-02 17:54:05,999 [ForkJoinPool.commonPool-worker-0] INFO  handler.ContextHandler (ContextHandler.java:doStop(910)) - Stopped o.e.j.w.WebAppContext@6dd1c3ed{/,null,UNAVAILABLE}{/hddsDatanode}
2019-10-02 17:54:06,000 [ForkJoinPool.commonPool-worker-0] INFO  server.AbstractConnector (AbstractConnector.java:doStop(318)) - Stopped ServerConnector@22a6e998{HTTP/1.1,[http/1.1]}{0.0.0.0:0}
2019-10-02 17:54:06,002 [ForkJoinPool.commonPool-worker-0] INFO  handler.ContextHandler (ContextHandler.java:doStop(910)) - Stopped o.e.j.s.ServletContextHandler@476fe690{/static,jar:file:/home/user/.m2/repository/org/apache/hadoop/hadoop-hdds-container-service/0.5.0-SNAPSHOT/hadoop-hdds-container-service-0.5.0-SNAPSHOT.jar!/webapps/static,UNAVAILABLE}
2019-10-02 17:54:06,003 [ForkJoinPool.commonPool-worker-0] INFO  handler.ContextHandler (ContextHandler.java:doStop(910)) - Stopped o.e.j.s.ServletContextHandler@65b97f47{/logs,file:///workdir/hadoop-ozone/integration-test/target/log,UNAVAILABLE}
2019-10-02 17:54:06,004 [main] INFO  utils.BackgroundService (BackgroundService.java:shutdown(148)) - Shutting down service BlockDeletingService
2019-10-02 17:54:06,007 [main] INFO  statemachine.DatanodeStateMachine (DatanodeStateMachine.java:stopDaemon(395)) - Ozone container server stopped.
2019-10-02 17:54:06,009 [main] INFO  handler.ContextHandler (ContextHandler.java:doStop(910)) - Stopped o.e.j.w.WebAppContext@3743539f{/,null,UNAVAILABLE}{/hddsDatanode}
2019-10-02 17:54:06,009 [main] INFO  server.AbstractConnector (AbstractConnector.java:doStop(318)) - Stopped ServerConnector@d277579{HTTP/1.1,[http/1.1]}{0.0.0.0:0}
2019-10-02 17:54:06,010 [main] INFO  handler.ContextHandler (ContextHandler.java:doStop(910)) - Stopped o.e.j.s.ServletContextHandler@6e4c0d8c{/static,jar:file:/home/user/.m2/repository/org/apache/hadoop/hadoop-hdds-container-service/0.5.0-SNAPSHOT/hadoop-hdds-container-service-0.5.0-SNAPSHOT.jar!/webapps/static,UNAVAILABLE}
2019-10-02 17:54:06,010 [main] INFO  handler.ContextHandler (ContextHandler.java:doStop(910)) - Stopped o.e.j.s.ServletContextHandler@2d3ef181{/logs,file:///workdir/hadoop-ozone/integration-test/target/log,UNAVAILABLE}
2019-10-02 17:54:06,540 [Datanode State Machine Thread - 0] INFO  statemachine.DatanodeStateMachine (DatanodeStateMachine.java:lambda$startDaemon$0(350)) - Ozone container server started.
2019-10-02 17:54:06,569 [ReplicationMonitor] INFO  container.ReplicationManager (ReplicationManager.java:forceCloseContainer(464)) - Force closing container #1 with BCSID 0, which is in QUASI_CLOSED state.
2019-10-02 17:54:06,571 [ReplicationMonitor] INFO  container.ReplicationManager (ReplicationManager.java:sendCloseCommand(659)) - Sending close container command for container #1 to datanode cde4f2ee-ebe5-4cd0-b57a-bd620480943f{ip: 192.168.151.72, host: pr-trunk-fgz7f-2353921243, networkLocation: /default-rack, certSerialId: null}.
2019-10-02 17:54:06,571 [ReplicationMonitor] INFO  container.ReplicationManager (ReplicationManager.java:sendCloseCommand(659)) - Sending close container command for container #1 to datanode 8182f27e-27c9-4a2f-8b1e-959753d76c58{ip: 192.168.151.72, host: pr-trunk-fgz7f-2353921243, networkLocation: /default-rack, certSerialId: null}.
2019-10-02 17:54:06,572 [ReplicationMonitor] INFO  container.ReplicationManager (ReplicationManager.java:forceCloseContainer(464)) - Force closing container #2 with BCSID 0, which is in QUASI_CLOSED state.
2019-10-02 17:54:06,572 [ReplicationMonitor] INFO  container.ReplicationManager (ReplicationManager.java:sendCloseCommand(659)) - Sending close container command for container #2 to datanode c6bdf12a-094f-42bc-87c0-f082ef291ed8{ip: 192.168.151.72, host: pr-trunk-fgz7f-2353921243, networkLocation: /default-rack, certSerialId: null}.
2019-10-02 17:54:06,572 [ReplicationMonitor] INFO  container.ReplicationManager (ReplicationManager.java:sendCloseCommand(659)) - Sending close container command for container #2 to datanode e7bd1734-ef6c-4cf8-b88c-8a1061e7af66{ip: 192.168.151.72, host: pr-trunk-fgz7f-2353921243, networkLocation: /default-rack, certSerialId: null}.
2019-10-02 17:54:06,572 [ReplicationMonitor] INFO  container.ReplicationManager (ReplicationManager.java:forceCloseContainer(464)) - Force closing container #3 with BCSID 0, which is in QUASI_CLOSED state.
2019-10-02 17:54:06,573 [ReplicationMonitor] INFO  container.ReplicationManager (ReplicationManager.java:sendCloseCommand(659)) - Sending close container command for container #3 to datanode 49c112d4-02f4-49c2-90bf-c7b46ec7b63a{ip: 192.168.151.72, host: pr-trunk-fgz7f-2353921243, networkLocation: /default-rack, certSerialId: null}.
2019-10-02 17:54:06,573 [ReplicationMonitor] INFO  container.ReplicationManager (ReplicationManager.java:sendCloseCommand(659)) - Sending close container command for container #3 to datanode e7bd1734-ef6c-4cf8-b88c-8a1061e7af66{ip: 192.168.151.72, host: pr-trunk-fgz7f-2353921243, networkLocation: /default-rack, certSerialId: null}.
2019-10-02 17:54:06,573 [ReplicationMonitor] INFO  container.ReplicationManager (ReplicationManager.java:forceCloseContainer(464)) - Force closing container #4 with BCSID 0, which is in QUASI_CLOSED state.
2019-10-02 17:54:06,573 [ReplicationMonitor] INFO  container.ReplicationManager (ReplicationManager.java:sendCloseCommand(659)) - Sending close container command for container #4 to datanode e7bd1734-ef6c-4cf8-b88c-8a1061e7af66{ip: 192.168.151.72, host: pr-trunk-fgz7f-2353921243, networkLocation: /default-rack, certSerialId: null}.
2019-10-02 17:54:06,573 [ReplicationMonitor] INFO  container.ReplicationManager (ReplicationManager.java:sendCloseCommand(659)) - Sending close container command for container #4 to datanode 49c112d4-02f4-49c2-90bf-c7b46ec7b63a{ip: 192.168.151.72, host: pr-trunk-fgz7f-2353921243, networkLocation: /default-rack, certSerialId: null}.
2019-10-02 17:54:06,573 [ReplicationMonitor] INFO  container.ReplicationManager (ReplicationManager.java:run(225)) - Replication Monitor Thread took 11 milliseconds for processing 4 containers.
2019-10-02 17:54:06,976 [Thread-1250] INFO  impl.FollowerState (FollowerState.java:run(108)) - dc00436c-138b-406c-8f35-4d0b5c3754bc@group-C857BDC09BA5-FollowerState: change to CANDIDATE, lastRpcTime:5105ms, electionTimeout:5105ms
2019-10-02 17:54:06,977 [Thread-1250] INFO  impl.RoleInfo (RoleInfo.java:shutdownFollowerState(121)) - dc00436c-138b-406c-8f35-4d0b5c3754bc: shutdown FollowerState
2019-10-02 17:54:06,977 [Thread-1250] INFO  impl.RaftServerImpl (RaftServerImpl.java:setRole(170)) - dc00436c-138b-406c-8f35-4d0b5c3754bc@group-C857BDC09BA5: changes role from  FOLLOWER to CANDIDATE at term 2 for changeToCandidate
2019-10-02 17:54:06,978 [Thread-1250] INFO  impl.RoleInfo (RoleInfo.java:updateAndGet(143)) - dc00436c-138b-406c-8f35-4d0b5c3754bc: start LeaderElection
2019-10-02 17:54:06,997 [dc00436c-138b-406c-8f35-4d0b5c3754bc@group-C857BDC09BA5-LeaderElection21] INFO  impl.LeaderElection (LeaderElection.java:askForVotes(178)) - dc00436c-138b-406c-8f35-4d0b5c3754bc@group-C857BDC09BA5-LeaderElection21: begin an election at term 3 for 0: [dc00436c-138b-406c-8f35-4d0b5c3754bc:192.168.151.72:35612, 8182f27e-27c9-4a2f-8b1e-959753d76c58:192.168.151.72:43142, cde4f2ee-ebe5-4cd0-b57a-bd620480943f:192.168.151.72:42212], old=null
2019-10-02 17:54:06,999 [dc00436c-138b-406c-8f35-4d0b5c3754bc@group-C857BDC09BA5-LeaderElection21] INFO  impl.LeaderElection (LogUtils.java:infoOrTrace(149)) - dc00436c-138b-406c-8f35-4d0b5c3754bc@group-C857BDC09BA5-LeaderElection21 got exception when requesting votes: {}
java.util.concurrent.ExecutionException: org.apache.ratis.thirdparty.io.grpc.StatusRuntimeException: UNAVAILABLE: io exception
	at java.util.concurrent.FutureTask.report(FutureTask.java:122)
	at java.util.concurrent.FutureTask.get(FutureTask.java:192)
	at org.apache.ratis.server.impl.LeaderElection.waitForResults(LeaderElection.java:259)
	at org.apache.ratis.server.impl.LeaderElection.askForVotes(LeaderElection.java:197)
	at org.apache.ratis.server.impl.LeaderElection.run(LeaderElection.java:133)
	at java.lang.Thread.run(Thread.java:748)
Caused by: org.apache.ratis.thirdparty.io.grpc.StatusRuntimeException: UNAVAILABLE: io exception
	at org.apache.ratis.thirdparty.io.grpc.stub.ClientCalls.toStatusRuntimeException(ClientCalls.java:233)
	at org.apache.ratis.thirdparty.io.grpc.stub.ClientCalls.getUnchecked(ClientCalls.java:214)
	at org.apache.ratis.thirdparty.io.grpc.stub.ClientCalls.blockingUnaryCall(ClientCalls.java:139)
	at org.apache.ratis.proto.grpc.RaftServerProtocolServiceGrpc$RaftServerProtocolServiceBlockingStub.requestVote(RaftServerProtocolServiceGrpc.java:265)
	at org.apache.ratis.grpc.server.GrpcServerProtocolClient.requestVote(GrpcServerProtocolClient.java:99)
	at org.apache.ratis.grpc.server.GrpcService.requestVote(GrpcService.java:204)
	at org.apache.ratis.server.impl.LeaderElection.lambda$submitRequests$1(LeaderElection.java:234)
	at java.util.concurrent.FutureTask.run(FutureTask.java:266)
	at java.util.concurrent.Executors$RunnableAdapter.call(Executors.java:511)
	at java.util.concurrent.FutureTask.run(FutureTask.java:266)
	at java.util.concurrent.ThreadPoolExecutor.runWorker(ThreadPoolExecutor.java:1149)
	at java.util.concurrent.ThreadPoolExecutor$Worker.run(ThreadPoolExecutor.java:624)
	... 1 more
Caused by: org.apache.ratis.thirdparty.io.netty.channel.AbstractChannel$AnnotatedConnectException: Connection refused: /192.168.151.72:43142
	at sun.nio.ch.SocketChannelImpl.checkConnect(Native Method)
	at sun.nio.ch.SocketChannelImpl.finishConnect(SocketChannelImpl.java:717)
	at org.apache.ratis.thirdparty.io.netty.channel.socket.nio.NioSocketChannel.doFinishConnect(NioSocketChannel.java:327)
	at org.apache.ratis.thirdparty.io.netty.channel.nio.AbstractNioChannel$AbstractNioUnsafe.finishConnect(AbstractNioChannel.java:340)
	at org.apache.ratis.thirdparty.io.netty.channel.nio.NioEventLoop.processSelectedKey(NioEventLoop.java:632)
	at org.apache.ratis.thirdparty.io.netty.channel.nio.NioEventLoop.processSelectedKeysOptimized(NioEventLoop.java:579)
	at org.apache.ratis.thirdparty.io.netty.channel.nio.NioEventLoop.processSelectedKeys(NioEventLoop.java:496)
	at org.apache.ratis.thirdparty.io.netty.channel.nio.NioEventLoop.run(NioEventLoop.java:458)
	at org.apache.ratis.thirdparty.io.netty.util.concurrent.SingleThreadEventExecutor$5.run(SingleThreadEventExecutor.java:897)
	at org.apache.ratis.thirdparty.io.netty.util.concurrent.FastThreadLocalRunnable.run(FastThreadLocalRunnable.java:30)
	... 1 more
Caused by: java.net.ConnectException: Connection refused
	... 11 more
2019-10-02 17:54:07,001 [dc00436c-138b-406c-8f35-4d0b5c3754bc@group-C857BDC09BA5-LeaderElection21] INFO  impl.LeaderElection (LogUtils.java:infoOrTrace(149)) - dc00436c-138b-406c-8f35-4d0b5c3754bc@group-C857BDC09BA5-LeaderElection21 got exception when requesting votes: {}
java.util.concurrent.ExecutionException: org.apache.ratis.thirdparty.io.grpc.StatusRuntimeException: UNAVAILABLE: io exception
	at java.util.concurrent.FutureTask.report(FutureTask.java:122)
	at java.util.concurrent.FutureTask.get(FutureTask.java:192)
	at org.apache.ratis.server.impl.LeaderElection.waitForResults(LeaderElection.java:259)
	at org.apache.ratis.server.impl.LeaderElection.askForVotes(LeaderElection.java:197)
	at org.apache.ratis.server.impl.LeaderElection.run(LeaderElection.java:133)
	at java.lang.Thread.run(Thread.java:748)
Caused by: org.apache.ratis.thirdparty.io.grpc.StatusRuntimeException: UNAVAILABLE: io exception
	at org.apache.ratis.thirdparty.io.grpc.stub.ClientCalls.toStatusRuntimeException(ClientCalls.java:233)
	at org.apache.ratis.thirdparty.io.grpc.stub.ClientCalls.getUnchecked(ClientCalls.java:214)
	at org.apache.ratis.thirdparty.io.grpc.stub.ClientCalls.blockingUnaryCall(ClientCalls.java:139)
	at org.apache.ratis.proto.grpc.RaftServerProtocolServiceGrpc$RaftServerProtocolServiceBlockingStub.requestVote(RaftServerProtocolServiceGrpc.java:265)
	at org.apache.ratis.grpc.server.GrpcServerProtocolClient.requestVote(GrpcServerProtocolClient.java:99)
	at org.apache.ratis.grpc.server.GrpcService.requestVote(GrpcService.java:204)
	at org.apache.ratis.server.impl.LeaderElection.lambda$submitRequests$1(LeaderElection.java:234)
	at java.util.concurrent.FutureTask.run(FutureTask.java:266)
	at java.util.concurrent.Executors$RunnableAdapter.call(Executors.java:511)
	at java.util.concurrent.FutureTask.run(FutureTask.java:266)
	at java.util.concurrent.ThreadPoolExecutor.runWorker(ThreadPoolExecutor.java:1149)
	at java.util.concurrent.ThreadPoolExecutor$Worker.run(ThreadPoolExecutor.java:624)
	... 1 more
Caused by: org.apache.ratis.thirdparty.io.netty.channel.AbstractChannel$AnnotatedConnectException: Connection refused: /192.168.151.72:42212
	at sun.nio.ch.SocketChannelImpl.checkConnect(Native Method)
	at sun.nio.ch.SocketChannelImpl.finishConnect(SocketChannelImpl.java:717)
	at org.apache.ratis.thirdparty.io.netty.channel.socket.nio.NioSocketChannel.doFinishConnect(NioSocketChannel.java:327)
	at org.apache.ratis.thirdparty.io.netty.channel.nio.AbstractNioChannel$AbstractNioUnsafe.finishConnect(AbstractNioChannel.java:340)
	at org.apache.ratis.thirdparty.io.netty.channel.nio.NioEventLoop.processSelectedKey(NioEventLoop.java:632)
	at org.apache.ratis.thirdparty.io.netty.channel.nio.NioEventLoop.processSelectedKeysOptimized(NioEventLoop.java:579)
	at org.apache.ratis.thirdparty.io.netty.channel.nio.NioEventLoop.processSelectedKeys(NioEventLoop.java:496)
	at org.apache.ratis.thirdparty.io.netty.channel.nio.NioEventLoop.run(NioEventLoop.java:458)
	at org.apache.ratis.thirdparty.io.netty.util.concurrent.SingleThreadEventExecutor$5.run(SingleThreadEventExecutor.java:897)
	at org.apache.ratis.thirdparty.io.netty.util.concurrent.FastThreadLocalRunnable.run(FastThreadLocalRunnable.java:30)
	... 1 more
Caused by: java.net.ConnectException: Connection refused
	... 11 more
2019-10-02 17:54:07,003 [dc00436c-138b-406c-8f35-4d0b5c3754bc@group-C857BDC09BA5-LeaderElection21] INFO  impl.LeaderElection (LeaderElection.java:logAndReturn(56)) - dc00436c-138b-406c-8f35-4d0b5c3754bc@group-C857BDC09BA5-LeaderElection21: Election REJECTED; received 0 response(s) [] and 2 exception(s); dc00436c-138b-406c-8f35-4d0b5c3754bc@group-C857BDC09BA5:t3, leader=null, voted=dc00436c-138b-406c-8f35-4d0b5c3754bc, raftlog=dc00436c-138b-406c-8f35-4d0b5c3754bc@group-C857BDC09BA5-SegmentedRaftLog:OPENED:c0,f0,i0, conf=0: [dc00436c-138b-406c-8f35-4d0b5c3754bc:192.168.151.72:35612, 8182f27e-27c9-4a2f-8b1e-959753d76c58:192.168.151.72:43142, cde4f2ee-ebe5-4cd0-b57a-bd620480943f:192.168.151.72:42212], old=null
2019-10-02 17:54:07,003 [dc00436c-138b-406c-8f35-4d0b5c3754bc@group-C857BDC09BA5-LeaderElection21] INFO  impl.LeaderElection (LogUtils.java:infoOrTrace(149)) -   Exception 0: {}
java.util.concurrent.ExecutionException: org.apache.ratis.thirdparty.io.grpc.StatusRuntimeException: UNAVAILABLE: io exception
	at java.util.concurrent.FutureTask.report(FutureTask.java:122)
	at java.util.concurrent.FutureTask.get(FutureTask.java:192)
	at org.apache.ratis.server.impl.LeaderElection.waitForResults(LeaderElection.java:259)
	at org.apache.ratis.server.impl.LeaderElection.askForVotes(LeaderElection.java:197)
	at org.apache.ratis.server.impl.LeaderElection.run(LeaderElection.java:133)
	at java.lang.Thread.run(Thread.java:748)
Caused by: org.apache.ratis.thirdparty.io.grpc.StatusRuntimeException: UNAVAILABLE: io exception
	at org.apache.ratis.thirdparty.io.grpc.stub.ClientCalls.toStatusRuntimeException(ClientCalls.java:233)
	at org.apache.ratis.thirdparty.io.grpc.stub.ClientCalls.getUnchecked(ClientCalls.java:214)
	at org.apache.ratis.thirdparty.io.grpc.stub.ClientCalls.blockingUnaryCall(ClientCalls.java:139)
	at org.apache.ratis.proto.grpc.RaftServerProtocolServiceGrpc$RaftServerProtocolServiceBlockingStub.requestVote(RaftServerProtocolServiceGrpc.java:265)
	at org.apache.ratis.grpc.server.GrpcServerProtocolClient.requestVote(GrpcServerProtocolClient.java:99)
	at org.apache.ratis.grpc.server.GrpcService.requestVote(GrpcService.java:204)
	at org.apache.ratis.server.impl.LeaderElection.lambda$submitRequests$1(LeaderElection.java:234)
	at java.util.concurrent.FutureTask.run(FutureTask.java:266)
	at java.util.concurrent.Executors$RunnableAdapter.call(Executors.java:511)
	at java.util.concurrent.FutureTask.run(FutureTask.java:266)
	at java.util.concurrent.ThreadPoolExecutor.runWorker(ThreadPoolExecutor.java:1149)
	at java.util.concurrent.ThreadPoolExecutor$Worker.run(ThreadPoolExecutor.java:624)
	... 1 more
Caused by: org.apache.ratis.thirdparty.io.netty.channel.AbstractChannel$AnnotatedConnectException: Connection refused: /192.168.151.72:43142
	at sun.nio.ch.SocketChannelImpl.checkConnect(Native Method)
	at sun.nio.ch.SocketChannelImpl.finishConnect(SocketChannelImpl.java:717)
	at org.apache.ratis.thirdparty.io.netty.channel.socket.nio.NioSocketChannel.doFinishConnect(NioSocketChannel.java:327)
	at org.apache.ratis.thirdparty.io.netty.channel.nio.AbstractNioChannel$AbstractNioUnsafe.finishConnect(AbstractNioChannel.java:340)
	at org.apache.ratis.thirdparty.io.netty.channel.nio.NioEventLoop.processSelectedKey(NioEventLoop.java:632)
	at org.apache.ratis.thirdparty.io.netty.channel.nio.NioEventLoop.processSelectedKeysOptimized(NioEventLoop.java:579)
	at org.apache.ratis.thirdparty.io.netty.channel.nio.NioEventLoop.processSelectedKeys(NioEventLoop.java:496)
	at org.apache.ratis.thirdparty.io.netty.channel.nio.NioEventLoop.run(NioEventLoop.java:458)
	at org.apache.ratis.thirdparty.io.netty.util.concurrent.SingleThreadEventExecutor$5.run(SingleThreadEventExecutor.java:897)
	at org.apache.ratis.thirdparty.io.netty.util.concurrent.FastThreadLocalRunnable.run(FastThreadLocalRunnable.java:30)
	... 1 more
Caused by: java.net.ConnectException: Connection refused
	... 11 more
2019-10-02 17:54:07,003 [dc00436c-138b-406c-8f35-4d0b5c3754bc@group-C857BDC09BA5-LeaderElection21] INFO  impl.LeaderElection (LogUtils.java:infoOrTrace(149)) -   Exception 1: {}
java.util.concurrent.ExecutionException: org.apache.ratis.thirdparty.io.grpc.StatusRuntimeException: UNAVAILABLE: io exception
	at java.util.concurrent.FutureTask.report(FutureTask.java:122)
	at java.util.concurrent.FutureTask.get(FutureTask.java:192)
	at org.apache.ratis.server.impl.LeaderElection.waitForResults(LeaderElection.java:259)
	at org.apache.ratis.server.impl.LeaderElection.askForVotes(LeaderElection.java:197)
	at org.apache.ratis.server.impl.LeaderElection.run(LeaderElection.java:133)
	at java.lang.Thread.run(Thread.java:748)
Caused by: org.apache.ratis.thirdparty.io.grpc.StatusRuntimeException: UNAVAILABLE: io exception
	at org.apache.ratis.thirdparty.io.grpc.stub.ClientCalls.toStatusRuntimeException(ClientCalls.java:233)
	at org.apache.ratis.thirdparty.io.grpc.stub.ClientCalls.getUnchecked(ClientCalls.java:214)
	at org.apache.ratis.thirdparty.io.grpc.stub.ClientCalls.blockingUnaryCall(ClientCalls.java:139)
	at org.apache.ratis.proto.grpc.RaftServerProtocolServiceGrpc$RaftServerProtocolServiceBlockingStub.requestVote(RaftServerProtocolServiceGrpc.java:265)
	at org.apache.ratis.grpc.server.GrpcServerProtocolClient.requestVote(GrpcServerProtocolClient.java:99)
	at org.apache.ratis.grpc.server.GrpcService.requestVote(GrpcService.java:204)
	at org.apache.ratis.server.impl.LeaderElection.lambda$submitRequests$1(LeaderElection.java:234)
	at java.util.concurrent.FutureTask.run(FutureTask.java:266)
	at java.util.concurrent.Executors$RunnableAdapter.call(Executors.java:511)
	at java.util.concurrent.FutureTask.run(FutureTask.java:266)
	at java.util.concurrent.ThreadPoolExecutor.runWorker(ThreadPoolExecutor.java:1149)
	at java.util.concurrent.ThreadPoolExecutor$Worker.run(ThreadPoolExecutor.java:624)
	... 1 more
Caused by: org.apache.ratis.thirdparty.io.netty.channel.AbstractChannel$AnnotatedConnectException: Connection refused: /192.168.151.72:42212
	at sun.nio.ch.SocketChannelImpl.checkConnect(Native Method)
	at sun.nio.ch.SocketChannelImpl.finishConnect(SocketChannelImpl.java:717)
	at org.apache.ratis.thirdparty.io.netty.channel.socket.nio.NioSocketChannel.doFinishConnect(NioSocketChannel.java:327)
	at org.apache.ratis.thirdparty.io.netty.channel.nio.AbstractNioChannel$AbstractNioUnsafe.finishConnect(AbstractNioChannel.java:340)
	at org.apache.ratis.thirdparty.io.netty.channel.nio.NioEventLoop.processSelectedKey(NioEventLoop.java:632)
	at org.apache.ratis.thirdparty.io.netty.channel.nio.NioEventLoop.processSelectedKeysOptimized(NioEventLoop.java:579)
	at org.apache.ratis.thirdparty.io.netty.channel.nio.NioEventLoop.processSelectedKeys(NioEventLoop.java:496)
	at org.apache.ratis.thirdparty.io.netty.channel.nio.NioEventLoop.run(NioEventLoop.java:458)
	at org.apache.ratis.thirdparty.io.netty.util.concurrent.SingleThreadEventExecutor$5.run(SingleThreadEventExecutor.java:897)
	at org.apache.ratis.thirdparty.io.netty.util.concurrent.FastThreadLocalRunnable.run(FastThreadLocalRunnable.java:30)
	... 1 more
Caused by: java.net.ConnectException: Connection refused
	... 11 more
2019-10-02 17:54:07,004 [dc00436c-138b-406c-8f35-4d0b5c3754bc@group-C857BDC09BA5-LeaderElection21] INFO  impl.RaftServerImpl (RaftServerImpl.java:setRole(170)) - dc00436c-138b-406c-8f35-4d0b5c3754bc@group-C857BDC09BA5: changes role from CANDIDATE to FOLLOWER at term 3 for DISCOVERED_A_NEW_TERM
2019-10-02 17:54:07,004 [dc00436c-138b-406c-8f35-4d0b5c3754bc@group-C857BDC09BA5-LeaderElection21] INFO  impl.RoleInfo (RoleInfo.java:shutdownLeaderElection(134)) - dc00436c-138b-406c-8f35-4d0b5c3754bc: shutdown LeaderElection
2019-10-02 17:54:07,004 [dc00436c-138b-406c-8f35-4d0b5c3754bc@group-C857BDC09BA5-LeaderElection21] INFO  impl.RoleInfo (RoleInfo.java:updateAndGet(143)) - dc00436c-138b-406c-8f35-4d0b5c3754bc: start FollowerState
2019-10-02 17:54:11,005 [ForkJoinPool.commonPool-worker-0] INFO  ozoneimpl.OzoneContainer (OzoneContainer.java:stop(231)) - Attempting to stop container services.
2019-10-02 17:54:11,011 [ForkJoinPool.commonPool-worker-0] INFO  impl.RaftServerProxy (RaftServerProxy.java:lambda$close$4(314)) - dc00436c-138b-406c-8f35-4d0b5c3754bc: close
2019-10-02 17:54:11,012 [ForkJoinPool.commonPool-worker-0] INFO  impl.RaftServerImpl (RaftServerImpl.java:lambda$shutdown$3(247)) - dc00436c-138b-406c-8f35-4d0b5c3754bc@group-FC50F9FAE811: shutdown
2019-10-02 17:54:11,012 [ForkJoinPool.commonPool-worker-0] INFO  util.JmxRegister (JmxRegister.java:unregister(73)) - Successfully un-registered JMX Bean with object name Ratis:service=RaftServer,group=group-FC50F9FAE811,id=dc00436c-138b-406c-8f35-4d0b5c3754bc
2019-10-02 17:54:11,013 [ForkJoinPool.commonPool-worker-0] INFO  impl.RoleInfo (RoleInfo.java:shutdownLeaderState(104)) - dc00436c-138b-406c-8f35-4d0b5c3754bc: shutdown LeaderState
2019-10-02 17:54:11,013 [ForkJoinPool.commonPool-worker-0] INFO  impl.PendingRequests (PendingRequests.java:sendNotLeaderResponses(202)) - dc00436c-138b-406c-8f35-4d0b5c3754bc@group-FC50F9FAE811-PendingRequests: sendNotLeaderResponses
2019-10-02 17:54:11,014 [ForkJoinPool.commonPool-worker-0] INFO  impl.StateMachineUpdater (StateMachineUpdater.java:stopAndJoin(136)) - dc00436c-138b-406c-8f35-4d0b5c3754bc@group-FC50F9FAE811-StateMachineUpdater: set stopIndex = 0
2019-10-02 17:54:11,015 [ForkJoinPool.commonPool-worker-0] INFO  impl.RaftServerImpl (ServerState.java:close(387)) - dc00436c-138b-406c-8f35-4d0b5c3754bc@group-FC50F9FAE811: closes. applyIndex: 0
2019-10-02 17:54:11,016 [dc00436c-138b-406c-8f35-4d0b5c3754bc@group-FC50F9FAE811-SegmentedRaftLogWorker] INFO  segmented.SegmentedRaftLogWorker (SegmentedRaftLogWorker.java:run(316)) - dc00436c-138b-406c-8f35-4d0b5c3754bc@group-FC50F9FAE811-SegmentedRaftLogWorker was interrupted, exiting. There are 0 tasks remaining in the queue.
2019-10-02 17:54:11,016 [ForkJoinPool.commonPool-worker-0] INFO  segmented.SegmentedRaftLogWorker (SegmentedRaftLogWorker.java:close(224)) - dc00436c-138b-406c-8f35-4d0b5c3754bc@group-FC50F9FAE811-SegmentedRaftLogWorker close()
2019-10-02 17:54:11,017 [ForkJoinPool.commonPool-worker-0] INFO  impl.RaftServerImpl (RaftServerImpl.java:lambda$shutdown$3(247)) - dc00436c-138b-406c-8f35-4d0b5c3754bc@group-C857BDC09BA5: shutdown
2019-10-02 17:54:11,017 [ForkJoinPool.commonPool-worker-0] INFO  util.JmxRegister (JmxRegister.java:unregister(73)) - Successfully un-registered JMX Bean with object name Ratis:service=RaftServer,group=group-C857BDC09BA5,id=dc00436c-138b-406c-8f35-4d0b5c3754bc
2019-10-02 17:54:11,017 [ForkJoinPool.commonPool-worker-0] INFO  impl.RoleInfo (RoleInfo.java:shutdownFollowerState(121)) - dc00436c-138b-406c-8f35-4d0b5c3754bc: shutdown FollowerState
2019-10-02 17:54:11,018 [ForkJoinPool.commonPool-worker-0] INFO  impl.StateMachineUpdater (StateMachineUpdater.java:stopAndJoin(136)) - dc00436c-138b-406c-8f35-4d0b5c3754bc@group-C857BDC09BA5-StateMachineUpdater: set stopIndex = 0
2019-10-02 17:54:11,018 [Thread-1257] INFO  impl.FollowerState (FollowerState.java:run(117)) - dc00436c-138b-406c-8f35-4d0b5c3754bc@group-C857BDC09BA5-FollowerState was interrupted: java.lang.InterruptedException: sleep interrupted
2019-10-02 17:54:11,019 [ForkJoinPool.commonPool-worker-0] INFO  impl.RaftServerImpl (ServerState.java:close(387)) - dc00436c-138b-406c-8f35-4d0b5c3754bc@group-C857BDC09BA5: closes. applyIndex: 0
2019-10-02 17:54:11,020 [dc00436c-138b-406c-8f35-4d0b5c3754bc@group-C857BDC09BA5-SegmentedRaftLogWorker] INFO  segmented.SegmentedRaftLogWorker (SegmentedRaftLogWorker.java:run(316)) - dc00436c-138b-406c-8f35-4d0b5c3754bc@group-C857BDC09BA5-SegmentedRaftLogWorker was interrupted, exiting. There are 0 tasks remaining in the queue.
2019-10-02 17:54:11,020 [ForkJoinPool.commonPool-worker-0] INFO  segmented.SegmentedRaftLogWorker (SegmentedRaftLogWorker.java:close(224)) - dc00436c-138b-406c-8f35-4d0b5c3754bc@group-C857BDC09BA5-SegmentedRaftLogWorker close()
2019-10-02 17:54:11,021 [ForkJoinPool.commonPool-worker-0] INFO  server.GrpcService (GrpcService.java:closeImpl(164)) - dc00436c-138b-406c-8f35-4d0b5c3754bc: shutdown server with port 35612 now
2019-10-02 17:54:11,024 [ForkJoinPool.commonPool-worker-0] INFO  server.GrpcService (GrpcService.java:closeImpl(172)) - dc00436c-138b-406c-8f35-4d0b5c3754bc: shutdown server with port 35612 successfully
2019-10-02 17:54:11,030 [refreshUsed-/workdir/hadoop-ozone/integration-test/target/test-dir/MiniOzoneClusterImpl-d02e41fa-f6e1-4cca-b896-e100a645b5cc/datanode-5/data/containers] WARN  fs.CachingGetSpaceUsed (CachingGetSpaceUsed.java:run(183)) - Thread Interrupted waiting to refresh disk information: sleep interrupted
2019-10-02 17:54:11,057 [ForkJoinPool.commonPool-worker-0] INFO  utils.BackgroundService (BackgroundService.java:shutdown(148)) - Shutting down service BlockDeletingService
2019-10-02 17:54:11,061 [ForkJoinPool.commonPool-worker-0] INFO  statemachine.DatanodeStateMachine (DatanodeStateMachine.java:stopDaemon(395)) - Ozone container server stopped.
2019-10-02 17:54:11,066 [ForkJoinPool.commonPool-worker-0] INFO  handler.ContextHandler (ContextHandler.java:doStop(910)) - Stopped o.e.j.w.WebAppContext@2a4f5433{/,null,UNAVAILABLE}{/hddsDatanode}
2019-10-02 17:54:11,067 [ForkJoinPool.commonPool-worker-0] INFO  server.AbstractConnector (AbstractConnector.java:doStop(318)) - Stopped ServerConnector@6812fa3a{HTTP/1.1,[http/1.1]}{0.0.0.0:0}
2019-10-02 17:54:11,068 [ForkJoinPool.commonPool-worker-0] INFO  handler.ContextHandler (ContextHandler.java:doStop(910)) - Stopped o.e.j.s.ServletContextHandler@3c83468e{/static,jar:file:/home/user/.m2/repository/org/apache/hadoop/hadoop-hdds-container-service/0.5.0-SNAPSHOT/hadoop-hdds-container-service-0.5.0-SNAPSHOT.jar!/webapps/static,UNAVAILABLE}
2019-10-02 17:54:11,070 [ForkJoinPool.commonPool-worker-0] INFO  handler.ContextHandler (ContextHandler.java:doStop(910)) - Stopped o.e.j.s.ServletContextHandler@3aa41da1{/logs,file:///workdir/hadoop-ozone/integration-test/target/log,UNAVAILABLE}
2019-10-02 17:54:11,071 [main] INFO  ozone.MiniOzoneClusterImpl (MiniOzoneClusterImpl.java:stopSCM(392)) - Stopping the StorageContainerManager
2019-10-02 17:54:11,071 [main] INFO  server.StorageContainerManager (StorageContainerManager.java:stop(808)) - Stopping Replication Manager Service.
2019-10-02 17:54:11,071 [main] INFO  container.ReplicationManager (ReplicationManager.java:stop(203)) - Stopping Replication Monitor Thread.
2019-10-02 17:54:11,071 [main] INFO  server.StorageContainerManager (StorageContainerManager.java:stop(815)) - Stopping Lease Manager of the command watchers
2019-10-02 17:54:11,072 [main] INFO  server.StorageContainerManager (StorageContainerManager.java:stop(822)) - Stopping datanode service RPC server
2019-10-02 17:54:11,072 [main] INFO  server.SCMDatanodeProtocolServer (SCMDatanodeProtocolServer.java:stop(367)) - Stopping the RPC server for DataNodes
2019-10-02 17:54:11,072 [main] INFO  ipc.Server (Server.java:stop(3082)) - Stopping server on 45202
2019-10-02 17:54:11,074 [IPC Server listener on 45202] INFO  ipc.Server (Server.java:run(1185)) - Stopping IPC Server listener on 45202
2019-10-02 17:54:11,075 [IPC Server Responder] INFO  ipc.Server (Server.java:run(1319)) - Stopping IPC Server Responder
2019-10-02 17:54:11,236 [SCM Heartbeat Processing Thread - 0] WARN  node.NodeStateManager (NodeStateManager.java:scheduleNextHealthCheck(646)) - Current Thread is interrupted, shutting down HB processing thread for Node Manager.
2019-10-02 17:54:11,255 [main] INFO  server.StorageContainerManager (StorageContainerManager.java:stop(830)) - Stopping block service RPC server
2019-10-02 17:54:11,304 [main] INFO  server.SCMBlockProtocolServer (SCMBlockProtocolServer.java:stop(155)) - Stopping the RPC server for Block Protocol
2019-10-02 17:54:11,304 [main] INFO  ipc.Server (Server.java:stop(3082)) - Stopping server on 36913
2019-10-02 17:54:11,334 [IPC Server listener on 36913] INFO  ipc.Server (Server.java:run(1185)) - Stopping IPC Server listener on 36913
2019-10-02 17:54:11,334 [main] INFO  server.StorageContainerManager (StorageContainerManager.java:stop(837)) - Stopping the StorageContainerLocationProtocol RPC server
2019-10-02 17:54:11,336 [IPC Server Responder] INFO  ipc.Server (Server.java:run(1319)) - Stopping IPC Server Responder
2019-10-02 17:54:11,345 [main] INFO  server.SCMClientProtocolServer (SCMClientProtocolServer.java:stop(158)) - Stopping the RPC server for Client Protocol
2019-10-02 17:54:11,346 [main] INFO  ipc.Server (Server.java:stop(3082)) - Stopping server on 38394
2019-10-02 17:54:11,348 [IPC Server listener on 38394] INFO  ipc.Server (Server.java:run(1185)) - Stopping IPC Server listener on 38394
2019-10-02 17:54:11,348 [main] INFO  server.StorageContainerManager (StorageContainerManager.java:stop(844)) - Stopping Storage Container Manager HTTP server.
2019-10-02 17:54:11,348 [IPC Server Responder] INFO  ipc.Server (Server.java:run(1319)) - Stopping IPC Server Responder
2019-10-02 17:54:11,349 [main] INFO  handler.ContextHandler (ContextHandler.java:doStop(910)) - Stopped o.e.j.w.WebAppContext@780ec4a5{/,null,UNAVAILABLE}{/scm}
2019-10-02 17:54:11,349 [main] INFO  server.AbstractConnector (AbstractConnector.java:doStop(318)) - Stopped ServerConnector@23a9ba52{HTTP/1.1,[http/1.1]}{0.0.0.0:0}
2019-10-02 17:54:11,350 [main] INFO  handler.ContextHandler (ContextHandler.java:doStop(910)) - Stopped o.e.j.s.ServletContextHandler@ebb6851{/static,file:///workdir/hadoop-ozone/integration-test/target/test-classes/webapps/static,UNAVAILABLE}
2019-10-02 17:54:11,350 [main] INFO  handler.ContextHandler (ContextHandler.java:doStop(910)) - Stopped o.e.j.s.ServletContextHandler@61e94def{/logs,file:///workdir/hadoop-ozone/integration-test/target/log,UNAVAILABLE}
2019-10-02 17:54:11,351 [main] INFO  server.StorageContainerManager (StorageContainerManager.java:stop(855)) - Stopping Block Manager Service.
2019-10-02 17:54:11,351 [main] INFO  utils.BackgroundService (BackgroundService.java:shutdown(148)) - Shutting down service SCMBlockDeletingService
2019-10-02 17:54:11,352 [main] INFO  utils.BackgroundService (BackgroundService.java:shutdown(148)) - Shutting down service SCMBlockDeletingService
2019-10-02 17:54:11,352 [main] INFO  server.StorageContainerManager (StorageContainerManager.java:stop(877)) - Stopping SCM Event Queue.
2019-10-02 17:54:11,359 [main] INFO  impl.MetricsSystemImpl (MetricsSystemImpl.java:stop(210)) - Stopping XceiverClientMetrics metrics system...
2019-10-02 17:54:11,369 [prometheus] INFO  impl.MetricsSinkAdapter (MetricsSinkAdapter.java:publishMetricsFromQueue(141)) - prometheus thread interrupted.
2019-10-02 17:54:11,369 [main] INFO  impl.MetricsSystemImpl (MetricsSystemImpl.java:stop(216)) - XceiverClientMetrics metrics system stopped.
]]></system-out>
    <system-err><![CDATA[ERROR StatusLogger No Log4j 2 configuration file found. Using default configuration (logging only errors to the console), or user programmatically provided configurations. Set system property 'log4j2.debug' to show Log4j 2 internal initialization logging. See https://logging.apache.org/log4j/2.x/manual/configuration.html for instructions on how to configure Log4j 2
Oct 02, 2019 5:50:17 PM org.apache.ratis.thirdparty.io.grpc.netty.NettyServerHandler onStreamError
WARNING: Stream Error
org.apache.ratis.thirdparty.io.netty.handler.codec.http2.Http2Exception$StreamException: Received DATA frame for an unknown stream 3
	at org.apache.ratis.thirdparty.io.netty.handler.codec.http2.Http2Exception.streamError(Http2Exception.java:129)
	at org.apache.ratis.thirdparty.io.netty.handler.codec.http2.DefaultHttp2ConnectionDecoder$FrameReadListener.shouldIgnoreHeadersOrDataFrame(DefaultHttp2ConnectionDecoder.java:531)
	at org.apache.ratis.thirdparty.io.netty.handler.codec.http2.DefaultHttp2ConnectionDecoder$FrameReadListener.onDataRead(DefaultHttp2ConnectionDecoder.java:183)
	at org.apache.ratis.thirdparty.io.netty.handler.codec.http2.Http2InboundFrameLogger$1.onDataRead(Http2InboundFrameLogger.java:48)
	at org.apache.ratis.thirdparty.io.netty.handler.codec.http2.DefaultHttp2FrameReader.readDataFrame(DefaultHttp2FrameReader.java:421)
	at org.apache.ratis.thirdparty.io.netty.handler.codec.http2.DefaultHttp2FrameReader.processPayloadState(DefaultHttp2FrameReader.java:251)
	at org.apache.ratis.thirdparty.io.netty.handler.codec.http2.DefaultHttp2FrameReader.readFrame(DefaultHttp2FrameReader.java:160)
	at org.apache.ratis.thirdparty.io.netty.handler.codec.http2.Http2InboundFrameLogger.readFrame(Http2InboundFrameLogger.java:41)
	at org.apache.ratis.thirdparty.io.netty.handler.codec.http2.DefaultHttp2ConnectionDecoder.decodeFrame(DefaultHttp2ConnectionDecoder.java:118)
	at org.apache.ratis.thirdparty.io.netty.handler.codec.http2.Http2ConnectionHandler$FrameDecoder.decode(Http2ConnectionHandler.java:390)
	at org.apache.ratis.thirdparty.io.netty.handler.codec.http2.Http2ConnectionHandler.decode(Http2ConnectionHandler.java:450)
	at org.apache.ratis.thirdparty.io.netty.handler.codec.ByteToMessageDecoder.decodeRemovalReentryProtection(ByteToMessageDecoder.java:502)
	at org.apache.ratis.thirdparty.io.netty.handler.codec.ByteToMessageDecoder.callDecode(ByteToMessageDecoder.java:441)
	at org.apache.ratis.thirdparty.io.netty.handler.codec.ByteToMessageDecoder.channelRead(ByteToMessageDecoder.java:278)
	at org.apache.ratis.thirdparty.io.netty.channel.AbstractChannelHandlerContext.invokeChannelRead(AbstractChannelHandlerContext.java:362)
	at org.apache.ratis.thirdparty.io.netty.channel.AbstractChannelHandlerContext.invokeChannelRead(AbstractChannelHandlerContext.java:348)
	at org.apache.ratis.thirdparty.io.netty.channel.AbstractChannelHandlerContext.fireChannelRead(AbstractChannelHandlerContext.java:340)
	at org.apache.ratis.thirdparty.io.netty.channel.DefaultChannelPipeline$HeadContext.channelRead(DefaultChannelPipeline.java:1434)
	at org.apache.ratis.thirdparty.io.netty.channel.AbstractChannelHandlerContext.invokeChannelRead(AbstractChannelHandlerContext.java:362)
	at org.apache.ratis.thirdparty.io.netty.channel.AbstractChannelHandlerContext.invokeChannelRead(AbstractChannelHandlerContext.java:348)
	at org.apache.ratis.thirdparty.io.netty.channel.DefaultChannelPipeline.fireChannelRead(DefaultChannelPipeline.java:965)
	at org.apache.ratis.thirdparty.io.netty.channel.nio.AbstractNioByteChannel$NioByteUnsafe.read(AbstractNioByteChannel.java:163)
	at org.apache.ratis.thirdparty.io.netty.channel.nio.NioEventLoop.processSelectedKey(NioEventLoop.java:644)
	at org.apache.ratis.thirdparty.io.netty.channel.nio.NioEventLoop.processSelectedKeysOptimized(NioEventLoop.java:579)
	at org.apache.ratis.thirdparty.io.netty.channel.nio.NioEventLoop.processSelectedKeys(NioEventLoop.java:496)
	at org.apache.ratis.thirdparty.io.netty.channel.nio.NioEventLoop.run(NioEventLoop.java:458)
	at org.apache.ratis.thirdparty.io.netty.util.concurrent.SingleThreadEventExecutor$5.run(SingleThreadEventExecutor.java:897)
	at org.apache.ratis.thirdparty.io.netty.util.concurrent.FastThreadLocalRunnable.run(FastThreadLocalRunnable.java:30)
	at java.lang.Thread.run(Thread.java:748)

Oct 02, 2019 5:52:32 PM org.apache.ratis.thirdparty.io.grpc.netty.NettyServerHandler onStreamError
WARNING: Stream Error
org.apache.ratis.thirdparty.io.netty.handler.codec.http2.Http2Exception$StreamException: Received DATA frame for an unknown stream 3
	at org.apache.ratis.thirdparty.io.netty.handler.codec.http2.Http2Exception.streamError(Http2Exception.java:129)
	at org.apache.ratis.thirdparty.io.netty.handler.codec.http2.DefaultHttp2ConnectionDecoder$FrameReadListener.shouldIgnoreHeadersOrDataFrame(DefaultHttp2ConnectionDecoder.java:531)
	at org.apache.ratis.thirdparty.io.netty.handler.codec.http2.DefaultHttp2ConnectionDecoder$FrameReadListener.onDataRead(DefaultHttp2ConnectionDecoder.java:183)
	at org.apache.ratis.thirdparty.io.netty.handler.codec.http2.Http2InboundFrameLogger$1.onDataRead(Http2InboundFrameLogger.java:48)
	at org.apache.ratis.thirdparty.io.netty.handler.codec.http2.DefaultHttp2FrameReader.readDataFrame(DefaultHttp2FrameReader.java:421)
	at org.apache.ratis.thirdparty.io.netty.handler.codec.http2.DefaultHttp2FrameReader.processPayloadState(DefaultHttp2FrameReader.java:251)
	at org.apache.ratis.thirdparty.io.netty.handler.codec.http2.DefaultHttp2FrameReader.readFrame(DefaultHttp2FrameReader.java:160)
	at org.apache.ratis.thirdparty.io.netty.handler.codec.http2.Http2InboundFrameLogger.readFrame(Http2InboundFrameLogger.java:41)
	at org.apache.ratis.thirdparty.io.netty.handler.codec.http2.DefaultHttp2ConnectionDecoder.decodeFrame(DefaultHttp2ConnectionDecoder.java:118)
	at org.apache.ratis.thirdparty.io.netty.handler.codec.http2.Http2ConnectionHandler$FrameDecoder.decode(Http2ConnectionHandler.java:390)
	at org.apache.ratis.thirdparty.io.netty.handler.codec.http2.Http2ConnectionHandler.decode(Http2ConnectionHandler.java:450)
	at org.apache.ratis.thirdparty.io.netty.handler.codec.ByteToMessageDecoder.decodeRemovalReentryProtection(ByteToMessageDecoder.java:502)
	at org.apache.ratis.thirdparty.io.netty.handler.codec.ByteToMessageDecoder.callDecode(ByteToMessageDecoder.java:441)
	at org.apache.ratis.thirdparty.io.netty.handler.codec.ByteToMessageDecoder.channelRead(ByteToMessageDecoder.java:278)
	at org.apache.ratis.thirdparty.io.netty.channel.AbstractChannelHandlerContext.invokeChannelRead(AbstractChannelHandlerContext.java:362)
	at org.apache.ratis.thirdparty.io.netty.channel.AbstractChannelHandlerContext.invokeChannelRead(AbstractChannelHandlerContext.java:348)
	at org.apache.ratis.thirdparty.io.netty.channel.AbstractChannelHandlerContext.fireChannelRead(AbstractChannelHandlerContext.java:340)
	at org.apache.ratis.thirdparty.io.netty.channel.DefaultChannelPipeline$HeadContext.channelRead(DefaultChannelPipeline.java:1434)
	at org.apache.ratis.thirdparty.io.netty.channel.AbstractChannelHandlerContext.invokeChannelRead(AbstractChannelHandlerContext.java:362)
	at org.apache.ratis.thirdparty.io.netty.channel.AbstractChannelHandlerContext.invokeChannelRead(AbstractChannelHandlerContext.java:348)
	at org.apache.ratis.thirdparty.io.netty.channel.DefaultChannelPipeline.fireChannelRead(DefaultChannelPipeline.java:965)
	at org.apache.ratis.thirdparty.io.netty.channel.nio.AbstractNioByteChannel$NioByteUnsafe.read(AbstractNioByteChannel.java:163)
	at org.apache.ratis.thirdparty.io.netty.channel.nio.NioEventLoop.processSelectedKey(NioEventLoop.java:644)
	at org.apache.ratis.thirdparty.io.netty.channel.nio.NioEventLoop.processSelectedKeysOptimized(NioEventLoop.java:579)
	at org.apache.ratis.thirdparty.io.netty.channel.nio.NioEventLoop.processSelectedKeys(NioEventLoop.java:496)
	at org.apache.ratis.thirdparty.io.netty.channel.nio.NioEventLoop.run(NioEventLoop.java:458)
	at org.apache.ratis.thirdparty.io.netty.util.concurrent.SingleThreadEventExecutor$5.run(SingleThreadEventExecutor.java:897)
	at org.apache.ratis.thirdparty.io.netty.util.concurrent.FastThreadLocalRunnable.run(FastThreadLocalRunnable.java:30)
	at java.lang.Thread.run(Thread.java:748)

Oct 02, 2019 5:54:00 PM org.apache.ratis.thirdparty.io.grpc.internal.SerializingExecutor run
SEVERE: Exception while executing runnable org.apache.ratis.thirdparty.io.grpc.internal.ServerImpl$JumpToApplicationThreadServerStreamListener$1Closed@f9039a1
org.apache.ratis.thirdparty.io.grpc.StatusRuntimeException: CANCELLED: call already cancelled
	at org.apache.ratis.thirdparty.io.grpc.Status.asRuntimeException(Status.java:517)
	at org.apache.ratis.thirdparty.io.grpc.stub.ServerCalls$ServerCallStreamObserverImpl.onCompleted(ServerCalls.java:356)
	at org.apache.ratis.grpc.server.GrpcServerProtocolService$ServerRequestStreamObserver.onError(GrpcServerProtocolService.java:121)
	at org.apache.ratis.thirdparty.io.grpc.stub.ServerCalls$StreamingServerCallHandler$StreamingServerCallListener.onCancel(ServerCalls.java:269)
	at org.apache.ratis.thirdparty.io.grpc.internal.ServerCallImpl$ServerStreamListenerImpl.closed(ServerCallImpl.java:293)
	at org.apache.ratis.thirdparty.io.grpc.internal.ServerImpl$JumpToApplicationThreadServerStreamListener$1Closed.runInContext(ServerImpl.java:741)
	at org.apache.ratis.thirdparty.io.grpc.internal.ContextRunnable.run(ContextRunnable.java:37)
	at org.apache.ratis.thirdparty.io.grpc.internal.SerializingExecutor.run(SerializingExecutor.java:123)
	at java.util.concurrent.ThreadPoolExecutor.runWorker(ThreadPoolExecutor.java:1149)
	at java.util.concurrent.ThreadPoolExecutor$Worker.run(ThreadPoolExecutor.java:624)
	at java.lang.Thread.run(Thread.java:748)

]]></system-err>
  </testcase>
  <testcase name="testMaxRetriesByOzoneClient" classname="org.apache.hadoop.ozone.client.rpc.TestOzoneClientRetriesOnException" time="302.044">
    <error message="Retry request failed. retries get failed due to exceeded maximum allowed retries number: 3" type="java.io.IOException">java.io.IOException: Retry request failed. retries get failed due to exceeded maximum allowed retries number: 3
	at org.apache.hadoop.ozone.client.io.KeyOutputStream.handleRetry(KeyOutputStream.java:353)
	at org.apache.hadoop.ozone.client.io.KeyOutputStream.handleException(KeyOutputStream.java:324)
	at org.apache.hadoop.ozone.client.io.KeyOutputStream.handleWrite(KeyOutputStream.java:228)
	at org.apache.hadoop.ozone.client.io.KeyOutputStream.handleRetry(KeyOutputStream.java:375)
	at org.apache.hadoop.ozone.client.io.KeyOutputStream.handleException(KeyOutputStream.java:324)
	at org.apache.hadoop.ozone.client.io.KeyOutputStream.handleWrite(KeyOutputStream.java:228)
	at org.apache.hadoop.ozone.client.io.KeyOutputStream.handleRetry(KeyOutputStream.java:375)
	at org.apache.hadoop.ozone.client.io.KeyOutputStream.handleException(KeyOutputStream.java:324)
	at org.apache.hadoop.ozone.client.io.KeyOutputStream.handleWrite(KeyOutputStream.java:228)
	at org.apache.hadoop.ozone.client.io.KeyOutputStream.handleRetry(KeyOutputStream.java:375)
	at org.apache.hadoop.ozone.client.io.KeyOutputStream.handleException(KeyOutputStream.java:324)
	at org.apache.hadoop.ozone.client.io.KeyOutputStream.handleWrite(KeyOutputStream.java:228)
	at org.apache.hadoop.ozone.client.io.KeyOutputStream.write(KeyOutputStream.java:190)
	at org.apache.hadoop.ozone.client.io.OzoneOutputStream.write(OzoneOutputStream.java:49)
	at java.io.OutputStream.write(OutputStream.java:75)
	at org.apache.hadoop.ozone.client.rpc.TestOzoneClientRetriesOnException.testMaxRetriesByOzoneClient(TestOzoneClientRetriesOnException.java:195)
	at sun.reflect.NativeMethodAccessorImpl.invoke0(Native Method)
	at sun.reflect.NativeMethodAccessorImpl.invoke(NativeMethodAccessorImpl.java:62)
	at sun.reflect.DelegatingMethodAccessorImpl.invoke(DelegatingMethodAccessorImpl.java:43)
	at java.lang.reflect.Method.invoke(Method.java:498)
	at org.junit.runners.model.FrameworkMethod$1.runReflectiveCall(FrameworkMethod.java:47)
	at org.junit.internal.runners.model.ReflectiveCallable.run(ReflectiveCallable.java:12)
	at org.junit.runners.model.FrameworkMethod.invokeExplosively(FrameworkMethod.java:44)
	at org.junit.internal.runners.statements.InvokeMethod.evaluate(InvokeMethod.java:17)
	at org.junit.internal.runners.statements.RunBefores.evaluate(RunBefores.java:26)
	at org.junit.internal.runners.statements.RunAfters.evaluate(RunAfters.java:27)
	at org.junit.runners.ParentRunner.runLeaf(ParentRunner.java:271)
	at org.junit.runners.BlockJUnit4ClassRunner.runChild(BlockJUnit4ClassRunner.java:70)
	at org.junit.runners.BlockJUnit4ClassRunner.runChild(BlockJUnit4ClassRunner.java:50)
	at org.junit.runners.ParentRunner$3.run(ParentRunner.java:238)
	at org.junit.runners.ParentRunner$1.schedule(ParentRunner.java:63)
	at org.junit.runners.ParentRunner.runChildren(ParentRunner.java:236)
	at org.junit.runners.ParentRunner.access$000(ParentRunner.java:53)
	at org.junit.runners.ParentRunner$2.evaluate(ParentRunner.java:229)
	at org.junit.runners.ParentRunner.run(ParentRunner.java:309)
	at org.apache.maven.surefire.junit4.JUnit4Provider.execute(JUnit4Provider.java:365)
	at org.apache.maven.surefire.junit4.JUnit4Provider.executeWithRerun(JUnit4Provider.java:273)
	at org.apache.maven.surefire.junit4.JUnit4Provider.executeTestSet(JUnit4Provider.java:238)
	at org.apache.maven.surefire.junit4.JUnit4Provider.invoke(JUnit4Provider.java:159)
	at org.apache.maven.surefire.booter.ForkedBooter.invokeProviderInSameClassLoader(ForkedBooter.java:384)
	at org.apache.maven.surefire.booter.ForkedBooter.runSuitesInProcess(ForkedBooter.java:345)
	at org.apache.maven.surefire.booter.ForkedBooter.execute(ForkedBooter.java:126)
	at org.apache.maven.surefire.booter.ForkedBooter.main(ForkedBooter.java:418)
Caused by: java.io.IOException: Unexpected Storage Container Exception: java.util.concurrent.CompletionException: java.util.concurrent.CompletionException: org.apache.ratis.protocol.GroupMismatchException: b497eacb-55a3-4ffa-9375-3900e91065f4: group-3CA089F748F7 not found.
	at org.apache.hadoop.hdds.scm.storage.BlockOutputStream.setIoException(BlockOutputStream.java:541)
	at org.apache.hadoop.hdds.scm.storage.BlockOutputStream.lambda$writeChunkToContainer$3(BlockOutputStream.java:616)
	at java.util.concurrent.CompletableFuture.uniExceptionally(CompletableFuture.java:870)
	at java.util.concurrent.CompletableFuture$UniExceptionally.tryFire(CompletableFuture.java:852)
	at java.util.concurrent.CompletableFuture.postComplete(CompletableFuture.java:474)
	at java.util.concurrent.CompletableFuture.completeExceptionally(CompletableFuture.java:1977)
	at org.apache.ratis.client.impl.OrderedAsync$PendingOrderedRequest.fail(OrderedAsync.java:100)
	at org.apache.ratis.util.SlidingWindow$Client.fail(SlidingWindow.java:362)
	at org.apache.ratis.client.impl.OrderedAsync.failAllAsyncRequests(OrderedAsync.java:134)
	at org.apache.ratis.client.impl.OrderedAsync.lambda$sendRequest$10(OrderedAsync.java:244)
	at java.util.concurrent.CompletableFuture.uniExceptionally(CompletableFuture.java:870)
	at java.util.concurrent.CompletableFuture$UniExceptionally.tryFire(CompletableFuture.java:852)
	at java.util.concurrent.CompletableFuture.postComplete(CompletableFuture.java:474)
	at java.util.concurrent.CompletableFuture.completeExceptionally(CompletableFuture.java:1977)
	at org.apache.ratis.grpc.client.GrpcClientProtocolClient$AsyncStreamObservers.completeReplyExceptionally(GrpcClientProtocolClient.java:345)
	at org.apache.ratis.grpc.client.GrpcClientProtocolClient$AsyncStreamObservers.access$000(GrpcClientProtocolClient.java:261)
	at org.apache.ratis.grpc.client.GrpcClientProtocolClient$AsyncStreamObservers$1.onError(GrpcClientProtocolClient.java:290)
	at org.apache.ratis.thirdparty.io.grpc.stub.ClientCalls$StreamObserverToCallListenerAdapter.onClose(ClientCalls.java:434)
	at org.apache.ratis.thirdparty.io.grpc.PartialForwardingClientCallListener.onClose(PartialForwardingClientCallListener.java:39)
	at org.apache.ratis.thirdparty.io.grpc.ForwardingClientCallListener.onClose(ForwardingClientCallListener.java:23)
	at org.apache.ratis.thirdparty.io.grpc.ForwardingClientCallListener$SimpleForwardingClientCallListener.onClose(ForwardingClientCallListener.java:40)
	at org.apache.ratis.thirdparty.io.grpc.internal.CensusStatsModule$StatsClientInterceptor$1$1.onClose(CensusStatsModule.java:678)
	at org.apache.ratis.thirdparty.io.grpc.PartialForwardingClientCallListener.onClose(PartialForwardingClientCallListener.java:39)
	at org.apache.ratis.thirdparty.io.grpc.ForwardingClientCallListener.onClose(ForwardingClientCallListener.java:23)
	at org.apache.ratis.thirdparty.io.grpc.ForwardingClientCallListener$SimpleForwardingClientCallListener.onClose(ForwardingClientCallListener.java:40)
	at org.apache.ratis.thirdparty.io.grpc.internal.CensusTracingModule$TracingClientInterceptor$1$1.onClose(CensusTracingModule.java:397)
	at org.apache.ratis.thirdparty.io.grpc.internal.ClientCallImpl.closeObserver(ClientCallImpl.java:459)
	at org.apache.ratis.thirdparty.io.grpc.internal.ClientCallImpl.access$300(ClientCallImpl.java:63)
	at org.apache.ratis.thirdparty.io.grpc.internal.ClientCallImpl$ClientStreamListenerImpl.close(ClientCallImpl.java:546)
	at org.apache.ratis.thirdparty.io.grpc.internal.ClientCallImpl$ClientStreamListenerImpl.access$600(ClientCallImpl.java:467)
	at org.apache.ratis.thirdparty.io.grpc.internal.ClientCallImpl$ClientStreamListenerImpl$1StreamClosed.runInContext(ClientCallImpl.java:584)
	at org.apache.ratis.thirdparty.io.grpc.internal.ContextRunnable.run(ContextRunnable.java:37)
	at org.apache.ratis.thirdparty.io.grpc.internal.SerializingExecutor.run(SerializingExecutor.java:123)
	at java.util.concurrent.ThreadPoolExecutor.runWorker(ThreadPoolExecutor.java:1149)
	at java.util.concurrent.ThreadPoolExecutor$Worker.run(ThreadPoolExecutor.java:624)
	at java.lang.Thread.run(Thread.java:748)
Caused by: java.util.concurrent.CompletionException: java.util.concurrent.CompletionException: org.apache.ratis.protocol.GroupMismatchException: b497eacb-55a3-4ffa-9375-3900e91065f4: group-3CA089F748F7 not found.
	at org.apache.hadoop.hdds.scm.storage.BlockOutputStream.lambda$writeChunkToContainer$3(BlockOutputStream.java:615)
	... 34 more
Caused by: java.util.concurrent.CompletionException: org.apache.ratis.protocol.GroupMismatchException: b497eacb-55a3-4ffa-9375-3900e91065f4: group-3CA089F748F7 not found.
	at java.util.concurrent.CompletableFuture.encodeThrowable(CompletableFuture.java:292)
	at java.util.concurrent.CompletableFuture.completeThrowable(CompletableFuture.java:308)
	at java.util.concurrent.CompletableFuture.uniApply(CompletableFuture.java:593)
	at java.util.concurrent.CompletableFuture$UniApply.tryFire(CompletableFuture.java:577)
	... 32 more
Caused by: org.apache.ratis.protocol.GroupMismatchException: b497eacb-55a3-4ffa-9375-3900e91065f4: group-3CA089F748F7 not found.
	at org.apache.ratis.server.impl.RaftServerProxy$ImplMap.get(RaftServerProxy.java:122)
	at org.apache.ratis.server.impl.RaftServerProxy.getImplFuture(RaftServerProxy.java:269)
	at org.apache.ratis.server.impl.RaftServerProxy.submitRequest(RaftServerProxy.java:327)
	at org.apache.ratis.server.impl.RaftServerProxy.submitClientRequestAsync(RaftServerProxy.java:333)
	at org.apache.ratis.grpc.client.GrpcClientProtocolService$RequestStreamObserver.processClientRequest(GrpcClientProtocolService.java:220)
	at org.apache.ratis.grpc.client.GrpcClientProtocolService$OrderedRequestStreamObserver.processClientRequest(GrpcClientProtocolService.java:326)
	at org.apache.ratis.util.SlidingWindow$Server.processRequestsFromHead(SlidingWindow.java:429)
	at org.apache.ratis.util.SlidingWindow$Server.receivedRequest(SlidingWindow.java:421)
	at org.apache.ratis.grpc.client.GrpcClientProtocolService$OrderedRequestStreamObserver.processClientRequest(GrpcClientProtocolService.java:345)
	at org.apache.ratis.grpc.client.GrpcClientProtocolService$RequestStreamObserver.onNext(GrpcClientProtocolService.java:240)
	at org.apache.ratis.grpc.client.GrpcClientProtocolService$RequestStreamObserver.onNext(GrpcClientProtocolService.java:168)
	at org.apache.ratis.thirdparty.io.grpc.stub.ServerCalls$StreamingServerCallHandler$StreamingServerCallListener.onMessage(ServerCalls.java:248)
	at org.apache.ratis.thirdparty.io.grpc.internal.ServerCallImpl$ServerStreamListenerImpl.messagesAvailable(ServerCallImpl.java:263)
	at org.apache.ratis.thirdparty.io.grpc.internal.ServerImpl$JumpToApplicationThreadServerStreamListener$1MessagesAvailable.runInContext(ServerImpl.java:686)
	... 5 more
</error>
    <system-out><![CDATA[2019-10-02 17:54:11,430 [main] WARN  server.ServerUtils (ServerUtils.java:getScmDbDir(145)) - ozone.scm.db.dirs is not configured. We recommend adding this setting. Falling back to ozone.metadata.dirs instead.
2019-10-02 17:54:11,482 [main] WARN  server.ServerUtils (ServerUtils.java:getScmDbDir(145)) - ozone.scm.db.dirs is not configured. We recommend adding this setting. Falling back to ozone.metadata.dirs instead.
2019-10-02 17:54:11,483 [main] WARN  server.ServerUtils (ServerUtils.java:getScmDbDir(145)) - ozone.scm.db.dirs is not configured. We recommend adding this setting. Falling back to ozone.metadata.dirs instead.
2019-10-02 17:54:11,483 [main] INFO  db.DBStoreBuilder (DBStoreBuilder.java:addTable(110)) - using custom profile for table: deletedBlocks
2019-10-02 17:54:11,484 [main] INFO  db.DBStoreBuilder (DBStoreBuilder.java:processTables(161)) - Using default column profile:DBProfile.DISK for Table:deletedBlocks
2019-10-02 17:54:11,484 [main] INFO  db.DBStoreBuilder (DBStoreBuilder.java:addTable(110)) - using custom profile for table: validCerts
2019-10-02 17:54:11,484 [main] INFO  db.DBStoreBuilder (DBStoreBuilder.java:processTables(161)) - Using default column profile:DBProfile.DISK for Table:validCerts
2019-10-02 17:54:11,485 [main] INFO  db.DBStoreBuilder (DBStoreBuilder.java:addTable(110)) - using custom profile for table: revokedCerts
2019-10-02 17:54:11,485 [main] INFO  db.DBStoreBuilder (DBStoreBuilder.java:processTables(161)) - Using default column profile:DBProfile.DISK for Table:revokedCerts
2019-10-02 17:54:11,485 [main] INFO  db.DBStoreBuilder (DBStoreBuilder.java:addTable(110)) - using custom profile for table: default
2019-10-02 17:54:11,485 [main] INFO  db.DBStoreBuilder (DBStoreBuilder.java:processTables(167)) - Using default column profile:DBProfile.DISK for Table:default
2019-10-02 17:54:11,486 [main] INFO  db.DBStoreBuilder (DBStoreBuilder.java:getDbProfile(198)) - Using default options. DBProfile.DISK
2019-10-02 17:54:11,637 [main] INFO  net.NodeSchemaLoader (NodeSchemaLoader.java:loadSchemaFromFile(125)) - Loading file from sun.misc.CompoundEnumeration@2f74900b
2019-10-02 17:54:11,637 [main] INFO  net.NodeSchemaLoader (NodeSchemaLoader.java:loadSchema(171)) - Loading network topology layer schema file
2019-10-02 17:54:11,642 [main] WARN  server.ServerUtils (ServerUtils.java:sanitizeUserArgs(70)) - ozone.scm.stale.node.interval value = 300000 is larger than max = 100000 based on the key value of ozone.scm.heartbeat.thread.interval, reset to the max value 100000.
2019-10-02 17:54:11,642 [main] WARN  server.ServerUtils (ServerUtils.java:sanitizeUserArgs(70)) - ozone.scm.stale.node.interval value = 300000 is larger than max = 100000 based on the key value of ozone.scm.heartbeat.thread.interval, reset to the max value 100000.
2019-10-02 17:54:11,642 [main] INFO  node.SCMNodeManager (SCMNodeManager.java:<init>(114)) - Entering startup safe mode.
2019-10-02 17:54:11,643 [main] INFO  algorithms.ContainerPlacementPolicyFactory (ContainerPlacementPolicyFactory.java:getPolicy(57)) - Create container placement policy of type org.apache.hadoop.hdds.scm.container.placement.algorithms.SCMContainerPlacementRandom
2019-10-02 17:54:11,643 [main] WARN  server.ServerUtils (ServerUtils.java:getScmDbDir(145)) - ozone.scm.db.dirs is not configured. We recommend adding this setting. Falling back to ozone.metadata.dirs instead.
2019-10-02 17:54:11,664 [main] INFO  pipeline.SCMPipelineManager (SCMPipelineManager.java:initializePipelineState(132)) - No pipeline exists in current db
2019-10-02 17:54:11,664 [main] WARN  server.ServerUtils (ServerUtils.java:getScmDbDir(145)) - ozone.scm.db.dirs is not configured. We recommend adding this setting. Falling back to ozone.metadata.dirs instead.
2019-10-02 17:54:11,686 [main] WARN  events.EventQueue (EventQueue.java:fireEvent(183)) - No event handler registered for event TypedEvent{payloadType=SafeModeStatus, name='SafeModeStatus'}
2019-10-02 17:54:11,687 [main] INFO  ipc.CallQueueManager (CallQueueManager.java:<init>(84)) - Using callQueue: class java.util.concurrent.LinkedBlockingQueue, queueCapacity: 2000, scheduler: class org.apache.hadoop.ipc.DefaultRpcScheduler, ipcBackoff: false.
2019-10-02 17:54:11,688 [Socket Reader #1 for port 45386] INFO  ipc.Server (Server.java:run(1074)) - Starting Socket Reader #1 for port 45386
2019-10-02 17:54:11,690 [main] INFO  ipc.CallQueueManager (CallQueueManager.java:<init>(84)) - Using callQueue: class java.util.concurrent.LinkedBlockingQueue, queueCapacity: 2000, scheduler: class org.apache.hadoop.ipc.DefaultRpcScheduler, ipcBackoff: false.
2019-10-02 17:54:11,690 [Socket Reader #1 for port 36025] INFO  ipc.Server (Server.java:run(1074)) - Starting Socket Reader #1 for port 36025
2019-10-02 17:54:11,692 [main] INFO  ipc.CallQueueManager (CallQueueManager.java:<init>(84)) - Using callQueue: class java.util.concurrent.LinkedBlockingQueue, queueCapacity: 2000, scheduler: class org.apache.hadoop.ipc.DefaultRpcScheduler, ipcBackoff: false.
2019-10-02 17:54:11,692 [Socket Reader #1 for port 42903] INFO  ipc.Server (Server.java:run(1074)) - Starting Socket Reader #1 for port 42903
2019-10-02 17:54:11,694 [main] INFO  hdfs.DFSUtil (DFSUtil.java:httpServerTemplateForNNAndJN(1641)) - Starting Web-server for scm at: http://0.0.0.0:0
2019-10-02 17:54:11,696 [main] INFO  server.AuthenticationFilter (AuthenticationFilter.java:constructSecretProvider(240)) - Unable to initialize FileSignerSecretProvider, falling back to use random secrets.
2019-10-02 17:54:11,697 [main] WARN  http.HttpRequestLog (HttpRequestLog.java:getRequestLog(97)) - Jetty request log can only be enabled using Log4j
2019-10-02 17:54:11,699 [main] INFO  http.HttpServer2 (HttpServer2.java:addGlobalFilter(975)) - Added global filter 'safety' (class=org.apache.hadoop.http.HttpServer2$QuotingInputFilter)
2019-10-02 17:54:11,699 [main] INFO  http.HttpServer2 (HttpServer2.java:addFilter(948)) - Added filter static_user_filter (class=org.apache.hadoop.http.lib.StaticUserWebFilter$StaticUserFilter) to context scm
2019-10-02 17:54:11,700 [main] INFO  http.HttpServer2 (HttpServer2.java:addFilter(958)) - Added filter static_user_filter (class=org.apache.hadoop.http.lib.StaticUserWebFilter$StaticUserFilter) to context logs
2019-10-02 17:54:11,700 [main] INFO  http.HttpServer2 (HttpServer2.java:addFilter(958)) - Added filter static_user_filter (class=org.apache.hadoop.http.lib.StaticUserWebFilter$StaticUserFilter) to context static
2019-10-02 17:54:11,701 [main] INFO  server.StorageContainerManager (StorageContainerManager.java:start(770)) - StorageContainerLocationProtocol RPC server is listening at /0.0.0.0:42903
2019-10-02 17:54:11,703 [main] WARN  impl.MetricsConfig (MetricsConfig.java:loadFirst(134)) - Cannot locate configuration: tried hadoop-metrics2-storagecontainermanager.properties,hadoop-metrics2.properties
2019-10-02 17:54:11,705 [main] INFO  impl.MetricsSystemImpl (MetricsSystemImpl.java:startTimer(374)) - Scheduled Metric snapshot period at 10 second(s).
2019-10-02 17:54:11,705 [main] INFO  impl.MetricsSystemImpl (MetricsSystemImpl.java:start(191)) - StorageContainerManager metrics system started
2019-10-02 17:54:11,766 [main] WARN  impl.MetricsSystemImpl (MetricsSystemImpl.java:register(276)) - Sink prometheus already exists!
2019-10-02 17:54:11,769 [main] INFO  server.SCMClientProtocolServer (SCMClientProtocolServer.java:start(150)) - RPC server for Client  is listening at /0.0.0.0:42903
2019-10-02 17:54:11,770 [IPC Server Responder] INFO  ipc.Server (Server.java:run(1314)) - IPC Server Responder: starting
2019-10-02 17:54:11,770 [IPC Server listener on 42903] INFO  ipc.Server (Server.java:run(1153)) - IPC Server listener on 42903: starting
2019-10-02 17:54:11,773 [main] INFO  server.StorageContainerManager (StorageContainerManager.java:start(780)) - ScmBlockLocationProtocol RPC server is listening at /0.0.0.0:36025
2019-10-02 17:54:11,773 [main] INFO  server.SCMBlockProtocolServer (SCMBlockProtocolServer.java:start(146)) - RPC server for Block Protocol is listening at /0.0.0.0:36025
2019-10-02 17:54:11,774 [IPC Server Responder] INFO  ipc.Server (Server.java:run(1314)) - IPC Server Responder: starting
2019-10-02 17:54:11,774 [IPC Server listener on 36025] INFO  ipc.Server (Server.java:run(1153)) - IPC Server listener on 36025: starting
2019-10-02 17:54:11,778 [main] INFO  server.StorageContainerManager (StorageContainerManager.java:start(784)) - ScmDatanodeProtocl RPC server is listening at /0.0.0.0:45386
2019-10-02 17:54:11,778 [main] INFO  server.SCMDatanodeProtocolServer (SCMDatanodeProtocolServer.java:start(191)) - RPC server for DataNodes is listening at /0.0.0.0:45386
2019-10-02 17:54:11,778 [IPC Server Responder] INFO  ipc.Server (Server.java:run(1314)) - IPC Server Responder: starting
2019-10-02 17:54:11,778 [IPC Server listener on 45386] INFO  ipc.Server (Server.java:run(1153)) - IPC Server listener on 45386: starting
2019-10-02 17:54:11,782 [main] INFO  http.HttpServer2 (HttpServer2.java:bindListener(1191)) - Jetty bound to port 41257
2019-10-02 17:54:11,782 [main] INFO  server.Server (Server.java:doStart(351)) - jetty-9.3.25.v20180904, build timestamp: 2018-09-04T21:11:46Z, git hash: 3ce520221d0240229c862b122d2b06c12a625732
2019-10-02 17:54:11,784 [main] INFO  handler.ContextHandler (ContextHandler.java:doStart(781)) - Started o.e.j.s.ServletContextHandler@118dcbbd{/logs,file:///workdir/hadoop-ozone/integration-test/target/log,AVAILABLE}
2019-10-02 17:54:11,784 [main] INFO  handler.ContextHandler (ContextHandler.java:doStart(781)) - Started o.e.j.s.ServletContextHandler@350ec690{/static,file:///workdir/hadoop-ozone/integration-test/target/test-classes/webapps/static,AVAILABLE}
2019-10-02 17:54:11,788 [main] INFO  handler.ContextHandler (ContextHandler.java:doStart(781)) - Started o.e.j.w.WebAppContext@594d9f07{/,file:///workdir/hadoop-ozone/integration-test/target/test-classes/webapps/scm/,AVAILABLE}{/scm}
2019-10-02 17:54:11,788 [main] INFO  server.AbstractConnector (AbstractConnector.java:doStart(278)) - Started ServerConnector@5befbac1{HTTP/1.1,[http/1.1]}{0.0.0.0:41257}
2019-10-02 17:54:11,789 [main] INFO  server.Server (Server.java:doStart(419)) - Started @317448ms
2019-10-02 17:54:11,789 [main] WARN  impl.MetricsSystemImpl (MetricsSystemImpl.java:register(276)) - Sink prometheus already exists!
2019-10-02 17:54:11,789 [main] INFO  server.BaseHttpServer (BaseHttpServer.java:updateConnectorAddress(215)) - HTTP server of SCM is listening at http://0.0.0.0:41257
2019-10-02 17:54:11,790 [main] WARN  server.ServerUtils (ServerUtils.java:getDBPath(222)) - ozone.om.db.dirs is not configured. We recommend adding this setting. Falling back to ozone.metadata.dirs instead.
2019-10-02 17:54:11,791 [org.apache.hadoop.util.JvmPauseMonitor$Monitor@1a565afb] INFO  util.JvmPauseMonitor (JvmPauseMonitor.java:run(188)) - Starting JVM pause monitor
2019-10-02 17:54:12,047 [main] WARN  server.ServerUtils (ServerUtils.java:getDBPath(222)) - ozone.om.db.dirs is not configured. We recommend adding this setting. Falling back to ozone.metadata.dirs instead.
2019-10-02 17:54:12,048 [main] WARN  server.ServerUtils (ServerUtils.java:getDBPath(222)) - ozone.om.db.dirs is not configured. We recommend adding this setting. Falling back to ozone.metadata.dirs instead.
2019-10-02 17:54:12,048 [main] INFO  om.OzoneManager (OzoneManager.java:setOMNodeDetails(652)) - OM Service ID is not set. Setting it to the default ID: omServiceIdDefault
2019-10-02 17:54:12,049 [main] INFO  om.OzoneManager (OzoneManager.java:setOMNodeDetails(658)) - OM Node ID is not set. Setting it to the OmStorage's OmID: 6af4fc18-cfef-46bb-a504-ea4e141db344
2019-10-02 17:54:12,049 [main] INFO  om.OzoneManager (OzoneManager.java:loadOMHAConfigs(609)) - Found matching OM address with OMServiceId: null, OMNodeId: null, RPC Address: localhost:0 and Ratis port: 9872
2019-10-02 17:54:12,058 [main] WARN  server.ServerUtils (ServerUtils.java:getDBPath(222)) - ozone.om.db.dirs is not configured. We recommend adding this setting. Falling back to ozone.metadata.dirs instead.
2019-10-02 17:54:12,058 [main] INFO  db.DBStoreBuilder (DBStoreBuilder.java:addTable(110)) - using custom profile for table: userTable
2019-10-02 17:54:12,059 [main] INFO  db.DBStoreBuilder (DBStoreBuilder.java:processTables(161)) - Using default column profile:DBProfile.DISK for Table:userTable
2019-10-02 17:54:12,059 [main] INFO  db.DBStoreBuilder (DBStoreBuilder.java:addTable(110)) - using custom profile for table: volumeTable
2019-10-02 17:54:12,059 [main] INFO  db.DBStoreBuilder (DBStoreBuilder.java:processTables(161)) - Using default column profile:DBProfile.DISK for Table:volumeTable
2019-10-02 17:54:12,059 [main] INFO  db.DBStoreBuilder (DBStoreBuilder.java:addTable(110)) - using custom profile for table: bucketTable
2019-10-02 17:54:12,060 [main] INFO  db.DBStoreBuilder (DBStoreBuilder.java:processTables(161)) - Using default column profile:DBProfile.DISK for Table:bucketTable
2019-10-02 17:54:12,060 [main] INFO  db.DBStoreBuilder (DBStoreBuilder.java:addTable(110)) - using custom profile for table: keyTable
2019-10-02 17:54:12,060 [main] INFO  db.DBStoreBuilder (DBStoreBuilder.java:processTables(161)) - Using default column profile:DBProfile.DISK for Table:keyTable
2019-10-02 17:54:12,060 [main] INFO  db.DBStoreBuilder (DBStoreBuilder.java:addTable(110)) - using custom profile for table: deletedTable
2019-10-02 17:54:12,061 [main] INFO  db.DBStoreBuilder (DBStoreBuilder.java:processTables(161)) - Using default column profile:DBProfile.DISK for Table:deletedTable
2019-10-02 17:54:12,061 [main] INFO  db.DBStoreBuilder (DBStoreBuilder.java:addTable(110)) - using custom profile for table: openKeyTable
2019-10-02 17:54:12,061 [main] INFO  db.DBStoreBuilder (DBStoreBuilder.java:processTables(161)) - Using default column profile:DBProfile.DISK for Table:openKeyTable
2019-10-02 17:54:12,061 [main] INFO  db.DBStoreBuilder (DBStoreBuilder.java:addTable(110)) - using custom profile for table: s3Table
2019-10-02 17:54:12,062 [main] INFO  db.DBStoreBuilder (DBStoreBuilder.java:processTables(161)) - Using default column profile:DBProfile.DISK for Table:s3Table
2019-10-02 17:54:12,062 [main] INFO  db.DBStoreBuilder (DBStoreBuilder.java:addTable(110)) - using custom profile for table: multipartInfoTable
2019-10-02 17:54:12,062 [main] INFO  db.DBStoreBuilder (DBStoreBuilder.java:processTables(161)) - Using default column profile:DBProfile.DISK for Table:multipartInfoTable
2019-10-02 17:54:12,062 [main] INFO  db.DBStoreBuilder (DBStoreBuilder.java:addTable(110)) - using custom profile for table: dTokenTable
2019-10-02 17:54:12,063 [main] INFO  db.DBStoreBuilder (DBStoreBuilder.java:processTables(161)) - Using default column profile:DBProfile.DISK for Table:dTokenTable
2019-10-02 17:54:12,063 [main] INFO  db.DBStoreBuilder (DBStoreBuilder.java:addTable(110)) - using custom profile for table: s3SecretTable
2019-10-02 17:54:12,063 [main] INFO  db.DBStoreBuilder (DBStoreBuilder.java:processTables(161)) - Using default column profile:DBProfile.DISK for Table:s3SecretTable
2019-10-02 17:54:12,063 [main] INFO  db.DBStoreBuilder (DBStoreBuilder.java:addTable(110)) - using custom profile for table: prefixTable
2019-10-02 17:54:12,063 [main] INFO  db.DBStoreBuilder (DBStoreBuilder.java:processTables(161)) - Using default column profile:DBProfile.DISK for Table:prefixTable
2019-10-02 17:54:12,064 [main] INFO  db.DBStoreBuilder (DBStoreBuilder.java:addTable(110)) - using custom profile for table: default
2019-10-02 17:54:12,064 [main] INFO  db.DBStoreBuilder (DBStoreBuilder.java:processTables(167)) - Using default column profile:DBProfile.DISK for Table:default
2019-10-02 17:54:12,064 [main] INFO  db.DBStoreBuilder (DBStoreBuilder.java:getDbProfile(198)) - Using default options. DBProfile.DISK
2019-10-02 17:54:12,461 [main] INFO  ipc.CallQueueManager (CallQueueManager.java:<init>(84)) - Using callQueue: class java.util.concurrent.LinkedBlockingQueue, queueCapacity: 2000, scheduler: class org.apache.hadoop.ipc.DefaultRpcScheduler, ipcBackoff: false.
2019-10-02 17:54:12,462 [Socket Reader #1 for port 35121] INFO  ipc.Server (Server.java:run(1074)) - Starting Socket Reader #1 for port 35121
2019-10-02 17:54:12,479 [main] INFO  om.OzoneManager (OzoneManager.java:start(1243)) - OzoneManager RPC server is listening at localhost/127.0.0.1:35121
2019-10-02 17:54:12,480 [main] INFO  impl.MetricsSystemImpl (MetricsSystemImpl.java:init(158)) - OzoneManager metrics system started (again)
2019-10-02 17:54:12,481 [IPC Server Responder] INFO  ipc.Server (Server.java:run(1314)) - IPC Server Responder: starting
2019-10-02 17:54:12,481 [IPC Server listener on 35121] INFO  ipc.Server (Server.java:run(1153)) - IPC Server listener on 35121: starting
2019-10-02 17:54:12,487 [main] INFO  hdfs.DFSUtil (DFSUtil.java:httpServerTemplateForNNAndJN(1641)) - Starting Web-server for ozoneManager at: http://0.0.0.0:0
2019-10-02 17:54:12,488 [main] INFO  server.AuthenticationFilter (AuthenticationFilter.java:constructSecretProvider(240)) - Unable to initialize FileSignerSecretProvider, falling back to use random secrets.
2019-10-02 17:54:12,489 [main] WARN  http.HttpRequestLog (HttpRequestLog.java:getRequestLog(97)) - Jetty request log can only be enabled using Log4j
2019-10-02 17:54:12,491 [main] INFO  http.HttpServer2 (HttpServer2.java:addGlobalFilter(975)) - Added global filter 'safety' (class=org.apache.hadoop.http.HttpServer2$QuotingInputFilter)
2019-10-02 17:54:12,492 [main] INFO  http.HttpServer2 (HttpServer2.java:addFilter(948)) - Added filter static_user_filter (class=org.apache.hadoop.http.lib.StaticUserWebFilter$StaticUserFilter) to context ozoneManager
2019-10-02 17:54:12,492 [main] INFO  http.HttpServer2 (HttpServer2.java:addFilter(958)) - Added filter static_user_filter (class=org.apache.hadoop.http.lib.StaticUserWebFilter$StaticUserFilter) to context logs
2019-10-02 17:54:12,492 [main] INFO  http.HttpServer2 (HttpServer2.java:addFilter(958)) - Added filter static_user_filter (class=org.apache.hadoop.http.lib.StaticUserWebFilter$StaticUserFilter) to context static
2019-10-02 17:54:12,493 [main] INFO  http.HttpServer2 (HttpServer2.java:bindListener(1191)) - Jetty bound to port 40763
2019-10-02 17:54:12,494 [main] INFO  server.Server (Server.java:doStart(351)) - jetty-9.3.25.v20180904, build timestamp: 2018-09-04T21:11:46Z, git hash: 3ce520221d0240229c862b122d2b06c12a625732
2019-10-02 17:54:12,495 [main] INFO  handler.ContextHandler (ContextHandler.java:doStart(781)) - Started o.e.j.s.ServletContextHandler@575c3e9b{/logs,file:///workdir/hadoop-ozone/integration-test/target/log,AVAILABLE}
2019-10-02 17:54:12,496 [main] INFO  handler.ContextHandler (ContextHandler.java:doStart(781)) - Started o.e.j.s.ServletContextHandler@73c3cd09{/static,file:///workdir/hadoop-ozone/integration-test/target/test-classes/webapps/static,AVAILABLE}
2019-10-02 17:54:12,501 [main] INFO  handler.ContextHandler (ContextHandler.java:doStart(781)) - Started o.e.j.w.WebAppContext@2acdcce8{/,file:///workdir/hadoop-ozone/integration-test/target/test-classes/webapps/ozoneManager/,AVAILABLE}{/ozoneManager}
2019-10-02 17:54:12,503 [main] INFO  server.AbstractConnector (AbstractConnector.java:doStart(278)) - Started ServerConnector@7102ac3e{HTTP/1.1,[http/1.1]}{0.0.0.0:40763}
2019-10-02 17:54:12,503 [main] INFO  server.Server (Server.java:doStart(419)) - Started @318163ms
2019-10-02 17:54:12,503 [main] WARN  impl.MetricsSystemImpl (MetricsSystemImpl.java:register(276)) - Sink prometheus already exists!
2019-10-02 17:54:12,504 [main] INFO  server.BaseHttpServer (BaseHttpServer.java:updateConnectorAddress(215)) - HTTP server of OZONEMANAGER is listening at http://0.0.0.0:40763
2019-10-02 17:54:12,525 [main] INFO  impl.MetricsSystemImpl (MetricsSystemImpl.java:init(158)) - HddsDatanode metrics system started (again)
2019-10-02 17:54:12,528 [main] INFO  ozone.HddsDatanodeService (HddsDatanodeService.java:start(184)) - HddsDatanodeService host:pr-trunk-fgz7f-2353921243 ip:192.168.151.72
2019-10-02 17:54:12,534 [main] INFO  volume.HddsVolume (HddsVolume.java:<init>(176)) - Creating Volume: /workdir/hadoop-ozone/integration-test/target/test-dir/MiniOzoneClusterImpl-65f8f4fe-1764-4468-9f48-37bf81c95b0d/datanode-0/data/containers/hdds of  storage type : DISK and capacity : 1482555576320
2019-10-02 17:54:12,535 [main] INFO  volume.VolumeSet (VolumeSet.java:initializeVolumeSet(170)) - Added Volume : /workdir/hadoop-ozone/integration-test/target/test-dir/MiniOzoneClusterImpl-65f8f4fe-1764-4468-9f48-37bf81c95b0d/datanode-0/data/containers/hdds to VolumeSet
2019-10-02 17:54:12,535 [main] INFO  volume.ThrottledAsyncChecker (ThrottledAsyncChecker.java:schedule(139)) - Scheduling a check for org.apache.hadoop.ozone.container.common.volume.HddsVolume@a83495d
2019-10-02 17:54:12,536 [main] INFO  volume.HddsVolumeChecker (HddsVolumeChecker.java:checkAllVolumes(202)) - Scheduled health check for volume org.apache.hadoop.ozone.container.common.volume.HddsVolume@a83495d
2019-10-02 17:54:12,557 [main] INFO  impl.RaftServerProxy (ConfUtils.java:logGet(43)) - raft.rpc.type = GRPC (default)
2019-10-02 17:54:12,557 [main] INFO  grpc.GrpcFactory (GrpcFactory.java:checkPooledByteBufAllocatorUseCacheForAllThreads(45)) - PERFORMANCE WARNING: useCacheForAllThreads is true that may cause Netty to create a lot garbage objects and, as a result, trigger GC.
	It is recommended to disable useCacheForAllThreads by setting -Dorg.apache.ratis.thirdparty.io.netty.allocator.useCacheForAllThreads=false in command line.
2019-10-02 17:54:12,557 [main] INFO  grpc.GrpcConfigKeys$Server (ConfUtils.java:logGet(43)) - raft.grpc.server.port = 0 (default)
2019-10-02 17:54:12,558 [main] INFO  server.GrpcService (ConfUtils.java:logGet(43)) - raft.grpc.message.size.max = 33570816 (custom)
2019-10-02 17:54:12,558 [main] INFO  server.RaftServerConfigKeys (ConfUtils.java:logGet(43)) - raft.server.log.appender.buffer.byte-limit = 33554432 (custom)
2019-10-02 17:54:12,558 [main] INFO  server.GrpcService (ConfUtils.java:logGet(43)) - raft.grpc.flow.control.window = 1MB (=1048576) (default)
2019-10-02 17:54:12,559 [main] INFO  server.RaftServerConfigKeys (ConfUtils.java:logGet(43)) - raft.server.rpc.request.timeout = 3000ms (default)
2019-10-02 17:54:12,560 [main] INFO  server.RaftServerConfigKeys (ConfUtils.java:logGet(43)) - raft.server.storage.dir = [/workdir/hadoop-ozone/integration-test/target/test-dir/MiniOzoneClusterImpl-65f8f4fe-1764-4468-9f48-37bf81c95b0d/datanode-0/data/ratis] (custom)
2019-10-02 17:54:12,561 [main] INFO  hdfs.DFSUtil (DFSUtil.java:httpServerTemplateForNNAndJN(1641)) - Starting Web-server for hddsDatanode at: http://0.0.0.0:0
2019-10-02 17:54:12,563 [main] INFO  server.AuthenticationFilter (AuthenticationFilter.java:constructSecretProvider(240)) - Unable to initialize FileSignerSecretProvider, falling back to use random secrets.
2019-10-02 17:54:12,563 [main] WARN  http.HttpRequestLog (HttpRequestLog.java:getRequestLog(97)) - Jetty request log can only be enabled using Log4j
2019-10-02 17:54:12,565 [main] INFO  http.HttpServer2 (HttpServer2.java:addGlobalFilter(975)) - Added global filter 'safety' (class=org.apache.hadoop.http.HttpServer2$QuotingInputFilter)
2019-10-02 17:54:12,566 [main] INFO  http.HttpServer2 (HttpServer2.java:addFilter(948)) - Added filter static_user_filter (class=org.apache.hadoop.http.lib.StaticUserWebFilter$StaticUserFilter) to context hddsDatanode
2019-10-02 17:54:12,567 [main] INFO  http.HttpServer2 (HttpServer2.java:addFilter(958)) - Added filter static_user_filter (class=org.apache.hadoop.http.lib.StaticUserWebFilter$StaticUserFilter) to context static
2019-10-02 17:54:12,567 [main] INFO  http.HttpServer2 (HttpServer2.java:addFilter(958)) - Added filter static_user_filter (class=org.apache.hadoop.http.lib.StaticUserWebFilter$StaticUserFilter) to context logs
2019-10-02 17:54:12,568 [main] INFO  http.HttpServer2 (HttpServer2.java:bindListener(1191)) - Jetty bound to port 35396
2019-10-02 17:54:12,568 [main] INFO  server.Server (Server.java:doStart(351)) - jetty-9.3.25.v20180904, build timestamp: 2018-09-04T21:11:46Z, git hash: 3ce520221d0240229c862b122d2b06c12a625732
2019-10-02 17:54:12,570 [main] INFO  handler.ContextHandler (ContextHandler.java:doStart(781)) - Started o.e.j.s.ServletContextHandler@21a9a705{/logs,file:///workdir/hadoop-ozone/integration-test/target/log,AVAILABLE}
2019-10-02 17:54:12,570 [main] INFO  handler.ContextHandler (ContextHandler.java:doStart(781)) - Started o.e.j.s.ServletContextHandler@76ececd{/static,jar:file:/home/user/.m2/repository/org/apache/hadoop/hadoop-hdds-container-service/0.5.0-SNAPSHOT/hadoop-hdds-container-service-0.5.0-SNAPSHOT.jar!/webapps/static,AVAILABLE}
2019-10-02 17:54:12,605 [main] INFO  handler.ContextHandler (ContextHandler.java:doStart(781)) - Started o.e.j.w.WebAppContext@670f2466{/,file:///tmp/jetty-0.0.0.0-35396-hddsDatanode-_-any-2357000906634158472.dir/webapp/,AVAILABLE}{/hddsDatanode}
2019-10-02 17:54:12,605 [main] INFO  server.AbstractConnector (AbstractConnector.java:doStart(278)) - Started ServerConnector@6e03db1f{HTTP/1.1,[http/1.1]}{0.0.0.0:35396}
2019-10-02 17:54:12,606 [main] INFO  server.Server (Server.java:doStart(419)) - Started @318266ms
2019-10-02 17:54:12,606 [main] WARN  impl.MetricsSystemImpl (MetricsSystemImpl.java:register(276)) - Sink prometheus already exists!
2019-10-02 17:54:12,607 [main] INFO  server.BaseHttpServer (BaseHttpServer.java:updateConnectorAddress(215)) - HTTP server of HDDSDATANODE is listening at http://0.0.0.0:35396
2019-10-02 17:54:12,607 [main] INFO  impl.MetricsSystemImpl (MetricsSystemImpl.java:init(158)) - HddsDatanode metrics system started (again)
2019-10-02 17:54:12,611 [org.apache.hadoop.util.JvmPauseMonitor$Monitor@326c3f9a] INFO  util.JvmPauseMonitor (JvmPauseMonitor.java:run(188)) - Starting JVM pause monitor
2019-10-02 17:54:12,611 [main] INFO  ozone.HddsDatanodeService (HddsDatanodeService.java:start(184)) - HddsDatanodeService host:pr-trunk-fgz7f-2353921243 ip:192.168.151.72
2019-10-02 17:54:12,613 [Datanode State Machine Thread - 0] INFO  datanode.InitDatanodeState (InitDatanodeState.java:persistContainerDatanodeDetails(140)) - DatanodeDetails is persisted to /workdir/hadoop-ozone/integration-test/target/test-dir/MiniOzoneClusterImpl-65f8f4fe-1764-4468-9f48-37bf81c95b0d/datanode-0/meta/datanode.id
2019-10-02 17:54:12,617 [main] INFO  volume.HddsVolume (HddsVolume.java:<init>(176)) - Creating Volume: /workdir/hadoop-ozone/integration-test/target/test-dir/MiniOzoneClusterImpl-65f8f4fe-1764-4468-9f48-37bf81c95b0d/datanode-1/data/containers/hdds of  storage type : DISK and capacity : 1482555576320
2019-10-02 17:54:12,617 [main] INFO  volume.VolumeSet (VolumeSet.java:initializeVolumeSet(170)) - Added Volume : /workdir/hadoop-ozone/integration-test/target/test-dir/MiniOzoneClusterImpl-65f8f4fe-1764-4468-9f48-37bf81c95b0d/datanode-1/data/containers/hdds to VolumeSet
2019-10-02 17:54:12,617 [main] INFO  volume.ThrottledAsyncChecker (ThrottledAsyncChecker.java:schedule(139)) - Scheduling a check for org.apache.hadoop.ozone.container.common.volume.HddsVolume@479111ba
2019-10-02 17:54:12,618 [main] INFO  volume.HddsVolumeChecker (HddsVolumeChecker.java:checkAllVolumes(202)) - Scheduled health check for volume org.apache.hadoop.ozone.container.common.volume.HddsVolume@479111ba
2019-10-02 17:54:12,630 [main] INFO  impl.RaftServerProxy (ConfUtils.java:logGet(43)) - raft.rpc.type = GRPC (default)
2019-10-02 17:54:12,630 [main] INFO  grpc.GrpcFactory (GrpcFactory.java:checkPooledByteBufAllocatorUseCacheForAllThreads(45)) - PERFORMANCE WARNING: useCacheForAllThreads is true that may cause Netty to create a lot garbage objects and, as a result, trigger GC.
	It is recommended to disable useCacheForAllThreads by setting -Dorg.apache.ratis.thirdparty.io.netty.allocator.useCacheForAllThreads=false in command line.
2019-10-02 17:54:12,630 [main] INFO  grpc.GrpcConfigKeys$Server (ConfUtils.java:logGet(43)) - raft.grpc.server.port = 0 (default)
2019-10-02 17:54:12,631 [main] INFO  server.GrpcService (ConfUtils.java:logGet(43)) - raft.grpc.message.size.max = 33570816 (custom)
2019-10-02 17:54:12,631 [main] INFO  server.RaftServerConfigKeys (ConfUtils.java:logGet(43)) - raft.server.log.appender.buffer.byte-limit = 33554432 (custom)
2019-10-02 17:54:12,631 [main] INFO  server.GrpcService (ConfUtils.java:logGet(43)) - raft.grpc.flow.control.window = 1MB (=1048576) (default)
2019-10-02 17:54:12,631 [main] INFO  server.RaftServerConfigKeys (ConfUtils.java:logGet(43)) - raft.server.rpc.request.timeout = 3000ms (default)
2019-10-02 17:54:12,632 [main] INFO  server.RaftServerConfigKeys (ConfUtils.java:logGet(43)) - raft.server.storage.dir = [/workdir/hadoop-ozone/integration-test/target/test-dir/MiniOzoneClusterImpl-65f8f4fe-1764-4468-9f48-37bf81c95b0d/datanode-1/data/ratis] (custom)
2019-10-02 17:54:12,633 [main] INFO  hdfs.DFSUtil (DFSUtil.java:httpServerTemplateForNNAndJN(1641)) - Starting Web-server for hddsDatanode at: http://0.0.0.0:0
2019-10-02 17:54:12,634 [main] INFO  server.AuthenticationFilter (AuthenticationFilter.java:constructSecretProvider(240)) - Unable to initialize FileSignerSecretProvider, falling back to use random secrets.
2019-10-02 17:54:12,634 [main] WARN  http.HttpRequestLog (HttpRequestLog.java:getRequestLog(97)) - Jetty request log can only be enabled using Log4j
2019-10-02 17:54:12,636 [main] INFO  http.HttpServer2 (HttpServer2.java:addGlobalFilter(975)) - Added global filter 'safety' (class=org.apache.hadoop.http.HttpServer2$QuotingInputFilter)
2019-10-02 17:54:12,636 [main] INFO  http.HttpServer2 (HttpServer2.java:addFilter(948)) - Added filter static_user_filter (class=org.apache.hadoop.http.lib.StaticUserWebFilter$StaticUserFilter) to context hddsDatanode
2019-10-02 17:54:12,636 [main] INFO  http.HttpServer2 (HttpServer2.java:addFilter(958)) - Added filter static_user_filter (class=org.apache.hadoop.http.lib.StaticUserWebFilter$StaticUserFilter) to context static
2019-10-02 17:54:12,637 [main] INFO  http.HttpServer2 (HttpServer2.java:addFilter(958)) - Added filter static_user_filter (class=org.apache.hadoop.http.lib.StaticUserWebFilter$StaticUserFilter) to context logs
2019-10-02 17:54:12,637 [main] INFO  http.HttpServer2 (HttpServer2.java:bindListener(1191)) - Jetty bound to port 44090
2019-10-02 17:54:12,637 [main] INFO  server.Server (Server.java:doStart(351)) - jetty-9.3.25.v20180904, build timestamp: 2018-09-04T21:11:46Z, git hash: 3ce520221d0240229c862b122d2b06c12a625732
2019-10-02 17:54:12,639 [main] INFO  handler.ContextHandler (ContextHandler.java:doStart(781)) - Started o.e.j.s.ServletContextHandler@2c9a6717{/logs,file:///workdir/hadoop-ozone/integration-test/target/log,AVAILABLE}
2019-10-02 17:54:12,639 [main] INFO  handler.ContextHandler (ContextHandler.java:doStart(781)) - Started o.e.j.s.ServletContextHandler@6d091cad{/static,jar:file:/home/user/.m2/repository/org/apache/hadoop/hadoop-hdds-container-service/0.5.0-SNAPSHOT/hadoop-hdds-container-service-0.5.0-SNAPSHOT.jar!/webapps/static,AVAILABLE}
2019-10-02 17:54:12,667 [main] INFO  handler.ContextHandler (ContextHandler.java:doStart(781)) - Started o.e.j.w.WebAppContext@4130955c{/,file:///tmp/jetty-0.0.0.0-44090-hddsDatanode-_-any-2340616335235577187.dir/webapp/,AVAILABLE}{/hddsDatanode}
2019-10-02 17:54:12,668 [main] INFO  server.AbstractConnector (AbstractConnector.java:doStart(278)) - Started ServerConnector@2bfaba70{HTTP/1.1,[http/1.1]}{0.0.0.0:44090}
2019-10-02 17:54:12,669 [main] INFO  server.Server (Server.java:doStart(419)) - Started @318329ms
2019-10-02 17:54:12,669 [main] WARN  impl.MetricsSystemImpl (MetricsSystemImpl.java:register(276)) - Sink prometheus already exists!
2019-10-02 17:54:12,670 [main] INFO  server.BaseHttpServer (BaseHttpServer.java:updateConnectorAddress(215)) - HTTP server of HDDSDATANODE is listening at http://0.0.0.0:44090
2019-10-02 17:54:12,670 [main] INFO  impl.MetricsSystemImpl (MetricsSystemImpl.java:init(158)) - HddsDatanode metrics system started (again)
2019-10-02 17:54:12,674 [main] INFO  ozone.HddsDatanodeService (HddsDatanodeService.java:start(184)) - HddsDatanodeService host:pr-trunk-fgz7f-2353921243 ip:192.168.151.72
2019-10-02 17:54:12,674 [org.apache.hadoop.util.JvmPauseMonitor$Monitor@2bba0a96] INFO  util.JvmPauseMonitor (JvmPauseMonitor.java:run(188)) - Starting JVM pause monitor
2019-10-02 17:54:12,676 [Datanode State Machine Thread - 0] INFO  datanode.InitDatanodeState (InitDatanodeState.java:persistContainerDatanodeDetails(140)) - DatanodeDetails is persisted to /workdir/hadoop-ozone/integration-test/target/test-dir/MiniOzoneClusterImpl-65f8f4fe-1764-4468-9f48-37bf81c95b0d/datanode-1/meta/datanode.id
2019-10-02 17:54:12,679 [main] INFO  volume.HddsVolume (HddsVolume.java:<init>(176)) - Creating Volume: /workdir/hadoop-ozone/integration-test/target/test-dir/MiniOzoneClusterImpl-65f8f4fe-1764-4468-9f48-37bf81c95b0d/datanode-2/data/containers/hdds of  storage type : DISK and capacity : 1482555576320
2019-10-02 17:54:12,679 [main] INFO  volume.VolumeSet (VolumeSet.java:initializeVolumeSet(170)) - Added Volume : /workdir/hadoop-ozone/integration-test/target/test-dir/MiniOzoneClusterImpl-65f8f4fe-1764-4468-9f48-37bf81c95b0d/datanode-2/data/containers/hdds to VolumeSet
2019-10-02 17:54:12,680 [main] INFO  volume.ThrottledAsyncChecker (ThrottledAsyncChecker.java:schedule(139)) - Scheduling a check for org.apache.hadoop.ozone.container.common.volume.HddsVolume@53b1a3f8
2019-10-02 17:54:12,680 [main] INFO  volume.HddsVolumeChecker (HddsVolumeChecker.java:checkAllVolumes(202)) - Scheduled health check for volume org.apache.hadoop.ozone.container.common.volume.HddsVolume@53b1a3f8
2019-10-02 17:54:12,696 [main] INFO  impl.RaftServerProxy (ConfUtils.java:logGet(43)) - raft.rpc.type = GRPC (default)
2019-10-02 17:54:12,697 [main] INFO  grpc.GrpcFactory (GrpcFactory.java:checkPooledByteBufAllocatorUseCacheForAllThreads(45)) - PERFORMANCE WARNING: useCacheForAllThreads is true that may cause Netty to create a lot garbage objects and, as a result, trigger GC.
	It is recommended to disable useCacheForAllThreads by setting -Dorg.apache.ratis.thirdparty.io.netty.allocator.useCacheForAllThreads=false in command line.
2019-10-02 17:54:12,697 [main] INFO  grpc.GrpcConfigKeys$Server (ConfUtils.java:logGet(43)) - raft.grpc.server.port = 0 (default)
2019-10-02 17:54:12,697 [main] INFO  server.GrpcService (ConfUtils.java:logGet(43)) - raft.grpc.message.size.max = 33570816 (custom)
2019-10-02 17:54:12,697 [main] INFO  server.RaftServerConfigKeys (ConfUtils.java:logGet(43)) - raft.server.log.appender.buffer.byte-limit = 33554432 (custom)
2019-10-02 17:54:12,697 [main] INFO  server.GrpcService (ConfUtils.java:logGet(43)) - raft.grpc.flow.control.window = 1MB (=1048576) (default)
2019-10-02 17:54:12,697 [main] INFO  server.RaftServerConfigKeys (ConfUtils.java:logGet(43)) - raft.server.rpc.request.timeout = 3000ms (default)
2019-10-02 17:54:12,698 [main] INFO  server.RaftServerConfigKeys (ConfUtils.java:logGet(43)) - raft.server.storage.dir = [/workdir/hadoop-ozone/integration-test/target/test-dir/MiniOzoneClusterImpl-65f8f4fe-1764-4468-9f48-37bf81c95b0d/datanode-2/data/ratis] (custom)
2019-10-02 17:54:12,699 [main] INFO  hdfs.DFSUtil (DFSUtil.java:httpServerTemplateForNNAndJN(1641)) - Starting Web-server for hddsDatanode at: http://0.0.0.0:0
2019-10-02 17:54:12,701 [main] INFO  server.AuthenticationFilter (AuthenticationFilter.java:constructSecretProvider(240)) - Unable to initialize FileSignerSecretProvider, falling back to use random secrets.
2019-10-02 17:54:12,702 [main] WARN  http.HttpRequestLog (HttpRequestLog.java:getRequestLog(97)) - Jetty request log can only be enabled using Log4j
2019-10-02 17:54:12,703 [main] INFO  http.HttpServer2 (HttpServer2.java:addGlobalFilter(975)) - Added global filter 'safety' (class=org.apache.hadoop.http.HttpServer2$QuotingInputFilter)
2019-10-02 17:54:12,704 [main] INFO  http.HttpServer2 (HttpServer2.java:addFilter(948)) - Added filter static_user_filter (class=org.apache.hadoop.http.lib.StaticUserWebFilter$StaticUserFilter) to context hddsDatanode
2019-10-02 17:54:12,705 [main] INFO  http.HttpServer2 (HttpServer2.java:addFilter(958)) - Added filter static_user_filter (class=org.apache.hadoop.http.lib.StaticUserWebFilter$StaticUserFilter) to context static
2019-10-02 17:54:12,705 [main] INFO  http.HttpServer2 (HttpServer2.java:addFilter(958)) - Added filter static_user_filter (class=org.apache.hadoop.http.lib.StaticUserWebFilter$StaticUserFilter) to context logs
2019-10-02 17:54:12,705 [main] INFO  http.HttpServer2 (HttpServer2.java:bindListener(1191)) - Jetty bound to port 42669
2019-10-02 17:54:12,706 [main] INFO  server.Server (Server.java:doStart(351)) - jetty-9.3.25.v20180904, build timestamp: 2018-09-04T21:11:46Z, git hash: 3ce520221d0240229c862b122d2b06c12a625732
2019-10-02 17:54:12,707 [main] INFO  handler.ContextHandler (ContextHandler.java:doStart(781)) - Started o.e.j.s.ServletContextHandler@49469ffa{/logs,file:///workdir/hadoop-ozone/integration-test/target/log,AVAILABLE}
2019-10-02 17:54:12,708 [main] INFO  handler.ContextHandler (ContextHandler.java:doStart(781)) - Started o.e.j.s.ServletContextHandler@7a3b7122{/static,jar:file:/home/user/.m2/repository/org/apache/hadoop/hadoop-hdds-container-service/0.5.0-SNAPSHOT/hadoop-hdds-container-service-0.5.0-SNAPSHOT.jar!/webapps/static,AVAILABLE}
2019-10-02 17:54:12,736 [main] INFO  handler.ContextHandler (ContextHandler.java:doStart(781)) - Started o.e.j.w.WebAppContext@2db1b657{/,file:///tmp/jetty-0.0.0.0-42669-hddsDatanode-_-any-4485773044675493746.dir/webapp/,AVAILABLE}{/hddsDatanode}
2019-10-02 17:54:12,737 [main] INFO  server.AbstractConnector (AbstractConnector.java:doStart(278)) - Started ServerConnector@7e351d7{HTTP/1.1,[http/1.1]}{0.0.0.0:42669}
2019-10-02 17:54:12,739 [main] INFO  server.Server (Server.java:doStart(419)) - Started @318398ms
2019-10-02 17:54:12,739 [main] WARN  impl.MetricsSystemImpl (MetricsSystemImpl.java:register(276)) - Sink prometheus already exists!
2019-10-02 17:54:12,740 [main] INFO  server.BaseHttpServer (BaseHttpServer.java:updateConnectorAddress(215)) - HTTP server of HDDSDATANODE is listening at http://0.0.0.0:42669
2019-10-02 17:54:12,740 [main] INFO  impl.MetricsSystemImpl (MetricsSystemImpl.java:init(158)) - HddsDatanode metrics system started (again)
2019-10-02 17:54:12,743 [org.apache.hadoop.util.JvmPauseMonitor$Monitor@48271841] INFO  util.JvmPauseMonitor (JvmPauseMonitor.java:run(188)) - Starting JVM pause monitor
2019-10-02 17:54:12,744 [main] INFO  ozone.HddsDatanodeService (HddsDatanodeService.java:start(184)) - HddsDatanodeService host:pr-trunk-fgz7f-2353921243 ip:192.168.151.72
2019-10-02 17:54:12,745 [Datanode State Machine Thread - 0] INFO  datanode.InitDatanodeState (InitDatanodeState.java:persistContainerDatanodeDetails(140)) - DatanodeDetails is persisted to /workdir/hadoop-ozone/integration-test/target/test-dir/MiniOzoneClusterImpl-65f8f4fe-1764-4468-9f48-37bf81c95b0d/datanode-2/meta/datanode.id
2019-10-02 17:54:12,750 [main] INFO  volume.HddsVolume (HddsVolume.java:<init>(176)) - Creating Volume: /workdir/hadoop-ozone/integration-test/target/test-dir/MiniOzoneClusterImpl-65f8f4fe-1764-4468-9f48-37bf81c95b0d/datanode-3/data/containers/hdds of  storage type : DISK and capacity : 1482555576320
2019-10-02 17:54:12,750 [main] INFO  volume.VolumeSet (VolumeSet.java:initializeVolumeSet(170)) - Added Volume : /workdir/hadoop-ozone/integration-test/target/test-dir/MiniOzoneClusterImpl-65f8f4fe-1764-4468-9f48-37bf81c95b0d/datanode-3/data/containers/hdds to VolumeSet
2019-10-02 17:54:12,750 [main] INFO  volume.ThrottledAsyncChecker (ThrottledAsyncChecker.java:schedule(139)) - Scheduling a check for org.apache.hadoop.ozone.container.common.volume.HddsVolume@383caf89
2019-10-02 17:54:12,751 [main] INFO  volume.HddsVolumeChecker (HddsVolumeChecker.java:checkAllVolumes(202)) - Scheduled health check for volume org.apache.hadoop.ozone.container.common.volume.HddsVolume@383caf89
2019-10-02 17:54:12,764 [main] INFO  impl.RaftServerProxy (ConfUtils.java:logGet(43)) - raft.rpc.type = GRPC (default)
2019-10-02 17:54:12,764 [main] INFO  grpc.GrpcFactory (GrpcFactory.java:checkPooledByteBufAllocatorUseCacheForAllThreads(45)) - PERFORMANCE WARNING: useCacheForAllThreads is true that may cause Netty to create a lot garbage objects and, as a result, trigger GC.
	It is recommended to disable useCacheForAllThreads by setting -Dorg.apache.ratis.thirdparty.io.netty.allocator.useCacheForAllThreads=false in command line.
2019-10-02 17:54:12,764 [main] INFO  grpc.GrpcConfigKeys$Server (ConfUtils.java:logGet(43)) - raft.grpc.server.port = 0 (default)
2019-10-02 17:54:12,764 [main] INFO  server.GrpcService (ConfUtils.java:logGet(43)) - raft.grpc.message.size.max = 33570816 (custom)
2019-10-02 17:54:12,765 [main] INFO  server.RaftServerConfigKeys (ConfUtils.java:logGet(43)) - raft.server.log.appender.buffer.byte-limit = 33554432 (custom)
2019-10-02 17:54:12,765 [main] INFO  server.GrpcService (ConfUtils.java:logGet(43)) - raft.grpc.flow.control.window = 1MB (=1048576) (default)
2019-10-02 17:54:12,765 [main] INFO  server.RaftServerConfigKeys (ConfUtils.java:logGet(43)) - raft.server.rpc.request.timeout = 3000ms (default)
2019-10-02 17:54:12,765 [main] INFO  server.RaftServerConfigKeys (ConfUtils.java:logGet(43)) - raft.server.storage.dir = [/workdir/hadoop-ozone/integration-test/target/test-dir/MiniOzoneClusterImpl-65f8f4fe-1764-4468-9f48-37bf81c95b0d/datanode-3/data/ratis] (custom)
2019-10-02 17:54:12,767 [main] INFO  hdfs.DFSUtil (DFSUtil.java:httpServerTemplateForNNAndJN(1641)) - Starting Web-server for hddsDatanode at: http://0.0.0.0:0
2019-10-02 17:54:12,768 [main] INFO  server.AuthenticationFilter (AuthenticationFilter.java:constructSecretProvider(240)) - Unable to initialize FileSignerSecretProvider, falling back to use random secrets.
2019-10-02 17:54:12,768 [main] WARN  http.HttpRequestLog (HttpRequestLog.java:getRequestLog(97)) - Jetty request log can only be enabled using Log4j
2019-10-02 17:54:12,770 [main] INFO  http.HttpServer2 (HttpServer2.java:addGlobalFilter(975)) - Added global filter 'safety' (class=org.apache.hadoop.http.HttpServer2$QuotingInputFilter)
2019-10-02 17:54:12,770 [main] INFO  http.HttpServer2 (HttpServer2.java:addFilter(948)) - Added filter static_user_filter (class=org.apache.hadoop.http.lib.StaticUserWebFilter$StaticUserFilter) to context hddsDatanode
2019-10-02 17:54:12,770 [main] INFO  http.HttpServer2 (HttpServer2.java:addFilter(958)) - Added filter static_user_filter (class=org.apache.hadoop.http.lib.StaticUserWebFilter$StaticUserFilter) to context static
2019-10-02 17:54:12,770 [main] INFO  http.HttpServer2 (HttpServer2.java:addFilter(958)) - Added filter static_user_filter (class=org.apache.hadoop.http.lib.StaticUserWebFilter$StaticUserFilter) to context logs
2019-10-02 17:54:12,771 [main] INFO  http.HttpServer2 (HttpServer2.java:bindListener(1191)) - Jetty bound to port 36858
2019-10-02 17:54:12,771 [main] INFO  server.Server (Server.java:doStart(351)) - jetty-9.3.25.v20180904, build timestamp: 2018-09-04T21:11:46Z, git hash: 3ce520221d0240229c862b122d2b06c12a625732
2019-10-02 17:54:12,773 [main] INFO  handler.ContextHandler (ContextHandler.java:doStart(781)) - Started o.e.j.s.ServletContextHandler@45658133{/logs,file:///workdir/hadoop-ozone/integration-test/target/log,AVAILABLE}
2019-10-02 17:54:12,773 [main] INFO  handler.ContextHandler (ContextHandler.java:doStart(781)) - Started o.e.j.s.ServletContextHandler@67536ae0{/static,jar:file:/home/user/.m2/repository/org/apache/hadoop/hadoop-hdds-container-service/0.5.0-SNAPSHOT/hadoop-hdds-container-service-0.5.0-SNAPSHOT.jar!/webapps/static,AVAILABLE}
2019-10-02 17:54:12,801 [main] INFO  handler.ContextHandler (ContextHandler.java:doStart(781)) - Started o.e.j.w.WebAppContext@3440e9cd{/,file:///tmp/jetty-0.0.0.0-36858-hddsDatanode-_-any-8536363726922559052.dir/webapp/,AVAILABLE}{/hddsDatanode}
2019-10-02 17:54:12,802 [main] INFO  server.AbstractConnector (AbstractConnector.java:doStart(278)) - Started ServerConnector@28a9494b{HTTP/1.1,[http/1.1]}{0.0.0.0:36858}
2019-10-02 17:54:12,804 [main] INFO  server.Server (Server.java:doStart(419)) - Started @318464ms
2019-10-02 17:54:12,804 [main] WARN  impl.MetricsSystemImpl (MetricsSystemImpl.java:register(276)) - Sink prometheus already exists!
2019-10-02 17:54:12,805 [main] INFO  server.BaseHttpServer (BaseHttpServer.java:updateConnectorAddress(215)) - HTTP server of HDDSDATANODE is listening at http://0.0.0.0:36858
2019-10-02 17:54:12,805 [main] INFO  impl.MetricsSystemImpl (MetricsSystemImpl.java:init(158)) - HddsDatanode metrics system started (again)
2019-10-02 17:54:12,810 [org.apache.hadoop.util.JvmPauseMonitor$Monitor@4b056f80] INFO  util.JvmPauseMonitor (JvmPauseMonitor.java:run(188)) - Starting JVM pause monitor
2019-10-02 17:54:12,810 [main] INFO  ozone.HddsDatanodeService (HddsDatanodeService.java:start(184)) - HddsDatanodeService host:pr-trunk-fgz7f-2353921243 ip:192.168.151.72
2019-10-02 17:54:12,812 [Datanode State Machine Thread - 0] INFO  datanode.InitDatanodeState (InitDatanodeState.java:persistContainerDatanodeDetails(140)) - DatanodeDetails is persisted to /workdir/hadoop-ozone/integration-test/target/test-dir/MiniOzoneClusterImpl-65f8f4fe-1764-4468-9f48-37bf81c95b0d/datanode-3/meta/datanode.id
2019-10-02 17:54:12,817 [main] INFO  volume.HddsVolume (HddsVolume.java:<init>(176)) - Creating Volume: /workdir/hadoop-ozone/integration-test/target/test-dir/MiniOzoneClusterImpl-65f8f4fe-1764-4468-9f48-37bf81c95b0d/datanode-4/data/containers/hdds of  storage type : DISK and capacity : 1482555576320
2019-10-02 17:54:12,817 [main] INFO  volume.VolumeSet (VolumeSet.java:initializeVolumeSet(170)) - Added Volume : /workdir/hadoop-ozone/integration-test/target/test-dir/MiniOzoneClusterImpl-65f8f4fe-1764-4468-9f48-37bf81c95b0d/datanode-4/data/containers/hdds to VolumeSet
2019-10-02 17:54:12,818 [main] INFO  volume.ThrottledAsyncChecker (ThrottledAsyncChecker.java:schedule(139)) - Scheduling a check for org.apache.hadoop.ozone.container.common.volume.HddsVolume@696db620
2019-10-02 17:54:12,818 [main] INFO  volume.HddsVolumeChecker (HddsVolumeChecker.java:checkAllVolumes(202)) - Scheduled health check for volume org.apache.hadoop.ozone.container.common.volume.HddsVolume@696db620
2019-10-02 17:54:12,831 [main] INFO  impl.RaftServerProxy (ConfUtils.java:logGet(43)) - raft.rpc.type = GRPC (default)
2019-10-02 17:54:12,831 [main] INFO  grpc.GrpcFactory (GrpcFactory.java:checkPooledByteBufAllocatorUseCacheForAllThreads(45)) - PERFORMANCE WARNING: useCacheForAllThreads is true that may cause Netty to create a lot garbage objects and, as a result, trigger GC.
	It is recommended to disable useCacheForAllThreads by setting -Dorg.apache.ratis.thirdparty.io.netty.allocator.useCacheForAllThreads=false in command line.
2019-10-02 17:54:12,831 [main] INFO  grpc.GrpcConfigKeys$Server (ConfUtils.java:logGet(43)) - raft.grpc.server.port = 0 (default)
2019-10-02 17:54:12,831 [main] INFO  server.GrpcService (ConfUtils.java:logGet(43)) - raft.grpc.message.size.max = 33570816 (custom)
2019-10-02 17:54:12,831 [main] INFO  server.RaftServerConfigKeys (ConfUtils.java:logGet(43)) - raft.server.log.appender.buffer.byte-limit = 33554432 (custom)
2019-10-02 17:54:12,832 [main] INFO  server.GrpcService (ConfUtils.java:logGet(43)) - raft.grpc.flow.control.window = 1MB (=1048576) (default)
2019-10-02 17:54:12,832 [main] INFO  server.RaftServerConfigKeys (ConfUtils.java:logGet(43)) - raft.server.rpc.request.timeout = 3000ms (default)
2019-10-02 17:54:12,832 [main] INFO  server.RaftServerConfigKeys (ConfUtils.java:logGet(43)) - raft.server.storage.dir = [/workdir/hadoop-ozone/integration-test/target/test-dir/MiniOzoneClusterImpl-65f8f4fe-1764-4468-9f48-37bf81c95b0d/datanode-4/data/ratis] (custom)
2019-10-02 17:54:12,834 [main] INFO  hdfs.DFSUtil (DFSUtil.java:httpServerTemplateForNNAndJN(1641)) - Starting Web-server for hddsDatanode at: http://0.0.0.0:0
2019-10-02 17:54:12,835 [main] INFO  server.AuthenticationFilter (AuthenticationFilter.java:constructSecretProvider(240)) - Unable to initialize FileSignerSecretProvider, falling back to use random secrets.
2019-10-02 17:54:12,836 [main] WARN  http.HttpRequestLog (HttpRequestLog.java:getRequestLog(97)) - Jetty request log can only be enabled using Log4j
2019-10-02 17:54:12,837 [main] INFO  http.HttpServer2 (HttpServer2.java:addGlobalFilter(975)) - Added global filter 'safety' (class=org.apache.hadoop.http.HttpServer2$QuotingInputFilter)
2019-10-02 17:54:12,838 [main] INFO  http.HttpServer2 (HttpServer2.java:addFilter(948)) - Added filter static_user_filter (class=org.apache.hadoop.http.lib.StaticUserWebFilter$StaticUserFilter) to context hddsDatanode
2019-10-02 17:54:12,838 [main] INFO  http.HttpServer2 (HttpServer2.java:addFilter(958)) - Added filter static_user_filter (class=org.apache.hadoop.http.lib.StaticUserWebFilter$StaticUserFilter) to context logs
2019-10-02 17:54:12,838 [main] INFO  http.HttpServer2 (HttpServer2.java:addFilter(958)) - Added filter static_user_filter (class=org.apache.hadoop.http.lib.StaticUserWebFilter$StaticUserFilter) to context static
2019-10-02 17:54:12,839 [main] INFO  http.HttpServer2 (HttpServer2.java:bindListener(1191)) - Jetty bound to port 34362
2019-10-02 17:54:12,839 [main] INFO  server.Server (Server.java:doStart(351)) - jetty-9.3.25.v20180904, build timestamp: 2018-09-04T21:11:46Z, git hash: 3ce520221d0240229c862b122d2b06c12a625732
2019-10-02 17:54:12,841 [main] INFO  handler.ContextHandler (ContextHandler.java:doStart(781)) - Started o.e.j.s.ServletContextHandler@7cfac39f{/logs,file:///workdir/hadoop-ozone/integration-test/target/log,AVAILABLE}
2019-10-02 17:54:12,841 [main] INFO  handler.ContextHandler (ContextHandler.java:doStart(781)) - Started o.e.j.s.ServletContextHandler@50eb4a2c{/static,jar:file:/home/user/.m2/repository/org/apache/hadoop/hadoop-hdds-container-service/0.5.0-SNAPSHOT/hadoop-hdds-container-service-0.5.0-SNAPSHOT.jar!/webapps/static,AVAILABLE}
2019-10-02 17:54:12,870 [main] INFO  handler.ContextHandler (ContextHandler.java:doStart(781)) - Started o.e.j.w.WebAppContext@16736040{/,file:///tmp/jetty-0.0.0.0-34362-hddsDatanode-_-any-3671361713054836152.dir/webapp/,AVAILABLE}{/hddsDatanode}
2019-10-02 17:54:12,870 [main] INFO  server.AbstractConnector (AbstractConnector.java:doStart(278)) - Started ServerConnector@7c5d1d25{HTTP/1.1,[http/1.1]}{0.0.0.0:34362}
2019-10-02 17:54:12,872 [main] INFO  server.Server (Server.java:doStart(419)) - Started @318532ms
2019-10-02 17:54:12,872 [main] WARN  impl.MetricsSystemImpl (MetricsSystemImpl.java:register(276)) - Sink prometheus already exists!
2019-10-02 17:54:12,873 [main] INFO  server.BaseHttpServer (BaseHttpServer.java:updateConnectorAddress(215)) - HTTP server of HDDSDATANODE is listening at http://0.0.0.0:34362
2019-10-02 17:54:12,873 [main] INFO  impl.MetricsSystemImpl (MetricsSystemImpl.java:init(158)) - HddsDatanode metrics system started (again)
2019-10-02 17:54:12,878 [org.apache.hadoop.util.JvmPauseMonitor$Monitor@4ed2d58e] INFO  util.JvmPauseMonitor (JvmPauseMonitor.java:run(188)) - Starting JVM pause monitor
2019-10-02 17:54:12,878 [main] INFO  ozone.HddsDatanodeService (HddsDatanodeService.java:start(184)) - HddsDatanodeService host:pr-trunk-fgz7f-2353921243 ip:192.168.151.72
2019-10-02 17:54:12,879 [Datanode State Machine Thread - 0] INFO  datanode.InitDatanodeState (InitDatanodeState.java:persistContainerDatanodeDetails(140)) - DatanodeDetails is persisted to /workdir/hadoop-ozone/integration-test/target/test-dir/MiniOzoneClusterImpl-65f8f4fe-1764-4468-9f48-37bf81c95b0d/datanode-4/meta/datanode.id
2019-10-02 17:54:12,884 [main] INFO  volume.HddsVolume (HddsVolume.java:<init>(176)) - Creating Volume: /workdir/hadoop-ozone/integration-test/target/test-dir/MiniOzoneClusterImpl-65f8f4fe-1764-4468-9f48-37bf81c95b0d/datanode-5/data/containers/hdds of  storage type : DISK and capacity : 1482555576320
2019-10-02 17:54:12,884 [main] INFO  volume.VolumeSet (VolumeSet.java:initializeVolumeSet(170)) - Added Volume : /workdir/hadoop-ozone/integration-test/target/test-dir/MiniOzoneClusterImpl-65f8f4fe-1764-4468-9f48-37bf81c95b0d/datanode-5/data/containers/hdds to VolumeSet
2019-10-02 17:54:12,884 [main] INFO  volume.ThrottledAsyncChecker (ThrottledAsyncChecker.java:schedule(139)) - Scheduling a check for org.apache.hadoop.ozone.container.common.volume.HddsVolume@60e06f7d
2019-10-02 17:54:12,885 [main] INFO  volume.HddsVolumeChecker (HddsVolumeChecker.java:checkAllVolumes(202)) - Scheduled health check for volume org.apache.hadoop.ozone.container.common.volume.HddsVolume@60e06f7d
2019-10-02 17:54:12,897 [main] INFO  impl.RaftServerProxy (ConfUtils.java:logGet(43)) - raft.rpc.type = GRPC (default)
2019-10-02 17:54:12,898 [main] INFO  grpc.GrpcFactory (GrpcFactory.java:checkPooledByteBufAllocatorUseCacheForAllThreads(45)) - PERFORMANCE WARNING: useCacheForAllThreads is true that may cause Netty to create a lot garbage objects and, as a result, trigger GC.
	It is recommended to disable useCacheForAllThreads by setting -Dorg.apache.ratis.thirdparty.io.netty.allocator.useCacheForAllThreads=false in command line.
2019-10-02 17:54:12,898 [main] INFO  grpc.GrpcConfigKeys$Server (ConfUtils.java:logGet(43)) - raft.grpc.server.port = 0 (default)
2019-10-02 17:54:12,898 [main] INFO  server.GrpcService (ConfUtils.java:logGet(43)) - raft.grpc.message.size.max = 33570816 (custom)
2019-10-02 17:54:12,898 [main] INFO  server.RaftServerConfigKeys (ConfUtils.java:logGet(43)) - raft.server.log.appender.buffer.byte-limit = 33554432 (custom)
2019-10-02 17:54:12,898 [main] INFO  server.GrpcService (ConfUtils.java:logGet(43)) - raft.grpc.flow.control.window = 1MB (=1048576) (default)
2019-10-02 17:54:12,898 [main] INFO  server.RaftServerConfigKeys (ConfUtils.java:logGet(43)) - raft.server.rpc.request.timeout = 3000ms (default)
2019-10-02 17:54:12,899 [main] INFO  server.RaftServerConfigKeys (ConfUtils.java:logGet(43)) - raft.server.storage.dir = [/workdir/hadoop-ozone/integration-test/target/test-dir/MiniOzoneClusterImpl-65f8f4fe-1764-4468-9f48-37bf81c95b0d/datanode-5/data/ratis] (custom)
2019-10-02 17:54:12,900 [main] INFO  hdfs.DFSUtil (DFSUtil.java:httpServerTemplateForNNAndJN(1641)) - Starting Web-server for hddsDatanode at: http://0.0.0.0:0
2019-10-02 17:54:12,902 [main] INFO  server.AuthenticationFilter (AuthenticationFilter.java:constructSecretProvider(240)) - Unable to initialize FileSignerSecretProvider, falling back to use random secrets.
2019-10-02 17:54:12,902 [main] WARN  http.HttpRequestLog (HttpRequestLog.java:getRequestLog(97)) - Jetty request log can only be enabled using Log4j
2019-10-02 17:54:12,903 [main] INFO  http.HttpServer2 (HttpServer2.java:addGlobalFilter(975)) - Added global filter 'safety' (class=org.apache.hadoop.http.HttpServer2$QuotingInputFilter)
2019-10-02 17:54:12,904 [main] INFO  http.HttpServer2 (HttpServer2.java:addFilter(948)) - Added filter static_user_filter (class=org.apache.hadoop.http.lib.StaticUserWebFilter$StaticUserFilter) to context hddsDatanode
2019-10-02 17:54:12,904 [main] INFO  http.HttpServer2 (HttpServer2.java:addFilter(958)) - Added filter static_user_filter (class=org.apache.hadoop.http.lib.StaticUserWebFilter$StaticUserFilter) to context static
2019-10-02 17:54:12,904 [main] INFO  http.HttpServer2 (HttpServer2.java:addFilter(958)) - Added filter static_user_filter (class=org.apache.hadoop.http.lib.StaticUserWebFilter$StaticUserFilter) to context logs
2019-10-02 17:54:12,905 [main] INFO  http.HttpServer2 (HttpServer2.java:bindListener(1191)) - Jetty bound to port 45413
2019-10-02 17:54:12,905 [main] INFO  server.Server (Server.java:doStart(351)) - jetty-9.3.25.v20180904, build timestamp: 2018-09-04T21:11:46Z, git hash: 3ce520221d0240229c862b122d2b06c12a625732
2019-10-02 17:54:12,906 [main] INFO  handler.ContextHandler (ContextHandler.java:doStart(781)) - Started o.e.j.s.ServletContextHandler@53ce2392{/logs,file:///workdir/hadoop-ozone/integration-test/target/log,AVAILABLE}
2019-10-02 17:54:12,907 [main] INFO  handler.ContextHandler (ContextHandler.java:doStart(781)) - Started o.e.j.s.ServletContextHandler@1c067c0d{/static,jar:file:/home/user/.m2/repository/org/apache/hadoop/hadoop-hdds-container-service/0.5.0-SNAPSHOT/hadoop-hdds-container-service-0.5.0-SNAPSHOT.jar!/webapps/static,AVAILABLE}
2019-10-02 17:54:12,935 [main] INFO  handler.ContextHandler (ContextHandler.java:doStart(781)) - Started o.e.j.w.WebAppContext@76f881d9{/,file:///tmp/jetty-0.0.0.0-45413-hddsDatanode-_-any-1614205841064443344.dir/webapp/,AVAILABLE}{/hddsDatanode}
2019-10-02 17:54:12,936 [main] INFO  server.AbstractConnector (AbstractConnector.java:doStart(278)) - Started ServerConnector@6dd36ab6{HTTP/1.1,[http/1.1]}{0.0.0.0:45413}
2019-10-02 17:54:12,937 [main] INFO  server.Server (Server.java:doStart(419)) - Started @318597ms
2019-10-02 17:54:12,937 [main] WARN  impl.MetricsSystemImpl (MetricsSystemImpl.java:register(276)) - Sink prometheus already exists!
2019-10-02 17:54:12,938 [main] INFO  server.BaseHttpServer (BaseHttpServer.java:updateConnectorAddress(215)) - HTTP server of HDDSDATANODE is listening at http://0.0.0.0:45413
2019-10-02 17:54:12,938 [main] INFO  impl.MetricsSystemImpl (MetricsSystemImpl.java:init(158)) - HddsDatanode metrics system started (again)
2019-10-02 17:54:12,943 [org.apache.hadoop.util.JvmPauseMonitor$Monitor@7926fb43] INFO  util.JvmPauseMonitor (JvmPauseMonitor.java:run(188)) - Starting JVM pause monitor
2019-10-02 17:54:12,943 [main] INFO  ozone.HddsDatanodeService (HddsDatanodeService.java:start(184)) - HddsDatanodeService host:pr-trunk-fgz7f-2353921243 ip:192.168.151.72
2019-10-02 17:54:12,944 [Datanode State Machine Thread - 0] INFO  datanode.InitDatanodeState (InitDatanodeState.java:persistContainerDatanodeDetails(140)) - DatanodeDetails is persisted to /workdir/hadoop-ozone/integration-test/target/test-dir/MiniOzoneClusterImpl-65f8f4fe-1764-4468-9f48-37bf81c95b0d/datanode-5/meta/datanode.id
2019-10-02 17:54:12,949 [main] INFO  volume.HddsVolume (HddsVolume.java:<init>(176)) - Creating Volume: /workdir/hadoop-ozone/integration-test/target/test-dir/MiniOzoneClusterImpl-65f8f4fe-1764-4468-9f48-37bf81c95b0d/datanode-6/data/containers/hdds of  storage type : DISK and capacity : 1482555576320
2019-10-02 17:54:12,949 [main] INFO  volume.VolumeSet (VolumeSet.java:initializeVolumeSet(170)) - Added Volume : /workdir/hadoop-ozone/integration-test/target/test-dir/MiniOzoneClusterImpl-65f8f4fe-1764-4468-9f48-37bf81c95b0d/datanode-6/data/containers/hdds to VolumeSet
2019-10-02 17:54:12,949 [main] INFO  volume.ThrottledAsyncChecker (ThrottledAsyncChecker.java:schedule(139)) - Scheduling a check for org.apache.hadoop.ozone.container.common.volume.HddsVolume@93824eb
2019-10-02 17:54:12,950 [main] INFO  volume.HddsVolumeChecker (HddsVolumeChecker.java:checkAllVolumes(202)) - Scheduled health check for volume org.apache.hadoop.ozone.container.common.volume.HddsVolume@93824eb
2019-10-02 17:54:12,962 [main] INFO  impl.RaftServerProxy (ConfUtils.java:logGet(43)) - raft.rpc.type = GRPC (default)
2019-10-02 17:54:12,963 [main] INFO  grpc.GrpcFactory (GrpcFactory.java:checkPooledByteBufAllocatorUseCacheForAllThreads(45)) - PERFORMANCE WARNING: useCacheForAllThreads is true that may cause Netty to create a lot garbage objects and, as a result, trigger GC.
	It is recommended to disable useCacheForAllThreads by setting -Dorg.apache.ratis.thirdparty.io.netty.allocator.useCacheForAllThreads=false in command line.
2019-10-02 17:54:12,963 [main] INFO  grpc.GrpcConfigKeys$Server (ConfUtils.java:logGet(43)) - raft.grpc.server.port = 0 (default)
2019-10-02 17:54:12,963 [main] INFO  server.GrpcService (ConfUtils.java:logGet(43)) - raft.grpc.message.size.max = 33570816 (custom)
2019-10-02 17:54:12,963 [main] INFO  server.RaftServerConfigKeys (ConfUtils.java:logGet(43)) - raft.server.log.appender.buffer.byte-limit = 33554432 (custom)
2019-10-02 17:54:12,963 [main] INFO  server.GrpcService (ConfUtils.java:logGet(43)) - raft.grpc.flow.control.window = 1MB (=1048576) (default)
2019-10-02 17:54:12,963 [main] INFO  server.RaftServerConfigKeys (ConfUtils.java:logGet(43)) - raft.server.rpc.request.timeout = 3000ms (default)
2019-10-02 17:54:12,964 [main] INFO  server.RaftServerConfigKeys (ConfUtils.java:logGet(43)) - raft.server.storage.dir = [/workdir/hadoop-ozone/integration-test/target/test-dir/MiniOzoneClusterImpl-65f8f4fe-1764-4468-9f48-37bf81c95b0d/datanode-6/data/ratis] (custom)
2019-10-02 17:54:12,965 [main] INFO  hdfs.DFSUtil (DFSUtil.java:httpServerTemplateForNNAndJN(1641)) - Starting Web-server for hddsDatanode at: http://0.0.0.0:0
2019-10-02 17:54:12,967 [main] INFO  server.AuthenticationFilter (AuthenticationFilter.java:constructSecretProvider(240)) - Unable to initialize FileSignerSecretProvider, falling back to use random secrets.
2019-10-02 17:54:12,967 [main] WARN  http.HttpRequestLog (HttpRequestLog.java:getRequestLog(97)) - Jetty request log can only be enabled using Log4j
2019-10-02 17:54:12,968 [main] INFO  http.HttpServer2 (HttpServer2.java:addGlobalFilter(975)) - Added global filter 'safety' (class=org.apache.hadoop.http.HttpServer2$QuotingInputFilter)
2019-10-02 17:54:12,969 [main] INFO  http.HttpServer2 (HttpServer2.java:addFilter(948)) - Added filter static_user_filter (class=org.apache.hadoop.http.lib.StaticUserWebFilter$StaticUserFilter) to context hddsDatanode
2019-10-02 17:54:12,969 [main] INFO  http.HttpServer2 (HttpServer2.java:addFilter(958)) - Added filter static_user_filter (class=org.apache.hadoop.http.lib.StaticUserWebFilter$StaticUserFilter) to context logs
2019-10-02 17:54:12,969 [main] INFO  http.HttpServer2 (HttpServer2.java:addFilter(958)) - Added filter static_user_filter (class=org.apache.hadoop.http.lib.StaticUserWebFilter$StaticUserFilter) to context static
2019-10-02 17:54:12,970 [main] INFO  http.HttpServer2 (HttpServer2.java:bindListener(1191)) - Jetty bound to port 36399
2019-10-02 17:54:12,970 [main] INFO  server.Server (Server.java:doStart(351)) - jetty-9.3.25.v20180904, build timestamp: 2018-09-04T21:11:46Z, git hash: 3ce520221d0240229c862b122d2b06c12a625732
2019-10-02 17:54:12,972 [main] INFO  handler.ContextHandler (ContextHandler.java:doStart(781)) - Started o.e.j.s.ServletContextHandler@4fb04a72{/logs,file:///workdir/hadoop-ozone/integration-test/target/log,AVAILABLE}
2019-10-02 17:54:12,972 [main] INFO  handler.ContextHandler (ContextHandler.java:doStart(781)) - Started o.e.j.s.ServletContextHandler@343e225a{/static,jar:file:/home/user/.m2/repository/org/apache/hadoop/hadoop-hdds-container-service/0.5.0-SNAPSHOT/hadoop-hdds-container-service-0.5.0-SNAPSHOT.jar!/webapps/static,AVAILABLE}
2019-10-02 17:54:13,000 [main] INFO  handler.ContextHandler (ContextHandler.java:doStart(781)) - Started o.e.j.w.WebAppContext@35b17c06{/,file:///tmp/jetty-0.0.0.0-36399-hddsDatanode-_-any-6026403225930185986.dir/webapp/,AVAILABLE}{/hddsDatanode}
2019-10-02 17:54:13,000 [main] INFO  server.AbstractConnector (AbstractConnector.java:doStart(278)) - Started ServerConnector@45545e7a{HTTP/1.1,[http/1.1]}{0.0.0.0:36399}
2019-10-02 17:54:13,002 [main] INFO  server.Server (Server.java:doStart(419)) - Started @318662ms
2019-10-02 17:54:13,002 [main] WARN  impl.MetricsSystemImpl (MetricsSystemImpl.java:register(276)) - Sink prometheus already exists!
2019-10-02 17:54:13,003 [main] INFO  server.BaseHttpServer (BaseHttpServer.java:updateConnectorAddress(215)) - HTTP server of HDDSDATANODE is listening at http://0.0.0.0:36399
2019-10-02 17:54:13,003 [main] INFO  ozone.MiniOzoneClusterImpl (MiniOzoneClusterImpl.java:lambda$waitForClusterToBeReady$0(147)) - Waiting for cluster to be ready. Got 0 of 7 DN Heartbeats.
2019-10-02 17:54:13,007 [org.apache.hadoop.util.JvmPauseMonitor$Monitor@27a621c1] INFO  util.JvmPauseMonitor (JvmPauseMonitor.java:run(188)) - Starting JVM pause monitor
2019-10-02 17:54:13,008 [Datanode State Machine Thread - 0] INFO  datanode.InitDatanodeState (InitDatanodeState.java:persistContainerDatanodeDetails(140)) - DatanodeDetails is persisted to /workdir/hadoop-ozone/integration-test/target/test-dir/MiniOzoneClusterImpl-65f8f4fe-1764-4468-9f48-37bf81c95b0d/datanode-6/meta/datanode.id
2019-10-02 17:54:14,004 [main] INFO  ozone.MiniOzoneClusterImpl (MiniOzoneClusterImpl.java:lambda$waitForClusterToBeReady$0(147)) - Waiting for cluster to be ready. Got 0 of 7 DN Heartbeats.
2019-10-02 17:54:14,651 [Datanode State Machine Thread - 0] INFO  ozoneimpl.OzoneContainer (OzoneContainer.java:start(217)) - Attempting to start container services.
2019-10-02 17:54:14,655 [Datanode State Machine Thread - 0] INFO  ozoneimpl.OzoneContainer (OzoneContainer.java:startContainerScrub(179)) - Background container scanner has been disabled.
2019-10-02 17:54:14,655 [Datanode State Machine Thread - 0] INFO  ratis.XceiverServerRatis (XceiverServerRatis.java:start(417)) - Starting XceiverServerRatis b497eacb-55a3-4ffa-9375-3900e91065f4 at port 0
2019-10-02 17:54:14,662 [Datanode State Machine Thread - 0] INFO  impl.RaftServerProxy (RaftServerProxy.java:lambda$start$3(299)) - b497eacb-55a3-4ffa-9375-3900e91065f4: start RPC server
2019-10-02 17:54:14,666 [Datanode State Machine Thread - 0] INFO  server.GrpcService (GrpcService.java:startImpl(158)) - b497eacb-55a3-4ffa-9375-3900e91065f4: GrpcService started, listening on 0.0.0.0/0.0.0.0:45210
2019-10-02 17:54:14,666 [Datanode State Machine Thread - 0] INFO  ratis.XceiverServerRatis (XceiverServerRatis.java:start(427)) - XceiverServerRatis b497eacb-55a3-4ffa-9375-3900e91065f4 is started using port 45210
2019-10-02 17:54:14,667 [Datanode State Machine Thread - 0] INFO  server.XceiverServerGrpc (XceiverServerGrpc.java:start(149)) - XceiverServerGrpc b497eacb-55a3-4ffa-9375-3900e91065f4 is started using port 41776
2019-10-02 17:54:14,690 [Datanode State Machine Thread - 0] INFO  ozoneimpl.OzoneContainer (OzoneContainer.java:start(217)) - Attempting to start container services.
2019-10-02 17:54:14,690 [Datanode State Machine Thread - 0] INFO  ozoneimpl.OzoneContainer (OzoneContainer.java:startContainerScrub(179)) - Background container scanner has been disabled.
2019-10-02 17:54:14,691 [Datanode State Machine Thread - 0] INFO  ratis.XceiverServerRatis (XceiverServerRatis.java:start(417)) - Starting XceiverServerRatis 3933d80c-e8ff-4f72-bba7-02820fb600e2 at port 0
2019-10-02 17:54:14,696 [Datanode State Machine Thread - 0] INFO  impl.RaftServerProxy (RaftServerProxy.java:lambda$start$3(299)) - 3933d80c-e8ff-4f72-bba7-02820fb600e2: start RPC server
2019-10-02 17:54:14,697 [Datanode State Machine Thread - 0] INFO  server.GrpcService (GrpcService.java:startImpl(158)) - 3933d80c-e8ff-4f72-bba7-02820fb600e2: GrpcService started, listening on 0.0.0.0/0.0.0.0:43322
2019-10-02 17:54:14,698 [Datanode State Machine Thread - 0] INFO  ratis.XceiverServerRatis (XceiverServerRatis.java:start(427)) - XceiverServerRatis 3933d80c-e8ff-4f72-bba7-02820fb600e2 is started using port 43322
2019-10-02 17:54:14,703 [Datanode State Machine Thread - 0] INFO  server.XceiverServerGrpc (XceiverServerGrpc.java:start(149)) - XceiverServerGrpc 3933d80c-e8ff-4f72-bba7-02820fb600e2 is started using port 41773
2019-10-02 17:54:14,761 [Datanode State Machine Thread - 0] INFO  ozoneimpl.OzoneContainer (OzoneContainer.java:start(217)) - Attempting to start container services.
2019-10-02 17:54:14,762 [Datanode State Machine Thread - 0] INFO  ozoneimpl.OzoneContainer (OzoneContainer.java:startContainerScrub(179)) - Background container scanner has been disabled.
2019-10-02 17:54:14,762 [Datanode State Machine Thread - 0] INFO  ratis.XceiverServerRatis (XceiverServerRatis.java:start(417)) - Starting XceiverServerRatis b7323768-8f87-4fb6-921f-bc5aae8c9ceb at port 0
2019-10-02 17:54:14,767 [Datanode State Machine Thread - 0] INFO  impl.RaftServerProxy (RaftServerProxy.java:lambda$start$3(299)) - b7323768-8f87-4fb6-921f-bc5aae8c9ceb: start RPC server
2019-10-02 17:54:14,768 [Datanode State Machine Thread - 0] INFO  server.GrpcService (GrpcService.java:startImpl(158)) - b7323768-8f87-4fb6-921f-bc5aae8c9ceb: GrpcService started, listening on 0.0.0.0/0.0.0.0:45619
2019-10-02 17:54:14,768 [Datanode State Machine Thread - 0] INFO  ratis.XceiverServerRatis (XceiverServerRatis.java:start(427)) - XceiverServerRatis b7323768-8f87-4fb6-921f-bc5aae8c9ceb is started using port 45619
2019-10-02 17:54:14,773 [Datanode State Machine Thread - 0] INFO  server.XceiverServerGrpc (XceiverServerGrpc.java:start(149)) - XceiverServerGrpc b7323768-8f87-4fb6-921f-bc5aae8c9ceb is started using port 38758
2019-10-02 17:54:14,825 [Datanode State Machine Thread - 0] INFO  ozoneimpl.OzoneContainer (OzoneContainer.java:start(217)) - Attempting to start container services.
2019-10-02 17:54:14,825 [Datanode State Machine Thread - 0] INFO  ozoneimpl.OzoneContainer (OzoneContainer.java:startContainerScrub(179)) - Background container scanner has been disabled.
2019-10-02 17:54:14,825 [Datanode State Machine Thread - 0] INFO  ratis.XceiverServerRatis (XceiverServerRatis.java:start(417)) - Starting XceiverServerRatis 4a0512f4-119f-4f66-8d84-cb92b75127d3 at port 0
2019-10-02 17:54:14,830 [Datanode State Machine Thread - 0] INFO  impl.RaftServerProxy (RaftServerProxy.java:lambda$start$3(299)) - 4a0512f4-119f-4f66-8d84-cb92b75127d3: start RPC server
2019-10-02 17:54:14,831 [Datanode State Machine Thread - 0] INFO  server.GrpcService (GrpcService.java:startImpl(158)) - 4a0512f4-119f-4f66-8d84-cb92b75127d3: GrpcService started, listening on 0.0.0.0/0.0.0.0:38519
2019-10-02 17:54:14,831 [Datanode State Machine Thread - 0] INFO  ratis.XceiverServerRatis (XceiverServerRatis.java:start(427)) - XceiverServerRatis 4a0512f4-119f-4f66-8d84-cb92b75127d3 is started using port 38519
2019-10-02 17:54:14,834 [Datanode State Machine Thread - 0] INFO  server.XceiverServerGrpc (XceiverServerGrpc.java:start(149)) - XceiverServerGrpc 4a0512f4-119f-4f66-8d84-cb92b75127d3 is started using port 45021
2019-10-02 17:54:14,892 [Datanode State Machine Thread - 0] INFO  ozoneimpl.OzoneContainer (OzoneContainer.java:start(217)) - Attempting to start container services.
2019-10-02 17:54:14,892 [Datanode State Machine Thread - 0] INFO  ozoneimpl.OzoneContainer (OzoneContainer.java:startContainerScrub(179)) - Background container scanner has been disabled.
2019-10-02 17:54:14,892 [Datanode State Machine Thread - 0] INFO  ratis.XceiverServerRatis (XceiverServerRatis.java:start(417)) - Starting XceiverServerRatis 91a1b220-aea4-4dd3-92cb-bba23af74008 at port 0
2019-10-02 17:54:14,898 [Datanode State Machine Thread - 0] INFO  impl.RaftServerProxy (RaftServerProxy.java:lambda$start$3(299)) - 91a1b220-aea4-4dd3-92cb-bba23af74008: start RPC server
2019-10-02 17:54:14,899 [Datanode State Machine Thread - 0] INFO  server.GrpcService (GrpcService.java:startImpl(158)) - 91a1b220-aea4-4dd3-92cb-bba23af74008: GrpcService started, listening on 0.0.0.0/0.0.0.0:35241
2019-10-02 17:54:14,899 [Datanode State Machine Thread - 0] INFO  ratis.XceiverServerRatis (XceiverServerRatis.java:start(427)) - XceiverServerRatis 91a1b220-aea4-4dd3-92cb-bba23af74008 is started using port 35241
2019-10-02 17:54:14,900 [Datanode State Machine Thread - 0] INFO  server.XceiverServerGrpc (XceiverServerGrpc.java:start(149)) - XceiverServerGrpc 91a1b220-aea4-4dd3-92cb-bba23af74008 is started using port 39665
2019-10-02 17:54:14,958 [Datanode State Machine Thread - 0] INFO  ozoneimpl.OzoneContainer (OzoneContainer.java:start(217)) - Attempting to start container services.
2019-10-02 17:54:14,959 [Datanode State Machine Thread - 0] INFO  ozoneimpl.OzoneContainer (OzoneContainer.java:startContainerScrub(179)) - Background container scanner has been disabled.
2019-10-02 17:54:14,959 [Datanode State Machine Thread - 0] INFO  ratis.XceiverServerRatis (XceiverServerRatis.java:start(417)) - Starting XceiverServerRatis 42f78218-58d8-457c-9fe0-c600e3909325 at port 0
2019-10-02 17:54:14,965 [Datanode State Machine Thread - 0] INFO  impl.RaftServerProxy (RaftServerProxy.java:lambda$start$3(299)) - 42f78218-58d8-457c-9fe0-c600e3909325: start RPC server
2019-10-02 17:54:14,966 [Datanode State Machine Thread - 0] INFO  server.GrpcService (GrpcService.java:startImpl(158)) - 42f78218-58d8-457c-9fe0-c600e3909325: GrpcService started, listening on 0.0.0.0/0.0.0.0:42207
2019-10-02 17:54:14,966 [Datanode State Machine Thread - 0] INFO  ratis.XceiverServerRatis (XceiverServerRatis.java:start(427)) - XceiverServerRatis 42f78218-58d8-457c-9fe0-c600e3909325 is started using port 42207
2019-10-02 17:54:14,969 [Datanode State Machine Thread - 0] INFO  server.XceiverServerGrpc (XceiverServerGrpc.java:start(149)) - XceiverServerGrpc 42f78218-58d8-457c-9fe0-c600e3909325 is started using port 46073
2019-10-02 17:54:15,005 [main] INFO  ozone.MiniOzoneClusterImpl (MiniOzoneClusterImpl.java:lambda$waitForClusterToBeReady$0(147)) - Waiting for cluster to be ready. Got 0 of 7 DN Heartbeats.
2019-10-02 17:54:15,021 [Datanode State Machine Thread - 0] INFO  ozoneimpl.OzoneContainer (OzoneContainer.java:start(217)) - Attempting to start container services.
2019-10-02 17:54:15,021 [Datanode State Machine Thread - 0] INFO  ozoneimpl.OzoneContainer (OzoneContainer.java:startContainerScrub(179)) - Background container scanner has been disabled.
2019-10-02 17:54:15,021 [Datanode State Machine Thread - 0] INFO  ratis.XceiverServerRatis (XceiverServerRatis.java:start(417)) - Starting XceiverServerRatis ae729cbd-7ce4-47be-ae44-f885f4c1fbd3 at port 0
2019-10-02 17:54:15,028 [Datanode State Machine Thread - 0] INFO  impl.RaftServerProxy (RaftServerProxy.java:lambda$start$3(299)) - ae729cbd-7ce4-47be-ae44-f885f4c1fbd3: start RPC server
2019-10-02 17:54:15,029 [Datanode State Machine Thread - 0] INFO  server.GrpcService (GrpcService.java:startImpl(158)) - ae729cbd-7ce4-47be-ae44-f885f4c1fbd3: GrpcService started, listening on 0.0.0.0/0.0.0.0:36044
2019-10-02 17:54:15,029 [Datanode State Machine Thread - 0] INFO  ratis.XceiverServerRatis (XceiverServerRatis.java:start(427)) - XceiverServerRatis ae729cbd-7ce4-47be-ae44-f885f4c1fbd3 is started using port 36044
2019-10-02 17:54:15,029 [Datanode State Machine Thread - 0] INFO  server.XceiverServerGrpc (XceiverServerGrpc.java:start(149)) - XceiverServerGrpc ae729cbd-7ce4-47be-ae44-f885f4c1fbd3 is started using port 35120
2019-10-02 17:54:16,005 [main] INFO  ozone.MiniOzoneClusterImpl (MiniOzoneClusterImpl.java:lambda$waitForClusterToBeReady$0(147)) - Waiting for cluster to be ready. Got 0 of 7 DN Heartbeats.
2019-10-02 17:54:16,617 [IPC Server handler 4 on 45386] INFO  net.NetworkTopology (NetworkTopologyImpl.java:add(111)) - Added a new node: /default-rack/b497eacb-55a3-4ffa-9375-3900e91065f4
2019-10-02 17:54:16,619 [IPC Server handler 4 on 45386] INFO  node.SCMNodeManager (SCMNodeManager.java:register(266)) - Registered Data node : b497eacb-55a3-4ffa-9375-3900e91065f4{ip: 192.168.151.72, host: pr-trunk-fgz7f-2353921243, networkLocation: /default-rack, certSerialId: null}
2019-10-02 17:54:16,621 [EventQueue-NodeRegistrationContainerReportForDataNodeSafeModeRule] INFO  safemode.SCMSafeModeManager (DataNodeSafeModeRule.java:process(71)) - SCM in safe mode. 1 DataNodes registered, 1 required.
2019-10-02 17:54:16,623 [EventQueue-NodeRegistrationContainerReportForDataNodeSafeModeRule] INFO  safemode.SCMSafeModeManager (SCMSafeModeManager.java:validateSafeModeExitRules(177)) - ScmSafeModeManager, all rules are successfully validated
2019-10-02 17:54:16,623 [EventQueue-NodeRegistrationContainerReportForDataNodeSafeModeRule] INFO  safemode.SCMSafeModeManager (SCMSafeModeManager.java:exitSafeMode(193)) - SCM exiting safe mode.
2019-10-02 17:54:16,638 [grpc-default-executor-3] INFO  impl.RaftServerProxy (RaftServerProxy.java:addNew(89)) - b497eacb-55a3-4ffa-9375-3900e91065f4: addNew group-3A3CEB3F2B06:[b497eacb-55a3-4ffa-9375-3900e91065f4:192.168.151.72:45210] returns group-3A3CEB3F2B06:java.util.concurrent.CompletableFuture@257151ae[Not completed]
2019-10-02 17:54:16,642 [pool-121-thread-1] INFO  impl.RaftServerImpl (RaftServerImpl.java:<init>(95)) - b497eacb-55a3-4ffa-9375-3900e91065f4: new RaftServerImpl for group-3A3CEB3F2B06:[b497eacb-55a3-4ffa-9375-3900e91065f4:192.168.151.72:45210] with ContainerStateMachine:uninitialized
2019-10-02 17:54:16,642 [pool-121-thread-1] INFO  server.RaftServerConfigKeys (ConfUtils.java:logGet(43)) - raft.server.rpc.timeout.min = 5s (custom)
2019-10-02 17:54:16,642 [pool-121-thread-1] INFO  server.RaftServerConfigKeys (ConfUtils.java:logGet(43)) - raft.server.rpc.timeout.max = 5200ms (custom)
2019-10-02 17:54:16,642 [pool-121-thread-1] INFO  server.RaftServerConfigKeys (ConfUtils.java:logGet(43)) - raft.server.rpcslowness.timeout = 120s (custom)
2019-10-02 17:54:16,642 [pool-121-thread-1] INFO  server.RaftServerConfigKeys (ConfUtils.java:logGet(43)) - raft.server.sleep.deviation.threshold = 300 (default)
2019-10-02 17:54:16,642 [pool-121-thread-1] INFO  server.RaftServerConfigKeys (ConfUtils.java:logGet(43)) - raft.server.log.appender.install.snapshot.enabled = false (custom)
2019-10-02 17:54:16,642 [pool-121-thread-1] INFO  impl.RaftServerImpl (ServerState.java:<init>(103)) - b497eacb-55a3-4ffa-9375-3900e91065f4@group-3A3CEB3F2B06: ConfigurationManager, init=-1: [b497eacb-55a3-4ffa-9375-3900e91065f4:192.168.151.72:45210], old=null, confs=<EMPTY_MAP>
2019-10-02 17:54:16,643 [pool-121-thread-1] INFO  server.RaftServerConfigKeys (ConfUtils.java:logGet(43)) - raft.server.storage.dir = [/workdir/hadoop-ozone/integration-test/target/test-dir/MiniOzoneClusterImpl-65f8f4fe-1764-4468-9f48-37bf81c95b0d/datanode-0/data/ratis] (custom)
2019-10-02 17:54:16,643 [pool-121-thread-1] INFO  server.RaftServerConfigKeys (ConfUtils.java:logGet(43)) - raft.server.log.corruption.policy = EXCEPTION (default)
2019-10-02 17:54:16,643 [pool-121-thread-1] INFO  storage.RaftStorageDirectory (RaftStorageDirectory.java:analyzeStorage(246)) - The storage directory /workdir/hadoop-ozone/integration-test/target/test-dir/MiniOzoneClusterImpl-65f8f4fe-1764-4468-9f48-37bf81c95b0d/datanode-0/data/ratis/a0c1b533-9418-4f17-84cc-3a3ceb3f2b06 does not exist. Creating ...
2019-10-02 17:54:16,657 [pool-121-thread-1] INFO  storage.RaftStorageDirectory (RaftStorageDirectory.java:tryLock(328)) - Lock on /workdir/hadoop-ozone/integration-test/target/test-dir/MiniOzoneClusterImpl-65f8f4fe-1764-4468-9f48-37bf81c95b0d/datanode-0/data/ratis/a0c1b533-9418-4f17-84cc-3a3ceb3f2b06/in_use.lock acquired by nodename 27144@pr-trunk-fgz7f-2353921243
2019-10-02 17:54:16,661 [pool-121-thread-1] INFO  storage.RaftStorage (RaftStorage.java:format(84)) - Storage directory /workdir/hadoop-ozone/integration-test/target/test-dir/MiniOzoneClusterImpl-65f8f4fe-1764-4468-9f48-37bf81c95b0d/datanode-0/data/ratis/a0c1b533-9418-4f17-84cc-3a3ceb3f2b06 has been successfully formatted.
2019-10-02 17:54:16,661 [pool-121-thread-1] INFO  ratis.ContainerStateMachine (ContainerStateMachine.java:loadSnapshot(231)) - group-3A3CEB3F2B06: The snapshot info is null. Setting the last applied indexto:(t:0, i:~)
2019-10-02 17:54:16,661 [pool-121-thread-1] INFO  server.RaftServerConfigKeys (ConfUtils.java:logGet(43)) - raft.server.notification.no-leader.timeout = 120s (custom)
2019-10-02 17:54:16,661 [pool-121-thread-1] INFO  server.RaftServerConfigKeys (ConfUtils.java:logGet(43)) - raft.server.log.use.memory = false (default)
2019-10-02 17:54:16,662 [pool-121-thread-1] INFO  server.RaftServerConfigKeys (ConfUtils.java:logGet(43)) - raft.server.log.purge.gap = 1000000 (custom)
2019-10-02 17:54:16,662 [pool-121-thread-1] INFO  server.RaftServerConfigKeys (ConfUtils.java:logGet(43)) - raft.server.log.appender.buffer.byte-limit = 33554432 (custom)
2019-10-02 17:54:16,662 [pool-121-thread-1] INFO  server.RaftServerConfigKeys (ConfUtils.java:logGet(43)) - raft.server.log.segment.size.max = 1048576 (custom)
2019-10-02 17:54:16,664 [pool-121-thread-1] INFO  server.RaftServerConfigKeys (ConfUtils.java:logGet(43)) - raft.server.log.segment.cache.num.max = 2 (custom)
2019-10-02 17:54:16,664 [pool-121-thread-1] INFO  segmented.SegmentedRaftLogWorker (SegmentedRaftLogWorker.java:<init>(173)) - new b497eacb-55a3-4ffa-9375-3900e91065f4@group-3A3CEB3F2B06-SegmentedRaftLogWorker for RaftStorage:Storage Directory /workdir/hadoop-ozone/integration-test/target/test-dir/MiniOzoneClusterImpl-65f8f4fe-1764-4468-9f48-37bf81c95b0d/datanode-0/data/ratis/a0c1b533-9418-4f17-84cc-3a3ceb3f2b06
2019-10-02 17:54:16,664 [pool-121-thread-1] INFO  server.RaftServerConfigKeys (ConfUtils.java:logGet(43)) - raft.server.log.queue.byte-limit = 2147483647 (custom)
2019-10-02 17:54:16,664 [pool-121-thread-1] INFO  server.RaftServerConfigKeys (ConfUtils.java:logGet(43)) - raft.server.log.queue.element-limit = 1024 (custom)
2019-10-02 17:54:16,664 [pool-121-thread-1] INFO  server.RaftServerConfigKeys (ConfUtils.java:logGet(43)) - raft.server.log.segment.size.max = 1048576 (custom)
2019-10-02 17:54:16,664 [pool-121-thread-1] INFO  server.RaftServerConfigKeys (ConfUtils.java:logGet(43)) - raft.server.log.preallocated.size = 16384 (custom)
2019-10-02 17:54:16,664 [pool-121-thread-1] INFO  server.RaftServerConfigKeys (ConfUtils.java:logGet(43)) - raft.server.log.write.buffer.size = 33554432 (custom)
2019-10-02 17:54:16,664 [pool-121-thread-1] INFO  server.RaftServerConfigKeys (ConfUtils.java:logGet(43)) - raft.server.log.force.sync.num = 128 (default)
2019-10-02 17:54:16,664 [pool-121-thread-1] INFO  server.RaftServerConfigKeys (ConfUtils.java:logGet(43)) - raft.server.log.statemachine.data.sync = true (default)
2019-10-02 17:54:16,665 [pool-121-thread-1] INFO  server.RaftServerConfigKeys (ConfUtils.java:logGet(43)) - raft.server.log.statemachine.data.sync.timeout = 10s (default)
2019-10-02 17:54:16,665 [pool-121-thread-1] INFO  server.RaftServerConfigKeys (ConfUtils.java:logGet(43)) - raft.server.log.statemachine.data.sync.timeout.retry = -1 (default)
2019-10-02 17:54:16,665 [pool-121-thread-1] INFO  server.RaftServerConfigKeys (ConfUtils.java:logGet(43)) - raft.server.log.statemachine.data.caching.enabled = true (custom)
2019-10-02 17:54:16,665 [pool-121-thread-1] INFO  segmented.SegmentedRaftLogWorker (SegmentedRaftLogWorker.java:lambda$new$0(128)) - b497eacb-55a3-4ffa-9375-3900e91065f4@group-3A3CEB3F2B06-SegmentedRaftLogWorker: flushIndex: setUnconditionally 0 -> -1
2019-10-02 17:54:16,666 [pool-121-thread-1] INFO  server.RaftServerConfigKeys (ConfUtils.java:logGet(43)) - raft.server.snapshot.auto.trigger.enabled = true (custom)
2019-10-02 17:54:16,666 [pool-121-thread-1] INFO  server.RaftServerConfigKeys (ConfUtils.java:logGet(43)) - raft.server.snapshot.auto.trigger.threshold = 10000 (custom)
2019-10-02 17:54:16,666 [pool-121-thread-1] INFO  server.RaftServerConfigKeys (ConfUtils.java:logGet(43)) - raft.server.snapshot.retention.file.num = 5 (custom)
2019-10-02 17:54:16,666 [pool-121-thread-1] INFO  server.RaftServerConfigKeys (ConfUtils.java:logGet(43)) - raft.server.retrycache.expirytime = 600000ms (custom)
2019-10-02 17:54:16,668 [pool-121-thread-1] INFO  impl.RaftServerImpl (RaftServerImpl.java:start(181)) - b497eacb-55a3-4ffa-9375-3900e91065f4@group-3A3CEB3F2B06: start as a follower, conf=-1: [b497eacb-55a3-4ffa-9375-3900e91065f4:192.168.151.72:45210], old=null
2019-10-02 17:54:16,668 [pool-121-thread-1] INFO  impl.RaftServerImpl (RaftServerImpl.java:setRole(170)) - b497eacb-55a3-4ffa-9375-3900e91065f4@group-3A3CEB3F2B06: changes role from      null to FOLLOWER at term 0 for startAsFollower
2019-10-02 17:54:16,668 [pool-121-thread-1] INFO  impl.RoleInfo (RoleInfo.java:updateAndGet(143)) - b497eacb-55a3-4ffa-9375-3900e91065f4: start FollowerState
2019-10-02 17:54:16,668 [pool-121-thread-1] INFO  util.JmxRegister (JmxRegister.java:tryRegister(44)) - Successfully registered JMX Bean with object name Ratis:service=RaftServer,group=group-3A3CEB3F2B06,id=b497eacb-55a3-4ffa-9375-3900e91065f4
2019-10-02 17:54:16,675 [IPC Server handler 6 on 45386] INFO  net.NetworkTopology (NetworkTopologyImpl.java:add(111)) - Added a new node: /default-rack/3933d80c-e8ff-4f72-bba7-02820fb600e2
2019-10-02 17:54:16,675 [IPC Server handler 6 on 45386] INFO  node.SCMNodeManager (SCMNodeManager.java:register(266)) - Registered Data node : 3933d80c-e8ff-4f72-bba7-02820fb600e2{ip: 192.168.151.72, host: pr-trunk-fgz7f-2353921243, networkLocation: /default-rack, certSerialId: null}
2019-10-02 17:54:16,693 [RatisPipelineUtilsThread] INFO  pipeline.PipelineStateManager (PipelineStateManager.java:addPipeline(56)) - Created pipeline Pipeline[ Id: a0c1b533-9418-4f17-84cc-3a3ceb3f2b06, Nodes: b497eacb-55a3-4ffa-9375-3900e91065f4{ip: 192.168.151.72, host: pr-trunk-fgz7f-2353921243, networkLocation: /default-rack, certSerialId: null}, Type:RATIS, Factor:ONE, State:OPEN]
2019-10-02 17:54:16,702 [grpc-default-executor-3] INFO  impl.RaftServerProxy (RaftServerProxy.java:addNew(89)) - 3933d80c-e8ff-4f72-bba7-02820fb600e2: addNew group-9A5423B694AF:[3933d80c-e8ff-4f72-bba7-02820fb600e2:192.168.151.72:43322] returns group-9A5423B694AF:java.util.concurrent.CompletableFuture@39bf86ce[Not completed]
2019-10-02 17:54:16,707 [pool-131-thread-1] INFO  impl.RaftServerImpl (RaftServerImpl.java:<init>(95)) - 3933d80c-e8ff-4f72-bba7-02820fb600e2: new RaftServerImpl for group-9A5423B694AF:[3933d80c-e8ff-4f72-bba7-02820fb600e2:192.168.151.72:43322] with ContainerStateMachine:uninitialized
2019-10-02 17:54:16,708 [pool-131-thread-1] INFO  server.RaftServerConfigKeys (ConfUtils.java:logGet(43)) - raft.server.rpc.timeout.min = 5s (custom)
2019-10-02 17:54:16,708 [pool-131-thread-1] INFO  server.RaftServerConfigKeys (ConfUtils.java:logGet(43)) - raft.server.rpc.timeout.max = 5200ms (custom)
2019-10-02 17:54:16,708 [pool-131-thread-1] INFO  server.RaftServerConfigKeys (ConfUtils.java:logGet(43)) - raft.server.rpcslowness.timeout = 120s (custom)
2019-10-02 17:54:16,708 [pool-131-thread-1] INFO  server.RaftServerConfigKeys (ConfUtils.java:logGet(43)) - raft.server.sleep.deviation.threshold = 300 (default)
2019-10-02 17:54:16,708 [pool-131-thread-1] INFO  server.RaftServerConfigKeys (ConfUtils.java:logGet(43)) - raft.server.log.appender.install.snapshot.enabled = false (custom)
2019-10-02 17:54:16,708 [pool-131-thread-1] INFO  impl.RaftServerImpl (ServerState.java:<init>(103)) - 3933d80c-e8ff-4f72-bba7-02820fb600e2@group-9A5423B694AF: ConfigurationManager, init=-1: [3933d80c-e8ff-4f72-bba7-02820fb600e2:192.168.151.72:43322], old=null, confs=<EMPTY_MAP>
2019-10-02 17:54:16,708 [pool-131-thread-1] INFO  server.RaftServerConfigKeys (ConfUtils.java:logGet(43)) - raft.server.storage.dir = [/workdir/hadoop-ozone/integration-test/target/test-dir/MiniOzoneClusterImpl-65f8f4fe-1764-4468-9f48-37bf81c95b0d/datanode-1/data/ratis] (custom)
2019-10-02 17:54:16,708 [pool-131-thread-1] INFO  server.RaftServerConfigKeys (ConfUtils.java:logGet(43)) - raft.server.log.corruption.policy = EXCEPTION (default)
2019-10-02 17:54:16,708 [pool-131-thread-1] INFO  storage.RaftStorageDirectory (RaftStorageDirectory.java:analyzeStorage(246)) - The storage directory /workdir/hadoop-ozone/integration-test/target/test-dir/MiniOzoneClusterImpl-65f8f4fe-1764-4468-9f48-37bf81c95b0d/datanode-1/data/ratis/0970df84-27d1-4a9f-bba5-9a5423b694af does not exist. Creating ...
2019-10-02 17:54:16,722 [pool-131-thread-1] INFO  storage.RaftStorageDirectory (RaftStorageDirectory.java:tryLock(328)) - Lock on /workdir/hadoop-ozone/integration-test/target/test-dir/MiniOzoneClusterImpl-65f8f4fe-1764-4468-9f48-37bf81c95b0d/datanode-1/data/ratis/0970df84-27d1-4a9f-bba5-9a5423b694af/in_use.lock acquired by nodename 27144@pr-trunk-fgz7f-2353921243
2019-10-02 17:54:16,735 [pool-131-thread-1] INFO  storage.RaftStorage (RaftStorage.java:format(84)) - Storage directory /workdir/hadoop-ozone/integration-test/target/test-dir/MiniOzoneClusterImpl-65f8f4fe-1764-4468-9f48-37bf81c95b0d/datanode-1/data/ratis/0970df84-27d1-4a9f-bba5-9a5423b694af has been successfully formatted.
2019-10-02 17:54:16,735 [pool-131-thread-1] INFO  ratis.ContainerStateMachine (ContainerStateMachine.java:loadSnapshot(231)) - group-9A5423B694AF: The snapshot info is null. Setting the last applied indexto:(t:0, i:~)
2019-10-02 17:54:16,735 [pool-131-thread-1] INFO  server.RaftServerConfigKeys (ConfUtils.java:logGet(43)) - raft.server.notification.no-leader.timeout = 120s (custom)
2019-10-02 17:54:16,735 [pool-131-thread-1] INFO  server.RaftServerConfigKeys (ConfUtils.java:logGet(43)) - raft.server.log.use.memory = false (default)
2019-10-02 17:54:16,735 [pool-131-thread-1] INFO  server.RaftServerConfigKeys (ConfUtils.java:logGet(43)) - raft.server.log.purge.gap = 1000000 (custom)
2019-10-02 17:54:16,735 [pool-131-thread-1] INFO  server.RaftServerConfigKeys (ConfUtils.java:logGet(43)) - raft.server.log.appender.buffer.byte-limit = 33554432 (custom)
2019-10-02 17:54:16,736 [pool-131-thread-1] INFO  server.RaftServerConfigKeys (ConfUtils.java:logGet(43)) - raft.server.log.segment.size.max = 1048576 (custom)
2019-10-02 17:54:16,738 [pool-131-thread-1] INFO  server.RaftServerConfigKeys (ConfUtils.java:logGet(43)) - raft.server.log.segment.cache.num.max = 2 (custom)
2019-10-02 17:54:16,738 [pool-131-thread-1] INFO  segmented.SegmentedRaftLogWorker (SegmentedRaftLogWorker.java:<init>(173)) - new 3933d80c-e8ff-4f72-bba7-02820fb600e2@group-9A5423B694AF-SegmentedRaftLogWorker for RaftStorage:Storage Directory /workdir/hadoop-ozone/integration-test/target/test-dir/MiniOzoneClusterImpl-65f8f4fe-1764-4468-9f48-37bf81c95b0d/datanode-1/data/ratis/0970df84-27d1-4a9f-bba5-9a5423b694af
2019-10-02 17:54:16,738 [pool-131-thread-1] INFO  server.RaftServerConfigKeys (ConfUtils.java:logGet(43)) - raft.server.log.queue.byte-limit = 2147483647 (custom)
2019-10-02 17:54:16,738 [pool-131-thread-1] INFO  server.RaftServerConfigKeys (ConfUtils.java:logGet(43)) - raft.server.log.queue.element-limit = 1024 (custom)
2019-10-02 17:54:16,738 [pool-131-thread-1] INFO  server.RaftServerConfigKeys (ConfUtils.java:logGet(43)) - raft.server.log.segment.size.max = 1048576 (custom)
2019-10-02 17:54:16,738 [pool-131-thread-1] INFO  server.RaftServerConfigKeys (ConfUtils.java:logGet(43)) - raft.server.log.preallocated.size = 16384 (custom)
2019-10-02 17:54:16,738 [pool-131-thread-1] INFO  server.RaftServerConfigKeys (ConfUtils.java:logGet(43)) - raft.server.log.write.buffer.size = 33554432 (custom)
2019-10-02 17:54:16,738 [pool-131-thread-1] INFO  server.RaftServerConfigKeys (ConfUtils.java:logGet(43)) - raft.server.log.force.sync.num = 128 (default)
2019-10-02 17:54:16,738 [pool-131-thread-1] INFO  server.RaftServerConfigKeys (ConfUtils.java:logGet(43)) - raft.server.log.statemachine.data.sync = true (default)
2019-10-02 17:54:16,738 [pool-131-thread-1] INFO  server.RaftServerConfigKeys (ConfUtils.java:logGet(43)) - raft.server.log.statemachine.data.sync.timeout = 10s (default)
2019-10-02 17:54:16,739 [pool-131-thread-1] INFO  server.RaftServerConfigKeys (ConfUtils.java:logGet(43)) - raft.server.log.statemachine.data.sync.timeout.retry = -1 (default)
2019-10-02 17:54:16,739 [pool-131-thread-1] INFO  server.RaftServerConfigKeys (ConfUtils.java:logGet(43)) - raft.server.log.statemachine.data.caching.enabled = true (custom)
2019-10-02 17:54:16,739 [pool-131-thread-1] INFO  segmented.SegmentedRaftLogWorker (SegmentedRaftLogWorker.java:lambda$new$0(128)) - 3933d80c-e8ff-4f72-bba7-02820fb600e2@group-9A5423B694AF-SegmentedRaftLogWorker: flushIndex: setUnconditionally 0 -> -1
2019-10-02 17:54:16,739 [pool-131-thread-1] INFO  server.RaftServerConfigKeys (ConfUtils.java:logGet(43)) - raft.server.snapshot.auto.trigger.enabled = true (custom)
2019-10-02 17:54:16,739 [pool-131-thread-1] INFO  server.RaftServerConfigKeys (ConfUtils.java:logGet(43)) - raft.server.snapshot.auto.trigger.threshold = 10000 (custom)
2019-10-02 17:54:16,739 [pool-131-thread-1] INFO  server.RaftServerConfigKeys (ConfUtils.java:logGet(43)) - raft.server.snapshot.retention.file.num = 5 (custom)
2019-10-02 17:54:16,740 [pool-131-thread-1] INFO  server.RaftServerConfigKeys (ConfUtils.java:logGet(43)) - raft.server.retrycache.expirytime = 600000ms (custom)
2019-10-02 17:54:16,741 [pool-131-thread-1] INFO  impl.RaftServerImpl (RaftServerImpl.java:start(181)) - 3933d80c-e8ff-4f72-bba7-02820fb600e2@group-9A5423B694AF: start as a follower, conf=-1: [3933d80c-e8ff-4f72-bba7-02820fb600e2:192.168.151.72:43322], old=null
2019-10-02 17:54:16,741 [pool-131-thread-1] INFO  impl.RaftServerImpl (RaftServerImpl.java:setRole(170)) - 3933d80c-e8ff-4f72-bba7-02820fb600e2@group-9A5423B694AF: changes role from      null to FOLLOWER at term 0 for startAsFollower
2019-10-02 17:54:16,741 [pool-131-thread-1] INFO  impl.RoleInfo (RoleInfo.java:updateAndGet(143)) - 3933d80c-e8ff-4f72-bba7-02820fb600e2: start FollowerState
2019-10-02 17:54:16,741 [pool-131-thread-1] INFO  util.JmxRegister (JmxRegister.java:tryRegister(44)) - Successfully registered JMX Bean with object name Ratis:service=RaftServer,group=group-9A5423B694AF,id=3933d80c-e8ff-4f72-bba7-02820fb600e2
2019-10-02 17:54:16,745 [RatisPipelineUtilsThread] INFO  pipeline.PipelineStateManager (PipelineStateManager.java:addPipeline(56)) - Created pipeline Pipeline[ Id: 0970df84-27d1-4a9f-bba5-9a5423b694af, Nodes: 3933d80c-e8ff-4f72-bba7-02820fb600e2{ip: 192.168.151.72, host: pr-trunk-fgz7f-2353921243, networkLocation: /default-rack, certSerialId: null}, Type:RATIS, Factor:ONE, State:OPEN]
2019-10-02 17:54:16,751 [IPC Server handler 7 on 45386] INFO  net.NetworkTopology (NetworkTopologyImpl.java:add(111)) - Added a new node: /default-rack/b7323768-8f87-4fb6-921f-bc5aae8c9ceb
2019-10-02 17:54:16,751 [IPC Server handler 7 on 45386] INFO  node.SCMNodeManager (SCMNodeManager.java:register(266)) - Registered Data node : b7323768-8f87-4fb6-921f-bc5aae8c9ceb{ip: 192.168.151.72, host: pr-trunk-fgz7f-2353921243, networkLocation: /default-rack, certSerialId: null}
2019-10-02 17:54:16,812 [IPC Server handler 2 on 45386] INFO  net.NetworkTopology (NetworkTopologyImpl.java:add(111)) - Added a new node: /default-rack/4a0512f4-119f-4f66-8d84-cb92b75127d3
2019-10-02 17:54:16,812 [IPC Server handler 2 on 45386] INFO  node.SCMNodeManager (SCMNodeManager.java:register(266)) - Registered Data node : 4a0512f4-119f-4f66-8d84-cb92b75127d3{ip: 192.168.151.72, host: pr-trunk-fgz7f-2353921243, networkLocation: /default-rack, certSerialId: null}
2019-10-02 17:54:16,820 [grpc-default-executor-3] INFO  impl.RaftServerProxy (RaftServerProxy.java:addNew(89)) - b7323768-8f87-4fb6-921f-bc5aae8c9ceb: addNew group-0B378948FB51:[b7323768-8f87-4fb6-921f-bc5aae8c9ceb:192.168.151.72:45619] returns group-0B378948FB51:java.util.concurrent.CompletableFuture@5d852527[Not completed]
2019-10-02 17:54:16,826 [pool-141-thread-1] INFO  impl.RaftServerImpl (RaftServerImpl.java:<init>(95)) - b7323768-8f87-4fb6-921f-bc5aae8c9ceb: new RaftServerImpl for group-0B378948FB51:[b7323768-8f87-4fb6-921f-bc5aae8c9ceb:192.168.151.72:45619] with ContainerStateMachine:uninitialized
2019-10-02 17:54:16,826 [pool-141-thread-1] INFO  server.RaftServerConfigKeys (ConfUtils.java:logGet(43)) - raft.server.rpc.timeout.min = 5s (custom)
2019-10-02 17:54:16,826 [pool-141-thread-1] INFO  server.RaftServerConfigKeys (ConfUtils.java:logGet(43)) - raft.server.rpc.timeout.max = 5200ms (custom)
2019-10-02 17:54:16,826 [pool-141-thread-1] INFO  server.RaftServerConfigKeys (ConfUtils.java:logGet(43)) - raft.server.rpcslowness.timeout = 120s (custom)
2019-10-02 17:54:16,827 [pool-141-thread-1] INFO  server.RaftServerConfigKeys (ConfUtils.java:logGet(43)) - raft.server.sleep.deviation.threshold = 300 (default)
2019-10-02 17:54:16,827 [pool-141-thread-1] INFO  server.RaftServerConfigKeys (ConfUtils.java:logGet(43)) - raft.server.log.appender.install.snapshot.enabled = false (custom)
2019-10-02 17:54:16,827 [pool-141-thread-1] INFO  impl.RaftServerImpl (ServerState.java:<init>(103)) - b7323768-8f87-4fb6-921f-bc5aae8c9ceb@group-0B378948FB51: ConfigurationManager, init=-1: [b7323768-8f87-4fb6-921f-bc5aae8c9ceb:192.168.151.72:45619], old=null, confs=<EMPTY_MAP>
2019-10-02 17:54:16,827 [pool-141-thread-1] INFO  server.RaftServerConfigKeys (ConfUtils.java:logGet(43)) - raft.server.storage.dir = [/workdir/hadoop-ozone/integration-test/target/test-dir/MiniOzoneClusterImpl-65f8f4fe-1764-4468-9f48-37bf81c95b0d/datanode-2/data/ratis] (custom)
2019-10-02 17:54:16,827 [pool-141-thread-1] INFO  server.RaftServerConfigKeys (ConfUtils.java:logGet(43)) - raft.server.log.corruption.policy = EXCEPTION (default)
2019-10-02 17:54:16,828 [pool-141-thread-1] INFO  storage.RaftStorageDirectory (RaftStorageDirectory.java:analyzeStorage(246)) - The storage directory /workdir/hadoop-ozone/integration-test/target/test-dir/MiniOzoneClusterImpl-65f8f4fe-1764-4468-9f48-37bf81c95b0d/datanode-2/data/ratis/a5d0262a-fbd3-4435-8951-0b378948fb51 does not exist. Creating ...
2019-10-02 17:54:16,841 [pool-141-thread-1] INFO  storage.RaftStorageDirectory (RaftStorageDirectory.java:tryLock(328)) - Lock on /workdir/hadoop-ozone/integration-test/target/test-dir/MiniOzoneClusterImpl-65f8f4fe-1764-4468-9f48-37bf81c95b0d/datanode-2/data/ratis/a5d0262a-fbd3-4435-8951-0b378948fb51/in_use.lock acquired by nodename 27144@pr-trunk-fgz7f-2353921243
2019-10-02 17:54:16,854 [pool-141-thread-1] INFO  storage.RaftStorage (RaftStorage.java:format(84)) - Storage directory /workdir/hadoop-ozone/integration-test/target/test-dir/MiniOzoneClusterImpl-65f8f4fe-1764-4468-9f48-37bf81c95b0d/datanode-2/data/ratis/a5d0262a-fbd3-4435-8951-0b378948fb51 has been successfully formatted.
2019-10-02 17:54:16,854 [pool-141-thread-1] INFO  ratis.ContainerStateMachine (ContainerStateMachine.java:loadSnapshot(231)) - group-0B378948FB51: The snapshot info is null. Setting the last applied indexto:(t:0, i:~)
2019-10-02 17:54:16,855 [pool-141-thread-1] INFO  server.RaftServerConfigKeys (ConfUtils.java:logGet(43)) - raft.server.notification.no-leader.timeout = 120s (custom)
2019-10-02 17:54:16,855 [pool-141-thread-1] INFO  server.RaftServerConfigKeys (ConfUtils.java:logGet(43)) - raft.server.log.use.memory = false (default)
2019-10-02 17:54:16,855 [pool-141-thread-1] INFO  server.RaftServerConfigKeys (ConfUtils.java:logGet(43)) - raft.server.log.purge.gap = 1000000 (custom)
2019-10-02 17:54:16,855 [pool-141-thread-1] INFO  server.RaftServerConfigKeys (ConfUtils.java:logGet(43)) - raft.server.log.appender.buffer.byte-limit = 33554432 (custom)
2019-10-02 17:54:16,855 [pool-141-thread-1] INFO  server.RaftServerConfigKeys (ConfUtils.java:logGet(43)) - raft.server.log.segment.size.max = 1048576 (custom)
2019-10-02 17:54:16,858 [pool-141-thread-1] INFO  server.RaftServerConfigKeys (ConfUtils.java:logGet(43)) - raft.server.log.segment.cache.num.max = 2 (custom)
2019-10-02 17:54:16,858 [pool-141-thread-1] INFO  segmented.SegmentedRaftLogWorker (SegmentedRaftLogWorker.java:<init>(173)) - new b7323768-8f87-4fb6-921f-bc5aae8c9ceb@group-0B378948FB51-SegmentedRaftLogWorker for RaftStorage:Storage Directory /workdir/hadoop-ozone/integration-test/target/test-dir/MiniOzoneClusterImpl-65f8f4fe-1764-4468-9f48-37bf81c95b0d/datanode-2/data/ratis/a5d0262a-fbd3-4435-8951-0b378948fb51
2019-10-02 17:54:16,858 [pool-141-thread-1] INFO  server.RaftServerConfigKeys (ConfUtils.java:logGet(43)) - raft.server.log.queue.byte-limit = 2147483647 (custom)
2019-10-02 17:54:16,858 [pool-141-thread-1] INFO  server.RaftServerConfigKeys (ConfUtils.java:logGet(43)) - raft.server.log.queue.element-limit = 1024 (custom)
2019-10-02 17:54:16,859 [pool-141-thread-1] INFO  server.RaftServerConfigKeys (ConfUtils.java:logGet(43)) - raft.server.log.segment.size.max = 1048576 (custom)
2019-10-02 17:54:16,859 [pool-141-thread-1] INFO  server.RaftServerConfigKeys (ConfUtils.java:logGet(43)) - raft.server.log.preallocated.size = 16384 (custom)
2019-10-02 17:54:16,859 [pool-141-thread-1] INFO  server.RaftServerConfigKeys (ConfUtils.java:logGet(43)) - raft.server.log.write.buffer.size = 33554432 (custom)
2019-10-02 17:54:16,859 [pool-141-thread-1] INFO  server.RaftServerConfigKeys (ConfUtils.java:logGet(43)) - raft.server.log.force.sync.num = 128 (default)
2019-10-02 17:54:16,859 [pool-141-thread-1] INFO  server.RaftServerConfigKeys (ConfUtils.java:logGet(43)) - raft.server.log.statemachine.data.sync = true (default)
2019-10-02 17:54:16,859 [pool-141-thread-1] INFO  server.RaftServerConfigKeys (ConfUtils.java:logGet(43)) - raft.server.log.statemachine.data.sync.timeout = 10s (default)
2019-10-02 17:54:16,860 [pool-141-thread-1] INFO  server.RaftServerConfigKeys (ConfUtils.java:logGet(43)) - raft.server.log.statemachine.data.sync.timeout.retry = -1 (default)
2019-10-02 17:54:16,860 [pool-141-thread-1] INFO  server.RaftServerConfigKeys (ConfUtils.java:logGet(43)) - raft.server.log.statemachine.data.caching.enabled = true (custom)
2019-10-02 17:54:16,860 [pool-141-thread-1] INFO  segmented.SegmentedRaftLogWorker (SegmentedRaftLogWorker.java:lambda$new$0(128)) - b7323768-8f87-4fb6-921f-bc5aae8c9ceb@group-0B378948FB51-SegmentedRaftLogWorker: flushIndex: setUnconditionally 0 -> -1
2019-10-02 17:54:16,861 [pool-141-thread-1] INFO  server.RaftServerConfigKeys (ConfUtils.java:logGet(43)) - raft.server.snapshot.auto.trigger.enabled = true (custom)
2019-10-02 17:54:16,861 [pool-141-thread-1] INFO  server.RaftServerConfigKeys (ConfUtils.java:logGet(43)) - raft.server.snapshot.auto.trigger.threshold = 10000 (custom)
2019-10-02 17:54:16,861 [pool-141-thread-1] INFO  server.RaftServerConfigKeys (ConfUtils.java:logGet(43)) - raft.server.snapshot.retention.file.num = 5 (custom)
2019-10-02 17:54:16,861 [pool-141-thread-1] INFO  server.RaftServerConfigKeys (ConfUtils.java:logGet(43)) - raft.server.retrycache.expirytime = 600000ms (custom)
2019-10-02 17:54:16,864 [pool-141-thread-1] INFO  impl.RaftServerImpl (RaftServerImpl.java:start(181)) - b7323768-8f87-4fb6-921f-bc5aae8c9ceb@group-0B378948FB51: start as a follower, conf=-1: [b7323768-8f87-4fb6-921f-bc5aae8c9ceb:192.168.151.72:45619], old=null
2019-10-02 17:54:16,864 [pool-141-thread-1] INFO  impl.RaftServerImpl (RaftServerImpl.java:setRole(170)) - b7323768-8f87-4fb6-921f-bc5aae8c9ceb@group-0B378948FB51: changes role from      null to FOLLOWER at term 0 for startAsFollower
2019-10-02 17:54:16,865 [pool-141-thread-1] INFO  impl.RoleInfo (RoleInfo.java:updateAndGet(143)) - b7323768-8f87-4fb6-921f-bc5aae8c9ceb: start FollowerState
2019-10-02 17:54:16,865 [pool-141-thread-1] INFO  util.JmxRegister (JmxRegister.java:tryRegister(44)) - Successfully registered JMX Bean with object name Ratis:service=RaftServer,group=group-0B378948FB51,id=b7323768-8f87-4fb6-921f-bc5aae8c9ceb
2019-10-02 17:54:16,870 [RatisPipelineUtilsThread] INFO  pipeline.PipelineStateManager (PipelineStateManager.java:addPipeline(56)) - Created pipeline Pipeline[ Id: a5d0262a-fbd3-4435-8951-0b378948fb51, Nodes: b7323768-8f87-4fb6-921f-bc5aae8c9ceb{ip: 192.168.151.72, host: pr-trunk-fgz7f-2353921243, networkLocation: /default-rack, certSerialId: null}, Type:RATIS, Factor:ONE, State:OPEN]
2019-10-02 17:54:16,878 [grpc-default-executor-3] INFO  impl.RaftServerProxy (RaftServerProxy.java:addNew(89)) - 4a0512f4-119f-4f66-8d84-cb92b75127d3: addNew group-4461771CB814:[4a0512f4-119f-4f66-8d84-cb92b75127d3:192.168.151.72:38519] returns group-4461771CB814:java.util.concurrent.CompletableFuture@2aa819ea[Not completed]
2019-10-02 17:54:16,879 [IPC Server handler 3 on 45386] INFO  net.NetworkTopology (NetworkTopologyImpl.java:add(111)) - Added a new node: /default-rack/91a1b220-aea4-4dd3-92cb-bba23af74008
2019-10-02 17:54:16,879 [IPC Server handler 3 on 45386] INFO  node.SCMNodeManager (SCMNodeManager.java:register(266)) - Registered Data node : 91a1b220-aea4-4dd3-92cb-bba23af74008{ip: 192.168.151.72, host: pr-trunk-fgz7f-2353921243, networkLocation: /default-rack, certSerialId: null}
2019-10-02 17:54:16,884 [pool-151-thread-1] INFO  impl.RaftServerImpl (RaftServerImpl.java:<init>(95)) - 4a0512f4-119f-4f66-8d84-cb92b75127d3: new RaftServerImpl for group-4461771CB814:[4a0512f4-119f-4f66-8d84-cb92b75127d3:192.168.151.72:38519] with ContainerStateMachine:uninitialized
2019-10-02 17:54:16,884 [pool-151-thread-1] INFO  server.RaftServerConfigKeys (ConfUtils.java:logGet(43)) - raft.server.rpc.timeout.min = 5s (custom)
2019-10-02 17:54:16,884 [pool-151-thread-1] INFO  server.RaftServerConfigKeys (ConfUtils.java:logGet(43)) - raft.server.rpc.timeout.max = 5200ms (custom)
2019-10-02 17:54:16,885 [pool-151-thread-1] INFO  server.RaftServerConfigKeys (ConfUtils.java:logGet(43)) - raft.server.rpcslowness.timeout = 120s (custom)
2019-10-02 17:54:16,885 [pool-151-thread-1] INFO  server.RaftServerConfigKeys (ConfUtils.java:logGet(43)) - raft.server.sleep.deviation.threshold = 300 (default)
2019-10-02 17:54:16,885 [pool-151-thread-1] INFO  server.RaftServerConfigKeys (ConfUtils.java:logGet(43)) - raft.server.log.appender.install.snapshot.enabled = false (custom)
2019-10-02 17:54:16,885 [pool-151-thread-1] INFO  impl.RaftServerImpl (ServerState.java:<init>(103)) - 4a0512f4-119f-4f66-8d84-cb92b75127d3@group-4461771CB814: ConfigurationManager, init=-1: [4a0512f4-119f-4f66-8d84-cb92b75127d3:192.168.151.72:38519], old=null, confs=<EMPTY_MAP>
2019-10-02 17:54:16,885 [pool-151-thread-1] INFO  server.RaftServerConfigKeys (ConfUtils.java:logGet(43)) - raft.server.storage.dir = [/workdir/hadoop-ozone/integration-test/target/test-dir/MiniOzoneClusterImpl-65f8f4fe-1764-4468-9f48-37bf81c95b0d/datanode-3/data/ratis] (custom)
2019-10-02 17:54:16,885 [pool-151-thread-1] INFO  server.RaftServerConfigKeys (ConfUtils.java:logGet(43)) - raft.server.log.corruption.policy = EXCEPTION (default)
2019-10-02 17:54:16,886 [pool-151-thread-1] INFO  storage.RaftStorageDirectory (RaftStorageDirectory.java:analyzeStorage(246)) - The storage directory /workdir/hadoop-ozone/integration-test/target/test-dir/MiniOzoneClusterImpl-65f8f4fe-1764-4468-9f48-37bf81c95b0d/datanode-3/data/ratis/ba170bae-16c1-4998-bf50-4461771cb814 does not exist. Creating ...
2019-10-02 17:54:16,899 [pool-151-thread-1] INFO  storage.RaftStorageDirectory (RaftStorageDirectory.java:tryLock(328)) - Lock on /workdir/hadoop-ozone/integration-test/target/test-dir/MiniOzoneClusterImpl-65f8f4fe-1764-4468-9f48-37bf81c95b0d/datanode-3/data/ratis/ba170bae-16c1-4998-bf50-4461771cb814/in_use.lock acquired by nodename 27144@pr-trunk-fgz7f-2353921243
2019-10-02 17:54:16,913 [pool-151-thread-1] INFO  storage.RaftStorage (RaftStorage.java:format(84)) - Storage directory /workdir/hadoop-ozone/integration-test/target/test-dir/MiniOzoneClusterImpl-65f8f4fe-1764-4468-9f48-37bf81c95b0d/datanode-3/data/ratis/ba170bae-16c1-4998-bf50-4461771cb814 has been successfully formatted.
2019-10-02 17:54:16,913 [pool-151-thread-1] INFO  ratis.ContainerStateMachine (ContainerStateMachine.java:loadSnapshot(231)) - group-4461771CB814: The snapshot info is null. Setting the last applied indexto:(t:0, i:~)
2019-10-02 17:54:16,914 [pool-151-thread-1] INFO  server.RaftServerConfigKeys (ConfUtils.java:logGet(43)) - raft.server.notification.no-leader.timeout = 120s (custom)
2019-10-02 17:54:16,914 [pool-151-thread-1] INFO  server.RaftServerConfigKeys (ConfUtils.java:logGet(43)) - raft.server.log.use.memory = false (default)
2019-10-02 17:54:16,914 [pool-151-thread-1] INFO  server.RaftServerConfigKeys (ConfUtils.java:logGet(43)) - raft.server.log.purge.gap = 1000000 (custom)
2019-10-02 17:54:16,914 [pool-151-thread-1] INFO  server.RaftServerConfigKeys (ConfUtils.java:logGet(43)) - raft.server.log.appender.buffer.byte-limit = 33554432 (custom)
2019-10-02 17:54:16,914 [pool-151-thread-1] INFO  server.RaftServerConfigKeys (ConfUtils.java:logGet(43)) - raft.server.log.segment.size.max = 1048576 (custom)
2019-10-02 17:54:16,916 [pool-151-thread-1] INFO  server.RaftServerConfigKeys (ConfUtils.java:logGet(43)) - raft.server.log.segment.cache.num.max = 2 (custom)
2019-10-02 17:54:16,916 [pool-151-thread-1] INFO  segmented.SegmentedRaftLogWorker (SegmentedRaftLogWorker.java:<init>(173)) - new 4a0512f4-119f-4f66-8d84-cb92b75127d3@group-4461771CB814-SegmentedRaftLogWorker for RaftStorage:Storage Directory /workdir/hadoop-ozone/integration-test/target/test-dir/MiniOzoneClusterImpl-65f8f4fe-1764-4468-9f48-37bf81c95b0d/datanode-3/data/ratis/ba170bae-16c1-4998-bf50-4461771cb814
2019-10-02 17:54:16,916 [pool-151-thread-1] INFO  server.RaftServerConfigKeys (ConfUtils.java:logGet(43)) - raft.server.log.queue.byte-limit = 2147483647 (custom)
2019-10-02 17:54:16,917 [pool-151-thread-1] INFO  server.RaftServerConfigKeys (ConfUtils.java:logGet(43)) - raft.server.log.queue.element-limit = 1024 (custom)
2019-10-02 17:54:16,917 [pool-151-thread-1] INFO  server.RaftServerConfigKeys (ConfUtils.java:logGet(43)) - raft.server.log.segment.size.max = 1048576 (custom)
2019-10-02 17:54:16,917 [pool-151-thread-1] INFO  server.RaftServerConfigKeys (ConfUtils.java:logGet(43)) - raft.server.log.preallocated.size = 16384 (custom)
2019-10-02 17:54:16,917 [pool-151-thread-1] INFO  server.RaftServerConfigKeys (ConfUtils.java:logGet(43)) - raft.server.log.write.buffer.size = 33554432 (custom)
2019-10-02 17:54:16,917 [pool-151-thread-1] INFO  server.RaftServerConfigKeys (ConfUtils.java:logGet(43)) - raft.server.log.force.sync.num = 128 (default)
2019-10-02 17:54:16,917 [pool-151-thread-1] INFO  server.RaftServerConfigKeys (ConfUtils.java:logGet(43)) - raft.server.log.statemachine.data.sync = true (default)
2019-10-02 17:54:16,917 [pool-151-thread-1] INFO  server.RaftServerConfigKeys (ConfUtils.java:logGet(43)) - raft.server.log.statemachine.data.sync.timeout = 10s (default)
2019-10-02 17:54:16,917 [pool-151-thread-1] INFO  server.RaftServerConfigKeys (ConfUtils.java:logGet(43)) - raft.server.log.statemachine.data.sync.timeout.retry = -1 (default)
2019-10-02 17:54:16,918 [pool-151-thread-1] INFO  server.RaftServerConfigKeys (ConfUtils.java:logGet(43)) - raft.server.log.statemachine.data.caching.enabled = true (custom)
2019-10-02 17:54:16,918 [pool-151-thread-1] INFO  segmented.SegmentedRaftLogWorker (SegmentedRaftLogWorker.java:lambda$new$0(128)) - 4a0512f4-119f-4f66-8d84-cb92b75127d3@group-4461771CB814-SegmentedRaftLogWorker: flushIndex: setUnconditionally 0 -> -1
2019-10-02 17:54:16,918 [pool-151-thread-1] INFO  server.RaftServerConfigKeys (ConfUtils.java:logGet(43)) - raft.server.snapshot.auto.trigger.enabled = true (custom)
2019-10-02 17:54:16,919 [pool-151-thread-1] INFO  server.RaftServerConfigKeys (ConfUtils.java:logGet(43)) - raft.server.snapshot.auto.trigger.threshold = 10000 (custom)
2019-10-02 17:54:16,919 [pool-151-thread-1] INFO  server.RaftServerConfigKeys (ConfUtils.java:logGet(43)) - raft.server.snapshot.retention.file.num = 5 (custom)
2019-10-02 17:54:16,919 [pool-151-thread-1] INFO  server.RaftServerConfigKeys (ConfUtils.java:logGet(43)) - raft.server.retrycache.expirytime = 600000ms (custom)
2019-10-02 17:54:16,921 [pool-151-thread-1] INFO  impl.RaftServerImpl (RaftServerImpl.java:start(181)) - 4a0512f4-119f-4f66-8d84-cb92b75127d3@group-4461771CB814: start as a follower, conf=-1: [4a0512f4-119f-4f66-8d84-cb92b75127d3:192.168.151.72:38519], old=null
2019-10-02 17:54:16,921 [pool-151-thread-1] INFO  impl.RaftServerImpl (RaftServerImpl.java:setRole(170)) - 4a0512f4-119f-4f66-8d84-cb92b75127d3@group-4461771CB814: changes role from      null to FOLLOWER at term 0 for startAsFollower
2019-10-02 17:54:16,921 [pool-151-thread-1] INFO  impl.RoleInfo (RoleInfo.java:updateAndGet(143)) - 4a0512f4-119f-4f66-8d84-cb92b75127d3: start FollowerState
2019-10-02 17:54:16,921 [pool-151-thread-1] INFO  util.JmxRegister (JmxRegister.java:tryRegister(44)) - Successfully registered JMX Bean with object name Ratis:service=RaftServer,group=group-4461771CB814,id=4a0512f4-119f-4f66-8d84-cb92b75127d3
2019-10-02 17:54:16,926 [RatisPipelineUtilsThread] INFO  pipeline.PipelineStateManager (PipelineStateManager.java:addPipeline(56)) - Created pipeline Pipeline[ Id: ba170bae-16c1-4998-bf50-4461771cb814, Nodes: 4a0512f4-119f-4f66-8d84-cb92b75127d3{ip: 192.168.151.72, host: pr-trunk-fgz7f-2353921243, networkLocation: /default-rack, certSerialId: null}, Type:RATIS, Factor:ONE, State:OPEN]
2019-10-02 17:54:16,937 [grpc-default-executor-3] INFO  impl.RaftServerProxy (RaftServerProxy.java:addNew(89)) - 91a1b220-aea4-4dd3-92cb-bba23af74008: addNew group-561991C3151A:[91a1b220-aea4-4dd3-92cb-bba23af74008:192.168.151.72:35241] returns group-561991C3151A:java.util.concurrent.CompletableFuture@71a0b03c[Not completed]
2019-10-02 17:54:16,942 [pool-161-thread-1] INFO  impl.RaftServerImpl (RaftServerImpl.java:<init>(95)) - 91a1b220-aea4-4dd3-92cb-bba23af74008: new RaftServerImpl for group-561991C3151A:[91a1b220-aea4-4dd3-92cb-bba23af74008:192.168.151.72:35241] with ContainerStateMachine:uninitialized
2019-10-02 17:54:16,942 [pool-161-thread-1] INFO  server.RaftServerConfigKeys (ConfUtils.java:logGet(43)) - raft.server.rpc.timeout.min = 5s (custom)
2019-10-02 17:54:16,942 [pool-161-thread-1] INFO  server.RaftServerConfigKeys (ConfUtils.java:logGet(43)) - raft.server.rpc.timeout.max = 5200ms (custom)
2019-10-02 17:54:16,943 [pool-161-thread-1] INFO  server.RaftServerConfigKeys (ConfUtils.java:logGet(43)) - raft.server.rpcslowness.timeout = 120s (custom)
2019-10-02 17:54:16,943 [pool-161-thread-1] INFO  server.RaftServerConfigKeys (ConfUtils.java:logGet(43)) - raft.server.sleep.deviation.threshold = 300 (default)
2019-10-02 17:54:16,943 [pool-161-thread-1] INFO  server.RaftServerConfigKeys (ConfUtils.java:logGet(43)) - raft.server.log.appender.install.snapshot.enabled = false (custom)
2019-10-02 17:54:16,943 [pool-161-thread-1] INFO  impl.RaftServerImpl (ServerState.java:<init>(103)) - 91a1b220-aea4-4dd3-92cb-bba23af74008@group-561991C3151A: ConfigurationManager, init=-1: [91a1b220-aea4-4dd3-92cb-bba23af74008:192.168.151.72:35241], old=null, confs=<EMPTY_MAP>
2019-10-02 17:54:16,943 [pool-161-thread-1] INFO  server.RaftServerConfigKeys (ConfUtils.java:logGet(43)) - raft.server.storage.dir = [/workdir/hadoop-ozone/integration-test/target/test-dir/MiniOzoneClusterImpl-65f8f4fe-1764-4468-9f48-37bf81c95b0d/datanode-4/data/ratis] (custom)
2019-10-02 17:54:16,944 [pool-161-thread-1] INFO  server.RaftServerConfigKeys (ConfUtils.java:logGet(43)) - raft.server.log.corruption.policy = EXCEPTION (default)
2019-10-02 17:54:16,944 [pool-161-thread-1] INFO  storage.RaftStorageDirectory (RaftStorageDirectory.java:analyzeStorage(246)) - The storage directory /workdir/hadoop-ozone/integration-test/target/test-dir/MiniOzoneClusterImpl-65f8f4fe-1764-4468-9f48-37bf81c95b0d/datanode-4/data/ratis/2c0a45b9-fabf-4e95-8698-561991c3151a does not exist. Creating ...
2019-10-02 17:54:16,945 [IPC Server handler 1 on 45386] INFO  net.NetworkTopology (NetworkTopologyImpl.java:add(111)) - Added a new node: /default-rack/42f78218-58d8-457c-9fe0-c600e3909325
2019-10-02 17:54:16,945 [IPC Server handler 1 on 45386] INFO  node.SCMNodeManager (SCMNodeManager.java:register(266)) - Registered Data node : 42f78218-58d8-457c-9fe0-c600e3909325{ip: 192.168.151.72, host: pr-trunk-fgz7f-2353921243, networkLocation: /default-rack, certSerialId: null}
2019-10-02 17:54:16,957 [pool-161-thread-1] INFO  storage.RaftStorageDirectory (RaftStorageDirectory.java:tryLock(328)) - Lock on /workdir/hadoop-ozone/integration-test/target/test-dir/MiniOzoneClusterImpl-65f8f4fe-1764-4468-9f48-37bf81c95b0d/datanode-4/data/ratis/2c0a45b9-fabf-4e95-8698-561991c3151a/in_use.lock acquired by nodename 27144@pr-trunk-fgz7f-2353921243
2019-10-02 17:54:16,971 [pool-161-thread-1] INFO  storage.RaftStorage (RaftStorage.java:format(84)) - Storage directory /workdir/hadoop-ozone/integration-test/target/test-dir/MiniOzoneClusterImpl-65f8f4fe-1764-4468-9f48-37bf81c95b0d/datanode-4/data/ratis/2c0a45b9-fabf-4e95-8698-561991c3151a has been successfully formatted.
2019-10-02 17:54:16,971 [pool-161-thread-1] INFO  ratis.ContainerStateMachine (ContainerStateMachine.java:loadSnapshot(231)) - group-561991C3151A: The snapshot info is null. Setting the last applied indexto:(t:0, i:~)
2019-10-02 17:54:16,971 [pool-161-thread-1] INFO  server.RaftServerConfigKeys (ConfUtils.java:logGet(43)) - raft.server.notification.no-leader.timeout = 120s (custom)
2019-10-02 17:54:16,971 [pool-161-thread-1] INFO  server.RaftServerConfigKeys (ConfUtils.java:logGet(43)) - raft.server.log.use.memory = false (default)
2019-10-02 17:54:16,972 [pool-161-thread-1] INFO  server.RaftServerConfigKeys (ConfUtils.java:logGet(43)) - raft.server.log.purge.gap = 1000000 (custom)
2019-10-02 17:54:16,972 [pool-161-thread-1] INFO  server.RaftServerConfigKeys (ConfUtils.java:logGet(43)) - raft.server.log.appender.buffer.byte-limit = 33554432 (custom)
2019-10-02 17:54:16,972 [pool-161-thread-1] INFO  server.RaftServerConfigKeys (ConfUtils.java:logGet(43)) - raft.server.log.segment.size.max = 1048576 (custom)
2019-10-02 17:54:16,975 [pool-161-thread-1] INFO  server.RaftServerConfigKeys (ConfUtils.java:logGet(43)) - raft.server.log.segment.cache.num.max = 2 (custom)
2019-10-02 17:54:16,975 [pool-161-thread-1] INFO  segmented.SegmentedRaftLogWorker (SegmentedRaftLogWorker.java:<init>(173)) - new 91a1b220-aea4-4dd3-92cb-bba23af74008@group-561991C3151A-SegmentedRaftLogWorker for RaftStorage:Storage Directory /workdir/hadoop-ozone/integration-test/target/test-dir/MiniOzoneClusterImpl-65f8f4fe-1764-4468-9f48-37bf81c95b0d/datanode-4/data/ratis/2c0a45b9-fabf-4e95-8698-561991c3151a
2019-10-02 17:54:16,976 [pool-161-thread-1] INFO  server.RaftServerConfigKeys (ConfUtils.java:logGet(43)) - raft.server.log.queue.byte-limit = 2147483647 (custom)
2019-10-02 17:54:16,976 [pool-161-thread-1] INFO  server.RaftServerConfigKeys (ConfUtils.java:logGet(43)) - raft.server.log.queue.element-limit = 1024 (custom)
2019-10-02 17:54:16,976 [pool-161-thread-1] INFO  server.RaftServerConfigKeys (ConfUtils.java:logGet(43)) - raft.server.log.segment.size.max = 1048576 (custom)
2019-10-02 17:54:16,976 [pool-161-thread-1] INFO  server.RaftServerConfigKeys (ConfUtils.java:logGet(43)) - raft.server.log.preallocated.size = 16384 (custom)
2019-10-02 17:54:16,976 [pool-161-thread-1] INFO  server.RaftServerConfigKeys (ConfUtils.java:logGet(43)) - raft.server.log.write.buffer.size = 33554432 (custom)
2019-10-02 17:54:16,977 [pool-161-thread-1] INFO  server.RaftServerConfigKeys (ConfUtils.java:logGet(43)) - raft.server.log.force.sync.num = 128 (default)
2019-10-02 17:54:16,977 [pool-161-thread-1] INFO  server.RaftServerConfigKeys (ConfUtils.java:logGet(43)) - raft.server.log.statemachine.data.sync = true (default)
2019-10-02 17:54:16,977 [pool-161-thread-1] INFO  server.RaftServerConfigKeys (ConfUtils.java:logGet(43)) - raft.server.log.statemachine.data.sync.timeout = 10s (default)
2019-10-02 17:54:16,977 [pool-161-thread-1] INFO  server.RaftServerConfigKeys (ConfUtils.java:logGet(43)) - raft.server.log.statemachine.data.sync.timeout.retry = -1 (default)
2019-10-02 17:54:16,978 [pool-161-thread-1] INFO  server.RaftServerConfigKeys (ConfUtils.java:logGet(43)) - raft.server.log.statemachine.data.caching.enabled = true (custom)
2019-10-02 17:54:16,978 [pool-161-thread-1] INFO  segmented.SegmentedRaftLogWorker (SegmentedRaftLogWorker.java:lambda$new$0(128)) - 91a1b220-aea4-4dd3-92cb-bba23af74008@group-561991C3151A-SegmentedRaftLogWorker: flushIndex: setUnconditionally 0 -> -1
2019-10-02 17:54:16,978 [pool-161-thread-1] INFO  server.RaftServerConfigKeys (ConfUtils.java:logGet(43)) - raft.server.snapshot.auto.trigger.enabled = true (custom)
2019-10-02 17:54:16,979 [pool-161-thread-1] INFO  server.RaftServerConfigKeys (ConfUtils.java:logGet(43)) - raft.server.snapshot.auto.trigger.threshold = 10000 (custom)
2019-10-02 17:54:16,979 [pool-161-thread-1] INFO  server.RaftServerConfigKeys (ConfUtils.java:logGet(43)) - raft.server.snapshot.retention.file.num = 5 (custom)
2019-10-02 17:54:16,979 [pool-161-thread-1] INFO  server.RaftServerConfigKeys (ConfUtils.java:logGet(43)) - raft.server.retrycache.expirytime = 600000ms (custom)
2019-10-02 17:54:16,982 [pool-161-thread-1] INFO  impl.RaftServerImpl (RaftServerImpl.java:start(181)) - 91a1b220-aea4-4dd3-92cb-bba23af74008@group-561991C3151A: start as a follower, conf=-1: [91a1b220-aea4-4dd3-92cb-bba23af74008:192.168.151.72:35241], old=null
2019-10-02 17:54:16,982 [pool-161-thread-1] INFO  impl.RaftServerImpl (RaftServerImpl.java:setRole(170)) - 91a1b220-aea4-4dd3-92cb-bba23af74008@group-561991C3151A: changes role from      null to FOLLOWER at term 0 for startAsFollower
2019-10-02 17:54:16,983 [pool-161-thread-1] INFO  impl.RoleInfo (RoleInfo.java:updateAndGet(143)) - 91a1b220-aea4-4dd3-92cb-bba23af74008: start FollowerState
2019-10-02 17:54:16,983 [pool-161-thread-1] INFO  util.JmxRegister (JmxRegister.java:tryRegister(44)) - Successfully registered JMX Bean with object name Ratis:service=RaftServer,group=group-561991C3151A,id=91a1b220-aea4-4dd3-92cb-bba23af74008
2019-10-02 17:54:16,988 [RatisPipelineUtilsThread] INFO  pipeline.PipelineStateManager (PipelineStateManager.java:addPipeline(56)) - Created pipeline Pipeline[ Id: 2c0a45b9-fabf-4e95-8698-561991c3151a, Nodes: 91a1b220-aea4-4dd3-92cb-bba23af74008{ip: 192.168.151.72, host: pr-trunk-fgz7f-2353921243, networkLocation: /default-rack, certSerialId: null}, Type:RATIS, Factor:ONE, State:OPEN]
2019-10-02 17:54:16,996 [grpc-default-executor-3] INFO  impl.RaftServerProxy (RaftServerProxy.java:addNew(89)) - 42f78218-58d8-457c-9fe0-c600e3909325: addNew group-E8C7A57AC02A:[42f78218-58d8-457c-9fe0-c600e3909325:192.168.151.72:42207] returns group-E8C7A57AC02A:java.util.concurrent.CompletableFuture@7a6889ad[Not completed]
2019-10-02 17:54:17,001 [pool-171-thread-1] INFO  impl.RaftServerImpl (RaftServerImpl.java:<init>(95)) - 42f78218-58d8-457c-9fe0-c600e3909325: new RaftServerImpl for group-E8C7A57AC02A:[42f78218-58d8-457c-9fe0-c600e3909325:192.168.151.72:42207] with ContainerStateMachine:uninitialized
2019-10-02 17:54:17,002 [pool-171-thread-1] INFO  server.RaftServerConfigKeys (ConfUtils.java:logGet(43)) - raft.server.rpc.timeout.min = 5s (custom)
2019-10-02 17:54:17,002 [pool-171-thread-1] INFO  server.RaftServerConfigKeys (ConfUtils.java:logGet(43)) - raft.server.rpc.timeout.max = 5200ms (custom)
2019-10-02 17:54:17,002 [pool-171-thread-1] INFO  server.RaftServerConfigKeys (ConfUtils.java:logGet(43)) - raft.server.rpcslowness.timeout = 120s (custom)
2019-10-02 17:54:17,002 [pool-171-thread-1] INFO  server.RaftServerConfigKeys (ConfUtils.java:logGet(43)) - raft.server.sleep.deviation.threshold = 300 (default)
2019-10-02 17:54:17,002 [pool-171-thread-1] INFO  server.RaftServerConfigKeys (ConfUtils.java:logGet(43)) - raft.server.log.appender.install.snapshot.enabled = false (custom)
2019-10-02 17:54:17,002 [pool-171-thread-1] INFO  impl.RaftServerImpl (ServerState.java:<init>(103)) - 42f78218-58d8-457c-9fe0-c600e3909325@group-E8C7A57AC02A: ConfigurationManager, init=-1: [42f78218-58d8-457c-9fe0-c600e3909325:192.168.151.72:42207], old=null, confs=<EMPTY_MAP>
2019-10-02 17:54:17,002 [pool-171-thread-1] INFO  server.RaftServerConfigKeys (ConfUtils.java:logGet(43)) - raft.server.storage.dir = [/workdir/hadoop-ozone/integration-test/target/test-dir/MiniOzoneClusterImpl-65f8f4fe-1764-4468-9f48-37bf81c95b0d/datanode-5/data/ratis] (custom)
2019-10-02 17:54:17,003 [pool-171-thread-1] INFO  server.RaftServerConfigKeys (ConfUtils.java:logGet(43)) - raft.server.log.corruption.policy = EXCEPTION (default)
2019-10-02 17:54:17,003 [pool-171-thread-1] INFO  storage.RaftStorageDirectory (RaftStorageDirectory.java:analyzeStorage(246)) - The storage directory /workdir/hadoop-ozone/integration-test/target/test-dir/MiniOzoneClusterImpl-65f8f4fe-1764-4468-9f48-37bf81c95b0d/datanode-5/data/ratis/a85622f1-bae7-498a-9b08-e8c7a57ac02a does not exist. Creating ...
2019-10-02 17:54:17,006 [main] INFO  ozone.MiniOzoneClusterImpl (MiniOzoneClusterImpl.java:lambda$waitForClusterToBeReady$0(147)) - Waiting for cluster to be ready. Got 6 of 7 DN Heartbeats.
2019-10-02 17:54:17,008 [IPC Server handler 4 on 45386] INFO  net.NetworkTopology (NetworkTopologyImpl.java:add(111)) - Added a new node: /default-rack/ae729cbd-7ce4-47be-ae44-f885f4c1fbd3
2019-10-02 17:54:17,008 [IPC Server handler 4 on 45386] INFO  node.SCMNodeManager (SCMNodeManager.java:register(266)) - Registered Data node : ae729cbd-7ce4-47be-ae44-f885f4c1fbd3{ip: 192.168.151.72, host: pr-trunk-fgz7f-2353921243, networkLocation: /default-rack, certSerialId: null}
2019-10-02 17:54:17,072 [pool-171-thread-1] INFO  storage.RaftStorageDirectory (RaftStorageDirectory.java:tryLock(328)) - Lock on /workdir/hadoop-ozone/integration-test/target/test-dir/MiniOzoneClusterImpl-65f8f4fe-1764-4468-9f48-37bf81c95b0d/datanode-5/data/ratis/a85622f1-bae7-498a-9b08-e8c7a57ac02a/in_use.lock acquired by nodename 27144@pr-trunk-fgz7f-2353921243
2019-10-02 17:54:17,085 [pool-171-thread-1] INFO  storage.RaftStorage (RaftStorage.java:format(84)) - Storage directory /workdir/hadoop-ozone/integration-test/target/test-dir/MiniOzoneClusterImpl-65f8f4fe-1764-4468-9f48-37bf81c95b0d/datanode-5/data/ratis/a85622f1-bae7-498a-9b08-e8c7a57ac02a has been successfully formatted.
2019-10-02 17:54:17,085 [pool-171-thread-1] INFO  ratis.ContainerStateMachine (ContainerStateMachine.java:loadSnapshot(231)) - group-E8C7A57AC02A: The snapshot info is null. Setting the last applied indexto:(t:0, i:~)
2019-10-02 17:54:17,085 [pool-171-thread-1] INFO  server.RaftServerConfigKeys (ConfUtils.java:logGet(43)) - raft.server.notification.no-leader.timeout = 120s (custom)
2019-10-02 17:54:17,085 [pool-171-thread-1] INFO  server.RaftServerConfigKeys (ConfUtils.java:logGet(43)) - raft.server.log.use.memory = false (default)
2019-10-02 17:54:17,086 [pool-171-thread-1] INFO  server.RaftServerConfigKeys (ConfUtils.java:logGet(43)) - raft.server.log.purge.gap = 1000000 (custom)
2019-10-02 17:54:17,086 [pool-171-thread-1] INFO  server.RaftServerConfigKeys (ConfUtils.java:logGet(43)) - raft.server.log.appender.buffer.byte-limit = 33554432 (custom)
2019-10-02 17:54:17,086 [pool-171-thread-1] INFO  server.RaftServerConfigKeys (ConfUtils.java:logGet(43)) - raft.server.log.segment.size.max = 1048576 (custom)
2019-10-02 17:54:17,088 [pool-171-thread-1] INFO  server.RaftServerConfigKeys (ConfUtils.java:logGet(43)) - raft.server.log.segment.cache.num.max = 2 (custom)
2019-10-02 17:54:17,088 [pool-171-thread-1] INFO  segmented.SegmentedRaftLogWorker (SegmentedRaftLogWorker.java:<init>(173)) - new 42f78218-58d8-457c-9fe0-c600e3909325@group-E8C7A57AC02A-SegmentedRaftLogWorker for RaftStorage:Storage Directory /workdir/hadoop-ozone/integration-test/target/test-dir/MiniOzoneClusterImpl-65f8f4fe-1764-4468-9f48-37bf81c95b0d/datanode-5/data/ratis/a85622f1-bae7-498a-9b08-e8c7a57ac02a
2019-10-02 17:54:17,089 [pool-171-thread-1] INFO  server.RaftServerConfigKeys (ConfUtils.java:logGet(43)) - raft.server.log.queue.byte-limit = 2147483647 (custom)
2019-10-02 17:54:17,089 [pool-171-thread-1] INFO  server.RaftServerConfigKeys (ConfUtils.java:logGet(43)) - raft.server.log.queue.element-limit = 1024 (custom)
2019-10-02 17:54:17,089 [pool-171-thread-1] INFO  server.RaftServerConfigKeys (ConfUtils.java:logGet(43)) - raft.server.log.segment.size.max = 1048576 (custom)
2019-10-02 17:54:17,089 [pool-171-thread-1] INFO  server.RaftServerConfigKeys (ConfUtils.java:logGet(43)) - raft.server.log.preallocated.size = 16384 (custom)
2019-10-02 17:54:17,089 [pool-171-thread-1] INFO  server.RaftServerConfigKeys (ConfUtils.java:logGet(43)) - raft.server.log.write.buffer.size = 33554432 (custom)
2019-10-02 17:54:17,089 [pool-171-thread-1] INFO  server.RaftServerConfigKeys (ConfUtils.java:logGet(43)) - raft.server.log.force.sync.num = 128 (default)
2019-10-02 17:54:17,089 [pool-171-thread-1] INFO  server.RaftServerConfigKeys (ConfUtils.java:logGet(43)) - raft.server.log.statemachine.data.sync = true (default)
2019-10-02 17:54:17,090 [pool-171-thread-1] INFO  server.RaftServerConfigKeys (ConfUtils.java:logGet(43)) - raft.server.log.statemachine.data.sync.timeout = 10s (default)
2019-10-02 17:54:17,090 [pool-171-thread-1] INFO  server.RaftServerConfigKeys (ConfUtils.java:logGet(43)) - raft.server.log.statemachine.data.sync.timeout.retry = -1 (default)
2019-10-02 17:54:17,090 [pool-171-thread-1] INFO  server.RaftServerConfigKeys (ConfUtils.java:logGet(43)) - raft.server.log.statemachine.data.caching.enabled = true (custom)
2019-10-02 17:54:17,091 [pool-171-thread-1] INFO  segmented.SegmentedRaftLogWorker (SegmentedRaftLogWorker.java:lambda$new$0(128)) - 42f78218-58d8-457c-9fe0-c600e3909325@group-E8C7A57AC02A-SegmentedRaftLogWorker: flushIndex: setUnconditionally 0 -> -1
2019-10-02 17:54:17,091 [pool-171-thread-1] INFO  server.RaftServerConfigKeys (ConfUtils.java:logGet(43)) - raft.server.snapshot.auto.trigger.enabled = true (custom)
2019-10-02 17:54:17,091 [pool-171-thread-1] INFO  server.RaftServerConfigKeys (ConfUtils.java:logGet(43)) - raft.server.snapshot.auto.trigger.threshold = 10000 (custom)
2019-10-02 17:54:17,091 [pool-171-thread-1] INFO  server.RaftServerConfigKeys (ConfUtils.java:logGet(43)) - raft.server.snapshot.retention.file.num = 5 (custom)
2019-10-02 17:54:17,091 [pool-171-thread-1] INFO  server.RaftServerConfigKeys (ConfUtils.java:logGet(43)) - raft.server.retrycache.expirytime = 600000ms (custom)
2019-10-02 17:54:17,093 [pool-171-thread-1] INFO  impl.RaftServerImpl (RaftServerImpl.java:start(181)) - 42f78218-58d8-457c-9fe0-c600e3909325@group-E8C7A57AC02A: start as a follower, conf=-1: [42f78218-58d8-457c-9fe0-c600e3909325:192.168.151.72:42207], old=null
2019-10-02 17:54:17,094 [pool-171-thread-1] INFO  impl.RaftServerImpl (RaftServerImpl.java:setRole(170)) - 42f78218-58d8-457c-9fe0-c600e3909325@group-E8C7A57AC02A: changes role from      null to FOLLOWER at term 0 for startAsFollower
2019-10-02 17:54:17,094 [pool-171-thread-1] INFO  impl.RoleInfo (RoleInfo.java:updateAndGet(143)) - 42f78218-58d8-457c-9fe0-c600e3909325: start FollowerState
2019-10-02 17:54:17,094 [pool-171-thread-1] INFO  util.JmxRegister (JmxRegister.java:tryRegister(44)) - Successfully registered JMX Bean with object name Ratis:service=RaftServer,group=group-E8C7A57AC02A,id=42f78218-58d8-457c-9fe0-c600e3909325
2019-10-02 17:54:17,099 [RatisPipelineUtilsThread] INFO  pipeline.PipelineStateManager (PipelineStateManager.java:addPipeline(56)) - Created pipeline Pipeline[ Id: a85622f1-bae7-498a-9b08-e8c7a57ac02a, Nodes: 42f78218-58d8-457c-9fe0-c600e3909325{ip: 192.168.151.72, host: pr-trunk-fgz7f-2353921243, networkLocation: /default-rack, certSerialId: null}, Type:RATIS, Factor:ONE, State:OPEN]
2019-10-02 17:54:17,119 [grpc-default-executor-3] INFO  impl.RaftServerProxy (RaftServerProxy.java:addNew(89)) - ae729cbd-7ce4-47be-ae44-f885f4c1fbd3: addNew group-A8496D62A23A:[ae729cbd-7ce4-47be-ae44-f885f4c1fbd3:192.168.151.72:36044] returns group-A8496D62A23A:java.util.concurrent.CompletableFuture@6d4a5fa0[Not completed]
2019-10-02 17:54:17,124 [pool-181-thread-1] INFO  impl.RaftServerImpl (RaftServerImpl.java:<init>(95)) - ae729cbd-7ce4-47be-ae44-f885f4c1fbd3: new RaftServerImpl for group-A8496D62A23A:[ae729cbd-7ce4-47be-ae44-f885f4c1fbd3:192.168.151.72:36044] with ContainerStateMachine:uninitialized
2019-10-02 17:54:17,124 [pool-181-thread-1] INFO  server.RaftServerConfigKeys (ConfUtils.java:logGet(43)) - raft.server.rpc.timeout.min = 5s (custom)
2019-10-02 17:54:17,124 [pool-181-thread-1] INFO  server.RaftServerConfigKeys (ConfUtils.java:logGet(43)) - raft.server.rpc.timeout.max = 5200ms (custom)
2019-10-02 17:54:17,124 [pool-181-thread-1] INFO  server.RaftServerConfigKeys (ConfUtils.java:logGet(43)) - raft.server.rpcslowness.timeout = 120s (custom)
2019-10-02 17:54:17,125 [pool-181-thread-1] INFO  server.RaftServerConfigKeys (ConfUtils.java:logGet(43)) - raft.server.sleep.deviation.threshold = 300 (default)
2019-10-02 17:54:17,125 [pool-181-thread-1] INFO  server.RaftServerConfigKeys (ConfUtils.java:logGet(43)) - raft.server.log.appender.install.snapshot.enabled = false (custom)
2019-10-02 17:54:17,125 [pool-181-thread-1] INFO  impl.RaftServerImpl (ServerState.java:<init>(103)) - ae729cbd-7ce4-47be-ae44-f885f4c1fbd3@group-A8496D62A23A: ConfigurationManager, init=-1: [ae729cbd-7ce4-47be-ae44-f885f4c1fbd3:192.168.151.72:36044], old=null, confs=<EMPTY_MAP>
2019-10-02 17:54:17,125 [pool-181-thread-1] INFO  server.RaftServerConfigKeys (ConfUtils.java:logGet(43)) - raft.server.storage.dir = [/workdir/hadoop-ozone/integration-test/target/test-dir/MiniOzoneClusterImpl-65f8f4fe-1764-4468-9f48-37bf81c95b0d/datanode-6/data/ratis] (custom)
2019-10-02 17:54:17,125 [pool-181-thread-1] INFO  server.RaftServerConfigKeys (ConfUtils.java:logGet(43)) - raft.server.log.corruption.policy = EXCEPTION (default)
2019-10-02 17:54:17,126 [pool-181-thread-1] INFO  storage.RaftStorageDirectory (RaftStorageDirectory.java:analyzeStorage(246)) - The storage directory /workdir/hadoop-ozone/integration-test/target/test-dir/MiniOzoneClusterImpl-65f8f4fe-1764-4468-9f48-37bf81c95b0d/datanode-6/data/ratis/2fcf6e65-1bd9-415d-9acc-a8496d62a23a does not exist. Creating ...
2019-10-02 17:54:17,139 [pool-181-thread-1] INFO  storage.RaftStorageDirectory (RaftStorageDirectory.java:tryLock(328)) - Lock on /workdir/hadoop-ozone/integration-test/target/test-dir/MiniOzoneClusterImpl-65f8f4fe-1764-4468-9f48-37bf81c95b0d/datanode-6/data/ratis/2fcf6e65-1bd9-415d-9acc-a8496d62a23a/in_use.lock acquired by nodename 27144@pr-trunk-fgz7f-2353921243
2019-10-02 17:54:17,153 [pool-181-thread-1] INFO  storage.RaftStorage (RaftStorage.java:format(84)) - Storage directory /workdir/hadoop-ozone/integration-test/target/test-dir/MiniOzoneClusterImpl-65f8f4fe-1764-4468-9f48-37bf81c95b0d/datanode-6/data/ratis/2fcf6e65-1bd9-415d-9acc-a8496d62a23a has been successfully formatted.
2019-10-02 17:54:17,153 [pool-181-thread-1] INFO  ratis.ContainerStateMachine (ContainerStateMachine.java:loadSnapshot(231)) - group-A8496D62A23A: The snapshot info is null. Setting the last applied indexto:(t:0, i:~)
2019-10-02 17:54:17,153 [pool-181-thread-1] INFO  server.RaftServerConfigKeys (ConfUtils.java:logGet(43)) - raft.server.notification.no-leader.timeout = 120s (custom)
2019-10-02 17:54:17,153 [pool-181-thread-1] INFO  server.RaftServerConfigKeys (ConfUtils.java:logGet(43)) - raft.server.log.use.memory = false (default)
2019-10-02 17:54:17,153 [pool-181-thread-1] INFO  server.RaftServerConfigKeys (ConfUtils.java:logGet(43)) - raft.server.log.purge.gap = 1000000 (custom)
2019-10-02 17:54:17,153 [pool-181-thread-1] INFO  server.RaftServerConfigKeys (ConfUtils.java:logGet(43)) - raft.server.log.appender.buffer.byte-limit = 33554432 (custom)
2019-10-02 17:54:17,154 [pool-181-thread-1] INFO  server.RaftServerConfigKeys (ConfUtils.java:logGet(43)) - raft.server.log.segment.size.max = 1048576 (custom)
2019-10-02 17:54:17,156 [pool-181-thread-1] INFO  server.RaftServerConfigKeys (ConfUtils.java:logGet(43)) - raft.server.log.segment.cache.num.max = 2 (custom)
2019-10-02 17:54:17,156 [pool-181-thread-1] INFO  segmented.SegmentedRaftLogWorker (SegmentedRaftLogWorker.java:<init>(173)) - new ae729cbd-7ce4-47be-ae44-f885f4c1fbd3@group-A8496D62A23A-SegmentedRaftLogWorker for RaftStorage:Storage Directory /workdir/hadoop-ozone/integration-test/target/test-dir/MiniOzoneClusterImpl-65f8f4fe-1764-4468-9f48-37bf81c95b0d/datanode-6/data/ratis/2fcf6e65-1bd9-415d-9acc-a8496d62a23a
2019-10-02 17:54:17,156 [pool-181-thread-1] INFO  server.RaftServerConfigKeys (ConfUtils.java:logGet(43)) - raft.server.log.queue.byte-limit = 2147483647 (custom)
2019-10-02 17:54:17,156 [pool-181-thread-1] INFO  server.RaftServerConfigKeys (ConfUtils.java:logGet(43)) - raft.server.log.queue.element-limit = 1024 (custom)
2019-10-02 17:54:17,156 [pool-181-thread-1] INFO  server.RaftServerConfigKeys (ConfUtils.java:logGet(43)) - raft.server.log.segment.size.max = 1048576 (custom)
2019-10-02 17:54:17,156 [pool-181-thread-1] INFO  server.RaftServerConfigKeys (ConfUtils.java:logGet(43)) - raft.server.log.preallocated.size = 16384 (custom)
2019-10-02 17:54:17,157 [pool-181-thread-1] INFO  server.RaftServerConfigKeys (ConfUtils.java:logGet(43)) - raft.server.log.write.buffer.size = 33554432 (custom)
2019-10-02 17:54:17,157 [pool-181-thread-1] INFO  server.RaftServerConfigKeys (ConfUtils.java:logGet(43)) - raft.server.log.force.sync.num = 128 (default)
2019-10-02 17:54:17,157 [pool-181-thread-1] INFO  server.RaftServerConfigKeys (ConfUtils.java:logGet(43)) - raft.server.log.statemachine.data.sync = true (default)
2019-10-02 17:54:17,157 [pool-181-thread-1] INFO  server.RaftServerConfigKeys (ConfUtils.java:logGet(43)) - raft.server.log.statemachine.data.sync.timeout = 10s (default)
2019-10-02 17:54:17,157 [pool-181-thread-1] INFO  server.RaftServerConfigKeys (ConfUtils.java:logGet(43)) - raft.server.log.statemachine.data.sync.timeout.retry = -1 (default)
2019-10-02 17:54:17,158 [pool-181-thread-1] INFO  server.RaftServerConfigKeys (ConfUtils.java:logGet(43)) - raft.server.log.statemachine.data.caching.enabled = true (custom)
2019-10-02 17:54:17,158 [pool-181-thread-1] INFO  segmented.SegmentedRaftLogWorker (SegmentedRaftLogWorker.java:lambda$new$0(128)) - ae729cbd-7ce4-47be-ae44-f885f4c1fbd3@group-A8496D62A23A-SegmentedRaftLogWorker: flushIndex: setUnconditionally 0 -> -1
2019-10-02 17:54:17,158 [pool-181-thread-1] INFO  server.RaftServerConfigKeys (ConfUtils.java:logGet(43)) - raft.server.snapshot.auto.trigger.enabled = true (custom)
2019-10-02 17:54:17,159 [pool-181-thread-1] INFO  server.RaftServerConfigKeys (ConfUtils.java:logGet(43)) - raft.server.snapshot.auto.trigger.threshold = 10000 (custom)
2019-10-02 17:54:17,159 [pool-181-thread-1] INFO  server.RaftServerConfigKeys (ConfUtils.java:logGet(43)) - raft.server.snapshot.retention.file.num = 5 (custom)
2019-10-02 17:54:17,159 [pool-181-thread-1] INFO  server.RaftServerConfigKeys (ConfUtils.java:logGet(43)) - raft.server.retrycache.expirytime = 600000ms (custom)
2019-10-02 17:54:17,161 [pool-181-thread-1] INFO  impl.RaftServerImpl (RaftServerImpl.java:start(181)) - ae729cbd-7ce4-47be-ae44-f885f4c1fbd3@group-A8496D62A23A: start as a follower, conf=-1: [ae729cbd-7ce4-47be-ae44-f885f4c1fbd3:192.168.151.72:36044], old=null
2019-10-02 17:54:17,161 [pool-181-thread-1] INFO  impl.RaftServerImpl (RaftServerImpl.java:setRole(170)) - ae729cbd-7ce4-47be-ae44-f885f4c1fbd3@group-A8496D62A23A: changes role from      null to FOLLOWER at term 0 for startAsFollower
2019-10-02 17:54:17,161 [pool-181-thread-1] INFO  impl.RoleInfo (RoleInfo.java:updateAndGet(143)) - ae729cbd-7ce4-47be-ae44-f885f4c1fbd3: start FollowerState
2019-10-02 17:54:17,162 [pool-181-thread-1] INFO  util.JmxRegister (JmxRegister.java:tryRegister(44)) - Successfully registered JMX Bean with object name Ratis:service=RaftServer,group=group-A8496D62A23A,id=ae729cbd-7ce4-47be-ae44-f885f4c1fbd3
2019-10-02 17:54:17,167 [RatisPipelineUtilsThread] INFO  pipeline.PipelineStateManager (PipelineStateManager.java:addPipeline(56)) - Created pipeline Pipeline[ Id: 2fcf6e65-1bd9-415d-9acc-a8496d62a23a, Nodes: ae729cbd-7ce4-47be-ae44-f885f4c1fbd3{ip: 192.168.151.72, host: pr-trunk-fgz7f-2353921243, networkLocation: /default-rack, certSerialId: null}, Type:RATIS, Factor:ONE, State:OPEN]
2019-10-02 17:54:17,180 [grpc-default-executor-8] INFO  impl.RaftServerProxy (RaftServerProxy.java:addNew(89)) - 3933d80c-e8ff-4f72-bba7-02820fb600e2: addNew group-EB005B711FC0:[91a1b220-aea4-4dd3-92cb-bba23af74008:192.168.151.72:35241, 3933d80c-e8ff-4f72-bba7-02820fb600e2:192.168.151.72:43322, b497eacb-55a3-4ffa-9375-3900e91065f4:192.168.151.72:45210] returns group-EB005B711FC0:java.util.concurrent.CompletableFuture@497ab575[Not completed]
2019-10-02 17:54:17,181 [grpc-default-executor-9] INFO  impl.RaftServerProxy (RaftServerProxy.java:addNew(89)) - 91a1b220-aea4-4dd3-92cb-bba23af74008: addNew group-EB005B711FC0:[91a1b220-aea4-4dd3-92cb-bba23af74008:192.168.151.72:35241, 3933d80c-e8ff-4f72-bba7-02820fb600e2:192.168.151.72:43322, b497eacb-55a3-4ffa-9375-3900e91065f4:192.168.151.72:45210] returns group-EB005B711FC0:java.util.concurrent.CompletableFuture@2acc96fe[Not completed]
2019-10-02 17:54:17,181 [grpc-default-executor-3] INFO  impl.RaftServerProxy (RaftServerProxy.java:addNew(89)) - b497eacb-55a3-4ffa-9375-3900e91065f4: addNew group-EB005B711FC0:[91a1b220-aea4-4dd3-92cb-bba23af74008:192.168.151.72:35241, 3933d80c-e8ff-4f72-bba7-02820fb600e2:192.168.151.72:43322, b497eacb-55a3-4ffa-9375-3900e91065f4:192.168.151.72:45210] returns group-EB005B711FC0:java.util.concurrent.CompletableFuture@32b10a34[Not completed]
2019-10-02 17:54:17,181 [pool-131-thread-1] INFO  impl.RaftServerImpl (RaftServerImpl.java:<init>(95)) - 3933d80c-e8ff-4f72-bba7-02820fb600e2: new RaftServerImpl for group-EB005B711FC0:[91a1b220-aea4-4dd3-92cb-bba23af74008:192.168.151.72:35241, 3933d80c-e8ff-4f72-bba7-02820fb600e2:192.168.151.72:43322, b497eacb-55a3-4ffa-9375-3900e91065f4:192.168.151.72:45210] with ContainerStateMachine:uninitialized
2019-10-02 17:54:17,181 [pool-131-thread-1] INFO  server.RaftServerConfigKeys (ConfUtils.java:logGet(43)) - raft.server.rpc.timeout.min = 5s (custom)
2019-10-02 17:54:17,181 [pool-131-thread-1] INFO  server.RaftServerConfigKeys (ConfUtils.java:logGet(43)) - raft.server.rpc.timeout.max = 5200ms (custom)
2019-10-02 17:54:17,182 [pool-131-thread-1] INFO  server.RaftServerConfigKeys (ConfUtils.java:logGet(43)) - raft.server.rpcslowness.timeout = 120s (custom)
2019-10-02 17:54:17,182 [pool-131-thread-1] INFO  server.RaftServerConfigKeys (ConfUtils.java:logGet(43)) - raft.server.sleep.deviation.threshold = 300 (default)
2019-10-02 17:54:17,182 [pool-161-thread-1] INFO  impl.RaftServerImpl (RaftServerImpl.java:<init>(95)) - 91a1b220-aea4-4dd3-92cb-bba23af74008: new RaftServerImpl for group-EB005B711FC0:[91a1b220-aea4-4dd3-92cb-bba23af74008:192.168.151.72:35241, 3933d80c-e8ff-4f72-bba7-02820fb600e2:192.168.151.72:43322, b497eacb-55a3-4ffa-9375-3900e91065f4:192.168.151.72:45210] with ContainerStateMachine:uninitialized
2019-10-02 17:54:17,182 [pool-131-thread-1] INFO  server.RaftServerConfigKeys (ConfUtils.java:logGet(43)) - raft.server.log.appender.install.snapshot.enabled = false (custom)
2019-10-02 17:54:17,182 [pool-161-thread-1] INFO  server.RaftServerConfigKeys (ConfUtils.java:logGet(43)) - raft.server.rpc.timeout.min = 5s (custom)
2019-10-02 17:54:17,182 [pool-121-thread-1] INFO  impl.RaftServerImpl (RaftServerImpl.java:<init>(95)) - b497eacb-55a3-4ffa-9375-3900e91065f4: new RaftServerImpl for group-EB005B711FC0:[91a1b220-aea4-4dd3-92cb-bba23af74008:192.168.151.72:35241, 3933d80c-e8ff-4f72-bba7-02820fb600e2:192.168.151.72:43322, b497eacb-55a3-4ffa-9375-3900e91065f4:192.168.151.72:45210] with ContainerStateMachine:uninitialized
2019-10-02 17:54:17,182 [pool-131-thread-1] INFO  impl.RaftServerImpl (ServerState.java:<init>(103)) - 3933d80c-e8ff-4f72-bba7-02820fb600e2@group-EB005B711FC0: ConfigurationManager, init=-1: [91a1b220-aea4-4dd3-92cb-bba23af74008:192.168.151.72:35241, 3933d80c-e8ff-4f72-bba7-02820fb600e2:192.168.151.72:43322, b497eacb-55a3-4ffa-9375-3900e91065f4:192.168.151.72:45210], old=null, confs=<EMPTY_MAP>
2019-10-02 17:54:17,182 [pool-121-thread-1] INFO  server.RaftServerConfigKeys (ConfUtils.java:logGet(43)) - raft.server.rpc.timeout.min = 5s (custom)
2019-10-02 17:54:17,182 [pool-161-thread-1] INFO  server.RaftServerConfigKeys (ConfUtils.java:logGet(43)) - raft.server.rpc.timeout.max = 5200ms (custom)
2019-10-02 17:54:17,182 [pool-121-thread-1] INFO  server.RaftServerConfigKeys (ConfUtils.java:logGet(43)) - raft.server.rpc.timeout.max = 5200ms (custom)
2019-10-02 17:54:17,182 [pool-131-thread-1] INFO  server.RaftServerConfigKeys (ConfUtils.java:logGet(43)) - raft.server.storage.dir = [/workdir/hadoop-ozone/integration-test/target/test-dir/MiniOzoneClusterImpl-65f8f4fe-1764-4468-9f48-37bf81c95b0d/datanode-1/data/ratis] (custom)
2019-10-02 17:54:17,183 [pool-121-thread-1] INFO  server.RaftServerConfigKeys (ConfUtils.java:logGet(43)) - raft.server.rpcslowness.timeout = 120s (custom)
2019-10-02 17:54:17,182 [pool-161-thread-1] INFO  server.RaftServerConfigKeys (ConfUtils.java:logGet(43)) - raft.server.rpcslowness.timeout = 120s (custom)
2019-10-02 17:54:17,183 [pool-131-thread-1] INFO  server.RaftServerConfigKeys (ConfUtils.java:logGet(43)) - raft.server.log.corruption.policy = EXCEPTION (default)
2019-10-02 17:54:17,183 [pool-121-thread-1] INFO  server.RaftServerConfigKeys (ConfUtils.java:logGet(43)) - raft.server.sleep.deviation.threshold = 300 (default)
2019-10-02 17:54:17,183 [pool-131-thread-1] INFO  storage.RaftStorageDirectory (RaftStorageDirectory.java:analyzeStorage(246)) - The storage directory /workdir/hadoop-ozone/integration-test/target/test-dir/MiniOzoneClusterImpl-65f8f4fe-1764-4468-9f48-37bf81c95b0d/datanode-1/data/ratis/7f186375-538e-4524-9d17-eb005b711fc0 does not exist. Creating ...
2019-10-02 17:54:17,183 [pool-161-thread-1] INFO  server.RaftServerConfigKeys (ConfUtils.java:logGet(43)) - raft.server.sleep.deviation.threshold = 300 (default)
2019-10-02 17:54:17,183 [pool-121-thread-1] INFO  server.RaftServerConfigKeys (ConfUtils.java:logGet(43)) - raft.server.log.appender.install.snapshot.enabled = false (custom)
2019-10-02 17:54:17,183 [pool-161-thread-1] INFO  server.RaftServerConfigKeys (ConfUtils.java:logGet(43)) - raft.server.log.appender.install.snapshot.enabled = false (custom)
2019-10-02 17:54:17,183 [pool-121-thread-1] INFO  impl.RaftServerImpl (ServerState.java:<init>(103)) - b497eacb-55a3-4ffa-9375-3900e91065f4@group-EB005B711FC0: ConfigurationManager, init=-1: [91a1b220-aea4-4dd3-92cb-bba23af74008:192.168.151.72:35241, 3933d80c-e8ff-4f72-bba7-02820fb600e2:192.168.151.72:43322, b497eacb-55a3-4ffa-9375-3900e91065f4:192.168.151.72:45210], old=null, confs=<EMPTY_MAP>
2019-10-02 17:54:17,183 [pool-161-thread-1] INFO  impl.RaftServerImpl (ServerState.java:<init>(103)) - 91a1b220-aea4-4dd3-92cb-bba23af74008@group-EB005B711FC0: ConfigurationManager, init=-1: [91a1b220-aea4-4dd3-92cb-bba23af74008:192.168.151.72:35241, 3933d80c-e8ff-4f72-bba7-02820fb600e2:192.168.151.72:43322, b497eacb-55a3-4ffa-9375-3900e91065f4:192.168.151.72:45210], old=null, confs=<EMPTY_MAP>
2019-10-02 17:54:17,184 [pool-121-thread-1] INFO  server.RaftServerConfigKeys (ConfUtils.java:logGet(43)) - raft.server.storage.dir = [/workdir/hadoop-ozone/integration-test/target/test-dir/MiniOzoneClusterImpl-65f8f4fe-1764-4468-9f48-37bf81c95b0d/datanode-0/data/ratis] (custom)
2019-10-02 17:54:17,184 [pool-161-thread-1] INFO  server.RaftServerConfigKeys (ConfUtils.java:logGet(43)) - raft.server.storage.dir = [/workdir/hadoop-ozone/integration-test/target/test-dir/MiniOzoneClusterImpl-65f8f4fe-1764-4468-9f48-37bf81c95b0d/datanode-4/data/ratis] (custom)
2019-10-02 17:54:17,184 [pool-121-thread-1] INFO  server.RaftServerConfigKeys (ConfUtils.java:logGet(43)) - raft.server.log.corruption.policy = EXCEPTION (default)
2019-10-02 17:54:17,184 [pool-161-thread-1] INFO  server.RaftServerConfigKeys (ConfUtils.java:logGet(43)) - raft.server.log.corruption.policy = EXCEPTION (default)
2019-10-02 17:54:17,184 [pool-121-thread-1] INFO  storage.RaftStorageDirectory (RaftStorageDirectory.java:analyzeStorage(246)) - The storage directory /workdir/hadoop-ozone/integration-test/target/test-dir/MiniOzoneClusterImpl-65f8f4fe-1764-4468-9f48-37bf81c95b0d/datanode-0/data/ratis/7f186375-538e-4524-9d17-eb005b711fc0 does not exist. Creating ...
2019-10-02 17:54:17,184 [pool-161-thread-1] INFO  storage.RaftStorageDirectory (RaftStorageDirectory.java:analyzeStorage(246)) - The storage directory /workdir/hadoop-ozone/integration-test/target/test-dir/MiniOzoneClusterImpl-65f8f4fe-1764-4468-9f48-37bf81c95b0d/datanode-4/data/ratis/7f186375-538e-4524-9d17-eb005b711fc0 does not exist. Creating ...
2019-10-02 17:54:17,197 [pool-121-thread-1] INFO  storage.RaftStorageDirectory (RaftStorageDirectory.java:tryLock(328)) - Lock on /workdir/hadoop-ozone/integration-test/target/test-dir/MiniOzoneClusterImpl-65f8f4fe-1764-4468-9f48-37bf81c95b0d/datanode-0/data/ratis/7f186375-538e-4524-9d17-eb005b711fc0/in_use.lock acquired by nodename 27144@pr-trunk-fgz7f-2353921243
2019-10-02 17:54:17,197 [pool-161-thread-1] INFO  storage.RaftStorageDirectory (RaftStorageDirectory.java:tryLock(328)) - Lock on /workdir/hadoop-ozone/integration-test/target/test-dir/MiniOzoneClusterImpl-65f8f4fe-1764-4468-9f48-37bf81c95b0d/datanode-4/data/ratis/7f186375-538e-4524-9d17-eb005b711fc0/in_use.lock acquired by nodename 27144@pr-trunk-fgz7f-2353921243
2019-10-02 17:54:17,197 [pool-131-thread-1] INFO  storage.RaftStorageDirectory (RaftStorageDirectory.java:tryLock(328)) - Lock on /workdir/hadoop-ozone/integration-test/target/test-dir/MiniOzoneClusterImpl-65f8f4fe-1764-4468-9f48-37bf81c95b0d/datanode-1/data/ratis/7f186375-538e-4524-9d17-eb005b711fc0/in_use.lock acquired by nodename 27144@pr-trunk-fgz7f-2353921243
2019-10-02 17:54:17,210 [pool-121-thread-1] INFO  storage.RaftStorage (RaftStorage.java:format(84)) - Storage directory /workdir/hadoop-ozone/integration-test/target/test-dir/MiniOzoneClusterImpl-65f8f4fe-1764-4468-9f48-37bf81c95b0d/datanode-0/data/ratis/7f186375-538e-4524-9d17-eb005b711fc0 has been successfully formatted.
2019-10-02 17:54:17,210 [pool-161-thread-1] INFO  storage.RaftStorage (RaftStorage.java:format(84)) - Storage directory /workdir/hadoop-ozone/integration-test/target/test-dir/MiniOzoneClusterImpl-65f8f4fe-1764-4468-9f48-37bf81c95b0d/datanode-4/data/ratis/7f186375-538e-4524-9d17-eb005b711fc0 has been successfully formatted.
2019-10-02 17:54:17,210 [pool-131-thread-1] INFO  storage.RaftStorage (RaftStorage.java:format(84)) - Storage directory /workdir/hadoop-ozone/integration-test/target/test-dir/MiniOzoneClusterImpl-65f8f4fe-1764-4468-9f48-37bf81c95b0d/datanode-1/data/ratis/7f186375-538e-4524-9d17-eb005b711fc0 has been successfully formatted.
2019-10-02 17:54:17,210 [pool-121-thread-1] INFO  ratis.ContainerStateMachine (ContainerStateMachine.java:loadSnapshot(231)) - group-EB005B711FC0: The snapshot info is null. Setting the last applied indexto:(t:0, i:~)
2019-10-02 17:54:17,211 [pool-131-thread-1] INFO  ratis.ContainerStateMachine (ContainerStateMachine.java:loadSnapshot(231)) - group-EB005B711FC0: The snapshot info is null. Setting the last applied indexto:(t:0, i:~)
2019-10-02 17:54:17,210 [pool-161-thread-1] INFO  ratis.ContainerStateMachine (ContainerStateMachine.java:loadSnapshot(231)) - group-EB005B711FC0: The snapshot info is null. Setting the last applied indexto:(t:0, i:~)
2019-10-02 17:54:17,211 [pool-131-thread-1] INFO  server.RaftServerConfigKeys (ConfUtils.java:logGet(43)) - raft.server.notification.no-leader.timeout = 120s (custom)
2019-10-02 17:54:17,211 [pool-121-thread-1] INFO  server.RaftServerConfigKeys (ConfUtils.java:logGet(43)) - raft.server.notification.no-leader.timeout = 120s (custom)
2019-10-02 17:54:17,211 [pool-131-thread-1] INFO  server.RaftServerConfigKeys (ConfUtils.java:logGet(43)) - raft.server.log.use.memory = false (default)
2019-10-02 17:54:17,211 [pool-161-thread-1] INFO  server.RaftServerConfigKeys (ConfUtils.java:logGet(43)) - raft.server.notification.no-leader.timeout = 120s (custom)
2019-10-02 17:54:17,211 [pool-131-thread-1] INFO  server.RaftServerConfigKeys (ConfUtils.java:logGet(43)) - raft.server.log.purge.gap = 1000000 (custom)
2019-10-02 17:54:17,211 [pool-121-thread-1] INFO  server.RaftServerConfigKeys (ConfUtils.java:logGet(43)) - raft.server.log.use.memory = false (default)
2019-10-02 17:54:17,211 [pool-131-thread-1] INFO  server.RaftServerConfigKeys (ConfUtils.java:logGet(43)) - raft.server.log.appender.buffer.byte-limit = 33554432 (custom)
2019-10-02 17:54:17,211 [pool-161-thread-1] INFO  server.RaftServerConfigKeys (ConfUtils.java:logGet(43)) - raft.server.log.use.memory = false (default)
2019-10-02 17:54:17,212 [pool-131-thread-1] INFO  server.RaftServerConfigKeys (ConfUtils.java:logGet(43)) - raft.server.log.segment.size.max = 1048576 (custom)
2019-10-02 17:54:17,211 [pool-121-thread-1] INFO  server.RaftServerConfigKeys (ConfUtils.java:logGet(43)) - raft.server.log.purge.gap = 1000000 (custom)
2019-10-02 17:54:17,212 [pool-131-thread-1] INFO  server.RaftServerConfigKeys (ConfUtils.java:logGet(43)) - raft.server.log.segment.cache.num.max = 2 (custom)
2019-10-02 17:54:17,212 [pool-161-thread-1] INFO  server.RaftServerConfigKeys (ConfUtils.java:logGet(43)) - raft.server.log.purge.gap = 1000000 (custom)
2019-10-02 17:54:17,212 [pool-131-thread-1] INFO  segmented.SegmentedRaftLogWorker (SegmentedRaftLogWorker.java:<init>(173)) - new 3933d80c-e8ff-4f72-bba7-02820fb600e2@group-EB005B711FC0-SegmentedRaftLogWorker for RaftStorage:Storage Directory /workdir/hadoop-ozone/integration-test/target/test-dir/MiniOzoneClusterImpl-65f8f4fe-1764-4468-9f48-37bf81c95b0d/datanode-1/data/ratis/7f186375-538e-4524-9d17-eb005b711fc0
2019-10-02 17:54:17,212 [pool-121-thread-1] INFO  server.RaftServerConfigKeys (ConfUtils.java:logGet(43)) - raft.server.log.appender.buffer.byte-limit = 33554432 (custom)
2019-10-02 17:54:17,212 [pool-131-thread-1] INFO  server.RaftServerConfigKeys (ConfUtils.java:logGet(43)) - raft.server.log.queue.byte-limit = 2147483647 (custom)
2019-10-02 17:54:17,212 [pool-161-thread-1] INFO  server.RaftServerConfigKeys (ConfUtils.java:logGet(43)) - raft.server.log.appender.buffer.byte-limit = 33554432 (custom)
2019-10-02 17:54:17,212 [pool-131-thread-1] INFO  server.RaftServerConfigKeys (ConfUtils.java:logGet(43)) - raft.server.log.queue.element-limit = 1024 (custom)
2019-10-02 17:54:17,212 [pool-121-thread-1] INFO  server.RaftServerConfigKeys (ConfUtils.java:logGet(43)) - raft.server.log.segment.size.max = 1048576 (custom)
2019-10-02 17:54:17,213 [pool-131-thread-1] INFO  server.RaftServerConfigKeys (ConfUtils.java:logGet(43)) - raft.server.log.segment.size.max = 1048576 (custom)
2019-10-02 17:54:17,213 [pool-161-thread-1] INFO  server.RaftServerConfigKeys (ConfUtils.java:logGet(43)) - raft.server.log.segment.size.max = 1048576 (custom)
2019-10-02 17:54:17,213 [pool-131-thread-1] INFO  server.RaftServerConfigKeys (ConfUtils.java:logGet(43)) - raft.server.log.preallocated.size = 16384 (custom)
2019-10-02 17:54:17,213 [pool-121-thread-1] INFO  server.RaftServerConfigKeys (ConfUtils.java:logGet(43)) - raft.server.log.segment.cache.num.max = 2 (custom)
2019-10-02 17:54:17,213 [pool-131-thread-1] INFO  server.RaftServerConfigKeys (ConfUtils.java:logGet(43)) - raft.server.log.write.buffer.size = 33554432 (custom)
2019-10-02 17:54:17,213 [pool-161-thread-1] INFO  server.RaftServerConfigKeys (ConfUtils.java:logGet(43)) - raft.server.log.segment.cache.num.max = 2 (custom)
2019-10-02 17:54:17,213 [pool-131-thread-1] INFO  server.RaftServerConfigKeys (ConfUtils.java:logGet(43)) - raft.server.log.force.sync.num = 128 (default)
2019-10-02 17:54:17,213 [pool-121-thread-1] INFO  segmented.SegmentedRaftLogWorker (SegmentedRaftLogWorker.java:<init>(173)) - new b497eacb-55a3-4ffa-9375-3900e91065f4@group-EB005B711FC0-SegmentedRaftLogWorker for RaftStorage:Storage Directory /workdir/hadoop-ozone/integration-test/target/test-dir/MiniOzoneClusterImpl-65f8f4fe-1764-4468-9f48-37bf81c95b0d/datanode-0/data/ratis/7f186375-538e-4524-9d17-eb005b711fc0
2019-10-02 17:54:17,214 [pool-131-thread-1] INFO  server.RaftServerConfigKeys (ConfUtils.java:logGet(43)) - raft.server.log.statemachine.data.sync = true (default)
2019-10-02 17:54:17,213 [pool-161-thread-1] INFO  segmented.SegmentedRaftLogWorker (SegmentedRaftLogWorker.java:<init>(173)) - new 91a1b220-aea4-4dd3-92cb-bba23af74008@group-EB005B711FC0-SegmentedRaftLogWorker for RaftStorage:Storage Directory /workdir/hadoop-ozone/integration-test/target/test-dir/MiniOzoneClusterImpl-65f8f4fe-1764-4468-9f48-37bf81c95b0d/datanode-4/data/ratis/7f186375-538e-4524-9d17-eb005b711fc0
2019-10-02 17:54:17,214 [pool-131-thread-1] INFO  server.RaftServerConfigKeys (ConfUtils.java:logGet(43)) - raft.server.log.statemachine.data.sync.timeout = 10s (default)
2019-10-02 17:54:17,214 [pool-121-thread-1] INFO  server.RaftServerConfigKeys (ConfUtils.java:logGet(43)) - raft.server.log.queue.byte-limit = 2147483647 (custom)
2019-10-02 17:54:17,214 [pool-131-thread-1] INFO  server.RaftServerConfigKeys (ConfUtils.java:logGet(43)) - raft.server.log.statemachine.data.sync.timeout.retry = -1 (default)
2019-10-02 17:54:17,214 [pool-161-thread-1] INFO  server.RaftServerConfigKeys (ConfUtils.java:logGet(43)) - raft.server.log.queue.byte-limit = 2147483647 (custom)
2019-10-02 17:54:17,214 [pool-131-thread-1] INFO  server.RaftServerConfigKeys (ConfUtils.java:logGet(43)) - raft.server.log.statemachine.data.caching.enabled = true (custom)
2019-10-02 17:54:17,214 [pool-121-thread-1] INFO  server.RaftServerConfigKeys (ConfUtils.java:logGet(43)) - raft.server.log.queue.element-limit = 1024 (custom)
2019-10-02 17:54:17,214 [pool-161-thread-1] INFO  server.RaftServerConfigKeys (ConfUtils.java:logGet(43)) - raft.server.log.queue.element-limit = 1024 (custom)
2019-10-02 17:54:17,214 [pool-131-thread-1] INFO  segmented.SegmentedRaftLogWorker (SegmentedRaftLogWorker.java:lambda$new$0(128)) - 3933d80c-e8ff-4f72-bba7-02820fb600e2@group-EB005B711FC0-SegmentedRaftLogWorker: flushIndex: setUnconditionally 0 -> -1
2019-10-02 17:54:17,214 [pool-121-thread-1] INFO  server.RaftServerConfigKeys (ConfUtils.java:logGet(43)) - raft.server.log.segment.size.max = 1048576 (custom)
2019-10-02 17:54:17,215 [pool-161-thread-1] INFO  server.RaftServerConfigKeys (ConfUtils.java:logGet(43)) - raft.server.log.segment.size.max = 1048576 (custom)
2019-10-02 17:54:17,215 [pool-131-thread-1] INFO  server.RaftServerConfigKeys (ConfUtils.java:logGet(43)) - raft.server.snapshot.auto.trigger.enabled = true (custom)
2019-10-02 17:54:17,215 [pool-121-thread-1] INFO  server.RaftServerConfigKeys (ConfUtils.java:logGet(43)) - raft.server.log.preallocated.size = 16384 (custom)
2019-10-02 17:54:17,215 [pool-131-thread-1] INFO  server.RaftServerConfigKeys (ConfUtils.java:logGet(43)) - raft.server.snapshot.auto.trigger.threshold = 10000 (custom)
2019-10-02 17:54:17,215 [pool-161-thread-1] INFO  server.RaftServerConfigKeys (ConfUtils.java:logGet(43)) - raft.server.log.preallocated.size = 16384 (custom)
2019-10-02 17:54:17,215 [pool-131-thread-1] INFO  server.RaftServerConfigKeys (ConfUtils.java:logGet(43)) - raft.server.snapshot.retention.file.num = 5 (custom)
2019-10-02 17:54:17,215 [pool-121-thread-1] INFO  server.RaftServerConfigKeys (ConfUtils.java:logGet(43)) - raft.server.log.write.buffer.size = 33554432 (custom)
2019-10-02 17:54:17,215 [pool-131-thread-1] INFO  server.RaftServerConfigKeys (ConfUtils.java:logGet(43)) - raft.server.retrycache.expirytime = 600000ms (custom)
2019-10-02 17:54:17,215 [pool-161-thread-1] INFO  server.RaftServerConfigKeys (ConfUtils.java:logGet(43)) - raft.server.log.write.buffer.size = 33554432 (custom)
2019-10-02 17:54:17,216 [pool-121-thread-1] INFO  server.RaftServerConfigKeys (ConfUtils.java:logGet(43)) - raft.server.log.force.sync.num = 128 (default)
2019-10-02 17:54:17,216 [pool-161-thread-1] INFO  server.RaftServerConfigKeys (ConfUtils.java:logGet(43)) - raft.server.log.force.sync.num = 128 (default)
2019-10-02 17:54:17,216 [pool-121-thread-1] INFO  server.RaftServerConfigKeys (ConfUtils.java:logGet(43)) - raft.server.log.statemachine.data.sync = true (default)
2019-10-02 17:54:17,216 [pool-161-thread-1] INFO  server.RaftServerConfigKeys (ConfUtils.java:logGet(43)) - raft.server.log.statemachine.data.sync = true (default)
2019-10-02 17:54:17,216 [pool-121-thread-1] INFO  server.RaftServerConfigKeys (ConfUtils.java:logGet(43)) - raft.server.log.statemachine.data.sync.timeout = 10s (default)
2019-10-02 17:54:17,216 [pool-161-thread-1] INFO  server.RaftServerConfigKeys (ConfUtils.java:logGet(43)) - raft.server.log.statemachine.data.sync.timeout = 10s (default)
2019-10-02 17:54:17,216 [pool-121-thread-1] INFO  server.RaftServerConfigKeys (ConfUtils.java:logGet(43)) - raft.server.log.statemachine.data.sync.timeout.retry = -1 (default)
2019-10-02 17:54:17,217 [pool-161-thread-1] INFO  server.RaftServerConfigKeys (ConfUtils.java:logGet(43)) - raft.server.log.statemachine.data.sync.timeout.retry = -1 (default)
2019-10-02 17:54:17,217 [pool-121-thread-1] INFO  server.RaftServerConfigKeys (ConfUtils.java:logGet(43)) - raft.server.log.statemachine.data.caching.enabled = true (custom)
2019-10-02 17:54:17,217 [pool-161-thread-1] INFO  server.RaftServerConfigKeys (ConfUtils.java:logGet(43)) - raft.server.log.statemachine.data.caching.enabled = true (custom)
2019-10-02 17:54:17,217 [pool-121-thread-1] INFO  segmented.SegmentedRaftLogWorker (SegmentedRaftLogWorker.java:lambda$new$0(128)) - b497eacb-55a3-4ffa-9375-3900e91065f4@group-EB005B711FC0-SegmentedRaftLogWorker: flushIndex: setUnconditionally 0 -> -1
2019-10-02 17:54:17,217 [pool-161-thread-1] INFO  segmented.SegmentedRaftLogWorker (SegmentedRaftLogWorker.java:lambda$new$0(128)) - 91a1b220-aea4-4dd3-92cb-bba23af74008@group-EB005B711FC0-SegmentedRaftLogWorker: flushIndex: setUnconditionally 0 -> -1
2019-10-02 17:54:17,217 [pool-121-thread-1] INFO  server.RaftServerConfigKeys (ConfUtils.java:logGet(43)) - raft.server.snapshot.auto.trigger.enabled = true (custom)
2019-10-02 17:54:17,217 [pool-121-thread-1] INFO  server.RaftServerConfigKeys (ConfUtils.java:logGet(43)) - raft.server.snapshot.auto.trigger.threshold = 10000 (custom)
2019-10-02 17:54:17,217 [pool-161-thread-1] INFO  server.RaftServerConfigKeys (ConfUtils.java:logGet(43)) - raft.server.snapshot.auto.trigger.enabled = true (custom)
2019-10-02 17:54:17,218 [pool-121-thread-1] INFO  server.RaftServerConfigKeys (ConfUtils.java:logGet(43)) - raft.server.snapshot.retention.file.num = 5 (custom)
2019-10-02 17:54:17,218 [pool-131-thread-1] INFO  impl.RaftServerImpl (RaftServerImpl.java:start(181)) - 3933d80c-e8ff-4f72-bba7-02820fb600e2@group-EB005B711FC0: start as a follower, conf=-1: [91a1b220-aea4-4dd3-92cb-bba23af74008:192.168.151.72:35241, 3933d80c-e8ff-4f72-bba7-02820fb600e2:192.168.151.72:43322, b497eacb-55a3-4ffa-9375-3900e91065f4:192.168.151.72:45210], old=null
2019-10-02 17:54:17,218 [pool-121-thread-1] INFO  server.RaftServerConfigKeys (ConfUtils.java:logGet(43)) - raft.server.retrycache.expirytime = 600000ms (custom)
2019-10-02 17:54:17,218 [pool-161-thread-1] INFO  server.RaftServerConfigKeys (ConfUtils.java:logGet(43)) - raft.server.snapshot.auto.trigger.threshold = 10000 (custom)
2019-10-02 17:54:17,218 [pool-131-thread-1] INFO  impl.RaftServerImpl (RaftServerImpl.java:setRole(170)) - 3933d80c-e8ff-4f72-bba7-02820fb600e2@group-EB005B711FC0: changes role from      null to FOLLOWER at term 0 for startAsFollower
2019-10-02 17:54:17,218 [pool-161-thread-1] INFO  server.RaftServerConfigKeys (ConfUtils.java:logGet(43)) - raft.server.snapshot.retention.file.num = 5 (custom)
2019-10-02 17:54:17,218 [pool-131-thread-1] INFO  impl.RoleInfo (RoleInfo.java:updateAndGet(143)) - 3933d80c-e8ff-4f72-bba7-02820fb600e2: start FollowerState
2019-10-02 17:54:17,218 [pool-161-thread-1] INFO  server.RaftServerConfigKeys (ConfUtils.java:logGet(43)) - raft.server.retrycache.expirytime = 600000ms (custom)
2019-10-02 17:54:17,219 [pool-131-thread-1] INFO  util.JmxRegister (JmxRegister.java:tryRegister(44)) - Successfully registered JMX Bean with object name Ratis:service=RaftServer,group=group-EB005B711FC0,id=3933d80c-e8ff-4f72-bba7-02820fb600e2
2019-10-02 17:54:17,221 [pool-121-thread-1] INFO  impl.RaftServerImpl (RaftServerImpl.java:start(181)) - b497eacb-55a3-4ffa-9375-3900e91065f4@group-EB005B711FC0: start as a follower, conf=-1: [91a1b220-aea4-4dd3-92cb-bba23af74008:192.168.151.72:35241, 3933d80c-e8ff-4f72-bba7-02820fb600e2:192.168.151.72:43322, b497eacb-55a3-4ffa-9375-3900e91065f4:192.168.151.72:45210], old=null
2019-10-02 17:54:17,221 [pool-121-thread-1] INFO  impl.RaftServerImpl (RaftServerImpl.java:setRole(170)) - b497eacb-55a3-4ffa-9375-3900e91065f4@group-EB005B711FC0: changes role from      null to FOLLOWER at term 0 for startAsFollower
2019-10-02 17:54:17,221 [pool-121-thread-1] INFO  impl.RoleInfo (RoleInfo.java:updateAndGet(143)) - b497eacb-55a3-4ffa-9375-3900e91065f4: start FollowerState
2019-10-02 17:54:17,221 [pool-121-thread-1] INFO  util.JmxRegister (JmxRegister.java:tryRegister(44)) - Successfully registered JMX Bean with object name Ratis:service=RaftServer,group=group-EB005B711FC0,id=b497eacb-55a3-4ffa-9375-3900e91065f4
2019-10-02 17:54:17,222 [pool-161-thread-1] INFO  impl.RaftServerImpl (RaftServerImpl.java:start(181)) - 91a1b220-aea4-4dd3-92cb-bba23af74008@group-EB005B711FC0: start as a follower, conf=-1: [91a1b220-aea4-4dd3-92cb-bba23af74008:192.168.151.72:35241, 3933d80c-e8ff-4f72-bba7-02820fb600e2:192.168.151.72:43322, b497eacb-55a3-4ffa-9375-3900e91065f4:192.168.151.72:45210], old=null
2019-10-02 17:54:17,222 [pool-161-thread-1] INFO  impl.RaftServerImpl (RaftServerImpl.java:setRole(170)) - 91a1b220-aea4-4dd3-92cb-bba23af74008@group-EB005B711FC0: changes role from      null to FOLLOWER at term 0 for startAsFollower
2019-10-02 17:54:17,222 [pool-161-thread-1] INFO  impl.RoleInfo (RoleInfo.java:updateAndGet(143)) - 91a1b220-aea4-4dd3-92cb-bba23af74008: start FollowerState
2019-10-02 17:54:17,222 [pool-161-thread-1] INFO  util.JmxRegister (JmxRegister.java:tryRegister(44)) - Successfully registered JMX Bean with object name Ratis:service=RaftServer,group=group-EB005B711FC0,id=91a1b220-aea4-4dd3-92cb-bba23af74008
2019-10-02 17:54:17,226 [RatisPipelineUtilsThread] INFO  pipeline.PipelineStateManager (PipelineStateManager.java:addPipeline(56)) - Created pipeline Pipeline[ Id: 7f186375-538e-4524-9d17-eb005b711fc0, Nodes: 91a1b220-aea4-4dd3-92cb-bba23af74008{ip: 192.168.151.72, host: pr-trunk-fgz7f-2353921243, networkLocation: /default-rack, certSerialId: null}3933d80c-e8ff-4f72-bba7-02820fb600e2{ip: 192.168.151.72, host: pr-trunk-fgz7f-2353921243, networkLocation: /default-rack, certSerialId: null}b497eacb-55a3-4ffa-9375-3900e91065f4{ip: 192.168.151.72, host: pr-trunk-fgz7f-2353921243, networkLocation: /default-rack, certSerialId: null}, Type:RATIS, Factor:THREE, State:OPEN]
2019-10-02 17:54:17,238 [grpc-default-executor-3] INFO  impl.RaftServerProxy (RaftServerProxy.java:addNew(89)) - 4a0512f4-119f-4f66-8d84-cb92b75127d3: addNew group-32BFC1E0B292:[ae729cbd-7ce4-47be-ae44-f885f4c1fbd3:192.168.151.72:36044, 4a0512f4-119f-4f66-8d84-cb92b75127d3:192.168.151.72:38519, b7323768-8f87-4fb6-921f-bc5aae8c9ceb:192.168.151.72:45619] returns group-32BFC1E0B292:java.util.concurrent.CompletableFuture@6007ea82[Not completed]
2019-10-02 17:54:17,238 [grpc-default-executor-8] INFO  impl.RaftServerProxy (RaftServerProxy.java:addNew(89)) - ae729cbd-7ce4-47be-ae44-f885f4c1fbd3: addNew group-32BFC1E0B292:[ae729cbd-7ce4-47be-ae44-f885f4c1fbd3:192.168.151.72:36044, 4a0512f4-119f-4f66-8d84-cb92b75127d3:192.168.151.72:38519, b7323768-8f87-4fb6-921f-bc5aae8c9ceb:192.168.151.72:45619] returns group-32BFC1E0B292:java.util.concurrent.CompletableFuture@6e3df548[Not completed]
2019-10-02 17:54:17,238 [grpc-default-executor-9] INFO  impl.RaftServerProxy (RaftServerProxy.java:addNew(89)) - b7323768-8f87-4fb6-921f-bc5aae8c9ceb: addNew group-32BFC1E0B292:[ae729cbd-7ce4-47be-ae44-f885f4c1fbd3:192.168.151.72:36044, 4a0512f4-119f-4f66-8d84-cb92b75127d3:192.168.151.72:38519, b7323768-8f87-4fb6-921f-bc5aae8c9ceb:192.168.151.72:45619] returns group-32BFC1E0B292:java.util.concurrent.CompletableFuture@26de389e[Not completed]
2019-10-02 17:54:17,241 [pool-141-thread-1] INFO  impl.RaftServerImpl (RaftServerImpl.java:<init>(95)) - b7323768-8f87-4fb6-921f-bc5aae8c9ceb: new RaftServerImpl for group-32BFC1E0B292:[ae729cbd-7ce4-47be-ae44-f885f4c1fbd3:192.168.151.72:36044, 4a0512f4-119f-4f66-8d84-cb92b75127d3:192.168.151.72:38519, b7323768-8f87-4fb6-921f-bc5aae8c9ceb:192.168.151.72:45619] with ContainerStateMachine:uninitialized
2019-10-02 17:54:17,241 [pool-141-thread-1] INFO  server.RaftServerConfigKeys (ConfUtils.java:logGet(43)) - raft.server.rpc.timeout.min = 5s (custom)
2019-10-02 17:54:17,241 [pool-141-thread-1] INFO  server.RaftServerConfigKeys (ConfUtils.java:logGet(43)) - raft.server.rpc.timeout.max = 5200ms (custom)
2019-10-02 17:54:17,242 [pool-141-thread-1] INFO  server.RaftServerConfigKeys (ConfUtils.java:logGet(43)) - raft.server.rpcslowness.timeout = 120s (custom)
2019-10-02 17:54:17,242 [pool-141-thread-1] INFO  server.RaftServerConfigKeys (ConfUtils.java:logGet(43)) - raft.server.sleep.deviation.threshold = 300 (default)
2019-10-02 17:54:17,242 [pool-141-thread-1] INFO  server.RaftServerConfigKeys (ConfUtils.java:logGet(43)) - raft.server.log.appender.install.snapshot.enabled = false (custom)
2019-10-02 17:54:17,242 [pool-181-thread-1] INFO  impl.RaftServerImpl (RaftServerImpl.java:<init>(95)) - ae729cbd-7ce4-47be-ae44-f885f4c1fbd3: new RaftServerImpl for group-32BFC1E0B292:[ae729cbd-7ce4-47be-ae44-f885f4c1fbd3:192.168.151.72:36044, 4a0512f4-119f-4f66-8d84-cb92b75127d3:192.168.151.72:38519, b7323768-8f87-4fb6-921f-bc5aae8c9ceb:192.168.151.72:45619] with ContainerStateMachine:uninitialized
2019-10-02 17:54:17,242 [pool-141-thread-1] INFO  impl.RaftServerImpl (ServerState.java:<init>(103)) - b7323768-8f87-4fb6-921f-bc5aae8c9ceb@group-32BFC1E0B292: ConfigurationManager, init=-1: [ae729cbd-7ce4-47be-ae44-f885f4c1fbd3:192.168.151.72:36044, 4a0512f4-119f-4f66-8d84-cb92b75127d3:192.168.151.72:38519, b7323768-8f87-4fb6-921f-bc5aae8c9ceb:192.168.151.72:45619], old=null, confs=<EMPTY_MAP>
2019-10-02 17:54:17,242 [pool-181-thread-1] INFO  server.RaftServerConfigKeys (ConfUtils.java:logGet(43)) - raft.server.rpc.timeout.min = 5s (custom)
2019-10-02 17:54:17,242 [pool-141-thread-1] INFO  server.RaftServerConfigKeys (ConfUtils.java:logGet(43)) - raft.server.storage.dir = [/workdir/hadoop-ozone/integration-test/target/test-dir/MiniOzoneClusterImpl-65f8f4fe-1764-4468-9f48-37bf81c95b0d/datanode-2/data/ratis] (custom)
2019-10-02 17:54:17,242 [pool-181-thread-1] INFO  server.RaftServerConfigKeys (ConfUtils.java:logGet(43)) - raft.server.rpc.timeout.max = 5200ms (custom)
2019-10-02 17:54:17,242 [pool-141-thread-1] INFO  server.RaftServerConfigKeys (ConfUtils.java:logGet(43)) - raft.server.log.corruption.policy = EXCEPTION (default)
2019-10-02 17:54:17,242 [pool-151-thread-1] INFO  impl.RaftServerImpl (RaftServerImpl.java:<init>(95)) - 4a0512f4-119f-4f66-8d84-cb92b75127d3: new RaftServerImpl for group-32BFC1E0B292:[ae729cbd-7ce4-47be-ae44-f885f4c1fbd3:192.168.151.72:36044, 4a0512f4-119f-4f66-8d84-cb92b75127d3:192.168.151.72:38519, b7323768-8f87-4fb6-921f-bc5aae8c9ceb:192.168.151.72:45619] with ContainerStateMachine:uninitialized
2019-10-02 17:54:17,243 [pool-141-thread-1] INFO  storage.RaftStorageDirectory (RaftStorageDirectory.java:analyzeStorage(246)) - The storage directory /workdir/hadoop-ozone/integration-test/target/test-dir/MiniOzoneClusterImpl-65f8f4fe-1764-4468-9f48-37bf81c95b0d/datanode-2/data/ratis/1e8526e5-dcf3-4d32-9886-32bfc1e0b292 does not exist. Creating ...
2019-10-02 17:54:17,242 [pool-181-thread-1] INFO  server.RaftServerConfigKeys (ConfUtils.java:logGet(43)) - raft.server.rpcslowness.timeout = 120s (custom)
2019-10-02 17:54:17,243 [pool-151-thread-1] INFO  server.RaftServerConfigKeys (ConfUtils.java:logGet(43)) - raft.server.rpc.timeout.min = 5s (custom)
2019-10-02 17:54:17,243 [pool-181-thread-1] INFO  server.RaftServerConfigKeys (ConfUtils.java:logGet(43)) - raft.server.sleep.deviation.threshold = 300 (default)
2019-10-02 17:54:17,243 [pool-151-thread-1] INFO  server.RaftServerConfigKeys (ConfUtils.java:logGet(43)) - raft.server.rpc.timeout.max = 5200ms (custom)
2019-10-02 17:54:17,243 [pool-181-thread-1] INFO  server.RaftServerConfigKeys (ConfUtils.java:logGet(43)) - raft.server.log.appender.install.snapshot.enabled = false (custom)
2019-10-02 17:54:17,243 [pool-151-thread-1] INFO  server.RaftServerConfigKeys (ConfUtils.java:logGet(43)) - raft.server.rpcslowness.timeout = 120s (custom)
2019-10-02 17:54:17,243 [pool-181-thread-1] INFO  impl.RaftServerImpl (ServerState.java:<init>(103)) - ae729cbd-7ce4-47be-ae44-f885f4c1fbd3@group-32BFC1E0B292: ConfigurationManager, init=-1: [ae729cbd-7ce4-47be-ae44-f885f4c1fbd3:192.168.151.72:36044, 4a0512f4-119f-4f66-8d84-cb92b75127d3:192.168.151.72:38519, b7323768-8f87-4fb6-921f-bc5aae8c9ceb:192.168.151.72:45619], old=null, confs=<EMPTY_MAP>
2019-10-02 17:54:17,244 [pool-151-thread-1] INFO  server.RaftServerConfigKeys (ConfUtils.java:logGet(43)) - raft.server.sleep.deviation.threshold = 300 (default)
2019-10-02 17:54:17,244 [pool-181-thread-1] INFO  server.RaftServerConfigKeys (ConfUtils.java:logGet(43)) - raft.server.storage.dir = [/workdir/hadoop-ozone/integration-test/target/test-dir/MiniOzoneClusterImpl-65f8f4fe-1764-4468-9f48-37bf81c95b0d/datanode-6/data/ratis] (custom)
2019-10-02 17:54:17,244 [pool-151-thread-1] INFO  server.RaftServerConfigKeys (ConfUtils.java:logGet(43)) - raft.server.log.appender.install.snapshot.enabled = false (custom)
2019-10-02 17:54:17,244 [pool-181-thread-1] INFO  server.RaftServerConfigKeys (ConfUtils.java:logGet(43)) - raft.server.log.corruption.policy = EXCEPTION (default)
2019-10-02 17:54:17,244 [pool-151-thread-1] INFO  impl.RaftServerImpl (ServerState.java:<init>(103)) - 4a0512f4-119f-4f66-8d84-cb92b75127d3@group-32BFC1E0B292: ConfigurationManager, init=-1: [ae729cbd-7ce4-47be-ae44-f885f4c1fbd3:192.168.151.72:36044, 4a0512f4-119f-4f66-8d84-cb92b75127d3:192.168.151.72:38519, b7323768-8f87-4fb6-921f-bc5aae8c9ceb:192.168.151.72:45619], old=null, confs=<EMPTY_MAP>
2019-10-02 17:54:17,244 [pool-181-thread-1] INFO  storage.RaftStorageDirectory (RaftStorageDirectory.java:analyzeStorage(246)) - The storage directory /workdir/hadoop-ozone/integration-test/target/test-dir/MiniOzoneClusterImpl-65f8f4fe-1764-4468-9f48-37bf81c95b0d/datanode-6/data/ratis/1e8526e5-dcf3-4d32-9886-32bfc1e0b292 does not exist. Creating ...
2019-10-02 17:54:17,245 [pool-151-thread-1] INFO  server.RaftServerConfigKeys (ConfUtils.java:logGet(43)) - raft.server.storage.dir = [/workdir/hadoop-ozone/integration-test/target/test-dir/MiniOzoneClusterImpl-65f8f4fe-1764-4468-9f48-37bf81c95b0d/datanode-3/data/ratis] (custom)
2019-10-02 17:54:17,245 [pool-151-thread-1] INFO  server.RaftServerConfigKeys (ConfUtils.java:logGet(43)) - raft.server.log.corruption.policy = EXCEPTION (default)
2019-10-02 17:54:17,245 [pool-151-thread-1] INFO  storage.RaftStorageDirectory (RaftStorageDirectory.java:analyzeStorage(246)) - The storage directory /workdir/hadoop-ozone/integration-test/target/test-dir/MiniOzoneClusterImpl-65f8f4fe-1764-4468-9f48-37bf81c95b0d/datanode-3/data/ratis/1e8526e5-dcf3-4d32-9886-32bfc1e0b292 does not exist. Creating ...
2019-10-02 17:54:17,257 [pool-151-thread-1] INFO  storage.RaftStorageDirectory (RaftStorageDirectory.java:tryLock(328)) - Lock on /workdir/hadoop-ozone/integration-test/target/test-dir/MiniOzoneClusterImpl-65f8f4fe-1764-4468-9f48-37bf81c95b0d/datanode-3/data/ratis/1e8526e5-dcf3-4d32-9886-32bfc1e0b292/in_use.lock acquired by nodename 27144@pr-trunk-fgz7f-2353921243
2019-10-02 17:54:17,257 [pool-141-thread-1] INFO  storage.RaftStorageDirectory (RaftStorageDirectory.java:tryLock(328)) - Lock on /workdir/hadoop-ozone/integration-test/target/test-dir/MiniOzoneClusterImpl-65f8f4fe-1764-4468-9f48-37bf81c95b0d/datanode-2/data/ratis/1e8526e5-dcf3-4d32-9886-32bfc1e0b292/in_use.lock acquired by nodename 27144@pr-trunk-fgz7f-2353921243
2019-10-02 17:54:17,257 [pool-181-thread-1] INFO  storage.RaftStorageDirectory (RaftStorageDirectory.java:tryLock(328)) - Lock on /workdir/hadoop-ozone/integration-test/target/test-dir/MiniOzoneClusterImpl-65f8f4fe-1764-4468-9f48-37bf81c95b0d/datanode-6/data/ratis/1e8526e5-dcf3-4d32-9886-32bfc1e0b292/in_use.lock acquired by nodename 27144@pr-trunk-fgz7f-2353921243
2019-10-02 17:54:17,271 [pool-181-thread-1] INFO  storage.RaftStorage (RaftStorage.java:format(84)) - Storage directory /workdir/hadoop-ozone/integration-test/target/test-dir/MiniOzoneClusterImpl-65f8f4fe-1764-4468-9f48-37bf81c95b0d/datanode-6/data/ratis/1e8526e5-dcf3-4d32-9886-32bfc1e0b292 has been successfully formatted.
2019-10-02 17:54:17,271 [pool-141-thread-1] INFO  storage.RaftStorage (RaftStorage.java:format(84)) - Storage directory /workdir/hadoop-ozone/integration-test/target/test-dir/MiniOzoneClusterImpl-65f8f4fe-1764-4468-9f48-37bf81c95b0d/datanode-2/data/ratis/1e8526e5-dcf3-4d32-9886-32bfc1e0b292 has been successfully formatted.
2019-10-02 17:54:17,271 [pool-151-thread-1] INFO  storage.RaftStorage (RaftStorage.java:format(84)) - Storage directory /workdir/hadoop-ozone/integration-test/target/test-dir/MiniOzoneClusterImpl-65f8f4fe-1764-4468-9f48-37bf81c95b0d/datanode-3/data/ratis/1e8526e5-dcf3-4d32-9886-32bfc1e0b292 has been successfully formatted.
2019-10-02 17:54:17,272 [pool-141-thread-1] INFO  ratis.ContainerStateMachine (ContainerStateMachine.java:loadSnapshot(231)) - group-32BFC1E0B292: The snapshot info is null. Setting the last applied indexto:(t:0, i:~)
2019-10-02 17:54:17,271 [pool-181-thread-1] INFO  ratis.ContainerStateMachine (ContainerStateMachine.java:loadSnapshot(231)) - group-32BFC1E0B292: The snapshot info is null. Setting the last applied indexto:(t:0, i:~)
2019-10-02 17:54:17,272 [pool-141-thread-1] INFO  server.RaftServerConfigKeys (ConfUtils.java:logGet(43)) - raft.server.notification.no-leader.timeout = 120s (custom)
2019-10-02 17:54:17,272 [pool-151-thread-1] INFO  ratis.ContainerStateMachine (ContainerStateMachine.java:loadSnapshot(231)) - group-32BFC1E0B292: The snapshot info is null. Setting the last applied indexto:(t:0, i:~)
2019-10-02 17:54:17,272 [pool-141-thread-1] INFO  server.RaftServerConfigKeys (ConfUtils.java:logGet(43)) - raft.server.log.use.memory = false (default)
2019-10-02 17:54:17,272 [pool-181-thread-1] INFO  server.RaftServerConfigKeys (ConfUtils.java:logGet(43)) - raft.server.notification.no-leader.timeout = 120s (custom)
2019-10-02 17:54:17,272 [pool-141-thread-1] INFO  server.RaftServerConfigKeys (ConfUtils.java:logGet(43)) - raft.server.log.purge.gap = 1000000 (custom)
2019-10-02 17:54:17,272 [pool-151-thread-1] INFO  server.RaftServerConfigKeys (ConfUtils.java:logGet(43)) - raft.server.notification.no-leader.timeout = 120s (custom)
2019-10-02 17:54:17,272 [pool-141-thread-1] INFO  server.RaftServerConfigKeys (ConfUtils.java:logGet(43)) - raft.server.log.appender.buffer.byte-limit = 33554432 (custom)
2019-10-02 17:54:17,272 [pool-181-thread-1] INFO  server.RaftServerConfigKeys (ConfUtils.java:logGet(43)) - raft.server.log.use.memory = false (default)
2019-10-02 17:54:17,272 [pool-141-thread-1] INFO  server.RaftServerConfigKeys (ConfUtils.java:logGet(43)) - raft.server.log.segment.size.max = 1048576 (custom)
2019-10-02 17:54:17,272 [pool-151-thread-1] INFO  server.RaftServerConfigKeys (ConfUtils.java:logGet(43)) - raft.server.log.use.memory = false (default)
2019-10-02 17:54:17,273 [pool-141-thread-1] INFO  server.RaftServerConfigKeys (ConfUtils.java:logGet(43)) - raft.server.log.segment.cache.num.max = 2 (custom)
2019-10-02 17:54:17,273 [pool-181-thread-1] INFO  server.RaftServerConfigKeys (ConfUtils.java:logGet(43)) - raft.server.log.purge.gap = 1000000 (custom)
2019-10-02 17:54:17,273 [pool-141-thread-1] INFO  segmented.SegmentedRaftLogWorker (SegmentedRaftLogWorker.java:<init>(173)) - new b7323768-8f87-4fb6-921f-bc5aae8c9ceb@group-32BFC1E0B292-SegmentedRaftLogWorker for RaftStorage:Storage Directory /workdir/hadoop-ozone/integration-test/target/test-dir/MiniOzoneClusterImpl-65f8f4fe-1764-4468-9f48-37bf81c95b0d/datanode-2/data/ratis/1e8526e5-dcf3-4d32-9886-32bfc1e0b292
2019-10-02 17:54:17,273 [pool-151-thread-1] INFO  server.RaftServerConfigKeys (ConfUtils.java:logGet(43)) - raft.server.log.purge.gap = 1000000 (custom)
2019-10-02 17:54:17,273 [pool-141-thread-1] INFO  server.RaftServerConfigKeys (ConfUtils.java:logGet(43)) - raft.server.log.queue.byte-limit = 2147483647 (custom)
2019-10-02 17:54:17,273 [pool-181-thread-1] INFO  server.RaftServerConfigKeys (ConfUtils.java:logGet(43)) - raft.server.log.appender.buffer.byte-limit = 33554432 (custom)
2019-10-02 17:54:17,273 [pool-141-thread-1] INFO  server.RaftServerConfigKeys (ConfUtils.java:logGet(43)) - raft.server.log.queue.element-limit = 1024 (custom)
2019-10-02 17:54:17,273 [pool-151-thread-1] INFO  server.RaftServerConfigKeys (ConfUtils.java:logGet(43)) - raft.server.log.appender.buffer.byte-limit = 33554432 (custom)
2019-10-02 17:54:17,273 [pool-141-thread-1] INFO  server.RaftServerConfigKeys (ConfUtils.java:logGet(43)) - raft.server.log.segment.size.max = 1048576 (custom)
2019-10-02 17:54:17,273 [pool-181-thread-1] INFO  server.RaftServerConfigKeys (ConfUtils.java:logGet(43)) - raft.server.log.segment.size.max = 1048576 (custom)
2019-10-02 17:54:17,274 [pool-141-thread-1] INFO  server.RaftServerConfigKeys (ConfUtils.java:logGet(43)) - raft.server.log.preallocated.size = 16384 (custom)
2019-10-02 17:54:17,273 [pool-151-thread-1] INFO  server.RaftServerConfigKeys (ConfUtils.java:logGet(43)) - raft.server.log.segment.size.max = 1048576 (custom)
2019-10-02 17:54:17,274 [pool-141-thread-1] INFO  server.RaftServerConfigKeys (ConfUtils.java:logGet(43)) - raft.server.log.write.buffer.size = 33554432 (custom)
2019-10-02 17:54:17,274 [pool-181-thread-1] INFO  server.RaftServerConfigKeys (ConfUtils.java:logGet(43)) - raft.server.log.segment.cache.num.max = 2 (custom)
2019-10-02 17:54:17,274 [pool-141-thread-1] INFO  server.RaftServerConfigKeys (ConfUtils.java:logGet(43)) - raft.server.log.force.sync.num = 128 (default)
2019-10-02 17:54:17,274 [pool-151-thread-1] INFO  server.RaftServerConfigKeys (ConfUtils.java:logGet(43)) - raft.server.log.segment.cache.num.max = 2 (custom)
2019-10-02 17:54:17,274 [pool-141-thread-1] INFO  server.RaftServerConfigKeys (ConfUtils.java:logGet(43)) - raft.server.log.statemachine.data.sync = true (default)
2019-10-02 17:54:17,274 [pool-181-thread-1] INFO  segmented.SegmentedRaftLogWorker (SegmentedRaftLogWorker.java:<init>(173)) - new ae729cbd-7ce4-47be-ae44-f885f4c1fbd3@group-32BFC1E0B292-SegmentedRaftLogWorker for RaftStorage:Storage Directory /workdir/hadoop-ozone/integration-test/target/test-dir/MiniOzoneClusterImpl-65f8f4fe-1764-4468-9f48-37bf81c95b0d/datanode-6/data/ratis/1e8526e5-dcf3-4d32-9886-32bfc1e0b292
2019-10-02 17:54:17,274 [pool-141-thread-1] INFO  server.RaftServerConfigKeys (ConfUtils.java:logGet(43)) - raft.server.log.statemachine.data.sync.timeout = 10s (default)
2019-10-02 17:54:17,274 [pool-151-thread-1] INFO  segmented.SegmentedRaftLogWorker (SegmentedRaftLogWorker.java:<init>(173)) - new 4a0512f4-119f-4f66-8d84-cb92b75127d3@group-32BFC1E0B292-SegmentedRaftLogWorker for RaftStorage:Storage Directory /workdir/hadoop-ozone/integration-test/target/test-dir/MiniOzoneClusterImpl-65f8f4fe-1764-4468-9f48-37bf81c95b0d/datanode-3/data/ratis/1e8526e5-dcf3-4d32-9886-32bfc1e0b292
2019-10-02 17:54:17,275 [pool-141-thread-1] INFO  server.RaftServerConfigKeys (ConfUtils.java:logGet(43)) - raft.server.log.statemachine.data.sync.timeout.retry = -1 (default)
2019-10-02 17:54:17,275 [pool-181-thread-1] INFO  server.RaftServerConfigKeys (ConfUtils.java:logGet(43)) - raft.server.log.queue.byte-limit = 2147483647 (custom)
2019-10-02 17:54:17,275 [pool-141-thread-1] INFO  server.RaftServerConfigKeys (ConfUtils.java:logGet(43)) - raft.server.log.statemachine.data.caching.enabled = true (custom)
2019-10-02 17:54:17,275 [pool-151-thread-1] INFO  server.RaftServerConfigKeys (ConfUtils.java:logGet(43)) - raft.server.log.queue.byte-limit = 2147483647 (custom)
2019-10-02 17:54:17,275 [pool-181-thread-1] INFO  server.RaftServerConfigKeys (ConfUtils.java:logGet(43)) - raft.server.log.queue.element-limit = 1024 (custom)
2019-10-02 17:54:17,275 [pool-141-thread-1] INFO  segmented.SegmentedRaftLogWorker (SegmentedRaftLogWorker.java:lambda$new$0(128)) - b7323768-8f87-4fb6-921f-bc5aae8c9ceb@group-32BFC1E0B292-SegmentedRaftLogWorker: flushIndex: setUnconditionally 0 -> -1
2019-10-02 17:54:17,275 [pool-151-thread-1] INFO  server.RaftServerConfigKeys (ConfUtils.java:logGet(43)) - raft.server.log.queue.element-limit = 1024 (custom)
2019-10-02 17:54:17,275 [pool-181-thread-1] INFO  server.RaftServerConfigKeys (ConfUtils.java:logGet(43)) - raft.server.log.segment.size.max = 1048576 (custom)
2019-10-02 17:54:17,275 [pool-141-thread-1] INFO  server.RaftServerConfigKeys (ConfUtils.java:logGet(43)) - raft.server.snapshot.auto.trigger.enabled = true (custom)
2019-10-02 17:54:17,275 [pool-151-thread-1] INFO  server.RaftServerConfigKeys (ConfUtils.java:logGet(43)) - raft.server.log.segment.size.max = 1048576 (custom)
2019-10-02 17:54:17,276 [pool-141-thread-1] INFO  server.RaftServerConfigKeys (ConfUtils.java:logGet(43)) - raft.server.snapshot.auto.trigger.threshold = 10000 (custom)
2019-10-02 17:54:17,275 [pool-181-thread-1] INFO  server.RaftServerConfigKeys (ConfUtils.java:logGet(43)) - raft.server.log.preallocated.size = 16384 (custom)
2019-10-02 17:54:17,276 [pool-141-thread-1] INFO  server.RaftServerConfigKeys (ConfUtils.java:logGet(43)) - raft.server.snapshot.retention.file.num = 5 (custom)
2019-10-02 17:54:17,276 [pool-151-thread-1] INFO  server.RaftServerConfigKeys (ConfUtils.java:logGet(43)) - raft.server.log.preallocated.size = 16384 (custom)
2019-10-02 17:54:17,276 [pool-141-thread-1] INFO  server.RaftServerConfigKeys (ConfUtils.java:logGet(43)) - raft.server.retrycache.expirytime = 600000ms (custom)
2019-10-02 17:54:17,276 [pool-181-thread-1] INFO  server.RaftServerConfigKeys (ConfUtils.java:logGet(43)) - raft.server.log.write.buffer.size = 33554432 (custom)
2019-10-02 17:54:17,276 [pool-151-thread-1] INFO  server.RaftServerConfigKeys (ConfUtils.java:logGet(43)) - raft.server.log.write.buffer.size = 33554432 (custom)
2019-10-02 17:54:17,276 [pool-181-thread-1] INFO  server.RaftServerConfigKeys (ConfUtils.java:logGet(43)) - raft.server.log.force.sync.num = 128 (default)
2019-10-02 17:54:17,276 [pool-151-thread-1] INFO  server.RaftServerConfigKeys (ConfUtils.java:logGet(43)) - raft.server.log.force.sync.num = 128 (default)
2019-10-02 17:54:17,276 [pool-181-thread-1] INFO  server.RaftServerConfigKeys (ConfUtils.java:logGet(43)) - raft.server.log.statemachine.data.sync = true (default)
2019-10-02 17:54:17,277 [pool-151-thread-1] INFO  server.RaftServerConfigKeys (ConfUtils.java:logGet(43)) - raft.server.log.statemachine.data.sync = true (default)
2019-10-02 17:54:17,277 [pool-181-thread-1] INFO  server.RaftServerConfigKeys (ConfUtils.java:logGet(43)) - raft.server.log.statemachine.data.sync.timeout = 10s (default)
2019-10-02 17:54:17,277 [pool-151-thread-1] INFO  server.RaftServerConfigKeys (ConfUtils.java:logGet(43)) - raft.server.log.statemachine.data.sync.timeout = 10s (default)
2019-10-02 17:54:17,277 [pool-181-thread-1] INFO  server.RaftServerConfigKeys (ConfUtils.java:logGet(43)) - raft.server.log.statemachine.data.sync.timeout.retry = -1 (default)
2019-10-02 17:54:17,277 [pool-151-thread-1] INFO  server.RaftServerConfigKeys (ConfUtils.java:logGet(43)) - raft.server.log.statemachine.data.sync.timeout.retry = -1 (default)
2019-10-02 17:54:17,277 [pool-181-thread-1] INFO  server.RaftServerConfigKeys (ConfUtils.java:logGet(43)) - raft.server.log.statemachine.data.caching.enabled = true (custom)
2019-10-02 17:54:17,277 [pool-151-thread-1] INFO  server.RaftServerConfigKeys (ConfUtils.java:logGet(43)) - raft.server.log.statemachine.data.caching.enabled = true (custom)
2019-10-02 17:54:17,277 [pool-181-thread-1] INFO  segmented.SegmentedRaftLogWorker (SegmentedRaftLogWorker.java:lambda$new$0(128)) - ae729cbd-7ce4-47be-ae44-f885f4c1fbd3@group-32BFC1E0B292-SegmentedRaftLogWorker: flushIndex: setUnconditionally 0 -> -1
2019-10-02 17:54:17,278 [pool-151-thread-1] INFO  segmented.SegmentedRaftLogWorker (SegmentedRaftLogWorker.java:lambda$new$0(128)) - 4a0512f4-119f-4f66-8d84-cb92b75127d3@group-32BFC1E0B292-SegmentedRaftLogWorker: flushIndex: setUnconditionally 0 -> -1
2019-10-02 17:54:17,278 [pool-181-thread-1] INFO  server.RaftServerConfigKeys (ConfUtils.java:logGet(43)) - raft.server.snapshot.auto.trigger.enabled = true (custom)
2019-10-02 17:54:17,278 [pool-181-thread-1] INFO  server.RaftServerConfigKeys (ConfUtils.java:logGet(43)) - raft.server.snapshot.auto.trigger.threshold = 10000 (custom)
2019-10-02 17:54:17,278 [pool-151-thread-1] INFO  server.RaftServerConfigKeys (ConfUtils.java:logGet(43)) - raft.server.snapshot.auto.trigger.enabled = true (custom)
2019-10-02 17:54:17,278 [pool-181-thread-1] INFO  server.RaftServerConfigKeys (ConfUtils.java:logGet(43)) - raft.server.snapshot.retention.file.num = 5 (custom)
2019-10-02 17:54:17,278 [pool-151-thread-1] INFO  server.RaftServerConfigKeys (ConfUtils.java:logGet(43)) - raft.server.snapshot.auto.trigger.threshold = 10000 (custom)
2019-10-02 17:54:17,278 [pool-181-thread-1] INFO  server.RaftServerConfigKeys (ConfUtils.java:logGet(43)) - raft.server.retrycache.expirytime = 600000ms (custom)
2019-10-02 17:54:17,278 [pool-141-thread-1] INFO  impl.RaftServerImpl (RaftServerImpl.java:start(181)) - b7323768-8f87-4fb6-921f-bc5aae8c9ceb@group-32BFC1E0B292: start as a follower, conf=-1: [ae729cbd-7ce4-47be-ae44-f885f4c1fbd3:192.168.151.72:36044, 4a0512f4-119f-4f66-8d84-cb92b75127d3:192.168.151.72:38519, b7323768-8f87-4fb6-921f-bc5aae8c9ceb:192.168.151.72:45619], old=null
2019-10-02 17:54:17,278 [pool-151-thread-1] INFO  server.RaftServerConfigKeys (ConfUtils.java:logGet(43)) - raft.server.snapshot.retention.file.num = 5 (custom)
2019-10-02 17:54:17,278 [pool-141-thread-1] INFO  impl.RaftServerImpl (RaftServerImpl.java:setRole(170)) - b7323768-8f87-4fb6-921f-bc5aae8c9ceb@group-32BFC1E0B292: changes role from      null to FOLLOWER at term 0 for startAsFollower
2019-10-02 17:54:17,278 [pool-151-thread-1] INFO  server.RaftServerConfigKeys (ConfUtils.java:logGet(43)) - raft.server.retrycache.expirytime = 600000ms (custom)
2019-10-02 17:54:17,278 [pool-141-thread-1] INFO  impl.RoleInfo (RoleInfo.java:updateAndGet(143)) - b7323768-8f87-4fb6-921f-bc5aae8c9ceb: start FollowerState
2019-10-02 17:54:17,279 [pool-141-thread-1] INFO  util.JmxRegister (JmxRegister.java:tryRegister(44)) - Successfully registered JMX Bean with object name Ratis:service=RaftServer,group=group-32BFC1E0B292,id=b7323768-8f87-4fb6-921f-bc5aae8c9ceb
2019-10-02 17:54:17,280 [pool-181-thread-1] INFO  impl.RaftServerImpl (RaftServerImpl.java:start(181)) - ae729cbd-7ce4-47be-ae44-f885f4c1fbd3@group-32BFC1E0B292: start as a follower, conf=-1: [ae729cbd-7ce4-47be-ae44-f885f4c1fbd3:192.168.151.72:36044, 4a0512f4-119f-4f66-8d84-cb92b75127d3:192.168.151.72:38519, b7323768-8f87-4fb6-921f-bc5aae8c9ceb:192.168.151.72:45619], old=null
2019-10-02 17:54:17,280 [pool-181-thread-1] INFO  impl.RaftServerImpl (RaftServerImpl.java:setRole(170)) - ae729cbd-7ce4-47be-ae44-f885f4c1fbd3@group-32BFC1E0B292: changes role from      null to FOLLOWER at term 0 for startAsFollower
2019-10-02 17:54:17,280 [pool-181-thread-1] INFO  impl.RoleInfo (RoleInfo.java:updateAndGet(143)) - ae729cbd-7ce4-47be-ae44-f885f4c1fbd3: start FollowerState
2019-10-02 17:54:17,280 [pool-181-thread-1] INFO  util.JmxRegister (JmxRegister.java:tryRegister(44)) - Successfully registered JMX Bean with object name Ratis:service=RaftServer,group=group-32BFC1E0B292,id=ae729cbd-7ce4-47be-ae44-f885f4c1fbd3
2019-10-02 17:54:17,281 [pool-151-thread-1] INFO  impl.RaftServerImpl (RaftServerImpl.java:start(181)) - 4a0512f4-119f-4f66-8d84-cb92b75127d3@group-32BFC1E0B292: start as a follower, conf=-1: [ae729cbd-7ce4-47be-ae44-f885f4c1fbd3:192.168.151.72:36044, 4a0512f4-119f-4f66-8d84-cb92b75127d3:192.168.151.72:38519, b7323768-8f87-4fb6-921f-bc5aae8c9ceb:192.168.151.72:45619], old=null
2019-10-02 17:54:17,281 [pool-151-thread-1] INFO  impl.RaftServerImpl (RaftServerImpl.java:setRole(170)) - 4a0512f4-119f-4f66-8d84-cb92b75127d3@group-32BFC1E0B292: changes role from      null to FOLLOWER at term 0 for startAsFollower
2019-10-02 17:54:17,281 [pool-151-thread-1] INFO  impl.RoleInfo (RoleInfo.java:updateAndGet(143)) - 4a0512f4-119f-4f66-8d84-cb92b75127d3: start FollowerState
2019-10-02 17:54:17,282 [pool-151-thread-1] INFO  util.JmxRegister (JmxRegister.java:tryRegister(44)) - Successfully registered JMX Bean with object name Ratis:service=RaftServer,group=group-32BFC1E0B292,id=4a0512f4-119f-4f66-8d84-cb92b75127d3
2019-10-02 17:54:17,284 [RatisPipelineUtilsThread] INFO  pipeline.PipelineStateManager (PipelineStateManager.java:addPipeline(56)) - Created pipeline Pipeline[ Id: 1e8526e5-dcf3-4d32-9886-32bfc1e0b292, Nodes: ae729cbd-7ce4-47be-ae44-f885f4c1fbd3{ip: 192.168.151.72, host: pr-trunk-fgz7f-2353921243, networkLocation: /default-rack, certSerialId: null}b7323768-8f87-4fb6-921f-bc5aae8c9ceb{ip: 192.168.151.72, host: pr-trunk-fgz7f-2353921243, networkLocation: /default-rack, certSerialId: null}4a0512f4-119f-4f66-8d84-cb92b75127d3{ip: 192.168.151.72, host: pr-trunk-fgz7f-2353921243, networkLocation: /default-rack, certSerialId: null}, Type:RATIS, Factor:THREE, State:OPEN]
2019-10-02 17:54:18,006 [main] INFO  ozone.MiniOzoneClusterImpl (MiniOzoneClusterImpl.java:lambda$waitForClusterToBeReady$0(147)) - Cluster is ready. Got 7 of 7 DN Heartbeats.
2019-10-02 17:54:18,067 [main] INFO  rpc.RpcClient (RpcClient.java:createVolume(276)) - Creating Volume: testblockoutputstreamwithretries, with jenkins1000 as owner.
2019-10-02 17:54:18,071 [IPC Server handler 0 on 35121] INFO  volume.OMVolumeCreateRequest (OMVolumeCreateRequest.java:validateAndUpdateCache(194)) - created volume:testblockoutputstreamwithretries for user:jenkins1000
2019-10-02 17:54:18,083 [main] INFO  rpc.RpcClient (RpcClient.java:createBucket(415)) - Creating Bucket: testblockoutputstreamwithretries/testblockoutputstreamwithretries, with Versioning false and Storage Type set to DISK and Encryption set to false 
2019-10-02 17:54:19,629 [Thread-1489] INFO  container.ReplicationManager (ReplicationManager.java:start(162)) - Starting Replication Monitor Thread.
2019-10-02 17:54:19,633 [ReplicationMonitor] INFO  container.ReplicationManager (ReplicationManager.java:run(225)) - Replication Monitor Thread took 0 milliseconds for processing 4 containers.
2019-10-02 17:54:21,806 [Thread-1491] INFO  impl.FollowerState (FollowerState.java:run(108)) - b497eacb-55a3-4ffa-9375-3900e91065f4@group-3A3CEB3F2B06-FollowerState: change to CANDIDATE, lastRpcTime:5138ms, electionTimeout:5138ms
2019-10-02 17:54:21,807 [Thread-1491] INFO  impl.RoleInfo (RoleInfo.java:shutdownFollowerState(121)) - b497eacb-55a3-4ffa-9375-3900e91065f4: shutdown FollowerState
2019-10-02 17:54:21,807 [Thread-1491] INFO  impl.RaftServerImpl (RaftServerImpl.java:setRole(170)) - b497eacb-55a3-4ffa-9375-3900e91065f4@group-3A3CEB3F2B06: changes role from  FOLLOWER to CANDIDATE at term 0 for changeToCandidate
2019-10-02 17:54:21,807 [Thread-1491] INFO  impl.RoleInfo (RoleInfo.java:updateAndGet(143)) - b497eacb-55a3-4ffa-9375-3900e91065f4: start LeaderElection
2019-10-02 17:54:21,827 [b497eacb-55a3-4ffa-9375-3900e91065f4@group-3A3CEB3F2B06-LeaderElection22] INFO  impl.LeaderElection (LeaderElection.java:askForVotes(178)) - b497eacb-55a3-4ffa-9375-3900e91065f4@group-3A3CEB3F2B06-LeaderElection22: begin an election at term 1 for -1: [b497eacb-55a3-4ffa-9375-3900e91065f4:192.168.151.72:45210], old=null
2019-10-02 17:54:21,828 [b497eacb-55a3-4ffa-9375-3900e91065f4@group-3A3CEB3F2B06-LeaderElection22] INFO  impl.RoleInfo (RoleInfo.java:shutdownLeaderElection(134)) - b497eacb-55a3-4ffa-9375-3900e91065f4: shutdown LeaderElection
2019-10-02 17:54:21,828 [b497eacb-55a3-4ffa-9375-3900e91065f4@group-3A3CEB3F2B06-LeaderElection22] INFO  impl.RaftServerImpl (RaftServerImpl.java:setRole(170)) - b497eacb-55a3-4ffa-9375-3900e91065f4@group-3A3CEB3F2B06: changes role from CANDIDATE to LEADER at term 1 for changeToLeader
2019-10-02 17:54:21,828 [b497eacb-55a3-4ffa-9375-3900e91065f4@group-3A3CEB3F2B06-LeaderElection22] INFO  impl.RaftServerImpl (ServerState.java:setLeader(255)) - b497eacb-55a3-4ffa-9375-3900e91065f4@group-3A3CEB3F2B06: change Leader from null to b497eacb-55a3-4ffa-9375-3900e91065f4 at term 1 for becomeLeader, leader elected after 5166ms
2019-10-02 17:54:21,829 [b497eacb-55a3-4ffa-9375-3900e91065f4@group-3A3CEB3F2B06-LeaderElection22] INFO  server.RaftServerConfigKeys (ConfUtils.java:logGet(43)) - raft.server.staging.catchup.gap = 1000 (default)
2019-10-02 17:54:21,830 [b497eacb-55a3-4ffa-9375-3900e91065f4@group-3A3CEB3F2B06-LeaderElection22] INFO  server.RaftServerConfigKeys (ConfUtils.java:logGet(43)) - raft.server.rpc.sleep.time = 25ms (default)
2019-10-02 17:54:21,830 [b497eacb-55a3-4ffa-9375-3900e91065f4@group-3A3CEB3F2B06-LeaderElection22] INFO  server.RaftServerConfigKeys (ConfUtils.java:logGet(43)) - raft.server.write.element-limit = 4096 (default)
2019-10-02 17:54:21,830 [b497eacb-55a3-4ffa-9375-3900e91065f4@group-3A3CEB3F2B06-LeaderElection22] INFO  server.RaftServerConfigKeys (ConfUtils.java:logGet(43)) - raft.server.watch.timeout = 10s (default)
2019-10-02 17:54:21,831 [b497eacb-55a3-4ffa-9375-3900e91065f4@group-3A3CEB3F2B06-LeaderElection22] INFO  server.RaftServerConfigKeys (ConfUtils.java:logGet(43)) - raft.server.watch.timeout.denomination = 1s (default)
2019-10-02 17:54:21,831 [b497eacb-55a3-4ffa-9375-3900e91065f4@group-3A3CEB3F2B06-LeaderElection22] INFO  server.RaftServerConfigKeys (ConfUtils.java:logGet(43)) - raft.server.watch.element-limit = 65536 (default)
2019-10-02 17:54:21,834 [b497eacb-55a3-4ffa-9375-3900e91065f4@group-3A3CEB3F2B06-LeaderElection22] INFO  impl.RoleInfo (RoleInfo.java:updateAndGet(143)) - b497eacb-55a3-4ffa-9375-3900e91065f4: start LeaderState
2019-10-02 17:54:21,834 [b497eacb-55a3-4ffa-9375-3900e91065f4@group-3A3CEB3F2B06-LeaderElection22] INFO  segmented.SegmentedRaftLogWorker (SegmentedRaftLogWorker.java:startLogSegment(385)) - b497eacb-55a3-4ffa-9375-3900e91065f4@group-3A3CEB3F2B06-SegmentedRaftLogWorker: Starting segment from index:0
2019-10-02 17:54:21,835 [b497eacb-55a3-4ffa-9375-3900e91065f4@group-3A3CEB3F2B06-LeaderElection22] INFO  impl.RaftServerImpl (ServerState.java:setRaftConf(356)) - b497eacb-55a3-4ffa-9375-3900e91065f4@group-3A3CEB3F2B06: set configuration 0: [b497eacb-55a3-4ffa-9375-3900e91065f4:192.168.151.72:45210], old=null at 0
2019-10-02 17:54:21,863 [Thread-1494] INFO  impl.FollowerState (FollowerState.java:run(108)) - 3933d80c-e8ff-4f72-bba7-02820fb600e2@group-9A5423B694AF-FollowerState: change to CANDIDATE, lastRpcTime:5121ms, electionTimeout:5121ms
2019-10-02 17:54:21,863 [Thread-1494] INFO  impl.RoleInfo (RoleInfo.java:shutdownFollowerState(121)) - 3933d80c-e8ff-4f72-bba7-02820fb600e2: shutdown FollowerState
2019-10-02 17:54:21,863 [Thread-1494] INFO  impl.RaftServerImpl (RaftServerImpl.java:setRole(170)) - 3933d80c-e8ff-4f72-bba7-02820fb600e2@group-9A5423B694AF: changes role from  FOLLOWER to CANDIDATE at term 0 for changeToCandidate
2019-10-02 17:54:21,863 [Thread-1494] INFO  impl.RoleInfo (RoleInfo.java:updateAndGet(143)) - 3933d80c-e8ff-4f72-bba7-02820fb600e2: start LeaderElection
2019-10-02 17:54:21,883 [b497eacb-55a3-4ffa-9375-3900e91065f4@group-3A3CEB3F2B06-SegmentedRaftLogWorker] INFO  segmented.SegmentedRaftLogWorker (SegmentedRaftLogWorker.java:execute(574)) - b497eacb-55a3-4ffa-9375-3900e91065f4@group-3A3CEB3F2B06-SegmentedRaftLogWorker: created new log segment /workdir/hadoop-ozone/integration-test/target/test-dir/MiniOzoneClusterImpl-65f8f4fe-1764-4468-9f48-37bf81c95b0d/datanode-0/data/ratis/a0c1b533-9418-4f17-84cc-3a3ceb3f2b06/current/log_inprogress_0
2019-10-02 17:54:21,883 [3933d80c-e8ff-4f72-bba7-02820fb600e2@group-9A5423B694AF-LeaderElection23] INFO  impl.LeaderElection (LeaderElection.java:askForVotes(178)) - 3933d80c-e8ff-4f72-bba7-02820fb600e2@group-9A5423B694AF-LeaderElection23: begin an election at term 1 for -1: [3933d80c-e8ff-4f72-bba7-02820fb600e2:192.168.151.72:43322], old=null
2019-10-02 17:54:21,884 [3933d80c-e8ff-4f72-bba7-02820fb600e2@group-9A5423B694AF-LeaderElection23] INFO  impl.RoleInfo (RoleInfo.java:shutdownLeaderElection(134)) - 3933d80c-e8ff-4f72-bba7-02820fb600e2: shutdown LeaderElection
2019-10-02 17:54:21,884 [3933d80c-e8ff-4f72-bba7-02820fb600e2@group-9A5423B694AF-LeaderElection23] INFO  impl.RaftServerImpl (RaftServerImpl.java:setRole(170)) - 3933d80c-e8ff-4f72-bba7-02820fb600e2@group-9A5423B694AF: changes role from CANDIDATE to LEADER at term 1 for changeToLeader
2019-10-02 17:54:21,884 [3933d80c-e8ff-4f72-bba7-02820fb600e2@group-9A5423B694AF-LeaderElection23] INFO  impl.RaftServerImpl (ServerState.java:setLeader(255)) - 3933d80c-e8ff-4f72-bba7-02820fb600e2@group-9A5423B694AF: change Leader from null to 3933d80c-e8ff-4f72-bba7-02820fb600e2 at term 1 for becomeLeader, leader elected after 5148ms
2019-10-02 17:54:21,886 [3933d80c-e8ff-4f72-bba7-02820fb600e2@group-9A5423B694AF-LeaderElection23] INFO  server.RaftServerConfigKeys (ConfUtils.java:logGet(43)) - raft.server.staging.catchup.gap = 1000 (default)
2019-10-02 17:54:21,886 [3933d80c-e8ff-4f72-bba7-02820fb600e2@group-9A5423B694AF-LeaderElection23] INFO  server.RaftServerConfigKeys (ConfUtils.java:logGet(43)) - raft.server.rpc.sleep.time = 25ms (default)
2019-10-02 17:54:21,886 [3933d80c-e8ff-4f72-bba7-02820fb600e2@group-9A5423B694AF-LeaderElection23] INFO  server.RaftServerConfigKeys (ConfUtils.java:logGet(43)) - raft.server.write.element-limit = 4096 (default)
2019-10-02 17:54:21,886 [3933d80c-e8ff-4f72-bba7-02820fb600e2@group-9A5423B694AF-LeaderElection23] INFO  server.RaftServerConfigKeys (ConfUtils.java:logGet(43)) - raft.server.watch.timeout = 10s (default)
2019-10-02 17:54:21,886 [3933d80c-e8ff-4f72-bba7-02820fb600e2@group-9A5423B694AF-LeaderElection23] INFO  server.RaftServerConfigKeys (ConfUtils.java:logGet(43)) - raft.server.watch.timeout.denomination = 1s (default)
2019-10-02 17:54:21,887 [3933d80c-e8ff-4f72-bba7-02820fb600e2@group-9A5423B694AF-LeaderElection23] INFO  server.RaftServerConfigKeys (ConfUtils.java:logGet(43)) - raft.server.watch.element-limit = 65536 (default)
2019-10-02 17:54:21,888 [3933d80c-e8ff-4f72-bba7-02820fb600e2@group-9A5423B694AF-LeaderElection23] INFO  impl.RoleInfo (RoleInfo.java:updateAndGet(143)) - 3933d80c-e8ff-4f72-bba7-02820fb600e2: start LeaderState
2019-10-02 17:54:21,888 [3933d80c-e8ff-4f72-bba7-02820fb600e2@group-9A5423B694AF-LeaderElection23] INFO  segmented.SegmentedRaftLogWorker (SegmentedRaftLogWorker.java:startLogSegment(385)) - 3933d80c-e8ff-4f72-bba7-02820fb600e2@group-9A5423B694AF-SegmentedRaftLogWorker: Starting segment from index:0
2019-10-02 17:54:21,889 [3933d80c-e8ff-4f72-bba7-02820fb600e2@group-9A5423B694AF-LeaderElection23] INFO  impl.RaftServerImpl (ServerState.java:setRaftConf(356)) - 3933d80c-e8ff-4f72-bba7-02820fb600e2@group-9A5423B694AF: set configuration 0: [3933d80c-e8ff-4f72-bba7-02820fb600e2:192.168.151.72:43322], old=null at 0
2019-10-02 17:54:21,924 [Thread-1500] INFO  impl.FollowerState (FollowerState.java:run(108)) - 4a0512f4-119f-4f66-8d84-cb92b75127d3@group-4461771CB814-FollowerState: change to CANDIDATE, lastRpcTime:5003ms, electionTimeout:5003ms
2019-10-02 17:54:21,925 [Thread-1500] INFO  impl.RoleInfo (RoleInfo.java:shutdownFollowerState(121)) - 4a0512f4-119f-4f66-8d84-cb92b75127d3: shutdown FollowerState
2019-10-02 17:54:21,925 [Thread-1500] INFO  impl.RaftServerImpl (RaftServerImpl.java:setRole(170)) - 4a0512f4-119f-4f66-8d84-cb92b75127d3@group-4461771CB814: changes role from  FOLLOWER to CANDIDATE at term 0 for changeToCandidate
2019-10-02 17:54:21,925 [Thread-1500] INFO  impl.RoleInfo (RoleInfo.java:updateAndGet(143)) - 4a0512f4-119f-4f66-8d84-cb92b75127d3: start LeaderElection
2019-10-02 17:54:21,932 [3933d80c-e8ff-4f72-bba7-02820fb600e2@group-9A5423B694AF-SegmentedRaftLogWorker] INFO  segmented.SegmentedRaftLogWorker (SegmentedRaftLogWorker.java:execute(574)) - 3933d80c-e8ff-4f72-bba7-02820fb600e2@group-9A5423B694AF-SegmentedRaftLogWorker: created new log segment /workdir/hadoop-ozone/integration-test/target/test-dir/MiniOzoneClusterImpl-65f8f4fe-1764-4468-9f48-37bf81c95b0d/datanode-1/data/ratis/0970df84-27d1-4a9f-bba5-9a5423b694af/current/log_inprogress_0
2019-10-02 17:54:21,945 [4a0512f4-119f-4f66-8d84-cb92b75127d3@group-4461771CB814-LeaderElection24] INFO  impl.LeaderElection (LeaderElection.java:askForVotes(178)) - 4a0512f4-119f-4f66-8d84-cb92b75127d3@group-4461771CB814-LeaderElection24: begin an election at term 1 for -1: [4a0512f4-119f-4f66-8d84-cb92b75127d3:192.168.151.72:38519], old=null
2019-10-02 17:54:21,945 [4a0512f4-119f-4f66-8d84-cb92b75127d3@group-4461771CB814-LeaderElection24] INFO  impl.RoleInfo (RoleInfo.java:shutdownLeaderElection(134)) - 4a0512f4-119f-4f66-8d84-cb92b75127d3: shutdown LeaderElection
2019-10-02 17:54:21,946 [4a0512f4-119f-4f66-8d84-cb92b75127d3@group-4461771CB814-LeaderElection24] INFO  impl.RaftServerImpl (RaftServerImpl.java:setRole(170)) - 4a0512f4-119f-4f66-8d84-cb92b75127d3@group-4461771CB814: changes role from CANDIDATE to LEADER at term 1 for changeToLeader
2019-10-02 17:54:21,946 [4a0512f4-119f-4f66-8d84-cb92b75127d3@group-4461771CB814-LeaderElection24] INFO  impl.RaftServerImpl (ServerState.java:setLeader(255)) - 4a0512f4-119f-4f66-8d84-cb92b75127d3@group-4461771CB814: change Leader from null to 4a0512f4-119f-4f66-8d84-cb92b75127d3 at term 1 for becomeLeader, leader elected after 5032ms
2019-10-02 17:54:21,948 [4a0512f4-119f-4f66-8d84-cb92b75127d3@group-4461771CB814-LeaderElection24] INFO  server.RaftServerConfigKeys (ConfUtils.java:logGet(43)) - raft.server.staging.catchup.gap = 1000 (default)
2019-10-02 17:54:21,948 [4a0512f4-119f-4f66-8d84-cb92b75127d3@group-4461771CB814-LeaderElection24] INFO  server.RaftServerConfigKeys (ConfUtils.java:logGet(43)) - raft.server.rpc.sleep.time = 25ms (default)
2019-10-02 17:54:21,948 [4a0512f4-119f-4f66-8d84-cb92b75127d3@group-4461771CB814-LeaderElection24] INFO  server.RaftServerConfigKeys (ConfUtils.java:logGet(43)) - raft.server.write.element-limit = 4096 (default)
2019-10-02 17:54:21,948 [4a0512f4-119f-4f66-8d84-cb92b75127d3@group-4461771CB814-LeaderElection24] INFO  server.RaftServerConfigKeys (ConfUtils.java:logGet(43)) - raft.server.watch.timeout = 10s (default)
2019-10-02 17:54:21,948 [4a0512f4-119f-4f66-8d84-cb92b75127d3@group-4461771CB814-LeaderElection24] INFO  server.RaftServerConfigKeys (ConfUtils.java:logGet(43)) - raft.server.watch.timeout.denomination = 1s (default)
2019-10-02 17:54:21,948 [4a0512f4-119f-4f66-8d84-cb92b75127d3@group-4461771CB814-LeaderElection24] INFO  server.RaftServerConfigKeys (ConfUtils.java:logGet(43)) - raft.server.watch.element-limit = 65536 (default)
2019-10-02 17:54:21,950 [4a0512f4-119f-4f66-8d84-cb92b75127d3@group-4461771CB814-LeaderElection24] INFO  impl.RoleInfo (RoleInfo.java:updateAndGet(143)) - 4a0512f4-119f-4f66-8d84-cb92b75127d3: start LeaderState
2019-10-02 17:54:21,951 [4a0512f4-119f-4f66-8d84-cb92b75127d3@group-4461771CB814-LeaderElection24] INFO  segmented.SegmentedRaftLogWorker (SegmentedRaftLogWorker.java:startLogSegment(385)) - 4a0512f4-119f-4f66-8d84-cb92b75127d3@group-4461771CB814-SegmentedRaftLogWorker: Starting segment from index:0
2019-10-02 17:54:21,951 [4a0512f4-119f-4f66-8d84-cb92b75127d3@group-4461771CB814-LeaderElection24] INFO  impl.RaftServerImpl (ServerState.java:setRaftConf(356)) - 4a0512f4-119f-4f66-8d84-cb92b75127d3@group-4461771CB814: set configuration 0: [4a0512f4-119f-4f66-8d84-cb92b75127d3:192.168.151.72:38519], old=null at 0
2019-10-02 17:54:21,985 [4a0512f4-119f-4f66-8d84-cb92b75127d3@group-4461771CB814-SegmentedRaftLogWorker] INFO  segmented.SegmentedRaftLogWorker (SegmentedRaftLogWorker.java:execute(574)) - 4a0512f4-119f-4f66-8d84-cb92b75127d3@group-4461771CB814-SegmentedRaftLogWorker: created new log segment /workdir/hadoop-ozone/integration-test/target/test-dir/MiniOzoneClusterImpl-65f8f4fe-1764-4468-9f48-37bf81c95b0d/datanode-3/data/ratis/ba170bae-16c1-4998-bf50-4461771cb814/current/log_inprogress_0
2019-10-02 17:54:21,985 [Thread-1503] INFO  impl.FollowerState (FollowerState.java:run(108)) - 91a1b220-aea4-4dd3-92cb-bba23af74008@group-561991C3151A-FollowerState: change to CANDIDATE, lastRpcTime:5002ms, electionTimeout:5002ms
2019-10-02 17:54:21,985 [Thread-1503] INFO  impl.RoleInfo (RoleInfo.java:shutdownFollowerState(121)) - 91a1b220-aea4-4dd3-92cb-bba23af74008: shutdown FollowerState
2019-10-02 17:54:21,985 [Thread-1503] INFO  impl.RaftServerImpl (RaftServerImpl.java:setRole(170)) - 91a1b220-aea4-4dd3-92cb-bba23af74008@group-561991C3151A: changes role from  FOLLOWER to CANDIDATE at term 0 for changeToCandidate
2019-10-02 17:54:21,985 [Thread-1503] INFO  impl.RoleInfo (RoleInfo.java:updateAndGet(143)) - 91a1b220-aea4-4dd3-92cb-bba23af74008: start LeaderElection
2019-10-02 17:54:21,997 [91a1b220-aea4-4dd3-92cb-bba23af74008@group-561991C3151A-LeaderElection25] INFO  impl.LeaderElection (LeaderElection.java:askForVotes(178)) - 91a1b220-aea4-4dd3-92cb-bba23af74008@group-561991C3151A-LeaderElection25: begin an election at term 1 for -1: [91a1b220-aea4-4dd3-92cb-bba23af74008:192.168.151.72:35241], old=null
2019-10-02 17:54:21,997 [91a1b220-aea4-4dd3-92cb-bba23af74008@group-561991C3151A-LeaderElection25] INFO  impl.RoleInfo (RoleInfo.java:shutdownLeaderElection(134)) - 91a1b220-aea4-4dd3-92cb-bba23af74008: shutdown LeaderElection
2019-10-02 17:54:21,997 [91a1b220-aea4-4dd3-92cb-bba23af74008@group-561991C3151A-LeaderElection25] INFO  impl.RaftServerImpl (RaftServerImpl.java:setRole(170)) - 91a1b220-aea4-4dd3-92cb-bba23af74008@group-561991C3151A: changes role from CANDIDATE to LEADER at term 1 for changeToLeader
2019-10-02 17:54:21,997 [91a1b220-aea4-4dd3-92cb-bba23af74008@group-561991C3151A-LeaderElection25] INFO  impl.RaftServerImpl (ServerState.java:setLeader(255)) - 91a1b220-aea4-4dd3-92cb-bba23af74008@group-561991C3151A: change Leader from null to 91a1b220-aea4-4dd3-92cb-bba23af74008 at term 1 for becomeLeader, leader elected after 5025ms
2019-10-02 17:54:22,009 [91a1b220-aea4-4dd3-92cb-bba23af74008@group-561991C3151A-LeaderElection25] INFO  server.RaftServerConfigKeys (ConfUtils.java:logGet(43)) - raft.server.staging.catchup.gap = 1000 (default)
2019-10-02 17:54:22,009 [91a1b220-aea4-4dd3-92cb-bba23af74008@group-561991C3151A-LeaderElection25] INFO  server.RaftServerConfigKeys (ConfUtils.java:logGet(43)) - raft.server.rpc.sleep.time = 25ms (default)
2019-10-02 17:54:22,009 [91a1b220-aea4-4dd3-92cb-bba23af74008@group-561991C3151A-LeaderElection25] INFO  server.RaftServerConfigKeys (ConfUtils.java:logGet(43)) - raft.server.write.element-limit = 4096 (default)
2019-10-02 17:54:22,009 [91a1b220-aea4-4dd3-92cb-bba23af74008@group-561991C3151A-LeaderElection25] INFO  server.RaftServerConfigKeys (ConfUtils.java:logGet(43)) - raft.server.watch.timeout = 10s (default)
2019-10-02 17:54:22,010 [91a1b220-aea4-4dd3-92cb-bba23af74008@group-561991C3151A-LeaderElection25] INFO  server.RaftServerConfigKeys (ConfUtils.java:logGet(43)) - raft.server.watch.timeout.denomination = 1s (default)
2019-10-02 17:54:22,010 [91a1b220-aea4-4dd3-92cb-bba23af74008@group-561991C3151A-LeaderElection25] INFO  server.RaftServerConfigKeys (ConfUtils.java:logGet(43)) - raft.server.watch.element-limit = 65536 (default)
2019-10-02 17:54:22,012 [91a1b220-aea4-4dd3-92cb-bba23af74008@group-561991C3151A-LeaderElection25] INFO  impl.RoleInfo (RoleInfo.java:updateAndGet(143)) - 91a1b220-aea4-4dd3-92cb-bba23af74008: start LeaderState
2019-10-02 17:54:22,012 [91a1b220-aea4-4dd3-92cb-bba23af74008@group-561991C3151A-LeaderElection25] INFO  segmented.SegmentedRaftLogWorker (SegmentedRaftLogWorker.java:startLogSegment(385)) - 91a1b220-aea4-4dd3-92cb-bba23af74008@group-561991C3151A-SegmentedRaftLogWorker: Starting segment from index:0
2019-10-02 17:54:22,013 [91a1b220-aea4-4dd3-92cb-bba23af74008@group-561991C3151A-LeaderElection25] INFO  impl.RaftServerImpl (ServerState.java:setRaftConf(356)) - 91a1b220-aea4-4dd3-92cb-bba23af74008@group-561991C3151A: set configuration 0: [91a1b220-aea4-4dd3-92cb-bba23af74008:192.168.151.72:35241], old=null at 0
2019-10-02 17:54:22,026 [Thread-1497] INFO  impl.FollowerState (FollowerState.java:run(108)) - b7323768-8f87-4fb6-921f-bc5aae8c9ceb@group-0B378948FB51-FollowerState: change to CANDIDATE, lastRpcTime:5161ms, electionTimeout:5161ms
2019-10-02 17:54:22,026 [Thread-1497] INFO  impl.RoleInfo (RoleInfo.java:shutdownFollowerState(121)) - b7323768-8f87-4fb6-921f-bc5aae8c9ceb: shutdown FollowerState
2019-10-02 17:54:22,027 [Thread-1497] INFO  impl.RaftServerImpl (RaftServerImpl.java:setRole(170)) - b7323768-8f87-4fb6-921f-bc5aae8c9ceb@group-0B378948FB51: changes role from  FOLLOWER to CANDIDATE at term 0 for changeToCandidate
2019-10-02 17:54:22,027 [Thread-1497] INFO  impl.RoleInfo (RoleInfo.java:updateAndGet(143)) - b7323768-8f87-4fb6-921f-bc5aae8c9ceb: start LeaderElection
2019-10-02 17:54:22,054 [91a1b220-aea4-4dd3-92cb-bba23af74008@group-561991C3151A-SegmentedRaftLogWorker] INFO  segmented.SegmentedRaftLogWorker (SegmentedRaftLogWorker.java:execute(574)) - 91a1b220-aea4-4dd3-92cb-bba23af74008@group-561991C3151A-SegmentedRaftLogWorker: created new log segment /workdir/hadoop-ozone/integration-test/target/test-dir/MiniOzoneClusterImpl-65f8f4fe-1764-4468-9f48-37bf81c95b0d/datanode-4/data/ratis/2c0a45b9-fabf-4e95-8698-561991c3151a/current/log_inprogress_0
2019-10-02 17:54:22,054 [b7323768-8f87-4fb6-921f-bc5aae8c9ceb@group-0B378948FB51-LeaderElection26] INFO  impl.LeaderElection (LeaderElection.java:askForVotes(178)) - b7323768-8f87-4fb6-921f-bc5aae8c9ceb@group-0B378948FB51-LeaderElection26: begin an election at term 1 for -1: [b7323768-8f87-4fb6-921f-bc5aae8c9ceb:192.168.151.72:45619], old=null
2019-10-02 17:54:22,054 [b7323768-8f87-4fb6-921f-bc5aae8c9ceb@group-0B378948FB51-LeaderElection26] INFO  impl.RoleInfo (RoleInfo.java:shutdownLeaderElection(134)) - b7323768-8f87-4fb6-921f-bc5aae8c9ceb: shutdown LeaderElection
2019-10-02 17:54:22,054 [b7323768-8f87-4fb6-921f-bc5aae8c9ceb@group-0B378948FB51-LeaderElection26] INFO  impl.RaftServerImpl (RaftServerImpl.java:setRole(170)) - b7323768-8f87-4fb6-921f-bc5aae8c9ceb@group-0B378948FB51: changes role from CANDIDATE to LEADER at term 1 for changeToLeader
2019-10-02 17:54:22,054 [b7323768-8f87-4fb6-921f-bc5aae8c9ceb@group-0B378948FB51-LeaderElection26] INFO  impl.RaftServerImpl (ServerState.java:setLeader(255)) - b7323768-8f87-4fb6-921f-bc5aae8c9ceb@group-0B378948FB51: change Leader from null to b7323768-8f87-4fb6-921f-bc5aae8c9ceb at term 1 for becomeLeader, leader elected after 5199ms
2019-10-02 17:54:22,054 [b7323768-8f87-4fb6-921f-bc5aae8c9ceb@group-0B378948FB51-LeaderElection26] INFO  server.RaftServerConfigKeys (ConfUtils.java:logGet(43)) - raft.server.staging.catchup.gap = 1000 (default)
2019-10-02 17:54:22,055 [b7323768-8f87-4fb6-921f-bc5aae8c9ceb@group-0B378948FB51-LeaderElection26] INFO  server.RaftServerConfigKeys (ConfUtils.java:logGet(43)) - raft.server.rpc.sleep.time = 25ms (default)
2019-10-02 17:54:22,055 [b7323768-8f87-4fb6-921f-bc5aae8c9ceb@group-0B378948FB51-LeaderElection26] INFO  server.RaftServerConfigKeys (ConfUtils.java:logGet(43)) - raft.server.write.element-limit = 4096 (default)
2019-10-02 17:54:22,055 [b7323768-8f87-4fb6-921f-bc5aae8c9ceb@group-0B378948FB51-LeaderElection26] INFO  server.RaftServerConfigKeys (ConfUtils.java:logGet(43)) - raft.server.watch.timeout = 10s (default)
2019-10-02 17:54:22,055 [b7323768-8f87-4fb6-921f-bc5aae8c9ceb@group-0B378948FB51-LeaderElection26] INFO  server.RaftServerConfigKeys (ConfUtils.java:logGet(43)) - raft.server.watch.timeout.denomination = 1s (default)
2019-10-02 17:54:22,055 [b7323768-8f87-4fb6-921f-bc5aae8c9ceb@group-0B378948FB51-LeaderElection26] INFO  server.RaftServerConfigKeys (ConfUtils.java:logGet(43)) - raft.server.watch.element-limit = 65536 (default)
2019-10-02 17:54:22,058 [b7323768-8f87-4fb6-921f-bc5aae8c9ceb@group-0B378948FB51-LeaderElection26] INFO  impl.RoleInfo (RoleInfo.java:updateAndGet(143)) - b7323768-8f87-4fb6-921f-bc5aae8c9ceb: start LeaderState
2019-10-02 17:54:22,058 [b7323768-8f87-4fb6-921f-bc5aae8c9ceb@group-0B378948FB51-LeaderElection26] INFO  segmented.SegmentedRaftLogWorker (SegmentedRaftLogWorker.java:startLogSegment(385)) - b7323768-8f87-4fb6-921f-bc5aae8c9ceb@group-0B378948FB51-SegmentedRaftLogWorker: Starting segment from index:0
2019-10-02 17:54:22,059 [b7323768-8f87-4fb6-921f-bc5aae8c9ceb@group-0B378948FB51-LeaderElection26] INFO  impl.RaftServerImpl (ServerState.java:setRaftConf(356)) - b7323768-8f87-4fb6-921f-bc5aae8c9ceb@group-0B378948FB51: set configuration 0: [b7323768-8f87-4fb6-921f-bc5aae8c9ceb:192.168.151.72:45619], old=null at 0
2019-10-02 17:54:22,113 [b7323768-8f87-4fb6-921f-bc5aae8c9ceb@group-0B378948FB51-SegmentedRaftLogWorker] INFO  segmented.SegmentedRaftLogWorker (SegmentedRaftLogWorker.java:execute(574)) - b7323768-8f87-4fb6-921f-bc5aae8c9ceb@group-0B378948FB51-SegmentedRaftLogWorker: created new log segment /workdir/hadoop-ozone/integration-test/target/test-dir/MiniOzoneClusterImpl-65f8f4fe-1764-4468-9f48-37bf81c95b0d/datanode-2/data/ratis/a5d0262a-fbd3-4435-8951-0b378948fb51/current/log_inprogress_0
2019-10-02 17:54:22,182 [Thread-1506] INFO  impl.FollowerState (FollowerState.java:run(108)) - 42f78218-58d8-457c-9fe0-c600e3909325@group-E8C7A57AC02A-FollowerState: change to CANDIDATE, lastRpcTime:5088ms, electionTimeout:5088ms
2019-10-02 17:54:22,182 [Thread-1506] INFO  impl.RoleInfo (RoleInfo.java:shutdownFollowerState(121)) - 42f78218-58d8-457c-9fe0-c600e3909325: shutdown FollowerState
2019-10-02 17:54:22,183 [Thread-1506] INFO  impl.RaftServerImpl (RaftServerImpl.java:setRole(170)) - 42f78218-58d8-457c-9fe0-c600e3909325@group-E8C7A57AC02A: changes role from  FOLLOWER to CANDIDATE at term 0 for changeToCandidate
2019-10-02 17:54:22,183 [Thread-1506] INFO  impl.RoleInfo (RoleInfo.java:updateAndGet(143)) - 42f78218-58d8-457c-9fe0-c600e3909325: start LeaderElection
2019-10-02 17:54:22,199 [Thread-1509] INFO  impl.FollowerState (FollowerState.java:run(108)) - ae729cbd-7ce4-47be-ae44-f885f4c1fbd3@group-A8496D62A23A-FollowerState: change to CANDIDATE, lastRpcTime:5037ms, electionTimeout:5036ms
2019-10-02 17:54:22,199 [Thread-1509] INFO  impl.RoleInfo (RoleInfo.java:shutdownFollowerState(121)) - ae729cbd-7ce4-47be-ae44-f885f4c1fbd3: shutdown FollowerState
2019-10-02 17:54:22,199 [Thread-1509] INFO  impl.RaftServerImpl (RaftServerImpl.java:setRole(170)) - ae729cbd-7ce4-47be-ae44-f885f4c1fbd3@group-A8496D62A23A: changes role from  FOLLOWER to CANDIDATE at term 0 for changeToCandidate
2019-10-02 17:54:22,199 [Thread-1509] INFO  impl.RoleInfo (RoleInfo.java:updateAndGet(143)) - ae729cbd-7ce4-47be-ae44-f885f4c1fbd3: start LeaderElection
2019-10-02 17:54:22,207 [42f78218-58d8-457c-9fe0-c600e3909325@group-E8C7A57AC02A-LeaderElection27] INFO  impl.LeaderElection (LeaderElection.java:askForVotes(178)) - 42f78218-58d8-457c-9fe0-c600e3909325@group-E8C7A57AC02A-LeaderElection27: begin an election at term 1 for -1: [42f78218-58d8-457c-9fe0-c600e3909325:192.168.151.72:42207], old=null
2019-10-02 17:54:22,209 [42f78218-58d8-457c-9fe0-c600e3909325@group-E8C7A57AC02A-LeaderElection27] INFO  impl.RoleInfo (RoleInfo.java:shutdownLeaderElection(134)) - 42f78218-58d8-457c-9fe0-c600e3909325: shutdown LeaderElection
2019-10-02 17:54:22,209 [42f78218-58d8-457c-9fe0-c600e3909325@group-E8C7A57AC02A-LeaderElection27] INFO  impl.RaftServerImpl (RaftServerImpl.java:setRole(170)) - 42f78218-58d8-457c-9fe0-c600e3909325@group-E8C7A57AC02A: changes role from CANDIDATE to LEADER at term 1 for changeToLeader
2019-10-02 17:54:22,213 [42f78218-58d8-457c-9fe0-c600e3909325@group-E8C7A57AC02A-LeaderElection27] INFO  impl.RaftServerImpl (ServerState.java:setLeader(255)) - 42f78218-58d8-457c-9fe0-c600e3909325@group-E8C7A57AC02A: change Leader from null to 42f78218-58d8-457c-9fe0-c600e3909325 at term 1 for becomeLeader, leader elected after 5125ms
2019-10-02 17:54:22,215 [42f78218-58d8-457c-9fe0-c600e3909325@group-E8C7A57AC02A-LeaderElection27] INFO  server.RaftServerConfigKeys (ConfUtils.java:logGet(43)) - raft.server.staging.catchup.gap = 1000 (default)
2019-10-02 17:54:22,215 [42f78218-58d8-457c-9fe0-c600e3909325@group-E8C7A57AC02A-LeaderElection27] INFO  server.RaftServerConfigKeys (ConfUtils.java:logGet(43)) - raft.server.rpc.sleep.time = 25ms (default)
2019-10-02 17:54:22,215 [42f78218-58d8-457c-9fe0-c600e3909325@group-E8C7A57AC02A-LeaderElection27] INFO  server.RaftServerConfigKeys (ConfUtils.java:logGet(43)) - raft.server.write.element-limit = 4096 (default)
2019-10-02 17:54:22,215 [42f78218-58d8-457c-9fe0-c600e3909325@group-E8C7A57AC02A-LeaderElection27] INFO  server.RaftServerConfigKeys (ConfUtils.java:logGet(43)) - raft.server.watch.timeout = 10s (default)
2019-10-02 17:54:22,216 [42f78218-58d8-457c-9fe0-c600e3909325@group-E8C7A57AC02A-LeaderElection27] INFO  server.RaftServerConfigKeys (ConfUtils.java:logGet(43)) - raft.server.watch.timeout.denomination = 1s (default)
2019-10-02 17:54:22,216 [42f78218-58d8-457c-9fe0-c600e3909325@group-E8C7A57AC02A-LeaderElection27] INFO  server.RaftServerConfigKeys (ConfUtils.java:logGet(43)) - raft.server.watch.element-limit = 65536 (default)
2019-10-02 17:54:22,218 [42f78218-58d8-457c-9fe0-c600e3909325@group-E8C7A57AC02A-LeaderElection27] INFO  impl.RoleInfo (RoleInfo.java:updateAndGet(143)) - 42f78218-58d8-457c-9fe0-c600e3909325: start LeaderState
2019-10-02 17:54:22,219 [42f78218-58d8-457c-9fe0-c600e3909325@group-E8C7A57AC02A-LeaderElection27] INFO  segmented.SegmentedRaftLogWorker (SegmentedRaftLogWorker.java:startLogSegment(385)) - 42f78218-58d8-457c-9fe0-c600e3909325@group-E8C7A57AC02A-SegmentedRaftLogWorker: Starting segment from index:0
2019-10-02 17:54:22,219 [42f78218-58d8-457c-9fe0-c600e3909325@group-E8C7A57AC02A-LeaderElection27] INFO  impl.RaftServerImpl (ServerState.java:setRaftConf(356)) - 42f78218-58d8-457c-9fe0-c600e3909325@group-E8C7A57AC02A: set configuration 0: [42f78218-58d8-457c-9fe0-c600e3909325:192.168.151.72:42207], old=null at 0
2019-10-02 17:54:22,222 [ae729cbd-7ce4-47be-ae44-f885f4c1fbd3@group-A8496D62A23A-LeaderElection28] INFO  impl.LeaderElection (LeaderElection.java:askForVotes(178)) - ae729cbd-7ce4-47be-ae44-f885f4c1fbd3@group-A8496D62A23A-LeaderElection28: begin an election at term 1 for -1: [ae729cbd-7ce4-47be-ae44-f885f4c1fbd3:192.168.151.72:36044], old=null
2019-10-02 17:54:22,222 [ae729cbd-7ce4-47be-ae44-f885f4c1fbd3@group-A8496D62A23A-LeaderElection28] INFO  impl.RoleInfo (RoleInfo.java:shutdownLeaderElection(134)) - ae729cbd-7ce4-47be-ae44-f885f4c1fbd3: shutdown LeaderElection
2019-10-02 17:54:22,222 [ae729cbd-7ce4-47be-ae44-f885f4c1fbd3@group-A8496D62A23A-LeaderElection28] INFO  impl.RaftServerImpl (RaftServerImpl.java:setRole(170)) - ae729cbd-7ce4-47be-ae44-f885f4c1fbd3@group-A8496D62A23A: changes role from CANDIDATE to LEADER at term 1 for changeToLeader
2019-10-02 17:54:22,222 [ae729cbd-7ce4-47be-ae44-f885f4c1fbd3@group-A8496D62A23A-LeaderElection28] INFO  impl.RaftServerImpl (ServerState.java:setLeader(255)) - ae729cbd-7ce4-47be-ae44-f885f4c1fbd3@group-A8496D62A23A: change Leader from null to ae729cbd-7ce4-47be-ae44-f885f4c1fbd3 at term 1 for becomeLeader, leader elected after 5069ms
2019-10-02 17:54:22,222 [ae729cbd-7ce4-47be-ae44-f885f4c1fbd3@group-A8496D62A23A-LeaderElection28] INFO  server.RaftServerConfigKeys (ConfUtils.java:logGet(43)) - raft.server.staging.catchup.gap = 1000 (default)
2019-10-02 17:54:22,222 [ae729cbd-7ce4-47be-ae44-f885f4c1fbd3@group-A8496D62A23A-LeaderElection28] INFO  server.RaftServerConfigKeys (ConfUtils.java:logGet(43)) - raft.server.rpc.sleep.time = 25ms (default)
2019-10-02 17:54:22,223 [ae729cbd-7ce4-47be-ae44-f885f4c1fbd3@group-A8496D62A23A-LeaderElection28] INFO  server.RaftServerConfigKeys (ConfUtils.java:logGet(43)) - raft.server.write.element-limit = 4096 (default)
2019-10-02 17:54:22,223 [ae729cbd-7ce4-47be-ae44-f885f4c1fbd3@group-A8496D62A23A-LeaderElection28] INFO  server.RaftServerConfigKeys (ConfUtils.java:logGet(43)) - raft.server.watch.timeout = 10s (default)
2019-10-02 17:54:22,223 [ae729cbd-7ce4-47be-ae44-f885f4c1fbd3@group-A8496D62A23A-LeaderElection28] INFO  server.RaftServerConfigKeys (ConfUtils.java:logGet(43)) - raft.server.watch.timeout.denomination = 1s (default)
2019-10-02 17:54:22,223 [ae729cbd-7ce4-47be-ae44-f885f4c1fbd3@group-A8496D62A23A-LeaderElection28] INFO  server.RaftServerConfigKeys (ConfUtils.java:logGet(43)) - raft.server.watch.element-limit = 65536 (default)
2019-10-02 17:54:22,225 [ae729cbd-7ce4-47be-ae44-f885f4c1fbd3@group-A8496D62A23A-LeaderElection28] INFO  impl.RoleInfo (RoleInfo.java:updateAndGet(143)) - ae729cbd-7ce4-47be-ae44-f885f4c1fbd3: start LeaderState
2019-10-02 17:54:22,225 [ae729cbd-7ce4-47be-ae44-f885f4c1fbd3@group-A8496D62A23A-LeaderElection28] INFO  segmented.SegmentedRaftLogWorker (SegmentedRaftLogWorker.java:startLogSegment(385)) - ae729cbd-7ce4-47be-ae44-f885f4c1fbd3@group-A8496D62A23A-SegmentedRaftLogWorker: Starting segment from index:0
2019-10-02 17:54:22,225 [ae729cbd-7ce4-47be-ae44-f885f4c1fbd3@group-A8496D62A23A-LeaderElection28] INFO  impl.RaftServerImpl (ServerState.java:setRaftConf(356)) - ae729cbd-7ce4-47be-ae44-f885f4c1fbd3@group-A8496D62A23A: set configuration 0: [ae729cbd-7ce4-47be-ae44-f885f4c1fbd3:192.168.151.72:36044], old=null at 0
2019-10-02 17:54:22,248 [Thread-1516] INFO  impl.FollowerState (FollowerState.java:run(108)) - 91a1b220-aea4-4dd3-92cb-bba23af74008@group-EB005B711FC0-FollowerState: change to CANDIDATE, lastRpcTime:5025ms, electionTimeout:5025ms
2019-10-02 17:54:22,248 [Thread-1516] INFO  impl.RoleInfo (RoleInfo.java:shutdownFollowerState(121)) - 91a1b220-aea4-4dd3-92cb-bba23af74008: shutdown FollowerState
2019-10-02 17:54:22,248 [Thread-1516] INFO  impl.RaftServerImpl (RaftServerImpl.java:setRole(170)) - 91a1b220-aea4-4dd3-92cb-bba23af74008@group-EB005B711FC0: changes role from  FOLLOWER to CANDIDATE at term 0 for changeToCandidate
2019-10-02 17:54:22,248 [Thread-1516] INFO  impl.RoleInfo (RoleInfo.java:updateAndGet(143)) - 91a1b220-aea4-4dd3-92cb-bba23af74008: start LeaderElection
2019-10-02 17:54:22,262 [Thread-1513] INFO  impl.FollowerState (FollowerState.java:run(108)) - 3933d80c-e8ff-4f72-bba7-02820fb600e2@group-EB005B711FC0-FollowerState: change to CANDIDATE, lastRpcTime:5043ms, electionTimeout:5038ms
2019-10-02 17:54:22,262 [Thread-1513] INFO  impl.RoleInfo (RoleInfo.java:shutdownFollowerState(121)) - 3933d80c-e8ff-4f72-bba7-02820fb600e2: shutdown FollowerState
2019-10-02 17:54:22,264 [Thread-1513] INFO  impl.RaftServerImpl (RaftServerImpl.java:setRole(170)) - 3933d80c-e8ff-4f72-bba7-02820fb600e2@group-EB005B711FC0: changes role from  FOLLOWER to CANDIDATE at term 0 for changeToCandidate
2019-10-02 17:54:22,264 [Thread-1513] INFO  impl.RoleInfo (RoleInfo.java:updateAndGet(143)) - 3933d80c-e8ff-4f72-bba7-02820fb600e2: start LeaderElection
2019-10-02 17:54:22,275 [42f78218-58d8-457c-9fe0-c600e3909325@group-E8C7A57AC02A-SegmentedRaftLogWorker] INFO  segmented.SegmentedRaftLogWorker (SegmentedRaftLogWorker.java:execute(574)) - 42f78218-58d8-457c-9fe0-c600e3909325@group-E8C7A57AC02A-SegmentedRaftLogWorker: created new log segment /workdir/hadoop-ozone/integration-test/target/test-dir/MiniOzoneClusterImpl-65f8f4fe-1764-4468-9f48-37bf81c95b0d/datanode-5/data/ratis/a85622f1-bae7-498a-9b08-e8c7a57ac02a/current/log_inprogress_0
2019-10-02 17:54:22,275 [ae729cbd-7ce4-47be-ae44-f885f4c1fbd3@group-A8496D62A23A-SegmentedRaftLogWorker] INFO  segmented.SegmentedRaftLogWorker (SegmentedRaftLogWorker.java:execute(574)) - ae729cbd-7ce4-47be-ae44-f885f4c1fbd3@group-A8496D62A23A-SegmentedRaftLogWorker: created new log segment /workdir/hadoop-ozone/integration-test/target/test-dir/MiniOzoneClusterImpl-65f8f4fe-1764-4468-9f48-37bf81c95b0d/datanode-6/data/ratis/2fcf6e65-1bd9-415d-9acc-a8496d62a23a/current/log_inprogress_0
2019-10-02 17:54:22,275 [3933d80c-e8ff-4f72-bba7-02820fb600e2@group-EB005B711FC0-LeaderElection30] INFO  impl.LeaderElection (LeaderElection.java:askForVotes(178)) - 3933d80c-e8ff-4f72-bba7-02820fb600e2@group-EB005B711FC0-LeaderElection30: begin an election at term 1 for -1: [91a1b220-aea4-4dd3-92cb-bba23af74008:192.168.151.72:35241, 3933d80c-e8ff-4f72-bba7-02820fb600e2:192.168.151.72:43322, b497eacb-55a3-4ffa-9375-3900e91065f4:192.168.151.72:45210], old=null
2019-10-02 17:54:22,275 [91a1b220-aea4-4dd3-92cb-bba23af74008@group-EB005B711FC0-LeaderElection29] INFO  impl.LeaderElection (LeaderElection.java:askForVotes(178)) - 91a1b220-aea4-4dd3-92cb-bba23af74008@group-EB005B711FC0-LeaderElection29: begin an election at term 1 for -1: [91a1b220-aea4-4dd3-92cb-bba23af74008:192.168.151.72:35241, 3933d80c-e8ff-4f72-bba7-02820fb600e2:192.168.151.72:43322, b497eacb-55a3-4ffa-9375-3900e91065f4:192.168.151.72:45210], old=null
2019-10-02 17:54:22,281 [grpc-default-executor-9] INFO  impl.RaftServerImpl (RaftServerImpl.java:setRole(170)) - b497eacb-55a3-4ffa-9375-3900e91065f4@group-EB005B711FC0: changes role from  FOLLOWER to FOLLOWER at term 1 for recognizeCandidate:3933d80c-e8ff-4f72-bba7-02820fb600e2
2019-10-02 17:54:22,281 [grpc-default-executor-9] INFO  impl.RoleInfo (RoleInfo.java:shutdownFollowerState(121)) - b497eacb-55a3-4ffa-9375-3900e91065f4: shutdown FollowerState
2019-10-02 17:54:22,285 [grpc-default-executor-9] INFO  impl.RoleInfo (RoleInfo.java:updateAndGet(143)) - b497eacb-55a3-4ffa-9375-3900e91065f4: start FollowerState
2019-10-02 17:54:22,285 [Thread-1515] INFO  impl.FollowerState (FollowerState.java:run(117)) - b497eacb-55a3-4ffa-9375-3900e91065f4@group-EB005B711FC0-FollowerState was interrupted: java.lang.InterruptedException: sleep interrupted
2019-10-02 17:54:22,301 [3933d80c-e8ff-4f72-bba7-02820fb600e2@group-EB005B711FC0-LeaderElection30] INFO  impl.LeaderElection (LeaderElection.java:logAndReturn(56)) - 3933d80c-e8ff-4f72-bba7-02820fb600e2@group-EB005B711FC0-LeaderElection30: Election PASSED; received 2 response(s) [3933d80c-e8ff-4f72-bba7-02820fb600e2<-91a1b220-aea4-4dd3-92cb-bba23af74008#0:FAIL-t1, 3933d80c-e8ff-4f72-bba7-02820fb600e2<-b497eacb-55a3-4ffa-9375-3900e91065f4#0:OK-t1] and 0 exception(s); 3933d80c-e8ff-4f72-bba7-02820fb600e2@group-EB005B711FC0:t1, leader=null, voted=3933d80c-e8ff-4f72-bba7-02820fb600e2, raftlog=3933d80c-e8ff-4f72-bba7-02820fb600e2@group-EB005B711FC0-SegmentedRaftLog:OPENED:c-1,f-1,i0, conf=-1: [91a1b220-aea4-4dd3-92cb-bba23af74008:192.168.151.72:35241, 3933d80c-e8ff-4f72-bba7-02820fb600e2:192.168.151.72:43322, b497eacb-55a3-4ffa-9375-3900e91065f4:192.168.151.72:45210], old=null
2019-10-02 17:54:22,301 [91a1b220-aea4-4dd3-92cb-bba23af74008@group-EB005B711FC0-LeaderElection29] INFO  impl.LeaderElection (LeaderElection.java:logAndReturn(56)) - 91a1b220-aea4-4dd3-92cb-bba23af74008@group-EB005B711FC0-LeaderElection29: Election REJECTED; received 2 response(s) [91a1b220-aea4-4dd3-92cb-bba23af74008<-3933d80c-e8ff-4f72-bba7-02820fb600e2#0:FAIL-t1, 91a1b220-aea4-4dd3-92cb-bba23af74008<-b497eacb-55a3-4ffa-9375-3900e91065f4#0:FAIL-t1] and 0 exception(s); 91a1b220-aea4-4dd3-92cb-bba23af74008@group-EB005B711FC0:t1, leader=null, voted=91a1b220-aea4-4dd3-92cb-bba23af74008, raftlog=91a1b220-aea4-4dd3-92cb-bba23af74008@group-EB005B711FC0-SegmentedRaftLog:OPENED:c-1,f-1,i0, conf=-1: [91a1b220-aea4-4dd3-92cb-bba23af74008:192.168.151.72:35241, 3933d80c-e8ff-4f72-bba7-02820fb600e2:192.168.151.72:43322, b497eacb-55a3-4ffa-9375-3900e91065f4:192.168.151.72:45210], old=null
2019-10-02 17:54:22,301 [3933d80c-e8ff-4f72-bba7-02820fb600e2@group-EB005B711FC0-LeaderElection30] INFO  impl.RoleInfo (RoleInfo.java:shutdownLeaderElection(134)) - 3933d80c-e8ff-4f72-bba7-02820fb600e2: shutdown LeaderElection
2019-10-02 17:54:22,304 [91a1b220-aea4-4dd3-92cb-bba23af74008@group-EB005B711FC0-LeaderElection29] INFO  impl.RaftServerImpl (RaftServerImpl.java:setRole(170)) - 91a1b220-aea4-4dd3-92cb-bba23af74008@group-EB005B711FC0: changes role from CANDIDATE to FOLLOWER at term 1 for DISCOVERED_A_NEW_TERM
2019-10-02 17:54:22,306 [3933d80c-e8ff-4f72-bba7-02820fb600e2@group-EB005B711FC0-LeaderElection30] INFO  impl.RaftServerImpl (RaftServerImpl.java:setRole(170)) - 3933d80c-e8ff-4f72-bba7-02820fb600e2@group-EB005B711FC0: changes role from CANDIDATE to LEADER at term 1 for changeToLeader
2019-10-02 17:54:22,306 [91a1b220-aea4-4dd3-92cb-bba23af74008@group-EB005B711FC0-LeaderElection29] INFO  impl.RoleInfo (RoleInfo.java:shutdownLeaderElection(134)) - 91a1b220-aea4-4dd3-92cb-bba23af74008: shutdown LeaderElection
2019-10-02 17:54:22,306 [3933d80c-e8ff-4f72-bba7-02820fb600e2@group-EB005B711FC0-LeaderElection30] INFO  impl.RaftServerImpl (ServerState.java:setLeader(255)) - 3933d80c-e8ff-4f72-bba7-02820fb600e2@group-EB005B711FC0: change Leader from null to 3933d80c-e8ff-4f72-bba7-02820fb600e2 at term 1 for becomeLeader, leader elected after 5095ms
2019-10-02 17:54:22,306 [91a1b220-aea4-4dd3-92cb-bba23af74008@group-EB005B711FC0-LeaderElection29] INFO  impl.RoleInfo (RoleInfo.java:updateAndGet(143)) - 91a1b220-aea4-4dd3-92cb-bba23af74008: start FollowerState
2019-10-02 17:54:22,306 [3933d80c-e8ff-4f72-bba7-02820fb600e2@group-EB005B711FC0-LeaderElection30] INFO  server.RaftServerConfigKeys (ConfUtils.java:logGet(43)) - raft.server.staging.catchup.gap = 1000 (default)
2019-10-02 17:54:22,307 [3933d80c-e8ff-4f72-bba7-02820fb600e2@group-EB005B711FC0-LeaderElection30] INFO  server.RaftServerConfigKeys (ConfUtils.java:logGet(43)) - raft.server.rpc.sleep.time = 25ms (default)
2019-10-02 17:54:22,307 [3933d80c-e8ff-4f72-bba7-02820fb600e2@group-EB005B711FC0-LeaderElection30] INFO  server.RaftServerConfigKeys (ConfUtils.java:logGet(43)) - raft.server.write.element-limit = 4096 (default)
2019-10-02 17:54:22,307 [3933d80c-e8ff-4f72-bba7-02820fb600e2@group-EB005B711FC0-LeaderElection30] INFO  server.RaftServerConfigKeys (ConfUtils.java:logGet(43)) - raft.server.watch.timeout = 10s (default)
2019-10-02 17:54:22,307 [3933d80c-e8ff-4f72-bba7-02820fb600e2@group-EB005B711FC0-LeaderElection30] INFO  server.RaftServerConfigKeys (ConfUtils.java:logGet(43)) - raft.server.watch.timeout.denomination = 1s (default)
2019-10-02 17:54:22,307 [3933d80c-e8ff-4f72-bba7-02820fb600e2@group-EB005B711FC0-LeaderElection30] INFO  server.RaftServerConfigKeys (ConfUtils.java:logGet(43)) - raft.server.watch.element-limit = 65536 (default)
2019-10-02 17:54:22,309 [3933d80c-e8ff-4f72-bba7-02820fb600e2@group-EB005B711FC0-LeaderElection30] INFO  server.RaftServerConfigKeys (ConfUtils.java:logGet(43)) - raft.server.log.appender.snapshot.chunk.size.max = 16MB (=16777216) (default)
2019-10-02 17:54:22,309 [3933d80c-e8ff-4f72-bba7-02820fb600e2@group-EB005B711FC0-LeaderElection30] INFO  server.RaftServerConfigKeys (ConfUtils.java:logGet(43)) - raft.server.log.appender.buffer.byte-limit = 33554432 (custom)
2019-10-02 17:54:22,309 [3933d80c-e8ff-4f72-bba7-02820fb600e2@group-EB005B711FC0-LeaderElection30] INFO  server.RaftServerConfigKeys (ConfUtils.java:logGet(43)) - raft.server.log.appender.buffer.element-limit = 1 (custom)
2019-10-02 17:54:22,309 [3933d80c-e8ff-4f72-bba7-02820fb600e2@group-EB005B711FC0-LeaderElection30] INFO  grpc.GrpcConfigKeys$Server (ConfUtils.java:logGet(43)) - raft.grpc.server.leader.outstanding.appends.max = 128 (default)
2019-10-02 17:54:22,309 [3933d80c-e8ff-4f72-bba7-02820fb600e2@group-EB005B711FC0-LeaderElection30] INFO  server.RaftServerConfigKeys (ConfUtils.java:logGet(43)) - raft.server.rpc.request.timeout = 3000ms (default)
2019-10-02 17:54:22,309 [3933d80c-e8ff-4f72-bba7-02820fb600e2@group-EB005B711FC0-LeaderElection30] INFO  server.RaftServerConfigKeys (ConfUtils.java:logGet(43)) - raft.server.log.appender.install.snapshot.enabled = false (custom)
2019-10-02 17:54:22,310 [3933d80c-e8ff-4f72-bba7-02820fb600e2@group-EB005B711FC0-LeaderElection30] INFO  server.RaftServerConfigKeys (ConfUtils.java:logGet(43)) - raft.server.log.appender.snapshot.chunk.size.max = 16MB (=16777216) (default)
2019-10-02 17:54:22,310 [3933d80c-e8ff-4f72-bba7-02820fb600e2@group-EB005B711FC0-LeaderElection30] INFO  server.RaftServerConfigKeys (ConfUtils.java:logGet(43)) - raft.server.log.appender.buffer.byte-limit = 33554432 (custom)
2019-10-02 17:54:22,310 [3933d80c-e8ff-4f72-bba7-02820fb600e2@group-EB005B711FC0-LeaderElection30] INFO  server.RaftServerConfigKeys (ConfUtils.java:logGet(43)) - raft.server.log.appender.buffer.element-limit = 1 (custom)
2019-10-02 17:54:22,310 [3933d80c-e8ff-4f72-bba7-02820fb600e2@group-EB005B711FC0-LeaderElection30] INFO  grpc.GrpcConfigKeys$Server (ConfUtils.java:logGet(43)) - raft.grpc.server.leader.outstanding.appends.max = 128 (default)
2019-10-02 17:54:22,310 [3933d80c-e8ff-4f72-bba7-02820fb600e2@group-EB005B711FC0-LeaderElection30] INFO  server.RaftServerConfigKeys (ConfUtils.java:logGet(43)) - raft.server.rpc.request.timeout = 3000ms (default)
2019-10-02 17:54:22,310 [3933d80c-e8ff-4f72-bba7-02820fb600e2@group-EB005B711FC0-LeaderElection30] INFO  server.RaftServerConfigKeys (ConfUtils.java:logGet(43)) - raft.server.log.appender.install.snapshot.enabled = false (custom)
2019-10-02 17:54:22,311 [3933d80c-e8ff-4f72-bba7-02820fb600e2@group-EB005B711FC0-LeaderElection30] INFO  impl.RoleInfo (RoleInfo.java:updateAndGet(143)) - 3933d80c-e8ff-4f72-bba7-02820fb600e2: start LeaderState
2019-10-02 17:54:22,311 [3933d80c-e8ff-4f72-bba7-02820fb600e2@group-EB005B711FC0-LeaderElection30] INFO  segmented.SegmentedRaftLogWorker (SegmentedRaftLogWorker.java:startLogSegment(385)) - 3933d80c-e8ff-4f72-bba7-02820fb600e2@group-EB005B711FC0-SegmentedRaftLogWorker: Starting segment from index:0
2019-10-02 17:54:22,311 [3933d80c-e8ff-4f72-bba7-02820fb600e2@group-EB005B711FC0-LeaderElection30] INFO  impl.RaftServerImpl (ServerState.java:setRaftConf(356)) - 3933d80c-e8ff-4f72-bba7-02820fb600e2@group-EB005B711FC0: set configuration 0: [91a1b220-aea4-4dd3-92cb-bba23af74008:192.168.151.72:35241, 3933d80c-e8ff-4f72-bba7-02820fb600e2:192.168.151.72:43322, b497eacb-55a3-4ffa-9375-3900e91065f4:192.168.151.72:45210], old=null at 0
2019-10-02 17:54:22,313 [grpc-default-executor-8] INFO  impl.RaftServerImpl (ServerState.java:setLeader(255)) - 91a1b220-aea4-4dd3-92cb-bba23af74008@group-EB005B711FC0: change Leader from null to 3933d80c-e8ff-4f72-bba7-02820fb600e2 at term 1 for appendEntries, leader elected after 5102ms
2019-10-02 17:54:22,314 [grpc-default-executor-9] INFO  impl.RaftServerImpl (ServerState.java:setLeader(255)) - b497eacb-55a3-4ffa-9375-3900e91065f4@group-EB005B711FC0: change Leader from null to 3933d80c-e8ff-4f72-bba7-02820fb600e2 at term 1 for appendEntries, leader elected after 5103ms
2019-10-02 17:54:22,314 [Thread-1524] INFO  impl.FollowerState (FollowerState.java:run(108)) - ae729cbd-7ce4-47be-ae44-f885f4c1fbd3@group-32BFC1E0B292-FollowerState: change to CANDIDATE, lastRpcTime:5034ms, electionTimeout:5034ms
2019-10-02 17:54:22,314 [Thread-1524] INFO  impl.RoleInfo (RoleInfo.java:shutdownFollowerState(121)) - ae729cbd-7ce4-47be-ae44-f885f4c1fbd3: shutdown FollowerState
2019-10-02 17:54:22,314 [Thread-1524] INFO  impl.RaftServerImpl (RaftServerImpl.java:setRole(170)) - ae729cbd-7ce4-47be-ae44-f885f4c1fbd3@group-32BFC1E0B292: changes role from  FOLLOWER to CANDIDATE at term 0 for changeToCandidate
2019-10-02 17:54:22,315 [Thread-1524] INFO  impl.RoleInfo (RoleInfo.java:updateAndGet(143)) - ae729cbd-7ce4-47be-ae44-f885f4c1fbd3: start LeaderElection
2019-10-02 17:54:22,343 [grpc-default-executor-9] INFO  impl.RaftServerImpl (ServerState.java:setRaftConf(356)) - 91a1b220-aea4-4dd3-92cb-bba23af74008@group-EB005B711FC0: set configuration 0: [91a1b220-aea4-4dd3-92cb-bba23af74008:192.168.151.72:35241, 3933d80c-e8ff-4f72-bba7-02820fb600e2:192.168.151.72:43322, b497eacb-55a3-4ffa-9375-3900e91065f4:192.168.151.72:45210], old=null at 0
2019-10-02 17:54:22,343 [grpc-default-executor-8] INFO  impl.RaftServerImpl (ServerState.java:setRaftConf(356)) - b497eacb-55a3-4ffa-9375-3900e91065f4@group-EB005B711FC0: set configuration 0: [91a1b220-aea4-4dd3-92cb-bba23af74008:192.168.151.72:35241, 3933d80c-e8ff-4f72-bba7-02820fb600e2:192.168.151.72:43322, b497eacb-55a3-4ffa-9375-3900e91065f4:192.168.151.72:45210], old=null at 0
2019-10-02 17:54:22,343 [grpc-default-executor-9] INFO  segmented.SegmentedRaftLogWorker (SegmentedRaftLogWorker.java:startLogSegment(385)) - 91a1b220-aea4-4dd3-92cb-bba23af74008@group-EB005B711FC0-SegmentedRaftLogWorker: Starting segment from index:0
2019-10-02 17:54:22,343 [grpc-default-executor-8] INFO  segmented.SegmentedRaftLogWorker (SegmentedRaftLogWorker.java:startLogSegment(385)) - b497eacb-55a3-4ffa-9375-3900e91065f4@group-EB005B711FC0-SegmentedRaftLogWorker: Starting segment from index:0
2019-10-02 17:54:22,351 [3933d80c-e8ff-4f72-bba7-02820fb600e2@group-EB005B711FC0-SegmentedRaftLogWorker] INFO  segmented.SegmentedRaftLogWorker (SegmentedRaftLogWorker.java:execute(574)) - 3933d80c-e8ff-4f72-bba7-02820fb600e2@group-EB005B711FC0-SegmentedRaftLogWorker: created new log segment /workdir/hadoop-ozone/integration-test/target/test-dir/MiniOzoneClusterImpl-65f8f4fe-1764-4468-9f48-37bf81c95b0d/datanode-1/data/ratis/7f186375-538e-4524-9d17-eb005b711fc0/current/log_inprogress_0
2019-10-02 17:54:22,351 [ae729cbd-7ce4-47be-ae44-f885f4c1fbd3@group-32BFC1E0B292-LeaderElection31] INFO  impl.LeaderElection (LeaderElection.java:askForVotes(178)) - ae729cbd-7ce4-47be-ae44-f885f4c1fbd3@group-32BFC1E0B292-LeaderElection31: begin an election at term 1 for -1: [ae729cbd-7ce4-47be-ae44-f885f4c1fbd3:192.168.151.72:36044, 4a0512f4-119f-4f66-8d84-cb92b75127d3:192.168.151.72:38519, b7323768-8f87-4fb6-921f-bc5aae8c9ceb:192.168.151.72:45619], old=null
2019-10-02 17:54:22,386 [grpc-default-executor-8] INFO  impl.RaftServerImpl (RaftServerImpl.java:setRole(170)) - b7323768-8f87-4fb6-921f-bc5aae8c9ceb@group-32BFC1E0B292: changes role from  FOLLOWER to FOLLOWER at term 1 for recognizeCandidate:ae729cbd-7ce4-47be-ae44-f885f4c1fbd3
2019-10-02 17:54:22,386 [grpc-default-executor-9] INFO  impl.RaftServerImpl (RaftServerImpl.java:setRole(170)) - 4a0512f4-119f-4f66-8d84-cb92b75127d3@group-32BFC1E0B292: changes role from  FOLLOWER to FOLLOWER at term 1 for recognizeCandidate:ae729cbd-7ce4-47be-ae44-f885f4c1fbd3
2019-10-02 17:54:22,386 [grpc-default-executor-8] INFO  impl.RoleInfo (RoleInfo.java:shutdownFollowerState(121)) - b7323768-8f87-4fb6-921f-bc5aae8c9ceb: shutdown FollowerState
2019-10-02 17:54:22,386 [grpc-default-executor-9] INFO  impl.RoleInfo (RoleInfo.java:shutdownFollowerState(121)) - 4a0512f4-119f-4f66-8d84-cb92b75127d3: shutdown FollowerState
2019-10-02 17:54:22,386 [Thread-1523] INFO  impl.FollowerState (FollowerState.java:run(117)) - b7323768-8f87-4fb6-921f-bc5aae8c9ceb@group-32BFC1E0B292-FollowerState was interrupted: java.lang.InterruptedException: sleep interrupted
2019-10-02 17:54:22,386 [grpc-default-executor-8] INFO  impl.RoleInfo (RoleInfo.java:updateAndGet(143)) - b7323768-8f87-4fb6-921f-bc5aae8c9ceb: start FollowerState
2019-10-02 17:54:22,387 [grpc-default-executor-9] INFO  impl.RoleInfo (RoleInfo.java:updateAndGet(143)) - 4a0512f4-119f-4f66-8d84-cb92b75127d3: start FollowerState
2019-10-02 17:54:22,387 [Thread-1525] INFO  impl.FollowerState (FollowerState.java:run(117)) - 4a0512f4-119f-4f66-8d84-cb92b75127d3@group-32BFC1E0B292-FollowerState was interrupted: java.lang.InterruptedException: sleep interrupted
2019-10-02 17:54:22,394 [b497eacb-55a3-4ffa-9375-3900e91065f4@group-EB005B711FC0-SegmentedRaftLogWorker] INFO  segmented.SegmentedRaftLogWorker (SegmentedRaftLogWorker.java:execute(574)) - b497eacb-55a3-4ffa-9375-3900e91065f4@group-EB005B711FC0-SegmentedRaftLogWorker: created new log segment /workdir/hadoop-ozone/integration-test/target/test-dir/MiniOzoneClusterImpl-65f8f4fe-1764-4468-9f48-37bf81c95b0d/datanode-0/data/ratis/7f186375-538e-4524-9d17-eb005b711fc0/current/log_inprogress_0
2019-10-02 17:54:22,394 [91a1b220-aea4-4dd3-92cb-bba23af74008@group-EB005B711FC0-SegmentedRaftLogWorker] INFO  segmented.SegmentedRaftLogWorker (SegmentedRaftLogWorker.java:execute(574)) - 91a1b220-aea4-4dd3-92cb-bba23af74008@group-EB005B711FC0-SegmentedRaftLogWorker: created new log segment /workdir/hadoop-ozone/integration-test/target/test-dir/MiniOzoneClusterImpl-65f8f4fe-1764-4468-9f48-37bf81c95b0d/datanode-4/data/ratis/7f186375-538e-4524-9d17-eb005b711fc0/current/log_inprogress_0
2019-10-02 17:54:22,397 [ae729cbd-7ce4-47be-ae44-f885f4c1fbd3@group-32BFC1E0B292-LeaderElection31] INFO  impl.LeaderElection (LeaderElection.java:logAndReturn(56)) - ae729cbd-7ce4-47be-ae44-f885f4c1fbd3@group-32BFC1E0B292-LeaderElection31: Election PASSED; received 1 response(s) [ae729cbd-7ce4-47be-ae44-f885f4c1fbd3<-b7323768-8f87-4fb6-921f-bc5aae8c9ceb#0:OK-t1] and 0 exception(s); ae729cbd-7ce4-47be-ae44-f885f4c1fbd3@group-32BFC1E0B292:t1, leader=null, voted=ae729cbd-7ce4-47be-ae44-f885f4c1fbd3, raftlog=ae729cbd-7ce4-47be-ae44-f885f4c1fbd3@group-32BFC1E0B292-SegmentedRaftLog:OPENED:c-1,f-1,i0, conf=-1: [ae729cbd-7ce4-47be-ae44-f885f4c1fbd3:192.168.151.72:36044, 4a0512f4-119f-4f66-8d84-cb92b75127d3:192.168.151.72:38519, b7323768-8f87-4fb6-921f-bc5aae8c9ceb:192.168.151.72:45619], old=null
2019-10-02 17:54:22,397 [ae729cbd-7ce4-47be-ae44-f885f4c1fbd3@group-32BFC1E0B292-LeaderElection31] INFO  impl.RoleInfo (RoleInfo.java:shutdownLeaderElection(134)) - ae729cbd-7ce4-47be-ae44-f885f4c1fbd3: shutdown LeaderElection
2019-10-02 17:54:22,397 [ae729cbd-7ce4-47be-ae44-f885f4c1fbd3@group-32BFC1E0B292-LeaderElection31] INFO  impl.RaftServerImpl (RaftServerImpl.java:setRole(170)) - ae729cbd-7ce4-47be-ae44-f885f4c1fbd3@group-32BFC1E0B292: changes role from CANDIDATE to LEADER at term 1 for changeToLeader
2019-10-02 17:54:22,397 [ae729cbd-7ce4-47be-ae44-f885f4c1fbd3@group-32BFC1E0B292-LeaderElection31] INFO  impl.RaftServerImpl (ServerState.java:setLeader(255)) - ae729cbd-7ce4-47be-ae44-f885f4c1fbd3@group-32BFC1E0B292: change Leader from null to ae729cbd-7ce4-47be-ae44-f885f4c1fbd3 at term 1 for becomeLeader, leader elected after 5125ms
2019-10-02 17:54:22,397 [ae729cbd-7ce4-47be-ae44-f885f4c1fbd3@group-32BFC1E0B292-LeaderElection31] INFO  server.RaftServerConfigKeys (ConfUtils.java:logGet(43)) - raft.server.staging.catchup.gap = 1000 (default)
2019-10-02 17:54:22,397 [ae729cbd-7ce4-47be-ae44-f885f4c1fbd3@group-32BFC1E0B292-LeaderElection31] INFO  server.RaftServerConfigKeys (ConfUtils.java:logGet(43)) - raft.server.rpc.sleep.time = 25ms (default)
2019-10-02 17:54:22,398 [ae729cbd-7ce4-47be-ae44-f885f4c1fbd3@group-32BFC1E0B292-LeaderElection31] INFO  server.RaftServerConfigKeys (ConfUtils.java:logGet(43)) - raft.server.write.element-limit = 4096 (default)
2019-10-02 17:54:22,398 [ae729cbd-7ce4-47be-ae44-f885f4c1fbd3@group-32BFC1E0B292-LeaderElection31] INFO  server.RaftServerConfigKeys (ConfUtils.java:logGet(43)) - raft.server.watch.timeout = 10s (default)
2019-10-02 17:54:22,398 [ae729cbd-7ce4-47be-ae44-f885f4c1fbd3@group-32BFC1E0B292-LeaderElection31] INFO  server.RaftServerConfigKeys (ConfUtils.java:logGet(43)) - raft.server.watch.timeout.denomination = 1s (default)
2019-10-02 17:54:22,398 [ae729cbd-7ce4-47be-ae44-f885f4c1fbd3@group-32BFC1E0B292-LeaderElection31] INFO  server.RaftServerConfigKeys (ConfUtils.java:logGet(43)) - raft.server.watch.element-limit = 65536 (default)
2019-10-02 17:54:22,400 [ae729cbd-7ce4-47be-ae44-f885f4c1fbd3@group-32BFC1E0B292-LeaderElection31] INFO  server.RaftServerConfigKeys (ConfUtils.java:logGet(43)) - raft.server.log.appender.snapshot.chunk.size.max = 16MB (=16777216) (default)
2019-10-02 17:54:22,400 [ae729cbd-7ce4-47be-ae44-f885f4c1fbd3@group-32BFC1E0B292-LeaderElection31] INFO  server.RaftServerConfigKeys (ConfUtils.java:logGet(43)) - raft.server.log.appender.buffer.byte-limit = 33554432 (custom)
2019-10-02 17:54:22,400 [ae729cbd-7ce4-47be-ae44-f885f4c1fbd3@group-32BFC1E0B292-LeaderElection31] INFO  server.RaftServerConfigKeys (ConfUtils.java:logGet(43)) - raft.server.log.appender.buffer.element-limit = 1 (custom)
2019-10-02 17:54:22,400 [ae729cbd-7ce4-47be-ae44-f885f4c1fbd3@group-32BFC1E0B292-LeaderElection31] INFO  grpc.GrpcConfigKeys$Server (ConfUtils.java:logGet(43)) - raft.grpc.server.leader.outstanding.appends.max = 128 (default)
2019-10-02 17:54:22,400 [ae729cbd-7ce4-47be-ae44-f885f4c1fbd3@group-32BFC1E0B292-LeaderElection31] INFO  server.RaftServerConfigKeys (ConfUtils.java:logGet(43)) - raft.server.rpc.request.timeout = 3000ms (default)
2019-10-02 17:54:22,400 [ae729cbd-7ce4-47be-ae44-f885f4c1fbd3@group-32BFC1E0B292-LeaderElection31] INFO  server.RaftServerConfigKeys (ConfUtils.java:logGet(43)) - raft.server.log.appender.install.snapshot.enabled = false (custom)
2019-10-02 17:54:22,401 [ae729cbd-7ce4-47be-ae44-f885f4c1fbd3@group-32BFC1E0B292-LeaderElection31] INFO  server.RaftServerConfigKeys (ConfUtils.java:logGet(43)) - raft.server.log.appender.snapshot.chunk.size.max = 16MB (=16777216) (default)
2019-10-02 17:54:22,401 [ae729cbd-7ce4-47be-ae44-f885f4c1fbd3@group-32BFC1E0B292-LeaderElection31] INFO  server.RaftServerConfigKeys (ConfUtils.java:logGet(43)) - raft.server.log.appender.buffer.byte-limit = 33554432 (custom)
2019-10-02 17:54:22,401 [ae729cbd-7ce4-47be-ae44-f885f4c1fbd3@group-32BFC1E0B292-LeaderElection31] INFO  server.RaftServerConfigKeys (ConfUtils.java:logGet(43)) - raft.server.log.appender.buffer.element-limit = 1 (custom)
2019-10-02 17:54:22,401 [ae729cbd-7ce4-47be-ae44-f885f4c1fbd3@group-32BFC1E0B292-LeaderElection31] INFO  grpc.GrpcConfigKeys$Server (ConfUtils.java:logGet(43)) - raft.grpc.server.leader.outstanding.appends.max = 128 (default)
2019-10-02 17:54:22,401 [ae729cbd-7ce4-47be-ae44-f885f4c1fbd3@group-32BFC1E0B292-LeaderElection31] INFO  server.RaftServerConfigKeys (ConfUtils.java:logGet(43)) - raft.server.rpc.request.timeout = 3000ms (default)
2019-10-02 17:54:22,401 [ae729cbd-7ce4-47be-ae44-f885f4c1fbd3@group-32BFC1E0B292-LeaderElection31] INFO  server.RaftServerConfigKeys (ConfUtils.java:logGet(43)) - raft.server.log.appender.install.snapshot.enabled = false (custom)
2019-10-02 17:54:22,402 [ae729cbd-7ce4-47be-ae44-f885f4c1fbd3@group-32BFC1E0B292-LeaderElection31] INFO  impl.RoleInfo (RoleInfo.java:updateAndGet(143)) - ae729cbd-7ce4-47be-ae44-f885f4c1fbd3: start LeaderState
2019-10-02 17:54:22,402 [ae729cbd-7ce4-47be-ae44-f885f4c1fbd3@group-32BFC1E0B292-LeaderElection31] INFO  segmented.SegmentedRaftLogWorker (SegmentedRaftLogWorker.java:startLogSegment(385)) - ae729cbd-7ce4-47be-ae44-f885f4c1fbd3@group-32BFC1E0B292-SegmentedRaftLogWorker: Starting segment from index:0
2019-10-02 17:54:22,403 [ae729cbd-7ce4-47be-ae44-f885f4c1fbd3@group-32BFC1E0B292-LeaderElection31] INFO  impl.RaftServerImpl (ServerState.java:setRaftConf(356)) - ae729cbd-7ce4-47be-ae44-f885f4c1fbd3@group-32BFC1E0B292: set configuration 0: [ae729cbd-7ce4-47be-ae44-f885f4c1fbd3:192.168.151.72:36044, 4a0512f4-119f-4f66-8d84-cb92b75127d3:192.168.151.72:38519, b7323768-8f87-4fb6-921f-bc5aae8c9ceb:192.168.151.72:45619], old=null at 0
2019-10-02 17:54:22,430 [grpc-default-executor-8] INFO  impl.RaftServerImpl (ServerState.java:setLeader(255)) - b7323768-8f87-4fb6-921f-bc5aae8c9ceb@group-32BFC1E0B292: change Leader from null to ae729cbd-7ce4-47be-ae44-f885f4c1fbd3 at term 1 for appendEntries, leader elected after 5158ms
2019-10-02 17:54:22,432 [grpc-default-executor-9] INFO  impl.RaftServerImpl (ServerState.java:setLeader(255)) - 4a0512f4-119f-4f66-8d84-cb92b75127d3@group-32BFC1E0B292: change Leader from null to ae729cbd-7ce4-47be-ae44-f885f4c1fbd3 at term 1 for appendEntries, leader elected after 5160ms
2019-10-02 17:54:22,439 [grpc-default-executor-8] INFO  impl.RaftServerImpl (ServerState.java:setRaftConf(356)) - b7323768-8f87-4fb6-921f-bc5aae8c9ceb@group-32BFC1E0B292: set configuration 0: [ae729cbd-7ce4-47be-ae44-f885f4c1fbd3:192.168.151.72:36044, 4a0512f4-119f-4f66-8d84-cb92b75127d3:192.168.151.72:38519, b7323768-8f87-4fb6-921f-bc5aae8c9ceb:192.168.151.72:45619], old=null at 0
2019-10-02 17:54:22,439 [grpc-default-executor-8] INFO  segmented.SegmentedRaftLogWorker (SegmentedRaftLogWorker.java:startLogSegment(385)) - b7323768-8f87-4fb6-921f-bc5aae8c9ceb@group-32BFC1E0B292-SegmentedRaftLogWorker: Starting segment from index:0
2019-10-02 17:54:22,439 [grpc-default-executor-9] INFO  impl.RaftServerImpl (ServerState.java:setRaftConf(356)) - 4a0512f4-119f-4f66-8d84-cb92b75127d3@group-32BFC1E0B292: set configuration 0: [ae729cbd-7ce4-47be-ae44-f885f4c1fbd3:192.168.151.72:36044, 4a0512f4-119f-4f66-8d84-cb92b75127d3:192.168.151.72:38519, b7323768-8f87-4fb6-921f-bc5aae8c9ceb:192.168.151.72:45619], old=null at 0
2019-10-02 17:54:22,440 [grpc-default-executor-9] INFO  segmented.SegmentedRaftLogWorker (SegmentedRaftLogWorker.java:startLogSegment(385)) - 4a0512f4-119f-4f66-8d84-cb92b75127d3@group-32BFC1E0B292-SegmentedRaftLogWorker: Starting segment from index:0
2019-10-02 17:54:22,441 [ae729cbd-7ce4-47be-ae44-f885f4c1fbd3@group-32BFC1E0B292-SegmentedRaftLogWorker] INFO  segmented.SegmentedRaftLogWorker (SegmentedRaftLogWorker.java:execute(574)) - ae729cbd-7ce4-47be-ae44-f885f4c1fbd3@group-32BFC1E0B292-SegmentedRaftLogWorker: created new log segment /workdir/hadoop-ozone/integration-test/target/test-dir/MiniOzoneClusterImpl-65f8f4fe-1764-4468-9f48-37bf81c95b0d/datanode-6/data/ratis/1e8526e5-dcf3-4d32-9886-32bfc1e0b292/current/log_inprogress_0
2019-10-02 17:54:22,477 [b7323768-8f87-4fb6-921f-bc5aae8c9ceb@group-32BFC1E0B292-SegmentedRaftLogWorker] INFO  segmented.SegmentedRaftLogWorker (SegmentedRaftLogWorker.java:execute(574)) - b7323768-8f87-4fb6-921f-bc5aae8c9ceb@group-32BFC1E0B292-SegmentedRaftLogWorker: created new log segment /workdir/hadoop-ozone/integration-test/target/test-dir/MiniOzoneClusterImpl-65f8f4fe-1764-4468-9f48-37bf81c95b0d/datanode-2/data/ratis/1e8526e5-dcf3-4d32-9886-32bfc1e0b292/current/log_inprogress_0
2019-10-02 17:54:22,477 [4a0512f4-119f-4f66-8d84-cb92b75127d3@group-32BFC1E0B292-SegmentedRaftLogWorker] INFO  segmented.SegmentedRaftLogWorker (SegmentedRaftLogWorker.java:execute(574)) - 4a0512f4-119f-4f66-8d84-cb92b75127d3@group-32BFC1E0B292-SegmentedRaftLogWorker: created new log segment /workdir/hadoop-ozone/integration-test/target/test-dir/MiniOzoneClusterImpl-65f8f4fe-1764-4468-9f48-37bf81c95b0d/datanode-3/data/ratis/1e8526e5-dcf3-4d32-9886-32bfc1e0b292/current/log_inprogress_0
2019-10-02 17:54:23,699 [pool-130-thread-1] ERROR impl.ChunkManagerImpl (ChunkUtils.java:writeData(89)) - data array does not match the length specified. DataLen: 100 Byte Array: 246
2019-10-02 17:54:23,699 [pool-130-thread-1] INFO  keyvalue.KeyValueHandler (ContainerUtils.java:logAndReturnError(146)) - Operation: WriteChunk : Trace ID: 47f47784f1fd271c:47f47784f1fd271c:0:0 : Message: data array does not match the length specified. DataLen: 100 Byte Array: 246 : Result: INVALID_WRITE_SIZE
17:54:23.721 [pool-130-thread-1] ERROR DNAudit - user=null | ip=null | op=WRITE_CHUNK {blockData=conID: 1 locID: 102894066603851781 bcsId: 0} | ret=FAILURE
java.lang.Exception: data array does not match the length specified. DataLen: 100 Byte Array: 246
	at org.apache.hadoop.ozone.container.common.impl.HddsDispatcher.dispatchRequest(HddsDispatcher.java:330) ~[hadoop-hdds-container-service-0.5.0-SNAPSHOT.jar:?]
	at org.apache.hadoop.ozone.container.common.impl.HddsDispatcher.dispatch(HddsDispatcher.java:150) ~[hadoop-hdds-container-service-0.5.0-SNAPSHOT.jar:?]
	at org.apache.hadoop.ozone.container.common.transport.server.ratis.ContainerStateMachine.dispatchCommand(ContainerStateMachine.java:411) ~[hadoop-hdds-container-service-0.5.0-SNAPSHOT.jar:?]
	at org.apache.hadoop.ozone.container.common.transport.server.ratis.ContainerStateMachine.runCommand(ContainerStateMachine.java:419) ~[hadoop-hdds-container-service-0.5.0-SNAPSHOT.jar:?]
	at org.apache.hadoop.ozone.container.common.transport.server.ratis.ContainerStateMachine.lambda$handleWriteChunk$1(ContainerStateMachine.java:454) ~[hadoop-hdds-container-service-0.5.0-SNAPSHOT.jar:?]
	at java.util.concurrent.CompletableFuture$AsyncSupply.run(CompletableFuture.java:1590) [?:1.8.0_212]
	at java.util.concurrent.ThreadPoolExecutor.runWorker(ThreadPoolExecutor.java:1149) [?:1.8.0_212]
	at java.util.concurrent.ThreadPoolExecutor$Worker.run(ThreadPoolExecutor.java:624) [?:1.8.0_212]
	at java.lang.Thread.run(Thread.java:748) [?:1.8.0_212]
2019-10-02 17:54:23,724 [EventQueue-IncrementalContainerReportForIncrementalContainerReportHandler] WARN  container.IncrementalContainerReportHandler (AbstractContainerReportHandler.java:updateContainerState(143)) - Container #1 is in OPEN state, but the datanode 3933d80c-e8ff-4f72-bba7-02820fb600e2{ip: 192.168.151.72, host: pr-trunk-fgz7f-2353921243, networkLocation: /default-rack, certSerialId: null} reports an UNHEALTHY replica.
2019-10-02 17:54:23,725 [pool-130-thread-1] ERROR ratis.ContainerStateMachine (ContainerStateMachine.java:lambda$handleWriteChunk$2(474)) - group-EB005B711FC0: writeChunk writeStateMachineData failed: blockIdcontainerID: 1
localID: 102894066603851781
blockCommitSequenceId: 0
 logIndex 7 chunkName 102894066603851781_chunk_1 Error message: data array does not match the length specified. DataLen: 100 Byte Array: 246 Container Result: INVALID_WRITE_SIZE
2019-10-02 17:54:23,729 [EventQueue-CloseContainerForCloseContainerEventHandler] INFO  container.CloseContainerEventHandler (CloseContainerEventHandler.java:onMessage(61)) - Close container Event triggered for container : #1
2019-10-02 17:54:23,731 [3933d80c-e8ff-4f72-bba7-02820fb600e2@group-EB005B711FC0-SegmentedRaftLogWorker] ERROR ratis.XceiverServerRatis (XceiverServerRatis.java:triggerPipelineClose(581)) - pipeline Action CLOSE  on pipeline PipelineID=7f186375-538e-4524-9d17-eb005b711fc0.Reason : data array does not match the length specified. DataLen: 100 Byte Array: 246
2019-10-02 17:54:23,731 [3933d80c-e8ff-4f72-bba7-02820fb600e2@group-EB005B711FC0-SegmentedRaftLogWorker] ERROR ratis.XceiverServerRatis (XceiverServerRatis.java:triggerPipelineClose(581)) - pipeline Action CLOSE  on pipeline PipelineID=7f186375-538e-4524-9d17-eb005b711fc0.Reason : Log already failed at index 7 for task WriteLog:7: (t:1, i:7), STATEMACHINELOGENTRY, client-6DF90C78B309, cid=87
2019-10-02 17:54:23,732 [EventQueue-PipelineActionsForPipelineActionHandler] ERROR pipeline.PipelineActionHandler (PipelineActionHandler.java:onMessage(60)) - Received pipeline action CLOSE for Pipeline[ Id: 7f186375-538e-4524-9d17-eb005b711fc0, Nodes: 91a1b220-aea4-4dd3-92cb-bba23af74008{ip: 192.168.151.72, host: pr-trunk-fgz7f-2353921243, networkLocation: /default-rack, certSerialId: null}3933d80c-e8ff-4f72-bba7-02820fb600e2{ip: 192.168.151.72, host: pr-trunk-fgz7f-2353921243, networkLocation: /default-rack, certSerialId: null}b497eacb-55a3-4ffa-9375-3900e91065f4{ip: 192.168.151.72, host: pr-trunk-fgz7f-2353921243, networkLocation: /default-rack, certSerialId: null}, Type:RATIS, Factor:THREE, State:OPEN] from datanode 3933d80c-e8ff-4f72-bba7-02820fb600e2{ip: 192.168.151.72, host: pr-trunk-fgz7f-2353921243, networkLocation: /default-rack, certSerialId: null}. Reason : data array does not match the length specified. DataLen: 100 Byte Array: 246
2019-10-02 17:54:23,732 [EventQueue-PipelineActionsForPipelineActionHandler] INFO  pipeline.SCMPipelineManager (SCMPipelineManager.java:finalizeAndDestroyPipeline(315)) - destroying pipeline:Pipeline[ Id: 7f186375-538e-4524-9d17-eb005b711fc0, Nodes: 91a1b220-aea4-4dd3-92cb-bba23af74008{ip: 192.168.151.72, host: pr-trunk-fgz7f-2353921243, networkLocation: /default-rack, certSerialId: null}3933d80c-e8ff-4f72-bba7-02820fb600e2{ip: 192.168.151.72, host: pr-trunk-fgz7f-2353921243, networkLocation: /default-rack, certSerialId: null}b497eacb-55a3-4ffa-9375-3900e91065f4{ip: 192.168.151.72, host: pr-trunk-fgz7f-2353921243, networkLocation: /default-rack, certSerialId: null}, Type:RATIS, Factor:THREE, State:OPEN]
2019-10-02 17:54:23,732 [EventQueue-PipelineActionsForPipelineActionHandler] INFO  pipeline.PipelineStateManager (PipelineStateManager.java:finalizePipeline(123)) - Pipeline Pipeline[ Id: 7f186375-538e-4524-9d17-eb005b711fc0, Nodes: 91a1b220-aea4-4dd3-92cb-bba23af74008{ip: 192.168.151.72, host: pr-trunk-fgz7f-2353921243, networkLocation: /default-rack, certSerialId: null}3933d80c-e8ff-4f72-bba7-02820fb600e2{ip: 192.168.151.72, host: pr-trunk-fgz7f-2353921243, networkLocation: /default-rack, certSerialId: null}b497eacb-55a3-4ffa-9375-3900e91065f4{ip: 192.168.151.72, host: pr-trunk-fgz7f-2353921243, networkLocation: /default-rack, certSerialId: null}, Type:RATIS, Factor:THREE, State:CLOSED] moved to CLOSED state
2019-10-02 17:54:23,732 [EventQueue-CloseContainerForCloseContainerEventHandler] INFO  container.CloseContainerEventHandler (CloseContainerEventHandler.java:onMessage(61)) - Close container Event triggered for container : #2
2019-10-02 17:54:23,734 [EventQueue-CloseContainerForCloseContainerEventHandler] INFO  container.CloseContainerEventHandler (CloseContainerEventHandler.java:onMessage(61)) - Close container Event triggered for container : #4
2019-10-02 17:54:23,734 [EventQueue-PipelineActionsForPipelineActionHandler] ERROR pipeline.PipelineActionHandler (PipelineActionHandler.java:onMessage(60)) - Received pipeline action CLOSE for Pipeline[ Id: 7f186375-538e-4524-9d17-eb005b711fc0, Nodes: 91a1b220-aea4-4dd3-92cb-bba23af74008{ip: 192.168.151.72, host: pr-trunk-fgz7f-2353921243, networkLocation: /default-rack, certSerialId: null}3933d80c-e8ff-4f72-bba7-02820fb600e2{ip: 192.168.151.72, host: pr-trunk-fgz7f-2353921243, networkLocation: /default-rack, certSerialId: null}b497eacb-55a3-4ffa-9375-3900e91065f4{ip: 192.168.151.72, host: pr-trunk-fgz7f-2353921243, networkLocation: /default-rack, certSerialId: null}, Type:RATIS, Factor:THREE, State:CLOSED] from datanode 3933d80c-e8ff-4f72-bba7-02820fb600e2{ip: 192.168.151.72, host: pr-trunk-fgz7f-2353921243, networkLocation: /default-rack, certSerialId: null}. Reason : Log already failed at index 7 for task WriteLog:7: (t:1, i:7), STATEMACHINELOGENTRY, client-6DF90C78B309, cid=87
2019-10-02 17:54:23,736 [EventQueue-PipelineActionsForPipelineActionHandler] INFO  pipeline.SCMPipelineManager (SCMPipelineManager.java:finalizeAndDestroyPipeline(315)) - destroying pipeline:Pipeline[ Id: 7f186375-538e-4524-9d17-eb005b711fc0, Nodes: 91a1b220-aea4-4dd3-92cb-bba23af74008{ip: 192.168.151.72, host: pr-trunk-fgz7f-2353921243, networkLocation: /default-rack, certSerialId: null}3933d80c-e8ff-4f72-bba7-02820fb600e2{ip: 192.168.151.72, host: pr-trunk-fgz7f-2353921243, networkLocation: /default-rack, certSerialId: null}b497eacb-55a3-4ffa-9375-3900e91065f4{ip: 192.168.151.72, host: pr-trunk-fgz7f-2353921243, networkLocation: /default-rack, certSerialId: null}, Type:RATIS, Factor:THREE, State:CLOSED]
2019-10-02 17:54:25,439 [Command processor thread] ERROR commandhandler.CloseContainerCommandHandler (CloseContainerCommandHandler.java:handle(125)) - Can't close container #2
java.io.IOException: java.lang.IndexOutOfBoundsException: End index: 135336452 >= 46
	at org.apache.hadoop.ozone.container.common.transport.server.ratis.XceiverServerRatis.submitRequest(XceiverServerRatis.java:508)
	at org.apache.hadoop.ozone.container.common.statemachine.commandhandler.CloseContainerCommandHandler.handle(CloseContainerCommandHandler.java:102)
	at org.apache.hadoop.ozone.container.common.statemachine.commandhandler.CommandDispatcher.handle(CommandDispatcher.java:99)
	at org.apache.hadoop.ozone.container.common.statemachine.DatanodeStateMachine.lambda$initCommandHandlerThread$1(DatanodeStateMachine.java:432)
	at java.lang.Thread.run(Thread.java:748)
Caused by: java.util.concurrent.ExecutionException: java.lang.IndexOutOfBoundsException: End index: 135336452 >= 46
	at java.util.concurrent.CompletableFuture.reportGet(CompletableFuture.java:357)
	at java.util.concurrent.CompletableFuture.get(CompletableFuture.java:1895)
	at org.apache.hadoop.ozone.container.common.transport.server.ratis.XceiverServerRatis.submitRequest(XceiverServerRatis.java:506)
	... 4 more
Caused by: java.lang.IndexOutOfBoundsException: End index: 135336452 >= 46
	at org.apache.ratis.thirdparty.com.google.protobuf.ByteString.checkRange(ByteString.java:1233)
	at org.apache.ratis.thirdparty.com.google.protobuf.ByteString$LiteralByteString.substring(ByteString.java:1288)
	at org.apache.hadoop.hdds.ratis.ContainerCommandRequestMessage.toProto(ContainerCommandRequestMessage.java:64)
	at org.apache.hadoop.ozone.container.common.transport.server.ratis.ContainerStateMachine.message2ContainerCommandRequestProto(ContainerStateMachine.java:389)
	at org.apache.hadoop.ozone.container.common.transport.server.ratis.ContainerStateMachine.startTransaction(ContainerStateMachine.java:317)
	at org.apache.ratis.server.impl.RaftServerImpl.submitClientRequestAsync(RaftServerImpl.java:569)
	at org.apache.ratis.server.impl.RaftServerProxy.lambda$submitClientRequestAsync$7(RaftServerProxy.java:333)
	at org.apache.ratis.server.impl.RaftServerProxy.lambda$null$5(RaftServerProxy.java:328)
	at org.apache.ratis.util.JavaUtils.callAsUnchecked(JavaUtils.java:109)
	at org.apache.ratis.server.impl.RaftServerProxy.lambda$submitRequest$6(RaftServerProxy.java:328)
	at java.util.concurrent.CompletableFuture.uniComposeStage(CompletableFuture.java:981)
	at java.util.concurrent.CompletableFuture.thenCompose(CompletableFuture.java:2124)
	at org.apache.ratis.server.impl.RaftServerProxy.submitRequest(RaftServerProxy.java:327)
	at org.apache.ratis.server.impl.RaftServerProxy.submitClientRequestAsync(RaftServerProxy.java:333)
	... 5 more
2019-10-02 17:54:25,459 [Command processor thread] ERROR commandhandler.CloseContainerCommandHandler (CloseContainerCommandHandler.java:handle(125)) - Can't close container #4
java.io.IOException: java.lang.IndexOutOfBoundsException: End index: 135336452 >= 46
	at org.apache.hadoop.ozone.container.common.transport.server.ratis.XceiverServerRatis.submitRequest(XceiverServerRatis.java:508)
	at org.apache.hadoop.ozone.container.common.statemachine.commandhandler.CloseContainerCommandHandler.handle(CloseContainerCommandHandler.java:102)
	at org.apache.hadoop.ozone.container.common.statemachine.commandhandler.CommandDispatcher.handle(CommandDispatcher.java:99)
	at org.apache.hadoop.ozone.container.common.statemachine.DatanodeStateMachine.lambda$initCommandHandlerThread$1(DatanodeStateMachine.java:432)
	at java.lang.Thread.run(Thread.java:748)
Caused by: java.util.concurrent.ExecutionException: java.lang.IndexOutOfBoundsException: End index: 135336452 >= 46
	at java.util.concurrent.CompletableFuture.reportGet(CompletableFuture.java:357)
	at java.util.concurrent.CompletableFuture.get(CompletableFuture.java:1895)
	at org.apache.hadoop.ozone.container.common.transport.server.ratis.XceiverServerRatis.submitRequest(XceiverServerRatis.java:506)
	... 4 more
Caused by: java.lang.IndexOutOfBoundsException: End index: 135336452 >= 46
	at org.apache.ratis.thirdparty.com.google.protobuf.ByteString.checkRange(ByteString.java:1233)
	at org.apache.ratis.thirdparty.com.google.protobuf.ByteString$LiteralByteString.substring(ByteString.java:1288)
	at org.apache.hadoop.hdds.ratis.ContainerCommandRequestMessage.toProto(ContainerCommandRequestMessage.java:64)
	at org.apache.hadoop.ozone.container.common.transport.server.ratis.ContainerStateMachine.message2ContainerCommandRequestProto(ContainerStateMachine.java:389)
	at org.apache.hadoop.ozone.container.common.transport.server.ratis.ContainerStateMachine.startTransaction(ContainerStateMachine.java:317)
	at org.apache.ratis.server.impl.RaftServerImpl.submitClientRequestAsync(RaftServerImpl.java:569)
	at org.apache.ratis.server.impl.RaftServerProxy.lambda$submitClientRequestAsync$7(RaftServerProxy.java:333)
	at org.apache.ratis.server.impl.RaftServerProxy.lambda$null$5(RaftServerProxy.java:328)
	at org.apache.ratis.util.JavaUtils.callAsUnchecked(JavaUtils.java:109)
	at org.apache.ratis.server.impl.RaftServerProxy.lambda$submitRequest$6(RaftServerProxy.java:328)
	at java.util.concurrent.CompletableFuture.uniComposeStage(CompletableFuture.java:981)
	at java.util.concurrent.CompletableFuture.thenCompose(CompletableFuture.java:2124)
	at org.apache.ratis.server.impl.RaftServerProxy.submitRequest(RaftServerProxy.java:327)
	at org.apache.ratis.server.impl.RaftServerProxy.submitClientRequestAsync(RaftServerProxy.java:333)
	... 5 more
2019-10-02 17:54:26,705 [java.util.concurrent.ThreadPoolExecutor$Worker@1425517f[State = -1, empty queue]] ERROR client.GrpcClientProtocolClient (GrpcClientProtocolClient.java:close(148)) - Unexpected exception while waiting for channel termination
java.lang.InterruptedException
	at java.util.concurrent.locks.AbstractQueuedSynchronizer.tryAcquireSharedNanos(AbstractQueuedSynchronizer.java:1326)
	at java.util.concurrent.CountDownLatch.await(CountDownLatch.java:277)
	at org.apache.ratis.thirdparty.io.grpc.internal.ManagedChannelImpl.awaitTermination(ManagedChannelImpl.java:763)
	at org.apache.ratis.thirdparty.io.grpc.internal.ForwardingManagedChannel.awaitTermination(ForwardingManagedChannel.java:57)
	at org.apache.ratis.thirdparty.io.grpc.internal.ManagedChannelOrphanWrapper.awaitTermination(ManagedChannelOrphanWrapper.java:70)
	at org.apache.ratis.grpc.client.GrpcClientProtocolClient.close(GrpcClientProtocolClient.java:146)
	at org.apache.ratis.util.PeerProxyMap$PeerAndProxy.lambda$close$1(PeerProxyMap.java:74)
	at org.apache.ratis.util.LifeCycle.lambda$checkStateAndClose$2(LifeCycle.java:231)
	at org.apache.ratis.util.LifeCycle.checkStateAndClose(LifeCycle.java:251)
	at org.apache.ratis.util.LifeCycle.checkStateAndClose(LifeCycle.java:229)
	at org.apache.ratis.util.PeerProxyMap$PeerAndProxy.close(PeerProxyMap.java:70)
	at org.apache.ratis.util.PeerProxyMap.resetProxy(PeerProxyMap.java:127)
	at org.apache.ratis.util.PeerProxyMap.handleException(PeerProxyMap.java:136)
	at org.apache.ratis.client.impl.RaftClientRpcWithProxy.handleException(RaftClientRpcWithProxy.java:47)
	at org.apache.ratis.client.impl.RaftClientImpl.handleIOException(RaftClientImpl.java:372)
	at org.apache.ratis.client.impl.OrderedAsync.lambda$sendRequest$10(OrderedAsync.java:236)
	at java.util.concurrent.CompletableFuture.uniExceptionally(CompletableFuture.java:870)
	at java.util.concurrent.CompletableFuture$UniExceptionally.tryFire(CompletableFuture.java:852)
	at java.util.concurrent.CompletableFuture.postComplete(CompletableFuture.java:474)
	at java.util.concurrent.CompletableFuture.completeExceptionally(CompletableFuture.java:1977)
	at org.apache.ratis.grpc.client.GrpcClientProtocolClient$AsyncStreamObservers.lambda$timeoutCheck$3(GrpcClientProtocolClient.java:324)
	at java.util.Optional.ifPresent(Optional.java:159)
	at org.apache.ratis.grpc.client.GrpcClientProtocolClient$AsyncStreamObservers.handleReplyFuture(GrpcClientProtocolClient.java:329)
	at org.apache.ratis.grpc.client.GrpcClientProtocolClient$AsyncStreamObservers.timeoutCheck(GrpcClientProtocolClient.java:324)
	at org.apache.ratis.grpc.client.GrpcClientProtocolClient$AsyncStreamObservers.lambda$onNext$1(GrpcClientProtocolClient.java:318)
	at org.apache.ratis.util.TimeoutScheduler.lambda$onTimeout$0(TimeoutScheduler.java:113)
	at org.apache.ratis.util.TimeoutScheduler.lambda$onTimeout$1(TimeoutScheduler.java:133)
	at org.apache.ratis.util.LogUtils.runAndLog(LogUtils.java:50)
	at org.apache.ratis.util.LogUtils$1.run(LogUtils.java:91)
	at java.util.concurrent.Executors$RunnableAdapter.call(Executors.java:511)
	at java.util.concurrent.FutureTask.run(FutureTask.java:266)
	at java.util.concurrent.ScheduledThreadPoolExecutor$ScheduledFutureTask.access$201(ScheduledThreadPoolExecutor.java:180)
	at java.util.concurrent.ScheduledThreadPoolExecutor$ScheduledFutureTask.run(ScheduledThreadPoolExecutor.java:293)
	at java.util.concurrent.ThreadPoolExecutor.runWorker(ThreadPoolExecutor.java:1149)
	at java.util.concurrent.ThreadPoolExecutor$Worker.run(ThreadPoolExecutor.java:624)
	at java.lang.Thread.run(Thread.java:748)
2019-10-02 17:54:26,708 [java.util.concurrent.ThreadPoolExecutor$Worker@1425517f[State = -1, empty queue]] WARN  util.TimeoutScheduler (LogUtils.java:runAndLog(55)) - Failed to task #0: java.lang.NullPointerException
2019-10-02 17:54:30,745 [java.util.concurrent.ThreadPoolExecutor$Worker@7044b683[State = -1, empty queue]] ERROR client.GrpcClientProtocolClient (GrpcClientProtocolClient.java:close(148)) - Unexpected exception while waiting for channel termination
java.lang.InterruptedException
	at java.util.concurrent.locks.AbstractQueuedSynchronizer.tryAcquireSharedNanos(AbstractQueuedSynchronizer.java:1326)
	at java.util.concurrent.CountDownLatch.await(CountDownLatch.java:277)
	at org.apache.ratis.thirdparty.io.grpc.internal.ManagedChannelImpl.awaitTermination(ManagedChannelImpl.java:763)
	at org.apache.ratis.thirdparty.io.grpc.internal.ForwardingManagedChannel.awaitTermination(ForwardingManagedChannel.java:57)
	at org.apache.ratis.thirdparty.io.grpc.internal.ManagedChannelOrphanWrapper.awaitTermination(ManagedChannelOrphanWrapper.java:70)
	at org.apache.ratis.grpc.client.GrpcClientProtocolClient.close(GrpcClientProtocolClient.java:146)
	at org.apache.ratis.util.PeerProxyMap$PeerAndProxy.lambda$close$1(PeerProxyMap.java:74)
	at org.apache.ratis.util.LifeCycle.lambda$checkStateAndClose$2(LifeCycle.java:231)
	at org.apache.ratis.util.LifeCycle.checkStateAndClose(LifeCycle.java:251)
	at org.apache.ratis.util.LifeCycle.checkStateAndClose(LifeCycle.java:229)
	at org.apache.ratis.util.PeerProxyMap$PeerAndProxy.close(PeerProxyMap.java:70)
	at org.apache.ratis.util.PeerProxyMap.resetProxy(PeerProxyMap.java:127)
	at org.apache.ratis.util.PeerProxyMap.handleException(PeerProxyMap.java:136)
	at org.apache.ratis.client.impl.RaftClientRpcWithProxy.handleException(RaftClientRpcWithProxy.java:47)
	at org.apache.ratis.client.impl.RaftClientImpl.handleIOException(RaftClientImpl.java:372)
	at org.apache.ratis.client.impl.OrderedAsync.lambda$sendRequest$10(OrderedAsync.java:236)
	at java.util.concurrent.CompletableFuture.uniExceptionally(CompletableFuture.java:870)
	at java.util.concurrent.CompletableFuture$UniExceptionally.tryFire(CompletableFuture.java:852)
	at java.util.concurrent.CompletableFuture.postComplete(CompletableFuture.java:474)
	at java.util.concurrent.CompletableFuture.completeExceptionally(CompletableFuture.java:1977)
	at org.apache.ratis.grpc.client.GrpcClientProtocolClient$AsyncStreamObservers.lambda$timeoutCheck$3(GrpcClientProtocolClient.java:324)
	at java.util.Optional.ifPresent(Optional.java:159)
	at org.apache.ratis.grpc.client.GrpcClientProtocolClient$AsyncStreamObservers.handleReplyFuture(GrpcClientProtocolClient.java:329)
	at org.apache.ratis.grpc.client.GrpcClientProtocolClient$AsyncStreamObservers.timeoutCheck(GrpcClientProtocolClient.java:324)
	at org.apache.ratis.grpc.client.GrpcClientProtocolClient$AsyncStreamObservers.lambda$onNext$1(GrpcClientProtocolClient.java:318)
	at org.apache.ratis.util.TimeoutScheduler.lambda$onTimeout$0(TimeoutScheduler.java:113)
	at org.apache.ratis.util.TimeoutScheduler.lambda$onTimeout$1(TimeoutScheduler.java:133)
	at org.apache.ratis.util.LogUtils.runAndLog(LogUtils.java:50)
	at org.apache.ratis.util.LogUtils$1.run(LogUtils.java:91)
	at java.util.concurrent.Executors$RunnableAdapter.call(Executors.java:511)
	at java.util.concurrent.FutureTask.run(FutureTask.java:266)
	at java.util.concurrent.ScheduledThreadPoolExecutor$ScheduledFutureTask.access$201(ScheduledThreadPoolExecutor.java:180)
	at java.util.concurrent.ScheduledThreadPoolExecutor$ScheduledFutureTask.run(ScheduledThreadPoolExecutor.java:293)
	at java.util.concurrent.ThreadPoolExecutor.runWorker(ThreadPoolExecutor.java:1149)
	at java.util.concurrent.ThreadPoolExecutor$Worker.run(ThreadPoolExecutor.java:624)
	at java.lang.Thread.run(Thread.java:748)
2019-10-02 17:54:30,746 [java.util.concurrent.ThreadPoolExecutor$Worker@7044b683[State = -1, empty queue]] WARN  util.TimeoutScheduler (LogUtils.java:runAndLog(55)) - Failed to task #0: java.lang.NullPointerException
2019-10-02 17:54:34,784 [java.util.concurrent.ThreadPoolExecutor$Worker@6f1a30c[State = -1, empty queue]] ERROR client.GrpcClientProtocolClient (GrpcClientProtocolClient.java:close(148)) - Unexpected exception while waiting for channel termination
java.lang.InterruptedException
	at java.util.concurrent.locks.AbstractQueuedSynchronizer.tryAcquireSharedNanos(AbstractQueuedSynchronizer.java:1326)
	at java.util.concurrent.CountDownLatch.await(CountDownLatch.java:277)
	at org.apache.ratis.thirdparty.io.grpc.internal.ManagedChannelImpl.awaitTermination(ManagedChannelImpl.java:763)
	at org.apache.ratis.thirdparty.io.grpc.internal.ForwardingManagedChannel.awaitTermination(ForwardingManagedChannel.java:57)
	at org.apache.ratis.thirdparty.io.grpc.internal.ManagedChannelOrphanWrapper.awaitTermination(ManagedChannelOrphanWrapper.java:70)
	at org.apache.ratis.grpc.client.GrpcClientProtocolClient.close(GrpcClientProtocolClient.java:146)
	at org.apache.ratis.util.PeerProxyMap$PeerAndProxy.lambda$close$1(PeerProxyMap.java:74)
	at org.apache.ratis.util.LifeCycle.lambda$checkStateAndClose$2(LifeCycle.java:231)
	at org.apache.ratis.util.LifeCycle.checkStateAndClose(LifeCycle.java:251)
	at org.apache.ratis.util.LifeCycle.checkStateAndClose(LifeCycle.java:229)
	at org.apache.ratis.util.PeerProxyMap$PeerAndProxy.close(PeerProxyMap.java:70)
	at org.apache.ratis.util.PeerProxyMap.resetProxy(PeerProxyMap.java:127)
	at org.apache.ratis.util.PeerProxyMap.handleException(PeerProxyMap.java:136)
	at org.apache.ratis.client.impl.RaftClientRpcWithProxy.handleException(RaftClientRpcWithProxy.java:47)
	at org.apache.ratis.client.impl.RaftClientImpl.handleIOException(RaftClientImpl.java:372)
	at org.apache.ratis.client.impl.OrderedAsync.lambda$sendRequest$10(OrderedAsync.java:236)
	at java.util.concurrent.CompletableFuture.uniExceptionally(CompletableFuture.java:870)
	at java.util.concurrent.CompletableFuture$UniExceptionally.tryFire(CompletableFuture.java:852)
	at java.util.concurrent.CompletableFuture.postComplete(CompletableFuture.java:474)
	at java.util.concurrent.CompletableFuture.completeExceptionally(CompletableFuture.java:1977)
	at org.apache.ratis.grpc.client.GrpcClientProtocolClient$AsyncStreamObservers.lambda$timeoutCheck$3(GrpcClientProtocolClient.java:324)
	at java.util.Optional.ifPresent(Optional.java:159)
	at org.apache.ratis.grpc.client.GrpcClientProtocolClient$AsyncStreamObservers.handleReplyFuture(GrpcClientProtocolClient.java:329)
	at org.apache.ratis.grpc.client.GrpcClientProtocolClient$AsyncStreamObservers.timeoutCheck(GrpcClientProtocolClient.java:324)
	at org.apache.ratis.grpc.client.GrpcClientProtocolClient$AsyncStreamObservers.lambda$onNext$1(GrpcClientProtocolClient.java:318)
	at org.apache.ratis.util.TimeoutScheduler.lambda$onTimeout$0(TimeoutScheduler.java:113)
	at org.apache.ratis.util.TimeoutScheduler.lambda$onTimeout$1(TimeoutScheduler.java:133)
	at org.apache.ratis.util.LogUtils.runAndLog(LogUtils.java:50)
	at org.apache.ratis.util.LogUtils$1.run(LogUtils.java:91)
	at java.util.concurrent.Executors$RunnableAdapter.call(Executors.java:511)
	at java.util.concurrent.FutureTask.run(FutureTask.java:266)
	at java.util.concurrent.ScheduledThreadPoolExecutor$ScheduledFutureTask.access$201(ScheduledThreadPoolExecutor.java:180)
	at java.util.concurrent.ScheduledThreadPoolExecutor$ScheduledFutureTask.run(ScheduledThreadPoolExecutor.java:293)
	at java.util.concurrent.ThreadPoolExecutor.runWorker(ThreadPoolExecutor.java:1149)
	at java.util.concurrent.ThreadPoolExecutor$Worker.run(ThreadPoolExecutor.java:624)
	at java.lang.Thread.run(Thread.java:748)
2019-10-02 17:54:34,790 [java.util.concurrent.ThreadPoolExecutor$Worker@6f1a30c[State = -1, empty queue]] WARN  util.TimeoutScheduler (LogUtils.java:runAndLog(55)) - Failed to task #0: java.lang.NullPointerException
2019-10-02 17:54:38,831 [java.util.concurrent.ThreadPoolExecutor$Worker@7bceda77[State = -1, empty queue]] ERROR client.GrpcClientProtocolClient (GrpcClientProtocolClient.java:close(148)) - Unexpected exception while waiting for channel termination
java.lang.InterruptedException
	at java.util.concurrent.locks.AbstractQueuedSynchronizer.tryAcquireSharedNanos(AbstractQueuedSynchronizer.java:1326)
	at java.util.concurrent.CountDownLatch.await(CountDownLatch.java:277)
	at org.apache.ratis.thirdparty.io.grpc.internal.ManagedChannelImpl.awaitTermination(ManagedChannelImpl.java:763)
	at org.apache.ratis.thirdparty.io.grpc.internal.ForwardingManagedChannel.awaitTermination(ForwardingManagedChannel.java:57)
	at org.apache.ratis.thirdparty.io.grpc.internal.ManagedChannelOrphanWrapper.awaitTermination(ManagedChannelOrphanWrapper.java:70)
	at org.apache.ratis.grpc.client.GrpcClientProtocolClient.close(GrpcClientProtocolClient.java:146)
	at org.apache.ratis.util.PeerProxyMap$PeerAndProxy.lambda$close$1(PeerProxyMap.java:74)
	at org.apache.ratis.util.LifeCycle.lambda$checkStateAndClose$2(LifeCycle.java:231)
	at org.apache.ratis.util.LifeCycle.checkStateAndClose(LifeCycle.java:251)
	at org.apache.ratis.util.LifeCycle.checkStateAndClose(LifeCycle.java:229)
	at org.apache.ratis.util.PeerProxyMap$PeerAndProxy.close(PeerProxyMap.java:70)
	at org.apache.ratis.util.PeerProxyMap.resetProxy(PeerProxyMap.java:127)
	at org.apache.ratis.util.PeerProxyMap.handleException(PeerProxyMap.java:136)
	at org.apache.ratis.client.impl.RaftClientRpcWithProxy.handleException(RaftClientRpcWithProxy.java:47)
	at org.apache.ratis.client.impl.RaftClientImpl.handleIOException(RaftClientImpl.java:372)
	at org.apache.ratis.client.impl.OrderedAsync.lambda$sendRequest$10(OrderedAsync.java:236)
	at java.util.concurrent.CompletableFuture.uniExceptionally(CompletableFuture.java:870)
	at java.util.concurrent.CompletableFuture$UniExceptionally.tryFire(CompletableFuture.java:852)
	at java.util.concurrent.CompletableFuture.postComplete(CompletableFuture.java:474)
	at java.util.concurrent.CompletableFuture.completeExceptionally(CompletableFuture.java:1977)
	at org.apache.ratis.grpc.client.GrpcClientProtocolClient$AsyncStreamObservers.lambda$timeoutCheck$3(GrpcClientProtocolClient.java:324)
	at java.util.Optional.ifPresent(Optional.java:159)
	at org.apache.ratis.grpc.client.GrpcClientProtocolClient$AsyncStreamObservers.handleReplyFuture(GrpcClientProtocolClient.java:329)
	at org.apache.ratis.grpc.client.GrpcClientProtocolClient$AsyncStreamObservers.timeoutCheck(GrpcClientProtocolClient.java:324)
	at org.apache.ratis.grpc.client.GrpcClientProtocolClient$AsyncStreamObservers.lambda$onNext$1(GrpcClientProtocolClient.java:318)
	at org.apache.ratis.util.TimeoutScheduler.lambda$onTimeout$0(TimeoutScheduler.java:113)
	at org.apache.ratis.util.TimeoutScheduler.lambda$onTimeout$1(TimeoutScheduler.java:133)
	at org.apache.ratis.util.LogUtils.runAndLog(LogUtils.java:50)
	at org.apache.ratis.util.LogUtils$1.run(LogUtils.java:91)
	at java.util.concurrent.Executors$RunnableAdapter.call(Executors.java:511)
	at java.util.concurrent.FutureTask.run(FutureTask.java:266)
	at java.util.concurrent.ScheduledThreadPoolExecutor$ScheduledFutureTask.access$201(ScheduledThreadPoolExecutor.java:180)
	at java.util.concurrent.ScheduledThreadPoolExecutor$ScheduledFutureTask.run(ScheduledThreadPoolExecutor.java:293)
	at java.util.concurrent.ThreadPoolExecutor.runWorker(ThreadPoolExecutor.java:1149)
	at java.util.concurrent.ThreadPoolExecutor$Worker.run(ThreadPoolExecutor.java:624)
	at java.lang.Thread.run(Thread.java:748)
2019-10-02 17:54:38,833 [java.util.concurrent.ThreadPoolExecutor$Worker@7bceda77[State = -1, empty queue]] WARN  util.TimeoutScheduler (LogUtils.java:runAndLog(55)) - Failed to task #0: java.lang.NullPointerException
2019-10-02 17:54:42,873 [java.util.concurrent.ThreadPoolExecutor$Worker@9ca93ad[State = -1, empty queue]] ERROR client.GrpcClientProtocolClient (GrpcClientProtocolClient.java:close(148)) - Unexpected exception while waiting for channel termination
java.lang.InterruptedException
	at java.util.concurrent.locks.AbstractQueuedSynchronizer.tryAcquireSharedNanos(AbstractQueuedSynchronizer.java:1326)
	at java.util.concurrent.CountDownLatch.await(CountDownLatch.java:277)
	at org.apache.ratis.thirdparty.io.grpc.internal.ManagedChannelImpl.awaitTermination(ManagedChannelImpl.java:763)
	at org.apache.ratis.thirdparty.io.grpc.internal.ForwardingManagedChannel.awaitTermination(ForwardingManagedChannel.java:57)
	at org.apache.ratis.thirdparty.io.grpc.internal.ManagedChannelOrphanWrapper.awaitTermination(ManagedChannelOrphanWrapper.java:70)
	at org.apache.ratis.grpc.client.GrpcClientProtocolClient.close(GrpcClientProtocolClient.java:146)
	at org.apache.ratis.util.PeerProxyMap$PeerAndProxy.lambda$close$1(PeerProxyMap.java:74)
	at org.apache.ratis.util.LifeCycle.lambda$checkStateAndClose$2(LifeCycle.java:231)
	at org.apache.ratis.util.LifeCycle.checkStateAndClose(LifeCycle.java:251)
	at org.apache.ratis.util.LifeCycle.checkStateAndClose(LifeCycle.java:229)
	at org.apache.ratis.util.PeerProxyMap$PeerAndProxy.close(PeerProxyMap.java:70)
	at org.apache.ratis.util.PeerProxyMap.resetProxy(PeerProxyMap.java:127)
	at org.apache.ratis.util.PeerProxyMap.handleException(PeerProxyMap.java:136)
	at org.apache.ratis.client.impl.RaftClientRpcWithProxy.handleException(RaftClientRpcWithProxy.java:47)
	at org.apache.ratis.client.impl.RaftClientImpl.handleIOException(RaftClientImpl.java:372)
	at org.apache.ratis.client.impl.OrderedAsync.lambda$sendRequest$10(OrderedAsync.java:236)
	at java.util.concurrent.CompletableFuture.uniExceptionally(CompletableFuture.java:870)
	at java.util.concurrent.CompletableFuture$UniExceptionally.tryFire(CompletableFuture.java:852)
	at java.util.concurrent.CompletableFuture.postComplete(CompletableFuture.java:474)
	at java.util.concurrent.CompletableFuture.completeExceptionally(CompletableFuture.java:1977)
	at org.apache.ratis.grpc.client.GrpcClientProtocolClient$AsyncStreamObservers.lambda$timeoutCheck$3(GrpcClientProtocolClient.java:324)
	at java.util.Optional.ifPresent(Optional.java:159)
	at org.apache.ratis.grpc.client.GrpcClientProtocolClient$AsyncStreamObservers.handleReplyFuture(GrpcClientProtocolClient.java:329)
	at org.apache.ratis.grpc.client.GrpcClientProtocolClient$AsyncStreamObservers.timeoutCheck(GrpcClientProtocolClient.java:324)
	at org.apache.ratis.grpc.client.GrpcClientProtocolClient$AsyncStreamObservers.lambda$onNext$1(GrpcClientProtocolClient.java:318)
	at org.apache.ratis.util.TimeoutScheduler.lambda$onTimeout$0(TimeoutScheduler.java:113)
	at org.apache.ratis.util.TimeoutScheduler.lambda$onTimeout$1(TimeoutScheduler.java:133)
	at org.apache.ratis.util.LogUtils.runAndLog(LogUtils.java:50)
	at org.apache.ratis.util.LogUtils$1.run(LogUtils.java:91)
	at java.util.concurrent.Executors$RunnableAdapter.call(Executors.java:511)
	at java.util.concurrent.FutureTask.run(FutureTask.java:266)
	at java.util.concurrent.ScheduledThreadPoolExecutor$ScheduledFutureTask.access$201(ScheduledThreadPoolExecutor.java:180)
	at java.util.concurrent.ScheduledThreadPoolExecutor$ScheduledFutureTask.run(ScheduledThreadPoolExecutor.java:293)
	at java.util.concurrent.ThreadPoolExecutor.runWorker(ThreadPoolExecutor.java:1149)
	at java.util.concurrent.ThreadPoolExecutor$Worker.run(ThreadPoolExecutor.java:624)
	at java.lang.Thread.run(Thread.java:748)
2019-10-02 17:54:42,885 [java.util.concurrent.ThreadPoolExecutor$Worker@9ca93ad[State = -1, empty queue]] WARN  util.TimeoutScheduler (LogUtils.java:runAndLog(55)) - Failed to task #0: java.lang.NullPointerException
2019-10-02 17:54:46,932 [java.util.concurrent.ThreadPoolExecutor$Worker@3bcf8235[State = -1, empty queue]] ERROR client.GrpcClientProtocolClient (GrpcClientProtocolClient.java:close(148)) - Unexpected exception while waiting for channel termination
java.lang.InterruptedException
	at java.util.concurrent.locks.AbstractQueuedSynchronizer.tryAcquireSharedNanos(AbstractQueuedSynchronizer.java:1326)
	at java.util.concurrent.CountDownLatch.await(CountDownLatch.java:277)
	at org.apache.ratis.thirdparty.io.grpc.internal.ManagedChannelImpl.awaitTermination(ManagedChannelImpl.java:763)
	at org.apache.ratis.thirdparty.io.grpc.internal.ForwardingManagedChannel.awaitTermination(ForwardingManagedChannel.java:57)
	at org.apache.ratis.thirdparty.io.grpc.internal.ManagedChannelOrphanWrapper.awaitTermination(ManagedChannelOrphanWrapper.java:70)
	at org.apache.ratis.grpc.client.GrpcClientProtocolClient.close(GrpcClientProtocolClient.java:146)
	at org.apache.ratis.util.PeerProxyMap$PeerAndProxy.lambda$close$1(PeerProxyMap.java:74)
	at org.apache.ratis.util.LifeCycle.lambda$checkStateAndClose$2(LifeCycle.java:231)
	at org.apache.ratis.util.LifeCycle.checkStateAndClose(LifeCycle.java:251)
	at org.apache.ratis.util.LifeCycle.checkStateAndClose(LifeCycle.java:229)
	at org.apache.ratis.util.PeerProxyMap$PeerAndProxy.close(PeerProxyMap.java:70)
	at org.apache.ratis.util.PeerProxyMap.resetProxy(PeerProxyMap.java:127)
	at org.apache.ratis.util.PeerProxyMap.handleException(PeerProxyMap.java:136)
	at org.apache.ratis.client.impl.RaftClientRpcWithProxy.handleException(RaftClientRpcWithProxy.java:47)
	at org.apache.ratis.client.impl.RaftClientImpl.handleIOException(RaftClientImpl.java:372)
	at org.apache.ratis.client.impl.OrderedAsync.lambda$sendRequest$10(OrderedAsync.java:236)
	at java.util.concurrent.CompletableFuture.uniExceptionally(CompletableFuture.java:870)
	at java.util.concurrent.CompletableFuture$UniExceptionally.tryFire(CompletableFuture.java:852)
	at java.util.concurrent.CompletableFuture.postComplete(CompletableFuture.java:474)
	at java.util.concurrent.CompletableFuture.completeExceptionally(CompletableFuture.java:1977)
	at org.apache.ratis.grpc.client.GrpcClientProtocolClient$AsyncStreamObservers.lambda$timeoutCheck$3(GrpcClientProtocolClient.java:324)
	at java.util.Optional.ifPresent(Optional.java:159)
	at org.apache.ratis.grpc.client.GrpcClientProtocolClient$AsyncStreamObservers.handleReplyFuture(GrpcClientProtocolClient.java:329)
	at org.apache.ratis.grpc.client.GrpcClientProtocolClient$AsyncStreamObservers.timeoutCheck(GrpcClientProtocolClient.java:324)
	at org.apache.ratis.grpc.client.GrpcClientProtocolClient$AsyncStreamObservers.lambda$onNext$1(GrpcClientProtocolClient.java:318)
	at org.apache.ratis.util.TimeoutScheduler.lambda$onTimeout$0(TimeoutScheduler.java:113)
	at org.apache.ratis.util.TimeoutScheduler.lambda$onTimeout$1(TimeoutScheduler.java:133)
	at org.apache.ratis.util.LogUtils.runAndLog(LogUtils.java:50)
	at org.apache.ratis.util.LogUtils$1.run(LogUtils.java:91)
	at java.util.concurrent.Executors$RunnableAdapter.call(Executors.java:511)
	at java.util.concurrent.FutureTask.run(FutureTask.java:266)
	at java.util.concurrent.ScheduledThreadPoolExecutor$ScheduledFutureTask.access$201(ScheduledThreadPoolExecutor.java:180)
	at java.util.concurrent.ScheduledThreadPoolExecutor$ScheduledFutureTask.run(ScheduledThreadPoolExecutor.java:293)
	at java.util.concurrent.ThreadPoolExecutor.runWorker(ThreadPoolExecutor.java:1149)
	at java.util.concurrent.ThreadPoolExecutor$Worker.run(ThreadPoolExecutor.java:624)
	at java.lang.Thread.run(Thread.java:748)
2019-10-02 17:54:46,935 [java.util.concurrent.ThreadPoolExecutor$Worker@3bcf8235[State = -1, empty queue]] WARN  util.TimeoutScheduler (LogUtils.java:runAndLog(55)) - Failed to task #0: java.lang.NullPointerException
2019-10-02 17:54:50,999 [java.util.concurrent.ThreadPoolExecutor$Worker@2b72176c[State = -1, empty queue]] ERROR client.GrpcClientProtocolClient (GrpcClientProtocolClient.java:close(148)) - Unexpected exception while waiting for channel termination
java.lang.InterruptedException
	at java.util.concurrent.locks.AbstractQueuedSynchronizer.tryAcquireSharedNanos(AbstractQueuedSynchronizer.java:1326)
	at java.util.concurrent.CountDownLatch.await(CountDownLatch.java:277)
	at org.apache.ratis.thirdparty.io.grpc.internal.ManagedChannelImpl.awaitTermination(ManagedChannelImpl.java:763)
	at org.apache.ratis.thirdparty.io.grpc.internal.ForwardingManagedChannel.awaitTermination(ForwardingManagedChannel.java:57)
	at org.apache.ratis.thirdparty.io.grpc.internal.ManagedChannelOrphanWrapper.awaitTermination(ManagedChannelOrphanWrapper.java:70)
	at org.apache.ratis.grpc.client.GrpcClientProtocolClient.close(GrpcClientProtocolClient.java:146)
	at org.apache.ratis.util.PeerProxyMap$PeerAndProxy.lambda$close$1(PeerProxyMap.java:74)
	at org.apache.ratis.util.LifeCycle.lambda$checkStateAndClose$2(LifeCycle.java:231)
	at org.apache.ratis.util.LifeCycle.checkStateAndClose(LifeCycle.java:251)
	at org.apache.ratis.util.LifeCycle.checkStateAndClose(LifeCycle.java:229)
	at org.apache.ratis.util.PeerProxyMap$PeerAndProxy.close(PeerProxyMap.java:70)
	at org.apache.ratis.util.PeerProxyMap.resetProxy(PeerProxyMap.java:127)
	at org.apache.ratis.util.PeerProxyMap.handleException(PeerProxyMap.java:136)
	at org.apache.ratis.client.impl.RaftClientRpcWithProxy.handleException(RaftClientRpcWithProxy.java:47)
	at org.apache.ratis.client.impl.RaftClientImpl.handleIOException(RaftClientImpl.java:372)
	at org.apache.ratis.client.impl.OrderedAsync.lambda$sendRequest$10(OrderedAsync.java:236)
	at java.util.concurrent.CompletableFuture.uniExceptionally(CompletableFuture.java:870)
	at java.util.concurrent.CompletableFuture$UniExceptionally.tryFire(CompletableFuture.java:852)
	at java.util.concurrent.CompletableFuture.postComplete(CompletableFuture.java:474)
	at java.util.concurrent.CompletableFuture.completeExceptionally(CompletableFuture.java:1977)
	at org.apache.ratis.grpc.client.GrpcClientProtocolClient$AsyncStreamObservers.lambda$timeoutCheck$3(GrpcClientProtocolClient.java:324)
	at java.util.Optional.ifPresent(Optional.java:159)
	at org.apache.ratis.grpc.client.GrpcClientProtocolClient$AsyncStreamObservers.handleReplyFuture(GrpcClientProtocolClient.java:329)
	at org.apache.ratis.grpc.client.GrpcClientProtocolClient$AsyncStreamObservers.timeoutCheck(GrpcClientProtocolClient.java:324)
	at org.apache.ratis.grpc.client.GrpcClientProtocolClient$AsyncStreamObservers.lambda$onNext$1(GrpcClientProtocolClient.java:318)
	at org.apache.ratis.util.TimeoutScheduler.lambda$onTimeout$0(TimeoutScheduler.java:113)
	at org.apache.ratis.util.TimeoutScheduler.lambda$onTimeout$1(TimeoutScheduler.java:133)
	at org.apache.ratis.util.LogUtils.runAndLog(LogUtils.java:50)
	at org.apache.ratis.util.LogUtils$1.run(LogUtils.java:91)
	at java.util.concurrent.Executors$RunnableAdapter.call(Executors.java:511)
	at java.util.concurrent.FutureTask.run(FutureTask.java:266)
	at java.util.concurrent.ScheduledThreadPoolExecutor$ScheduledFutureTask.access$201(ScheduledThreadPoolExecutor.java:180)
	at java.util.concurrent.ScheduledThreadPoolExecutor$ScheduledFutureTask.run(ScheduledThreadPoolExecutor.java:293)
	at java.util.concurrent.ThreadPoolExecutor.runWorker(ThreadPoolExecutor.java:1149)
	at java.util.concurrent.ThreadPoolExecutor$Worker.run(ThreadPoolExecutor.java:624)
	at java.lang.Thread.run(Thread.java:748)
2019-10-02 17:54:51,000 [java.util.concurrent.ThreadPoolExecutor$Worker@2b72176c[State = -1, empty queue]] WARN  util.TimeoutScheduler (LogUtils.java:runAndLog(55)) - Failed to task #0: java.lang.NullPointerException
2019-10-02 17:54:55,038 [java.util.concurrent.ThreadPoolExecutor$Worker@451a4485[State = -1, empty queue]] ERROR client.GrpcClientProtocolClient (GrpcClientProtocolClient.java:close(148)) - Unexpected exception while waiting for channel termination
java.lang.InterruptedException
	at java.util.concurrent.locks.AbstractQueuedSynchronizer.tryAcquireSharedNanos(AbstractQueuedSynchronizer.java:1326)
	at java.util.concurrent.CountDownLatch.await(CountDownLatch.java:277)
	at org.apache.ratis.thirdparty.io.grpc.internal.ManagedChannelImpl.awaitTermination(ManagedChannelImpl.java:763)
	at org.apache.ratis.thirdparty.io.grpc.internal.ForwardingManagedChannel.awaitTermination(ForwardingManagedChannel.java:57)
	at org.apache.ratis.thirdparty.io.grpc.internal.ManagedChannelOrphanWrapper.awaitTermination(ManagedChannelOrphanWrapper.java:70)
	at org.apache.ratis.grpc.client.GrpcClientProtocolClient.close(GrpcClientProtocolClient.java:146)
	at org.apache.ratis.util.PeerProxyMap$PeerAndProxy.lambda$close$1(PeerProxyMap.java:74)
	at org.apache.ratis.util.LifeCycle.lambda$checkStateAndClose$2(LifeCycle.java:231)
	at org.apache.ratis.util.LifeCycle.checkStateAndClose(LifeCycle.java:251)
	at org.apache.ratis.util.LifeCycle.checkStateAndClose(LifeCycle.java:229)
	at org.apache.ratis.util.PeerProxyMap$PeerAndProxy.close(PeerProxyMap.java:70)
	at org.apache.ratis.util.PeerProxyMap.resetProxy(PeerProxyMap.java:127)
	at org.apache.ratis.util.PeerProxyMap.handleException(PeerProxyMap.java:136)
	at org.apache.ratis.client.impl.RaftClientRpcWithProxy.handleException(RaftClientRpcWithProxy.java:47)
	at org.apache.ratis.client.impl.RaftClientImpl.handleIOException(RaftClientImpl.java:372)
	at org.apache.ratis.client.impl.OrderedAsync.lambda$sendRequest$10(OrderedAsync.java:236)
	at java.util.concurrent.CompletableFuture.uniExceptionally(CompletableFuture.java:870)
	at java.util.concurrent.CompletableFuture$UniExceptionally.tryFire(CompletableFuture.java:852)
	at java.util.concurrent.CompletableFuture.postComplete(CompletableFuture.java:474)
	at java.util.concurrent.CompletableFuture.completeExceptionally(CompletableFuture.java:1977)
	at org.apache.ratis.grpc.client.GrpcClientProtocolClient$AsyncStreamObservers.lambda$timeoutCheck$3(GrpcClientProtocolClient.java:324)
	at java.util.Optional.ifPresent(Optional.java:159)
	at org.apache.ratis.grpc.client.GrpcClientProtocolClient$AsyncStreamObservers.handleReplyFuture(GrpcClientProtocolClient.java:329)
	at org.apache.ratis.grpc.client.GrpcClientProtocolClient$AsyncStreamObservers.timeoutCheck(GrpcClientProtocolClient.java:324)
	at org.apache.ratis.grpc.client.GrpcClientProtocolClient$AsyncStreamObservers.lambda$onNext$1(GrpcClientProtocolClient.java:318)
	at org.apache.ratis.util.TimeoutScheduler.lambda$onTimeout$0(TimeoutScheduler.java:113)
	at org.apache.ratis.util.TimeoutScheduler.lambda$onTimeout$1(TimeoutScheduler.java:133)
	at org.apache.ratis.util.LogUtils.runAndLog(LogUtils.java:50)
	at org.apache.ratis.util.LogUtils$1.run(LogUtils.java:91)
	at java.util.concurrent.Executors$RunnableAdapter.call(Executors.java:511)
	at java.util.concurrent.FutureTask.run(FutureTask.java:266)
	at java.util.concurrent.ScheduledThreadPoolExecutor$ScheduledFutureTask.access$201(ScheduledThreadPoolExecutor.java:180)
	at java.util.concurrent.ScheduledThreadPoolExecutor$ScheduledFutureTask.run(ScheduledThreadPoolExecutor.java:293)
	at java.util.concurrent.ThreadPoolExecutor.runWorker(ThreadPoolExecutor.java:1149)
	at java.util.concurrent.ThreadPoolExecutor$Worker.run(ThreadPoolExecutor.java:624)
	at java.lang.Thread.run(Thread.java:748)
2019-10-02 17:54:55,040 [java.util.concurrent.ThreadPoolExecutor$Worker@451a4485[State = -1, empty queue]] WARN  util.TimeoutScheduler (LogUtils.java:runAndLog(55)) - Failed to task #0: java.lang.NullPointerException
2019-10-02 17:54:59,076 [java.util.concurrent.ThreadPoolExecutor$Worker@7f4d7b9c[State = -1, empty queue]] ERROR client.GrpcClientProtocolClient (GrpcClientProtocolClient.java:close(148)) - Unexpected exception while waiting for channel termination
java.lang.InterruptedException
	at java.util.concurrent.locks.AbstractQueuedSynchronizer.tryAcquireSharedNanos(AbstractQueuedSynchronizer.java:1326)
	at java.util.concurrent.CountDownLatch.await(CountDownLatch.java:277)
	at org.apache.ratis.thirdparty.io.grpc.internal.ManagedChannelImpl.awaitTermination(ManagedChannelImpl.java:763)
	at org.apache.ratis.thirdparty.io.grpc.internal.ForwardingManagedChannel.awaitTermination(ForwardingManagedChannel.java:57)
	at org.apache.ratis.thirdparty.io.grpc.internal.ManagedChannelOrphanWrapper.awaitTermination(ManagedChannelOrphanWrapper.java:70)
	at org.apache.ratis.grpc.client.GrpcClientProtocolClient.close(GrpcClientProtocolClient.java:146)
	at org.apache.ratis.util.PeerProxyMap$PeerAndProxy.lambda$close$1(PeerProxyMap.java:74)
	at org.apache.ratis.util.LifeCycle.lambda$checkStateAndClose$2(LifeCycle.java:231)
	at org.apache.ratis.util.LifeCycle.checkStateAndClose(LifeCycle.java:251)
	at org.apache.ratis.util.LifeCycle.checkStateAndClose(LifeCycle.java:229)
	at org.apache.ratis.util.PeerProxyMap$PeerAndProxy.close(PeerProxyMap.java:70)
	at org.apache.ratis.util.PeerProxyMap.resetProxy(PeerProxyMap.java:127)
	at org.apache.ratis.util.PeerProxyMap.handleException(PeerProxyMap.java:136)
	at org.apache.ratis.client.impl.RaftClientRpcWithProxy.handleException(RaftClientRpcWithProxy.java:47)
	at org.apache.ratis.client.impl.RaftClientImpl.handleIOException(RaftClientImpl.java:372)
	at org.apache.ratis.client.impl.OrderedAsync.lambda$sendRequest$10(OrderedAsync.java:236)
	at java.util.concurrent.CompletableFuture.uniExceptionally(CompletableFuture.java:870)
	at java.util.concurrent.CompletableFuture$UniExceptionally.tryFire(CompletableFuture.java:852)
	at java.util.concurrent.CompletableFuture.postComplete(CompletableFuture.java:474)
	at java.util.concurrent.CompletableFuture.completeExceptionally(CompletableFuture.java:1977)
	at org.apache.ratis.grpc.client.GrpcClientProtocolClient$AsyncStreamObservers.lambda$timeoutCheck$3(GrpcClientProtocolClient.java:324)
	at java.util.Optional.ifPresent(Optional.java:159)
	at org.apache.ratis.grpc.client.GrpcClientProtocolClient$AsyncStreamObservers.handleReplyFuture(GrpcClientProtocolClient.java:329)
	at org.apache.ratis.grpc.client.GrpcClientProtocolClient$AsyncStreamObservers.timeoutCheck(GrpcClientProtocolClient.java:324)
	at org.apache.ratis.grpc.client.GrpcClientProtocolClient$AsyncStreamObservers.lambda$onNext$1(GrpcClientProtocolClient.java:318)
	at org.apache.ratis.util.TimeoutScheduler.lambda$onTimeout$0(TimeoutScheduler.java:113)
	at org.apache.ratis.util.TimeoutScheduler.lambda$onTimeout$1(TimeoutScheduler.java:133)
	at org.apache.ratis.util.LogUtils.runAndLog(LogUtils.java:50)
	at org.apache.ratis.util.LogUtils$1.run(LogUtils.java:91)
	at java.util.concurrent.Executors$RunnableAdapter.call(Executors.java:511)
	at java.util.concurrent.FutureTask.run(FutureTask.java:266)
	at java.util.concurrent.ScheduledThreadPoolExecutor$ScheduledFutureTask.access$201(ScheduledThreadPoolExecutor.java:180)
	at java.util.concurrent.ScheduledThreadPoolExecutor$ScheduledFutureTask.run(ScheduledThreadPoolExecutor.java:293)
	at java.util.concurrent.ThreadPoolExecutor.runWorker(ThreadPoolExecutor.java:1149)
	at java.util.concurrent.ThreadPoolExecutor$Worker.run(ThreadPoolExecutor.java:624)
	at java.lang.Thread.run(Thread.java:748)
2019-10-02 17:54:59,095 [java.util.concurrent.ThreadPoolExecutor$Worker@7f4d7b9c[State = -1, empty queue]] WARN  util.TimeoutScheduler (LogUtils.java:runAndLog(55)) - Failed to task #0: java.lang.NullPointerException
2019-10-02 17:55:03,130 [java.util.concurrent.ThreadPoolExecutor$Worker@197187c3[State = -1, empty queue]] ERROR client.GrpcClientProtocolClient (GrpcClientProtocolClient.java:close(148)) - Unexpected exception while waiting for channel termination
java.lang.InterruptedException
	at java.util.concurrent.locks.AbstractQueuedSynchronizer.tryAcquireSharedNanos(AbstractQueuedSynchronizer.java:1326)
	at java.util.concurrent.CountDownLatch.await(CountDownLatch.java:277)
	at org.apache.ratis.thirdparty.io.grpc.internal.ManagedChannelImpl.awaitTermination(ManagedChannelImpl.java:763)
	at org.apache.ratis.thirdparty.io.grpc.internal.ForwardingManagedChannel.awaitTermination(ForwardingManagedChannel.java:57)
	at org.apache.ratis.thirdparty.io.grpc.internal.ManagedChannelOrphanWrapper.awaitTermination(ManagedChannelOrphanWrapper.java:70)
	at org.apache.ratis.grpc.client.GrpcClientProtocolClient.close(GrpcClientProtocolClient.java:146)
	at org.apache.ratis.util.PeerProxyMap$PeerAndProxy.lambda$close$1(PeerProxyMap.java:74)
	at org.apache.ratis.util.LifeCycle.lambda$checkStateAndClose$2(LifeCycle.java:231)
	at org.apache.ratis.util.LifeCycle.checkStateAndClose(LifeCycle.java:251)
	at org.apache.ratis.util.LifeCycle.checkStateAndClose(LifeCycle.java:229)
	at org.apache.ratis.util.PeerProxyMap$PeerAndProxy.close(PeerProxyMap.java:70)
	at org.apache.ratis.util.PeerProxyMap.resetProxy(PeerProxyMap.java:127)
	at org.apache.ratis.util.PeerProxyMap.handleException(PeerProxyMap.java:136)
	at org.apache.ratis.client.impl.RaftClientRpcWithProxy.handleException(RaftClientRpcWithProxy.java:47)
	at org.apache.ratis.client.impl.RaftClientImpl.handleIOException(RaftClientImpl.java:372)
	at org.apache.ratis.client.impl.OrderedAsync.lambda$sendRequest$10(OrderedAsync.java:236)
	at java.util.concurrent.CompletableFuture.uniExceptionally(CompletableFuture.java:870)
	at java.util.concurrent.CompletableFuture$UniExceptionally.tryFire(CompletableFuture.java:852)
	at java.util.concurrent.CompletableFuture.postComplete(CompletableFuture.java:474)
	at java.util.concurrent.CompletableFuture.completeExceptionally(CompletableFuture.java:1977)
	at org.apache.ratis.grpc.client.GrpcClientProtocolClient$AsyncStreamObservers.lambda$timeoutCheck$3(GrpcClientProtocolClient.java:324)
	at java.util.Optional.ifPresent(Optional.java:159)
	at org.apache.ratis.grpc.client.GrpcClientProtocolClient$AsyncStreamObservers.handleReplyFuture(GrpcClientProtocolClient.java:329)
	at org.apache.ratis.grpc.client.GrpcClientProtocolClient$AsyncStreamObservers.timeoutCheck(GrpcClientProtocolClient.java:324)
	at org.apache.ratis.grpc.client.GrpcClientProtocolClient$AsyncStreamObservers.lambda$onNext$1(GrpcClientProtocolClient.java:318)
	at org.apache.ratis.util.TimeoutScheduler.lambda$onTimeout$0(TimeoutScheduler.java:113)
	at org.apache.ratis.util.TimeoutScheduler.lambda$onTimeout$1(TimeoutScheduler.java:133)
	at org.apache.ratis.util.LogUtils.runAndLog(LogUtils.java:50)
	at org.apache.ratis.util.LogUtils$1.run(LogUtils.java:91)
	at java.util.concurrent.Executors$RunnableAdapter.call(Executors.java:511)
	at java.util.concurrent.FutureTask.run(FutureTask.java:266)
	at java.util.concurrent.ScheduledThreadPoolExecutor$ScheduledFutureTask.access$201(ScheduledThreadPoolExecutor.java:180)
	at java.util.concurrent.ScheduledThreadPoolExecutor$ScheduledFutureTask.run(ScheduledThreadPoolExecutor.java:293)
	at java.util.concurrent.ThreadPoolExecutor.runWorker(ThreadPoolExecutor.java:1149)
	at java.util.concurrent.ThreadPoolExecutor$Worker.run(ThreadPoolExecutor.java:624)
	at java.lang.Thread.run(Thread.java:748)
2019-10-02 17:55:03,132 [java.util.concurrent.ThreadPoolExecutor$Worker@197187c3[State = -1, empty queue]] WARN  util.TimeoutScheduler (LogUtils.java:runAndLog(55)) - Failed to task #0: java.lang.NullPointerException
2019-10-02 17:55:07,168 [java.util.concurrent.ThreadPoolExecutor$Worker@25899140[State = -1, empty queue]] ERROR client.GrpcClientProtocolClient (GrpcClientProtocolClient.java:close(148)) - Unexpected exception while waiting for channel termination
java.lang.InterruptedException
	at java.util.concurrent.locks.AbstractQueuedSynchronizer.tryAcquireSharedNanos(AbstractQueuedSynchronizer.java:1326)
	at java.util.concurrent.CountDownLatch.await(CountDownLatch.java:277)
	at org.apache.ratis.thirdparty.io.grpc.internal.ManagedChannelImpl.awaitTermination(ManagedChannelImpl.java:763)
	at org.apache.ratis.thirdparty.io.grpc.internal.ForwardingManagedChannel.awaitTermination(ForwardingManagedChannel.java:57)
	at org.apache.ratis.thirdparty.io.grpc.internal.ManagedChannelOrphanWrapper.awaitTermination(ManagedChannelOrphanWrapper.java:70)
	at org.apache.ratis.grpc.client.GrpcClientProtocolClient.close(GrpcClientProtocolClient.java:146)
	at org.apache.ratis.util.PeerProxyMap$PeerAndProxy.lambda$close$1(PeerProxyMap.java:74)
	at org.apache.ratis.util.LifeCycle.lambda$checkStateAndClose$2(LifeCycle.java:231)
	at org.apache.ratis.util.LifeCycle.checkStateAndClose(LifeCycle.java:251)
	at org.apache.ratis.util.LifeCycle.checkStateAndClose(LifeCycle.java:229)
	at org.apache.ratis.util.PeerProxyMap$PeerAndProxy.close(PeerProxyMap.java:70)
	at org.apache.ratis.util.PeerProxyMap.resetProxy(PeerProxyMap.java:127)
	at org.apache.ratis.util.PeerProxyMap.handleException(PeerProxyMap.java:136)
	at org.apache.ratis.client.impl.RaftClientRpcWithProxy.handleException(RaftClientRpcWithProxy.java:47)
	at org.apache.ratis.client.impl.RaftClientImpl.handleIOException(RaftClientImpl.java:372)
	at org.apache.ratis.client.impl.OrderedAsync.lambda$sendRequest$10(OrderedAsync.java:236)
	at java.util.concurrent.CompletableFuture.uniExceptionally(CompletableFuture.java:870)
	at java.util.concurrent.CompletableFuture$UniExceptionally.tryFire(CompletableFuture.java:852)
	at java.util.concurrent.CompletableFuture.postComplete(CompletableFuture.java:474)
	at java.util.concurrent.CompletableFuture.completeExceptionally(CompletableFuture.java:1977)
	at org.apache.ratis.grpc.client.GrpcClientProtocolClient$AsyncStreamObservers.lambda$timeoutCheck$3(GrpcClientProtocolClient.java:324)
	at java.util.Optional.ifPresent(Optional.java:159)
	at org.apache.ratis.grpc.client.GrpcClientProtocolClient$AsyncStreamObservers.handleReplyFuture(GrpcClientProtocolClient.java:329)
	at org.apache.ratis.grpc.client.GrpcClientProtocolClient$AsyncStreamObservers.timeoutCheck(GrpcClientProtocolClient.java:324)
	at org.apache.ratis.grpc.client.GrpcClientProtocolClient$AsyncStreamObservers.lambda$onNext$1(GrpcClientProtocolClient.java:318)
	at org.apache.ratis.util.TimeoutScheduler.lambda$onTimeout$0(TimeoutScheduler.java:113)
	at org.apache.ratis.util.TimeoutScheduler.lambda$onTimeout$1(TimeoutScheduler.java:133)
	at org.apache.ratis.util.LogUtils.runAndLog(LogUtils.java:50)
	at org.apache.ratis.util.LogUtils$1.run(LogUtils.java:91)
	at java.util.concurrent.Executors$RunnableAdapter.call(Executors.java:511)
	at java.util.concurrent.FutureTask.run(FutureTask.java:266)
	at java.util.concurrent.ScheduledThreadPoolExecutor$ScheduledFutureTask.access$201(ScheduledThreadPoolExecutor.java:180)
	at java.util.concurrent.ScheduledThreadPoolExecutor$ScheduledFutureTask.run(ScheduledThreadPoolExecutor.java:293)
	at java.util.concurrent.ThreadPoolExecutor.runWorker(ThreadPoolExecutor.java:1149)
	at java.util.concurrent.ThreadPoolExecutor$Worker.run(ThreadPoolExecutor.java:624)
	at java.lang.Thread.run(Thread.java:748)
2019-10-02 17:55:07,169 [java.util.concurrent.ThreadPoolExecutor$Worker@25899140[State = -1, empty queue]] WARN  util.TimeoutScheduler (LogUtils.java:runAndLog(55)) - Failed to task #0: java.lang.NullPointerException
2019-10-02 17:55:11,198 [java.util.concurrent.ThreadPoolExecutor$Worker@7bf145fc[State = -1, empty queue]] ERROR client.GrpcClientProtocolClient (GrpcClientProtocolClient.java:close(148)) - Unexpected exception while waiting for channel termination
java.lang.InterruptedException
	at java.util.concurrent.locks.AbstractQueuedSynchronizer.tryAcquireSharedNanos(AbstractQueuedSynchronizer.java:1326)
	at java.util.concurrent.CountDownLatch.await(CountDownLatch.java:277)
	at org.apache.ratis.thirdparty.io.grpc.internal.ManagedChannelImpl.awaitTermination(ManagedChannelImpl.java:763)
	at org.apache.ratis.thirdparty.io.grpc.internal.ForwardingManagedChannel.awaitTermination(ForwardingManagedChannel.java:57)
	at org.apache.ratis.thirdparty.io.grpc.internal.ManagedChannelOrphanWrapper.awaitTermination(ManagedChannelOrphanWrapper.java:70)
	at org.apache.ratis.grpc.client.GrpcClientProtocolClient.close(GrpcClientProtocolClient.java:146)
	at org.apache.ratis.util.PeerProxyMap$PeerAndProxy.lambda$close$1(PeerProxyMap.java:74)
	at org.apache.ratis.util.LifeCycle.lambda$checkStateAndClose$2(LifeCycle.java:231)
	at org.apache.ratis.util.LifeCycle.checkStateAndClose(LifeCycle.java:251)
	at org.apache.ratis.util.LifeCycle.checkStateAndClose(LifeCycle.java:229)
	at org.apache.ratis.util.PeerProxyMap$PeerAndProxy.close(PeerProxyMap.java:70)
	at org.apache.ratis.util.PeerProxyMap.resetProxy(PeerProxyMap.java:127)
	at org.apache.ratis.util.PeerProxyMap.handleException(PeerProxyMap.java:136)
	at org.apache.ratis.client.impl.RaftClientRpcWithProxy.handleException(RaftClientRpcWithProxy.java:47)
	at org.apache.ratis.client.impl.RaftClientImpl.handleIOException(RaftClientImpl.java:372)
	at org.apache.ratis.client.impl.OrderedAsync.lambda$sendRequest$10(OrderedAsync.java:236)
	at java.util.concurrent.CompletableFuture.uniExceptionally(CompletableFuture.java:870)
	at java.util.concurrent.CompletableFuture$UniExceptionally.tryFire(CompletableFuture.java:852)
	at java.util.concurrent.CompletableFuture.postComplete(CompletableFuture.java:474)
	at java.util.concurrent.CompletableFuture.completeExceptionally(CompletableFuture.java:1977)
	at org.apache.ratis.grpc.client.GrpcClientProtocolClient$AsyncStreamObservers.lambda$timeoutCheck$3(GrpcClientProtocolClient.java:324)
	at java.util.Optional.ifPresent(Optional.java:159)
	at org.apache.ratis.grpc.client.GrpcClientProtocolClient$AsyncStreamObservers.handleReplyFuture(GrpcClientProtocolClient.java:329)
	at org.apache.ratis.grpc.client.GrpcClientProtocolClient$AsyncStreamObservers.timeoutCheck(GrpcClientProtocolClient.java:324)
	at org.apache.ratis.grpc.client.GrpcClientProtocolClient$AsyncStreamObservers.lambda$onNext$1(GrpcClientProtocolClient.java:318)
	at org.apache.ratis.util.TimeoutScheduler.lambda$onTimeout$0(TimeoutScheduler.java:113)
	at org.apache.ratis.util.TimeoutScheduler.lambda$onTimeout$1(TimeoutScheduler.java:133)
	at org.apache.ratis.util.LogUtils.runAndLog(LogUtils.java:50)
	at org.apache.ratis.util.LogUtils$1.run(LogUtils.java:91)
	at java.util.concurrent.Executors$RunnableAdapter.call(Executors.java:511)
	at java.util.concurrent.FutureTask.run(FutureTask.java:266)
	at java.util.concurrent.ScheduledThreadPoolExecutor$ScheduledFutureTask.access$201(ScheduledThreadPoolExecutor.java:180)
	at java.util.concurrent.ScheduledThreadPoolExecutor$ScheduledFutureTask.run(ScheduledThreadPoolExecutor.java:293)
	at java.util.concurrent.ThreadPoolExecutor.runWorker(ThreadPoolExecutor.java:1149)
	at java.util.concurrent.ThreadPoolExecutor$Worker.run(ThreadPoolExecutor.java:624)
	at java.lang.Thread.run(Thread.java:748)
2019-10-02 17:55:11,199 [java.util.concurrent.ThreadPoolExecutor$Worker@7bf145fc[State = -1, empty queue]] WARN  util.TimeoutScheduler (LogUtils.java:runAndLog(55)) - Failed to task #0: java.lang.NullPointerException
2019-10-02 17:55:15,225 [java.util.concurrent.ThreadPoolExecutor$Worker@327ed31f[State = -1, empty queue]] ERROR client.GrpcClientProtocolClient (GrpcClientProtocolClient.java:close(148)) - Unexpected exception while waiting for channel termination
java.lang.InterruptedException
	at java.util.concurrent.locks.AbstractQueuedSynchronizer.tryAcquireSharedNanos(AbstractQueuedSynchronizer.java:1326)
	at java.util.concurrent.CountDownLatch.await(CountDownLatch.java:277)
	at org.apache.ratis.thirdparty.io.grpc.internal.ManagedChannelImpl.awaitTermination(ManagedChannelImpl.java:763)
	at org.apache.ratis.thirdparty.io.grpc.internal.ForwardingManagedChannel.awaitTermination(ForwardingManagedChannel.java:57)
	at org.apache.ratis.thirdparty.io.grpc.internal.ManagedChannelOrphanWrapper.awaitTermination(ManagedChannelOrphanWrapper.java:70)
	at org.apache.ratis.grpc.client.GrpcClientProtocolClient.close(GrpcClientProtocolClient.java:146)
	at org.apache.ratis.util.PeerProxyMap$PeerAndProxy.lambda$close$1(PeerProxyMap.java:74)
	at org.apache.ratis.util.LifeCycle.lambda$checkStateAndClose$2(LifeCycle.java:231)
	at org.apache.ratis.util.LifeCycle.checkStateAndClose(LifeCycle.java:251)
	at org.apache.ratis.util.LifeCycle.checkStateAndClose(LifeCycle.java:229)
	at org.apache.ratis.util.PeerProxyMap$PeerAndProxy.close(PeerProxyMap.java:70)
	at org.apache.ratis.util.PeerProxyMap.resetProxy(PeerProxyMap.java:127)
	at org.apache.ratis.util.PeerProxyMap.handleException(PeerProxyMap.java:136)
	at org.apache.ratis.client.impl.RaftClientRpcWithProxy.handleException(RaftClientRpcWithProxy.java:47)
	at org.apache.ratis.client.impl.RaftClientImpl.handleIOException(RaftClientImpl.java:372)
	at org.apache.ratis.client.impl.OrderedAsync.lambda$sendRequest$10(OrderedAsync.java:236)
	at java.util.concurrent.CompletableFuture.uniExceptionally(CompletableFuture.java:870)
	at java.util.concurrent.CompletableFuture$UniExceptionally.tryFire(CompletableFuture.java:852)
	at java.util.concurrent.CompletableFuture.postComplete(CompletableFuture.java:474)
	at java.util.concurrent.CompletableFuture.completeExceptionally(CompletableFuture.java:1977)
	at org.apache.ratis.grpc.client.GrpcClientProtocolClient$AsyncStreamObservers.lambda$timeoutCheck$3(GrpcClientProtocolClient.java:324)
	at java.util.Optional.ifPresent(Optional.java:159)
	at org.apache.ratis.grpc.client.GrpcClientProtocolClient$AsyncStreamObservers.handleReplyFuture(GrpcClientProtocolClient.java:329)
	at org.apache.ratis.grpc.client.GrpcClientProtocolClient$AsyncStreamObservers.timeoutCheck(GrpcClientProtocolClient.java:324)
	at org.apache.ratis.grpc.client.GrpcClientProtocolClient$AsyncStreamObservers.lambda$onNext$1(GrpcClientProtocolClient.java:318)
	at org.apache.ratis.util.TimeoutScheduler.lambda$onTimeout$0(TimeoutScheduler.java:113)
	at org.apache.ratis.util.TimeoutScheduler.lambda$onTimeout$1(TimeoutScheduler.java:133)
	at org.apache.ratis.util.LogUtils.runAndLog(LogUtils.java:50)
	at org.apache.ratis.util.LogUtils$1.run(LogUtils.java:91)
	at java.util.concurrent.Executors$RunnableAdapter.call(Executors.java:511)
	at java.util.concurrent.FutureTask.run(FutureTask.java:266)
	at java.util.concurrent.ScheduledThreadPoolExecutor$ScheduledFutureTask.access$201(ScheduledThreadPoolExecutor.java:180)
	at java.util.concurrent.ScheduledThreadPoolExecutor$ScheduledFutureTask.run(ScheduledThreadPoolExecutor.java:293)
	at java.util.concurrent.ThreadPoolExecutor.runWorker(ThreadPoolExecutor.java:1149)
	at java.util.concurrent.ThreadPoolExecutor$Worker.run(ThreadPoolExecutor.java:624)
	at java.lang.Thread.run(Thread.java:748)
2019-10-02 17:55:15,225 [java.util.concurrent.ThreadPoolExecutor$Worker@327ed31f[State = -1, empty queue]] WARN  util.TimeoutScheduler (LogUtils.java:runAndLog(55)) - Failed to task #0: java.lang.NullPointerException
2019-10-02 17:55:19,257 [java.util.concurrent.ThreadPoolExecutor$Worker@340298c8[State = -1, empty queue]] ERROR client.GrpcClientProtocolClient (GrpcClientProtocolClient.java:close(148)) - Unexpected exception while waiting for channel termination
java.lang.InterruptedException
	at java.util.concurrent.locks.AbstractQueuedSynchronizer.tryAcquireSharedNanos(AbstractQueuedSynchronizer.java:1326)
	at java.util.concurrent.CountDownLatch.await(CountDownLatch.java:277)
	at org.apache.ratis.thirdparty.io.grpc.internal.ManagedChannelImpl.awaitTermination(ManagedChannelImpl.java:763)
	at org.apache.ratis.thirdparty.io.grpc.internal.ForwardingManagedChannel.awaitTermination(ForwardingManagedChannel.java:57)
	at org.apache.ratis.thirdparty.io.grpc.internal.ManagedChannelOrphanWrapper.awaitTermination(ManagedChannelOrphanWrapper.java:70)
	at org.apache.ratis.grpc.client.GrpcClientProtocolClient.close(GrpcClientProtocolClient.java:146)
	at org.apache.ratis.util.PeerProxyMap$PeerAndProxy.lambda$close$1(PeerProxyMap.java:74)
	at org.apache.ratis.util.LifeCycle.lambda$checkStateAndClose$2(LifeCycle.java:231)
	at org.apache.ratis.util.LifeCycle.checkStateAndClose(LifeCycle.java:251)
	at org.apache.ratis.util.LifeCycle.checkStateAndClose(LifeCycle.java:229)
	at org.apache.ratis.util.PeerProxyMap$PeerAndProxy.close(PeerProxyMap.java:70)
	at org.apache.ratis.util.PeerProxyMap.resetProxy(PeerProxyMap.java:127)
	at org.apache.ratis.util.PeerProxyMap.handleException(PeerProxyMap.java:136)
	at org.apache.ratis.client.impl.RaftClientRpcWithProxy.handleException(RaftClientRpcWithProxy.java:47)
	at org.apache.ratis.client.impl.RaftClientImpl.handleIOException(RaftClientImpl.java:372)
	at org.apache.ratis.client.impl.OrderedAsync.lambda$sendRequest$10(OrderedAsync.java:236)
	at java.util.concurrent.CompletableFuture.uniExceptionally(CompletableFuture.java:870)
	at java.util.concurrent.CompletableFuture$UniExceptionally.tryFire(CompletableFuture.java:852)
	at java.util.concurrent.CompletableFuture.postComplete(CompletableFuture.java:474)
	at java.util.concurrent.CompletableFuture.completeExceptionally(CompletableFuture.java:1977)
	at org.apache.ratis.grpc.client.GrpcClientProtocolClient$AsyncStreamObservers.lambda$timeoutCheck$3(GrpcClientProtocolClient.java:324)
	at java.util.Optional.ifPresent(Optional.java:159)
	at org.apache.ratis.grpc.client.GrpcClientProtocolClient$AsyncStreamObservers.handleReplyFuture(GrpcClientProtocolClient.java:329)
	at org.apache.ratis.grpc.client.GrpcClientProtocolClient$AsyncStreamObservers.timeoutCheck(GrpcClientProtocolClient.java:324)
	at org.apache.ratis.grpc.client.GrpcClientProtocolClient$AsyncStreamObservers.lambda$onNext$1(GrpcClientProtocolClient.java:318)
	at org.apache.ratis.util.TimeoutScheduler.lambda$onTimeout$0(TimeoutScheduler.java:113)
	at org.apache.ratis.util.TimeoutScheduler.lambda$onTimeout$1(TimeoutScheduler.java:133)
	at org.apache.ratis.util.LogUtils.runAndLog(LogUtils.java:50)
	at org.apache.ratis.util.LogUtils$1.run(LogUtils.java:91)
	at java.util.concurrent.Executors$RunnableAdapter.call(Executors.java:511)
	at java.util.concurrent.FutureTask.run(FutureTask.java:266)
	at java.util.concurrent.ScheduledThreadPoolExecutor$ScheduledFutureTask.access$201(ScheduledThreadPoolExecutor.java:180)
	at java.util.concurrent.ScheduledThreadPoolExecutor$ScheduledFutureTask.run(ScheduledThreadPoolExecutor.java:293)
	at java.util.concurrent.ThreadPoolExecutor.runWorker(ThreadPoolExecutor.java:1149)
	at java.util.concurrent.ThreadPoolExecutor$Worker.run(ThreadPoolExecutor.java:624)
	at java.lang.Thread.run(Thread.java:748)
2019-10-02 17:55:19,258 [java.util.concurrent.ThreadPoolExecutor$Worker@340298c8[State = -1, empty queue]] WARN  util.TimeoutScheduler (LogUtils.java:runAndLog(55)) - Failed to task #0: java.lang.NullPointerException
2019-10-02 17:55:23,298 [java.util.concurrent.ThreadPoolExecutor$Worker@515f0432[State = -1, empty queue]] ERROR client.GrpcClientProtocolClient (GrpcClientProtocolClient.java:close(148)) - Unexpected exception while waiting for channel termination
java.lang.InterruptedException
	at java.util.concurrent.locks.AbstractQueuedSynchronizer.tryAcquireSharedNanos(AbstractQueuedSynchronizer.java:1326)
	at java.util.concurrent.CountDownLatch.await(CountDownLatch.java:277)
	at org.apache.ratis.thirdparty.io.grpc.internal.ManagedChannelImpl.awaitTermination(ManagedChannelImpl.java:763)
	at org.apache.ratis.thirdparty.io.grpc.internal.ForwardingManagedChannel.awaitTermination(ForwardingManagedChannel.java:57)
	at org.apache.ratis.thirdparty.io.grpc.internal.ManagedChannelOrphanWrapper.awaitTermination(ManagedChannelOrphanWrapper.java:70)
	at org.apache.ratis.grpc.client.GrpcClientProtocolClient.close(GrpcClientProtocolClient.java:146)
	at org.apache.ratis.util.PeerProxyMap$PeerAndProxy.lambda$close$1(PeerProxyMap.java:74)
	at org.apache.ratis.util.LifeCycle.lambda$checkStateAndClose$2(LifeCycle.java:231)
	at org.apache.ratis.util.LifeCycle.checkStateAndClose(LifeCycle.java:251)
	at org.apache.ratis.util.LifeCycle.checkStateAndClose(LifeCycle.java:229)
	at org.apache.ratis.util.PeerProxyMap$PeerAndProxy.close(PeerProxyMap.java:70)
	at org.apache.ratis.util.PeerProxyMap.resetProxy(PeerProxyMap.java:127)
	at org.apache.ratis.util.PeerProxyMap.handleException(PeerProxyMap.java:136)
	at org.apache.ratis.client.impl.RaftClientRpcWithProxy.handleException(RaftClientRpcWithProxy.java:47)
	at org.apache.ratis.client.impl.RaftClientImpl.handleIOException(RaftClientImpl.java:372)
	at org.apache.ratis.client.impl.OrderedAsync.lambda$sendRequest$10(OrderedAsync.java:236)
	at java.util.concurrent.CompletableFuture.uniExceptionally(CompletableFuture.java:870)
	at java.util.concurrent.CompletableFuture$UniExceptionally.tryFire(CompletableFuture.java:852)
	at java.util.concurrent.CompletableFuture.postComplete(CompletableFuture.java:474)
	at java.util.concurrent.CompletableFuture.completeExceptionally(CompletableFuture.java:1977)
	at org.apache.ratis.grpc.client.GrpcClientProtocolClient$AsyncStreamObservers.lambda$timeoutCheck$3(GrpcClientProtocolClient.java:324)
	at java.util.Optional.ifPresent(Optional.java:159)
	at org.apache.ratis.grpc.client.GrpcClientProtocolClient$AsyncStreamObservers.handleReplyFuture(GrpcClientProtocolClient.java:329)
	at org.apache.ratis.grpc.client.GrpcClientProtocolClient$AsyncStreamObservers.timeoutCheck(GrpcClientProtocolClient.java:324)
	at org.apache.ratis.grpc.client.GrpcClientProtocolClient$AsyncStreamObservers.lambda$onNext$1(GrpcClientProtocolClient.java:318)
	at org.apache.ratis.util.TimeoutScheduler.lambda$onTimeout$0(TimeoutScheduler.java:113)
	at org.apache.ratis.util.TimeoutScheduler.lambda$onTimeout$1(TimeoutScheduler.java:133)
	at org.apache.ratis.util.LogUtils.runAndLog(LogUtils.java:50)
	at org.apache.ratis.util.LogUtils$1.run(LogUtils.java:91)
	at java.util.concurrent.Executors$RunnableAdapter.call(Executors.java:511)
	at java.util.concurrent.FutureTask.run(FutureTask.java:266)
	at java.util.concurrent.ScheduledThreadPoolExecutor$ScheduledFutureTask.access$201(ScheduledThreadPoolExecutor.java:180)
	at java.util.concurrent.ScheduledThreadPoolExecutor$ScheduledFutureTask.run(ScheduledThreadPoolExecutor.java:293)
	at java.util.concurrent.ThreadPoolExecutor.runWorker(ThreadPoolExecutor.java:1149)
	at java.util.concurrent.ThreadPoolExecutor$Worker.run(ThreadPoolExecutor.java:624)
	at java.lang.Thread.run(Thread.java:748)
2019-10-02 17:55:23,300 [java.util.concurrent.ThreadPoolExecutor$Worker@515f0432[State = -1, empty queue]] WARN  util.TimeoutScheduler (LogUtils.java:runAndLog(55)) - Failed to task #0: java.lang.NullPointerException
2019-10-02 17:55:27,347 [java.util.concurrent.ThreadPoolExecutor$Worker@256329e2[State = -1, empty queue]] ERROR client.GrpcClientProtocolClient (GrpcClientProtocolClient.java:close(148)) - Unexpected exception while waiting for channel termination
java.lang.InterruptedException
	at java.util.concurrent.locks.AbstractQueuedSynchronizer.tryAcquireSharedNanos(AbstractQueuedSynchronizer.java:1326)
	at java.util.concurrent.CountDownLatch.await(CountDownLatch.java:277)
	at org.apache.ratis.thirdparty.io.grpc.internal.ManagedChannelImpl.awaitTermination(ManagedChannelImpl.java:763)
	at org.apache.ratis.thirdparty.io.grpc.internal.ForwardingManagedChannel.awaitTermination(ForwardingManagedChannel.java:57)
	at org.apache.ratis.thirdparty.io.grpc.internal.ManagedChannelOrphanWrapper.awaitTermination(ManagedChannelOrphanWrapper.java:70)
	at org.apache.ratis.grpc.client.GrpcClientProtocolClient.close(GrpcClientProtocolClient.java:146)
	at org.apache.ratis.util.PeerProxyMap$PeerAndProxy.lambda$close$1(PeerProxyMap.java:74)
	at org.apache.ratis.util.LifeCycle.lambda$checkStateAndClose$2(LifeCycle.java:231)
	at org.apache.ratis.util.LifeCycle.checkStateAndClose(LifeCycle.java:251)
	at org.apache.ratis.util.LifeCycle.checkStateAndClose(LifeCycle.java:229)
	at org.apache.ratis.util.PeerProxyMap$PeerAndProxy.close(PeerProxyMap.java:70)
	at org.apache.ratis.util.PeerProxyMap.resetProxy(PeerProxyMap.java:127)
	at org.apache.ratis.util.PeerProxyMap.handleException(PeerProxyMap.java:136)
	at org.apache.ratis.client.impl.RaftClientRpcWithProxy.handleException(RaftClientRpcWithProxy.java:47)
	at org.apache.ratis.client.impl.RaftClientImpl.handleIOException(RaftClientImpl.java:372)
	at org.apache.ratis.client.impl.OrderedAsync.lambda$sendRequest$10(OrderedAsync.java:236)
	at java.util.concurrent.CompletableFuture.uniExceptionally(CompletableFuture.java:870)
	at java.util.concurrent.CompletableFuture$UniExceptionally.tryFire(CompletableFuture.java:852)
	at java.util.concurrent.CompletableFuture.postComplete(CompletableFuture.java:474)
	at java.util.concurrent.CompletableFuture.completeExceptionally(CompletableFuture.java:1977)
	at org.apache.ratis.grpc.client.GrpcClientProtocolClient$AsyncStreamObservers.lambda$timeoutCheck$3(GrpcClientProtocolClient.java:324)
	at java.util.Optional.ifPresent(Optional.java:159)
	at org.apache.ratis.grpc.client.GrpcClientProtocolClient$AsyncStreamObservers.handleReplyFuture(GrpcClientProtocolClient.java:329)
	at org.apache.ratis.grpc.client.GrpcClientProtocolClient$AsyncStreamObservers.timeoutCheck(GrpcClientProtocolClient.java:324)
	at org.apache.ratis.grpc.client.GrpcClientProtocolClient$AsyncStreamObservers.lambda$onNext$1(GrpcClientProtocolClient.java:318)
	at org.apache.ratis.util.TimeoutScheduler.lambda$onTimeout$0(TimeoutScheduler.java:113)
	at org.apache.ratis.util.TimeoutScheduler.lambda$onTimeout$1(TimeoutScheduler.java:133)
	at org.apache.ratis.util.LogUtils.runAndLog(LogUtils.java:50)
	at org.apache.ratis.util.LogUtils$1.run(LogUtils.java:91)
	at java.util.concurrent.Executors$RunnableAdapter.call(Executors.java:511)
	at java.util.concurrent.FutureTask.run(FutureTask.java:266)
	at java.util.concurrent.ScheduledThreadPoolExecutor$ScheduledFutureTask.access$201(ScheduledThreadPoolExecutor.java:180)
	at java.util.concurrent.ScheduledThreadPoolExecutor$ScheduledFutureTask.run(ScheduledThreadPoolExecutor.java:293)
	at java.util.concurrent.ThreadPoolExecutor.runWorker(ThreadPoolExecutor.java:1149)
	at java.util.concurrent.ThreadPoolExecutor$Worker.run(ThreadPoolExecutor.java:624)
	at java.lang.Thread.run(Thread.java:748)
2019-10-02 17:55:27,352 [java.util.concurrent.ThreadPoolExecutor$Worker@256329e2[State = -1, empty queue]] WARN  util.TimeoutScheduler (LogUtils.java:runAndLog(55)) - Failed to task #0: java.lang.NullPointerException
2019-10-02 17:55:29,745 [grpc-default-executor-8] INFO  impl.RaftServerProxy (RaftServerProxy.java:remove(95)) - 91a1b220-aea4-4dd3-92cb-bba23af74008: remove  FOLLOWER 91a1b220-aea4-4dd3-92cb-bba23af74008@group-EB005B711FC0:t1, leader=3933d80c-e8ff-4f72-bba7-02820fb600e2, voted=91a1b220-aea4-4dd3-92cb-bba23af74008, raftlog=91a1b220-aea4-4dd3-92cb-bba23af74008@group-EB005B711FC0-SegmentedRaftLog:OPENED:c6,f8,i8, conf=0: [91a1b220-aea4-4dd3-92cb-bba23af74008:192.168.151.72:35241, 3933d80c-e8ff-4f72-bba7-02820fb600e2:192.168.151.72:43322, b497eacb-55a3-4ffa-9375-3900e91065f4:192.168.151.72:45210], old=null RUNNING
2019-10-02 17:55:29,746 [grpc-default-executor-8] INFO  impl.RaftServerImpl (RaftServerImpl.java:lambda$shutdown$3(247)) - 91a1b220-aea4-4dd3-92cb-bba23af74008@group-EB005B711FC0: shutdown
2019-10-02 17:55:29,747 [grpc-default-executor-8] INFO  util.JmxRegister (JmxRegister.java:unregister(73)) - Successfully un-registered JMX Bean with object name Ratis:service=RaftServer,group=group-EB005B711FC0,id=91a1b220-aea4-4dd3-92cb-bba23af74008
2019-10-02 17:55:29,747 [grpc-default-executor-8] INFO  impl.RoleInfo (RoleInfo.java:shutdownFollowerState(121)) - 91a1b220-aea4-4dd3-92cb-bba23af74008: shutdown FollowerState
2019-10-02 17:55:29,747 [grpc-default-executor-8] INFO  impl.StateMachineUpdater (StateMachineUpdater.java:stopAndJoin(136)) - 91a1b220-aea4-4dd3-92cb-bba23af74008@group-EB005B711FC0-StateMachineUpdater: set stopIndex = 6
2019-10-02 17:55:29,748 [Thread-1565] INFO  impl.FollowerState (FollowerState.java:run(117)) - 91a1b220-aea4-4dd3-92cb-bba23af74008@group-EB005B711FC0-FollowerState was interrupted: java.lang.InterruptedException: sleep interrupted
2019-10-02 17:55:29,754 [91a1b220-aea4-4dd3-92cb-bba23af74008@group-EB005B711FC0-StateMachineUpdater] INFO  ratis.ContainerStateMachine (ContainerStateMachine.java:takeSnapshot(294)) - group-EB005B711FC0: Taking a snapshot at:(t:1, i:5) file /workdir/hadoop-ozone/integration-test/target/test-dir/MiniOzoneClusterImpl-65f8f4fe-1764-4468-9f48-37bf81c95b0d/datanode-4/data/ratis/7f186375-538e-4524-9d17-eb005b711fc0/sm/snapshot.1_5
2019-10-02 17:55:29,798 [91a1b220-aea4-4dd3-92cb-bba23af74008@group-EB005B711FC0-StateMachineUpdater] INFO  ratis.ContainerStateMachine (ContainerStateMachine.java:takeSnapshot(305)) - group-EB005B711FC0: Finished taking a snapshot at:(t:1, i:5) file:/workdir/hadoop-ozone/integration-test/target/test-dir/MiniOzoneClusterImpl-65f8f4fe-1764-4468-9f48-37bf81c95b0d/datanode-4/data/ratis/7f186375-538e-4524-9d17-eb005b711fc0/sm/snapshot.1_5 time:51
2019-10-02 17:55:29,807 [91a1b220-aea4-4dd3-92cb-bba23af74008@group-EB005B711FC0-StateMachineUpdater] INFO  impl.StateMachineUpdater (StateMachineUpdater.java:takeSnapshot(269)) - 91a1b220-aea4-4dd3-92cb-bba23af74008@group-EB005B711FC0-StateMachineUpdater: Took a snapshot at index 5
2019-10-02 17:55:29,807 [91a1b220-aea4-4dd3-92cb-bba23af74008@group-EB005B711FC0-StateMachineUpdater] INFO  impl.StateMachineUpdater (StateMachineUpdater.java:lambda$new$0(84)) - 91a1b220-aea4-4dd3-92cb-bba23af74008@group-EB005B711FC0-StateMachineUpdater: snapshotIndex: updateIncreasingly -1 -> 5
2019-10-02 17:55:29,812 [91a1b220-aea4-4dd3-92cb-bba23af74008@group-EB005B711FC0-StateMachineUpdater] INFO  ratis.ContainerStateMachine (ContainerStateMachine.java:takeSnapshot(294)) - group-EB005B711FC0: Taking a snapshot at:(t:1, i:5) file /workdir/hadoop-ozone/integration-test/target/test-dir/MiniOzoneClusterImpl-65f8f4fe-1764-4468-9f48-37bf81c95b0d/datanode-4/data/ratis/7f186375-538e-4524-9d17-eb005b711fc0/sm/snapshot.1_5
2019-10-02 17:55:29,825 [91a1b220-aea4-4dd3-92cb-bba23af74008@group-EB005B711FC0-StateMachineUpdater] INFO  ratis.ContainerStateMachine (ContainerStateMachine.java:takeSnapshot(305)) - group-EB005B711FC0: Finished taking a snapshot at:(t:1, i:5) file:/workdir/hadoop-ozone/integration-test/target/test-dir/MiniOzoneClusterImpl-65f8f4fe-1764-4468-9f48-37bf81c95b0d/datanode-4/data/ratis/7f186375-538e-4524-9d17-eb005b711fc0/sm/snapshot.1_5 time:13
2019-10-02 17:55:29,825 [91a1b220-aea4-4dd3-92cb-bba23af74008@group-EB005B711FC0-StateMachineUpdater] INFO  impl.StateMachineUpdater (StateMachineUpdater.java:takeSnapshot(269)) - 91a1b220-aea4-4dd3-92cb-bba23af74008@group-EB005B711FC0-StateMachineUpdater: Took a snapshot at index 5
2019-10-02 17:55:29,825 [91a1b220-aea4-4dd3-92cb-bba23af74008@group-EB005B711FC0-StateMachineUpdater] INFO  impl.StateMachineUpdater (StateMachineUpdater.java:lambda$new$0(84)) - 91a1b220-aea4-4dd3-92cb-bba23af74008@group-EB005B711FC0-StateMachineUpdater: snapshotIndex: updateIncreasingly 5 -> 5
2019-10-02 17:55:29,826 [grpc-default-executor-8] INFO  impl.RaftServerImpl (ServerState.java:close(387)) - 91a1b220-aea4-4dd3-92cb-bba23af74008@group-EB005B711FC0: closes. applyIndex: 6
2019-10-02 17:55:29,826 [91a1b220-aea4-4dd3-92cb-bba23af74008@group-EB005B711FC0-SegmentedRaftLogWorker] INFO  segmented.SegmentedRaftLogWorker (SegmentedRaftLogWorker.java:run(316)) - 91a1b220-aea4-4dd3-92cb-bba23af74008@group-EB005B711FC0-SegmentedRaftLogWorker was interrupted, exiting. There are 0 tasks remaining in the queue.
2019-10-02 17:55:29,829 [grpc-default-executor-8] INFO  segmented.SegmentedRaftLogWorker (SegmentedRaftLogWorker.java:close(224)) - 91a1b220-aea4-4dd3-92cb-bba23af74008@group-EB005B711FC0-SegmentedRaftLogWorker close()
2019-10-02 17:55:29,895 [grpc-default-executor-8] INFO  interfaces.Container (KeyValueContainer.java:flushAndSyncDB(386)) - Container 1 is synced with bcsId 0.
2019-10-02 17:55:29,896 [grpc-default-executor-8] INFO  interfaces.Container (KeyValueContainer.java:flushAndSyncDB(386)) - Container 1 is synced with bcsId 0.
2019-10-02 17:55:29,913 [EventQueue-IncrementalContainerReportForIncrementalContainerReportHandler] INFO  container.IncrementalContainerReportHandler (AbstractContainerReportHandler.java:updateContainerState(169)) - Moving container #1 to QUASI_CLOSED state, datanode 91a1b220-aea4-4dd3-92cb-bba23af74008{ip: 192.168.151.72, host: pr-trunk-fgz7f-2353921243, networkLocation: /default-rack, certSerialId: null} reported QUASI_CLOSED replica.
2019-10-02 17:55:29,952 [grpc-default-executor-8] INFO  interfaces.Container (KeyValueContainer.java:flushAndSyncDB(386)) - Container 2 is synced with bcsId 0.
2019-10-02 17:55:29,953 [grpc-default-executor-8] INFO  interfaces.Container (KeyValueContainer.java:flushAndSyncDB(386)) - Container 2 is synced with bcsId 0.
2019-10-02 17:55:29,959 [EventQueue-IncrementalContainerReportForIncrementalContainerReportHandler] INFO  container.IncrementalContainerReportHandler (AbstractContainerReportHandler.java:updateContainerState(169)) - Moving container #2 to QUASI_CLOSED state, datanode 91a1b220-aea4-4dd3-92cb-bba23af74008{ip: 192.168.151.72, host: pr-trunk-fgz7f-2353921243, networkLocation: /default-rack, certSerialId: null} reported QUASI_CLOSED replica.
2019-10-02 17:55:29,988 [grpc-default-executor-8] INFO  interfaces.Container (KeyValueContainer.java:flushAndSyncDB(386)) - Container 4 is synced with bcsId 0.
2019-10-02 17:55:29,989 [grpc-default-executor-8] INFO  interfaces.Container (KeyValueContainer.java:flushAndSyncDB(386)) - Container 4 is synced with bcsId 0.
2019-10-02 17:55:29,995 [EventQueue-IncrementalContainerReportForIncrementalContainerReportHandler] INFO  container.IncrementalContainerReportHandler (AbstractContainerReportHandler.java:updateContainerState(169)) - Moving container #4 to QUASI_CLOSED state, datanode 91a1b220-aea4-4dd3-92cb-bba23af74008{ip: 192.168.151.72, host: pr-trunk-fgz7f-2353921243, networkLocation: /default-rack, certSerialId: null} reported QUASI_CLOSED replica.
2019-10-02 17:55:29,999 [grpc-default-executor-8] INFO  impl.RaftServerProxy (RaftServerProxy.java:remove(95)) - 3933d80c-e8ff-4f72-bba7-02820fb600e2: remove    LEADER 3933d80c-e8ff-4f72-bba7-02820fb600e2@group-EB005B711FC0:t1, leader=3933d80c-e8ff-4f72-bba7-02820fb600e2, voted=3933d80c-e8ff-4f72-bba7-02820fb600e2, raftlog=3933d80c-e8ff-4f72-bba7-02820fb600e2@group-EB005B711FC0-SegmentedRaftLog:OPENED:c6,f6,i8, conf=0: [91a1b220-aea4-4dd3-92cb-bba23af74008:192.168.151.72:35241, 3933d80c-e8ff-4f72-bba7-02820fb600e2:192.168.151.72:43322, b497eacb-55a3-4ffa-9375-3900e91065f4:192.168.151.72:45210], old=null RUNNING
2019-10-02 17:55:29,999 [grpc-default-executor-8] INFO  impl.RaftServerImpl (RaftServerImpl.java:lambda$shutdown$3(247)) - 3933d80c-e8ff-4f72-bba7-02820fb600e2@group-EB005B711FC0: shutdown
2019-10-02 17:55:30,000 [grpc-default-executor-8] INFO  util.JmxRegister (JmxRegister.java:unregister(73)) - Successfully un-registered JMX Bean with object name Ratis:service=RaftServer,group=group-EB005B711FC0,id=3933d80c-e8ff-4f72-bba7-02820fb600e2
2019-10-02 17:55:30,000 [grpc-default-executor-8] INFO  impl.RoleInfo (RoleInfo.java:shutdownLeaderState(104)) - 3933d80c-e8ff-4f72-bba7-02820fb600e2: shutdown LeaderState
2019-10-02 17:55:30,006 [grpc-default-executor-8] INFO  impl.PendingRequests (PendingRequests.java:sendNotLeaderResponses(202)) - 3933d80c-e8ff-4f72-bba7-02820fb600e2@group-EB005B711FC0-PendingRequests: sendNotLeaderResponses
2019-10-02 17:55:30,006 [org.apache.ratis.server.impl.LogAppender$AppenderDaemon$$Lambda$525/299265970@58488e4a] WARN  server.GrpcLogAppender (GrpcLogAppender.java:mayWait(143)) - 3933d80c-e8ff-4f72-bba7-02820fb600e2@group-EB005B711FC0->b497eacb-55a3-4ffa-9375-3900e91065f4-GrpcLogAppender: Wait interrupted by java.lang.InterruptedException
2019-10-02 17:55:30,006 [org.apache.ratis.server.impl.LogAppender$AppenderDaemon$$Lambda$525/299265970@1b6810f9] WARN  server.GrpcLogAppender (GrpcLogAppender.java:mayWait(143)) - 3933d80c-e8ff-4f72-bba7-02820fb600e2@group-EB005B711FC0->91a1b220-aea4-4dd3-92cb-bba23af74008-GrpcLogAppender: Wait interrupted by java.lang.InterruptedException
2019-10-02 17:55:30,015 [grpc-default-executor-9] INFO  server.GrpcServerProtocolService (GrpcServerProtocolService.java:onCompleted(113)) - 91a1b220-aea4-4dd3-92cb-bba23af74008: Completed APPEND_ENTRIES, lastRequest: 3933d80c-e8ff-4f72-bba7-02820fb600e2->91a1b220-aea4-4dd3-92cb-bba23af74008#35-t1, previous=(t:1, i:8), leaderCommit=6, initializing? false, entries: <empty>
2019-10-02 17:55:30,015 [3933d80c-e8ff-4f72-bba7-02820fb600e2@group-EB005B711FC0-StateMachineUpdater] INFO  ratis.ContainerStateMachine (ContainerStateMachine.java:takeSnapshot(294)) - group-EB005B711FC0: Taking a snapshot at:(t:1, i:6) file /workdir/hadoop-ozone/integration-test/target/test-dir/MiniOzoneClusterImpl-65f8f4fe-1764-4468-9f48-37bf81c95b0d/datanode-1/data/ratis/7f186375-538e-4524-9d17-eb005b711fc0/sm/snapshot.1_6
2019-10-02 17:55:30,015 [grpc-default-executor-8] INFO  impl.StateMachineUpdater (StateMachineUpdater.java:stopAndJoin(136)) - 3933d80c-e8ff-4f72-bba7-02820fb600e2@group-EB005B711FC0-StateMachineUpdater: set stopIndex = 6
2019-10-02 17:55:30,016 [grpc-default-executor-9] INFO  server.GrpcServerProtocolService (GrpcServerProtocolService.java:onCompleted(113)) - b497eacb-55a3-4ffa-9375-3900e91065f4: Completed APPEND_ENTRIES, lastRequest: 3933d80c-e8ff-4f72-bba7-02820fb600e2->b497eacb-55a3-4ffa-9375-3900e91065f4#35-t1, previous=(t:1, i:8), leaderCommit=6, initializing? false, entries: <empty>
2019-10-02 17:55:30,017 [grpc-default-executor-9] INFO  server.GrpcLogAppender (GrpcLogAppender.java:onCompleted(293)) - 3933d80c-e8ff-4f72-bba7-02820fb600e2@group-EB005B711FC0->b497eacb-55a3-4ffa-9375-3900e91065f4-AppendLogResponseHandler: follower responses appendEntries COMPLETED
2019-10-02 17:55:30,017 [grpc-default-executor-14] INFO  server.GrpcLogAppender (GrpcLogAppender.java:onCompleted(293)) - 3933d80c-e8ff-4f72-bba7-02820fb600e2@group-EB005B711FC0->91a1b220-aea4-4dd3-92cb-bba23af74008-AppendLogResponseHandler: follower responses appendEntries COMPLETED
2019-10-02 17:55:30,017 [grpc-default-executor-9] INFO  impl.FollowerInfo (FollowerInfo.java:lambda$new$0(51)) - 3933d80c-e8ff-4f72-bba7-02820fb600e2@group-EB005B711FC0->b497eacb-55a3-4ffa-9375-3900e91065f4: nextIndex: updateUnconditionally 9 -> 8
2019-10-02 17:55:30,018 [grpc-default-executor-14] INFO  impl.FollowerInfo (FollowerInfo.java:lambda$new$0(51)) - 3933d80c-e8ff-4f72-bba7-02820fb600e2@group-EB005B711FC0->91a1b220-aea4-4dd3-92cb-bba23af74008: nextIndex: updateUnconditionally 9 -> 8
2019-10-02 17:55:30,020 [3933d80c-e8ff-4f72-bba7-02820fb600e2@group-EB005B711FC0-StateMachineUpdater] INFO  ratis.ContainerStateMachine (ContainerStateMachine.java:takeSnapshot(305)) - group-EB005B711FC0: Finished taking a snapshot at:(t:1, i:6) file:/workdir/hadoop-ozone/integration-test/target/test-dir/MiniOzoneClusterImpl-65f8f4fe-1764-4468-9f48-37bf81c95b0d/datanode-1/data/ratis/7f186375-538e-4524-9d17-eb005b711fc0/sm/snapshot.1_6 time:5
2019-10-02 17:55:30,025 [3933d80c-e8ff-4f72-bba7-02820fb600e2@group-EB005B711FC0-StateMachineUpdater] INFO  impl.StateMachineUpdater (StateMachineUpdater.java:takeSnapshot(269)) - 3933d80c-e8ff-4f72-bba7-02820fb600e2@group-EB005B711FC0-StateMachineUpdater: Took a snapshot at index 6
2019-10-02 17:55:30,025 [3933d80c-e8ff-4f72-bba7-02820fb600e2@group-EB005B711FC0-StateMachineUpdater] INFO  impl.StateMachineUpdater (StateMachineUpdater.java:lambda$new$0(84)) - 3933d80c-e8ff-4f72-bba7-02820fb600e2@group-EB005B711FC0-StateMachineUpdater: snapshotIndex: updateIncreasingly -1 -> 6
2019-10-02 17:55:30,025 [grpc-default-executor-8] INFO  impl.RaftServerImpl (ServerState.java:close(387)) - 3933d80c-e8ff-4f72-bba7-02820fb600e2@group-EB005B711FC0: closes. applyIndex: 6
2019-10-02 17:55:30,025 [3933d80c-e8ff-4f72-bba7-02820fb600e2@group-EB005B711FC0-SegmentedRaftLogWorker] INFO  segmented.SegmentedRaftLogWorker (SegmentedRaftLogWorker.java:run(316)) - 3933d80c-e8ff-4f72-bba7-02820fb600e2@group-EB005B711FC0-SegmentedRaftLogWorker was interrupted, exiting. There are 0 tasks remaining in the queue.
2019-10-02 17:55:30,027 [grpc-default-executor-8] INFO  segmented.SegmentedRaftLogWorker (SegmentedRaftLogWorker.java:close(224)) - 3933d80c-e8ff-4f72-bba7-02820fb600e2@group-EB005B711FC0-SegmentedRaftLogWorker close()
2019-10-02 17:55:30,072 [grpc-default-executor-8] INFO  interfaces.Container (KeyValueContainer.java:flushAndSyncDB(386)) - Container 2 is synced with bcsId 0.
2019-10-02 17:55:30,072 [grpc-default-executor-8] INFO  interfaces.Container (KeyValueContainer.java:flushAndSyncDB(386)) - Container 2 is synced with bcsId 0.
2019-10-02 17:55:30,145 [grpc-default-executor-8] INFO  interfaces.Container (KeyValueContainer.java:flushAndSyncDB(386)) - Container 4 is synced with bcsId 0.
2019-10-02 17:55:30,145 [grpc-default-executor-8] INFO  interfaces.Container (KeyValueContainer.java:flushAndSyncDB(386)) - Container 4 is synced with bcsId 0.
2019-10-02 17:55:30,164 [grpc-default-executor-8] INFO  impl.RaftServerProxy (RaftServerProxy.java:remove(95)) - b497eacb-55a3-4ffa-9375-3900e91065f4: remove  FOLLOWER b497eacb-55a3-4ffa-9375-3900e91065f4@group-EB005B711FC0:t1, leader=3933d80c-e8ff-4f72-bba7-02820fb600e2, voted=3933d80c-e8ff-4f72-bba7-02820fb600e2, raftlog=b497eacb-55a3-4ffa-9375-3900e91065f4@group-EB005B711FC0-SegmentedRaftLog:OPENED:c6,f8,i8, conf=0: [91a1b220-aea4-4dd3-92cb-bba23af74008:192.168.151.72:35241, 3933d80c-e8ff-4f72-bba7-02820fb600e2:192.168.151.72:43322, b497eacb-55a3-4ffa-9375-3900e91065f4:192.168.151.72:45210], old=null RUNNING
2019-10-02 17:55:30,165 [grpc-default-executor-8] INFO  impl.RaftServerImpl (RaftServerImpl.java:lambda$shutdown$3(247)) - b497eacb-55a3-4ffa-9375-3900e91065f4@group-EB005B711FC0: shutdown
2019-10-02 17:55:30,165 [grpc-default-executor-8] INFO  util.JmxRegister (JmxRegister.java:unregister(73)) - Successfully un-registered JMX Bean with object name Ratis:service=RaftServer,group=group-EB005B711FC0,id=b497eacb-55a3-4ffa-9375-3900e91065f4
2019-10-02 17:55:30,165 [grpc-default-executor-8] INFO  impl.RoleInfo (RoleInfo.java:shutdownFollowerState(121)) - b497eacb-55a3-4ffa-9375-3900e91065f4: shutdown FollowerState
2019-10-02 17:55:30,165 [grpc-default-executor-8] INFO  impl.StateMachineUpdater (StateMachineUpdater.java:stopAndJoin(136)) - b497eacb-55a3-4ffa-9375-3900e91065f4@group-EB005B711FC0-StateMachineUpdater: set stopIndex = 6
2019-10-02 17:55:30,165 [Thread-1564] INFO  impl.FollowerState (FollowerState.java:run(117)) - b497eacb-55a3-4ffa-9375-3900e91065f4@group-EB005B711FC0-FollowerState was interrupted: java.lang.InterruptedException: sleep interrupted
2019-10-02 17:55:30,168 [b497eacb-55a3-4ffa-9375-3900e91065f4@group-EB005B711FC0-StateMachineUpdater] INFO  ratis.ContainerStateMachine (ContainerStateMachine.java:takeSnapshot(294)) - group-EB005B711FC0: Taking a snapshot at:(t:1, i:5) file /workdir/hadoop-ozone/integration-test/target/test-dir/MiniOzoneClusterImpl-65f8f4fe-1764-4468-9f48-37bf81c95b0d/datanode-0/data/ratis/7f186375-538e-4524-9d17-eb005b711fc0/sm/snapshot.1_5
2019-10-02 17:55:30,184 [b497eacb-55a3-4ffa-9375-3900e91065f4@group-EB005B711FC0-StateMachineUpdater] INFO  ratis.ContainerStateMachine (ContainerStateMachine.java:takeSnapshot(305)) - group-EB005B711FC0: Finished taking a snapshot at:(t:1, i:5) file:/workdir/hadoop-ozone/integration-test/target/test-dir/MiniOzoneClusterImpl-65f8f4fe-1764-4468-9f48-37bf81c95b0d/datanode-0/data/ratis/7f186375-538e-4524-9d17-eb005b711fc0/sm/snapshot.1_5 time:19
2019-10-02 17:55:30,185 [b497eacb-55a3-4ffa-9375-3900e91065f4@group-EB005B711FC0-StateMachineUpdater] INFO  impl.StateMachineUpdater (StateMachineUpdater.java:takeSnapshot(269)) - b497eacb-55a3-4ffa-9375-3900e91065f4@group-EB005B711FC0-StateMachineUpdater: Took a snapshot at index 5
2019-10-02 17:55:30,185 [b497eacb-55a3-4ffa-9375-3900e91065f4@group-EB005B711FC0-StateMachineUpdater] INFO  impl.StateMachineUpdater (StateMachineUpdater.java:lambda$new$0(84)) - b497eacb-55a3-4ffa-9375-3900e91065f4@group-EB005B711FC0-StateMachineUpdater: snapshotIndex: updateIncreasingly -1 -> 5
2019-10-02 17:55:30,185 [b497eacb-55a3-4ffa-9375-3900e91065f4@group-EB005B711FC0-StateMachineUpdater] INFO  ratis.ContainerStateMachine (ContainerStateMachine.java:takeSnapshot(294)) - group-EB005B711FC0: Taking a snapshot at:(t:1, i:5) file /workdir/hadoop-ozone/integration-test/target/test-dir/MiniOzoneClusterImpl-65f8f4fe-1764-4468-9f48-37bf81c95b0d/datanode-0/data/ratis/7f186375-538e-4524-9d17-eb005b711fc0/sm/snapshot.1_5
2019-10-02 17:55:30,198 [b497eacb-55a3-4ffa-9375-3900e91065f4@group-EB005B711FC0-StateMachineUpdater] INFO  ratis.ContainerStateMachine (ContainerStateMachine.java:takeSnapshot(305)) - group-EB005B711FC0: Finished taking a snapshot at:(t:1, i:5) file:/workdir/hadoop-ozone/integration-test/target/test-dir/MiniOzoneClusterImpl-65f8f4fe-1764-4468-9f48-37bf81c95b0d/datanode-0/data/ratis/7f186375-538e-4524-9d17-eb005b711fc0/sm/snapshot.1_5 time:13
2019-10-02 17:55:30,199 [b497eacb-55a3-4ffa-9375-3900e91065f4@group-EB005B711FC0-StateMachineUpdater] INFO  impl.StateMachineUpdater (StateMachineUpdater.java:takeSnapshot(269)) - b497eacb-55a3-4ffa-9375-3900e91065f4@group-EB005B711FC0-StateMachineUpdater: Took a snapshot at index 5
2019-10-02 17:55:30,199 [b497eacb-55a3-4ffa-9375-3900e91065f4@group-EB005B711FC0-StateMachineUpdater] INFO  impl.StateMachineUpdater (StateMachineUpdater.java:lambda$new$0(84)) - b497eacb-55a3-4ffa-9375-3900e91065f4@group-EB005B711FC0-StateMachineUpdater: snapshotIndex: updateIncreasingly 5 -> 5
2019-10-02 17:55:30,200 [grpc-default-executor-8] INFO  impl.RaftServerImpl (ServerState.java:close(387)) - b497eacb-55a3-4ffa-9375-3900e91065f4@group-EB005B711FC0: closes. applyIndex: 6
2019-10-02 17:55:30,201 [b497eacb-55a3-4ffa-9375-3900e91065f4@group-EB005B711FC0-SegmentedRaftLogWorker] INFO  segmented.SegmentedRaftLogWorker (SegmentedRaftLogWorker.java:run(316)) - b497eacb-55a3-4ffa-9375-3900e91065f4@group-EB005B711FC0-SegmentedRaftLogWorker was interrupted, exiting. There are 0 tasks remaining in the queue.
2019-10-02 17:55:30,207 [grpc-default-executor-8] INFO  segmented.SegmentedRaftLogWorker (SegmentedRaftLogWorker.java:close(224)) - b497eacb-55a3-4ffa-9375-3900e91065f4@group-EB005B711FC0-SegmentedRaftLogWorker close()
2019-10-02 17:55:30,262 [grpc-default-executor-8] INFO  interfaces.Container (KeyValueContainer.java:flushAndSyncDB(386)) - Container 1 is synced with bcsId 0.
2019-10-02 17:55:30,262 [grpc-default-executor-8] INFO  interfaces.Container (KeyValueContainer.java:flushAndSyncDB(386)) - Container 1 is synced with bcsId 0.
2019-10-02 17:55:30,298 [grpc-default-executor-8] INFO  interfaces.Container (KeyValueContainer.java:flushAndSyncDB(386)) - Container 2 is synced with bcsId 0.
2019-10-02 17:55:30,298 [grpc-default-executor-8] INFO  interfaces.Container (KeyValueContainer.java:flushAndSyncDB(386)) - Container 2 is synced with bcsId 0.
2019-10-02 17:55:30,362 [grpc-default-executor-8] INFO  interfaces.Container (KeyValueContainer.java:flushAndSyncDB(386)) - Container 4 is synced with bcsId 0.
2019-10-02 17:55:30,362 [grpc-default-executor-8] INFO  interfaces.Container (KeyValueContainer.java:flushAndSyncDB(386)) - Container 4 is synced with bcsId 0.
2019-10-02 17:55:30,380 [RatisPipelineUtilsThread] INFO  pipeline.PipelineStateManager (PipelineStateManager.java:removePipeline(108)) - Pipeline Pipeline[ Id: 7f186375-538e-4524-9d17-eb005b711fc0, Nodes: 91a1b220-aea4-4dd3-92cb-bba23af74008{ip: 192.168.151.72, host: pr-trunk-fgz7f-2353921243, networkLocation: /default-rack, certSerialId: null}3933d80c-e8ff-4f72-bba7-02820fb600e2{ip: 192.168.151.72, host: pr-trunk-fgz7f-2353921243, networkLocation: /default-rack, certSerialId: null}b497eacb-55a3-4ffa-9375-3900e91065f4{ip: 192.168.151.72, host: pr-trunk-fgz7f-2353921243, networkLocation: /default-rack, certSerialId: null}, Type:RATIS, Factor:THREE, State:CLOSED] removed from db
2019-10-02 17:55:30,385 [grpc-default-executor-8] INFO  impl.RaftServerProxy (RaftServerProxy.java:remove(95)) - 91a1b220-aea4-4dd3-92cb-bba23af74008: remove group-EB005B711FC0:null
2019-10-02 17:55:30,394 [RatisPipelineUtilsThread] WARN  pipeline.RatisPipelineUtils (RatisPipelineUtils.java:destroyPipeline(67)) - Pipeline destroy failed for pipeline=PipelineID=7f186375-538e-4524-9d17-eb005b711fc0 dn=91a1b220-aea4-4dd3-92cb-bba23af74008{ip: 192.168.151.72, host: pr-trunk-fgz7f-2353921243, networkLocation: /default-rack, certSerialId: null}
2019-10-02 17:55:30,415 [grpc-default-executor-8] INFO  impl.RaftServerProxy (RaftServerProxy.java:remove(95)) - 3933d80c-e8ff-4f72-bba7-02820fb600e2: remove group-EB005B711FC0:null
2019-10-02 17:55:30,424 [RatisPipelineUtilsThread] WARN  pipeline.RatisPipelineUtils (RatisPipelineUtils.java:destroyPipeline(67)) - Pipeline destroy failed for pipeline=PipelineID=7f186375-538e-4524-9d17-eb005b711fc0 dn=3933d80c-e8ff-4f72-bba7-02820fb600e2{ip: 192.168.151.72, host: pr-trunk-fgz7f-2353921243, networkLocation: /default-rack, certSerialId: null}
2019-10-02 17:55:30,427 [grpc-default-executor-8] INFO  impl.RaftServerProxy (RaftServerProxy.java:remove(95)) - b497eacb-55a3-4ffa-9375-3900e91065f4: remove group-EB005B711FC0:null
2019-10-02 17:55:30,436 [RatisPipelineUtilsThread] WARN  pipeline.RatisPipelineUtils (RatisPipelineUtils.java:destroyPipeline(67)) - Pipeline destroy failed for pipeline=PipelineID=7f186375-538e-4524-9d17-eb005b711fc0 dn=b497eacb-55a3-4ffa-9375-3900e91065f4{ip: 192.168.151.72, host: pr-trunk-fgz7f-2353921243, networkLocation: /default-rack, certSerialId: null}
2019-10-02 17:55:30,436 [RatisPipelineUtilsThread] ERROR pipeline.SCMPipelineManager (Scheduler.java:lambda$schedule$1(70)) - Destroy pipeline failed for pipeline:Pipeline[ Id: 7f186375-538e-4524-9d17-eb005b711fc0, Nodes: 91a1b220-aea4-4dd3-92cb-bba23af74008{ip: 192.168.151.72, host: pr-trunk-fgz7f-2353921243, networkLocation: /default-rack, certSerialId: null}3933d80c-e8ff-4f72-bba7-02820fb600e2{ip: 192.168.151.72, host: pr-trunk-fgz7f-2353921243, networkLocation: /default-rack, certSerialId: null}b497eacb-55a3-4ffa-9375-3900e91065f4{ip: 192.168.151.72, host: pr-trunk-fgz7f-2353921243, networkLocation: /default-rack, certSerialId: null}, Type:RATIS, Factor:THREE, State:CLOSED]
org.apache.hadoop.hdds.scm.pipeline.PipelineNotFoundException: PipelineID=7f186375-538e-4524-9d17-eb005b711fc0 not found
	at org.apache.hadoop.hdds.scm.pipeline.PipelineStateMap.getPipeline(PipelineStateMap.java:132)
	at org.apache.hadoop.hdds.scm.pipeline.PipelineStateMap.removePipeline(PipelineStateMap.java:322)
	at org.apache.hadoop.hdds.scm.pipeline.PipelineStateManager.removePipeline(PipelineStateManager.java:107)
	at org.apache.hadoop.hdds.scm.pipeline.SCMPipelineManager.removePipeline(SCMPipelineManager.java:427)
	at org.apache.hadoop.hdds.scm.pipeline.SCMPipelineManager.destroyPipeline(SCMPipelineManager.java:413)
	at org.apache.hadoop.hdds.scm.pipeline.SCMPipelineManager.lambda$finalizeAndDestroyPipeline$0(SCMPipelineManager.java:322)
	at org.apache.hadoop.hdds.utils.Scheduler.lambda$schedule$1(Scheduler.java:68)
	at java.util.concurrent.Executors$RunnableAdapter.call(Executors.java:511)
	at java.util.concurrent.FutureTask.run(FutureTask.java:266)
	at java.util.concurrent.ScheduledThreadPoolExecutor$ScheduledFutureTask.access$201(ScheduledThreadPoolExecutor.java:180)
	at java.util.concurrent.ScheduledThreadPoolExecutor$ScheduledFutureTask.run(ScheduledThreadPoolExecutor.java:293)
	at java.util.concurrent.ThreadPoolExecutor.runWorker(ThreadPoolExecutor.java:1149)
	at java.util.concurrent.ThreadPoolExecutor$Worker.run(ThreadPoolExecutor.java:624)
	at java.lang.Thread.run(Thread.java:748)
2019-10-02 17:55:30,445 [grpc-default-executor-14] INFO  impl.RaftServerProxy (RaftServerProxy.java:addNew(89)) - 3933d80c-e8ff-4f72-bba7-02820fb600e2: addNew group-3CA089F748F7:[91a1b220-aea4-4dd3-92cb-bba23af74008:192.168.151.72:35241, 3933d80c-e8ff-4f72-bba7-02820fb600e2:192.168.151.72:43322, b497eacb-55a3-4ffa-9375-3900e91065f4:192.168.151.72:45210] returns group-3CA089F748F7:java.util.concurrent.CompletableFuture@10e7d5c6[Not completed]
2019-10-02 17:55:30,445 [grpc-default-executor-9] INFO  impl.RaftServerProxy (RaftServerProxy.java:addNew(89)) - 91a1b220-aea4-4dd3-92cb-bba23af74008: addNew group-3CA089F748F7:[91a1b220-aea4-4dd3-92cb-bba23af74008:192.168.151.72:35241, 3933d80c-e8ff-4f72-bba7-02820fb600e2:192.168.151.72:43322, b497eacb-55a3-4ffa-9375-3900e91065f4:192.168.151.72:45210] returns group-3CA089F748F7:java.util.concurrent.CompletableFuture@2b54cdfb[Not completed]
2019-10-02 17:55:30,448 [grpc-default-executor-14] INFO  impl.RaftServerProxy (RaftServerProxy.java:addNew(89)) - b497eacb-55a3-4ffa-9375-3900e91065f4: addNew group-3CA089F748F7:[91a1b220-aea4-4dd3-92cb-bba23af74008:192.168.151.72:35241, 3933d80c-e8ff-4f72-bba7-02820fb600e2:192.168.151.72:43322, b497eacb-55a3-4ffa-9375-3900e91065f4:192.168.151.72:45210] returns group-3CA089F748F7:java.util.concurrent.CompletableFuture@14d85302[Not completed]
2019-10-02 17:55:30,449 [pool-131-thread-1] INFO  impl.RaftServerImpl (RaftServerImpl.java:<init>(95)) - 3933d80c-e8ff-4f72-bba7-02820fb600e2: new RaftServerImpl for group-3CA089F748F7:[91a1b220-aea4-4dd3-92cb-bba23af74008:192.168.151.72:35241, 3933d80c-e8ff-4f72-bba7-02820fb600e2:192.168.151.72:43322, b497eacb-55a3-4ffa-9375-3900e91065f4:192.168.151.72:45210] with ContainerStateMachine:uninitialized
2019-10-02 17:55:30,449 [pool-131-thread-1] INFO  server.RaftServerConfigKeys (ConfUtils.java:logGet(43)) - raft.server.rpc.timeout.min = 5s (custom)
2019-10-02 17:55:30,449 [pool-131-thread-1] INFO  server.RaftServerConfigKeys (ConfUtils.java:logGet(43)) - raft.server.rpc.timeout.max = 5200ms (custom)
2019-10-02 17:55:30,449 [pool-121-thread-1] INFO  impl.RaftServerImpl (RaftServerImpl.java:<init>(95)) - b497eacb-55a3-4ffa-9375-3900e91065f4: new RaftServerImpl for group-3CA089F748F7:[91a1b220-aea4-4dd3-92cb-bba23af74008:192.168.151.72:35241, 3933d80c-e8ff-4f72-bba7-02820fb600e2:192.168.151.72:43322, b497eacb-55a3-4ffa-9375-3900e91065f4:192.168.151.72:45210] with ContainerStateMachine:uninitialized
2019-10-02 17:55:30,449 [pool-131-thread-1] INFO  server.RaftServerConfigKeys (ConfUtils.java:logGet(43)) - raft.server.rpcslowness.timeout = 120s (custom)
2019-10-02 17:55:30,450 [pool-121-thread-1] INFO  server.RaftServerConfigKeys (ConfUtils.java:logGet(43)) - raft.server.rpc.timeout.min = 5s (custom)
2019-10-02 17:55:30,450 [pool-131-thread-1] INFO  server.RaftServerConfigKeys (ConfUtils.java:logGet(43)) - raft.server.sleep.deviation.threshold = 300 (default)
2019-10-02 17:55:30,450 [pool-121-thread-1] INFO  server.RaftServerConfigKeys (ConfUtils.java:logGet(43)) - raft.server.rpc.timeout.max = 5200ms (custom)
2019-10-02 17:55:30,450 [pool-131-thread-1] INFO  server.RaftServerConfigKeys (ConfUtils.java:logGet(43)) - raft.server.log.appender.install.snapshot.enabled = false (custom)
2019-10-02 17:55:30,450 [pool-121-thread-1] INFO  server.RaftServerConfigKeys (ConfUtils.java:logGet(43)) - raft.server.rpcslowness.timeout = 120s (custom)
2019-10-02 17:55:30,450 [pool-161-thread-1] INFO  impl.RaftServerImpl (RaftServerImpl.java:<init>(95)) - 91a1b220-aea4-4dd3-92cb-bba23af74008: new RaftServerImpl for group-3CA089F748F7:[91a1b220-aea4-4dd3-92cb-bba23af74008:192.168.151.72:35241, 3933d80c-e8ff-4f72-bba7-02820fb600e2:192.168.151.72:43322, b497eacb-55a3-4ffa-9375-3900e91065f4:192.168.151.72:45210] with ContainerStateMachine:uninitialized
2019-10-02 17:55:30,450 [pool-131-thread-1] INFO  impl.RaftServerImpl (ServerState.java:<init>(103)) - 3933d80c-e8ff-4f72-bba7-02820fb600e2@group-3CA089F748F7: ConfigurationManager, init=-1: [91a1b220-aea4-4dd3-92cb-bba23af74008:192.168.151.72:35241, 3933d80c-e8ff-4f72-bba7-02820fb600e2:192.168.151.72:43322, b497eacb-55a3-4ffa-9375-3900e91065f4:192.168.151.72:45210], old=null, confs=<EMPTY_MAP>
2019-10-02 17:55:30,450 [pool-161-thread-1] INFO  server.RaftServerConfigKeys (ConfUtils.java:logGet(43)) - raft.server.rpc.timeout.min = 5s (custom)
2019-10-02 17:55:30,450 [pool-121-thread-1] INFO  server.RaftServerConfigKeys (ConfUtils.java:logGet(43)) - raft.server.sleep.deviation.threshold = 300 (default)
2019-10-02 17:55:30,451 [pool-161-thread-1] INFO  server.RaftServerConfigKeys (ConfUtils.java:logGet(43)) - raft.server.rpc.timeout.max = 5200ms (custom)
2019-10-02 17:55:30,451 [pool-131-thread-1] INFO  server.RaftServerConfigKeys (ConfUtils.java:logGet(43)) - raft.server.storage.dir = [/workdir/hadoop-ozone/integration-test/target/test-dir/MiniOzoneClusterImpl-65f8f4fe-1764-4468-9f48-37bf81c95b0d/datanode-1/data/ratis] (custom)
2019-10-02 17:55:30,451 [pool-161-thread-1] INFO  server.RaftServerConfigKeys (ConfUtils.java:logGet(43)) - raft.server.rpcslowness.timeout = 120s (custom)
2019-10-02 17:55:30,451 [pool-121-thread-1] INFO  server.RaftServerConfigKeys (ConfUtils.java:logGet(43)) - raft.server.log.appender.install.snapshot.enabled = false (custom)
2019-10-02 17:55:30,451 [pool-131-thread-1] INFO  server.RaftServerConfigKeys (ConfUtils.java:logGet(43)) - raft.server.log.corruption.policy = EXCEPTION (default)
2019-10-02 17:55:30,451 [pool-161-thread-1] INFO  server.RaftServerConfigKeys (ConfUtils.java:logGet(43)) - raft.server.sleep.deviation.threshold = 300 (default)
2019-10-02 17:55:30,452 [pool-131-thread-1] INFO  storage.RaftStorageDirectory (RaftStorageDirectory.java:analyzeStorage(246)) - The storage directory /workdir/hadoop-ozone/integration-test/target/test-dir/MiniOzoneClusterImpl-65f8f4fe-1764-4468-9f48-37bf81c95b0d/datanode-1/data/ratis/b6bae989-c089-4962-b325-3ca089f748f7 does not exist. Creating ...
2019-10-02 17:55:30,451 [pool-121-thread-1] INFO  impl.RaftServerImpl (ServerState.java:<init>(103)) - b497eacb-55a3-4ffa-9375-3900e91065f4@group-3CA089F748F7: ConfigurationManager, init=-1: [91a1b220-aea4-4dd3-92cb-bba23af74008:192.168.151.72:35241, 3933d80c-e8ff-4f72-bba7-02820fb600e2:192.168.151.72:43322, b497eacb-55a3-4ffa-9375-3900e91065f4:192.168.151.72:45210], old=null, confs=<EMPTY_MAP>
2019-10-02 17:55:30,452 [pool-161-thread-1] INFO  server.RaftServerConfigKeys (ConfUtils.java:logGet(43)) - raft.server.log.appender.install.snapshot.enabled = false (custom)
2019-10-02 17:55:30,452 [pool-121-thread-1] INFO  server.RaftServerConfigKeys (ConfUtils.java:logGet(43)) - raft.server.storage.dir = [/workdir/hadoop-ozone/integration-test/target/test-dir/MiniOzoneClusterImpl-65f8f4fe-1764-4468-9f48-37bf81c95b0d/datanode-0/data/ratis] (custom)
2019-10-02 17:55:30,452 [pool-161-thread-1] INFO  impl.RaftServerImpl (ServerState.java:<init>(103)) - 91a1b220-aea4-4dd3-92cb-bba23af74008@group-3CA089F748F7: ConfigurationManager, init=-1: [91a1b220-aea4-4dd3-92cb-bba23af74008:192.168.151.72:35241, 3933d80c-e8ff-4f72-bba7-02820fb600e2:192.168.151.72:43322, b497eacb-55a3-4ffa-9375-3900e91065f4:192.168.151.72:45210], old=null, confs=<EMPTY_MAP>
2019-10-02 17:55:30,452 [pool-121-thread-1] INFO  server.RaftServerConfigKeys (ConfUtils.java:logGet(43)) - raft.server.log.corruption.policy = EXCEPTION (default)
2019-10-02 17:55:30,452 [pool-161-thread-1] INFO  server.RaftServerConfigKeys (ConfUtils.java:logGet(43)) - raft.server.storage.dir = [/workdir/hadoop-ozone/integration-test/target/test-dir/MiniOzoneClusterImpl-65f8f4fe-1764-4468-9f48-37bf81c95b0d/datanode-4/data/ratis] (custom)
2019-10-02 17:55:30,452 [pool-121-thread-1] INFO  storage.RaftStorageDirectory (RaftStorageDirectory.java:analyzeStorage(246)) - The storage directory /workdir/hadoop-ozone/integration-test/target/test-dir/MiniOzoneClusterImpl-65f8f4fe-1764-4468-9f48-37bf81c95b0d/datanode-0/data/ratis/b6bae989-c089-4962-b325-3ca089f748f7 does not exist. Creating ...
2019-10-02 17:55:30,453 [pool-161-thread-1] INFO  server.RaftServerConfigKeys (ConfUtils.java:logGet(43)) - raft.server.log.corruption.policy = EXCEPTION (default)
2019-10-02 17:55:30,453 [pool-161-thread-1] INFO  storage.RaftStorageDirectory (RaftStorageDirectory.java:analyzeStorage(246)) - The storage directory /workdir/hadoop-ozone/integration-test/target/test-dir/MiniOzoneClusterImpl-65f8f4fe-1764-4468-9f48-37bf81c95b0d/datanode-4/data/ratis/b6bae989-c089-4962-b325-3ca089f748f7 does not exist. Creating ...
2019-10-02 17:55:30,466 [pool-131-thread-1] INFO  storage.RaftStorageDirectory (RaftStorageDirectory.java:tryLock(328)) - Lock on /workdir/hadoop-ozone/integration-test/target/test-dir/MiniOzoneClusterImpl-65f8f4fe-1764-4468-9f48-37bf81c95b0d/datanode-1/data/ratis/b6bae989-c089-4962-b325-3ca089f748f7/in_use.lock acquired by nodename 27144@pr-trunk-fgz7f-2353921243
2019-10-02 17:55:30,466 [pool-161-thread-1] INFO  storage.RaftStorageDirectory (RaftStorageDirectory.java:tryLock(328)) - Lock on /workdir/hadoop-ozone/integration-test/target/test-dir/MiniOzoneClusterImpl-65f8f4fe-1764-4468-9f48-37bf81c95b0d/datanode-4/data/ratis/b6bae989-c089-4962-b325-3ca089f748f7/in_use.lock acquired by nodename 27144@pr-trunk-fgz7f-2353921243
2019-10-02 17:55:30,466 [pool-121-thread-1] INFO  storage.RaftStorageDirectory (RaftStorageDirectory.java:tryLock(328)) - Lock on /workdir/hadoop-ozone/integration-test/target/test-dir/MiniOzoneClusterImpl-65f8f4fe-1764-4468-9f48-37bf81c95b0d/datanode-0/data/ratis/b6bae989-c089-4962-b325-3ca089f748f7/in_use.lock acquired by nodename 27144@pr-trunk-fgz7f-2353921243
2019-10-02 17:55:30,480 [pool-121-thread-1] INFO  storage.RaftStorage (RaftStorage.java:format(84)) - Storage directory /workdir/hadoop-ozone/integration-test/target/test-dir/MiniOzoneClusterImpl-65f8f4fe-1764-4468-9f48-37bf81c95b0d/datanode-0/data/ratis/b6bae989-c089-4962-b325-3ca089f748f7 has been successfully formatted.
2019-10-02 17:55:30,480 [pool-131-thread-1] INFO  storage.RaftStorage (RaftStorage.java:format(84)) - Storage directory /workdir/hadoop-ozone/integration-test/target/test-dir/MiniOzoneClusterImpl-65f8f4fe-1764-4468-9f48-37bf81c95b0d/datanode-1/data/ratis/b6bae989-c089-4962-b325-3ca089f748f7 has been successfully formatted.
2019-10-02 17:55:30,480 [pool-161-thread-1] INFO  storage.RaftStorage (RaftStorage.java:format(84)) - Storage directory /workdir/hadoop-ozone/integration-test/target/test-dir/MiniOzoneClusterImpl-65f8f4fe-1764-4468-9f48-37bf81c95b0d/datanode-4/data/ratis/b6bae989-c089-4962-b325-3ca089f748f7 has been successfully formatted.
2019-10-02 17:55:30,481 [pool-131-thread-1] INFO  ratis.ContainerStateMachine (ContainerStateMachine.java:loadSnapshot(231)) - group-3CA089F748F7: The snapshot info is null. Setting the last applied indexto:(t:0, i:~)
2019-10-02 17:55:30,481 [pool-121-thread-1] INFO  ratis.ContainerStateMachine (ContainerStateMachine.java:loadSnapshot(231)) - group-3CA089F748F7: The snapshot info is null. Setting the last applied indexto:(t:0, i:~)
2019-10-02 17:55:30,481 [pool-131-thread-1] INFO  server.RaftServerConfigKeys (ConfUtils.java:logGet(43)) - raft.server.notification.no-leader.timeout = 120s (custom)
2019-10-02 17:55:30,481 [pool-161-thread-1] INFO  ratis.ContainerStateMachine (ContainerStateMachine.java:loadSnapshot(231)) - group-3CA089F748F7: The snapshot info is null. Setting the last applied indexto:(t:0, i:~)
2019-10-02 17:55:30,481 [pool-131-thread-1] INFO  server.RaftServerConfigKeys (ConfUtils.java:logGet(43)) - raft.server.log.use.memory = false (default)
2019-10-02 17:55:30,481 [pool-121-thread-1] INFO  server.RaftServerConfigKeys (ConfUtils.java:logGet(43)) - raft.server.notification.no-leader.timeout = 120s (custom)
2019-10-02 17:55:30,481 [pool-131-thread-1] INFO  server.RaftServerConfigKeys (ConfUtils.java:logGet(43)) - raft.server.log.purge.gap = 1000000 (custom)
2019-10-02 17:55:30,481 [pool-161-thread-1] INFO  server.RaftServerConfigKeys (ConfUtils.java:logGet(43)) - raft.server.notification.no-leader.timeout = 120s (custom)
2019-10-02 17:55:30,482 [pool-131-thread-1] INFO  server.RaftServerConfigKeys (ConfUtils.java:logGet(43)) - raft.server.log.appender.buffer.byte-limit = 33554432 (custom)
2019-10-02 17:55:30,481 [pool-121-thread-1] INFO  server.RaftServerConfigKeys (ConfUtils.java:logGet(43)) - raft.server.log.use.memory = false (default)
2019-10-02 17:55:30,482 [pool-131-thread-1] INFO  server.RaftServerConfigKeys (ConfUtils.java:logGet(43)) - raft.server.log.segment.size.max = 1048576 (custom)
2019-10-02 17:55:30,482 [pool-161-thread-1] INFO  server.RaftServerConfigKeys (ConfUtils.java:logGet(43)) - raft.server.log.use.memory = false (default)
2019-10-02 17:55:30,482 [pool-131-thread-1] INFO  server.RaftServerConfigKeys (ConfUtils.java:logGet(43)) - raft.server.log.segment.cache.num.max = 2 (custom)
2019-10-02 17:55:30,482 [pool-121-thread-1] INFO  server.RaftServerConfigKeys (ConfUtils.java:logGet(43)) - raft.server.log.purge.gap = 1000000 (custom)
2019-10-02 17:55:30,482 [pool-131-thread-1] INFO  segmented.SegmentedRaftLogWorker (SegmentedRaftLogWorker.java:<init>(173)) - new 3933d80c-e8ff-4f72-bba7-02820fb600e2@group-3CA089F748F7-SegmentedRaftLogWorker for RaftStorage:Storage Directory /workdir/hadoop-ozone/integration-test/target/test-dir/MiniOzoneClusterImpl-65f8f4fe-1764-4468-9f48-37bf81c95b0d/datanode-1/data/ratis/b6bae989-c089-4962-b325-3ca089f748f7
2019-10-02 17:55:30,482 [pool-161-thread-1] INFO  server.RaftServerConfigKeys (ConfUtils.java:logGet(43)) - raft.server.log.purge.gap = 1000000 (custom)
2019-10-02 17:55:30,482 [pool-131-thread-1] INFO  server.RaftServerConfigKeys (ConfUtils.java:logGet(43)) - raft.server.log.queue.byte-limit = 2147483647 (custom)
2019-10-02 17:55:30,482 [pool-121-thread-1] INFO  server.RaftServerConfigKeys (ConfUtils.java:logGet(43)) - raft.server.log.appender.buffer.byte-limit = 33554432 (custom)
2019-10-02 17:55:30,483 [pool-131-thread-1] INFO  server.RaftServerConfigKeys (ConfUtils.java:logGet(43)) - raft.server.log.queue.element-limit = 1024 (custom)
2019-10-02 17:55:30,483 [pool-161-thread-1] INFO  server.RaftServerConfigKeys (ConfUtils.java:logGet(43)) - raft.server.log.appender.buffer.byte-limit = 33554432 (custom)
2019-10-02 17:55:30,483 [pool-131-thread-1] INFO  server.RaftServerConfigKeys (ConfUtils.java:logGet(43)) - raft.server.log.segment.size.max = 1048576 (custom)
2019-10-02 17:55:30,483 [pool-121-thread-1] INFO  server.RaftServerConfigKeys (ConfUtils.java:logGet(43)) - raft.server.log.segment.size.max = 1048576 (custom)
2019-10-02 17:55:30,483 [pool-131-thread-1] INFO  server.RaftServerConfigKeys (ConfUtils.java:logGet(43)) - raft.server.log.preallocated.size = 16384 (custom)
2019-10-02 17:55:30,483 [pool-161-thread-1] INFO  server.RaftServerConfigKeys (ConfUtils.java:logGet(43)) - raft.server.log.segment.size.max = 1048576 (custom)
2019-10-02 17:55:30,483 [pool-131-thread-1] INFO  server.RaftServerConfigKeys (ConfUtils.java:logGet(43)) - raft.server.log.write.buffer.size = 33554432 (custom)
2019-10-02 17:55:30,483 [pool-121-thread-1] INFO  server.RaftServerConfigKeys (ConfUtils.java:logGet(43)) - raft.server.log.segment.cache.num.max = 2 (custom)
2019-10-02 17:55:30,484 [pool-131-thread-1] INFO  server.RaftServerConfigKeys (ConfUtils.java:logGet(43)) - raft.server.log.force.sync.num = 128 (default)
2019-10-02 17:55:30,483 [pool-161-thread-1] INFO  server.RaftServerConfigKeys (ConfUtils.java:logGet(43)) - raft.server.log.segment.cache.num.max = 2 (custom)
2019-10-02 17:55:30,484 [pool-131-thread-1] INFO  server.RaftServerConfigKeys (ConfUtils.java:logGet(43)) - raft.server.log.statemachine.data.sync = true (default)
2019-10-02 17:55:30,484 [pool-121-thread-1] INFO  segmented.SegmentedRaftLogWorker (SegmentedRaftLogWorker.java:<init>(173)) - new b497eacb-55a3-4ffa-9375-3900e91065f4@group-3CA089F748F7-SegmentedRaftLogWorker for RaftStorage:Storage Directory /workdir/hadoop-ozone/integration-test/target/test-dir/MiniOzoneClusterImpl-65f8f4fe-1764-4468-9f48-37bf81c95b0d/datanode-0/data/ratis/b6bae989-c089-4962-b325-3ca089f748f7
2019-10-02 17:55:30,484 [pool-131-thread-1] INFO  server.RaftServerConfigKeys (ConfUtils.java:logGet(43)) - raft.server.log.statemachine.data.sync.timeout = 10s (default)
2019-10-02 17:55:30,484 [pool-161-thread-1] INFO  segmented.SegmentedRaftLogWorker (SegmentedRaftLogWorker.java:<init>(173)) - new 91a1b220-aea4-4dd3-92cb-bba23af74008@group-3CA089F748F7-SegmentedRaftLogWorker for RaftStorage:Storage Directory /workdir/hadoop-ozone/integration-test/target/test-dir/MiniOzoneClusterImpl-65f8f4fe-1764-4468-9f48-37bf81c95b0d/datanode-4/data/ratis/b6bae989-c089-4962-b325-3ca089f748f7
2019-10-02 17:55:30,484 [pool-131-thread-1] INFO  server.RaftServerConfigKeys (ConfUtils.java:logGet(43)) - raft.server.log.statemachine.data.sync.timeout.retry = -1 (default)
2019-10-02 17:55:30,484 [pool-121-thread-1] INFO  server.RaftServerConfigKeys (ConfUtils.java:logGet(43)) - raft.server.log.queue.byte-limit = 2147483647 (custom)
2019-10-02 17:55:30,484 [pool-131-thread-1] INFO  server.RaftServerConfigKeys (ConfUtils.java:logGet(43)) - raft.server.log.statemachine.data.caching.enabled = true (custom)
2019-10-02 17:55:30,484 [pool-161-thread-1] INFO  server.RaftServerConfigKeys (ConfUtils.java:logGet(43)) - raft.server.log.queue.byte-limit = 2147483647 (custom)
2019-10-02 17:55:30,485 [pool-121-thread-1] INFO  server.RaftServerConfigKeys (ConfUtils.java:logGet(43)) - raft.server.log.queue.element-limit = 1024 (custom)
2019-10-02 17:55:30,485 [pool-131-thread-1] INFO  segmented.SegmentedRaftLogWorker (SegmentedRaftLogWorker.java:lambda$new$0(128)) - 3933d80c-e8ff-4f72-bba7-02820fb600e2@group-3CA089F748F7-SegmentedRaftLogWorker: flushIndex: setUnconditionally 0 -> -1
2019-10-02 17:55:30,485 [pool-161-thread-1] INFO  server.RaftServerConfigKeys (ConfUtils.java:logGet(43)) - raft.server.log.queue.element-limit = 1024 (custom)
2019-10-02 17:55:30,485 [pool-121-thread-1] INFO  server.RaftServerConfigKeys (ConfUtils.java:logGet(43)) - raft.server.log.segment.size.max = 1048576 (custom)
2019-10-02 17:55:30,485 [pool-131-thread-1] INFO  server.RaftServerConfigKeys (ConfUtils.java:logGet(43)) - raft.server.snapshot.auto.trigger.enabled = true (custom)
2019-10-02 17:55:30,485 [pool-161-thread-1] INFO  server.RaftServerConfigKeys (ConfUtils.java:logGet(43)) - raft.server.log.segment.size.max = 1048576 (custom)
2019-10-02 17:55:30,485 [pool-131-thread-1] INFO  server.RaftServerConfigKeys (ConfUtils.java:logGet(43)) - raft.server.snapshot.auto.trigger.threshold = 10000 (custom)
2019-10-02 17:55:30,485 [pool-121-thread-1] INFO  server.RaftServerConfigKeys (ConfUtils.java:logGet(43)) - raft.server.log.preallocated.size = 16384 (custom)
2019-10-02 17:55:30,486 [pool-131-thread-1] INFO  server.RaftServerConfigKeys (ConfUtils.java:logGet(43)) - raft.server.snapshot.retention.file.num = 5 (custom)
2019-10-02 17:55:30,485 [pool-161-thread-1] INFO  server.RaftServerConfigKeys (ConfUtils.java:logGet(43)) - raft.server.log.preallocated.size = 16384 (custom)
2019-10-02 17:55:30,486 [pool-131-thread-1] INFO  server.RaftServerConfigKeys (ConfUtils.java:logGet(43)) - raft.server.retrycache.expirytime = 600000ms (custom)
2019-10-02 17:55:30,486 [pool-121-thread-1] INFO  server.RaftServerConfigKeys (ConfUtils.java:logGet(43)) - raft.server.log.write.buffer.size = 33554432 (custom)
2019-10-02 17:55:30,486 [pool-161-thread-1] INFO  server.RaftServerConfigKeys (ConfUtils.java:logGet(43)) - raft.server.log.write.buffer.size = 33554432 (custom)
2019-10-02 17:55:30,486 [pool-121-thread-1] INFO  server.RaftServerConfigKeys (ConfUtils.java:logGet(43)) - raft.server.log.force.sync.num = 128 (default)
2019-10-02 17:55:30,486 [pool-161-thread-1] INFO  server.RaftServerConfigKeys (ConfUtils.java:logGet(43)) - raft.server.log.force.sync.num = 128 (default)
2019-10-02 17:55:30,486 [pool-121-thread-1] INFO  server.RaftServerConfigKeys (ConfUtils.java:logGet(43)) - raft.server.log.statemachine.data.sync = true (default)
2019-10-02 17:55:30,487 [pool-161-thread-1] INFO  server.RaftServerConfigKeys (ConfUtils.java:logGet(43)) - raft.server.log.statemachine.data.sync = true (default)
2019-10-02 17:55:30,487 [pool-121-thread-1] INFO  server.RaftServerConfigKeys (ConfUtils.java:logGet(43)) - raft.server.log.statemachine.data.sync.timeout = 10s (default)
2019-10-02 17:55:30,487 [pool-161-thread-1] INFO  server.RaftServerConfigKeys (ConfUtils.java:logGet(43)) - raft.server.log.statemachine.data.sync.timeout = 10s (default)
2019-10-02 17:55:30,487 [pool-121-thread-1] INFO  server.RaftServerConfigKeys (ConfUtils.java:logGet(43)) - raft.server.log.statemachine.data.sync.timeout.retry = -1 (default)
2019-10-02 17:55:30,487 [pool-161-thread-1] INFO  server.RaftServerConfigKeys (ConfUtils.java:logGet(43)) - raft.server.log.statemachine.data.sync.timeout.retry = -1 (default)
2019-10-02 17:55:30,487 [pool-121-thread-1] INFO  server.RaftServerConfigKeys (ConfUtils.java:logGet(43)) - raft.server.log.statemachine.data.caching.enabled = true (custom)
2019-10-02 17:55:30,487 [pool-161-thread-1] INFO  server.RaftServerConfigKeys (ConfUtils.java:logGet(43)) - raft.server.log.statemachine.data.caching.enabled = true (custom)
2019-10-02 17:55:30,488 [pool-121-thread-1] INFO  segmented.SegmentedRaftLogWorker (SegmentedRaftLogWorker.java:lambda$new$0(128)) - b497eacb-55a3-4ffa-9375-3900e91065f4@group-3CA089F748F7-SegmentedRaftLogWorker: flushIndex: setUnconditionally 0 -> -1
2019-10-02 17:55:30,488 [pool-161-thread-1] INFO  segmented.SegmentedRaftLogWorker (SegmentedRaftLogWorker.java:lambda$new$0(128)) - 91a1b220-aea4-4dd3-92cb-bba23af74008@group-3CA089F748F7-SegmentedRaftLogWorker: flushIndex: setUnconditionally 0 -> -1
2019-10-02 17:55:30,488 [pool-121-thread-1] INFO  server.RaftServerConfigKeys (ConfUtils.java:logGet(43)) - raft.server.snapshot.auto.trigger.enabled = true (custom)
2019-10-02 17:55:30,488 [pool-121-thread-1] INFO  server.RaftServerConfigKeys (ConfUtils.java:logGet(43)) - raft.server.snapshot.auto.trigger.threshold = 10000 (custom)
2019-10-02 17:55:30,488 [pool-161-thread-1] INFO  server.RaftServerConfigKeys (ConfUtils.java:logGet(43)) - raft.server.snapshot.auto.trigger.enabled = true (custom)
2019-10-02 17:55:30,488 [pool-131-thread-1] INFO  impl.RaftServerImpl (RaftServerImpl.java:start(181)) - 3933d80c-e8ff-4f72-bba7-02820fb600e2@group-3CA089F748F7: start as a follower, conf=-1: [91a1b220-aea4-4dd3-92cb-bba23af74008:192.168.151.72:35241, 3933d80c-e8ff-4f72-bba7-02820fb600e2:192.168.151.72:43322, b497eacb-55a3-4ffa-9375-3900e91065f4:192.168.151.72:45210], old=null
2019-10-02 17:55:30,488 [pool-161-thread-1] INFO  server.RaftServerConfigKeys (ConfUtils.java:logGet(43)) - raft.server.snapshot.auto.trigger.threshold = 10000 (custom)
2019-10-02 17:55:30,488 [pool-121-thread-1] INFO  server.RaftServerConfigKeys (ConfUtils.java:logGet(43)) - raft.server.snapshot.retention.file.num = 5 (custom)
2019-10-02 17:55:30,488 [pool-161-thread-1] INFO  server.RaftServerConfigKeys (ConfUtils.java:logGet(43)) - raft.server.snapshot.retention.file.num = 5 (custom)
2019-10-02 17:55:30,488 [pool-131-thread-1] INFO  impl.RaftServerImpl (RaftServerImpl.java:setRole(170)) - 3933d80c-e8ff-4f72-bba7-02820fb600e2@group-3CA089F748F7: changes role from      null to FOLLOWER at term 0 for startAsFollower
2019-10-02 17:55:30,489 [pool-161-thread-1] INFO  server.RaftServerConfigKeys (ConfUtils.java:logGet(43)) - raft.server.retrycache.expirytime = 600000ms (custom)
2019-10-02 17:55:30,489 [pool-121-thread-1] INFO  server.RaftServerConfigKeys (ConfUtils.java:logGet(43)) - raft.server.retrycache.expirytime = 600000ms (custom)
2019-10-02 17:55:30,489 [pool-131-thread-1] INFO  impl.RoleInfo (RoleInfo.java:updateAndGet(143)) - 3933d80c-e8ff-4f72-bba7-02820fb600e2: start FollowerState
2019-10-02 17:55:30,489 [pool-131-thread-1] INFO  util.JmxRegister (JmxRegister.java:tryRegister(44)) - Successfully registered JMX Bean with object name Ratis:service=RaftServer,group=group-3CA089F748F7,id=3933d80c-e8ff-4f72-bba7-02820fb600e2
2019-10-02 17:55:30,492 [pool-161-thread-1] INFO  impl.RaftServerImpl (RaftServerImpl.java:start(181)) - 91a1b220-aea4-4dd3-92cb-bba23af74008@group-3CA089F748F7: start as a follower, conf=-1: [91a1b220-aea4-4dd3-92cb-bba23af74008:192.168.151.72:35241, 3933d80c-e8ff-4f72-bba7-02820fb600e2:192.168.151.72:43322, b497eacb-55a3-4ffa-9375-3900e91065f4:192.168.151.72:45210], old=null
2019-10-02 17:55:30,492 [pool-161-thread-1] INFO  impl.RaftServerImpl (RaftServerImpl.java:setRole(170)) - 91a1b220-aea4-4dd3-92cb-bba23af74008@group-3CA089F748F7: changes role from      null to FOLLOWER at term 0 for startAsFollower
2019-10-02 17:55:30,492 [pool-121-thread-1] INFO  impl.RaftServerImpl (RaftServerImpl.java:start(181)) - b497eacb-55a3-4ffa-9375-3900e91065f4@group-3CA089F748F7: start as a follower, conf=-1: [91a1b220-aea4-4dd3-92cb-bba23af74008:192.168.151.72:35241, 3933d80c-e8ff-4f72-bba7-02820fb600e2:192.168.151.72:43322, b497eacb-55a3-4ffa-9375-3900e91065f4:192.168.151.72:45210], old=null
2019-10-02 17:55:30,492 [pool-161-thread-1] INFO  impl.RoleInfo (RoleInfo.java:updateAndGet(143)) - 91a1b220-aea4-4dd3-92cb-bba23af74008: start FollowerState
2019-10-02 17:55:30,492 [pool-121-thread-1] INFO  impl.RaftServerImpl (RaftServerImpl.java:setRole(170)) - b497eacb-55a3-4ffa-9375-3900e91065f4@group-3CA089F748F7: changes role from      null to FOLLOWER at term 0 for startAsFollower
2019-10-02 17:55:30,492 [pool-161-thread-1] INFO  util.JmxRegister (JmxRegister.java:tryRegister(44)) - Successfully registered JMX Bean with object name Ratis:service=RaftServer,group=group-3CA089F748F7,id=91a1b220-aea4-4dd3-92cb-bba23af74008
2019-10-02 17:55:30,493 [pool-121-thread-1] INFO  impl.RoleInfo (RoleInfo.java:updateAndGet(143)) - b497eacb-55a3-4ffa-9375-3900e91065f4: start FollowerState
2019-10-02 17:55:30,493 [pool-121-thread-1] INFO  util.JmxRegister (JmxRegister.java:tryRegister(44)) - Successfully registered JMX Bean with object name Ratis:service=RaftServer,group=group-3CA089F748F7,id=b497eacb-55a3-4ffa-9375-3900e91065f4
2019-10-02 17:55:30,497 [RatisPipelineUtilsThread] INFO  pipeline.PipelineStateManager (PipelineStateManager.java:addPipeline(56)) - Created pipeline Pipeline[ Id: b6bae989-c089-4962-b325-3ca089f748f7, Nodes: 91a1b220-aea4-4dd3-92cb-bba23af74008{ip: 192.168.151.72, host: pr-trunk-fgz7f-2353921243, networkLocation: /default-rack, certSerialId: null}3933d80c-e8ff-4f72-bba7-02820fb600e2{ip: 192.168.151.72, host: pr-trunk-fgz7f-2353921243, networkLocation: /default-rack, certSerialId: null}b497eacb-55a3-4ffa-9375-3900e91065f4{ip: 192.168.151.72, host: pr-trunk-fgz7f-2353921243, networkLocation: /default-rack, certSerialId: null}, Type:RATIS, Factor:THREE, State:OPEN]
2019-10-02 17:55:31,044 [main] WARN  io.KeyOutputStream (KeyOutputStream.java:handleException(274)) - Encountered exception java.io.IOException: Unexpected Storage Container Exception: java.util.concurrent.CompletionException: java.util.concurrent.CompletionException: org.apache.ratis.protocol.GroupMismatchException: 91a1b220-aea4-4dd3-92cb-bba23af74008: group-EB005B711FC0 not found. on the pipeline Pipeline[ Id: 7f186375-538e-4524-9d17-eb005b711fc0, Nodes: 91a1b220-aea4-4dd3-92cb-bba23af74008{ip: 192.168.151.72, host: pr-trunk-fgz7f-2353921243, networkLocation: /default-rack, certSerialId: null}3933d80c-e8ff-4f72-bba7-02820fb600e2{ip: 192.168.151.72, host: pr-trunk-fgz7f-2353921243, networkLocation: /default-rack, certSerialId: null}b497eacb-55a3-4ffa-9375-3900e91065f4{ip: 192.168.151.72, host: pr-trunk-fgz7f-2353921243, networkLocation: /default-rack, certSerialId: null}, Type:RATIS, Factor:THREE, State:OPEN]. The last committed block length is 0, uncommitted data length is 400 retry count 0
2019-10-02 17:55:31,056 [pool-180-thread-1] ERROR impl.ChunkManagerImpl (ChunkUtils.java:writeData(89)) - data array does not match the length specified. DataLen: 100 Byte Array: 246
2019-10-02 17:55:31,060 [pool-180-thread-1] INFO  keyvalue.KeyValueHandler (ContainerUtils.java:logAndReturnError(146)) - Operation: WriteChunk : Trace ID: 87d94de83986421c:87d94de83986421c:0:0 : Message: data array does not match the length specified. DataLen: 100 Byte Array: 246 : Result: INVALID_WRITE_SIZE
2019-10-02 17:55:31,060 [org.apache.ratis.server.impl.LogAppender$AppenderDaemon$$Lambda$525/299265970@4f1b4041] WARN  impl.LogAppender (LogAppender.java:lambda$createRequest$1(221)) - ae729cbd-7ce4-47be-ae44-f885f4c1fbd3@group-32BFC1E0B292->4a0512f4-119f-4f66-8d84-cb92b75127d3: Failed to get (t:1, i:3), STATEMACHINELOGENTRY, client-15CF06E74FD2, cid=102 in 998077ns: {}
java.util.concurrent.TimeoutException
	at java.util.concurrent.CompletableFuture.timedGet(CompletableFuture.java:1771)
	at java.util.concurrent.CompletableFuture.get(CompletableFuture.java:1915)
	at org.apache.ratis.server.raftlog.RaftLog$EntryWithData.getEntry(RaftLog.java:472)
	at org.apache.ratis.util.DataQueue.pollList(DataQueue.java:134)
	at org.apache.ratis.server.impl.LogAppender.createRequest(LogAppender.java:220)
	at org.apache.ratis.grpc.server.GrpcLogAppender.appendLog(GrpcLogAppender.java:169)
	at org.apache.ratis.grpc.server.GrpcLogAppender.runAppenderImpl(GrpcLogAppender.java:113)
	at org.apache.ratis.server.impl.LogAppender$AppenderDaemon.run(LogAppender.java:76)
	at java.lang.Thread.run(Thread.java:748)
2019-10-02 17:55:31,060 [org.apache.ratis.server.impl.LogAppender$AppenderDaemon$$Lambda$525/299265970@42579ca0] WARN  impl.LogAppender (LogAppender.java:lambda$createRequest$1(221)) - ae729cbd-7ce4-47be-ae44-f885f4c1fbd3@group-32BFC1E0B292->b7323768-8f87-4fb6-921f-bc5aae8c9ceb: Failed to get (t:1, i:3), STATEMACHINELOGENTRY, client-15CF06E74FD2, cid=102 in 998256ns: {}
java.util.concurrent.TimeoutException
	at java.util.concurrent.CompletableFuture.timedGet(CompletableFuture.java:1771)
	at java.util.concurrent.CompletableFuture.get(CompletableFuture.java:1915)
	at org.apache.ratis.server.raftlog.RaftLog$EntryWithData.getEntry(RaftLog.java:472)
	at org.apache.ratis.util.DataQueue.pollList(DataQueue.java:134)
	at org.apache.ratis.server.impl.LogAppender.createRequest(LogAppender.java:220)
	at org.apache.ratis.grpc.server.GrpcLogAppender.appendLog(GrpcLogAppender.java:169)
	at org.apache.ratis.grpc.server.GrpcLogAppender.runAppenderImpl(GrpcLogAppender.java:113)
	at org.apache.ratis.server.impl.LogAppender$AppenderDaemon.run(LogAppender.java:76)
	at java.lang.Thread.run(Thread.java:748)
2019-10-02 17:55:31,098 [EventQueue-IncrementalContainerReportForIncrementalContainerReportHandler] WARN  container.IncrementalContainerReportHandler (AbstractContainerReportHandler.java:updateContainerState(143)) - Container #3 is in OPEN state, but the datanode ae729cbd-7ce4-47be-ae44-f885f4c1fbd3{ip: 192.168.151.72, host: pr-trunk-fgz7f-2353921243, networkLocation: /default-rack, certSerialId: null} reports an UNHEALTHY replica.
2019-10-02 17:55:31,098 [EventQueue-CloseContainerForCloseContainerEventHandler] INFO  container.CloseContainerEventHandler (CloseContainerEventHandler.java:onMessage(61)) - Close container Event triggered for container : #3
17:55:31.097 [pool-180-thread-1] ERROR DNAudit - user=null | ip=null | op=WRITE_CHUNK {blockData=conID: 3 locID: 102894066603917319 bcsId: 0} | ret=FAILURE
java.lang.Exception: data array does not match the length specified. DataLen: 100 Byte Array: 246
	at org.apache.hadoop.ozone.container.common.impl.HddsDispatcher.dispatchRequest(HddsDispatcher.java:330) ~[hadoop-hdds-container-service-0.5.0-SNAPSHOT.jar:?]
	at org.apache.hadoop.ozone.container.common.impl.HddsDispatcher.dispatch(HddsDispatcher.java:150) ~[hadoop-hdds-container-service-0.5.0-SNAPSHOT.jar:?]
	at org.apache.hadoop.ozone.container.common.transport.server.ratis.ContainerStateMachine.dispatchCommand(ContainerStateMachine.java:411) ~[hadoop-hdds-container-service-0.5.0-SNAPSHOT.jar:?]
	at org.apache.hadoop.ozone.container.common.transport.server.ratis.ContainerStateMachine.runCommand(ContainerStateMachine.java:419) ~[hadoop-hdds-container-service-0.5.0-SNAPSHOT.jar:?]
	at org.apache.hadoop.ozone.container.common.transport.server.ratis.ContainerStateMachine.lambda$handleWriteChunk$1(ContainerStateMachine.java:454) ~[hadoop-hdds-container-service-0.5.0-SNAPSHOT.jar:?]
	at java.util.concurrent.CompletableFuture$AsyncSupply.run(CompletableFuture.java:1590) [?:1.8.0_212]
	at java.util.concurrent.ThreadPoolExecutor.runWorker(ThreadPoolExecutor.java:1149) [?:1.8.0_212]
	at java.util.concurrent.ThreadPoolExecutor$Worker.run(ThreadPoolExecutor.java:624) [?:1.8.0_212]
	at java.lang.Thread.run(Thread.java:748) [?:1.8.0_212]
2019-10-02 17:55:31,099 [pool-180-thread-1] ERROR ratis.ContainerStateMachine (ContainerStateMachine.java:lambda$handleWriteChunk$2(474)) - group-32BFC1E0B292: writeChunk writeStateMachineData failed: blockIdcontainerID: 3
localID: 102894066603917319
blockCommitSequenceId: 0
 logIndex 3 chunkName 102894066603917319_chunk_1 Error message: data array does not match the length specified. DataLen: 100 Byte Array: 246 Container Result: INVALID_WRITE_SIZE
2019-10-02 17:55:31,102 [ae729cbd-7ce4-47be-ae44-f885f4c1fbd3@group-32BFC1E0B292-SegmentedRaftLogWorker] ERROR ratis.XceiverServerRatis (XceiverServerRatis.java:triggerPipelineClose(581)) - pipeline Action CLOSE  on pipeline PipelineID=1e8526e5-dcf3-4d32-9886-32bfc1e0b292.Reason : data array does not match the length specified. DataLen: 100 Byte Array: 246
2019-10-02 17:55:31,102 [ae729cbd-7ce4-47be-ae44-f885f4c1fbd3@group-32BFC1E0B292-SegmentedRaftLogWorker] ERROR ratis.XceiverServerRatis (XceiverServerRatis.java:triggerPipelineClose(581)) - pipeline Action CLOSE  on pipeline PipelineID=1e8526e5-dcf3-4d32-9886-32bfc1e0b292.Reason : Log already failed at index 3 for task WriteLog:3: (t:1, i:3), STATEMACHINELOGENTRY, client-15CF06E74FD2, cid=102
2019-10-02 17:55:31,103 [EventQueue-PipelineActionsForPipelineActionHandler] ERROR pipeline.PipelineActionHandler (PipelineActionHandler.java:onMessage(60)) - Received pipeline action CLOSE for Pipeline[ Id: 1e8526e5-dcf3-4d32-9886-32bfc1e0b292, Nodes: ae729cbd-7ce4-47be-ae44-f885f4c1fbd3{ip: 192.168.151.72, host: pr-trunk-fgz7f-2353921243, networkLocation: /default-rack, certSerialId: null}b7323768-8f87-4fb6-921f-bc5aae8c9ceb{ip: 192.168.151.72, host: pr-trunk-fgz7f-2353921243, networkLocation: /default-rack, certSerialId: null}4a0512f4-119f-4f66-8d84-cb92b75127d3{ip: 192.168.151.72, host: pr-trunk-fgz7f-2353921243, networkLocation: /default-rack, certSerialId: null}, Type:RATIS, Factor:THREE, State:OPEN] from datanode ae729cbd-7ce4-47be-ae44-f885f4c1fbd3{ip: 192.168.151.72, host: pr-trunk-fgz7f-2353921243, networkLocation: /default-rack, certSerialId: null}. Reason : data array does not match the length specified. DataLen: 100 Byte Array: 246
2019-10-02 17:55:31,103 [EventQueue-PipelineActionsForPipelineActionHandler] INFO  pipeline.SCMPipelineManager (SCMPipelineManager.java:finalizeAndDestroyPipeline(315)) - destroying pipeline:Pipeline[ Id: 1e8526e5-dcf3-4d32-9886-32bfc1e0b292, Nodes: ae729cbd-7ce4-47be-ae44-f885f4c1fbd3{ip: 192.168.151.72, host: pr-trunk-fgz7f-2353921243, networkLocation: /default-rack, certSerialId: null}b7323768-8f87-4fb6-921f-bc5aae8c9ceb{ip: 192.168.151.72, host: pr-trunk-fgz7f-2353921243, networkLocation: /default-rack, certSerialId: null}4a0512f4-119f-4f66-8d84-cb92b75127d3{ip: 192.168.151.72, host: pr-trunk-fgz7f-2353921243, networkLocation: /default-rack, certSerialId: null}, Type:RATIS, Factor:THREE, State:OPEN]
2019-10-02 17:55:31,103 [EventQueue-PipelineActionsForPipelineActionHandler] INFO  pipeline.PipelineStateManager (PipelineStateManager.java:finalizePipeline(123)) - Pipeline Pipeline[ Id: 1e8526e5-dcf3-4d32-9886-32bfc1e0b292, Nodes: ae729cbd-7ce4-47be-ae44-f885f4c1fbd3{ip: 192.168.151.72, host: pr-trunk-fgz7f-2353921243, networkLocation: /default-rack, certSerialId: null}b7323768-8f87-4fb6-921f-bc5aae8c9ceb{ip: 192.168.151.72, host: pr-trunk-fgz7f-2353921243, networkLocation: /default-rack, certSerialId: null}4a0512f4-119f-4f66-8d84-cb92b75127d3{ip: 192.168.151.72, host: pr-trunk-fgz7f-2353921243, networkLocation: /default-rack, certSerialId: null}, Type:RATIS, Factor:THREE, State:CLOSED] moved to CLOSED state
2019-10-02 17:55:31,104 [EventQueue-PipelineActionsForPipelineActionHandler] ERROR pipeline.PipelineActionHandler (PipelineActionHandler.java:onMessage(60)) - Received pipeline action CLOSE for Pipeline[ Id: 1e8526e5-dcf3-4d32-9886-32bfc1e0b292, Nodes: ae729cbd-7ce4-47be-ae44-f885f4c1fbd3{ip: 192.168.151.72, host: pr-trunk-fgz7f-2353921243, networkLocation: /default-rack, certSerialId: null}b7323768-8f87-4fb6-921f-bc5aae8c9ceb{ip: 192.168.151.72, host: pr-trunk-fgz7f-2353921243, networkLocation: /default-rack, certSerialId: null}4a0512f4-119f-4f66-8d84-cb92b75127d3{ip: 192.168.151.72, host: pr-trunk-fgz7f-2353921243, networkLocation: /default-rack, certSerialId: null}, Type:RATIS, Factor:THREE, State:CLOSED] from datanode ae729cbd-7ce4-47be-ae44-f885f4c1fbd3{ip: 192.168.151.72, host: pr-trunk-fgz7f-2353921243, networkLocation: /default-rack, certSerialId: null}. Reason : Log already failed at index 3 for task WriteLog:3: (t:1, i:3), STATEMACHINELOGENTRY, client-15CF06E74FD2, cid=102
2019-10-02 17:55:31,104 [EventQueue-PipelineActionsForPipelineActionHandler] INFO  pipeline.SCMPipelineManager (SCMPipelineManager.java:finalizeAndDestroyPipeline(315)) - destroying pipeline:Pipeline[ Id: 1e8526e5-dcf3-4d32-9886-32bfc1e0b292, Nodes: ae729cbd-7ce4-47be-ae44-f885f4c1fbd3{ip: 192.168.151.72, host: pr-trunk-fgz7f-2353921243, networkLocation: /default-rack, certSerialId: null}b7323768-8f87-4fb6-921f-bc5aae8c9ceb{ip: 192.168.151.72, host: pr-trunk-fgz7f-2353921243, networkLocation: /default-rack, certSerialId: null}4a0512f4-119f-4f66-8d84-cb92b75127d3{ip: 192.168.151.72, host: pr-trunk-fgz7f-2353921243, networkLocation: /default-rack, certSerialId: null}, Type:RATIS, Factor:THREE, State:CLOSED]
2019-10-02 17:55:34,062 [java.util.concurrent.ThreadPoolExecutor$Worker@6bedd4e4[State = -1, empty queue]] ERROR client.GrpcClientProtocolClient (GrpcClientProtocolClient.java:close(148)) - Unexpected exception while waiting for channel termination
java.lang.InterruptedException
	at java.util.concurrent.locks.AbstractQueuedSynchronizer.tryAcquireSharedNanos(AbstractQueuedSynchronizer.java:1326)
	at java.util.concurrent.CountDownLatch.await(CountDownLatch.java:277)
	at org.apache.ratis.thirdparty.io.grpc.internal.ManagedChannelImpl.awaitTermination(ManagedChannelImpl.java:763)
	at org.apache.ratis.thirdparty.io.grpc.internal.ForwardingManagedChannel.awaitTermination(ForwardingManagedChannel.java:57)
	at org.apache.ratis.thirdparty.io.grpc.internal.ManagedChannelOrphanWrapper.awaitTermination(ManagedChannelOrphanWrapper.java:70)
	at org.apache.ratis.grpc.client.GrpcClientProtocolClient.close(GrpcClientProtocolClient.java:146)
	at org.apache.ratis.util.PeerProxyMap$PeerAndProxy.lambda$close$1(PeerProxyMap.java:74)
	at org.apache.ratis.util.LifeCycle.lambda$checkStateAndClose$2(LifeCycle.java:231)
	at org.apache.ratis.util.LifeCycle.checkStateAndClose(LifeCycle.java:251)
	at org.apache.ratis.util.LifeCycle.checkStateAndClose(LifeCycle.java:229)
	at org.apache.ratis.util.PeerProxyMap$PeerAndProxy.close(PeerProxyMap.java:70)
	at org.apache.ratis.util.PeerProxyMap.resetProxy(PeerProxyMap.java:127)
	at org.apache.ratis.util.PeerProxyMap.handleException(PeerProxyMap.java:136)
	at org.apache.ratis.client.impl.RaftClientRpcWithProxy.handleException(RaftClientRpcWithProxy.java:47)
	at org.apache.ratis.client.impl.RaftClientImpl.handleIOException(RaftClientImpl.java:372)
	at org.apache.ratis.client.impl.OrderedAsync.lambda$sendRequest$10(OrderedAsync.java:236)
	at java.util.concurrent.CompletableFuture.uniExceptionally(CompletableFuture.java:870)
	at java.util.concurrent.CompletableFuture$UniExceptionally.tryFire(CompletableFuture.java:852)
	at java.util.concurrent.CompletableFuture.postComplete(CompletableFuture.java:474)
	at java.util.concurrent.CompletableFuture.completeExceptionally(CompletableFuture.java:1977)
	at org.apache.ratis.grpc.client.GrpcClientProtocolClient$AsyncStreamObservers.lambda$timeoutCheck$3(GrpcClientProtocolClient.java:324)
	at java.util.Optional.ifPresent(Optional.java:159)
	at org.apache.ratis.grpc.client.GrpcClientProtocolClient$AsyncStreamObservers.handleReplyFuture(GrpcClientProtocolClient.java:329)
	at org.apache.ratis.grpc.client.GrpcClientProtocolClient$AsyncStreamObservers.timeoutCheck(GrpcClientProtocolClient.java:324)
	at org.apache.ratis.grpc.client.GrpcClientProtocolClient$AsyncStreamObservers.lambda$onNext$1(GrpcClientProtocolClient.java:318)
	at org.apache.ratis.util.TimeoutScheduler.lambda$onTimeout$0(TimeoutScheduler.java:113)
	at org.apache.ratis.util.TimeoutScheduler.lambda$onTimeout$1(TimeoutScheduler.java:133)
	at org.apache.ratis.util.LogUtils.runAndLog(LogUtils.java:50)
	at org.apache.ratis.util.LogUtils$1.run(LogUtils.java:91)
	at java.util.concurrent.Executors$RunnableAdapter.call(Executors.java:511)
	at java.util.concurrent.FutureTask.run(FutureTask.java:266)
	at java.util.concurrent.ScheduledThreadPoolExecutor$ScheduledFutureTask.access$201(ScheduledThreadPoolExecutor.java:180)
	at java.util.concurrent.ScheduledThreadPoolExecutor$ScheduledFutureTask.run(ScheduledThreadPoolExecutor.java:293)
	at java.util.concurrent.ThreadPoolExecutor.runWorker(ThreadPoolExecutor.java:1149)
	at java.util.concurrent.ThreadPoolExecutor$Worker.run(ThreadPoolExecutor.java:624)
	at java.lang.Thread.run(Thread.java:748)
2019-10-02 17:55:34,067 [java.util.concurrent.ThreadPoolExecutor$Worker@6bedd4e4[State = -1, empty queue]] WARN  util.TimeoutScheduler (LogUtils.java:runAndLog(55)) - Failed to task #0: java.lang.NullPointerException
2019-10-02 17:55:35,530 [Thread-1808] INFO  impl.FollowerState (FollowerState.java:run(108)) - 3933d80c-e8ff-4f72-bba7-02820fb600e2@group-3CA089F748F7-FollowerState: change to CANDIDATE, lastRpcTime:5041ms, electionTimeout:5041ms
2019-10-02 17:55:35,534 [Thread-1808] INFO  impl.RoleInfo (RoleInfo.java:shutdownFollowerState(121)) - 3933d80c-e8ff-4f72-bba7-02820fb600e2: shutdown FollowerState
2019-10-02 17:55:35,534 [Thread-1808] INFO  impl.RaftServerImpl (RaftServerImpl.java:setRole(170)) - 3933d80c-e8ff-4f72-bba7-02820fb600e2@group-3CA089F748F7: changes role from  FOLLOWER to CANDIDATE at term 0 for changeToCandidate
2019-10-02 17:55:35,535 [Thread-1808] INFO  impl.RoleInfo (RoleInfo.java:updateAndGet(143)) - 3933d80c-e8ff-4f72-bba7-02820fb600e2: start LeaderElection
2019-10-02 17:55:35,561 [3933d80c-e8ff-4f72-bba7-02820fb600e2@group-3CA089F748F7-LeaderElection32] INFO  impl.LeaderElection (LeaderElection.java:askForVotes(178)) - 3933d80c-e8ff-4f72-bba7-02820fb600e2@group-3CA089F748F7-LeaderElection32: begin an election at term 1 for -1: [91a1b220-aea4-4dd3-92cb-bba23af74008:192.168.151.72:35241, 3933d80c-e8ff-4f72-bba7-02820fb600e2:192.168.151.72:43322, b497eacb-55a3-4ffa-9375-3900e91065f4:192.168.151.72:45210], old=null
2019-10-02 17:55:35,568 [grpc-default-executor-9] INFO  impl.RaftServerImpl (RaftServerImpl.java:setRole(170)) - b497eacb-55a3-4ffa-9375-3900e91065f4@group-3CA089F748F7: changes role from  FOLLOWER to FOLLOWER at term 1 for recognizeCandidate:3933d80c-e8ff-4f72-bba7-02820fb600e2
2019-10-02 17:55:35,568 [grpc-default-executor-14] INFO  impl.RaftServerImpl (RaftServerImpl.java:setRole(170)) - 91a1b220-aea4-4dd3-92cb-bba23af74008@group-3CA089F748F7: changes role from  FOLLOWER to FOLLOWER at term 1 for recognizeCandidate:3933d80c-e8ff-4f72-bba7-02820fb600e2
2019-10-02 17:55:35,569 [grpc-default-executor-9] INFO  impl.RoleInfo (RoleInfo.java:shutdownFollowerState(121)) - b497eacb-55a3-4ffa-9375-3900e91065f4: shutdown FollowerState
2019-10-02 17:55:35,569 [grpc-default-executor-14] INFO  impl.RoleInfo (RoleInfo.java:shutdownFollowerState(121)) - 91a1b220-aea4-4dd3-92cb-bba23af74008: shutdown FollowerState
2019-10-02 17:55:35,569 [Thread-1810] INFO  impl.FollowerState (FollowerState.java:run(117)) - b497eacb-55a3-4ffa-9375-3900e91065f4@group-3CA089F748F7-FollowerState was interrupted: java.lang.InterruptedException: sleep interrupted
2019-10-02 17:55:35,569 [grpc-default-executor-9] INFO  impl.RoleInfo (RoleInfo.java:updateAndGet(143)) - b497eacb-55a3-4ffa-9375-3900e91065f4: start FollowerState
2019-10-02 17:55:35,569 [Thread-1809] INFO  impl.FollowerState (FollowerState.java:run(117)) - 91a1b220-aea4-4dd3-92cb-bba23af74008@group-3CA089F748F7-FollowerState was interrupted: java.lang.InterruptedException: sleep interrupted
2019-10-02 17:55:35,569 [grpc-default-executor-14] INFO  impl.RoleInfo (RoleInfo.java:updateAndGet(143)) - 91a1b220-aea4-4dd3-92cb-bba23af74008: start FollowerState
2019-10-02 17:55:35,590 [3933d80c-e8ff-4f72-bba7-02820fb600e2@group-3CA089F748F7-LeaderElection32] INFO  impl.LeaderElection (LeaderElection.java:logAndReturn(56)) - 3933d80c-e8ff-4f72-bba7-02820fb600e2@group-3CA089F748F7-LeaderElection32: Election PASSED; received 1 response(s) [3933d80c-e8ff-4f72-bba7-02820fb600e2<-91a1b220-aea4-4dd3-92cb-bba23af74008#0:OK-t1] and 0 exception(s); 3933d80c-e8ff-4f72-bba7-02820fb600e2@group-3CA089F748F7:t1, leader=null, voted=3933d80c-e8ff-4f72-bba7-02820fb600e2, raftlog=3933d80c-e8ff-4f72-bba7-02820fb600e2@group-3CA089F748F7-SegmentedRaftLog:OPENED:c-1,f-1,i0, conf=-1: [91a1b220-aea4-4dd3-92cb-bba23af74008:192.168.151.72:35241, 3933d80c-e8ff-4f72-bba7-02820fb600e2:192.168.151.72:43322, b497eacb-55a3-4ffa-9375-3900e91065f4:192.168.151.72:45210], old=null
2019-10-02 17:55:35,590 [3933d80c-e8ff-4f72-bba7-02820fb600e2@group-3CA089F748F7-LeaderElection32] INFO  impl.RoleInfo (RoleInfo.java:shutdownLeaderElection(134)) - 3933d80c-e8ff-4f72-bba7-02820fb600e2: shutdown LeaderElection
2019-10-02 17:55:35,590 [3933d80c-e8ff-4f72-bba7-02820fb600e2@group-3CA089F748F7-LeaderElection32] INFO  impl.RaftServerImpl (RaftServerImpl.java:setRole(170)) - 3933d80c-e8ff-4f72-bba7-02820fb600e2@group-3CA089F748F7: changes role from CANDIDATE to LEADER at term 1 for changeToLeader
2019-10-02 17:55:35,590 [3933d80c-e8ff-4f72-bba7-02820fb600e2@group-3CA089F748F7-LeaderElection32] INFO  impl.RaftServerImpl (ServerState.java:setLeader(255)) - 3933d80c-e8ff-4f72-bba7-02820fb600e2@group-3CA089F748F7: change Leader from null to 3933d80c-e8ff-4f72-bba7-02820fb600e2 at term 1 for becomeLeader, leader elected after 5109ms
2019-10-02 17:55:35,591 [3933d80c-e8ff-4f72-bba7-02820fb600e2@group-3CA089F748F7-LeaderElection32] INFO  server.RaftServerConfigKeys (ConfUtils.java:logGet(43)) - raft.server.staging.catchup.gap = 1000 (default)
2019-10-02 17:55:35,591 [3933d80c-e8ff-4f72-bba7-02820fb600e2@group-3CA089F748F7-LeaderElection32] INFO  server.RaftServerConfigKeys (ConfUtils.java:logGet(43)) - raft.server.rpc.sleep.time = 25ms (default)
2019-10-02 17:55:35,591 [3933d80c-e8ff-4f72-bba7-02820fb600e2@group-3CA089F748F7-LeaderElection32] INFO  server.RaftServerConfigKeys (ConfUtils.java:logGet(43)) - raft.server.write.element-limit = 4096 (default)
2019-10-02 17:55:35,591 [3933d80c-e8ff-4f72-bba7-02820fb600e2@group-3CA089F748F7-LeaderElection32] INFO  server.RaftServerConfigKeys (ConfUtils.java:logGet(43)) - raft.server.watch.timeout = 10s (default)
2019-10-02 17:55:35,591 [3933d80c-e8ff-4f72-bba7-02820fb600e2@group-3CA089F748F7-LeaderElection32] INFO  server.RaftServerConfigKeys (ConfUtils.java:logGet(43)) - raft.server.watch.timeout.denomination = 1s (default)
2019-10-02 17:55:35,591 [3933d80c-e8ff-4f72-bba7-02820fb600e2@group-3CA089F748F7-LeaderElection32] INFO  server.RaftServerConfigKeys (ConfUtils.java:logGet(43)) - raft.server.watch.element-limit = 65536 (default)
2019-10-02 17:55:35,593 [3933d80c-e8ff-4f72-bba7-02820fb600e2@group-3CA089F748F7-LeaderElection32] INFO  server.RaftServerConfigKeys (ConfUtils.java:logGet(43)) - raft.server.log.appender.snapshot.chunk.size.max = 16MB (=16777216) (default)
2019-10-02 17:55:35,593 [3933d80c-e8ff-4f72-bba7-02820fb600e2@group-3CA089F748F7-LeaderElection32] INFO  server.RaftServerConfigKeys (ConfUtils.java:logGet(43)) - raft.server.log.appender.buffer.byte-limit = 33554432 (custom)
2019-10-02 17:55:35,593 [3933d80c-e8ff-4f72-bba7-02820fb600e2@group-3CA089F748F7-LeaderElection32] INFO  server.RaftServerConfigKeys (ConfUtils.java:logGet(43)) - raft.server.log.appender.buffer.element-limit = 1 (custom)
2019-10-02 17:55:35,594 [3933d80c-e8ff-4f72-bba7-02820fb600e2@group-3CA089F748F7-LeaderElection32] INFO  grpc.GrpcConfigKeys$Server (ConfUtils.java:logGet(43)) - raft.grpc.server.leader.outstanding.appends.max = 128 (default)
2019-10-02 17:55:35,594 [3933d80c-e8ff-4f72-bba7-02820fb600e2@group-3CA089F748F7-LeaderElection32] INFO  server.RaftServerConfigKeys (ConfUtils.java:logGet(43)) - raft.server.rpc.request.timeout = 3000ms (default)
2019-10-02 17:55:35,594 [3933d80c-e8ff-4f72-bba7-02820fb600e2@group-3CA089F748F7-LeaderElection32] INFO  server.RaftServerConfigKeys (ConfUtils.java:logGet(43)) - raft.server.log.appender.install.snapshot.enabled = false (custom)
2019-10-02 17:55:35,594 [3933d80c-e8ff-4f72-bba7-02820fb600e2@group-3CA089F748F7-LeaderElection32] INFO  server.RaftServerConfigKeys (ConfUtils.java:logGet(43)) - raft.server.log.appender.snapshot.chunk.size.max = 16MB (=16777216) (default)
2019-10-02 17:55:35,594 [3933d80c-e8ff-4f72-bba7-02820fb600e2@group-3CA089F748F7-LeaderElection32] INFO  server.RaftServerConfigKeys (ConfUtils.java:logGet(43)) - raft.server.log.appender.buffer.byte-limit = 33554432 (custom)
2019-10-02 17:55:35,594 [3933d80c-e8ff-4f72-bba7-02820fb600e2@group-3CA089F748F7-LeaderElection32] INFO  server.RaftServerConfigKeys (ConfUtils.java:logGet(43)) - raft.server.log.appender.buffer.element-limit = 1 (custom)
2019-10-02 17:55:35,594 [3933d80c-e8ff-4f72-bba7-02820fb600e2@group-3CA089F748F7-LeaderElection32] INFO  grpc.GrpcConfigKeys$Server (ConfUtils.java:logGet(43)) - raft.grpc.server.leader.outstanding.appends.max = 128 (default)
2019-10-02 17:55:35,594 [3933d80c-e8ff-4f72-bba7-02820fb600e2@group-3CA089F748F7-LeaderElection32] INFO  server.RaftServerConfigKeys (ConfUtils.java:logGet(43)) - raft.server.rpc.request.timeout = 3000ms (default)
2019-10-02 17:55:35,595 [3933d80c-e8ff-4f72-bba7-02820fb600e2@group-3CA089F748F7-LeaderElection32] INFO  server.RaftServerConfigKeys (ConfUtils.java:logGet(43)) - raft.server.log.appender.install.snapshot.enabled = false (custom)
2019-10-02 17:55:35,595 [3933d80c-e8ff-4f72-bba7-02820fb600e2@group-3CA089F748F7-LeaderElection32] INFO  impl.RoleInfo (RoleInfo.java:updateAndGet(143)) - 3933d80c-e8ff-4f72-bba7-02820fb600e2: start LeaderState
2019-10-02 17:55:35,595 [3933d80c-e8ff-4f72-bba7-02820fb600e2@group-3CA089F748F7-LeaderElection32] INFO  segmented.SegmentedRaftLogWorker (SegmentedRaftLogWorker.java:startLogSegment(385)) - 3933d80c-e8ff-4f72-bba7-02820fb600e2@group-3CA089F748F7-SegmentedRaftLogWorker: Starting segment from index:0
2019-10-02 17:55:35,596 [3933d80c-e8ff-4f72-bba7-02820fb600e2@group-3CA089F748F7-LeaderElection32] INFO  impl.RaftServerImpl (ServerState.java:setRaftConf(356)) - 3933d80c-e8ff-4f72-bba7-02820fb600e2@group-3CA089F748F7: set configuration 0: [91a1b220-aea4-4dd3-92cb-bba23af74008:192.168.151.72:35241, 3933d80c-e8ff-4f72-bba7-02820fb600e2:192.168.151.72:43322, b497eacb-55a3-4ffa-9375-3900e91065f4:192.168.151.72:45210], old=null at 0
2019-10-02 17:55:35,643 [grpc-default-executor-9] INFO  impl.RaftServerImpl (ServerState.java:setLeader(255)) - 91a1b220-aea4-4dd3-92cb-bba23af74008@group-3CA089F748F7: change Leader from null to 3933d80c-e8ff-4f72-bba7-02820fb600e2 at term 1 for appendEntries, leader elected after 5162ms
2019-10-02 17:55:35,649 [grpc-default-executor-14] INFO  impl.RaftServerImpl (ServerState.java:setLeader(255)) - b497eacb-55a3-4ffa-9375-3900e91065f4@group-3CA089F748F7: change Leader from null to 3933d80c-e8ff-4f72-bba7-02820fb600e2 at term 1 for appendEntries, leader elected after 5168ms
2019-10-02 17:55:35,651 [grpc-default-executor-9] INFO  impl.RaftServerImpl (ServerState.java:setRaftConf(356)) - 91a1b220-aea4-4dd3-92cb-bba23af74008@group-3CA089F748F7: set configuration 0: [91a1b220-aea4-4dd3-92cb-bba23af74008:192.168.151.72:35241, 3933d80c-e8ff-4f72-bba7-02820fb600e2:192.168.151.72:43322, b497eacb-55a3-4ffa-9375-3900e91065f4:192.168.151.72:45210], old=null at 0
2019-10-02 17:55:35,651 [grpc-default-executor-14] INFO  impl.RaftServerImpl (ServerState.java:setRaftConf(356)) - b497eacb-55a3-4ffa-9375-3900e91065f4@group-3CA089F748F7: set configuration 0: [91a1b220-aea4-4dd3-92cb-bba23af74008:192.168.151.72:35241, 3933d80c-e8ff-4f72-bba7-02820fb600e2:192.168.151.72:43322, b497eacb-55a3-4ffa-9375-3900e91065f4:192.168.151.72:45210], old=null at 0
2019-10-02 17:55:35,651 [grpc-default-executor-9] INFO  segmented.SegmentedRaftLogWorker (SegmentedRaftLogWorker.java:startLogSegment(385)) - 91a1b220-aea4-4dd3-92cb-bba23af74008@group-3CA089F748F7-SegmentedRaftLogWorker: Starting segment from index:0
2019-10-02 17:55:35,652 [grpc-default-executor-14] INFO  segmented.SegmentedRaftLogWorker (SegmentedRaftLogWorker.java:startLogSegment(385)) - b497eacb-55a3-4ffa-9375-3900e91065f4@group-3CA089F748F7-SegmentedRaftLogWorker: Starting segment from index:0
2019-10-02 17:55:35,659 [3933d80c-e8ff-4f72-bba7-02820fb600e2@group-3CA089F748F7-SegmentedRaftLogWorker] INFO  segmented.SegmentedRaftLogWorker (SegmentedRaftLogWorker.java:execute(574)) - 3933d80c-e8ff-4f72-bba7-02820fb600e2@group-3CA089F748F7-SegmentedRaftLogWorker: created new log segment /workdir/hadoop-ozone/integration-test/target/test-dir/MiniOzoneClusterImpl-65f8f4fe-1764-4468-9f48-37bf81c95b0d/datanode-1/data/ratis/b6bae989-c089-4962-b325-3ca089f748f7/current/log_inprogress_0
2019-10-02 17:55:35,692 [b497eacb-55a3-4ffa-9375-3900e91065f4@group-3CA089F748F7-SegmentedRaftLogWorker] INFO  segmented.SegmentedRaftLogWorker (SegmentedRaftLogWorker.java:execute(574)) - b497eacb-55a3-4ffa-9375-3900e91065f4@group-3CA089F748F7-SegmentedRaftLogWorker: created new log segment /workdir/hadoop-ozone/integration-test/target/test-dir/MiniOzoneClusterImpl-65f8f4fe-1764-4468-9f48-37bf81c95b0d/datanode-0/data/ratis/b6bae989-c089-4962-b325-3ca089f748f7/current/log_inprogress_0
2019-10-02 17:55:35,692 [91a1b220-aea4-4dd3-92cb-bba23af74008@group-3CA089F748F7-SegmentedRaftLogWorker] INFO  segmented.SegmentedRaftLogWorker (SegmentedRaftLogWorker.java:execute(574)) - 91a1b220-aea4-4dd3-92cb-bba23af74008@group-3CA089F748F7-SegmentedRaftLogWorker: created new log segment /workdir/hadoop-ozone/integration-test/target/test-dir/MiniOzoneClusterImpl-65f8f4fe-1764-4468-9f48-37bf81c95b0d/datanode-4/data/ratis/b6bae989-c089-4962-b325-3ca089f748f7/current/log_inprogress_0
2019-10-02 17:55:38,098 [java.util.concurrent.ThreadPoolExecutor$Worker@7b40d2e6[State = -1, empty queue]] ERROR client.GrpcClientProtocolClient (GrpcClientProtocolClient.java:close(148)) - Unexpected exception while waiting for channel termination
java.lang.InterruptedException
	at java.util.concurrent.locks.AbstractQueuedSynchronizer.tryAcquireSharedNanos(AbstractQueuedSynchronizer.java:1326)
	at java.util.concurrent.CountDownLatch.await(CountDownLatch.java:277)
	at org.apache.ratis.thirdparty.io.grpc.internal.ManagedChannelImpl.awaitTermination(ManagedChannelImpl.java:763)
	at org.apache.ratis.thirdparty.io.grpc.internal.ForwardingManagedChannel.awaitTermination(ForwardingManagedChannel.java:57)
	at org.apache.ratis.thirdparty.io.grpc.internal.ManagedChannelOrphanWrapper.awaitTermination(ManagedChannelOrphanWrapper.java:70)
	at org.apache.ratis.grpc.client.GrpcClientProtocolClient.close(GrpcClientProtocolClient.java:146)
	at org.apache.ratis.util.PeerProxyMap$PeerAndProxy.lambda$close$1(PeerProxyMap.java:74)
	at org.apache.ratis.util.LifeCycle.lambda$checkStateAndClose$2(LifeCycle.java:231)
	at org.apache.ratis.util.LifeCycle.checkStateAndClose(LifeCycle.java:251)
	at org.apache.ratis.util.LifeCycle.checkStateAndClose(LifeCycle.java:229)
	at org.apache.ratis.util.PeerProxyMap$PeerAndProxy.close(PeerProxyMap.java:70)
	at org.apache.ratis.util.PeerProxyMap.resetProxy(PeerProxyMap.java:127)
	at org.apache.ratis.util.PeerProxyMap.handleException(PeerProxyMap.java:136)
	at org.apache.ratis.client.impl.RaftClientRpcWithProxy.handleException(RaftClientRpcWithProxy.java:47)
	at org.apache.ratis.client.impl.RaftClientImpl.handleIOException(RaftClientImpl.java:372)
	at org.apache.ratis.client.impl.OrderedAsync.lambda$sendRequest$10(OrderedAsync.java:236)
	at java.util.concurrent.CompletableFuture.uniExceptionally(CompletableFuture.java:870)
	at java.util.concurrent.CompletableFuture$UniExceptionally.tryFire(CompletableFuture.java:852)
	at java.util.concurrent.CompletableFuture.postComplete(CompletableFuture.java:474)
	at java.util.concurrent.CompletableFuture.completeExceptionally(CompletableFuture.java:1977)
	at org.apache.ratis.grpc.client.GrpcClientProtocolClient$AsyncStreamObservers.lambda$timeoutCheck$3(GrpcClientProtocolClient.java:324)
	at java.util.Optional.ifPresent(Optional.java:159)
	at org.apache.ratis.grpc.client.GrpcClientProtocolClient$AsyncStreamObservers.handleReplyFuture(GrpcClientProtocolClient.java:329)
	at org.apache.ratis.grpc.client.GrpcClientProtocolClient$AsyncStreamObservers.timeoutCheck(GrpcClientProtocolClient.java:324)
	at org.apache.ratis.grpc.client.GrpcClientProtocolClient$AsyncStreamObservers.lambda$onNext$1(GrpcClientProtocolClient.java:318)
	at org.apache.ratis.util.TimeoutScheduler.lambda$onTimeout$0(TimeoutScheduler.java:113)
	at org.apache.ratis.util.TimeoutScheduler.lambda$onTimeout$1(TimeoutScheduler.java:133)
	at org.apache.ratis.util.LogUtils.runAndLog(LogUtils.java:50)
	at org.apache.ratis.util.LogUtils$1.run(LogUtils.java:91)
	at java.util.concurrent.Executors$RunnableAdapter.call(Executors.java:511)
	at java.util.concurrent.FutureTask.run(FutureTask.java:266)
	at java.util.concurrent.ScheduledThreadPoolExecutor$ScheduledFutureTask.access$201(ScheduledThreadPoolExecutor.java:180)
	at java.util.concurrent.ScheduledThreadPoolExecutor$ScheduledFutureTask.run(ScheduledThreadPoolExecutor.java:293)
	at java.util.concurrent.ThreadPoolExecutor.runWorker(ThreadPoolExecutor.java:1149)
	at java.util.concurrent.ThreadPoolExecutor$Worker.run(ThreadPoolExecutor.java:624)
	at java.lang.Thread.run(Thread.java:748)
2019-10-02 17:55:38,102 [java.util.concurrent.ThreadPoolExecutor$Worker@7b40d2e6[State = -1, empty queue]] WARN  util.TimeoutScheduler (LogUtils.java:runAndLog(55)) - Failed to task #0: java.lang.NullPointerException
2019-10-02 17:55:42,132 [java.util.concurrent.ThreadPoolExecutor$Worker@3d657ca6[State = -1, empty queue]] ERROR client.GrpcClientProtocolClient (GrpcClientProtocolClient.java:close(148)) - Unexpected exception while waiting for channel termination
java.lang.InterruptedException
	at java.util.concurrent.locks.AbstractQueuedSynchronizer.tryAcquireSharedNanos(AbstractQueuedSynchronizer.java:1326)
	at java.util.concurrent.CountDownLatch.await(CountDownLatch.java:277)
	at org.apache.ratis.thirdparty.io.grpc.internal.ManagedChannelImpl.awaitTermination(ManagedChannelImpl.java:763)
	at org.apache.ratis.thirdparty.io.grpc.internal.ForwardingManagedChannel.awaitTermination(ForwardingManagedChannel.java:57)
	at org.apache.ratis.thirdparty.io.grpc.internal.ManagedChannelOrphanWrapper.awaitTermination(ManagedChannelOrphanWrapper.java:70)
	at org.apache.ratis.grpc.client.GrpcClientProtocolClient.close(GrpcClientProtocolClient.java:146)
	at org.apache.ratis.util.PeerProxyMap$PeerAndProxy.lambda$close$1(PeerProxyMap.java:74)
	at org.apache.ratis.util.LifeCycle.lambda$checkStateAndClose$2(LifeCycle.java:231)
	at org.apache.ratis.util.LifeCycle.checkStateAndClose(LifeCycle.java:251)
	at org.apache.ratis.util.LifeCycle.checkStateAndClose(LifeCycle.java:229)
	at org.apache.ratis.util.PeerProxyMap$PeerAndProxy.close(PeerProxyMap.java:70)
	at org.apache.ratis.util.PeerProxyMap.resetProxy(PeerProxyMap.java:127)
	at org.apache.ratis.util.PeerProxyMap.handleException(PeerProxyMap.java:136)
	at org.apache.ratis.client.impl.RaftClientRpcWithProxy.handleException(RaftClientRpcWithProxy.java:47)
	at org.apache.ratis.client.impl.RaftClientImpl.handleIOException(RaftClientImpl.java:372)
	at org.apache.ratis.client.impl.OrderedAsync.lambda$sendRequest$10(OrderedAsync.java:236)
	at java.util.concurrent.CompletableFuture.uniExceptionally(CompletableFuture.java:870)
	at java.util.concurrent.CompletableFuture$UniExceptionally.tryFire(CompletableFuture.java:852)
	at java.util.concurrent.CompletableFuture.postComplete(CompletableFuture.java:474)
	at java.util.concurrent.CompletableFuture.completeExceptionally(CompletableFuture.java:1977)
	at org.apache.ratis.grpc.client.GrpcClientProtocolClient$AsyncStreamObservers.lambda$timeoutCheck$3(GrpcClientProtocolClient.java:324)
	at java.util.Optional.ifPresent(Optional.java:159)
	at org.apache.ratis.grpc.client.GrpcClientProtocolClient$AsyncStreamObservers.handleReplyFuture(GrpcClientProtocolClient.java:329)
	at org.apache.ratis.grpc.client.GrpcClientProtocolClient$AsyncStreamObservers.timeoutCheck(GrpcClientProtocolClient.java:324)
	at org.apache.ratis.grpc.client.GrpcClientProtocolClient$AsyncStreamObservers.lambda$onNext$1(GrpcClientProtocolClient.java:318)
	at org.apache.ratis.util.TimeoutScheduler.lambda$onTimeout$0(TimeoutScheduler.java:113)
	at org.apache.ratis.util.TimeoutScheduler.lambda$onTimeout$1(TimeoutScheduler.java:133)
	at org.apache.ratis.util.LogUtils.runAndLog(LogUtils.java:50)
	at org.apache.ratis.util.LogUtils$1.run(LogUtils.java:91)
	at java.util.concurrent.Executors$RunnableAdapter.call(Executors.java:511)
	at java.util.concurrent.FutureTask.run(FutureTask.java:266)
	at java.util.concurrent.ScheduledThreadPoolExecutor$ScheduledFutureTask.access$201(ScheduledThreadPoolExecutor.java:180)
	at java.util.concurrent.ScheduledThreadPoolExecutor$ScheduledFutureTask.run(ScheduledThreadPoolExecutor.java:293)
	at java.util.concurrent.ThreadPoolExecutor.runWorker(ThreadPoolExecutor.java:1149)
	at java.util.concurrent.ThreadPoolExecutor$Worker.run(ThreadPoolExecutor.java:624)
	at java.lang.Thread.run(Thread.java:748)
2019-10-02 17:55:42,133 [java.util.concurrent.ThreadPoolExecutor$Worker@3d657ca6[State = -1, empty queue]] WARN  util.TimeoutScheduler (LogUtils.java:runAndLog(55)) - Failed to task #0: java.lang.NullPointerException
2019-10-02 17:55:46,167 [java.util.concurrent.ThreadPoolExecutor$Worker@48f74495[State = -1, empty queue]] ERROR client.GrpcClientProtocolClient (GrpcClientProtocolClient.java:close(148)) - Unexpected exception while waiting for channel termination
java.lang.InterruptedException
	at java.util.concurrent.locks.AbstractQueuedSynchronizer.tryAcquireSharedNanos(AbstractQueuedSynchronizer.java:1326)
	at java.util.concurrent.CountDownLatch.await(CountDownLatch.java:277)
	at org.apache.ratis.thirdparty.io.grpc.internal.ManagedChannelImpl.awaitTermination(ManagedChannelImpl.java:763)
	at org.apache.ratis.thirdparty.io.grpc.internal.ForwardingManagedChannel.awaitTermination(ForwardingManagedChannel.java:57)
	at org.apache.ratis.thirdparty.io.grpc.internal.ManagedChannelOrphanWrapper.awaitTermination(ManagedChannelOrphanWrapper.java:70)
	at org.apache.ratis.grpc.client.GrpcClientProtocolClient.close(GrpcClientProtocolClient.java:146)
	at org.apache.ratis.util.PeerProxyMap$PeerAndProxy.lambda$close$1(PeerProxyMap.java:74)
	at org.apache.ratis.util.LifeCycle.lambda$checkStateAndClose$2(LifeCycle.java:231)
	at org.apache.ratis.util.LifeCycle.checkStateAndClose(LifeCycle.java:251)
	at org.apache.ratis.util.LifeCycle.checkStateAndClose(LifeCycle.java:229)
	at org.apache.ratis.util.PeerProxyMap$PeerAndProxy.close(PeerProxyMap.java:70)
	at org.apache.ratis.util.PeerProxyMap.resetProxy(PeerProxyMap.java:127)
	at org.apache.ratis.util.PeerProxyMap.handleException(PeerProxyMap.java:136)
	at org.apache.ratis.client.impl.RaftClientRpcWithProxy.handleException(RaftClientRpcWithProxy.java:47)
	at org.apache.ratis.client.impl.RaftClientImpl.handleIOException(RaftClientImpl.java:372)
	at org.apache.ratis.client.impl.OrderedAsync.lambda$sendRequest$10(OrderedAsync.java:236)
	at java.util.concurrent.CompletableFuture.uniExceptionally(CompletableFuture.java:870)
	at java.util.concurrent.CompletableFuture$UniExceptionally.tryFire(CompletableFuture.java:852)
	at java.util.concurrent.CompletableFuture.postComplete(CompletableFuture.java:474)
	at java.util.concurrent.CompletableFuture.completeExceptionally(CompletableFuture.java:1977)
	at org.apache.ratis.grpc.client.GrpcClientProtocolClient$AsyncStreamObservers.lambda$timeoutCheck$3(GrpcClientProtocolClient.java:324)
	at java.util.Optional.ifPresent(Optional.java:159)
	at org.apache.ratis.grpc.client.GrpcClientProtocolClient$AsyncStreamObservers.handleReplyFuture(GrpcClientProtocolClient.java:329)
	at org.apache.ratis.grpc.client.GrpcClientProtocolClient$AsyncStreamObservers.timeoutCheck(GrpcClientProtocolClient.java:324)
	at org.apache.ratis.grpc.client.GrpcClientProtocolClient$AsyncStreamObservers.lambda$onNext$1(GrpcClientProtocolClient.java:318)
	at org.apache.ratis.util.TimeoutScheduler.lambda$onTimeout$0(TimeoutScheduler.java:113)
	at org.apache.ratis.util.TimeoutScheduler.lambda$onTimeout$1(TimeoutScheduler.java:133)
	at org.apache.ratis.util.LogUtils.runAndLog(LogUtils.java:50)
	at org.apache.ratis.util.LogUtils$1.run(LogUtils.java:91)
	at java.util.concurrent.Executors$RunnableAdapter.call(Executors.java:511)
	at java.util.concurrent.FutureTask.run(FutureTask.java:266)
	at java.util.concurrent.ScheduledThreadPoolExecutor$ScheduledFutureTask.access$201(ScheduledThreadPoolExecutor.java:180)
	at java.util.concurrent.ScheduledThreadPoolExecutor$ScheduledFutureTask.run(ScheduledThreadPoolExecutor.java:293)
	at java.util.concurrent.ThreadPoolExecutor.runWorker(ThreadPoolExecutor.java:1149)
	at java.util.concurrent.ThreadPoolExecutor$Worker.run(ThreadPoolExecutor.java:624)
	at java.lang.Thread.run(Thread.java:748)
2019-10-02 17:55:46,168 [java.util.concurrent.ThreadPoolExecutor$Worker@48f74495[State = -1, empty queue]] WARN  util.TimeoutScheduler (LogUtils.java:runAndLog(55)) - Failed to task #0: java.lang.NullPointerException
2019-10-02 17:55:50,216 [java.util.concurrent.ThreadPoolExecutor$Worker@ea13870[State = -1, empty queue]] ERROR client.GrpcClientProtocolClient (GrpcClientProtocolClient.java:close(148)) - Unexpected exception while waiting for channel termination
java.lang.InterruptedException
	at java.util.concurrent.locks.AbstractQueuedSynchronizer.tryAcquireSharedNanos(AbstractQueuedSynchronizer.java:1326)
	at java.util.concurrent.CountDownLatch.await(CountDownLatch.java:277)
	at org.apache.ratis.thirdparty.io.grpc.internal.ManagedChannelImpl.awaitTermination(ManagedChannelImpl.java:763)
	at org.apache.ratis.thirdparty.io.grpc.internal.ForwardingManagedChannel.awaitTermination(ForwardingManagedChannel.java:57)
	at org.apache.ratis.thirdparty.io.grpc.internal.ManagedChannelOrphanWrapper.awaitTermination(ManagedChannelOrphanWrapper.java:70)
	at org.apache.ratis.grpc.client.GrpcClientProtocolClient.close(GrpcClientProtocolClient.java:146)
	at org.apache.ratis.util.PeerProxyMap$PeerAndProxy.lambda$close$1(PeerProxyMap.java:74)
	at org.apache.ratis.util.LifeCycle.lambda$checkStateAndClose$2(LifeCycle.java:231)
	at org.apache.ratis.util.LifeCycle.checkStateAndClose(LifeCycle.java:251)
	at org.apache.ratis.util.LifeCycle.checkStateAndClose(LifeCycle.java:229)
	at org.apache.ratis.util.PeerProxyMap$PeerAndProxy.close(PeerProxyMap.java:70)
	at org.apache.ratis.util.PeerProxyMap.resetProxy(PeerProxyMap.java:127)
	at org.apache.ratis.util.PeerProxyMap.handleException(PeerProxyMap.java:136)
	at org.apache.ratis.client.impl.RaftClientRpcWithProxy.handleException(RaftClientRpcWithProxy.java:47)
	at org.apache.ratis.client.impl.RaftClientImpl.handleIOException(RaftClientImpl.java:372)
	at org.apache.ratis.client.impl.OrderedAsync.lambda$sendRequest$10(OrderedAsync.java:236)
	at java.util.concurrent.CompletableFuture.uniExceptionally(CompletableFuture.java:870)
	at java.util.concurrent.CompletableFuture$UniExceptionally.tryFire(CompletableFuture.java:852)
	at java.util.concurrent.CompletableFuture.postComplete(CompletableFuture.java:474)
	at java.util.concurrent.CompletableFuture.completeExceptionally(CompletableFuture.java:1977)
	at org.apache.ratis.grpc.client.GrpcClientProtocolClient$AsyncStreamObservers.lambda$timeoutCheck$3(GrpcClientProtocolClient.java:324)
	at java.util.Optional.ifPresent(Optional.java:159)
	at org.apache.ratis.grpc.client.GrpcClientProtocolClient$AsyncStreamObservers.handleReplyFuture(GrpcClientProtocolClient.java:329)
	at org.apache.ratis.grpc.client.GrpcClientProtocolClient$AsyncStreamObservers.timeoutCheck(GrpcClientProtocolClient.java:324)
	at org.apache.ratis.grpc.client.GrpcClientProtocolClient$AsyncStreamObservers.lambda$onNext$1(GrpcClientProtocolClient.java:318)
	at org.apache.ratis.util.TimeoutScheduler.lambda$onTimeout$0(TimeoutScheduler.java:113)
	at org.apache.ratis.util.TimeoutScheduler.lambda$onTimeout$1(TimeoutScheduler.java:133)
	at org.apache.ratis.util.LogUtils.runAndLog(LogUtils.java:50)
	at org.apache.ratis.util.LogUtils$1.run(LogUtils.java:91)
	at java.util.concurrent.Executors$RunnableAdapter.call(Executors.java:511)
	at java.util.concurrent.FutureTask.run(FutureTask.java:266)
	at java.util.concurrent.ScheduledThreadPoolExecutor$ScheduledFutureTask.access$201(ScheduledThreadPoolExecutor.java:180)
	at java.util.concurrent.ScheduledThreadPoolExecutor$ScheduledFutureTask.run(ScheduledThreadPoolExecutor.java:293)
	at java.util.concurrent.ThreadPoolExecutor.runWorker(ThreadPoolExecutor.java:1149)
	at java.util.concurrent.ThreadPoolExecutor$Worker.run(ThreadPoolExecutor.java:624)
	at java.lang.Thread.run(Thread.java:748)
2019-10-02 17:55:50,221 [java.util.concurrent.ThreadPoolExecutor$Worker@ea13870[State = -1, empty queue]] WARN  util.TimeoutScheduler (LogUtils.java:runAndLog(55)) - Failed to task #0: java.lang.NullPointerException
2019-10-02 17:55:54,295 [java.util.concurrent.ThreadPoolExecutor$Worker@4f6b3ac5[State = -1, empty queue]] ERROR client.GrpcClientProtocolClient (GrpcClientProtocolClient.java:close(148)) - Unexpected exception while waiting for channel termination
java.lang.InterruptedException
	at java.util.concurrent.locks.AbstractQueuedSynchronizer.tryAcquireSharedNanos(AbstractQueuedSynchronizer.java:1326)
	at java.util.concurrent.CountDownLatch.await(CountDownLatch.java:277)
	at org.apache.ratis.thirdparty.io.grpc.internal.ManagedChannelImpl.awaitTermination(ManagedChannelImpl.java:763)
	at org.apache.ratis.thirdparty.io.grpc.internal.ForwardingManagedChannel.awaitTermination(ForwardingManagedChannel.java:57)
	at org.apache.ratis.thirdparty.io.grpc.internal.ManagedChannelOrphanWrapper.awaitTermination(ManagedChannelOrphanWrapper.java:70)
	at org.apache.ratis.grpc.client.GrpcClientProtocolClient.close(GrpcClientProtocolClient.java:146)
	at org.apache.ratis.util.PeerProxyMap$PeerAndProxy.lambda$close$1(PeerProxyMap.java:74)
	at org.apache.ratis.util.LifeCycle.lambda$checkStateAndClose$2(LifeCycle.java:231)
	at org.apache.ratis.util.LifeCycle.checkStateAndClose(LifeCycle.java:251)
	at org.apache.ratis.util.LifeCycle.checkStateAndClose(LifeCycle.java:229)
	at org.apache.ratis.util.PeerProxyMap$PeerAndProxy.close(PeerProxyMap.java:70)
	at org.apache.ratis.util.PeerProxyMap.resetProxy(PeerProxyMap.java:127)
	at org.apache.ratis.util.PeerProxyMap.handleException(PeerProxyMap.java:136)
	at org.apache.ratis.client.impl.RaftClientRpcWithProxy.handleException(RaftClientRpcWithProxy.java:47)
	at org.apache.ratis.client.impl.RaftClientImpl.handleIOException(RaftClientImpl.java:372)
	at org.apache.ratis.client.impl.OrderedAsync.lambda$sendRequest$10(OrderedAsync.java:236)
	at java.util.concurrent.CompletableFuture.uniExceptionally(CompletableFuture.java:870)
	at java.util.concurrent.CompletableFuture$UniExceptionally.tryFire(CompletableFuture.java:852)
	at java.util.concurrent.CompletableFuture.postComplete(CompletableFuture.java:474)
	at java.util.concurrent.CompletableFuture.completeExceptionally(CompletableFuture.java:1977)
	at org.apache.ratis.grpc.client.GrpcClientProtocolClient$AsyncStreamObservers.lambda$timeoutCheck$3(GrpcClientProtocolClient.java:324)
	at java.util.Optional.ifPresent(Optional.java:159)
	at org.apache.ratis.grpc.client.GrpcClientProtocolClient$AsyncStreamObservers.handleReplyFuture(GrpcClientProtocolClient.java:329)
	at org.apache.ratis.grpc.client.GrpcClientProtocolClient$AsyncStreamObservers.timeoutCheck(GrpcClientProtocolClient.java:324)
	at org.apache.ratis.grpc.client.GrpcClientProtocolClient$AsyncStreamObservers.lambda$onNext$1(GrpcClientProtocolClient.java:318)
	at org.apache.ratis.util.TimeoutScheduler.lambda$onTimeout$0(TimeoutScheduler.java:113)
	at org.apache.ratis.util.TimeoutScheduler.lambda$onTimeout$1(TimeoutScheduler.java:133)
	at org.apache.ratis.util.LogUtils.runAndLog(LogUtils.java:50)
	at org.apache.ratis.util.LogUtils$1.run(LogUtils.java:91)
	at java.util.concurrent.Executors$RunnableAdapter.call(Executors.java:511)
	at java.util.concurrent.FutureTask.run(FutureTask.java:266)
	at java.util.concurrent.ScheduledThreadPoolExecutor$ScheduledFutureTask.access$201(ScheduledThreadPoolExecutor.java:180)
	at java.util.concurrent.ScheduledThreadPoolExecutor$ScheduledFutureTask.run(ScheduledThreadPoolExecutor.java:293)
	at java.util.concurrent.ThreadPoolExecutor.runWorker(ThreadPoolExecutor.java:1149)
	at java.util.concurrent.ThreadPoolExecutor$Worker.run(ThreadPoolExecutor.java:624)
	at java.lang.Thread.run(Thread.java:748)
2019-10-02 17:55:54,296 [java.util.concurrent.ThreadPoolExecutor$Worker@4f6b3ac5[State = -1, empty queue]] WARN  util.TimeoutScheduler (LogUtils.java:runAndLog(55)) - Failed to task #0: java.lang.NullPointerException
2019-10-02 17:55:58,337 [java.util.concurrent.ThreadPoolExecutor$Worker@2b9b9d3b[State = -1, empty queue]] ERROR client.GrpcClientProtocolClient (GrpcClientProtocolClient.java:close(148)) - Unexpected exception while waiting for channel termination
java.lang.InterruptedException
	at java.util.concurrent.locks.AbstractQueuedSynchronizer.tryAcquireSharedNanos(AbstractQueuedSynchronizer.java:1326)
	at java.util.concurrent.CountDownLatch.await(CountDownLatch.java:277)
	at org.apache.ratis.thirdparty.io.grpc.internal.ManagedChannelImpl.awaitTermination(ManagedChannelImpl.java:763)
	at org.apache.ratis.thirdparty.io.grpc.internal.ForwardingManagedChannel.awaitTermination(ForwardingManagedChannel.java:57)
	at org.apache.ratis.thirdparty.io.grpc.internal.ManagedChannelOrphanWrapper.awaitTermination(ManagedChannelOrphanWrapper.java:70)
	at org.apache.ratis.grpc.client.GrpcClientProtocolClient.close(GrpcClientProtocolClient.java:146)
	at org.apache.ratis.util.PeerProxyMap$PeerAndProxy.lambda$close$1(PeerProxyMap.java:74)
	at org.apache.ratis.util.LifeCycle.lambda$checkStateAndClose$2(LifeCycle.java:231)
	at org.apache.ratis.util.LifeCycle.checkStateAndClose(LifeCycle.java:251)
	at org.apache.ratis.util.LifeCycle.checkStateAndClose(LifeCycle.java:229)
	at org.apache.ratis.util.PeerProxyMap$PeerAndProxy.close(PeerProxyMap.java:70)
	at org.apache.ratis.util.PeerProxyMap.resetProxy(PeerProxyMap.java:127)
	at org.apache.ratis.util.PeerProxyMap.handleException(PeerProxyMap.java:136)
	at org.apache.ratis.client.impl.RaftClientRpcWithProxy.handleException(RaftClientRpcWithProxy.java:47)
	at org.apache.ratis.client.impl.RaftClientImpl.handleIOException(RaftClientImpl.java:372)
	at org.apache.ratis.client.impl.OrderedAsync.lambda$sendRequest$10(OrderedAsync.java:236)
	at java.util.concurrent.CompletableFuture.uniExceptionally(CompletableFuture.java:870)
	at java.util.concurrent.CompletableFuture$UniExceptionally.tryFire(CompletableFuture.java:852)
	at java.util.concurrent.CompletableFuture.postComplete(CompletableFuture.java:474)
	at java.util.concurrent.CompletableFuture.completeExceptionally(CompletableFuture.java:1977)
	at org.apache.ratis.grpc.client.GrpcClientProtocolClient$AsyncStreamObservers.lambda$timeoutCheck$3(GrpcClientProtocolClient.java:324)
	at java.util.Optional.ifPresent(Optional.java:159)
	at org.apache.ratis.grpc.client.GrpcClientProtocolClient$AsyncStreamObservers.handleReplyFuture(GrpcClientProtocolClient.java:329)
	at org.apache.ratis.grpc.client.GrpcClientProtocolClient$AsyncStreamObservers.timeoutCheck(GrpcClientProtocolClient.java:324)
	at org.apache.ratis.grpc.client.GrpcClientProtocolClient$AsyncStreamObservers.lambda$onNext$1(GrpcClientProtocolClient.java:318)
	at org.apache.ratis.util.TimeoutScheduler.lambda$onTimeout$0(TimeoutScheduler.java:113)
	at org.apache.ratis.util.TimeoutScheduler.lambda$onTimeout$1(TimeoutScheduler.java:133)
	at org.apache.ratis.util.LogUtils.runAndLog(LogUtils.java:50)
	at org.apache.ratis.util.LogUtils$1.run(LogUtils.java:91)
	at java.util.concurrent.Executors$RunnableAdapter.call(Executors.java:511)
	at java.util.concurrent.FutureTask.run(FutureTask.java:266)
	at java.util.concurrent.ScheduledThreadPoolExecutor$ScheduledFutureTask.access$201(ScheduledThreadPoolExecutor.java:180)
	at java.util.concurrent.ScheduledThreadPoolExecutor$ScheduledFutureTask.run(ScheduledThreadPoolExecutor.java:293)
	at java.util.concurrent.ThreadPoolExecutor.runWorker(ThreadPoolExecutor.java:1149)
	at java.util.concurrent.ThreadPoolExecutor$Worker.run(ThreadPoolExecutor.java:624)
	at java.lang.Thread.run(Thread.java:748)
2019-10-02 17:55:58,338 [java.util.concurrent.ThreadPoolExecutor$Worker@2b9b9d3b[State = -1, empty queue]] WARN  util.TimeoutScheduler (LogUtils.java:runAndLog(55)) - Failed to task #0: java.lang.NullPointerException
2019-10-02 17:56:02,373 [java.util.concurrent.ThreadPoolExecutor$Worker@598903a5[State = -1, empty queue]] ERROR client.GrpcClientProtocolClient (GrpcClientProtocolClient.java:close(148)) - Unexpected exception while waiting for channel termination
java.lang.InterruptedException
	at java.util.concurrent.locks.AbstractQueuedSynchronizer.tryAcquireSharedNanos(AbstractQueuedSynchronizer.java:1326)
	at java.util.concurrent.CountDownLatch.await(CountDownLatch.java:277)
	at org.apache.ratis.thirdparty.io.grpc.internal.ManagedChannelImpl.awaitTermination(ManagedChannelImpl.java:763)
	at org.apache.ratis.thirdparty.io.grpc.internal.ForwardingManagedChannel.awaitTermination(ForwardingManagedChannel.java:57)
	at org.apache.ratis.thirdparty.io.grpc.internal.ManagedChannelOrphanWrapper.awaitTermination(ManagedChannelOrphanWrapper.java:70)
	at org.apache.ratis.grpc.client.GrpcClientProtocolClient.close(GrpcClientProtocolClient.java:146)
	at org.apache.ratis.util.PeerProxyMap$PeerAndProxy.lambda$close$1(PeerProxyMap.java:74)
	at org.apache.ratis.util.LifeCycle.lambda$checkStateAndClose$2(LifeCycle.java:231)
	at org.apache.ratis.util.LifeCycle.checkStateAndClose(LifeCycle.java:251)
	at org.apache.ratis.util.LifeCycle.checkStateAndClose(LifeCycle.java:229)
	at org.apache.ratis.util.PeerProxyMap$PeerAndProxy.close(PeerProxyMap.java:70)
	at org.apache.ratis.util.PeerProxyMap.resetProxy(PeerProxyMap.java:127)
	at org.apache.ratis.util.PeerProxyMap.handleException(PeerProxyMap.java:136)
	at org.apache.ratis.client.impl.RaftClientRpcWithProxy.handleException(RaftClientRpcWithProxy.java:47)
	at org.apache.ratis.client.impl.RaftClientImpl.handleIOException(RaftClientImpl.java:372)
	at org.apache.ratis.client.impl.OrderedAsync.lambda$sendRequest$10(OrderedAsync.java:236)
	at java.util.concurrent.CompletableFuture.uniExceptionally(CompletableFuture.java:870)
	at java.util.concurrent.CompletableFuture$UniExceptionally.tryFire(CompletableFuture.java:852)
	at java.util.concurrent.CompletableFuture.postComplete(CompletableFuture.java:474)
	at java.util.concurrent.CompletableFuture.completeExceptionally(CompletableFuture.java:1977)
	at org.apache.ratis.grpc.client.GrpcClientProtocolClient$AsyncStreamObservers.lambda$timeoutCheck$3(GrpcClientProtocolClient.java:324)
	at java.util.Optional.ifPresent(Optional.java:159)
	at org.apache.ratis.grpc.client.GrpcClientProtocolClient$AsyncStreamObservers.handleReplyFuture(GrpcClientProtocolClient.java:329)
	at org.apache.ratis.grpc.client.GrpcClientProtocolClient$AsyncStreamObservers.timeoutCheck(GrpcClientProtocolClient.java:324)
	at org.apache.ratis.grpc.client.GrpcClientProtocolClient$AsyncStreamObservers.lambda$onNext$1(GrpcClientProtocolClient.java:318)
	at org.apache.ratis.util.TimeoutScheduler.lambda$onTimeout$0(TimeoutScheduler.java:113)
	at org.apache.ratis.util.TimeoutScheduler.lambda$onTimeout$1(TimeoutScheduler.java:133)
	at org.apache.ratis.util.LogUtils.runAndLog(LogUtils.java:50)
	at org.apache.ratis.util.LogUtils$1.run(LogUtils.java:91)
	at java.util.concurrent.Executors$RunnableAdapter.call(Executors.java:511)
	at java.util.concurrent.FutureTask.run(FutureTask.java:266)
	at java.util.concurrent.ScheduledThreadPoolExecutor$ScheduledFutureTask.access$201(ScheduledThreadPoolExecutor.java:180)
	at java.util.concurrent.ScheduledThreadPoolExecutor$ScheduledFutureTask.run(ScheduledThreadPoolExecutor.java:293)
	at java.util.concurrent.ThreadPoolExecutor.runWorker(ThreadPoolExecutor.java:1149)
	at java.util.concurrent.ThreadPoolExecutor$Worker.run(ThreadPoolExecutor.java:624)
	at java.lang.Thread.run(Thread.java:748)
2019-10-02 17:56:02,374 [java.util.concurrent.ThreadPoolExecutor$Worker@598903a5[State = -1, empty queue]] WARN  util.TimeoutScheduler (LogUtils.java:runAndLog(55)) - Failed to task #0: java.lang.NullPointerException
2019-10-02 17:56:06,419 [java.util.concurrent.ThreadPoolExecutor$Worker@17256dde[State = -1, empty queue]] ERROR client.GrpcClientProtocolClient (GrpcClientProtocolClient.java:close(148)) - Unexpected exception while waiting for channel termination
java.lang.InterruptedException
	at java.util.concurrent.locks.AbstractQueuedSynchronizer.tryAcquireSharedNanos(AbstractQueuedSynchronizer.java:1326)
	at java.util.concurrent.CountDownLatch.await(CountDownLatch.java:277)
	at org.apache.ratis.thirdparty.io.grpc.internal.ManagedChannelImpl.awaitTermination(ManagedChannelImpl.java:763)
	at org.apache.ratis.thirdparty.io.grpc.internal.ForwardingManagedChannel.awaitTermination(ForwardingManagedChannel.java:57)
	at org.apache.ratis.thirdparty.io.grpc.internal.ManagedChannelOrphanWrapper.awaitTermination(ManagedChannelOrphanWrapper.java:70)
	at org.apache.ratis.grpc.client.GrpcClientProtocolClient.close(GrpcClientProtocolClient.java:146)
	at org.apache.ratis.util.PeerProxyMap$PeerAndProxy.lambda$close$1(PeerProxyMap.java:74)
	at org.apache.ratis.util.LifeCycle.lambda$checkStateAndClose$2(LifeCycle.java:231)
	at org.apache.ratis.util.LifeCycle.checkStateAndClose(LifeCycle.java:251)
	at org.apache.ratis.util.LifeCycle.checkStateAndClose(LifeCycle.java:229)
	at org.apache.ratis.util.PeerProxyMap$PeerAndProxy.close(PeerProxyMap.java:70)
	at org.apache.ratis.util.PeerProxyMap.resetProxy(PeerProxyMap.java:127)
	at org.apache.ratis.util.PeerProxyMap.handleException(PeerProxyMap.java:136)
	at org.apache.ratis.client.impl.RaftClientRpcWithProxy.handleException(RaftClientRpcWithProxy.java:47)
	at org.apache.ratis.client.impl.RaftClientImpl.handleIOException(RaftClientImpl.java:372)
	at org.apache.ratis.client.impl.OrderedAsync.lambda$sendRequest$10(OrderedAsync.java:236)
	at java.util.concurrent.CompletableFuture.uniExceptionally(CompletableFuture.java:870)
	at java.util.concurrent.CompletableFuture$UniExceptionally.tryFire(CompletableFuture.java:852)
	at java.util.concurrent.CompletableFuture.postComplete(CompletableFuture.java:474)
	at java.util.concurrent.CompletableFuture.completeExceptionally(CompletableFuture.java:1977)
	at org.apache.ratis.grpc.client.GrpcClientProtocolClient$AsyncStreamObservers.lambda$timeoutCheck$3(GrpcClientProtocolClient.java:324)
	at java.util.Optional.ifPresent(Optional.java:159)
	at org.apache.ratis.grpc.client.GrpcClientProtocolClient$AsyncStreamObservers.handleReplyFuture(GrpcClientProtocolClient.java:329)
	at org.apache.ratis.grpc.client.GrpcClientProtocolClient$AsyncStreamObservers.timeoutCheck(GrpcClientProtocolClient.java:324)
	at org.apache.ratis.grpc.client.GrpcClientProtocolClient$AsyncStreamObservers.lambda$onNext$1(GrpcClientProtocolClient.java:318)
	at org.apache.ratis.util.TimeoutScheduler.lambda$onTimeout$0(TimeoutScheduler.java:113)
	at org.apache.ratis.util.TimeoutScheduler.lambda$onTimeout$1(TimeoutScheduler.java:133)
	at org.apache.ratis.util.LogUtils.runAndLog(LogUtils.java:50)
	at org.apache.ratis.util.LogUtils$1.run(LogUtils.java:91)
	at java.util.concurrent.Executors$RunnableAdapter.call(Executors.java:511)
	at java.util.concurrent.FutureTask.run(FutureTask.java:266)
	at java.util.concurrent.ScheduledThreadPoolExecutor$ScheduledFutureTask.access$201(ScheduledThreadPoolExecutor.java:180)
	at java.util.concurrent.ScheduledThreadPoolExecutor$ScheduledFutureTask.run(ScheduledThreadPoolExecutor.java:293)
	at java.util.concurrent.ThreadPoolExecutor.runWorker(ThreadPoolExecutor.java:1149)
	at java.util.concurrent.ThreadPoolExecutor$Worker.run(ThreadPoolExecutor.java:624)
	at java.lang.Thread.run(Thread.java:748)
2019-10-02 17:56:06,422 [java.util.concurrent.ThreadPoolExecutor$Worker@17256dde[State = -1, empty queue]] WARN  util.TimeoutScheduler (LogUtils.java:runAndLog(55)) - Failed to task #0: java.lang.NullPointerException
2019-10-02 17:56:10,458 [java.util.concurrent.ThreadPoolExecutor$Worker@782f1b68[State = -1, empty queue]] ERROR client.GrpcClientProtocolClient (GrpcClientProtocolClient.java:close(148)) - Unexpected exception while waiting for channel termination
java.lang.InterruptedException
	at java.util.concurrent.locks.AbstractQueuedSynchronizer.tryAcquireSharedNanos(AbstractQueuedSynchronizer.java:1326)
	at java.util.concurrent.CountDownLatch.await(CountDownLatch.java:277)
	at org.apache.ratis.thirdparty.io.grpc.internal.ManagedChannelImpl.awaitTermination(ManagedChannelImpl.java:763)
	at org.apache.ratis.thirdparty.io.grpc.internal.ForwardingManagedChannel.awaitTermination(ForwardingManagedChannel.java:57)
	at org.apache.ratis.thirdparty.io.grpc.internal.ManagedChannelOrphanWrapper.awaitTermination(ManagedChannelOrphanWrapper.java:70)
	at org.apache.ratis.grpc.client.GrpcClientProtocolClient.close(GrpcClientProtocolClient.java:146)
	at org.apache.ratis.util.PeerProxyMap$PeerAndProxy.lambda$close$1(PeerProxyMap.java:74)
	at org.apache.ratis.util.LifeCycle.lambda$checkStateAndClose$2(LifeCycle.java:231)
	at org.apache.ratis.util.LifeCycle.checkStateAndClose(LifeCycle.java:251)
	at org.apache.ratis.util.LifeCycle.checkStateAndClose(LifeCycle.java:229)
	at org.apache.ratis.util.PeerProxyMap$PeerAndProxy.close(PeerProxyMap.java:70)
	at org.apache.ratis.util.PeerProxyMap.resetProxy(PeerProxyMap.java:127)
	at org.apache.ratis.util.PeerProxyMap.handleException(PeerProxyMap.java:136)
	at org.apache.ratis.client.impl.RaftClientRpcWithProxy.handleException(RaftClientRpcWithProxy.java:47)
	at org.apache.ratis.client.impl.RaftClientImpl.handleIOException(RaftClientImpl.java:372)
	at org.apache.ratis.client.impl.OrderedAsync.lambda$sendRequest$10(OrderedAsync.java:236)
	at java.util.concurrent.CompletableFuture.uniExceptionally(CompletableFuture.java:870)
	at java.util.concurrent.CompletableFuture$UniExceptionally.tryFire(CompletableFuture.java:852)
	at java.util.concurrent.CompletableFuture.postComplete(CompletableFuture.java:474)
	at java.util.concurrent.CompletableFuture.completeExceptionally(CompletableFuture.java:1977)
	at org.apache.ratis.grpc.client.GrpcClientProtocolClient$AsyncStreamObservers.lambda$timeoutCheck$3(GrpcClientProtocolClient.java:324)
	at java.util.Optional.ifPresent(Optional.java:159)
	at org.apache.ratis.grpc.client.GrpcClientProtocolClient$AsyncStreamObservers.handleReplyFuture(GrpcClientProtocolClient.java:329)
	at org.apache.ratis.grpc.client.GrpcClientProtocolClient$AsyncStreamObservers.timeoutCheck(GrpcClientProtocolClient.java:324)
	at org.apache.ratis.grpc.client.GrpcClientProtocolClient$AsyncStreamObservers.lambda$onNext$1(GrpcClientProtocolClient.java:318)
	at org.apache.ratis.util.TimeoutScheduler.lambda$onTimeout$0(TimeoutScheduler.java:113)
	at org.apache.ratis.util.TimeoutScheduler.lambda$onTimeout$1(TimeoutScheduler.java:133)
	at org.apache.ratis.util.LogUtils.runAndLog(LogUtils.java:50)
	at org.apache.ratis.util.LogUtils$1.run(LogUtils.java:91)
	at java.util.concurrent.Executors$RunnableAdapter.call(Executors.java:511)
	at java.util.concurrent.FutureTask.run(FutureTask.java:266)
	at java.util.concurrent.ScheduledThreadPoolExecutor$ScheduledFutureTask.access$201(ScheduledThreadPoolExecutor.java:180)
	at java.util.concurrent.ScheduledThreadPoolExecutor$ScheduledFutureTask.run(ScheduledThreadPoolExecutor.java:293)
	at java.util.concurrent.ThreadPoolExecutor.runWorker(ThreadPoolExecutor.java:1149)
	at java.util.concurrent.ThreadPoolExecutor$Worker.run(ThreadPoolExecutor.java:624)
	at java.lang.Thread.run(Thread.java:748)
2019-10-02 17:56:10,461 [java.util.concurrent.ThreadPoolExecutor$Worker@782f1b68[State = -1, empty queue]] WARN  util.TimeoutScheduler (LogUtils.java:runAndLog(55)) - Failed to task #0: java.lang.NullPointerException
2019-10-02 17:56:14,498 [java.util.concurrent.ThreadPoolExecutor$Worker@482c930b[State = -1, empty queue]] ERROR client.GrpcClientProtocolClient (GrpcClientProtocolClient.java:close(148)) - Unexpected exception while waiting for channel termination
java.lang.InterruptedException
	at java.util.concurrent.locks.AbstractQueuedSynchronizer.tryAcquireSharedNanos(AbstractQueuedSynchronizer.java:1326)
	at java.util.concurrent.CountDownLatch.await(CountDownLatch.java:277)
	at org.apache.ratis.thirdparty.io.grpc.internal.ManagedChannelImpl.awaitTermination(ManagedChannelImpl.java:763)
	at org.apache.ratis.thirdparty.io.grpc.internal.ForwardingManagedChannel.awaitTermination(ForwardingManagedChannel.java:57)
	at org.apache.ratis.thirdparty.io.grpc.internal.ManagedChannelOrphanWrapper.awaitTermination(ManagedChannelOrphanWrapper.java:70)
	at org.apache.ratis.grpc.client.GrpcClientProtocolClient.close(GrpcClientProtocolClient.java:146)
	at org.apache.ratis.util.PeerProxyMap$PeerAndProxy.lambda$close$1(PeerProxyMap.java:74)
	at org.apache.ratis.util.LifeCycle.lambda$checkStateAndClose$2(LifeCycle.java:231)
	at org.apache.ratis.util.LifeCycle.checkStateAndClose(LifeCycle.java:251)
	at org.apache.ratis.util.LifeCycle.checkStateAndClose(LifeCycle.java:229)
	at org.apache.ratis.util.PeerProxyMap$PeerAndProxy.close(PeerProxyMap.java:70)
	at org.apache.ratis.util.PeerProxyMap.resetProxy(PeerProxyMap.java:127)
	at org.apache.ratis.util.PeerProxyMap.handleException(PeerProxyMap.java:136)
	at org.apache.ratis.client.impl.RaftClientRpcWithProxy.handleException(RaftClientRpcWithProxy.java:47)
	at org.apache.ratis.client.impl.RaftClientImpl.handleIOException(RaftClientImpl.java:372)
	at org.apache.ratis.client.impl.OrderedAsync.lambda$sendRequest$10(OrderedAsync.java:236)
	at java.util.concurrent.CompletableFuture.uniExceptionally(CompletableFuture.java:870)
	at java.util.concurrent.CompletableFuture$UniExceptionally.tryFire(CompletableFuture.java:852)
	at java.util.concurrent.CompletableFuture.postComplete(CompletableFuture.java:474)
	at java.util.concurrent.CompletableFuture.completeExceptionally(CompletableFuture.java:1977)
	at org.apache.ratis.grpc.client.GrpcClientProtocolClient$AsyncStreamObservers.lambda$timeoutCheck$3(GrpcClientProtocolClient.java:324)
	at java.util.Optional.ifPresent(Optional.java:159)
	at org.apache.ratis.grpc.client.GrpcClientProtocolClient$AsyncStreamObservers.handleReplyFuture(GrpcClientProtocolClient.java:329)
	at org.apache.ratis.grpc.client.GrpcClientProtocolClient$AsyncStreamObservers.timeoutCheck(GrpcClientProtocolClient.java:324)
	at org.apache.ratis.grpc.client.GrpcClientProtocolClient$AsyncStreamObservers.lambda$onNext$1(GrpcClientProtocolClient.java:318)
	at org.apache.ratis.util.TimeoutScheduler.lambda$onTimeout$0(TimeoutScheduler.java:113)
	at org.apache.ratis.util.TimeoutScheduler.lambda$onTimeout$1(TimeoutScheduler.java:133)
	at org.apache.ratis.util.LogUtils.runAndLog(LogUtils.java:50)
	at org.apache.ratis.util.LogUtils$1.run(LogUtils.java:91)
	at java.util.concurrent.Executors$RunnableAdapter.call(Executors.java:511)
	at java.util.concurrent.FutureTask.run(FutureTask.java:266)
	at java.util.concurrent.ScheduledThreadPoolExecutor$ScheduledFutureTask.access$201(ScheduledThreadPoolExecutor.java:180)
	at java.util.concurrent.ScheduledThreadPoolExecutor$ScheduledFutureTask.run(ScheduledThreadPoolExecutor.java:293)
	at java.util.concurrent.ThreadPoolExecutor.runWorker(ThreadPoolExecutor.java:1149)
	at java.util.concurrent.ThreadPoolExecutor$Worker.run(ThreadPoolExecutor.java:624)
	at java.lang.Thread.run(Thread.java:748)
2019-10-02 17:56:14,503 [java.util.concurrent.ThreadPoolExecutor$Worker@482c930b[State = -1, empty queue]] WARN  util.TimeoutScheduler (LogUtils.java:runAndLog(55)) - Failed to task #0: java.lang.NullPointerException
2019-10-02 17:56:16,782 [grpc-default-executor-8] INFO  impl.RaftServerProxy (RaftServerProxy.java:addNew(89)) - 4a0512f4-119f-4f66-8d84-cb92b75127d3: addNew group-43D12C6AF65D:[ae729cbd-7ce4-47be-ae44-f885f4c1fbd3:192.168.151.72:36044, 4a0512f4-119f-4f66-8d84-cb92b75127d3:192.168.151.72:38519, b7323768-8f87-4fb6-921f-bc5aae8c9ceb:192.168.151.72:45619] returns group-43D12C6AF65D:java.util.concurrent.CompletableFuture@a926524[Not completed]
2019-10-02 17:56:16,782 [grpc-default-executor-14] INFO  impl.RaftServerProxy (RaftServerProxy.java:addNew(89)) - b7323768-8f87-4fb6-921f-bc5aae8c9ceb: addNew group-43D12C6AF65D:[ae729cbd-7ce4-47be-ae44-f885f4c1fbd3:192.168.151.72:36044, 4a0512f4-119f-4f66-8d84-cb92b75127d3:192.168.151.72:38519, b7323768-8f87-4fb6-921f-bc5aae8c9ceb:192.168.151.72:45619] returns group-43D12C6AF65D:java.util.concurrent.CompletableFuture@539c94fd[Not completed]
2019-10-02 17:56:16,782 [grpc-default-executor-9] INFO  impl.RaftServerProxy (RaftServerProxy.java:addNew(89)) - ae729cbd-7ce4-47be-ae44-f885f4c1fbd3: addNew group-43D12C6AF65D:[ae729cbd-7ce4-47be-ae44-f885f4c1fbd3:192.168.151.72:36044, 4a0512f4-119f-4f66-8d84-cb92b75127d3:192.168.151.72:38519, b7323768-8f87-4fb6-921f-bc5aae8c9ceb:192.168.151.72:45619] returns group-43D12C6AF65D:java.util.concurrent.CompletableFuture@441f2649[Not completed]
2019-10-02 17:56:16,784 [pool-181-thread-1] INFO  impl.RaftServerImpl (RaftServerImpl.java:<init>(95)) - ae729cbd-7ce4-47be-ae44-f885f4c1fbd3: new RaftServerImpl for group-43D12C6AF65D:[ae729cbd-7ce4-47be-ae44-f885f4c1fbd3:192.168.151.72:36044, 4a0512f4-119f-4f66-8d84-cb92b75127d3:192.168.151.72:38519, b7323768-8f87-4fb6-921f-bc5aae8c9ceb:192.168.151.72:45619] with ContainerStateMachine:uninitialized
2019-10-02 17:56:16,785 [pool-181-thread-1] INFO  server.RaftServerConfigKeys (ConfUtils.java:logGet(43)) - raft.server.rpc.timeout.min = 5s (custom)
2019-10-02 17:56:16,785 [pool-181-thread-1] INFO  server.RaftServerConfigKeys (ConfUtils.java:logGet(43)) - raft.server.rpc.timeout.max = 5200ms (custom)
2019-10-02 17:56:16,785 [pool-181-thread-1] INFO  server.RaftServerConfigKeys (ConfUtils.java:logGet(43)) - raft.server.rpcslowness.timeout = 120s (custom)
2019-10-02 17:56:16,785 [pool-141-thread-1] INFO  impl.RaftServerImpl (RaftServerImpl.java:<init>(95)) - b7323768-8f87-4fb6-921f-bc5aae8c9ceb: new RaftServerImpl for group-43D12C6AF65D:[ae729cbd-7ce4-47be-ae44-f885f4c1fbd3:192.168.151.72:36044, 4a0512f4-119f-4f66-8d84-cb92b75127d3:192.168.151.72:38519, b7323768-8f87-4fb6-921f-bc5aae8c9ceb:192.168.151.72:45619] with ContainerStateMachine:uninitialized
2019-10-02 17:56:16,785 [pool-181-thread-1] INFO  server.RaftServerConfigKeys (ConfUtils.java:logGet(43)) - raft.server.sleep.deviation.threshold = 300 (default)
2019-10-02 17:56:16,785 [pool-141-thread-1] INFO  server.RaftServerConfigKeys (ConfUtils.java:logGet(43)) - raft.server.rpc.timeout.min = 5s (custom)
2019-10-02 17:56:16,785 [pool-181-thread-1] INFO  server.RaftServerConfigKeys (ConfUtils.java:logGet(43)) - raft.server.log.appender.install.snapshot.enabled = false (custom)
2019-10-02 17:56:16,786 [pool-141-thread-1] INFO  server.RaftServerConfigKeys (ConfUtils.java:logGet(43)) - raft.server.rpc.timeout.max = 5200ms (custom)
2019-10-02 17:56:16,786 [pool-181-thread-1] INFO  impl.RaftServerImpl (ServerState.java:<init>(103)) - ae729cbd-7ce4-47be-ae44-f885f4c1fbd3@group-43D12C6AF65D: ConfigurationManager, init=-1: [ae729cbd-7ce4-47be-ae44-f885f4c1fbd3:192.168.151.72:36044, 4a0512f4-119f-4f66-8d84-cb92b75127d3:192.168.151.72:38519, b7323768-8f87-4fb6-921f-bc5aae8c9ceb:192.168.151.72:45619], old=null, confs=<EMPTY_MAP>
2019-10-02 17:56:16,786 [pool-151-thread-1] INFO  impl.RaftServerImpl (RaftServerImpl.java:<init>(95)) - 4a0512f4-119f-4f66-8d84-cb92b75127d3: new RaftServerImpl for group-43D12C6AF65D:[ae729cbd-7ce4-47be-ae44-f885f4c1fbd3:192.168.151.72:36044, 4a0512f4-119f-4f66-8d84-cb92b75127d3:192.168.151.72:38519, b7323768-8f87-4fb6-921f-bc5aae8c9ceb:192.168.151.72:45619] with ContainerStateMachine:uninitialized
2019-10-02 17:56:16,786 [pool-141-thread-1] INFO  server.RaftServerConfigKeys (ConfUtils.java:logGet(43)) - raft.server.rpcslowness.timeout = 120s (custom)
2019-10-02 17:56:16,786 [pool-151-thread-1] INFO  server.RaftServerConfigKeys (ConfUtils.java:logGet(43)) - raft.server.rpc.timeout.min = 5s (custom)
2019-10-02 17:56:16,786 [pool-181-thread-1] INFO  server.RaftServerConfigKeys (ConfUtils.java:logGet(43)) - raft.server.storage.dir = [/workdir/hadoop-ozone/integration-test/target/test-dir/MiniOzoneClusterImpl-65f8f4fe-1764-4468-9f48-37bf81c95b0d/datanode-6/data/ratis] (custom)
2019-10-02 17:56:16,786 [pool-151-thread-1] INFO  server.RaftServerConfigKeys (ConfUtils.java:logGet(43)) - raft.server.rpc.timeout.max = 5200ms (custom)
2019-10-02 17:56:16,786 [pool-141-thread-1] INFO  server.RaftServerConfigKeys (ConfUtils.java:logGet(43)) - raft.server.sleep.deviation.threshold = 300 (default)
2019-10-02 17:56:16,787 [pool-151-thread-1] INFO  server.RaftServerConfigKeys (ConfUtils.java:logGet(43)) - raft.server.rpcslowness.timeout = 120s (custom)
2019-10-02 17:56:16,787 [pool-181-thread-1] INFO  server.RaftServerConfigKeys (ConfUtils.java:logGet(43)) - raft.server.log.corruption.policy = EXCEPTION (default)
2019-10-02 17:56:16,787 [pool-141-thread-1] INFO  server.RaftServerConfigKeys (ConfUtils.java:logGet(43)) - raft.server.log.appender.install.snapshot.enabled = false (custom)
2019-10-02 17:56:16,787 [pool-151-thread-1] INFO  server.RaftServerConfigKeys (ConfUtils.java:logGet(43)) - raft.server.sleep.deviation.threshold = 300 (default)
2019-10-02 17:56:16,787 [pool-141-thread-1] INFO  impl.RaftServerImpl (ServerState.java:<init>(103)) - b7323768-8f87-4fb6-921f-bc5aae8c9ceb@group-43D12C6AF65D: ConfigurationManager, init=-1: [ae729cbd-7ce4-47be-ae44-f885f4c1fbd3:192.168.151.72:36044, 4a0512f4-119f-4f66-8d84-cb92b75127d3:192.168.151.72:38519, b7323768-8f87-4fb6-921f-bc5aae8c9ceb:192.168.151.72:45619], old=null, confs=<EMPTY_MAP>
2019-10-02 17:56:16,787 [pool-181-thread-1] INFO  storage.RaftStorageDirectory (RaftStorageDirectory.java:analyzeStorage(246)) - The storage directory /workdir/hadoop-ozone/integration-test/target/test-dir/MiniOzoneClusterImpl-65f8f4fe-1764-4468-9f48-37bf81c95b0d/datanode-6/data/ratis/d5b69d7d-3b5c-477f-a5bf-43d12c6af65d does not exist. Creating ...
2019-10-02 17:56:16,787 [pool-141-thread-1] INFO  server.RaftServerConfigKeys (ConfUtils.java:logGet(43)) - raft.server.storage.dir = [/workdir/hadoop-ozone/integration-test/target/test-dir/MiniOzoneClusterImpl-65f8f4fe-1764-4468-9f48-37bf81c95b0d/datanode-2/data/ratis] (custom)
2019-10-02 17:56:16,787 [pool-151-thread-1] INFO  server.RaftServerConfigKeys (ConfUtils.java:logGet(43)) - raft.server.log.appender.install.snapshot.enabled = false (custom)
2019-10-02 17:56:16,788 [pool-141-thread-1] INFO  server.RaftServerConfigKeys (ConfUtils.java:logGet(43)) - raft.server.log.corruption.policy = EXCEPTION (default)
2019-10-02 17:56:16,788 [pool-151-thread-1] INFO  impl.RaftServerImpl (ServerState.java:<init>(103)) - 4a0512f4-119f-4f66-8d84-cb92b75127d3@group-43D12C6AF65D: ConfigurationManager, init=-1: [ae729cbd-7ce4-47be-ae44-f885f4c1fbd3:192.168.151.72:36044, 4a0512f4-119f-4f66-8d84-cb92b75127d3:192.168.151.72:38519, b7323768-8f87-4fb6-921f-bc5aae8c9ceb:192.168.151.72:45619], old=null, confs=<EMPTY_MAP>
2019-10-02 17:56:16,788 [pool-141-thread-1] INFO  storage.RaftStorageDirectory (RaftStorageDirectory.java:analyzeStorage(246)) - The storage directory /workdir/hadoop-ozone/integration-test/target/test-dir/MiniOzoneClusterImpl-65f8f4fe-1764-4468-9f48-37bf81c95b0d/datanode-2/data/ratis/d5b69d7d-3b5c-477f-a5bf-43d12c6af65d does not exist. Creating ...
2019-10-02 17:56:16,788 [pool-151-thread-1] INFO  server.RaftServerConfigKeys (ConfUtils.java:logGet(43)) - raft.server.storage.dir = [/workdir/hadoop-ozone/integration-test/target/test-dir/MiniOzoneClusterImpl-65f8f4fe-1764-4468-9f48-37bf81c95b0d/datanode-3/data/ratis] (custom)
2019-10-02 17:56:16,789 [pool-151-thread-1] INFO  server.RaftServerConfigKeys (ConfUtils.java:logGet(43)) - raft.server.log.corruption.policy = EXCEPTION (default)
2019-10-02 17:56:16,789 [pool-151-thread-1] INFO  storage.RaftStorageDirectory (RaftStorageDirectory.java:analyzeStorage(246)) - The storage directory /workdir/hadoop-ozone/integration-test/target/test-dir/MiniOzoneClusterImpl-65f8f4fe-1764-4468-9f48-37bf81c95b0d/datanode-3/data/ratis/d5b69d7d-3b5c-477f-a5bf-43d12c6af65d does not exist. Creating ...
2019-10-02 17:56:16,953 [pool-151-thread-1] INFO  storage.RaftStorageDirectory (RaftStorageDirectory.java:tryLock(328)) - Lock on /workdir/hadoop-ozone/integration-test/target/test-dir/MiniOzoneClusterImpl-65f8f4fe-1764-4468-9f48-37bf81c95b0d/datanode-3/data/ratis/d5b69d7d-3b5c-477f-a5bf-43d12c6af65d/in_use.lock acquired by nodename 27144@pr-trunk-fgz7f-2353921243
2019-10-02 17:56:16,953 [pool-181-thread-1] INFO  storage.RaftStorageDirectory (RaftStorageDirectory.java:tryLock(328)) - Lock on /workdir/hadoop-ozone/integration-test/target/test-dir/MiniOzoneClusterImpl-65f8f4fe-1764-4468-9f48-37bf81c95b0d/datanode-6/data/ratis/d5b69d7d-3b5c-477f-a5bf-43d12c6af65d/in_use.lock acquired by nodename 27144@pr-trunk-fgz7f-2353921243
2019-10-02 17:56:16,953 [pool-141-thread-1] INFO  storage.RaftStorageDirectory (RaftStorageDirectory.java:tryLock(328)) - Lock on /workdir/hadoop-ozone/integration-test/target/test-dir/MiniOzoneClusterImpl-65f8f4fe-1764-4468-9f48-37bf81c95b0d/datanode-2/data/ratis/d5b69d7d-3b5c-477f-a5bf-43d12c6af65d/in_use.lock acquired by nodename 27144@pr-trunk-fgz7f-2353921243
2019-10-02 17:56:16,983 [pool-181-thread-1] INFO  storage.RaftStorage (RaftStorage.java:format(84)) - Storage directory /workdir/hadoop-ozone/integration-test/target/test-dir/MiniOzoneClusterImpl-65f8f4fe-1764-4468-9f48-37bf81c95b0d/datanode-6/data/ratis/d5b69d7d-3b5c-477f-a5bf-43d12c6af65d has been successfully formatted.
2019-10-02 17:56:16,983 [pool-141-thread-1] INFO  storage.RaftStorage (RaftStorage.java:format(84)) - Storage directory /workdir/hadoop-ozone/integration-test/target/test-dir/MiniOzoneClusterImpl-65f8f4fe-1764-4468-9f48-37bf81c95b0d/datanode-2/data/ratis/d5b69d7d-3b5c-477f-a5bf-43d12c6af65d has been successfully formatted.
2019-10-02 17:56:16,983 [pool-151-thread-1] INFO  storage.RaftStorage (RaftStorage.java:format(84)) - Storage directory /workdir/hadoop-ozone/integration-test/target/test-dir/MiniOzoneClusterImpl-65f8f4fe-1764-4468-9f48-37bf81c95b0d/datanode-3/data/ratis/d5b69d7d-3b5c-477f-a5bf-43d12c6af65d has been successfully formatted.
2019-10-02 17:56:16,984 [pool-141-thread-1] INFO  ratis.ContainerStateMachine (ContainerStateMachine.java:loadSnapshot(231)) - group-43D12C6AF65D: The snapshot info is null. Setting the last applied indexto:(t:0, i:~)
2019-10-02 17:56:16,984 [pool-181-thread-1] INFO  ratis.ContainerStateMachine (ContainerStateMachine.java:loadSnapshot(231)) - group-43D12C6AF65D: The snapshot info is null. Setting the last applied indexto:(t:0, i:~)
2019-10-02 17:56:16,984 [pool-141-thread-1] INFO  server.RaftServerConfigKeys (ConfUtils.java:logGet(43)) - raft.server.notification.no-leader.timeout = 120s (custom)
2019-10-02 17:56:16,984 [pool-151-thread-1] INFO  ratis.ContainerStateMachine (ContainerStateMachine.java:loadSnapshot(231)) - group-43D12C6AF65D: The snapshot info is null. Setting the last applied indexto:(t:0, i:~)
2019-10-02 17:56:16,984 [pool-141-thread-1] INFO  server.RaftServerConfigKeys (ConfUtils.java:logGet(43)) - raft.server.log.use.memory = false (default)
2019-10-02 17:56:16,984 [pool-181-thread-1] INFO  server.RaftServerConfigKeys (ConfUtils.java:logGet(43)) - raft.server.notification.no-leader.timeout = 120s (custom)
2019-10-02 17:56:16,985 [pool-151-thread-1] INFO  server.RaftServerConfigKeys (ConfUtils.java:logGet(43)) - raft.server.notification.no-leader.timeout = 120s (custom)
2019-10-02 17:56:16,985 [pool-181-thread-1] INFO  server.RaftServerConfigKeys (ConfUtils.java:logGet(43)) - raft.server.log.use.memory = false (default)
2019-10-02 17:56:16,985 [pool-141-thread-1] INFO  server.RaftServerConfigKeys (ConfUtils.java:logGet(43)) - raft.server.log.purge.gap = 1000000 (custom)
2019-10-02 17:56:16,985 [pool-181-thread-1] INFO  server.RaftServerConfigKeys (ConfUtils.java:logGet(43)) - raft.server.log.purge.gap = 1000000 (custom)
2019-10-02 17:56:16,985 [pool-151-thread-1] INFO  server.RaftServerConfigKeys (ConfUtils.java:logGet(43)) - raft.server.log.use.memory = false (default)
2019-10-02 17:56:16,986 [pool-181-thread-1] INFO  server.RaftServerConfigKeys (ConfUtils.java:logGet(43)) - raft.server.log.appender.buffer.byte-limit = 33554432 (custom)
2019-10-02 17:56:16,986 [pool-141-thread-1] INFO  server.RaftServerConfigKeys (ConfUtils.java:logGet(43)) - raft.server.log.appender.buffer.byte-limit = 33554432 (custom)
2019-10-02 17:56:16,986 [pool-181-thread-1] INFO  server.RaftServerConfigKeys (ConfUtils.java:logGet(43)) - raft.server.log.segment.size.max = 1048576 (custom)
2019-10-02 17:56:16,986 [pool-151-thread-1] INFO  server.RaftServerConfigKeys (ConfUtils.java:logGet(43)) - raft.server.log.purge.gap = 1000000 (custom)
2019-10-02 17:56:16,986 [pool-141-thread-1] INFO  server.RaftServerConfigKeys (ConfUtils.java:logGet(43)) - raft.server.log.segment.size.max = 1048576 (custom)
2019-10-02 17:56:16,987 [pool-181-thread-1] INFO  server.RaftServerConfigKeys (ConfUtils.java:logGet(43)) - raft.server.log.segment.cache.num.max = 2 (custom)
2019-10-02 17:56:16,986 [pool-151-thread-1] INFO  server.RaftServerConfigKeys (ConfUtils.java:logGet(43)) - raft.server.log.appender.buffer.byte-limit = 33554432 (custom)
2019-10-02 17:56:16,987 [pool-181-thread-1] INFO  segmented.SegmentedRaftLogWorker (SegmentedRaftLogWorker.java:<init>(173)) - new ae729cbd-7ce4-47be-ae44-f885f4c1fbd3@group-43D12C6AF65D-SegmentedRaftLogWorker for RaftStorage:Storage Directory /workdir/hadoop-ozone/integration-test/target/test-dir/MiniOzoneClusterImpl-65f8f4fe-1764-4468-9f48-37bf81c95b0d/datanode-6/data/ratis/d5b69d7d-3b5c-477f-a5bf-43d12c6af65d
2019-10-02 17:56:16,987 [pool-141-thread-1] INFO  server.RaftServerConfigKeys (ConfUtils.java:logGet(43)) - raft.server.log.segment.cache.num.max = 2 (custom)
2019-10-02 17:56:16,987 [pool-181-thread-1] INFO  server.RaftServerConfigKeys (ConfUtils.java:logGet(43)) - raft.server.log.queue.byte-limit = 2147483647 (custom)
2019-10-02 17:56:16,987 [pool-151-thread-1] INFO  server.RaftServerConfigKeys (ConfUtils.java:logGet(43)) - raft.server.log.segment.size.max = 1048576 (custom)
2019-10-02 17:56:16,987 [pool-181-thread-1] INFO  server.RaftServerConfigKeys (ConfUtils.java:logGet(43)) - raft.server.log.queue.element-limit = 1024 (custom)
2019-10-02 17:56:16,987 [pool-141-thread-1] INFO  segmented.SegmentedRaftLogWorker (SegmentedRaftLogWorker.java:<init>(173)) - new b7323768-8f87-4fb6-921f-bc5aae8c9ceb@group-43D12C6AF65D-SegmentedRaftLogWorker for RaftStorage:Storage Directory /workdir/hadoop-ozone/integration-test/target/test-dir/MiniOzoneClusterImpl-65f8f4fe-1764-4468-9f48-37bf81c95b0d/datanode-2/data/ratis/d5b69d7d-3b5c-477f-a5bf-43d12c6af65d
2019-10-02 17:56:16,988 [pool-181-thread-1] INFO  server.RaftServerConfigKeys (ConfUtils.java:logGet(43)) - raft.server.log.segment.size.max = 1048576 (custom)
2019-10-02 17:56:16,988 [pool-151-thread-1] INFO  server.RaftServerConfigKeys (ConfUtils.java:logGet(43)) - raft.server.log.segment.cache.num.max = 2 (custom)
2019-10-02 17:56:16,988 [pool-181-thread-1] INFO  server.RaftServerConfigKeys (ConfUtils.java:logGet(43)) - raft.server.log.preallocated.size = 16384 (custom)
2019-10-02 17:56:16,988 [pool-141-thread-1] INFO  server.RaftServerConfigKeys (ConfUtils.java:logGet(43)) - raft.server.log.queue.byte-limit = 2147483647 (custom)
2019-10-02 17:56:16,988 [pool-181-thread-1] INFO  server.RaftServerConfigKeys (ConfUtils.java:logGet(43)) - raft.server.log.write.buffer.size = 33554432 (custom)
2019-10-02 17:56:16,988 [pool-151-thread-1] INFO  segmented.SegmentedRaftLogWorker (SegmentedRaftLogWorker.java:<init>(173)) - new 4a0512f4-119f-4f66-8d84-cb92b75127d3@group-43D12C6AF65D-SegmentedRaftLogWorker for RaftStorage:Storage Directory /workdir/hadoop-ozone/integration-test/target/test-dir/MiniOzoneClusterImpl-65f8f4fe-1764-4468-9f48-37bf81c95b0d/datanode-3/data/ratis/d5b69d7d-3b5c-477f-a5bf-43d12c6af65d
2019-10-02 17:56:16,989 [pool-181-thread-1] INFO  server.RaftServerConfigKeys (ConfUtils.java:logGet(43)) - raft.server.log.force.sync.num = 128 (default)
2019-10-02 17:56:16,988 [pool-141-thread-1] INFO  server.RaftServerConfigKeys (ConfUtils.java:logGet(43)) - raft.server.log.queue.element-limit = 1024 (custom)
2019-10-02 17:56:16,989 [pool-181-thread-1] INFO  server.RaftServerConfigKeys (ConfUtils.java:logGet(43)) - raft.server.log.statemachine.data.sync = true (default)
2019-10-02 17:56:16,989 [pool-151-thread-1] INFO  server.RaftServerConfigKeys (ConfUtils.java:logGet(43)) - raft.server.log.queue.byte-limit = 2147483647 (custom)
2019-10-02 17:56:16,989 [pool-181-thread-1] INFO  server.RaftServerConfigKeys (ConfUtils.java:logGet(43)) - raft.server.log.statemachine.data.sync.timeout = 10s (default)
2019-10-02 17:56:16,989 [pool-141-thread-1] INFO  server.RaftServerConfigKeys (ConfUtils.java:logGet(43)) - raft.server.log.segment.size.max = 1048576 (custom)
2019-10-02 17:56:16,990 [pool-181-thread-1] INFO  server.RaftServerConfigKeys (ConfUtils.java:logGet(43)) - raft.server.log.statemachine.data.sync.timeout.retry = -1 (default)
2019-10-02 17:56:16,989 [pool-151-thread-1] INFO  server.RaftServerConfigKeys (ConfUtils.java:logGet(43)) - raft.server.log.queue.element-limit = 1024 (custom)
2019-10-02 17:56:16,990 [pool-181-thread-1] INFO  server.RaftServerConfigKeys (ConfUtils.java:logGet(43)) - raft.server.log.statemachine.data.caching.enabled = true (custom)
2019-10-02 17:56:16,990 [pool-141-thread-1] INFO  server.RaftServerConfigKeys (ConfUtils.java:logGet(43)) - raft.server.log.preallocated.size = 16384 (custom)
2019-10-02 17:56:16,990 [pool-151-thread-1] INFO  server.RaftServerConfigKeys (ConfUtils.java:logGet(43)) - raft.server.log.segment.size.max = 1048576 (custom)
2019-10-02 17:56:16,990 [pool-181-thread-1] INFO  segmented.SegmentedRaftLogWorker (SegmentedRaftLogWorker.java:lambda$new$0(128)) - ae729cbd-7ce4-47be-ae44-f885f4c1fbd3@group-43D12C6AF65D-SegmentedRaftLogWorker: flushIndex: setUnconditionally 0 -> -1
2019-10-02 17:56:16,990 [pool-141-thread-1] INFO  server.RaftServerConfigKeys (ConfUtils.java:logGet(43)) - raft.server.log.write.buffer.size = 33554432 (custom)
2019-10-02 17:56:16,990 [pool-151-thread-1] INFO  server.RaftServerConfigKeys (ConfUtils.java:logGet(43)) - raft.server.log.preallocated.size = 16384 (custom)
2019-10-02 17:56:16,991 [pool-181-thread-1] INFO  server.RaftServerConfigKeys (ConfUtils.java:logGet(43)) - raft.server.snapshot.auto.trigger.enabled = true (custom)
2019-10-02 17:56:16,991 [pool-141-thread-1] INFO  server.RaftServerConfigKeys (ConfUtils.java:logGet(43)) - raft.server.log.force.sync.num = 128 (default)
2019-10-02 17:56:16,991 [pool-181-thread-1] INFO  server.RaftServerConfigKeys (ConfUtils.java:logGet(43)) - raft.server.snapshot.auto.trigger.threshold = 10000 (custom)
2019-10-02 17:56:16,991 [pool-151-thread-1] INFO  server.RaftServerConfigKeys (ConfUtils.java:logGet(43)) - raft.server.log.write.buffer.size = 33554432 (custom)
2019-10-02 17:56:16,991 [pool-181-thread-1] INFO  server.RaftServerConfigKeys (ConfUtils.java:logGet(43)) - raft.server.snapshot.retention.file.num = 5 (custom)
2019-10-02 17:56:16,991 [pool-141-thread-1] INFO  server.RaftServerConfigKeys (ConfUtils.java:logGet(43)) - raft.server.log.statemachine.data.sync = true (default)
2019-10-02 17:56:16,992 [pool-181-thread-1] INFO  server.RaftServerConfigKeys (ConfUtils.java:logGet(43)) - raft.server.retrycache.expirytime = 600000ms (custom)
2019-10-02 17:56:16,992 [pool-151-thread-1] INFO  server.RaftServerConfigKeys (ConfUtils.java:logGet(43)) - raft.server.log.force.sync.num = 128 (default)
2019-10-02 17:56:16,992 [pool-141-thread-1] INFO  server.RaftServerConfigKeys (ConfUtils.java:logGet(43)) - raft.server.log.statemachine.data.sync.timeout = 10s (default)
2019-10-02 17:56:16,992 [pool-151-thread-1] INFO  server.RaftServerConfigKeys (ConfUtils.java:logGet(43)) - raft.server.log.statemachine.data.sync = true (default)
2019-10-02 17:56:16,992 [pool-141-thread-1] INFO  server.RaftServerConfigKeys (ConfUtils.java:logGet(43)) - raft.server.log.statemachine.data.sync.timeout.retry = -1 (default)
2019-10-02 17:56:16,993 [pool-151-thread-1] INFO  server.RaftServerConfigKeys (ConfUtils.java:logGet(43)) - raft.server.log.statemachine.data.sync.timeout = 10s (default)
2019-10-02 17:56:16,993 [pool-141-thread-1] INFO  server.RaftServerConfigKeys (ConfUtils.java:logGet(43)) - raft.server.log.statemachine.data.caching.enabled = true (custom)
2019-10-02 17:56:16,993 [pool-151-thread-1] INFO  server.RaftServerConfigKeys (ConfUtils.java:logGet(43)) - raft.server.log.statemachine.data.sync.timeout.retry = -1 (default)
2019-10-02 17:56:16,993 [pool-141-thread-1] INFO  segmented.SegmentedRaftLogWorker (SegmentedRaftLogWorker.java:lambda$new$0(128)) - b7323768-8f87-4fb6-921f-bc5aae8c9ceb@group-43D12C6AF65D-SegmentedRaftLogWorker: flushIndex: setUnconditionally 0 -> -1
2019-10-02 17:56:16,993 [pool-151-thread-1] INFO  server.RaftServerConfigKeys (ConfUtils.java:logGet(43)) - raft.server.log.statemachine.data.caching.enabled = true (custom)
2019-10-02 17:56:16,994 [pool-141-thread-1] INFO  server.RaftServerConfigKeys (ConfUtils.java:logGet(43)) - raft.server.snapshot.auto.trigger.enabled = true (custom)
2019-10-02 17:56:16,994 [pool-151-thread-1] INFO  segmented.SegmentedRaftLogWorker (SegmentedRaftLogWorker.java:lambda$new$0(128)) - 4a0512f4-119f-4f66-8d84-cb92b75127d3@group-43D12C6AF65D-SegmentedRaftLogWorker: flushIndex: setUnconditionally 0 -> -1
2019-10-02 17:56:16,994 [pool-141-thread-1] INFO  server.RaftServerConfigKeys (ConfUtils.java:logGet(43)) - raft.server.snapshot.auto.trigger.threshold = 10000 (custom)
2019-10-02 17:56:16,994 [pool-151-thread-1] INFO  server.RaftServerConfigKeys (ConfUtils.java:logGet(43)) - raft.server.snapshot.auto.trigger.enabled = true (custom)
2019-10-02 17:56:16,994 [pool-141-thread-1] INFO  server.RaftServerConfigKeys (ConfUtils.java:logGet(43)) - raft.server.snapshot.retention.file.num = 5 (custom)
2019-10-02 17:56:16,995 [pool-181-thread-1] INFO  impl.RaftServerImpl (RaftServerImpl.java:start(181)) - ae729cbd-7ce4-47be-ae44-f885f4c1fbd3@group-43D12C6AF65D: start as a follower, conf=-1: [ae729cbd-7ce4-47be-ae44-f885f4c1fbd3:192.168.151.72:36044, 4a0512f4-119f-4f66-8d84-cb92b75127d3:192.168.151.72:38519, b7323768-8f87-4fb6-921f-bc5aae8c9ceb:192.168.151.72:45619], old=null
2019-10-02 17:56:16,995 [pool-151-thread-1] INFO  server.RaftServerConfigKeys (ConfUtils.java:logGet(43)) - raft.server.snapshot.auto.trigger.threshold = 10000 (custom)
2019-10-02 17:56:16,995 [pool-181-thread-1] INFO  impl.RaftServerImpl (RaftServerImpl.java:setRole(170)) - ae729cbd-7ce4-47be-ae44-f885f4c1fbd3@group-43D12C6AF65D: changes role from      null to FOLLOWER at term 0 for startAsFollower
2019-10-02 17:56:16,995 [pool-141-thread-1] INFO  server.RaftServerConfigKeys (ConfUtils.java:logGet(43)) - raft.server.retrycache.expirytime = 600000ms (custom)
2019-10-02 17:56:16,995 [pool-181-thread-1] INFO  impl.RoleInfo (RoleInfo.java:updateAndGet(143)) - ae729cbd-7ce4-47be-ae44-f885f4c1fbd3: start FollowerState
2019-10-02 17:56:16,995 [pool-151-thread-1] INFO  server.RaftServerConfigKeys (ConfUtils.java:logGet(43)) - raft.server.snapshot.retention.file.num = 5 (custom)
2019-10-02 17:56:16,996 [pool-151-thread-1] INFO  server.RaftServerConfigKeys (ConfUtils.java:logGet(43)) - raft.server.retrycache.expirytime = 600000ms (custom)
2019-10-02 17:56:17,003 [pool-181-thread-1] INFO  util.JmxRegister (JmxRegister.java:tryRegister(44)) - Successfully registered JMX Bean with object name Ratis:service=RaftServer,group=group-43D12C6AF65D,id=ae729cbd-7ce4-47be-ae44-f885f4c1fbd3
2019-10-02 17:56:17,007 [pool-141-thread-1] INFO  impl.RaftServerImpl (RaftServerImpl.java:start(181)) - b7323768-8f87-4fb6-921f-bc5aae8c9ceb@group-43D12C6AF65D: start as a follower, conf=-1: [ae729cbd-7ce4-47be-ae44-f885f4c1fbd3:192.168.151.72:36044, 4a0512f4-119f-4f66-8d84-cb92b75127d3:192.168.151.72:38519, b7323768-8f87-4fb6-921f-bc5aae8c9ceb:192.168.151.72:45619], old=null
2019-10-02 17:56:17,007 [pool-141-thread-1] INFO  impl.RaftServerImpl (RaftServerImpl.java:setRole(170)) - b7323768-8f87-4fb6-921f-bc5aae8c9ceb@group-43D12C6AF65D: changes role from      null to FOLLOWER at term 0 for startAsFollower
2019-10-02 17:56:17,007 [pool-141-thread-1] INFO  impl.RoleInfo (RoleInfo.java:updateAndGet(143)) - b7323768-8f87-4fb6-921f-bc5aae8c9ceb: start FollowerState
2019-10-02 17:56:17,008 [pool-141-thread-1] INFO  util.JmxRegister (JmxRegister.java:tryRegister(44)) - Successfully registered JMX Bean with object name Ratis:service=RaftServer,group=group-43D12C6AF65D,id=b7323768-8f87-4fb6-921f-bc5aae8c9ceb
2019-10-02 17:56:17,008 [pool-151-thread-1] INFO  impl.RaftServerImpl (RaftServerImpl.java:start(181)) - 4a0512f4-119f-4f66-8d84-cb92b75127d3@group-43D12C6AF65D: start as a follower, conf=-1: [ae729cbd-7ce4-47be-ae44-f885f4c1fbd3:192.168.151.72:36044, 4a0512f4-119f-4f66-8d84-cb92b75127d3:192.168.151.72:38519, b7323768-8f87-4fb6-921f-bc5aae8c9ceb:192.168.151.72:45619], old=null
2019-10-02 17:56:17,008 [pool-151-thread-1] INFO  impl.RaftServerImpl (RaftServerImpl.java:setRole(170)) - 4a0512f4-119f-4f66-8d84-cb92b75127d3@group-43D12C6AF65D: changes role from      null to FOLLOWER at term 0 for startAsFollower
2019-10-02 17:56:17,014 [pool-151-thread-1] INFO  impl.RoleInfo (RoleInfo.java:updateAndGet(143)) - 4a0512f4-119f-4f66-8d84-cb92b75127d3: start FollowerState
2019-10-02 17:56:17,015 [pool-151-thread-1] INFO  util.JmxRegister (JmxRegister.java:tryRegister(44)) - Successfully registered JMX Bean with object name Ratis:service=RaftServer,group=group-43D12C6AF65D,id=4a0512f4-119f-4f66-8d84-cb92b75127d3
2019-10-02 17:56:17,021 [RatisPipelineUtilsThread] INFO  pipeline.PipelineStateManager (PipelineStateManager.java:addPipeline(56)) - Created pipeline Pipeline[ Id: d5b69d7d-3b5c-477f-a5bf-43d12c6af65d, Nodes: ae729cbd-7ce4-47be-ae44-f885f4c1fbd3{ip: 192.168.151.72, host: pr-trunk-fgz7f-2353921243, networkLocation: /default-rack, certSerialId: null}b7323768-8f87-4fb6-921f-bc5aae8c9ceb{ip: 192.168.151.72, host: pr-trunk-fgz7f-2353921243, networkLocation: /default-rack, certSerialId: null}4a0512f4-119f-4f66-8d84-cb92b75127d3{ip: 192.168.151.72, host: pr-trunk-fgz7f-2353921243, networkLocation: /default-rack, certSerialId: null}, Type:RATIS, Factor:THREE, State:OPEN]
2019-10-02 17:56:18,542 [java.util.concurrent.ThreadPoolExecutor$Worker@7a85119f[State = -1, empty queue]] ERROR client.GrpcClientProtocolClient (GrpcClientProtocolClient.java:close(148)) - Unexpected exception while waiting for channel termination
java.lang.InterruptedException
	at java.util.concurrent.locks.AbstractQueuedSynchronizer.tryAcquireSharedNanos(AbstractQueuedSynchronizer.java:1326)
	at java.util.concurrent.CountDownLatch.await(CountDownLatch.java:277)
	at org.apache.ratis.thirdparty.io.grpc.internal.ManagedChannelImpl.awaitTermination(ManagedChannelImpl.java:763)
	at org.apache.ratis.thirdparty.io.grpc.internal.ForwardingManagedChannel.awaitTermination(ForwardingManagedChannel.java:57)
	at org.apache.ratis.thirdparty.io.grpc.internal.ManagedChannelOrphanWrapper.awaitTermination(ManagedChannelOrphanWrapper.java:70)
	at org.apache.ratis.grpc.client.GrpcClientProtocolClient.close(GrpcClientProtocolClient.java:146)
	at org.apache.ratis.util.PeerProxyMap$PeerAndProxy.lambda$close$1(PeerProxyMap.java:74)
	at org.apache.ratis.util.LifeCycle.lambda$checkStateAndClose$2(LifeCycle.java:231)
	at org.apache.ratis.util.LifeCycle.checkStateAndClose(LifeCycle.java:251)
	at org.apache.ratis.util.LifeCycle.checkStateAndClose(LifeCycle.java:229)
	at org.apache.ratis.util.PeerProxyMap$PeerAndProxy.close(PeerProxyMap.java:70)
	at org.apache.ratis.util.PeerProxyMap.resetProxy(PeerProxyMap.java:127)
	at org.apache.ratis.util.PeerProxyMap.handleException(PeerProxyMap.java:136)
	at org.apache.ratis.client.impl.RaftClientRpcWithProxy.handleException(RaftClientRpcWithProxy.java:47)
	at org.apache.ratis.client.impl.RaftClientImpl.handleIOException(RaftClientImpl.java:372)
	at org.apache.ratis.client.impl.OrderedAsync.lambda$sendRequest$10(OrderedAsync.java:236)
	at java.util.concurrent.CompletableFuture.uniExceptionally(CompletableFuture.java:870)
	at java.util.concurrent.CompletableFuture$UniExceptionally.tryFire(CompletableFuture.java:852)
	at java.util.concurrent.CompletableFuture.postComplete(CompletableFuture.java:474)
	at java.util.concurrent.CompletableFuture.completeExceptionally(CompletableFuture.java:1977)
	at org.apache.ratis.grpc.client.GrpcClientProtocolClient$AsyncStreamObservers.lambda$timeoutCheck$3(GrpcClientProtocolClient.java:324)
	at java.util.Optional.ifPresent(Optional.java:159)
	at org.apache.ratis.grpc.client.GrpcClientProtocolClient$AsyncStreamObservers.handleReplyFuture(GrpcClientProtocolClient.java:329)
	at org.apache.ratis.grpc.client.GrpcClientProtocolClient$AsyncStreamObservers.timeoutCheck(GrpcClientProtocolClient.java:324)
	at org.apache.ratis.grpc.client.GrpcClientProtocolClient$AsyncStreamObservers.lambda$onNext$1(GrpcClientProtocolClient.java:318)
	at org.apache.ratis.util.TimeoutScheduler.lambda$onTimeout$0(TimeoutScheduler.java:113)
	at org.apache.ratis.util.TimeoutScheduler.lambda$onTimeout$1(TimeoutScheduler.java:133)
	at org.apache.ratis.util.LogUtils.runAndLog(LogUtils.java:50)
	at org.apache.ratis.util.LogUtils$1.run(LogUtils.java:91)
	at java.util.concurrent.Executors$RunnableAdapter.call(Executors.java:511)
	at java.util.concurrent.FutureTask.run(FutureTask.java:266)
	at java.util.concurrent.ScheduledThreadPoolExecutor$ScheduledFutureTask.access$201(ScheduledThreadPoolExecutor.java:180)
	at java.util.concurrent.ScheduledThreadPoolExecutor$ScheduledFutureTask.run(ScheduledThreadPoolExecutor.java:293)
	at java.util.concurrent.ThreadPoolExecutor.runWorker(ThreadPoolExecutor.java:1149)
	at java.util.concurrent.ThreadPoolExecutor$Worker.run(ThreadPoolExecutor.java:624)
	at java.lang.Thread.run(Thread.java:748)
2019-10-02 17:56:18,560 [java.util.concurrent.ThreadPoolExecutor$Worker@7a85119f[State = -1, empty queue]] WARN  util.TimeoutScheduler (LogUtils.java:runAndLog(55)) - Failed to task #0: java.lang.NullPointerException
2019-10-02 17:56:22,134 [Thread-1950] INFO  impl.FollowerState (FollowerState.java:run(108)) - 4a0512f4-119f-4f66-8d84-cb92b75127d3@group-43D12C6AF65D-FollowerState: change to CANDIDATE, lastRpcTime:5119ms, electionTimeout:5119ms
2019-10-02 17:56:22,143 [Thread-1950] INFO  impl.RoleInfo (RoleInfo.java:shutdownFollowerState(121)) - 4a0512f4-119f-4f66-8d84-cb92b75127d3: shutdown FollowerState
2019-10-02 17:56:22,143 [Thread-1950] INFO  impl.RaftServerImpl (RaftServerImpl.java:setRole(170)) - 4a0512f4-119f-4f66-8d84-cb92b75127d3@group-43D12C6AF65D: changes role from  FOLLOWER to CANDIDATE at term 0 for changeToCandidate
2019-10-02 17:56:22,143 [Thread-1950] INFO  impl.RoleInfo (RoleInfo.java:updateAndGet(143)) - 4a0512f4-119f-4f66-8d84-cb92b75127d3: start LeaderElection
2019-10-02 17:56:22,172 [Thread-1947] INFO  impl.FollowerState (FollowerState.java:run(108)) - ae729cbd-7ce4-47be-ae44-f885f4c1fbd3@group-43D12C6AF65D-FollowerState: change to CANDIDATE, lastRpcTime:5176ms, electionTimeout:5153ms
2019-10-02 17:56:22,172 [Thread-1947] INFO  impl.RoleInfo (RoleInfo.java:shutdownFollowerState(121)) - ae729cbd-7ce4-47be-ae44-f885f4c1fbd3: shutdown FollowerState
2019-10-02 17:56:22,173 [Thread-1947] INFO  impl.RaftServerImpl (RaftServerImpl.java:setRole(170)) - ae729cbd-7ce4-47be-ae44-f885f4c1fbd3@group-43D12C6AF65D: changes role from  FOLLOWER to CANDIDATE at term 0 for changeToCandidate
2019-10-02 17:56:22,173 [Thread-1947] INFO  impl.RoleInfo (RoleInfo.java:updateAndGet(143)) - ae729cbd-7ce4-47be-ae44-f885f4c1fbd3: start LeaderElection
2019-10-02 17:56:22,189 [Thread-1949] INFO  impl.FollowerState (FollowerState.java:run(108)) - b7323768-8f87-4fb6-921f-bc5aae8c9ceb@group-43D12C6AF65D-FollowerState: change to CANDIDATE, lastRpcTime:5181ms, electionTimeout:5181ms
2019-10-02 17:56:22,189 [ae729cbd-7ce4-47be-ae44-f885f4c1fbd3@group-43D12C6AF65D-LeaderElection34] INFO  impl.LeaderElection (LeaderElection.java:askForVotes(178)) - ae729cbd-7ce4-47be-ae44-f885f4c1fbd3@group-43D12C6AF65D-LeaderElection34: begin an election at term 1 for -1: [ae729cbd-7ce4-47be-ae44-f885f4c1fbd3:192.168.151.72:36044, 4a0512f4-119f-4f66-8d84-cb92b75127d3:192.168.151.72:38519, b7323768-8f87-4fb6-921f-bc5aae8c9ceb:192.168.151.72:45619], old=null
2019-10-02 17:56:22,189 [Thread-1949] INFO  impl.RoleInfo (RoleInfo.java:shutdownFollowerState(121)) - b7323768-8f87-4fb6-921f-bc5aae8c9ceb: shutdown FollowerState
2019-10-02 17:56:22,189 [4a0512f4-119f-4f66-8d84-cb92b75127d3@group-43D12C6AF65D-LeaderElection33] INFO  impl.LeaderElection (LeaderElection.java:askForVotes(178)) - 4a0512f4-119f-4f66-8d84-cb92b75127d3@group-43D12C6AF65D-LeaderElection33: begin an election at term 1 for -1: [ae729cbd-7ce4-47be-ae44-f885f4c1fbd3:192.168.151.72:36044, 4a0512f4-119f-4f66-8d84-cb92b75127d3:192.168.151.72:38519, b7323768-8f87-4fb6-921f-bc5aae8c9ceb:192.168.151.72:45619], old=null
2019-10-02 17:56:22,189 [Thread-1949] INFO  impl.RaftServerImpl (RaftServerImpl.java:setRole(170)) - b7323768-8f87-4fb6-921f-bc5aae8c9ceb@group-43D12C6AF65D: changes role from  FOLLOWER to CANDIDATE at term 0 for changeToCandidate
2019-10-02 17:56:22,189 [Thread-1949] INFO  impl.RoleInfo (RoleInfo.java:updateAndGet(143)) - b7323768-8f87-4fb6-921f-bc5aae8c9ceb: start LeaderElection
2019-10-02 17:56:22,209 [b7323768-8f87-4fb6-921f-bc5aae8c9ceb@group-43D12C6AF65D-LeaderElection35] INFO  impl.LeaderElection (LeaderElection.java:askForVotes(178)) - b7323768-8f87-4fb6-921f-bc5aae8c9ceb@group-43D12C6AF65D-LeaderElection35: begin an election at term 1 for -1: [ae729cbd-7ce4-47be-ae44-f885f4c1fbd3:192.168.151.72:36044, 4a0512f4-119f-4f66-8d84-cb92b75127d3:192.168.151.72:38519, b7323768-8f87-4fb6-921f-bc5aae8c9ceb:192.168.151.72:45619], old=null
2019-10-02 17:56:22,212 [4a0512f4-119f-4f66-8d84-cb92b75127d3@group-43D12C6AF65D-LeaderElection33] INFO  impl.LeaderElection (LeaderElection.java:logAndReturn(56)) - 4a0512f4-119f-4f66-8d84-cb92b75127d3@group-43D12C6AF65D-LeaderElection33: Election REJECTED; received 2 response(s) [4a0512f4-119f-4f66-8d84-cb92b75127d3<-ae729cbd-7ce4-47be-ae44-f885f4c1fbd3#0:FAIL-t1, 4a0512f4-119f-4f66-8d84-cb92b75127d3<-b7323768-8f87-4fb6-921f-bc5aae8c9ceb#0:FAIL-t1] and 0 exception(s); 4a0512f4-119f-4f66-8d84-cb92b75127d3@group-43D12C6AF65D:t1, leader=null, voted=4a0512f4-119f-4f66-8d84-cb92b75127d3, raftlog=4a0512f4-119f-4f66-8d84-cb92b75127d3@group-43D12C6AF65D-SegmentedRaftLog:OPENED:c-1,f-1,i0, conf=-1: [ae729cbd-7ce4-47be-ae44-f885f4c1fbd3:192.168.151.72:36044, 4a0512f4-119f-4f66-8d84-cb92b75127d3:192.168.151.72:38519, b7323768-8f87-4fb6-921f-bc5aae8c9ceb:192.168.151.72:45619], old=null
2019-10-02 17:56:22,212 [ae729cbd-7ce4-47be-ae44-f885f4c1fbd3@group-43D12C6AF65D-LeaderElection34] INFO  impl.LeaderElection (LeaderElection.java:logAndReturn(56)) - ae729cbd-7ce4-47be-ae44-f885f4c1fbd3@group-43D12C6AF65D-LeaderElection34: Election REJECTED; received 2 response(s) [ae729cbd-7ce4-47be-ae44-f885f4c1fbd3<-4a0512f4-119f-4f66-8d84-cb92b75127d3#0:FAIL-t1, ae729cbd-7ce4-47be-ae44-f885f4c1fbd3<-b7323768-8f87-4fb6-921f-bc5aae8c9ceb#0:FAIL-t1] and 0 exception(s); ae729cbd-7ce4-47be-ae44-f885f4c1fbd3@group-43D12C6AF65D:t1, leader=null, voted=ae729cbd-7ce4-47be-ae44-f885f4c1fbd3, raftlog=ae729cbd-7ce4-47be-ae44-f885f4c1fbd3@group-43D12C6AF65D-SegmentedRaftLog:OPENED:c-1,f-1,i0, conf=-1: [ae729cbd-7ce4-47be-ae44-f885f4c1fbd3:192.168.151.72:36044, 4a0512f4-119f-4f66-8d84-cb92b75127d3:192.168.151.72:38519, b7323768-8f87-4fb6-921f-bc5aae8c9ceb:192.168.151.72:45619], old=null
2019-10-02 17:56:22,212 [4a0512f4-119f-4f66-8d84-cb92b75127d3@group-43D12C6AF65D-LeaderElection33] INFO  impl.RaftServerImpl (RaftServerImpl.java:setRole(170)) - 4a0512f4-119f-4f66-8d84-cb92b75127d3@group-43D12C6AF65D: changes role from CANDIDATE to FOLLOWER at term 1 for DISCOVERED_A_NEW_TERM
2019-10-02 17:56:22,214 [ae729cbd-7ce4-47be-ae44-f885f4c1fbd3@group-43D12C6AF65D-LeaderElection34] INFO  impl.RaftServerImpl (RaftServerImpl.java:setRole(170)) - ae729cbd-7ce4-47be-ae44-f885f4c1fbd3@group-43D12C6AF65D: changes role from CANDIDATE to FOLLOWER at term 1 for DISCOVERED_A_NEW_TERM
2019-10-02 17:56:22,214 [4a0512f4-119f-4f66-8d84-cb92b75127d3@group-43D12C6AF65D-LeaderElection33] INFO  impl.RoleInfo (RoleInfo.java:shutdownLeaderElection(134)) - 4a0512f4-119f-4f66-8d84-cb92b75127d3: shutdown LeaderElection
2019-10-02 17:56:22,216 [ae729cbd-7ce4-47be-ae44-f885f4c1fbd3@group-43D12C6AF65D-LeaderElection34] INFO  impl.RoleInfo (RoleInfo.java:shutdownLeaderElection(134)) - ae729cbd-7ce4-47be-ae44-f885f4c1fbd3: shutdown LeaderElection
2019-10-02 17:56:22,216 [4a0512f4-119f-4f66-8d84-cb92b75127d3@group-43D12C6AF65D-LeaderElection33] INFO  impl.RoleInfo (RoleInfo.java:updateAndGet(143)) - 4a0512f4-119f-4f66-8d84-cb92b75127d3: start FollowerState
2019-10-02 17:56:22,216 [ae729cbd-7ce4-47be-ae44-f885f4c1fbd3@group-43D12C6AF65D-LeaderElection34] INFO  impl.RoleInfo (RoleInfo.java:updateAndGet(143)) - ae729cbd-7ce4-47be-ae44-f885f4c1fbd3: start FollowerState
2019-10-02 17:56:22,219 [b7323768-8f87-4fb6-921f-bc5aae8c9ceb@group-43D12C6AF65D-LeaderElection35] INFO  impl.LeaderElection (LeaderElection.java:logAndReturn(56)) - b7323768-8f87-4fb6-921f-bc5aae8c9ceb@group-43D12C6AF65D-LeaderElection35: Election REJECTED; received 2 response(s) [b7323768-8f87-4fb6-921f-bc5aae8c9ceb<-ae729cbd-7ce4-47be-ae44-f885f4c1fbd3#0:FAIL-t1, b7323768-8f87-4fb6-921f-bc5aae8c9ceb<-4a0512f4-119f-4f66-8d84-cb92b75127d3#0:FAIL-t1] and 0 exception(s); b7323768-8f87-4fb6-921f-bc5aae8c9ceb@group-43D12C6AF65D:t1, leader=null, voted=b7323768-8f87-4fb6-921f-bc5aae8c9ceb, raftlog=b7323768-8f87-4fb6-921f-bc5aae8c9ceb@group-43D12C6AF65D-SegmentedRaftLog:OPENED:c-1,f-1,i0, conf=-1: [ae729cbd-7ce4-47be-ae44-f885f4c1fbd3:192.168.151.72:36044, 4a0512f4-119f-4f66-8d84-cb92b75127d3:192.168.151.72:38519, b7323768-8f87-4fb6-921f-bc5aae8c9ceb:192.168.151.72:45619], old=null
2019-10-02 17:56:22,219 [b7323768-8f87-4fb6-921f-bc5aae8c9ceb@group-43D12C6AF65D-LeaderElection35] INFO  impl.RaftServerImpl (RaftServerImpl.java:setRole(170)) - b7323768-8f87-4fb6-921f-bc5aae8c9ceb@group-43D12C6AF65D: changes role from CANDIDATE to FOLLOWER at term 1 for DISCOVERED_A_NEW_TERM
2019-10-02 17:56:22,219 [b7323768-8f87-4fb6-921f-bc5aae8c9ceb@group-43D12C6AF65D-LeaderElection35] INFO  impl.RoleInfo (RoleInfo.java:shutdownLeaderElection(134)) - b7323768-8f87-4fb6-921f-bc5aae8c9ceb: shutdown LeaderElection
2019-10-02 17:56:22,219 [b7323768-8f87-4fb6-921f-bc5aae8c9ceb@group-43D12C6AF65D-LeaderElection35] INFO  impl.RoleInfo (RoleInfo.java:updateAndGet(143)) - b7323768-8f87-4fb6-921f-bc5aae8c9ceb: start FollowerState
2019-10-02 17:56:22,589 [java.util.concurrent.ThreadPoolExecutor$Worker@33313f35[State = -1, empty queue]] ERROR client.GrpcClientProtocolClient (GrpcClientProtocolClient.java:close(148)) - Unexpected exception while waiting for channel termination
java.lang.InterruptedException
	at java.util.concurrent.locks.AbstractQueuedSynchronizer.tryAcquireSharedNanos(AbstractQueuedSynchronizer.java:1326)
	at java.util.concurrent.CountDownLatch.await(CountDownLatch.java:277)
	at org.apache.ratis.thirdparty.io.grpc.internal.ManagedChannelImpl.awaitTermination(ManagedChannelImpl.java:763)
	at org.apache.ratis.thirdparty.io.grpc.internal.ForwardingManagedChannel.awaitTermination(ForwardingManagedChannel.java:57)
	at org.apache.ratis.thirdparty.io.grpc.internal.ManagedChannelOrphanWrapper.awaitTermination(ManagedChannelOrphanWrapper.java:70)
	at org.apache.ratis.grpc.client.GrpcClientProtocolClient.close(GrpcClientProtocolClient.java:146)
	at org.apache.ratis.util.PeerProxyMap$PeerAndProxy.lambda$close$1(PeerProxyMap.java:74)
	at org.apache.ratis.util.LifeCycle.lambda$checkStateAndClose$2(LifeCycle.java:231)
	at org.apache.ratis.util.LifeCycle.checkStateAndClose(LifeCycle.java:251)
	at org.apache.ratis.util.LifeCycle.checkStateAndClose(LifeCycle.java:229)
	at org.apache.ratis.util.PeerProxyMap$PeerAndProxy.close(PeerProxyMap.java:70)
	at org.apache.ratis.util.PeerProxyMap.resetProxy(PeerProxyMap.java:127)
	at org.apache.ratis.util.PeerProxyMap.handleException(PeerProxyMap.java:136)
	at org.apache.ratis.client.impl.RaftClientRpcWithProxy.handleException(RaftClientRpcWithProxy.java:47)
	at org.apache.ratis.client.impl.RaftClientImpl.handleIOException(RaftClientImpl.java:372)
	at org.apache.ratis.client.impl.OrderedAsync.lambda$sendRequest$10(OrderedAsync.java:236)
	at java.util.concurrent.CompletableFuture.uniExceptionally(CompletableFuture.java:870)
	at java.util.concurrent.CompletableFuture$UniExceptionally.tryFire(CompletableFuture.java:852)
	at java.util.concurrent.CompletableFuture.postComplete(CompletableFuture.java:474)
	at java.util.concurrent.CompletableFuture.completeExceptionally(CompletableFuture.java:1977)
	at org.apache.ratis.grpc.client.GrpcClientProtocolClient$AsyncStreamObservers.lambda$timeoutCheck$3(GrpcClientProtocolClient.java:324)
	at java.util.Optional.ifPresent(Optional.java:159)
	at org.apache.ratis.grpc.client.GrpcClientProtocolClient$AsyncStreamObservers.handleReplyFuture(GrpcClientProtocolClient.java:329)
	at org.apache.ratis.grpc.client.GrpcClientProtocolClient$AsyncStreamObservers.timeoutCheck(GrpcClientProtocolClient.java:324)
	at org.apache.ratis.grpc.client.GrpcClientProtocolClient$AsyncStreamObservers.lambda$onNext$1(GrpcClientProtocolClient.java:318)
	at org.apache.ratis.util.TimeoutScheduler.lambda$onTimeout$0(TimeoutScheduler.java:113)
	at org.apache.ratis.util.TimeoutScheduler.lambda$onTimeout$1(TimeoutScheduler.java:133)
	at org.apache.ratis.util.LogUtils.runAndLog(LogUtils.java:50)
	at org.apache.ratis.util.LogUtils$1.run(LogUtils.java:91)
	at java.util.concurrent.Executors$RunnableAdapter.call(Executors.java:511)
	at java.util.concurrent.FutureTask.run(FutureTask.java:266)
	at java.util.concurrent.ScheduledThreadPoolExecutor$ScheduledFutureTask.access$201(ScheduledThreadPoolExecutor.java:180)
	at java.util.concurrent.ScheduledThreadPoolExecutor$ScheduledFutureTask.run(ScheduledThreadPoolExecutor.java:293)
	at java.util.concurrent.ThreadPoolExecutor.runWorker(ThreadPoolExecutor.java:1149)
	at java.util.concurrent.ThreadPoolExecutor$Worker.run(ThreadPoolExecutor.java:624)
	at java.lang.Thread.run(Thread.java:748)
2019-10-02 17:56:22,595 [java.util.concurrent.ThreadPoolExecutor$Worker@33313f35[State = -1, empty queue]] WARN  util.TimeoutScheduler (LogUtils.java:runAndLog(55)) - Failed to task #0: java.lang.NullPointerException
2019-10-02 17:56:26,626 [java.util.concurrent.ThreadPoolExecutor$Worker@6eeedbcd[State = -1, empty queue]] ERROR client.GrpcClientProtocolClient (GrpcClientProtocolClient.java:close(148)) - Unexpected exception while waiting for channel termination
java.lang.InterruptedException
	at java.util.concurrent.locks.AbstractQueuedSynchronizer.tryAcquireSharedNanos(AbstractQueuedSynchronizer.java:1326)
	at java.util.concurrent.CountDownLatch.await(CountDownLatch.java:277)
	at org.apache.ratis.thirdparty.io.grpc.internal.ManagedChannelImpl.awaitTermination(ManagedChannelImpl.java:763)
	at org.apache.ratis.thirdparty.io.grpc.internal.ForwardingManagedChannel.awaitTermination(ForwardingManagedChannel.java:57)
	at org.apache.ratis.thirdparty.io.grpc.internal.ManagedChannelOrphanWrapper.awaitTermination(ManagedChannelOrphanWrapper.java:70)
	at org.apache.ratis.grpc.client.GrpcClientProtocolClient.close(GrpcClientProtocolClient.java:146)
	at org.apache.ratis.util.PeerProxyMap$PeerAndProxy.lambda$close$1(PeerProxyMap.java:74)
	at org.apache.ratis.util.LifeCycle.lambda$checkStateAndClose$2(LifeCycle.java:231)
	at org.apache.ratis.util.LifeCycle.checkStateAndClose(LifeCycle.java:251)
	at org.apache.ratis.util.LifeCycle.checkStateAndClose(LifeCycle.java:229)
	at org.apache.ratis.util.PeerProxyMap$PeerAndProxy.close(PeerProxyMap.java:70)
	at org.apache.ratis.util.PeerProxyMap.resetProxy(PeerProxyMap.java:127)
	at org.apache.ratis.util.PeerProxyMap.handleException(PeerProxyMap.java:136)
	at org.apache.ratis.client.impl.RaftClientRpcWithProxy.handleException(RaftClientRpcWithProxy.java:47)
	at org.apache.ratis.client.impl.RaftClientImpl.handleIOException(RaftClientImpl.java:372)
	at org.apache.ratis.client.impl.OrderedAsync.lambda$sendRequest$10(OrderedAsync.java:236)
	at java.util.concurrent.CompletableFuture.uniExceptionally(CompletableFuture.java:870)
	at java.util.concurrent.CompletableFuture$UniExceptionally.tryFire(CompletableFuture.java:852)
	at java.util.concurrent.CompletableFuture.postComplete(CompletableFuture.java:474)
	at java.util.concurrent.CompletableFuture.completeExceptionally(CompletableFuture.java:1977)
	at org.apache.ratis.grpc.client.GrpcClientProtocolClient$AsyncStreamObservers.lambda$timeoutCheck$3(GrpcClientProtocolClient.java:324)
	at java.util.Optional.ifPresent(Optional.java:159)
	at org.apache.ratis.grpc.client.GrpcClientProtocolClient$AsyncStreamObservers.handleReplyFuture(GrpcClientProtocolClient.java:329)
	at org.apache.ratis.grpc.client.GrpcClientProtocolClient$AsyncStreamObservers.timeoutCheck(GrpcClientProtocolClient.java:324)
	at org.apache.ratis.grpc.client.GrpcClientProtocolClient$AsyncStreamObservers.lambda$onNext$1(GrpcClientProtocolClient.java:318)
	at org.apache.ratis.util.TimeoutScheduler.lambda$onTimeout$0(TimeoutScheduler.java:113)
	at org.apache.ratis.util.TimeoutScheduler.lambda$onTimeout$1(TimeoutScheduler.java:133)
	at org.apache.ratis.util.LogUtils.runAndLog(LogUtils.java:50)
	at org.apache.ratis.util.LogUtils$1.run(LogUtils.java:91)
	at java.util.concurrent.Executors$RunnableAdapter.call(Executors.java:511)
	at java.util.concurrent.FutureTask.run(FutureTask.java:266)
	at java.util.concurrent.ScheduledThreadPoolExecutor$ScheduledFutureTask.access$201(ScheduledThreadPoolExecutor.java:180)
	at java.util.concurrent.ScheduledThreadPoolExecutor$ScheduledFutureTask.run(ScheduledThreadPoolExecutor.java:293)
	at java.util.concurrent.ThreadPoolExecutor.runWorker(ThreadPoolExecutor.java:1149)
	at java.util.concurrent.ThreadPoolExecutor$Worker.run(ThreadPoolExecutor.java:624)
	at java.lang.Thread.run(Thread.java:748)
2019-10-02 17:56:26,627 [java.util.concurrent.ThreadPoolExecutor$Worker@6eeedbcd[State = -1, empty queue]] WARN  util.TimeoutScheduler (LogUtils.java:runAndLog(55)) - Failed to task #0: java.lang.NullPointerException
2019-10-02 17:56:27,223 [Thread-1976] INFO  impl.FollowerState (FollowerState.java:run(108)) - b7323768-8f87-4fb6-921f-bc5aae8c9ceb@group-43D12C6AF65D-FollowerState: change to CANDIDATE, lastRpcTime:5003ms, electionTimeout:5003ms
2019-10-02 17:56:27,224 [Thread-1976] INFO  impl.RoleInfo (RoleInfo.java:shutdownFollowerState(121)) - b7323768-8f87-4fb6-921f-bc5aae8c9ceb: shutdown FollowerState
2019-10-02 17:56:27,224 [Thread-1976] INFO  impl.RaftServerImpl (RaftServerImpl.java:setRole(170)) - b7323768-8f87-4fb6-921f-bc5aae8c9ceb@group-43D12C6AF65D: changes role from  FOLLOWER to CANDIDATE at term 1 for changeToCandidate
2019-10-02 17:56:27,224 [Thread-1976] INFO  impl.RoleInfo (RoleInfo.java:updateAndGet(143)) - b7323768-8f87-4fb6-921f-bc5aae8c9ceb: start LeaderElection
2019-10-02 17:56:27,333 [Thread-1975] INFO  impl.FollowerState (FollowerState.java:run(108)) - ae729cbd-7ce4-47be-ae44-f885f4c1fbd3@group-43D12C6AF65D-FollowerState: change to CANDIDATE, lastRpcTime:5116ms, electionTimeout:5116ms
2019-10-02 17:56:27,333 [Thread-1975] INFO  impl.RoleInfo (RoleInfo.java:shutdownFollowerState(121)) - ae729cbd-7ce4-47be-ae44-f885f4c1fbd3: shutdown FollowerState
2019-10-02 17:56:27,333 [Thread-1975] INFO  impl.RaftServerImpl (RaftServerImpl.java:setRole(170)) - ae729cbd-7ce4-47be-ae44-f885f4c1fbd3@group-43D12C6AF65D: changes role from  FOLLOWER to CANDIDATE at term 1 for changeToCandidate
2019-10-02 17:56:27,334 [Thread-1975] INFO  impl.RoleInfo (RoleInfo.java:updateAndGet(143)) - ae729cbd-7ce4-47be-ae44-f885f4c1fbd3: start LeaderElection
2019-10-02 17:56:27,337 [Thread-1974] INFO  impl.FollowerState (FollowerState.java:run(108)) - 4a0512f4-119f-4f66-8d84-cb92b75127d3@group-43D12C6AF65D-FollowerState: change to CANDIDATE, lastRpcTime:5120ms, electionTimeout:5120ms
2019-10-02 17:56:27,337 [Thread-1974] INFO  impl.RoleInfo (RoleInfo.java:shutdownFollowerState(121)) - 4a0512f4-119f-4f66-8d84-cb92b75127d3: shutdown FollowerState
2019-10-02 17:56:27,337 [Thread-1974] INFO  impl.RaftServerImpl (RaftServerImpl.java:setRole(170)) - 4a0512f4-119f-4f66-8d84-cb92b75127d3@group-43D12C6AF65D: changes role from  FOLLOWER to CANDIDATE at term 1 for changeToCandidate
2019-10-02 17:56:27,338 [Thread-1974] INFO  impl.RoleInfo (RoleInfo.java:updateAndGet(143)) - 4a0512f4-119f-4f66-8d84-cb92b75127d3: start LeaderElection
2019-10-02 17:56:29,646 [4a0512f4-119f-4f66-8d84-cb92b75127d3@group-43D12C6AF65D-LeaderElection38] INFO  impl.LeaderElection (LeaderElection.java:askForVotes(178)) - 4a0512f4-119f-4f66-8d84-cb92b75127d3@group-43D12C6AF65D-LeaderElection38: begin an election at term 2 for -1: [ae729cbd-7ce4-47be-ae44-f885f4c1fbd3:192.168.151.72:36044, 4a0512f4-119f-4f66-8d84-cb92b75127d3:192.168.151.72:38519, b7323768-8f87-4fb6-921f-bc5aae8c9ceb:192.168.151.72:45619], old=null
2019-10-02 17:56:29,646 [b7323768-8f87-4fb6-921f-bc5aae8c9ceb@group-43D12C6AF65D-LeaderElection36] INFO  impl.LeaderElection (LeaderElection.java:askForVotes(178)) - b7323768-8f87-4fb6-921f-bc5aae8c9ceb@group-43D12C6AF65D-LeaderElection36: begin an election at term 2 for -1: [ae729cbd-7ce4-47be-ae44-f885f4c1fbd3:192.168.151.72:36044, 4a0512f4-119f-4f66-8d84-cb92b75127d3:192.168.151.72:38519, b7323768-8f87-4fb6-921f-bc5aae8c9ceb:192.168.151.72:45619], old=null
2019-10-02 17:56:29,646 [ae729cbd-7ce4-47be-ae44-f885f4c1fbd3@group-43D12C6AF65D-LeaderElection37] INFO  impl.LeaderElection (LeaderElection.java:askForVotes(178)) - ae729cbd-7ce4-47be-ae44-f885f4c1fbd3@group-43D12C6AF65D-LeaderElection37: begin an election at term 2 for -1: [ae729cbd-7ce4-47be-ae44-f885f4c1fbd3:192.168.151.72:36044, 4a0512f4-119f-4f66-8d84-cb92b75127d3:192.168.151.72:38519, b7323768-8f87-4fb6-921f-bc5aae8c9ceb:192.168.151.72:45619], old=null
2019-10-02 17:56:29,651 [4a0512f4-119f-4f66-8d84-cb92b75127d3@group-43D12C6AF65D-LeaderElection38] INFO  impl.LeaderElection (LeaderElection.java:logAndReturn(56)) - 4a0512f4-119f-4f66-8d84-cb92b75127d3@group-43D12C6AF65D-LeaderElection38: Election REJECTED; received 2 response(s) [4a0512f4-119f-4f66-8d84-cb92b75127d3<-ae729cbd-7ce4-47be-ae44-f885f4c1fbd3#0:FAIL-t2, 4a0512f4-119f-4f66-8d84-cb92b75127d3<-b7323768-8f87-4fb6-921f-bc5aae8c9ceb#0:FAIL-t2] and 0 exception(s); 4a0512f4-119f-4f66-8d84-cb92b75127d3@group-43D12C6AF65D:t2, leader=null, voted=4a0512f4-119f-4f66-8d84-cb92b75127d3, raftlog=4a0512f4-119f-4f66-8d84-cb92b75127d3@group-43D12C6AF65D-SegmentedRaftLog:OPENED:c-1,f-1,i0, conf=-1: [ae729cbd-7ce4-47be-ae44-f885f4c1fbd3:192.168.151.72:36044, 4a0512f4-119f-4f66-8d84-cb92b75127d3:192.168.151.72:38519, b7323768-8f87-4fb6-921f-bc5aae8c9ceb:192.168.151.72:45619], old=null
2019-10-02 17:56:29,651 [b7323768-8f87-4fb6-921f-bc5aae8c9ceb@group-43D12C6AF65D-LeaderElection36] INFO  impl.LeaderElection (LeaderElection.java:logAndReturn(56)) - b7323768-8f87-4fb6-921f-bc5aae8c9ceb@group-43D12C6AF65D-LeaderElection36: Election REJECTED; received 2 response(s) [b7323768-8f87-4fb6-921f-bc5aae8c9ceb<-ae729cbd-7ce4-47be-ae44-f885f4c1fbd3#0:FAIL-t2, b7323768-8f87-4fb6-921f-bc5aae8c9ceb<-4a0512f4-119f-4f66-8d84-cb92b75127d3#0:FAIL-t2] and 0 exception(s); b7323768-8f87-4fb6-921f-bc5aae8c9ceb@group-43D12C6AF65D:t2, leader=null, voted=b7323768-8f87-4fb6-921f-bc5aae8c9ceb, raftlog=b7323768-8f87-4fb6-921f-bc5aae8c9ceb@group-43D12C6AF65D-SegmentedRaftLog:OPENED:c-1,f-1,i0, conf=-1: [ae729cbd-7ce4-47be-ae44-f885f4c1fbd3:192.168.151.72:36044, 4a0512f4-119f-4f66-8d84-cb92b75127d3:192.168.151.72:38519, b7323768-8f87-4fb6-921f-bc5aae8c9ceb:192.168.151.72:45619], old=null
2019-10-02 17:56:29,651 [4a0512f4-119f-4f66-8d84-cb92b75127d3@group-43D12C6AF65D-LeaderElection38] INFO  impl.RaftServerImpl (RaftServerImpl.java:setRole(170)) - 4a0512f4-119f-4f66-8d84-cb92b75127d3@group-43D12C6AF65D: changes role from CANDIDATE to FOLLOWER at term 2 for DISCOVERED_A_NEW_TERM
2019-10-02 17:56:29,655 [4a0512f4-119f-4f66-8d84-cb92b75127d3@group-43D12C6AF65D-LeaderElection38] INFO  impl.RoleInfo (RoleInfo.java:shutdownLeaderElection(134)) - 4a0512f4-119f-4f66-8d84-cb92b75127d3: shutdown LeaderElection
2019-10-02 17:56:29,655 [4a0512f4-119f-4f66-8d84-cb92b75127d3@group-43D12C6AF65D-LeaderElection38] INFO  impl.RoleInfo (RoleInfo.java:updateAndGet(143)) - 4a0512f4-119f-4f66-8d84-cb92b75127d3: start FollowerState
2019-10-02 17:56:29,655 [ae729cbd-7ce4-47be-ae44-f885f4c1fbd3@group-43D12C6AF65D-LeaderElection37] INFO  impl.LeaderElection (LeaderElection.java:logAndReturn(56)) - ae729cbd-7ce4-47be-ae44-f885f4c1fbd3@group-43D12C6AF65D-LeaderElection37: Election REJECTED; received 2 response(s) [ae729cbd-7ce4-47be-ae44-f885f4c1fbd3<-4a0512f4-119f-4f66-8d84-cb92b75127d3#0:FAIL-t2, ae729cbd-7ce4-47be-ae44-f885f4c1fbd3<-b7323768-8f87-4fb6-921f-bc5aae8c9ceb#0:FAIL-t2] and 0 exception(s); ae729cbd-7ce4-47be-ae44-f885f4c1fbd3@group-43D12C6AF65D:t2, leader=null, voted=ae729cbd-7ce4-47be-ae44-f885f4c1fbd3, raftlog=ae729cbd-7ce4-47be-ae44-f885f4c1fbd3@group-43D12C6AF65D-SegmentedRaftLog:OPENED:c-1,f-1,i0, conf=-1: [ae729cbd-7ce4-47be-ae44-f885f4c1fbd3:192.168.151.72:36044, 4a0512f4-119f-4f66-8d84-cb92b75127d3:192.168.151.72:38519, b7323768-8f87-4fb6-921f-bc5aae8c9ceb:192.168.151.72:45619], old=null
2019-10-02 17:56:29,657 [b7323768-8f87-4fb6-921f-bc5aae8c9ceb@group-43D12C6AF65D-LeaderElection36] INFO  impl.RaftServerImpl (RaftServerImpl.java:setRole(170)) - b7323768-8f87-4fb6-921f-bc5aae8c9ceb@group-43D12C6AF65D: changes role from CANDIDATE to FOLLOWER at term 2 for DISCOVERED_A_NEW_TERM
2019-10-02 17:56:29,657 [ae729cbd-7ce4-47be-ae44-f885f4c1fbd3@group-43D12C6AF65D-LeaderElection37] INFO  impl.RaftServerImpl (RaftServerImpl.java:setRole(170)) - ae729cbd-7ce4-47be-ae44-f885f4c1fbd3@group-43D12C6AF65D: changes role from CANDIDATE to FOLLOWER at term 2 for DISCOVERED_A_NEW_TERM
2019-10-02 17:56:29,657 [b7323768-8f87-4fb6-921f-bc5aae8c9ceb@group-43D12C6AF65D-LeaderElection36] INFO  impl.RoleInfo (RoleInfo.java:shutdownLeaderElection(134)) - b7323768-8f87-4fb6-921f-bc5aae8c9ceb: shutdown LeaderElection
2019-10-02 17:56:29,659 [ae729cbd-7ce4-47be-ae44-f885f4c1fbd3@group-43D12C6AF65D-LeaderElection37] INFO  impl.RoleInfo (RoleInfo.java:shutdownLeaderElection(134)) - ae729cbd-7ce4-47be-ae44-f885f4c1fbd3: shutdown LeaderElection
2019-10-02 17:56:29,659 [b7323768-8f87-4fb6-921f-bc5aae8c9ceb@group-43D12C6AF65D-LeaderElection36] INFO  impl.RoleInfo (RoleInfo.java:updateAndGet(143)) - b7323768-8f87-4fb6-921f-bc5aae8c9ceb: start FollowerState
2019-10-02 17:56:29,659 [ae729cbd-7ce4-47be-ae44-f885f4c1fbd3@group-43D12C6AF65D-LeaderElection37] INFO  impl.RoleInfo (RoleInfo.java:updateAndGet(143)) - ae729cbd-7ce4-47be-ae44-f885f4c1fbd3: start FollowerState
2019-10-02 17:56:30,658 [java.util.concurrent.ThreadPoolExecutor$Worker@594e766[State = -1, empty queue]] ERROR client.GrpcClientProtocolClient (GrpcClientProtocolClient.java:close(148)) - Unexpected exception while waiting for channel termination
java.lang.InterruptedException
	at java.util.concurrent.locks.AbstractQueuedSynchronizer.tryAcquireSharedNanos(AbstractQueuedSynchronizer.java:1326)
	at java.util.concurrent.CountDownLatch.await(CountDownLatch.java:277)
	at org.apache.ratis.thirdparty.io.grpc.internal.ManagedChannelImpl.awaitTermination(ManagedChannelImpl.java:763)
	at org.apache.ratis.thirdparty.io.grpc.internal.ForwardingManagedChannel.awaitTermination(ForwardingManagedChannel.java:57)
	at org.apache.ratis.thirdparty.io.grpc.internal.ManagedChannelOrphanWrapper.awaitTermination(ManagedChannelOrphanWrapper.java:70)
	at org.apache.ratis.grpc.client.GrpcClientProtocolClient.close(GrpcClientProtocolClient.java:146)
	at org.apache.ratis.util.PeerProxyMap$PeerAndProxy.lambda$close$1(PeerProxyMap.java:74)
	at org.apache.ratis.util.LifeCycle.lambda$checkStateAndClose$2(LifeCycle.java:231)
	at org.apache.ratis.util.LifeCycle.checkStateAndClose(LifeCycle.java:251)
	at org.apache.ratis.util.LifeCycle.checkStateAndClose(LifeCycle.java:229)
	at org.apache.ratis.util.PeerProxyMap$PeerAndProxy.close(PeerProxyMap.java:70)
	at org.apache.ratis.util.PeerProxyMap.resetProxy(PeerProxyMap.java:127)
	at org.apache.ratis.util.PeerProxyMap.handleException(PeerProxyMap.java:136)
	at org.apache.ratis.client.impl.RaftClientRpcWithProxy.handleException(RaftClientRpcWithProxy.java:47)
	at org.apache.ratis.client.impl.RaftClientImpl.handleIOException(RaftClientImpl.java:372)
	at org.apache.ratis.client.impl.OrderedAsync.lambda$sendRequest$10(OrderedAsync.java:236)
	at java.util.concurrent.CompletableFuture.uniExceptionally(CompletableFuture.java:870)
	at java.util.concurrent.CompletableFuture$UniExceptionally.tryFire(CompletableFuture.java:852)
	at java.util.concurrent.CompletableFuture.postComplete(CompletableFuture.java:474)
	at java.util.concurrent.CompletableFuture.completeExceptionally(CompletableFuture.java:1977)
	at org.apache.ratis.grpc.client.GrpcClientProtocolClient$AsyncStreamObservers.lambda$timeoutCheck$3(GrpcClientProtocolClient.java:324)
	at java.util.Optional.ifPresent(Optional.java:159)
	at org.apache.ratis.grpc.client.GrpcClientProtocolClient$AsyncStreamObservers.handleReplyFuture(GrpcClientProtocolClient.java:329)
	at org.apache.ratis.grpc.client.GrpcClientProtocolClient$AsyncStreamObservers.timeoutCheck(GrpcClientProtocolClient.java:324)
	at org.apache.ratis.grpc.client.GrpcClientProtocolClient$AsyncStreamObservers.lambda$onNext$1(GrpcClientProtocolClient.java:318)
	at org.apache.ratis.util.TimeoutScheduler.lambda$onTimeout$0(TimeoutScheduler.java:113)
	at org.apache.ratis.util.TimeoutScheduler.lambda$onTimeout$1(TimeoutScheduler.java:133)
	at org.apache.ratis.util.LogUtils.runAndLog(LogUtils.java:50)
	at org.apache.ratis.util.LogUtils$1.run(LogUtils.java:91)
	at java.util.concurrent.Executors$RunnableAdapter.call(Executors.java:511)
	at java.util.concurrent.FutureTask.run(FutureTask.java:266)
	at java.util.concurrent.ScheduledThreadPoolExecutor$ScheduledFutureTask.access$201(ScheduledThreadPoolExecutor.java:180)
	at java.util.concurrent.ScheduledThreadPoolExecutor$ScheduledFutureTask.run(ScheduledThreadPoolExecutor.java:293)
	at java.util.concurrent.ThreadPoolExecutor.runWorker(ThreadPoolExecutor.java:1149)
	at java.util.concurrent.ThreadPoolExecutor$Worker.run(ThreadPoolExecutor.java:624)
	at java.lang.Thread.run(Thread.java:748)
2019-10-02 17:56:30,672 [java.util.concurrent.ThreadPoolExecutor$Worker@594e766[State = -1, empty queue]] WARN  util.TimeoutScheduler (LogUtils.java:runAndLog(55)) - Failed to task #0: java.lang.NullPointerException
2019-10-02 17:56:34,689 [Thread-2004] INFO  impl.FollowerState (FollowerState.java:run(108)) - 4a0512f4-119f-4f66-8d84-cb92b75127d3@group-43D12C6AF65D-FollowerState: change to CANDIDATE, lastRpcTime:5034ms, electionTimeout:5032ms
2019-10-02 17:56:34,689 [Thread-2004] INFO  impl.RoleInfo (RoleInfo.java:shutdownFollowerState(121)) - 4a0512f4-119f-4f66-8d84-cb92b75127d3: shutdown FollowerState
2019-10-02 17:56:34,689 [Thread-2004] INFO  impl.RaftServerImpl (RaftServerImpl.java:setRole(170)) - 4a0512f4-119f-4f66-8d84-cb92b75127d3@group-43D12C6AF65D: changes role from  FOLLOWER to CANDIDATE at term 2 for changeToCandidate
2019-10-02 17:56:34,689 [Thread-2004] INFO  impl.RoleInfo (RoleInfo.java:updateAndGet(143)) - 4a0512f4-119f-4f66-8d84-cb92b75127d3: start LeaderElection
2019-10-02 17:56:34,710 [java.util.concurrent.ThreadPoolExecutor$Worker@1950cd0b[State = -1, empty queue]] ERROR client.GrpcClientProtocolClient (GrpcClientProtocolClient.java:close(148)) - Unexpected exception while waiting for channel termination
java.lang.InterruptedException
	at java.util.concurrent.locks.AbstractQueuedSynchronizer.tryAcquireSharedNanos(AbstractQueuedSynchronizer.java:1326)
	at java.util.concurrent.CountDownLatch.await(CountDownLatch.java:277)
	at org.apache.ratis.thirdparty.io.grpc.internal.ManagedChannelImpl.awaitTermination(ManagedChannelImpl.java:763)
	at org.apache.ratis.thirdparty.io.grpc.internal.ForwardingManagedChannel.awaitTermination(ForwardingManagedChannel.java:57)
	at org.apache.ratis.thirdparty.io.grpc.internal.ManagedChannelOrphanWrapper.awaitTermination(ManagedChannelOrphanWrapper.java:70)
	at org.apache.ratis.grpc.client.GrpcClientProtocolClient.close(GrpcClientProtocolClient.java:146)
	at org.apache.ratis.util.PeerProxyMap$PeerAndProxy.lambda$close$1(PeerProxyMap.java:74)
	at org.apache.ratis.util.LifeCycle.lambda$checkStateAndClose$2(LifeCycle.java:231)
	at org.apache.ratis.util.LifeCycle.checkStateAndClose(LifeCycle.java:251)
	at org.apache.ratis.util.LifeCycle.checkStateAndClose(LifeCycle.java:229)
	at org.apache.ratis.util.PeerProxyMap$PeerAndProxy.close(PeerProxyMap.java:70)
	at org.apache.ratis.util.PeerProxyMap.resetProxy(PeerProxyMap.java:127)
	at org.apache.ratis.util.PeerProxyMap.handleException(PeerProxyMap.java:136)
	at org.apache.ratis.client.impl.RaftClientRpcWithProxy.handleException(RaftClientRpcWithProxy.java:47)
	at org.apache.ratis.client.impl.RaftClientImpl.handleIOException(RaftClientImpl.java:372)
	at org.apache.ratis.client.impl.OrderedAsync.lambda$sendRequest$10(OrderedAsync.java:236)
	at java.util.concurrent.CompletableFuture.uniExceptionally(CompletableFuture.java:870)
	at java.util.concurrent.CompletableFuture$UniExceptionally.tryFire(CompletableFuture.java:852)
	at java.util.concurrent.CompletableFuture.postComplete(CompletableFuture.java:474)
	at java.util.concurrent.CompletableFuture.completeExceptionally(CompletableFuture.java:1977)
	at org.apache.ratis.grpc.client.GrpcClientProtocolClient$AsyncStreamObservers.lambda$timeoutCheck$3(GrpcClientProtocolClient.java:324)
	at java.util.Optional.ifPresent(Optional.java:159)
	at org.apache.ratis.grpc.client.GrpcClientProtocolClient$AsyncStreamObservers.handleReplyFuture(GrpcClientProtocolClient.java:329)
	at org.apache.ratis.grpc.client.GrpcClientProtocolClient$AsyncStreamObservers.timeoutCheck(GrpcClientProtocolClient.java:324)
	at org.apache.ratis.grpc.client.GrpcClientProtocolClient$AsyncStreamObservers.lambda$onNext$1(GrpcClientProtocolClient.java:318)
	at org.apache.ratis.util.TimeoutScheduler.lambda$onTimeout$0(TimeoutScheduler.java:113)
	at org.apache.ratis.util.TimeoutScheduler.lambda$onTimeout$1(TimeoutScheduler.java:133)
	at org.apache.ratis.util.LogUtils.runAndLog(LogUtils.java:50)
	at org.apache.ratis.util.LogUtils$1.run(LogUtils.java:91)
	at java.util.concurrent.Executors$RunnableAdapter.call(Executors.java:511)
	at java.util.concurrent.FutureTask.run(FutureTask.java:266)
	at java.util.concurrent.ScheduledThreadPoolExecutor$ScheduledFutureTask.access$201(ScheduledThreadPoolExecutor.java:180)
	at java.util.concurrent.ScheduledThreadPoolExecutor$ScheduledFutureTask.run(ScheduledThreadPoolExecutor.java:293)
	at java.util.concurrent.ThreadPoolExecutor.runWorker(ThreadPoolExecutor.java:1149)
	at java.util.concurrent.ThreadPoolExecutor$Worker.run(ThreadPoolExecutor.java:624)
	at java.lang.Thread.run(Thread.java:748)
2019-10-02 17:56:34,710 [4a0512f4-119f-4f66-8d84-cb92b75127d3@group-43D12C6AF65D-LeaderElection39] INFO  impl.LeaderElection (LeaderElection.java:askForVotes(178)) - 4a0512f4-119f-4f66-8d84-cb92b75127d3@group-43D12C6AF65D-LeaderElection39: begin an election at term 3 for -1: [ae729cbd-7ce4-47be-ae44-f885f4c1fbd3:192.168.151.72:36044, 4a0512f4-119f-4f66-8d84-cb92b75127d3:192.168.151.72:38519, b7323768-8f87-4fb6-921f-bc5aae8c9ceb:192.168.151.72:45619], old=null
2019-10-02 17:56:34,713 [java.util.concurrent.ThreadPoolExecutor$Worker@1950cd0b[State = -1, empty queue]] WARN  util.TimeoutScheduler (LogUtils.java:runAndLog(55)) - Failed to task #0: java.lang.NullPointerException
2019-10-02 17:56:34,715 [grpc-default-executor-8] INFO  impl.RaftServerImpl (RaftServerImpl.java:setRole(170)) - ae729cbd-7ce4-47be-ae44-f885f4c1fbd3@group-43D12C6AF65D: changes role from  FOLLOWER to FOLLOWER at term 3 for recognizeCandidate:4a0512f4-119f-4f66-8d84-cb92b75127d3
2019-10-02 17:56:34,715 [grpc-default-executor-10] INFO  impl.RaftServerImpl (RaftServerImpl.java:setRole(170)) - b7323768-8f87-4fb6-921f-bc5aae8c9ceb@group-43D12C6AF65D: changes role from  FOLLOWER to FOLLOWER at term 3 for recognizeCandidate:4a0512f4-119f-4f66-8d84-cb92b75127d3
2019-10-02 17:56:34,716 [grpc-default-executor-8] INFO  impl.RoleInfo (RoleInfo.java:shutdownFollowerState(121)) - ae729cbd-7ce4-47be-ae44-f885f4c1fbd3: shutdown FollowerState
2019-10-02 17:56:34,716 [grpc-default-executor-10] INFO  impl.RoleInfo (RoleInfo.java:shutdownFollowerState(121)) - b7323768-8f87-4fb6-921f-bc5aae8c9ceb: shutdown FollowerState
2019-10-02 17:56:34,716 [grpc-default-executor-8] INFO  impl.RoleInfo (RoleInfo.java:updateAndGet(143)) - ae729cbd-7ce4-47be-ae44-f885f4c1fbd3: start FollowerState
2019-10-02 17:56:34,716 [Thread-2006] INFO  impl.FollowerState (FollowerState.java:run(117)) - ae729cbd-7ce4-47be-ae44-f885f4c1fbd3@group-43D12C6AF65D-FollowerState was interrupted: java.lang.InterruptedException: sleep interrupted
2019-10-02 17:56:34,716 [Thread-2005] INFO  impl.FollowerState (FollowerState.java:run(117)) - b7323768-8f87-4fb6-921f-bc5aae8c9ceb@group-43D12C6AF65D-FollowerState was interrupted: java.lang.InterruptedException: sleep interrupted
2019-10-02 17:56:34,716 [grpc-default-executor-10] INFO  impl.RoleInfo (RoleInfo.java:updateAndGet(143)) - b7323768-8f87-4fb6-921f-bc5aae8c9ceb: start FollowerState
2019-10-02 17:56:34,735 [4a0512f4-119f-4f66-8d84-cb92b75127d3@group-43D12C6AF65D-LeaderElection39] INFO  impl.LeaderElection (LeaderElection.java:logAndReturn(56)) - 4a0512f4-119f-4f66-8d84-cb92b75127d3@group-43D12C6AF65D-LeaderElection39: Election PASSED; received 1 response(s) [4a0512f4-119f-4f66-8d84-cb92b75127d3<-b7323768-8f87-4fb6-921f-bc5aae8c9ceb#0:OK-t3] and 0 exception(s); 4a0512f4-119f-4f66-8d84-cb92b75127d3@group-43D12C6AF65D:t3, leader=null, voted=4a0512f4-119f-4f66-8d84-cb92b75127d3, raftlog=4a0512f4-119f-4f66-8d84-cb92b75127d3@group-43D12C6AF65D-SegmentedRaftLog:OPENED:c-1,f-1,i0, conf=-1: [ae729cbd-7ce4-47be-ae44-f885f4c1fbd3:192.168.151.72:36044, 4a0512f4-119f-4f66-8d84-cb92b75127d3:192.168.151.72:38519, b7323768-8f87-4fb6-921f-bc5aae8c9ceb:192.168.151.72:45619], old=null
2019-10-02 17:56:34,736 [4a0512f4-119f-4f66-8d84-cb92b75127d3@group-43D12C6AF65D-LeaderElection39] INFO  impl.RoleInfo (RoleInfo.java:shutdownLeaderElection(134)) - 4a0512f4-119f-4f66-8d84-cb92b75127d3: shutdown LeaderElection
2019-10-02 17:56:34,736 [4a0512f4-119f-4f66-8d84-cb92b75127d3@group-43D12C6AF65D-LeaderElection39] INFO  impl.RaftServerImpl (RaftServerImpl.java:setRole(170)) - 4a0512f4-119f-4f66-8d84-cb92b75127d3@group-43D12C6AF65D: changes role from CANDIDATE to LEADER at term 3 for changeToLeader
2019-10-02 17:56:34,736 [4a0512f4-119f-4f66-8d84-cb92b75127d3@group-43D12C6AF65D-LeaderElection39] INFO  impl.RaftServerImpl (ServerState.java:setLeader(255)) - 4a0512f4-119f-4f66-8d84-cb92b75127d3@group-43D12C6AF65D: change Leader from null to 4a0512f4-119f-4f66-8d84-cb92b75127d3 at term 3 for becomeLeader, leader elected after 17751ms
2019-10-02 17:56:34,736 [4a0512f4-119f-4f66-8d84-cb92b75127d3@group-43D12C6AF65D-LeaderElection39] INFO  server.RaftServerConfigKeys (ConfUtils.java:logGet(43)) - raft.server.staging.catchup.gap = 1000 (default)
2019-10-02 17:56:34,737 [4a0512f4-119f-4f66-8d84-cb92b75127d3@group-43D12C6AF65D-LeaderElection39] INFO  server.RaftServerConfigKeys (ConfUtils.java:logGet(43)) - raft.server.rpc.sleep.time = 25ms (default)
2019-10-02 17:56:34,737 [4a0512f4-119f-4f66-8d84-cb92b75127d3@group-43D12C6AF65D-LeaderElection39] INFO  server.RaftServerConfigKeys (ConfUtils.java:logGet(43)) - raft.server.write.element-limit = 4096 (default)
2019-10-02 17:56:34,737 [4a0512f4-119f-4f66-8d84-cb92b75127d3@group-43D12C6AF65D-LeaderElection39] INFO  server.RaftServerConfigKeys (ConfUtils.java:logGet(43)) - raft.server.watch.timeout = 10s (default)
2019-10-02 17:56:34,737 [4a0512f4-119f-4f66-8d84-cb92b75127d3@group-43D12C6AF65D-LeaderElection39] INFO  server.RaftServerConfigKeys (ConfUtils.java:logGet(43)) - raft.server.watch.timeout.denomination = 1s (default)
2019-10-02 17:56:34,738 [4a0512f4-119f-4f66-8d84-cb92b75127d3@group-43D12C6AF65D-LeaderElection39] INFO  server.RaftServerConfigKeys (ConfUtils.java:logGet(43)) - raft.server.watch.element-limit = 65536 (default)
2019-10-02 17:56:34,741 [4a0512f4-119f-4f66-8d84-cb92b75127d3@group-43D12C6AF65D-LeaderElection39] INFO  server.RaftServerConfigKeys (ConfUtils.java:logGet(43)) - raft.server.log.appender.snapshot.chunk.size.max = 16MB (=16777216) (default)
2019-10-02 17:56:34,741 [4a0512f4-119f-4f66-8d84-cb92b75127d3@group-43D12C6AF65D-LeaderElection39] INFO  server.RaftServerConfigKeys (ConfUtils.java:logGet(43)) - raft.server.log.appender.buffer.byte-limit = 33554432 (custom)
2019-10-02 17:56:34,742 [4a0512f4-119f-4f66-8d84-cb92b75127d3@group-43D12C6AF65D-LeaderElection39] INFO  server.RaftServerConfigKeys (ConfUtils.java:logGet(43)) - raft.server.log.appender.buffer.element-limit = 1 (custom)
2019-10-02 17:56:34,742 [4a0512f4-119f-4f66-8d84-cb92b75127d3@group-43D12C6AF65D-LeaderElection39] INFO  grpc.GrpcConfigKeys$Server (ConfUtils.java:logGet(43)) - raft.grpc.server.leader.outstanding.appends.max = 128 (default)
2019-10-02 17:56:34,742 [4a0512f4-119f-4f66-8d84-cb92b75127d3@group-43D12C6AF65D-LeaderElection39] INFO  server.RaftServerConfigKeys (ConfUtils.java:logGet(43)) - raft.server.rpc.request.timeout = 3000ms (default)
2019-10-02 17:56:34,743 [4a0512f4-119f-4f66-8d84-cb92b75127d3@group-43D12C6AF65D-LeaderElection39] INFO  server.RaftServerConfigKeys (ConfUtils.java:logGet(43)) - raft.server.log.appender.install.snapshot.enabled = false (custom)
2019-10-02 17:56:34,743 [4a0512f4-119f-4f66-8d84-cb92b75127d3@group-43D12C6AF65D-LeaderElection39] INFO  server.RaftServerConfigKeys (ConfUtils.java:logGet(43)) - raft.server.log.appender.snapshot.chunk.size.max = 16MB (=16777216) (default)
2019-10-02 17:56:34,743 [4a0512f4-119f-4f66-8d84-cb92b75127d3@group-43D12C6AF65D-LeaderElection39] INFO  server.RaftServerConfigKeys (ConfUtils.java:logGet(43)) - raft.server.log.appender.buffer.byte-limit = 33554432 (custom)
2019-10-02 17:56:34,743 [4a0512f4-119f-4f66-8d84-cb92b75127d3@group-43D12C6AF65D-LeaderElection39] INFO  server.RaftServerConfigKeys (ConfUtils.java:logGet(43)) - raft.server.log.appender.buffer.element-limit = 1 (custom)
2019-10-02 17:56:34,744 [4a0512f4-119f-4f66-8d84-cb92b75127d3@group-43D12C6AF65D-LeaderElection39] INFO  grpc.GrpcConfigKeys$Server (ConfUtils.java:logGet(43)) - raft.grpc.server.leader.outstanding.appends.max = 128 (default)
2019-10-02 17:56:34,744 [4a0512f4-119f-4f66-8d84-cb92b75127d3@group-43D12C6AF65D-LeaderElection39] INFO  server.RaftServerConfigKeys (ConfUtils.java:logGet(43)) - raft.server.rpc.request.timeout = 3000ms (default)
2019-10-02 17:56:34,744 [4a0512f4-119f-4f66-8d84-cb92b75127d3@group-43D12C6AF65D-LeaderElection39] INFO  server.RaftServerConfigKeys (ConfUtils.java:logGet(43)) - raft.server.log.appender.install.snapshot.enabled = false (custom)
2019-10-02 17:56:34,744 [4a0512f4-119f-4f66-8d84-cb92b75127d3@group-43D12C6AF65D-LeaderElection39] INFO  impl.RoleInfo (RoleInfo.java:updateAndGet(143)) - 4a0512f4-119f-4f66-8d84-cb92b75127d3: start LeaderState
2019-10-02 17:56:34,745 [4a0512f4-119f-4f66-8d84-cb92b75127d3@group-43D12C6AF65D-LeaderElection39] INFO  segmented.SegmentedRaftLogWorker (SegmentedRaftLogWorker.java:startLogSegment(385)) - 4a0512f4-119f-4f66-8d84-cb92b75127d3@group-43D12C6AF65D-SegmentedRaftLogWorker: Starting segment from index:0
2019-10-02 17:56:34,746 [4a0512f4-119f-4f66-8d84-cb92b75127d3@group-43D12C6AF65D-LeaderElection39] INFO  impl.RaftServerImpl (ServerState.java:setRaftConf(356)) - 4a0512f4-119f-4f66-8d84-cb92b75127d3@group-43D12C6AF65D: set configuration 0: [ae729cbd-7ce4-47be-ae44-f885f4c1fbd3:192.168.151.72:36044, 4a0512f4-119f-4f66-8d84-cb92b75127d3:192.168.151.72:38519, b7323768-8f87-4fb6-921f-bc5aae8c9ceb:192.168.151.72:45619], old=null at 0
2019-10-02 17:56:34,747 [grpc-default-executor-10] INFO  impl.RaftServerImpl (ServerState.java:setLeader(255)) - ae729cbd-7ce4-47be-ae44-f885f4c1fbd3@group-43D12C6AF65D: change Leader from null to 4a0512f4-119f-4f66-8d84-cb92b75127d3 at term 3 for appendEntries, leader elected after 17762ms
2019-10-02 17:56:34,782 [grpc-default-executor-10] INFO  impl.RaftServerImpl (ServerState.java:setLeader(255)) - b7323768-8f87-4fb6-921f-bc5aae8c9ceb@group-43D12C6AF65D: change Leader from null to 4a0512f4-119f-4f66-8d84-cb92b75127d3 at term 3 for appendEntries, leader elected after 17798ms
2019-10-02 17:56:34,784 [grpc-default-executor-10] INFO  impl.RaftServerImpl (ServerState.java:setRaftConf(356)) - b7323768-8f87-4fb6-921f-bc5aae8c9ceb@group-43D12C6AF65D: set configuration 0: [ae729cbd-7ce4-47be-ae44-f885f4c1fbd3:192.168.151.72:36044, 4a0512f4-119f-4f66-8d84-cb92b75127d3:192.168.151.72:38519, b7323768-8f87-4fb6-921f-bc5aae8c9ceb:192.168.151.72:45619], old=null at 0
2019-10-02 17:56:34,784 [grpc-default-executor-8] INFO  impl.RaftServerImpl (ServerState.java:setRaftConf(356)) - ae729cbd-7ce4-47be-ae44-f885f4c1fbd3@group-43D12C6AF65D: set configuration 0: [ae729cbd-7ce4-47be-ae44-f885f4c1fbd3:192.168.151.72:36044, 4a0512f4-119f-4f66-8d84-cb92b75127d3:192.168.151.72:38519, b7323768-8f87-4fb6-921f-bc5aae8c9ceb:192.168.151.72:45619], old=null at 0
2019-10-02 17:56:34,784 [grpc-default-executor-10] INFO  segmented.SegmentedRaftLogWorker (SegmentedRaftLogWorker.java:startLogSegment(385)) - b7323768-8f87-4fb6-921f-bc5aae8c9ceb@group-43D12C6AF65D-SegmentedRaftLogWorker: Starting segment from index:0
2019-10-02 17:56:34,785 [grpc-default-executor-8] INFO  segmented.SegmentedRaftLogWorker (SegmentedRaftLogWorker.java:startLogSegment(385)) - ae729cbd-7ce4-47be-ae44-f885f4c1fbd3@group-43D12C6AF65D-SegmentedRaftLogWorker: Starting segment from index:0
2019-10-02 17:56:34,795 [4a0512f4-119f-4f66-8d84-cb92b75127d3@group-43D12C6AF65D-SegmentedRaftLogWorker] INFO  segmented.SegmentedRaftLogWorker (SegmentedRaftLogWorker.java:execute(574)) - 4a0512f4-119f-4f66-8d84-cb92b75127d3@group-43D12C6AF65D-SegmentedRaftLogWorker: created new log segment /workdir/hadoop-ozone/integration-test/target/test-dir/MiniOzoneClusterImpl-65f8f4fe-1764-4468-9f48-37bf81c95b0d/datanode-3/data/ratis/d5b69d7d-3b5c-477f-a5bf-43d12c6af65d/current/log_inprogress_0
2019-10-02 17:56:34,820 [ae729cbd-7ce4-47be-ae44-f885f4c1fbd3@group-43D12C6AF65D-SegmentedRaftLogWorker] INFO  segmented.SegmentedRaftLogWorker (SegmentedRaftLogWorker.java:execute(574)) - ae729cbd-7ce4-47be-ae44-f885f4c1fbd3@group-43D12C6AF65D-SegmentedRaftLogWorker: created new log segment /workdir/hadoop-ozone/integration-test/target/test-dir/MiniOzoneClusterImpl-65f8f4fe-1764-4468-9f48-37bf81c95b0d/datanode-6/data/ratis/d5b69d7d-3b5c-477f-a5bf-43d12c6af65d/current/log_inprogress_0
2019-10-02 17:56:34,820 [b7323768-8f87-4fb6-921f-bc5aae8c9ceb@group-43D12C6AF65D-SegmentedRaftLogWorker] INFO  segmented.SegmentedRaftLogWorker (SegmentedRaftLogWorker.java:execute(574)) - b7323768-8f87-4fb6-921f-bc5aae8c9ceb@group-43D12C6AF65D-SegmentedRaftLogWorker: created new log segment /workdir/hadoop-ozone/integration-test/target/test-dir/MiniOzoneClusterImpl-65f8f4fe-1764-4468-9f48-37bf81c95b0d/datanode-2/data/ratis/d5b69d7d-3b5c-477f-a5bf-43d12c6af65d/current/log_inprogress_0
2019-10-02 17:56:37,108 [grpc-default-executor-8] INFO  impl.RaftServerProxy (RaftServerProxy.java:remove(95)) - ae729cbd-7ce4-47be-ae44-f885f4c1fbd3: remove    LEADER ae729cbd-7ce4-47be-ae44-f885f4c1fbd3@group-32BFC1E0B292:t1, leader=ae729cbd-7ce4-47be-ae44-f885f4c1fbd3, voted=ae729cbd-7ce4-47be-ae44-f885f4c1fbd3, raftlog=ae729cbd-7ce4-47be-ae44-f885f4c1fbd3@group-32BFC1E0B292-SegmentedRaftLog:OPENED:c2,f2,i4, conf=0: [ae729cbd-7ce4-47be-ae44-f885f4c1fbd3:192.168.151.72:36044, 4a0512f4-119f-4f66-8d84-cb92b75127d3:192.168.151.72:38519, b7323768-8f87-4fb6-921f-bc5aae8c9ceb:192.168.151.72:45619], old=null RUNNING
2019-10-02 17:56:37,109 [grpc-default-executor-8] INFO  impl.RaftServerImpl (RaftServerImpl.java:lambda$shutdown$3(247)) - ae729cbd-7ce4-47be-ae44-f885f4c1fbd3@group-32BFC1E0B292: shutdown
2019-10-02 17:56:37,110 [grpc-default-executor-8] INFO  util.JmxRegister (JmxRegister.java:unregister(73)) - Successfully un-registered JMX Bean with object name Ratis:service=RaftServer,group=group-32BFC1E0B292,id=ae729cbd-7ce4-47be-ae44-f885f4c1fbd3
2019-10-02 17:56:37,110 [grpc-default-executor-8] INFO  impl.RoleInfo (RoleInfo.java:shutdownLeaderState(104)) - ae729cbd-7ce4-47be-ae44-f885f4c1fbd3: shutdown LeaderState
2019-10-02 17:56:37,118 [grpc-default-executor-8] INFO  impl.PendingRequests (PendingRequests.java:sendNotLeaderResponses(202)) - ae729cbd-7ce4-47be-ae44-f885f4c1fbd3@group-32BFC1E0B292-PendingRequests: sendNotLeaderResponses
2019-10-02 17:56:37,118 [org.apache.ratis.server.impl.LogAppender$AppenderDaemon$$Lambda$525/299265970@42579ca0] WARN  server.GrpcLogAppender (GrpcLogAppender.java:mayWait(143)) - ae729cbd-7ce4-47be-ae44-f885f4c1fbd3@group-32BFC1E0B292->b7323768-8f87-4fb6-921f-bc5aae8c9ceb-GrpcLogAppender: Wait interrupted by java.lang.InterruptedException
2019-10-02 17:56:37,118 [org.apache.ratis.server.impl.LogAppender$AppenderDaemon$$Lambda$525/299265970@4f1b4041] WARN  server.GrpcLogAppender (GrpcLogAppender.java:mayWait(143)) - ae729cbd-7ce4-47be-ae44-f885f4c1fbd3@group-32BFC1E0B292->4a0512f4-119f-4f66-8d84-cb92b75127d3-GrpcLogAppender: Wait interrupted by java.lang.InterruptedException
2019-10-02 17:56:37,121 [grpc-default-executor-10] INFO  server.GrpcServerProtocolService (GrpcServerProtocolService.java:onCompleted(113)) - b7323768-8f87-4fb6-921f-bc5aae8c9ceb: Completed APPEND_ENTRIES, lastRequest: ae729cbd-7ce4-47be-ae44-f885f4c1fbd3->b7323768-8f87-4fb6-921f-bc5aae8c9ceb#58-t1, previous=(t:1, i:4), leaderCommit=2, initializing? false, entries: <empty>
2019-10-02 17:56:37,126 [grpc-default-executor-9] INFO  server.GrpcServerProtocolService (GrpcServerProtocolService.java:onCompleted(113)) - 4a0512f4-119f-4f66-8d84-cb92b75127d3: Completed APPEND_ENTRIES, lastRequest: ae729cbd-7ce4-47be-ae44-f885f4c1fbd3->4a0512f4-119f-4f66-8d84-cb92b75127d3#58-t1, previous=(t:1, i:4), leaderCommit=2, initializing? false, entries: <empty>
2019-10-02 17:56:37,129 [grpc-default-executor-8] INFO  impl.StateMachineUpdater (StateMachineUpdater.java:stopAndJoin(136)) - ae729cbd-7ce4-47be-ae44-f885f4c1fbd3@group-32BFC1E0B292-StateMachineUpdater: set stopIndex = 2
2019-10-02 17:56:37,130 [ae729cbd-7ce4-47be-ae44-f885f4c1fbd3@group-32BFC1E0B292-StateMachineUpdater] INFO  ratis.ContainerStateMachine (ContainerStateMachine.java:takeSnapshot(294)) - group-32BFC1E0B292: Taking a snapshot at:(t:1, i:2) file /workdir/hadoop-ozone/integration-test/target/test-dir/MiniOzoneClusterImpl-65f8f4fe-1764-4468-9f48-37bf81c95b0d/datanode-6/data/ratis/1e8526e5-dcf3-4d32-9886-32bfc1e0b292/sm/snapshot.1_2
2019-10-02 17:56:37,131 [grpc-default-executor-15] INFO  server.GrpcLogAppender (GrpcLogAppender.java:onCompleted(293)) - ae729cbd-7ce4-47be-ae44-f885f4c1fbd3@group-32BFC1E0B292->b7323768-8f87-4fb6-921f-bc5aae8c9ceb-AppendLogResponseHandler: follower responses appendEntries COMPLETED
2019-10-02 17:56:37,132 [grpc-default-executor-15] INFO  impl.FollowerInfo (FollowerInfo.java:lambda$new$0(51)) - ae729cbd-7ce4-47be-ae44-f885f4c1fbd3@group-32BFC1E0B292->b7323768-8f87-4fb6-921f-bc5aae8c9ceb: nextIndex: updateUnconditionally 5 -> 4
2019-10-02 17:56:37,140 [grpc-default-executor-14] INFO  server.GrpcLogAppender (GrpcLogAppender.java:onCompleted(293)) - ae729cbd-7ce4-47be-ae44-f885f4c1fbd3@group-32BFC1E0B292->4a0512f4-119f-4f66-8d84-cb92b75127d3-AppendLogResponseHandler: follower responses appendEntries COMPLETED
2019-10-02 17:56:37,140 [grpc-default-executor-14] INFO  impl.FollowerInfo (FollowerInfo.java:lambda$new$0(51)) - ae729cbd-7ce4-47be-ae44-f885f4c1fbd3@group-32BFC1E0B292->4a0512f4-119f-4f66-8d84-cb92b75127d3: nextIndex: updateUnconditionally 5 -> 4
2019-10-02 17:56:37,144 [ae729cbd-7ce4-47be-ae44-f885f4c1fbd3@group-32BFC1E0B292-StateMachineUpdater] INFO  ratis.ContainerStateMachine (ContainerStateMachine.java:takeSnapshot(305)) - group-32BFC1E0B292: Finished taking a snapshot at:(t:1, i:2) file:/workdir/hadoop-ozone/integration-test/target/test-dir/MiniOzoneClusterImpl-65f8f4fe-1764-4468-9f48-37bf81c95b0d/datanode-6/data/ratis/1e8526e5-dcf3-4d32-9886-32bfc1e0b292/sm/snapshot.1_2 time:14
2019-10-02 17:56:37,145 [ae729cbd-7ce4-47be-ae44-f885f4c1fbd3@group-32BFC1E0B292-StateMachineUpdater] INFO  impl.StateMachineUpdater (StateMachineUpdater.java:takeSnapshot(269)) - ae729cbd-7ce4-47be-ae44-f885f4c1fbd3@group-32BFC1E0B292-StateMachineUpdater: Took a snapshot at index 2
2019-10-02 17:56:37,145 [ae729cbd-7ce4-47be-ae44-f885f4c1fbd3@group-32BFC1E0B292-StateMachineUpdater] INFO  impl.StateMachineUpdater (StateMachineUpdater.java:lambda$new$0(84)) - ae729cbd-7ce4-47be-ae44-f885f4c1fbd3@group-32BFC1E0B292-StateMachineUpdater: snapshotIndex: updateIncreasingly -1 -> 2
2019-10-02 17:56:37,145 [grpc-default-executor-8] INFO  impl.RaftServerImpl (ServerState.java:close(387)) - ae729cbd-7ce4-47be-ae44-f885f4c1fbd3@group-32BFC1E0B292: closes. applyIndex: 2
2019-10-02 17:56:37,146 [ae729cbd-7ce4-47be-ae44-f885f4c1fbd3@group-32BFC1E0B292-SegmentedRaftLogWorker] INFO  segmented.SegmentedRaftLogWorker (SegmentedRaftLogWorker.java:run(316)) - ae729cbd-7ce4-47be-ae44-f885f4c1fbd3@group-32BFC1E0B292-SegmentedRaftLogWorker was interrupted, exiting. There are 0 tasks remaining in the queue.
2019-10-02 17:56:37,148 [grpc-default-executor-8] INFO  segmented.SegmentedRaftLogWorker (SegmentedRaftLogWorker.java:close(224)) - ae729cbd-7ce4-47be-ae44-f885f4c1fbd3@group-32BFC1E0B292-SegmentedRaftLogWorker close()
2019-10-02 17:56:37,157 [grpc-default-executor-8] INFO  impl.RaftServerProxy (RaftServerProxy.java:remove(95)) - b7323768-8f87-4fb6-921f-bc5aae8c9ceb: remove  FOLLOWER b7323768-8f87-4fb6-921f-bc5aae8c9ceb@group-32BFC1E0B292:t1, leader=ae729cbd-7ce4-47be-ae44-f885f4c1fbd3, voted=ae729cbd-7ce4-47be-ae44-f885f4c1fbd3, raftlog=b7323768-8f87-4fb6-921f-bc5aae8c9ceb@group-32BFC1E0B292-SegmentedRaftLog:OPENED:c2,f4,i4, conf=0: [ae729cbd-7ce4-47be-ae44-f885f4c1fbd3:192.168.151.72:36044, 4a0512f4-119f-4f66-8d84-cb92b75127d3:192.168.151.72:38519, b7323768-8f87-4fb6-921f-bc5aae8c9ceb:192.168.151.72:45619], old=null RUNNING
2019-10-02 17:56:37,157 [grpc-default-executor-8] INFO  impl.RaftServerImpl (RaftServerImpl.java:lambda$shutdown$3(247)) - b7323768-8f87-4fb6-921f-bc5aae8c9ceb@group-32BFC1E0B292: shutdown
2019-10-02 17:56:37,157 [grpc-default-executor-8] INFO  util.JmxRegister (JmxRegister.java:unregister(73)) - Successfully un-registered JMX Bean with object name Ratis:service=RaftServer,group=group-32BFC1E0B292,id=b7323768-8f87-4fb6-921f-bc5aae8c9ceb
2019-10-02 17:56:37,157 [grpc-default-executor-8] INFO  impl.RoleInfo (RoleInfo.java:shutdownFollowerState(121)) - b7323768-8f87-4fb6-921f-bc5aae8c9ceb: shutdown FollowerState
2019-10-02 17:56:37,157 [grpc-default-executor-8] INFO  impl.StateMachineUpdater (StateMachineUpdater.java:stopAndJoin(136)) - b7323768-8f87-4fb6-921f-bc5aae8c9ceb@group-32BFC1E0B292-StateMachineUpdater: set stopIndex = 2
2019-10-02 17:56:37,158 [b7323768-8f87-4fb6-921f-bc5aae8c9ceb@group-32BFC1E0B292-StateMachineUpdater] INFO  ratis.ContainerStateMachine (ContainerStateMachine.java:takeSnapshot(294)) - group-32BFC1E0B292: Taking a snapshot at:(t:1, i:1) file /workdir/hadoop-ozone/integration-test/target/test-dir/MiniOzoneClusterImpl-65f8f4fe-1764-4468-9f48-37bf81c95b0d/datanode-2/data/ratis/1e8526e5-dcf3-4d32-9886-32bfc1e0b292/sm/snapshot.1_1
2019-10-02 17:56:37,158 [Thread-1576] INFO  impl.FollowerState (FollowerState.java:run(117)) - b7323768-8f87-4fb6-921f-bc5aae8c9ceb@group-32BFC1E0B292-FollowerState was interrupted: java.lang.InterruptedException: sleep interrupted
2019-10-02 17:56:37,175 [b7323768-8f87-4fb6-921f-bc5aae8c9ceb@group-32BFC1E0B292-StateMachineUpdater] INFO  ratis.ContainerStateMachine (ContainerStateMachine.java:takeSnapshot(305)) - group-32BFC1E0B292: Finished taking a snapshot at:(t:1, i:1) file:/workdir/hadoop-ozone/integration-test/target/test-dir/MiniOzoneClusterImpl-65f8f4fe-1764-4468-9f48-37bf81c95b0d/datanode-2/data/ratis/1e8526e5-dcf3-4d32-9886-32bfc1e0b292/sm/snapshot.1_1 time:18
2019-10-02 17:56:37,176 [b7323768-8f87-4fb6-921f-bc5aae8c9ceb@group-32BFC1E0B292-StateMachineUpdater] INFO  impl.StateMachineUpdater (StateMachineUpdater.java:takeSnapshot(269)) - b7323768-8f87-4fb6-921f-bc5aae8c9ceb@group-32BFC1E0B292-StateMachineUpdater: Took a snapshot at index 1
2019-10-02 17:56:37,176 [b7323768-8f87-4fb6-921f-bc5aae8c9ceb@group-32BFC1E0B292-StateMachineUpdater] INFO  impl.StateMachineUpdater (StateMachineUpdater.java:lambda$new$0(84)) - b7323768-8f87-4fb6-921f-bc5aae8c9ceb@group-32BFC1E0B292-StateMachineUpdater: snapshotIndex: updateIncreasingly -1 -> 1
2019-10-02 17:56:37,176 [b7323768-8f87-4fb6-921f-bc5aae8c9ceb@group-32BFC1E0B292-StateMachineUpdater] INFO  ratis.ContainerStateMachine (ContainerStateMachine.java:takeSnapshot(294)) - group-32BFC1E0B292: Taking a snapshot at:(t:1, i:1) file /workdir/hadoop-ozone/integration-test/target/test-dir/MiniOzoneClusterImpl-65f8f4fe-1764-4468-9f48-37bf81c95b0d/datanode-2/data/ratis/1e8526e5-dcf3-4d32-9886-32bfc1e0b292/sm/snapshot.1_1
2019-10-02 17:56:37,189 [b7323768-8f87-4fb6-921f-bc5aae8c9ceb@group-32BFC1E0B292-StateMachineUpdater] INFO  ratis.ContainerStateMachine (ContainerStateMachine.java:takeSnapshot(305)) - group-32BFC1E0B292: Finished taking a snapshot at:(t:1, i:1) file:/workdir/hadoop-ozone/integration-test/target/test-dir/MiniOzoneClusterImpl-65f8f4fe-1764-4468-9f48-37bf81c95b0d/datanode-2/data/ratis/1e8526e5-dcf3-4d32-9886-32bfc1e0b292/sm/snapshot.1_1 time:13
2019-10-02 17:56:37,189 [b7323768-8f87-4fb6-921f-bc5aae8c9ceb@group-32BFC1E0B292-StateMachineUpdater] INFO  impl.StateMachineUpdater (StateMachineUpdater.java:takeSnapshot(269)) - b7323768-8f87-4fb6-921f-bc5aae8c9ceb@group-32BFC1E0B292-StateMachineUpdater: Took a snapshot at index 1
2019-10-02 17:56:37,189 [b7323768-8f87-4fb6-921f-bc5aae8c9ceb@group-32BFC1E0B292-StateMachineUpdater] INFO  impl.StateMachineUpdater (StateMachineUpdater.java:lambda$new$0(84)) - b7323768-8f87-4fb6-921f-bc5aae8c9ceb@group-32BFC1E0B292-StateMachineUpdater: snapshotIndex: updateIncreasingly 1 -> 1
2019-10-02 17:56:37,190 [grpc-default-executor-8] INFO  impl.RaftServerImpl (ServerState.java:close(387)) - b7323768-8f87-4fb6-921f-bc5aae8c9ceb@group-32BFC1E0B292: closes. applyIndex: 2
2019-10-02 17:56:37,190 [b7323768-8f87-4fb6-921f-bc5aae8c9ceb@group-32BFC1E0B292-SegmentedRaftLogWorker] INFO  segmented.SegmentedRaftLogWorker (SegmentedRaftLogWorker.java:run(316)) - b7323768-8f87-4fb6-921f-bc5aae8c9ceb@group-32BFC1E0B292-SegmentedRaftLogWorker was interrupted, exiting. There are 0 tasks remaining in the queue.
2019-10-02 17:56:37,193 [grpc-default-executor-8] INFO  segmented.SegmentedRaftLogWorker (SegmentedRaftLogWorker.java:close(224)) - b7323768-8f87-4fb6-921f-bc5aae8c9ceb@group-32BFC1E0B292-SegmentedRaftLogWorker close()
2019-10-02 17:56:37,248 [grpc-default-executor-8] INFO  interfaces.Container (KeyValueContainer.java:flushAndSyncDB(386)) - Container 3 is synced with bcsId 0.
2019-10-02 17:56:37,248 [grpc-default-executor-8] INFO  interfaces.Container (KeyValueContainer.java:flushAndSyncDB(386)) - Container 3 is synced with bcsId 0.
2019-10-02 17:56:37,265 [EventQueue-IncrementalContainerReportForIncrementalContainerReportHandler] INFO  container.IncrementalContainerReportHandler (AbstractContainerReportHandler.java:updateContainerState(169)) - Moving container #3 to QUASI_CLOSED state, datanode b7323768-8f87-4fb6-921f-bc5aae8c9ceb{ip: 192.168.151.72, host: pr-trunk-fgz7f-2353921243, networkLocation: /default-rack, certSerialId: null} reported QUASI_CLOSED replica.
2019-10-02 17:56:37,268 [grpc-default-executor-8] INFO  impl.RaftServerProxy (RaftServerProxy.java:remove(95)) - 4a0512f4-119f-4f66-8d84-cb92b75127d3: remove  FOLLOWER 4a0512f4-119f-4f66-8d84-cb92b75127d3@group-32BFC1E0B292:t1, leader=ae729cbd-7ce4-47be-ae44-f885f4c1fbd3, voted=ae729cbd-7ce4-47be-ae44-f885f4c1fbd3, raftlog=4a0512f4-119f-4f66-8d84-cb92b75127d3@group-32BFC1E0B292-SegmentedRaftLog:OPENED:c2,f4,i4, conf=0: [ae729cbd-7ce4-47be-ae44-f885f4c1fbd3:192.168.151.72:36044, 4a0512f4-119f-4f66-8d84-cb92b75127d3:192.168.151.72:38519, b7323768-8f87-4fb6-921f-bc5aae8c9ceb:192.168.151.72:45619], old=null RUNNING
2019-10-02 17:56:37,268 [grpc-default-executor-8] INFO  impl.RaftServerImpl (RaftServerImpl.java:lambda$shutdown$3(247)) - 4a0512f4-119f-4f66-8d84-cb92b75127d3@group-32BFC1E0B292: shutdown
2019-10-02 17:56:37,268 [grpc-default-executor-8] INFO  util.JmxRegister (JmxRegister.java:unregister(73)) - Successfully un-registered JMX Bean with object name Ratis:service=RaftServer,group=group-32BFC1E0B292,id=4a0512f4-119f-4f66-8d84-cb92b75127d3
2019-10-02 17:56:37,268 [grpc-default-executor-8] INFO  impl.RoleInfo (RoleInfo.java:shutdownFollowerState(121)) - 4a0512f4-119f-4f66-8d84-cb92b75127d3: shutdown FollowerState
2019-10-02 17:56:37,268 [grpc-default-executor-8] INFO  impl.StateMachineUpdater (StateMachineUpdater.java:stopAndJoin(136)) - 4a0512f4-119f-4f66-8d84-cb92b75127d3@group-32BFC1E0B292-StateMachineUpdater: set stopIndex = 2
2019-10-02 17:56:37,268 [Thread-1577] INFO  impl.FollowerState (FollowerState.java:run(117)) - 4a0512f4-119f-4f66-8d84-cb92b75127d3@group-32BFC1E0B292-FollowerState was interrupted: java.lang.InterruptedException: sleep interrupted
2019-10-02 17:56:37,268 [4a0512f4-119f-4f66-8d84-cb92b75127d3@group-32BFC1E0B292-StateMachineUpdater] INFO  ratis.ContainerStateMachine (ContainerStateMachine.java:takeSnapshot(294)) - group-32BFC1E0B292: Taking a snapshot at:(t:1, i:1) file /workdir/hadoop-ozone/integration-test/target/test-dir/MiniOzoneClusterImpl-65f8f4fe-1764-4468-9f48-37bf81c95b0d/datanode-3/data/ratis/1e8526e5-dcf3-4d32-9886-32bfc1e0b292/sm/snapshot.1_1
2019-10-02 17:56:37,277 [4a0512f4-119f-4f66-8d84-cb92b75127d3@group-32BFC1E0B292-StateMachineUpdater] INFO  ratis.ContainerStateMachine (ContainerStateMachine.java:takeSnapshot(305)) - group-32BFC1E0B292: Finished taking a snapshot at:(t:1, i:1) file:/workdir/hadoop-ozone/integration-test/target/test-dir/MiniOzoneClusterImpl-65f8f4fe-1764-4468-9f48-37bf81c95b0d/datanode-3/data/ratis/1e8526e5-dcf3-4d32-9886-32bfc1e0b292/sm/snapshot.1_1 time:9
2019-10-02 17:56:37,278 [4a0512f4-119f-4f66-8d84-cb92b75127d3@group-32BFC1E0B292-StateMachineUpdater] INFO  impl.StateMachineUpdater (StateMachineUpdater.java:takeSnapshot(269)) - 4a0512f4-119f-4f66-8d84-cb92b75127d3@group-32BFC1E0B292-StateMachineUpdater: Took a snapshot at index 1
2019-10-02 17:56:37,278 [4a0512f4-119f-4f66-8d84-cb92b75127d3@group-32BFC1E0B292-StateMachineUpdater] INFO  impl.StateMachineUpdater (StateMachineUpdater.java:lambda$new$0(84)) - 4a0512f4-119f-4f66-8d84-cb92b75127d3@group-32BFC1E0B292-StateMachineUpdater: snapshotIndex: updateIncreasingly -1 -> 1
2019-10-02 17:56:37,278 [4a0512f4-119f-4f66-8d84-cb92b75127d3@group-32BFC1E0B292-StateMachineUpdater] INFO  ratis.ContainerStateMachine (ContainerStateMachine.java:takeSnapshot(294)) - group-32BFC1E0B292: Taking a snapshot at:(t:1, i:1) file /workdir/hadoop-ozone/integration-test/target/test-dir/MiniOzoneClusterImpl-65f8f4fe-1764-4468-9f48-37bf81c95b0d/datanode-3/data/ratis/1e8526e5-dcf3-4d32-9886-32bfc1e0b292/sm/snapshot.1_1
2019-10-02 17:56:37,281 [4a0512f4-119f-4f66-8d84-cb92b75127d3@group-32BFC1E0B292-StateMachineUpdater] INFO  ratis.ContainerStateMachine (ContainerStateMachine.java:takeSnapshot(305)) - group-32BFC1E0B292: Finished taking a snapshot at:(t:1, i:1) file:/workdir/hadoop-ozone/integration-test/target/test-dir/MiniOzoneClusterImpl-65f8f4fe-1764-4468-9f48-37bf81c95b0d/datanode-3/data/ratis/1e8526e5-dcf3-4d32-9886-32bfc1e0b292/sm/snapshot.1_1 time:3
2019-10-02 17:56:37,281 [4a0512f4-119f-4f66-8d84-cb92b75127d3@group-32BFC1E0B292-StateMachineUpdater] INFO  impl.StateMachineUpdater (StateMachineUpdater.java:takeSnapshot(269)) - 4a0512f4-119f-4f66-8d84-cb92b75127d3@group-32BFC1E0B292-StateMachineUpdater: Took a snapshot at index 1
2019-10-02 17:56:37,281 [4a0512f4-119f-4f66-8d84-cb92b75127d3@group-32BFC1E0B292-StateMachineUpdater] INFO  impl.StateMachineUpdater (StateMachineUpdater.java:lambda$new$0(84)) - 4a0512f4-119f-4f66-8d84-cb92b75127d3@group-32BFC1E0B292-StateMachineUpdater: snapshotIndex: updateIncreasingly 1 -> 1
2019-10-02 17:56:37,281 [grpc-default-executor-8] INFO  impl.RaftServerImpl (ServerState.java:close(387)) - 4a0512f4-119f-4f66-8d84-cb92b75127d3@group-32BFC1E0B292: closes. applyIndex: 2
2019-10-02 17:56:37,282 [4a0512f4-119f-4f66-8d84-cb92b75127d3@group-32BFC1E0B292-SegmentedRaftLogWorker] INFO  segmented.SegmentedRaftLogWorker (SegmentedRaftLogWorker.java:run(316)) - 4a0512f4-119f-4f66-8d84-cb92b75127d3@group-32BFC1E0B292-SegmentedRaftLogWorker was interrupted, exiting. There are 0 tasks remaining in the queue.
2019-10-02 17:56:37,284 [grpc-default-executor-8] INFO  segmented.SegmentedRaftLogWorker (SegmentedRaftLogWorker.java:close(224)) - 4a0512f4-119f-4f66-8d84-cb92b75127d3@group-32BFC1E0B292-SegmentedRaftLogWorker close()
2019-10-02 17:56:37,311 [grpc-default-executor-8] INFO  interfaces.Container (KeyValueContainer.java:flushAndSyncDB(386)) - Container 3 is synced with bcsId 0.
2019-10-02 17:56:37,311 [grpc-default-executor-8] INFO  interfaces.Container (KeyValueContainer.java:flushAndSyncDB(386)) - Container 3 is synced with bcsId 0.
2019-10-02 17:56:37,318 [RatisPipelineUtilsThread] INFO  pipeline.PipelineStateManager (PipelineStateManager.java:removePipeline(108)) - Pipeline Pipeline[ Id: 1e8526e5-dcf3-4d32-9886-32bfc1e0b292, Nodes: ae729cbd-7ce4-47be-ae44-f885f4c1fbd3{ip: 192.168.151.72, host: pr-trunk-fgz7f-2353921243, networkLocation: /default-rack, certSerialId: null}b7323768-8f87-4fb6-921f-bc5aae8c9ceb{ip: 192.168.151.72, host: pr-trunk-fgz7f-2353921243, networkLocation: /default-rack, certSerialId: null}4a0512f4-119f-4f66-8d84-cb92b75127d3{ip: 192.168.151.72, host: pr-trunk-fgz7f-2353921243, networkLocation: /default-rack, certSerialId: null}, Type:RATIS, Factor:THREE, State:CLOSED] removed from db
2019-10-02 17:56:37,320 [grpc-default-executor-8] INFO  impl.RaftServerProxy (RaftServerProxy.java:remove(95)) - ae729cbd-7ce4-47be-ae44-f885f4c1fbd3: remove group-32BFC1E0B292:null
2019-10-02 17:56:37,328 [RatisPipelineUtilsThread] WARN  pipeline.RatisPipelineUtils (RatisPipelineUtils.java:destroyPipeline(67)) - Pipeline destroy failed for pipeline=PipelineID=1e8526e5-dcf3-4d32-9886-32bfc1e0b292 dn=ae729cbd-7ce4-47be-ae44-f885f4c1fbd3{ip: 192.168.151.72, host: pr-trunk-fgz7f-2353921243, networkLocation: /default-rack, certSerialId: null}
2019-10-02 17:56:37,333 [grpc-default-executor-8] INFO  impl.RaftServerProxy (RaftServerProxy.java:remove(95)) - b7323768-8f87-4fb6-921f-bc5aae8c9ceb: remove group-32BFC1E0B292:null
2019-10-02 17:56:37,338 [RatisPipelineUtilsThread] WARN  pipeline.RatisPipelineUtils (RatisPipelineUtils.java:destroyPipeline(67)) - Pipeline destroy failed for pipeline=PipelineID=1e8526e5-dcf3-4d32-9886-32bfc1e0b292 dn=b7323768-8f87-4fb6-921f-bc5aae8c9ceb{ip: 192.168.151.72, host: pr-trunk-fgz7f-2353921243, networkLocation: /default-rack, certSerialId: null}
2019-10-02 17:56:37,340 [grpc-default-executor-8] INFO  impl.RaftServerProxy (RaftServerProxy.java:remove(95)) - 4a0512f4-119f-4f66-8d84-cb92b75127d3: remove group-32BFC1E0B292:null
2019-10-02 17:56:37,361 [RatisPipelineUtilsThread] WARN  pipeline.RatisPipelineUtils (RatisPipelineUtils.java:destroyPipeline(67)) - Pipeline destroy failed for pipeline=PipelineID=1e8526e5-dcf3-4d32-9886-32bfc1e0b292 dn=4a0512f4-119f-4f66-8d84-cb92b75127d3{ip: 192.168.151.72, host: pr-trunk-fgz7f-2353921243, networkLocation: /default-rack, certSerialId: null}
2019-10-02 17:56:37,361 [RatisPipelineUtilsThread] ERROR pipeline.SCMPipelineManager (Scheduler.java:lambda$schedule$1(70)) - Destroy pipeline failed for pipeline:Pipeline[ Id: 1e8526e5-dcf3-4d32-9886-32bfc1e0b292, Nodes: ae729cbd-7ce4-47be-ae44-f885f4c1fbd3{ip: 192.168.151.72, host: pr-trunk-fgz7f-2353921243, networkLocation: /default-rack, certSerialId: null}b7323768-8f87-4fb6-921f-bc5aae8c9ceb{ip: 192.168.151.72, host: pr-trunk-fgz7f-2353921243, networkLocation: /default-rack, certSerialId: null}4a0512f4-119f-4f66-8d84-cb92b75127d3{ip: 192.168.151.72, host: pr-trunk-fgz7f-2353921243, networkLocation: /default-rack, certSerialId: null}, Type:RATIS, Factor:THREE, State:CLOSED]
org.apache.hadoop.hdds.scm.pipeline.PipelineNotFoundException: PipelineID=1e8526e5-dcf3-4d32-9886-32bfc1e0b292 not found
	at org.apache.hadoop.hdds.scm.pipeline.PipelineStateMap.getPipeline(PipelineStateMap.java:132)
	at org.apache.hadoop.hdds.scm.pipeline.PipelineStateMap.removePipeline(PipelineStateMap.java:322)
	at org.apache.hadoop.hdds.scm.pipeline.PipelineStateManager.removePipeline(PipelineStateManager.java:107)
	at org.apache.hadoop.hdds.scm.pipeline.SCMPipelineManager.removePipeline(SCMPipelineManager.java:427)
	at org.apache.hadoop.hdds.scm.pipeline.SCMPipelineManager.destroyPipeline(SCMPipelineManager.java:413)
	at org.apache.hadoop.hdds.scm.pipeline.SCMPipelineManager.lambda$finalizeAndDestroyPipeline$0(SCMPipelineManager.java:322)
	at org.apache.hadoop.hdds.utils.Scheduler.lambda$schedule$1(Scheduler.java:68)
	at java.util.concurrent.Executors$RunnableAdapter.call(Executors.java:511)
	at java.util.concurrent.FutureTask.run(FutureTask.java:266)
	at java.util.concurrent.ScheduledThreadPoolExecutor$ScheduledFutureTask.access$201(ScheduledThreadPoolExecutor.java:180)
	at java.util.concurrent.ScheduledThreadPoolExecutor$ScheduledFutureTask.run(ScheduledThreadPoolExecutor.java:293)
	at java.util.concurrent.ThreadPoolExecutor.runWorker(ThreadPoolExecutor.java:1149)
	at java.util.concurrent.ThreadPoolExecutor$Worker.run(ThreadPoolExecutor.java:624)
	at java.lang.Thread.run(Thread.java:748)
2019-10-02 17:56:38,161 [main] WARN  io.KeyOutputStream (KeyOutputStream.java:handleException(274)) - Encountered exception java.io.IOException: Unexpected Storage Container Exception: java.util.concurrent.CompletionException: java.util.concurrent.CompletionException: org.apache.ratis.protocol.GroupMismatchException: b7323768-8f87-4fb6-921f-bc5aae8c9ceb: group-32BFC1E0B292 not found. on the pipeline Pipeline[ Id: 1e8526e5-dcf3-4d32-9886-32bfc1e0b292, Nodes: ae729cbd-7ce4-47be-ae44-f885f4c1fbd3{ip: 192.168.151.72, host: pr-trunk-fgz7f-2353921243, networkLocation: /default-rack, certSerialId: null}b7323768-8f87-4fb6-921f-bc5aae8c9ceb{ip: 192.168.151.72, host: pr-trunk-fgz7f-2353921243, networkLocation: /default-rack, certSerialId: null}4a0512f4-119f-4f66-8d84-cb92b75127d3{ip: 192.168.151.72, host: pr-trunk-fgz7f-2353921243, networkLocation: /default-rack, certSerialId: null}, Type:RATIS, Factor:THREE, State:OPEN]. The last committed block length is 0, uncommitted data length is 400 retry count 1
2019-10-02 17:56:38,312 [pool-150-thread-2] ERROR impl.ChunkManagerImpl (ChunkUtils.java:writeData(89)) - data array does not match the length specified. DataLen: 100 Byte Array: 246
2019-10-02 17:56:38,314 [pool-150-thread-2] INFO  keyvalue.KeyValueHandler (ContainerUtils.java:logAndReturnError(146)) - Operation: WriteChunk : Trace ID: 76c8681c38ba4d3f:76c8681c38ba4d3f:0:0 : Message: data array does not match the length specified. DataLen: 100 Byte Array: 246 : Result: INVALID_WRITE_SIZE
2019-10-02 17:56:38,326 [EventQueue-IncrementalContainerReportForIncrementalContainerReportHandler] WARN  container.IncrementalContainerReportHandler (AbstractContainerReportHandler.java:updateContainerState(143)) - Container #5 is in OPEN state, but the datanode 4a0512f4-119f-4f66-8d84-cb92b75127d3{ip: 192.168.151.72, host: pr-trunk-fgz7f-2353921243, networkLocation: /default-rack, certSerialId: null} reports an UNHEALTHY replica.
2019-10-02 17:56:38,328 [EventQueue-CloseContainerForCloseContainerEventHandler] INFO  container.CloseContainerEventHandler (CloseContainerEventHandler.java:onMessage(61)) - Close container Event triggered for container : #5
17:56:38.326 [pool-150-thread-2] ERROR DNAudit - user=null | ip=null | op=WRITE_CHUNK {blockData=conID: 5 locID: 102894075785379850 bcsId: 0} | ret=FAILURE
java.lang.Exception: data array does not match the length specified. DataLen: 100 Byte Array: 246
	at org.apache.hadoop.ozone.container.common.impl.HddsDispatcher.dispatchRequest(HddsDispatcher.java:330) ~[hadoop-hdds-container-service-0.5.0-SNAPSHOT.jar:?]
	at org.apache.hadoop.ozone.container.common.impl.HddsDispatcher.dispatch(HddsDispatcher.java:150) ~[hadoop-hdds-container-service-0.5.0-SNAPSHOT.jar:?]
	at org.apache.hadoop.ozone.container.common.transport.server.ratis.ContainerStateMachine.dispatchCommand(ContainerStateMachine.java:411) ~[hadoop-hdds-container-service-0.5.0-SNAPSHOT.jar:?]
	at org.apache.hadoop.ozone.container.common.transport.server.ratis.ContainerStateMachine.runCommand(ContainerStateMachine.java:419) ~[hadoop-hdds-container-service-0.5.0-SNAPSHOT.jar:?]
	at org.apache.hadoop.ozone.container.common.transport.server.ratis.ContainerStateMachine.lambda$handleWriteChunk$1(ContainerStateMachine.java:454) ~[hadoop-hdds-container-service-0.5.0-SNAPSHOT.jar:?]
	at java.util.concurrent.CompletableFuture$AsyncSupply.run(CompletableFuture.java:1590) [?:1.8.0_212]
	at java.util.concurrent.ThreadPoolExecutor.runWorker(ThreadPoolExecutor.java:1149) [?:1.8.0_212]
	at java.util.concurrent.ThreadPoolExecutor$Worker.run(ThreadPoolExecutor.java:624) [?:1.8.0_212]
	at java.lang.Thread.run(Thread.java:748) [?:1.8.0_212]
2019-10-02 17:56:38,329 [pool-150-thread-2] ERROR ratis.ContainerStateMachine (ContainerStateMachine.java:lambda$handleWriteChunk$2(474)) - group-43D12C6AF65D: writeChunk writeStateMachineData failed: blockIdcontainerID: 5
localID: 102894075785379850
blockCommitSequenceId: 0
 logIndex 1 chunkName 102894075785379850_chunk_1 Error message: data array does not match the length specified. DataLen: 100 Byte Array: 246 Container Result: INVALID_WRITE_SIZE
2019-10-02 17:56:38,330 [4a0512f4-119f-4f66-8d84-cb92b75127d3@group-43D12C6AF65D-SegmentedRaftLogWorker] ERROR ratis.XceiverServerRatis (XceiverServerRatis.java:triggerPipelineClose(581)) - pipeline Action CLOSE  on pipeline PipelineID=d5b69d7d-3b5c-477f-a5bf-43d12c6af65d.Reason : data array does not match the length specified. DataLen: 100 Byte Array: 246
2019-10-02 17:56:38,331 [4a0512f4-119f-4f66-8d84-cb92b75127d3@group-43D12C6AF65D-SegmentedRaftLogWorker] ERROR ratis.XceiverServerRatis (XceiverServerRatis.java:triggerPipelineClose(581)) - pipeline Action CLOSE  on pipeline PipelineID=d5b69d7d-3b5c-477f-a5bf-43d12c6af65d.Reason : Log already failed at index 1 for task WriteLog:1: (t:3, i:1), STATEMACHINELOGENTRY, client-4249936912C1, cid=117
2019-10-02 17:56:38,331 [EventQueue-PipelineActionsForPipelineActionHandler] ERROR pipeline.PipelineActionHandler (PipelineActionHandler.java:onMessage(60)) - Received pipeline action CLOSE for Pipeline[ Id: d5b69d7d-3b5c-477f-a5bf-43d12c6af65d, Nodes: ae729cbd-7ce4-47be-ae44-f885f4c1fbd3{ip: 192.168.151.72, host: pr-trunk-fgz7f-2353921243, networkLocation: /default-rack, certSerialId: null}b7323768-8f87-4fb6-921f-bc5aae8c9ceb{ip: 192.168.151.72, host: pr-trunk-fgz7f-2353921243, networkLocation: /default-rack, certSerialId: null}4a0512f4-119f-4f66-8d84-cb92b75127d3{ip: 192.168.151.72, host: pr-trunk-fgz7f-2353921243, networkLocation: /default-rack, certSerialId: null}, Type:RATIS, Factor:THREE, State:OPEN] from datanode 4a0512f4-119f-4f66-8d84-cb92b75127d3{ip: 192.168.151.72, host: pr-trunk-fgz7f-2353921243, networkLocation: /default-rack, certSerialId: null}. Reason : data array does not match the length specified. DataLen: 100 Byte Array: 246
2019-10-02 17:56:38,332 [EventQueue-PipelineActionsForPipelineActionHandler] INFO  pipeline.SCMPipelineManager (SCMPipelineManager.java:finalizeAndDestroyPipeline(315)) - destroying pipeline:Pipeline[ Id: d5b69d7d-3b5c-477f-a5bf-43d12c6af65d, Nodes: ae729cbd-7ce4-47be-ae44-f885f4c1fbd3{ip: 192.168.151.72, host: pr-trunk-fgz7f-2353921243, networkLocation: /default-rack, certSerialId: null}b7323768-8f87-4fb6-921f-bc5aae8c9ceb{ip: 192.168.151.72, host: pr-trunk-fgz7f-2353921243, networkLocation: /default-rack, certSerialId: null}4a0512f4-119f-4f66-8d84-cb92b75127d3{ip: 192.168.151.72, host: pr-trunk-fgz7f-2353921243, networkLocation: /default-rack, certSerialId: null}, Type:RATIS, Factor:THREE, State:OPEN]
2019-10-02 17:56:38,332 [EventQueue-PipelineActionsForPipelineActionHandler] INFO  pipeline.PipelineStateManager (PipelineStateManager.java:finalizePipeline(123)) - Pipeline Pipeline[ Id: d5b69d7d-3b5c-477f-a5bf-43d12c6af65d, Nodes: ae729cbd-7ce4-47be-ae44-f885f4c1fbd3{ip: 192.168.151.72, host: pr-trunk-fgz7f-2353921243, networkLocation: /default-rack, certSerialId: null}b7323768-8f87-4fb6-921f-bc5aae8c9ceb{ip: 192.168.151.72, host: pr-trunk-fgz7f-2353921243, networkLocation: /default-rack, certSerialId: null}4a0512f4-119f-4f66-8d84-cb92b75127d3{ip: 192.168.151.72, host: pr-trunk-fgz7f-2353921243, networkLocation: /default-rack, certSerialId: null}, Type:RATIS, Factor:THREE, State:CLOSED] moved to CLOSED state
2019-10-02 17:56:38,332 [EventQueue-PipelineActionsForPipelineActionHandler] ERROR pipeline.PipelineActionHandler (PipelineActionHandler.java:onMessage(60)) - Received pipeline action CLOSE for Pipeline[ Id: d5b69d7d-3b5c-477f-a5bf-43d12c6af65d, Nodes: ae729cbd-7ce4-47be-ae44-f885f4c1fbd3{ip: 192.168.151.72, host: pr-trunk-fgz7f-2353921243, networkLocation: /default-rack, certSerialId: null}b7323768-8f87-4fb6-921f-bc5aae8c9ceb{ip: 192.168.151.72, host: pr-trunk-fgz7f-2353921243, networkLocation: /default-rack, certSerialId: null}4a0512f4-119f-4f66-8d84-cb92b75127d3{ip: 192.168.151.72, host: pr-trunk-fgz7f-2353921243, networkLocation: /default-rack, certSerialId: null}, Type:RATIS, Factor:THREE, State:CLOSED] from datanode 4a0512f4-119f-4f66-8d84-cb92b75127d3{ip: 192.168.151.72, host: pr-trunk-fgz7f-2353921243, networkLocation: /default-rack, certSerialId: null}. Reason : Log already failed at index 1 for task WriteLog:1: (t:3, i:1), STATEMACHINELOGENTRY, client-4249936912C1, cid=117
2019-10-02 17:56:38,332 [EventQueue-PipelineActionsForPipelineActionHandler] INFO  pipeline.SCMPipelineManager (SCMPipelineManager.java:finalizeAndDestroyPipeline(315)) - destroying pipeline:Pipeline[ Id: d5b69d7d-3b5c-477f-a5bf-43d12c6af65d, Nodes: ae729cbd-7ce4-47be-ae44-f885f4c1fbd3{ip: 192.168.151.72, host: pr-trunk-fgz7f-2353921243, networkLocation: /default-rack, certSerialId: null}b7323768-8f87-4fb6-921f-bc5aae8c9ceb{ip: 192.168.151.72, host: pr-trunk-fgz7f-2353921243, networkLocation: /default-rack, certSerialId: null}4a0512f4-119f-4f66-8d84-cb92b75127d3{ip: 192.168.151.72, host: pr-trunk-fgz7f-2353921243, networkLocation: /default-rack, certSerialId: null}, Type:RATIS, Factor:THREE, State:CLOSED]
2019-10-02 17:56:41,228 [java.util.concurrent.ThreadPoolExecutor$Worker@4dc307fc[State = -1, empty queue]] ERROR client.GrpcClientProtocolClient (GrpcClientProtocolClient.java:close(148)) - Unexpected exception while waiting for channel termination
java.lang.InterruptedException
	at java.util.concurrent.locks.AbstractQueuedSynchronizer.tryAcquireSharedNanos(AbstractQueuedSynchronizer.java:1326)
	at java.util.concurrent.CountDownLatch.await(CountDownLatch.java:277)
	at org.apache.ratis.thirdparty.io.grpc.internal.ManagedChannelImpl.awaitTermination(ManagedChannelImpl.java:763)
	at org.apache.ratis.thirdparty.io.grpc.internal.ForwardingManagedChannel.awaitTermination(ForwardingManagedChannel.java:57)
	at org.apache.ratis.thirdparty.io.grpc.internal.ManagedChannelOrphanWrapper.awaitTermination(ManagedChannelOrphanWrapper.java:70)
	at org.apache.ratis.grpc.client.GrpcClientProtocolClient.close(GrpcClientProtocolClient.java:146)
	at org.apache.ratis.util.PeerProxyMap$PeerAndProxy.lambda$close$1(PeerProxyMap.java:74)
	at org.apache.ratis.util.LifeCycle.lambda$checkStateAndClose$2(LifeCycle.java:231)
	at org.apache.ratis.util.LifeCycle.checkStateAndClose(LifeCycle.java:251)
	at org.apache.ratis.util.LifeCycle.checkStateAndClose(LifeCycle.java:229)
	at org.apache.ratis.util.PeerProxyMap$PeerAndProxy.close(PeerProxyMap.java:70)
	at org.apache.ratis.util.PeerProxyMap.resetProxy(PeerProxyMap.java:127)
	at org.apache.ratis.util.PeerProxyMap.handleException(PeerProxyMap.java:136)
	at org.apache.ratis.client.impl.RaftClientRpcWithProxy.handleException(RaftClientRpcWithProxy.java:47)
	at org.apache.ratis.client.impl.RaftClientImpl.handleIOException(RaftClientImpl.java:372)
	at org.apache.ratis.client.impl.OrderedAsync.lambda$sendRequest$10(OrderedAsync.java:236)
	at java.util.concurrent.CompletableFuture.uniExceptionally(CompletableFuture.java:870)
	at java.util.concurrent.CompletableFuture$UniExceptionally.tryFire(CompletableFuture.java:852)
	at java.util.concurrent.CompletableFuture.postComplete(CompletableFuture.java:474)
	at java.util.concurrent.CompletableFuture.completeExceptionally(CompletableFuture.java:1977)
	at org.apache.ratis.grpc.client.GrpcClientProtocolClient$AsyncStreamObservers.lambda$timeoutCheck$3(GrpcClientProtocolClient.java:324)
	at java.util.Optional.ifPresent(Optional.java:159)
	at org.apache.ratis.grpc.client.GrpcClientProtocolClient$AsyncStreamObservers.handleReplyFuture(GrpcClientProtocolClient.java:329)
	at org.apache.ratis.grpc.client.GrpcClientProtocolClient$AsyncStreamObservers.timeoutCheck(GrpcClientProtocolClient.java:324)
	at org.apache.ratis.grpc.client.GrpcClientProtocolClient$AsyncStreamObservers.lambda$onNext$1(GrpcClientProtocolClient.java:318)
	at org.apache.ratis.util.TimeoutScheduler.lambda$onTimeout$0(TimeoutScheduler.java:113)
	at org.apache.ratis.util.TimeoutScheduler.lambda$onTimeout$1(TimeoutScheduler.java:133)
	at org.apache.ratis.util.LogUtils.runAndLog(LogUtils.java:50)
	at org.apache.ratis.util.LogUtils$1.run(LogUtils.java:91)
	at java.util.concurrent.Executors$RunnableAdapter.call(Executors.java:511)
	at java.util.concurrent.FutureTask.run(FutureTask.java:266)
	at java.util.concurrent.ScheduledThreadPoolExecutor$ScheduledFutureTask.access$201(ScheduledThreadPoolExecutor.java:180)
	at java.util.concurrent.ScheduledThreadPoolExecutor$ScheduledFutureTask.run(ScheduledThreadPoolExecutor.java:293)
	at java.util.concurrent.ThreadPoolExecutor.runWorker(ThreadPoolExecutor.java:1149)
	at java.util.concurrent.ThreadPoolExecutor$Worker.run(ThreadPoolExecutor.java:624)
	at java.lang.Thread.run(Thread.java:748)
2019-10-02 17:56:41,232 [java.util.concurrent.ThreadPoolExecutor$Worker@4dc307fc[State = -1, empty queue]] WARN  util.TimeoutScheduler (LogUtils.java:runAndLog(55)) - Failed to task #0: java.lang.NullPointerException
2019-10-02 17:56:45,269 [java.util.concurrent.ThreadPoolExecutor$Worker@29a2a1fe[State = -1, empty queue]] ERROR client.GrpcClientProtocolClient (GrpcClientProtocolClient.java:close(148)) - Unexpected exception while waiting for channel termination
java.lang.InterruptedException
	at java.util.concurrent.locks.AbstractQueuedSynchronizer.tryAcquireSharedNanos(AbstractQueuedSynchronizer.java:1326)
	at java.util.concurrent.CountDownLatch.await(CountDownLatch.java:277)
	at org.apache.ratis.thirdparty.io.grpc.internal.ManagedChannelImpl.awaitTermination(ManagedChannelImpl.java:763)
	at org.apache.ratis.thirdparty.io.grpc.internal.ForwardingManagedChannel.awaitTermination(ForwardingManagedChannel.java:57)
	at org.apache.ratis.thirdparty.io.grpc.internal.ManagedChannelOrphanWrapper.awaitTermination(ManagedChannelOrphanWrapper.java:70)
	at org.apache.ratis.grpc.client.GrpcClientProtocolClient.close(GrpcClientProtocolClient.java:146)
	at org.apache.ratis.util.PeerProxyMap$PeerAndProxy.lambda$close$1(PeerProxyMap.java:74)
	at org.apache.ratis.util.LifeCycle.lambda$checkStateAndClose$2(LifeCycle.java:231)
	at org.apache.ratis.util.LifeCycle.checkStateAndClose(LifeCycle.java:251)
	at org.apache.ratis.util.LifeCycle.checkStateAndClose(LifeCycle.java:229)
	at org.apache.ratis.util.PeerProxyMap$PeerAndProxy.close(PeerProxyMap.java:70)
	at org.apache.ratis.util.PeerProxyMap.resetProxy(PeerProxyMap.java:127)
	at org.apache.ratis.util.PeerProxyMap.handleException(PeerProxyMap.java:136)
	at org.apache.ratis.client.impl.RaftClientRpcWithProxy.handleException(RaftClientRpcWithProxy.java:47)
	at org.apache.ratis.client.impl.RaftClientImpl.handleIOException(RaftClientImpl.java:372)
	at org.apache.ratis.client.impl.OrderedAsync.lambda$sendRequest$10(OrderedAsync.java:236)
	at java.util.concurrent.CompletableFuture.uniExceptionally(CompletableFuture.java:870)
	at java.util.concurrent.CompletableFuture$UniExceptionally.tryFire(CompletableFuture.java:852)
	at java.util.concurrent.CompletableFuture.postComplete(CompletableFuture.java:474)
	at java.util.concurrent.CompletableFuture.completeExceptionally(CompletableFuture.java:1977)
	at org.apache.ratis.grpc.client.GrpcClientProtocolClient$AsyncStreamObservers.lambda$timeoutCheck$3(GrpcClientProtocolClient.java:324)
	at java.util.Optional.ifPresent(Optional.java:159)
	at org.apache.ratis.grpc.client.GrpcClientProtocolClient$AsyncStreamObservers.handleReplyFuture(GrpcClientProtocolClient.java:329)
	at org.apache.ratis.grpc.client.GrpcClientProtocolClient$AsyncStreamObservers.timeoutCheck(GrpcClientProtocolClient.java:324)
	at org.apache.ratis.grpc.client.GrpcClientProtocolClient$AsyncStreamObservers.lambda$onNext$1(GrpcClientProtocolClient.java:318)
	at org.apache.ratis.util.TimeoutScheduler.lambda$onTimeout$0(TimeoutScheduler.java:113)
	at org.apache.ratis.util.TimeoutScheduler.lambda$onTimeout$1(TimeoutScheduler.java:133)
	at org.apache.ratis.util.LogUtils.runAndLog(LogUtils.java:50)
	at org.apache.ratis.util.LogUtils$1.run(LogUtils.java:91)
	at java.util.concurrent.Executors$RunnableAdapter.call(Executors.java:511)
	at java.util.concurrent.FutureTask.run(FutureTask.java:266)
	at java.util.concurrent.ScheduledThreadPoolExecutor$ScheduledFutureTask.access$201(ScheduledThreadPoolExecutor.java:180)
	at java.util.concurrent.ScheduledThreadPoolExecutor$ScheduledFutureTask.run(ScheduledThreadPoolExecutor.java:293)
	at java.util.concurrent.ThreadPoolExecutor.runWorker(ThreadPoolExecutor.java:1149)
	at java.util.concurrent.ThreadPoolExecutor$Worker.run(ThreadPoolExecutor.java:624)
	at java.lang.Thread.run(Thread.java:748)
2019-10-02 17:56:45,270 [java.util.concurrent.ThreadPoolExecutor$Worker@29a2a1fe[State = -1, empty queue]] WARN  util.TimeoutScheduler (LogUtils.java:runAndLog(55)) - Failed to task #0: java.lang.NullPointerException
2019-10-02 17:56:49,305 [java.util.concurrent.ThreadPoolExecutor$Worker@7ebc8b55[State = -1, empty queue]] ERROR client.GrpcClientProtocolClient (GrpcClientProtocolClient.java:close(148)) - Unexpected exception while waiting for channel termination
java.lang.InterruptedException
	at java.util.concurrent.locks.AbstractQueuedSynchronizer.tryAcquireSharedNanos(AbstractQueuedSynchronizer.java:1326)
	at java.util.concurrent.CountDownLatch.await(CountDownLatch.java:277)
	at org.apache.ratis.thirdparty.io.grpc.internal.ManagedChannelImpl.awaitTermination(ManagedChannelImpl.java:763)
	at org.apache.ratis.thirdparty.io.grpc.internal.ForwardingManagedChannel.awaitTermination(ForwardingManagedChannel.java:57)
	at org.apache.ratis.thirdparty.io.grpc.internal.ManagedChannelOrphanWrapper.awaitTermination(ManagedChannelOrphanWrapper.java:70)
	at org.apache.ratis.grpc.client.GrpcClientProtocolClient.close(GrpcClientProtocolClient.java:146)
	at org.apache.ratis.util.PeerProxyMap$PeerAndProxy.lambda$close$1(PeerProxyMap.java:74)
	at org.apache.ratis.util.LifeCycle.lambda$checkStateAndClose$2(LifeCycle.java:231)
	at org.apache.ratis.util.LifeCycle.checkStateAndClose(LifeCycle.java:251)
	at org.apache.ratis.util.LifeCycle.checkStateAndClose(LifeCycle.java:229)
	at org.apache.ratis.util.PeerProxyMap$PeerAndProxy.close(PeerProxyMap.java:70)
	at org.apache.ratis.util.PeerProxyMap.resetProxy(PeerProxyMap.java:127)
	at org.apache.ratis.util.PeerProxyMap.handleException(PeerProxyMap.java:136)
	at org.apache.ratis.client.impl.RaftClientRpcWithProxy.handleException(RaftClientRpcWithProxy.java:47)
	at org.apache.ratis.client.impl.RaftClientImpl.handleIOException(RaftClientImpl.java:372)
	at org.apache.ratis.client.impl.OrderedAsync.lambda$sendRequest$10(OrderedAsync.java:236)
	at java.util.concurrent.CompletableFuture.uniExceptionally(CompletableFuture.java:870)
	at java.util.concurrent.CompletableFuture$UniExceptionally.tryFire(CompletableFuture.java:852)
	at java.util.concurrent.CompletableFuture.postComplete(CompletableFuture.java:474)
	at java.util.concurrent.CompletableFuture.completeExceptionally(CompletableFuture.java:1977)
	at org.apache.ratis.grpc.client.GrpcClientProtocolClient$AsyncStreamObservers.lambda$timeoutCheck$3(GrpcClientProtocolClient.java:324)
	at java.util.Optional.ifPresent(Optional.java:159)
	at org.apache.ratis.grpc.client.GrpcClientProtocolClient$AsyncStreamObservers.handleReplyFuture(GrpcClientProtocolClient.java:329)
	at org.apache.ratis.grpc.client.GrpcClientProtocolClient$AsyncStreamObservers.timeoutCheck(GrpcClientProtocolClient.java:324)
	at org.apache.ratis.grpc.client.GrpcClientProtocolClient$AsyncStreamObservers.lambda$onNext$1(GrpcClientProtocolClient.java:318)
	at org.apache.ratis.util.TimeoutScheduler.lambda$onTimeout$0(TimeoutScheduler.java:113)
	at org.apache.ratis.util.TimeoutScheduler.lambda$onTimeout$1(TimeoutScheduler.java:133)
	at org.apache.ratis.util.LogUtils.runAndLog(LogUtils.java:50)
	at org.apache.ratis.util.LogUtils$1.run(LogUtils.java:91)
	at java.util.concurrent.Executors$RunnableAdapter.call(Executors.java:511)
	at java.util.concurrent.FutureTask.run(FutureTask.java:266)
	at java.util.concurrent.ScheduledThreadPoolExecutor$ScheduledFutureTask.access$201(ScheduledThreadPoolExecutor.java:180)
	at java.util.concurrent.ScheduledThreadPoolExecutor$ScheduledFutureTask.run(ScheduledThreadPoolExecutor.java:293)
	at java.util.concurrent.ThreadPoolExecutor.runWorker(ThreadPoolExecutor.java:1149)
	at java.util.concurrent.ThreadPoolExecutor$Worker.run(ThreadPoolExecutor.java:624)
	at java.lang.Thread.run(Thread.java:748)
2019-10-02 17:56:49,309 [java.util.concurrent.ThreadPoolExecutor$Worker@7ebc8b55[State = -1, empty queue]] WARN  util.TimeoutScheduler (LogUtils.java:runAndLog(55)) - Failed to task #0: java.lang.NullPointerException
2019-10-02 17:56:53,354 [java.util.concurrent.ThreadPoolExecutor$Worker@344906de[State = -1, empty queue]] ERROR client.GrpcClientProtocolClient (GrpcClientProtocolClient.java:close(148)) - Unexpected exception while waiting for channel termination
java.lang.InterruptedException
	at java.util.concurrent.locks.AbstractQueuedSynchronizer.tryAcquireSharedNanos(AbstractQueuedSynchronizer.java:1326)
	at java.util.concurrent.CountDownLatch.await(CountDownLatch.java:277)
	at org.apache.ratis.thirdparty.io.grpc.internal.ManagedChannelImpl.awaitTermination(ManagedChannelImpl.java:763)
	at org.apache.ratis.thirdparty.io.grpc.internal.ForwardingManagedChannel.awaitTermination(ForwardingManagedChannel.java:57)
	at org.apache.ratis.thirdparty.io.grpc.internal.ManagedChannelOrphanWrapper.awaitTermination(ManagedChannelOrphanWrapper.java:70)
	at org.apache.ratis.grpc.client.GrpcClientProtocolClient.close(GrpcClientProtocolClient.java:146)
	at org.apache.ratis.util.PeerProxyMap$PeerAndProxy.lambda$close$1(PeerProxyMap.java:74)
	at org.apache.ratis.util.LifeCycle.lambda$checkStateAndClose$2(LifeCycle.java:231)
	at org.apache.ratis.util.LifeCycle.checkStateAndClose(LifeCycle.java:251)
	at org.apache.ratis.util.LifeCycle.checkStateAndClose(LifeCycle.java:229)
	at org.apache.ratis.util.PeerProxyMap$PeerAndProxy.close(PeerProxyMap.java:70)
	at org.apache.ratis.util.PeerProxyMap.resetProxy(PeerProxyMap.java:127)
	at org.apache.ratis.util.PeerProxyMap.handleException(PeerProxyMap.java:136)
	at org.apache.ratis.client.impl.RaftClientRpcWithProxy.handleException(RaftClientRpcWithProxy.java:47)
	at org.apache.ratis.client.impl.RaftClientImpl.handleIOException(RaftClientImpl.java:372)
	at org.apache.ratis.client.impl.OrderedAsync.lambda$sendRequest$10(OrderedAsync.java:236)
	at java.util.concurrent.CompletableFuture.uniExceptionally(CompletableFuture.java:870)
	at java.util.concurrent.CompletableFuture$UniExceptionally.tryFire(CompletableFuture.java:852)
	at java.util.concurrent.CompletableFuture.postComplete(CompletableFuture.java:474)
	at java.util.concurrent.CompletableFuture.completeExceptionally(CompletableFuture.java:1977)
	at org.apache.ratis.grpc.client.GrpcClientProtocolClient$AsyncStreamObservers.lambda$timeoutCheck$3(GrpcClientProtocolClient.java:324)
	at java.util.Optional.ifPresent(Optional.java:159)
	at org.apache.ratis.grpc.client.GrpcClientProtocolClient$AsyncStreamObservers.handleReplyFuture(GrpcClientProtocolClient.java:329)
	at org.apache.ratis.grpc.client.GrpcClientProtocolClient$AsyncStreamObservers.timeoutCheck(GrpcClientProtocolClient.java:324)
	at org.apache.ratis.grpc.client.GrpcClientProtocolClient$AsyncStreamObservers.lambda$onNext$1(GrpcClientProtocolClient.java:318)
	at org.apache.ratis.util.TimeoutScheduler.lambda$onTimeout$0(TimeoutScheduler.java:113)
	at org.apache.ratis.util.TimeoutScheduler.lambda$onTimeout$1(TimeoutScheduler.java:133)
	at org.apache.ratis.util.LogUtils.runAndLog(LogUtils.java:50)
	at org.apache.ratis.util.LogUtils$1.run(LogUtils.java:91)
	at java.util.concurrent.Executors$RunnableAdapter.call(Executors.java:511)
	at java.util.concurrent.FutureTask.run(FutureTask.java:266)
	at java.util.concurrent.ScheduledThreadPoolExecutor$ScheduledFutureTask.access$201(ScheduledThreadPoolExecutor.java:180)
	at java.util.concurrent.ScheduledThreadPoolExecutor$ScheduledFutureTask.run(ScheduledThreadPoolExecutor.java:293)
	at java.util.concurrent.ThreadPoolExecutor.runWorker(ThreadPoolExecutor.java:1149)
	at java.util.concurrent.ThreadPoolExecutor$Worker.run(ThreadPoolExecutor.java:624)
	at java.lang.Thread.run(Thread.java:748)
2019-10-02 17:56:53,358 [java.util.concurrent.ThreadPoolExecutor$Worker@344906de[State = -1, empty queue]] WARN  util.TimeoutScheduler (LogUtils.java:runAndLog(55)) - Failed to task #0: java.lang.NullPointerException
2019-10-02 17:56:57,404 [java.util.concurrent.ThreadPoolExecutor$Worker@45140392[State = -1, empty queue]] ERROR client.GrpcClientProtocolClient (GrpcClientProtocolClient.java:close(148)) - Unexpected exception while waiting for channel termination
java.lang.InterruptedException
	at java.util.concurrent.locks.AbstractQueuedSynchronizer.tryAcquireSharedNanos(AbstractQueuedSynchronizer.java:1326)
	at java.util.concurrent.CountDownLatch.await(CountDownLatch.java:277)
	at org.apache.ratis.thirdparty.io.grpc.internal.ManagedChannelImpl.awaitTermination(ManagedChannelImpl.java:763)
	at org.apache.ratis.thirdparty.io.grpc.internal.ForwardingManagedChannel.awaitTermination(ForwardingManagedChannel.java:57)
	at org.apache.ratis.thirdparty.io.grpc.internal.ManagedChannelOrphanWrapper.awaitTermination(ManagedChannelOrphanWrapper.java:70)
	at org.apache.ratis.grpc.client.GrpcClientProtocolClient.close(GrpcClientProtocolClient.java:146)
	at org.apache.ratis.util.PeerProxyMap$PeerAndProxy.lambda$close$1(PeerProxyMap.java:74)
	at org.apache.ratis.util.LifeCycle.lambda$checkStateAndClose$2(LifeCycle.java:231)
	at org.apache.ratis.util.LifeCycle.checkStateAndClose(LifeCycle.java:251)
	at org.apache.ratis.util.LifeCycle.checkStateAndClose(LifeCycle.java:229)
	at org.apache.ratis.util.PeerProxyMap$PeerAndProxy.close(PeerProxyMap.java:70)
	at org.apache.ratis.util.PeerProxyMap.resetProxy(PeerProxyMap.java:127)
	at org.apache.ratis.util.PeerProxyMap.handleException(PeerProxyMap.java:136)
	at org.apache.ratis.client.impl.RaftClientRpcWithProxy.handleException(RaftClientRpcWithProxy.java:47)
	at org.apache.ratis.client.impl.RaftClientImpl.handleIOException(RaftClientImpl.java:372)
	at org.apache.ratis.client.impl.OrderedAsync.lambda$sendRequest$10(OrderedAsync.java:236)
	at java.util.concurrent.CompletableFuture.uniExceptionally(CompletableFuture.java:870)
	at java.util.concurrent.CompletableFuture$UniExceptionally.tryFire(CompletableFuture.java:852)
	at java.util.concurrent.CompletableFuture.postComplete(CompletableFuture.java:474)
	at java.util.concurrent.CompletableFuture.completeExceptionally(CompletableFuture.java:1977)
	at org.apache.ratis.grpc.client.GrpcClientProtocolClient$AsyncStreamObservers.lambda$timeoutCheck$3(GrpcClientProtocolClient.java:324)
	at java.util.Optional.ifPresent(Optional.java:159)
	at org.apache.ratis.grpc.client.GrpcClientProtocolClient$AsyncStreamObservers.handleReplyFuture(GrpcClientProtocolClient.java:329)
	at org.apache.ratis.grpc.client.GrpcClientProtocolClient$AsyncStreamObservers.timeoutCheck(GrpcClientProtocolClient.java:324)
	at org.apache.ratis.grpc.client.GrpcClientProtocolClient$AsyncStreamObservers.lambda$onNext$1(GrpcClientProtocolClient.java:318)
	at org.apache.ratis.util.TimeoutScheduler.lambda$onTimeout$0(TimeoutScheduler.java:113)
	at org.apache.ratis.util.TimeoutScheduler.lambda$onTimeout$1(TimeoutScheduler.java:133)
	at org.apache.ratis.util.LogUtils.runAndLog(LogUtils.java:50)
	at org.apache.ratis.util.LogUtils$1.run(LogUtils.java:91)
	at java.util.concurrent.Executors$RunnableAdapter.call(Executors.java:511)
	at java.util.concurrent.FutureTask.run(FutureTask.java:266)
	at java.util.concurrent.ScheduledThreadPoolExecutor$ScheduledFutureTask.access$201(ScheduledThreadPoolExecutor.java:180)
	at java.util.concurrent.ScheduledThreadPoolExecutor$ScheduledFutureTask.run(ScheduledThreadPoolExecutor.java:293)
	at java.util.concurrent.ThreadPoolExecutor.runWorker(ThreadPoolExecutor.java:1149)
	at java.util.concurrent.ThreadPoolExecutor$Worker.run(ThreadPoolExecutor.java:624)
	at java.lang.Thread.run(Thread.java:748)
2019-10-02 17:56:57,407 [java.util.concurrent.ThreadPoolExecutor$Worker@45140392[State = -1, empty queue]] WARN  util.TimeoutScheduler (LogUtils.java:runAndLog(55)) - Failed to task #0: java.lang.NullPointerException
2019-10-02 17:57:01,428 [java.util.concurrent.ThreadPoolExecutor$Worker@42aa6fcb[State = -1, empty queue]] ERROR client.GrpcClientProtocolClient (GrpcClientProtocolClient.java:close(148)) - Unexpected exception while waiting for channel termination
java.lang.InterruptedException
	at java.util.concurrent.locks.AbstractQueuedSynchronizer.tryAcquireSharedNanos(AbstractQueuedSynchronizer.java:1326)
	at java.util.concurrent.CountDownLatch.await(CountDownLatch.java:277)
	at org.apache.ratis.thirdparty.io.grpc.internal.ManagedChannelImpl.awaitTermination(ManagedChannelImpl.java:763)
	at org.apache.ratis.thirdparty.io.grpc.internal.ForwardingManagedChannel.awaitTermination(ForwardingManagedChannel.java:57)
	at org.apache.ratis.thirdparty.io.grpc.internal.ManagedChannelOrphanWrapper.awaitTermination(ManagedChannelOrphanWrapper.java:70)
	at org.apache.ratis.grpc.client.GrpcClientProtocolClient.close(GrpcClientProtocolClient.java:146)
	at org.apache.ratis.util.PeerProxyMap$PeerAndProxy.lambda$close$1(PeerProxyMap.java:74)
	at org.apache.ratis.util.LifeCycle.lambda$checkStateAndClose$2(LifeCycle.java:231)
	at org.apache.ratis.util.LifeCycle.checkStateAndClose(LifeCycle.java:251)
	at org.apache.ratis.util.LifeCycle.checkStateAndClose(LifeCycle.java:229)
	at org.apache.ratis.util.PeerProxyMap$PeerAndProxy.close(PeerProxyMap.java:70)
	at org.apache.ratis.util.PeerProxyMap.resetProxy(PeerProxyMap.java:127)
	at org.apache.ratis.util.PeerProxyMap.handleException(PeerProxyMap.java:136)
	at org.apache.ratis.client.impl.RaftClientRpcWithProxy.handleException(RaftClientRpcWithProxy.java:47)
	at org.apache.ratis.client.impl.RaftClientImpl.handleIOException(RaftClientImpl.java:372)
	at org.apache.ratis.client.impl.OrderedAsync.lambda$sendRequest$10(OrderedAsync.java:236)
	at java.util.concurrent.CompletableFuture.uniExceptionally(CompletableFuture.java:870)
	at java.util.concurrent.CompletableFuture$UniExceptionally.tryFire(CompletableFuture.java:852)
	at java.util.concurrent.CompletableFuture.postComplete(CompletableFuture.java:474)
	at java.util.concurrent.CompletableFuture.completeExceptionally(CompletableFuture.java:1977)
	at org.apache.ratis.grpc.client.GrpcClientProtocolClient$AsyncStreamObservers.lambda$timeoutCheck$3(GrpcClientProtocolClient.java:324)
	at java.util.Optional.ifPresent(Optional.java:159)
	at org.apache.ratis.grpc.client.GrpcClientProtocolClient$AsyncStreamObservers.handleReplyFuture(GrpcClientProtocolClient.java:329)
	at org.apache.ratis.grpc.client.GrpcClientProtocolClient$AsyncStreamObservers.timeoutCheck(GrpcClientProtocolClient.java:324)
	at org.apache.ratis.grpc.client.GrpcClientProtocolClient$AsyncStreamObservers.lambda$onNext$1(GrpcClientProtocolClient.java:318)
	at org.apache.ratis.util.TimeoutScheduler.lambda$onTimeout$0(TimeoutScheduler.java:113)
	at org.apache.ratis.util.TimeoutScheduler.lambda$onTimeout$1(TimeoutScheduler.java:133)
	at org.apache.ratis.util.LogUtils.runAndLog(LogUtils.java:50)
	at org.apache.ratis.util.LogUtils$1.run(LogUtils.java:91)
	at java.util.concurrent.Executors$RunnableAdapter.call(Executors.java:511)
	at java.util.concurrent.FutureTask.run(FutureTask.java:266)
	at java.util.concurrent.ScheduledThreadPoolExecutor$ScheduledFutureTask.access$201(ScheduledThreadPoolExecutor.java:180)
	at java.util.concurrent.ScheduledThreadPoolExecutor$ScheduledFutureTask.run(ScheduledThreadPoolExecutor.java:293)
	at java.util.concurrent.ThreadPoolExecutor.runWorker(ThreadPoolExecutor.java:1149)
	at java.util.concurrent.ThreadPoolExecutor$Worker.run(ThreadPoolExecutor.java:624)
	at java.lang.Thread.run(Thread.java:748)
2019-10-02 17:57:01,431 [java.util.concurrent.ThreadPoolExecutor$Worker@42aa6fcb[State = -1, empty queue]] WARN  util.TimeoutScheduler (LogUtils.java:runAndLog(55)) - Failed to task #0: java.lang.NullPointerException
2019-10-02 17:57:05,467 [java.util.concurrent.ThreadPoolExecutor$Worker@4dda744b[State = -1, empty queue]] ERROR client.GrpcClientProtocolClient (GrpcClientProtocolClient.java:close(148)) - Unexpected exception while waiting for channel termination
java.lang.InterruptedException
	at java.util.concurrent.locks.AbstractQueuedSynchronizer.tryAcquireSharedNanos(AbstractQueuedSynchronizer.java:1326)
	at java.util.concurrent.CountDownLatch.await(CountDownLatch.java:277)
	at org.apache.ratis.thirdparty.io.grpc.internal.ManagedChannelImpl.awaitTermination(ManagedChannelImpl.java:763)
	at org.apache.ratis.thirdparty.io.grpc.internal.ForwardingManagedChannel.awaitTermination(ForwardingManagedChannel.java:57)
	at org.apache.ratis.thirdparty.io.grpc.internal.ManagedChannelOrphanWrapper.awaitTermination(ManagedChannelOrphanWrapper.java:70)
	at org.apache.ratis.grpc.client.GrpcClientProtocolClient.close(GrpcClientProtocolClient.java:146)
	at org.apache.ratis.util.PeerProxyMap$PeerAndProxy.lambda$close$1(PeerProxyMap.java:74)
	at org.apache.ratis.util.LifeCycle.lambda$checkStateAndClose$2(LifeCycle.java:231)
	at org.apache.ratis.util.LifeCycle.checkStateAndClose(LifeCycle.java:251)
	at org.apache.ratis.util.LifeCycle.checkStateAndClose(LifeCycle.java:229)
	at org.apache.ratis.util.PeerProxyMap$PeerAndProxy.close(PeerProxyMap.java:70)
	at org.apache.ratis.util.PeerProxyMap.resetProxy(PeerProxyMap.java:127)
	at org.apache.ratis.util.PeerProxyMap.handleException(PeerProxyMap.java:136)
	at org.apache.ratis.client.impl.RaftClientRpcWithProxy.handleException(RaftClientRpcWithProxy.java:47)
	at org.apache.ratis.client.impl.RaftClientImpl.handleIOException(RaftClientImpl.java:372)
	at org.apache.ratis.client.impl.OrderedAsync.lambda$sendRequest$10(OrderedAsync.java:236)
	at java.util.concurrent.CompletableFuture.uniExceptionally(CompletableFuture.java:870)
	at java.util.concurrent.CompletableFuture$UniExceptionally.tryFire(CompletableFuture.java:852)
	at java.util.concurrent.CompletableFuture.postComplete(CompletableFuture.java:474)
	at java.util.concurrent.CompletableFuture.completeExceptionally(CompletableFuture.java:1977)
	at org.apache.ratis.grpc.client.GrpcClientProtocolClient$AsyncStreamObservers.lambda$timeoutCheck$3(GrpcClientProtocolClient.java:324)
	at java.util.Optional.ifPresent(Optional.java:159)
	at org.apache.ratis.grpc.client.GrpcClientProtocolClient$AsyncStreamObservers.handleReplyFuture(GrpcClientProtocolClient.java:329)
	at org.apache.ratis.grpc.client.GrpcClientProtocolClient$AsyncStreamObservers.timeoutCheck(GrpcClientProtocolClient.java:324)
	at org.apache.ratis.grpc.client.GrpcClientProtocolClient$AsyncStreamObservers.lambda$onNext$1(GrpcClientProtocolClient.java:318)
	at org.apache.ratis.util.TimeoutScheduler.lambda$onTimeout$0(TimeoutScheduler.java:113)
	at org.apache.ratis.util.TimeoutScheduler.lambda$onTimeout$1(TimeoutScheduler.java:133)
	at org.apache.ratis.util.LogUtils.runAndLog(LogUtils.java:50)
	at org.apache.ratis.util.LogUtils$1.run(LogUtils.java:91)
	at java.util.concurrent.Executors$RunnableAdapter.call(Executors.java:511)
	at java.util.concurrent.FutureTask.run(FutureTask.java:266)
	at java.util.concurrent.ScheduledThreadPoolExecutor$ScheduledFutureTask.access$201(ScheduledThreadPoolExecutor.java:180)
	at java.util.concurrent.ScheduledThreadPoolExecutor$ScheduledFutureTask.run(ScheduledThreadPoolExecutor.java:293)
	at java.util.concurrent.ThreadPoolExecutor.runWorker(ThreadPoolExecutor.java:1149)
	at java.util.concurrent.ThreadPoolExecutor$Worker.run(ThreadPoolExecutor.java:624)
	at java.lang.Thread.run(Thread.java:748)
2019-10-02 17:57:05,468 [java.util.concurrent.ThreadPoolExecutor$Worker@4dda744b[State = -1, empty queue]] WARN  util.TimeoutScheduler (LogUtils.java:runAndLog(55)) - Failed to task #0: java.lang.NullPointerException
2019-10-02 17:57:09,498 [java.util.concurrent.ThreadPoolExecutor$Worker@2f128e2[State = -1, empty queue]] ERROR client.GrpcClientProtocolClient (GrpcClientProtocolClient.java:close(148)) - Unexpected exception while waiting for channel termination
java.lang.InterruptedException
	at java.util.concurrent.locks.AbstractQueuedSynchronizer.tryAcquireSharedNanos(AbstractQueuedSynchronizer.java:1326)
	at java.util.concurrent.CountDownLatch.await(CountDownLatch.java:277)
	at org.apache.ratis.thirdparty.io.grpc.internal.ManagedChannelImpl.awaitTermination(ManagedChannelImpl.java:763)
	at org.apache.ratis.thirdparty.io.grpc.internal.ForwardingManagedChannel.awaitTermination(ForwardingManagedChannel.java:57)
	at org.apache.ratis.thirdparty.io.grpc.internal.ManagedChannelOrphanWrapper.awaitTermination(ManagedChannelOrphanWrapper.java:70)
	at org.apache.ratis.grpc.client.GrpcClientProtocolClient.close(GrpcClientProtocolClient.java:146)
	at org.apache.ratis.util.PeerProxyMap$PeerAndProxy.lambda$close$1(PeerProxyMap.java:74)
	at org.apache.ratis.util.LifeCycle.lambda$checkStateAndClose$2(LifeCycle.java:231)
	at org.apache.ratis.util.LifeCycle.checkStateAndClose(LifeCycle.java:251)
	at org.apache.ratis.util.LifeCycle.checkStateAndClose(LifeCycle.java:229)
	at org.apache.ratis.util.PeerProxyMap$PeerAndProxy.close(PeerProxyMap.java:70)
	at org.apache.ratis.util.PeerProxyMap.resetProxy(PeerProxyMap.java:127)
	at org.apache.ratis.util.PeerProxyMap.handleException(PeerProxyMap.java:136)
	at org.apache.ratis.client.impl.RaftClientRpcWithProxy.handleException(RaftClientRpcWithProxy.java:47)
	at org.apache.ratis.client.impl.RaftClientImpl.handleIOException(RaftClientImpl.java:372)
	at org.apache.ratis.client.impl.OrderedAsync.lambda$sendRequest$10(OrderedAsync.java:236)
	at java.util.concurrent.CompletableFuture.uniExceptionally(CompletableFuture.java:870)
	at java.util.concurrent.CompletableFuture$UniExceptionally.tryFire(CompletableFuture.java:852)
	at java.util.concurrent.CompletableFuture.postComplete(CompletableFuture.java:474)
	at java.util.concurrent.CompletableFuture.completeExceptionally(CompletableFuture.java:1977)
	at org.apache.ratis.grpc.client.GrpcClientProtocolClient$AsyncStreamObservers.lambda$timeoutCheck$3(GrpcClientProtocolClient.java:324)
	at java.util.Optional.ifPresent(Optional.java:159)
	at org.apache.ratis.grpc.client.GrpcClientProtocolClient$AsyncStreamObservers.handleReplyFuture(GrpcClientProtocolClient.java:329)
	at org.apache.ratis.grpc.client.GrpcClientProtocolClient$AsyncStreamObservers.timeoutCheck(GrpcClientProtocolClient.java:324)
	at org.apache.ratis.grpc.client.GrpcClientProtocolClient$AsyncStreamObservers.lambda$onNext$1(GrpcClientProtocolClient.java:318)
	at org.apache.ratis.util.TimeoutScheduler.lambda$onTimeout$0(TimeoutScheduler.java:113)
	at org.apache.ratis.util.TimeoutScheduler.lambda$onTimeout$1(TimeoutScheduler.java:133)
	at org.apache.ratis.util.LogUtils.runAndLog(LogUtils.java:50)
	at org.apache.ratis.util.LogUtils$1.run(LogUtils.java:91)
	at java.util.concurrent.Executors$RunnableAdapter.call(Executors.java:511)
	at java.util.concurrent.FutureTask.run(FutureTask.java:266)
	at java.util.concurrent.ScheduledThreadPoolExecutor$ScheduledFutureTask.access$201(ScheduledThreadPoolExecutor.java:180)
	at java.util.concurrent.ScheduledThreadPoolExecutor$ScheduledFutureTask.run(ScheduledThreadPoolExecutor.java:293)
	at java.util.concurrent.ThreadPoolExecutor.runWorker(ThreadPoolExecutor.java:1149)
	at java.util.concurrent.ThreadPoolExecutor$Worker.run(ThreadPoolExecutor.java:624)
	at java.lang.Thread.run(Thread.java:748)
2019-10-02 17:57:09,499 [java.util.concurrent.ThreadPoolExecutor$Worker@2f128e2[State = -1, empty queue]] WARN  util.TimeoutScheduler (LogUtils.java:runAndLog(55)) - Failed to task #0: java.lang.NullPointerException
2019-10-02 17:57:13,529 [java.util.concurrent.ThreadPoolExecutor$Worker@34c444c3[State = -1, empty queue]] ERROR client.GrpcClientProtocolClient (GrpcClientProtocolClient.java:close(148)) - Unexpected exception while waiting for channel termination
java.lang.InterruptedException
	at java.util.concurrent.locks.AbstractQueuedSynchronizer.tryAcquireSharedNanos(AbstractQueuedSynchronizer.java:1326)
	at java.util.concurrent.CountDownLatch.await(CountDownLatch.java:277)
	at org.apache.ratis.thirdparty.io.grpc.internal.ManagedChannelImpl.awaitTermination(ManagedChannelImpl.java:763)
	at org.apache.ratis.thirdparty.io.grpc.internal.ForwardingManagedChannel.awaitTermination(ForwardingManagedChannel.java:57)
	at org.apache.ratis.thirdparty.io.grpc.internal.ManagedChannelOrphanWrapper.awaitTermination(ManagedChannelOrphanWrapper.java:70)
	at org.apache.ratis.grpc.client.GrpcClientProtocolClient.close(GrpcClientProtocolClient.java:146)
	at org.apache.ratis.util.PeerProxyMap$PeerAndProxy.lambda$close$1(PeerProxyMap.java:74)
	at org.apache.ratis.util.LifeCycle.lambda$checkStateAndClose$2(LifeCycle.java:231)
	at org.apache.ratis.util.LifeCycle.checkStateAndClose(LifeCycle.java:251)
	at org.apache.ratis.util.LifeCycle.checkStateAndClose(LifeCycle.java:229)
	at org.apache.ratis.util.PeerProxyMap$PeerAndProxy.close(PeerProxyMap.java:70)
	at org.apache.ratis.util.PeerProxyMap.resetProxy(PeerProxyMap.java:127)
	at org.apache.ratis.util.PeerProxyMap.handleException(PeerProxyMap.java:136)
	at org.apache.ratis.client.impl.RaftClientRpcWithProxy.handleException(RaftClientRpcWithProxy.java:47)
	at org.apache.ratis.client.impl.RaftClientImpl.handleIOException(RaftClientImpl.java:372)
	at org.apache.ratis.client.impl.OrderedAsync.lambda$sendRequest$10(OrderedAsync.java:236)
	at java.util.concurrent.CompletableFuture.uniExceptionally(CompletableFuture.java:870)
	at java.util.concurrent.CompletableFuture$UniExceptionally.tryFire(CompletableFuture.java:852)
	at java.util.concurrent.CompletableFuture.postComplete(CompletableFuture.java:474)
	at java.util.concurrent.CompletableFuture.completeExceptionally(CompletableFuture.java:1977)
	at org.apache.ratis.grpc.client.GrpcClientProtocolClient$AsyncStreamObservers.lambda$timeoutCheck$3(GrpcClientProtocolClient.java:324)
	at java.util.Optional.ifPresent(Optional.java:159)
	at org.apache.ratis.grpc.client.GrpcClientProtocolClient$AsyncStreamObservers.handleReplyFuture(GrpcClientProtocolClient.java:329)
	at org.apache.ratis.grpc.client.GrpcClientProtocolClient$AsyncStreamObservers.timeoutCheck(GrpcClientProtocolClient.java:324)
	at org.apache.ratis.grpc.client.GrpcClientProtocolClient$AsyncStreamObservers.lambda$onNext$1(GrpcClientProtocolClient.java:318)
	at org.apache.ratis.util.TimeoutScheduler.lambda$onTimeout$0(TimeoutScheduler.java:113)
	at org.apache.ratis.util.TimeoutScheduler.lambda$onTimeout$1(TimeoutScheduler.java:133)
	at org.apache.ratis.util.LogUtils.runAndLog(LogUtils.java:50)
	at org.apache.ratis.util.LogUtils$1.run(LogUtils.java:91)
	at java.util.concurrent.Executors$RunnableAdapter.call(Executors.java:511)
	at java.util.concurrent.FutureTask.run(FutureTask.java:266)
	at java.util.concurrent.ScheduledThreadPoolExecutor$ScheduledFutureTask.access$201(ScheduledThreadPoolExecutor.java:180)
	at java.util.concurrent.ScheduledThreadPoolExecutor$ScheduledFutureTask.run(ScheduledThreadPoolExecutor.java:293)
	at java.util.concurrent.ThreadPoolExecutor.runWorker(ThreadPoolExecutor.java:1149)
	at java.util.concurrent.ThreadPoolExecutor$Worker.run(ThreadPoolExecutor.java:624)
	at java.lang.Thread.run(Thread.java:748)
2019-10-02 17:57:13,532 [java.util.concurrent.ThreadPoolExecutor$Worker@34c444c3[State = -1, empty queue]] WARN  util.TimeoutScheduler (LogUtils.java:runAndLog(55)) - Failed to task #0: java.lang.NullPointerException
2019-10-02 17:57:17,564 [java.util.concurrent.ThreadPoolExecutor$Worker@7c3db6e9[State = -1, empty queue]] ERROR client.GrpcClientProtocolClient (GrpcClientProtocolClient.java:close(148)) - Unexpected exception while waiting for channel termination
java.lang.InterruptedException
	at java.util.concurrent.locks.AbstractQueuedSynchronizer.tryAcquireSharedNanos(AbstractQueuedSynchronizer.java:1326)
	at java.util.concurrent.CountDownLatch.await(CountDownLatch.java:277)
	at org.apache.ratis.thirdparty.io.grpc.internal.ManagedChannelImpl.awaitTermination(ManagedChannelImpl.java:763)
	at org.apache.ratis.thirdparty.io.grpc.internal.ForwardingManagedChannel.awaitTermination(ForwardingManagedChannel.java:57)
	at org.apache.ratis.thirdparty.io.grpc.internal.ManagedChannelOrphanWrapper.awaitTermination(ManagedChannelOrphanWrapper.java:70)
	at org.apache.ratis.grpc.client.GrpcClientProtocolClient.close(GrpcClientProtocolClient.java:146)
	at org.apache.ratis.util.PeerProxyMap$PeerAndProxy.lambda$close$1(PeerProxyMap.java:74)
	at org.apache.ratis.util.LifeCycle.lambda$checkStateAndClose$2(LifeCycle.java:231)
	at org.apache.ratis.util.LifeCycle.checkStateAndClose(LifeCycle.java:251)
	at org.apache.ratis.util.LifeCycle.checkStateAndClose(LifeCycle.java:229)
	at org.apache.ratis.util.PeerProxyMap$PeerAndProxy.close(PeerProxyMap.java:70)
	at org.apache.ratis.util.PeerProxyMap.resetProxy(PeerProxyMap.java:127)
	at org.apache.ratis.util.PeerProxyMap.handleException(PeerProxyMap.java:136)
	at org.apache.ratis.client.impl.RaftClientRpcWithProxy.handleException(RaftClientRpcWithProxy.java:47)
	at org.apache.ratis.client.impl.RaftClientImpl.handleIOException(RaftClientImpl.java:372)
	at org.apache.ratis.client.impl.OrderedAsync.lambda$sendRequest$10(OrderedAsync.java:236)
	at java.util.concurrent.CompletableFuture.uniExceptionally(CompletableFuture.java:870)
	at java.util.concurrent.CompletableFuture$UniExceptionally.tryFire(CompletableFuture.java:852)
	at java.util.concurrent.CompletableFuture.postComplete(CompletableFuture.java:474)
	at java.util.concurrent.CompletableFuture.completeExceptionally(CompletableFuture.java:1977)
	at org.apache.ratis.grpc.client.GrpcClientProtocolClient$AsyncStreamObservers.lambda$timeoutCheck$3(GrpcClientProtocolClient.java:324)
	at java.util.Optional.ifPresent(Optional.java:159)
	at org.apache.ratis.grpc.client.GrpcClientProtocolClient$AsyncStreamObservers.handleReplyFuture(GrpcClientProtocolClient.java:329)
	at org.apache.ratis.grpc.client.GrpcClientProtocolClient$AsyncStreamObservers.timeoutCheck(GrpcClientProtocolClient.java:324)
	at org.apache.ratis.grpc.client.GrpcClientProtocolClient$AsyncStreamObservers.lambda$onNext$1(GrpcClientProtocolClient.java:318)
	at org.apache.ratis.util.TimeoutScheduler.lambda$onTimeout$0(TimeoutScheduler.java:113)
	at org.apache.ratis.util.TimeoutScheduler.lambda$onTimeout$1(TimeoutScheduler.java:133)
	at org.apache.ratis.util.LogUtils.runAndLog(LogUtils.java:50)
	at org.apache.ratis.util.LogUtils$1.run(LogUtils.java:91)
	at java.util.concurrent.Executors$RunnableAdapter.call(Executors.java:511)
	at java.util.concurrent.FutureTask.run(FutureTask.java:266)
	at java.util.concurrent.ScheduledThreadPoolExecutor$ScheduledFutureTask.access$201(ScheduledThreadPoolExecutor.java:180)
	at java.util.concurrent.ScheduledThreadPoolExecutor$ScheduledFutureTask.run(ScheduledThreadPoolExecutor.java:293)
	at java.util.concurrent.ThreadPoolExecutor.runWorker(ThreadPoolExecutor.java:1149)
	at java.util.concurrent.ThreadPoolExecutor$Worker.run(ThreadPoolExecutor.java:624)
	at java.lang.Thread.run(Thread.java:748)
2019-10-02 17:57:17,566 [java.util.concurrent.ThreadPoolExecutor$Worker@7c3db6e9[State = -1, empty queue]] WARN  util.TimeoutScheduler (LogUtils.java:runAndLog(55)) - Failed to task #0: java.lang.NullPointerException
2019-10-02 17:57:21,590 [java.util.concurrent.ThreadPoolExecutor$Worker@46c992e9[State = -1, empty queue]] ERROR client.GrpcClientProtocolClient (GrpcClientProtocolClient.java:close(148)) - Unexpected exception while waiting for channel termination
java.lang.InterruptedException
	at java.util.concurrent.locks.AbstractQueuedSynchronizer.tryAcquireSharedNanos(AbstractQueuedSynchronizer.java:1326)
	at java.util.concurrent.CountDownLatch.await(CountDownLatch.java:277)
	at org.apache.ratis.thirdparty.io.grpc.internal.ManagedChannelImpl.awaitTermination(ManagedChannelImpl.java:763)
	at org.apache.ratis.thirdparty.io.grpc.internal.ForwardingManagedChannel.awaitTermination(ForwardingManagedChannel.java:57)
	at org.apache.ratis.thirdparty.io.grpc.internal.ManagedChannelOrphanWrapper.awaitTermination(ManagedChannelOrphanWrapper.java:70)
	at org.apache.ratis.grpc.client.GrpcClientProtocolClient.close(GrpcClientProtocolClient.java:146)
	at org.apache.ratis.util.PeerProxyMap$PeerAndProxy.lambda$close$1(PeerProxyMap.java:74)
	at org.apache.ratis.util.LifeCycle.lambda$checkStateAndClose$2(LifeCycle.java:231)
	at org.apache.ratis.util.LifeCycle.checkStateAndClose(LifeCycle.java:251)
	at org.apache.ratis.util.LifeCycle.checkStateAndClose(LifeCycle.java:229)
	at org.apache.ratis.util.PeerProxyMap$PeerAndProxy.close(PeerProxyMap.java:70)
	at org.apache.ratis.util.PeerProxyMap.resetProxy(PeerProxyMap.java:127)
	at org.apache.ratis.util.PeerProxyMap.handleException(PeerProxyMap.java:136)
	at org.apache.ratis.client.impl.RaftClientRpcWithProxy.handleException(RaftClientRpcWithProxy.java:47)
	at org.apache.ratis.client.impl.RaftClientImpl.handleIOException(RaftClientImpl.java:372)
	at org.apache.ratis.client.impl.OrderedAsync.lambda$sendRequest$10(OrderedAsync.java:236)
	at java.util.concurrent.CompletableFuture.uniExceptionally(CompletableFuture.java:870)
	at java.util.concurrent.CompletableFuture$UniExceptionally.tryFire(CompletableFuture.java:852)
	at java.util.concurrent.CompletableFuture.postComplete(CompletableFuture.java:474)
	at java.util.concurrent.CompletableFuture.completeExceptionally(CompletableFuture.java:1977)
	at org.apache.ratis.grpc.client.GrpcClientProtocolClient$AsyncStreamObservers.lambda$timeoutCheck$3(GrpcClientProtocolClient.java:324)
	at java.util.Optional.ifPresent(Optional.java:159)
	at org.apache.ratis.grpc.client.GrpcClientProtocolClient$AsyncStreamObservers.handleReplyFuture(GrpcClientProtocolClient.java:329)
	at org.apache.ratis.grpc.client.GrpcClientProtocolClient$AsyncStreamObservers.timeoutCheck(GrpcClientProtocolClient.java:324)
	at org.apache.ratis.grpc.client.GrpcClientProtocolClient$AsyncStreamObservers.lambda$onNext$1(GrpcClientProtocolClient.java:318)
	at org.apache.ratis.util.TimeoutScheduler.lambda$onTimeout$0(TimeoutScheduler.java:113)
	at org.apache.ratis.util.TimeoutScheduler.lambda$onTimeout$1(TimeoutScheduler.java:133)
	at org.apache.ratis.util.LogUtils.runAndLog(LogUtils.java:50)
	at org.apache.ratis.util.LogUtils$1.run(LogUtils.java:91)
	at java.util.concurrent.Executors$RunnableAdapter.call(Executors.java:511)
	at java.util.concurrent.FutureTask.run(FutureTask.java:266)
	at java.util.concurrent.ScheduledThreadPoolExecutor$ScheduledFutureTask.access$201(ScheduledThreadPoolExecutor.java:180)
	at java.util.concurrent.ScheduledThreadPoolExecutor$ScheduledFutureTask.run(ScheduledThreadPoolExecutor.java:293)
	at java.util.concurrent.ThreadPoolExecutor.runWorker(ThreadPoolExecutor.java:1149)
	at java.util.concurrent.ThreadPoolExecutor$Worker.run(ThreadPoolExecutor.java:624)
	at java.lang.Thread.run(Thread.java:748)
2019-10-02 17:57:21,591 [java.util.concurrent.ThreadPoolExecutor$Worker@46c992e9[State = -1, empty queue]] WARN  util.TimeoutScheduler (LogUtils.java:runAndLog(55)) - Failed to task #0: java.lang.NullPointerException
2019-10-02 17:57:25,631 [java.util.concurrent.ThreadPoolExecutor$Worker@197d0382[State = -1, empty queue]] ERROR client.GrpcClientProtocolClient (GrpcClientProtocolClient.java:close(148)) - Unexpected exception while waiting for channel termination
java.lang.InterruptedException
	at java.util.concurrent.locks.AbstractQueuedSynchronizer.tryAcquireSharedNanos(AbstractQueuedSynchronizer.java:1326)
	at java.util.concurrent.CountDownLatch.await(CountDownLatch.java:277)
	at org.apache.ratis.thirdparty.io.grpc.internal.ManagedChannelImpl.awaitTermination(ManagedChannelImpl.java:763)
	at org.apache.ratis.thirdparty.io.grpc.internal.ForwardingManagedChannel.awaitTermination(ForwardingManagedChannel.java:57)
	at org.apache.ratis.thirdparty.io.grpc.internal.ManagedChannelOrphanWrapper.awaitTermination(ManagedChannelOrphanWrapper.java:70)
	at org.apache.ratis.grpc.client.GrpcClientProtocolClient.close(GrpcClientProtocolClient.java:146)
	at org.apache.ratis.util.PeerProxyMap$PeerAndProxy.lambda$close$1(PeerProxyMap.java:74)
	at org.apache.ratis.util.LifeCycle.lambda$checkStateAndClose$2(LifeCycle.java:231)
	at org.apache.ratis.util.LifeCycle.checkStateAndClose(LifeCycle.java:251)
	at org.apache.ratis.util.LifeCycle.checkStateAndClose(LifeCycle.java:229)
	at org.apache.ratis.util.PeerProxyMap$PeerAndProxy.close(PeerProxyMap.java:70)
	at org.apache.ratis.util.PeerProxyMap.resetProxy(PeerProxyMap.java:127)
	at org.apache.ratis.util.PeerProxyMap.handleException(PeerProxyMap.java:136)
	at org.apache.ratis.client.impl.RaftClientRpcWithProxy.handleException(RaftClientRpcWithProxy.java:47)
	at org.apache.ratis.client.impl.RaftClientImpl.handleIOException(RaftClientImpl.java:372)
	at org.apache.ratis.client.impl.OrderedAsync.lambda$sendRequest$10(OrderedAsync.java:236)
	at java.util.concurrent.CompletableFuture.uniExceptionally(CompletableFuture.java:870)
	at java.util.concurrent.CompletableFuture$UniExceptionally.tryFire(CompletableFuture.java:852)
	at java.util.concurrent.CompletableFuture.postComplete(CompletableFuture.java:474)
	at java.util.concurrent.CompletableFuture.completeExceptionally(CompletableFuture.java:1977)
	at org.apache.ratis.grpc.client.GrpcClientProtocolClient$AsyncStreamObservers.lambda$timeoutCheck$3(GrpcClientProtocolClient.java:324)
	at java.util.Optional.ifPresent(Optional.java:159)
	at org.apache.ratis.grpc.client.GrpcClientProtocolClient$AsyncStreamObservers.handleReplyFuture(GrpcClientProtocolClient.java:329)
	at org.apache.ratis.grpc.client.GrpcClientProtocolClient$AsyncStreamObservers.timeoutCheck(GrpcClientProtocolClient.java:324)
	at org.apache.ratis.grpc.client.GrpcClientProtocolClient$AsyncStreamObservers.lambda$onNext$1(GrpcClientProtocolClient.java:318)
	at org.apache.ratis.util.TimeoutScheduler.lambda$onTimeout$0(TimeoutScheduler.java:113)
	at org.apache.ratis.util.TimeoutScheduler.lambda$onTimeout$1(TimeoutScheduler.java:133)
	at org.apache.ratis.util.LogUtils.runAndLog(LogUtils.java:50)
	at org.apache.ratis.util.LogUtils$1.run(LogUtils.java:91)
	at java.util.concurrent.Executors$RunnableAdapter.call(Executors.java:511)
	at java.util.concurrent.FutureTask.run(FutureTask.java:266)
	at java.util.concurrent.ScheduledThreadPoolExecutor$ScheduledFutureTask.access$201(ScheduledThreadPoolExecutor.java:180)
	at java.util.concurrent.ScheduledThreadPoolExecutor$ScheduledFutureTask.run(ScheduledThreadPoolExecutor.java:293)
	at java.util.concurrent.ThreadPoolExecutor.runWorker(ThreadPoolExecutor.java:1149)
	at java.util.concurrent.ThreadPoolExecutor$Worker.run(ThreadPoolExecutor.java:624)
	at java.lang.Thread.run(Thread.java:748)
2019-10-02 17:57:25,633 [java.util.concurrent.ThreadPoolExecutor$Worker@197d0382[State = -1, empty queue]] WARN  util.TimeoutScheduler (LogUtils.java:runAndLog(55)) - Failed to task #0: java.lang.NullPointerException
2019-10-02 17:57:29,670 [java.util.concurrent.ThreadPoolExecutor$Worker@17af836[State = -1, empty queue]] ERROR client.GrpcClientProtocolClient (GrpcClientProtocolClient.java:close(148)) - Unexpected exception while waiting for channel termination
java.lang.InterruptedException
	at java.util.concurrent.locks.AbstractQueuedSynchronizer.tryAcquireSharedNanos(AbstractQueuedSynchronizer.java:1326)
	at java.util.concurrent.CountDownLatch.await(CountDownLatch.java:277)
	at org.apache.ratis.thirdparty.io.grpc.internal.ManagedChannelImpl.awaitTermination(ManagedChannelImpl.java:763)
	at org.apache.ratis.thirdparty.io.grpc.internal.ForwardingManagedChannel.awaitTermination(ForwardingManagedChannel.java:57)
	at org.apache.ratis.thirdparty.io.grpc.internal.ManagedChannelOrphanWrapper.awaitTermination(ManagedChannelOrphanWrapper.java:70)
	at org.apache.ratis.grpc.client.GrpcClientProtocolClient.close(GrpcClientProtocolClient.java:146)
	at org.apache.ratis.util.PeerProxyMap$PeerAndProxy.lambda$close$1(PeerProxyMap.java:74)
	at org.apache.ratis.util.LifeCycle.lambda$checkStateAndClose$2(LifeCycle.java:231)
	at org.apache.ratis.util.LifeCycle.checkStateAndClose(LifeCycle.java:251)
	at org.apache.ratis.util.LifeCycle.checkStateAndClose(LifeCycle.java:229)
	at org.apache.ratis.util.PeerProxyMap$PeerAndProxy.close(PeerProxyMap.java:70)
	at org.apache.ratis.util.PeerProxyMap.resetProxy(PeerProxyMap.java:127)
	at org.apache.ratis.util.PeerProxyMap.handleException(PeerProxyMap.java:136)
	at org.apache.ratis.client.impl.RaftClientRpcWithProxy.handleException(RaftClientRpcWithProxy.java:47)
	at org.apache.ratis.client.impl.RaftClientImpl.handleIOException(RaftClientImpl.java:372)
	at org.apache.ratis.client.impl.OrderedAsync.lambda$sendRequest$10(OrderedAsync.java:236)
	at java.util.concurrent.CompletableFuture.uniExceptionally(CompletableFuture.java:870)
	at java.util.concurrent.CompletableFuture$UniExceptionally.tryFire(CompletableFuture.java:852)
	at java.util.concurrent.CompletableFuture.postComplete(CompletableFuture.java:474)
	at java.util.concurrent.CompletableFuture.completeExceptionally(CompletableFuture.java:1977)
	at org.apache.ratis.grpc.client.GrpcClientProtocolClient$AsyncStreamObservers.lambda$timeoutCheck$3(GrpcClientProtocolClient.java:324)
	at java.util.Optional.ifPresent(Optional.java:159)
	at org.apache.ratis.grpc.client.GrpcClientProtocolClient$AsyncStreamObservers.handleReplyFuture(GrpcClientProtocolClient.java:329)
	at org.apache.ratis.grpc.client.GrpcClientProtocolClient$AsyncStreamObservers.timeoutCheck(GrpcClientProtocolClient.java:324)
	at org.apache.ratis.grpc.client.GrpcClientProtocolClient$AsyncStreamObservers.lambda$onNext$1(GrpcClientProtocolClient.java:318)
	at org.apache.ratis.util.TimeoutScheduler.lambda$onTimeout$0(TimeoutScheduler.java:113)
	at org.apache.ratis.util.TimeoutScheduler.lambda$onTimeout$1(TimeoutScheduler.java:133)
	at org.apache.ratis.util.LogUtils.runAndLog(LogUtils.java:50)
	at org.apache.ratis.util.LogUtils$1.run(LogUtils.java:91)
	at java.util.concurrent.Executors$RunnableAdapter.call(Executors.java:511)
	at java.util.concurrent.FutureTask.run(FutureTask.java:266)
	at java.util.concurrent.ScheduledThreadPoolExecutor$ScheduledFutureTask.access$201(ScheduledThreadPoolExecutor.java:180)
	at java.util.concurrent.ScheduledThreadPoolExecutor$ScheduledFutureTask.run(ScheduledThreadPoolExecutor.java:293)
	at java.util.concurrent.ThreadPoolExecutor.runWorker(ThreadPoolExecutor.java:1149)
	at java.util.concurrent.ThreadPoolExecutor$Worker.run(ThreadPoolExecutor.java:624)
	at java.lang.Thread.run(Thread.java:748)
2019-10-02 17:57:29,673 [java.util.concurrent.ThreadPoolExecutor$Worker@17af836[State = -1, empty queue]] WARN  util.TimeoutScheduler (LogUtils.java:runAndLog(55)) - Failed to task #0: java.lang.NullPointerException
2019-10-02 17:57:33,710 [java.util.concurrent.ThreadPoolExecutor$Worker@197b04e4[State = -1, empty queue]] ERROR client.GrpcClientProtocolClient (GrpcClientProtocolClient.java:close(148)) - Unexpected exception while waiting for channel termination
java.lang.InterruptedException
	at java.util.concurrent.locks.AbstractQueuedSynchronizer.tryAcquireSharedNanos(AbstractQueuedSynchronizer.java:1326)
	at java.util.concurrent.CountDownLatch.await(CountDownLatch.java:277)
	at org.apache.ratis.thirdparty.io.grpc.internal.ManagedChannelImpl.awaitTermination(ManagedChannelImpl.java:763)
	at org.apache.ratis.thirdparty.io.grpc.internal.ForwardingManagedChannel.awaitTermination(ForwardingManagedChannel.java:57)
	at org.apache.ratis.thirdparty.io.grpc.internal.ManagedChannelOrphanWrapper.awaitTermination(ManagedChannelOrphanWrapper.java:70)
	at org.apache.ratis.grpc.client.GrpcClientProtocolClient.close(GrpcClientProtocolClient.java:146)
	at org.apache.ratis.util.PeerProxyMap$PeerAndProxy.lambda$close$1(PeerProxyMap.java:74)
	at org.apache.ratis.util.LifeCycle.lambda$checkStateAndClose$2(LifeCycle.java:231)
	at org.apache.ratis.util.LifeCycle.checkStateAndClose(LifeCycle.java:251)
	at org.apache.ratis.util.LifeCycle.checkStateAndClose(LifeCycle.java:229)
	at org.apache.ratis.util.PeerProxyMap$PeerAndProxy.close(PeerProxyMap.java:70)
	at org.apache.ratis.util.PeerProxyMap.resetProxy(PeerProxyMap.java:127)
	at org.apache.ratis.util.PeerProxyMap.handleException(PeerProxyMap.java:136)
	at org.apache.ratis.client.impl.RaftClientRpcWithProxy.handleException(RaftClientRpcWithProxy.java:47)
	at org.apache.ratis.client.impl.RaftClientImpl.handleIOException(RaftClientImpl.java:372)
	at org.apache.ratis.client.impl.OrderedAsync.lambda$sendRequest$10(OrderedAsync.java:236)
	at java.util.concurrent.CompletableFuture.uniExceptionally(CompletableFuture.java:870)
	at java.util.concurrent.CompletableFuture$UniExceptionally.tryFire(CompletableFuture.java:852)
	at java.util.concurrent.CompletableFuture.postComplete(CompletableFuture.java:474)
	at java.util.concurrent.CompletableFuture.completeExceptionally(CompletableFuture.java:1977)
	at org.apache.ratis.grpc.client.GrpcClientProtocolClient$AsyncStreamObservers.lambda$timeoutCheck$3(GrpcClientProtocolClient.java:324)
	at java.util.Optional.ifPresent(Optional.java:159)
	at org.apache.ratis.grpc.client.GrpcClientProtocolClient$AsyncStreamObservers.handleReplyFuture(GrpcClientProtocolClient.java:329)
	at org.apache.ratis.grpc.client.GrpcClientProtocolClient$AsyncStreamObservers.timeoutCheck(GrpcClientProtocolClient.java:324)
	at org.apache.ratis.grpc.client.GrpcClientProtocolClient$AsyncStreamObservers.lambda$onNext$1(GrpcClientProtocolClient.java:318)
	at org.apache.ratis.util.TimeoutScheduler.lambda$onTimeout$0(TimeoutScheduler.java:113)
	at org.apache.ratis.util.TimeoutScheduler.lambda$onTimeout$1(TimeoutScheduler.java:133)
	at org.apache.ratis.util.LogUtils.runAndLog(LogUtils.java:50)
	at org.apache.ratis.util.LogUtils$1.run(LogUtils.java:91)
	at java.util.concurrent.Executors$RunnableAdapter.call(Executors.java:511)
	at java.util.concurrent.FutureTask.run(FutureTask.java:266)
	at java.util.concurrent.ScheduledThreadPoolExecutor$ScheduledFutureTask.access$201(ScheduledThreadPoolExecutor.java:180)
	at java.util.concurrent.ScheduledThreadPoolExecutor$ScheduledFutureTask.run(ScheduledThreadPoolExecutor.java:293)
	at java.util.concurrent.ThreadPoolExecutor.runWorker(ThreadPoolExecutor.java:1149)
	at java.util.concurrent.ThreadPoolExecutor$Worker.run(ThreadPoolExecutor.java:624)
	at java.lang.Thread.run(Thread.java:748)
2019-10-02 17:57:33,712 [java.util.concurrent.ThreadPoolExecutor$Worker@197b04e4[State = -1, empty queue]] WARN  util.TimeoutScheduler (LogUtils.java:runAndLog(55)) - Failed to task #0: java.lang.NullPointerException
2019-10-02 17:57:37,740 [java.util.concurrent.ThreadPoolExecutor$Worker@4468030[State = -1, empty queue]] ERROR client.GrpcClientProtocolClient (GrpcClientProtocolClient.java:close(148)) - Unexpected exception while waiting for channel termination
java.lang.InterruptedException
	at java.util.concurrent.locks.AbstractQueuedSynchronizer.tryAcquireSharedNanos(AbstractQueuedSynchronizer.java:1326)
	at java.util.concurrent.CountDownLatch.await(CountDownLatch.java:277)
	at org.apache.ratis.thirdparty.io.grpc.internal.ManagedChannelImpl.awaitTermination(ManagedChannelImpl.java:763)
	at org.apache.ratis.thirdparty.io.grpc.internal.ForwardingManagedChannel.awaitTermination(ForwardingManagedChannel.java:57)
	at org.apache.ratis.thirdparty.io.grpc.internal.ManagedChannelOrphanWrapper.awaitTermination(ManagedChannelOrphanWrapper.java:70)
	at org.apache.ratis.grpc.client.GrpcClientProtocolClient.close(GrpcClientProtocolClient.java:146)
	at org.apache.ratis.util.PeerProxyMap$PeerAndProxy.lambda$close$1(PeerProxyMap.java:74)
	at org.apache.ratis.util.LifeCycle.lambda$checkStateAndClose$2(LifeCycle.java:231)
	at org.apache.ratis.util.LifeCycle.checkStateAndClose(LifeCycle.java:251)
	at org.apache.ratis.util.LifeCycle.checkStateAndClose(LifeCycle.java:229)
	at org.apache.ratis.util.PeerProxyMap$PeerAndProxy.close(PeerProxyMap.java:70)
	at org.apache.ratis.util.PeerProxyMap.resetProxy(PeerProxyMap.java:127)
	at org.apache.ratis.util.PeerProxyMap.handleException(PeerProxyMap.java:136)
	at org.apache.ratis.client.impl.RaftClientRpcWithProxy.handleException(RaftClientRpcWithProxy.java:47)
	at org.apache.ratis.client.impl.RaftClientImpl.handleIOException(RaftClientImpl.java:372)
	at org.apache.ratis.client.impl.OrderedAsync.lambda$sendRequest$10(OrderedAsync.java:236)
	at java.util.concurrent.CompletableFuture.uniExceptionally(CompletableFuture.java:870)
	at java.util.concurrent.CompletableFuture$UniExceptionally.tryFire(CompletableFuture.java:852)
	at java.util.concurrent.CompletableFuture.postComplete(CompletableFuture.java:474)
	at java.util.concurrent.CompletableFuture.completeExceptionally(CompletableFuture.java:1977)
	at org.apache.ratis.grpc.client.GrpcClientProtocolClient$AsyncStreamObservers.lambda$timeoutCheck$3(GrpcClientProtocolClient.java:324)
	at java.util.Optional.ifPresent(Optional.java:159)
	at org.apache.ratis.grpc.client.GrpcClientProtocolClient$AsyncStreamObservers.handleReplyFuture(GrpcClientProtocolClient.java:329)
	at org.apache.ratis.grpc.client.GrpcClientProtocolClient$AsyncStreamObservers.timeoutCheck(GrpcClientProtocolClient.java:324)
	at org.apache.ratis.grpc.client.GrpcClientProtocolClient$AsyncStreamObservers.lambda$onNext$1(GrpcClientProtocolClient.java:318)
	at org.apache.ratis.util.TimeoutScheduler.lambda$onTimeout$0(TimeoutScheduler.java:113)
	at org.apache.ratis.util.TimeoutScheduler.lambda$onTimeout$1(TimeoutScheduler.java:133)
	at org.apache.ratis.util.LogUtils.runAndLog(LogUtils.java:50)
	at org.apache.ratis.util.LogUtils$1.run(LogUtils.java:91)
	at java.util.concurrent.Executors$RunnableAdapter.call(Executors.java:511)
	at java.util.concurrent.FutureTask.run(FutureTask.java:266)
	at java.util.concurrent.ScheduledThreadPoolExecutor$ScheduledFutureTask.access$201(ScheduledThreadPoolExecutor.java:180)
	at java.util.concurrent.ScheduledThreadPoolExecutor$ScheduledFutureTask.run(ScheduledThreadPoolExecutor.java:293)
	at java.util.concurrent.ThreadPoolExecutor.runWorker(ThreadPoolExecutor.java:1149)
	at java.util.concurrent.ThreadPoolExecutor$Worker.run(ThreadPoolExecutor.java:624)
	at java.lang.Thread.run(Thread.java:748)
2019-10-02 17:57:37,741 [java.util.concurrent.ThreadPoolExecutor$Worker@4468030[State = -1, empty queue]] WARN  util.TimeoutScheduler (LogUtils.java:runAndLog(55)) - Failed to task #0: java.lang.NullPointerException
2019-10-02 17:57:41,779 [java.util.concurrent.ThreadPoolExecutor$Worker@77023a91[State = -1, empty queue]] ERROR client.GrpcClientProtocolClient (GrpcClientProtocolClient.java:close(148)) - Unexpected exception while waiting for channel termination
java.lang.InterruptedException
	at java.util.concurrent.locks.AbstractQueuedSynchronizer.tryAcquireSharedNanos(AbstractQueuedSynchronizer.java:1326)
	at java.util.concurrent.CountDownLatch.await(CountDownLatch.java:277)
	at org.apache.ratis.thirdparty.io.grpc.internal.ManagedChannelImpl.awaitTermination(ManagedChannelImpl.java:763)
	at org.apache.ratis.thirdparty.io.grpc.internal.ForwardingManagedChannel.awaitTermination(ForwardingManagedChannel.java:57)
	at org.apache.ratis.thirdparty.io.grpc.internal.ManagedChannelOrphanWrapper.awaitTermination(ManagedChannelOrphanWrapper.java:70)
	at org.apache.ratis.grpc.client.GrpcClientProtocolClient.close(GrpcClientProtocolClient.java:146)
	at org.apache.ratis.util.PeerProxyMap$PeerAndProxy.lambda$close$1(PeerProxyMap.java:74)
	at org.apache.ratis.util.LifeCycle.lambda$checkStateAndClose$2(LifeCycle.java:231)
	at org.apache.ratis.util.LifeCycle.checkStateAndClose(LifeCycle.java:251)
	at org.apache.ratis.util.LifeCycle.checkStateAndClose(LifeCycle.java:229)
	at org.apache.ratis.util.PeerProxyMap$PeerAndProxy.close(PeerProxyMap.java:70)
	at org.apache.ratis.util.PeerProxyMap.resetProxy(PeerProxyMap.java:127)
	at org.apache.ratis.util.PeerProxyMap.handleException(PeerProxyMap.java:136)
	at org.apache.ratis.client.impl.RaftClientRpcWithProxy.handleException(RaftClientRpcWithProxy.java:47)
	at org.apache.ratis.client.impl.RaftClientImpl.handleIOException(RaftClientImpl.java:372)
	at org.apache.ratis.client.impl.OrderedAsync.lambda$sendRequest$10(OrderedAsync.java:236)
	at java.util.concurrent.CompletableFuture.uniExceptionally(CompletableFuture.java:870)
	at java.util.concurrent.CompletableFuture$UniExceptionally.tryFire(CompletableFuture.java:852)
	at java.util.concurrent.CompletableFuture.postComplete(CompletableFuture.java:474)
	at java.util.concurrent.CompletableFuture.completeExceptionally(CompletableFuture.java:1977)
	at org.apache.ratis.grpc.client.GrpcClientProtocolClient$AsyncStreamObservers.lambda$timeoutCheck$3(GrpcClientProtocolClient.java:324)
	at java.util.Optional.ifPresent(Optional.java:159)
	at org.apache.ratis.grpc.client.GrpcClientProtocolClient$AsyncStreamObservers.handleReplyFuture(GrpcClientProtocolClient.java:329)
	at org.apache.ratis.grpc.client.GrpcClientProtocolClient$AsyncStreamObservers.timeoutCheck(GrpcClientProtocolClient.java:324)
	at org.apache.ratis.grpc.client.GrpcClientProtocolClient$AsyncStreamObservers.lambda$onNext$1(GrpcClientProtocolClient.java:318)
	at org.apache.ratis.util.TimeoutScheduler.lambda$onTimeout$0(TimeoutScheduler.java:113)
	at org.apache.ratis.util.TimeoutScheduler.lambda$onTimeout$1(TimeoutScheduler.java:133)
	at org.apache.ratis.util.LogUtils.runAndLog(LogUtils.java:50)
	at org.apache.ratis.util.LogUtils$1.run(LogUtils.java:91)
	at java.util.concurrent.Executors$RunnableAdapter.call(Executors.java:511)
	at java.util.concurrent.FutureTask.run(FutureTask.java:266)
	at java.util.concurrent.ScheduledThreadPoolExecutor$ScheduledFutureTask.access$201(ScheduledThreadPoolExecutor.java:180)
	at java.util.concurrent.ScheduledThreadPoolExecutor$ScheduledFutureTask.run(ScheduledThreadPoolExecutor.java:293)
	at java.util.concurrent.ThreadPoolExecutor.runWorker(ThreadPoolExecutor.java:1149)
	at java.util.concurrent.ThreadPoolExecutor$Worker.run(ThreadPoolExecutor.java:624)
	at java.lang.Thread.run(Thread.java:748)
2019-10-02 17:57:41,780 [java.util.concurrent.ThreadPoolExecutor$Worker@77023a91[State = -1, empty queue]] WARN  util.TimeoutScheduler (LogUtils.java:runAndLog(55)) - Failed to task #0: java.lang.NullPointerException
2019-10-02 17:57:44,345 [grpc-default-executor-14] INFO  impl.RaftServerProxy (RaftServerProxy.java:remove(95)) - ae729cbd-7ce4-47be-ae44-f885f4c1fbd3: remove  FOLLOWER ae729cbd-7ce4-47be-ae44-f885f4c1fbd3@group-43D12C6AF65D:t3, leader=4a0512f4-119f-4f66-8d84-cb92b75127d3, voted=4a0512f4-119f-4f66-8d84-cb92b75127d3, raftlog=ae729cbd-7ce4-47be-ae44-f885f4c1fbd3@group-43D12C6AF65D-SegmentedRaftLog:OPENED:c0,f2,i2, conf=0: [ae729cbd-7ce4-47be-ae44-f885f4c1fbd3:192.168.151.72:36044, 4a0512f4-119f-4f66-8d84-cb92b75127d3:192.168.151.72:38519, b7323768-8f87-4fb6-921f-bc5aae8c9ceb:192.168.151.72:45619], old=null RUNNING
2019-10-02 17:57:44,346 [grpc-default-executor-14] INFO  impl.RaftServerImpl (RaftServerImpl.java:lambda$shutdown$3(247)) - ae729cbd-7ce4-47be-ae44-f885f4c1fbd3@group-43D12C6AF65D: shutdown
2019-10-02 17:57:44,347 [grpc-default-executor-14] INFO  util.JmxRegister (JmxRegister.java:unregister(73)) - Successfully un-registered JMX Bean with object name Ratis:service=RaftServer,group=group-43D12C6AF65D,id=ae729cbd-7ce4-47be-ae44-f885f4c1fbd3
2019-10-02 17:57:44,347 [grpc-default-executor-14] INFO  impl.RoleInfo (RoleInfo.java:shutdownFollowerState(121)) - ae729cbd-7ce4-47be-ae44-f885f4c1fbd3: shutdown FollowerState
2019-10-02 17:57:44,348 [grpc-default-executor-14] INFO  impl.StateMachineUpdater (StateMachineUpdater.java:stopAndJoin(136)) - ae729cbd-7ce4-47be-ae44-f885f4c1fbd3@group-43D12C6AF65D-StateMachineUpdater: set stopIndex = 0
2019-10-02 17:57:44,348 [Thread-2021] INFO  impl.FollowerState (FollowerState.java:run(117)) - ae729cbd-7ce4-47be-ae44-f885f4c1fbd3@group-43D12C6AF65D-FollowerState was interrupted: java.lang.InterruptedException: sleep interrupted
2019-10-02 17:57:44,354 [grpc-default-executor-14] INFO  impl.RaftServerImpl (ServerState.java:close(387)) - ae729cbd-7ce4-47be-ae44-f885f4c1fbd3@group-43D12C6AF65D: closes. applyIndex: 0
2019-10-02 17:57:44,355 [ae729cbd-7ce4-47be-ae44-f885f4c1fbd3@group-43D12C6AF65D-SegmentedRaftLogWorker] INFO  segmented.SegmentedRaftLogWorker (SegmentedRaftLogWorker.java:run(316)) - ae729cbd-7ce4-47be-ae44-f885f4c1fbd3@group-43D12C6AF65D-SegmentedRaftLogWorker was interrupted, exiting. There are 0 tasks remaining in the queue.
2019-10-02 17:57:44,357 [grpc-default-executor-14] INFO  segmented.SegmentedRaftLogWorker (SegmentedRaftLogWorker.java:close(224)) - ae729cbd-7ce4-47be-ae44-f885f4c1fbd3@group-43D12C6AF65D-SegmentedRaftLogWorker close()
2019-10-02 17:57:44,436 [grpc-default-executor-14] INFO  interfaces.Container (KeyValueContainer.java:flushAndSyncDB(386)) - Container 5 is synced with bcsId 0.
2019-10-02 17:57:44,437 [grpc-default-executor-14] INFO  interfaces.Container (KeyValueContainer.java:flushAndSyncDB(386)) - Container 5 is synced with bcsId 0.
2019-10-02 17:57:44,455 [EventQueue-IncrementalContainerReportForIncrementalContainerReportHandler] INFO  container.IncrementalContainerReportHandler (AbstractContainerReportHandler.java:updateContainerState(169)) - Moving container #5 to QUASI_CLOSED state, datanode ae729cbd-7ce4-47be-ae44-f885f4c1fbd3{ip: 192.168.151.72, host: pr-trunk-fgz7f-2353921243, networkLocation: /default-rack, certSerialId: null} reported QUASI_CLOSED replica.
2019-10-02 17:57:44,459 [grpc-default-executor-14] INFO  impl.RaftServerProxy (RaftServerProxy.java:remove(95)) - b7323768-8f87-4fb6-921f-bc5aae8c9ceb: remove  FOLLOWER b7323768-8f87-4fb6-921f-bc5aae8c9ceb@group-43D12C6AF65D:t3, leader=4a0512f4-119f-4f66-8d84-cb92b75127d3, voted=4a0512f4-119f-4f66-8d84-cb92b75127d3, raftlog=b7323768-8f87-4fb6-921f-bc5aae8c9ceb@group-43D12C6AF65D-SegmentedRaftLog:OPENED:c0,f2,i2, conf=0: [ae729cbd-7ce4-47be-ae44-f885f4c1fbd3:192.168.151.72:36044, 4a0512f4-119f-4f66-8d84-cb92b75127d3:192.168.151.72:38519, b7323768-8f87-4fb6-921f-bc5aae8c9ceb:192.168.151.72:45619], old=null RUNNING
2019-10-02 17:57:44,460 [grpc-default-executor-14] INFO  impl.RaftServerImpl (RaftServerImpl.java:lambda$shutdown$3(247)) - b7323768-8f87-4fb6-921f-bc5aae8c9ceb@group-43D12C6AF65D: shutdown
2019-10-02 17:57:44,460 [grpc-default-executor-14] INFO  util.JmxRegister (JmxRegister.java:unregister(73)) - Successfully un-registered JMX Bean with object name Ratis:service=RaftServer,group=group-43D12C6AF65D,id=b7323768-8f87-4fb6-921f-bc5aae8c9ceb
2019-10-02 17:57:44,460 [grpc-default-executor-14] INFO  impl.RoleInfo (RoleInfo.java:shutdownFollowerState(121)) - b7323768-8f87-4fb6-921f-bc5aae8c9ceb: shutdown FollowerState
2019-10-02 17:57:44,460 [grpc-default-executor-14] INFO  impl.StateMachineUpdater (StateMachineUpdater.java:stopAndJoin(136)) - b7323768-8f87-4fb6-921f-bc5aae8c9ceb@group-43D12C6AF65D-StateMachineUpdater: set stopIndex = 0
2019-10-02 17:57:44,460 [Thread-2022] INFO  impl.FollowerState (FollowerState.java:run(117)) - b7323768-8f87-4fb6-921f-bc5aae8c9ceb@group-43D12C6AF65D-FollowerState was interrupted: java.lang.InterruptedException: sleep interrupted
2019-10-02 17:57:44,464 [grpc-default-executor-14] INFO  impl.RaftServerImpl (ServerState.java:close(387)) - b7323768-8f87-4fb6-921f-bc5aae8c9ceb@group-43D12C6AF65D: closes. applyIndex: 0
2019-10-02 17:57:44,466 [b7323768-8f87-4fb6-921f-bc5aae8c9ceb@group-43D12C6AF65D-SegmentedRaftLogWorker] INFO  segmented.SegmentedRaftLogWorker (SegmentedRaftLogWorker.java:run(316)) - b7323768-8f87-4fb6-921f-bc5aae8c9ceb@group-43D12C6AF65D-SegmentedRaftLogWorker was interrupted, exiting. There are 0 tasks remaining in the queue.
2019-10-02 17:57:44,469 [grpc-default-executor-14] INFO  segmented.SegmentedRaftLogWorker (SegmentedRaftLogWorker.java:close(224)) - b7323768-8f87-4fb6-921f-bc5aae8c9ceb@group-43D12C6AF65D-SegmentedRaftLogWorker close()
2019-10-02 17:57:44,536 [grpc-default-executor-14] INFO  interfaces.Container (KeyValueContainer.java:flushAndSyncDB(386)) - Container 5 is synced with bcsId 0.
2019-10-02 17:57:44,536 [grpc-default-executor-14] INFO  interfaces.Container (KeyValueContainer.java:flushAndSyncDB(386)) - Container 5 is synced with bcsId 0.
2019-10-02 17:57:44,547 [grpc-default-executor-14] INFO  impl.RaftServerProxy (RaftServerProxy.java:remove(95)) - 4a0512f4-119f-4f66-8d84-cb92b75127d3: remove    LEADER 4a0512f4-119f-4f66-8d84-cb92b75127d3@group-43D12C6AF65D:t3, leader=4a0512f4-119f-4f66-8d84-cb92b75127d3, voted=4a0512f4-119f-4f66-8d84-cb92b75127d3, raftlog=4a0512f4-119f-4f66-8d84-cb92b75127d3@group-43D12C6AF65D-SegmentedRaftLog:OPENED:c0,f0,i2, conf=0: [ae729cbd-7ce4-47be-ae44-f885f4c1fbd3:192.168.151.72:36044, 4a0512f4-119f-4f66-8d84-cb92b75127d3:192.168.151.72:38519, b7323768-8f87-4fb6-921f-bc5aae8c9ceb:192.168.151.72:45619], old=null RUNNING
2019-10-02 17:57:44,547 [grpc-default-executor-14] INFO  impl.RaftServerImpl (RaftServerImpl.java:lambda$shutdown$3(247)) - 4a0512f4-119f-4f66-8d84-cb92b75127d3@group-43D12C6AF65D: shutdown
2019-10-02 17:57:44,548 [grpc-default-executor-14] INFO  util.JmxRegister (JmxRegister.java:unregister(73)) - Successfully un-registered JMX Bean with object name Ratis:service=RaftServer,group=group-43D12C6AF65D,id=4a0512f4-119f-4f66-8d84-cb92b75127d3
2019-10-02 17:57:44,548 [grpc-default-executor-14] INFO  impl.RoleInfo (RoleInfo.java:shutdownLeaderState(104)) - 4a0512f4-119f-4f66-8d84-cb92b75127d3: shutdown LeaderState
2019-10-02 17:57:44,569 [grpc-default-executor-14] INFO  impl.PendingRequests (PendingRequests.java:sendNotLeaderResponses(202)) - 4a0512f4-119f-4f66-8d84-cb92b75127d3@group-43D12C6AF65D-PendingRequests: sendNotLeaderResponses
2019-10-02 17:57:44,569 [org.apache.ratis.server.impl.LogAppender$AppenderDaemon$$Lambda$525/299265970@626764dd] WARN  server.GrpcLogAppender (GrpcLogAppender.java:mayWait(143)) - 4a0512f4-119f-4f66-8d84-cb92b75127d3@group-43D12C6AF65D->ae729cbd-7ce4-47be-ae44-f885f4c1fbd3-GrpcLogAppender: Wait interrupted by java.lang.InterruptedException
2019-10-02 17:57:44,569 [org.apache.ratis.server.impl.LogAppender$AppenderDaemon$$Lambda$525/299265970@2392f109] WARN  server.GrpcLogAppender (GrpcLogAppender.java:mayWait(143)) - 4a0512f4-119f-4f66-8d84-cb92b75127d3@group-43D12C6AF65D->b7323768-8f87-4fb6-921f-bc5aae8c9ceb-GrpcLogAppender: Wait interrupted by java.lang.InterruptedException
2019-10-02 17:57:44,578 [grpc-default-executor-8] INFO  server.GrpcServerProtocolService (GrpcServerProtocolService.java:onCompleted(113)) - ae729cbd-7ce4-47be-ae44-f885f4c1fbd3: Completed APPEND_ENTRIES, lastRequest: 4a0512f4-119f-4f66-8d84-cb92b75127d3->ae729cbd-7ce4-47be-ae44-f885f4c1fbd3#30-t3, previous=(t:3, i:2), leaderCommit=0, initializing? false, entries: <empty>
2019-10-02 17:57:44,578 [grpc-default-executor-16] INFO  server.GrpcServerProtocolService (GrpcServerProtocolService.java:onCompleted(113)) - b7323768-8f87-4fb6-921f-bc5aae8c9ceb: Completed APPEND_ENTRIES, lastRequest: 4a0512f4-119f-4f66-8d84-cb92b75127d3->b7323768-8f87-4fb6-921f-bc5aae8c9ceb#30-t3, previous=(t:3, i:2), leaderCommit=0, initializing? false, entries: <empty>
2019-10-02 17:57:44,578 [grpc-default-executor-14] INFO  impl.StateMachineUpdater (StateMachineUpdater.java:stopAndJoin(136)) - 4a0512f4-119f-4f66-8d84-cb92b75127d3@group-43D12C6AF65D-StateMachineUpdater: set stopIndex = 0
2019-10-02 17:57:44,579 [grpc-default-executor-14] INFO  impl.RaftServerImpl (ServerState.java:close(387)) - 4a0512f4-119f-4f66-8d84-cb92b75127d3@group-43D12C6AF65D: closes. applyIndex: 0
2019-10-02 17:57:44,582 [4a0512f4-119f-4f66-8d84-cb92b75127d3@group-43D12C6AF65D-SegmentedRaftLogWorker] INFO  segmented.SegmentedRaftLogWorker (SegmentedRaftLogWorker.java:run(316)) - 4a0512f4-119f-4f66-8d84-cb92b75127d3@group-43D12C6AF65D-SegmentedRaftLogWorker was interrupted, exiting. There are 0 tasks remaining in the queue.
2019-10-02 17:57:44,584 [grpc-default-executor-14] INFO  segmented.SegmentedRaftLogWorker (SegmentedRaftLogWorker.java:close(224)) - 4a0512f4-119f-4f66-8d84-cb92b75127d3@group-43D12C6AF65D-SegmentedRaftLogWorker close()
2019-10-02 17:57:44,589 [grpc-default-executor-20] INFO  server.GrpcLogAppender (GrpcLogAppender.java:onCompleted(293)) - 4a0512f4-119f-4f66-8d84-cb92b75127d3@group-43D12C6AF65D->ae729cbd-7ce4-47be-ae44-f885f4c1fbd3-AppendLogResponseHandler: follower responses appendEntries COMPLETED
2019-10-02 17:57:44,592 [grpc-default-executor-20] INFO  impl.FollowerInfo (FollowerInfo.java:lambda$new$0(51)) - 4a0512f4-119f-4f66-8d84-cb92b75127d3@group-43D12C6AF65D->ae729cbd-7ce4-47be-ae44-f885f4c1fbd3: nextIndex: updateUnconditionally 3 -> 2
2019-10-02 17:57:44,592 [grpc-default-executor-19] INFO  server.GrpcLogAppender (GrpcLogAppender.java:onCompleted(293)) - 4a0512f4-119f-4f66-8d84-cb92b75127d3@group-43D12C6AF65D->b7323768-8f87-4fb6-921f-bc5aae8c9ceb-AppendLogResponseHandler: follower responses appendEntries COMPLETED
2019-10-02 17:57:44,597 [grpc-default-executor-19] INFO  impl.FollowerInfo (FollowerInfo.java:lambda$new$0(51)) - 4a0512f4-119f-4f66-8d84-cb92b75127d3@group-43D12C6AF65D->b7323768-8f87-4fb6-921f-bc5aae8c9ceb: nextIndex: updateUnconditionally 3 -> 2
2019-10-02 17:57:44,598 [RatisPipelineUtilsThread] INFO  pipeline.PipelineStateManager (PipelineStateManager.java:removePipeline(108)) - Pipeline Pipeline[ Id: d5b69d7d-3b5c-477f-a5bf-43d12c6af65d, Nodes: ae729cbd-7ce4-47be-ae44-f885f4c1fbd3{ip: 192.168.151.72, host: pr-trunk-fgz7f-2353921243, networkLocation: /default-rack, certSerialId: null}b7323768-8f87-4fb6-921f-bc5aae8c9ceb{ip: 192.168.151.72, host: pr-trunk-fgz7f-2353921243, networkLocation: /default-rack, certSerialId: null}4a0512f4-119f-4f66-8d84-cb92b75127d3{ip: 192.168.151.72, host: pr-trunk-fgz7f-2353921243, networkLocation: /default-rack, certSerialId: null}, Type:RATIS, Factor:THREE, State:CLOSED] removed from db
2019-10-02 17:57:44,601 [grpc-default-executor-19] INFO  impl.RaftServerProxy (RaftServerProxy.java:remove(95)) - ae729cbd-7ce4-47be-ae44-f885f4c1fbd3: remove group-43D12C6AF65D:null
2019-10-02 17:57:44,607 [RatisPipelineUtilsThread] WARN  pipeline.RatisPipelineUtils (RatisPipelineUtils.java:destroyPipeline(67)) - Pipeline destroy failed for pipeline=PipelineID=d5b69d7d-3b5c-477f-a5bf-43d12c6af65d dn=ae729cbd-7ce4-47be-ae44-f885f4c1fbd3{ip: 192.168.151.72, host: pr-trunk-fgz7f-2353921243, networkLocation: /default-rack, certSerialId: null}
2019-10-02 17:57:44,620 [grpc-default-executor-19] INFO  impl.RaftServerProxy (RaftServerProxy.java:remove(95)) - b7323768-8f87-4fb6-921f-bc5aae8c9ceb: remove group-43D12C6AF65D:null
2019-10-02 17:57:44,628 [RatisPipelineUtilsThread] WARN  pipeline.RatisPipelineUtils (RatisPipelineUtils.java:destroyPipeline(67)) - Pipeline destroy failed for pipeline=PipelineID=d5b69d7d-3b5c-477f-a5bf-43d12c6af65d dn=b7323768-8f87-4fb6-921f-bc5aae8c9ceb{ip: 192.168.151.72, host: pr-trunk-fgz7f-2353921243, networkLocation: /default-rack, certSerialId: null}
2019-10-02 17:57:44,630 [grpc-default-executor-19] INFO  impl.RaftServerProxy (RaftServerProxy.java:remove(95)) - 4a0512f4-119f-4f66-8d84-cb92b75127d3: remove group-43D12C6AF65D:null
2019-10-02 17:57:44,636 [RatisPipelineUtilsThread] WARN  pipeline.RatisPipelineUtils (RatisPipelineUtils.java:destroyPipeline(67)) - Pipeline destroy failed for pipeline=PipelineID=d5b69d7d-3b5c-477f-a5bf-43d12c6af65d dn=4a0512f4-119f-4f66-8d84-cb92b75127d3{ip: 192.168.151.72, host: pr-trunk-fgz7f-2353921243, networkLocation: /default-rack, certSerialId: null}
2019-10-02 17:57:44,636 [RatisPipelineUtilsThread] ERROR pipeline.SCMPipelineManager (Scheduler.java:lambda$schedule$1(70)) - Destroy pipeline failed for pipeline:Pipeline[ Id: d5b69d7d-3b5c-477f-a5bf-43d12c6af65d, Nodes: ae729cbd-7ce4-47be-ae44-f885f4c1fbd3{ip: 192.168.151.72, host: pr-trunk-fgz7f-2353921243, networkLocation: /default-rack, certSerialId: null}b7323768-8f87-4fb6-921f-bc5aae8c9ceb{ip: 192.168.151.72, host: pr-trunk-fgz7f-2353921243, networkLocation: /default-rack, certSerialId: null}4a0512f4-119f-4f66-8d84-cb92b75127d3{ip: 192.168.151.72, host: pr-trunk-fgz7f-2353921243, networkLocation: /default-rack, certSerialId: null}, Type:RATIS, Factor:THREE, State:CLOSED]
org.apache.hadoop.hdds.scm.pipeline.PipelineNotFoundException: PipelineID=d5b69d7d-3b5c-477f-a5bf-43d12c6af65d not found
	at org.apache.hadoop.hdds.scm.pipeline.PipelineStateMap.getPipeline(PipelineStateMap.java:132)
	at org.apache.hadoop.hdds.scm.pipeline.PipelineStateMap.removePipeline(PipelineStateMap.java:322)
	at org.apache.hadoop.hdds.scm.pipeline.PipelineStateManager.removePipeline(PipelineStateManager.java:107)
	at org.apache.hadoop.hdds.scm.pipeline.SCMPipelineManager.removePipeline(SCMPipelineManager.java:427)
	at org.apache.hadoop.hdds.scm.pipeline.SCMPipelineManager.destroyPipeline(SCMPipelineManager.java:413)
	at org.apache.hadoop.hdds.scm.pipeline.SCMPipelineManager.lambda$finalizeAndDestroyPipeline$0(SCMPipelineManager.java:322)
	at org.apache.hadoop.hdds.utils.Scheduler.lambda$schedule$1(Scheduler.java:68)
	at java.util.concurrent.Executors$RunnableAdapter.call(Executors.java:511)
	at java.util.concurrent.FutureTask.run(FutureTask.java:266)
	at java.util.concurrent.ScheduledThreadPoolExecutor$ScheduledFutureTask.access$201(ScheduledThreadPoolExecutor.java:180)
	at java.util.concurrent.ScheduledThreadPoolExecutor$ScheduledFutureTask.run(ScheduledThreadPoolExecutor.java:293)
	at java.util.concurrent.ThreadPoolExecutor.runWorker(ThreadPoolExecutor.java:1149)
	at java.util.concurrent.ThreadPoolExecutor$Worker.run(ThreadPoolExecutor.java:624)
	at java.lang.Thread.run(Thread.java:748)
2019-10-02 17:57:44,646 [grpc-default-executor-20] INFO  impl.RaftServerProxy (RaftServerProxy.java:addNew(89)) - b7323768-8f87-4fb6-921f-bc5aae8c9ceb: addNew group-A80C3AC8BF93:[ae729cbd-7ce4-47be-ae44-f885f4c1fbd3:192.168.151.72:36044, 4a0512f4-119f-4f66-8d84-cb92b75127d3:192.168.151.72:38519, b7323768-8f87-4fb6-921f-bc5aae8c9ceb:192.168.151.72:45619] returns group-A80C3AC8BF93:java.util.concurrent.CompletableFuture@129d27c[Not completed]
2019-10-02 17:57:44,646 [grpc-default-executor-14] INFO  impl.RaftServerProxy (RaftServerProxy.java:addNew(89)) - ae729cbd-7ce4-47be-ae44-f885f4c1fbd3: addNew group-A80C3AC8BF93:[ae729cbd-7ce4-47be-ae44-f885f4c1fbd3:192.168.151.72:36044, 4a0512f4-119f-4f66-8d84-cb92b75127d3:192.168.151.72:38519, b7323768-8f87-4fb6-921f-bc5aae8c9ceb:192.168.151.72:45619] returns group-A80C3AC8BF93:java.util.concurrent.CompletableFuture@5efffcea[Not completed]
2019-10-02 17:57:44,649 [grpc-default-executor-20] INFO  impl.RaftServerProxy (RaftServerProxy.java:addNew(89)) - 4a0512f4-119f-4f66-8d84-cb92b75127d3: addNew group-A80C3AC8BF93:[ae729cbd-7ce4-47be-ae44-f885f4c1fbd3:192.168.151.72:36044, 4a0512f4-119f-4f66-8d84-cb92b75127d3:192.168.151.72:38519, b7323768-8f87-4fb6-921f-bc5aae8c9ceb:192.168.151.72:45619] returns group-A80C3AC8BF93:java.util.concurrent.CompletableFuture@5165681[Not completed]
2019-10-02 17:57:44,651 [pool-141-thread-1] INFO  impl.RaftServerImpl (RaftServerImpl.java:<init>(95)) - b7323768-8f87-4fb6-921f-bc5aae8c9ceb: new RaftServerImpl for group-A80C3AC8BF93:[ae729cbd-7ce4-47be-ae44-f885f4c1fbd3:192.168.151.72:36044, 4a0512f4-119f-4f66-8d84-cb92b75127d3:192.168.151.72:38519, b7323768-8f87-4fb6-921f-bc5aae8c9ceb:192.168.151.72:45619] with ContainerStateMachine:uninitialized
2019-10-02 17:57:44,651 [pool-141-thread-1] INFO  server.RaftServerConfigKeys (ConfUtils.java:logGet(43)) - raft.server.rpc.timeout.min = 5s (custom)
2019-10-02 17:57:44,651 [pool-141-thread-1] INFO  server.RaftServerConfigKeys (ConfUtils.java:logGet(43)) - raft.server.rpc.timeout.max = 5200ms (custom)
2019-10-02 17:57:44,651 [pool-151-thread-1] INFO  impl.RaftServerImpl (RaftServerImpl.java:<init>(95)) - 4a0512f4-119f-4f66-8d84-cb92b75127d3: new RaftServerImpl for group-A80C3AC8BF93:[ae729cbd-7ce4-47be-ae44-f885f4c1fbd3:192.168.151.72:36044, 4a0512f4-119f-4f66-8d84-cb92b75127d3:192.168.151.72:38519, b7323768-8f87-4fb6-921f-bc5aae8c9ceb:192.168.151.72:45619] with ContainerStateMachine:uninitialized
2019-10-02 17:57:44,651 [pool-141-thread-1] INFO  server.RaftServerConfigKeys (ConfUtils.java:logGet(43)) - raft.server.rpcslowness.timeout = 120s (custom)
2019-10-02 17:57:44,652 [pool-151-thread-1] INFO  server.RaftServerConfigKeys (ConfUtils.java:logGet(43)) - raft.server.rpc.timeout.min = 5s (custom)
2019-10-02 17:57:44,652 [pool-181-thread-1] INFO  impl.RaftServerImpl (RaftServerImpl.java:<init>(95)) - ae729cbd-7ce4-47be-ae44-f885f4c1fbd3: new RaftServerImpl for group-A80C3AC8BF93:[ae729cbd-7ce4-47be-ae44-f885f4c1fbd3:192.168.151.72:36044, 4a0512f4-119f-4f66-8d84-cb92b75127d3:192.168.151.72:38519, b7323768-8f87-4fb6-921f-bc5aae8c9ceb:192.168.151.72:45619] with ContainerStateMachine:uninitialized
2019-10-02 17:57:44,652 [pool-141-thread-1] INFO  server.RaftServerConfigKeys (ConfUtils.java:logGet(43)) - raft.server.sleep.deviation.threshold = 300 (default)
2019-10-02 17:57:44,652 [pool-181-thread-1] INFO  server.RaftServerConfigKeys (ConfUtils.java:logGet(43)) - raft.server.rpc.timeout.min = 5s (custom)
2019-10-02 17:57:44,652 [pool-151-thread-1] INFO  server.RaftServerConfigKeys (ConfUtils.java:logGet(43)) - raft.server.rpc.timeout.max = 5200ms (custom)
2019-10-02 17:57:44,652 [pool-181-thread-1] INFO  server.RaftServerConfigKeys (ConfUtils.java:logGet(43)) - raft.server.rpc.timeout.max = 5200ms (custom)
2019-10-02 17:57:44,652 [pool-141-thread-1] INFO  server.RaftServerConfigKeys (ConfUtils.java:logGet(43)) - raft.server.log.appender.install.snapshot.enabled = false (custom)
2019-10-02 17:57:44,653 [pool-181-thread-1] INFO  server.RaftServerConfigKeys (ConfUtils.java:logGet(43)) - raft.server.rpcslowness.timeout = 120s (custom)
2019-10-02 17:57:44,653 [pool-141-thread-1] INFO  impl.RaftServerImpl (ServerState.java:<init>(103)) - b7323768-8f87-4fb6-921f-bc5aae8c9ceb@group-A80C3AC8BF93: ConfigurationManager, init=-1: [ae729cbd-7ce4-47be-ae44-f885f4c1fbd3:192.168.151.72:36044, 4a0512f4-119f-4f66-8d84-cb92b75127d3:192.168.151.72:38519, b7323768-8f87-4fb6-921f-bc5aae8c9ceb:192.168.151.72:45619], old=null, confs=<EMPTY_MAP>
2019-10-02 17:57:44,652 [pool-151-thread-1] INFO  server.RaftServerConfigKeys (ConfUtils.java:logGet(43)) - raft.server.rpcslowness.timeout = 120s (custom)
2019-10-02 17:57:44,653 [pool-141-thread-1] INFO  server.RaftServerConfigKeys (ConfUtils.java:logGet(43)) - raft.server.storage.dir = [/workdir/hadoop-ozone/integration-test/target/test-dir/MiniOzoneClusterImpl-65f8f4fe-1764-4468-9f48-37bf81c95b0d/datanode-2/data/ratis] (custom)
2019-10-02 17:57:44,653 [pool-181-thread-1] INFO  server.RaftServerConfigKeys (ConfUtils.java:logGet(43)) - raft.server.sleep.deviation.threshold = 300 (default)
2019-10-02 17:57:44,653 [pool-151-thread-1] INFO  server.RaftServerConfigKeys (ConfUtils.java:logGet(43)) - raft.server.sleep.deviation.threshold = 300 (default)
2019-10-02 17:57:44,653 [pool-181-thread-1] INFO  server.RaftServerConfigKeys (ConfUtils.java:logGet(43)) - raft.server.log.appender.install.snapshot.enabled = false (custom)
2019-10-02 17:57:44,654 [pool-141-thread-1] INFO  server.RaftServerConfigKeys (ConfUtils.java:logGet(43)) - raft.server.log.corruption.policy = EXCEPTION (default)
2019-10-02 17:57:44,654 [pool-151-thread-1] INFO  server.RaftServerConfigKeys (ConfUtils.java:logGet(43)) - raft.server.log.appender.install.snapshot.enabled = false (custom)
2019-10-02 17:57:44,654 [pool-181-thread-1] INFO  impl.RaftServerImpl (ServerState.java:<init>(103)) - ae729cbd-7ce4-47be-ae44-f885f4c1fbd3@group-A80C3AC8BF93: ConfigurationManager, init=-1: [ae729cbd-7ce4-47be-ae44-f885f4c1fbd3:192.168.151.72:36044, 4a0512f4-119f-4f66-8d84-cb92b75127d3:192.168.151.72:38519, b7323768-8f87-4fb6-921f-bc5aae8c9ceb:192.168.151.72:45619], old=null, confs=<EMPTY_MAP>
2019-10-02 17:57:44,654 [pool-151-thread-1] INFO  impl.RaftServerImpl (ServerState.java:<init>(103)) - 4a0512f4-119f-4f66-8d84-cb92b75127d3@group-A80C3AC8BF93: ConfigurationManager, init=-1: [ae729cbd-7ce4-47be-ae44-f885f4c1fbd3:192.168.151.72:36044, 4a0512f4-119f-4f66-8d84-cb92b75127d3:192.168.151.72:38519, b7323768-8f87-4fb6-921f-bc5aae8c9ceb:192.168.151.72:45619], old=null, confs=<EMPTY_MAP>
2019-10-02 17:57:44,654 [pool-141-thread-1] INFO  storage.RaftStorageDirectory (RaftStorageDirectory.java:analyzeStorage(246)) - The storage directory /workdir/hadoop-ozone/integration-test/target/test-dir/MiniOzoneClusterImpl-65f8f4fe-1764-4468-9f48-37bf81c95b0d/datanode-2/data/ratis/48a8a44c-979e-49fc-8342-a80c3ac8bf93 does not exist. Creating ...
2019-10-02 17:57:44,654 [pool-151-thread-1] INFO  server.RaftServerConfigKeys (ConfUtils.java:logGet(43)) - raft.server.storage.dir = [/workdir/hadoop-ozone/integration-test/target/test-dir/MiniOzoneClusterImpl-65f8f4fe-1764-4468-9f48-37bf81c95b0d/datanode-3/data/ratis] (custom)
2019-10-02 17:57:44,654 [pool-181-thread-1] INFO  server.RaftServerConfigKeys (ConfUtils.java:logGet(43)) - raft.server.storage.dir = [/workdir/hadoop-ozone/integration-test/target/test-dir/MiniOzoneClusterImpl-65f8f4fe-1764-4468-9f48-37bf81c95b0d/datanode-6/data/ratis] (custom)
2019-10-02 17:57:44,655 [pool-151-thread-1] INFO  server.RaftServerConfigKeys (ConfUtils.java:logGet(43)) - raft.server.log.corruption.policy = EXCEPTION (default)
2019-10-02 17:57:44,655 [pool-181-thread-1] INFO  server.RaftServerConfigKeys (ConfUtils.java:logGet(43)) - raft.server.log.corruption.policy = EXCEPTION (default)
2019-10-02 17:57:44,655 [pool-151-thread-1] INFO  storage.RaftStorageDirectory (RaftStorageDirectory.java:analyzeStorage(246)) - The storage directory /workdir/hadoop-ozone/integration-test/target/test-dir/MiniOzoneClusterImpl-65f8f4fe-1764-4468-9f48-37bf81c95b0d/datanode-3/data/ratis/48a8a44c-979e-49fc-8342-a80c3ac8bf93 does not exist. Creating ...
2019-10-02 17:57:44,655 [pool-181-thread-1] INFO  storage.RaftStorageDirectory (RaftStorageDirectory.java:analyzeStorage(246)) - The storage directory /workdir/hadoop-ozone/integration-test/target/test-dir/MiniOzoneClusterImpl-65f8f4fe-1764-4468-9f48-37bf81c95b0d/datanode-6/data/ratis/48a8a44c-979e-49fc-8342-a80c3ac8bf93 does not exist. Creating ...
2019-10-02 17:57:44,670 [pool-141-thread-1] INFO  storage.RaftStorageDirectory (RaftStorageDirectory.java:tryLock(328)) - Lock on /workdir/hadoop-ozone/integration-test/target/test-dir/MiniOzoneClusterImpl-65f8f4fe-1764-4468-9f48-37bf81c95b0d/datanode-2/data/ratis/48a8a44c-979e-49fc-8342-a80c3ac8bf93/in_use.lock acquired by nodename 27144@pr-trunk-fgz7f-2353921243
2019-10-02 17:57:44,670 [pool-151-thread-1] INFO  storage.RaftStorageDirectory (RaftStorageDirectory.java:tryLock(328)) - Lock on /workdir/hadoop-ozone/integration-test/target/test-dir/MiniOzoneClusterImpl-65f8f4fe-1764-4468-9f48-37bf81c95b0d/datanode-3/data/ratis/48a8a44c-979e-49fc-8342-a80c3ac8bf93/in_use.lock acquired by nodename 27144@pr-trunk-fgz7f-2353921243
2019-10-02 17:57:44,670 [pool-181-thread-1] INFO  storage.RaftStorageDirectory (RaftStorageDirectory.java:tryLock(328)) - Lock on /workdir/hadoop-ozone/integration-test/target/test-dir/MiniOzoneClusterImpl-65f8f4fe-1764-4468-9f48-37bf81c95b0d/datanode-6/data/ratis/48a8a44c-979e-49fc-8342-a80c3ac8bf93/in_use.lock acquired by nodename 27144@pr-trunk-fgz7f-2353921243
2019-10-02 17:57:44,685 [pool-151-thread-1] INFO  storage.RaftStorage (RaftStorage.java:format(84)) - Storage directory /workdir/hadoop-ozone/integration-test/target/test-dir/MiniOzoneClusterImpl-65f8f4fe-1764-4468-9f48-37bf81c95b0d/datanode-3/data/ratis/48a8a44c-979e-49fc-8342-a80c3ac8bf93 has been successfully formatted.
2019-10-02 17:57:44,685 [pool-141-thread-1] INFO  storage.RaftStorage (RaftStorage.java:format(84)) - Storage directory /workdir/hadoop-ozone/integration-test/target/test-dir/MiniOzoneClusterImpl-65f8f4fe-1764-4468-9f48-37bf81c95b0d/datanode-2/data/ratis/48a8a44c-979e-49fc-8342-a80c3ac8bf93 has been successfully formatted.
2019-10-02 17:57:44,685 [pool-181-thread-1] INFO  storage.RaftStorage (RaftStorage.java:format(84)) - Storage directory /workdir/hadoop-ozone/integration-test/target/test-dir/MiniOzoneClusterImpl-65f8f4fe-1764-4468-9f48-37bf81c95b0d/datanode-6/data/ratis/48a8a44c-979e-49fc-8342-a80c3ac8bf93 has been successfully formatted.
2019-10-02 17:57:44,686 [pool-151-thread-1] INFO  ratis.ContainerStateMachine (ContainerStateMachine.java:loadSnapshot(231)) - group-A80C3AC8BF93: The snapshot info is null. Setting the last applied indexto:(t:0, i:~)
2019-10-02 17:57:44,686 [pool-141-thread-1] INFO  ratis.ContainerStateMachine (ContainerStateMachine.java:loadSnapshot(231)) - group-A80C3AC8BF93: The snapshot info is null. Setting the last applied indexto:(t:0, i:~)
2019-10-02 17:57:44,686 [pool-181-thread-1] INFO  ratis.ContainerStateMachine (ContainerStateMachine.java:loadSnapshot(231)) - group-A80C3AC8BF93: The snapshot info is null. Setting the last applied indexto:(t:0, i:~)
2019-10-02 17:57:44,686 [pool-151-thread-1] INFO  server.RaftServerConfigKeys (ConfUtils.java:logGet(43)) - raft.server.notification.no-leader.timeout = 120s (custom)
2019-10-02 17:57:44,686 [pool-181-thread-1] INFO  server.RaftServerConfigKeys (ConfUtils.java:logGet(43)) - raft.server.notification.no-leader.timeout = 120s (custom)
2019-10-02 17:57:44,686 [pool-141-thread-1] INFO  server.RaftServerConfigKeys (ConfUtils.java:logGet(43)) - raft.server.notification.no-leader.timeout = 120s (custom)
2019-10-02 17:57:44,686 [pool-181-thread-1] INFO  server.RaftServerConfigKeys (ConfUtils.java:logGet(43)) - raft.server.log.use.memory = false (default)
2019-10-02 17:57:44,686 [pool-151-thread-1] INFO  server.RaftServerConfigKeys (ConfUtils.java:logGet(43)) - raft.server.log.use.memory = false (default)
2019-10-02 17:57:44,686 [pool-141-thread-1] INFO  server.RaftServerConfigKeys (ConfUtils.java:logGet(43)) - raft.server.log.use.memory = false (default)
2019-10-02 17:57:44,686 [pool-151-thread-1] INFO  server.RaftServerConfigKeys (ConfUtils.java:logGet(43)) - raft.server.log.purge.gap = 1000000 (custom)
2019-10-02 17:57:44,686 [pool-181-thread-1] INFO  server.RaftServerConfigKeys (ConfUtils.java:logGet(43)) - raft.server.log.purge.gap = 1000000 (custom)
2019-10-02 17:57:44,687 [pool-151-thread-1] INFO  server.RaftServerConfigKeys (ConfUtils.java:logGet(43)) - raft.server.log.appender.buffer.byte-limit = 33554432 (custom)
2019-10-02 17:57:44,687 [pool-141-thread-1] INFO  server.RaftServerConfigKeys (ConfUtils.java:logGet(43)) - raft.server.log.purge.gap = 1000000 (custom)
2019-10-02 17:57:44,687 [pool-151-thread-1] INFO  server.RaftServerConfigKeys (ConfUtils.java:logGet(43)) - raft.server.log.segment.size.max = 1048576 (custom)
2019-10-02 17:57:44,687 [pool-181-thread-1] INFO  server.RaftServerConfigKeys (ConfUtils.java:logGet(43)) - raft.server.log.appender.buffer.byte-limit = 33554432 (custom)
2019-10-02 17:57:44,687 [pool-151-thread-1] INFO  server.RaftServerConfigKeys (ConfUtils.java:logGet(43)) - raft.server.log.segment.cache.num.max = 2 (custom)
2019-10-02 17:57:44,687 [pool-141-thread-1] INFO  server.RaftServerConfigKeys (ConfUtils.java:logGet(43)) - raft.server.log.appender.buffer.byte-limit = 33554432 (custom)
2019-10-02 17:57:44,687 [pool-151-thread-1] INFO  segmented.SegmentedRaftLogWorker (SegmentedRaftLogWorker.java:<init>(173)) - new 4a0512f4-119f-4f66-8d84-cb92b75127d3@group-A80C3AC8BF93-SegmentedRaftLogWorker for RaftStorage:Storage Directory /workdir/hadoop-ozone/integration-test/target/test-dir/MiniOzoneClusterImpl-65f8f4fe-1764-4468-9f48-37bf81c95b0d/datanode-3/data/ratis/48a8a44c-979e-49fc-8342-a80c3ac8bf93
2019-10-02 17:57:44,687 [pool-181-thread-1] INFO  server.RaftServerConfigKeys (ConfUtils.java:logGet(43)) - raft.server.log.segment.size.max = 1048576 (custom)
2019-10-02 17:57:44,688 [pool-151-thread-1] INFO  server.RaftServerConfigKeys (ConfUtils.java:logGet(43)) - raft.server.log.queue.byte-limit = 2147483647 (custom)
2019-10-02 17:57:44,687 [pool-141-thread-1] INFO  server.RaftServerConfigKeys (ConfUtils.java:logGet(43)) - raft.server.log.segment.size.max = 1048576 (custom)
2019-10-02 17:57:44,688 [pool-151-thread-1] INFO  server.RaftServerConfigKeys (ConfUtils.java:logGet(43)) - raft.server.log.queue.element-limit = 1024 (custom)
2019-10-02 17:57:44,688 [pool-181-thread-1] INFO  server.RaftServerConfigKeys (ConfUtils.java:logGet(43)) - raft.server.log.segment.cache.num.max = 2 (custom)
2019-10-02 17:57:44,688 [pool-151-thread-1] INFO  server.RaftServerConfigKeys (ConfUtils.java:logGet(43)) - raft.server.log.segment.size.max = 1048576 (custom)
2019-10-02 17:57:44,688 [pool-141-thread-1] INFO  server.RaftServerConfigKeys (ConfUtils.java:logGet(43)) - raft.server.log.segment.cache.num.max = 2 (custom)
2019-10-02 17:57:44,688 [pool-151-thread-1] INFO  server.RaftServerConfigKeys (ConfUtils.java:logGet(43)) - raft.server.log.preallocated.size = 16384 (custom)
2019-10-02 17:57:44,688 [pool-181-thread-1] INFO  segmented.SegmentedRaftLogWorker (SegmentedRaftLogWorker.java:<init>(173)) - new ae729cbd-7ce4-47be-ae44-f885f4c1fbd3@group-A80C3AC8BF93-SegmentedRaftLogWorker for RaftStorage:Storage Directory /workdir/hadoop-ozone/integration-test/target/test-dir/MiniOzoneClusterImpl-65f8f4fe-1764-4468-9f48-37bf81c95b0d/datanode-6/data/ratis/48a8a44c-979e-49fc-8342-a80c3ac8bf93
2019-10-02 17:57:44,689 [pool-151-thread-1] INFO  server.RaftServerConfigKeys (ConfUtils.java:logGet(43)) - raft.server.log.write.buffer.size = 33554432 (custom)
2019-10-02 17:57:44,689 [pool-141-thread-1] INFO  segmented.SegmentedRaftLogWorker (SegmentedRaftLogWorker.java:<init>(173)) - new b7323768-8f87-4fb6-921f-bc5aae8c9ceb@group-A80C3AC8BF93-SegmentedRaftLogWorker for RaftStorage:Storage Directory /workdir/hadoop-ozone/integration-test/target/test-dir/MiniOzoneClusterImpl-65f8f4fe-1764-4468-9f48-37bf81c95b0d/datanode-2/data/ratis/48a8a44c-979e-49fc-8342-a80c3ac8bf93
2019-10-02 17:57:44,689 [pool-151-thread-1] INFO  server.RaftServerConfigKeys (ConfUtils.java:logGet(43)) - raft.server.log.force.sync.num = 128 (default)
2019-10-02 17:57:44,689 [pool-151-thread-1] INFO  server.RaftServerConfigKeys (ConfUtils.java:logGet(43)) - raft.server.log.statemachine.data.sync = true (default)
2019-10-02 17:57:44,689 [pool-181-thread-1] INFO  server.RaftServerConfigKeys (ConfUtils.java:logGet(43)) - raft.server.log.queue.byte-limit = 2147483647 (custom)
2019-10-02 17:57:44,689 [pool-151-thread-1] INFO  server.RaftServerConfigKeys (ConfUtils.java:logGet(43)) - raft.server.log.statemachine.data.sync.timeout = 10s (default)
2019-10-02 17:57:44,689 [pool-141-thread-1] INFO  server.RaftServerConfigKeys (ConfUtils.java:logGet(43)) - raft.server.log.queue.byte-limit = 2147483647 (custom)
2019-10-02 17:57:44,689 [pool-151-thread-1] INFO  server.RaftServerConfigKeys (ConfUtils.java:logGet(43)) - raft.server.log.statemachine.data.sync.timeout.retry = -1 (default)
2019-10-02 17:57:44,689 [pool-181-thread-1] INFO  server.RaftServerConfigKeys (ConfUtils.java:logGet(43)) - raft.server.log.queue.element-limit = 1024 (custom)
2019-10-02 17:57:44,690 [pool-151-thread-1] INFO  server.RaftServerConfigKeys (ConfUtils.java:logGet(43)) - raft.server.log.statemachine.data.caching.enabled = true (custom)
2019-10-02 17:57:44,690 [pool-141-thread-1] INFO  server.RaftServerConfigKeys (ConfUtils.java:logGet(43)) - raft.server.log.queue.element-limit = 1024 (custom)
2019-10-02 17:57:44,690 [pool-181-thread-1] INFO  server.RaftServerConfigKeys (ConfUtils.java:logGet(43)) - raft.server.log.segment.size.max = 1048576 (custom)
2019-10-02 17:57:44,690 [pool-141-thread-1] INFO  server.RaftServerConfigKeys (ConfUtils.java:logGet(43)) - raft.server.log.segment.size.max = 1048576 (custom)
2019-10-02 17:57:44,690 [pool-151-thread-1] INFO  segmented.SegmentedRaftLogWorker (SegmentedRaftLogWorker.java:lambda$new$0(128)) - 4a0512f4-119f-4f66-8d84-cb92b75127d3@group-A80C3AC8BF93-SegmentedRaftLogWorker: flushIndex: setUnconditionally 0 -> -1
2019-10-02 17:57:44,690 [pool-181-thread-1] INFO  server.RaftServerConfigKeys (ConfUtils.java:logGet(43)) - raft.server.log.preallocated.size = 16384 (custom)
2019-10-02 17:57:44,690 [pool-141-thread-1] INFO  server.RaftServerConfigKeys (ConfUtils.java:logGet(43)) - raft.server.log.preallocated.size = 16384 (custom)
2019-10-02 17:57:44,691 [pool-181-thread-1] INFO  server.RaftServerConfigKeys (ConfUtils.java:logGet(43)) - raft.server.log.write.buffer.size = 33554432 (custom)
2019-10-02 17:57:44,691 [pool-141-thread-1] INFO  server.RaftServerConfigKeys (ConfUtils.java:logGet(43)) - raft.server.log.write.buffer.size = 33554432 (custom)
2019-10-02 17:57:44,691 [pool-181-thread-1] INFO  server.RaftServerConfigKeys (ConfUtils.java:logGet(43)) - raft.server.log.force.sync.num = 128 (default)
2019-10-02 17:57:44,691 [pool-151-thread-1] INFO  server.RaftServerConfigKeys (ConfUtils.java:logGet(43)) - raft.server.snapshot.auto.trigger.enabled = true (custom)
2019-10-02 17:57:44,691 [pool-181-thread-1] INFO  server.RaftServerConfigKeys (ConfUtils.java:logGet(43)) - raft.server.log.statemachine.data.sync = true (default)
2019-10-02 17:57:44,691 [pool-141-thread-1] INFO  server.RaftServerConfigKeys (ConfUtils.java:logGet(43)) - raft.server.log.force.sync.num = 128 (default)
2019-10-02 17:57:44,691 [pool-181-thread-1] INFO  server.RaftServerConfigKeys (ConfUtils.java:logGet(43)) - raft.server.log.statemachine.data.sync.timeout = 10s (default)
2019-10-02 17:57:44,691 [pool-151-thread-1] INFO  server.RaftServerConfigKeys (ConfUtils.java:logGet(43)) - raft.server.snapshot.auto.trigger.threshold = 10000 (custom)
2019-10-02 17:57:44,691 [pool-181-thread-1] INFO  server.RaftServerConfigKeys (ConfUtils.java:logGet(43)) - raft.server.log.statemachine.data.sync.timeout.retry = -1 (default)
2019-10-02 17:57:44,691 [pool-141-thread-1] INFO  server.RaftServerConfigKeys (ConfUtils.java:logGet(43)) - raft.server.log.statemachine.data.sync = true (default)
2019-10-02 17:57:44,692 [pool-181-thread-1] INFO  server.RaftServerConfigKeys (ConfUtils.java:logGet(43)) - raft.server.log.statemachine.data.caching.enabled = true (custom)
2019-10-02 17:57:44,692 [pool-151-thread-1] INFO  server.RaftServerConfigKeys (ConfUtils.java:logGet(43)) - raft.server.snapshot.retention.file.num = 5 (custom)
2019-10-02 17:57:44,692 [pool-141-thread-1] INFO  server.RaftServerConfigKeys (ConfUtils.java:logGet(43)) - raft.server.log.statemachine.data.sync.timeout = 10s (default)
2019-10-02 17:57:44,692 [pool-151-thread-1] INFO  server.RaftServerConfigKeys (ConfUtils.java:logGet(43)) - raft.server.retrycache.expirytime = 600000ms (custom)
2019-10-02 17:57:44,692 [pool-181-thread-1] INFO  segmented.SegmentedRaftLogWorker (SegmentedRaftLogWorker.java:lambda$new$0(128)) - ae729cbd-7ce4-47be-ae44-f885f4c1fbd3@group-A80C3AC8BF93-SegmentedRaftLogWorker: flushIndex: setUnconditionally 0 -> -1
2019-10-02 17:57:44,692 [pool-141-thread-1] INFO  server.RaftServerConfigKeys (ConfUtils.java:logGet(43)) - raft.server.log.statemachine.data.sync.timeout.retry = -1 (default)
2019-10-02 17:57:44,693 [pool-141-thread-1] INFO  server.RaftServerConfigKeys (ConfUtils.java:logGet(43)) - raft.server.log.statemachine.data.caching.enabled = true (custom)
2019-10-02 17:57:44,693 [pool-181-thread-1] INFO  server.RaftServerConfigKeys (ConfUtils.java:logGet(43)) - raft.server.snapshot.auto.trigger.enabled = true (custom)
2019-10-02 17:57:44,693 [pool-181-thread-1] INFO  server.RaftServerConfigKeys (ConfUtils.java:logGet(43)) - raft.server.snapshot.auto.trigger.threshold = 10000 (custom)
2019-10-02 17:57:44,693 [pool-141-thread-1] INFO  segmented.SegmentedRaftLogWorker (SegmentedRaftLogWorker.java:lambda$new$0(128)) - b7323768-8f87-4fb6-921f-bc5aae8c9ceb@group-A80C3AC8BF93-SegmentedRaftLogWorker: flushIndex: setUnconditionally 0 -> -1
2019-10-02 17:57:44,693 [pool-181-thread-1] INFO  server.RaftServerConfigKeys (ConfUtils.java:logGet(43)) - raft.server.snapshot.retention.file.num = 5 (custom)
2019-10-02 17:57:44,693 [pool-181-thread-1] INFO  server.RaftServerConfigKeys (ConfUtils.java:logGet(43)) - raft.server.retrycache.expirytime = 600000ms (custom)
2019-10-02 17:57:44,694 [pool-141-thread-1] INFO  server.RaftServerConfigKeys (ConfUtils.java:logGet(43)) - raft.server.snapshot.auto.trigger.enabled = true (custom)
2019-10-02 17:57:44,694 [pool-141-thread-1] INFO  server.RaftServerConfigKeys (ConfUtils.java:logGet(43)) - raft.server.snapshot.auto.trigger.threshold = 10000 (custom)
2019-10-02 17:57:44,694 [pool-141-thread-1] INFO  server.RaftServerConfigKeys (ConfUtils.java:logGet(43)) - raft.server.snapshot.retention.file.num = 5 (custom)
2019-10-02 17:57:44,694 [pool-141-thread-1] INFO  server.RaftServerConfigKeys (ConfUtils.java:logGet(43)) - raft.server.retrycache.expirytime = 600000ms (custom)
2019-10-02 17:57:44,697 [pool-151-thread-1] INFO  impl.RaftServerImpl (RaftServerImpl.java:start(181)) - 4a0512f4-119f-4f66-8d84-cb92b75127d3@group-A80C3AC8BF93: start as a follower, conf=-1: [ae729cbd-7ce4-47be-ae44-f885f4c1fbd3:192.168.151.72:36044, 4a0512f4-119f-4f66-8d84-cb92b75127d3:192.168.151.72:38519, b7323768-8f87-4fb6-921f-bc5aae8c9ceb:192.168.151.72:45619], old=null
2019-10-02 17:57:44,697 [pool-181-thread-1] INFO  impl.RaftServerImpl (RaftServerImpl.java:start(181)) - ae729cbd-7ce4-47be-ae44-f885f4c1fbd3@group-A80C3AC8BF93: start as a follower, conf=-1: [ae729cbd-7ce4-47be-ae44-f885f4c1fbd3:192.168.151.72:36044, 4a0512f4-119f-4f66-8d84-cb92b75127d3:192.168.151.72:38519, b7323768-8f87-4fb6-921f-bc5aae8c9ceb:192.168.151.72:45619], old=null
2019-10-02 17:57:44,697 [pool-141-thread-1] INFO  impl.RaftServerImpl (RaftServerImpl.java:start(181)) - b7323768-8f87-4fb6-921f-bc5aae8c9ceb@group-A80C3AC8BF93: start as a follower, conf=-1: [ae729cbd-7ce4-47be-ae44-f885f4c1fbd3:192.168.151.72:36044, 4a0512f4-119f-4f66-8d84-cb92b75127d3:192.168.151.72:38519, b7323768-8f87-4fb6-921f-bc5aae8c9ceb:192.168.151.72:45619], old=null
2019-10-02 17:57:44,697 [pool-151-thread-1] INFO  impl.RaftServerImpl (RaftServerImpl.java:setRole(170)) - 4a0512f4-119f-4f66-8d84-cb92b75127d3@group-A80C3AC8BF93: changes role from      null to FOLLOWER at term 0 for startAsFollower
2019-10-02 17:57:44,697 [pool-141-thread-1] INFO  impl.RaftServerImpl (RaftServerImpl.java:setRole(170)) - b7323768-8f87-4fb6-921f-bc5aae8c9ceb@group-A80C3AC8BF93: changes role from      null to FOLLOWER at term 0 for startAsFollower
2019-10-02 17:57:44,697 [pool-181-thread-1] INFO  impl.RaftServerImpl (RaftServerImpl.java:setRole(170)) - ae729cbd-7ce4-47be-ae44-f885f4c1fbd3@group-A80C3AC8BF93: changes role from      null to FOLLOWER at term 0 for startAsFollower
2019-10-02 17:57:44,697 [pool-141-thread-1] INFO  impl.RoleInfo (RoleInfo.java:updateAndGet(143)) - b7323768-8f87-4fb6-921f-bc5aae8c9ceb: start FollowerState
2019-10-02 17:57:44,697 [pool-151-thread-1] INFO  impl.RoleInfo (RoleInfo.java:updateAndGet(143)) - 4a0512f4-119f-4f66-8d84-cb92b75127d3: start FollowerState
2019-10-02 17:57:44,698 [pool-181-thread-1] INFO  impl.RoleInfo (RoleInfo.java:updateAndGet(143)) - ae729cbd-7ce4-47be-ae44-f885f4c1fbd3: start FollowerState
2019-10-02 17:57:44,698 [pool-141-thread-1] INFO  util.JmxRegister (JmxRegister.java:tryRegister(44)) - Successfully registered JMX Bean with object name Ratis:service=RaftServer,group=group-A80C3AC8BF93,id=b7323768-8f87-4fb6-921f-bc5aae8c9ceb
2019-10-02 17:57:44,698 [pool-151-thread-1] INFO  util.JmxRegister (JmxRegister.java:tryRegister(44)) - Successfully registered JMX Bean with object name Ratis:service=RaftServer,group=group-A80C3AC8BF93,id=4a0512f4-119f-4f66-8d84-cb92b75127d3
2019-10-02 17:57:44,698 [pool-181-thread-1] INFO  util.JmxRegister (JmxRegister.java:tryRegister(44)) - Successfully registered JMX Bean with object name Ratis:service=RaftServer,group=group-A80C3AC8BF93,id=ae729cbd-7ce4-47be-ae44-f885f4c1fbd3
2019-10-02 17:57:44,713 [RatisPipelineUtilsThread] INFO  pipeline.PipelineStateManager (PipelineStateManager.java:addPipeline(56)) - Created pipeline Pipeline[ Id: 48a8a44c-979e-49fc-8342-a80c3ac8bf93, Nodes: ae729cbd-7ce4-47be-ae44-f885f4c1fbd3{ip: 192.168.151.72, host: pr-trunk-fgz7f-2353921243, networkLocation: /default-rack, certSerialId: null}b7323768-8f87-4fb6-921f-bc5aae8c9ceb{ip: 192.168.151.72, host: pr-trunk-fgz7f-2353921243, networkLocation: /default-rack, certSerialId: null}4a0512f4-119f-4f66-8d84-cb92b75127d3{ip: 192.168.151.72, host: pr-trunk-fgz7f-2353921243, networkLocation: /default-rack, certSerialId: null}, Type:RATIS, Factor:THREE, State:OPEN]
2019-10-02 17:57:45,636 [main] WARN  io.KeyOutputStream (KeyOutputStream.java:handleException(274)) - Encountered exception java.io.IOException: Unexpected Storage Container Exception: java.util.concurrent.CompletionException: java.util.concurrent.CompletionException: org.apache.ratis.protocol.GroupMismatchException: b7323768-8f87-4fb6-921f-bc5aae8c9ceb: group-43D12C6AF65D not found. on the pipeline Pipeline[ Id: d5b69d7d-3b5c-477f-a5bf-43d12c6af65d, Nodes: ae729cbd-7ce4-47be-ae44-f885f4c1fbd3{ip: 192.168.151.72, host: pr-trunk-fgz7f-2353921243, networkLocation: /default-rack, certSerialId: null}b7323768-8f87-4fb6-921f-bc5aae8c9ceb{ip: 192.168.151.72, host: pr-trunk-fgz7f-2353921243, networkLocation: /default-rack, certSerialId: null}4a0512f4-119f-4f66-8d84-cb92b75127d3{ip: 192.168.151.72, host: pr-trunk-fgz7f-2353921243, networkLocation: /default-rack, certSerialId: null}, Type:RATIS, Factor:THREE, State:OPEN]. The last committed block length is 0, uncommitted data length is 400 retry count 2
2019-10-02 17:57:45,819 [pool-130-thread-4] ERROR impl.ChunkManagerImpl (ChunkUtils.java:writeData(89)) - data array does not match the length specified. DataLen: 100 Byte Array: 246
2019-10-02 17:57:45,823 [pool-130-thread-4] INFO  keyvalue.KeyValueHandler (ContainerUtils.java:logAndReturnError(146)) - Operation: WriteChunk : Trace ID: add5cea5fec33c52:add5cea5fec33c52:0:0 : Message: data array does not match the length specified. DataLen: 100 Byte Array: 246 : Result: INVALID_WRITE_SIZE
2019-10-02 17:57:45,837 [EventQueue-IncrementalContainerReportForIncrementalContainerReportHandler] WARN  container.IncrementalContainerReportHandler (AbstractContainerReportHandler.java:updateContainerState(143)) - Container #6 is in OPEN state, but the datanode 3933d80c-e8ff-4f72-bba7-02820fb600e2{ip: 192.168.151.72, host: pr-trunk-fgz7f-2353921243, networkLocation: /default-rack, certSerialId: null} reports an UNHEALTHY replica.
2019-10-02 17:57:45,841 [EventQueue-CloseContainerForCloseContainerEventHandler] INFO  container.CloseContainerEventHandler (CloseContainerEventHandler.java:onMessage(61)) - Close container Event triggered for container : #6
17:57:45.837 [pool-130-thread-4] ERROR DNAudit - user=null | ip=null | op=WRITE_CHUNK {blockData=conID: 6 locID: 102894080207355915 bcsId: 0} | ret=FAILURE
java.lang.Exception: data array does not match the length specified. DataLen: 100 Byte Array: 246
	at org.apache.hadoop.ozone.container.common.impl.HddsDispatcher.dispatchRequest(HddsDispatcher.java:330) ~[hadoop-hdds-container-service-0.5.0-SNAPSHOT.jar:?]
	at org.apache.hadoop.ozone.container.common.impl.HddsDispatcher.dispatch(HddsDispatcher.java:150) ~[hadoop-hdds-container-service-0.5.0-SNAPSHOT.jar:?]
	at org.apache.hadoop.ozone.container.common.transport.server.ratis.ContainerStateMachine.dispatchCommand(ContainerStateMachine.java:411) ~[hadoop-hdds-container-service-0.5.0-SNAPSHOT.jar:?]
	at org.apache.hadoop.ozone.container.common.transport.server.ratis.ContainerStateMachine.runCommand(ContainerStateMachine.java:419) ~[hadoop-hdds-container-service-0.5.0-SNAPSHOT.jar:?]
	at org.apache.hadoop.ozone.container.common.transport.server.ratis.ContainerStateMachine.lambda$handleWriteChunk$1(ContainerStateMachine.java:454) ~[hadoop-hdds-container-service-0.5.0-SNAPSHOT.jar:?]
	at java.util.concurrent.CompletableFuture$AsyncSupply.run(CompletableFuture.java:1590) [?:1.8.0_212]
	at java.util.concurrent.ThreadPoolExecutor.runWorker(ThreadPoolExecutor.java:1149) [?:1.8.0_212]
	at java.util.concurrent.ThreadPoolExecutor$Worker.run(ThreadPoolExecutor.java:624) [?:1.8.0_212]
	at java.lang.Thread.run(Thread.java:748) [?:1.8.0_212]
2019-10-02 17:57:45,841 [pool-130-thread-4] ERROR ratis.ContainerStateMachine (ContainerStateMachine.java:lambda$handleWriteChunk$2(474)) - group-3CA089F748F7: writeChunk writeStateMachineData failed: blockIdcontainerID: 6
localID: 102894080207355915
blockCommitSequenceId: 0
 logIndex 1 chunkName 102894080207355915_chunk_1 Error message: data array does not match the length specified. DataLen: 100 Byte Array: 246 Container Result: INVALID_WRITE_SIZE
2019-10-02 17:57:45,842 [3933d80c-e8ff-4f72-bba7-02820fb600e2@group-3CA089F748F7-SegmentedRaftLogWorker] ERROR ratis.XceiverServerRatis (XceiverServerRatis.java:triggerPipelineClose(581)) - pipeline Action CLOSE  on pipeline PipelineID=b6bae989-c089-4962-b325-3ca089f748f7.Reason : data array does not match the length specified. DataLen: 100 Byte Array: 246
2019-10-02 17:57:45,842 [3933d80c-e8ff-4f72-bba7-02820fb600e2@group-3CA089F748F7-SegmentedRaftLogWorker] ERROR ratis.XceiverServerRatis (XceiverServerRatis.java:triggerPipelineClose(581)) - pipeline Action CLOSE  on pipeline PipelineID=b6bae989-c089-4962-b325-3ca089f748f7.Reason : Log already failed at index 1 for task WriteLog:1: (t:1, i:1), STATEMACHINELOGENTRY, client-3C8D168FF76A, cid=132
2019-10-02 17:57:45,842 [EventQueue-PipelineActionsForPipelineActionHandler] ERROR pipeline.PipelineActionHandler (PipelineActionHandler.java:onMessage(60)) - Received pipeline action CLOSE for Pipeline[ Id: b6bae989-c089-4962-b325-3ca089f748f7, Nodes: 91a1b220-aea4-4dd3-92cb-bba23af74008{ip: 192.168.151.72, host: pr-trunk-fgz7f-2353921243, networkLocation: /default-rack, certSerialId: null}3933d80c-e8ff-4f72-bba7-02820fb600e2{ip: 192.168.151.72, host: pr-trunk-fgz7f-2353921243, networkLocation: /default-rack, certSerialId: null}b497eacb-55a3-4ffa-9375-3900e91065f4{ip: 192.168.151.72, host: pr-trunk-fgz7f-2353921243, networkLocation: /default-rack, certSerialId: null}, Type:RATIS, Factor:THREE, State:OPEN] from datanode 3933d80c-e8ff-4f72-bba7-02820fb600e2{ip: 192.168.151.72, host: pr-trunk-fgz7f-2353921243, networkLocation: /default-rack, certSerialId: null}. Reason : data array does not match the length specified. DataLen: 100 Byte Array: 246
2019-10-02 17:57:45,843 [EventQueue-PipelineActionsForPipelineActionHandler] INFO  pipeline.SCMPipelineManager (SCMPipelineManager.java:finalizeAndDestroyPipeline(315)) - destroying pipeline:Pipeline[ Id: b6bae989-c089-4962-b325-3ca089f748f7, Nodes: 91a1b220-aea4-4dd3-92cb-bba23af74008{ip: 192.168.151.72, host: pr-trunk-fgz7f-2353921243, networkLocation: /default-rack, certSerialId: null}3933d80c-e8ff-4f72-bba7-02820fb600e2{ip: 192.168.151.72, host: pr-trunk-fgz7f-2353921243, networkLocation: /default-rack, certSerialId: null}b497eacb-55a3-4ffa-9375-3900e91065f4{ip: 192.168.151.72, host: pr-trunk-fgz7f-2353921243, networkLocation: /default-rack, certSerialId: null}, Type:RATIS, Factor:THREE, State:OPEN]
2019-10-02 17:57:45,843 [EventQueue-PipelineActionsForPipelineActionHandler] INFO  pipeline.PipelineStateManager (PipelineStateManager.java:finalizePipeline(123)) - Pipeline Pipeline[ Id: b6bae989-c089-4962-b325-3ca089f748f7, Nodes: 91a1b220-aea4-4dd3-92cb-bba23af74008{ip: 192.168.151.72, host: pr-trunk-fgz7f-2353921243, networkLocation: /default-rack, certSerialId: null}3933d80c-e8ff-4f72-bba7-02820fb600e2{ip: 192.168.151.72, host: pr-trunk-fgz7f-2353921243, networkLocation: /default-rack, certSerialId: null}b497eacb-55a3-4ffa-9375-3900e91065f4{ip: 192.168.151.72, host: pr-trunk-fgz7f-2353921243, networkLocation: /default-rack, certSerialId: null}, Type:RATIS, Factor:THREE, State:CLOSED] moved to CLOSED state
2019-10-02 17:57:45,843 [EventQueue-PipelineActionsForPipelineActionHandler] ERROR pipeline.PipelineActionHandler (PipelineActionHandler.java:onMessage(60)) - Received pipeline action CLOSE for Pipeline[ Id: b6bae989-c089-4962-b325-3ca089f748f7, Nodes: 91a1b220-aea4-4dd3-92cb-bba23af74008{ip: 192.168.151.72, host: pr-trunk-fgz7f-2353921243, networkLocation: /default-rack, certSerialId: null}3933d80c-e8ff-4f72-bba7-02820fb600e2{ip: 192.168.151.72, host: pr-trunk-fgz7f-2353921243, networkLocation: /default-rack, certSerialId: null}b497eacb-55a3-4ffa-9375-3900e91065f4{ip: 192.168.151.72, host: pr-trunk-fgz7f-2353921243, networkLocation: /default-rack, certSerialId: null}, Type:RATIS, Factor:THREE, State:CLOSED] from datanode 3933d80c-e8ff-4f72-bba7-02820fb600e2{ip: 192.168.151.72, host: pr-trunk-fgz7f-2353921243, networkLocation: /default-rack, certSerialId: null}. Reason : Log already failed at index 1 for task WriteLog:1: (t:1, i:1), STATEMACHINELOGENTRY, client-3C8D168FF76A, cid=132
2019-10-02 17:57:45,844 [EventQueue-PipelineActionsForPipelineActionHandler] INFO  pipeline.SCMPipelineManager (SCMPipelineManager.java:finalizeAndDestroyPipeline(315)) - destroying pipeline:Pipeline[ Id: b6bae989-c089-4962-b325-3ca089f748f7, Nodes: 91a1b220-aea4-4dd3-92cb-bba23af74008{ip: 192.168.151.72, host: pr-trunk-fgz7f-2353921243, networkLocation: /default-rack, certSerialId: null}3933d80c-e8ff-4f72-bba7-02820fb600e2{ip: 192.168.151.72, host: pr-trunk-fgz7f-2353921243, networkLocation: /default-rack, certSerialId: null}b497eacb-55a3-4ffa-9375-3900e91065f4{ip: 192.168.151.72, host: pr-trunk-fgz7f-2353921243, networkLocation: /default-rack, certSerialId: null}, Type:RATIS, Factor:THREE, State:CLOSED]
2019-10-02 17:57:48,708 [java.util.concurrent.ThreadPoolExecutor$Worker@38227110[State = -1, empty queue]] ERROR client.GrpcClientProtocolClient (GrpcClientProtocolClient.java:close(148)) - Unexpected exception while waiting for channel termination
java.lang.InterruptedException
	at java.util.concurrent.locks.AbstractQueuedSynchronizer.tryAcquireSharedNanos(AbstractQueuedSynchronizer.java:1326)
	at java.util.concurrent.CountDownLatch.await(CountDownLatch.java:277)
	at org.apache.ratis.thirdparty.io.grpc.internal.ManagedChannelImpl.awaitTermination(ManagedChannelImpl.java:763)
	at org.apache.ratis.thirdparty.io.grpc.internal.ForwardingManagedChannel.awaitTermination(ForwardingManagedChannel.java:57)
	at org.apache.ratis.thirdparty.io.grpc.internal.ManagedChannelOrphanWrapper.awaitTermination(ManagedChannelOrphanWrapper.java:70)
	at org.apache.ratis.grpc.client.GrpcClientProtocolClient.close(GrpcClientProtocolClient.java:146)
	at org.apache.ratis.util.PeerProxyMap$PeerAndProxy.lambda$close$1(PeerProxyMap.java:74)
	at org.apache.ratis.util.LifeCycle.lambda$checkStateAndClose$2(LifeCycle.java:231)
	at org.apache.ratis.util.LifeCycle.checkStateAndClose(LifeCycle.java:251)
	at org.apache.ratis.util.LifeCycle.checkStateAndClose(LifeCycle.java:229)
	at org.apache.ratis.util.PeerProxyMap$PeerAndProxy.close(PeerProxyMap.java:70)
	at org.apache.ratis.util.PeerProxyMap.resetProxy(PeerProxyMap.java:127)
	at org.apache.ratis.util.PeerProxyMap.handleException(PeerProxyMap.java:136)
	at org.apache.ratis.client.impl.RaftClientRpcWithProxy.handleException(RaftClientRpcWithProxy.java:47)
	at org.apache.ratis.client.impl.RaftClientImpl.handleIOException(RaftClientImpl.java:372)
	at org.apache.ratis.client.impl.OrderedAsync.lambda$sendRequest$10(OrderedAsync.java:236)
	at java.util.concurrent.CompletableFuture.uniExceptionally(CompletableFuture.java:870)
	at java.util.concurrent.CompletableFuture$UniExceptionally.tryFire(CompletableFuture.java:852)
	at java.util.concurrent.CompletableFuture.postComplete(CompletableFuture.java:474)
	at java.util.concurrent.CompletableFuture.completeExceptionally(CompletableFuture.java:1977)
	at org.apache.ratis.grpc.client.GrpcClientProtocolClient$AsyncStreamObservers.lambda$timeoutCheck$3(GrpcClientProtocolClient.java:324)
	at java.util.Optional.ifPresent(Optional.java:159)
	at org.apache.ratis.grpc.client.GrpcClientProtocolClient$AsyncStreamObservers.handleReplyFuture(GrpcClientProtocolClient.java:329)
	at org.apache.ratis.grpc.client.GrpcClientProtocolClient$AsyncStreamObservers.timeoutCheck(GrpcClientProtocolClient.java:324)
	at org.apache.ratis.grpc.client.GrpcClientProtocolClient$AsyncStreamObservers.lambda$onNext$1(GrpcClientProtocolClient.java:318)
	at org.apache.ratis.util.TimeoutScheduler.lambda$onTimeout$0(TimeoutScheduler.java:113)
	at org.apache.ratis.util.TimeoutScheduler.lambda$onTimeout$1(TimeoutScheduler.java:133)
	at org.apache.ratis.util.LogUtils.runAndLog(LogUtils.java:50)
	at org.apache.ratis.util.LogUtils$1.run(LogUtils.java:91)
	at java.util.concurrent.Executors$RunnableAdapter.call(Executors.java:511)
	at java.util.concurrent.FutureTask.run(FutureTask.java:266)
	at java.util.concurrent.ScheduledThreadPoolExecutor$ScheduledFutureTask.access$201(ScheduledThreadPoolExecutor.java:180)
	at java.util.concurrent.ScheduledThreadPoolExecutor$ScheduledFutureTask.run(ScheduledThreadPoolExecutor.java:293)
	at java.util.concurrent.ThreadPoolExecutor.runWorker(ThreadPoolExecutor.java:1149)
	at java.util.concurrent.ThreadPoolExecutor$Worker.run(ThreadPoolExecutor.java:624)
	at java.lang.Thread.run(Thread.java:748)
2019-10-02 17:57:48,712 [java.util.concurrent.ThreadPoolExecutor$Worker@38227110[State = -1, empty queue]] WARN  util.TimeoutScheduler (LogUtils.java:runAndLog(55)) - Failed to task #0: java.lang.NullPointerException
2019-10-02 17:57:49,712 [Thread-2230] INFO  impl.FollowerState (FollowerState.java:run(108)) - 4a0512f4-119f-4f66-8d84-cb92b75127d3@group-A80C3AC8BF93-FollowerState: change to CANDIDATE, lastRpcTime:5014ms, electionTimeout:5013ms
2019-10-02 17:57:49,720 [Thread-2230] INFO  impl.RoleInfo (RoleInfo.java:shutdownFollowerState(121)) - 4a0512f4-119f-4f66-8d84-cb92b75127d3: shutdown FollowerState
2019-10-02 17:57:49,720 [Thread-2230] INFO  impl.RaftServerImpl (RaftServerImpl.java:setRole(170)) - 4a0512f4-119f-4f66-8d84-cb92b75127d3@group-A80C3AC8BF93: changes role from  FOLLOWER to CANDIDATE at term 0 for changeToCandidate
2019-10-02 17:57:49,720 [Thread-2230] INFO  impl.RoleInfo (RoleInfo.java:updateAndGet(143)) - 4a0512f4-119f-4f66-8d84-cb92b75127d3: start LeaderElection
2019-10-02 17:57:49,747 [4a0512f4-119f-4f66-8d84-cb92b75127d3@group-A80C3AC8BF93-LeaderElection40] INFO  impl.LeaderElection (LeaderElection.java:askForVotes(178)) - 4a0512f4-119f-4f66-8d84-cb92b75127d3@group-A80C3AC8BF93-LeaderElection40: begin an election at term 1 for -1: [ae729cbd-7ce4-47be-ae44-f885f4c1fbd3:192.168.151.72:36044, 4a0512f4-119f-4f66-8d84-cb92b75127d3:192.168.151.72:38519, b7323768-8f87-4fb6-921f-bc5aae8c9ceb:192.168.151.72:45619], old=null
2019-10-02 17:57:49,755 [grpc-default-executor-14] INFO  impl.RaftServerImpl (RaftServerImpl.java:setRole(170)) - ae729cbd-7ce4-47be-ae44-f885f4c1fbd3@group-A80C3AC8BF93: changes role from  FOLLOWER to FOLLOWER at term 1 for recognizeCandidate:4a0512f4-119f-4f66-8d84-cb92b75127d3
2019-10-02 17:57:49,757 [grpc-default-executor-19] INFO  impl.RaftServerImpl (RaftServerImpl.java:setRole(170)) - b7323768-8f87-4fb6-921f-bc5aae8c9ceb@group-A80C3AC8BF93: changes role from  FOLLOWER to FOLLOWER at term 1 for recognizeCandidate:4a0512f4-119f-4f66-8d84-cb92b75127d3
2019-10-02 17:57:49,757 [grpc-default-executor-14] INFO  impl.RoleInfo (RoleInfo.java:shutdownFollowerState(121)) - ae729cbd-7ce4-47be-ae44-f885f4c1fbd3: shutdown FollowerState
2019-10-02 17:57:49,757 [grpc-default-executor-19] INFO  impl.RoleInfo (RoleInfo.java:shutdownFollowerState(121)) - b7323768-8f87-4fb6-921f-bc5aae8c9ceb: shutdown FollowerState
2019-10-02 17:57:49,757 [grpc-default-executor-14] INFO  impl.RoleInfo (RoleInfo.java:updateAndGet(143)) - ae729cbd-7ce4-47be-ae44-f885f4c1fbd3: start FollowerState
2019-10-02 17:57:49,757 [Thread-2232] INFO  impl.FollowerState (FollowerState.java:run(117)) - ae729cbd-7ce4-47be-ae44-f885f4c1fbd3@group-A80C3AC8BF93-FollowerState was interrupted: java.lang.InterruptedException: sleep interrupted
2019-10-02 17:57:49,757 [grpc-default-executor-19] INFO  impl.RoleInfo (RoleInfo.java:updateAndGet(143)) - b7323768-8f87-4fb6-921f-bc5aae8c9ceb: start FollowerState
2019-10-02 17:57:49,757 [Thread-2231] INFO  impl.FollowerState (FollowerState.java:run(117)) - b7323768-8f87-4fb6-921f-bc5aae8c9ceb@group-A80C3AC8BF93-FollowerState was interrupted: java.lang.InterruptedException: sleep interrupted
2019-10-02 17:57:49,788 [4a0512f4-119f-4f66-8d84-cb92b75127d3@group-A80C3AC8BF93-LeaderElection40] INFO  impl.LeaderElection (LeaderElection.java:logAndReturn(56)) - 4a0512f4-119f-4f66-8d84-cb92b75127d3@group-A80C3AC8BF93-LeaderElection40: Election PASSED; received 1 response(s) [4a0512f4-119f-4f66-8d84-cb92b75127d3<-ae729cbd-7ce4-47be-ae44-f885f4c1fbd3#0:OK-t1] and 0 exception(s); 4a0512f4-119f-4f66-8d84-cb92b75127d3@group-A80C3AC8BF93:t1, leader=null, voted=4a0512f4-119f-4f66-8d84-cb92b75127d3, raftlog=4a0512f4-119f-4f66-8d84-cb92b75127d3@group-A80C3AC8BF93-SegmentedRaftLog:OPENED:c-1,f-1,i0, conf=-1: [ae729cbd-7ce4-47be-ae44-f885f4c1fbd3:192.168.151.72:36044, 4a0512f4-119f-4f66-8d84-cb92b75127d3:192.168.151.72:38519, b7323768-8f87-4fb6-921f-bc5aae8c9ceb:192.168.151.72:45619], old=null
2019-10-02 17:57:49,789 [4a0512f4-119f-4f66-8d84-cb92b75127d3@group-A80C3AC8BF93-LeaderElection40] INFO  impl.RoleInfo (RoleInfo.java:shutdownLeaderElection(134)) - 4a0512f4-119f-4f66-8d84-cb92b75127d3: shutdown LeaderElection
2019-10-02 17:57:49,789 [4a0512f4-119f-4f66-8d84-cb92b75127d3@group-A80C3AC8BF93-LeaderElection40] INFO  impl.RaftServerImpl (RaftServerImpl.java:setRole(170)) - 4a0512f4-119f-4f66-8d84-cb92b75127d3@group-A80C3AC8BF93: changes role from CANDIDATE to LEADER at term 1 for changeToLeader
2019-10-02 17:57:49,789 [4a0512f4-119f-4f66-8d84-cb92b75127d3@group-A80C3AC8BF93-LeaderElection40] INFO  impl.RaftServerImpl (ServerState.java:setLeader(255)) - 4a0512f4-119f-4f66-8d84-cb92b75127d3@group-A80C3AC8BF93: change Leader from null to 4a0512f4-119f-4f66-8d84-cb92b75127d3 at term 1 for becomeLeader, leader elected after 5103ms
2019-10-02 17:57:49,789 [4a0512f4-119f-4f66-8d84-cb92b75127d3@group-A80C3AC8BF93-LeaderElection40] INFO  server.RaftServerConfigKeys (ConfUtils.java:logGet(43)) - raft.server.staging.catchup.gap = 1000 (default)
2019-10-02 17:57:49,790 [4a0512f4-119f-4f66-8d84-cb92b75127d3@group-A80C3AC8BF93-LeaderElection40] INFO  server.RaftServerConfigKeys (ConfUtils.java:logGet(43)) - raft.server.rpc.sleep.time = 25ms (default)
2019-10-02 17:57:49,790 [4a0512f4-119f-4f66-8d84-cb92b75127d3@group-A80C3AC8BF93-LeaderElection40] INFO  server.RaftServerConfigKeys (ConfUtils.java:logGet(43)) - raft.server.write.element-limit = 4096 (default)
2019-10-02 17:57:49,790 [4a0512f4-119f-4f66-8d84-cb92b75127d3@group-A80C3AC8BF93-LeaderElection40] INFO  server.RaftServerConfigKeys (ConfUtils.java:logGet(43)) - raft.server.watch.timeout = 10s (default)
2019-10-02 17:57:49,790 [4a0512f4-119f-4f66-8d84-cb92b75127d3@group-A80C3AC8BF93-LeaderElection40] INFO  server.RaftServerConfigKeys (ConfUtils.java:logGet(43)) - raft.server.watch.timeout.denomination = 1s (default)
2019-10-02 17:57:49,790 [4a0512f4-119f-4f66-8d84-cb92b75127d3@group-A80C3AC8BF93-LeaderElection40] INFO  server.RaftServerConfigKeys (ConfUtils.java:logGet(43)) - raft.server.watch.element-limit = 65536 (default)
2019-10-02 17:57:49,794 [4a0512f4-119f-4f66-8d84-cb92b75127d3@group-A80C3AC8BF93-LeaderElection40] INFO  server.RaftServerConfigKeys (ConfUtils.java:logGet(43)) - raft.server.log.appender.snapshot.chunk.size.max = 16MB (=16777216) (default)
2019-10-02 17:57:49,795 [4a0512f4-119f-4f66-8d84-cb92b75127d3@group-A80C3AC8BF93-LeaderElection40] INFO  server.RaftServerConfigKeys (ConfUtils.java:logGet(43)) - raft.server.log.appender.buffer.byte-limit = 33554432 (custom)
2019-10-02 17:57:49,795 [4a0512f4-119f-4f66-8d84-cb92b75127d3@group-A80C3AC8BF93-LeaderElection40] INFO  server.RaftServerConfigKeys (ConfUtils.java:logGet(43)) - raft.server.log.appender.buffer.element-limit = 1 (custom)
2019-10-02 17:57:49,795 [4a0512f4-119f-4f66-8d84-cb92b75127d3@group-A80C3AC8BF93-LeaderElection40] INFO  grpc.GrpcConfigKeys$Server (ConfUtils.java:logGet(43)) - raft.grpc.server.leader.outstanding.appends.max = 128 (default)
2019-10-02 17:57:49,796 [4a0512f4-119f-4f66-8d84-cb92b75127d3@group-A80C3AC8BF93-LeaderElection40] INFO  server.RaftServerConfigKeys (ConfUtils.java:logGet(43)) - raft.server.rpc.request.timeout = 3000ms (default)
2019-10-02 17:57:49,796 [4a0512f4-119f-4f66-8d84-cb92b75127d3@group-A80C3AC8BF93-LeaderElection40] INFO  server.RaftServerConfigKeys (ConfUtils.java:logGet(43)) - raft.server.log.appender.install.snapshot.enabled = false (custom)
2019-10-02 17:57:49,796 [4a0512f4-119f-4f66-8d84-cb92b75127d3@group-A80C3AC8BF93-LeaderElection40] INFO  server.RaftServerConfigKeys (ConfUtils.java:logGet(43)) - raft.server.log.appender.snapshot.chunk.size.max = 16MB (=16777216) (default)
2019-10-02 17:57:49,796 [4a0512f4-119f-4f66-8d84-cb92b75127d3@group-A80C3AC8BF93-LeaderElection40] INFO  server.RaftServerConfigKeys (ConfUtils.java:logGet(43)) - raft.server.log.appender.buffer.byte-limit = 33554432 (custom)
2019-10-02 17:57:49,797 [4a0512f4-119f-4f66-8d84-cb92b75127d3@group-A80C3AC8BF93-LeaderElection40] INFO  server.RaftServerConfigKeys (ConfUtils.java:logGet(43)) - raft.server.log.appender.buffer.element-limit = 1 (custom)
2019-10-02 17:57:49,797 [4a0512f4-119f-4f66-8d84-cb92b75127d3@group-A80C3AC8BF93-LeaderElection40] INFO  grpc.GrpcConfigKeys$Server (ConfUtils.java:logGet(43)) - raft.grpc.server.leader.outstanding.appends.max = 128 (default)
2019-10-02 17:57:49,797 [4a0512f4-119f-4f66-8d84-cb92b75127d3@group-A80C3AC8BF93-LeaderElection40] INFO  server.RaftServerConfigKeys (ConfUtils.java:logGet(43)) - raft.server.rpc.request.timeout = 3000ms (default)
2019-10-02 17:57:49,797 [4a0512f4-119f-4f66-8d84-cb92b75127d3@group-A80C3AC8BF93-LeaderElection40] INFO  server.RaftServerConfigKeys (ConfUtils.java:logGet(43)) - raft.server.log.appender.install.snapshot.enabled = false (custom)
2019-10-02 17:57:49,797 [4a0512f4-119f-4f66-8d84-cb92b75127d3@group-A80C3AC8BF93-LeaderElection40] INFO  impl.RoleInfo (RoleInfo.java:updateAndGet(143)) - 4a0512f4-119f-4f66-8d84-cb92b75127d3: start LeaderState
2019-10-02 17:57:49,798 [4a0512f4-119f-4f66-8d84-cb92b75127d3@group-A80C3AC8BF93-LeaderElection40] INFO  segmented.SegmentedRaftLogWorker (SegmentedRaftLogWorker.java:startLogSegment(385)) - 4a0512f4-119f-4f66-8d84-cb92b75127d3@group-A80C3AC8BF93-SegmentedRaftLogWorker: Starting segment from index:0
2019-10-02 17:57:49,799 [4a0512f4-119f-4f66-8d84-cb92b75127d3@group-A80C3AC8BF93-LeaderElection40] INFO  impl.RaftServerImpl (ServerState.java:setRaftConf(356)) - 4a0512f4-119f-4f66-8d84-cb92b75127d3@group-A80C3AC8BF93: set configuration 0: [ae729cbd-7ce4-47be-ae44-f885f4c1fbd3:192.168.151.72:36044, 4a0512f4-119f-4f66-8d84-cb92b75127d3:192.168.151.72:38519, b7323768-8f87-4fb6-921f-bc5aae8c9ceb:192.168.151.72:45619], old=null at 0
2019-10-02 17:57:49,826 [grpc-default-executor-19] INFO  impl.RaftServerImpl (ServerState.java:setLeader(255)) - b7323768-8f87-4fb6-921f-bc5aae8c9ceb@group-A80C3AC8BF93: change Leader from null to 4a0512f4-119f-4f66-8d84-cb92b75127d3 at term 1 for appendEntries, leader elected after 5140ms
2019-10-02 17:57:49,826 [grpc-default-executor-14] INFO  impl.RaftServerImpl (ServerState.java:setLeader(255)) - ae729cbd-7ce4-47be-ae44-f885f4c1fbd3@group-A80C3AC8BF93: change Leader from null to 4a0512f4-119f-4f66-8d84-cb92b75127d3 at term 1 for appendEntries, leader elected after 5139ms
2019-10-02 17:57:49,836 [grpc-default-executor-19] INFO  impl.RaftServerImpl (ServerState.java:setRaftConf(356)) - b7323768-8f87-4fb6-921f-bc5aae8c9ceb@group-A80C3AC8BF93: set configuration 0: [ae729cbd-7ce4-47be-ae44-f885f4c1fbd3:192.168.151.72:36044, 4a0512f4-119f-4f66-8d84-cb92b75127d3:192.168.151.72:38519, b7323768-8f87-4fb6-921f-bc5aae8c9ceb:192.168.151.72:45619], old=null at 0
2019-10-02 17:57:49,837 [grpc-default-executor-14] INFO  impl.RaftServerImpl (ServerState.java:setRaftConf(356)) - ae729cbd-7ce4-47be-ae44-f885f4c1fbd3@group-A80C3AC8BF93: set configuration 0: [ae729cbd-7ce4-47be-ae44-f885f4c1fbd3:192.168.151.72:36044, 4a0512f4-119f-4f66-8d84-cb92b75127d3:192.168.151.72:38519, b7323768-8f87-4fb6-921f-bc5aae8c9ceb:192.168.151.72:45619], old=null at 0
2019-10-02 17:57:49,837 [4a0512f4-119f-4f66-8d84-cb92b75127d3@group-A80C3AC8BF93-SegmentedRaftLogWorker] INFO  segmented.SegmentedRaftLogWorker (SegmentedRaftLogWorker.java:execute(574)) - 4a0512f4-119f-4f66-8d84-cb92b75127d3@group-A80C3AC8BF93-SegmentedRaftLogWorker: created new log segment /workdir/hadoop-ozone/integration-test/target/test-dir/MiniOzoneClusterImpl-65f8f4fe-1764-4468-9f48-37bf81c95b0d/datanode-3/data/ratis/48a8a44c-979e-49fc-8342-a80c3ac8bf93/current/log_inprogress_0
2019-10-02 17:57:49,837 [grpc-default-executor-19] INFO  segmented.SegmentedRaftLogWorker (SegmentedRaftLogWorker.java:startLogSegment(385)) - b7323768-8f87-4fb6-921f-bc5aae8c9ceb@group-A80C3AC8BF93-SegmentedRaftLogWorker: Starting segment from index:0
2019-10-02 17:57:49,837 [grpc-default-executor-14] INFO  segmented.SegmentedRaftLogWorker (SegmentedRaftLogWorker.java:startLogSegment(385)) - ae729cbd-7ce4-47be-ae44-f885f4c1fbd3@group-A80C3AC8BF93-SegmentedRaftLogWorker: Starting segment from index:0
2019-10-02 17:57:49,884 [ae729cbd-7ce4-47be-ae44-f885f4c1fbd3@group-A80C3AC8BF93-SegmentedRaftLogWorker] INFO  segmented.SegmentedRaftLogWorker (SegmentedRaftLogWorker.java:execute(574)) - ae729cbd-7ce4-47be-ae44-f885f4c1fbd3@group-A80C3AC8BF93-SegmentedRaftLogWorker: created new log segment /workdir/hadoop-ozone/integration-test/target/test-dir/MiniOzoneClusterImpl-65f8f4fe-1764-4468-9f48-37bf81c95b0d/datanode-6/data/ratis/48a8a44c-979e-49fc-8342-a80c3ac8bf93/current/log_inprogress_0
2019-10-02 17:57:49,884 [b7323768-8f87-4fb6-921f-bc5aae8c9ceb@group-A80C3AC8BF93-SegmentedRaftLogWorker] INFO  segmented.SegmentedRaftLogWorker (SegmentedRaftLogWorker.java:execute(574)) - b7323768-8f87-4fb6-921f-bc5aae8c9ceb@group-A80C3AC8BF93-SegmentedRaftLogWorker: created new log segment /workdir/hadoop-ozone/integration-test/target/test-dir/MiniOzoneClusterImpl-65f8f4fe-1764-4468-9f48-37bf81c95b0d/datanode-2/data/ratis/48a8a44c-979e-49fc-8342-a80c3ac8bf93/current/log_inprogress_0
2019-10-02 17:57:52,779 [java.util.concurrent.ThreadPoolExecutor$Worker@5c4332e3[State = -1, empty queue]] ERROR client.GrpcClientProtocolClient (GrpcClientProtocolClient.java:close(148)) - Unexpected exception while waiting for channel termination
java.lang.InterruptedException
	at java.util.concurrent.locks.AbstractQueuedSynchronizer.tryAcquireSharedNanos(AbstractQueuedSynchronizer.java:1326)
	at java.util.concurrent.CountDownLatch.await(CountDownLatch.java:277)
	at org.apache.ratis.thirdparty.io.grpc.internal.ManagedChannelImpl.awaitTermination(ManagedChannelImpl.java:763)
	at org.apache.ratis.thirdparty.io.grpc.internal.ForwardingManagedChannel.awaitTermination(ForwardingManagedChannel.java:57)
	at org.apache.ratis.thirdparty.io.grpc.internal.ManagedChannelOrphanWrapper.awaitTermination(ManagedChannelOrphanWrapper.java:70)
	at org.apache.ratis.grpc.client.GrpcClientProtocolClient.close(GrpcClientProtocolClient.java:146)
	at org.apache.ratis.util.PeerProxyMap$PeerAndProxy.lambda$close$1(PeerProxyMap.java:74)
	at org.apache.ratis.util.LifeCycle.lambda$checkStateAndClose$2(LifeCycle.java:231)
	at org.apache.ratis.util.LifeCycle.checkStateAndClose(LifeCycle.java:251)
	at org.apache.ratis.util.LifeCycle.checkStateAndClose(LifeCycle.java:229)
	at org.apache.ratis.util.PeerProxyMap$PeerAndProxy.close(PeerProxyMap.java:70)
	at org.apache.ratis.util.PeerProxyMap.resetProxy(PeerProxyMap.java:127)
	at org.apache.ratis.util.PeerProxyMap.handleException(PeerProxyMap.java:136)
	at org.apache.ratis.client.impl.RaftClientRpcWithProxy.handleException(RaftClientRpcWithProxy.java:47)
	at org.apache.ratis.client.impl.RaftClientImpl.handleIOException(RaftClientImpl.java:372)
	at org.apache.ratis.client.impl.OrderedAsync.lambda$sendRequest$10(OrderedAsync.java:236)
	at java.util.concurrent.CompletableFuture.uniExceptionally(CompletableFuture.java:870)
	at java.util.concurrent.CompletableFuture$UniExceptionally.tryFire(CompletableFuture.java:852)
	at java.util.concurrent.CompletableFuture.postComplete(CompletableFuture.java:474)
	at java.util.concurrent.CompletableFuture.completeExceptionally(CompletableFuture.java:1977)
	at org.apache.ratis.grpc.client.GrpcClientProtocolClient$AsyncStreamObservers.lambda$timeoutCheck$3(GrpcClientProtocolClient.java:324)
	at java.util.Optional.ifPresent(Optional.java:159)
	at org.apache.ratis.grpc.client.GrpcClientProtocolClient$AsyncStreamObservers.handleReplyFuture(GrpcClientProtocolClient.java:329)
	at org.apache.ratis.grpc.client.GrpcClientProtocolClient$AsyncStreamObservers.timeoutCheck(GrpcClientProtocolClient.java:324)
	at org.apache.ratis.grpc.client.GrpcClientProtocolClient$AsyncStreamObservers.lambda$onNext$1(GrpcClientProtocolClient.java:318)
	at org.apache.ratis.util.TimeoutScheduler.lambda$onTimeout$0(TimeoutScheduler.java:113)
	at org.apache.ratis.util.TimeoutScheduler.lambda$onTimeout$1(TimeoutScheduler.java:133)
	at org.apache.ratis.util.LogUtils.runAndLog(LogUtils.java:50)
	at org.apache.ratis.util.LogUtils$1.run(LogUtils.java:91)
	at java.util.concurrent.Executors$RunnableAdapter.call(Executors.java:511)
	at java.util.concurrent.FutureTask.run(FutureTask.java:266)
	at java.util.concurrent.ScheduledThreadPoolExecutor$ScheduledFutureTask.access$201(ScheduledThreadPoolExecutor.java:180)
	at java.util.concurrent.ScheduledThreadPoolExecutor$ScheduledFutureTask.run(ScheduledThreadPoolExecutor.java:293)
	at java.util.concurrent.ThreadPoolExecutor.runWorker(ThreadPoolExecutor.java:1149)
	at java.util.concurrent.ThreadPoolExecutor$Worker.run(ThreadPoolExecutor.java:624)
	at java.lang.Thread.run(Thread.java:748)
2019-10-02 17:57:52,782 [java.util.concurrent.ThreadPoolExecutor$Worker@5c4332e3[State = -1, empty queue]] WARN  util.TimeoutScheduler (LogUtils.java:runAndLog(55)) - Failed to task #0: java.lang.NullPointerException
2019-10-02 17:57:56,834 [java.util.concurrent.ThreadPoolExecutor$Worker@6d9855c8[State = -1, empty queue]] ERROR client.GrpcClientProtocolClient (GrpcClientProtocolClient.java:close(148)) - Unexpected exception while waiting for channel termination
java.lang.InterruptedException
	at java.util.concurrent.locks.AbstractQueuedSynchronizer.tryAcquireSharedNanos(AbstractQueuedSynchronizer.java:1326)
	at java.util.concurrent.CountDownLatch.await(CountDownLatch.java:277)
	at org.apache.ratis.thirdparty.io.grpc.internal.ManagedChannelImpl.awaitTermination(ManagedChannelImpl.java:763)
	at org.apache.ratis.thirdparty.io.grpc.internal.ForwardingManagedChannel.awaitTermination(ForwardingManagedChannel.java:57)
	at org.apache.ratis.thirdparty.io.grpc.internal.ManagedChannelOrphanWrapper.awaitTermination(ManagedChannelOrphanWrapper.java:70)
	at org.apache.ratis.grpc.client.GrpcClientProtocolClient.close(GrpcClientProtocolClient.java:146)
	at org.apache.ratis.util.PeerProxyMap$PeerAndProxy.lambda$close$1(PeerProxyMap.java:74)
	at org.apache.ratis.util.LifeCycle.lambda$checkStateAndClose$2(LifeCycle.java:231)
	at org.apache.ratis.util.LifeCycle.checkStateAndClose(LifeCycle.java:251)
	at org.apache.ratis.util.LifeCycle.checkStateAndClose(LifeCycle.java:229)
	at org.apache.ratis.util.PeerProxyMap$PeerAndProxy.close(PeerProxyMap.java:70)
	at org.apache.ratis.util.PeerProxyMap.resetProxy(PeerProxyMap.java:127)
	at org.apache.ratis.util.PeerProxyMap.handleException(PeerProxyMap.java:136)
	at org.apache.ratis.client.impl.RaftClientRpcWithProxy.handleException(RaftClientRpcWithProxy.java:47)
	at org.apache.ratis.client.impl.RaftClientImpl.handleIOException(RaftClientImpl.java:372)
	at org.apache.ratis.client.impl.OrderedAsync.lambda$sendRequest$10(OrderedAsync.java:236)
	at java.util.concurrent.CompletableFuture.uniExceptionally(CompletableFuture.java:870)
	at java.util.concurrent.CompletableFuture$UniExceptionally.tryFire(CompletableFuture.java:852)
	at java.util.concurrent.CompletableFuture.postComplete(CompletableFuture.java:474)
	at java.util.concurrent.CompletableFuture.completeExceptionally(CompletableFuture.java:1977)
	at org.apache.ratis.grpc.client.GrpcClientProtocolClient$AsyncStreamObservers.lambda$timeoutCheck$3(GrpcClientProtocolClient.java:324)
	at java.util.Optional.ifPresent(Optional.java:159)
	at org.apache.ratis.grpc.client.GrpcClientProtocolClient$AsyncStreamObservers.handleReplyFuture(GrpcClientProtocolClient.java:329)
	at org.apache.ratis.grpc.client.GrpcClientProtocolClient$AsyncStreamObservers.timeoutCheck(GrpcClientProtocolClient.java:324)
	at org.apache.ratis.grpc.client.GrpcClientProtocolClient$AsyncStreamObservers.lambda$onNext$1(GrpcClientProtocolClient.java:318)
	at org.apache.ratis.util.TimeoutScheduler.lambda$onTimeout$0(TimeoutScheduler.java:113)
	at org.apache.ratis.util.TimeoutScheduler.lambda$onTimeout$1(TimeoutScheduler.java:133)
	at org.apache.ratis.util.LogUtils.runAndLog(LogUtils.java:50)
	at org.apache.ratis.util.LogUtils$1.run(LogUtils.java:91)
	at java.util.concurrent.Executors$RunnableAdapter.call(Executors.java:511)
	at java.util.concurrent.FutureTask.run(FutureTask.java:266)
	at java.util.concurrent.ScheduledThreadPoolExecutor$ScheduledFutureTask.access$201(ScheduledThreadPoolExecutor.java:180)
	at java.util.concurrent.ScheduledThreadPoolExecutor$ScheduledFutureTask.run(ScheduledThreadPoolExecutor.java:293)
	at java.util.concurrent.ThreadPoolExecutor.runWorker(ThreadPoolExecutor.java:1149)
	at java.util.concurrent.ThreadPoolExecutor$Worker.run(ThreadPoolExecutor.java:624)
	at java.lang.Thread.run(Thread.java:748)
2019-10-02 17:57:56,840 [java.util.concurrent.ThreadPoolExecutor$Worker@6d9855c8[State = -1, empty queue]] WARN  util.TimeoutScheduler (LogUtils.java:runAndLog(55)) - Failed to task #0: java.lang.NullPointerException
2019-10-02 17:58:00,900 [java.util.concurrent.ThreadPoolExecutor$Worker@590d25a4[State = -1, empty queue]] ERROR client.GrpcClientProtocolClient (GrpcClientProtocolClient.java:close(148)) - Unexpected exception while waiting for channel termination
java.lang.InterruptedException
	at java.util.concurrent.locks.AbstractQueuedSynchronizer.tryAcquireSharedNanos(AbstractQueuedSynchronizer.java:1326)
	at java.util.concurrent.CountDownLatch.await(CountDownLatch.java:277)
	at org.apache.ratis.thirdparty.io.grpc.internal.ManagedChannelImpl.awaitTermination(ManagedChannelImpl.java:763)
	at org.apache.ratis.thirdparty.io.grpc.internal.ForwardingManagedChannel.awaitTermination(ForwardingManagedChannel.java:57)
	at org.apache.ratis.thirdparty.io.grpc.internal.ManagedChannelOrphanWrapper.awaitTermination(ManagedChannelOrphanWrapper.java:70)
	at org.apache.ratis.grpc.client.GrpcClientProtocolClient.close(GrpcClientProtocolClient.java:146)
	at org.apache.ratis.util.PeerProxyMap$PeerAndProxy.lambda$close$1(PeerProxyMap.java:74)
	at org.apache.ratis.util.LifeCycle.lambda$checkStateAndClose$2(LifeCycle.java:231)
	at org.apache.ratis.util.LifeCycle.checkStateAndClose(LifeCycle.java:251)
	at org.apache.ratis.util.LifeCycle.checkStateAndClose(LifeCycle.java:229)
	at org.apache.ratis.util.PeerProxyMap$PeerAndProxy.close(PeerProxyMap.java:70)
	at org.apache.ratis.util.PeerProxyMap.resetProxy(PeerProxyMap.java:127)
	at org.apache.ratis.util.PeerProxyMap.handleException(PeerProxyMap.java:136)
	at org.apache.ratis.client.impl.RaftClientRpcWithProxy.handleException(RaftClientRpcWithProxy.java:47)
	at org.apache.ratis.client.impl.RaftClientImpl.handleIOException(RaftClientImpl.java:372)
	at org.apache.ratis.client.impl.OrderedAsync.lambda$sendRequest$10(OrderedAsync.java:236)
	at java.util.concurrent.CompletableFuture.uniExceptionally(CompletableFuture.java:870)
	at java.util.concurrent.CompletableFuture$UniExceptionally.tryFire(CompletableFuture.java:852)
	at java.util.concurrent.CompletableFuture.postComplete(CompletableFuture.java:474)
	at java.util.concurrent.CompletableFuture.completeExceptionally(CompletableFuture.java:1977)
	at org.apache.ratis.grpc.client.GrpcClientProtocolClient$AsyncStreamObservers.lambda$timeoutCheck$3(GrpcClientProtocolClient.java:324)
	at java.util.Optional.ifPresent(Optional.java:159)
	at org.apache.ratis.grpc.client.GrpcClientProtocolClient$AsyncStreamObservers.handleReplyFuture(GrpcClientProtocolClient.java:329)
	at org.apache.ratis.grpc.client.GrpcClientProtocolClient$AsyncStreamObservers.timeoutCheck(GrpcClientProtocolClient.java:324)
	at org.apache.ratis.grpc.client.GrpcClientProtocolClient$AsyncStreamObservers.lambda$onNext$1(GrpcClientProtocolClient.java:318)
	at org.apache.ratis.util.TimeoutScheduler.lambda$onTimeout$0(TimeoutScheduler.java:113)
	at org.apache.ratis.util.TimeoutScheduler.lambda$onTimeout$1(TimeoutScheduler.java:133)
	at org.apache.ratis.util.LogUtils.runAndLog(LogUtils.java:50)
	at org.apache.ratis.util.LogUtils$1.run(LogUtils.java:91)
	at java.util.concurrent.Executors$RunnableAdapter.call(Executors.java:511)
	at java.util.concurrent.FutureTask.run(FutureTask.java:266)
	at java.util.concurrent.ScheduledThreadPoolExecutor$ScheduledFutureTask.access$201(ScheduledThreadPoolExecutor.java:180)
	at java.util.concurrent.ScheduledThreadPoolExecutor$ScheduledFutureTask.run(ScheduledThreadPoolExecutor.java:293)
	at java.util.concurrent.ThreadPoolExecutor.runWorker(ThreadPoolExecutor.java:1149)
	at java.util.concurrent.ThreadPoolExecutor$Worker.run(ThreadPoolExecutor.java:624)
	at java.lang.Thread.run(Thread.java:748)
2019-10-02 17:58:00,904 [java.util.concurrent.ThreadPoolExecutor$Worker@590d25a4[State = -1, empty queue]] WARN  util.TimeoutScheduler (LogUtils.java:runAndLog(55)) - Failed to task #0: java.lang.NullPointerException
2019-10-02 17:58:04,949 [java.util.concurrent.ThreadPoolExecutor$Worker@7a85e09c[State = -1, empty queue]] ERROR client.GrpcClientProtocolClient (GrpcClientProtocolClient.java:close(148)) - Unexpected exception while waiting for channel termination
java.lang.InterruptedException
	at java.util.concurrent.locks.AbstractQueuedSynchronizer.tryAcquireSharedNanos(AbstractQueuedSynchronizer.java:1326)
	at java.util.concurrent.CountDownLatch.await(CountDownLatch.java:277)
	at org.apache.ratis.thirdparty.io.grpc.internal.ManagedChannelImpl.awaitTermination(ManagedChannelImpl.java:763)
	at org.apache.ratis.thirdparty.io.grpc.internal.ForwardingManagedChannel.awaitTermination(ForwardingManagedChannel.java:57)
	at org.apache.ratis.thirdparty.io.grpc.internal.ManagedChannelOrphanWrapper.awaitTermination(ManagedChannelOrphanWrapper.java:70)
	at org.apache.ratis.grpc.client.GrpcClientProtocolClient.close(GrpcClientProtocolClient.java:146)
	at org.apache.ratis.util.PeerProxyMap$PeerAndProxy.lambda$close$1(PeerProxyMap.java:74)
	at org.apache.ratis.util.LifeCycle.lambda$checkStateAndClose$2(LifeCycle.java:231)
	at org.apache.ratis.util.LifeCycle.checkStateAndClose(LifeCycle.java:251)
	at org.apache.ratis.util.LifeCycle.checkStateAndClose(LifeCycle.java:229)
	at org.apache.ratis.util.PeerProxyMap$PeerAndProxy.close(PeerProxyMap.java:70)
	at org.apache.ratis.util.PeerProxyMap.resetProxy(PeerProxyMap.java:127)
	at org.apache.ratis.util.PeerProxyMap.handleException(PeerProxyMap.java:136)
	at org.apache.ratis.client.impl.RaftClientRpcWithProxy.handleException(RaftClientRpcWithProxy.java:47)
	at org.apache.ratis.client.impl.RaftClientImpl.handleIOException(RaftClientImpl.java:372)
	at org.apache.ratis.client.impl.OrderedAsync.lambda$sendRequest$10(OrderedAsync.java:236)
	at java.util.concurrent.CompletableFuture.uniExceptionally(CompletableFuture.java:870)
	at java.util.concurrent.CompletableFuture$UniExceptionally.tryFire(CompletableFuture.java:852)
	at java.util.concurrent.CompletableFuture.postComplete(CompletableFuture.java:474)
	at java.util.concurrent.CompletableFuture.completeExceptionally(CompletableFuture.java:1977)
	at org.apache.ratis.grpc.client.GrpcClientProtocolClient$AsyncStreamObservers.lambda$timeoutCheck$3(GrpcClientProtocolClient.java:324)
	at java.util.Optional.ifPresent(Optional.java:159)
	at org.apache.ratis.grpc.client.GrpcClientProtocolClient$AsyncStreamObservers.handleReplyFuture(GrpcClientProtocolClient.java:329)
	at org.apache.ratis.grpc.client.GrpcClientProtocolClient$AsyncStreamObservers.timeoutCheck(GrpcClientProtocolClient.java:324)
	at org.apache.ratis.grpc.client.GrpcClientProtocolClient$AsyncStreamObservers.lambda$onNext$1(GrpcClientProtocolClient.java:318)
	at org.apache.ratis.util.TimeoutScheduler.lambda$onTimeout$0(TimeoutScheduler.java:113)
	at org.apache.ratis.util.TimeoutScheduler.lambda$onTimeout$1(TimeoutScheduler.java:133)
	at org.apache.ratis.util.LogUtils.runAndLog(LogUtils.java:50)
	at org.apache.ratis.util.LogUtils$1.run(LogUtils.java:91)
	at java.util.concurrent.Executors$RunnableAdapter.call(Executors.java:511)
	at java.util.concurrent.FutureTask.run(FutureTask.java:266)
	at java.util.concurrent.ScheduledThreadPoolExecutor$ScheduledFutureTask.access$201(ScheduledThreadPoolExecutor.java:180)
	at java.util.concurrent.ScheduledThreadPoolExecutor$ScheduledFutureTask.run(ScheduledThreadPoolExecutor.java:293)
	at java.util.concurrent.ThreadPoolExecutor.runWorker(ThreadPoolExecutor.java:1149)
	at java.util.concurrent.ThreadPoolExecutor$Worker.run(ThreadPoolExecutor.java:624)
	at java.lang.Thread.run(Thread.java:748)
2019-10-02 17:58:04,951 [java.util.concurrent.ThreadPoolExecutor$Worker@7a85e09c[State = -1, empty queue]] WARN  util.TimeoutScheduler (LogUtils.java:runAndLog(55)) - Failed to task #0: java.lang.NullPointerException
2019-10-02 17:58:09,000 [java.util.concurrent.ThreadPoolExecutor$Worker@6b8a4d37[State = -1, empty queue]] ERROR client.GrpcClientProtocolClient (GrpcClientProtocolClient.java:close(148)) - Unexpected exception while waiting for channel termination
java.lang.InterruptedException
	at java.util.concurrent.locks.AbstractQueuedSynchronizer.tryAcquireSharedNanos(AbstractQueuedSynchronizer.java:1326)
	at java.util.concurrent.CountDownLatch.await(CountDownLatch.java:277)
	at org.apache.ratis.thirdparty.io.grpc.internal.ManagedChannelImpl.awaitTermination(ManagedChannelImpl.java:763)
	at org.apache.ratis.thirdparty.io.grpc.internal.ForwardingManagedChannel.awaitTermination(ForwardingManagedChannel.java:57)
	at org.apache.ratis.thirdparty.io.grpc.internal.ManagedChannelOrphanWrapper.awaitTermination(ManagedChannelOrphanWrapper.java:70)
	at org.apache.ratis.grpc.client.GrpcClientProtocolClient.close(GrpcClientProtocolClient.java:146)
	at org.apache.ratis.util.PeerProxyMap$PeerAndProxy.lambda$close$1(PeerProxyMap.java:74)
	at org.apache.ratis.util.LifeCycle.lambda$checkStateAndClose$2(LifeCycle.java:231)
	at org.apache.ratis.util.LifeCycle.checkStateAndClose(LifeCycle.java:251)
	at org.apache.ratis.util.LifeCycle.checkStateAndClose(LifeCycle.java:229)
	at org.apache.ratis.util.PeerProxyMap$PeerAndProxy.close(PeerProxyMap.java:70)
	at org.apache.ratis.util.PeerProxyMap.resetProxy(PeerProxyMap.java:127)
	at org.apache.ratis.util.PeerProxyMap.handleException(PeerProxyMap.java:136)
	at org.apache.ratis.client.impl.RaftClientRpcWithProxy.handleException(RaftClientRpcWithProxy.java:47)
	at org.apache.ratis.client.impl.RaftClientImpl.handleIOException(RaftClientImpl.java:372)
	at org.apache.ratis.client.impl.OrderedAsync.lambda$sendRequest$10(OrderedAsync.java:236)
	at java.util.concurrent.CompletableFuture.uniExceptionally(CompletableFuture.java:870)
	at java.util.concurrent.CompletableFuture$UniExceptionally.tryFire(CompletableFuture.java:852)
	at java.util.concurrent.CompletableFuture.postComplete(CompletableFuture.java:474)
	at java.util.concurrent.CompletableFuture.completeExceptionally(CompletableFuture.java:1977)
	at org.apache.ratis.grpc.client.GrpcClientProtocolClient$AsyncStreamObservers.lambda$timeoutCheck$3(GrpcClientProtocolClient.java:324)
	at java.util.Optional.ifPresent(Optional.java:159)
	at org.apache.ratis.grpc.client.GrpcClientProtocolClient$AsyncStreamObservers.handleReplyFuture(GrpcClientProtocolClient.java:329)
	at org.apache.ratis.grpc.client.GrpcClientProtocolClient$AsyncStreamObservers.timeoutCheck(GrpcClientProtocolClient.java:324)
	at org.apache.ratis.grpc.client.GrpcClientProtocolClient$AsyncStreamObservers.lambda$onNext$1(GrpcClientProtocolClient.java:318)
	at org.apache.ratis.util.TimeoutScheduler.lambda$onTimeout$0(TimeoutScheduler.java:113)
	at org.apache.ratis.util.TimeoutScheduler.lambda$onTimeout$1(TimeoutScheduler.java:133)
	at org.apache.ratis.util.LogUtils.runAndLog(LogUtils.java:50)
	at org.apache.ratis.util.LogUtils$1.run(LogUtils.java:91)
	at java.util.concurrent.Executors$RunnableAdapter.call(Executors.java:511)
	at java.util.concurrent.FutureTask.run(FutureTask.java:266)
	at java.util.concurrent.ScheduledThreadPoolExecutor$ScheduledFutureTask.access$201(ScheduledThreadPoolExecutor.java:180)
	at java.util.concurrent.ScheduledThreadPoolExecutor$ScheduledFutureTask.run(ScheduledThreadPoolExecutor.java:293)
	at java.util.concurrent.ThreadPoolExecutor.runWorker(ThreadPoolExecutor.java:1149)
	at java.util.concurrent.ThreadPoolExecutor$Worker.run(ThreadPoolExecutor.java:624)
	at java.lang.Thread.run(Thread.java:748)
2019-10-02 17:58:09,004 [java.util.concurrent.ThreadPoolExecutor$Worker@6b8a4d37[State = -1, empty queue]] WARN  util.TimeoutScheduler (LogUtils.java:runAndLog(55)) - Failed to task #0: java.lang.NullPointerException
2019-10-02 17:58:13,061 [java.util.concurrent.ThreadPoolExecutor$Worker@3e6c66ad[State = -1, empty queue]] ERROR client.GrpcClientProtocolClient (GrpcClientProtocolClient.java:close(148)) - Unexpected exception while waiting for channel termination
java.lang.InterruptedException
	at java.util.concurrent.locks.AbstractQueuedSynchronizer.tryAcquireSharedNanos(AbstractQueuedSynchronizer.java:1326)
	at java.util.concurrent.CountDownLatch.await(CountDownLatch.java:277)
	at org.apache.ratis.thirdparty.io.grpc.internal.ManagedChannelImpl.awaitTermination(ManagedChannelImpl.java:763)
	at org.apache.ratis.thirdparty.io.grpc.internal.ForwardingManagedChannel.awaitTermination(ForwardingManagedChannel.java:57)
	at org.apache.ratis.thirdparty.io.grpc.internal.ManagedChannelOrphanWrapper.awaitTermination(ManagedChannelOrphanWrapper.java:70)
	at org.apache.ratis.grpc.client.GrpcClientProtocolClient.close(GrpcClientProtocolClient.java:146)
	at org.apache.ratis.util.PeerProxyMap$PeerAndProxy.lambda$close$1(PeerProxyMap.java:74)
	at org.apache.ratis.util.LifeCycle.lambda$checkStateAndClose$2(LifeCycle.java:231)
	at org.apache.ratis.util.LifeCycle.checkStateAndClose(LifeCycle.java:251)
	at org.apache.ratis.util.LifeCycle.checkStateAndClose(LifeCycle.java:229)
	at org.apache.ratis.util.PeerProxyMap$PeerAndProxy.close(PeerProxyMap.java:70)
	at org.apache.ratis.util.PeerProxyMap.resetProxy(PeerProxyMap.java:127)
	at org.apache.ratis.util.PeerProxyMap.handleException(PeerProxyMap.java:136)
	at org.apache.ratis.client.impl.RaftClientRpcWithProxy.handleException(RaftClientRpcWithProxy.java:47)
	at org.apache.ratis.client.impl.RaftClientImpl.handleIOException(RaftClientImpl.java:372)
	at org.apache.ratis.client.impl.OrderedAsync.lambda$sendRequest$10(OrderedAsync.java:236)
	at java.util.concurrent.CompletableFuture.uniExceptionally(CompletableFuture.java:870)
	at java.util.concurrent.CompletableFuture$UniExceptionally.tryFire(CompletableFuture.java:852)
	at java.util.concurrent.CompletableFuture.postComplete(CompletableFuture.java:474)
	at java.util.concurrent.CompletableFuture.completeExceptionally(CompletableFuture.java:1977)
	at org.apache.ratis.grpc.client.GrpcClientProtocolClient$AsyncStreamObservers.lambda$timeoutCheck$3(GrpcClientProtocolClient.java:324)
	at java.util.Optional.ifPresent(Optional.java:159)
	at org.apache.ratis.grpc.client.GrpcClientProtocolClient$AsyncStreamObservers.handleReplyFuture(GrpcClientProtocolClient.java:329)
	at org.apache.ratis.grpc.client.GrpcClientProtocolClient$AsyncStreamObservers.timeoutCheck(GrpcClientProtocolClient.java:324)
	at org.apache.ratis.grpc.client.GrpcClientProtocolClient$AsyncStreamObservers.lambda$onNext$1(GrpcClientProtocolClient.java:318)
	at org.apache.ratis.util.TimeoutScheduler.lambda$onTimeout$0(TimeoutScheduler.java:113)
	at org.apache.ratis.util.TimeoutScheduler.lambda$onTimeout$1(TimeoutScheduler.java:133)
	at org.apache.ratis.util.LogUtils.runAndLog(LogUtils.java:50)
	at org.apache.ratis.util.LogUtils$1.run(LogUtils.java:91)
	at java.util.concurrent.Executors$RunnableAdapter.call(Executors.java:511)
	at java.util.concurrent.FutureTask.run(FutureTask.java:266)
	at java.util.concurrent.ScheduledThreadPoolExecutor$ScheduledFutureTask.access$201(ScheduledThreadPoolExecutor.java:180)
	at java.util.concurrent.ScheduledThreadPoolExecutor$ScheduledFutureTask.run(ScheduledThreadPoolExecutor.java:293)
	at java.util.concurrent.ThreadPoolExecutor.runWorker(ThreadPoolExecutor.java:1149)
	at java.util.concurrent.ThreadPoolExecutor$Worker.run(ThreadPoolExecutor.java:624)
	at java.lang.Thread.run(Thread.java:748)
2019-10-02 17:58:13,062 [java.util.concurrent.ThreadPoolExecutor$Worker@3e6c66ad[State = -1, empty queue]] WARN  util.TimeoutScheduler (LogUtils.java:runAndLog(55)) - Failed to task #0: java.lang.NullPointerException
2019-10-02 17:58:17,054 [grpc-default-executor-19] INFO  impl.RaftServerProxy (RaftServerProxy.java:addNew(89)) - b497eacb-55a3-4ffa-9375-3900e91065f4: addNew group-04493B402C37:[91a1b220-aea4-4dd3-92cb-bba23af74008:192.168.151.72:35241, 3933d80c-e8ff-4f72-bba7-02820fb600e2:192.168.151.72:43322, b497eacb-55a3-4ffa-9375-3900e91065f4:192.168.151.72:45210] returns group-04493B402C37:java.util.concurrent.CompletableFuture@14f076f5[Not completed]
2019-10-02 17:58:17,054 [grpc-default-executor-14] INFO  impl.RaftServerProxy (RaftServerProxy.java:addNew(89)) - 91a1b220-aea4-4dd3-92cb-bba23af74008: addNew group-04493B402C37:[91a1b220-aea4-4dd3-92cb-bba23af74008:192.168.151.72:35241, 3933d80c-e8ff-4f72-bba7-02820fb600e2:192.168.151.72:43322, b497eacb-55a3-4ffa-9375-3900e91065f4:192.168.151.72:45210] returns group-04493B402C37:java.util.concurrent.CompletableFuture@6354c866[Not completed]
2019-10-02 17:58:17,054 [grpc-default-executor-20] INFO  impl.RaftServerProxy (RaftServerProxy.java:addNew(89)) - 3933d80c-e8ff-4f72-bba7-02820fb600e2: addNew group-04493B402C37:[91a1b220-aea4-4dd3-92cb-bba23af74008:192.168.151.72:35241, 3933d80c-e8ff-4f72-bba7-02820fb600e2:192.168.151.72:43322, b497eacb-55a3-4ffa-9375-3900e91065f4:192.168.151.72:45210] returns group-04493B402C37:java.util.concurrent.CompletableFuture@460b196e[Not completed]
2019-10-02 17:58:17,057 [pool-161-thread-1] INFO  impl.RaftServerImpl (RaftServerImpl.java:<init>(95)) - 91a1b220-aea4-4dd3-92cb-bba23af74008: new RaftServerImpl for group-04493B402C37:[91a1b220-aea4-4dd3-92cb-bba23af74008:192.168.151.72:35241, 3933d80c-e8ff-4f72-bba7-02820fb600e2:192.168.151.72:43322, b497eacb-55a3-4ffa-9375-3900e91065f4:192.168.151.72:45210] with ContainerStateMachine:uninitialized
2019-10-02 17:58:17,057 [pool-161-thread-1] INFO  server.RaftServerConfigKeys (ConfUtils.java:logGet(43)) - raft.server.rpc.timeout.min = 5s (custom)
2019-10-02 17:58:17,058 [pool-161-thread-1] INFO  server.RaftServerConfigKeys (ConfUtils.java:logGet(43)) - raft.server.rpc.timeout.max = 5200ms (custom)
2019-10-02 17:58:17,058 [pool-161-thread-1] INFO  server.RaftServerConfigKeys (ConfUtils.java:logGet(43)) - raft.server.rpcslowness.timeout = 120s (custom)
2019-10-02 17:58:17,058 [pool-161-thread-1] INFO  server.RaftServerConfigKeys (ConfUtils.java:logGet(43)) - raft.server.sleep.deviation.threshold = 300 (default)
2019-10-02 17:58:17,058 [pool-161-thread-1] INFO  server.RaftServerConfigKeys (ConfUtils.java:logGet(43)) - raft.server.log.appender.install.snapshot.enabled = false (custom)
2019-10-02 17:58:17,058 [pool-161-thread-1] INFO  impl.RaftServerImpl (ServerState.java:<init>(103)) - 91a1b220-aea4-4dd3-92cb-bba23af74008@group-04493B402C37: ConfigurationManager, init=-1: [91a1b220-aea4-4dd3-92cb-bba23af74008:192.168.151.72:35241, 3933d80c-e8ff-4f72-bba7-02820fb600e2:192.168.151.72:43322, b497eacb-55a3-4ffa-9375-3900e91065f4:192.168.151.72:45210], old=null, confs=<EMPTY_MAP>
2019-10-02 17:58:17,058 [pool-161-thread-1] INFO  server.RaftServerConfigKeys (ConfUtils.java:logGet(43)) - raft.server.storage.dir = [/workdir/hadoop-ozone/integration-test/target/test-dir/MiniOzoneClusterImpl-65f8f4fe-1764-4468-9f48-37bf81c95b0d/datanode-4/data/ratis] (custom)
2019-10-02 17:58:17,058 [pool-131-thread-1] INFO  impl.RaftServerImpl (RaftServerImpl.java:<init>(95)) - 3933d80c-e8ff-4f72-bba7-02820fb600e2: new RaftServerImpl for group-04493B402C37:[91a1b220-aea4-4dd3-92cb-bba23af74008:192.168.151.72:35241, 3933d80c-e8ff-4f72-bba7-02820fb600e2:192.168.151.72:43322, b497eacb-55a3-4ffa-9375-3900e91065f4:192.168.151.72:45210] with ContainerStateMachine:uninitialized
2019-10-02 17:58:17,059 [pool-161-thread-1] INFO  server.RaftServerConfigKeys (ConfUtils.java:logGet(43)) - raft.server.log.corruption.policy = EXCEPTION (default)
2019-10-02 17:58:17,059 [pool-131-thread-1] INFO  server.RaftServerConfigKeys (ConfUtils.java:logGet(43)) - raft.server.rpc.timeout.min = 5s (custom)
2019-10-02 17:58:17,059 [pool-121-thread-1] INFO  impl.RaftServerImpl (RaftServerImpl.java:<init>(95)) - b497eacb-55a3-4ffa-9375-3900e91065f4: new RaftServerImpl for group-04493B402C37:[91a1b220-aea4-4dd3-92cb-bba23af74008:192.168.151.72:35241, 3933d80c-e8ff-4f72-bba7-02820fb600e2:192.168.151.72:43322, b497eacb-55a3-4ffa-9375-3900e91065f4:192.168.151.72:45210] with ContainerStateMachine:uninitialized
2019-10-02 17:58:17,059 [pool-161-thread-1] INFO  storage.RaftStorageDirectory (RaftStorageDirectory.java:analyzeStorage(246)) - The storage directory /workdir/hadoop-ozone/integration-test/target/test-dir/MiniOzoneClusterImpl-65f8f4fe-1764-4468-9f48-37bf81c95b0d/datanode-4/data/ratis/2571e5d8-25f5-4e74-a65a-04493b402c37 does not exist. Creating ...
2019-10-02 17:58:17,059 [pool-121-thread-1] INFO  server.RaftServerConfigKeys (ConfUtils.java:logGet(43)) - raft.server.rpc.timeout.min = 5s (custom)
2019-10-02 17:58:17,059 [pool-131-thread-1] INFO  server.RaftServerConfigKeys (ConfUtils.java:logGet(43)) - raft.server.rpc.timeout.max = 5200ms (custom)
2019-10-02 17:58:17,060 [pool-121-thread-1] INFO  server.RaftServerConfigKeys (ConfUtils.java:logGet(43)) - raft.server.rpc.timeout.max = 5200ms (custom)
2019-10-02 17:58:17,060 [pool-131-thread-1] INFO  server.RaftServerConfigKeys (ConfUtils.java:logGet(43)) - raft.server.rpcslowness.timeout = 120s (custom)
2019-10-02 17:58:17,060 [pool-121-thread-1] INFO  server.RaftServerConfigKeys (ConfUtils.java:logGet(43)) - raft.server.rpcslowness.timeout = 120s (custom)
2019-10-02 17:58:17,060 [pool-131-thread-1] INFO  server.RaftServerConfigKeys (ConfUtils.java:logGet(43)) - raft.server.sleep.deviation.threshold = 300 (default)
2019-10-02 17:58:17,060 [pool-121-thread-1] INFO  server.RaftServerConfigKeys (ConfUtils.java:logGet(43)) - raft.server.sleep.deviation.threshold = 300 (default)
2019-10-02 17:58:17,060 [pool-131-thread-1] INFO  server.RaftServerConfigKeys (ConfUtils.java:logGet(43)) - raft.server.log.appender.install.snapshot.enabled = false (custom)
2019-10-02 17:58:17,061 [pool-121-thread-1] INFO  server.RaftServerConfigKeys (ConfUtils.java:logGet(43)) - raft.server.log.appender.install.snapshot.enabled = false (custom)
2019-10-02 17:58:17,061 [pool-131-thread-1] INFO  impl.RaftServerImpl (ServerState.java:<init>(103)) - 3933d80c-e8ff-4f72-bba7-02820fb600e2@group-04493B402C37: ConfigurationManager, init=-1: [91a1b220-aea4-4dd3-92cb-bba23af74008:192.168.151.72:35241, 3933d80c-e8ff-4f72-bba7-02820fb600e2:192.168.151.72:43322, b497eacb-55a3-4ffa-9375-3900e91065f4:192.168.151.72:45210], old=null, confs=<EMPTY_MAP>
2019-10-02 17:58:17,061 [pool-121-thread-1] INFO  impl.RaftServerImpl (ServerState.java:<init>(103)) - b497eacb-55a3-4ffa-9375-3900e91065f4@group-04493B402C37: ConfigurationManager, init=-1: [91a1b220-aea4-4dd3-92cb-bba23af74008:192.168.151.72:35241, 3933d80c-e8ff-4f72-bba7-02820fb600e2:192.168.151.72:43322, b497eacb-55a3-4ffa-9375-3900e91065f4:192.168.151.72:45210], old=null, confs=<EMPTY_MAP>
2019-10-02 17:58:17,061 [pool-131-thread-1] INFO  server.RaftServerConfigKeys (ConfUtils.java:logGet(43)) - raft.server.storage.dir = [/workdir/hadoop-ozone/integration-test/target/test-dir/MiniOzoneClusterImpl-65f8f4fe-1764-4468-9f48-37bf81c95b0d/datanode-1/data/ratis] (custom)
2019-10-02 17:58:17,061 [pool-121-thread-1] INFO  server.RaftServerConfigKeys (ConfUtils.java:logGet(43)) - raft.server.storage.dir = [/workdir/hadoop-ozone/integration-test/target/test-dir/MiniOzoneClusterImpl-65f8f4fe-1764-4468-9f48-37bf81c95b0d/datanode-0/data/ratis] (custom)
2019-10-02 17:58:17,062 [pool-131-thread-1] INFO  server.RaftServerConfigKeys (ConfUtils.java:logGet(43)) - raft.server.log.corruption.policy = EXCEPTION (default)
2019-10-02 17:58:17,062 [pool-121-thread-1] INFO  server.RaftServerConfigKeys (ConfUtils.java:logGet(43)) - raft.server.log.corruption.policy = EXCEPTION (default)
2019-10-02 17:58:17,062 [pool-131-thread-1] INFO  storage.RaftStorageDirectory (RaftStorageDirectory.java:analyzeStorage(246)) - The storage directory /workdir/hadoop-ozone/integration-test/target/test-dir/MiniOzoneClusterImpl-65f8f4fe-1764-4468-9f48-37bf81c95b0d/datanode-1/data/ratis/2571e5d8-25f5-4e74-a65a-04493b402c37 does not exist. Creating ...
2019-10-02 17:58:17,062 [pool-121-thread-1] INFO  storage.RaftStorageDirectory (RaftStorageDirectory.java:analyzeStorage(246)) - The storage directory /workdir/hadoop-ozone/integration-test/target/test-dir/MiniOzoneClusterImpl-65f8f4fe-1764-4468-9f48-37bf81c95b0d/datanode-0/data/ratis/2571e5d8-25f5-4e74-a65a-04493b402c37 does not exist. Creating ...
2019-10-02 17:58:17,073 [pool-121-thread-1] INFO  storage.RaftStorageDirectory (RaftStorageDirectory.java:tryLock(328)) - Lock on /workdir/hadoop-ozone/integration-test/target/test-dir/MiniOzoneClusterImpl-65f8f4fe-1764-4468-9f48-37bf81c95b0d/datanode-0/data/ratis/2571e5d8-25f5-4e74-a65a-04493b402c37/in_use.lock acquired by nodename 27144@pr-trunk-fgz7f-2353921243
2019-10-02 17:58:17,073 [pool-131-thread-1] INFO  storage.RaftStorageDirectory (RaftStorageDirectory.java:tryLock(328)) - Lock on /workdir/hadoop-ozone/integration-test/target/test-dir/MiniOzoneClusterImpl-65f8f4fe-1764-4468-9f48-37bf81c95b0d/datanode-1/data/ratis/2571e5d8-25f5-4e74-a65a-04493b402c37/in_use.lock acquired by nodename 27144@pr-trunk-fgz7f-2353921243
2019-10-02 17:58:17,073 [pool-161-thread-1] INFO  storage.RaftStorageDirectory (RaftStorageDirectory.java:tryLock(328)) - Lock on /workdir/hadoop-ozone/integration-test/target/test-dir/MiniOzoneClusterImpl-65f8f4fe-1764-4468-9f48-37bf81c95b0d/datanode-4/data/ratis/2571e5d8-25f5-4e74-a65a-04493b402c37/in_use.lock acquired by nodename 27144@pr-trunk-fgz7f-2353921243
2019-10-02 17:58:17,078 [pool-161-thread-1] INFO  storage.RaftStorage (RaftStorage.java:format(84)) - Storage directory /workdir/hadoop-ozone/integration-test/target/test-dir/MiniOzoneClusterImpl-65f8f4fe-1764-4468-9f48-37bf81c95b0d/datanode-4/data/ratis/2571e5d8-25f5-4e74-a65a-04493b402c37 has been successfully formatted.
2019-10-02 17:58:17,078 [pool-121-thread-1] INFO  storage.RaftStorage (RaftStorage.java:format(84)) - Storage directory /workdir/hadoop-ozone/integration-test/target/test-dir/MiniOzoneClusterImpl-65f8f4fe-1764-4468-9f48-37bf81c95b0d/datanode-0/data/ratis/2571e5d8-25f5-4e74-a65a-04493b402c37 has been successfully formatted.
2019-10-02 17:58:17,078 [pool-161-thread-1] INFO  ratis.ContainerStateMachine (ContainerStateMachine.java:loadSnapshot(231)) - group-04493B402C37: The snapshot info is null. Setting the last applied indexto:(t:0, i:~)
2019-10-02 17:58:17,078 [pool-131-thread-1] INFO  storage.RaftStorage (RaftStorage.java:format(84)) - Storage directory /workdir/hadoop-ozone/integration-test/target/test-dir/MiniOzoneClusterImpl-65f8f4fe-1764-4468-9f48-37bf81c95b0d/datanode-1/data/ratis/2571e5d8-25f5-4e74-a65a-04493b402c37 has been successfully formatted.
2019-10-02 17:58:17,078 [pool-121-thread-1] INFO  ratis.ContainerStateMachine (ContainerStateMachine.java:loadSnapshot(231)) - group-04493B402C37: The snapshot info is null. Setting the last applied indexto:(t:0, i:~)
2019-10-02 17:58:17,078 [pool-131-thread-1] INFO  ratis.ContainerStateMachine (ContainerStateMachine.java:loadSnapshot(231)) - group-04493B402C37: The snapshot info is null. Setting the last applied indexto:(t:0, i:~)
2019-10-02 17:58:17,078 [pool-161-thread-1] INFO  server.RaftServerConfigKeys (ConfUtils.java:logGet(43)) - raft.server.notification.no-leader.timeout = 120s (custom)
2019-10-02 17:58:17,078 [pool-131-thread-1] INFO  server.RaftServerConfigKeys (ConfUtils.java:logGet(43)) - raft.server.notification.no-leader.timeout = 120s (custom)
2019-10-02 17:58:17,078 [pool-121-thread-1] INFO  server.RaftServerConfigKeys (ConfUtils.java:logGet(43)) - raft.server.notification.no-leader.timeout = 120s (custom)
2019-10-02 17:58:17,079 [pool-131-thread-1] INFO  server.RaftServerConfigKeys (ConfUtils.java:logGet(43)) - raft.server.log.use.memory = false (default)
2019-10-02 17:58:17,079 [pool-161-thread-1] INFO  server.RaftServerConfigKeys (ConfUtils.java:logGet(43)) - raft.server.log.use.memory = false (default)
2019-10-02 17:58:17,079 [pool-121-thread-1] INFO  server.RaftServerConfigKeys (ConfUtils.java:logGet(43)) - raft.server.log.use.memory = false (default)
2019-10-02 17:58:17,079 [pool-161-thread-1] INFO  server.RaftServerConfigKeys (ConfUtils.java:logGet(43)) - raft.server.log.purge.gap = 1000000 (custom)
2019-10-02 17:58:17,079 [pool-131-thread-1] INFO  server.RaftServerConfigKeys (ConfUtils.java:logGet(43)) - raft.server.log.purge.gap = 1000000 (custom)
2019-10-02 17:58:17,079 [pool-161-thread-1] INFO  server.RaftServerConfigKeys (ConfUtils.java:logGet(43)) - raft.server.log.appender.buffer.byte-limit = 33554432 (custom)
2019-10-02 17:58:17,079 [pool-121-thread-1] INFO  server.RaftServerConfigKeys (ConfUtils.java:logGet(43)) - raft.server.log.purge.gap = 1000000 (custom)
2019-10-02 17:58:17,080 [pool-161-thread-1] INFO  server.RaftServerConfigKeys (ConfUtils.java:logGet(43)) - raft.server.log.segment.size.max = 1048576 (custom)
2019-10-02 17:58:17,080 [pool-131-thread-1] INFO  server.RaftServerConfigKeys (ConfUtils.java:logGet(43)) - raft.server.log.appender.buffer.byte-limit = 33554432 (custom)
2019-10-02 17:58:17,080 [pool-161-thread-1] INFO  server.RaftServerConfigKeys (ConfUtils.java:logGet(43)) - raft.server.log.segment.cache.num.max = 2 (custom)
2019-10-02 17:58:17,080 [pool-121-thread-1] INFO  server.RaftServerConfigKeys (ConfUtils.java:logGet(43)) - raft.server.log.appender.buffer.byte-limit = 33554432 (custom)
2019-10-02 17:58:17,080 [pool-161-thread-1] INFO  segmented.SegmentedRaftLogWorker (SegmentedRaftLogWorker.java:<init>(173)) - new 91a1b220-aea4-4dd3-92cb-bba23af74008@group-04493B402C37-SegmentedRaftLogWorker for RaftStorage:Storage Directory /workdir/hadoop-ozone/integration-test/target/test-dir/MiniOzoneClusterImpl-65f8f4fe-1764-4468-9f48-37bf81c95b0d/datanode-4/data/ratis/2571e5d8-25f5-4e74-a65a-04493b402c37
2019-10-02 17:58:17,080 [pool-131-thread-1] INFO  server.RaftServerConfigKeys (ConfUtils.java:logGet(43)) - raft.server.log.segment.size.max = 1048576 (custom)
2019-10-02 17:58:17,081 [pool-161-thread-1] INFO  server.RaftServerConfigKeys (ConfUtils.java:logGet(43)) - raft.server.log.queue.byte-limit = 2147483647 (custom)
2019-10-02 17:58:17,080 [pool-121-thread-1] INFO  server.RaftServerConfigKeys (ConfUtils.java:logGet(43)) - raft.server.log.segment.size.max = 1048576 (custom)
2019-10-02 17:58:17,081 [pool-161-thread-1] INFO  server.RaftServerConfigKeys (ConfUtils.java:logGet(43)) - raft.server.log.queue.element-limit = 1024 (custom)
2019-10-02 17:58:17,081 [pool-131-thread-1] INFO  server.RaftServerConfigKeys (ConfUtils.java:logGet(43)) - raft.server.log.segment.cache.num.max = 2 (custom)
2019-10-02 17:58:17,081 [pool-161-thread-1] INFO  server.RaftServerConfigKeys (ConfUtils.java:logGet(43)) - raft.server.log.segment.size.max = 1048576 (custom)
2019-10-02 17:58:17,081 [pool-121-thread-1] INFO  server.RaftServerConfigKeys (ConfUtils.java:logGet(43)) - raft.server.log.segment.cache.num.max = 2 (custom)
2019-10-02 17:58:17,081 [pool-161-thread-1] INFO  server.RaftServerConfigKeys (ConfUtils.java:logGet(43)) - raft.server.log.preallocated.size = 16384 (custom)
2019-10-02 17:58:17,081 [pool-131-thread-1] INFO  segmented.SegmentedRaftLogWorker (SegmentedRaftLogWorker.java:<init>(173)) - new 3933d80c-e8ff-4f72-bba7-02820fb600e2@group-04493B402C37-SegmentedRaftLogWorker for RaftStorage:Storage Directory /workdir/hadoop-ozone/integration-test/target/test-dir/MiniOzoneClusterImpl-65f8f4fe-1764-4468-9f48-37bf81c95b0d/datanode-1/data/ratis/2571e5d8-25f5-4e74-a65a-04493b402c37
2019-10-02 17:58:17,082 [pool-161-thread-1] INFO  server.RaftServerConfigKeys (ConfUtils.java:logGet(43)) - raft.server.log.write.buffer.size = 33554432 (custom)
2019-10-02 17:58:17,082 [pool-121-thread-1] INFO  segmented.SegmentedRaftLogWorker (SegmentedRaftLogWorker.java:<init>(173)) - new b497eacb-55a3-4ffa-9375-3900e91065f4@group-04493B402C37-SegmentedRaftLogWorker for RaftStorage:Storage Directory /workdir/hadoop-ozone/integration-test/target/test-dir/MiniOzoneClusterImpl-65f8f4fe-1764-4468-9f48-37bf81c95b0d/datanode-0/data/ratis/2571e5d8-25f5-4e74-a65a-04493b402c37
2019-10-02 17:58:17,082 [pool-161-thread-1] INFO  server.RaftServerConfigKeys (ConfUtils.java:logGet(43)) - raft.server.log.force.sync.num = 128 (default)
2019-10-02 17:58:17,082 [pool-131-thread-1] INFO  server.RaftServerConfigKeys (ConfUtils.java:logGet(43)) - raft.server.log.queue.byte-limit = 2147483647 (custom)
2019-10-02 17:58:17,082 [pool-161-thread-1] INFO  server.RaftServerConfigKeys (ConfUtils.java:logGet(43)) - raft.server.log.statemachine.data.sync = true (default)
2019-10-02 17:58:17,082 [pool-161-thread-1] INFO  server.RaftServerConfigKeys (ConfUtils.java:logGet(43)) - raft.server.log.statemachine.data.sync.timeout = 10s (default)
2019-10-02 17:58:17,082 [pool-121-thread-1] INFO  server.RaftServerConfigKeys (ConfUtils.java:logGet(43)) - raft.server.log.queue.byte-limit = 2147483647 (custom)
2019-10-02 17:58:17,082 [pool-161-thread-1] INFO  server.RaftServerConfigKeys (ConfUtils.java:logGet(43)) - raft.server.log.statemachine.data.sync.timeout.retry = -1 (default)
2019-10-02 17:58:17,082 [pool-131-thread-1] INFO  server.RaftServerConfigKeys (ConfUtils.java:logGet(43)) - raft.server.log.queue.element-limit = 1024 (custom)
2019-10-02 17:58:17,083 [pool-161-thread-1] INFO  server.RaftServerConfigKeys (ConfUtils.java:logGet(43)) - raft.server.log.statemachine.data.caching.enabled = true (custom)
2019-10-02 17:58:17,083 [pool-121-thread-1] INFO  server.RaftServerConfigKeys (ConfUtils.java:logGet(43)) - raft.server.log.queue.element-limit = 1024 (custom)
2019-10-02 17:58:17,083 [pool-131-thread-1] INFO  server.RaftServerConfigKeys (ConfUtils.java:logGet(43)) - raft.server.log.segment.size.max = 1048576 (custom)
2019-10-02 17:58:17,083 [pool-121-thread-1] INFO  server.RaftServerConfigKeys (ConfUtils.java:logGet(43)) - raft.server.log.segment.size.max = 1048576 (custom)
2019-10-02 17:58:17,083 [pool-161-thread-1] INFO  segmented.SegmentedRaftLogWorker (SegmentedRaftLogWorker.java:lambda$new$0(128)) - 91a1b220-aea4-4dd3-92cb-bba23af74008@group-04493B402C37-SegmentedRaftLogWorker: flushIndex: setUnconditionally 0 -> -1
2019-10-02 17:58:17,083 [pool-121-thread-1] INFO  server.RaftServerConfigKeys (ConfUtils.java:logGet(43)) - raft.server.log.preallocated.size = 16384 (custom)
2019-10-02 17:58:17,083 [pool-131-thread-1] INFO  server.RaftServerConfigKeys (ConfUtils.java:logGet(43)) - raft.server.log.preallocated.size = 16384 (custom)
2019-10-02 17:58:17,084 [pool-121-thread-1] INFO  server.RaftServerConfigKeys (ConfUtils.java:logGet(43)) - raft.server.log.write.buffer.size = 33554432 (custom)
2019-10-02 17:58:17,084 [pool-161-thread-1] INFO  server.RaftServerConfigKeys (ConfUtils.java:logGet(43)) - raft.server.snapshot.auto.trigger.enabled = true (custom)
2019-10-02 17:58:17,084 [pool-121-thread-1] INFO  server.RaftServerConfigKeys (ConfUtils.java:logGet(43)) - raft.server.log.force.sync.num = 128 (default)
2019-10-02 17:58:17,084 [pool-131-thread-1] INFO  server.RaftServerConfigKeys (ConfUtils.java:logGet(43)) - raft.server.log.write.buffer.size = 33554432 (custom)
2019-10-02 17:58:17,084 [pool-121-thread-1] INFO  server.RaftServerConfigKeys (ConfUtils.java:logGet(43)) - raft.server.log.statemachine.data.sync = true (default)
2019-10-02 17:58:17,084 [pool-161-thread-1] INFO  server.RaftServerConfigKeys (ConfUtils.java:logGet(43)) - raft.server.snapshot.auto.trigger.threshold = 10000 (custom)
2019-10-02 17:58:17,085 [pool-121-thread-1] INFO  server.RaftServerConfigKeys (ConfUtils.java:logGet(43)) - raft.server.log.statemachine.data.sync.timeout = 10s (default)
2019-10-02 17:58:17,084 [pool-131-thread-1] INFO  server.RaftServerConfigKeys (ConfUtils.java:logGet(43)) - raft.server.log.force.sync.num = 128 (default)
2019-10-02 17:58:17,085 [pool-121-thread-1] INFO  server.RaftServerConfigKeys (ConfUtils.java:logGet(43)) - raft.server.log.statemachine.data.sync.timeout.retry = -1 (default)
2019-10-02 17:58:17,085 [pool-161-thread-1] INFO  server.RaftServerConfigKeys (ConfUtils.java:logGet(43)) - raft.server.snapshot.retention.file.num = 5 (custom)
2019-10-02 17:58:17,085 [pool-121-thread-1] INFO  server.RaftServerConfigKeys (ConfUtils.java:logGet(43)) - raft.server.log.statemachine.data.caching.enabled = true (custom)
2019-10-02 17:58:17,085 [pool-131-thread-1] INFO  server.RaftServerConfigKeys (ConfUtils.java:logGet(43)) - raft.server.log.statemachine.data.sync = true (default)
2019-10-02 17:58:17,086 [pool-121-thread-1] INFO  segmented.SegmentedRaftLogWorker (SegmentedRaftLogWorker.java:lambda$new$0(128)) - b497eacb-55a3-4ffa-9375-3900e91065f4@group-04493B402C37-SegmentedRaftLogWorker: flushIndex: setUnconditionally 0 -> -1
2019-10-02 17:58:17,085 [pool-161-thread-1] INFO  server.RaftServerConfigKeys (ConfUtils.java:logGet(43)) - raft.server.retrycache.expirytime = 600000ms (custom)
2019-10-02 17:58:17,086 [pool-131-thread-1] INFO  server.RaftServerConfigKeys (ConfUtils.java:logGet(43)) - raft.server.log.statemachine.data.sync.timeout = 10s (default)
2019-10-02 17:58:17,086 [pool-121-thread-1] INFO  server.RaftServerConfigKeys (ConfUtils.java:logGet(43)) - raft.server.snapshot.auto.trigger.enabled = true (custom)
2019-10-02 17:58:17,086 [pool-131-thread-1] INFO  server.RaftServerConfigKeys (ConfUtils.java:logGet(43)) - raft.server.log.statemachine.data.sync.timeout.retry = -1 (default)
2019-10-02 17:58:17,086 [pool-121-thread-1] INFO  server.RaftServerConfigKeys (ConfUtils.java:logGet(43)) - raft.server.snapshot.auto.trigger.threshold = 10000 (custom)
2019-10-02 17:58:17,087 [pool-161-thread-1] INFO  lib.Interns (Interns.java:removeEldestEntry(50)) - Metrics intern cache overflow at 2011 for MetricsSystem={MetricsSystem=MetricsInfoImpl{name=MetricsSystem, description=MetricsSystem}, MetricsSystem record=MetricsInfoImpl{name=MetricsSystem, description=MetricsSystem record}}
2019-10-02 17:58:17,086 [pool-131-thread-1] INFO  server.RaftServerConfigKeys (ConfUtils.java:logGet(43)) - raft.server.log.statemachine.data.caching.enabled = true (custom)
2019-10-02 17:58:17,087 [pool-121-thread-1] INFO  server.RaftServerConfigKeys (ConfUtils.java:logGet(43)) - raft.server.snapshot.retention.file.num = 5 (custom)
2019-10-02 17:58:17,087 [pool-121-thread-1] INFO  server.RaftServerConfigKeys (ConfUtils.java:logGet(43)) - raft.server.retrycache.expirytime = 600000ms (custom)
2019-10-02 17:58:17,087 [pool-131-thread-1] INFO  segmented.SegmentedRaftLogWorker (SegmentedRaftLogWorker.java:lambda$new$0(128)) - 3933d80c-e8ff-4f72-bba7-02820fb600e2@group-04493B402C37-SegmentedRaftLogWorker: flushIndex: setUnconditionally 0 -> -1
2019-10-02 17:58:17,095 [pool-131-thread-1] INFO  server.RaftServerConfigKeys (ConfUtils.java:logGet(43)) - raft.server.snapshot.auto.trigger.enabled = true (custom)
2019-10-02 17:58:17,095 [pool-131-thread-1] INFO  server.RaftServerConfigKeys (ConfUtils.java:logGet(43)) - raft.server.snapshot.auto.trigger.threshold = 10000 (custom)
2019-10-02 17:58:17,096 [java.util.concurrent.ThreadPoolExecutor$Worker@2f62b7de[State = -1, empty queue]] ERROR client.GrpcClientProtocolClient (GrpcClientProtocolClient.java:close(148)) - Unexpected exception while waiting for channel termination
java.lang.InterruptedException
	at java.util.concurrent.locks.AbstractQueuedSynchronizer.tryAcquireSharedNanos(AbstractQueuedSynchronizer.java:1326)
	at java.util.concurrent.CountDownLatch.await(CountDownLatch.java:277)
	at org.apache.ratis.thirdparty.io.grpc.internal.ManagedChannelImpl.awaitTermination(ManagedChannelImpl.java:763)
	at org.apache.ratis.thirdparty.io.grpc.internal.ForwardingManagedChannel.awaitTermination(ForwardingManagedChannel.java:57)
	at org.apache.ratis.thirdparty.io.grpc.internal.ManagedChannelOrphanWrapper.awaitTermination(ManagedChannelOrphanWrapper.java:70)
	at org.apache.ratis.grpc.client.GrpcClientProtocolClient.close(GrpcClientProtocolClient.java:146)
	at org.apache.ratis.util.PeerProxyMap$PeerAndProxy.lambda$close$1(PeerProxyMap.java:74)
	at org.apache.ratis.util.LifeCycle.lambda$checkStateAndClose$2(LifeCycle.java:231)
	at org.apache.ratis.util.LifeCycle.checkStateAndClose(LifeCycle.java:251)
	at org.apache.ratis.util.LifeCycle.checkStateAndClose(LifeCycle.java:229)
	at org.apache.ratis.util.PeerProxyMap$PeerAndProxy.close(PeerProxyMap.java:70)
	at org.apache.ratis.util.PeerProxyMap.resetProxy(PeerProxyMap.java:127)
	at org.apache.ratis.util.PeerProxyMap.handleException(PeerProxyMap.java:136)
	at org.apache.ratis.client.impl.RaftClientRpcWithProxy.handleException(RaftClientRpcWithProxy.java:47)
	at org.apache.ratis.client.impl.RaftClientImpl.handleIOException(RaftClientImpl.java:372)
	at org.apache.ratis.client.impl.OrderedAsync.lambda$sendRequest$10(OrderedAsync.java:236)
	at java.util.concurrent.CompletableFuture.uniExceptionally(CompletableFuture.java:870)
	at java.util.concurrent.CompletableFuture$UniExceptionally.tryFire(CompletableFuture.java:852)
	at java.util.concurrent.CompletableFuture.postComplete(CompletableFuture.java:474)
	at java.util.concurrent.CompletableFuture.completeExceptionally(CompletableFuture.java:1977)
	at org.apache.ratis.grpc.client.GrpcClientProtocolClient$AsyncStreamObservers.lambda$timeoutCheck$3(GrpcClientProtocolClient.java:324)
	at java.util.Optional.ifPresent(Optional.java:159)
	at org.apache.ratis.grpc.client.GrpcClientProtocolClient$AsyncStreamObservers.handleReplyFuture(GrpcClientProtocolClient.java:329)
	at org.apache.ratis.grpc.client.GrpcClientProtocolClient$AsyncStreamObservers.timeoutCheck(GrpcClientProtocolClient.java:324)
	at org.apache.ratis.grpc.client.GrpcClientProtocolClient$AsyncStreamObservers.lambda$onNext$1(GrpcClientProtocolClient.java:318)
	at org.apache.ratis.util.TimeoutScheduler.lambda$onTimeout$0(TimeoutScheduler.java:113)
	at org.apache.ratis.util.TimeoutScheduler.lambda$onTimeout$1(TimeoutScheduler.java:133)
	at org.apache.ratis.util.LogUtils.runAndLog(LogUtils.java:50)
	at org.apache.ratis.util.LogUtils$1.run(LogUtils.java:91)
	at java.util.concurrent.Executors$RunnableAdapter.call(Executors.java:511)
	at java.util.concurrent.FutureTask.run(FutureTask.java:266)
	at java.util.concurrent.ScheduledThreadPoolExecutor$ScheduledFutureTask.access$201(ScheduledThreadPoolExecutor.java:180)
	at java.util.concurrent.ScheduledThreadPoolExecutor$ScheduledFutureTask.run(ScheduledThreadPoolExecutor.java:293)
	at java.util.concurrent.ThreadPoolExecutor.runWorker(ThreadPoolExecutor.java:1149)
	at java.util.concurrent.ThreadPoolExecutor$Worker.run(ThreadPoolExecutor.java:624)
	at java.lang.Thread.run(Thread.java:748)
2019-10-02 17:58:17,096 [pool-131-thread-1] INFO  server.RaftServerConfigKeys (ConfUtils.java:logGet(43)) - raft.server.snapshot.retention.file.num = 5 (custom)
2019-10-02 17:58:17,114 [java.util.concurrent.ThreadPoolExecutor$Worker@2f62b7de[State = -1, empty queue]] WARN  util.TimeoutScheduler (LogUtils.java:runAndLog(55)) - Failed to task #0: java.lang.NullPointerException
2019-10-02 17:58:17,114 [pool-131-thread-1] INFO  server.RaftServerConfigKeys (ConfUtils.java:logGet(43)) - raft.server.retrycache.expirytime = 600000ms (custom)
2019-10-02 17:58:17,115 [pool-121-thread-1] INFO  impl.RaftServerImpl (RaftServerImpl.java:start(181)) - b497eacb-55a3-4ffa-9375-3900e91065f4@group-04493B402C37: start as a follower, conf=-1: [91a1b220-aea4-4dd3-92cb-bba23af74008:192.168.151.72:35241, 3933d80c-e8ff-4f72-bba7-02820fb600e2:192.168.151.72:43322, b497eacb-55a3-4ffa-9375-3900e91065f4:192.168.151.72:45210], old=null
2019-10-02 17:58:17,115 [pool-161-thread-1] INFO  impl.RaftServerImpl (RaftServerImpl.java:start(181)) - 91a1b220-aea4-4dd3-92cb-bba23af74008@group-04493B402C37: start as a follower, conf=-1: [91a1b220-aea4-4dd3-92cb-bba23af74008:192.168.151.72:35241, 3933d80c-e8ff-4f72-bba7-02820fb600e2:192.168.151.72:43322, b497eacb-55a3-4ffa-9375-3900e91065f4:192.168.151.72:45210], old=null
2019-10-02 17:58:17,115 [pool-121-thread-1] INFO  impl.RaftServerImpl (RaftServerImpl.java:setRole(170)) - b497eacb-55a3-4ffa-9375-3900e91065f4@group-04493B402C37: changes role from      null to FOLLOWER at term 0 for startAsFollower
2019-10-02 17:58:17,116 [pool-161-thread-1] INFO  impl.RaftServerImpl (RaftServerImpl.java:setRole(170)) - 91a1b220-aea4-4dd3-92cb-bba23af74008@group-04493B402C37: changes role from      null to FOLLOWER at term 0 for startAsFollower
2019-10-02 17:58:17,116 [pool-121-thread-1] INFO  impl.RoleInfo (RoleInfo.java:updateAndGet(143)) - b497eacb-55a3-4ffa-9375-3900e91065f4: start FollowerState
2019-10-02 17:58:17,116 [pool-161-thread-1] INFO  impl.RoleInfo (RoleInfo.java:updateAndGet(143)) - 91a1b220-aea4-4dd3-92cb-bba23af74008: start FollowerState
2019-10-02 17:58:17,116 [pool-161-thread-1] INFO  util.JmxRegister (JmxRegister.java:tryRegister(44)) - Successfully registered JMX Bean with object name Ratis:service=RaftServer,group=group-04493B402C37,id=91a1b220-aea4-4dd3-92cb-bba23af74008
2019-10-02 17:58:17,117 [pool-121-thread-1] INFO  util.JmxRegister (JmxRegister.java:tryRegister(44)) - Successfully registered JMX Bean with object name Ratis:service=RaftServer,group=group-04493B402C37,id=b497eacb-55a3-4ffa-9375-3900e91065f4
2019-10-02 17:58:17,117 [pool-131-thread-1] INFO  impl.RaftServerImpl (RaftServerImpl.java:start(181)) - 3933d80c-e8ff-4f72-bba7-02820fb600e2@group-04493B402C37: start as a follower, conf=-1: [91a1b220-aea4-4dd3-92cb-bba23af74008:192.168.151.72:35241, 3933d80c-e8ff-4f72-bba7-02820fb600e2:192.168.151.72:43322, b497eacb-55a3-4ffa-9375-3900e91065f4:192.168.151.72:45210], old=null
2019-10-02 17:58:17,117 [pool-131-thread-1] INFO  impl.RaftServerImpl (RaftServerImpl.java:setRole(170)) - 3933d80c-e8ff-4f72-bba7-02820fb600e2@group-04493B402C37: changes role from      null to FOLLOWER at term 0 for startAsFollower
2019-10-02 17:58:17,117 [pool-131-thread-1] INFO  impl.RoleInfo (RoleInfo.java:updateAndGet(143)) - 3933d80c-e8ff-4f72-bba7-02820fb600e2: start FollowerState
2019-10-02 17:58:17,118 [pool-131-thread-1] INFO  util.JmxRegister (JmxRegister.java:tryRegister(44)) - Successfully registered JMX Bean with object name Ratis:service=RaftServer,group=group-04493B402C37,id=3933d80c-e8ff-4f72-bba7-02820fb600e2
2019-10-02 17:58:17,123 [RatisPipelineUtilsThread] INFO  pipeline.PipelineStateManager (PipelineStateManager.java:addPipeline(56)) - Created pipeline Pipeline[ Id: 2571e5d8-25f5-4e74-a65a-04493b402c37, Nodes: 91a1b220-aea4-4dd3-92cb-bba23af74008{ip: 192.168.151.72, host: pr-trunk-fgz7f-2353921243, networkLocation: /default-rack, certSerialId: null}3933d80c-e8ff-4f72-bba7-02820fb600e2{ip: 192.168.151.72, host: pr-trunk-fgz7f-2353921243, networkLocation: /default-rack, certSerialId: null}b497eacb-55a3-4ffa-9375-3900e91065f4{ip: 192.168.151.72, host: pr-trunk-fgz7f-2353921243, networkLocation: /default-rack, certSerialId: null}, Type:RATIS, Factor:THREE, State:OPEN]
2019-10-02 17:58:21,151 [java.util.concurrent.ThreadPoolExecutor$Worker@2ecad36a[State = -1, empty queue]] ERROR client.GrpcClientProtocolClient (GrpcClientProtocolClient.java:close(148)) - Unexpected exception while waiting for channel termination
java.lang.InterruptedException
	at java.util.concurrent.locks.AbstractQueuedSynchronizer.tryAcquireSharedNanos(AbstractQueuedSynchronizer.java:1326)
	at java.util.concurrent.CountDownLatch.await(CountDownLatch.java:277)
	at org.apache.ratis.thirdparty.io.grpc.internal.ManagedChannelImpl.awaitTermination(ManagedChannelImpl.java:763)
	at org.apache.ratis.thirdparty.io.grpc.internal.ForwardingManagedChannel.awaitTermination(ForwardingManagedChannel.java:57)
	at org.apache.ratis.thirdparty.io.grpc.internal.ManagedChannelOrphanWrapper.awaitTermination(ManagedChannelOrphanWrapper.java:70)
	at org.apache.ratis.grpc.client.GrpcClientProtocolClient.close(GrpcClientProtocolClient.java:146)
	at org.apache.ratis.util.PeerProxyMap$PeerAndProxy.lambda$close$1(PeerProxyMap.java:74)
	at org.apache.ratis.util.LifeCycle.lambda$checkStateAndClose$2(LifeCycle.java:231)
	at org.apache.ratis.util.LifeCycle.checkStateAndClose(LifeCycle.java:251)
	at org.apache.ratis.util.LifeCycle.checkStateAndClose(LifeCycle.java:229)
	at org.apache.ratis.util.PeerProxyMap$PeerAndProxy.close(PeerProxyMap.java:70)
	at org.apache.ratis.util.PeerProxyMap.resetProxy(PeerProxyMap.java:127)
	at org.apache.ratis.util.PeerProxyMap.handleException(PeerProxyMap.java:136)
	at org.apache.ratis.client.impl.RaftClientRpcWithProxy.handleException(RaftClientRpcWithProxy.java:47)
	at org.apache.ratis.client.impl.RaftClientImpl.handleIOException(RaftClientImpl.java:372)
	at org.apache.ratis.client.impl.OrderedAsync.lambda$sendRequest$10(OrderedAsync.java:236)
	at java.util.concurrent.CompletableFuture.uniExceptionally(CompletableFuture.java:870)
	at java.util.concurrent.CompletableFuture$UniExceptionally.tryFire(CompletableFuture.java:852)
	at java.util.concurrent.CompletableFuture.postComplete(CompletableFuture.java:474)
	at java.util.concurrent.CompletableFuture.completeExceptionally(CompletableFuture.java:1977)
	at org.apache.ratis.grpc.client.GrpcClientProtocolClient$AsyncStreamObservers.lambda$timeoutCheck$3(GrpcClientProtocolClient.java:324)
	at java.util.Optional.ifPresent(Optional.java:159)
	at org.apache.ratis.grpc.client.GrpcClientProtocolClient$AsyncStreamObservers.handleReplyFuture(GrpcClientProtocolClient.java:329)
	at org.apache.ratis.grpc.client.GrpcClientProtocolClient$AsyncStreamObservers.timeoutCheck(GrpcClientProtocolClient.java:324)
	at org.apache.ratis.grpc.client.GrpcClientProtocolClient$AsyncStreamObservers.lambda$onNext$1(GrpcClientProtocolClient.java:318)
	at org.apache.ratis.util.TimeoutScheduler.lambda$onTimeout$0(TimeoutScheduler.java:113)
	at org.apache.ratis.util.TimeoutScheduler.lambda$onTimeout$1(TimeoutScheduler.java:133)
	at org.apache.ratis.util.LogUtils.runAndLog(LogUtils.java:50)
	at org.apache.ratis.util.LogUtils$1.run(LogUtils.java:91)
	at java.util.concurrent.Executors$RunnableAdapter.call(Executors.java:511)
	at java.util.concurrent.FutureTask.run(FutureTask.java:266)
	at java.util.concurrent.ScheduledThreadPoolExecutor$ScheduledFutureTask.access$201(ScheduledThreadPoolExecutor.java:180)
	at java.util.concurrent.ScheduledThreadPoolExecutor$ScheduledFutureTask.run(ScheduledThreadPoolExecutor.java:293)
	at java.util.concurrent.ThreadPoolExecutor.runWorker(ThreadPoolExecutor.java:1149)
	at java.util.concurrent.ThreadPoolExecutor$Worker.run(ThreadPoolExecutor.java:624)
	at java.lang.Thread.run(Thread.java:748)
2019-10-02 17:58:21,155 [java.util.concurrent.ThreadPoolExecutor$Worker@2ecad36a[State = -1, empty queue]] WARN  util.TimeoutScheduler (LogUtils.java:runAndLog(55)) - Failed to task #0: java.lang.NullPointerException
2019-10-02 17:58:22,208 [Thread-2337] INFO  impl.FollowerState (FollowerState.java:run(108)) - 91a1b220-aea4-4dd3-92cb-bba23af74008@group-04493B402C37-FollowerState: change to CANDIDATE, lastRpcTime:5091ms, electionTimeout:5091ms
2019-10-02 17:58:22,210 [Thread-2337] INFO  impl.RoleInfo (RoleInfo.java:shutdownFollowerState(121)) - 91a1b220-aea4-4dd3-92cb-bba23af74008: shutdown FollowerState
2019-10-02 17:58:22,211 [Thread-2337] INFO  impl.RaftServerImpl (RaftServerImpl.java:setRole(170)) - 91a1b220-aea4-4dd3-92cb-bba23af74008@group-04493B402C37: changes role from  FOLLOWER to CANDIDATE at term 0 for changeToCandidate
2019-10-02 17:58:22,211 [Thread-2337] INFO  impl.RoleInfo (RoleInfo.java:updateAndGet(143)) - 91a1b220-aea4-4dd3-92cb-bba23af74008: start LeaderElection
2019-10-02 17:58:22,231 [91a1b220-aea4-4dd3-92cb-bba23af74008@group-04493B402C37-LeaderElection41] INFO  impl.LeaderElection (LeaderElection.java:askForVotes(178)) - 91a1b220-aea4-4dd3-92cb-bba23af74008@group-04493B402C37-LeaderElection41: begin an election at term 1 for -1: [91a1b220-aea4-4dd3-92cb-bba23af74008:192.168.151.72:35241, 3933d80c-e8ff-4f72-bba7-02820fb600e2:192.168.151.72:43322, b497eacb-55a3-4ffa-9375-3900e91065f4:192.168.151.72:45210], old=null
2019-10-02 17:58:22,237 [grpc-default-executor-14] INFO  impl.RaftServerImpl (RaftServerImpl.java:setRole(170)) - 3933d80c-e8ff-4f72-bba7-02820fb600e2@group-04493B402C37: changes role from  FOLLOWER to FOLLOWER at term 1 for recognizeCandidate:91a1b220-aea4-4dd3-92cb-bba23af74008
2019-10-02 17:58:22,237 [grpc-default-executor-20] INFO  impl.RaftServerImpl (RaftServerImpl.java:setRole(170)) - b497eacb-55a3-4ffa-9375-3900e91065f4@group-04493B402C37: changes role from  FOLLOWER to FOLLOWER at term 1 for recognizeCandidate:91a1b220-aea4-4dd3-92cb-bba23af74008
2019-10-02 17:58:22,238 [grpc-default-executor-14] INFO  impl.RoleInfo (RoleInfo.java:shutdownFollowerState(121)) - 3933d80c-e8ff-4f72-bba7-02820fb600e2: shutdown FollowerState
2019-10-02 17:58:22,238 [grpc-default-executor-20] INFO  impl.RoleInfo (RoleInfo.java:shutdownFollowerState(121)) - b497eacb-55a3-4ffa-9375-3900e91065f4: shutdown FollowerState
2019-10-02 17:58:22,238 [grpc-default-executor-14] INFO  impl.RoleInfo (RoleInfo.java:updateAndGet(143)) - 3933d80c-e8ff-4f72-bba7-02820fb600e2: start FollowerState
2019-10-02 17:58:22,238 [Thread-2336] INFO  impl.FollowerState (FollowerState.java:run(117)) - b497eacb-55a3-4ffa-9375-3900e91065f4@group-04493B402C37-FollowerState was interrupted: java.lang.InterruptedException: sleep interrupted
2019-10-02 17:58:22,238 [grpc-default-executor-20] INFO  impl.RoleInfo (RoleInfo.java:updateAndGet(143)) - b497eacb-55a3-4ffa-9375-3900e91065f4: start FollowerState
2019-10-02 17:58:22,238 [Thread-2338] INFO  impl.FollowerState (FollowerState.java:run(117)) - 3933d80c-e8ff-4f72-bba7-02820fb600e2@group-04493B402C37-FollowerState was interrupted: java.lang.InterruptedException: sleep interrupted
2019-10-02 17:58:22,259 [91a1b220-aea4-4dd3-92cb-bba23af74008@group-04493B402C37-LeaderElection41] INFO  impl.LeaderElection (LeaderElection.java:logAndReturn(56)) - 91a1b220-aea4-4dd3-92cb-bba23af74008@group-04493B402C37-LeaderElection41: Election PASSED; received 1 response(s) [91a1b220-aea4-4dd3-92cb-bba23af74008<-b497eacb-55a3-4ffa-9375-3900e91065f4#0:OK-t1] and 0 exception(s); 91a1b220-aea4-4dd3-92cb-bba23af74008@group-04493B402C37:t1, leader=null, voted=91a1b220-aea4-4dd3-92cb-bba23af74008, raftlog=91a1b220-aea4-4dd3-92cb-bba23af74008@group-04493B402C37-SegmentedRaftLog:OPENED:c-1,f-1,i0, conf=-1: [91a1b220-aea4-4dd3-92cb-bba23af74008:192.168.151.72:35241, 3933d80c-e8ff-4f72-bba7-02820fb600e2:192.168.151.72:43322, b497eacb-55a3-4ffa-9375-3900e91065f4:192.168.151.72:45210], old=null
2019-10-02 17:58:22,259 [91a1b220-aea4-4dd3-92cb-bba23af74008@group-04493B402C37-LeaderElection41] INFO  impl.RoleInfo (RoleInfo.java:shutdownLeaderElection(134)) - 91a1b220-aea4-4dd3-92cb-bba23af74008: shutdown LeaderElection
2019-10-02 17:58:22,260 [91a1b220-aea4-4dd3-92cb-bba23af74008@group-04493B402C37-LeaderElection41] INFO  impl.RaftServerImpl (RaftServerImpl.java:setRole(170)) - 91a1b220-aea4-4dd3-92cb-bba23af74008@group-04493B402C37: changes role from CANDIDATE to LEADER at term 1 for changeToLeader
2019-10-02 17:58:22,260 [91a1b220-aea4-4dd3-92cb-bba23af74008@group-04493B402C37-LeaderElection41] INFO  impl.RaftServerImpl (ServerState.java:setLeader(255)) - 91a1b220-aea4-4dd3-92cb-bba23af74008@group-04493B402C37: change Leader from null to 91a1b220-aea4-4dd3-92cb-bba23af74008 at term 1 for becomeLeader, leader elected after 5181ms
2019-10-02 17:58:22,260 [91a1b220-aea4-4dd3-92cb-bba23af74008@group-04493B402C37-LeaderElection41] INFO  server.RaftServerConfigKeys (ConfUtils.java:logGet(43)) - raft.server.staging.catchup.gap = 1000 (default)
2019-10-02 17:58:22,260 [91a1b220-aea4-4dd3-92cb-bba23af74008@group-04493B402C37-LeaderElection41] INFO  server.RaftServerConfigKeys (ConfUtils.java:logGet(43)) - raft.server.rpc.sleep.time = 25ms (default)
2019-10-02 17:58:22,260 [91a1b220-aea4-4dd3-92cb-bba23af74008@group-04493B402C37-LeaderElection41] INFO  server.RaftServerConfigKeys (ConfUtils.java:logGet(43)) - raft.server.write.element-limit = 4096 (default)
2019-10-02 17:58:22,261 [91a1b220-aea4-4dd3-92cb-bba23af74008@group-04493B402C37-LeaderElection41] INFO  server.RaftServerConfigKeys (ConfUtils.java:logGet(43)) - raft.server.watch.timeout = 10s (default)
2019-10-02 17:58:22,261 [91a1b220-aea4-4dd3-92cb-bba23af74008@group-04493B402C37-LeaderElection41] INFO  server.RaftServerConfigKeys (ConfUtils.java:logGet(43)) - raft.server.watch.timeout.denomination = 1s (default)
2019-10-02 17:58:22,261 [91a1b220-aea4-4dd3-92cb-bba23af74008@group-04493B402C37-LeaderElection41] INFO  server.RaftServerConfigKeys (ConfUtils.java:logGet(43)) - raft.server.watch.element-limit = 65536 (default)
2019-10-02 17:58:22,264 [91a1b220-aea4-4dd3-92cb-bba23af74008@group-04493B402C37-LeaderElection41] INFO  server.RaftServerConfigKeys (ConfUtils.java:logGet(43)) - raft.server.log.appender.snapshot.chunk.size.max = 16MB (=16777216) (default)
2019-10-02 17:58:22,264 [91a1b220-aea4-4dd3-92cb-bba23af74008@group-04493B402C37-LeaderElection41] INFO  server.RaftServerConfigKeys (ConfUtils.java:logGet(43)) - raft.server.log.appender.buffer.byte-limit = 33554432 (custom)
2019-10-02 17:58:22,264 [91a1b220-aea4-4dd3-92cb-bba23af74008@group-04493B402C37-LeaderElection41] INFO  server.RaftServerConfigKeys (ConfUtils.java:logGet(43)) - raft.server.log.appender.buffer.element-limit = 1 (custom)
2019-10-02 17:58:22,265 [91a1b220-aea4-4dd3-92cb-bba23af74008@group-04493B402C37-LeaderElection41] INFO  grpc.GrpcConfigKeys$Server (ConfUtils.java:logGet(43)) - raft.grpc.server.leader.outstanding.appends.max = 128 (default)
2019-10-02 17:58:22,265 [91a1b220-aea4-4dd3-92cb-bba23af74008@group-04493B402C37-LeaderElection41] INFO  server.RaftServerConfigKeys (ConfUtils.java:logGet(43)) - raft.server.rpc.request.timeout = 3000ms (default)
2019-10-02 17:58:22,265 [91a1b220-aea4-4dd3-92cb-bba23af74008@group-04493B402C37-LeaderElection41] INFO  server.RaftServerConfigKeys (ConfUtils.java:logGet(43)) - raft.server.log.appender.install.snapshot.enabled = false (custom)
2019-10-02 17:58:22,265 [91a1b220-aea4-4dd3-92cb-bba23af74008@group-04493B402C37-LeaderElection41] INFO  server.RaftServerConfigKeys (ConfUtils.java:logGet(43)) - raft.server.log.appender.snapshot.chunk.size.max = 16MB (=16777216) (default)
2019-10-02 17:58:22,266 [91a1b220-aea4-4dd3-92cb-bba23af74008@group-04493B402C37-LeaderElection41] INFO  server.RaftServerConfigKeys (ConfUtils.java:logGet(43)) - raft.server.log.appender.buffer.byte-limit = 33554432 (custom)
2019-10-02 17:58:22,266 [91a1b220-aea4-4dd3-92cb-bba23af74008@group-04493B402C37-LeaderElection41] INFO  server.RaftServerConfigKeys (ConfUtils.java:logGet(43)) - raft.server.log.appender.buffer.element-limit = 1 (custom)
2019-10-02 17:58:22,266 [91a1b220-aea4-4dd3-92cb-bba23af74008@group-04493B402C37-LeaderElection41] INFO  grpc.GrpcConfigKeys$Server (ConfUtils.java:logGet(43)) - raft.grpc.server.leader.outstanding.appends.max = 128 (default)
2019-10-02 17:58:22,266 [91a1b220-aea4-4dd3-92cb-bba23af74008@group-04493B402C37-LeaderElection41] INFO  server.RaftServerConfigKeys (ConfUtils.java:logGet(43)) - raft.server.rpc.request.timeout = 3000ms (default)
2019-10-02 17:58:22,266 [91a1b220-aea4-4dd3-92cb-bba23af74008@group-04493B402C37-LeaderElection41] INFO  server.RaftServerConfigKeys (ConfUtils.java:logGet(43)) - raft.server.log.appender.install.snapshot.enabled = false (custom)
2019-10-02 17:58:22,266 [91a1b220-aea4-4dd3-92cb-bba23af74008@group-04493B402C37-LeaderElection41] INFO  impl.RoleInfo (RoleInfo.java:updateAndGet(143)) - 91a1b220-aea4-4dd3-92cb-bba23af74008: start LeaderState
2019-10-02 17:58:22,267 [91a1b220-aea4-4dd3-92cb-bba23af74008@group-04493B402C37-LeaderElection41] INFO  segmented.SegmentedRaftLogWorker (SegmentedRaftLogWorker.java:startLogSegment(385)) - 91a1b220-aea4-4dd3-92cb-bba23af74008@group-04493B402C37-SegmentedRaftLogWorker: Starting segment from index:0
2019-10-02 17:58:22,301 [91a1b220-aea4-4dd3-92cb-bba23af74008@group-04493B402C37-LeaderElection41] INFO  impl.RaftServerImpl (ServerState.java:setRaftConf(356)) - 91a1b220-aea4-4dd3-92cb-bba23af74008@group-04493B402C37: set configuration 0: [91a1b220-aea4-4dd3-92cb-bba23af74008:192.168.151.72:35241, 3933d80c-e8ff-4f72-bba7-02820fb600e2:192.168.151.72:43322, b497eacb-55a3-4ffa-9375-3900e91065f4:192.168.151.72:45210], old=null at 0
2019-10-02 17:58:22,302 [grpc-default-executor-14] INFO  impl.RaftServerImpl (ServerState.java:setLeader(255)) - 3933d80c-e8ff-4f72-bba7-02820fb600e2@group-04493B402C37: change Leader from null to 91a1b220-aea4-4dd3-92cb-bba23af74008 at term 1 for appendEntries, leader elected after 5223ms
2019-10-02 17:58:22,302 [grpc-default-executor-20] INFO  impl.RaftServerImpl (ServerState.java:setLeader(255)) - b497eacb-55a3-4ffa-9375-3900e91065f4@group-04493B402C37: change Leader from null to 91a1b220-aea4-4dd3-92cb-bba23af74008 at term 1 for appendEntries, leader elected after 5224ms
2019-10-02 17:58:22,311 [grpc-default-executor-20] INFO  impl.RaftServerImpl (ServerState.java:setRaftConf(356)) - 3933d80c-e8ff-4f72-bba7-02820fb600e2@group-04493B402C37: set configuration 0: [91a1b220-aea4-4dd3-92cb-bba23af74008:192.168.151.72:35241, 3933d80c-e8ff-4f72-bba7-02820fb600e2:192.168.151.72:43322, b497eacb-55a3-4ffa-9375-3900e91065f4:192.168.151.72:45210], old=null at 0
2019-10-02 17:58:22,312 [grpc-default-executor-14] INFO  impl.RaftServerImpl (ServerState.java:setRaftConf(356)) - b497eacb-55a3-4ffa-9375-3900e91065f4@group-04493B402C37: set configuration 0: [91a1b220-aea4-4dd3-92cb-bba23af74008:192.168.151.72:35241, 3933d80c-e8ff-4f72-bba7-02820fb600e2:192.168.151.72:43322, b497eacb-55a3-4ffa-9375-3900e91065f4:192.168.151.72:45210], old=null at 0
2019-10-02 17:58:22,312 [grpc-default-executor-20] INFO  segmented.SegmentedRaftLogWorker (SegmentedRaftLogWorker.java:startLogSegment(385)) - 3933d80c-e8ff-4f72-bba7-02820fb600e2@group-04493B402C37-SegmentedRaftLogWorker: Starting segment from index:0
2019-10-02 17:58:22,312 [grpc-default-executor-14] INFO  segmented.SegmentedRaftLogWorker (SegmentedRaftLogWorker.java:startLogSegment(385)) - b497eacb-55a3-4ffa-9375-3900e91065f4@group-04493B402C37-SegmentedRaftLogWorker: Starting segment from index:0
2019-10-02 17:58:22,314 [91a1b220-aea4-4dd3-92cb-bba23af74008@group-04493B402C37-SegmentedRaftLogWorker] INFO  segmented.SegmentedRaftLogWorker (SegmentedRaftLogWorker.java:execute(574)) - 91a1b220-aea4-4dd3-92cb-bba23af74008@group-04493B402C37-SegmentedRaftLogWorker: created new log segment /workdir/hadoop-ozone/integration-test/target/test-dir/MiniOzoneClusterImpl-65f8f4fe-1764-4468-9f48-37bf81c95b0d/datanode-4/data/ratis/2571e5d8-25f5-4e74-a65a-04493b402c37/current/log_inprogress_0
2019-10-02 17:58:22,361 [b497eacb-55a3-4ffa-9375-3900e91065f4@group-04493B402C37-SegmentedRaftLogWorker] INFO  segmented.SegmentedRaftLogWorker (SegmentedRaftLogWorker.java:execute(574)) - b497eacb-55a3-4ffa-9375-3900e91065f4@group-04493B402C37-SegmentedRaftLogWorker: created new log segment /workdir/hadoop-ozone/integration-test/target/test-dir/MiniOzoneClusterImpl-65f8f4fe-1764-4468-9f48-37bf81c95b0d/datanode-0/data/ratis/2571e5d8-25f5-4e74-a65a-04493b402c37/current/log_inprogress_0
2019-10-02 17:58:22,361 [3933d80c-e8ff-4f72-bba7-02820fb600e2@group-04493B402C37-SegmentedRaftLogWorker] INFO  segmented.SegmentedRaftLogWorker (SegmentedRaftLogWorker.java:execute(574)) - 3933d80c-e8ff-4f72-bba7-02820fb600e2@group-04493B402C37-SegmentedRaftLogWorker: created new log segment /workdir/hadoop-ozone/integration-test/target/test-dir/MiniOzoneClusterImpl-65f8f4fe-1764-4468-9f48-37bf81c95b0d/datanode-1/data/ratis/2571e5d8-25f5-4e74-a65a-04493b402c37/current/log_inprogress_0
2019-10-02 17:58:25,204 [java.util.concurrent.ThreadPoolExecutor$Worker@65e69cbb[State = -1, empty queue]] ERROR client.GrpcClientProtocolClient (GrpcClientProtocolClient.java:close(148)) - Unexpected exception while waiting for channel termination
java.lang.InterruptedException
	at java.util.concurrent.locks.AbstractQueuedSynchronizer.tryAcquireSharedNanos(AbstractQueuedSynchronizer.java:1326)
	at java.util.concurrent.CountDownLatch.await(CountDownLatch.java:277)
	at org.apache.ratis.thirdparty.io.grpc.internal.ManagedChannelImpl.awaitTermination(ManagedChannelImpl.java:763)
	at org.apache.ratis.thirdparty.io.grpc.internal.ForwardingManagedChannel.awaitTermination(ForwardingManagedChannel.java:57)
	at org.apache.ratis.thirdparty.io.grpc.internal.ManagedChannelOrphanWrapper.awaitTermination(ManagedChannelOrphanWrapper.java:70)
	at org.apache.ratis.grpc.client.GrpcClientProtocolClient.close(GrpcClientProtocolClient.java:146)
	at org.apache.ratis.util.PeerProxyMap$PeerAndProxy.lambda$close$1(PeerProxyMap.java:74)
	at org.apache.ratis.util.LifeCycle.lambda$checkStateAndClose$2(LifeCycle.java:231)
	at org.apache.ratis.util.LifeCycle.checkStateAndClose(LifeCycle.java:251)
	at org.apache.ratis.util.LifeCycle.checkStateAndClose(LifeCycle.java:229)
	at org.apache.ratis.util.PeerProxyMap$PeerAndProxy.close(PeerProxyMap.java:70)
	at org.apache.ratis.util.PeerProxyMap.resetProxy(PeerProxyMap.java:127)
	at org.apache.ratis.util.PeerProxyMap.handleException(PeerProxyMap.java:136)
	at org.apache.ratis.client.impl.RaftClientRpcWithProxy.handleException(RaftClientRpcWithProxy.java:47)
	at org.apache.ratis.client.impl.RaftClientImpl.handleIOException(RaftClientImpl.java:372)
	at org.apache.ratis.client.impl.OrderedAsync.lambda$sendRequest$10(OrderedAsync.java:236)
	at java.util.concurrent.CompletableFuture.uniExceptionally(CompletableFuture.java:870)
	at java.util.concurrent.CompletableFuture$UniExceptionally.tryFire(CompletableFuture.java:852)
	at java.util.concurrent.CompletableFuture.postComplete(CompletableFuture.java:474)
	at java.util.concurrent.CompletableFuture.completeExceptionally(CompletableFuture.java:1977)
	at org.apache.ratis.grpc.client.GrpcClientProtocolClient$AsyncStreamObservers.lambda$timeoutCheck$3(GrpcClientProtocolClient.java:324)
	at java.util.Optional.ifPresent(Optional.java:159)
	at org.apache.ratis.grpc.client.GrpcClientProtocolClient$AsyncStreamObservers.handleReplyFuture(GrpcClientProtocolClient.java:329)
	at org.apache.ratis.grpc.client.GrpcClientProtocolClient$AsyncStreamObservers.timeoutCheck(GrpcClientProtocolClient.java:324)
	at org.apache.ratis.grpc.client.GrpcClientProtocolClient$AsyncStreamObservers.lambda$onNext$1(GrpcClientProtocolClient.java:318)
	at org.apache.ratis.util.TimeoutScheduler.lambda$onTimeout$0(TimeoutScheduler.java:113)
	at org.apache.ratis.util.TimeoutScheduler.lambda$onTimeout$1(TimeoutScheduler.java:133)
	at org.apache.ratis.util.LogUtils.runAndLog(LogUtils.java:50)
	at org.apache.ratis.util.LogUtils$1.run(LogUtils.java:91)
	at java.util.concurrent.Executors$RunnableAdapter.call(Executors.java:511)
	at java.util.concurrent.FutureTask.run(FutureTask.java:266)
	at java.util.concurrent.ScheduledThreadPoolExecutor$ScheduledFutureTask.access$201(ScheduledThreadPoolExecutor.java:180)
	at java.util.concurrent.ScheduledThreadPoolExecutor$ScheduledFutureTask.run(ScheduledThreadPoolExecutor.java:293)
	at java.util.concurrent.ThreadPoolExecutor.runWorker(ThreadPoolExecutor.java:1149)
	at java.util.concurrent.ThreadPoolExecutor$Worker.run(ThreadPoolExecutor.java:624)
	at java.lang.Thread.run(Thread.java:748)
2019-10-02 17:58:25,206 [java.util.concurrent.ThreadPoolExecutor$Worker@65e69cbb[State = -1, empty queue]] WARN  util.TimeoutScheduler (LogUtils.java:runAndLog(55)) - Failed to task #0: java.lang.NullPointerException
2019-10-02 17:58:29,241 [java.util.concurrent.ThreadPoolExecutor$Worker@d5a8e7a[State = -1, empty queue]] ERROR client.GrpcClientProtocolClient (GrpcClientProtocolClient.java:close(148)) - Unexpected exception while waiting for channel termination
java.lang.InterruptedException
	at java.util.concurrent.locks.AbstractQueuedSynchronizer.tryAcquireSharedNanos(AbstractQueuedSynchronizer.java:1326)
	at java.util.concurrent.CountDownLatch.await(CountDownLatch.java:277)
	at org.apache.ratis.thirdparty.io.grpc.internal.ManagedChannelImpl.awaitTermination(ManagedChannelImpl.java:763)
	at org.apache.ratis.thirdparty.io.grpc.internal.ForwardingManagedChannel.awaitTermination(ForwardingManagedChannel.java:57)
	at org.apache.ratis.thirdparty.io.grpc.internal.ManagedChannelOrphanWrapper.awaitTermination(ManagedChannelOrphanWrapper.java:70)
	at org.apache.ratis.grpc.client.GrpcClientProtocolClient.close(GrpcClientProtocolClient.java:146)
	at org.apache.ratis.util.PeerProxyMap$PeerAndProxy.lambda$close$1(PeerProxyMap.java:74)
	at org.apache.ratis.util.LifeCycle.lambda$checkStateAndClose$2(LifeCycle.java:231)
	at org.apache.ratis.util.LifeCycle.checkStateAndClose(LifeCycle.java:251)
	at org.apache.ratis.util.LifeCycle.checkStateAndClose(LifeCycle.java:229)
	at org.apache.ratis.util.PeerProxyMap$PeerAndProxy.close(PeerProxyMap.java:70)
	at org.apache.ratis.util.PeerProxyMap.resetProxy(PeerProxyMap.java:127)
	at org.apache.ratis.util.PeerProxyMap.handleException(PeerProxyMap.java:136)
	at org.apache.ratis.client.impl.RaftClientRpcWithProxy.handleException(RaftClientRpcWithProxy.java:47)
	at org.apache.ratis.client.impl.RaftClientImpl.handleIOException(RaftClientImpl.java:372)
	at org.apache.ratis.client.impl.OrderedAsync.lambda$sendRequest$10(OrderedAsync.java:236)
	at java.util.concurrent.CompletableFuture.uniExceptionally(CompletableFuture.java:870)
	at java.util.concurrent.CompletableFuture$UniExceptionally.tryFire(CompletableFuture.java:852)
	at java.util.concurrent.CompletableFuture.postComplete(CompletableFuture.java:474)
	at java.util.concurrent.CompletableFuture.completeExceptionally(CompletableFuture.java:1977)
	at org.apache.ratis.grpc.client.GrpcClientProtocolClient$AsyncStreamObservers.lambda$timeoutCheck$3(GrpcClientProtocolClient.java:324)
	at java.util.Optional.ifPresent(Optional.java:159)
	at org.apache.ratis.grpc.client.GrpcClientProtocolClient$AsyncStreamObservers.handleReplyFuture(GrpcClientProtocolClient.java:329)
	at org.apache.ratis.grpc.client.GrpcClientProtocolClient$AsyncStreamObservers.timeoutCheck(GrpcClientProtocolClient.java:324)
	at org.apache.ratis.grpc.client.GrpcClientProtocolClient$AsyncStreamObservers.lambda$onNext$1(GrpcClientProtocolClient.java:318)
	at org.apache.ratis.util.TimeoutScheduler.lambda$onTimeout$0(TimeoutScheduler.java:113)
	at org.apache.ratis.util.TimeoutScheduler.lambda$onTimeout$1(TimeoutScheduler.java:133)
	at org.apache.ratis.util.LogUtils.runAndLog(LogUtils.java:50)
	at org.apache.ratis.util.LogUtils$1.run(LogUtils.java:91)
	at java.util.concurrent.Executors$RunnableAdapter.call(Executors.java:511)
	at java.util.concurrent.FutureTask.run(FutureTask.java:266)
	at java.util.concurrent.ScheduledThreadPoolExecutor$ScheduledFutureTask.access$201(ScheduledThreadPoolExecutor.java:180)
	at java.util.concurrent.ScheduledThreadPoolExecutor$ScheduledFutureTask.run(ScheduledThreadPoolExecutor.java:293)
	at java.util.concurrent.ThreadPoolExecutor.runWorker(ThreadPoolExecutor.java:1149)
	at java.util.concurrent.ThreadPoolExecutor$Worker.run(ThreadPoolExecutor.java:624)
	at java.lang.Thread.run(Thread.java:748)
2019-10-02 17:58:29,242 [java.util.concurrent.ThreadPoolExecutor$Worker@d5a8e7a[State = -1, empty queue]] WARN  util.TimeoutScheduler (LogUtils.java:runAndLog(55)) - Failed to task #0: java.lang.NullPointerException
2019-10-02 17:58:33,297 [java.util.concurrent.ThreadPoolExecutor$Worker@49943009[State = -1, empty queue]] ERROR client.GrpcClientProtocolClient (GrpcClientProtocolClient.java:close(148)) - Unexpected exception while waiting for channel termination
java.lang.InterruptedException
	at java.util.concurrent.locks.AbstractQueuedSynchronizer.tryAcquireSharedNanos(AbstractQueuedSynchronizer.java:1326)
	at java.util.concurrent.CountDownLatch.await(CountDownLatch.java:277)
	at org.apache.ratis.thirdparty.io.grpc.internal.ManagedChannelImpl.awaitTermination(ManagedChannelImpl.java:763)
	at org.apache.ratis.thirdparty.io.grpc.internal.ForwardingManagedChannel.awaitTermination(ForwardingManagedChannel.java:57)
	at org.apache.ratis.thirdparty.io.grpc.internal.ManagedChannelOrphanWrapper.awaitTermination(ManagedChannelOrphanWrapper.java:70)
	at org.apache.ratis.grpc.client.GrpcClientProtocolClient.close(GrpcClientProtocolClient.java:146)
	at org.apache.ratis.util.PeerProxyMap$PeerAndProxy.lambda$close$1(PeerProxyMap.java:74)
	at org.apache.ratis.util.LifeCycle.lambda$checkStateAndClose$2(LifeCycle.java:231)
	at org.apache.ratis.util.LifeCycle.checkStateAndClose(LifeCycle.java:251)
	at org.apache.ratis.util.LifeCycle.checkStateAndClose(LifeCycle.java:229)
	at org.apache.ratis.util.PeerProxyMap$PeerAndProxy.close(PeerProxyMap.java:70)
	at org.apache.ratis.util.PeerProxyMap.resetProxy(PeerProxyMap.java:127)
	at org.apache.ratis.util.PeerProxyMap.handleException(PeerProxyMap.java:136)
	at org.apache.ratis.client.impl.RaftClientRpcWithProxy.handleException(RaftClientRpcWithProxy.java:47)
	at org.apache.ratis.client.impl.RaftClientImpl.handleIOException(RaftClientImpl.java:372)
	at org.apache.ratis.client.impl.OrderedAsync.lambda$sendRequest$10(OrderedAsync.java:236)
	at java.util.concurrent.CompletableFuture.uniExceptionally(CompletableFuture.java:870)
	at java.util.concurrent.CompletableFuture$UniExceptionally.tryFire(CompletableFuture.java:852)
	at java.util.concurrent.CompletableFuture.postComplete(CompletableFuture.java:474)
	at java.util.concurrent.CompletableFuture.completeExceptionally(CompletableFuture.java:1977)
	at org.apache.ratis.grpc.client.GrpcClientProtocolClient$AsyncStreamObservers.lambda$timeoutCheck$3(GrpcClientProtocolClient.java:324)
	at java.util.Optional.ifPresent(Optional.java:159)
	at org.apache.ratis.grpc.client.GrpcClientProtocolClient$AsyncStreamObservers.handleReplyFuture(GrpcClientProtocolClient.java:329)
	at org.apache.ratis.grpc.client.GrpcClientProtocolClient$AsyncStreamObservers.timeoutCheck(GrpcClientProtocolClient.java:324)
	at org.apache.ratis.grpc.client.GrpcClientProtocolClient$AsyncStreamObservers.lambda$onNext$1(GrpcClientProtocolClient.java:318)
	at org.apache.ratis.util.TimeoutScheduler.lambda$onTimeout$0(TimeoutScheduler.java:113)
	at org.apache.ratis.util.TimeoutScheduler.lambda$onTimeout$1(TimeoutScheduler.java:133)
	at org.apache.ratis.util.LogUtils.runAndLog(LogUtils.java:50)
	at org.apache.ratis.util.LogUtils$1.run(LogUtils.java:91)
	at java.util.concurrent.Executors$RunnableAdapter.call(Executors.java:511)
	at java.util.concurrent.FutureTask.run(FutureTask.java:266)
	at java.util.concurrent.ScheduledThreadPoolExecutor$ScheduledFutureTask.access$201(ScheduledThreadPoolExecutor.java:180)
	at java.util.concurrent.ScheduledThreadPoolExecutor$ScheduledFutureTask.run(ScheduledThreadPoolExecutor.java:293)
	at java.util.concurrent.ThreadPoolExecutor.runWorker(ThreadPoolExecutor.java:1149)
	at java.util.concurrent.ThreadPoolExecutor$Worker.run(ThreadPoolExecutor.java:624)
	at java.lang.Thread.run(Thread.java:748)
2019-10-02 17:58:33,301 [java.util.concurrent.ThreadPoolExecutor$Worker@49943009[State = -1, empty queue]] WARN  util.TimeoutScheduler (LogUtils.java:runAndLog(55)) - Failed to task #0: java.lang.NullPointerException
2019-10-02 17:58:37,342 [java.util.concurrent.ThreadPoolExecutor$Worker@354011ee[State = -1, empty queue]] ERROR client.GrpcClientProtocolClient (GrpcClientProtocolClient.java:close(148)) - Unexpected exception while waiting for channel termination
java.lang.InterruptedException
	at java.util.concurrent.locks.AbstractQueuedSynchronizer.tryAcquireSharedNanos(AbstractQueuedSynchronizer.java:1326)
	at java.util.concurrent.CountDownLatch.await(CountDownLatch.java:277)
	at org.apache.ratis.thirdparty.io.grpc.internal.ManagedChannelImpl.awaitTermination(ManagedChannelImpl.java:763)
	at org.apache.ratis.thirdparty.io.grpc.internal.ForwardingManagedChannel.awaitTermination(ForwardingManagedChannel.java:57)
	at org.apache.ratis.thirdparty.io.grpc.internal.ManagedChannelOrphanWrapper.awaitTermination(ManagedChannelOrphanWrapper.java:70)
	at org.apache.ratis.grpc.client.GrpcClientProtocolClient.close(GrpcClientProtocolClient.java:146)
	at org.apache.ratis.util.PeerProxyMap$PeerAndProxy.lambda$close$1(PeerProxyMap.java:74)
	at org.apache.ratis.util.LifeCycle.lambda$checkStateAndClose$2(LifeCycle.java:231)
	at org.apache.ratis.util.LifeCycle.checkStateAndClose(LifeCycle.java:251)
	at org.apache.ratis.util.LifeCycle.checkStateAndClose(LifeCycle.java:229)
	at org.apache.ratis.util.PeerProxyMap$PeerAndProxy.close(PeerProxyMap.java:70)
	at org.apache.ratis.util.PeerProxyMap.resetProxy(PeerProxyMap.java:127)
	at org.apache.ratis.util.PeerProxyMap.handleException(PeerProxyMap.java:136)
	at org.apache.ratis.client.impl.RaftClientRpcWithProxy.handleException(RaftClientRpcWithProxy.java:47)
	at org.apache.ratis.client.impl.RaftClientImpl.handleIOException(RaftClientImpl.java:372)
	at org.apache.ratis.client.impl.OrderedAsync.lambda$sendRequest$10(OrderedAsync.java:236)
	at java.util.concurrent.CompletableFuture.uniExceptionally(CompletableFuture.java:870)
	at java.util.concurrent.CompletableFuture$UniExceptionally.tryFire(CompletableFuture.java:852)
	at java.util.concurrent.CompletableFuture.postComplete(CompletableFuture.java:474)
	at java.util.concurrent.CompletableFuture.completeExceptionally(CompletableFuture.java:1977)
	at org.apache.ratis.grpc.client.GrpcClientProtocolClient$AsyncStreamObservers.lambda$timeoutCheck$3(GrpcClientProtocolClient.java:324)
	at java.util.Optional.ifPresent(Optional.java:159)
	at org.apache.ratis.grpc.client.GrpcClientProtocolClient$AsyncStreamObservers.handleReplyFuture(GrpcClientProtocolClient.java:329)
	at org.apache.ratis.grpc.client.GrpcClientProtocolClient$AsyncStreamObservers.timeoutCheck(GrpcClientProtocolClient.java:324)
	at org.apache.ratis.grpc.client.GrpcClientProtocolClient$AsyncStreamObservers.lambda$onNext$1(GrpcClientProtocolClient.java:318)
	at org.apache.ratis.util.TimeoutScheduler.lambda$onTimeout$0(TimeoutScheduler.java:113)
	at org.apache.ratis.util.TimeoutScheduler.lambda$onTimeout$1(TimeoutScheduler.java:133)
	at org.apache.ratis.util.LogUtils.runAndLog(LogUtils.java:50)
	at org.apache.ratis.util.LogUtils$1.run(LogUtils.java:91)
	at java.util.concurrent.Executors$RunnableAdapter.call(Executors.java:511)
	at java.util.concurrent.FutureTask.run(FutureTask.java:266)
	at java.util.concurrent.ScheduledThreadPoolExecutor$ScheduledFutureTask.access$201(ScheduledThreadPoolExecutor.java:180)
	at java.util.concurrent.ScheduledThreadPoolExecutor$ScheduledFutureTask.run(ScheduledThreadPoolExecutor.java:293)
	at java.util.concurrent.ThreadPoolExecutor.runWorker(ThreadPoolExecutor.java:1149)
	at java.util.concurrent.ThreadPoolExecutor$Worker.run(ThreadPoolExecutor.java:624)
	at java.lang.Thread.run(Thread.java:748)
2019-10-02 17:58:37,345 [java.util.concurrent.ThreadPoolExecutor$Worker@354011ee[State = -1, empty queue]] WARN  util.TimeoutScheduler (LogUtils.java:runAndLog(55)) - Failed to task #0: java.lang.NullPointerException
2019-10-02 17:58:41,387 [java.util.concurrent.ThreadPoolExecutor$Worker@52bd0403[State = -1, empty queue]] ERROR client.GrpcClientProtocolClient (GrpcClientProtocolClient.java:close(148)) - Unexpected exception while waiting for channel termination
java.lang.InterruptedException
	at java.util.concurrent.locks.AbstractQueuedSynchronizer.tryAcquireSharedNanos(AbstractQueuedSynchronizer.java:1326)
	at java.util.concurrent.CountDownLatch.await(CountDownLatch.java:277)
	at org.apache.ratis.thirdparty.io.grpc.internal.ManagedChannelImpl.awaitTermination(ManagedChannelImpl.java:763)
	at org.apache.ratis.thirdparty.io.grpc.internal.ForwardingManagedChannel.awaitTermination(ForwardingManagedChannel.java:57)
	at org.apache.ratis.thirdparty.io.grpc.internal.ManagedChannelOrphanWrapper.awaitTermination(ManagedChannelOrphanWrapper.java:70)
	at org.apache.ratis.grpc.client.GrpcClientProtocolClient.close(GrpcClientProtocolClient.java:146)
	at org.apache.ratis.util.PeerProxyMap$PeerAndProxy.lambda$close$1(PeerProxyMap.java:74)
	at org.apache.ratis.util.LifeCycle.lambda$checkStateAndClose$2(LifeCycle.java:231)
	at org.apache.ratis.util.LifeCycle.checkStateAndClose(LifeCycle.java:251)
	at org.apache.ratis.util.LifeCycle.checkStateAndClose(LifeCycle.java:229)
	at org.apache.ratis.util.PeerProxyMap$PeerAndProxy.close(PeerProxyMap.java:70)
	at org.apache.ratis.util.PeerProxyMap.resetProxy(PeerProxyMap.java:127)
	at org.apache.ratis.util.PeerProxyMap.handleException(PeerProxyMap.java:136)
	at org.apache.ratis.client.impl.RaftClientRpcWithProxy.handleException(RaftClientRpcWithProxy.java:47)
	at org.apache.ratis.client.impl.RaftClientImpl.handleIOException(RaftClientImpl.java:372)
	at org.apache.ratis.client.impl.OrderedAsync.lambda$sendRequest$10(OrderedAsync.java:236)
	at java.util.concurrent.CompletableFuture.uniExceptionally(CompletableFuture.java:870)
	at java.util.concurrent.CompletableFuture$UniExceptionally.tryFire(CompletableFuture.java:852)
	at java.util.concurrent.CompletableFuture.postComplete(CompletableFuture.java:474)
	at java.util.concurrent.CompletableFuture.completeExceptionally(CompletableFuture.java:1977)
	at org.apache.ratis.grpc.client.GrpcClientProtocolClient$AsyncStreamObservers.lambda$timeoutCheck$3(GrpcClientProtocolClient.java:324)
	at java.util.Optional.ifPresent(Optional.java:159)
	at org.apache.ratis.grpc.client.GrpcClientProtocolClient$AsyncStreamObservers.handleReplyFuture(GrpcClientProtocolClient.java:329)
	at org.apache.ratis.grpc.client.GrpcClientProtocolClient$AsyncStreamObservers.timeoutCheck(GrpcClientProtocolClient.java:324)
	at org.apache.ratis.grpc.client.GrpcClientProtocolClient$AsyncStreamObservers.lambda$onNext$1(GrpcClientProtocolClient.java:318)
	at org.apache.ratis.util.TimeoutScheduler.lambda$onTimeout$0(TimeoutScheduler.java:113)
	at org.apache.ratis.util.TimeoutScheduler.lambda$onTimeout$1(TimeoutScheduler.java:133)
	at org.apache.ratis.util.LogUtils.runAndLog(LogUtils.java:50)
	at org.apache.ratis.util.LogUtils$1.run(LogUtils.java:91)
	at java.util.concurrent.Executors$RunnableAdapter.call(Executors.java:511)
	at java.util.concurrent.FutureTask.run(FutureTask.java:266)
	at java.util.concurrent.ScheduledThreadPoolExecutor$ScheduledFutureTask.access$201(ScheduledThreadPoolExecutor.java:180)
	at java.util.concurrent.ScheduledThreadPoolExecutor$ScheduledFutureTask.run(ScheduledThreadPoolExecutor.java:293)
	at java.util.concurrent.ThreadPoolExecutor.runWorker(ThreadPoolExecutor.java:1149)
	at java.util.concurrent.ThreadPoolExecutor$Worker.run(ThreadPoolExecutor.java:624)
	at java.lang.Thread.run(Thread.java:748)
2019-10-02 17:58:41,389 [java.util.concurrent.ThreadPoolExecutor$Worker@52bd0403[State = -1, empty queue]] WARN  util.TimeoutScheduler (LogUtils.java:runAndLog(55)) - Failed to task #0: java.lang.NullPointerException
2019-10-02 17:58:45,432 [java.util.concurrent.ThreadPoolExecutor$Worker@30f208b5[State = -1, empty queue]] ERROR client.GrpcClientProtocolClient (GrpcClientProtocolClient.java:close(148)) - Unexpected exception while waiting for channel termination
java.lang.InterruptedException
	at java.util.concurrent.locks.AbstractQueuedSynchronizer.tryAcquireSharedNanos(AbstractQueuedSynchronizer.java:1326)
	at java.util.concurrent.CountDownLatch.await(CountDownLatch.java:277)
	at org.apache.ratis.thirdparty.io.grpc.internal.ManagedChannelImpl.awaitTermination(ManagedChannelImpl.java:763)
	at org.apache.ratis.thirdparty.io.grpc.internal.ForwardingManagedChannel.awaitTermination(ForwardingManagedChannel.java:57)
	at org.apache.ratis.thirdparty.io.grpc.internal.ManagedChannelOrphanWrapper.awaitTermination(ManagedChannelOrphanWrapper.java:70)
	at org.apache.ratis.grpc.client.GrpcClientProtocolClient.close(GrpcClientProtocolClient.java:146)
	at org.apache.ratis.util.PeerProxyMap$PeerAndProxy.lambda$close$1(PeerProxyMap.java:74)
	at org.apache.ratis.util.LifeCycle.lambda$checkStateAndClose$2(LifeCycle.java:231)
	at org.apache.ratis.util.LifeCycle.checkStateAndClose(LifeCycle.java:251)
	at org.apache.ratis.util.LifeCycle.checkStateAndClose(LifeCycle.java:229)
	at org.apache.ratis.util.PeerProxyMap$PeerAndProxy.close(PeerProxyMap.java:70)
	at org.apache.ratis.util.PeerProxyMap.resetProxy(PeerProxyMap.java:127)
	at org.apache.ratis.util.PeerProxyMap.handleException(PeerProxyMap.java:136)
	at org.apache.ratis.client.impl.RaftClientRpcWithProxy.handleException(RaftClientRpcWithProxy.java:47)
	at org.apache.ratis.client.impl.RaftClientImpl.handleIOException(RaftClientImpl.java:372)
	at org.apache.ratis.client.impl.OrderedAsync.lambda$sendRequest$10(OrderedAsync.java:236)
	at java.util.concurrent.CompletableFuture.uniExceptionally(CompletableFuture.java:870)
	at java.util.concurrent.CompletableFuture$UniExceptionally.tryFire(CompletableFuture.java:852)
	at java.util.concurrent.CompletableFuture.postComplete(CompletableFuture.java:474)
	at java.util.concurrent.CompletableFuture.completeExceptionally(CompletableFuture.java:1977)
	at org.apache.ratis.grpc.client.GrpcClientProtocolClient$AsyncStreamObservers.lambda$timeoutCheck$3(GrpcClientProtocolClient.java:324)
	at java.util.Optional.ifPresent(Optional.java:159)
	at org.apache.ratis.grpc.client.GrpcClientProtocolClient$AsyncStreamObservers.handleReplyFuture(GrpcClientProtocolClient.java:329)
	at org.apache.ratis.grpc.client.GrpcClientProtocolClient$AsyncStreamObservers.timeoutCheck(GrpcClientProtocolClient.java:324)
	at org.apache.ratis.grpc.client.GrpcClientProtocolClient$AsyncStreamObservers.lambda$onNext$1(GrpcClientProtocolClient.java:318)
	at org.apache.ratis.util.TimeoutScheduler.lambda$onTimeout$0(TimeoutScheduler.java:113)
	at org.apache.ratis.util.TimeoutScheduler.lambda$onTimeout$1(TimeoutScheduler.java:133)
	at org.apache.ratis.util.LogUtils.runAndLog(LogUtils.java:50)
	at org.apache.ratis.util.LogUtils$1.run(LogUtils.java:91)
	at java.util.concurrent.Executors$RunnableAdapter.call(Executors.java:511)
	at java.util.concurrent.FutureTask.run(FutureTask.java:266)
	at java.util.concurrent.ScheduledThreadPoolExecutor$ScheduledFutureTask.access$201(ScheduledThreadPoolExecutor.java:180)
	at java.util.concurrent.ScheduledThreadPoolExecutor$ScheduledFutureTask.run(ScheduledThreadPoolExecutor.java:293)
	at java.util.concurrent.ThreadPoolExecutor.runWorker(ThreadPoolExecutor.java:1149)
	at java.util.concurrent.ThreadPoolExecutor$Worker.run(ThreadPoolExecutor.java:624)
	at java.lang.Thread.run(Thread.java:748)
2019-10-02 17:58:45,436 [java.util.concurrent.ThreadPoolExecutor$Worker@30f208b5[State = -1, empty queue]] WARN  util.TimeoutScheduler (LogUtils.java:runAndLog(55)) - Failed to task #0: java.lang.NullPointerException
2019-10-02 17:58:49,474 [java.util.concurrent.ThreadPoolExecutor$Worker@87cf6dd[State = -1, empty queue]] ERROR client.GrpcClientProtocolClient (GrpcClientProtocolClient.java:close(148)) - Unexpected exception while waiting for channel termination
java.lang.InterruptedException
	at java.util.concurrent.locks.AbstractQueuedSynchronizer.tryAcquireSharedNanos(AbstractQueuedSynchronizer.java:1326)
	at java.util.concurrent.CountDownLatch.await(CountDownLatch.java:277)
	at org.apache.ratis.thirdparty.io.grpc.internal.ManagedChannelImpl.awaitTermination(ManagedChannelImpl.java:763)
	at org.apache.ratis.thirdparty.io.grpc.internal.ForwardingManagedChannel.awaitTermination(ForwardingManagedChannel.java:57)
	at org.apache.ratis.thirdparty.io.grpc.internal.ManagedChannelOrphanWrapper.awaitTermination(ManagedChannelOrphanWrapper.java:70)
	at org.apache.ratis.grpc.client.GrpcClientProtocolClient.close(GrpcClientProtocolClient.java:146)
	at org.apache.ratis.util.PeerProxyMap$PeerAndProxy.lambda$close$1(PeerProxyMap.java:74)
	at org.apache.ratis.util.LifeCycle.lambda$checkStateAndClose$2(LifeCycle.java:231)
	at org.apache.ratis.util.LifeCycle.checkStateAndClose(LifeCycle.java:251)
	at org.apache.ratis.util.LifeCycle.checkStateAndClose(LifeCycle.java:229)
	at org.apache.ratis.util.PeerProxyMap$PeerAndProxy.close(PeerProxyMap.java:70)
	at org.apache.ratis.util.PeerProxyMap.resetProxy(PeerProxyMap.java:127)
	at org.apache.ratis.util.PeerProxyMap.handleException(PeerProxyMap.java:136)
	at org.apache.ratis.client.impl.RaftClientRpcWithProxy.handleException(RaftClientRpcWithProxy.java:47)
	at org.apache.ratis.client.impl.RaftClientImpl.handleIOException(RaftClientImpl.java:372)
	at org.apache.ratis.client.impl.OrderedAsync.lambda$sendRequest$10(OrderedAsync.java:236)
	at java.util.concurrent.CompletableFuture.uniExceptionally(CompletableFuture.java:870)
	at java.util.concurrent.CompletableFuture$UniExceptionally.tryFire(CompletableFuture.java:852)
	at java.util.concurrent.CompletableFuture.postComplete(CompletableFuture.java:474)
	at java.util.concurrent.CompletableFuture.completeExceptionally(CompletableFuture.java:1977)
	at org.apache.ratis.grpc.client.GrpcClientProtocolClient$AsyncStreamObservers.lambda$timeoutCheck$3(GrpcClientProtocolClient.java:324)
	at java.util.Optional.ifPresent(Optional.java:159)
	at org.apache.ratis.grpc.client.GrpcClientProtocolClient$AsyncStreamObservers.handleReplyFuture(GrpcClientProtocolClient.java:329)
	at org.apache.ratis.grpc.client.GrpcClientProtocolClient$AsyncStreamObservers.timeoutCheck(GrpcClientProtocolClient.java:324)
	at org.apache.ratis.grpc.client.GrpcClientProtocolClient$AsyncStreamObservers.lambda$onNext$1(GrpcClientProtocolClient.java:318)
	at org.apache.ratis.util.TimeoutScheduler.lambda$onTimeout$0(TimeoutScheduler.java:113)
	at org.apache.ratis.util.TimeoutScheduler.lambda$onTimeout$1(TimeoutScheduler.java:133)
	at org.apache.ratis.util.LogUtils.runAndLog(LogUtils.java:50)
	at org.apache.ratis.util.LogUtils$1.run(LogUtils.java:91)
	at java.util.concurrent.Executors$RunnableAdapter.call(Executors.java:511)
	at java.util.concurrent.FutureTask.run(FutureTask.java:266)
	at java.util.concurrent.ScheduledThreadPoolExecutor$ScheduledFutureTask.access$201(ScheduledThreadPoolExecutor.java:180)
	at java.util.concurrent.ScheduledThreadPoolExecutor$ScheduledFutureTask.run(ScheduledThreadPoolExecutor.java:293)
	at java.util.concurrent.ThreadPoolExecutor.runWorker(ThreadPoolExecutor.java:1149)
	at java.util.concurrent.ThreadPoolExecutor$Worker.run(ThreadPoolExecutor.java:624)
	at java.lang.Thread.run(Thread.java:748)
2019-10-02 17:58:49,478 [java.util.concurrent.ThreadPoolExecutor$Worker@87cf6dd[State = -1, empty queue]] WARN  util.TimeoutScheduler (LogUtils.java:runAndLog(55)) - Failed to task #0: java.lang.NullPointerException
2019-10-02 17:58:51,850 [grpc-default-executor-20] INFO  impl.RaftServerProxy (RaftServerProxy.java:remove(95)) - 91a1b220-aea4-4dd3-92cb-bba23af74008: remove  FOLLOWER 91a1b220-aea4-4dd3-92cb-bba23af74008@group-3CA089F748F7:t1, leader=3933d80c-e8ff-4f72-bba7-02820fb600e2, voted=3933d80c-e8ff-4f72-bba7-02820fb600e2, raftlog=91a1b220-aea4-4dd3-92cb-bba23af74008@group-3CA089F748F7-SegmentedRaftLog:OPENED:c0,f2,i2, conf=0: [91a1b220-aea4-4dd3-92cb-bba23af74008:192.168.151.72:35241, 3933d80c-e8ff-4f72-bba7-02820fb600e2:192.168.151.72:43322, b497eacb-55a3-4ffa-9375-3900e91065f4:192.168.151.72:45210], old=null RUNNING
2019-10-02 17:58:51,851 [grpc-default-executor-20] INFO  impl.RaftServerImpl (RaftServerImpl.java:lambda$shutdown$3(247)) - 91a1b220-aea4-4dd3-92cb-bba23af74008@group-3CA089F748F7: shutdown
2019-10-02 17:58:51,852 [grpc-default-executor-20] INFO  util.JmxRegister (JmxRegister.java:unregister(73)) - Successfully un-registered JMX Bean with object name Ratis:service=RaftServer,group=group-3CA089F748F7,id=91a1b220-aea4-4dd3-92cb-bba23af74008
2019-10-02 17:58:51,852 [grpc-default-executor-20] INFO  impl.RoleInfo (RoleInfo.java:shutdownFollowerState(121)) - 91a1b220-aea4-4dd3-92cb-bba23af74008: shutdown FollowerState
2019-10-02 17:58:51,852 [grpc-default-executor-20] INFO  impl.StateMachineUpdater (StateMachineUpdater.java:stopAndJoin(136)) - 91a1b220-aea4-4dd3-92cb-bba23af74008@group-3CA089F748F7-StateMachineUpdater: set stopIndex = 0
2019-10-02 17:58:51,852 [Thread-1832] INFO  impl.FollowerState (FollowerState.java:run(117)) - 91a1b220-aea4-4dd3-92cb-bba23af74008@group-3CA089F748F7-FollowerState was interrupted: java.lang.InterruptedException: sleep interrupted
2019-10-02 17:58:51,856 [grpc-default-executor-20] INFO  impl.RaftServerImpl (ServerState.java:close(387)) - 91a1b220-aea4-4dd3-92cb-bba23af74008@group-3CA089F748F7: closes. applyIndex: 0
2019-10-02 17:58:51,856 [91a1b220-aea4-4dd3-92cb-bba23af74008@group-3CA089F748F7-SegmentedRaftLogWorker] INFO  segmented.SegmentedRaftLogWorker (SegmentedRaftLogWorker.java:run(316)) - 91a1b220-aea4-4dd3-92cb-bba23af74008@group-3CA089F748F7-SegmentedRaftLogWorker was interrupted, exiting. There are 0 tasks remaining in the queue.
2019-10-02 17:58:51,858 [grpc-default-executor-20] INFO  segmented.SegmentedRaftLogWorker (SegmentedRaftLogWorker.java:close(224)) - 91a1b220-aea4-4dd3-92cb-bba23af74008@group-3CA089F748F7-SegmentedRaftLogWorker close()
2019-10-02 17:58:51,933 [grpc-default-executor-20] INFO  interfaces.Container (KeyValueContainer.java:flushAndSyncDB(386)) - Container 6 is synced with bcsId 0.
2019-10-02 17:58:51,933 [grpc-default-executor-20] INFO  interfaces.Container (KeyValueContainer.java:flushAndSyncDB(386)) - Container 6 is synced with bcsId 0.
2019-10-02 17:58:51,950 [EventQueue-IncrementalContainerReportForIncrementalContainerReportHandler] INFO  container.IncrementalContainerReportHandler (AbstractContainerReportHandler.java:updateContainerState(169)) - Moving container #6 to QUASI_CLOSED state, datanode 91a1b220-aea4-4dd3-92cb-bba23af74008{ip: 192.168.151.72, host: pr-trunk-fgz7f-2353921243, networkLocation: /default-rack, certSerialId: null} reported QUASI_CLOSED replica.
2019-10-02 17:58:51,952 [grpc-default-executor-20] INFO  impl.RaftServerProxy (RaftServerProxy.java:remove(95)) - 3933d80c-e8ff-4f72-bba7-02820fb600e2: remove    LEADER 3933d80c-e8ff-4f72-bba7-02820fb600e2@group-3CA089F748F7:t1, leader=3933d80c-e8ff-4f72-bba7-02820fb600e2, voted=3933d80c-e8ff-4f72-bba7-02820fb600e2, raftlog=3933d80c-e8ff-4f72-bba7-02820fb600e2@group-3CA089F748F7-SegmentedRaftLog:OPENED:c0,f0,i2, conf=0: [91a1b220-aea4-4dd3-92cb-bba23af74008:192.168.151.72:35241, 3933d80c-e8ff-4f72-bba7-02820fb600e2:192.168.151.72:43322, b497eacb-55a3-4ffa-9375-3900e91065f4:192.168.151.72:45210], old=null RUNNING
2019-10-02 17:58:51,953 [grpc-default-executor-20] INFO  impl.RaftServerImpl (RaftServerImpl.java:lambda$shutdown$3(247)) - 3933d80c-e8ff-4f72-bba7-02820fb600e2@group-3CA089F748F7: shutdown
2019-10-02 17:58:51,953 [grpc-default-executor-20] INFO  util.JmxRegister (JmxRegister.java:unregister(73)) - Successfully un-registered JMX Bean with object name Ratis:service=RaftServer,group=group-3CA089F748F7,id=3933d80c-e8ff-4f72-bba7-02820fb600e2
2019-10-02 17:58:51,953 [grpc-default-executor-20] INFO  impl.RoleInfo (RoleInfo.java:shutdownLeaderState(104)) - 3933d80c-e8ff-4f72-bba7-02820fb600e2: shutdown LeaderState
2019-10-02 17:58:51,953 [grpc-default-executor-20] INFO  impl.PendingRequests (PendingRequests.java:sendNotLeaderResponses(202)) - 3933d80c-e8ff-4f72-bba7-02820fb600e2@group-3CA089F748F7-PendingRequests: sendNotLeaderResponses
2019-10-02 17:58:51,953 [org.apache.ratis.server.impl.LogAppender$AppenderDaemon$$Lambda$525/299265970@a9cb014] WARN  server.GrpcLogAppender (GrpcLogAppender.java:mayWait(143)) - 3933d80c-e8ff-4f72-bba7-02820fb600e2@group-3CA089F748F7->91a1b220-aea4-4dd3-92cb-bba23af74008-GrpcLogAppender: Wait interrupted by java.lang.InterruptedException
2019-10-02 17:58:51,953 [org.apache.ratis.server.impl.LogAppender$AppenderDaemon$$Lambda$525/299265970@7dea7460] WARN  server.GrpcLogAppender (GrpcLogAppender.java:mayWait(143)) - 3933d80c-e8ff-4f72-bba7-02820fb600e2@group-3CA089F748F7->b497eacb-55a3-4ffa-9375-3900e91065f4-GrpcLogAppender: Wait interrupted by java.lang.InterruptedException
2019-10-02 17:58:51,964 [grpc-default-executor-14] INFO  server.GrpcServerProtocolService (GrpcServerProtocolService.java:onCompleted(113)) - 91a1b220-aea4-4dd3-92cb-bba23af74008: Completed APPEND_ENTRIES, lastRequest: 3933d80c-e8ff-4f72-bba7-02820fb600e2->91a1b220-aea4-4dd3-92cb-bba23af74008#80-t1, previous=(t:1, i:2), leaderCommit=0, initializing? false, entries: <empty>
2019-10-02 17:58:51,967 [grpc-default-executor-19] INFO  server.GrpcServerProtocolService (GrpcServerProtocolService.java:onCompleted(113)) - b497eacb-55a3-4ffa-9375-3900e91065f4: Completed APPEND_ENTRIES, lastRequest: 3933d80c-e8ff-4f72-bba7-02820fb600e2->b497eacb-55a3-4ffa-9375-3900e91065f4#80-t1, previous=(t:1, i:2), leaderCommit=0, initializing? false, entries: <empty>
2019-10-02 17:58:51,967 [grpc-default-executor-20] INFO  impl.StateMachineUpdater (StateMachineUpdater.java:stopAndJoin(136)) - 3933d80c-e8ff-4f72-bba7-02820fb600e2@group-3CA089F748F7-StateMachineUpdater: set stopIndex = 0
2019-10-02 17:58:51,967 [grpc-default-executor-20] INFO  impl.RaftServerImpl (ServerState.java:close(387)) - 3933d80c-e8ff-4f72-bba7-02820fb600e2@group-3CA089F748F7: closes. applyIndex: 0
2019-10-02 17:58:51,969 [3933d80c-e8ff-4f72-bba7-02820fb600e2@group-3CA089F748F7-SegmentedRaftLogWorker] INFO  segmented.SegmentedRaftLogWorker (SegmentedRaftLogWorker.java:run(316)) - 3933d80c-e8ff-4f72-bba7-02820fb600e2@group-3CA089F748F7-SegmentedRaftLogWorker was interrupted, exiting. There are 0 tasks remaining in the queue.
2019-10-02 17:58:51,969 [grpc-default-executor-20] INFO  segmented.SegmentedRaftLogWorker (SegmentedRaftLogWorker.java:close(224)) - 3933d80c-e8ff-4f72-bba7-02820fb600e2@group-3CA089F748F7-SegmentedRaftLogWorker close()
2019-10-02 17:58:51,969 [grpc-default-executor-23] INFO  server.GrpcLogAppender (GrpcLogAppender.java:onCompleted(293)) - 3933d80c-e8ff-4f72-bba7-02820fb600e2@group-3CA089F748F7->b497eacb-55a3-4ffa-9375-3900e91065f4-AppendLogResponseHandler: follower responses appendEntries COMPLETED
2019-10-02 17:58:51,976 [grpc-default-executor-23] INFO  impl.FollowerInfo (FollowerInfo.java:lambda$new$0(51)) - 3933d80c-e8ff-4f72-bba7-02820fb600e2@group-3CA089F748F7->b497eacb-55a3-4ffa-9375-3900e91065f4: nextIndex: updateUnconditionally 3 -> 2
2019-10-02 17:58:51,977 [grpc-default-executor-21] INFO  server.GrpcLogAppender (GrpcLogAppender.java:onCompleted(293)) - 3933d80c-e8ff-4f72-bba7-02820fb600e2@group-3CA089F748F7->91a1b220-aea4-4dd3-92cb-bba23af74008-AppendLogResponseHandler: follower responses appendEntries COMPLETED
2019-10-02 17:58:51,977 [grpc-default-executor-21] INFO  impl.FollowerInfo (FollowerInfo.java:lambda$new$0(51)) - 3933d80c-e8ff-4f72-bba7-02820fb600e2@group-3CA089F748F7->91a1b220-aea4-4dd3-92cb-bba23af74008: nextIndex: updateUnconditionally 3 -> 2
2019-10-02 17:58:51,982 [grpc-default-executor-21] INFO  impl.RaftServerProxy (RaftServerProxy.java:remove(95)) - b497eacb-55a3-4ffa-9375-3900e91065f4: remove  FOLLOWER b497eacb-55a3-4ffa-9375-3900e91065f4@group-3CA089F748F7:t1, leader=3933d80c-e8ff-4f72-bba7-02820fb600e2, voted=3933d80c-e8ff-4f72-bba7-02820fb600e2, raftlog=b497eacb-55a3-4ffa-9375-3900e91065f4@group-3CA089F748F7-SegmentedRaftLog:OPENED:c0,f2,i2, conf=0: [91a1b220-aea4-4dd3-92cb-bba23af74008:192.168.151.72:35241, 3933d80c-e8ff-4f72-bba7-02820fb600e2:192.168.151.72:43322, b497eacb-55a3-4ffa-9375-3900e91065f4:192.168.151.72:45210], old=null RUNNING
2019-10-02 17:58:51,982 [grpc-default-executor-21] INFO  impl.RaftServerImpl (RaftServerImpl.java:lambda$shutdown$3(247)) - b497eacb-55a3-4ffa-9375-3900e91065f4@group-3CA089F748F7: shutdown
2019-10-02 17:58:51,982 [grpc-default-executor-21] INFO  util.JmxRegister (JmxRegister.java:unregister(73)) - Successfully un-registered JMX Bean with object name Ratis:service=RaftServer,group=group-3CA089F748F7,id=b497eacb-55a3-4ffa-9375-3900e91065f4
2019-10-02 17:58:51,982 [grpc-default-executor-21] INFO  impl.RoleInfo (RoleInfo.java:shutdownFollowerState(121)) - b497eacb-55a3-4ffa-9375-3900e91065f4: shutdown FollowerState
2019-10-02 17:58:51,983 [grpc-default-executor-21] INFO  impl.StateMachineUpdater (StateMachineUpdater.java:stopAndJoin(136)) - b497eacb-55a3-4ffa-9375-3900e91065f4@group-3CA089F748F7-StateMachineUpdater: set stopIndex = 0
2019-10-02 17:58:51,983 [Thread-1831] INFO  impl.FollowerState (FollowerState.java:run(117)) - b497eacb-55a3-4ffa-9375-3900e91065f4@group-3CA089F748F7-FollowerState was interrupted: java.lang.InterruptedException: sleep interrupted
2019-10-02 17:58:51,985 [grpc-default-executor-21] INFO  impl.RaftServerImpl (ServerState.java:close(387)) - b497eacb-55a3-4ffa-9375-3900e91065f4@group-3CA089F748F7: closes. applyIndex: 0
2019-10-02 17:58:51,985 [b497eacb-55a3-4ffa-9375-3900e91065f4@group-3CA089F748F7-SegmentedRaftLogWorker] INFO  segmented.SegmentedRaftLogWorker (SegmentedRaftLogWorker.java:run(316)) - b497eacb-55a3-4ffa-9375-3900e91065f4@group-3CA089F748F7-SegmentedRaftLogWorker was interrupted, exiting. There are 0 tasks remaining in the queue.
2019-10-02 17:58:51,986 [grpc-default-executor-21] INFO  segmented.SegmentedRaftLogWorker (SegmentedRaftLogWorker.java:close(224)) - b497eacb-55a3-4ffa-9375-3900e91065f4@group-3CA089F748F7-SegmentedRaftLogWorker close()
2019-10-02 17:58:52,047 [grpc-default-executor-21] INFO  interfaces.Container (KeyValueContainer.java:flushAndSyncDB(386)) - Container 6 is synced with bcsId 0.
2019-10-02 17:58:52,047 [grpc-default-executor-21] INFO  interfaces.Container (KeyValueContainer.java:flushAndSyncDB(386)) - Container 6 is synced with bcsId 0.
2019-10-02 17:58:52,063 [RatisPipelineUtilsThread] INFO  pipeline.PipelineStateManager (PipelineStateManager.java:removePipeline(108)) - Pipeline Pipeline[ Id: b6bae989-c089-4962-b325-3ca089f748f7, Nodes: 91a1b220-aea4-4dd3-92cb-bba23af74008{ip: 192.168.151.72, host: pr-trunk-fgz7f-2353921243, networkLocation: /default-rack, certSerialId: null}3933d80c-e8ff-4f72-bba7-02820fb600e2{ip: 192.168.151.72, host: pr-trunk-fgz7f-2353921243, networkLocation: /default-rack, certSerialId: null}b497eacb-55a3-4ffa-9375-3900e91065f4{ip: 192.168.151.72, host: pr-trunk-fgz7f-2353921243, networkLocation: /default-rack, certSerialId: null}, Type:RATIS, Factor:THREE, State:CLOSED] removed from db
2019-10-02 17:58:52,066 [grpc-default-executor-21] INFO  impl.RaftServerProxy (RaftServerProxy.java:remove(95)) - 91a1b220-aea4-4dd3-92cb-bba23af74008: remove group-3CA089F748F7:null
2019-10-02 17:58:52,075 [RatisPipelineUtilsThread] WARN  pipeline.RatisPipelineUtils (RatisPipelineUtils.java:destroyPipeline(67)) - Pipeline destroy failed for pipeline=PipelineID=b6bae989-c089-4962-b325-3ca089f748f7 dn=91a1b220-aea4-4dd3-92cb-bba23af74008{ip: 192.168.151.72, host: pr-trunk-fgz7f-2353921243, networkLocation: /default-rack, certSerialId: null}
2019-10-02 17:58:52,082 [grpc-default-executor-21] INFO  impl.RaftServerProxy (RaftServerProxy.java:remove(95)) - 3933d80c-e8ff-4f72-bba7-02820fb600e2: remove group-3CA089F748F7:null
2019-10-02 17:58:52,089 [RatisPipelineUtilsThread] WARN  pipeline.RatisPipelineUtils (RatisPipelineUtils.java:destroyPipeline(67)) - Pipeline destroy failed for pipeline=PipelineID=b6bae989-c089-4962-b325-3ca089f748f7 dn=3933d80c-e8ff-4f72-bba7-02820fb600e2{ip: 192.168.151.72, host: pr-trunk-fgz7f-2353921243, networkLocation: /default-rack, certSerialId: null}
2019-10-02 17:58:52,092 [grpc-default-executor-21] INFO  impl.RaftServerProxy (RaftServerProxy.java:remove(95)) - b497eacb-55a3-4ffa-9375-3900e91065f4: remove group-3CA089F748F7:null
2019-10-02 17:58:52,099 [RatisPipelineUtilsThread] WARN  pipeline.RatisPipelineUtils (RatisPipelineUtils.java:destroyPipeline(67)) - Pipeline destroy failed for pipeline=PipelineID=b6bae989-c089-4962-b325-3ca089f748f7 dn=b497eacb-55a3-4ffa-9375-3900e91065f4{ip: 192.168.151.72, host: pr-trunk-fgz7f-2353921243, networkLocation: /default-rack, certSerialId: null}
2019-10-02 17:58:52,099 [RatisPipelineUtilsThread] ERROR pipeline.SCMPipelineManager (Scheduler.java:lambda$schedule$1(70)) - Destroy pipeline failed for pipeline:Pipeline[ Id: b6bae989-c089-4962-b325-3ca089f748f7, Nodes: 91a1b220-aea4-4dd3-92cb-bba23af74008{ip: 192.168.151.72, host: pr-trunk-fgz7f-2353921243, networkLocation: /default-rack, certSerialId: null}3933d80c-e8ff-4f72-bba7-02820fb600e2{ip: 192.168.151.72, host: pr-trunk-fgz7f-2353921243, networkLocation: /default-rack, certSerialId: null}b497eacb-55a3-4ffa-9375-3900e91065f4{ip: 192.168.151.72, host: pr-trunk-fgz7f-2353921243, networkLocation: /default-rack, certSerialId: null}, Type:RATIS, Factor:THREE, State:CLOSED]
org.apache.hadoop.hdds.scm.pipeline.PipelineNotFoundException: PipelineID=b6bae989-c089-4962-b325-3ca089f748f7 not found
	at org.apache.hadoop.hdds.scm.pipeline.PipelineStateMap.getPipeline(PipelineStateMap.java:132)
	at org.apache.hadoop.hdds.scm.pipeline.PipelineStateMap.removePipeline(PipelineStateMap.java:322)
	at org.apache.hadoop.hdds.scm.pipeline.PipelineStateManager.removePipeline(PipelineStateManager.java:107)
	at org.apache.hadoop.hdds.scm.pipeline.SCMPipelineManager.removePipeline(SCMPipelineManager.java:427)
	at org.apache.hadoop.hdds.scm.pipeline.SCMPipelineManager.destroyPipeline(SCMPipelineManager.java:413)
	at org.apache.hadoop.hdds.scm.pipeline.SCMPipelineManager.lambda$finalizeAndDestroyPipeline$0(SCMPipelineManager.java:322)
	at org.apache.hadoop.hdds.utils.Scheduler.lambda$schedule$1(Scheduler.java:68)
	at java.util.concurrent.Executors$RunnableAdapter.call(Executors.java:511)
	at java.util.concurrent.FutureTask.run(FutureTask.java:266)
	at java.util.concurrent.ScheduledThreadPoolExecutor$ScheduledFutureTask.access$201(ScheduledThreadPoolExecutor.java:180)
	at java.util.concurrent.ScheduledThreadPoolExecutor$ScheduledFutureTask.run(ScheduledThreadPoolExecutor.java:293)
	at java.util.concurrent.ThreadPoolExecutor.runWorker(ThreadPoolExecutor.java:1149)
	at java.util.concurrent.ThreadPoolExecutor$Worker.run(ThreadPoolExecutor.java:624)
	at java.lang.Thread.run(Thread.java:748)
2019-10-02 17:58:53,009 [main] WARN  io.KeyOutputStream (KeyOutputStream.java:handleException(274)) - Encountered exception java.io.IOException: Unexpected Storage Container Exception: java.util.concurrent.CompletionException: java.util.concurrent.CompletionException: org.apache.ratis.protocol.GroupMismatchException: b497eacb-55a3-4ffa-9375-3900e91065f4: group-3CA089F748F7 not found. on the pipeline Pipeline[ Id: b6bae989-c089-4962-b325-3ca089f748f7, Nodes: 91a1b220-aea4-4dd3-92cb-bba23af74008{ip: 192.168.151.72, host: pr-trunk-fgz7f-2353921243, networkLocation: /default-rack, certSerialId: null}3933d80c-e8ff-4f72-bba7-02820fb600e2{ip: 192.168.151.72, host: pr-trunk-fgz7f-2353921243, networkLocation: /default-rack, certSerialId: null}b497eacb-55a3-4ffa-9375-3900e91065f4{ip: 192.168.151.72, host: pr-trunk-fgz7f-2353921243, networkLocation: /default-rack, certSerialId: null}, Type:RATIS, Factor:THREE, State:OPEN]. The last committed block length is 0, uncommitted data length is 400 retry count 3
2019-10-02 17:58:53,010 [main] ERROR io.KeyOutputStream (KeyOutputStream.java:handleRetry(351)) - Retry request failed. retries get failed due to exceeded maximum allowed retries number: 3
java.io.IOException: Unexpected Storage Container Exception: java.util.concurrent.CompletionException: java.util.concurrent.CompletionException: org.apache.ratis.protocol.GroupMismatchException: b497eacb-55a3-4ffa-9375-3900e91065f4: group-3CA089F748F7 not found.
	at org.apache.hadoop.hdds.scm.storage.BlockOutputStream.setIoException(BlockOutputStream.java:541)
	at org.apache.hadoop.hdds.scm.storage.BlockOutputStream.lambda$writeChunkToContainer$3(BlockOutputStream.java:616)
	at java.util.concurrent.CompletableFuture.uniExceptionally(CompletableFuture.java:870)
	at java.util.concurrent.CompletableFuture$UniExceptionally.tryFire(CompletableFuture.java:852)
	at java.util.concurrent.CompletableFuture.postComplete(CompletableFuture.java:474)
	at java.util.concurrent.CompletableFuture.completeExceptionally(CompletableFuture.java:1977)
	at org.apache.ratis.client.impl.OrderedAsync$PendingOrderedRequest.fail(OrderedAsync.java:100)
	at org.apache.ratis.util.SlidingWindow$Client.fail(SlidingWindow.java:362)
	at org.apache.ratis.client.impl.OrderedAsync.failAllAsyncRequests(OrderedAsync.java:134)
	at org.apache.ratis.client.impl.OrderedAsync.lambda$sendRequest$10(OrderedAsync.java:244)
	at java.util.concurrent.CompletableFuture.uniExceptionally(CompletableFuture.java:870)
	at java.util.concurrent.CompletableFuture$UniExceptionally.tryFire(CompletableFuture.java:852)
	at java.util.concurrent.CompletableFuture.postComplete(CompletableFuture.java:474)
	at java.util.concurrent.CompletableFuture.completeExceptionally(CompletableFuture.java:1977)
	at org.apache.ratis.grpc.client.GrpcClientProtocolClient$AsyncStreamObservers.completeReplyExceptionally(GrpcClientProtocolClient.java:345)
	at org.apache.ratis.grpc.client.GrpcClientProtocolClient$AsyncStreamObservers.access$000(GrpcClientProtocolClient.java:261)
	at org.apache.ratis.grpc.client.GrpcClientProtocolClient$AsyncStreamObservers$1.onError(GrpcClientProtocolClient.java:290)
	at org.apache.ratis.thirdparty.io.grpc.stub.ClientCalls$StreamObserverToCallListenerAdapter.onClose(ClientCalls.java:434)
	at org.apache.ratis.thirdparty.io.grpc.PartialForwardingClientCallListener.onClose(PartialForwardingClientCallListener.java:39)
	at org.apache.ratis.thirdparty.io.grpc.ForwardingClientCallListener.onClose(ForwardingClientCallListener.java:23)
	at org.apache.ratis.thirdparty.io.grpc.ForwardingClientCallListener$SimpleForwardingClientCallListener.onClose(ForwardingClientCallListener.java:40)
	at org.apache.ratis.thirdparty.io.grpc.internal.CensusStatsModule$StatsClientInterceptor$1$1.onClose(CensusStatsModule.java:678)
	at org.apache.ratis.thirdparty.io.grpc.PartialForwardingClientCallListener.onClose(PartialForwardingClientCallListener.java:39)
	at org.apache.ratis.thirdparty.io.grpc.ForwardingClientCallListener.onClose(ForwardingClientCallListener.java:23)
	at org.apache.ratis.thirdparty.io.grpc.ForwardingClientCallListener$SimpleForwardingClientCallListener.onClose(ForwardingClientCallListener.java:40)
	at org.apache.ratis.thirdparty.io.grpc.internal.CensusTracingModule$TracingClientInterceptor$1$1.onClose(CensusTracingModule.java:397)
	at org.apache.ratis.thirdparty.io.grpc.internal.ClientCallImpl.closeObserver(ClientCallImpl.java:459)
	at org.apache.ratis.thirdparty.io.grpc.internal.ClientCallImpl.access$300(ClientCallImpl.java:63)
	at org.apache.ratis.thirdparty.io.grpc.internal.ClientCallImpl$ClientStreamListenerImpl.close(ClientCallImpl.java:546)
	at org.apache.ratis.thirdparty.io.grpc.internal.ClientCallImpl$ClientStreamListenerImpl.access$600(ClientCallImpl.java:467)
	at org.apache.ratis.thirdparty.io.grpc.internal.ClientCallImpl$ClientStreamListenerImpl$1StreamClosed.runInContext(ClientCallImpl.java:584)
	at org.apache.ratis.thirdparty.io.grpc.internal.ContextRunnable.run(ContextRunnable.java:37)
	at org.apache.ratis.thirdparty.io.grpc.internal.SerializingExecutor.run(SerializingExecutor.java:123)
	at java.util.concurrent.ThreadPoolExecutor.runWorker(ThreadPoolExecutor.java:1149)
	at java.util.concurrent.ThreadPoolExecutor$Worker.run(ThreadPoolExecutor.java:624)
	at java.lang.Thread.run(Thread.java:748)
Caused by: java.util.concurrent.CompletionException: java.util.concurrent.CompletionException: org.apache.ratis.protocol.GroupMismatchException: b497eacb-55a3-4ffa-9375-3900e91065f4: group-3CA089F748F7 not found.
	at org.apache.hadoop.hdds.scm.storage.BlockOutputStream.lambda$writeChunkToContainer$3(BlockOutputStream.java:615)
	... 34 more
Caused by: java.util.concurrent.CompletionException: org.apache.ratis.protocol.GroupMismatchException: b497eacb-55a3-4ffa-9375-3900e91065f4: group-3CA089F748F7 not found.
	at java.util.concurrent.CompletableFuture.encodeThrowable(CompletableFuture.java:292)
	at java.util.concurrent.CompletableFuture.completeThrowable(CompletableFuture.java:308)
	at java.util.concurrent.CompletableFuture.uniApply(CompletableFuture.java:593)
	at java.util.concurrent.CompletableFuture$UniApply.tryFire(CompletableFuture.java:577)
	... 32 more
Caused by: org.apache.ratis.protocol.GroupMismatchException: b497eacb-55a3-4ffa-9375-3900e91065f4: group-3CA089F748F7 not found.
	at org.apache.ratis.server.impl.RaftServerProxy$ImplMap.get(RaftServerProxy.java:122)
	at org.apache.ratis.server.impl.RaftServerProxy.getImplFuture(RaftServerProxy.java:269)
	at org.apache.ratis.server.impl.RaftServerProxy.submitRequest(RaftServerProxy.java:327)
	at org.apache.ratis.server.impl.RaftServerProxy.submitClientRequestAsync(RaftServerProxy.java:333)
	at org.apache.ratis.grpc.client.GrpcClientProtocolService$RequestStreamObserver.processClientRequest(GrpcClientProtocolService.java:220)
	at org.apache.ratis.grpc.client.GrpcClientProtocolService$OrderedRequestStreamObserver.processClientRequest(GrpcClientProtocolService.java:326)
	at org.apache.ratis.util.SlidingWindow$Server.processRequestsFromHead(SlidingWindow.java:429)
	at org.apache.ratis.util.SlidingWindow$Server.receivedRequest(SlidingWindow.java:421)
	at org.apache.ratis.grpc.client.GrpcClientProtocolService$OrderedRequestStreamObserver.processClientRequest(GrpcClientProtocolService.java:345)
	at org.apache.ratis.grpc.client.GrpcClientProtocolService$RequestStreamObserver.onNext(GrpcClientProtocolService.java:240)
	at org.apache.ratis.grpc.client.GrpcClientProtocolService$RequestStreamObserver.onNext(GrpcClientProtocolService.java:168)
	at org.apache.ratis.thirdparty.io.grpc.stub.ServerCalls$StreamingServerCallHandler$StreamingServerCallListener.onMessage(ServerCalls.java:248)
	at org.apache.ratis.thirdparty.io.grpc.internal.ServerCallImpl$ServerStreamListenerImpl.messagesAvailable(ServerCallImpl.java:263)
	at org.apache.ratis.thirdparty.io.grpc.internal.ServerImpl$JumpToApplicationThreadServerStreamListener$1MessagesAvailable.runInContext(ServerImpl.java:686)
	... 5 more
2019-10-02 17:58:53,011 [main] INFO  ozone.MiniOzoneClusterImpl (MiniOzoneClusterImpl.java:shutdown(314)) - Shutting down the Mini Ozone Cluster
2019-10-02 17:58:53,011 [main] INFO  ozone.MiniOzoneClusterImpl (MiniOzoneClusterImpl.java:stop(330)) - Stopping the Mini Ozone Cluster
2019-10-02 17:58:53,011 [main] INFO  ozone.MiniOzoneClusterImpl (MiniOzoneClusterImpl.java:stopOM(400)) - Stopping the OzoneManager
2019-10-02 17:58:53,012 [main] INFO  ipc.Server (Server.java:stop(3082)) - Stopping server on 35121
2019-10-02 17:58:53,031 [IPC Server listener on 35121] INFO  ipc.Server (Server.java:run(1185)) - Stopping IPC Server listener on 35121
2019-10-02 17:58:53,034 [main] INFO  ratis.OzoneManagerDoubleBuffer (OzoneManagerDoubleBuffer.java:stop(248)) - Stopping OMDoubleBuffer flush thread
2019-10-02 17:58:53,034 [IPC Server Responder] INFO  ipc.Server (Server.java:run(1319)) - Stopping IPC Server Responder
2019-10-02 17:58:53,037 [OMDoubleBufferFlushThread] INFO  ratis.OzoneManagerDoubleBuffer (OzoneManagerDoubleBuffer.java:flushTransactions(191)) - OMDoubleBuffer flush thread OMDoubleBufferFlushThread is interrupted and will exit. OMDoubleBufferFlushThread
2019-10-02 17:58:53,037 [main] INFO  utils.BackgroundService (BackgroundService.java:shutdown(148)) - Shutting down service KeyDeletingService
2019-10-02 17:58:53,039 [main] INFO  handler.ContextHandler (ContextHandler.java:doStop(910)) - Stopped o.e.j.w.WebAppContext@2acdcce8{/,null,UNAVAILABLE}{/ozoneManager}
2019-10-02 17:58:53,039 [main] INFO  server.AbstractConnector (AbstractConnector.java:doStop(318)) - Stopped ServerConnector@7102ac3e{HTTP/1.1,[http/1.1]}{0.0.0.0:0}
2019-10-02 17:58:53,040 [main] INFO  handler.ContextHandler (ContextHandler.java:doStop(910)) - Stopped o.e.j.s.ServletContextHandler@73c3cd09{/static,file:///workdir/hadoop-ozone/integration-test/target/test-classes/webapps/static,UNAVAILABLE}
2019-10-02 17:58:53,040 [main] INFO  handler.ContextHandler (ContextHandler.java:doStop(910)) - Stopped o.e.j.s.ServletContextHandler@575c3e9b{/logs,file:///workdir/hadoop-ozone/integration-test/target/log,UNAVAILABLE}
2019-10-02 17:58:53,043 [main] INFO  ozone.MiniOzoneClusterImpl (MiniOzoneClusterImpl.java:stopDatanodes(377)) - Stopping the HddsDatanodes
2019-10-02 17:58:53,856 [Datanode State Machine Thread - 0] INFO  statemachine.DatanodeStateMachine (DatanodeStateMachine.java:lambda$startDaemon$0(350)) - Ozone container server started.
2019-10-02 17:58:53,949 [Datanode State Machine Thread - 0] INFO  statemachine.DatanodeStateMachine (DatanodeStateMachine.java:lambda$startDaemon$0(350)) - Ozone container server started.
2019-10-02 17:58:58,045 [ForkJoinPool.commonPool-worker-1] INFO  ozoneimpl.OzoneContainer (OzoneContainer.java:stop(231)) - Attempting to stop container services.
2019-10-02 17:58:58,045 [main] INFO  ozoneimpl.OzoneContainer (OzoneContainer.java:stop(231)) - Attempting to stop container services.
2019-10-02 17:58:58,047 [ForkJoinPool.commonPool-worker-1] INFO  impl.RaftServerProxy (RaftServerProxy.java:lambda$close$4(314)) - 3933d80c-e8ff-4f72-bba7-02820fb600e2: close
2019-10-02 17:58:58,048 [main] INFO  impl.RaftServerProxy (RaftServerProxy.java:lambda$close$4(314)) - 91a1b220-aea4-4dd3-92cb-bba23af74008: close
2019-10-02 17:58:58,048 [ForkJoinPool.commonPool-worker-1] INFO  impl.RaftServerImpl (RaftServerImpl.java:lambda$shutdown$3(247)) - 3933d80c-e8ff-4f72-bba7-02820fb600e2@group-9A5423B694AF: shutdown
2019-10-02 17:58:58,048 [main] INFO  impl.RaftServerImpl (RaftServerImpl.java:lambda$shutdown$3(247)) - 91a1b220-aea4-4dd3-92cb-bba23af74008@group-561991C3151A: shutdown
2019-10-02 17:58:58,049 [ForkJoinPool.commonPool-worker-1] INFO  util.JmxRegister (JmxRegister.java:unregister(73)) - Successfully un-registered JMX Bean with object name Ratis:service=RaftServer,group=group-9A5423B694AF,id=3933d80c-e8ff-4f72-bba7-02820fb600e2
2019-10-02 17:58:58,049 [main] INFO  util.JmxRegister (JmxRegister.java:unregister(73)) - Successfully un-registered JMX Bean with object name Ratis:service=RaftServer,group=group-561991C3151A,id=91a1b220-aea4-4dd3-92cb-bba23af74008
2019-10-02 17:58:58,049 [ForkJoinPool.commonPool-worker-1] INFO  impl.RoleInfo (RoleInfo.java:shutdownLeaderState(104)) - 3933d80c-e8ff-4f72-bba7-02820fb600e2: shutdown LeaderState
2019-10-02 17:58:58,049 [main] INFO  impl.RoleInfo (RoleInfo.java:shutdownLeaderState(104)) - 91a1b220-aea4-4dd3-92cb-bba23af74008: shutdown LeaderState
2019-10-02 17:58:58,050 [ForkJoinPool.commonPool-worker-1] INFO  impl.PendingRequests (PendingRequests.java:sendNotLeaderResponses(202)) - 3933d80c-e8ff-4f72-bba7-02820fb600e2@group-9A5423B694AF-PendingRequests: sendNotLeaderResponses
2019-10-02 17:58:58,050 [main] INFO  impl.PendingRequests (PendingRequests.java:sendNotLeaderResponses(202)) - 91a1b220-aea4-4dd3-92cb-bba23af74008@group-561991C3151A-PendingRequests: sendNotLeaderResponses
2019-10-02 17:58:58,051 [main] INFO  impl.StateMachineUpdater (StateMachineUpdater.java:stopAndJoin(136)) - 91a1b220-aea4-4dd3-92cb-bba23af74008@group-561991C3151A-StateMachineUpdater: set stopIndex = 0
2019-10-02 17:58:58,051 [ForkJoinPool.commonPool-worker-1] INFO  impl.StateMachineUpdater (StateMachineUpdater.java:stopAndJoin(136)) - 3933d80c-e8ff-4f72-bba7-02820fb600e2@group-9A5423B694AF-StateMachineUpdater: set stopIndex = 0
2019-10-02 17:58:58,052 [ForkJoinPool.commonPool-worker-1] INFO  impl.RaftServerImpl (ServerState.java:close(387)) - 3933d80c-e8ff-4f72-bba7-02820fb600e2@group-9A5423B694AF: closes. applyIndex: 0
2019-10-02 17:58:58,052 [main] INFO  impl.RaftServerImpl (ServerState.java:close(387)) - 91a1b220-aea4-4dd3-92cb-bba23af74008@group-561991C3151A: closes. applyIndex: 0
2019-10-02 17:58:58,053 [3933d80c-e8ff-4f72-bba7-02820fb600e2@group-9A5423B694AF-SegmentedRaftLogWorker] INFO  segmented.SegmentedRaftLogWorker (SegmentedRaftLogWorker.java:run(316)) - 3933d80c-e8ff-4f72-bba7-02820fb600e2@group-9A5423B694AF-SegmentedRaftLogWorker was interrupted, exiting. There are 0 tasks remaining in the queue.
2019-10-02 17:58:58,053 [91a1b220-aea4-4dd3-92cb-bba23af74008@group-561991C3151A-SegmentedRaftLogWorker] INFO  segmented.SegmentedRaftLogWorker (SegmentedRaftLogWorker.java:run(316)) - 91a1b220-aea4-4dd3-92cb-bba23af74008@group-561991C3151A-SegmentedRaftLogWorker was interrupted, exiting. There are 0 tasks remaining in the queue.
2019-10-02 17:58:58,053 [main] INFO  segmented.SegmentedRaftLogWorker (SegmentedRaftLogWorker.java:close(224)) - 91a1b220-aea4-4dd3-92cb-bba23af74008@group-561991C3151A-SegmentedRaftLogWorker close()
2019-10-02 17:58:58,053 [ForkJoinPool.commonPool-worker-1] INFO  segmented.SegmentedRaftLogWorker (SegmentedRaftLogWorker.java:close(224)) - 3933d80c-e8ff-4f72-bba7-02820fb600e2@group-9A5423B694AF-SegmentedRaftLogWorker close()
2019-10-02 17:58:58,060 [main] INFO  impl.RaftServerImpl (RaftServerImpl.java:lambda$shutdown$3(247)) - 91a1b220-aea4-4dd3-92cb-bba23af74008@group-04493B402C37: shutdown
2019-10-02 17:58:58,062 [ForkJoinPool.commonPool-worker-1] INFO  impl.RaftServerImpl (RaftServerImpl.java:lambda$shutdown$3(247)) - 3933d80c-e8ff-4f72-bba7-02820fb600e2@group-04493B402C37: shutdown
2019-10-02 17:58:58,062 [main] INFO  util.JmxRegister (JmxRegister.java:unregister(73)) - Successfully un-registered JMX Bean with object name Ratis:service=RaftServer,group=group-04493B402C37,id=91a1b220-aea4-4dd3-92cb-bba23af74008
2019-10-02 17:58:58,063 [main] INFO  impl.RoleInfo (RoleInfo.java:shutdownLeaderState(104)) - 91a1b220-aea4-4dd3-92cb-bba23af74008: shutdown LeaderState
2019-10-02 17:58:58,063 [ForkJoinPool.commonPool-worker-1] INFO  util.JmxRegister (JmxRegister.java:unregister(73)) - Successfully un-registered JMX Bean with object name Ratis:service=RaftServer,group=group-04493B402C37,id=3933d80c-e8ff-4f72-bba7-02820fb600e2
2019-10-02 17:58:58,067 [org.apache.ratis.server.impl.LogAppender$AppenderDaemon$$Lambda$525/299265970@17f268a9] WARN  server.GrpcLogAppender (GrpcLogAppender.java:mayWait(143)) - 91a1b220-aea4-4dd3-92cb-bba23af74008@group-04493B402C37->b497eacb-55a3-4ffa-9375-3900e91065f4-GrpcLogAppender: Wait interrupted by java.lang.InterruptedException
2019-10-02 17:58:58,067 [org.apache.ratis.server.impl.LogAppender$AppenderDaemon$$Lambda$525/299265970@7101ee56] WARN  server.GrpcLogAppender (GrpcLogAppender.java:mayWait(143)) - 91a1b220-aea4-4dd3-92cb-bba23af74008@group-04493B402C37->3933d80c-e8ff-4f72-bba7-02820fb600e2-GrpcLogAppender: Wait interrupted by java.lang.InterruptedException
2019-10-02 17:58:58,067 [main] INFO  impl.PendingRequests (PendingRequests.java:sendNotLeaderResponses(202)) - 91a1b220-aea4-4dd3-92cb-bba23af74008@group-04493B402C37-PendingRequests: sendNotLeaderResponses
2019-10-02 17:58:58,067 [ForkJoinPool.commonPool-worker-1] INFO  impl.RoleInfo (RoleInfo.java:shutdownFollowerState(121)) - 3933d80c-e8ff-4f72-bba7-02820fb600e2: shutdown FollowerState
2019-10-02 17:58:58,068 [main] INFO  impl.StateMachineUpdater (StateMachineUpdater.java:stopAndJoin(136)) - 91a1b220-aea4-4dd3-92cb-bba23af74008@group-04493B402C37-StateMachineUpdater: set stopIndex = 0
2019-10-02 17:58:58,068 [Thread-2359] INFO  impl.FollowerState (FollowerState.java:run(117)) - 3933d80c-e8ff-4f72-bba7-02820fb600e2@group-04493B402C37-FollowerState was interrupted: java.lang.InterruptedException: sleep interrupted
2019-10-02 17:58:58,068 [ForkJoinPool.commonPool-worker-1] INFO  impl.StateMachineUpdater (StateMachineUpdater.java:stopAndJoin(136)) - 3933d80c-e8ff-4f72-bba7-02820fb600e2@group-04493B402C37-StateMachineUpdater: set stopIndex = 0
2019-10-02 17:58:58,070 [ForkJoinPool.commonPool-worker-1] INFO  impl.RaftServerImpl (ServerState.java:close(387)) - 3933d80c-e8ff-4f72-bba7-02820fb600e2@group-04493B402C37: closes. applyIndex: 0
2019-10-02 17:58:58,069 [grpc-default-executor-22] INFO  server.GrpcServerProtocolService (GrpcServerProtocolService.java:onCompleted(113)) - 3933d80c-e8ff-4f72-bba7-02820fb600e2: Completed APPEND_ENTRIES, lastRequest: 91a1b220-aea4-4dd3-92cb-bba23af74008->3933d80c-e8ff-4f72-bba7-02820fb600e2#15-t1, previous=(t:1, i:0), leaderCommit=0, initializing? false, entries: <empty>
2019-10-02 17:58:58,069 [grpc-default-executor-21] INFO  server.GrpcServerProtocolService (GrpcServerProtocolService.java:onCompleted(113)) - b497eacb-55a3-4ffa-9375-3900e91065f4: Completed APPEND_ENTRIES, lastRequest: 91a1b220-aea4-4dd3-92cb-bba23af74008->b497eacb-55a3-4ffa-9375-3900e91065f4#15-t1, previous=(t:1, i:0), leaderCommit=0, initializing? false, entries: <empty>
2019-10-02 17:58:58,069 [main] INFO  impl.RaftServerImpl (ServerState.java:close(387)) - 91a1b220-aea4-4dd3-92cb-bba23af74008@group-04493B402C37: closes. applyIndex: 0
2019-10-02 17:58:58,071 [3933d80c-e8ff-4f72-bba7-02820fb600e2@group-04493B402C37-SegmentedRaftLogWorker] INFO  segmented.SegmentedRaftLogWorker (SegmentedRaftLogWorker.java:run(316)) - 3933d80c-e8ff-4f72-bba7-02820fb600e2@group-04493B402C37-SegmentedRaftLogWorker was interrupted, exiting. There are 0 tasks remaining in the queue.
2019-10-02 17:58:58,072 [ForkJoinPool.commonPool-worker-1] INFO  segmented.SegmentedRaftLogWorker (SegmentedRaftLogWorker.java:close(224)) - 3933d80c-e8ff-4f72-bba7-02820fb600e2@group-04493B402C37-SegmentedRaftLogWorker close()
2019-10-02 17:58:58,072 [grpc-default-executor-21] INFO  server.GrpcLogAppender (GrpcLogAppender.java:onCompleted(293)) - 91a1b220-aea4-4dd3-92cb-bba23af74008@group-04493B402C37->b497eacb-55a3-4ffa-9375-3900e91065f4-AppendLogResponseHandler: follower responses appendEntries COMPLETED
2019-10-02 17:58:58,072 [grpc-default-executor-22] INFO  server.GrpcLogAppender (GrpcLogAppender.java:onCompleted(293)) - 91a1b220-aea4-4dd3-92cb-bba23af74008@group-04493B402C37->3933d80c-e8ff-4f72-bba7-02820fb600e2-AppendLogResponseHandler: follower responses appendEntries COMPLETED
2019-10-02 17:58:58,072 [91a1b220-aea4-4dd3-92cb-bba23af74008@group-04493B402C37-SegmentedRaftLogWorker] INFO  segmented.SegmentedRaftLogWorker (SegmentedRaftLogWorker.java:run(316)) - 91a1b220-aea4-4dd3-92cb-bba23af74008@group-04493B402C37-SegmentedRaftLogWorker was interrupted, exiting. There are 0 tasks remaining in the queue.
2019-10-02 17:58:58,074 [ForkJoinPool.commonPool-worker-1] INFO  server.GrpcService (GrpcService.java:closeImpl(164)) - 3933d80c-e8ff-4f72-bba7-02820fb600e2: shutdown server with port 43322 now
2019-10-02 17:58:58,077 [main] INFO  segmented.SegmentedRaftLogWorker (SegmentedRaftLogWorker.java:close(224)) - 91a1b220-aea4-4dd3-92cb-bba23af74008@group-04493B402C37-SegmentedRaftLogWorker close()
2019-10-02 17:58:58,079 [grpc-default-executor-21] INFO  impl.FollowerInfo (FollowerInfo.java:lambda$new$0(51)) - 91a1b220-aea4-4dd3-92cb-bba23af74008@group-04493B402C37->b497eacb-55a3-4ffa-9375-3900e91065f4: nextIndex: updateUnconditionally 1 -> 0
2019-10-02 17:58:58,080 [main] INFO  server.GrpcService (GrpcService.java:closeImpl(164)) - 91a1b220-aea4-4dd3-92cb-bba23af74008: shutdown server with port 35241 now
2019-10-02 17:58:58,081 [ForkJoinPool.commonPool-worker-1] INFO  server.GrpcService (GrpcService.java:closeImpl(172)) - 3933d80c-e8ff-4f72-bba7-02820fb600e2: shutdown server with port 43322 successfully
2019-10-02 17:58:58,081 [main] INFO  server.GrpcService (GrpcService.java:closeImpl(172)) - 91a1b220-aea4-4dd3-92cb-bba23af74008: shutdown server with port 35241 successfully
2019-10-02 17:58:58,081 [grpc-default-executor-22] INFO  impl.FollowerInfo (FollowerInfo.java:lambda$new$0(51)) - 91a1b220-aea4-4dd3-92cb-bba23af74008@group-04493B402C37->3933d80c-e8ff-4f72-bba7-02820fb600e2: nextIndex: updateUnconditionally 1 -> 0
2019-10-02 17:58:58,084 [refreshUsed-/workdir/hadoop-ozone/integration-test/target/test-dir/MiniOzoneClusterImpl-65f8f4fe-1764-4468-9f48-37bf81c95b0d/datanode-1/data/containers] WARN  fs.CachingGetSpaceUsed (CachingGetSpaceUsed.java:run(183)) - Thread Interrupted waiting to refresh disk information: sleep interrupted
2019-10-02 17:58:58,084 [refreshUsed-/workdir/hadoop-ozone/integration-test/target/test-dir/MiniOzoneClusterImpl-65f8f4fe-1764-4468-9f48-37bf81c95b0d/datanode-4/data/containers] WARN  fs.CachingGetSpaceUsed (CachingGetSpaceUsed.java:run(183)) - Thread Interrupted waiting to refresh disk information: sleep interrupted
2019-10-02 17:58:58,118 [ForkJoinPool.commonPool-worker-1] INFO  utils.BackgroundService (BackgroundService.java:shutdown(148)) - Shutting down service BlockDeletingService
2019-10-02 17:58:58,118 [main] INFO  utils.BackgroundService (BackgroundService.java:shutdown(148)) - Shutting down service BlockDeletingService
2019-10-02 17:58:58,131 [ForkJoinPool.commonPool-worker-1] INFO  statemachine.DatanodeStateMachine (DatanodeStateMachine.java:stopDaemon(395)) - Ozone container server stopped.
2019-10-02 17:58:58,133 [main] INFO  statemachine.DatanodeStateMachine (DatanodeStateMachine.java:stopDaemon(395)) - Ozone container server stopped.
2019-10-02 17:58:58,142 [main] INFO  handler.ContextHandler (ContextHandler.java:doStop(910)) - Stopped o.e.j.w.WebAppContext@16736040{/,null,UNAVAILABLE}{/hddsDatanode}
2019-10-02 17:58:58,142 [ForkJoinPool.commonPool-worker-1] INFO  handler.ContextHandler (ContextHandler.java:doStop(910)) - Stopped o.e.j.w.WebAppContext@4130955c{/,null,UNAVAILABLE}{/hddsDatanode}
2019-10-02 17:58:58,143 [main] INFO  server.AbstractConnector (AbstractConnector.java:doStop(318)) - Stopped ServerConnector@7c5d1d25{HTTP/1.1,[http/1.1]}{0.0.0.0:0}
2019-10-02 17:58:58,143 [ForkJoinPool.commonPool-worker-1] INFO  server.AbstractConnector (AbstractConnector.java:doStop(318)) - Stopped ServerConnector@2bfaba70{HTTP/1.1,[http/1.1]}{0.0.0.0:0}
2019-10-02 17:58:58,143 [main] INFO  handler.ContextHandler (ContextHandler.java:doStop(910)) - Stopped o.e.j.s.ServletContextHandler@50eb4a2c{/static,jar:file:/home/user/.m2/repository/org/apache/hadoop/hadoop-hdds-container-service/0.5.0-SNAPSHOT/hadoop-hdds-container-service-0.5.0-SNAPSHOT.jar!/webapps/static,UNAVAILABLE}
2019-10-02 17:58:58,146 [ForkJoinPool.commonPool-worker-1] INFO  handler.ContextHandler (ContextHandler.java:doStop(910)) - Stopped o.e.j.s.ServletContextHandler@6d091cad{/static,jar:file:/home/user/.m2/repository/org/apache/hadoop/hadoop-hdds-container-service/0.5.0-SNAPSHOT/hadoop-hdds-container-service-0.5.0-SNAPSHOT.jar!/webapps/static,UNAVAILABLE}
2019-10-02 17:58:58,146 [main] INFO  handler.ContextHandler (ContextHandler.java:doStop(910)) - Stopped o.e.j.s.ServletContextHandler@7cfac39f{/logs,file:///workdir/hadoop-ozone/integration-test/target/log,UNAVAILABLE}
2019-10-02 17:58:58,148 [ForkJoinPool.commonPool-worker-1] INFO  handler.ContextHandler (ContextHandler.java:doStop(910)) - Stopped o.e.j.s.ServletContextHandler@2c9a6717{/logs,file:///workdir/hadoop-ozone/integration-test/target/log,UNAVAILABLE}
2019-10-02 17:58:58,348 [Datanode State Machine Thread - 0] INFO  statemachine.DatanodeStateMachine (DatanodeStateMachine.java:lambda$startDaemon$0(350)) - Ozone container server started.
2019-10-02 17:58:58,555 [Datanode State Machine Thread - 0] INFO  statemachine.DatanodeStateMachine (DatanodeStateMachine.java:lambda$startDaemon$0(350)) - Ozone container server started.
2019-10-02 17:59:02,836 [Thread-2360] INFO  impl.FollowerState (FollowerState.java:run(108)) - b497eacb-55a3-4ffa-9375-3900e91065f4@group-04493B402C37-FollowerState: change to CANDIDATE, lastRpcTime:5404ms, electionTimeout:5006ms
2019-10-02 17:59:02,837 [Thread-2360] INFO  impl.RoleInfo (RoleInfo.java:shutdownFollowerState(121)) - b497eacb-55a3-4ffa-9375-3900e91065f4: shutdown FollowerState
2019-10-02 17:59:02,837 [Thread-2360] INFO  impl.RaftServerImpl (RaftServerImpl.java:setRole(170)) - b497eacb-55a3-4ffa-9375-3900e91065f4@group-04493B402C37: changes role from  FOLLOWER to CANDIDATE at term 1 for changeToCandidate
2019-10-02 17:59:02,837 [Thread-2360] INFO  impl.RoleInfo (RoleInfo.java:updateAndGet(143)) - b497eacb-55a3-4ffa-9375-3900e91065f4: start LeaderElection
2019-10-02 17:59:02,841 [b497eacb-55a3-4ffa-9375-3900e91065f4@group-04493B402C37-LeaderElection42] INFO  impl.RaftServerImpl (ServerState.java:setLeader(255)) - b497eacb-55a3-4ffa-9375-3900e91065f4@group-04493B402C37: change Leader from 91a1b220-aea4-4dd3-92cb-bba23af74008 to null at term 1 for initElection
2019-10-02 17:59:02,857 [b497eacb-55a3-4ffa-9375-3900e91065f4@group-04493B402C37-LeaderElection42] INFO  impl.LeaderElection (LeaderElection.java:askForVotes(178)) - b497eacb-55a3-4ffa-9375-3900e91065f4@group-04493B402C37-LeaderElection42: begin an election at term 2 for 0: [91a1b220-aea4-4dd3-92cb-bba23af74008:192.168.151.72:35241, 3933d80c-e8ff-4f72-bba7-02820fb600e2:192.168.151.72:43322, b497eacb-55a3-4ffa-9375-3900e91065f4:192.168.151.72:45210], old=null
2019-10-02 17:59:02,863 [b497eacb-55a3-4ffa-9375-3900e91065f4@group-04493B402C37-LeaderElection42] INFO  impl.LeaderElection (LogUtils.java:infoOrTrace(149)) - b497eacb-55a3-4ffa-9375-3900e91065f4@group-04493B402C37-LeaderElection42 got exception when requesting votes: {}
java.util.concurrent.ExecutionException: org.apache.ratis.thirdparty.io.grpc.StatusRuntimeException: UNAVAILABLE: io exception
	at java.util.concurrent.FutureTask.report(FutureTask.java:122)
	at java.util.concurrent.FutureTask.get(FutureTask.java:192)
	at org.apache.ratis.server.impl.LeaderElection.waitForResults(LeaderElection.java:259)
	at org.apache.ratis.server.impl.LeaderElection.askForVotes(LeaderElection.java:197)
	at org.apache.ratis.server.impl.LeaderElection.run(LeaderElection.java:133)
	at java.lang.Thread.run(Thread.java:748)
Caused by: org.apache.ratis.thirdparty.io.grpc.StatusRuntimeException: UNAVAILABLE: io exception
	at org.apache.ratis.thirdparty.io.grpc.stub.ClientCalls.toStatusRuntimeException(ClientCalls.java:233)
	at org.apache.ratis.thirdparty.io.grpc.stub.ClientCalls.getUnchecked(ClientCalls.java:214)
	at org.apache.ratis.thirdparty.io.grpc.stub.ClientCalls.blockingUnaryCall(ClientCalls.java:139)
	at org.apache.ratis.proto.grpc.RaftServerProtocolServiceGrpc$RaftServerProtocolServiceBlockingStub.requestVote(RaftServerProtocolServiceGrpc.java:265)
	at org.apache.ratis.grpc.server.GrpcServerProtocolClient.requestVote(GrpcServerProtocolClient.java:99)
	at org.apache.ratis.grpc.server.GrpcService.requestVote(GrpcService.java:204)
	at org.apache.ratis.server.impl.LeaderElection.lambda$submitRequests$1(LeaderElection.java:234)
	at java.util.concurrent.FutureTask.run(FutureTask.java:266)
	at java.util.concurrent.Executors$RunnableAdapter.call(Executors.java:511)
	at java.util.concurrent.FutureTask.run(FutureTask.java:266)
	at java.util.concurrent.ThreadPoolExecutor.runWorker(ThreadPoolExecutor.java:1149)
	at java.util.concurrent.ThreadPoolExecutor$Worker.run(ThreadPoolExecutor.java:624)
	... 1 more
Caused by: org.apache.ratis.thirdparty.io.netty.channel.AbstractChannel$AnnotatedConnectException: Connection refused: /192.168.151.72:43322
	at sun.nio.ch.SocketChannelImpl.checkConnect(Native Method)
	at sun.nio.ch.SocketChannelImpl.finishConnect(SocketChannelImpl.java:717)
	at org.apache.ratis.thirdparty.io.netty.channel.socket.nio.NioSocketChannel.doFinishConnect(NioSocketChannel.java:327)
	at org.apache.ratis.thirdparty.io.netty.channel.nio.AbstractNioChannel$AbstractNioUnsafe.finishConnect(AbstractNioChannel.java:340)
	at org.apache.ratis.thirdparty.io.netty.channel.nio.NioEventLoop.processSelectedKey(NioEventLoop.java:632)
	at org.apache.ratis.thirdparty.io.netty.channel.nio.NioEventLoop.processSelectedKeysOptimized(NioEventLoop.java:579)
	at org.apache.ratis.thirdparty.io.netty.channel.nio.NioEventLoop.processSelectedKeys(NioEventLoop.java:496)
	at org.apache.ratis.thirdparty.io.netty.channel.nio.NioEventLoop.run(NioEventLoop.java:458)
	at org.apache.ratis.thirdparty.io.netty.util.concurrent.SingleThreadEventExecutor$5.run(SingleThreadEventExecutor.java:897)
	at org.apache.ratis.thirdparty.io.netty.util.concurrent.FastThreadLocalRunnable.run(FastThreadLocalRunnable.java:30)
	... 1 more
Caused by: java.net.ConnectException: Connection refused
	... 11 more
2019-10-02 17:59:02,866 [b497eacb-55a3-4ffa-9375-3900e91065f4@group-04493B402C37-LeaderElection42] INFO  impl.LeaderElection (LogUtils.java:infoOrTrace(149)) - b497eacb-55a3-4ffa-9375-3900e91065f4@group-04493B402C37-LeaderElection42 got exception when requesting votes: {}
java.util.concurrent.ExecutionException: org.apache.ratis.thirdparty.io.grpc.StatusRuntimeException: UNAVAILABLE: io exception
	at java.util.concurrent.FutureTask.report(FutureTask.java:122)
	at java.util.concurrent.FutureTask.get(FutureTask.java:192)
	at org.apache.ratis.server.impl.LeaderElection.waitForResults(LeaderElection.java:259)
	at org.apache.ratis.server.impl.LeaderElection.askForVotes(LeaderElection.java:197)
	at org.apache.ratis.server.impl.LeaderElection.run(LeaderElection.java:133)
	at java.lang.Thread.run(Thread.java:748)
Caused by: org.apache.ratis.thirdparty.io.grpc.StatusRuntimeException: UNAVAILABLE: io exception
	at org.apache.ratis.thirdparty.io.grpc.stub.ClientCalls.toStatusRuntimeException(ClientCalls.java:233)
	at org.apache.ratis.thirdparty.io.grpc.stub.ClientCalls.getUnchecked(ClientCalls.java:214)
	at org.apache.ratis.thirdparty.io.grpc.stub.ClientCalls.blockingUnaryCall(ClientCalls.java:139)
	at org.apache.ratis.proto.grpc.RaftServerProtocolServiceGrpc$RaftServerProtocolServiceBlockingStub.requestVote(RaftServerProtocolServiceGrpc.java:265)
	at org.apache.ratis.grpc.server.GrpcServerProtocolClient.requestVote(GrpcServerProtocolClient.java:99)
	at org.apache.ratis.grpc.server.GrpcService.requestVote(GrpcService.java:204)
	at org.apache.ratis.server.impl.LeaderElection.lambda$submitRequests$1(LeaderElection.java:234)
	at java.util.concurrent.FutureTask.run(FutureTask.java:266)
	at java.util.concurrent.Executors$RunnableAdapter.call(Executors.java:511)
	at java.util.concurrent.FutureTask.run(FutureTask.java:266)
	at java.util.concurrent.ThreadPoolExecutor.runWorker(ThreadPoolExecutor.java:1149)
	at java.util.concurrent.ThreadPoolExecutor$Worker.run(ThreadPoolExecutor.java:624)
	... 1 more
Caused by: org.apache.ratis.thirdparty.io.netty.channel.AbstractChannel$AnnotatedConnectException: Connection refused: /192.168.151.72:35241
	at sun.nio.ch.SocketChannelImpl.checkConnect(Native Method)
	at sun.nio.ch.SocketChannelImpl.finishConnect(SocketChannelImpl.java:717)
	at org.apache.ratis.thirdparty.io.netty.channel.socket.nio.NioSocketChannel.doFinishConnect(NioSocketChannel.java:327)
	at org.apache.ratis.thirdparty.io.netty.channel.nio.AbstractNioChannel$AbstractNioUnsafe.finishConnect(AbstractNioChannel.java:340)
	at org.apache.ratis.thirdparty.io.netty.channel.nio.NioEventLoop.processSelectedKey(NioEventLoop.java:632)
	at org.apache.ratis.thirdparty.io.netty.channel.nio.NioEventLoop.processSelectedKeysOptimized(NioEventLoop.java:579)
	at org.apache.ratis.thirdparty.io.netty.channel.nio.NioEventLoop.processSelectedKeys(NioEventLoop.java:496)
	at org.apache.ratis.thirdparty.io.netty.channel.nio.NioEventLoop.run(NioEventLoop.java:458)
	at org.apache.ratis.thirdparty.io.netty.util.concurrent.SingleThreadEventExecutor$5.run(SingleThreadEventExecutor.java:897)
	at org.apache.ratis.thirdparty.io.netty.util.concurrent.FastThreadLocalRunnable.run(FastThreadLocalRunnable.java:30)
	... 1 more
Caused by: java.net.ConnectException: Connection refused
	... 11 more
2019-10-02 17:59:02,869 [b497eacb-55a3-4ffa-9375-3900e91065f4@group-04493B402C37-LeaderElection42] INFO  impl.LeaderElection (LeaderElection.java:logAndReturn(56)) - b497eacb-55a3-4ffa-9375-3900e91065f4@group-04493B402C37-LeaderElection42: Election REJECTED; received 0 response(s) [] and 2 exception(s); b497eacb-55a3-4ffa-9375-3900e91065f4@group-04493B402C37:t2, leader=null, voted=b497eacb-55a3-4ffa-9375-3900e91065f4, raftlog=b497eacb-55a3-4ffa-9375-3900e91065f4@group-04493B402C37-SegmentedRaftLog:OPENED:c0,f0,i0, conf=0: [91a1b220-aea4-4dd3-92cb-bba23af74008:192.168.151.72:35241, 3933d80c-e8ff-4f72-bba7-02820fb600e2:192.168.151.72:43322, b497eacb-55a3-4ffa-9375-3900e91065f4:192.168.151.72:45210], old=null
2019-10-02 17:59:02,869 [b497eacb-55a3-4ffa-9375-3900e91065f4@group-04493B402C37-LeaderElection42] INFO  impl.LeaderElection (LogUtils.java:infoOrTrace(149)) -   Exception 0: {}
java.util.concurrent.ExecutionException: org.apache.ratis.thirdparty.io.grpc.StatusRuntimeException: UNAVAILABLE: io exception
	at java.util.concurrent.FutureTask.report(FutureTask.java:122)
	at java.util.concurrent.FutureTask.get(FutureTask.java:192)
	at org.apache.ratis.server.impl.LeaderElection.waitForResults(LeaderElection.java:259)
	at org.apache.ratis.server.impl.LeaderElection.askForVotes(LeaderElection.java:197)
	at org.apache.ratis.server.impl.LeaderElection.run(LeaderElection.java:133)
	at java.lang.Thread.run(Thread.java:748)
Caused by: org.apache.ratis.thirdparty.io.grpc.StatusRuntimeException: UNAVAILABLE: io exception
	at org.apache.ratis.thirdparty.io.grpc.stub.ClientCalls.toStatusRuntimeException(ClientCalls.java:233)
	at org.apache.ratis.thirdparty.io.grpc.stub.ClientCalls.getUnchecked(ClientCalls.java:214)
	at org.apache.ratis.thirdparty.io.grpc.stub.ClientCalls.blockingUnaryCall(ClientCalls.java:139)
	at org.apache.ratis.proto.grpc.RaftServerProtocolServiceGrpc$RaftServerProtocolServiceBlockingStub.requestVote(RaftServerProtocolServiceGrpc.java:265)
	at org.apache.ratis.grpc.server.GrpcServerProtocolClient.requestVote(GrpcServerProtocolClient.java:99)
	at org.apache.ratis.grpc.server.GrpcService.requestVote(GrpcService.java:204)
	at org.apache.ratis.server.impl.LeaderElection.lambda$submitRequests$1(LeaderElection.java:234)
	at java.util.concurrent.FutureTask.run(FutureTask.java:266)
	at java.util.concurrent.Executors$RunnableAdapter.call(Executors.java:511)
	at java.util.concurrent.FutureTask.run(FutureTask.java:266)
	at java.util.concurrent.ThreadPoolExecutor.runWorker(ThreadPoolExecutor.java:1149)
	at java.util.concurrent.ThreadPoolExecutor$Worker.run(ThreadPoolExecutor.java:624)
	... 1 more
Caused by: org.apache.ratis.thirdparty.io.netty.channel.AbstractChannel$AnnotatedConnectException: Connection refused: /192.168.151.72:43322
	at sun.nio.ch.SocketChannelImpl.checkConnect(Native Method)
	at sun.nio.ch.SocketChannelImpl.finishConnect(SocketChannelImpl.java:717)
	at org.apache.ratis.thirdparty.io.netty.channel.socket.nio.NioSocketChannel.doFinishConnect(NioSocketChannel.java:327)
	at org.apache.ratis.thirdparty.io.netty.channel.nio.AbstractNioChannel$AbstractNioUnsafe.finishConnect(AbstractNioChannel.java:340)
	at org.apache.ratis.thirdparty.io.netty.channel.nio.NioEventLoop.processSelectedKey(NioEventLoop.java:632)
	at org.apache.ratis.thirdparty.io.netty.channel.nio.NioEventLoop.processSelectedKeysOptimized(NioEventLoop.java:579)
	at org.apache.ratis.thirdparty.io.netty.channel.nio.NioEventLoop.processSelectedKeys(NioEventLoop.java:496)
	at org.apache.ratis.thirdparty.io.netty.channel.nio.NioEventLoop.run(NioEventLoop.java:458)
	at org.apache.ratis.thirdparty.io.netty.util.concurrent.SingleThreadEventExecutor$5.run(SingleThreadEventExecutor.java:897)
	at org.apache.ratis.thirdparty.io.netty.util.concurrent.FastThreadLocalRunnable.run(FastThreadLocalRunnable.java:30)
	... 1 more
Caused by: java.net.ConnectException: Connection refused
	... 11 more
2019-10-02 17:59:02,869 [b497eacb-55a3-4ffa-9375-3900e91065f4@group-04493B402C37-LeaderElection42] INFO  impl.LeaderElection (LogUtils.java:infoOrTrace(149)) -   Exception 1: {}
java.util.concurrent.ExecutionException: org.apache.ratis.thirdparty.io.grpc.StatusRuntimeException: UNAVAILABLE: io exception
	at java.util.concurrent.FutureTask.report(FutureTask.java:122)
	at java.util.concurrent.FutureTask.get(FutureTask.java:192)
	at org.apache.ratis.server.impl.LeaderElection.waitForResults(LeaderElection.java:259)
	at org.apache.ratis.server.impl.LeaderElection.askForVotes(LeaderElection.java:197)
	at org.apache.ratis.server.impl.LeaderElection.run(LeaderElection.java:133)
	at java.lang.Thread.run(Thread.java:748)
Caused by: org.apache.ratis.thirdparty.io.grpc.StatusRuntimeException: UNAVAILABLE: io exception
	at org.apache.ratis.thirdparty.io.grpc.stub.ClientCalls.toStatusRuntimeException(ClientCalls.java:233)
	at org.apache.ratis.thirdparty.io.grpc.stub.ClientCalls.getUnchecked(ClientCalls.java:214)
	at org.apache.ratis.thirdparty.io.grpc.stub.ClientCalls.blockingUnaryCall(ClientCalls.java:139)
	at org.apache.ratis.proto.grpc.RaftServerProtocolServiceGrpc$RaftServerProtocolServiceBlockingStub.requestVote(RaftServerProtocolServiceGrpc.java:265)
	at org.apache.ratis.grpc.server.GrpcServerProtocolClient.requestVote(GrpcServerProtocolClient.java:99)
	at org.apache.ratis.grpc.server.GrpcService.requestVote(GrpcService.java:204)
	at org.apache.ratis.server.impl.LeaderElection.lambda$submitRequests$1(LeaderElection.java:234)
	at java.util.concurrent.FutureTask.run(FutureTask.java:266)
	at java.util.concurrent.Executors$RunnableAdapter.call(Executors.java:511)
	at java.util.concurrent.FutureTask.run(FutureTask.java:266)
	at java.util.concurrent.ThreadPoolExecutor.runWorker(ThreadPoolExecutor.java:1149)
	at java.util.concurrent.ThreadPoolExecutor$Worker.run(ThreadPoolExecutor.java:624)
	... 1 more
Caused by: org.apache.ratis.thirdparty.io.netty.channel.AbstractChannel$AnnotatedConnectException: Connection refused: /192.168.151.72:35241
	at sun.nio.ch.SocketChannelImpl.checkConnect(Native Method)
	at sun.nio.ch.SocketChannelImpl.finishConnect(SocketChannelImpl.java:717)
	at org.apache.ratis.thirdparty.io.netty.channel.socket.nio.NioSocketChannel.doFinishConnect(NioSocketChannel.java:327)
	at org.apache.ratis.thirdparty.io.netty.channel.nio.AbstractNioChannel$AbstractNioUnsafe.finishConnect(AbstractNioChannel.java:340)
	at org.apache.ratis.thirdparty.io.netty.channel.nio.NioEventLoop.processSelectedKey(NioEventLoop.java:632)
	at org.apache.ratis.thirdparty.io.netty.channel.nio.NioEventLoop.processSelectedKeysOptimized(NioEventLoop.java:579)
	at org.apache.ratis.thirdparty.io.netty.channel.nio.NioEventLoop.processSelectedKeys(NioEventLoop.java:496)
	at org.apache.ratis.thirdparty.io.netty.channel.nio.NioEventLoop.run(NioEventLoop.java:458)
	at org.apache.ratis.thirdparty.io.netty.util.concurrent.SingleThreadEventExecutor$5.run(SingleThreadEventExecutor.java:897)
	at org.apache.ratis.thirdparty.io.netty.util.concurrent.FastThreadLocalRunnable.run(FastThreadLocalRunnable.java:30)
	... 1 more
Caused by: java.net.ConnectException: Connection refused
	... 11 more
2019-10-02 17:59:02,870 [b497eacb-55a3-4ffa-9375-3900e91065f4@group-04493B402C37-LeaderElection42] INFO  impl.RaftServerImpl (RaftServerImpl.java:setRole(170)) - b497eacb-55a3-4ffa-9375-3900e91065f4@group-04493B402C37: changes role from CANDIDATE to FOLLOWER at term 2 for DISCOVERED_A_NEW_TERM
2019-10-02 17:59:02,870 [b497eacb-55a3-4ffa-9375-3900e91065f4@group-04493B402C37-LeaderElection42] INFO  impl.RoleInfo (RoleInfo.java:shutdownLeaderElection(134)) - b497eacb-55a3-4ffa-9375-3900e91065f4: shutdown LeaderElection
2019-10-02 17:59:02,870 [b497eacb-55a3-4ffa-9375-3900e91065f4@group-04493B402C37-LeaderElection42] INFO  impl.RoleInfo (RoleInfo.java:updateAndGet(143)) - b497eacb-55a3-4ffa-9375-3900e91065f4: start FollowerState
2019-10-02 17:59:03,151 [main] INFO  ozoneimpl.OzoneContainer (OzoneContainer.java:stop(231)) - Attempting to stop container services.
2019-10-02 17:59:03,151 [ForkJoinPool.commonPool-worker-1] INFO  ozoneimpl.OzoneContainer (OzoneContainer.java:stop(231)) - Attempting to stop container services.
2019-10-02 17:59:03,154 [main] INFO  impl.RaftServerProxy (RaftServerProxy.java:lambda$close$4(314)) - 4a0512f4-119f-4f66-8d84-cb92b75127d3: close
2019-10-02 17:59:03,154 [ForkJoinPool.commonPool-worker-1] INFO  impl.RaftServerProxy (RaftServerProxy.java:lambda$close$4(314)) - b7323768-8f87-4fb6-921f-bc5aae8c9ceb: close
2019-10-02 17:59:03,155 [main] INFO  impl.RaftServerImpl (RaftServerImpl.java:lambda$shutdown$3(247)) - 4a0512f4-119f-4f66-8d84-cb92b75127d3@group-A80C3AC8BF93: shutdown
2019-10-02 17:59:03,155 [ForkJoinPool.commonPool-worker-1] INFO  impl.RaftServerImpl (RaftServerImpl.java:lambda$shutdown$3(247)) - b7323768-8f87-4fb6-921f-bc5aae8c9ceb@group-0B378948FB51: shutdown
2019-10-02 17:59:03,155 [main] INFO  util.JmxRegister (JmxRegister.java:unregister(73)) - Successfully un-registered JMX Bean with object name Ratis:service=RaftServer,group=group-A80C3AC8BF93,id=4a0512f4-119f-4f66-8d84-cb92b75127d3
2019-10-02 17:59:03,156 [ForkJoinPool.commonPool-worker-1] INFO  util.JmxRegister (JmxRegister.java:unregister(73)) - Successfully un-registered JMX Bean with object name Ratis:service=RaftServer,group=group-0B378948FB51,id=b7323768-8f87-4fb6-921f-bc5aae8c9ceb
2019-10-02 17:59:03,156 [main] INFO  impl.RoleInfo (RoleInfo.java:shutdownLeaderState(104)) - 4a0512f4-119f-4f66-8d84-cb92b75127d3: shutdown LeaderState
2019-10-02 17:59:03,156 [ForkJoinPool.commonPool-worker-1] INFO  impl.RoleInfo (RoleInfo.java:shutdownLeaderState(104)) - b7323768-8f87-4fb6-921f-bc5aae8c9ceb: shutdown LeaderState
2019-10-02 17:59:03,159 [org.apache.ratis.server.impl.LogAppender$AppenderDaemon$$Lambda$525/299265970@40165085] WARN  server.GrpcLogAppender (GrpcLogAppender.java:mayWait(143)) - 4a0512f4-119f-4f66-8d84-cb92b75127d3@group-A80C3AC8BF93->ae729cbd-7ce4-47be-ae44-f885f4c1fbd3-GrpcLogAppender: Wait interrupted by java.lang.InterruptedException
2019-10-02 17:59:03,159 [org.apache.ratis.server.impl.LogAppender$AppenderDaemon$$Lambda$525/299265970@2ab9b089] WARN  server.GrpcLogAppender (GrpcLogAppender.java:mayWait(143)) - 4a0512f4-119f-4f66-8d84-cb92b75127d3@group-A80C3AC8BF93->b7323768-8f87-4fb6-921f-bc5aae8c9ceb-GrpcLogAppender: Wait interrupted by java.lang.InterruptedException
2019-10-02 17:59:03,159 [main] INFO  impl.PendingRequests (PendingRequests.java:sendNotLeaderResponses(202)) - 4a0512f4-119f-4f66-8d84-cb92b75127d3@group-A80C3AC8BF93-PendingRequests: sendNotLeaderResponses
2019-10-02 17:59:03,159 [ForkJoinPool.commonPool-worker-1] INFO  impl.PendingRequests (PendingRequests.java:sendNotLeaderResponses(202)) - b7323768-8f87-4fb6-921f-bc5aae8c9ceb@group-0B378948FB51-PendingRequests: sendNotLeaderResponses
2019-10-02 17:59:03,160 [grpc-default-executor-22] INFO  server.GrpcServerProtocolService (GrpcServerProtocolService.java:onCompleted(113)) - b7323768-8f87-4fb6-921f-bc5aae8c9ceb: Completed APPEND_ENTRIES, lastRequest: 4a0512f4-119f-4f66-8d84-cb92b75127d3->b7323768-8f87-4fb6-921f-bc5aae8c9ceb#30-t1, previous=(t:1, i:0), leaderCommit=0, initializing? false, entries: <empty>
2019-10-02 17:59:03,160 [grpc-default-executor-21] INFO  server.GrpcServerProtocolService (GrpcServerProtocolService.java:onCompleted(113)) - ae729cbd-7ce4-47be-ae44-f885f4c1fbd3: Completed APPEND_ENTRIES, lastRequest: 4a0512f4-119f-4f66-8d84-cb92b75127d3->ae729cbd-7ce4-47be-ae44-f885f4c1fbd3#30-t1, previous=(t:1, i:0), leaderCommit=0, initializing? false, entries: <empty>
2019-10-02 17:59:03,161 [ForkJoinPool.commonPool-worker-1] INFO  impl.StateMachineUpdater (StateMachineUpdater.java:stopAndJoin(136)) - b7323768-8f87-4fb6-921f-bc5aae8c9ceb@group-0B378948FB51-StateMachineUpdater: set stopIndex = 0
2019-10-02 17:59:03,161 [main] INFO  impl.StateMachineUpdater (StateMachineUpdater.java:stopAndJoin(136)) - 4a0512f4-119f-4f66-8d84-cb92b75127d3@group-A80C3AC8BF93-StateMachineUpdater: set stopIndex = 0
2019-10-02 17:59:03,162 [main] INFO  impl.RaftServerImpl (ServerState.java:close(387)) - 4a0512f4-119f-4f66-8d84-cb92b75127d3@group-A80C3AC8BF93: closes. applyIndex: 0
2019-10-02 17:59:03,162 [grpc-default-executor-22] INFO  server.GrpcLogAppender (GrpcLogAppender.java:onCompleted(293)) - 4a0512f4-119f-4f66-8d84-cb92b75127d3@group-A80C3AC8BF93->ae729cbd-7ce4-47be-ae44-f885f4c1fbd3-AppendLogResponseHandler: follower responses appendEntries COMPLETED
2019-10-02 17:59:03,162 [grpc-default-executor-21] INFO  server.GrpcLogAppender (GrpcLogAppender.java:onCompleted(293)) - 4a0512f4-119f-4f66-8d84-cb92b75127d3@group-A80C3AC8BF93->b7323768-8f87-4fb6-921f-bc5aae8c9ceb-AppendLogResponseHandler: follower responses appendEntries COMPLETED
2019-10-02 17:59:03,161 [ForkJoinPool.commonPool-worker-1] INFO  impl.RaftServerImpl (ServerState.java:close(387)) - b7323768-8f87-4fb6-921f-bc5aae8c9ceb@group-0B378948FB51: closes. applyIndex: 0
2019-10-02 17:59:03,163 [4a0512f4-119f-4f66-8d84-cb92b75127d3@group-A80C3AC8BF93-SegmentedRaftLogWorker] INFO  segmented.SegmentedRaftLogWorker (SegmentedRaftLogWorker.java:run(316)) - 4a0512f4-119f-4f66-8d84-cb92b75127d3@group-A80C3AC8BF93-SegmentedRaftLogWorker was interrupted, exiting. There are 0 tasks remaining in the queue.
2019-10-02 17:59:03,163 [b7323768-8f87-4fb6-921f-bc5aae8c9ceb@group-0B378948FB51-SegmentedRaftLogWorker] INFO  segmented.SegmentedRaftLogWorker (SegmentedRaftLogWorker.java:run(316)) - b7323768-8f87-4fb6-921f-bc5aae8c9ceb@group-0B378948FB51-SegmentedRaftLogWorker was interrupted, exiting. There are 0 tasks remaining in the queue.
2019-10-02 17:59:03,164 [main] INFO  segmented.SegmentedRaftLogWorker (SegmentedRaftLogWorker.java:close(224)) - 4a0512f4-119f-4f66-8d84-cb92b75127d3@group-A80C3AC8BF93-SegmentedRaftLogWorker close()
2019-10-02 17:59:03,163 [grpc-default-executor-22] INFO  impl.FollowerInfo (FollowerInfo.java:lambda$new$0(51)) - 4a0512f4-119f-4f66-8d84-cb92b75127d3@group-A80C3AC8BF93->ae729cbd-7ce4-47be-ae44-f885f4c1fbd3: nextIndex: updateUnconditionally 1 -> 0
2019-10-02 17:59:03,165 [main] INFO  impl.RaftServerImpl (RaftServerImpl.java:lambda$shutdown$3(247)) - 4a0512f4-119f-4f66-8d84-cb92b75127d3@group-4461771CB814: shutdown
2019-10-02 17:59:03,164 [ForkJoinPool.commonPool-worker-1] INFO  segmented.SegmentedRaftLogWorker (SegmentedRaftLogWorker.java:close(224)) - b7323768-8f87-4fb6-921f-bc5aae8c9ceb@group-0B378948FB51-SegmentedRaftLogWorker close()
2019-10-02 17:59:03,164 [grpc-default-executor-21] INFO  impl.FollowerInfo (FollowerInfo.java:lambda$new$0(51)) - 4a0512f4-119f-4f66-8d84-cb92b75127d3@group-A80C3AC8BF93->b7323768-8f87-4fb6-921f-bc5aae8c9ceb: nextIndex: updateUnconditionally 1 -> 0
2019-10-02 17:59:03,167 [ForkJoinPool.commonPool-worker-1] INFO  impl.RaftServerImpl (RaftServerImpl.java:lambda$shutdown$3(247)) - b7323768-8f87-4fb6-921f-bc5aae8c9ceb@group-A80C3AC8BF93: shutdown
2019-10-02 17:59:03,166 [main] INFO  util.JmxRegister (JmxRegister.java:unregister(73)) - Successfully un-registered JMX Bean with object name Ratis:service=RaftServer,group=group-4461771CB814,id=4a0512f4-119f-4f66-8d84-cb92b75127d3
2019-10-02 17:59:03,168 [ForkJoinPool.commonPool-worker-1] INFO  util.JmxRegister (JmxRegister.java:unregister(73)) - Successfully un-registered JMX Bean with object name Ratis:service=RaftServer,group=group-A80C3AC8BF93,id=b7323768-8f87-4fb6-921f-bc5aae8c9ceb
2019-10-02 17:59:03,168 [main] INFO  impl.RoleInfo (RoleInfo.java:shutdownLeaderState(104)) - 4a0512f4-119f-4f66-8d84-cb92b75127d3: shutdown LeaderState
2019-10-02 17:59:03,169 [ForkJoinPool.commonPool-worker-1] INFO  impl.RoleInfo (RoleInfo.java:shutdownFollowerState(121)) - b7323768-8f87-4fb6-921f-bc5aae8c9ceb: shutdown FollowerState
2019-10-02 17:59:03,169 [main] INFO  impl.PendingRequests (PendingRequests.java:sendNotLeaderResponses(202)) - 4a0512f4-119f-4f66-8d84-cb92b75127d3@group-4461771CB814-PendingRequests: sendNotLeaderResponses
2019-10-02 17:59:03,169 [Thread-2256] INFO  impl.FollowerState (FollowerState.java:run(117)) - b7323768-8f87-4fb6-921f-bc5aae8c9ceb@group-A80C3AC8BF93-FollowerState was interrupted: java.lang.InterruptedException: sleep interrupted
2019-10-02 17:59:03,169 [ForkJoinPool.commonPool-worker-1] INFO  impl.StateMachineUpdater (StateMachineUpdater.java:stopAndJoin(136)) - b7323768-8f87-4fb6-921f-bc5aae8c9ceb@group-A80C3AC8BF93-StateMachineUpdater: set stopIndex = 0
2019-10-02 17:59:03,169 [main] INFO  impl.StateMachineUpdater (StateMachineUpdater.java:stopAndJoin(136)) - 4a0512f4-119f-4f66-8d84-cb92b75127d3@group-4461771CB814-StateMachineUpdater: set stopIndex = 0
2019-10-02 17:59:03,171 [ForkJoinPool.commonPool-worker-1] INFO  impl.RaftServerImpl (ServerState.java:close(387)) - b7323768-8f87-4fb6-921f-bc5aae8c9ceb@group-A80C3AC8BF93: closes. applyIndex: 0
2019-10-02 17:59:03,171 [main] INFO  impl.RaftServerImpl (ServerState.java:close(387)) - 4a0512f4-119f-4f66-8d84-cb92b75127d3@group-4461771CB814: closes. applyIndex: 0
2019-10-02 17:59:03,172 [b7323768-8f87-4fb6-921f-bc5aae8c9ceb@group-A80C3AC8BF93-SegmentedRaftLogWorker] INFO  segmented.SegmentedRaftLogWorker (SegmentedRaftLogWorker.java:run(316)) - b7323768-8f87-4fb6-921f-bc5aae8c9ceb@group-A80C3AC8BF93-SegmentedRaftLogWorker was interrupted, exiting. There are 0 tasks remaining in the queue.
2019-10-02 17:59:03,172 [4a0512f4-119f-4f66-8d84-cb92b75127d3@group-4461771CB814-SegmentedRaftLogWorker] INFO  segmented.SegmentedRaftLogWorker (SegmentedRaftLogWorker.java:run(316)) - 4a0512f4-119f-4f66-8d84-cb92b75127d3@group-4461771CB814-SegmentedRaftLogWorker was interrupted, exiting. There are 0 tasks remaining in the queue.
2019-10-02 17:59:03,172 [ForkJoinPool.commonPool-worker-1] INFO  segmented.SegmentedRaftLogWorker (SegmentedRaftLogWorker.java:close(224)) - b7323768-8f87-4fb6-921f-bc5aae8c9ceb@group-A80C3AC8BF93-SegmentedRaftLogWorker close()
2019-10-02 17:59:03,172 [main] INFO  segmented.SegmentedRaftLogWorker (SegmentedRaftLogWorker.java:close(224)) - 4a0512f4-119f-4f66-8d84-cb92b75127d3@group-4461771CB814-SegmentedRaftLogWorker close()
2019-10-02 17:59:03,174 [ForkJoinPool.commonPool-worker-1] INFO  server.GrpcService (GrpcService.java:closeImpl(164)) - b7323768-8f87-4fb6-921f-bc5aae8c9ceb: shutdown server with port 45619 now
2019-10-02 17:59:03,180 [main] INFO  server.GrpcService (GrpcService.java:closeImpl(164)) - 4a0512f4-119f-4f66-8d84-cb92b75127d3: shutdown server with port 38519 now
2019-10-02 17:59:03,181 [main] INFO  server.GrpcService (GrpcService.java:closeImpl(172)) - 4a0512f4-119f-4f66-8d84-cb92b75127d3: shutdown server with port 38519 successfully
2019-10-02 17:59:03,181 [ForkJoinPool.commonPool-worker-1] INFO  server.GrpcService (GrpcService.java:closeImpl(172)) - b7323768-8f87-4fb6-921f-bc5aae8c9ceb: shutdown server with port 45619 successfully
2019-10-02 17:59:03,185 [refreshUsed-/workdir/hadoop-ozone/integration-test/target/test-dir/MiniOzoneClusterImpl-65f8f4fe-1764-4468-9f48-37bf81c95b0d/datanode-2/data/containers] WARN  fs.CachingGetSpaceUsed (CachingGetSpaceUsed.java:run(183)) - Thread Interrupted waiting to refresh disk information: sleep interrupted
2019-10-02 17:59:03,187 [refreshUsed-/workdir/hadoop-ozone/integration-test/target/test-dir/MiniOzoneClusterImpl-65f8f4fe-1764-4468-9f48-37bf81c95b0d/datanode-3/data/containers] WARN  fs.CachingGetSpaceUsed (CachingGetSpaceUsed.java:run(183)) - Thread Interrupted waiting to refresh disk information: sleep interrupted
2019-10-02 17:59:03,206 [ForkJoinPool.commonPool-worker-1] INFO  utils.BackgroundService (BackgroundService.java:shutdown(148)) - Shutting down service BlockDeletingService
2019-10-02 17:59:03,212 [ForkJoinPool.commonPool-worker-1] INFO  statemachine.DatanodeStateMachine (DatanodeStateMachine.java:stopDaemon(395)) - Ozone container server stopped.
2019-10-02 17:59:03,220 [ForkJoinPool.commonPool-worker-1] INFO  handler.ContextHandler (ContextHandler.java:doStop(910)) - Stopped o.e.j.w.WebAppContext@2db1b657{/,null,UNAVAILABLE}{/hddsDatanode}
2019-10-02 17:59:03,220 [main] INFO  utils.BackgroundService (BackgroundService.java:shutdown(148)) - Shutting down service BlockDeletingService
2019-10-02 17:59:03,221 [ForkJoinPool.commonPool-worker-1] INFO  server.AbstractConnector (AbstractConnector.java:doStop(318)) - Stopped ServerConnector@7e351d7{HTTP/1.1,[http/1.1]}{0.0.0.0:0}
2019-10-02 17:59:03,223 [ForkJoinPool.commonPool-worker-1] INFO  handler.ContextHandler (ContextHandler.java:doStop(910)) - Stopped o.e.j.s.ServletContextHandler@7a3b7122{/static,jar:file:/home/user/.m2/repository/org/apache/hadoop/hadoop-hdds-container-service/0.5.0-SNAPSHOT/hadoop-hdds-container-service-0.5.0-SNAPSHOT.jar!/webapps/static,UNAVAILABLE}
2019-10-02 17:59:03,230 [main] INFO  statemachine.DatanodeStateMachine (DatanodeStateMachine.java:stopDaemon(395)) - Ozone container server stopped.
2019-10-02 17:59:03,230 [ForkJoinPool.commonPool-worker-1] INFO  handler.ContextHandler (ContextHandler.java:doStop(910)) - Stopped o.e.j.s.ServletContextHandler@49469ffa{/logs,file:///workdir/hadoop-ozone/integration-test/target/log,UNAVAILABLE}
2019-10-02 17:59:03,232 [main] INFO  handler.ContextHandler (ContextHandler.java:doStop(910)) - Stopped o.e.j.w.WebAppContext@3440e9cd{/,null,UNAVAILABLE}{/hddsDatanode}
2019-10-02 17:59:03,232 [main] INFO  server.AbstractConnector (AbstractConnector.java:doStop(318)) - Stopped ServerConnector@28a9494b{HTTP/1.1,[http/1.1]}{0.0.0.0:0}
2019-10-02 17:59:03,233 [main] INFO  handler.ContextHandler (ContextHandler.java:doStop(910)) - Stopped o.e.j.s.ServletContextHandler@67536ae0{/static,jar:file:/home/user/.m2/repository/org/apache/hadoop/hadoop-hdds-container-service/0.5.0-SNAPSHOT/hadoop-hdds-container-service-0.5.0-SNAPSHOT.jar!/webapps/static,UNAVAILABLE}
2019-10-02 17:59:03,234 [main] INFO  handler.ContextHandler (ContextHandler.java:doStop(910)) - Stopped o.e.j.s.ServletContextHandler@45658133{/logs,file:///workdir/hadoop-ozone/integration-test/target/log,UNAVAILABLE}
2019-10-02 17:59:03,472 [Datanode State Machine Thread - 0] INFO  statemachine.DatanodeStateMachine (DatanodeStateMachine.java:lambda$startDaemon$0(350)) - Ozone container server started.
2019-10-02 17:59:04,063 [Datanode State Machine Thread - 0] INFO  statemachine.DatanodeStateMachine (DatanodeStateMachine.java:lambda$startDaemon$0(350)) - Ozone container server started.
2019-10-02 17:59:08,049 [Thread-2488] INFO  impl.FollowerState (FollowerState.java:run(108)) - b497eacb-55a3-4ffa-9375-3900e91065f4@group-04493B402C37-FollowerState: change to CANDIDATE, lastRpcTime:5178ms, electionTimeout:5178ms
2019-10-02 17:59:08,050 [Thread-2488] INFO  impl.RoleInfo (RoleInfo.java:shutdownFollowerState(121)) - b497eacb-55a3-4ffa-9375-3900e91065f4: shutdown FollowerState
2019-10-02 17:59:08,050 [Thread-2488] INFO  impl.RaftServerImpl (RaftServerImpl.java:setRole(170)) - b497eacb-55a3-4ffa-9375-3900e91065f4@group-04493B402C37: changes role from  FOLLOWER to CANDIDATE at term 2 for changeToCandidate
2019-10-02 17:59:08,051 [Thread-2488] INFO  impl.RoleInfo (RoleInfo.java:updateAndGet(143)) - b497eacb-55a3-4ffa-9375-3900e91065f4: start LeaderElection
2019-10-02 17:59:08,072 [b497eacb-55a3-4ffa-9375-3900e91065f4@group-04493B402C37-LeaderElection43] INFO  impl.LeaderElection (LeaderElection.java:askForVotes(178)) - b497eacb-55a3-4ffa-9375-3900e91065f4@group-04493B402C37-LeaderElection43: begin an election at term 3 for 0: [91a1b220-aea4-4dd3-92cb-bba23af74008:192.168.151.72:35241, 3933d80c-e8ff-4f72-bba7-02820fb600e2:192.168.151.72:43322, b497eacb-55a3-4ffa-9375-3900e91065f4:192.168.151.72:45210], old=null
2019-10-02 17:59:08,074 [b497eacb-55a3-4ffa-9375-3900e91065f4@group-04493B402C37-LeaderElection43] INFO  impl.LeaderElection (LogUtils.java:infoOrTrace(149)) - b497eacb-55a3-4ffa-9375-3900e91065f4@group-04493B402C37-LeaderElection43 got exception when requesting votes: {}
java.util.concurrent.ExecutionException: org.apache.ratis.thirdparty.io.grpc.StatusRuntimeException: UNAVAILABLE: io exception
	at java.util.concurrent.FutureTask.report(FutureTask.java:122)
	at java.util.concurrent.FutureTask.get(FutureTask.java:192)
	at org.apache.ratis.server.impl.LeaderElection.waitForResults(LeaderElection.java:259)
	at org.apache.ratis.server.impl.LeaderElection.askForVotes(LeaderElection.java:197)
	at org.apache.ratis.server.impl.LeaderElection.run(LeaderElection.java:133)
	at java.lang.Thread.run(Thread.java:748)
Caused by: org.apache.ratis.thirdparty.io.grpc.StatusRuntimeException: UNAVAILABLE: io exception
	at org.apache.ratis.thirdparty.io.grpc.stub.ClientCalls.toStatusRuntimeException(ClientCalls.java:233)
	at org.apache.ratis.thirdparty.io.grpc.stub.ClientCalls.getUnchecked(ClientCalls.java:214)
	at org.apache.ratis.thirdparty.io.grpc.stub.ClientCalls.blockingUnaryCall(ClientCalls.java:139)
	at org.apache.ratis.proto.grpc.RaftServerProtocolServiceGrpc$RaftServerProtocolServiceBlockingStub.requestVote(RaftServerProtocolServiceGrpc.java:265)
	at org.apache.ratis.grpc.server.GrpcServerProtocolClient.requestVote(GrpcServerProtocolClient.java:99)
	at org.apache.ratis.grpc.server.GrpcService.requestVote(GrpcService.java:204)
	at org.apache.ratis.server.impl.LeaderElection.lambda$submitRequests$1(LeaderElection.java:234)
	at java.util.concurrent.FutureTask.run(FutureTask.java:266)
	at java.util.concurrent.Executors$RunnableAdapter.call(Executors.java:511)
	at java.util.concurrent.FutureTask.run(FutureTask.java:266)
	at java.util.concurrent.ThreadPoolExecutor.runWorker(ThreadPoolExecutor.java:1149)
	at java.util.concurrent.ThreadPoolExecutor$Worker.run(ThreadPoolExecutor.java:624)
	... 1 more
Caused by: org.apache.ratis.thirdparty.io.netty.channel.AbstractChannel$AnnotatedConnectException: Connection refused: /192.168.151.72:35241
	at sun.nio.ch.SocketChannelImpl.checkConnect(Native Method)
	at sun.nio.ch.SocketChannelImpl.finishConnect(SocketChannelImpl.java:717)
	at org.apache.ratis.thirdparty.io.netty.channel.socket.nio.NioSocketChannel.doFinishConnect(NioSocketChannel.java:327)
	at org.apache.ratis.thirdparty.io.netty.channel.nio.AbstractNioChannel$AbstractNioUnsafe.finishConnect(AbstractNioChannel.java:340)
	at org.apache.ratis.thirdparty.io.netty.channel.nio.NioEventLoop.processSelectedKey(NioEventLoop.java:632)
	at org.apache.ratis.thirdparty.io.netty.channel.nio.NioEventLoop.processSelectedKeysOptimized(NioEventLoop.java:579)
	at org.apache.ratis.thirdparty.io.netty.channel.nio.NioEventLoop.processSelectedKeys(NioEventLoop.java:496)
	at org.apache.ratis.thirdparty.io.netty.channel.nio.NioEventLoop.run(NioEventLoop.java:458)
	at org.apache.ratis.thirdparty.io.netty.util.concurrent.SingleThreadEventExecutor$5.run(SingleThreadEventExecutor.java:897)
	at org.apache.ratis.thirdparty.io.netty.util.concurrent.FastThreadLocalRunnable.run(FastThreadLocalRunnable.java:30)
	... 1 more
Caused by: java.net.ConnectException: Connection refused
	... 11 more
2019-10-02 17:59:08,077 [b497eacb-55a3-4ffa-9375-3900e91065f4@group-04493B402C37-LeaderElection43] INFO  impl.LeaderElection (LogUtils.java:infoOrTrace(149)) - b497eacb-55a3-4ffa-9375-3900e91065f4@group-04493B402C37-LeaderElection43 got exception when requesting votes: {}
java.util.concurrent.ExecutionException: org.apache.ratis.thirdparty.io.grpc.StatusRuntimeException: UNAVAILABLE: io exception
	at java.util.concurrent.FutureTask.report(FutureTask.java:122)
	at java.util.concurrent.FutureTask.get(FutureTask.java:192)
	at org.apache.ratis.server.impl.LeaderElection.waitForResults(LeaderElection.java:259)
	at org.apache.ratis.server.impl.LeaderElection.askForVotes(LeaderElection.java:197)
	at org.apache.ratis.server.impl.LeaderElection.run(LeaderElection.java:133)
	at java.lang.Thread.run(Thread.java:748)
Caused by: org.apache.ratis.thirdparty.io.grpc.StatusRuntimeException: UNAVAILABLE: io exception
	at org.apache.ratis.thirdparty.io.grpc.stub.ClientCalls.toStatusRuntimeException(ClientCalls.java:233)
	at org.apache.ratis.thirdparty.io.grpc.stub.ClientCalls.getUnchecked(ClientCalls.java:214)
	at org.apache.ratis.thirdparty.io.grpc.stub.ClientCalls.blockingUnaryCall(ClientCalls.java:139)
	at org.apache.ratis.proto.grpc.RaftServerProtocolServiceGrpc$RaftServerProtocolServiceBlockingStub.requestVote(RaftServerProtocolServiceGrpc.java:265)
	at org.apache.ratis.grpc.server.GrpcServerProtocolClient.requestVote(GrpcServerProtocolClient.java:99)
	at org.apache.ratis.grpc.server.GrpcService.requestVote(GrpcService.java:204)
	at org.apache.ratis.server.impl.LeaderElection.lambda$submitRequests$1(LeaderElection.java:234)
	at java.util.concurrent.FutureTask.run(FutureTask.java:266)
	at java.util.concurrent.Executors$RunnableAdapter.call(Executors.java:511)
	at java.util.concurrent.FutureTask.run(FutureTask.java:266)
	at java.util.concurrent.ThreadPoolExecutor.runWorker(ThreadPoolExecutor.java:1149)
	at java.util.concurrent.ThreadPoolExecutor$Worker.run(ThreadPoolExecutor.java:624)
	... 1 more
Caused by: org.apache.ratis.thirdparty.io.netty.channel.AbstractChannel$AnnotatedConnectException: Connection refused: /192.168.151.72:43322
	at sun.nio.ch.SocketChannelImpl.checkConnect(Native Method)
	at sun.nio.ch.SocketChannelImpl.finishConnect(SocketChannelImpl.java:717)
	at org.apache.ratis.thirdparty.io.netty.channel.socket.nio.NioSocketChannel.doFinishConnect(NioSocketChannel.java:327)
	at org.apache.ratis.thirdparty.io.netty.channel.nio.AbstractNioChannel$AbstractNioUnsafe.finishConnect(AbstractNioChannel.java:340)
	at org.apache.ratis.thirdparty.io.netty.channel.nio.NioEventLoop.processSelectedKey(NioEventLoop.java:632)
	at org.apache.ratis.thirdparty.io.netty.channel.nio.NioEventLoop.processSelectedKeysOptimized(NioEventLoop.java:579)
	at org.apache.ratis.thirdparty.io.netty.channel.nio.NioEventLoop.processSelectedKeys(NioEventLoop.java:496)
	at org.apache.ratis.thirdparty.io.netty.channel.nio.NioEventLoop.run(NioEventLoop.java:458)
	at org.apache.ratis.thirdparty.io.netty.util.concurrent.SingleThreadEventExecutor$5.run(SingleThreadEventExecutor.java:897)
	at org.apache.ratis.thirdparty.io.netty.util.concurrent.FastThreadLocalRunnable.run(FastThreadLocalRunnable.java:30)
	... 1 more
Caused by: java.net.ConnectException: Connection refused
	... 11 more
2019-10-02 17:59:08,080 [b497eacb-55a3-4ffa-9375-3900e91065f4@group-04493B402C37-LeaderElection43] INFO  impl.LeaderElection (LeaderElection.java:logAndReturn(56)) - b497eacb-55a3-4ffa-9375-3900e91065f4@group-04493B402C37-LeaderElection43: Election REJECTED; received 0 response(s) [] and 2 exception(s); b497eacb-55a3-4ffa-9375-3900e91065f4@group-04493B402C37:t3, leader=null, voted=b497eacb-55a3-4ffa-9375-3900e91065f4, raftlog=b497eacb-55a3-4ffa-9375-3900e91065f4@group-04493B402C37-SegmentedRaftLog:OPENED:c0,f0,i0, conf=0: [91a1b220-aea4-4dd3-92cb-bba23af74008:192.168.151.72:35241, 3933d80c-e8ff-4f72-bba7-02820fb600e2:192.168.151.72:43322, b497eacb-55a3-4ffa-9375-3900e91065f4:192.168.151.72:45210], old=null
2019-10-02 17:59:08,080 [b497eacb-55a3-4ffa-9375-3900e91065f4@group-04493B402C37-LeaderElection43] INFO  impl.LeaderElection (LogUtils.java:infoOrTrace(149)) -   Exception 0: {}
java.util.concurrent.ExecutionException: org.apache.ratis.thirdparty.io.grpc.StatusRuntimeException: UNAVAILABLE: io exception
	at java.util.concurrent.FutureTask.report(FutureTask.java:122)
	at java.util.concurrent.FutureTask.get(FutureTask.java:192)
	at org.apache.ratis.server.impl.LeaderElection.waitForResults(LeaderElection.java:259)
	at org.apache.ratis.server.impl.LeaderElection.askForVotes(LeaderElection.java:197)
	at org.apache.ratis.server.impl.LeaderElection.run(LeaderElection.java:133)
	at java.lang.Thread.run(Thread.java:748)
Caused by: org.apache.ratis.thirdparty.io.grpc.StatusRuntimeException: UNAVAILABLE: io exception
	at org.apache.ratis.thirdparty.io.grpc.stub.ClientCalls.toStatusRuntimeException(ClientCalls.java:233)
	at org.apache.ratis.thirdparty.io.grpc.stub.ClientCalls.getUnchecked(ClientCalls.java:214)
	at org.apache.ratis.thirdparty.io.grpc.stub.ClientCalls.blockingUnaryCall(ClientCalls.java:139)
	at org.apache.ratis.proto.grpc.RaftServerProtocolServiceGrpc$RaftServerProtocolServiceBlockingStub.requestVote(RaftServerProtocolServiceGrpc.java:265)
	at org.apache.ratis.grpc.server.GrpcServerProtocolClient.requestVote(GrpcServerProtocolClient.java:99)
	at org.apache.ratis.grpc.server.GrpcService.requestVote(GrpcService.java:204)
	at org.apache.ratis.server.impl.LeaderElection.lambda$submitRequests$1(LeaderElection.java:234)
	at java.util.concurrent.FutureTask.run(FutureTask.java:266)
	at java.util.concurrent.Executors$RunnableAdapter.call(Executors.java:511)
	at java.util.concurrent.FutureTask.run(FutureTask.java:266)
	at java.util.concurrent.ThreadPoolExecutor.runWorker(ThreadPoolExecutor.java:1149)
	at java.util.concurrent.ThreadPoolExecutor$Worker.run(ThreadPoolExecutor.java:624)
	... 1 more
Caused by: org.apache.ratis.thirdparty.io.netty.channel.AbstractChannel$AnnotatedConnectException: Connection refused: /192.168.151.72:35241
	at sun.nio.ch.SocketChannelImpl.checkConnect(Native Method)
	at sun.nio.ch.SocketChannelImpl.finishConnect(SocketChannelImpl.java:717)
	at org.apache.ratis.thirdparty.io.netty.channel.socket.nio.NioSocketChannel.doFinishConnect(NioSocketChannel.java:327)
	at org.apache.ratis.thirdparty.io.netty.channel.nio.AbstractNioChannel$AbstractNioUnsafe.finishConnect(AbstractNioChannel.java:340)
	at org.apache.ratis.thirdparty.io.netty.channel.nio.NioEventLoop.processSelectedKey(NioEventLoop.java:632)
	at org.apache.ratis.thirdparty.io.netty.channel.nio.NioEventLoop.processSelectedKeysOptimized(NioEventLoop.java:579)
	at org.apache.ratis.thirdparty.io.netty.channel.nio.NioEventLoop.processSelectedKeys(NioEventLoop.java:496)
	at org.apache.ratis.thirdparty.io.netty.channel.nio.NioEventLoop.run(NioEventLoop.java:458)
	at org.apache.ratis.thirdparty.io.netty.util.concurrent.SingleThreadEventExecutor$5.run(SingleThreadEventExecutor.java:897)
	at org.apache.ratis.thirdparty.io.netty.util.concurrent.FastThreadLocalRunnable.run(FastThreadLocalRunnable.java:30)
	... 1 more
Caused by: java.net.ConnectException: Connection refused
	... 11 more
2019-10-02 17:59:08,080 [b497eacb-55a3-4ffa-9375-3900e91065f4@group-04493B402C37-LeaderElection43] INFO  impl.LeaderElection (LogUtils.java:infoOrTrace(149)) -   Exception 1: {}
java.util.concurrent.ExecutionException: org.apache.ratis.thirdparty.io.grpc.StatusRuntimeException: UNAVAILABLE: io exception
	at java.util.concurrent.FutureTask.report(FutureTask.java:122)
	at java.util.concurrent.FutureTask.get(FutureTask.java:192)
	at org.apache.ratis.server.impl.LeaderElection.waitForResults(LeaderElection.java:259)
	at org.apache.ratis.server.impl.LeaderElection.askForVotes(LeaderElection.java:197)
	at org.apache.ratis.server.impl.LeaderElection.run(LeaderElection.java:133)
	at java.lang.Thread.run(Thread.java:748)
Caused by: org.apache.ratis.thirdparty.io.grpc.StatusRuntimeException: UNAVAILABLE: io exception
	at org.apache.ratis.thirdparty.io.grpc.stub.ClientCalls.toStatusRuntimeException(ClientCalls.java:233)
	at org.apache.ratis.thirdparty.io.grpc.stub.ClientCalls.getUnchecked(ClientCalls.java:214)
	at org.apache.ratis.thirdparty.io.grpc.stub.ClientCalls.blockingUnaryCall(ClientCalls.java:139)
	at org.apache.ratis.proto.grpc.RaftServerProtocolServiceGrpc$RaftServerProtocolServiceBlockingStub.requestVote(RaftServerProtocolServiceGrpc.java:265)
	at org.apache.ratis.grpc.server.GrpcServerProtocolClient.requestVote(GrpcServerProtocolClient.java:99)
	at org.apache.ratis.grpc.server.GrpcService.requestVote(GrpcService.java:204)
	at org.apache.ratis.server.impl.LeaderElection.lambda$submitRequests$1(LeaderElection.java:234)
	at java.util.concurrent.FutureTask.run(FutureTask.java:266)
	at java.util.concurrent.Executors$RunnableAdapter.call(Executors.java:511)
	at java.util.concurrent.FutureTask.run(FutureTask.java:266)
	at java.util.concurrent.ThreadPoolExecutor.runWorker(ThreadPoolExecutor.java:1149)
	at java.util.concurrent.ThreadPoolExecutor$Worker.run(ThreadPoolExecutor.java:624)
	... 1 more
Caused by: org.apache.ratis.thirdparty.io.netty.channel.AbstractChannel$AnnotatedConnectException: Connection refused: /192.168.151.72:43322
	at sun.nio.ch.SocketChannelImpl.checkConnect(Native Method)
	at sun.nio.ch.SocketChannelImpl.finishConnect(SocketChannelImpl.java:717)
	at org.apache.ratis.thirdparty.io.netty.channel.socket.nio.NioSocketChannel.doFinishConnect(NioSocketChannel.java:327)
	at org.apache.ratis.thirdparty.io.netty.channel.nio.AbstractNioChannel$AbstractNioUnsafe.finishConnect(AbstractNioChannel.java:340)
	at org.apache.ratis.thirdparty.io.netty.channel.nio.NioEventLoop.processSelectedKey(NioEventLoop.java:632)
	at org.apache.ratis.thirdparty.io.netty.channel.nio.NioEventLoop.processSelectedKeysOptimized(NioEventLoop.java:579)
	at org.apache.ratis.thirdparty.io.netty.channel.nio.NioEventLoop.processSelectedKeys(NioEventLoop.java:496)
	at org.apache.ratis.thirdparty.io.netty.channel.nio.NioEventLoop.run(NioEventLoop.java:458)
	at org.apache.ratis.thirdparty.io.netty.util.concurrent.SingleThreadEventExecutor$5.run(SingleThreadEventExecutor.java:897)
	at org.apache.ratis.thirdparty.io.netty.util.concurrent.FastThreadLocalRunnable.run(FastThreadLocalRunnable.java:30)
	... 1 more
Caused by: java.net.ConnectException: Connection refused
	... 11 more
2019-10-02 17:59:08,081 [b497eacb-55a3-4ffa-9375-3900e91065f4@group-04493B402C37-LeaderElection43] INFO  impl.RaftServerImpl (RaftServerImpl.java:setRole(170)) - b497eacb-55a3-4ffa-9375-3900e91065f4@group-04493B402C37: changes role from CANDIDATE to FOLLOWER at term 3 for DISCOVERED_A_NEW_TERM
2019-10-02 17:59:08,081 [b497eacb-55a3-4ffa-9375-3900e91065f4@group-04493B402C37-LeaderElection43] INFO  impl.RoleInfo (RoleInfo.java:shutdownLeaderElection(134)) - b497eacb-55a3-4ffa-9375-3900e91065f4: shutdown LeaderElection
2019-10-02 17:59:08,081 [b497eacb-55a3-4ffa-9375-3900e91065f4@group-04493B402C37-LeaderElection43] INFO  impl.RoleInfo (RoleInfo.java:updateAndGet(143)) - b497eacb-55a3-4ffa-9375-3900e91065f4: start FollowerState
2019-10-02 17:59:08,233 [ForkJoinPool.commonPool-worker-1] INFO  ozoneimpl.OzoneContainer (OzoneContainer.java:stop(231)) - Attempting to stop container services.
2019-10-02 17:59:08,235 [main] INFO  ozoneimpl.OzoneContainer (OzoneContainer.java:stop(231)) - Attempting to stop container services.
2019-10-02 17:59:08,236 [ForkJoinPool.commonPool-worker-1] INFO  impl.RaftServerProxy (RaftServerProxy.java:lambda$close$4(314)) - b497eacb-55a3-4ffa-9375-3900e91065f4: close
2019-10-02 17:59:08,237 [main] INFO  impl.RaftServerProxy (RaftServerProxy.java:lambda$close$4(314)) - ae729cbd-7ce4-47be-ae44-f885f4c1fbd3: close
2019-10-02 17:59:08,237 [ForkJoinPool.commonPool-worker-1] INFO  impl.RaftServerImpl (RaftServerImpl.java:lambda$shutdown$3(247)) - b497eacb-55a3-4ffa-9375-3900e91065f4@group-3A3CEB3F2B06: shutdown
2019-10-02 17:59:08,237 [main] INFO  impl.RaftServerImpl (RaftServerImpl.java:lambda$shutdown$3(247)) - ae729cbd-7ce4-47be-ae44-f885f4c1fbd3@group-A8496D62A23A: shutdown
2019-10-02 17:59:08,237 [ForkJoinPool.commonPool-worker-1] INFO  util.JmxRegister (JmxRegister.java:unregister(73)) - Successfully un-registered JMX Bean with object name Ratis:service=RaftServer,group=group-3A3CEB3F2B06,id=b497eacb-55a3-4ffa-9375-3900e91065f4
2019-10-02 17:59:08,238 [main] INFO  util.JmxRegister (JmxRegister.java:unregister(73)) - Successfully un-registered JMX Bean with object name Ratis:service=RaftServer,group=group-A8496D62A23A,id=ae729cbd-7ce4-47be-ae44-f885f4c1fbd3
2019-10-02 17:59:08,238 [ForkJoinPool.commonPool-worker-1] INFO  impl.RoleInfo (RoleInfo.java:shutdownLeaderState(104)) - b497eacb-55a3-4ffa-9375-3900e91065f4: shutdown LeaderState
2019-10-02 17:59:08,238 [main] INFO  impl.RoleInfo (RoleInfo.java:shutdownLeaderState(104)) - ae729cbd-7ce4-47be-ae44-f885f4c1fbd3: shutdown LeaderState
2019-10-02 17:59:08,239 [ForkJoinPool.commonPool-worker-1] INFO  impl.PendingRequests (PendingRequests.java:sendNotLeaderResponses(202)) - b497eacb-55a3-4ffa-9375-3900e91065f4@group-3A3CEB3F2B06-PendingRequests: sendNotLeaderResponses
2019-10-02 17:59:08,239 [main] INFO  impl.PendingRequests (PendingRequests.java:sendNotLeaderResponses(202)) - ae729cbd-7ce4-47be-ae44-f885f4c1fbd3@group-A8496D62A23A-PendingRequests: sendNotLeaderResponses
2019-10-02 17:59:08,239 [ForkJoinPool.commonPool-worker-1] INFO  impl.StateMachineUpdater (StateMachineUpdater.java:stopAndJoin(136)) - b497eacb-55a3-4ffa-9375-3900e91065f4@group-3A3CEB3F2B06-StateMachineUpdater: set stopIndex = 0
2019-10-02 17:59:08,240 [main] INFO  impl.StateMachineUpdater (StateMachineUpdater.java:stopAndJoin(136)) - ae729cbd-7ce4-47be-ae44-f885f4c1fbd3@group-A8496D62A23A-StateMachineUpdater: set stopIndex = 0
2019-10-02 17:59:08,240 [main] INFO  impl.RaftServerImpl (ServerState.java:close(387)) - ae729cbd-7ce4-47be-ae44-f885f4c1fbd3@group-A8496D62A23A: closes. applyIndex: 0
2019-10-02 17:59:08,241 [ForkJoinPool.commonPool-worker-1] INFO  impl.RaftServerImpl (ServerState.java:close(387)) - b497eacb-55a3-4ffa-9375-3900e91065f4@group-3A3CEB3F2B06: closes. applyIndex: 0
2019-10-02 17:59:08,241 [ae729cbd-7ce4-47be-ae44-f885f4c1fbd3@group-A8496D62A23A-SegmentedRaftLogWorker] INFO  segmented.SegmentedRaftLogWorker (SegmentedRaftLogWorker.java:run(316)) - ae729cbd-7ce4-47be-ae44-f885f4c1fbd3@group-A8496D62A23A-SegmentedRaftLogWorker was interrupted, exiting. There are 0 tasks remaining in the queue.
2019-10-02 17:59:08,241 [b497eacb-55a3-4ffa-9375-3900e91065f4@group-3A3CEB3F2B06-SegmentedRaftLogWorker] INFO  segmented.SegmentedRaftLogWorker (SegmentedRaftLogWorker.java:run(316)) - b497eacb-55a3-4ffa-9375-3900e91065f4@group-3A3CEB3F2B06-SegmentedRaftLogWorker was interrupted, exiting. There are 0 tasks remaining in the queue.
2019-10-02 17:59:08,242 [main] INFO  segmented.SegmentedRaftLogWorker (SegmentedRaftLogWorker.java:close(224)) - ae729cbd-7ce4-47be-ae44-f885f4c1fbd3@group-A8496D62A23A-SegmentedRaftLogWorker close()
2019-10-02 17:59:08,242 [ForkJoinPool.commonPool-worker-1] INFO  segmented.SegmentedRaftLogWorker (SegmentedRaftLogWorker.java:close(224)) - b497eacb-55a3-4ffa-9375-3900e91065f4@group-3A3CEB3F2B06-SegmentedRaftLogWorker close()
2019-10-02 17:59:08,242 [main] INFO  impl.RaftServerImpl (RaftServerImpl.java:lambda$shutdown$3(247)) - ae729cbd-7ce4-47be-ae44-f885f4c1fbd3@group-A80C3AC8BF93: shutdown
2019-10-02 17:59:08,242 [ForkJoinPool.commonPool-worker-1] INFO  impl.RaftServerImpl (RaftServerImpl.java:lambda$shutdown$3(247)) - b497eacb-55a3-4ffa-9375-3900e91065f4@group-04493B402C37: shutdown
2019-10-02 17:59:08,243 [main] INFO  util.JmxRegister (JmxRegister.java:unregister(73)) - Successfully un-registered JMX Bean with object name Ratis:service=RaftServer,group=group-A80C3AC8BF93,id=ae729cbd-7ce4-47be-ae44-f885f4c1fbd3
2019-10-02 17:59:08,243 [ForkJoinPool.commonPool-worker-1] INFO  util.JmxRegister (JmxRegister.java:unregister(73)) - Successfully un-registered JMX Bean with object name Ratis:service=RaftServer,group=group-04493B402C37,id=b497eacb-55a3-4ffa-9375-3900e91065f4
2019-10-02 17:59:08,243 [main] INFO  impl.RoleInfo (RoleInfo.java:shutdownFollowerState(121)) - ae729cbd-7ce4-47be-ae44-f885f4c1fbd3: shutdown FollowerState
2019-10-02 17:59:08,244 [ForkJoinPool.commonPool-worker-1] INFO  impl.RoleInfo (RoleInfo.java:shutdownFollowerState(121)) - b497eacb-55a3-4ffa-9375-3900e91065f4: shutdown FollowerState
2019-10-02 17:59:08,244 [Thread-2255] INFO  impl.FollowerState (FollowerState.java:run(117)) - ae729cbd-7ce4-47be-ae44-f885f4c1fbd3@group-A80C3AC8BF93-FollowerState was interrupted: java.lang.InterruptedException: sleep interrupted
2019-10-02 17:59:08,244 [main] INFO  impl.StateMachineUpdater (StateMachineUpdater.java:stopAndJoin(136)) - ae729cbd-7ce4-47be-ae44-f885f4c1fbd3@group-A80C3AC8BF93-StateMachineUpdater: set stopIndex = 0
2019-10-02 17:59:08,245 [main] INFO  impl.RaftServerImpl (ServerState.java:close(387)) - ae729cbd-7ce4-47be-ae44-f885f4c1fbd3@group-A80C3AC8BF93: closes. applyIndex: 0
2019-10-02 17:59:08,244 [Thread-2492] INFO  impl.FollowerState (FollowerState.java:run(117)) - b497eacb-55a3-4ffa-9375-3900e91065f4@group-04493B402C37-FollowerState was interrupted: java.lang.InterruptedException: sleep interrupted
2019-10-02 17:59:08,245 [ae729cbd-7ce4-47be-ae44-f885f4c1fbd3@group-A80C3AC8BF93-SegmentedRaftLogWorker] INFO  segmented.SegmentedRaftLogWorker (SegmentedRaftLogWorker.java:run(316)) - ae729cbd-7ce4-47be-ae44-f885f4c1fbd3@group-A80C3AC8BF93-SegmentedRaftLogWorker was interrupted, exiting. There are 0 tasks remaining in the queue.
2019-10-02 17:59:08,244 [ForkJoinPool.commonPool-worker-1] INFO  impl.StateMachineUpdater (StateMachineUpdater.java:stopAndJoin(136)) - b497eacb-55a3-4ffa-9375-3900e91065f4@group-04493B402C37-StateMachineUpdater: set stopIndex = 0
2019-10-02 17:59:08,247 [main] INFO  segmented.SegmentedRaftLogWorker (SegmentedRaftLogWorker.java:close(224)) - ae729cbd-7ce4-47be-ae44-f885f4c1fbd3@group-A80C3AC8BF93-SegmentedRaftLogWorker close()
2019-10-02 17:59:08,247 [ForkJoinPool.commonPool-worker-1] INFO  impl.RaftServerImpl (ServerState.java:close(387)) - b497eacb-55a3-4ffa-9375-3900e91065f4@group-04493B402C37: closes. applyIndex: 0
2019-10-02 17:59:08,248 [main] INFO  server.GrpcService (GrpcService.java:closeImpl(164)) - ae729cbd-7ce4-47be-ae44-f885f4c1fbd3: shutdown server with port 36044 now
2019-10-02 17:59:08,248 [b497eacb-55a3-4ffa-9375-3900e91065f4@group-04493B402C37-SegmentedRaftLogWorker] INFO  segmented.SegmentedRaftLogWorker (SegmentedRaftLogWorker.java:run(316)) - b497eacb-55a3-4ffa-9375-3900e91065f4@group-04493B402C37-SegmentedRaftLogWorker was interrupted, exiting. There are 0 tasks remaining in the queue.
2019-10-02 17:59:08,249 [ForkJoinPool.commonPool-worker-1] INFO  segmented.SegmentedRaftLogWorker (SegmentedRaftLogWorker.java:close(224)) - b497eacb-55a3-4ffa-9375-3900e91065f4@group-04493B402C37-SegmentedRaftLogWorker close()
2019-10-02 17:59:08,249 [ForkJoinPool.commonPool-worker-1] INFO  server.GrpcService (GrpcService.java:closeImpl(164)) - b497eacb-55a3-4ffa-9375-3900e91065f4: shutdown server with port 45210 now
2019-10-02 17:59:08,249 [main] INFO  server.GrpcService (GrpcService.java:closeImpl(172)) - ae729cbd-7ce4-47be-ae44-f885f4c1fbd3: shutdown server with port 36044 successfully
2019-10-02 17:59:08,253 [ForkJoinPool.commonPool-worker-1] INFO  server.GrpcService (GrpcService.java:closeImpl(172)) - b497eacb-55a3-4ffa-9375-3900e91065f4: shutdown server with port 45210 successfully
2019-10-02 17:59:08,255 [refreshUsed-/workdir/hadoop-ozone/integration-test/target/test-dir/MiniOzoneClusterImpl-65f8f4fe-1764-4468-9f48-37bf81c95b0d/datanode-0/data/containers] WARN  fs.CachingGetSpaceUsed (CachingGetSpaceUsed.java:run(183)) - Thread Interrupted waiting to refresh disk information: sleep interrupted
2019-10-02 17:59:08,256 [refreshUsed-/workdir/hadoop-ozone/integration-test/target/test-dir/MiniOzoneClusterImpl-65f8f4fe-1764-4468-9f48-37bf81c95b0d/datanode-6/data/containers] WARN  fs.CachingGetSpaceUsed (CachingGetSpaceUsed.java:run(183)) - Thread Interrupted waiting to refresh disk information: sleep interrupted
2019-10-02 17:59:08,276 [main] INFO  utils.BackgroundService (BackgroundService.java:shutdown(148)) - Shutting down service BlockDeletingService
2019-10-02 17:59:08,281 [main] INFO  statemachine.DatanodeStateMachine (DatanodeStateMachine.java:stopDaemon(395)) - Ozone container server stopped.
2019-10-02 17:59:08,281 [ForkJoinPool.commonPool-worker-1] INFO  utils.BackgroundService (BackgroundService.java:shutdown(148)) - Shutting down service BlockDeletingService
2019-10-02 17:59:08,285 [ForkJoinPool.commonPool-worker-1] INFO  statemachine.DatanodeStateMachine (DatanodeStateMachine.java:stopDaemon(395)) - Ozone container server stopped.
2019-10-02 17:59:08,287 [main] INFO  handler.ContextHandler (ContextHandler.java:doStop(910)) - Stopped o.e.j.w.WebAppContext@35b17c06{/,null,UNAVAILABLE}{/hddsDatanode}
2019-10-02 17:59:08,288 [ForkJoinPool.commonPool-worker-1] INFO  handler.ContextHandler (ContextHandler.java:doStop(910)) - Stopped o.e.j.w.WebAppContext@670f2466{/,null,UNAVAILABLE}{/hddsDatanode}
2019-10-02 17:59:08,289 [ForkJoinPool.commonPool-worker-1] INFO  server.AbstractConnector (AbstractConnector.java:doStop(318)) - Stopped ServerConnector@6e03db1f{HTTP/1.1,[http/1.1]}{0.0.0.0:0}
2019-10-02 17:59:08,289 [main] INFO  server.AbstractConnector (AbstractConnector.java:doStop(318)) - Stopped ServerConnector@45545e7a{HTTP/1.1,[http/1.1]}{0.0.0.0:0}
2019-10-02 17:59:08,295 [ForkJoinPool.commonPool-worker-1] INFO  handler.ContextHandler (ContextHandler.java:doStop(910)) - Stopped o.e.j.s.ServletContextHandler@76ececd{/static,jar:file:/home/user/.m2/repository/org/apache/hadoop/hadoop-hdds-container-service/0.5.0-SNAPSHOT/hadoop-hdds-container-service-0.5.0-SNAPSHOT.jar!/webapps/static,UNAVAILABLE}
2019-10-02 17:59:08,295 [main] INFO  handler.ContextHandler (ContextHandler.java:doStop(910)) - Stopped o.e.j.s.ServletContextHandler@343e225a{/static,jar:file:/home/user/.m2/repository/org/apache/hadoop/hadoop-hdds-container-service/0.5.0-SNAPSHOT/hadoop-hdds-container-service-0.5.0-SNAPSHOT.jar!/webapps/static,UNAVAILABLE}
2019-10-02 17:59:08,296 [ForkJoinPool.commonPool-worker-1] INFO  handler.ContextHandler (ContextHandler.java:doStop(910)) - Stopped o.e.j.s.ServletContextHandler@21a9a705{/logs,file:///workdir/hadoop-ozone/integration-test/target/log,UNAVAILABLE}
2019-10-02 17:59:08,296 [main] INFO  handler.ContextHandler (ContextHandler.java:doStop(910)) - Stopped o.e.j.s.ServletContextHandler@4fb04a72{/logs,file:///workdir/hadoop-ozone/integration-test/target/log,UNAVAILABLE}
2019-10-02 17:59:08,977 [Datanode State Machine Thread - 0] INFO  statemachine.DatanodeStateMachine (DatanodeStateMachine.java:lambda$startDaemon$0(350)) - Ozone container server started.
2019-10-02 17:59:13,299 [ForkJoinPool.commonPool-worker-1] INFO  ozoneimpl.OzoneContainer (OzoneContainer.java:stop(231)) - Attempting to stop container services.
2019-10-02 17:59:13,300 [ForkJoinPool.commonPool-worker-1] INFO  impl.RaftServerProxy (RaftServerProxy.java:lambda$close$4(314)) - 42f78218-58d8-457c-9fe0-c600e3909325: close
2019-10-02 17:59:13,301 [ForkJoinPool.commonPool-worker-1] INFO  impl.RaftServerImpl (RaftServerImpl.java:lambda$shutdown$3(247)) - 42f78218-58d8-457c-9fe0-c600e3909325@group-E8C7A57AC02A: shutdown
2019-10-02 17:59:13,302 [ForkJoinPool.commonPool-worker-1] INFO  util.JmxRegister (JmxRegister.java:unregister(73)) - Successfully un-registered JMX Bean with object name Ratis:service=RaftServer,group=group-E8C7A57AC02A,id=42f78218-58d8-457c-9fe0-c600e3909325
2019-10-02 17:59:13,302 [ForkJoinPool.commonPool-worker-1] INFO  impl.RoleInfo (RoleInfo.java:shutdownLeaderState(104)) - 42f78218-58d8-457c-9fe0-c600e3909325: shutdown LeaderState
2019-10-02 17:59:13,302 [ForkJoinPool.commonPool-worker-1] INFO  impl.PendingRequests (PendingRequests.java:sendNotLeaderResponses(202)) - 42f78218-58d8-457c-9fe0-c600e3909325@group-E8C7A57AC02A-PendingRequests: sendNotLeaderResponses
2019-10-02 17:59:13,303 [ForkJoinPool.commonPool-worker-1] INFO  impl.StateMachineUpdater (StateMachineUpdater.java:stopAndJoin(136)) - 42f78218-58d8-457c-9fe0-c600e3909325@group-E8C7A57AC02A-StateMachineUpdater: set stopIndex = 0
2019-10-02 17:59:13,304 [ForkJoinPool.commonPool-worker-1] INFO  impl.RaftServerImpl (ServerState.java:close(387)) - 42f78218-58d8-457c-9fe0-c600e3909325@group-E8C7A57AC02A: closes. applyIndex: 0
2019-10-02 17:59:13,305 [42f78218-58d8-457c-9fe0-c600e3909325@group-E8C7A57AC02A-SegmentedRaftLogWorker] INFO  segmented.SegmentedRaftLogWorker (SegmentedRaftLogWorker.java:run(316)) - 42f78218-58d8-457c-9fe0-c600e3909325@group-E8C7A57AC02A-SegmentedRaftLogWorker was interrupted, exiting. There are 0 tasks remaining in the queue.
2019-10-02 17:59:13,305 [ForkJoinPool.commonPool-worker-1] INFO  segmented.SegmentedRaftLogWorker (SegmentedRaftLogWorker.java:close(224)) - 42f78218-58d8-457c-9fe0-c600e3909325@group-E8C7A57AC02A-SegmentedRaftLogWorker close()
2019-10-02 17:59:13,306 [ForkJoinPool.commonPool-worker-1] INFO  server.GrpcService (GrpcService.java:closeImpl(164)) - 42f78218-58d8-457c-9fe0-c600e3909325: shutdown server with port 42207 now
2019-10-02 17:59:13,309 [ForkJoinPool.commonPool-worker-1] INFO  server.GrpcService (GrpcService.java:closeImpl(172)) - 42f78218-58d8-457c-9fe0-c600e3909325: shutdown server with port 42207 successfully
2019-10-02 17:59:13,314 [refreshUsed-/workdir/hadoop-ozone/integration-test/target/test-dir/MiniOzoneClusterImpl-65f8f4fe-1764-4468-9f48-37bf81c95b0d/datanode-5/data/containers] WARN  fs.CachingGetSpaceUsed (CachingGetSpaceUsed.java:run(183)) - Thread Interrupted waiting to refresh disk information: sleep interrupted
2019-10-02 17:59:13,337 [ForkJoinPool.commonPool-worker-1] INFO  utils.BackgroundService (BackgroundService.java:shutdown(148)) - Shutting down service BlockDeletingService
2019-10-02 17:59:13,341 [ForkJoinPool.commonPool-worker-1] INFO  statemachine.DatanodeStateMachine (DatanodeStateMachine.java:stopDaemon(395)) - Ozone container server stopped.
2019-10-02 17:59:13,346 [ForkJoinPool.commonPool-worker-1] INFO  handler.ContextHandler (ContextHandler.java:doStop(910)) - Stopped o.e.j.w.WebAppContext@76f881d9{/,null,UNAVAILABLE}{/hddsDatanode}
2019-10-02 17:59:13,347 [ForkJoinPool.commonPool-worker-1] INFO  server.AbstractConnector (AbstractConnector.java:doStop(318)) - Stopped ServerConnector@6dd36ab6{HTTP/1.1,[http/1.1]}{0.0.0.0:0}
2019-10-02 17:59:13,347 [ForkJoinPool.commonPool-worker-1] INFO  handler.ContextHandler (ContextHandler.java:doStop(910)) - Stopped o.e.j.s.ServletContextHandler@1c067c0d{/static,jar:file:/home/user/.m2/repository/org/apache/hadoop/hadoop-hdds-container-service/0.5.0-SNAPSHOT/hadoop-hdds-container-service-0.5.0-SNAPSHOT.jar!/webapps/static,UNAVAILABLE}
2019-10-02 17:59:13,348 [ForkJoinPool.commonPool-worker-1] INFO  handler.ContextHandler (ContextHandler.java:doStop(910)) - Stopped o.e.j.s.ServletContextHandler@53ce2392{/logs,file:///workdir/hadoop-ozone/integration-test/target/log,UNAVAILABLE}
2019-10-02 17:59:13,349 [main] INFO  ozone.MiniOzoneClusterImpl (MiniOzoneClusterImpl.java:stopSCM(392)) - Stopping the StorageContainerManager
2019-10-02 17:59:13,349 [main] INFO  server.StorageContainerManager (StorageContainerManager.java:stop(808)) - Stopping Replication Manager Service.
2019-10-02 17:59:13,349 [main] INFO  container.ReplicationManager (ReplicationManager.java:stop(203)) - Stopping Replication Monitor Thread.
2019-10-02 17:59:13,349 [main] INFO  server.StorageContainerManager (StorageContainerManager.java:stop(815)) - Stopping Lease Manager of the command watchers
2019-10-02 17:59:13,350 [main] INFO  server.StorageContainerManager (StorageContainerManager.java:stop(822)) - Stopping datanode service RPC server
2019-10-02 17:59:13,350 [main] INFO  server.SCMDatanodeProtocolServer (SCMDatanodeProtocolServer.java:stop(367)) - Stopping the RPC server for DataNodes
2019-10-02 17:59:13,350 [main] INFO  ipc.Server (Server.java:stop(3082)) - Stopping server on 45386
2019-10-02 17:59:13,353 [IPC Server listener on 45386] INFO  ipc.Server (Server.java:run(1185)) - Stopping IPC Server listener on 45386
2019-10-02 17:59:13,353 [IPC Server Responder] INFO  ipc.Server (Server.java:run(1319)) - Stopping IPC Server Responder
2019-10-02 17:59:13,386 [SCM Heartbeat Processing Thread - 0] WARN  node.NodeStateManager (NodeStateManager.java:scheduleNextHealthCheck(646)) - Current Thread is interrupted, shutting down HB processing thread for Node Manager.
2019-10-02 17:59:13,387 [main] INFO  server.StorageContainerManager (StorageContainerManager.java:stop(830)) - Stopping block service RPC server
2019-10-02 17:59:13,387 [main] INFO  server.SCMBlockProtocolServer (SCMBlockProtocolServer.java:stop(155)) - Stopping the RPC server for Block Protocol
2019-10-02 17:59:13,387 [main] INFO  ipc.Server (Server.java:stop(3082)) - Stopping server on 36025
2019-10-02 17:59:13,390 [IPC Server listener on 36025] INFO  ipc.Server (Server.java:run(1185)) - Stopping IPC Server listener on 36025
2019-10-02 17:59:13,390 [main] INFO  server.StorageContainerManager (StorageContainerManager.java:stop(837)) - Stopping the StorageContainerLocationProtocol RPC server
2019-10-02 17:59:13,391 [main] INFO  server.SCMClientProtocolServer (SCMClientProtocolServer.java:stop(158)) - Stopping the RPC server for Client Protocol
2019-10-02 17:59:13,392 [main] INFO  ipc.Server (Server.java:stop(3082)) - Stopping server on 42903
2019-10-02 17:59:13,390 [IPC Server Responder] INFO  ipc.Server (Server.java:run(1319)) - Stopping IPC Server Responder
2019-10-02 17:59:13,394 [IPC Server listener on 42903] INFO  ipc.Server (Server.java:run(1185)) - Stopping IPC Server listener on 42903
2019-10-02 17:59:13,394 [main] INFO  server.StorageContainerManager (StorageContainerManager.java:stop(844)) - Stopping Storage Container Manager HTTP server.
2019-10-02 17:59:13,394 [IPC Server Responder] INFO  ipc.Server (Server.java:run(1319)) - Stopping IPC Server Responder
2019-10-02 17:59:13,396 [main] INFO  handler.ContextHandler (ContextHandler.java:doStop(910)) - Stopped o.e.j.w.WebAppContext@594d9f07{/,null,UNAVAILABLE}{/scm}
2019-10-02 17:59:13,396 [main] INFO  server.AbstractConnector (AbstractConnector.java:doStop(318)) - Stopped ServerConnector@5befbac1{HTTP/1.1,[http/1.1]}{0.0.0.0:0}
2019-10-02 17:59:13,397 [main] INFO  handler.ContextHandler (ContextHandler.java:doStop(910)) - Stopped o.e.j.s.ServletContextHandler@350ec690{/static,file:///workdir/hadoop-ozone/integration-test/target/test-classes/webapps/static,UNAVAILABLE}
2019-10-02 17:59:13,397 [main] INFO  handler.ContextHandler (ContextHandler.java:doStop(910)) - Stopped o.e.j.s.ServletContextHandler@118dcbbd{/logs,file:///workdir/hadoop-ozone/integration-test/target/log,UNAVAILABLE}
2019-10-02 17:59:13,398 [main] INFO  server.StorageContainerManager (StorageContainerManager.java:stop(855)) - Stopping Block Manager Service.
2019-10-02 17:59:13,398 [main] INFO  utils.BackgroundService (BackgroundService.java:shutdown(148)) - Shutting down service SCMBlockDeletingService
2019-10-02 17:59:13,399 [main] INFO  utils.BackgroundService (BackgroundService.java:shutdown(148)) - Shutting down service SCMBlockDeletingService
2019-10-02 17:59:13,399 [main] INFO  server.StorageContainerManager (StorageContainerManager.java:stop(877)) - Stopping SCM Event Queue.
2019-10-02 17:59:13,405 [main] INFO  impl.MetricsSystemImpl (MetricsSystemImpl.java:stop(210)) - Stopping HddsDatanode metrics system...
2019-10-02 17:59:13,424 [main] INFO  impl.MetricsSystemImpl (MetricsSystemImpl.java:stop(216)) - HddsDatanode metrics system stopped.
]]></system-out>
    <system-err><![CDATA[Oct 02, 2019 5:56:37 PM org.apache.ratis.thirdparty.io.grpc.netty.NettyServerHandler onStreamError
WARNING: Stream Error
org.apache.ratis.thirdparty.io.netty.handler.codec.http2.Http2Exception$StreamException: Received DATA frame for an unknown stream 3
	at org.apache.ratis.thirdparty.io.netty.handler.codec.http2.Http2Exception.streamError(Http2Exception.java:129)
	at org.apache.ratis.thirdparty.io.netty.handler.codec.http2.DefaultHttp2ConnectionDecoder$FrameReadListener.shouldIgnoreHeadersOrDataFrame(DefaultHttp2ConnectionDecoder.java:531)
	at org.apache.ratis.thirdparty.io.netty.handler.codec.http2.DefaultHttp2ConnectionDecoder$FrameReadListener.onDataRead(DefaultHttp2ConnectionDecoder.java:183)
	at org.apache.ratis.thirdparty.io.netty.handler.codec.http2.Http2InboundFrameLogger$1.onDataRead(Http2InboundFrameLogger.java:48)
	at org.apache.ratis.thirdparty.io.netty.handler.codec.http2.DefaultHttp2FrameReader.readDataFrame(DefaultHttp2FrameReader.java:421)
	at org.apache.ratis.thirdparty.io.netty.handler.codec.http2.DefaultHttp2FrameReader.processPayloadState(DefaultHttp2FrameReader.java:251)
	at org.apache.ratis.thirdparty.io.netty.handler.codec.http2.DefaultHttp2FrameReader.readFrame(DefaultHttp2FrameReader.java:160)
	at org.apache.ratis.thirdparty.io.netty.handler.codec.http2.Http2InboundFrameLogger.readFrame(Http2InboundFrameLogger.java:41)
	at org.apache.ratis.thirdparty.io.netty.handler.codec.http2.DefaultHttp2ConnectionDecoder.decodeFrame(DefaultHttp2ConnectionDecoder.java:118)
	at org.apache.ratis.thirdparty.io.netty.handler.codec.http2.Http2ConnectionHandler$FrameDecoder.decode(Http2ConnectionHandler.java:390)
	at org.apache.ratis.thirdparty.io.netty.handler.codec.http2.Http2ConnectionHandler.decode(Http2ConnectionHandler.java:450)
	at org.apache.ratis.thirdparty.io.netty.handler.codec.ByteToMessageDecoder.decodeRemovalReentryProtection(ByteToMessageDecoder.java:502)
	at org.apache.ratis.thirdparty.io.netty.handler.codec.ByteToMessageDecoder.callDecode(ByteToMessageDecoder.java:441)
	at org.apache.ratis.thirdparty.io.netty.handler.codec.ByteToMessageDecoder.channelRead(ByteToMessageDecoder.java:278)
	at org.apache.ratis.thirdparty.io.netty.channel.AbstractChannelHandlerContext.invokeChannelRead(AbstractChannelHandlerContext.java:362)
	at org.apache.ratis.thirdparty.io.netty.channel.AbstractChannelHandlerContext.invokeChannelRead(AbstractChannelHandlerContext.java:348)
	at org.apache.ratis.thirdparty.io.netty.channel.AbstractChannelHandlerContext.fireChannelRead(AbstractChannelHandlerContext.java:340)
	at org.apache.ratis.thirdparty.io.netty.channel.DefaultChannelPipeline$HeadContext.channelRead(DefaultChannelPipeline.java:1434)
	at org.apache.ratis.thirdparty.io.netty.channel.AbstractChannelHandlerContext.invokeChannelRead(AbstractChannelHandlerContext.java:362)
	at org.apache.ratis.thirdparty.io.netty.channel.AbstractChannelHandlerContext.invokeChannelRead(AbstractChannelHandlerContext.java:348)
	at org.apache.ratis.thirdparty.io.netty.channel.DefaultChannelPipeline.fireChannelRead(DefaultChannelPipeline.java:965)
	at org.apache.ratis.thirdparty.io.netty.channel.nio.AbstractNioByteChannel$NioByteUnsafe.read(AbstractNioByteChannel.java:163)
	at org.apache.ratis.thirdparty.io.netty.channel.nio.NioEventLoop.processSelectedKey(NioEventLoop.java:644)
	at org.apache.ratis.thirdparty.io.netty.channel.nio.NioEventLoop.processSelectedKeysOptimized(NioEventLoop.java:579)
	at org.apache.ratis.thirdparty.io.netty.channel.nio.NioEventLoop.processSelectedKeys(NioEventLoop.java:496)
	at org.apache.ratis.thirdparty.io.netty.channel.nio.NioEventLoop.run(NioEventLoop.java:458)
	at org.apache.ratis.thirdparty.io.netty.util.concurrent.SingleThreadEventExecutor$5.run(SingleThreadEventExecutor.java:897)
	at org.apache.ratis.thirdparty.io.netty.util.concurrent.FastThreadLocalRunnable.run(FastThreadLocalRunnable.java:30)
	at java.lang.Thread.run(Thread.java:748)

Oct 02, 2019 5:58:51 PM org.apache.ratis.thirdparty.io.grpc.netty.NettyServerHandler onStreamError
WARNING: Stream Error
org.apache.ratis.thirdparty.io.netty.handler.codec.http2.Http2Exception$StreamException: Received DATA frame for an unknown stream 3
	at org.apache.ratis.thirdparty.io.netty.handler.codec.http2.Http2Exception.streamError(Http2Exception.java:129)
	at org.apache.ratis.thirdparty.io.netty.handler.codec.http2.DefaultHttp2ConnectionDecoder$FrameReadListener.shouldIgnoreHeadersOrDataFrame(DefaultHttp2ConnectionDecoder.java:531)
	at org.apache.ratis.thirdparty.io.netty.handler.codec.http2.DefaultHttp2ConnectionDecoder$FrameReadListener.onDataRead(DefaultHttp2ConnectionDecoder.java:183)
	at org.apache.ratis.thirdparty.io.netty.handler.codec.http2.Http2InboundFrameLogger$1.onDataRead(Http2InboundFrameLogger.java:48)
	at org.apache.ratis.thirdparty.io.netty.handler.codec.http2.DefaultHttp2FrameReader.readDataFrame(DefaultHttp2FrameReader.java:421)
	at org.apache.ratis.thirdparty.io.netty.handler.codec.http2.DefaultHttp2FrameReader.processPayloadState(DefaultHttp2FrameReader.java:251)
	at org.apache.ratis.thirdparty.io.netty.handler.codec.http2.DefaultHttp2FrameReader.readFrame(DefaultHttp2FrameReader.java:160)
	at org.apache.ratis.thirdparty.io.netty.handler.codec.http2.Http2InboundFrameLogger.readFrame(Http2InboundFrameLogger.java:41)
	at org.apache.ratis.thirdparty.io.netty.handler.codec.http2.DefaultHttp2ConnectionDecoder.decodeFrame(DefaultHttp2ConnectionDecoder.java:118)
	at org.apache.ratis.thirdparty.io.netty.handler.codec.http2.Http2ConnectionHandler$FrameDecoder.decode(Http2ConnectionHandler.java:390)
	at org.apache.ratis.thirdparty.io.netty.handler.codec.http2.Http2ConnectionHandler.decode(Http2ConnectionHandler.java:450)
	at org.apache.ratis.thirdparty.io.netty.handler.codec.ByteToMessageDecoder.decodeRemovalReentryProtection(ByteToMessageDecoder.java:502)
	at org.apache.ratis.thirdparty.io.netty.handler.codec.ByteToMessageDecoder.callDecode(ByteToMessageDecoder.java:441)
	at org.apache.ratis.thirdparty.io.netty.handler.codec.ByteToMessageDecoder.channelRead(ByteToMessageDecoder.java:278)
	at org.apache.ratis.thirdparty.io.netty.channel.AbstractChannelHandlerContext.invokeChannelRead(AbstractChannelHandlerContext.java:362)
	at org.apache.ratis.thirdparty.io.netty.channel.AbstractChannelHandlerContext.invokeChannelRead(AbstractChannelHandlerContext.java:348)
	at org.apache.ratis.thirdparty.io.netty.channel.AbstractChannelHandlerContext.fireChannelRead(AbstractChannelHandlerContext.java:340)
	at org.apache.ratis.thirdparty.io.netty.channel.DefaultChannelPipeline$HeadContext.channelRead(DefaultChannelPipeline.java:1434)
	at org.apache.ratis.thirdparty.io.netty.channel.AbstractChannelHandlerContext.invokeChannelRead(AbstractChannelHandlerContext.java:362)
	at org.apache.ratis.thirdparty.io.netty.channel.AbstractChannelHandlerContext.invokeChannelRead(AbstractChannelHandlerContext.java:348)
	at org.apache.ratis.thirdparty.io.netty.channel.DefaultChannelPipeline.fireChannelRead(DefaultChannelPipeline.java:965)
	at org.apache.ratis.thirdparty.io.netty.channel.nio.AbstractNioByteChannel$NioByteUnsafe.read(AbstractNioByteChannel.java:163)
	at org.apache.ratis.thirdparty.io.netty.channel.nio.NioEventLoop.processSelectedKey(NioEventLoop.java:644)
	at org.apache.ratis.thirdparty.io.netty.channel.nio.NioEventLoop.processSelectedKeysOptimized(NioEventLoop.java:579)
	at org.apache.ratis.thirdparty.io.netty.channel.nio.NioEventLoop.processSelectedKeys(NioEventLoop.java:496)
	at org.apache.ratis.thirdparty.io.netty.channel.nio.NioEventLoop.run(NioEventLoop.java:458)
	at org.apache.ratis.thirdparty.io.netty.util.concurrent.SingleThreadEventExecutor$5.run(SingleThreadEventExecutor.java:897)
	at org.apache.ratis.thirdparty.io.netty.util.concurrent.FastThreadLocalRunnable.run(FastThreadLocalRunnable.java:30)
	at java.lang.Thread.run(Thread.java:748)

]]></system-err>
  </testcase>
</testsuite>