<?xml version="1.0" encoding="UTF-8"?>
<testsuite xmlns:xsi="http://www.w3.org/2001/XMLSchema-instance" xsi:noNamespaceSchemaLocation="https://maven.apache.org/surefire/maven-surefire-plugin/xsd/surefire-test-report.xsd" name="org.apache.hadoop.ozone.client.rpc.TestFailureHandlingByClient" time="282.769" tests="5" errors="0" skipped="0" failures="1">
  <properties>
    <property name="awt.toolkit" value="sun.awt.X11.XToolkit"/>
    <property name="file.encoding.pkg" value="sun.io"/>
    <property name="java.specification.version" value="1.8"/>
    <property name="sun.cpu.isalist" value=""/>
    <property name="sun.jnu.encoding" value="ANSI_X3.4-1968"/>
    <property name="java.class.path" value="/workdir/hadoop-ozone/integration-test/target/test-classes:/workdir/hadoop-ozone/integration-test/target/classes:/home/user/.m2/repository/org/apache/hadoop/hadoop-ozone-common/0.5.0-SNAPSHOT/hadoop-ozone-common-0.5.0-SNAPSHOT.jar:/home/user/.m2/repository/org/apache/commons/commons-compress/1.4.1/commons-compress-1.4.1.jar:/home/user/.m2/repository/org/tukaani/xz/1.0/xz-1.0.jar:/home/user/.m2/repository/org/apache/hadoop/hadoop-common/3.2.0/hadoop-common-3.2.0.jar:/home/user/.m2/repository/org/apache/hadoop/hadoop-hdfs/3.2.0/hadoop-hdfs-3.2.0.jar:/home/user/.m2/repository/org/apache/hadoop/hadoop-hdfs-client/3.2.0/hadoop-hdfs-client-3.2.0.jar:/home/user/.m2/repository/com/fasterxml/jackson/core/jackson-annotations/2.9.9/jackson-annotations-2.9.9.jar:/home/user/.m2/repository/org/apache/hadoop/hadoop-hdds-common/0.5.0-SNAPSHOT/hadoop-hdds-common-0.5.0-SNAPSHOT.jar:/home/user/.m2/repository/javax/annotation/javax.annotation-api/1.2/javax.annotation-api-1.2.jar:/home/user/.m2/repository/org/apache/ratis/ratis-server/0.5.0-201fc85-SNAPSHOT/ratis-server-0.5.0-201fc85-SNAPSHOT.jar:/home/user/.m2/repository/org/apache/ratis/ratis-thirdparty-misc/0.2.0/ratis-thirdparty-misc-0.2.0.jar:/home/user/.m2/repository/org/apache/ratis/ratis-proto/0.5.0-201fc85-SNAPSHOT/ratis-proto-0.5.0-201fc85-SNAPSHOT.jar:/home/user/.m2/repository/org/apache/ratis/ratis-common/0.5.0-201fc85-SNAPSHOT/ratis-common-0.5.0-201fc85-SNAPSHOT.jar:/home/user/.m2/repository/org/apache/ratis/ratis-client/0.5.0-201fc85-SNAPSHOT/ratis-client-0.5.0-201fc85-SNAPSHOT.jar:/home/user/.m2/repository/org/apache/ratis/ratis-metrics/0.5.0-201fc85-SNAPSHOT/ratis-metrics-0.5.0-201fc85-SNAPSHOT.jar:/home/user/.m2/repository/com/github/joshelser/dropwizard-metrics-hadoop-metrics2-reporter/0.1.2/dropwizard-metrics-hadoop-metrics2-reporter-0.1.2.jar:/home/user/.m2/repository/io/dropwizard/metrics/metrics-jvm/3.2.5/metrics-jvm-3.2.5.jar:/home/user/.m2/repository/io/dropwizard/metrics/metrics-ganglia/3.2.5/metrics-ganglia-3.2.5.jar:/home/user/.m2/repository/info/ganglia/gmetric4j/gmetric4j/1.0.7/gmetric4j-1.0.7.jar:/home/user/.m2/repository/org/apache/ratis/ratis-netty/0.5.0-201fc85-SNAPSHOT/ratis-netty-0.5.0-201fc85-SNAPSHOT.jar:/home/user/.m2/repository/org/apache/ratis/ratis-grpc/0.5.0-201fc85-SNAPSHOT/ratis-grpc-0.5.0-201fc85-SNAPSHOT.jar:/home/user/.m2/repository/org/rocksdb/rocksdbjni/6.0.1/rocksdbjni-6.0.1.jar:/home/user/.m2/repository/org/apache/logging/log4j/log4j-api/2.11.0/log4j-api-2.11.0.jar:/home/user/.m2/repository/org/apache/logging/log4j/log4j-core/2.11.0/log4j-core-2.11.0.jar:/home/user/.m2/repository/com/lmax/disruptor/3.4.2/disruptor-3.4.2.jar:/home/user/.m2/repository/org/apache/commons/commons-pool2/2.6.0/commons-pool2-2.6.0.jar:/home/user/.m2/repository/org/bouncycastle/bcpkix-jdk15on/1.60/bcpkix-jdk15on-1.60.jar:/home/user/.m2/repository/commons-validator/commons-validator/1.6/commons-validator-1.6.jar:/home/user/.m2/repository/commons-digester/commons-digester/1.8.1/commons-digester-1.8.1.jar:/home/user/.m2/repository/io/jaegertracing/jaeger-client/0.34.0/jaeger-client-0.34.0.jar:/home/user/.m2/repository/io/jaegertracing/jaeger-thrift/0.34.0/jaeger-thrift-0.34.0.jar:/home/user/.m2/repository/org/apache/thrift/libthrift/0.12.0/libthrift-0.12.0.jar:/home/user/.m2/repository/com/squareup/okhttp3/okhttp/3.9.0/okhttp-3.9.0.jar:/home/user/.m2/repository/com/squareup/okio/okio/1.13.0/okio-1.13.0.jar:/home/user/.m2/repository/io/jaegertracing/jaeger-core/0.34.0/jaeger-core-0.34.0.jar:/home/user/.m2/repository/io/jaegertracing/jaeger-tracerresolver/0.34.0/jaeger-tracerresolver-0.34.0.jar:/home/user/.m2/repository/io/opentracing/contrib/opentracing-tracerresolver/0.1.5/opentracing-tracerresolver-0.1.5.jar:/home/user/.m2/repository/io/opentracing/opentracing-util/0.31.0/opentracing-util-0.31.0.jar:/home/user/.m2/repository/io/opentracing/opentracing-api/0.31.0/opentracing-api-0.31.0.jar:/home/user/.m2/repository/io/opentracing/opentracing-noop/0.31.0/opentracing-noop-0.31.0.jar:/home/user/.m2/repository/org/apache/hadoop/hadoop-hdds-server-framework/0.5.0-SNAPSHOT/hadoop-hdds-server-framework-0.5.0-SNAPSHOT.jar:/home/user/.m2/repository/org/apache/hadoop/hadoop-hdds-container-service/0.5.0-SNAPSHOT/hadoop-hdds-container-service-0.5.0-SNAPSHOT.jar:/home/user/.m2/repository/org/apache/hadoop/hadoop-hdds-client/0.5.0-SNAPSHOT/hadoop-hdds-client-0.5.0-SNAPSHOT.jar:/home/user/.m2/repository/org/apache/hadoop/hadoop-hdds-tools/0.5.0-SNAPSHOT/hadoop-hdds-tools-0.5.0-SNAPSHOT.jar:/home/user/.m2/repository/org/apache/hadoop/hadoop-hdds-server-scm/0.5.0-SNAPSHOT/hadoop-hdds-server-scm-0.5.0-SNAPSHOT.jar:/home/user/.m2/repository/org/apache/hadoop/hadoop-hdds-docs/0.5.0-SNAPSHOT/hadoop-hdds-docs-0.5.0-SNAPSHOT.jar:/home/user/.m2/repository/io/dropwizard/metrics/metrics-core/3.2.4/metrics-core-3.2.4.jar:/home/user/.m2/repository/org/hamcrest/hamcrest-all/1.3/hamcrest-all-1.3.jar:/home/user/.m2/repository/org/bouncycastle/bcprov-jdk15on/1.60/bcprov-jdk15on-1.60.jar:/home/user/.m2/repository/info/picocli/picocli/3.9.6/picocli-3.9.6.jar:/home/user/.m2/repository/com/google/protobuf/protobuf-java/2.5.0/protobuf-java-2.5.0.jar:/home/user/.m2/repository/com/google/guava/guava/11.0.2/guava-11.0.2.jar:/home/user/.m2/repository/org/apache/hadoop/hadoop-ozone-ozone-manager/0.5.0-SNAPSHOT/hadoop-ozone-ozone-manager-0.5.0-SNAPSHOT.jar:/home/user/.m2/repository/org/apache/hadoop/hadoop-minikdc/3.2.0/hadoop-minikdc-3.2.0.jar:/home/user/.m2/repository/commons-io/commons-io/2.5/commons-io-2.5.jar:/home/user/.m2/repository/org/apache/kerby/kerb-simplekdc/1.0.1/kerb-simplekdc-1.0.1.jar:/home/user/.m2/repository/org/apache/kerby/kerb-client/1.0.1/kerb-client-1.0.1.jar:/home/user/.m2/repository/org/apache/kerby/kerby-config/1.0.1/kerby-config-1.0.1.jar:/home/user/.m2/repository/org/apache/kerby/kerb-core/1.0.1/kerb-core-1.0.1.jar:/home/user/.m2/repository/org/apache/kerby/kerby-pkix/1.0.1/kerby-pkix-1.0.1.jar:/home/user/.m2/repository/org/apache/kerby/kerby-asn1/1.0.1/kerby-asn1-1.0.1.jar:/home/user/.m2/repository/org/apache/kerby/kerby-util/1.0.1/kerby-util-1.0.1.jar:/home/user/.m2/repository/org/apache/kerby/kerb-common/1.0.1/kerb-common-1.0.1.jar:/home/user/.m2/repository/org/apache/kerby/kerb-crypto/1.0.1/kerb-crypto-1.0.1.jar:/home/user/.m2/repository/org/apache/kerby/kerb-util/1.0.1/kerb-util-1.0.1.jar:/home/user/.m2/repository/org/apache/kerby/token-provider/1.0.1/token-provider-1.0.1.jar:/home/user/.m2/repository/org/apache/kerby/kerb-admin/1.0.1/kerb-admin-1.0.1.jar:/home/user/.m2/repository/org/apache/kerby/kerb-server/1.0.1/kerb-server-1.0.1.jar:/home/user/.m2/repository/org/apache/kerby/kerb-identity/1.0.1/kerb-identity-1.0.1.jar:/home/user/.m2/repository/org/apache/kerby/kerby-xdr/1.0.1/kerby-xdr-1.0.1.jar:/home/user/.m2/repository/org/slf4j/slf4j-log4j12/1.7.25/slf4j-log4j12-1.7.25.jar:/home/user/.m2/repository/org/apache/hadoop/hadoop-ozone-s3gateway/0.5.0-SNAPSHOT/hadoop-ozone-s3gateway-0.5.0-SNAPSHOT.jar:/home/user/.m2/repository/org/jboss/weld/servlet/weld-servlet/2.4.7.Final/weld-servlet-2.4.7.Final.jar:/home/user/.m2/repository/org/glassfish/jersey/containers/jersey-container-servlet-core/2.27/jersey-container-servlet-core-2.27.jar:/home/user/.m2/repository/org/glassfish/hk2/external/javax.inject/2.5.0-b42/javax.inject-2.5.0-b42.jar:/home/user/.m2/repository/org/glassfish/jersey/core/jersey-common/2.27/jersey-common-2.27.jar:/home/user/.m2/repository/org/glassfish/hk2/osgi-resource-locator/1.0.1/osgi-resource-locator-1.0.1.jar:/home/user/.m2/repository/javax/ws/rs/javax.ws.rs-api/2.1/javax.ws.rs-api-2.1.jar:/home/user/.m2/repository/org/glassfish/jersey/ext/cdi/jersey-cdi1x/2.27/jersey-cdi1x-2.27.jar:/home/user/.m2/repository/org/glassfish/jersey/inject/jersey-hk2/2.27/jersey-hk2-2.27.jar:/home/user/.m2/repository/org/glassfish/hk2/hk2-locator/2.5.0-b42/hk2-locator-2.5.0-b42.jar:/home/user/.m2/repository/org/javassist/javassist/3.22.0-CR2/javassist-3.22.0-CR2.jar:/home/user/.m2/repository/org/glassfish/hk2/hk2-api/2.5.0/hk2-api-2.5.0.jar:/home/user/.m2/repository/org/glassfish/hk2/external/jakarta.inject/2.5.0/jakarta.inject-2.5.0.jar:/home/user/.m2/repository/org/glassfish/hk2/hk2-utils/2.5.0/hk2-utils-2.5.0.jar:/home/user/.m2/repository/jakarta/annotation/jakarta.annotation-api/1.3.4/jakarta.annotation-api-1.3.4.jar:/home/user/.m2/repository/org/glassfish/hk2/external/aopalliance-repackaged/2.5.0/aopalliance-repackaged-2.5.0.jar:/home/user/.m2/repository/com/fasterxml/jackson/dataformat/jackson-dataformat-xml/2.9.0/jackson-dataformat-xml-2.9.0.jar:/home/user/.m2/repository/com/fasterxml/jackson/core/jackson-core/2.9.9/jackson-core-2.9.9.jar:/home/user/.m2/repository/com/fasterxml/jackson/module/jackson-module-jaxb-annotations/2.9.9/jackson-module-jaxb-annotations-2.9.9.jar:/home/user/.m2/repository/javax/enterprise/cdi-api/1.2/cdi-api-1.2.jar:/home/user/.m2/repository/javax/el/javax.el-api/3.0.0/javax.el-api-3.0.0.jar:/home/user/.m2/repository/javax/interceptor/javax.interceptor-api/1.2/javax.interceptor-api-1.2.jar:/home/user/.m2/repository/javax/inject/javax.inject/1/javax.inject-1.jar:/home/user/.m2/repository/com/sun/xml/bind/jaxb-impl/2.3.0.1/jaxb-impl-2.3.0.1.jar:/home/user/.m2/repository/com/sun/xml/bind/jaxb-core/2.3.0.1/jaxb-core-2.3.0.1.jar:/home/user/.m2/repository/javax/xml/bind/jaxb-api/2.3.0/jaxb-api-2.3.0.jar:/home/user/.m2/repository/javax/activation/activation/1.1.1/activation-1.1.1.jar:/home/user/.m2/repository/org/apache/hadoop/hadoop-ozone-csi/0.5.0-SNAPSHOT/hadoop-ozone-csi-0.5.0-SNAPSHOT.jar:/home/user/.m2/repository/com/google/protobuf/protobuf-java-util/3.5.1/protobuf-java-util-3.5.1.jar:/home/user/.m2/repository/org/apache/hadoop/hadoop-hdds-config/0.5.0-SNAPSHOT/hadoop-hdds-config-0.5.0-SNAPSHOT.jar:/home/user/.m2/repository/io/grpc/grpc-netty/1.17.1/grpc-netty-1.17.1.jar:/home/user/.m2/repository/io/grpc/grpc-core/1.17.1/grpc-core-1.17.1.jar:/home/user/.m2/repository/io/grpc/grpc-context/1.17.1/grpc-context-1.17.1.jar:/home/user/.m2/repository/com/google/errorprone/error_prone_annotations/2.2.0/error_prone_annotations-2.2.0.jar:/home/user/.m2/repository/org/codehaus/mojo/animal-sniffer-annotations/1.17/animal-sniffer-annotations-1.17.jar:/home/user/.m2/repository/io/opencensus/opencensus-api/0.17.0/opencensus-api-0.17.0.jar:/home/user/.m2/repository/io/opencensus/opencensus-contrib-grpc-metrics/0.17.0/opencensus-contrib-grpc-metrics-0.17.0.jar:/home/user/.m2/repository/io/netty/netty-codec-http2/4.1.30.Final/netty-codec-http2-4.1.30.Final.jar:/home/user/.m2/repository/io/netty/netty-codec-http/4.1.30.Final/netty-codec-http-4.1.30.Final.jar:/home/user/.m2/repository/io/netty/netty-codec/4.1.30.Final/netty-codec-4.1.30.Final.jar:/home/user/.m2/repository/io/netty/netty-handler/4.1.30.Final/netty-handler-4.1.30.Final.jar:/home/user/.m2/repository/io/netty/netty-handler-proxy/4.1.30.Final/netty-handler-proxy-4.1.30.Final.jar:/home/user/.m2/repository/io/netty/netty-codec-socks/4.1.30.Final/netty-codec-socks-4.1.30.Final.jar:/home/user/.m2/repository/io/netty/netty-transport-native-epoll/4.1.30.Final/netty-transport-native-epoll-4.1.30.Final.jar:/home/user/.m2/repository/io/netty/netty-common/4.1.30.Final/netty-common-4.1.30.Final.jar:/home/user/.m2/repository/io/netty/netty-buffer/4.1.30.Final/netty-buffer-4.1.30.Final.jar:/home/user/.m2/repository/io/netty/netty-transport/4.1.30.Final/netty-transport-4.1.30.Final.jar:/home/user/.m2/repository/io/netty/netty-resolver/4.1.30.Final/netty-resolver-4.1.30.Final.jar:/home/user/.m2/repository/io/netty/netty-transport-native-unix-common/4.1.30.Final/netty-transport-native-unix-common-4.1.30.Final.jar:/home/user/.m2/repository/io/grpc/grpc-protobuf/1.17.1/grpc-protobuf-1.17.1.jar:/home/user/.m2/repository/com/google/api/grpc/proto-google-common-protos/1.0.0/proto-google-common-protos-1.0.0.jar:/home/user/.m2/repository/io/grpc/grpc-protobuf-lite/1.17.1/grpc-protobuf-lite-1.17.1.jar:/home/user/.m2/repository/io/grpc/grpc-stub/1.17.1/grpc-stub-1.17.1.jar:/home/user/.m2/repository/org/apache/hadoop/hadoop-ozone-recon/0.5.0-SNAPSHOT/hadoop-ozone-recon-0.5.0-SNAPSHOT.jar:/home/user/.m2/repository/org/apache/hadoop/hadoop-ozone-reconcodegen/0.5.0-SNAPSHOT/hadoop-ozone-reconcodegen-0.5.0-SNAPSHOT.jar:/home/user/.m2/repository/com/google/inject/extensions/guice-multibindings/4.0/guice-multibindings-4.0.jar:/home/user/.m2/repository/com/google/inject/guice/4.0/guice-4.0.jar:/home/user/.m2/repository/aopalliance/aopalliance/1.0/aopalliance-1.0.jar:/home/user/.m2/repository/com/google/inject/extensions/guice-servlet/4.0/guice-servlet-4.0.jar:/home/user/.m2/repository/org/glassfish/jersey/containers/jersey-container-servlet/2.27/jersey-container-servlet-2.27.jar:/home/user/.m2/repository/org/glassfish/hk2/guice-bridge/2.5.0/guice-bridge-2.5.0.jar:/home/user/.m2/repository/org/glassfish/jersey/core/jersey-server/2.27/jersey-server-2.27.jar:/home/user/.m2/repository/org/glassfish/jersey/core/jersey-client/2.27/jersey-client-2.27.jar:/home/user/.m2/repository/org/glassfish/jersey/media/jersey-media-jaxb/2.27/jersey-media-jaxb-2.27.jar:/home/user/.m2/repository/javax/validation/validation-api/1.1.0.Final/validation-api-1.1.0.Final.jar:/home/user/.m2/repository/org/glassfish/jersey/media/jersey-media-json-jackson/2.27/jersey-media-json-jackson-2.27.jar:/home/user/.m2/repository/org/glassfish/jersey/ext/jersey-entity-filtering/2.27/jersey-entity-filtering-2.27.jar:/home/user/.m2/repository/com/google/inject/extensions/guice-assistedinject/4.0/guice-assistedinject-4.0.jar:/home/user/.m2/repository/org/jooq/jooq/3.11.10/jooq-3.11.10.jar:/home/user/.m2/repository/org/jooq/jooq-meta/3.11.10/jooq-meta-3.11.10.jar:/home/user/.m2/repository/org/jooq/jooq-codegen/3.11.10/jooq-codegen-3.11.10.jar:/home/user/.m2/repository/com/jolbox/bonecp/0.8.0.RELEASE/bonecp-0.8.0.RELEASE.jar:/home/user/.m2/repository/org/xerial/sqlite-jdbc/3.25.2/sqlite-jdbc-3.25.2.jar:/home/user/.m2/repository/org/springframework/spring-jdbc/5.1.3.RELEASE/spring-jdbc-5.1.3.RELEASE.jar:/home/user/.m2/repository/org/springframework/spring-beans/5.1.3.RELEASE/spring-beans-5.1.3.RELEASE.jar:/home/user/.m2/repository/org/springframework/spring-core/5.1.3.RELEASE/spring-core-5.1.3.RELEASE.jar:/home/user/.m2/repository/org/springframework/spring-jcl/5.1.3.RELEASE/spring-jcl-5.1.3.RELEASE.jar:/home/user/.m2/repository/org/springframework/spring-tx/5.1.3.RELEASE/spring-tx-5.1.3.RELEASE.jar:/home/user/.m2/repository/org/apache/hadoop/hadoop-ozone-client/0.5.0-SNAPSHOT/hadoop-ozone-client-0.5.0-SNAPSHOT.jar:/home/user/.m2/repository/commons-lang/commons-lang/2.6/commons-lang-2.6.jar:/home/user/.m2/repository/org/apache/hadoop/hadoop-ozone-ozone-manager/0.5.0-SNAPSHOT/hadoop-ozone-ozone-manager-0.5.0-SNAPSHOT-tests.jar:/home/user/.m2/repository/junit/junit/4.11/junit-4.11.jar:/home/user/.m2/repository/org/hamcrest/hamcrest-core/1.3/hamcrest-core-1.3.jar:/home/user/.m2/repository/org/openjdk/jmh/jmh-core/1.19/jmh-core-1.19.jar:/home/user/.m2/repository/net/sf/jopt-simple/jopt-simple/4.6/jopt-simple-4.6.jar:/home/user/.m2/repository/org/apache/commons/commons-math3/3.1.1/commons-math3-3.1.1.jar:/home/user/.m2/repository/org/openjdk/jmh/jmh-generator-annprocess/1.19/jmh-generator-annprocess-1.19.jar:/home/user/.m2/repository/org/mockito/mockito-all/1.8.5/mockito-all-1.8.5.jar:/home/user/.m2/repository/org/apache/hadoop/hadoop-kms/3.2.0/hadoop-kms-3.2.0.jar:/home/user/.m2/repository/org/apache/hadoop/hadoop-auth/3.2.0/hadoop-auth-3.2.0.jar:/home/user/.m2/repository/com/nimbusds/nimbus-jose-jwt/4.41.1/nimbus-jose-jwt-4.41.1.jar:/home/user/.m2/repository/com/github/stephenc/jcip/jcip-annotations/1.0-1/jcip-annotations-1.0-1.jar:/home/user/.m2/repository/net/minidev/json-smart/2.3/json-smart-2.3.jar:/home/user/.m2/repository/net/minidev/accessors-smart/1.2/accessors-smart-1.2.jar:/home/user/.m2/repository/org/ow2/asm/asm/5.0.4/asm-5.0.4.jar:/home/user/.m2/repository/org/apache/curator/curator-framework/2.12.0/curator-framework-2.12.0.jar:/home/user/.m2/repository/com/sun/jersey/jersey-core/1.19/jersey-core-1.19.jar:/home/user/.m2/repository/javax/ws/rs/jsr311-api/1.1.1/jsr311-api-1.1.1.jar:/home/user/.m2/repository/com/sun/jersey/jersey-server/1.19/jersey-server-1.19.jar:/home/user/.m2/repository/javax/servlet/javax.servlet-api/3.1.0/javax.servlet-api-3.1.0.jar:/home/user/.m2/repository/org/eclipse/jetty/jetty-server/9.3.25.v20180904/jetty-server-9.3.25.v20180904.jar:/home/user/.m2/repository/org/eclipse/jetty/jetty-http/9.3.25.v20180904/jetty-http-9.3.25.v20180904.jar:/home/user/.m2/repository/org/eclipse/jetty/jetty-io/9.3.25.v20180904/jetty-io-9.3.25.v20180904.jar:/home/user/.m2/repository/org/eclipse/jetty/jetty-webapp/9.3.25.v20180904/jetty-webapp-9.3.25.v20180904.jar:/home/user/.m2/repository/org/eclipse/jetty/jetty-xml/9.3.25.v20180904/jetty-xml-9.3.25.v20180904.jar:/home/user/.m2/repository/log4j/log4j/1.2.17/log4j-1.2.17.jar:/home/user/.m2/repository/org/slf4j/slf4j-api/1.7.25/slf4j-api-1.7.25.jar:/home/user/.m2/repository/org/slf4j/jul-to-slf4j/1.7.25/jul-to-slf4j-1.7.25.jar:/home/user/.m2/repository/org/eclipse/jetty/jetty-util/9.3.25.v20180904/jetty-util-9.3.25.v20180904.jar:/home/user/.m2/repository/com/fasterxml/jackson/core/jackson-databind/2.9.9/jackson-databind-2.9.9.jar:/home/user/.m2/repository/org/apache/hadoop/hadoop-kms/3.2.0/hadoop-kms-3.2.0-tests.jar:/home/user/.m2/repository/org/apache/hadoop/hadoop-hdds-server-scm/0.5.0-SNAPSHOT/hadoop-hdds-server-scm-0.5.0-SNAPSHOT-tests.jar:/home/user/.m2/repository/org/apache/hadoop/hadoop-hdds-container-service/0.5.0-SNAPSHOT/hadoop-hdds-container-service-0.5.0-SNAPSHOT-tests.jar:/home/user/.m2/repository/org/yaml/snakeyaml/1.16/snakeyaml-1.16.jar:/home/user/.m2/repository/org/apache/hadoop/hadoop-common/3.2.0/hadoop-common-3.2.0-tests.jar:/home/user/.m2/repository/org/apache/hadoop/hadoop-annotations/3.2.0/hadoop-annotations-3.2.0.jar:/usr/lib/jvm/java-1.8.0-openjdk-1.8.0.222.b10-1.el7_7.x86_64/jre/../lib/tools.jar:/home/user/.m2/repository/commons-cli/commons-cli/1.2/commons-cli-1.2.jar:/home/user/.m2/repository/org/apache/httpcomponents/httpclient/4.5.2/httpclient-4.5.2.jar:/home/user/.m2/repository/org/apache/httpcomponents/httpcore/4.4.4/httpcore-4.4.4.jar:/home/user/.m2/repository/commons-codec/commons-codec/1.11/commons-codec-1.11.jar:/home/user/.m2/repository/commons-net/commons-net/3.6/commons-net-3.6.jar:/home/user/.m2/repository/commons-collections/commons-collections/3.2.2/commons-collections-3.2.2.jar:/home/user/.m2/repository/org/eclipse/jetty/jetty-servlet/9.3.25.v20180904/jetty-servlet-9.3.25.v20180904.jar:/home/user/.m2/repository/org/eclipse/jetty/jetty-security/9.3.25.v20180904/jetty-security-9.3.25.v20180904.jar:/home/user/.m2/repository/javax/servlet/jsp/jsp-api/2.1/jsp-api-2.1.jar:/home/user/.m2/repository/com/sun/jersey/jersey-servlet/1.19/jersey-servlet-1.19.jar:/home/user/.m2/repository/com/sun/jersey/jersey-json/1.19/jersey-json-1.19.jar:/home/user/.m2/repository/org/codehaus/jettison/jettison/1.1/jettison-1.1.jar:/home/user/.m2/repository/org/codehaus/jackson/jackson-core-asl/1.9.13/jackson-core-asl-1.9.13.jar:/home/user/.m2/repository/org/codehaus/jackson/jackson-mapper-asl/1.9.13/jackson-mapper-asl-1.9.13.jar:/home/user/.m2/repository/org/codehaus/jackson/jackson-jaxrs/1.9.13/jackson-jaxrs-1.9.13.jar:/home/user/.m2/repository/org/codehaus/jackson/jackson-xc/1.9.13/jackson-xc-1.9.13.jar:/home/user/.m2/repository/commons-logging/commons-logging/1.1.3/commons-logging-1.1.3.jar:/home/user/.m2/repository/commons-beanutils/commons-beanutils/1.9.4/commons-beanutils-1.9.4.jar:/home/user/.m2/repository/org/apache/commons/commons-configuration2/2.1.1/commons-configuration2-2.1.1.jar:/home/user/.m2/repository/org/apache/commons/commons-lang3/3.7/commons-lang3-3.7.jar:/home/user/.m2/repository/org/apache/commons/commons-text/1.4/commons-text-1.4.jar:/home/user/.m2/repository/org/apache/avro/avro/1.7.7/avro-1.7.7.jar:/home/user/.m2/repository/com/thoughtworks/paranamer/paranamer/2.3/paranamer-2.3.jar:/home/user/.m2/repository/org/xerial/snappy/snappy-java/1.0.5/snappy-java-1.0.5.jar:/home/user/.m2/repository/com/google/re2j/re2j/1.1/re2j-1.1.jar:/home/user/.m2/repository/com/google/code/gson/gson/2.2.4/gson-2.2.4.jar:/home/user/.m2/repository/com/jcraft/jsch/0.1.54/jsch-0.1.54.jar:/home/user/.m2/repository/org/apache/curator/curator-client/2.12.0/curator-client-2.12.0.jar:/home/user/.m2/repository/org/apache/curator/curator-recipes/2.12.0/curator-recipes-2.12.0.jar:/home/user/.m2/repository/com/google/code/findbugs/jsr305/3.0.0/jsr305-3.0.0.jar:/home/user/.m2/repository/org/apache/htrace/htrace-core4/4.1.0-incubating/htrace-core4-4.1.0-incubating.jar:/home/user/.m2/repository/org/apache/zookeeper/zookeeper/3.4.13/zookeeper-3.4.13.jar:/home/user/.m2/repository/jline/jline/0.9.94/jline-0.9.94.jar:/home/user/.m2/repository/org/apache/yetus/audience-annotations/0.5.0/audience-annotations-0.5.0.jar:/home/user/.m2/repository/org/codehaus/woodstox/stax2-api/3.1.4/stax2-api-3.1.4.jar:/home/user/.m2/repository/com/fasterxml/woodstox/woodstox-core/5.0.3/woodstox-core-5.0.3.jar:/home/user/.m2/repository/dnsjava/dnsjava/2.1.7/dnsjava-2.1.7.jar:/home/user/.m2/repository/org/apache/hadoop/hadoop-hdfs/3.2.0/hadoop-hdfs-3.2.0-tests.jar:/home/user/.m2/repository/org/eclipse/jetty/jetty-util-ajax/9.3.25.v20180904/jetty-util-ajax-9.3.25.v20180904.jar:/home/user/.m2/repository/commons-daemon/commons-daemon/1.0.13/commons-daemon-1.0.13.jar:/home/user/.m2/repository/io/netty/netty/3.10.5.Final/netty-3.10.5.Final.jar:/home/user/.m2/repository/io/netty/netty-all/4.0.52.Final/netty-all-4.0.52.Final.jar:/home/user/.m2/repository/org/fusesource/leveldbjni/leveldbjni-all/1.8/leveldbjni-all-1.8.jar:"/>
    <property name="java.vm.vendor" value="Oracle Corporation"/>
    <property name="sun.arch.data.model" value="64"/>
    <property name="test.build.dir" value="/workdir/hadoop-ozone/integration-test/target/test-dir"/>
    <property name="test.cache.data" value=""/>
    <property name="java.vendor.url" value="http://java.oracle.com/"/>
    <property name="user.timezone" value=""/>
    <property name="java.vm.specification.version" value="1.8"/>
    <property name="os.name" value="Linux"/>
    <property name="test.build.data" value="/workdir/hadoop-ozone/integration-test/target/test-dir"/>
    <property name="user.country" value="US"/>
    <property name="sun.java.launcher" value="SUN_STANDARD"/>
    <property name="sun.boot.library.path" value="/usr/lib/jvm/java-1.8.0-openjdk-1.8.0.222.b10-1.el7_7.x86_64/jre/lib/amd64"/>
    <property name="sun.java.command" value="/workdir/hadoop-ozone/integration-test/target/surefire/surefirebooter789190984668485989.jar /workdir/hadoop-ozone/integration-test/target/surefire 2019-10-15T15-30-52_606-jvmRun1 surefire7295999064957621806tmp surefire_351522663611717571609tmp"/>
    <property name="surefire.test.class.path" value="/workdir/hadoop-ozone/integration-test/target/test-classes:/workdir/hadoop-ozone/integration-test/target/classes:/home/user/.m2/repository/org/apache/hadoop/hadoop-ozone-common/0.5.0-SNAPSHOT/hadoop-ozone-common-0.5.0-SNAPSHOT.jar:/home/user/.m2/repository/org/apache/commons/commons-compress/1.4.1/commons-compress-1.4.1.jar:/home/user/.m2/repository/org/tukaani/xz/1.0/xz-1.0.jar:/home/user/.m2/repository/org/apache/hadoop/hadoop-common/3.2.0/hadoop-common-3.2.0.jar:/home/user/.m2/repository/org/apache/hadoop/hadoop-hdfs/3.2.0/hadoop-hdfs-3.2.0.jar:/home/user/.m2/repository/org/apache/hadoop/hadoop-hdfs-client/3.2.0/hadoop-hdfs-client-3.2.0.jar:/home/user/.m2/repository/com/fasterxml/jackson/core/jackson-annotations/2.9.9/jackson-annotations-2.9.9.jar:/home/user/.m2/repository/org/apache/hadoop/hadoop-hdds-common/0.5.0-SNAPSHOT/hadoop-hdds-common-0.5.0-SNAPSHOT.jar:/home/user/.m2/repository/javax/annotation/javax.annotation-api/1.2/javax.annotation-api-1.2.jar:/home/user/.m2/repository/org/apache/ratis/ratis-server/0.5.0-201fc85-SNAPSHOT/ratis-server-0.5.0-201fc85-SNAPSHOT.jar:/home/user/.m2/repository/org/apache/ratis/ratis-thirdparty-misc/0.2.0/ratis-thirdparty-misc-0.2.0.jar:/home/user/.m2/repository/org/apache/ratis/ratis-proto/0.5.0-201fc85-SNAPSHOT/ratis-proto-0.5.0-201fc85-SNAPSHOT.jar:/home/user/.m2/repository/org/apache/ratis/ratis-common/0.5.0-201fc85-SNAPSHOT/ratis-common-0.5.0-201fc85-SNAPSHOT.jar:/home/user/.m2/repository/org/apache/ratis/ratis-client/0.5.0-201fc85-SNAPSHOT/ratis-client-0.5.0-201fc85-SNAPSHOT.jar:/home/user/.m2/repository/org/apache/ratis/ratis-metrics/0.5.0-201fc85-SNAPSHOT/ratis-metrics-0.5.0-201fc85-SNAPSHOT.jar:/home/user/.m2/repository/com/github/joshelser/dropwizard-metrics-hadoop-metrics2-reporter/0.1.2/dropwizard-metrics-hadoop-metrics2-reporter-0.1.2.jar:/home/user/.m2/repository/io/dropwizard/metrics/metrics-jvm/3.2.5/metrics-jvm-3.2.5.jar:/home/user/.m2/repository/io/dropwizard/metrics/metrics-ganglia/3.2.5/metrics-ganglia-3.2.5.jar:/home/user/.m2/repository/info/ganglia/gmetric4j/gmetric4j/1.0.7/gmetric4j-1.0.7.jar:/home/user/.m2/repository/org/apache/ratis/ratis-netty/0.5.0-201fc85-SNAPSHOT/ratis-netty-0.5.0-201fc85-SNAPSHOT.jar:/home/user/.m2/repository/org/apache/ratis/ratis-grpc/0.5.0-201fc85-SNAPSHOT/ratis-grpc-0.5.0-201fc85-SNAPSHOT.jar:/home/user/.m2/repository/org/rocksdb/rocksdbjni/6.0.1/rocksdbjni-6.0.1.jar:/home/user/.m2/repository/org/apache/logging/log4j/log4j-api/2.11.0/log4j-api-2.11.0.jar:/home/user/.m2/repository/org/apache/logging/log4j/log4j-core/2.11.0/log4j-core-2.11.0.jar:/home/user/.m2/repository/com/lmax/disruptor/3.4.2/disruptor-3.4.2.jar:/home/user/.m2/repository/org/apache/commons/commons-pool2/2.6.0/commons-pool2-2.6.0.jar:/home/user/.m2/repository/org/bouncycastle/bcpkix-jdk15on/1.60/bcpkix-jdk15on-1.60.jar:/home/user/.m2/repository/commons-validator/commons-validator/1.6/commons-validator-1.6.jar:/home/user/.m2/repository/commons-digester/commons-digester/1.8.1/commons-digester-1.8.1.jar:/home/user/.m2/repository/io/jaegertracing/jaeger-client/0.34.0/jaeger-client-0.34.0.jar:/home/user/.m2/repository/io/jaegertracing/jaeger-thrift/0.34.0/jaeger-thrift-0.34.0.jar:/home/user/.m2/repository/org/apache/thrift/libthrift/0.12.0/libthrift-0.12.0.jar:/home/user/.m2/repository/com/squareup/okhttp3/okhttp/3.9.0/okhttp-3.9.0.jar:/home/user/.m2/repository/com/squareup/okio/okio/1.13.0/okio-1.13.0.jar:/home/user/.m2/repository/io/jaegertracing/jaeger-core/0.34.0/jaeger-core-0.34.0.jar:/home/user/.m2/repository/io/jaegertracing/jaeger-tracerresolver/0.34.0/jaeger-tracerresolver-0.34.0.jar:/home/user/.m2/repository/io/opentracing/contrib/opentracing-tracerresolver/0.1.5/opentracing-tracerresolver-0.1.5.jar:/home/user/.m2/repository/io/opentracing/opentracing-util/0.31.0/opentracing-util-0.31.0.jar:/home/user/.m2/repository/io/opentracing/opentracing-api/0.31.0/opentracing-api-0.31.0.jar:/home/user/.m2/repository/io/opentracing/opentracing-noop/0.31.0/opentracing-noop-0.31.0.jar:/home/user/.m2/repository/org/apache/hadoop/hadoop-hdds-server-framework/0.5.0-SNAPSHOT/hadoop-hdds-server-framework-0.5.0-SNAPSHOT.jar:/home/user/.m2/repository/org/apache/hadoop/hadoop-hdds-container-service/0.5.0-SNAPSHOT/hadoop-hdds-container-service-0.5.0-SNAPSHOT.jar:/home/user/.m2/repository/org/apache/hadoop/hadoop-hdds-client/0.5.0-SNAPSHOT/hadoop-hdds-client-0.5.0-SNAPSHOT.jar:/home/user/.m2/repository/org/apache/hadoop/hadoop-hdds-tools/0.5.0-SNAPSHOT/hadoop-hdds-tools-0.5.0-SNAPSHOT.jar:/home/user/.m2/repository/org/apache/hadoop/hadoop-hdds-server-scm/0.5.0-SNAPSHOT/hadoop-hdds-server-scm-0.5.0-SNAPSHOT.jar:/home/user/.m2/repository/org/apache/hadoop/hadoop-hdds-docs/0.5.0-SNAPSHOT/hadoop-hdds-docs-0.5.0-SNAPSHOT.jar:/home/user/.m2/repository/io/dropwizard/metrics/metrics-core/3.2.4/metrics-core-3.2.4.jar:/home/user/.m2/repository/org/hamcrest/hamcrest-all/1.3/hamcrest-all-1.3.jar:/home/user/.m2/repository/org/bouncycastle/bcprov-jdk15on/1.60/bcprov-jdk15on-1.60.jar:/home/user/.m2/repository/info/picocli/picocli/3.9.6/picocli-3.9.6.jar:/home/user/.m2/repository/com/google/protobuf/protobuf-java/2.5.0/protobuf-java-2.5.0.jar:/home/user/.m2/repository/com/google/guava/guava/11.0.2/guava-11.0.2.jar:/home/user/.m2/repository/org/apache/hadoop/hadoop-ozone-ozone-manager/0.5.0-SNAPSHOT/hadoop-ozone-ozone-manager-0.5.0-SNAPSHOT.jar:/home/user/.m2/repository/org/apache/hadoop/hadoop-minikdc/3.2.0/hadoop-minikdc-3.2.0.jar:/home/user/.m2/repository/commons-io/commons-io/2.5/commons-io-2.5.jar:/home/user/.m2/repository/org/apache/kerby/kerb-simplekdc/1.0.1/kerb-simplekdc-1.0.1.jar:/home/user/.m2/repository/org/apache/kerby/kerb-client/1.0.1/kerb-client-1.0.1.jar:/home/user/.m2/repository/org/apache/kerby/kerby-config/1.0.1/kerby-config-1.0.1.jar:/home/user/.m2/repository/org/apache/kerby/kerb-core/1.0.1/kerb-core-1.0.1.jar:/home/user/.m2/repository/org/apache/kerby/kerby-pkix/1.0.1/kerby-pkix-1.0.1.jar:/home/user/.m2/repository/org/apache/kerby/kerby-asn1/1.0.1/kerby-asn1-1.0.1.jar:/home/user/.m2/repository/org/apache/kerby/kerby-util/1.0.1/kerby-util-1.0.1.jar:/home/user/.m2/repository/org/apache/kerby/kerb-common/1.0.1/kerb-common-1.0.1.jar:/home/user/.m2/repository/org/apache/kerby/kerb-crypto/1.0.1/kerb-crypto-1.0.1.jar:/home/user/.m2/repository/org/apache/kerby/kerb-util/1.0.1/kerb-util-1.0.1.jar:/home/user/.m2/repository/org/apache/kerby/token-provider/1.0.1/token-provider-1.0.1.jar:/home/user/.m2/repository/org/apache/kerby/kerb-admin/1.0.1/kerb-admin-1.0.1.jar:/home/user/.m2/repository/org/apache/kerby/kerb-server/1.0.1/kerb-server-1.0.1.jar:/home/user/.m2/repository/org/apache/kerby/kerb-identity/1.0.1/kerb-identity-1.0.1.jar:/home/user/.m2/repository/org/apache/kerby/kerby-xdr/1.0.1/kerby-xdr-1.0.1.jar:/home/user/.m2/repository/org/slf4j/slf4j-log4j12/1.7.25/slf4j-log4j12-1.7.25.jar:/home/user/.m2/repository/org/apache/hadoop/hadoop-ozone-s3gateway/0.5.0-SNAPSHOT/hadoop-ozone-s3gateway-0.5.0-SNAPSHOT.jar:/home/user/.m2/repository/org/jboss/weld/servlet/weld-servlet/2.4.7.Final/weld-servlet-2.4.7.Final.jar:/home/user/.m2/repository/org/glassfish/jersey/containers/jersey-container-servlet-core/2.27/jersey-container-servlet-core-2.27.jar:/home/user/.m2/repository/org/glassfish/hk2/external/javax.inject/2.5.0-b42/javax.inject-2.5.0-b42.jar:/home/user/.m2/repository/org/glassfish/jersey/core/jersey-common/2.27/jersey-common-2.27.jar:/home/user/.m2/repository/org/glassfish/hk2/osgi-resource-locator/1.0.1/osgi-resource-locator-1.0.1.jar:/home/user/.m2/repository/javax/ws/rs/javax.ws.rs-api/2.1/javax.ws.rs-api-2.1.jar:/home/user/.m2/repository/org/glassfish/jersey/ext/cdi/jersey-cdi1x/2.27/jersey-cdi1x-2.27.jar:/home/user/.m2/repository/org/glassfish/jersey/inject/jersey-hk2/2.27/jersey-hk2-2.27.jar:/home/user/.m2/repository/org/glassfish/hk2/hk2-locator/2.5.0-b42/hk2-locator-2.5.0-b42.jar:/home/user/.m2/repository/org/javassist/javassist/3.22.0-CR2/javassist-3.22.0-CR2.jar:/home/user/.m2/repository/org/glassfish/hk2/hk2-api/2.5.0/hk2-api-2.5.0.jar:/home/user/.m2/repository/org/glassfish/hk2/external/jakarta.inject/2.5.0/jakarta.inject-2.5.0.jar:/home/user/.m2/repository/org/glassfish/hk2/hk2-utils/2.5.0/hk2-utils-2.5.0.jar:/home/user/.m2/repository/jakarta/annotation/jakarta.annotation-api/1.3.4/jakarta.annotation-api-1.3.4.jar:/home/user/.m2/repository/org/glassfish/hk2/external/aopalliance-repackaged/2.5.0/aopalliance-repackaged-2.5.0.jar:/home/user/.m2/repository/com/fasterxml/jackson/dataformat/jackson-dataformat-xml/2.9.0/jackson-dataformat-xml-2.9.0.jar:/home/user/.m2/repository/com/fasterxml/jackson/core/jackson-core/2.9.9/jackson-core-2.9.9.jar:/home/user/.m2/repository/com/fasterxml/jackson/module/jackson-module-jaxb-annotations/2.9.9/jackson-module-jaxb-annotations-2.9.9.jar:/home/user/.m2/repository/javax/enterprise/cdi-api/1.2/cdi-api-1.2.jar:/home/user/.m2/repository/javax/el/javax.el-api/3.0.0/javax.el-api-3.0.0.jar:/home/user/.m2/repository/javax/interceptor/javax.interceptor-api/1.2/javax.interceptor-api-1.2.jar:/home/user/.m2/repository/javax/inject/javax.inject/1/javax.inject-1.jar:/home/user/.m2/repository/com/sun/xml/bind/jaxb-impl/2.3.0.1/jaxb-impl-2.3.0.1.jar:/home/user/.m2/repository/com/sun/xml/bind/jaxb-core/2.3.0.1/jaxb-core-2.3.0.1.jar:/home/user/.m2/repository/javax/xml/bind/jaxb-api/2.3.0/jaxb-api-2.3.0.jar:/home/user/.m2/repository/javax/activation/activation/1.1.1/activation-1.1.1.jar:/home/user/.m2/repository/org/apache/hadoop/hadoop-ozone-csi/0.5.0-SNAPSHOT/hadoop-ozone-csi-0.5.0-SNAPSHOT.jar:/home/user/.m2/repository/com/google/protobuf/protobuf-java-util/3.5.1/protobuf-java-util-3.5.1.jar:/home/user/.m2/repository/org/apache/hadoop/hadoop-hdds-config/0.5.0-SNAPSHOT/hadoop-hdds-config-0.5.0-SNAPSHOT.jar:/home/user/.m2/repository/io/grpc/grpc-netty/1.17.1/grpc-netty-1.17.1.jar:/home/user/.m2/repository/io/grpc/grpc-core/1.17.1/grpc-core-1.17.1.jar:/home/user/.m2/repository/io/grpc/grpc-context/1.17.1/grpc-context-1.17.1.jar:/home/user/.m2/repository/com/google/errorprone/error_prone_annotations/2.2.0/error_prone_annotations-2.2.0.jar:/home/user/.m2/repository/org/codehaus/mojo/animal-sniffer-annotations/1.17/animal-sniffer-annotations-1.17.jar:/home/user/.m2/repository/io/opencensus/opencensus-api/0.17.0/opencensus-api-0.17.0.jar:/home/user/.m2/repository/io/opencensus/opencensus-contrib-grpc-metrics/0.17.0/opencensus-contrib-grpc-metrics-0.17.0.jar:/home/user/.m2/repository/io/netty/netty-codec-http2/4.1.30.Final/netty-codec-http2-4.1.30.Final.jar:/home/user/.m2/repository/io/netty/netty-codec-http/4.1.30.Final/netty-codec-http-4.1.30.Final.jar:/home/user/.m2/repository/io/netty/netty-codec/4.1.30.Final/netty-codec-4.1.30.Final.jar:/home/user/.m2/repository/io/netty/netty-handler/4.1.30.Final/netty-handler-4.1.30.Final.jar:/home/user/.m2/repository/io/netty/netty-handler-proxy/4.1.30.Final/netty-handler-proxy-4.1.30.Final.jar:/home/user/.m2/repository/io/netty/netty-codec-socks/4.1.30.Final/netty-codec-socks-4.1.30.Final.jar:/home/user/.m2/repository/io/netty/netty-transport-native-epoll/4.1.30.Final/netty-transport-native-epoll-4.1.30.Final.jar:/home/user/.m2/repository/io/netty/netty-common/4.1.30.Final/netty-common-4.1.30.Final.jar:/home/user/.m2/repository/io/netty/netty-buffer/4.1.30.Final/netty-buffer-4.1.30.Final.jar:/home/user/.m2/repository/io/netty/netty-transport/4.1.30.Final/netty-transport-4.1.30.Final.jar:/home/user/.m2/repository/io/netty/netty-resolver/4.1.30.Final/netty-resolver-4.1.30.Final.jar:/home/user/.m2/repository/io/netty/netty-transport-native-unix-common/4.1.30.Final/netty-transport-native-unix-common-4.1.30.Final.jar:/home/user/.m2/repository/io/grpc/grpc-protobuf/1.17.1/grpc-protobuf-1.17.1.jar:/home/user/.m2/repository/com/google/api/grpc/proto-google-common-protos/1.0.0/proto-google-common-protos-1.0.0.jar:/home/user/.m2/repository/io/grpc/grpc-protobuf-lite/1.17.1/grpc-protobuf-lite-1.17.1.jar:/home/user/.m2/repository/io/grpc/grpc-stub/1.17.1/grpc-stub-1.17.1.jar:/home/user/.m2/repository/org/apache/hadoop/hadoop-ozone-recon/0.5.0-SNAPSHOT/hadoop-ozone-recon-0.5.0-SNAPSHOT.jar:/home/user/.m2/repository/org/apache/hadoop/hadoop-ozone-reconcodegen/0.5.0-SNAPSHOT/hadoop-ozone-reconcodegen-0.5.0-SNAPSHOT.jar:/home/user/.m2/repository/com/google/inject/extensions/guice-multibindings/4.0/guice-multibindings-4.0.jar:/home/user/.m2/repository/com/google/inject/guice/4.0/guice-4.0.jar:/home/user/.m2/repository/aopalliance/aopalliance/1.0/aopalliance-1.0.jar:/home/user/.m2/repository/com/google/inject/extensions/guice-servlet/4.0/guice-servlet-4.0.jar:/home/user/.m2/repository/org/glassfish/jersey/containers/jersey-container-servlet/2.27/jersey-container-servlet-2.27.jar:/home/user/.m2/repository/org/glassfish/hk2/guice-bridge/2.5.0/guice-bridge-2.5.0.jar:/home/user/.m2/repository/org/glassfish/jersey/core/jersey-server/2.27/jersey-server-2.27.jar:/home/user/.m2/repository/org/glassfish/jersey/core/jersey-client/2.27/jersey-client-2.27.jar:/home/user/.m2/repository/org/glassfish/jersey/media/jersey-media-jaxb/2.27/jersey-media-jaxb-2.27.jar:/home/user/.m2/repository/javax/validation/validation-api/1.1.0.Final/validation-api-1.1.0.Final.jar:/home/user/.m2/repository/org/glassfish/jersey/media/jersey-media-json-jackson/2.27/jersey-media-json-jackson-2.27.jar:/home/user/.m2/repository/org/glassfish/jersey/ext/jersey-entity-filtering/2.27/jersey-entity-filtering-2.27.jar:/home/user/.m2/repository/com/google/inject/extensions/guice-assistedinject/4.0/guice-assistedinject-4.0.jar:/home/user/.m2/repository/org/jooq/jooq/3.11.10/jooq-3.11.10.jar:/home/user/.m2/repository/org/jooq/jooq-meta/3.11.10/jooq-meta-3.11.10.jar:/home/user/.m2/repository/org/jooq/jooq-codegen/3.11.10/jooq-codegen-3.11.10.jar:/home/user/.m2/repository/com/jolbox/bonecp/0.8.0.RELEASE/bonecp-0.8.0.RELEASE.jar:/home/user/.m2/repository/org/xerial/sqlite-jdbc/3.25.2/sqlite-jdbc-3.25.2.jar:/home/user/.m2/repository/org/springframework/spring-jdbc/5.1.3.RELEASE/spring-jdbc-5.1.3.RELEASE.jar:/home/user/.m2/repository/org/springframework/spring-beans/5.1.3.RELEASE/spring-beans-5.1.3.RELEASE.jar:/home/user/.m2/repository/org/springframework/spring-core/5.1.3.RELEASE/spring-core-5.1.3.RELEASE.jar:/home/user/.m2/repository/org/springframework/spring-jcl/5.1.3.RELEASE/spring-jcl-5.1.3.RELEASE.jar:/home/user/.m2/repository/org/springframework/spring-tx/5.1.3.RELEASE/spring-tx-5.1.3.RELEASE.jar:/home/user/.m2/repository/org/apache/hadoop/hadoop-ozone-client/0.5.0-SNAPSHOT/hadoop-ozone-client-0.5.0-SNAPSHOT.jar:/home/user/.m2/repository/commons-lang/commons-lang/2.6/commons-lang-2.6.jar:/home/user/.m2/repository/org/apache/hadoop/hadoop-ozone-ozone-manager/0.5.0-SNAPSHOT/hadoop-ozone-ozone-manager-0.5.0-SNAPSHOT-tests.jar:/home/user/.m2/repository/junit/junit/4.11/junit-4.11.jar:/home/user/.m2/repository/org/hamcrest/hamcrest-core/1.3/hamcrest-core-1.3.jar:/home/user/.m2/repository/org/openjdk/jmh/jmh-core/1.19/jmh-core-1.19.jar:/home/user/.m2/repository/net/sf/jopt-simple/jopt-simple/4.6/jopt-simple-4.6.jar:/home/user/.m2/repository/org/apache/commons/commons-math3/3.1.1/commons-math3-3.1.1.jar:/home/user/.m2/repository/org/openjdk/jmh/jmh-generator-annprocess/1.19/jmh-generator-annprocess-1.19.jar:/home/user/.m2/repository/org/mockito/mockito-all/1.8.5/mockito-all-1.8.5.jar:/home/user/.m2/repository/org/apache/hadoop/hadoop-kms/3.2.0/hadoop-kms-3.2.0.jar:/home/user/.m2/repository/org/apache/hadoop/hadoop-auth/3.2.0/hadoop-auth-3.2.0.jar:/home/user/.m2/repository/com/nimbusds/nimbus-jose-jwt/4.41.1/nimbus-jose-jwt-4.41.1.jar:/home/user/.m2/repository/com/github/stephenc/jcip/jcip-annotations/1.0-1/jcip-annotations-1.0-1.jar:/home/user/.m2/repository/net/minidev/json-smart/2.3/json-smart-2.3.jar:/home/user/.m2/repository/net/minidev/accessors-smart/1.2/accessors-smart-1.2.jar:/home/user/.m2/repository/org/ow2/asm/asm/5.0.4/asm-5.0.4.jar:/home/user/.m2/repository/org/apache/curator/curator-framework/2.12.0/curator-framework-2.12.0.jar:/home/user/.m2/repository/com/sun/jersey/jersey-core/1.19/jersey-core-1.19.jar:/home/user/.m2/repository/javax/ws/rs/jsr311-api/1.1.1/jsr311-api-1.1.1.jar:/home/user/.m2/repository/com/sun/jersey/jersey-server/1.19/jersey-server-1.19.jar:/home/user/.m2/repository/javax/servlet/javax.servlet-api/3.1.0/javax.servlet-api-3.1.0.jar:/home/user/.m2/repository/org/eclipse/jetty/jetty-server/9.3.25.v20180904/jetty-server-9.3.25.v20180904.jar:/home/user/.m2/repository/org/eclipse/jetty/jetty-http/9.3.25.v20180904/jetty-http-9.3.25.v20180904.jar:/home/user/.m2/repository/org/eclipse/jetty/jetty-io/9.3.25.v20180904/jetty-io-9.3.25.v20180904.jar:/home/user/.m2/repository/org/eclipse/jetty/jetty-webapp/9.3.25.v20180904/jetty-webapp-9.3.25.v20180904.jar:/home/user/.m2/repository/org/eclipse/jetty/jetty-xml/9.3.25.v20180904/jetty-xml-9.3.25.v20180904.jar:/home/user/.m2/repository/log4j/log4j/1.2.17/log4j-1.2.17.jar:/home/user/.m2/repository/org/slf4j/slf4j-api/1.7.25/slf4j-api-1.7.25.jar:/home/user/.m2/repository/org/slf4j/jul-to-slf4j/1.7.25/jul-to-slf4j-1.7.25.jar:/home/user/.m2/repository/org/eclipse/jetty/jetty-util/9.3.25.v20180904/jetty-util-9.3.25.v20180904.jar:/home/user/.m2/repository/com/fasterxml/jackson/core/jackson-databind/2.9.9/jackson-databind-2.9.9.jar:/home/user/.m2/repository/org/apache/hadoop/hadoop-kms/3.2.0/hadoop-kms-3.2.0-tests.jar:/home/user/.m2/repository/org/apache/hadoop/hadoop-hdds-server-scm/0.5.0-SNAPSHOT/hadoop-hdds-server-scm-0.5.0-SNAPSHOT-tests.jar:/home/user/.m2/repository/org/apache/hadoop/hadoop-hdds-container-service/0.5.0-SNAPSHOT/hadoop-hdds-container-service-0.5.0-SNAPSHOT-tests.jar:/home/user/.m2/repository/org/yaml/snakeyaml/1.16/snakeyaml-1.16.jar:/home/user/.m2/repository/org/apache/hadoop/hadoop-common/3.2.0/hadoop-common-3.2.0-tests.jar:/home/user/.m2/repository/org/apache/hadoop/hadoop-annotations/3.2.0/hadoop-annotations-3.2.0.jar:/usr/lib/jvm/java-1.8.0-openjdk-1.8.0.222.b10-1.el7_7.x86_64/jre/../lib/tools.jar:/home/user/.m2/repository/commons-cli/commons-cli/1.2/commons-cli-1.2.jar:/home/user/.m2/repository/org/apache/httpcomponents/httpclient/4.5.2/httpclient-4.5.2.jar:/home/user/.m2/repository/org/apache/httpcomponents/httpcore/4.4.4/httpcore-4.4.4.jar:/home/user/.m2/repository/commons-codec/commons-codec/1.11/commons-codec-1.11.jar:/home/user/.m2/repository/commons-net/commons-net/3.6/commons-net-3.6.jar:/home/user/.m2/repository/commons-collections/commons-collections/3.2.2/commons-collections-3.2.2.jar:/home/user/.m2/repository/org/eclipse/jetty/jetty-servlet/9.3.25.v20180904/jetty-servlet-9.3.25.v20180904.jar:/home/user/.m2/repository/org/eclipse/jetty/jetty-security/9.3.25.v20180904/jetty-security-9.3.25.v20180904.jar:/home/user/.m2/repository/javax/servlet/jsp/jsp-api/2.1/jsp-api-2.1.jar:/home/user/.m2/repository/com/sun/jersey/jersey-servlet/1.19/jersey-servlet-1.19.jar:/home/user/.m2/repository/com/sun/jersey/jersey-json/1.19/jersey-json-1.19.jar:/home/user/.m2/repository/org/codehaus/jettison/jettison/1.1/jettison-1.1.jar:/home/user/.m2/repository/org/codehaus/jackson/jackson-core-asl/1.9.13/jackson-core-asl-1.9.13.jar:/home/user/.m2/repository/org/codehaus/jackson/jackson-mapper-asl/1.9.13/jackson-mapper-asl-1.9.13.jar:/home/user/.m2/repository/org/codehaus/jackson/jackson-jaxrs/1.9.13/jackson-jaxrs-1.9.13.jar:/home/user/.m2/repository/org/codehaus/jackson/jackson-xc/1.9.13/jackson-xc-1.9.13.jar:/home/user/.m2/repository/commons-logging/commons-logging/1.1.3/commons-logging-1.1.3.jar:/home/user/.m2/repository/commons-beanutils/commons-beanutils/1.9.4/commons-beanutils-1.9.4.jar:/home/user/.m2/repository/org/apache/commons/commons-configuration2/2.1.1/commons-configuration2-2.1.1.jar:/home/user/.m2/repository/org/apache/commons/commons-lang3/3.7/commons-lang3-3.7.jar:/home/user/.m2/repository/org/apache/commons/commons-text/1.4/commons-text-1.4.jar:/home/user/.m2/repository/org/apache/avro/avro/1.7.7/avro-1.7.7.jar:/home/user/.m2/repository/com/thoughtworks/paranamer/paranamer/2.3/paranamer-2.3.jar:/home/user/.m2/repository/org/xerial/snappy/snappy-java/1.0.5/snappy-java-1.0.5.jar:/home/user/.m2/repository/com/google/re2j/re2j/1.1/re2j-1.1.jar:/home/user/.m2/repository/com/google/code/gson/gson/2.2.4/gson-2.2.4.jar:/home/user/.m2/repository/com/jcraft/jsch/0.1.54/jsch-0.1.54.jar:/home/user/.m2/repository/org/apache/curator/curator-client/2.12.0/curator-client-2.12.0.jar:/home/user/.m2/repository/org/apache/curator/curator-recipes/2.12.0/curator-recipes-2.12.0.jar:/home/user/.m2/repository/com/google/code/findbugs/jsr305/3.0.0/jsr305-3.0.0.jar:/home/user/.m2/repository/org/apache/htrace/htrace-core4/4.1.0-incubating/htrace-core4-4.1.0-incubating.jar:/home/user/.m2/repository/org/apache/zookeeper/zookeeper/3.4.13/zookeeper-3.4.13.jar:/home/user/.m2/repository/jline/jline/0.9.94/jline-0.9.94.jar:/home/user/.m2/repository/org/apache/yetus/audience-annotations/0.5.0/audience-annotations-0.5.0.jar:/home/user/.m2/repository/org/codehaus/woodstox/stax2-api/3.1.4/stax2-api-3.1.4.jar:/home/user/.m2/repository/com/fasterxml/woodstox/woodstox-core/5.0.3/woodstox-core-5.0.3.jar:/home/user/.m2/repository/dnsjava/dnsjava/2.1.7/dnsjava-2.1.7.jar:/home/user/.m2/repository/org/apache/hadoop/hadoop-hdfs/3.2.0/hadoop-hdfs-3.2.0-tests.jar:/home/user/.m2/repository/org/eclipse/jetty/jetty-util-ajax/9.3.25.v20180904/jetty-util-ajax-9.3.25.v20180904.jar:/home/user/.m2/repository/commons-daemon/commons-daemon/1.0.13/commons-daemon-1.0.13.jar:/home/user/.m2/repository/io/netty/netty/3.10.5.Final/netty-3.10.5.Final.jar:/home/user/.m2/repository/io/netty/netty-all/4.0.52.Final/netty-all-4.0.52.Final.jar:/home/user/.m2/repository/org/fusesource/leveldbjni/leveldbjni-all/1.8/leveldbjni-all-1.8.jar:"/>
    <property name="sun.cpu.endian" value="little"/>
    <property name="user.home" value="/home/user"/>
    <property name="user.language" value="en"/>
    <property name="java.specification.vendor" value="Oracle Corporation"/>
    <property name="java.home" value="/usr/lib/jvm/java-1.8.0-openjdk-1.8.0.222.b10-1.el7_7.x86_64/jre"/>
    <property name="surefire.excludesFile" value="/tools/ozone-bad-unit-tests"/>
    <property name="java.security.krb5.conf" value="/workdir/hadoop-ozone/integration-test/target/test-classes/krb5.conf"/>
    <property name="basedir" value="/workdir/hadoop-ozone/integration-test"/>
    <property name="file.separator" value="/"/>
    <property name="line.separator" value="&#10;"/>
    <property name="java.vm.specification.vendor" value="Oracle Corporation"/>
    <property name="java.specification.name" value="Java Platform API Specification"/>
    <property name="java.awt.graphicsenv" value="sun.awt.X11GraphicsEnvironment"/>
    <property name="surefire.real.class.path" value="/workdir/hadoop-ozone/integration-test/target/surefire/surefirebooter789190984668485989.jar"/>
    <property name="hadoop.log.dir" value="/workdir/hadoop-ozone/integration-test/target/log"/>
    <property name="sun.boot.class.path" value="/usr/lib/jvm/java-1.8.0-openjdk-1.8.0.222.b10-1.el7_7.x86_64/jre/lib/resources.jar:/usr/lib/jvm/java-1.8.0-openjdk-1.8.0.222.b10-1.el7_7.x86_64/jre/lib/rt.jar:/usr/lib/jvm/java-1.8.0-openjdk-1.8.0.222.b10-1.el7_7.x86_64/jre/lib/sunrsasign.jar:/usr/lib/jvm/java-1.8.0-openjdk-1.8.0.222.b10-1.el7_7.x86_64/jre/lib/jsse.jar:/usr/lib/jvm/java-1.8.0-openjdk-1.8.0.222.b10-1.el7_7.x86_64/jre/lib/jce.jar:/usr/lib/jvm/java-1.8.0-openjdk-1.8.0.222.b10-1.el7_7.x86_64/jre/lib/charsets.jar:/usr/lib/jvm/java-1.8.0-openjdk-1.8.0.222.b10-1.el7_7.x86_64/jre/lib/jfr.jar:/usr/lib/jvm/java-1.8.0-openjdk-1.8.0.222.b10-1.el7_7.x86_64/jre/classes"/>
    <property name="sun.management.compiler" value="HotSpot 64-Bit Tiered Compilers"/>
    <property name="java.runtime.version" value="1.8.0_222-b10"/>
    <property name="java.net.preferIPv4Stack" value="true"/>
    <property name="user.name" value="jenkins1000"/>
    <property name="path.separator" value=":"/>
    <property name="java.security.egd" value="file:///dev/urandom"/>
    <property name="os.version" value="3.10.0-957.12.2.el7.x86_64"/>
    <property name="java.endorsed.dirs" value="/usr/lib/jvm/java-1.8.0-openjdk-1.8.0.222.b10-1.el7_7.x86_64/jre/lib/endorsed"/>
    <property name="java.runtime.name" value="OpenJDK Runtime Environment"/>
    <property name="file.encoding" value="ANSI_X3.4-1968"/>
    <property name="java.vm.name" value="OpenJDK 64-Bit Server VM"/>
    <property name="test.build.webapps" value=""/>
    <property name="localRepository" value="/home/user/.m2/repository"/>
    <property name="java.vendor.url.bug" value="http://bugreport.sun.com/bugreport/"/>
    <property name="java.io.tmpdir" value="/tmp"/>
    <property name="require.test.libhadoop" value=""/>
    <property name="java.version" value="1.8.0_222"/>
    <property name="user.dir" value="/workdir/hadoop-ozone/integration-test"/>
    <property name="os.arch" value="amd64"/>
    <property name="java.vm.specification.name" value="Java Virtual Machine Specification"/>
    <property name="test.build.classes" value="/workdir/hadoop-ozone/integration-test/target/test-classes"/>
    <property name="java.awt.printerjob" value="sun.print.PSPrinterJob"/>
    <property name="sun.os.patch.level" value="unknown"/>
    <property name="hadoop.tmp.dir" value="/workdir/hadoop-ozone/integration-test/target/tmp"/>
    <property name="java.library.path" value="/usr/lib:/workdir/hadoop-ozone/integration-test/target/native/target/usr/local/lib:/workdir/hadoop-ozone/integration-test/../../hadoop-common-project/hadoop-common/target/native/target/usr/local/lib:/usr/java/packages/lib/amd64:/usr/lib64:/lib64:/lib:/usr/lib"/>
    <property name="java.vm.info" value="mixed mode"/>
    <property name="java.vendor" value="Oracle Corporation"/>
    <property name="java.vm.version" value="25.222-b10"/>
    <property name="java.ext.dirs" value="/usr/lib/jvm/java-1.8.0-openjdk-1.8.0.222.b10-1.el7_7.x86_64/jre/lib/ext:/usr/java/packages/lib/ext"/>
    <property name="sun.io.unicode.encoding" value="UnicodeLittle"/>
    <property name="java.class.version" value="52.0"/>
  </properties>
  <testcase name="testPipelineExclusionWithPipelineFailure" classname="org.apache.hadoop.ozone.client.rpc.TestFailureHandlingByClient" time="56.403"/>
  <testcase name="testContainerExclusionWithClosedContainerException" classname="org.apache.hadoop.ozone.client.rpc.TestFailureHandlingByClient" time="37.318"/>
  <testcase name="testWriteSmallFile" classname="org.apache.hadoop.ozone.client.rpc.TestFailureHandlingByClient" time="57.117"/>
  <testcase name="testBlockWritesWithDnFailures" classname="org.apache.hadoop.ozone.client.rpc.TestFailureHandlingByClient" time="62.193"/>
  <testcase name="testDatanodeExclusionWithMajorityCommit" classname="org.apache.hadoop.ozone.client.rpc.TestFailureHandlingByClient" time="69.685">
    <failure type="java.lang.AssertionError">java.lang.AssertionError
	at org.junit.Assert.fail(Assert.java:86)
	at org.junit.Assert.assertTrue(Assert.java:41)
	at org.junit.Assert.assertTrue(Assert.java:52)
	at org.apache.hadoop.ozone.client.rpc.TestFailureHandlingByClient.testDatanodeExclusionWithMajorityCommit(TestFailureHandlingByClient.java:322)
	at sun.reflect.NativeMethodAccessorImpl.invoke0(Native Method)
	at sun.reflect.NativeMethodAccessorImpl.invoke(NativeMethodAccessorImpl.java:62)
	at sun.reflect.DelegatingMethodAccessorImpl.invoke(DelegatingMethodAccessorImpl.java:43)
	at java.lang.reflect.Method.invoke(Method.java:498)
	at org.junit.runners.model.FrameworkMethod$1.runReflectiveCall(FrameworkMethod.java:47)
	at org.junit.internal.runners.model.ReflectiveCallable.run(ReflectiveCallable.java:12)
	at org.junit.runners.model.FrameworkMethod.invokeExplosively(FrameworkMethod.java:44)
	at org.junit.internal.runners.statements.InvokeMethod.evaluate(InvokeMethod.java:17)
	at org.junit.internal.runners.statements.RunAfters.evaluate(RunAfters.java:27)
	at org.junit.runners.ParentRunner.runLeaf(ParentRunner.java:271)
	at org.junit.runners.BlockJUnit4ClassRunner.runChild(BlockJUnit4ClassRunner.java:70)
	at org.junit.runners.BlockJUnit4ClassRunner.runChild(BlockJUnit4ClassRunner.java:50)
	at org.junit.runners.ParentRunner$3.run(ParentRunner.java:238)
	at org.junit.runners.ParentRunner$1.schedule(ParentRunner.java:63)
	at org.junit.runners.ParentRunner.runChildren(ParentRunner.java:236)
	at org.junit.runners.ParentRunner.access$000(ParentRunner.java:53)
	at org.junit.runners.ParentRunner$2.evaluate(ParentRunner.java:229)
	at org.junit.runners.ParentRunner.run(ParentRunner.java:309)
	at org.apache.maven.surefire.junit4.JUnit4Provider.execute(JUnit4Provider.java:365)
	at org.apache.maven.surefire.junit4.JUnit4Provider.executeWithRerun(JUnit4Provider.java:273)
	at org.apache.maven.surefire.junit4.JUnit4Provider.executeTestSet(JUnit4Provider.java:238)
	at org.apache.maven.surefire.junit4.JUnit4Provider.invoke(JUnit4Provider.java:159)
	at org.apache.maven.surefire.booter.ForkedBooter.invokeProviderInSameClassLoader(ForkedBooter.java:384)
	at org.apache.maven.surefire.booter.ForkedBooter.runSuitesInProcess(ForkedBooter.java:345)
	at org.apache.maven.surefire.booter.ForkedBooter.execute(ForkedBooter.java:126)
	at org.apache.maven.surefire.booter.ForkedBooter.main(ForkedBooter.java:418)
</failure>
    <system-out><![CDATA[2019-10-15 16:00:36,734 [main] WARN  server.ServerUtils (ServerUtils.java:getScmDbDir(145)) - ozone.scm.db.dirs is not configured. We recommend adding this setting. Falling back to ozone.metadata.dirs instead.
2019-10-15 16:00:36,766 [main] WARN  server.ServerUtils (ServerUtils.java:getScmDbDir(145)) - ozone.scm.db.dirs is not configured. We recommend adding this setting. Falling back to ozone.metadata.dirs instead.
2019-10-15 16:00:36,787 [main] WARN  server.ServerUtils (ServerUtils.java:getScmDbDir(145)) - ozone.scm.db.dirs is not configured. We recommend adding this setting. Falling back to ozone.metadata.dirs instead.
2019-10-15 16:00:36,788 [main] INFO  db.DBStoreBuilder (DBStoreBuilder.java:addTable(117)) - using custom profile for table: deletedBlocks
2019-10-15 16:00:36,788 [main] INFO  db.DBStoreBuilder (DBStoreBuilder.java:processTables(168)) - Using default column profile:DBProfile.DISK for Table:deletedBlocks
2019-10-15 16:00:36,788 [main] INFO  db.DBStoreBuilder (DBStoreBuilder.java:addTable(117)) - using custom profile for table: validCerts
2019-10-15 16:00:36,789 [main] INFO  db.DBStoreBuilder (DBStoreBuilder.java:processTables(168)) - Using default column profile:DBProfile.DISK for Table:validCerts
2019-10-15 16:00:36,789 [main] INFO  db.DBStoreBuilder (DBStoreBuilder.java:addTable(117)) - using custom profile for table: revokedCerts
2019-10-15 16:00:36,789 [main] INFO  db.DBStoreBuilder (DBStoreBuilder.java:processTables(168)) - Using default column profile:DBProfile.DISK for Table:revokedCerts
2019-10-15 16:00:36,790 [main] INFO  db.DBStoreBuilder (DBStoreBuilder.java:addTable(117)) - using custom profile for table: default
2019-10-15 16:00:36,790 [main] INFO  db.DBStoreBuilder (DBStoreBuilder.java:processTables(174)) - Using default column profile:DBProfile.DISK for Table:default
2019-10-15 16:00:36,790 [main] INFO  db.DBStoreBuilder (DBStoreBuilder.java:getDbProfile(205)) - Using default options. DBProfile.DISK
2019-10-15 16:00:37,071 [main] INFO  net.NodeSchemaLoader (NodeSchemaLoader.java:loadSchemaFromFile(125)) - Loading file from sun.misc.CompoundEnumeration@2aea717c
2019-10-15 16:00:37,071 [main] INFO  net.NodeSchemaLoader (NodeSchemaLoader.java:loadSchema(171)) - Loading network topology layer schema file
2019-10-15 16:00:37,078 [main] INFO  node.SCMNodeManager (SCMNodeManager.java:<init>(116)) - Entering startup safe mode.
2019-10-15 16:00:37,078 [main] INFO  algorithms.ContainerPlacementPolicyFactory (ContainerPlacementPolicyFactory.java:getPolicy(57)) - Create container placement policy of type org.apache.hadoop.hdds.scm.container.placement.algorithms.SCMContainerPlacementRandom
2019-10-15 16:00:37,079 [main] WARN  server.ServerUtils (ServerUtils.java:getScmDbDir(145)) - ozone.scm.db.dirs is not configured. We recommend adding this setting. Falling back to ozone.metadata.dirs instead.
2019-10-15 16:00:37,327 [main] INFO  pipeline.SCMPipelineManager (SCMPipelineManager.java:initializePipelineState(132)) - No pipeline exists in current db
2019-10-15 16:00:37,327 [main] WARN  server.ServerUtils (ServerUtils.java:getScmDbDir(145)) - ozone.scm.db.dirs is not configured. We recommend adding this setting. Falling back to ozone.metadata.dirs instead.
2019-10-15 16:00:37,400 [main] WARN  events.EventQueue (EventQueue.java:fireEvent(183)) - No event handler registered for event TypedEvent{payloadType=SafeModeStatus, name='SafeModeStatus'}
2019-10-15 16:00:37,402 [main] INFO  ipc.CallQueueManager (CallQueueManager.java:<init>(84)) - Using callQueue: class java.util.concurrent.LinkedBlockingQueue, queueCapacity: 2000, scheduler: class org.apache.hadoop.ipc.DefaultRpcScheduler, ipcBackoff: false.
2019-10-15 16:00:37,403 [Socket Reader #1 for port 32908] INFO  ipc.Server (Server.java:run(1074)) - Starting Socket Reader #1 for port 32908
2019-10-15 16:00:37,405 [main] INFO  ipc.CallQueueManager (CallQueueManager.java:<init>(84)) - Using callQueue: class java.util.concurrent.LinkedBlockingQueue, queueCapacity: 2000, scheduler: class org.apache.hadoop.ipc.DefaultRpcScheduler, ipcBackoff: false.
2019-10-15 16:00:37,406 [Socket Reader #1 for port 36273] INFO  ipc.Server (Server.java:run(1074)) - Starting Socket Reader #1 for port 36273
2019-10-15 16:00:37,407 [main] INFO  ipc.CallQueueManager (CallQueueManager.java:<init>(84)) - Using callQueue: class java.util.concurrent.LinkedBlockingQueue, queueCapacity: 2000, scheduler: class org.apache.hadoop.ipc.DefaultRpcScheduler, ipcBackoff: false.
2019-10-15 16:00:37,408 [Socket Reader #1 for port 36238] INFO  ipc.Server (Server.java:run(1074)) - Starting Socket Reader #1 for port 36238
2019-10-15 16:00:37,411 [main] INFO  hdfs.DFSUtil (DFSUtil.java:httpServerTemplateForNNAndJN(1641)) - Starting Web-server for scm at: http://0.0.0.0:0
2019-10-15 16:00:37,414 [main] INFO  server.AuthenticationFilter (AuthenticationFilter.java:constructSecretProvider(240)) - Unable to initialize FileSignerSecretProvider, falling back to use random secrets.
2019-10-15 16:00:37,414 [main] WARN  http.HttpRequestLog (HttpRequestLog.java:getRequestLog(97)) - Jetty request log can only be enabled using Log4j
2019-10-15 16:00:37,417 [main] INFO  http.HttpServer2 (HttpServer2.java:addGlobalFilter(975)) - Added global filter 'safety' (class=org.apache.hadoop.http.HttpServer2$QuotingInputFilter)
2019-10-15 16:00:37,418 [main] INFO  http.HttpServer2 (HttpServer2.java:addFilter(948)) - Added filter static_user_filter (class=org.apache.hadoop.http.lib.StaticUserWebFilter$StaticUserFilter) to context scm
2019-10-15 16:00:37,418 [main] INFO  http.HttpServer2 (HttpServer2.java:addFilter(958)) - Added filter static_user_filter (class=org.apache.hadoop.http.lib.StaticUserWebFilter$StaticUserFilter) to context static
2019-10-15 16:00:37,418 [main] INFO  http.HttpServer2 (HttpServer2.java:addFilter(958)) - Added filter static_user_filter (class=org.apache.hadoop.http.lib.StaticUserWebFilter$StaticUserFilter) to context logs
2019-10-15 16:00:37,420 [main] INFO  server.StorageContainerManager (StorageContainerManager.java:start(772)) - StorageContainerLocationProtocol RPC server is listening at /0.0.0.0:36238
2019-10-15 16:00:37,423 [main] WARN  impl.MetricsConfig (MetricsConfig.java:loadFirst(134)) - Cannot locate configuration: tried hadoop-metrics2-storagecontainermanager.properties,hadoop-metrics2.properties
2019-10-15 16:00:37,424 [main] INFO  impl.MetricsSystemImpl (MetricsSystemImpl.java:startTimer(374)) - Scheduled Metric snapshot period at 10 second(s).
2019-10-15 16:00:37,425 [main] INFO  impl.MetricsSystemImpl (MetricsSystemImpl.java:start(191)) - StorageContainerManager metrics system started
2019-10-15 16:00:37,582 [main] WARN  impl.MetricsSystemImpl (MetricsSystemImpl.java:register(276)) - Sink prometheus already exists!
2019-10-15 16:00:37,649 [main] INFO  server.SCMClientProtocolServer (SCMClientProtocolServer.java:start(159)) - RPC server for Client  is listening at /0.0.0.0:36238
2019-10-15 16:00:37,649 [IPC Server Responder] INFO  ipc.Server (Server.java:run(1314)) - IPC Server Responder: starting
2019-10-15 16:00:37,649 [IPC Server listener on 36238] INFO  ipc.Server (Server.java:run(1153)) - IPC Server listener on 36238: starting
2019-10-15 16:00:37,654 [main] INFO  server.StorageContainerManager (StorageContainerManager.java:start(782)) - ScmBlockLocationProtocol RPC server is listening at /0.0.0.0:36273
2019-10-15 16:00:37,654 [main] INFO  server.SCMBlockProtocolServer (SCMBlockProtocolServer.java:start(146)) - RPC server for Block Protocol is listening at /0.0.0.0:36273
2019-10-15 16:00:37,654 [IPC Server Responder] INFO  ipc.Server (Server.java:run(1314)) - IPC Server Responder: starting
2019-10-15 16:00:37,654 [IPC Server listener on 36273] INFO  ipc.Server (Server.java:run(1153)) - IPC Server listener on 36273: starting
2019-10-15 16:00:37,658 [main] INFO  server.StorageContainerManager (StorageContainerManager.java:start(786)) - ScmDatanodeProtocl RPC server is listening at /0.0.0.0:32908
2019-10-15 16:00:37,659 [main] INFO  server.SCMDatanodeProtocolServer (SCMDatanodeProtocolServer.java:start(169)) - RPC server for DataNodes is listening at /0.0.0.0:32908
2019-10-15 16:00:37,659 [IPC Server Responder] INFO  ipc.Server (Server.java:run(1314)) - IPC Server Responder: starting
2019-10-15 16:00:37,659 [IPC Server listener on 32908] INFO  ipc.Server (Server.java:run(1153)) - IPC Server listener on 32908: starting
2019-10-15 16:00:37,663 [main] INFO  http.HttpServer2 (HttpServer2.java:bindListener(1191)) - Jetty bound to port 44836
2019-10-15 16:00:37,663 [main] INFO  server.Server (Server.java:doStart(351)) - jetty-9.3.25.v20180904, build timestamp: 2018-09-04T21:11:46Z, git hash: 3ce520221d0240229c862b122d2b06c12a625732
2019-10-15 16:00:37,665 [main] INFO  handler.ContextHandler (ContextHandler.java:doStart(781)) - Started o.e.j.s.ServletContextHandler@2d4a3e13{/logs,file:///workdir/hadoop-ozone/integration-test/target/log,AVAILABLE}
2019-10-15 16:00:37,665 [main] INFO  handler.ContextHandler (ContextHandler.java:doStart(781)) - Started o.e.j.s.ServletContextHandler@d8835af{/static,file:///workdir/hadoop-ozone/integration-test/target/test-classes/webapps/static,AVAILABLE}
2019-10-15 16:00:37,669 [main] INFO  handler.ContextHandler (ContextHandler.java:doStart(781)) - Started o.e.j.w.WebAppContext@7f0766ef{/,file:///workdir/hadoop-ozone/integration-test/target/test-classes/webapps/scm/,AVAILABLE}{/scm}
2019-10-15 16:00:37,670 [main] INFO  server.AbstractConnector (AbstractConnector.java:doStart(278)) - Started ServerConnector@1e56bc9b{HTTP/1.1,[http/1.1]}{0.0.0.0:44836}
2019-10-15 16:00:37,671 [main] INFO  server.Server (Server.java:doStart(419)) - Started @214355ms
2019-10-15 16:00:37,671 [main] WARN  impl.MetricsSystemImpl (MetricsSystemImpl.java:register(276)) - Sink prometheus already exists!
2019-10-15 16:00:37,672 [main] INFO  server.BaseHttpServer (BaseHttpServer.java:updateConnectorAddress(215)) - HTTP server of SCM is listening at http://0.0.0.0:44836
2019-10-15 16:00:37,673 [main] WARN  server.ServerUtils (ServerUtils.java:getDBPath(222)) - ozone.om.db.dirs is not configured. We recommend adding this setting. Falling back to ozone.metadata.dirs instead.
2019-10-15 16:00:37,674 [org.apache.hadoop.util.JvmPauseMonitor$Monitor@403364e9] INFO  util.JvmPauseMonitor (JvmPauseMonitor.java:run(188)) - Starting JVM pause monitor
2019-10-15 16:00:37,724 [main] INFO  ha.OMHANodeDetails (OMHANodeDetails.java:loadOMHAConfig(190)) - Configuration either no ozone.om.address set. Falling back to the default OM address /127.0.0.1:0
2019-10-15 16:00:37,724 [main] INFO  ha.OMHANodeDetails (OMHANodeDetails.java:getOMNodeDetails(220)) - OM Service ID is not set. Setting it to the default ID: omServiceIdDefault
2019-10-15 16:00:37,725 [main] WARN  server.ServerUtils (ServerUtils.java:getDBPath(222)) - ozone.om.db.dirs is not configured. We recommend adding this setting. Falling back to ozone.metadata.dirs instead.
2019-10-15 16:00:37,725 [main] WARN  server.ServerUtils (ServerUtils.java:getDBPath(222)) - ozone.om.db.dirs is not configured. We recommend adding this setting. Falling back to ozone.metadata.dirs instead.
2019-10-15 16:00:37,732 [main] WARN  server.ServerUtils (ServerUtils.java:getDBPath(222)) - ozone.om.db.dirs is not configured. We recommend adding this setting. Falling back to ozone.metadata.dirs instead.
2019-10-15 16:00:37,733 [main] INFO  db.DBStoreBuilder (DBStoreBuilder.java:addTable(117)) - using custom profile for table: userTable
2019-10-15 16:00:37,733 [main] INFO  db.DBStoreBuilder (DBStoreBuilder.java:processTables(168)) - Using default column profile:DBProfile.DISK for Table:userTable
2019-10-15 16:00:37,733 [main] INFO  db.DBStoreBuilder (DBStoreBuilder.java:addTable(117)) - using custom profile for table: volumeTable
2019-10-15 16:00:37,733 [main] INFO  db.DBStoreBuilder (DBStoreBuilder.java:processTables(168)) - Using default column profile:DBProfile.DISK for Table:volumeTable
2019-10-15 16:00:37,734 [main] INFO  db.DBStoreBuilder (DBStoreBuilder.java:addTable(117)) - using custom profile for table: bucketTable
2019-10-15 16:00:37,734 [main] INFO  db.DBStoreBuilder (DBStoreBuilder.java:processTables(168)) - Using default column profile:DBProfile.DISK for Table:bucketTable
2019-10-15 16:00:37,734 [main] INFO  db.DBStoreBuilder (DBStoreBuilder.java:addTable(117)) - using custom profile for table: keyTable
2019-10-15 16:00:37,734 [main] INFO  db.DBStoreBuilder (DBStoreBuilder.java:processTables(168)) - Using default column profile:DBProfile.DISK for Table:keyTable
2019-10-15 16:00:37,734 [main] INFO  db.DBStoreBuilder (DBStoreBuilder.java:addTable(117)) - using custom profile for table: deletedTable
2019-10-15 16:00:37,735 [main] INFO  db.DBStoreBuilder (DBStoreBuilder.java:processTables(168)) - Using default column profile:DBProfile.DISK for Table:deletedTable
2019-10-15 16:00:37,735 [main] INFO  db.DBStoreBuilder (DBStoreBuilder.java:addTable(117)) - using custom profile for table: openKeyTable
2019-10-15 16:00:37,735 [main] INFO  db.DBStoreBuilder (DBStoreBuilder.java:processTables(168)) - Using default column profile:DBProfile.DISK for Table:openKeyTable
2019-10-15 16:00:37,735 [main] INFO  db.DBStoreBuilder (DBStoreBuilder.java:addTable(117)) - using custom profile for table: s3Table
2019-10-15 16:00:37,735 [main] INFO  db.DBStoreBuilder (DBStoreBuilder.java:processTables(168)) - Using default column profile:DBProfile.DISK for Table:s3Table
2019-10-15 16:00:37,736 [main] INFO  db.DBStoreBuilder (DBStoreBuilder.java:addTable(117)) - using custom profile for table: multipartInfoTable
2019-10-15 16:00:37,736 [main] INFO  db.DBStoreBuilder (DBStoreBuilder.java:processTables(168)) - Using default column profile:DBProfile.DISK for Table:multipartInfoTable
2019-10-15 16:00:37,736 [main] INFO  db.DBStoreBuilder (DBStoreBuilder.java:addTable(117)) - using custom profile for table: dTokenTable
2019-10-15 16:00:37,736 [main] INFO  db.DBStoreBuilder (DBStoreBuilder.java:processTables(168)) - Using default column profile:DBProfile.DISK for Table:dTokenTable
2019-10-15 16:00:37,737 [main] INFO  db.DBStoreBuilder (DBStoreBuilder.java:addTable(117)) - using custom profile for table: s3SecretTable
2019-10-15 16:00:37,737 [main] INFO  db.DBStoreBuilder (DBStoreBuilder.java:processTables(168)) - Using default column profile:DBProfile.DISK for Table:s3SecretTable
2019-10-15 16:00:37,737 [main] INFO  db.DBStoreBuilder (DBStoreBuilder.java:addTable(117)) - using custom profile for table: prefixTable
2019-10-15 16:00:37,737 [main] INFO  db.DBStoreBuilder (DBStoreBuilder.java:processTables(168)) - Using default column profile:DBProfile.DISK for Table:prefixTable
2019-10-15 16:00:37,737 [main] INFO  db.DBStoreBuilder (DBStoreBuilder.java:addTable(117)) - using custom profile for table: default
2019-10-15 16:00:37,737 [main] INFO  db.DBStoreBuilder (DBStoreBuilder.java:processTables(174)) - Using default column profile:DBProfile.DISK for Table:default
2019-10-15 16:00:37,738 [main] INFO  db.DBStoreBuilder (DBStoreBuilder.java:getDbProfile(205)) - Using default options. DBProfile.DISK
2019-10-15 16:00:38,849 [main] INFO  ipc.CallQueueManager (CallQueueManager.java:<init>(84)) - Using callQueue: class java.util.concurrent.LinkedBlockingQueue, queueCapacity: 2000, scheduler: class org.apache.hadoop.ipc.DefaultRpcScheduler, ipcBackoff: false.
2019-10-15 16:00:38,850 [Socket Reader #1 for port 45892] INFO  ipc.Server (Server.java:run(1074)) - Starting Socket Reader #1 for port 45892
2019-10-15 16:00:38,870 [main] INFO  om.OzoneManager (OzoneManager.java:start(1071)) - OzoneManager RPC server is listening at localhost/127.0.0.1:45892
2019-10-15 16:00:38,870 [main] INFO  impl.MetricsSystemImpl (MetricsSystemImpl.java:init(158)) - OzoneManager metrics system started (again)
2019-10-15 16:00:38,872 [IPC Server Responder] INFO  ipc.Server (Server.java:run(1314)) - IPC Server Responder: starting
2019-10-15 16:00:38,873 [IPC Server listener on 45892] INFO  ipc.Server (Server.java:run(1153)) - IPC Server listener on 45892: starting
2019-10-15 16:00:38,879 [main] INFO  hdfs.DFSUtil (DFSUtil.java:httpServerTemplateForNNAndJN(1641)) - Starting Web-server for ozoneManager at: http://0.0.0.0:0
2019-10-15 16:00:38,881 [main] INFO  server.AuthenticationFilter (AuthenticationFilter.java:constructSecretProvider(240)) - Unable to initialize FileSignerSecretProvider, falling back to use random secrets.
2019-10-15 16:00:38,881 [main] WARN  http.HttpRequestLog (HttpRequestLog.java:getRequestLog(97)) - Jetty request log can only be enabled using Log4j
2019-10-15 16:00:38,883 [main] INFO  http.HttpServer2 (HttpServer2.java:addGlobalFilter(975)) - Added global filter 'safety' (class=org.apache.hadoop.http.HttpServer2$QuotingInputFilter)
2019-10-15 16:00:38,884 [main] INFO  http.HttpServer2 (HttpServer2.java:addFilter(948)) - Added filter static_user_filter (class=org.apache.hadoop.http.lib.StaticUserWebFilter$StaticUserFilter) to context ozoneManager
2019-10-15 16:00:38,884 [main] INFO  http.HttpServer2 (HttpServer2.java:addFilter(958)) - Added filter static_user_filter (class=org.apache.hadoop.http.lib.StaticUserWebFilter$StaticUserFilter) to context static
2019-10-15 16:00:38,884 [main] INFO  http.HttpServer2 (HttpServer2.java:addFilter(958)) - Added filter static_user_filter (class=org.apache.hadoop.http.lib.StaticUserWebFilter$StaticUserFilter) to context logs
2019-10-15 16:00:38,885 [main] INFO  http.HttpServer2 (HttpServer2.java:bindListener(1191)) - Jetty bound to port 39710
2019-10-15 16:00:38,886 [main] INFO  server.Server (Server.java:doStart(351)) - jetty-9.3.25.v20180904, build timestamp: 2018-09-04T21:11:46Z, git hash: 3ce520221d0240229c862b122d2b06c12a625732
2019-10-15 16:00:38,888 [main] INFO  handler.ContextHandler (ContextHandler.java:doStart(781)) - Started o.e.j.s.ServletContextHandler@2d237460{/logs,file:///workdir/hadoop-ozone/integration-test/target/log,AVAILABLE}
2019-10-15 16:00:38,888 [main] INFO  handler.ContextHandler (ContextHandler.java:doStart(781)) - Started o.e.j.s.ServletContextHandler@4b3a01d8{/static,file:///workdir/hadoop-ozone/integration-test/target/test-classes/webapps/static,AVAILABLE}
2019-10-15 16:00:38,893 [main] INFO  handler.ContextHandler (ContextHandler.java:doStart(781)) - Started o.e.j.w.WebAppContext@65600fb3{/,file:///workdir/hadoop-ozone/integration-test/target/test-classes/webapps/ozoneManager/,AVAILABLE}{/ozoneManager}
2019-10-15 16:00:38,894 [main] INFO  server.AbstractConnector (AbstractConnector.java:doStart(278)) - Started ServerConnector@25ce435{HTTP/1.1,[http/1.1]}{0.0.0.0:39710}
2019-10-15 16:00:38,895 [main] INFO  server.Server (Server.java:doStart(419)) - Started @215579ms
2019-10-15 16:00:38,895 [main] WARN  impl.MetricsSystemImpl (MetricsSystemImpl.java:register(276)) - Sink prometheus already exists!
2019-10-15 16:00:38,896 [main] INFO  server.BaseHttpServer (BaseHttpServer.java:updateConnectorAddress(215)) - HTTP server of OZONEMANAGER is listening at http://0.0.0.0:39710
2019-10-15 16:00:38,921 [main] INFO  impl.MetricsSystemImpl (MetricsSystemImpl.java:init(158)) - HddsDatanode metrics system started (again)
2019-10-15 16:00:38,927 [main] INFO  ozone.HddsDatanodeService (HddsDatanodeService.java:start(184)) - HddsDatanodeService host:pr-hdds-1228-hxnc5-3896710236 ip:192.168.157.236
2019-10-15 16:00:38,936 [main] INFO  volume.HddsVolume (HddsVolume.java:<init>(176)) - Creating Volume: /workdir/hadoop-ozone/integration-test/target/test-dir/MiniOzoneClusterImpl-db5d02a6-340f-494d-b00e-bf4b2df0003c/datanode-0/data/containers/hdds of  storage type : DISK and capacity : 1482555576320
2019-10-15 16:00:38,936 [main] INFO  volume.VolumeSet (VolumeSet.java:initializeVolumeSet(170)) - Added Volume : /workdir/hadoop-ozone/integration-test/target/test-dir/MiniOzoneClusterImpl-db5d02a6-340f-494d-b00e-bf4b2df0003c/datanode-0/data/containers/hdds to VolumeSet
2019-10-15 16:00:38,937 [main] INFO  volume.ThrottledAsyncChecker (ThrottledAsyncChecker.java:schedule(141)) - Scheduling a check for /workdir/hadoop-ozone/integration-test/target/test-dir/MiniOzoneClusterImpl-db5d02a6-340f-494d-b00e-bf4b2df0003c/datanode-0/data/containers/hdds
2019-10-15 16:00:38,937 [main] INFO  volume.HddsVolumeChecker (HddsVolumeChecker.java:checkAllVolumes(204)) - Scheduled health check for volume /workdir/hadoop-ozone/integration-test/target/test-dir/MiniOzoneClusterImpl-db5d02a6-340f-494d-b00e-bf4b2df0003c/datanode-0/data/containers/hdds
2019-10-15 16:00:38,953 [main] INFO  impl.RaftServerProxy (ConfUtils.java:logGet(43)) - raft.rpc.type = GRPC (default)
2019-10-15 16:00:38,953 [main] INFO  grpc.GrpcFactory (GrpcFactory.java:checkPooledByteBufAllocatorUseCacheForAllThreads(45)) - PERFORMANCE WARNING: useCacheForAllThreads is true that may cause Netty to create a lot garbage objects and, as a result, trigger GC.
	It is recommended to disable useCacheForAllThreads by setting -Dorg.apache.ratis.thirdparty.io.netty.allocator.useCacheForAllThreads=false in command line.
2019-10-15 16:00:38,953 [main] INFO  grpc.GrpcConfigKeys$Server (ConfUtils.java:logGet(43)) - raft.grpc.server.port = 0 (default)
2019-10-15 16:00:38,953 [main] INFO  server.GrpcService (ConfUtils.java:logGet(43)) - raft.grpc.message.size.max = 33570816 (custom)
2019-10-15 16:00:38,954 [main] INFO  server.RaftServerConfigKeys (ConfUtils.java:logGet(43)) - raft.server.log.appender.buffer.byte-limit = 33554432 (custom)
2019-10-15 16:00:38,954 [main] INFO  server.GrpcService (ConfUtils.java:logGet(43)) - raft.grpc.flow.control.window = 1MB (=1048576) (default)
2019-10-15 16:00:38,954 [main] INFO  server.RaftServerConfigKeys (ConfUtils.java:logGet(43)) - raft.server.rpc.request.timeout = 3000ms (default)
2019-10-15 16:00:38,954 [main] INFO  server.RaftServerConfigKeys (ConfUtils.java:logGet(43)) - raft.server.storage.dir = [/workdir/hadoop-ozone/integration-test/target/test-dir/MiniOzoneClusterImpl-db5d02a6-340f-494d-b00e-bf4b2df0003c/datanode-0/data/ratis] (custom)
2019-10-15 16:00:38,956 [main] INFO  hdfs.DFSUtil (DFSUtil.java:httpServerTemplateForNNAndJN(1641)) - Starting Web-server for hddsDatanode at: http://0.0.0.0:0
2019-10-15 16:00:38,957 [main] INFO  server.AuthenticationFilter (AuthenticationFilter.java:constructSecretProvider(240)) - Unable to initialize FileSignerSecretProvider, falling back to use random secrets.
2019-10-15 16:00:38,957 [main] WARN  http.HttpRequestLog (HttpRequestLog.java:getRequestLog(97)) - Jetty request log can only be enabled using Log4j
2019-10-15 16:00:38,959 [main] INFO  http.HttpServer2 (HttpServer2.java:addGlobalFilter(975)) - Added global filter 'safety' (class=org.apache.hadoop.http.HttpServer2$QuotingInputFilter)
2019-10-15 16:00:38,959 [main] INFO  http.HttpServer2 (HttpServer2.java:addFilter(948)) - Added filter static_user_filter (class=org.apache.hadoop.http.lib.StaticUserWebFilter$StaticUserFilter) to context hddsDatanode
2019-10-15 16:00:38,959 [main] INFO  http.HttpServer2 (HttpServer2.java:addFilter(958)) - Added filter static_user_filter (class=org.apache.hadoop.http.lib.StaticUserWebFilter$StaticUserFilter) to context static
2019-10-15 16:00:38,959 [main] INFO  http.HttpServer2 (HttpServer2.java:addFilter(958)) - Added filter static_user_filter (class=org.apache.hadoop.http.lib.StaticUserWebFilter$StaticUserFilter) to context logs
2019-10-15 16:00:38,960 [main] INFO  http.HttpServer2 (HttpServer2.java:bindListener(1191)) - Jetty bound to port 46205
2019-10-15 16:00:38,960 [main] INFO  server.Server (Server.java:doStart(351)) - jetty-9.3.25.v20180904, build timestamp: 2018-09-04T21:11:46Z, git hash: 3ce520221d0240229c862b122d2b06c12a625732
2019-10-15 16:00:38,962 [main] INFO  handler.ContextHandler (ContextHandler.java:doStart(781)) - Started o.e.j.s.ServletContextHandler@4d81e83a{/logs,file:///workdir/hadoop-ozone/integration-test/target/log,AVAILABLE}
2019-10-15 16:00:38,962 [main] INFO  handler.ContextHandler (ContextHandler.java:doStart(781)) - Started o.e.j.s.ServletContextHandler@7cf8f45a{/static,jar:file:/home/user/.m2/repository/org/apache/hadoop/hadoop-hdds-container-service/0.5.0-SNAPSHOT/hadoop-hdds-container-service-0.5.0-SNAPSHOT.jar!/webapps/static,AVAILABLE}
2019-10-15 16:00:38,990 [main] INFO  handler.ContextHandler (ContextHandler.java:doStart(781)) - Started o.e.j.w.WebAppContext@7c71c889{/,file:///tmp/jetty-0.0.0.0-46205-hddsDatanode-_-any-8841753419220840691.dir/webapp/,AVAILABLE}{/hddsDatanode}
2019-10-15 16:00:38,990 [main] INFO  server.AbstractConnector (AbstractConnector.java:doStart(278)) - Started ServerConnector@4cc8d70d{HTTP/1.1,[http/1.1]}{0.0.0.0:46205}
2019-10-15 16:00:38,990 [main] INFO  server.Server (Server.java:doStart(419)) - Started @215675ms
2019-10-15 16:00:38,992 [main] WARN  impl.MetricsSystemImpl (MetricsSystemImpl.java:register(276)) - Sink prometheus already exists!
2019-10-15 16:00:38,993 [main] INFO  server.BaseHttpServer (BaseHttpServer.java:updateConnectorAddress(215)) - HTTP server of HDDSDATANODE is listening at http://0.0.0.0:46205
2019-10-15 16:00:38,993 [main] INFO  impl.MetricsSystemImpl (MetricsSystemImpl.java:init(158)) - HddsDatanode metrics system started (again)
2019-10-15 16:00:38,998 [org.apache.hadoop.util.JvmPauseMonitor$Monitor@689246d7] INFO  util.JvmPauseMonitor (JvmPauseMonitor.java:run(188)) - Starting JVM pause monitor
2019-10-15 16:00:38,998 [main] INFO  ozone.HddsDatanodeService (HddsDatanodeService.java:start(184)) - HddsDatanodeService host:pr-hdds-1228-hxnc5-3896710236 ip:192.168.157.236
2019-10-15 16:00:39,000 [Datanode State Machine Thread - 0] INFO  datanode.InitDatanodeState (InitDatanodeState.java:persistContainerDatanodeDetails(140)) - DatanodeDetails is persisted to /workdir/hadoop-ozone/integration-test/target/test-dir/MiniOzoneClusterImpl-db5d02a6-340f-494d-b00e-bf4b2df0003c/datanode-0/meta/datanode.id
2019-10-15 16:00:39,004 [main] INFO  volume.HddsVolume (HddsVolume.java:<init>(176)) - Creating Volume: /workdir/hadoop-ozone/integration-test/target/test-dir/MiniOzoneClusterImpl-db5d02a6-340f-494d-b00e-bf4b2df0003c/datanode-1/data/containers/hdds of  storage type : DISK and capacity : 1482555576320
2019-10-15 16:00:39,005 [main] INFO  volume.VolumeSet (VolumeSet.java:initializeVolumeSet(170)) - Added Volume : /workdir/hadoop-ozone/integration-test/target/test-dir/MiniOzoneClusterImpl-db5d02a6-340f-494d-b00e-bf4b2df0003c/datanode-1/data/containers/hdds to VolumeSet
2019-10-15 16:00:39,005 [main] INFO  volume.ThrottledAsyncChecker (ThrottledAsyncChecker.java:schedule(141)) - Scheduling a check for /workdir/hadoop-ozone/integration-test/target/test-dir/MiniOzoneClusterImpl-db5d02a6-340f-494d-b00e-bf4b2df0003c/datanode-1/data/containers/hdds
2019-10-15 16:00:39,006 [main] INFO  volume.HddsVolumeChecker (HddsVolumeChecker.java:checkAllVolumes(204)) - Scheduled health check for volume /workdir/hadoop-ozone/integration-test/target/test-dir/MiniOzoneClusterImpl-db5d02a6-340f-494d-b00e-bf4b2df0003c/datanode-1/data/containers/hdds
2019-10-15 16:00:39,033 [main] INFO  impl.RaftServerProxy (ConfUtils.java:logGet(43)) - raft.rpc.type = GRPC (default)
2019-10-15 16:00:39,033 [main] INFO  grpc.GrpcFactory (GrpcFactory.java:checkPooledByteBufAllocatorUseCacheForAllThreads(45)) - PERFORMANCE WARNING: useCacheForAllThreads is true that may cause Netty to create a lot garbage objects and, as a result, trigger GC.
	It is recommended to disable useCacheForAllThreads by setting -Dorg.apache.ratis.thirdparty.io.netty.allocator.useCacheForAllThreads=false in command line.
2019-10-15 16:00:39,033 [main] INFO  grpc.GrpcConfigKeys$Server (ConfUtils.java:logGet(43)) - raft.grpc.server.port = 0 (default)
2019-10-15 16:00:39,033 [main] INFO  server.GrpcService (ConfUtils.java:logGet(43)) - raft.grpc.message.size.max = 33570816 (custom)
2019-10-15 16:00:39,034 [main] INFO  server.RaftServerConfigKeys (ConfUtils.java:logGet(43)) - raft.server.log.appender.buffer.byte-limit = 33554432 (custom)
2019-10-15 16:00:39,034 [main] INFO  server.GrpcService (ConfUtils.java:logGet(43)) - raft.grpc.flow.control.window = 1MB (=1048576) (default)
2019-10-15 16:00:39,034 [main] INFO  server.RaftServerConfigKeys (ConfUtils.java:logGet(43)) - raft.server.rpc.request.timeout = 3000ms (default)
2019-10-15 16:00:39,035 [main] INFO  server.RaftServerConfigKeys (ConfUtils.java:logGet(43)) - raft.server.storage.dir = [/workdir/hadoop-ozone/integration-test/target/test-dir/MiniOzoneClusterImpl-db5d02a6-340f-494d-b00e-bf4b2df0003c/datanode-1/data/ratis] (custom)
2019-10-15 16:00:39,036 [main] INFO  hdfs.DFSUtil (DFSUtil.java:httpServerTemplateForNNAndJN(1641)) - Starting Web-server for hddsDatanode at: http://0.0.0.0:0
2019-10-15 16:00:39,038 [main] INFO  server.AuthenticationFilter (AuthenticationFilter.java:constructSecretProvider(240)) - Unable to initialize FileSignerSecretProvider, falling back to use random secrets.
2019-10-15 16:00:39,038 [main] WARN  http.HttpRequestLog (HttpRequestLog.java:getRequestLog(97)) - Jetty request log can only be enabled using Log4j
2019-10-15 16:00:39,039 [main] INFO  http.HttpServer2 (HttpServer2.java:addGlobalFilter(975)) - Added global filter 'safety' (class=org.apache.hadoop.http.HttpServer2$QuotingInputFilter)
2019-10-15 16:00:39,040 [main] INFO  http.HttpServer2 (HttpServer2.java:addFilter(948)) - Added filter static_user_filter (class=org.apache.hadoop.http.lib.StaticUserWebFilter$StaticUserFilter) to context hddsDatanode
2019-10-15 16:00:39,040 [main] INFO  http.HttpServer2 (HttpServer2.java:addFilter(958)) - Added filter static_user_filter (class=org.apache.hadoop.http.lib.StaticUserWebFilter$StaticUserFilter) to context static
2019-10-15 16:00:39,040 [main] INFO  http.HttpServer2 (HttpServer2.java:addFilter(958)) - Added filter static_user_filter (class=org.apache.hadoop.http.lib.StaticUserWebFilter$StaticUserFilter) to context logs
2019-10-15 16:00:39,041 [main] INFO  http.HttpServer2 (HttpServer2.java:bindListener(1191)) - Jetty bound to port 36659
2019-10-15 16:00:39,041 [main] INFO  server.Server (Server.java:doStart(351)) - jetty-9.3.25.v20180904, build timestamp: 2018-09-04T21:11:46Z, git hash: 3ce520221d0240229c862b122d2b06c12a625732
2019-10-15 16:00:39,042 [main] INFO  handler.ContextHandler (ContextHandler.java:doStart(781)) - Started o.e.j.s.ServletContextHandler@77aea{/logs,file:///workdir/hadoop-ozone/integration-test/target/log,AVAILABLE}
2019-10-15 16:00:39,043 [main] INFO  handler.ContextHandler (ContextHandler.java:doStart(781)) - Started o.e.j.s.ServletContextHandler@9a9aa68{/static,jar:file:/home/user/.m2/repository/org/apache/hadoop/hadoop-hdds-container-service/0.5.0-SNAPSHOT/hadoop-hdds-container-service-0.5.0-SNAPSHOT.jar!/webapps/static,AVAILABLE}
2019-10-15 16:00:39,072 [main] INFO  handler.ContextHandler (ContextHandler.java:doStart(781)) - Started o.e.j.w.WebAppContext@175581eb{/,file:///tmp/jetty-0.0.0.0-36659-hddsDatanode-_-any-8056166180855739828.dir/webapp/,AVAILABLE}{/hddsDatanode}
2019-10-15 16:00:39,072 [main] INFO  server.AbstractConnector (AbstractConnector.java:doStart(278)) - Started ServerConnector@2b79c8ff{HTTP/1.1,[http/1.1]}{0.0.0.0:36659}
2019-10-15 16:00:39,074 [main] INFO  server.Server (Server.java:doStart(419)) - Started @215757ms
2019-10-15 16:00:39,074 [main] WARN  impl.MetricsSystemImpl (MetricsSystemImpl.java:register(276)) - Sink prometheus already exists!
2019-10-15 16:00:39,075 [main] INFO  server.BaseHttpServer (BaseHttpServer.java:updateConnectorAddress(215)) - HTTP server of HDDSDATANODE is listening at http://0.0.0.0:36659
2019-10-15 16:00:39,076 [main] INFO  impl.MetricsSystemImpl (MetricsSystemImpl.java:init(158)) - HddsDatanode metrics system started (again)
2019-10-15 16:00:39,080 [org.apache.hadoop.util.JvmPauseMonitor$Monitor@79b7c071] INFO  util.JvmPauseMonitor (JvmPauseMonitor.java:run(188)) - Starting JVM pause monitor
2019-10-15 16:00:39,081 [main] INFO  ozone.HddsDatanodeService (HddsDatanodeService.java:start(184)) - HddsDatanodeService host:pr-hdds-1228-hxnc5-3896710236 ip:192.168.157.236
2019-10-15 16:00:39,082 [Datanode State Machine Thread - 0] INFO  datanode.InitDatanodeState (InitDatanodeState.java:persistContainerDatanodeDetails(140)) - DatanodeDetails is persisted to /workdir/hadoop-ozone/integration-test/target/test-dir/MiniOzoneClusterImpl-db5d02a6-340f-494d-b00e-bf4b2df0003c/datanode-1/meta/datanode.id
2019-10-15 16:00:39,088 [main] INFO  volume.HddsVolume (HddsVolume.java:<init>(176)) - Creating Volume: /workdir/hadoop-ozone/integration-test/target/test-dir/MiniOzoneClusterImpl-db5d02a6-340f-494d-b00e-bf4b2df0003c/datanode-2/data/containers/hdds of  storage type : DISK and capacity : 1482555576320
2019-10-15 16:00:39,088 [main] INFO  volume.VolumeSet (VolumeSet.java:initializeVolumeSet(170)) - Added Volume : /workdir/hadoop-ozone/integration-test/target/test-dir/MiniOzoneClusterImpl-db5d02a6-340f-494d-b00e-bf4b2df0003c/datanode-2/data/containers/hdds to VolumeSet
2019-10-15 16:00:39,088 [main] INFO  volume.ThrottledAsyncChecker (ThrottledAsyncChecker.java:schedule(141)) - Scheduling a check for /workdir/hadoop-ozone/integration-test/target/test-dir/MiniOzoneClusterImpl-db5d02a6-340f-494d-b00e-bf4b2df0003c/datanode-2/data/containers/hdds
2019-10-15 16:00:39,089 [main] INFO  volume.HddsVolumeChecker (HddsVolumeChecker.java:checkAllVolumes(204)) - Scheduled health check for volume /workdir/hadoop-ozone/integration-test/target/test-dir/MiniOzoneClusterImpl-db5d02a6-340f-494d-b00e-bf4b2df0003c/datanode-2/data/containers/hdds
2019-10-15 16:00:39,107 [main] INFO  impl.RaftServerProxy (ConfUtils.java:logGet(43)) - raft.rpc.type = GRPC (default)
2019-10-15 16:00:39,107 [main] INFO  grpc.GrpcFactory (GrpcFactory.java:checkPooledByteBufAllocatorUseCacheForAllThreads(45)) - PERFORMANCE WARNING: useCacheForAllThreads is true that may cause Netty to create a lot garbage objects and, as a result, trigger GC.
	It is recommended to disable useCacheForAllThreads by setting -Dorg.apache.ratis.thirdparty.io.netty.allocator.useCacheForAllThreads=false in command line.
2019-10-15 16:00:39,107 [main] INFO  grpc.GrpcConfigKeys$Server (ConfUtils.java:logGet(43)) - raft.grpc.server.port = 0 (default)
2019-10-15 16:00:39,107 [main] INFO  server.GrpcService (ConfUtils.java:logGet(43)) - raft.grpc.message.size.max = 33570816 (custom)
2019-10-15 16:00:39,108 [main] INFO  server.RaftServerConfigKeys (ConfUtils.java:logGet(43)) - raft.server.log.appender.buffer.byte-limit = 33554432 (custom)
2019-10-15 16:00:39,108 [main] INFO  server.GrpcService (ConfUtils.java:logGet(43)) - raft.grpc.flow.control.window = 1MB (=1048576) (default)
2019-10-15 16:00:39,108 [main] INFO  server.RaftServerConfigKeys (ConfUtils.java:logGet(43)) - raft.server.rpc.request.timeout = 3000ms (default)
2019-10-15 16:00:39,108 [main] INFO  server.RaftServerConfigKeys (ConfUtils.java:logGet(43)) - raft.server.storage.dir = [/workdir/hadoop-ozone/integration-test/target/test-dir/MiniOzoneClusterImpl-db5d02a6-340f-494d-b00e-bf4b2df0003c/datanode-2/data/ratis] (custom)
2019-10-15 16:00:39,110 [main] INFO  hdfs.DFSUtil (DFSUtil.java:httpServerTemplateForNNAndJN(1641)) - Starting Web-server for hddsDatanode at: http://0.0.0.0:0
2019-10-15 16:00:39,111 [main] INFO  server.AuthenticationFilter (AuthenticationFilter.java:constructSecretProvider(240)) - Unable to initialize FileSignerSecretProvider, falling back to use random secrets.
2019-10-15 16:00:39,112 [main] WARN  http.HttpRequestLog (HttpRequestLog.java:getRequestLog(97)) - Jetty request log can only be enabled using Log4j
2019-10-15 16:00:39,113 [main] INFO  http.HttpServer2 (HttpServer2.java:addGlobalFilter(975)) - Added global filter 'safety' (class=org.apache.hadoop.http.HttpServer2$QuotingInputFilter)
2019-10-15 16:00:39,114 [main] INFO  http.HttpServer2 (HttpServer2.java:addFilter(948)) - Added filter static_user_filter (class=org.apache.hadoop.http.lib.StaticUserWebFilter$StaticUserFilter) to context hddsDatanode
2019-10-15 16:00:39,114 [main] INFO  http.HttpServer2 (HttpServer2.java:addFilter(958)) - Added filter static_user_filter (class=org.apache.hadoop.http.lib.StaticUserWebFilter$StaticUserFilter) to context static
2019-10-15 16:00:39,114 [main] INFO  http.HttpServer2 (HttpServer2.java:addFilter(958)) - Added filter static_user_filter (class=org.apache.hadoop.http.lib.StaticUserWebFilter$StaticUserFilter) to context logs
2019-10-15 16:00:39,115 [main] INFO  http.HttpServer2 (HttpServer2.java:bindListener(1191)) - Jetty bound to port 36627
2019-10-15 16:00:39,115 [main] INFO  server.Server (Server.java:doStart(351)) - jetty-9.3.25.v20180904, build timestamp: 2018-09-04T21:11:46Z, git hash: 3ce520221d0240229c862b122d2b06c12a625732
2019-10-15 16:00:39,116 [main] INFO  handler.ContextHandler (ContextHandler.java:doStart(781)) - Started o.e.j.s.ServletContextHandler@1b30a54e{/logs,file:///workdir/hadoop-ozone/integration-test/target/log,AVAILABLE}
2019-10-15 16:00:39,116 [main] INFO  handler.ContextHandler (ContextHandler.java:doStart(781)) - Started o.e.j.s.ServletContextHandler@3e9beef2{/static,jar:file:/home/user/.m2/repository/org/apache/hadoop/hadoop-hdds-container-service/0.5.0-SNAPSHOT/hadoop-hdds-container-service-0.5.0-SNAPSHOT.jar!/webapps/static,AVAILABLE}
2019-10-15 16:00:39,710 [main] INFO  handler.ContextHandler (ContextHandler.java:doStart(781)) - Started o.e.j.w.WebAppContext@4c176ff1{/,file:///tmp/jetty-0.0.0.0-36627-hddsDatanode-_-any-1324017678211339107.dir/webapp/,AVAILABLE}{/hddsDatanode}
2019-10-15 16:00:39,711 [main] INFO  server.AbstractConnector (AbstractConnector.java:doStart(278)) - Started ServerConnector@27c53c32{HTTP/1.1,[http/1.1]}{0.0.0.0:36627}
2019-10-15 16:00:39,713 [main] INFO  server.Server (Server.java:doStart(419)) - Started @216397ms
2019-10-15 16:00:39,713 [main] WARN  impl.MetricsSystemImpl (MetricsSystemImpl.java:register(276)) - Sink prometheus already exists!
2019-10-15 16:00:39,714 [main] INFO  server.BaseHttpServer (BaseHttpServer.java:updateConnectorAddress(215)) - HTTP server of HDDSDATANODE is listening at http://0.0.0.0:36627
2019-10-15 16:00:39,714 [main] INFO  impl.MetricsSystemImpl (MetricsSystemImpl.java:init(158)) - HddsDatanode metrics system started (again)
2019-10-15 16:00:39,715 [org.apache.hadoop.util.JvmPauseMonitor$Monitor@5892873a] INFO  util.JvmPauseMonitor (JvmPauseMonitor.java:run(188)) - Starting JVM pause monitor
2019-10-15 16:00:39,716 [Datanode State Machine Thread - 0] INFO  datanode.InitDatanodeState (InitDatanodeState.java:persistContainerDatanodeDetails(140)) - DatanodeDetails is persisted to /workdir/hadoop-ozone/integration-test/target/test-dir/MiniOzoneClusterImpl-db5d02a6-340f-494d-b00e-bf4b2df0003c/datanode-2/meta/datanode.id
2019-10-15 16:00:39,721 [main] INFO  ozone.HddsDatanodeService (HddsDatanodeService.java:start(184)) - HddsDatanodeService host:pr-hdds-1228-hxnc5-3896710236 ip:192.168.157.236
2019-10-15 16:00:39,727 [main] INFO  volume.HddsVolume (HddsVolume.java:<init>(176)) - Creating Volume: /workdir/hadoop-ozone/integration-test/target/test-dir/MiniOzoneClusterImpl-db5d02a6-340f-494d-b00e-bf4b2df0003c/datanode-3/data/containers/hdds of  storage type : DISK and capacity : 1482555576320
2019-10-15 16:00:39,727 [main] INFO  volume.VolumeSet (VolumeSet.java:initializeVolumeSet(170)) - Added Volume : /workdir/hadoop-ozone/integration-test/target/test-dir/MiniOzoneClusterImpl-db5d02a6-340f-494d-b00e-bf4b2df0003c/datanode-3/data/containers/hdds to VolumeSet
2019-10-15 16:00:39,727 [main] INFO  volume.ThrottledAsyncChecker (ThrottledAsyncChecker.java:schedule(141)) - Scheduling a check for /workdir/hadoop-ozone/integration-test/target/test-dir/MiniOzoneClusterImpl-db5d02a6-340f-494d-b00e-bf4b2df0003c/datanode-3/data/containers/hdds
2019-10-15 16:00:39,728 [main] INFO  volume.HddsVolumeChecker (HddsVolumeChecker.java:checkAllVolumes(204)) - Scheduled health check for volume /workdir/hadoop-ozone/integration-test/target/test-dir/MiniOzoneClusterImpl-db5d02a6-340f-494d-b00e-bf4b2df0003c/datanode-3/data/containers/hdds
2019-10-15 16:00:39,742 [main] INFO  impl.RaftServerProxy (ConfUtils.java:logGet(43)) - raft.rpc.type = GRPC (default)
2019-10-15 16:00:39,742 [main] INFO  grpc.GrpcFactory (GrpcFactory.java:checkPooledByteBufAllocatorUseCacheForAllThreads(45)) - PERFORMANCE WARNING: useCacheForAllThreads is true that may cause Netty to create a lot garbage objects and, as a result, trigger GC.
	It is recommended to disable useCacheForAllThreads by setting -Dorg.apache.ratis.thirdparty.io.netty.allocator.useCacheForAllThreads=false in command line.
2019-10-15 16:00:39,742 [main] INFO  grpc.GrpcConfigKeys$Server (ConfUtils.java:logGet(43)) - raft.grpc.server.port = 0 (default)
2019-10-15 16:00:39,742 [main] INFO  server.GrpcService (ConfUtils.java:logGet(43)) - raft.grpc.message.size.max = 33570816 (custom)
2019-10-15 16:00:39,742 [main] INFO  server.RaftServerConfigKeys (ConfUtils.java:logGet(43)) - raft.server.log.appender.buffer.byte-limit = 33554432 (custom)
2019-10-15 16:00:39,742 [main] INFO  server.GrpcService (ConfUtils.java:logGet(43)) - raft.grpc.flow.control.window = 1MB (=1048576) (default)
2019-10-15 16:00:39,743 [main] INFO  server.RaftServerConfigKeys (ConfUtils.java:logGet(43)) - raft.server.rpc.request.timeout = 3000ms (default)
2019-10-15 16:00:39,743 [main] INFO  server.RaftServerConfigKeys (ConfUtils.java:logGet(43)) - raft.server.storage.dir = [/workdir/hadoop-ozone/integration-test/target/test-dir/MiniOzoneClusterImpl-db5d02a6-340f-494d-b00e-bf4b2df0003c/datanode-3/data/ratis] (custom)
2019-10-15 16:00:39,744 [main] INFO  hdfs.DFSUtil (DFSUtil.java:httpServerTemplateForNNAndJN(1641)) - Starting Web-server for hddsDatanode at: http://0.0.0.0:0
2019-10-15 16:00:39,745 [main] INFO  server.AuthenticationFilter (AuthenticationFilter.java:constructSecretProvider(240)) - Unable to initialize FileSignerSecretProvider, falling back to use random secrets.
2019-10-15 16:00:39,746 [main] WARN  http.HttpRequestLog (HttpRequestLog.java:getRequestLog(97)) - Jetty request log can only be enabled using Log4j
2019-10-15 16:00:39,747 [main] INFO  http.HttpServer2 (HttpServer2.java:addGlobalFilter(975)) - Added global filter 'safety' (class=org.apache.hadoop.http.HttpServer2$QuotingInputFilter)
2019-10-15 16:00:39,747 [main] INFO  http.HttpServer2 (HttpServer2.java:addFilter(948)) - Added filter static_user_filter (class=org.apache.hadoop.http.lib.StaticUserWebFilter$StaticUserFilter) to context hddsDatanode
2019-10-15 16:00:39,747 [main] INFO  http.HttpServer2 (HttpServer2.java:addFilter(958)) - Added filter static_user_filter (class=org.apache.hadoop.http.lib.StaticUserWebFilter$StaticUserFilter) to context static
2019-10-15 16:00:39,747 [main] INFO  http.HttpServer2 (HttpServer2.java:addFilter(958)) - Added filter static_user_filter (class=org.apache.hadoop.http.lib.StaticUserWebFilter$StaticUserFilter) to context logs
2019-10-15 16:00:39,748 [main] INFO  http.HttpServer2 (HttpServer2.java:bindListener(1191)) - Jetty bound to port 35048
2019-10-15 16:00:39,748 [main] INFO  server.Server (Server.java:doStart(351)) - jetty-9.3.25.v20180904, build timestamp: 2018-09-04T21:11:46Z, git hash: 3ce520221d0240229c862b122d2b06c12a625732
2019-10-15 16:00:39,750 [main] INFO  handler.ContextHandler (ContextHandler.java:doStart(781)) - Started o.e.j.s.ServletContextHandler@20a3e10c{/logs,file:///workdir/hadoop-ozone/integration-test/target/log,AVAILABLE}
2019-10-15 16:00:39,750 [main] INFO  handler.ContextHandler (ContextHandler.java:doStart(781)) - Started o.e.j.s.ServletContextHandler@5e2a6991{/static,jar:file:/home/user/.m2/repository/org/apache/hadoop/hadoop-hdds-container-service/0.5.0-SNAPSHOT/hadoop-hdds-container-service-0.5.0-SNAPSHOT.jar!/webapps/static,AVAILABLE}
2019-10-15 16:00:39,792 [main] INFO  handler.ContextHandler (ContextHandler.java:doStart(781)) - Started o.e.j.w.WebAppContext@760f1081{/,file:///tmp/jetty-0.0.0.0-35048-hddsDatanode-_-any-8940683094770986668.dir/webapp/,AVAILABLE}{/hddsDatanode}
2019-10-15 16:00:39,793 [main] INFO  server.AbstractConnector (AbstractConnector.java:doStart(278)) - Started ServerConnector@52621501{HTTP/1.1,[http/1.1]}{0.0.0.0:35048}
2019-10-15 16:00:39,794 [main] INFO  server.Server (Server.java:doStart(419)) - Started @216478ms
2019-10-15 16:00:39,794 [main] WARN  impl.MetricsSystemImpl (MetricsSystemImpl.java:register(276)) - Sink prometheus already exists!
2019-10-15 16:00:39,795 [main] INFO  server.BaseHttpServer (BaseHttpServer.java:updateConnectorAddress(215)) - HTTP server of HDDSDATANODE is listening at http://0.0.0.0:35048
2019-10-15 16:00:39,796 [main] INFO  impl.MetricsSystemImpl (MetricsSystemImpl.java:init(158)) - HddsDatanode metrics system started (again)
2019-10-15 16:00:39,801 [org.apache.hadoop.util.JvmPauseMonitor$Monitor@55e61d81] INFO  util.JvmPauseMonitor (JvmPauseMonitor.java:run(188)) - Starting JVM pause monitor
2019-10-15 16:00:39,802 [main] INFO  ozone.HddsDatanodeService (HddsDatanodeService.java:start(184)) - HddsDatanodeService host:pr-hdds-1228-hxnc5-3896710236 ip:192.168.157.236
2019-10-15 16:00:39,803 [Datanode State Machine Thread - 0] INFO  datanode.InitDatanodeState (InitDatanodeState.java:persistContainerDatanodeDetails(140)) - DatanodeDetails is persisted to /workdir/hadoop-ozone/integration-test/target/test-dir/MiniOzoneClusterImpl-db5d02a6-340f-494d-b00e-bf4b2df0003c/datanode-3/meta/datanode.id
2019-10-15 16:00:39,808 [main] INFO  volume.HddsVolume (HddsVolume.java:<init>(176)) - Creating Volume: /workdir/hadoop-ozone/integration-test/target/test-dir/MiniOzoneClusterImpl-db5d02a6-340f-494d-b00e-bf4b2df0003c/datanode-4/data/containers/hdds of  storage type : DISK and capacity : 1482555576320
2019-10-15 16:00:39,808 [main] INFO  volume.VolumeSet (VolumeSet.java:initializeVolumeSet(170)) - Added Volume : /workdir/hadoop-ozone/integration-test/target/test-dir/MiniOzoneClusterImpl-db5d02a6-340f-494d-b00e-bf4b2df0003c/datanode-4/data/containers/hdds to VolumeSet
2019-10-15 16:00:39,808 [main] INFO  volume.ThrottledAsyncChecker (ThrottledAsyncChecker.java:schedule(141)) - Scheduling a check for /workdir/hadoop-ozone/integration-test/target/test-dir/MiniOzoneClusterImpl-db5d02a6-340f-494d-b00e-bf4b2df0003c/datanode-4/data/containers/hdds
2019-10-15 16:00:39,809 [main] INFO  volume.HddsVolumeChecker (HddsVolumeChecker.java:checkAllVolumes(204)) - Scheduled health check for volume /workdir/hadoop-ozone/integration-test/target/test-dir/MiniOzoneClusterImpl-db5d02a6-340f-494d-b00e-bf4b2df0003c/datanode-4/data/containers/hdds
2019-10-15 16:00:39,823 [main] INFO  impl.RaftServerProxy (ConfUtils.java:logGet(43)) - raft.rpc.type = GRPC (default)
2019-10-15 16:00:39,823 [main] INFO  grpc.GrpcFactory (GrpcFactory.java:checkPooledByteBufAllocatorUseCacheForAllThreads(45)) - PERFORMANCE WARNING: useCacheForAllThreads is true that may cause Netty to create a lot garbage objects and, as a result, trigger GC.
	It is recommended to disable useCacheForAllThreads by setting -Dorg.apache.ratis.thirdparty.io.netty.allocator.useCacheForAllThreads=false in command line.
2019-10-15 16:00:39,824 [main] INFO  grpc.GrpcConfigKeys$Server (ConfUtils.java:logGet(43)) - raft.grpc.server.port = 0 (default)
2019-10-15 16:00:39,824 [main] INFO  server.GrpcService (ConfUtils.java:logGet(43)) - raft.grpc.message.size.max = 33570816 (custom)
2019-10-15 16:00:39,824 [main] INFO  server.RaftServerConfigKeys (ConfUtils.java:logGet(43)) - raft.server.log.appender.buffer.byte-limit = 33554432 (custom)
2019-10-15 16:00:39,824 [main] INFO  server.GrpcService (ConfUtils.java:logGet(43)) - raft.grpc.flow.control.window = 1MB (=1048576) (default)
2019-10-15 16:00:39,824 [main] INFO  server.RaftServerConfigKeys (ConfUtils.java:logGet(43)) - raft.server.rpc.request.timeout = 3000ms (default)
2019-10-15 16:00:39,825 [main] INFO  server.RaftServerConfigKeys (ConfUtils.java:logGet(43)) - raft.server.storage.dir = [/workdir/hadoop-ozone/integration-test/target/test-dir/MiniOzoneClusterImpl-db5d02a6-340f-494d-b00e-bf4b2df0003c/datanode-4/data/ratis] (custom)
2019-10-15 16:00:39,826 [main] INFO  hdfs.DFSUtil (DFSUtil.java:httpServerTemplateForNNAndJN(1641)) - Starting Web-server for hddsDatanode at: http://0.0.0.0:0
2019-10-15 16:00:39,827 [main] INFO  server.AuthenticationFilter (AuthenticationFilter.java:constructSecretProvider(240)) - Unable to initialize FileSignerSecretProvider, falling back to use random secrets.
2019-10-15 16:00:39,827 [main] WARN  http.HttpRequestLog (HttpRequestLog.java:getRequestLog(97)) - Jetty request log can only be enabled using Log4j
2019-10-15 16:00:39,829 [main] INFO  http.HttpServer2 (HttpServer2.java:addGlobalFilter(975)) - Added global filter 'safety' (class=org.apache.hadoop.http.HttpServer2$QuotingInputFilter)
2019-10-15 16:00:39,829 [main] INFO  http.HttpServer2 (HttpServer2.java:addFilter(948)) - Added filter static_user_filter (class=org.apache.hadoop.http.lib.StaticUserWebFilter$StaticUserFilter) to context hddsDatanode
2019-10-15 16:00:39,829 [main] INFO  http.HttpServer2 (HttpServer2.java:addFilter(958)) - Added filter static_user_filter (class=org.apache.hadoop.http.lib.StaticUserWebFilter$StaticUserFilter) to context static
2019-10-15 16:00:39,830 [main] INFO  http.HttpServer2 (HttpServer2.java:addFilter(958)) - Added filter static_user_filter (class=org.apache.hadoop.http.lib.StaticUserWebFilter$StaticUserFilter) to context logs
2019-10-15 16:00:39,830 [main] INFO  http.HttpServer2 (HttpServer2.java:bindListener(1191)) - Jetty bound to port 34962
2019-10-15 16:00:39,830 [main] INFO  server.Server (Server.java:doStart(351)) - jetty-9.3.25.v20180904, build timestamp: 2018-09-04T21:11:46Z, git hash: 3ce520221d0240229c862b122d2b06c12a625732
2019-10-15 16:00:39,832 [main] INFO  handler.ContextHandler (ContextHandler.java:doStart(781)) - Started o.e.j.s.ServletContextHandler@54326e9{/logs,file:///workdir/hadoop-ozone/integration-test/target/log,AVAILABLE}
2019-10-15 16:00:39,832 [main] INFO  handler.ContextHandler (ContextHandler.java:doStart(781)) - Started o.e.j.s.ServletContextHandler@2b441e56{/static,jar:file:/home/user/.m2/repository/org/apache/hadoop/hadoop-hdds-container-service/0.5.0-SNAPSHOT/hadoop-hdds-container-service-0.5.0-SNAPSHOT.jar!/webapps/static,AVAILABLE}
2019-10-15 16:00:39,860 [main] INFO  handler.ContextHandler (ContextHandler.java:doStart(781)) - Started o.e.j.w.WebAppContext@4e48462d{/,file:///tmp/jetty-0.0.0.0-34962-hddsDatanode-_-any-3760289212000765046.dir/webapp/,AVAILABLE}{/hddsDatanode}
2019-10-15 16:00:39,860 [main] INFO  server.AbstractConnector (AbstractConnector.java:doStart(278)) - Started ServerConnector@17216605{HTTP/1.1,[http/1.1]}{0.0.0.0:34962}
2019-10-15 16:00:39,861 [main] INFO  server.Server (Server.java:doStart(419)) - Started @216545ms
2019-10-15 16:00:39,862 [main] WARN  impl.MetricsSystemImpl (MetricsSystemImpl.java:register(276)) - Sink prometheus already exists!
2019-10-15 16:00:39,863 [main] INFO  server.BaseHttpServer (BaseHttpServer.java:updateConnectorAddress(215)) - HTTP server of HDDSDATANODE is listening at http://0.0.0.0:34962
2019-10-15 16:00:39,863 [main] INFO  impl.MetricsSystemImpl (MetricsSystemImpl.java:init(158)) - HddsDatanode metrics system started (again)
2019-10-15 16:00:39,869 [org.apache.hadoop.util.JvmPauseMonitor$Monitor@7dbb4f26] INFO  util.JvmPauseMonitor (JvmPauseMonitor.java:run(188)) - Starting JVM pause monitor
2019-10-15 16:00:39,869 [main] INFO  ozone.HddsDatanodeService (HddsDatanodeService.java:start(184)) - HddsDatanodeService host:pr-hdds-1228-hxnc5-3896710236 ip:192.168.157.236
2019-10-15 16:00:39,870 [Datanode State Machine Thread - 0] INFO  datanode.InitDatanodeState (InitDatanodeState.java:persistContainerDatanodeDetails(140)) - DatanodeDetails is persisted to /workdir/hadoop-ozone/integration-test/target/test-dir/MiniOzoneClusterImpl-db5d02a6-340f-494d-b00e-bf4b2df0003c/datanode-4/meta/datanode.id
2019-10-15 16:00:39,875 [main] INFO  volume.HddsVolume (HddsVolume.java:<init>(176)) - Creating Volume: /workdir/hadoop-ozone/integration-test/target/test-dir/MiniOzoneClusterImpl-db5d02a6-340f-494d-b00e-bf4b2df0003c/datanode-5/data/containers/hdds of  storage type : DISK and capacity : 1482555576320
2019-10-15 16:00:39,876 [main] INFO  volume.VolumeSet (VolumeSet.java:initializeVolumeSet(170)) - Added Volume : /workdir/hadoop-ozone/integration-test/target/test-dir/MiniOzoneClusterImpl-db5d02a6-340f-494d-b00e-bf4b2df0003c/datanode-5/data/containers/hdds to VolumeSet
2019-10-15 16:00:39,876 [main] INFO  volume.ThrottledAsyncChecker (ThrottledAsyncChecker.java:schedule(141)) - Scheduling a check for /workdir/hadoop-ozone/integration-test/target/test-dir/MiniOzoneClusterImpl-db5d02a6-340f-494d-b00e-bf4b2df0003c/datanode-5/data/containers/hdds
2019-10-15 16:00:39,876 [main] INFO  volume.HddsVolumeChecker (HddsVolumeChecker.java:checkAllVolumes(204)) - Scheduled health check for volume /workdir/hadoop-ozone/integration-test/target/test-dir/MiniOzoneClusterImpl-db5d02a6-340f-494d-b00e-bf4b2df0003c/datanode-5/data/containers/hdds
2019-10-15 16:00:39,890 [main] INFO  impl.RaftServerProxy (ConfUtils.java:logGet(43)) - raft.rpc.type = GRPC (default)
2019-10-15 16:00:39,890 [main] INFO  grpc.GrpcFactory (GrpcFactory.java:checkPooledByteBufAllocatorUseCacheForAllThreads(45)) - PERFORMANCE WARNING: useCacheForAllThreads is true that may cause Netty to create a lot garbage objects and, as a result, trigger GC.
	It is recommended to disable useCacheForAllThreads by setting -Dorg.apache.ratis.thirdparty.io.netty.allocator.useCacheForAllThreads=false in command line.
2019-10-15 16:00:39,890 [main] INFO  grpc.GrpcConfigKeys$Server (ConfUtils.java:logGet(43)) - raft.grpc.server.port = 0 (default)
2019-10-15 16:00:39,890 [main] INFO  server.GrpcService (ConfUtils.java:logGet(43)) - raft.grpc.message.size.max = 33570816 (custom)
2019-10-15 16:00:39,891 [main] INFO  server.RaftServerConfigKeys (ConfUtils.java:logGet(43)) - raft.server.log.appender.buffer.byte-limit = 33554432 (custom)
2019-10-15 16:00:39,891 [main] INFO  server.GrpcService (ConfUtils.java:logGet(43)) - raft.grpc.flow.control.window = 1MB (=1048576) (default)
2019-10-15 16:00:39,891 [main] INFO  server.RaftServerConfigKeys (ConfUtils.java:logGet(43)) - raft.server.rpc.request.timeout = 3000ms (default)
2019-10-15 16:00:39,891 [main] INFO  server.RaftServerConfigKeys (ConfUtils.java:logGet(43)) - raft.server.storage.dir = [/workdir/hadoop-ozone/integration-test/target/test-dir/MiniOzoneClusterImpl-db5d02a6-340f-494d-b00e-bf4b2df0003c/datanode-5/data/ratis] (custom)
2019-10-15 16:00:39,893 [main] INFO  hdfs.DFSUtil (DFSUtil.java:httpServerTemplateForNNAndJN(1641)) - Starting Web-server for hddsDatanode at: http://0.0.0.0:0
2019-10-15 16:00:39,894 [main] INFO  server.AuthenticationFilter (AuthenticationFilter.java:constructSecretProvider(240)) - Unable to initialize FileSignerSecretProvider, falling back to use random secrets.
2019-10-15 16:00:39,894 [main] WARN  http.HttpRequestLog (HttpRequestLog.java:getRequestLog(97)) - Jetty request log can only be enabled using Log4j
2019-10-15 16:00:39,896 [main] INFO  http.HttpServer2 (HttpServer2.java:addGlobalFilter(975)) - Added global filter 'safety' (class=org.apache.hadoop.http.HttpServer2$QuotingInputFilter)
2019-10-15 16:00:39,896 [main] INFO  http.HttpServer2 (HttpServer2.java:addFilter(948)) - Added filter static_user_filter (class=org.apache.hadoop.http.lib.StaticUserWebFilter$StaticUserFilter) to context hddsDatanode
2019-10-15 16:00:39,896 [main] INFO  http.HttpServer2 (HttpServer2.java:addFilter(958)) - Added filter static_user_filter (class=org.apache.hadoop.http.lib.StaticUserWebFilter$StaticUserFilter) to context static
2019-10-15 16:00:39,896 [main] INFO  http.HttpServer2 (HttpServer2.java:addFilter(958)) - Added filter static_user_filter (class=org.apache.hadoop.http.lib.StaticUserWebFilter$StaticUserFilter) to context logs
2019-10-15 16:00:39,897 [main] INFO  http.HttpServer2 (HttpServer2.java:bindListener(1191)) - Jetty bound to port 35809
2019-10-15 16:00:39,897 [main] INFO  server.Server (Server.java:doStart(351)) - jetty-9.3.25.v20180904, build timestamp: 2018-09-04T21:11:46Z, git hash: 3ce520221d0240229c862b122d2b06c12a625732
2019-10-15 16:00:39,898 [main] INFO  handler.ContextHandler (ContextHandler.java:doStart(781)) - Started o.e.j.s.ServletContextHandler@7ab63838{/logs,file:///workdir/hadoop-ozone/integration-test/target/log,AVAILABLE}
2019-10-15 16:00:39,899 [main] INFO  handler.ContextHandler (ContextHandler.java:doStart(781)) - Started o.e.j.s.ServletContextHandler@370c7cc5{/static,jar:file:/home/user/.m2/repository/org/apache/hadoop/hadoop-hdds-container-service/0.5.0-SNAPSHOT/hadoop-hdds-container-service-0.5.0-SNAPSHOT.jar!/webapps/static,AVAILABLE}
2019-10-15 16:00:39,927 [main] INFO  handler.ContextHandler (ContextHandler.java:doStart(781)) - Started o.e.j.w.WebAppContext@76a6f045{/,file:///tmp/jetty-0.0.0.0-35809-hddsDatanode-_-any-238148997147527824.dir/webapp/,AVAILABLE}{/hddsDatanode}
2019-10-15 16:00:39,928 [main] INFO  server.AbstractConnector (AbstractConnector.java:doStart(278)) - Started ServerConnector@633ddc0c{HTTP/1.1,[http/1.1]}{0.0.0.0:35809}
2019-10-15 16:00:39,928 [main] INFO  server.Server (Server.java:doStart(419)) - Started @216612ms
2019-10-15 16:00:39,929 [main] WARN  impl.MetricsSystemImpl (MetricsSystemImpl.java:register(276)) - Sink prometheus already exists!
2019-10-15 16:00:39,930 [main] INFO  server.BaseHttpServer (BaseHttpServer.java:updateConnectorAddress(215)) - HTTP server of HDDSDATANODE is listening at http://0.0.0.0:35809
2019-10-15 16:00:39,930 [main] INFO  impl.MetricsSystemImpl (MetricsSystemImpl.java:init(158)) - HddsDatanode metrics system started (again)
2019-10-15 16:00:39,936 [org.apache.hadoop.util.JvmPauseMonitor$Monitor@75088a5] INFO  util.JvmPauseMonitor (JvmPauseMonitor.java:run(188)) - Starting JVM pause monitor
2019-10-15 16:00:39,937 [main] INFO  ozone.HddsDatanodeService (HddsDatanodeService.java:start(184)) - HddsDatanodeService host:pr-hdds-1228-hxnc5-3896710236 ip:192.168.157.236
2019-10-15 16:00:39,937 [Datanode State Machine Thread - 0] INFO  datanode.InitDatanodeState (InitDatanodeState.java:persistContainerDatanodeDetails(140)) - DatanodeDetails is persisted to /workdir/hadoop-ozone/integration-test/target/test-dir/MiniOzoneClusterImpl-db5d02a6-340f-494d-b00e-bf4b2df0003c/datanode-5/meta/datanode.id
2019-10-15 16:00:39,942 [main] INFO  volume.HddsVolume (HddsVolume.java:<init>(176)) - Creating Volume: /workdir/hadoop-ozone/integration-test/target/test-dir/MiniOzoneClusterImpl-db5d02a6-340f-494d-b00e-bf4b2df0003c/datanode-6/data/containers/hdds of  storage type : DISK and capacity : 1482555576320
2019-10-15 16:00:39,942 [main] INFO  volume.VolumeSet (VolumeSet.java:initializeVolumeSet(170)) - Added Volume : /workdir/hadoop-ozone/integration-test/target/test-dir/MiniOzoneClusterImpl-db5d02a6-340f-494d-b00e-bf4b2df0003c/datanode-6/data/containers/hdds to VolumeSet
2019-10-15 16:00:39,942 [main] INFO  volume.ThrottledAsyncChecker (ThrottledAsyncChecker.java:schedule(141)) - Scheduling a check for /workdir/hadoop-ozone/integration-test/target/test-dir/MiniOzoneClusterImpl-db5d02a6-340f-494d-b00e-bf4b2df0003c/datanode-6/data/containers/hdds
2019-10-15 16:00:39,943 [main] INFO  volume.HddsVolumeChecker (HddsVolumeChecker.java:checkAllVolumes(204)) - Scheduled health check for volume /workdir/hadoop-ozone/integration-test/target/test-dir/MiniOzoneClusterImpl-db5d02a6-340f-494d-b00e-bf4b2df0003c/datanode-6/data/containers/hdds
2019-10-15 16:00:39,961 [main] INFO  impl.RaftServerProxy (ConfUtils.java:logGet(43)) - raft.rpc.type = GRPC (default)
2019-10-15 16:00:39,961 [main] INFO  grpc.GrpcFactory (GrpcFactory.java:checkPooledByteBufAllocatorUseCacheForAllThreads(45)) - PERFORMANCE WARNING: useCacheForAllThreads is true that may cause Netty to create a lot garbage objects and, as a result, trigger GC.
	It is recommended to disable useCacheForAllThreads by setting -Dorg.apache.ratis.thirdparty.io.netty.allocator.useCacheForAllThreads=false in command line.
2019-10-15 16:00:39,961 [main] INFO  grpc.GrpcConfigKeys$Server (ConfUtils.java:logGet(43)) - raft.grpc.server.port = 0 (default)
2019-10-15 16:00:39,961 [main] INFO  server.GrpcService (ConfUtils.java:logGet(43)) - raft.grpc.message.size.max = 33570816 (custom)
2019-10-15 16:00:39,962 [main] INFO  server.RaftServerConfigKeys (ConfUtils.java:logGet(43)) - raft.server.log.appender.buffer.byte-limit = 33554432 (custom)
2019-10-15 16:00:39,962 [main] INFO  server.GrpcService (ConfUtils.java:logGet(43)) - raft.grpc.flow.control.window = 1MB (=1048576) (default)
2019-10-15 16:00:39,962 [main] INFO  server.RaftServerConfigKeys (ConfUtils.java:logGet(43)) - raft.server.rpc.request.timeout = 3000ms (default)
2019-10-15 16:00:39,962 [main] INFO  server.RaftServerConfigKeys (ConfUtils.java:logGet(43)) - raft.server.storage.dir = [/workdir/hadoop-ozone/integration-test/target/test-dir/MiniOzoneClusterImpl-db5d02a6-340f-494d-b00e-bf4b2df0003c/datanode-6/data/ratis] (custom)
2019-10-15 16:00:39,964 [main] INFO  hdfs.DFSUtil (DFSUtil.java:httpServerTemplateForNNAndJN(1641)) - Starting Web-server for hddsDatanode at: http://0.0.0.0:0
2019-10-15 16:00:39,966 [main] INFO  server.AuthenticationFilter (AuthenticationFilter.java:constructSecretProvider(240)) - Unable to initialize FileSignerSecretProvider, falling back to use random secrets.
2019-10-15 16:00:39,966 [main] WARN  http.HttpRequestLog (HttpRequestLog.java:getRequestLog(97)) - Jetty request log can only be enabled using Log4j
2019-10-15 16:00:39,968 [main] INFO  http.HttpServer2 (HttpServer2.java:addGlobalFilter(975)) - Added global filter 'safety' (class=org.apache.hadoop.http.HttpServer2$QuotingInputFilter)
2019-10-15 16:00:39,968 [main] INFO  http.HttpServer2 (HttpServer2.java:addFilter(948)) - Added filter static_user_filter (class=org.apache.hadoop.http.lib.StaticUserWebFilter$StaticUserFilter) to context hddsDatanode
2019-10-15 16:00:39,968 [main] INFO  http.HttpServer2 (HttpServer2.java:addFilter(958)) - Added filter static_user_filter (class=org.apache.hadoop.http.lib.StaticUserWebFilter$StaticUserFilter) to context static
2019-10-15 16:00:39,968 [main] INFO  http.HttpServer2 (HttpServer2.java:addFilter(958)) - Added filter static_user_filter (class=org.apache.hadoop.http.lib.StaticUserWebFilter$StaticUserFilter) to context logs
2019-10-15 16:00:39,969 [main] INFO  http.HttpServer2 (HttpServer2.java:bindListener(1191)) - Jetty bound to port 38022
2019-10-15 16:00:39,969 [main] INFO  server.Server (Server.java:doStart(351)) - jetty-9.3.25.v20180904, build timestamp: 2018-09-04T21:11:46Z, git hash: 3ce520221d0240229c862b122d2b06c12a625732
2019-10-15 16:00:39,971 [main] INFO  handler.ContextHandler (ContextHandler.java:doStart(781)) - Started o.e.j.s.ServletContextHandler@1b17d8ab{/logs,file:///workdir/hadoop-ozone/integration-test/target/log,AVAILABLE}
2019-10-15 16:00:39,971 [main] INFO  handler.ContextHandler (ContextHandler.java:doStart(781)) - Started o.e.j.s.ServletContextHandler@687eb455{/static,jar:file:/home/user/.m2/repository/org/apache/hadoop/hadoop-hdds-container-service/0.5.0-SNAPSHOT/hadoop-hdds-container-service-0.5.0-SNAPSHOT.jar!/webapps/static,AVAILABLE}
2019-10-15 16:00:40,001 [main] INFO  handler.ContextHandler (ContextHandler.java:doStart(781)) - Started o.e.j.w.WebAppContext@554566a8{/,file:///tmp/jetty-0.0.0.0-38022-hddsDatanode-_-any-8821821008622432173.dir/webapp/,AVAILABLE}{/hddsDatanode}
2019-10-15 16:00:40,001 [main] INFO  server.AbstractConnector (AbstractConnector.java:doStart(278)) - Started ServerConnector@66020d69{HTTP/1.1,[http/1.1]}{0.0.0.0:38022}
2019-10-15 16:00:40,006 [main] INFO  server.Server (Server.java:doStart(419)) - Started @216690ms
2019-10-15 16:00:40,006 [main] WARN  impl.MetricsSystemImpl (MetricsSystemImpl.java:register(276)) - Sink prometheus already exists!
2019-10-15 16:00:40,007 [main] INFO  server.BaseHttpServer (BaseHttpServer.java:updateConnectorAddress(215)) - HTTP server of HDDSDATANODE is listening at http://0.0.0.0:38022
2019-10-15 16:00:40,007 [main] INFO  impl.MetricsSystemImpl (MetricsSystemImpl.java:init(158)) - HddsDatanode metrics system started (again)
2019-10-15 16:00:40,015 [org.apache.hadoop.util.JvmPauseMonitor$Monitor@118dff9f] INFO  util.JvmPauseMonitor (JvmPauseMonitor.java:run(188)) - Starting JVM pause monitor
2019-10-15 16:00:40,016 [main] INFO  ozone.HddsDatanodeService (HddsDatanodeService.java:start(184)) - HddsDatanodeService host:pr-hdds-1228-hxnc5-3896710236 ip:192.168.157.236
2019-10-15 16:00:40,017 [Datanode State Machine Thread - 0] INFO  datanode.InitDatanodeState (InitDatanodeState.java:persistContainerDatanodeDetails(140)) - DatanodeDetails is persisted to /workdir/hadoop-ozone/integration-test/target/test-dir/MiniOzoneClusterImpl-db5d02a6-340f-494d-b00e-bf4b2df0003c/datanode-6/meta/datanode.id
2019-10-15 16:00:40,023 [main] INFO  volume.HddsVolume (HddsVolume.java:<init>(176)) - Creating Volume: /workdir/hadoop-ozone/integration-test/target/test-dir/MiniOzoneClusterImpl-db5d02a6-340f-494d-b00e-bf4b2df0003c/datanode-7/data/containers/hdds of  storage type : DISK and capacity : 1482555576320
2019-10-15 16:00:40,024 [main] INFO  volume.VolumeSet (VolumeSet.java:initializeVolumeSet(170)) - Added Volume : /workdir/hadoop-ozone/integration-test/target/test-dir/MiniOzoneClusterImpl-db5d02a6-340f-494d-b00e-bf4b2df0003c/datanode-7/data/containers/hdds to VolumeSet
2019-10-15 16:00:40,024 [main] INFO  volume.ThrottledAsyncChecker (ThrottledAsyncChecker.java:schedule(141)) - Scheduling a check for /workdir/hadoop-ozone/integration-test/target/test-dir/MiniOzoneClusterImpl-db5d02a6-340f-494d-b00e-bf4b2df0003c/datanode-7/data/containers/hdds
2019-10-15 16:00:40,024 [main] INFO  volume.HddsVolumeChecker (HddsVolumeChecker.java:checkAllVolumes(204)) - Scheduled health check for volume /workdir/hadoop-ozone/integration-test/target/test-dir/MiniOzoneClusterImpl-db5d02a6-340f-494d-b00e-bf4b2df0003c/datanode-7/data/containers/hdds
2019-10-15 16:00:40,037 [main] INFO  impl.RaftServerProxy (ConfUtils.java:logGet(43)) - raft.rpc.type = GRPC (default)
2019-10-15 16:00:40,037 [main] INFO  grpc.GrpcFactory (GrpcFactory.java:checkPooledByteBufAllocatorUseCacheForAllThreads(45)) - PERFORMANCE WARNING: useCacheForAllThreads is true that may cause Netty to create a lot garbage objects and, as a result, trigger GC.
	It is recommended to disable useCacheForAllThreads by setting -Dorg.apache.ratis.thirdparty.io.netty.allocator.useCacheForAllThreads=false in command line.
2019-10-15 16:00:40,038 [main] INFO  grpc.GrpcConfigKeys$Server (ConfUtils.java:logGet(43)) - raft.grpc.server.port = 0 (default)
2019-10-15 16:00:40,038 [main] INFO  server.GrpcService (ConfUtils.java:logGet(43)) - raft.grpc.message.size.max = 33570816 (custom)
2019-10-15 16:00:40,038 [main] INFO  server.RaftServerConfigKeys (ConfUtils.java:logGet(43)) - raft.server.log.appender.buffer.byte-limit = 33554432 (custom)
2019-10-15 16:00:40,038 [main] INFO  server.GrpcService (ConfUtils.java:logGet(43)) - raft.grpc.flow.control.window = 1MB (=1048576) (default)
2019-10-15 16:00:40,038 [main] INFO  server.RaftServerConfigKeys (ConfUtils.java:logGet(43)) - raft.server.rpc.request.timeout = 3000ms (default)
2019-10-15 16:00:40,039 [main] INFO  server.RaftServerConfigKeys (ConfUtils.java:logGet(43)) - raft.server.storage.dir = [/workdir/hadoop-ozone/integration-test/target/test-dir/MiniOzoneClusterImpl-db5d02a6-340f-494d-b00e-bf4b2df0003c/datanode-7/data/ratis] (custom)
2019-10-15 16:00:40,040 [main] INFO  hdfs.DFSUtil (DFSUtil.java:httpServerTemplateForNNAndJN(1641)) - Starting Web-server for hddsDatanode at: http://0.0.0.0:0
2019-10-15 16:00:40,041 [main] INFO  server.AuthenticationFilter (AuthenticationFilter.java:constructSecretProvider(240)) - Unable to initialize FileSignerSecretProvider, falling back to use random secrets.
2019-10-15 16:00:40,041 [main] WARN  http.HttpRequestLog (HttpRequestLog.java:getRequestLog(97)) - Jetty request log can only be enabled using Log4j
2019-10-15 16:00:40,042 [main] INFO  http.HttpServer2 (HttpServer2.java:addGlobalFilter(975)) - Added global filter 'safety' (class=org.apache.hadoop.http.HttpServer2$QuotingInputFilter)
2019-10-15 16:00:40,043 [main] INFO  http.HttpServer2 (HttpServer2.java:addFilter(948)) - Added filter static_user_filter (class=org.apache.hadoop.http.lib.StaticUserWebFilter$StaticUserFilter) to context hddsDatanode
2019-10-15 16:00:40,043 [main] INFO  http.HttpServer2 (HttpServer2.java:addFilter(958)) - Added filter static_user_filter (class=org.apache.hadoop.http.lib.StaticUserWebFilter$StaticUserFilter) to context logs
2019-10-15 16:00:40,043 [main] INFO  http.HttpServer2 (HttpServer2.java:addFilter(958)) - Added filter static_user_filter (class=org.apache.hadoop.http.lib.StaticUserWebFilter$StaticUserFilter) to context static
2019-10-15 16:00:40,044 [main] INFO  http.HttpServer2 (HttpServer2.java:bindListener(1191)) - Jetty bound to port 40425
2019-10-15 16:00:40,044 [main] INFO  server.Server (Server.java:doStart(351)) - jetty-9.3.25.v20180904, build timestamp: 2018-09-04T21:11:46Z, git hash: 3ce520221d0240229c862b122d2b06c12a625732
2019-10-15 16:00:40,045 [main] INFO  handler.ContextHandler (ContextHandler.java:doStart(781)) - Started o.e.j.s.ServletContextHandler@113dcaf8{/logs,file:///workdir/hadoop-ozone/integration-test/target/log,AVAILABLE}
2019-10-15 16:00:40,045 [main] INFO  handler.ContextHandler (ContextHandler.java:doStart(781)) - Started o.e.j.s.ServletContextHandler@350ff014{/static,jar:file:/home/user/.m2/repository/org/apache/hadoop/hadoop-hdds-container-service/0.5.0-SNAPSHOT/hadoop-hdds-container-service-0.5.0-SNAPSHOT.jar!/webapps/static,AVAILABLE}
2019-10-15 16:00:40,073 [main] INFO  handler.ContextHandler (ContextHandler.java:doStart(781)) - Started o.e.j.w.WebAppContext@42c54bad{/,file:///tmp/jetty-0.0.0.0-40425-hddsDatanode-_-any-2288492301391676498.dir/webapp/,AVAILABLE}{/hddsDatanode}
2019-10-15 16:00:40,074 [main] INFO  server.AbstractConnector (AbstractConnector.java:doStart(278)) - Started ServerConnector@6bb4cc0e{HTTP/1.1,[http/1.1]}{0.0.0.0:40425}
2019-10-15 16:00:40,075 [main] INFO  server.Server (Server.java:doStart(419)) - Started @216758ms
2019-10-15 16:00:40,075 [main] WARN  impl.MetricsSystemImpl (MetricsSystemImpl.java:register(276)) - Sink prometheus already exists!
2019-10-15 16:00:40,076 [main] INFO  server.BaseHttpServer (BaseHttpServer.java:updateConnectorAddress(215)) - HTTP server of HDDSDATANODE is listening at http://0.0.0.0:40425
2019-10-15 16:00:40,076 [main] INFO  impl.MetricsSystemImpl (MetricsSystemImpl.java:init(158)) - HddsDatanode metrics system started (again)
2019-10-15 16:00:40,083 [org.apache.hadoop.util.JvmPauseMonitor$Monitor@1d4a80ad] INFO  util.JvmPauseMonitor (JvmPauseMonitor.java:run(188)) - Starting JVM pause monitor
2019-10-15 16:00:40,084 [main] INFO  ozone.HddsDatanodeService (HddsDatanodeService.java:start(184)) - HddsDatanodeService host:pr-hdds-1228-hxnc5-3896710236 ip:192.168.157.236
2019-10-15 16:00:40,084 [Datanode State Machine Thread - 0] INFO  datanode.InitDatanodeState (InitDatanodeState.java:persistContainerDatanodeDetails(140)) - DatanodeDetails is persisted to /workdir/hadoop-ozone/integration-test/target/test-dir/MiniOzoneClusterImpl-db5d02a6-340f-494d-b00e-bf4b2df0003c/datanode-7/meta/datanode.id
2019-10-15 16:00:40,091 [main] INFO  volume.HddsVolume (HddsVolume.java:<init>(176)) - Creating Volume: /workdir/hadoop-ozone/integration-test/target/test-dir/MiniOzoneClusterImpl-db5d02a6-340f-494d-b00e-bf4b2df0003c/datanode-8/data/containers/hdds of  storage type : DISK and capacity : 1482555576320
2019-10-15 16:00:40,091 [main] INFO  volume.VolumeSet (VolumeSet.java:initializeVolumeSet(170)) - Added Volume : /workdir/hadoop-ozone/integration-test/target/test-dir/MiniOzoneClusterImpl-db5d02a6-340f-494d-b00e-bf4b2df0003c/datanode-8/data/containers/hdds to VolumeSet
2019-10-15 16:00:40,091 [main] INFO  volume.ThrottledAsyncChecker (ThrottledAsyncChecker.java:schedule(141)) - Scheduling a check for /workdir/hadoop-ozone/integration-test/target/test-dir/MiniOzoneClusterImpl-db5d02a6-340f-494d-b00e-bf4b2df0003c/datanode-8/data/containers/hdds
2019-10-15 16:00:40,092 [main] INFO  volume.HddsVolumeChecker (HddsVolumeChecker.java:checkAllVolumes(204)) - Scheduled health check for volume /workdir/hadoop-ozone/integration-test/target/test-dir/MiniOzoneClusterImpl-db5d02a6-340f-494d-b00e-bf4b2df0003c/datanode-8/data/containers/hdds
2019-10-15 16:00:40,104 [main] INFO  impl.RaftServerProxy (ConfUtils.java:logGet(43)) - raft.rpc.type = GRPC (default)
2019-10-15 16:00:40,104 [main] INFO  grpc.GrpcFactory (GrpcFactory.java:checkPooledByteBufAllocatorUseCacheForAllThreads(45)) - PERFORMANCE WARNING: useCacheForAllThreads is true that may cause Netty to create a lot garbage objects and, as a result, trigger GC.
	It is recommended to disable useCacheForAllThreads by setting -Dorg.apache.ratis.thirdparty.io.netty.allocator.useCacheForAllThreads=false in command line.
2019-10-15 16:00:40,104 [main] INFO  grpc.GrpcConfigKeys$Server (ConfUtils.java:logGet(43)) - raft.grpc.server.port = 0 (default)
2019-10-15 16:00:40,104 [main] INFO  server.GrpcService (ConfUtils.java:logGet(43)) - raft.grpc.message.size.max = 33570816 (custom)
2019-10-15 16:00:40,104 [main] INFO  server.RaftServerConfigKeys (ConfUtils.java:logGet(43)) - raft.server.log.appender.buffer.byte-limit = 33554432 (custom)
2019-10-15 16:00:40,104 [main] INFO  server.GrpcService (ConfUtils.java:logGet(43)) - raft.grpc.flow.control.window = 1MB (=1048576) (default)
2019-10-15 16:00:40,104 [main] INFO  server.RaftServerConfigKeys (ConfUtils.java:logGet(43)) - raft.server.rpc.request.timeout = 3000ms (default)
2019-10-15 16:00:40,105 [main] INFO  server.RaftServerConfigKeys (ConfUtils.java:logGet(43)) - raft.server.storage.dir = [/workdir/hadoop-ozone/integration-test/target/test-dir/MiniOzoneClusterImpl-db5d02a6-340f-494d-b00e-bf4b2df0003c/datanode-8/data/ratis] (custom)
2019-10-15 16:00:40,106 [main] INFO  hdfs.DFSUtil (DFSUtil.java:httpServerTemplateForNNAndJN(1641)) - Starting Web-server for hddsDatanode at: http://0.0.0.0:0
2019-10-15 16:00:40,108 [main] INFO  server.AuthenticationFilter (AuthenticationFilter.java:constructSecretProvider(240)) - Unable to initialize FileSignerSecretProvider, falling back to use random secrets.
2019-10-15 16:00:40,108 [main] WARN  http.HttpRequestLog (HttpRequestLog.java:getRequestLog(97)) - Jetty request log can only be enabled using Log4j
2019-10-15 16:00:40,109 [main] INFO  http.HttpServer2 (HttpServer2.java:addGlobalFilter(975)) - Added global filter 'safety' (class=org.apache.hadoop.http.HttpServer2$QuotingInputFilter)
2019-10-15 16:00:40,109 [main] INFO  http.HttpServer2 (HttpServer2.java:addFilter(948)) - Added filter static_user_filter (class=org.apache.hadoop.http.lib.StaticUserWebFilter$StaticUserFilter) to context hddsDatanode
2019-10-15 16:00:40,109 [main] INFO  http.HttpServer2 (HttpServer2.java:addFilter(958)) - Added filter static_user_filter (class=org.apache.hadoop.http.lib.StaticUserWebFilter$StaticUserFilter) to context static
2019-10-15 16:00:40,110 [main] INFO  http.HttpServer2 (HttpServer2.java:addFilter(958)) - Added filter static_user_filter (class=org.apache.hadoop.http.lib.StaticUserWebFilter$StaticUserFilter) to context logs
2019-10-15 16:00:40,110 [main] INFO  http.HttpServer2 (HttpServer2.java:bindListener(1191)) - Jetty bound to port 42177
2019-10-15 16:00:40,110 [main] INFO  server.Server (Server.java:doStart(351)) - jetty-9.3.25.v20180904, build timestamp: 2018-09-04T21:11:46Z, git hash: 3ce520221d0240229c862b122d2b06c12a625732
2019-10-15 16:00:40,112 [main] INFO  handler.ContextHandler (ContextHandler.java:doStart(781)) - Started o.e.j.s.ServletContextHandler@76d0ecd7{/logs,file:///workdir/hadoop-ozone/integration-test/target/log,AVAILABLE}
2019-10-15 16:00:40,112 [main] INFO  handler.ContextHandler (ContextHandler.java:doStart(781)) - Started o.e.j.s.ServletContextHandler@1ad1c363{/static,jar:file:/home/user/.m2/repository/org/apache/hadoop/hadoop-hdds-container-service/0.5.0-SNAPSHOT/hadoop-hdds-container-service-0.5.0-SNAPSHOT.jar!/webapps/static,AVAILABLE}
2019-10-15 16:00:40,140 [main] INFO  handler.ContextHandler (ContextHandler.java:doStart(781)) - Started o.e.j.w.WebAppContext@d84b3a2{/,file:///tmp/jetty-0.0.0.0-42177-hddsDatanode-_-any-9084677694871777604.dir/webapp/,AVAILABLE}{/hddsDatanode}
2019-10-15 16:00:40,140 [main] INFO  server.AbstractConnector (AbstractConnector.java:doStart(278)) - Started ServerConnector@23648d2d{HTTP/1.1,[http/1.1]}{0.0.0.0:42177}
2019-10-15 16:00:40,142 [main] INFO  server.Server (Server.java:doStart(419)) - Started @216826ms
2019-10-15 16:00:40,142 [main] WARN  impl.MetricsSystemImpl (MetricsSystemImpl.java:register(276)) - Sink prometheus already exists!
2019-10-15 16:00:40,143 [main] INFO  server.BaseHttpServer (BaseHttpServer.java:updateConnectorAddress(215)) - HTTP server of HDDSDATANODE is listening at http://0.0.0.0:42177
2019-10-15 16:00:40,143 [main] INFO  impl.MetricsSystemImpl (MetricsSystemImpl.java:init(158)) - HddsDatanode metrics system started (again)
2019-10-15 16:00:40,151 [org.apache.hadoop.util.JvmPauseMonitor$Monitor@786566a8] INFO  util.JvmPauseMonitor (JvmPauseMonitor.java:run(188)) - Starting JVM pause monitor
2019-10-15 16:00:40,151 [main] INFO  ozone.HddsDatanodeService (HddsDatanodeService.java:start(184)) - HddsDatanodeService host:pr-hdds-1228-hxnc5-3896710236 ip:192.168.157.236
2019-10-15 16:00:40,152 [Datanode State Machine Thread - 0] INFO  datanode.InitDatanodeState (InitDatanodeState.java:persistContainerDatanodeDetails(140)) - DatanodeDetails is persisted to /workdir/hadoop-ozone/integration-test/target/test-dir/MiniOzoneClusterImpl-db5d02a6-340f-494d-b00e-bf4b2df0003c/datanode-8/meta/datanode.id
2019-10-15 16:00:40,158 [main] INFO  volume.HddsVolume (HddsVolume.java:<init>(176)) - Creating Volume: /workdir/hadoop-ozone/integration-test/target/test-dir/MiniOzoneClusterImpl-db5d02a6-340f-494d-b00e-bf4b2df0003c/datanode-9/data/containers/hdds of  storage type : DISK and capacity : 1482555576320
2019-10-15 16:00:40,158 [main] INFO  volume.VolumeSet (VolumeSet.java:initializeVolumeSet(170)) - Added Volume : /workdir/hadoop-ozone/integration-test/target/test-dir/MiniOzoneClusterImpl-db5d02a6-340f-494d-b00e-bf4b2df0003c/datanode-9/data/containers/hdds to VolumeSet
2019-10-15 16:00:40,159 [main] INFO  volume.ThrottledAsyncChecker (ThrottledAsyncChecker.java:schedule(141)) - Scheduling a check for /workdir/hadoop-ozone/integration-test/target/test-dir/MiniOzoneClusterImpl-db5d02a6-340f-494d-b00e-bf4b2df0003c/datanode-9/data/containers/hdds
2019-10-15 16:00:40,159 [main] INFO  volume.HddsVolumeChecker (HddsVolumeChecker.java:checkAllVolumes(204)) - Scheduled health check for volume /workdir/hadoop-ozone/integration-test/target/test-dir/MiniOzoneClusterImpl-db5d02a6-340f-494d-b00e-bf4b2df0003c/datanode-9/data/containers/hdds
2019-10-15 16:00:40,172 [main] INFO  impl.RaftServerProxy (ConfUtils.java:logGet(43)) - raft.rpc.type = GRPC (default)
2019-10-15 16:00:40,172 [main] INFO  grpc.GrpcFactory (GrpcFactory.java:checkPooledByteBufAllocatorUseCacheForAllThreads(45)) - PERFORMANCE WARNING: useCacheForAllThreads is true that may cause Netty to create a lot garbage objects and, as a result, trigger GC.
	It is recommended to disable useCacheForAllThreads by setting -Dorg.apache.ratis.thirdparty.io.netty.allocator.useCacheForAllThreads=false in command line.
2019-10-15 16:00:40,172 [main] INFO  grpc.GrpcConfigKeys$Server (ConfUtils.java:logGet(43)) - raft.grpc.server.port = 0 (default)
2019-10-15 16:00:40,173 [main] INFO  server.GrpcService (ConfUtils.java:logGet(43)) - raft.grpc.message.size.max = 33570816 (custom)
2019-10-15 16:00:40,173 [main] INFO  server.RaftServerConfigKeys (ConfUtils.java:logGet(43)) - raft.server.log.appender.buffer.byte-limit = 33554432 (custom)
2019-10-15 16:00:40,173 [main] INFO  server.GrpcService (ConfUtils.java:logGet(43)) - raft.grpc.flow.control.window = 1MB (=1048576) (default)
2019-10-15 16:00:40,173 [main] INFO  server.RaftServerConfigKeys (ConfUtils.java:logGet(43)) - raft.server.rpc.request.timeout = 3000ms (default)
2019-10-15 16:00:40,173 [main] INFO  server.RaftServerConfigKeys (ConfUtils.java:logGet(43)) - raft.server.storage.dir = [/workdir/hadoop-ozone/integration-test/target/test-dir/MiniOzoneClusterImpl-db5d02a6-340f-494d-b00e-bf4b2df0003c/datanode-9/data/ratis] (custom)
2019-10-15 16:00:40,175 [main] INFO  hdfs.DFSUtil (DFSUtil.java:httpServerTemplateForNNAndJN(1641)) - Starting Web-server for hddsDatanode at: http://0.0.0.0:0
2019-10-15 16:00:40,176 [main] INFO  server.AuthenticationFilter (AuthenticationFilter.java:constructSecretProvider(240)) - Unable to initialize FileSignerSecretProvider, falling back to use random secrets.
2019-10-15 16:00:40,176 [main] WARN  http.HttpRequestLog (HttpRequestLog.java:getRequestLog(97)) - Jetty request log can only be enabled using Log4j
2019-10-15 16:00:40,178 [main] INFO  http.HttpServer2 (HttpServer2.java:addGlobalFilter(975)) - Added global filter 'safety' (class=org.apache.hadoop.http.HttpServer2$QuotingInputFilter)
2019-10-15 16:00:40,178 [main] INFO  http.HttpServer2 (HttpServer2.java:addFilter(948)) - Added filter static_user_filter (class=org.apache.hadoop.http.lib.StaticUserWebFilter$StaticUserFilter) to context hddsDatanode
2019-10-15 16:00:40,178 [main] INFO  http.HttpServer2 (HttpServer2.java:addFilter(958)) - Added filter static_user_filter (class=org.apache.hadoop.http.lib.StaticUserWebFilter$StaticUserFilter) to context logs
2019-10-15 16:00:40,179 [main] INFO  http.HttpServer2 (HttpServer2.java:addFilter(958)) - Added filter static_user_filter (class=org.apache.hadoop.http.lib.StaticUserWebFilter$StaticUserFilter) to context static
2019-10-15 16:00:40,180 [main] INFO  http.HttpServer2 (HttpServer2.java:bindListener(1191)) - Jetty bound to port 42737
2019-10-15 16:00:40,180 [main] INFO  server.Server (Server.java:doStart(351)) - jetty-9.3.25.v20180904, build timestamp: 2018-09-04T21:11:46Z, git hash: 3ce520221d0240229c862b122d2b06c12a625732
2019-10-15 16:00:40,181 [main] INFO  handler.ContextHandler (ContextHandler.java:doStart(781)) - Started o.e.j.s.ServletContextHandler@4cae66a8{/logs,file:///workdir/hadoop-ozone/integration-test/target/log,AVAILABLE}
2019-10-15 16:00:40,182 [main] INFO  handler.ContextHandler (ContextHandler.java:doStart(781)) - Started o.e.j.s.ServletContextHandler@3962ec84{/static,jar:file:/home/user/.m2/repository/org/apache/hadoop/hadoop-hdds-container-service/0.5.0-SNAPSHOT/hadoop-hdds-container-service-0.5.0-SNAPSHOT.jar!/webapps/static,AVAILABLE}
2019-10-15 16:00:40,212 [main] INFO  handler.ContextHandler (ContextHandler.java:doStart(781)) - Started o.e.j.w.WebAppContext@587f4f63{/,file:///tmp/jetty-0.0.0.0-42737-hddsDatanode-_-any-2221658788266880331.dir/webapp/,AVAILABLE}{/hddsDatanode}
2019-10-15 16:00:40,212 [main] INFO  server.AbstractConnector (AbstractConnector.java:doStart(278)) - Started ServerConnector@660b1a9d{HTTP/1.1,[http/1.1]}{0.0.0.0:42737}
2019-10-15 16:00:40,215 [main] INFO  server.Server (Server.java:doStart(419)) - Started @216899ms
2019-10-15 16:00:40,215 [main] WARN  impl.MetricsSystemImpl (MetricsSystemImpl.java:register(276)) - Sink prometheus already exists!
2019-10-15 16:00:40,216 [main] INFO  server.BaseHttpServer (BaseHttpServer.java:updateConnectorAddress(215)) - HTTP server of HDDSDATANODE is listening at http://0.0.0.0:42737
2019-10-15 16:00:40,216 [main] INFO  ozone.MiniOzoneClusterImpl (MiniOzoneClusterImpl.java:lambda$waitForClusterToBeReady$0(147)) - Waiting for cluster to be ready. Got 0 of 10 DN Heartbeats.
2019-10-15 16:00:40,217 [org.apache.hadoop.util.JvmPauseMonitor$Monitor@44c58a02] INFO  util.JvmPauseMonitor (JvmPauseMonitor.java:run(188)) - Starting JVM pause monitor
2019-10-15 16:00:40,218 [Datanode State Machine Thread - 0] INFO  datanode.InitDatanodeState (InitDatanodeState.java:persistContainerDatanodeDetails(140)) - DatanodeDetails is persisted to /workdir/hadoop-ozone/integration-test/target/test-dir/MiniOzoneClusterImpl-db5d02a6-340f-494d-b00e-bf4b2df0003c/datanode-9/meta/datanode.id
2019-10-15 16:00:41,027 [Datanode State Machine Thread - 0] INFO  ozoneimpl.OzoneContainer (OzoneContainer.java:start(213)) - Attempting to start container services.
2019-10-15 16:00:41,028 [Datanode State Machine Thread - 0] INFO  ozoneimpl.OzoneContainer (OzoneContainer.java:startContainerScrub(177)) - Background container scanner has been disabled.
2019-10-15 16:00:41,028 [Datanode State Machine Thread - 0] INFO  ratis.XceiverServerRatis (XceiverServerRatis.java:start(418)) - Starting XceiverServerRatis 2927af6d-ca2a-40e1-b66d-bb9b2759d3f4 at port 0
2019-10-15 16:00:41,039 [Datanode State Machine Thread - 0] INFO  impl.RaftServerProxy (RaftServerProxy.java:lambda$start$3(299)) - 2927af6d-ca2a-40e1-b66d-bb9b2759d3f4: start RPC server
2019-10-15 16:00:41,041 [Datanode State Machine Thread - 0] INFO  server.GrpcService (GrpcService.java:startImpl(158)) - 2927af6d-ca2a-40e1-b66d-bb9b2759d3f4: GrpcService started, listening on 0.0.0.0/0.0.0.0:42710
2019-10-15 16:00:41,042 [Datanode State Machine Thread - 0] INFO  ratis.XceiverServerRatis (XceiverServerRatis.java:start(428)) - XceiverServerRatis 2927af6d-ca2a-40e1-b66d-bb9b2759d3f4 is started using port 42710
2019-10-15 16:00:41,044 [Datanode State Machine Thread - 0] INFO  server.XceiverServerGrpc (XceiverServerGrpc.java:start(149)) - XceiverServerGrpc 2927af6d-ca2a-40e1-b66d-bb9b2759d3f4 is started using port 39517
2019-10-15 16:00:41,103 [Datanode State Machine Thread - 0] INFO  ozoneimpl.OzoneContainer (OzoneContainer.java:start(213)) - Attempting to start container services.
2019-10-15 16:00:41,104 [Datanode State Machine Thread - 0] INFO  ozoneimpl.OzoneContainer (OzoneContainer.java:startContainerScrub(177)) - Background container scanner has been disabled.
2019-10-15 16:00:41,104 [Datanode State Machine Thread - 0] INFO  ratis.XceiverServerRatis (XceiverServerRatis.java:start(418)) - Starting XceiverServerRatis 27104e3f-effa-4be2-8c99-920d8374636e at port 0
2019-10-15 16:00:41,113 [Datanode State Machine Thread - 0] INFO  impl.RaftServerProxy (RaftServerProxy.java:lambda$start$3(299)) - 27104e3f-effa-4be2-8c99-920d8374636e: start RPC server
2019-10-15 16:00:41,114 [Datanode State Machine Thread - 0] INFO  server.GrpcService (GrpcService.java:startImpl(158)) - 27104e3f-effa-4be2-8c99-920d8374636e: GrpcService started, listening on 0.0.0.0/0.0.0.0:38728
2019-10-15 16:00:41,114 [Datanode State Machine Thread - 0] INFO  ratis.XceiverServerRatis (XceiverServerRatis.java:start(428)) - XceiverServerRatis 27104e3f-effa-4be2-8c99-920d8374636e is started using port 38728
2019-10-15 16:00:41,128 [Datanode State Machine Thread - 0] INFO  server.XceiverServerGrpc (XceiverServerGrpc.java:start(149)) - XceiverServerGrpc 27104e3f-effa-4be2-8c99-920d8374636e is started using port 43412
2019-10-15 16:00:41,216 [main] INFO  ozone.MiniOzoneClusterImpl (MiniOzoneClusterImpl.java:lambda$waitForClusterToBeReady$0(147)) - Waiting for cluster to be ready. Got 0 of 10 DN Heartbeats.
2019-10-15 16:00:41,737 [Datanode State Machine Thread - 0] INFO  ozoneimpl.OzoneContainer (OzoneContainer.java:start(213)) - Attempting to start container services.
2019-10-15 16:00:41,738 [Datanode State Machine Thread - 0] INFO  ozoneimpl.OzoneContainer (OzoneContainer.java:startContainerScrub(177)) - Background container scanner has been disabled.
2019-10-15 16:00:41,738 [Datanode State Machine Thread - 0] INFO  ratis.XceiverServerRatis (XceiverServerRatis.java:start(418)) - Starting XceiverServerRatis 957624b1-130b-40b6-b716-6996dbe1f26c at port 0
2019-10-15 16:00:41,747 [Datanode State Machine Thread - 0] INFO  impl.RaftServerProxy (RaftServerProxy.java:lambda$start$3(299)) - 957624b1-130b-40b6-b716-6996dbe1f26c: start RPC server
2019-10-15 16:00:41,748 [Datanode State Machine Thread - 0] INFO  server.GrpcService (GrpcService.java:startImpl(158)) - 957624b1-130b-40b6-b716-6996dbe1f26c: GrpcService started, listening on 0.0.0.0/0.0.0.0:35608
2019-10-15 16:00:41,748 [Datanode State Machine Thread - 0] INFO  ratis.XceiverServerRatis (XceiverServerRatis.java:start(428)) - XceiverServerRatis 957624b1-130b-40b6-b716-6996dbe1f26c is started using port 35608
2019-10-15 16:00:41,751 [Datanode State Machine Thread - 0] INFO  server.XceiverServerGrpc (XceiverServerGrpc.java:start(149)) - XceiverServerGrpc 957624b1-130b-40b6-b716-6996dbe1f26c is started using port 35428
2019-10-15 16:00:41,815 [Datanode State Machine Thread - 0] INFO  ozoneimpl.OzoneContainer (OzoneContainer.java:start(213)) - Attempting to start container services.
2019-10-15 16:00:41,815 [Datanode State Machine Thread - 0] INFO  ozoneimpl.OzoneContainer (OzoneContainer.java:startContainerScrub(177)) - Background container scanner has been disabled.
2019-10-15 16:00:41,815 [Datanode State Machine Thread - 0] INFO  ratis.XceiverServerRatis (XceiverServerRatis.java:start(418)) - Starting XceiverServerRatis 28e55072-d071-4509-bf9d-64087afe3472 at port 0
2019-10-15 16:00:41,823 [Datanode State Machine Thread - 0] INFO  impl.RaftServerProxy (RaftServerProxy.java:lambda$start$3(299)) - 28e55072-d071-4509-bf9d-64087afe3472: start RPC server
2019-10-15 16:00:41,825 [Datanode State Machine Thread - 0] INFO  server.GrpcService (GrpcService.java:startImpl(158)) - 28e55072-d071-4509-bf9d-64087afe3472: GrpcService started, listening on 0.0.0.0/0.0.0.0:37314
2019-10-15 16:00:41,825 [Datanode State Machine Thread - 0] INFO  ratis.XceiverServerRatis (XceiverServerRatis.java:start(428)) - XceiverServerRatis 28e55072-d071-4509-bf9d-64087afe3472 is started using port 37314
2019-10-15 16:00:41,825 [Datanode State Machine Thread - 0] INFO  server.XceiverServerGrpc (XceiverServerGrpc.java:start(149)) - XceiverServerGrpc 28e55072-d071-4509-bf9d-64087afe3472 is started using port 39397
2019-10-15 16:00:41,888 [Datanode State Machine Thread - 0] INFO  ozoneimpl.OzoneContainer (OzoneContainer.java:start(213)) - Attempting to start container services.
2019-10-15 16:00:41,888 [Datanode State Machine Thread - 0] INFO  ozoneimpl.OzoneContainer (OzoneContainer.java:startContainerScrub(177)) - Background container scanner has been disabled.
2019-10-15 16:00:41,889 [Datanode State Machine Thread - 0] INFO  ratis.XceiverServerRatis (XceiverServerRatis.java:start(418)) - Starting XceiverServerRatis b35b7e43-25db-42e2-b325-3149b7a1b771 at port 0
2019-10-15 16:00:41,895 [Datanode State Machine Thread - 0] INFO  impl.RaftServerProxy (RaftServerProxy.java:lambda$start$3(299)) - b35b7e43-25db-42e2-b325-3149b7a1b771: start RPC server
2019-10-15 16:00:41,896 [Datanode State Machine Thread - 0] INFO  server.GrpcService (GrpcService.java:startImpl(158)) - b35b7e43-25db-42e2-b325-3149b7a1b771: GrpcService started, listening on 0.0.0.0/0.0.0.0:34113
2019-10-15 16:00:41,896 [Datanode State Machine Thread - 0] INFO  ratis.XceiverServerRatis (XceiverServerRatis.java:start(428)) - XceiverServerRatis b35b7e43-25db-42e2-b325-3149b7a1b771 is started using port 34113
2019-10-15 16:00:41,896 [Datanode State Machine Thread - 0] INFO  server.XceiverServerGrpc (XceiverServerGrpc.java:start(149)) - XceiverServerGrpc b35b7e43-25db-42e2-b325-3149b7a1b771 is started using port 45803
2019-10-15 16:00:41,971 [Datanode State Machine Thread - 0] INFO  ozoneimpl.OzoneContainer (OzoneContainer.java:start(213)) - Attempting to start container services.
2019-10-15 16:00:41,972 [Datanode State Machine Thread - 0] INFO  ozoneimpl.OzoneContainer (OzoneContainer.java:startContainerScrub(177)) - Background container scanner has been disabled.
2019-10-15 16:00:41,972 [Datanode State Machine Thread - 0] INFO  ratis.XceiverServerRatis (XceiverServerRatis.java:start(418)) - Starting XceiverServerRatis e2095ed4-6e7f-4ca6-8a9b-1989176657a6 at port 0
2019-10-15 16:00:41,980 [Datanode State Machine Thread - 0] INFO  impl.RaftServerProxy (RaftServerProxy.java:lambda$start$3(299)) - e2095ed4-6e7f-4ca6-8a9b-1989176657a6: start RPC server
2019-10-15 16:00:41,980 [Datanode State Machine Thread - 0] INFO  server.GrpcService (GrpcService.java:startImpl(158)) - e2095ed4-6e7f-4ca6-8a9b-1989176657a6: GrpcService started, listening on 0.0.0.0/0.0.0.0:46726
2019-10-15 16:00:41,981 [Datanode State Machine Thread - 0] INFO  ratis.XceiverServerRatis (XceiverServerRatis.java:start(428)) - XceiverServerRatis e2095ed4-6e7f-4ca6-8a9b-1989176657a6 is started using port 46726
2019-10-15 16:00:41,981 [Datanode State Machine Thread - 0] INFO  server.XceiverServerGrpc (XceiverServerGrpc.java:start(149)) - XceiverServerGrpc e2095ed4-6e7f-4ca6-8a9b-1989176657a6 is started using port 40624
2019-10-15 16:00:42,032 [Datanode State Machine Thread - 0] INFO  ozoneimpl.OzoneContainer (OzoneContainer.java:start(213)) - Attempting to start container services.
2019-10-15 16:00:42,032 [Datanode State Machine Thread - 0] INFO  ozoneimpl.OzoneContainer (OzoneContainer.java:startContainerScrub(177)) - Background container scanner has been disabled.
2019-10-15 16:00:42,032 [Datanode State Machine Thread - 0] INFO  ratis.XceiverServerRatis (XceiverServerRatis.java:start(418)) - Starting XceiverServerRatis 654dc4fd-4a53-4d66-800b-5d0101b478e0 at port 0
2019-10-15 16:00:42,041 [Datanode State Machine Thread - 0] INFO  impl.RaftServerProxy (RaftServerProxy.java:lambda$start$3(299)) - 654dc4fd-4a53-4d66-800b-5d0101b478e0: start RPC server
2019-10-15 16:00:42,042 [Datanode State Machine Thread - 0] INFO  server.GrpcService (GrpcService.java:startImpl(158)) - 654dc4fd-4a53-4d66-800b-5d0101b478e0: GrpcService started, listening on 0.0.0.0/0.0.0.0:38504
2019-10-15 16:00:42,042 [Datanode State Machine Thread - 0] INFO  ratis.XceiverServerRatis (XceiverServerRatis.java:start(428)) - XceiverServerRatis 654dc4fd-4a53-4d66-800b-5d0101b478e0 is started using port 38504
2019-10-15 16:00:42,043 [Datanode State Machine Thread - 0] INFO  server.XceiverServerGrpc (XceiverServerGrpc.java:start(149)) - XceiverServerGrpc 654dc4fd-4a53-4d66-800b-5d0101b478e0 is started using port 40040
2019-10-15 16:00:42,101 [Datanode State Machine Thread - 0] INFO  ozoneimpl.OzoneContainer (OzoneContainer.java:start(213)) - Attempting to start container services.
2019-10-15 16:00:42,101 [Datanode State Machine Thread - 0] INFO  ozoneimpl.OzoneContainer (OzoneContainer.java:startContainerScrub(177)) - Background container scanner has been disabled.
2019-10-15 16:00:42,101 [Datanode State Machine Thread - 0] INFO  ratis.XceiverServerRatis (XceiverServerRatis.java:start(418)) - Starting XceiverServerRatis a01d9800-12e3-4ec3-b51e-50c1eb51d5a4 at port 0
2019-10-15 16:00:42,110 [Datanode State Machine Thread - 0] INFO  impl.RaftServerProxy (RaftServerProxy.java:lambda$start$3(299)) - a01d9800-12e3-4ec3-b51e-50c1eb51d5a4: start RPC server
2019-10-15 16:00:42,111 [Datanode State Machine Thread - 0] INFO  server.GrpcService (GrpcService.java:startImpl(158)) - a01d9800-12e3-4ec3-b51e-50c1eb51d5a4: GrpcService started, listening on 0.0.0.0/0.0.0.0:38839
2019-10-15 16:00:42,111 [Datanode State Machine Thread - 0] INFO  ratis.XceiverServerRatis (XceiverServerRatis.java:start(428)) - XceiverServerRatis a01d9800-12e3-4ec3-b51e-50c1eb51d5a4 is started using port 38839
2019-10-15 16:00:42,111 [Datanode State Machine Thread - 0] INFO  server.XceiverServerGrpc (XceiverServerGrpc.java:start(149)) - XceiverServerGrpc a01d9800-12e3-4ec3-b51e-50c1eb51d5a4 is started using port 40896
2019-10-15 16:00:42,169 [Datanode State Machine Thread - 0] INFO  ozoneimpl.OzoneContainer (OzoneContainer.java:start(213)) - Attempting to start container services.
2019-10-15 16:00:42,169 [Datanode State Machine Thread - 0] INFO  ozoneimpl.OzoneContainer (OzoneContainer.java:startContainerScrub(177)) - Background container scanner has been disabled.
2019-10-15 16:00:42,169 [Datanode State Machine Thread - 0] INFO  ratis.XceiverServerRatis (XceiverServerRatis.java:start(418)) - Starting XceiverServerRatis 68ed38f4-9c13-4e57-963b-0ddf8b5864a6 at port 0
2019-10-15 16:00:42,177 [Datanode State Machine Thread - 0] INFO  impl.RaftServerProxy (RaftServerProxy.java:lambda$start$3(299)) - 68ed38f4-9c13-4e57-963b-0ddf8b5864a6: start RPC server
2019-10-15 16:00:42,177 [Datanode State Machine Thread - 0] INFO  server.GrpcService (GrpcService.java:startImpl(158)) - 68ed38f4-9c13-4e57-963b-0ddf8b5864a6: GrpcService started, listening on 0.0.0.0/0.0.0.0:41318
2019-10-15 16:00:42,178 [Datanode State Machine Thread - 0] INFO  ratis.XceiverServerRatis (XceiverServerRatis.java:start(428)) - XceiverServerRatis 68ed38f4-9c13-4e57-963b-0ddf8b5864a6 is started using port 41318
2019-10-15 16:00:42,179 [Datanode State Machine Thread - 0] INFO  server.XceiverServerGrpc (XceiverServerGrpc.java:start(149)) - XceiverServerGrpc 68ed38f4-9c13-4e57-963b-0ddf8b5864a6 is started using port 37010
2019-10-15 16:00:42,217 [main] INFO  ozone.MiniOzoneClusterImpl (MiniOzoneClusterImpl.java:lambda$waitForClusterToBeReady$0(147)) - Waiting for cluster to be ready. Got 0 of 10 DN Heartbeats.
2019-10-15 16:00:42,329 [Datanode State Machine Thread - 0] INFO  ozoneimpl.OzoneContainer (OzoneContainer.java:start(213)) - Attempting to start container services.
2019-10-15 16:00:42,330 [Datanode State Machine Thread - 0] INFO  ozoneimpl.OzoneContainer (OzoneContainer.java:startContainerScrub(177)) - Background container scanner has been disabled.
2019-10-15 16:00:42,330 [Datanode State Machine Thread - 0] INFO  ratis.XceiverServerRatis (XceiverServerRatis.java:start(418)) - Starting XceiverServerRatis 275da799-bc08-4efe-9bdf-4f09e99e1600 at port 0
2019-10-15 16:00:42,339 [Datanode State Machine Thread - 0] INFO  impl.RaftServerProxy (RaftServerProxy.java:lambda$start$3(299)) - 275da799-bc08-4efe-9bdf-4f09e99e1600: start RPC server
2019-10-15 16:00:42,343 [Datanode State Machine Thread - 0] INFO  server.GrpcService (GrpcService.java:startImpl(158)) - 275da799-bc08-4efe-9bdf-4f09e99e1600: GrpcService started, listening on 0.0.0.0/0.0.0.0:45455
2019-10-15 16:00:42,344 [Datanode State Machine Thread - 0] INFO  ratis.XceiverServerRatis (XceiverServerRatis.java:start(428)) - XceiverServerRatis 275da799-bc08-4efe-9bdf-4f09e99e1600 is started using port 45455
2019-10-15 16:00:42,360 [Datanode State Machine Thread - 0] INFO  server.XceiverServerGrpc (XceiverServerGrpc.java:start(149)) - XceiverServerGrpc 275da799-bc08-4efe-9bdf-4f09e99e1600 is started using port 44589
2019-10-15 16:00:43,003 [IPC Server handler 4 on 32908] INFO  net.NetworkTopology (NetworkTopologyImpl.java:add(111)) - Added a new node: /rack1/2927af6d-ca2a-40e1-b66d-bb9b2759d3f4
2019-10-15 16:00:43,006 [IPC Server handler 4 on 32908] INFO  node.SCMNodeManager (SCMNodeManager.java:register(268)) - Registered Data node : 2927af6d-ca2a-40e1-b66d-bb9b2759d3f4{ip: 192.168.157.236, host: pr-hdds-1228-hxnc5-3896710236, networkLocation: /rack1, certSerialId: null}
2019-10-15 16:00:43,007 [EventQueue-NodeRegistrationContainerReportForDataNodeSafeModeRule] INFO  safemode.SCMSafeModeManager (DataNodeSafeModeRule.java:process(71)) - SCM in safe mode. 1 DataNodes registered, 1 required.
2019-10-15 16:00:43,010 [EventQueue-NodeRegistrationContainerReportForDataNodeSafeModeRule] INFO  safemode.SCMSafeModeManager (SCMSafeModeManager.java:validateSafeModeExitRules(177)) - ScmSafeModeManager, all rules are successfully validated
2019-10-15 16:00:43,010 [EventQueue-NodeRegistrationContainerReportForDataNodeSafeModeRule] INFO  safemode.SCMSafeModeManager (SCMSafeModeManager.java:exitSafeMode(193)) - SCM exiting safe mode.
2019-10-15 16:00:43,019 [grpc-default-executor-3] INFO  impl.RaftServerProxy (RaftServerProxy.java:addNew(89)) - 2927af6d-ca2a-40e1-b66d-bb9b2759d3f4: addNew group-A99EE4A3D10E:[2927af6d-ca2a-40e1-b66d-bb9b2759d3f4:192.168.157.236:42710] returns group-A99EE4A3D10E:java.util.concurrent.CompletableFuture@7548bb1b[Not completed]
2019-10-15 16:00:43,022 [pool-509-thread-1] INFO  impl.RaftServerImpl (RaftServerImpl.java:<init>(95)) - 2927af6d-ca2a-40e1-b66d-bb9b2759d3f4: new RaftServerImpl for group-A99EE4A3D10E:[2927af6d-ca2a-40e1-b66d-bb9b2759d3f4:192.168.157.236:42710] with ContainerStateMachine:uninitialized
2019-10-15 16:00:43,022 [pool-509-thread-1] INFO  server.RaftServerConfigKeys (ConfUtils.java:logGet(43)) - raft.server.rpc.timeout.min = 1s (custom)
2019-10-15 16:00:43,022 [pool-509-thread-1] INFO  server.RaftServerConfigKeys (ConfUtils.java:logGet(43)) - raft.server.rpc.timeout.max = 1200ms (custom)
2019-10-15 16:00:43,022 [pool-509-thread-1] INFO  server.RaftServerConfigKeys (ConfUtils.java:logGet(43)) - raft.server.rpcslowness.timeout = 120s (custom)
2019-10-15 16:00:43,022 [pool-509-thread-1] INFO  server.RaftServerConfigKeys (ConfUtils.java:logGet(43)) - raft.server.sleep.deviation.threshold = 300 (default)
2019-10-15 16:00:43,022 [pool-509-thread-1] INFO  server.RaftServerConfigKeys (ConfUtils.java:logGet(43)) - raft.server.log.appender.install.snapshot.enabled = false (custom)
2019-10-15 16:00:43,023 [pool-509-thread-1] INFO  impl.RaftServerImpl (ServerState.java:<init>(103)) - 2927af6d-ca2a-40e1-b66d-bb9b2759d3f4@group-A99EE4A3D10E: ConfigurationManager, init=-1: [2927af6d-ca2a-40e1-b66d-bb9b2759d3f4:192.168.157.236:42710], old=null, confs=<EMPTY_MAP>
2019-10-15 16:00:43,023 [pool-509-thread-1] INFO  server.RaftServerConfigKeys (ConfUtils.java:logGet(43)) - raft.server.storage.dir = [/workdir/hadoop-ozone/integration-test/target/test-dir/MiniOzoneClusterImpl-db5d02a6-340f-494d-b00e-bf4b2df0003c/datanode-0/data/ratis] (custom)
2019-10-15 16:00:43,023 [pool-509-thread-1] INFO  server.RaftServerConfigKeys (ConfUtils.java:logGet(43)) - raft.server.log.corruption.policy = EXCEPTION (default)
2019-10-15 16:00:43,023 [pool-509-thread-1] INFO  storage.RaftStorageDirectory (RaftStorageDirectory.java:analyzeStorage(246)) - The storage directory /workdir/hadoop-ozone/integration-test/target/test-dir/MiniOzoneClusterImpl-db5d02a6-340f-494d-b00e-bf4b2df0003c/datanode-0/data/ratis/27cc6aed-d4ac-439d-af2d-a99ee4a3d10e does not exist. Creating ...
2019-10-15 16:00:43,082 [IPC Server handler 5 on 32908] INFO  net.NetworkTopology (NetworkTopologyImpl.java:add(111)) - Added a new node: /rack1/27104e3f-effa-4be2-8c99-920d8374636e
2019-10-15 16:00:43,082 [IPC Server handler 5 on 32908] INFO  node.SCMNodeManager (SCMNodeManager.java:register(268)) - Registered Data node : 27104e3f-effa-4be2-8c99-920d8374636e{ip: 192.168.157.236, host: pr-hdds-1228-hxnc5-3896710236, networkLocation: /rack1, certSerialId: null}
2019-10-15 16:00:43,101 [pool-509-thread-1] INFO  storage.RaftStorageDirectory (RaftStorageDirectory.java:tryLock(328)) - Lock on /workdir/hadoop-ozone/integration-test/target/test-dir/MiniOzoneClusterImpl-db5d02a6-340f-494d-b00e-bf4b2df0003c/datanode-0/data/ratis/27cc6aed-d4ac-439d-af2d-a99ee4a3d10e/in_use.lock acquired by nodename 8653@pr-hdds-1228-hxnc5-3896710236
2019-10-15 16:00:43,181 [pool-509-thread-1] INFO  storage.RaftStorage (RaftStorage.java:format(84)) - Storage directory /workdir/hadoop-ozone/integration-test/target/test-dir/MiniOzoneClusterImpl-db5d02a6-340f-494d-b00e-bf4b2df0003c/datanode-0/data/ratis/27cc6aed-d4ac-439d-af2d-a99ee4a3d10e has been successfully formatted.
2019-10-15 16:00:43,181 [pool-509-thread-1] INFO  ratis.ContainerStateMachine (ContainerStateMachine.java:loadSnapshot(231)) - group-A99EE4A3D10E: The snapshot info is null. Setting the last applied indexto:(t:0, i:~)
2019-10-15 16:00:43,181 [pool-509-thread-1] INFO  server.RaftServerConfigKeys (ConfUtils.java:logGet(43)) - raft.server.notification.no-leader.timeout = 120s (custom)
2019-10-15 16:00:43,181 [pool-509-thread-1] INFO  server.RaftServerConfigKeys (ConfUtils.java:logGet(43)) - raft.server.log.use.memory = false (default)
2019-10-15 16:00:43,181 [pool-509-thread-1] INFO  server.RaftServerConfigKeys (ConfUtils.java:logGet(43)) - raft.server.log.purge.gap = 1000000 (custom)
2019-10-15 16:00:43,182 [pool-509-thread-1] INFO  server.RaftServerConfigKeys (ConfUtils.java:logGet(43)) - raft.server.log.appender.buffer.byte-limit = 33554432 (custom)
2019-10-15 16:00:43,182 [pool-509-thread-1] INFO  server.RaftServerConfigKeys (ConfUtils.java:logGet(43)) - raft.server.log.segment.size.max = 1048576 (custom)
2019-10-15 16:00:43,184 [pool-509-thread-1] INFO  server.RaftServerConfigKeys (ConfUtils.java:logGet(43)) - raft.server.log.segment.cache.num.max = 2 (custom)
2019-10-15 16:00:43,184 [pool-509-thread-1] INFO  segmented.SegmentedRaftLogWorker (SegmentedRaftLogWorker.java:<init>(173)) - new 2927af6d-ca2a-40e1-b66d-bb9b2759d3f4@group-A99EE4A3D10E-SegmentedRaftLogWorker for RaftStorage:Storage Directory /workdir/hadoop-ozone/integration-test/target/test-dir/MiniOzoneClusterImpl-db5d02a6-340f-494d-b00e-bf4b2df0003c/datanode-0/data/ratis/27cc6aed-d4ac-439d-af2d-a99ee4a3d10e
2019-10-15 16:00:43,184 [pool-509-thread-1] INFO  server.RaftServerConfigKeys (ConfUtils.java:logGet(43)) - raft.server.log.queue.byte-limit = 2147483647 (custom)
2019-10-15 16:00:43,184 [pool-509-thread-1] INFO  server.RaftServerConfigKeys (ConfUtils.java:logGet(43)) - raft.server.log.queue.element-limit = 1024 (custom)
2019-10-15 16:00:43,184 [pool-509-thread-1] INFO  server.RaftServerConfigKeys (ConfUtils.java:logGet(43)) - raft.server.log.segment.size.max = 1048576 (custom)
2019-10-15 16:00:43,185 [pool-509-thread-1] INFO  server.RaftServerConfigKeys (ConfUtils.java:logGet(43)) - raft.server.log.preallocated.size = 16384 (custom)
2019-10-15 16:00:43,185 [pool-509-thread-1] INFO  server.RaftServerConfigKeys (ConfUtils.java:logGet(43)) - raft.server.log.write.buffer.size = 33554432 (custom)
2019-10-15 16:00:43,185 [pool-509-thread-1] INFO  server.RaftServerConfigKeys (ConfUtils.java:logGet(43)) - raft.server.log.force.sync.num = 128 (default)
2019-10-15 16:00:43,185 [pool-509-thread-1] INFO  server.RaftServerConfigKeys (ConfUtils.java:logGet(43)) - raft.server.log.statemachine.data.sync = true (default)
2019-10-15 16:00:43,185 [pool-509-thread-1] INFO  server.RaftServerConfigKeys (ConfUtils.java:logGet(43)) - raft.server.log.statemachine.data.sync.timeout = 10s (default)
2019-10-15 16:00:43,185 [pool-509-thread-1] INFO  server.RaftServerConfigKeys (ConfUtils.java:logGet(43)) - raft.server.log.statemachine.data.sync.timeout.retry = -1 (default)
2019-10-15 16:00:43,186 [pool-509-thread-1] INFO  server.RaftServerConfigKeys (ConfUtils.java:logGet(43)) - raft.server.log.statemachine.data.caching.enabled = true (custom)
2019-10-15 16:00:43,186 [pool-509-thread-1] INFO  segmented.SegmentedRaftLogWorker (SegmentedRaftLogWorker.java:lambda$new$0(128)) - 2927af6d-ca2a-40e1-b66d-bb9b2759d3f4@group-A99EE4A3D10E-SegmentedRaftLogWorker: flushIndex: setUnconditionally 0 -> -1
2019-10-15 16:00:43,186 [pool-509-thread-1] INFO  server.RaftServerConfigKeys (ConfUtils.java:logGet(43)) - raft.server.snapshot.auto.trigger.enabled = true (custom)
2019-10-15 16:00:43,187 [pool-509-thread-1] INFO  server.RaftServerConfigKeys (ConfUtils.java:logGet(43)) - raft.server.snapshot.auto.trigger.threshold = 10000 (custom)
2019-10-15 16:00:43,187 [pool-509-thread-1] INFO  server.RaftServerConfigKeys (ConfUtils.java:logGet(43)) - raft.server.snapshot.retention.file.num = 5 (custom)
2019-10-15 16:00:43,187 [pool-509-thread-1] INFO  server.RaftServerConfigKeys (ConfUtils.java:logGet(43)) - raft.server.retrycache.expirytime = 600000ms (custom)
2019-10-15 16:00:43,189 [pool-509-thread-1] INFO  impl.RaftServerImpl (RaftServerImpl.java:start(181)) - 2927af6d-ca2a-40e1-b66d-bb9b2759d3f4@group-A99EE4A3D10E: start as a follower, conf=-1: [2927af6d-ca2a-40e1-b66d-bb9b2759d3f4:192.168.157.236:42710], old=null
2019-10-15 16:00:43,189 [pool-509-thread-1] INFO  impl.RaftServerImpl (RaftServerImpl.java:setRole(170)) - 2927af6d-ca2a-40e1-b66d-bb9b2759d3f4@group-A99EE4A3D10E: changes role from      null to FOLLOWER at term 0 for startAsFollower
2019-10-15 16:00:43,189 [pool-509-thread-1] INFO  impl.RoleInfo (RoleInfo.java:updateAndGet(143)) - 2927af6d-ca2a-40e1-b66d-bb9b2759d3f4: start FollowerState
2019-10-15 16:00:43,190 [pool-509-thread-1] INFO  util.JmxRegister (JmxRegister.java:tryRegister(44)) - Successfully registered JMX Bean with object name Ratis:service=RaftServer,group=group-A99EE4A3D10E,id=2927af6d-ca2a-40e1-b66d-bb9b2759d3f4
2019-10-15 16:00:43,217 [main] INFO  ozone.MiniOzoneClusterImpl (MiniOzoneClusterImpl.java:lambda$waitForClusterToBeReady$0(147)) - Waiting for cluster to be ready. Got 2 of 10 DN Heartbeats.
2019-10-15 16:00:43,219 [RatisPipelineUtilsThread] INFO  pipeline.PipelineStateManager (PipelineStateManager.java:addPipeline(56)) - Created pipeline Pipeline[ Id: 27cc6aed-d4ac-439d-af2d-a99ee4a3d10e, Nodes: 2927af6d-ca2a-40e1-b66d-bb9b2759d3f4{ip: 192.168.157.236, host: pr-hdds-1228-hxnc5-3896710236, networkLocation: /rack1, certSerialId: null}, Type:RATIS, Factor:ONE, State:OPEN]
2019-10-15 16:00:43,226 [grpc-default-executor-3] INFO  impl.RaftServerProxy (RaftServerProxy.java:addNew(89)) - 27104e3f-effa-4be2-8c99-920d8374636e: addNew group-AC6E567D806D:[27104e3f-effa-4be2-8c99-920d8374636e:192.168.157.236:38728] returns group-AC6E567D806D:java.util.concurrent.CompletableFuture@35c8f7e8[Not completed]
2019-10-15 16:00:43,228 [pool-519-thread-1] INFO  impl.RaftServerImpl (RaftServerImpl.java:<init>(95)) - 27104e3f-effa-4be2-8c99-920d8374636e: new RaftServerImpl for group-AC6E567D806D:[27104e3f-effa-4be2-8c99-920d8374636e:192.168.157.236:38728] with ContainerStateMachine:uninitialized
2019-10-15 16:00:43,228 [pool-519-thread-1] INFO  server.RaftServerConfigKeys (ConfUtils.java:logGet(43)) - raft.server.rpc.timeout.min = 1s (custom)
2019-10-15 16:00:43,228 [pool-519-thread-1] INFO  server.RaftServerConfigKeys (ConfUtils.java:logGet(43)) - raft.server.rpc.timeout.max = 1200ms (custom)
2019-10-15 16:00:43,228 [pool-519-thread-1] INFO  server.RaftServerConfigKeys (ConfUtils.java:logGet(43)) - raft.server.rpcslowness.timeout = 120s (custom)
2019-10-15 16:00:43,228 [pool-519-thread-1] INFO  server.RaftServerConfigKeys (ConfUtils.java:logGet(43)) - raft.server.sleep.deviation.threshold = 300 (default)
2019-10-15 16:00:43,229 [pool-519-thread-1] INFO  server.RaftServerConfigKeys (ConfUtils.java:logGet(43)) - raft.server.log.appender.install.snapshot.enabled = false (custom)
2019-10-15 16:00:43,229 [pool-519-thread-1] INFO  impl.RaftServerImpl (ServerState.java:<init>(103)) - 27104e3f-effa-4be2-8c99-920d8374636e@group-AC6E567D806D: ConfigurationManager, init=-1: [27104e3f-effa-4be2-8c99-920d8374636e:192.168.157.236:38728], old=null, confs=<EMPTY_MAP>
2019-10-15 16:00:43,229 [pool-519-thread-1] INFO  server.RaftServerConfigKeys (ConfUtils.java:logGet(43)) - raft.server.storage.dir = [/workdir/hadoop-ozone/integration-test/target/test-dir/MiniOzoneClusterImpl-db5d02a6-340f-494d-b00e-bf4b2df0003c/datanode-1/data/ratis] (custom)
2019-10-15 16:00:43,229 [pool-519-thread-1] INFO  server.RaftServerConfigKeys (ConfUtils.java:logGet(43)) - raft.server.log.corruption.policy = EXCEPTION (default)
2019-10-15 16:00:43,230 [pool-519-thread-1] INFO  storage.RaftStorageDirectory (RaftStorageDirectory.java:analyzeStorage(246)) - The storage directory /workdir/hadoop-ozone/integration-test/target/test-dir/MiniOzoneClusterImpl-db5d02a6-340f-494d-b00e-bf4b2df0003c/datanode-1/data/ratis/bff2d69a-39d9-45a8-8492-ac6e567d806d does not exist. Creating ...
2019-10-15 16:00:43,258 [pool-519-thread-1] INFO  storage.RaftStorageDirectory (RaftStorageDirectory.java:tryLock(328)) - Lock on /workdir/hadoop-ozone/integration-test/target/test-dir/MiniOzoneClusterImpl-db5d02a6-340f-494d-b00e-bf4b2df0003c/datanode-1/data/ratis/bff2d69a-39d9-45a8-8492-ac6e567d806d/in_use.lock acquired by nodename 8653@pr-hdds-1228-hxnc5-3896710236
2019-10-15 16:00:43,273 [pool-519-thread-1] INFO  storage.RaftStorage (RaftStorage.java:format(84)) - Storage directory /workdir/hadoop-ozone/integration-test/target/test-dir/MiniOzoneClusterImpl-db5d02a6-340f-494d-b00e-bf4b2df0003c/datanode-1/data/ratis/bff2d69a-39d9-45a8-8492-ac6e567d806d has been successfully formatted.
2019-10-15 16:00:43,273 [pool-519-thread-1] INFO  ratis.ContainerStateMachine (ContainerStateMachine.java:loadSnapshot(231)) - group-AC6E567D806D: The snapshot info is null. Setting the last applied indexto:(t:0, i:~)
2019-10-15 16:00:43,274 [pool-519-thread-1] INFO  server.RaftServerConfigKeys (ConfUtils.java:logGet(43)) - raft.server.notification.no-leader.timeout = 120s (custom)
2019-10-15 16:00:43,274 [pool-519-thread-1] INFO  server.RaftServerConfigKeys (ConfUtils.java:logGet(43)) - raft.server.log.use.memory = false (default)
2019-10-15 16:00:43,274 [pool-519-thread-1] INFO  server.RaftServerConfigKeys (ConfUtils.java:logGet(43)) - raft.server.log.purge.gap = 1000000 (custom)
2019-10-15 16:00:43,274 [pool-519-thread-1] INFO  server.RaftServerConfigKeys (ConfUtils.java:logGet(43)) - raft.server.log.appender.buffer.byte-limit = 33554432 (custom)
2019-10-15 16:00:43,274 [pool-519-thread-1] INFO  server.RaftServerConfigKeys (ConfUtils.java:logGet(43)) - raft.server.log.segment.size.max = 1048576 (custom)
2019-10-15 16:00:43,276 [pool-519-thread-1] INFO  server.RaftServerConfigKeys (ConfUtils.java:logGet(43)) - raft.server.log.segment.cache.num.max = 2 (custom)
2019-10-15 16:00:43,276 [pool-519-thread-1] INFO  segmented.SegmentedRaftLogWorker (SegmentedRaftLogWorker.java:<init>(173)) - new 27104e3f-effa-4be2-8c99-920d8374636e@group-AC6E567D806D-SegmentedRaftLogWorker for RaftStorage:Storage Directory /workdir/hadoop-ozone/integration-test/target/test-dir/MiniOzoneClusterImpl-db5d02a6-340f-494d-b00e-bf4b2df0003c/datanode-1/data/ratis/bff2d69a-39d9-45a8-8492-ac6e567d806d
2019-10-15 16:00:43,276 [pool-519-thread-1] INFO  server.RaftServerConfigKeys (ConfUtils.java:logGet(43)) - raft.server.log.queue.byte-limit = 2147483647 (custom)
2019-10-15 16:00:43,276 [pool-519-thread-1] INFO  server.RaftServerConfigKeys (ConfUtils.java:logGet(43)) - raft.server.log.queue.element-limit = 1024 (custom)
2019-10-15 16:00:43,276 [pool-519-thread-1] INFO  server.RaftServerConfigKeys (ConfUtils.java:logGet(43)) - raft.server.log.segment.size.max = 1048576 (custom)
2019-10-15 16:00:43,276 [pool-519-thread-1] INFO  server.RaftServerConfigKeys (ConfUtils.java:logGet(43)) - raft.server.log.preallocated.size = 16384 (custom)
2019-10-15 16:00:43,276 [pool-519-thread-1] INFO  server.RaftServerConfigKeys (ConfUtils.java:logGet(43)) - raft.server.log.write.buffer.size = 33554432 (custom)
2019-10-15 16:00:43,277 [pool-519-thread-1] INFO  server.RaftServerConfigKeys (ConfUtils.java:logGet(43)) - raft.server.log.force.sync.num = 128 (default)
2019-10-15 16:00:43,277 [pool-519-thread-1] INFO  server.RaftServerConfigKeys (ConfUtils.java:logGet(43)) - raft.server.log.statemachine.data.sync = true (default)
2019-10-15 16:00:43,277 [pool-519-thread-1] INFO  server.RaftServerConfigKeys (ConfUtils.java:logGet(43)) - raft.server.log.statemachine.data.sync.timeout = 10s (default)
2019-10-15 16:00:43,277 [pool-519-thread-1] INFO  server.RaftServerConfigKeys (ConfUtils.java:logGet(43)) - raft.server.log.statemachine.data.sync.timeout.retry = -1 (default)
2019-10-15 16:00:43,277 [pool-519-thread-1] INFO  server.RaftServerConfigKeys (ConfUtils.java:logGet(43)) - raft.server.log.statemachine.data.caching.enabled = true (custom)
2019-10-15 16:00:43,278 [pool-519-thread-1] INFO  segmented.SegmentedRaftLogWorker (SegmentedRaftLogWorker.java:lambda$new$0(128)) - 27104e3f-effa-4be2-8c99-920d8374636e@group-AC6E567D806D-SegmentedRaftLogWorker: flushIndex: setUnconditionally 0 -> -1
2019-10-15 16:00:43,278 [pool-519-thread-1] INFO  server.RaftServerConfigKeys (ConfUtils.java:logGet(43)) - raft.server.snapshot.auto.trigger.enabled = true (custom)
2019-10-15 16:00:43,278 [pool-519-thread-1] INFO  server.RaftServerConfigKeys (ConfUtils.java:logGet(43)) - raft.server.snapshot.auto.trigger.threshold = 10000 (custom)
2019-10-15 16:00:43,278 [pool-519-thread-1] INFO  server.RaftServerConfigKeys (ConfUtils.java:logGet(43)) - raft.server.snapshot.retention.file.num = 5 (custom)
2019-10-15 16:00:43,278 [pool-519-thread-1] INFO  server.RaftServerConfigKeys (ConfUtils.java:logGet(43)) - raft.server.retrycache.expirytime = 600000ms (custom)
2019-10-15 16:00:43,280 [pool-519-thread-1] INFO  impl.RaftServerImpl (RaftServerImpl.java:start(181)) - 27104e3f-effa-4be2-8c99-920d8374636e@group-AC6E567D806D: start as a follower, conf=-1: [27104e3f-effa-4be2-8c99-920d8374636e:192.168.157.236:38728], old=null
2019-10-15 16:00:43,280 [pool-519-thread-1] INFO  impl.RaftServerImpl (RaftServerImpl.java:setRole(170)) - 27104e3f-effa-4be2-8c99-920d8374636e@group-AC6E567D806D: changes role from      null to FOLLOWER at term 0 for startAsFollower
2019-10-15 16:00:43,280 [pool-519-thread-1] INFO  impl.RoleInfo (RoleInfo.java:updateAndGet(143)) - 27104e3f-effa-4be2-8c99-920d8374636e: start FollowerState
2019-10-15 16:00:43,280 [pool-519-thread-1] INFO  util.JmxRegister (JmxRegister.java:tryRegister(44)) - Successfully registered JMX Bean with object name Ratis:service=RaftServer,group=group-AC6E567D806D,id=27104e3f-effa-4be2-8c99-920d8374636e
2019-10-15 16:00:43,284 [RatisPipelineUtilsThread] INFO  pipeline.PipelineStateManager (PipelineStateManager.java:addPipeline(56)) - Created pipeline Pipeline[ Id: bff2d69a-39d9-45a8-8492-ac6e567d806d, Nodes: 27104e3f-effa-4be2-8c99-920d8374636e{ip: 192.168.157.236, host: pr-hdds-1228-hxnc5-3896710236, networkLocation: /rack1, certSerialId: null}, Type:RATIS, Factor:ONE, State:OPEN]
2019-10-15 16:00:43,717 [IPC Server handler 0 on 32908] INFO  net.NetworkTopology (NetworkTopologyImpl.java:add(111)) - Added a new node: /rack1/957624b1-130b-40b6-b716-6996dbe1f26c
2019-10-15 16:00:43,717 [IPC Server handler 0 on 32908] INFO  node.SCMNodeManager (SCMNodeManager.java:register(268)) - Registered Data node : 957624b1-130b-40b6-b716-6996dbe1f26c{ip: 192.168.157.236, host: pr-hdds-1228-hxnc5-3896710236, networkLocation: /rack1, certSerialId: null}
2019-10-15 16:00:43,725 [grpc-default-executor-3] INFO  impl.RaftServerProxy (RaftServerProxy.java:addNew(89)) - 957624b1-130b-40b6-b716-6996dbe1f26c: addNew group-B3903A8B8ED4:[957624b1-130b-40b6-b716-6996dbe1f26c:192.168.157.236:35608] returns group-B3903A8B8ED4:java.util.concurrent.CompletableFuture@1c6495ab[Not completed]
2019-10-15 16:00:43,727 [pool-529-thread-1] INFO  impl.RaftServerImpl (RaftServerImpl.java:<init>(95)) - 957624b1-130b-40b6-b716-6996dbe1f26c: new RaftServerImpl for group-B3903A8B8ED4:[957624b1-130b-40b6-b716-6996dbe1f26c:192.168.157.236:35608] with ContainerStateMachine:uninitialized
2019-10-15 16:00:43,727 [pool-529-thread-1] INFO  server.RaftServerConfigKeys (ConfUtils.java:logGet(43)) - raft.server.rpc.timeout.min = 1s (custom)
2019-10-15 16:00:43,727 [pool-529-thread-1] INFO  server.RaftServerConfigKeys (ConfUtils.java:logGet(43)) - raft.server.rpc.timeout.max = 1200ms (custom)
2019-10-15 16:00:43,727 [pool-529-thread-1] INFO  server.RaftServerConfigKeys (ConfUtils.java:logGet(43)) - raft.server.rpcslowness.timeout = 120s (custom)
2019-10-15 16:00:43,727 [pool-529-thread-1] INFO  server.RaftServerConfigKeys (ConfUtils.java:logGet(43)) - raft.server.sleep.deviation.threshold = 300 (default)
2019-10-15 16:00:43,728 [pool-529-thread-1] INFO  server.RaftServerConfigKeys (ConfUtils.java:logGet(43)) - raft.server.log.appender.install.snapshot.enabled = false (custom)
2019-10-15 16:00:43,728 [pool-529-thread-1] INFO  impl.RaftServerImpl (ServerState.java:<init>(103)) - 957624b1-130b-40b6-b716-6996dbe1f26c@group-B3903A8B8ED4: ConfigurationManager, init=-1: [957624b1-130b-40b6-b716-6996dbe1f26c:192.168.157.236:35608], old=null, confs=<EMPTY_MAP>
2019-10-15 16:00:43,728 [pool-529-thread-1] INFO  server.RaftServerConfigKeys (ConfUtils.java:logGet(43)) - raft.server.storage.dir = [/workdir/hadoop-ozone/integration-test/target/test-dir/MiniOzoneClusterImpl-db5d02a6-340f-494d-b00e-bf4b2df0003c/datanode-2/data/ratis] (custom)
2019-10-15 16:00:43,728 [pool-529-thread-1] INFO  server.RaftServerConfigKeys (ConfUtils.java:logGet(43)) - raft.server.log.corruption.policy = EXCEPTION (default)
2019-10-15 16:00:43,729 [pool-529-thread-1] INFO  storage.RaftStorageDirectory (RaftStorageDirectory.java:analyzeStorage(246)) - The storage directory /workdir/hadoop-ozone/integration-test/target/test-dir/MiniOzoneClusterImpl-db5d02a6-340f-494d-b00e-bf4b2df0003c/datanode-2/data/ratis/21f836d1-d42f-4e5a-8daa-b3903a8b8ed4 does not exist. Creating ...
2019-10-15 16:00:43,747 [pool-529-thread-1] INFO  storage.RaftStorageDirectory (RaftStorageDirectory.java:tryLock(328)) - Lock on /workdir/hadoop-ozone/integration-test/target/test-dir/MiniOzoneClusterImpl-db5d02a6-340f-494d-b00e-bf4b2df0003c/datanode-2/data/ratis/21f836d1-d42f-4e5a-8daa-b3903a8b8ed4/in_use.lock acquired by nodename 8653@pr-hdds-1228-hxnc5-3896710236
2019-10-15 16:00:43,759 [pool-529-thread-1] INFO  storage.RaftStorage (RaftStorage.java:format(84)) - Storage directory /workdir/hadoop-ozone/integration-test/target/test-dir/MiniOzoneClusterImpl-db5d02a6-340f-494d-b00e-bf4b2df0003c/datanode-2/data/ratis/21f836d1-d42f-4e5a-8daa-b3903a8b8ed4 has been successfully formatted.
2019-10-15 16:00:43,759 [pool-529-thread-1] INFO  ratis.ContainerStateMachine (ContainerStateMachine.java:loadSnapshot(231)) - group-B3903A8B8ED4: The snapshot info is null. Setting the last applied indexto:(t:0, i:~)
2019-10-15 16:00:43,759 [pool-529-thread-1] INFO  server.RaftServerConfigKeys (ConfUtils.java:logGet(43)) - raft.server.notification.no-leader.timeout = 120s (custom)
2019-10-15 16:00:43,759 [pool-529-thread-1] INFO  server.RaftServerConfigKeys (ConfUtils.java:logGet(43)) - raft.server.log.use.memory = false (default)
2019-10-15 16:00:43,759 [pool-529-thread-1] INFO  server.RaftServerConfigKeys (ConfUtils.java:logGet(43)) - raft.server.log.purge.gap = 1000000 (custom)
2019-10-15 16:00:43,760 [pool-529-thread-1] INFO  server.RaftServerConfigKeys (ConfUtils.java:logGet(43)) - raft.server.log.appender.buffer.byte-limit = 33554432 (custom)
2019-10-15 16:00:43,760 [pool-529-thread-1] INFO  server.RaftServerConfigKeys (ConfUtils.java:logGet(43)) - raft.server.log.segment.size.max = 1048576 (custom)
2019-10-15 16:00:43,761 [pool-529-thread-1] INFO  server.RaftServerConfigKeys (ConfUtils.java:logGet(43)) - raft.server.log.segment.cache.num.max = 2 (custom)
2019-10-15 16:00:43,762 [pool-529-thread-1] INFO  segmented.SegmentedRaftLogWorker (SegmentedRaftLogWorker.java:<init>(173)) - new 957624b1-130b-40b6-b716-6996dbe1f26c@group-B3903A8B8ED4-SegmentedRaftLogWorker for RaftStorage:Storage Directory /workdir/hadoop-ozone/integration-test/target/test-dir/MiniOzoneClusterImpl-db5d02a6-340f-494d-b00e-bf4b2df0003c/datanode-2/data/ratis/21f836d1-d42f-4e5a-8daa-b3903a8b8ed4
2019-10-15 16:00:43,762 [pool-529-thread-1] INFO  server.RaftServerConfigKeys (ConfUtils.java:logGet(43)) - raft.server.log.queue.byte-limit = 2147483647 (custom)
2019-10-15 16:00:43,762 [pool-529-thread-1] INFO  server.RaftServerConfigKeys (ConfUtils.java:logGet(43)) - raft.server.log.queue.element-limit = 1024 (custom)
2019-10-15 16:00:43,762 [pool-529-thread-1] INFO  server.RaftServerConfigKeys (ConfUtils.java:logGet(43)) - raft.server.log.segment.size.max = 1048576 (custom)
2019-10-15 16:00:43,762 [pool-529-thread-1] INFO  server.RaftServerConfigKeys (ConfUtils.java:logGet(43)) - raft.server.log.preallocated.size = 16384 (custom)
2019-10-15 16:00:43,762 [pool-529-thread-1] INFO  server.RaftServerConfigKeys (ConfUtils.java:logGet(43)) - raft.server.log.write.buffer.size = 33554432 (custom)
2019-10-15 16:00:43,762 [pool-529-thread-1] INFO  server.RaftServerConfigKeys (ConfUtils.java:logGet(43)) - raft.server.log.force.sync.num = 128 (default)
2019-10-15 16:00:43,762 [pool-529-thread-1] INFO  server.RaftServerConfigKeys (ConfUtils.java:logGet(43)) - raft.server.log.statemachine.data.sync = true (default)
2019-10-15 16:00:43,763 [pool-529-thread-1] INFO  server.RaftServerConfigKeys (ConfUtils.java:logGet(43)) - raft.server.log.statemachine.data.sync.timeout = 10s (default)
2019-10-15 16:00:43,763 [pool-529-thread-1] INFO  server.RaftServerConfigKeys (ConfUtils.java:logGet(43)) - raft.server.log.statemachine.data.sync.timeout.retry = -1 (default)
2019-10-15 16:00:43,763 [pool-529-thread-1] INFO  server.RaftServerConfigKeys (ConfUtils.java:logGet(43)) - raft.server.log.statemachine.data.caching.enabled = true (custom)
2019-10-15 16:00:43,763 [pool-529-thread-1] INFO  segmented.SegmentedRaftLogWorker (SegmentedRaftLogWorker.java:lambda$new$0(128)) - 957624b1-130b-40b6-b716-6996dbe1f26c@group-B3903A8B8ED4-SegmentedRaftLogWorker: flushIndex: setUnconditionally 0 -> -1
2019-10-15 16:00:43,764 [pool-529-thread-1] INFO  server.RaftServerConfigKeys (ConfUtils.java:logGet(43)) - raft.server.snapshot.auto.trigger.enabled = true (custom)
2019-10-15 16:00:43,764 [pool-529-thread-1] INFO  server.RaftServerConfigKeys (ConfUtils.java:logGet(43)) - raft.server.snapshot.auto.trigger.threshold = 10000 (custom)
2019-10-15 16:00:43,764 [pool-529-thread-1] INFO  server.RaftServerConfigKeys (ConfUtils.java:logGet(43)) - raft.server.snapshot.retention.file.num = 5 (custom)
2019-10-15 16:00:43,764 [pool-529-thread-1] INFO  server.RaftServerConfigKeys (ConfUtils.java:logGet(43)) - raft.server.retrycache.expirytime = 600000ms (custom)
2019-10-15 16:00:43,766 [pool-529-thread-1] INFO  impl.RaftServerImpl (RaftServerImpl.java:start(181)) - 957624b1-130b-40b6-b716-6996dbe1f26c@group-B3903A8B8ED4: start as a follower, conf=-1: [957624b1-130b-40b6-b716-6996dbe1f26c:192.168.157.236:35608], old=null
2019-10-15 16:00:43,766 [pool-529-thread-1] INFO  impl.RaftServerImpl (RaftServerImpl.java:setRole(170)) - 957624b1-130b-40b6-b716-6996dbe1f26c@group-B3903A8B8ED4: changes role from      null to FOLLOWER at term 0 for startAsFollower
2019-10-15 16:00:43,766 [pool-529-thread-1] INFO  impl.RoleInfo (RoleInfo.java:updateAndGet(143)) - 957624b1-130b-40b6-b716-6996dbe1f26c: start FollowerState
2019-10-15 16:00:43,766 [pool-529-thread-1] INFO  util.JmxRegister (JmxRegister.java:tryRegister(44)) - Successfully registered JMX Bean with object name Ratis:service=RaftServer,group=group-B3903A8B8ED4,id=957624b1-130b-40b6-b716-6996dbe1f26c
2019-10-15 16:00:43,770 [RatisPipelineUtilsThread] INFO  pipeline.PipelineStateManager (PipelineStateManager.java:addPipeline(56)) - Created pipeline Pipeline[ Id: 21f836d1-d42f-4e5a-8daa-b3903a8b8ed4, Nodes: 957624b1-130b-40b6-b716-6996dbe1f26c{ip: 192.168.157.236, host: pr-hdds-1228-hxnc5-3896710236, networkLocation: /rack1, certSerialId: null}, Type:RATIS, Factor:ONE, State:OPEN]
2019-10-15 16:00:43,785 [grpc-default-executor-3] INFO  impl.RaftServerProxy (RaftServerProxy.java:addNew(89)) - 27104e3f-effa-4be2-8c99-920d8374636e: addNew group-3F7D09197A50:[27104e3f-effa-4be2-8c99-920d8374636e:192.168.157.236:38728, 2927af6d-ca2a-40e1-b66d-bb9b2759d3f4:192.168.157.236:42710, 957624b1-130b-40b6-b716-6996dbe1f26c:192.168.157.236:35608] returns group-3F7D09197A50:java.util.concurrent.CompletableFuture@2b5de8d7[Not completed]
2019-10-15 16:00:43,785 [grpc-default-executor-2] INFO  impl.RaftServerProxy (RaftServerProxy.java:addNew(89)) - 957624b1-130b-40b6-b716-6996dbe1f26c: addNew group-3F7D09197A50:[27104e3f-effa-4be2-8c99-920d8374636e:192.168.157.236:38728, 2927af6d-ca2a-40e1-b66d-bb9b2759d3f4:192.168.157.236:42710, 957624b1-130b-40b6-b716-6996dbe1f26c:192.168.157.236:35608] returns group-3F7D09197A50:java.util.concurrent.CompletableFuture@2ef376ae[Not completed]
2019-10-15 16:00:43,785 [grpc-default-executor-1] INFO  impl.RaftServerProxy (RaftServerProxy.java:addNew(89)) - 2927af6d-ca2a-40e1-b66d-bb9b2759d3f4: addNew group-3F7D09197A50:[27104e3f-effa-4be2-8c99-920d8374636e:192.168.157.236:38728, 2927af6d-ca2a-40e1-b66d-bb9b2759d3f4:192.168.157.236:42710, 957624b1-130b-40b6-b716-6996dbe1f26c:192.168.157.236:35608] returns group-3F7D09197A50:java.util.concurrent.CompletableFuture@253943fb[Not completed]
2019-10-15 16:00:43,786 [pool-519-thread-1] INFO  impl.RaftServerImpl (RaftServerImpl.java:<init>(95)) - 27104e3f-effa-4be2-8c99-920d8374636e: new RaftServerImpl for group-3F7D09197A50:[27104e3f-effa-4be2-8c99-920d8374636e:192.168.157.236:38728, 2927af6d-ca2a-40e1-b66d-bb9b2759d3f4:192.168.157.236:42710, 957624b1-130b-40b6-b716-6996dbe1f26c:192.168.157.236:35608] with ContainerStateMachine:uninitialized
2019-10-15 16:00:43,786 [pool-519-thread-1] INFO  server.RaftServerConfigKeys (ConfUtils.java:logGet(43)) - raft.server.rpc.timeout.min = 1s (custom)
2019-10-15 16:00:43,787 [pool-519-thread-1] INFO  server.RaftServerConfigKeys (ConfUtils.java:logGet(43)) - raft.server.rpc.timeout.max = 1200ms (custom)
2019-10-15 16:00:43,787 [pool-519-thread-1] INFO  server.RaftServerConfigKeys (ConfUtils.java:logGet(43)) - raft.server.rpcslowness.timeout = 120s (custom)
2019-10-15 16:00:43,787 [pool-509-thread-1] INFO  impl.RaftServerImpl (RaftServerImpl.java:<init>(95)) - 2927af6d-ca2a-40e1-b66d-bb9b2759d3f4: new RaftServerImpl for group-3F7D09197A50:[27104e3f-effa-4be2-8c99-920d8374636e:192.168.157.236:38728, 2927af6d-ca2a-40e1-b66d-bb9b2759d3f4:192.168.157.236:42710, 957624b1-130b-40b6-b716-6996dbe1f26c:192.168.157.236:35608] with ContainerStateMachine:uninitialized
2019-10-15 16:00:43,787 [pool-519-thread-1] INFO  server.RaftServerConfigKeys (ConfUtils.java:logGet(43)) - raft.server.sleep.deviation.threshold = 300 (default)
2019-10-15 16:00:43,787 [pool-509-thread-1] INFO  server.RaftServerConfigKeys (ConfUtils.java:logGet(43)) - raft.server.rpc.timeout.min = 1s (custom)
2019-10-15 16:00:43,787 [pool-519-thread-1] INFO  server.RaftServerConfigKeys (ConfUtils.java:logGet(43)) - raft.server.log.appender.install.snapshot.enabled = false (custom)
2019-10-15 16:00:43,787 [pool-509-thread-1] INFO  server.RaftServerConfigKeys (ConfUtils.java:logGet(43)) - raft.server.rpc.timeout.max = 1200ms (custom)
2019-10-15 16:00:43,787 [pool-519-thread-1] INFO  impl.RaftServerImpl (ServerState.java:<init>(103)) - 27104e3f-effa-4be2-8c99-920d8374636e@group-3F7D09197A50: ConfigurationManager, init=-1: [27104e3f-effa-4be2-8c99-920d8374636e:192.168.157.236:38728, 2927af6d-ca2a-40e1-b66d-bb9b2759d3f4:192.168.157.236:42710, 957624b1-130b-40b6-b716-6996dbe1f26c:192.168.157.236:35608], old=null, confs=<EMPTY_MAP>
2019-10-15 16:00:43,787 [pool-529-thread-1] INFO  impl.RaftServerImpl (RaftServerImpl.java:<init>(95)) - 957624b1-130b-40b6-b716-6996dbe1f26c: new RaftServerImpl for group-3F7D09197A50:[27104e3f-effa-4be2-8c99-920d8374636e:192.168.157.236:38728, 2927af6d-ca2a-40e1-b66d-bb9b2759d3f4:192.168.157.236:42710, 957624b1-130b-40b6-b716-6996dbe1f26c:192.168.157.236:35608] with ContainerStateMachine:uninitialized
2019-10-15 16:00:43,787 [pool-509-thread-1] INFO  server.RaftServerConfigKeys (ConfUtils.java:logGet(43)) - raft.server.rpcslowness.timeout = 120s (custom)
2019-10-15 16:00:43,788 [pool-529-thread-1] INFO  server.RaftServerConfigKeys (ConfUtils.java:logGet(43)) - raft.server.rpc.timeout.min = 1s (custom)
2019-10-15 16:00:43,787 [pool-519-thread-1] INFO  server.RaftServerConfigKeys (ConfUtils.java:logGet(43)) - raft.server.storage.dir = [/workdir/hadoop-ozone/integration-test/target/test-dir/MiniOzoneClusterImpl-db5d02a6-340f-494d-b00e-bf4b2df0003c/datanode-1/data/ratis] (custom)
2019-10-15 16:00:43,788 [pool-529-thread-1] INFO  server.RaftServerConfigKeys (ConfUtils.java:logGet(43)) - raft.server.rpc.timeout.max = 1200ms (custom)
2019-10-15 16:00:43,788 [pool-519-thread-1] INFO  server.RaftServerConfigKeys (ConfUtils.java:logGet(43)) - raft.server.log.corruption.policy = EXCEPTION (default)
2019-10-15 16:00:43,788 [pool-509-thread-1] INFO  server.RaftServerConfigKeys (ConfUtils.java:logGet(43)) - raft.server.sleep.deviation.threshold = 300 (default)
2019-10-15 16:00:43,788 [pool-529-thread-1] INFO  server.RaftServerConfigKeys (ConfUtils.java:logGet(43)) - raft.server.rpcslowness.timeout = 120s (custom)
2019-10-15 16:00:43,788 [pool-519-thread-1] INFO  storage.RaftStorageDirectory (RaftStorageDirectory.java:analyzeStorage(246)) - The storage directory /workdir/hadoop-ozone/integration-test/target/test-dir/MiniOzoneClusterImpl-db5d02a6-340f-494d-b00e-bf4b2df0003c/datanode-1/data/ratis/c514cab4-92c3-411d-b60f-3f7d09197a50 does not exist. Creating ...
2019-10-15 16:00:43,788 [pool-509-thread-1] INFO  server.RaftServerConfigKeys (ConfUtils.java:logGet(43)) - raft.server.log.appender.install.snapshot.enabled = false (custom)
2019-10-15 16:00:43,788 [pool-529-thread-1] INFO  server.RaftServerConfigKeys (ConfUtils.java:logGet(43)) - raft.server.sleep.deviation.threshold = 300 (default)
2019-10-15 16:00:43,789 [pool-509-thread-1] INFO  impl.RaftServerImpl (ServerState.java:<init>(103)) - 2927af6d-ca2a-40e1-b66d-bb9b2759d3f4@group-3F7D09197A50: ConfigurationManager, init=-1: [27104e3f-effa-4be2-8c99-920d8374636e:192.168.157.236:38728, 2927af6d-ca2a-40e1-b66d-bb9b2759d3f4:192.168.157.236:42710, 957624b1-130b-40b6-b716-6996dbe1f26c:192.168.157.236:35608], old=null, confs=<EMPTY_MAP>
2019-10-15 16:00:43,789 [pool-529-thread-1] INFO  server.RaftServerConfigKeys (ConfUtils.java:logGet(43)) - raft.server.log.appender.install.snapshot.enabled = false (custom)
2019-10-15 16:00:43,789 [pool-509-thread-1] INFO  server.RaftServerConfigKeys (ConfUtils.java:logGet(43)) - raft.server.storage.dir = [/workdir/hadoop-ozone/integration-test/target/test-dir/MiniOzoneClusterImpl-db5d02a6-340f-494d-b00e-bf4b2df0003c/datanode-0/data/ratis] (custom)
2019-10-15 16:00:43,789 [pool-529-thread-1] INFO  impl.RaftServerImpl (ServerState.java:<init>(103)) - 957624b1-130b-40b6-b716-6996dbe1f26c@group-3F7D09197A50: ConfigurationManager, init=-1: [27104e3f-effa-4be2-8c99-920d8374636e:192.168.157.236:38728, 2927af6d-ca2a-40e1-b66d-bb9b2759d3f4:192.168.157.236:42710, 957624b1-130b-40b6-b716-6996dbe1f26c:192.168.157.236:35608], old=null, confs=<EMPTY_MAP>
2019-10-15 16:00:43,789 [pool-509-thread-1] INFO  server.RaftServerConfigKeys (ConfUtils.java:logGet(43)) - raft.server.log.corruption.policy = EXCEPTION (default)
2019-10-15 16:00:43,789 [pool-529-thread-1] INFO  server.RaftServerConfigKeys (ConfUtils.java:logGet(43)) - raft.server.storage.dir = [/workdir/hadoop-ozone/integration-test/target/test-dir/MiniOzoneClusterImpl-db5d02a6-340f-494d-b00e-bf4b2df0003c/datanode-2/data/ratis] (custom)
2019-10-15 16:00:43,789 [pool-509-thread-1] INFO  storage.RaftStorageDirectory (RaftStorageDirectory.java:analyzeStorage(246)) - The storage directory /workdir/hadoop-ozone/integration-test/target/test-dir/MiniOzoneClusterImpl-db5d02a6-340f-494d-b00e-bf4b2df0003c/datanode-0/data/ratis/c514cab4-92c3-411d-b60f-3f7d09197a50 does not exist. Creating ...
2019-10-15 16:00:43,789 [pool-529-thread-1] INFO  server.RaftServerConfigKeys (ConfUtils.java:logGet(43)) - raft.server.log.corruption.policy = EXCEPTION (default)
2019-10-15 16:00:43,789 [pool-529-thread-1] INFO  storage.RaftStorageDirectory (RaftStorageDirectory.java:analyzeStorage(246)) - The storage directory /workdir/hadoop-ozone/integration-test/target/test-dir/MiniOzoneClusterImpl-db5d02a6-340f-494d-b00e-bf4b2df0003c/datanode-2/data/ratis/c514cab4-92c3-411d-b60f-3f7d09197a50 does not exist. Creating ...
2019-10-15 16:00:43,803 [IPC Server handler 1 on 32908] INFO  net.NetworkTopology (NetworkTopologyImpl.java:add(111)) - Added a new node: /rack1/28e55072-d071-4509-bf9d-64087afe3472
2019-10-15 16:00:43,803 [IPC Server handler 1 on 32908] INFO  node.SCMNodeManager (SCMNodeManager.java:register(268)) - Registered Data node : 28e55072-d071-4509-bf9d-64087afe3472{ip: 192.168.157.236, host: pr-hdds-1228-hxnc5-3896710236, networkLocation: /rack1, certSerialId: null}
2019-10-15 16:00:43,808 [pool-529-thread-1] INFO  storage.RaftStorageDirectory (RaftStorageDirectory.java:tryLock(328)) - Lock on /workdir/hadoop-ozone/integration-test/target/test-dir/MiniOzoneClusterImpl-db5d02a6-340f-494d-b00e-bf4b2df0003c/datanode-2/data/ratis/c514cab4-92c3-411d-b60f-3f7d09197a50/in_use.lock acquired by nodename 8653@pr-hdds-1228-hxnc5-3896710236
2019-10-15 16:00:43,808 [pool-509-thread-1] INFO  storage.RaftStorageDirectory (RaftStorageDirectory.java:tryLock(328)) - Lock on /workdir/hadoop-ozone/integration-test/target/test-dir/MiniOzoneClusterImpl-db5d02a6-340f-494d-b00e-bf4b2df0003c/datanode-0/data/ratis/c514cab4-92c3-411d-b60f-3f7d09197a50/in_use.lock acquired by nodename 8653@pr-hdds-1228-hxnc5-3896710236
2019-10-15 16:00:43,808 [pool-519-thread-1] INFO  storage.RaftStorageDirectory (RaftStorageDirectory.java:tryLock(328)) - Lock on /workdir/hadoop-ozone/integration-test/target/test-dir/MiniOzoneClusterImpl-db5d02a6-340f-494d-b00e-bf4b2df0003c/datanode-1/data/ratis/c514cab4-92c3-411d-b60f-3f7d09197a50/in_use.lock acquired by nodename 8653@pr-hdds-1228-hxnc5-3896710236
2019-10-15 16:00:43,821 [pool-509-thread-1] INFO  storage.RaftStorage (RaftStorage.java:format(84)) - Storage directory /workdir/hadoop-ozone/integration-test/target/test-dir/MiniOzoneClusterImpl-db5d02a6-340f-494d-b00e-bf4b2df0003c/datanode-0/data/ratis/c514cab4-92c3-411d-b60f-3f7d09197a50 has been successfully formatted.
2019-10-15 16:00:43,821 [pool-519-thread-1] INFO  storage.RaftStorage (RaftStorage.java:format(84)) - Storage directory /workdir/hadoop-ozone/integration-test/target/test-dir/MiniOzoneClusterImpl-db5d02a6-340f-494d-b00e-bf4b2df0003c/datanode-1/data/ratis/c514cab4-92c3-411d-b60f-3f7d09197a50 has been successfully formatted.
2019-10-15 16:00:43,821 [pool-529-thread-1] INFO  storage.RaftStorage (RaftStorage.java:format(84)) - Storage directory /workdir/hadoop-ozone/integration-test/target/test-dir/MiniOzoneClusterImpl-db5d02a6-340f-494d-b00e-bf4b2df0003c/datanode-2/data/ratis/c514cab4-92c3-411d-b60f-3f7d09197a50 has been successfully formatted.
2019-10-15 16:00:43,822 [pool-519-thread-1] INFO  ratis.ContainerStateMachine (ContainerStateMachine.java:loadSnapshot(231)) - group-3F7D09197A50: The snapshot info is null. Setting the last applied indexto:(t:0, i:~)
2019-10-15 16:00:43,821 [pool-509-thread-1] INFO  ratis.ContainerStateMachine (ContainerStateMachine.java:loadSnapshot(231)) - group-3F7D09197A50: The snapshot info is null. Setting the last applied indexto:(t:0, i:~)
2019-10-15 16:00:43,822 [pool-519-thread-1] INFO  server.RaftServerConfigKeys (ConfUtils.java:logGet(43)) - raft.server.notification.no-leader.timeout = 120s (custom)
2019-10-15 16:00:43,822 [pool-529-thread-1] INFO  ratis.ContainerStateMachine (ContainerStateMachine.java:loadSnapshot(231)) - group-3F7D09197A50: The snapshot info is null. Setting the last applied indexto:(t:0, i:~)
2019-10-15 16:00:43,822 [pool-519-thread-1] INFO  server.RaftServerConfigKeys (ConfUtils.java:logGet(43)) - raft.server.log.use.memory = false (default)
2019-10-15 16:00:43,822 [pool-509-thread-1] INFO  server.RaftServerConfigKeys (ConfUtils.java:logGet(43)) - raft.server.notification.no-leader.timeout = 120s (custom)
2019-10-15 16:00:43,822 [pool-519-thread-1] INFO  server.RaftServerConfigKeys (ConfUtils.java:logGet(43)) - raft.server.log.purge.gap = 1000000 (custom)
2019-10-15 16:00:43,822 [pool-529-thread-1] INFO  server.RaftServerConfigKeys (ConfUtils.java:logGet(43)) - raft.server.notification.no-leader.timeout = 120s (custom)
2019-10-15 16:00:43,822 [pool-519-thread-1] INFO  server.RaftServerConfigKeys (ConfUtils.java:logGet(43)) - raft.server.log.appender.buffer.byte-limit = 33554432 (custom)
2019-10-15 16:00:43,822 [pool-509-thread-1] INFO  server.RaftServerConfigKeys (ConfUtils.java:logGet(43)) - raft.server.log.use.memory = false (default)
2019-10-15 16:00:43,823 [pool-519-thread-1] INFO  server.RaftServerConfigKeys (ConfUtils.java:logGet(43)) - raft.server.log.segment.size.max = 1048576 (custom)
2019-10-15 16:00:43,823 [pool-529-thread-1] INFO  server.RaftServerConfigKeys (ConfUtils.java:logGet(43)) - raft.server.log.use.memory = false (default)
2019-10-15 16:00:43,823 [pool-519-thread-1] INFO  server.RaftServerConfigKeys (ConfUtils.java:logGet(43)) - raft.server.log.segment.cache.num.max = 2 (custom)
2019-10-15 16:00:43,823 [pool-509-thread-1] INFO  server.RaftServerConfigKeys (ConfUtils.java:logGet(43)) - raft.server.log.purge.gap = 1000000 (custom)
2019-10-15 16:00:43,823 [pool-519-thread-1] INFO  segmented.SegmentedRaftLogWorker (SegmentedRaftLogWorker.java:<init>(173)) - new 27104e3f-effa-4be2-8c99-920d8374636e@group-3F7D09197A50-SegmentedRaftLogWorker for RaftStorage:Storage Directory /workdir/hadoop-ozone/integration-test/target/test-dir/MiniOzoneClusterImpl-db5d02a6-340f-494d-b00e-bf4b2df0003c/datanode-1/data/ratis/c514cab4-92c3-411d-b60f-3f7d09197a50
2019-10-15 16:00:43,823 [pool-529-thread-1] INFO  server.RaftServerConfigKeys (ConfUtils.java:logGet(43)) - raft.server.log.purge.gap = 1000000 (custom)
2019-10-15 16:00:43,823 [pool-519-thread-1] INFO  server.RaftServerConfigKeys (ConfUtils.java:logGet(43)) - raft.server.log.queue.byte-limit = 2147483647 (custom)
2019-10-15 16:00:43,824 [pool-519-thread-1] INFO  server.RaftServerConfigKeys (ConfUtils.java:logGet(43)) - raft.server.log.queue.element-limit = 1024 (custom)
2019-10-15 16:00:43,823 [pool-509-thread-1] INFO  server.RaftServerConfigKeys (ConfUtils.java:logGet(43)) - raft.server.log.appender.buffer.byte-limit = 33554432 (custom)
2019-10-15 16:00:43,824 [pool-519-thread-1] INFO  server.RaftServerConfigKeys (ConfUtils.java:logGet(43)) - raft.server.log.segment.size.max = 1048576 (custom)
2019-10-15 16:00:43,824 [pool-529-thread-1] INFO  server.RaftServerConfigKeys (ConfUtils.java:logGet(43)) - raft.server.log.appender.buffer.byte-limit = 33554432 (custom)
2019-10-15 16:00:43,824 [pool-519-thread-1] INFO  server.RaftServerConfigKeys (ConfUtils.java:logGet(43)) - raft.server.log.preallocated.size = 16384 (custom)
2019-10-15 16:00:43,824 [pool-519-thread-1] INFO  server.RaftServerConfigKeys (ConfUtils.java:logGet(43)) - raft.server.log.write.buffer.size = 33554432 (custom)
2019-10-15 16:00:43,824 [pool-509-thread-1] INFO  server.RaftServerConfigKeys (ConfUtils.java:logGet(43)) - raft.server.log.segment.size.max = 1048576 (custom)
2019-10-15 16:00:43,825 [pool-519-thread-1] INFO  server.RaftServerConfigKeys (ConfUtils.java:logGet(43)) - raft.server.log.force.sync.num = 128 (default)
2019-10-15 16:00:43,824 [pool-529-thread-1] INFO  server.RaftServerConfigKeys (ConfUtils.java:logGet(43)) - raft.server.log.segment.size.max = 1048576 (custom)
2019-10-15 16:00:43,825 [pool-519-thread-1] INFO  server.RaftServerConfigKeys (ConfUtils.java:logGet(43)) - raft.server.log.statemachine.data.sync = true (default)
2019-10-15 16:00:43,825 [pool-509-thread-1] INFO  server.RaftServerConfigKeys (ConfUtils.java:logGet(43)) - raft.server.log.segment.cache.num.max = 2 (custom)
2019-10-15 16:00:43,825 [pool-519-thread-1] INFO  server.RaftServerConfigKeys (ConfUtils.java:logGet(43)) - raft.server.log.statemachine.data.sync.timeout = 10s (default)
2019-10-15 16:00:43,825 [pool-529-thread-1] INFO  server.RaftServerConfigKeys (ConfUtils.java:logGet(43)) - raft.server.log.segment.cache.num.max = 2 (custom)
2019-10-15 16:00:43,825 [pool-519-thread-1] INFO  server.RaftServerConfigKeys (ConfUtils.java:logGet(43)) - raft.server.log.statemachine.data.sync.timeout.retry = -1 (default)
2019-10-15 16:00:43,825 [pool-509-thread-1] INFO  segmented.SegmentedRaftLogWorker (SegmentedRaftLogWorker.java:<init>(173)) - new 2927af6d-ca2a-40e1-b66d-bb9b2759d3f4@group-3F7D09197A50-SegmentedRaftLogWorker for RaftStorage:Storage Directory /workdir/hadoop-ozone/integration-test/target/test-dir/MiniOzoneClusterImpl-db5d02a6-340f-494d-b00e-bf4b2df0003c/datanode-0/data/ratis/c514cab4-92c3-411d-b60f-3f7d09197a50
2019-10-15 16:00:43,826 [pool-519-thread-1] INFO  server.RaftServerConfigKeys (ConfUtils.java:logGet(43)) - raft.server.log.statemachine.data.caching.enabled = true (custom)
2019-10-15 16:00:43,825 [pool-529-thread-1] INFO  segmented.SegmentedRaftLogWorker (SegmentedRaftLogWorker.java:<init>(173)) - new 957624b1-130b-40b6-b716-6996dbe1f26c@group-3F7D09197A50-SegmentedRaftLogWorker for RaftStorage:Storage Directory /workdir/hadoop-ozone/integration-test/target/test-dir/MiniOzoneClusterImpl-db5d02a6-340f-494d-b00e-bf4b2df0003c/datanode-2/data/ratis/c514cab4-92c3-411d-b60f-3f7d09197a50
2019-10-15 16:00:43,826 [pool-509-thread-1] INFO  server.RaftServerConfigKeys (ConfUtils.java:logGet(43)) - raft.server.log.queue.byte-limit = 2147483647 (custom)
2019-10-15 16:00:43,826 [pool-529-thread-1] INFO  server.RaftServerConfigKeys (ConfUtils.java:logGet(43)) - raft.server.log.queue.byte-limit = 2147483647 (custom)
2019-10-15 16:00:43,826 [pool-509-thread-1] INFO  server.RaftServerConfigKeys (ConfUtils.java:logGet(43)) - raft.server.log.queue.element-limit = 1024 (custom)
2019-10-15 16:00:43,826 [pool-529-thread-1] INFO  server.RaftServerConfigKeys (ConfUtils.java:logGet(43)) - raft.server.log.queue.element-limit = 1024 (custom)
2019-10-15 16:00:43,826 [pool-509-thread-1] INFO  server.RaftServerConfigKeys (ConfUtils.java:logGet(43)) - raft.server.log.segment.size.max = 1048576 (custom)
2019-10-15 16:00:43,826 [pool-529-thread-1] INFO  server.RaftServerConfigKeys (ConfUtils.java:logGet(43)) - raft.server.log.segment.size.max = 1048576 (custom)
2019-10-15 16:00:43,826 [pool-509-thread-1] INFO  server.RaftServerConfigKeys (ConfUtils.java:logGet(43)) - raft.server.log.preallocated.size = 16384 (custom)
2019-10-15 16:00:43,826 [pool-529-thread-1] INFO  server.RaftServerConfigKeys (ConfUtils.java:logGet(43)) - raft.server.log.preallocated.size = 16384 (custom)
2019-10-15 16:00:43,826 [pool-509-thread-1] INFO  server.RaftServerConfigKeys (ConfUtils.java:logGet(43)) - raft.server.log.write.buffer.size = 33554432 (custom)
2019-10-15 16:00:43,827 [pool-529-thread-1] INFO  server.RaftServerConfigKeys (ConfUtils.java:logGet(43)) - raft.server.log.write.buffer.size = 33554432 (custom)
2019-10-15 16:00:43,827 [pool-509-thread-1] INFO  server.RaftServerConfigKeys (ConfUtils.java:logGet(43)) - raft.server.log.force.sync.num = 128 (default)
2019-10-15 16:00:43,827 [pool-529-thread-1] INFO  server.RaftServerConfigKeys (ConfUtils.java:logGet(43)) - raft.server.log.force.sync.num = 128 (default)
2019-10-15 16:00:43,827 [pool-509-thread-1] INFO  server.RaftServerConfigKeys (ConfUtils.java:logGet(43)) - raft.server.log.statemachine.data.sync = true (default)
2019-10-15 16:00:43,827 [pool-529-thread-1] INFO  server.RaftServerConfigKeys (ConfUtils.java:logGet(43)) - raft.server.log.statemachine.data.sync = true (default)
2019-10-15 16:00:43,827 [pool-509-thread-1] INFO  server.RaftServerConfigKeys (ConfUtils.java:logGet(43)) - raft.server.log.statemachine.data.sync.timeout = 10s (default)
2019-10-15 16:00:43,827 [pool-529-thread-1] INFO  server.RaftServerConfigKeys (ConfUtils.java:logGet(43)) - raft.server.log.statemachine.data.sync.timeout = 10s (default)
2019-10-15 16:00:43,827 [pool-509-thread-1] INFO  server.RaftServerConfigKeys (ConfUtils.java:logGet(43)) - raft.server.log.statemachine.data.sync.timeout.retry = -1 (default)
2019-10-15 16:00:43,827 [pool-529-thread-1] INFO  server.RaftServerConfigKeys (ConfUtils.java:logGet(43)) - raft.server.log.statemachine.data.sync.timeout.retry = -1 (default)
2019-10-15 16:00:43,827 [pool-509-thread-1] INFO  server.RaftServerConfigKeys (ConfUtils.java:logGet(43)) - raft.server.log.statemachine.data.caching.enabled = true (custom)
2019-10-15 16:00:43,828 [pool-529-thread-1] INFO  server.RaftServerConfigKeys (ConfUtils.java:logGet(43)) - raft.server.log.statemachine.data.caching.enabled = true (custom)
2019-10-15 16:00:43,830 [pool-509-thread-1] INFO  segmented.SegmentedRaftLogWorker (SegmentedRaftLogWorker.java:lambda$new$0(128)) - 2927af6d-ca2a-40e1-b66d-bb9b2759d3f4@group-3F7D09197A50-SegmentedRaftLogWorker: flushIndex: setUnconditionally 0 -> -1
2019-10-15 16:00:43,830 [pool-529-thread-1] INFO  segmented.SegmentedRaftLogWorker (SegmentedRaftLogWorker.java:lambda$new$0(128)) - 957624b1-130b-40b6-b716-6996dbe1f26c@group-3F7D09197A50-SegmentedRaftLogWorker: flushIndex: setUnconditionally 0 -> -1
2019-10-15 16:00:43,830 [pool-519-thread-1] INFO  segmented.SegmentedRaftLogWorker (SegmentedRaftLogWorker.java:lambda$new$0(128)) - 27104e3f-effa-4be2-8c99-920d8374636e@group-3F7D09197A50-SegmentedRaftLogWorker: flushIndex: setUnconditionally 0 -> -1
2019-10-15 16:00:43,830 [pool-509-thread-1] INFO  server.RaftServerConfigKeys (ConfUtils.java:logGet(43)) - raft.server.snapshot.auto.trigger.enabled = true (custom)
2019-10-15 16:00:43,831 [pool-529-thread-1] INFO  server.RaftServerConfigKeys (ConfUtils.java:logGet(43)) - raft.server.snapshot.auto.trigger.enabled = true (custom)
2019-10-15 16:00:43,831 [pool-519-thread-1] INFO  server.RaftServerConfigKeys (ConfUtils.java:logGet(43)) - raft.server.snapshot.auto.trigger.enabled = true (custom)
2019-10-15 16:00:43,831 [pool-509-thread-1] INFO  server.RaftServerConfigKeys (ConfUtils.java:logGet(43)) - raft.server.snapshot.auto.trigger.threshold = 10000 (custom)
2019-10-15 16:00:43,831 [pool-519-thread-1] INFO  server.RaftServerConfigKeys (ConfUtils.java:logGet(43)) - raft.server.snapshot.auto.trigger.threshold = 10000 (custom)
2019-10-15 16:00:43,831 [pool-529-thread-1] INFO  server.RaftServerConfigKeys (ConfUtils.java:logGet(43)) - raft.server.snapshot.auto.trigger.threshold = 10000 (custom)
2019-10-15 16:00:43,831 [pool-519-thread-1] INFO  server.RaftServerConfigKeys (ConfUtils.java:logGet(43)) - raft.server.snapshot.retention.file.num = 5 (custom)
2019-10-15 16:00:43,831 [pool-509-thread-1] INFO  server.RaftServerConfigKeys (ConfUtils.java:logGet(43)) - raft.server.snapshot.retention.file.num = 5 (custom)
2019-10-15 16:00:43,831 [pool-519-thread-1] INFO  server.RaftServerConfigKeys (ConfUtils.java:logGet(43)) - raft.server.retrycache.expirytime = 600000ms (custom)
2019-10-15 16:00:43,831 [pool-529-thread-1] INFO  server.RaftServerConfigKeys (ConfUtils.java:logGet(43)) - raft.server.snapshot.retention.file.num = 5 (custom)
2019-10-15 16:00:43,831 [pool-509-thread-1] INFO  server.RaftServerConfigKeys (ConfUtils.java:logGet(43)) - raft.server.retrycache.expirytime = 600000ms (custom)
2019-10-15 16:00:43,832 [pool-529-thread-1] INFO  server.RaftServerConfigKeys (ConfUtils.java:logGet(43)) - raft.server.retrycache.expirytime = 600000ms (custom)
2019-10-15 16:00:43,834 [pool-519-thread-1] INFO  impl.RaftServerImpl (RaftServerImpl.java:start(181)) - 27104e3f-effa-4be2-8c99-920d8374636e@group-3F7D09197A50: start as a follower, conf=-1: [27104e3f-effa-4be2-8c99-920d8374636e:192.168.157.236:38728, 2927af6d-ca2a-40e1-b66d-bb9b2759d3f4:192.168.157.236:42710, 957624b1-130b-40b6-b716-6996dbe1f26c:192.168.157.236:35608], old=null
2019-10-15 16:00:43,834 [pool-519-thread-1] INFO  impl.RaftServerImpl (RaftServerImpl.java:setRole(170)) - 27104e3f-effa-4be2-8c99-920d8374636e@group-3F7D09197A50: changes role from      null to FOLLOWER at term 0 for startAsFollower
2019-10-15 16:00:43,835 [pool-519-thread-1] INFO  impl.RoleInfo (RoleInfo.java:updateAndGet(143)) - 27104e3f-effa-4be2-8c99-920d8374636e: start FollowerState
2019-10-15 16:00:43,835 [pool-509-thread-1] INFO  impl.RaftServerImpl (RaftServerImpl.java:start(181)) - 2927af6d-ca2a-40e1-b66d-bb9b2759d3f4@group-3F7D09197A50: start as a follower, conf=-1: [27104e3f-effa-4be2-8c99-920d8374636e:192.168.157.236:38728, 2927af6d-ca2a-40e1-b66d-bb9b2759d3f4:192.168.157.236:42710, 957624b1-130b-40b6-b716-6996dbe1f26c:192.168.157.236:35608], old=null
2019-10-15 16:00:43,835 [pool-519-thread-1] INFO  util.JmxRegister (JmxRegister.java:tryRegister(44)) - Successfully registered JMX Bean with object name Ratis:service=RaftServer,group=group-3F7D09197A50,id=27104e3f-effa-4be2-8c99-920d8374636e
2019-10-15 16:00:43,835 [pool-529-thread-1] INFO  impl.RaftServerImpl (RaftServerImpl.java:start(181)) - 957624b1-130b-40b6-b716-6996dbe1f26c@group-3F7D09197A50: start as a follower, conf=-1: [27104e3f-effa-4be2-8c99-920d8374636e:192.168.157.236:38728, 2927af6d-ca2a-40e1-b66d-bb9b2759d3f4:192.168.157.236:42710, 957624b1-130b-40b6-b716-6996dbe1f26c:192.168.157.236:35608], old=null
2019-10-15 16:00:43,835 [pool-509-thread-1] INFO  impl.RaftServerImpl (RaftServerImpl.java:setRole(170)) - 2927af6d-ca2a-40e1-b66d-bb9b2759d3f4@group-3F7D09197A50: changes role from      null to FOLLOWER at term 0 for startAsFollower
2019-10-15 16:00:43,835 [pool-529-thread-1] INFO  impl.RaftServerImpl (RaftServerImpl.java:setRole(170)) - 957624b1-130b-40b6-b716-6996dbe1f26c@group-3F7D09197A50: changes role from      null to FOLLOWER at term 0 for startAsFollower
2019-10-15 16:00:43,835 [pool-509-thread-1] INFO  impl.RoleInfo (RoleInfo.java:updateAndGet(143)) - 2927af6d-ca2a-40e1-b66d-bb9b2759d3f4: start FollowerState
2019-10-15 16:00:43,836 [pool-529-thread-1] INFO  impl.RoleInfo (RoleInfo.java:updateAndGet(143)) - 957624b1-130b-40b6-b716-6996dbe1f26c: start FollowerState
2019-10-15 16:00:43,836 [pool-509-thread-1] INFO  util.JmxRegister (JmxRegister.java:tryRegister(44)) - Successfully registered JMX Bean with object name Ratis:service=RaftServer,group=group-3F7D09197A50,id=2927af6d-ca2a-40e1-b66d-bb9b2759d3f4
2019-10-15 16:00:43,836 [pool-529-thread-1] INFO  util.JmxRegister (JmxRegister.java:tryRegister(44)) - Successfully registered JMX Bean with object name Ratis:service=RaftServer,group=group-3F7D09197A50,id=957624b1-130b-40b6-b716-6996dbe1f26c
2019-10-15 16:00:43,841 [RatisPipelineUtilsThread] INFO  pipeline.PipelineStateManager (PipelineStateManager.java:addPipeline(56)) - Created pipeline Pipeline[ Id: c514cab4-92c3-411d-b60f-3f7d09197a50, Nodes: 957624b1-130b-40b6-b716-6996dbe1f26c{ip: 192.168.157.236, host: pr-hdds-1228-hxnc5-3896710236, networkLocation: /rack1, certSerialId: null}27104e3f-effa-4be2-8c99-920d8374636e{ip: 192.168.157.236, host: pr-hdds-1228-hxnc5-3896710236, networkLocation: /rack1, certSerialId: null}2927af6d-ca2a-40e1-b66d-bb9b2759d3f4{ip: 192.168.157.236, host: pr-hdds-1228-hxnc5-3896710236, networkLocation: /rack1, certSerialId: null}, Type:RATIS, Factor:THREE, State:OPEN]
2019-10-15 16:00:43,869 [IPC Server handler 2 on 32908] INFO  net.NetworkTopology (NetworkTopologyImpl.java:add(111)) - Added a new node: /rack1/b35b7e43-25db-42e2-b325-3149b7a1b771
2019-10-15 16:00:43,870 [IPC Server handler 2 on 32908] INFO  node.SCMNodeManager (SCMNodeManager.java:register(268)) - Registered Data node : b35b7e43-25db-42e2-b325-3149b7a1b771{ip: 192.168.157.236, host: pr-hdds-1228-hxnc5-3896710236, networkLocation: /rack1, certSerialId: null}
2019-10-15 16:00:43,877 [grpc-default-executor-1] INFO  impl.RaftServerProxy (RaftServerProxy.java:addNew(89)) - 28e55072-d071-4509-bf9d-64087afe3472: addNew group-42F77210EFDA:[28e55072-d071-4509-bf9d-64087afe3472:192.168.157.236:37314] returns group-42F77210EFDA:java.util.concurrent.CompletableFuture@526f0467[Not completed]
2019-10-15 16:00:43,878 [pool-539-thread-1] INFO  impl.RaftServerImpl (RaftServerImpl.java:<init>(95)) - 28e55072-d071-4509-bf9d-64087afe3472: new RaftServerImpl for group-42F77210EFDA:[28e55072-d071-4509-bf9d-64087afe3472:192.168.157.236:37314] with ContainerStateMachine:uninitialized
2019-10-15 16:00:43,878 [pool-539-thread-1] INFO  server.RaftServerConfigKeys (ConfUtils.java:logGet(43)) - raft.server.rpc.timeout.min = 1s (custom)
2019-10-15 16:00:43,878 [pool-539-thread-1] INFO  server.RaftServerConfigKeys (ConfUtils.java:logGet(43)) - raft.server.rpc.timeout.max = 1200ms (custom)
2019-10-15 16:00:43,878 [pool-539-thread-1] INFO  server.RaftServerConfigKeys (ConfUtils.java:logGet(43)) - raft.server.rpcslowness.timeout = 120s (custom)
2019-10-15 16:00:43,879 [pool-539-thread-1] INFO  server.RaftServerConfigKeys (ConfUtils.java:logGet(43)) - raft.server.sleep.deviation.threshold = 300 (default)
2019-10-15 16:00:43,879 [pool-539-thread-1] INFO  server.RaftServerConfigKeys (ConfUtils.java:logGet(43)) - raft.server.log.appender.install.snapshot.enabled = false (custom)
2019-10-15 16:00:43,879 [pool-539-thread-1] INFO  impl.RaftServerImpl (ServerState.java:<init>(103)) - 28e55072-d071-4509-bf9d-64087afe3472@group-42F77210EFDA: ConfigurationManager, init=-1: [28e55072-d071-4509-bf9d-64087afe3472:192.168.157.236:37314], old=null, confs=<EMPTY_MAP>
2019-10-15 16:00:43,879 [pool-539-thread-1] INFO  server.RaftServerConfigKeys (ConfUtils.java:logGet(43)) - raft.server.storage.dir = [/workdir/hadoop-ozone/integration-test/target/test-dir/MiniOzoneClusterImpl-db5d02a6-340f-494d-b00e-bf4b2df0003c/datanode-3/data/ratis] (custom)
2019-10-15 16:00:43,879 [pool-539-thread-1] INFO  server.RaftServerConfigKeys (ConfUtils.java:logGet(43)) - raft.server.log.corruption.policy = EXCEPTION (default)
2019-10-15 16:00:43,879 [pool-539-thread-1] INFO  storage.RaftStorageDirectory (RaftStorageDirectory.java:analyzeStorage(246)) - The storage directory /workdir/hadoop-ozone/integration-test/target/test-dir/MiniOzoneClusterImpl-db5d02a6-340f-494d-b00e-bf4b2df0003c/datanode-3/data/ratis/6cb6c292-cacc-40c7-afcc-42f77210efda does not exist. Creating ...
2019-10-15 16:00:43,889 [pool-539-thread-1] INFO  storage.RaftStorageDirectory (RaftStorageDirectory.java:tryLock(328)) - Lock on /workdir/hadoop-ozone/integration-test/target/test-dir/MiniOzoneClusterImpl-db5d02a6-340f-494d-b00e-bf4b2df0003c/datanode-3/data/ratis/6cb6c292-cacc-40c7-afcc-42f77210efda/in_use.lock acquired by nodename 8653@pr-hdds-1228-hxnc5-3896710236
2019-10-15 16:00:43,903 [pool-539-thread-1] INFO  storage.RaftStorage (RaftStorage.java:format(84)) - Storage directory /workdir/hadoop-ozone/integration-test/target/test-dir/MiniOzoneClusterImpl-db5d02a6-340f-494d-b00e-bf4b2df0003c/datanode-3/data/ratis/6cb6c292-cacc-40c7-afcc-42f77210efda has been successfully formatted.
2019-10-15 16:00:43,903 [pool-539-thread-1] INFO  ratis.ContainerStateMachine (ContainerStateMachine.java:loadSnapshot(231)) - group-42F77210EFDA: The snapshot info is null. Setting the last applied indexto:(t:0, i:~)
2019-10-15 16:00:43,903 [pool-539-thread-1] INFO  server.RaftServerConfigKeys (ConfUtils.java:logGet(43)) - raft.server.notification.no-leader.timeout = 120s (custom)
2019-10-15 16:00:43,903 [pool-539-thread-1] INFO  server.RaftServerConfigKeys (ConfUtils.java:logGet(43)) - raft.server.log.use.memory = false (default)
2019-10-15 16:00:43,903 [pool-539-thread-1] INFO  server.RaftServerConfigKeys (ConfUtils.java:logGet(43)) - raft.server.log.purge.gap = 1000000 (custom)
2019-10-15 16:00:43,904 [pool-539-thread-1] INFO  server.RaftServerConfigKeys (ConfUtils.java:logGet(43)) - raft.server.log.appender.buffer.byte-limit = 33554432 (custom)
2019-10-15 16:00:43,904 [pool-539-thread-1] INFO  server.RaftServerConfigKeys (ConfUtils.java:logGet(43)) - raft.server.log.segment.size.max = 1048576 (custom)
2019-10-15 16:00:43,906 [pool-539-thread-1] INFO  server.RaftServerConfigKeys (ConfUtils.java:logGet(43)) - raft.server.log.segment.cache.num.max = 2 (custom)
2019-10-15 16:00:43,906 [pool-539-thread-1] INFO  segmented.SegmentedRaftLogWorker (SegmentedRaftLogWorker.java:<init>(173)) - new 28e55072-d071-4509-bf9d-64087afe3472@group-42F77210EFDA-SegmentedRaftLogWorker for RaftStorage:Storage Directory /workdir/hadoop-ozone/integration-test/target/test-dir/MiniOzoneClusterImpl-db5d02a6-340f-494d-b00e-bf4b2df0003c/datanode-3/data/ratis/6cb6c292-cacc-40c7-afcc-42f77210efda
2019-10-15 16:00:43,906 [pool-539-thread-1] INFO  server.RaftServerConfigKeys (ConfUtils.java:logGet(43)) - raft.server.log.queue.byte-limit = 2147483647 (custom)
2019-10-15 16:00:43,906 [pool-539-thread-1] INFO  server.RaftServerConfigKeys (ConfUtils.java:logGet(43)) - raft.server.log.queue.element-limit = 1024 (custom)
2019-10-15 16:00:43,907 [pool-539-thread-1] INFO  server.RaftServerConfigKeys (ConfUtils.java:logGet(43)) - raft.server.log.segment.size.max = 1048576 (custom)
2019-10-15 16:00:43,907 [pool-539-thread-1] INFO  server.RaftServerConfigKeys (ConfUtils.java:logGet(43)) - raft.server.log.preallocated.size = 16384 (custom)
2019-10-15 16:00:43,907 [pool-539-thread-1] INFO  server.RaftServerConfigKeys (ConfUtils.java:logGet(43)) - raft.server.log.write.buffer.size = 33554432 (custom)
2019-10-15 16:00:43,907 [pool-539-thread-1] INFO  server.RaftServerConfigKeys (ConfUtils.java:logGet(43)) - raft.server.log.force.sync.num = 128 (default)
2019-10-15 16:00:43,907 [pool-539-thread-1] INFO  server.RaftServerConfigKeys (ConfUtils.java:logGet(43)) - raft.server.log.statemachine.data.sync = true (default)
2019-10-15 16:00:43,907 [pool-539-thread-1] INFO  server.RaftServerConfigKeys (ConfUtils.java:logGet(43)) - raft.server.log.statemachine.data.sync.timeout = 10s (default)
2019-10-15 16:00:43,907 [pool-539-thread-1] INFO  server.RaftServerConfigKeys (ConfUtils.java:logGet(43)) - raft.server.log.statemachine.data.sync.timeout.retry = -1 (default)
2019-10-15 16:00:43,908 [pool-539-thread-1] INFO  server.RaftServerConfigKeys (ConfUtils.java:logGet(43)) - raft.server.log.statemachine.data.caching.enabled = true (custom)
2019-10-15 16:00:43,908 [pool-539-thread-1] INFO  segmented.SegmentedRaftLogWorker (SegmentedRaftLogWorker.java:lambda$new$0(128)) - 28e55072-d071-4509-bf9d-64087afe3472@group-42F77210EFDA-SegmentedRaftLogWorker: flushIndex: setUnconditionally 0 -> -1
2019-10-15 16:00:43,909 [pool-539-thread-1] INFO  server.RaftServerConfigKeys (ConfUtils.java:logGet(43)) - raft.server.snapshot.auto.trigger.enabled = true (custom)
2019-10-15 16:00:43,909 [pool-539-thread-1] INFO  server.RaftServerConfigKeys (ConfUtils.java:logGet(43)) - raft.server.snapshot.auto.trigger.threshold = 10000 (custom)
2019-10-15 16:00:43,909 [pool-539-thread-1] INFO  server.RaftServerConfigKeys (ConfUtils.java:logGet(43)) - raft.server.snapshot.retention.file.num = 5 (custom)
2019-10-15 16:00:43,909 [pool-539-thread-1] INFO  server.RaftServerConfigKeys (ConfUtils.java:logGet(43)) - raft.server.retrycache.expirytime = 600000ms (custom)
2019-10-15 16:00:43,911 [pool-539-thread-1] INFO  impl.RaftServerImpl (RaftServerImpl.java:start(181)) - 28e55072-d071-4509-bf9d-64087afe3472@group-42F77210EFDA: start as a follower, conf=-1: [28e55072-d071-4509-bf9d-64087afe3472:192.168.157.236:37314], old=null
2019-10-15 16:00:43,911 [pool-539-thread-1] INFO  impl.RaftServerImpl (RaftServerImpl.java:setRole(170)) - 28e55072-d071-4509-bf9d-64087afe3472@group-42F77210EFDA: changes role from      null to FOLLOWER at term 0 for startAsFollower
2019-10-15 16:00:43,911 [pool-539-thread-1] INFO  impl.RoleInfo (RoleInfo.java:updateAndGet(143)) - 28e55072-d071-4509-bf9d-64087afe3472: start FollowerState
2019-10-15 16:00:43,912 [pool-539-thread-1] INFO  util.JmxRegister (JmxRegister.java:tryRegister(44)) - Successfully registered JMX Bean with object name Ratis:service=RaftServer,group=group-42F77210EFDA,id=28e55072-d071-4509-bf9d-64087afe3472
2019-10-15 16:00:43,916 [RatisPipelineUtilsThread] INFO  pipeline.PipelineStateManager (PipelineStateManager.java:addPipeline(56)) - Created pipeline Pipeline[ Id: 6cb6c292-cacc-40c7-afcc-42f77210efda, Nodes: 28e55072-d071-4509-bf9d-64087afe3472{ip: 192.168.157.236, host: pr-hdds-1228-hxnc5-3896710236, networkLocation: /rack1, certSerialId: null}, Type:RATIS, Factor:ONE, State:OPEN]
2019-10-15 16:00:43,923 [grpc-default-executor-1] INFO  impl.RaftServerProxy (RaftServerProxy.java:addNew(89)) - b35b7e43-25db-42e2-b325-3149b7a1b771: addNew group-0409D57F533B:[b35b7e43-25db-42e2-b325-3149b7a1b771:192.168.157.236:34113] returns group-0409D57F533B:java.util.concurrent.CompletableFuture@6dc50708[Not completed]
2019-10-15 16:00:43,924 [pool-549-thread-1] INFO  impl.RaftServerImpl (RaftServerImpl.java:<init>(95)) - b35b7e43-25db-42e2-b325-3149b7a1b771: new RaftServerImpl for group-0409D57F533B:[b35b7e43-25db-42e2-b325-3149b7a1b771:192.168.157.236:34113] with ContainerStateMachine:uninitialized
2019-10-15 16:00:43,925 [pool-549-thread-1] INFO  server.RaftServerConfigKeys (ConfUtils.java:logGet(43)) - raft.server.rpc.timeout.min = 1s (custom)
2019-10-15 16:00:43,925 [pool-549-thread-1] INFO  server.RaftServerConfigKeys (ConfUtils.java:logGet(43)) - raft.server.rpc.timeout.max = 1200ms (custom)
2019-10-15 16:00:43,925 [pool-549-thread-1] INFO  server.RaftServerConfigKeys (ConfUtils.java:logGet(43)) - raft.server.rpcslowness.timeout = 120s (custom)
2019-10-15 16:00:43,925 [pool-549-thread-1] INFO  server.RaftServerConfigKeys (ConfUtils.java:logGet(43)) - raft.server.sleep.deviation.threshold = 300 (default)
2019-10-15 16:00:43,925 [pool-549-thread-1] INFO  server.RaftServerConfigKeys (ConfUtils.java:logGet(43)) - raft.server.log.appender.install.snapshot.enabled = false (custom)
2019-10-15 16:00:43,925 [pool-549-thread-1] INFO  impl.RaftServerImpl (ServerState.java:<init>(103)) - b35b7e43-25db-42e2-b325-3149b7a1b771@group-0409D57F533B: ConfigurationManager, init=-1: [b35b7e43-25db-42e2-b325-3149b7a1b771:192.168.157.236:34113], old=null, confs=<EMPTY_MAP>
2019-10-15 16:00:43,925 [pool-549-thread-1] INFO  server.RaftServerConfigKeys (ConfUtils.java:logGet(43)) - raft.server.storage.dir = [/workdir/hadoop-ozone/integration-test/target/test-dir/MiniOzoneClusterImpl-db5d02a6-340f-494d-b00e-bf4b2df0003c/datanode-4/data/ratis] (custom)
2019-10-15 16:00:43,926 [pool-549-thread-1] INFO  server.RaftServerConfigKeys (ConfUtils.java:logGet(43)) - raft.server.log.corruption.policy = EXCEPTION (default)
2019-10-15 16:00:43,926 [pool-549-thread-1] INFO  storage.RaftStorageDirectory (RaftStorageDirectory.java:analyzeStorage(246)) - The storage directory /workdir/hadoop-ozone/integration-test/target/test-dir/MiniOzoneClusterImpl-db5d02a6-340f-494d-b00e-bf4b2df0003c/datanode-4/data/ratis/5787365c-de17-4a2e-bc6e-0409d57f533b does not exist. Creating ...
2019-10-15 16:00:43,934 [pool-549-thread-1] INFO  storage.RaftStorageDirectory (RaftStorageDirectory.java:tryLock(328)) - Lock on /workdir/hadoop-ozone/integration-test/target/test-dir/MiniOzoneClusterImpl-db5d02a6-340f-494d-b00e-bf4b2df0003c/datanode-4/data/ratis/5787365c-de17-4a2e-bc6e-0409d57f533b/in_use.lock acquired by nodename 8653@pr-hdds-1228-hxnc5-3896710236
2019-10-15 16:00:43,937 [IPC Server handler 3 on 32908] INFO  net.NetworkTopology (NetworkTopologyImpl.java:add(111)) - Added a new node: /rack1/e2095ed4-6e7f-4ca6-8a9b-1989176657a6
2019-10-15 16:00:43,937 [IPC Server handler 3 on 32908] INFO  node.SCMNodeManager (SCMNodeManager.java:register(268)) - Registered Data node : e2095ed4-6e7f-4ca6-8a9b-1989176657a6{ip: 192.168.157.236, host: pr-hdds-1228-hxnc5-3896710236, networkLocation: /rack1, certSerialId: null}
2019-10-15 16:00:43,947 [pool-549-thread-1] INFO  storage.RaftStorage (RaftStorage.java:format(84)) - Storage directory /workdir/hadoop-ozone/integration-test/target/test-dir/MiniOzoneClusterImpl-db5d02a6-340f-494d-b00e-bf4b2df0003c/datanode-4/data/ratis/5787365c-de17-4a2e-bc6e-0409d57f533b has been successfully formatted.
2019-10-15 16:00:43,948 [pool-549-thread-1] INFO  ratis.ContainerStateMachine (ContainerStateMachine.java:loadSnapshot(231)) - group-0409D57F533B: The snapshot info is null. Setting the last applied indexto:(t:0, i:~)
2019-10-15 16:00:43,948 [pool-549-thread-1] INFO  server.RaftServerConfigKeys (ConfUtils.java:logGet(43)) - raft.server.notification.no-leader.timeout = 120s (custom)
2019-10-15 16:00:43,948 [pool-549-thread-1] INFO  server.RaftServerConfigKeys (ConfUtils.java:logGet(43)) - raft.server.log.use.memory = false (default)
2019-10-15 16:00:43,948 [pool-549-thread-1] INFO  server.RaftServerConfigKeys (ConfUtils.java:logGet(43)) - raft.server.log.purge.gap = 1000000 (custom)
2019-10-15 16:00:43,948 [pool-549-thread-1] INFO  server.RaftServerConfigKeys (ConfUtils.java:logGet(43)) - raft.server.log.appender.buffer.byte-limit = 33554432 (custom)
2019-10-15 16:00:43,949 [pool-549-thread-1] INFO  server.RaftServerConfigKeys (ConfUtils.java:logGet(43)) - raft.server.log.segment.size.max = 1048576 (custom)
2019-10-15 16:00:43,951 [pool-549-thread-1] INFO  server.RaftServerConfigKeys (ConfUtils.java:logGet(43)) - raft.server.log.segment.cache.num.max = 2 (custom)
2019-10-15 16:00:43,951 [pool-549-thread-1] INFO  segmented.SegmentedRaftLogWorker (SegmentedRaftLogWorker.java:<init>(173)) - new b35b7e43-25db-42e2-b325-3149b7a1b771@group-0409D57F533B-SegmentedRaftLogWorker for RaftStorage:Storage Directory /workdir/hadoop-ozone/integration-test/target/test-dir/MiniOzoneClusterImpl-db5d02a6-340f-494d-b00e-bf4b2df0003c/datanode-4/data/ratis/5787365c-de17-4a2e-bc6e-0409d57f533b
2019-10-15 16:00:43,951 [pool-549-thread-1] INFO  server.RaftServerConfigKeys (ConfUtils.java:logGet(43)) - raft.server.log.queue.byte-limit = 2147483647 (custom)
2019-10-15 16:00:43,951 [pool-549-thread-1] INFO  server.RaftServerConfigKeys (ConfUtils.java:logGet(43)) - raft.server.log.queue.element-limit = 1024 (custom)
2019-10-15 16:00:43,952 [pool-549-thread-1] INFO  server.RaftServerConfigKeys (ConfUtils.java:logGet(43)) - raft.server.log.segment.size.max = 1048576 (custom)
2019-10-15 16:00:43,952 [pool-549-thread-1] INFO  server.RaftServerConfigKeys (ConfUtils.java:logGet(43)) - raft.server.log.preallocated.size = 16384 (custom)
2019-10-15 16:00:43,952 [pool-549-thread-1] INFO  server.RaftServerConfigKeys (ConfUtils.java:logGet(43)) - raft.server.log.write.buffer.size = 33554432 (custom)
2019-10-15 16:00:43,952 [pool-549-thread-1] INFO  server.RaftServerConfigKeys (ConfUtils.java:logGet(43)) - raft.server.log.force.sync.num = 128 (default)
2019-10-15 16:00:43,952 [pool-549-thread-1] INFO  server.RaftServerConfigKeys (ConfUtils.java:logGet(43)) - raft.server.log.statemachine.data.sync = true (default)
2019-10-15 16:00:43,953 [pool-549-thread-1] INFO  server.RaftServerConfigKeys (ConfUtils.java:logGet(43)) - raft.server.log.statemachine.data.sync.timeout = 10s (default)
2019-10-15 16:00:43,953 [pool-549-thread-1] INFO  server.RaftServerConfigKeys (ConfUtils.java:logGet(43)) - raft.server.log.statemachine.data.sync.timeout.retry = -1 (default)
2019-10-15 16:00:43,953 [pool-549-thread-1] INFO  server.RaftServerConfigKeys (ConfUtils.java:logGet(43)) - raft.server.log.statemachine.data.caching.enabled = true (custom)
2019-10-15 16:00:43,954 [pool-549-thread-1] INFO  segmented.SegmentedRaftLogWorker (SegmentedRaftLogWorker.java:lambda$new$0(128)) - b35b7e43-25db-42e2-b325-3149b7a1b771@group-0409D57F533B-SegmentedRaftLogWorker: flushIndex: setUnconditionally 0 -> -1
2019-10-15 16:00:43,954 [pool-549-thread-1] INFO  server.RaftServerConfigKeys (ConfUtils.java:logGet(43)) - raft.server.snapshot.auto.trigger.enabled = true (custom)
2019-10-15 16:00:43,954 [pool-549-thread-1] INFO  server.RaftServerConfigKeys (ConfUtils.java:logGet(43)) - raft.server.snapshot.auto.trigger.threshold = 10000 (custom)
2019-10-15 16:00:43,954 [pool-549-thread-1] INFO  server.RaftServerConfigKeys (ConfUtils.java:logGet(43)) - raft.server.snapshot.retention.file.num = 5 (custom)
2019-10-15 16:00:43,955 [pool-549-thread-1] INFO  server.RaftServerConfigKeys (ConfUtils.java:logGet(43)) - raft.server.retrycache.expirytime = 600000ms (custom)
2019-10-15 16:00:43,957 [pool-549-thread-1] INFO  impl.RaftServerImpl (RaftServerImpl.java:start(181)) - b35b7e43-25db-42e2-b325-3149b7a1b771@group-0409D57F533B: start as a follower, conf=-1: [b35b7e43-25db-42e2-b325-3149b7a1b771:192.168.157.236:34113], old=null
2019-10-15 16:00:43,957 [pool-549-thread-1] INFO  impl.RaftServerImpl (RaftServerImpl.java:setRole(170)) - b35b7e43-25db-42e2-b325-3149b7a1b771@group-0409D57F533B: changes role from      null to FOLLOWER at term 0 for startAsFollower
2019-10-15 16:00:43,957 [pool-549-thread-1] INFO  impl.RoleInfo (RoleInfo.java:updateAndGet(143)) - b35b7e43-25db-42e2-b325-3149b7a1b771: start FollowerState
2019-10-15 16:00:43,957 [pool-549-thread-1] INFO  util.JmxRegister (JmxRegister.java:tryRegister(44)) - Successfully registered JMX Bean with object name Ratis:service=RaftServer,group=group-0409D57F533B,id=b35b7e43-25db-42e2-b325-3149b7a1b771
2019-10-15 16:00:43,962 [RatisPipelineUtilsThread] INFO  pipeline.PipelineStateManager (PipelineStateManager.java:addPipeline(56)) - Created pipeline Pipeline[ Id: 5787365c-de17-4a2e-bc6e-0409d57f533b, Nodes: b35b7e43-25db-42e2-b325-3149b7a1b771{ip: 192.168.157.236, host: pr-hdds-1228-hxnc5-3896710236, networkLocation: /rack1, certSerialId: null}, Type:RATIS, Factor:ONE, State:OPEN]
2019-10-15 16:00:43,969 [grpc-default-executor-1] INFO  impl.RaftServerProxy (RaftServerProxy.java:addNew(89)) - e2095ed4-6e7f-4ca6-8a9b-1989176657a6: addNew group-1748E1C945E1:[e2095ed4-6e7f-4ca6-8a9b-1989176657a6:192.168.157.236:46726] returns group-1748E1C945E1:java.util.concurrent.CompletableFuture@7c59bfd[Not completed]
2019-10-15 16:00:43,970 [pool-559-thread-1] INFO  impl.RaftServerImpl (RaftServerImpl.java:<init>(95)) - e2095ed4-6e7f-4ca6-8a9b-1989176657a6: new RaftServerImpl for group-1748E1C945E1:[e2095ed4-6e7f-4ca6-8a9b-1989176657a6:192.168.157.236:46726] with ContainerStateMachine:uninitialized
2019-10-15 16:00:43,970 [pool-559-thread-1] INFO  server.RaftServerConfigKeys (ConfUtils.java:logGet(43)) - raft.server.rpc.timeout.min = 1s (custom)
2019-10-15 16:00:43,970 [pool-559-thread-1] INFO  server.RaftServerConfigKeys (ConfUtils.java:logGet(43)) - raft.server.rpc.timeout.max = 1200ms (custom)
2019-10-15 16:00:43,970 [pool-559-thread-1] INFO  server.RaftServerConfigKeys (ConfUtils.java:logGet(43)) - raft.server.rpcslowness.timeout = 120s (custom)
2019-10-15 16:00:43,970 [pool-559-thread-1] INFO  server.RaftServerConfigKeys (ConfUtils.java:logGet(43)) - raft.server.sleep.deviation.threshold = 300 (default)
2019-10-15 16:00:43,970 [pool-559-thread-1] INFO  server.RaftServerConfigKeys (ConfUtils.java:logGet(43)) - raft.server.log.appender.install.snapshot.enabled = false (custom)
2019-10-15 16:00:43,970 [pool-559-thread-1] INFO  impl.RaftServerImpl (ServerState.java:<init>(103)) - e2095ed4-6e7f-4ca6-8a9b-1989176657a6@group-1748E1C945E1: ConfigurationManager, init=-1: [e2095ed4-6e7f-4ca6-8a9b-1989176657a6:192.168.157.236:46726], old=null, confs=<EMPTY_MAP>
2019-10-15 16:00:43,971 [pool-559-thread-1] INFO  server.RaftServerConfigKeys (ConfUtils.java:logGet(43)) - raft.server.storage.dir = [/workdir/hadoop-ozone/integration-test/target/test-dir/MiniOzoneClusterImpl-db5d02a6-340f-494d-b00e-bf4b2df0003c/datanode-5/data/ratis] (custom)
2019-10-15 16:00:43,971 [pool-559-thread-1] INFO  server.RaftServerConfigKeys (ConfUtils.java:logGet(43)) - raft.server.log.corruption.policy = EXCEPTION (default)
2019-10-15 16:00:43,971 [pool-559-thread-1] INFO  storage.RaftStorageDirectory (RaftStorageDirectory.java:analyzeStorage(246)) - The storage directory /workdir/hadoop-ozone/integration-test/target/test-dir/MiniOzoneClusterImpl-db5d02a6-340f-494d-b00e-bf4b2df0003c/datanode-5/data/ratis/55b83f08-cf44-4268-991e-1748e1c945e1 does not exist. Creating ...
2019-10-15 16:00:43,977 [pool-559-thread-1] INFO  storage.RaftStorageDirectory (RaftStorageDirectory.java:tryLock(328)) - Lock on /workdir/hadoop-ozone/integration-test/target/test-dir/MiniOzoneClusterImpl-db5d02a6-340f-494d-b00e-bf4b2df0003c/datanode-5/data/ratis/55b83f08-cf44-4268-991e-1748e1c945e1/in_use.lock acquired by nodename 8653@pr-hdds-1228-hxnc5-3896710236
2019-10-15 16:00:43,990 [pool-559-thread-1] INFO  storage.RaftStorage (RaftStorage.java:format(84)) - Storage directory /workdir/hadoop-ozone/integration-test/target/test-dir/MiniOzoneClusterImpl-db5d02a6-340f-494d-b00e-bf4b2df0003c/datanode-5/data/ratis/55b83f08-cf44-4268-991e-1748e1c945e1 has been successfully formatted.
2019-10-15 16:00:43,991 [pool-559-thread-1] INFO  ratis.ContainerStateMachine (ContainerStateMachine.java:loadSnapshot(231)) - group-1748E1C945E1: The snapshot info is null. Setting the last applied indexto:(t:0, i:~)
2019-10-15 16:00:43,991 [pool-559-thread-1] INFO  server.RaftServerConfigKeys (ConfUtils.java:logGet(43)) - raft.server.notification.no-leader.timeout = 120s (custom)
2019-10-15 16:00:43,991 [pool-559-thread-1] INFO  server.RaftServerConfigKeys (ConfUtils.java:logGet(43)) - raft.server.log.use.memory = false (default)
2019-10-15 16:00:43,991 [pool-559-thread-1] INFO  server.RaftServerConfigKeys (ConfUtils.java:logGet(43)) - raft.server.log.purge.gap = 1000000 (custom)
2019-10-15 16:00:43,991 [pool-559-thread-1] INFO  server.RaftServerConfigKeys (ConfUtils.java:logGet(43)) - raft.server.log.appender.buffer.byte-limit = 33554432 (custom)
2019-10-15 16:00:43,991 [pool-559-thread-1] INFO  server.RaftServerConfigKeys (ConfUtils.java:logGet(43)) - raft.server.log.segment.size.max = 1048576 (custom)
2019-10-15 16:00:43,992 [pool-559-thread-1] INFO  server.RaftServerConfigKeys (ConfUtils.java:logGet(43)) - raft.server.log.segment.cache.num.max = 2 (custom)
2019-10-15 16:00:43,993 [pool-559-thread-1] INFO  segmented.SegmentedRaftLogWorker (SegmentedRaftLogWorker.java:<init>(173)) - new e2095ed4-6e7f-4ca6-8a9b-1989176657a6@group-1748E1C945E1-SegmentedRaftLogWorker for RaftStorage:Storage Directory /workdir/hadoop-ozone/integration-test/target/test-dir/MiniOzoneClusterImpl-db5d02a6-340f-494d-b00e-bf4b2df0003c/datanode-5/data/ratis/55b83f08-cf44-4268-991e-1748e1c945e1
2019-10-15 16:00:43,993 [pool-559-thread-1] INFO  server.RaftServerConfigKeys (ConfUtils.java:logGet(43)) - raft.server.log.queue.byte-limit = 2147483647 (custom)
2019-10-15 16:00:43,993 [pool-559-thread-1] INFO  server.RaftServerConfigKeys (ConfUtils.java:logGet(43)) - raft.server.log.queue.element-limit = 1024 (custom)
2019-10-15 16:00:43,993 [pool-559-thread-1] INFO  server.RaftServerConfigKeys (ConfUtils.java:logGet(43)) - raft.server.log.segment.size.max = 1048576 (custom)
2019-10-15 16:00:43,993 [pool-559-thread-1] INFO  server.RaftServerConfigKeys (ConfUtils.java:logGet(43)) - raft.server.log.preallocated.size = 16384 (custom)
2019-10-15 16:00:43,993 [pool-559-thread-1] INFO  server.RaftServerConfigKeys (ConfUtils.java:logGet(43)) - raft.server.log.write.buffer.size = 33554432 (custom)
2019-10-15 16:00:43,993 [pool-559-thread-1] INFO  server.RaftServerConfigKeys (ConfUtils.java:logGet(43)) - raft.server.log.force.sync.num = 128 (default)
2019-10-15 16:00:43,993 [pool-559-thread-1] INFO  server.RaftServerConfigKeys (ConfUtils.java:logGet(43)) - raft.server.log.statemachine.data.sync = true (default)
2019-10-15 16:00:43,993 [pool-559-thread-1] INFO  server.RaftServerConfigKeys (ConfUtils.java:logGet(43)) - raft.server.log.statemachine.data.sync.timeout = 10s (default)
2019-10-15 16:00:43,993 [pool-559-thread-1] INFO  server.RaftServerConfigKeys (ConfUtils.java:logGet(43)) - raft.server.log.statemachine.data.sync.timeout.retry = -1 (default)
2019-10-15 16:00:43,994 [pool-559-thread-1] INFO  server.RaftServerConfigKeys (ConfUtils.java:logGet(43)) - raft.server.log.statemachine.data.caching.enabled = true (custom)
2019-10-15 16:00:43,994 [pool-559-thread-1] INFO  segmented.SegmentedRaftLogWorker (SegmentedRaftLogWorker.java:lambda$new$0(128)) - e2095ed4-6e7f-4ca6-8a9b-1989176657a6@group-1748E1C945E1-SegmentedRaftLogWorker: flushIndex: setUnconditionally 0 -> -1
2019-10-15 16:00:43,994 [pool-559-thread-1] INFO  server.RaftServerConfigKeys (ConfUtils.java:logGet(43)) - raft.server.snapshot.auto.trigger.enabled = true (custom)
2019-10-15 16:00:43,994 [pool-559-thread-1] INFO  server.RaftServerConfigKeys (ConfUtils.java:logGet(43)) - raft.server.snapshot.auto.trigger.threshold = 10000 (custom)
2019-10-15 16:00:43,994 [pool-559-thread-1] INFO  server.RaftServerConfigKeys (ConfUtils.java:logGet(43)) - raft.server.snapshot.retention.file.num = 5 (custom)
2019-10-15 16:00:43,995 [pool-559-thread-1] INFO  server.RaftServerConfigKeys (ConfUtils.java:logGet(43)) - raft.server.retrycache.expirytime = 600000ms (custom)
2019-10-15 16:00:43,996 [pool-559-thread-1] INFO  impl.RaftServerImpl (RaftServerImpl.java:start(181)) - e2095ed4-6e7f-4ca6-8a9b-1989176657a6@group-1748E1C945E1: start as a follower, conf=-1: [e2095ed4-6e7f-4ca6-8a9b-1989176657a6:192.168.157.236:46726], old=null
2019-10-15 16:00:43,996 [pool-559-thread-1] INFO  impl.RaftServerImpl (RaftServerImpl.java:setRole(170)) - e2095ed4-6e7f-4ca6-8a9b-1989176657a6@group-1748E1C945E1: changes role from      null to FOLLOWER at term 0 for startAsFollower
2019-10-15 16:00:43,996 [pool-559-thread-1] INFO  impl.RoleInfo (RoleInfo.java:updateAndGet(143)) - e2095ed4-6e7f-4ca6-8a9b-1989176657a6: start FollowerState
2019-10-15 16:00:43,996 [pool-559-thread-1] INFO  util.JmxRegister (JmxRegister.java:tryRegister(44)) - Successfully registered JMX Bean with object name Ratis:service=RaftServer,group=group-1748E1C945E1,id=e2095ed4-6e7f-4ca6-8a9b-1989176657a6
2019-10-15 16:00:44,000 [RatisPipelineUtilsThread] INFO  pipeline.PipelineStateManager (PipelineStateManager.java:addPipeline(56)) - Created pipeline Pipeline[ Id: 55b83f08-cf44-4268-991e-1748e1c945e1, Nodes: e2095ed4-6e7f-4ca6-8a9b-1989176657a6{ip: 192.168.157.236, host: pr-hdds-1228-hxnc5-3896710236, networkLocation: /rack1, certSerialId: null}, Type:RATIS, Factor:ONE, State:OPEN]
2019-10-15 16:00:44,011 [grpc-default-executor-3] INFO  impl.RaftServerProxy (RaftServerProxy.java:addNew(89)) - e2095ed4-6e7f-4ca6-8a9b-1989176657a6: addNew group-C4DA4798FEA9:[e2095ed4-6e7f-4ca6-8a9b-1989176657a6:192.168.157.236:46726, b35b7e43-25db-42e2-b325-3149b7a1b771:192.168.157.236:34113, 28e55072-d071-4509-bf9d-64087afe3472:192.168.157.236:37314] returns group-C4DA4798FEA9:java.util.concurrent.CompletableFuture@6ab7d6de[Not completed]
2019-10-15 16:00:44,011 [grpc-default-executor-1] INFO  impl.RaftServerProxy (RaftServerProxy.java:addNew(89)) - b35b7e43-25db-42e2-b325-3149b7a1b771: addNew group-C4DA4798FEA9:[e2095ed4-6e7f-4ca6-8a9b-1989176657a6:192.168.157.236:46726, b35b7e43-25db-42e2-b325-3149b7a1b771:192.168.157.236:34113, 28e55072-d071-4509-bf9d-64087afe3472:192.168.157.236:37314] returns group-C4DA4798FEA9:java.util.concurrent.CompletableFuture@1e557fcc[Not completed]
2019-10-15 16:00:44,011 [grpc-default-executor-2] INFO  impl.RaftServerProxy (RaftServerProxy.java:addNew(89)) - 28e55072-d071-4509-bf9d-64087afe3472: addNew group-C4DA4798FEA9:[e2095ed4-6e7f-4ca6-8a9b-1989176657a6:192.168.157.236:46726, b35b7e43-25db-42e2-b325-3149b7a1b771:192.168.157.236:34113, 28e55072-d071-4509-bf9d-64087afe3472:192.168.157.236:37314] returns group-C4DA4798FEA9:java.util.concurrent.CompletableFuture@6a9c1be0[Not completed]
2019-10-15 16:00:44,012 [pool-559-thread-1] INFO  impl.RaftServerImpl (RaftServerImpl.java:<init>(95)) - e2095ed4-6e7f-4ca6-8a9b-1989176657a6: new RaftServerImpl for group-C4DA4798FEA9:[e2095ed4-6e7f-4ca6-8a9b-1989176657a6:192.168.157.236:46726, b35b7e43-25db-42e2-b325-3149b7a1b771:192.168.157.236:34113, 28e55072-d071-4509-bf9d-64087afe3472:192.168.157.236:37314] with ContainerStateMachine:uninitialized
2019-10-15 16:00:44,012 [pool-559-thread-1] INFO  server.RaftServerConfigKeys (ConfUtils.java:logGet(43)) - raft.server.rpc.timeout.min = 1s (custom)
2019-10-15 16:00:44,012 [pool-559-thread-1] INFO  server.RaftServerConfigKeys (ConfUtils.java:logGet(43)) - raft.server.rpc.timeout.max = 1200ms (custom)
2019-10-15 16:00:44,012 [pool-559-thread-1] INFO  server.RaftServerConfigKeys (ConfUtils.java:logGet(43)) - raft.server.rpcslowness.timeout = 120s (custom)
2019-10-15 16:00:44,012 [pool-559-thread-1] INFO  server.RaftServerConfigKeys (ConfUtils.java:logGet(43)) - raft.server.sleep.deviation.threshold = 300 (default)
2019-10-15 16:00:44,012 [pool-559-thread-1] INFO  server.RaftServerConfigKeys (ConfUtils.java:logGet(43)) - raft.server.log.appender.install.snapshot.enabled = false (custom)
2019-10-15 16:00:44,012 [pool-559-thread-1] INFO  impl.RaftServerImpl (ServerState.java:<init>(103)) - e2095ed4-6e7f-4ca6-8a9b-1989176657a6@group-C4DA4798FEA9: ConfigurationManager, init=-1: [e2095ed4-6e7f-4ca6-8a9b-1989176657a6:192.168.157.236:46726, b35b7e43-25db-42e2-b325-3149b7a1b771:192.168.157.236:34113, 28e55072-d071-4509-bf9d-64087afe3472:192.168.157.236:37314], old=null, confs=<EMPTY_MAP>
2019-10-15 16:00:44,013 [pool-559-thread-1] INFO  server.RaftServerConfigKeys (ConfUtils.java:logGet(43)) - raft.server.storage.dir = [/workdir/hadoop-ozone/integration-test/target/test-dir/MiniOzoneClusterImpl-db5d02a6-340f-494d-b00e-bf4b2df0003c/datanode-5/data/ratis] (custom)
2019-10-15 16:00:44,013 [pool-539-thread-1] INFO  impl.RaftServerImpl (RaftServerImpl.java:<init>(95)) - 28e55072-d071-4509-bf9d-64087afe3472: new RaftServerImpl for group-C4DA4798FEA9:[e2095ed4-6e7f-4ca6-8a9b-1989176657a6:192.168.157.236:46726, b35b7e43-25db-42e2-b325-3149b7a1b771:192.168.157.236:34113, 28e55072-d071-4509-bf9d-64087afe3472:192.168.157.236:37314] with ContainerStateMachine:uninitialized
2019-10-15 16:00:44,013 [pool-559-thread-1] INFO  server.RaftServerConfigKeys (ConfUtils.java:logGet(43)) - raft.server.log.corruption.policy = EXCEPTION (default)
2019-10-15 16:00:44,013 [pool-539-thread-1] INFO  server.RaftServerConfigKeys (ConfUtils.java:logGet(43)) - raft.server.rpc.timeout.min = 1s (custom)
2019-10-15 16:00:44,013 [pool-559-thread-1] INFO  storage.RaftStorageDirectory (RaftStorageDirectory.java:analyzeStorage(246)) - The storage directory /workdir/hadoop-ozone/integration-test/target/test-dir/MiniOzoneClusterImpl-db5d02a6-340f-494d-b00e-bf4b2df0003c/datanode-5/data/ratis/91036be7-ad1c-4b0c-9f77-c4da4798fea9 does not exist. Creating ...
2019-10-15 16:00:44,013 [pool-539-thread-1] INFO  server.RaftServerConfigKeys (ConfUtils.java:logGet(43)) - raft.server.rpc.timeout.max = 1200ms (custom)
2019-10-15 16:00:44,013 [pool-539-thread-1] INFO  server.RaftServerConfigKeys (ConfUtils.java:logGet(43)) - raft.server.rpcslowness.timeout = 120s (custom)
2019-10-15 16:00:44,013 [pool-549-thread-1] INFO  impl.RaftServerImpl (RaftServerImpl.java:<init>(95)) - b35b7e43-25db-42e2-b325-3149b7a1b771: new RaftServerImpl for group-C4DA4798FEA9:[e2095ed4-6e7f-4ca6-8a9b-1989176657a6:192.168.157.236:46726, b35b7e43-25db-42e2-b325-3149b7a1b771:192.168.157.236:34113, 28e55072-d071-4509-bf9d-64087afe3472:192.168.157.236:37314] with ContainerStateMachine:uninitialized
2019-10-15 16:00:44,013 [pool-539-thread-1] INFO  server.RaftServerConfigKeys (ConfUtils.java:logGet(43)) - raft.server.sleep.deviation.threshold = 300 (default)
2019-10-15 16:00:44,014 [pool-549-thread-1] INFO  server.RaftServerConfigKeys (ConfUtils.java:logGet(43)) - raft.server.rpc.timeout.min = 1s (custom)
2019-10-15 16:00:44,014 [pool-539-thread-1] INFO  server.RaftServerConfigKeys (ConfUtils.java:logGet(43)) - raft.server.log.appender.install.snapshot.enabled = false (custom)
2019-10-15 16:00:44,014 [pool-549-thread-1] INFO  server.RaftServerConfigKeys (ConfUtils.java:logGet(43)) - raft.server.rpc.timeout.max = 1200ms (custom)
2019-10-15 16:00:44,014 [pool-539-thread-1] INFO  impl.RaftServerImpl (ServerState.java:<init>(103)) - 28e55072-d071-4509-bf9d-64087afe3472@group-C4DA4798FEA9: ConfigurationManager, init=-1: [e2095ed4-6e7f-4ca6-8a9b-1989176657a6:192.168.157.236:46726, b35b7e43-25db-42e2-b325-3149b7a1b771:192.168.157.236:34113, 28e55072-d071-4509-bf9d-64087afe3472:192.168.157.236:37314], old=null, confs=<EMPTY_MAP>
2019-10-15 16:00:44,014 [pool-549-thread-1] INFO  server.RaftServerConfigKeys (ConfUtils.java:logGet(43)) - raft.server.rpcslowness.timeout = 120s (custom)
2019-10-15 16:00:44,014 [pool-539-thread-1] INFO  server.RaftServerConfigKeys (ConfUtils.java:logGet(43)) - raft.server.storage.dir = [/workdir/hadoop-ozone/integration-test/target/test-dir/MiniOzoneClusterImpl-db5d02a6-340f-494d-b00e-bf4b2df0003c/datanode-3/data/ratis] (custom)
2019-10-15 16:00:44,014 [pool-549-thread-1] INFO  server.RaftServerConfigKeys (ConfUtils.java:logGet(43)) - raft.server.sleep.deviation.threshold = 300 (default)
2019-10-15 16:00:44,015 [pool-539-thread-1] INFO  server.RaftServerConfigKeys (ConfUtils.java:logGet(43)) - raft.server.log.corruption.policy = EXCEPTION (default)
2019-10-15 16:00:44,015 [pool-549-thread-1] INFO  server.RaftServerConfigKeys (ConfUtils.java:logGet(43)) - raft.server.log.appender.install.snapshot.enabled = false (custom)
2019-10-15 16:00:44,015 [IPC Server handler 5 on 32908] INFO  net.NetworkTopology (NetworkTopologyImpl.java:add(111)) - Added a new node: /rack1/654dc4fd-4a53-4d66-800b-5d0101b478e0
2019-10-15 16:00:44,015 [pool-549-thread-1] INFO  impl.RaftServerImpl (ServerState.java:<init>(103)) - b35b7e43-25db-42e2-b325-3149b7a1b771@group-C4DA4798FEA9: ConfigurationManager, init=-1: [e2095ed4-6e7f-4ca6-8a9b-1989176657a6:192.168.157.236:46726, b35b7e43-25db-42e2-b325-3149b7a1b771:192.168.157.236:34113, 28e55072-d071-4509-bf9d-64087afe3472:192.168.157.236:37314], old=null, confs=<EMPTY_MAP>
2019-10-15 16:00:44,015 [pool-539-thread-1] INFO  storage.RaftStorageDirectory (RaftStorageDirectory.java:analyzeStorage(246)) - The storage directory /workdir/hadoop-ozone/integration-test/target/test-dir/MiniOzoneClusterImpl-db5d02a6-340f-494d-b00e-bf4b2df0003c/datanode-3/data/ratis/91036be7-ad1c-4b0c-9f77-c4da4798fea9 does not exist. Creating ...
2019-10-15 16:00:44,015 [pool-549-thread-1] INFO  server.RaftServerConfigKeys (ConfUtils.java:logGet(43)) - raft.server.storage.dir = [/workdir/hadoop-ozone/integration-test/target/test-dir/MiniOzoneClusterImpl-db5d02a6-340f-494d-b00e-bf4b2df0003c/datanode-4/data/ratis] (custom)
2019-10-15 16:00:44,015 [IPC Server handler 5 on 32908] INFO  node.SCMNodeManager (SCMNodeManager.java:register(268)) - Registered Data node : 654dc4fd-4a53-4d66-800b-5d0101b478e0{ip: 192.168.157.236, host: pr-hdds-1228-hxnc5-3896710236, networkLocation: /rack1, certSerialId: null}
2019-10-15 16:00:44,016 [pool-549-thread-1] INFO  server.RaftServerConfigKeys (ConfUtils.java:logGet(43)) - raft.server.log.corruption.policy = EXCEPTION (default)
2019-10-15 16:00:44,016 [pool-549-thread-1] INFO  storage.RaftStorageDirectory (RaftStorageDirectory.java:analyzeStorage(246)) - The storage directory /workdir/hadoop-ozone/integration-test/target/test-dir/MiniOzoneClusterImpl-db5d02a6-340f-494d-b00e-bf4b2df0003c/datanode-4/data/ratis/91036be7-ad1c-4b0c-9f77-c4da4798fea9 does not exist. Creating ...
2019-10-15 16:00:44,030 [pool-559-thread-1] INFO  storage.RaftStorageDirectory (RaftStorageDirectory.java:tryLock(328)) - Lock on /workdir/hadoop-ozone/integration-test/target/test-dir/MiniOzoneClusterImpl-db5d02a6-340f-494d-b00e-bf4b2df0003c/datanode-5/data/ratis/91036be7-ad1c-4b0c-9f77-c4da4798fea9/in_use.lock acquired by nodename 8653@pr-hdds-1228-hxnc5-3896710236
2019-10-15 16:00:44,030 [pool-539-thread-1] INFO  storage.RaftStorageDirectory (RaftStorageDirectory.java:tryLock(328)) - Lock on /workdir/hadoop-ozone/integration-test/target/test-dir/MiniOzoneClusterImpl-db5d02a6-340f-494d-b00e-bf4b2df0003c/datanode-3/data/ratis/91036be7-ad1c-4b0c-9f77-c4da4798fea9/in_use.lock acquired by nodename 8653@pr-hdds-1228-hxnc5-3896710236
2019-10-15 16:00:44,030 [pool-549-thread-1] INFO  storage.RaftStorageDirectory (RaftStorageDirectory.java:tryLock(328)) - Lock on /workdir/hadoop-ozone/integration-test/target/test-dir/MiniOzoneClusterImpl-db5d02a6-340f-494d-b00e-bf4b2df0003c/datanode-4/data/ratis/91036be7-ad1c-4b0c-9f77-c4da4798fea9/in_use.lock acquired by nodename 8653@pr-hdds-1228-hxnc5-3896710236
2019-10-15 16:00:44,044 [pool-559-thread-1] INFO  storage.RaftStorage (RaftStorage.java:format(84)) - Storage directory /workdir/hadoop-ozone/integration-test/target/test-dir/MiniOzoneClusterImpl-db5d02a6-340f-494d-b00e-bf4b2df0003c/datanode-5/data/ratis/91036be7-ad1c-4b0c-9f77-c4da4798fea9 has been successfully formatted.
2019-10-15 16:00:44,044 [pool-539-thread-1] INFO  storage.RaftStorage (RaftStorage.java:format(84)) - Storage directory /workdir/hadoop-ozone/integration-test/target/test-dir/MiniOzoneClusterImpl-db5d02a6-340f-494d-b00e-bf4b2df0003c/datanode-3/data/ratis/91036be7-ad1c-4b0c-9f77-c4da4798fea9 has been successfully formatted.
2019-10-15 16:00:44,044 [pool-549-thread-1] INFO  storage.RaftStorage (RaftStorage.java:format(84)) - Storage directory /workdir/hadoop-ozone/integration-test/target/test-dir/MiniOzoneClusterImpl-db5d02a6-340f-494d-b00e-bf4b2df0003c/datanode-4/data/ratis/91036be7-ad1c-4b0c-9f77-c4da4798fea9 has been successfully formatted.
2019-10-15 16:00:44,045 [pool-539-thread-1] INFO  ratis.ContainerStateMachine (ContainerStateMachine.java:loadSnapshot(231)) - group-C4DA4798FEA9: The snapshot info is null. Setting the last applied indexto:(t:0, i:~)
2019-10-15 16:00:44,045 [pool-559-thread-1] INFO  ratis.ContainerStateMachine (ContainerStateMachine.java:loadSnapshot(231)) - group-C4DA4798FEA9: The snapshot info is null. Setting the last applied indexto:(t:0, i:~)
2019-10-15 16:00:44,045 [pool-549-thread-1] INFO  ratis.ContainerStateMachine (ContainerStateMachine.java:loadSnapshot(231)) - group-C4DA4798FEA9: The snapshot info is null. Setting the last applied indexto:(t:0, i:~)
2019-10-15 16:00:44,045 [pool-539-thread-1] INFO  server.RaftServerConfigKeys (ConfUtils.java:logGet(43)) - raft.server.notification.no-leader.timeout = 120s (custom)
2019-10-15 16:00:44,045 [pool-549-thread-1] INFO  server.RaftServerConfigKeys (ConfUtils.java:logGet(43)) - raft.server.notification.no-leader.timeout = 120s (custom)
2019-10-15 16:00:44,045 [pool-559-thread-1] INFO  server.RaftServerConfigKeys (ConfUtils.java:logGet(43)) - raft.server.notification.no-leader.timeout = 120s (custom)
2019-10-15 16:00:44,045 [pool-549-thread-1] INFO  server.RaftServerConfigKeys (ConfUtils.java:logGet(43)) - raft.server.log.use.memory = false (default)
2019-10-15 16:00:44,045 [pool-539-thread-1] INFO  server.RaftServerConfigKeys (ConfUtils.java:logGet(43)) - raft.server.log.use.memory = false (default)
2019-10-15 16:00:44,046 [pool-549-thread-1] INFO  server.RaftServerConfigKeys (ConfUtils.java:logGet(43)) - raft.server.log.purge.gap = 1000000 (custom)
2019-10-15 16:00:44,045 [pool-559-thread-1] INFO  server.RaftServerConfigKeys (ConfUtils.java:logGet(43)) - raft.server.log.use.memory = false (default)
2019-10-15 16:00:44,046 [pool-549-thread-1] INFO  server.RaftServerConfigKeys (ConfUtils.java:logGet(43)) - raft.server.log.appender.buffer.byte-limit = 33554432 (custom)
2019-10-15 16:00:44,046 [pool-539-thread-1] INFO  server.RaftServerConfigKeys (ConfUtils.java:logGet(43)) - raft.server.log.purge.gap = 1000000 (custom)
2019-10-15 16:00:44,046 [pool-549-thread-1] INFO  server.RaftServerConfigKeys (ConfUtils.java:logGet(43)) - raft.server.log.segment.size.max = 1048576 (custom)
2019-10-15 16:00:44,046 [pool-559-thread-1] INFO  server.RaftServerConfigKeys (ConfUtils.java:logGet(43)) - raft.server.log.purge.gap = 1000000 (custom)
2019-10-15 16:00:44,046 [pool-549-thread-1] INFO  server.RaftServerConfigKeys (ConfUtils.java:logGet(43)) - raft.server.log.segment.cache.num.max = 2 (custom)
2019-10-15 16:00:44,046 [pool-539-thread-1] INFO  server.RaftServerConfigKeys (ConfUtils.java:logGet(43)) - raft.server.log.appender.buffer.byte-limit = 33554432 (custom)
2019-10-15 16:00:44,046 [pool-549-thread-1] INFO  segmented.SegmentedRaftLogWorker (SegmentedRaftLogWorker.java:<init>(173)) - new b35b7e43-25db-42e2-b325-3149b7a1b771@group-C4DA4798FEA9-SegmentedRaftLogWorker for RaftStorage:Storage Directory /workdir/hadoop-ozone/integration-test/target/test-dir/MiniOzoneClusterImpl-db5d02a6-340f-494d-b00e-bf4b2df0003c/datanode-4/data/ratis/91036be7-ad1c-4b0c-9f77-c4da4798fea9
2019-10-15 16:00:44,046 [pool-559-thread-1] INFO  server.RaftServerConfigKeys (ConfUtils.java:logGet(43)) - raft.server.log.appender.buffer.byte-limit = 33554432 (custom)
2019-10-15 16:00:44,047 [pool-549-thread-1] INFO  server.RaftServerConfigKeys (ConfUtils.java:logGet(43)) - raft.server.log.queue.byte-limit = 2147483647 (custom)
2019-10-15 16:00:44,047 [pool-539-thread-1] INFO  server.RaftServerConfigKeys (ConfUtils.java:logGet(43)) - raft.server.log.segment.size.max = 1048576 (custom)
2019-10-15 16:00:44,047 [pool-549-thread-1] INFO  server.RaftServerConfigKeys (ConfUtils.java:logGet(43)) - raft.server.log.queue.element-limit = 1024 (custom)
2019-10-15 16:00:44,047 [pool-559-thread-1] INFO  server.RaftServerConfigKeys (ConfUtils.java:logGet(43)) - raft.server.log.segment.size.max = 1048576 (custom)
2019-10-15 16:00:44,047 [pool-549-thread-1] INFO  server.RaftServerConfigKeys (ConfUtils.java:logGet(43)) - raft.server.log.segment.size.max = 1048576 (custom)
2019-10-15 16:00:44,047 [pool-539-thread-1] INFO  server.RaftServerConfigKeys (ConfUtils.java:logGet(43)) - raft.server.log.segment.cache.num.max = 2 (custom)
2019-10-15 16:00:44,047 [pool-549-thread-1] INFO  server.RaftServerConfigKeys (ConfUtils.java:logGet(43)) - raft.server.log.preallocated.size = 16384 (custom)
2019-10-15 16:00:44,048 [pool-549-thread-1] INFO  server.RaftServerConfigKeys (ConfUtils.java:logGet(43)) - raft.server.log.write.buffer.size = 33554432 (custom)
2019-10-15 16:00:44,047 [pool-559-thread-1] INFO  server.RaftServerConfigKeys (ConfUtils.java:logGet(43)) - raft.server.log.segment.cache.num.max = 2 (custom)
2019-10-15 16:00:44,048 [pool-549-thread-1] INFO  server.RaftServerConfigKeys (ConfUtils.java:logGet(43)) - raft.server.log.force.sync.num = 128 (default)
2019-10-15 16:00:44,048 [pool-539-thread-1] INFO  segmented.SegmentedRaftLogWorker (SegmentedRaftLogWorker.java:<init>(173)) - new 28e55072-d071-4509-bf9d-64087afe3472@group-C4DA4798FEA9-SegmentedRaftLogWorker for RaftStorage:Storage Directory /workdir/hadoop-ozone/integration-test/target/test-dir/MiniOzoneClusterImpl-db5d02a6-340f-494d-b00e-bf4b2df0003c/datanode-3/data/ratis/91036be7-ad1c-4b0c-9f77-c4da4798fea9
2019-10-15 16:00:44,048 [pool-549-thread-1] INFO  server.RaftServerConfigKeys (ConfUtils.java:logGet(43)) - raft.server.log.statemachine.data.sync = true (default)
2019-10-15 16:00:44,048 [pool-559-thread-1] INFO  segmented.SegmentedRaftLogWorker (SegmentedRaftLogWorker.java:<init>(173)) - new e2095ed4-6e7f-4ca6-8a9b-1989176657a6@group-C4DA4798FEA9-SegmentedRaftLogWorker for RaftStorage:Storage Directory /workdir/hadoop-ozone/integration-test/target/test-dir/MiniOzoneClusterImpl-db5d02a6-340f-494d-b00e-bf4b2df0003c/datanode-5/data/ratis/91036be7-ad1c-4b0c-9f77-c4da4798fea9
2019-10-15 16:00:44,048 [pool-549-thread-1] INFO  server.RaftServerConfigKeys (ConfUtils.java:logGet(43)) - raft.server.log.statemachine.data.sync.timeout = 10s (default)
2019-10-15 16:00:44,048 [pool-539-thread-1] INFO  server.RaftServerConfigKeys (ConfUtils.java:logGet(43)) - raft.server.log.queue.byte-limit = 2147483647 (custom)
2019-10-15 16:00:44,049 [pool-549-thread-1] INFO  server.RaftServerConfigKeys (ConfUtils.java:logGet(43)) - raft.server.log.statemachine.data.sync.timeout.retry = -1 (default)
2019-10-15 16:00:44,048 [pool-559-thread-1] INFO  server.RaftServerConfigKeys (ConfUtils.java:logGet(43)) - raft.server.log.queue.byte-limit = 2147483647 (custom)
2019-10-15 16:00:44,049 [pool-549-thread-1] INFO  server.RaftServerConfigKeys (ConfUtils.java:logGet(43)) - raft.server.log.statemachine.data.caching.enabled = true (custom)
2019-10-15 16:00:44,049 [pool-539-thread-1] INFO  server.RaftServerConfigKeys (ConfUtils.java:logGet(43)) - raft.server.log.queue.element-limit = 1024 (custom)
2019-10-15 16:00:44,049 [pool-559-thread-1] INFO  server.RaftServerConfigKeys (ConfUtils.java:logGet(43)) - raft.server.log.queue.element-limit = 1024 (custom)
2019-10-15 16:00:44,049 [pool-549-thread-1] INFO  segmented.SegmentedRaftLogWorker (SegmentedRaftLogWorker.java:lambda$new$0(128)) - b35b7e43-25db-42e2-b325-3149b7a1b771@group-C4DA4798FEA9-SegmentedRaftLogWorker: flushIndex: setUnconditionally 0 -> -1
2019-10-15 16:00:44,049 [pool-539-thread-1] INFO  server.RaftServerConfigKeys (ConfUtils.java:logGet(43)) - raft.server.log.segment.size.max = 1048576 (custom)
2019-10-15 16:00:44,049 [pool-559-thread-1] INFO  server.RaftServerConfigKeys (ConfUtils.java:logGet(43)) - raft.server.log.segment.size.max = 1048576 (custom)
2019-10-15 16:00:44,049 [pool-549-thread-1] INFO  server.RaftServerConfigKeys (ConfUtils.java:logGet(43)) - raft.server.snapshot.auto.trigger.enabled = true (custom)
2019-10-15 16:00:44,049 [pool-539-thread-1] INFO  server.RaftServerConfigKeys (ConfUtils.java:logGet(43)) - raft.server.log.preallocated.size = 16384 (custom)
2019-10-15 16:00:44,050 [pool-549-thread-1] INFO  server.RaftServerConfigKeys (ConfUtils.java:logGet(43)) - raft.server.snapshot.auto.trigger.threshold = 10000 (custom)
2019-10-15 16:00:44,050 [pool-559-thread-1] INFO  server.RaftServerConfigKeys (ConfUtils.java:logGet(43)) - raft.server.log.preallocated.size = 16384 (custom)
2019-10-15 16:00:44,050 [pool-549-thread-1] INFO  server.RaftServerConfigKeys (ConfUtils.java:logGet(43)) - raft.server.snapshot.retention.file.num = 5 (custom)
2019-10-15 16:00:44,050 [pool-539-thread-1] INFO  server.RaftServerConfigKeys (ConfUtils.java:logGet(43)) - raft.server.log.write.buffer.size = 33554432 (custom)
2019-10-15 16:00:44,050 [pool-549-thread-1] INFO  server.RaftServerConfigKeys (ConfUtils.java:logGet(43)) - raft.server.retrycache.expirytime = 600000ms (custom)
2019-10-15 16:00:44,050 [pool-559-thread-1] INFO  server.RaftServerConfigKeys (ConfUtils.java:logGet(43)) - raft.server.log.write.buffer.size = 33554432 (custom)
2019-10-15 16:00:44,050 [pool-539-thread-1] INFO  server.RaftServerConfigKeys (ConfUtils.java:logGet(43)) - raft.server.log.force.sync.num = 128 (default)
2019-10-15 16:00:44,050 [pool-559-thread-1] INFO  server.RaftServerConfigKeys (ConfUtils.java:logGet(43)) - raft.server.log.force.sync.num = 128 (default)
2019-10-15 16:00:44,051 [pool-539-thread-1] INFO  server.RaftServerConfigKeys (ConfUtils.java:logGet(43)) - raft.server.log.statemachine.data.sync = true (default)
2019-10-15 16:00:44,051 [pool-559-thread-1] INFO  server.RaftServerConfigKeys (ConfUtils.java:logGet(43)) - raft.server.log.statemachine.data.sync = true (default)
2019-10-15 16:00:44,051 [pool-539-thread-1] INFO  server.RaftServerConfigKeys (ConfUtils.java:logGet(43)) - raft.server.log.statemachine.data.sync.timeout = 10s (default)
2019-10-15 16:00:44,051 [pool-559-thread-1] INFO  server.RaftServerConfigKeys (ConfUtils.java:logGet(43)) - raft.server.log.statemachine.data.sync.timeout = 10s (default)
2019-10-15 16:00:44,051 [pool-539-thread-1] INFO  server.RaftServerConfigKeys (ConfUtils.java:logGet(43)) - raft.server.log.statemachine.data.sync.timeout.retry = -1 (default)
2019-10-15 16:00:44,051 [pool-559-thread-1] INFO  server.RaftServerConfigKeys (ConfUtils.java:logGet(43)) - raft.server.log.statemachine.data.sync.timeout.retry = -1 (default)
2019-10-15 16:00:44,051 [pool-539-thread-1] INFO  server.RaftServerConfigKeys (ConfUtils.java:logGet(43)) - raft.server.log.statemachine.data.caching.enabled = true (custom)
2019-10-15 16:00:44,051 [pool-559-thread-1] INFO  server.RaftServerConfigKeys (ConfUtils.java:logGet(43)) - raft.server.log.statemachine.data.caching.enabled = true (custom)
2019-10-15 16:00:44,052 [pool-539-thread-1] INFO  segmented.SegmentedRaftLogWorker (SegmentedRaftLogWorker.java:lambda$new$0(128)) - 28e55072-d071-4509-bf9d-64087afe3472@group-C4DA4798FEA9-SegmentedRaftLogWorker: flushIndex: setUnconditionally 0 -> -1
2019-10-15 16:00:44,052 [pool-559-thread-1] INFO  segmented.SegmentedRaftLogWorker (SegmentedRaftLogWorker.java:lambda$new$0(128)) - e2095ed4-6e7f-4ca6-8a9b-1989176657a6@group-C4DA4798FEA9-SegmentedRaftLogWorker: flushIndex: setUnconditionally 0 -> -1
2019-10-15 16:00:44,052 [pool-539-thread-1] INFO  server.RaftServerConfigKeys (ConfUtils.java:logGet(43)) - raft.server.snapshot.auto.trigger.enabled = true (custom)
2019-10-15 16:00:44,052 [pool-539-thread-1] INFO  server.RaftServerConfigKeys (ConfUtils.java:logGet(43)) - raft.server.snapshot.auto.trigger.threshold = 10000 (custom)
2019-10-15 16:00:44,052 [pool-559-thread-1] INFO  server.RaftServerConfigKeys (ConfUtils.java:logGet(43)) - raft.server.snapshot.auto.trigger.enabled = true (custom)
2019-10-15 16:00:44,052 [pool-549-thread-1] INFO  impl.RaftServerImpl (RaftServerImpl.java:start(181)) - b35b7e43-25db-42e2-b325-3149b7a1b771@group-C4DA4798FEA9: start as a follower, conf=-1: [e2095ed4-6e7f-4ca6-8a9b-1989176657a6:192.168.157.236:46726, b35b7e43-25db-42e2-b325-3149b7a1b771:192.168.157.236:34113, 28e55072-d071-4509-bf9d-64087afe3472:192.168.157.236:37314], old=null
2019-10-15 16:00:44,052 [pool-539-thread-1] INFO  server.RaftServerConfigKeys (ConfUtils.java:logGet(43)) - raft.server.snapshot.retention.file.num = 5 (custom)
2019-10-15 16:00:44,052 [pool-549-thread-1] INFO  impl.RaftServerImpl (RaftServerImpl.java:setRole(170)) - b35b7e43-25db-42e2-b325-3149b7a1b771@group-C4DA4798FEA9: changes role from      null to FOLLOWER at term 0 for startAsFollower
2019-10-15 16:00:44,052 [pool-559-thread-1] INFO  server.RaftServerConfigKeys (ConfUtils.java:logGet(43)) - raft.server.snapshot.auto.trigger.threshold = 10000 (custom)
2019-10-15 16:00:44,053 [pool-549-thread-1] INFO  impl.RoleInfo (RoleInfo.java:updateAndGet(143)) - b35b7e43-25db-42e2-b325-3149b7a1b771: start FollowerState
2019-10-15 16:00:44,052 [pool-539-thread-1] INFO  server.RaftServerConfigKeys (ConfUtils.java:logGet(43)) - raft.server.retrycache.expirytime = 600000ms (custom)
2019-10-15 16:00:44,053 [pool-559-thread-1] INFO  server.RaftServerConfigKeys (ConfUtils.java:logGet(43)) - raft.server.snapshot.retention.file.num = 5 (custom)
2019-10-15 16:00:44,053 [pool-559-thread-1] INFO  server.RaftServerConfigKeys (ConfUtils.java:logGet(43)) - raft.server.retrycache.expirytime = 600000ms (custom)
2019-10-15 16:00:44,053 [pool-549-thread-1] INFO  util.JmxRegister (JmxRegister.java:tryRegister(44)) - Successfully registered JMX Bean with object name Ratis:service=RaftServer,group=group-C4DA4798FEA9,id=b35b7e43-25db-42e2-b325-3149b7a1b771
2019-10-15 16:00:44,056 [pool-539-thread-1] INFO  impl.RaftServerImpl (RaftServerImpl.java:start(181)) - 28e55072-d071-4509-bf9d-64087afe3472@group-C4DA4798FEA9: start as a follower, conf=-1: [e2095ed4-6e7f-4ca6-8a9b-1989176657a6:192.168.157.236:46726, b35b7e43-25db-42e2-b325-3149b7a1b771:192.168.157.236:34113, 28e55072-d071-4509-bf9d-64087afe3472:192.168.157.236:37314], old=null
2019-10-15 16:00:44,056 [pool-539-thread-1] INFO  impl.RaftServerImpl (RaftServerImpl.java:setRole(170)) - 28e55072-d071-4509-bf9d-64087afe3472@group-C4DA4798FEA9: changes role from      null to FOLLOWER at term 0 for startAsFollower
2019-10-15 16:00:44,056 [pool-539-thread-1] INFO  impl.RoleInfo (RoleInfo.java:updateAndGet(143)) - 28e55072-d071-4509-bf9d-64087afe3472: start FollowerState
2019-10-15 16:00:44,056 [pool-559-thread-1] INFO  impl.RaftServerImpl (RaftServerImpl.java:start(181)) - e2095ed4-6e7f-4ca6-8a9b-1989176657a6@group-C4DA4798FEA9: start as a follower, conf=-1: [e2095ed4-6e7f-4ca6-8a9b-1989176657a6:192.168.157.236:46726, b35b7e43-25db-42e2-b325-3149b7a1b771:192.168.157.236:34113, 28e55072-d071-4509-bf9d-64087afe3472:192.168.157.236:37314], old=null
2019-10-15 16:00:44,056 [pool-559-thread-1] INFO  impl.RaftServerImpl (RaftServerImpl.java:setRole(170)) - e2095ed4-6e7f-4ca6-8a9b-1989176657a6@group-C4DA4798FEA9: changes role from      null to FOLLOWER at term 0 for startAsFollower
2019-10-15 16:00:44,057 [pool-539-thread-1] INFO  util.JmxRegister (JmxRegister.java:tryRegister(44)) - Successfully registered JMX Bean with object name Ratis:service=RaftServer,group=group-C4DA4798FEA9,id=28e55072-d071-4509-bf9d-64087afe3472
2019-10-15 16:00:44,057 [pool-559-thread-1] INFO  impl.RoleInfo (RoleInfo.java:updateAndGet(143)) - e2095ed4-6e7f-4ca6-8a9b-1989176657a6: start FollowerState
2019-10-15 16:00:44,057 [pool-559-thread-1] INFO  util.JmxRegister (JmxRegister.java:tryRegister(44)) - Successfully registered JMX Bean with object name Ratis:service=RaftServer,group=group-C4DA4798FEA9,id=e2095ed4-6e7f-4ca6-8a9b-1989176657a6
2019-10-15 16:00:44,061 [RatisPipelineUtilsThread] INFO  pipeline.PipelineStateManager (PipelineStateManager.java:addPipeline(56)) - Created pipeline Pipeline[ Id: 91036be7-ad1c-4b0c-9f77-c4da4798fea9, Nodes: 28e55072-d071-4509-bf9d-64087afe3472{ip: 192.168.157.236, host: pr-hdds-1228-hxnc5-3896710236, networkLocation: /rack1, certSerialId: null}e2095ed4-6e7f-4ca6-8a9b-1989176657a6{ip: 192.168.157.236, host: pr-hdds-1228-hxnc5-3896710236, networkLocation: /rack1, certSerialId: null}b35b7e43-25db-42e2-b325-3149b7a1b771{ip: 192.168.157.236, host: pr-hdds-1228-hxnc5-3896710236, networkLocation: /rack1, certSerialId: null}, Type:RATIS, Factor:THREE, State:OPEN]
2019-10-15 16:00:44,085 [IPC Server handler 7 on 32908] INFO  net.NetworkTopology (NetworkTopologyImpl.java:add(111)) - Added a new node: /rack1/a01d9800-12e3-4ec3-b51e-50c1eb51d5a4
2019-10-15 16:00:44,085 [IPC Server handler 7 on 32908] INFO  node.SCMNodeManager (SCMNodeManager.java:register(268)) - Registered Data node : a01d9800-12e3-4ec3-b51e-50c1eb51d5a4{ip: 192.168.157.236, host: pr-hdds-1228-hxnc5-3896710236, networkLocation: /rack1, certSerialId: null}
2019-10-15 16:00:44,091 [grpc-default-executor-2] INFO  impl.RaftServerProxy (RaftServerProxy.java:addNew(89)) - a01d9800-12e3-4ec3-b51e-50c1eb51d5a4: addNew group-E64C7D479757:[a01d9800-12e3-4ec3-b51e-50c1eb51d5a4:192.168.157.236:38839] returns group-E64C7D479757:java.util.concurrent.CompletableFuture@1b2c5907[Not completed]
2019-10-15 16:00:44,093 [pool-579-thread-1] INFO  impl.RaftServerImpl (RaftServerImpl.java:<init>(95)) - a01d9800-12e3-4ec3-b51e-50c1eb51d5a4: new RaftServerImpl for group-E64C7D479757:[a01d9800-12e3-4ec3-b51e-50c1eb51d5a4:192.168.157.236:38839] with ContainerStateMachine:uninitialized
2019-10-15 16:00:44,093 [pool-579-thread-1] INFO  server.RaftServerConfigKeys (ConfUtils.java:logGet(43)) - raft.server.rpc.timeout.min = 1s (custom)
2019-10-15 16:00:44,093 [pool-579-thread-1] INFO  server.RaftServerConfigKeys (ConfUtils.java:logGet(43)) - raft.server.rpc.timeout.max = 1200ms (custom)
2019-10-15 16:00:44,093 [pool-579-thread-1] INFO  server.RaftServerConfigKeys (ConfUtils.java:logGet(43)) - raft.server.rpcslowness.timeout = 120s (custom)
2019-10-15 16:00:44,093 [pool-579-thread-1] INFO  server.RaftServerConfigKeys (ConfUtils.java:logGet(43)) - raft.server.sleep.deviation.threshold = 300 (default)
2019-10-15 16:00:44,093 [pool-579-thread-1] INFO  server.RaftServerConfigKeys (ConfUtils.java:logGet(43)) - raft.server.log.appender.install.snapshot.enabled = false (custom)
2019-10-15 16:00:44,093 [pool-579-thread-1] INFO  impl.RaftServerImpl (ServerState.java:<init>(103)) - a01d9800-12e3-4ec3-b51e-50c1eb51d5a4@group-E64C7D479757: ConfigurationManager, init=-1: [a01d9800-12e3-4ec3-b51e-50c1eb51d5a4:192.168.157.236:38839], old=null, confs=<EMPTY_MAP>
2019-10-15 16:00:44,093 [pool-579-thread-1] INFO  server.RaftServerConfigKeys (ConfUtils.java:logGet(43)) - raft.server.storage.dir = [/workdir/hadoop-ozone/integration-test/target/test-dir/MiniOzoneClusterImpl-db5d02a6-340f-494d-b00e-bf4b2df0003c/datanode-7/data/ratis] (custom)
2019-10-15 16:00:44,094 [pool-579-thread-1] INFO  server.RaftServerConfigKeys (ConfUtils.java:logGet(43)) - raft.server.log.corruption.policy = EXCEPTION (default)
2019-10-15 16:00:44,094 [pool-579-thread-1] INFO  storage.RaftStorageDirectory (RaftStorageDirectory.java:analyzeStorage(246)) - The storage directory /workdir/hadoop-ozone/integration-test/target/test-dir/MiniOzoneClusterImpl-db5d02a6-340f-494d-b00e-bf4b2df0003c/datanode-7/data/ratis/ccccd0e3-9ead-424b-beae-e64c7d479757 does not exist. Creating ...
2019-10-15 16:00:44,107 [pool-579-thread-1] INFO  storage.RaftStorageDirectory (RaftStorageDirectory.java:tryLock(328)) - Lock on /workdir/hadoop-ozone/integration-test/target/test-dir/MiniOzoneClusterImpl-db5d02a6-340f-494d-b00e-bf4b2df0003c/datanode-7/data/ratis/ccccd0e3-9ead-424b-beae-e64c7d479757/in_use.lock acquired by nodename 8653@pr-hdds-1228-hxnc5-3896710236
2019-10-15 16:00:44,121 [pool-579-thread-1] INFO  storage.RaftStorage (RaftStorage.java:format(84)) - Storage directory /workdir/hadoop-ozone/integration-test/target/test-dir/MiniOzoneClusterImpl-db5d02a6-340f-494d-b00e-bf4b2df0003c/datanode-7/data/ratis/ccccd0e3-9ead-424b-beae-e64c7d479757 has been successfully formatted.
2019-10-15 16:00:44,121 [pool-579-thread-1] INFO  ratis.ContainerStateMachine (ContainerStateMachine.java:loadSnapshot(231)) - group-E64C7D479757: The snapshot info is null. Setting the last applied indexto:(t:0, i:~)
2019-10-15 16:00:44,121 [pool-579-thread-1] INFO  server.RaftServerConfigKeys (ConfUtils.java:logGet(43)) - raft.server.notification.no-leader.timeout = 120s (custom)
2019-10-15 16:00:44,121 [pool-579-thread-1] INFO  server.RaftServerConfigKeys (ConfUtils.java:logGet(43)) - raft.server.log.use.memory = false (default)
2019-10-15 16:00:44,121 [pool-579-thread-1] INFO  server.RaftServerConfigKeys (ConfUtils.java:logGet(43)) - raft.server.log.purge.gap = 1000000 (custom)
2019-10-15 16:00:44,121 [pool-579-thread-1] INFO  server.RaftServerConfigKeys (ConfUtils.java:logGet(43)) - raft.server.log.appender.buffer.byte-limit = 33554432 (custom)
2019-10-15 16:00:44,122 [pool-579-thread-1] INFO  server.RaftServerConfigKeys (ConfUtils.java:logGet(43)) - raft.server.log.segment.size.max = 1048576 (custom)
2019-10-15 16:00:44,123 [pool-579-thread-1] INFO  server.RaftServerConfigKeys (ConfUtils.java:logGet(43)) - raft.server.log.segment.cache.num.max = 2 (custom)
2019-10-15 16:00:44,123 [pool-579-thread-1] INFO  segmented.SegmentedRaftLogWorker (SegmentedRaftLogWorker.java:<init>(173)) - new a01d9800-12e3-4ec3-b51e-50c1eb51d5a4@group-E64C7D479757-SegmentedRaftLogWorker for RaftStorage:Storage Directory /workdir/hadoop-ozone/integration-test/target/test-dir/MiniOzoneClusterImpl-db5d02a6-340f-494d-b00e-bf4b2df0003c/datanode-7/data/ratis/ccccd0e3-9ead-424b-beae-e64c7d479757
2019-10-15 16:00:44,124 [pool-579-thread-1] INFO  server.RaftServerConfigKeys (ConfUtils.java:logGet(43)) - raft.server.log.queue.byte-limit = 2147483647 (custom)
2019-10-15 16:00:44,124 [pool-579-thread-1] INFO  server.RaftServerConfigKeys (ConfUtils.java:logGet(43)) - raft.server.log.queue.element-limit = 1024 (custom)
2019-10-15 16:00:44,124 [pool-579-thread-1] INFO  server.RaftServerConfigKeys (ConfUtils.java:logGet(43)) - raft.server.log.segment.size.max = 1048576 (custom)
2019-10-15 16:00:44,124 [pool-579-thread-1] INFO  server.RaftServerConfigKeys (ConfUtils.java:logGet(43)) - raft.server.log.preallocated.size = 16384 (custom)
2019-10-15 16:00:44,124 [pool-579-thread-1] INFO  server.RaftServerConfigKeys (ConfUtils.java:logGet(43)) - raft.server.log.write.buffer.size = 33554432 (custom)
2019-10-15 16:00:44,124 [pool-579-thread-1] INFO  server.RaftServerConfigKeys (ConfUtils.java:logGet(43)) - raft.server.log.force.sync.num = 128 (default)
2019-10-15 16:00:44,124 [pool-579-thread-1] INFO  server.RaftServerConfigKeys (ConfUtils.java:logGet(43)) - raft.server.log.statemachine.data.sync = true (default)
2019-10-15 16:00:44,124 [pool-579-thread-1] INFO  server.RaftServerConfigKeys (ConfUtils.java:logGet(43)) - raft.server.log.statemachine.data.sync.timeout = 10s (default)
2019-10-15 16:00:44,125 [pool-579-thread-1] INFO  server.RaftServerConfigKeys (ConfUtils.java:logGet(43)) - raft.server.log.statemachine.data.sync.timeout.retry = -1 (default)
2019-10-15 16:00:44,125 [pool-579-thread-1] INFO  server.RaftServerConfigKeys (ConfUtils.java:logGet(43)) - raft.server.log.statemachine.data.caching.enabled = true (custom)
2019-10-15 16:00:44,125 [pool-579-thread-1] INFO  segmented.SegmentedRaftLogWorker (SegmentedRaftLogWorker.java:lambda$new$0(128)) - a01d9800-12e3-4ec3-b51e-50c1eb51d5a4@group-E64C7D479757-SegmentedRaftLogWorker: flushIndex: setUnconditionally 0 -> -1
2019-10-15 16:00:44,126 [pool-579-thread-1] INFO  server.RaftServerConfigKeys (ConfUtils.java:logGet(43)) - raft.server.snapshot.auto.trigger.enabled = true (custom)
2019-10-15 16:00:44,126 [pool-579-thread-1] INFO  server.RaftServerConfigKeys (ConfUtils.java:logGet(43)) - raft.server.snapshot.auto.trigger.threshold = 10000 (custom)
2019-10-15 16:00:44,126 [pool-579-thread-1] INFO  server.RaftServerConfigKeys (ConfUtils.java:logGet(43)) - raft.server.snapshot.retention.file.num = 5 (custom)
2019-10-15 16:00:44,126 [pool-579-thread-1] INFO  server.RaftServerConfigKeys (ConfUtils.java:logGet(43)) - raft.server.retrycache.expirytime = 600000ms (custom)
2019-10-15 16:00:44,128 [pool-579-thread-1] INFO  impl.RaftServerImpl (RaftServerImpl.java:start(181)) - a01d9800-12e3-4ec3-b51e-50c1eb51d5a4@group-E64C7D479757: start as a follower, conf=-1: [a01d9800-12e3-4ec3-b51e-50c1eb51d5a4:192.168.157.236:38839], old=null
2019-10-15 16:00:44,128 [pool-579-thread-1] INFO  impl.RaftServerImpl (RaftServerImpl.java:setRole(170)) - a01d9800-12e3-4ec3-b51e-50c1eb51d5a4@group-E64C7D479757: changes role from      null to FOLLOWER at term 0 for startAsFollower
2019-10-15 16:00:44,128 [pool-579-thread-1] INFO  impl.RoleInfo (RoleInfo.java:updateAndGet(143)) - a01d9800-12e3-4ec3-b51e-50c1eb51d5a4: start FollowerState
2019-10-15 16:00:44,128 [pool-579-thread-1] INFO  util.JmxRegister (JmxRegister.java:tryRegister(44)) - Successfully registered JMX Bean with object name Ratis:service=RaftServer,group=group-E64C7D479757,id=a01d9800-12e3-4ec3-b51e-50c1eb51d5a4
2019-10-15 16:00:44,131 [RatisPipelineUtilsThread] INFO  pipeline.PipelineStateManager (PipelineStateManager.java:addPipeline(56)) - Created pipeline Pipeline[ Id: ccccd0e3-9ead-424b-beae-e64c7d479757, Nodes: a01d9800-12e3-4ec3-b51e-50c1eb51d5a4{ip: 192.168.157.236, host: pr-hdds-1228-hxnc5-3896710236, networkLocation: /rack1, certSerialId: null}, Type:RATIS, Factor:ONE, State:OPEN]
2019-10-15 16:00:44,137 [grpc-default-executor-2] INFO  impl.RaftServerProxy (RaftServerProxy.java:addNew(89)) - 654dc4fd-4a53-4d66-800b-5d0101b478e0: addNew group-E63F20F63008:[654dc4fd-4a53-4d66-800b-5d0101b478e0:192.168.157.236:38504] returns group-E63F20F63008:java.util.concurrent.CompletableFuture@3ecbd734[Not completed]
2019-10-15 16:00:44,138 [pool-569-thread-1] INFO  impl.RaftServerImpl (RaftServerImpl.java:<init>(95)) - 654dc4fd-4a53-4d66-800b-5d0101b478e0: new RaftServerImpl for group-E63F20F63008:[654dc4fd-4a53-4d66-800b-5d0101b478e0:192.168.157.236:38504] with ContainerStateMachine:uninitialized
2019-10-15 16:00:44,138 [pool-569-thread-1] INFO  server.RaftServerConfigKeys (ConfUtils.java:logGet(43)) - raft.server.rpc.timeout.min = 1s (custom)
2019-10-15 16:00:44,138 [pool-569-thread-1] INFO  server.RaftServerConfigKeys (ConfUtils.java:logGet(43)) - raft.server.rpc.timeout.max = 1200ms (custom)
2019-10-15 16:00:44,138 [pool-569-thread-1] INFO  server.RaftServerConfigKeys (ConfUtils.java:logGet(43)) - raft.server.rpcslowness.timeout = 120s (custom)
2019-10-15 16:00:44,139 [pool-569-thread-1] INFO  server.RaftServerConfigKeys (ConfUtils.java:logGet(43)) - raft.server.sleep.deviation.threshold = 300 (default)
2019-10-15 16:00:44,139 [pool-569-thread-1] INFO  server.RaftServerConfigKeys (ConfUtils.java:logGet(43)) - raft.server.log.appender.install.snapshot.enabled = false (custom)
2019-10-15 16:00:44,139 [pool-569-thread-1] INFO  impl.RaftServerImpl (ServerState.java:<init>(103)) - 654dc4fd-4a53-4d66-800b-5d0101b478e0@group-E63F20F63008: ConfigurationManager, init=-1: [654dc4fd-4a53-4d66-800b-5d0101b478e0:192.168.157.236:38504], old=null, confs=<EMPTY_MAP>
2019-10-15 16:00:44,139 [pool-569-thread-1] INFO  server.RaftServerConfigKeys (ConfUtils.java:logGet(43)) - raft.server.storage.dir = [/workdir/hadoop-ozone/integration-test/target/test-dir/MiniOzoneClusterImpl-db5d02a6-340f-494d-b00e-bf4b2df0003c/datanode-6/data/ratis] (custom)
2019-10-15 16:00:44,139 [pool-569-thread-1] INFO  server.RaftServerConfigKeys (ConfUtils.java:logGet(43)) - raft.server.log.corruption.policy = EXCEPTION (default)
2019-10-15 16:00:44,139 [pool-569-thread-1] INFO  storage.RaftStorageDirectory (RaftStorageDirectory.java:analyzeStorage(246)) - The storage directory /workdir/hadoop-ozone/integration-test/target/test-dir/MiniOzoneClusterImpl-db5d02a6-340f-494d-b00e-bf4b2df0003c/datanode-6/data/ratis/6bf9ffa3-da07-467d-9e24-e63f20f63008 does not exist. Creating ...
2019-10-15 16:00:44,146 [pool-569-thread-1] INFO  storage.RaftStorageDirectory (RaftStorageDirectory.java:tryLock(328)) - Lock on /workdir/hadoop-ozone/integration-test/target/test-dir/MiniOzoneClusterImpl-db5d02a6-340f-494d-b00e-bf4b2df0003c/datanode-6/data/ratis/6bf9ffa3-da07-467d-9e24-e63f20f63008/in_use.lock acquired by nodename 8653@pr-hdds-1228-hxnc5-3896710236
2019-10-15 16:00:44,151 [IPC Server handler 6 on 32908] INFO  net.NetworkTopology (NetworkTopologyImpl.java:add(111)) - Added a new node: /rack1/68ed38f4-9c13-4e57-963b-0ddf8b5864a6
2019-10-15 16:00:44,151 [IPC Server handler 6 on 32908] INFO  node.SCMNodeManager (SCMNodeManager.java:register(268)) - Registered Data node : 68ed38f4-9c13-4e57-963b-0ddf8b5864a6{ip: 192.168.157.236, host: pr-hdds-1228-hxnc5-3896710236, networkLocation: /rack1, certSerialId: null}
2019-10-15 16:00:44,159 [pool-569-thread-1] INFO  storage.RaftStorage (RaftStorage.java:format(84)) - Storage directory /workdir/hadoop-ozone/integration-test/target/test-dir/MiniOzoneClusterImpl-db5d02a6-340f-494d-b00e-bf4b2df0003c/datanode-6/data/ratis/6bf9ffa3-da07-467d-9e24-e63f20f63008 has been successfully formatted.
2019-10-15 16:00:44,159 [pool-569-thread-1] INFO  ratis.ContainerStateMachine (ContainerStateMachine.java:loadSnapshot(231)) - group-E63F20F63008: The snapshot info is null. Setting the last applied indexto:(t:0, i:~)
2019-10-15 16:00:44,159 [pool-569-thread-1] INFO  server.RaftServerConfigKeys (ConfUtils.java:logGet(43)) - raft.server.notification.no-leader.timeout = 120s (custom)
2019-10-15 16:00:44,159 [pool-569-thread-1] INFO  server.RaftServerConfigKeys (ConfUtils.java:logGet(43)) - raft.server.log.use.memory = false (default)
2019-10-15 16:00:44,159 [pool-569-thread-1] INFO  server.RaftServerConfigKeys (ConfUtils.java:logGet(43)) - raft.server.log.purge.gap = 1000000 (custom)
2019-10-15 16:00:44,160 [pool-569-thread-1] INFO  server.RaftServerConfigKeys (ConfUtils.java:logGet(43)) - raft.server.log.appender.buffer.byte-limit = 33554432 (custom)
2019-10-15 16:00:44,160 [pool-569-thread-1] INFO  server.RaftServerConfigKeys (ConfUtils.java:logGet(43)) - raft.server.log.segment.size.max = 1048576 (custom)
2019-10-15 16:00:44,161 [pool-569-thread-1] INFO  server.RaftServerConfigKeys (ConfUtils.java:logGet(43)) - raft.server.log.segment.cache.num.max = 2 (custom)
2019-10-15 16:00:44,161 [pool-569-thread-1] INFO  segmented.SegmentedRaftLogWorker (SegmentedRaftLogWorker.java:<init>(173)) - new 654dc4fd-4a53-4d66-800b-5d0101b478e0@group-E63F20F63008-SegmentedRaftLogWorker for RaftStorage:Storage Directory /workdir/hadoop-ozone/integration-test/target/test-dir/MiniOzoneClusterImpl-db5d02a6-340f-494d-b00e-bf4b2df0003c/datanode-6/data/ratis/6bf9ffa3-da07-467d-9e24-e63f20f63008
2019-10-15 16:00:44,161 [pool-569-thread-1] INFO  server.RaftServerConfigKeys (ConfUtils.java:logGet(43)) - raft.server.log.queue.byte-limit = 2147483647 (custom)
2019-10-15 16:00:44,161 [pool-569-thread-1] INFO  server.RaftServerConfigKeys (ConfUtils.java:logGet(43)) - raft.server.log.queue.element-limit = 1024 (custom)
2019-10-15 16:00:44,161 [pool-569-thread-1] INFO  server.RaftServerConfigKeys (ConfUtils.java:logGet(43)) - raft.server.log.segment.size.max = 1048576 (custom)
2019-10-15 16:00:44,161 [pool-569-thread-1] INFO  server.RaftServerConfigKeys (ConfUtils.java:logGet(43)) - raft.server.log.preallocated.size = 16384 (custom)
2019-10-15 16:00:44,161 [pool-569-thread-1] INFO  server.RaftServerConfigKeys (ConfUtils.java:logGet(43)) - raft.server.log.write.buffer.size = 33554432 (custom)
2019-10-15 16:00:44,161 [pool-569-thread-1] INFO  server.RaftServerConfigKeys (ConfUtils.java:logGet(43)) - raft.server.log.force.sync.num = 128 (default)
2019-10-15 16:00:44,161 [pool-569-thread-1] INFO  server.RaftServerConfigKeys (ConfUtils.java:logGet(43)) - raft.server.log.statemachine.data.sync = true (default)
2019-10-15 16:00:44,161 [pool-569-thread-1] INFO  server.RaftServerConfigKeys (ConfUtils.java:logGet(43)) - raft.server.log.statemachine.data.sync.timeout = 10s (default)
2019-10-15 16:00:44,161 [pool-569-thread-1] INFO  server.RaftServerConfigKeys (ConfUtils.java:logGet(43)) - raft.server.log.statemachine.data.sync.timeout.retry = -1 (default)
2019-10-15 16:00:44,162 [pool-569-thread-1] INFO  server.RaftServerConfigKeys (ConfUtils.java:logGet(43)) - raft.server.log.statemachine.data.caching.enabled = true (custom)
2019-10-15 16:00:44,162 [pool-569-thread-1] INFO  segmented.SegmentedRaftLogWorker (SegmentedRaftLogWorker.java:lambda$new$0(128)) - 654dc4fd-4a53-4d66-800b-5d0101b478e0@group-E63F20F63008-SegmentedRaftLogWorker: flushIndex: setUnconditionally 0 -> -1
2019-10-15 16:00:44,162 [pool-569-thread-1] INFO  server.RaftServerConfigKeys (ConfUtils.java:logGet(43)) - raft.server.snapshot.auto.trigger.enabled = true (custom)
2019-10-15 16:00:44,162 [pool-569-thread-1] INFO  server.RaftServerConfigKeys (ConfUtils.java:logGet(43)) - raft.server.snapshot.auto.trigger.threshold = 10000 (custom)
2019-10-15 16:00:44,162 [pool-569-thread-1] INFO  server.RaftServerConfigKeys (ConfUtils.java:logGet(43)) - raft.server.snapshot.retention.file.num = 5 (custom)
2019-10-15 16:00:44,162 [pool-569-thread-1] INFO  server.RaftServerConfigKeys (ConfUtils.java:logGet(43)) - raft.server.retrycache.expirytime = 600000ms (custom)
2019-10-15 16:00:44,163 [pool-569-thread-1] INFO  impl.RaftServerImpl (RaftServerImpl.java:start(181)) - 654dc4fd-4a53-4d66-800b-5d0101b478e0@group-E63F20F63008: start as a follower, conf=-1: [654dc4fd-4a53-4d66-800b-5d0101b478e0:192.168.157.236:38504], old=null
2019-10-15 16:00:44,163 [pool-569-thread-1] INFO  impl.RaftServerImpl (RaftServerImpl.java:setRole(170)) - 654dc4fd-4a53-4d66-800b-5d0101b478e0@group-E63F20F63008: changes role from      null to FOLLOWER at term 0 for startAsFollower
2019-10-15 16:00:44,163 [pool-569-thread-1] INFO  impl.RoleInfo (RoleInfo.java:updateAndGet(143)) - 654dc4fd-4a53-4d66-800b-5d0101b478e0: start FollowerState
2019-10-15 16:00:44,164 [pool-569-thread-1] INFO  util.JmxRegister (JmxRegister.java:tryRegister(44)) - Successfully registered JMX Bean with object name Ratis:service=RaftServer,group=group-E63F20F63008,id=654dc4fd-4a53-4d66-800b-5d0101b478e0
2019-10-15 16:00:44,166 [RatisPipelineUtilsThread] INFO  pipeline.PipelineStateManager (PipelineStateManager.java:addPipeline(56)) - Created pipeline Pipeline[ Id: 6bf9ffa3-da07-467d-9e24-e63f20f63008, Nodes: 654dc4fd-4a53-4d66-800b-5d0101b478e0{ip: 192.168.157.236, host: pr-hdds-1228-hxnc5-3896710236, networkLocation: /rack1, certSerialId: null}, Type:RATIS, Factor:ONE, State:OPEN]
2019-10-15 16:00:44,176 [grpc-default-executor-2] INFO  impl.RaftServerProxy (RaftServerProxy.java:addNew(89)) - 68ed38f4-9c13-4e57-963b-0ddf8b5864a6: addNew group-E435B33291A2:[68ed38f4-9c13-4e57-963b-0ddf8b5864a6:192.168.157.236:41318] returns group-E435B33291A2:java.util.concurrent.CompletableFuture@76f96ec6[Not completed]
2019-10-15 16:00:44,177 [pool-589-thread-1] INFO  impl.RaftServerImpl (RaftServerImpl.java:<init>(95)) - 68ed38f4-9c13-4e57-963b-0ddf8b5864a6: new RaftServerImpl for group-E435B33291A2:[68ed38f4-9c13-4e57-963b-0ddf8b5864a6:192.168.157.236:41318] with ContainerStateMachine:uninitialized
2019-10-15 16:00:44,177 [pool-589-thread-1] INFO  server.RaftServerConfigKeys (ConfUtils.java:logGet(43)) - raft.server.rpc.timeout.min = 1s (custom)
2019-10-15 16:00:44,177 [pool-589-thread-1] INFO  server.RaftServerConfigKeys (ConfUtils.java:logGet(43)) - raft.server.rpc.timeout.max = 1200ms (custom)
2019-10-15 16:00:44,177 [pool-589-thread-1] INFO  server.RaftServerConfigKeys (ConfUtils.java:logGet(43)) - raft.server.rpcslowness.timeout = 120s (custom)
2019-10-15 16:00:44,177 [pool-589-thread-1] INFO  server.RaftServerConfigKeys (ConfUtils.java:logGet(43)) - raft.server.sleep.deviation.threshold = 300 (default)
2019-10-15 16:00:44,177 [pool-589-thread-1] INFO  server.RaftServerConfigKeys (ConfUtils.java:logGet(43)) - raft.server.log.appender.install.snapshot.enabled = false (custom)
2019-10-15 16:00:44,177 [pool-589-thread-1] INFO  impl.RaftServerImpl (ServerState.java:<init>(103)) - 68ed38f4-9c13-4e57-963b-0ddf8b5864a6@group-E435B33291A2: ConfigurationManager, init=-1: [68ed38f4-9c13-4e57-963b-0ddf8b5864a6:192.168.157.236:41318], old=null, confs=<EMPTY_MAP>
2019-10-15 16:00:44,177 [pool-589-thread-1] INFO  server.RaftServerConfigKeys (ConfUtils.java:logGet(43)) - raft.server.storage.dir = [/workdir/hadoop-ozone/integration-test/target/test-dir/MiniOzoneClusterImpl-db5d02a6-340f-494d-b00e-bf4b2df0003c/datanode-8/data/ratis] (custom)
2019-10-15 16:00:44,177 [pool-589-thread-1] INFO  server.RaftServerConfigKeys (ConfUtils.java:logGet(43)) - raft.server.log.corruption.policy = EXCEPTION (default)
2019-10-15 16:00:44,177 [pool-589-thread-1] INFO  storage.RaftStorageDirectory (RaftStorageDirectory.java:analyzeStorage(246)) - The storage directory /workdir/hadoop-ozone/integration-test/target/test-dir/MiniOzoneClusterImpl-db5d02a6-340f-494d-b00e-bf4b2df0003c/datanode-8/data/ratis/d27fac61-6311-4ded-9678-e435b33291a2 does not exist. Creating ...
2019-10-15 16:00:44,196 [pool-589-thread-1] INFO  storage.RaftStorageDirectory (RaftStorageDirectory.java:tryLock(328)) - Lock on /workdir/hadoop-ozone/integration-test/target/test-dir/MiniOzoneClusterImpl-db5d02a6-340f-494d-b00e-bf4b2df0003c/datanode-8/data/ratis/d27fac61-6311-4ded-9678-e435b33291a2/in_use.lock acquired by nodename 8653@pr-hdds-1228-hxnc5-3896710236
2019-10-15 16:00:44,209 [pool-589-thread-1] INFO  storage.RaftStorage (RaftStorage.java:format(84)) - Storage directory /workdir/hadoop-ozone/integration-test/target/test-dir/MiniOzoneClusterImpl-db5d02a6-340f-494d-b00e-bf4b2df0003c/datanode-8/data/ratis/d27fac61-6311-4ded-9678-e435b33291a2 has been successfully formatted.
2019-10-15 16:00:44,210 [pool-589-thread-1] INFO  ratis.ContainerStateMachine (ContainerStateMachine.java:loadSnapshot(231)) - group-E435B33291A2: The snapshot info is null. Setting the last applied indexto:(t:0, i:~)
2019-10-15 16:00:44,210 [pool-589-thread-1] INFO  server.RaftServerConfigKeys (ConfUtils.java:logGet(43)) - raft.server.notification.no-leader.timeout = 120s (custom)
2019-10-15 16:00:44,210 [pool-589-thread-1] INFO  server.RaftServerConfigKeys (ConfUtils.java:logGet(43)) - raft.server.log.use.memory = false (default)
2019-10-15 16:00:44,210 [pool-589-thread-1] INFO  server.RaftServerConfigKeys (ConfUtils.java:logGet(43)) - raft.server.log.purge.gap = 1000000 (custom)
2019-10-15 16:00:44,210 [pool-589-thread-1] INFO  server.RaftServerConfigKeys (ConfUtils.java:logGet(43)) - raft.server.log.appender.buffer.byte-limit = 33554432 (custom)
2019-10-15 16:00:44,210 [pool-589-thread-1] INFO  server.RaftServerConfigKeys (ConfUtils.java:logGet(43)) - raft.server.log.segment.size.max = 1048576 (custom)
2019-10-15 16:00:44,211 [pool-589-thread-1] INFO  server.RaftServerConfigKeys (ConfUtils.java:logGet(43)) - raft.server.log.segment.cache.num.max = 2 (custom)
2019-10-15 16:00:44,211 [pool-589-thread-1] INFO  segmented.SegmentedRaftLogWorker (SegmentedRaftLogWorker.java:<init>(173)) - new 68ed38f4-9c13-4e57-963b-0ddf8b5864a6@group-E435B33291A2-SegmentedRaftLogWorker for RaftStorage:Storage Directory /workdir/hadoop-ozone/integration-test/target/test-dir/MiniOzoneClusterImpl-db5d02a6-340f-494d-b00e-bf4b2df0003c/datanode-8/data/ratis/d27fac61-6311-4ded-9678-e435b33291a2
2019-10-15 16:00:44,211 [pool-589-thread-1] INFO  server.RaftServerConfigKeys (ConfUtils.java:logGet(43)) - raft.server.log.queue.byte-limit = 2147483647 (custom)
2019-10-15 16:00:44,211 [pool-589-thread-1] INFO  server.RaftServerConfigKeys (ConfUtils.java:logGet(43)) - raft.server.log.queue.element-limit = 1024 (custom)
2019-10-15 16:00:44,211 [pool-589-thread-1] INFO  server.RaftServerConfigKeys (ConfUtils.java:logGet(43)) - raft.server.log.segment.size.max = 1048576 (custom)
2019-10-15 16:00:44,211 [pool-589-thread-1] INFO  server.RaftServerConfigKeys (ConfUtils.java:logGet(43)) - raft.server.log.preallocated.size = 16384 (custom)
2019-10-15 16:00:44,212 [pool-589-thread-1] INFO  server.RaftServerConfigKeys (ConfUtils.java:logGet(43)) - raft.server.log.write.buffer.size = 33554432 (custom)
2019-10-15 16:00:44,212 [pool-589-thread-1] INFO  server.RaftServerConfigKeys (ConfUtils.java:logGet(43)) - raft.server.log.force.sync.num = 128 (default)
2019-10-15 16:00:44,212 [pool-589-thread-1] INFO  server.RaftServerConfigKeys (ConfUtils.java:logGet(43)) - raft.server.log.statemachine.data.sync = true (default)
2019-10-15 16:00:44,212 [pool-589-thread-1] INFO  server.RaftServerConfigKeys (ConfUtils.java:logGet(43)) - raft.server.log.statemachine.data.sync.timeout = 10s (default)
2019-10-15 16:00:44,212 [pool-589-thread-1] INFO  server.RaftServerConfigKeys (ConfUtils.java:logGet(43)) - raft.server.log.statemachine.data.sync.timeout.retry = -1 (default)
2019-10-15 16:00:44,212 [pool-589-thread-1] INFO  server.RaftServerConfigKeys (ConfUtils.java:logGet(43)) - raft.server.log.statemachine.data.caching.enabled = true (custom)
2019-10-15 16:00:44,212 [pool-589-thread-1] INFO  segmented.SegmentedRaftLogWorker (SegmentedRaftLogWorker.java:lambda$new$0(128)) - 68ed38f4-9c13-4e57-963b-0ddf8b5864a6@group-E435B33291A2-SegmentedRaftLogWorker: flushIndex: setUnconditionally 0 -> -1
2019-10-15 16:00:44,213 [pool-589-thread-1] INFO  server.RaftServerConfigKeys (ConfUtils.java:logGet(43)) - raft.server.snapshot.auto.trigger.enabled = true (custom)
2019-10-15 16:00:44,213 [pool-589-thread-1] INFO  server.RaftServerConfigKeys (ConfUtils.java:logGet(43)) - raft.server.snapshot.auto.trigger.threshold = 10000 (custom)
2019-10-15 16:00:44,213 [pool-589-thread-1] INFO  server.RaftServerConfigKeys (ConfUtils.java:logGet(43)) - raft.server.snapshot.retention.file.num = 5 (custom)
2019-10-15 16:00:44,213 [pool-589-thread-1] INFO  server.RaftServerConfigKeys (ConfUtils.java:logGet(43)) - raft.server.retrycache.expirytime = 600000ms (custom)
2019-10-15 16:00:44,214 [pool-589-thread-1] INFO  impl.RaftServerImpl (RaftServerImpl.java:start(181)) - 68ed38f4-9c13-4e57-963b-0ddf8b5864a6@group-E435B33291A2: start as a follower, conf=-1: [68ed38f4-9c13-4e57-963b-0ddf8b5864a6:192.168.157.236:41318], old=null
2019-10-15 16:00:44,214 [pool-589-thread-1] INFO  impl.RaftServerImpl (RaftServerImpl.java:setRole(170)) - 68ed38f4-9c13-4e57-963b-0ddf8b5864a6@group-E435B33291A2: changes role from      null to FOLLOWER at term 0 for startAsFollower
2019-10-15 16:00:44,214 [pool-589-thread-1] INFO  impl.RoleInfo (RoleInfo.java:updateAndGet(143)) - 68ed38f4-9c13-4e57-963b-0ddf8b5864a6: start FollowerState
2019-10-15 16:00:44,214 [pool-589-thread-1] INFO  util.JmxRegister (JmxRegister.java:tryRegister(44)) - Successfully registered JMX Bean with object name Ratis:service=RaftServer,group=group-E435B33291A2,id=68ed38f4-9c13-4e57-963b-0ddf8b5864a6
2019-10-15 16:00:44,217 [main] INFO  ozone.MiniOzoneClusterImpl (MiniOzoneClusterImpl.java:lambda$waitForClusterToBeReady$0(147)) - Waiting for cluster to be ready. Got 9 of 10 DN Heartbeats.
2019-10-15 16:00:44,218 [RatisPipelineUtilsThread] INFO  pipeline.PipelineStateManager (PipelineStateManager.java:addPipeline(56)) - Created pipeline Pipeline[ Id: d27fac61-6311-4ded-9678-e435b33291a2, Nodes: 68ed38f4-9c13-4e57-963b-0ddf8b5864a6{ip: 192.168.157.236, host: pr-hdds-1228-hxnc5-3896710236, networkLocation: /rack1, certSerialId: null}, Type:RATIS, Factor:ONE, State:OPEN]
2019-10-15 16:00:44,232 [IPC Server handler 8 on 32908] INFO  net.NetworkTopology (NetworkTopologyImpl.java:add(111)) - Added a new node: /rack1/275da799-bc08-4efe-9bdf-4f09e99e1600
2019-10-15 16:00:44,233 [IPC Server handler 8 on 32908] INFO  node.SCMNodeManager (SCMNodeManager.java:register(268)) - Registered Data node : 275da799-bc08-4efe-9bdf-4f09e99e1600{ip: 192.168.157.236, host: pr-hdds-1228-hxnc5-3896710236, networkLocation: /rack1, certSerialId: null}
2019-10-15 16:00:44,243 [grpc-default-executor-2] INFO  impl.RaftServerProxy (RaftServerProxy.java:addNew(89)) - a01d9800-12e3-4ec3-b51e-50c1eb51d5a4: addNew group-1CFD3FDF58A3:[68ed38f4-9c13-4e57-963b-0ddf8b5864a6:192.168.157.236:41318, a01d9800-12e3-4ec3-b51e-50c1eb51d5a4:192.168.157.236:38839, 654dc4fd-4a53-4d66-800b-5d0101b478e0:192.168.157.236:38504] returns group-1CFD3FDF58A3:java.util.concurrent.CompletableFuture@63649001[Not completed]
2019-10-15 16:00:44,243 [grpc-default-executor-3] INFO  impl.RaftServerProxy (RaftServerProxy.java:addNew(89)) - 654dc4fd-4a53-4d66-800b-5d0101b478e0: addNew group-1CFD3FDF58A3:[68ed38f4-9c13-4e57-963b-0ddf8b5864a6:192.168.157.236:41318, a01d9800-12e3-4ec3-b51e-50c1eb51d5a4:192.168.157.236:38839, 654dc4fd-4a53-4d66-800b-5d0101b478e0:192.168.157.236:38504] returns group-1CFD3FDF58A3:java.util.concurrent.CompletableFuture@4ade5531[Not completed]
2019-10-15 16:00:44,243 [grpc-default-executor-1] INFO  impl.RaftServerProxy (RaftServerProxy.java:addNew(89)) - 68ed38f4-9c13-4e57-963b-0ddf8b5864a6: addNew group-1CFD3FDF58A3:[68ed38f4-9c13-4e57-963b-0ddf8b5864a6:192.168.157.236:41318, a01d9800-12e3-4ec3-b51e-50c1eb51d5a4:192.168.157.236:38839, 654dc4fd-4a53-4d66-800b-5d0101b478e0:192.168.157.236:38504] returns group-1CFD3FDF58A3:java.util.concurrent.CompletableFuture@47ec7fa8[Not completed]
2019-10-15 16:00:44,244 [pool-579-thread-1] INFO  impl.RaftServerImpl (RaftServerImpl.java:<init>(95)) - a01d9800-12e3-4ec3-b51e-50c1eb51d5a4: new RaftServerImpl for group-1CFD3FDF58A3:[68ed38f4-9c13-4e57-963b-0ddf8b5864a6:192.168.157.236:41318, a01d9800-12e3-4ec3-b51e-50c1eb51d5a4:192.168.157.236:38839, 654dc4fd-4a53-4d66-800b-5d0101b478e0:192.168.157.236:38504] with ContainerStateMachine:uninitialized
2019-10-15 16:00:44,244 [pool-579-thread-1] INFO  server.RaftServerConfigKeys (ConfUtils.java:logGet(43)) - raft.server.rpc.timeout.min = 1s (custom)
2019-10-15 16:00:44,245 [pool-579-thread-1] INFO  server.RaftServerConfigKeys (ConfUtils.java:logGet(43)) - raft.server.rpc.timeout.max = 1200ms (custom)
2019-10-15 16:00:44,245 [pool-579-thread-1] INFO  server.RaftServerConfigKeys (ConfUtils.java:logGet(43)) - raft.server.rpcslowness.timeout = 120s (custom)
2019-10-15 16:00:44,245 [pool-579-thread-1] INFO  server.RaftServerConfigKeys (ConfUtils.java:logGet(43)) - raft.server.sleep.deviation.threshold = 300 (default)
2019-10-15 16:00:44,245 [pool-589-thread-1] INFO  impl.RaftServerImpl (RaftServerImpl.java:<init>(95)) - 68ed38f4-9c13-4e57-963b-0ddf8b5864a6: new RaftServerImpl for group-1CFD3FDF58A3:[68ed38f4-9c13-4e57-963b-0ddf8b5864a6:192.168.157.236:41318, a01d9800-12e3-4ec3-b51e-50c1eb51d5a4:192.168.157.236:38839, 654dc4fd-4a53-4d66-800b-5d0101b478e0:192.168.157.236:38504] with ContainerStateMachine:uninitialized
2019-10-15 16:00:44,245 [pool-579-thread-1] INFO  server.RaftServerConfigKeys (ConfUtils.java:logGet(43)) - raft.server.log.appender.install.snapshot.enabled = false (custom)
2019-10-15 16:00:44,245 [pool-589-thread-1] INFO  server.RaftServerConfigKeys (ConfUtils.java:logGet(43)) - raft.server.rpc.timeout.min = 1s (custom)
2019-10-15 16:00:44,245 [pool-579-thread-1] INFO  impl.RaftServerImpl (ServerState.java:<init>(103)) - a01d9800-12e3-4ec3-b51e-50c1eb51d5a4@group-1CFD3FDF58A3: ConfigurationManager, init=-1: [68ed38f4-9c13-4e57-963b-0ddf8b5864a6:192.168.157.236:41318, a01d9800-12e3-4ec3-b51e-50c1eb51d5a4:192.168.157.236:38839, 654dc4fd-4a53-4d66-800b-5d0101b478e0:192.168.157.236:38504], old=null, confs=<EMPTY_MAP>
2019-10-15 16:00:44,245 [pool-589-thread-1] INFO  server.RaftServerConfigKeys (ConfUtils.java:logGet(43)) - raft.server.rpc.timeout.max = 1200ms (custom)
2019-10-15 16:00:44,245 [pool-569-thread-1] INFO  impl.RaftServerImpl (RaftServerImpl.java:<init>(95)) - 654dc4fd-4a53-4d66-800b-5d0101b478e0: new RaftServerImpl for group-1CFD3FDF58A3:[68ed38f4-9c13-4e57-963b-0ddf8b5864a6:192.168.157.236:41318, a01d9800-12e3-4ec3-b51e-50c1eb51d5a4:192.168.157.236:38839, 654dc4fd-4a53-4d66-800b-5d0101b478e0:192.168.157.236:38504] with ContainerStateMachine:uninitialized
2019-10-15 16:00:44,245 [pool-589-thread-1] INFO  server.RaftServerConfigKeys (ConfUtils.java:logGet(43)) - raft.server.rpcslowness.timeout = 120s (custom)
2019-10-15 16:00:44,245 [pool-579-thread-1] INFO  server.RaftServerConfigKeys (ConfUtils.java:logGet(43)) - raft.server.storage.dir = [/workdir/hadoop-ozone/integration-test/target/test-dir/MiniOzoneClusterImpl-db5d02a6-340f-494d-b00e-bf4b2df0003c/datanode-7/data/ratis] (custom)
2019-10-15 16:00:44,246 [pool-589-thread-1] INFO  server.RaftServerConfigKeys (ConfUtils.java:logGet(43)) - raft.server.sleep.deviation.threshold = 300 (default)
2019-10-15 16:00:44,246 [pool-589-thread-1] INFO  server.RaftServerConfigKeys (ConfUtils.java:logGet(43)) - raft.server.log.appender.install.snapshot.enabled = false (custom)
2019-10-15 16:00:44,246 [pool-569-thread-1] INFO  server.RaftServerConfigKeys (ConfUtils.java:logGet(43)) - raft.server.rpc.timeout.min = 1s (custom)
2019-10-15 16:00:44,246 [pool-589-thread-1] INFO  impl.RaftServerImpl (ServerState.java:<init>(103)) - 68ed38f4-9c13-4e57-963b-0ddf8b5864a6@group-1CFD3FDF58A3: ConfigurationManager, init=-1: [68ed38f4-9c13-4e57-963b-0ddf8b5864a6:192.168.157.236:41318, a01d9800-12e3-4ec3-b51e-50c1eb51d5a4:192.168.157.236:38839, 654dc4fd-4a53-4d66-800b-5d0101b478e0:192.168.157.236:38504], old=null, confs=<EMPTY_MAP>
2019-10-15 16:00:44,246 [pool-579-thread-1] INFO  server.RaftServerConfigKeys (ConfUtils.java:logGet(43)) - raft.server.log.corruption.policy = EXCEPTION (default)
2019-10-15 16:00:44,246 [pool-589-thread-1] INFO  server.RaftServerConfigKeys (ConfUtils.java:logGet(43)) - raft.server.storage.dir = [/workdir/hadoop-ozone/integration-test/target/test-dir/MiniOzoneClusterImpl-db5d02a6-340f-494d-b00e-bf4b2df0003c/datanode-8/data/ratis] (custom)
2019-10-15 16:00:44,246 [pool-579-thread-1] INFO  storage.RaftStorageDirectory (RaftStorageDirectory.java:analyzeStorage(246)) - The storage directory /workdir/hadoop-ozone/integration-test/target/test-dir/MiniOzoneClusterImpl-db5d02a6-340f-494d-b00e-bf4b2df0003c/datanode-7/data/ratis/d27e5be7-3324-4d93-8f8f-1cfd3fdf58a3 does not exist. Creating ...
2019-10-15 16:00:44,247 [pool-589-thread-1] INFO  server.RaftServerConfigKeys (ConfUtils.java:logGet(43)) - raft.server.log.corruption.policy = EXCEPTION (default)
2019-10-15 16:00:44,246 [pool-569-thread-1] INFO  server.RaftServerConfigKeys (ConfUtils.java:logGet(43)) - raft.server.rpc.timeout.max = 1200ms (custom)
2019-10-15 16:00:44,247 [pool-589-thread-1] INFO  storage.RaftStorageDirectory (RaftStorageDirectory.java:analyzeStorage(246)) - The storage directory /workdir/hadoop-ozone/integration-test/target/test-dir/MiniOzoneClusterImpl-db5d02a6-340f-494d-b00e-bf4b2df0003c/datanode-8/data/ratis/d27e5be7-3324-4d93-8f8f-1cfd3fdf58a3 does not exist. Creating ...
2019-10-15 16:00:44,247 [pool-569-thread-1] INFO  server.RaftServerConfigKeys (ConfUtils.java:logGet(43)) - raft.server.rpcslowness.timeout = 120s (custom)
2019-10-15 16:00:44,247 [pool-569-thread-1] INFO  server.RaftServerConfigKeys (ConfUtils.java:logGet(43)) - raft.server.sleep.deviation.threshold = 300 (default)
2019-10-15 16:00:44,247 [pool-569-thread-1] INFO  server.RaftServerConfigKeys (ConfUtils.java:logGet(43)) - raft.server.log.appender.install.snapshot.enabled = false (custom)
2019-10-15 16:00:44,247 [pool-569-thread-1] INFO  impl.RaftServerImpl (ServerState.java:<init>(103)) - 654dc4fd-4a53-4d66-800b-5d0101b478e0@group-1CFD3FDF58A3: ConfigurationManager, init=-1: [68ed38f4-9c13-4e57-963b-0ddf8b5864a6:192.168.157.236:41318, a01d9800-12e3-4ec3-b51e-50c1eb51d5a4:192.168.157.236:38839, 654dc4fd-4a53-4d66-800b-5d0101b478e0:192.168.157.236:38504], old=null, confs=<EMPTY_MAP>
2019-10-15 16:00:44,248 [pool-569-thread-1] INFO  server.RaftServerConfigKeys (ConfUtils.java:logGet(43)) - raft.server.storage.dir = [/workdir/hadoop-ozone/integration-test/target/test-dir/MiniOzoneClusterImpl-db5d02a6-340f-494d-b00e-bf4b2df0003c/datanode-6/data/ratis] (custom)
2019-10-15 16:00:44,248 [pool-569-thread-1] INFO  server.RaftServerConfigKeys (ConfUtils.java:logGet(43)) - raft.server.log.corruption.policy = EXCEPTION (default)
2019-10-15 16:00:44,248 [pool-569-thread-1] INFO  storage.RaftStorageDirectory (RaftStorageDirectory.java:analyzeStorage(246)) - The storage directory /workdir/hadoop-ozone/integration-test/target/test-dir/MiniOzoneClusterImpl-db5d02a6-340f-494d-b00e-bf4b2df0003c/datanode-6/data/ratis/d27e5be7-3324-4d93-8f8f-1cfd3fdf58a3 does not exist. Creating ...
2019-10-15 16:00:44,253 [pool-589-thread-1] INFO  storage.RaftStorageDirectory (RaftStorageDirectory.java:tryLock(328)) - Lock on /workdir/hadoop-ozone/integration-test/target/test-dir/MiniOzoneClusterImpl-db5d02a6-340f-494d-b00e-bf4b2df0003c/datanode-8/data/ratis/d27e5be7-3324-4d93-8f8f-1cfd3fdf58a3/in_use.lock acquired by nodename 8653@pr-hdds-1228-hxnc5-3896710236
2019-10-15 16:00:44,253 [pool-579-thread-1] INFO  storage.RaftStorageDirectory (RaftStorageDirectory.java:tryLock(328)) - Lock on /workdir/hadoop-ozone/integration-test/target/test-dir/MiniOzoneClusterImpl-db5d02a6-340f-494d-b00e-bf4b2df0003c/datanode-7/data/ratis/d27e5be7-3324-4d93-8f8f-1cfd3fdf58a3/in_use.lock acquired by nodename 8653@pr-hdds-1228-hxnc5-3896710236
2019-10-15 16:00:44,253 [pool-569-thread-1] INFO  storage.RaftStorageDirectory (RaftStorageDirectory.java:tryLock(328)) - Lock on /workdir/hadoop-ozone/integration-test/target/test-dir/MiniOzoneClusterImpl-db5d02a6-340f-494d-b00e-bf4b2df0003c/datanode-6/data/ratis/d27e5be7-3324-4d93-8f8f-1cfd3fdf58a3/in_use.lock acquired by nodename 8653@pr-hdds-1228-hxnc5-3896710236
2019-10-15 16:00:44,267 [pool-579-thread-1] INFO  storage.RaftStorage (RaftStorage.java:format(84)) - Storage directory /workdir/hadoop-ozone/integration-test/target/test-dir/MiniOzoneClusterImpl-db5d02a6-340f-494d-b00e-bf4b2df0003c/datanode-7/data/ratis/d27e5be7-3324-4d93-8f8f-1cfd3fdf58a3 has been successfully formatted.
2019-10-15 16:00:44,267 [pool-589-thread-1] INFO  storage.RaftStorage (RaftStorage.java:format(84)) - Storage directory /workdir/hadoop-ozone/integration-test/target/test-dir/MiniOzoneClusterImpl-db5d02a6-340f-494d-b00e-bf4b2df0003c/datanode-8/data/ratis/d27e5be7-3324-4d93-8f8f-1cfd3fdf58a3 has been successfully formatted.
2019-10-15 16:00:44,267 [pool-579-thread-1] INFO  ratis.ContainerStateMachine (ContainerStateMachine.java:loadSnapshot(231)) - group-1CFD3FDF58A3: The snapshot info is null. Setting the last applied indexto:(t:0, i:~)
2019-10-15 16:00:44,267 [pool-589-thread-1] INFO  ratis.ContainerStateMachine (ContainerStateMachine.java:loadSnapshot(231)) - group-1CFD3FDF58A3: The snapshot info is null. Setting the last applied indexto:(t:0, i:~)
2019-10-15 16:00:44,267 [pool-569-thread-1] INFO  storage.RaftStorage (RaftStorage.java:format(84)) - Storage directory /workdir/hadoop-ozone/integration-test/target/test-dir/MiniOzoneClusterImpl-db5d02a6-340f-494d-b00e-bf4b2df0003c/datanode-6/data/ratis/d27e5be7-3324-4d93-8f8f-1cfd3fdf58a3 has been successfully formatted.
2019-10-15 16:00:44,267 [pool-589-thread-1] INFO  server.RaftServerConfigKeys (ConfUtils.java:logGet(43)) - raft.server.notification.no-leader.timeout = 120s (custom)
2019-10-15 16:00:44,268 [pool-569-thread-1] INFO  ratis.ContainerStateMachine (ContainerStateMachine.java:loadSnapshot(231)) - group-1CFD3FDF58A3: The snapshot info is null. Setting the last applied indexto:(t:0, i:~)
2019-10-15 16:00:44,267 [pool-579-thread-1] INFO  server.RaftServerConfigKeys (ConfUtils.java:logGet(43)) - raft.server.notification.no-leader.timeout = 120s (custom)
2019-10-15 16:00:44,268 [pool-569-thread-1] INFO  server.RaftServerConfigKeys (ConfUtils.java:logGet(43)) - raft.server.notification.no-leader.timeout = 120s (custom)
2019-10-15 16:00:44,268 [pool-569-thread-1] INFO  server.RaftServerConfigKeys (ConfUtils.java:logGet(43)) - raft.server.log.use.memory = false (default)
2019-10-15 16:00:44,268 [pool-589-thread-1] INFO  server.RaftServerConfigKeys (ConfUtils.java:logGet(43)) - raft.server.log.use.memory = false (default)
2019-10-15 16:00:44,268 [pool-569-thread-1] INFO  server.RaftServerConfigKeys (ConfUtils.java:logGet(43)) - raft.server.log.purge.gap = 1000000 (custom)
2019-10-15 16:00:44,268 [pool-579-thread-1] INFO  server.RaftServerConfigKeys (ConfUtils.java:logGet(43)) - raft.server.log.use.memory = false (default)
2019-10-15 16:00:44,268 [pool-569-thread-1] INFO  server.RaftServerConfigKeys (ConfUtils.java:logGet(43)) - raft.server.log.appender.buffer.byte-limit = 33554432 (custom)
2019-10-15 16:00:44,268 [pool-589-thread-1] INFO  server.RaftServerConfigKeys (ConfUtils.java:logGet(43)) - raft.server.log.purge.gap = 1000000 (custom)
2019-10-15 16:00:44,269 [pool-569-thread-1] INFO  server.RaftServerConfigKeys (ConfUtils.java:logGet(43)) - raft.server.log.segment.size.max = 1048576 (custom)
2019-10-15 16:00:44,269 [pool-579-thread-1] INFO  server.RaftServerConfigKeys (ConfUtils.java:logGet(43)) - raft.server.log.purge.gap = 1000000 (custom)
2019-10-15 16:00:44,269 [pool-569-thread-1] INFO  server.RaftServerConfigKeys (ConfUtils.java:logGet(43)) - raft.server.log.segment.cache.num.max = 2 (custom)
2019-10-15 16:00:44,269 [pool-569-thread-1] INFO  segmented.SegmentedRaftLogWorker (SegmentedRaftLogWorker.java:<init>(173)) - new 654dc4fd-4a53-4d66-800b-5d0101b478e0@group-1CFD3FDF58A3-SegmentedRaftLogWorker for RaftStorage:Storage Directory /workdir/hadoop-ozone/integration-test/target/test-dir/MiniOzoneClusterImpl-db5d02a6-340f-494d-b00e-bf4b2df0003c/datanode-6/data/ratis/d27e5be7-3324-4d93-8f8f-1cfd3fdf58a3
2019-10-15 16:00:44,269 [pool-589-thread-1] INFO  server.RaftServerConfigKeys (ConfUtils.java:logGet(43)) - raft.server.log.appender.buffer.byte-limit = 33554432 (custom)
2019-10-15 16:00:44,269 [pool-569-thread-1] INFO  server.RaftServerConfigKeys (ConfUtils.java:logGet(43)) - raft.server.log.queue.byte-limit = 2147483647 (custom)
2019-10-15 16:00:44,270 [pool-569-thread-1] INFO  server.RaftServerConfigKeys (ConfUtils.java:logGet(43)) - raft.server.log.queue.element-limit = 1024 (custom)
2019-10-15 16:00:44,269 [pool-579-thread-1] INFO  server.RaftServerConfigKeys (ConfUtils.java:logGet(43)) - raft.server.log.appender.buffer.byte-limit = 33554432 (custom)
2019-10-15 16:00:44,270 [pool-569-thread-1] INFO  server.RaftServerConfigKeys (ConfUtils.java:logGet(43)) - raft.server.log.segment.size.max = 1048576 (custom)
2019-10-15 16:00:44,269 [pool-589-thread-1] INFO  server.RaftServerConfigKeys (ConfUtils.java:logGet(43)) - raft.server.log.segment.size.max = 1048576 (custom)
2019-10-15 16:00:44,270 [pool-569-thread-1] INFO  server.RaftServerConfigKeys (ConfUtils.java:logGet(43)) - raft.server.log.preallocated.size = 16384 (custom)
2019-10-15 16:00:44,270 [pool-579-thread-1] INFO  server.RaftServerConfigKeys (ConfUtils.java:logGet(43)) - raft.server.log.segment.size.max = 1048576 (custom)
2019-10-15 16:00:44,270 [pool-569-thread-1] INFO  server.RaftServerConfigKeys (ConfUtils.java:logGet(43)) - raft.server.log.write.buffer.size = 33554432 (custom)
2019-10-15 16:00:44,270 [pool-569-thread-1] INFO  server.RaftServerConfigKeys (ConfUtils.java:logGet(43)) - raft.server.log.force.sync.num = 128 (default)
2019-10-15 16:00:44,270 [pool-589-thread-1] INFO  server.RaftServerConfigKeys (ConfUtils.java:logGet(43)) - raft.server.log.segment.cache.num.max = 2 (custom)
2019-10-15 16:00:44,271 [pool-569-thread-1] INFO  server.RaftServerConfigKeys (ConfUtils.java:logGet(43)) - raft.server.log.statemachine.data.sync = true (default)
2019-10-15 16:00:44,270 [pool-579-thread-1] INFO  server.RaftServerConfigKeys (ConfUtils.java:logGet(43)) - raft.server.log.segment.cache.num.max = 2 (custom)
2019-10-15 16:00:44,271 [pool-569-thread-1] INFO  server.RaftServerConfigKeys (ConfUtils.java:logGet(43)) - raft.server.log.statemachine.data.sync.timeout = 10s (default)
2019-10-15 16:00:44,271 [pool-589-thread-1] INFO  segmented.SegmentedRaftLogWorker (SegmentedRaftLogWorker.java:<init>(173)) - new 68ed38f4-9c13-4e57-963b-0ddf8b5864a6@group-1CFD3FDF58A3-SegmentedRaftLogWorker for RaftStorage:Storage Directory /workdir/hadoop-ozone/integration-test/target/test-dir/MiniOzoneClusterImpl-db5d02a6-340f-494d-b00e-bf4b2df0003c/datanode-8/data/ratis/d27e5be7-3324-4d93-8f8f-1cfd3fdf58a3
2019-10-15 16:00:44,271 [pool-569-thread-1] INFO  server.RaftServerConfigKeys (ConfUtils.java:logGet(43)) - raft.server.log.statemachine.data.sync.timeout.retry = -1 (default)
2019-10-15 16:00:44,271 [pool-579-thread-1] INFO  segmented.SegmentedRaftLogWorker (SegmentedRaftLogWorker.java:<init>(173)) - new a01d9800-12e3-4ec3-b51e-50c1eb51d5a4@group-1CFD3FDF58A3-SegmentedRaftLogWorker for RaftStorage:Storage Directory /workdir/hadoop-ozone/integration-test/target/test-dir/MiniOzoneClusterImpl-db5d02a6-340f-494d-b00e-bf4b2df0003c/datanode-7/data/ratis/d27e5be7-3324-4d93-8f8f-1cfd3fdf58a3
2019-10-15 16:00:44,271 [pool-569-thread-1] INFO  server.RaftServerConfigKeys (ConfUtils.java:logGet(43)) - raft.server.log.statemachine.data.caching.enabled = true (custom)
2019-10-15 16:00:44,271 [pool-589-thread-1] INFO  server.RaftServerConfigKeys (ConfUtils.java:logGet(43)) - raft.server.log.queue.byte-limit = 2147483647 (custom)
2019-10-15 16:00:44,271 [pool-579-thread-1] INFO  server.RaftServerConfigKeys (ConfUtils.java:logGet(43)) - raft.server.log.queue.byte-limit = 2147483647 (custom)
2019-10-15 16:00:44,272 [pool-569-thread-1] INFO  segmented.SegmentedRaftLogWorker (SegmentedRaftLogWorker.java:lambda$new$0(128)) - 654dc4fd-4a53-4d66-800b-5d0101b478e0@group-1CFD3FDF58A3-SegmentedRaftLogWorker: flushIndex: setUnconditionally 0 -> -1
2019-10-15 16:00:44,272 [pool-589-thread-1] INFO  server.RaftServerConfigKeys (ConfUtils.java:logGet(43)) - raft.server.log.queue.element-limit = 1024 (custom)
2019-10-15 16:00:44,272 [pool-579-thread-1] INFO  server.RaftServerConfigKeys (ConfUtils.java:logGet(43)) - raft.server.log.queue.element-limit = 1024 (custom)
2019-10-15 16:00:44,272 [pool-569-thread-1] INFO  server.RaftServerConfigKeys (ConfUtils.java:logGet(43)) - raft.server.snapshot.auto.trigger.enabled = true (custom)
2019-10-15 16:00:44,272 [pool-589-thread-1] INFO  server.RaftServerConfigKeys (ConfUtils.java:logGet(43)) - raft.server.log.segment.size.max = 1048576 (custom)
2019-10-15 16:00:44,272 [pool-569-thread-1] INFO  server.RaftServerConfigKeys (ConfUtils.java:logGet(43)) - raft.server.snapshot.auto.trigger.threshold = 10000 (custom)
2019-10-15 16:00:44,272 [pool-569-thread-1] INFO  server.RaftServerConfigKeys (ConfUtils.java:logGet(43)) - raft.server.snapshot.retention.file.num = 5 (custom)
2019-10-15 16:00:44,272 [pool-579-thread-1] INFO  server.RaftServerConfigKeys (ConfUtils.java:logGet(43)) - raft.server.log.segment.size.max = 1048576 (custom)
2019-10-15 16:00:44,273 [pool-569-thread-1] INFO  server.RaftServerConfigKeys (ConfUtils.java:logGet(43)) - raft.server.retrycache.expirytime = 600000ms (custom)
2019-10-15 16:00:44,272 [pool-589-thread-1] INFO  server.RaftServerConfigKeys (ConfUtils.java:logGet(43)) - raft.server.log.preallocated.size = 16384 (custom)
2019-10-15 16:00:44,273 [pool-579-thread-1] INFO  server.RaftServerConfigKeys (ConfUtils.java:logGet(43)) - raft.server.log.preallocated.size = 16384 (custom)
2019-10-15 16:00:44,273 [pool-589-thread-1] INFO  server.RaftServerConfigKeys (ConfUtils.java:logGet(43)) - raft.server.log.write.buffer.size = 33554432 (custom)
2019-10-15 16:00:44,273 [pool-579-thread-1] INFO  server.RaftServerConfigKeys (ConfUtils.java:logGet(43)) - raft.server.log.write.buffer.size = 33554432 (custom)
2019-10-15 16:00:44,273 [pool-589-thread-1] INFO  server.RaftServerConfigKeys (ConfUtils.java:logGet(43)) - raft.server.log.force.sync.num = 128 (default)
2019-10-15 16:00:44,273 [pool-579-thread-1] INFO  server.RaftServerConfigKeys (ConfUtils.java:logGet(43)) - raft.server.log.force.sync.num = 128 (default)
2019-10-15 16:00:44,273 [pool-579-thread-1] INFO  server.RaftServerConfigKeys (ConfUtils.java:logGet(43)) - raft.server.log.statemachine.data.sync = true (default)
2019-10-15 16:00:44,273 [pool-589-thread-1] INFO  server.RaftServerConfigKeys (ConfUtils.java:logGet(43)) - raft.server.log.statemachine.data.sync = true (default)
2019-10-15 16:00:44,274 [pool-579-thread-1] INFO  server.RaftServerConfigKeys (ConfUtils.java:logGet(43)) - raft.server.log.statemachine.data.sync.timeout = 10s (default)
2019-10-15 16:00:44,274 [pool-589-thread-1] INFO  server.RaftServerConfigKeys (ConfUtils.java:logGet(43)) - raft.server.log.statemachine.data.sync.timeout = 10s (default)
2019-10-15 16:00:44,274 [pool-579-thread-1] INFO  server.RaftServerConfigKeys (ConfUtils.java:logGet(43)) - raft.server.log.statemachine.data.sync.timeout.retry = -1 (default)
2019-10-15 16:00:44,274 [pool-589-thread-1] INFO  server.RaftServerConfigKeys (ConfUtils.java:logGet(43)) - raft.server.log.statemachine.data.sync.timeout.retry = -1 (default)
2019-10-15 16:00:44,274 [pool-579-thread-1] INFO  server.RaftServerConfigKeys (ConfUtils.java:logGet(43)) - raft.server.log.statemachine.data.caching.enabled = true (custom)
2019-10-15 16:00:44,274 [pool-569-thread-1] INFO  impl.RaftServerImpl (RaftServerImpl.java:start(181)) - 654dc4fd-4a53-4d66-800b-5d0101b478e0@group-1CFD3FDF58A3: start as a follower, conf=-1: [68ed38f4-9c13-4e57-963b-0ddf8b5864a6:192.168.157.236:41318, a01d9800-12e3-4ec3-b51e-50c1eb51d5a4:192.168.157.236:38839, 654dc4fd-4a53-4d66-800b-5d0101b478e0:192.168.157.236:38504], old=null
2019-10-15 16:00:44,274 [pool-589-thread-1] INFO  server.RaftServerConfigKeys (ConfUtils.java:logGet(43)) - raft.server.log.statemachine.data.caching.enabled = true (custom)
2019-10-15 16:00:44,274 [pool-569-thread-1] INFO  impl.RaftServerImpl (RaftServerImpl.java:setRole(170)) - 654dc4fd-4a53-4d66-800b-5d0101b478e0@group-1CFD3FDF58A3: changes role from      null to FOLLOWER at term 0 for startAsFollower
2019-10-15 16:00:44,274 [pool-579-thread-1] INFO  segmented.SegmentedRaftLogWorker (SegmentedRaftLogWorker.java:lambda$new$0(128)) - a01d9800-12e3-4ec3-b51e-50c1eb51d5a4@group-1CFD3FDF58A3-SegmentedRaftLogWorker: flushIndex: setUnconditionally 0 -> -1
2019-10-15 16:00:44,275 [pool-589-thread-1] INFO  segmented.SegmentedRaftLogWorker (SegmentedRaftLogWorker.java:lambda$new$0(128)) - 68ed38f4-9c13-4e57-963b-0ddf8b5864a6@group-1CFD3FDF58A3-SegmentedRaftLogWorker: flushIndex: setUnconditionally 0 -> -1
2019-10-15 16:00:44,275 [pool-569-thread-1] INFO  impl.RoleInfo (RoleInfo.java:updateAndGet(143)) - 654dc4fd-4a53-4d66-800b-5d0101b478e0: start FollowerState
2019-10-15 16:00:44,275 [pool-579-thread-1] INFO  server.RaftServerConfigKeys (ConfUtils.java:logGet(43)) - raft.server.snapshot.auto.trigger.enabled = true (custom)
2019-10-15 16:00:44,275 [pool-579-thread-1] INFO  server.RaftServerConfigKeys (ConfUtils.java:logGet(43)) - raft.server.snapshot.auto.trigger.threshold = 10000 (custom)
2019-10-15 16:00:44,275 [pool-589-thread-1] INFO  server.RaftServerConfigKeys (ConfUtils.java:logGet(43)) - raft.server.snapshot.auto.trigger.enabled = true (custom)
2019-10-15 16:00:44,275 [pool-579-thread-1] INFO  server.RaftServerConfigKeys (ConfUtils.java:logGet(43)) - raft.server.snapshot.retention.file.num = 5 (custom)
2019-10-15 16:00:44,276 [pool-569-thread-1] INFO  util.JmxRegister (JmxRegister.java:tryRegister(44)) - Successfully registered JMX Bean with object name Ratis:service=RaftServer,group=group-1CFD3FDF58A3,id=654dc4fd-4a53-4d66-800b-5d0101b478e0
2019-10-15 16:00:44,275 [pool-589-thread-1] INFO  server.RaftServerConfigKeys (ConfUtils.java:logGet(43)) - raft.server.snapshot.auto.trigger.threshold = 10000 (custom)
2019-10-15 16:00:44,276 [pool-579-thread-1] INFO  server.RaftServerConfigKeys (ConfUtils.java:logGet(43)) - raft.server.retrycache.expirytime = 600000ms (custom)
2019-10-15 16:00:44,276 [pool-589-thread-1] INFO  server.RaftServerConfigKeys (ConfUtils.java:logGet(43)) - raft.server.snapshot.retention.file.num = 5 (custom)
2019-10-15 16:00:44,276 [pool-589-thread-1] INFO  server.RaftServerConfigKeys (ConfUtils.java:logGet(43)) - raft.server.retrycache.expirytime = 600000ms (custom)
2019-10-15 16:00:44,279 [pool-579-thread-1] INFO  impl.RaftServerImpl (RaftServerImpl.java:start(181)) - a01d9800-12e3-4ec3-b51e-50c1eb51d5a4@group-1CFD3FDF58A3: start as a follower, conf=-1: [68ed38f4-9c13-4e57-963b-0ddf8b5864a6:192.168.157.236:41318, a01d9800-12e3-4ec3-b51e-50c1eb51d5a4:192.168.157.236:38839, 654dc4fd-4a53-4d66-800b-5d0101b478e0:192.168.157.236:38504], old=null
2019-10-15 16:00:44,279 [pool-579-thread-1] INFO  impl.RaftServerImpl (RaftServerImpl.java:setRole(170)) - a01d9800-12e3-4ec3-b51e-50c1eb51d5a4@group-1CFD3FDF58A3: changes role from      null to FOLLOWER at term 0 for startAsFollower
2019-10-15 16:00:44,279 [pool-589-thread-1] INFO  impl.RaftServerImpl (RaftServerImpl.java:start(181)) - 68ed38f4-9c13-4e57-963b-0ddf8b5864a6@group-1CFD3FDF58A3: start as a follower, conf=-1: [68ed38f4-9c13-4e57-963b-0ddf8b5864a6:192.168.157.236:41318, a01d9800-12e3-4ec3-b51e-50c1eb51d5a4:192.168.157.236:38839, 654dc4fd-4a53-4d66-800b-5d0101b478e0:192.168.157.236:38504], old=null
2019-10-15 16:00:44,279 [pool-579-thread-1] INFO  impl.RoleInfo (RoleInfo.java:updateAndGet(143)) - a01d9800-12e3-4ec3-b51e-50c1eb51d5a4: start FollowerState
2019-10-15 16:00:44,279 [pool-589-thread-1] INFO  impl.RaftServerImpl (RaftServerImpl.java:setRole(170)) - 68ed38f4-9c13-4e57-963b-0ddf8b5864a6@group-1CFD3FDF58A3: changes role from      null to FOLLOWER at term 0 for startAsFollower
2019-10-15 16:00:44,280 [pool-589-thread-1] INFO  impl.RoleInfo (RoleInfo.java:updateAndGet(143)) - 68ed38f4-9c13-4e57-963b-0ddf8b5864a6: start FollowerState
2019-10-15 16:00:44,280 [pool-579-thread-1] INFO  util.JmxRegister (JmxRegister.java:tryRegister(44)) - Successfully registered JMX Bean with object name Ratis:service=RaftServer,group=group-1CFD3FDF58A3,id=a01d9800-12e3-4ec3-b51e-50c1eb51d5a4
2019-10-15 16:00:44,280 [pool-589-thread-1] INFO  util.JmxRegister (JmxRegister.java:tryRegister(44)) - Successfully registered JMX Bean with object name Ratis:service=RaftServer,group=group-1CFD3FDF58A3,id=68ed38f4-9c13-4e57-963b-0ddf8b5864a6
2019-10-15 16:00:44,285 [RatisPipelineUtilsThread] INFO  pipeline.PipelineStateManager (PipelineStateManager.java:addPipeline(56)) - Created pipeline Pipeline[ Id: d27e5be7-3324-4d93-8f8f-1cfd3fdf58a3, Nodes: a01d9800-12e3-4ec3-b51e-50c1eb51d5a4{ip: 192.168.157.236, host: pr-hdds-1228-hxnc5-3896710236, networkLocation: /rack1, certSerialId: null}68ed38f4-9c13-4e57-963b-0ddf8b5864a6{ip: 192.168.157.236, host: pr-hdds-1228-hxnc5-3896710236, networkLocation: /rack1, certSerialId: null}654dc4fd-4a53-4d66-800b-5d0101b478e0{ip: 192.168.157.236, host: pr-hdds-1228-hxnc5-3896710236, networkLocation: /rack1, certSerialId: null}, Type:RATIS, Factor:THREE, State:OPEN]
2019-10-15 16:00:44,367 [Thread-3409] INFO  impl.FollowerState (FollowerState.java:run(108)) - 2927af6d-ca2a-40e1-b66d-bb9b2759d3f4@group-A99EE4A3D10E-FollowerState: change to CANDIDATE, lastRpcTime:1178ms, electionTimeout:1178ms
2019-10-15 16:00:44,368 [Thread-3409] INFO  impl.RoleInfo (RoleInfo.java:shutdownFollowerState(121)) - 2927af6d-ca2a-40e1-b66d-bb9b2759d3f4: shutdown FollowerState
2019-10-15 16:00:44,368 [Thread-3409] INFO  impl.RaftServerImpl (RaftServerImpl.java:setRole(170)) - 2927af6d-ca2a-40e1-b66d-bb9b2759d3f4@group-A99EE4A3D10E: changes role from  FOLLOWER to CANDIDATE at term 0 for changeToCandidate
2019-10-15 16:00:44,368 [Thread-3409] INFO  impl.RoleInfo (RoleInfo.java:updateAndGet(143)) - 2927af6d-ca2a-40e1-b66d-bb9b2759d3f4: start LeaderElection
2019-10-15 16:00:44,374 [Thread-3412] INFO  impl.FollowerState (FollowerState.java:run(108)) - 27104e3f-effa-4be2-8c99-920d8374636e@group-AC6E567D806D-FollowerState: change to CANDIDATE, lastRpcTime:1093ms, electionTimeout:1088ms
2019-10-15 16:00:44,374 [Thread-3412] INFO  impl.RoleInfo (RoleInfo.java:shutdownFollowerState(121)) - 27104e3f-effa-4be2-8c99-920d8374636e: shutdown FollowerState
2019-10-15 16:00:44,374 [Thread-3412] INFO  impl.RaftServerImpl (RaftServerImpl.java:setRole(170)) - 27104e3f-effa-4be2-8c99-920d8374636e@group-AC6E567D806D: changes role from  FOLLOWER to CANDIDATE at term 0 for changeToCandidate
2019-10-15 16:00:44,374 [Thread-3412] INFO  impl.RoleInfo (RoleInfo.java:updateAndGet(143)) - 27104e3f-effa-4be2-8c99-920d8374636e: start LeaderElection
2019-10-15 16:00:44,379 [2927af6d-ca2a-40e1-b66d-bb9b2759d3f4@group-A99EE4A3D10E-LeaderElection104] INFO  impl.LeaderElection (LeaderElection.java:askForVotes(178)) - 2927af6d-ca2a-40e1-b66d-bb9b2759d3f4@group-A99EE4A3D10E-LeaderElection104: begin an election at term 1 for -1: [2927af6d-ca2a-40e1-b66d-bb9b2759d3f4:192.168.157.236:42710], old=null
2019-10-15 16:00:44,380 [2927af6d-ca2a-40e1-b66d-bb9b2759d3f4@group-A99EE4A3D10E-LeaderElection104] INFO  impl.RoleInfo (RoleInfo.java:shutdownLeaderElection(134)) - 2927af6d-ca2a-40e1-b66d-bb9b2759d3f4: shutdown LeaderElection
2019-10-15 16:00:44,380 [2927af6d-ca2a-40e1-b66d-bb9b2759d3f4@group-A99EE4A3D10E-LeaderElection104] INFO  impl.RaftServerImpl (RaftServerImpl.java:setRole(170)) - 2927af6d-ca2a-40e1-b66d-bb9b2759d3f4@group-A99EE4A3D10E: changes role from CANDIDATE to LEADER at term 1 for changeToLeader
2019-10-15 16:00:44,380 [2927af6d-ca2a-40e1-b66d-bb9b2759d3f4@group-A99EE4A3D10E-LeaderElection104] INFO  impl.RaftServerImpl (ServerState.java:setLeader(255)) - 2927af6d-ca2a-40e1-b66d-bb9b2759d3f4@group-A99EE4A3D10E: change Leader from null to 2927af6d-ca2a-40e1-b66d-bb9b2759d3f4 at term 1 for becomeLeader, leader elected after 1199ms
2019-10-15 16:00:44,380 [2927af6d-ca2a-40e1-b66d-bb9b2759d3f4@group-A99EE4A3D10E-LeaderElection104] INFO  server.RaftServerConfigKeys (ConfUtils.java:logGet(43)) - raft.server.staging.catchup.gap = 1000 (default)
2019-10-15 16:00:44,380 [2927af6d-ca2a-40e1-b66d-bb9b2759d3f4@group-A99EE4A3D10E-LeaderElection104] INFO  server.RaftServerConfigKeys (ConfUtils.java:logGet(43)) - raft.server.rpc.sleep.time = 25ms (default)
2019-10-15 16:00:44,381 [2927af6d-ca2a-40e1-b66d-bb9b2759d3f4@group-A99EE4A3D10E-LeaderElection104] INFO  server.RaftServerConfigKeys (ConfUtils.java:logGet(43)) - raft.server.write.element-limit = 4096 (default)
2019-10-15 16:00:44,381 [2927af6d-ca2a-40e1-b66d-bb9b2759d3f4@group-A99EE4A3D10E-LeaderElection104] INFO  server.RaftServerConfigKeys (ConfUtils.java:logGet(43)) - raft.server.watch.timeout = 10s (default)
2019-10-15 16:00:44,381 [2927af6d-ca2a-40e1-b66d-bb9b2759d3f4@group-A99EE4A3D10E-LeaderElection104] INFO  server.RaftServerConfigKeys (ConfUtils.java:logGet(43)) - raft.server.watch.timeout.denomination = 1s (default)
2019-10-15 16:00:44,381 [2927af6d-ca2a-40e1-b66d-bb9b2759d3f4@group-A99EE4A3D10E-LeaderElection104] INFO  server.RaftServerConfigKeys (ConfUtils.java:logGet(43)) - raft.server.watch.element-limit = 65536 (default)
2019-10-15 16:00:44,382 [2927af6d-ca2a-40e1-b66d-bb9b2759d3f4@group-A99EE4A3D10E-LeaderElection104] INFO  impl.RoleInfo (RoleInfo.java:updateAndGet(143)) - 2927af6d-ca2a-40e1-b66d-bb9b2759d3f4: start LeaderState
2019-10-15 16:00:44,383 [2927af6d-ca2a-40e1-b66d-bb9b2759d3f4@group-A99EE4A3D10E-LeaderElection104] INFO  segmented.SegmentedRaftLogWorker (SegmentedRaftLogWorker.java:startLogSegment(385)) - 2927af6d-ca2a-40e1-b66d-bb9b2759d3f4@group-A99EE4A3D10E-SegmentedRaftLogWorker: Starting segment from index:0
2019-10-15 16:00:44,383 [2927af6d-ca2a-40e1-b66d-bb9b2759d3f4@group-A99EE4A3D10E-LeaderElection104] INFO  impl.RaftServerImpl (ServerState.java:setRaftConf(356)) - 2927af6d-ca2a-40e1-b66d-bb9b2759d3f4@group-A99EE4A3D10E: set configuration 0: [2927af6d-ca2a-40e1-b66d-bb9b2759d3f4:192.168.157.236:42710], old=null at 0
2019-10-15 16:00:44,397 [27104e3f-effa-4be2-8c99-920d8374636e@group-AC6E567D806D-LeaderElection105] INFO  impl.LeaderElection (LeaderElection.java:askForVotes(178)) - 27104e3f-effa-4be2-8c99-920d8374636e@group-AC6E567D806D-LeaderElection105: begin an election at term 1 for -1: [27104e3f-effa-4be2-8c99-920d8374636e:192.168.157.236:38728], old=null
2019-10-15 16:00:44,397 [27104e3f-effa-4be2-8c99-920d8374636e@group-AC6E567D806D-LeaderElection105] INFO  impl.RoleInfo (RoleInfo.java:shutdownLeaderElection(134)) - 27104e3f-effa-4be2-8c99-920d8374636e: shutdown LeaderElection
2019-10-15 16:00:44,398 [27104e3f-effa-4be2-8c99-920d8374636e@group-AC6E567D806D-LeaderElection105] INFO  impl.RaftServerImpl (RaftServerImpl.java:setRole(170)) - 27104e3f-effa-4be2-8c99-920d8374636e@group-AC6E567D806D: changes role from CANDIDATE to LEADER at term 1 for changeToLeader
2019-10-15 16:00:44,398 [27104e3f-effa-4be2-8c99-920d8374636e@group-AC6E567D806D-LeaderElection105] INFO  impl.RaftServerImpl (ServerState.java:setLeader(255)) - 27104e3f-effa-4be2-8c99-920d8374636e@group-AC6E567D806D: change Leader from null to 27104e3f-effa-4be2-8c99-920d8374636e at term 1 for becomeLeader, leader elected after 1124ms
2019-10-15 16:00:44,398 [27104e3f-effa-4be2-8c99-920d8374636e@group-AC6E567D806D-LeaderElection105] INFO  server.RaftServerConfigKeys (ConfUtils.java:logGet(43)) - raft.server.staging.catchup.gap = 1000 (default)
2019-10-15 16:00:44,398 [27104e3f-effa-4be2-8c99-920d8374636e@group-AC6E567D806D-LeaderElection105] INFO  server.RaftServerConfigKeys (ConfUtils.java:logGet(43)) - raft.server.rpc.sleep.time = 25ms (default)
2019-10-15 16:00:44,398 [27104e3f-effa-4be2-8c99-920d8374636e@group-AC6E567D806D-LeaderElection105] INFO  server.RaftServerConfigKeys (ConfUtils.java:logGet(43)) - raft.server.write.element-limit = 4096 (default)
2019-10-15 16:00:44,398 [27104e3f-effa-4be2-8c99-920d8374636e@group-AC6E567D806D-LeaderElection105] INFO  server.RaftServerConfigKeys (ConfUtils.java:logGet(43)) - raft.server.watch.timeout = 10s (default)
2019-10-15 16:00:44,398 [27104e3f-effa-4be2-8c99-920d8374636e@group-AC6E567D806D-LeaderElection105] INFO  server.RaftServerConfigKeys (ConfUtils.java:logGet(43)) - raft.server.watch.timeout.denomination = 1s (default)
2019-10-15 16:00:44,398 [27104e3f-effa-4be2-8c99-920d8374636e@group-AC6E567D806D-LeaderElection105] INFO  server.RaftServerConfigKeys (ConfUtils.java:logGet(43)) - raft.server.watch.element-limit = 65536 (default)
2019-10-15 16:00:44,400 [27104e3f-effa-4be2-8c99-920d8374636e@group-AC6E567D806D-LeaderElection105] INFO  impl.RoleInfo (RoleInfo.java:updateAndGet(143)) - 27104e3f-effa-4be2-8c99-920d8374636e: start LeaderState
2019-10-15 16:00:44,400 [27104e3f-effa-4be2-8c99-920d8374636e@group-AC6E567D806D-LeaderElection105] INFO  segmented.SegmentedRaftLogWorker (SegmentedRaftLogWorker.java:startLogSegment(385)) - 27104e3f-effa-4be2-8c99-920d8374636e@group-AC6E567D806D-SegmentedRaftLogWorker: Starting segment from index:0
2019-10-15 16:00:44,401 [27104e3f-effa-4be2-8c99-920d8374636e@group-AC6E567D806D-LeaderElection105] INFO  impl.RaftServerImpl (ServerState.java:setRaftConf(356)) - 27104e3f-effa-4be2-8c99-920d8374636e@group-AC6E567D806D: set configuration 0: [27104e3f-effa-4be2-8c99-920d8374636e:192.168.157.236:38728], old=null at 0
2019-10-15 16:00:44,432 [2927af6d-ca2a-40e1-b66d-bb9b2759d3f4@group-A99EE4A3D10E-SegmentedRaftLogWorker] INFO  segmented.SegmentedRaftLogWorker (SegmentedRaftLogWorker.java:execute(574)) - 2927af6d-ca2a-40e1-b66d-bb9b2759d3f4@group-A99EE4A3D10E-SegmentedRaftLogWorker: created new log segment /workdir/hadoop-ozone/integration-test/target/test-dir/MiniOzoneClusterImpl-db5d02a6-340f-494d-b00e-bf4b2df0003c/datanode-0/data/ratis/27cc6aed-d4ac-439d-af2d-a99ee4a3d10e/current/log_inprogress_0
2019-10-15 16:00:44,455 [27104e3f-effa-4be2-8c99-920d8374636e@group-AC6E567D806D-SegmentedRaftLogWorker] INFO  segmented.SegmentedRaftLogWorker (SegmentedRaftLogWorker.java:execute(574)) - 27104e3f-effa-4be2-8c99-920d8374636e@group-AC6E567D806D-SegmentedRaftLogWorker: created new log segment /workdir/hadoop-ozone/integration-test/target/test-dir/MiniOzoneClusterImpl-db5d02a6-340f-494d-b00e-bf4b2df0003c/datanode-1/data/ratis/bff2d69a-39d9-45a8-8492-ac6e567d806d/current/log_inprogress_0
2019-10-15 16:00:44,783 [Thread-3415] INFO  impl.FollowerState (FollowerState.java:run(108)) - 957624b1-130b-40b6-b716-6996dbe1f26c@group-B3903A8B8ED4-FollowerState: change to CANDIDATE, lastRpcTime:1017ms, electionTimeout:1017ms
2019-10-15 16:00:44,784 [Thread-3415] INFO  impl.RoleInfo (RoleInfo.java:shutdownFollowerState(121)) - 957624b1-130b-40b6-b716-6996dbe1f26c: shutdown FollowerState
2019-10-15 16:00:44,784 [Thread-3415] INFO  impl.RaftServerImpl (RaftServerImpl.java:setRole(170)) - 957624b1-130b-40b6-b716-6996dbe1f26c@group-B3903A8B8ED4: changes role from  FOLLOWER to CANDIDATE at term 0 for changeToCandidate
2019-10-15 16:00:44,784 [Thread-3415] INFO  impl.RoleInfo (RoleInfo.java:updateAndGet(143)) - 957624b1-130b-40b6-b716-6996dbe1f26c: start LeaderElection
2019-10-15 16:00:44,813 [957624b1-130b-40b6-b716-6996dbe1f26c@group-B3903A8B8ED4-LeaderElection106] INFO  impl.LeaderElection (LeaderElection.java:askForVotes(178)) - 957624b1-130b-40b6-b716-6996dbe1f26c@group-B3903A8B8ED4-LeaderElection106: begin an election at term 1 for -1: [957624b1-130b-40b6-b716-6996dbe1f26c:192.168.157.236:35608], old=null
2019-10-15 16:00:44,813 [957624b1-130b-40b6-b716-6996dbe1f26c@group-B3903A8B8ED4-LeaderElection106] INFO  impl.RoleInfo (RoleInfo.java:shutdownLeaderElection(134)) - 957624b1-130b-40b6-b716-6996dbe1f26c: shutdown LeaderElection
2019-10-15 16:00:44,813 [957624b1-130b-40b6-b716-6996dbe1f26c@group-B3903A8B8ED4-LeaderElection106] INFO  impl.RaftServerImpl (RaftServerImpl.java:setRole(170)) - 957624b1-130b-40b6-b716-6996dbe1f26c@group-B3903A8B8ED4: changes role from CANDIDATE to LEADER at term 1 for changeToLeader
2019-10-15 16:00:44,813 [957624b1-130b-40b6-b716-6996dbe1f26c@group-B3903A8B8ED4-LeaderElection106] INFO  impl.RaftServerImpl (ServerState.java:setLeader(255)) - 957624b1-130b-40b6-b716-6996dbe1f26c@group-B3903A8B8ED4: change Leader from null to 957624b1-130b-40b6-b716-6996dbe1f26c at term 1 for becomeLeader, leader elected after 1053ms
2019-10-15 16:00:44,813 [957624b1-130b-40b6-b716-6996dbe1f26c@group-B3903A8B8ED4-LeaderElection106] INFO  server.RaftServerConfigKeys (ConfUtils.java:logGet(43)) - raft.server.staging.catchup.gap = 1000 (default)
2019-10-15 16:00:44,813 [957624b1-130b-40b6-b716-6996dbe1f26c@group-B3903A8B8ED4-LeaderElection106] INFO  server.RaftServerConfigKeys (ConfUtils.java:logGet(43)) - raft.server.rpc.sleep.time = 25ms (default)
2019-10-15 16:00:44,814 [957624b1-130b-40b6-b716-6996dbe1f26c@group-B3903A8B8ED4-LeaderElection106] INFO  server.RaftServerConfigKeys (ConfUtils.java:logGet(43)) - raft.server.write.element-limit = 4096 (default)
2019-10-15 16:00:44,814 [957624b1-130b-40b6-b716-6996dbe1f26c@group-B3903A8B8ED4-LeaderElection106] INFO  server.RaftServerConfigKeys (ConfUtils.java:logGet(43)) - raft.server.watch.timeout = 10s (default)
2019-10-15 16:00:44,814 [957624b1-130b-40b6-b716-6996dbe1f26c@group-B3903A8B8ED4-LeaderElection106] INFO  server.RaftServerConfigKeys (ConfUtils.java:logGet(43)) - raft.server.watch.timeout.denomination = 1s (default)
2019-10-15 16:00:44,814 [957624b1-130b-40b6-b716-6996dbe1f26c@group-B3903A8B8ED4-LeaderElection106] INFO  server.RaftServerConfigKeys (ConfUtils.java:logGet(43)) - raft.server.watch.element-limit = 65536 (default)
2019-10-15 16:00:44,815 [957624b1-130b-40b6-b716-6996dbe1f26c@group-B3903A8B8ED4-LeaderElection106] INFO  impl.RoleInfo (RoleInfo.java:updateAndGet(143)) - 957624b1-130b-40b6-b716-6996dbe1f26c: start LeaderState
2019-10-15 16:00:44,816 [957624b1-130b-40b6-b716-6996dbe1f26c@group-B3903A8B8ED4-LeaderElection106] INFO  segmented.SegmentedRaftLogWorker (SegmentedRaftLogWorker.java:startLogSegment(385)) - 957624b1-130b-40b6-b716-6996dbe1f26c@group-B3903A8B8ED4-SegmentedRaftLogWorker: Starting segment from index:0
2019-10-15 16:00:44,816 [957624b1-130b-40b6-b716-6996dbe1f26c@group-B3903A8B8ED4-LeaderElection106] INFO  impl.RaftServerImpl (ServerState.java:setRaftConf(356)) - 957624b1-130b-40b6-b716-6996dbe1f26c@group-B3903A8B8ED4: set configuration 0: [957624b1-130b-40b6-b716-6996dbe1f26c:192.168.157.236:35608], old=null at 0
2019-10-15 16:00:44,873 [957624b1-130b-40b6-b716-6996dbe1f26c@group-B3903A8B8ED4-SegmentedRaftLogWorker] INFO  segmented.SegmentedRaftLogWorker (SegmentedRaftLogWorker.java:execute(574)) - 957624b1-130b-40b6-b716-6996dbe1f26c@group-B3903A8B8ED4-SegmentedRaftLogWorker: created new log segment /workdir/hadoop-ozone/integration-test/target/test-dir/MiniOzoneClusterImpl-db5d02a6-340f-494d-b00e-bf4b2df0003c/datanode-2/data/ratis/21f836d1-d42f-4e5a-8daa-b3903a8b8ed4/current/log_inprogress_0
2019-10-15 16:00:44,944 [Thread-3421] INFO  impl.FollowerState (FollowerState.java:run(108)) - 2927af6d-ca2a-40e1-b66d-bb9b2759d3f4@group-3F7D09197A50-FollowerState: change to CANDIDATE, lastRpcTime:1108ms, electionTimeout:1108ms
2019-10-15 16:00:44,944 [Thread-3421] INFO  impl.RoleInfo (RoleInfo.java:shutdownFollowerState(121)) - 2927af6d-ca2a-40e1-b66d-bb9b2759d3f4: shutdown FollowerState
2019-10-15 16:00:44,944 [Thread-3421] INFO  impl.RaftServerImpl (RaftServerImpl.java:setRole(170)) - 2927af6d-ca2a-40e1-b66d-bb9b2759d3f4@group-3F7D09197A50: changes role from  FOLLOWER to CANDIDATE at term 0 for changeToCandidate
2019-10-15 16:00:44,945 [Thread-3421] INFO  impl.RoleInfo (RoleInfo.java:updateAndGet(143)) - 2927af6d-ca2a-40e1-b66d-bb9b2759d3f4: start LeaderElection
2019-10-15 16:00:44,969 [Thread-3422] INFO  impl.FollowerState (FollowerState.java:run(108)) - 957624b1-130b-40b6-b716-6996dbe1f26c@group-3F7D09197A50-FollowerState: change to CANDIDATE, lastRpcTime:1133ms, electionTimeout:1133ms
2019-10-15 16:00:44,969 [Thread-3422] INFO  impl.RoleInfo (RoleInfo.java:shutdownFollowerState(121)) - 957624b1-130b-40b6-b716-6996dbe1f26c: shutdown FollowerState
2019-10-15 16:00:44,970 [Thread-3422] INFO  impl.RaftServerImpl (RaftServerImpl.java:setRole(170)) - 957624b1-130b-40b6-b716-6996dbe1f26c@group-3F7D09197A50: changes role from  FOLLOWER to CANDIDATE at term 0 for changeToCandidate
2019-10-15 16:00:44,970 [Thread-3422] INFO  impl.RoleInfo (RoleInfo.java:updateAndGet(143)) - 957624b1-130b-40b6-b716-6996dbe1f26c: start LeaderElection
2019-10-15 16:00:44,995 [2927af6d-ca2a-40e1-b66d-bb9b2759d3f4@group-3F7D09197A50-LeaderElection107] INFO  impl.LeaderElection (LeaderElection.java:askForVotes(178)) - 2927af6d-ca2a-40e1-b66d-bb9b2759d3f4@group-3F7D09197A50-LeaderElection107: begin an election at term 1 for -1: [27104e3f-effa-4be2-8c99-920d8374636e:192.168.157.236:38728, 2927af6d-ca2a-40e1-b66d-bb9b2759d3f4:192.168.157.236:42710, 957624b1-130b-40b6-b716-6996dbe1f26c:192.168.157.236:35608], old=null
2019-10-15 16:00:45,006 [grpc-default-executor-1] INFO  impl.RaftServerImpl (RaftServerImpl.java:setRole(170)) - 27104e3f-effa-4be2-8c99-920d8374636e@group-3F7D09197A50: changes role from  FOLLOWER to FOLLOWER at term 1 for recognizeCandidate:2927af6d-ca2a-40e1-b66d-bb9b2759d3f4
2019-10-15 16:00:45,007 [grpc-default-executor-1] INFO  impl.RoleInfo (RoleInfo.java:shutdownFollowerState(121)) - 27104e3f-effa-4be2-8c99-920d8374636e: shutdown FollowerState
2019-10-15 16:00:45,007 [grpc-default-executor-1] INFO  impl.RoleInfo (RoleInfo.java:updateAndGet(143)) - 27104e3f-effa-4be2-8c99-920d8374636e: start FollowerState
2019-10-15 16:00:45,007 [Thread-3420] INFO  impl.FollowerState (FollowerState.java:run(117)) - 27104e3f-effa-4be2-8c99-920d8374636e@group-3F7D09197A50-FollowerState was interrupted: java.lang.InterruptedException: sleep interrupted
2019-10-15 16:00:45,015 [957624b1-130b-40b6-b716-6996dbe1f26c@group-3F7D09197A50-LeaderElection108] INFO  impl.LeaderElection (LeaderElection.java:askForVotes(178)) - 957624b1-130b-40b6-b716-6996dbe1f26c@group-3F7D09197A50-LeaderElection108: begin an election at term 1 for -1: [27104e3f-effa-4be2-8c99-920d8374636e:192.168.157.236:38728, 2927af6d-ca2a-40e1-b66d-bb9b2759d3f4:192.168.157.236:42710, 957624b1-130b-40b6-b716-6996dbe1f26c:192.168.157.236:35608], old=null
2019-10-15 16:00:45,030 [957624b1-130b-40b6-b716-6996dbe1f26c@group-3F7D09197A50-LeaderElection108] INFO  impl.LeaderElection (LeaderElection.java:logAndReturn(56)) - 957624b1-130b-40b6-b716-6996dbe1f26c@group-3F7D09197A50-LeaderElection108: Election REJECTED; received 2 response(s) [957624b1-130b-40b6-b716-6996dbe1f26c<-27104e3f-effa-4be2-8c99-920d8374636e#0:FAIL-t1, 957624b1-130b-40b6-b716-6996dbe1f26c<-2927af6d-ca2a-40e1-b66d-bb9b2759d3f4#0:FAIL-t1] and 0 exception(s); 957624b1-130b-40b6-b716-6996dbe1f26c@group-3F7D09197A50:t1, leader=null, voted=957624b1-130b-40b6-b716-6996dbe1f26c, raftlog=957624b1-130b-40b6-b716-6996dbe1f26c@group-3F7D09197A50-SegmentedRaftLog:OPENED:c-1,f-1,i0, conf=-1: [27104e3f-effa-4be2-8c99-920d8374636e:192.168.157.236:38728, 2927af6d-ca2a-40e1-b66d-bb9b2759d3f4:192.168.157.236:42710, 957624b1-130b-40b6-b716-6996dbe1f26c:192.168.157.236:35608], old=null
2019-10-15 16:00:45,030 [2927af6d-ca2a-40e1-b66d-bb9b2759d3f4@group-3F7D09197A50-LeaderElection107] INFO  impl.LeaderElection (LeaderElection.java:logAndReturn(56)) - 2927af6d-ca2a-40e1-b66d-bb9b2759d3f4@group-3F7D09197A50-LeaderElection107: Election PASSED; received 2 response(s) [2927af6d-ca2a-40e1-b66d-bb9b2759d3f4<-27104e3f-effa-4be2-8c99-920d8374636e#0:OK-t1, 2927af6d-ca2a-40e1-b66d-bb9b2759d3f4<-957624b1-130b-40b6-b716-6996dbe1f26c#0:FAIL-t1] and 0 exception(s); 2927af6d-ca2a-40e1-b66d-bb9b2759d3f4@group-3F7D09197A50:t1, leader=null, voted=2927af6d-ca2a-40e1-b66d-bb9b2759d3f4, raftlog=2927af6d-ca2a-40e1-b66d-bb9b2759d3f4@group-3F7D09197A50-SegmentedRaftLog:OPENED:c-1,f-1,i0, conf=-1: [27104e3f-effa-4be2-8c99-920d8374636e:192.168.157.236:38728, 2927af6d-ca2a-40e1-b66d-bb9b2759d3f4:192.168.157.236:42710, 957624b1-130b-40b6-b716-6996dbe1f26c:192.168.157.236:35608], old=null
2019-10-15 16:00:45,030 [957624b1-130b-40b6-b716-6996dbe1f26c@group-3F7D09197A50-LeaderElection108] INFO  impl.RaftServerImpl (RaftServerImpl.java:setRole(170)) - 957624b1-130b-40b6-b716-6996dbe1f26c@group-3F7D09197A50: changes role from CANDIDATE to FOLLOWER at term 1 for DISCOVERED_A_NEW_TERM
2019-10-15 16:00:45,030 [2927af6d-ca2a-40e1-b66d-bb9b2759d3f4@group-3F7D09197A50-LeaderElection107] INFO  impl.RoleInfo (RoleInfo.java:shutdownLeaderElection(134)) - 2927af6d-ca2a-40e1-b66d-bb9b2759d3f4: shutdown LeaderElection
2019-10-15 16:00:45,031 [957624b1-130b-40b6-b716-6996dbe1f26c@group-3F7D09197A50-LeaderElection108] INFO  impl.RoleInfo (RoleInfo.java:shutdownLeaderElection(134)) - 957624b1-130b-40b6-b716-6996dbe1f26c: shutdown LeaderElection
2019-10-15 16:00:45,031 [2927af6d-ca2a-40e1-b66d-bb9b2759d3f4@group-3F7D09197A50-LeaderElection107] INFO  impl.RaftServerImpl (RaftServerImpl.java:setRole(170)) - 2927af6d-ca2a-40e1-b66d-bb9b2759d3f4@group-3F7D09197A50: changes role from CANDIDATE to LEADER at term 1 for changeToLeader
2019-10-15 16:00:45,031 [957624b1-130b-40b6-b716-6996dbe1f26c@group-3F7D09197A50-LeaderElection108] INFO  impl.RoleInfo (RoleInfo.java:updateAndGet(143)) - 957624b1-130b-40b6-b716-6996dbe1f26c: start FollowerState
2019-10-15 16:00:45,031 [2927af6d-ca2a-40e1-b66d-bb9b2759d3f4@group-3F7D09197A50-LeaderElection107] INFO  impl.RaftServerImpl (ServerState.java:setLeader(255)) - 2927af6d-ca2a-40e1-b66d-bb9b2759d3f4@group-3F7D09197A50: change Leader from null to 2927af6d-ca2a-40e1-b66d-bb9b2759d3f4 at term 1 for becomeLeader, leader elected after 1209ms
2019-10-15 16:00:45,031 [2927af6d-ca2a-40e1-b66d-bb9b2759d3f4@group-3F7D09197A50-LeaderElection107] INFO  server.RaftServerConfigKeys (ConfUtils.java:logGet(43)) - raft.server.staging.catchup.gap = 1000 (default)
2019-10-15 16:00:45,032 [2927af6d-ca2a-40e1-b66d-bb9b2759d3f4@group-3F7D09197A50-LeaderElection107] INFO  server.RaftServerConfigKeys (ConfUtils.java:logGet(43)) - raft.server.rpc.sleep.time = 25ms (default)
2019-10-15 16:00:45,032 [2927af6d-ca2a-40e1-b66d-bb9b2759d3f4@group-3F7D09197A50-LeaderElection107] INFO  server.RaftServerConfigKeys (ConfUtils.java:logGet(43)) - raft.server.write.element-limit = 4096 (default)
2019-10-15 16:00:45,032 [2927af6d-ca2a-40e1-b66d-bb9b2759d3f4@group-3F7D09197A50-LeaderElection107] INFO  server.RaftServerConfigKeys (ConfUtils.java:logGet(43)) - raft.server.watch.timeout = 10s (default)
2019-10-15 16:00:45,032 [2927af6d-ca2a-40e1-b66d-bb9b2759d3f4@group-3F7D09197A50-LeaderElection107] INFO  server.RaftServerConfigKeys (ConfUtils.java:logGet(43)) - raft.server.watch.timeout.denomination = 1s (default)
2019-10-15 16:00:45,032 [2927af6d-ca2a-40e1-b66d-bb9b2759d3f4@group-3F7D09197A50-LeaderElection107] INFO  server.RaftServerConfigKeys (ConfUtils.java:logGet(43)) - raft.server.watch.element-limit = 65536 (default)
2019-10-15 16:00:45,034 [2927af6d-ca2a-40e1-b66d-bb9b2759d3f4@group-3F7D09197A50-LeaderElection107] INFO  server.RaftServerConfigKeys (ConfUtils.java:logGet(43)) - raft.server.log.appender.snapshot.chunk.size.max = 16MB (=16777216) (default)
2019-10-15 16:00:45,035 [2927af6d-ca2a-40e1-b66d-bb9b2759d3f4@group-3F7D09197A50-LeaderElection107] INFO  server.RaftServerConfigKeys (ConfUtils.java:logGet(43)) - raft.server.log.appender.buffer.byte-limit = 33554432 (custom)
2019-10-15 16:00:45,035 [2927af6d-ca2a-40e1-b66d-bb9b2759d3f4@group-3F7D09197A50-LeaderElection107] INFO  server.RaftServerConfigKeys (ConfUtils.java:logGet(43)) - raft.server.log.appender.buffer.element-limit = 1 (custom)
2019-10-15 16:00:45,035 [2927af6d-ca2a-40e1-b66d-bb9b2759d3f4@group-3F7D09197A50-LeaderElection107] INFO  grpc.GrpcConfigKeys$Server (ConfUtils.java:logGet(43)) - raft.grpc.server.leader.outstanding.appends.max = 128 (default)
2019-10-15 16:00:45,035 [2927af6d-ca2a-40e1-b66d-bb9b2759d3f4@group-3F7D09197A50-LeaderElection107] INFO  server.RaftServerConfigKeys (ConfUtils.java:logGet(43)) - raft.server.rpc.request.timeout = 3000ms (default)
2019-10-15 16:00:45,036 [2927af6d-ca2a-40e1-b66d-bb9b2759d3f4@group-3F7D09197A50-LeaderElection107] INFO  server.RaftServerConfigKeys (ConfUtils.java:logGet(43)) - raft.server.log.appender.install.snapshot.enabled = false (custom)
2019-10-15 16:00:45,036 [2927af6d-ca2a-40e1-b66d-bb9b2759d3f4@group-3F7D09197A50-LeaderElection107] INFO  server.RaftServerConfigKeys (ConfUtils.java:logGet(43)) - raft.server.log.appender.snapshot.chunk.size.max = 16MB (=16777216) (default)
2019-10-15 16:00:45,036 [2927af6d-ca2a-40e1-b66d-bb9b2759d3f4@group-3F7D09197A50-LeaderElection107] INFO  server.RaftServerConfigKeys (ConfUtils.java:logGet(43)) - raft.server.log.appender.buffer.byte-limit = 33554432 (custom)
2019-10-15 16:00:45,036 [2927af6d-ca2a-40e1-b66d-bb9b2759d3f4@group-3F7D09197A50-LeaderElection107] INFO  server.RaftServerConfigKeys (ConfUtils.java:logGet(43)) - raft.server.log.appender.buffer.element-limit = 1 (custom)
2019-10-15 16:00:45,036 [2927af6d-ca2a-40e1-b66d-bb9b2759d3f4@group-3F7D09197A50-LeaderElection107] INFO  grpc.GrpcConfigKeys$Server (ConfUtils.java:logGet(43)) - raft.grpc.server.leader.outstanding.appends.max = 128 (default)
2019-10-15 16:00:45,036 [2927af6d-ca2a-40e1-b66d-bb9b2759d3f4@group-3F7D09197A50-LeaderElection107] INFO  server.RaftServerConfigKeys (ConfUtils.java:logGet(43)) - raft.server.rpc.request.timeout = 3000ms (default)
2019-10-15 16:00:45,037 [2927af6d-ca2a-40e1-b66d-bb9b2759d3f4@group-3F7D09197A50-LeaderElection107] INFO  server.RaftServerConfigKeys (ConfUtils.java:logGet(43)) - raft.server.log.appender.install.snapshot.enabled = false (custom)
2019-10-15 16:00:45,037 [2927af6d-ca2a-40e1-b66d-bb9b2759d3f4@group-3F7D09197A50-LeaderElection107] INFO  impl.RoleInfo (RoleInfo.java:updateAndGet(143)) - 2927af6d-ca2a-40e1-b66d-bb9b2759d3f4: start LeaderState
2019-10-15 16:00:45,038 [2927af6d-ca2a-40e1-b66d-bb9b2759d3f4@group-3F7D09197A50-LeaderElection107] INFO  segmented.SegmentedRaftLogWorker (SegmentedRaftLogWorker.java:startLogSegment(385)) - 2927af6d-ca2a-40e1-b66d-bb9b2759d3f4@group-3F7D09197A50-SegmentedRaftLogWorker: Starting segment from index:0
2019-10-15 16:00:45,039 [2927af6d-ca2a-40e1-b66d-bb9b2759d3f4@group-3F7D09197A50-LeaderElection107] INFO  impl.RaftServerImpl (ServerState.java:setRaftConf(356)) - 2927af6d-ca2a-40e1-b66d-bb9b2759d3f4@group-3F7D09197A50: set configuration 0: [27104e3f-effa-4be2-8c99-920d8374636e:192.168.157.236:38728, 2927af6d-ca2a-40e1-b66d-bb9b2759d3f4:192.168.157.236:42710, 957624b1-130b-40b6-b716-6996dbe1f26c:192.168.157.236:35608], old=null at 0
2019-10-15 16:00:45,066 [Thread-3430] INFO  impl.FollowerState (FollowerState.java:run(108)) - b35b7e43-25db-42e2-b325-3149b7a1b771@group-0409D57F533B-FollowerState: change to CANDIDATE, lastRpcTime:1109ms, electionTimeout:1106ms
2019-10-15 16:00:45,067 [Thread-3430] INFO  impl.RoleInfo (RoleInfo.java:shutdownFollowerState(121)) - b35b7e43-25db-42e2-b325-3149b7a1b771: shutdown FollowerState
2019-10-15 16:00:45,067 [Thread-3430] INFO  impl.RaftServerImpl (RaftServerImpl.java:setRole(170)) - b35b7e43-25db-42e2-b325-3149b7a1b771@group-0409D57F533B: changes role from  FOLLOWER to CANDIDATE at term 0 for changeToCandidate
2019-10-15 16:00:45,067 [Thread-3430] INFO  impl.RoleInfo (RoleInfo.java:updateAndGet(143)) - b35b7e43-25db-42e2-b325-3149b7a1b771: start LeaderElection
2019-10-15 16:00:45,068 [grpc-default-executor-3] INFO  impl.RaftServerImpl (ServerState.java:setLeader(255)) - 27104e3f-effa-4be2-8c99-920d8374636e@group-3F7D09197A50: change Leader from null to 2927af6d-ca2a-40e1-b66d-bb9b2759d3f4 at term 1 for appendEntries, leader elected after 1245ms
2019-10-15 16:00:45,068 [Thread-3427] INFO  impl.FollowerState (FollowerState.java:run(108)) - 28e55072-d071-4509-bf9d-64087afe3472@group-42F77210EFDA-FollowerState: change to CANDIDATE, lastRpcTime:1156ms, electionTimeout:1156ms
2019-10-15 16:00:45,068 [grpc-default-executor-1] INFO  impl.RaftServerImpl (ServerState.java:setLeader(255)) - 957624b1-130b-40b6-b716-6996dbe1f26c@group-3F7D09197A50: change Leader from null to 2927af6d-ca2a-40e1-b66d-bb9b2759d3f4 at term 1 for appendEntries, leader elected after 1245ms
2019-10-15 16:00:45,072 [Thread-3427] INFO  impl.RoleInfo (RoleInfo.java:shutdownFollowerState(121)) - 28e55072-d071-4509-bf9d-64087afe3472: shutdown FollowerState
2019-10-15 16:00:45,073 [Thread-3427] INFO  impl.RaftServerImpl (RaftServerImpl.java:setRole(170)) - 28e55072-d071-4509-bf9d-64087afe3472@group-42F77210EFDA: changes role from  FOLLOWER to CANDIDATE at term 0 for changeToCandidate
2019-10-15 16:00:45,073 [Thread-3427] INFO  impl.RoleInfo (RoleInfo.java:updateAndGet(143)) - 28e55072-d071-4509-bf9d-64087afe3472: start LeaderElection
2019-10-15 16:00:45,079 [grpc-default-executor-3] INFO  impl.RaftServerImpl (ServerState.java:setRaftConf(356)) - 27104e3f-effa-4be2-8c99-920d8374636e@group-3F7D09197A50: set configuration 0: [27104e3f-effa-4be2-8c99-920d8374636e:192.168.157.236:38728, 2927af6d-ca2a-40e1-b66d-bb9b2759d3f4:192.168.157.236:42710, 957624b1-130b-40b6-b716-6996dbe1f26c:192.168.157.236:35608], old=null at 0
2019-10-15 16:00:45,079 [grpc-default-executor-1] INFO  impl.RaftServerImpl (ServerState.java:setRaftConf(356)) - 957624b1-130b-40b6-b716-6996dbe1f26c@group-3F7D09197A50: set configuration 0: [27104e3f-effa-4be2-8c99-920d8374636e:192.168.157.236:38728, 2927af6d-ca2a-40e1-b66d-bb9b2759d3f4:192.168.157.236:42710, 957624b1-130b-40b6-b716-6996dbe1f26c:192.168.157.236:35608], old=null at 0
2019-10-15 16:00:45,080 [grpc-default-executor-3] INFO  segmented.SegmentedRaftLogWorker (SegmentedRaftLogWorker.java:startLogSegment(385)) - 27104e3f-effa-4be2-8c99-920d8374636e@group-3F7D09197A50-SegmentedRaftLogWorker: Starting segment from index:0
2019-10-15 16:00:45,080 [grpc-default-executor-1] INFO  segmented.SegmentedRaftLogWorker (SegmentedRaftLogWorker.java:startLogSegment(385)) - 957624b1-130b-40b6-b716-6996dbe1f26c@group-3F7D09197A50-SegmentedRaftLogWorker: Starting segment from index:0
2019-10-15 16:00:45,081 [2927af6d-ca2a-40e1-b66d-bb9b2759d3f4@group-3F7D09197A50-SegmentedRaftLogWorker] INFO  segmented.SegmentedRaftLogWorker (SegmentedRaftLogWorker.java:execute(574)) - 2927af6d-ca2a-40e1-b66d-bb9b2759d3f4@group-3F7D09197A50-SegmentedRaftLogWorker: created new log segment /workdir/hadoop-ozone/integration-test/target/test-dir/MiniOzoneClusterImpl-db5d02a6-340f-494d-b00e-bf4b2df0003c/datanode-0/data/ratis/c514cab4-92c3-411d-b60f-3f7d09197a50/current/log_inprogress_0
2019-10-15 16:00:45,081 [b35b7e43-25db-42e2-b325-3149b7a1b771@group-0409D57F533B-LeaderElection109] INFO  impl.LeaderElection (LeaderElection.java:askForVotes(178)) - b35b7e43-25db-42e2-b325-3149b7a1b771@group-0409D57F533B-LeaderElection109: begin an election at term 1 for -1: [b35b7e43-25db-42e2-b325-3149b7a1b771:192.168.157.236:34113], old=null
2019-10-15 16:00:45,082 [b35b7e43-25db-42e2-b325-3149b7a1b771@group-0409D57F533B-LeaderElection109] INFO  impl.RoleInfo (RoleInfo.java:shutdownLeaderElection(134)) - b35b7e43-25db-42e2-b325-3149b7a1b771: shutdown LeaderElection
2019-10-15 16:00:45,082 [b35b7e43-25db-42e2-b325-3149b7a1b771@group-0409D57F533B-LeaderElection109] INFO  impl.RaftServerImpl (RaftServerImpl.java:setRole(170)) - b35b7e43-25db-42e2-b325-3149b7a1b771@group-0409D57F533B: changes role from CANDIDATE to LEADER at term 1 for changeToLeader
2019-10-15 16:00:45,082 [b35b7e43-25db-42e2-b325-3149b7a1b771@group-0409D57F533B-LeaderElection109] INFO  impl.RaftServerImpl (ServerState.java:setLeader(255)) - b35b7e43-25db-42e2-b325-3149b7a1b771@group-0409D57F533B: change Leader from null to b35b7e43-25db-42e2-b325-3149b7a1b771 at term 1 for becomeLeader, leader elected after 1134ms
2019-10-15 16:00:45,082 [b35b7e43-25db-42e2-b325-3149b7a1b771@group-0409D57F533B-LeaderElection109] INFO  server.RaftServerConfigKeys (ConfUtils.java:logGet(43)) - raft.server.staging.catchup.gap = 1000 (default)
2019-10-15 16:00:45,082 [b35b7e43-25db-42e2-b325-3149b7a1b771@group-0409D57F533B-LeaderElection109] INFO  server.RaftServerConfigKeys (ConfUtils.java:logGet(43)) - raft.server.rpc.sleep.time = 25ms (default)
2019-10-15 16:00:45,082 [b35b7e43-25db-42e2-b325-3149b7a1b771@group-0409D57F533B-LeaderElection109] INFO  server.RaftServerConfigKeys (ConfUtils.java:logGet(43)) - raft.server.write.element-limit = 4096 (default)
2019-10-15 16:00:45,082 [b35b7e43-25db-42e2-b325-3149b7a1b771@group-0409D57F533B-LeaderElection109] INFO  server.RaftServerConfigKeys (ConfUtils.java:logGet(43)) - raft.server.watch.timeout = 10s (default)
2019-10-15 16:00:45,082 [b35b7e43-25db-42e2-b325-3149b7a1b771@group-0409D57F533B-LeaderElection109] INFO  server.RaftServerConfigKeys (ConfUtils.java:logGet(43)) - raft.server.watch.timeout.denomination = 1s (default)
2019-10-15 16:00:45,083 [b35b7e43-25db-42e2-b325-3149b7a1b771@group-0409D57F533B-LeaderElection109] INFO  server.RaftServerConfigKeys (ConfUtils.java:logGet(43)) - raft.server.watch.element-limit = 65536 (default)
2019-10-15 16:00:45,084 [28e55072-d071-4509-bf9d-64087afe3472@group-42F77210EFDA-LeaderElection110] INFO  impl.LeaderElection (LeaderElection.java:askForVotes(178)) - 28e55072-d071-4509-bf9d-64087afe3472@group-42F77210EFDA-LeaderElection110: begin an election at term 1 for -1: [28e55072-d071-4509-bf9d-64087afe3472:192.168.157.236:37314], old=null
2019-10-15 16:00:45,084 [28e55072-d071-4509-bf9d-64087afe3472@group-42F77210EFDA-LeaderElection110] INFO  impl.RoleInfo (RoleInfo.java:shutdownLeaderElection(134)) - 28e55072-d071-4509-bf9d-64087afe3472: shutdown LeaderElection
2019-10-15 16:00:45,084 [b35b7e43-25db-42e2-b325-3149b7a1b771@group-0409D57F533B-LeaderElection109] INFO  impl.RoleInfo (RoleInfo.java:updateAndGet(143)) - b35b7e43-25db-42e2-b325-3149b7a1b771: start LeaderState
2019-10-15 16:00:45,084 [28e55072-d071-4509-bf9d-64087afe3472@group-42F77210EFDA-LeaderElection110] INFO  impl.RaftServerImpl (RaftServerImpl.java:setRole(170)) - 28e55072-d071-4509-bf9d-64087afe3472@group-42F77210EFDA: changes role from CANDIDATE to LEADER at term 1 for changeToLeader
2019-10-15 16:00:45,084 [28e55072-d071-4509-bf9d-64087afe3472@group-42F77210EFDA-LeaderElection110] INFO  impl.RaftServerImpl (ServerState.java:setLeader(255)) - 28e55072-d071-4509-bf9d-64087afe3472@group-42F77210EFDA: change Leader from null to 28e55072-d071-4509-bf9d-64087afe3472 at term 1 for becomeLeader, leader elected after 1181ms
2019-10-15 16:00:45,085 [28e55072-d071-4509-bf9d-64087afe3472@group-42F77210EFDA-LeaderElection110] INFO  server.RaftServerConfigKeys (ConfUtils.java:logGet(43)) - raft.server.staging.catchup.gap = 1000 (default)
2019-10-15 16:00:45,085 [b35b7e43-25db-42e2-b325-3149b7a1b771@group-0409D57F533B-LeaderElection109] INFO  segmented.SegmentedRaftLogWorker (SegmentedRaftLogWorker.java:startLogSegment(385)) - b35b7e43-25db-42e2-b325-3149b7a1b771@group-0409D57F533B-SegmentedRaftLogWorker: Starting segment from index:0
2019-10-15 16:00:45,085 [28e55072-d071-4509-bf9d-64087afe3472@group-42F77210EFDA-LeaderElection110] INFO  server.RaftServerConfigKeys (ConfUtils.java:logGet(43)) - raft.server.rpc.sleep.time = 25ms (default)
2019-10-15 16:00:45,085 [28e55072-d071-4509-bf9d-64087afe3472@group-42F77210EFDA-LeaderElection110] INFO  server.RaftServerConfigKeys (ConfUtils.java:logGet(43)) - raft.server.write.element-limit = 4096 (default)
2019-10-15 16:00:45,085 [b35b7e43-25db-42e2-b325-3149b7a1b771@group-0409D57F533B-LeaderElection109] INFO  impl.RaftServerImpl (ServerState.java:setRaftConf(356)) - b35b7e43-25db-42e2-b325-3149b7a1b771@group-0409D57F533B: set configuration 0: [b35b7e43-25db-42e2-b325-3149b7a1b771:192.168.157.236:34113], old=null at 0
2019-10-15 16:00:45,085 [28e55072-d071-4509-bf9d-64087afe3472@group-42F77210EFDA-LeaderElection110] INFO  server.RaftServerConfigKeys (ConfUtils.java:logGet(43)) - raft.server.watch.timeout = 10s (default)
2019-10-15 16:00:45,085 [28e55072-d071-4509-bf9d-64087afe3472@group-42F77210EFDA-LeaderElection110] INFO  server.RaftServerConfigKeys (ConfUtils.java:logGet(43)) - raft.server.watch.timeout.denomination = 1s (default)
2019-10-15 16:00:45,086 [28e55072-d071-4509-bf9d-64087afe3472@group-42F77210EFDA-LeaderElection110] INFO  server.RaftServerConfigKeys (ConfUtils.java:logGet(43)) - raft.server.watch.element-limit = 65536 (default)
2019-10-15 16:00:45,087 [28e55072-d071-4509-bf9d-64087afe3472@group-42F77210EFDA-LeaderElection110] INFO  impl.RoleInfo (RoleInfo.java:updateAndGet(143)) - 28e55072-d071-4509-bf9d-64087afe3472: start LeaderState
2019-10-15 16:00:45,087 [28e55072-d071-4509-bf9d-64087afe3472@group-42F77210EFDA-LeaderElection110] INFO  segmented.SegmentedRaftLogWorker (SegmentedRaftLogWorker.java:startLogSegment(385)) - 28e55072-d071-4509-bf9d-64087afe3472@group-42F77210EFDA-SegmentedRaftLogWorker: Starting segment from index:0
2019-10-15 16:00:45,088 [28e55072-d071-4509-bf9d-64087afe3472@group-42F77210EFDA-LeaderElection110] INFO  impl.RaftServerImpl (ServerState.java:setRaftConf(356)) - 28e55072-d071-4509-bf9d-64087afe3472@group-42F77210EFDA: set configuration 0: [28e55072-d071-4509-bf9d-64087afe3472:192.168.157.236:37314], old=null at 0
2019-10-15 16:00:45,124 [Thread-3437] INFO  impl.FollowerState (FollowerState.java:run(108)) - b35b7e43-25db-42e2-b325-3149b7a1b771@group-C4DA4798FEA9-FollowerState: change to CANDIDATE, lastRpcTime:1071ms, electionTimeout:1071ms
2019-10-15 16:00:45,124 [Thread-3437] INFO  impl.RoleInfo (RoleInfo.java:shutdownFollowerState(121)) - b35b7e43-25db-42e2-b325-3149b7a1b771: shutdown FollowerState
2019-10-15 16:00:45,125 [Thread-3437] INFO  impl.RaftServerImpl (RaftServerImpl.java:setRole(170)) - b35b7e43-25db-42e2-b325-3149b7a1b771@group-C4DA4798FEA9: changes role from  FOLLOWER to CANDIDATE at term 0 for changeToCandidate
2019-10-15 16:00:45,125 [Thread-3437] INFO  impl.RoleInfo (RoleInfo.java:updateAndGet(143)) - b35b7e43-25db-42e2-b325-3149b7a1b771: start LeaderElection
2019-10-15 16:00:45,137 [Thread-3445] INFO  impl.FollowerState (FollowerState.java:run(108)) - a01d9800-12e3-4ec3-b51e-50c1eb51d5a4@group-E64C7D479757-FollowerState: change to CANDIDATE, lastRpcTime:1009ms, electionTimeout:1009ms
2019-10-15 16:00:45,137 [Thread-3445] INFO  impl.RoleInfo (RoleInfo.java:shutdownFollowerState(121)) - a01d9800-12e3-4ec3-b51e-50c1eb51d5a4: shutdown FollowerState
2019-10-15 16:00:45,138 [Thread-3445] INFO  impl.RaftServerImpl (RaftServerImpl.java:setRole(170)) - a01d9800-12e3-4ec3-b51e-50c1eb51d5a4@group-E64C7D479757: changes role from  FOLLOWER to CANDIDATE at term 0 for changeToCandidate
2019-10-15 16:00:45,138 [Thread-3445] INFO  impl.RoleInfo (RoleInfo.java:updateAndGet(143)) - a01d9800-12e3-4ec3-b51e-50c1eb51d5a4: start LeaderElection
2019-10-15 16:00:45,143 [957624b1-130b-40b6-b716-6996dbe1f26c@group-3F7D09197A50-SegmentedRaftLogWorker] INFO  segmented.SegmentedRaftLogWorker (SegmentedRaftLogWorker.java:execute(574)) - 957624b1-130b-40b6-b716-6996dbe1f26c@group-3F7D09197A50-SegmentedRaftLogWorker: created new log segment /workdir/hadoop-ozone/integration-test/target/test-dir/MiniOzoneClusterImpl-db5d02a6-340f-494d-b00e-bf4b2df0003c/datanode-2/data/ratis/c514cab4-92c3-411d-b60f-3f7d09197a50/current/log_inprogress_0
2019-10-15 16:00:45,143 [27104e3f-effa-4be2-8c99-920d8374636e@group-3F7D09197A50-SegmentedRaftLogWorker] INFO  segmented.SegmentedRaftLogWorker (SegmentedRaftLogWorker.java:execute(574)) - 27104e3f-effa-4be2-8c99-920d8374636e@group-3F7D09197A50-SegmentedRaftLogWorker: created new log segment /workdir/hadoop-ozone/integration-test/target/test-dir/MiniOzoneClusterImpl-db5d02a6-340f-494d-b00e-bf4b2df0003c/datanode-1/data/ratis/c514cab4-92c3-411d-b60f-3f7d09197a50/current/log_inprogress_0
2019-10-15 16:00:45,143 [b35b7e43-25db-42e2-b325-3149b7a1b771@group-0409D57F533B-SegmentedRaftLogWorker] INFO  segmented.SegmentedRaftLogWorker (SegmentedRaftLogWorker.java:execute(574)) - b35b7e43-25db-42e2-b325-3149b7a1b771@group-0409D57F533B-SegmentedRaftLogWorker: created new log segment /workdir/hadoop-ozone/integration-test/target/test-dir/MiniOzoneClusterImpl-db5d02a6-340f-494d-b00e-bf4b2df0003c/datanode-4/data/ratis/5787365c-de17-4a2e-bc6e-0409d57f533b/current/log_inprogress_0
2019-10-15 16:00:45,145 [28e55072-d071-4509-bf9d-64087afe3472@group-42F77210EFDA-SegmentedRaftLogWorker] INFO  segmented.SegmentedRaftLogWorker (SegmentedRaftLogWorker.java:execute(574)) - 28e55072-d071-4509-bf9d-64087afe3472@group-42F77210EFDA-SegmentedRaftLogWorker: created new log segment /workdir/hadoop-ozone/integration-test/target/test-dir/MiniOzoneClusterImpl-db5d02a6-340f-494d-b00e-bf4b2df0003c/datanode-3/data/ratis/6cb6c292-cacc-40c7-afcc-42f77210efda/current/log_inprogress_0
2019-10-15 16:00:45,146 [b35b7e43-25db-42e2-b325-3149b7a1b771@group-C4DA4798FEA9-LeaderElection111] INFO  impl.LeaderElection (LeaderElection.java:askForVotes(178)) - b35b7e43-25db-42e2-b325-3149b7a1b771@group-C4DA4798FEA9-LeaderElection111: begin an election at term 1 for -1: [e2095ed4-6e7f-4ca6-8a9b-1989176657a6:192.168.157.236:46726, b35b7e43-25db-42e2-b325-3149b7a1b771:192.168.157.236:34113, 28e55072-d071-4509-bf9d-64087afe3472:192.168.157.236:37314], old=null
2019-10-15 16:00:45,147 [a01d9800-12e3-4ec3-b51e-50c1eb51d5a4@group-E64C7D479757-LeaderElection112] INFO  impl.LeaderElection (LeaderElection.java:askForVotes(178)) - a01d9800-12e3-4ec3-b51e-50c1eb51d5a4@group-E64C7D479757-LeaderElection112: begin an election at term 1 for -1: [a01d9800-12e3-4ec3-b51e-50c1eb51d5a4:192.168.157.236:38839], old=null
2019-10-15 16:00:45,147 [a01d9800-12e3-4ec3-b51e-50c1eb51d5a4@group-E64C7D479757-LeaderElection112] INFO  impl.RoleInfo (RoleInfo.java:shutdownLeaderElection(134)) - a01d9800-12e3-4ec3-b51e-50c1eb51d5a4: shutdown LeaderElection
2019-10-15 16:00:45,147 [a01d9800-12e3-4ec3-b51e-50c1eb51d5a4@group-E64C7D479757-LeaderElection112] INFO  impl.RaftServerImpl (RaftServerImpl.java:setRole(170)) - a01d9800-12e3-4ec3-b51e-50c1eb51d5a4@group-E64C7D479757: changes role from CANDIDATE to LEADER at term 1 for changeToLeader
2019-10-15 16:00:45,147 [a01d9800-12e3-4ec3-b51e-50c1eb51d5a4@group-E64C7D479757-LeaderElection112] INFO  impl.RaftServerImpl (ServerState.java:setLeader(255)) - a01d9800-12e3-4ec3-b51e-50c1eb51d5a4@group-E64C7D479757: change Leader from null to a01d9800-12e3-4ec3-b51e-50c1eb51d5a4 at term 1 for becomeLeader, leader elected after 1026ms
2019-10-15 16:00:45,147 [a01d9800-12e3-4ec3-b51e-50c1eb51d5a4@group-E64C7D479757-LeaderElection112] INFO  server.RaftServerConfigKeys (ConfUtils.java:logGet(43)) - raft.server.staging.catchup.gap = 1000 (default)
2019-10-15 16:00:45,147 [a01d9800-12e3-4ec3-b51e-50c1eb51d5a4@group-E64C7D479757-LeaderElection112] INFO  server.RaftServerConfigKeys (ConfUtils.java:logGet(43)) - raft.server.rpc.sleep.time = 25ms (default)
2019-10-15 16:00:45,150 [a01d9800-12e3-4ec3-b51e-50c1eb51d5a4@group-E64C7D479757-LeaderElection112] INFO  server.RaftServerConfigKeys (ConfUtils.java:logGet(43)) - raft.server.write.element-limit = 4096 (default)
2019-10-15 16:00:45,150 [a01d9800-12e3-4ec3-b51e-50c1eb51d5a4@group-E64C7D479757-LeaderElection112] INFO  server.RaftServerConfigKeys (ConfUtils.java:logGet(43)) - raft.server.watch.timeout = 10s (default)
2019-10-15 16:00:45,151 [a01d9800-12e3-4ec3-b51e-50c1eb51d5a4@group-E64C7D479757-LeaderElection112] INFO  server.RaftServerConfigKeys (ConfUtils.java:logGet(43)) - raft.server.watch.timeout.denomination = 1s (default)
2019-10-15 16:00:45,151 [a01d9800-12e3-4ec3-b51e-50c1eb51d5a4@group-E64C7D479757-LeaderElection112] INFO  server.RaftServerConfigKeys (ConfUtils.java:logGet(43)) - raft.server.watch.element-limit = 65536 (default)
2019-10-15 16:00:45,154 [grpc-default-executor-1] INFO  impl.RaftServerImpl (RaftServerImpl.java:setRole(170)) - 28e55072-d071-4509-bf9d-64087afe3472@group-C4DA4798FEA9: changes role from  FOLLOWER to FOLLOWER at term 1 for recognizeCandidate:b35b7e43-25db-42e2-b325-3149b7a1b771
2019-10-15 16:00:45,156 [grpc-default-executor-1] INFO  impl.RoleInfo (RoleInfo.java:shutdownFollowerState(121)) - 28e55072-d071-4509-bf9d-64087afe3472: shutdown FollowerState
2019-10-15 16:00:45,156 [grpc-default-executor-3] INFO  impl.RaftServerImpl (RaftServerImpl.java:setRole(170)) - e2095ed4-6e7f-4ca6-8a9b-1989176657a6@group-C4DA4798FEA9: changes role from  FOLLOWER to FOLLOWER at term 1 for recognizeCandidate:b35b7e43-25db-42e2-b325-3149b7a1b771
2019-10-15 16:00:45,157 [Thread-3439] INFO  impl.FollowerState (FollowerState.java:run(117)) - 28e55072-d071-4509-bf9d-64087afe3472@group-C4DA4798FEA9-FollowerState was interrupted: java.lang.InterruptedException: sleep interrupted
2019-10-15 16:00:45,157 [grpc-default-executor-1] INFO  impl.RoleInfo (RoleInfo.java:updateAndGet(143)) - 28e55072-d071-4509-bf9d-64087afe3472: start FollowerState
2019-10-15 16:00:45,157 [grpc-default-executor-3] INFO  impl.RoleInfo (RoleInfo.java:shutdownFollowerState(121)) - e2095ed4-6e7f-4ca6-8a9b-1989176657a6: shutdown FollowerState
2019-10-15 16:00:45,157 [Thread-3440] INFO  impl.FollowerState (FollowerState.java:run(117)) - e2095ed4-6e7f-4ca6-8a9b-1989176657a6@group-C4DA4798FEA9-FollowerState was interrupted: java.lang.InterruptedException: sleep interrupted
2019-10-15 16:00:45,157 [grpc-default-executor-3] INFO  impl.RoleInfo (RoleInfo.java:updateAndGet(143)) - e2095ed4-6e7f-4ca6-8a9b-1989176657a6: start FollowerState
2019-10-15 16:00:45,157 [a01d9800-12e3-4ec3-b51e-50c1eb51d5a4@group-E64C7D479757-LeaderElection112] INFO  impl.RoleInfo (RoleInfo.java:updateAndGet(143)) - a01d9800-12e3-4ec3-b51e-50c1eb51d5a4: start LeaderState
2019-10-15 16:00:45,158 [a01d9800-12e3-4ec3-b51e-50c1eb51d5a4@group-E64C7D479757-LeaderElection112] INFO  segmented.SegmentedRaftLogWorker (SegmentedRaftLogWorker.java:startLogSegment(385)) - a01d9800-12e3-4ec3-b51e-50c1eb51d5a4@group-E64C7D479757-SegmentedRaftLogWorker: Starting segment from index:0
2019-10-15 16:00:45,160 [a01d9800-12e3-4ec3-b51e-50c1eb51d5a4@group-E64C7D479757-LeaderElection112] INFO  impl.RaftServerImpl (ServerState.java:setRaftConf(356)) - a01d9800-12e3-4ec3-b51e-50c1eb51d5a4@group-E64C7D479757: set configuration 0: [a01d9800-12e3-4ec3-b51e-50c1eb51d5a4:192.168.157.236:38839], old=null at 0
2019-10-15 16:00:45,181 [b35b7e43-25db-42e2-b325-3149b7a1b771@group-C4DA4798FEA9-LeaderElection111] INFO  impl.LeaderElection (LeaderElection.java:logAndReturn(56)) - b35b7e43-25db-42e2-b325-3149b7a1b771@group-C4DA4798FEA9-LeaderElection111: Election PASSED; received 1 response(s) [b35b7e43-25db-42e2-b325-3149b7a1b771<-28e55072-d071-4509-bf9d-64087afe3472#0:OK-t1] and 0 exception(s); b35b7e43-25db-42e2-b325-3149b7a1b771@group-C4DA4798FEA9:t1, leader=null, voted=b35b7e43-25db-42e2-b325-3149b7a1b771, raftlog=b35b7e43-25db-42e2-b325-3149b7a1b771@group-C4DA4798FEA9-SegmentedRaftLog:OPENED:c-1,f-1,i0, conf=-1: [e2095ed4-6e7f-4ca6-8a9b-1989176657a6:192.168.157.236:46726, b35b7e43-25db-42e2-b325-3149b7a1b771:192.168.157.236:34113, 28e55072-d071-4509-bf9d-64087afe3472:192.168.157.236:37314], old=null
2019-10-15 16:00:45,182 [b35b7e43-25db-42e2-b325-3149b7a1b771@group-C4DA4798FEA9-LeaderElection111] INFO  impl.RoleInfo (RoleInfo.java:shutdownLeaderElection(134)) - b35b7e43-25db-42e2-b325-3149b7a1b771: shutdown LeaderElection
2019-10-15 16:00:45,182 [b35b7e43-25db-42e2-b325-3149b7a1b771@group-C4DA4798FEA9-LeaderElection111] INFO  impl.RaftServerImpl (RaftServerImpl.java:setRole(170)) - b35b7e43-25db-42e2-b325-3149b7a1b771@group-C4DA4798FEA9: changes role from CANDIDATE to LEADER at term 1 for changeToLeader
2019-10-15 16:00:45,182 [b35b7e43-25db-42e2-b325-3149b7a1b771@group-C4DA4798FEA9-LeaderElection111] INFO  impl.RaftServerImpl (ServerState.java:setLeader(255)) - b35b7e43-25db-42e2-b325-3149b7a1b771@group-C4DA4798FEA9: change Leader from null to b35b7e43-25db-42e2-b325-3149b7a1b771 at term 1 for becomeLeader, leader elected after 1137ms
2019-10-15 16:00:45,182 [b35b7e43-25db-42e2-b325-3149b7a1b771@group-C4DA4798FEA9-LeaderElection111] INFO  server.RaftServerConfigKeys (ConfUtils.java:logGet(43)) - raft.server.staging.catchup.gap = 1000 (default)
2019-10-15 16:00:45,183 [b35b7e43-25db-42e2-b325-3149b7a1b771@group-C4DA4798FEA9-LeaderElection111] INFO  server.RaftServerConfigKeys (ConfUtils.java:logGet(43)) - raft.server.rpc.sleep.time = 25ms (default)
2019-10-15 16:00:45,183 [b35b7e43-25db-42e2-b325-3149b7a1b771@group-C4DA4798FEA9-LeaderElection111] INFO  server.RaftServerConfigKeys (ConfUtils.java:logGet(43)) - raft.server.write.element-limit = 4096 (default)
2019-10-15 16:00:45,183 [b35b7e43-25db-42e2-b325-3149b7a1b771@group-C4DA4798FEA9-LeaderElection111] INFO  server.RaftServerConfigKeys (ConfUtils.java:logGet(43)) - raft.server.watch.timeout = 10s (default)
2019-10-15 16:00:45,183 [b35b7e43-25db-42e2-b325-3149b7a1b771@group-C4DA4798FEA9-LeaderElection111] INFO  server.RaftServerConfigKeys (ConfUtils.java:logGet(43)) - raft.server.watch.timeout.denomination = 1s (default)
2019-10-15 16:00:45,183 [b35b7e43-25db-42e2-b325-3149b7a1b771@group-C4DA4798FEA9-LeaderElection111] INFO  server.RaftServerConfigKeys (ConfUtils.java:logGet(43)) - raft.server.watch.element-limit = 65536 (default)
2019-10-15 16:00:45,186 [Thread-3433] INFO  impl.FollowerState (FollowerState.java:run(108)) - e2095ed4-6e7f-4ca6-8a9b-1989176657a6@group-1748E1C945E1-FollowerState: change to CANDIDATE, lastRpcTime:1189ms, electionTimeout:1189ms
2019-10-15 16:00:45,186 [Thread-3433] INFO  impl.RoleInfo (RoleInfo.java:shutdownFollowerState(121)) - e2095ed4-6e7f-4ca6-8a9b-1989176657a6: shutdown FollowerState
2019-10-15 16:00:45,186 [Thread-3433] INFO  impl.RaftServerImpl (RaftServerImpl.java:setRole(170)) - e2095ed4-6e7f-4ca6-8a9b-1989176657a6@group-1748E1C945E1: changes role from  FOLLOWER to CANDIDATE at term 0 for changeToCandidate
2019-10-15 16:00:45,186 [Thread-3433] INFO  impl.RoleInfo (RoleInfo.java:updateAndGet(143)) - e2095ed4-6e7f-4ca6-8a9b-1989176657a6: start LeaderElection
2019-10-15 16:00:45,196 [b35b7e43-25db-42e2-b325-3149b7a1b771@group-C4DA4798FEA9-LeaderElection111] INFO  server.RaftServerConfigKeys (ConfUtils.java:logGet(43)) - raft.server.log.appender.snapshot.chunk.size.max = 16MB (=16777216) (default)
2019-10-15 16:00:45,196 [b35b7e43-25db-42e2-b325-3149b7a1b771@group-C4DA4798FEA9-LeaderElection111] INFO  server.RaftServerConfigKeys (ConfUtils.java:logGet(43)) - raft.server.log.appender.buffer.byte-limit = 33554432 (custom)
2019-10-15 16:00:45,196 [b35b7e43-25db-42e2-b325-3149b7a1b771@group-C4DA4798FEA9-LeaderElection111] INFO  server.RaftServerConfigKeys (ConfUtils.java:logGet(43)) - raft.server.log.appender.buffer.element-limit = 1 (custom)
2019-10-15 16:00:45,197 [b35b7e43-25db-42e2-b325-3149b7a1b771@group-C4DA4798FEA9-LeaderElection111] INFO  grpc.GrpcConfigKeys$Server (ConfUtils.java:logGet(43)) - raft.grpc.server.leader.outstanding.appends.max = 128 (default)
2019-10-15 16:00:45,197 [b35b7e43-25db-42e2-b325-3149b7a1b771@group-C4DA4798FEA9-LeaderElection111] INFO  server.RaftServerConfigKeys (ConfUtils.java:logGet(43)) - raft.server.rpc.request.timeout = 3000ms (default)
2019-10-15 16:00:45,197 [b35b7e43-25db-42e2-b325-3149b7a1b771@group-C4DA4798FEA9-LeaderElection111] INFO  server.RaftServerConfigKeys (ConfUtils.java:logGet(43)) - raft.server.log.appender.install.snapshot.enabled = false (custom)
2019-10-15 16:00:45,198 [b35b7e43-25db-42e2-b325-3149b7a1b771@group-C4DA4798FEA9-LeaderElection111] INFO  server.RaftServerConfigKeys (ConfUtils.java:logGet(43)) - raft.server.log.appender.snapshot.chunk.size.max = 16MB (=16777216) (default)
2019-10-15 16:00:45,198 [b35b7e43-25db-42e2-b325-3149b7a1b771@group-C4DA4798FEA9-LeaderElection111] INFO  server.RaftServerConfigKeys (ConfUtils.java:logGet(43)) - raft.server.log.appender.buffer.byte-limit = 33554432 (custom)
2019-10-15 16:00:45,198 [b35b7e43-25db-42e2-b325-3149b7a1b771@group-C4DA4798FEA9-LeaderElection111] INFO  server.RaftServerConfigKeys (ConfUtils.java:logGet(43)) - raft.server.log.appender.buffer.element-limit = 1 (custom)
2019-10-15 16:00:45,198 [b35b7e43-25db-42e2-b325-3149b7a1b771@group-C4DA4798FEA9-LeaderElection111] INFO  grpc.GrpcConfigKeys$Server (ConfUtils.java:logGet(43)) - raft.grpc.server.leader.outstanding.appends.max = 128 (default)
2019-10-15 16:00:45,199 [b35b7e43-25db-42e2-b325-3149b7a1b771@group-C4DA4798FEA9-LeaderElection111] INFO  server.RaftServerConfigKeys (ConfUtils.java:logGet(43)) - raft.server.rpc.request.timeout = 3000ms (default)
2019-10-15 16:00:45,199 [b35b7e43-25db-42e2-b325-3149b7a1b771@group-C4DA4798FEA9-LeaderElection111] INFO  server.RaftServerConfigKeys (ConfUtils.java:logGet(43)) - raft.server.log.appender.install.snapshot.enabled = false (custom)
2019-10-15 16:00:45,199 [b35b7e43-25db-42e2-b325-3149b7a1b771@group-C4DA4798FEA9-LeaderElection111] INFO  impl.RoleInfo (RoleInfo.java:updateAndGet(143)) - b35b7e43-25db-42e2-b325-3149b7a1b771: start LeaderState
2019-10-15 16:00:45,200 [b35b7e43-25db-42e2-b325-3149b7a1b771@group-C4DA4798FEA9-LeaderElection111] INFO  segmented.SegmentedRaftLogWorker (SegmentedRaftLogWorker.java:startLogSegment(385)) - b35b7e43-25db-42e2-b325-3149b7a1b771@group-C4DA4798FEA9-SegmentedRaftLogWorker: Starting segment from index:0
2019-10-15 16:00:45,201 [b35b7e43-25db-42e2-b325-3149b7a1b771@group-C4DA4798FEA9-LeaderElection111] INFO  impl.RaftServerImpl (ServerState.java:setRaftConf(356)) - b35b7e43-25db-42e2-b325-3149b7a1b771@group-C4DA4798FEA9: set configuration 0: [e2095ed4-6e7f-4ca6-8a9b-1989176657a6:192.168.157.236:46726, b35b7e43-25db-42e2-b325-3149b7a1b771:192.168.157.236:34113, 28e55072-d071-4509-bf9d-64087afe3472:192.168.157.236:37314], old=null at 0
2019-10-15 16:00:45,237 [grpc-default-executor-1] INFO  impl.RaftServerImpl (ServerState.java:setLeader(255)) - e2095ed4-6e7f-4ca6-8a9b-1989176657a6@group-C4DA4798FEA9: change Leader from null to b35b7e43-25db-42e2-b325-3149b7a1b771 at term 1 for appendEntries, leader elected after 1192ms
2019-10-15 16:00:45,238 [a01d9800-12e3-4ec3-b51e-50c1eb51d5a4@group-E64C7D479757-SegmentedRaftLogWorker] INFO  segmented.SegmentedRaftLogWorker (SegmentedRaftLogWorker.java:execute(574)) - a01d9800-12e3-4ec3-b51e-50c1eb51d5a4@group-E64C7D479757-SegmentedRaftLogWorker: created new log segment /workdir/hadoop-ozone/integration-test/target/test-dir/MiniOzoneClusterImpl-db5d02a6-340f-494d-b00e-bf4b2df0003c/datanode-7/data/ratis/ccccd0e3-9ead-424b-beae-e64c7d479757/current/log_inprogress_0
2019-10-15 16:00:45,238 [e2095ed4-6e7f-4ca6-8a9b-1989176657a6@group-1748E1C945E1-LeaderElection113] INFO  impl.LeaderElection (LeaderElection.java:askForVotes(178)) - e2095ed4-6e7f-4ca6-8a9b-1989176657a6@group-1748E1C945E1-LeaderElection113: begin an election at term 1 for -1: [e2095ed4-6e7f-4ca6-8a9b-1989176657a6:192.168.157.236:46726], old=null
2019-10-15 16:00:45,238 [main] INFO  ozone.MiniOzoneClusterImpl (MiniOzoneClusterImpl.java:lambda$waitForClusterToBeReady$0(147)) - Cluster is ready. Got 10 of 10 DN Heartbeats.
2019-10-15 16:00:45,238 [e2095ed4-6e7f-4ca6-8a9b-1989176657a6@group-1748E1C945E1-LeaderElection113] INFO  impl.RoleInfo (RoleInfo.java:shutdownLeaderElection(134)) - e2095ed4-6e7f-4ca6-8a9b-1989176657a6: shutdown LeaderElection
2019-10-15 16:00:45,238 [e2095ed4-6e7f-4ca6-8a9b-1989176657a6@group-1748E1C945E1-LeaderElection113] INFO  impl.RaftServerImpl (RaftServerImpl.java:setRole(170)) - e2095ed4-6e7f-4ca6-8a9b-1989176657a6@group-1748E1C945E1: changes role from CANDIDATE to LEADER at term 1 for changeToLeader
2019-10-15 16:00:45,239 [grpc-default-executor-1] INFO  impl.RaftServerImpl (ServerState.java:setLeader(255)) - 28e55072-d071-4509-bf9d-64087afe3472@group-C4DA4798FEA9: change Leader from null to b35b7e43-25db-42e2-b325-3149b7a1b771 at term 1 for appendEntries, leader elected after 1193ms
2019-10-15 16:00:45,239 [e2095ed4-6e7f-4ca6-8a9b-1989176657a6@group-1748E1C945E1-LeaderElection113] INFO  impl.RaftServerImpl (ServerState.java:setLeader(255)) - e2095ed4-6e7f-4ca6-8a9b-1989176657a6@group-1748E1C945E1: change Leader from null to e2095ed4-6e7f-4ca6-8a9b-1989176657a6 at term 1 for becomeLeader, leader elected after 1247ms
2019-10-15 16:00:45,239 [e2095ed4-6e7f-4ca6-8a9b-1989176657a6@group-1748E1C945E1-LeaderElection113] INFO  server.RaftServerConfigKeys (ConfUtils.java:logGet(43)) - raft.server.staging.catchup.gap = 1000 (default)
2019-10-15 16:00:45,239 [e2095ed4-6e7f-4ca6-8a9b-1989176657a6@group-1748E1C945E1-LeaderElection113] INFO  server.RaftServerConfigKeys (ConfUtils.java:logGet(43)) - raft.server.rpc.sleep.time = 25ms (default)
2019-10-15 16:00:45,243 [e2095ed4-6e7f-4ca6-8a9b-1989176657a6@group-1748E1C945E1-LeaderElection113] INFO  server.RaftServerConfigKeys (ConfUtils.java:logGet(43)) - raft.server.write.element-limit = 4096 (default)
2019-10-15 16:00:45,243 [e2095ed4-6e7f-4ca6-8a9b-1989176657a6@group-1748E1C945E1-LeaderElection113] INFO  server.RaftServerConfigKeys (ConfUtils.java:logGet(43)) - raft.server.watch.timeout = 10s (default)
2019-10-15 16:00:45,243 [grpc-default-executor-1] INFO  impl.RaftServerImpl (ServerState.java:setRaftConf(356)) - e2095ed4-6e7f-4ca6-8a9b-1989176657a6@group-C4DA4798FEA9: set configuration 0: [e2095ed4-6e7f-4ca6-8a9b-1989176657a6:192.168.157.236:46726, b35b7e43-25db-42e2-b325-3149b7a1b771:192.168.157.236:34113, 28e55072-d071-4509-bf9d-64087afe3472:192.168.157.236:37314], old=null at 0
2019-10-15 16:00:45,243 [e2095ed4-6e7f-4ca6-8a9b-1989176657a6@group-1748E1C945E1-LeaderElection113] INFO  server.RaftServerConfigKeys (ConfUtils.java:logGet(43)) - raft.server.watch.timeout.denomination = 1s (default)
2019-10-15 16:00:45,244 [grpc-default-executor-1] INFO  segmented.SegmentedRaftLogWorker (SegmentedRaftLogWorker.java:startLogSegment(385)) - e2095ed4-6e7f-4ca6-8a9b-1989176657a6@group-C4DA4798FEA9-SegmentedRaftLogWorker: Starting segment from index:0
2019-10-15 16:00:45,244 [grpc-default-executor-3] INFO  impl.RaftServerImpl (ServerState.java:setRaftConf(356)) - 28e55072-d071-4509-bf9d-64087afe3472@group-C4DA4798FEA9: set configuration 0: [e2095ed4-6e7f-4ca6-8a9b-1989176657a6:192.168.157.236:46726, b35b7e43-25db-42e2-b325-3149b7a1b771:192.168.157.236:34113, 28e55072-d071-4509-bf9d-64087afe3472:192.168.157.236:37314], old=null at 0
2019-10-15 16:00:45,244 [e2095ed4-6e7f-4ca6-8a9b-1989176657a6@group-1748E1C945E1-LeaderElection113] INFO  server.RaftServerConfigKeys (ConfUtils.java:logGet(43)) - raft.server.watch.element-limit = 65536 (default)
2019-10-15 16:00:45,244 [grpc-default-executor-3] INFO  segmented.SegmentedRaftLogWorker (SegmentedRaftLogWorker.java:startLogSegment(385)) - 28e55072-d071-4509-bf9d-64087afe3472@group-C4DA4798FEA9-SegmentedRaftLogWorker: Starting segment from index:0
2019-10-15 16:00:45,283 [b35b7e43-25db-42e2-b325-3149b7a1b771@group-C4DA4798FEA9-SegmentedRaftLogWorker] INFO  segmented.SegmentedRaftLogWorker (SegmentedRaftLogWorker.java:execute(574)) - b35b7e43-25db-42e2-b325-3149b7a1b771@group-C4DA4798FEA9-SegmentedRaftLogWorker: created new log segment /workdir/hadoop-ozone/integration-test/target/test-dir/MiniOzoneClusterImpl-db5d02a6-340f-494d-b00e-bf4b2df0003c/datanode-4/data/ratis/91036be7-ad1c-4b0c-9f77-c4da4798fea9/current/log_inprogress_0
2019-10-15 16:00:45,286 [e2095ed4-6e7f-4ca6-8a9b-1989176657a6@group-1748E1C945E1-LeaderElection113] INFO  impl.RoleInfo (RoleInfo.java:updateAndGet(143)) - e2095ed4-6e7f-4ca6-8a9b-1989176657a6: start LeaderState
2019-10-15 16:00:45,286 [e2095ed4-6e7f-4ca6-8a9b-1989176657a6@group-1748E1C945E1-LeaderElection113] INFO  segmented.SegmentedRaftLogWorker (SegmentedRaftLogWorker.java:startLogSegment(385)) - e2095ed4-6e7f-4ca6-8a9b-1989176657a6@group-1748E1C945E1-SegmentedRaftLogWorker: Starting segment from index:0
2019-10-15 16:00:45,287 [e2095ed4-6e7f-4ca6-8a9b-1989176657a6@group-1748E1C945E1-LeaderElection113] INFO  impl.RaftServerImpl (ServerState.java:setRaftConf(356)) - e2095ed4-6e7f-4ca6-8a9b-1989176657a6@group-1748E1C945E1: set configuration 0: [e2095ed4-6e7f-4ca6-8a9b-1989176657a6:192.168.157.236:46726], old=null at 0
2019-10-15 16:00:45,315 [Thread-3454] INFO  impl.FollowerState (FollowerState.java:run(108)) - 654dc4fd-4a53-4d66-800b-5d0101b478e0@group-1CFD3FDF58A3-FollowerState: change to CANDIDATE, lastRpcTime:1039ms, electionTimeout:1036ms
2019-10-15 16:00:45,315 [Thread-3458] INFO  impl.FollowerState (FollowerState.java:run(108)) - a01d9800-12e3-4ec3-b51e-50c1eb51d5a4@group-1CFD3FDF58A3-FollowerState: change to CANDIDATE, lastRpcTime:1035ms, electionTimeout:1029ms
2019-10-15 16:00:45,315 [28e55072-d071-4509-bf9d-64087afe3472@group-C4DA4798FEA9-SegmentedRaftLogWorker] INFO  segmented.SegmentedRaftLogWorker (SegmentedRaftLogWorker.java:execute(574)) - 28e55072-d071-4509-bf9d-64087afe3472@group-C4DA4798FEA9-SegmentedRaftLogWorker: created new log segment /workdir/hadoop-ozone/integration-test/target/test-dir/MiniOzoneClusterImpl-db5d02a6-340f-494d-b00e-bf4b2df0003c/datanode-3/data/ratis/91036be7-ad1c-4b0c-9f77-c4da4798fea9/current/log_inprogress_0
2019-10-15 16:00:45,315 [e2095ed4-6e7f-4ca6-8a9b-1989176657a6@group-C4DA4798FEA9-SegmentedRaftLogWorker] INFO  segmented.SegmentedRaftLogWorker (SegmentedRaftLogWorker.java:execute(574)) - e2095ed4-6e7f-4ca6-8a9b-1989176657a6@group-C4DA4798FEA9-SegmentedRaftLogWorker: created new log segment /workdir/hadoop-ozone/integration-test/target/test-dir/MiniOzoneClusterImpl-db5d02a6-340f-494d-b00e-bf4b2df0003c/datanode-5/data/ratis/91036be7-ad1c-4b0c-9f77-c4da4798fea9/current/log_inprogress_0
2019-10-15 16:00:45,315 [Thread-3454] INFO  impl.RoleInfo (RoleInfo.java:shutdownFollowerState(121)) - 654dc4fd-4a53-4d66-800b-5d0101b478e0: shutdown FollowerState
2019-10-15 16:00:45,315 [Thread-3448] INFO  impl.FollowerState (FollowerState.java:run(108)) - 654dc4fd-4a53-4d66-800b-5d0101b478e0@group-E63F20F63008-FollowerState: change to CANDIDATE, lastRpcTime:1151ms, electionTimeout:1129ms
2019-10-15 16:00:45,315 [Thread-3458] INFO  impl.RoleInfo (RoleInfo.java:shutdownFollowerState(121)) - a01d9800-12e3-4ec3-b51e-50c1eb51d5a4: shutdown FollowerState
2019-10-15 16:00:45,316 [Thread-3448] INFO  impl.RoleInfo (RoleInfo.java:shutdownFollowerState(121)) - 654dc4fd-4a53-4d66-800b-5d0101b478e0: shutdown FollowerState
2019-10-15 16:00:45,315 [Thread-3454] INFO  impl.RaftServerImpl (RaftServerImpl.java:setRole(170)) - 654dc4fd-4a53-4d66-800b-5d0101b478e0@group-1CFD3FDF58A3: changes role from  FOLLOWER to CANDIDATE at term 0 for changeToCandidate
2019-10-15 16:00:45,316 [Thread-3448] INFO  impl.RaftServerImpl (RaftServerImpl.java:setRole(170)) - 654dc4fd-4a53-4d66-800b-5d0101b478e0@group-E63F20F63008: changes role from  FOLLOWER to CANDIDATE at term 0 for changeToCandidate
2019-10-15 16:00:45,316 [Thread-3458] INFO  impl.RaftServerImpl (RaftServerImpl.java:setRole(170)) - a01d9800-12e3-4ec3-b51e-50c1eb51d5a4@group-1CFD3FDF58A3: changes role from  FOLLOWER to CANDIDATE at term 0 for changeToCandidate
2019-10-15 16:00:45,316 [Thread-3448] INFO  impl.RoleInfo (RoleInfo.java:updateAndGet(143)) - 654dc4fd-4a53-4d66-800b-5d0101b478e0: start LeaderElection
2019-10-15 16:00:45,316 [Thread-3454] INFO  impl.RoleInfo (RoleInfo.java:updateAndGet(143)) - 654dc4fd-4a53-4d66-800b-5d0101b478e0: start LeaderElection
2019-10-15 16:00:45,316 [Thread-3458] INFO  impl.RoleInfo (RoleInfo.java:updateAndGet(143)) - a01d9800-12e3-4ec3-b51e-50c1eb51d5a4: start LeaderElection
2019-10-15 16:00:45,318 [Thread-3451] INFO  impl.FollowerState (FollowerState.java:run(108)) - 68ed38f4-9c13-4e57-963b-0ddf8b5864a6@group-E435B33291A2-FollowerState: change to CANDIDATE, lastRpcTime:1103ms, electionTimeout:1102ms
2019-10-15 16:00:45,320 [Thread-3451] INFO  impl.RoleInfo (RoleInfo.java:shutdownFollowerState(121)) - 68ed38f4-9c13-4e57-963b-0ddf8b5864a6: shutdown FollowerState
2019-10-15 16:00:45,320 [Thread-3451] INFO  impl.RaftServerImpl (RaftServerImpl.java:setRole(170)) - 68ed38f4-9c13-4e57-963b-0ddf8b5864a6@group-E435B33291A2: changes role from  FOLLOWER to CANDIDATE at term 0 for changeToCandidate
2019-10-15 16:00:45,323 [Thread-3451] INFO  impl.RoleInfo (RoleInfo.java:updateAndGet(143)) - 68ed38f4-9c13-4e57-963b-0ddf8b5864a6: start LeaderElection
2019-10-15 16:00:45,338 [main] INFO  rpc.RpcClient (RpcClient.java:createVolume(272)) - Creating Volume: datanodefailurehandlingtest, with jenkins1000 as owner.
2019-10-15 16:00:45,339 [Thread-3459] INFO  impl.FollowerState (FollowerState.java:run(108)) - 68ed38f4-9c13-4e57-963b-0ddf8b5864a6@group-1CFD3FDF58A3-FollowerState: change to CANDIDATE, lastRpcTime:1059ms, electionTimeout:1059ms
2019-10-15 16:00:45,339 [Thread-3459] INFO  impl.RoleInfo (RoleInfo.java:shutdownFollowerState(121)) - 68ed38f4-9c13-4e57-963b-0ddf8b5864a6: shutdown FollowerState
2019-10-15 16:00:45,339 [Thread-3459] INFO  impl.RaftServerImpl (RaftServerImpl.java:setRole(170)) - 68ed38f4-9c13-4e57-963b-0ddf8b5864a6@group-1CFD3FDF58A3: changes role from  FOLLOWER to CANDIDATE at term 0 for changeToCandidate
2019-10-15 16:00:45,340 [Thread-3459] INFO  impl.RoleInfo (RoleInfo.java:updateAndGet(143)) - 68ed38f4-9c13-4e57-963b-0ddf8b5864a6: start LeaderElection
2019-10-15 16:00:45,344 [IPC Server handler 3 on 45892] INFO  volume.OMVolumeCreateRequest (OMVolumeCreateRequest.java:validateAndUpdateCache(193)) - created volume:datanodefailurehandlingtest for user:jenkins1000
2019-10-15 16:00:45,350 [e2095ed4-6e7f-4ca6-8a9b-1989176657a6@group-1748E1C945E1-SegmentedRaftLogWorker] INFO  segmented.SegmentedRaftLogWorker (SegmentedRaftLogWorker.java:execute(574)) - e2095ed4-6e7f-4ca6-8a9b-1989176657a6@group-1748E1C945E1-SegmentedRaftLogWorker: created new log segment /workdir/hadoop-ozone/integration-test/target/test-dir/MiniOzoneClusterImpl-db5d02a6-340f-494d-b00e-bf4b2df0003c/datanode-5/data/ratis/55b83f08-cf44-4268-991e-1748e1c945e1/current/log_inprogress_0
2019-10-15 16:00:45,350 [654dc4fd-4a53-4d66-800b-5d0101b478e0@group-E63F20F63008-LeaderElection115] INFO  impl.LeaderElection (LeaderElection.java:askForVotes(178)) - 654dc4fd-4a53-4d66-800b-5d0101b478e0@group-E63F20F63008-LeaderElection115: begin an election at term 1 for -1: [654dc4fd-4a53-4d66-800b-5d0101b478e0:192.168.157.236:38504], old=null
2019-10-15 16:00:45,350 [68ed38f4-9c13-4e57-963b-0ddf8b5864a6@group-E435B33291A2-LeaderElection117] INFO  impl.LeaderElection (LeaderElection.java:askForVotes(178)) - 68ed38f4-9c13-4e57-963b-0ddf8b5864a6@group-E435B33291A2-LeaderElection117: begin an election at term 1 for -1: [68ed38f4-9c13-4e57-963b-0ddf8b5864a6:192.168.157.236:41318], old=null
2019-10-15 16:00:45,350 [654dc4fd-4a53-4d66-800b-5d0101b478e0@group-E63F20F63008-LeaderElection115] INFO  impl.RoleInfo (RoleInfo.java:shutdownLeaderElection(134)) - 654dc4fd-4a53-4d66-800b-5d0101b478e0: shutdown LeaderElection
2019-10-15 16:00:45,350 [654dc4fd-4a53-4d66-800b-5d0101b478e0@group-1CFD3FDF58A3-LeaderElection114] INFO  impl.LeaderElection (LeaderElection.java:askForVotes(178)) - 654dc4fd-4a53-4d66-800b-5d0101b478e0@group-1CFD3FDF58A3-LeaderElection114: begin an election at term 1 for -1: [68ed38f4-9c13-4e57-963b-0ddf8b5864a6:192.168.157.236:41318, a01d9800-12e3-4ec3-b51e-50c1eb51d5a4:192.168.157.236:38839, 654dc4fd-4a53-4d66-800b-5d0101b478e0:192.168.157.236:38504], old=null
2019-10-15 16:00:45,350 [a01d9800-12e3-4ec3-b51e-50c1eb51d5a4@group-1CFD3FDF58A3-LeaderElection116] INFO  impl.LeaderElection (LeaderElection.java:askForVotes(178)) - a01d9800-12e3-4ec3-b51e-50c1eb51d5a4@group-1CFD3FDF58A3-LeaderElection116: begin an election at term 1 for -1: [68ed38f4-9c13-4e57-963b-0ddf8b5864a6:192.168.157.236:41318, a01d9800-12e3-4ec3-b51e-50c1eb51d5a4:192.168.157.236:38839, 654dc4fd-4a53-4d66-800b-5d0101b478e0:192.168.157.236:38504], old=null
2019-10-15 16:00:45,351 [654dc4fd-4a53-4d66-800b-5d0101b478e0@group-E63F20F63008-LeaderElection115] INFO  impl.RaftServerImpl (RaftServerImpl.java:setRole(170)) - 654dc4fd-4a53-4d66-800b-5d0101b478e0@group-E63F20F63008: changes role from CANDIDATE to LEADER at term 1 for changeToLeader
2019-10-15 16:00:45,350 [68ed38f4-9c13-4e57-963b-0ddf8b5864a6@group-E435B33291A2-LeaderElection117] INFO  impl.RoleInfo (RoleInfo.java:shutdownLeaderElection(134)) - 68ed38f4-9c13-4e57-963b-0ddf8b5864a6: shutdown LeaderElection
2019-10-15 16:00:45,351 [654dc4fd-4a53-4d66-800b-5d0101b478e0@group-E63F20F63008-LeaderElection115] INFO  impl.RaftServerImpl (ServerState.java:setLeader(255)) - 654dc4fd-4a53-4d66-800b-5d0101b478e0@group-E63F20F63008: change Leader from null to 654dc4fd-4a53-4d66-800b-5d0101b478e0 at term 1 for becomeLeader, leader elected after 1191ms
2019-10-15 16:00:45,351 [68ed38f4-9c13-4e57-963b-0ddf8b5864a6@group-1CFD3FDF58A3-LeaderElection118] INFO  impl.LeaderElection (LeaderElection.java:askForVotes(178)) - 68ed38f4-9c13-4e57-963b-0ddf8b5864a6@group-1CFD3FDF58A3-LeaderElection118: begin an election at term 1 for -1: [68ed38f4-9c13-4e57-963b-0ddf8b5864a6:192.168.157.236:41318, a01d9800-12e3-4ec3-b51e-50c1eb51d5a4:192.168.157.236:38839, 654dc4fd-4a53-4d66-800b-5d0101b478e0:192.168.157.236:38504], old=null
2019-10-15 16:00:45,351 [68ed38f4-9c13-4e57-963b-0ddf8b5864a6@group-E435B33291A2-LeaderElection117] INFO  impl.RaftServerImpl (RaftServerImpl.java:setRole(170)) - 68ed38f4-9c13-4e57-963b-0ddf8b5864a6@group-E435B33291A2: changes role from CANDIDATE to LEADER at term 1 for changeToLeader
2019-10-15 16:00:45,357 [main] INFO  rpc.RpcClient (RpcClient.java:createBucket(411)) - Creating Bucket: datanodefailurehandlingtest/datanodefailurehandlingtest, with Versioning false and Storage Type set to DISK and Encryption set to false 
2019-10-15 16:00:45,357 [654dc4fd-4a53-4d66-800b-5d0101b478e0@group-E63F20F63008-LeaderElection115] INFO  server.RaftServerConfigKeys (ConfUtils.java:logGet(43)) - raft.server.staging.catchup.gap = 1000 (default)
2019-10-15 16:00:45,358 [68ed38f4-9c13-4e57-963b-0ddf8b5864a6@group-E435B33291A2-LeaderElection117] INFO  impl.RaftServerImpl (ServerState.java:setLeader(255)) - 68ed38f4-9c13-4e57-963b-0ddf8b5864a6@group-E435B33291A2: change Leader from null to 68ed38f4-9c13-4e57-963b-0ddf8b5864a6 at term 1 for becomeLeader, leader elected after 1147ms
2019-10-15 16:00:45,358 [654dc4fd-4a53-4d66-800b-5d0101b478e0@group-E63F20F63008-LeaderElection115] INFO  server.RaftServerConfigKeys (ConfUtils.java:logGet(43)) - raft.server.rpc.sleep.time = 25ms (default)
2019-10-15 16:00:45,361 [68ed38f4-9c13-4e57-963b-0ddf8b5864a6@group-E435B33291A2-LeaderElection117] INFO  server.RaftServerConfigKeys (ConfUtils.java:logGet(43)) - raft.server.staging.catchup.gap = 1000 (default)
2019-10-15 16:00:45,361 [654dc4fd-4a53-4d66-800b-5d0101b478e0@group-E63F20F63008-LeaderElection115] INFO  server.RaftServerConfigKeys (ConfUtils.java:logGet(43)) - raft.server.write.element-limit = 4096 (default)
2019-10-15 16:00:45,361 [68ed38f4-9c13-4e57-963b-0ddf8b5864a6@group-E435B33291A2-LeaderElection117] INFO  server.RaftServerConfigKeys (ConfUtils.java:logGet(43)) - raft.server.rpc.sleep.time = 25ms (default)
2019-10-15 16:00:45,361 [654dc4fd-4a53-4d66-800b-5d0101b478e0@group-E63F20F63008-LeaderElection115] INFO  server.RaftServerConfigKeys (ConfUtils.java:logGet(43)) - raft.server.watch.timeout = 10s (default)
2019-10-15 16:00:45,361 [68ed38f4-9c13-4e57-963b-0ddf8b5864a6@group-E435B33291A2-LeaderElection117] INFO  server.RaftServerConfigKeys (ConfUtils.java:logGet(43)) - raft.server.write.element-limit = 4096 (default)
2019-10-15 16:00:45,361 [654dc4fd-4a53-4d66-800b-5d0101b478e0@group-E63F20F63008-LeaderElection115] INFO  server.RaftServerConfigKeys (ConfUtils.java:logGet(43)) - raft.server.watch.timeout.denomination = 1s (default)
2019-10-15 16:00:45,361 [68ed38f4-9c13-4e57-963b-0ddf8b5864a6@group-E435B33291A2-LeaderElection117] INFO  server.RaftServerConfigKeys (ConfUtils.java:logGet(43)) - raft.server.watch.timeout = 10s (default)
2019-10-15 16:00:45,362 [654dc4fd-4a53-4d66-800b-5d0101b478e0@group-E63F20F63008-LeaderElection115] INFO  server.RaftServerConfigKeys (ConfUtils.java:logGet(43)) - raft.server.watch.element-limit = 65536 (default)
2019-10-15 16:00:45,362 [68ed38f4-9c13-4e57-963b-0ddf8b5864a6@group-E435B33291A2-LeaderElection117] INFO  server.RaftServerConfigKeys (ConfUtils.java:logGet(43)) - raft.server.watch.timeout.denomination = 1s (default)
2019-10-15 16:00:45,364 [68ed38f4-9c13-4e57-963b-0ddf8b5864a6@group-E435B33291A2-LeaderElection117] INFO  server.RaftServerConfigKeys (ConfUtils.java:logGet(43)) - raft.server.watch.element-limit = 65536 (default)
2019-10-15 16:00:45,365 [654dc4fd-4a53-4d66-800b-5d0101b478e0@group-1CFD3FDF58A3-LeaderElection114] INFO  impl.LeaderElection (LeaderElection.java:logAndReturn(56)) - 654dc4fd-4a53-4d66-800b-5d0101b478e0@group-1CFD3FDF58A3-LeaderElection114: Election REJECTED; received 2 response(s) [654dc4fd-4a53-4d66-800b-5d0101b478e0<-68ed38f4-9c13-4e57-963b-0ddf8b5864a6#0:FAIL-t1, 654dc4fd-4a53-4d66-800b-5d0101b478e0<-a01d9800-12e3-4ec3-b51e-50c1eb51d5a4#0:FAIL-t1] and 0 exception(s); 654dc4fd-4a53-4d66-800b-5d0101b478e0@group-1CFD3FDF58A3:t1, leader=null, voted=654dc4fd-4a53-4d66-800b-5d0101b478e0, raftlog=654dc4fd-4a53-4d66-800b-5d0101b478e0@group-1CFD3FDF58A3-SegmentedRaftLog:OPENED:c-1,f-1,i0, conf=-1: [68ed38f4-9c13-4e57-963b-0ddf8b5864a6:192.168.157.236:41318, a01d9800-12e3-4ec3-b51e-50c1eb51d5a4:192.168.157.236:38839, 654dc4fd-4a53-4d66-800b-5d0101b478e0:192.168.157.236:38504], old=null
2019-10-15 16:00:45,365 [654dc4fd-4a53-4d66-800b-5d0101b478e0@group-1CFD3FDF58A3-LeaderElection114] INFO  impl.RaftServerImpl (RaftServerImpl.java:setRole(170)) - 654dc4fd-4a53-4d66-800b-5d0101b478e0@group-1CFD3FDF58A3: changes role from CANDIDATE to FOLLOWER at term 1 for DISCOVERED_A_NEW_TERM
2019-10-15 16:00:45,365 [654dc4fd-4a53-4d66-800b-5d0101b478e0@group-1CFD3FDF58A3-LeaderElection114] INFO  impl.RoleInfo (RoleInfo.java:shutdownLeaderElection(134)) - 654dc4fd-4a53-4d66-800b-5d0101b478e0: shutdown LeaderElection
2019-10-15 16:00:45,365 [654dc4fd-4a53-4d66-800b-5d0101b478e0@group-1CFD3FDF58A3-LeaderElection114] INFO  impl.RoleInfo (RoleInfo.java:updateAndGet(143)) - 654dc4fd-4a53-4d66-800b-5d0101b478e0: start FollowerState
2019-10-15 16:00:45,366 [a01d9800-12e3-4ec3-b51e-50c1eb51d5a4@group-1CFD3FDF58A3-LeaderElection116] INFO  impl.LeaderElection (LeaderElection.java:logAndReturn(56)) - a01d9800-12e3-4ec3-b51e-50c1eb51d5a4@group-1CFD3FDF58A3-LeaderElection116: Election REJECTED; received 2 response(s) [a01d9800-12e3-4ec3-b51e-50c1eb51d5a4<-68ed38f4-9c13-4e57-963b-0ddf8b5864a6#0:FAIL-t1, a01d9800-12e3-4ec3-b51e-50c1eb51d5a4<-654dc4fd-4a53-4d66-800b-5d0101b478e0#0:FAIL-t1] and 0 exception(s); a01d9800-12e3-4ec3-b51e-50c1eb51d5a4@group-1CFD3FDF58A3:t1, leader=null, voted=a01d9800-12e3-4ec3-b51e-50c1eb51d5a4, raftlog=a01d9800-12e3-4ec3-b51e-50c1eb51d5a4@group-1CFD3FDF58A3-SegmentedRaftLog:OPENED:c-1,f-1,i0, conf=-1: [68ed38f4-9c13-4e57-963b-0ddf8b5864a6:192.168.157.236:41318, a01d9800-12e3-4ec3-b51e-50c1eb51d5a4:192.168.157.236:38839, 654dc4fd-4a53-4d66-800b-5d0101b478e0:192.168.157.236:38504], old=null
2019-10-15 16:00:45,366 [a01d9800-12e3-4ec3-b51e-50c1eb51d5a4@group-1CFD3FDF58A3-LeaderElection116] INFO  impl.RaftServerImpl (RaftServerImpl.java:setRole(170)) - a01d9800-12e3-4ec3-b51e-50c1eb51d5a4@group-1CFD3FDF58A3: changes role from CANDIDATE to FOLLOWER at term 1 for DISCOVERED_A_NEW_TERM
2019-10-15 16:00:45,366 [a01d9800-12e3-4ec3-b51e-50c1eb51d5a4@group-1CFD3FDF58A3-LeaderElection116] INFO  impl.RoleInfo (RoleInfo.java:shutdownLeaderElection(134)) - a01d9800-12e3-4ec3-b51e-50c1eb51d5a4: shutdown LeaderElection
2019-10-15 16:00:45,366 [a01d9800-12e3-4ec3-b51e-50c1eb51d5a4@group-1CFD3FDF58A3-LeaderElection116] INFO  impl.RoleInfo (RoleInfo.java:updateAndGet(143)) - a01d9800-12e3-4ec3-b51e-50c1eb51d5a4: start FollowerState
2019-10-15 16:00:45,366 [68ed38f4-9c13-4e57-963b-0ddf8b5864a6@group-1CFD3FDF58A3-LeaderElection118] INFO  impl.LeaderElection (LeaderElection.java:logAndReturn(56)) - 68ed38f4-9c13-4e57-963b-0ddf8b5864a6@group-1CFD3FDF58A3-LeaderElection118: Election REJECTED; received 2 response(s) [68ed38f4-9c13-4e57-963b-0ddf8b5864a6<-a01d9800-12e3-4ec3-b51e-50c1eb51d5a4#0:FAIL-t1, 68ed38f4-9c13-4e57-963b-0ddf8b5864a6<-654dc4fd-4a53-4d66-800b-5d0101b478e0#0:FAIL-t1] and 0 exception(s); 68ed38f4-9c13-4e57-963b-0ddf8b5864a6@group-1CFD3FDF58A3:t1, leader=null, voted=68ed38f4-9c13-4e57-963b-0ddf8b5864a6, raftlog=68ed38f4-9c13-4e57-963b-0ddf8b5864a6@group-1CFD3FDF58A3-SegmentedRaftLog:OPENED:c-1,f-1,i0, conf=-1: [68ed38f4-9c13-4e57-963b-0ddf8b5864a6:192.168.157.236:41318, a01d9800-12e3-4ec3-b51e-50c1eb51d5a4:192.168.157.236:38839, 654dc4fd-4a53-4d66-800b-5d0101b478e0:192.168.157.236:38504], old=null
2019-10-15 16:00:45,366 [68ed38f4-9c13-4e57-963b-0ddf8b5864a6@group-1CFD3FDF58A3-LeaderElection118] INFO  impl.RaftServerImpl (RaftServerImpl.java:setRole(170)) - 68ed38f4-9c13-4e57-963b-0ddf8b5864a6@group-1CFD3FDF58A3: changes role from CANDIDATE to FOLLOWER at term 1 for DISCOVERED_A_NEW_TERM
2019-10-15 16:00:45,366 [68ed38f4-9c13-4e57-963b-0ddf8b5864a6@group-1CFD3FDF58A3-LeaderElection118] INFO  impl.RoleInfo (RoleInfo.java:shutdownLeaderElection(134)) - 68ed38f4-9c13-4e57-963b-0ddf8b5864a6: shutdown LeaderElection
2019-10-15 16:00:45,366 [68ed38f4-9c13-4e57-963b-0ddf8b5864a6@group-1CFD3FDF58A3-LeaderElection118] INFO  impl.RoleInfo (RoleInfo.java:updateAndGet(143)) - 68ed38f4-9c13-4e57-963b-0ddf8b5864a6: start FollowerState
2019-10-15 16:00:45,367 [654dc4fd-4a53-4d66-800b-5d0101b478e0@group-E63F20F63008-LeaderElection115] INFO  impl.RoleInfo (RoleInfo.java:updateAndGet(143)) - 654dc4fd-4a53-4d66-800b-5d0101b478e0: start LeaderState
2019-10-15 16:00:45,367 [68ed38f4-9c13-4e57-963b-0ddf8b5864a6@group-E435B33291A2-LeaderElection117] INFO  impl.RoleInfo (RoleInfo.java:updateAndGet(143)) - 68ed38f4-9c13-4e57-963b-0ddf8b5864a6: start LeaderState
2019-10-15 16:00:45,367 [654dc4fd-4a53-4d66-800b-5d0101b478e0@group-E63F20F63008-LeaderElection115] INFO  segmented.SegmentedRaftLogWorker (SegmentedRaftLogWorker.java:startLogSegment(385)) - 654dc4fd-4a53-4d66-800b-5d0101b478e0@group-E63F20F63008-SegmentedRaftLogWorker: Starting segment from index:0
2019-10-15 16:00:45,368 [68ed38f4-9c13-4e57-963b-0ddf8b5864a6@group-E435B33291A2-LeaderElection117] INFO  segmented.SegmentedRaftLogWorker (SegmentedRaftLogWorker.java:startLogSegment(385)) - 68ed38f4-9c13-4e57-963b-0ddf8b5864a6@group-E435B33291A2-SegmentedRaftLogWorker: Starting segment from index:0
2019-10-15 16:00:45,368 [654dc4fd-4a53-4d66-800b-5d0101b478e0@group-E63F20F63008-LeaderElection115] INFO  impl.RaftServerImpl (ServerState.java:setRaftConf(356)) - 654dc4fd-4a53-4d66-800b-5d0101b478e0@group-E63F20F63008: set configuration 0: [654dc4fd-4a53-4d66-800b-5d0101b478e0:192.168.157.236:38504], old=null at 0
2019-10-15 16:00:45,368 [68ed38f4-9c13-4e57-963b-0ddf8b5864a6@group-E435B33291A2-LeaderElection117] INFO  impl.RaftServerImpl (ServerState.java:setRaftConf(356)) - 68ed38f4-9c13-4e57-963b-0ddf8b5864a6@group-E435B33291A2: set configuration 0: [68ed38f4-9c13-4e57-963b-0ddf8b5864a6:192.168.157.236:41318], old=null at 0
2019-10-15 16:00:45,405 [68ed38f4-9c13-4e57-963b-0ddf8b5864a6@group-E435B33291A2-SegmentedRaftLogWorker] INFO  segmented.SegmentedRaftLogWorker (SegmentedRaftLogWorker.java:execute(574)) - 68ed38f4-9c13-4e57-963b-0ddf8b5864a6@group-E435B33291A2-SegmentedRaftLogWorker: created new log segment /workdir/hadoop-ozone/integration-test/target/test-dir/MiniOzoneClusterImpl-db5d02a6-340f-494d-b00e-bf4b2df0003c/datanode-8/data/ratis/d27fac61-6311-4ded-9678-e435b33291a2/current/log_inprogress_0
2019-10-15 16:00:45,420 [654dc4fd-4a53-4d66-800b-5d0101b478e0@group-E63F20F63008-SegmentedRaftLogWorker] INFO  segmented.SegmentedRaftLogWorker (SegmentedRaftLogWorker.java:execute(574)) - 654dc4fd-4a53-4d66-800b-5d0101b478e0@group-E63F20F63008-SegmentedRaftLogWorker: created new log segment /workdir/hadoop-ozone/integration-test/target/test-dir/MiniOzoneClusterImpl-db5d02a6-340f-494d-b00e-bf4b2df0003c/datanode-6/data/ratis/6bf9ffa3-da07-467d-9e24-e63f20f63008/current/log_inprogress_0
2019-10-15 16:00:46,012 [Thread-3407] INFO  container.ReplicationManager (ReplicationManager.java:start(162)) - Starting Replication Monitor Thread.
2019-10-15 16:00:46,016 [ReplicationMonitor] INFO  container.ReplicationManager (ReplicationManager.java:run(225)) - Replication Monitor Thread took 0 milliseconds for processing 1 containers.
2019-10-15 16:00:46,406 [Thread-3522] INFO  impl.FollowerState (FollowerState.java:run(108)) - 654dc4fd-4a53-4d66-800b-5d0101b478e0@group-1CFD3FDF58A3-FollowerState: change to CANDIDATE, lastRpcTime:1040ms, electionTimeout:1040ms
2019-10-15 16:00:46,406 [Thread-3522] INFO  impl.RoleInfo (RoleInfo.java:shutdownFollowerState(121)) - 654dc4fd-4a53-4d66-800b-5d0101b478e0: shutdown FollowerState
2019-10-15 16:00:46,406 [Thread-3522] INFO  impl.RaftServerImpl (RaftServerImpl.java:setRole(170)) - 654dc4fd-4a53-4d66-800b-5d0101b478e0@group-1CFD3FDF58A3: changes role from  FOLLOWER to CANDIDATE at term 1 for changeToCandidate
2019-10-15 16:00:46,406 [Thread-3522] INFO  impl.RoleInfo (RoleInfo.java:updateAndGet(143)) - 654dc4fd-4a53-4d66-800b-5d0101b478e0: start LeaderElection
2019-10-15 16:00:46,407 [Thread-3524] INFO  impl.FollowerState (FollowerState.java:run(108)) - 68ed38f4-9c13-4e57-963b-0ddf8b5864a6@group-1CFD3FDF58A3-FollowerState: change to CANDIDATE, lastRpcTime:1040ms, electionTimeout:1040ms
2019-10-15 16:00:46,407 [Thread-3524] INFO  impl.RoleInfo (RoleInfo.java:shutdownFollowerState(121)) - 68ed38f4-9c13-4e57-963b-0ddf8b5864a6: shutdown FollowerState
2019-10-15 16:00:46,407 [Thread-3524] INFO  impl.RaftServerImpl (RaftServerImpl.java:setRole(170)) - 68ed38f4-9c13-4e57-963b-0ddf8b5864a6@group-1CFD3FDF58A3: changes role from  FOLLOWER to CANDIDATE at term 1 for changeToCandidate
2019-10-15 16:00:46,407 [Thread-3524] INFO  impl.RoleInfo (RoleInfo.java:updateAndGet(143)) - 68ed38f4-9c13-4e57-963b-0ddf8b5864a6: start LeaderElection
2019-10-15 16:00:46,424 [Thread-3523] INFO  impl.FollowerState (FollowerState.java:run(108)) - a01d9800-12e3-4ec3-b51e-50c1eb51d5a4@group-1CFD3FDF58A3-FollowerState: change to CANDIDATE, lastRpcTime:1058ms, electionTimeout:1058ms
2019-10-15 16:00:46,424 [Thread-3523] INFO  impl.RoleInfo (RoleInfo.java:shutdownFollowerState(121)) - a01d9800-12e3-4ec3-b51e-50c1eb51d5a4: shutdown FollowerState
2019-10-15 16:00:46,425 [Thread-3523] INFO  impl.RaftServerImpl (RaftServerImpl.java:setRole(170)) - a01d9800-12e3-4ec3-b51e-50c1eb51d5a4@group-1CFD3FDF58A3: changes role from  FOLLOWER to CANDIDATE at term 1 for changeToCandidate
2019-10-15 16:00:46,425 [Thread-3523] INFO  impl.RoleInfo (RoleInfo.java:updateAndGet(143)) - a01d9800-12e3-4ec3-b51e-50c1eb51d5a4: start LeaderElection
2019-10-15 16:00:46,437 [68ed38f4-9c13-4e57-963b-0ddf8b5864a6@group-1CFD3FDF58A3-LeaderElection120] INFO  impl.LeaderElection (LeaderElection.java:askForVotes(178)) - 68ed38f4-9c13-4e57-963b-0ddf8b5864a6@group-1CFD3FDF58A3-LeaderElection120: begin an election at term 2 for -1: [68ed38f4-9c13-4e57-963b-0ddf8b5864a6:192.168.157.236:41318, a01d9800-12e3-4ec3-b51e-50c1eb51d5a4:192.168.157.236:38839, 654dc4fd-4a53-4d66-800b-5d0101b478e0:192.168.157.236:38504], old=null
2019-10-15 16:00:46,437 [654dc4fd-4a53-4d66-800b-5d0101b478e0@group-1CFD3FDF58A3-LeaderElection119] INFO  impl.LeaderElection (LeaderElection.java:askForVotes(178)) - 654dc4fd-4a53-4d66-800b-5d0101b478e0@group-1CFD3FDF58A3-LeaderElection119: begin an election at term 2 for -1: [68ed38f4-9c13-4e57-963b-0ddf8b5864a6:192.168.157.236:41318, a01d9800-12e3-4ec3-b51e-50c1eb51d5a4:192.168.157.236:38839, 654dc4fd-4a53-4d66-800b-5d0101b478e0:192.168.157.236:38504], old=null
2019-10-15 16:00:46,465 [a01d9800-12e3-4ec3-b51e-50c1eb51d5a4@group-1CFD3FDF58A3-LeaderElection121] INFO  impl.LeaderElection (LeaderElection.java:askForVotes(178)) - a01d9800-12e3-4ec3-b51e-50c1eb51d5a4@group-1CFD3FDF58A3-LeaderElection121: begin an election at term 2 for -1: [68ed38f4-9c13-4e57-963b-0ddf8b5864a6:192.168.157.236:41318, a01d9800-12e3-4ec3-b51e-50c1eb51d5a4:192.168.157.236:38839, 654dc4fd-4a53-4d66-800b-5d0101b478e0:192.168.157.236:38504], old=null
2019-10-15 16:00:46,466 [654dc4fd-4a53-4d66-800b-5d0101b478e0@group-1CFD3FDF58A3-LeaderElection119] INFO  impl.LeaderElection (LeaderElection.java:logAndReturn(56)) - 654dc4fd-4a53-4d66-800b-5d0101b478e0@group-1CFD3FDF58A3-LeaderElection119: Election REJECTED; received 2 response(s) [654dc4fd-4a53-4d66-800b-5d0101b478e0<-68ed38f4-9c13-4e57-963b-0ddf8b5864a6#0:FAIL-t2, 654dc4fd-4a53-4d66-800b-5d0101b478e0<-a01d9800-12e3-4ec3-b51e-50c1eb51d5a4#0:FAIL-t2] and 0 exception(s); 654dc4fd-4a53-4d66-800b-5d0101b478e0@group-1CFD3FDF58A3:t2, leader=null, voted=654dc4fd-4a53-4d66-800b-5d0101b478e0, raftlog=654dc4fd-4a53-4d66-800b-5d0101b478e0@group-1CFD3FDF58A3-SegmentedRaftLog:OPENED:c-1,f-1,i0, conf=-1: [68ed38f4-9c13-4e57-963b-0ddf8b5864a6:192.168.157.236:41318, a01d9800-12e3-4ec3-b51e-50c1eb51d5a4:192.168.157.236:38839, 654dc4fd-4a53-4d66-800b-5d0101b478e0:192.168.157.236:38504], old=null
2019-10-15 16:00:46,466 [654dc4fd-4a53-4d66-800b-5d0101b478e0@group-1CFD3FDF58A3-LeaderElection119] INFO  impl.RaftServerImpl (RaftServerImpl.java:setRole(170)) - 654dc4fd-4a53-4d66-800b-5d0101b478e0@group-1CFD3FDF58A3: changes role from CANDIDATE to FOLLOWER at term 2 for DISCOVERED_A_NEW_TERM
2019-10-15 16:00:46,466 [68ed38f4-9c13-4e57-963b-0ddf8b5864a6@group-1CFD3FDF58A3-LeaderElection120] INFO  impl.LeaderElection (LeaderElection.java:logAndReturn(56)) - 68ed38f4-9c13-4e57-963b-0ddf8b5864a6@group-1CFD3FDF58A3-LeaderElection120: Election REJECTED; received 2 response(s) [68ed38f4-9c13-4e57-963b-0ddf8b5864a6<-a01d9800-12e3-4ec3-b51e-50c1eb51d5a4#0:FAIL-t2, 68ed38f4-9c13-4e57-963b-0ddf8b5864a6<-654dc4fd-4a53-4d66-800b-5d0101b478e0#0:FAIL-t2] and 0 exception(s); 68ed38f4-9c13-4e57-963b-0ddf8b5864a6@group-1CFD3FDF58A3:t2, leader=null, voted=68ed38f4-9c13-4e57-963b-0ddf8b5864a6, raftlog=68ed38f4-9c13-4e57-963b-0ddf8b5864a6@group-1CFD3FDF58A3-SegmentedRaftLog:OPENED:c-1,f-1,i0, conf=-1: [68ed38f4-9c13-4e57-963b-0ddf8b5864a6:192.168.157.236:41318, a01d9800-12e3-4ec3-b51e-50c1eb51d5a4:192.168.157.236:38839, 654dc4fd-4a53-4d66-800b-5d0101b478e0:192.168.157.236:38504], old=null
2019-10-15 16:00:46,466 [654dc4fd-4a53-4d66-800b-5d0101b478e0@group-1CFD3FDF58A3-LeaderElection119] INFO  impl.RoleInfo (RoleInfo.java:shutdownLeaderElection(134)) - 654dc4fd-4a53-4d66-800b-5d0101b478e0: shutdown LeaderElection
2019-10-15 16:00:46,466 [68ed38f4-9c13-4e57-963b-0ddf8b5864a6@group-1CFD3FDF58A3-LeaderElection120] INFO  impl.RaftServerImpl (RaftServerImpl.java:setRole(170)) - 68ed38f4-9c13-4e57-963b-0ddf8b5864a6@group-1CFD3FDF58A3: changes role from CANDIDATE to FOLLOWER at term 2 for DISCOVERED_A_NEW_TERM
2019-10-15 16:00:46,466 [654dc4fd-4a53-4d66-800b-5d0101b478e0@group-1CFD3FDF58A3-LeaderElection119] INFO  impl.RoleInfo (RoleInfo.java:updateAndGet(143)) - 654dc4fd-4a53-4d66-800b-5d0101b478e0: start FollowerState
2019-10-15 16:00:46,466 [68ed38f4-9c13-4e57-963b-0ddf8b5864a6@group-1CFD3FDF58A3-LeaderElection120] INFO  impl.RoleInfo (RoleInfo.java:shutdownLeaderElection(134)) - 68ed38f4-9c13-4e57-963b-0ddf8b5864a6: shutdown LeaderElection
2019-10-15 16:00:46,466 [68ed38f4-9c13-4e57-963b-0ddf8b5864a6@group-1CFD3FDF58A3-LeaderElection120] INFO  impl.RoleInfo (RoleInfo.java:updateAndGet(143)) - 68ed38f4-9c13-4e57-963b-0ddf8b5864a6: start FollowerState
2019-10-15 16:00:46,468 [a01d9800-12e3-4ec3-b51e-50c1eb51d5a4@group-1CFD3FDF58A3-LeaderElection121] INFO  impl.LeaderElection (LeaderElection.java:logAndReturn(56)) - a01d9800-12e3-4ec3-b51e-50c1eb51d5a4@group-1CFD3FDF58A3-LeaderElection121: Election REJECTED; received 2 response(s) [a01d9800-12e3-4ec3-b51e-50c1eb51d5a4<-68ed38f4-9c13-4e57-963b-0ddf8b5864a6#0:FAIL-t2, a01d9800-12e3-4ec3-b51e-50c1eb51d5a4<-654dc4fd-4a53-4d66-800b-5d0101b478e0#0:FAIL-t2] and 0 exception(s); a01d9800-12e3-4ec3-b51e-50c1eb51d5a4@group-1CFD3FDF58A3:t2, leader=null, voted=a01d9800-12e3-4ec3-b51e-50c1eb51d5a4, raftlog=a01d9800-12e3-4ec3-b51e-50c1eb51d5a4@group-1CFD3FDF58A3-SegmentedRaftLog:OPENED:c-1,f-1,i0, conf=-1: [68ed38f4-9c13-4e57-963b-0ddf8b5864a6:192.168.157.236:41318, a01d9800-12e3-4ec3-b51e-50c1eb51d5a4:192.168.157.236:38839, 654dc4fd-4a53-4d66-800b-5d0101b478e0:192.168.157.236:38504], old=null
2019-10-15 16:00:46,468 [a01d9800-12e3-4ec3-b51e-50c1eb51d5a4@group-1CFD3FDF58A3-LeaderElection121] INFO  impl.RaftServerImpl (RaftServerImpl.java:setRole(170)) - a01d9800-12e3-4ec3-b51e-50c1eb51d5a4@group-1CFD3FDF58A3: changes role from CANDIDATE to FOLLOWER at term 2 for DISCOVERED_A_NEW_TERM
2019-10-15 16:00:46,468 [a01d9800-12e3-4ec3-b51e-50c1eb51d5a4@group-1CFD3FDF58A3-LeaderElection121] INFO  impl.RoleInfo (RoleInfo.java:shutdownLeaderElection(134)) - a01d9800-12e3-4ec3-b51e-50c1eb51d5a4: shutdown LeaderElection
2019-10-15 16:00:46,468 [a01d9800-12e3-4ec3-b51e-50c1eb51d5a4@group-1CFD3FDF58A3-LeaderElection121] INFO  impl.RoleInfo (RoleInfo.java:updateAndGet(143)) - a01d9800-12e3-4ec3-b51e-50c1eb51d5a4: start FollowerState
2019-10-15 16:00:47,493 [Thread-3550] INFO  impl.FollowerState (FollowerState.java:run(108)) - a01d9800-12e3-4ec3-b51e-50c1eb51d5a4@group-1CFD3FDF58A3-FollowerState: change to CANDIDATE, lastRpcTime:1024ms, electionTimeout:1024ms
2019-10-15 16:00:47,493 [Thread-3550] INFO  impl.RoleInfo (RoleInfo.java:shutdownFollowerState(121)) - a01d9800-12e3-4ec3-b51e-50c1eb51d5a4: shutdown FollowerState
2019-10-15 16:00:47,493 [Thread-3550] INFO  impl.RaftServerImpl (RaftServerImpl.java:setRole(170)) - a01d9800-12e3-4ec3-b51e-50c1eb51d5a4@group-1CFD3FDF58A3: changes role from  FOLLOWER to CANDIDATE at term 2 for changeToCandidate
2019-10-15 16:00:47,493 [Thread-3550] INFO  impl.RoleInfo (RoleInfo.java:updateAndGet(143)) - a01d9800-12e3-4ec3-b51e-50c1eb51d5a4: start LeaderElection
2019-10-15 16:00:47,515 [a01d9800-12e3-4ec3-b51e-50c1eb51d5a4@group-1CFD3FDF58A3-LeaderElection122] INFO  impl.LeaderElection (LeaderElection.java:askForVotes(178)) - a01d9800-12e3-4ec3-b51e-50c1eb51d5a4@group-1CFD3FDF58A3-LeaderElection122: begin an election at term 3 for -1: [68ed38f4-9c13-4e57-963b-0ddf8b5864a6:192.168.157.236:41318, a01d9800-12e3-4ec3-b51e-50c1eb51d5a4:192.168.157.236:38839, 654dc4fd-4a53-4d66-800b-5d0101b478e0:192.168.157.236:38504], old=null
2019-10-15 16:00:47,517 [grpc-default-executor-2] INFO  impl.RaftServerImpl (RaftServerImpl.java:setRole(170)) - 654dc4fd-4a53-4d66-800b-5d0101b478e0@group-1CFD3FDF58A3: changes role from  FOLLOWER to FOLLOWER at term 3 for recognizeCandidate:a01d9800-12e3-4ec3-b51e-50c1eb51d5a4
2019-10-15 16:00:47,518 [grpc-default-executor-1] INFO  impl.RaftServerImpl (RaftServerImpl.java:setRole(170)) - 68ed38f4-9c13-4e57-963b-0ddf8b5864a6@group-1CFD3FDF58A3: changes role from  FOLLOWER to FOLLOWER at term 3 for recognizeCandidate:a01d9800-12e3-4ec3-b51e-50c1eb51d5a4
2019-10-15 16:00:47,518 [grpc-default-executor-2] INFO  impl.RoleInfo (RoleInfo.java:shutdownFollowerState(121)) - 654dc4fd-4a53-4d66-800b-5d0101b478e0: shutdown FollowerState
2019-10-15 16:00:47,518 [grpc-default-executor-1] INFO  impl.RoleInfo (RoleInfo.java:shutdownFollowerState(121)) - 68ed38f4-9c13-4e57-963b-0ddf8b5864a6: shutdown FollowerState
2019-10-15 16:00:47,518 [Thread-3548] INFO  impl.FollowerState (FollowerState.java:run(117)) - 654dc4fd-4a53-4d66-800b-5d0101b478e0@group-1CFD3FDF58A3-FollowerState was interrupted: java.lang.InterruptedException: sleep interrupted
2019-10-15 16:00:47,518 [grpc-default-executor-2] INFO  impl.RoleInfo (RoleInfo.java:updateAndGet(143)) - 654dc4fd-4a53-4d66-800b-5d0101b478e0: start FollowerState
2019-10-15 16:00:47,518 [Thread-3549] INFO  impl.FollowerState (FollowerState.java:run(117)) - 68ed38f4-9c13-4e57-963b-0ddf8b5864a6@group-1CFD3FDF58A3-FollowerState was interrupted: java.lang.InterruptedException: sleep interrupted
2019-10-15 16:00:47,518 [grpc-default-executor-1] INFO  impl.RoleInfo (RoleInfo.java:updateAndGet(143)) - 68ed38f4-9c13-4e57-963b-0ddf8b5864a6: start FollowerState
2019-10-15 16:00:47,533 [a01d9800-12e3-4ec3-b51e-50c1eb51d5a4@group-1CFD3FDF58A3-LeaderElection122] INFO  impl.LeaderElection (LeaderElection.java:logAndReturn(56)) - a01d9800-12e3-4ec3-b51e-50c1eb51d5a4@group-1CFD3FDF58A3-LeaderElection122: Election PASSED; received 1 response(s) [a01d9800-12e3-4ec3-b51e-50c1eb51d5a4<-68ed38f4-9c13-4e57-963b-0ddf8b5864a6#0:OK-t3] and 0 exception(s); a01d9800-12e3-4ec3-b51e-50c1eb51d5a4@group-1CFD3FDF58A3:t3, leader=null, voted=a01d9800-12e3-4ec3-b51e-50c1eb51d5a4, raftlog=a01d9800-12e3-4ec3-b51e-50c1eb51d5a4@group-1CFD3FDF58A3-SegmentedRaftLog:OPENED:c-1,f-1,i0, conf=-1: [68ed38f4-9c13-4e57-963b-0ddf8b5864a6:192.168.157.236:41318, a01d9800-12e3-4ec3-b51e-50c1eb51d5a4:192.168.157.236:38839, 654dc4fd-4a53-4d66-800b-5d0101b478e0:192.168.157.236:38504], old=null
2019-10-15 16:00:47,533 [a01d9800-12e3-4ec3-b51e-50c1eb51d5a4@group-1CFD3FDF58A3-LeaderElection122] INFO  impl.RoleInfo (RoleInfo.java:shutdownLeaderElection(134)) - a01d9800-12e3-4ec3-b51e-50c1eb51d5a4: shutdown LeaderElection
2019-10-15 16:00:47,533 [a01d9800-12e3-4ec3-b51e-50c1eb51d5a4@group-1CFD3FDF58A3-LeaderElection122] INFO  impl.RaftServerImpl (RaftServerImpl.java:setRole(170)) - a01d9800-12e3-4ec3-b51e-50c1eb51d5a4@group-1CFD3FDF58A3: changes role from CANDIDATE to LEADER at term 3 for changeToLeader
2019-10-15 16:00:47,533 [a01d9800-12e3-4ec3-b51e-50c1eb51d5a4@group-1CFD3FDF58A3-LeaderElection122] INFO  impl.RaftServerImpl (ServerState.java:setLeader(255)) - a01d9800-12e3-4ec3-b51e-50c1eb51d5a4@group-1CFD3FDF58A3: change Leader from null to a01d9800-12e3-4ec3-b51e-50c1eb51d5a4 at term 3 for becomeLeader, leader elected after 3266ms
2019-10-15 16:00:47,533 [a01d9800-12e3-4ec3-b51e-50c1eb51d5a4@group-1CFD3FDF58A3-LeaderElection122] INFO  server.RaftServerConfigKeys (ConfUtils.java:logGet(43)) - raft.server.staging.catchup.gap = 1000 (default)
2019-10-15 16:00:47,534 [a01d9800-12e3-4ec3-b51e-50c1eb51d5a4@group-1CFD3FDF58A3-LeaderElection122] INFO  server.RaftServerConfigKeys (ConfUtils.java:logGet(43)) - raft.server.rpc.sleep.time = 25ms (default)
2019-10-15 16:00:47,534 [a01d9800-12e3-4ec3-b51e-50c1eb51d5a4@group-1CFD3FDF58A3-LeaderElection122] INFO  server.RaftServerConfigKeys (ConfUtils.java:logGet(43)) - raft.server.write.element-limit = 4096 (default)
2019-10-15 16:00:47,534 [a01d9800-12e3-4ec3-b51e-50c1eb51d5a4@group-1CFD3FDF58A3-LeaderElection122] INFO  server.RaftServerConfigKeys (ConfUtils.java:logGet(43)) - raft.server.watch.timeout = 10s (default)
2019-10-15 16:00:47,534 [a01d9800-12e3-4ec3-b51e-50c1eb51d5a4@group-1CFD3FDF58A3-LeaderElection122] INFO  server.RaftServerConfigKeys (ConfUtils.java:logGet(43)) - raft.server.watch.timeout.denomination = 1s (default)
2019-10-15 16:00:47,534 [a01d9800-12e3-4ec3-b51e-50c1eb51d5a4@group-1CFD3FDF58A3-LeaderElection122] INFO  server.RaftServerConfigKeys (ConfUtils.java:logGet(43)) - raft.server.watch.element-limit = 65536 (default)
2019-10-15 16:00:47,536 [a01d9800-12e3-4ec3-b51e-50c1eb51d5a4@group-1CFD3FDF58A3-LeaderElection122] INFO  server.RaftServerConfigKeys (ConfUtils.java:logGet(43)) - raft.server.log.appender.snapshot.chunk.size.max = 16MB (=16777216) (default)
2019-10-15 16:00:47,536 [a01d9800-12e3-4ec3-b51e-50c1eb51d5a4@group-1CFD3FDF58A3-LeaderElection122] INFO  server.RaftServerConfigKeys (ConfUtils.java:logGet(43)) - raft.server.log.appender.buffer.byte-limit = 33554432 (custom)
2019-10-15 16:00:47,536 [a01d9800-12e3-4ec3-b51e-50c1eb51d5a4@group-1CFD3FDF58A3-LeaderElection122] INFO  server.RaftServerConfigKeys (ConfUtils.java:logGet(43)) - raft.server.log.appender.buffer.element-limit = 1 (custom)
2019-10-15 16:00:47,536 [a01d9800-12e3-4ec3-b51e-50c1eb51d5a4@group-1CFD3FDF58A3-LeaderElection122] INFO  grpc.GrpcConfigKeys$Server (ConfUtils.java:logGet(43)) - raft.grpc.server.leader.outstanding.appends.max = 128 (default)
2019-10-15 16:00:47,537 [a01d9800-12e3-4ec3-b51e-50c1eb51d5a4@group-1CFD3FDF58A3-LeaderElection122] INFO  server.RaftServerConfigKeys (ConfUtils.java:logGet(43)) - raft.server.rpc.request.timeout = 3000ms (default)
2019-10-15 16:00:47,537 [a01d9800-12e3-4ec3-b51e-50c1eb51d5a4@group-1CFD3FDF58A3-LeaderElection122] INFO  server.RaftServerConfigKeys (ConfUtils.java:logGet(43)) - raft.server.log.appender.install.snapshot.enabled = false (custom)
2019-10-15 16:00:47,537 [a01d9800-12e3-4ec3-b51e-50c1eb51d5a4@group-1CFD3FDF58A3-LeaderElection122] INFO  server.RaftServerConfigKeys (ConfUtils.java:logGet(43)) - raft.server.log.appender.snapshot.chunk.size.max = 16MB (=16777216) (default)
2019-10-15 16:00:47,537 [a01d9800-12e3-4ec3-b51e-50c1eb51d5a4@group-1CFD3FDF58A3-LeaderElection122] INFO  server.RaftServerConfigKeys (ConfUtils.java:logGet(43)) - raft.server.log.appender.buffer.byte-limit = 33554432 (custom)
2019-10-15 16:00:47,537 [a01d9800-12e3-4ec3-b51e-50c1eb51d5a4@group-1CFD3FDF58A3-LeaderElection122] INFO  server.RaftServerConfigKeys (ConfUtils.java:logGet(43)) - raft.server.log.appender.buffer.element-limit = 1 (custom)
2019-10-15 16:00:47,537 [a01d9800-12e3-4ec3-b51e-50c1eb51d5a4@group-1CFD3FDF58A3-LeaderElection122] INFO  grpc.GrpcConfigKeys$Server (ConfUtils.java:logGet(43)) - raft.grpc.server.leader.outstanding.appends.max = 128 (default)
2019-10-15 16:00:47,537 [a01d9800-12e3-4ec3-b51e-50c1eb51d5a4@group-1CFD3FDF58A3-LeaderElection122] INFO  server.RaftServerConfigKeys (ConfUtils.java:logGet(43)) - raft.server.rpc.request.timeout = 3000ms (default)
2019-10-15 16:00:47,538 [a01d9800-12e3-4ec3-b51e-50c1eb51d5a4@group-1CFD3FDF58A3-LeaderElection122] INFO  server.RaftServerConfigKeys (ConfUtils.java:logGet(43)) - raft.server.log.appender.install.snapshot.enabled = false (custom)
2019-10-15 16:00:47,538 [a01d9800-12e3-4ec3-b51e-50c1eb51d5a4@group-1CFD3FDF58A3-LeaderElection122] INFO  impl.RoleInfo (RoleInfo.java:updateAndGet(143)) - a01d9800-12e3-4ec3-b51e-50c1eb51d5a4: start LeaderState
2019-10-15 16:00:47,538 [a01d9800-12e3-4ec3-b51e-50c1eb51d5a4@group-1CFD3FDF58A3-LeaderElection122] INFO  segmented.SegmentedRaftLogWorker (SegmentedRaftLogWorker.java:startLogSegment(385)) - a01d9800-12e3-4ec3-b51e-50c1eb51d5a4@group-1CFD3FDF58A3-SegmentedRaftLogWorker: Starting segment from index:0
2019-10-15 16:00:47,538 [a01d9800-12e3-4ec3-b51e-50c1eb51d5a4@group-1CFD3FDF58A3-LeaderElection122] INFO  impl.RaftServerImpl (ServerState.java:setRaftConf(356)) - a01d9800-12e3-4ec3-b51e-50c1eb51d5a4@group-1CFD3FDF58A3: set configuration 0: [68ed38f4-9c13-4e57-963b-0ddf8b5864a6:192.168.157.236:41318, a01d9800-12e3-4ec3-b51e-50c1eb51d5a4:192.168.157.236:38839, 654dc4fd-4a53-4d66-800b-5d0101b478e0:192.168.157.236:38504], old=null at 0
2019-10-15 16:00:47,539 [grpc-default-executor-1] INFO  impl.RaftServerImpl (ServerState.java:setLeader(255)) - 654dc4fd-4a53-4d66-800b-5d0101b478e0@group-1CFD3FDF58A3: change Leader from null to a01d9800-12e3-4ec3-b51e-50c1eb51d5a4 at term 3 for appendEntries, leader elected after 3271ms
2019-10-15 16:00:47,539 [grpc-default-executor-2] INFO  impl.RaftServerImpl (ServerState.java:setLeader(255)) - 68ed38f4-9c13-4e57-963b-0ddf8b5864a6@group-1CFD3FDF58A3: change Leader from null to a01d9800-12e3-4ec3-b51e-50c1eb51d5a4 at term 3 for appendEntries, leader elected after 3271ms
2019-10-15 16:00:47,541 [grpc-default-executor-1] INFO  impl.RaftServerImpl (ServerState.java:setRaftConf(356)) - 654dc4fd-4a53-4d66-800b-5d0101b478e0@group-1CFD3FDF58A3: set configuration 0: [68ed38f4-9c13-4e57-963b-0ddf8b5864a6:192.168.157.236:41318, a01d9800-12e3-4ec3-b51e-50c1eb51d5a4:192.168.157.236:38839, 654dc4fd-4a53-4d66-800b-5d0101b478e0:192.168.157.236:38504], old=null at 0
2019-10-15 16:00:47,541 [grpc-default-executor-1] INFO  segmented.SegmentedRaftLogWorker (SegmentedRaftLogWorker.java:startLogSegment(385)) - 654dc4fd-4a53-4d66-800b-5d0101b478e0@group-1CFD3FDF58A3-SegmentedRaftLogWorker: Starting segment from index:0
2019-10-15 16:00:47,542 [grpc-default-executor-2] INFO  impl.RaftServerImpl (ServerState.java:setRaftConf(356)) - 68ed38f4-9c13-4e57-963b-0ddf8b5864a6@group-1CFD3FDF58A3: set configuration 0: [68ed38f4-9c13-4e57-963b-0ddf8b5864a6:192.168.157.236:41318, a01d9800-12e3-4ec3-b51e-50c1eb51d5a4:192.168.157.236:38839, 654dc4fd-4a53-4d66-800b-5d0101b478e0:192.168.157.236:38504], old=null at 0
2019-10-15 16:00:47,542 [grpc-default-executor-2] INFO  segmented.SegmentedRaftLogWorker (SegmentedRaftLogWorker.java:startLogSegment(385)) - 68ed38f4-9c13-4e57-963b-0ddf8b5864a6@group-1CFD3FDF58A3-SegmentedRaftLogWorker: Starting segment from index:0
2019-10-15 16:00:47,582 [654dc4fd-4a53-4d66-800b-5d0101b478e0@group-1CFD3FDF58A3-SegmentedRaftLogWorker] INFO  segmented.SegmentedRaftLogWorker (SegmentedRaftLogWorker.java:execute(574)) - 654dc4fd-4a53-4d66-800b-5d0101b478e0@group-1CFD3FDF58A3-SegmentedRaftLogWorker: created new log segment /workdir/hadoop-ozone/integration-test/target/test-dir/MiniOzoneClusterImpl-db5d02a6-340f-494d-b00e-bf4b2df0003c/datanode-6/data/ratis/d27e5be7-3324-4d93-8f8f-1cfd3fdf58a3/current/log_inprogress_0
2019-10-15 16:00:47,582 [a01d9800-12e3-4ec3-b51e-50c1eb51d5a4@group-1CFD3FDF58A3-SegmentedRaftLogWorker] INFO  segmented.SegmentedRaftLogWorker (SegmentedRaftLogWorker.java:execute(574)) - a01d9800-12e3-4ec3-b51e-50c1eb51d5a4@group-1CFD3FDF58A3-SegmentedRaftLogWorker: created new log segment /workdir/hadoop-ozone/integration-test/target/test-dir/MiniOzoneClusterImpl-db5d02a6-340f-494d-b00e-bf4b2df0003c/datanode-7/data/ratis/d27e5be7-3324-4d93-8f8f-1cfd3fdf58a3/current/log_inprogress_0
2019-10-15 16:00:47,582 [68ed38f4-9c13-4e57-963b-0ddf8b5864a6@group-1CFD3FDF58A3-SegmentedRaftLogWorker] INFO  segmented.SegmentedRaftLogWorker (SegmentedRaftLogWorker.java:execute(574)) - 68ed38f4-9c13-4e57-963b-0ddf8b5864a6@group-1CFD3FDF58A3-SegmentedRaftLogWorker: created new log segment /workdir/hadoop-ozone/integration-test/target/test-dir/MiniOzoneClusterImpl-db5d02a6-340f-494d-b00e-bf4b2df0003c/datanode-8/data/ratis/d27e5be7-3324-4d93-8f8f-1cfd3fdf58a3/current/log_inprogress_0
2019-10-15 16:00:51,492 [java.util.concurrent.ThreadPoolExecutor$Worker@67fa64a0[State = -1, empty queue]] ERROR client.GrpcClientProtocolClient (GrpcClientProtocolClient.java:close(148)) - Unexpected exception while waiting for channel termination
java.lang.InterruptedException
	at java.util.concurrent.locks.AbstractQueuedSynchronizer.tryAcquireSharedNanos(AbstractQueuedSynchronizer.java:1326)
	at java.util.concurrent.CountDownLatch.await(CountDownLatch.java:277)
	at org.apache.ratis.thirdparty.io.grpc.internal.ManagedChannelImpl.awaitTermination(ManagedChannelImpl.java:763)
	at org.apache.ratis.thirdparty.io.grpc.internal.ForwardingManagedChannel.awaitTermination(ForwardingManagedChannel.java:57)
	at org.apache.ratis.thirdparty.io.grpc.internal.ManagedChannelOrphanWrapper.awaitTermination(ManagedChannelOrphanWrapper.java:70)
	at org.apache.ratis.grpc.client.GrpcClientProtocolClient.close(GrpcClientProtocolClient.java:146)
	at org.apache.ratis.util.PeerProxyMap$PeerAndProxy.lambda$close$1(PeerProxyMap.java:74)
	at org.apache.ratis.util.LifeCycle.lambda$checkStateAndClose$2(LifeCycle.java:231)
	at org.apache.ratis.util.LifeCycle.checkStateAndClose(LifeCycle.java:251)
	at org.apache.ratis.util.LifeCycle.checkStateAndClose(LifeCycle.java:229)
	at org.apache.ratis.util.PeerProxyMap$PeerAndProxy.close(PeerProxyMap.java:70)
	at org.apache.ratis.util.PeerProxyMap.resetProxy(PeerProxyMap.java:127)
	at org.apache.ratis.util.PeerProxyMap.handleException(PeerProxyMap.java:136)
	at org.apache.ratis.client.impl.RaftClientRpcWithProxy.handleException(RaftClientRpcWithProxy.java:47)
	at org.apache.ratis.client.impl.RaftClientImpl.handleIOException(RaftClientImpl.java:372)
	at org.apache.ratis.client.impl.OrderedAsync.lambda$sendRequest$10(OrderedAsync.java:236)
	at java.util.concurrent.CompletableFuture.uniExceptionally(CompletableFuture.java:870)
	at java.util.concurrent.CompletableFuture$UniExceptionally.tryFire(CompletableFuture.java:852)
	at java.util.concurrent.CompletableFuture.postComplete(CompletableFuture.java:474)
	at java.util.concurrent.CompletableFuture.completeExceptionally(CompletableFuture.java:1977)
	at org.apache.ratis.grpc.client.GrpcClientProtocolClient$AsyncStreamObservers.lambda$timeoutCheck$3(GrpcClientProtocolClient.java:324)
	at java.util.Optional.ifPresent(Optional.java:159)
	at org.apache.ratis.grpc.client.GrpcClientProtocolClient$AsyncStreamObservers.handleReplyFuture(GrpcClientProtocolClient.java:329)
	at org.apache.ratis.grpc.client.GrpcClientProtocolClient$AsyncStreamObservers.timeoutCheck(GrpcClientProtocolClient.java:324)
	at org.apache.ratis.grpc.client.GrpcClientProtocolClient$AsyncStreamObservers.lambda$onNext$1(GrpcClientProtocolClient.java:318)
	at org.apache.ratis.util.TimeoutScheduler.lambda$onTimeout$0(TimeoutScheduler.java:113)
	at org.apache.ratis.util.TimeoutScheduler.lambda$onTimeout$1(TimeoutScheduler.java:133)
	at org.apache.ratis.util.LogUtils.runAndLog(LogUtils.java:50)
	at org.apache.ratis.util.LogUtils$1.run(LogUtils.java:91)
	at java.util.concurrent.Executors$RunnableAdapter.call(Executors.java:511)
	at java.util.concurrent.FutureTask.run(FutureTask.java:266)
	at java.util.concurrent.ScheduledThreadPoolExecutor$ScheduledFutureTask.access$201(ScheduledThreadPoolExecutor.java:180)
	at java.util.concurrent.ScheduledThreadPoolExecutor$ScheduledFutureTask.run(ScheduledThreadPoolExecutor.java:293)
	at java.util.concurrent.ThreadPoolExecutor.runWorker(ThreadPoolExecutor.java:1149)
	at java.util.concurrent.ThreadPoolExecutor$Worker.run(ThreadPoolExecutor.java:624)
	at java.lang.Thread.run(Thread.java:748)
2019-10-15 16:00:51,495 [java.util.concurrent.ThreadPoolExecutor$Worker@375b5ef2[State = -1, empty queue]] WARN  server.GrpcLogAppender (GrpcLogAppender.java:timeoutAppendRequest(200)) - a01d9800-12e3-4ec3-b51e-50c1eb51d5a4@group-1CFD3FDF58A3->68ed38f4-9c13-4e57-963b-0ddf8b5864a6-GrpcLogAppender: appendEntries Timeout, request=a01d9800-12e3-4ec3-b51e-50c1eb51d5a4->68ed38f4-9c13-4e57-963b-0ddf8b5864a6#3-t3, previous=(t:3, i:0), leaderCommit=0, initializing? false, entries: size=1, first=(t:3, i:1), STATEMACHINELOGENTRY, client-07B563E404D8, cid=120
2019-10-15 16:00:51,495 [java.util.concurrent.ThreadPoolExecutor$Worker@1a60e6c7[State = -1, empty queue]] WARN  server.GrpcLogAppender (GrpcLogAppender.java:timeoutAppendRequest(200)) - a01d9800-12e3-4ec3-b51e-50c1eb51d5a4@group-1CFD3FDF58A3->654dc4fd-4a53-4d66-800b-5d0101b478e0-GrpcLogAppender: appendEntries Timeout, request=a01d9800-12e3-4ec3-b51e-50c1eb51d5a4->654dc4fd-4a53-4d66-800b-5d0101b478e0#3-t3, previous=(t:3, i:0), leaderCommit=0, initializing? false, entries: size=1, first=(t:3, i:1), STATEMACHINELOGENTRY, client-07B563E404D8, cid=120
2019-10-15 16:00:51,498 [java.util.concurrent.ThreadPoolExecutor$Worker@67fa64a0[State = -1, empty queue]] WARN  util.TimeoutScheduler (LogUtils.java:runAndLog(55)) - Failed to task #0: java.lang.NullPointerException
2019-10-15 16:00:51,980 [java.util.concurrent.ThreadPoolExecutor$Worker@1a60e6c7[State = -1, empty queue]] WARN  server.GrpcLogAppender (GrpcLogAppender.java:timeoutAppendRequest(200)) - a01d9800-12e3-4ec3-b51e-50c1eb51d5a4@group-1CFD3FDF58A3->654dc4fd-4a53-4d66-800b-5d0101b478e0-GrpcLogAppender: appendEntries Timeout, request=a01d9800-12e3-4ec3-b51e-50c1eb51d5a4->654dc4fd-4a53-4d66-800b-5d0101b478e0#4-t3, previous=(t:3, i:1), leaderCommit=0, initializing? false, entries: <empty>
2019-10-15 16:00:51,981 [java.util.concurrent.ThreadPoolExecutor$Worker@375b5ef2[State = -1, empty queue]] WARN  server.GrpcLogAppender (GrpcLogAppender.java:timeoutAppendRequest(200)) - a01d9800-12e3-4ec3-b51e-50c1eb51d5a4@group-1CFD3FDF58A3->68ed38f4-9c13-4e57-963b-0ddf8b5864a6-GrpcLogAppender: appendEntries Timeout, request=a01d9800-12e3-4ec3-b51e-50c1eb51d5a4->68ed38f4-9c13-4e57-963b-0ddf8b5864a6#4-t3, previous=(t:3, i:1), leaderCommit=0, initializing? false, entries: <empty>
2019-10-15 16:00:52,480 [java.util.concurrent.ThreadPoolExecutor$Worker@1a60e6c7[State = -1, empty queue]] WARN  server.GrpcLogAppender (GrpcLogAppender.java:timeoutAppendRequest(200)) - a01d9800-12e3-4ec3-b51e-50c1eb51d5a4@group-1CFD3FDF58A3->654dc4fd-4a53-4d66-800b-5d0101b478e0-GrpcLogAppender: appendEntries Timeout, request=a01d9800-12e3-4ec3-b51e-50c1eb51d5a4->654dc4fd-4a53-4d66-800b-5d0101b478e0#5-t3, previous=(t:3, i:1), leaderCommit=0, initializing? false, entries: <empty>
2019-10-15 16:00:52,481 [java.util.concurrent.ThreadPoolExecutor$Worker@375b5ef2[State = -1, empty queue]] WARN  server.GrpcLogAppender (GrpcLogAppender.java:timeoutAppendRequest(200)) - a01d9800-12e3-4ec3-b51e-50c1eb51d5a4@group-1CFD3FDF58A3->68ed38f4-9c13-4e57-963b-0ddf8b5864a6-GrpcLogAppender: appendEntries Timeout, request=a01d9800-12e3-4ec3-b51e-50c1eb51d5a4->68ed38f4-9c13-4e57-963b-0ddf8b5864a6#5-t3, previous=(t:3, i:1), leaderCommit=0, initializing? false, entries: <empty>
2019-10-15 16:00:52,980 [java.util.concurrent.ThreadPoolExecutor$Worker@1a60e6c7[State = -1, empty queue]] WARN  server.GrpcLogAppender (GrpcLogAppender.java:timeoutAppendRequest(200)) - a01d9800-12e3-4ec3-b51e-50c1eb51d5a4@group-1CFD3FDF58A3->654dc4fd-4a53-4d66-800b-5d0101b478e0-GrpcLogAppender: appendEntries Timeout, request=a01d9800-12e3-4ec3-b51e-50c1eb51d5a4->654dc4fd-4a53-4d66-800b-5d0101b478e0#6-t3, previous=(t:3, i:1), leaderCommit=0, initializing? false, entries: <empty>
2019-10-15 16:00:52,981 [java.util.concurrent.ThreadPoolExecutor$Worker@375b5ef2[State = -1, empty queue]] WARN  server.GrpcLogAppender (GrpcLogAppender.java:timeoutAppendRequest(200)) - a01d9800-12e3-4ec3-b51e-50c1eb51d5a4@group-1CFD3FDF58A3->68ed38f4-9c13-4e57-963b-0ddf8b5864a6-GrpcLogAppender: appendEntries Timeout, request=a01d9800-12e3-4ec3-b51e-50c1eb51d5a4->68ed38f4-9c13-4e57-963b-0ddf8b5864a6#6-t3, previous=(t:3, i:1), leaderCommit=0, initializing? false, entries: <empty>
2019-10-15 16:00:53,481 [java.util.concurrent.ThreadPoolExecutor$Worker@1a60e6c7[State = -1, empty queue]] WARN  server.GrpcLogAppender (GrpcLogAppender.java:timeoutAppendRequest(200)) - a01d9800-12e3-4ec3-b51e-50c1eb51d5a4@group-1CFD3FDF58A3->654dc4fd-4a53-4d66-800b-5d0101b478e0-GrpcLogAppender: appendEntries Timeout, request=a01d9800-12e3-4ec3-b51e-50c1eb51d5a4->654dc4fd-4a53-4d66-800b-5d0101b478e0#7-t3, previous=(t:3, i:1), leaderCommit=0, initializing? false, entries: <empty>
2019-10-15 16:00:53,481 [java.util.concurrent.ThreadPoolExecutor$Worker@375b5ef2[State = -1, empty queue]] WARN  server.GrpcLogAppender (GrpcLogAppender.java:timeoutAppendRequest(200)) - a01d9800-12e3-4ec3-b51e-50c1eb51d5a4@group-1CFD3FDF58A3->68ed38f4-9c13-4e57-963b-0ddf8b5864a6-GrpcLogAppender: appendEntries Timeout, request=a01d9800-12e3-4ec3-b51e-50c1eb51d5a4->68ed38f4-9c13-4e57-963b-0ddf8b5864a6#7-t3, previous=(t:3, i:1), leaderCommit=0, initializing? false, entries: <empty>
2019-10-15 16:00:53,752 [grpc-default-executor-2] WARN  server.GrpcLogAppender (GrpcLogAppender.java:onNextImpl(251)) - a01d9800-12e3-4ec3-b51e-50c1eb51d5a4@group-1CFD3FDF58A3->654dc4fd-4a53-4d66-800b-5d0101b478e0-AppendLogResponseHandler: Request not found, ignoring reply: a01d9800-12e3-4ec3-b51e-50c1eb51d5a4<-654dc4fd-4a53-4d66-800b-5d0101b478e0#3:OK,SUCCESS,nextIndex:2,term:3,followerCommit:0
2019-10-15 16:00:53,753 [grpc-default-executor-2] WARN  server.GrpcLogAppender (GrpcLogAppender.java:onNextImpl(251)) - a01d9800-12e3-4ec3-b51e-50c1eb51d5a4@group-1CFD3FDF58A3->654dc4fd-4a53-4d66-800b-5d0101b478e0-AppendLogResponseHandler: Request not found, ignoring reply: a01d9800-12e3-4ec3-b51e-50c1eb51d5a4<-654dc4fd-4a53-4d66-800b-5d0101b478e0#4:OK,SUCCESS,nextIndex:2,term:3,followerCommit:0
2019-10-15 16:00:53,753 [grpc-default-executor-2] WARN  server.GrpcLogAppender (GrpcLogAppender.java:onNextImpl(251)) - a01d9800-12e3-4ec3-b51e-50c1eb51d5a4@group-1CFD3FDF58A3->654dc4fd-4a53-4d66-800b-5d0101b478e0-AppendLogResponseHandler: Request not found, ignoring reply: a01d9800-12e3-4ec3-b51e-50c1eb51d5a4<-654dc4fd-4a53-4d66-800b-5d0101b478e0#5:OK,SUCCESS,nextIndex:2,term:3,followerCommit:0
2019-10-15 16:00:53,753 [grpc-default-executor-2] WARN  server.GrpcLogAppender (GrpcLogAppender.java:onNextImpl(251)) - a01d9800-12e3-4ec3-b51e-50c1eb51d5a4@group-1CFD3FDF58A3->654dc4fd-4a53-4d66-800b-5d0101b478e0-AppendLogResponseHandler: Request not found, ignoring reply: a01d9800-12e3-4ec3-b51e-50c1eb51d5a4<-654dc4fd-4a53-4d66-800b-5d0101b478e0#6:OK,SUCCESS,nextIndex:2,term:3,followerCommit:0
2019-10-15 16:00:53,753 [grpc-default-executor-2] WARN  server.GrpcLogAppender (GrpcLogAppender.java:onNextImpl(251)) - a01d9800-12e3-4ec3-b51e-50c1eb51d5a4@group-1CFD3FDF58A3->654dc4fd-4a53-4d66-800b-5d0101b478e0-AppendLogResponseHandler: Request not found, ignoring reply: a01d9800-12e3-4ec3-b51e-50c1eb51d5a4<-654dc4fd-4a53-4d66-800b-5d0101b478e0#7:OK,SUCCESS,nextIndex:2,term:3,followerCommit:0
2019-10-15 16:00:53,755 [grpc-default-executor-2] WARN  server.GrpcLogAppender (GrpcLogAppender.java:onNextImpl(251)) - a01d9800-12e3-4ec3-b51e-50c1eb51d5a4@group-1CFD3FDF58A3->68ed38f4-9c13-4e57-963b-0ddf8b5864a6-AppendLogResponseHandler: Request not found, ignoring reply: a01d9800-12e3-4ec3-b51e-50c1eb51d5a4<-68ed38f4-9c13-4e57-963b-0ddf8b5864a6#3:OK,SUCCESS,nextIndex:2,term:3,followerCommit:0
2019-10-15 16:00:53,755 [grpc-default-executor-2] WARN  server.GrpcLogAppender (GrpcLogAppender.java:onNextImpl(251)) - a01d9800-12e3-4ec3-b51e-50c1eb51d5a4@group-1CFD3FDF58A3->68ed38f4-9c13-4e57-963b-0ddf8b5864a6-AppendLogResponseHandler: Request not found, ignoring reply: a01d9800-12e3-4ec3-b51e-50c1eb51d5a4<-68ed38f4-9c13-4e57-963b-0ddf8b5864a6#4:OK,SUCCESS,nextIndex:2,term:3,followerCommit:0
2019-10-15 16:00:53,755 [grpc-default-executor-2] WARN  server.GrpcLogAppender (GrpcLogAppender.java:onNextImpl(251)) - a01d9800-12e3-4ec3-b51e-50c1eb51d5a4@group-1CFD3FDF58A3->68ed38f4-9c13-4e57-963b-0ddf8b5864a6-AppendLogResponseHandler: Request not found, ignoring reply: a01d9800-12e3-4ec3-b51e-50c1eb51d5a4<-68ed38f4-9c13-4e57-963b-0ddf8b5864a6#5:OK,SUCCESS,nextIndex:2,term:3,followerCommit:0
2019-10-15 16:00:53,755 [grpc-default-executor-2] WARN  server.GrpcLogAppender (GrpcLogAppender.java:onNextImpl(251)) - a01d9800-12e3-4ec3-b51e-50c1eb51d5a4@group-1CFD3FDF58A3->68ed38f4-9c13-4e57-963b-0ddf8b5864a6-AppendLogResponseHandler: Request not found, ignoring reply: a01d9800-12e3-4ec3-b51e-50c1eb51d5a4<-68ed38f4-9c13-4e57-963b-0ddf8b5864a6#6:OK,SUCCESS,nextIndex:2,term:3,followerCommit:0
2019-10-15 16:00:53,759 [grpc-default-executor-2] WARN  server.GrpcLogAppender (GrpcLogAppender.java:onNextImpl(251)) - a01d9800-12e3-4ec3-b51e-50c1eb51d5a4@group-1CFD3FDF58A3->68ed38f4-9c13-4e57-963b-0ddf8b5864a6-AppendLogResponseHandler: Request not found, ignoring reply: a01d9800-12e3-4ec3-b51e-50c1eb51d5a4<-68ed38f4-9c13-4e57-963b-0ddf8b5864a6#7:OK,SUCCESS,nextIndex:2,term:3,followerCommit:0
2019-10-15 16:00:54,737 [Datanode State Machine Thread - 0] INFO  statemachine.DatanodeStateMachine (DatanodeStateMachine.java:lambda$startDaemon$0(350)) - Ozone container server started.
2019-10-15 16:00:58,985 [main] INFO  ozoneimpl.OzoneContainer (OzoneContainer.java:stop(227)) - Attempting to stop container services.
2019-10-15 16:00:58,986 [main] INFO  impl.RaftServerProxy (RaftServerProxy.java:lambda$close$4(314)) - a01d9800-12e3-4ec3-b51e-50c1eb51d5a4: close
2019-10-15 16:00:58,986 [main] INFO  impl.RaftServerImpl (RaftServerImpl.java:lambda$shutdown$3(247)) - a01d9800-12e3-4ec3-b51e-50c1eb51d5a4@group-1CFD3FDF58A3: shutdown
2019-10-15 16:00:58,986 [ForkJoinPool.commonPool-worker-1] INFO  impl.RaftServerImpl (RaftServerImpl.java:lambda$shutdown$3(247)) - a01d9800-12e3-4ec3-b51e-50c1eb51d5a4@group-E64C7D479757: shutdown
2019-10-15 16:00:58,987 [main] INFO  util.JmxRegister (JmxRegister.java:unregister(73)) - Successfully un-registered JMX Bean with object name Ratis:service=RaftServer,group=group-1CFD3FDF58A3,id=a01d9800-12e3-4ec3-b51e-50c1eb51d5a4
2019-10-15 16:00:58,987 [ForkJoinPool.commonPool-worker-1] INFO  util.JmxRegister (JmxRegister.java:unregister(73)) - Successfully un-registered JMX Bean with object name Ratis:service=RaftServer,group=group-E64C7D479757,id=a01d9800-12e3-4ec3-b51e-50c1eb51d5a4
2019-10-15 16:00:58,987 [main] INFO  impl.RoleInfo (RoleInfo.java:shutdownLeaderState(104)) - a01d9800-12e3-4ec3-b51e-50c1eb51d5a4: shutdown LeaderState
2019-10-15 16:00:58,987 [ForkJoinPool.commonPool-worker-1] INFO  impl.RoleInfo (RoleInfo.java:shutdownLeaderState(104)) - a01d9800-12e3-4ec3-b51e-50c1eb51d5a4: shutdown LeaderState
2019-10-15 16:00:58,995 [org.apache.ratis.server.impl.LogAppender$AppenderDaemon$$Lambda$482/1547993981@1bcebf74] WARN  server.GrpcLogAppender (GrpcLogAppender.java:mayWait(143)) - a01d9800-12e3-4ec3-b51e-50c1eb51d5a4@group-1CFD3FDF58A3->654dc4fd-4a53-4d66-800b-5d0101b478e0-GrpcLogAppender: Wait interrupted by java.lang.InterruptedException
2019-10-15 16:00:58,995 [org.apache.ratis.server.impl.LogAppender$AppenderDaemon$$Lambda$482/1547993981@6fa06849] WARN  server.GrpcLogAppender (GrpcLogAppender.java:mayWait(143)) - a01d9800-12e3-4ec3-b51e-50c1eb51d5a4@group-1CFD3FDF58A3->68ed38f4-9c13-4e57-963b-0ddf8b5864a6-GrpcLogAppender: Wait interrupted by java.lang.InterruptedException
2019-10-15 16:00:58,995 [ForkJoinPool.commonPool-worker-1] INFO  impl.PendingRequests (PendingRequests.java:sendNotLeaderResponses(202)) - a01d9800-12e3-4ec3-b51e-50c1eb51d5a4@group-E64C7D479757-PendingRequests: sendNotLeaderResponses
2019-10-15 16:00:58,995 [main] INFO  impl.PendingRequests (PendingRequests.java:sendNotLeaderResponses(202)) - a01d9800-12e3-4ec3-b51e-50c1eb51d5a4@group-1CFD3FDF58A3-PendingRequests: sendNotLeaderResponses
2019-10-15 16:00:58,996 [ForkJoinPool.commonPool-worker-1] INFO  impl.StateMachineUpdater (StateMachineUpdater.java:stopAndJoin(136)) - a01d9800-12e3-4ec3-b51e-50c1eb51d5a4@group-E64C7D479757-StateMachineUpdater: set stopIndex = 0
2019-10-15 16:00:58,996 [grpc-default-executor-2] INFO  server.GrpcServerProtocolService (GrpcServerProtocolService.java:onCompleted(113)) - 654dc4fd-4a53-4d66-800b-5d0101b478e0: Completed APPEND_ENTRIES, lastRequest: a01d9800-12e3-4ec3-b51e-50c1eb51d5a4->654dc4fd-4a53-4d66-800b-5d0101b478e0#25-t3, previous=(t:3, i:4), leaderCommit=4, initializing? false, entries: <empty>
2019-10-15 16:00:58,996 [grpc-default-executor-1] INFO  server.GrpcServerProtocolService (GrpcServerProtocolService.java:onCompleted(113)) - 68ed38f4-9c13-4e57-963b-0ddf8b5864a6: Completed APPEND_ENTRIES, lastRequest: a01d9800-12e3-4ec3-b51e-50c1eb51d5a4->68ed38f4-9c13-4e57-963b-0ddf8b5864a6#25-t3, previous=(t:3, i:4), leaderCommit=4, initializing? false, entries: <empty>
2019-10-15 16:00:59,001 [main] INFO  impl.StateMachineUpdater (StateMachineUpdater.java:stopAndJoin(136)) - a01d9800-12e3-4ec3-b51e-50c1eb51d5a4@group-1CFD3FDF58A3-StateMachineUpdater: set stopIndex = 4
2019-10-15 16:00:59,001 [ForkJoinPool.commonPool-worker-1] INFO  impl.RaftServerImpl (ServerState.java:close(387)) - a01d9800-12e3-4ec3-b51e-50c1eb51d5a4@group-E64C7D479757: closes. applyIndex: 0
2019-10-15 16:00:59,001 [a01d9800-12e3-4ec3-b51e-50c1eb51d5a4@group-1CFD3FDF58A3-StateMachineUpdater] INFO  ratis.ContainerStateMachine (ContainerStateMachine.java:takeSnapshot(294)) - group-1CFD3FDF58A3: Taking a snapshot at:(t:3, i:4) file /workdir/hadoop-ozone/integration-test/target/test-dir/MiniOzoneClusterImpl-db5d02a6-340f-494d-b00e-bf4b2df0003c/datanode-7/data/ratis/d27e5be7-3324-4d93-8f8f-1cfd3fdf58a3/sm/snapshot.3_4
2019-10-15 16:00:59,002 [a01d9800-12e3-4ec3-b51e-50c1eb51d5a4@group-E64C7D479757-SegmentedRaftLogWorker] INFO  segmented.SegmentedRaftLogWorker (SegmentedRaftLogWorker.java:run(316)) - a01d9800-12e3-4ec3-b51e-50c1eb51d5a4@group-E64C7D479757-SegmentedRaftLogWorker was interrupted, exiting. There are 0 tasks remaining in the queue.
2019-10-15 16:00:59,004 [ForkJoinPool.commonPool-worker-1] INFO  segmented.SegmentedRaftLogWorker (SegmentedRaftLogWorker.java:close(224)) - a01d9800-12e3-4ec3-b51e-50c1eb51d5a4@group-E64C7D479757-SegmentedRaftLogWorker close()
2019-10-15 16:00:59,004 [grpc-default-executor-1] INFO  server.GrpcLogAppender (GrpcLogAppender.java:onCompleted(293)) - a01d9800-12e3-4ec3-b51e-50c1eb51d5a4@group-1CFD3FDF58A3->68ed38f4-9c13-4e57-963b-0ddf8b5864a6-AppendLogResponseHandler: follower responses appendEntries COMPLETED
2019-10-15 16:00:59,009 [grpc-default-executor-2] INFO  server.GrpcLogAppender (GrpcLogAppender.java:onCompleted(293)) - a01d9800-12e3-4ec3-b51e-50c1eb51d5a4@group-1CFD3FDF58A3->654dc4fd-4a53-4d66-800b-5d0101b478e0-AppendLogResponseHandler: follower responses appendEntries COMPLETED
2019-10-15 16:00:59,022 [grpc-default-executor-1] INFO  impl.FollowerInfo (FollowerInfo.java:lambda$new$0(51)) - a01d9800-12e3-4ec3-b51e-50c1eb51d5a4@group-1CFD3FDF58A3->68ed38f4-9c13-4e57-963b-0ddf8b5864a6: nextIndex: updateUnconditionally 5 -> 4
2019-10-15 16:00:59,022 [grpc-default-executor-2] INFO  impl.FollowerInfo (FollowerInfo.java:lambda$new$0(51)) - a01d9800-12e3-4ec3-b51e-50c1eb51d5a4@group-1CFD3FDF58A3->654dc4fd-4a53-4d66-800b-5d0101b478e0: nextIndex: updateUnconditionally 5 -> 4
2019-10-15 16:00:59,030 [a01d9800-12e3-4ec3-b51e-50c1eb51d5a4@group-1CFD3FDF58A3-StateMachineUpdater] INFO  ratis.ContainerStateMachine (ContainerStateMachine.java:takeSnapshot(305)) - group-1CFD3FDF58A3: Finished taking a snapshot at:(t:3, i:4) file:/workdir/hadoop-ozone/integration-test/target/test-dir/MiniOzoneClusterImpl-db5d02a6-340f-494d-b00e-bf4b2df0003c/datanode-7/data/ratis/d27e5be7-3324-4d93-8f8f-1cfd3fdf58a3/sm/snapshot.3_4 time:29
2019-10-15 16:00:59,030 [a01d9800-12e3-4ec3-b51e-50c1eb51d5a4@group-1CFD3FDF58A3-StateMachineUpdater] INFO  impl.StateMachineUpdater (StateMachineUpdater.java:takeSnapshot(269)) - a01d9800-12e3-4ec3-b51e-50c1eb51d5a4@group-1CFD3FDF58A3-StateMachineUpdater: Took a snapshot at index 4
2019-10-15 16:00:59,030 [a01d9800-12e3-4ec3-b51e-50c1eb51d5a4@group-1CFD3FDF58A3-StateMachineUpdater] INFO  impl.StateMachineUpdater (StateMachineUpdater.java:lambda$new$0(84)) - a01d9800-12e3-4ec3-b51e-50c1eb51d5a4@group-1CFD3FDF58A3-StateMachineUpdater: snapshotIndex: updateIncreasingly -1 -> 4
2019-10-15 16:00:59,031 [main] INFO  impl.RaftServerImpl (ServerState.java:close(387)) - a01d9800-12e3-4ec3-b51e-50c1eb51d5a4@group-1CFD3FDF58A3: closes. applyIndex: 4
2019-10-15 16:00:59,031 [a01d9800-12e3-4ec3-b51e-50c1eb51d5a4@group-1CFD3FDF58A3-SegmentedRaftLogWorker] INFO  segmented.SegmentedRaftLogWorker (SegmentedRaftLogWorker.java:run(316)) - a01d9800-12e3-4ec3-b51e-50c1eb51d5a4@group-1CFD3FDF58A3-SegmentedRaftLogWorker was interrupted, exiting. There are 0 tasks remaining in the queue.
2019-10-15 16:00:59,034 [main] INFO  segmented.SegmentedRaftLogWorker (SegmentedRaftLogWorker.java:close(224)) - a01d9800-12e3-4ec3-b51e-50c1eb51d5a4@group-1CFD3FDF58A3-SegmentedRaftLogWorker close()
2019-10-15 16:00:59,039 [main] INFO  server.GrpcService (GrpcService.java:closeImpl(164)) - a01d9800-12e3-4ec3-b51e-50c1eb51d5a4: shutdown server with port 38839 now
2019-10-15 16:00:59,040 [main] INFO  server.GrpcService (GrpcService.java:closeImpl(172)) - a01d9800-12e3-4ec3-b51e-50c1eb51d5a4: shutdown server with port 38839 successfully
2019-10-15 16:00:59,046 [refreshUsed-/workdir/hadoop-ozone/integration-test/target/test-dir/MiniOzoneClusterImpl-db5d02a6-340f-494d-b00e-bf4b2df0003c/datanode-7/data/containers] WARN  fs.CachingGetSpaceUsed (CachingGetSpaceUsed.java:run(183)) - Thread Interrupted waiting to refresh disk information: sleep interrupted
2019-10-15 16:00:59,060 [main] INFO  utils.BackgroundService (BackgroundService.java:shutdown(151)) - Shutting down service BlockDeletingService
2019-10-15 16:00:59,066 [main] INFO  statemachine.DatanodeStateMachine (DatanodeStateMachine.java:stopDaemon(395)) - Ozone container server stopped.
2019-10-15 16:00:59,068 [main] INFO  handler.ContextHandler (ContextHandler.java:doStop(910)) - Stopped o.e.j.w.WebAppContext@42c54bad{/,null,UNAVAILABLE}{/hddsDatanode}
2019-10-15 16:00:59,068 [main] INFO  server.AbstractConnector (AbstractConnector.java:doStop(318)) - Stopped ServerConnector@6bb4cc0e{HTTP/1.1,[http/1.1]}{0.0.0.0:0}
2019-10-15 16:00:59,068 [main] INFO  handler.ContextHandler (ContextHandler.java:doStop(910)) - Stopped o.e.j.s.ServletContextHandler@350ff014{/static,jar:file:/home/user/.m2/repository/org/apache/hadoop/hadoop-hdds-container-service/0.5.0-SNAPSHOT/hadoop-hdds-container-service-0.5.0-SNAPSHOT.jar!/webapps/static,UNAVAILABLE}
2019-10-15 16:00:59,069 [main] INFO  handler.ContextHandler (ContextHandler.java:doStop(910)) - Stopped o.e.j.s.ServletContextHandler@113dcaf8{/logs,file:///workdir/hadoop-ozone/integration-test/target/log,UNAVAILABLE}
2019-10-15 16:01:00,694 [Thread-3564] INFO  impl.FollowerState (FollowerState.java:run(108)) - 654dc4fd-4a53-4d66-800b-5d0101b478e0@group-1CFD3FDF58A3-FollowerState: change to CANDIDATE, lastRpcTime:1990ms, electionTimeout:1059ms
2019-10-15 16:01:00,694 [Thread-3564] INFO  impl.RoleInfo (RoleInfo.java:shutdownFollowerState(121)) - 654dc4fd-4a53-4d66-800b-5d0101b478e0: shutdown FollowerState
2019-10-15 16:01:00,695 [Thread-3564] INFO  impl.RaftServerImpl (RaftServerImpl.java:setRole(170)) - 654dc4fd-4a53-4d66-800b-5d0101b478e0@group-1CFD3FDF58A3: changes role from  FOLLOWER to CANDIDATE at term 3 for changeToCandidate
2019-10-15 16:01:00,695 [Thread-3564] INFO  impl.RoleInfo (RoleInfo.java:updateAndGet(143)) - 654dc4fd-4a53-4d66-800b-5d0101b478e0: start LeaderElection
2019-10-15 16:01:00,695 [654dc4fd-4a53-4d66-800b-5d0101b478e0@group-1CFD3FDF58A3-LeaderElection123] INFO  impl.RaftServerImpl (ServerState.java:setLeader(255)) - 654dc4fd-4a53-4d66-800b-5d0101b478e0@group-1CFD3FDF58A3: change Leader from a01d9800-12e3-4ec3-b51e-50c1eb51d5a4 to null at term 3 for initElection
2019-10-15 16:01:00,726 [654dc4fd-4a53-4d66-800b-5d0101b478e0@group-1CFD3FDF58A3-LeaderElection123] INFO  impl.LeaderElection (LeaderElection.java:askForVotes(178)) - 654dc4fd-4a53-4d66-800b-5d0101b478e0@group-1CFD3FDF58A3-LeaderElection123: begin an election at term 4 for 0: [68ed38f4-9c13-4e57-963b-0ddf8b5864a6:192.168.157.236:41318, a01d9800-12e3-4ec3-b51e-50c1eb51d5a4:192.168.157.236:38839, 654dc4fd-4a53-4d66-800b-5d0101b478e0:192.168.157.236:38504], old=null
2019-10-15 16:01:00,729 [654dc4fd-4a53-4d66-800b-5d0101b478e0@group-1CFD3FDF58A3-LeaderElection123] INFO  impl.LeaderElection (LogUtils.java:infoOrTrace(149)) - 654dc4fd-4a53-4d66-800b-5d0101b478e0@group-1CFD3FDF58A3-LeaderElection123 got exception when requesting votes: {}
java.util.concurrent.ExecutionException: org.apache.ratis.thirdparty.io.grpc.StatusRuntimeException: UNAVAILABLE: io exception
	at java.util.concurrent.FutureTask.report(FutureTask.java:122)
	at java.util.concurrent.FutureTask.get(FutureTask.java:192)
	at org.apache.ratis.server.impl.LeaderElection.waitForResults(LeaderElection.java:259)
	at org.apache.ratis.server.impl.LeaderElection.askForVotes(LeaderElection.java:197)
	at org.apache.ratis.server.impl.LeaderElection.run(LeaderElection.java:133)
	at java.lang.Thread.run(Thread.java:748)
Caused by: org.apache.ratis.thirdparty.io.grpc.StatusRuntimeException: UNAVAILABLE: io exception
	at org.apache.ratis.thirdparty.io.grpc.stub.ClientCalls.toStatusRuntimeException(ClientCalls.java:233)
	at org.apache.ratis.thirdparty.io.grpc.stub.ClientCalls.getUnchecked(ClientCalls.java:214)
	at org.apache.ratis.thirdparty.io.grpc.stub.ClientCalls.blockingUnaryCall(ClientCalls.java:139)
	at org.apache.ratis.proto.grpc.RaftServerProtocolServiceGrpc$RaftServerProtocolServiceBlockingStub.requestVote(RaftServerProtocolServiceGrpc.java:265)
	at org.apache.ratis.grpc.server.GrpcServerProtocolClient.requestVote(GrpcServerProtocolClient.java:99)
	at org.apache.ratis.grpc.server.GrpcService.requestVote(GrpcService.java:204)
	at org.apache.ratis.server.impl.LeaderElection.lambda$submitRequests$1(LeaderElection.java:234)
	at java.util.concurrent.FutureTask.run(FutureTask.java:266)
	at java.util.concurrent.Executors$RunnableAdapter.call(Executors.java:511)
	at java.util.concurrent.FutureTask.run(FutureTask.java:266)
	at java.util.concurrent.ThreadPoolExecutor.runWorker(ThreadPoolExecutor.java:1149)
	at java.util.concurrent.ThreadPoolExecutor$Worker.run(ThreadPoolExecutor.java:624)
	... 1 more
Caused by: org.apache.ratis.thirdparty.io.netty.channel.AbstractChannel$AnnotatedConnectException: Connection refused: /192.168.157.236:38839
	at sun.nio.ch.SocketChannelImpl.checkConnect(Native Method)
	at sun.nio.ch.SocketChannelImpl.finishConnect(SocketChannelImpl.java:717)
	at org.apache.ratis.thirdparty.io.netty.channel.socket.nio.NioSocketChannel.doFinishConnect(NioSocketChannel.java:327)
	at org.apache.ratis.thirdparty.io.netty.channel.nio.AbstractNioChannel$AbstractNioUnsafe.finishConnect(AbstractNioChannel.java:340)
	at org.apache.ratis.thirdparty.io.netty.channel.nio.NioEventLoop.processSelectedKey(NioEventLoop.java:632)
	at org.apache.ratis.thirdparty.io.netty.channel.nio.NioEventLoop.processSelectedKeysOptimized(NioEventLoop.java:579)
	at org.apache.ratis.thirdparty.io.netty.channel.nio.NioEventLoop.processSelectedKeys(NioEventLoop.java:496)
	at org.apache.ratis.thirdparty.io.netty.channel.nio.NioEventLoop.run(NioEventLoop.java:458)
	at org.apache.ratis.thirdparty.io.netty.util.concurrent.SingleThreadEventExecutor$5.run(SingleThreadEventExecutor.java:897)
	at org.apache.ratis.thirdparty.io.netty.util.concurrent.FastThreadLocalRunnable.run(FastThreadLocalRunnable.java:30)
	... 1 more
Caused by: java.net.ConnectException: Connection refused
	... 11 more
2019-10-15 16:01:00,730 [grpc-default-executor-1] INFO  impl.RaftServerImpl (ServerState.java:setLeader(255)) - 68ed38f4-9c13-4e57-963b-0ddf8b5864a6@group-1CFD3FDF58A3: change Leader from a01d9800-12e3-4ec3-b51e-50c1eb51d5a4 to null at term 4 for updateCurrentTerm
2019-10-15 16:01:00,730 [grpc-default-executor-1] INFO  impl.RaftServerImpl (RaftServerImpl.java:setRole(170)) - 68ed38f4-9c13-4e57-963b-0ddf8b5864a6@group-1CFD3FDF58A3: changes role from  FOLLOWER to FOLLOWER at term 4 for recognizeCandidate:654dc4fd-4a53-4d66-800b-5d0101b478e0
2019-10-15 16:01:00,731 [grpc-default-executor-1] INFO  impl.RoleInfo (RoleInfo.java:shutdownFollowerState(121)) - 68ed38f4-9c13-4e57-963b-0ddf8b5864a6: shutdown FollowerState
2019-10-15 16:01:00,731 [grpc-default-executor-1] INFO  impl.RoleInfo (RoleInfo.java:updateAndGet(143)) - 68ed38f4-9c13-4e57-963b-0ddf8b5864a6: start FollowerState
2019-10-15 16:01:00,731 [Thread-3565] INFO  impl.FollowerState (FollowerState.java:run(117)) - 68ed38f4-9c13-4e57-963b-0ddf8b5864a6@group-1CFD3FDF58A3-FollowerState was interrupted: java.lang.InterruptedException: sleep interrupted
2019-10-15 16:01:00,746 [654dc4fd-4a53-4d66-800b-5d0101b478e0@group-1CFD3FDF58A3-LeaderElection123] INFO  impl.LeaderElection (LeaderElection.java:logAndReturn(56)) - 654dc4fd-4a53-4d66-800b-5d0101b478e0@group-1CFD3FDF58A3-LeaderElection123: Election PASSED; received 1 response(s) [654dc4fd-4a53-4d66-800b-5d0101b478e0<-68ed38f4-9c13-4e57-963b-0ddf8b5864a6#0:OK-t4] and 1 exception(s); 654dc4fd-4a53-4d66-800b-5d0101b478e0@group-1CFD3FDF58A3:t4, leader=null, voted=654dc4fd-4a53-4d66-800b-5d0101b478e0, raftlog=654dc4fd-4a53-4d66-800b-5d0101b478e0@group-1CFD3FDF58A3-SegmentedRaftLog:OPENED:c4,f4,i4, conf=0: [68ed38f4-9c13-4e57-963b-0ddf8b5864a6:192.168.157.236:41318, a01d9800-12e3-4ec3-b51e-50c1eb51d5a4:192.168.157.236:38839, 654dc4fd-4a53-4d66-800b-5d0101b478e0:192.168.157.236:38504], old=null
2019-10-15 16:01:00,746 [654dc4fd-4a53-4d66-800b-5d0101b478e0@group-1CFD3FDF58A3-LeaderElection123] INFO  impl.LeaderElection (LogUtils.java:infoOrTrace(149)) -   Exception 0: {}
java.util.concurrent.ExecutionException: org.apache.ratis.thirdparty.io.grpc.StatusRuntimeException: UNAVAILABLE: io exception
	at java.util.concurrent.FutureTask.report(FutureTask.java:122)
	at java.util.concurrent.FutureTask.get(FutureTask.java:192)
	at org.apache.ratis.server.impl.LeaderElection.waitForResults(LeaderElection.java:259)
	at org.apache.ratis.server.impl.LeaderElection.askForVotes(LeaderElection.java:197)
	at org.apache.ratis.server.impl.LeaderElection.run(LeaderElection.java:133)
	at java.lang.Thread.run(Thread.java:748)
Caused by: org.apache.ratis.thirdparty.io.grpc.StatusRuntimeException: UNAVAILABLE: io exception
	at org.apache.ratis.thirdparty.io.grpc.stub.ClientCalls.toStatusRuntimeException(ClientCalls.java:233)
	at org.apache.ratis.thirdparty.io.grpc.stub.ClientCalls.getUnchecked(ClientCalls.java:214)
	at org.apache.ratis.thirdparty.io.grpc.stub.ClientCalls.blockingUnaryCall(ClientCalls.java:139)
	at org.apache.ratis.proto.grpc.RaftServerProtocolServiceGrpc$RaftServerProtocolServiceBlockingStub.requestVote(RaftServerProtocolServiceGrpc.java:265)
	at org.apache.ratis.grpc.server.GrpcServerProtocolClient.requestVote(GrpcServerProtocolClient.java:99)
	at org.apache.ratis.grpc.server.GrpcService.requestVote(GrpcService.java:204)
	at org.apache.ratis.server.impl.LeaderElection.lambda$submitRequests$1(LeaderElection.java:234)
	at java.util.concurrent.FutureTask.run(FutureTask.java:266)
	at java.util.concurrent.Executors$RunnableAdapter.call(Executors.java:511)
	at java.util.concurrent.FutureTask.run(FutureTask.java:266)
	at java.util.concurrent.ThreadPoolExecutor.runWorker(ThreadPoolExecutor.java:1149)
	at java.util.concurrent.ThreadPoolExecutor$Worker.run(ThreadPoolExecutor.java:624)
	... 1 more
Caused by: org.apache.ratis.thirdparty.io.netty.channel.AbstractChannel$AnnotatedConnectException: Connection refused: /192.168.157.236:38839
	at sun.nio.ch.SocketChannelImpl.checkConnect(Native Method)
	at sun.nio.ch.SocketChannelImpl.finishConnect(SocketChannelImpl.java:717)
	at org.apache.ratis.thirdparty.io.netty.channel.socket.nio.NioSocketChannel.doFinishConnect(NioSocketChannel.java:327)
	at org.apache.ratis.thirdparty.io.netty.channel.nio.AbstractNioChannel$AbstractNioUnsafe.finishConnect(AbstractNioChannel.java:340)
	at org.apache.ratis.thirdparty.io.netty.channel.nio.NioEventLoop.processSelectedKey(NioEventLoop.java:632)
	at org.apache.ratis.thirdparty.io.netty.channel.nio.NioEventLoop.processSelectedKeysOptimized(NioEventLoop.java:579)
	at org.apache.ratis.thirdparty.io.netty.channel.nio.NioEventLoop.processSelectedKeys(NioEventLoop.java:496)
	at org.apache.ratis.thirdparty.io.netty.channel.nio.NioEventLoop.run(NioEventLoop.java:458)
	at org.apache.ratis.thirdparty.io.netty.util.concurrent.SingleThreadEventExecutor$5.run(SingleThreadEventExecutor.java:897)
	at org.apache.ratis.thirdparty.io.netty.util.concurrent.FastThreadLocalRunnable.run(FastThreadLocalRunnable.java:30)
	... 1 more
Caused by: java.net.ConnectException: Connection refused
	... 11 more
2019-10-15 16:01:00,746 [654dc4fd-4a53-4d66-800b-5d0101b478e0@group-1CFD3FDF58A3-LeaderElection123] INFO  impl.RoleInfo (RoleInfo.java:shutdownLeaderElection(134)) - 654dc4fd-4a53-4d66-800b-5d0101b478e0: shutdown LeaderElection
2019-10-15 16:01:00,746 [654dc4fd-4a53-4d66-800b-5d0101b478e0@group-1CFD3FDF58A3-LeaderElection123] INFO  impl.RaftServerImpl (RaftServerImpl.java:setRole(170)) - 654dc4fd-4a53-4d66-800b-5d0101b478e0@group-1CFD3FDF58A3: changes role from CANDIDATE to LEADER at term 4 for changeToLeader
2019-10-15 16:01:00,746 [654dc4fd-4a53-4d66-800b-5d0101b478e0@group-1CFD3FDF58A3-LeaderElection123] INFO  impl.RaftServerImpl (ServerState.java:setLeader(255)) - 654dc4fd-4a53-4d66-800b-5d0101b478e0@group-1CFD3FDF58A3: change Leader from null to 654dc4fd-4a53-4d66-800b-5d0101b478e0 at term 4 for becomeLeader, leader elected after 51ms
2019-10-15 16:01:00,747 [654dc4fd-4a53-4d66-800b-5d0101b478e0@group-1CFD3FDF58A3-LeaderElection123] INFO  server.RaftServerConfigKeys (ConfUtils.java:logGet(43)) - raft.server.staging.catchup.gap = 1000 (default)
2019-10-15 16:01:00,747 [654dc4fd-4a53-4d66-800b-5d0101b478e0@group-1CFD3FDF58A3-LeaderElection123] INFO  server.RaftServerConfigKeys (ConfUtils.java:logGet(43)) - raft.server.rpc.sleep.time = 25ms (default)
2019-10-15 16:01:00,747 [654dc4fd-4a53-4d66-800b-5d0101b478e0@group-1CFD3FDF58A3-LeaderElection123] INFO  server.RaftServerConfigKeys (ConfUtils.java:logGet(43)) - raft.server.write.element-limit = 4096 (default)
2019-10-15 16:01:00,747 [654dc4fd-4a53-4d66-800b-5d0101b478e0@group-1CFD3FDF58A3-LeaderElection123] INFO  server.RaftServerConfigKeys (ConfUtils.java:logGet(43)) - raft.server.watch.timeout = 10s (default)
2019-10-15 16:01:00,747 [654dc4fd-4a53-4d66-800b-5d0101b478e0@group-1CFD3FDF58A3-LeaderElection123] INFO  server.RaftServerConfigKeys (ConfUtils.java:logGet(43)) - raft.server.watch.timeout.denomination = 1s (default)
2019-10-15 16:01:00,747 [654dc4fd-4a53-4d66-800b-5d0101b478e0@group-1CFD3FDF58A3-LeaderElection123] INFO  server.RaftServerConfigKeys (ConfUtils.java:logGet(43)) - raft.server.watch.element-limit = 65536 (default)
2019-10-15 16:01:00,749 [654dc4fd-4a53-4d66-800b-5d0101b478e0@group-1CFD3FDF58A3-LeaderElection123] INFO  server.RaftServerConfigKeys (ConfUtils.java:logGet(43)) - raft.server.log.appender.snapshot.chunk.size.max = 16MB (=16777216) (default)
2019-10-15 16:01:00,749 [654dc4fd-4a53-4d66-800b-5d0101b478e0@group-1CFD3FDF58A3-LeaderElection123] INFO  server.RaftServerConfigKeys (ConfUtils.java:logGet(43)) - raft.server.log.appender.buffer.byte-limit = 33554432 (custom)
2019-10-15 16:01:00,749 [654dc4fd-4a53-4d66-800b-5d0101b478e0@group-1CFD3FDF58A3-LeaderElection123] INFO  server.RaftServerConfigKeys (ConfUtils.java:logGet(43)) - raft.server.log.appender.buffer.element-limit = 1 (custom)
2019-10-15 16:01:00,750 [654dc4fd-4a53-4d66-800b-5d0101b478e0@group-1CFD3FDF58A3-LeaderElection123] INFO  grpc.GrpcConfigKeys$Server (ConfUtils.java:logGet(43)) - raft.grpc.server.leader.outstanding.appends.max = 128 (default)
2019-10-15 16:01:00,750 [654dc4fd-4a53-4d66-800b-5d0101b478e0@group-1CFD3FDF58A3-LeaderElection123] INFO  server.RaftServerConfigKeys (ConfUtils.java:logGet(43)) - raft.server.rpc.request.timeout = 3000ms (default)
2019-10-15 16:01:00,750 [654dc4fd-4a53-4d66-800b-5d0101b478e0@group-1CFD3FDF58A3-LeaderElection123] INFO  server.RaftServerConfigKeys (ConfUtils.java:logGet(43)) - raft.server.log.appender.install.snapshot.enabled = false (custom)
2019-10-15 16:01:00,750 [654dc4fd-4a53-4d66-800b-5d0101b478e0@group-1CFD3FDF58A3-LeaderElection123] INFO  server.RaftServerConfigKeys (ConfUtils.java:logGet(43)) - raft.server.log.appender.snapshot.chunk.size.max = 16MB (=16777216) (default)
2019-10-15 16:01:00,750 [654dc4fd-4a53-4d66-800b-5d0101b478e0@group-1CFD3FDF58A3-LeaderElection123] INFO  server.RaftServerConfigKeys (ConfUtils.java:logGet(43)) - raft.server.log.appender.buffer.byte-limit = 33554432 (custom)
2019-10-15 16:01:00,750 [654dc4fd-4a53-4d66-800b-5d0101b478e0@group-1CFD3FDF58A3-LeaderElection123] INFO  server.RaftServerConfigKeys (ConfUtils.java:logGet(43)) - raft.server.log.appender.buffer.element-limit = 1 (custom)
2019-10-15 16:01:00,751 [654dc4fd-4a53-4d66-800b-5d0101b478e0@group-1CFD3FDF58A3-LeaderElection123] INFO  grpc.GrpcConfigKeys$Server (ConfUtils.java:logGet(43)) - raft.grpc.server.leader.outstanding.appends.max = 128 (default)
2019-10-15 16:01:00,751 [654dc4fd-4a53-4d66-800b-5d0101b478e0@group-1CFD3FDF58A3-LeaderElection123] INFO  server.RaftServerConfigKeys (ConfUtils.java:logGet(43)) - raft.server.rpc.request.timeout = 3000ms (default)
2019-10-15 16:01:00,751 [654dc4fd-4a53-4d66-800b-5d0101b478e0@group-1CFD3FDF58A3-LeaderElection123] INFO  server.RaftServerConfigKeys (ConfUtils.java:logGet(43)) - raft.server.log.appender.install.snapshot.enabled = false (custom)
2019-10-15 16:01:00,751 [654dc4fd-4a53-4d66-800b-5d0101b478e0@group-1CFD3FDF58A3-LeaderElection123] INFO  impl.RoleInfo (RoleInfo.java:updateAndGet(143)) - 654dc4fd-4a53-4d66-800b-5d0101b478e0: start LeaderState
2019-10-15 16:01:00,751 [654dc4fd-4a53-4d66-800b-5d0101b478e0@group-1CFD3FDF58A3-LeaderElection123] INFO  segmented.SegmentedRaftLogWorker (SegmentedRaftLogWorker.java:rollLogSegment(390)) - 654dc4fd-4a53-4d66-800b-5d0101b478e0@group-1CFD3FDF58A3-SegmentedRaftLogWorker: Rolling segment log-0_4 to index:4
2019-10-15 16:01:00,752 [654dc4fd-4a53-4d66-800b-5d0101b478e0@group-1CFD3FDF58A3-LeaderElection123] INFO  impl.RaftServerImpl (ServerState.java:setRaftConf(356)) - 654dc4fd-4a53-4d66-800b-5d0101b478e0@group-1CFD3FDF58A3: set configuration 5: [68ed38f4-9c13-4e57-963b-0ddf8b5864a6:192.168.157.236:41318, a01d9800-12e3-4ec3-b51e-50c1eb51d5a4:192.168.157.236:38839, 654dc4fd-4a53-4d66-800b-5d0101b478e0:192.168.157.236:38504], old=null at 5
2019-10-15 16:01:00,752 [654dc4fd-4a53-4d66-800b-5d0101b478e0@group-1CFD3FDF58A3-SegmentedRaftLogWorker] INFO  segmented.SegmentedRaftLogWorker (SegmentedRaftLogWorker.java:execute(531)) - 654dc4fd-4a53-4d66-800b-5d0101b478e0@group-1CFD3FDF58A3-SegmentedRaftLogWorker: Rolled log segment from /workdir/hadoop-ozone/integration-test/target/test-dir/MiniOzoneClusterImpl-db5d02a6-340f-494d-b00e-bf4b2df0003c/datanode-6/data/ratis/d27e5be7-3324-4d93-8f8f-1cfd3fdf58a3/current/log_inprogress_0 to /workdir/hadoop-ozone/integration-test/target/test-dir/MiniOzoneClusterImpl-db5d02a6-340f-494d-b00e-bf4b2df0003c/datanode-6/data/ratis/d27e5be7-3324-4d93-8f8f-1cfd3fdf58a3/current/log_0-4
2019-10-15 16:01:00,752 [grpc-default-executor-1] WARN  server.GrpcLogAppender (LogUtils.java:warn(134)) - 654dc4fd-4a53-4d66-800b-5d0101b478e0@group-1CFD3FDF58A3->a01d9800-12e3-4ec3-b51e-50c1eb51d5a4-AppendLogResponseHandler: Failed appendEntries: org.apache.ratis.thirdparty.io.grpc.StatusRuntimeException: UNAVAILABLE: io exception
2019-10-15 16:01:00,753 [grpc-default-executor-1] INFO  impl.FollowerInfo (FollowerInfo.java:lambda$new$0(51)) - 654dc4fd-4a53-4d66-800b-5d0101b478e0@group-1CFD3FDF58A3->a01d9800-12e3-4ec3-b51e-50c1eb51d5a4: nextIndex: updateUnconditionally 5 -> 1
2019-10-15 16:01:00,753 [grpc-default-executor-1] INFO  impl.RaftServerImpl (ServerState.java:setLeader(255)) - 68ed38f4-9c13-4e57-963b-0ddf8b5864a6@group-1CFD3FDF58A3: change Leader from null to 654dc4fd-4a53-4d66-800b-5d0101b478e0 at term 4 for appendEntries, leader elected after 23ms
2019-10-15 16:01:00,755 [grpc-default-executor-1] INFO  impl.RaftServerImpl (ServerState.java:setRaftConf(356)) - 68ed38f4-9c13-4e57-963b-0ddf8b5864a6@group-1CFD3FDF58A3: set configuration 5: [68ed38f4-9c13-4e57-963b-0ddf8b5864a6:192.168.157.236:41318, a01d9800-12e3-4ec3-b51e-50c1eb51d5a4:192.168.157.236:38839, 654dc4fd-4a53-4d66-800b-5d0101b478e0:192.168.157.236:38504], old=null at 5
2019-10-15 16:01:00,756 [grpc-default-executor-1] INFO  segmented.SegmentedRaftLogWorker (SegmentedRaftLogWorker.java:rollLogSegment(390)) - 68ed38f4-9c13-4e57-963b-0ddf8b5864a6@group-1CFD3FDF58A3-SegmentedRaftLogWorker: Rolling segment log-0_4 to index:4
2019-10-15 16:01:00,756 [68ed38f4-9c13-4e57-963b-0ddf8b5864a6@group-1CFD3FDF58A3-SegmentedRaftLogWorker] INFO  segmented.SegmentedRaftLogWorker (SegmentedRaftLogWorker.java:execute(531)) - 68ed38f4-9c13-4e57-963b-0ddf8b5864a6@group-1CFD3FDF58A3-SegmentedRaftLogWorker: Rolled log segment from /workdir/hadoop-ozone/integration-test/target/test-dir/MiniOzoneClusterImpl-db5d02a6-340f-494d-b00e-bf4b2df0003c/datanode-8/data/ratis/d27e5be7-3324-4d93-8f8f-1cfd3fdf58a3/current/log_inprogress_0 to /workdir/hadoop-ozone/integration-test/target/test-dir/MiniOzoneClusterImpl-db5d02a6-340f-494d-b00e-bf4b2df0003c/datanode-8/data/ratis/d27e5be7-3324-4d93-8f8f-1cfd3fdf58a3/current/log_0-4
2019-10-15 16:01:00,811 [68ed38f4-9c13-4e57-963b-0ddf8b5864a6@group-1CFD3FDF58A3-SegmentedRaftLogWorker] INFO  segmented.SegmentedRaftLogWorker (SegmentedRaftLogWorker.java:execute(574)) - 68ed38f4-9c13-4e57-963b-0ddf8b5864a6@group-1CFD3FDF58A3-SegmentedRaftLogWorker: created new log segment /workdir/hadoop-ozone/integration-test/target/test-dir/MiniOzoneClusterImpl-db5d02a6-340f-494d-b00e-bf4b2df0003c/datanode-8/data/ratis/d27e5be7-3324-4d93-8f8f-1cfd3fdf58a3/current/log_inprogress_5
2019-10-15 16:01:00,811 [654dc4fd-4a53-4d66-800b-5d0101b478e0@group-1CFD3FDF58A3-SegmentedRaftLogWorker] INFO  segmented.SegmentedRaftLogWorker (SegmentedRaftLogWorker.java:execute(574)) - 654dc4fd-4a53-4d66-800b-5d0101b478e0@group-1CFD3FDF58A3-SegmentedRaftLogWorker: created new log segment /workdir/hadoop-ozone/integration-test/target/test-dir/MiniOzoneClusterImpl-db5d02a6-340f-494d-b00e-bf4b2df0003c/datanode-6/data/ratis/d27e5be7-3324-4d93-8f8f-1cfd3fdf58a3/current/log_inprogress_5
2019-10-15 16:01:00,831 [grpc-default-executor-1] WARN  server.GrpcLogAppender (LogUtils.java:warn(134)) - 654dc4fd-4a53-4d66-800b-5d0101b478e0@group-1CFD3FDF58A3->a01d9800-12e3-4ec3-b51e-50c1eb51d5a4-AppendLogResponseHandler: Failed appendEntries: org.apache.ratis.thirdparty.io.grpc.StatusRuntimeException: UNAVAILABLE: io exception
2019-10-15 16:01:00,831 [grpc-default-executor-1] INFO  impl.FollowerInfo (FollowerInfo.java:lambda$new$0(51)) - 654dc4fd-4a53-4d66-800b-5d0101b478e0@group-1CFD3FDF58A3->a01d9800-12e3-4ec3-b51e-50c1eb51d5a4: nextIndex: updateUnconditionally 2 -> 1
2019-10-15 16:01:00,836 [grpc-default-executor-1] WARN  server.GrpcLogAppender (LogUtils.java:warn(134)) - 654dc4fd-4a53-4d66-800b-5d0101b478e0@group-1CFD3FDF58A3->a01d9800-12e3-4ec3-b51e-50c1eb51d5a4-AppendLogResponseHandler: Failed appendEntries: org.apache.ratis.thirdparty.io.grpc.StatusRuntimeException: UNAVAILABLE: io exception
2019-10-15 16:01:00,836 [grpc-default-executor-1] INFO  impl.FollowerInfo (FollowerInfo.java:lambda$new$0(51)) - 654dc4fd-4a53-4d66-800b-5d0101b478e0@group-1CFD3FDF58A3->a01d9800-12e3-4ec3-b51e-50c1eb51d5a4: nextIndex: updateUnconditionally 2 -> 1
2019-10-15 16:01:01,134 [grpc-default-executor-3] WARN  server.GrpcLogAppender (LogUtils.java:warn(134)) - 654dc4fd-4a53-4d66-800b-5d0101b478e0@group-1CFD3FDF58A3->a01d9800-12e3-4ec3-b51e-50c1eb51d5a4-AppendLogResponseHandler: Failed appendEntries: org.apache.ratis.thirdparty.io.grpc.StatusRuntimeException: UNAVAILABLE: io exception
2019-10-15 16:01:01,134 [grpc-default-executor-3] INFO  impl.FollowerInfo (FollowerInfo.java:lambda$new$0(51)) - 654dc4fd-4a53-4d66-800b-5d0101b478e0@group-1CFD3FDF58A3->a01d9800-12e3-4ec3-b51e-50c1eb51d5a4: nextIndex: updateUnconditionally 2 -> 1
2019-10-15 16:01:01,154 [grpc-default-executor-5] WARN  server.GrpcLogAppender (LogUtils.java:warn(134)) - 654dc4fd-4a53-4d66-800b-5d0101b478e0@group-1CFD3FDF58A3->a01d9800-12e3-4ec3-b51e-50c1eb51d5a4-AppendLogResponseHandler: Failed appendEntries: org.apache.ratis.thirdparty.io.grpc.StatusRuntimeException: UNAVAILABLE: io exception
2019-10-15 16:01:01,160 [grpc-default-executor-5] INFO  impl.FollowerInfo (FollowerInfo.java:lambda$new$0(51)) - 654dc4fd-4a53-4d66-800b-5d0101b478e0@group-1CFD3FDF58A3->a01d9800-12e3-4ec3-b51e-50c1eb51d5a4: nextIndex: updateUnconditionally 2 -> 1
2019-10-15 16:01:01,166 [grpc-default-executor-2] WARN  server.GrpcLogAppender (LogUtils.java:warn(134)) - 654dc4fd-4a53-4d66-800b-5d0101b478e0@group-1CFD3FDF58A3->a01d9800-12e3-4ec3-b51e-50c1eb51d5a4-AppendLogResponseHandler: Failed appendEntries: org.apache.ratis.thirdparty.io.grpc.StatusRuntimeException: UNAVAILABLE: io exception
2019-10-15 16:01:01,166 [grpc-default-executor-2] INFO  impl.FollowerInfo (FollowerInfo.java:lambda$new$0(51)) - 654dc4fd-4a53-4d66-800b-5d0101b478e0@group-1CFD3FDF58A3->a01d9800-12e3-4ec3-b51e-50c1eb51d5a4: nextIndex: updateUnconditionally 2 -> 1
2019-10-15 16:01:01,169 [grpc-default-executor-3] WARN  server.GrpcLogAppender (LogUtils.java:warn(134)) - 654dc4fd-4a53-4d66-800b-5d0101b478e0@group-1CFD3FDF58A3->a01d9800-12e3-4ec3-b51e-50c1eb51d5a4-AppendLogResponseHandler: Failed appendEntries: org.apache.ratis.thirdparty.io.grpc.StatusRuntimeException: UNAVAILABLE: io exception
2019-10-15 16:01:01,170 [grpc-default-executor-3] INFO  impl.FollowerInfo (FollowerInfo.java:lambda$new$0(51)) - 654dc4fd-4a53-4d66-800b-5d0101b478e0@group-1CFD3FDF58A3->a01d9800-12e3-4ec3-b51e-50c1eb51d5a4: nextIndex: updateUnconditionally 2 -> 1
2019-10-15 16:01:01,188 [grpc-default-executor-1] WARN  server.GrpcLogAppender (LogUtils.java:warn(134)) - 654dc4fd-4a53-4d66-800b-5d0101b478e0@group-1CFD3FDF58A3->a01d9800-12e3-4ec3-b51e-50c1eb51d5a4-AppendLogResponseHandler: Failed appendEntries: org.apache.ratis.thirdparty.io.grpc.StatusRuntimeException: UNAVAILABLE: io exception
2019-10-15 16:01:01,188 [grpc-default-executor-1] INFO  impl.FollowerInfo (FollowerInfo.java:lambda$new$0(51)) - 654dc4fd-4a53-4d66-800b-5d0101b478e0@group-1CFD3FDF58A3->a01d9800-12e3-4ec3-b51e-50c1eb51d5a4: nextIndex: updateUnconditionally 2 -> 1
2019-10-15 16:01:01,193 [grpc-default-executor-5] WARN  server.GrpcLogAppender (LogUtils.java:warn(134)) - 654dc4fd-4a53-4d66-800b-5d0101b478e0@group-1CFD3FDF58A3->a01d9800-12e3-4ec3-b51e-50c1eb51d5a4-AppendLogResponseHandler: Failed appendEntries: org.apache.ratis.thirdparty.io.grpc.StatusRuntimeException: UNAVAILABLE: io exception
2019-10-15 16:01:01,193 [grpc-default-executor-5] INFO  impl.FollowerInfo (FollowerInfo.java:lambda$new$0(51)) - 654dc4fd-4a53-4d66-800b-5d0101b478e0@group-1CFD3FDF58A3->a01d9800-12e3-4ec3-b51e-50c1eb51d5a4: nextIndex: updateUnconditionally 2 -> 1
2019-10-15 16:01:01,195 [grpc-default-executor-3] WARN  server.GrpcLogAppender (LogUtils.java:warn(134)) - 654dc4fd-4a53-4d66-800b-5d0101b478e0@group-1CFD3FDF58A3->a01d9800-12e3-4ec3-b51e-50c1eb51d5a4-AppendLogResponseHandler: Failed appendEntries: org.apache.ratis.thirdparty.io.grpc.StatusRuntimeException: UNAVAILABLE: io exception
2019-10-15 16:01:01,195 [grpc-default-executor-3] INFO  impl.FollowerInfo (FollowerInfo.java:lambda$new$0(51)) - 654dc4fd-4a53-4d66-800b-5d0101b478e0@group-1CFD3FDF58A3->a01d9800-12e3-4ec3-b51e-50c1eb51d5a4: nextIndex: updateUnconditionally 2 -> 1
2019-10-15 16:01:01,696 [grpc-default-executor-1] WARN  server.GrpcLogAppender (LogUtils.java:warn(134)) - 654dc4fd-4a53-4d66-800b-5d0101b478e0@group-1CFD3FDF58A3->a01d9800-12e3-4ec3-b51e-50c1eb51d5a4-AppendLogResponseHandler: Failed appendEntries: org.apache.ratis.thirdparty.io.grpc.StatusRuntimeException: UNAVAILABLE: io exception
2019-10-15 16:01:01,696 [grpc-default-executor-1] INFO  impl.FollowerInfo (FollowerInfo.java:lambda$new$0(51)) - 654dc4fd-4a53-4d66-800b-5d0101b478e0@group-1CFD3FDF58A3->a01d9800-12e3-4ec3-b51e-50c1eb51d5a4: nextIndex: updateUnconditionally 1 -> 0
2019-10-15 16:01:02,196 [grpc-default-executor-3] WARN  server.GrpcLogAppender (LogUtils.java:warn(134)) - 654dc4fd-4a53-4d66-800b-5d0101b478e0@group-1CFD3FDF58A3->a01d9800-12e3-4ec3-b51e-50c1eb51d5a4-AppendLogResponseHandler: Failed appendEntries: org.apache.ratis.thirdparty.io.grpc.StatusRuntimeException: UNAVAILABLE: io exception
2019-10-15 16:01:02,196 [grpc-default-executor-3] INFO  impl.FollowerInfo (FollowerInfo.java:lambda$new$0(51)) - 654dc4fd-4a53-4d66-800b-5d0101b478e0@group-1CFD3FDF58A3->a01d9800-12e3-4ec3-b51e-50c1eb51d5a4: nextIndex: updateUnconditionally 0 -> 0
2019-10-15 16:01:02,697 [grpc-default-executor-1] WARN  server.GrpcLogAppender (LogUtils.java:warn(134)) - 654dc4fd-4a53-4d66-800b-5d0101b478e0@group-1CFD3FDF58A3->a01d9800-12e3-4ec3-b51e-50c1eb51d5a4-AppendLogResponseHandler: Failed appendEntries: org.apache.ratis.thirdparty.io.grpc.StatusRuntimeException: UNAVAILABLE: io exception
2019-10-15 16:01:02,697 [grpc-default-executor-1] INFO  impl.FollowerInfo (FollowerInfo.java:lambda$new$0(51)) - 654dc4fd-4a53-4d66-800b-5d0101b478e0@group-1CFD3FDF58A3->a01d9800-12e3-4ec3-b51e-50c1eb51d5a4: nextIndex: updateUnconditionally 0 -> 0
2019-10-15 16:01:03,197 [grpc-default-executor-3] WARN  server.GrpcLogAppender (LogUtils.java:warn(134)) - 654dc4fd-4a53-4d66-800b-5d0101b478e0@group-1CFD3FDF58A3->a01d9800-12e3-4ec3-b51e-50c1eb51d5a4-AppendLogResponseHandler: Failed appendEntries: org.apache.ratis.thirdparty.io.grpc.StatusRuntimeException: UNAVAILABLE: io exception
2019-10-15 16:01:03,198 [grpc-default-executor-3] INFO  impl.FollowerInfo (FollowerInfo.java:lambda$new$0(51)) - 654dc4fd-4a53-4d66-800b-5d0101b478e0@group-1CFD3FDF58A3->a01d9800-12e3-4ec3-b51e-50c1eb51d5a4: nextIndex: updateUnconditionally 0 -> 0
2019-10-15 16:01:03,702 [grpc-default-executor-1] WARN  server.GrpcLogAppender (LogUtils.java:warn(134)) - 654dc4fd-4a53-4d66-800b-5d0101b478e0@group-1CFD3FDF58A3->a01d9800-12e3-4ec3-b51e-50c1eb51d5a4-AppendLogResponseHandler: Failed appendEntries: org.apache.ratis.thirdparty.io.grpc.StatusRuntimeException: UNAVAILABLE: io exception
2019-10-15 16:01:03,703 [grpc-default-executor-1] INFO  impl.FollowerInfo (FollowerInfo.java:lambda$new$0(51)) - 654dc4fd-4a53-4d66-800b-5d0101b478e0@group-1CFD3FDF58A3->a01d9800-12e3-4ec3-b51e-50c1eb51d5a4: nextIndex: updateUnconditionally 0 -> 0
2019-10-15 16:01:04,206 [grpc-default-executor-1] WARN  server.GrpcLogAppender (LogUtils.java:warn(134)) - 654dc4fd-4a53-4d66-800b-5d0101b478e0@group-1CFD3FDF58A3->a01d9800-12e3-4ec3-b51e-50c1eb51d5a4-AppendLogResponseHandler: Failed appendEntries: org.apache.ratis.thirdparty.io.grpc.StatusRuntimeException: UNAVAILABLE: io exception
2019-10-15 16:01:04,207 [grpc-default-executor-1] INFO  impl.FollowerInfo (FollowerInfo.java:lambda$new$0(51)) - 654dc4fd-4a53-4d66-800b-5d0101b478e0@group-1CFD3FDF58A3->a01d9800-12e3-4ec3-b51e-50c1eb51d5a4: nextIndex: updateUnconditionally 0 -> 0
2019-10-15 16:01:04,707 [grpc-default-executor-5] WARN  server.GrpcLogAppender (LogUtils.java:warn(134)) - 654dc4fd-4a53-4d66-800b-5d0101b478e0@group-1CFD3FDF58A3->a01d9800-12e3-4ec3-b51e-50c1eb51d5a4-AppendLogResponseHandler: Failed appendEntries: org.apache.ratis.thirdparty.io.grpc.StatusRuntimeException: UNAVAILABLE: io exception
2019-10-15 16:01:04,707 [grpc-default-executor-5] INFO  impl.FollowerInfo (FollowerInfo.java:lambda$new$0(51)) - 654dc4fd-4a53-4d66-800b-5d0101b478e0@group-1CFD3FDF58A3->a01d9800-12e3-4ec3-b51e-50c1eb51d5a4: nextIndex: updateUnconditionally 0 -> 0
2019-10-15 16:01:05,208 [grpc-default-executor-5] WARN  server.GrpcLogAppender (LogUtils.java:warn(134)) - 654dc4fd-4a53-4d66-800b-5d0101b478e0@group-1CFD3FDF58A3->a01d9800-12e3-4ec3-b51e-50c1eb51d5a4-AppendLogResponseHandler: Failed appendEntries: org.apache.ratis.thirdparty.io.grpc.StatusRuntimeException: UNAVAILABLE: io exception
2019-10-15 16:01:05,208 [grpc-default-executor-5] INFO  impl.FollowerInfo (FollowerInfo.java:lambda$new$0(51)) - 654dc4fd-4a53-4d66-800b-5d0101b478e0@group-1CFD3FDF58A3->a01d9800-12e3-4ec3-b51e-50c1eb51d5a4: nextIndex: updateUnconditionally 0 -> 0
2019-10-15 16:01:05,709 [grpc-default-executor-1] WARN  server.GrpcLogAppender (LogUtils.java:warn(134)) - 654dc4fd-4a53-4d66-800b-5d0101b478e0@group-1CFD3FDF58A3->a01d9800-12e3-4ec3-b51e-50c1eb51d5a4-AppendLogResponseHandler: Failed appendEntries: org.apache.ratis.thirdparty.io.grpc.StatusRuntimeException: UNAVAILABLE: io exception
2019-10-15 16:01:05,709 [grpc-default-executor-1] INFO  impl.FollowerInfo (FollowerInfo.java:lambda$new$0(51)) - 654dc4fd-4a53-4d66-800b-5d0101b478e0@group-1CFD3FDF58A3->a01d9800-12e3-4ec3-b51e-50c1eb51d5a4: nextIndex: updateUnconditionally 0 -> 0
2019-10-15 16:01:06,200 [main] WARN  scm.XceiverClientRatis (XceiverClientRatis.java:watchForCommit(277)) - 3 way commit failed on pipeline Pipeline[ Id: d27e5be7-3324-4d93-8f8f-1cfd3fdf58a3, Nodes: a01d9800-12e3-4ec3-b51e-50c1eb51d5a4{ip: 192.168.157.236, host: pr-hdds-1228-hxnc5-3896710236, networkLocation: /rack1, certSerialId: null}68ed38f4-9c13-4e57-963b-0ddf8b5864a6{ip: 192.168.157.236, host: pr-hdds-1228-hxnc5-3896710236, networkLocation: /rack1, certSerialId: null}654dc4fd-4a53-4d66-800b-5d0101b478e0{ip: 192.168.157.236, host: pr-hdds-1228-hxnc5-3896710236, networkLocation: /rack1, certSerialId: null}, Type:RATIS, Factor:THREE, State:OPEN]
java.util.concurrent.TimeoutException
	at java.util.concurrent.CompletableFuture.timedGet(CompletableFuture.java:1771)
	at java.util.concurrent.CompletableFuture.get(CompletableFuture.java:1915)
	at org.apache.hadoop.hdds.scm.XceiverClientRatis.watchForCommit(XceiverClientRatis.java:274)
	at org.apache.hadoop.hdds.scm.storage.CommitWatcher.watchForCommit(CommitWatcher.java:198)
	at org.apache.hadoop.hdds.scm.storage.CommitWatcher.watchOnFirstIndex(CommitWatcher.java:137)
	at org.apache.hadoop.hdds.scm.storage.BlockOutputStream.watchForCommit(BlockOutputStream.java:346)
	at org.apache.hadoop.hdds.scm.storage.BlockOutputStream.handleFullBuffer(BlockOutputStream.java:323)
	at org.apache.hadoop.hdds.scm.storage.BlockOutputStream.write(BlockOutputStream.java:250)
	at org.apache.hadoop.ozone.client.io.BlockOutputStreamEntry.write(BlockOutputStreamEntry.java:129)
	at org.apache.hadoop.ozone.client.io.KeyOutputStream.handleWrite(KeyOutputStream.java:208)
	at org.apache.hadoop.ozone.client.io.KeyOutputStream.write(KeyOutputStream.java:190)
	at org.apache.hadoop.ozone.client.io.OzoneOutputStream.write(OzoneOutputStream.java:49)
	at java.io.OutputStream.write(OutputStream.java:75)
	at org.apache.hadoop.ozone.client.rpc.TestFailureHandlingByClient.testDatanodeExclusionWithMajorityCommit(TestFailureHandlingByClient.java:315)
	at sun.reflect.NativeMethodAccessorImpl.invoke0(Native Method)
	at sun.reflect.NativeMethodAccessorImpl.invoke(NativeMethodAccessorImpl.java:62)
	at sun.reflect.DelegatingMethodAccessorImpl.invoke(DelegatingMethodAccessorImpl.java:43)
	at java.lang.reflect.Method.invoke(Method.java:498)
	at org.junit.runners.model.FrameworkMethod$1.runReflectiveCall(FrameworkMethod.java:47)
	at org.junit.internal.runners.model.ReflectiveCallable.run(ReflectiveCallable.java:12)
	at org.junit.runners.model.FrameworkMethod.invokeExplosively(FrameworkMethod.java:44)
	at org.junit.internal.runners.statements.InvokeMethod.evaluate(InvokeMethod.java:17)
	at org.junit.internal.runners.statements.RunAfters.evaluate(RunAfters.java:27)
	at org.junit.runners.ParentRunner.runLeaf(ParentRunner.java:271)
	at org.junit.runners.BlockJUnit4ClassRunner.runChild(BlockJUnit4ClassRunner.java:70)
	at org.junit.runners.BlockJUnit4ClassRunner.runChild(BlockJUnit4ClassRunner.java:50)
	at org.junit.runners.ParentRunner$3.run(ParentRunner.java:238)
	at org.junit.runners.ParentRunner$1.schedule(ParentRunner.java:63)
	at org.junit.runners.ParentRunner.runChildren(ParentRunner.java:236)
	at org.junit.runners.ParentRunner.access$000(ParentRunner.java:53)
	at org.junit.runners.ParentRunner$2.evaluate(ParentRunner.java:229)
	at org.junit.runners.ParentRunner.run(ParentRunner.java:309)
	at org.apache.maven.surefire.junit4.JUnit4Provider.execute(JUnit4Provider.java:365)
	at org.apache.maven.surefire.junit4.JUnit4Provider.executeWithRerun(JUnit4Provider.java:273)
	at org.apache.maven.surefire.junit4.JUnit4Provider.executeTestSet(JUnit4Provider.java:238)
	at org.apache.maven.surefire.junit4.JUnit4Provider.invoke(JUnit4Provider.java:159)
	at org.apache.maven.surefire.booter.ForkedBooter.invokeProviderInSameClassLoader(ForkedBooter.java:384)
	at org.apache.maven.surefire.booter.ForkedBooter.runSuitesInProcess(ForkedBooter.java:345)
	at org.apache.maven.surefire.booter.ForkedBooter.execute(ForkedBooter.java:126)
	at org.apache.maven.surefire.booter.ForkedBooter.main(ForkedBooter.java:418)
2019-10-15 16:01:06,213 [grpc-default-executor-5] WARN  server.GrpcLogAppender (LogUtils.java:warn(134)) - 654dc4fd-4a53-4d66-800b-5d0101b478e0@group-1CFD3FDF58A3->a01d9800-12e3-4ec3-b51e-50c1eb51d5a4-AppendLogResponseHandler: Failed appendEntries: org.apache.ratis.thirdparty.io.grpc.StatusRuntimeException: UNAVAILABLE: io exception
2019-10-15 16:01:06,213 [Thread-3821] INFO  client.GrpcClientProtocolService (GrpcClientProtocolService.java:lambda$processClientRequest$0(278)) - Failed RaftClientRequest:client-07B563E404D8->68ed38f4-9c13-4e57-963b-0ddf8b5864a6@group-1CFD3FDF58A3, cid=127, seq=0, Watch-MAJORITY_COMMITTED(9), Message:<EMPTY>, reply=RaftClientReply:client-07B563E404D8->68ed38f4-9c13-4e57-963b-0ddf8b5864a6@group-1CFD3FDF58A3, cid=127, FAILED org.apache.ratis.protocol.NotLeaderException: Server 68ed38f4-9c13-4e57-963b-0ddf8b5864a6@group-1CFD3FDF58A3 is not the leader 654dc4fd-4a53-4d66-800b-5d0101b478e0:192.168.157.236:38504, logIndex=0, commits[68ed38f4-9c13-4e57-963b-0ddf8b5864a6:c13, a01d9800-12e3-4ec3-b51e-50c1eb51d5a4:c4, 654dc4fd-4a53-4d66-800b-5d0101b478e0:c13]
2019-10-15 16:01:06,213 [grpc-default-executor-5] INFO  impl.FollowerInfo (FollowerInfo.java:lambda$new$0(51)) - 654dc4fd-4a53-4d66-800b-5d0101b478e0@group-1CFD3FDF58A3->a01d9800-12e3-4ec3-b51e-50c1eb51d5a4: nextIndex: updateUnconditionally 0 -> 0
2019-10-15 16:01:06,713 [grpc-default-executor-2] WARN  server.GrpcLogAppender (LogUtils.java:warn(134)) - 654dc4fd-4a53-4d66-800b-5d0101b478e0@group-1CFD3FDF58A3->a01d9800-12e3-4ec3-b51e-50c1eb51d5a4-AppendLogResponseHandler: Failed appendEntries: org.apache.ratis.thirdparty.io.grpc.StatusRuntimeException: UNAVAILABLE: io exception
2019-10-15 16:01:06,714 [grpc-default-executor-2] INFO  impl.FollowerInfo (FollowerInfo.java:lambda$new$0(51)) - 654dc4fd-4a53-4d66-800b-5d0101b478e0@group-1CFD3FDF58A3->a01d9800-12e3-4ec3-b51e-50c1eb51d5a4: nextIndex: updateUnconditionally 0 -> 0
2019-10-15 16:01:07,214 [grpc-default-executor-5] WARN  server.GrpcLogAppender (LogUtils.java:warn(134)) - 654dc4fd-4a53-4d66-800b-5d0101b478e0@group-1CFD3FDF58A3->a01d9800-12e3-4ec3-b51e-50c1eb51d5a4-AppendLogResponseHandler: Failed appendEntries: org.apache.ratis.thirdparty.io.grpc.StatusRuntimeException: UNAVAILABLE: io exception
2019-10-15 16:01:07,214 [grpc-default-executor-5] INFO  impl.FollowerInfo (FollowerInfo.java:lambda$new$0(51)) - 654dc4fd-4a53-4d66-800b-5d0101b478e0@group-1CFD3FDF58A3->a01d9800-12e3-4ec3-b51e-50c1eb51d5a4: nextIndex: updateUnconditionally 0 -> 0
2019-10-15 16:01:07,714 [grpc-default-executor-3] WARN  server.GrpcLogAppender (LogUtils.java:warn(134)) - 654dc4fd-4a53-4d66-800b-5d0101b478e0@group-1CFD3FDF58A3->a01d9800-12e3-4ec3-b51e-50c1eb51d5a4-AppendLogResponseHandler: Failed appendEntries: org.apache.ratis.thirdparty.io.grpc.StatusRuntimeException: UNAVAILABLE: io exception
2019-10-15 16:01:07,714 [grpc-default-executor-3] INFO  impl.FollowerInfo (FollowerInfo.java:lambda$new$0(51)) - 654dc4fd-4a53-4d66-800b-5d0101b478e0@group-1CFD3FDF58A3->a01d9800-12e3-4ec3-b51e-50c1eb51d5a4: nextIndex: updateUnconditionally 0 -> 0
2019-10-15 16:01:08,215 [grpc-default-executor-2] WARN  server.GrpcLogAppender (LogUtils.java:warn(134)) - 654dc4fd-4a53-4d66-800b-5d0101b478e0@group-1CFD3FDF58A3->a01d9800-12e3-4ec3-b51e-50c1eb51d5a4-AppendLogResponseHandler: Failed appendEntries: org.apache.ratis.thirdparty.io.grpc.StatusRuntimeException: UNAVAILABLE: io exception
2019-10-15 16:01:08,215 [grpc-default-executor-2] INFO  impl.FollowerInfo (FollowerInfo.java:lambda$new$0(51)) - 654dc4fd-4a53-4d66-800b-5d0101b478e0@group-1CFD3FDF58A3->a01d9800-12e3-4ec3-b51e-50c1eb51d5a4: nextIndex: updateUnconditionally 0 -> 0
2019-10-15 16:01:08,716 [grpc-default-executor-2] WARN  server.GrpcLogAppender (LogUtils.java:warn(134)) - 654dc4fd-4a53-4d66-800b-5d0101b478e0@group-1CFD3FDF58A3->a01d9800-12e3-4ec3-b51e-50c1eb51d5a4-AppendLogResponseHandler: Failed appendEntries: org.apache.ratis.thirdparty.io.grpc.StatusRuntimeException: UNAVAILABLE: io exception
2019-10-15 16:01:08,716 [grpc-default-executor-2] INFO  impl.FollowerInfo (FollowerInfo.java:lambda$new$0(51)) - 654dc4fd-4a53-4d66-800b-5d0101b478e0@group-1CFD3FDF58A3->a01d9800-12e3-4ec3-b51e-50c1eb51d5a4: nextIndex: updateUnconditionally 0 -> 0
2019-10-15 16:01:09,227 [grpc-default-executor-5] WARN  server.GrpcLogAppender (LogUtils.java:warn(134)) - 654dc4fd-4a53-4d66-800b-5d0101b478e0@group-1CFD3FDF58A3->a01d9800-12e3-4ec3-b51e-50c1eb51d5a4-AppendLogResponseHandler: Failed appendEntries: org.apache.ratis.thirdparty.io.grpc.StatusRuntimeException: UNAVAILABLE: io exception
2019-10-15 16:01:09,228 [grpc-default-executor-5] INFO  impl.FollowerInfo (FollowerInfo.java:lambda$new$0(51)) - 654dc4fd-4a53-4d66-800b-5d0101b478e0@group-1CFD3FDF58A3->a01d9800-12e3-4ec3-b51e-50c1eb51d5a4: nextIndex: updateUnconditionally 0 -> 0
2019-10-15 16:01:09,239 [main] INFO  scm.XceiverClientRatis (XceiverClientRatis.java:lambda$watchForCommit$5(295)) - Could not commit index 9 on pipeline Pipeline[ Id: d27e5be7-3324-4d93-8f8f-1cfd3fdf58a3, Nodes: a01d9800-12e3-4ec3-b51e-50c1eb51d5a4{ip: 192.168.157.236, host: pr-hdds-1228-hxnc5-3896710236, networkLocation: /rack1, certSerialId: null}68ed38f4-9c13-4e57-963b-0ddf8b5864a6{ip: 192.168.157.236, host: pr-hdds-1228-hxnc5-3896710236, networkLocation: /rack1, certSerialId: null}654dc4fd-4a53-4d66-800b-5d0101b478e0{ip: 192.168.157.236, host: pr-hdds-1228-hxnc5-3896710236, networkLocation: /rack1, certSerialId: null}, Type:RATIS, Factor:THREE, State:OPEN] to all the nodes. Server a01d9800-12e3-4ec3-b51e-50c1eb51d5a4 has failed. Committed by majority.
2019-10-15 16:01:09,240 [main] WARN  storage.BlockOutputStream (BlockOutputStream.java:watchForCommit(352)) - Failed to commit BlockId conID: 1 locID: 102967230160502796 bcsId: 11 on Pipeline[ Id: d27e5be7-3324-4d93-8f8f-1cfd3fdf58a3, Nodes: a01d9800-12e3-4ec3-b51e-50c1eb51d5a4{ip: 192.168.157.236, host: pr-hdds-1228-hxnc5-3896710236, networkLocation: /rack1, certSerialId: null}68ed38f4-9c13-4e57-963b-0ddf8b5864a6{ip: 192.168.157.236, host: pr-hdds-1228-hxnc5-3896710236, networkLocation: /rack1, certSerialId: null}654dc4fd-4a53-4d66-800b-5d0101b478e0{ip: 192.168.157.236, host: pr-hdds-1228-hxnc5-3896710236, networkLocation: /rack1, certSerialId: null}, Type:RATIS, Factor:THREE, State:OPEN]. Failed nodes: [a01d9800-12e3-4ec3-b51e-50c1eb51d5a4{ip: null, host: null, networkLocation: /default-rack, certSerialId: null}]
2019-10-15 16:01:09,724 [grpc-default-executor-3] WARN  server.GrpcLogAppender (LogUtils.java:warn(134)) - 654dc4fd-4a53-4d66-800b-5d0101b478e0@group-1CFD3FDF58A3->a01d9800-12e3-4ec3-b51e-50c1eb51d5a4-AppendLogResponseHandler: Failed appendEntries: org.apache.ratis.thirdparty.io.grpc.StatusRuntimeException: UNAVAILABLE: io exception
2019-10-15 16:01:09,724 [grpc-default-executor-3] INFO  impl.FollowerInfo (FollowerInfo.java:lambda$new$0(51)) - 654dc4fd-4a53-4d66-800b-5d0101b478e0@group-1CFD3FDF58A3->a01d9800-12e3-4ec3-b51e-50c1eb51d5a4: nextIndex: updateUnconditionally 0 -> 0
2019-10-15 16:01:10,224 [grpc-default-executor-3] WARN  server.GrpcLogAppender (LogUtils.java:warn(134)) - 654dc4fd-4a53-4d66-800b-5d0101b478e0@group-1CFD3FDF58A3->a01d9800-12e3-4ec3-b51e-50c1eb51d5a4-AppendLogResponseHandler: Failed appendEntries: org.apache.ratis.thirdparty.io.grpc.StatusRuntimeException: UNAVAILABLE: io exception
2019-10-15 16:01:10,225 [grpc-default-executor-3] INFO  impl.FollowerInfo (FollowerInfo.java:lambda$new$0(51)) - 654dc4fd-4a53-4d66-800b-5d0101b478e0@group-1CFD3FDF58A3->a01d9800-12e3-4ec3-b51e-50c1eb51d5a4: nextIndex: updateUnconditionally 0 -> 0
2019-10-15 16:01:10,725 [grpc-default-executor-5] WARN  server.GrpcLogAppender (LogUtils.java:warn(134)) - 654dc4fd-4a53-4d66-800b-5d0101b478e0@group-1CFD3FDF58A3->a01d9800-12e3-4ec3-b51e-50c1eb51d5a4-AppendLogResponseHandler: Failed appendEntries: org.apache.ratis.thirdparty.io.grpc.StatusRuntimeException: UNAVAILABLE: io exception
2019-10-15 16:01:10,725 [grpc-default-executor-5] INFO  impl.FollowerInfo (FollowerInfo.java:lambda$new$0(51)) - 654dc4fd-4a53-4d66-800b-5d0101b478e0@group-1CFD3FDF58A3->a01d9800-12e3-4ec3-b51e-50c1eb51d5a4: nextIndex: updateUnconditionally 0 -> 0
2019-10-15 16:01:11,227 [grpc-default-executor-3] WARN  server.GrpcLogAppender (LogUtils.java:warn(134)) - 654dc4fd-4a53-4d66-800b-5d0101b478e0@group-1CFD3FDF58A3->a01d9800-12e3-4ec3-b51e-50c1eb51d5a4-AppendLogResponseHandler: Failed appendEntries: org.apache.ratis.thirdparty.io.grpc.StatusRuntimeException: UNAVAILABLE: io exception
2019-10-15 16:01:11,228 [grpc-default-executor-3] INFO  impl.FollowerInfo (FollowerInfo.java:lambda$new$0(51)) - 654dc4fd-4a53-4d66-800b-5d0101b478e0@group-1CFD3FDF58A3->a01d9800-12e3-4ec3-b51e-50c1eb51d5a4: nextIndex: updateUnconditionally 0 -> 0
2019-10-15 16:01:11,587 [Thread-3881] INFO  client.GrpcClientProtocolService (GrpcClientProtocolService.java:lambda$processClientRequest$0(278)) - Failed RaftClientRequest:client-07B563E404D8->654dc4fd-4a53-4d66-800b-5d0101b478e0@group-1CFD3FDF58A3, cid=126, seq=0, Watch-ALL_COMMITTED(9), Message:<EMPTY>, reply=RaftClientReply:client-07B563E404D8->654dc4fd-4a53-4d66-800b-5d0101b478e0@group-1CFD3FDF58A3, cid=126, FAILED org.apache.ratis.protocol.NotReplicatedException: Request with call Id 126 and log index 9 is not yet replicated to ALL_COMMITTED, logIndex=9, commits[654dc4fd-4a53-4d66-800b-5d0101b478e0:c13, 68ed38f4-9c13-4e57-963b-0ddf8b5864a6:c13, a01d9800-12e3-4ec3-b51e-50c1eb51d5a4:c4]
2019-10-15 16:01:11,727 [grpc-default-executor-3] WARN  server.GrpcLogAppender (LogUtils.java:warn(134)) - 654dc4fd-4a53-4d66-800b-5d0101b478e0@group-1CFD3FDF58A3->a01d9800-12e3-4ec3-b51e-50c1eb51d5a4-AppendLogResponseHandler: Failed appendEntries: org.apache.ratis.thirdparty.io.grpc.StatusRuntimeException: UNAVAILABLE: io exception
2019-10-15 16:01:11,727 [grpc-default-executor-3] INFO  impl.FollowerInfo (FollowerInfo.java:lambda$new$0(51)) - 654dc4fd-4a53-4d66-800b-5d0101b478e0@group-1CFD3FDF58A3->a01d9800-12e3-4ec3-b51e-50c1eb51d5a4: nextIndex: updateUnconditionally 0 -> 0
2019-10-15 16:01:12,227 [grpc-default-executor-2] WARN  server.GrpcLogAppender (LogUtils.java:warn(134)) - 654dc4fd-4a53-4d66-800b-5d0101b478e0@group-1CFD3FDF58A3->a01d9800-12e3-4ec3-b51e-50c1eb51d5a4-AppendLogResponseHandler: Failed appendEntries: org.apache.ratis.thirdparty.io.grpc.StatusRuntimeException: UNAVAILABLE: io exception
2019-10-15 16:01:12,227 [grpc-default-executor-2] INFO  impl.FollowerInfo (FollowerInfo.java:lambda$new$0(51)) - 654dc4fd-4a53-4d66-800b-5d0101b478e0@group-1CFD3FDF58A3->a01d9800-12e3-4ec3-b51e-50c1eb51d5a4: nextIndex: updateUnconditionally 0 -> 0
2019-10-15 16:01:12,728 [grpc-default-executor-3] WARN  server.GrpcLogAppender (LogUtils.java:warn(134)) - 654dc4fd-4a53-4d66-800b-5d0101b478e0@group-1CFD3FDF58A3->a01d9800-12e3-4ec3-b51e-50c1eb51d5a4-AppendLogResponseHandler: Failed appendEntries: org.apache.ratis.thirdparty.io.grpc.StatusRuntimeException: UNAVAILABLE: io exception
2019-10-15 16:01:12,728 [grpc-default-executor-3] INFO  impl.FollowerInfo (FollowerInfo.java:lambda$new$0(51)) - 654dc4fd-4a53-4d66-800b-5d0101b478e0@group-1CFD3FDF58A3->a01d9800-12e3-4ec3-b51e-50c1eb51d5a4: nextIndex: updateUnconditionally 0 -> 0
2019-10-15 16:01:13,229 [grpc-default-executor-3] WARN  server.GrpcLogAppender (LogUtils.java:warn(134)) - 654dc4fd-4a53-4d66-800b-5d0101b478e0@group-1CFD3FDF58A3->a01d9800-12e3-4ec3-b51e-50c1eb51d5a4-AppendLogResponseHandler: Failed appendEntries: org.apache.ratis.thirdparty.io.grpc.StatusRuntimeException: UNAVAILABLE: io exception
2019-10-15 16:01:13,229 [grpc-default-executor-3] INFO  impl.FollowerInfo (FollowerInfo.java:lambda$new$0(51)) - 654dc4fd-4a53-4d66-800b-5d0101b478e0@group-1CFD3FDF58A3->a01d9800-12e3-4ec3-b51e-50c1eb51d5a4: nextIndex: updateUnconditionally 0 -> 0
2019-10-15 16:01:13,730 [grpc-default-executor-3] WARN  server.GrpcLogAppender (LogUtils.java:warn(134)) - 654dc4fd-4a53-4d66-800b-5d0101b478e0@group-1CFD3FDF58A3->a01d9800-12e3-4ec3-b51e-50c1eb51d5a4-AppendLogResponseHandler: Failed appendEntries: org.apache.ratis.thirdparty.io.grpc.StatusRuntimeException: UNAVAILABLE: io exception
2019-10-15 16:01:13,731 [grpc-default-executor-3] INFO  impl.FollowerInfo (FollowerInfo.java:lambda$new$0(51)) - 654dc4fd-4a53-4d66-800b-5d0101b478e0@group-1CFD3FDF58A3->a01d9800-12e3-4ec3-b51e-50c1eb51d5a4: nextIndex: updateUnconditionally 0 -> 0
2019-10-15 16:01:14,233 [grpc-default-executor-3] WARN  server.GrpcLogAppender (LogUtils.java:warn(134)) - 654dc4fd-4a53-4d66-800b-5d0101b478e0@group-1CFD3FDF58A3->a01d9800-12e3-4ec3-b51e-50c1eb51d5a4-AppendLogResponseHandler: Failed appendEntries: org.apache.ratis.thirdparty.io.grpc.StatusRuntimeException: UNAVAILABLE: io exception
2019-10-15 16:01:14,234 [grpc-default-executor-3] INFO  impl.FollowerInfo (FollowerInfo.java:lambda$new$0(51)) - 654dc4fd-4a53-4d66-800b-5d0101b478e0@group-1CFD3FDF58A3->a01d9800-12e3-4ec3-b51e-50c1eb51d5a4: nextIndex: updateUnconditionally 0 -> 0
2019-10-15 16:01:14,248 [main] WARN  scm.XceiverClientRatis (XceiverClientRatis.java:watchForCommit(277)) - 3 way commit failed on pipeline Pipeline[ Id: d27e5be7-3324-4d93-8f8f-1cfd3fdf58a3, Nodes: a01d9800-12e3-4ec3-b51e-50c1eb51d5a4{ip: 192.168.157.236, host: pr-hdds-1228-hxnc5-3896710236, networkLocation: /rack1, certSerialId: null}68ed38f4-9c13-4e57-963b-0ddf8b5864a6{ip: 192.168.157.236, host: pr-hdds-1228-hxnc5-3896710236, networkLocation: /rack1, certSerialId: null}654dc4fd-4a53-4d66-800b-5d0101b478e0{ip: 192.168.157.236, host: pr-hdds-1228-hxnc5-3896710236, networkLocation: /rack1, certSerialId: null}, Type:RATIS, Factor:THREE, State:OPEN]
java.util.concurrent.TimeoutException
	at java.util.concurrent.CompletableFuture.timedGet(CompletableFuture.java:1771)
	at java.util.concurrent.CompletableFuture.get(CompletableFuture.java:1915)
	at org.apache.hadoop.hdds.scm.XceiverClientRatis.watchForCommit(XceiverClientRatis.java:274)
	at org.apache.hadoop.hdds.scm.storage.CommitWatcher.watchForCommit(CommitWatcher.java:198)
	at org.apache.hadoop.hdds.scm.storage.CommitWatcher.watchOnLastIndex(CommitWatcher.java:161)
	at org.apache.hadoop.hdds.scm.storage.BlockOutputStream.watchForCommit(BlockOutputStream.java:346)
	at org.apache.hadoop.hdds.scm.storage.BlockOutputStream.handleFlush(BlockOutputStream.java:482)
	at org.apache.hadoop.hdds.scm.storage.BlockOutputStream.flush(BlockOutputStream.java:431)
	at org.apache.hadoop.ozone.client.io.BlockOutputStreamEntry.flush(BlockOutputStreamEntry.java:136)
	at org.apache.hadoop.ozone.client.io.KeyOutputStream.handleFlushOrClose(KeyOutputStream.java:443)
	at org.apache.hadoop.ozone.client.io.KeyOutputStream.flush(KeyOutputStream.java:397)
	at org.apache.hadoop.ozone.client.io.OzoneOutputStream.flush(OzoneOutputStream.java:54)
	at org.apache.hadoop.ozone.client.rpc.TestFailureHandlingByClient.testDatanodeExclusionWithMajorityCommit(TestFailureHandlingByClient.java:316)
	at sun.reflect.NativeMethodAccessorImpl.invoke0(Native Method)
	at sun.reflect.NativeMethodAccessorImpl.invoke(NativeMethodAccessorImpl.java:62)
	at sun.reflect.DelegatingMethodAccessorImpl.invoke(DelegatingMethodAccessorImpl.java:43)
	at java.lang.reflect.Method.invoke(Method.java:498)
	at org.junit.runners.model.FrameworkMethod$1.runReflectiveCall(FrameworkMethod.java:47)
	at org.junit.internal.runners.model.ReflectiveCallable.run(ReflectiveCallable.java:12)
	at org.junit.runners.model.FrameworkMethod.invokeExplosively(FrameworkMethod.java:44)
	at org.junit.internal.runners.statements.InvokeMethod.evaluate(InvokeMethod.java:17)
	at org.junit.internal.runners.statements.RunAfters.evaluate(RunAfters.java:27)
	at org.junit.runners.ParentRunner.runLeaf(ParentRunner.java:271)
	at org.junit.runners.BlockJUnit4ClassRunner.runChild(BlockJUnit4ClassRunner.java:70)
	at org.junit.runners.BlockJUnit4ClassRunner.runChild(BlockJUnit4ClassRunner.java:50)
	at org.junit.runners.ParentRunner$3.run(ParentRunner.java:238)
	at org.junit.runners.ParentRunner$1.schedule(ParentRunner.java:63)
	at org.junit.runners.ParentRunner.runChildren(ParentRunner.java:236)
	at org.junit.runners.ParentRunner.access$000(ParentRunner.java:53)
	at org.junit.runners.ParentRunner$2.evaluate(ParentRunner.java:229)
	at org.junit.runners.ParentRunner.run(ParentRunner.java:309)
	at org.apache.maven.surefire.junit4.JUnit4Provider.execute(JUnit4Provider.java:365)
	at org.apache.maven.surefire.junit4.JUnit4Provider.executeWithRerun(JUnit4Provider.java:273)
	at org.apache.maven.surefire.junit4.JUnit4Provider.executeTestSet(JUnit4Provider.java:238)
	at org.apache.maven.surefire.junit4.JUnit4Provider.invoke(JUnit4Provider.java:159)
	at org.apache.maven.surefire.booter.ForkedBooter.invokeProviderInSameClassLoader(ForkedBooter.java:384)
	at org.apache.maven.surefire.booter.ForkedBooter.runSuitesInProcess(ForkedBooter.java:345)
	at org.apache.maven.surefire.booter.ForkedBooter.execute(ForkedBooter.java:126)
	at org.apache.maven.surefire.booter.ForkedBooter.main(ForkedBooter.java:418)
2019-10-15 16:01:14,732 [grpc-default-executor-2] WARN  server.GrpcLogAppender (LogUtils.java:warn(134)) - 654dc4fd-4a53-4d66-800b-5d0101b478e0@group-1CFD3FDF58A3->a01d9800-12e3-4ec3-b51e-50c1eb51d5a4-AppendLogResponseHandler: Failed appendEntries: org.apache.ratis.thirdparty.io.grpc.StatusRuntimeException: UNAVAILABLE: io exception
2019-10-15 16:01:14,732 [grpc-default-executor-2] INFO  impl.FollowerInfo (FollowerInfo.java:lambda$new$0(51)) - 654dc4fd-4a53-4d66-800b-5d0101b478e0@group-1CFD3FDF58A3->a01d9800-12e3-4ec3-b51e-50c1eb51d5a4: nextIndex: updateUnconditionally 0 -> 0
2019-10-15 16:01:15,233 [grpc-default-executor-3] WARN  server.GrpcLogAppender (LogUtils.java:warn(134)) - 654dc4fd-4a53-4d66-800b-5d0101b478e0@group-1CFD3FDF58A3->a01d9800-12e3-4ec3-b51e-50c1eb51d5a4-AppendLogResponseHandler: Failed appendEntries: org.apache.ratis.thirdparty.io.grpc.StatusRuntimeException: UNAVAILABLE: io exception
2019-10-15 16:01:15,233 [grpc-default-executor-3] INFO  impl.FollowerInfo (FollowerInfo.java:lambda$new$0(51)) - 654dc4fd-4a53-4d66-800b-5d0101b478e0@group-1CFD3FDF58A3->a01d9800-12e3-4ec3-b51e-50c1eb51d5a4: nextIndex: updateUnconditionally 0 -> 0
2019-10-15 16:01:15,734 [grpc-default-executor-2] WARN  server.GrpcLogAppender (LogUtils.java:warn(134)) - 654dc4fd-4a53-4d66-800b-5d0101b478e0@group-1CFD3FDF58A3->a01d9800-12e3-4ec3-b51e-50c1eb51d5a4-AppendLogResponseHandler: Failed appendEntries: org.apache.ratis.thirdparty.io.grpc.StatusRuntimeException: UNAVAILABLE: io exception
2019-10-15 16:01:15,734 [grpc-default-executor-2] INFO  impl.FollowerInfo (FollowerInfo.java:lambda$new$0(51)) - 654dc4fd-4a53-4d66-800b-5d0101b478e0@group-1CFD3FDF58A3->a01d9800-12e3-4ec3-b51e-50c1eb51d5a4: nextIndex: updateUnconditionally 0 -> 0
2019-10-15 16:01:16,234 [grpc-default-executor-2] WARN  server.GrpcLogAppender (LogUtils.java:warn(134)) - 654dc4fd-4a53-4d66-800b-5d0101b478e0@group-1CFD3FDF58A3->a01d9800-12e3-4ec3-b51e-50c1eb51d5a4-AppendLogResponseHandler: Failed appendEntries: org.apache.ratis.thirdparty.io.grpc.StatusRuntimeException: UNAVAILABLE: io exception
2019-10-15 16:01:16,234 [grpc-default-executor-2] INFO  impl.FollowerInfo (FollowerInfo.java:lambda$new$0(51)) - 654dc4fd-4a53-4d66-800b-5d0101b478e0@group-1CFD3FDF58A3->a01d9800-12e3-4ec3-b51e-50c1eb51d5a4: nextIndex: updateUnconditionally 0 -> 0
2019-10-15 16:01:17,124 [SCM Heartbeat Processing Thread - 0] ERROR node.NodeStateManager (NodeStateManager.java:checkNodesHealth(626)) - Total time spend processing datanode HB's is greater than configured values for datanode heartbeats. Please adjust the heartbeat configs. Time Spend on HB processing: 0 seconds Datanode heartbeat Interval: 100 seconds.
2019-10-15 16:01:17,133 [grpc-default-executor-3] WARN  server.GrpcLogAppender (LogUtils.java:warn(134)) - 654dc4fd-4a53-4d66-800b-5d0101b478e0@group-1CFD3FDF58A3->a01d9800-12e3-4ec3-b51e-50c1eb51d5a4-AppendLogResponseHandler: Failed appendEntries: org.apache.ratis.thirdparty.io.grpc.StatusRuntimeException: UNAVAILABLE: io exception
2019-10-15 16:01:17,133 [grpc-default-executor-3] INFO  impl.FollowerInfo (FollowerInfo.java:lambda$new$0(51)) - 654dc4fd-4a53-4d66-800b-5d0101b478e0@group-1CFD3FDF58A3->a01d9800-12e3-4ec3-b51e-50c1eb51d5a4: nextIndex: updateUnconditionally 0 -> 0
2019-10-15 16:01:17,259 [java.util.concurrent.ThreadPoolExecutor$Worker@7308c820[State = -1, empty queue]] WARN  util.TimeoutScheduler (LogUtils.java:runAndLog(55)) - Failed to task #0: java.lang.NullPointerException
2019-10-15 16:01:17,627 [grpc-default-executor-3] WARN  server.GrpcLogAppender (LogUtils.java:warn(134)) - 654dc4fd-4a53-4d66-800b-5d0101b478e0@group-1CFD3FDF58A3->a01d9800-12e3-4ec3-b51e-50c1eb51d5a4-AppendLogResponseHandler: Failed appendEntries: org.apache.ratis.thirdparty.io.grpc.StatusRuntimeException: UNAVAILABLE: io exception
2019-10-15 16:01:17,627 [grpc-default-executor-3] INFO  impl.FollowerInfo (FollowerInfo.java:lambda$new$0(51)) - 654dc4fd-4a53-4d66-800b-5d0101b478e0@group-1CFD3FDF58A3->a01d9800-12e3-4ec3-b51e-50c1eb51d5a4: nextIndex: updateUnconditionally 0 -> 0
2019-10-15 16:01:18,127 [grpc-default-executor-2] WARN  server.GrpcLogAppender (LogUtils.java:warn(134)) - 654dc4fd-4a53-4d66-800b-5d0101b478e0@group-1CFD3FDF58A3->a01d9800-12e3-4ec3-b51e-50c1eb51d5a4-AppendLogResponseHandler: Failed appendEntries: org.apache.ratis.thirdparty.io.grpc.StatusRuntimeException: UNAVAILABLE: io exception
2019-10-15 16:01:18,128 [grpc-default-executor-2] INFO  impl.FollowerInfo (FollowerInfo.java:lambda$new$0(51)) - 654dc4fd-4a53-4d66-800b-5d0101b478e0@group-1CFD3FDF58A3->a01d9800-12e3-4ec3-b51e-50c1eb51d5a4: nextIndex: updateUnconditionally 0 -> 0
2019-10-15 16:01:18,254 [Thread-3952] INFO  client.GrpcClientProtocolService (GrpcClientProtocolService.java:lambda$processClientRequest$0(278)) - Failed RaftClientRequest:client-07B563E404D8->68ed38f4-9c13-4e57-963b-0ddf8b5864a6@group-1CFD3FDF58A3, cid=128, seq=0, Watch-ALL_COMMITTED(11), Message:<EMPTY>, reply=RaftClientReply:client-07B563E404D8->68ed38f4-9c13-4e57-963b-0ddf8b5864a6@group-1CFD3FDF58A3, cid=128, FAILED org.apache.ratis.protocol.NotLeaderException: Server 68ed38f4-9c13-4e57-963b-0ddf8b5864a6@group-1CFD3FDF58A3 is not the leader 654dc4fd-4a53-4d66-800b-5d0101b478e0:192.168.157.236:38504, logIndex=0, commits[68ed38f4-9c13-4e57-963b-0ddf8b5864a6:c13, a01d9800-12e3-4ec3-b51e-50c1eb51d5a4:c4, 654dc4fd-4a53-4d66-800b-5d0101b478e0:c13]
2019-10-15 16:01:18,628 [grpc-default-executor-2] WARN  server.GrpcLogAppender (LogUtils.java:warn(134)) - 654dc4fd-4a53-4d66-800b-5d0101b478e0@group-1CFD3FDF58A3->a01d9800-12e3-4ec3-b51e-50c1eb51d5a4-AppendLogResponseHandler: Failed appendEntries: org.apache.ratis.thirdparty.io.grpc.StatusRuntimeException: UNAVAILABLE: io exception
2019-10-15 16:01:18,628 [grpc-default-executor-2] INFO  impl.FollowerInfo (FollowerInfo.java:lambda$new$0(51)) - 654dc4fd-4a53-4d66-800b-5d0101b478e0@group-1CFD3FDF58A3->a01d9800-12e3-4ec3-b51e-50c1eb51d5a4: nextIndex: updateUnconditionally 0 -> 0
2019-10-15 16:01:19,128 [grpc-default-executor-6] WARN  server.GrpcLogAppender (LogUtils.java:warn(134)) - 654dc4fd-4a53-4d66-800b-5d0101b478e0@group-1CFD3FDF58A3->a01d9800-12e3-4ec3-b51e-50c1eb51d5a4-AppendLogResponseHandler: Failed appendEntries: org.apache.ratis.thirdparty.io.grpc.StatusRuntimeException: UNAVAILABLE: io exception
2019-10-15 16:01:19,129 [grpc-default-executor-6] INFO  impl.FollowerInfo (FollowerInfo.java:lambda$new$0(51)) - 654dc4fd-4a53-4d66-800b-5d0101b478e0@group-1CFD3FDF58A3->a01d9800-12e3-4ec3-b51e-50c1eb51d5a4: nextIndex: updateUnconditionally 0 -> 0
2019-10-15 16:01:19,250 [main] WARN  storage.CommitWatcher (CommitWatcher.java:watchForCommit(207)) - watchForCommit failed for index 11
java.util.concurrent.TimeoutException
	at java.util.concurrent.CompletableFuture.timedGet(CompletableFuture.java:1771)
	at java.util.concurrent.CompletableFuture.get(CompletableFuture.java:1915)
	at org.apache.hadoop.hdds.scm.XceiverClientRatis.watchForCommit(XceiverClientRatis.java:283)
	at org.apache.hadoop.hdds.scm.storage.CommitWatcher.watchForCommit(CommitWatcher.java:198)
	at org.apache.hadoop.hdds.scm.storage.CommitWatcher.watchOnLastIndex(CommitWatcher.java:161)
	at org.apache.hadoop.hdds.scm.storage.BlockOutputStream.watchForCommit(BlockOutputStream.java:346)
	at org.apache.hadoop.hdds.scm.storage.BlockOutputStream.handleFlush(BlockOutputStream.java:482)
	at org.apache.hadoop.hdds.scm.storage.BlockOutputStream.flush(BlockOutputStream.java:431)
	at org.apache.hadoop.ozone.client.io.BlockOutputStreamEntry.flush(BlockOutputStreamEntry.java:136)
	at org.apache.hadoop.ozone.client.io.KeyOutputStream.handleFlushOrClose(KeyOutputStream.java:443)
	at org.apache.hadoop.ozone.client.io.KeyOutputStream.flush(KeyOutputStream.java:397)
	at org.apache.hadoop.ozone.client.io.OzoneOutputStream.flush(OzoneOutputStream.java:54)
	at org.apache.hadoop.ozone.client.rpc.TestFailureHandlingByClient.testDatanodeExclusionWithMajorityCommit(TestFailureHandlingByClient.java:316)
	at sun.reflect.NativeMethodAccessorImpl.invoke0(Native Method)
	at sun.reflect.NativeMethodAccessorImpl.invoke(NativeMethodAccessorImpl.java:62)
	at sun.reflect.DelegatingMethodAccessorImpl.invoke(DelegatingMethodAccessorImpl.java:43)
	at java.lang.reflect.Method.invoke(Method.java:498)
	at org.junit.runners.model.FrameworkMethod$1.runReflectiveCall(FrameworkMethod.java:47)
	at org.junit.internal.runners.model.ReflectiveCallable.run(ReflectiveCallable.java:12)
	at org.junit.runners.model.FrameworkMethod.invokeExplosively(FrameworkMethod.java:44)
	at org.junit.internal.runners.statements.InvokeMethod.evaluate(InvokeMethod.java:17)
	at org.junit.internal.runners.statements.RunAfters.evaluate(RunAfters.java:27)
	at org.junit.runners.ParentRunner.runLeaf(ParentRunner.java:271)
	at org.junit.runners.BlockJUnit4ClassRunner.runChild(BlockJUnit4ClassRunner.java:70)
	at org.junit.runners.BlockJUnit4ClassRunner.runChild(BlockJUnit4ClassRunner.java:50)
	at org.junit.runners.ParentRunner$3.run(ParentRunner.java:238)
	at org.junit.runners.ParentRunner$1.schedule(ParentRunner.java:63)
	at org.junit.runners.ParentRunner.runChildren(ParentRunner.java:236)
	at org.junit.runners.ParentRunner.access$000(ParentRunner.java:53)
	at org.junit.runners.ParentRunner$2.evaluate(ParentRunner.java:229)
	at org.junit.runners.ParentRunner.run(ParentRunner.java:309)
	at org.apache.maven.surefire.junit4.JUnit4Provider.execute(JUnit4Provider.java:365)
	at org.apache.maven.surefire.junit4.JUnit4Provider.executeWithRerun(JUnit4Provider.java:273)
	at org.apache.maven.surefire.junit4.JUnit4Provider.executeTestSet(JUnit4Provider.java:238)
	at org.apache.maven.surefire.junit4.JUnit4Provider.invoke(JUnit4Provider.java:159)
	at org.apache.maven.surefire.booter.ForkedBooter.invokeProviderInSameClassLoader(ForkedBooter.java:384)
	at org.apache.maven.surefire.booter.ForkedBooter.runSuitesInProcess(ForkedBooter.java:345)
	at org.apache.maven.surefire.booter.ForkedBooter.execute(ForkedBooter.java:126)
	at org.apache.maven.surefire.booter.ForkedBooter.main(ForkedBooter.java:418)
2019-10-15 16:01:19,252 [main] WARN  io.KeyOutputStream (KeyOutputStream.java:handleException(274)) - Encountered exception java.io.IOException: Unexpected Storage Container Exception: java.io.IOException: Unexpected Storage Container Exception: java.util.concurrent.TimeoutException on the pipeline Pipeline[ Id: d27e5be7-3324-4d93-8f8f-1cfd3fdf58a3, Nodes: a01d9800-12e3-4ec3-b51e-50c1eb51d5a4{ip: 192.168.157.236, host: pr-hdds-1228-hxnc5-3896710236, networkLocation: /rack1, certSerialId: null}68ed38f4-9c13-4e57-963b-0ddf8b5864a6{ip: 192.168.157.236, host: pr-hdds-1228-hxnc5-3896710236, networkLocation: /rack1, certSerialId: null}654dc4fd-4a53-4d66-800b-5d0101b478e0{ip: 192.168.157.236, host: pr-hdds-1228-hxnc5-3896710236, networkLocation: /rack1, certSerialId: null}, Type:RATIS, Factor:THREE, State:OPEN]. The last committed block length is 2097152, uncommitted data length is 1048576 retry count 0
2019-10-15 16:01:19,450 [main] INFO  ozone.MiniOzoneClusterImpl (MiniOzoneClusterImpl.java:shutdown(314)) - Shutting down the Mini Ozone Cluster
2019-10-15 16:01:19,450 [main] INFO  ozone.MiniOzoneClusterImpl (MiniOzoneClusterImpl.java:stop(330)) - Stopping the Mini Ozone Cluster
2019-10-15 16:01:19,450 [main] INFO  ozone.MiniOzoneClusterImpl (MiniOzoneClusterImpl.java:stopOM(400)) - Stopping the OzoneManager
2019-10-15 16:01:19,450 [main] INFO  ipc.Server (Server.java:stop(3082)) - Stopping server on 45892
2019-10-15 16:01:19,460 [IPC Server listener on 45892] INFO  ipc.Server (Server.java:run(1185)) - Stopping IPC Server listener on 45892
2019-10-15 16:01:19,475 [main] INFO  ratis.OzoneManagerDoubleBuffer (OzoneManagerDoubleBuffer.java:stop(250)) - Stopping OMDoubleBuffer flush thread
2019-10-15 16:01:19,475 [IPC Server Responder] INFO  ipc.Server (Server.java:run(1319)) - Stopping IPC Server Responder
2019-10-15 16:01:19,475 [OMDoubleBufferFlushThread] INFO  ratis.OzoneManagerDoubleBuffer (OzoneManagerDoubleBuffer.java:flushTransactions(193)) - OMDoubleBuffer flush thread OMDoubleBufferFlushThread is interrupted and will exit. OMDoubleBufferFlushThread
2019-10-15 16:01:19,475 [main] INFO  utils.BackgroundService (BackgroundService.java:shutdown(151)) - Shutting down service KeyDeletingService
2019-10-15 16:01:19,476 [main] INFO  handler.ContextHandler (ContextHandler.java:doStop(910)) - Stopped o.e.j.w.WebAppContext@65600fb3{/,null,UNAVAILABLE}{/ozoneManager}
2019-10-15 16:01:19,477 [main] INFO  server.AbstractConnector (AbstractConnector.java:doStop(318)) - Stopped ServerConnector@25ce435{HTTP/1.1,[http/1.1]}{0.0.0.0:0}
2019-10-15 16:01:19,477 [main] INFO  handler.ContextHandler (ContextHandler.java:doStop(910)) - Stopped o.e.j.s.ServletContextHandler@4b3a01d8{/static,file:///workdir/hadoop-ozone/integration-test/target/test-classes/webapps/static,UNAVAILABLE}
2019-10-15 16:01:19,477 [main] INFO  handler.ContextHandler (ContextHandler.java:doStop(910)) - Stopped o.e.j.s.ServletContextHandler@2d237460{/logs,file:///workdir/hadoop-ozone/integration-test/target/log,UNAVAILABLE}
2019-10-15 16:01:19,483 [main] INFO  ozone.MiniOzoneClusterImpl (MiniOzoneClusterImpl.java:stopDatanodes(377)) - Stopping the HddsDatanodes
2019-10-15 16:01:19,586 [Thread-3988] INFO  client.GrpcClientProtocolService (GrpcClientProtocolService.java:lambda$processClientRequest$0(278)) - Failed RaftClientRequest:client-07B563E404D8->654dc4fd-4a53-4d66-800b-5d0101b478e0@group-1CFD3FDF58A3, cid=128, seq=0, Watch-ALL_COMMITTED(11), Message:<EMPTY>, reply=RaftClientReply:client-07B563E404D8->654dc4fd-4a53-4d66-800b-5d0101b478e0@group-1CFD3FDF58A3, cid=128, FAILED org.apache.ratis.protocol.NotReplicatedException: Request with call Id 128 and log index 11 is not yet replicated to ALL_COMMITTED, logIndex=11, commits[654dc4fd-4a53-4d66-800b-5d0101b478e0:c13, 68ed38f4-9c13-4e57-963b-0ddf8b5864a6:c13, a01d9800-12e3-4ec3-b51e-50c1eb51d5a4:c4]
2019-10-15 16:01:19,628 [grpc-default-executor-5] WARN  server.GrpcLogAppender (LogUtils.java:warn(134)) - 654dc4fd-4a53-4d66-800b-5d0101b478e0@group-1CFD3FDF58A3->a01d9800-12e3-4ec3-b51e-50c1eb51d5a4-AppendLogResponseHandler: Failed appendEntries: org.apache.ratis.thirdparty.io.grpc.StatusRuntimeException: UNAVAILABLE: io exception
2019-10-15 16:01:19,629 [grpc-default-executor-5] INFO  impl.FollowerInfo (FollowerInfo.java:lambda$new$0(51)) - 654dc4fd-4a53-4d66-800b-5d0101b478e0@group-1CFD3FDF58A3->a01d9800-12e3-4ec3-b51e-50c1eb51d5a4: nextIndex: updateUnconditionally 0 -> 0
2019-10-15 16:01:19,720 [Datanode State Machine Thread - 0] INFO  statemachine.DatanodeStateMachine (DatanodeStateMachine.java:lambda$startDaemon$0(350)) - Ozone container server started.
2019-10-15 16:01:20,129 [grpc-default-executor-2] WARN  server.GrpcLogAppender (LogUtils.java:warn(134)) - 654dc4fd-4a53-4d66-800b-5d0101b478e0@group-1CFD3FDF58A3->a01d9800-12e3-4ec3-b51e-50c1eb51d5a4-AppendLogResponseHandler: Failed appendEntries: org.apache.ratis.thirdparty.io.grpc.StatusRuntimeException: UNAVAILABLE: io exception
2019-10-15 16:01:20,129 [grpc-default-executor-2] INFO  impl.FollowerInfo (FollowerInfo.java:lambda$new$0(51)) - 654dc4fd-4a53-4d66-800b-5d0101b478e0@group-1CFD3FDF58A3->a01d9800-12e3-4ec3-b51e-50c1eb51d5a4: nextIndex: updateUnconditionally 0 -> 0
2019-10-15 16:01:20,401 [Datanode State Machine Thread - 0] INFO  statemachine.DatanodeStateMachine (DatanodeStateMachine.java:lambda$startDaemon$0(350)) - Ozone container server started.
2019-10-15 16:01:20,587 [Thread-3999] INFO  client.GrpcClientProtocolService (GrpcClientProtocolService.java:lambda$processClientRequest$0(278)) - Failed RaftClientRequest:client-07B563E404D8->654dc4fd-4a53-4d66-800b-5d0101b478e0@group-1CFD3FDF58A3, cid=126, seq=0, Watch-ALL_COMMITTED(9), Message:<EMPTY>, reply=RaftClientReply:client-07B563E404D8->654dc4fd-4a53-4d66-800b-5d0101b478e0@group-1CFD3FDF58A3, cid=126, FAILED org.apache.ratis.protocol.NotReplicatedException: Request with call Id 126 and log index 9 is not yet replicated to ALL_COMMITTED, logIndex=9, commits[654dc4fd-4a53-4d66-800b-5d0101b478e0:c13, 68ed38f4-9c13-4e57-963b-0ddf8b5864a6:c13, a01d9800-12e3-4ec3-b51e-50c1eb51d5a4:c4]
2019-10-15 16:01:20,629 [grpc-default-executor-6] WARN  server.GrpcLogAppender (LogUtils.java:warn(134)) - 654dc4fd-4a53-4d66-800b-5d0101b478e0@group-1CFD3FDF58A3->a01d9800-12e3-4ec3-b51e-50c1eb51d5a4-AppendLogResponseHandler: Failed appendEntries: org.apache.ratis.thirdparty.io.grpc.StatusRuntimeException: UNAVAILABLE: io exception
2019-10-15 16:01:20,629 [grpc-default-executor-6] INFO  impl.FollowerInfo (FollowerInfo.java:lambda$new$0(51)) - 654dc4fd-4a53-4d66-800b-5d0101b478e0@group-1CFD3FDF58A3->a01d9800-12e3-4ec3-b51e-50c1eb51d5a4: nextIndex: updateUnconditionally 0 -> 0
2019-10-15 16:01:21,129 [grpc-default-executor-2] WARN  server.GrpcLogAppender (LogUtils.java:warn(134)) - 654dc4fd-4a53-4d66-800b-5d0101b478e0@group-1CFD3FDF58A3->a01d9800-12e3-4ec3-b51e-50c1eb51d5a4-AppendLogResponseHandler: Failed appendEntries: org.apache.ratis.thirdparty.io.grpc.StatusRuntimeException: UNAVAILABLE: io exception
2019-10-15 16:01:21,130 [grpc-default-executor-2] INFO  impl.FollowerInfo (FollowerInfo.java:lambda$new$0(51)) - 654dc4fd-4a53-4d66-800b-5d0101b478e0@group-1CFD3FDF58A3->a01d9800-12e3-4ec3-b51e-50c1eb51d5a4: nextIndex: updateUnconditionally 0 -> 0
2019-10-15 16:01:21,630 [grpc-default-executor-5] WARN  server.GrpcLogAppender (LogUtils.java:warn(134)) - 654dc4fd-4a53-4d66-800b-5d0101b478e0@group-1CFD3FDF58A3->a01d9800-12e3-4ec3-b51e-50c1eb51d5a4-AppendLogResponseHandler: Failed appendEntries: org.apache.ratis.thirdparty.io.grpc.StatusRuntimeException: UNAVAILABLE: io exception
2019-10-15 16:01:21,630 [grpc-default-executor-5] INFO  impl.FollowerInfo (FollowerInfo.java:lambda$new$0(51)) - 654dc4fd-4a53-4d66-800b-5d0101b478e0@group-1CFD3FDF58A3->a01d9800-12e3-4ec3-b51e-50c1eb51d5a4: nextIndex: updateUnconditionally 0 -> 0
2019-10-15 16:01:22,131 [grpc-default-executor-5] WARN  server.GrpcLogAppender (LogUtils.java:warn(134)) - 654dc4fd-4a53-4d66-800b-5d0101b478e0@group-1CFD3FDF58A3->a01d9800-12e3-4ec3-b51e-50c1eb51d5a4-AppendLogResponseHandler: Failed appendEntries: org.apache.ratis.thirdparty.io.grpc.StatusRuntimeException: UNAVAILABLE: io exception
2019-10-15 16:01:22,131 [grpc-default-executor-5] INFO  impl.FollowerInfo (FollowerInfo.java:lambda$new$0(51)) - 654dc4fd-4a53-4d66-800b-5d0101b478e0@group-1CFD3FDF58A3->a01d9800-12e3-4ec3-b51e-50c1eb51d5a4: nextIndex: updateUnconditionally 0 -> 0
2019-10-15 16:01:22,632 [grpc-default-executor-6] WARN  server.GrpcLogAppender (LogUtils.java:warn(134)) - 654dc4fd-4a53-4d66-800b-5d0101b478e0@group-1CFD3FDF58A3->a01d9800-12e3-4ec3-b51e-50c1eb51d5a4-AppendLogResponseHandler: Failed appendEntries: org.apache.ratis.thirdparty.io.grpc.StatusRuntimeException: UNAVAILABLE: io exception
2019-10-15 16:01:22,633 [grpc-default-executor-6] INFO  impl.FollowerInfo (FollowerInfo.java:lambda$new$0(51)) - 654dc4fd-4a53-4d66-800b-5d0101b478e0@group-1CFD3FDF58A3->a01d9800-12e3-4ec3-b51e-50c1eb51d5a4: nextIndex: updateUnconditionally 0 -> 0
2019-10-15 16:01:23,134 [grpc-default-executor-5] WARN  server.GrpcLogAppender (LogUtils.java:warn(134)) - 654dc4fd-4a53-4d66-800b-5d0101b478e0@group-1CFD3FDF58A3->a01d9800-12e3-4ec3-b51e-50c1eb51d5a4-AppendLogResponseHandler: Failed appendEntries: org.apache.ratis.thirdparty.io.grpc.StatusRuntimeException: UNAVAILABLE: io exception
2019-10-15 16:01:23,135 [grpc-default-executor-5] INFO  impl.FollowerInfo (FollowerInfo.java:lambda$new$0(51)) - 654dc4fd-4a53-4d66-800b-5d0101b478e0@group-1CFD3FDF58A3->a01d9800-12e3-4ec3-b51e-50c1eb51d5a4: nextIndex: updateUnconditionally 0 -> 0
2019-10-15 16:01:23,634 [grpc-default-executor-5] WARN  server.GrpcLogAppender (LogUtils.java:warn(134)) - 654dc4fd-4a53-4d66-800b-5d0101b478e0@group-1CFD3FDF58A3->a01d9800-12e3-4ec3-b51e-50c1eb51d5a4-AppendLogResponseHandler: Failed appendEntries: org.apache.ratis.thirdparty.io.grpc.StatusRuntimeException: UNAVAILABLE: io exception
2019-10-15 16:01:23,634 [grpc-default-executor-5] INFO  impl.FollowerInfo (FollowerInfo.java:lambda$new$0(51)) - 654dc4fd-4a53-4d66-800b-5d0101b478e0@group-1CFD3FDF58A3->a01d9800-12e3-4ec3-b51e-50c1eb51d5a4: nextIndex: updateUnconditionally 0 -> 0
2019-10-15 16:01:24,134 [grpc-default-executor-5] WARN  server.GrpcLogAppender (LogUtils.java:warn(134)) - 654dc4fd-4a53-4d66-800b-5d0101b478e0@group-1CFD3FDF58A3->a01d9800-12e3-4ec3-b51e-50c1eb51d5a4-AppendLogResponseHandler: Failed appendEntries: org.apache.ratis.thirdparty.io.grpc.StatusRuntimeException: UNAVAILABLE: io exception
2019-10-15 16:01:24,135 [grpc-default-executor-5] INFO  impl.FollowerInfo (FollowerInfo.java:lambda$new$0(51)) - 654dc4fd-4a53-4d66-800b-5d0101b478e0@group-1CFD3FDF58A3->a01d9800-12e3-4ec3-b51e-50c1eb51d5a4: nextIndex: updateUnconditionally 0 -> 0
2019-10-15 16:01:24,484 [main] INFO  ozoneimpl.OzoneContainer (OzoneContainer.java:stop(227)) - Attempting to stop container services.
2019-10-15 16:01:24,484 [ForkJoinPool.commonPool-worker-0] INFO  ozoneimpl.OzoneContainer (OzoneContainer.java:stop(227)) - Attempting to stop container services.
2019-10-15 16:01:24,485 [ForkJoinPool.commonPool-worker-0] INFO  impl.RaftServerProxy (RaftServerProxy.java:lambda$close$4(314)) - 957624b1-130b-40b6-b716-6996dbe1f26c: close
2019-10-15 16:01:24,485 [main] INFO  impl.RaftServerProxy (RaftServerProxy.java:lambda$close$4(314)) - e2095ed4-6e7f-4ca6-8a9b-1989176657a6: close
2019-10-15 16:01:24,485 [ForkJoinPool.commonPool-worker-0] INFO  impl.RaftServerImpl (RaftServerImpl.java:lambda$shutdown$3(247)) - 957624b1-130b-40b6-b716-6996dbe1f26c@group-3F7D09197A50: shutdown
2019-10-15 16:01:24,485 [main] INFO  impl.RaftServerImpl (RaftServerImpl.java:lambda$shutdown$3(247)) - e2095ed4-6e7f-4ca6-8a9b-1989176657a6@group-1748E1C945E1: shutdown
2019-10-15 16:01:24,485 [ForkJoinPool.commonPool-worker-0] INFO  util.JmxRegister (JmxRegister.java:unregister(73)) - Successfully un-registered JMX Bean with object name Ratis:service=RaftServer,group=group-3F7D09197A50,id=957624b1-130b-40b6-b716-6996dbe1f26c
2019-10-15 16:01:24,486 [main] INFO  util.JmxRegister (JmxRegister.java:unregister(73)) - Successfully un-registered JMX Bean with object name Ratis:service=RaftServer,group=group-1748E1C945E1,id=e2095ed4-6e7f-4ca6-8a9b-1989176657a6
2019-10-15 16:01:24,486 [ForkJoinPool.commonPool-worker-0] INFO  impl.RoleInfo (RoleInfo.java:shutdownFollowerState(121)) - 957624b1-130b-40b6-b716-6996dbe1f26c: shutdown FollowerState
2019-10-15 16:01:24,486 [main] INFO  impl.RoleInfo (RoleInfo.java:shutdownLeaderState(104)) - e2095ed4-6e7f-4ca6-8a9b-1989176657a6: shutdown LeaderState
2019-10-15 16:01:24,486 [ForkJoinPool.commonPool-worker-0] INFO  impl.StateMachineUpdater (StateMachineUpdater.java:stopAndJoin(136)) - 957624b1-130b-40b6-b716-6996dbe1f26c@group-3F7D09197A50-StateMachineUpdater: set stopIndex = 0
2019-10-15 16:01:24,487 [main] INFO  impl.PendingRequests (PendingRequests.java:sendNotLeaderResponses(202)) - e2095ed4-6e7f-4ca6-8a9b-1989176657a6@group-1748E1C945E1-PendingRequests: sendNotLeaderResponses
2019-10-15 16:01:24,486 [Thread-3475] INFO  impl.FollowerState (FollowerState.java:run(117)) - 957624b1-130b-40b6-b716-6996dbe1f26c@group-3F7D09197A50-FollowerState was interrupted: java.lang.InterruptedException: sleep interrupted
2019-10-15 16:01:24,487 [main] INFO  impl.StateMachineUpdater (StateMachineUpdater.java:stopAndJoin(136)) - e2095ed4-6e7f-4ca6-8a9b-1989176657a6@group-1748E1C945E1-StateMachineUpdater: set stopIndex = 0
2019-10-15 16:01:24,487 [ForkJoinPool.commonPool-worker-0] INFO  impl.RaftServerImpl (ServerState.java:close(387)) - 957624b1-130b-40b6-b716-6996dbe1f26c@group-3F7D09197A50: closes. applyIndex: 0
2019-10-15 16:01:24,487 [main] INFO  impl.RaftServerImpl (ServerState.java:close(387)) - e2095ed4-6e7f-4ca6-8a9b-1989176657a6@group-1748E1C945E1: closes. applyIndex: 0
2019-10-15 16:01:24,488 [957624b1-130b-40b6-b716-6996dbe1f26c@group-3F7D09197A50-SegmentedRaftLogWorker] INFO  segmented.SegmentedRaftLogWorker (SegmentedRaftLogWorker.java:run(316)) - 957624b1-130b-40b6-b716-6996dbe1f26c@group-3F7D09197A50-SegmentedRaftLogWorker was interrupted, exiting. There are 0 tasks remaining in the queue.
2019-10-15 16:01:24,488 [e2095ed4-6e7f-4ca6-8a9b-1989176657a6@group-1748E1C945E1-SegmentedRaftLogWorker] INFO  segmented.SegmentedRaftLogWorker (SegmentedRaftLogWorker.java:run(316)) - e2095ed4-6e7f-4ca6-8a9b-1989176657a6@group-1748E1C945E1-SegmentedRaftLogWorker was interrupted, exiting. There are 0 tasks remaining in the queue.
2019-10-15 16:01:24,491 [ForkJoinPool.commonPool-worker-0] INFO  segmented.SegmentedRaftLogWorker (SegmentedRaftLogWorker.java:close(224)) - 957624b1-130b-40b6-b716-6996dbe1f26c@group-3F7D09197A50-SegmentedRaftLogWorker close()
2019-10-15 16:01:24,494 [main] INFO  segmented.SegmentedRaftLogWorker (SegmentedRaftLogWorker.java:close(224)) - e2095ed4-6e7f-4ca6-8a9b-1989176657a6@group-1748E1C945E1-SegmentedRaftLogWorker close()
2019-10-15 16:01:24,499 [ForkJoinPool.commonPool-worker-0] INFO  impl.RaftServerImpl (RaftServerImpl.java:lambda$shutdown$3(247)) - 957624b1-130b-40b6-b716-6996dbe1f26c@group-B3903A8B8ED4: shutdown
2019-10-15 16:01:24,503 [main] INFO  impl.RaftServerImpl (RaftServerImpl.java:lambda$shutdown$3(247)) - e2095ed4-6e7f-4ca6-8a9b-1989176657a6@group-C4DA4798FEA9: shutdown
2019-10-15 16:01:24,503 [ForkJoinPool.commonPool-worker-0] INFO  util.JmxRegister (JmxRegister.java:unregister(73)) - Successfully un-registered JMX Bean with object name Ratis:service=RaftServer,group=group-B3903A8B8ED4,id=957624b1-130b-40b6-b716-6996dbe1f26c
2019-10-15 16:01:24,504 [main] INFO  util.JmxRegister (JmxRegister.java:unregister(73)) - Successfully un-registered JMX Bean with object name Ratis:service=RaftServer,group=group-C4DA4798FEA9,id=e2095ed4-6e7f-4ca6-8a9b-1989176657a6
2019-10-15 16:01:24,504 [ForkJoinPool.commonPool-worker-0] INFO  impl.RoleInfo (RoleInfo.java:shutdownLeaderState(104)) - 957624b1-130b-40b6-b716-6996dbe1f26c: shutdown LeaderState
2019-10-15 16:01:24,504 [main] INFO  impl.RoleInfo (RoleInfo.java:shutdownFollowerState(121)) - e2095ed4-6e7f-4ca6-8a9b-1989176657a6: shutdown FollowerState
2019-10-15 16:01:24,504 [ForkJoinPool.commonPool-worker-0] INFO  impl.PendingRequests (PendingRequests.java:sendNotLeaderResponses(202)) - 957624b1-130b-40b6-b716-6996dbe1f26c@group-B3903A8B8ED4-PendingRequests: sendNotLeaderResponses
2019-10-15 16:01:24,505 [Thread-3495] INFO  impl.FollowerState (FollowerState.java:run(117)) - e2095ed4-6e7f-4ca6-8a9b-1989176657a6@group-C4DA4798FEA9-FollowerState was interrupted: java.lang.InterruptedException: sleep interrupted
2019-10-15 16:01:24,504 [main] INFO  impl.StateMachineUpdater (StateMachineUpdater.java:stopAndJoin(136)) - e2095ed4-6e7f-4ca6-8a9b-1989176657a6@group-C4DA4798FEA9-StateMachineUpdater: set stopIndex = 4
2019-10-15 16:01:24,505 [e2095ed4-6e7f-4ca6-8a9b-1989176657a6@group-C4DA4798FEA9-StateMachineUpdater] INFO  ratis.ContainerStateMachine (ContainerStateMachine.java:takeSnapshot(294)) - group-C4DA4798FEA9: Taking a snapshot at:(t:1, i:3) file /workdir/hadoop-ozone/integration-test/target/test-dir/MiniOzoneClusterImpl-db5d02a6-340f-494d-b00e-bf4b2df0003c/datanode-5/data/ratis/91036be7-ad1c-4b0c-9f77-c4da4798fea9/sm/snapshot.1_3
2019-10-15 16:01:24,505 [ForkJoinPool.commonPool-worker-0] INFO  impl.StateMachineUpdater (StateMachineUpdater.java:stopAndJoin(136)) - 957624b1-130b-40b6-b716-6996dbe1f26c@group-B3903A8B8ED4-StateMachineUpdater: set stopIndex = 0
2019-10-15 16:01:24,505 [ForkJoinPool.commonPool-worker-0] INFO  impl.RaftServerImpl (ServerState.java:close(387)) - 957624b1-130b-40b6-b716-6996dbe1f26c@group-B3903A8B8ED4: closes. applyIndex: 0
2019-10-15 16:01:24,506 [957624b1-130b-40b6-b716-6996dbe1f26c@group-B3903A8B8ED4-SegmentedRaftLogWorker] INFO  segmented.SegmentedRaftLogWorker (SegmentedRaftLogWorker.java:run(316)) - 957624b1-130b-40b6-b716-6996dbe1f26c@group-B3903A8B8ED4-SegmentedRaftLogWorker was interrupted, exiting. There are 0 tasks remaining in the queue.
2019-10-15 16:01:24,508 [ForkJoinPool.commonPool-worker-0] INFO  segmented.SegmentedRaftLogWorker (SegmentedRaftLogWorker.java:close(224)) - 957624b1-130b-40b6-b716-6996dbe1f26c@group-B3903A8B8ED4-SegmentedRaftLogWorker close()
2019-10-15 16:01:24,512 [ForkJoinPool.commonPool-worker-0] INFO  server.GrpcService (GrpcService.java:closeImpl(164)) - 957624b1-130b-40b6-b716-6996dbe1f26c: shutdown server with port 35608 now
2019-10-15 16:01:24,513 [grpc-default-executor-5] WARN  server.GrpcServerProtocolService (LogUtils.java:warn(134)) - 957624b1-130b-40b6-b716-6996dbe1f26c: installSnapshot onError, lastRequest: 2927af6d-ca2a-40e1-b66d-bb9b2759d3f4->957624b1-130b-40b6-b716-6996dbe1f26c#78-t1, previous=(t:1, i:0), leaderCommit=0, initializing? false, entries: <empty>: org.apache.ratis.thirdparty.io.grpc.StatusRuntimeException: CANCELLED: cancelled before receiving half close
2019-10-15 16:01:24,513 [grpc-default-executor-6] WARN  server.GrpcLogAppender (LogUtils.java:warn(134)) - 2927af6d-ca2a-40e1-b66d-bb9b2759d3f4@group-3F7D09197A50->957624b1-130b-40b6-b716-6996dbe1f26c-AppendLogResponseHandler: Failed appendEntries: org.apache.ratis.thirdparty.io.grpc.StatusRuntimeException: CANCELLED: HTTP/2 error code: CANCEL
Received Rst Stream
2019-10-15 16:01:24,514 [grpc-default-executor-6] INFO  impl.FollowerInfo (FollowerInfo.java:lambda$new$0(51)) - 2927af6d-ca2a-40e1-b66d-bb9b2759d3f4@group-3F7D09197A50->957624b1-130b-40b6-b716-6996dbe1f26c: nextIndex: updateUnconditionally 1 -> 0
2019-10-15 16:01:24,514 [ForkJoinPool.commonPool-worker-0] INFO  server.GrpcService (GrpcService.java:closeImpl(172)) - 957624b1-130b-40b6-b716-6996dbe1f26c: shutdown server with port 35608 successfully
2019-10-15 16:01:24,520 [refreshUsed-/workdir/hadoop-ozone/integration-test/target/test-dir/MiniOzoneClusterImpl-db5d02a6-340f-494d-b00e-bf4b2df0003c/datanode-2/data/containers] WARN  fs.CachingGetSpaceUsed (CachingGetSpaceUsed.java:run(183)) - Thread Interrupted waiting to refresh disk information: sleep interrupted
2019-10-15 16:01:24,533 [ForkJoinPool.commonPool-worker-0] INFO  utils.BackgroundService (BackgroundService.java:shutdown(151)) - Shutting down service BlockDeletingService
2019-10-15 16:01:24,560 [ForkJoinPool.commonPool-worker-0] INFO  statemachine.DatanodeStateMachine (DatanodeStateMachine.java:stopDaemon(395)) - Ozone container server stopped.
2019-10-15 16:01:24,567 [ForkJoinPool.commonPool-worker-0] INFO  handler.ContextHandler (ContextHandler.java:doStop(910)) - Stopped o.e.j.w.WebAppContext@4c176ff1{/,null,UNAVAILABLE}{/hddsDatanode}
2019-10-15 16:01:24,568 [ForkJoinPool.commonPool-worker-0] INFO  server.AbstractConnector (AbstractConnector.java:doStop(318)) - Stopped ServerConnector@27c53c32{HTTP/1.1,[http/1.1]}{0.0.0.0:0}
2019-10-15 16:01:24,571 [ForkJoinPool.commonPool-worker-0] INFO  handler.ContextHandler (ContextHandler.java:doStop(910)) - Stopped o.e.j.s.ServletContextHandler@3e9beef2{/static,jar:file:/home/user/.m2/repository/org/apache/hadoop/hadoop-hdds-container-service/0.5.0-SNAPSHOT/hadoop-hdds-container-service-0.5.0-SNAPSHOT.jar!/webapps/static,UNAVAILABLE}
2019-10-15 16:01:24,573 [ForkJoinPool.commonPool-worker-0] INFO  handler.ContextHandler (ContextHandler.java:doStop(910)) - Stopped o.e.j.s.ServletContextHandler@1b30a54e{/logs,file:///workdir/hadoop-ozone/integration-test/target/log,UNAVAILABLE}
2019-10-15 16:01:24,635 [grpc-default-executor-5] WARN  server.GrpcLogAppender (LogUtils.java:warn(134)) - 654dc4fd-4a53-4d66-800b-5d0101b478e0@group-1CFD3FDF58A3->a01d9800-12e3-4ec3-b51e-50c1eb51d5a4-AppendLogResponseHandler: Failed appendEntries: org.apache.ratis.thirdparty.io.grpc.StatusRuntimeException: UNAVAILABLE: io exception
2019-10-15 16:01:24,635 [grpc-default-executor-5] INFO  impl.FollowerInfo (FollowerInfo.java:lambda$new$0(51)) - 654dc4fd-4a53-4d66-800b-5d0101b478e0@group-1CFD3FDF58A3->a01d9800-12e3-4ec3-b51e-50c1eb51d5a4: nextIndex: updateUnconditionally 0 -> 0
2019-10-15 16:01:24,658 [grpc-default-executor-6] WARN  server.GrpcLogAppender (LogUtils.java:warn(134)) - 2927af6d-ca2a-40e1-b66d-bb9b2759d3f4@group-3F7D09197A50->957624b1-130b-40b6-b716-6996dbe1f26c-AppendLogResponseHandler: Failed appendEntries: org.apache.ratis.thirdparty.io.grpc.StatusRuntimeException: UNAVAILABLE: io exception
2019-10-15 16:01:24,658 [grpc-default-executor-6] INFO  impl.FollowerInfo (FollowerInfo.java:lambda$new$0(51)) - 2927af6d-ca2a-40e1-b66d-bb9b2759d3f4@group-3F7D09197A50->957624b1-130b-40b6-b716-6996dbe1f26c: nextIndex: updateUnconditionally 0 -> 0
2019-10-15 16:01:24,800 [e2095ed4-6e7f-4ca6-8a9b-1989176657a6@group-C4DA4798FEA9-StateMachineUpdater] INFO  ratis.ContainerStateMachine (ContainerStateMachine.java:takeSnapshot(305)) - group-C4DA4798FEA9: Finished taking a snapshot at:(t:1, i:3) file:/workdir/hadoop-ozone/integration-test/target/test-dir/MiniOzoneClusterImpl-db5d02a6-340f-494d-b00e-bf4b2df0003c/datanode-5/data/ratis/91036be7-ad1c-4b0c-9f77-c4da4798fea9/sm/snapshot.1_3 time:296
2019-10-15 16:01:24,801 [e2095ed4-6e7f-4ca6-8a9b-1989176657a6@group-C4DA4798FEA9-StateMachineUpdater] INFO  impl.StateMachineUpdater (StateMachineUpdater.java:takeSnapshot(269)) - e2095ed4-6e7f-4ca6-8a9b-1989176657a6@group-C4DA4798FEA9-StateMachineUpdater: Took a snapshot at index 3
2019-10-15 16:01:24,801 [e2095ed4-6e7f-4ca6-8a9b-1989176657a6@group-C4DA4798FEA9-StateMachineUpdater] INFO  impl.StateMachineUpdater (StateMachineUpdater.java:lambda$new$0(84)) - e2095ed4-6e7f-4ca6-8a9b-1989176657a6@group-C4DA4798FEA9-StateMachineUpdater: snapshotIndex: updateIncreasingly -1 -> 3
2019-10-15 16:01:24,801 [e2095ed4-6e7f-4ca6-8a9b-1989176657a6@group-C4DA4798FEA9-StateMachineUpdater] INFO  ratis.ContainerStateMachine (ContainerStateMachine.java:takeSnapshot(294)) - group-C4DA4798FEA9: Taking a snapshot at:(t:1, i:3) file /workdir/hadoop-ozone/integration-test/target/test-dir/MiniOzoneClusterImpl-db5d02a6-340f-494d-b00e-bf4b2df0003c/datanode-5/data/ratis/91036be7-ad1c-4b0c-9f77-c4da4798fea9/sm/snapshot.1_3
2019-10-15 16:01:24,811 [e2095ed4-6e7f-4ca6-8a9b-1989176657a6@group-C4DA4798FEA9-StateMachineUpdater] INFO  ratis.ContainerStateMachine (ContainerStateMachine.java:takeSnapshot(305)) - group-C4DA4798FEA9: Finished taking a snapshot at:(t:1, i:3) file:/workdir/hadoop-ozone/integration-test/target/test-dir/MiniOzoneClusterImpl-db5d02a6-340f-494d-b00e-bf4b2df0003c/datanode-5/data/ratis/91036be7-ad1c-4b0c-9f77-c4da4798fea9/sm/snapshot.1_3 time:10
2019-10-15 16:01:24,811 [e2095ed4-6e7f-4ca6-8a9b-1989176657a6@group-C4DA4798FEA9-StateMachineUpdater] INFO  impl.StateMachineUpdater (StateMachineUpdater.java:takeSnapshot(269)) - e2095ed4-6e7f-4ca6-8a9b-1989176657a6@group-C4DA4798FEA9-StateMachineUpdater: Took a snapshot at index 3
2019-10-15 16:01:24,812 [e2095ed4-6e7f-4ca6-8a9b-1989176657a6@group-C4DA4798FEA9-StateMachineUpdater] INFO  impl.StateMachineUpdater (StateMachineUpdater.java:lambda$new$0(84)) - e2095ed4-6e7f-4ca6-8a9b-1989176657a6@group-C4DA4798FEA9-StateMachineUpdater: snapshotIndex: updateIncreasingly 3 -> 3
2019-10-15 16:01:24,812 [main] INFO  impl.RaftServerImpl (ServerState.java:close(387)) - e2095ed4-6e7f-4ca6-8a9b-1989176657a6@group-C4DA4798FEA9: closes. applyIndex: 4
2019-10-15 16:01:24,813 [e2095ed4-6e7f-4ca6-8a9b-1989176657a6@group-C4DA4798FEA9-SegmentedRaftLogWorker] INFO  segmented.SegmentedRaftLogWorker (SegmentedRaftLogWorker.java:run(316)) - e2095ed4-6e7f-4ca6-8a9b-1989176657a6@group-C4DA4798FEA9-SegmentedRaftLogWorker was interrupted, exiting. There are 0 tasks remaining in the queue.
2019-10-15 16:01:24,816 [main] INFO  segmented.SegmentedRaftLogWorker (SegmentedRaftLogWorker.java:close(224)) - e2095ed4-6e7f-4ca6-8a9b-1989176657a6@group-C4DA4798FEA9-SegmentedRaftLogWorker close()
2019-10-15 16:01:24,821 [main] INFO  server.GrpcService (GrpcService.java:closeImpl(164)) - e2095ed4-6e7f-4ca6-8a9b-1989176657a6: shutdown server with port 46726 now
2019-10-15 16:01:24,822 [grpc-default-executor-5] WARN  server.GrpcServerProtocolService (LogUtils.java:warn(134)) - e2095ed4-6e7f-4ca6-8a9b-1989176657a6: installSnapshot onError, lastRequest: b35b7e43-25db-42e2-b325-3149b7a1b771->e2095ed4-6e7f-4ca6-8a9b-1989176657a6#81-t1, previous=(t:1, i:4), leaderCommit=4, initializing? false, entries: <empty>: org.apache.ratis.thirdparty.io.grpc.StatusRuntimeException: CANCELLED: cancelled before receiving half close
2019-10-15 16:01:24,822 [grpc-default-executor-2] WARN  server.GrpcLogAppender (LogUtils.java:warn(134)) - b35b7e43-25db-42e2-b325-3149b7a1b771@group-C4DA4798FEA9->e2095ed4-6e7f-4ca6-8a9b-1989176657a6-AppendLogResponseHandler: Failed appendEntries: org.apache.ratis.thirdparty.io.grpc.StatusRuntimeException: CANCELLED: HTTP/2 error code: CANCEL
Received Rst Stream
2019-10-15 16:01:24,822 [main] INFO  server.GrpcService (GrpcService.java:closeImpl(172)) - e2095ed4-6e7f-4ca6-8a9b-1989176657a6: shutdown server with port 46726 successfully
2019-10-15 16:01:24,822 [grpc-default-executor-2] INFO  impl.FollowerInfo (FollowerInfo.java:lambda$new$0(51)) - b35b7e43-25db-42e2-b325-3149b7a1b771@group-C4DA4798FEA9->e2095ed4-6e7f-4ca6-8a9b-1989176657a6: nextIndex: updateUnconditionally 5 -> 4
2019-10-15 16:01:24,824 [refreshUsed-/workdir/hadoop-ozone/integration-test/target/test-dir/MiniOzoneClusterImpl-db5d02a6-340f-494d-b00e-bf4b2df0003c/datanode-5/data/containers] WARN  fs.CachingGetSpaceUsed (CachingGetSpaceUsed.java:run(183)) - Thread Interrupted waiting to refresh disk information: sleep interrupted
2019-10-15 16:01:24,839 [main] INFO  utils.BackgroundService (BackgroundService.java:shutdown(151)) - Shutting down service BlockDeletingService
2019-10-15 16:01:24,842 [main] INFO  statemachine.DatanodeStateMachine (DatanodeStateMachine.java:stopDaemon(395)) - Ozone container server stopped.
2019-10-15 16:01:24,843 [main] INFO  handler.ContextHandler (ContextHandler.java:doStop(910)) - Stopped o.e.j.w.WebAppContext@76a6f045{/,null,UNAVAILABLE}{/hddsDatanode}
2019-10-15 16:01:24,844 [main] INFO  server.AbstractConnector (AbstractConnector.java:doStop(318)) - Stopped ServerConnector@633ddc0c{HTTP/1.1,[http/1.1]}{0.0.0.0:0}
2019-10-15 16:01:24,844 [main] INFO  handler.ContextHandler (ContextHandler.java:doStop(910)) - Stopped o.e.j.s.ServletContextHandler@370c7cc5{/static,jar:file:/home/user/.m2/repository/org/apache/hadoop/hadoop-hdds-container-service/0.5.0-SNAPSHOT/hadoop-hdds-container-service-0.5.0-SNAPSHOT.jar!/webapps/static,UNAVAILABLE}
2019-10-15 16:01:24,844 [main] INFO  handler.ContextHandler (ContextHandler.java:doStop(910)) - Stopped o.e.j.s.ServletContextHandler@7ab63838{/logs,file:///workdir/hadoop-ozone/integration-test/target/log,UNAVAILABLE}
2019-10-15 16:01:24,955 [grpc-default-executor-2] WARN  server.GrpcLogAppender (LogUtils.java:warn(134)) - b35b7e43-25db-42e2-b325-3149b7a1b771@group-C4DA4798FEA9->e2095ed4-6e7f-4ca6-8a9b-1989176657a6-AppendLogResponseHandler: Failed appendEntries: org.apache.ratis.thirdparty.io.grpc.StatusRuntimeException: UNAVAILABLE: io exception
2019-10-15 16:01:24,956 [grpc-default-executor-2] INFO  impl.FollowerInfo (FollowerInfo.java:lambda$new$0(51)) - b35b7e43-25db-42e2-b325-3149b7a1b771@group-C4DA4798FEA9->e2095ed4-6e7f-4ca6-8a9b-1989176657a6: nextIndex: updateUnconditionally 4 -> 3
2019-10-15 16:01:25,120 [Datanode State Machine Thread - 0] INFO  statemachine.DatanodeStateMachine (DatanodeStateMachine.java:lambda$startDaemon$0(350)) - Ozone container server started.
2019-10-15 16:01:25,135 [grpc-default-executor-6] WARN  server.GrpcLogAppender (LogUtils.java:warn(134)) - 654dc4fd-4a53-4d66-800b-5d0101b478e0@group-1CFD3FDF58A3->a01d9800-12e3-4ec3-b51e-50c1eb51d5a4-AppendLogResponseHandler: Failed appendEntries: org.apache.ratis.thirdparty.io.grpc.StatusRuntimeException: UNAVAILABLE: io exception
2019-10-15 16:01:25,136 [grpc-default-executor-6] INFO  impl.FollowerInfo (FollowerInfo.java:lambda$new$0(51)) - 654dc4fd-4a53-4d66-800b-5d0101b478e0@group-1CFD3FDF58A3->a01d9800-12e3-4ec3-b51e-50c1eb51d5a4: nextIndex: updateUnconditionally 0 -> 0
2019-10-15 16:01:25,158 [grpc-default-executor-5] WARN  server.GrpcLogAppender (LogUtils.java:warn(134)) - 2927af6d-ca2a-40e1-b66d-bb9b2759d3f4@group-3F7D09197A50->957624b1-130b-40b6-b716-6996dbe1f26c-AppendLogResponseHandler: Failed appendEntries: org.apache.ratis.thirdparty.io.grpc.StatusRuntimeException: UNAVAILABLE: io exception
2019-10-15 16:01:25,159 [grpc-default-executor-5] INFO  impl.FollowerInfo (FollowerInfo.java:lambda$new$0(51)) - 2927af6d-ca2a-40e1-b66d-bb9b2759d3f4@group-3F7D09197A50->957624b1-130b-40b6-b716-6996dbe1f26c: nextIndex: updateUnconditionally 0 -> 0
2019-10-15 16:01:25,400 [Datanode State Machine Thread - 0] INFO  statemachine.DatanodeStateMachine (DatanodeStateMachine.java:lambda$startDaemon$0(350)) - Ozone container server started.
2019-10-15 16:01:25,456 [grpc-default-executor-2] WARN  server.GrpcLogAppender (LogUtils.java:warn(134)) - b35b7e43-25db-42e2-b325-3149b7a1b771@group-C4DA4798FEA9->e2095ed4-6e7f-4ca6-8a9b-1989176657a6-AppendLogResponseHandler: Failed appendEntries: org.apache.ratis.thirdparty.io.grpc.StatusRuntimeException: UNAVAILABLE: io exception
2019-10-15 16:01:25,456 [grpc-default-executor-2] INFO  impl.FollowerInfo (FollowerInfo.java:lambda$new$0(51)) - b35b7e43-25db-42e2-b325-3149b7a1b771@group-C4DA4798FEA9->e2095ed4-6e7f-4ca6-8a9b-1989176657a6: nextIndex: updateUnconditionally 3 -> 2
2019-10-15 16:01:25,636 [grpc-default-executor-6] WARN  server.GrpcLogAppender (LogUtils.java:warn(134)) - 654dc4fd-4a53-4d66-800b-5d0101b478e0@group-1CFD3FDF58A3->a01d9800-12e3-4ec3-b51e-50c1eb51d5a4-AppendLogResponseHandler: Failed appendEntries: org.apache.ratis.thirdparty.io.grpc.StatusRuntimeException: UNAVAILABLE: io exception
2019-10-15 16:01:25,636 [grpc-default-executor-6] INFO  impl.FollowerInfo (FollowerInfo.java:lambda$new$0(51)) - 654dc4fd-4a53-4d66-800b-5d0101b478e0@group-1CFD3FDF58A3->a01d9800-12e3-4ec3-b51e-50c1eb51d5a4: nextIndex: updateUnconditionally 0 -> 0
2019-10-15 16:01:25,658 [grpc-default-executor-6] WARN  server.GrpcLogAppender (LogUtils.java:warn(134)) - 2927af6d-ca2a-40e1-b66d-bb9b2759d3f4@group-3F7D09197A50->957624b1-130b-40b6-b716-6996dbe1f26c-AppendLogResponseHandler: Failed appendEntries: org.apache.ratis.thirdparty.io.grpc.StatusRuntimeException: UNAVAILABLE: io exception
2019-10-15 16:01:25,659 [grpc-default-executor-6] INFO  impl.FollowerInfo (FollowerInfo.java:lambda$new$0(51)) - 2927af6d-ca2a-40e1-b66d-bb9b2759d3f4@group-3F7D09197A50->957624b1-130b-40b6-b716-6996dbe1f26c: nextIndex: updateUnconditionally 0 -> 0
2019-10-15 16:01:25,956 [grpc-default-executor-5] WARN  server.GrpcLogAppender (LogUtils.java:warn(134)) - b35b7e43-25db-42e2-b325-3149b7a1b771@group-C4DA4798FEA9->e2095ed4-6e7f-4ca6-8a9b-1989176657a6-AppendLogResponseHandler: Failed appendEntries: org.apache.ratis.thirdparty.io.grpc.StatusRuntimeException: UNAVAILABLE: io exception
2019-10-15 16:01:25,957 [grpc-default-executor-5] INFO  impl.FollowerInfo (FollowerInfo.java:lambda$new$0(51)) - b35b7e43-25db-42e2-b325-3149b7a1b771@group-C4DA4798FEA9->e2095ed4-6e7f-4ca6-8a9b-1989176657a6: nextIndex: updateUnconditionally 2 -> 1
2019-10-15 16:01:26,136 [grpc-default-executor-2] WARN  server.GrpcLogAppender (LogUtils.java:warn(134)) - 654dc4fd-4a53-4d66-800b-5d0101b478e0@group-1CFD3FDF58A3->a01d9800-12e3-4ec3-b51e-50c1eb51d5a4-AppendLogResponseHandler: Failed appendEntries: org.apache.ratis.thirdparty.io.grpc.StatusRuntimeException: UNAVAILABLE: io exception
2019-10-15 16:01:26,136 [grpc-default-executor-2] INFO  impl.FollowerInfo (FollowerInfo.java:lambda$new$0(51)) - 654dc4fd-4a53-4d66-800b-5d0101b478e0@group-1CFD3FDF58A3->a01d9800-12e3-4ec3-b51e-50c1eb51d5a4: nextIndex: updateUnconditionally 0 -> 0
2019-10-15 16:01:26,159 [grpc-default-executor-6] WARN  server.GrpcLogAppender (LogUtils.java:warn(134)) - 2927af6d-ca2a-40e1-b66d-bb9b2759d3f4@group-3F7D09197A50->957624b1-130b-40b6-b716-6996dbe1f26c-AppendLogResponseHandler: Failed appendEntries: org.apache.ratis.thirdparty.io.grpc.StatusRuntimeException: UNAVAILABLE: io exception
2019-10-15 16:01:26,159 [grpc-default-executor-6] INFO  impl.FollowerInfo (FollowerInfo.java:lambda$new$0(51)) - 2927af6d-ca2a-40e1-b66d-bb9b2759d3f4@group-3F7D09197A50->957624b1-130b-40b6-b716-6996dbe1f26c: nextIndex: updateUnconditionally 0 -> 0
2019-10-15 16:01:26,457 [grpc-default-executor-5] WARN  server.GrpcLogAppender (LogUtils.java:warn(134)) - b35b7e43-25db-42e2-b325-3149b7a1b771@group-C4DA4798FEA9->e2095ed4-6e7f-4ca6-8a9b-1989176657a6-AppendLogResponseHandler: Failed appendEntries: org.apache.ratis.thirdparty.io.grpc.StatusRuntimeException: UNAVAILABLE: io exception
2019-10-15 16:01:26,457 [grpc-default-executor-5] INFO  impl.FollowerInfo (FollowerInfo.java:lambda$new$0(51)) - b35b7e43-25db-42e2-b325-3149b7a1b771@group-C4DA4798FEA9->e2095ed4-6e7f-4ca6-8a9b-1989176657a6: nextIndex: updateUnconditionally 1 -> 0
2019-10-15 16:01:26,637 [grpc-default-executor-2] WARN  server.GrpcLogAppender (LogUtils.java:warn(134)) - 654dc4fd-4a53-4d66-800b-5d0101b478e0@group-1CFD3FDF58A3->a01d9800-12e3-4ec3-b51e-50c1eb51d5a4-AppendLogResponseHandler: Failed appendEntries: org.apache.ratis.thirdparty.io.grpc.StatusRuntimeException: UNAVAILABLE: io exception
2019-10-15 16:01:26,637 [grpc-default-executor-2] INFO  impl.FollowerInfo (FollowerInfo.java:lambda$new$0(51)) - 654dc4fd-4a53-4d66-800b-5d0101b478e0@group-1CFD3FDF58A3->a01d9800-12e3-4ec3-b51e-50c1eb51d5a4: nextIndex: updateUnconditionally 0 -> 0
2019-10-15 16:01:26,659 [grpc-default-executor-6] WARN  server.GrpcLogAppender (LogUtils.java:warn(134)) - 2927af6d-ca2a-40e1-b66d-bb9b2759d3f4@group-3F7D09197A50->957624b1-130b-40b6-b716-6996dbe1f26c-AppendLogResponseHandler: Failed appendEntries: org.apache.ratis.thirdparty.io.grpc.StatusRuntimeException: UNAVAILABLE: io exception
2019-10-15 16:01:26,660 [grpc-default-executor-6] INFO  impl.FollowerInfo (FollowerInfo.java:lambda$new$0(51)) - 2927af6d-ca2a-40e1-b66d-bb9b2759d3f4@group-3F7D09197A50->957624b1-130b-40b6-b716-6996dbe1f26c: nextIndex: updateUnconditionally 0 -> 0
2019-10-15 16:01:26,957 [grpc-default-executor-5] WARN  server.GrpcLogAppender (LogUtils.java:warn(134)) - b35b7e43-25db-42e2-b325-3149b7a1b771@group-C4DA4798FEA9->e2095ed4-6e7f-4ca6-8a9b-1989176657a6-AppendLogResponseHandler: Failed appendEntries: org.apache.ratis.thirdparty.io.grpc.StatusRuntimeException: UNAVAILABLE: io exception
2019-10-15 16:01:26,958 [grpc-default-executor-5] INFO  impl.FollowerInfo (FollowerInfo.java:lambda$new$0(51)) - b35b7e43-25db-42e2-b325-3149b7a1b771@group-C4DA4798FEA9->e2095ed4-6e7f-4ca6-8a9b-1989176657a6: nextIndex: updateUnconditionally 0 -> 0
2019-10-15 16:01:27,137 [grpc-default-executor-2] WARN  server.GrpcLogAppender (LogUtils.java:warn(134)) - 654dc4fd-4a53-4d66-800b-5d0101b478e0@group-1CFD3FDF58A3->a01d9800-12e3-4ec3-b51e-50c1eb51d5a4-AppendLogResponseHandler: Failed appendEntries: org.apache.ratis.thirdparty.io.grpc.StatusRuntimeException: UNAVAILABLE: io exception
2019-10-15 16:01:27,137 [grpc-default-executor-2] INFO  impl.FollowerInfo (FollowerInfo.java:lambda$new$0(51)) - 654dc4fd-4a53-4d66-800b-5d0101b478e0@group-1CFD3FDF58A3->a01d9800-12e3-4ec3-b51e-50c1eb51d5a4: nextIndex: updateUnconditionally 0 -> 0
2019-10-15 16:01:27,159 [grpc-default-executor-6] WARN  server.GrpcLogAppender (LogUtils.java:warn(134)) - 2927af6d-ca2a-40e1-b66d-bb9b2759d3f4@group-3F7D09197A50->957624b1-130b-40b6-b716-6996dbe1f26c-AppendLogResponseHandler: Failed appendEntries: org.apache.ratis.thirdparty.io.grpc.StatusRuntimeException: UNAVAILABLE: io exception
2019-10-15 16:01:27,159 [grpc-default-executor-6] INFO  impl.FollowerInfo (FollowerInfo.java:lambda$new$0(51)) - 2927af6d-ca2a-40e1-b66d-bb9b2759d3f4@group-3F7D09197A50->957624b1-130b-40b6-b716-6996dbe1f26c: nextIndex: updateUnconditionally 0 -> 0
2019-10-15 16:01:27,458 [grpc-default-executor-2] WARN  server.GrpcLogAppender (LogUtils.java:warn(134)) - b35b7e43-25db-42e2-b325-3149b7a1b771@group-C4DA4798FEA9->e2095ed4-6e7f-4ca6-8a9b-1989176657a6-AppendLogResponseHandler: Failed appendEntries: org.apache.ratis.thirdparty.io.grpc.StatusRuntimeException: UNAVAILABLE: io exception
2019-10-15 16:01:27,458 [grpc-default-executor-2] INFO  impl.FollowerInfo (FollowerInfo.java:lambda$new$0(51)) - b35b7e43-25db-42e2-b325-3149b7a1b771@group-C4DA4798FEA9->e2095ed4-6e7f-4ca6-8a9b-1989176657a6: nextIndex: updateUnconditionally 0 -> 0
2019-10-15 16:01:27,639 [grpc-default-executor-2] WARN  server.GrpcLogAppender (LogUtils.java:warn(134)) - 654dc4fd-4a53-4d66-800b-5d0101b478e0@group-1CFD3FDF58A3->a01d9800-12e3-4ec3-b51e-50c1eb51d5a4-AppendLogResponseHandler: Failed appendEntries: org.apache.ratis.thirdparty.io.grpc.StatusRuntimeException: UNAVAILABLE: io exception
2019-10-15 16:01:27,640 [grpc-default-executor-2] INFO  impl.FollowerInfo (FollowerInfo.java:lambda$new$0(51)) - 654dc4fd-4a53-4d66-800b-5d0101b478e0@group-1CFD3FDF58A3->a01d9800-12e3-4ec3-b51e-50c1eb51d5a4: nextIndex: updateUnconditionally 0 -> 0
2019-10-15 16:01:27,660 [grpc-default-executor-2] WARN  server.GrpcLogAppender (LogUtils.java:warn(134)) - 2927af6d-ca2a-40e1-b66d-bb9b2759d3f4@group-3F7D09197A50->957624b1-130b-40b6-b716-6996dbe1f26c-AppendLogResponseHandler: Failed appendEntries: org.apache.ratis.thirdparty.io.grpc.StatusRuntimeException: UNAVAILABLE: io exception
2019-10-15 16:01:27,660 [grpc-default-executor-2] INFO  impl.FollowerInfo (FollowerInfo.java:lambda$new$0(51)) - 2927af6d-ca2a-40e1-b66d-bb9b2759d3f4@group-3F7D09197A50->957624b1-130b-40b6-b716-6996dbe1f26c: nextIndex: updateUnconditionally 0 -> 0
2019-10-15 16:01:27,959 [grpc-default-executor-5] WARN  server.GrpcLogAppender (LogUtils.java:warn(134)) - b35b7e43-25db-42e2-b325-3149b7a1b771@group-C4DA4798FEA9->e2095ed4-6e7f-4ca6-8a9b-1989176657a6-AppendLogResponseHandler: Failed appendEntries: org.apache.ratis.thirdparty.io.grpc.StatusRuntimeException: UNAVAILABLE: io exception
2019-10-15 16:01:27,959 [grpc-default-executor-5] INFO  impl.FollowerInfo (FollowerInfo.java:lambda$new$0(51)) - b35b7e43-25db-42e2-b325-3149b7a1b771@group-C4DA4798FEA9->e2095ed4-6e7f-4ca6-8a9b-1989176657a6: nextIndex: updateUnconditionally 0 -> 0
2019-10-15 16:01:28,138 [grpc-default-executor-6] WARN  server.GrpcLogAppender (LogUtils.java:warn(134)) - 654dc4fd-4a53-4d66-800b-5d0101b478e0@group-1CFD3FDF58A3->a01d9800-12e3-4ec3-b51e-50c1eb51d5a4-AppendLogResponseHandler: Failed appendEntries: org.apache.ratis.thirdparty.io.grpc.StatusRuntimeException: UNAVAILABLE: io exception
2019-10-15 16:01:28,139 [grpc-default-executor-6] INFO  impl.FollowerInfo (FollowerInfo.java:lambda$new$0(51)) - 654dc4fd-4a53-4d66-800b-5d0101b478e0@group-1CFD3FDF58A3->a01d9800-12e3-4ec3-b51e-50c1eb51d5a4: nextIndex: updateUnconditionally 0 -> 0
2019-10-15 16:01:28,160 [grpc-default-executor-6] WARN  server.GrpcLogAppender (LogUtils.java:warn(134)) - 2927af6d-ca2a-40e1-b66d-bb9b2759d3f4@group-3F7D09197A50->957624b1-130b-40b6-b716-6996dbe1f26c-AppendLogResponseHandler: Failed appendEntries: org.apache.ratis.thirdparty.io.grpc.StatusRuntimeException: UNAVAILABLE: io exception
2019-10-15 16:01:28,160 [grpc-default-executor-6] INFO  impl.FollowerInfo (FollowerInfo.java:lambda$new$0(51)) - 2927af6d-ca2a-40e1-b66d-bb9b2759d3f4@group-3F7D09197A50->957624b1-130b-40b6-b716-6996dbe1f26c: nextIndex: updateUnconditionally 0 -> 0
2019-10-15 16:01:28,459 [grpc-default-executor-2] WARN  server.GrpcLogAppender (LogUtils.java:warn(134)) - b35b7e43-25db-42e2-b325-3149b7a1b771@group-C4DA4798FEA9->e2095ed4-6e7f-4ca6-8a9b-1989176657a6-AppendLogResponseHandler: Failed appendEntries: org.apache.ratis.thirdparty.io.grpc.StatusRuntimeException: UNAVAILABLE: io exception
2019-10-15 16:01:28,459 [grpc-default-executor-2] INFO  impl.FollowerInfo (FollowerInfo.java:lambda$new$0(51)) - b35b7e43-25db-42e2-b325-3149b7a1b771@group-C4DA4798FEA9->e2095ed4-6e7f-4ca6-8a9b-1989176657a6: nextIndex: updateUnconditionally 0 -> 0
2019-10-15 16:01:28,584 [Thread-4070] INFO  client.GrpcClientProtocolService (GrpcClientProtocolService.java:lambda$processClientRequest$0(278)) - Failed RaftClientRequest:client-07B563E404D8->654dc4fd-4a53-4d66-800b-5d0101b478e0@group-1CFD3FDF58A3, cid=128, seq=0, Watch-ALL_COMMITTED(11), Message:<EMPTY>, reply=RaftClientReply:client-07B563E404D8->654dc4fd-4a53-4d66-800b-5d0101b478e0@group-1CFD3FDF58A3, cid=128, FAILED org.apache.ratis.protocol.NotReplicatedException: Request with call Id 128 and log index 11 is not yet replicated to ALL_COMMITTED, logIndex=11, commits[654dc4fd-4a53-4d66-800b-5d0101b478e0:c13, 68ed38f4-9c13-4e57-963b-0ddf8b5864a6:c13, a01d9800-12e3-4ec3-b51e-50c1eb51d5a4:c4]
2019-10-15 16:01:28,639 [grpc-default-executor-5] WARN  server.GrpcLogAppender (LogUtils.java:warn(134)) - 654dc4fd-4a53-4d66-800b-5d0101b478e0@group-1CFD3FDF58A3->a01d9800-12e3-4ec3-b51e-50c1eb51d5a4-AppendLogResponseHandler: Failed appendEntries: org.apache.ratis.thirdparty.io.grpc.StatusRuntimeException: UNAVAILABLE: io exception
2019-10-15 16:01:28,639 [grpc-default-executor-5] INFO  impl.FollowerInfo (FollowerInfo.java:lambda$new$0(51)) - 654dc4fd-4a53-4d66-800b-5d0101b478e0@group-1CFD3FDF58A3->a01d9800-12e3-4ec3-b51e-50c1eb51d5a4: nextIndex: updateUnconditionally 0 -> 0
2019-10-15 16:01:28,661 [grpc-default-executor-6] WARN  server.GrpcLogAppender (LogUtils.java:warn(134)) - 2927af6d-ca2a-40e1-b66d-bb9b2759d3f4@group-3F7D09197A50->957624b1-130b-40b6-b716-6996dbe1f26c-AppendLogResponseHandler: Failed appendEntries: org.apache.ratis.thirdparty.io.grpc.StatusRuntimeException: UNAVAILABLE: io exception
2019-10-15 16:01:28,662 [grpc-default-executor-6] INFO  impl.FollowerInfo (FollowerInfo.java:lambda$new$0(51)) - 2927af6d-ca2a-40e1-b66d-bb9b2759d3f4@group-3F7D09197A50->957624b1-130b-40b6-b716-6996dbe1f26c: nextIndex: updateUnconditionally 0 -> 0
2019-10-15 16:01:28,959 [grpc-default-executor-2] WARN  server.GrpcLogAppender (LogUtils.java:warn(134)) - b35b7e43-25db-42e2-b325-3149b7a1b771@group-C4DA4798FEA9->e2095ed4-6e7f-4ca6-8a9b-1989176657a6-AppendLogResponseHandler: Failed appendEntries: org.apache.ratis.thirdparty.io.grpc.StatusRuntimeException: UNAVAILABLE: io exception
2019-10-15 16:01:28,960 [grpc-default-executor-2] INFO  impl.FollowerInfo (FollowerInfo.java:lambda$new$0(51)) - b35b7e43-25db-42e2-b325-3149b7a1b771@group-C4DA4798FEA9->e2095ed4-6e7f-4ca6-8a9b-1989176657a6: nextIndex: updateUnconditionally 0 -> 0
2019-10-15 16:01:29,140 [grpc-default-executor-2] WARN  server.GrpcLogAppender (LogUtils.java:warn(134)) - 654dc4fd-4a53-4d66-800b-5d0101b478e0@group-1CFD3FDF58A3->a01d9800-12e3-4ec3-b51e-50c1eb51d5a4-AppendLogResponseHandler: Failed appendEntries: org.apache.ratis.thirdparty.io.grpc.StatusRuntimeException: UNAVAILABLE: io exception
2019-10-15 16:01:29,140 [grpc-default-executor-2] INFO  impl.FollowerInfo (FollowerInfo.java:lambda$new$0(51)) - 654dc4fd-4a53-4d66-800b-5d0101b478e0@group-1CFD3FDF58A3->a01d9800-12e3-4ec3-b51e-50c1eb51d5a4: nextIndex: updateUnconditionally 0 -> 0
2019-10-15 16:01:29,161 [grpc-default-executor-2] WARN  server.GrpcLogAppender (LogUtils.java:warn(134)) - 2927af6d-ca2a-40e1-b66d-bb9b2759d3f4@group-3F7D09197A50->957624b1-130b-40b6-b716-6996dbe1f26c-AppendLogResponseHandler: Failed appendEntries: org.apache.ratis.thirdparty.io.grpc.StatusRuntimeException: UNAVAILABLE: io exception
2019-10-15 16:01:29,161 [grpc-default-executor-2] INFO  impl.FollowerInfo (FollowerInfo.java:lambda$new$0(51)) - 2927af6d-ca2a-40e1-b66d-bb9b2759d3f4@group-3F7D09197A50->957624b1-130b-40b6-b716-6996dbe1f26c: nextIndex: updateUnconditionally 0 -> 0
2019-10-15 16:01:29,460 [grpc-default-executor-6] WARN  server.GrpcLogAppender (LogUtils.java:warn(134)) - b35b7e43-25db-42e2-b325-3149b7a1b771@group-C4DA4798FEA9->e2095ed4-6e7f-4ca6-8a9b-1989176657a6-AppendLogResponseHandler: Failed appendEntries: org.apache.ratis.thirdparty.io.grpc.StatusRuntimeException: UNAVAILABLE: io exception
2019-10-15 16:01:29,461 [grpc-default-executor-6] INFO  impl.FollowerInfo (FollowerInfo.java:lambda$new$0(51)) - b35b7e43-25db-42e2-b325-3149b7a1b771@group-C4DA4798FEA9->e2095ed4-6e7f-4ca6-8a9b-1989176657a6: nextIndex: updateUnconditionally 0 -> 0
2019-10-15 16:01:29,575 [ForkJoinPool.commonPool-worker-0] INFO  ozoneimpl.OzoneContainer (OzoneContainer.java:stop(227)) - Attempting to stop container services.
2019-10-15 16:01:29,576 [ForkJoinPool.commonPool-worker-0] INFO  impl.RaftServerProxy (RaftServerProxy.java:lambda$close$4(314)) - 28e55072-d071-4509-bf9d-64087afe3472: close
2019-10-15 16:01:29,576 [ForkJoinPool.commonPool-worker-0] INFO  impl.RaftServerImpl (RaftServerImpl.java:lambda$shutdown$3(247)) - 28e55072-d071-4509-bf9d-64087afe3472@group-C4DA4798FEA9: shutdown
2019-10-15 16:01:29,576 [ForkJoinPool.commonPool-worker-0] INFO  util.JmxRegister (JmxRegister.java:unregister(73)) - Successfully un-registered JMX Bean with object name Ratis:service=RaftServer,group=group-C4DA4798FEA9,id=28e55072-d071-4509-bf9d-64087afe3472
2019-10-15 16:01:29,577 [ForkJoinPool.commonPool-worker-0] INFO  impl.RoleInfo (RoleInfo.java:shutdownFollowerState(121)) - 28e55072-d071-4509-bf9d-64087afe3472: shutdown FollowerState
2019-10-15 16:01:29,577 [ForkJoinPool.commonPool-worker-0] INFO  impl.StateMachineUpdater (StateMachineUpdater.java:stopAndJoin(136)) - 28e55072-d071-4509-bf9d-64087afe3472@group-C4DA4798FEA9-StateMachineUpdater: set stopIndex = 4
2019-10-15 16:01:29,577 [28e55072-d071-4509-bf9d-64087afe3472@group-C4DA4798FEA9-StateMachineUpdater] INFO  ratis.ContainerStateMachine (ContainerStateMachine.java:takeSnapshot(294)) - group-C4DA4798FEA9: Taking a snapshot at:(t:1, i:3) file /workdir/hadoop-ozone/integration-test/target/test-dir/MiniOzoneClusterImpl-db5d02a6-340f-494d-b00e-bf4b2df0003c/datanode-3/data/ratis/91036be7-ad1c-4b0c-9f77-c4da4798fea9/sm/snapshot.1_3
2019-10-15 16:01:29,577 [Thread-3494] INFO  impl.FollowerState (FollowerState.java:run(117)) - 28e55072-d071-4509-bf9d-64087afe3472@group-C4DA4798FEA9-FollowerState was interrupted: java.lang.InterruptedException: sleep interrupted
2019-10-15 16:01:29,584 [Thread-4077] INFO  client.GrpcClientProtocolService (GrpcClientProtocolService.java:lambda$processClientRequest$0(278)) - Failed RaftClientRequest:client-07B563E404D8->654dc4fd-4a53-4d66-800b-5d0101b478e0@group-1CFD3FDF58A3, cid=126, seq=0, Watch-ALL_COMMITTED(9), Message:<EMPTY>, reply=RaftClientReply:client-07B563E404D8->654dc4fd-4a53-4d66-800b-5d0101b478e0@group-1CFD3FDF58A3, cid=126, FAILED org.apache.ratis.protocol.NotReplicatedException: Request with call Id 126 and log index 9 is not yet replicated to ALL_COMMITTED, logIndex=9, commits[654dc4fd-4a53-4d66-800b-5d0101b478e0:c13, 68ed38f4-9c13-4e57-963b-0ddf8b5864a6:c13, a01d9800-12e3-4ec3-b51e-50c1eb51d5a4:c4]
2019-10-15 16:01:29,601 [28e55072-d071-4509-bf9d-64087afe3472@group-C4DA4798FEA9-StateMachineUpdater] INFO  ratis.ContainerStateMachine (ContainerStateMachine.java:takeSnapshot(305)) - group-C4DA4798FEA9: Finished taking a snapshot at:(t:1, i:3) file:/workdir/hadoop-ozone/integration-test/target/test-dir/MiniOzoneClusterImpl-db5d02a6-340f-494d-b00e-bf4b2df0003c/datanode-3/data/ratis/91036be7-ad1c-4b0c-9f77-c4da4798fea9/sm/snapshot.1_3 time:24
2019-10-15 16:01:29,602 [28e55072-d071-4509-bf9d-64087afe3472@group-C4DA4798FEA9-StateMachineUpdater] INFO  impl.StateMachineUpdater (StateMachineUpdater.java:takeSnapshot(269)) - 28e55072-d071-4509-bf9d-64087afe3472@group-C4DA4798FEA9-StateMachineUpdater: Took a snapshot at index 3
2019-10-15 16:01:29,602 [28e55072-d071-4509-bf9d-64087afe3472@group-C4DA4798FEA9-StateMachineUpdater] INFO  impl.StateMachineUpdater (StateMachineUpdater.java:lambda$new$0(84)) - 28e55072-d071-4509-bf9d-64087afe3472@group-C4DA4798FEA9-StateMachineUpdater: snapshotIndex: updateIncreasingly -1 -> 3
2019-10-15 16:01:29,602 [28e55072-d071-4509-bf9d-64087afe3472@group-C4DA4798FEA9-StateMachineUpdater] INFO  ratis.ContainerStateMachine (ContainerStateMachine.java:takeSnapshot(294)) - group-C4DA4798FEA9: Taking a snapshot at:(t:1, i:3) file /workdir/hadoop-ozone/integration-test/target/test-dir/MiniOzoneClusterImpl-db5d02a6-340f-494d-b00e-bf4b2df0003c/datanode-3/data/ratis/91036be7-ad1c-4b0c-9f77-c4da4798fea9/sm/snapshot.1_3
2019-10-15 16:01:29,625 [28e55072-d071-4509-bf9d-64087afe3472@group-C4DA4798FEA9-StateMachineUpdater] INFO  ratis.ContainerStateMachine (ContainerStateMachine.java:takeSnapshot(305)) - group-C4DA4798FEA9: Finished taking a snapshot at:(t:1, i:3) file:/workdir/hadoop-ozone/integration-test/target/test-dir/MiniOzoneClusterImpl-db5d02a6-340f-494d-b00e-bf4b2df0003c/datanode-3/data/ratis/91036be7-ad1c-4b0c-9f77-c4da4798fea9/sm/snapshot.1_3 time:23
2019-10-15 16:01:29,625 [28e55072-d071-4509-bf9d-64087afe3472@group-C4DA4798FEA9-StateMachineUpdater] INFO  impl.StateMachineUpdater (StateMachineUpdater.java:takeSnapshot(269)) - 28e55072-d071-4509-bf9d-64087afe3472@group-C4DA4798FEA9-StateMachineUpdater: Took a snapshot at index 3
2019-10-15 16:01:29,626 [28e55072-d071-4509-bf9d-64087afe3472@group-C4DA4798FEA9-StateMachineUpdater] INFO  impl.StateMachineUpdater (StateMachineUpdater.java:lambda$new$0(84)) - 28e55072-d071-4509-bf9d-64087afe3472@group-C4DA4798FEA9-StateMachineUpdater: snapshotIndex: updateIncreasingly 3 -> 3
2019-10-15 16:01:29,626 [ForkJoinPool.commonPool-worker-0] INFO  impl.RaftServerImpl (ServerState.java:close(387)) - 28e55072-d071-4509-bf9d-64087afe3472@group-C4DA4798FEA9: closes. applyIndex: 4
2019-10-15 16:01:29,626 [28e55072-d071-4509-bf9d-64087afe3472@group-C4DA4798FEA9-SegmentedRaftLogWorker] INFO  segmented.SegmentedRaftLogWorker (SegmentedRaftLogWorker.java:run(316)) - 28e55072-d071-4509-bf9d-64087afe3472@group-C4DA4798FEA9-SegmentedRaftLogWorker was interrupted, exiting. There are 0 tasks remaining in the queue.
2019-10-15 16:01:29,630 [ForkJoinPool.commonPool-worker-0] INFO  segmented.SegmentedRaftLogWorker (SegmentedRaftLogWorker.java:close(224)) - 28e55072-d071-4509-bf9d-64087afe3472@group-C4DA4798FEA9-SegmentedRaftLogWorker close()
2019-10-15 16:01:29,632 [ForkJoinPool.commonPool-worker-0] INFO  impl.RaftServerImpl (RaftServerImpl.java:lambda$shutdown$3(247)) - 28e55072-d071-4509-bf9d-64087afe3472@group-42F77210EFDA: shutdown
2019-10-15 16:01:29,632 [ForkJoinPool.commonPool-worker-0] INFO  util.JmxRegister (JmxRegister.java:unregister(73)) - Successfully un-registered JMX Bean with object name Ratis:service=RaftServer,group=group-42F77210EFDA,id=28e55072-d071-4509-bf9d-64087afe3472
2019-10-15 16:01:29,632 [ForkJoinPool.commonPool-worker-0] INFO  impl.RoleInfo (RoleInfo.java:shutdownLeaderState(104)) - 28e55072-d071-4509-bf9d-64087afe3472: shutdown LeaderState
2019-10-15 16:01:29,632 [ForkJoinPool.commonPool-worker-0] INFO  impl.PendingRequests (PendingRequests.java:sendNotLeaderResponses(202)) - 28e55072-d071-4509-bf9d-64087afe3472@group-42F77210EFDA-PendingRequests: sendNotLeaderResponses
2019-10-15 16:01:29,633 [ForkJoinPool.commonPool-worker-0] INFO  impl.StateMachineUpdater (StateMachineUpdater.java:stopAndJoin(136)) - 28e55072-d071-4509-bf9d-64087afe3472@group-42F77210EFDA-StateMachineUpdater: set stopIndex = 0
2019-10-15 16:01:29,633 [ForkJoinPool.commonPool-worker-0] INFO  impl.RaftServerImpl (ServerState.java:close(387)) - 28e55072-d071-4509-bf9d-64087afe3472@group-42F77210EFDA: closes. applyIndex: 0
2019-10-15 16:01:29,633 [28e55072-d071-4509-bf9d-64087afe3472@group-42F77210EFDA-SegmentedRaftLogWorker] INFO  segmented.SegmentedRaftLogWorker (SegmentedRaftLogWorker.java:run(316)) - 28e55072-d071-4509-bf9d-64087afe3472@group-42F77210EFDA-SegmentedRaftLogWorker was interrupted, exiting. There are 0 tasks remaining in the queue.
2019-10-15 16:01:29,635 [ForkJoinPool.commonPool-worker-0] INFO  segmented.SegmentedRaftLogWorker (SegmentedRaftLogWorker.java:close(224)) - 28e55072-d071-4509-bf9d-64087afe3472@group-42F77210EFDA-SegmentedRaftLogWorker close()
2019-10-15 16:01:29,637 [ForkJoinPool.commonPool-worker-0] INFO  server.GrpcService (GrpcService.java:closeImpl(164)) - 28e55072-d071-4509-bf9d-64087afe3472: shutdown server with port 37314 now
2019-10-15 16:01:29,637 [ForkJoinPool.commonPool-worker-0] INFO  server.GrpcService (GrpcService.java:closeImpl(172)) - 28e55072-d071-4509-bf9d-64087afe3472: shutdown server with port 37314 successfully
2019-10-15 16:01:29,638 [grpc-default-executor-2] WARN  server.GrpcLogAppender (LogUtils.java:warn(134)) - b35b7e43-25db-42e2-b325-3149b7a1b771@group-C4DA4798FEA9->28e55072-d071-4509-bf9d-64087afe3472-AppendLogResponseHandler: Failed appendEntries: org.apache.ratis.thirdparty.io.grpc.StatusRuntimeException: CANCELLED: HTTP/2 error code: CANCEL
Received Rst Stream
2019-10-15 16:01:29,638 [grpc-default-executor-5] WARN  server.GrpcServerProtocolService (LogUtils.java:warn(134)) - 28e55072-d071-4509-bf9d-64087afe3472: installSnapshot onError, lastRequest: b35b7e43-25db-42e2-b325-3149b7a1b771->28e55072-d071-4509-bf9d-64087afe3472#91-t1, previous=(t:1, i:4), leaderCommit=4, initializing? false, entries: <empty>: org.apache.ratis.thirdparty.io.grpc.StatusRuntimeException: CANCELLED: cancelled before receiving half close
2019-10-15 16:01:29,638 [grpc-default-executor-2] INFO  impl.FollowerInfo (FollowerInfo.java:lambda$new$0(51)) - b35b7e43-25db-42e2-b325-3149b7a1b771@group-C4DA4798FEA9->28e55072-d071-4509-bf9d-64087afe3472: nextIndex: updateUnconditionally 5 -> 4
2019-10-15 16:01:29,640 [refreshUsed-/workdir/hadoop-ozone/integration-test/target/test-dir/MiniOzoneClusterImpl-db5d02a6-340f-494d-b00e-bf4b2df0003c/datanode-3/data/containers] WARN  fs.CachingGetSpaceUsed (CachingGetSpaceUsed.java:run(183)) - Thread Interrupted waiting to refresh disk information: sleep interrupted
2019-10-15 16:01:29,641 [grpc-default-executor-5] WARN  server.GrpcLogAppender (LogUtils.java:warn(134)) - 654dc4fd-4a53-4d66-800b-5d0101b478e0@group-1CFD3FDF58A3->a01d9800-12e3-4ec3-b51e-50c1eb51d5a4-AppendLogResponseHandler: Failed appendEntries: org.apache.ratis.thirdparty.io.grpc.StatusRuntimeException: UNAVAILABLE: io exception
2019-10-15 16:01:29,641 [grpc-default-executor-5] INFO  impl.FollowerInfo (FollowerInfo.java:lambda$new$0(51)) - 654dc4fd-4a53-4d66-800b-5d0101b478e0@group-1CFD3FDF58A3->a01d9800-12e3-4ec3-b51e-50c1eb51d5a4: nextIndex: updateUnconditionally 0 -> 0
2019-10-15 16:01:29,652 [ForkJoinPool.commonPool-worker-0] INFO  utils.BackgroundService (BackgroundService.java:shutdown(151)) - Shutting down service BlockDeletingService
2019-10-15 16:01:29,655 [ForkJoinPool.commonPool-worker-0] INFO  statemachine.DatanodeStateMachine (DatanodeStateMachine.java:stopDaemon(395)) - Ozone container server stopped.
2019-10-15 16:01:29,659 [ForkJoinPool.commonPool-worker-0] INFO  handler.ContextHandler (ContextHandler.java:doStop(910)) - Stopped o.e.j.w.WebAppContext@760f1081{/,null,UNAVAILABLE}{/hddsDatanode}
2019-10-15 16:01:29,660 [ForkJoinPool.commonPool-worker-0] INFO  server.AbstractConnector (AbstractConnector.java:doStop(318)) - Stopped ServerConnector@52621501{HTTP/1.1,[http/1.1]}{0.0.0.0:0}
2019-10-15 16:01:29,661 [ForkJoinPool.commonPool-worker-0] INFO  handler.ContextHandler (ContextHandler.java:doStop(910)) - Stopped o.e.j.s.ServletContextHandler@5e2a6991{/static,jar:file:/home/user/.m2/repository/org/apache/hadoop/hadoop-hdds-container-service/0.5.0-SNAPSHOT/hadoop-hdds-container-service-0.5.0-SNAPSHOT.jar!/webapps/static,UNAVAILABLE}
2019-10-15 16:01:29,662 [ForkJoinPool.commonPool-worker-0] INFO  handler.ContextHandler (ContextHandler.java:doStop(910)) - Stopped o.e.j.s.ServletContextHandler@20a3e10c{/logs,file:///workdir/hadoop-ozone/integration-test/target/log,UNAVAILABLE}
2019-10-15 16:01:29,664 [grpc-default-executor-6] WARN  server.GrpcLogAppender (LogUtils.java:warn(134)) - 2927af6d-ca2a-40e1-b66d-bb9b2759d3f4@group-3F7D09197A50->957624b1-130b-40b6-b716-6996dbe1f26c-AppendLogResponseHandler: Failed appendEntries: org.apache.ratis.thirdparty.io.grpc.StatusRuntimeException: UNAVAILABLE: io exception
2019-10-15 16:01:29,664 [grpc-default-executor-6] INFO  impl.FollowerInfo (FollowerInfo.java:lambda$new$0(51)) - 2927af6d-ca2a-40e1-b66d-bb9b2759d3f4@group-3F7D09197A50->957624b1-130b-40b6-b716-6996dbe1f26c: nextIndex: updateUnconditionally 0 -> 0
2019-10-15 16:01:29,846 [main] INFO  ozoneimpl.OzoneContainer (OzoneContainer.java:stop(227)) - Attempting to stop container services.
2019-10-15 16:01:29,846 [main] INFO  impl.RaftServerProxy (RaftServerProxy.java:lambda$close$4(314)) - 654dc4fd-4a53-4d66-800b-5d0101b478e0: close
2019-10-15 16:01:29,846 [main] INFO  impl.RaftServerImpl (RaftServerImpl.java:lambda$shutdown$3(247)) - 654dc4fd-4a53-4d66-800b-5d0101b478e0@group-1CFD3FDF58A3: shutdown
2019-10-15 16:01:29,847 [main] INFO  util.JmxRegister (JmxRegister.java:unregister(73)) - Successfully un-registered JMX Bean with object name Ratis:service=RaftServer,group=group-1CFD3FDF58A3,id=654dc4fd-4a53-4d66-800b-5d0101b478e0
2019-10-15 16:01:29,847 [main] INFO  impl.RoleInfo (RoleInfo.java:shutdownLeaderState(104)) - 654dc4fd-4a53-4d66-800b-5d0101b478e0: shutdown LeaderState
2019-10-15 16:01:29,851 [main] INFO  impl.PendingRequests (PendingRequests.java:sendNotLeaderResponses(202)) - 654dc4fd-4a53-4d66-800b-5d0101b478e0@group-1CFD3FDF58A3-PendingRequests: sendNotLeaderResponses
2019-10-15 16:01:29,851 [org.apache.ratis.server.impl.LogAppender$AppenderDaemon$$Lambda$482/1547993981@3656adca] WARN  server.GrpcLogAppender (GrpcLogAppender.java:mayWait(143)) - 654dc4fd-4a53-4d66-800b-5d0101b478e0@group-1CFD3FDF58A3->68ed38f4-9c13-4e57-963b-0ddf8b5864a6-GrpcLogAppender: Wait interrupted by java.lang.InterruptedException
2019-10-15 16:01:29,851 [org.apache.ratis.server.impl.LogAppender$AppenderDaemon$$Lambda$482/1547993981@3e02a7f1] WARN  server.GrpcLogAppender (GrpcLogAppender.java:mayWait(143)) - 654dc4fd-4a53-4d66-800b-5d0101b478e0@group-1CFD3FDF58A3->a01d9800-12e3-4ec3-b51e-50c1eb51d5a4-GrpcLogAppender: Wait interrupted by java.lang.InterruptedException
2019-10-15 16:01:29,852 [grpc-default-executor-5] INFO  server.GrpcServerProtocolService (GrpcServerProtocolService.java:onCompleted(113)) - 68ed38f4-9c13-4e57-963b-0ddf8b5864a6: Completed APPEND_ENTRIES, lastRequest: 654dc4fd-4a53-4d66-800b-5d0101b478e0->68ed38f4-9c13-4e57-963b-0ddf8b5864a6#65-t4, previous=(t:4, i:13), leaderCommit=13, initializing? false, entries: <empty>
2019-10-15 16:01:29,852 [Thread-4080] INFO  client.GrpcClientProtocolService (GrpcClientProtocolService.java:lambda$processClientRequest$0(278)) - Failed RaftClientRequest:client-07B563E404D8->654dc4fd-4a53-4d66-800b-5d0101b478e0@group-1CFD3FDF58A3, cid=126, seq=0, Watch-ALL_COMMITTED(9), Message:<EMPTY>, reply=RaftClientReply:client-07B563E404D8->654dc4fd-4a53-4d66-800b-5d0101b478e0@group-1CFD3FDF58A3, cid=126, FAILED org.apache.ratis.protocol.NotLeaderException: Server 654dc4fd-4a53-4d66-800b-5d0101b478e0@group-1CFD3FDF58A3 is not the leader, logIndex=0, commits[654dc4fd-4a53-4d66-800b-5d0101b478e0:c13]
2019-10-15 16:01:29,852 [main] INFO  impl.StateMachineUpdater (StateMachineUpdater.java:stopAndJoin(136)) - 654dc4fd-4a53-4d66-800b-5d0101b478e0@group-1CFD3FDF58A3-StateMachineUpdater: set stopIndex = 13
2019-10-15 16:01:29,852 [Thread-4081] INFO  client.GrpcClientProtocolService (GrpcClientProtocolService.java:lambda$processClientRequest$0(278)) - Failed RaftClientRequest:client-07B563E404D8->654dc4fd-4a53-4d66-800b-5d0101b478e0@group-1CFD3FDF58A3, cid=128, seq=0, Watch-ALL_COMMITTED(11), Message:<EMPTY>, reply=RaftClientReply:client-07B563E404D8->654dc4fd-4a53-4d66-800b-5d0101b478e0@group-1CFD3FDF58A3, cid=128, FAILED org.apache.ratis.protocol.NotLeaderException: Server 654dc4fd-4a53-4d66-800b-5d0101b478e0@group-1CFD3FDF58A3 is not the leader, logIndex=0, commits[654dc4fd-4a53-4d66-800b-5d0101b478e0:c13]
2019-10-15 16:01:29,852 [654dc4fd-4a53-4d66-800b-5d0101b478e0@group-1CFD3FDF58A3-StateMachineUpdater] INFO  ratis.ContainerStateMachine (ContainerStateMachine.java:takeSnapshot(294)) - group-1CFD3FDF58A3: Taking a snapshot at:(t:4, i:11) file /workdir/hadoop-ozone/integration-test/target/test-dir/MiniOzoneClusterImpl-db5d02a6-340f-494d-b00e-bf4b2df0003c/datanode-6/data/ratis/d27e5be7-3324-4d93-8f8f-1cfd3fdf58a3/sm/snapshot.4_11
2019-10-15 16:01:29,853 [grpc-default-executor-5] INFO  server.GrpcLogAppender (GrpcLogAppender.java:onCompleted(293)) - 654dc4fd-4a53-4d66-800b-5d0101b478e0@group-1CFD3FDF58A3->68ed38f4-9c13-4e57-963b-0ddf8b5864a6-AppendLogResponseHandler: follower responses appendEntries COMPLETED
2019-10-15 16:01:29,855 [grpc-default-executor-5] INFO  impl.FollowerInfo (FollowerInfo.java:lambda$new$0(51)) - 654dc4fd-4a53-4d66-800b-5d0101b478e0@group-1CFD3FDF58A3->68ed38f4-9c13-4e57-963b-0ddf8b5864a6: nextIndex: updateUnconditionally 14 -> 13
2019-10-15 16:01:29,879 [654dc4fd-4a53-4d66-800b-5d0101b478e0@group-1CFD3FDF58A3-StateMachineUpdater] INFO  ratis.ContainerStateMachine (ContainerStateMachine.java:takeSnapshot(305)) - group-1CFD3FDF58A3: Finished taking a snapshot at:(t:4, i:11) file:/workdir/hadoop-ozone/integration-test/target/test-dir/MiniOzoneClusterImpl-db5d02a6-340f-494d-b00e-bf4b2df0003c/datanode-6/data/ratis/d27e5be7-3324-4d93-8f8f-1cfd3fdf58a3/sm/snapshot.4_11 time:27
2019-10-15 16:01:29,879 [654dc4fd-4a53-4d66-800b-5d0101b478e0@group-1CFD3FDF58A3-StateMachineUpdater] INFO  impl.StateMachineUpdater (StateMachineUpdater.java:takeSnapshot(269)) - 654dc4fd-4a53-4d66-800b-5d0101b478e0@group-1CFD3FDF58A3-StateMachineUpdater: Took a snapshot at index 11
2019-10-15 16:01:29,880 [654dc4fd-4a53-4d66-800b-5d0101b478e0@group-1CFD3FDF58A3-StateMachineUpdater] INFO  impl.StateMachineUpdater (StateMachineUpdater.java:lambda$new$0(84)) - 654dc4fd-4a53-4d66-800b-5d0101b478e0@group-1CFD3FDF58A3-StateMachineUpdater: snapshotIndex: updateIncreasingly -1 -> 11
2019-10-15 16:01:29,880 [654dc4fd-4a53-4d66-800b-5d0101b478e0@group-1CFD3FDF58A3-StateMachineUpdater] INFO  ratis.ContainerStateMachine (ContainerStateMachine.java:takeSnapshot(294)) - group-1CFD3FDF58A3: Taking a snapshot at:(t:4, i:11) file /workdir/hadoop-ozone/integration-test/target/test-dir/MiniOzoneClusterImpl-db5d02a6-340f-494d-b00e-bf4b2df0003c/datanode-6/data/ratis/d27e5be7-3324-4d93-8f8f-1cfd3fdf58a3/sm/snapshot.4_11
2019-10-15 16:01:29,903 [654dc4fd-4a53-4d66-800b-5d0101b478e0@group-1CFD3FDF58A3-StateMachineUpdater] INFO  ratis.ContainerStateMachine (ContainerStateMachine.java:takeSnapshot(305)) - group-1CFD3FDF58A3: Finished taking a snapshot at:(t:4, i:11) file:/workdir/hadoop-ozone/integration-test/target/test-dir/MiniOzoneClusterImpl-db5d02a6-340f-494d-b00e-bf4b2df0003c/datanode-6/data/ratis/d27e5be7-3324-4d93-8f8f-1cfd3fdf58a3/sm/snapshot.4_11 time:23
2019-10-15 16:01:29,903 [654dc4fd-4a53-4d66-800b-5d0101b478e0@group-1CFD3FDF58A3-StateMachineUpdater] INFO  impl.StateMachineUpdater (StateMachineUpdater.java:takeSnapshot(269)) - 654dc4fd-4a53-4d66-800b-5d0101b478e0@group-1CFD3FDF58A3-StateMachineUpdater: Took a snapshot at index 11
2019-10-15 16:01:29,903 [654dc4fd-4a53-4d66-800b-5d0101b478e0@group-1CFD3FDF58A3-StateMachineUpdater] INFO  impl.StateMachineUpdater (StateMachineUpdater.java:lambda$new$0(84)) - 654dc4fd-4a53-4d66-800b-5d0101b478e0@group-1CFD3FDF58A3-StateMachineUpdater: snapshotIndex: updateIncreasingly 11 -> 11
2019-10-15 16:01:29,903 [main] INFO  impl.RaftServerImpl (ServerState.java:close(387)) - 654dc4fd-4a53-4d66-800b-5d0101b478e0@group-1CFD3FDF58A3: closes. applyIndex: 13
2019-10-15 16:01:29,904 [654dc4fd-4a53-4d66-800b-5d0101b478e0@group-1CFD3FDF58A3-SegmentedRaftLogWorker] INFO  segmented.SegmentedRaftLogWorker (SegmentedRaftLogWorker.java:run(316)) - 654dc4fd-4a53-4d66-800b-5d0101b478e0@group-1CFD3FDF58A3-SegmentedRaftLogWorker was interrupted, exiting. There are 0 tasks remaining in the queue.
2019-10-15 16:01:29,906 [main] INFO  segmented.SegmentedRaftLogWorker (SegmentedRaftLogWorker.java:close(224)) - 654dc4fd-4a53-4d66-800b-5d0101b478e0@group-1CFD3FDF58A3-SegmentedRaftLogWorker close()
2019-10-15 16:01:29,910 [main] INFO  impl.RaftServerImpl (RaftServerImpl.java:lambda$shutdown$3(247)) - 654dc4fd-4a53-4d66-800b-5d0101b478e0@group-E63F20F63008: shutdown
2019-10-15 16:01:29,910 [main] INFO  util.JmxRegister (JmxRegister.java:unregister(73)) - Successfully un-registered JMX Bean with object name Ratis:service=RaftServer,group=group-E63F20F63008,id=654dc4fd-4a53-4d66-800b-5d0101b478e0
2019-10-15 16:01:29,910 [main] INFO  impl.RoleInfo (RoleInfo.java:shutdownLeaderState(104)) - 654dc4fd-4a53-4d66-800b-5d0101b478e0: shutdown LeaderState
2019-10-15 16:01:29,911 [main] INFO  impl.PendingRequests (PendingRequests.java:sendNotLeaderResponses(202)) - 654dc4fd-4a53-4d66-800b-5d0101b478e0@group-E63F20F63008-PendingRequests: sendNotLeaderResponses
2019-10-15 16:01:29,911 [main] INFO  impl.StateMachineUpdater (StateMachineUpdater.java:stopAndJoin(136)) - 654dc4fd-4a53-4d66-800b-5d0101b478e0@group-E63F20F63008-StateMachineUpdater: set stopIndex = 0
2019-10-15 16:01:29,911 [main] INFO  impl.RaftServerImpl (ServerState.java:close(387)) - 654dc4fd-4a53-4d66-800b-5d0101b478e0@group-E63F20F63008: closes. applyIndex: 0
2019-10-15 16:01:29,912 [654dc4fd-4a53-4d66-800b-5d0101b478e0@group-E63F20F63008-SegmentedRaftLogWorker] INFO  segmented.SegmentedRaftLogWorker (SegmentedRaftLogWorker.java:run(316)) - 654dc4fd-4a53-4d66-800b-5d0101b478e0@group-E63F20F63008-SegmentedRaftLogWorker was interrupted, exiting. There are 0 tasks remaining in the queue.
2019-10-15 16:01:29,913 [main] INFO  segmented.SegmentedRaftLogWorker (SegmentedRaftLogWorker.java:close(224)) - 654dc4fd-4a53-4d66-800b-5d0101b478e0@group-E63F20F63008-SegmentedRaftLogWorker close()
2019-10-15 16:01:29,925 [main] INFO  server.GrpcService (GrpcService.java:closeImpl(164)) - 654dc4fd-4a53-4d66-800b-5d0101b478e0: shutdown server with port 38504 now
2019-10-15 16:01:29,925 [main] INFO  server.GrpcService (GrpcService.java:closeImpl(172)) - 654dc4fd-4a53-4d66-800b-5d0101b478e0: shutdown server with port 38504 successfully
2019-10-15 16:01:29,927 [refreshUsed-/workdir/hadoop-ozone/integration-test/target/test-dir/MiniOzoneClusterImpl-db5d02a6-340f-494d-b00e-bf4b2df0003c/datanode-6/data/containers] WARN  fs.CachingGetSpaceUsed (CachingGetSpaceUsed.java:run(183)) - Thread Interrupted waiting to refresh disk information: sleep interrupted
2019-10-15 16:01:29,938 [main] INFO  utils.BackgroundService (BackgroundService.java:shutdown(151)) - Shutting down service BlockDeletingService
2019-10-15 16:01:29,940 [main] INFO  statemachine.DatanodeStateMachine (DatanodeStateMachine.java:stopDaemon(395)) - Ozone container server stopped.
2019-10-15 16:01:29,941 [main] INFO  handler.ContextHandler (ContextHandler.java:doStop(910)) - Stopped o.e.j.w.WebAppContext@554566a8{/,null,UNAVAILABLE}{/hddsDatanode}
2019-10-15 16:01:29,941 [main] INFO  server.AbstractConnector (AbstractConnector.java:doStop(318)) - Stopped ServerConnector@66020d69{HTTP/1.1,[http/1.1]}{0.0.0.0:0}
2019-10-15 16:01:29,942 [main] INFO  handler.ContextHandler (ContextHandler.java:doStop(910)) - Stopped o.e.j.s.ServletContextHandler@687eb455{/static,jar:file:/home/user/.m2/repository/org/apache/hadoop/hadoop-hdds-container-service/0.5.0-SNAPSHOT/hadoop-hdds-container-service-0.5.0-SNAPSHOT.jar!/webapps/static,UNAVAILABLE}
2019-10-15 16:01:29,942 [main] INFO  handler.ContextHandler (ContextHandler.java:doStop(910)) - Stopped o.e.j.s.ServletContextHandler@1b17d8ab{/logs,file:///workdir/hadoop-ozone/integration-test/target/log,UNAVAILABLE}
2019-10-15 16:01:29,960 [grpc-default-executor-6] WARN  server.GrpcLogAppender (LogUtils.java:warn(134)) - b35b7e43-25db-42e2-b325-3149b7a1b771@group-C4DA4798FEA9->e2095ed4-6e7f-4ca6-8a9b-1989176657a6-AppendLogResponseHandler: Failed appendEntries: org.apache.ratis.thirdparty.io.grpc.StatusRuntimeException: UNAVAILABLE: io exception
2019-10-15 16:01:29,961 [grpc-default-executor-6] INFO  impl.FollowerInfo (FollowerInfo.java:lambda$new$0(51)) - b35b7e43-25db-42e2-b325-3149b7a1b771@group-C4DA4798FEA9->e2095ed4-6e7f-4ca6-8a9b-1989176657a6: nextIndex: updateUnconditionally 0 -> 0
2019-10-15 16:01:29,969 [grpc-default-executor-2] WARN  server.GrpcLogAppender (LogUtils.java:warn(134)) - b35b7e43-25db-42e2-b325-3149b7a1b771@group-C4DA4798FEA9->28e55072-d071-4509-bf9d-64087afe3472-AppendLogResponseHandler: Failed appendEntries: org.apache.ratis.thirdparty.io.grpc.StatusRuntimeException: UNAVAILABLE: io exception
2019-10-15 16:01:29,969 [grpc-default-executor-2] INFO  impl.FollowerInfo (FollowerInfo.java:lambda$new$0(51)) - b35b7e43-25db-42e2-b325-3149b7a1b771@group-C4DA4798FEA9->28e55072-d071-4509-bf9d-64087afe3472: nextIndex: updateUnconditionally 4 -> 3
2019-10-15 16:01:30,127 [Datanode State Machine Thread - 0] INFO  statemachine.DatanodeStateMachine (DatanodeStateMachine.java:lambda$startDaemon$0(350)) - Ozone container server started.
2019-10-15 16:01:30,164 [grpc-default-executor-5] WARN  server.GrpcLogAppender (LogUtils.java:warn(134)) - 2927af6d-ca2a-40e1-b66d-bb9b2759d3f4@group-3F7D09197A50->957624b1-130b-40b6-b716-6996dbe1f26c-AppendLogResponseHandler: Failed appendEntries: org.apache.ratis.thirdparty.io.grpc.StatusRuntimeException: UNAVAILABLE: io exception
2019-10-15 16:01:30,164 [grpc-default-executor-5] INFO  impl.FollowerInfo (FollowerInfo.java:lambda$new$0(51)) - 2927af6d-ca2a-40e1-b66d-bb9b2759d3f4@group-3F7D09197A50->957624b1-130b-40b6-b716-6996dbe1f26c: nextIndex: updateUnconditionally 0 -> 0
2019-10-15 16:01:30,400 [Datanode State Machine Thread - 0] INFO  statemachine.DatanodeStateMachine (DatanodeStateMachine.java:lambda$startDaemon$0(350)) - Ozone container server started.
2019-10-15 16:01:30,461 [grpc-default-executor-5] WARN  server.GrpcLogAppender (LogUtils.java:warn(134)) - b35b7e43-25db-42e2-b325-3149b7a1b771@group-C4DA4798FEA9->e2095ed4-6e7f-4ca6-8a9b-1989176657a6-AppendLogResponseHandler: Failed appendEntries: org.apache.ratis.thirdparty.io.grpc.StatusRuntimeException: UNAVAILABLE: io exception
2019-10-15 16:01:30,461 [grpc-default-executor-5] INFO  impl.FollowerInfo (FollowerInfo.java:lambda$new$0(51)) - b35b7e43-25db-42e2-b325-3149b7a1b771@group-C4DA4798FEA9->e2095ed4-6e7f-4ca6-8a9b-1989176657a6: nextIndex: updateUnconditionally 0 -> 0
2019-10-15 16:01:30,469 [grpc-default-executor-5] WARN  server.GrpcLogAppender (LogUtils.java:warn(134)) - b35b7e43-25db-42e2-b325-3149b7a1b771@group-C4DA4798FEA9->28e55072-d071-4509-bf9d-64087afe3472-AppendLogResponseHandler: Failed appendEntries: org.apache.ratis.thirdparty.io.grpc.StatusRuntimeException: UNAVAILABLE: io exception
2019-10-15 16:01:30,469 [grpc-default-executor-5] INFO  impl.FollowerInfo (FollowerInfo.java:lambda$new$0(51)) - b35b7e43-25db-42e2-b325-3149b7a1b771@group-C4DA4798FEA9->28e55072-d071-4509-bf9d-64087afe3472: nextIndex: updateUnconditionally 3 -> 2
2019-10-15 16:01:30,664 [grpc-default-executor-5] WARN  server.GrpcLogAppender (LogUtils.java:warn(134)) - 2927af6d-ca2a-40e1-b66d-bb9b2759d3f4@group-3F7D09197A50->957624b1-130b-40b6-b716-6996dbe1f26c-AppendLogResponseHandler: Failed appendEntries: org.apache.ratis.thirdparty.io.grpc.StatusRuntimeException: UNAVAILABLE: io exception
2019-10-15 16:01:30,664 [grpc-default-executor-5] INFO  impl.FollowerInfo (FollowerInfo.java:lambda$new$0(51)) - 2927af6d-ca2a-40e1-b66d-bb9b2759d3f4@group-3F7D09197A50->957624b1-130b-40b6-b716-6996dbe1f26c: nextIndex: updateUnconditionally 0 -> 0
2019-10-15 16:01:30,864 [Thread-4087] INFO  client.GrpcClientProtocolService (GrpcClientProtocolService.java:lambda$processClientRequest$0(278)) - Failed RaftClientRequest:client-07B563E404D8->68ed38f4-9c13-4e57-963b-0ddf8b5864a6@group-1CFD3FDF58A3, cid=128, seq=0, Watch-ALL_COMMITTED(11), Message:<EMPTY>, reply=RaftClientReply:client-07B563E404D8->68ed38f4-9c13-4e57-963b-0ddf8b5864a6@group-1CFD3FDF58A3, cid=128, FAILED org.apache.ratis.protocol.NotLeaderException: Server 68ed38f4-9c13-4e57-963b-0ddf8b5864a6@group-1CFD3FDF58A3 is not the leader 654dc4fd-4a53-4d66-800b-5d0101b478e0:192.168.157.236:38504, logIndex=0, commits[68ed38f4-9c13-4e57-963b-0ddf8b5864a6:c13, a01d9800-12e3-4ec3-b51e-50c1eb51d5a4:c4, 654dc4fd-4a53-4d66-800b-5d0101b478e0:c13]
2019-10-15 16:01:30,864 [Thread-4088] INFO  client.GrpcClientProtocolService (GrpcClientProtocolService.java:lambda$processClientRequest$0(278)) - Failed RaftClientRequest:client-07B563E404D8->68ed38f4-9c13-4e57-963b-0ddf8b5864a6@group-1CFD3FDF58A3, cid=126, seq=0, Watch-ALL_COMMITTED(9), Message:<EMPTY>, reply=RaftClientReply:client-07B563E404D8->68ed38f4-9c13-4e57-963b-0ddf8b5864a6@group-1CFD3FDF58A3, cid=126, FAILED org.apache.ratis.protocol.NotLeaderException: Server 68ed38f4-9c13-4e57-963b-0ddf8b5864a6@group-1CFD3FDF58A3 is not the leader 654dc4fd-4a53-4d66-800b-5d0101b478e0:192.168.157.236:38504, logIndex=0, commits[68ed38f4-9c13-4e57-963b-0ddf8b5864a6:c13, a01d9800-12e3-4ec3-b51e-50c1eb51d5a4:c4, 654dc4fd-4a53-4d66-800b-5d0101b478e0:c13]
2019-10-15 16:01:30,961 [grpc-default-executor-2] WARN  server.GrpcLogAppender (LogUtils.java:warn(134)) - b35b7e43-25db-42e2-b325-3149b7a1b771@group-C4DA4798FEA9->e2095ed4-6e7f-4ca6-8a9b-1989176657a6-AppendLogResponseHandler: Failed appendEntries: org.apache.ratis.thirdparty.io.grpc.StatusRuntimeException: UNAVAILABLE: io exception
2019-10-15 16:01:30,962 [grpc-default-executor-2] INFO  impl.FollowerInfo (FollowerInfo.java:lambda$new$0(51)) - b35b7e43-25db-42e2-b325-3149b7a1b771@group-C4DA4798FEA9->e2095ed4-6e7f-4ca6-8a9b-1989176657a6: nextIndex: updateUnconditionally 0 -> 0
2019-10-15 16:01:30,970 [grpc-default-executor-2] WARN  server.GrpcLogAppender (LogUtils.java:warn(134)) - b35b7e43-25db-42e2-b325-3149b7a1b771@group-C4DA4798FEA9->28e55072-d071-4509-bf9d-64087afe3472-AppendLogResponseHandler: Failed appendEntries: org.apache.ratis.thirdparty.io.grpc.StatusRuntimeException: UNAVAILABLE: io exception
2019-10-15 16:01:30,970 [grpc-default-executor-2] INFO  impl.FollowerInfo (FollowerInfo.java:lambda$new$0(51)) - b35b7e43-25db-42e2-b325-3149b7a1b771@group-C4DA4798FEA9->28e55072-d071-4509-bf9d-64087afe3472: nextIndex: updateUnconditionally 2 -> 1
2019-10-15 16:01:31,165 [grpc-default-executor-2] WARN  server.GrpcLogAppender (LogUtils.java:warn(134)) - 2927af6d-ca2a-40e1-b66d-bb9b2759d3f4@group-3F7D09197A50->957624b1-130b-40b6-b716-6996dbe1f26c-AppendLogResponseHandler: Failed appendEntries: org.apache.ratis.thirdparty.io.grpc.StatusRuntimeException: UNAVAILABLE: io exception
2019-10-15 16:01:31,165 [grpc-default-executor-2] INFO  impl.FollowerInfo (FollowerInfo.java:lambda$new$0(51)) - 2927af6d-ca2a-40e1-b66d-bb9b2759d3f4@group-3F7D09197A50->957624b1-130b-40b6-b716-6996dbe1f26c: nextIndex: updateUnconditionally 0 -> 0
2019-10-15 16:01:31,462 [grpc-default-executor-5] WARN  server.GrpcLogAppender (LogUtils.java:warn(134)) - b35b7e43-25db-42e2-b325-3149b7a1b771@group-C4DA4798FEA9->e2095ed4-6e7f-4ca6-8a9b-1989176657a6-AppendLogResponseHandler: Failed appendEntries: org.apache.ratis.thirdparty.io.grpc.StatusRuntimeException: UNAVAILABLE: io exception
2019-10-15 16:01:31,463 [grpc-default-executor-5] INFO  impl.FollowerInfo (FollowerInfo.java:lambda$new$0(51)) - b35b7e43-25db-42e2-b325-3149b7a1b771@group-C4DA4798FEA9->e2095ed4-6e7f-4ca6-8a9b-1989176657a6: nextIndex: updateUnconditionally 0 -> 0
2019-10-15 16:01:31,470 [grpc-default-executor-6] WARN  server.GrpcLogAppender (LogUtils.java:warn(134)) - b35b7e43-25db-42e2-b325-3149b7a1b771@group-C4DA4798FEA9->28e55072-d071-4509-bf9d-64087afe3472-AppendLogResponseHandler: Failed appendEntries: org.apache.ratis.thirdparty.io.grpc.StatusRuntimeException: UNAVAILABLE: io exception
2019-10-15 16:01:31,470 [grpc-default-executor-6] INFO  impl.FollowerInfo (FollowerInfo.java:lambda$new$0(51)) - b35b7e43-25db-42e2-b325-3149b7a1b771@group-C4DA4798FEA9->28e55072-d071-4509-bf9d-64087afe3472: nextIndex: updateUnconditionally 1 -> 0
2019-10-15 16:01:31,665 [grpc-default-executor-2] WARN  server.GrpcLogAppender (LogUtils.java:warn(134)) - 2927af6d-ca2a-40e1-b66d-bb9b2759d3f4@group-3F7D09197A50->957624b1-130b-40b6-b716-6996dbe1f26c-AppendLogResponseHandler: Failed appendEntries: org.apache.ratis.thirdparty.io.grpc.StatusRuntimeException: UNAVAILABLE: io exception
2019-10-15 16:01:31,665 [grpc-default-executor-2] INFO  impl.FollowerInfo (FollowerInfo.java:lambda$new$0(51)) - 2927af6d-ca2a-40e1-b66d-bb9b2759d3f4@group-3F7D09197A50->957624b1-130b-40b6-b716-6996dbe1f26c: nextIndex: updateUnconditionally 0 -> 0
2019-10-15 16:01:31,883 [Thread-4097] INFO  client.GrpcClientProtocolService (GrpcClientProtocolService.java:lambda$processClientRequest$0(278)) - Failed RaftClientRequest:client-07B563E404D8->68ed38f4-9c13-4e57-963b-0ddf8b5864a6@group-1CFD3FDF58A3, cid=128, seq=0, Watch-ALL_COMMITTED(11), Message:<EMPTY>, reply=RaftClientReply:client-07B563E404D8->68ed38f4-9c13-4e57-963b-0ddf8b5864a6@group-1CFD3FDF58A3, cid=128, FAILED org.apache.ratis.protocol.NotLeaderException: Server 68ed38f4-9c13-4e57-963b-0ddf8b5864a6@group-1CFD3FDF58A3 is not the leader 654dc4fd-4a53-4d66-800b-5d0101b478e0:192.168.157.236:38504, logIndex=0, commits[68ed38f4-9c13-4e57-963b-0ddf8b5864a6:c13, a01d9800-12e3-4ec3-b51e-50c1eb51d5a4:c4, 654dc4fd-4a53-4d66-800b-5d0101b478e0:c13]
2019-10-15 16:01:31,884 [Thread-4098] INFO  client.GrpcClientProtocolService (GrpcClientProtocolService.java:lambda$processClientRequest$0(278)) - Failed RaftClientRequest:client-07B563E404D8->68ed38f4-9c13-4e57-963b-0ddf8b5864a6@group-1CFD3FDF58A3, cid=126, seq=0, Watch-ALL_COMMITTED(9), Message:<EMPTY>, reply=RaftClientReply:client-07B563E404D8->68ed38f4-9c13-4e57-963b-0ddf8b5864a6@group-1CFD3FDF58A3, cid=126, FAILED org.apache.ratis.protocol.NotLeaderException: Server 68ed38f4-9c13-4e57-963b-0ddf8b5864a6@group-1CFD3FDF58A3 is not the leader 654dc4fd-4a53-4d66-800b-5d0101b478e0:192.168.157.236:38504, logIndex=0, commits[68ed38f4-9c13-4e57-963b-0ddf8b5864a6:c13, a01d9800-12e3-4ec3-b51e-50c1eb51d5a4:c4, 654dc4fd-4a53-4d66-800b-5d0101b478e0:c13]
2019-10-15 16:01:31,895 [Thread-3742] INFO  impl.FollowerState (FollowerState.java:run(108)) - 68ed38f4-9c13-4e57-963b-0ddf8b5864a6@group-1CFD3FDF58A3-FollowerState: change to CANDIDATE, lastRpcTime:2221ms, electionTimeout:1199ms
2019-10-15 16:01:31,896 [Thread-3742] INFO  impl.RoleInfo (RoleInfo.java:shutdownFollowerState(121)) - 68ed38f4-9c13-4e57-963b-0ddf8b5864a6: shutdown FollowerState
2019-10-15 16:01:31,896 [Thread-3742] INFO  impl.RaftServerImpl (RaftServerImpl.java:setRole(170)) - 68ed38f4-9c13-4e57-963b-0ddf8b5864a6@group-1CFD3FDF58A3: changes role from  FOLLOWER to CANDIDATE at term 4 for changeToCandidate
2019-10-15 16:01:31,896 [Thread-3742] INFO  impl.RoleInfo (RoleInfo.java:updateAndGet(143)) - 68ed38f4-9c13-4e57-963b-0ddf8b5864a6: start LeaderElection
2019-10-15 16:01:31,896 [68ed38f4-9c13-4e57-963b-0ddf8b5864a6@group-1CFD3FDF58A3-LeaderElection124] INFO  impl.RaftServerImpl (ServerState.java:setLeader(255)) - 68ed38f4-9c13-4e57-963b-0ddf8b5864a6@group-1CFD3FDF58A3: change Leader from 654dc4fd-4a53-4d66-800b-5d0101b478e0 to null at term 4 for initElection
2019-10-15 16:01:31,925 [68ed38f4-9c13-4e57-963b-0ddf8b5864a6@group-1CFD3FDF58A3-LeaderElection124] INFO  impl.LeaderElection (LeaderElection.java:askForVotes(178)) - 68ed38f4-9c13-4e57-963b-0ddf8b5864a6@group-1CFD3FDF58A3-LeaderElection124: begin an election at term 5 for 5: [68ed38f4-9c13-4e57-963b-0ddf8b5864a6:192.168.157.236:41318, a01d9800-12e3-4ec3-b51e-50c1eb51d5a4:192.168.157.236:38839, 654dc4fd-4a53-4d66-800b-5d0101b478e0:192.168.157.236:38504], old=null
2019-10-15 16:01:31,927 [68ed38f4-9c13-4e57-963b-0ddf8b5864a6@group-1CFD3FDF58A3-LeaderElection124] INFO  impl.LeaderElection (LogUtils.java:infoOrTrace(149)) - 68ed38f4-9c13-4e57-963b-0ddf8b5864a6@group-1CFD3FDF58A3-LeaderElection124 got exception when requesting votes: {}
java.util.concurrent.ExecutionException: org.apache.ratis.thirdparty.io.grpc.StatusRuntimeException: UNAVAILABLE: io exception
	at java.util.concurrent.FutureTask.report(FutureTask.java:122)
	at java.util.concurrent.FutureTask.get(FutureTask.java:192)
	at org.apache.ratis.server.impl.LeaderElection.waitForResults(LeaderElection.java:259)
	at org.apache.ratis.server.impl.LeaderElection.askForVotes(LeaderElection.java:197)
	at org.apache.ratis.server.impl.LeaderElection.run(LeaderElection.java:133)
	at java.lang.Thread.run(Thread.java:748)
Caused by: org.apache.ratis.thirdparty.io.grpc.StatusRuntimeException: UNAVAILABLE: io exception
	at org.apache.ratis.thirdparty.io.grpc.stub.ClientCalls.toStatusRuntimeException(ClientCalls.java:233)
	at org.apache.ratis.thirdparty.io.grpc.stub.ClientCalls.getUnchecked(ClientCalls.java:214)
	at org.apache.ratis.thirdparty.io.grpc.stub.ClientCalls.blockingUnaryCall(ClientCalls.java:139)
	at org.apache.ratis.proto.grpc.RaftServerProtocolServiceGrpc$RaftServerProtocolServiceBlockingStub.requestVote(RaftServerProtocolServiceGrpc.java:265)
	at org.apache.ratis.grpc.server.GrpcServerProtocolClient.requestVote(GrpcServerProtocolClient.java:99)
	at org.apache.ratis.grpc.server.GrpcService.requestVote(GrpcService.java:204)
	at org.apache.ratis.server.impl.LeaderElection.lambda$submitRequests$1(LeaderElection.java:234)
	at java.util.concurrent.FutureTask.run(FutureTask.java:266)
	at java.util.concurrent.Executors$RunnableAdapter.call(Executors.java:511)
	at java.util.concurrent.FutureTask.run(FutureTask.java:266)
	at java.util.concurrent.ThreadPoolExecutor.runWorker(ThreadPoolExecutor.java:1149)
	at java.util.concurrent.ThreadPoolExecutor$Worker.run(ThreadPoolExecutor.java:624)
	... 1 more
Caused by: org.apache.ratis.thirdparty.io.netty.channel.AbstractChannel$AnnotatedConnectException: Connection refused: /192.168.157.236:38504
	at sun.nio.ch.SocketChannelImpl.checkConnect(Native Method)
	at sun.nio.ch.SocketChannelImpl.finishConnect(SocketChannelImpl.java:717)
	at org.apache.ratis.thirdparty.io.netty.channel.socket.nio.NioSocketChannel.doFinishConnect(NioSocketChannel.java:327)
	at org.apache.ratis.thirdparty.io.netty.channel.nio.AbstractNioChannel$AbstractNioUnsafe.finishConnect(AbstractNioChannel.java:340)
	at org.apache.ratis.thirdparty.io.netty.channel.nio.NioEventLoop.processSelectedKey(NioEventLoop.java:632)
	at org.apache.ratis.thirdparty.io.netty.channel.nio.NioEventLoop.processSelectedKeysOptimized(NioEventLoop.java:579)
	at org.apache.ratis.thirdparty.io.netty.channel.nio.NioEventLoop.processSelectedKeys(NioEventLoop.java:496)
	at org.apache.ratis.thirdparty.io.netty.channel.nio.NioEventLoop.run(NioEventLoop.java:458)
	at org.apache.ratis.thirdparty.io.netty.util.concurrent.SingleThreadEventExecutor$5.run(SingleThreadEventExecutor.java:897)
	at org.apache.ratis.thirdparty.io.netty.util.concurrent.FastThreadLocalRunnable.run(FastThreadLocalRunnable.java:30)
	... 1 more
Caused by: java.net.ConnectException: Connection refused
	... 11 more
2019-10-15 16:01:31,928 [68ed38f4-9c13-4e57-963b-0ddf8b5864a6@group-1CFD3FDF58A3-LeaderElection124] INFO  impl.LeaderElection (LogUtils.java:infoOrTrace(149)) - 68ed38f4-9c13-4e57-963b-0ddf8b5864a6@group-1CFD3FDF58A3-LeaderElection124 got exception when requesting votes: {}
java.util.concurrent.ExecutionException: org.apache.ratis.thirdparty.io.grpc.StatusRuntimeException: UNAVAILABLE: io exception
	at java.util.concurrent.FutureTask.report(FutureTask.java:122)
	at java.util.concurrent.FutureTask.get(FutureTask.java:192)
	at org.apache.ratis.server.impl.LeaderElection.waitForResults(LeaderElection.java:259)
	at org.apache.ratis.server.impl.LeaderElection.askForVotes(LeaderElection.java:197)
	at org.apache.ratis.server.impl.LeaderElection.run(LeaderElection.java:133)
	at java.lang.Thread.run(Thread.java:748)
Caused by: org.apache.ratis.thirdparty.io.grpc.StatusRuntimeException: UNAVAILABLE: io exception
	at org.apache.ratis.thirdparty.io.grpc.stub.ClientCalls.toStatusRuntimeException(ClientCalls.java:233)
	at org.apache.ratis.thirdparty.io.grpc.stub.ClientCalls.getUnchecked(ClientCalls.java:214)
	at org.apache.ratis.thirdparty.io.grpc.stub.ClientCalls.blockingUnaryCall(ClientCalls.java:139)
	at org.apache.ratis.proto.grpc.RaftServerProtocolServiceGrpc$RaftServerProtocolServiceBlockingStub.requestVote(RaftServerProtocolServiceGrpc.java:265)
	at org.apache.ratis.grpc.server.GrpcServerProtocolClient.requestVote(GrpcServerProtocolClient.java:99)
	at org.apache.ratis.grpc.server.GrpcService.requestVote(GrpcService.java:204)
	at org.apache.ratis.server.impl.LeaderElection.lambda$submitRequests$1(LeaderElection.java:234)
	at java.util.concurrent.FutureTask.run(FutureTask.java:266)
	at java.util.concurrent.Executors$RunnableAdapter.call(Executors.java:511)
	at java.util.concurrent.FutureTask.run(FutureTask.java:266)
	at java.util.concurrent.ThreadPoolExecutor.runWorker(ThreadPoolExecutor.java:1149)
	at java.util.concurrent.ThreadPoolExecutor$Worker.run(ThreadPoolExecutor.java:624)
	... 1 more
Caused by: org.apache.ratis.thirdparty.io.netty.channel.AbstractChannel$AnnotatedConnectException: Connection refused: /192.168.157.236:38839
	at sun.nio.ch.SocketChannelImpl.checkConnect(Native Method)
	at sun.nio.ch.SocketChannelImpl.finishConnect(SocketChannelImpl.java:717)
	at org.apache.ratis.thirdparty.io.netty.channel.socket.nio.NioSocketChannel.doFinishConnect(NioSocketChannel.java:327)
	at org.apache.ratis.thirdparty.io.netty.channel.nio.AbstractNioChannel$AbstractNioUnsafe.finishConnect(AbstractNioChannel.java:340)
	at org.apache.ratis.thirdparty.io.netty.channel.nio.NioEventLoop.processSelectedKey(NioEventLoop.java:632)
	at org.apache.ratis.thirdparty.io.netty.channel.nio.NioEventLoop.processSelectedKeysOptimized(NioEventLoop.java:579)
	at org.apache.ratis.thirdparty.io.netty.channel.nio.NioEventLoop.processSelectedKeys(NioEventLoop.java:496)
	at org.apache.ratis.thirdparty.io.netty.channel.nio.NioEventLoop.run(NioEventLoop.java:458)
	at org.apache.ratis.thirdparty.io.netty.util.concurrent.SingleThreadEventExecutor$5.run(SingleThreadEventExecutor.java:897)
	at org.apache.ratis.thirdparty.io.netty.util.concurrent.FastThreadLocalRunnable.run(FastThreadLocalRunnable.java:30)
	... 1 more
Caused by: java.net.ConnectException: Connection refused
	... 11 more
2019-10-15 16:01:31,928 [68ed38f4-9c13-4e57-963b-0ddf8b5864a6@group-1CFD3FDF58A3-LeaderElection124] INFO  impl.LeaderElection (LeaderElection.java:logAndReturn(56)) - 68ed38f4-9c13-4e57-963b-0ddf8b5864a6@group-1CFD3FDF58A3-LeaderElection124: Election REJECTED; received 0 response(s) [] and 2 exception(s); 68ed38f4-9c13-4e57-963b-0ddf8b5864a6@group-1CFD3FDF58A3:t5, leader=null, voted=68ed38f4-9c13-4e57-963b-0ddf8b5864a6, raftlog=68ed38f4-9c13-4e57-963b-0ddf8b5864a6@group-1CFD3FDF58A3-SegmentedRaftLog:OPENED:c13,f13,i13, conf=5: [68ed38f4-9c13-4e57-963b-0ddf8b5864a6:192.168.157.236:41318, a01d9800-12e3-4ec3-b51e-50c1eb51d5a4:192.168.157.236:38839, 654dc4fd-4a53-4d66-800b-5d0101b478e0:192.168.157.236:38504], old=null
2019-10-15 16:01:31,928 [68ed38f4-9c13-4e57-963b-0ddf8b5864a6@group-1CFD3FDF58A3-LeaderElection124] INFO  impl.LeaderElection (LogUtils.java:infoOrTrace(149)) -   Exception 0: {}
java.util.concurrent.ExecutionException: org.apache.ratis.thirdparty.io.grpc.StatusRuntimeException: UNAVAILABLE: io exception
	at java.util.concurrent.FutureTask.report(FutureTask.java:122)
	at java.util.concurrent.FutureTask.get(FutureTask.java:192)
	at org.apache.ratis.server.impl.LeaderElection.waitForResults(LeaderElection.java:259)
	at org.apache.ratis.server.impl.LeaderElection.askForVotes(LeaderElection.java:197)
	at org.apache.ratis.server.impl.LeaderElection.run(LeaderElection.java:133)
	at java.lang.Thread.run(Thread.java:748)
Caused by: org.apache.ratis.thirdparty.io.grpc.StatusRuntimeException: UNAVAILABLE: io exception
	at org.apache.ratis.thirdparty.io.grpc.stub.ClientCalls.toStatusRuntimeException(ClientCalls.java:233)
	at org.apache.ratis.thirdparty.io.grpc.stub.ClientCalls.getUnchecked(ClientCalls.java:214)
	at org.apache.ratis.thirdparty.io.grpc.stub.ClientCalls.blockingUnaryCall(ClientCalls.java:139)
	at org.apache.ratis.proto.grpc.RaftServerProtocolServiceGrpc$RaftServerProtocolServiceBlockingStub.requestVote(RaftServerProtocolServiceGrpc.java:265)
	at org.apache.ratis.grpc.server.GrpcServerProtocolClient.requestVote(GrpcServerProtocolClient.java:99)
	at org.apache.ratis.grpc.server.GrpcService.requestVote(GrpcService.java:204)
	at org.apache.ratis.server.impl.LeaderElection.lambda$submitRequests$1(LeaderElection.java:234)
	at java.util.concurrent.FutureTask.run(FutureTask.java:266)
	at java.util.concurrent.Executors$RunnableAdapter.call(Executors.java:511)
	at java.util.concurrent.FutureTask.run(FutureTask.java:266)
	at java.util.concurrent.ThreadPoolExecutor.runWorker(ThreadPoolExecutor.java:1149)
	at java.util.concurrent.ThreadPoolExecutor$Worker.run(ThreadPoolExecutor.java:624)
	... 1 more
Caused by: org.apache.ratis.thirdparty.io.netty.channel.AbstractChannel$AnnotatedConnectException: Connection refused: /192.168.157.236:38504
	at sun.nio.ch.SocketChannelImpl.checkConnect(Native Method)
	at sun.nio.ch.SocketChannelImpl.finishConnect(SocketChannelImpl.java:717)
	at org.apache.ratis.thirdparty.io.netty.channel.socket.nio.NioSocketChannel.doFinishConnect(NioSocketChannel.java:327)
	at org.apache.ratis.thirdparty.io.netty.channel.nio.AbstractNioChannel$AbstractNioUnsafe.finishConnect(AbstractNioChannel.java:340)
	at org.apache.ratis.thirdparty.io.netty.channel.nio.NioEventLoop.processSelectedKey(NioEventLoop.java:632)
	at org.apache.ratis.thirdparty.io.netty.channel.nio.NioEventLoop.processSelectedKeysOptimized(NioEventLoop.java:579)
	at org.apache.ratis.thirdparty.io.netty.channel.nio.NioEventLoop.processSelectedKeys(NioEventLoop.java:496)
	at org.apache.ratis.thirdparty.io.netty.channel.nio.NioEventLoop.run(NioEventLoop.java:458)
	at org.apache.ratis.thirdparty.io.netty.util.concurrent.SingleThreadEventExecutor$5.run(SingleThreadEventExecutor.java:897)
	at org.apache.ratis.thirdparty.io.netty.util.concurrent.FastThreadLocalRunnable.run(FastThreadLocalRunnable.java:30)
	... 1 more
Caused by: java.net.ConnectException: Connection refused
	... 11 more
2019-10-15 16:01:31,929 [68ed38f4-9c13-4e57-963b-0ddf8b5864a6@group-1CFD3FDF58A3-LeaderElection124] INFO  impl.LeaderElection (LogUtils.java:infoOrTrace(149)) -   Exception 1: {}
java.util.concurrent.ExecutionException: org.apache.ratis.thirdparty.io.grpc.StatusRuntimeException: UNAVAILABLE: io exception
	at java.util.concurrent.FutureTask.report(FutureTask.java:122)
	at java.util.concurrent.FutureTask.get(FutureTask.java:192)
	at org.apache.ratis.server.impl.LeaderElection.waitForResults(LeaderElection.java:259)
	at org.apache.ratis.server.impl.LeaderElection.askForVotes(LeaderElection.java:197)
	at org.apache.ratis.server.impl.LeaderElection.run(LeaderElection.java:133)
	at java.lang.Thread.run(Thread.java:748)
Caused by: org.apache.ratis.thirdparty.io.grpc.StatusRuntimeException: UNAVAILABLE: io exception
	at org.apache.ratis.thirdparty.io.grpc.stub.ClientCalls.toStatusRuntimeException(ClientCalls.java:233)
	at org.apache.ratis.thirdparty.io.grpc.stub.ClientCalls.getUnchecked(ClientCalls.java:214)
	at org.apache.ratis.thirdparty.io.grpc.stub.ClientCalls.blockingUnaryCall(ClientCalls.java:139)
	at org.apache.ratis.proto.grpc.RaftServerProtocolServiceGrpc$RaftServerProtocolServiceBlockingStub.requestVote(RaftServerProtocolServiceGrpc.java:265)
	at org.apache.ratis.grpc.server.GrpcServerProtocolClient.requestVote(GrpcServerProtocolClient.java:99)
	at org.apache.ratis.grpc.server.GrpcService.requestVote(GrpcService.java:204)
	at org.apache.ratis.server.impl.LeaderElection.lambda$submitRequests$1(LeaderElection.java:234)
	at java.util.concurrent.FutureTask.run(FutureTask.java:266)
	at java.util.concurrent.Executors$RunnableAdapter.call(Executors.java:511)
	at java.util.concurrent.FutureTask.run(FutureTask.java:266)
	at java.util.concurrent.ThreadPoolExecutor.runWorker(ThreadPoolExecutor.java:1149)
	at java.util.concurrent.ThreadPoolExecutor$Worker.run(ThreadPoolExecutor.java:624)
	... 1 more
Caused by: org.apache.ratis.thirdparty.io.netty.channel.AbstractChannel$AnnotatedConnectException: Connection refused: /192.168.157.236:38839
	at sun.nio.ch.SocketChannelImpl.checkConnect(Native Method)
	at sun.nio.ch.SocketChannelImpl.finishConnect(SocketChannelImpl.java:717)
	at org.apache.ratis.thirdparty.io.netty.channel.socket.nio.NioSocketChannel.doFinishConnect(NioSocketChannel.java:327)
	at org.apache.ratis.thirdparty.io.netty.channel.nio.AbstractNioChannel$AbstractNioUnsafe.finishConnect(AbstractNioChannel.java:340)
	at org.apache.ratis.thirdparty.io.netty.channel.nio.NioEventLoop.processSelectedKey(NioEventLoop.java:632)
	at org.apache.ratis.thirdparty.io.netty.channel.nio.NioEventLoop.processSelectedKeysOptimized(NioEventLoop.java:579)
	at org.apache.ratis.thirdparty.io.netty.channel.nio.NioEventLoop.processSelectedKeys(NioEventLoop.java:496)
	at org.apache.ratis.thirdparty.io.netty.channel.nio.NioEventLoop.run(NioEventLoop.java:458)
	at org.apache.ratis.thirdparty.io.netty.util.concurrent.SingleThreadEventExecutor$5.run(SingleThreadEventExecutor.java:897)
	at org.apache.ratis.thirdparty.io.netty.util.concurrent.FastThreadLocalRunnable.run(FastThreadLocalRunnable.java:30)
	... 1 more
Caused by: java.net.ConnectException: Connection refused
	... 11 more
2019-10-15 16:01:31,929 [68ed38f4-9c13-4e57-963b-0ddf8b5864a6@group-1CFD3FDF58A3-LeaderElection124] INFO  impl.RaftServerImpl (RaftServerImpl.java:setRole(170)) - 68ed38f4-9c13-4e57-963b-0ddf8b5864a6@group-1CFD3FDF58A3: changes role from CANDIDATE to FOLLOWER at term 5 for DISCOVERED_A_NEW_TERM
2019-10-15 16:01:31,929 [68ed38f4-9c13-4e57-963b-0ddf8b5864a6@group-1CFD3FDF58A3-LeaderElection124] INFO  impl.RoleInfo (RoleInfo.java:shutdownLeaderElection(134)) - 68ed38f4-9c13-4e57-963b-0ddf8b5864a6: shutdown LeaderElection
2019-10-15 16:01:31,930 [68ed38f4-9c13-4e57-963b-0ddf8b5864a6@group-1CFD3FDF58A3-LeaderElection124] INFO  impl.RoleInfo (RoleInfo.java:updateAndGet(143)) - 68ed38f4-9c13-4e57-963b-0ddf8b5864a6: start FollowerState
2019-10-15 16:01:31,962 [grpc-default-executor-2] WARN  server.GrpcLogAppender (LogUtils.java:warn(134)) - b35b7e43-25db-42e2-b325-3149b7a1b771@group-C4DA4798FEA9->e2095ed4-6e7f-4ca6-8a9b-1989176657a6-AppendLogResponseHandler: Failed appendEntries: org.apache.ratis.thirdparty.io.grpc.StatusRuntimeException: UNAVAILABLE: io exception
2019-10-15 16:01:31,962 [grpc-default-executor-2] INFO  impl.FollowerInfo (FollowerInfo.java:lambda$new$0(51)) - b35b7e43-25db-42e2-b325-3149b7a1b771@group-C4DA4798FEA9->e2095ed4-6e7f-4ca6-8a9b-1989176657a6: nextIndex: updateUnconditionally 0 -> 0
2019-10-15 16:01:31,970 [grpc-default-executor-6] WARN  server.GrpcLogAppender (LogUtils.java:warn(134)) - b35b7e43-25db-42e2-b325-3149b7a1b771@group-C4DA4798FEA9->28e55072-d071-4509-bf9d-64087afe3472-AppendLogResponseHandler: Failed appendEntries: org.apache.ratis.thirdparty.io.grpc.StatusRuntimeException: UNAVAILABLE: io exception
2019-10-15 16:01:31,970 [grpc-default-executor-6] INFO  impl.FollowerInfo (FollowerInfo.java:lambda$new$0(51)) - b35b7e43-25db-42e2-b325-3149b7a1b771@group-C4DA4798FEA9->28e55072-d071-4509-bf9d-64087afe3472: nextIndex: updateUnconditionally 0 -> 0
2019-10-15 16:01:32,166 [grpc-default-executor-6] WARN  server.GrpcLogAppender (LogUtils.java:warn(134)) - 2927af6d-ca2a-40e1-b66d-bb9b2759d3f4@group-3F7D09197A50->957624b1-130b-40b6-b716-6996dbe1f26c-AppendLogResponseHandler: Failed appendEntries: org.apache.ratis.thirdparty.io.grpc.StatusRuntimeException: UNAVAILABLE: io exception
2019-10-15 16:01:32,166 [grpc-default-executor-6] INFO  impl.FollowerInfo (FollowerInfo.java:lambda$new$0(51)) - 2927af6d-ca2a-40e1-b66d-bb9b2759d3f4@group-3F7D09197A50->957624b1-130b-40b6-b716-6996dbe1f26c: nextIndex: updateUnconditionally 0 -> 0
2019-10-15 16:01:32,465 [grpc-default-executor-5] WARN  server.GrpcLogAppender (LogUtils.java:warn(134)) - b35b7e43-25db-42e2-b325-3149b7a1b771@group-C4DA4798FEA9->e2095ed4-6e7f-4ca6-8a9b-1989176657a6-AppendLogResponseHandler: Failed appendEntries: org.apache.ratis.thirdparty.io.grpc.StatusRuntimeException: UNAVAILABLE: io exception
2019-10-15 16:01:32,465 [grpc-default-executor-5] INFO  impl.FollowerInfo (FollowerInfo.java:lambda$new$0(51)) - b35b7e43-25db-42e2-b325-3149b7a1b771@group-C4DA4798FEA9->e2095ed4-6e7f-4ca6-8a9b-1989176657a6: nextIndex: updateUnconditionally 0 -> 0
2019-10-15 16:01:32,470 [grpc-default-executor-6] WARN  server.GrpcLogAppender (LogUtils.java:warn(134)) - b35b7e43-25db-42e2-b325-3149b7a1b771@group-C4DA4798FEA9->28e55072-d071-4509-bf9d-64087afe3472-AppendLogResponseHandler: Failed appendEntries: org.apache.ratis.thirdparty.io.grpc.StatusRuntimeException: UNAVAILABLE: io exception
2019-10-15 16:01:32,471 [grpc-default-executor-6] INFO  impl.FollowerInfo (FollowerInfo.java:lambda$new$0(51)) - b35b7e43-25db-42e2-b325-3149b7a1b771@group-C4DA4798FEA9->28e55072-d071-4509-bf9d-64087afe3472: nextIndex: updateUnconditionally 0 -> 0
2019-10-15 16:01:32,668 [grpc-default-executor-6] WARN  server.GrpcLogAppender (LogUtils.java:warn(134)) - 2927af6d-ca2a-40e1-b66d-bb9b2759d3f4@group-3F7D09197A50->957624b1-130b-40b6-b716-6996dbe1f26c-AppendLogResponseHandler: Failed appendEntries: org.apache.ratis.thirdparty.io.grpc.StatusRuntimeException: UNAVAILABLE: io exception
2019-10-15 16:01:32,669 [grpc-default-executor-6] INFO  impl.FollowerInfo (FollowerInfo.java:lambda$new$0(51)) - 2927af6d-ca2a-40e1-b66d-bb9b2759d3f4@group-3F7D09197A50->957624b1-130b-40b6-b716-6996dbe1f26c: nextIndex: updateUnconditionally 0 -> 0
2019-10-15 16:01:32,906 [Thread-4111] INFO  client.GrpcClientProtocolService (GrpcClientProtocolService.java:lambda$processClientRequest$0(278)) - Failed RaftClientRequest:client-07B563E404D8->68ed38f4-9c13-4e57-963b-0ddf8b5864a6@group-1CFD3FDF58A3, cid=128, seq=0, Watch-ALL_COMMITTED(11), Message:<EMPTY>, reply=RaftClientReply:client-07B563E404D8->68ed38f4-9c13-4e57-963b-0ddf8b5864a6@group-1CFD3FDF58A3, cid=128, FAILED org.apache.ratis.protocol.NotLeaderException: Server 68ed38f4-9c13-4e57-963b-0ddf8b5864a6@group-1CFD3FDF58A3 is not the leader, logIndex=0, commits[68ed38f4-9c13-4e57-963b-0ddf8b5864a6:c13, a01d9800-12e3-4ec3-b51e-50c1eb51d5a4:c4, 654dc4fd-4a53-4d66-800b-5d0101b478e0:c13]
2019-10-15 16:01:32,932 [Thread-4107] INFO  impl.FollowerState (FollowerState.java:run(108)) - 68ed38f4-9c13-4e57-963b-0ddf8b5864a6@group-1CFD3FDF58A3-FollowerState: change to CANDIDATE, lastRpcTime:1002ms, electionTimeout:1002ms
2019-10-15 16:01:32,932 [Thread-4107] INFO  impl.RoleInfo (RoleInfo.java:shutdownFollowerState(121)) - 68ed38f4-9c13-4e57-963b-0ddf8b5864a6: shutdown FollowerState
2019-10-15 16:01:32,932 [Thread-4107] INFO  impl.RaftServerImpl (RaftServerImpl.java:setRole(170)) - 68ed38f4-9c13-4e57-963b-0ddf8b5864a6@group-1CFD3FDF58A3: changes role from  FOLLOWER to CANDIDATE at term 5 for changeToCandidate
2019-10-15 16:01:32,932 [Thread-4107] INFO  impl.RoleInfo (RoleInfo.java:updateAndGet(143)) - 68ed38f4-9c13-4e57-963b-0ddf8b5864a6: start LeaderElection
2019-10-15 16:01:32,956 [68ed38f4-9c13-4e57-963b-0ddf8b5864a6@group-1CFD3FDF58A3-LeaderElection125] INFO  impl.LeaderElection (LeaderElection.java:askForVotes(178)) - 68ed38f4-9c13-4e57-963b-0ddf8b5864a6@group-1CFD3FDF58A3-LeaderElection125: begin an election at term 6 for 5: [68ed38f4-9c13-4e57-963b-0ddf8b5864a6:192.168.157.236:41318, a01d9800-12e3-4ec3-b51e-50c1eb51d5a4:192.168.157.236:38839, 654dc4fd-4a53-4d66-800b-5d0101b478e0:192.168.157.236:38504], old=null
2019-10-15 16:01:32,958 [68ed38f4-9c13-4e57-963b-0ddf8b5864a6@group-1CFD3FDF58A3-LeaderElection125] INFO  impl.LeaderElection (LogUtils.java:infoOrTrace(149)) - 68ed38f4-9c13-4e57-963b-0ddf8b5864a6@group-1CFD3FDF58A3-LeaderElection125 got exception when requesting votes: {}
java.util.concurrent.ExecutionException: org.apache.ratis.thirdparty.io.grpc.StatusRuntimeException: UNAVAILABLE: io exception
	at java.util.concurrent.FutureTask.report(FutureTask.java:122)
	at java.util.concurrent.FutureTask.get(FutureTask.java:192)
	at org.apache.ratis.server.impl.LeaderElection.waitForResults(LeaderElection.java:259)
	at org.apache.ratis.server.impl.LeaderElection.askForVotes(LeaderElection.java:197)
	at org.apache.ratis.server.impl.LeaderElection.run(LeaderElection.java:133)
	at java.lang.Thread.run(Thread.java:748)
Caused by: org.apache.ratis.thirdparty.io.grpc.StatusRuntimeException: UNAVAILABLE: io exception
	at org.apache.ratis.thirdparty.io.grpc.stub.ClientCalls.toStatusRuntimeException(ClientCalls.java:233)
	at org.apache.ratis.thirdparty.io.grpc.stub.ClientCalls.getUnchecked(ClientCalls.java:214)
	at org.apache.ratis.thirdparty.io.grpc.stub.ClientCalls.blockingUnaryCall(ClientCalls.java:139)
	at org.apache.ratis.proto.grpc.RaftServerProtocolServiceGrpc$RaftServerProtocolServiceBlockingStub.requestVote(RaftServerProtocolServiceGrpc.java:265)
	at org.apache.ratis.grpc.server.GrpcServerProtocolClient.requestVote(GrpcServerProtocolClient.java:99)
	at org.apache.ratis.grpc.server.GrpcService.requestVote(GrpcService.java:204)
	at org.apache.ratis.server.impl.LeaderElection.lambda$submitRequests$1(LeaderElection.java:234)
	at java.util.concurrent.FutureTask.run(FutureTask.java:266)
	at java.util.concurrent.Executors$RunnableAdapter.call(Executors.java:511)
	at java.util.concurrent.FutureTask.run(FutureTask.java:266)
	at java.util.concurrent.ThreadPoolExecutor.runWorker(ThreadPoolExecutor.java:1149)
	at java.util.concurrent.ThreadPoolExecutor$Worker.run(ThreadPoolExecutor.java:624)
	... 1 more
Caused by: org.apache.ratis.thirdparty.io.netty.channel.AbstractChannel$AnnotatedConnectException: Connection refused: /192.168.157.236:38504
	at sun.nio.ch.SocketChannelImpl.checkConnect(Native Method)
	at sun.nio.ch.SocketChannelImpl.finishConnect(SocketChannelImpl.java:717)
	at org.apache.ratis.thirdparty.io.netty.channel.socket.nio.NioSocketChannel.doFinishConnect(NioSocketChannel.java:327)
	at org.apache.ratis.thirdparty.io.netty.channel.nio.AbstractNioChannel$AbstractNioUnsafe.finishConnect(AbstractNioChannel.java:340)
	at org.apache.ratis.thirdparty.io.netty.channel.nio.NioEventLoop.processSelectedKey(NioEventLoop.java:632)
	at org.apache.ratis.thirdparty.io.netty.channel.nio.NioEventLoop.processSelectedKeysOptimized(NioEventLoop.java:579)
	at org.apache.ratis.thirdparty.io.netty.channel.nio.NioEventLoop.processSelectedKeys(NioEventLoop.java:496)
	at org.apache.ratis.thirdparty.io.netty.channel.nio.NioEventLoop.run(NioEventLoop.java:458)
	at org.apache.ratis.thirdparty.io.netty.util.concurrent.SingleThreadEventExecutor$5.run(SingleThreadEventExecutor.java:897)
	at org.apache.ratis.thirdparty.io.netty.util.concurrent.FastThreadLocalRunnable.run(FastThreadLocalRunnable.java:30)
	... 1 more
Caused by: java.net.ConnectException: Connection refused
	... 11 more
2019-10-15 16:01:32,959 [68ed38f4-9c13-4e57-963b-0ddf8b5864a6@group-1CFD3FDF58A3-LeaderElection125] INFO  impl.LeaderElection (LogUtils.java:infoOrTrace(149)) - 68ed38f4-9c13-4e57-963b-0ddf8b5864a6@group-1CFD3FDF58A3-LeaderElection125 got exception when requesting votes: {}
java.util.concurrent.ExecutionException: org.apache.ratis.thirdparty.io.grpc.StatusRuntimeException: UNAVAILABLE: io exception
	at java.util.concurrent.FutureTask.report(FutureTask.java:122)
	at java.util.concurrent.FutureTask.get(FutureTask.java:192)
	at org.apache.ratis.server.impl.LeaderElection.waitForResults(LeaderElection.java:259)
	at org.apache.ratis.server.impl.LeaderElection.askForVotes(LeaderElection.java:197)
	at org.apache.ratis.server.impl.LeaderElection.run(LeaderElection.java:133)
	at java.lang.Thread.run(Thread.java:748)
Caused by: org.apache.ratis.thirdparty.io.grpc.StatusRuntimeException: UNAVAILABLE: io exception
	at org.apache.ratis.thirdparty.io.grpc.stub.ClientCalls.toStatusRuntimeException(ClientCalls.java:233)
	at org.apache.ratis.thirdparty.io.grpc.stub.ClientCalls.getUnchecked(ClientCalls.java:214)
	at org.apache.ratis.thirdparty.io.grpc.stub.ClientCalls.blockingUnaryCall(ClientCalls.java:139)
	at org.apache.ratis.proto.grpc.RaftServerProtocolServiceGrpc$RaftServerProtocolServiceBlockingStub.requestVote(RaftServerProtocolServiceGrpc.java:265)
	at org.apache.ratis.grpc.server.GrpcServerProtocolClient.requestVote(GrpcServerProtocolClient.java:99)
	at org.apache.ratis.grpc.server.GrpcService.requestVote(GrpcService.java:204)
	at org.apache.ratis.server.impl.LeaderElection.lambda$submitRequests$1(LeaderElection.java:234)
	at java.util.concurrent.FutureTask.run(FutureTask.java:266)
	at java.util.concurrent.Executors$RunnableAdapter.call(Executors.java:511)
	at java.util.concurrent.FutureTask.run(FutureTask.java:266)
	at java.util.concurrent.ThreadPoolExecutor.runWorker(ThreadPoolExecutor.java:1149)
	at java.util.concurrent.ThreadPoolExecutor$Worker.run(ThreadPoolExecutor.java:624)
	... 1 more
Caused by: org.apache.ratis.thirdparty.io.netty.channel.AbstractChannel$AnnotatedConnectException: Connection refused: /192.168.157.236:38839
	at sun.nio.ch.SocketChannelImpl.checkConnect(Native Method)
	at sun.nio.ch.SocketChannelImpl.finishConnect(SocketChannelImpl.java:717)
	at org.apache.ratis.thirdparty.io.netty.channel.socket.nio.NioSocketChannel.doFinishConnect(NioSocketChannel.java:327)
	at org.apache.ratis.thirdparty.io.netty.channel.nio.AbstractNioChannel$AbstractNioUnsafe.finishConnect(AbstractNioChannel.java:340)
	at org.apache.ratis.thirdparty.io.netty.channel.nio.NioEventLoop.processSelectedKey(NioEventLoop.java:632)
	at org.apache.ratis.thirdparty.io.netty.channel.nio.NioEventLoop.processSelectedKeysOptimized(NioEventLoop.java:579)
	at org.apache.ratis.thirdparty.io.netty.channel.nio.NioEventLoop.processSelectedKeys(NioEventLoop.java:496)
	at org.apache.ratis.thirdparty.io.netty.channel.nio.NioEventLoop.run(NioEventLoop.java:458)
	at org.apache.ratis.thirdparty.io.netty.util.concurrent.SingleThreadEventExecutor$5.run(SingleThreadEventExecutor.java:897)
	at org.apache.ratis.thirdparty.io.netty.util.concurrent.FastThreadLocalRunnable.run(FastThreadLocalRunnable.java:30)
	... 1 more
Caused by: java.net.ConnectException: Connection refused
	... 11 more
2019-10-15 16:01:32,959 [68ed38f4-9c13-4e57-963b-0ddf8b5864a6@group-1CFD3FDF58A3-LeaderElection125] INFO  impl.LeaderElection (LeaderElection.java:logAndReturn(56)) - 68ed38f4-9c13-4e57-963b-0ddf8b5864a6@group-1CFD3FDF58A3-LeaderElection125: Election REJECTED; received 0 response(s) [] and 2 exception(s); 68ed38f4-9c13-4e57-963b-0ddf8b5864a6@group-1CFD3FDF58A3:t6, leader=null, voted=68ed38f4-9c13-4e57-963b-0ddf8b5864a6, raftlog=68ed38f4-9c13-4e57-963b-0ddf8b5864a6@group-1CFD3FDF58A3-SegmentedRaftLog:OPENED:c13,f13,i13, conf=5: [68ed38f4-9c13-4e57-963b-0ddf8b5864a6:192.168.157.236:41318, a01d9800-12e3-4ec3-b51e-50c1eb51d5a4:192.168.157.236:38839, 654dc4fd-4a53-4d66-800b-5d0101b478e0:192.168.157.236:38504], old=null
2019-10-15 16:01:32,959 [68ed38f4-9c13-4e57-963b-0ddf8b5864a6@group-1CFD3FDF58A3-LeaderElection125] INFO  impl.LeaderElection (LogUtils.java:infoOrTrace(149)) -   Exception 0: {}
java.util.concurrent.ExecutionException: org.apache.ratis.thirdparty.io.grpc.StatusRuntimeException: UNAVAILABLE: io exception
	at java.util.concurrent.FutureTask.report(FutureTask.java:122)
	at java.util.concurrent.FutureTask.get(FutureTask.java:192)
	at org.apache.ratis.server.impl.LeaderElection.waitForResults(LeaderElection.java:259)
	at org.apache.ratis.server.impl.LeaderElection.askForVotes(LeaderElection.java:197)
	at org.apache.ratis.server.impl.LeaderElection.run(LeaderElection.java:133)
	at java.lang.Thread.run(Thread.java:748)
Caused by: org.apache.ratis.thirdparty.io.grpc.StatusRuntimeException: UNAVAILABLE: io exception
	at org.apache.ratis.thirdparty.io.grpc.stub.ClientCalls.toStatusRuntimeException(ClientCalls.java:233)
	at org.apache.ratis.thirdparty.io.grpc.stub.ClientCalls.getUnchecked(ClientCalls.java:214)
	at org.apache.ratis.thirdparty.io.grpc.stub.ClientCalls.blockingUnaryCall(ClientCalls.java:139)
	at org.apache.ratis.proto.grpc.RaftServerProtocolServiceGrpc$RaftServerProtocolServiceBlockingStub.requestVote(RaftServerProtocolServiceGrpc.java:265)
	at org.apache.ratis.grpc.server.GrpcServerProtocolClient.requestVote(GrpcServerProtocolClient.java:99)
	at org.apache.ratis.grpc.server.GrpcService.requestVote(GrpcService.java:204)
	at org.apache.ratis.server.impl.LeaderElection.lambda$submitRequests$1(LeaderElection.java:234)
	at java.util.concurrent.FutureTask.run(FutureTask.java:266)
	at java.util.concurrent.Executors$RunnableAdapter.call(Executors.java:511)
	at java.util.concurrent.FutureTask.run(FutureTask.java:266)
	at java.util.concurrent.ThreadPoolExecutor.runWorker(ThreadPoolExecutor.java:1149)
	at java.util.concurrent.ThreadPoolExecutor$Worker.run(ThreadPoolExecutor.java:624)
	... 1 more
Caused by: org.apache.ratis.thirdparty.io.netty.channel.AbstractChannel$AnnotatedConnectException: Connection refused: /192.168.157.236:38504
	at sun.nio.ch.SocketChannelImpl.checkConnect(Native Method)
	at sun.nio.ch.SocketChannelImpl.finishConnect(SocketChannelImpl.java:717)
	at org.apache.ratis.thirdparty.io.netty.channel.socket.nio.NioSocketChannel.doFinishConnect(NioSocketChannel.java:327)
	at org.apache.ratis.thirdparty.io.netty.channel.nio.AbstractNioChannel$AbstractNioUnsafe.finishConnect(AbstractNioChannel.java:340)
	at org.apache.ratis.thirdparty.io.netty.channel.nio.NioEventLoop.processSelectedKey(NioEventLoop.java:632)
	at org.apache.ratis.thirdparty.io.netty.channel.nio.NioEventLoop.processSelectedKeysOptimized(NioEventLoop.java:579)
	at org.apache.ratis.thirdparty.io.netty.channel.nio.NioEventLoop.processSelectedKeys(NioEventLoop.java:496)
	at org.apache.ratis.thirdparty.io.netty.channel.nio.NioEventLoop.run(NioEventLoop.java:458)
	at org.apache.ratis.thirdparty.io.netty.util.concurrent.SingleThreadEventExecutor$5.run(SingleThreadEventExecutor.java:897)
	at org.apache.ratis.thirdparty.io.netty.util.concurrent.FastThreadLocalRunnable.run(FastThreadLocalRunnable.java:30)
	... 1 more
Caused by: java.net.ConnectException: Connection refused
	... 11 more
2019-10-15 16:01:32,960 [68ed38f4-9c13-4e57-963b-0ddf8b5864a6@group-1CFD3FDF58A3-LeaderElection125] INFO  impl.LeaderElection (LogUtils.java:infoOrTrace(149)) -   Exception 1: {}
java.util.concurrent.ExecutionException: org.apache.ratis.thirdparty.io.grpc.StatusRuntimeException: UNAVAILABLE: io exception
	at java.util.concurrent.FutureTask.report(FutureTask.java:122)
	at java.util.concurrent.FutureTask.get(FutureTask.java:192)
	at org.apache.ratis.server.impl.LeaderElection.waitForResults(LeaderElection.java:259)
	at org.apache.ratis.server.impl.LeaderElection.askForVotes(LeaderElection.java:197)
	at org.apache.ratis.server.impl.LeaderElection.run(LeaderElection.java:133)
	at java.lang.Thread.run(Thread.java:748)
Caused by: org.apache.ratis.thirdparty.io.grpc.StatusRuntimeException: UNAVAILABLE: io exception
	at org.apache.ratis.thirdparty.io.grpc.stub.ClientCalls.toStatusRuntimeException(ClientCalls.java:233)
	at org.apache.ratis.thirdparty.io.grpc.stub.ClientCalls.getUnchecked(ClientCalls.java:214)
	at org.apache.ratis.thirdparty.io.grpc.stub.ClientCalls.blockingUnaryCall(ClientCalls.java:139)
	at org.apache.ratis.proto.grpc.RaftServerProtocolServiceGrpc$RaftServerProtocolServiceBlockingStub.requestVote(RaftServerProtocolServiceGrpc.java:265)
	at org.apache.ratis.grpc.server.GrpcServerProtocolClient.requestVote(GrpcServerProtocolClient.java:99)
	at org.apache.ratis.grpc.server.GrpcService.requestVote(GrpcService.java:204)
	at org.apache.ratis.server.impl.LeaderElection.lambda$submitRequests$1(LeaderElection.java:234)
	at java.util.concurrent.FutureTask.run(FutureTask.java:266)
	at java.util.concurrent.Executors$RunnableAdapter.call(Executors.java:511)
	at java.util.concurrent.FutureTask.run(FutureTask.java:266)
	at java.util.concurrent.ThreadPoolExecutor.runWorker(ThreadPoolExecutor.java:1149)
	at java.util.concurrent.ThreadPoolExecutor$Worker.run(ThreadPoolExecutor.java:624)
	... 1 more
Caused by: org.apache.ratis.thirdparty.io.netty.channel.AbstractChannel$AnnotatedConnectException: Connection refused: /192.168.157.236:38839
	at sun.nio.ch.SocketChannelImpl.checkConnect(Native Method)
	at sun.nio.ch.SocketChannelImpl.finishConnect(SocketChannelImpl.java:717)
	at org.apache.ratis.thirdparty.io.netty.channel.socket.nio.NioSocketChannel.doFinishConnect(NioSocketChannel.java:327)
	at org.apache.ratis.thirdparty.io.netty.channel.nio.AbstractNioChannel$AbstractNioUnsafe.finishConnect(AbstractNioChannel.java:340)
	at org.apache.ratis.thirdparty.io.netty.channel.nio.NioEventLoop.processSelectedKey(NioEventLoop.java:632)
	at org.apache.ratis.thirdparty.io.netty.channel.nio.NioEventLoop.processSelectedKeysOptimized(NioEventLoop.java:579)
	at org.apache.ratis.thirdparty.io.netty.channel.nio.NioEventLoop.processSelectedKeys(NioEventLoop.java:496)
	at org.apache.ratis.thirdparty.io.netty.channel.nio.NioEventLoop.run(NioEventLoop.java:458)
	at org.apache.ratis.thirdparty.io.netty.util.concurrent.SingleThreadEventExecutor$5.run(SingleThreadEventExecutor.java:897)
	at org.apache.ratis.thirdparty.io.netty.util.concurrent.FastThreadLocalRunnable.run(FastThreadLocalRunnable.java:30)
	... 1 more
Caused by: java.net.ConnectException: Connection refused
	... 11 more
2019-10-15 16:01:32,960 [68ed38f4-9c13-4e57-963b-0ddf8b5864a6@group-1CFD3FDF58A3-LeaderElection125] INFO  impl.RaftServerImpl (RaftServerImpl.java:setRole(170)) - 68ed38f4-9c13-4e57-963b-0ddf8b5864a6@group-1CFD3FDF58A3: changes role from CANDIDATE to FOLLOWER at term 6 for DISCOVERED_A_NEW_TERM
2019-10-15 16:01:32,960 [68ed38f4-9c13-4e57-963b-0ddf8b5864a6@group-1CFD3FDF58A3-LeaderElection125] INFO  impl.RoleInfo (RoleInfo.java:shutdownLeaderElection(134)) - 68ed38f4-9c13-4e57-963b-0ddf8b5864a6: shutdown LeaderElection
2019-10-15 16:01:32,961 [68ed38f4-9c13-4e57-963b-0ddf8b5864a6@group-1CFD3FDF58A3-LeaderElection125] INFO  impl.RoleInfo (RoleInfo.java:updateAndGet(143)) - 68ed38f4-9c13-4e57-963b-0ddf8b5864a6: start FollowerState
2019-10-15 16:01:32,964 [grpc-default-executor-2] WARN  server.GrpcLogAppender (LogUtils.java:warn(134)) - b35b7e43-25db-42e2-b325-3149b7a1b771@group-C4DA4798FEA9->e2095ed4-6e7f-4ca6-8a9b-1989176657a6-AppendLogResponseHandler: Failed appendEntries: org.apache.ratis.thirdparty.io.grpc.StatusRuntimeException: UNAVAILABLE: io exception
2019-10-15 16:01:32,964 [grpc-default-executor-2] INFO  impl.FollowerInfo (FollowerInfo.java:lambda$new$0(51)) - b35b7e43-25db-42e2-b325-3149b7a1b771@group-C4DA4798FEA9->e2095ed4-6e7f-4ca6-8a9b-1989176657a6: nextIndex: updateUnconditionally 0 -> 0
2019-10-15 16:01:32,970 [grpc-default-executor-5] WARN  server.GrpcLogAppender (LogUtils.java:warn(134)) - b35b7e43-25db-42e2-b325-3149b7a1b771@group-C4DA4798FEA9->28e55072-d071-4509-bf9d-64087afe3472-AppendLogResponseHandler: Failed appendEntries: org.apache.ratis.thirdparty.io.grpc.StatusRuntimeException: UNAVAILABLE: io exception
2019-10-15 16:01:32,971 [grpc-default-executor-5] INFO  impl.FollowerInfo (FollowerInfo.java:lambda$new$0(51)) - b35b7e43-25db-42e2-b325-3149b7a1b771@group-C4DA4798FEA9->28e55072-d071-4509-bf9d-64087afe3472: nextIndex: updateUnconditionally 0 -> 0
2019-10-15 16:01:33,167 [grpc-default-executor-6] WARN  server.GrpcLogAppender (LogUtils.java:warn(134)) - 2927af6d-ca2a-40e1-b66d-bb9b2759d3f4@group-3F7D09197A50->957624b1-130b-40b6-b716-6996dbe1f26c-AppendLogResponseHandler: Failed appendEntries: org.apache.ratis.thirdparty.io.grpc.StatusRuntimeException: UNAVAILABLE: io exception
2019-10-15 16:01:33,167 [grpc-default-executor-6] INFO  impl.FollowerInfo (FollowerInfo.java:lambda$new$0(51)) - 2927af6d-ca2a-40e1-b66d-bb9b2759d3f4@group-3F7D09197A50->957624b1-130b-40b6-b716-6996dbe1f26c: nextIndex: updateUnconditionally 0 -> 0
2019-10-15 16:01:33,465 [grpc-default-executor-2] WARN  server.GrpcLogAppender (LogUtils.java:warn(134)) - b35b7e43-25db-42e2-b325-3149b7a1b771@group-C4DA4798FEA9->e2095ed4-6e7f-4ca6-8a9b-1989176657a6-AppendLogResponseHandler: Failed appendEntries: org.apache.ratis.thirdparty.io.grpc.StatusRuntimeException: UNAVAILABLE: io exception
2019-10-15 16:01:33,465 [grpc-default-executor-2] INFO  impl.FollowerInfo (FollowerInfo.java:lambda$new$0(51)) - b35b7e43-25db-42e2-b325-3149b7a1b771@group-C4DA4798FEA9->e2095ed4-6e7f-4ca6-8a9b-1989176657a6: nextIndex: updateUnconditionally 0 -> 0
2019-10-15 16:01:33,471 [grpc-default-executor-6] WARN  server.GrpcLogAppender (LogUtils.java:warn(134)) - b35b7e43-25db-42e2-b325-3149b7a1b771@group-C4DA4798FEA9->28e55072-d071-4509-bf9d-64087afe3472-AppendLogResponseHandler: Failed appendEntries: org.apache.ratis.thirdparty.io.grpc.StatusRuntimeException: UNAVAILABLE: io exception
2019-10-15 16:01:33,471 [grpc-default-executor-6] INFO  impl.FollowerInfo (FollowerInfo.java:lambda$new$0(51)) - b35b7e43-25db-42e2-b325-3149b7a1b771@group-C4DA4798FEA9->28e55072-d071-4509-bf9d-64087afe3472: nextIndex: updateUnconditionally 0 -> 0
2019-10-15 16:01:33,667 [grpc-default-executor-5] WARN  server.GrpcLogAppender (LogUtils.java:warn(134)) - 2927af6d-ca2a-40e1-b66d-bb9b2759d3f4@group-3F7D09197A50->957624b1-130b-40b6-b716-6996dbe1f26c-AppendLogResponseHandler: Failed appendEntries: org.apache.ratis.thirdparty.io.grpc.StatusRuntimeException: UNAVAILABLE: io exception
2019-10-15 16:01:33,668 [grpc-default-executor-5] INFO  impl.FollowerInfo (FollowerInfo.java:lambda$new$0(51)) - 2927af6d-ca2a-40e1-b66d-bb9b2759d3f4@group-3F7D09197A50->957624b1-130b-40b6-b716-6996dbe1f26c: nextIndex: updateUnconditionally 0 -> 0
2019-10-15 16:01:33,966 [grpc-default-executor-6] WARN  server.GrpcLogAppender (LogUtils.java:warn(134)) - b35b7e43-25db-42e2-b325-3149b7a1b771@group-C4DA4798FEA9->e2095ed4-6e7f-4ca6-8a9b-1989176657a6-AppendLogResponseHandler: Failed appendEntries: org.apache.ratis.thirdparty.io.grpc.StatusRuntimeException: UNAVAILABLE: io exception
2019-10-15 16:01:33,966 [grpc-default-executor-6] INFO  impl.FollowerInfo (FollowerInfo.java:lambda$new$0(51)) - b35b7e43-25db-42e2-b325-3149b7a1b771@group-C4DA4798FEA9->e2095ed4-6e7f-4ca6-8a9b-1989176657a6: nextIndex: updateUnconditionally 0 -> 0
2019-10-15 16:01:33,971 [grpc-default-executor-6] WARN  server.GrpcLogAppender (LogUtils.java:warn(134)) - b35b7e43-25db-42e2-b325-3149b7a1b771@group-C4DA4798FEA9->28e55072-d071-4509-bf9d-64087afe3472-AppendLogResponseHandler: Failed appendEntries: org.apache.ratis.thirdparty.io.grpc.StatusRuntimeException: UNAVAILABLE: io exception
2019-10-15 16:01:33,972 [grpc-default-executor-6] INFO  impl.FollowerInfo (FollowerInfo.java:lambda$new$0(51)) - b35b7e43-25db-42e2-b325-3149b7a1b771@group-C4DA4798FEA9->28e55072-d071-4509-bf9d-64087afe3472: nextIndex: updateUnconditionally 0 -> 0
2019-10-15 16:01:34,153 [Thread-4116] INFO  impl.FollowerState (FollowerState.java:run(108)) - 68ed38f4-9c13-4e57-963b-0ddf8b5864a6@group-1CFD3FDF58A3-FollowerState: change to CANDIDATE, lastRpcTime:1192ms, electionTimeout:1192ms
2019-10-15 16:01:34,153 [Thread-4116] INFO  impl.RoleInfo (RoleInfo.java:shutdownFollowerState(121)) - 68ed38f4-9c13-4e57-963b-0ddf8b5864a6: shutdown FollowerState
2019-10-15 16:01:34,153 [Thread-4116] INFO  impl.RaftServerImpl (RaftServerImpl.java:setRole(170)) - 68ed38f4-9c13-4e57-963b-0ddf8b5864a6@group-1CFD3FDF58A3: changes role from  FOLLOWER to CANDIDATE at term 6 for changeToCandidate
2019-10-15 16:01:34,154 [Thread-4116] INFO  impl.RoleInfo (RoleInfo.java:updateAndGet(143)) - 68ed38f4-9c13-4e57-963b-0ddf8b5864a6: start LeaderElection
2019-10-15 16:01:34,168 [grpc-default-executor-6] WARN  server.GrpcLogAppender (LogUtils.java:warn(134)) - 2927af6d-ca2a-40e1-b66d-bb9b2759d3f4@group-3F7D09197A50->957624b1-130b-40b6-b716-6996dbe1f26c-AppendLogResponseHandler: Failed appendEntries: org.apache.ratis.thirdparty.io.grpc.StatusRuntimeException: UNAVAILABLE: io exception
2019-10-15 16:01:34,168 [grpc-default-executor-6] INFO  impl.FollowerInfo (FollowerInfo.java:lambda$new$0(51)) - 2927af6d-ca2a-40e1-b66d-bb9b2759d3f4@group-3F7D09197A50->957624b1-130b-40b6-b716-6996dbe1f26c: nextIndex: updateUnconditionally 0 -> 0
2019-10-15 16:01:34,193 [68ed38f4-9c13-4e57-963b-0ddf8b5864a6@group-1CFD3FDF58A3-LeaderElection126] INFO  impl.LeaderElection (LeaderElection.java:askForVotes(178)) - 68ed38f4-9c13-4e57-963b-0ddf8b5864a6@group-1CFD3FDF58A3-LeaderElection126: begin an election at term 7 for 5: [68ed38f4-9c13-4e57-963b-0ddf8b5864a6:192.168.157.236:41318, a01d9800-12e3-4ec3-b51e-50c1eb51d5a4:192.168.157.236:38839, 654dc4fd-4a53-4d66-800b-5d0101b478e0:192.168.157.236:38504], old=null
2019-10-15 16:01:34,194 [68ed38f4-9c13-4e57-963b-0ddf8b5864a6@group-1CFD3FDF58A3-LeaderElection126] INFO  impl.LeaderElection (LogUtils.java:infoOrTrace(149)) - 68ed38f4-9c13-4e57-963b-0ddf8b5864a6@group-1CFD3FDF58A3-LeaderElection126 got exception when requesting votes: {}
java.util.concurrent.ExecutionException: org.apache.ratis.thirdparty.io.grpc.StatusRuntimeException: UNAVAILABLE: io exception
	at java.util.concurrent.FutureTask.report(FutureTask.java:122)
	at java.util.concurrent.FutureTask.get(FutureTask.java:192)
	at org.apache.ratis.server.impl.LeaderElection.waitForResults(LeaderElection.java:259)
	at org.apache.ratis.server.impl.LeaderElection.askForVotes(LeaderElection.java:197)
	at org.apache.ratis.server.impl.LeaderElection.run(LeaderElection.java:133)
	at java.lang.Thread.run(Thread.java:748)
Caused by: org.apache.ratis.thirdparty.io.grpc.StatusRuntimeException: UNAVAILABLE: io exception
	at org.apache.ratis.thirdparty.io.grpc.stub.ClientCalls.toStatusRuntimeException(ClientCalls.java:233)
	at org.apache.ratis.thirdparty.io.grpc.stub.ClientCalls.getUnchecked(ClientCalls.java:214)
	at org.apache.ratis.thirdparty.io.grpc.stub.ClientCalls.blockingUnaryCall(ClientCalls.java:139)
	at org.apache.ratis.proto.grpc.RaftServerProtocolServiceGrpc$RaftServerProtocolServiceBlockingStub.requestVote(RaftServerProtocolServiceGrpc.java:265)
	at org.apache.ratis.grpc.server.GrpcServerProtocolClient.requestVote(GrpcServerProtocolClient.java:99)
	at org.apache.ratis.grpc.server.GrpcService.requestVote(GrpcService.java:204)
	at org.apache.ratis.server.impl.LeaderElection.lambda$submitRequests$1(LeaderElection.java:234)
	at java.util.concurrent.FutureTask.run(FutureTask.java:266)
	at java.util.concurrent.Executors$RunnableAdapter.call(Executors.java:511)
	at java.util.concurrent.FutureTask.run(FutureTask.java:266)
	at java.util.concurrent.ThreadPoolExecutor.runWorker(ThreadPoolExecutor.java:1149)
	at java.util.concurrent.ThreadPoolExecutor$Worker.run(ThreadPoolExecutor.java:624)
	... 1 more
Caused by: org.apache.ratis.thirdparty.io.netty.channel.AbstractChannel$AnnotatedConnectException: Connection refused: /192.168.157.236:38839
	at sun.nio.ch.SocketChannelImpl.checkConnect(Native Method)
	at sun.nio.ch.SocketChannelImpl.finishConnect(SocketChannelImpl.java:717)
	at org.apache.ratis.thirdparty.io.netty.channel.socket.nio.NioSocketChannel.doFinishConnect(NioSocketChannel.java:327)
	at org.apache.ratis.thirdparty.io.netty.channel.nio.AbstractNioChannel$AbstractNioUnsafe.finishConnect(AbstractNioChannel.java:340)
	at org.apache.ratis.thirdparty.io.netty.channel.nio.NioEventLoop.processSelectedKey(NioEventLoop.java:632)
	at org.apache.ratis.thirdparty.io.netty.channel.nio.NioEventLoop.processSelectedKeysOptimized(NioEventLoop.java:579)
	at org.apache.ratis.thirdparty.io.netty.channel.nio.NioEventLoop.processSelectedKeys(NioEventLoop.java:496)
	at org.apache.ratis.thirdparty.io.netty.channel.nio.NioEventLoop.run(NioEventLoop.java:458)
	at org.apache.ratis.thirdparty.io.netty.util.concurrent.SingleThreadEventExecutor$5.run(SingleThreadEventExecutor.java:897)
	at org.apache.ratis.thirdparty.io.netty.util.concurrent.FastThreadLocalRunnable.run(FastThreadLocalRunnable.java:30)
	... 1 more
Caused by: java.net.ConnectException: Connection refused
	... 11 more
2019-10-15 16:01:34,194 [68ed38f4-9c13-4e57-963b-0ddf8b5864a6@group-1CFD3FDF58A3-LeaderElection126] INFO  impl.LeaderElection (LogUtils.java:infoOrTrace(149)) - 68ed38f4-9c13-4e57-963b-0ddf8b5864a6@group-1CFD3FDF58A3-LeaderElection126 got exception when requesting votes: {}
java.util.concurrent.ExecutionException: org.apache.ratis.thirdparty.io.grpc.StatusRuntimeException: UNAVAILABLE: io exception
	at java.util.concurrent.FutureTask.report(FutureTask.java:122)
	at java.util.concurrent.FutureTask.get(FutureTask.java:192)
	at org.apache.ratis.server.impl.LeaderElection.waitForResults(LeaderElection.java:259)
	at org.apache.ratis.server.impl.LeaderElection.askForVotes(LeaderElection.java:197)
	at org.apache.ratis.server.impl.LeaderElection.run(LeaderElection.java:133)
	at java.lang.Thread.run(Thread.java:748)
Caused by: org.apache.ratis.thirdparty.io.grpc.StatusRuntimeException: UNAVAILABLE: io exception
	at org.apache.ratis.thirdparty.io.grpc.stub.ClientCalls.toStatusRuntimeException(ClientCalls.java:233)
	at org.apache.ratis.thirdparty.io.grpc.stub.ClientCalls.getUnchecked(ClientCalls.java:214)
	at org.apache.ratis.thirdparty.io.grpc.stub.ClientCalls.blockingUnaryCall(ClientCalls.java:139)
	at org.apache.ratis.proto.grpc.RaftServerProtocolServiceGrpc$RaftServerProtocolServiceBlockingStub.requestVote(RaftServerProtocolServiceGrpc.java:265)
	at org.apache.ratis.grpc.server.GrpcServerProtocolClient.requestVote(GrpcServerProtocolClient.java:99)
	at org.apache.ratis.grpc.server.GrpcService.requestVote(GrpcService.java:204)
	at org.apache.ratis.server.impl.LeaderElection.lambda$submitRequests$1(LeaderElection.java:234)
	at java.util.concurrent.FutureTask.run(FutureTask.java:266)
	at java.util.concurrent.Executors$RunnableAdapter.call(Executors.java:511)
	at java.util.concurrent.FutureTask.run(FutureTask.java:266)
	at java.util.concurrent.ThreadPoolExecutor.runWorker(ThreadPoolExecutor.java:1149)
	at java.util.concurrent.ThreadPoolExecutor$Worker.run(ThreadPoolExecutor.java:624)
	... 1 more
Caused by: org.apache.ratis.thirdparty.io.netty.channel.AbstractChannel$AnnotatedConnectException: Connection refused: /192.168.157.236:38504
	at sun.nio.ch.SocketChannelImpl.checkConnect(Native Method)
	at sun.nio.ch.SocketChannelImpl.finishConnect(SocketChannelImpl.java:717)
	at org.apache.ratis.thirdparty.io.netty.channel.socket.nio.NioSocketChannel.doFinishConnect(NioSocketChannel.java:327)
	at org.apache.ratis.thirdparty.io.netty.channel.nio.AbstractNioChannel$AbstractNioUnsafe.finishConnect(AbstractNioChannel.java:340)
	at org.apache.ratis.thirdparty.io.netty.channel.nio.NioEventLoop.processSelectedKey(NioEventLoop.java:632)
	at org.apache.ratis.thirdparty.io.netty.channel.nio.NioEventLoop.processSelectedKeysOptimized(NioEventLoop.java:579)
	at org.apache.ratis.thirdparty.io.netty.channel.nio.NioEventLoop.processSelectedKeys(NioEventLoop.java:496)
	at org.apache.ratis.thirdparty.io.netty.channel.nio.NioEventLoop.run(NioEventLoop.java:458)
	at org.apache.ratis.thirdparty.io.netty.util.concurrent.SingleThreadEventExecutor$5.run(SingleThreadEventExecutor.java:897)
	at org.apache.ratis.thirdparty.io.netty.util.concurrent.FastThreadLocalRunnable.run(FastThreadLocalRunnable.java:30)
	... 1 more
Caused by: java.net.ConnectException: Connection refused
	... 11 more
2019-10-15 16:01:34,195 [68ed38f4-9c13-4e57-963b-0ddf8b5864a6@group-1CFD3FDF58A3-LeaderElection126] INFO  impl.LeaderElection (LeaderElection.java:logAndReturn(56)) - 68ed38f4-9c13-4e57-963b-0ddf8b5864a6@group-1CFD3FDF58A3-LeaderElection126: Election REJECTED; received 0 response(s) [] and 2 exception(s); 68ed38f4-9c13-4e57-963b-0ddf8b5864a6@group-1CFD3FDF58A3:t7, leader=null, voted=68ed38f4-9c13-4e57-963b-0ddf8b5864a6, raftlog=68ed38f4-9c13-4e57-963b-0ddf8b5864a6@group-1CFD3FDF58A3-SegmentedRaftLog:OPENED:c13,f13,i13, conf=5: [68ed38f4-9c13-4e57-963b-0ddf8b5864a6:192.168.157.236:41318, a01d9800-12e3-4ec3-b51e-50c1eb51d5a4:192.168.157.236:38839, 654dc4fd-4a53-4d66-800b-5d0101b478e0:192.168.157.236:38504], old=null
2019-10-15 16:01:34,195 [68ed38f4-9c13-4e57-963b-0ddf8b5864a6@group-1CFD3FDF58A3-LeaderElection126] INFO  impl.LeaderElection (LogUtils.java:infoOrTrace(149)) -   Exception 0: {}
java.util.concurrent.ExecutionException: org.apache.ratis.thirdparty.io.grpc.StatusRuntimeException: UNAVAILABLE: io exception
	at java.util.concurrent.FutureTask.report(FutureTask.java:122)
	at java.util.concurrent.FutureTask.get(FutureTask.java:192)
	at org.apache.ratis.server.impl.LeaderElection.waitForResults(LeaderElection.java:259)
	at org.apache.ratis.server.impl.LeaderElection.askForVotes(LeaderElection.java:197)
	at org.apache.ratis.server.impl.LeaderElection.run(LeaderElection.java:133)
	at java.lang.Thread.run(Thread.java:748)
Caused by: org.apache.ratis.thirdparty.io.grpc.StatusRuntimeException: UNAVAILABLE: io exception
	at org.apache.ratis.thirdparty.io.grpc.stub.ClientCalls.toStatusRuntimeException(ClientCalls.java:233)
	at org.apache.ratis.thirdparty.io.grpc.stub.ClientCalls.getUnchecked(ClientCalls.java:214)
	at org.apache.ratis.thirdparty.io.grpc.stub.ClientCalls.blockingUnaryCall(ClientCalls.java:139)
	at org.apache.ratis.proto.grpc.RaftServerProtocolServiceGrpc$RaftServerProtocolServiceBlockingStub.requestVote(RaftServerProtocolServiceGrpc.java:265)
	at org.apache.ratis.grpc.server.GrpcServerProtocolClient.requestVote(GrpcServerProtocolClient.java:99)
	at org.apache.ratis.grpc.server.GrpcService.requestVote(GrpcService.java:204)
	at org.apache.ratis.server.impl.LeaderElection.lambda$submitRequests$1(LeaderElection.java:234)
	at java.util.concurrent.FutureTask.run(FutureTask.java:266)
	at java.util.concurrent.Executors$RunnableAdapter.call(Executors.java:511)
	at java.util.concurrent.FutureTask.run(FutureTask.java:266)
	at java.util.concurrent.ThreadPoolExecutor.runWorker(ThreadPoolExecutor.java:1149)
	at java.util.concurrent.ThreadPoolExecutor$Worker.run(ThreadPoolExecutor.java:624)
	... 1 more
Caused by: org.apache.ratis.thirdparty.io.netty.channel.AbstractChannel$AnnotatedConnectException: Connection refused: /192.168.157.236:38839
	at sun.nio.ch.SocketChannelImpl.checkConnect(Native Method)
	at sun.nio.ch.SocketChannelImpl.finishConnect(SocketChannelImpl.java:717)
	at org.apache.ratis.thirdparty.io.netty.channel.socket.nio.NioSocketChannel.doFinishConnect(NioSocketChannel.java:327)
	at org.apache.ratis.thirdparty.io.netty.channel.nio.AbstractNioChannel$AbstractNioUnsafe.finishConnect(AbstractNioChannel.java:340)
	at org.apache.ratis.thirdparty.io.netty.channel.nio.NioEventLoop.processSelectedKey(NioEventLoop.java:632)
	at org.apache.ratis.thirdparty.io.netty.channel.nio.NioEventLoop.processSelectedKeysOptimized(NioEventLoop.java:579)
	at org.apache.ratis.thirdparty.io.netty.channel.nio.NioEventLoop.processSelectedKeys(NioEventLoop.java:496)
	at org.apache.ratis.thirdparty.io.netty.channel.nio.NioEventLoop.run(NioEventLoop.java:458)
	at org.apache.ratis.thirdparty.io.netty.util.concurrent.SingleThreadEventExecutor$5.run(SingleThreadEventExecutor.java:897)
	at org.apache.ratis.thirdparty.io.netty.util.concurrent.FastThreadLocalRunnable.run(FastThreadLocalRunnable.java:30)
	... 1 more
Caused by: java.net.ConnectException: Connection refused
	... 11 more
2019-10-15 16:01:34,195 [68ed38f4-9c13-4e57-963b-0ddf8b5864a6@group-1CFD3FDF58A3-LeaderElection126] INFO  impl.LeaderElection (LogUtils.java:infoOrTrace(149)) -   Exception 1: {}
java.util.concurrent.ExecutionException: org.apache.ratis.thirdparty.io.grpc.StatusRuntimeException: UNAVAILABLE: io exception
	at java.util.concurrent.FutureTask.report(FutureTask.java:122)
	at java.util.concurrent.FutureTask.get(FutureTask.java:192)
	at org.apache.ratis.server.impl.LeaderElection.waitForResults(LeaderElection.java:259)
	at org.apache.ratis.server.impl.LeaderElection.askForVotes(LeaderElection.java:197)
	at org.apache.ratis.server.impl.LeaderElection.run(LeaderElection.java:133)
	at java.lang.Thread.run(Thread.java:748)
Caused by: org.apache.ratis.thirdparty.io.grpc.StatusRuntimeException: UNAVAILABLE: io exception
	at org.apache.ratis.thirdparty.io.grpc.stub.ClientCalls.toStatusRuntimeException(ClientCalls.java:233)
	at org.apache.ratis.thirdparty.io.grpc.stub.ClientCalls.getUnchecked(ClientCalls.java:214)
	at org.apache.ratis.thirdparty.io.grpc.stub.ClientCalls.blockingUnaryCall(ClientCalls.java:139)
	at org.apache.ratis.proto.grpc.RaftServerProtocolServiceGrpc$RaftServerProtocolServiceBlockingStub.requestVote(RaftServerProtocolServiceGrpc.java:265)
	at org.apache.ratis.grpc.server.GrpcServerProtocolClient.requestVote(GrpcServerProtocolClient.java:99)
	at org.apache.ratis.grpc.server.GrpcService.requestVote(GrpcService.java:204)
	at org.apache.ratis.server.impl.LeaderElection.lambda$submitRequests$1(LeaderElection.java:234)
	at java.util.concurrent.FutureTask.run(FutureTask.java:266)
	at java.util.concurrent.Executors$RunnableAdapter.call(Executors.java:511)
	at java.util.concurrent.FutureTask.run(FutureTask.java:266)
	at java.util.concurrent.ThreadPoolExecutor.runWorker(ThreadPoolExecutor.java:1149)
	at java.util.concurrent.ThreadPoolExecutor$Worker.run(ThreadPoolExecutor.java:624)
	... 1 more
Caused by: org.apache.ratis.thirdparty.io.netty.channel.AbstractChannel$AnnotatedConnectException: Connection refused: /192.168.157.236:38504
	at sun.nio.ch.SocketChannelImpl.checkConnect(Native Method)
	at sun.nio.ch.SocketChannelImpl.finishConnect(SocketChannelImpl.java:717)
	at org.apache.ratis.thirdparty.io.netty.channel.socket.nio.NioSocketChannel.doFinishConnect(NioSocketChannel.java:327)
	at org.apache.ratis.thirdparty.io.netty.channel.nio.AbstractNioChannel$AbstractNioUnsafe.finishConnect(AbstractNioChannel.java:340)
	at org.apache.ratis.thirdparty.io.netty.channel.nio.NioEventLoop.processSelectedKey(NioEventLoop.java:632)
	at org.apache.ratis.thirdparty.io.netty.channel.nio.NioEventLoop.processSelectedKeysOptimized(NioEventLoop.java:579)
	at org.apache.ratis.thirdparty.io.netty.channel.nio.NioEventLoop.processSelectedKeys(NioEventLoop.java:496)
	at org.apache.ratis.thirdparty.io.netty.channel.nio.NioEventLoop.run(NioEventLoop.java:458)
	at org.apache.ratis.thirdparty.io.netty.util.concurrent.SingleThreadEventExecutor$5.run(SingleThreadEventExecutor.java:897)
	at org.apache.ratis.thirdparty.io.netty.util.concurrent.FastThreadLocalRunnable.run(FastThreadLocalRunnable.java:30)
	... 1 more
Caused by: java.net.ConnectException: Connection refused
	... 11 more
2019-10-15 16:01:34,196 [68ed38f4-9c13-4e57-963b-0ddf8b5864a6@group-1CFD3FDF58A3-LeaderElection126] INFO  impl.RaftServerImpl (RaftServerImpl.java:setRole(170)) - 68ed38f4-9c13-4e57-963b-0ddf8b5864a6@group-1CFD3FDF58A3: changes role from CANDIDATE to FOLLOWER at term 7 for DISCOVERED_A_NEW_TERM
2019-10-15 16:01:34,196 [68ed38f4-9c13-4e57-963b-0ddf8b5864a6@group-1CFD3FDF58A3-LeaderElection126] INFO  impl.RoleInfo (RoleInfo.java:shutdownLeaderElection(134)) - 68ed38f4-9c13-4e57-963b-0ddf8b5864a6: shutdown LeaderElection
2019-10-15 16:01:34,196 [68ed38f4-9c13-4e57-963b-0ddf8b5864a6@group-1CFD3FDF58A3-LeaderElection126] INFO  impl.RoleInfo (RoleInfo.java:updateAndGet(143)) - 68ed38f4-9c13-4e57-963b-0ddf8b5864a6: start FollowerState
2019-10-15 16:01:34,466 [grpc-default-executor-6] WARN  server.GrpcLogAppender (LogUtils.java:warn(134)) - b35b7e43-25db-42e2-b325-3149b7a1b771@group-C4DA4798FEA9->e2095ed4-6e7f-4ca6-8a9b-1989176657a6-AppendLogResponseHandler: Failed appendEntries: org.apache.ratis.thirdparty.io.grpc.StatusRuntimeException: UNAVAILABLE: io exception
2019-10-15 16:01:34,466 [grpc-default-executor-6] INFO  impl.FollowerInfo (FollowerInfo.java:lambda$new$0(51)) - b35b7e43-25db-42e2-b325-3149b7a1b771@group-C4DA4798FEA9->e2095ed4-6e7f-4ca6-8a9b-1989176657a6: nextIndex: updateUnconditionally 0 -> 0
2019-10-15 16:01:34,472 [grpc-default-executor-6] WARN  server.GrpcLogAppender (LogUtils.java:warn(134)) - b35b7e43-25db-42e2-b325-3149b7a1b771@group-C4DA4798FEA9->28e55072-d071-4509-bf9d-64087afe3472-AppendLogResponseHandler: Failed appendEntries: org.apache.ratis.thirdparty.io.grpc.StatusRuntimeException: UNAVAILABLE: io exception
2019-10-15 16:01:34,472 [grpc-default-executor-6] INFO  impl.FollowerInfo (FollowerInfo.java:lambda$new$0(51)) - b35b7e43-25db-42e2-b325-3149b7a1b771@group-C4DA4798FEA9->28e55072-d071-4509-bf9d-64087afe3472: nextIndex: updateUnconditionally 0 -> 0
2019-10-15 16:01:34,664 [ForkJoinPool.commonPool-worker-0] INFO  ozoneimpl.OzoneContainer (OzoneContainer.java:stop(227)) - Attempting to stop container services.
2019-10-15 16:01:34,665 [ForkJoinPool.commonPool-worker-0] INFO  impl.RaftServerProxy (RaftServerProxy.java:lambda$close$4(314)) - b35b7e43-25db-42e2-b325-3149b7a1b771: close
2019-10-15 16:01:34,665 [ForkJoinPool.commonPool-worker-0] INFO  impl.RaftServerImpl (RaftServerImpl.java:lambda$shutdown$3(247)) - b35b7e43-25db-42e2-b325-3149b7a1b771@group-0409D57F533B: shutdown
2019-10-15 16:01:34,666 [ForkJoinPool.commonPool-worker-0] INFO  util.JmxRegister (JmxRegister.java:unregister(73)) - Successfully un-registered JMX Bean with object name Ratis:service=RaftServer,group=group-0409D57F533B,id=b35b7e43-25db-42e2-b325-3149b7a1b771
2019-10-15 16:01:34,666 [ForkJoinPool.commonPool-worker-0] INFO  impl.RoleInfo (RoleInfo.java:shutdownLeaderState(104)) - b35b7e43-25db-42e2-b325-3149b7a1b771: shutdown LeaderState
2019-10-15 16:01:34,666 [ForkJoinPool.commonPool-worker-0] INFO  impl.PendingRequests (PendingRequests.java:sendNotLeaderResponses(202)) - b35b7e43-25db-42e2-b325-3149b7a1b771@group-0409D57F533B-PendingRequests: sendNotLeaderResponses
2019-10-15 16:01:34,667 [ForkJoinPool.commonPool-worker-0] INFO  impl.StateMachineUpdater (StateMachineUpdater.java:stopAndJoin(136)) - b35b7e43-25db-42e2-b325-3149b7a1b771@group-0409D57F533B-StateMachineUpdater: set stopIndex = 0
2019-10-15 16:01:34,667 [ForkJoinPool.commonPool-worker-0] INFO  impl.RaftServerImpl (ServerState.java:close(387)) - b35b7e43-25db-42e2-b325-3149b7a1b771@group-0409D57F533B: closes. applyIndex: 0
2019-10-15 16:01:34,668 [b35b7e43-25db-42e2-b325-3149b7a1b771@group-0409D57F533B-SegmentedRaftLogWorker] INFO  segmented.SegmentedRaftLogWorker (SegmentedRaftLogWorker.java:run(316)) - b35b7e43-25db-42e2-b325-3149b7a1b771@group-0409D57F533B-SegmentedRaftLogWorker was interrupted, exiting. There are 0 tasks remaining in the queue.
2019-10-15 16:01:34,668 [grpc-default-executor-6] WARN  server.GrpcLogAppender (LogUtils.java:warn(134)) - 2927af6d-ca2a-40e1-b66d-bb9b2759d3f4@group-3F7D09197A50->957624b1-130b-40b6-b716-6996dbe1f26c-AppendLogResponseHandler: Failed appendEntries: org.apache.ratis.thirdparty.io.grpc.StatusRuntimeException: UNAVAILABLE: io exception
2019-10-15 16:01:34,669 [ForkJoinPool.commonPool-worker-0] INFO  segmented.SegmentedRaftLogWorker (SegmentedRaftLogWorker.java:close(224)) - b35b7e43-25db-42e2-b325-3149b7a1b771@group-0409D57F533B-SegmentedRaftLogWorker close()
2019-10-15 16:01:34,669 [grpc-default-executor-6] INFO  impl.FollowerInfo (FollowerInfo.java:lambda$new$0(51)) - 2927af6d-ca2a-40e1-b66d-bb9b2759d3f4@group-3F7D09197A50->957624b1-130b-40b6-b716-6996dbe1f26c: nextIndex: updateUnconditionally 0 -> 0
2019-10-15 16:01:34,671 [ForkJoinPool.commonPool-worker-0] INFO  impl.RaftServerImpl (RaftServerImpl.java:lambda$shutdown$3(247)) - b35b7e43-25db-42e2-b325-3149b7a1b771@group-C4DA4798FEA9: shutdown
2019-10-15 16:01:34,672 [ForkJoinPool.commonPool-worker-0] INFO  util.JmxRegister (JmxRegister.java:unregister(73)) - Successfully un-registered JMX Bean with object name Ratis:service=RaftServer,group=group-C4DA4798FEA9,id=b35b7e43-25db-42e2-b325-3149b7a1b771
2019-10-15 16:01:34,672 [ForkJoinPool.commonPool-worker-0] INFO  impl.RoleInfo (RoleInfo.java:shutdownLeaderState(104)) - b35b7e43-25db-42e2-b325-3149b7a1b771: shutdown LeaderState
2019-10-15 16:01:34,673 [org.apache.ratis.server.impl.LogAppender$AppenderDaemon$$Lambda$482/1547993981@2376a598] WARN  server.GrpcLogAppender (GrpcLogAppender.java:mayWait(143)) - b35b7e43-25db-42e2-b325-3149b7a1b771@group-C4DA4798FEA9->e2095ed4-6e7f-4ca6-8a9b-1989176657a6-GrpcLogAppender: Wait interrupted by java.lang.InterruptedException
2019-10-15 16:01:34,675 [org.apache.ratis.server.impl.LogAppender$AppenderDaemon$$Lambda$482/1547993981@2d1613e8] WARN  server.GrpcLogAppender (GrpcLogAppender.java:mayWait(143)) - b35b7e43-25db-42e2-b325-3149b7a1b771@group-C4DA4798FEA9->28e55072-d071-4509-bf9d-64087afe3472-GrpcLogAppender: Wait interrupted by java.lang.InterruptedException
2019-10-15 16:01:34,675 [ForkJoinPool.commonPool-worker-0] INFO  impl.PendingRequests (PendingRequests.java:sendNotLeaderResponses(202)) - b35b7e43-25db-42e2-b325-3149b7a1b771@group-C4DA4798FEA9-PendingRequests: sendNotLeaderResponses
2019-10-15 16:01:34,678 [ForkJoinPool.commonPool-worker-0] INFO  impl.StateMachineUpdater (StateMachineUpdater.java:stopAndJoin(136)) - b35b7e43-25db-42e2-b325-3149b7a1b771@group-C4DA4798FEA9-StateMachineUpdater: set stopIndex = 4
2019-10-15 16:01:34,679 [b35b7e43-25db-42e2-b325-3149b7a1b771@group-C4DA4798FEA9-StateMachineUpdater] INFO  ratis.ContainerStateMachine (ContainerStateMachine.java:takeSnapshot(294)) - group-C4DA4798FEA9: Taking a snapshot at:(t:1, i:4) file /workdir/hadoop-ozone/integration-test/target/test-dir/MiniOzoneClusterImpl-db5d02a6-340f-494d-b00e-bf4b2df0003c/datanode-4/data/ratis/91036be7-ad1c-4b0c-9f77-c4da4798fea9/sm/snapshot.1_4
2019-10-15 16:01:34,712 [b35b7e43-25db-42e2-b325-3149b7a1b771@group-C4DA4798FEA9-StateMachineUpdater] INFO  ratis.ContainerStateMachine (ContainerStateMachine.java:takeSnapshot(305)) - group-C4DA4798FEA9: Finished taking a snapshot at:(t:1, i:4) file:/workdir/hadoop-ozone/integration-test/target/test-dir/MiniOzoneClusterImpl-db5d02a6-340f-494d-b00e-bf4b2df0003c/datanode-4/data/ratis/91036be7-ad1c-4b0c-9f77-c4da4798fea9/sm/snapshot.1_4 time:34
2019-10-15 16:01:34,712 [b35b7e43-25db-42e2-b325-3149b7a1b771@group-C4DA4798FEA9-StateMachineUpdater] INFO  impl.StateMachineUpdater (StateMachineUpdater.java:takeSnapshot(269)) - b35b7e43-25db-42e2-b325-3149b7a1b771@group-C4DA4798FEA9-StateMachineUpdater: Took a snapshot at index 4
2019-10-15 16:01:34,712 [b35b7e43-25db-42e2-b325-3149b7a1b771@group-C4DA4798FEA9-StateMachineUpdater] INFO  impl.StateMachineUpdater (StateMachineUpdater.java:lambda$new$0(84)) - b35b7e43-25db-42e2-b325-3149b7a1b771@group-C4DA4798FEA9-StateMachineUpdater: snapshotIndex: updateIncreasingly -1 -> 4
2019-10-15 16:01:34,713 [ForkJoinPool.commonPool-worker-0] INFO  impl.RaftServerImpl (ServerState.java:close(387)) - b35b7e43-25db-42e2-b325-3149b7a1b771@group-C4DA4798FEA9: closes. applyIndex: 4
2019-10-15 16:01:34,713 [b35b7e43-25db-42e2-b325-3149b7a1b771@group-C4DA4798FEA9-SegmentedRaftLogWorker] INFO  segmented.SegmentedRaftLogWorker (SegmentedRaftLogWorker.java:run(316)) - b35b7e43-25db-42e2-b325-3149b7a1b771@group-C4DA4798FEA9-SegmentedRaftLogWorker was interrupted, exiting. There are 0 tasks remaining in the queue.
2019-10-15 16:01:34,713 [ForkJoinPool.commonPool-worker-0] INFO  segmented.SegmentedRaftLogWorker (SegmentedRaftLogWorker.java:close(224)) - b35b7e43-25db-42e2-b325-3149b7a1b771@group-C4DA4798FEA9-SegmentedRaftLogWorker close()
2019-10-15 16:01:34,715 [ForkJoinPool.commonPool-worker-0] INFO  server.GrpcService (GrpcService.java:closeImpl(164)) - b35b7e43-25db-42e2-b325-3149b7a1b771: shutdown server with port 34113 now
2019-10-15 16:01:34,715 [ForkJoinPool.commonPool-worker-0] INFO  server.GrpcService (GrpcService.java:closeImpl(172)) - b35b7e43-25db-42e2-b325-3149b7a1b771: shutdown server with port 34113 successfully
2019-10-15 16:01:34,717 [refreshUsed-/workdir/hadoop-ozone/integration-test/target/test-dir/MiniOzoneClusterImpl-db5d02a6-340f-494d-b00e-bf4b2df0003c/datanode-4/data/containers] WARN  fs.CachingGetSpaceUsed (CachingGetSpaceUsed.java:run(183)) - Thread Interrupted waiting to refresh disk information: sleep interrupted
2019-10-15 16:01:34,731 [ForkJoinPool.commonPool-worker-0] INFO  utils.BackgroundService (BackgroundService.java:shutdown(151)) - Shutting down service BlockDeletingService
2019-10-15 16:01:34,733 [ForkJoinPool.commonPool-worker-0] INFO  statemachine.DatanodeStateMachine (DatanodeStateMachine.java:stopDaemon(395)) - Ozone container server stopped.
2019-10-15 16:01:34,749 [ForkJoinPool.commonPool-worker-0] INFO  handler.ContextHandler (ContextHandler.java:doStop(910)) - Stopped o.e.j.w.WebAppContext@4e48462d{/,null,UNAVAILABLE}{/hddsDatanode}
2019-10-15 16:01:34,750 [ForkJoinPool.commonPool-worker-0] INFO  server.AbstractConnector (AbstractConnector.java:doStop(318)) - Stopped ServerConnector@17216605{HTTP/1.1,[http/1.1]}{0.0.0.0:0}
2019-10-15 16:01:34,751 [ForkJoinPool.commonPool-worker-0] INFO  handler.ContextHandler (ContextHandler.java:doStop(910)) - Stopped o.e.j.s.ServletContextHandler@2b441e56{/static,jar:file:/home/user/.m2/repository/org/apache/hadoop/hadoop-hdds-container-service/0.5.0-SNAPSHOT/hadoop-hdds-container-service-0.5.0-SNAPSHOT.jar!/webapps/static,UNAVAILABLE}
2019-10-15 16:01:34,752 [ForkJoinPool.commonPool-worker-0] INFO  handler.ContextHandler (ContextHandler.java:doStop(910)) - Stopped o.e.j.s.ServletContextHandler@54326e9{/logs,file:///workdir/hadoop-ozone/integration-test/target/log,UNAVAILABLE}
2019-10-15 16:01:34,943 [main] INFO  ozoneimpl.OzoneContainer (OzoneContainer.java:stop(227)) - Attempting to stop container services.
2019-10-15 16:01:34,944 [main] INFO  impl.RaftServerProxy (RaftServerProxy.java:lambda$close$4(314)) - 68ed38f4-9c13-4e57-963b-0ddf8b5864a6: close
2019-10-15 16:01:34,944 [main] INFO  impl.RaftServerImpl (RaftServerImpl.java:lambda$shutdown$3(247)) - 68ed38f4-9c13-4e57-963b-0ddf8b5864a6@group-1CFD3FDF58A3: shutdown
2019-10-15 16:01:34,944 [main] INFO  util.JmxRegister (JmxRegister.java:unregister(73)) - Successfully un-registered JMX Bean with object name Ratis:service=RaftServer,group=group-1CFD3FDF58A3,id=68ed38f4-9c13-4e57-963b-0ddf8b5864a6
2019-10-15 16:01:34,945 [main] INFO  impl.RoleInfo (RoleInfo.java:shutdownFollowerState(121)) - 68ed38f4-9c13-4e57-963b-0ddf8b5864a6: shutdown FollowerState
2019-10-15 16:01:34,945 [main] INFO  impl.StateMachineUpdater (StateMachineUpdater.java:stopAndJoin(136)) - 68ed38f4-9c13-4e57-963b-0ddf8b5864a6@group-1CFD3FDF58A3-StateMachineUpdater: set stopIndex = 13
2019-10-15 16:01:34,945 [68ed38f4-9c13-4e57-963b-0ddf8b5864a6@group-1CFD3FDF58A3-StateMachineUpdater] INFO  ratis.ContainerStateMachine (ContainerStateMachine.java:takeSnapshot(294)) - group-1CFD3FDF58A3: Taking a snapshot at:(t:4, i:11) file /workdir/hadoop-ozone/integration-test/target/test-dir/MiniOzoneClusterImpl-db5d02a6-340f-494d-b00e-bf4b2df0003c/datanode-8/data/ratis/d27e5be7-3324-4d93-8f8f-1cfd3fdf58a3/sm/snapshot.4_11
2019-10-15 16:01:34,945 [Thread-4123] INFO  impl.FollowerState (FollowerState.java:run(117)) - 68ed38f4-9c13-4e57-963b-0ddf8b5864a6@group-1CFD3FDF58A3-FollowerState was interrupted: java.lang.InterruptedException: sleep interrupted
2019-10-15 16:01:34,968 [68ed38f4-9c13-4e57-963b-0ddf8b5864a6@group-1CFD3FDF58A3-StateMachineUpdater] INFO  ratis.ContainerStateMachine (ContainerStateMachine.java:takeSnapshot(305)) - group-1CFD3FDF58A3: Finished taking a snapshot at:(t:4, i:11) file:/workdir/hadoop-ozone/integration-test/target/test-dir/MiniOzoneClusterImpl-db5d02a6-340f-494d-b00e-bf4b2df0003c/datanode-8/data/ratis/d27e5be7-3324-4d93-8f8f-1cfd3fdf58a3/sm/snapshot.4_11 time:23
2019-10-15 16:01:34,968 [68ed38f4-9c13-4e57-963b-0ddf8b5864a6@group-1CFD3FDF58A3-StateMachineUpdater] INFO  impl.StateMachineUpdater (StateMachineUpdater.java:takeSnapshot(269)) - 68ed38f4-9c13-4e57-963b-0ddf8b5864a6@group-1CFD3FDF58A3-StateMachineUpdater: Took a snapshot at index 11
2019-10-15 16:01:34,968 [68ed38f4-9c13-4e57-963b-0ddf8b5864a6@group-1CFD3FDF58A3-StateMachineUpdater] INFO  impl.StateMachineUpdater (StateMachineUpdater.java:lambda$new$0(84)) - 68ed38f4-9c13-4e57-963b-0ddf8b5864a6@group-1CFD3FDF58A3-StateMachineUpdater: snapshotIndex: updateIncreasingly -1 -> 11
2019-10-15 16:01:34,968 [68ed38f4-9c13-4e57-963b-0ddf8b5864a6@group-1CFD3FDF58A3-StateMachineUpdater] INFO  ratis.ContainerStateMachine (ContainerStateMachine.java:takeSnapshot(294)) - group-1CFD3FDF58A3: Taking a snapshot at:(t:4, i:11) file /workdir/hadoop-ozone/integration-test/target/test-dir/MiniOzoneClusterImpl-db5d02a6-340f-494d-b00e-bf4b2df0003c/datanode-8/data/ratis/d27e5be7-3324-4d93-8f8f-1cfd3fdf58a3/sm/snapshot.4_11
2019-10-15 16:01:34,991 [68ed38f4-9c13-4e57-963b-0ddf8b5864a6@group-1CFD3FDF58A3-StateMachineUpdater] INFO  ratis.ContainerStateMachine (ContainerStateMachine.java:takeSnapshot(305)) - group-1CFD3FDF58A3: Finished taking a snapshot at:(t:4, i:11) file:/workdir/hadoop-ozone/integration-test/target/test-dir/MiniOzoneClusterImpl-db5d02a6-340f-494d-b00e-bf4b2df0003c/datanode-8/data/ratis/d27e5be7-3324-4d93-8f8f-1cfd3fdf58a3/sm/snapshot.4_11 time:22
2019-10-15 16:01:34,991 [68ed38f4-9c13-4e57-963b-0ddf8b5864a6@group-1CFD3FDF58A3-StateMachineUpdater] INFO  impl.StateMachineUpdater (StateMachineUpdater.java:takeSnapshot(269)) - 68ed38f4-9c13-4e57-963b-0ddf8b5864a6@group-1CFD3FDF58A3-StateMachineUpdater: Took a snapshot at index 11
2019-10-15 16:01:34,991 [68ed38f4-9c13-4e57-963b-0ddf8b5864a6@group-1CFD3FDF58A3-StateMachineUpdater] INFO  impl.StateMachineUpdater (StateMachineUpdater.java:lambda$new$0(84)) - 68ed38f4-9c13-4e57-963b-0ddf8b5864a6@group-1CFD3FDF58A3-StateMachineUpdater: snapshotIndex: updateIncreasingly 11 -> 11
2019-10-15 16:01:34,991 [main] INFO  impl.RaftServerImpl (ServerState.java:close(387)) - 68ed38f4-9c13-4e57-963b-0ddf8b5864a6@group-1CFD3FDF58A3: closes. applyIndex: 13
2019-10-15 16:01:34,992 [68ed38f4-9c13-4e57-963b-0ddf8b5864a6@group-1CFD3FDF58A3-SegmentedRaftLogWorker] INFO  segmented.SegmentedRaftLogWorker (SegmentedRaftLogWorker.java:run(316)) - 68ed38f4-9c13-4e57-963b-0ddf8b5864a6@group-1CFD3FDF58A3-SegmentedRaftLogWorker was interrupted, exiting. There are 0 tasks remaining in the queue.
2019-10-15 16:01:34,992 [main] INFO  segmented.SegmentedRaftLogWorker (SegmentedRaftLogWorker.java:close(224)) - 68ed38f4-9c13-4e57-963b-0ddf8b5864a6@group-1CFD3FDF58A3-SegmentedRaftLogWorker close()
2019-10-15 16:01:34,994 [main] INFO  impl.RaftServerImpl (RaftServerImpl.java:lambda$shutdown$3(247)) - 68ed38f4-9c13-4e57-963b-0ddf8b5864a6@group-E435B33291A2: shutdown
2019-10-15 16:01:34,994 [main] INFO  util.JmxRegister (JmxRegister.java:unregister(73)) - Successfully un-registered JMX Bean with object name Ratis:service=RaftServer,group=group-E435B33291A2,id=68ed38f4-9c13-4e57-963b-0ddf8b5864a6
2019-10-15 16:01:34,995 [main] INFO  impl.RoleInfo (RoleInfo.java:shutdownLeaderState(104)) - 68ed38f4-9c13-4e57-963b-0ddf8b5864a6: shutdown LeaderState
2019-10-15 16:01:34,995 [main] INFO  impl.PendingRequests (PendingRequests.java:sendNotLeaderResponses(202)) - 68ed38f4-9c13-4e57-963b-0ddf8b5864a6@group-E435B33291A2-PendingRequests: sendNotLeaderResponses
2019-10-15 16:01:34,995 [main] INFO  impl.StateMachineUpdater (StateMachineUpdater.java:stopAndJoin(136)) - 68ed38f4-9c13-4e57-963b-0ddf8b5864a6@group-E435B33291A2-StateMachineUpdater: set stopIndex = 0
2019-10-15 16:01:34,995 [main] INFO  impl.RaftServerImpl (ServerState.java:close(387)) - 68ed38f4-9c13-4e57-963b-0ddf8b5864a6@group-E435B33291A2: closes. applyIndex: 0
2019-10-15 16:01:34,995 [68ed38f4-9c13-4e57-963b-0ddf8b5864a6@group-E435B33291A2-SegmentedRaftLogWorker] INFO  segmented.SegmentedRaftLogWorker (SegmentedRaftLogWorker.java:run(316)) - 68ed38f4-9c13-4e57-963b-0ddf8b5864a6@group-E435B33291A2-SegmentedRaftLogWorker was interrupted, exiting. There are 0 tasks remaining in the queue.
2019-10-15 16:01:34,996 [main] INFO  segmented.SegmentedRaftLogWorker (SegmentedRaftLogWorker.java:close(224)) - 68ed38f4-9c13-4e57-963b-0ddf8b5864a6@group-E435B33291A2-SegmentedRaftLogWorker close()
2019-10-15 16:01:34,997 [main] INFO  server.GrpcService (GrpcService.java:closeImpl(164)) - 68ed38f4-9c13-4e57-963b-0ddf8b5864a6: shutdown server with port 41318 now
2019-10-15 16:01:34,998 [main] INFO  server.GrpcService (GrpcService.java:closeImpl(172)) - 68ed38f4-9c13-4e57-963b-0ddf8b5864a6: shutdown server with port 41318 successfully
2019-10-15 16:01:34,999 [grpc-default-executor-5] WARN  client.GrpcClientProtocolService (LogUtils.java:warn(134)) - 8-UnorderedRequestStreamObserver8: onError: org.apache.ratis.thirdparty.io.grpc.StatusRuntimeException: CANCELLED: cancelled before receiving half close
2019-10-15 16:01:35,000 [refreshUsed-/workdir/hadoop-ozone/integration-test/target/test-dir/MiniOzoneClusterImpl-db5d02a6-340f-494d-b00e-bf4b2df0003c/datanode-8/data/containers] WARN  fs.CachingGetSpaceUsed (CachingGetSpaceUsed.java:run(183)) - Thread Interrupted waiting to refresh disk information: sleep interrupted
2019-10-15 16:01:35,010 [main] INFO  utils.BackgroundService (BackgroundService.java:shutdown(151)) - Shutting down service BlockDeletingService
2019-10-15 16:01:35,011 [main] INFO  statemachine.DatanodeStateMachine (DatanodeStateMachine.java:stopDaemon(395)) - Ozone container server stopped.
2019-10-15 16:01:35,012 [main] INFO  handler.ContextHandler (ContextHandler.java:doStop(910)) - Stopped o.e.j.w.WebAppContext@d84b3a2{/,null,UNAVAILABLE}{/hddsDatanode}
2019-10-15 16:01:35,012 [main] INFO  server.AbstractConnector (AbstractConnector.java:doStop(318)) - Stopped ServerConnector@23648d2d{HTTP/1.1,[http/1.1]}{0.0.0.0:0}
2019-10-15 16:01:35,013 [main] INFO  handler.ContextHandler (ContextHandler.java:doStop(910)) - Stopped o.e.j.s.ServletContextHandler@1ad1c363{/static,jar:file:/home/user/.m2/repository/org/apache/hadoop/hadoop-hdds-container-service/0.5.0-SNAPSHOT/hadoop-hdds-container-service-0.5.0-SNAPSHOT.jar!/webapps/static,UNAVAILABLE}
2019-10-15 16:01:35,013 [main] INFO  handler.ContextHandler (ContextHandler.java:doStop(910)) - Stopped o.e.j.s.ServletContextHandler@76d0ecd7{/logs,file:///workdir/hadoop-ozone/integration-test/target/log,UNAVAILABLE}
2019-10-15 16:01:35,169 [grpc-default-executor-2] WARN  server.GrpcLogAppender (LogUtils.java:warn(134)) - 2927af6d-ca2a-40e1-b66d-bb9b2759d3f4@group-3F7D09197A50->957624b1-130b-40b6-b716-6996dbe1f26c-AppendLogResponseHandler: Failed appendEntries: org.apache.ratis.thirdparty.io.grpc.StatusRuntimeException: UNAVAILABLE: io exception
2019-10-15 16:01:35,169 [grpc-default-executor-2] INFO  impl.FollowerInfo (FollowerInfo.java:lambda$new$0(51)) - 2927af6d-ca2a-40e1-b66d-bb9b2759d3f4@group-3F7D09197A50->957624b1-130b-40b6-b716-6996dbe1f26c: nextIndex: updateUnconditionally 0 -> 0
2019-10-15 16:01:35,194 [Datanode State Machine Thread - 0] INFO  statemachine.DatanodeStateMachine (DatanodeStateMachine.java:lambda$startDaemon$0(350)) - Ozone container server started.
2019-10-15 16:01:35,228 [Datanode State Machine Thread - 0] INFO  statemachine.DatanodeStateMachine (DatanodeStateMachine.java:lambda$startDaemon$0(350)) - Ozone container server started.
2019-10-15 16:01:35,670 [grpc-default-executor-6] WARN  server.GrpcLogAppender (LogUtils.java:warn(134)) - 2927af6d-ca2a-40e1-b66d-bb9b2759d3f4@group-3F7D09197A50->957624b1-130b-40b6-b716-6996dbe1f26c-AppendLogResponseHandler: Failed appendEntries: org.apache.ratis.thirdparty.io.grpc.StatusRuntimeException: UNAVAILABLE: io exception
2019-10-15 16:01:35,670 [grpc-default-executor-6] INFO  impl.FollowerInfo (FollowerInfo.java:lambda$new$0(51)) - 2927af6d-ca2a-40e1-b66d-bb9b2759d3f4@group-3F7D09197A50->957624b1-130b-40b6-b716-6996dbe1f26c: nextIndex: updateUnconditionally 0 -> 0
2019-10-15 16:01:36,170 [grpc-default-executor-6] WARN  server.GrpcLogAppender (LogUtils.java:warn(134)) - 2927af6d-ca2a-40e1-b66d-bb9b2759d3f4@group-3F7D09197A50->957624b1-130b-40b6-b716-6996dbe1f26c-AppendLogResponseHandler: Failed appendEntries: org.apache.ratis.thirdparty.io.grpc.StatusRuntimeException: UNAVAILABLE: io exception
2019-10-15 16:01:36,170 [grpc-default-executor-6] INFO  impl.FollowerInfo (FollowerInfo.java:lambda$new$0(51)) - 2927af6d-ca2a-40e1-b66d-bb9b2759d3f4@group-3F7D09197A50->957624b1-130b-40b6-b716-6996dbe1f26c: nextIndex: updateUnconditionally 0 -> 0
2019-10-15 16:01:36,670 [grpc-default-executor-6] WARN  server.GrpcLogAppender (LogUtils.java:warn(134)) - 2927af6d-ca2a-40e1-b66d-bb9b2759d3f4@group-3F7D09197A50->957624b1-130b-40b6-b716-6996dbe1f26c-AppendLogResponseHandler: Failed appendEntries: org.apache.ratis.thirdparty.io.grpc.StatusRuntimeException: UNAVAILABLE: io exception
2019-10-15 16:01:36,671 [grpc-default-executor-6] INFO  impl.FollowerInfo (FollowerInfo.java:lambda$new$0(51)) - 2927af6d-ca2a-40e1-b66d-bb9b2759d3f4@group-3F7D09197A50->957624b1-130b-40b6-b716-6996dbe1f26c: nextIndex: updateUnconditionally 0 -> 0
2019-10-15 16:01:37,172 [grpc-default-executor-6] WARN  server.GrpcLogAppender (LogUtils.java:warn(134)) - 2927af6d-ca2a-40e1-b66d-bb9b2759d3f4@group-3F7D09197A50->957624b1-130b-40b6-b716-6996dbe1f26c-AppendLogResponseHandler: Failed appendEntries: org.apache.ratis.thirdparty.io.grpc.StatusRuntimeException: UNAVAILABLE: io exception
2019-10-15 16:01:37,172 [grpc-default-executor-6] INFO  impl.FollowerInfo (FollowerInfo.java:lambda$new$0(51)) - 2927af6d-ca2a-40e1-b66d-bb9b2759d3f4@group-3F7D09197A50->957624b1-130b-40b6-b716-6996dbe1f26c: nextIndex: updateUnconditionally 0 -> 0
2019-10-15 16:01:37,674 [grpc-default-executor-6] WARN  server.GrpcLogAppender (LogUtils.java:warn(134)) - 2927af6d-ca2a-40e1-b66d-bb9b2759d3f4@group-3F7D09197A50->957624b1-130b-40b6-b716-6996dbe1f26c-AppendLogResponseHandler: Failed appendEntries: org.apache.ratis.thirdparty.io.grpc.StatusRuntimeException: UNAVAILABLE: io exception
2019-10-15 16:01:37,675 [grpc-default-executor-6] INFO  impl.FollowerInfo (FollowerInfo.java:lambda$new$0(51)) - 2927af6d-ca2a-40e1-b66d-bb9b2759d3f4@group-3F7D09197A50->957624b1-130b-40b6-b716-6996dbe1f26c: nextIndex: updateUnconditionally 0 -> 0
2019-10-15 16:01:38,173 [grpc-default-executor-5] WARN  server.GrpcLogAppender (LogUtils.java:warn(134)) - 2927af6d-ca2a-40e1-b66d-bb9b2759d3f4@group-3F7D09197A50->957624b1-130b-40b6-b716-6996dbe1f26c-AppendLogResponseHandler: Failed appendEntries: org.apache.ratis.thirdparty.io.grpc.StatusRuntimeException: UNAVAILABLE: io exception
2019-10-15 16:01:38,174 [grpc-default-executor-5] INFO  impl.FollowerInfo (FollowerInfo.java:lambda$new$0(51)) - 2927af6d-ca2a-40e1-b66d-bb9b2759d3f4@group-3F7D09197A50->957624b1-130b-40b6-b716-6996dbe1f26c: nextIndex: updateUnconditionally 0 -> 0
2019-10-15 16:01:38,674 [grpc-default-executor-6] WARN  server.GrpcLogAppender (LogUtils.java:warn(134)) - 2927af6d-ca2a-40e1-b66d-bb9b2759d3f4@group-3F7D09197A50->957624b1-130b-40b6-b716-6996dbe1f26c-AppendLogResponseHandler: Failed appendEntries: org.apache.ratis.thirdparty.io.grpc.StatusRuntimeException: UNAVAILABLE: io exception
2019-10-15 16:01:38,674 [grpc-default-executor-6] INFO  impl.FollowerInfo (FollowerInfo.java:lambda$new$0(51)) - 2927af6d-ca2a-40e1-b66d-bb9b2759d3f4@group-3F7D09197A50->957624b1-130b-40b6-b716-6996dbe1f26c: nextIndex: updateUnconditionally 0 -> 0
2019-10-15 16:01:39,174 [grpc-default-executor-6] WARN  server.GrpcLogAppender (LogUtils.java:warn(134)) - 2927af6d-ca2a-40e1-b66d-bb9b2759d3f4@group-3F7D09197A50->957624b1-130b-40b6-b716-6996dbe1f26c-AppendLogResponseHandler: Failed appendEntries: org.apache.ratis.thirdparty.io.grpc.StatusRuntimeException: UNAVAILABLE: io exception
2019-10-15 16:01:39,175 [grpc-default-executor-6] INFO  impl.FollowerInfo (FollowerInfo.java:lambda$new$0(51)) - 2927af6d-ca2a-40e1-b66d-bb9b2759d3f4@group-3F7D09197A50->957624b1-130b-40b6-b716-6996dbe1f26c: nextIndex: updateUnconditionally 0 -> 0
2019-10-15 16:01:39,675 [grpc-default-executor-5] WARN  server.GrpcLogAppender (LogUtils.java:warn(134)) - 2927af6d-ca2a-40e1-b66d-bb9b2759d3f4@group-3F7D09197A50->957624b1-130b-40b6-b716-6996dbe1f26c-AppendLogResponseHandler: Failed appendEntries: org.apache.ratis.thirdparty.io.grpc.StatusRuntimeException: UNAVAILABLE: io exception
2019-10-15 16:01:39,675 [grpc-default-executor-5] INFO  impl.FollowerInfo (FollowerInfo.java:lambda$new$0(51)) - 2927af6d-ca2a-40e1-b66d-bb9b2759d3f4@group-3F7D09197A50->957624b1-130b-40b6-b716-6996dbe1f26c: nextIndex: updateUnconditionally 0 -> 0
2019-10-15 16:01:39,753 [ForkJoinPool.commonPool-worker-0] INFO  ozoneimpl.OzoneContainer (OzoneContainer.java:stop(227)) - Attempting to stop container services.
2019-10-15 16:01:39,754 [ForkJoinPool.commonPool-worker-0] INFO  impl.RaftServerProxy (RaftServerProxy.java:lambda$close$4(314)) - 2927af6d-ca2a-40e1-b66d-bb9b2759d3f4: close
2019-10-15 16:01:39,754 [ForkJoinPool.commonPool-worker-0] INFO  impl.RaftServerImpl (RaftServerImpl.java:lambda$shutdown$3(247)) - 2927af6d-ca2a-40e1-b66d-bb9b2759d3f4@group-3F7D09197A50: shutdown
2019-10-15 16:01:39,755 [ForkJoinPool.commonPool-worker-0] INFO  util.JmxRegister (JmxRegister.java:unregister(73)) - Successfully un-registered JMX Bean with object name Ratis:service=RaftServer,group=group-3F7D09197A50,id=2927af6d-ca2a-40e1-b66d-bb9b2759d3f4
2019-10-15 16:01:39,755 [ForkJoinPool.commonPool-worker-0] INFO  impl.RoleInfo (RoleInfo.java:shutdownLeaderState(104)) - 2927af6d-ca2a-40e1-b66d-bb9b2759d3f4: shutdown LeaderState
2019-10-15 16:01:39,757 [org.apache.ratis.server.impl.LogAppender$AppenderDaemon$$Lambda$482/1547993981@1551b45a] WARN  server.GrpcLogAppender (GrpcLogAppender.java:mayWait(143)) - 2927af6d-ca2a-40e1-b66d-bb9b2759d3f4@group-3F7D09197A50->27104e3f-effa-4be2-8c99-920d8374636e-GrpcLogAppender: Wait interrupted by java.lang.InterruptedException
2019-10-15 16:01:39,757 [ForkJoinPool.commonPool-worker-0] INFO  impl.PendingRequests (PendingRequests.java:sendNotLeaderResponses(202)) - 2927af6d-ca2a-40e1-b66d-bb9b2759d3f4@group-3F7D09197A50-PendingRequests: sendNotLeaderResponses
2019-10-15 16:01:39,757 [org.apache.ratis.server.impl.LogAppender$AppenderDaemon$$Lambda$482/1547993981@15a0bccf] WARN  server.GrpcLogAppender (GrpcLogAppender.java:mayWait(143)) - 2927af6d-ca2a-40e1-b66d-bb9b2759d3f4@group-3F7D09197A50->957624b1-130b-40b6-b716-6996dbe1f26c-GrpcLogAppender: Wait interrupted by java.lang.InterruptedException
2019-10-15 16:01:39,758 [ForkJoinPool.commonPool-worker-0] INFO  impl.StateMachineUpdater (StateMachineUpdater.java:stopAndJoin(136)) - 2927af6d-ca2a-40e1-b66d-bb9b2759d3f4@group-3F7D09197A50-StateMachineUpdater: set stopIndex = 0
2019-10-15 16:01:39,758 [grpc-default-executor-5] INFO  server.GrpcServerProtocolService (GrpcServerProtocolService.java:onCompleted(113)) - 27104e3f-effa-4be2-8c99-920d8374636e: Completed APPEND_ENTRIES, lastRequest: 2927af6d-ca2a-40e1-b66d-bb9b2759d3f4->27104e3f-effa-4be2-8c99-920d8374636e#109-t1, previous=(t:1, i:0), leaderCommit=0, initializing? false, entries: <empty>
2019-10-15 16:01:39,758 [ForkJoinPool.commonPool-worker-0] INFO  impl.RaftServerImpl (ServerState.java:close(387)) - 2927af6d-ca2a-40e1-b66d-bb9b2759d3f4@group-3F7D09197A50: closes. applyIndex: 0
2019-10-15 16:01:39,758 [2927af6d-ca2a-40e1-b66d-bb9b2759d3f4@group-3F7D09197A50-SegmentedRaftLogWorker] INFO  segmented.SegmentedRaftLogWorker (SegmentedRaftLogWorker.java:run(316)) - 2927af6d-ca2a-40e1-b66d-bb9b2759d3f4@group-3F7D09197A50-SegmentedRaftLogWorker was interrupted, exiting. There are 0 tasks remaining in the queue.
2019-10-15 16:01:39,759 [ForkJoinPool.commonPool-worker-0] INFO  segmented.SegmentedRaftLogWorker (SegmentedRaftLogWorker.java:close(224)) - 2927af6d-ca2a-40e1-b66d-bb9b2759d3f4@group-3F7D09197A50-SegmentedRaftLogWorker close()
2019-10-15 16:01:39,759 [grpc-default-executor-5] INFO  server.GrpcLogAppender (GrpcLogAppender.java:onCompleted(293)) - 2927af6d-ca2a-40e1-b66d-bb9b2759d3f4@group-3F7D09197A50->27104e3f-effa-4be2-8c99-920d8374636e-AppendLogResponseHandler: follower responses appendEntries COMPLETED
2019-10-15 16:01:39,760 [ForkJoinPool.commonPool-worker-0] INFO  impl.RaftServerImpl (RaftServerImpl.java:lambda$shutdown$3(247)) - 2927af6d-ca2a-40e1-b66d-bb9b2759d3f4@group-A99EE4A3D10E: shutdown
2019-10-15 16:01:39,760 [ForkJoinPool.commonPool-worker-0] INFO  util.JmxRegister (JmxRegister.java:unregister(73)) - Successfully un-registered JMX Bean with object name Ratis:service=RaftServer,group=group-A99EE4A3D10E,id=2927af6d-ca2a-40e1-b66d-bb9b2759d3f4
2019-10-15 16:01:39,760 [ForkJoinPool.commonPool-worker-0] INFO  impl.RoleInfo (RoleInfo.java:shutdownLeaderState(104)) - 2927af6d-ca2a-40e1-b66d-bb9b2759d3f4: shutdown LeaderState
2019-10-15 16:01:39,761 [ForkJoinPool.commonPool-worker-0] INFO  impl.PendingRequests (PendingRequests.java:sendNotLeaderResponses(202)) - 2927af6d-ca2a-40e1-b66d-bb9b2759d3f4@group-A99EE4A3D10E-PendingRequests: sendNotLeaderResponses
2019-10-15 16:01:39,761 [grpc-default-executor-5] INFO  impl.FollowerInfo (FollowerInfo.java:lambda$new$0(51)) - 2927af6d-ca2a-40e1-b66d-bb9b2759d3f4@group-3F7D09197A50->27104e3f-effa-4be2-8c99-920d8374636e: nextIndex: updateUnconditionally 1 -> 0
2019-10-15 16:01:39,761 [ForkJoinPool.commonPool-worker-0] INFO  impl.StateMachineUpdater (StateMachineUpdater.java:stopAndJoin(136)) - 2927af6d-ca2a-40e1-b66d-bb9b2759d3f4@group-A99EE4A3D10E-StateMachineUpdater: set stopIndex = 0
2019-10-15 16:01:39,761 [ForkJoinPool.commonPool-worker-0] INFO  impl.RaftServerImpl (ServerState.java:close(387)) - 2927af6d-ca2a-40e1-b66d-bb9b2759d3f4@group-A99EE4A3D10E: closes. applyIndex: 0
2019-10-15 16:01:39,761 [2927af6d-ca2a-40e1-b66d-bb9b2759d3f4@group-A99EE4A3D10E-SegmentedRaftLogWorker] INFO  segmented.SegmentedRaftLogWorker (SegmentedRaftLogWorker.java:run(316)) - 2927af6d-ca2a-40e1-b66d-bb9b2759d3f4@group-A99EE4A3D10E-SegmentedRaftLogWorker was interrupted, exiting. There are 0 tasks remaining in the queue.
2019-10-15 16:01:39,761 [ForkJoinPool.commonPool-worker-0] INFO  segmented.SegmentedRaftLogWorker (SegmentedRaftLogWorker.java:close(224)) - 2927af6d-ca2a-40e1-b66d-bb9b2759d3f4@group-A99EE4A3D10E-SegmentedRaftLogWorker close()
2019-10-15 16:01:39,762 [ForkJoinPool.commonPool-worker-0] INFO  server.GrpcService (GrpcService.java:closeImpl(164)) - 2927af6d-ca2a-40e1-b66d-bb9b2759d3f4: shutdown server with port 42710 now
2019-10-15 16:01:39,763 [ForkJoinPool.commonPool-worker-0] INFO  server.GrpcService (GrpcService.java:closeImpl(172)) - 2927af6d-ca2a-40e1-b66d-bb9b2759d3f4: shutdown server with port 42710 successfully
2019-10-15 16:01:39,764 [refreshUsed-/workdir/hadoop-ozone/integration-test/target/test-dir/MiniOzoneClusterImpl-db5d02a6-340f-494d-b00e-bf4b2df0003c/datanode-0/data/containers] WARN  fs.CachingGetSpaceUsed (CachingGetSpaceUsed.java:run(183)) - Thread Interrupted waiting to refresh disk information: sleep interrupted
2019-10-15 16:01:39,777 [ForkJoinPool.commonPool-worker-0] INFO  utils.BackgroundService (BackgroundService.java:shutdown(151)) - Shutting down service BlockDeletingService
2019-10-15 16:01:39,779 [ForkJoinPool.commonPool-worker-0] INFO  statemachine.DatanodeStateMachine (DatanodeStateMachine.java:stopDaemon(395)) - Ozone container server stopped.
2019-10-15 16:01:39,781 [ForkJoinPool.commonPool-worker-0] INFO  handler.ContextHandler (ContextHandler.java:doStop(910)) - Stopped o.e.j.w.WebAppContext@7c71c889{/,null,UNAVAILABLE}{/hddsDatanode}
2019-10-15 16:01:39,782 [ForkJoinPool.commonPool-worker-0] INFO  server.AbstractConnector (AbstractConnector.java:doStop(318)) - Stopped ServerConnector@4cc8d70d{HTTP/1.1,[http/1.1]}{0.0.0.0:0}
2019-10-15 16:01:39,783 [ForkJoinPool.commonPool-worker-0] INFO  handler.ContextHandler (ContextHandler.java:doStop(910)) - Stopped o.e.j.s.ServletContextHandler@7cf8f45a{/static,jar:file:/home/user/.m2/repository/org/apache/hadoop/hadoop-hdds-container-service/0.5.0-SNAPSHOT/hadoop-hdds-container-service-0.5.0-SNAPSHOT.jar!/webapps/static,UNAVAILABLE}
2019-10-15 16:01:39,784 [ForkJoinPool.commonPool-worker-0] INFO  handler.ContextHandler (ContextHandler.java:doStop(910)) - Stopped o.e.j.s.ServletContextHandler@4d81e83a{/logs,file:///workdir/hadoop-ozone/integration-test/target/log,UNAVAILABLE}
2019-10-15 16:01:40,014 [main] INFO  ozoneimpl.OzoneContainer (OzoneContainer.java:stop(227)) - Attempting to stop container services.
2019-10-15 16:01:40,015 [main] INFO  impl.RaftServerProxy (RaftServerProxy.java:lambda$close$4(314)) - 275da799-bc08-4efe-9bdf-4f09e99e1600: close
2019-10-15 16:01:40,017 [main] INFO  server.GrpcService (GrpcService.java:closeImpl(164)) - 275da799-bc08-4efe-9bdf-4f09e99e1600: shutdown server with port 45455 now
2019-10-15 16:01:40,017 [main] INFO  server.GrpcService (GrpcService.java:closeImpl(172)) - 275da799-bc08-4efe-9bdf-4f09e99e1600: shutdown server with port 45455 successfully
2019-10-15 16:01:40,019 [refreshUsed-/workdir/hadoop-ozone/integration-test/target/test-dir/MiniOzoneClusterImpl-db5d02a6-340f-494d-b00e-bf4b2df0003c/datanode-9/data/containers] WARN  fs.CachingGetSpaceUsed (CachingGetSpaceUsed.java:run(183)) - Thread Interrupted waiting to refresh disk information: sleep interrupted
2019-10-15 16:01:40,042 [main] INFO  utils.BackgroundService (BackgroundService.java:shutdown(151)) - Shutting down service BlockDeletingService
2019-10-15 16:01:40,044 [main] INFO  statemachine.DatanodeStateMachine (DatanodeStateMachine.java:stopDaemon(395)) - Ozone container server stopped.
2019-10-15 16:01:40,045 [main] INFO  handler.ContextHandler (ContextHandler.java:doStop(910)) - Stopped o.e.j.w.WebAppContext@587f4f63{/,null,UNAVAILABLE}{/hddsDatanode}
2019-10-15 16:01:40,046 [main] INFO  server.AbstractConnector (AbstractConnector.java:doStop(318)) - Stopped ServerConnector@660b1a9d{HTTP/1.1,[http/1.1]}{0.0.0.0:0}
2019-10-15 16:01:40,046 [main] INFO  handler.ContextHandler (ContextHandler.java:doStop(910)) - Stopped o.e.j.s.ServletContextHandler@3962ec84{/static,jar:file:/home/user/.m2/repository/org/apache/hadoop/hadoop-hdds-container-service/0.5.0-SNAPSHOT/hadoop-hdds-container-service-0.5.0-SNAPSHOT.jar!/webapps/static,UNAVAILABLE}
2019-10-15 16:01:40,047 [main] INFO  handler.ContextHandler (ContextHandler.java:doStop(910)) - Stopped o.e.j.s.ServletContextHandler@4cae66a8{/logs,file:///workdir/hadoop-ozone/integration-test/target/log,UNAVAILABLE}
2019-10-15 16:01:40,195 [Datanode State Machine Thread - 0] INFO  statemachine.DatanodeStateMachine (DatanodeStateMachine.java:lambda$startDaemon$0(350)) - Ozone container server started.
2019-10-15 16:01:41,242 [Thread-3472] INFO  impl.FollowerState (FollowerState.java:run(108)) - 27104e3f-effa-4be2-8c99-920d8374636e@group-3F7D09197A50-FollowerState: change to CANDIDATE, lastRpcTime:1535ms, electionTimeout:1125ms
2019-10-15 16:01:41,242 [Thread-3472] INFO  impl.RoleInfo (RoleInfo.java:shutdownFollowerState(121)) - 27104e3f-effa-4be2-8c99-920d8374636e: shutdown FollowerState
2019-10-15 16:01:41,242 [Thread-3472] INFO  impl.RaftServerImpl (RaftServerImpl.java:setRole(170)) - 27104e3f-effa-4be2-8c99-920d8374636e@group-3F7D09197A50: changes role from  FOLLOWER to CANDIDATE at term 1 for changeToCandidate
2019-10-15 16:01:41,242 [Thread-3472] INFO  impl.RoleInfo (RoleInfo.java:updateAndGet(143)) - 27104e3f-effa-4be2-8c99-920d8374636e: start LeaderElection
2019-10-15 16:01:41,243 [27104e3f-effa-4be2-8c99-920d8374636e@group-3F7D09197A50-LeaderElection127] INFO  impl.RaftServerImpl (ServerState.java:setLeader(255)) - 27104e3f-effa-4be2-8c99-920d8374636e@group-3F7D09197A50: change Leader from 2927af6d-ca2a-40e1-b66d-bb9b2759d3f4 to null at term 1 for initElection
2019-10-15 16:01:44,785 [ForkJoinPool.commonPool-worker-0] INFO  ozoneimpl.OzoneContainer (OzoneContainer.java:stop(227)) - Attempting to stop container services.
2019-10-15 16:01:44,786 [ForkJoinPool.commonPool-worker-0] INFO  impl.RaftServerProxy (RaftServerProxy.java:lambda$close$4(314)) - 27104e3f-effa-4be2-8c99-920d8374636e: close
2019-10-15 16:01:44,787 [ForkJoinPool.commonPool-worker-0] INFO  impl.RaftServerImpl (RaftServerImpl.java:lambda$shutdown$3(247)) - 27104e3f-effa-4be2-8c99-920d8374636e@group-AC6E567D806D: shutdown
2019-10-15 16:01:44,787 [ForkJoinPool.commonPool-worker-0] INFO  util.JmxRegister (JmxRegister.java:unregister(73)) - Successfully un-registered JMX Bean with object name Ratis:service=RaftServer,group=group-AC6E567D806D,id=27104e3f-effa-4be2-8c99-920d8374636e
2019-10-15 16:01:44,787 [ForkJoinPool.commonPool-worker-0] INFO  impl.RoleInfo (RoleInfo.java:shutdownLeaderState(104)) - 27104e3f-effa-4be2-8c99-920d8374636e: shutdown LeaderState
2019-10-15 16:01:44,788 [ForkJoinPool.commonPool-worker-0] INFO  impl.PendingRequests (PendingRequests.java:sendNotLeaderResponses(202)) - 27104e3f-effa-4be2-8c99-920d8374636e@group-AC6E567D806D-PendingRequests: sendNotLeaderResponses
2019-10-15 16:01:44,788 [ForkJoinPool.commonPool-worker-0] INFO  impl.StateMachineUpdater (StateMachineUpdater.java:stopAndJoin(136)) - 27104e3f-effa-4be2-8c99-920d8374636e@group-AC6E567D806D-StateMachineUpdater: set stopIndex = 0
2019-10-15 16:01:44,789 [ForkJoinPool.commonPool-worker-0] INFO  impl.RaftServerImpl (ServerState.java:close(387)) - 27104e3f-effa-4be2-8c99-920d8374636e@group-AC6E567D806D: closes. applyIndex: 0
2019-10-15 16:01:44,789 [27104e3f-effa-4be2-8c99-920d8374636e@group-AC6E567D806D-SegmentedRaftLogWorker] INFO  segmented.SegmentedRaftLogWorker (SegmentedRaftLogWorker.java:run(316)) - 27104e3f-effa-4be2-8c99-920d8374636e@group-AC6E567D806D-SegmentedRaftLogWorker was interrupted, exiting. There are 0 tasks remaining in the queue.
2019-10-15 16:01:45,013 [ForkJoinPool.commonPool-worker-0] INFO  segmented.SegmentedRaftLogWorker (SegmentedRaftLogWorker.java:close(224)) - 27104e3f-effa-4be2-8c99-920d8374636e@group-AC6E567D806D-SegmentedRaftLogWorker close()
2019-10-15 16:01:45,017 [ForkJoinPool.commonPool-worker-0] INFO  impl.RaftServerImpl (RaftServerImpl.java:lambda$shutdown$3(247)) - 27104e3f-effa-4be2-8c99-920d8374636e@group-3F7D09197A50: shutdown
2019-10-15 16:01:45,017 [ForkJoinPool.commonPool-worker-0] INFO  util.JmxRegister (JmxRegister.java:unregister(73)) - Successfully un-registered JMX Bean with object name Ratis:service=RaftServer,group=group-3F7D09197A50,id=27104e3f-effa-4be2-8c99-920d8374636e
2019-10-15 16:01:45,018 [ForkJoinPool.commonPool-worker-0] INFO  impl.RoleInfo (RoleInfo.java:shutdownLeaderElection(134)) - 27104e3f-effa-4be2-8c99-920d8374636e: shutdown LeaderElection
2019-10-15 16:01:45,018 [ForkJoinPool.commonPool-worker-0] INFO  impl.StateMachineUpdater (StateMachineUpdater.java:stopAndJoin(136)) - 27104e3f-effa-4be2-8c99-920d8374636e@group-3F7D09197A50-StateMachineUpdater: set stopIndex = 0
2019-10-15 16:01:45,018 [ForkJoinPool.commonPool-worker-0] INFO  impl.RaftServerImpl (ServerState.java:close(387)) - 27104e3f-effa-4be2-8c99-920d8374636e@group-3F7D09197A50: closes. applyIndex: 0
2019-10-15 16:01:45,018 [27104e3f-effa-4be2-8c99-920d8374636e@group-3F7D09197A50-SegmentedRaftLogWorker] INFO  segmented.SegmentedRaftLogWorker (SegmentedRaftLogWorker.java:run(316)) - 27104e3f-effa-4be2-8c99-920d8374636e@group-3F7D09197A50-SegmentedRaftLogWorker was interrupted, exiting. There are 0 tasks remaining in the queue.
2019-10-15 16:01:45,019 [ForkJoinPool.commonPool-worker-0] INFO  segmented.SegmentedRaftLogWorker (SegmentedRaftLogWorker.java:close(224)) - 27104e3f-effa-4be2-8c99-920d8374636e@group-3F7D09197A50-SegmentedRaftLogWorker close()
2019-10-15 16:01:45,020 [ForkJoinPool.commonPool-worker-0] INFO  server.GrpcService (GrpcService.java:closeImpl(164)) - 27104e3f-effa-4be2-8c99-920d8374636e: shutdown server with port 38728 now
2019-10-15 16:01:45,021 [ForkJoinPool.commonPool-worker-0] INFO  server.GrpcService (GrpcService.java:closeImpl(172)) - 27104e3f-effa-4be2-8c99-920d8374636e: shutdown server with port 38728 successfully
2019-10-15 16:01:45,023 [refreshUsed-/workdir/hadoop-ozone/integration-test/target/test-dir/MiniOzoneClusterImpl-db5d02a6-340f-494d-b00e-bf4b2df0003c/datanode-1/data/containers] WARN  fs.CachingGetSpaceUsed (CachingGetSpaceUsed.java:run(183)) - Thread Interrupted waiting to refresh disk information: sleep interrupted
2019-10-15 16:01:45,037 [ForkJoinPool.commonPool-worker-0] INFO  utils.BackgroundService (BackgroundService.java:shutdown(151)) - Shutting down service BlockDeletingService
2019-10-15 16:01:45,039 [ForkJoinPool.commonPool-worker-0] INFO  statemachine.DatanodeStateMachine (DatanodeStateMachine.java:stopDaemon(395)) - Ozone container server stopped.
2019-10-15 16:01:45,757 [27104e3f-effa-4be2-8c99-920d8374636e@group-3F7D09197A50-LeaderElection127] INFO  impl.LeaderElection (LeaderElection.java:askForVotes(178)) - 27104e3f-effa-4be2-8c99-920d8374636e@group-3F7D09197A50-LeaderElection127: begin an election at term 2 for 0: [27104e3f-effa-4be2-8c99-920d8374636e:192.168.157.236:38728, 2927af6d-ca2a-40e1-b66d-bb9b2759d3f4:192.168.157.236:42710, 957624b1-130b-40b6-b716-6996dbe1f26c:192.168.157.236:35608], old=null
2019-10-15 16:01:45,758 [27104e3f-effa-4be2-8c99-920d8374636e@group-3F7D09197A50-LeaderElection127] INFO  impl.LeaderElection (LeaderElection.java:run(137)) - 27104e3f-effa-4be2-8c99-920d8374636e@group-3F7D09197A50-LeaderElection127: IllegalArgumentException is safely ignored since this is already CLOSING
java.lang.IllegalArgumentException: 27104e3f-effa-4be2-8c99-920d8374636e@group-3F7D09197A50-SegmentedRaftLog is expected to be opened but it is CLOSED
	at org.apache.ratis.util.OpenCloseState.assertOpen(OpenCloseState.java:63)
	at org.apache.ratis.server.raftlog.RaftLog.checkLogState(RaftLog.java:102)
	at org.apache.ratis.server.raftlog.segmented.SegmentedRaftLog.getLastEntryTermIndex(SegmentedRaftLog.java:345)
	at org.apache.ratis.server.impl.LeaderElection.askForVotes(LeaderElection.java:180)
	at org.apache.ratis.server.impl.LeaderElection.run(LeaderElection.java:133)
	at java.lang.Thread.run(Thread.java:748)
Caused by: org.apache.ratis.util.OpenCloseState$CloseTrace: Close 27104e3f-effa-4be2-8c99-920d8374636e@group-3F7D09197A50-SegmentedRaftLog
	at org.apache.ratis.util.OpenCloseState.lambda$close$1(OpenCloseState.java:109)
	at java.util.concurrent.atomic.AtomicReference.getAndUpdate(AtomicReference.java:160)
	at org.apache.ratis.util.OpenCloseState.close(OpenCloseState.java:109)
	at org.apache.ratis.server.raftlog.RaftLog.close(RaftLog.java:437)
	at org.apache.ratis.server.raftlog.segmented.SegmentedRaftLog.close(SegmentedRaftLog.java:500)
	at org.apache.ratis.server.impl.ServerState.close(ServerState.java:389)
	at org.apache.ratis.server.impl.RaftServerImpl.lambda$shutdown$3(RaftServerImpl.java:269)
	at org.apache.ratis.util.LifeCycle.lambda$checkStateAndClose$2(LifeCycle.java:231)
	at org.apache.ratis.util.LifeCycle.checkStateAndClose(LifeCycle.java:251)
	at org.apache.ratis.util.LifeCycle.checkStateAndClose(LifeCycle.java:229)
	at org.apache.ratis.server.impl.RaftServerImpl.shutdown(RaftServerImpl.java:246)
	at org.apache.ratis.server.impl.RaftServerProxy$ImplMap.lambda$close$0(RaftServerProxy.java:107)
	at java.util.stream.ForEachOps$ForEachOp$OfRef.accept(ForEachOps.java:183)
	at java.util.stream.ReferencePipeline$3$1.accept(ReferencePipeline.java:193)
	at java.util.concurrent.ConcurrentHashMap$ValueSpliterator.forEachRemaining(ConcurrentHashMap.java:3566)
	at java.util.stream.AbstractPipeline.copyInto(AbstractPipeline.java:482)
	at java.util.stream.ForEachOps$ForEachTask.compute(ForEachOps.java:290)
	at java.util.concurrent.CountedCompleter.exec(CountedCompleter.java:731)
	at java.util.concurrent.ForkJoinTask.doExec(ForkJoinTask.java:289)
	at java.util.concurrent.ForkJoinTask.doInvoke(ForkJoinTask.java:401)
	at java.util.concurrent.ForkJoinTask.invoke(ForkJoinTask.java:734)
	at java.util.stream.ForEachOps$ForEachOp.evaluateParallel(ForEachOps.java:159)
	at java.util.stream.ForEachOps$ForEachOp$OfRef.evaluateParallel(ForEachOps.java:173)
	at java.util.stream.AbstractPipeline.evaluate(AbstractPipeline.java:233)
	at java.util.stream.ReferencePipeline.forEach(ReferencePipeline.java:485)
	at org.apache.ratis.server.impl.RaftServerProxy$ImplMap.close(RaftServerProxy.java:107)
	at org.apache.ratis.server.impl.RaftServerProxy.lambda$close$4(RaftServerProxy.java:315)
	at org.apache.ratis.util.LifeCycle.lambda$checkStateAndClose$2(LifeCycle.java:231)
	at org.apache.ratis.util.LifeCycle.checkStateAndClose(LifeCycle.java:251)
	at org.apache.ratis.util.LifeCycle.checkStateAndClose(LifeCycle.java:229)
	at org.apache.ratis.server.impl.RaftServerProxy.close(RaftServerProxy.java:313)
	at org.apache.hadoop.ozone.container.common.transport.server.ratis.XceiverServerRatis.stop(XceiverServerRatis.java:448)
	at org.apache.hadoop.ozone.container.ozoneimpl.OzoneContainer.stop(OzoneContainer.java:229)
	at org.apache.hadoop.ozone.container.common.statemachine.DatanodeStateMachine.close(DatanodeStateMachine.java:270)
	at org.apache.hadoop.ozone.container.common.statemachine.DatanodeStateMachine.stopDaemon(DatanodeStateMachine.java:394)
	at org.apache.hadoop.ozone.HddsDatanodeService.stop(HddsDatanodeService.java:457)
	at org.apache.hadoop.ozone.MiniOzoneClusterImpl.stopDatanode(MiniOzoneClusterImpl.java:385)
	at java.util.stream.ForEachOps$ForEachOp$OfRef.accept(ForEachOps.java:183)
	at java.util.ArrayList$ArrayListSpliterator.forEachRemaining(ArrayList.java:1382)
	at java.util.stream.AbstractPipeline.copyInto(AbstractPipeline.java:482)
	at java.util.stream.ForEachOps$ForEachTask.compute(ForEachOps.java:290)
	at java.util.concurrent.CountedCompleter.exec(CountedCompleter.java:731)
	at java.util.concurrent.ForkJoinTask.doExec(ForkJoinTask.java:289)
	at java.util.concurrent.ForkJoinPool$WorkQueue.execLocalTasks(ForkJoinPool.java:1040)
	at java.util.concurrent.ForkJoinPool$WorkQueue.runTask(ForkJoinPool.java:1058)
	at java.util.concurrent.ForkJoinPool.runWorker(ForkJoinPool.java:1692)
	at java.util.concurrent.ForkJoinWorkerThread.run(ForkJoinWorkerThread.java:157)
2019-10-15 16:01:46,191 [ForkJoinPool.commonPool-worker-0] INFO  handler.ContextHandler (ContextHandler.java:doStop(910)) - Stopped o.e.j.w.WebAppContext@175581eb{/,null,UNAVAILABLE}{/hddsDatanode}
2019-10-15 16:01:46,192 [ForkJoinPool.commonPool-worker-0] INFO  server.AbstractConnector (AbstractConnector.java:doStop(318)) - Stopped ServerConnector@2b79c8ff{HTTP/1.1,[http/1.1]}{0.0.0.0:0}
2019-10-15 16:01:46,193 [ForkJoinPool.commonPool-worker-0] INFO  handler.ContextHandler (ContextHandler.java:doStop(910)) - Stopped o.e.j.s.ServletContextHandler@9a9aa68{/static,jar:file:/home/user/.m2/repository/org/apache/hadoop/hadoop-hdds-container-service/0.5.0-SNAPSHOT/hadoop-hdds-container-service-0.5.0-SNAPSHOT.jar!/webapps/static,UNAVAILABLE}
2019-10-15 16:01:46,194 [ForkJoinPool.commonPool-worker-0] INFO  handler.ContextHandler (ContextHandler.java:doStop(910)) - Stopped o.e.j.s.ServletContextHandler@77aea{/logs,file:///workdir/hadoop-ozone/integration-test/target/log,UNAVAILABLE}
2019-10-15 16:01:46,195 [main] INFO  ozone.MiniOzoneClusterImpl (MiniOzoneClusterImpl.java:stopSCM(392)) - Stopping the StorageContainerManager
2019-10-15 16:01:46,195 [main] INFO  server.StorageContainerManager (StorageContainerManager.java:stop(810)) - Stopping Replication Manager Service.
2019-10-15 16:01:46,195 [main] INFO  container.ReplicationManager (ReplicationManager.java:stop(203)) - Stopping Replication Monitor Thread.
2019-10-15 16:01:46,195 [main] INFO  server.StorageContainerManager (StorageContainerManager.java:stop(817)) - Stopping Lease Manager of the command watchers
2019-10-15 16:01:46,196 [main] INFO  server.StorageContainerManager (StorageContainerManager.java:stop(824)) - Stopping datanode service RPC server
2019-10-15 16:01:46,196 [main] INFO  server.SCMDatanodeProtocolServer (SCMDatanodeProtocolServer.java:stop(346)) - Stopping the RPC server for DataNodes
2019-10-15 16:01:46,196 [main] INFO  ipc.Server (Server.java:stop(3082)) - Stopping server on 32908
2019-10-15 16:01:46,198 [IPC Server listener on 32908] INFO  ipc.Server (Server.java:run(1185)) - Stopping IPC Server listener on 32908
2019-10-15 16:01:46,199 [IPC Server Responder] INFO  ipc.Server (Server.java:run(1319)) - Stopping IPC Server Responder
2019-10-15 16:01:46,280 [SCM Heartbeat Processing Thread - 0] WARN  node.NodeStateManager (NodeStateManager.java:scheduleNextHealthCheck(646)) - Current Thread is interrupted, shutting down HB processing thread for Node Manager.
2019-10-15 16:01:46,281 [main] INFO  server.StorageContainerManager (StorageContainerManager.java:stop(832)) - Stopping block service RPC server
2019-10-15 16:01:46,281 [main] INFO  server.SCMBlockProtocolServer (SCMBlockProtocolServer.java:stop(155)) - Stopping the RPC server for Block Protocol
2019-10-15 16:01:46,281 [main] INFO  ipc.Server (Server.java:stop(3082)) - Stopping server on 36273
2019-10-15 16:01:46,284 [main] INFO  server.StorageContainerManager (StorageContainerManager.java:stop(839)) - Stopping the StorageContainerLocationProtocol RPC server
2019-10-15 16:01:46,286 [main] INFO  server.SCMClientProtocolServer (SCMClientProtocolServer.java:stop(168)) - Stopping the RPC server for Client Protocol
2019-10-15 16:01:46,286 [IPC Server listener on 36273] INFO  ipc.Server (Server.java:run(1185)) - Stopping IPC Server listener on 36273
2019-10-15 16:01:46,286 [IPC Server Responder] INFO  ipc.Server (Server.java:run(1319)) - Stopping IPC Server Responder
2019-10-15 16:01:46,286 [main] INFO  ipc.Server (Server.java:stop(3082)) - Stopping server on 36238
2019-10-15 16:01:46,290 [main] INFO  server.StorageContainerManager (StorageContainerManager.java:stop(846)) - Stopping Storage Container Manager HTTP server.
2019-10-15 16:01:46,290 [IPC Server Responder] INFO  ipc.Server (Server.java:run(1319)) - Stopping IPC Server Responder
2019-10-15 16:01:46,290 [IPC Server listener on 36238] INFO  ipc.Server (Server.java:run(1185)) - Stopping IPC Server listener on 36238
2019-10-15 16:01:46,292 [main] INFO  handler.ContextHandler (ContextHandler.java:doStop(910)) - Stopped o.e.j.w.WebAppContext@7f0766ef{/,null,UNAVAILABLE}{/scm}
2019-10-15 16:01:46,293 [main] INFO  server.AbstractConnector (AbstractConnector.java:doStop(318)) - Stopped ServerConnector@1e56bc9b{HTTP/1.1,[http/1.1]}{0.0.0.0:0}
2019-10-15 16:01:46,293 [main] INFO  handler.ContextHandler (ContextHandler.java:doStop(910)) - Stopped o.e.j.s.ServletContextHandler@d8835af{/static,file:///workdir/hadoop-ozone/integration-test/target/test-classes/webapps/static,UNAVAILABLE}
2019-10-15 16:01:46,293 [main] INFO  handler.ContextHandler (ContextHandler.java:doStop(910)) - Stopped o.e.j.s.ServletContextHandler@2d4a3e13{/logs,file:///workdir/hadoop-ozone/integration-test/target/log,UNAVAILABLE}
2019-10-15 16:01:46,294 [main] INFO  server.StorageContainerManager (StorageContainerManager.java:stop(857)) - Stopping Block Manager Service.
2019-10-15 16:01:46,294 [main] INFO  utils.BackgroundService (BackgroundService.java:shutdown(151)) - Shutting down service SCMBlockDeletingService
2019-10-15 16:01:46,294 [main] INFO  utils.BackgroundService (BackgroundService.java:shutdown(151)) - Shutting down service SCMBlockDeletingService
2019-10-15 16:01:46,295 [main] INFO  server.StorageContainerManager (StorageContainerManager.java:stop(879)) - Stopping SCM Event Queue.
2019-10-15 16:01:46,300 [main] INFO  impl.MetricsSystemImpl (MetricsSystemImpl.java:stop(210)) - Stopping HddsDatanode metrics system...
2019-10-15 16:01:46,318 [main] INFO  impl.MetricsSystemImpl (MetricsSystemImpl.java:stop(216)) - HddsDatanode metrics system stopped.
]]></system-out>
    <system-err><![CDATA[Oct 15, 2019 4:00:59 PM org.apache.ratis.thirdparty.io.grpc.internal.ManagedChannelOrphanWrapper$ManagedChannelReference cleanQueue
SEVERE: *~*~*~ Channel ManagedChannelImpl{logId=3076, target=192.168.157.236:41674} was not shutdown properly!!! ~*~*~*
    Make sure to call shutdown()/shutdownNow() and wait until awaitTermination() returns true.
java.lang.RuntimeException: ManagedChannel allocation site
	at org.apache.ratis.thirdparty.io.grpc.internal.ManagedChannelOrphanWrapper$ManagedChannelReference.<init>(ManagedChannelOrphanWrapper.java:103)
	at org.apache.ratis.thirdparty.io.grpc.internal.ManagedChannelOrphanWrapper.<init>(ManagedChannelOrphanWrapper.java:53)
	at org.apache.ratis.thirdparty.io.grpc.internal.ManagedChannelOrphanWrapper.<init>(ManagedChannelOrphanWrapper.java:44)
	at org.apache.ratis.thirdparty.io.grpc.internal.AbstractManagedChannelImplBuilder.build(AbstractManagedChannelImplBuilder.java:411)
	at org.apache.ratis.grpc.client.GrpcClientProtocolClient.<init>(GrpcClientProtocolClient.java:128)
	at org.apache.ratis.grpc.client.GrpcClientRpc.lambda$new$0(GrpcClientRpc.java:55)
	at org.apache.ratis.util.PeerProxyMap$PeerAndProxy.lambda$getProxy$0(PeerProxyMap.java:61)
	at org.apache.ratis.util.LifeCycle.startAndTransition(LifeCycle.java:202)
	at org.apache.ratis.util.PeerProxyMap$PeerAndProxy.getProxy(PeerProxyMap.java:60)
	at org.apache.ratis.util.PeerProxyMap.getProxy(PeerProxyMap.java:108)
	at org.apache.ratis.grpc.client.GrpcClientRpc.sendRequestAsync(GrpcClientRpc.java:66)
	at org.apache.ratis.client.impl.OrderedAsync.sendRequest(OrderedAsync.java:208)
	at org.apache.ratis.client.impl.OrderedAsync.sendRequestWithRetry(OrderedAsync.java:169)
	at org.apache.ratis.util.SlidingWindow$Client.sendOrDelayRequest(SlidingWindow.java:278)
	at org.apache.ratis.util.SlidingWindow$Client.retry(SlidingWindow.java:294)
	at org.apache.ratis.client.impl.OrderedAsync.lambda$scheduleWithTimeout$7(OrderedAsync.java:195)
	at org.apache.ratis.util.TimeoutScheduler.lambda$onTimeout$0(TimeoutScheduler.java:113)
	at org.apache.ratis.util.TimeoutScheduler.lambda$onTimeout$1(TimeoutScheduler.java:133)
	at org.apache.ratis.util.LogUtils.runAndLog(LogUtils.java:50)
	at org.apache.ratis.util.LogUtils$1.run(LogUtils.java:91)
	at java.util.concurrent.Executors$RunnableAdapter.call(Executors.java:511)
	at java.util.concurrent.FutureTask.run(FutureTask.java:266)
	at java.util.concurrent.ScheduledThreadPoolExecutor$ScheduledFutureTask.access$201(ScheduledThreadPoolExecutor.java:180)
	at java.util.concurrent.ScheduledThreadPoolExecutor$ScheduledFutureTask.run(ScheduledThreadPoolExecutor.java:293)
	at java.util.concurrent.ThreadPoolExecutor.runWorker(ThreadPoolExecutor.java:1149)
	at java.util.concurrent.ThreadPoolExecutor$Worker.run(ThreadPoolExecutor.java:624)
	at java.lang.Thread.run(Thread.java:748)

Oct 15, 2019 4:00:59 PM org.apache.ratis.thirdparty.io.grpc.internal.ManagedChannelOrphanWrapper$ManagedChannelReference cleanQueue
SEVERE: *~*~*~ Channel ManagedChannelImpl{logId=3085, target=192.168.157.236:44429} was not shutdown properly!!! ~*~*~*
    Make sure to call shutdown()/shutdownNow() and wait until awaitTermination() returns true.
java.lang.RuntimeException: ManagedChannel allocation site
	at org.apache.ratis.thirdparty.io.grpc.internal.ManagedChannelOrphanWrapper$ManagedChannelReference.<init>(ManagedChannelOrphanWrapper.java:103)
	at org.apache.ratis.thirdparty.io.grpc.internal.ManagedChannelOrphanWrapper.<init>(ManagedChannelOrphanWrapper.java:53)
	at org.apache.ratis.thirdparty.io.grpc.internal.ManagedChannelOrphanWrapper.<init>(ManagedChannelOrphanWrapper.java:44)
	at org.apache.ratis.thirdparty.io.grpc.internal.AbstractManagedChannelImplBuilder.build(AbstractManagedChannelImplBuilder.java:411)
	at org.apache.hadoop.hdds.scm.XceiverClientGrpc.connectToDatanode(XceiverClientGrpc.java:183)
	at org.apache.hadoop.hdds.scm.XceiverClientGrpc.reconnect(XceiverClientGrpc.java:434)
	at org.apache.hadoop.hdds.scm.XceiverClientGrpc.sendCommandAsync(XceiverClientGrpc.java:382)
	at org.apache.hadoop.hdds.scm.XceiverClientGrpc.sendCommandWithRetry(XceiverClientGrpc.java:295)
	at org.apache.hadoop.hdds.scm.XceiverClientGrpc.sendCommandWithTraceIDAndRetry(XceiverClientGrpc.java:259)
	at org.apache.hadoop.hdds.scm.XceiverClientGrpc.sendCommand(XceiverClientGrpc.java:242)
	at org.apache.hadoop.hdds.scm.storage.ContainerProtocolCalls.getBlock(ContainerProtocolCalls.java:118)
	at org.apache.hadoop.hdds.scm.storage.BlockInputStream.getChunkInfos(BlockInputStream.java:169)
	at org.apache.hadoop.hdds.scm.storage.BlockInputStream.initialize(BlockInputStream.java:118)
	at org.apache.hadoop.hdds.scm.storage.BlockInputStream.read(BlockInputStream.java:224)
	at org.apache.hadoop.ozone.client.io.KeyInputStream.read(KeyInputStream.java:173)
	at org.apache.hadoop.ozone.client.io.OzoneInputStream.read(OzoneInputStream.java:47)
	at java.io.InputStream.read(InputStream.java:101)
	at org.apache.hadoop.ozone.container.ContainerTestHelper.validateData(ContainerTestHelper.java:715)
	at org.apache.hadoop.ozone.client.rpc.TestFailureHandlingByClient.validateData(TestFailureHandlingByClient.java:413)
	at org.apache.hadoop.ozone.client.rpc.TestFailureHandlingByClient.testBlockWritesWithDnFailures(TestFailureHandlingByClient.java:172)
	at sun.reflect.NativeMethodAccessorImpl.invoke0(Native Method)
	at sun.reflect.NativeMethodAccessorImpl.invoke(NativeMethodAccessorImpl.java:62)
	at sun.reflect.DelegatingMethodAccessorImpl.invoke(DelegatingMethodAccessorImpl.java:43)
	at java.lang.reflect.Method.invoke(Method.java:498)
	at org.junit.runners.model.FrameworkMethod$1.runReflectiveCall(FrameworkMethod.java:47)
	at org.junit.internal.runners.model.ReflectiveCallable.run(ReflectiveCallable.java:12)
	at org.junit.runners.model.FrameworkMethod.invokeExplosively(FrameworkMethod.java:44)
	at org.junit.internal.runners.statements.InvokeMethod.evaluate(InvokeMethod.java:17)
	at org.junit.internal.runners.statements.RunAfters.evaluate(RunAfters.java:27)
	at org.junit.runners.ParentRunner.runLeaf(ParentRunner.java:271)
	at org.junit.runners.BlockJUnit4ClassRunner.runChild(BlockJUnit4ClassRunner.java:70)
	at org.junit.runners.BlockJUnit4ClassRunner.runChild(BlockJUnit4ClassRunner.java:50)
	at org.junit.runners.ParentRunner$3.run(ParentRunner.java:238)
	at org.junit.runners.ParentRunner$1.schedule(ParentRunner.java:63)
	at org.junit.runners.ParentRunner.runChildren(ParentRunner.java:236)
	at org.junit.runners.ParentRunner.access$000(ParentRunner.java:53)
	at org.junit.runners.ParentRunner$2.evaluate(ParentRunner.java:229)
	at org.junit.runners.ParentRunner.run(ParentRunner.java:309)
	at org.apache.maven.surefire.junit4.JUnit4Provider.execute(JUnit4Provider.java:365)
	at org.apache.maven.surefire.junit4.JUnit4Provider.executeWithRerun(JUnit4Provider.java:273)
	at org.apache.maven.surefire.junit4.JUnit4Provider.executeTestSet(JUnit4Provider.java:238)
	at org.apache.maven.surefire.junit4.JUnit4Provider.invoke(JUnit4Provider.java:159)
	at org.apache.maven.surefire.booter.ForkedBooter.invokeProviderInSameClassLoader(ForkedBooter.java:384)
	at org.apache.maven.surefire.booter.ForkedBooter.runSuitesInProcess(ForkedBooter.java:345)
	at org.apache.maven.surefire.booter.ForkedBooter.execute(ForkedBooter.java:126)
	at org.apache.maven.surefire.booter.ForkedBooter.main(ForkedBooter.java:418)

Oct 15, 2019 4:00:59 PM org.apache.ratis.thirdparty.io.grpc.internal.ManagedChannelOrphanWrapper$ManagedChannelReference cleanQueue
SEVERE: *~*~*~ Channel ManagedChannelImpl{logId=3098, target=192.168.157.236:39306} was not shutdown properly!!! ~*~*~*
    Make sure to call shutdown()/shutdownNow() and wait until awaitTermination() returns true.
java.lang.RuntimeException: ManagedChannel allocation site
	at org.apache.ratis.thirdparty.io.grpc.internal.ManagedChannelOrphanWrapper$ManagedChannelReference.<init>(ManagedChannelOrphanWrapper.java:103)
	at org.apache.ratis.thirdparty.io.grpc.internal.ManagedChannelOrphanWrapper.<init>(ManagedChannelOrphanWrapper.java:53)
	at org.apache.ratis.thirdparty.io.grpc.internal.ManagedChannelOrphanWrapper.<init>(ManagedChannelOrphanWrapper.java:44)
	at org.apache.ratis.thirdparty.io.grpc.internal.AbstractManagedChannelImplBuilder.build(AbstractManagedChannelImplBuilder.java:411)
	at org.apache.hadoop.hdds.scm.XceiverClientGrpc.connectToDatanode(XceiverClientGrpc.java:183)
	at org.apache.hadoop.hdds.scm.XceiverClientGrpc.reconnect(XceiverClientGrpc.java:434)
	at org.apache.hadoop.hdds.scm.XceiverClientGrpc.sendCommandAsync(XceiverClientGrpc.java:382)
	at org.apache.hadoop.hdds.scm.XceiverClientGrpc.sendCommandWithRetry(XceiverClientGrpc.java:295)
	at org.apache.hadoop.hdds.scm.XceiverClientGrpc.sendCommandWithTraceIDAndRetry(XceiverClientGrpc.java:259)
	at org.apache.hadoop.hdds.scm.XceiverClientGrpc.sendCommand(XceiverClientGrpc.java:242)
	at org.apache.hadoop.hdds.scm.storage.ContainerProtocolCalls.readChunk(ContainerProtocolCalls.java:245)
	at org.apache.hadoop.hdds.scm.storage.ChunkInputStream.readChunk(ChunkInputStream.java:335)
	at org.apache.hadoop.hdds.scm.storage.ChunkInputStream.readChunkFromContainer(ChunkInputStream.java:307)
	at org.apache.hadoop.hdds.scm.storage.ChunkInputStream.prepareRead(ChunkInputStream.java:259)
	at org.apache.hadoop.hdds.scm.storage.ChunkInputStream.read(ChunkInputStream.java:144)
	at org.apache.hadoop.hdds.scm.storage.BlockInputStream.read(BlockInputStream.java:241)
	at org.apache.hadoop.ozone.client.io.KeyInputStream.read(KeyInputStream.java:173)
	at org.apache.hadoop.ozone.client.io.OzoneInputStream.read(OzoneInputStream.java:47)
	at java.io.InputStream.read(InputStream.java:101)
	at org.apache.hadoop.ozone.container.ContainerTestHelper.validateData(ContainerTestHelper.java:715)
	at org.apache.hadoop.ozone.client.rpc.TestFailureHandlingByClient.validateData(TestFailureHandlingByClient.java:413)
	at org.apache.hadoop.ozone.client.rpc.TestFailureHandlingByClient.testBlockWritesWithDnFailures(TestFailureHandlingByClient.java:172)
	at sun.reflect.NativeMethodAccessorImpl.invoke0(Native Method)
	at sun.reflect.NativeMethodAccessorImpl.invoke(NativeMethodAccessorImpl.java:62)
	at sun.reflect.DelegatingMethodAccessorImpl.invoke(DelegatingMethodAccessorImpl.java:43)
	at java.lang.reflect.Method.invoke(Method.java:498)
	at org.junit.runners.model.FrameworkMethod$1.runReflectiveCall(FrameworkMethod.java:47)
	at org.junit.internal.runners.model.ReflectiveCallable.run(ReflectiveCallable.java:12)
	at org.junit.runners.model.FrameworkMethod.invokeExplosively(FrameworkMethod.java:44)
	at org.junit.internal.runners.statements.InvokeMethod.evaluate(InvokeMethod.java:17)
	at org.junit.internal.runners.statements.RunAfters.evaluate(RunAfters.java:27)
	at org.junit.runners.ParentRunner.runLeaf(ParentRunner.java:271)
	at org.junit.runners.BlockJUnit4ClassRunner.runChild(BlockJUnit4ClassRunner.java:70)
	at org.junit.runners.BlockJUnit4ClassRunner.runChild(BlockJUnit4ClassRunner.java:50)
	at org.junit.runners.ParentRunner$3.run(ParentRunner.java:238)
	at org.junit.runners.ParentRunner$1.schedule(ParentRunner.java:63)
	at org.junit.runners.ParentRunner.runChildren(ParentRunner.java:236)
	at org.junit.runners.ParentRunner.access$000(ParentRunner.java:53)
	at org.junit.runners.ParentRunner$2.evaluate(ParentRunner.java:229)
	at org.junit.runners.ParentRunner.run(ParentRunner.java:309)
	at org.apache.maven.surefire.junit4.JUnit4Provider.execute(JUnit4Provider.java:365)
	at org.apache.maven.surefire.junit4.JUnit4Provider.executeWithRerun(JUnit4Provider.java:273)
	at org.apache.maven.surefire.junit4.JUnit4Provider.executeTestSet(JUnit4Provider.java:238)
	at org.apache.maven.surefire.junit4.JUnit4Provider.invoke(JUnit4Provider.java:159)
	at org.apache.maven.surefire.booter.ForkedBooter.invokeProviderInSameClassLoader(ForkedBooter.java:384)
	at org.apache.maven.surefire.booter.ForkedBooter.runSuitesInProcess(ForkedBooter.java:345)
	at org.apache.maven.surefire.booter.ForkedBooter.execute(ForkedBooter.java:126)
	at org.apache.maven.surefire.booter.ForkedBooter.main(ForkedBooter.java:418)

Oct 15, 2019 4:00:59 PM org.apache.ratis.thirdparty.io.grpc.internal.ManagedChannelOrphanWrapper$ManagedChannelReference cleanQueue
SEVERE: *~*~*~ Channel ManagedChannelImpl{logId=3102, target=192.168.157.236:34412} was not shutdown properly!!! ~*~*~*
    Make sure to call shutdown()/shutdownNow() and wait until awaitTermination() returns true.
java.lang.RuntimeException: ManagedChannel allocation site
	at org.apache.ratis.thirdparty.io.grpc.internal.ManagedChannelOrphanWrapper$ManagedChannelReference.<init>(ManagedChannelOrphanWrapper.java:103)
	at org.apache.ratis.thirdparty.io.grpc.internal.ManagedChannelOrphanWrapper.<init>(ManagedChannelOrphanWrapper.java:53)
	at org.apache.ratis.thirdparty.io.grpc.internal.ManagedChannelOrphanWrapper.<init>(ManagedChannelOrphanWrapper.java:44)
	at org.apache.ratis.thirdparty.io.grpc.internal.AbstractManagedChannelImplBuilder.build(AbstractManagedChannelImplBuilder.java:411)
	at org.apache.hadoop.hdds.scm.XceiverClientGrpc.connectToDatanode(XceiverClientGrpc.java:183)
	at org.apache.hadoop.hdds.scm.XceiverClientGrpc.reconnect(XceiverClientGrpc.java:434)
	at org.apache.hadoop.hdds.scm.XceiverClientGrpc.sendCommandAsync(XceiverClientGrpc.java:382)
	at org.apache.hadoop.hdds.scm.XceiverClientGrpc.sendCommandWithRetry(XceiverClientGrpc.java:295)
	at org.apache.hadoop.hdds.scm.XceiverClientGrpc.sendCommandWithTraceIDAndRetry(XceiverClientGrpc.java:259)
	at org.apache.hadoop.hdds.scm.XceiverClientGrpc.sendCommand(XceiverClientGrpc.java:242)
	at org.apache.hadoop.hdds.scm.storage.ContainerProtocolCalls.getBlock(ContainerProtocolCalls.java:118)
	at org.apache.hadoop.hdds.scm.storage.BlockInputStream.getChunkInfos(BlockInputStream.java:169)
	at org.apache.hadoop.hdds.scm.storage.BlockInputStream.initialize(BlockInputStream.java:118)
	at org.apache.hadoop.hdds.scm.storage.BlockInputStream.read(BlockInputStream.java:224)
	at org.apache.hadoop.ozone.client.io.KeyInputStream.read(KeyInputStream.java:173)
	at org.apache.hadoop.ozone.client.io.OzoneInputStream.read(OzoneInputStream.java:47)
	at java.io.InputStream.read(InputStream.java:101)
	at org.apache.hadoop.ozone.container.ContainerTestHelper.validateData(ContainerTestHelper.java:715)
	at org.apache.hadoop.ozone.client.rpc.TestFailureHandlingByClient.validateData(TestFailureHandlingByClient.java:413)
	at org.apache.hadoop.ozone.client.rpc.TestFailureHandlingByClient.testBlockWritesWithDnFailures(TestFailureHandlingByClient.java:172)
	at sun.reflect.NativeMethodAccessorImpl.invoke0(Native Method)
	at sun.reflect.NativeMethodAccessorImpl.invoke(NativeMethodAccessorImpl.java:62)
	at sun.reflect.DelegatingMethodAccessorImpl.invoke(DelegatingMethodAccessorImpl.java:43)
	at java.lang.reflect.Method.invoke(Method.java:498)
	at org.junit.runners.model.FrameworkMethod$1.runReflectiveCall(FrameworkMethod.java:47)
	at org.junit.internal.runners.model.ReflectiveCallable.run(ReflectiveCallable.java:12)
	at org.junit.runners.model.FrameworkMethod.invokeExplosively(FrameworkMethod.java:44)
	at org.junit.internal.runners.statements.InvokeMethod.evaluate(InvokeMethod.java:17)
	at org.junit.internal.runners.statements.RunAfters.evaluate(RunAfters.java:27)
	at org.junit.runners.ParentRunner.runLeaf(ParentRunner.java:271)
	at org.junit.runners.BlockJUnit4ClassRunner.runChild(BlockJUnit4ClassRunner.java:70)
	at org.junit.runners.BlockJUnit4ClassRunner.runChild(BlockJUnit4ClassRunner.java:50)
	at org.junit.runners.ParentRunner$3.run(ParentRunner.java:238)
	at org.junit.runners.ParentRunner$1.schedule(ParentRunner.java:63)
	at org.junit.runners.ParentRunner.runChildren(ParentRunner.java:236)
	at org.junit.runners.ParentRunner.access$000(ParentRunner.java:53)
	at org.junit.runners.ParentRunner$2.evaluate(ParentRunner.java:229)
	at org.junit.runners.ParentRunner.run(ParentRunner.java:309)
	at org.apache.maven.surefire.junit4.JUnit4Provider.execute(JUnit4Provider.java:365)
	at org.apache.maven.surefire.junit4.JUnit4Provider.executeWithRerun(JUnit4Provider.java:273)
	at org.apache.maven.surefire.junit4.JUnit4Provider.executeTestSet(JUnit4Provider.java:238)
	at org.apache.maven.surefire.junit4.JUnit4Provider.invoke(JUnit4Provider.java:159)
	at org.apache.maven.surefire.booter.ForkedBooter.invokeProviderInSameClassLoader(ForkedBooter.java:384)
	at org.apache.maven.surefire.booter.ForkedBooter.runSuitesInProcess(ForkedBooter.java:345)
	at org.apache.maven.surefire.booter.ForkedBooter.execute(ForkedBooter.java:126)
	at org.apache.maven.surefire.booter.ForkedBooter.main(ForkedBooter.java:418)

Oct 15, 2019 4:00:59 PM org.apache.ratis.thirdparty.io.grpc.internal.ManagedChannelOrphanWrapper$ManagedChannelReference cleanQueue
SEVERE: *~*~*~ Channel ManagedChannelImpl{logId=3081, target=192.168.157.236:36894} was not shutdown properly!!! ~*~*~*
    Make sure to call shutdown()/shutdownNow() and wait until awaitTermination() returns true.
java.lang.RuntimeException: ManagedChannel allocation site
	at org.apache.ratis.thirdparty.io.grpc.internal.ManagedChannelOrphanWrapper$ManagedChannelReference.<init>(ManagedChannelOrphanWrapper.java:103)
	at org.apache.ratis.thirdparty.io.grpc.internal.ManagedChannelOrphanWrapper.<init>(ManagedChannelOrphanWrapper.java:53)
	at org.apache.ratis.thirdparty.io.grpc.internal.ManagedChannelOrphanWrapper.<init>(ManagedChannelOrphanWrapper.java:44)
	at org.apache.ratis.thirdparty.io.grpc.internal.AbstractManagedChannelImplBuilder.build(AbstractManagedChannelImplBuilder.java:411)
	at org.apache.hadoop.hdds.scm.XceiverClientGrpc.connectToDatanode(XceiverClientGrpc.java:183)
	at org.apache.hadoop.hdds.scm.XceiverClientGrpc.reconnect(XceiverClientGrpc.java:434)
	at org.apache.hadoop.hdds.scm.XceiverClientGrpc.sendCommandAsync(XceiverClientGrpc.java:382)
	at org.apache.hadoop.hdds.scm.XceiverClientGrpc.sendCommandWithRetry(XceiverClientGrpc.java:295)
	at org.apache.hadoop.hdds.scm.XceiverClientGrpc.sendCommandWithTraceIDAndRetry(XceiverClientGrpc.java:259)
	at org.apache.hadoop.hdds.scm.XceiverClientGrpc.sendCommand(XceiverClientGrpc.java:242)
	at org.apache.hadoop.hdds.scm.storage.ContainerProtocolCalls.getBlock(ContainerProtocolCalls.java:118)
	at org.apache.hadoop.hdds.scm.storage.BlockInputStream.getChunkInfos(BlockInputStream.java:169)
	at org.apache.hadoop.hdds.scm.storage.BlockInputStream.initialize(BlockInputStream.java:118)
	at org.apache.hadoop.hdds.scm.storage.BlockInputStream.read(BlockInputStream.java:224)
	at org.apache.hadoop.ozone.client.io.KeyInputStream.read(KeyInputStream.java:173)
	at org.apache.hadoop.ozone.client.io.OzoneInputStream.read(OzoneInputStream.java:47)
	at java.io.InputStream.read(InputStream.java:101)
	at org.apache.hadoop.ozone.container.ContainerTestHelper.validateData(ContainerTestHelper.java:715)
	at org.apache.hadoop.ozone.client.rpc.TestFailureHandlingByClient.validateData(TestFailureHandlingByClient.java:413)
	at org.apache.hadoop.ozone.client.rpc.TestFailureHandlingByClient.testBlockWritesWithDnFailures(TestFailureHandlingByClient.java:172)
	at sun.reflect.NativeMethodAccessorImpl.invoke0(Native Method)
	at sun.reflect.NativeMethodAccessorImpl.invoke(NativeMethodAccessorImpl.java:62)
	at sun.reflect.DelegatingMethodAccessorImpl.invoke(DelegatingMethodAccessorImpl.java:43)
	at java.lang.reflect.Method.invoke(Method.java:498)
	at org.junit.runners.model.FrameworkMethod$1.runReflectiveCall(FrameworkMethod.java:47)
	at org.junit.internal.runners.model.ReflectiveCallable.run(ReflectiveCallable.java:12)
	at org.junit.runners.model.FrameworkMethod.invokeExplosively(FrameworkMethod.java:44)
	at org.junit.internal.runners.statements.InvokeMethod.evaluate(InvokeMethod.java:17)
	at org.junit.internal.runners.statements.RunAfters.evaluate(RunAfters.java:27)
	at org.junit.runners.ParentRunner.runLeaf(ParentRunner.java:271)
	at org.junit.runners.BlockJUnit4ClassRunner.runChild(BlockJUnit4ClassRunner.java:70)
	at org.junit.runners.BlockJUnit4ClassRunner.runChild(BlockJUnit4ClassRunner.java:50)
	at org.junit.runners.ParentRunner$3.run(ParentRunner.java:238)
	at org.junit.runners.ParentRunner$1.schedule(ParentRunner.java:63)
	at org.junit.runners.ParentRunner.runChildren(ParentRunner.java:236)
	at org.junit.runners.ParentRunner.access$000(ParentRunner.java:53)
	at org.junit.runners.ParentRunner$2.evaluate(ParentRunner.java:229)
	at org.junit.runners.ParentRunner.run(ParentRunner.java:309)
	at org.apache.maven.surefire.junit4.JUnit4Provider.execute(JUnit4Provider.java:365)
	at org.apache.maven.surefire.junit4.JUnit4Provider.executeWithRerun(JUnit4Provider.java:273)
	at org.apache.maven.surefire.junit4.JUnit4Provider.executeTestSet(JUnit4Provider.java:238)
	at org.apache.maven.surefire.junit4.JUnit4Provider.invoke(JUnit4Provider.java:159)
	at org.apache.maven.surefire.booter.ForkedBooter.invokeProviderInSameClassLoader(ForkedBooter.java:384)
	at org.apache.maven.surefire.booter.ForkedBooter.runSuitesInProcess(ForkedBooter.java:345)
	at org.apache.maven.surefire.booter.ForkedBooter.execute(ForkedBooter.java:126)
	at org.apache.maven.surefire.booter.ForkedBooter.main(ForkedBooter.java:418)

Oct 15, 2019 4:01:24 PM org.apache.ratis.thirdparty.io.grpc.internal.SerializingExecutor run
SEVERE: Exception while executing runnable org.apache.ratis.thirdparty.io.grpc.internal.ServerImpl$JumpToApplicationThreadServerStreamListener$1Closed@1da7ec1c
org.apache.ratis.thirdparty.io.grpc.StatusRuntimeException: CANCELLED: call already cancelled
	at org.apache.ratis.thirdparty.io.grpc.Status.asRuntimeException(Status.java:517)
	at org.apache.ratis.thirdparty.io.grpc.stub.ServerCalls$ServerCallStreamObserverImpl.onCompleted(ServerCalls.java:356)
	at org.apache.ratis.grpc.server.GrpcServerProtocolService$ServerRequestStreamObserver.onError(GrpcServerProtocolService.java:121)
	at org.apache.ratis.thirdparty.io.grpc.stub.ServerCalls$StreamingServerCallHandler$StreamingServerCallListener.onCancel(ServerCalls.java:269)
	at org.apache.ratis.thirdparty.io.grpc.internal.ServerCallImpl$ServerStreamListenerImpl.closed(ServerCallImpl.java:293)
	at org.apache.ratis.thirdparty.io.grpc.internal.ServerImpl$JumpToApplicationThreadServerStreamListener$1Closed.runInContext(ServerImpl.java:741)
	at org.apache.ratis.thirdparty.io.grpc.internal.ContextRunnable.run(ContextRunnable.java:37)
	at org.apache.ratis.thirdparty.io.grpc.internal.SerializingExecutor.run(SerializingExecutor.java:123)
	at java.util.concurrent.ThreadPoolExecutor.runWorker(ThreadPoolExecutor.java:1149)
	at java.util.concurrent.ThreadPoolExecutor$Worker.run(ThreadPoolExecutor.java:624)
	at java.lang.Thread.run(Thread.java:748)

Oct 15, 2019 4:01:24 PM org.apache.ratis.thirdparty.io.grpc.internal.SerializingExecutor run
SEVERE: Exception while executing runnable org.apache.ratis.thirdparty.io.grpc.internal.ServerImpl$JumpToApplicationThreadServerStreamListener$1Closed@537e4196
org.apache.ratis.thirdparty.io.grpc.StatusRuntimeException: CANCELLED: call already cancelled
	at org.apache.ratis.thirdparty.io.grpc.Status.asRuntimeException(Status.java:517)
	at org.apache.ratis.thirdparty.io.grpc.stub.ServerCalls$ServerCallStreamObserverImpl.onCompleted(ServerCalls.java:356)
	at org.apache.ratis.grpc.server.GrpcServerProtocolService$ServerRequestStreamObserver.onError(GrpcServerProtocolService.java:121)
	at org.apache.ratis.thirdparty.io.grpc.stub.ServerCalls$StreamingServerCallHandler$StreamingServerCallListener.onCancel(ServerCalls.java:269)
	at org.apache.ratis.thirdparty.io.grpc.internal.ServerCallImpl$ServerStreamListenerImpl.closed(ServerCallImpl.java:293)
	at org.apache.ratis.thirdparty.io.grpc.internal.ServerImpl$JumpToApplicationThreadServerStreamListener$1Closed.runInContext(ServerImpl.java:741)
	at org.apache.ratis.thirdparty.io.grpc.internal.ContextRunnable.run(ContextRunnable.java:37)
	at org.apache.ratis.thirdparty.io.grpc.internal.SerializingExecutor.run(SerializingExecutor.java:123)
	at java.util.concurrent.ThreadPoolExecutor.runWorker(ThreadPoolExecutor.java:1149)
	at java.util.concurrent.ThreadPoolExecutor$Worker.run(ThreadPoolExecutor.java:624)
	at java.lang.Thread.run(Thread.java:748)

Oct 15, 2019 4:01:29 PM org.apache.ratis.thirdparty.io.grpc.internal.SerializingExecutor run
SEVERE: Exception while executing runnable org.apache.ratis.thirdparty.io.grpc.internal.ServerImpl$JumpToApplicationThreadServerStreamListener$1Closed@3b4c2c79
org.apache.ratis.thirdparty.io.grpc.StatusRuntimeException: CANCELLED: call already cancelled
	at org.apache.ratis.thirdparty.io.grpc.Status.asRuntimeException(Status.java:517)
	at org.apache.ratis.thirdparty.io.grpc.stub.ServerCalls$ServerCallStreamObserverImpl.onCompleted(ServerCalls.java:356)
	at org.apache.ratis.grpc.server.GrpcServerProtocolService$ServerRequestStreamObserver.onError(GrpcServerProtocolService.java:121)
	at org.apache.ratis.thirdparty.io.grpc.stub.ServerCalls$StreamingServerCallHandler$StreamingServerCallListener.onCancel(ServerCalls.java:269)
	at org.apache.ratis.thirdparty.io.grpc.internal.ServerCallImpl$ServerStreamListenerImpl.closed(ServerCallImpl.java:293)
	at org.apache.ratis.thirdparty.io.grpc.internal.ServerImpl$JumpToApplicationThreadServerStreamListener$1Closed.runInContext(ServerImpl.java:741)
	at org.apache.ratis.thirdparty.io.grpc.internal.ContextRunnable.run(ContextRunnable.java:37)
	at org.apache.ratis.thirdparty.io.grpc.internal.SerializingExecutor.run(SerializingExecutor.java:123)
	at java.util.concurrent.ThreadPoolExecutor.runWorker(ThreadPoolExecutor.java:1149)
	at java.util.concurrent.ThreadPoolExecutor$Worker.run(ThreadPoolExecutor.java:624)
	at java.lang.Thread.run(Thread.java:748)

]]></system-err>
  </testcase>
</testsuite>