<?xml version="1.0" encoding="UTF-8"?>
<testsuite xmlns:xsi="http://www.w3.org/2001/XMLSchema-instance" xsi:noNamespaceSchemaLocation="https://maven.apache.org/surefire/maven-surefire-plugin/xsd/surefire-test-report.xsd" name="org.apache.hadoop.ozone.client.rpc.TestMultiBlockWritesWithDnFailures" time="97.929" tests="2" errors="0" skipped="0" failures="1">
  <properties>
    <property name="awt.toolkit" value="sun.awt.X11.XToolkit"/>
    <property name="file.encoding.pkg" value="sun.io"/>
    <property name="java.specification.version" value="1.8"/>
    <property name="sun.cpu.isalist" value=""/>
    <property name="sun.jnu.encoding" value="ANSI_X3.4-1968"/>
    <property name="java.class.path" value="/workdir/hadoop-ozone/integration-test/target/test-classes:/workdir/hadoop-ozone/integration-test/target/classes:/home/user/.m2/repository/org/apache/hadoop/hadoop-ozone-common/0.5.0-SNAPSHOT/hadoop-ozone-common-0.5.0-SNAPSHOT.jar:/home/user/.m2/repository/org/apache/commons/commons-compress/1.4.1/commons-compress-1.4.1.jar:/home/user/.m2/repository/org/tukaani/xz/1.0/xz-1.0.jar:/home/user/.m2/repository/org/apache/hadoop/hadoop-common/3.2.0/hadoop-common-3.2.0.jar:/home/user/.m2/repository/org/apache/hadoop/hadoop-hdfs/3.2.0/hadoop-hdfs-3.2.0.jar:/home/user/.m2/repository/org/apache/hadoop/hadoop-hdfs-client/3.2.0/hadoop-hdfs-client-3.2.0.jar:/home/user/.m2/repository/com/fasterxml/jackson/core/jackson-annotations/2.9.9/jackson-annotations-2.9.9.jar:/home/user/.m2/repository/org/apache/hadoop/hadoop-hdds-common/0.5.0-SNAPSHOT/hadoop-hdds-common-0.5.0-SNAPSHOT.jar:/home/user/.m2/repository/javax/annotation/javax.annotation-api/1.2/javax.annotation-api-1.2.jar:/home/user/.m2/repository/org/apache/ratis/ratis-server/0.5.0-3f446aa-SNAPSHOT/ratis-server-0.5.0-3f446aa-SNAPSHOT.jar:/home/user/.m2/repository/org/apache/ratis/ratis-thirdparty-misc/0.2.0/ratis-thirdparty-misc-0.2.0.jar:/home/user/.m2/repository/org/apache/ratis/ratis-proto/0.5.0-3f446aa-SNAPSHOT/ratis-proto-0.5.0-3f446aa-SNAPSHOT.jar:/home/user/.m2/repository/org/apache/ratis/ratis-common/0.5.0-3f446aa-SNAPSHOT/ratis-common-0.5.0-3f446aa-SNAPSHOT.jar:/home/user/.m2/repository/org/apache/ratis/ratis-client/0.5.0-3f446aa-SNAPSHOT/ratis-client-0.5.0-3f446aa-SNAPSHOT.jar:/home/user/.m2/repository/org/apache/ratis/ratis-metrics/0.5.0-3f446aa-SNAPSHOT/ratis-metrics-0.5.0-3f446aa-SNAPSHOT.jar:/home/user/.m2/repository/com/github/joshelser/dropwizard-metrics-hadoop-metrics2-reporter/0.1.2/dropwizard-metrics-hadoop-metrics2-reporter-0.1.2.jar:/home/user/.m2/repository/io/dropwizard/metrics/metrics-jvm/3.2.5/metrics-jvm-3.2.5.jar:/home/user/.m2/repository/io/dropwizard/metrics/metrics-ganglia/3.2.5/metrics-ganglia-3.2.5.jar:/home/user/.m2/repository/info/ganglia/gmetric4j/gmetric4j/1.0.7/gmetric4j-1.0.7.jar:/home/user/.m2/repository/org/apache/ratis/ratis-netty/0.5.0-3f446aa-SNAPSHOT/ratis-netty-0.5.0-3f446aa-SNAPSHOT.jar:/home/user/.m2/repository/org/apache/ratis/ratis-grpc/0.5.0-3f446aa-SNAPSHOT/ratis-grpc-0.5.0-3f446aa-SNAPSHOT.jar:/home/user/.m2/repository/org/rocksdb/rocksdbjni/6.0.1/rocksdbjni-6.0.1.jar:/home/user/.m2/repository/org/apache/logging/log4j/log4j-api/2.11.0/log4j-api-2.11.0.jar:/home/user/.m2/repository/org/apache/logging/log4j/log4j-core/2.11.0/log4j-core-2.11.0.jar:/home/user/.m2/repository/com/lmax/disruptor/3.4.2/disruptor-3.4.2.jar:/home/user/.m2/repository/org/apache/commons/commons-pool2/2.6.0/commons-pool2-2.6.0.jar:/home/user/.m2/repository/org/bouncycastle/bcpkix-jdk15on/1.60/bcpkix-jdk15on-1.60.jar:/home/user/.m2/repository/commons-validator/commons-validator/1.6/commons-validator-1.6.jar:/home/user/.m2/repository/commons-digester/commons-digester/1.8.1/commons-digester-1.8.1.jar:/home/user/.m2/repository/io/jaegertracing/jaeger-client/0.34.0/jaeger-client-0.34.0.jar:/home/user/.m2/repository/io/jaegertracing/jaeger-thrift/0.34.0/jaeger-thrift-0.34.0.jar:/home/user/.m2/repository/org/apache/thrift/libthrift/0.12.0/libthrift-0.12.0.jar:/home/user/.m2/repository/com/squareup/okhttp3/okhttp/3.9.0/okhttp-3.9.0.jar:/home/user/.m2/repository/com/squareup/okio/okio/1.13.0/okio-1.13.0.jar:/home/user/.m2/repository/io/jaegertracing/jaeger-core/0.34.0/jaeger-core-0.34.0.jar:/home/user/.m2/repository/io/jaegertracing/jaeger-tracerresolver/0.34.0/jaeger-tracerresolver-0.34.0.jar:/home/user/.m2/repository/io/opentracing/contrib/opentracing-tracerresolver/0.1.5/opentracing-tracerresolver-0.1.5.jar:/home/user/.m2/repository/io/opentracing/opentracing-util/0.31.0/opentracing-util-0.31.0.jar:/home/user/.m2/repository/io/opentracing/opentracing-api/0.31.0/opentracing-api-0.31.0.jar:/home/user/.m2/repository/io/opentracing/opentracing-noop/0.31.0/opentracing-noop-0.31.0.jar:/home/user/.m2/repository/org/apache/hadoop/hadoop-hdds-server-framework/0.5.0-SNAPSHOT/hadoop-hdds-server-framework-0.5.0-SNAPSHOT.jar:/home/user/.m2/repository/org/apache/hadoop/hadoop-hdds-container-service/0.5.0-SNAPSHOT/hadoop-hdds-container-service-0.5.0-SNAPSHOT.jar:/home/user/.m2/repository/org/apache/hadoop/hadoop-hdds-client/0.5.0-SNAPSHOT/hadoop-hdds-client-0.5.0-SNAPSHOT.jar:/home/user/.m2/repository/org/apache/hadoop/hadoop-hdds-tools/0.5.0-SNAPSHOT/hadoop-hdds-tools-0.5.0-SNAPSHOT.jar:/home/user/.m2/repository/org/apache/hadoop/hadoop-hdds-server-scm/0.5.0-SNAPSHOT/hadoop-hdds-server-scm-0.5.0-SNAPSHOT.jar:/home/user/.m2/repository/org/apache/hadoop/hadoop-hdds-docs/0.5.0-SNAPSHOT/hadoop-hdds-docs-0.5.0-SNAPSHOT.jar:/home/user/.m2/repository/io/dropwizard/metrics/metrics-core/3.2.4/metrics-core-3.2.4.jar:/home/user/.m2/repository/org/hamcrest/hamcrest-all/1.3/hamcrest-all-1.3.jar:/home/user/.m2/repository/org/bouncycastle/bcprov-jdk15on/1.60/bcprov-jdk15on-1.60.jar:/home/user/.m2/repository/info/picocli/picocli/3.9.6/picocli-3.9.6.jar:/home/user/.m2/repository/com/google/protobuf/protobuf-java/2.5.0/protobuf-java-2.5.0.jar:/home/user/.m2/repository/com/google/guava/guava/11.0.2/guava-11.0.2.jar:/home/user/.m2/repository/org/apache/hadoop/hadoop-ozone-ozone-manager/0.5.0-SNAPSHOT/hadoop-ozone-ozone-manager-0.5.0-SNAPSHOT.jar:/home/user/.m2/repository/org/apache/hadoop/hadoop-minikdc/3.2.0/hadoop-minikdc-3.2.0.jar:/home/user/.m2/repository/commons-io/commons-io/2.5/commons-io-2.5.jar:/home/user/.m2/repository/org/apache/kerby/kerb-simplekdc/1.0.1/kerb-simplekdc-1.0.1.jar:/home/user/.m2/repository/org/apache/kerby/kerb-client/1.0.1/kerb-client-1.0.1.jar:/home/user/.m2/repository/org/apache/kerby/kerby-config/1.0.1/kerby-config-1.0.1.jar:/home/user/.m2/repository/org/apache/kerby/kerb-core/1.0.1/kerb-core-1.0.1.jar:/home/user/.m2/repository/org/apache/kerby/kerby-pkix/1.0.1/kerby-pkix-1.0.1.jar:/home/user/.m2/repository/org/apache/kerby/kerby-asn1/1.0.1/kerby-asn1-1.0.1.jar:/home/user/.m2/repository/org/apache/kerby/kerby-util/1.0.1/kerby-util-1.0.1.jar:/home/user/.m2/repository/org/apache/kerby/kerb-common/1.0.1/kerb-common-1.0.1.jar:/home/user/.m2/repository/org/apache/kerby/kerb-crypto/1.0.1/kerb-crypto-1.0.1.jar:/home/user/.m2/repository/org/apache/kerby/kerb-util/1.0.1/kerb-util-1.0.1.jar:/home/user/.m2/repository/org/apache/kerby/token-provider/1.0.1/token-provider-1.0.1.jar:/home/user/.m2/repository/org/apache/kerby/kerb-admin/1.0.1/kerb-admin-1.0.1.jar:/home/user/.m2/repository/org/apache/kerby/kerb-server/1.0.1/kerb-server-1.0.1.jar:/home/user/.m2/repository/org/apache/kerby/kerb-identity/1.0.1/kerb-identity-1.0.1.jar:/home/user/.m2/repository/org/apache/kerby/kerby-xdr/1.0.1/kerby-xdr-1.0.1.jar:/home/user/.m2/repository/org/slf4j/slf4j-log4j12/1.7.25/slf4j-log4j12-1.7.25.jar:/home/user/.m2/repository/org/apache/hadoop/hadoop-ozone-s3gateway/0.5.0-SNAPSHOT/hadoop-ozone-s3gateway-0.5.0-SNAPSHOT.jar:/home/user/.m2/repository/org/jboss/weld/servlet/weld-servlet/2.4.7.Final/weld-servlet-2.4.7.Final.jar:/home/user/.m2/repository/org/glassfish/jersey/containers/jersey-container-servlet-core/2.27/jersey-container-servlet-core-2.27.jar:/home/user/.m2/repository/org/glassfish/hk2/external/javax.inject/2.5.0-b42/javax.inject-2.5.0-b42.jar:/home/user/.m2/repository/org/glassfish/jersey/core/jersey-common/2.27/jersey-common-2.27.jar:/home/user/.m2/repository/org/glassfish/hk2/osgi-resource-locator/1.0.1/osgi-resource-locator-1.0.1.jar:/home/user/.m2/repository/javax/ws/rs/javax.ws.rs-api/2.1/javax.ws.rs-api-2.1.jar:/home/user/.m2/repository/org/glassfish/jersey/ext/cdi/jersey-cdi1x/2.27/jersey-cdi1x-2.27.jar:/home/user/.m2/repository/org/glassfish/jersey/inject/jersey-hk2/2.27/jersey-hk2-2.27.jar:/home/user/.m2/repository/org/glassfish/hk2/hk2-locator/2.5.0-b42/hk2-locator-2.5.0-b42.jar:/home/user/.m2/repository/org/javassist/javassist/3.22.0-CR2/javassist-3.22.0-CR2.jar:/home/user/.m2/repository/org/glassfish/hk2/hk2-api/2.5.0/hk2-api-2.5.0.jar:/home/user/.m2/repository/org/glassfish/hk2/external/jakarta.inject/2.5.0/jakarta.inject-2.5.0.jar:/home/user/.m2/repository/org/glassfish/hk2/hk2-utils/2.5.0/hk2-utils-2.5.0.jar:/home/user/.m2/repository/jakarta/annotation/jakarta.annotation-api/1.3.4/jakarta.annotation-api-1.3.4.jar:/home/user/.m2/repository/org/glassfish/hk2/external/aopalliance-repackaged/2.5.0/aopalliance-repackaged-2.5.0.jar:/home/user/.m2/repository/com/fasterxml/jackson/dataformat/jackson-dataformat-xml/2.9.0/jackson-dataformat-xml-2.9.0.jar:/home/user/.m2/repository/com/fasterxml/jackson/core/jackson-core/2.9.9/jackson-core-2.9.9.jar:/home/user/.m2/repository/com/fasterxml/jackson/module/jackson-module-jaxb-annotations/2.9.9/jackson-module-jaxb-annotations-2.9.9.jar:/home/user/.m2/repository/javax/enterprise/cdi-api/1.2/cdi-api-1.2.jar:/home/user/.m2/repository/javax/el/javax.el-api/3.0.0/javax.el-api-3.0.0.jar:/home/user/.m2/repository/javax/interceptor/javax.interceptor-api/1.2/javax.interceptor-api-1.2.jar:/home/user/.m2/repository/javax/inject/javax.inject/1/javax.inject-1.jar:/home/user/.m2/repository/com/sun/xml/bind/jaxb-impl/2.3.0.1/jaxb-impl-2.3.0.1.jar:/home/user/.m2/repository/com/sun/xml/bind/jaxb-core/2.3.0.1/jaxb-core-2.3.0.1.jar:/home/user/.m2/repository/javax/xml/bind/jaxb-api/2.3.0/jaxb-api-2.3.0.jar:/home/user/.m2/repository/javax/activation/activation/1.1.1/activation-1.1.1.jar:/home/user/.m2/repository/org/apache/hadoop/hadoop-ozone-csi/0.5.0-SNAPSHOT/hadoop-ozone-csi-0.5.0-SNAPSHOT.jar:/home/user/.m2/repository/com/google/protobuf/protobuf-java-util/3.5.1/protobuf-java-util-3.5.1.jar:/home/user/.m2/repository/org/apache/hadoop/hadoop-hdds-config/0.5.0-SNAPSHOT/hadoop-hdds-config-0.5.0-SNAPSHOT.jar:/home/user/.m2/repository/io/grpc/grpc-netty/1.17.1/grpc-netty-1.17.1.jar:/home/user/.m2/repository/io/grpc/grpc-core/1.17.1/grpc-core-1.17.1.jar:/home/user/.m2/repository/io/grpc/grpc-context/1.17.1/grpc-context-1.17.1.jar:/home/user/.m2/repository/com/google/errorprone/error_prone_annotations/2.2.0/error_prone_annotations-2.2.0.jar:/home/user/.m2/repository/org/codehaus/mojo/animal-sniffer-annotations/1.17/animal-sniffer-annotations-1.17.jar:/home/user/.m2/repository/io/opencensus/opencensus-api/0.17.0/opencensus-api-0.17.0.jar:/home/user/.m2/repository/io/opencensus/opencensus-contrib-grpc-metrics/0.17.0/opencensus-contrib-grpc-metrics-0.17.0.jar:/home/user/.m2/repository/io/netty/netty-codec-http2/4.1.30.Final/netty-codec-http2-4.1.30.Final.jar:/home/user/.m2/repository/io/netty/netty-codec-http/4.1.30.Final/netty-codec-http-4.1.30.Final.jar:/home/user/.m2/repository/io/netty/netty-codec/4.1.30.Final/netty-codec-4.1.30.Final.jar:/home/user/.m2/repository/io/netty/netty-handler/4.1.30.Final/netty-handler-4.1.30.Final.jar:/home/user/.m2/repository/io/netty/netty-handler-proxy/4.1.30.Final/netty-handler-proxy-4.1.30.Final.jar:/home/user/.m2/repository/io/netty/netty-codec-socks/4.1.30.Final/netty-codec-socks-4.1.30.Final.jar:/home/user/.m2/repository/io/netty/netty-transport-native-epoll/4.1.30.Final/netty-transport-native-epoll-4.1.30.Final.jar:/home/user/.m2/repository/io/netty/netty-common/4.1.30.Final/netty-common-4.1.30.Final.jar:/home/user/.m2/repository/io/netty/netty-buffer/4.1.30.Final/netty-buffer-4.1.30.Final.jar:/home/user/.m2/repository/io/netty/netty-transport/4.1.30.Final/netty-transport-4.1.30.Final.jar:/home/user/.m2/repository/io/netty/netty-resolver/4.1.30.Final/netty-resolver-4.1.30.Final.jar:/home/user/.m2/repository/io/netty/netty-transport-native-unix-common/4.1.30.Final/netty-transport-native-unix-common-4.1.30.Final.jar:/home/user/.m2/repository/io/grpc/grpc-protobuf/1.17.1/grpc-protobuf-1.17.1.jar:/home/user/.m2/repository/com/google/api/grpc/proto-google-common-protos/1.0.0/proto-google-common-protos-1.0.0.jar:/home/user/.m2/repository/io/grpc/grpc-protobuf-lite/1.17.1/grpc-protobuf-lite-1.17.1.jar:/home/user/.m2/repository/io/grpc/grpc-stub/1.17.1/grpc-stub-1.17.1.jar:/home/user/.m2/repository/org/apache/hadoop/hadoop-ozone-recon/0.5.0-SNAPSHOT/hadoop-ozone-recon-0.5.0-SNAPSHOT.jar:/home/user/.m2/repository/org/apache/hadoop/hadoop-ozone-reconcodegen/0.5.0-SNAPSHOT/hadoop-ozone-reconcodegen-0.5.0-SNAPSHOT.jar:/home/user/.m2/repository/com/google/inject/extensions/guice-multibindings/4.0/guice-multibindings-4.0.jar:/home/user/.m2/repository/com/google/inject/guice/4.0/guice-4.0.jar:/home/user/.m2/repository/aopalliance/aopalliance/1.0/aopalliance-1.0.jar:/home/user/.m2/repository/com/google/inject/extensions/guice-servlet/4.0/guice-servlet-4.0.jar:/home/user/.m2/repository/org/glassfish/jersey/containers/jersey-container-servlet/2.27/jersey-container-servlet-2.27.jar:/home/user/.m2/repository/org/glassfish/hk2/guice-bridge/2.5.0/guice-bridge-2.5.0.jar:/home/user/.m2/repository/org/glassfish/jersey/core/jersey-server/2.27/jersey-server-2.27.jar:/home/user/.m2/repository/org/glassfish/jersey/core/jersey-client/2.27/jersey-client-2.27.jar:/home/user/.m2/repository/org/glassfish/jersey/media/jersey-media-jaxb/2.27/jersey-media-jaxb-2.27.jar:/home/user/.m2/repository/javax/validation/validation-api/1.1.0.Final/validation-api-1.1.0.Final.jar:/home/user/.m2/repository/org/glassfish/jersey/media/jersey-media-json-jackson/2.27/jersey-media-json-jackson-2.27.jar:/home/user/.m2/repository/org/glassfish/jersey/ext/jersey-entity-filtering/2.27/jersey-entity-filtering-2.27.jar:/home/user/.m2/repository/com/google/inject/extensions/guice-assistedinject/4.0/guice-assistedinject-4.0.jar:/home/user/.m2/repository/org/jooq/jooq/3.11.10/jooq-3.11.10.jar:/home/user/.m2/repository/org/jooq/jooq-meta/3.11.10/jooq-meta-3.11.10.jar:/home/user/.m2/repository/org/jooq/jooq-codegen/3.11.10/jooq-codegen-3.11.10.jar:/home/user/.m2/repository/com/jolbox/bonecp/0.8.0.RELEASE/bonecp-0.8.0.RELEASE.jar:/home/user/.m2/repository/org/xerial/sqlite-jdbc/3.25.2/sqlite-jdbc-3.25.2.jar:/home/user/.m2/repository/org/springframework/spring-jdbc/5.1.3.RELEASE/spring-jdbc-5.1.3.RELEASE.jar:/home/user/.m2/repository/org/springframework/spring-beans/5.1.3.RELEASE/spring-beans-5.1.3.RELEASE.jar:/home/user/.m2/repository/org/springframework/spring-core/5.1.3.RELEASE/spring-core-5.1.3.RELEASE.jar:/home/user/.m2/repository/org/springframework/spring-jcl/5.1.3.RELEASE/spring-jcl-5.1.3.RELEASE.jar:/home/user/.m2/repository/org/springframework/spring-tx/5.1.3.RELEASE/spring-tx-5.1.3.RELEASE.jar:/home/user/.m2/repository/org/apache/hadoop/hadoop-ozone-client/0.5.0-SNAPSHOT/hadoop-ozone-client-0.5.0-SNAPSHOT.jar:/home/user/.m2/repository/commons-lang/commons-lang/2.6/commons-lang-2.6.jar:/home/user/.m2/repository/org/apache/hadoop/hadoop-ozone-ozone-manager/0.5.0-SNAPSHOT/hadoop-ozone-ozone-manager-0.5.0-SNAPSHOT-tests.jar:/home/user/.m2/repository/junit/junit/4.11/junit-4.11.jar:/home/user/.m2/repository/org/hamcrest/hamcrest-core/1.3/hamcrest-core-1.3.jar:/home/user/.m2/repository/org/openjdk/jmh/jmh-core/1.19/jmh-core-1.19.jar:/home/user/.m2/repository/net/sf/jopt-simple/jopt-simple/4.6/jopt-simple-4.6.jar:/home/user/.m2/repository/org/apache/commons/commons-math3/3.1.1/commons-math3-3.1.1.jar:/home/user/.m2/repository/org/openjdk/jmh/jmh-generator-annprocess/1.19/jmh-generator-annprocess-1.19.jar:/home/user/.m2/repository/org/mockito/mockito-all/1.8.5/mockito-all-1.8.5.jar:/home/user/.m2/repository/org/apache/hadoop/hadoop-kms/3.2.0/hadoop-kms-3.2.0.jar:/home/user/.m2/repository/org/apache/hadoop/hadoop-auth/3.2.0/hadoop-auth-3.2.0.jar:/home/user/.m2/repository/com/nimbusds/nimbus-jose-jwt/4.41.1/nimbus-jose-jwt-4.41.1.jar:/home/user/.m2/repository/com/github/stephenc/jcip/jcip-annotations/1.0-1/jcip-annotations-1.0-1.jar:/home/user/.m2/repository/net/minidev/json-smart/2.3/json-smart-2.3.jar:/home/user/.m2/repository/net/minidev/accessors-smart/1.2/accessors-smart-1.2.jar:/home/user/.m2/repository/org/ow2/asm/asm/5.0.4/asm-5.0.4.jar:/home/user/.m2/repository/org/apache/curator/curator-framework/2.12.0/curator-framework-2.12.0.jar:/home/user/.m2/repository/com/sun/jersey/jersey-core/1.19/jersey-core-1.19.jar:/home/user/.m2/repository/javax/ws/rs/jsr311-api/1.1.1/jsr311-api-1.1.1.jar:/home/user/.m2/repository/com/sun/jersey/jersey-server/1.19/jersey-server-1.19.jar:/home/user/.m2/repository/javax/servlet/javax.servlet-api/3.1.0/javax.servlet-api-3.1.0.jar:/home/user/.m2/repository/org/eclipse/jetty/jetty-server/9.3.25.v20180904/jetty-server-9.3.25.v20180904.jar:/home/user/.m2/repository/org/eclipse/jetty/jetty-http/9.3.25.v20180904/jetty-http-9.3.25.v20180904.jar:/home/user/.m2/repository/org/eclipse/jetty/jetty-io/9.3.25.v20180904/jetty-io-9.3.25.v20180904.jar:/home/user/.m2/repository/org/eclipse/jetty/jetty-webapp/9.3.25.v20180904/jetty-webapp-9.3.25.v20180904.jar:/home/user/.m2/repository/org/eclipse/jetty/jetty-xml/9.3.25.v20180904/jetty-xml-9.3.25.v20180904.jar:/home/user/.m2/repository/log4j/log4j/1.2.17/log4j-1.2.17.jar:/home/user/.m2/repository/org/slf4j/slf4j-api/1.7.25/slf4j-api-1.7.25.jar:/home/user/.m2/repository/org/slf4j/jul-to-slf4j/1.7.25/jul-to-slf4j-1.7.25.jar:/home/user/.m2/repository/org/eclipse/jetty/jetty-util/9.3.25.v20180904/jetty-util-9.3.25.v20180904.jar:/home/user/.m2/repository/com/fasterxml/jackson/core/jackson-databind/2.9.9/jackson-databind-2.9.9.jar:/home/user/.m2/repository/org/apache/hadoop/hadoop-kms/3.2.0/hadoop-kms-3.2.0-tests.jar:/home/user/.m2/repository/org/apache/hadoop/hadoop-hdds-server-scm/0.5.0-SNAPSHOT/hadoop-hdds-server-scm-0.5.0-SNAPSHOT-tests.jar:/home/user/.m2/repository/org/apache/hadoop/hadoop-hdds-container-service/0.5.0-SNAPSHOT/hadoop-hdds-container-service-0.5.0-SNAPSHOT-tests.jar:/home/user/.m2/repository/org/yaml/snakeyaml/1.16/snakeyaml-1.16.jar:/home/user/.m2/repository/org/apache/hadoop/hadoop-common/3.2.0/hadoop-common-3.2.0-tests.jar:/home/user/.m2/repository/org/apache/hadoop/hadoop-annotations/3.2.0/hadoop-annotations-3.2.0.jar:/usr/lib/jvm/java-1.8.0-openjdk-1.8.0.222.b10-1.el7_7.x86_64/jre/../lib/tools.jar:/home/user/.m2/repository/commons-cli/commons-cli/1.2/commons-cli-1.2.jar:/home/user/.m2/repository/org/apache/httpcomponents/httpclient/4.5.2/httpclient-4.5.2.jar:/home/user/.m2/repository/org/apache/httpcomponents/httpcore/4.4.4/httpcore-4.4.4.jar:/home/user/.m2/repository/commons-codec/commons-codec/1.11/commons-codec-1.11.jar:/home/user/.m2/repository/commons-net/commons-net/3.6/commons-net-3.6.jar:/home/user/.m2/repository/commons-collections/commons-collections/3.2.2/commons-collections-3.2.2.jar:/home/user/.m2/repository/org/eclipse/jetty/jetty-servlet/9.3.25.v20180904/jetty-servlet-9.3.25.v20180904.jar:/home/user/.m2/repository/org/eclipse/jetty/jetty-security/9.3.25.v20180904/jetty-security-9.3.25.v20180904.jar:/home/user/.m2/repository/javax/servlet/jsp/jsp-api/2.1/jsp-api-2.1.jar:/home/user/.m2/repository/com/sun/jersey/jersey-servlet/1.19/jersey-servlet-1.19.jar:/home/user/.m2/repository/com/sun/jersey/jersey-json/1.19/jersey-json-1.19.jar:/home/user/.m2/repository/org/codehaus/jettison/jettison/1.1/jettison-1.1.jar:/home/user/.m2/repository/org/codehaus/jackson/jackson-core-asl/1.9.13/jackson-core-asl-1.9.13.jar:/home/user/.m2/repository/org/codehaus/jackson/jackson-mapper-asl/1.9.13/jackson-mapper-asl-1.9.13.jar:/home/user/.m2/repository/org/codehaus/jackson/jackson-jaxrs/1.9.13/jackson-jaxrs-1.9.13.jar:/home/user/.m2/repository/org/codehaus/jackson/jackson-xc/1.9.13/jackson-xc-1.9.13.jar:/home/user/.m2/repository/commons-logging/commons-logging/1.1.3/commons-logging-1.1.3.jar:/home/user/.m2/repository/commons-beanutils/commons-beanutils/1.9.4/commons-beanutils-1.9.4.jar:/home/user/.m2/repository/org/apache/commons/commons-configuration2/2.1.1/commons-configuration2-2.1.1.jar:/home/user/.m2/repository/org/apache/commons/commons-lang3/3.7/commons-lang3-3.7.jar:/home/user/.m2/repository/org/apache/commons/commons-text/1.4/commons-text-1.4.jar:/home/user/.m2/repository/org/apache/avro/avro/1.7.7/avro-1.7.7.jar:/home/user/.m2/repository/com/thoughtworks/paranamer/paranamer/2.3/paranamer-2.3.jar:/home/user/.m2/repository/org/xerial/snappy/snappy-java/1.0.5/snappy-java-1.0.5.jar:/home/user/.m2/repository/com/google/re2j/re2j/1.1/re2j-1.1.jar:/home/user/.m2/repository/com/google/code/gson/gson/2.2.4/gson-2.2.4.jar:/home/user/.m2/repository/com/jcraft/jsch/0.1.54/jsch-0.1.54.jar:/home/user/.m2/repository/org/apache/curator/curator-client/2.12.0/curator-client-2.12.0.jar:/home/user/.m2/repository/org/apache/curator/curator-recipes/2.12.0/curator-recipes-2.12.0.jar:/home/user/.m2/repository/com/google/code/findbugs/jsr305/3.0.0/jsr305-3.0.0.jar:/home/user/.m2/repository/org/apache/htrace/htrace-core4/4.1.0-incubating/htrace-core4-4.1.0-incubating.jar:/home/user/.m2/repository/org/apache/zookeeper/zookeeper/3.4.13/zookeeper-3.4.13.jar:/home/user/.m2/repository/jline/jline/0.9.94/jline-0.9.94.jar:/home/user/.m2/repository/org/apache/yetus/audience-annotations/0.5.0/audience-annotations-0.5.0.jar:/home/user/.m2/repository/org/codehaus/woodstox/stax2-api/3.1.4/stax2-api-3.1.4.jar:/home/user/.m2/repository/com/fasterxml/woodstox/woodstox-core/5.0.3/woodstox-core-5.0.3.jar:/home/user/.m2/repository/dnsjava/dnsjava/2.1.7/dnsjava-2.1.7.jar:/home/user/.m2/repository/org/apache/hadoop/hadoop-hdfs/3.2.0/hadoop-hdfs-3.2.0-tests.jar:/home/user/.m2/repository/org/eclipse/jetty/jetty-util-ajax/9.3.25.v20180904/jetty-util-ajax-9.3.25.v20180904.jar:/home/user/.m2/repository/commons-daemon/commons-daemon/1.0.13/commons-daemon-1.0.13.jar:/home/user/.m2/repository/io/netty/netty/3.10.5.Final/netty-3.10.5.Final.jar:/home/user/.m2/repository/io/netty/netty-all/4.0.52.Final/netty-all-4.0.52.Final.jar:/home/user/.m2/repository/org/fusesource/leveldbjni/leveldbjni-all/1.8/leveldbjni-all-1.8.jar:"/>
    <property name="java.vm.vendor" value="Oracle Corporation"/>
    <property name="sun.arch.data.model" value="64"/>
    <property name="test.build.dir" value="/workdir/hadoop-ozone/integration-test/target/test-dir"/>
    <property name="test.cache.data" value=""/>
    <property name="java.vendor.url" value="http://java.oracle.com/"/>
    <property name="user.timezone" value=""/>
    <property name="java.vm.specification.version" value="1.8"/>
    <property name="os.name" value="Linux"/>
    <property name="test.build.data" value="/workdir/hadoop-ozone/integration-test/target/test-dir"/>
    <property name="user.country" value="US"/>
    <property name="sun.java.launcher" value="SUN_STANDARD"/>
    <property name="sun.boot.library.path" value="/usr/lib/jvm/java-1.8.0-openjdk-1.8.0.222.b10-1.el7_7.x86_64/jre/lib/amd64"/>
    <property name="sun.java.command" value="/workdir/hadoop-ozone/integration-test/target/surefire/surefirebooter5416828362701479502.jar /workdir/hadoop-ozone/integration-test/target/surefire 2019-10-20T17-13-56_094-jvmRun1 surefire7727763478414031125tmp surefire_467935221166761208857tmp"/>
    <property name="surefire.test.class.path" value="/workdir/hadoop-ozone/integration-test/target/test-classes:/workdir/hadoop-ozone/integration-test/target/classes:/home/user/.m2/repository/org/apache/hadoop/hadoop-ozone-common/0.5.0-SNAPSHOT/hadoop-ozone-common-0.5.0-SNAPSHOT.jar:/home/user/.m2/repository/org/apache/commons/commons-compress/1.4.1/commons-compress-1.4.1.jar:/home/user/.m2/repository/org/tukaani/xz/1.0/xz-1.0.jar:/home/user/.m2/repository/org/apache/hadoop/hadoop-common/3.2.0/hadoop-common-3.2.0.jar:/home/user/.m2/repository/org/apache/hadoop/hadoop-hdfs/3.2.0/hadoop-hdfs-3.2.0.jar:/home/user/.m2/repository/org/apache/hadoop/hadoop-hdfs-client/3.2.0/hadoop-hdfs-client-3.2.0.jar:/home/user/.m2/repository/com/fasterxml/jackson/core/jackson-annotations/2.9.9/jackson-annotations-2.9.9.jar:/home/user/.m2/repository/org/apache/hadoop/hadoop-hdds-common/0.5.0-SNAPSHOT/hadoop-hdds-common-0.5.0-SNAPSHOT.jar:/home/user/.m2/repository/javax/annotation/javax.annotation-api/1.2/javax.annotation-api-1.2.jar:/home/user/.m2/repository/org/apache/ratis/ratis-server/0.5.0-3f446aa-SNAPSHOT/ratis-server-0.5.0-3f446aa-SNAPSHOT.jar:/home/user/.m2/repository/org/apache/ratis/ratis-thirdparty-misc/0.2.0/ratis-thirdparty-misc-0.2.0.jar:/home/user/.m2/repository/org/apache/ratis/ratis-proto/0.5.0-3f446aa-SNAPSHOT/ratis-proto-0.5.0-3f446aa-SNAPSHOT.jar:/home/user/.m2/repository/org/apache/ratis/ratis-common/0.5.0-3f446aa-SNAPSHOT/ratis-common-0.5.0-3f446aa-SNAPSHOT.jar:/home/user/.m2/repository/org/apache/ratis/ratis-client/0.5.0-3f446aa-SNAPSHOT/ratis-client-0.5.0-3f446aa-SNAPSHOT.jar:/home/user/.m2/repository/org/apache/ratis/ratis-metrics/0.5.0-3f446aa-SNAPSHOT/ratis-metrics-0.5.0-3f446aa-SNAPSHOT.jar:/home/user/.m2/repository/com/github/joshelser/dropwizard-metrics-hadoop-metrics2-reporter/0.1.2/dropwizard-metrics-hadoop-metrics2-reporter-0.1.2.jar:/home/user/.m2/repository/io/dropwizard/metrics/metrics-jvm/3.2.5/metrics-jvm-3.2.5.jar:/home/user/.m2/repository/io/dropwizard/metrics/metrics-ganglia/3.2.5/metrics-ganglia-3.2.5.jar:/home/user/.m2/repository/info/ganglia/gmetric4j/gmetric4j/1.0.7/gmetric4j-1.0.7.jar:/home/user/.m2/repository/org/apache/ratis/ratis-netty/0.5.0-3f446aa-SNAPSHOT/ratis-netty-0.5.0-3f446aa-SNAPSHOT.jar:/home/user/.m2/repository/org/apache/ratis/ratis-grpc/0.5.0-3f446aa-SNAPSHOT/ratis-grpc-0.5.0-3f446aa-SNAPSHOT.jar:/home/user/.m2/repository/org/rocksdb/rocksdbjni/6.0.1/rocksdbjni-6.0.1.jar:/home/user/.m2/repository/org/apache/logging/log4j/log4j-api/2.11.0/log4j-api-2.11.0.jar:/home/user/.m2/repository/org/apache/logging/log4j/log4j-core/2.11.0/log4j-core-2.11.0.jar:/home/user/.m2/repository/com/lmax/disruptor/3.4.2/disruptor-3.4.2.jar:/home/user/.m2/repository/org/apache/commons/commons-pool2/2.6.0/commons-pool2-2.6.0.jar:/home/user/.m2/repository/org/bouncycastle/bcpkix-jdk15on/1.60/bcpkix-jdk15on-1.60.jar:/home/user/.m2/repository/commons-validator/commons-validator/1.6/commons-validator-1.6.jar:/home/user/.m2/repository/commons-digester/commons-digester/1.8.1/commons-digester-1.8.1.jar:/home/user/.m2/repository/io/jaegertracing/jaeger-client/0.34.0/jaeger-client-0.34.0.jar:/home/user/.m2/repository/io/jaegertracing/jaeger-thrift/0.34.0/jaeger-thrift-0.34.0.jar:/home/user/.m2/repository/org/apache/thrift/libthrift/0.12.0/libthrift-0.12.0.jar:/home/user/.m2/repository/com/squareup/okhttp3/okhttp/3.9.0/okhttp-3.9.0.jar:/home/user/.m2/repository/com/squareup/okio/okio/1.13.0/okio-1.13.0.jar:/home/user/.m2/repository/io/jaegertracing/jaeger-core/0.34.0/jaeger-core-0.34.0.jar:/home/user/.m2/repository/io/jaegertracing/jaeger-tracerresolver/0.34.0/jaeger-tracerresolver-0.34.0.jar:/home/user/.m2/repository/io/opentracing/contrib/opentracing-tracerresolver/0.1.5/opentracing-tracerresolver-0.1.5.jar:/home/user/.m2/repository/io/opentracing/opentracing-util/0.31.0/opentracing-util-0.31.0.jar:/home/user/.m2/repository/io/opentracing/opentracing-api/0.31.0/opentracing-api-0.31.0.jar:/home/user/.m2/repository/io/opentracing/opentracing-noop/0.31.0/opentracing-noop-0.31.0.jar:/home/user/.m2/repository/org/apache/hadoop/hadoop-hdds-server-framework/0.5.0-SNAPSHOT/hadoop-hdds-server-framework-0.5.0-SNAPSHOT.jar:/home/user/.m2/repository/org/apache/hadoop/hadoop-hdds-container-service/0.5.0-SNAPSHOT/hadoop-hdds-container-service-0.5.0-SNAPSHOT.jar:/home/user/.m2/repository/org/apache/hadoop/hadoop-hdds-client/0.5.0-SNAPSHOT/hadoop-hdds-client-0.5.0-SNAPSHOT.jar:/home/user/.m2/repository/org/apache/hadoop/hadoop-hdds-tools/0.5.0-SNAPSHOT/hadoop-hdds-tools-0.5.0-SNAPSHOT.jar:/home/user/.m2/repository/org/apache/hadoop/hadoop-hdds-server-scm/0.5.0-SNAPSHOT/hadoop-hdds-server-scm-0.5.0-SNAPSHOT.jar:/home/user/.m2/repository/org/apache/hadoop/hadoop-hdds-docs/0.5.0-SNAPSHOT/hadoop-hdds-docs-0.5.0-SNAPSHOT.jar:/home/user/.m2/repository/io/dropwizard/metrics/metrics-core/3.2.4/metrics-core-3.2.4.jar:/home/user/.m2/repository/org/hamcrest/hamcrest-all/1.3/hamcrest-all-1.3.jar:/home/user/.m2/repository/org/bouncycastle/bcprov-jdk15on/1.60/bcprov-jdk15on-1.60.jar:/home/user/.m2/repository/info/picocli/picocli/3.9.6/picocli-3.9.6.jar:/home/user/.m2/repository/com/google/protobuf/protobuf-java/2.5.0/protobuf-java-2.5.0.jar:/home/user/.m2/repository/com/google/guava/guava/11.0.2/guava-11.0.2.jar:/home/user/.m2/repository/org/apache/hadoop/hadoop-ozone-ozone-manager/0.5.0-SNAPSHOT/hadoop-ozone-ozone-manager-0.5.0-SNAPSHOT.jar:/home/user/.m2/repository/org/apache/hadoop/hadoop-minikdc/3.2.0/hadoop-minikdc-3.2.0.jar:/home/user/.m2/repository/commons-io/commons-io/2.5/commons-io-2.5.jar:/home/user/.m2/repository/org/apache/kerby/kerb-simplekdc/1.0.1/kerb-simplekdc-1.0.1.jar:/home/user/.m2/repository/org/apache/kerby/kerb-client/1.0.1/kerb-client-1.0.1.jar:/home/user/.m2/repository/org/apache/kerby/kerby-config/1.0.1/kerby-config-1.0.1.jar:/home/user/.m2/repository/org/apache/kerby/kerb-core/1.0.1/kerb-core-1.0.1.jar:/home/user/.m2/repository/org/apache/kerby/kerby-pkix/1.0.1/kerby-pkix-1.0.1.jar:/home/user/.m2/repository/org/apache/kerby/kerby-asn1/1.0.1/kerby-asn1-1.0.1.jar:/home/user/.m2/repository/org/apache/kerby/kerby-util/1.0.1/kerby-util-1.0.1.jar:/home/user/.m2/repository/org/apache/kerby/kerb-common/1.0.1/kerb-common-1.0.1.jar:/home/user/.m2/repository/org/apache/kerby/kerb-crypto/1.0.1/kerb-crypto-1.0.1.jar:/home/user/.m2/repository/org/apache/kerby/kerb-util/1.0.1/kerb-util-1.0.1.jar:/home/user/.m2/repository/org/apache/kerby/token-provider/1.0.1/token-provider-1.0.1.jar:/home/user/.m2/repository/org/apache/kerby/kerb-admin/1.0.1/kerb-admin-1.0.1.jar:/home/user/.m2/repository/org/apache/kerby/kerb-server/1.0.1/kerb-server-1.0.1.jar:/home/user/.m2/repository/org/apache/kerby/kerb-identity/1.0.1/kerb-identity-1.0.1.jar:/home/user/.m2/repository/org/apache/kerby/kerby-xdr/1.0.1/kerby-xdr-1.0.1.jar:/home/user/.m2/repository/org/slf4j/slf4j-log4j12/1.7.25/slf4j-log4j12-1.7.25.jar:/home/user/.m2/repository/org/apache/hadoop/hadoop-ozone-s3gateway/0.5.0-SNAPSHOT/hadoop-ozone-s3gateway-0.5.0-SNAPSHOT.jar:/home/user/.m2/repository/org/jboss/weld/servlet/weld-servlet/2.4.7.Final/weld-servlet-2.4.7.Final.jar:/home/user/.m2/repository/org/glassfish/jersey/containers/jersey-container-servlet-core/2.27/jersey-container-servlet-core-2.27.jar:/home/user/.m2/repository/org/glassfish/hk2/external/javax.inject/2.5.0-b42/javax.inject-2.5.0-b42.jar:/home/user/.m2/repository/org/glassfish/jersey/core/jersey-common/2.27/jersey-common-2.27.jar:/home/user/.m2/repository/org/glassfish/hk2/osgi-resource-locator/1.0.1/osgi-resource-locator-1.0.1.jar:/home/user/.m2/repository/javax/ws/rs/javax.ws.rs-api/2.1/javax.ws.rs-api-2.1.jar:/home/user/.m2/repository/org/glassfish/jersey/ext/cdi/jersey-cdi1x/2.27/jersey-cdi1x-2.27.jar:/home/user/.m2/repository/org/glassfish/jersey/inject/jersey-hk2/2.27/jersey-hk2-2.27.jar:/home/user/.m2/repository/org/glassfish/hk2/hk2-locator/2.5.0-b42/hk2-locator-2.5.0-b42.jar:/home/user/.m2/repository/org/javassist/javassist/3.22.0-CR2/javassist-3.22.0-CR2.jar:/home/user/.m2/repository/org/glassfish/hk2/hk2-api/2.5.0/hk2-api-2.5.0.jar:/home/user/.m2/repository/org/glassfish/hk2/external/jakarta.inject/2.5.0/jakarta.inject-2.5.0.jar:/home/user/.m2/repository/org/glassfish/hk2/hk2-utils/2.5.0/hk2-utils-2.5.0.jar:/home/user/.m2/repository/jakarta/annotation/jakarta.annotation-api/1.3.4/jakarta.annotation-api-1.3.4.jar:/home/user/.m2/repository/org/glassfish/hk2/external/aopalliance-repackaged/2.5.0/aopalliance-repackaged-2.5.0.jar:/home/user/.m2/repository/com/fasterxml/jackson/dataformat/jackson-dataformat-xml/2.9.0/jackson-dataformat-xml-2.9.0.jar:/home/user/.m2/repository/com/fasterxml/jackson/core/jackson-core/2.9.9/jackson-core-2.9.9.jar:/home/user/.m2/repository/com/fasterxml/jackson/module/jackson-module-jaxb-annotations/2.9.9/jackson-module-jaxb-annotations-2.9.9.jar:/home/user/.m2/repository/javax/enterprise/cdi-api/1.2/cdi-api-1.2.jar:/home/user/.m2/repository/javax/el/javax.el-api/3.0.0/javax.el-api-3.0.0.jar:/home/user/.m2/repository/javax/interceptor/javax.interceptor-api/1.2/javax.interceptor-api-1.2.jar:/home/user/.m2/repository/javax/inject/javax.inject/1/javax.inject-1.jar:/home/user/.m2/repository/com/sun/xml/bind/jaxb-impl/2.3.0.1/jaxb-impl-2.3.0.1.jar:/home/user/.m2/repository/com/sun/xml/bind/jaxb-core/2.3.0.1/jaxb-core-2.3.0.1.jar:/home/user/.m2/repository/javax/xml/bind/jaxb-api/2.3.0/jaxb-api-2.3.0.jar:/home/user/.m2/repository/javax/activation/activation/1.1.1/activation-1.1.1.jar:/home/user/.m2/repository/org/apache/hadoop/hadoop-ozone-csi/0.5.0-SNAPSHOT/hadoop-ozone-csi-0.5.0-SNAPSHOT.jar:/home/user/.m2/repository/com/google/protobuf/protobuf-java-util/3.5.1/protobuf-java-util-3.5.1.jar:/home/user/.m2/repository/org/apache/hadoop/hadoop-hdds-config/0.5.0-SNAPSHOT/hadoop-hdds-config-0.5.0-SNAPSHOT.jar:/home/user/.m2/repository/io/grpc/grpc-netty/1.17.1/grpc-netty-1.17.1.jar:/home/user/.m2/repository/io/grpc/grpc-core/1.17.1/grpc-core-1.17.1.jar:/home/user/.m2/repository/io/grpc/grpc-context/1.17.1/grpc-context-1.17.1.jar:/home/user/.m2/repository/com/google/errorprone/error_prone_annotations/2.2.0/error_prone_annotations-2.2.0.jar:/home/user/.m2/repository/org/codehaus/mojo/animal-sniffer-annotations/1.17/animal-sniffer-annotations-1.17.jar:/home/user/.m2/repository/io/opencensus/opencensus-api/0.17.0/opencensus-api-0.17.0.jar:/home/user/.m2/repository/io/opencensus/opencensus-contrib-grpc-metrics/0.17.0/opencensus-contrib-grpc-metrics-0.17.0.jar:/home/user/.m2/repository/io/netty/netty-codec-http2/4.1.30.Final/netty-codec-http2-4.1.30.Final.jar:/home/user/.m2/repository/io/netty/netty-codec-http/4.1.30.Final/netty-codec-http-4.1.30.Final.jar:/home/user/.m2/repository/io/netty/netty-codec/4.1.30.Final/netty-codec-4.1.30.Final.jar:/home/user/.m2/repository/io/netty/netty-handler/4.1.30.Final/netty-handler-4.1.30.Final.jar:/home/user/.m2/repository/io/netty/netty-handler-proxy/4.1.30.Final/netty-handler-proxy-4.1.30.Final.jar:/home/user/.m2/repository/io/netty/netty-codec-socks/4.1.30.Final/netty-codec-socks-4.1.30.Final.jar:/home/user/.m2/repository/io/netty/netty-transport-native-epoll/4.1.30.Final/netty-transport-native-epoll-4.1.30.Final.jar:/home/user/.m2/repository/io/netty/netty-common/4.1.30.Final/netty-common-4.1.30.Final.jar:/home/user/.m2/repository/io/netty/netty-buffer/4.1.30.Final/netty-buffer-4.1.30.Final.jar:/home/user/.m2/repository/io/netty/netty-transport/4.1.30.Final/netty-transport-4.1.30.Final.jar:/home/user/.m2/repository/io/netty/netty-resolver/4.1.30.Final/netty-resolver-4.1.30.Final.jar:/home/user/.m2/repository/io/netty/netty-transport-native-unix-common/4.1.30.Final/netty-transport-native-unix-common-4.1.30.Final.jar:/home/user/.m2/repository/io/grpc/grpc-protobuf/1.17.1/grpc-protobuf-1.17.1.jar:/home/user/.m2/repository/com/google/api/grpc/proto-google-common-protos/1.0.0/proto-google-common-protos-1.0.0.jar:/home/user/.m2/repository/io/grpc/grpc-protobuf-lite/1.17.1/grpc-protobuf-lite-1.17.1.jar:/home/user/.m2/repository/io/grpc/grpc-stub/1.17.1/grpc-stub-1.17.1.jar:/home/user/.m2/repository/org/apache/hadoop/hadoop-ozone-recon/0.5.0-SNAPSHOT/hadoop-ozone-recon-0.5.0-SNAPSHOT.jar:/home/user/.m2/repository/org/apache/hadoop/hadoop-ozone-reconcodegen/0.5.0-SNAPSHOT/hadoop-ozone-reconcodegen-0.5.0-SNAPSHOT.jar:/home/user/.m2/repository/com/google/inject/extensions/guice-multibindings/4.0/guice-multibindings-4.0.jar:/home/user/.m2/repository/com/google/inject/guice/4.0/guice-4.0.jar:/home/user/.m2/repository/aopalliance/aopalliance/1.0/aopalliance-1.0.jar:/home/user/.m2/repository/com/google/inject/extensions/guice-servlet/4.0/guice-servlet-4.0.jar:/home/user/.m2/repository/org/glassfish/jersey/containers/jersey-container-servlet/2.27/jersey-container-servlet-2.27.jar:/home/user/.m2/repository/org/glassfish/hk2/guice-bridge/2.5.0/guice-bridge-2.5.0.jar:/home/user/.m2/repository/org/glassfish/jersey/core/jersey-server/2.27/jersey-server-2.27.jar:/home/user/.m2/repository/org/glassfish/jersey/core/jersey-client/2.27/jersey-client-2.27.jar:/home/user/.m2/repository/org/glassfish/jersey/media/jersey-media-jaxb/2.27/jersey-media-jaxb-2.27.jar:/home/user/.m2/repository/javax/validation/validation-api/1.1.0.Final/validation-api-1.1.0.Final.jar:/home/user/.m2/repository/org/glassfish/jersey/media/jersey-media-json-jackson/2.27/jersey-media-json-jackson-2.27.jar:/home/user/.m2/repository/org/glassfish/jersey/ext/jersey-entity-filtering/2.27/jersey-entity-filtering-2.27.jar:/home/user/.m2/repository/com/google/inject/extensions/guice-assistedinject/4.0/guice-assistedinject-4.0.jar:/home/user/.m2/repository/org/jooq/jooq/3.11.10/jooq-3.11.10.jar:/home/user/.m2/repository/org/jooq/jooq-meta/3.11.10/jooq-meta-3.11.10.jar:/home/user/.m2/repository/org/jooq/jooq-codegen/3.11.10/jooq-codegen-3.11.10.jar:/home/user/.m2/repository/com/jolbox/bonecp/0.8.0.RELEASE/bonecp-0.8.0.RELEASE.jar:/home/user/.m2/repository/org/xerial/sqlite-jdbc/3.25.2/sqlite-jdbc-3.25.2.jar:/home/user/.m2/repository/org/springframework/spring-jdbc/5.1.3.RELEASE/spring-jdbc-5.1.3.RELEASE.jar:/home/user/.m2/repository/org/springframework/spring-beans/5.1.3.RELEASE/spring-beans-5.1.3.RELEASE.jar:/home/user/.m2/repository/org/springframework/spring-core/5.1.3.RELEASE/spring-core-5.1.3.RELEASE.jar:/home/user/.m2/repository/org/springframework/spring-jcl/5.1.3.RELEASE/spring-jcl-5.1.3.RELEASE.jar:/home/user/.m2/repository/org/springframework/spring-tx/5.1.3.RELEASE/spring-tx-5.1.3.RELEASE.jar:/home/user/.m2/repository/org/apache/hadoop/hadoop-ozone-client/0.5.0-SNAPSHOT/hadoop-ozone-client-0.5.0-SNAPSHOT.jar:/home/user/.m2/repository/commons-lang/commons-lang/2.6/commons-lang-2.6.jar:/home/user/.m2/repository/org/apache/hadoop/hadoop-ozone-ozone-manager/0.5.0-SNAPSHOT/hadoop-ozone-ozone-manager-0.5.0-SNAPSHOT-tests.jar:/home/user/.m2/repository/junit/junit/4.11/junit-4.11.jar:/home/user/.m2/repository/org/hamcrest/hamcrest-core/1.3/hamcrest-core-1.3.jar:/home/user/.m2/repository/org/openjdk/jmh/jmh-core/1.19/jmh-core-1.19.jar:/home/user/.m2/repository/net/sf/jopt-simple/jopt-simple/4.6/jopt-simple-4.6.jar:/home/user/.m2/repository/org/apache/commons/commons-math3/3.1.1/commons-math3-3.1.1.jar:/home/user/.m2/repository/org/openjdk/jmh/jmh-generator-annprocess/1.19/jmh-generator-annprocess-1.19.jar:/home/user/.m2/repository/org/mockito/mockito-all/1.8.5/mockito-all-1.8.5.jar:/home/user/.m2/repository/org/apache/hadoop/hadoop-kms/3.2.0/hadoop-kms-3.2.0.jar:/home/user/.m2/repository/org/apache/hadoop/hadoop-auth/3.2.0/hadoop-auth-3.2.0.jar:/home/user/.m2/repository/com/nimbusds/nimbus-jose-jwt/4.41.1/nimbus-jose-jwt-4.41.1.jar:/home/user/.m2/repository/com/github/stephenc/jcip/jcip-annotations/1.0-1/jcip-annotations-1.0-1.jar:/home/user/.m2/repository/net/minidev/json-smart/2.3/json-smart-2.3.jar:/home/user/.m2/repository/net/minidev/accessors-smart/1.2/accessors-smart-1.2.jar:/home/user/.m2/repository/org/ow2/asm/asm/5.0.4/asm-5.0.4.jar:/home/user/.m2/repository/org/apache/curator/curator-framework/2.12.0/curator-framework-2.12.0.jar:/home/user/.m2/repository/com/sun/jersey/jersey-core/1.19/jersey-core-1.19.jar:/home/user/.m2/repository/javax/ws/rs/jsr311-api/1.1.1/jsr311-api-1.1.1.jar:/home/user/.m2/repository/com/sun/jersey/jersey-server/1.19/jersey-server-1.19.jar:/home/user/.m2/repository/javax/servlet/javax.servlet-api/3.1.0/javax.servlet-api-3.1.0.jar:/home/user/.m2/repository/org/eclipse/jetty/jetty-server/9.3.25.v20180904/jetty-server-9.3.25.v20180904.jar:/home/user/.m2/repository/org/eclipse/jetty/jetty-http/9.3.25.v20180904/jetty-http-9.3.25.v20180904.jar:/home/user/.m2/repository/org/eclipse/jetty/jetty-io/9.3.25.v20180904/jetty-io-9.3.25.v20180904.jar:/home/user/.m2/repository/org/eclipse/jetty/jetty-webapp/9.3.25.v20180904/jetty-webapp-9.3.25.v20180904.jar:/home/user/.m2/repository/org/eclipse/jetty/jetty-xml/9.3.25.v20180904/jetty-xml-9.3.25.v20180904.jar:/home/user/.m2/repository/log4j/log4j/1.2.17/log4j-1.2.17.jar:/home/user/.m2/repository/org/slf4j/slf4j-api/1.7.25/slf4j-api-1.7.25.jar:/home/user/.m2/repository/org/slf4j/jul-to-slf4j/1.7.25/jul-to-slf4j-1.7.25.jar:/home/user/.m2/repository/org/eclipse/jetty/jetty-util/9.3.25.v20180904/jetty-util-9.3.25.v20180904.jar:/home/user/.m2/repository/com/fasterxml/jackson/core/jackson-databind/2.9.9/jackson-databind-2.9.9.jar:/home/user/.m2/repository/org/apache/hadoop/hadoop-kms/3.2.0/hadoop-kms-3.2.0-tests.jar:/home/user/.m2/repository/org/apache/hadoop/hadoop-hdds-server-scm/0.5.0-SNAPSHOT/hadoop-hdds-server-scm-0.5.0-SNAPSHOT-tests.jar:/home/user/.m2/repository/org/apache/hadoop/hadoop-hdds-container-service/0.5.0-SNAPSHOT/hadoop-hdds-container-service-0.5.0-SNAPSHOT-tests.jar:/home/user/.m2/repository/org/yaml/snakeyaml/1.16/snakeyaml-1.16.jar:/home/user/.m2/repository/org/apache/hadoop/hadoop-common/3.2.0/hadoop-common-3.2.0-tests.jar:/home/user/.m2/repository/org/apache/hadoop/hadoop-annotations/3.2.0/hadoop-annotations-3.2.0.jar:/usr/lib/jvm/java-1.8.0-openjdk-1.8.0.222.b10-1.el7_7.x86_64/jre/../lib/tools.jar:/home/user/.m2/repository/commons-cli/commons-cli/1.2/commons-cli-1.2.jar:/home/user/.m2/repository/org/apache/httpcomponents/httpclient/4.5.2/httpclient-4.5.2.jar:/home/user/.m2/repository/org/apache/httpcomponents/httpcore/4.4.4/httpcore-4.4.4.jar:/home/user/.m2/repository/commons-codec/commons-codec/1.11/commons-codec-1.11.jar:/home/user/.m2/repository/commons-net/commons-net/3.6/commons-net-3.6.jar:/home/user/.m2/repository/commons-collections/commons-collections/3.2.2/commons-collections-3.2.2.jar:/home/user/.m2/repository/org/eclipse/jetty/jetty-servlet/9.3.25.v20180904/jetty-servlet-9.3.25.v20180904.jar:/home/user/.m2/repository/org/eclipse/jetty/jetty-security/9.3.25.v20180904/jetty-security-9.3.25.v20180904.jar:/home/user/.m2/repository/javax/servlet/jsp/jsp-api/2.1/jsp-api-2.1.jar:/home/user/.m2/repository/com/sun/jersey/jersey-servlet/1.19/jersey-servlet-1.19.jar:/home/user/.m2/repository/com/sun/jersey/jersey-json/1.19/jersey-json-1.19.jar:/home/user/.m2/repository/org/codehaus/jettison/jettison/1.1/jettison-1.1.jar:/home/user/.m2/repository/org/codehaus/jackson/jackson-core-asl/1.9.13/jackson-core-asl-1.9.13.jar:/home/user/.m2/repository/org/codehaus/jackson/jackson-mapper-asl/1.9.13/jackson-mapper-asl-1.9.13.jar:/home/user/.m2/repository/org/codehaus/jackson/jackson-jaxrs/1.9.13/jackson-jaxrs-1.9.13.jar:/home/user/.m2/repository/org/codehaus/jackson/jackson-xc/1.9.13/jackson-xc-1.9.13.jar:/home/user/.m2/repository/commons-logging/commons-logging/1.1.3/commons-logging-1.1.3.jar:/home/user/.m2/repository/commons-beanutils/commons-beanutils/1.9.4/commons-beanutils-1.9.4.jar:/home/user/.m2/repository/org/apache/commons/commons-configuration2/2.1.1/commons-configuration2-2.1.1.jar:/home/user/.m2/repository/org/apache/commons/commons-lang3/3.7/commons-lang3-3.7.jar:/home/user/.m2/repository/org/apache/commons/commons-text/1.4/commons-text-1.4.jar:/home/user/.m2/repository/org/apache/avro/avro/1.7.7/avro-1.7.7.jar:/home/user/.m2/repository/com/thoughtworks/paranamer/paranamer/2.3/paranamer-2.3.jar:/home/user/.m2/repository/org/xerial/snappy/snappy-java/1.0.5/snappy-java-1.0.5.jar:/home/user/.m2/repository/com/google/re2j/re2j/1.1/re2j-1.1.jar:/home/user/.m2/repository/com/google/code/gson/gson/2.2.4/gson-2.2.4.jar:/home/user/.m2/repository/com/jcraft/jsch/0.1.54/jsch-0.1.54.jar:/home/user/.m2/repository/org/apache/curator/curator-client/2.12.0/curator-client-2.12.0.jar:/home/user/.m2/repository/org/apache/curator/curator-recipes/2.12.0/curator-recipes-2.12.0.jar:/home/user/.m2/repository/com/google/code/findbugs/jsr305/3.0.0/jsr305-3.0.0.jar:/home/user/.m2/repository/org/apache/htrace/htrace-core4/4.1.0-incubating/htrace-core4-4.1.0-incubating.jar:/home/user/.m2/repository/org/apache/zookeeper/zookeeper/3.4.13/zookeeper-3.4.13.jar:/home/user/.m2/repository/jline/jline/0.9.94/jline-0.9.94.jar:/home/user/.m2/repository/org/apache/yetus/audience-annotations/0.5.0/audience-annotations-0.5.0.jar:/home/user/.m2/repository/org/codehaus/woodstox/stax2-api/3.1.4/stax2-api-3.1.4.jar:/home/user/.m2/repository/com/fasterxml/woodstox/woodstox-core/5.0.3/woodstox-core-5.0.3.jar:/home/user/.m2/repository/dnsjava/dnsjava/2.1.7/dnsjava-2.1.7.jar:/home/user/.m2/repository/org/apache/hadoop/hadoop-hdfs/3.2.0/hadoop-hdfs-3.2.0-tests.jar:/home/user/.m2/repository/org/eclipse/jetty/jetty-util-ajax/9.3.25.v20180904/jetty-util-ajax-9.3.25.v20180904.jar:/home/user/.m2/repository/commons-daemon/commons-daemon/1.0.13/commons-daemon-1.0.13.jar:/home/user/.m2/repository/io/netty/netty/3.10.5.Final/netty-3.10.5.Final.jar:/home/user/.m2/repository/io/netty/netty-all/4.0.52.Final/netty-all-4.0.52.Final.jar:/home/user/.m2/repository/org/fusesource/leveldbjni/leveldbjni-all/1.8/leveldbjni-all-1.8.jar:"/>
    <property name="sun.cpu.endian" value="little"/>
    <property name="user.home" value="/home/user"/>
    <property name="user.language" value="en"/>
    <property name="java.specification.vendor" value="Oracle Corporation"/>
    <property name="java.home" value="/usr/lib/jvm/java-1.8.0-openjdk-1.8.0.222.b10-1.el7_7.x86_64/jre"/>
    <property name="surefire.excludesFile" value="/tools/ozone-bad-unit-tests"/>
    <property name="java.security.krb5.conf" value="/workdir/hadoop-ozone/integration-test/target/test-classes/krb5.conf"/>
    <property name="basedir" value="/workdir/hadoop-ozone/integration-test"/>
    <property name="file.separator" value="/"/>
    <property name="line.separator" value="&#10;"/>
    <property name="java.vm.specification.vendor" value="Oracle Corporation"/>
    <property name="java.specification.name" value="Java Platform API Specification"/>
    <property name="java.awt.graphicsenv" value="sun.awt.X11GraphicsEnvironment"/>
    <property name="surefire.real.class.path" value="/workdir/hadoop-ozone/integration-test/target/surefire/surefirebooter5416828362701479502.jar"/>
    <property name="hadoop.log.dir" value="/workdir/hadoop-ozone/integration-test/target/log"/>
    <property name="sun.boot.class.path" value="/usr/lib/jvm/java-1.8.0-openjdk-1.8.0.222.b10-1.el7_7.x86_64/jre/lib/resources.jar:/usr/lib/jvm/java-1.8.0-openjdk-1.8.0.222.b10-1.el7_7.x86_64/jre/lib/rt.jar:/usr/lib/jvm/java-1.8.0-openjdk-1.8.0.222.b10-1.el7_7.x86_64/jre/lib/sunrsasign.jar:/usr/lib/jvm/java-1.8.0-openjdk-1.8.0.222.b10-1.el7_7.x86_64/jre/lib/jsse.jar:/usr/lib/jvm/java-1.8.0-openjdk-1.8.0.222.b10-1.el7_7.x86_64/jre/lib/jce.jar:/usr/lib/jvm/java-1.8.0-openjdk-1.8.0.222.b10-1.el7_7.x86_64/jre/lib/charsets.jar:/usr/lib/jvm/java-1.8.0-openjdk-1.8.0.222.b10-1.el7_7.x86_64/jre/lib/jfr.jar:/usr/lib/jvm/java-1.8.0-openjdk-1.8.0.222.b10-1.el7_7.x86_64/jre/classes"/>
    <property name="sun.management.compiler" value="HotSpot 64-Bit Tiered Compilers"/>
    <property name="java.runtime.version" value="1.8.0_222-b10"/>
    <property name="java.net.preferIPv4Stack" value="true"/>
    <property name="user.name" value="jenkins1000"/>
    <property name="path.separator" value=":"/>
    <property name="java.security.egd" value="file:///dev/urandom"/>
    <property name="os.version" value="3.10.0-957.12.2.el7.x86_64"/>
    <property name="java.endorsed.dirs" value="/usr/lib/jvm/java-1.8.0-openjdk-1.8.0.222.b10-1.el7_7.x86_64/jre/lib/endorsed"/>
    <property name="java.runtime.name" value="OpenJDK Runtime Environment"/>
    <property name="file.encoding" value="ANSI_X3.4-1968"/>
    <property name="java.vm.name" value="OpenJDK 64-Bit Server VM"/>
    <property name="test.build.webapps" value=""/>
    <property name="localRepository" value="/home/user/.m2/repository"/>
    <property name="java.vendor.url.bug" value="http://bugreport.sun.com/bugreport/"/>
    <property name="java.io.tmpdir" value="/tmp"/>
    <property name="require.test.libhadoop" value=""/>
    <property name="java.version" value="1.8.0_222"/>
    <property name="user.dir" value="/workdir/hadoop-ozone/integration-test"/>
    <property name="os.arch" value="amd64"/>
    <property name="java.vm.specification.name" value="Java Virtual Machine Specification"/>
    <property name="test.build.classes" value="/workdir/hadoop-ozone/integration-test/target/test-classes"/>
    <property name="java.awt.printerjob" value="sun.print.PSPrinterJob"/>
    <property name="sun.os.patch.level" value="unknown"/>
    <property name="hadoop.tmp.dir" value="/workdir/hadoop-ozone/integration-test/target/tmp"/>
    <property name="java.library.path" value="/usr/lib:/workdir/hadoop-ozone/integration-test/target/native/target/usr/local/lib:/workdir/hadoop-ozone/integration-test/../../hadoop-common-project/hadoop-common/target/native/target/usr/local/lib:/usr/java/packages/lib/amd64:/usr/lib64:/lib64:/lib:/usr/lib"/>
    <property name="java.vm.info" value="mixed mode"/>
    <property name="java.vendor" value="Oracle Corporation"/>
    <property name="java.vm.version" value="25.222-b10"/>
    <property name="java.ext.dirs" value="/usr/lib/jvm/java-1.8.0-openjdk-1.8.0.222.b10-1.el7_7.x86_64/jre/lib/ext:/usr/java/packages/lib/ext"/>
    <property name="sun.io.unicode.encoding" value="UnicodeLittle"/>
    <property name="java.class.version" value="52.0"/>
  </properties>
  <testcase name="testMultiBlockWritesWithIntermittentDnFailures" classname="org.apache.hadoop.ozone.client.rpc.TestMultiBlockWritesWithDnFailures" time="59.113">
    <failure message="expected:&lt;6&gt; but was:&lt;4&gt;" type="java.lang.AssertionError"><![CDATA[java.lang.AssertionError: expected:<6> but was:<4>
	at org.junit.Assert.fail(Assert.java:88)
	at org.junit.Assert.failNotEquals(Assert.java:743)
	at org.junit.Assert.assertEquals(Assert.java:118)
	at org.junit.Assert.assertEquals(Assert.java:555)
	at org.junit.Assert.assertEquals(Assert.java:542)
	at org.apache.hadoop.ozone.client.rpc.TestMultiBlockWritesWithDnFailures.testMultiBlockWritesWithIntermittentDnFailures(TestMultiBlockWritesWithDnFailures.java:176)
	at sun.reflect.NativeMethodAccessorImpl.invoke0(Native Method)
	at sun.reflect.NativeMethodAccessorImpl.invoke(NativeMethodAccessorImpl.java:62)
	at sun.reflect.DelegatingMethodAccessorImpl.invoke(DelegatingMethodAccessorImpl.java:43)
	at java.lang.reflect.Method.invoke(Method.java:498)
	at org.junit.runners.model.FrameworkMethod$1.runReflectiveCall(FrameworkMethod.java:47)
	at org.junit.internal.runners.model.ReflectiveCallable.run(ReflectiveCallable.java:12)
	at org.junit.runners.model.FrameworkMethod.invokeExplosively(FrameworkMethod.java:44)
	at org.junit.internal.runners.statements.InvokeMethod.evaluate(InvokeMethod.java:17)
	at org.junit.internal.runners.statements.RunAfters.evaluate(RunAfters.java:27)
	at org.junit.runners.ParentRunner.runLeaf(ParentRunner.java:271)
	at org.junit.runners.BlockJUnit4ClassRunner.runChild(BlockJUnit4ClassRunner.java:70)
	at org.junit.runners.BlockJUnit4ClassRunner.runChild(BlockJUnit4ClassRunner.java:50)
	at org.junit.runners.ParentRunner$3.run(ParentRunner.java:238)
	at org.junit.runners.ParentRunner$1.schedule(ParentRunner.java:63)
	at org.junit.runners.ParentRunner.runChildren(ParentRunner.java:236)
	at org.junit.runners.ParentRunner.access$000(ParentRunner.java:53)
	at org.junit.runners.ParentRunner$2.evaluate(ParentRunner.java:229)
	at org.junit.runners.ParentRunner.run(ParentRunner.java:309)
	at org.apache.maven.surefire.junit4.JUnit4Provider.execute(JUnit4Provider.java:365)
	at org.apache.maven.surefire.junit4.JUnit4Provider.executeWithRerun(JUnit4Provider.java:273)
	at org.apache.maven.surefire.junit4.JUnit4Provider.executeTestSet(JUnit4Provider.java:238)
	at org.apache.maven.surefire.junit4.JUnit4Provider.invoke(JUnit4Provider.java:159)
	at org.apache.maven.surefire.booter.ForkedBooter.invokeProviderInSameClassLoader(ForkedBooter.java:384)
	at org.apache.maven.surefire.booter.ForkedBooter.runSuitesInProcess(ForkedBooter.java:345)
	at org.apache.maven.surefire.booter.ForkedBooter.execute(ForkedBooter.java:126)
	at org.apache.maven.surefire.booter.ForkedBooter.main(ForkedBooter.java:418)
]]></failure>
    <system-out><![CDATA[2019-10-20 18:18:14,608 [main] WARN  server.ServerUtils (ServerUtils.java:getScmDbDir(145)) - ozone.scm.db.dirs is not configured. We recommend adding this setting. Falling back to ozone.metadata.dirs instead.
2019-10-20 18:18:14,711 [main] WARN  server.ServerUtils (ServerUtils.java:getScmDbDir(145)) - ozone.scm.db.dirs is not configured. We recommend adding this setting. Falling back to ozone.metadata.dirs instead.
2019-10-20 18:18:14,714 [main] WARN  server.ServerUtils (ServerUtils.java:getScmDbDir(145)) - ozone.scm.db.dirs is not configured. We recommend adding this setting. Falling back to ozone.metadata.dirs instead.
2019-10-20 18:18:14,737 [main] INFO  util.log (Log.java:initialized(192)) - Logging initialized @866ms
2019-10-20 18:18:14,822 [main] INFO  db.DBStoreBuilder (DBStoreBuilder.java:addTable(117)) - using custom profile for table: deletedBlocks
2019-10-20 18:18:14,822 [main] INFO  db.DBStoreBuilder (DBStoreBuilder.java:processTables(168)) - Using default column profile:DBProfile.DISK for Table:deletedBlocks
2019-10-20 18:18:14,822 [main] INFO  db.DBStoreBuilder (DBStoreBuilder.java:addTable(117)) - using custom profile for table: validCerts
2019-10-20 18:18:14,823 [main] INFO  db.DBStoreBuilder (DBStoreBuilder.java:processTables(168)) - Using default column profile:DBProfile.DISK for Table:validCerts
2019-10-20 18:18:14,823 [main] INFO  db.DBStoreBuilder (DBStoreBuilder.java:addTable(117)) - using custom profile for table: revokedCerts
2019-10-20 18:18:14,823 [main] INFO  db.DBStoreBuilder (DBStoreBuilder.java:processTables(168)) - Using default column profile:DBProfile.DISK for Table:revokedCerts
2019-10-20 18:18:14,833 [main] INFO  db.DBStoreBuilder (DBStoreBuilder.java:addTable(117)) - using custom profile for table: default
2019-10-20 18:18:14,833 [main] INFO  db.DBStoreBuilder (DBStoreBuilder.java:processTables(174)) - Using default column profile:DBProfile.DISK for Table:default
2019-10-20 18:18:14,835 [main] INFO  db.DBStoreBuilder (DBStoreBuilder.java:getDbProfile(205)) - Using default options. DBProfile.DISK
2019-10-20 18:18:15,266 [main] INFO  net.NodeSchemaLoader (NodeSchemaLoader.java:loadSchemaFromFile(125)) - Loading file from sun.misc.CompoundEnumeration@6b2ea799
2019-10-20 18:18:15,269 [main] INFO  net.NodeSchemaLoader (NodeSchemaLoader.java:loadSchema(171)) - Loading network topology layer schema file
2019-10-20 18:18:15,343 [main] INFO  node.SCMNodeManager (SCMNodeManager.java:<init>(116)) - Entering startup safe mode.
2019-10-20 18:18:15,405 [main] INFO  algorithms.ContainerPlacementPolicyFactory (ContainerPlacementPolicyFactory.java:getPolicy(57)) - Create container placement policy of type org.apache.hadoop.hdds.scm.container.placement.algorithms.SCMContainerPlacementRandom
2019-10-20 18:18:15,418 [main] WARN  server.ServerUtils (ServerUtils.java:getScmDbDir(145)) - ozone.scm.db.dirs is not configured. We recommend adding this setting. Falling back to ozone.metadata.dirs instead.
2019-10-20 18:18:15,577 [main] INFO  pipeline.SCMPipelineManager (SCMPipelineManager.java:initializePipelineState(132)) - No pipeline exists in current db
2019-10-20 18:18:15,580 [main] WARN  server.ServerUtils (ServerUtils.java:getScmDbDir(145)) - ozone.scm.db.dirs is not configured. We recommend adding this setting. Falling back to ozone.metadata.dirs instead.
2019-10-20 18:18:15,775 [main] WARN  events.EventQueue (EventQueue.java:fireEvent(183)) - No event handler registered for event TypedEvent{payloadType=SafeModeStatus, name='SafeModeStatus'}
2019-10-20 18:18:16,162 [main] INFO  ipc.CallQueueManager (CallQueueManager.java:<init>(84)) - Using callQueue: class java.util.concurrent.LinkedBlockingQueue, queueCapacity: 2000, scheduler: class org.apache.hadoop.ipc.DefaultRpcScheduler, ipcBackoff: false.
2019-10-20 18:18:16,185 [Socket Reader #1 for port 35982] INFO  ipc.Server (Server.java:run(1074)) - Starting Socket Reader #1 for port 35982
2019-10-20 18:18:16,325 [main] INFO  ipc.CallQueueManager (CallQueueManager.java:<init>(84)) - Using callQueue: class java.util.concurrent.LinkedBlockingQueue, queueCapacity: 2000, scheduler: class org.apache.hadoop.ipc.DefaultRpcScheduler, ipcBackoff: false.
2019-10-20 18:18:16,326 [Socket Reader #1 for port 43665] INFO  ipc.Server (Server.java:run(1074)) - Starting Socket Reader #1 for port 43665
2019-10-20 18:18:16,335 [main] INFO  ipc.CallQueueManager (CallQueueManager.java:<init>(84)) - Using callQueue: class java.util.concurrent.LinkedBlockingQueue, queueCapacity: 2000, scheduler: class org.apache.hadoop.ipc.DefaultRpcScheduler, ipcBackoff: false.
2019-10-20 18:18:16,336 [Socket Reader #1 for port 42119] INFO  ipc.Server (Server.java:run(1074)) - Starting Socket Reader #1 for port 42119
2019-10-20 18:18:16,357 [main] INFO  hdfs.DFSUtil (DFSUtil.java:httpServerTemplateForNNAndJN(1641)) - Starting Web-server for scm at: http://0.0.0.0:0
2019-10-20 18:18:16,470 [main] INFO  server.AuthenticationFilter (AuthenticationFilter.java:constructSecretProvider(240)) - Unable to initialize FileSignerSecretProvider, falling back to use random secrets.
2019-10-20 18:18:16,477 [main] WARN  http.HttpRequestLog (HttpRequestLog.java:getRequestLog(97)) - Jetty request log can only be enabled using Log4j
2019-10-20 18:18:16,483 [main] INFO  http.HttpServer2 (HttpServer2.java:addGlobalFilter(975)) - Added global filter 'safety' (class=org.apache.hadoop.http.HttpServer2$QuotingInputFilter)
2019-10-20 18:18:16,486 [main] INFO  http.HttpServer2 (HttpServer2.java:addFilter(948)) - Added filter static_user_filter (class=org.apache.hadoop.http.lib.StaticUserWebFilter$StaticUserFilter) to context scm
2019-10-20 18:18:16,486 [main] INFO  http.HttpServer2 (HttpServer2.java:addFilter(958)) - Added filter static_user_filter (class=org.apache.hadoop.http.lib.StaticUserWebFilter$StaticUserFilter) to context static
2019-10-20 18:18:16,486 [main] INFO  http.HttpServer2 (HttpServer2.java:addFilter(958)) - Added filter static_user_filter (class=org.apache.hadoop.http.lib.StaticUserWebFilter$StaticUserFilter) to context logs
2019-10-20 18:18:16,529 [main] INFO  server.StorageContainerManager (StorageContainerManager.java:start(772)) - StorageContainerLocationProtocol RPC server is listening at /0.0.0.0:42119
2019-10-20 18:18:16,612 [main] WARN  impl.MetricsConfig (MetricsConfig.java:loadFirst(134)) - Cannot locate configuration: tried hadoop-metrics2-storagecontainermanager.properties,hadoop-metrics2.properties
2019-10-20 18:18:16,627 [main] INFO  impl.MetricsSystemImpl (MetricsSystemImpl.java:startTimer(374)) - Scheduled Metric snapshot period at 10 second(s).
2019-10-20 18:18:16,628 [main] INFO  impl.MetricsSystemImpl (MetricsSystemImpl.java:start(191)) - StorageContainerManager metrics system started
2019-10-20 18:18:16,883 [main] INFO  server.SCMClientProtocolServer (SCMClientProtocolServer.java:start(159)) - RPC server for Client  is listening at /0.0.0.0:42119
2019-10-20 18:18:16,884 [IPC Server Responder] INFO  ipc.Server (Server.java:run(1314)) - IPC Server Responder: starting
2019-10-20 18:18:16,885 [IPC Server listener on 42119] INFO  ipc.Server (Server.java:run(1153)) - IPC Server listener on 42119: starting
2019-10-20 18:18:16,889 [main] INFO  server.StorageContainerManager (StorageContainerManager.java:start(782)) - ScmBlockLocationProtocol RPC server is listening at /0.0.0.0:43665
2019-10-20 18:18:16,890 [main] INFO  server.SCMBlockProtocolServer (SCMBlockProtocolServer.java:start(146)) - RPC server for Block Protocol is listening at /0.0.0.0:43665
2019-10-20 18:18:16,891 [IPC Server Responder] INFO  ipc.Server (Server.java:run(1314)) - IPC Server Responder: starting
2019-10-20 18:18:16,891 [IPC Server listener on 43665] INFO  ipc.Server (Server.java:run(1153)) - IPC Server listener on 43665: starting
2019-10-20 18:18:16,894 [main] INFO  server.StorageContainerManager (StorageContainerManager.java:start(786)) - ScmDatanodeProtocl RPC server is listening at /0.0.0.0:35982
2019-10-20 18:18:16,894 [main] INFO  server.SCMDatanodeProtocolServer (SCMDatanodeProtocolServer.java:start(169)) - RPC server for DataNodes is listening at /0.0.0.0:35982
2019-10-20 18:18:16,896 [IPC Server Responder] INFO  ipc.Server (Server.java:run(1314)) - IPC Server Responder: starting
2019-10-20 18:18:16,896 [IPC Server listener on 35982] INFO  ipc.Server (Server.java:run(1153)) - IPC Server listener on 35982: starting
2019-10-20 18:18:16,901 [main] INFO  http.HttpServer2 (HttpServer2.java:bindListener(1191)) - Jetty bound to port 35424
2019-10-20 18:18:16,904 [main] INFO  server.Server (Server.java:doStart(351)) - jetty-9.3.25.v20180904, build timestamp: 2018-09-04T21:11:46Z, git hash: 3ce520221d0240229c862b122d2b06c12a625732
2019-10-20 18:18:16,944 [main] INFO  handler.ContextHandler (ContextHandler.java:doStart(781)) - Started o.e.j.s.ServletContextHandler@180da663{/logs,file:///workdir/hadoop-ozone/integration-test/target/log,AVAILABLE}
2019-10-20 18:18:16,945 [main] INFO  handler.ContextHandler (ContextHandler.java:doStart(781)) - Started o.e.j.s.ServletContextHandler@340da44c{/static,file:///workdir/hadoop-ozone/integration-test/target/test-classes/webapps/static,AVAILABLE}
2019-10-20 18:18:16,988 [main] INFO  handler.ContextHandler (ContextHandler.java:doStart(781)) - Started o.e.j.w.WebAppContext@410954b{/,file:///workdir/hadoop-ozone/integration-test/target/test-classes/webapps/scm/,AVAILABLE}{/scm}
2019-10-20 18:18:16,996 [main] INFO  server.AbstractConnector (AbstractConnector.java:doStart(278)) - Started ServerConnector@5f7f2382{HTTP/1.1,[http/1.1]}{0.0.0.0:35424}
2019-10-20 18:18:16,996 [main] INFO  server.Server (Server.java:doStart(419)) - Started @3125ms
2019-10-20 18:18:17,000 [main] INFO  impl.MetricsSinkAdapter (MetricsSinkAdapter.java:start(204)) - Sink prometheus started
2019-10-20 18:18:17,000 [main] INFO  impl.MetricsSystemImpl (MetricsSystemImpl.java:registerSink(301)) - Registered sink prometheus
2019-10-20 18:18:17,002 [main] INFO  server.BaseHttpServer (BaseHttpServer.java:updateConnectorAddress(215)) - HTTP server of SCM is listening at http://0.0.0.0:35424
2019-10-20 18:18:17,009 [org.apache.hadoop.util.JvmPauseMonitor$Monitor@37cd92d6] INFO  util.JvmPauseMonitor (JvmPauseMonitor.java:run(188)) - Starting JVM pause monitor
2019-10-20 18:18:17,014 [main] WARN  server.ServerUtils (ServerUtils.java:getDBPath(222)) - ozone.om.db.dirs is not configured. We recommend adding this setting. Falling back to ozone.metadata.dirs instead.
2019-10-20 18:18:17,140 [main] INFO  ha.OMHANodeDetails (OMHANodeDetails.java:loadOMHAConfig(190)) - Configuration either no ozone.om.address set. Falling back to the default OM address /127.0.0.1:0
2019-10-20 18:18:17,141 [main] INFO  ha.OMHANodeDetails (OMHANodeDetails.java:getOMNodeDetails(220)) - OM Service ID is not set. Setting it to the default ID: omServiceIdDefault
2019-10-20 18:18:17,142 [main] WARN  server.ServerUtils (ServerUtils.java:getDBPath(222)) - ozone.om.db.dirs is not configured. We recommend adding this setting. Falling back to ozone.metadata.dirs instead.
2019-10-20 18:18:17,143 [main] WARN  server.ServerUtils (ServerUtils.java:getDBPath(222)) - ozone.om.db.dirs is not configured. We recommend adding this setting. Falling back to ozone.metadata.dirs instead.
2019-10-20 18:18:17,904 [main] WARN  server.ServerUtils (ServerUtils.java:getDBPath(222)) - ozone.om.db.dirs is not configured. We recommend adding this setting. Falling back to ozone.metadata.dirs instead.
2019-10-20 18:18:17,916 [main] INFO  db.DBStoreBuilder (DBStoreBuilder.java:addTable(117)) - using custom profile for table: userTable
2019-10-20 18:18:17,916 [main] INFO  db.DBStoreBuilder (DBStoreBuilder.java:processTables(168)) - Using default column profile:DBProfile.DISK for Table:userTable
2019-10-20 18:18:17,916 [main] INFO  db.DBStoreBuilder (DBStoreBuilder.java:addTable(117)) - using custom profile for table: volumeTable
2019-10-20 18:18:17,917 [main] INFO  db.DBStoreBuilder (DBStoreBuilder.java:processTables(168)) - Using default column profile:DBProfile.DISK for Table:volumeTable
2019-10-20 18:18:17,917 [main] INFO  db.DBStoreBuilder (DBStoreBuilder.java:addTable(117)) - using custom profile for table: bucketTable
2019-10-20 18:18:17,917 [main] INFO  db.DBStoreBuilder (DBStoreBuilder.java:processTables(168)) - Using default column profile:DBProfile.DISK for Table:bucketTable
2019-10-20 18:18:17,918 [main] INFO  db.DBStoreBuilder (DBStoreBuilder.java:addTable(117)) - using custom profile for table: keyTable
2019-10-20 18:18:17,918 [main] INFO  db.DBStoreBuilder (DBStoreBuilder.java:processTables(168)) - Using default column profile:DBProfile.DISK for Table:keyTable
2019-10-20 18:18:17,918 [main] INFO  db.DBStoreBuilder (DBStoreBuilder.java:addTable(117)) - using custom profile for table: deletedTable
2019-10-20 18:18:17,919 [main] INFO  db.DBStoreBuilder (DBStoreBuilder.java:processTables(168)) - Using default column profile:DBProfile.DISK for Table:deletedTable
2019-10-20 18:18:17,919 [main] INFO  db.DBStoreBuilder (DBStoreBuilder.java:addTable(117)) - using custom profile for table: openKeyTable
2019-10-20 18:18:17,919 [main] INFO  db.DBStoreBuilder (DBStoreBuilder.java:processTables(168)) - Using default column profile:DBProfile.DISK for Table:openKeyTable
2019-10-20 18:18:17,920 [main] INFO  db.DBStoreBuilder (DBStoreBuilder.java:addTable(117)) - using custom profile for table: s3Table
2019-10-20 18:18:17,920 [main] INFO  db.DBStoreBuilder (DBStoreBuilder.java:processTables(168)) - Using default column profile:DBProfile.DISK for Table:s3Table
2019-10-20 18:18:17,921 [main] INFO  db.DBStoreBuilder (DBStoreBuilder.java:addTable(117)) - using custom profile for table: multipartInfoTable
2019-10-20 18:18:17,921 [main] INFO  db.DBStoreBuilder (DBStoreBuilder.java:processTables(168)) - Using default column profile:DBProfile.DISK for Table:multipartInfoTable
2019-10-20 18:18:17,921 [main] INFO  db.DBStoreBuilder (DBStoreBuilder.java:addTable(117)) - using custom profile for table: dTokenTable
2019-10-20 18:18:17,921 [main] INFO  db.DBStoreBuilder (DBStoreBuilder.java:processTables(168)) - Using default column profile:DBProfile.DISK for Table:dTokenTable
2019-10-20 18:18:17,922 [main] INFO  db.DBStoreBuilder (DBStoreBuilder.java:addTable(117)) - using custom profile for table: s3SecretTable
2019-10-20 18:18:17,922 [main] INFO  db.DBStoreBuilder (DBStoreBuilder.java:processTables(168)) - Using default column profile:DBProfile.DISK for Table:s3SecretTable
2019-10-20 18:18:17,923 [main] INFO  db.DBStoreBuilder (DBStoreBuilder.java:addTable(117)) - using custom profile for table: prefixTable
2019-10-20 18:18:17,923 [main] INFO  db.DBStoreBuilder (DBStoreBuilder.java:processTables(168)) - Using default column profile:DBProfile.DISK for Table:prefixTable
2019-10-20 18:18:17,923 [main] INFO  db.DBStoreBuilder (DBStoreBuilder.java:addTable(117)) - using custom profile for table: default
2019-10-20 18:18:17,924 [main] INFO  db.DBStoreBuilder (DBStoreBuilder.java:processTables(174)) - Using default column profile:DBProfile.DISK for Table:default
2019-10-20 18:18:17,924 [main] INFO  db.DBStoreBuilder (DBStoreBuilder.java:getDbProfile(205)) - Using default options. DBProfile.DISK
2019-10-20 18:18:18,829 [main] INFO  ipc.CallQueueManager (CallQueueManager.java:<init>(84)) - Using callQueue: class java.util.concurrent.LinkedBlockingQueue, queueCapacity: 2000, scheduler: class org.apache.hadoop.ipc.DefaultRpcScheduler, ipcBackoff: false.
2019-10-20 18:18:18,830 [Socket Reader #1 for port 42979] INFO  ipc.Server (Server.java:run(1074)) - Starting Socket Reader #1 for port 42979
2019-10-20 18:18:18,852 [main] INFO  om.OzoneManager (OzoneManager.java:start(1074)) - OzoneManager RPC server is listening at localhost/127.0.0.1:42979
2019-10-20 18:18:18,853 [main] INFO  impl.MetricsSystemImpl (MetricsSystemImpl.java:init(158)) - OzoneManager metrics system started (again)
2019-10-20 18:18:18,860 [IPC Server Responder] INFO  ipc.Server (Server.java:run(1314)) - IPC Server Responder: starting
2019-10-20 18:18:18,861 [IPC Server listener on 42979] INFO  ipc.Server (Server.java:run(1153)) - IPC Server listener on 42979: starting
2019-10-20 18:18:18,868 [main] INFO  hdfs.DFSUtil (DFSUtil.java:httpServerTemplateForNNAndJN(1641)) - Starting Web-server for ozoneManager at: http://0.0.0.0:0
2019-10-20 18:18:18,870 [main] INFO  server.AuthenticationFilter (AuthenticationFilter.java:constructSecretProvider(240)) - Unable to initialize FileSignerSecretProvider, falling back to use random secrets.
2019-10-20 18:18:18,871 [main] WARN  http.HttpRequestLog (HttpRequestLog.java:getRequestLog(97)) - Jetty request log can only be enabled using Log4j
2019-10-20 18:18:18,875 [main] INFO  http.HttpServer2 (HttpServer2.java:addGlobalFilter(975)) - Added global filter 'safety' (class=org.apache.hadoop.http.HttpServer2$QuotingInputFilter)
2019-10-20 18:18:18,876 [main] INFO  http.HttpServer2 (HttpServer2.java:addFilter(948)) - Added filter static_user_filter (class=org.apache.hadoop.http.lib.StaticUserWebFilter$StaticUserFilter) to context ozoneManager
2019-10-20 18:18:18,877 [main] INFO  http.HttpServer2 (HttpServer2.java:addFilter(958)) - Added filter static_user_filter (class=org.apache.hadoop.http.lib.StaticUserWebFilter$StaticUserFilter) to context logs
2019-10-20 18:18:18,877 [main] INFO  http.HttpServer2 (HttpServer2.java:addFilter(958)) - Added filter static_user_filter (class=org.apache.hadoop.http.lib.StaticUserWebFilter$StaticUserFilter) to context static
2019-10-20 18:18:18,880 [main] INFO  http.HttpServer2 (HttpServer2.java:bindListener(1191)) - Jetty bound to port 40340
2019-10-20 18:18:18,881 [main] INFO  server.Server (Server.java:doStart(351)) - jetty-9.3.25.v20180904, build timestamp: 2018-09-04T21:11:46Z, git hash: 3ce520221d0240229c862b122d2b06c12a625732
2019-10-20 18:18:18,883 [main] INFO  handler.ContextHandler (ContextHandler.java:doStart(781)) - Started o.e.j.s.ServletContextHandler@43826ec{/logs,file:///workdir/hadoop-ozone/integration-test/target/log,AVAILABLE}
2019-10-20 18:18:18,884 [main] INFO  handler.ContextHandler (ContextHandler.java:doStart(781)) - Started o.e.j.s.ServletContextHandler@6b63d445{/static,file:///workdir/hadoop-ozone/integration-test/target/test-classes/webapps/static,AVAILABLE}
2019-10-20 18:18:18,892 [main] INFO  handler.ContextHandler (ContextHandler.java:doStart(781)) - Started o.e.j.w.WebAppContext@71391b3f{/,file:///workdir/hadoop-ozone/integration-test/target/test-classes/webapps/ozoneManager/,AVAILABLE}{/ozoneManager}
2019-10-20 18:18:18,893 [main] INFO  server.AbstractConnector (AbstractConnector.java:doStart(278)) - Started ServerConnector@2cfbeac4{HTTP/1.1,[http/1.1]}{0.0.0.0:40340}
2019-10-20 18:18:18,894 [main] INFO  server.Server (Server.java:doStart(419)) - Started @5021ms
2019-10-20 18:18:18,894 [main] WARN  impl.MetricsSystemImpl (MetricsSystemImpl.java:register(276)) - Sink prometheus already exists!
2019-10-20 18:18:18,895 [main] INFO  server.BaseHttpServer (BaseHttpServer.java:updateConnectorAddress(215)) - HTTP server of OZONEMANAGER is listening at http://0.0.0.0:40340
2019-10-20 18:18:19,189 [main] INFO  impl.MetricsSystemImpl (MetricsSystemImpl.java:init(158)) - HddsDatanode metrics system started (again)
2019-10-20 18:18:19,234 [main] INFO  ozone.HddsDatanodeService (HddsDatanodeService.java:start(184)) - HddsDatanodeService host:pr-hdds-2334-8x2sg-1875309799 ip:192.168.164.241
2019-10-20 18:18:19,264 [main] INFO  volume.HddsVolume (HddsVolume.java:<init>(176)) - Creating Volume: /workdir/hadoop-ozone/integration-test/target/test-dir/MiniOzoneClusterImpl-3ef3c7a0-fafa-4375-a23c-18b63a3f56e7/datanode-0/data/containers/hdds of  storage type : DISK and capacity : 1482555576320
2019-10-20 18:18:19,267 [main] INFO  volume.VolumeSet (VolumeSet.java:initializeVolumeSet(170)) - Added Volume : /workdir/hadoop-ozone/integration-test/target/test-dir/MiniOzoneClusterImpl-3ef3c7a0-fafa-4375-a23c-18b63a3f56e7/datanode-0/data/containers/hdds to VolumeSet
2019-10-20 18:18:19,271 [main] INFO  volume.ThrottledAsyncChecker (ThrottledAsyncChecker.java:schedule(141)) - Scheduling a check for /workdir/hadoop-ozone/integration-test/target/test-dir/MiniOzoneClusterImpl-3ef3c7a0-fafa-4375-a23c-18b63a3f56e7/datanode-0/data/containers/hdds
2019-10-20 18:18:19,292 [main] INFO  volume.HddsVolumeChecker (HddsVolumeChecker.java:checkAllVolumes(204)) - Scheduled health check for volume /workdir/hadoop-ozone/integration-test/target/test-dir/MiniOzoneClusterImpl-3ef3c7a0-fafa-4375-a23c-18b63a3f56e7/datanode-0/data/containers/hdds
2019-10-20 18:18:19,410 [main] INFO  impl.RaftServerProxy (ConfUtils.java:logGet(43)) - raft.rpc.type = GRPC (default)
2019-10-20 18:18:19,471 [main] INFO  grpc.GrpcFactory (GrpcFactory.java:checkPooledByteBufAllocatorUseCacheForAllThreads(45)) - PERFORMANCE WARNING: useCacheForAllThreads is true that may cause Netty to create a lot garbage objects and, as a result, trigger GC.
	It is recommended to disable useCacheForAllThreads by setting -Dorg.apache.ratis.thirdparty.io.netty.allocator.useCacheForAllThreads=false in command line.
2019-10-20 18:18:19,476 [main] INFO  grpc.GrpcConfigKeys$Server (ConfUtils.java:logGet(43)) - raft.grpc.server.port = 0 (default)
2019-10-20 18:18:19,477 [main] INFO  server.GrpcService (ConfUtils.java:logGet(43)) - raft.grpc.message.size.max = 33570816 (custom)
2019-10-20 18:18:19,478 [main] INFO  server.RaftServerConfigKeys (ConfUtils.java:logGet(43)) - raft.server.log.appender.buffer.byte-limit = 33554432 (custom)
2019-10-20 18:18:19,479 [main] INFO  server.GrpcService (ConfUtils.java:logGet(43)) - raft.grpc.flow.control.window = 1MB (=1048576) (default)
2019-10-20 18:18:19,480 [main] INFO  server.RaftServerConfigKeys (ConfUtils.java:logGet(43)) - raft.server.rpc.request.timeout = 3000ms (default)
2019-10-20 18:18:19,628 [main] INFO  server.RaftServerConfigKeys (ConfUtils.java:logGet(43)) - raft.server.storage.dir = [/workdir/hadoop-ozone/integration-test/target/test-dir/MiniOzoneClusterImpl-3ef3c7a0-fafa-4375-a23c-18b63a3f56e7/datanode-0/data/ratis] (custom)
2019-10-20 18:18:19,674 [main] INFO  hdfs.DFSUtil (DFSUtil.java:httpServerTemplateForNNAndJN(1641)) - Starting Web-server for hddsDatanode at: http://0.0.0.0:0
2019-10-20 18:18:19,676 [main] INFO  server.AuthenticationFilter (AuthenticationFilter.java:constructSecretProvider(240)) - Unable to initialize FileSignerSecretProvider, falling back to use random secrets.
2019-10-20 18:18:19,677 [main] WARN  http.HttpRequestLog (HttpRequestLog.java:getRequestLog(97)) - Jetty request log can only be enabled using Log4j
2019-10-20 18:18:19,680 [main] INFO  http.HttpServer2 (HttpServer2.java:addGlobalFilter(975)) - Added global filter 'safety' (class=org.apache.hadoop.http.HttpServer2$QuotingInputFilter)
2019-10-20 18:18:19,681 [main] INFO  http.HttpServer2 (HttpServer2.java:addFilter(948)) - Added filter static_user_filter (class=org.apache.hadoop.http.lib.StaticUserWebFilter$StaticUserFilter) to context hddsDatanode
2019-10-20 18:18:19,681 [main] INFO  http.HttpServer2 (HttpServer2.java:addFilter(958)) - Added filter static_user_filter (class=org.apache.hadoop.http.lib.StaticUserWebFilter$StaticUserFilter) to context logs
2019-10-20 18:18:19,682 [main] INFO  http.HttpServer2 (HttpServer2.java:addFilter(958)) - Added filter static_user_filter (class=org.apache.hadoop.http.lib.StaticUserWebFilter$StaticUserFilter) to context static
2019-10-20 18:18:19,683 [main] INFO  http.HttpServer2 (HttpServer2.java:bindListener(1191)) - Jetty bound to port 41290
2019-10-20 18:18:19,684 [main] INFO  server.Server (Server.java:doStart(351)) - jetty-9.3.25.v20180904, build timestamp: 2018-09-04T21:11:46Z, git hash: 3ce520221d0240229c862b122d2b06c12a625732
2019-10-20 18:18:19,687 [main] INFO  handler.ContextHandler (ContextHandler.java:doStart(781)) - Started o.e.j.s.ServletContextHandler@290d10ef{/logs,file:///workdir/hadoop-ozone/integration-test/target/log,AVAILABLE}
2019-10-20 18:18:19,688 [main] INFO  handler.ContextHandler (ContextHandler.java:doStart(781)) - Started o.e.j.s.ServletContextHandler@644ded04{/static,jar:file:/home/user/.m2/repository/org/apache/hadoop/hadoop-hdds-container-service/0.5.0-SNAPSHOT/hadoop-hdds-container-service-0.5.0-SNAPSHOT.jar!/webapps/static,AVAILABLE}
2019-10-20 18:18:19,737 [main] INFO  handler.ContextHandler (ContextHandler.java:doStart(781)) - Started o.e.j.w.WebAppContext@4339baec{/,file:///tmp/jetty-0.0.0.0-41290-hddsDatanode-_-any-5618432938398731403.dir/webapp/,AVAILABLE}{/hddsDatanode}
2019-10-20 18:18:19,738 [main] INFO  server.AbstractConnector (AbstractConnector.java:doStart(278)) - Started ServerConnector@62db3891{HTTP/1.1,[http/1.1]}{0.0.0.0:41290}
2019-10-20 18:18:19,738 [main] INFO  server.Server (Server.java:doStart(419)) - Started @5867ms
2019-10-20 18:18:19,739 [main] WARN  impl.MetricsSystemImpl (MetricsSystemImpl.java:register(276)) - Sink prometheus already exists!
2019-10-20 18:18:19,740 [main] INFO  server.BaseHttpServer (BaseHttpServer.java:updateConnectorAddress(215)) - HTTP server of HDDSDATANODE is listening at http://0.0.0.0:41290
2019-10-20 18:18:19,741 [main] INFO  impl.MetricsSystemImpl (MetricsSystemImpl.java:init(158)) - HddsDatanode metrics system started (again)
2019-10-20 18:18:19,744 [main] INFO  ozone.HddsDatanodeService (HddsDatanodeService.java:start(184)) - HddsDatanodeService host:pr-hdds-2334-8x2sg-1875309799 ip:192.168.164.241
2019-10-20 18:18:19,747 [org.apache.hadoop.util.JvmPauseMonitor$Monitor@218cd365] INFO  util.JvmPauseMonitor (JvmPauseMonitor.java:run(188)) - Starting JVM pause monitor
2019-10-20 18:18:19,753 [main] INFO  volume.HddsVolume (HddsVolume.java:<init>(176)) - Creating Volume: /workdir/hadoop-ozone/integration-test/target/test-dir/MiniOzoneClusterImpl-3ef3c7a0-fafa-4375-a23c-18b63a3f56e7/datanode-1/data/containers/hdds of  storage type : DISK and capacity : 1482555576320
2019-10-20 18:18:19,754 [main] INFO  volume.VolumeSet (VolumeSet.java:initializeVolumeSet(170)) - Added Volume : /workdir/hadoop-ozone/integration-test/target/test-dir/MiniOzoneClusterImpl-3ef3c7a0-fafa-4375-a23c-18b63a3f56e7/datanode-1/data/containers/hdds to VolumeSet
2019-10-20 18:18:19,754 [main] INFO  volume.ThrottledAsyncChecker (ThrottledAsyncChecker.java:schedule(141)) - Scheduling a check for /workdir/hadoop-ozone/integration-test/target/test-dir/MiniOzoneClusterImpl-3ef3c7a0-fafa-4375-a23c-18b63a3f56e7/datanode-1/data/containers/hdds
2019-10-20 18:18:19,755 [main] INFO  volume.HddsVolumeChecker (HddsVolumeChecker.java:checkAllVolumes(204)) - Scheduled health check for volume /workdir/hadoop-ozone/integration-test/target/test-dir/MiniOzoneClusterImpl-3ef3c7a0-fafa-4375-a23c-18b63a3f56e7/datanode-1/data/containers/hdds
2019-10-20 18:18:19,768 [main] INFO  impl.RaftServerProxy (ConfUtils.java:logGet(43)) - raft.rpc.type = GRPC (default)
2019-10-20 18:18:19,769 [main] INFO  grpc.GrpcFactory (GrpcFactory.java:checkPooledByteBufAllocatorUseCacheForAllThreads(45)) - PERFORMANCE WARNING: useCacheForAllThreads is true that may cause Netty to create a lot garbage objects and, as a result, trigger GC.
	It is recommended to disable useCacheForAllThreads by setting -Dorg.apache.ratis.thirdparty.io.netty.allocator.useCacheForAllThreads=false in command line.
2019-10-20 18:18:19,769 [main] INFO  grpc.GrpcConfigKeys$Server (ConfUtils.java:logGet(43)) - raft.grpc.server.port = 0 (default)
2019-10-20 18:18:19,769 [main] INFO  server.GrpcService (ConfUtils.java:logGet(43)) - raft.grpc.message.size.max = 33570816 (custom)
2019-10-20 18:18:19,770 [main] INFO  server.RaftServerConfigKeys (ConfUtils.java:logGet(43)) - raft.server.log.appender.buffer.byte-limit = 33554432 (custom)
2019-10-20 18:18:19,770 [main] INFO  server.GrpcService (ConfUtils.java:logGet(43)) - raft.grpc.flow.control.window = 1MB (=1048576) (default)
2019-10-20 18:18:19,770 [main] INFO  server.RaftServerConfigKeys (ConfUtils.java:logGet(43)) - raft.server.rpc.request.timeout = 3000ms (default)
2019-10-20 18:18:19,771 [main] INFO  server.RaftServerConfigKeys (ConfUtils.java:logGet(43)) - raft.server.storage.dir = [/workdir/hadoop-ozone/integration-test/target/test-dir/MiniOzoneClusterImpl-3ef3c7a0-fafa-4375-a23c-18b63a3f56e7/datanode-1/data/ratis] (custom)
2019-10-20 18:18:19,773 [main] INFO  hdfs.DFSUtil (DFSUtil.java:httpServerTemplateForNNAndJN(1641)) - Starting Web-server for hddsDatanode at: http://0.0.0.0:0
2019-10-20 18:18:19,774 [main] INFO  server.AuthenticationFilter (AuthenticationFilter.java:constructSecretProvider(240)) - Unable to initialize FileSignerSecretProvider, falling back to use random secrets.
2019-10-20 18:18:19,774 [main] WARN  http.HttpRequestLog (HttpRequestLog.java:getRequestLog(97)) - Jetty request log can only be enabled using Log4j
2019-10-20 18:18:19,776 [main] INFO  http.HttpServer2 (HttpServer2.java:addGlobalFilter(975)) - Added global filter 'safety' (class=org.apache.hadoop.http.HttpServer2$QuotingInputFilter)
2019-10-20 18:18:19,776 [main] INFO  http.HttpServer2 (HttpServer2.java:addFilter(948)) - Added filter static_user_filter (class=org.apache.hadoop.http.lib.StaticUserWebFilter$StaticUserFilter) to context hddsDatanode
2019-10-20 18:18:19,777 [main] INFO  http.HttpServer2 (HttpServer2.java:addFilter(958)) - Added filter static_user_filter (class=org.apache.hadoop.http.lib.StaticUserWebFilter$StaticUserFilter) to context logs
2019-10-20 18:18:19,777 [main] INFO  http.HttpServer2 (HttpServer2.java:addFilter(958)) - Added filter static_user_filter (class=org.apache.hadoop.http.lib.StaticUserWebFilter$StaticUserFilter) to context static
2019-10-20 18:18:19,778 [main] INFO  http.HttpServer2 (HttpServer2.java:bindListener(1191)) - Jetty bound to port 45550
2019-10-20 18:18:19,778 [main] INFO  server.Server (Server.java:doStart(351)) - jetty-9.3.25.v20180904, build timestamp: 2018-09-04T21:11:46Z, git hash: 3ce520221d0240229c862b122d2b06c12a625732
2019-10-20 18:18:19,781 [main] INFO  handler.ContextHandler (ContextHandler.java:doStart(781)) - Started o.e.j.s.ServletContextHandler@730f9695{/logs,file:///workdir/hadoop-ozone/integration-test/target/log,AVAILABLE}
2019-10-20 18:18:19,782 [main] INFO  handler.ContextHandler (ContextHandler.java:doStart(781)) - Started o.e.j.s.ServletContextHandler@fab35b1{/static,jar:file:/home/user/.m2/repository/org/apache/hadoop/hadoop-hdds-container-service/0.5.0-SNAPSHOT/hadoop-hdds-container-service-0.5.0-SNAPSHOT.jar!/webapps/static,AVAILABLE}
2019-10-20 18:18:19,812 [main] INFO  handler.ContextHandler (ContextHandler.java:doStart(781)) - Started o.e.j.w.WebAppContext@3d904e9c{/,file:///tmp/jetty-0.0.0.0-45550-hddsDatanode-_-any-5670798369473201502.dir/webapp/,AVAILABLE}{/hddsDatanode}
2019-10-20 18:18:19,813 [main] INFO  server.AbstractConnector (AbstractConnector.java:doStart(278)) - Started ServerConnector@508a65bf{HTTP/1.1,[http/1.1]}{0.0.0.0:45550}
2019-10-20 18:18:19,814 [main] INFO  server.Server (Server.java:doStart(419)) - Started @5942ms
2019-10-20 18:18:19,814 [main] WARN  impl.MetricsSystemImpl (MetricsSystemImpl.java:register(276)) - Sink prometheus already exists!
2019-10-20 18:18:19,815 [main] INFO  server.BaseHttpServer (BaseHttpServer.java:updateConnectorAddress(215)) - HTTP server of HDDSDATANODE is listening at http://0.0.0.0:45550
2019-10-20 18:18:19,816 [main] INFO  impl.MetricsSystemImpl (MetricsSystemImpl.java:init(158)) - HddsDatanode metrics system started (again)
2019-10-20 18:18:19,818 [main] INFO  ozone.HddsDatanodeService (HddsDatanodeService.java:start(184)) - HddsDatanodeService host:pr-hdds-2334-8x2sg-1875309799 ip:192.168.164.241
2019-10-20 18:18:19,819 [org.apache.hadoop.util.JvmPauseMonitor$Monitor@bc7e94d] INFO  util.JvmPauseMonitor (JvmPauseMonitor.java:run(188)) - Starting JVM pause monitor
2019-10-20 18:18:19,827 [main] INFO  volume.HddsVolume (HddsVolume.java:<init>(176)) - Creating Volume: /workdir/hadoop-ozone/integration-test/target/test-dir/MiniOzoneClusterImpl-3ef3c7a0-fafa-4375-a23c-18b63a3f56e7/datanode-2/data/containers/hdds of  storage type : DISK and capacity : 1482555576320
2019-10-20 18:18:19,828 [main] INFO  volume.VolumeSet (VolumeSet.java:initializeVolumeSet(170)) - Added Volume : /workdir/hadoop-ozone/integration-test/target/test-dir/MiniOzoneClusterImpl-3ef3c7a0-fafa-4375-a23c-18b63a3f56e7/datanode-2/data/containers/hdds to VolumeSet
2019-10-20 18:18:19,828 [main] INFO  volume.ThrottledAsyncChecker (ThrottledAsyncChecker.java:schedule(141)) - Scheduling a check for /workdir/hadoop-ozone/integration-test/target/test-dir/MiniOzoneClusterImpl-3ef3c7a0-fafa-4375-a23c-18b63a3f56e7/datanode-2/data/containers/hdds
2019-10-20 18:18:19,829 [main] INFO  volume.HddsVolumeChecker (HddsVolumeChecker.java:checkAllVolumes(204)) - Scheduled health check for volume /workdir/hadoop-ozone/integration-test/target/test-dir/MiniOzoneClusterImpl-3ef3c7a0-fafa-4375-a23c-18b63a3f56e7/datanode-2/data/containers/hdds
2019-10-20 18:18:19,841 [main] INFO  impl.RaftServerProxy (ConfUtils.java:logGet(43)) - raft.rpc.type = GRPC (default)
2019-10-20 18:18:19,842 [main] INFO  grpc.GrpcFactory (GrpcFactory.java:checkPooledByteBufAllocatorUseCacheForAllThreads(45)) - PERFORMANCE WARNING: useCacheForAllThreads is true that may cause Netty to create a lot garbage objects and, as a result, trigger GC.
	It is recommended to disable useCacheForAllThreads by setting -Dorg.apache.ratis.thirdparty.io.netty.allocator.useCacheForAllThreads=false in command line.
2019-10-20 18:18:19,842 [main] INFO  grpc.GrpcConfigKeys$Server (ConfUtils.java:logGet(43)) - raft.grpc.server.port = 0 (default)
2019-10-20 18:18:19,842 [main] INFO  server.GrpcService (ConfUtils.java:logGet(43)) - raft.grpc.message.size.max = 33570816 (custom)
2019-10-20 18:18:19,842 [main] INFO  server.RaftServerConfigKeys (ConfUtils.java:logGet(43)) - raft.server.log.appender.buffer.byte-limit = 33554432 (custom)
2019-10-20 18:18:19,843 [main] INFO  server.GrpcService (ConfUtils.java:logGet(43)) - raft.grpc.flow.control.window = 1MB (=1048576) (default)
2019-10-20 18:18:19,843 [main] INFO  server.RaftServerConfigKeys (ConfUtils.java:logGet(43)) - raft.server.rpc.request.timeout = 3000ms (default)
2019-10-20 18:18:19,843 [main] INFO  server.RaftServerConfigKeys (ConfUtils.java:logGet(43)) - raft.server.storage.dir = [/workdir/hadoop-ozone/integration-test/target/test-dir/MiniOzoneClusterImpl-3ef3c7a0-fafa-4375-a23c-18b63a3f56e7/datanode-2/data/ratis] (custom)
2019-10-20 18:18:19,846 [main] INFO  hdfs.DFSUtil (DFSUtil.java:httpServerTemplateForNNAndJN(1641)) - Starting Web-server for hddsDatanode at: http://0.0.0.0:0
2019-10-20 18:18:19,847 [main] INFO  server.AuthenticationFilter (AuthenticationFilter.java:constructSecretProvider(240)) - Unable to initialize FileSignerSecretProvider, falling back to use random secrets.
2019-10-20 18:18:19,847 [main] WARN  http.HttpRequestLog (HttpRequestLog.java:getRequestLog(97)) - Jetty request log can only be enabled using Log4j
2019-10-20 18:18:19,849 [main] INFO  http.HttpServer2 (HttpServer2.java:addGlobalFilter(975)) - Added global filter 'safety' (class=org.apache.hadoop.http.HttpServer2$QuotingInputFilter)
2019-10-20 18:18:19,849 [main] INFO  http.HttpServer2 (HttpServer2.java:addFilter(948)) - Added filter static_user_filter (class=org.apache.hadoop.http.lib.StaticUserWebFilter$StaticUserFilter) to context hddsDatanode
2019-10-20 18:18:19,850 [main] INFO  http.HttpServer2 (HttpServer2.java:addFilter(958)) - Added filter static_user_filter (class=org.apache.hadoop.http.lib.StaticUserWebFilter$StaticUserFilter) to context logs
2019-10-20 18:18:19,850 [main] INFO  http.HttpServer2 (HttpServer2.java:addFilter(958)) - Added filter static_user_filter (class=org.apache.hadoop.http.lib.StaticUserWebFilter$StaticUserFilter) to context static
2019-10-20 18:18:19,851 [main] INFO  http.HttpServer2 (HttpServer2.java:bindListener(1191)) - Jetty bound to port 41384
2019-10-20 18:18:19,851 [main] INFO  server.Server (Server.java:doStart(351)) - jetty-9.3.25.v20180904, build timestamp: 2018-09-04T21:11:46Z, git hash: 3ce520221d0240229c862b122d2b06c12a625732
2019-10-20 18:18:19,853 [main] INFO  handler.ContextHandler (ContextHandler.java:doStart(781)) - Started o.e.j.s.ServletContextHandler@2f236de0{/logs,file:///workdir/hadoop-ozone/integration-test/target/log,AVAILABLE}
2019-10-20 18:18:19,853 [main] INFO  handler.ContextHandler (ContextHandler.java:doStart(781)) - Started o.e.j.s.ServletContextHandler@767a014e{/static,jar:file:/home/user/.m2/repository/org/apache/hadoop/hadoop-hdds-container-service/0.5.0-SNAPSHOT/hadoop-hdds-container-service-0.5.0-SNAPSHOT.jar!/webapps/static,AVAILABLE}
2019-10-20 18:18:19,875 [Datanode State Machine Thread - 0] INFO  datanode.InitDatanodeState (InitDatanodeState.java:persistContainerDatanodeDetails(140)) - DatanodeDetails is persisted to /workdir/hadoop-ozone/integration-test/target/test-dir/MiniOzoneClusterImpl-3ef3c7a0-fafa-4375-a23c-18b63a3f56e7/datanode-0/meta/datanode.id
2019-10-20 18:18:19,879 [Datanode State Machine Thread - 0] INFO  datanode.InitDatanodeState (InitDatanodeState.java:persistContainerDatanodeDetails(140)) - DatanodeDetails is persisted to /workdir/hadoop-ozone/integration-test/target/test-dir/MiniOzoneClusterImpl-3ef3c7a0-fafa-4375-a23c-18b63a3f56e7/datanode-1/meta/datanode.id
2019-10-20 18:18:19,887 [main] INFO  handler.ContextHandler (ContextHandler.java:doStart(781)) - Started o.e.j.w.WebAppContext@71a06021{/,file:///tmp/jetty-0.0.0.0-41384-hddsDatanode-_-any-2300506988149987674.dir/webapp/,AVAILABLE}{/hddsDatanode}
2019-10-20 18:18:19,888 [main] INFO  server.AbstractConnector (AbstractConnector.java:doStart(278)) - Started ServerConnector@80bfdc6{HTTP/1.1,[http/1.1]}{0.0.0.0:41384}
2019-10-20 18:18:19,889 [main] INFO  server.Server (Server.java:doStart(419)) - Started @6016ms
2019-10-20 18:18:19,889 [main] WARN  impl.MetricsSystemImpl (MetricsSystemImpl.java:register(276)) - Sink prometheus already exists!
2019-10-20 18:18:19,890 [main] INFO  server.BaseHttpServer (BaseHttpServer.java:updateConnectorAddress(215)) - HTTP server of HDDSDATANODE is listening at http://0.0.0.0:41384
2019-10-20 18:18:19,891 [main] INFO  impl.MetricsSystemImpl (MetricsSystemImpl.java:init(158)) - HddsDatanode metrics system started (again)
2019-10-20 18:18:19,895 [org.apache.hadoop.util.JvmPauseMonitor$Monitor@39315d9e] INFO  util.JvmPauseMonitor (JvmPauseMonitor.java:run(188)) - Starting JVM pause monitor
2019-10-20 18:18:19,896 [main] INFO  ozone.HddsDatanodeService (HddsDatanodeService.java:start(184)) - HddsDatanodeService host:pr-hdds-2334-8x2sg-1875309799 ip:192.168.164.241
2019-10-20 18:18:19,898 [Datanode State Machine Thread - 0] INFO  datanode.InitDatanodeState (InitDatanodeState.java:persistContainerDatanodeDetails(140)) - DatanodeDetails is persisted to /workdir/hadoop-ozone/integration-test/target/test-dir/MiniOzoneClusterImpl-3ef3c7a0-fafa-4375-a23c-18b63a3f56e7/datanode-2/meta/datanode.id
2019-10-20 18:18:19,906 [main] INFO  volume.HddsVolume (HddsVolume.java:<init>(176)) - Creating Volume: /workdir/hadoop-ozone/integration-test/target/test-dir/MiniOzoneClusterImpl-3ef3c7a0-fafa-4375-a23c-18b63a3f56e7/datanode-3/data/containers/hdds of  storage type : DISK and capacity : 1482555576320
2019-10-20 18:18:19,907 [main] INFO  volume.VolumeSet (VolumeSet.java:initializeVolumeSet(170)) - Added Volume : /workdir/hadoop-ozone/integration-test/target/test-dir/MiniOzoneClusterImpl-3ef3c7a0-fafa-4375-a23c-18b63a3f56e7/datanode-3/data/containers/hdds to VolumeSet
2019-10-20 18:18:19,907 [main] INFO  volume.ThrottledAsyncChecker (ThrottledAsyncChecker.java:schedule(141)) - Scheduling a check for /workdir/hadoop-ozone/integration-test/target/test-dir/MiniOzoneClusterImpl-3ef3c7a0-fafa-4375-a23c-18b63a3f56e7/datanode-3/data/containers/hdds
2019-10-20 18:18:19,908 [main] INFO  volume.HddsVolumeChecker (HddsVolumeChecker.java:checkAllVolumes(204)) - Scheduled health check for volume /workdir/hadoop-ozone/integration-test/target/test-dir/MiniOzoneClusterImpl-3ef3c7a0-fafa-4375-a23c-18b63a3f56e7/datanode-3/data/containers/hdds
2019-10-20 18:18:19,930 [main] INFO  impl.RaftServerProxy (ConfUtils.java:logGet(43)) - raft.rpc.type = GRPC (default)
2019-10-20 18:18:19,930 [main] INFO  grpc.GrpcFactory (GrpcFactory.java:checkPooledByteBufAllocatorUseCacheForAllThreads(45)) - PERFORMANCE WARNING: useCacheForAllThreads is true that may cause Netty to create a lot garbage objects and, as a result, trigger GC.
	It is recommended to disable useCacheForAllThreads by setting -Dorg.apache.ratis.thirdparty.io.netty.allocator.useCacheForAllThreads=false in command line.
2019-10-20 18:18:19,930 [main] INFO  grpc.GrpcConfigKeys$Server (ConfUtils.java:logGet(43)) - raft.grpc.server.port = 0 (default)
2019-10-20 18:18:19,931 [main] INFO  server.GrpcService (ConfUtils.java:logGet(43)) - raft.grpc.message.size.max = 33570816 (custom)
2019-10-20 18:18:19,931 [main] INFO  server.RaftServerConfigKeys (ConfUtils.java:logGet(43)) - raft.server.log.appender.buffer.byte-limit = 33554432 (custom)
2019-10-20 18:18:19,932 [main] INFO  server.GrpcService (ConfUtils.java:logGet(43)) - raft.grpc.flow.control.window = 1MB (=1048576) (default)
2019-10-20 18:18:19,932 [main] INFO  server.RaftServerConfigKeys (ConfUtils.java:logGet(43)) - raft.server.rpc.request.timeout = 3000ms (default)
2019-10-20 18:18:19,933 [main] INFO  server.RaftServerConfigKeys (ConfUtils.java:logGet(43)) - raft.server.storage.dir = [/workdir/hadoop-ozone/integration-test/target/test-dir/MiniOzoneClusterImpl-3ef3c7a0-fafa-4375-a23c-18b63a3f56e7/datanode-3/data/ratis] (custom)
2019-10-20 18:18:19,935 [main] INFO  hdfs.DFSUtil (DFSUtil.java:httpServerTemplateForNNAndJN(1641)) - Starting Web-server for hddsDatanode at: http://0.0.0.0:0
2019-10-20 18:18:19,937 [main] INFO  server.AuthenticationFilter (AuthenticationFilter.java:constructSecretProvider(240)) - Unable to initialize FileSignerSecretProvider, falling back to use random secrets.
2019-10-20 18:18:19,937 [main] WARN  http.HttpRequestLog (HttpRequestLog.java:getRequestLog(97)) - Jetty request log can only be enabled using Log4j
2019-10-20 18:18:19,939 [main] INFO  http.HttpServer2 (HttpServer2.java:addGlobalFilter(975)) - Added global filter 'safety' (class=org.apache.hadoop.http.HttpServer2$QuotingInputFilter)
2019-10-20 18:18:19,940 [main] INFO  http.HttpServer2 (HttpServer2.java:addFilter(948)) - Added filter static_user_filter (class=org.apache.hadoop.http.lib.StaticUserWebFilter$StaticUserFilter) to context hddsDatanode
2019-10-20 18:18:19,940 [main] INFO  http.HttpServer2 (HttpServer2.java:addFilter(958)) - Added filter static_user_filter (class=org.apache.hadoop.http.lib.StaticUserWebFilter$StaticUserFilter) to context logs
2019-10-20 18:18:19,940 [main] INFO  http.HttpServer2 (HttpServer2.java:addFilter(958)) - Added filter static_user_filter (class=org.apache.hadoop.http.lib.StaticUserWebFilter$StaticUserFilter) to context static
2019-10-20 18:18:19,941 [main] INFO  http.HttpServer2 (HttpServer2.java:bindListener(1191)) - Jetty bound to port 46215
2019-10-20 18:18:19,941 [main] INFO  server.Server (Server.java:doStart(351)) - jetty-9.3.25.v20180904, build timestamp: 2018-09-04T21:11:46Z, git hash: 3ce520221d0240229c862b122d2b06c12a625732
2019-10-20 18:18:19,946 [main] INFO  handler.ContextHandler (ContextHandler.java:doStart(781)) - Started o.e.j.s.ServletContextHandler@a9f023e{/logs,file:///workdir/hadoop-ozone/integration-test/target/log,AVAILABLE}
2019-10-20 18:18:19,947 [main] INFO  handler.ContextHandler (ContextHandler.java:doStart(781)) - Started o.e.j.s.ServletContextHandler@4b200971{/static,jar:file:/home/user/.m2/repository/org/apache/hadoop/hadoop-hdds-container-service/0.5.0-SNAPSHOT/hadoop-hdds-container-service-0.5.0-SNAPSHOT.jar!/webapps/static,AVAILABLE}
2019-10-20 18:18:19,981 [main] INFO  handler.ContextHandler (ContextHandler.java:doStart(781)) - Started o.e.j.w.WebAppContext@337bbfdf{/,file:///tmp/jetty-0.0.0.0-46215-hddsDatanode-_-any-756222968798017079.dir/webapp/,AVAILABLE}{/hddsDatanode}
2019-10-20 18:18:19,982 [main] INFO  server.AbstractConnector (AbstractConnector.java:doStart(278)) - Started ServerConnector@52d97ab6{HTTP/1.1,[http/1.1]}{0.0.0.0:46215}
2019-10-20 18:18:19,984 [main] INFO  server.Server (Server.java:doStart(419)) - Started @6112ms
2019-10-20 18:18:19,985 [main] WARN  impl.MetricsSystemImpl (MetricsSystemImpl.java:register(276)) - Sink prometheus already exists!
2019-10-20 18:18:19,986 [main] INFO  server.BaseHttpServer (BaseHttpServer.java:updateConnectorAddress(215)) - HTTP server of HDDSDATANODE is listening at http://0.0.0.0:46215
2019-10-20 18:18:19,987 [main] INFO  impl.MetricsSystemImpl (MetricsSystemImpl.java:init(158)) - HddsDatanode metrics system started (again)
2019-10-20 18:18:19,991 [main] INFO  ozone.HddsDatanodeService (HddsDatanodeService.java:start(184)) - HddsDatanodeService host:pr-hdds-2334-8x2sg-1875309799 ip:192.168.164.241
2019-10-20 18:18:19,992 [org.apache.hadoop.util.JvmPauseMonitor$Monitor@4347b8a2] INFO  util.JvmPauseMonitor (JvmPauseMonitor.java:run(188)) - Starting JVM pause monitor
2019-10-20 18:18:19,996 [Datanode State Machine Thread - 0] INFO  datanode.InitDatanodeState (InitDatanodeState.java:persistContainerDatanodeDetails(140)) - DatanodeDetails is persisted to /workdir/hadoop-ozone/integration-test/target/test-dir/MiniOzoneClusterImpl-3ef3c7a0-fafa-4375-a23c-18b63a3f56e7/datanode-3/meta/datanode.id
2019-10-20 18:18:20,003 [main] INFO  volume.HddsVolume (HddsVolume.java:<init>(176)) - Creating Volume: /workdir/hadoop-ozone/integration-test/target/test-dir/MiniOzoneClusterImpl-3ef3c7a0-fafa-4375-a23c-18b63a3f56e7/datanode-4/data/containers/hdds of  storage type : DISK and capacity : 1482555576320
2019-10-20 18:18:20,003 [main] INFO  volume.VolumeSet (VolumeSet.java:initializeVolumeSet(170)) - Added Volume : /workdir/hadoop-ozone/integration-test/target/test-dir/MiniOzoneClusterImpl-3ef3c7a0-fafa-4375-a23c-18b63a3f56e7/datanode-4/data/containers/hdds to VolumeSet
2019-10-20 18:18:20,003 [main] INFO  volume.ThrottledAsyncChecker (ThrottledAsyncChecker.java:schedule(141)) - Scheduling a check for /workdir/hadoop-ozone/integration-test/target/test-dir/MiniOzoneClusterImpl-3ef3c7a0-fafa-4375-a23c-18b63a3f56e7/datanode-4/data/containers/hdds
2019-10-20 18:18:20,004 [main] INFO  volume.HddsVolumeChecker (HddsVolumeChecker.java:checkAllVolumes(204)) - Scheduled health check for volume /workdir/hadoop-ozone/integration-test/target/test-dir/MiniOzoneClusterImpl-3ef3c7a0-fafa-4375-a23c-18b63a3f56e7/datanode-4/data/containers/hdds
2019-10-20 18:18:20,018 [main] INFO  impl.RaftServerProxy (ConfUtils.java:logGet(43)) - raft.rpc.type = GRPC (default)
2019-10-20 18:18:20,019 [main] INFO  grpc.GrpcFactory (GrpcFactory.java:checkPooledByteBufAllocatorUseCacheForAllThreads(45)) - PERFORMANCE WARNING: useCacheForAllThreads is true that may cause Netty to create a lot garbage objects and, as a result, trigger GC.
	It is recommended to disable useCacheForAllThreads by setting -Dorg.apache.ratis.thirdparty.io.netty.allocator.useCacheForAllThreads=false in command line.
2019-10-20 18:18:20,019 [main] INFO  grpc.GrpcConfigKeys$Server (ConfUtils.java:logGet(43)) - raft.grpc.server.port = 0 (default)
2019-10-20 18:18:20,019 [main] INFO  server.GrpcService (ConfUtils.java:logGet(43)) - raft.grpc.message.size.max = 33570816 (custom)
2019-10-20 18:18:20,019 [main] INFO  server.RaftServerConfigKeys (ConfUtils.java:logGet(43)) - raft.server.log.appender.buffer.byte-limit = 33554432 (custom)
2019-10-20 18:18:20,019 [main] INFO  server.GrpcService (ConfUtils.java:logGet(43)) - raft.grpc.flow.control.window = 1MB (=1048576) (default)
2019-10-20 18:18:20,020 [main] INFO  server.RaftServerConfigKeys (ConfUtils.java:logGet(43)) - raft.server.rpc.request.timeout = 3000ms (default)
2019-10-20 18:18:20,020 [main] INFO  server.RaftServerConfigKeys (ConfUtils.java:logGet(43)) - raft.server.storage.dir = [/workdir/hadoop-ozone/integration-test/target/test-dir/MiniOzoneClusterImpl-3ef3c7a0-fafa-4375-a23c-18b63a3f56e7/datanode-4/data/ratis] (custom)
2019-10-20 18:18:20,022 [main] INFO  hdfs.DFSUtil (DFSUtil.java:httpServerTemplateForNNAndJN(1641)) - Starting Web-server for hddsDatanode at: http://0.0.0.0:0
2019-10-20 18:18:20,024 [main] INFO  server.AuthenticationFilter (AuthenticationFilter.java:constructSecretProvider(240)) - Unable to initialize FileSignerSecretProvider, falling back to use random secrets.
2019-10-20 18:18:20,027 [main] WARN  http.HttpRequestLog (HttpRequestLog.java:getRequestLog(97)) - Jetty request log can only be enabled using Log4j
2019-10-20 18:18:20,028 [main] INFO  http.HttpServer2 (HttpServer2.java:addGlobalFilter(975)) - Added global filter 'safety' (class=org.apache.hadoop.http.HttpServer2$QuotingInputFilter)
2019-10-20 18:18:20,029 [main] INFO  http.HttpServer2 (HttpServer2.java:addFilter(948)) - Added filter static_user_filter (class=org.apache.hadoop.http.lib.StaticUserWebFilter$StaticUserFilter) to context hddsDatanode
2019-10-20 18:18:20,029 [main] INFO  http.HttpServer2 (HttpServer2.java:addFilter(958)) - Added filter static_user_filter (class=org.apache.hadoop.http.lib.StaticUserWebFilter$StaticUserFilter) to context static
2019-10-20 18:18:20,029 [main] INFO  http.HttpServer2 (HttpServer2.java:addFilter(958)) - Added filter static_user_filter (class=org.apache.hadoop.http.lib.StaticUserWebFilter$StaticUserFilter) to context logs
2019-10-20 18:18:20,030 [main] INFO  http.HttpServer2 (HttpServer2.java:bindListener(1191)) - Jetty bound to port 43830
2019-10-20 18:18:20,030 [main] INFO  server.Server (Server.java:doStart(351)) - jetty-9.3.25.v20180904, build timestamp: 2018-09-04T21:11:46Z, git hash: 3ce520221d0240229c862b122d2b06c12a625732
2019-10-20 18:18:20,032 [main] INFO  handler.ContextHandler (ContextHandler.java:doStart(781)) - Started o.e.j.s.ServletContextHandler@4d21c56e{/logs,file:///workdir/hadoop-ozone/integration-test/target/log,AVAILABLE}
2019-10-20 18:18:20,033 [main] INFO  handler.ContextHandler (ContextHandler.java:doStart(781)) - Started o.e.j.s.ServletContextHandler@7100dea{/static,jar:file:/home/user/.m2/repository/org/apache/hadoop/hadoop-hdds-container-service/0.5.0-SNAPSHOT/hadoop-hdds-container-service-0.5.0-SNAPSHOT.jar!/webapps/static,AVAILABLE}
2019-10-20 18:18:20,062 [main] INFO  handler.ContextHandler (ContextHandler.java:doStart(781)) - Started o.e.j.w.WebAppContext@6b350309{/,file:///tmp/jetty-0.0.0.0-43830-hddsDatanode-_-any-7873814331980875734.dir/webapp/,AVAILABLE}{/hddsDatanode}
2019-10-20 18:18:20,063 [main] INFO  server.AbstractConnector (AbstractConnector.java:doStart(278)) - Started ServerConnector@7ecec90d{HTTP/1.1,[http/1.1]}{0.0.0.0:43830}
2019-10-20 18:18:20,064 [main] INFO  server.Server (Server.java:doStart(419)) - Started @6192ms
2019-10-20 18:18:20,064 [main] WARN  impl.MetricsSystemImpl (MetricsSystemImpl.java:register(276)) - Sink prometheus already exists!
2019-10-20 18:18:20,066 [main] INFO  server.BaseHttpServer (BaseHttpServer.java:updateConnectorAddress(215)) - HTTP server of HDDSDATANODE is listening at http://0.0.0.0:43830
2019-10-20 18:18:20,066 [main] INFO  impl.MetricsSystemImpl (MetricsSystemImpl.java:init(158)) - HddsDatanode metrics system started (again)
2019-10-20 18:18:20,070 [org.apache.hadoop.util.JvmPauseMonitor$Monitor@1ee7f250] INFO  util.JvmPauseMonitor (JvmPauseMonitor.java:run(188)) - Starting JVM pause monitor
2019-10-20 18:18:20,070 [main] INFO  ozone.HddsDatanodeService (HddsDatanodeService.java:start(184)) - HddsDatanodeService host:pr-hdds-2334-8x2sg-1875309799 ip:192.168.164.241
2019-10-20 18:18:20,074 [Datanode State Machine Thread - 0] INFO  datanode.InitDatanodeState (InitDatanodeState.java:persistContainerDatanodeDetails(140)) - DatanodeDetails is persisted to /workdir/hadoop-ozone/integration-test/target/test-dir/MiniOzoneClusterImpl-3ef3c7a0-fafa-4375-a23c-18b63a3f56e7/datanode-4/meta/datanode.id
2019-10-20 18:18:20,078 [main] INFO  volume.HddsVolume (HddsVolume.java:<init>(176)) - Creating Volume: /workdir/hadoop-ozone/integration-test/target/test-dir/MiniOzoneClusterImpl-3ef3c7a0-fafa-4375-a23c-18b63a3f56e7/datanode-5/data/containers/hdds of  storage type : DISK and capacity : 1482555576320
2019-10-20 18:18:20,078 [main] INFO  volume.VolumeSet (VolumeSet.java:initializeVolumeSet(170)) - Added Volume : /workdir/hadoop-ozone/integration-test/target/test-dir/MiniOzoneClusterImpl-3ef3c7a0-fafa-4375-a23c-18b63a3f56e7/datanode-5/data/containers/hdds to VolumeSet
2019-10-20 18:18:20,079 [main] INFO  volume.ThrottledAsyncChecker (ThrottledAsyncChecker.java:schedule(141)) - Scheduling a check for /workdir/hadoop-ozone/integration-test/target/test-dir/MiniOzoneClusterImpl-3ef3c7a0-fafa-4375-a23c-18b63a3f56e7/datanode-5/data/containers/hdds
2019-10-20 18:18:20,079 [main] INFO  volume.HddsVolumeChecker (HddsVolumeChecker.java:checkAllVolumes(204)) - Scheduled health check for volume /workdir/hadoop-ozone/integration-test/target/test-dir/MiniOzoneClusterImpl-3ef3c7a0-fafa-4375-a23c-18b63a3f56e7/datanode-5/data/containers/hdds
2019-10-20 18:18:20,095 [main] INFO  impl.RaftServerProxy (ConfUtils.java:logGet(43)) - raft.rpc.type = GRPC (default)
2019-10-20 18:18:20,096 [main] INFO  grpc.GrpcFactory (GrpcFactory.java:checkPooledByteBufAllocatorUseCacheForAllThreads(45)) - PERFORMANCE WARNING: useCacheForAllThreads is true that may cause Netty to create a lot garbage objects and, as a result, trigger GC.
	It is recommended to disable useCacheForAllThreads by setting -Dorg.apache.ratis.thirdparty.io.netty.allocator.useCacheForAllThreads=false in command line.
2019-10-20 18:18:20,096 [main] INFO  grpc.GrpcConfigKeys$Server (ConfUtils.java:logGet(43)) - raft.grpc.server.port = 0 (default)
2019-10-20 18:18:20,096 [main] INFO  server.GrpcService (ConfUtils.java:logGet(43)) - raft.grpc.message.size.max = 33570816 (custom)
2019-10-20 18:18:20,096 [main] INFO  server.RaftServerConfigKeys (ConfUtils.java:logGet(43)) - raft.server.log.appender.buffer.byte-limit = 33554432 (custom)
2019-10-20 18:18:20,096 [main] INFO  server.GrpcService (ConfUtils.java:logGet(43)) - raft.grpc.flow.control.window = 1MB (=1048576) (default)
2019-10-20 18:18:20,097 [main] INFO  server.RaftServerConfigKeys (ConfUtils.java:logGet(43)) - raft.server.rpc.request.timeout = 3000ms (default)
2019-10-20 18:18:20,097 [main] INFO  server.RaftServerConfigKeys (ConfUtils.java:logGet(43)) - raft.server.storage.dir = [/workdir/hadoop-ozone/integration-test/target/test-dir/MiniOzoneClusterImpl-3ef3c7a0-fafa-4375-a23c-18b63a3f56e7/datanode-5/data/ratis] (custom)
2019-10-20 18:18:20,099 [main] INFO  hdfs.DFSUtil (DFSUtil.java:httpServerTemplateForNNAndJN(1641)) - Starting Web-server for hddsDatanode at: http://0.0.0.0:0
2019-10-20 18:18:20,102 [main] INFO  server.AuthenticationFilter (AuthenticationFilter.java:constructSecretProvider(240)) - Unable to initialize FileSignerSecretProvider, falling back to use random secrets.
2019-10-20 18:18:20,103 [main] WARN  http.HttpRequestLog (HttpRequestLog.java:getRequestLog(97)) - Jetty request log can only be enabled using Log4j
2019-10-20 18:18:20,106 [main] INFO  http.HttpServer2 (HttpServer2.java:addGlobalFilter(975)) - Added global filter 'safety' (class=org.apache.hadoop.http.HttpServer2$QuotingInputFilter)
2019-10-20 18:18:20,107 [main] INFO  http.HttpServer2 (HttpServer2.java:addFilter(948)) - Added filter static_user_filter (class=org.apache.hadoop.http.lib.StaticUserWebFilter$StaticUserFilter) to context hddsDatanode
2019-10-20 18:18:20,107 [main] INFO  http.HttpServer2 (HttpServer2.java:addFilter(958)) - Added filter static_user_filter (class=org.apache.hadoop.http.lib.StaticUserWebFilter$StaticUserFilter) to context logs
2019-10-20 18:18:20,107 [main] INFO  http.HttpServer2 (HttpServer2.java:addFilter(958)) - Added filter static_user_filter (class=org.apache.hadoop.http.lib.StaticUserWebFilter$StaticUserFilter) to context static
2019-10-20 18:18:20,108 [main] INFO  http.HttpServer2 (HttpServer2.java:bindListener(1191)) - Jetty bound to port 44727
2019-10-20 18:18:20,109 [main] INFO  server.Server (Server.java:doStart(351)) - jetty-9.3.25.v20180904, build timestamp: 2018-09-04T21:11:46Z, git hash: 3ce520221d0240229c862b122d2b06c12a625732
2019-10-20 18:18:20,111 [main] INFO  handler.ContextHandler (ContextHandler.java:doStart(781)) - Started o.e.j.s.ServletContextHandler@43af351a{/logs,file:///workdir/hadoop-ozone/integration-test/target/log,AVAILABLE}
2019-10-20 18:18:20,112 [main] INFO  handler.ContextHandler (ContextHandler.java:doStart(781)) - Started o.e.j.s.ServletContextHandler@72f9f27c{/static,jar:file:/home/user/.m2/repository/org/apache/hadoop/hadoop-hdds-container-service/0.5.0-SNAPSHOT/hadoop-hdds-container-service-0.5.0-SNAPSHOT.jar!/webapps/static,AVAILABLE}
2019-10-20 18:18:20,156 [main] INFO  handler.ContextHandler (ContextHandler.java:doStart(781)) - Started o.e.j.w.WebAppContext@56dfab87{/,file:///tmp/jetty-0.0.0.0-44727-hddsDatanode-_-any-2361111570353821372.dir/webapp/,AVAILABLE}{/hddsDatanode}
2019-10-20 18:18:20,158 [main] INFO  server.AbstractConnector (AbstractConnector.java:doStart(278)) - Started ServerConnector@715b886f{HTTP/1.1,[http/1.1]}{0.0.0.0:44727}
2019-10-20 18:18:20,158 [main] INFO  server.Server (Server.java:doStart(419)) - Started @6286ms
2019-10-20 18:18:20,158 [main] WARN  impl.MetricsSystemImpl (MetricsSystemImpl.java:register(276)) - Sink prometheus already exists!
2019-10-20 18:18:20,159 [main] INFO  server.BaseHttpServer (BaseHttpServer.java:updateConnectorAddress(215)) - HTTP server of HDDSDATANODE is listening at http://0.0.0.0:44727
2019-10-20 18:18:20,160 [main] INFO  impl.MetricsSystemImpl (MetricsSystemImpl.java:init(158)) - HddsDatanode metrics system started (again)
2019-10-20 18:18:20,164 [org.apache.hadoop.util.JvmPauseMonitor$Monitor@21559df0] INFO  util.JvmPauseMonitor (JvmPauseMonitor.java:run(188)) - Starting JVM pause monitor
2019-10-20 18:18:20,164 [main] INFO  ozone.HddsDatanodeService (HddsDatanodeService.java:start(184)) - HddsDatanodeService host:pr-hdds-2334-8x2sg-1875309799 ip:192.168.164.241
2019-10-20 18:18:20,167 [Datanode State Machine Thread - 0] INFO  datanode.InitDatanodeState (InitDatanodeState.java:persistContainerDatanodeDetails(140)) - DatanodeDetails is persisted to /workdir/hadoop-ozone/integration-test/target/test-dir/MiniOzoneClusterImpl-3ef3c7a0-fafa-4375-a23c-18b63a3f56e7/datanode-5/meta/datanode.id
2019-10-20 18:18:20,174 [main] INFO  volume.HddsVolume (HddsVolume.java:<init>(176)) - Creating Volume: /workdir/hadoop-ozone/integration-test/target/test-dir/MiniOzoneClusterImpl-3ef3c7a0-fafa-4375-a23c-18b63a3f56e7/datanode-6/data/containers/hdds of  storage type : DISK and capacity : 1482555576320
2019-10-20 18:18:20,174 [main] INFO  volume.VolumeSet (VolumeSet.java:initializeVolumeSet(170)) - Added Volume : /workdir/hadoop-ozone/integration-test/target/test-dir/MiniOzoneClusterImpl-3ef3c7a0-fafa-4375-a23c-18b63a3f56e7/datanode-6/data/containers/hdds to VolumeSet
2019-10-20 18:18:20,174 [main] INFO  volume.ThrottledAsyncChecker (ThrottledAsyncChecker.java:schedule(141)) - Scheduling a check for /workdir/hadoop-ozone/integration-test/target/test-dir/MiniOzoneClusterImpl-3ef3c7a0-fafa-4375-a23c-18b63a3f56e7/datanode-6/data/containers/hdds
2019-10-20 18:18:20,175 [main] INFO  volume.HddsVolumeChecker (HddsVolumeChecker.java:checkAllVolumes(204)) - Scheduled health check for volume /workdir/hadoop-ozone/integration-test/target/test-dir/MiniOzoneClusterImpl-3ef3c7a0-fafa-4375-a23c-18b63a3f56e7/datanode-6/data/containers/hdds
2019-10-20 18:18:20,191 [main] INFO  impl.RaftServerProxy (ConfUtils.java:logGet(43)) - raft.rpc.type = GRPC (default)
2019-10-20 18:18:20,192 [main] INFO  grpc.GrpcFactory (GrpcFactory.java:checkPooledByteBufAllocatorUseCacheForAllThreads(45)) - PERFORMANCE WARNING: useCacheForAllThreads is true that may cause Netty to create a lot garbage objects and, as a result, trigger GC.
	It is recommended to disable useCacheForAllThreads by setting -Dorg.apache.ratis.thirdparty.io.netty.allocator.useCacheForAllThreads=false in command line.
2019-10-20 18:18:20,192 [main] INFO  grpc.GrpcConfigKeys$Server (ConfUtils.java:logGet(43)) - raft.grpc.server.port = 0 (default)
2019-10-20 18:18:20,192 [main] INFO  server.GrpcService (ConfUtils.java:logGet(43)) - raft.grpc.message.size.max = 33570816 (custom)
2019-10-20 18:18:20,193 [main] INFO  server.RaftServerConfigKeys (ConfUtils.java:logGet(43)) - raft.server.log.appender.buffer.byte-limit = 33554432 (custom)
2019-10-20 18:18:20,193 [main] INFO  server.GrpcService (ConfUtils.java:logGet(43)) - raft.grpc.flow.control.window = 1MB (=1048576) (default)
2019-10-20 18:18:20,193 [main] INFO  server.RaftServerConfigKeys (ConfUtils.java:logGet(43)) - raft.server.rpc.request.timeout = 3000ms (default)
2019-10-20 18:18:20,194 [main] INFO  server.RaftServerConfigKeys (ConfUtils.java:logGet(43)) - raft.server.storage.dir = [/workdir/hadoop-ozone/integration-test/target/test-dir/MiniOzoneClusterImpl-3ef3c7a0-fafa-4375-a23c-18b63a3f56e7/datanode-6/data/ratis] (custom)
2019-10-20 18:18:20,195 [main] INFO  hdfs.DFSUtil (DFSUtil.java:httpServerTemplateForNNAndJN(1641)) - Starting Web-server for hddsDatanode at: http://0.0.0.0:0
2019-10-20 18:18:20,197 [main] INFO  server.AuthenticationFilter (AuthenticationFilter.java:constructSecretProvider(240)) - Unable to initialize FileSignerSecretProvider, falling back to use random secrets.
2019-10-20 18:18:20,197 [main] WARN  http.HttpRequestLog (HttpRequestLog.java:getRequestLog(97)) - Jetty request log can only be enabled using Log4j
2019-10-20 18:18:20,199 [main] INFO  http.HttpServer2 (HttpServer2.java:addGlobalFilter(975)) - Added global filter 'safety' (class=org.apache.hadoop.http.HttpServer2$QuotingInputFilter)
2019-10-20 18:18:20,199 [main] INFO  http.HttpServer2 (HttpServer2.java:addFilter(948)) - Added filter static_user_filter (class=org.apache.hadoop.http.lib.StaticUserWebFilter$StaticUserFilter) to context hddsDatanode
2019-10-20 18:18:20,200 [main] INFO  http.HttpServer2 (HttpServer2.java:addFilter(958)) - Added filter static_user_filter (class=org.apache.hadoop.http.lib.StaticUserWebFilter$StaticUserFilter) to context logs
2019-10-20 18:18:20,200 [main] INFO  http.HttpServer2 (HttpServer2.java:addFilter(958)) - Added filter static_user_filter (class=org.apache.hadoop.http.lib.StaticUserWebFilter$StaticUserFilter) to context static
2019-10-20 18:18:20,201 [main] INFO  http.HttpServer2 (HttpServer2.java:bindListener(1191)) - Jetty bound to port 34851
2019-10-20 18:18:20,201 [main] INFO  server.Server (Server.java:doStart(351)) - jetty-9.3.25.v20180904, build timestamp: 2018-09-04T21:11:46Z, git hash: 3ce520221d0240229c862b122d2b06c12a625732
2019-10-20 18:18:20,203 [main] INFO  handler.ContextHandler (ContextHandler.java:doStart(781)) - Started o.e.j.s.ServletContextHandler@1457fde{/logs,file:///workdir/hadoop-ozone/integration-test/target/log,AVAILABLE}
2019-10-20 18:18:20,203 [main] INFO  handler.ContextHandler (ContextHandler.java:doStart(781)) - Started o.e.j.s.ServletContextHandler@17fa1336{/static,jar:file:/home/user/.m2/repository/org/apache/hadoop/hadoop-hdds-container-service/0.5.0-SNAPSHOT/hadoop-hdds-container-service-0.5.0-SNAPSHOT.jar!/webapps/static,AVAILABLE}
2019-10-20 18:18:20,235 [main] INFO  handler.ContextHandler (ContextHandler.java:doStart(781)) - Started o.e.j.w.WebAppContext@142213d5{/,file:///tmp/jetty-0.0.0.0-34851-hddsDatanode-_-any-5067424943153500763.dir/webapp/,AVAILABLE}{/hddsDatanode}
2019-10-20 18:18:20,236 [main] INFO  server.AbstractConnector (AbstractConnector.java:doStart(278)) - Started ServerConnector@934b52f{HTTP/1.1,[http/1.1]}{0.0.0.0:34851}
2019-10-20 18:18:20,236 [main] INFO  server.Server (Server.java:doStart(419)) - Started @6364ms
2019-10-20 18:18:20,236 [main] WARN  impl.MetricsSystemImpl (MetricsSystemImpl.java:register(276)) - Sink prometheus already exists!
2019-10-20 18:18:20,237 [main] INFO  server.BaseHttpServer (BaseHttpServer.java:updateConnectorAddress(215)) - HTTP server of HDDSDATANODE is listening at http://0.0.0.0:34851
2019-10-20 18:18:20,238 [main] INFO  impl.MetricsSystemImpl (MetricsSystemImpl.java:init(158)) - HddsDatanode metrics system started (again)
2019-10-20 18:18:20,243 [org.apache.hadoop.util.JvmPauseMonitor$Monitor@320c619d] INFO  util.JvmPauseMonitor (JvmPauseMonitor.java:run(188)) - Starting JVM pause monitor
2019-10-20 18:18:20,244 [main] INFO  ozone.HddsDatanodeService (HddsDatanodeService.java:start(184)) - HddsDatanodeService host:pr-hdds-2334-8x2sg-1875309799 ip:192.168.164.241
2019-10-20 18:18:20,246 [Datanode State Machine Thread - 0] INFO  datanode.InitDatanodeState (InitDatanodeState.java:persistContainerDatanodeDetails(140)) - DatanodeDetails is persisted to /workdir/hadoop-ozone/integration-test/target/test-dir/MiniOzoneClusterImpl-3ef3c7a0-fafa-4375-a23c-18b63a3f56e7/datanode-6/meta/datanode.id
2019-10-20 18:18:20,256 [main] INFO  volume.HddsVolume (HddsVolume.java:<init>(176)) - Creating Volume: /workdir/hadoop-ozone/integration-test/target/test-dir/MiniOzoneClusterImpl-3ef3c7a0-fafa-4375-a23c-18b63a3f56e7/datanode-7/data/containers/hdds of  storage type : DISK and capacity : 1482555576320
2019-10-20 18:18:20,257 [main] INFO  volume.VolumeSet (VolumeSet.java:initializeVolumeSet(170)) - Added Volume : /workdir/hadoop-ozone/integration-test/target/test-dir/MiniOzoneClusterImpl-3ef3c7a0-fafa-4375-a23c-18b63a3f56e7/datanode-7/data/containers/hdds to VolumeSet
2019-10-20 18:18:20,257 [main] INFO  volume.ThrottledAsyncChecker (ThrottledAsyncChecker.java:schedule(141)) - Scheduling a check for /workdir/hadoop-ozone/integration-test/target/test-dir/MiniOzoneClusterImpl-3ef3c7a0-fafa-4375-a23c-18b63a3f56e7/datanode-7/data/containers/hdds
2019-10-20 18:18:20,259 [main] INFO  volume.HddsVolumeChecker (HddsVolumeChecker.java:checkAllVolumes(204)) - Scheduled health check for volume /workdir/hadoop-ozone/integration-test/target/test-dir/MiniOzoneClusterImpl-3ef3c7a0-fafa-4375-a23c-18b63a3f56e7/datanode-7/data/containers/hdds
2019-10-20 18:18:20,282 [main] INFO  impl.RaftServerProxy (ConfUtils.java:logGet(43)) - raft.rpc.type = GRPC (default)
2019-10-20 18:18:20,282 [main] INFO  grpc.GrpcFactory (GrpcFactory.java:checkPooledByteBufAllocatorUseCacheForAllThreads(45)) - PERFORMANCE WARNING: useCacheForAllThreads is true that may cause Netty to create a lot garbage objects and, as a result, trigger GC.
	It is recommended to disable useCacheForAllThreads by setting -Dorg.apache.ratis.thirdparty.io.netty.allocator.useCacheForAllThreads=false in command line.
2019-10-20 18:18:20,283 [main] INFO  grpc.GrpcConfigKeys$Server (ConfUtils.java:logGet(43)) - raft.grpc.server.port = 0 (default)
2019-10-20 18:18:20,283 [main] INFO  server.GrpcService (ConfUtils.java:logGet(43)) - raft.grpc.message.size.max = 33570816 (custom)
2019-10-20 18:18:20,283 [main] INFO  server.RaftServerConfigKeys (ConfUtils.java:logGet(43)) - raft.server.log.appender.buffer.byte-limit = 33554432 (custom)
2019-10-20 18:18:20,284 [main] INFO  server.GrpcService (ConfUtils.java:logGet(43)) - raft.grpc.flow.control.window = 1MB (=1048576) (default)
2019-10-20 18:18:20,284 [main] INFO  server.RaftServerConfigKeys (ConfUtils.java:logGet(43)) - raft.server.rpc.request.timeout = 3000ms (default)
2019-10-20 18:18:20,285 [main] INFO  server.RaftServerConfigKeys (ConfUtils.java:logGet(43)) - raft.server.storage.dir = [/workdir/hadoop-ozone/integration-test/target/test-dir/MiniOzoneClusterImpl-3ef3c7a0-fafa-4375-a23c-18b63a3f56e7/datanode-7/data/ratis] (custom)
2019-10-20 18:18:20,287 [main] INFO  hdfs.DFSUtil (DFSUtil.java:httpServerTemplateForNNAndJN(1641)) - Starting Web-server for hddsDatanode at: http://0.0.0.0:0
2019-10-20 18:18:20,289 [main] INFO  server.AuthenticationFilter (AuthenticationFilter.java:constructSecretProvider(240)) - Unable to initialize FileSignerSecretProvider, falling back to use random secrets.
2019-10-20 18:18:20,289 [main] WARN  http.HttpRequestLog (HttpRequestLog.java:getRequestLog(97)) - Jetty request log can only be enabled using Log4j
2019-10-20 18:18:20,291 [main] INFO  http.HttpServer2 (HttpServer2.java:addGlobalFilter(975)) - Added global filter 'safety' (class=org.apache.hadoop.http.HttpServer2$QuotingInputFilter)
2019-10-20 18:18:20,291 [main] INFO  http.HttpServer2 (HttpServer2.java:addFilter(948)) - Added filter static_user_filter (class=org.apache.hadoop.http.lib.StaticUserWebFilter$StaticUserFilter) to context hddsDatanode
2019-10-20 18:18:20,291 [main] INFO  http.HttpServer2 (HttpServer2.java:addFilter(958)) - Added filter static_user_filter (class=org.apache.hadoop.http.lib.StaticUserWebFilter$StaticUserFilter) to context static
2019-10-20 18:18:20,292 [main] INFO  http.HttpServer2 (HttpServer2.java:addFilter(958)) - Added filter static_user_filter (class=org.apache.hadoop.http.lib.StaticUserWebFilter$StaticUserFilter) to context logs
2019-10-20 18:18:20,292 [main] INFO  http.HttpServer2 (HttpServer2.java:bindListener(1191)) - Jetty bound to port 33941
2019-10-20 18:18:20,293 [main] INFO  server.Server (Server.java:doStart(351)) - jetty-9.3.25.v20180904, build timestamp: 2018-09-04T21:11:46Z, git hash: 3ce520221d0240229c862b122d2b06c12a625732
2019-10-20 18:18:20,294 [main] INFO  handler.ContextHandler (ContextHandler.java:doStart(781)) - Started o.e.j.s.ServletContextHandler@58fef7f7{/logs,file:///workdir/hadoop-ozone/integration-test/target/log,AVAILABLE}
2019-10-20 18:18:20,295 [main] INFO  handler.ContextHandler (ContextHandler.java:doStart(781)) - Started o.e.j.s.ServletContextHandler@12eedfee{/static,jar:file:/home/user/.m2/repository/org/apache/hadoop/hadoop-hdds-container-service/0.5.0-SNAPSHOT/hadoop-hdds-container-service-0.5.0-SNAPSHOT.jar!/webapps/static,AVAILABLE}
2019-10-20 18:18:20,325 [main] INFO  handler.ContextHandler (ContextHandler.java:doStart(781)) - Started o.e.j.w.WebAppContext@2bc378f7{/,file:///tmp/jetty-0.0.0.0-33941-hddsDatanode-_-any-1872915242675602403.dir/webapp/,AVAILABLE}{/hddsDatanode}
2019-10-20 18:18:20,325 [main] INFO  server.AbstractConnector (AbstractConnector.java:doStart(278)) - Started ServerConnector@268cbb86{HTTP/1.1,[http/1.1]}{0.0.0.0:33941}
2019-10-20 18:18:20,326 [main] INFO  server.Server (Server.java:doStart(419)) - Started @6455ms
2019-10-20 18:18:20,326 [main] WARN  impl.MetricsSystemImpl (MetricsSystemImpl.java:register(276)) - Sink prometheus already exists!
2019-10-20 18:18:20,327 [main] INFO  server.BaseHttpServer (BaseHttpServer.java:updateConnectorAddress(215)) - HTTP server of HDDSDATANODE is listening at http://0.0.0.0:33941
2019-10-20 18:18:20,328 [main] INFO  impl.MetricsSystemImpl (MetricsSystemImpl.java:init(158)) - HddsDatanode metrics system started (again)
2019-10-20 18:18:20,332 [org.apache.hadoop.util.JvmPauseMonitor$Monitor@b179ce6] INFO  util.JvmPauseMonitor (JvmPauseMonitor.java:run(188)) - Starting JVM pause monitor
2019-10-20 18:18:20,332 [main] INFO  ozone.HddsDatanodeService (HddsDatanodeService.java:start(184)) - HddsDatanodeService host:pr-hdds-2334-8x2sg-1875309799 ip:192.168.164.241
2019-10-20 18:18:20,336 [Datanode State Machine Thread - 0] INFO  datanode.InitDatanodeState (InitDatanodeState.java:persistContainerDatanodeDetails(140)) - DatanodeDetails is persisted to /workdir/hadoop-ozone/integration-test/target/test-dir/MiniOzoneClusterImpl-3ef3c7a0-fafa-4375-a23c-18b63a3f56e7/datanode-7/meta/datanode.id
2019-10-20 18:18:20,342 [main] INFO  volume.HddsVolume (HddsVolume.java:<init>(176)) - Creating Volume: /workdir/hadoop-ozone/integration-test/target/test-dir/MiniOzoneClusterImpl-3ef3c7a0-fafa-4375-a23c-18b63a3f56e7/datanode-8/data/containers/hdds of  storage type : DISK and capacity : 1482555576320
2019-10-20 18:18:20,343 [main] INFO  volume.VolumeSet (VolumeSet.java:initializeVolumeSet(170)) - Added Volume : /workdir/hadoop-ozone/integration-test/target/test-dir/MiniOzoneClusterImpl-3ef3c7a0-fafa-4375-a23c-18b63a3f56e7/datanode-8/data/containers/hdds to VolumeSet
2019-10-20 18:18:20,343 [main] INFO  volume.ThrottledAsyncChecker (ThrottledAsyncChecker.java:schedule(141)) - Scheduling a check for /workdir/hadoop-ozone/integration-test/target/test-dir/MiniOzoneClusterImpl-3ef3c7a0-fafa-4375-a23c-18b63a3f56e7/datanode-8/data/containers/hdds
2019-10-20 18:18:20,344 [main] INFO  volume.HddsVolumeChecker (HddsVolumeChecker.java:checkAllVolumes(204)) - Scheduled health check for volume /workdir/hadoop-ozone/integration-test/target/test-dir/MiniOzoneClusterImpl-3ef3c7a0-fafa-4375-a23c-18b63a3f56e7/datanode-8/data/containers/hdds
2019-10-20 18:18:20,360 [main] INFO  impl.RaftServerProxy (ConfUtils.java:logGet(43)) - raft.rpc.type = GRPC (default)
2019-10-20 18:18:20,360 [main] INFO  grpc.GrpcFactory (GrpcFactory.java:checkPooledByteBufAllocatorUseCacheForAllThreads(45)) - PERFORMANCE WARNING: useCacheForAllThreads is true that may cause Netty to create a lot garbage objects and, as a result, trigger GC.
	It is recommended to disable useCacheForAllThreads by setting -Dorg.apache.ratis.thirdparty.io.netty.allocator.useCacheForAllThreads=false in command line.
2019-10-20 18:18:20,360 [main] INFO  grpc.GrpcConfigKeys$Server (ConfUtils.java:logGet(43)) - raft.grpc.server.port = 0 (default)
2019-10-20 18:18:20,360 [main] INFO  server.GrpcService (ConfUtils.java:logGet(43)) - raft.grpc.message.size.max = 33570816 (custom)
2019-10-20 18:18:20,361 [main] INFO  server.RaftServerConfigKeys (ConfUtils.java:logGet(43)) - raft.server.log.appender.buffer.byte-limit = 33554432 (custom)
2019-10-20 18:18:20,361 [main] INFO  server.GrpcService (ConfUtils.java:logGet(43)) - raft.grpc.flow.control.window = 1MB (=1048576) (default)
2019-10-20 18:18:20,361 [main] INFO  server.RaftServerConfigKeys (ConfUtils.java:logGet(43)) - raft.server.rpc.request.timeout = 3000ms (default)
2019-10-20 18:18:20,362 [main] INFO  server.RaftServerConfigKeys (ConfUtils.java:logGet(43)) - raft.server.storage.dir = [/workdir/hadoop-ozone/integration-test/target/test-dir/MiniOzoneClusterImpl-3ef3c7a0-fafa-4375-a23c-18b63a3f56e7/datanode-8/data/ratis] (custom)
2019-10-20 18:18:20,363 [main] INFO  hdfs.DFSUtil (DFSUtil.java:httpServerTemplateForNNAndJN(1641)) - Starting Web-server for hddsDatanode at: http://0.0.0.0:0
2019-10-20 18:18:20,364 [main] INFO  server.AuthenticationFilter (AuthenticationFilter.java:constructSecretProvider(240)) - Unable to initialize FileSignerSecretProvider, falling back to use random secrets.
2019-10-20 18:18:20,365 [main] WARN  http.HttpRequestLog (HttpRequestLog.java:getRequestLog(97)) - Jetty request log can only be enabled using Log4j
2019-10-20 18:18:20,366 [main] INFO  http.HttpServer2 (HttpServer2.java:addGlobalFilter(975)) - Added global filter 'safety' (class=org.apache.hadoop.http.HttpServer2$QuotingInputFilter)
2019-10-20 18:18:20,367 [main] INFO  http.HttpServer2 (HttpServer2.java:addFilter(948)) - Added filter static_user_filter (class=org.apache.hadoop.http.lib.StaticUserWebFilter$StaticUserFilter) to context hddsDatanode
2019-10-20 18:18:20,367 [main] INFO  http.HttpServer2 (HttpServer2.java:addFilter(958)) - Added filter static_user_filter (class=org.apache.hadoop.http.lib.StaticUserWebFilter$StaticUserFilter) to context logs
2019-10-20 18:18:20,367 [main] INFO  http.HttpServer2 (HttpServer2.java:addFilter(958)) - Added filter static_user_filter (class=org.apache.hadoop.http.lib.StaticUserWebFilter$StaticUserFilter) to context static
2019-10-20 18:18:20,368 [main] INFO  http.HttpServer2 (HttpServer2.java:bindListener(1191)) - Jetty bound to port 43161
2019-10-20 18:18:20,368 [main] INFO  server.Server (Server.java:doStart(351)) - jetty-9.3.25.v20180904, build timestamp: 2018-09-04T21:11:46Z, git hash: 3ce520221d0240229c862b122d2b06c12a625732
2019-10-20 18:18:20,370 [main] INFO  handler.ContextHandler (ContextHandler.java:doStart(781)) - Started o.e.j.s.ServletContextHandler@1ab5f08a{/logs,file:///workdir/hadoop-ozone/integration-test/target/log,AVAILABLE}
2019-10-20 18:18:20,370 [main] INFO  handler.ContextHandler (ContextHandler.java:doStart(781)) - Started o.e.j.s.ServletContextHandler@79a04e5f{/static,jar:file:/home/user/.m2/repository/org/apache/hadoop/hadoop-hdds-container-service/0.5.0-SNAPSHOT/hadoop-hdds-container-service-0.5.0-SNAPSHOT.jar!/webapps/static,AVAILABLE}
2019-10-20 18:18:20,417 [main] INFO  handler.ContextHandler (ContextHandler.java:doStart(781)) - Started o.e.j.w.WebAppContext@5a08efdc{/,file:///tmp/jetty-0.0.0.0-43161-hddsDatanode-_-any-1986527885984613793.dir/webapp/,AVAILABLE}{/hddsDatanode}
2019-10-20 18:18:20,418 [main] INFO  server.AbstractConnector (AbstractConnector.java:doStart(278)) - Started ServerConnector@57272109{HTTP/1.1,[http/1.1]}{0.0.0.0:43161}
2019-10-20 18:18:20,418 [main] INFO  server.Server (Server.java:doStart(419)) - Started @6547ms
2019-10-20 18:18:20,419 [main] WARN  impl.MetricsSystemImpl (MetricsSystemImpl.java:register(276)) - Sink prometheus already exists!
2019-10-20 18:18:20,419 [main] INFO  server.BaseHttpServer (BaseHttpServer.java:updateConnectorAddress(215)) - HTTP server of HDDSDATANODE is listening at http://0.0.0.0:43161
2019-10-20 18:18:20,420 [main] INFO  impl.MetricsSystemImpl (MetricsSystemImpl.java:init(158)) - HddsDatanode metrics system started (again)
2019-10-20 18:18:20,425 [main] INFO  ozone.HddsDatanodeService (HddsDatanodeService.java:start(184)) - HddsDatanodeService host:pr-hdds-2334-8x2sg-1875309799 ip:192.168.164.241
2019-10-20 18:18:20,425 [org.apache.hadoop.util.JvmPauseMonitor$Monitor@4dd97010] INFO  util.JvmPauseMonitor (JvmPauseMonitor.java:run(188)) - Starting JVM pause monitor
2019-10-20 18:18:20,428 [Datanode State Machine Thread - 0] INFO  datanode.InitDatanodeState (InitDatanodeState.java:persistContainerDatanodeDetails(140)) - DatanodeDetails is persisted to /workdir/hadoop-ozone/integration-test/target/test-dir/MiniOzoneClusterImpl-3ef3c7a0-fafa-4375-a23c-18b63a3f56e7/datanode-8/meta/datanode.id
2019-10-20 18:18:20,435 [main] INFO  volume.HddsVolume (HddsVolume.java:<init>(176)) - Creating Volume: /workdir/hadoop-ozone/integration-test/target/test-dir/MiniOzoneClusterImpl-3ef3c7a0-fafa-4375-a23c-18b63a3f56e7/datanode-9/data/containers/hdds of  storage type : DISK and capacity : 1482555576320
2019-10-20 18:18:20,435 [main] INFO  volume.VolumeSet (VolumeSet.java:initializeVolumeSet(170)) - Added Volume : /workdir/hadoop-ozone/integration-test/target/test-dir/MiniOzoneClusterImpl-3ef3c7a0-fafa-4375-a23c-18b63a3f56e7/datanode-9/data/containers/hdds to VolumeSet
2019-10-20 18:18:20,435 [main] INFO  volume.ThrottledAsyncChecker (ThrottledAsyncChecker.java:schedule(141)) - Scheduling a check for /workdir/hadoop-ozone/integration-test/target/test-dir/MiniOzoneClusterImpl-3ef3c7a0-fafa-4375-a23c-18b63a3f56e7/datanode-9/data/containers/hdds
2019-10-20 18:18:20,436 [main] INFO  volume.HddsVolumeChecker (HddsVolumeChecker.java:checkAllVolumes(204)) - Scheduled health check for volume /workdir/hadoop-ozone/integration-test/target/test-dir/MiniOzoneClusterImpl-3ef3c7a0-fafa-4375-a23c-18b63a3f56e7/datanode-9/data/containers/hdds
2019-10-20 18:18:20,450 [main] INFO  impl.RaftServerProxy (ConfUtils.java:logGet(43)) - raft.rpc.type = GRPC (default)
2019-10-20 18:18:20,450 [main] INFO  grpc.GrpcFactory (GrpcFactory.java:checkPooledByteBufAllocatorUseCacheForAllThreads(45)) - PERFORMANCE WARNING: useCacheForAllThreads is true that may cause Netty to create a lot garbage objects and, as a result, trigger GC.
	It is recommended to disable useCacheForAllThreads by setting -Dorg.apache.ratis.thirdparty.io.netty.allocator.useCacheForAllThreads=false in command line.
2019-10-20 18:18:20,450 [main] INFO  grpc.GrpcConfigKeys$Server (ConfUtils.java:logGet(43)) - raft.grpc.server.port = 0 (default)
2019-10-20 18:18:20,450 [main] INFO  server.GrpcService (ConfUtils.java:logGet(43)) - raft.grpc.message.size.max = 33570816 (custom)
2019-10-20 18:18:20,451 [main] INFO  server.RaftServerConfigKeys (ConfUtils.java:logGet(43)) - raft.server.log.appender.buffer.byte-limit = 33554432 (custom)
2019-10-20 18:18:20,451 [main] INFO  server.GrpcService (ConfUtils.java:logGet(43)) - raft.grpc.flow.control.window = 1MB (=1048576) (default)
2019-10-20 18:18:20,451 [main] INFO  server.RaftServerConfigKeys (ConfUtils.java:logGet(43)) - raft.server.rpc.request.timeout = 3000ms (default)
2019-10-20 18:18:20,452 [main] INFO  server.RaftServerConfigKeys (ConfUtils.java:logGet(43)) - raft.server.storage.dir = [/workdir/hadoop-ozone/integration-test/target/test-dir/MiniOzoneClusterImpl-3ef3c7a0-fafa-4375-a23c-18b63a3f56e7/datanode-9/data/ratis] (custom)
2019-10-20 18:18:20,453 [main] INFO  hdfs.DFSUtil (DFSUtil.java:httpServerTemplateForNNAndJN(1641)) - Starting Web-server for hddsDatanode at: http://0.0.0.0:0
2019-10-20 18:18:20,454 [main] INFO  server.AuthenticationFilter (AuthenticationFilter.java:constructSecretProvider(240)) - Unable to initialize FileSignerSecretProvider, falling back to use random secrets.
2019-10-20 18:18:20,455 [main] WARN  http.HttpRequestLog (HttpRequestLog.java:getRequestLog(97)) - Jetty request log can only be enabled using Log4j
2019-10-20 18:18:20,456 [main] INFO  http.HttpServer2 (HttpServer2.java:addGlobalFilter(975)) - Added global filter 'safety' (class=org.apache.hadoop.http.HttpServer2$QuotingInputFilter)
2019-10-20 18:18:20,457 [main] INFO  http.HttpServer2 (HttpServer2.java:addFilter(948)) - Added filter static_user_filter (class=org.apache.hadoop.http.lib.StaticUserWebFilter$StaticUserFilter) to context hddsDatanode
2019-10-20 18:18:20,457 [main] INFO  http.HttpServer2 (HttpServer2.java:addFilter(958)) - Added filter static_user_filter (class=org.apache.hadoop.http.lib.StaticUserWebFilter$StaticUserFilter) to context logs
2019-10-20 18:18:20,457 [main] INFO  http.HttpServer2 (HttpServer2.java:addFilter(958)) - Added filter static_user_filter (class=org.apache.hadoop.http.lib.StaticUserWebFilter$StaticUserFilter) to context static
2019-10-20 18:18:20,458 [main] INFO  http.HttpServer2 (HttpServer2.java:bindListener(1191)) - Jetty bound to port 42354
2019-10-20 18:18:20,458 [main] INFO  server.Server (Server.java:doStart(351)) - jetty-9.3.25.v20180904, build timestamp: 2018-09-04T21:11:46Z, git hash: 3ce520221d0240229c862b122d2b06c12a625732
2019-10-20 18:18:20,460 [main] INFO  handler.ContextHandler (ContextHandler.java:doStart(781)) - Started o.e.j.s.ServletContextHandler@6325f352{/logs,file:///workdir/hadoop-ozone/integration-test/target/log,AVAILABLE}
2019-10-20 18:18:20,460 [main] INFO  handler.ContextHandler (ContextHandler.java:doStart(781)) - Started o.e.j.s.ServletContextHandler@6cbd0674{/static,jar:file:/home/user/.m2/repository/org/apache/hadoop/hadoop-hdds-container-service/0.5.0-SNAPSHOT/hadoop-hdds-container-service-0.5.0-SNAPSHOT.jar!/webapps/static,AVAILABLE}
2019-10-20 18:18:20,490 [main] INFO  handler.ContextHandler (ContextHandler.java:doStart(781)) - Started o.e.j.w.WebAppContext@7a8b9166{/,file:///tmp/jetty-0.0.0.0-42354-hddsDatanode-_-any-4642344226860522682.dir/webapp/,AVAILABLE}{/hddsDatanode}
2019-10-20 18:18:20,491 [main] INFO  server.AbstractConnector (AbstractConnector.java:doStart(278)) - Started ServerConnector@4acc5dff{HTTP/1.1,[http/1.1]}{0.0.0.0:42354}
2019-10-20 18:18:20,491 [main] INFO  server.Server (Server.java:doStart(419)) - Started @6619ms
2019-10-20 18:18:20,491 [main] WARN  impl.MetricsSystemImpl (MetricsSystemImpl.java:register(276)) - Sink prometheus already exists!
2019-10-20 18:18:20,492 [main] INFO  server.BaseHttpServer (BaseHttpServer.java:updateConnectorAddress(215)) - HTTP server of HDDSDATANODE is listening at http://0.0.0.0:42354
2019-10-20 18:18:20,496 [main] INFO  ozone.MiniOzoneClusterImpl (MiniOzoneClusterImpl.java:lambda$waitForClusterToBeReady$0(147)) - Waiting for cluster to be ready. Got 0 of 10 DN Heartbeats.
2019-10-20 18:18:20,497 [org.apache.hadoop.util.JvmPauseMonitor$Monitor@666bb07f] INFO  util.JvmPauseMonitor (JvmPauseMonitor.java:run(188)) - Starting JVM pause monitor
2019-10-20 18:18:20,501 [Datanode State Machine Thread - 0] INFO  datanode.InitDatanodeState (InitDatanodeState.java:persistContainerDatanodeDetails(140)) - DatanodeDetails is persisted to /workdir/hadoop-ozone/integration-test/target/test-dir/MiniOzoneClusterImpl-3ef3c7a0-fafa-4375-a23c-18b63a3f56e7/datanode-9/meta/datanode.id
2019-10-20 18:18:21,497 [main] INFO  ozone.MiniOzoneClusterImpl (MiniOzoneClusterImpl.java:lambda$waitForClusterToBeReady$0(147)) - Waiting for cluster to be ready. Got 0 of 10 DN Heartbeats.
2019-10-20 18:18:21,843 [Datanode State Machine Thread - 0] INFO  ozoneimpl.OzoneContainer (OzoneContainer.java:start(213)) - Attempting to start container services.
2019-10-20 18:18:21,843 [Datanode State Machine Thread - 0] INFO  ozoneimpl.OzoneContainer (OzoneContainer.java:start(213)) - Attempting to start container services.
2019-10-20 18:18:21,845 [Datanode State Machine Thread - 0] INFO  ozoneimpl.OzoneContainer (OzoneContainer.java:startContainerScrub(177)) - Background container scanner has been disabled.
2019-10-20 18:18:21,845 [Datanode State Machine Thread - 0] INFO  ozoneimpl.OzoneContainer (OzoneContainer.java:startContainerScrub(177)) - Background container scanner has been disabled.
2019-10-20 18:18:21,846 [Datanode State Machine Thread - 0] INFO  ratis.XceiverServerRatis (XceiverServerRatis.java:start(418)) - Starting XceiverServerRatis b75f8b2e-6273-4c97-b7c5-042674931d23 at port 0
2019-10-20 18:18:21,846 [Datanode State Machine Thread - 0] INFO  ratis.XceiverServerRatis (XceiverServerRatis.java:start(418)) - Starting XceiverServerRatis c50ce170-3170-4e03-b167-34e0e02687b2 at port 0
2019-10-20 18:18:21,878 [Datanode State Machine Thread - 0] INFO  impl.RaftServerProxy (RaftServerProxy.java:lambda$start$3(299)) - c50ce170-3170-4e03-b167-34e0e02687b2: start RPC server
2019-10-20 18:18:21,878 [Datanode State Machine Thread - 0] INFO  impl.RaftServerProxy (RaftServerProxy.java:lambda$start$3(299)) - b75f8b2e-6273-4c97-b7c5-042674931d23: start RPC server
2019-10-20 18:18:21,926 [Datanode State Machine Thread - 0] INFO  ozoneimpl.OzoneContainer (OzoneContainer.java:start(213)) - Attempting to start container services.
2019-10-20 18:18:21,931 [Datanode State Machine Thread - 0] INFO  ozoneimpl.OzoneContainer (OzoneContainer.java:startContainerScrub(177)) - Background container scanner has been disabled.
2019-10-20 18:18:21,932 [Datanode State Machine Thread - 0] INFO  ratis.XceiverServerRatis (XceiverServerRatis.java:start(418)) - Starting XceiverServerRatis 3750b3a2-715b-46b3-9d0c-9e38136244b9 at port 0
2019-10-20 18:18:21,940 [Datanode State Machine Thread - 0] INFO  impl.RaftServerProxy (RaftServerProxy.java:lambda$start$3(299)) - 3750b3a2-715b-46b3-9d0c-9e38136244b9: start RPC server
2019-10-20 18:18:22,008 [Datanode State Machine Thread - 0] INFO  server.GrpcService (GrpcService.java:startImpl(158)) - c50ce170-3170-4e03-b167-34e0e02687b2: GrpcService started, listening on 0.0.0.0/0.0.0.0:37695
2019-10-20 18:18:22,008 [Datanode State Machine Thread - 0] INFO  server.GrpcService (GrpcService.java:startImpl(158)) - b75f8b2e-6273-4c97-b7c5-042674931d23: GrpcService started, listening on 0.0.0.0/0.0.0.0:41857
2019-10-20 18:18:22,008 [Datanode State Machine Thread - 0] INFO  server.GrpcService (GrpcService.java:startImpl(158)) - 3750b3a2-715b-46b3-9d0c-9e38136244b9: GrpcService started, listening on 0.0.0.0/0.0.0.0:46227
2019-10-20 18:18:22,009 [Datanode State Machine Thread - 0] INFO  ratis.XceiverServerRatis (XceiverServerRatis.java:start(428)) - XceiverServerRatis b75f8b2e-6273-4c97-b7c5-042674931d23 is started using port 41857
2019-10-20 18:18:22,009 [Datanode State Machine Thread - 0] INFO  ratis.XceiverServerRatis (XceiverServerRatis.java:start(428)) - XceiverServerRatis c50ce170-3170-4e03-b167-34e0e02687b2 is started using port 37695
2019-10-20 18:18:22,009 [Datanode State Machine Thread - 0] INFO  ratis.XceiverServerRatis (XceiverServerRatis.java:start(428)) - XceiverServerRatis 3750b3a2-715b-46b3-9d0c-9e38136244b9 is started using port 46227
2019-10-20 18:18:22,019 [Datanode State Machine Thread - 0] INFO  server.XceiverServerGrpc (XceiverServerGrpc.java:start(149)) - XceiverServerGrpc c50ce170-3170-4e03-b167-34e0e02687b2 is started using port 43605
2019-10-20 18:18:22,019 [Datanode State Machine Thread - 0] INFO  server.XceiverServerGrpc (XceiverServerGrpc.java:start(149)) - XceiverServerGrpc 3750b3a2-715b-46b3-9d0c-9e38136244b9 is started using port 39989
2019-10-20 18:18:22,019 [Datanode State Machine Thread - 0] INFO  server.XceiverServerGrpc (XceiverServerGrpc.java:start(149)) - XceiverServerGrpc b75f8b2e-6273-4c97-b7c5-042674931d23 is started using port 45076
2019-10-20 18:18:22,029 [Datanode State Machine Thread - 0] INFO  ozoneimpl.OzoneContainer (OzoneContainer.java:start(213)) - Attempting to start container services.
2019-10-20 18:18:22,029 [Datanode State Machine Thread - 0] INFO  ozoneimpl.OzoneContainer (OzoneContainer.java:startContainerScrub(177)) - Background container scanner has been disabled.
2019-10-20 18:18:22,029 [Datanode State Machine Thread - 0] INFO  ratis.XceiverServerRatis (XceiverServerRatis.java:start(418)) - Starting XceiverServerRatis 6c5c38af-62e6-4ea7-a24a-078dcb28fb39 at port 0
2019-10-20 18:18:22,040 [Datanode State Machine Thread - 0] INFO  impl.RaftServerProxy (RaftServerProxy.java:lambda$start$3(299)) - 6c5c38af-62e6-4ea7-a24a-078dcb28fb39: start RPC server
2019-10-20 18:18:22,044 [Datanode State Machine Thread - 0] INFO  server.GrpcService (GrpcService.java:startImpl(158)) - 6c5c38af-62e6-4ea7-a24a-078dcb28fb39: GrpcService started, listening on 0.0.0.0/0.0.0.0:45428
2019-10-20 18:18:22,044 [Datanode State Machine Thread - 0] INFO  ratis.XceiverServerRatis (XceiverServerRatis.java:start(428)) - XceiverServerRatis 6c5c38af-62e6-4ea7-a24a-078dcb28fb39 is started using port 45428
2019-10-20 18:18:22,046 [Datanode State Machine Thread - 0] INFO  server.XceiverServerGrpc (XceiverServerGrpc.java:start(149)) - XceiverServerGrpc 6c5c38af-62e6-4ea7-a24a-078dcb28fb39 is started using port 45807
2019-10-20 18:18:22,104 [Datanode State Machine Thread - 0] INFO  ozoneimpl.OzoneContainer (OzoneContainer.java:start(213)) - Attempting to start container services.
2019-10-20 18:18:22,105 [Datanode State Machine Thread - 0] INFO  ozoneimpl.OzoneContainer (OzoneContainer.java:startContainerScrub(177)) - Background container scanner has been disabled.
2019-10-20 18:18:22,105 [Datanode State Machine Thread - 0] INFO  ratis.XceiverServerRatis (XceiverServerRatis.java:start(418)) - Starting XceiverServerRatis 399079f7-1eb1-4f37-b003-267572525934 at port 0
2019-10-20 18:18:22,111 [Datanode State Machine Thread - 0] INFO  impl.RaftServerProxy (RaftServerProxy.java:lambda$start$3(299)) - 399079f7-1eb1-4f37-b003-267572525934: start RPC server
2019-10-20 18:18:22,115 [Datanode State Machine Thread - 0] INFO  server.GrpcService (GrpcService.java:startImpl(158)) - 399079f7-1eb1-4f37-b003-267572525934: GrpcService started, listening on 0.0.0.0/0.0.0.0:37762
2019-10-20 18:18:22,115 [Datanode State Machine Thread - 0] INFO  ratis.XceiverServerRatis (XceiverServerRatis.java:start(428)) - XceiverServerRatis 399079f7-1eb1-4f37-b003-267572525934 is started using port 37762
2019-10-20 18:18:22,117 [Datanode State Machine Thread - 0] INFO  server.XceiverServerGrpc (XceiverServerGrpc.java:start(149)) - XceiverServerGrpc 399079f7-1eb1-4f37-b003-267572525934 is started using port 37946
2019-10-20 18:18:22,197 [Datanode State Machine Thread - 0] INFO  ozoneimpl.OzoneContainer (OzoneContainer.java:start(213)) - Attempting to start container services.
2019-10-20 18:18:22,197 [Datanode State Machine Thread - 0] INFO  ozoneimpl.OzoneContainer (OzoneContainer.java:startContainerScrub(177)) - Background container scanner has been disabled.
2019-10-20 18:18:22,197 [Datanode State Machine Thread - 0] INFO  ratis.XceiverServerRatis (XceiverServerRatis.java:start(418)) - Starting XceiverServerRatis eb28ec45-9b2b-44d6-ae7e-a31feda643bc at port 0
2019-10-20 18:18:22,205 [Datanode State Machine Thread - 0] INFO  impl.RaftServerProxy (RaftServerProxy.java:lambda$start$3(299)) - eb28ec45-9b2b-44d6-ae7e-a31feda643bc: start RPC server
2019-10-20 18:18:22,209 [Datanode State Machine Thread - 0] INFO  server.GrpcService (GrpcService.java:startImpl(158)) - eb28ec45-9b2b-44d6-ae7e-a31feda643bc: GrpcService started, listening on 0.0.0.0/0.0.0.0:42571
2019-10-20 18:18:22,209 [Datanode State Machine Thread - 0] INFO  ratis.XceiverServerRatis (XceiverServerRatis.java:start(428)) - XceiverServerRatis eb28ec45-9b2b-44d6-ae7e-a31feda643bc is started using port 42571
2019-10-20 18:18:22,212 [Datanode State Machine Thread - 0] INFO  server.XceiverServerGrpc (XceiverServerGrpc.java:start(149)) - XceiverServerGrpc eb28ec45-9b2b-44d6-ae7e-a31feda643bc is started using port 39742
2019-10-20 18:18:22,273 [Datanode State Machine Thread - 0] INFO  ozoneimpl.OzoneContainer (OzoneContainer.java:start(213)) - Attempting to start container services.
2019-10-20 18:18:22,273 [Datanode State Machine Thread - 0] INFO  ozoneimpl.OzoneContainer (OzoneContainer.java:startContainerScrub(177)) - Background container scanner has been disabled.
2019-10-20 18:18:22,273 [Datanode State Machine Thread - 0] INFO  ratis.XceiverServerRatis (XceiverServerRatis.java:start(418)) - Starting XceiverServerRatis 6b2f58fd-30db-463e-9aa7-62340e6715ac at port 0
2019-10-20 18:18:22,282 [Datanode State Machine Thread - 0] INFO  impl.RaftServerProxy (RaftServerProxy.java:lambda$start$3(299)) - 6b2f58fd-30db-463e-9aa7-62340e6715ac: start RPC server
2019-10-20 18:18:22,285 [Datanode State Machine Thread - 0] INFO  server.GrpcService (GrpcService.java:startImpl(158)) - 6b2f58fd-30db-463e-9aa7-62340e6715ac: GrpcService started, listening on 0.0.0.0/0.0.0.0:37544
2019-10-20 18:18:22,285 [Datanode State Machine Thread - 0] INFO  ratis.XceiverServerRatis (XceiverServerRatis.java:start(428)) - XceiverServerRatis 6b2f58fd-30db-463e-9aa7-62340e6715ac is started using port 37544
2019-10-20 18:18:22,288 [Datanode State Machine Thread - 0] INFO  server.XceiverServerGrpc (XceiverServerGrpc.java:start(149)) - XceiverServerGrpc 6b2f58fd-30db-463e-9aa7-62340e6715ac is started using port 38899
2019-10-20 18:18:22,366 [Datanode State Machine Thread - 0] INFO  ozoneimpl.OzoneContainer (OzoneContainer.java:start(213)) - Attempting to start container services.
2019-10-20 18:18:22,366 [Datanode State Machine Thread - 0] INFO  ozoneimpl.OzoneContainer (OzoneContainer.java:startContainerScrub(177)) - Background container scanner has been disabled.
2019-10-20 18:18:22,366 [Datanode State Machine Thread - 0] INFO  ratis.XceiverServerRatis (XceiverServerRatis.java:start(418)) - Starting XceiverServerRatis 6ef27e9c-8ddb-4fa1-8c14-ab102acfb1b8 at port 0
2019-10-20 18:18:22,377 [Datanode State Machine Thread - 0] INFO  impl.RaftServerProxy (RaftServerProxy.java:lambda$start$3(299)) - 6ef27e9c-8ddb-4fa1-8c14-ab102acfb1b8: start RPC server
2019-10-20 18:18:22,382 [Datanode State Machine Thread - 0] INFO  server.GrpcService (GrpcService.java:startImpl(158)) - 6ef27e9c-8ddb-4fa1-8c14-ab102acfb1b8: GrpcService started, listening on 0.0.0.0/0.0.0.0:38092
2019-10-20 18:18:22,382 [Datanode State Machine Thread - 0] INFO  ratis.XceiverServerRatis (XceiverServerRatis.java:start(428)) - XceiverServerRatis 6ef27e9c-8ddb-4fa1-8c14-ab102acfb1b8 is started using port 38092
2019-10-20 18:18:22,395 [Datanode State Machine Thread - 0] INFO  server.XceiverServerGrpc (XceiverServerGrpc.java:start(149)) - XceiverServerGrpc 6ef27e9c-8ddb-4fa1-8c14-ab102acfb1b8 is started using port 38711
2019-10-20 18:18:22,450 [Datanode State Machine Thread - 0] INFO  ozoneimpl.OzoneContainer (OzoneContainer.java:start(213)) - Attempting to start container services.
2019-10-20 18:18:22,450 [Datanode State Machine Thread - 0] INFO  ozoneimpl.OzoneContainer (OzoneContainer.java:startContainerScrub(177)) - Background container scanner has been disabled.
2019-10-20 18:18:22,451 [Datanode State Machine Thread - 0] INFO  ratis.XceiverServerRatis (XceiverServerRatis.java:start(418)) - Starting XceiverServerRatis a6e136fe-e391-4364-8a60-53801fc9277d at port 0
2019-10-20 18:18:22,461 [Datanode State Machine Thread - 0] INFO  impl.RaftServerProxy (RaftServerProxy.java:lambda$start$3(299)) - a6e136fe-e391-4364-8a60-53801fc9277d: start RPC server
2019-10-20 18:18:22,465 [Datanode State Machine Thread - 0] INFO  server.GrpcService (GrpcService.java:startImpl(158)) - a6e136fe-e391-4364-8a60-53801fc9277d: GrpcService started, listening on 0.0.0.0/0.0.0.0:40755
2019-10-20 18:18:22,465 [Datanode State Machine Thread - 0] INFO  ratis.XceiverServerRatis (XceiverServerRatis.java:start(428)) - XceiverServerRatis a6e136fe-e391-4364-8a60-53801fc9277d is started using port 40755
2019-10-20 18:18:22,470 [Datanode State Machine Thread - 0] INFO  server.XceiverServerGrpc (XceiverServerGrpc.java:start(149)) - XceiverServerGrpc a6e136fe-e391-4364-8a60-53801fc9277d is started using port 33367
2019-10-20 18:18:22,499 [main] INFO  ozone.MiniOzoneClusterImpl (MiniOzoneClusterImpl.java:lambda$waitForClusterToBeReady$0(147)) - Waiting for cluster to be ready. Got 0 of 10 DN Heartbeats.
2019-10-20 18:18:22,534 [Datanode State Machine Thread - 0] INFO  ozoneimpl.OzoneContainer (OzoneContainer.java:start(213)) - Attempting to start container services.
2019-10-20 18:18:22,535 [Datanode State Machine Thread - 0] INFO  ozoneimpl.OzoneContainer (OzoneContainer.java:startContainerScrub(177)) - Background container scanner has been disabled.
2019-10-20 18:18:22,535 [Datanode State Machine Thread - 0] INFO  ratis.XceiverServerRatis (XceiverServerRatis.java:start(418)) - Starting XceiverServerRatis 7a43c46a-fc88-4b2d-b2da-ae029cfa60ff at port 0
2019-10-20 18:18:22,547 [Datanode State Machine Thread - 0] INFO  impl.RaftServerProxy (RaftServerProxy.java:lambda$start$3(299)) - 7a43c46a-fc88-4b2d-b2da-ae029cfa60ff: start RPC server
2019-10-20 18:18:22,551 [Datanode State Machine Thread - 0] INFO  server.GrpcService (GrpcService.java:startImpl(158)) - 7a43c46a-fc88-4b2d-b2da-ae029cfa60ff: GrpcService started, listening on 0.0.0.0/0.0.0.0:43684
2019-10-20 18:18:22,551 [Datanode State Machine Thread - 0] INFO  ratis.XceiverServerRatis (XceiverServerRatis.java:start(428)) - XceiverServerRatis 7a43c46a-fc88-4b2d-b2da-ae029cfa60ff is started using port 43684
2019-10-20 18:18:22,579 [Datanode State Machine Thread - 0] INFO  server.XceiverServerGrpc (XceiverServerGrpc.java:start(149)) - XceiverServerGrpc 7a43c46a-fc88-4b2d-b2da-ae029cfa60ff is started using port 34068
2019-10-20 18:18:23,499 [main] INFO  ozone.MiniOzoneClusterImpl (MiniOzoneClusterImpl.java:lambda$waitForClusterToBeReady$0(147)) - Waiting for cluster to be ready. Got 0 of 10 DN Heartbeats.
2019-10-20 18:18:23,790 [IPC Server handler 6 on 35982] INFO  net.NetworkTopology (NetworkTopologyImpl.java:add(111)) - Added a new node: /default-rack/b75f8b2e-6273-4c97-b7c5-042674931d23
2019-10-20 18:18:23,790 [IPC Server handler 6 on 35982] INFO  node.SCMNodeManager (SCMNodeManager.java:register(268)) - Registered Data node : b75f8b2e-6273-4c97-b7c5-042674931d23{ip: 192.168.164.241, host: pr-hdds-2334-8x2sg-1875309799, networkLocation: /default-rack, certSerialId: null}
2019-10-20 18:18:23,795 [EventQueue-NodeRegistrationContainerReportForDataNodeSafeModeRule] INFO  safemode.SCMSafeModeManager (DataNodeSafeModeRule.java:process(71)) - SCM in safe mode. 1 DataNodes registered, 1 required.
2019-10-20 18:18:23,795 [EventQueue-NodeRegistrationContainerReportForDataNodeSafeModeRule] INFO  safemode.SCMSafeModeManager (SCMSafeModeManager.java:validateSafeModeExitRules(177)) - ScmSafeModeManager, all rules are successfully validated
2019-10-20 18:18:23,795 [EventQueue-NodeRegistrationContainerReportForDataNodeSafeModeRule] INFO  safemode.SCMSafeModeManager (SCMSafeModeManager.java:exitSafeMode(193)) - SCM exiting safe mode.
2019-10-20 18:18:23,823 [IPC Server handler 16 on 35982] INFO  net.NetworkTopology (NetworkTopologyImpl.java:add(111)) - Added a new node: /default-rack/c50ce170-3170-4e03-b167-34e0e02687b2
2019-10-20 18:18:23,823 [IPC Server handler 16 on 35982] INFO  node.SCMNodeManager (SCMNodeManager.java:register(268)) - Registered Data node : c50ce170-3170-4e03-b167-34e0e02687b2{ip: 192.168.164.241, host: pr-hdds-2334-8x2sg-1875309799, networkLocation: /default-rack, certSerialId: null}
2019-10-20 18:18:23,898 [IPC Server handler 5 on 35982] INFO  net.NetworkTopology (NetworkTopologyImpl.java:add(111)) - Added a new node: /default-rack/3750b3a2-715b-46b3-9d0c-9e38136244b9
2019-10-20 18:18:23,898 [IPC Server handler 5 on 35982] INFO  node.SCMNodeManager (SCMNodeManager.java:register(268)) - Registered Data node : 3750b3a2-715b-46b3-9d0c-9e38136244b9{ip: 192.168.164.241, host: pr-hdds-2334-8x2sg-1875309799, networkLocation: /default-rack, certSerialId: null}
2019-10-20 18:18:24,009 [IPC Server handler 1 on 35982] INFO  net.NetworkTopology (NetworkTopologyImpl.java:add(111)) - Added a new node: /default-rack/6c5c38af-62e6-4ea7-a24a-078dcb28fb39
2019-10-20 18:18:24,012 [IPC Server handler 1 on 35982] INFO  node.SCMNodeManager (SCMNodeManager.java:register(268)) - Registered Data node : 6c5c38af-62e6-4ea7-a24a-078dcb28fb39{ip: 192.168.164.241, host: pr-hdds-2334-8x2sg-1875309799, networkLocation: /default-rack, certSerialId: null}
2019-10-20 18:18:24,078 [IPC Server handler 9 on 35982] INFO  net.NetworkTopology (NetworkTopologyImpl.java:add(111)) - Added a new node: /default-rack/399079f7-1eb1-4f37-b003-267572525934
2019-10-20 18:18:24,078 [IPC Server handler 9 on 35982] INFO  node.SCMNodeManager (SCMNodeManager.java:register(268)) - Registered Data node : 399079f7-1eb1-4f37-b003-267572525934{ip: 192.168.164.241, host: pr-hdds-2334-8x2sg-1875309799, networkLocation: /default-rack, certSerialId: null}
2019-10-20 18:18:24,179 [IPC Server handler 8 on 35982] INFO  net.NetworkTopology (NetworkTopologyImpl.java:add(111)) - Added a new node: /default-rack/eb28ec45-9b2b-44d6-ae7e-a31feda643bc
2019-10-20 18:18:24,179 [IPC Server handler 8 on 35982] INFO  node.SCMNodeManager (SCMNodeManager.java:register(268)) - Registered Data node : eb28ec45-9b2b-44d6-ae7e-a31feda643bc{ip: 192.168.164.241, host: pr-hdds-2334-8x2sg-1875309799, networkLocation: /default-rack, certSerialId: null}
2019-10-20 18:18:24,247 [IPC Server handler 14 on 35982] INFO  net.NetworkTopology (NetworkTopologyImpl.java:add(111)) - Added a new node: /default-rack/6b2f58fd-30db-463e-9aa7-62340e6715ac
2019-10-20 18:18:24,247 [IPC Server handler 14 on 35982] INFO  node.SCMNodeManager (SCMNodeManager.java:register(268)) - Registered Data node : 6b2f58fd-30db-463e-9aa7-62340e6715ac{ip: 192.168.164.241, host: pr-hdds-2334-8x2sg-1875309799, networkLocation: /default-rack, certSerialId: null}
2019-10-20 18:18:24,336 [IPC Server handler 15 on 35982] INFO  net.NetworkTopology (NetworkTopologyImpl.java:add(111)) - Added a new node: /default-rack/6ef27e9c-8ddb-4fa1-8c14-ab102acfb1b8
2019-10-20 18:18:24,336 [IPC Server handler 15 on 35982] INFO  node.SCMNodeManager (SCMNodeManager.java:register(268)) - Registered Data node : 6ef27e9c-8ddb-4fa1-8c14-ab102acfb1b8{ip: 192.168.164.241, host: pr-hdds-2334-8x2sg-1875309799, networkLocation: /default-rack, certSerialId: null}
2019-10-20 18:18:24,378 [grpc-default-executor-0] INFO  impl.RaftServerProxy (RaftServerProxy.java:addNew(89)) - b75f8b2e-6273-4c97-b7c5-042674931d23: addNew group-846F3047E7A2:[b75f8b2e-6273-4c97-b7c5-042674931d23:192.168.164.241:41857] returns group-846F3047E7A2:java.util.concurrent.CompletableFuture@67f0ad17[Not completed]
2019-10-20 18:18:24,394 [pool-27-thread-1] INFO  impl.RaftServerImpl (RaftServerImpl.java:<init>(104)) - b75f8b2e-6273-4c97-b7c5-042674931d23: new RaftServerImpl for group-846F3047E7A2:[b75f8b2e-6273-4c97-b7c5-042674931d23:192.168.164.241:41857] with ContainerStateMachine:uninitialized
2019-10-20 18:18:24,395 [pool-27-thread-1] INFO  server.RaftServerConfigKeys (ConfUtils.java:logGet(43)) - raft.server.rpc.timeout.min = 1s (custom)
2019-10-20 18:18:24,397 [pool-27-thread-1] INFO  server.RaftServerConfigKeys (ConfUtils.java:logGet(43)) - raft.server.rpc.timeout.max = 1200ms (custom)
2019-10-20 18:18:24,397 [pool-27-thread-1] INFO  server.RaftServerConfigKeys (ConfUtils.java:logGet(43)) - raft.server.rpcslowness.timeout = 120s (custom)
2019-10-20 18:18:24,398 [pool-27-thread-1] INFO  server.RaftServerConfigKeys (ConfUtils.java:logGet(43)) - raft.server.sleep.deviation.threshold = 300 (default)
2019-10-20 18:18:24,398 [pool-27-thread-1] INFO  server.RaftServerConfigKeys (ConfUtils.java:logGet(43)) - raft.server.log.appender.install.snapshot.enabled = false (custom)
2019-10-20 18:18:24,405 [pool-27-thread-1] INFO  impl.RaftServerImpl (ServerState.java:<init>(103)) - b75f8b2e-6273-4c97-b7c5-042674931d23@group-846F3047E7A2: ConfigurationManager, init=-1: [b75f8b2e-6273-4c97-b7c5-042674931d23:192.168.164.241:41857], old=null, confs=<EMPTY_MAP>
2019-10-20 18:18:24,405 [pool-27-thread-1] INFO  server.RaftServerConfigKeys (ConfUtils.java:logGet(43)) - raft.server.storage.dir = [/workdir/hadoop-ozone/integration-test/target/test-dir/MiniOzoneClusterImpl-3ef3c7a0-fafa-4375-a23c-18b63a3f56e7/datanode-0/data/ratis] (custom)
2019-10-20 18:18:24,417 [pool-27-thread-1] INFO  server.RaftServerConfigKeys (ConfUtils.java:logGet(43)) - raft.server.log.corruption.policy = EXCEPTION (default)
2019-10-20 18:18:24,418 [pool-27-thread-1] INFO  storage.RaftStorageDirectory (RaftStorageDirectory.java:analyzeStorage(246)) - The storage directory /workdir/hadoop-ozone/integration-test/target/test-dir/MiniOzoneClusterImpl-3ef3c7a0-fafa-4375-a23c-18b63a3f56e7/datanode-0/data/ratis/b7558ecd-8bf7-430b-9d63-846f3047e7a2 does not exist. Creating ...
2019-10-20 18:18:24,429 [IPC Server handler 7 on 35982] INFO  net.NetworkTopology (NetworkTopologyImpl.java:add(111)) - Added a new node: /default-rack/a6e136fe-e391-4364-8a60-53801fc9277d
2019-10-20 18:18:24,429 [IPC Server handler 7 on 35982] INFO  node.SCMNodeManager (SCMNodeManager.java:register(268)) - Registered Data node : a6e136fe-e391-4364-8a60-53801fc9277d{ip: 192.168.164.241, host: pr-hdds-2334-8x2sg-1875309799, networkLocation: /default-rack, certSerialId: null}
2019-10-20 18:18:24,443 [pool-27-thread-1] INFO  storage.RaftStorageDirectory (RaftStorageDirectory.java:tryLock(328)) - Lock on /workdir/hadoop-ozone/integration-test/target/test-dir/MiniOzoneClusterImpl-3ef3c7a0-fafa-4375-a23c-18b63a3f56e7/datanode-0/data/ratis/b7558ecd-8bf7-430b-9d63-846f3047e7a2/in_use.lock acquired by nodename 6969@pr-hdds-2334-8x2sg-1875309799
2019-10-20 18:18:24,469 [pool-27-thread-1] INFO  storage.RaftStorage (RaftStorage.java:format(84)) - Storage directory /workdir/hadoop-ozone/integration-test/target/test-dir/MiniOzoneClusterImpl-3ef3c7a0-fafa-4375-a23c-18b63a3f56e7/datanode-0/data/ratis/b7558ecd-8bf7-430b-9d63-846f3047e7a2 has been successfully formatted.
2019-10-20 18:18:24,471 [pool-27-thread-1] INFO  ratis.ContainerStateMachine (ContainerStateMachine.java:loadSnapshot(231)) - group-846F3047E7A2: The snapshot info is null. Setting the last applied indexto:(t:0, i:~)
2019-10-20 18:18:24,471 [pool-27-thread-1] INFO  server.RaftServerConfigKeys (ConfUtils.java:logGet(43)) - raft.server.notification.no-leader.timeout = 120s (custom)
2019-10-20 18:18:24,473 [pool-27-thread-1] INFO  server.RaftServerConfigKeys (ConfUtils.java:logGet(43)) - raft.server.log.use.memory = false (default)
2019-10-20 18:18:24,478 [pool-27-thread-1] INFO  server.RaftServerConfigKeys (ConfUtils.java:logGet(43)) - raft.server.log.purge.gap = 1000000 (custom)
2019-10-20 18:18:24,478 [pool-27-thread-1] INFO  server.RaftServerConfigKeys (ConfUtils.java:logGet(43)) - raft.server.log.appender.buffer.byte-limit = 33554432 (custom)
2019-10-20 18:18:24,480 [pool-27-thread-1] INFO  server.RaftServerConfigKeys (ConfUtils.java:logGet(43)) - raft.server.log.segment.size.max = 1048576 (custom)
2019-10-20 18:18:24,481 [pool-27-thread-1] INFO  impl.MetricsSystemImpl (MetricsSystemImpl.java:init(158)) - ratis metrics system started (again)
2019-10-20 18:18:24,485 [pool-27-thread-1] INFO  metrics.MetricRegistries (MetricRegistriesLoader.java:load(64)) - Loaded MetricRegistries class org.apache.ratis.metrics.impl.MetricRegistriesImpl
2019-10-20 18:18:24,504 [main] INFO  ozone.MiniOzoneClusterImpl (MiniOzoneClusterImpl.java:lambda$waitForClusterToBeReady$0(147)) - Waiting for cluster to be ready. Got 9 of 10 DN Heartbeats.
2019-10-20 18:18:24,509 [IPC Server handler 6 on 35982] INFO  net.NetworkTopology (NetworkTopologyImpl.java:add(111)) - Added a new node: /default-rack/7a43c46a-fc88-4b2d-b2da-ae029cfa60ff
2019-10-20 18:18:24,510 [IPC Server handler 6 on 35982] INFO  node.SCMNodeManager (SCMNodeManager.java:register(268)) - Registered Data node : 7a43c46a-fc88-4b2d-b2da-ae029cfa60ff{ip: 192.168.164.241, host: pr-hdds-2334-8x2sg-1875309799, networkLocation: /default-rack, certSerialId: null}
2019-10-20 18:18:24,529 [pool-27-thread-1] INFO  server.RaftServerConfigKeys (ConfUtils.java:logGet(43)) - raft.server.log.segment.cache.num.max = 2 (custom)
2019-10-20 18:18:24,534 [pool-27-thread-1] INFO  segmented.SegmentedRaftLogWorker (SegmentedRaftLogWorker.java:<init>(173)) - new b75f8b2e-6273-4c97-b7c5-042674931d23@group-846F3047E7A2-SegmentedRaftLogWorker for RaftStorage:Storage Directory /workdir/hadoop-ozone/integration-test/target/test-dir/MiniOzoneClusterImpl-3ef3c7a0-fafa-4375-a23c-18b63a3f56e7/datanode-0/data/ratis/b7558ecd-8bf7-430b-9d63-846f3047e7a2
2019-10-20 18:18:24,535 [pool-27-thread-1] INFO  server.RaftServerConfigKeys (ConfUtils.java:logGet(43)) - raft.server.log.queue.byte-limit = 2147483647 (custom)
2019-10-20 18:18:24,535 [pool-27-thread-1] INFO  server.RaftServerConfigKeys (ConfUtils.java:logGet(43)) - raft.server.log.queue.element-limit = 1024 (custom)
2019-10-20 18:18:24,536 [pool-27-thread-1] INFO  server.RaftServerConfigKeys (ConfUtils.java:logGet(43)) - raft.server.log.segment.size.max = 1048576 (custom)
2019-10-20 18:18:24,537 [pool-27-thread-1] INFO  server.RaftServerConfigKeys (ConfUtils.java:logGet(43)) - raft.server.log.preallocated.size = 16384 (custom)
2019-10-20 18:18:24,537 [pool-27-thread-1] INFO  server.RaftServerConfigKeys (ConfUtils.java:logGet(43)) - raft.server.log.write.buffer.size = 33554432 (custom)
2019-10-20 18:18:24,537 [pool-27-thread-1] INFO  server.RaftServerConfigKeys (ConfUtils.java:logGet(43)) - raft.server.log.force.sync.num = 128 (default)
2019-10-20 18:18:24,538 [pool-27-thread-1] INFO  server.RaftServerConfigKeys (ConfUtils.java:logGet(43)) - raft.server.log.statemachine.data.sync = true (default)
2019-10-20 18:18:24,538 [pool-27-thread-1] INFO  server.RaftServerConfigKeys (ConfUtils.java:logGet(43)) - raft.server.log.statemachine.data.sync.timeout = 10s (default)
2019-10-20 18:18:24,539 [pool-27-thread-1] INFO  server.RaftServerConfigKeys (ConfUtils.java:logGet(43)) - raft.server.log.statemachine.data.sync.timeout.retry = -1 (default)
2019-10-20 18:18:24,549 [pool-27-thread-1] INFO  server.RaftServerConfigKeys (ConfUtils.java:logGet(43)) - raft.server.log.statemachine.data.caching.enabled = true (custom)
2019-10-20 18:18:24,559 [pool-27-thread-1] INFO  segmented.SegmentedRaftLogWorker (SegmentedRaftLogWorker.java:lambda$new$0(128)) - b75f8b2e-6273-4c97-b7c5-042674931d23@group-846F3047E7A2-SegmentedRaftLogWorker: flushIndex: setUnconditionally 0 -> -1
2019-10-20 18:18:24,565 [pool-27-thread-1] INFO  server.RaftServerConfigKeys (ConfUtils.java:logGet(43)) - raft.server.snapshot.auto.trigger.enabled = true (custom)
2019-10-20 18:18:24,566 [pool-27-thread-1] INFO  server.RaftServerConfigKeys (ConfUtils.java:logGet(43)) - raft.server.snapshot.auto.trigger.threshold = 10000 (custom)
2019-10-20 18:18:24,566 [pool-27-thread-1] INFO  server.RaftServerConfigKeys (ConfUtils.java:logGet(43)) - raft.server.snapshot.retention.file.num = 5 (custom)
2019-10-20 18:18:24,567 [pool-27-thread-1] INFO  server.RaftServerConfigKeys (ConfUtils.java:logGet(43)) - raft.server.retrycache.expirytime = 600000ms (custom)
2019-10-20 18:18:24,602 [pool-27-thread-1] INFO  impl.RaftServerImpl (RaftServerImpl.java:start(195)) - b75f8b2e-6273-4c97-b7c5-042674931d23@group-846F3047E7A2: start as a follower, conf=-1: [b75f8b2e-6273-4c97-b7c5-042674931d23:192.168.164.241:41857], old=null
2019-10-20 18:18:24,604 [pool-27-thread-1] INFO  impl.RaftServerImpl (RaftServerImpl.java:setRole(184)) - b75f8b2e-6273-4c97-b7c5-042674931d23@group-846F3047E7A2: changes role from      null to FOLLOWER at term 0 for startAsFollower
2019-10-20 18:18:24,605 [pool-27-thread-1] INFO  impl.RoleInfo (RoleInfo.java:updateAndGet(143)) - b75f8b2e-6273-4c97-b7c5-042674931d23: start FollowerState
2019-10-20 18:18:24,607 [pool-27-thread-1] INFO  util.JmxRegister (JmxRegister.java:tryRegister(44)) - Successfully registered JMX Bean with object name Ratis:service=RaftServer,group=group-846F3047E7A2,id=b75f8b2e-6273-4c97-b7c5-042674931d23
2019-10-20 18:18:24,664 [RatisPipelineUtilsThread] INFO  pipeline.PipelineStateManager (PipelineStateManager.java:addPipeline(56)) - Created pipeline Pipeline[ Id: b7558ecd-8bf7-430b-9d63-846f3047e7a2, Nodes: b75f8b2e-6273-4c97-b7c5-042674931d23{ip: 192.168.164.241, host: pr-hdds-2334-8x2sg-1875309799, networkLocation: /default-rack, certSerialId: null}, Type:RATIS, Factor:ONE, State:OPEN]
2019-10-20 18:18:24,684 [grpc-default-executor-0] INFO  impl.RaftServerProxy (RaftServerProxy.java:addNew(89)) - 399079f7-1eb1-4f37-b003-267572525934: addNew group-A9BC39F4D113:[399079f7-1eb1-4f37-b003-267572525934:192.168.164.241:37762] returns group-A9BC39F4D113:java.util.concurrent.CompletableFuture@461c3f1e[Not completed]
2019-10-20 18:18:24,722 [pool-67-thread-1] INFO  impl.RaftServerImpl (RaftServerImpl.java:<init>(104)) - 399079f7-1eb1-4f37-b003-267572525934: new RaftServerImpl for group-A9BC39F4D113:[399079f7-1eb1-4f37-b003-267572525934:192.168.164.241:37762] with ContainerStateMachine:uninitialized
2019-10-20 18:18:24,723 [pool-67-thread-1] INFO  server.RaftServerConfigKeys (ConfUtils.java:logGet(43)) - raft.server.rpc.timeout.min = 1s (custom)
2019-10-20 18:18:24,723 [pool-67-thread-1] INFO  server.RaftServerConfigKeys (ConfUtils.java:logGet(43)) - raft.server.rpc.timeout.max = 1200ms (custom)
2019-10-20 18:18:24,723 [pool-67-thread-1] INFO  server.RaftServerConfigKeys (ConfUtils.java:logGet(43)) - raft.server.rpcslowness.timeout = 120s (custom)
2019-10-20 18:18:24,723 [pool-67-thread-1] INFO  server.RaftServerConfigKeys (ConfUtils.java:logGet(43)) - raft.server.sleep.deviation.threshold = 300 (default)
2019-10-20 18:18:24,723 [pool-67-thread-1] INFO  server.RaftServerConfigKeys (ConfUtils.java:logGet(43)) - raft.server.log.appender.install.snapshot.enabled = false (custom)
2019-10-20 18:18:24,723 [pool-67-thread-1] INFO  impl.RaftServerImpl (ServerState.java:<init>(103)) - 399079f7-1eb1-4f37-b003-267572525934@group-A9BC39F4D113: ConfigurationManager, init=-1: [399079f7-1eb1-4f37-b003-267572525934:192.168.164.241:37762], old=null, confs=<EMPTY_MAP>
2019-10-20 18:18:24,724 [pool-67-thread-1] INFO  server.RaftServerConfigKeys (ConfUtils.java:logGet(43)) - raft.server.storage.dir = [/workdir/hadoop-ozone/integration-test/target/test-dir/MiniOzoneClusterImpl-3ef3c7a0-fafa-4375-a23c-18b63a3f56e7/datanode-4/data/ratis] (custom)
2019-10-20 18:18:24,724 [pool-67-thread-1] INFO  server.RaftServerConfigKeys (ConfUtils.java:logGet(43)) - raft.server.log.corruption.policy = EXCEPTION (default)
2019-10-20 18:18:24,724 [pool-67-thread-1] INFO  storage.RaftStorageDirectory (RaftStorageDirectory.java:analyzeStorage(246)) - The storage directory /workdir/hadoop-ozone/integration-test/target/test-dir/MiniOzoneClusterImpl-3ef3c7a0-fafa-4375-a23c-18b63a3f56e7/datanode-4/data/ratis/f0130ed6-02f7-4f82-8cc3-a9bc39f4d113 does not exist. Creating ...
2019-10-20 18:18:24,739 [pool-67-thread-1] INFO  storage.RaftStorageDirectory (RaftStorageDirectory.java:tryLock(328)) - Lock on /workdir/hadoop-ozone/integration-test/target/test-dir/MiniOzoneClusterImpl-3ef3c7a0-fafa-4375-a23c-18b63a3f56e7/datanode-4/data/ratis/f0130ed6-02f7-4f82-8cc3-a9bc39f4d113/in_use.lock acquired by nodename 6969@pr-hdds-2334-8x2sg-1875309799
2019-10-20 18:18:24,758 [Thread-285] INFO  impl.FollowerState (FollowerState.java:run(108)) - b75f8b2e-6273-4c97-b7c5-042674931d23@group-846F3047E7A2-FollowerState: change to CANDIDATE, lastRpcTime:152ms, electionTimeout:152ms
2019-10-20 18:18:24,761 [Thread-285] INFO  impl.RoleInfo (RoleInfo.java:shutdownFollowerState(121)) - b75f8b2e-6273-4c97-b7c5-042674931d23: shutdown FollowerState
2019-10-20 18:18:24,762 [Thread-285] INFO  impl.RaftServerImpl (RaftServerImpl.java:setRole(184)) - b75f8b2e-6273-4c97-b7c5-042674931d23@group-846F3047E7A2: changes role from  FOLLOWER to CANDIDATE at term 0 for changeToCandidate
2019-10-20 18:18:24,764 [pool-67-thread-1] INFO  storage.RaftStorage (RaftStorage.java:format(84)) - Storage directory /workdir/hadoop-ozone/integration-test/target/test-dir/MiniOzoneClusterImpl-3ef3c7a0-fafa-4375-a23c-18b63a3f56e7/datanode-4/data/ratis/f0130ed6-02f7-4f82-8cc3-a9bc39f4d113 has been successfully formatted.
2019-10-20 18:18:24,770 [Thread-285] INFO  impl.RoleInfo (RoleInfo.java:updateAndGet(143)) - b75f8b2e-6273-4c97-b7c5-042674931d23: start LeaderElection
2019-10-20 18:18:24,770 [pool-67-thread-1] INFO  ratis.ContainerStateMachine (ContainerStateMachine.java:loadSnapshot(231)) - group-A9BC39F4D113: The snapshot info is null. Setting the last applied indexto:(t:0, i:~)
2019-10-20 18:18:24,773 [pool-67-thread-1] INFO  server.RaftServerConfigKeys (ConfUtils.java:logGet(43)) - raft.server.notification.no-leader.timeout = 120s (custom)
2019-10-20 18:18:24,775 [pool-67-thread-1] INFO  server.RaftServerConfigKeys (ConfUtils.java:logGet(43)) - raft.server.log.use.memory = false (default)
2019-10-20 18:18:24,775 [pool-67-thread-1] INFO  server.RaftServerConfigKeys (ConfUtils.java:logGet(43)) - raft.server.log.purge.gap = 1000000 (custom)
2019-10-20 18:18:24,775 [pool-67-thread-1] INFO  server.RaftServerConfigKeys (ConfUtils.java:logGet(43)) - raft.server.log.appender.buffer.byte-limit = 33554432 (custom)
2019-10-20 18:18:24,775 [pool-67-thread-1] INFO  server.RaftServerConfigKeys (ConfUtils.java:logGet(43)) - raft.server.log.segment.size.max = 1048576 (custom)
2019-10-20 18:18:24,779 [pool-67-thread-1] INFO  server.RaftServerConfigKeys (ConfUtils.java:logGet(43)) - raft.server.log.segment.cache.num.max = 2 (custom)
2019-10-20 18:18:24,779 [pool-67-thread-1] INFO  segmented.SegmentedRaftLogWorker (SegmentedRaftLogWorker.java:<init>(173)) - new 399079f7-1eb1-4f37-b003-267572525934@group-A9BC39F4D113-SegmentedRaftLogWorker for RaftStorage:Storage Directory /workdir/hadoop-ozone/integration-test/target/test-dir/MiniOzoneClusterImpl-3ef3c7a0-fafa-4375-a23c-18b63a3f56e7/datanode-4/data/ratis/f0130ed6-02f7-4f82-8cc3-a9bc39f4d113
2019-10-20 18:18:24,781 [pool-67-thread-1] INFO  server.RaftServerConfigKeys (ConfUtils.java:logGet(43)) - raft.server.log.queue.byte-limit = 2147483647 (custom)
2019-10-20 18:18:24,781 [pool-67-thread-1] INFO  server.RaftServerConfigKeys (ConfUtils.java:logGet(43)) - raft.server.log.queue.element-limit = 1024 (custom)
2019-10-20 18:18:24,781 [pool-67-thread-1] INFO  server.RaftServerConfigKeys (ConfUtils.java:logGet(43)) - raft.server.log.segment.size.max = 1048576 (custom)
2019-10-20 18:18:24,781 [pool-67-thread-1] INFO  server.RaftServerConfigKeys (ConfUtils.java:logGet(43)) - raft.server.log.preallocated.size = 16384 (custom)
2019-10-20 18:18:24,781 [pool-67-thread-1] INFO  server.RaftServerConfigKeys (ConfUtils.java:logGet(43)) - raft.server.log.write.buffer.size = 33554432 (custom)
2019-10-20 18:18:24,781 [pool-67-thread-1] INFO  server.RaftServerConfigKeys (ConfUtils.java:logGet(43)) - raft.server.log.force.sync.num = 128 (default)
2019-10-20 18:18:24,781 [pool-67-thread-1] INFO  server.RaftServerConfigKeys (ConfUtils.java:logGet(43)) - raft.server.log.statemachine.data.sync = true (default)
2019-10-20 18:18:24,782 [pool-67-thread-1] INFO  server.RaftServerConfigKeys (ConfUtils.java:logGet(43)) - raft.server.log.statemachine.data.sync.timeout = 10s (default)
2019-10-20 18:18:24,782 [pool-67-thread-1] INFO  server.RaftServerConfigKeys (ConfUtils.java:logGet(43)) - raft.server.log.statemachine.data.sync.timeout.retry = -1 (default)
2019-10-20 18:18:24,782 [pool-67-thread-1] INFO  server.RaftServerConfigKeys (ConfUtils.java:logGet(43)) - raft.server.log.statemachine.data.caching.enabled = true (custom)
2019-10-20 18:18:24,783 [pool-67-thread-1] INFO  segmented.SegmentedRaftLogWorker (SegmentedRaftLogWorker.java:lambda$new$0(128)) - 399079f7-1eb1-4f37-b003-267572525934@group-A9BC39F4D113-SegmentedRaftLogWorker: flushIndex: setUnconditionally 0 -> -1
2019-10-20 18:18:24,783 [pool-67-thread-1] INFO  server.RaftServerConfigKeys (ConfUtils.java:logGet(43)) - raft.server.snapshot.auto.trigger.enabled = true (custom)
2019-10-20 18:18:24,783 [pool-67-thread-1] INFO  server.RaftServerConfigKeys (ConfUtils.java:logGet(43)) - raft.server.snapshot.auto.trigger.threshold = 10000 (custom)
2019-10-20 18:18:24,783 [pool-67-thread-1] INFO  server.RaftServerConfigKeys (ConfUtils.java:logGet(43)) - raft.server.snapshot.retention.file.num = 5 (custom)
2019-10-20 18:18:24,784 [pool-67-thread-1] INFO  server.RaftServerConfigKeys (ConfUtils.java:logGet(43)) - raft.server.retrycache.expirytime = 600000ms (custom)
2019-10-20 18:18:24,791 [b75f8b2e-6273-4c97-b7c5-042674931d23@group-846F3047E7A2-LeaderElection1] INFO  impl.LeaderElection (LeaderElection.java:askForVotes(178)) - b75f8b2e-6273-4c97-b7c5-042674931d23@group-846F3047E7A2-LeaderElection1: begin an election at term 1 for -1: [b75f8b2e-6273-4c97-b7c5-042674931d23:192.168.164.241:41857], old=null
2019-10-20 18:18:24,791 [pool-67-thread-1] INFO  impl.RaftServerImpl (RaftServerImpl.java:start(195)) - 399079f7-1eb1-4f37-b003-267572525934@group-A9BC39F4D113: start as a follower, conf=-1: [399079f7-1eb1-4f37-b003-267572525934:192.168.164.241:37762], old=null
2019-10-20 18:18:24,791 [pool-67-thread-1] INFO  impl.RaftServerImpl (RaftServerImpl.java:setRole(184)) - 399079f7-1eb1-4f37-b003-267572525934@group-A9BC39F4D113: changes role from      null to FOLLOWER at term 0 for startAsFollower
2019-10-20 18:18:24,792 [pool-67-thread-1] INFO  impl.RoleInfo (RoleInfo.java:updateAndGet(143)) - 399079f7-1eb1-4f37-b003-267572525934: start FollowerState
2019-10-20 18:18:24,792 [pool-67-thread-1] INFO  util.JmxRegister (JmxRegister.java:tryRegister(44)) - Successfully registered JMX Bean with object name Ratis:service=RaftServer,group=group-A9BC39F4D113,id=399079f7-1eb1-4f37-b003-267572525934
2019-10-20 18:18:24,795 [b75f8b2e-6273-4c97-b7c5-042674931d23@group-846F3047E7A2-LeaderElection1] INFO  impl.RoleInfo (RoleInfo.java:shutdownLeaderElection(134)) - b75f8b2e-6273-4c97-b7c5-042674931d23: shutdown LeaderElection
2019-10-20 18:18:24,796 [b75f8b2e-6273-4c97-b7c5-042674931d23@group-846F3047E7A2-LeaderElection1] INFO  impl.RaftServerImpl (RaftServerImpl.java:setRole(184)) - b75f8b2e-6273-4c97-b7c5-042674931d23@group-846F3047E7A2: changes role from CANDIDATE to LEADER at term 1 for changeToLeader
2019-10-20 18:18:24,796 [b75f8b2e-6273-4c97-b7c5-042674931d23@group-846F3047E7A2-LeaderElection1] INFO  impl.RaftServerImpl (ServerState.java:setLeader(256)) - b75f8b2e-6273-4c97-b7c5-042674931d23@group-846F3047E7A2: change Leader from null to b75f8b2e-6273-4c97-b7c5-042674931d23 at term 1 for becomeLeader, leader elected after 324ms
2019-10-20 18:18:24,805 [b75f8b2e-6273-4c97-b7c5-042674931d23@group-846F3047E7A2-LeaderElection1] INFO  server.RaftServerConfigKeys (ConfUtils.java:logGet(43)) - raft.server.staging.catchup.gap = 1000 (default)
2019-10-20 18:18:24,805 [b75f8b2e-6273-4c97-b7c5-042674931d23@group-846F3047E7A2-LeaderElection1] INFO  server.RaftServerConfigKeys (ConfUtils.java:logGet(43)) - raft.server.rpc.sleep.time = 25ms (default)
2019-10-20 18:18:24,816 [RatisPipelineUtilsThread] INFO  pipeline.PipelineStateManager (PipelineStateManager.java:addPipeline(56)) - Created pipeline Pipeline[ Id: f0130ed6-02f7-4f82-8cc3-a9bc39f4d113, Nodes: 399079f7-1eb1-4f37-b003-267572525934{ip: 192.168.164.241, host: pr-hdds-2334-8x2sg-1875309799, networkLocation: /default-rack, certSerialId: null}, Type:RATIS, Factor:ONE, State:OPEN]
2019-10-20 18:18:24,816 [b75f8b2e-6273-4c97-b7c5-042674931d23@group-846F3047E7A2-LeaderElection1] INFO  server.RaftServerConfigKeys (ConfUtils.java:logGet(43)) - raft.server.write.element-limit = 4096 (default)
2019-10-20 18:18:24,820 [b75f8b2e-6273-4c97-b7c5-042674931d23@group-846F3047E7A2-LeaderElection1] INFO  server.RaftServerConfigKeys (ConfUtils.java:logGet(43)) - raft.server.watch.timeout = 10s (default)
2019-10-20 18:18:24,820 [b75f8b2e-6273-4c97-b7c5-042674931d23@group-846F3047E7A2-LeaderElection1] INFO  server.RaftServerConfigKeys (ConfUtils.java:logGet(43)) - raft.server.watch.timeout.denomination = 1s (default)
2019-10-20 18:18:24,823 [b75f8b2e-6273-4c97-b7c5-042674931d23@group-846F3047E7A2-LeaderElection1] INFO  server.RaftServerConfigKeys (ConfUtils.java:logGet(43)) - raft.server.watch.element-limit = 65536 (default)
2019-10-20 18:18:24,842 [grpc-default-executor-0] INFO  impl.RaftServerProxy (RaftServerProxy.java:addNew(89)) - 7a43c46a-fc88-4b2d-b2da-ae029cfa60ff: addNew group-A3AEEC4281CC:[7a43c46a-fc88-4b2d-b2da-ae029cfa60ff:192.168.164.241:43684] returns group-A3AEEC4281CC:java.util.concurrent.CompletableFuture@74f6774b[Not completed]
2019-10-20 18:18:24,883 [Thread-289] INFO  impl.FollowerState (FollowerState.java:run(108)) - 399079f7-1eb1-4f37-b003-267572525934@group-A9BC39F4D113-FollowerState: change to CANDIDATE, lastRpcTime:91ms, electionTimeout:91ms
2019-10-20 18:18:24,884 [pool-117-thread-1] INFO  impl.RaftServerImpl (RaftServerImpl.java:<init>(104)) - 7a43c46a-fc88-4b2d-b2da-ae029cfa60ff: new RaftServerImpl for group-A3AEEC4281CC:[7a43c46a-fc88-4b2d-b2da-ae029cfa60ff:192.168.164.241:43684] with ContainerStateMachine:uninitialized
2019-10-20 18:18:24,885 [pool-117-thread-1] INFO  server.RaftServerConfigKeys (ConfUtils.java:logGet(43)) - raft.server.rpc.timeout.min = 1s (custom)
2019-10-20 18:18:24,885 [Thread-289] INFO  impl.RoleInfo (RoleInfo.java:shutdownFollowerState(121)) - 399079f7-1eb1-4f37-b003-267572525934: shutdown FollowerState
2019-10-20 18:18:24,885 [pool-117-thread-1] INFO  server.RaftServerConfigKeys (ConfUtils.java:logGet(43)) - raft.server.rpc.timeout.max = 1200ms (custom)
2019-10-20 18:18:24,885 [Thread-289] INFO  impl.RaftServerImpl (RaftServerImpl.java:setRole(184)) - 399079f7-1eb1-4f37-b003-267572525934@group-A9BC39F4D113: changes role from  FOLLOWER to CANDIDATE at term 0 for changeToCandidate
2019-10-20 18:18:24,885 [pool-117-thread-1] INFO  server.RaftServerConfigKeys (ConfUtils.java:logGet(43)) - raft.server.rpcslowness.timeout = 120s (custom)
2019-10-20 18:18:24,885 [pool-117-thread-1] INFO  server.RaftServerConfigKeys (ConfUtils.java:logGet(43)) - raft.server.sleep.deviation.threshold = 300 (default)
2019-10-20 18:18:24,886 [pool-117-thread-1] INFO  server.RaftServerConfigKeys (ConfUtils.java:logGet(43)) - raft.server.log.appender.install.snapshot.enabled = false (custom)
2019-10-20 18:18:24,886 [Thread-289] INFO  impl.RoleInfo (RoleInfo.java:updateAndGet(143)) - 399079f7-1eb1-4f37-b003-267572525934: start LeaderElection
2019-10-20 18:18:24,886 [pool-117-thread-1] INFO  impl.RaftServerImpl (ServerState.java:<init>(103)) - 7a43c46a-fc88-4b2d-b2da-ae029cfa60ff@group-A3AEEC4281CC: ConfigurationManager, init=-1: [7a43c46a-fc88-4b2d-b2da-ae029cfa60ff:192.168.164.241:43684], old=null, confs=<EMPTY_MAP>
2019-10-20 18:18:24,886 [pool-117-thread-1] INFO  server.RaftServerConfigKeys (ConfUtils.java:logGet(43)) - raft.server.storage.dir = [/workdir/hadoop-ozone/integration-test/target/test-dir/MiniOzoneClusterImpl-3ef3c7a0-fafa-4375-a23c-18b63a3f56e7/datanode-9/data/ratis] (custom)
2019-10-20 18:18:24,886 [pool-117-thread-1] INFO  server.RaftServerConfigKeys (ConfUtils.java:logGet(43)) - raft.server.log.corruption.policy = EXCEPTION (default)
2019-10-20 18:18:24,891 [pool-117-thread-1] INFO  storage.RaftStorageDirectory (RaftStorageDirectory.java:analyzeStorage(246)) - The storage directory /workdir/hadoop-ozone/integration-test/target/test-dir/MiniOzoneClusterImpl-3ef3c7a0-fafa-4375-a23c-18b63a3f56e7/datanode-9/data/ratis/da914f8f-f315-4abf-8fa6-a3aeec4281cc does not exist. Creating ...
2019-10-20 18:18:24,895 [b75f8b2e-6273-4c97-b7c5-042674931d23@group-846F3047E7A2-LeaderElection1] INFO  impl.RoleInfo (RoleInfo.java:updateAndGet(143)) - b75f8b2e-6273-4c97-b7c5-042674931d23: start LeaderState
2019-10-20 18:18:24,914 [b75f8b2e-6273-4c97-b7c5-042674931d23@group-846F3047E7A2-LeaderElection1] INFO  segmented.SegmentedRaftLogWorker (SegmentedRaftLogWorker.java:startLogSegment(385)) - b75f8b2e-6273-4c97-b7c5-042674931d23@group-846F3047E7A2-SegmentedRaftLogWorker: Starting segment from index:0
2019-10-20 18:18:24,922 [b75f8b2e-6273-4c97-b7c5-042674931d23@group-846F3047E7A2-LeaderElection1] INFO  impl.RaftServerImpl (ServerState.java:setRaftConf(357)) - b75f8b2e-6273-4c97-b7c5-042674931d23@group-846F3047E7A2: set configuration 0: [b75f8b2e-6273-4c97-b7c5-042674931d23:192.168.164.241:41857], old=null at 0
2019-10-20 18:18:24,927 [pool-117-thread-1] INFO  storage.RaftStorageDirectory (RaftStorageDirectory.java:tryLock(328)) - Lock on /workdir/hadoop-ozone/integration-test/target/test-dir/MiniOzoneClusterImpl-3ef3c7a0-fafa-4375-a23c-18b63a3f56e7/datanode-9/data/ratis/da914f8f-f315-4abf-8fa6-a3aeec4281cc/in_use.lock acquired by nodename 6969@pr-hdds-2334-8x2sg-1875309799
2019-10-20 18:18:24,927 [399079f7-1eb1-4f37-b003-267572525934@group-A9BC39F4D113-LeaderElection2] INFO  impl.LeaderElection (LeaderElection.java:askForVotes(178)) - 399079f7-1eb1-4f37-b003-267572525934@group-A9BC39F4D113-LeaderElection2: begin an election at term 1 for -1: [399079f7-1eb1-4f37-b003-267572525934:192.168.164.241:37762], old=null
2019-10-20 18:18:24,935 [399079f7-1eb1-4f37-b003-267572525934@group-A9BC39F4D113-LeaderElection2] INFO  impl.RoleInfo (RoleInfo.java:shutdownLeaderElection(134)) - 399079f7-1eb1-4f37-b003-267572525934: shutdown LeaderElection
2019-10-20 18:18:24,935 [399079f7-1eb1-4f37-b003-267572525934@group-A9BC39F4D113-LeaderElection2] INFO  impl.RaftServerImpl (RaftServerImpl.java:setRole(184)) - 399079f7-1eb1-4f37-b003-267572525934@group-A9BC39F4D113: changes role from CANDIDATE to LEADER at term 1 for changeToLeader
2019-10-20 18:18:24,935 [399079f7-1eb1-4f37-b003-267572525934@group-A9BC39F4D113-LeaderElection2] INFO  impl.RaftServerImpl (ServerState.java:setLeader(256)) - 399079f7-1eb1-4f37-b003-267572525934@group-A9BC39F4D113: change Leader from null to 399079f7-1eb1-4f37-b003-267572525934 at term 1 for becomeLeader, leader elected after 163ms
2019-10-20 18:18:24,936 [399079f7-1eb1-4f37-b003-267572525934@group-A9BC39F4D113-LeaderElection2] INFO  server.RaftServerConfigKeys (ConfUtils.java:logGet(43)) - raft.server.staging.catchup.gap = 1000 (default)
2019-10-20 18:18:24,936 [399079f7-1eb1-4f37-b003-267572525934@group-A9BC39F4D113-LeaderElection2] INFO  server.RaftServerConfigKeys (ConfUtils.java:logGet(43)) - raft.server.rpc.sleep.time = 25ms (default)
2019-10-20 18:18:24,937 [399079f7-1eb1-4f37-b003-267572525934@group-A9BC39F4D113-LeaderElection2] INFO  server.RaftServerConfigKeys (ConfUtils.java:logGet(43)) - raft.server.write.element-limit = 4096 (default)
2019-10-20 18:18:24,937 [399079f7-1eb1-4f37-b003-267572525934@group-A9BC39F4D113-LeaderElection2] INFO  server.RaftServerConfigKeys (ConfUtils.java:logGet(43)) - raft.server.watch.timeout = 10s (default)
2019-10-20 18:18:24,937 [399079f7-1eb1-4f37-b003-267572525934@group-A9BC39F4D113-LeaderElection2] INFO  server.RaftServerConfigKeys (ConfUtils.java:logGet(43)) - raft.server.watch.timeout.denomination = 1s (default)
2019-10-20 18:18:24,937 [399079f7-1eb1-4f37-b003-267572525934@group-A9BC39F4D113-LeaderElection2] INFO  server.RaftServerConfigKeys (ConfUtils.java:logGet(43)) - raft.server.watch.element-limit = 65536 (default)
2019-10-20 18:18:24,940 [399079f7-1eb1-4f37-b003-267572525934@group-A9BC39F4D113-LeaderElection2] INFO  impl.RoleInfo (RoleInfo.java:updateAndGet(143)) - 399079f7-1eb1-4f37-b003-267572525934: start LeaderState
2019-10-20 18:18:24,940 [399079f7-1eb1-4f37-b003-267572525934@group-A9BC39F4D113-LeaderElection2] INFO  segmented.SegmentedRaftLogWorker (SegmentedRaftLogWorker.java:startLogSegment(385)) - 399079f7-1eb1-4f37-b003-267572525934@group-A9BC39F4D113-SegmentedRaftLogWorker: Starting segment from index:0
2019-10-20 18:18:24,941 [399079f7-1eb1-4f37-b003-267572525934@group-A9BC39F4D113-LeaderElection2] INFO  impl.RaftServerImpl (ServerState.java:setRaftConf(357)) - 399079f7-1eb1-4f37-b003-267572525934@group-A9BC39F4D113: set configuration 0: [399079f7-1eb1-4f37-b003-267572525934:192.168.164.241:37762], old=null at 0
2019-10-20 18:18:24,961 [pool-117-thread-1] INFO  storage.RaftStorage (RaftStorage.java:format(84)) - Storage directory /workdir/hadoop-ozone/integration-test/target/test-dir/MiniOzoneClusterImpl-3ef3c7a0-fafa-4375-a23c-18b63a3f56e7/datanode-9/data/ratis/da914f8f-f315-4abf-8fa6-a3aeec4281cc has been successfully formatted.
2019-10-20 18:18:24,961 [pool-117-thread-1] INFO  ratis.ContainerStateMachine (ContainerStateMachine.java:loadSnapshot(231)) - group-A3AEEC4281CC: The snapshot info is null. Setting the last applied indexto:(t:0, i:~)
2019-10-20 18:18:24,961 [pool-117-thread-1] INFO  server.RaftServerConfigKeys (ConfUtils.java:logGet(43)) - raft.server.notification.no-leader.timeout = 120s (custom)
2019-10-20 18:18:24,962 [pool-117-thread-1] INFO  server.RaftServerConfigKeys (ConfUtils.java:logGet(43)) - raft.server.log.use.memory = false (default)
2019-10-20 18:18:24,962 [pool-117-thread-1] INFO  server.RaftServerConfigKeys (ConfUtils.java:logGet(43)) - raft.server.log.purge.gap = 1000000 (custom)
2019-10-20 18:18:24,962 [pool-117-thread-1] INFO  server.RaftServerConfigKeys (ConfUtils.java:logGet(43)) - raft.server.log.appender.buffer.byte-limit = 33554432 (custom)
2019-10-20 18:18:24,962 [pool-117-thread-1] INFO  server.RaftServerConfigKeys (ConfUtils.java:logGet(43)) - raft.server.log.segment.size.max = 1048576 (custom)
2019-10-20 18:18:24,965 [pool-117-thread-1] INFO  server.RaftServerConfigKeys (ConfUtils.java:logGet(43)) - raft.server.log.segment.cache.num.max = 2 (custom)
2019-10-20 18:18:24,965 [pool-117-thread-1] INFO  segmented.SegmentedRaftLogWorker (SegmentedRaftLogWorker.java:<init>(173)) - new 7a43c46a-fc88-4b2d-b2da-ae029cfa60ff@group-A3AEEC4281CC-SegmentedRaftLogWorker for RaftStorage:Storage Directory /workdir/hadoop-ozone/integration-test/target/test-dir/MiniOzoneClusterImpl-3ef3c7a0-fafa-4375-a23c-18b63a3f56e7/datanode-9/data/ratis/da914f8f-f315-4abf-8fa6-a3aeec4281cc
2019-10-20 18:18:24,966 [pool-117-thread-1] INFO  server.RaftServerConfigKeys (ConfUtils.java:logGet(43)) - raft.server.log.queue.byte-limit = 2147483647 (custom)
2019-10-20 18:18:24,966 [pool-117-thread-1] INFO  server.RaftServerConfigKeys (ConfUtils.java:logGet(43)) - raft.server.log.queue.element-limit = 1024 (custom)
2019-10-20 18:18:24,966 [pool-117-thread-1] INFO  server.RaftServerConfigKeys (ConfUtils.java:logGet(43)) - raft.server.log.segment.size.max = 1048576 (custom)
2019-10-20 18:18:24,966 [pool-117-thread-1] INFO  server.RaftServerConfigKeys (ConfUtils.java:logGet(43)) - raft.server.log.preallocated.size = 16384 (custom)
2019-10-20 18:18:24,966 [pool-117-thread-1] INFO  server.RaftServerConfigKeys (ConfUtils.java:logGet(43)) - raft.server.log.write.buffer.size = 33554432 (custom)
2019-10-20 18:18:24,967 [pool-117-thread-1] INFO  server.RaftServerConfigKeys (ConfUtils.java:logGet(43)) - raft.server.log.force.sync.num = 128 (default)
2019-10-20 18:18:24,967 [pool-117-thread-1] INFO  server.RaftServerConfigKeys (ConfUtils.java:logGet(43)) - raft.server.log.statemachine.data.sync = true (default)
2019-10-20 18:18:24,967 [pool-117-thread-1] INFO  server.RaftServerConfigKeys (ConfUtils.java:logGet(43)) - raft.server.log.statemachine.data.sync.timeout = 10s (default)
2019-10-20 18:18:24,967 [pool-117-thread-1] INFO  server.RaftServerConfigKeys (ConfUtils.java:logGet(43)) - raft.server.log.statemachine.data.sync.timeout.retry = -1 (default)
2019-10-20 18:18:24,968 [pool-117-thread-1] INFO  server.RaftServerConfigKeys (ConfUtils.java:logGet(43)) - raft.server.log.statemachine.data.caching.enabled = true (custom)
2019-10-20 18:18:24,968 [pool-117-thread-1] INFO  segmented.SegmentedRaftLogWorker (SegmentedRaftLogWorker.java:lambda$new$0(128)) - 7a43c46a-fc88-4b2d-b2da-ae029cfa60ff@group-A3AEEC4281CC-SegmentedRaftLogWorker: flushIndex: setUnconditionally 0 -> -1
2019-10-20 18:18:24,969 [pool-117-thread-1] INFO  server.RaftServerConfigKeys (ConfUtils.java:logGet(43)) - raft.server.snapshot.auto.trigger.enabled = true (custom)
2019-10-20 18:18:24,969 [pool-117-thread-1] INFO  server.RaftServerConfigKeys (ConfUtils.java:logGet(43)) - raft.server.snapshot.auto.trigger.threshold = 10000 (custom)
2019-10-20 18:18:24,969 [pool-117-thread-1] INFO  server.RaftServerConfigKeys (ConfUtils.java:logGet(43)) - raft.server.snapshot.retention.file.num = 5 (custom)
2019-10-20 18:18:24,969 [pool-117-thread-1] INFO  server.RaftServerConfigKeys (ConfUtils.java:logGet(43)) - raft.server.retrycache.expirytime = 600000ms (custom)
2019-10-20 18:18:24,976 [pool-117-thread-1] INFO  impl.RaftServerImpl (RaftServerImpl.java:start(195)) - 7a43c46a-fc88-4b2d-b2da-ae029cfa60ff@group-A3AEEC4281CC: start as a follower, conf=-1: [7a43c46a-fc88-4b2d-b2da-ae029cfa60ff:192.168.164.241:43684], old=null
2019-10-20 18:18:24,976 [pool-117-thread-1] INFO  impl.RaftServerImpl (RaftServerImpl.java:setRole(184)) - 7a43c46a-fc88-4b2d-b2da-ae029cfa60ff@group-A3AEEC4281CC: changes role from      null to FOLLOWER at term 0 for startAsFollower
2019-10-20 18:18:24,976 [pool-117-thread-1] INFO  impl.RoleInfo (RoleInfo.java:updateAndGet(143)) - 7a43c46a-fc88-4b2d-b2da-ae029cfa60ff: start FollowerState
2019-10-20 18:18:24,977 [pool-117-thread-1] INFO  util.JmxRegister (JmxRegister.java:tryRegister(44)) - Successfully registered JMX Bean with object name Ratis:service=RaftServer,group=group-A3AEEC4281CC,id=7a43c46a-fc88-4b2d-b2da-ae029cfa60ff
2019-10-20 18:18:24,992 [RatisPipelineUtilsThread] INFO  pipeline.PipelineStateManager (PipelineStateManager.java:addPipeline(56)) - Created pipeline Pipeline[ Id: da914f8f-f315-4abf-8fa6-a3aeec4281cc, Nodes: 7a43c46a-fc88-4b2d-b2da-ae029cfa60ff{ip: 192.168.164.241, host: pr-hdds-2334-8x2sg-1875309799, networkLocation: /default-rack, certSerialId: null}, Type:RATIS, Factor:ONE, State:OPEN]
2019-10-20 18:18:25,012 [grpc-default-executor-0] INFO  impl.RaftServerProxy (RaftServerProxy.java:addNew(89)) - 6c5c38af-62e6-4ea7-a24a-078dcb28fb39: addNew group-40F5B3DD29D6:[6c5c38af-62e6-4ea7-a24a-078dcb28fb39:192.168.164.241:45428] returns group-40F5B3DD29D6:java.util.concurrent.CompletableFuture@427ea668[Not completed]
2019-10-20 18:18:25,017 [pool-57-thread-1] INFO  impl.RaftServerImpl (RaftServerImpl.java:<init>(104)) - 6c5c38af-62e6-4ea7-a24a-078dcb28fb39: new RaftServerImpl for group-40F5B3DD29D6:[6c5c38af-62e6-4ea7-a24a-078dcb28fb39:192.168.164.241:45428] with ContainerStateMachine:uninitialized
2019-10-20 18:18:25,017 [pool-57-thread-1] INFO  server.RaftServerConfigKeys (ConfUtils.java:logGet(43)) - raft.server.rpc.timeout.min = 1s (custom)
2019-10-20 18:18:25,017 [pool-57-thread-1] INFO  server.RaftServerConfigKeys (ConfUtils.java:logGet(43)) - raft.server.rpc.timeout.max = 1200ms (custom)
2019-10-20 18:18:25,017 [pool-57-thread-1] INFO  server.RaftServerConfigKeys (ConfUtils.java:logGet(43)) - raft.server.rpcslowness.timeout = 120s (custom)
2019-10-20 18:18:25,018 [pool-57-thread-1] INFO  server.RaftServerConfigKeys (ConfUtils.java:logGet(43)) - raft.server.sleep.deviation.threshold = 300 (default)
2019-10-20 18:18:25,018 [pool-57-thread-1] INFO  server.RaftServerConfigKeys (ConfUtils.java:logGet(43)) - raft.server.log.appender.install.snapshot.enabled = false (custom)
2019-10-20 18:18:25,018 [pool-57-thread-1] INFO  impl.RaftServerImpl (ServerState.java:<init>(103)) - 6c5c38af-62e6-4ea7-a24a-078dcb28fb39@group-40F5B3DD29D6: ConfigurationManager, init=-1: [6c5c38af-62e6-4ea7-a24a-078dcb28fb39:192.168.164.241:45428], old=null, confs=<EMPTY_MAP>
2019-10-20 18:18:25,018 [pool-57-thread-1] INFO  server.RaftServerConfigKeys (ConfUtils.java:logGet(43)) - raft.server.storage.dir = [/workdir/hadoop-ozone/integration-test/target/test-dir/MiniOzoneClusterImpl-3ef3c7a0-fafa-4375-a23c-18b63a3f56e7/datanode-3/data/ratis] (custom)
2019-10-20 18:18:25,019 [pool-57-thread-1] INFO  server.RaftServerConfigKeys (ConfUtils.java:logGet(43)) - raft.server.log.corruption.policy = EXCEPTION (default)
2019-10-20 18:18:25,019 [pool-57-thread-1] INFO  storage.RaftStorageDirectory (RaftStorageDirectory.java:analyzeStorage(246)) - The storage directory /workdir/hadoop-ozone/integration-test/target/test-dir/MiniOzoneClusterImpl-3ef3c7a0-fafa-4375-a23c-18b63a3f56e7/datanode-3/data/ratis/8c515287-be15-4f03-9bc2-40f5b3dd29d6 does not exist. Creating ...
2019-10-20 18:18:25,045 [pool-57-thread-1] INFO  storage.RaftStorageDirectory (RaftStorageDirectory.java:tryLock(328)) - Lock on /workdir/hadoop-ozone/integration-test/target/test-dir/MiniOzoneClusterImpl-3ef3c7a0-fafa-4375-a23c-18b63a3f56e7/datanode-3/data/ratis/8c515287-be15-4f03-9bc2-40f5b3dd29d6/in_use.lock acquired by nodename 6969@pr-hdds-2334-8x2sg-1875309799
2019-10-20 18:18:25,062 [pool-57-thread-1] INFO  storage.RaftStorage (RaftStorage.java:format(84)) - Storage directory /workdir/hadoop-ozone/integration-test/target/test-dir/MiniOzoneClusterImpl-3ef3c7a0-fafa-4375-a23c-18b63a3f56e7/datanode-3/data/ratis/8c515287-be15-4f03-9bc2-40f5b3dd29d6 has been successfully formatted.
2019-10-20 18:18:25,063 [pool-57-thread-1] INFO  ratis.ContainerStateMachine (ContainerStateMachine.java:loadSnapshot(231)) - group-40F5B3DD29D6: The snapshot info is null. Setting the last applied indexto:(t:0, i:~)
2019-10-20 18:18:25,063 [pool-57-thread-1] INFO  server.RaftServerConfigKeys (ConfUtils.java:logGet(43)) - raft.server.notification.no-leader.timeout = 120s (custom)
2019-10-20 18:18:25,063 [pool-57-thread-1] INFO  server.RaftServerConfigKeys (ConfUtils.java:logGet(43)) - raft.server.log.use.memory = false (default)
2019-10-20 18:18:25,063 [pool-57-thread-1] INFO  server.RaftServerConfigKeys (ConfUtils.java:logGet(43)) - raft.server.log.purge.gap = 1000000 (custom)
2019-10-20 18:18:25,064 [pool-57-thread-1] INFO  server.RaftServerConfigKeys (ConfUtils.java:logGet(43)) - raft.server.log.appender.buffer.byte-limit = 33554432 (custom)
2019-10-20 18:18:25,064 [pool-57-thread-1] INFO  server.RaftServerConfigKeys (ConfUtils.java:logGet(43)) - raft.server.log.segment.size.max = 1048576 (custom)
2019-10-20 18:18:25,067 [pool-57-thread-1] INFO  server.RaftServerConfigKeys (ConfUtils.java:logGet(43)) - raft.server.log.segment.cache.num.max = 2 (custom)
2019-10-20 18:18:25,067 [pool-57-thread-1] INFO  segmented.SegmentedRaftLogWorker (SegmentedRaftLogWorker.java:<init>(173)) - new 6c5c38af-62e6-4ea7-a24a-078dcb28fb39@group-40F5B3DD29D6-SegmentedRaftLogWorker for RaftStorage:Storage Directory /workdir/hadoop-ozone/integration-test/target/test-dir/MiniOzoneClusterImpl-3ef3c7a0-fafa-4375-a23c-18b63a3f56e7/datanode-3/data/ratis/8c515287-be15-4f03-9bc2-40f5b3dd29d6
2019-10-20 18:18:25,067 [pool-57-thread-1] INFO  server.RaftServerConfigKeys (ConfUtils.java:logGet(43)) - raft.server.log.queue.byte-limit = 2147483647 (custom)
2019-10-20 18:18:25,067 [pool-57-thread-1] INFO  server.RaftServerConfigKeys (ConfUtils.java:logGet(43)) - raft.server.log.queue.element-limit = 1024 (custom)
2019-10-20 18:18:25,067 [pool-57-thread-1] INFO  server.RaftServerConfigKeys (ConfUtils.java:logGet(43)) - raft.server.log.segment.size.max = 1048576 (custom)
2019-10-20 18:18:25,068 [pool-57-thread-1] INFO  server.RaftServerConfigKeys (ConfUtils.java:logGet(43)) - raft.server.log.preallocated.size = 16384 (custom)
2019-10-20 18:18:25,068 [pool-57-thread-1] INFO  server.RaftServerConfigKeys (ConfUtils.java:logGet(43)) - raft.server.log.write.buffer.size = 33554432 (custom)
2019-10-20 18:18:25,068 [pool-57-thread-1] INFO  server.RaftServerConfigKeys (ConfUtils.java:logGet(43)) - raft.server.log.force.sync.num = 128 (default)
2019-10-20 18:18:25,068 [pool-57-thread-1] INFO  server.RaftServerConfigKeys (ConfUtils.java:logGet(43)) - raft.server.log.statemachine.data.sync = true (default)
2019-10-20 18:18:25,068 [pool-57-thread-1] INFO  server.RaftServerConfigKeys (ConfUtils.java:logGet(43)) - raft.server.log.statemachine.data.sync.timeout = 10s (default)
2019-10-20 18:18:25,068 [pool-57-thread-1] INFO  server.RaftServerConfigKeys (ConfUtils.java:logGet(43)) - raft.server.log.statemachine.data.sync.timeout.retry = -1 (default)
2019-10-20 18:18:25,069 [pool-57-thread-1] INFO  server.RaftServerConfigKeys (ConfUtils.java:logGet(43)) - raft.server.log.statemachine.data.caching.enabled = true (custom)
2019-10-20 18:18:25,071 [pool-57-thread-1] INFO  segmented.SegmentedRaftLogWorker (SegmentedRaftLogWorker.java:lambda$new$0(128)) - 6c5c38af-62e6-4ea7-a24a-078dcb28fb39@group-40F5B3DD29D6-SegmentedRaftLogWorker: flushIndex: setUnconditionally 0 -> -1
2019-10-20 18:18:25,071 [pool-57-thread-1] INFO  server.RaftServerConfigKeys (ConfUtils.java:logGet(43)) - raft.server.snapshot.auto.trigger.enabled = true (custom)
2019-10-20 18:18:25,072 [pool-57-thread-1] INFO  server.RaftServerConfigKeys (ConfUtils.java:logGet(43)) - raft.server.snapshot.auto.trigger.threshold = 10000 (custom)
2019-10-20 18:18:25,072 [pool-57-thread-1] INFO  server.RaftServerConfigKeys (ConfUtils.java:logGet(43)) - raft.server.snapshot.retention.file.num = 5 (custom)
2019-10-20 18:18:25,072 [pool-57-thread-1] INFO  server.RaftServerConfigKeys (ConfUtils.java:logGet(43)) - raft.server.retrycache.expirytime = 600000ms (custom)
2019-10-20 18:18:25,076 [Thread-295] INFO  impl.FollowerState (FollowerState.java:run(108)) - 7a43c46a-fc88-4b2d-b2da-ae029cfa60ff@group-A3AEEC4281CC-FollowerState: change to CANDIDATE, lastRpcTime:99ms, electionTimeout:99ms
2019-10-20 18:18:25,076 [Thread-295] INFO  impl.RoleInfo (RoleInfo.java:shutdownFollowerState(121)) - 7a43c46a-fc88-4b2d-b2da-ae029cfa60ff: shutdown FollowerState
2019-10-20 18:18:25,076 [Thread-295] INFO  impl.RaftServerImpl (RaftServerImpl.java:setRole(184)) - 7a43c46a-fc88-4b2d-b2da-ae029cfa60ff@group-A3AEEC4281CC: changes role from  FOLLOWER to CANDIDATE at term 0 for changeToCandidate
2019-10-20 18:18:25,077 [Thread-295] INFO  impl.RoleInfo (RoleInfo.java:updateAndGet(143)) - 7a43c46a-fc88-4b2d-b2da-ae029cfa60ff: start LeaderElection
2019-10-20 18:18:25,081 [pool-57-thread-1] INFO  impl.RaftServerImpl (RaftServerImpl.java:start(195)) - 6c5c38af-62e6-4ea7-a24a-078dcb28fb39@group-40F5B3DD29D6: start as a follower, conf=-1: [6c5c38af-62e6-4ea7-a24a-078dcb28fb39:192.168.164.241:45428], old=null
2019-10-20 18:18:25,081 [pool-57-thread-1] INFO  impl.RaftServerImpl (RaftServerImpl.java:setRole(184)) - 6c5c38af-62e6-4ea7-a24a-078dcb28fb39@group-40F5B3DD29D6: changes role from      null to FOLLOWER at term 0 for startAsFollower
2019-10-20 18:18:25,081 [pool-57-thread-1] INFO  impl.RoleInfo (RoleInfo.java:updateAndGet(143)) - 6c5c38af-62e6-4ea7-a24a-078dcb28fb39: start FollowerState
2019-10-20 18:18:25,082 [pool-57-thread-1] INFO  util.JmxRegister (JmxRegister.java:tryRegister(44)) - Successfully registered JMX Bean with object name Ratis:service=RaftServer,group=group-40F5B3DD29D6,id=6c5c38af-62e6-4ea7-a24a-078dcb28fb39
2019-10-20 18:18:25,103 [RatisPipelineUtilsThread] INFO  pipeline.PipelineStateManager (PipelineStateManager.java:addPipeline(56)) - Created pipeline Pipeline[ Id: 8c515287-be15-4f03-9bc2-40f5b3dd29d6, Nodes: 6c5c38af-62e6-4ea7-a24a-078dcb28fb39{ip: 192.168.164.241, host: pr-hdds-2334-8x2sg-1875309799, networkLocation: /default-rack, certSerialId: null}, Type:RATIS, Factor:ONE, State:OPEN]
2019-10-20 18:18:25,105 [7a43c46a-fc88-4b2d-b2da-ae029cfa60ff@group-A3AEEC4281CC-LeaderElection3] INFO  impl.LeaderElection (LeaderElection.java:askForVotes(178)) - 7a43c46a-fc88-4b2d-b2da-ae029cfa60ff@group-A3AEEC4281CC-LeaderElection3: begin an election at term 1 for -1: [7a43c46a-fc88-4b2d-b2da-ae029cfa60ff:192.168.164.241:43684], old=null
2019-10-20 18:18:25,106 [7a43c46a-fc88-4b2d-b2da-ae029cfa60ff@group-A3AEEC4281CC-LeaderElection3] INFO  impl.RoleInfo (RoleInfo.java:shutdownLeaderElection(134)) - 7a43c46a-fc88-4b2d-b2da-ae029cfa60ff: shutdown LeaderElection
2019-10-20 18:18:25,107 [7a43c46a-fc88-4b2d-b2da-ae029cfa60ff@group-A3AEEC4281CC-LeaderElection3] INFO  impl.RaftServerImpl (RaftServerImpl.java:setRole(184)) - 7a43c46a-fc88-4b2d-b2da-ae029cfa60ff@group-A3AEEC4281CC: changes role from CANDIDATE to LEADER at term 1 for changeToLeader
2019-10-20 18:18:25,107 [7a43c46a-fc88-4b2d-b2da-ae029cfa60ff@group-A3AEEC4281CC-LeaderElection3] INFO  impl.RaftServerImpl (ServerState.java:setLeader(256)) - 7a43c46a-fc88-4b2d-b2da-ae029cfa60ff@group-A3AEEC4281CC: change Leader from null to 7a43c46a-fc88-4b2d-b2da-ae029cfa60ff at term 1 for becomeLeader, leader elected after 145ms
2019-10-20 18:18:25,108 [7a43c46a-fc88-4b2d-b2da-ae029cfa60ff@group-A3AEEC4281CC-LeaderElection3] INFO  server.RaftServerConfigKeys (ConfUtils.java:logGet(43)) - raft.server.staging.catchup.gap = 1000 (default)
2019-10-20 18:18:25,108 [7a43c46a-fc88-4b2d-b2da-ae029cfa60ff@group-A3AEEC4281CC-LeaderElection3] INFO  server.RaftServerConfigKeys (ConfUtils.java:logGet(43)) - raft.server.rpc.sleep.time = 25ms (default)
2019-10-20 18:18:25,111 [7a43c46a-fc88-4b2d-b2da-ae029cfa60ff@group-A3AEEC4281CC-LeaderElection3] INFO  server.RaftServerConfigKeys (ConfUtils.java:logGet(43)) - raft.server.write.element-limit = 4096 (default)
2019-10-20 18:18:25,111 [7a43c46a-fc88-4b2d-b2da-ae029cfa60ff@group-A3AEEC4281CC-LeaderElection3] INFO  server.RaftServerConfigKeys (ConfUtils.java:logGet(43)) - raft.server.watch.timeout = 10s (default)
2019-10-20 18:18:25,111 [7a43c46a-fc88-4b2d-b2da-ae029cfa60ff@group-A3AEEC4281CC-LeaderElection3] INFO  server.RaftServerConfigKeys (ConfUtils.java:logGet(43)) - raft.server.watch.timeout.denomination = 1s (default)
2019-10-20 18:18:25,112 [7a43c46a-fc88-4b2d-b2da-ae029cfa60ff@group-A3AEEC4281CC-LeaderElection3] INFO  server.RaftServerConfigKeys (ConfUtils.java:logGet(43)) - raft.server.watch.element-limit = 65536 (default)
2019-10-20 18:18:25,117 [7a43c46a-fc88-4b2d-b2da-ae029cfa60ff@group-A3AEEC4281CC-LeaderElection3] INFO  impl.RoleInfo (RoleInfo.java:updateAndGet(143)) - 7a43c46a-fc88-4b2d-b2da-ae029cfa60ff: start LeaderState
2019-10-20 18:18:25,117 [7a43c46a-fc88-4b2d-b2da-ae029cfa60ff@group-A3AEEC4281CC-LeaderElection3] INFO  segmented.SegmentedRaftLogWorker (SegmentedRaftLogWorker.java:startLogSegment(385)) - 7a43c46a-fc88-4b2d-b2da-ae029cfa60ff@group-A3AEEC4281CC-SegmentedRaftLogWorker: Starting segment from index:0
2019-10-20 18:18:25,118 [7a43c46a-fc88-4b2d-b2da-ae029cfa60ff@group-A3AEEC4281CC-LeaderElection3] INFO  impl.RaftServerImpl (ServerState.java:setRaftConf(357)) - 7a43c46a-fc88-4b2d-b2da-ae029cfa60ff@group-A3AEEC4281CC: set configuration 0: [7a43c46a-fc88-4b2d-b2da-ae029cfa60ff:192.168.164.241:43684], old=null at 0
2019-10-20 18:18:25,124 [grpc-default-executor-0] INFO  impl.RaftServerProxy (RaftServerProxy.java:addNew(89)) - 3750b3a2-715b-46b3-9d0c-9e38136244b9: addNew group-015001B11350:[3750b3a2-715b-46b3-9d0c-9e38136244b9:192.168.164.241:46227] returns group-015001B11350:java.util.concurrent.CompletableFuture@29e4877f[Not completed]
2019-10-20 18:18:25,128 [pool-47-thread-1] INFO  impl.RaftServerImpl (RaftServerImpl.java:<init>(104)) - 3750b3a2-715b-46b3-9d0c-9e38136244b9: new RaftServerImpl for group-015001B11350:[3750b3a2-715b-46b3-9d0c-9e38136244b9:192.168.164.241:46227] with ContainerStateMachine:uninitialized
2019-10-20 18:18:25,129 [pool-47-thread-1] INFO  server.RaftServerConfigKeys (ConfUtils.java:logGet(43)) - raft.server.rpc.timeout.min = 1s (custom)
2019-10-20 18:18:25,129 [pool-47-thread-1] INFO  server.RaftServerConfigKeys (ConfUtils.java:logGet(43)) - raft.server.rpc.timeout.max = 1200ms (custom)
2019-10-20 18:18:25,129 [pool-47-thread-1] INFO  server.RaftServerConfigKeys (ConfUtils.java:logGet(43)) - raft.server.rpcslowness.timeout = 120s (custom)
2019-10-20 18:18:25,129 [pool-47-thread-1] INFO  server.RaftServerConfigKeys (ConfUtils.java:logGet(43)) - raft.server.sleep.deviation.threshold = 300 (default)
2019-10-20 18:18:25,129 [pool-47-thread-1] INFO  server.RaftServerConfigKeys (ConfUtils.java:logGet(43)) - raft.server.log.appender.install.snapshot.enabled = false (custom)
2019-10-20 18:18:25,129 [pool-47-thread-1] INFO  impl.RaftServerImpl (ServerState.java:<init>(103)) - 3750b3a2-715b-46b3-9d0c-9e38136244b9@group-015001B11350: ConfigurationManager, init=-1: [3750b3a2-715b-46b3-9d0c-9e38136244b9:192.168.164.241:46227], old=null, confs=<EMPTY_MAP>
2019-10-20 18:18:25,129 [pool-47-thread-1] INFO  server.RaftServerConfigKeys (ConfUtils.java:logGet(43)) - raft.server.storage.dir = [/workdir/hadoop-ozone/integration-test/target/test-dir/MiniOzoneClusterImpl-3ef3c7a0-fafa-4375-a23c-18b63a3f56e7/datanode-2/data/ratis] (custom)
2019-10-20 18:18:25,130 [pool-47-thread-1] INFO  server.RaftServerConfigKeys (ConfUtils.java:logGet(43)) - raft.server.log.corruption.policy = EXCEPTION (default)
2019-10-20 18:18:25,130 [pool-47-thread-1] INFO  storage.RaftStorageDirectory (RaftStorageDirectory.java:analyzeStorage(246)) - The storage directory /workdir/hadoop-ozone/integration-test/target/test-dir/MiniOzoneClusterImpl-3ef3c7a0-fafa-4375-a23c-18b63a3f56e7/datanode-2/data/ratis/21da8c1e-f628-4bbd-ba83-015001b11350 does not exist. Creating ...
2019-10-20 18:18:25,155 [pool-47-thread-1] INFO  storage.RaftStorageDirectory (RaftStorageDirectory.java:tryLock(328)) - Lock on /workdir/hadoop-ozone/integration-test/target/test-dir/MiniOzoneClusterImpl-3ef3c7a0-fafa-4375-a23c-18b63a3f56e7/datanode-2/data/ratis/21da8c1e-f628-4bbd-ba83-015001b11350/in_use.lock acquired by nodename 6969@pr-hdds-2334-8x2sg-1875309799
2019-10-20 18:18:25,215 [Thread-299] INFO  impl.FollowerState (FollowerState.java:run(108)) - 6c5c38af-62e6-4ea7-a24a-078dcb28fb39@group-40F5B3DD29D6-FollowerState: change to CANDIDATE, lastRpcTime:133ms, electionTimeout:126ms
2019-10-20 18:18:25,220 [Thread-299] INFO  impl.RoleInfo (RoleInfo.java:shutdownFollowerState(121)) - 6c5c38af-62e6-4ea7-a24a-078dcb28fb39: shutdown FollowerState
2019-10-20 18:18:25,226 [Thread-299] INFO  impl.RaftServerImpl (RaftServerImpl.java:setRole(184)) - 6c5c38af-62e6-4ea7-a24a-078dcb28fb39@group-40F5B3DD29D6: changes role from  FOLLOWER to CANDIDATE at term 0 for changeToCandidate
2019-10-20 18:18:25,228 [Thread-299] INFO  impl.RoleInfo (RoleInfo.java:updateAndGet(143)) - 6c5c38af-62e6-4ea7-a24a-078dcb28fb39: start LeaderElection
2019-10-20 18:18:25,297 [b75f8b2e-6273-4c97-b7c5-042674931d23@group-846F3047E7A2-SegmentedRaftLogWorker] INFO  segmented.SegmentedRaftLogWorker (SegmentedRaftLogWorker.java:execute(576)) - b75f8b2e-6273-4c97-b7c5-042674931d23@group-846F3047E7A2-SegmentedRaftLogWorker: created new log segment /workdir/hadoop-ozone/integration-test/target/test-dir/MiniOzoneClusterImpl-3ef3c7a0-fafa-4375-a23c-18b63a3f56e7/datanode-0/data/ratis/b7558ecd-8bf7-430b-9d63-846f3047e7a2/current/log_inprogress_0
2019-10-20 18:18:25,297 [7a43c46a-fc88-4b2d-b2da-ae029cfa60ff@group-A3AEEC4281CC-SegmentedRaftLogWorker] INFO  segmented.SegmentedRaftLogWorker (SegmentedRaftLogWorker.java:execute(576)) - 7a43c46a-fc88-4b2d-b2da-ae029cfa60ff@group-A3AEEC4281CC-SegmentedRaftLogWorker: created new log segment /workdir/hadoop-ozone/integration-test/target/test-dir/MiniOzoneClusterImpl-3ef3c7a0-fafa-4375-a23c-18b63a3f56e7/datanode-9/data/ratis/da914f8f-f315-4abf-8fa6-a3aeec4281cc/current/log_inprogress_0
2019-10-20 18:18:25,297 [399079f7-1eb1-4f37-b003-267572525934@group-A9BC39F4D113-SegmentedRaftLogWorker] INFO  segmented.SegmentedRaftLogWorker (SegmentedRaftLogWorker.java:execute(576)) - 399079f7-1eb1-4f37-b003-267572525934@group-A9BC39F4D113-SegmentedRaftLogWorker: created new log segment /workdir/hadoop-ozone/integration-test/target/test-dir/MiniOzoneClusterImpl-3ef3c7a0-fafa-4375-a23c-18b63a3f56e7/datanode-4/data/ratis/f0130ed6-02f7-4f82-8cc3-a9bc39f4d113/current/log_inprogress_0
2019-10-20 18:18:25,298 [pool-47-thread-1] INFO  storage.RaftStorage (RaftStorage.java:format(84)) - Storage directory /workdir/hadoop-ozone/integration-test/target/test-dir/MiniOzoneClusterImpl-3ef3c7a0-fafa-4375-a23c-18b63a3f56e7/datanode-2/data/ratis/21da8c1e-f628-4bbd-ba83-015001b11350 has been successfully formatted.
2019-10-20 18:18:25,298 [6c5c38af-62e6-4ea7-a24a-078dcb28fb39@group-40F5B3DD29D6-LeaderElection4] INFO  impl.LeaderElection (LeaderElection.java:askForVotes(178)) - 6c5c38af-62e6-4ea7-a24a-078dcb28fb39@group-40F5B3DD29D6-LeaderElection4: begin an election at term 1 for -1: [6c5c38af-62e6-4ea7-a24a-078dcb28fb39:192.168.164.241:45428], old=null
2019-10-20 18:18:25,299 [pool-47-thread-1] INFO  ratis.ContainerStateMachine (ContainerStateMachine.java:loadSnapshot(231)) - group-015001B11350: The snapshot info is null. Setting the last applied indexto:(t:0, i:~)
2019-10-20 18:18:25,299 [6c5c38af-62e6-4ea7-a24a-078dcb28fb39@group-40F5B3DD29D6-LeaderElection4] INFO  impl.RoleInfo (RoleInfo.java:shutdownLeaderElection(134)) - 6c5c38af-62e6-4ea7-a24a-078dcb28fb39: shutdown LeaderElection
2019-10-20 18:18:25,299 [pool-47-thread-1] INFO  server.RaftServerConfigKeys (ConfUtils.java:logGet(43)) - raft.server.notification.no-leader.timeout = 120s (custom)
2019-10-20 18:18:25,299 [6c5c38af-62e6-4ea7-a24a-078dcb28fb39@group-40F5B3DD29D6-LeaderElection4] INFO  impl.RaftServerImpl (RaftServerImpl.java:setRole(184)) - 6c5c38af-62e6-4ea7-a24a-078dcb28fb39@group-40F5B3DD29D6: changes role from CANDIDATE to LEADER at term 1 for changeToLeader
2019-10-20 18:18:25,299 [pool-47-thread-1] INFO  server.RaftServerConfigKeys (ConfUtils.java:logGet(43)) - raft.server.log.use.memory = false (default)
2019-10-20 18:18:25,299 [6c5c38af-62e6-4ea7-a24a-078dcb28fb39@group-40F5B3DD29D6-LeaderElection4] INFO  impl.RaftServerImpl (ServerState.java:setLeader(256)) - 6c5c38af-62e6-4ea7-a24a-078dcb28fb39@group-40F5B3DD29D6: change Leader from null to 6c5c38af-62e6-4ea7-a24a-078dcb28fb39 at term 1 for becomeLeader, leader elected after 236ms
2019-10-20 18:18:25,300 [pool-47-thread-1] INFO  server.RaftServerConfigKeys (ConfUtils.java:logGet(43)) - raft.server.log.purge.gap = 1000000 (custom)
2019-10-20 18:18:25,301 [6c5c38af-62e6-4ea7-a24a-078dcb28fb39@group-40F5B3DD29D6-LeaderElection4] INFO  server.RaftServerConfigKeys (ConfUtils.java:logGet(43)) - raft.server.staging.catchup.gap = 1000 (default)
2019-10-20 18:18:25,301 [pool-47-thread-1] INFO  server.RaftServerConfigKeys (ConfUtils.java:logGet(43)) - raft.server.log.appender.buffer.byte-limit = 33554432 (custom)
2019-10-20 18:18:25,302 [6c5c38af-62e6-4ea7-a24a-078dcb28fb39@group-40F5B3DD29D6-LeaderElection4] INFO  server.RaftServerConfigKeys (ConfUtils.java:logGet(43)) - raft.server.rpc.sleep.time = 25ms (default)
2019-10-20 18:18:25,302 [pool-47-thread-1] INFO  server.RaftServerConfigKeys (ConfUtils.java:logGet(43)) - raft.server.log.segment.size.max = 1048576 (custom)
2019-10-20 18:18:25,302 [6c5c38af-62e6-4ea7-a24a-078dcb28fb39@group-40F5B3DD29D6-LeaderElection4] INFO  server.RaftServerConfigKeys (ConfUtils.java:logGet(43)) - raft.server.write.element-limit = 4096 (default)
2019-10-20 18:18:25,302 [6c5c38af-62e6-4ea7-a24a-078dcb28fb39@group-40F5B3DD29D6-LeaderElection4] INFO  server.RaftServerConfigKeys (ConfUtils.java:logGet(43)) - raft.server.watch.timeout = 10s (default)
2019-10-20 18:18:25,302 [6c5c38af-62e6-4ea7-a24a-078dcb28fb39@group-40F5B3DD29D6-LeaderElection4] INFO  server.RaftServerConfigKeys (ConfUtils.java:logGet(43)) - raft.server.watch.timeout.denomination = 1s (default)
2019-10-20 18:18:25,303 [6c5c38af-62e6-4ea7-a24a-078dcb28fb39@group-40F5B3DD29D6-LeaderElection4] INFO  server.RaftServerConfigKeys (ConfUtils.java:logGet(43)) - raft.server.watch.element-limit = 65536 (default)
2019-10-20 18:18:25,305 [pool-47-thread-1] INFO  server.RaftServerConfigKeys (ConfUtils.java:logGet(43)) - raft.server.log.segment.cache.num.max = 2 (custom)
2019-10-20 18:18:25,306 [pool-47-thread-1] INFO  segmented.SegmentedRaftLogWorker (SegmentedRaftLogWorker.java:<init>(173)) - new 3750b3a2-715b-46b3-9d0c-9e38136244b9@group-015001B11350-SegmentedRaftLogWorker for RaftStorage:Storage Directory /workdir/hadoop-ozone/integration-test/target/test-dir/MiniOzoneClusterImpl-3ef3c7a0-fafa-4375-a23c-18b63a3f56e7/datanode-2/data/ratis/21da8c1e-f628-4bbd-ba83-015001b11350
2019-10-20 18:18:25,306 [pool-47-thread-1] INFO  server.RaftServerConfigKeys (ConfUtils.java:logGet(43)) - raft.server.log.queue.byte-limit = 2147483647 (custom)
2019-10-20 18:18:25,306 [pool-47-thread-1] INFO  server.RaftServerConfigKeys (ConfUtils.java:logGet(43)) - raft.server.log.queue.element-limit = 1024 (custom)
2019-10-20 18:18:25,306 [pool-47-thread-1] INFO  server.RaftServerConfigKeys (ConfUtils.java:logGet(43)) - raft.server.log.segment.size.max = 1048576 (custom)
2019-10-20 18:18:25,306 [6c5c38af-62e6-4ea7-a24a-078dcb28fb39@group-40F5B3DD29D6-LeaderElection4] INFO  impl.RoleInfo (RoleInfo.java:updateAndGet(143)) - 6c5c38af-62e6-4ea7-a24a-078dcb28fb39: start LeaderState
2019-10-20 18:18:25,306 [pool-47-thread-1] INFO  server.RaftServerConfigKeys (ConfUtils.java:logGet(43)) - raft.server.log.preallocated.size = 16384 (custom)
2019-10-20 18:18:25,307 [pool-47-thread-1] INFO  server.RaftServerConfigKeys (ConfUtils.java:logGet(43)) - raft.server.log.write.buffer.size = 33554432 (custom)
2019-10-20 18:18:25,307 [pool-47-thread-1] INFO  server.RaftServerConfigKeys (ConfUtils.java:logGet(43)) - raft.server.log.force.sync.num = 128 (default)
2019-10-20 18:18:25,307 [6c5c38af-62e6-4ea7-a24a-078dcb28fb39@group-40F5B3DD29D6-LeaderElection4] INFO  segmented.SegmentedRaftLogWorker (SegmentedRaftLogWorker.java:startLogSegment(385)) - 6c5c38af-62e6-4ea7-a24a-078dcb28fb39@group-40F5B3DD29D6-SegmentedRaftLogWorker: Starting segment from index:0
2019-10-20 18:18:25,307 [pool-47-thread-1] INFO  server.RaftServerConfigKeys (ConfUtils.java:logGet(43)) - raft.server.log.statemachine.data.sync = true (default)
2019-10-20 18:18:25,307 [pool-47-thread-1] INFO  server.RaftServerConfigKeys (ConfUtils.java:logGet(43)) - raft.server.log.statemachine.data.sync.timeout = 10s (default)
2019-10-20 18:18:25,307 [pool-47-thread-1] INFO  server.RaftServerConfigKeys (ConfUtils.java:logGet(43)) - raft.server.log.statemachine.data.sync.timeout.retry = -1 (default)
2019-10-20 18:18:25,308 [6c5c38af-62e6-4ea7-a24a-078dcb28fb39@group-40F5B3DD29D6-LeaderElection4] INFO  impl.RaftServerImpl (ServerState.java:setRaftConf(357)) - 6c5c38af-62e6-4ea7-a24a-078dcb28fb39@group-40F5B3DD29D6: set configuration 0: [6c5c38af-62e6-4ea7-a24a-078dcb28fb39:192.168.164.241:45428], old=null at 0
2019-10-20 18:18:25,308 [pool-47-thread-1] INFO  server.RaftServerConfigKeys (ConfUtils.java:logGet(43)) - raft.server.log.statemachine.data.caching.enabled = true (custom)
2019-10-20 18:18:25,314 [pool-47-thread-1] INFO  segmented.SegmentedRaftLogWorker (SegmentedRaftLogWorker.java:lambda$new$0(128)) - 3750b3a2-715b-46b3-9d0c-9e38136244b9@group-015001B11350-SegmentedRaftLogWorker: flushIndex: setUnconditionally 0 -> -1
2019-10-20 18:18:25,315 [pool-47-thread-1] INFO  server.RaftServerConfigKeys (ConfUtils.java:logGet(43)) - raft.server.snapshot.auto.trigger.enabled = true (custom)
2019-10-20 18:18:25,315 [pool-47-thread-1] INFO  server.RaftServerConfigKeys (ConfUtils.java:logGet(43)) - raft.server.snapshot.auto.trigger.threshold = 10000 (custom)
2019-10-20 18:18:25,315 [pool-47-thread-1] INFO  server.RaftServerConfigKeys (ConfUtils.java:logGet(43)) - raft.server.snapshot.retention.file.num = 5 (custom)
2019-10-20 18:18:25,315 [pool-47-thread-1] INFO  server.RaftServerConfigKeys (ConfUtils.java:logGet(43)) - raft.server.retrycache.expirytime = 600000ms (custom)
2019-10-20 18:18:25,321 [pool-47-thread-1] INFO  impl.RaftServerImpl (RaftServerImpl.java:start(195)) - 3750b3a2-715b-46b3-9d0c-9e38136244b9@group-015001B11350: start as a follower, conf=-1: [3750b3a2-715b-46b3-9d0c-9e38136244b9:192.168.164.241:46227], old=null
2019-10-20 18:18:25,321 [pool-47-thread-1] INFO  impl.RaftServerImpl (RaftServerImpl.java:setRole(184)) - 3750b3a2-715b-46b3-9d0c-9e38136244b9@group-015001B11350: changes role from      null to FOLLOWER at term 0 for startAsFollower
2019-10-20 18:18:25,321 [pool-47-thread-1] INFO  impl.RoleInfo (RoleInfo.java:updateAndGet(143)) - 3750b3a2-715b-46b3-9d0c-9e38136244b9: start FollowerState
2019-10-20 18:18:25,322 [pool-47-thread-1] INFO  util.JmxRegister (JmxRegister.java:tryRegister(44)) - Successfully registered JMX Bean with object name Ratis:service=RaftServer,group=group-015001B11350,id=3750b3a2-715b-46b3-9d0c-9e38136244b9
2019-10-20 18:18:25,354 [RatisPipelineUtilsThread] INFO  pipeline.PipelineStateManager (PipelineStateManager.java:addPipeline(56)) - Created pipeline Pipeline[ Id: 21da8c1e-f628-4bbd-ba83-015001b11350, Nodes: 3750b3a2-715b-46b3-9d0c-9e38136244b9{ip: 192.168.164.241, host: pr-hdds-2334-8x2sg-1875309799, networkLocation: /default-rack, certSerialId: null}, Type:RATIS, Factor:ONE, State:OPEN]
2019-10-20 18:18:25,369 [6c5c38af-62e6-4ea7-a24a-078dcb28fb39@group-40F5B3DD29D6-SegmentedRaftLogWorker] INFO  segmented.SegmentedRaftLogWorker (SegmentedRaftLogWorker.java:execute(576)) - 6c5c38af-62e6-4ea7-a24a-078dcb28fb39@group-40F5B3DD29D6-SegmentedRaftLogWorker: created new log segment /workdir/hadoop-ozone/integration-test/target/test-dir/MiniOzoneClusterImpl-3ef3c7a0-fafa-4375-a23c-18b63a3f56e7/datanode-3/data/ratis/8c515287-be15-4f03-9bc2-40f5b3dd29d6/current/log_inprogress_0
2019-10-20 18:18:25,372 [Thread-305] INFO  impl.FollowerState (FollowerState.java:run(108)) - 3750b3a2-715b-46b3-9d0c-9e38136244b9@group-015001B11350-FollowerState: change to CANDIDATE, lastRpcTime:51ms, electionTimeout:49ms
2019-10-20 18:18:25,373 [Thread-305] INFO  impl.RoleInfo (RoleInfo.java:shutdownFollowerState(121)) - 3750b3a2-715b-46b3-9d0c-9e38136244b9: shutdown FollowerState
2019-10-20 18:18:25,373 [Thread-305] INFO  impl.RaftServerImpl (RaftServerImpl.java:setRole(184)) - 3750b3a2-715b-46b3-9d0c-9e38136244b9@group-015001B11350: changes role from  FOLLOWER to CANDIDATE at term 0 for changeToCandidate
2019-10-20 18:18:25,373 [Thread-305] INFO  impl.RoleInfo (RoleInfo.java:updateAndGet(143)) - 3750b3a2-715b-46b3-9d0c-9e38136244b9: start LeaderElection
2019-10-20 18:18:25,385 [grpc-default-executor-0] INFO  impl.RaftServerProxy (RaftServerProxy.java:addNew(89)) - 6ef27e9c-8ddb-4fa1-8c14-ab102acfb1b8: addNew group-D88418BE99F6:[6ef27e9c-8ddb-4fa1-8c14-ab102acfb1b8:192.168.164.241:38092] returns group-D88418BE99F6:java.util.concurrent.CompletableFuture@5e74974[Not completed]
2019-10-20 18:18:25,391 [pool-97-thread-1] INFO  impl.RaftServerImpl (RaftServerImpl.java:<init>(104)) - 6ef27e9c-8ddb-4fa1-8c14-ab102acfb1b8: new RaftServerImpl for group-D88418BE99F6:[6ef27e9c-8ddb-4fa1-8c14-ab102acfb1b8:192.168.164.241:38092] with ContainerStateMachine:uninitialized
2019-10-20 18:18:25,392 [pool-97-thread-1] INFO  server.RaftServerConfigKeys (ConfUtils.java:logGet(43)) - raft.server.rpc.timeout.min = 1s (custom)
2019-10-20 18:18:25,392 [pool-97-thread-1] INFO  server.RaftServerConfigKeys (ConfUtils.java:logGet(43)) - raft.server.rpc.timeout.max = 1200ms (custom)
2019-10-20 18:18:25,392 [pool-97-thread-1] INFO  server.RaftServerConfigKeys (ConfUtils.java:logGet(43)) - raft.server.rpcslowness.timeout = 120s (custom)
2019-10-20 18:18:25,392 [pool-97-thread-1] INFO  server.RaftServerConfigKeys (ConfUtils.java:logGet(43)) - raft.server.sleep.deviation.threshold = 300 (default)
2019-10-20 18:18:25,393 [pool-97-thread-1] INFO  server.RaftServerConfigKeys (ConfUtils.java:logGet(43)) - raft.server.log.appender.install.snapshot.enabled = false (custom)
2019-10-20 18:18:25,393 [pool-97-thread-1] INFO  impl.RaftServerImpl (ServerState.java:<init>(103)) - 6ef27e9c-8ddb-4fa1-8c14-ab102acfb1b8@group-D88418BE99F6: ConfigurationManager, init=-1: [6ef27e9c-8ddb-4fa1-8c14-ab102acfb1b8:192.168.164.241:38092], old=null, confs=<EMPTY_MAP>
2019-10-20 18:18:25,393 [pool-97-thread-1] INFO  server.RaftServerConfigKeys (ConfUtils.java:logGet(43)) - raft.server.storage.dir = [/workdir/hadoop-ozone/integration-test/target/test-dir/MiniOzoneClusterImpl-3ef3c7a0-fafa-4375-a23c-18b63a3f56e7/datanode-7/data/ratis] (custom)
2019-10-20 18:18:25,394 [pool-97-thread-1] INFO  server.RaftServerConfigKeys (ConfUtils.java:logGet(43)) - raft.server.log.corruption.policy = EXCEPTION (default)
2019-10-20 18:18:25,394 [pool-97-thread-1] INFO  storage.RaftStorageDirectory (RaftStorageDirectory.java:analyzeStorage(246)) - The storage directory /workdir/hadoop-ozone/integration-test/target/test-dir/MiniOzoneClusterImpl-3ef3c7a0-fafa-4375-a23c-18b63a3f56e7/datanode-7/data/ratis/d5865731-e81b-4aef-8775-d88418be99f6 does not exist. Creating ...
2019-10-20 18:18:25,412 [pool-97-thread-1] INFO  storage.RaftStorageDirectory (RaftStorageDirectory.java:tryLock(328)) - Lock on /workdir/hadoop-ozone/integration-test/target/test-dir/MiniOzoneClusterImpl-3ef3c7a0-fafa-4375-a23c-18b63a3f56e7/datanode-7/data/ratis/d5865731-e81b-4aef-8775-d88418be99f6/in_use.lock acquired by nodename 6969@pr-hdds-2334-8x2sg-1875309799
2019-10-20 18:18:25,413 [3750b3a2-715b-46b3-9d0c-9e38136244b9@group-015001B11350-LeaderElection5] INFO  impl.LeaderElection (LeaderElection.java:askForVotes(178)) - 3750b3a2-715b-46b3-9d0c-9e38136244b9@group-015001B11350-LeaderElection5: begin an election at term 1 for -1: [3750b3a2-715b-46b3-9d0c-9e38136244b9:192.168.164.241:46227], old=null
2019-10-20 18:18:25,413 [3750b3a2-715b-46b3-9d0c-9e38136244b9@group-015001B11350-LeaderElection5] INFO  impl.RoleInfo (RoleInfo.java:shutdownLeaderElection(134)) - 3750b3a2-715b-46b3-9d0c-9e38136244b9: shutdown LeaderElection
2019-10-20 18:18:25,413 [3750b3a2-715b-46b3-9d0c-9e38136244b9@group-015001B11350-LeaderElection5] INFO  impl.RaftServerImpl (RaftServerImpl.java:setRole(184)) - 3750b3a2-715b-46b3-9d0c-9e38136244b9@group-015001B11350: changes role from CANDIDATE to LEADER at term 1 for changeToLeader
2019-10-20 18:18:25,413 [3750b3a2-715b-46b3-9d0c-9e38136244b9@group-015001B11350-LeaderElection5] INFO  impl.RaftServerImpl (ServerState.java:setLeader(256)) - 3750b3a2-715b-46b3-9d0c-9e38136244b9@group-015001B11350: change Leader from null to 3750b3a2-715b-46b3-9d0c-9e38136244b9 at term 1 for becomeLeader, leader elected after 114ms
2019-10-20 18:18:25,415 [3750b3a2-715b-46b3-9d0c-9e38136244b9@group-015001B11350-LeaderElection5] INFO  server.RaftServerConfigKeys (ConfUtils.java:logGet(43)) - raft.server.staging.catchup.gap = 1000 (default)
2019-10-20 18:18:25,415 [3750b3a2-715b-46b3-9d0c-9e38136244b9@group-015001B11350-LeaderElection5] INFO  server.RaftServerConfigKeys (ConfUtils.java:logGet(43)) - raft.server.rpc.sleep.time = 25ms (default)
2019-10-20 18:18:25,416 [3750b3a2-715b-46b3-9d0c-9e38136244b9@group-015001B11350-LeaderElection5] INFO  server.RaftServerConfigKeys (ConfUtils.java:logGet(43)) - raft.server.write.element-limit = 4096 (default)
2019-10-20 18:18:25,416 [3750b3a2-715b-46b3-9d0c-9e38136244b9@group-015001B11350-LeaderElection5] INFO  server.RaftServerConfigKeys (ConfUtils.java:logGet(43)) - raft.server.watch.timeout = 10s (default)
2019-10-20 18:18:25,416 [3750b3a2-715b-46b3-9d0c-9e38136244b9@group-015001B11350-LeaderElection5] INFO  server.RaftServerConfigKeys (ConfUtils.java:logGet(43)) - raft.server.watch.timeout.denomination = 1s (default)
2019-10-20 18:18:25,416 [3750b3a2-715b-46b3-9d0c-9e38136244b9@group-015001B11350-LeaderElection5] INFO  server.RaftServerConfigKeys (ConfUtils.java:logGet(43)) - raft.server.watch.element-limit = 65536 (default)
2019-10-20 18:18:25,419 [3750b3a2-715b-46b3-9d0c-9e38136244b9@group-015001B11350-LeaderElection5] INFO  impl.RoleInfo (RoleInfo.java:updateAndGet(143)) - 3750b3a2-715b-46b3-9d0c-9e38136244b9: start LeaderState
2019-10-20 18:18:25,420 [3750b3a2-715b-46b3-9d0c-9e38136244b9@group-015001B11350-LeaderElection5] INFO  segmented.SegmentedRaftLogWorker (SegmentedRaftLogWorker.java:startLogSegment(385)) - 3750b3a2-715b-46b3-9d0c-9e38136244b9@group-015001B11350-SegmentedRaftLogWorker: Starting segment from index:0
2019-10-20 18:18:25,421 [3750b3a2-715b-46b3-9d0c-9e38136244b9@group-015001B11350-LeaderElection5] INFO  impl.RaftServerImpl (ServerState.java:setRaftConf(357)) - 3750b3a2-715b-46b3-9d0c-9e38136244b9@group-015001B11350: set configuration 0: [3750b3a2-715b-46b3-9d0c-9e38136244b9:192.168.164.241:46227], old=null at 0
2019-10-20 18:18:25,430 [pool-97-thread-1] INFO  storage.RaftStorage (RaftStorage.java:format(84)) - Storage directory /workdir/hadoop-ozone/integration-test/target/test-dir/MiniOzoneClusterImpl-3ef3c7a0-fafa-4375-a23c-18b63a3f56e7/datanode-7/data/ratis/d5865731-e81b-4aef-8775-d88418be99f6 has been successfully formatted.
2019-10-20 18:18:25,430 [pool-97-thread-1] INFO  ratis.ContainerStateMachine (ContainerStateMachine.java:loadSnapshot(231)) - group-D88418BE99F6: The snapshot info is null. Setting the last applied indexto:(t:0, i:~)
2019-10-20 18:18:25,430 [pool-97-thread-1] INFO  server.RaftServerConfigKeys (ConfUtils.java:logGet(43)) - raft.server.notification.no-leader.timeout = 120s (custom)
2019-10-20 18:18:25,430 [pool-97-thread-1] INFO  server.RaftServerConfigKeys (ConfUtils.java:logGet(43)) - raft.server.log.use.memory = false (default)
2019-10-20 18:18:25,431 [pool-97-thread-1] INFO  server.RaftServerConfigKeys (ConfUtils.java:logGet(43)) - raft.server.log.purge.gap = 1000000 (custom)
2019-10-20 18:18:25,431 [pool-97-thread-1] INFO  server.RaftServerConfigKeys (ConfUtils.java:logGet(43)) - raft.server.log.appender.buffer.byte-limit = 33554432 (custom)
2019-10-20 18:18:25,431 [pool-97-thread-1] INFO  server.RaftServerConfigKeys (ConfUtils.java:logGet(43)) - raft.server.log.segment.size.max = 1048576 (custom)
2019-10-20 18:18:25,433 [pool-97-thread-1] INFO  server.RaftServerConfigKeys (ConfUtils.java:logGet(43)) - raft.server.log.segment.cache.num.max = 2 (custom)
2019-10-20 18:18:25,434 [pool-97-thread-1] INFO  segmented.SegmentedRaftLogWorker (SegmentedRaftLogWorker.java:<init>(173)) - new 6ef27e9c-8ddb-4fa1-8c14-ab102acfb1b8@group-D88418BE99F6-SegmentedRaftLogWorker for RaftStorage:Storage Directory /workdir/hadoop-ozone/integration-test/target/test-dir/MiniOzoneClusterImpl-3ef3c7a0-fafa-4375-a23c-18b63a3f56e7/datanode-7/data/ratis/d5865731-e81b-4aef-8775-d88418be99f6
2019-10-20 18:18:25,434 [pool-97-thread-1] INFO  server.RaftServerConfigKeys (ConfUtils.java:logGet(43)) - raft.server.log.queue.byte-limit = 2147483647 (custom)
2019-10-20 18:18:25,434 [pool-97-thread-1] INFO  server.RaftServerConfigKeys (ConfUtils.java:logGet(43)) - raft.server.log.queue.element-limit = 1024 (custom)
2019-10-20 18:18:25,434 [pool-97-thread-1] INFO  server.RaftServerConfigKeys (ConfUtils.java:logGet(43)) - raft.server.log.segment.size.max = 1048576 (custom)
2019-10-20 18:18:25,434 [pool-97-thread-1] INFO  server.RaftServerConfigKeys (ConfUtils.java:logGet(43)) - raft.server.log.preallocated.size = 16384 (custom)
2019-10-20 18:18:25,434 [pool-97-thread-1] INFO  server.RaftServerConfigKeys (ConfUtils.java:logGet(43)) - raft.server.log.write.buffer.size = 33554432 (custom)
2019-10-20 18:18:25,434 [pool-97-thread-1] INFO  server.RaftServerConfigKeys (ConfUtils.java:logGet(43)) - raft.server.log.force.sync.num = 128 (default)
2019-10-20 18:18:25,435 [pool-97-thread-1] INFO  server.RaftServerConfigKeys (ConfUtils.java:logGet(43)) - raft.server.log.statemachine.data.sync = true (default)
2019-10-20 18:18:25,435 [pool-97-thread-1] INFO  server.RaftServerConfigKeys (ConfUtils.java:logGet(43)) - raft.server.log.statemachine.data.sync.timeout = 10s (default)
2019-10-20 18:18:25,435 [pool-97-thread-1] INFO  server.RaftServerConfigKeys (ConfUtils.java:logGet(43)) - raft.server.log.statemachine.data.sync.timeout.retry = -1 (default)
2019-10-20 18:18:25,435 [pool-97-thread-1] INFO  server.RaftServerConfigKeys (ConfUtils.java:logGet(43)) - raft.server.log.statemachine.data.caching.enabled = true (custom)
2019-10-20 18:18:25,455 [pool-97-thread-1] INFO  segmented.SegmentedRaftLogWorker (SegmentedRaftLogWorker.java:lambda$new$0(128)) - 6ef27e9c-8ddb-4fa1-8c14-ab102acfb1b8@group-D88418BE99F6-SegmentedRaftLogWorker: flushIndex: setUnconditionally 0 -> -1
2019-10-20 18:18:25,455 [pool-97-thread-1] INFO  server.RaftServerConfigKeys (ConfUtils.java:logGet(43)) - raft.server.snapshot.auto.trigger.enabled = true (custom)
2019-10-20 18:18:25,456 [pool-97-thread-1] INFO  server.RaftServerConfigKeys (ConfUtils.java:logGet(43)) - raft.server.snapshot.auto.trigger.threshold = 10000 (custom)
2019-10-20 18:18:25,456 [pool-97-thread-1] INFO  server.RaftServerConfigKeys (ConfUtils.java:logGet(43)) - raft.server.snapshot.retention.file.num = 5 (custom)
2019-10-20 18:18:25,456 [pool-97-thread-1] INFO  server.RaftServerConfigKeys (ConfUtils.java:logGet(43)) - raft.server.retrycache.expirytime = 600000ms (custom)
2019-10-20 18:18:25,460 [pool-97-thread-1] INFO  impl.RaftServerImpl (RaftServerImpl.java:start(195)) - 6ef27e9c-8ddb-4fa1-8c14-ab102acfb1b8@group-D88418BE99F6: start as a follower, conf=-1: [6ef27e9c-8ddb-4fa1-8c14-ab102acfb1b8:192.168.164.241:38092], old=null
2019-10-20 18:18:25,461 [pool-97-thread-1] INFO  impl.RaftServerImpl (RaftServerImpl.java:setRole(184)) - 6ef27e9c-8ddb-4fa1-8c14-ab102acfb1b8@group-D88418BE99F6: changes role from      null to FOLLOWER at term 0 for startAsFollower
2019-10-20 18:18:25,461 [pool-97-thread-1] INFO  impl.RoleInfo (RoleInfo.java:updateAndGet(143)) - 6ef27e9c-8ddb-4fa1-8c14-ab102acfb1b8: start FollowerState
2019-10-20 18:18:25,461 [pool-97-thread-1] INFO  util.JmxRegister (JmxRegister.java:tryRegister(44)) - Successfully registered JMX Bean with object name Ratis:service=RaftServer,group=group-D88418BE99F6,id=6ef27e9c-8ddb-4fa1-8c14-ab102acfb1b8
2019-10-20 18:18:25,473 [3750b3a2-715b-46b3-9d0c-9e38136244b9@group-015001B11350-SegmentedRaftLogWorker] INFO  segmented.SegmentedRaftLogWorker (SegmentedRaftLogWorker.java:execute(576)) - 3750b3a2-715b-46b3-9d0c-9e38136244b9@group-015001B11350-SegmentedRaftLogWorker: created new log segment /workdir/hadoop-ozone/integration-test/target/test-dir/MiniOzoneClusterImpl-3ef3c7a0-fafa-4375-a23c-18b63a3f56e7/datanode-2/data/ratis/21da8c1e-f628-4bbd-ba83-015001b11350/current/log_inprogress_0
2019-10-20 18:18:25,483 [RatisPipelineUtilsThread] INFO  pipeline.PipelineStateManager (PipelineStateManager.java:addPipeline(56)) - Created pipeline Pipeline[ Id: d5865731-e81b-4aef-8775-d88418be99f6, Nodes: 6ef27e9c-8ddb-4fa1-8c14-ab102acfb1b8{ip: 192.168.164.241, host: pr-hdds-2334-8x2sg-1875309799, networkLocation: /default-rack, certSerialId: null}, Type:RATIS, Factor:ONE, State:OPEN]
2019-10-20 18:18:25,501 [grpc-default-executor-0] INFO  impl.RaftServerProxy (RaftServerProxy.java:addNew(89)) - eb28ec45-9b2b-44d6-ae7e-a31feda643bc: addNew group-C6BE79E2629F:[eb28ec45-9b2b-44d6-ae7e-a31feda643bc:192.168.164.241:42571] returns group-C6BE79E2629F:java.util.concurrent.CompletableFuture@1c26b8b[Not completed]
2019-10-20 18:18:25,513 [pool-77-thread-1] INFO  impl.RaftServerImpl (RaftServerImpl.java:<init>(104)) - eb28ec45-9b2b-44d6-ae7e-a31feda643bc: new RaftServerImpl for group-C6BE79E2629F:[eb28ec45-9b2b-44d6-ae7e-a31feda643bc:192.168.164.241:42571] with ContainerStateMachine:uninitialized
2019-10-20 18:18:25,513 [main] INFO  ozone.MiniOzoneClusterImpl (MiniOzoneClusterImpl.java:lambda$waitForClusterToBeReady$0(147)) - Cluster is ready. Got 10 of 10 DN Heartbeats.
2019-10-20 18:18:25,513 [pool-77-thread-1] INFO  server.RaftServerConfigKeys (ConfUtils.java:logGet(43)) - raft.server.rpc.timeout.min = 1s (custom)
2019-10-20 18:18:25,514 [pool-77-thread-1] INFO  server.RaftServerConfigKeys (ConfUtils.java:logGet(43)) - raft.server.rpc.timeout.max = 1200ms (custom)
2019-10-20 18:18:25,514 [pool-77-thread-1] INFO  server.RaftServerConfigKeys (ConfUtils.java:logGet(43)) - raft.server.rpcslowness.timeout = 120s (custom)
2019-10-20 18:18:25,514 [pool-77-thread-1] INFO  server.RaftServerConfigKeys (ConfUtils.java:logGet(43)) - raft.server.sleep.deviation.threshold = 300 (default)
2019-10-20 18:18:25,515 [pool-77-thread-1] INFO  server.RaftServerConfigKeys (ConfUtils.java:logGet(43)) - raft.server.log.appender.install.snapshot.enabled = false (custom)
2019-10-20 18:18:25,515 [pool-77-thread-1] INFO  impl.RaftServerImpl (ServerState.java:<init>(103)) - eb28ec45-9b2b-44d6-ae7e-a31feda643bc@group-C6BE79E2629F: ConfigurationManager, init=-1: [eb28ec45-9b2b-44d6-ae7e-a31feda643bc:192.168.164.241:42571], old=null, confs=<EMPTY_MAP>
2019-10-20 18:18:25,515 [pool-77-thread-1] INFO  server.RaftServerConfigKeys (ConfUtils.java:logGet(43)) - raft.server.storage.dir = [/workdir/hadoop-ozone/integration-test/target/test-dir/MiniOzoneClusterImpl-3ef3c7a0-fafa-4375-a23c-18b63a3f56e7/datanode-5/data/ratis] (custom)
2019-10-20 18:18:25,516 [pool-77-thread-1] INFO  server.RaftServerConfigKeys (ConfUtils.java:logGet(43)) - raft.server.log.corruption.policy = EXCEPTION (default)
2019-10-20 18:18:25,516 [pool-77-thread-1] INFO  storage.RaftStorageDirectory (RaftStorageDirectory.java:analyzeStorage(246)) - The storage directory /workdir/hadoop-ozone/integration-test/target/test-dir/MiniOzoneClusterImpl-3ef3c7a0-fafa-4375-a23c-18b63a3f56e7/datanode-5/data/ratis/06ad0427-e065-4c29-be98-c6be79e2629f does not exist. Creating ...
2019-10-20 18:18:25,554 [pool-77-thread-1] INFO  storage.RaftStorageDirectory (RaftStorageDirectory.java:tryLock(328)) - Lock on /workdir/hadoop-ozone/integration-test/target/test-dir/MiniOzoneClusterImpl-3ef3c7a0-fafa-4375-a23c-18b63a3f56e7/datanode-5/data/ratis/06ad0427-e065-4c29-be98-c6be79e2629f/in_use.lock acquired by nodename 6969@pr-hdds-2334-8x2sg-1875309799
2019-10-20 18:18:25,580 [pool-77-thread-1] INFO  storage.RaftStorage (RaftStorage.java:format(84)) - Storage directory /workdir/hadoop-ozone/integration-test/target/test-dir/MiniOzoneClusterImpl-3ef3c7a0-fafa-4375-a23c-18b63a3f56e7/datanode-5/data/ratis/06ad0427-e065-4c29-be98-c6be79e2629f has been successfully formatted.
2019-10-20 18:18:25,581 [pool-77-thread-1] INFO  ratis.ContainerStateMachine (ContainerStateMachine.java:loadSnapshot(231)) - group-C6BE79E2629F: The snapshot info is null. Setting the last applied indexto:(t:0, i:~)
2019-10-20 18:18:25,581 [pool-77-thread-1] INFO  server.RaftServerConfigKeys (ConfUtils.java:logGet(43)) - raft.server.notification.no-leader.timeout = 120s (custom)
2019-10-20 18:18:25,581 [pool-77-thread-1] INFO  server.RaftServerConfigKeys (ConfUtils.java:logGet(43)) - raft.server.log.use.memory = false (default)
2019-10-20 18:18:25,581 [pool-77-thread-1] INFO  server.RaftServerConfigKeys (ConfUtils.java:logGet(43)) - raft.server.log.purge.gap = 1000000 (custom)
2019-10-20 18:18:25,581 [pool-77-thread-1] INFO  server.RaftServerConfigKeys (ConfUtils.java:logGet(43)) - raft.server.log.appender.buffer.byte-limit = 33554432 (custom)
2019-10-20 18:18:25,582 [pool-77-thread-1] INFO  server.RaftServerConfigKeys (ConfUtils.java:logGet(43)) - raft.server.log.segment.size.max = 1048576 (custom)
2019-10-20 18:18:25,587 [pool-77-thread-1] INFO  server.RaftServerConfigKeys (ConfUtils.java:logGet(43)) - raft.server.log.segment.cache.num.max = 2 (custom)
2019-10-20 18:18:25,587 [pool-77-thread-1] INFO  segmented.SegmentedRaftLogWorker (SegmentedRaftLogWorker.java:<init>(173)) - new eb28ec45-9b2b-44d6-ae7e-a31feda643bc@group-C6BE79E2629F-SegmentedRaftLogWorker for RaftStorage:Storage Directory /workdir/hadoop-ozone/integration-test/target/test-dir/MiniOzoneClusterImpl-3ef3c7a0-fafa-4375-a23c-18b63a3f56e7/datanode-5/data/ratis/06ad0427-e065-4c29-be98-c6be79e2629f
2019-10-20 18:18:25,587 [pool-77-thread-1] INFO  server.RaftServerConfigKeys (ConfUtils.java:logGet(43)) - raft.server.log.queue.byte-limit = 2147483647 (custom)
2019-10-20 18:18:25,587 [pool-77-thread-1] INFO  server.RaftServerConfigKeys (ConfUtils.java:logGet(43)) - raft.server.log.queue.element-limit = 1024 (custom)
2019-10-20 18:18:25,587 [pool-77-thread-1] INFO  server.RaftServerConfigKeys (ConfUtils.java:logGet(43)) - raft.server.log.segment.size.max = 1048576 (custom)
2019-10-20 18:18:25,588 [pool-77-thread-1] INFO  server.RaftServerConfigKeys (ConfUtils.java:logGet(43)) - raft.server.log.preallocated.size = 16384 (custom)
2019-10-20 18:18:25,588 [pool-77-thread-1] INFO  server.RaftServerConfigKeys (ConfUtils.java:logGet(43)) - raft.server.log.write.buffer.size = 33554432 (custom)
2019-10-20 18:18:25,588 [pool-77-thread-1] INFO  server.RaftServerConfigKeys (ConfUtils.java:logGet(43)) - raft.server.log.force.sync.num = 128 (default)
2019-10-20 18:18:25,588 [pool-77-thread-1] INFO  server.RaftServerConfigKeys (ConfUtils.java:logGet(43)) - raft.server.log.statemachine.data.sync = true (default)
2019-10-20 18:18:25,588 [pool-77-thread-1] INFO  server.RaftServerConfigKeys (ConfUtils.java:logGet(43)) - raft.server.log.statemachine.data.sync.timeout = 10s (default)
2019-10-20 18:18:25,588 [pool-77-thread-1] INFO  server.RaftServerConfigKeys (ConfUtils.java:logGet(43)) - raft.server.log.statemachine.data.sync.timeout.retry = -1 (default)
2019-10-20 18:18:25,589 [pool-77-thread-1] INFO  server.RaftServerConfigKeys (ConfUtils.java:logGet(43)) - raft.server.log.statemachine.data.caching.enabled = true (custom)
2019-10-20 18:18:25,589 [pool-77-thread-1] INFO  segmented.SegmentedRaftLogWorker (SegmentedRaftLogWorker.java:lambda$new$0(128)) - eb28ec45-9b2b-44d6-ae7e-a31feda643bc@group-C6BE79E2629F-SegmentedRaftLogWorker: flushIndex: setUnconditionally 0 -> -1
2019-10-20 18:18:25,590 [pool-77-thread-1] INFO  server.RaftServerConfigKeys (ConfUtils.java:logGet(43)) - raft.server.snapshot.auto.trigger.enabled = true (custom)
2019-10-20 18:18:25,590 [pool-77-thread-1] INFO  server.RaftServerConfigKeys (ConfUtils.java:logGet(43)) - raft.server.snapshot.auto.trigger.threshold = 10000 (custom)
2019-10-20 18:18:25,590 [pool-77-thread-1] INFO  server.RaftServerConfigKeys (ConfUtils.java:logGet(43)) - raft.server.snapshot.retention.file.num = 5 (custom)
2019-10-20 18:18:25,590 [pool-77-thread-1] INFO  server.RaftServerConfigKeys (ConfUtils.java:logGet(43)) - raft.server.retrycache.expirytime = 600000ms (custom)
2019-10-20 18:18:25,596 [pool-77-thread-1] INFO  impl.RaftServerImpl (RaftServerImpl.java:start(195)) - eb28ec45-9b2b-44d6-ae7e-a31feda643bc@group-C6BE79E2629F: start as a follower, conf=-1: [eb28ec45-9b2b-44d6-ae7e-a31feda643bc:192.168.164.241:42571], old=null
2019-10-20 18:18:25,596 [pool-77-thread-1] INFO  impl.RaftServerImpl (RaftServerImpl.java:setRole(184)) - eb28ec45-9b2b-44d6-ae7e-a31feda643bc@group-C6BE79E2629F: changes role from      null to FOLLOWER at term 0 for startAsFollower
2019-10-20 18:18:25,596 [pool-77-thread-1] INFO  impl.RoleInfo (RoleInfo.java:updateAndGet(143)) - eb28ec45-9b2b-44d6-ae7e-a31feda643bc: start FollowerState
2019-10-20 18:18:25,597 [pool-77-thread-1] INFO  util.JmxRegister (JmxRegister.java:tryRegister(44)) - Successfully registered JMX Bean with object name Ratis:service=RaftServer,group=group-C6BE79E2629F,id=eb28ec45-9b2b-44d6-ae7e-a31feda643bc
2019-10-20 18:18:25,617 [Thread-310] INFO  impl.FollowerState (FollowerState.java:run(108)) - 6ef27e9c-8ddb-4fa1-8c14-ab102acfb1b8@group-D88418BE99F6-FollowerState: change to CANDIDATE, lastRpcTime:155ms, electionTimeout:151ms
2019-10-20 18:18:25,620 [Thread-310] INFO  impl.RoleInfo (RoleInfo.java:shutdownFollowerState(121)) - 6ef27e9c-8ddb-4fa1-8c14-ab102acfb1b8: shutdown FollowerState
2019-10-20 18:18:25,620 [Thread-310] INFO  impl.RaftServerImpl (RaftServerImpl.java:setRole(184)) - 6ef27e9c-8ddb-4fa1-8c14-ab102acfb1b8@group-D88418BE99F6: changes role from  FOLLOWER to CANDIDATE at term 0 for changeToCandidate
2019-10-20 18:18:25,621 [Thread-310] INFO  impl.RoleInfo (RoleInfo.java:updateAndGet(143)) - 6ef27e9c-8ddb-4fa1-8c14-ab102acfb1b8: start LeaderElection
2019-10-20 18:18:25,624 [RatisPipelineUtilsThread] INFO  pipeline.PipelineStateManager (PipelineStateManager.java:addPipeline(56)) - Created pipeline Pipeline[ Id: 06ad0427-e065-4c29-be98-c6be79e2629f, Nodes: eb28ec45-9b2b-44d6-ae7e-a31feda643bc{ip: 192.168.164.241, host: pr-hdds-2334-8x2sg-1875309799, networkLocation: /default-rack, certSerialId: null}, Type:RATIS, Factor:ONE, State:OPEN]
2019-10-20 18:18:25,639 [grpc-default-executor-0] INFO  impl.RaftServerProxy (RaftServerProxy.java:addNew(89)) - c50ce170-3170-4e03-b167-34e0e02687b2: addNew group-D321C9D6F1F4:[c50ce170-3170-4e03-b167-34e0e02687b2:192.168.164.241:37695] returns group-D321C9D6F1F4:java.util.concurrent.CompletableFuture@297dd11f[Not completed]
2019-10-20 18:18:25,641 [pool-37-thread-1] INFO  impl.RaftServerImpl (RaftServerImpl.java:<init>(104)) - c50ce170-3170-4e03-b167-34e0e02687b2: new RaftServerImpl for group-D321C9D6F1F4:[c50ce170-3170-4e03-b167-34e0e02687b2:192.168.164.241:37695] with ContainerStateMachine:uninitialized
2019-10-20 18:18:25,641 [pool-37-thread-1] INFO  server.RaftServerConfigKeys (ConfUtils.java:logGet(43)) - raft.server.rpc.timeout.min = 1s (custom)
2019-10-20 18:18:25,641 [pool-37-thread-1] INFO  server.RaftServerConfigKeys (ConfUtils.java:logGet(43)) - raft.server.rpc.timeout.max = 1200ms (custom)
2019-10-20 18:18:25,641 [pool-37-thread-1] INFO  server.RaftServerConfigKeys (ConfUtils.java:logGet(43)) - raft.server.rpcslowness.timeout = 120s (custom)
2019-10-20 18:18:25,642 [pool-37-thread-1] INFO  server.RaftServerConfigKeys (ConfUtils.java:logGet(43)) - raft.server.sleep.deviation.threshold = 300 (default)
2019-10-20 18:18:25,642 [pool-37-thread-1] INFO  server.RaftServerConfigKeys (ConfUtils.java:logGet(43)) - raft.server.log.appender.install.snapshot.enabled = false (custom)
2019-10-20 18:18:25,642 [pool-37-thread-1] INFO  impl.RaftServerImpl (ServerState.java:<init>(103)) - c50ce170-3170-4e03-b167-34e0e02687b2@group-D321C9D6F1F4: ConfigurationManager, init=-1: [c50ce170-3170-4e03-b167-34e0e02687b2:192.168.164.241:37695], old=null, confs=<EMPTY_MAP>
2019-10-20 18:18:25,642 [pool-37-thread-1] INFO  server.RaftServerConfigKeys (ConfUtils.java:logGet(43)) - raft.server.storage.dir = [/workdir/hadoop-ozone/integration-test/target/test-dir/MiniOzoneClusterImpl-3ef3c7a0-fafa-4375-a23c-18b63a3f56e7/datanode-1/data/ratis] (custom)
2019-10-20 18:18:25,642 [pool-37-thread-1] INFO  server.RaftServerConfigKeys (ConfUtils.java:logGet(43)) - raft.server.log.corruption.policy = EXCEPTION (default)
2019-10-20 18:18:25,643 [pool-37-thread-1] INFO  storage.RaftStorageDirectory (RaftStorageDirectory.java:analyzeStorage(246)) - The storage directory /workdir/hadoop-ozone/integration-test/target/test-dir/MiniOzoneClusterImpl-3ef3c7a0-fafa-4375-a23c-18b63a3f56e7/datanode-1/data/ratis/cab21f6d-2141-424f-ac5e-d321c9d6f1f4 does not exist. Creating ...
2019-10-20 18:18:25,648 [6ef27e9c-8ddb-4fa1-8c14-ab102acfb1b8@group-D88418BE99F6-LeaderElection6] INFO  impl.LeaderElection (LeaderElection.java:askForVotes(178)) - 6ef27e9c-8ddb-4fa1-8c14-ab102acfb1b8@group-D88418BE99F6-LeaderElection6: begin an election at term 1 for -1: [6ef27e9c-8ddb-4fa1-8c14-ab102acfb1b8:192.168.164.241:38092], old=null
2019-10-20 18:18:25,648 [6ef27e9c-8ddb-4fa1-8c14-ab102acfb1b8@group-D88418BE99F6-LeaderElection6] INFO  impl.RoleInfo (RoleInfo.java:shutdownLeaderElection(134)) - 6ef27e9c-8ddb-4fa1-8c14-ab102acfb1b8: shutdown LeaderElection
2019-10-20 18:18:25,648 [6ef27e9c-8ddb-4fa1-8c14-ab102acfb1b8@group-D88418BE99F6-LeaderElection6] INFO  impl.RaftServerImpl (RaftServerImpl.java:setRole(184)) - 6ef27e9c-8ddb-4fa1-8c14-ab102acfb1b8@group-D88418BE99F6: changes role from CANDIDATE to LEADER at term 1 for changeToLeader
2019-10-20 18:18:25,648 [6ef27e9c-8ddb-4fa1-8c14-ab102acfb1b8@group-D88418BE99F6-LeaderElection6] INFO  impl.RaftServerImpl (ServerState.java:setLeader(256)) - 6ef27e9c-8ddb-4fa1-8c14-ab102acfb1b8@group-D88418BE99F6: change Leader from null to 6ef27e9c-8ddb-4fa1-8c14-ab102acfb1b8 at term 1 for becomeLeader, leader elected after 218ms
2019-10-20 18:18:25,649 [6ef27e9c-8ddb-4fa1-8c14-ab102acfb1b8@group-D88418BE99F6-LeaderElection6] INFO  server.RaftServerConfigKeys (ConfUtils.java:logGet(43)) - raft.server.staging.catchup.gap = 1000 (default)
2019-10-20 18:18:25,649 [6ef27e9c-8ddb-4fa1-8c14-ab102acfb1b8@group-D88418BE99F6-LeaderElection6] INFO  server.RaftServerConfigKeys (ConfUtils.java:logGet(43)) - raft.server.rpc.sleep.time = 25ms (default)
2019-10-20 18:18:25,649 [6ef27e9c-8ddb-4fa1-8c14-ab102acfb1b8@group-D88418BE99F6-LeaderElection6] INFO  server.RaftServerConfigKeys (ConfUtils.java:logGet(43)) - raft.server.write.element-limit = 4096 (default)
2019-10-20 18:18:25,649 [6ef27e9c-8ddb-4fa1-8c14-ab102acfb1b8@group-D88418BE99F6-LeaderElection6] INFO  server.RaftServerConfigKeys (ConfUtils.java:logGet(43)) - raft.server.watch.timeout = 10s (default)
2019-10-20 18:18:25,649 [6ef27e9c-8ddb-4fa1-8c14-ab102acfb1b8@group-D88418BE99F6-LeaderElection6] INFO  server.RaftServerConfigKeys (ConfUtils.java:logGet(43)) - raft.server.watch.timeout.denomination = 1s (default)
2019-10-20 18:18:25,649 [6ef27e9c-8ddb-4fa1-8c14-ab102acfb1b8@group-D88418BE99F6-LeaderElection6] INFO  server.RaftServerConfigKeys (ConfUtils.java:logGet(43)) - raft.server.watch.element-limit = 65536 (default)
2019-10-20 18:18:25,651 [6ef27e9c-8ddb-4fa1-8c14-ab102acfb1b8@group-D88418BE99F6-LeaderElection6] INFO  impl.RoleInfo (RoleInfo.java:updateAndGet(143)) - 6ef27e9c-8ddb-4fa1-8c14-ab102acfb1b8: start LeaderState
2019-10-20 18:18:25,652 [6ef27e9c-8ddb-4fa1-8c14-ab102acfb1b8@group-D88418BE99F6-LeaderElection6] INFO  segmented.SegmentedRaftLogWorker (SegmentedRaftLogWorker.java:startLogSegment(385)) - 6ef27e9c-8ddb-4fa1-8c14-ab102acfb1b8@group-D88418BE99F6-SegmentedRaftLogWorker: Starting segment from index:0
2019-10-20 18:18:25,652 [6ef27e9c-8ddb-4fa1-8c14-ab102acfb1b8@group-D88418BE99F6-LeaderElection6] INFO  impl.RaftServerImpl (ServerState.java:setRaftConf(357)) - 6ef27e9c-8ddb-4fa1-8c14-ab102acfb1b8@group-D88418BE99F6: set configuration 0: [6ef27e9c-8ddb-4fa1-8c14-ab102acfb1b8:192.168.164.241:38092], old=null at 0
2019-10-20 18:18:25,665 [pool-37-thread-1] INFO  storage.RaftStorageDirectory (RaftStorageDirectory.java:tryLock(328)) - Lock on /workdir/hadoop-ozone/integration-test/target/test-dir/MiniOzoneClusterImpl-3ef3c7a0-fafa-4375-a23c-18b63a3f56e7/datanode-1/data/ratis/cab21f6d-2141-424f-ac5e-d321c9d6f1f4/in_use.lock acquired by nodename 6969@pr-hdds-2334-8x2sg-1875309799
2019-10-20 18:18:25,691 [pool-37-thread-1] INFO  storage.RaftStorage (RaftStorage.java:format(84)) - Storage directory /workdir/hadoop-ozone/integration-test/target/test-dir/MiniOzoneClusterImpl-3ef3c7a0-fafa-4375-a23c-18b63a3f56e7/datanode-1/data/ratis/cab21f6d-2141-424f-ac5e-d321c9d6f1f4 has been successfully formatted.
2019-10-20 18:18:25,691 [pool-37-thread-1] INFO  ratis.ContainerStateMachine (ContainerStateMachine.java:loadSnapshot(231)) - group-D321C9D6F1F4: The snapshot info is null. Setting the last applied indexto:(t:0, i:~)
2019-10-20 18:18:25,691 [pool-37-thread-1] INFO  server.RaftServerConfigKeys (ConfUtils.java:logGet(43)) - raft.server.notification.no-leader.timeout = 120s (custom)
2019-10-20 18:18:25,691 [pool-37-thread-1] INFO  server.RaftServerConfigKeys (ConfUtils.java:logGet(43)) - raft.server.log.use.memory = false (default)
2019-10-20 18:18:25,692 [pool-37-thread-1] INFO  server.RaftServerConfigKeys (ConfUtils.java:logGet(43)) - raft.server.log.purge.gap = 1000000 (custom)
2019-10-20 18:18:25,692 [pool-37-thread-1] INFO  server.RaftServerConfigKeys (ConfUtils.java:logGet(43)) - raft.server.log.appender.buffer.byte-limit = 33554432 (custom)
2019-10-20 18:18:25,692 [pool-37-thread-1] INFO  server.RaftServerConfigKeys (ConfUtils.java:logGet(43)) - raft.server.log.segment.size.max = 1048576 (custom)
2019-10-20 18:18:25,694 [pool-37-thread-1] INFO  server.RaftServerConfigKeys (ConfUtils.java:logGet(43)) - raft.server.log.segment.cache.num.max = 2 (custom)
2019-10-20 18:18:25,694 [pool-37-thread-1] INFO  segmented.SegmentedRaftLogWorker (SegmentedRaftLogWorker.java:<init>(173)) - new c50ce170-3170-4e03-b167-34e0e02687b2@group-D321C9D6F1F4-SegmentedRaftLogWorker for RaftStorage:Storage Directory /workdir/hadoop-ozone/integration-test/target/test-dir/MiniOzoneClusterImpl-3ef3c7a0-fafa-4375-a23c-18b63a3f56e7/datanode-1/data/ratis/cab21f6d-2141-424f-ac5e-d321c9d6f1f4
2019-10-20 18:18:25,694 [pool-37-thread-1] INFO  server.RaftServerConfigKeys (ConfUtils.java:logGet(43)) - raft.server.log.queue.byte-limit = 2147483647 (custom)
2019-10-20 18:18:25,694 [pool-37-thread-1] INFO  server.RaftServerConfigKeys (ConfUtils.java:logGet(43)) - raft.server.log.queue.element-limit = 1024 (custom)
2019-10-20 18:18:25,694 [pool-37-thread-1] INFO  server.RaftServerConfigKeys (ConfUtils.java:logGet(43)) - raft.server.log.segment.size.max = 1048576 (custom)
2019-10-20 18:18:25,694 [pool-37-thread-1] INFO  server.RaftServerConfigKeys (ConfUtils.java:logGet(43)) - raft.server.log.preallocated.size = 16384 (custom)
2019-10-20 18:18:25,695 [pool-37-thread-1] INFO  server.RaftServerConfigKeys (ConfUtils.java:logGet(43)) - raft.server.log.write.buffer.size = 33554432 (custom)
2019-10-20 18:18:25,695 [pool-37-thread-1] INFO  server.RaftServerConfigKeys (ConfUtils.java:logGet(43)) - raft.server.log.force.sync.num = 128 (default)
2019-10-20 18:18:25,695 [pool-37-thread-1] INFO  server.RaftServerConfigKeys (ConfUtils.java:logGet(43)) - raft.server.log.statemachine.data.sync = true (default)
2019-10-20 18:18:25,695 [pool-37-thread-1] INFO  server.RaftServerConfigKeys (ConfUtils.java:logGet(43)) - raft.server.log.statemachine.data.sync.timeout = 10s (default)
2019-10-20 18:18:25,695 [pool-37-thread-1] INFO  server.RaftServerConfigKeys (ConfUtils.java:logGet(43)) - raft.server.log.statemachine.data.sync.timeout.retry = -1 (default)
2019-10-20 18:18:25,696 [pool-37-thread-1] INFO  server.RaftServerConfigKeys (ConfUtils.java:logGet(43)) - raft.server.log.statemachine.data.caching.enabled = true (custom)
2019-10-20 18:18:25,696 [pool-37-thread-1] INFO  segmented.SegmentedRaftLogWorker (SegmentedRaftLogWorker.java:lambda$new$0(128)) - c50ce170-3170-4e03-b167-34e0e02687b2@group-D321C9D6F1F4-SegmentedRaftLogWorker: flushIndex: setUnconditionally 0 -> -1
2019-10-20 18:18:25,696 [pool-37-thread-1] INFO  server.RaftServerConfigKeys (ConfUtils.java:logGet(43)) - raft.server.snapshot.auto.trigger.enabled = true (custom)
2019-10-20 18:18:25,696 [pool-37-thread-1] INFO  server.RaftServerConfigKeys (ConfUtils.java:logGet(43)) - raft.server.snapshot.auto.trigger.threshold = 10000 (custom)
2019-10-20 18:18:25,696 [pool-37-thread-1] INFO  server.RaftServerConfigKeys (ConfUtils.java:logGet(43)) - raft.server.snapshot.retention.file.num = 5 (custom)
2019-10-20 18:18:25,697 [pool-37-thread-1] INFO  server.RaftServerConfigKeys (ConfUtils.java:logGet(43)) - raft.server.retrycache.expirytime = 600000ms (custom)
2019-10-20 18:18:25,700 [pool-37-thread-1] INFO  impl.RaftServerImpl (RaftServerImpl.java:start(195)) - c50ce170-3170-4e03-b167-34e0e02687b2@group-D321C9D6F1F4: start as a follower, conf=-1: [c50ce170-3170-4e03-b167-34e0e02687b2:192.168.164.241:37695], old=null
2019-10-20 18:18:25,700 [pool-37-thread-1] INFO  impl.RaftServerImpl (RaftServerImpl.java:setRole(184)) - c50ce170-3170-4e03-b167-34e0e02687b2@group-D321C9D6F1F4: changes role from      null to FOLLOWER at term 0 for startAsFollower
2019-10-20 18:18:25,700 [pool-37-thread-1] INFO  impl.RoleInfo (RoleInfo.java:updateAndGet(143)) - c50ce170-3170-4e03-b167-34e0e02687b2: start FollowerState
2019-10-20 18:18:25,701 [pool-37-thread-1] INFO  util.JmxRegister (JmxRegister.java:tryRegister(44)) - Successfully registered JMX Bean with object name Ratis:service=RaftServer,group=group-D321C9D6F1F4,id=c50ce170-3170-4e03-b167-34e0e02687b2
2019-10-20 18:18:25,716 [6ef27e9c-8ddb-4fa1-8c14-ab102acfb1b8@group-D88418BE99F6-SegmentedRaftLogWorker] INFO  segmented.SegmentedRaftLogWorker (SegmentedRaftLogWorker.java:execute(576)) - 6ef27e9c-8ddb-4fa1-8c14-ab102acfb1b8@group-D88418BE99F6-SegmentedRaftLogWorker: created new log segment /workdir/hadoop-ozone/integration-test/target/test-dir/MiniOzoneClusterImpl-3ef3c7a0-fafa-4375-a23c-18b63a3f56e7/datanode-7/data/ratis/d5865731-e81b-4aef-8775-d88418be99f6/current/log_inprogress_0
2019-10-20 18:18:25,717 [RatisPipelineUtilsThread] INFO  pipeline.PipelineStateManager (PipelineStateManager.java:addPipeline(56)) - Created pipeline Pipeline[ Id: cab21f6d-2141-424f-ac5e-d321c9d6f1f4, Nodes: c50ce170-3170-4e03-b167-34e0e02687b2{ip: 192.168.164.241, host: pr-hdds-2334-8x2sg-1875309799, networkLocation: /default-rack, certSerialId: null}, Type:RATIS, Factor:ONE, State:OPEN]
2019-10-20 18:18:25,736 [grpc-default-executor-0] INFO  impl.RaftServerProxy (RaftServerProxy.java:addNew(89)) - a6e136fe-e391-4364-8a60-53801fc9277d: addNew group-A317E22BC030:[a6e136fe-e391-4364-8a60-53801fc9277d:192.168.164.241:40755] returns group-A317E22BC030:java.util.concurrent.CompletableFuture@7ac1134c[Not completed]
2019-10-20 18:18:25,737 [pool-107-thread-1] INFO  impl.RaftServerImpl (RaftServerImpl.java:<init>(104)) - a6e136fe-e391-4364-8a60-53801fc9277d: new RaftServerImpl for group-A317E22BC030:[a6e136fe-e391-4364-8a60-53801fc9277d:192.168.164.241:40755] with ContainerStateMachine:uninitialized
2019-10-20 18:18:25,738 [pool-107-thread-1] INFO  server.RaftServerConfigKeys (ConfUtils.java:logGet(43)) - raft.server.rpc.timeout.min = 1s (custom)
2019-10-20 18:18:25,738 [pool-107-thread-1] INFO  server.RaftServerConfigKeys (ConfUtils.java:logGet(43)) - raft.server.rpc.timeout.max = 1200ms (custom)
2019-10-20 18:18:25,738 [pool-107-thread-1] INFO  server.RaftServerConfigKeys (ConfUtils.java:logGet(43)) - raft.server.rpcslowness.timeout = 120s (custom)
2019-10-20 18:18:25,738 [pool-107-thread-1] INFO  server.RaftServerConfigKeys (ConfUtils.java:logGet(43)) - raft.server.sleep.deviation.threshold = 300 (default)
2019-10-20 18:18:25,738 [pool-107-thread-1] INFO  server.RaftServerConfigKeys (ConfUtils.java:logGet(43)) - raft.server.log.appender.install.snapshot.enabled = false (custom)
2019-10-20 18:18:25,738 [pool-107-thread-1] INFO  impl.RaftServerImpl (ServerState.java:<init>(103)) - a6e136fe-e391-4364-8a60-53801fc9277d@group-A317E22BC030: ConfigurationManager, init=-1: [a6e136fe-e391-4364-8a60-53801fc9277d:192.168.164.241:40755], old=null, confs=<EMPTY_MAP>
2019-10-20 18:18:25,738 [pool-107-thread-1] INFO  server.RaftServerConfigKeys (ConfUtils.java:logGet(43)) - raft.server.storage.dir = [/workdir/hadoop-ozone/integration-test/target/test-dir/MiniOzoneClusterImpl-3ef3c7a0-fafa-4375-a23c-18b63a3f56e7/datanode-8/data/ratis] (custom)
2019-10-20 18:18:25,743 [pool-107-thread-1] INFO  server.RaftServerConfigKeys (ConfUtils.java:logGet(43)) - raft.server.log.corruption.policy = EXCEPTION (default)
2019-10-20 18:18:25,743 [pool-107-thread-1] INFO  storage.RaftStorageDirectory (RaftStorageDirectory.java:analyzeStorage(246)) - The storage directory /workdir/hadoop-ozone/integration-test/target/test-dir/MiniOzoneClusterImpl-3ef3c7a0-fafa-4375-a23c-18b63a3f56e7/datanode-8/data/ratis/b3328e41-feb4-488f-965a-a317e22bc030 does not exist. Creating ...
2019-10-20 18:18:25,766 [pool-107-thread-1] INFO  storage.RaftStorageDirectory (RaftStorageDirectory.java:tryLock(328)) - Lock on /workdir/hadoop-ozone/integration-test/target/test-dir/MiniOzoneClusterImpl-3ef3c7a0-fafa-4375-a23c-18b63a3f56e7/datanode-8/data/ratis/b3328e41-feb4-488f-965a-a317e22bc030/in_use.lock acquired by nodename 6969@pr-hdds-2334-8x2sg-1875309799
2019-10-20 18:18:25,786 [Thread-313] INFO  impl.FollowerState (FollowerState.java:run(108)) - eb28ec45-9b2b-44d6-ae7e-a31feda643bc@group-C6BE79E2629F-FollowerState: change to CANDIDATE, lastRpcTime:189ms, electionTimeout:189ms
2019-10-20 18:18:25,786 [Thread-313] INFO  impl.RoleInfo (RoleInfo.java:shutdownFollowerState(121)) - eb28ec45-9b2b-44d6-ae7e-a31feda643bc: shutdown FollowerState
2019-10-20 18:18:25,786 [Thread-313] INFO  impl.RaftServerImpl (RaftServerImpl.java:setRole(184)) - eb28ec45-9b2b-44d6-ae7e-a31feda643bc@group-C6BE79E2629F: changes role from  FOLLOWER to CANDIDATE at term 0 for changeToCandidate
2019-10-20 18:18:25,787 [Thread-313] INFO  impl.RoleInfo (RoleInfo.java:updateAndGet(143)) - eb28ec45-9b2b-44d6-ae7e-a31feda643bc: start LeaderElection
2019-10-20 18:18:25,793 [pool-107-thread-1] INFO  storage.RaftStorage (RaftStorage.java:format(84)) - Storage directory /workdir/hadoop-ozone/integration-test/target/test-dir/MiniOzoneClusterImpl-3ef3c7a0-fafa-4375-a23c-18b63a3f56e7/datanode-8/data/ratis/b3328e41-feb4-488f-965a-a317e22bc030 has been successfully formatted.
2019-10-20 18:18:25,793 [pool-107-thread-1] INFO  ratis.ContainerStateMachine (ContainerStateMachine.java:loadSnapshot(231)) - group-A317E22BC030: The snapshot info is null. Setting the last applied indexto:(t:0, i:~)
2019-10-20 18:18:25,794 [pool-107-thread-1] INFO  server.RaftServerConfigKeys (ConfUtils.java:logGet(43)) - raft.server.notification.no-leader.timeout = 120s (custom)
2019-10-20 18:18:25,794 [pool-107-thread-1] INFO  server.RaftServerConfigKeys (ConfUtils.java:logGet(43)) - raft.server.log.use.memory = false (default)
2019-10-20 18:18:25,794 [pool-107-thread-1] INFO  server.RaftServerConfigKeys (ConfUtils.java:logGet(43)) - raft.server.log.purge.gap = 1000000 (custom)
2019-10-20 18:18:25,794 [pool-107-thread-1] INFO  server.RaftServerConfigKeys (ConfUtils.java:logGet(43)) - raft.server.log.appender.buffer.byte-limit = 33554432 (custom)
2019-10-20 18:18:25,794 [pool-107-thread-1] INFO  server.RaftServerConfigKeys (ConfUtils.java:logGet(43)) - raft.server.log.segment.size.max = 1048576 (custom)
2019-10-20 18:18:25,796 [pool-107-thread-1] INFO  server.RaftServerConfigKeys (ConfUtils.java:logGet(43)) - raft.server.log.segment.cache.num.max = 2 (custom)
2019-10-20 18:18:25,796 [pool-107-thread-1] INFO  segmented.SegmentedRaftLogWorker (SegmentedRaftLogWorker.java:<init>(173)) - new a6e136fe-e391-4364-8a60-53801fc9277d@group-A317E22BC030-SegmentedRaftLogWorker for RaftStorage:Storage Directory /workdir/hadoop-ozone/integration-test/target/test-dir/MiniOzoneClusterImpl-3ef3c7a0-fafa-4375-a23c-18b63a3f56e7/datanode-8/data/ratis/b3328e41-feb4-488f-965a-a317e22bc030
2019-10-20 18:18:25,796 [pool-107-thread-1] INFO  server.RaftServerConfigKeys (ConfUtils.java:logGet(43)) - raft.server.log.queue.byte-limit = 2147483647 (custom)
2019-10-20 18:18:25,797 [pool-107-thread-1] INFO  server.RaftServerConfigKeys (ConfUtils.java:logGet(43)) - raft.server.log.queue.element-limit = 1024 (custom)
2019-10-20 18:18:25,797 [pool-107-thread-1] INFO  server.RaftServerConfigKeys (ConfUtils.java:logGet(43)) - raft.server.log.segment.size.max = 1048576 (custom)
2019-10-20 18:18:25,797 [pool-107-thread-1] INFO  server.RaftServerConfigKeys (ConfUtils.java:logGet(43)) - raft.server.log.preallocated.size = 16384 (custom)
2019-10-20 18:18:25,797 [pool-107-thread-1] INFO  server.RaftServerConfigKeys (ConfUtils.java:logGet(43)) - raft.server.log.write.buffer.size = 33554432 (custom)
2019-10-20 18:18:25,797 [pool-107-thread-1] INFO  server.RaftServerConfigKeys (ConfUtils.java:logGet(43)) - raft.server.log.force.sync.num = 128 (default)
2019-10-20 18:18:25,797 [pool-107-thread-1] INFO  server.RaftServerConfigKeys (ConfUtils.java:logGet(43)) - raft.server.log.statemachine.data.sync = true (default)
2019-10-20 18:18:25,797 [pool-107-thread-1] INFO  server.RaftServerConfigKeys (ConfUtils.java:logGet(43)) - raft.server.log.statemachine.data.sync.timeout = 10s (default)
2019-10-20 18:18:25,797 [pool-107-thread-1] INFO  server.RaftServerConfigKeys (ConfUtils.java:logGet(43)) - raft.server.log.statemachine.data.sync.timeout.retry = -1 (default)
2019-10-20 18:18:25,798 [pool-107-thread-1] INFO  server.RaftServerConfigKeys (ConfUtils.java:logGet(43)) - raft.server.log.statemachine.data.caching.enabled = true (custom)
2019-10-20 18:18:25,798 [pool-107-thread-1] INFO  segmented.SegmentedRaftLogWorker (SegmentedRaftLogWorker.java:lambda$new$0(128)) - a6e136fe-e391-4364-8a60-53801fc9277d@group-A317E22BC030-SegmentedRaftLogWorker: flushIndex: setUnconditionally 0 -> -1
2019-10-20 18:18:25,799 [pool-107-thread-1] INFO  server.RaftServerConfigKeys (ConfUtils.java:logGet(43)) - raft.server.snapshot.auto.trigger.enabled = true (custom)
2019-10-20 18:18:25,799 [pool-107-thread-1] INFO  server.RaftServerConfigKeys (ConfUtils.java:logGet(43)) - raft.server.snapshot.auto.trigger.threshold = 10000 (custom)
2019-10-20 18:18:25,799 [pool-107-thread-1] INFO  server.RaftServerConfigKeys (ConfUtils.java:logGet(43)) - raft.server.snapshot.retention.file.num = 5 (custom)
2019-10-20 18:18:25,799 [pool-107-thread-1] INFO  server.RaftServerConfigKeys (ConfUtils.java:logGet(43)) - raft.server.retrycache.expirytime = 600000ms (custom)
2019-10-20 18:18:25,803 [pool-107-thread-1] INFO  impl.RaftServerImpl (RaftServerImpl.java:start(195)) - a6e136fe-e391-4364-8a60-53801fc9277d@group-A317E22BC030: start as a follower, conf=-1: [a6e136fe-e391-4364-8a60-53801fc9277d:192.168.164.241:40755], old=null
2019-10-20 18:18:25,803 [pool-107-thread-1] INFO  impl.RaftServerImpl (RaftServerImpl.java:setRole(184)) - a6e136fe-e391-4364-8a60-53801fc9277d@group-A317E22BC030: changes role from      null to FOLLOWER at term 0 for startAsFollower
2019-10-20 18:18:25,803 [pool-107-thread-1] INFO  impl.RoleInfo (RoleInfo.java:updateAndGet(143)) - a6e136fe-e391-4364-8a60-53801fc9277d: start FollowerState
2019-10-20 18:18:25,812 [Thread-318] INFO  impl.FollowerState (FollowerState.java:run(108)) - c50ce170-3170-4e03-b167-34e0e02687b2@group-D321C9D6F1F4-FollowerState: change to CANDIDATE, lastRpcTime:111ms, electionTimeout:111ms
2019-10-20 18:18:25,812 [pool-107-thread-1] INFO  util.JmxRegister (JmxRegister.java:tryRegister(44)) - Successfully registered JMX Bean with object name Ratis:service=RaftServer,group=group-A317E22BC030,id=a6e136fe-e391-4364-8a60-53801fc9277d
2019-10-20 18:18:25,812 [Thread-318] INFO  impl.RoleInfo (RoleInfo.java:shutdownFollowerState(121)) - c50ce170-3170-4e03-b167-34e0e02687b2: shutdown FollowerState
2019-10-20 18:18:25,813 [Thread-318] INFO  impl.RaftServerImpl (RaftServerImpl.java:setRole(184)) - c50ce170-3170-4e03-b167-34e0e02687b2@group-D321C9D6F1F4: changes role from  FOLLOWER to CANDIDATE at term 0 for changeToCandidate
2019-10-20 18:18:25,813 [Thread-318] INFO  impl.RoleInfo (RoleInfo.java:updateAndGet(143)) - c50ce170-3170-4e03-b167-34e0e02687b2: start LeaderElection
2019-10-20 18:18:25,818 [eb28ec45-9b2b-44d6-ae7e-a31feda643bc@group-C6BE79E2629F-LeaderElection7] INFO  impl.LeaderElection (LeaderElection.java:askForVotes(178)) - eb28ec45-9b2b-44d6-ae7e-a31feda643bc@group-C6BE79E2629F-LeaderElection7: begin an election at term 1 for -1: [eb28ec45-9b2b-44d6-ae7e-a31feda643bc:192.168.164.241:42571], old=null
2019-10-20 18:18:25,819 [eb28ec45-9b2b-44d6-ae7e-a31feda643bc@group-C6BE79E2629F-LeaderElection7] INFO  impl.RoleInfo (RoleInfo.java:shutdownLeaderElection(134)) - eb28ec45-9b2b-44d6-ae7e-a31feda643bc: shutdown LeaderElection
2019-10-20 18:18:25,819 [eb28ec45-9b2b-44d6-ae7e-a31feda643bc@group-C6BE79E2629F-LeaderElection7] INFO  impl.RaftServerImpl (RaftServerImpl.java:setRole(184)) - eb28ec45-9b2b-44d6-ae7e-a31feda643bc@group-C6BE79E2629F: changes role from CANDIDATE to LEADER at term 1 for changeToLeader
2019-10-20 18:18:25,819 [eb28ec45-9b2b-44d6-ae7e-a31feda643bc@group-C6BE79E2629F-LeaderElection7] INFO  impl.RaftServerImpl (ServerState.java:setLeader(256)) - eb28ec45-9b2b-44d6-ae7e-a31feda643bc@group-C6BE79E2629F: change Leader from null to eb28ec45-9b2b-44d6-ae7e-a31feda643bc at term 1 for becomeLeader, leader elected after 238ms
2019-10-20 18:18:25,819 [eb28ec45-9b2b-44d6-ae7e-a31feda643bc@group-C6BE79E2629F-LeaderElection7] INFO  server.RaftServerConfigKeys (ConfUtils.java:logGet(43)) - raft.server.staging.catchup.gap = 1000 (default)
2019-10-20 18:18:25,819 [eb28ec45-9b2b-44d6-ae7e-a31feda643bc@group-C6BE79E2629F-LeaderElection7] INFO  server.RaftServerConfigKeys (ConfUtils.java:logGet(43)) - raft.server.rpc.sleep.time = 25ms (default)
2019-10-20 18:18:25,821 [eb28ec45-9b2b-44d6-ae7e-a31feda643bc@group-C6BE79E2629F-LeaderElection7] INFO  server.RaftServerConfigKeys (ConfUtils.java:logGet(43)) - raft.server.write.element-limit = 4096 (default)
2019-10-20 18:18:25,821 [eb28ec45-9b2b-44d6-ae7e-a31feda643bc@group-C6BE79E2629F-LeaderElection7] INFO  server.RaftServerConfigKeys (ConfUtils.java:logGet(43)) - raft.server.watch.timeout = 10s (default)
2019-10-20 18:18:25,821 [eb28ec45-9b2b-44d6-ae7e-a31feda643bc@group-C6BE79E2629F-LeaderElection7] INFO  server.RaftServerConfigKeys (ConfUtils.java:logGet(43)) - raft.server.watch.timeout.denomination = 1s (default)
2019-10-20 18:18:25,823 [eb28ec45-9b2b-44d6-ae7e-a31feda643bc@group-C6BE79E2629F-LeaderElection7] INFO  server.RaftServerConfigKeys (ConfUtils.java:logGet(43)) - raft.server.watch.element-limit = 65536 (default)
2019-10-20 18:18:25,830 [RatisPipelineUtilsThread] INFO  pipeline.PipelineStateManager (PipelineStateManager.java:addPipeline(56)) - Created pipeline Pipeline[ Id: b3328e41-feb4-488f-965a-a317e22bc030, Nodes: a6e136fe-e391-4364-8a60-53801fc9277d{ip: 192.168.164.241, host: pr-hdds-2334-8x2sg-1875309799, networkLocation: /default-rack, certSerialId: null}, Type:RATIS, Factor:ONE, State:OPEN]
2019-10-20 18:18:25,831 [eb28ec45-9b2b-44d6-ae7e-a31feda643bc@group-C6BE79E2629F-LeaderElection7] INFO  impl.RoleInfo (RoleInfo.java:updateAndGet(143)) - eb28ec45-9b2b-44d6-ae7e-a31feda643bc: start LeaderState
2019-10-20 18:18:25,831 [eb28ec45-9b2b-44d6-ae7e-a31feda643bc@group-C6BE79E2629F-LeaderElection7] INFO  segmented.SegmentedRaftLogWorker (SegmentedRaftLogWorker.java:startLogSegment(385)) - eb28ec45-9b2b-44d6-ae7e-a31feda643bc@group-C6BE79E2629F-SegmentedRaftLogWorker: Starting segment from index:0
2019-10-20 18:18:25,832 [eb28ec45-9b2b-44d6-ae7e-a31feda643bc@group-C6BE79E2629F-LeaderElection7] INFO  impl.RaftServerImpl (ServerState.java:setRaftConf(357)) - eb28ec45-9b2b-44d6-ae7e-a31feda643bc@group-C6BE79E2629F: set configuration 0: [eb28ec45-9b2b-44d6-ae7e-a31feda643bc:192.168.164.241:42571], old=null at 0
2019-10-20 18:18:25,867 [c50ce170-3170-4e03-b167-34e0e02687b2@group-D321C9D6F1F4-LeaderElection8] INFO  impl.LeaderElection (LeaderElection.java:askForVotes(178)) - c50ce170-3170-4e03-b167-34e0e02687b2@group-D321C9D6F1F4-LeaderElection8: begin an election at term 1 for -1: [c50ce170-3170-4e03-b167-34e0e02687b2:192.168.164.241:37695], old=null
2019-10-20 18:18:25,868 [c50ce170-3170-4e03-b167-34e0e02687b2@group-D321C9D6F1F4-LeaderElection8] INFO  impl.RoleInfo (RoleInfo.java:shutdownLeaderElection(134)) - c50ce170-3170-4e03-b167-34e0e02687b2: shutdown LeaderElection
2019-10-20 18:18:25,868 [c50ce170-3170-4e03-b167-34e0e02687b2@group-D321C9D6F1F4-LeaderElection8] INFO  impl.RaftServerImpl (RaftServerImpl.java:setRole(184)) - c50ce170-3170-4e03-b167-34e0e02687b2@group-D321C9D6F1F4: changes role from CANDIDATE to LEADER at term 1 for changeToLeader
2019-10-20 18:18:25,868 [c50ce170-3170-4e03-b167-34e0e02687b2@group-D321C9D6F1F4-LeaderElection8] INFO  impl.RaftServerImpl (ServerState.java:setLeader(256)) - c50ce170-3170-4e03-b167-34e0e02687b2@group-D321C9D6F1F4: change Leader from null to c50ce170-3170-4e03-b167-34e0e02687b2 at term 1 for becomeLeader, leader elected after 176ms
2019-10-20 18:18:25,877 [c50ce170-3170-4e03-b167-34e0e02687b2@group-D321C9D6F1F4-LeaderElection8] INFO  server.RaftServerConfigKeys (ConfUtils.java:logGet(43)) - raft.server.staging.catchup.gap = 1000 (default)
2019-10-20 18:18:25,877 [c50ce170-3170-4e03-b167-34e0e02687b2@group-D321C9D6F1F4-LeaderElection8] INFO  server.RaftServerConfigKeys (ConfUtils.java:logGet(43)) - raft.server.rpc.sleep.time = 25ms (default)
2019-10-20 18:18:25,877 [c50ce170-3170-4e03-b167-34e0e02687b2@group-D321C9D6F1F4-LeaderElection8] INFO  server.RaftServerConfigKeys (ConfUtils.java:logGet(43)) - raft.server.write.element-limit = 4096 (default)
2019-10-20 18:18:25,877 [c50ce170-3170-4e03-b167-34e0e02687b2@group-D321C9D6F1F4-LeaderElection8] INFO  server.RaftServerConfigKeys (ConfUtils.java:logGet(43)) - raft.server.watch.timeout = 10s (default)
2019-10-20 18:18:25,877 [c50ce170-3170-4e03-b167-34e0e02687b2@group-D321C9D6F1F4-LeaderElection8] INFO  server.RaftServerConfigKeys (ConfUtils.java:logGet(43)) - raft.server.watch.timeout.denomination = 1s (default)
2019-10-20 18:18:25,878 [c50ce170-3170-4e03-b167-34e0e02687b2@group-D321C9D6F1F4-LeaderElection8] INFO  server.RaftServerConfigKeys (ConfUtils.java:logGet(43)) - raft.server.watch.element-limit = 65536 (default)
2019-10-20 18:18:25,883 [c50ce170-3170-4e03-b167-34e0e02687b2@group-D321C9D6F1F4-LeaderElection8] INFO  impl.RoleInfo (RoleInfo.java:updateAndGet(143)) - c50ce170-3170-4e03-b167-34e0e02687b2: start LeaderState
2019-10-20 18:18:25,885 [c50ce170-3170-4e03-b167-34e0e02687b2@group-D321C9D6F1F4-LeaderElection8] INFO  segmented.SegmentedRaftLogWorker (SegmentedRaftLogWorker.java:startLogSegment(385)) - c50ce170-3170-4e03-b167-34e0e02687b2@group-D321C9D6F1F4-SegmentedRaftLogWorker: Starting segment from index:0
2019-10-20 18:18:25,885 [grpc-default-executor-0] INFO  impl.RaftServerProxy (RaftServerProxy.java:addNew(89)) - 6b2f58fd-30db-463e-9aa7-62340e6715ac: addNew group-2FD409A0D6B9:[6b2f58fd-30db-463e-9aa7-62340e6715ac:192.168.164.241:37544] returns group-2FD409A0D6B9:java.util.concurrent.CompletableFuture@352400b4[Not completed]
2019-10-20 18:18:25,885 [c50ce170-3170-4e03-b167-34e0e02687b2@group-D321C9D6F1F4-LeaderElection8] INFO  impl.RaftServerImpl (ServerState.java:setRaftConf(357)) - c50ce170-3170-4e03-b167-34e0e02687b2@group-D321C9D6F1F4: set configuration 0: [c50ce170-3170-4e03-b167-34e0e02687b2:192.168.164.241:37695], old=null at 0
2019-10-20 18:18:25,914 [eb28ec45-9b2b-44d6-ae7e-a31feda643bc@group-C6BE79E2629F-SegmentedRaftLogWorker] INFO  segmented.SegmentedRaftLogWorker (SegmentedRaftLogWorker.java:execute(576)) - eb28ec45-9b2b-44d6-ae7e-a31feda643bc@group-C6BE79E2629F-SegmentedRaftLogWorker: created new log segment /workdir/hadoop-ozone/integration-test/target/test-dir/MiniOzoneClusterImpl-3ef3c7a0-fafa-4375-a23c-18b63a3f56e7/datanode-5/data/ratis/06ad0427-e065-4c29-be98-c6be79e2629f/current/log_inprogress_0
2019-10-20 18:18:25,917 [pool-87-thread-1] INFO  impl.RaftServerImpl (RaftServerImpl.java:<init>(104)) - 6b2f58fd-30db-463e-9aa7-62340e6715ac: new RaftServerImpl for group-2FD409A0D6B9:[6b2f58fd-30db-463e-9aa7-62340e6715ac:192.168.164.241:37544] with ContainerStateMachine:uninitialized
2019-10-20 18:18:25,917 [pool-87-thread-1] INFO  server.RaftServerConfigKeys (ConfUtils.java:logGet(43)) - raft.server.rpc.timeout.min = 1s (custom)
2019-10-20 18:18:25,917 [pool-87-thread-1] INFO  server.RaftServerConfigKeys (ConfUtils.java:logGet(43)) - raft.server.rpc.timeout.max = 1200ms (custom)
2019-10-20 18:18:25,918 [pool-87-thread-1] INFO  server.RaftServerConfigKeys (ConfUtils.java:logGet(43)) - raft.server.rpcslowness.timeout = 120s (custom)
2019-10-20 18:18:25,918 [pool-87-thread-1] INFO  server.RaftServerConfigKeys (ConfUtils.java:logGet(43)) - raft.server.sleep.deviation.threshold = 300 (default)
2019-10-20 18:18:25,918 [pool-87-thread-1] INFO  server.RaftServerConfigKeys (ConfUtils.java:logGet(43)) - raft.server.log.appender.install.snapshot.enabled = false (custom)
2019-10-20 18:18:25,918 [pool-87-thread-1] INFO  impl.RaftServerImpl (ServerState.java:<init>(103)) - 6b2f58fd-30db-463e-9aa7-62340e6715ac@group-2FD409A0D6B9: ConfigurationManager, init=-1: [6b2f58fd-30db-463e-9aa7-62340e6715ac:192.168.164.241:37544], old=null, confs=<EMPTY_MAP>
2019-10-20 18:18:25,918 [pool-87-thread-1] INFO  server.RaftServerConfigKeys (ConfUtils.java:logGet(43)) - raft.server.storage.dir = [/workdir/hadoop-ozone/integration-test/target/test-dir/MiniOzoneClusterImpl-3ef3c7a0-fafa-4375-a23c-18b63a3f56e7/datanode-6/data/ratis] (custom)
2019-10-20 18:18:25,918 [pool-87-thread-1] INFO  server.RaftServerConfigKeys (ConfUtils.java:logGet(43)) - raft.server.log.corruption.policy = EXCEPTION (default)
2019-10-20 18:18:25,919 [pool-87-thread-1] INFO  storage.RaftStorageDirectory (RaftStorageDirectory.java:analyzeStorage(246)) - The storage directory /workdir/hadoop-ozone/integration-test/target/test-dir/MiniOzoneClusterImpl-3ef3c7a0-fafa-4375-a23c-18b63a3f56e7/datanode-6/data/ratis/b36288e2-c404-4f96-8d1f-2fd409a0d6b9 does not exist. Creating ...
2019-10-20 18:18:25,937 [pool-87-thread-1] INFO  storage.RaftStorageDirectory (RaftStorageDirectory.java:tryLock(328)) - Lock on /workdir/hadoop-ozone/integration-test/target/test-dir/MiniOzoneClusterImpl-3ef3c7a0-fafa-4375-a23c-18b63a3f56e7/datanode-6/data/ratis/b36288e2-c404-4f96-8d1f-2fd409a0d6b9/in_use.lock acquired by nodename 6969@pr-hdds-2334-8x2sg-1875309799
2019-10-20 18:18:25,937 [c50ce170-3170-4e03-b167-34e0e02687b2@group-D321C9D6F1F4-SegmentedRaftLogWorker] INFO  segmented.SegmentedRaftLogWorker (SegmentedRaftLogWorker.java:execute(576)) - c50ce170-3170-4e03-b167-34e0e02687b2@group-D321C9D6F1F4-SegmentedRaftLogWorker: created new log segment /workdir/hadoop-ozone/integration-test/target/test-dir/MiniOzoneClusterImpl-3ef3c7a0-fafa-4375-a23c-18b63a3f56e7/datanode-1/data/ratis/cab21f6d-2141-424f-ac5e-d321c9d6f1f4/current/log_inprogress_0
2019-10-20 18:18:25,962 [pool-87-thread-1] INFO  storage.RaftStorage (RaftStorage.java:format(84)) - Storage directory /workdir/hadoop-ozone/integration-test/target/test-dir/MiniOzoneClusterImpl-3ef3c7a0-fafa-4375-a23c-18b63a3f56e7/datanode-6/data/ratis/b36288e2-c404-4f96-8d1f-2fd409a0d6b9 has been successfully formatted.
2019-10-20 18:18:25,963 [pool-87-thread-1] INFO  ratis.ContainerStateMachine (ContainerStateMachine.java:loadSnapshot(231)) - group-2FD409A0D6B9: The snapshot info is null. Setting the last applied indexto:(t:0, i:~)
2019-10-20 18:18:25,963 [pool-87-thread-1] INFO  server.RaftServerConfigKeys (ConfUtils.java:logGet(43)) - raft.server.notification.no-leader.timeout = 120s (custom)
2019-10-20 18:18:25,964 [pool-87-thread-1] INFO  server.RaftServerConfigKeys (ConfUtils.java:logGet(43)) - raft.server.log.use.memory = false (default)
2019-10-20 18:18:25,964 [pool-87-thread-1] INFO  server.RaftServerConfigKeys (ConfUtils.java:logGet(43)) - raft.server.log.purge.gap = 1000000 (custom)
2019-10-20 18:18:25,964 [pool-87-thread-1] INFO  server.RaftServerConfigKeys (ConfUtils.java:logGet(43)) - raft.server.log.appender.buffer.byte-limit = 33554432 (custom)
2019-10-20 18:18:25,964 [pool-87-thread-1] INFO  server.RaftServerConfigKeys (ConfUtils.java:logGet(43)) - raft.server.log.segment.size.max = 1048576 (custom)
2019-10-20 18:18:25,969 [pool-87-thread-1] INFO  server.RaftServerConfigKeys (ConfUtils.java:logGet(43)) - raft.server.log.segment.cache.num.max = 2 (custom)
2019-10-20 18:18:25,969 [pool-87-thread-1] INFO  segmented.SegmentedRaftLogWorker (SegmentedRaftLogWorker.java:<init>(173)) - new 6b2f58fd-30db-463e-9aa7-62340e6715ac@group-2FD409A0D6B9-SegmentedRaftLogWorker for RaftStorage:Storage Directory /workdir/hadoop-ozone/integration-test/target/test-dir/MiniOzoneClusterImpl-3ef3c7a0-fafa-4375-a23c-18b63a3f56e7/datanode-6/data/ratis/b36288e2-c404-4f96-8d1f-2fd409a0d6b9
2019-10-20 18:18:25,969 [pool-87-thread-1] INFO  server.RaftServerConfigKeys (ConfUtils.java:logGet(43)) - raft.server.log.queue.byte-limit = 2147483647 (custom)
2019-10-20 18:18:25,969 [pool-87-thread-1] INFO  server.RaftServerConfigKeys (ConfUtils.java:logGet(43)) - raft.server.log.queue.element-limit = 1024 (custom)
2019-10-20 18:18:25,970 [pool-87-thread-1] INFO  server.RaftServerConfigKeys (ConfUtils.java:logGet(43)) - raft.server.log.segment.size.max = 1048576 (custom)
2019-10-20 18:18:25,970 [pool-87-thread-1] INFO  server.RaftServerConfigKeys (ConfUtils.java:logGet(43)) - raft.server.log.preallocated.size = 16384 (custom)
2019-10-20 18:18:25,970 [pool-87-thread-1] INFO  server.RaftServerConfigKeys (ConfUtils.java:logGet(43)) - raft.server.log.write.buffer.size = 33554432 (custom)
2019-10-20 18:18:25,970 [pool-87-thread-1] INFO  server.RaftServerConfigKeys (ConfUtils.java:logGet(43)) - raft.server.log.force.sync.num = 128 (default)
2019-10-20 18:18:25,971 [pool-87-thread-1] INFO  server.RaftServerConfigKeys (ConfUtils.java:logGet(43)) - raft.server.log.statemachine.data.sync = true (default)
2019-10-20 18:18:25,971 [pool-87-thread-1] INFO  server.RaftServerConfigKeys (ConfUtils.java:logGet(43)) - raft.server.log.statemachine.data.sync.timeout = 10s (default)
2019-10-20 18:18:25,971 [pool-87-thread-1] INFO  server.RaftServerConfigKeys (ConfUtils.java:logGet(43)) - raft.server.log.statemachine.data.sync.timeout.retry = -1 (default)
2019-10-20 18:18:25,972 [pool-87-thread-1] INFO  server.RaftServerConfigKeys (ConfUtils.java:logGet(43)) - raft.server.log.statemachine.data.caching.enabled = true (custom)
2019-10-20 18:18:25,973 [pool-87-thread-1] INFO  segmented.SegmentedRaftLogWorker (SegmentedRaftLogWorker.java:lambda$new$0(128)) - 6b2f58fd-30db-463e-9aa7-62340e6715ac@group-2FD409A0D6B9-SegmentedRaftLogWorker: flushIndex: setUnconditionally 0 -> -1
2019-10-20 18:18:25,973 [pool-87-thread-1] INFO  server.RaftServerConfigKeys (ConfUtils.java:logGet(43)) - raft.server.snapshot.auto.trigger.enabled = true (custom)
2019-10-20 18:18:25,974 [pool-87-thread-1] INFO  server.RaftServerConfigKeys (ConfUtils.java:logGet(43)) - raft.server.snapshot.auto.trigger.threshold = 10000 (custom)
2019-10-20 18:18:25,974 [pool-87-thread-1] INFO  server.RaftServerConfigKeys (ConfUtils.java:logGet(43)) - raft.server.snapshot.retention.file.num = 5 (custom)
2019-10-20 18:18:25,974 [pool-87-thread-1] INFO  server.RaftServerConfigKeys (ConfUtils.java:logGet(43)) - raft.server.retrycache.expirytime = 600000ms (custom)
2019-10-20 18:18:25,976 [Thread-323] INFO  impl.FollowerState (FollowerState.java:run(108)) - a6e136fe-e391-4364-8a60-53801fc9277d@group-A317E22BC030-FollowerState: change to CANDIDATE, lastRpcTime:173ms, electionTimeout:164ms
2019-10-20 18:18:25,977 [Thread-323] INFO  impl.RoleInfo (RoleInfo.java:shutdownFollowerState(121)) - a6e136fe-e391-4364-8a60-53801fc9277d: shutdown FollowerState
2019-10-20 18:18:25,977 [Thread-323] INFO  impl.RaftServerImpl (RaftServerImpl.java:setRole(184)) - a6e136fe-e391-4364-8a60-53801fc9277d@group-A317E22BC030: changes role from  FOLLOWER to CANDIDATE at term 0 for changeToCandidate
2019-10-20 18:18:25,981 [Thread-323] INFO  impl.RoleInfo (RoleInfo.java:updateAndGet(143)) - a6e136fe-e391-4364-8a60-53801fc9277d: start LeaderElection
2019-10-20 18:18:25,990 [pool-87-thread-1] INFO  impl.RaftServerImpl (RaftServerImpl.java:start(195)) - 6b2f58fd-30db-463e-9aa7-62340e6715ac@group-2FD409A0D6B9: start as a follower, conf=-1: [6b2f58fd-30db-463e-9aa7-62340e6715ac:192.168.164.241:37544], old=null
2019-10-20 18:18:25,990 [pool-87-thread-1] INFO  impl.RaftServerImpl (RaftServerImpl.java:setRole(184)) - 6b2f58fd-30db-463e-9aa7-62340e6715ac@group-2FD409A0D6B9: changes role from      null to FOLLOWER at term 0 for startAsFollower
2019-10-20 18:18:25,990 [pool-87-thread-1] INFO  impl.RoleInfo (RoleInfo.java:updateAndGet(143)) - 6b2f58fd-30db-463e-9aa7-62340e6715ac: start FollowerState
2019-10-20 18:18:25,990 [pool-87-thread-1] INFO  util.JmxRegister (JmxRegister.java:tryRegister(44)) - Successfully registered JMX Bean with object name Ratis:service=RaftServer,group=group-2FD409A0D6B9,id=6b2f58fd-30db-463e-9aa7-62340e6715ac
2019-10-20 18:18:26,005 [RatisPipelineUtilsThread] INFO  pipeline.PipelineStateManager (PipelineStateManager.java:addPipeline(56)) - Created pipeline Pipeline[ Id: b36288e2-c404-4f96-8d1f-2fd409a0d6b9, Nodes: 6b2f58fd-30db-463e-9aa7-62340e6715ac{ip: 192.168.164.241, host: pr-hdds-2334-8x2sg-1875309799, networkLocation: /default-rack, certSerialId: null}, Type:RATIS, Factor:ONE, State:OPEN]
2019-10-20 18:18:26,013 [a6e136fe-e391-4364-8a60-53801fc9277d@group-A317E22BC030-LeaderElection9] INFO  impl.LeaderElection (LeaderElection.java:askForVotes(178)) - a6e136fe-e391-4364-8a60-53801fc9277d@group-A317E22BC030-LeaderElection9: begin an election at term 1 for -1: [a6e136fe-e391-4364-8a60-53801fc9277d:192.168.164.241:40755], old=null
2019-10-20 18:18:26,014 [a6e136fe-e391-4364-8a60-53801fc9277d@group-A317E22BC030-LeaderElection9] INFO  impl.RoleInfo (RoleInfo.java:shutdownLeaderElection(134)) - a6e136fe-e391-4364-8a60-53801fc9277d: shutdown LeaderElection
2019-10-20 18:18:26,015 [a6e136fe-e391-4364-8a60-53801fc9277d@group-A317E22BC030-LeaderElection9] INFO  impl.RaftServerImpl (RaftServerImpl.java:setRole(184)) - a6e136fe-e391-4364-8a60-53801fc9277d@group-A317E22BC030: changes role from CANDIDATE to LEADER at term 1 for changeToLeader
2019-10-20 18:18:26,015 [a6e136fe-e391-4364-8a60-53801fc9277d@group-A317E22BC030-LeaderElection9] INFO  impl.RaftServerImpl (ServerState.java:setLeader(256)) - a6e136fe-e391-4364-8a60-53801fc9277d@group-A317E22BC030: change Leader from null to a6e136fe-e391-4364-8a60-53801fc9277d at term 1 for becomeLeader, leader elected after 221ms
2019-10-20 18:18:26,018 [a6e136fe-e391-4364-8a60-53801fc9277d@group-A317E22BC030-LeaderElection9] INFO  server.RaftServerConfigKeys (ConfUtils.java:logGet(43)) - raft.server.staging.catchup.gap = 1000 (default)
2019-10-20 18:18:26,019 [a6e136fe-e391-4364-8a60-53801fc9277d@group-A317E22BC030-LeaderElection9] INFO  server.RaftServerConfigKeys (ConfUtils.java:logGet(43)) - raft.server.rpc.sleep.time = 25ms (default)
2019-10-20 18:18:26,019 [a6e136fe-e391-4364-8a60-53801fc9277d@group-A317E22BC030-LeaderElection9] INFO  server.RaftServerConfigKeys (ConfUtils.java:logGet(43)) - raft.server.write.element-limit = 4096 (default)
2019-10-20 18:18:26,020 [a6e136fe-e391-4364-8a60-53801fc9277d@group-A317E22BC030-LeaderElection9] INFO  server.RaftServerConfigKeys (ConfUtils.java:logGet(43)) - raft.server.watch.timeout = 10s (default)
2019-10-20 18:18:26,021 [a6e136fe-e391-4364-8a60-53801fc9277d@group-A317E22BC030-LeaderElection9] INFO  server.RaftServerConfigKeys (ConfUtils.java:logGet(43)) - raft.server.watch.timeout.denomination = 1s (default)
2019-10-20 18:18:26,022 [a6e136fe-e391-4364-8a60-53801fc9277d@group-A317E22BC030-LeaderElection9] INFO  server.RaftServerConfigKeys (ConfUtils.java:logGet(43)) - raft.server.watch.element-limit = 65536 (default)
2019-10-20 18:18:26,035 [a6e136fe-e391-4364-8a60-53801fc9277d@group-A317E22BC030-LeaderElection9] INFO  impl.RoleInfo (RoleInfo.java:updateAndGet(143)) - a6e136fe-e391-4364-8a60-53801fc9277d: start LeaderState
2019-10-20 18:18:26,035 [grpc-default-executor-2] INFO  impl.RaftServerProxy (RaftServerProxy.java:addNew(89)) - 399079f7-1eb1-4f37-b003-267572525934: addNew group-D40A05E2FCF9:[399079f7-1eb1-4f37-b003-267572525934:192.168.164.241:37762, 7a43c46a-fc88-4b2d-b2da-ae029cfa60ff:192.168.164.241:43684, 6c5c38af-62e6-4ea7-a24a-078dcb28fb39:192.168.164.241:45428] returns group-D40A05E2FCF9:java.util.concurrent.CompletableFuture@1a68dc19[Not completed]
2019-10-20 18:18:26,036 [a6e136fe-e391-4364-8a60-53801fc9277d@group-A317E22BC030-LeaderElection9] INFO  segmented.SegmentedRaftLogWorker (SegmentedRaftLogWorker.java:startLogSegment(385)) - a6e136fe-e391-4364-8a60-53801fc9277d@group-A317E22BC030-SegmentedRaftLogWorker: Starting segment from index:0
2019-10-20 18:18:26,037 [grpc-default-executor-1] INFO  impl.RaftServerProxy (RaftServerProxy.java:addNew(89)) - 6c5c38af-62e6-4ea7-a24a-078dcb28fb39: addNew group-D40A05E2FCF9:[399079f7-1eb1-4f37-b003-267572525934:192.168.164.241:37762, 7a43c46a-fc88-4b2d-b2da-ae029cfa60ff:192.168.164.241:43684, 6c5c38af-62e6-4ea7-a24a-078dcb28fb39:192.168.164.241:45428] returns group-D40A05E2FCF9:java.util.concurrent.CompletableFuture@11ca290e[Not completed]
2019-10-20 18:18:26,038 [a6e136fe-e391-4364-8a60-53801fc9277d@group-A317E22BC030-LeaderElection9] INFO  impl.RaftServerImpl (ServerState.java:setRaftConf(357)) - a6e136fe-e391-4364-8a60-53801fc9277d@group-A317E22BC030: set configuration 0: [a6e136fe-e391-4364-8a60-53801fc9277d:192.168.164.241:40755], old=null at 0
2019-10-20 18:18:26,038 [pool-67-thread-1] INFO  impl.RaftServerImpl (RaftServerImpl.java:<init>(104)) - 399079f7-1eb1-4f37-b003-267572525934: new RaftServerImpl for group-D40A05E2FCF9:[399079f7-1eb1-4f37-b003-267572525934:192.168.164.241:37762, 7a43c46a-fc88-4b2d-b2da-ae029cfa60ff:192.168.164.241:43684, 6c5c38af-62e6-4ea7-a24a-078dcb28fb39:192.168.164.241:45428] with ContainerStateMachine:uninitialized
2019-10-20 18:18:26,066 [pool-67-thread-1] INFO  server.RaftServerConfigKeys (ConfUtils.java:logGet(43)) - raft.server.rpc.timeout.min = 1s (custom)
2019-10-20 18:18:26,066 [pool-67-thread-1] INFO  server.RaftServerConfigKeys (ConfUtils.java:logGet(43)) - raft.server.rpc.timeout.max = 1200ms (custom)
2019-10-20 18:18:26,066 [pool-67-thread-1] INFO  server.RaftServerConfigKeys (ConfUtils.java:logGet(43)) - raft.server.rpcslowness.timeout = 120s (custom)
2019-10-20 18:18:26,066 [pool-67-thread-1] INFO  server.RaftServerConfigKeys (ConfUtils.java:logGet(43)) - raft.server.sleep.deviation.threshold = 300 (default)
2019-10-20 18:18:26,066 [pool-67-thread-1] INFO  server.RaftServerConfigKeys (ConfUtils.java:logGet(43)) - raft.server.log.appender.install.snapshot.enabled = false (custom)
2019-10-20 18:18:26,066 [pool-67-thread-1] INFO  impl.RaftServerImpl (ServerState.java:<init>(103)) - 399079f7-1eb1-4f37-b003-267572525934@group-D40A05E2FCF9: ConfigurationManager, init=-1: [399079f7-1eb1-4f37-b003-267572525934:192.168.164.241:37762, 7a43c46a-fc88-4b2d-b2da-ae029cfa60ff:192.168.164.241:43684, 6c5c38af-62e6-4ea7-a24a-078dcb28fb39:192.168.164.241:45428], old=null, confs=<EMPTY_MAP>
2019-10-20 18:18:26,066 [grpc-default-executor-1] INFO  impl.RaftServerProxy (RaftServerProxy.java:addNew(89)) - 7a43c46a-fc88-4b2d-b2da-ae029cfa60ff: addNew group-D40A05E2FCF9:[399079f7-1eb1-4f37-b003-267572525934:192.168.164.241:37762, 7a43c46a-fc88-4b2d-b2da-ae029cfa60ff:192.168.164.241:43684, 6c5c38af-62e6-4ea7-a24a-078dcb28fb39:192.168.164.241:45428] returns group-D40A05E2FCF9:java.util.concurrent.CompletableFuture@15f5afef[Not completed]
2019-10-20 18:18:26,067 [pool-67-thread-1] INFO  server.RaftServerConfigKeys (ConfUtils.java:logGet(43)) - raft.server.storage.dir = [/workdir/hadoop-ozone/integration-test/target/test-dir/MiniOzoneClusterImpl-3ef3c7a0-fafa-4375-a23c-18b63a3f56e7/datanode-4/data/ratis] (custom)
2019-10-20 18:18:26,067 [pool-57-thread-1] INFO  impl.RaftServerImpl (RaftServerImpl.java:<init>(104)) - 6c5c38af-62e6-4ea7-a24a-078dcb28fb39: new RaftServerImpl for group-D40A05E2FCF9:[399079f7-1eb1-4f37-b003-267572525934:192.168.164.241:37762, 7a43c46a-fc88-4b2d-b2da-ae029cfa60ff:192.168.164.241:43684, 6c5c38af-62e6-4ea7-a24a-078dcb28fb39:192.168.164.241:45428] with ContainerStateMachine:uninitialized
2019-10-20 18:18:26,067 [pool-57-thread-1] INFO  server.RaftServerConfigKeys (ConfUtils.java:logGet(43)) - raft.server.rpc.timeout.min = 1s (custom)
2019-10-20 18:18:26,067 [pool-67-thread-1] INFO  server.RaftServerConfigKeys (ConfUtils.java:logGet(43)) - raft.server.log.corruption.policy = EXCEPTION (default)
2019-10-20 18:18:26,067 [pool-57-thread-1] INFO  server.RaftServerConfigKeys (ConfUtils.java:logGet(43)) - raft.server.rpc.timeout.max = 1200ms (custom)
2019-10-20 18:18:26,068 [pool-57-thread-1] INFO  server.RaftServerConfigKeys (ConfUtils.java:logGet(43)) - raft.server.rpcslowness.timeout = 120s (custom)
2019-10-20 18:18:26,068 [pool-67-thread-1] INFO  storage.RaftStorageDirectory (RaftStorageDirectory.java:analyzeStorage(246)) - The storage directory /workdir/hadoop-ozone/integration-test/target/test-dir/MiniOzoneClusterImpl-3ef3c7a0-fafa-4375-a23c-18b63a3f56e7/datanode-4/data/ratis/f057958d-0f40-4af6-8dbf-d40a05e2fcf9 does not exist. Creating ...
2019-10-20 18:18:26,068 [pool-57-thread-1] INFO  server.RaftServerConfigKeys (ConfUtils.java:logGet(43)) - raft.server.sleep.deviation.threshold = 300 (default)
2019-10-20 18:18:26,068 [pool-57-thread-1] INFO  server.RaftServerConfigKeys (ConfUtils.java:logGet(43)) - raft.server.log.appender.install.snapshot.enabled = false (custom)
2019-10-20 18:18:26,068 [pool-57-thread-1] INFO  impl.RaftServerImpl (ServerState.java:<init>(103)) - 6c5c38af-62e6-4ea7-a24a-078dcb28fb39@group-D40A05E2FCF9: ConfigurationManager, init=-1: [399079f7-1eb1-4f37-b003-267572525934:192.168.164.241:37762, 7a43c46a-fc88-4b2d-b2da-ae029cfa60ff:192.168.164.241:43684, 6c5c38af-62e6-4ea7-a24a-078dcb28fb39:192.168.164.241:45428], old=null, confs=<EMPTY_MAP>
2019-10-20 18:18:26,069 [pool-117-thread-1] INFO  impl.RaftServerImpl (RaftServerImpl.java:<init>(104)) - 7a43c46a-fc88-4b2d-b2da-ae029cfa60ff: new RaftServerImpl for group-D40A05E2FCF9:[399079f7-1eb1-4f37-b003-267572525934:192.168.164.241:37762, 7a43c46a-fc88-4b2d-b2da-ae029cfa60ff:192.168.164.241:43684, 6c5c38af-62e6-4ea7-a24a-078dcb28fb39:192.168.164.241:45428] with ContainerStateMachine:uninitialized
2019-10-20 18:18:26,069 [pool-57-thread-1] INFO  server.RaftServerConfigKeys (ConfUtils.java:logGet(43)) - raft.server.storage.dir = [/workdir/hadoop-ozone/integration-test/target/test-dir/MiniOzoneClusterImpl-3ef3c7a0-fafa-4375-a23c-18b63a3f56e7/datanode-3/data/ratis] (custom)
2019-10-20 18:18:26,069 [pool-117-thread-1] INFO  server.RaftServerConfigKeys (ConfUtils.java:logGet(43)) - raft.server.rpc.timeout.min = 1s (custom)
2019-10-20 18:18:26,069 [pool-57-thread-1] INFO  server.RaftServerConfigKeys (ConfUtils.java:logGet(43)) - raft.server.log.corruption.policy = EXCEPTION (default)
2019-10-20 18:18:26,069 [pool-117-thread-1] INFO  server.RaftServerConfigKeys (ConfUtils.java:logGet(43)) - raft.server.rpc.timeout.max = 1200ms (custom)
2019-10-20 18:18:26,069 [pool-57-thread-1] INFO  storage.RaftStorageDirectory (RaftStorageDirectory.java:analyzeStorage(246)) - The storage directory /workdir/hadoop-ozone/integration-test/target/test-dir/MiniOzoneClusterImpl-3ef3c7a0-fafa-4375-a23c-18b63a3f56e7/datanode-3/data/ratis/f057958d-0f40-4af6-8dbf-d40a05e2fcf9 does not exist. Creating ...
2019-10-20 18:18:26,070 [pool-117-thread-1] INFO  server.RaftServerConfigKeys (ConfUtils.java:logGet(43)) - raft.server.rpcslowness.timeout = 120s (custom)
2019-10-20 18:18:26,070 [pool-117-thread-1] INFO  server.RaftServerConfigKeys (ConfUtils.java:logGet(43)) - raft.server.sleep.deviation.threshold = 300 (default)
2019-10-20 18:18:26,070 [pool-117-thread-1] INFO  server.RaftServerConfigKeys (ConfUtils.java:logGet(43)) - raft.server.log.appender.install.snapshot.enabled = false (custom)
2019-10-20 18:18:26,070 [pool-117-thread-1] INFO  impl.RaftServerImpl (ServerState.java:<init>(103)) - 7a43c46a-fc88-4b2d-b2da-ae029cfa60ff@group-D40A05E2FCF9: ConfigurationManager, init=-1: [399079f7-1eb1-4f37-b003-267572525934:192.168.164.241:37762, 7a43c46a-fc88-4b2d-b2da-ae029cfa60ff:192.168.164.241:43684, 6c5c38af-62e6-4ea7-a24a-078dcb28fb39:192.168.164.241:45428], old=null, confs=<EMPTY_MAP>
2019-10-20 18:18:26,070 [pool-117-thread-1] INFO  server.RaftServerConfigKeys (ConfUtils.java:logGet(43)) - raft.server.storage.dir = [/workdir/hadoop-ozone/integration-test/target/test-dir/MiniOzoneClusterImpl-3ef3c7a0-fafa-4375-a23c-18b63a3f56e7/datanode-9/data/ratis] (custom)
2019-10-20 18:18:26,071 [pool-117-thread-1] INFO  server.RaftServerConfigKeys (ConfUtils.java:logGet(43)) - raft.server.log.corruption.policy = EXCEPTION (default)
2019-10-20 18:18:26,071 [pool-117-thread-1] INFO  storage.RaftStorageDirectory (RaftStorageDirectory.java:analyzeStorage(246)) - The storage directory /workdir/hadoop-ozone/integration-test/target/test-dir/MiniOzoneClusterImpl-3ef3c7a0-fafa-4375-a23c-18b63a3f56e7/datanode-9/data/ratis/f057958d-0f40-4af6-8dbf-d40a05e2fcf9 does not exist. Creating ...
2019-10-20 18:18:26,090 [pool-117-thread-1] INFO  storage.RaftStorageDirectory (RaftStorageDirectory.java:tryLock(328)) - Lock on /workdir/hadoop-ozone/integration-test/target/test-dir/MiniOzoneClusterImpl-3ef3c7a0-fafa-4375-a23c-18b63a3f56e7/datanode-9/data/ratis/f057958d-0f40-4af6-8dbf-d40a05e2fcf9/in_use.lock acquired by nodename 6969@pr-hdds-2334-8x2sg-1875309799
2019-10-20 18:18:26,090 [pool-57-thread-1] INFO  storage.RaftStorageDirectory (RaftStorageDirectory.java:tryLock(328)) - Lock on /workdir/hadoop-ozone/integration-test/target/test-dir/MiniOzoneClusterImpl-3ef3c7a0-fafa-4375-a23c-18b63a3f56e7/datanode-3/data/ratis/f057958d-0f40-4af6-8dbf-d40a05e2fcf9/in_use.lock acquired by nodename 6969@pr-hdds-2334-8x2sg-1875309799
2019-10-20 18:18:26,090 [a6e136fe-e391-4364-8a60-53801fc9277d@group-A317E22BC030-SegmentedRaftLogWorker] INFO  segmented.SegmentedRaftLogWorker (SegmentedRaftLogWorker.java:execute(576)) - a6e136fe-e391-4364-8a60-53801fc9277d@group-A317E22BC030-SegmentedRaftLogWorker: created new log segment /workdir/hadoop-ozone/integration-test/target/test-dir/MiniOzoneClusterImpl-3ef3c7a0-fafa-4375-a23c-18b63a3f56e7/datanode-8/data/ratis/b3328e41-feb4-488f-965a-a317e22bc030/current/log_inprogress_0
2019-10-20 18:18:26,090 [pool-67-thread-1] INFO  storage.RaftStorageDirectory (RaftStorageDirectory.java:tryLock(328)) - Lock on /workdir/hadoop-ozone/integration-test/target/test-dir/MiniOzoneClusterImpl-3ef3c7a0-fafa-4375-a23c-18b63a3f56e7/datanode-4/data/ratis/f057958d-0f40-4af6-8dbf-d40a05e2fcf9/in_use.lock acquired by nodename 6969@pr-hdds-2334-8x2sg-1875309799
2019-10-20 18:18:26,120 [Thread-330] INFO  impl.FollowerState (FollowerState.java:run(108)) - 6b2f58fd-30db-463e-9aa7-62340e6715ac@group-2FD409A0D6B9-FollowerState: change to CANDIDATE, lastRpcTime:130ms, electionTimeout:130ms
2019-10-20 18:18:26,121 [Thread-330] INFO  impl.RoleInfo (RoleInfo.java:shutdownFollowerState(121)) - 6b2f58fd-30db-463e-9aa7-62340e6715ac: shutdown FollowerState
2019-10-20 18:18:26,121 [Thread-330] INFO  impl.RaftServerImpl (RaftServerImpl.java:setRole(184)) - 6b2f58fd-30db-463e-9aa7-62340e6715ac@group-2FD409A0D6B9: changes role from  FOLLOWER to CANDIDATE at term 0 for changeToCandidate
2019-10-20 18:18:26,121 [Thread-330] INFO  impl.RoleInfo (RoleInfo.java:updateAndGet(143)) - 6b2f58fd-30db-463e-9aa7-62340e6715ac: start LeaderElection
2019-10-20 18:18:26,124 [pool-57-thread-1] INFO  storage.RaftStorage (RaftStorage.java:format(84)) - Storage directory /workdir/hadoop-ozone/integration-test/target/test-dir/MiniOzoneClusterImpl-3ef3c7a0-fafa-4375-a23c-18b63a3f56e7/datanode-3/data/ratis/f057958d-0f40-4af6-8dbf-d40a05e2fcf9 has been successfully formatted.
2019-10-20 18:18:26,124 [pool-67-thread-1] INFO  storage.RaftStorage (RaftStorage.java:format(84)) - Storage directory /workdir/hadoop-ozone/integration-test/target/test-dir/MiniOzoneClusterImpl-3ef3c7a0-fafa-4375-a23c-18b63a3f56e7/datanode-4/data/ratis/f057958d-0f40-4af6-8dbf-d40a05e2fcf9 has been successfully formatted.
2019-10-20 18:18:26,124 [pool-117-thread-1] INFO  storage.RaftStorage (RaftStorage.java:format(84)) - Storage directory /workdir/hadoop-ozone/integration-test/target/test-dir/MiniOzoneClusterImpl-3ef3c7a0-fafa-4375-a23c-18b63a3f56e7/datanode-9/data/ratis/f057958d-0f40-4af6-8dbf-d40a05e2fcf9 has been successfully formatted.
2019-10-20 18:18:26,124 [pool-57-thread-1] INFO  ratis.ContainerStateMachine (ContainerStateMachine.java:loadSnapshot(231)) - group-D40A05E2FCF9: The snapshot info is null. Setting the last applied indexto:(t:0, i:~)
2019-10-20 18:18:26,125 [pool-67-thread-1] INFO  ratis.ContainerStateMachine (ContainerStateMachine.java:loadSnapshot(231)) - group-D40A05E2FCF9: The snapshot info is null. Setting the last applied indexto:(t:0, i:~)
2019-10-20 18:18:26,125 [pool-57-thread-1] INFO  server.RaftServerConfigKeys (ConfUtils.java:logGet(43)) - raft.server.notification.no-leader.timeout = 120s (custom)
2019-10-20 18:18:26,125 [pool-117-thread-1] INFO  ratis.ContainerStateMachine (ContainerStateMachine.java:loadSnapshot(231)) - group-D40A05E2FCF9: The snapshot info is null. Setting the last applied indexto:(t:0, i:~)
2019-10-20 18:18:26,126 [pool-57-thread-1] INFO  server.RaftServerConfigKeys (ConfUtils.java:logGet(43)) - raft.server.log.use.memory = false (default)
2019-10-20 18:18:26,126 [pool-67-thread-1] INFO  server.RaftServerConfigKeys (ConfUtils.java:logGet(43)) - raft.server.notification.no-leader.timeout = 120s (custom)
2019-10-20 18:18:26,127 [pool-57-thread-1] INFO  server.RaftServerConfigKeys (ConfUtils.java:logGet(43)) - raft.server.log.purge.gap = 1000000 (custom)
2019-10-20 18:18:26,127 [pool-117-thread-1] INFO  server.RaftServerConfigKeys (ConfUtils.java:logGet(43)) - raft.server.notification.no-leader.timeout = 120s (custom)
2019-10-20 18:18:26,127 [pool-57-thread-1] INFO  server.RaftServerConfigKeys (ConfUtils.java:logGet(43)) - raft.server.log.appender.buffer.byte-limit = 33554432 (custom)
2019-10-20 18:18:26,127 [pool-67-thread-1] INFO  server.RaftServerConfigKeys (ConfUtils.java:logGet(43)) - raft.server.log.use.memory = false (default)
2019-10-20 18:18:26,127 [pool-57-thread-1] INFO  server.RaftServerConfigKeys (ConfUtils.java:logGet(43)) - raft.server.log.segment.size.max = 1048576 (custom)
2019-10-20 18:18:26,127 [pool-117-thread-1] INFO  server.RaftServerConfigKeys (ConfUtils.java:logGet(43)) - raft.server.log.use.memory = false (default)
2019-10-20 18:18:26,127 [pool-57-thread-1] INFO  server.RaftServerConfigKeys (ConfUtils.java:logGet(43)) - raft.server.log.segment.cache.num.max = 2 (custom)
2019-10-20 18:18:26,127 [pool-67-thread-1] INFO  server.RaftServerConfigKeys (ConfUtils.java:logGet(43)) - raft.server.log.purge.gap = 1000000 (custom)
2019-10-20 18:18:26,127 [pool-57-thread-1] INFO  segmented.SegmentedRaftLogWorker (SegmentedRaftLogWorker.java:<init>(173)) - new 6c5c38af-62e6-4ea7-a24a-078dcb28fb39@group-D40A05E2FCF9-SegmentedRaftLogWorker for RaftStorage:Storage Directory /workdir/hadoop-ozone/integration-test/target/test-dir/MiniOzoneClusterImpl-3ef3c7a0-fafa-4375-a23c-18b63a3f56e7/datanode-3/data/ratis/f057958d-0f40-4af6-8dbf-d40a05e2fcf9
2019-10-20 18:18:26,127 [pool-117-thread-1] INFO  server.RaftServerConfigKeys (ConfUtils.java:logGet(43)) - raft.server.log.purge.gap = 1000000 (custom)
2019-10-20 18:18:26,128 [pool-57-thread-1] INFO  server.RaftServerConfigKeys (ConfUtils.java:logGet(43)) - raft.server.log.queue.byte-limit = 2147483647 (custom)
2019-10-20 18:18:26,128 [pool-67-thread-1] INFO  server.RaftServerConfigKeys (ConfUtils.java:logGet(43)) - raft.server.log.appender.buffer.byte-limit = 33554432 (custom)
2019-10-20 18:18:26,128 [pool-57-thread-1] INFO  server.RaftServerConfigKeys (ConfUtils.java:logGet(43)) - raft.server.log.queue.element-limit = 1024 (custom)
2019-10-20 18:18:26,128 [pool-117-thread-1] INFO  server.RaftServerConfigKeys (ConfUtils.java:logGet(43)) - raft.server.log.appender.buffer.byte-limit = 33554432 (custom)
2019-10-20 18:18:26,128 [pool-57-thread-1] INFO  server.RaftServerConfigKeys (ConfUtils.java:logGet(43)) - raft.server.log.segment.size.max = 1048576 (custom)
2019-10-20 18:18:26,128 [pool-67-thread-1] INFO  server.RaftServerConfigKeys (ConfUtils.java:logGet(43)) - raft.server.log.segment.size.max = 1048576 (custom)
2019-10-20 18:18:26,128 [pool-57-thread-1] INFO  server.RaftServerConfigKeys (ConfUtils.java:logGet(43)) - raft.server.log.preallocated.size = 16384 (custom)
2019-10-20 18:18:26,128 [pool-117-thread-1] INFO  server.RaftServerConfigKeys (ConfUtils.java:logGet(43)) - raft.server.log.segment.size.max = 1048576 (custom)
2019-10-20 18:18:26,128 [pool-57-thread-1] INFO  server.RaftServerConfigKeys (ConfUtils.java:logGet(43)) - raft.server.log.write.buffer.size = 33554432 (custom)
2019-10-20 18:18:26,128 [pool-67-thread-1] INFO  server.RaftServerConfigKeys (ConfUtils.java:logGet(43)) - raft.server.log.segment.cache.num.max = 2 (custom)
2019-10-20 18:18:26,129 [pool-57-thread-1] INFO  server.RaftServerConfigKeys (ConfUtils.java:logGet(43)) - raft.server.log.force.sync.num = 128 (default)
2019-10-20 18:18:26,129 [pool-117-thread-1] INFO  server.RaftServerConfigKeys (ConfUtils.java:logGet(43)) - raft.server.log.segment.cache.num.max = 2 (custom)
2019-10-20 18:18:26,129 [pool-57-thread-1] INFO  server.RaftServerConfigKeys (ConfUtils.java:logGet(43)) - raft.server.log.statemachine.data.sync = true (default)
2019-10-20 18:18:26,129 [pool-67-thread-1] INFO  segmented.SegmentedRaftLogWorker (SegmentedRaftLogWorker.java:<init>(173)) - new 399079f7-1eb1-4f37-b003-267572525934@group-D40A05E2FCF9-SegmentedRaftLogWorker for RaftStorage:Storage Directory /workdir/hadoop-ozone/integration-test/target/test-dir/MiniOzoneClusterImpl-3ef3c7a0-fafa-4375-a23c-18b63a3f56e7/datanode-4/data/ratis/f057958d-0f40-4af6-8dbf-d40a05e2fcf9
2019-10-20 18:18:26,129 [pool-57-thread-1] INFO  server.RaftServerConfigKeys (ConfUtils.java:logGet(43)) - raft.server.log.statemachine.data.sync.timeout = 10s (default)
2019-10-20 18:18:26,129 [pool-117-thread-1] INFO  segmented.SegmentedRaftLogWorker (SegmentedRaftLogWorker.java:<init>(173)) - new 7a43c46a-fc88-4b2d-b2da-ae029cfa60ff@group-D40A05E2FCF9-SegmentedRaftLogWorker for RaftStorage:Storage Directory /workdir/hadoop-ozone/integration-test/target/test-dir/MiniOzoneClusterImpl-3ef3c7a0-fafa-4375-a23c-18b63a3f56e7/datanode-9/data/ratis/f057958d-0f40-4af6-8dbf-d40a05e2fcf9
2019-10-20 18:18:26,129 [pool-57-thread-1] INFO  server.RaftServerConfigKeys (ConfUtils.java:logGet(43)) - raft.server.log.statemachine.data.sync.timeout.retry = -1 (default)
2019-10-20 18:18:26,129 [pool-67-thread-1] INFO  server.RaftServerConfigKeys (ConfUtils.java:logGet(43)) - raft.server.log.queue.byte-limit = 2147483647 (custom)
2019-10-20 18:18:26,130 [pool-57-thread-1] INFO  server.RaftServerConfigKeys (ConfUtils.java:logGet(43)) - raft.server.log.statemachine.data.caching.enabled = true (custom)
2019-10-20 18:18:26,129 [pool-117-thread-1] INFO  server.RaftServerConfigKeys (ConfUtils.java:logGet(43)) - raft.server.log.queue.byte-limit = 2147483647 (custom)
2019-10-20 18:18:26,130 [pool-67-thread-1] INFO  server.RaftServerConfigKeys (ConfUtils.java:logGet(43)) - raft.server.log.queue.element-limit = 1024 (custom)
2019-10-20 18:18:26,130 [pool-117-thread-1] INFO  server.RaftServerConfigKeys (ConfUtils.java:logGet(43)) - raft.server.log.queue.element-limit = 1024 (custom)
2019-10-20 18:18:26,130 [pool-67-thread-1] INFO  server.RaftServerConfigKeys (ConfUtils.java:logGet(43)) - raft.server.log.segment.size.max = 1048576 (custom)
2019-10-20 18:18:26,130 [pool-117-thread-1] INFO  server.RaftServerConfigKeys (ConfUtils.java:logGet(43)) - raft.server.log.segment.size.max = 1048576 (custom)
2019-10-20 18:18:26,130 [pool-67-thread-1] INFO  server.RaftServerConfigKeys (ConfUtils.java:logGet(43)) - raft.server.log.preallocated.size = 16384 (custom)
2019-10-20 18:18:26,130 [pool-117-thread-1] INFO  server.RaftServerConfigKeys (ConfUtils.java:logGet(43)) - raft.server.log.preallocated.size = 16384 (custom)
2019-10-20 18:18:26,130 [pool-67-thread-1] INFO  server.RaftServerConfigKeys (ConfUtils.java:logGet(43)) - raft.server.log.write.buffer.size = 33554432 (custom)
2019-10-20 18:18:26,130 [pool-117-thread-1] INFO  server.RaftServerConfigKeys (ConfUtils.java:logGet(43)) - raft.server.log.write.buffer.size = 33554432 (custom)
2019-10-20 18:18:26,131 [pool-67-thread-1] INFO  server.RaftServerConfigKeys (ConfUtils.java:logGet(43)) - raft.server.log.force.sync.num = 128 (default)
2019-10-20 18:18:26,131 [pool-117-thread-1] INFO  server.RaftServerConfigKeys (ConfUtils.java:logGet(43)) - raft.server.log.force.sync.num = 128 (default)
2019-10-20 18:18:26,131 [pool-67-thread-1] INFO  server.RaftServerConfigKeys (ConfUtils.java:logGet(43)) - raft.server.log.statemachine.data.sync = true (default)
2019-10-20 18:18:26,131 [pool-117-thread-1] INFO  server.RaftServerConfigKeys (ConfUtils.java:logGet(43)) - raft.server.log.statemachine.data.sync = true (default)
2019-10-20 18:18:26,131 [pool-67-thread-1] INFO  server.RaftServerConfigKeys (ConfUtils.java:logGet(43)) - raft.server.log.statemachine.data.sync.timeout = 10s (default)
2019-10-20 18:18:26,131 [pool-117-thread-1] INFO  server.RaftServerConfigKeys (ConfUtils.java:logGet(43)) - raft.server.log.statemachine.data.sync.timeout = 10s (default)
2019-10-20 18:18:26,131 [pool-67-thread-1] INFO  server.RaftServerConfigKeys (ConfUtils.java:logGet(43)) - raft.server.log.statemachine.data.sync.timeout.retry = -1 (default)
2019-10-20 18:18:26,131 [pool-117-thread-1] INFO  server.RaftServerConfigKeys (ConfUtils.java:logGet(43)) - raft.server.log.statemachine.data.sync.timeout.retry = -1 (default)
2019-10-20 18:18:26,131 [pool-67-thread-1] INFO  server.RaftServerConfigKeys (ConfUtils.java:logGet(43)) - raft.server.log.statemachine.data.caching.enabled = true (custom)
2019-10-20 18:18:26,132 [pool-117-thread-1] INFO  server.RaftServerConfigKeys (ConfUtils.java:logGet(43)) - raft.server.log.statemachine.data.caching.enabled = true (custom)
2019-10-20 18:18:26,132 [pool-57-thread-1] INFO  segmented.SegmentedRaftLogWorker (SegmentedRaftLogWorker.java:lambda$new$0(128)) - 6c5c38af-62e6-4ea7-a24a-078dcb28fb39@group-D40A05E2FCF9-SegmentedRaftLogWorker: flushIndex: setUnconditionally 0 -> -1
2019-10-20 18:18:26,132 [pool-67-thread-1] INFO  segmented.SegmentedRaftLogWorker (SegmentedRaftLogWorker.java:lambda$new$0(128)) - 399079f7-1eb1-4f37-b003-267572525934@group-D40A05E2FCF9-SegmentedRaftLogWorker: flushIndex: setUnconditionally 0 -> -1
2019-10-20 18:18:26,132 [pool-117-thread-1] INFO  segmented.SegmentedRaftLogWorker (SegmentedRaftLogWorker.java:lambda$new$0(128)) - 7a43c46a-fc88-4b2d-b2da-ae029cfa60ff@group-D40A05E2FCF9-SegmentedRaftLogWorker: flushIndex: setUnconditionally 0 -> -1
2019-10-20 18:18:26,132 [pool-57-thread-1] INFO  server.RaftServerConfigKeys (ConfUtils.java:logGet(43)) - raft.server.snapshot.auto.trigger.enabled = true (custom)
2019-10-20 18:18:26,132 [pool-67-thread-1] INFO  server.RaftServerConfigKeys (ConfUtils.java:logGet(43)) - raft.server.snapshot.auto.trigger.enabled = true (custom)
2019-10-20 18:18:26,132 [pool-117-thread-1] INFO  server.RaftServerConfigKeys (ConfUtils.java:logGet(43)) - raft.server.snapshot.auto.trigger.enabled = true (custom)
2019-10-20 18:18:26,132 [pool-57-thread-1] INFO  server.RaftServerConfigKeys (ConfUtils.java:logGet(43)) - raft.server.snapshot.auto.trigger.threshold = 10000 (custom)
2019-10-20 18:18:26,132 [pool-117-thread-1] INFO  server.RaftServerConfigKeys (ConfUtils.java:logGet(43)) - raft.server.snapshot.auto.trigger.threshold = 10000 (custom)
2019-10-20 18:18:26,132 [pool-67-thread-1] INFO  server.RaftServerConfigKeys (ConfUtils.java:logGet(43)) - raft.server.snapshot.auto.trigger.threshold = 10000 (custom)
2019-10-20 18:18:26,133 [pool-117-thread-1] INFO  server.RaftServerConfigKeys (ConfUtils.java:logGet(43)) - raft.server.snapshot.retention.file.num = 5 (custom)
2019-10-20 18:18:26,133 [pool-57-thread-1] INFO  server.RaftServerConfigKeys (ConfUtils.java:logGet(43)) - raft.server.snapshot.retention.file.num = 5 (custom)
2019-10-20 18:18:26,133 [pool-117-thread-1] INFO  server.RaftServerConfigKeys (ConfUtils.java:logGet(43)) - raft.server.retrycache.expirytime = 600000ms (custom)
2019-10-20 18:18:26,133 [pool-67-thread-1] INFO  server.RaftServerConfigKeys (ConfUtils.java:logGet(43)) - raft.server.snapshot.retention.file.num = 5 (custom)
2019-10-20 18:18:26,133 [pool-57-thread-1] INFO  server.RaftServerConfigKeys (ConfUtils.java:logGet(43)) - raft.server.retrycache.expirytime = 600000ms (custom)
2019-10-20 18:18:26,133 [pool-67-thread-1] INFO  server.RaftServerConfigKeys (ConfUtils.java:logGet(43)) - raft.server.retrycache.expirytime = 600000ms (custom)
2019-10-20 18:18:26,137 [pool-117-thread-1] INFO  impl.RaftServerImpl (RaftServerImpl.java:start(195)) - 7a43c46a-fc88-4b2d-b2da-ae029cfa60ff@group-D40A05E2FCF9: start as a follower, conf=-1: [399079f7-1eb1-4f37-b003-267572525934:192.168.164.241:37762, 7a43c46a-fc88-4b2d-b2da-ae029cfa60ff:192.168.164.241:43684, 6c5c38af-62e6-4ea7-a24a-078dcb28fb39:192.168.164.241:45428], old=null
2019-10-20 18:18:26,137 [pool-117-thread-1] INFO  impl.RaftServerImpl (RaftServerImpl.java:setRole(184)) - 7a43c46a-fc88-4b2d-b2da-ae029cfa60ff@group-D40A05E2FCF9: changes role from      null to FOLLOWER at term 0 for startAsFollower
2019-10-20 18:18:26,137 [pool-117-thread-1] INFO  impl.RoleInfo (RoleInfo.java:updateAndGet(143)) - 7a43c46a-fc88-4b2d-b2da-ae029cfa60ff: start FollowerState
2019-10-20 18:18:26,137 [pool-67-thread-1] INFO  impl.RaftServerImpl (RaftServerImpl.java:start(195)) - 399079f7-1eb1-4f37-b003-267572525934@group-D40A05E2FCF9: start as a follower, conf=-1: [399079f7-1eb1-4f37-b003-267572525934:192.168.164.241:37762, 7a43c46a-fc88-4b2d-b2da-ae029cfa60ff:192.168.164.241:43684, 6c5c38af-62e6-4ea7-a24a-078dcb28fb39:192.168.164.241:45428], old=null
2019-10-20 18:18:26,138 [pool-57-thread-1] INFO  impl.RaftServerImpl (RaftServerImpl.java:start(195)) - 6c5c38af-62e6-4ea7-a24a-078dcb28fb39@group-D40A05E2FCF9: start as a follower, conf=-1: [399079f7-1eb1-4f37-b003-267572525934:192.168.164.241:37762, 7a43c46a-fc88-4b2d-b2da-ae029cfa60ff:192.168.164.241:43684, 6c5c38af-62e6-4ea7-a24a-078dcb28fb39:192.168.164.241:45428], old=null
2019-10-20 18:18:26,138 [pool-117-thread-1] INFO  util.JmxRegister (JmxRegister.java:tryRegister(44)) - Successfully registered JMX Bean with object name Ratis:service=RaftServer,group=group-D40A05E2FCF9,id=7a43c46a-fc88-4b2d-b2da-ae029cfa60ff
2019-10-20 18:18:26,138 [pool-67-thread-1] INFO  impl.RaftServerImpl (RaftServerImpl.java:setRole(184)) - 399079f7-1eb1-4f37-b003-267572525934@group-D40A05E2FCF9: changes role from      null to FOLLOWER at term 0 for startAsFollower
2019-10-20 18:18:26,138 [pool-57-thread-1] INFO  impl.RaftServerImpl (RaftServerImpl.java:setRole(184)) - 6c5c38af-62e6-4ea7-a24a-078dcb28fb39@group-D40A05E2FCF9: changes role from      null to FOLLOWER at term 0 for startAsFollower
2019-10-20 18:18:26,138 [pool-67-thread-1] INFO  impl.RoleInfo (RoleInfo.java:updateAndGet(143)) - 399079f7-1eb1-4f37-b003-267572525934: start FollowerState
2019-10-20 18:18:26,138 [pool-57-thread-1] INFO  impl.RoleInfo (RoleInfo.java:updateAndGet(143)) - 6c5c38af-62e6-4ea7-a24a-078dcb28fb39: start FollowerState
2019-10-20 18:18:26,138 [pool-67-thread-1] INFO  util.JmxRegister (JmxRegister.java:tryRegister(44)) - Successfully registered JMX Bean with object name Ratis:service=RaftServer,group=group-D40A05E2FCF9,id=399079f7-1eb1-4f37-b003-267572525934
2019-10-20 18:18:26,138 [pool-57-thread-1] INFO  util.JmxRegister (JmxRegister.java:tryRegister(44)) - Successfully registered JMX Bean with object name Ratis:service=RaftServer,group=group-D40A05E2FCF9,id=6c5c38af-62e6-4ea7-a24a-078dcb28fb39
2019-10-20 18:18:26,146 [Thread-340] INFO  impl.FollowerState (FollowerState.java:run(108)) - 6c5c38af-62e6-4ea7-a24a-078dcb28fb39@group-D40A05E2FCF9-FollowerState: change to CANDIDATE, lastRpcTime:7ms, electionTimeout:7ms
2019-10-20 18:18:26,146 [Thread-340] INFO  impl.RoleInfo (RoleInfo.java:shutdownFollowerState(121)) - 6c5c38af-62e6-4ea7-a24a-078dcb28fb39: shutdown FollowerState
2019-10-20 18:18:26,148 [Thread-340] INFO  impl.RaftServerImpl (RaftServerImpl.java:setRole(184)) - 6c5c38af-62e6-4ea7-a24a-078dcb28fb39@group-D40A05E2FCF9: changes role from  FOLLOWER to CANDIDATE at term 0 for changeToCandidate
2019-10-20 18:18:26,152 [Thread-340] INFO  impl.RoleInfo (RoleInfo.java:updateAndGet(143)) - 6c5c38af-62e6-4ea7-a24a-078dcb28fb39: start LeaderElection
2019-10-20 18:18:26,159 [6b2f58fd-30db-463e-9aa7-62340e6715ac@group-2FD409A0D6B9-LeaderElection10] INFO  impl.LeaderElection (LeaderElection.java:askForVotes(178)) - 6b2f58fd-30db-463e-9aa7-62340e6715ac@group-2FD409A0D6B9-LeaderElection10: begin an election at term 1 for -1: [6b2f58fd-30db-463e-9aa7-62340e6715ac:192.168.164.241:37544], old=null
2019-10-20 18:18:26,159 [6b2f58fd-30db-463e-9aa7-62340e6715ac@group-2FD409A0D6B9-LeaderElection10] INFO  impl.RoleInfo (RoleInfo.java:shutdownLeaderElection(134)) - 6b2f58fd-30db-463e-9aa7-62340e6715ac: shutdown LeaderElection
2019-10-20 18:18:26,159 [6b2f58fd-30db-463e-9aa7-62340e6715ac@group-2FD409A0D6B9-LeaderElection10] INFO  impl.RaftServerImpl (RaftServerImpl.java:setRole(184)) - 6b2f58fd-30db-463e-9aa7-62340e6715ac@group-2FD409A0D6B9: changes role from CANDIDATE to LEADER at term 1 for changeToLeader
2019-10-20 18:18:26,162 [6b2f58fd-30db-463e-9aa7-62340e6715ac@group-2FD409A0D6B9-LeaderElection10] INFO  impl.RaftServerImpl (ServerState.java:setLeader(256)) - 6b2f58fd-30db-463e-9aa7-62340e6715ac@group-2FD409A0D6B9: change Leader from null to 6b2f58fd-30db-463e-9aa7-62340e6715ac at term 1 for becomeLeader, leader elected after 199ms
2019-10-20 18:18:26,163 [6b2f58fd-30db-463e-9aa7-62340e6715ac@group-2FD409A0D6B9-LeaderElection10] INFO  server.RaftServerConfigKeys (ConfUtils.java:logGet(43)) - raft.server.staging.catchup.gap = 1000 (default)
2019-10-20 18:18:26,163 [6b2f58fd-30db-463e-9aa7-62340e6715ac@group-2FD409A0D6B9-LeaderElection10] INFO  server.RaftServerConfigKeys (ConfUtils.java:logGet(43)) - raft.server.rpc.sleep.time = 25ms (default)
2019-10-20 18:18:26,165 [6b2f58fd-30db-463e-9aa7-62340e6715ac@group-2FD409A0D6B9-LeaderElection10] INFO  server.RaftServerConfigKeys (ConfUtils.java:logGet(43)) - raft.server.write.element-limit = 4096 (default)
2019-10-20 18:18:26,165 [6b2f58fd-30db-463e-9aa7-62340e6715ac@group-2FD409A0D6B9-LeaderElection10] INFO  server.RaftServerConfigKeys (ConfUtils.java:logGet(43)) - raft.server.watch.timeout = 10s (default)
2019-10-20 18:18:26,166 [6b2f58fd-30db-463e-9aa7-62340e6715ac@group-2FD409A0D6B9-LeaderElection10] INFO  server.RaftServerConfigKeys (ConfUtils.java:logGet(43)) - raft.server.watch.timeout.denomination = 1s (default)
2019-10-20 18:18:26,166 [6b2f58fd-30db-463e-9aa7-62340e6715ac@group-2FD409A0D6B9-LeaderElection10] INFO  server.RaftServerConfigKeys (ConfUtils.java:logGet(43)) - raft.server.watch.element-limit = 65536 (default)
2019-10-20 18:18:26,173 [RatisPipelineUtilsThread] INFO  pipeline.PipelineStateManager (PipelineStateManager.java:addPipeline(56)) - Created pipeline Pipeline[ Id: f057958d-0f40-4af6-8dbf-d40a05e2fcf9, Nodes: 399079f7-1eb1-4f37-b003-267572525934{ip: 192.168.164.241, host: pr-hdds-2334-8x2sg-1875309799, networkLocation: /default-rack, certSerialId: null}7a43c46a-fc88-4b2d-b2da-ae029cfa60ff{ip: 192.168.164.241, host: pr-hdds-2334-8x2sg-1875309799, networkLocation: /default-rack, certSerialId: null}6c5c38af-62e6-4ea7-a24a-078dcb28fb39{ip: 192.168.164.241, host: pr-hdds-2334-8x2sg-1875309799, networkLocation: /default-rack, certSerialId: null}, Type:RATIS, Factor:THREE, State:OPEN]
2019-10-20 18:18:26,176 [6b2f58fd-30db-463e-9aa7-62340e6715ac@group-2FD409A0D6B9-LeaderElection10] INFO  impl.RoleInfo (RoleInfo.java:updateAndGet(143)) - 6b2f58fd-30db-463e-9aa7-62340e6715ac: start LeaderState
2019-10-20 18:18:26,179 [6b2f58fd-30db-463e-9aa7-62340e6715ac@group-2FD409A0D6B9-LeaderElection10] INFO  segmented.SegmentedRaftLogWorker (SegmentedRaftLogWorker.java:startLogSegment(385)) - 6b2f58fd-30db-463e-9aa7-62340e6715ac@group-2FD409A0D6B9-SegmentedRaftLogWorker: Starting segment from index:0
2019-10-20 18:18:26,185 [6b2f58fd-30db-463e-9aa7-62340e6715ac@group-2FD409A0D6B9-LeaderElection10] INFO  impl.RaftServerImpl (ServerState.java:setRaftConf(357)) - 6b2f58fd-30db-463e-9aa7-62340e6715ac@group-2FD409A0D6B9: set configuration 0: [6b2f58fd-30db-463e-9aa7-62340e6715ac:192.168.164.241:37544], old=null at 0
2019-10-20 18:18:26,210 [Thread-338] INFO  impl.FollowerState (FollowerState.java:run(108)) - 7a43c46a-fc88-4b2d-b2da-ae029cfa60ff@group-D40A05E2FCF9-FollowerState: change to CANDIDATE, lastRpcTime:72ms, electionTimeout:70ms
2019-10-20 18:18:26,211 [6c5c38af-62e6-4ea7-a24a-078dcb28fb39@group-D40A05E2FCF9-LeaderElection11] INFO  impl.LeaderElection (LeaderElection.java:askForVotes(178)) - 6c5c38af-62e6-4ea7-a24a-078dcb28fb39@group-D40A05E2FCF9-LeaderElection11: begin an election at term 1 for -1: [399079f7-1eb1-4f37-b003-267572525934:192.168.164.241:37762, 7a43c46a-fc88-4b2d-b2da-ae029cfa60ff:192.168.164.241:43684, 6c5c38af-62e6-4ea7-a24a-078dcb28fb39:192.168.164.241:45428], old=null
2019-10-20 18:18:26,212 [Thread-338] INFO  impl.RoleInfo (RoleInfo.java:shutdownFollowerState(121)) - 7a43c46a-fc88-4b2d-b2da-ae029cfa60ff: shutdown FollowerState
2019-10-20 18:18:26,213 [Thread-338] INFO  impl.RaftServerImpl (RaftServerImpl.java:setRole(184)) - 7a43c46a-fc88-4b2d-b2da-ae029cfa60ff@group-D40A05E2FCF9: changes role from  FOLLOWER to CANDIDATE at term 0 for changeToCandidate
2019-10-20 18:18:26,213 [Thread-338] INFO  impl.RoleInfo (RoleInfo.java:updateAndGet(143)) - 7a43c46a-fc88-4b2d-b2da-ae029cfa60ff: start LeaderElection
2019-10-20 18:18:26,230 [grpc-default-executor-1] INFO  impl.RaftServerProxy (RaftServerProxy.java:addNew(89)) - 3750b3a2-715b-46b3-9d0c-9e38136244b9: addNew group-F11756C8BA4A:[6ef27e9c-8ddb-4fa1-8c14-ab102acfb1b8:192.168.164.241:38092, b75f8b2e-6273-4c97-b7c5-042674931d23:192.168.164.241:41857, 3750b3a2-715b-46b3-9d0c-9e38136244b9:192.168.164.241:46227] returns group-F11756C8BA4A:java.util.concurrent.CompletableFuture@212f3c88[Not completed]
2019-10-20 18:18:26,230 [grpc-default-executor-0] INFO  impl.RaftServerProxy (RaftServerProxy.java:addNew(89)) - b75f8b2e-6273-4c97-b7c5-042674931d23: addNew group-F11756C8BA4A:[6ef27e9c-8ddb-4fa1-8c14-ab102acfb1b8:192.168.164.241:38092, b75f8b2e-6273-4c97-b7c5-042674931d23:192.168.164.241:41857, 3750b3a2-715b-46b3-9d0c-9e38136244b9:192.168.164.241:46227] returns group-F11756C8BA4A:java.util.concurrent.CompletableFuture@20a2ed6a[Not completed]
2019-10-20 18:18:26,231 [grpc-default-executor-2] INFO  impl.RaftServerProxy (RaftServerProxy.java:addNew(89)) - 6ef27e9c-8ddb-4fa1-8c14-ab102acfb1b8: addNew group-F11756C8BA4A:[6ef27e9c-8ddb-4fa1-8c14-ab102acfb1b8:192.168.164.241:38092, b75f8b2e-6273-4c97-b7c5-042674931d23:192.168.164.241:41857, 3750b3a2-715b-46b3-9d0c-9e38136244b9:192.168.164.241:46227] returns group-F11756C8BA4A:java.util.concurrent.CompletableFuture@4ad48e4b[Not completed]
2019-10-20 18:18:26,233 [pool-47-thread-1] INFO  impl.RaftServerImpl (RaftServerImpl.java:<init>(104)) - 3750b3a2-715b-46b3-9d0c-9e38136244b9: new RaftServerImpl for group-F11756C8BA4A:[6ef27e9c-8ddb-4fa1-8c14-ab102acfb1b8:192.168.164.241:38092, b75f8b2e-6273-4c97-b7c5-042674931d23:192.168.164.241:41857, 3750b3a2-715b-46b3-9d0c-9e38136244b9:192.168.164.241:46227] with ContainerStateMachine:uninitialized
2019-10-20 18:18:26,233 [pool-47-thread-1] INFO  server.RaftServerConfigKeys (ConfUtils.java:logGet(43)) - raft.server.rpc.timeout.min = 1s (custom)
2019-10-20 18:18:26,235 [6b2f58fd-30db-463e-9aa7-62340e6715ac@group-2FD409A0D6B9-SegmentedRaftLogWorker] INFO  segmented.SegmentedRaftLogWorker (SegmentedRaftLogWorker.java:execute(576)) - 6b2f58fd-30db-463e-9aa7-62340e6715ac@group-2FD409A0D6B9-SegmentedRaftLogWorker: created new log segment /workdir/hadoop-ozone/integration-test/target/test-dir/MiniOzoneClusterImpl-3ef3c7a0-fafa-4375-a23c-18b63a3f56e7/datanode-6/data/ratis/b36288e2-c404-4f96-8d1f-2fd409a0d6b9/current/log_inprogress_0
2019-10-20 18:18:26,235 [pool-47-thread-1] INFO  server.RaftServerConfigKeys (ConfUtils.java:logGet(43)) - raft.server.rpc.timeout.max = 1200ms (custom)
2019-10-20 18:18:26,235 [7a43c46a-fc88-4b2d-b2da-ae029cfa60ff@group-D40A05E2FCF9-LeaderElection12] INFO  impl.LeaderElection (LeaderElection.java:askForVotes(178)) - 7a43c46a-fc88-4b2d-b2da-ae029cfa60ff@group-D40A05E2FCF9-LeaderElection12: begin an election at term 1 for -1: [399079f7-1eb1-4f37-b003-267572525934:192.168.164.241:37762, 7a43c46a-fc88-4b2d-b2da-ae029cfa60ff:192.168.164.241:43684, 6c5c38af-62e6-4ea7-a24a-078dcb28fb39:192.168.164.241:45428], old=null
2019-10-20 18:18:26,235 [pool-47-thread-1] INFO  server.RaftServerConfigKeys (ConfUtils.java:logGet(43)) - raft.server.rpcslowness.timeout = 120s (custom)
2019-10-20 18:18:26,235 [pool-47-thread-1] INFO  server.RaftServerConfigKeys (ConfUtils.java:logGet(43)) - raft.server.sleep.deviation.threshold = 300 (default)
2019-10-20 18:18:26,235 [pool-47-thread-1] INFO  server.RaftServerConfigKeys (ConfUtils.java:logGet(43)) - raft.server.log.appender.install.snapshot.enabled = false (custom)
2019-10-20 18:18:26,236 [pool-47-thread-1] INFO  impl.RaftServerImpl (ServerState.java:<init>(103)) - 3750b3a2-715b-46b3-9d0c-9e38136244b9@group-F11756C8BA4A: ConfigurationManager, init=-1: [6ef27e9c-8ddb-4fa1-8c14-ab102acfb1b8:192.168.164.241:38092, b75f8b2e-6273-4c97-b7c5-042674931d23:192.168.164.241:41857, 3750b3a2-715b-46b3-9d0c-9e38136244b9:192.168.164.241:46227], old=null, confs=<EMPTY_MAP>
2019-10-20 18:18:26,236 [pool-27-thread-1] INFO  impl.RaftServerImpl (RaftServerImpl.java:<init>(104)) - b75f8b2e-6273-4c97-b7c5-042674931d23: new RaftServerImpl for group-F11756C8BA4A:[6ef27e9c-8ddb-4fa1-8c14-ab102acfb1b8:192.168.164.241:38092, b75f8b2e-6273-4c97-b7c5-042674931d23:192.168.164.241:41857, 3750b3a2-715b-46b3-9d0c-9e38136244b9:192.168.164.241:46227] with ContainerStateMachine:uninitialized
2019-10-20 18:18:26,236 [pool-47-thread-1] INFO  server.RaftServerConfigKeys (ConfUtils.java:logGet(43)) - raft.server.storage.dir = [/workdir/hadoop-ozone/integration-test/target/test-dir/MiniOzoneClusterImpl-3ef3c7a0-fafa-4375-a23c-18b63a3f56e7/datanode-2/data/ratis] (custom)
2019-10-20 18:18:26,236 [pool-27-thread-1] INFO  server.RaftServerConfigKeys (ConfUtils.java:logGet(43)) - raft.server.rpc.timeout.min = 1s (custom)
2019-10-20 18:18:26,236 [pool-27-thread-1] INFO  server.RaftServerConfigKeys (ConfUtils.java:logGet(43)) - raft.server.rpc.timeout.max = 1200ms (custom)
2019-10-20 18:18:26,236 [pool-47-thread-1] INFO  server.RaftServerConfigKeys (ConfUtils.java:logGet(43)) - raft.server.log.corruption.policy = EXCEPTION (default)
2019-10-20 18:18:26,238 [pool-97-thread-1] INFO  impl.RaftServerImpl (RaftServerImpl.java:<init>(104)) - 6ef27e9c-8ddb-4fa1-8c14-ab102acfb1b8: new RaftServerImpl for group-F11756C8BA4A:[6ef27e9c-8ddb-4fa1-8c14-ab102acfb1b8:192.168.164.241:38092, b75f8b2e-6273-4c97-b7c5-042674931d23:192.168.164.241:41857, 3750b3a2-715b-46b3-9d0c-9e38136244b9:192.168.164.241:46227] with ContainerStateMachine:uninitialized
2019-10-20 18:18:26,238 [pool-27-thread-1] INFO  server.RaftServerConfigKeys (ConfUtils.java:logGet(43)) - raft.server.rpcslowness.timeout = 120s (custom)
2019-10-20 18:18:26,238 [pool-97-thread-1] INFO  server.RaftServerConfigKeys (ConfUtils.java:logGet(43)) - raft.server.rpc.timeout.min = 1s (custom)
2019-10-20 18:18:26,238 [pool-47-thread-1] INFO  storage.RaftStorageDirectory (RaftStorageDirectory.java:analyzeStorage(246)) - The storage directory /workdir/hadoop-ozone/integration-test/target/test-dir/MiniOzoneClusterImpl-3ef3c7a0-fafa-4375-a23c-18b63a3f56e7/datanode-2/data/ratis/18c7e0e8-7295-4f89-a889-f11756c8ba4a does not exist. Creating ...
2019-10-20 18:18:26,251 [pool-97-thread-1] INFO  server.RaftServerConfigKeys (ConfUtils.java:logGet(43)) - raft.server.rpc.timeout.max = 1200ms (custom)
2019-10-20 18:18:26,251 [pool-27-thread-1] INFO  server.RaftServerConfigKeys (ConfUtils.java:logGet(43)) - raft.server.sleep.deviation.threshold = 300 (default)
2019-10-20 18:18:26,257 [pool-97-thread-1] INFO  server.RaftServerConfigKeys (ConfUtils.java:logGet(43)) - raft.server.rpcslowness.timeout = 120s (custom)
2019-10-20 18:18:26,257 [pool-27-thread-1] INFO  server.RaftServerConfigKeys (ConfUtils.java:logGet(43)) - raft.server.log.appender.install.snapshot.enabled = false (custom)
2019-10-20 18:18:26,257 [pool-97-thread-1] INFO  server.RaftServerConfigKeys (ConfUtils.java:logGet(43)) - raft.server.sleep.deviation.threshold = 300 (default)
2019-10-20 18:18:26,258 [pool-27-thread-1] INFO  impl.RaftServerImpl (ServerState.java:<init>(103)) - b75f8b2e-6273-4c97-b7c5-042674931d23@group-F11756C8BA4A: ConfigurationManager, init=-1: [6ef27e9c-8ddb-4fa1-8c14-ab102acfb1b8:192.168.164.241:38092, b75f8b2e-6273-4c97-b7c5-042674931d23:192.168.164.241:41857, 3750b3a2-715b-46b3-9d0c-9e38136244b9:192.168.164.241:46227], old=null, confs=<EMPTY_MAP>
2019-10-20 18:18:26,258 [pool-97-thread-1] INFO  server.RaftServerConfigKeys (ConfUtils.java:logGet(43)) - raft.server.log.appender.install.snapshot.enabled = false (custom)
2019-10-20 18:18:26,258 [pool-27-thread-1] INFO  server.RaftServerConfigKeys (ConfUtils.java:logGet(43)) - raft.server.storage.dir = [/workdir/hadoop-ozone/integration-test/target/test-dir/MiniOzoneClusterImpl-3ef3c7a0-fafa-4375-a23c-18b63a3f56e7/datanode-0/data/ratis] (custom)
2019-10-20 18:18:26,258 [pool-97-thread-1] INFO  impl.RaftServerImpl (ServerState.java:<init>(103)) - 6ef27e9c-8ddb-4fa1-8c14-ab102acfb1b8@group-F11756C8BA4A: ConfigurationManager, init=-1: [6ef27e9c-8ddb-4fa1-8c14-ab102acfb1b8:192.168.164.241:38092, b75f8b2e-6273-4c97-b7c5-042674931d23:192.168.164.241:41857, 3750b3a2-715b-46b3-9d0c-9e38136244b9:192.168.164.241:46227], old=null, confs=<EMPTY_MAP>
2019-10-20 18:18:26,258 [pool-97-thread-1] INFO  server.RaftServerConfigKeys (ConfUtils.java:logGet(43)) - raft.server.storage.dir = [/workdir/hadoop-ozone/integration-test/target/test-dir/MiniOzoneClusterImpl-3ef3c7a0-fafa-4375-a23c-18b63a3f56e7/datanode-7/data/ratis] (custom)
2019-10-20 18:18:26,258 [pool-27-thread-1] INFO  server.RaftServerConfigKeys (ConfUtils.java:logGet(43)) - raft.server.log.corruption.policy = EXCEPTION (default)
2019-10-20 18:18:26,259 [pool-97-thread-1] INFO  server.RaftServerConfigKeys (ConfUtils.java:logGet(43)) - raft.server.log.corruption.policy = EXCEPTION (default)
2019-10-20 18:18:26,259 [pool-27-thread-1] INFO  storage.RaftStorageDirectory (RaftStorageDirectory.java:analyzeStorage(246)) - The storage directory /workdir/hadoop-ozone/integration-test/target/test-dir/MiniOzoneClusterImpl-3ef3c7a0-fafa-4375-a23c-18b63a3f56e7/datanode-0/data/ratis/18c7e0e8-7295-4f89-a889-f11756c8ba4a does not exist. Creating ...
2019-10-20 18:18:26,259 [pool-97-thread-1] INFO  storage.RaftStorageDirectory (RaftStorageDirectory.java:analyzeStorage(246)) - The storage directory /workdir/hadoop-ozone/integration-test/target/test-dir/MiniOzoneClusterImpl-3ef3c7a0-fafa-4375-a23c-18b63a3f56e7/datanode-7/data/ratis/18c7e0e8-7295-4f89-a889-f11756c8ba4a does not exist. Creating ...
2019-10-20 18:18:26,259 [6c5c38af-62e6-4ea7-a24a-078dcb28fb39@group-D40A05E2FCF9-LeaderElection11] INFO  impl.LeaderElection (LeaderElection.java:logAndReturn(56)) - 6c5c38af-62e6-4ea7-a24a-078dcb28fb39@group-D40A05E2FCF9-LeaderElection11: Election TIMEOUT; received 0 response(s) [] and 0 exception(s); 6c5c38af-62e6-4ea7-a24a-078dcb28fb39@group-D40A05E2FCF9:t1, leader=null, voted=6c5c38af-62e6-4ea7-a24a-078dcb28fb39, raftlog=6c5c38af-62e6-4ea7-a24a-078dcb28fb39@group-D40A05E2FCF9-SegmentedRaftLog:OPENED:c-1,f-1,i0, conf=-1: [399079f7-1eb1-4f37-b003-267572525934:192.168.164.241:37762, 7a43c46a-fc88-4b2d-b2da-ae029cfa60ff:192.168.164.241:43684, 6c5c38af-62e6-4ea7-a24a-078dcb28fb39:192.168.164.241:45428], old=null
2019-10-20 18:18:26,285 [pool-97-thread-1] INFO  storage.RaftStorageDirectory (RaftStorageDirectory.java:tryLock(328)) - Lock on /workdir/hadoop-ozone/integration-test/target/test-dir/MiniOzoneClusterImpl-3ef3c7a0-fafa-4375-a23c-18b63a3f56e7/datanode-7/data/ratis/18c7e0e8-7295-4f89-a889-f11756c8ba4a/in_use.lock acquired by nodename 6969@pr-hdds-2334-8x2sg-1875309799
2019-10-20 18:18:26,285 [pool-27-thread-1] INFO  storage.RaftStorageDirectory (RaftStorageDirectory.java:tryLock(328)) - Lock on /workdir/hadoop-ozone/integration-test/target/test-dir/MiniOzoneClusterImpl-3ef3c7a0-fafa-4375-a23c-18b63a3f56e7/datanode-0/data/ratis/18c7e0e8-7295-4f89-a889-f11756c8ba4a/in_use.lock acquired by nodename 6969@pr-hdds-2334-8x2sg-1875309799
2019-10-20 18:18:26,285 [pool-47-thread-1] INFO  storage.RaftStorageDirectory (RaftStorageDirectory.java:tryLock(328)) - Lock on /workdir/hadoop-ozone/integration-test/target/test-dir/MiniOzoneClusterImpl-3ef3c7a0-fafa-4375-a23c-18b63a3f56e7/datanode-2/data/ratis/18c7e0e8-7295-4f89-a889-f11756c8ba4a/in_use.lock acquired by nodename 6969@pr-hdds-2334-8x2sg-1875309799
2019-10-20 18:18:26,288 [grpc-default-executor-2] INFO  impl.RaftServerImpl (RaftServerImpl.java:setRole(184)) - 399079f7-1eb1-4f37-b003-267572525934@group-D40A05E2FCF9: changes role from  FOLLOWER to FOLLOWER at term 1 for recognizeCandidate:6c5c38af-62e6-4ea7-a24a-078dcb28fb39
2019-10-20 18:18:26,288 [grpc-default-executor-2] INFO  impl.RoleInfo (RoleInfo.java:shutdownFollowerState(121)) - 399079f7-1eb1-4f37-b003-267572525934: shutdown FollowerState
2019-10-20 18:18:26,285 [6c5c38af-62e6-4ea7-a24a-078dcb28fb39@group-D40A05E2FCF9-LeaderElection11] INFO  impl.LeaderElection (LeaderElection.java:askForVotes(178)) - 6c5c38af-62e6-4ea7-a24a-078dcb28fb39@group-D40A05E2FCF9-LeaderElection11: begin an election at term 2 for -1: [399079f7-1eb1-4f37-b003-267572525934:192.168.164.241:37762, 7a43c46a-fc88-4b2d-b2da-ae029cfa60ff:192.168.164.241:43684, 6c5c38af-62e6-4ea7-a24a-078dcb28fb39:192.168.164.241:45428], old=null
2019-10-20 18:18:26,288 [Thread-339] INFO  impl.FollowerState (FollowerState.java:run(117)) - 399079f7-1eb1-4f37-b003-267572525934@group-D40A05E2FCF9-FollowerState was interrupted: java.lang.InterruptedException: sleep interrupted
2019-10-20 18:18:26,288 [grpc-default-executor-2] INFO  impl.RoleInfo (RoleInfo.java:updateAndGet(143)) - 399079f7-1eb1-4f37-b003-267572525934: start FollowerState
2019-10-20 18:18:26,304 [7a43c46a-fc88-4b2d-b2da-ae029cfa60ff@group-D40A05E2FCF9-LeaderElection12] INFO  impl.LeaderElection (LeaderElection.java:logAndReturn(56)) - 7a43c46a-fc88-4b2d-b2da-ae029cfa60ff@group-D40A05E2FCF9-LeaderElection12: Election DISCOVERED_A_NEW_TERM; received 1 response(s) [7a43c46a-fc88-4b2d-b2da-ae029cfa60ff<-6c5c38af-62e6-4ea7-a24a-078dcb28fb39#0:FAIL-t2] and 0 exception(s); 7a43c46a-fc88-4b2d-b2da-ae029cfa60ff@group-D40A05E2FCF9:t1, leader=null, voted=7a43c46a-fc88-4b2d-b2da-ae029cfa60ff, raftlog=7a43c46a-fc88-4b2d-b2da-ae029cfa60ff@group-D40A05E2FCF9-SegmentedRaftLog:OPENED:c-1,f-1,i0, conf=-1: [399079f7-1eb1-4f37-b003-267572525934:192.168.164.241:37762, 7a43c46a-fc88-4b2d-b2da-ae029cfa60ff:192.168.164.241:43684, 6c5c38af-62e6-4ea7-a24a-078dcb28fb39:192.168.164.241:45428], old=null
2019-10-20 18:18:26,306 [7a43c46a-fc88-4b2d-b2da-ae029cfa60ff@group-D40A05E2FCF9-LeaderElection12] INFO  impl.RaftServerImpl (RaftServerImpl.java:setRole(184)) - 7a43c46a-fc88-4b2d-b2da-ae029cfa60ff@group-D40A05E2FCF9: changes role from CANDIDATE to FOLLOWER at term 2 for DISCOVERED_A_NEW_TERM
2019-10-20 18:18:26,308 [7a43c46a-fc88-4b2d-b2da-ae029cfa60ff@group-D40A05E2FCF9-LeaderElection12] INFO  impl.RoleInfo (RoleInfo.java:shutdownLeaderElection(134)) - 7a43c46a-fc88-4b2d-b2da-ae029cfa60ff: shutdown LeaderElection
2019-10-20 18:18:26,308 [7a43c46a-fc88-4b2d-b2da-ae029cfa60ff@group-D40A05E2FCF9-LeaderElection12] INFO  impl.RoleInfo (RoleInfo.java:updateAndGet(143)) - 7a43c46a-fc88-4b2d-b2da-ae029cfa60ff: start FollowerState
2019-10-20 18:18:26,311 [pool-47-thread-1] INFO  storage.RaftStorage (RaftStorage.java:format(84)) - Storage directory /workdir/hadoop-ozone/integration-test/target/test-dir/MiniOzoneClusterImpl-3ef3c7a0-fafa-4375-a23c-18b63a3f56e7/datanode-2/data/ratis/18c7e0e8-7295-4f89-a889-f11756c8ba4a has been successfully formatted.
2019-10-20 18:18:26,311 [pool-27-thread-1] INFO  storage.RaftStorage (RaftStorage.java:format(84)) - Storage directory /workdir/hadoop-ozone/integration-test/target/test-dir/MiniOzoneClusterImpl-3ef3c7a0-fafa-4375-a23c-18b63a3f56e7/datanode-0/data/ratis/18c7e0e8-7295-4f89-a889-f11756c8ba4a has been successfully formatted.
2019-10-20 18:18:26,311 [pool-97-thread-1] INFO  storage.RaftStorage (RaftStorage.java:format(84)) - Storage directory /workdir/hadoop-ozone/integration-test/target/test-dir/MiniOzoneClusterImpl-3ef3c7a0-fafa-4375-a23c-18b63a3f56e7/datanode-7/data/ratis/18c7e0e8-7295-4f89-a889-f11756c8ba4a has been successfully formatted.
2019-10-20 18:18:26,313 [pool-27-thread-1] INFO  ratis.ContainerStateMachine (ContainerStateMachine.java:loadSnapshot(231)) - group-F11756C8BA4A: The snapshot info is null. Setting the last applied indexto:(t:0, i:~)
2019-10-20 18:18:26,313 [pool-47-thread-1] INFO  ratis.ContainerStateMachine (ContainerStateMachine.java:loadSnapshot(231)) - group-F11756C8BA4A: The snapshot info is null. Setting the last applied indexto:(t:0, i:~)
2019-10-20 18:18:26,313 [pool-27-thread-1] INFO  server.RaftServerConfigKeys (ConfUtils.java:logGet(43)) - raft.server.notification.no-leader.timeout = 120s (custom)
2019-10-20 18:18:26,313 [pool-97-thread-1] INFO  ratis.ContainerStateMachine (ContainerStateMachine.java:loadSnapshot(231)) - group-F11756C8BA4A: The snapshot info is null. Setting the last applied indexto:(t:0, i:~)
2019-10-20 18:18:26,314 [pool-27-thread-1] INFO  server.RaftServerConfigKeys (ConfUtils.java:logGet(43)) - raft.server.log.use.memory = false (default)
2019-10-20 18:18:26,313 [pool-47-thread-1] INFO  server.RaftServerConfigKeys (ConfUtils.java:logGet(43)) - raft.server.notification.no-leader.timeout = 120s (custom)
2019-10-20 18:18:26,315 [pool-27-thread-1] INFO  server.RaftServerConfigKeys (ConfUtils.java:logGet(43)) - raft.server.log.purge.gap = 1000000 (custom)
2019-10-20 18:18:26,314 [pool-97-thread-1] INFO  server.RaftServerConfigKeys (ConfUtils.java:logGet(43)) - raft.server.notification.no-leader.timeout = 120s (custom)
2019-10-20 18:18:26,315 [pool-27-thread-1] INFO  server.RaftServerConfigKeys (ConfUtils.java:logGet(43)) - raft.server.log.appender.buffer.byte-limit = 33554432 (custom)
2019-10-20 18:18:26,315 [pool-47-thread-1] INFO  server.RaftServerConfigKeys (ConfUtils.java:logGet(43)) - raft.server.log.use.memory = false (default)
2019-10-20 18:18:26,315 [pool-27-thread-1] INFO  server.RaftServerConfigKeys (ConfUtils.java:logGet(43)) - raft.server.log.segment.size.max = 1048576 (custom)
2019-10-20 18:18:26,315 [pool-97-thread-1] INFO  server.RaftServerConfigKeys (ConfUtils.java:logGet(43)) - raft.server.log.use.memory = false (default)
2019-10-20 18:18:26,315 [pool-27-thread-1] INFO  server.RaftServerConfigKeys (ConfUtils.java:logGet(43)) - raft.server.log.segment.cache.num.max = 2 (custom)
2019-10-20 18:18:26,315 [pool-47-thread-1] INFO  server.RaftServerConfigKeys (ConfUtils.java:logGet(43)) - raft.server.log.purge.gap = 1000000 (custom)
2019-10-20 18:18:26,315 [pool-27-thread-1] INFO  segmented.SegmentedRaftLogWorker (SegmentedRaftLogWorker.java:<init>(173)) - new b75f8b2e-6273-4c97-b7c5-042674931d23@group-F11756C8BA4A-SegmentedRaftLogWorker for RaftStorage:Storage Directory /workdir/hadoop-ozone/integration-test/target/test-dir/MiniOzoneClusterImpl-3ef3c7a0-fafa-4375-a23c-18b63a3f56e7/datanode-0/data/ratis/18c7e0e8-7295-4f89-a889-f11756c8ba4a
2019-10-20 18:18:26,315 [pool-97-thread-1] INFO  server.RaftServerConfigKeys (ConfUtils.java:logGet(43)) - raft.server.log.purge.gap = 1000000 (custom)
2019-10-20 18:18:26,316 [pool-27-thread-1] INFO  server.RaftServerConfigKeys (ConfUtils.java:logGet(43)) - raft.server.log.queue.byte-limit = 2147483647 (custom)
2019-10-20 18:18:26,316 [pool-47-thread-1] INFO  server.RaftServerConfigKeys (ConfUtils.java:logGet(43)) - raft.server.log.appender.buffer.byte-limit = 33554432 (custom)
2019-10-20 18:18:26,316 [pool-27-thread-1] INFO  server.RaftServerConfigKeys (ConfUtils.java:logGet(43)) - raft.server.log.queue.element-limit = 1024 (custom)
2019-10-20 18:18:26,316 [pool-97-thread-1] INFO  server.RaftServerConfigKeys (ConfUtils.java:logGet(43)) - raft.server.log.appender.buffer.byte-limit = 33554432 (custom)
2019-10-20 18:18:26,316 [pool-27-thread-1] INFO  server.RaftServerConfigKeys (ConfUtils.java:logGet(43)) - raft.server.log.segment.size.max = 1048576 (custom)
2019-10-20 18:18:26,316 [pool-47-thread-1] INFO  server.RaftServerConfigKeys (ConfUtils.java:logGet(43)) - raft.server.log.segment.size.max = 1048576 (custom)
2019-10-20 18:18:26,316 [pool-27-thread-1] INFO  server.RaftServerConfigKeys (ConfUtils.java:logGet(43)) - raft.server.log.preallocated.size = 16384 (custom)
2019-10-20 18:18:26,316 [pool-97-thread-1] INFO  server.RaftServerConfigKeys (ConfUtils.java:logGet(43)) - raft.server.log.segment.size.max = 1048576 (custom)
2019-10-20 18:18:26,317 [pool-27-thread-1] INFO  server.RaftServerConfigKeys (ConfUtils.java:logGet(43)) - raft.server.log.write.buffer.size = 33554432 (custom)
2019-10-20 18:18:26,317 [pool-47-thread-1] INFO  server.RaftServerConfigKeys (ConfUtils.java:logGet(43)) - raft.server.log.segment.cache.num.max = 2 (custom)
2019-10-20 18:18:26,317 [pool-27-thread-1] INFO  server.RaftServerConfigKeys (ConfUtils.java:logGet(43)) - raft.server.log.force.sync.num = 128 (default)
2019-10-20 18:18:26,317 [pool-97-thread-1] INFO  server.RaftServerConfigKeys (ConfUtils.java:logGet(43)) - raft.server.log.segment.cache.num.max = 2 (custom)
2019-10-20 18:18:26,317 [pool-27-thread-1] INFO  server.RaftServerConfigKeys (ConfUtils.java:logGet(43)) - raft.server.log.statemachine.data.sync = true (default)
2019-10-20 18:18:26,317 [pool-47-thread-1] INFO  segmented.SegmentedRaftLogWorker (SegmentedRaftLogWorker.java:<init>(173)) - new 3750b3a2-715b-46b3-9d0c-9e38136244b9@group-F11756C8BA4A-SegmentedRaftLogWorker for RaftStorage:Storage Directory /workdir/hadoop-ozone/integration-test/target/test-dir/MiniOzoneClusterImpl-3ef3c7a0-fafa-4375-a23c-18b63a3f56e7/datanode-2/data/ratis/18c7e0e8-7295-4f89-a889-f11756c8ba4a
2019-10-20 18:18:26,317 [pool-27-thread-1] INFO  server.RaftServerConfigKeys (ConfUtils.java:logGet(43)) - raft.server.log.statemachine.data.sync.timeout = 10s (default)
2019-10-20 18:18:26,317 [pool-97-thread-1] INFO  segmented.SegmentedRaftLogWorker (SegmentedRaftLogWorker.java:<init>(173)) - new 6ef27e9c-8ddb-4fa1-8c14-ab102acfb1b8@group-F11756C8BA4A-SegmentedRaftLogWorker for RaftStorage:Storage Directory /workdir/hadoop-ozone/integration-test/target/test-dir/MiniOzoneClusterImpl-3ef3c7a0-fafa-4375-a23c-18b63a3f56e7/datanode-7/data/ratis/18c7e0e8-7295-4f89-a889-f11756c8ba4a
2019-10-20 18:18:26,317 [pool-27-thread-1] INFO  server.RaftServerConfigKeys (ConfUtils.java:logGet(43)) - raft.server.log.statemachine.data.sync.timeout.retry = -1 (default)
2019-10-20 18:18:26,317 [pool-47-thread-1] INFO  server.RaftServerConfigKeys (ConfUtils.java:logGet(43)) - raft.server.log.queue.byte-limit = 2147483647 (custom)
2019-10-20 18:18:26,318 [pool-97-thread-1] INFO  server.RaftServerConfigKeys (ConfUtils.java:logGet(43)) - raft.server.log.queue.byte-limit = 2147483647 (custom)
2019-10-20 18:18:26,318 [pool-47-thread-1] INFO  server.RaftServerConfigKeys (ConfUtils.java:logGet(43)) - raft.server.log.queue.element-limit = 1024 (custom)
2019-10-20 18:18:26,318 [pool-27-thread-1] INFO  server.RaftServerConfigKeys (ConfUtils.java:logGet(43)) - raft.server.log.statemachine.data.caching.enabled = true (custom)
2019-10-20 18:18:26,318 [pool-47-thread-1] INFO  server.RaftServerConfigKeys (ConfUtils.java:logGet(43)) - raft.server.log.segment.size.max = 1048576 (custom)
2019-10-20 18:18:26,318 [pool-97-thread-1] INFO  server.RaftServerConfigKeys (ConfUtils.java:logGet(43)) - raft.server.log.queue.element-limit = 1024 (custom)
2019-10-20 18:18:26,318 [pool-47-thread-1] INFO  server.RaftServerConfigKeys (ConfUtils.java:logGet(43)) - raft.server.log.preallocated.size = 16384 (custom)
2019-10-20 18:18:26,318 [pool-97-thread-1] INFO  server.RaftServerConfigKeys (ConfUtils.java:logGet(43)) - raft.server.log.segment.size.max = 1048576 (custom)
2019-10-20 18:18:26,318 [pool-47-thread-1] INFO  server.RaftServerConfigKeys (ConfUtils.java:logGet(43)) - raft.server.log.write.buffer.size = 33554432 (custom)
2019-10-20 18:18:26,318 [pool-97-thread-1] INFO  server.RaftServerConfigKeys (ConfUtils.java:logGet(43)) - raft.server.log.preallocated.size = 16384 (custom)
2019-10-20 18:18:26,318 [pool-47-thread-1] INFO  server.RaftServerConfigKeys (ConfUtils.java:logGet(43)) - raft.server.log.force.sync.num = 128 (default)
2019-10-20 18:18:26,319 [pool-97-thread-1] INFO  server.RaftServerConfigKeys (ConfUtils.java:logGet(43)) - raft.server.log.write.buffer.size = 33554432 (custom)
2019-10-20 18:18:26,319 [pool-47-thread-1] INFO  server.RaftServerConfigKeys (ConfUtils.java:logGet(43)) - raft.server.log.statemachine.data.sync = true (default)
2019-10-20 18:18:26,319 [pool-97-thread-1] INFO  server.RaftServerConfigKeys (ConfUtils.java:logGet(43)) - raft.server.log.force.sync.num = 128 (default)
2019-10-20 18:18:26,319 [pool-47-thread-1] INFO  server.RaftServerConfigKeys (ConfUtils.java:logGet(43)) - raft.server.log.statemachine.data.sync.timeout = 10s (default)
2019-10-20 18:18:26,319 [pool-97-thread-1] INFO  server.RaftServerConfigKeys (ConfUtils.java:logGet(43)) - raft.server.log.statemachine.data.sync = true (default)
2019-10-20 18:18:26,319 [pool-47-thread-1] INFO  server.RaftServerConfigKeys (ConfUtils.java:logGet(43)) - raft.server.log.statemachine.data.sync.timeout.retry = -1 (default)
2019-10-20 18:18:26,319 [pool-97-thread-1] INFO  server.RaftServerConfigKeys (ConfUtils.java:logGet(43)) - raft.server.log.statemachine.data.sync.timeout = 10s (default)
2019-10-20 18:18:26,319 [pool-47-thread-1] INFO  server.RaftServerConfigKeys (ConfUtils.java:logGet(43)) - raft.server.log.statemachine.data.caching.enabled = true (custom)
2019-10-20 18:18:26,319 [pool-97-thread-1] INFO  server.RaftServerConfigKeys (ConfUtils.java:logGet(43)) - raft.server.log.statemachine.data.sync.timeout.retry = -1 (default)
2019-10-20 18:18:26,319 [pool-97-thread-1] INFO  server.RaftServerConfigKeys (ConfUtils.java:logGet(43)) - raft.server.log.statemachine.data.caching.enabled = true (custom)
2019-10-20 18:18:26,588 [pool-47-thread-1] INFO  segmented.SegmentedRaftLogWorker (SegmentedRaftLogWorker.java:lambda$new$0(128)) - 3750b3a2-715b-46b3-9d0c-9e38136244b9@group-F11756C8BA4A-SegmentedRaftLogWorker: flushIndex: setUnconditionally 0 -> -1
2019-10-20 18:18:26,587 [pool-27-thread-1] INFO  segmented.SegmentedRaftLogWorker (SegmentedRaftLogWorker.java:lambda$new$0(128)) - b75f8b2e-6273-4c97-b7c5-042674931d23@group-F11756C8BA4A-SegmentedRaftLogWorker: flushIndex: setUnconditionally 0 -> -1
2019-10-20 18:18:26,587 [Thread-354] INFO  impl.FollowerState (FollowerState.java:run(108)) - 7a43c46a-fc88-4b2d-b2da-ae029cfa60ff@group-D40A05E2FCF9-FollowerState: change to CANDIDATE, lastRpcTime:264ms, electionTimeout:141ms
2019-10-20 18:18:26,585 [Thread-351] INFO  impl.FollowerState (FollowerState.java:run(108)) - 399079f7-1eb1-4f37-b003-267572525934@group-D40A05E2FCF9-FollowerState: change to CANDIDATE, lastRpcTime:296ms, electionTimeout:38ms
2019-10-20 18:18:26,593 [pool-27-thread-1] INFO  server.RaftServerConfigKeys (ConfUtils.java:logGet(43)) - raft.server.snapshot.auto.trigger.enabled = true (custom)
2019-10-20 18:18:26,585 [6c5c38af-62e6-4ea7-a24a-078dcb28fb39@group-D40A05E2FCF9-LeaderElection11] INFO  impl.LeaderElection (LeaderElection.java:logAndReturn(56)) - 6c5c38af-62e6-4ea7-a24a-078dcb28fb39@group-D40A05E2FCF9-LeaderElection11: Election TIMEOUT; received 0 response(s) [] and 0 exception(s); 6c5c38af-62e6-4ea7-a24a-078dcb28fb39@group-D40A05E2FCF9:t2, leader=null, voted=6c5c38af-62e6-4ea7-a24a-078dcb28fb39, raftlog=6c5c38af-62e6-4ea7-a24a-078dcb28fb39@group-D40A05E2FCF9-SegmentedRaftLog:OPENED:c-1,f-1,i0, conf=-1: [399079f7-1eb1-4f37-b003-267572525934:192.168.164.241:37762, 7a43c46a-fc88-4b2d-b2da-ae029cfa60ff:192.168.164.241:43684, 6c5c38af-62e6-4ea7-a24a-078dcb28fb39:192.168.164.241:45428], old=null
2019-10-20 18:18:26,594 [Thread-351] INFO  impl.RoleInfo (RoleInfo.java:shutdownFollowerState(121)) - 399079f7-1eb1-4f37-b003-267572525934: shutdown FollowerState
2019-10-20 18:18:26,594 [pool-27-thread-1] INFO  server.RaftServerConfigKeys (ConfUtils.java:logGet(43)) - raft.server.snapshot.auto.trigger.threshold = 10000 (custom)
2019-10-20 18:18:26,593 [Thread-354] INFO  impl.RoleInfo (RoleInfo.java:shutdownFollowerState(121)) - 7a43c46a-fc88-4b2d-b2da-ae029cfa60ff: shutdown FollowerState
2019-10-20 18:18:26,591 [pool-97-thread-1] INFO  segmented.SegmentedRaftLogWorker (SegmentedRaftLogWorker.java:lambda$new$0(128)) - 6ef27e9c-8ddb-4fa1-8c14-ab102acfb1b8@group-F11756C8BA4A-SegmentedRaftLogWorker: flushIndex: setUnconditionally 0 -> -1
2019-10-20 18:18:26,591 [pool-47-thread-1] INFO  server.RaftServerConfigKeys (ConfUtils.java:logGet(43)) - raft.server.snapshot.auto.trigger.enabled = true (custom)
2019-10-20 18:18:26,596 [Thread-354] INFO  impl.RaftServerImpl (RaftServerImpl.java:setRole(184)) - 7a43c46a-fc88-4b2d-b2da-ae029cfa60ff@group-D40A05E2FCF9: changes role from  FOLLOWER to CANDIDATE at term 2 for changeToCandidate
2019-10-20 18:18:26,596 [pool-27-thread-1] INFO  server.RaftServerConfigKeys (ConfUtils.java:logGet(43)) - raft.server.snapshot.retention.file.num = 5 (custom)
2019-10-20 18:18:26,596 [Thread-354] INFO  impl.RoleInfo (RoleInfo.java:updateAndGet(143)) - 7a43c46a-fc88-4b2d-b2da-ae029cfa60ff: start LeaderElection
2019-10-20 18:18:26,596 [Thread-351] INFO  impl.RaftServerImpl (RaftServerImpl.java:setRole(184)) - 399079f7-1eb1-4f37-b003-267572525934@group-D40A05E2FCF9: changes role from  FOLLOWER to CANDIDATE at term 1 for changeToCandidate
2019-10-20 18:18:26,597 [pool-27-thread-1] INFO  server.RaftServerConfigKeys (ConfUtils.java:logGet(43)) - raft.server.retrycache.expirytime = 600000ms (custom)
2019-10-20 18:18:26,596 [pool-47-thread-1] INFO  server.RaftServerConfigKeys (ConfUtils.java:logGet(43)) - raft.server.snapshot.auto.trigger.threshold = 10000 (custom)
2019-10-20 18:18:26,601 [grpc-default-executor-0] INFO  impl.RaftServerImpl (RaftServerImpl.java:setRole(184)) - 7a43c46a-fc88-4b2d-b2da-ae029cfa60ff@group-D40A05E2FCF9: changes role from CANDIDATE to FOLLOWER at term 2 for recognizeCandidate:6c5c38af-62e6-4ea7-a24a-078dcb28fb39
2019-10-20 18:18:26,596 [pool-97-thread-1] INFO  server.RaftServerConfigKeys (ConfUtils.java:logGet(43)) - raft.server.snapshot.auto.trigger.enabled = true (custom)
2019-10-20 18:18:26,601 [grpc-default-executor-0] INFO  impl.RoleInfo (RoleInfo.java:shutdownLeaderElection(134)) - 7a43c46a-fc88-4b2d-b2da-ae029cfa60ff: shutdown LeaderElection
2019-10-20 18:18:26,601 [pool-47-thread-1] INFO  server.RaftServerConfigKeys (ConfUtils.java:logGet(43)) - raft.server.snapshot.retention.file.num = 5 (custom)
2019-10-20 18:18:26,599 [Thread-351] INFO  impl.RoleInfo (RoleInfo.java:updateAndGet(143)) - 399079f7-1eb1-4f37-b003-267572525934: start LeaderElection
2019-10-20 18:18:26,601 [grpc-default-executor-0] INFO  impl.RoleInfo (RoleInfo.java:updateAndGet(143)) - 7a43c46a-fc88-4b2d-b2da-ae029cfa60ff: start FollowerState
2019-10-20 18:18:26,601 [pool-97-thread-1] INFO  server.RaftServerConfigKeys (ConfUtils.java:logGet(43)) - raft.server.snapshot.auto.trigger.threshold = 10000 (custom)
2019-10-20 18:18:26,601 [pool-47-thread-1] INFO  server.RaftServerConfigKeys (ConfUtils.java:logGet(43)) - raft.server.retrycache.expirytime = 600000ms (custom)
2019-10-20 18:18:26,605 [pool-97-thread-1] INFO  server.RaftServerConfigKeys (ConfUtils.java:logGet(43)) - raft.server.snapshot.retention.file.num = 5 (custom)
2019-10-20 18:18:26,605 [pool-97-thread-1] INFO  server.RaftServerConfigKeys (ConfUtils.java:logGet(43)) - raft.server.retrycache.expirytime = 600000ms (custom)
2019-10-20 18:18:26,610 [pool-27-thread-1] INFO  impl.RaftServerImpl (RaftServerImpl.java:start(195)) - b75f8b2e-6273-4c97-b7c5-042674931d23@group-F11756C8BA4A: start as a follower, conf=-1: [6ef27e9c-8ddb-4fa1-8c14-ab102acfb1b8:192.168.164.241:38092, b75f8b2e-6273-4c97-b7c5-042674931d23:192.168.164.241:41857, 3750b3a2-715b-46b3-9d0c-9e38136244b9:192.168.164.241:46227], old=null
2019-10-20 18:18:26,610 [pool-27-thread-1] INFO  impl.RaftServerImpl (RaftServerImpl.java:setRole(184)) - b75f8b2e-6273-4c97-b7c5-042674931d23@group-F11756C8BA4A: changes role from      null to FOLLOWER at term 0 for startAsFollower
2019-10-20 18:18:26,610 [pool-27-thread-1] INFO  impl.RoleInfo (RoleInfo.java:updateAndGet(143)) - b75f8b2e-6273-4c97-b7c5-042674931d23: start FollowerState
2019-10-20 18:18:26,611 [pool-27-thread-1] INFO  util.JmxRegister (JmxRegister.java:tryRegister(44)) - Successfully registered JMX Bean with object name Ratis:service=RaftServer,group=group-F11756C8BA4A,id=b75f8b2e-6273-4c97-b7c5-042674931d23
2019-10-20 18:18:26,611 [pool-47-thread-1] INFO  impl.RaftServerImpl (RaftServerImpl.java:start(195)) - 3750b3a2-715b-46b3-9d0c-9e38136244b9@group-F11756C8BA4A: start as a follower, conf=-1: [6ef27e9c-8ddb-4fa1-8c14-ab102acfb1b8:192.168.164.241:38092, b75f8b2e-6273-4c97-b7c5-042674931d23:192.168.164.241:41857, 3750b3a2-715b-46b3-9d0c-9e38136244b9:192.168.164.241:46227], old=null
2019-10-20 18:18:26,611 [pool-47-thread-1] INFO  impl.RaftServerImpl (RaftServerImpl.java:setRole(184)) - 3750b3a2-715b-46b3-9d0c-9e38136244b9@group-F11756C8BA4A: changes role from      null to FOLLOWER at term 0 for startAsFollower
2019-10-20 18:18:26,612 [pool-97-thread-1] INFO  impl.RaftServerImpl (RaftServerImpl.java:start(195)) - 6ef27e9c-8ddb-4fa1-8c14-ab102acfb1b8@group-F11756C8BA4A: start as a follower, conf=-1: [6ef27e9c-8ddb-4fa1-8c14-ab102acfb1b8:192.168.164.241:38092, b75f8b2e-6273-4c97-b7c5-042674931d23:192.168.164.241:41857, 3750b3a2-715b-46b3-9d0c-9e38136244b9:192.168.164.241:46227], old=null
2019-10-20 18:18:26,612 [pool-47-thread-1] INFO  impl.RoleInfo (RoleInfo.java:updateAndGet(143)) - 3750b3a2-715b-46b3-9d0c-9e38136244b9: start FollowerState
2019-10-20 18:18:26,612 [pool-97-thread-1] INFO  impl.RaftServerImpl (RaftServerImpl.java:setRole(184)) - 6ef27e9c-8ddb-4fa1-8c14-ab102acfb1b8@group-F11756C8BA4A: changes role from      null to FOLLOWER at term 0 for startAsFollower
2019-10-20 18:18:26,612 [pool-97-thread-1] INFO  impl.RoleInfo (RoleInfo.java:updateAndGet(143)) - 6ef27e9c-8ddb-4fa1-8c14-ab102acfb1b8: start FollowerState
2019-10-20 18:18:26,612 [pool-47-thread-1] INFO  util.JmxRegister (JmxRegister.java:tryRegister(44)) - Successfully registered JMX Bean with object name Ratis:service=RaftServer,group=group-F11756C8BA4A,id=3750b3a2-715b-46b3-9d0c-9e38136244b9
2019-10-20 18:18:26,612 [pool-97-thread-1] INFO  util.JmxRegister (JmxRegister.java:tryRegister(44)) - Successfully registered JMX Bean with object name Ratis:service=RaftServer,group=group-F11756C8BA4A,id=6ef27e9c-8ddb-4fa1-8c14-ab102acfb1b8
2019-10-20 18:18:26,623 [6c5c38af-62e6-4ea7-a24a-078dcb28fb39@group-D40A05E2FCF9-LeaderElection11] INFO  impl.LeaderElection (LeaderElection.java:askForVotes(178)) - 6c5c38af-62e6-4ea7-a24a-078dcb28fb39@group-D40A05E2FCF9-LeaderElection11: begin an election at term 3 for -1: [399079f7-1eb1-4f37-b003-267572525934:192.168.164.241:37762, 7a43c46a-fc88-4b2d-b2da-ae029cfa60ff:192.168.164.241:43684, 6c5c38af-62e6-4ea7-a24a-078dcb28fb39:192.168.164.241:45428], old=null
2019-10-20 18:18:26,623 [7a43c46a-fc88-4b2d-b2da-ae029cfa60ff@group-D40A05E2FCF9-LeaderElection13] INFO  impl.LeaderElection (LeaderElection.java:askForVotes(178)) - 7a43c46a-fc88-4b2d-b2da-ae029cfa60ff@group-D40A05E2FCF9-LeaderElection13: begin an election at term 3 for -1: [399079f7-1eb1-4f37-b003-267572525934:192.168.164.241:37762, 7a43c46a-fc88-4b2d-b2da-ae029cfa60ff:192.168.164.241:43684, 6c5c38af-62e6-4ea7-a24a-078dcb28fb39:192.168.164.241:45428], old=null
2019-10-20 18:18:26,623 [399079f7-1eb1-4f37-b003-267572525934@group-D40A05E2FCF9-LeaderElection14] INFO  impl.LeaderElection (LeaderElection.java:askForVotes(178)) - 399079f7-1eb1-4f37-b003-267572525934@group-D40A05E2FCF9-LeaderElection14: begin an election at term 2 for -1: [399079f7-1eb1-4f37-b003-267572525934:192.168.164.241:37762, 7a43c46a-fc88-4b2d-b2da-ae029cfa60ff:192.168.164.241:43684, 6c5c38af-62e6-4ea7-a24a-078dcb28fb39:192.168.164.241:45428], old=null
2019-10-20 18:18:26,624 [7a43c46a-fc88-4b2d-b2da-ae029cfa60ff@group-D40A05E2FCF9-LeaderElection13] INFO  impl.LeaderElection (LeaderElection.java:logAndReturn(56)) - 7a43c46a-fc88-4b2d-b2da-ae029cfa60ff@group-D40A05E2FCF9-LeaderElection13: Election REJECTED; received 0 response(s) [] and 0 exception(s); 7a43c46a-fc88-4b2d-b2da-ae029cfa60ff@group-D40A05E2FCF9:t3, leader=null, voted=7a43c46a-fc88-4b2d-b2da-ae029cfa60ff, raftlog=7a43c46a-fc88-4b2d-b2da-ae029cfa60ff@group-D40A05E2FCF9-SegmentedRaftLog:OPENED:c-1,f-1,i0, conf=-1: [399079f7-1eb1-4f37-b003-267572525934:192.168.164.241:37762, 7a43c46a-fc88-4b2d-b2da-ae029cfa60ff:192.168.164.241:43684, 6c5c38af-62e6-4ea7-a24a-078dcb28fb39:192.168.164.241:45428], old=null
2019-10-20 18:18:26,643 [RatisPipelineUtilsThread] INFO  pipeline.PipelineStateManager (PipelineStateManager.java:addPipeline(56)) - Created pipeline Pipeline[ Id: 18c7e0e8-7295-4f89-a889-f11756c8ba4a, Nodes: 3750b3a2-715b-46b3-9d0c-9e38136244b9{ip: 192.168.164.241, host: pr-hdds-2334-8x2sg-1875309799, networkLocation: /default-rack, certSerialId: null}b75f8b2e-6273-4c97-b7c5-042674931d23{ip: 192.168.164.241, host: pr-hdds-2334-8x2sg-1875309799, networkLocation: /default-rack, certSerialId: null}6ef27e9c-8ddb-4fa1-8c14-ab102acfb1b8{ip: 192.168.164.241, host: pr-hdds-2334-8x2sg-1875309799, networkLocation: /default-rack, certSerialId: null}, Type:RATIS, Factor:THREE, State:OPEN]
2019-10-20 18:18:26,664 [Thread-361] INFO  impl.FollowerState (FollowerState.java:run(108)) - b75f8b2e-6273-4c97-b7c5-042674931d23@group-F11756C8BA4A-FollowerState: change to CANDIDATE, lastRpcTime:53ms, electionTimeout:52ms
2019-10-20 18:18:26,665 [Thread-361] INFO  impl.RoleInfo (RoleInfo.java:shutdownFollowerState(121)) - b75f8b2e-6273-4c97-b7c5-042674931d23: shutdown FollowerState
2019-10-20 18:18:26,667 [Thread-361] INFO  impl.RaftServerImpl (RaftServerImpl.java:setRole(184)) - b75f8b2e-6273-4c97-b7c5-042674931d23@group-F11756C8BA4A: changes role from  FOLLOWER to CANDIDATE at term 0 for changeToCandidate
2019-10-20 18:18:26,668 [Thread-361] INFO  impl.RoleInfo (RoleInfo.java:updateAndGet(143)) - b75f8b2e-6273-4c97-b7c5-042674931d23: start LeaderElection
2019-10-20 18:18:26,702 [grpc-default-executor-3] INFO  impl.RaftServerImpl (RaftServerImpl.java:setRole(184)) - 399079f7-1eb1-4f37-b003-267572525934@group-D40A05E2FCF9: changes role from CANDIDATE to FOLLOWER at term 3 for recognizeCandidate:7a43c46a-fc88-4b2d-b2da-ae029cfa60ff
2019-10-20 18:18:26,704 [grpc-default-executor-3] INFO  impl.RoleInfo (RoleInfo.java:shutdownLeaderElection(134)) - 399079f7-1eb1-4f37-b003-267572525934: shutdown LeaderElection
2019-10-20 18:18:26,704 [grpc-default-executor-3] INFO  impl.RoleInfo (RoleInfo.java:updateAndGet(143)) - 399079f7-1eb1-4f37-b003-267572525934: start FollowerState
2019-10-20 18:18:26,716 [b75f8b2e-6273-4c97-b7c5-042674931d23@group-F11756C8BA4A-LeaderElection15] INFO  impl.LeaderElection (LeaderElection.java:askForVotes(178)) - b75f8b2e-6273-4c97-b7c5-042674931d23@group-F11756C8BA4A-LeaderElection15: begin an election at term 1 for -1: [6ef27e9c-8ddb-4fa1-8c14-ab102acfb1b8:192.168.164.241:38092, b75f8b2e-6273-4c97-b7c5-042674931d23:192.168.164.241:41857, 3750b3a2-715b-46b3-9d0c-9e38136244b9:192.168.164.241:46227], old=null
2019-10-20 18:18:26,716 [main] INFO  rpc.RpcClient (RpcClient.java:createVolume(272)) - Creating Volume: datanodefailurehandlingtest, with jenkins1000 as owner.
2019-10-20 18:18:26,718 [grpc-default-executor-2] INFO  impl.RaftServerProxy (RaftServerProxy.java:addNew(89)) - a6e136fe-e391-4364-8a60-53801fc9277d: addNew group-AF4EDA66FDC9:[a6e136fe-e391-4364-8a60-53801fc9277d:192.168.164.241:40755, eb28ec45-9b2b-44d6-ae7e-a31feda643bc:192.168.164.241:42571, c50ce170-3170-4e03-b167-34e0e02687b2:192.168.164.241:37695] returns group-AF4EDA66FDC9:java.util.concurrent.CompletableFuture@3926cbd7[Not completed]
2019-10-20 18:18:26,718 [Thread-358] INFO  impl.FollowerState (FollowerState.java:run(108)) - 7a43c46a-fc88-4b2d-b2da-ae029cfa60ff@group-D40A05E2FCF9-FollowerState: change to CANDIDATE, lastRpcTime:116ms, electionTimeout:113ms
2019-10-20 18:18:26,718 [Thread-358] INFO  impl.RoleInfo (RoleInfo.java:shutdownFollowerState(121)) - 7a43c46a-fc88-4b2d-b2da-ae029cfa60ff: shutdown FollowerState
2019-10-20 18:18:26,718 [399079f7-1eb1-4f37-b003-267572525934@group-D40A05E2FCF9-LeaderElection14] INFO  impl.LeaderElection (LeaderElection.java:logAndReturn(56)) - 399079f7-1eb1-4f37-b003-267572525934@group-D40A05E2FCF9-LeaderElection14: Election DISCOVERED_A_NEW_TERM; received 1 response(s) [399079f7-1eb1-4f37-b003-267572525934<-7a43c46a-fc88-4b2d-b2da-ae029cfa60ff#0:FAIL-t3] and 0 exception(s); 399079f7-1eb1-4f37-b003-267572525934@group-D40A05E2FCF9:t3, leader=null, voted=null, raftlog=399079f7-1eb1-4f37-b003-267572525934@group-D40A05E2FCF9-SegmentedRaftLog:OPENED:c-1,f-1,i0, conf=-1: [399079f7-1eb1-4f37-b003-267572525934:192.168.164.241:37762, 7a43c46a-fc88-4b2d-b2da-ae029cfa60ff:192.168.164.241:43684, 6c5c38af-62e6-4ea7-a24a-078dcb28fb39:192.168.164.241:45428], old=null
2019-10-20 18:18:26,718 [Thread-358] INFO  impl.RaftServerImpl (RaftServerImpl.java:setRole(184)) - 7a43c46a-fc88-4b2d-b2da-ae029cfa60ff@group-D40A05E2FCF9: changes role from  FOLLOWER to CANDIDATE at term 3 for changeToCandidate
2019-10-20 18:18:26,731 [Thread-358] INFO  impl.RoleInfo (RoleInfo.java:updateAndGet(143)) - 7a43c46a-fc88-4b2d-b2da-ae029cfa60ff: start LeaderElection
2019-10-20 18:18:26,750 [grpc-default-executor-1] INFO  impl.RaftServerImpl (RaftServerImpl.java:setRole(184)) - 399079f7-1eb1-4f37-b003-267572525934@group-D40A05E2FCF9: changes role from  FOLLOWER to FOLLOWER at term 3 for recognizeCandidate:6c5c38af-62e6-4ea7-a24a-078dcb28fb39
2019-10-20 18:18:26,757 [grpc-default-executor-1] INFO  impl.RoleInfo (RoleInfo.java:shutdownFollowerState(121)) - 399079f7-1eb1-4f37-b003-267572525934: shutdown FollowerState
2019-10-20 18:18:26,759 [grpc-default-executor-5] INFO  impl.RaftServerProxy (RaftServerProxy.java:addNew(89)) - eb28ec45-9b2b-44d6-ae7e-a31feda643bc: addNew group-AF4EDA66FDC9:[a6e136fe-e391-4364-8a60-53801fc9277d:192.168.164.241:40755, eb28ec45-9b2b-44d6-ae7e-a31feda643bc:192.168.164.241:42571, c50ce170-3170-4e03-b167-34e0e02687b2:192.168.164.241:37695] returns group-AF4EDA66FDC9:java.util.concurrent.CompletableFuture@27b0db93[Not completed]
2019-10-20 18:18:26,759 [Thread-375] INFO  impl.FollowerState (FollowerState.java:run(117)) - 399079f7-1eb1-4f37-b003-267572525934@group-D40A05E2FCF9-FollowerState was interrupted: java.lang.InterruptedException: sleep interrupted
2019-10-20 18:18:26,759 [grpc-default-executor-1] INFO  impl.RoleInfo (RoleInfo.java:updateAndGet(143)) - 399079f7-1eb1-4f37-b003-267572525934: start FollowerState
2019-10-20 18:18:26,759 [7a43c46a-fc88-4b2d-b2da-ae029cfa60ff@group-D40A05E2FCF9-LeaderElection16] INFO  impl.LeaderElection (LeaderElection.java:askForVotes(178)) - 7a43c46a-fc88-4b2d-b2da-ae029cfa60ff@group-D40A05E2FCF9-LeaderElection16: begin an election at term 4 for -1: [399079f7-1eb1-4f37-b003-267572525934:192.168.164.241:37762, 7a43c46a-fc88-4b2d-b2da-ae029cfa60ff:192.168.164.241:43684, 6c5c38af-62e6-4ea7-a24a-078dcb28fb39:192.168.164.241:45428], old=null
2019-10-20 18:18:26,777 [grpc-default-executor-5] INFO  impl.RaftServerImpl (RaftServerImpl.java:setRole(184)) - 6c5c38af-62e6-4ea7-a24a-078dcb28fb39@group-D40A05E2FCF9: changes role from CANDIDATE to FOLLOWER at term 4 for recognizeCandidate:7a43c46a-fc88-4b2d-b2da-ae029cfa60ff
2019-10-20 18:18:26,777 [grpc-default-executor-5] INFO  impl.RoleInfo (RoleInfo.java:shutdownLeaderElection(134)) - 6c5c38af-62e6-4ea7-a24a-078dcb28fb39: shutdown LeaderElection
2019-10-20 18:18:26,779 [Thread-363] INFO  impl.FollowerState (FollowerState.java:run(108)) - 6ef27e9c-8ddb-4fa1-8c14-ab102acfb1b8@group-F11756C8BA4A-FollowerState: change to CANDIDATE, lastRpcTime:166ms, electionTimeout:166ms
2019-10-20 18:18:26,779 [grpc-default-executor-5] INFO  impl.RoleInfo (RoleInfo.java:updateAndGet(143)) - 6c5c38af-62e6-4ea7-a24a-078dcb28fb39: start FollowerState
2019-10-20 18:18:26,779 [Thread-363] INFO  impl.RoleInfo (RoleInfo.java:shutdownFollowerState(121)) - 6ef27e9c-8ddb-4fa1-8c14-ab102acfb1b8: shutdown FollowerState
2019-10-20 18:18:26,779 [Thread-363] INFO  impl.RaftServerImpl (RaftServerImpl.java:setRole(184)) - 6ef27e9c-8ddb-4fa1-8c14-ab102acfb1b8@group-F11756C8BA4A: changes role from  FOLLOWER to CANDIDATE at term 0 for changeToCandidate
2019-10-20 18:18:26,801 [grpc-default-executor-3] INFO  impl.RaftServerProxy (RaftServerProxy.java:addNew(89)) - c50ce170-3170-4e03-b167-34e0e02687b2: addNew group-AF4EDA66FDC9:[a6e136fe-e391-4364-8a60-53801fc9277d:192.168.164.241:40755, eb28ec45-9b2b-44d6-ae7e-a31feda643bc:192.168.164.241:42571, c50ce170-3170-4e03-b167-34e0e02687b2:192.168.164.241:37695] returns group-AF4EDA66FDC9:java.util.concurrent.CompletableFuture@e6731a3[Not completed]
2019-10-20 18:18:26,802 [Thread-363] INFO  impl.RoleInfo (RoleInfo.java:updateAndGet(143)) - 6ef27e9c-8ddb-4fa1-8c14-ab102acfb1b8: start LeaderElection
2019-10-20 18:18:26,811 [grpc-default-executor-3] INFO  impl.RaftServerImpl (RaftServerImpl.java:setRole(184)) - 3750b3a2-715b-46b3-9d0c-9e38136244b9@group-F11756C8BA4A: changes role from  FOLLOWER to FOLLOWER at term 1 for recognizeCandidate:b75f8b2e-6273-4c97-b7c5-042674931d23
2019-10-20 18:18:26,811 [grpc-default-executor-3] INFO  impl.RoleInfo (RoleInfo.java:shutdownFollowerState(121)) - 3750b3a2-715b-46b3-9d0c-9e38136244b9: shutdown FollowerState
2019-10-20 18:18:26,811 [b75f8b2e-6273-4c97-b7c5-042674931d23@group-F11756C8BA4A-LeaderElection15] INFO  impl.LeaderElection (LeaderElection.java:logAndReturn(56)) - b75f8b2e-6273-4c97-b7c5-042674931d23@group-F11756C8BA4A-LeaderElection15: Election TIMEOUT; received 0 response(s) [] and 0 exception(s); b75f8b2e-6273-4c97-b7c5-042674931d23@group-F11756C8BA4A:t1, leader=null, voted=b75f8b2e-6273-4c97-b7c5-042674931d23, raftlog=b75f8b2e-6273-4c97-b7c5-042674931d23@group-F11756C8BA4A-SegmentedRaftLog:OPENED:c-1,f-1,i0, conf=-1: [6ef27e9c-8ddb-4fa1-8c14-ab102acfb1b8:192.168.164.241:38092, b75f8b2e-6273-4c97-b7c5-042674931d23:192.168.164.241:41857, 3750b3a2-715b-46b3-9d0c-9e38136244b9:192.168.164.241:46227], old=null
2019-10-20 18:18:26,811 [grpc-default-executor-3] INFO  impl.RoleInfo (RoleInfo.java:updateAndGet(143)) - 3750b3a2-715b-46b3-9d0c-9e38136244b9: start FollowerState
2019-10-20 18:18:26,812 [grpc-default-executor-1] INFO  impl.RaftServerImpl (RaftServerImpl.java:setRole(184)) - 399079f7-1eb1-4f37-b003-267572525934@group-D40A05E2FCF9: changes role from  FOLLOWER to FOLLOWER at term 4 for recognizeCandidate:7a43c46a-fc88-4b2d-b2da-ae029cfa60ff
2019-10-20 18:18:26,846 [grpc-default-executor-1] INFO  impl.RoleInfo (RoleInfo.java:shutdownFollowerState(121)) - 399079f7-1eb1-4f37-b003-267572525934: shutdown FollowerState
2019-10-20 18:18:26,846 [6ef27e9c-8ddb-4fa1-8c14-ab102acfb1b8@group-F11756C8BA4A-LeaderElection17] INFO  impl.LeaderElection (LeaderElection.java:askForVotes(178)) - 6ef27e9c-8ddb-4fa1-8c14-ab102acfb1b8@group-F11756C8BA4A-LeaderElection17: begin an election at term 1 for -1: [6ef27e9c-8ddb-4fa1-8c14-ab102acfb1b8:192.168.164.241:38092, b75f8b2e-6273-4c97-b7c5-042674931d23:192.168.164.241:41857, 3750b3a2-715b-46b3-9d0c-9e38136244b9:192.168.164.241:46227], old=null
2019-10-20 18:18:26,846 [6c5c38af-62e6-4ea7-a24a-078dcb28fb39@group-D40A05E2FCF9-LeaderElection11] INFO  impl.LeaderElection (LeaderElection.java:logAndReturn(56)) - 6c5c38af-62e6-4ea7-a24a-078dcb28fb39@group-D40A05E2FCF9-LeaderElection11: Election REJECTED; received 1 response(s) [6c5c38af-62e6-4ea7-a24a-078dcb28fb39<-7a43c46a-fc88-4b2d-b2da-ae029cfa60ff#0:FAIL-t3] and 0 exception(s); 6c5c38af-62e6-4ea7-a24a-078dcb28fb39@group-D40A05E2FCF9:t4, leader=null, voted=null, raftlog=6c5c38af-62e6-4ea7-a24a-078dcb28fb39@group-D40A05E2FCF9-SegmentedRaftLog:OPENED:c-1,f-1,i0, conf=-1: [399079f7-1eb1-4f37-b003-267572525934:192.168.164.241:37762, 7a43c46a-fc88-4b2d-b2da-ae029cfa60ff:192.168.164.241:43684, 6c5c38af-62e6-4ea7-a24a-078dcb28fb39:192.168.164.241:45428], old=null
2019-10-20 18:18:26,846 [grpc-default-executor-1] INFO  impl.RoleInfo (RoleInfo.java:updateAndGet(143)) - 399079f7-1eb1-4f37-b003-267572525934: start FollowerState
2019-10-20 18:18:26,846 [Thread-379] INFO  impl.FollowerState (FollowerState.java:run(117)) - 399079f7-1eb1-4f37-b003-267572525934@group-D40A05E2FCF9-FollowerState was interrupted: java.lang.InterruptedException: sleep interrupted
2019-10-20 18:18:26,846 [b75f8b2e-6273-4c97-b7c5-042674931d23@group-F11756C8BA4A-LeaderElection15] INFO  impl.LeaderElection (LeaderElection.java:askForVotes(178)) - b75f8b2e-6273-4c97-b7c5-042674931d23@group-F11756C8BA4A-LeaderElection15: begin an election at term 2 for -1: [6ef27e9c-8ddb-4fa1-8c14-ab102acfb1b8:192.168.164.241:38092, b75f8b2e-6273-4c97-b7c5-042674931d23:192.168.164.241:41857, 3750b3a2-715b-46b3-9d0c-9e38136244b9:192.168.164.241:46227], old=null
2019-10-20 18:18:26,891 [7a43c46a-fc88-4b2d-b2da-ae029cfa60ff@group-D40A05E2FCF9-LeaderElection16] INFO  impl.LeaderElection (LeaderElection.java:logAndReturn(56)) - 7a43c46a-fc88-4b2d-b2da-ae029cfa60ff@group-D40A05E2FCF9-LeaderElection16: Election TIMEOUT; received 1 response(s) [7a43c46a-fc88-4b2d-b2da-ae029cfa60ff<-6c5c38af-62e6-4ea7-a24a-078dcb28fb39#0:FAIL-t4] and 0 exception(s); 7a43c46a-fc88-4b2d-b2da-ae029cfa60ff@group-D40A05E2FCF9:t4, leader=null, voted=7a43c46a-fc88-4b2d-b2da-ae029cfa60ff, raftlog=7a43c46a-fc88-4b2d-b2da-ae029cfa60ff@group-D40A05E2FCF9-SegmentedRaftLog:OPENED:c-1,f-1,i0, conf=-1: [399079f7-1eb1-4f37-b003-267572525934:192.168.164.241:37762, 7a43c46a-fc88-4b2d-b2da-ae029cfa60ff:192.168.164.241:43684, 6c5c38af-62e6-4ea7-a24a-078dcb28fb39:192.168.164.241:45428], old=null
2019-10-20 18:18:26,875 [Thread-384] INFO  impl.FollowerState (FollowerState.java:run(108)) - 3750b3a2-715b-46b3-9d0c-9e38136244b9@group-F11756C8BA4A-FollowerState: change to CANDIDATE, lastRpcTime:63ms, electionTimeout:63ms
2019-10-20 18:18:26,895 [Thread-384] INFO  impl.RoleInfo (RoleInfo.java:shutdownFollowerState(121)) - 3750b3a2-715b-46b3-9d0c-9e38136244b9: shutdown FollowerState
2019-10-20 18:18:26,896 [Thread-384] INFO  impl.RaftServerImpl (RaftServerImpl.java:setRole(184)) - 3750b3a2-715b-46b3-9d0c-9e38136244b9@group-F11756C8BA4A: changes role from  FOLLOWER to CANDIDATE at term 1 for changeToCandidate
2019-10-20 18:18:26,896 [Thread-384] INFO  impl.RoleInfo (RoleInfo.java:updateAndGet(143)) - 3750b3a2-715b-46b3-9d0c-9e38136244b9: start LeaderElection
2019-10-20 18:18:26,910 [b75f8b2e-6273-4c97-b7c5-042674931d23@group-F11756C8BA4A-LeaderElection15] INFO  impl.LeaderElection (LeaderElection.java:logAndReturn(56)) - b75f8b2e-6273-4c97-b7c5-042674931d23@group-F11756C8BA4A-LeaderElection15: Election TIMEOUT; received 0 response(s) [] and 0 exception(s); b75f8b2e-6273-4c97-b7c5-042674931d23@group-F11756C8BA4A:t2, leader=null, voted=b75f8b2e-6273-4c97-b7c5-042674931d23, raftlog=b75f8b2e-6273-4c97-b7c5-042674931d23@group-F11756C8BA4A-SegmentedRaftLog:OPENED:c-1,f-1,i0, conf=-1: [6ef27e9c-8ddb-4fa1-8c14-ab102acfb1b8:192.168.164.241:38092, b75f8b2e-6273-4c97-b7c5-042674931d23:192.168.164.241:41857, 3750b3a2-715b-46b3-9d0c-9e38136244b9:192.168.164.241:46227], old=null
2019-10-20 18:18:26,921 [7a43c46a-fc88-4b2d-b2da-ae029cfa60ff@group-D40A05E2FCF9-LeaderElection16] INFO  impl.LeaderElection (LeaderElection.java:askForVotes(178)) - 7a43c46a-fc88-4b2d-b2da-ae029cfa60ff@group-D40A05E2FCF9-LeaderElection16: begin an election at term 5 for -1: [399079f7-1eb1-4f37-b003-267572525934:192.168.164.241:37762, 7a43c46a-fc88-4b2d-b2da-ae029cfa60ff:192.168.164.241:43684, 6c5c38af-62e6-4ea7-a24a-078dcb28fb39:192.168.164.241:45428], old=null
2019-10-20 18:18:26,921 [3750b3a2-715b-46b3-9d0c-9e38136244b9@group-F11756C8BA4A-LeaderElection18] INFO  impl.LeaderElection (LeaderElection.java:askForVotes(178)) - 3750b3a2-715b-46b3-9d0c-9e38136244b9@group-F11756C8BA4A-LeaderElection18: begin an election at term 2 for -1: [6ef27e9c-8ddb-4fa1-8c14-ab102acfb1b8:192.168.164.241:38092, b75f8b2e-6273-4c97-b7c5-042674931d23:192.168.164.241:41857, 3750b3a2-715b-46b3-9d0c-9e38136244b9:192.168.164.241:46227], old=null
2019-10-20 18:18:26,940 [Thread-382] INFO  impl.FollowerState (FollowerState.java:run(108)) - 6c5c38af-62e6-4ea7-a24a-078dcb28fb39@group-D40A05E2FCF9-FollowerState: change to CANDIDATE, lastRpcTime:161ms, electionTimeout:137ms
2019-10-20 18:18:26,940 [Thread-382] INFO  impl.RoleInfo (RoleInfo.java:shutdownFollowerState(121)) - 6c5c38af-62e6-4ea7-a24a-078dcb28fb39: shutdown FollowerState
2019-10-20 18:18:26,940 [Thread-382] INFO  impl.RaftServerImpl (RaftServerImpl.java:setRole(184)) - 6c5c38af-62e6-4ea7-a24a-078dcb28fb39@group-D40A05E2FCF9: changes role from  FOLLOWER to CANDIDATE at term 4 for changeToCandidate
2019-10-20 18:18:26,942 [Thread-382] INFO  impl.RoleInfo (RoleInfo.java:updateAndGet(143)) - 6c5c38af-62e6-4ea7-a24a-078dcb28fb39: start LeaderElection
2019-10-20 18:18:26,955 [b75f8b2e-6273-4c97-b7c5-042674931d23@group-F11756C8BA4A-LeaderElection15] INFO  impl.LeaderElection (LeaderElection.java:askForVotes(178)) - b75f8b2e-6273-4c97-b7c5-042674931d23@group-F11756C8BA4A-LeaderElection15: begin an election at term 3 for -1: [6ef27e9c-8ddb-4fa1-8c14-ab102acfb1b8:192.168.164.241:38092, b75f8b2e-6273-4c97-b7c5-042674931d23:192.168.164.241:41857, 3750b3a2-715b-46b3-9d0c-9e38136244b9:192.168.164.241:46227], old=null
2019-10-20 18:18:26,955 [6c5c38af-62e6-4ea7-a24a-078dcb28fb39@group-D40A05E2FCF9-LeaderElection19] INFO  impl.LeaderElection (LeaderElection.java:askForVotes(178)) - 6c5c38af-62e6-4ea7-a24a-078dcb28fb39@group-D40A05E2FCF9-LeaderElection19: begin an election at term 5 for -1: [399079f7-1eb1-4f37-b003-267572525934:192.168.164.241:37762, 7a43c46a-fc88-4b2d-b2da-ae029cfa60ff:192.168.164.241:43684, 6c5c38af-62e6-4ea7-a24a-078dcb28fb39:192.168.164.241:45428], old=null
2019-10-20 18:18:26,962 [3750b3a2-715b-46b3-9d0c-9e38136244b9@group-F11756C8BA4A-LeaderElection18] INFO  impl.LeaderElection (LeaderElection.java:logAndReturn(56)) - 3750b3a2-715b-46b3-9d0c-9e38136244b9@group-F11756C8BA4A-LeaderElection18: Election TIMEOUT; received 0 response(s) [] and 0 exception(s); 3750b3a2-715b-46b3-9d0c-9e38136244b9@group-F11756C8BA4A:t2, leader=null, voted=3750b3a2-715b-46b3-9d0c-9e38136244b9, raftlog=3750b3a2-715b-46b3-9d0c-9e38136244b9@group-F11756C8BA4A-SegmentedRaftLog:OPENED:c-1,f-1,i0, conf=-1: [6ef27e9c-8ddb-4fa1-8c14-ab102acfb1b8:192.168.164.241:38092, b75f8b2e-6273-4c97-b7c5-042674931d23:192.168.164.241:41857, 3750b3a2-715b-46b3-9d0c-9e38136244b9:192.168.164.241:46227], old=null
2019-10-20 18:18:26,968 [IPC Server handler 0 on 42979] INFO  volume.OMVolumeCreateRequest (OMVolumeCreateRequest.java:validateAndUpdateCache(193)) - created volume:datanodefailurehandlingtest for user:jenkins1000
2019-10-20 18:18:26,970 [6ef27e9c-8ddb-4fa1-8c14-ab102acfb1b8@group-F11756C8BA4A-LeaderElection17] INFO  impl.LeaderElection (LeaderElection.java:logAndReturn(56)) - 6ef27e9c-8ddb-4fa1-8c14-ab102acfb1b8@group-F11756C8BA4A-LeaderElection17: Election TIMEOUT; received 0 response(s) [] and 0 exception(s); 6ef27e9c-8ddb-4fa1-8c14-ab102acfb1b8@group-F11756C8BA4A:t1, leader=null, voted=6ef27e9c-8ddb-4fa1-8c14-ab102acfb1b8, raftlog=6ef27e9c-8ddb-4fa1-8c14-ab102acfb1b8@group-F11756C8BA4A-SegmentedRaftLog:OPENED:c-1,f-1,i0, conf=-1: [6ef27e9c-8ddb-4fa1-8c14-ab102acfb1b8:192.168.164.241:38092, b75f8b2e-6273-4c97-b7c5-042674931d23:192.168.164.241:41857, 3750b3a2-715b-46b3-9d0c-9e38136244b9:192.168.164.241:46227], old=null
2019-10-20 18:18:26,988 [7a43c46a-fc88-4b2d-b2da-ae029cfa60ff@group-D40A05E2FCF9-LeaderElection16] INFO  impl.LeaderElection (LeaderElection.java:logAndReturn(56)) - 7a43c46a-fc88-4b2d-b2da-ae029cfa60ff@group-D40A05E2FCF9-LeaderElection16: Election TIMEOUT; received 1 response(s) [7a43c46a-fc88-4b2d-b2da-ae029cfa60ff<-6c5c38af-62e6-4ea7-a24a-078dcb28fb39#0:FAIL-t5] and 0 exception(s); 7a43c46a-fc88-4b2d-b2da-ae029cfa60ff@group-D40A05E2FCF9:t5, leader=null, voted=7a43c46a-fc88-4b2d-b2da-ae029cfa60ff, raftlog=7a43c46a-fc88-4b2d-b2da-ae029cfa60ff@group-D40A05E2FCF9-SegmentedRaftLog:OPENED:c-1,f-1,i0, conf=-1: [399079f7-1eb1-4f37-b003-267572525934:192.168.164.241:37762, 7a43c46a-fc88-4b2d-b2da-ae029cfa60ff:192.168.164.241:43684, 6c5c38af-62e6-4ea7-a24a-078dcb28fb39:192.168.164.241:45428], old=null
2019-10-20 18:18:26,997 [3750b3a2-715b-46b3-9d0c-9e38136244b9@group-F11756C8BA4A-LeaderElection18] INFO  impl.LeaderElection (LeaderElection.java:askForVotes(178)) - 3750b3a2-715b-46b3-9d0c-9e38136244b9@group-F11756C8BA4A-LeaderElection18: begin an election at term 3 for -1: [6ef27e9c-8ddb-4fa1-8c14-ab102acfb1b8:192.168.164.241:38092, b75f8b2e-6273-4c97-b7c5-042674931d23:192.168.164.241:41857, 3750b3a2-715b-46b3-9d0c-9e38136244b9:192.168.164.241:46227], old=null
2019-10-20 18:18:26,997 [6ef27e9c-8ddb-4fa1-8c14-ab102acfb1b8@group-F11756C8BA4A-LeaderElection17] INFO  impl.LeaderElection (LeaderElection.java:askForVotes(178)) - 6ef27e9c-8ddb-4fa1-8c14-ab102acfb1b8@group-F11756C8BA4A-LeaderElection17: begin an election at term 2 for -1: [6ef27e9c-8ddb-4fa1-8c14-ab102acfb1b8:192.168.164.241:38092, b75f8b2e-6273-4c97-b7c5-042674931d23:192.168.164.241:41857, 3750b3a2-715b-46b3-9d0c-9e38136244b9:192.168.164.241:46227], old=null
2019-10-20 18:18:27,017 [grpc-default-executor-3] INFO  impl.RaftServerImpl (RaftServerImpl.java:setRole(184)) - 399079f7-1eb1-4f37-b003-267572525934@group-D40A05E2FCF9: changes role from  FOLLOWER to FOLLOWER at term 5 for recognizeCandidate:6c5c38af-62e6-4ea7-a24a-078dcb28fb39
2019-10-20 18:18:27,017 [grpc-default-executor-3] INFO  impl.RoleInfo (RoleInfo.java:shutdownFollowerState(121)) - 399079f7-1eb1-4f37-b003-267572525934: shutdown FollowerState
2019-10-20 18:18:27,025 [3750b3a2-715b-46b3-9d0c-9e38136244b9@group-F11756C8BA4A-LeaderElection18] INFO  impl.LeaderElection (LeaderElection.java:logAndReturn(56)) - 3750b3a2-715b-46b3-9d0c-9e38136244b9@group-F11756C8BA4A-LeaderElection18: Election TIMEOUT; received 0 response(s) [] and 0 exception(s); 3750b3a2-715b-46b3-9d0c-9e38136244b9@group-F11756C8BA4A:t3, leader=null, voted=3750b3a2-715b-46b3-9d0c-9e38136244b9, raftlog=3750b3a2-715b-46b3-9d0c-9e38136244b9@group-F11756C8BA4A-SegmentedRaftLog:OPENED:c-1,f-1,i0, conf=-1: [6ef27e9c-8ddb-4fa1-8c14-ab102acfb1b8:192.168.164.241:38092, b75f8b2e-6273-4c97-b7c5-042674931d23:192.168.164.241:41857, 3750b3a2-715b-46b3-9d0c-9e38136244b9:192.168.164.241:46227], old=null
2019-10-20 18:18:27,031 [7a43c46a-fc88-4b2d-b2da-ae029cfa60ff@group-D40A05E2FCF9-LeaderElection16] INFO  impl.LeaderElection (LeaderElection.java:askForVotes(178)) - 7a43c46a-fc88-4b2d-b2da-ae029cfa60ff@group-D40A05E2FCF9-LeaderElection16: begin an election at term 6 for -1: [399079f7-1eb1-4f37-b003-267572525934:192.168.164.241:37762, 7a43c46a-fc88-4b2d-b2da-ae029cfa60ff:192.168.164.241:43684, 6c5c38af-62e6-4ea7-a24a-078dcb28fb39:192.168.164.241:45428], old=null
2019-10-20 18:18:27,043 [grpc-default-executor-3] INFO  impl.RoleInfo (RoleInfo.java:updateAndGet(143)) - 399079f7-1eb1-4f37-b003-267572525934: start FollowerState
2019-10-20 18:18:27,046 [Thread-385] INFO  impl.FollowerState (FollowerState.java:run(117)) - 399079f7-1eb1-4f37-b003-267572525934@group-D40A05E2FCF9-FollowerState was interrupted: java.lang.InterruptedException: sleep interrupted
2019-10-20 18:18:27,050 [grpc-default-executor-1] INFO  impl.RaftServerImpl (RaftServerImpl.java:setRole(184)) - 6c5c38af-62e6-4ea7-a24a-078dcb28fb39@group-D40A05E2FCF9: changes role from CANDIDATE to FOLLOWER at term 6 for recognizeCandidate:7a43c46a-fc88-4b2d-b2da-ae029cfa60ff
2019-10-20 18:18:27,050 [grpc-default-executor-1] INFO  impl.RoleInfo (RoleInfo.java:shutdownLeaderElection(134)) - 6c5c38af-62e6-4ea7-a24a-078dcb28fb39: shutdown LeaderElection
2019-10-20 18:18:27,051 [grpc-default-executor-4] INFO  impl.RaftServerImpl (RaftServerImpl.java:setRole(184)) - 6ef27e9c-8ddb-4fa1-8c14-ab102acfb1b8@group-F11756C8BA4A: changes role from CANDIDATE to FOLLOWER at term 3 for recognizeCandidate:b75f8b2e-6273-4c97-b7c5-042674931d23
2019-10-20 18:18:27,051 [grpc-default-executor-4] INFO  impl.RoleInfo (RoleInfo.java:shutdownLeaderElection(134)) - 6ef27e9c-8ddb-4fa1-8c14-ab102acfb1b8: shutdown LeaderElection
2019-10-20 18:18:27,058 [6c5c38af-62e6-4ea7-a24a-078dcb28fb39@group-D40A05E2FCF9-LeaderElection19] INFO  impl.LeaderElection (LeaderElection.java:logAndReturn(56)) - 6c5c38af-62e6-4ea7-a24a-078dcb28fb39@group-D40A05E2FCF9-LeaderElection19: Election REJECTED; received 0 response(s) [] and 0 exception(s); 6c5c38af-62e6-4ea7-a24a-078dcb28fb39@group-D40A05E2FCF9:t6, leader=null, voted=null, raftlog=6c5c38af-62e6-4ea7-a24a-078dcb28fb39@group-D40A05E2FCF9-SegmentedRaftLog:OPENED:c-1,f-1,i0, conf=-1: [399079f7-1eb1-4f37-b003-267572525934:192.168.164.241:37762, 7a43c46a-fc88-4b2d-b2da-ae029cfa60ff:192.168.164.241:43684, 6c5c38af-62e6-4ea7-a24a-078dcb28fb39:192.168.164.241:45428], old=null
2019-10-20 18:18:27,064 [3750b3a2-715b-46b3-9d0c-9e38136244b9@group-F11756C8BA4A-LeaderElection18] INFO  impl.LeaderElection (LeaderElection.java:askForVotes(178)) - 3750b3a2-715b-46b3-9d0c-9e38136244b9@group-F11756C8BA4A-LeaderElection18: begin an election at term 4 for -1: [6ef27e9c-8ddb-4fa1-8c14-ab102acfb1b8:192.168.164.241:38092, b75f8b2e-6273-4c97-b7c5-042674931d23:192.168.164.241:41857, 3750b3a2-715b-46b3-9d0c-9e38136244b9:192.168.164.241:46227], old=null
2019-10-20 18:18:27,071 [grpc-default-executor-4] INFO  impl.RoleInfo (RoleInfo.java:updateAndGet(143)) - 6ef27e9c-8ddb-4fa1-8c14-ab102acfb1b8: start FollowerState
2019-10-20 18:18:27,071 [grpc-default-executor-1] INFO  impl.RoleInfo (RoleInfo.java:updateAndGet(143)) - 6c5c38af-62e6-4ea7-a24a-078dcb28fb39: start FollowerState
2019-10-20 18:18:27,088 [7a43c46a-fc88-4b2d-b2da-ae029cfa60ff@group-D40A05E2FCF9-LeaderElection16] INFO  impl.LeaderElection (LeaderElection.java:logAndReturn(56)) - 7a43c46a-fc88-4b2d-b2da-ae029cfa60ff@group-D40A05E2FCF9-LeaderElection16: Election TIMEOUT; received 0 response(s) [] and 0 exception(s); 7a43c46a-fc88-4b2d-b2da-ae029cfa60ff@group-D40A05E2FCF9:t6, leader=null, voted=7a43c46a-fc88-4b2d-b2da-ae029cfa60ff, raftlog=7a43c46a-fc88-4b2d-b2da-ae029cfa60ff@group-D40A05E2FCF9-SegmentedRaftLog:OPENED:c-1,f-1,i0, conf=-1: [399079f7-1eb1-4f37-b003-267572525934:192.168.164.241:37762, 7a43c46a-fc88-4b2d-b2da-ae029cfa60ff:192.168.164.241:43684, 6c5c38af-62e6-4ea7-a24a-078dcb28fb39:192.168.164.241:45428], old=null
2019-10-20 18:18:27,090 [Thread-408] INFO  impl.FollowerState (FollowerState.java:run(108)) - 6ef27e9c-8ddb-4fa1-8c14-ab102acfb1b8@group-F11756C8BA4A-FollowerState: change to CANDIDATE, lastRpcTime:18ms, electionTimeout:9ms
2019-10-20 18:18:27,090 [Thread-408] INFO  impl.RoleInfo (RoleInfo.java:shutdownFollowerState(121)) - 6ef27e9c-8ddb-4fa1-8c14-ab102acfb1b8: shutdown FollowerState
2019-10-20 18:18:27,091 [Thread-408] INFO  impl.RaftServerImpl (RaftServerImpl.java:setRole(184)) - 6ef27e9c-8ddb-4fa1-8c14-ab102acfb1b8@group-F11756C8BA4A: changes role from  FOLLOWER to CANDIDATE at term 3 for changeToCandidate
2019-10-20 18:18:27,102 [Thread-408] INFO  impl.RoleInfo (RoleInfo.java:updateAndGet(143)) - 6ef27e9c-8ddb-4fa1-8c14-ab102acfb1b8: start LeaderElection
2019-10-20 18:18:27,115 [3750b3a2-715b-46b3-9d0c-9e38136244b9@group-F11756C8BA4A-LeaderElection18] INFO  impl.LeaderElection (LeaderElection.java:logAndReturn(56)) - 3750b3a2-715b-46b3-9d0c-9e38136244b9@group-F11756C8BA4A-LeaderElection18: Election TIMEOUT; received 0 response(s) [] and 0 exception(s); 3750b3a2-715b-46b3-9d0c-9e38136244b9@group-F11756C8BA4A:t4, leader=null, voted=3750b3a2-715b-46b3-9d0c-9e38136244b9, raftlog=3750b3a2-715b-46b3-9d0c-9e38136244b9@group-F11756C8BA4A-SegmentedRaftLog:OPENED:c-1,f-1,i0, conf=-1: [6ef27e9c-8ddb-4fa1-8c14-ab102acfb1b8:192.168.164.241:38092, b75f8b2e-6273-4c97-b7c5-042674931d23:192.168.164.241:41857, 3750b3a2-715b-46b3-9d0c-9e38136244b9:192.168.164.241:46227], old=null
2019-10-20 18:18:27,129 [grpc-default-executor-3] INFO  impl.RaftServerImpl (RaftServerImpl.java:setRole(184)) - 6ef27e9c-8ddb-4fa1-8c14-ab102acfb1b8@group-F11756C8BA4A: changes role from CANDIDATE to FOLLOWER at term 3 for recognizeCandidate:3750b3a2-715b-46b3-9d0c-9e38136244b9
2019-10-20 18:18:27,137 [grpc-default-executor-3] INFO  impl.RoleInfo (RoleInfo.java:shutdownLeaderElection(134)) - 6ef27e9c-8ddb-4fa1-8c14-ab102acfb1b8: shutdown LeaderElection
2019-10-20 18:18:27,137 [grpc-default-executor-3] INFO  impl.RoleInfo (RoleInfo.java:updateAndGet(143)) - 6ef27e9c-8ddb-4fa1-8c14-ab102acfb1b8: start FollowerState
2019-10-20 18:18:27,137 [grpc-default-executor-2] INFO  impl.RaftServerImpl (RaftServerImpl.java:setRole(184)) - 6ef27e9c-8ddb-4fa1-8c14-ab102acfb1b8@group-F11756C8BA4A: changes role from  FOLLOWER to FOLLOWER at term 4 for recognizeCandidate:3750b3a2-715b-46b3-9d0c-9e38136244b9
2019-10-20 18:18:27,139 [grpc-default-executor-2] INFO  impl.RoleInfo (RoleInfo.java:shutdownFollowerState(121)) - 6ef27e9c-8ddb-4fa1-8c14-ab102acfb1b8: shutdown FollowerState
2019-10-20 18:18:27,139 [grpc-default-executor-2] INFO  impl.RoleInfo (RoleInfo.java:updateAndGet(143)) - 6ef27e9c-8ddb-4fa1-8c14-ab102acfb1b8: start FollowerState
2019-10-20 18:18:27,141 [Thread-412] INFO  impl.FollowerState (FollowerState.java:run(117)) - 6ef27e9c-8ddb-4fa1-8c14-ab102acfb1b8@group-F11756C8BA4A-FollowerState was interrupted: java.lang.InterruptedException: sleep interrupted
2019-10-20 18:18:27,144 [grpc-default-executor-3] INFO  impl.RaftServerImpl (RaftServerImpl.java:setRole(184)) - b75f8b2e-6273-4c97-b7c5-042674931d23@group-F11756C8BA4A: changes role from CANDIDATE to FOLLOWER at term 4 for recognizeCandidate:3750b3a2-715b-46b3-9d0c-9e38136244b9
2019-10-20 18:18:27,144 [grpc-default-executor-3] INFO  impl.RoleInfo (RoleInfo.java:shutdownLeaderElection(134)) - b75f8b2e-6273-4c97-b7c5-042674931d23: shutdown LeaderElection
2019-10-20 18:18:27,151 [b75f8b2e-6273-4c97-b7c5-042674931d23@group-F11756C8BA4A-LeaderElection15] INFO  impl.LeaderElection (LeaderElection.java:logAndReturn(56)) - b75f8b2e-6273-4c97-b7c5-042674931d23@group-F11756C8BA4A-LeaderElection15: Election REJECTED; received 1 response(s) [b75f8b2e-6273-4c97-b7c5-042674931d23<-3750b3a2-715b-46b3-9d0c-9e38136244b9#0:FAIL-t3] and 0 exception(s); b75f8b2e-6273-4c97-b7c5-042674931d23@group-F11756C8BA4A:t4, leader=null, voted=null, raftlog=b75f8b2e-6273-4c97-b7c5-042674931d23@group-F11756C8BA4A-SegmentedRaftLog:OPENED:c-1,f-1,i0, conf=-1: [6ef27e9c-8ddb-4fa1-8c14-ab102acfb1b8:192.168.164.241:38092, b75f8b2e-6273-4c97-b7c5-042674931d23:192.168.164.241:41857, 3750b3a2-715b-46b3-9d0c-9e38136244b9:192.168.164.241:46227], old=null
2019-10-20 18:18:27,166 [grpc-default-executor-3] INFO  impl.RoleInfo (RoleInfo.java:updateAndGet(143)) - b75f8b2e-6273-4c97-b7c5-042674931d23: start FollowerState
2019-10-20 18:18:27,169 [6ef27e9c-8ddb-4fa1-8c14-ab102acfb1b8@group-F11756C8BA4A-LeaderElection17] INFO  impl.LeaderElection (LeaderElection.java:logAndReturn(56)) - 6ef27e9c-8ddb-4fa1-8c14-ab102acfb1b8@group-F11756C8BA4A-LeaderElection17: Election DISCOVERED_A_NEW_TERM; received 1 response(s) [6ef27e9c-8ddb-4fa1-8c14-ab102acfb1b8<-b75f8b2e-6273-4c97-b7c5-042674931d23#0:FAIL-t3] and 0 exception(s); 6ef27e9c-8ddb-4fa1-8c14-ab102acfb1b8@group-F11756C8BA4A:t4, leader=null, voted=3750b3a2-715b-46b3-9d0c-9e38136244b9, raftlog=6ef27e9c-8ddb-4fa1-8c14-ab102acfb1b8@group-F11756C8BA4A-SegmentedRaftLog:OPENED:c-1,f-1,i0, conf=-1: [6ef27e9c-8ddb-4fa1-8c14-ab102acfb1b8:192.168.164.241:38092, b75f8b2e-6273-4c97-b7c5-042674931d23:192.168.164.241:41857, 3750b3a2-715b-46b3-9d0c-9e38136244b9:192.168.164.241:46227], old=null
2019-10-20 18:18:27,193 [grpc-default-executor-0] INFO  impl.RaftServerImpl (RaftServerImpl.java:setRole(184)) - 399079f7-1eb1-4f37-b003-267572525934@group-D40A05E2FCF9: changes role from  FOLLOWER to FOLLOWER at term 6 for recognizeCandidate:7a43c46a-fc88-4b2d-b2da-ae029cfa60ff
2019-10-20 18:18:27,193 [grpc-default-executor-0] INFO  impl.RoleInfo (RoleInfo.java:shutdownFollowerState(121)) - 399079f7-1eb1-4f37-b003-267572525934: shutdown FollowerState
2019-10-20 18:18:27,194 [main] INFO  rpc.RpcClient (RpcClient.java:createBucket(411)) - Creating Bucket: datanodefailurehandlingtest/datanodefailurehandlingtest, with Versioning false and Storage Type set to DISK and Encryption set to false 
2019-10-20 18:18:27,223 [grpc-default-executor-0] INFO  impl.RoleInfo (RoleInfo.java:updateAndGet(143)) - 399079f7-1eb1-4f37-b003-267572525934: start FollowerState
2019-10-20 18:18:27,223 [Thread-405] INFO  impl.FollowerState (FollowerState.java:run(117)) - 399079f7-1eb1-4f37-b003-267572525934@group-D40A05E2FCF9-FollowerState was interrupted: java.lang.InterruptedException: sleep interrupted
2019-10-20 18:18:27,211 [Thread-407] INFO  impl.FollowerState (FollowerState.java:run(108)) - 6c5c38af-62e6-4ea7-a24a-078dcb28fb39@group-D40A05E2FCF9-FollowerState: change to CANDIDATE, lastRpcTime:139ms, electionTimeout:136ms
2019-10-20 18:18:27,228 [Thread-407] INFO  impl.RoleInfo (RoleInfo.java:shutdownFollowerState(121)) - 6c5c38af-62e6-4ea7-a24a-078dcb28fb39: shutdown FollowerState
2019-10-20 18:18:27,229 [Thread-407] INFO  impl.RaftServerImpl (RaftServerImpl.java:setRole(184)) - 6c5c38af-62e6-4ea7-a24a-078dcb28fb39@group-D40A05E2FCF9: changes role from  FOLLOWER to CANDIDATE at term 6 for changeToCandidate
2019-10-20 18:18:27,229 [Thread-407] INFO  impl.RoleInfo (RoleInfo.java:updateAndGet(143)) - 6c5c38af-62e6-4ea7-a24a-078dcb28fb39: start LeaderElection
2019-10-20 18:18:27,235 [3750b3a2-715b-46b3-9d0c-9e38136244b9@group-F11756C8BA4A-LeaderElection18] INFO  impl.LeaderElection (LeaderElection.java:askForVotes(178)) - 3750b3a2-715b-46b3-9d0c-9e38136244b9@group-F11756C8BA4A-LeaderElection18: begin an election at term 5 for -1: [6ef27e9c-8ddb-4fa1-8c14-ab102acfb1b8:192.168.164.241:38092, b75f8b2e-6273-4c97-b7c5-042674931d23:192.168.164.241:41857, 3750b3a2-715b-46b3-9d0c-9e38136244b9:192.168.164.241:46227], old=null
2019-10-20 18:18:27,235 [7a43c46a-fc88-4b2d-b2da-ae029cfa60ff@group-D40A05E2FCF9-LeaderElection16] INFO  impl.LeaderElection (LeaderElection.java:askForVotes(178)) - 7a43c46a-fc88-4b2d-b2da-ae029cfa60ff@group-D40A05E2FCF9-LeaderElection16: begin an election at term 7 for -1: [399079f7-1eb1-4f37-b003-267572525934:192.168.164.241:37762, 7a43c46a-fc88-4b2d-b2da-ae029cfa60ff:192.168.164.241:43684, 6c5c38af-62e6-4ea7-a24a-078dcb28fb39:192.168.164.241:45428], old=null
2019-10-20 18:18:27,275 [6c5c38af-62e6-4ea7-a24a-078dcb28fb39@group-D40A05E2FCF9-LeaderElection21] INFO  impl.LeaderElection (LeaderElection.java:askForVotes(178)) - 6c5c38af-62e6-4ea7-a24a-078dcb28fb39@group-D40A05E2FCF9-LeaderElection21: begin an election at term 7 for -1: [399079f7-1eb1-4f37-b003-267572525934:192.168.164.241:37762, 7a43c46a-fc88-4b2d-b2da-ae029cfa60ff:192.168.164.241:43684, 6c5c38af-62e6-4ea7-a24a-078dcb28fb39:192.168.164.241:45428], old=null
2019-10-20 18:18:27,275 [grpc-default-executor-3] INFO  impl.RaftServerImpl (RaftServerImpl.java:setRole(184)) - 399079f7-1eb1-4f37-b003-267572525934@group-D40A05E2FCF9: changes role from  FOLLOWER to FOLLOWER at term 7 for recognizeCandidate:7a43c46a-fc88-4b2d-b2da-ae029cfa60ff
2019-10-20 18:18:27,275 [6ef27e9c-8ddb-4fa1-8c14-ab102acfb1b8@group-F11756C8BA4A-LeaderElection20] INFO  impl.LeaderElection (LeaderElection.java:askForVotes(178)) - 6ef27e9c-8ddb-4fa1-8c14-ab102acfb1b8@group-F11756C8BA4A-LeaderElection20: begin an election at term 5 for -1: [6ef27e9c-8ddb-4fa1-8c14-ab102acfb1b8:192.168.164.241:38092, b75f8b2e-6273-4c97-b7c5-042674931d23:192.168.164.241:41857, 3750b3a2-715b-46b3-9d0c-9e38136244b9:192.168.164.241:46227], old=null
2019-10-20 18:18:27,276 [grpc-default-executor-3] INFO  impl.RoleInfo (RoleInfo.java:shutdownFollowerState(121)) - 399079f7-1eb1-4f37-b003-267572525934: shutdown FollowerState
2019-10-20 18:18:27,276 [grpc-default-executor-3] INFO  impl.RoleInfo (RoleInfo.java:updateAndGet(143)) - 399079f7-1eb1-4f37-b003-267572525934: start FollowerState
2019-10-20 18:18:27,276 [Thread-415] INFO  impl.FollowerState (FollowerState.java:run(117)) - 399079f7-1eb1-4f37-b003-267572525934@group-D40A05E2FCF9-FollowerState was interrupted: java.lang.InterruptedException: sleep interrupted
2019-10-20 18:18:27,276 [6ef27e9c-8ddb-4fa1-8c14-ab102acfb1b8@group-F11756C8BA4A-LeaderElection20] INFO  impl.LeaderElection (LeaderElection.java:logAndReturn(56)) - 6ef27e9c-8ddb-4fa1-8c14-ab102acfb1b8@group-F11756C8BA4A-LeaderElection20: Election REJECTED; received 0 response(s) [] and 0 exception(s); 6ef27e9c-8ddb-4fa1-8c14-ab102acfb1b8@group-F11756C8BA4A:t5, leader=null, voted=6ef27e9c-8ddb-4fa1-8c14-ab102acfb1b8, raftlog=6ef27e9c-8ddb-4fa1-8c14-ab102acfb1b8@group-F11756C8BA4A-SegmentedRaftLog:OPENED:c-1,f-1,i0, conf=-1: [6ef27e9c-8ddb-4fa1-8c14-ab102acfb1b8:192.168.164.241:38092, b75f8b2e-6273-4c97-b7c5-042674931d23:192.168.164.241:41857, 3750b3a2-715b-46b3-9d0c-9e38136244b9:192.168.164.241:46227], old=null
2019-10-20 18:18:27,280 [grpc-default-executor-5] INFO  impl.RaftServerImpl (RaftServerImpl.java:setRole(184)) - b75f8b2e-6273-4c97-b7c5-042674931d23@group-F11756C8BA4A: changes role from  FOLLOWER to FOLLOWER at term 5 for recognizeCandidate:3750b3a2-715b-46b3-9d0c-9e38136244b9
2019-10-20 18:18:27,280 [grpc-default-executor-5] INFO  impl.RoleInfo (RoleInfo.java:shutdownFollowerState(121)) - b75f8b2e-6273-4c97-b7c5-042674931d23: shutdown FollowerState
2019-10-20 18:18:27,280 [Thread-414] INFO  impl.FollowerState (FollowerState.java:run(117)) - b75f8b2e-6273-4c97-b7c5-042674931d23@group-F11756C8BA4A-FollowerState was interrupted: java.lang.InterruptedException: sleep interrupted
2019-10-20 18:18:27,280 [grpc-default-executor-5] INFO  impl.RoleInfo (RoleInfo.java:updateAndGet(143)) - b75f8b2e-6273-4c97-b7c5-042674931d23: start FollowerState
2019-10-20 18:18:27,289 [pool-37-thread-1] INFO  impl.RaftServerImpl (RaftServerImpl.java:<init>(104)) - c50ce170-3170-4e03-b167-34e0e02687b2: new RaftServerImpl for group-AF4EDA66FDC9:[a6e136fe-e391-4364-8a60-53801fc9277d:192.168.164.241:40755, eb28ec45-9b2b-44d6-ae7e-a31feda643bc:192.168.164.241:42571, c50ce170-3170-4e03-b167-34e0e02687b2:192.168.164.241:37695] with ContainerStateMachine:uninitialized
2019-10-20 18:18:27,289 [pool-37-thread-1] INFO  server.RaftServerConfigKeys (ConfUtils.java:logGet(43)) - raft.server.rpc.timeout.min = 1s (custom)
2019-10-20 18:18:27,289 [pool-37-thread-1] INFO  server.RaftServerConfigKeys (ConfUtils.java:logGet(43)) - raft.server.rpc.timeout.max = 1200ms (custom)
2019-10-20 18:18:27,290 [pool-37-thread-1] INFO  server.RaftServerConfigKeys (ConfUtils.java:logGet(43)) - raft.server.rpcslowness.timeout = 120s (custom)
2019-10-20 18:18:27,290 [pool-37-thread-1] INFO  server.RaftServerConfigKeys (ConfUtils.java:logGet(43)) - raft.server.sleep.deviation.threshold = 300 (default)
2019-10-20 18:18:27,290 [pool-37-thread-1] INFO  server.RaftServerConfigKeys (ConfUtils.java:logGet(43)) - raft.server.log.appender.install.snapshot.enabled = false (custom)
2019-10-20 18:18:27,290 [pool-37-thread-1] INFO  impl.RaftServerImpl (ServerState.java:<init>(103)) - c50ce170-3170-4e03-b167-34e0e02687b2@group-AF4EDA66FDC9: ConfigurationManager, init=-1: [a6e136fe-e391-4364-8a60-53801fc9277d:192.168.164.241:40755, eb28ec45-9b2b-44d6-ae7e-a31feda643bc:192.168.164.241:42571, c50ce170-3170-4e03-b167-34e0e02687b2:192.168.164.241:37695], old=null, confs=<EMPTY_MAP>
2019-10-20 18:18:27,290 [pool-37-thread-1] INFO  server.RaftServerConfigKeys (ConfUtils.java:logGet(43)) - raft.server.storage.dir = [/workdir/hadoop-ozone/integration-test/target/test-dir/MiniOzoneClusterImpl-3ef3c7a0-fafa-4375-a23c-18b63a3f56e7/datanode-1/data/ratis] (custom)
2019-10-20 18:18:27,291 [pool-37-thread-1] INFO  server.RaftServerConfigKeys (ConfUtils.java:logGet(43)) - raft.server.log.corruption.policy = EXCEPTION (default)
2019-10-20 18:18:27,291 [pool-37-thread-1] INFO  storage.RaftStorageDirectory (RaftStorageDirectory.java:analyzeStorage(246)) - The storage directory /workdir/hadoop-ozone/integration-test/target/test-dir/MiniOzoneClusterImpl-3ef3c7a0-fafa-4375-a23c-18b63a3f56e7/datanode-1/data/ratis/ffef2051-cdca-432c-9792-af4eda66fdc9 does not exist. Creating ...
2019-10-20 18:18:27,292 [Thread-283] INFO  container.ReplicationManager (ReplicationManager.java:start(162)) - Starting Replication Monitor Thread.
2019-10-20 18:18:27,294 [ReplicationMonitor] INFO  container.ReplicationManager (ReplicationManager.java:run(225)) - Replication Monitor Thread took 0 milliseconds for processing 0 containers.
2019-10-20 18:18:27,294 [pool-77-thread-1] INFO  impl.RaftServerImpl (RaftServerImpl.java:<init>(104)) - eb28ec45-9b2b-44d6-ae7e-a31feda643bc: new RaftServerImpl for group-AF4EDA66FDC9:[a6e136fe-e391-4364-8a60-53801fc9277d:192.168.164.241:40755, eb28ec45-9b2b-44d6-ae7e-a31feda643bc:192.168.164.241:42571, c50ce170-3170-4e03-b167-34e0e02687b2:192.168.164.241:37695] with ContainerStateMachine:uninitialized
2019-10-20 18:18:27,294 [pool-77-thread-1] INFO  server.RaftServerConfigKeys (ConfUtils.java:logGet(43)) - raft.server.rpc.timeout.min = 1s (custom)
2019-10-20 18:18:27,295 [pool-77-thread-1] INFO  server.RaftServerConfigKeys (ConfUtils.java:logGet(43)) - raft.server.rpc.timeout.max = 1200ms (custom)
2019-10-20 18:18:27,295 [pool-77-thread-1] INFO  server.RaftServerConfigKeys (ConfUtils.java:logGet(43)) - raft.server.rpcslowness.timeout = 120s (custom)
2019-10-20 18:18:27,295 [pool-77-thread-1] INFO  server.RaftServerConfigKeys (ConfUtils.java:logGet(43)) - raft.server.sleep.deviation.threshold = 300 (default)
2019-10-20 18:18:27,295 [pool-77-thread-1] INFO  server.RaftServerConfigKeys (ConfUtils.java:logGet(43)) - raft.server.log.appender.install.snapshot.enabled = false (custom)
2019-10-20 18:18:27,295 [pool-77-thread-1] INFO  impl.RaftServerImpl (ServerState.java:<init>(103)) - eb28ec45-9b2b-44d6-ae7e-a31feda643bc@group-AF4EDA66FDC9: ConfigurationManager, init=-1: [a6e136fe-e391-4364-8a60-53801fc9277d:192.168.164.241:40755, eb28ec45-9b2b-44d6-ae7e-a31feda643bc:192.168.164.241:42571, c50ce170-3170-4e03-b167-34e0e02687b2:192.168.164.241:37695], old=null, confs=<EMPTY_MAP>
2019-10-20 18:18:27,295 [pool-77-thread-1] INFO  server.RaftServerConfigKeys (ConfUtils.java:logGet(43)) - raft.server.storage.dir = [/workdir/hadoop-ozone/integration-test/target/test-dir/MiniOzoneClusterImpl-3ef3c7a0-fafa-4375-a23c-18b63a3f56e7/datanode-5/data/ratis] (custom)
2019-10-20 18:18:27,296 [pool-107-thread-1] INFO  impl.RaftServerImpl (RaftServerImpl.java:<init>(104)) - a6e136fe-e391-4364-8a60-53801fc9277d: new RaftServerImpl for group-AF4EDA66FDC9:[a6e136fe-e391-4364-8a60-53801fc9277d:192.168.164.241:40755, eb28ec45-9b2b-44d6-ae7e-a31feda643bc:192.168.164.241:42571, c50ce170-3170-4e03-b167-34e0e02687b2:192.168.164.241:37695] with ContainerStateMachine:uninitialized
2019-10-20 18:18:27,296 [pool-77-thread-1] INFO  server.RaftServerConfigKeys (ConfUtils.java:logGet(43)) - raft.server.log.corruption.policy = EXCEPTION (default)
2019-10-20 18:18:27,296 [pool-107-thread-1] INFO  server.RaftServerConfigKeys (ConfUtils.java:logGet(43)) - raft.server.rpc.timeout.min = 1s (custom)
2019-10-20 18:18:27,296 [pool-77-thread-1] INFO  storage.RaftStorageDirectory (RaftStorageDirectory.java:analyzeStorage(246)) - The storage directory /workdir/hadoop-ozone/integration-test/target/test-dir/MiniOzoneClusterImpl-3ef3c7a0-fafa-4375-a23c-18b63a3f56e7/datanode-5/data/ratis/ffef2051-cdca-432c-9792-af4eda66fdc9 does not exist. Creating ...
2019-10-20 18:18:27,296 [pool-107-thread-1] INFO  server.RaftServerConfigKeys (ConfUtils.java:logGet(43)) - raft.server.rpc.timeout.max = 1200ms (custom)
2019-10-20 18:18:27,296 [pool-107-thread-1] INFO  server.RaftServerConfigKeys (ConfUtils.java:logGet(43)) - raft.server.rpcslowness.timeout = 120s (custom)
2019-10-20 18:18:27,296 [pool-107-thread-1] INFO  server.RaftServerConfigKeys (ConfUtils.java:logGet(43)) - raft.server.sleep.deviation.threshold = 300 (default)
2019-10-20 18:18:27,296 [pool-107-thread-1] INFO  server.RaftServerConfigKeys (ConfUtils.java:logGet(43)) - raft.server.log.appender.install.snapshot.enabled = false (custom)
2019-10-20 18:18:27,297 [pool-107-thread-1] INFO  impl.RaftServerImpl (ServerState.java:<init>(103)) - a6e136fe-e391-4364-8a60-53801fc9277d@group-AF4EDA66FDC9: ConfigurationManager, init=-1: [a6e136fe-e391-4364-8a60-53801fc9277d:192.168.164.241:40755, eb28ec45-9b2b-44d6-ae7e-a31feda643bc:192.168.164.241:42571, c50ce170-3170-4e03-b167-34e0e02687b2:192.168.164.241:37695], old=null, confs=<EMPTY_MAP>
2019-10-20 18:18:27,297 [pool-107-thread-1] INFO  server.RaftServerConfigKeys (ConfUtils.java:logGet(43)) - raft.server.storage.dir = [/workdir/hadoop-ozone/integration-test/target/test-dir/MiniOzoneClusterImpl-3ef3c7a0-fafa-4375-a23c-18b63a3f56e7/datanode-8/data/ratis] (custom)
2019-10-20 18:18:27,297 [pool-107-thread-1] INFO  server.RaftServerConfigKeys (ConfUtils.java:logGet(43)) - raft.server.log.corruption.policy = EXCEPTION (default)
2019-10-20 18:18:27,297 [pool-107-thread-1] INFO  storage.RaftStorageDirectory (RaftStorageDirectory.java:analyzeStorage(246)) - The storage directory /workdir/hadoop-ozone/integration-test/target/test-dir/MiniOzoneClusterImpl-3ef3c7a0-fafa-4375-a23c-18b63a3f56e7/datanode-8/data/ratis/ffef2051-cdca-432c-9792-af4eda66fdc9 does not exist. Creating ...
2019-10-20 18:18:27,303 [6c5c38af-62e6-4ea7-a24a-078dcb28fb39@group-D40A05E2FCF9-LeaderElection21] INFO  impl.LeaderElection (LeaderElection.java:logAndReturn(56)) - 6c5c38af-62e6-4ea7-a24a-078dcb28fb39@group-D40A05E2FCF9-LeaderElection21: Election REJECTED; received 2 response(s) [6c5c38af-62e6-4ea7-a24a-078dcb28fb39<-399079f7-1eb1-4f37-b003-267572525934#0:FAIL-t7, 6c5c38af-62e6-4ea7-a24a-078dcb28fb39<-7a43c46a-fc88-4b2d-b2da-ae029cfa60ff#0:FAIL-t7] and 0 exception(s); 6c5c38af-62e6-4ea7-a24a-078dcb28fb39@group-D40A05E2FCF9:t7, leader=null, voted=6c5c38af-62e6-4ea7-a24a-078dcb28fb39, raftlog=6c5c38af-62e6-4ea7-a24a-078dcb28fb39@group-D40A05E2FCF9-SegmentedRaftLog:OPENED:c-1,f-1,i0, conf=-1: [399079f7-1eb1-4f37-b003-267572525934:192.168.164.241:37762, 7a43c46a-fc88-4b2d-b2da-ae029cfa60ff:192.168.164.241:43684, 6c5c38af-62e6-4ea7-a24a-078dcb28fb39:192.168.164.241:45428], old=null
2019-10-20 18:18:27,303 [6c5c38af-62e6-4ea7-a24a-078dcb28fb39@group-D40A05E2FCF9-LeaderElection21] INFO  impl.RaftServerImpl (RaftServerImpl.java:setRole(184)) - 6c5c38af-62e6-4ea7-a24a-078dcb28fb39@group-D40A05E2FCF9: changes role from CANDIDATE to FOLLOWER at term 7 for DISCOVERED_A_NEW_TERM
2019-10-20 18:18:27,303 [7a43c46a-fc88-4b2d-b2da-ae029cfa60ff@group-D40A05E2FCF9-LeaderElection16] INFO  impl.LeaderElection (LeaderElection.java:logAndReturn(56)) - 7a43c46a-fc88-4b2d-b2da-ae029cfa60ff@group-D40A05E2FCF9-LeaderElection16: Election PASSED; received 2 response(s) [7a43c46a-fc88-4b2d-b2da-ae029cfa60ff<-399079f7-1eb1-4f37-b003-267572525934#0:OK-t7, 7a43c46a-fc88-4b2d-b2da-ae029cfa60ff<-6c5c38af-62e6-4ea7-a24a-078dcb28fb39#0:FAIL-t7] and 0 exception(s); 7a43c46a-fc88-4b2d-b2da-ae029cfa60ff@group-D40A05E2FCF9:t7, leader=null, voted=7a43c46a-fc88-4b2d-b2da-ae029cfa60ff, raftlog=7a43c46a-fc88-4b2d-b2da-ae029cfa60ff@group-D40A05E2FCF9-SegmentedRaftLog:OPENED:c-1,f-1,i0, conf=-1: [399079f7-1eb1-4f37-b003-267572525934:192.168.164.241:37762, 7a43c46a-fc88-4b2d-b2da-ae029cfa60ff:192.168.164.241:43684, 6c5c38af-62e6-4ea7-a24a-078dcb28fb39:192.168.164.241:45428], old=null
2019-10-20 18:18:27,303 [6c5c38af-62e6-4ea7-a24a-078dcb28fb39@group-D40A05E2FCF9-LeaderElection21] INFO  impl.RoleInfo (RoleInfo.java:shutdownLeaderElection(134)) - 6c5c38af-62e6-4ea7-a24a-078dcb28fb39: shutdown LeaderElection
2019-10-20 18:18:27,306 [7a43c46a-fc88-4b2d-b2da-ae029cfa60ff@group-D40A05E2FCF9-LeaderElection16] INFO  impl.RoleInfo (RoleInfo.java:shutdownLeaderElection(134)) - 7a43c46a-fc88-4b2d-b2da-ae029cfa60ff: shutdown LeaderElection
2019-10-20 18:18:27,308 [3750b3a2-715b-46b3-9d0c-9e38136244b9@group-F11756C8BA4A-LeaderElection18] INFO  impl.LeaderElection (LeaderElection.java:logAndReturn(56)) - 3750b3a2-715b-46b3-9d0c-9e38136244b9@group-F11756C8BA4A-LeaderElection18: Election PASSED; received 2 response(s) [3750b3a2-715b-46b3-9d0c-9e38136244b9<-6ef27e9c-8ddb-4fa1-8c14-ab102acfb1b8#0:FAIL-t5, 3750b3a2-715b-46b3-9d0c-9e38136244b9<-b75f8b2e-6273-4c97-b7c5-042674931d23#0:OK-t5] and 0 exception(s); 3750b3a2-715b-46b3-9d0c-9e38136244b9@group-F11756C8BA4A:t5, leader=null, voted=3750b3a2-715b-46b3-9d0c-9e38136244b9, raftlog=3750b3a2-715b-46b3-9d0c-9e38136244b9@group-F11756C8BA4A-SegmentedRaftLog:OPENED:c-1,f-1,i0, conf=-1: [6ef27e9c-8ddb-4fa1-8c14-ab102acfb1b8:192.168.164.241:38092, b75f8b2e-6273-4c97-b7c5-042674931d23:192.168.164.241:41857, 3750b3a2-715b-46b3-9d0c-9e38136244b9:192.168.164.241:46227], old=null
2019-10-20 18:18:27,308 [6c5c38af-62e6-4ea7-a24a-078dcb28fb39@group-D40A05E2FCF9-LeaderElection21] INFO  impl.RoleInfo (RoleInfo.java:updateAndGet(143)) - 6c5c38af-62e6-4ea7-a24a-078dcb28fb39: start FollowerState
2019-10-20 18:18:27,308 [3750b3a2-715b-46b3-9d0c-9e38136244b9@group-F11756C8BA4A-LeaderElection18] INFO  impl.RoleInfo (RoleInfo.java:shutdownLeaderElection(134)) - 3750b3a2-715b-46b3-9d0c-9e38136244b9: shutdown LeaderElection
2019-10-20 18:18:27,308 [7a43c46a-fc88-4b2d-b2da-ae029cfa60ff@group-D40A05E2FCF9-LeaderElection16] INFO  impl.RaftServerImpl (RaftServerImpl.java:setRole(184)) - 7a43c46a-fc88-4b2d-b2da-ae029cfa60ff@group-D40A05E2FCF9: changes role from CANDIDATE to LEADER at term 7 for changeToLeader
2019-10-20 18:18:27,310 [3750b3a2-715b-46b3-9d0c-9e38136244b9@group-F11756C8BA4A-LeaderElection18] INFO  impl.RaftServerImpl (RaftServerImpl.java:setRole(184)) - 3750b3a2-715b-46b3-9d0c-9e38136244b9@group-F11756C8BA4A: changes role from CANDIDATE to LEADER at term 5 for changeToLeader
2019-10-20 18:18:27,310 [7a43c46a-fc88-4b2d-b2da-ae029cfa60ff@group-D40A05E2FCF9-LeaderElection16] INFO  impl.RaftServerImpl (ServerState.java:setLeader(256)) - 7a43c46a-fc88-4b2d-b2da-ae029cfa60ff@group-D40A05E2FCF9: change Leader from null to 7a43c46a-fc88-4b2d-b2da-ae029cfa60ff at term 7 for becomeLeader, leader elected after 1183ms
2019-10-20 18:18:27,310 [3750b3a2-715b-46b3-9d0c-9e38136244b9@group-F11756C8BA4A-LeaderElection18] INFO  impl.RaftServerImpl (ServerState.java:setLeader(256)) - 3750b3a2-715b-46b3-9d0c-9e38136244b9@group-F11756C8BA4A: change Leader from null to 3750b3a2-715b-46b3-9d0c-9e38136244b9 at term 5 for becomeLeader, leader elected after 996ms
2019-10-20 18:18:27,310 [7a43c46a-fc88-4b2d-b2da-ae029cfa60ff@group-D40A05E2FCF9-LeaderElection16] INFO  server.RaftServerConfigKeys (ConfUtils.java:logGet(43)) - raft.server.staging.catchup.gap = 1000 (default)
2019-10-20 18:18:27,310 [3750b3a2-715b-46b3-9d0c-9e38136244b9@group-F11756C8BA4A-LeaderElection18] INFO  server.RaftServerConfigKeys (ConfUtils.java:logGet(43)) - raft.server.staging.catchup.gap = 1000 (default)
2019-10-20 18:18:27,310 [7a43c46a-fc88-4b2d-b2da-ae029cfa60ff@group-D40A05E2FCF9-LeaderElection16] INFO  server.RaftServerConfigKeys (ConfUtils.java:logGet(43)) - raft.server.rpc.sleep.time = 25ms (default)
2019-10-20 18:18:27,311 [3750b3a2-715b-46b3-9d0c-9e38136244b9@group-F11756C8BA4A-LeaderElection18] INFO  server.RaftServerConfigKeys (ConfUtils.java:logGet(43)) - raft.server.rpc.sleep.time = 25ms (default)
2019-10-20 18:18:27,311 [7a43c46a-fc88-4b2d-b2da-ae029cfa60ff@group-D40A05E2FCF9-LeaderElection16] INFO  server.RaftServerConfigKeys (ConfUtils.java:logGet(43)) - raft.server.write.element-limit = 4096 (default)
2019-10-20 18:18:27,311 [3750b3a2-715b-46b3-9d0c-9e38136244b9@group-F11756C8BA4A-LeaderElection18] INFO  server.RaftServerConfigKeys (ConfUtils.java:logGet(43)) - raft.server.write.element-limit = 4096 (default)
2019-10-20 18:18:27,311 [7a43c46a-fc88-4b2d-b2da-ae029cfa60ff@group-D40A05E2FCF9-LeaderElection16] INFO  server.RaftServerConfigKeys (ConfUtils.java:logGet(43)) - raft.server.watch.timeout = 10s (default)
2019-10-20 18:18:27,311 [3750b3a2-715b-46b3-9d0c-9e38136244b9@group-F11756C8BA4A-LeaderElection18] INFO  server.RaftServerConfigKeys (ConfUtils.java:logGet(43)) - raft.server.watch.timeout = 10s (default)
2019-10-20 18:18:27,311 [7a43c46a-fc88-4b2d-b2da-ae029cfa60ff@group-D40A05E2FCF9-LeaderElection16] INFO  server.RaftServerConfigKeys (ConfUtils.java:logGet(43)) - raft.server.watch.timeout.denomination = 1s (default)
2019-10-20 18:18:27,311 [3750b3a2-715b-46b3-9d0c-9e38136244b9@group-F11756C8BA4A-LeaderElection18] INFO  server.RaftServerConfigKeys (ConfUtils.java:logGet(43)) - raft.server.watch.timeout.denomination = 1s (default)
2019-10-20 18:18:27,311 [7a43c46a-fc88-4b2d-b2da-ae029cfa60ff@group-D40A05E2FCF9-LeaderElection16] INFO  server.RaftServerConfigKeys (ConfUtils.java:logGet(43)) - raft.server.watch.element-limit = 65536 (default)
2019-10-20 18:18:27,312 [3750b3a2-715b-46b3-9d0c-9e38136244b9@group-F11756C8BA4A-LeaderElection18] INFO  server.RaftServerConfigKeys (ConfUtils.java:logGet(43)) - raft.server.watch.element-limit = 65536 (default)
2019-10-20 18:18:27,318 [pool-77-thread-1] INFO  storage.RaftStorageDirectory (RaftStorageDirectory.java:tryLock(328)) - Lock on /workdir/hadoop-ozone/integration-test/target/test-dir/MiniOzoneClusterImpl-3ef3c7a0-fafa-4375-a23c-18b63a3f56e7/datanode-5/data/ratis/ffef2051-cdca-432c-9792-af4eda66fdc9/in_use.lock acquired by nodename 6969@pr-hdds-2334-8x2sg-1875309799
2019-10-20 18:18:27,318 [pool-37-thread-1] INFO  storage.RaftStorageDirectory (RaftStorageDirectory.java:tryLock(328)) - Lock on /workdir/hadoop-ozone/integration-test/target/test-dir/MiniOzoneClusterImpl-3ef3c7a0-fafa-4375-a23c-18b63a3f56e7/datanode-1/data/ratis/ffef2051-cdca-432c-9792-af4eda66fdc9/in_use.lock acquired by nodename 6969@pr-hdds-2334-8x2sg-1875309799
2019-10-20 18:18:27,318 [pool-107-thread-1] INFO  storage.RaftStorageDirectory (RaftStorageDirectory.java:tryLock(328)) - Lock on /workdir/hadoop-ozone/integration-test/target/test-dir/MiniOzoneClusterImpl-3ef3c7a0-fafa-4375-a23c-18b63a3f56e7/datanode-8/data/ratis/ffef2051-cdca-432c-9792-af4eda66fdc9/in_use.lock acquired by nodename 6969@pr-hdds-2334-8x2sg-1875309799
2019-10-20 18:18:27,319 [3750b3a2-715b-46b3-9d0c-9e38136244b9@group-F11756C8BA4A-LeaderElection18] INFO  server.RaftServerConfigKeys (ConfUtils.java:logGet(43)) - raft.server.log.appender.snapshot.chunk.size.max = 16MB (=16777216) (default)
2019-10-20 18:18:27,319 [7a43c46a-fc88-4b2d-b2da-ae029cfa60ff@group-D40A05E2FCF9-LeaderElection16] INFO  server.RaftServerConfigKeys (ConfUtils.java:logGet(43)) - raft.server.log.appender.snapshot.chunk.size.max = 16MB (=16777216) (default)
2019-10-20 18:18:27,319 [3750b3a2-715b-46b3-9d0c-9e38136244b9@group-F11756C8BA4A-LeaderElection18] INFO  server.RaftServerConfigKeys (ConfUtils.java:logGet(43)) - raft.server.log.appender.buffer.byte-limit = 33554432 (custom)
2019-10-20 18:18:27,319 [7a43c46a-fc88-4b2d-b2da-ae029cfa60ff@group-D40A05E2FCF9-LeaderElection16] INFO  server.RaftServerConfigKeys (ConfUtils.java:logGet(43)) - raft.server.log.appender.buffer.byte-limit = 33554432 (custom)
2019-10-20 18:18:27,320 [3750b3a2-715b-46b3-9d0c-9e38136244b9@group-F11756C8BA4A-LeaderElection18] INFO  server.RaftServerConfigKeys (ConfUtils.java:logGet(43)) - raft.server.log.appender.buffer.element-limit = 1 (custom)
2019-10-20 18:18:27,320 [7a43c46a-fc88-4b2d-b2da-ae029cfa60ff@group-D40A05E2FCF9-LeaderElection16] INFO  server.RaftServerConfigKeys (ConfUtils.java:logGet(43)) - raft.server.log.appender.buffer.element-limit = 1 (custom)
2019-10-20 18:18:27,324 [3750b3a2-715b-46b3-9d0c-9e38136244b9@group-F11756C8BA4A-LeaderElection18] INFO  grpc.GrpcConfigKeys$Server (ConfUtils.java:logGet(43)) - raft.grpc.server.leader.outstanding.appends.max = 128 (default)
2019-10-20 18:18:27,324 [7a43c46a-fc88-4b2d-b2da-ae029cfa60ff@group-D40A05E2FCF9-LeaderElection16] INFO  grpc.GrpcConfigKeys$Server (ConfUtils.java:logGet(43)) - raft.grpc.server.leader.outstanding.appends.max = 128 (default)
2019-10-20 18:18:27,326 [3750b3a2-715b-46b3-9d0c-9e38136244b9@group-F11756C8BA4A-LeaderElection18] INFO  server.RaftServerConfigKeys (ConfUtils.java:logGet(43)) - raft.server.rpc.request.timeout = 3000ms (default)
2019-10-20 18:18:27,327 [7a43c46a-fc88-4b2d-b2da-ae029cfa60ff@group-D40A05E2FCF9-LeaderElection16] INFO  server.RaftServerConfigKeys (ConfUtils.java:logGet(43)) - raft.server.rpc.request.timeout = 3000ms (default)
2019-10-20 18:18:27,327 [3750b3a2-715b-46b3-9d0c-9e38136244b9@group-F11756C8BA4A-LeaderElection18] INFO  server.RaftServerConfigKeys (ConfUtils.java:logGet(43)) - raft.server.log.appender.install.snapshot.enabled = false (custom)
2019-10-20 18:18:27,327 [7a43c46a-fc88-4b2d-b2da-ae029cfa60ff@group-D40A05E2FCF9-LeaderElection16] INFO  server.RaftServerConfigKeys (ConfUtils.java:logGet(43)) - raft.server.log.appender.install.snapshot.enabled = false (custom)
2019-10-20 18:18:27,332 [pool-77-thread-1] INFO  storage.RaftStorage (RaftStorage.java:format(84)) - Storage directory /workdir/hadoop-ozone/integration-test/target/test-dir/MiniOzoneClusterImpl-3ef3c7a0-fafa-4375-a23c-18b63a3f56e7/datanode-5/data/ratis/ffef2051-cdca-432c-9792-af4eda66fdc9 has been successfully formatted.
2019-10-20 18:18:27,332 [pool-37-thread-1] INFO  storage.RaftStorage (RaftStorage.java:format(84)) - Storage directory /workdir/hadoop-ozone/integration-test/target/test-dir/MiniOzoneClusterImpl-3ef3c7a0-fafa-4375-a23c-18b63a3f56e7/datanode-1/data/ratis/ffef2051-cdca-432c-9792-af4eda66fdc9 has been successfully formatted.
2019-10-20 18:18:27,332 [pool-107-thread-1] INFO  storage.RaftStorage (RaftStorage.java:format(84)) - Storage directory /workdir/hadoop-ozone/integration-test/target/test-dir/MiniOzoneClusterImpl-3ef3c7a0-fafa-4375-a23c-18b63a3f56e7/datanode-8/data/ratis/ffef2051-cdca-432c-9792-af4eda66fdc9 has been successfully formatted.
2019-10-20 18:18:27,333 [pool-37-thread-1] INFO  ratis.ContainerStateMachine (ContainerStateMachine.java:loadSnapshot(231)) - group-AF4EDA66FDC9: The snapshot info is null. Setting the last applied indexto:(t:0, i:~)
2019-10-20 18:18:27,333 [pool-77-thread-1] INFO  ratis.ContainerStateMachine (ContainerStateMachine.java:loadSnapshot(231)) - group-AF4EDA66FDC9: The snapshot info is null. Setting the last applied indexto:(t:0, i:~)
2019-10-20 18:18:27,333 [pool-37-thread-1] INFO  server.RaftServerConfigKeys (ConfUtils.java:logGet(43)) - raft.server.notification.no-leader.timeout = 120s (custom)
2019-10-20 18:18:27,333 [pool-107-thread-1] INFO  ratis.ContainerStateMachine (ContainerStateMachine.java:loadSnapshot(231)) - group-AF4EDA66FDC9: The snapshot info is null. Setting the last applied indexto:(t:0, i:~)
2019-10-20 18:18:27,333 [pool-37-thread-1] INFO  server.RaftServerConfigKeys (ConfUtils.java:logGet(43)) - raft.server.log.use.memory = false (default)
2019-10-20 18:18:27,333 [pool-77-thread-1] INFO  server.RaftServerConfigKeys (ConfUtils.java:logGet(43)) - raft.server.notification.no-leader.timeout = 120s (custom)
2019-10-20 18:18:27,334 [pool-37-thread-1] INFO  server.RaftServerConfigKeys (ConfUtils.java:logGet(43)) - raft.server.log.purge.gap = 1000000 (custom)
2019-10-20 18:18:27,334 [pool-107-thread-1] INFO  server.RaftServerConfigKeys (ConfUtils.java:logGet(43)) - raft.server.notification.no-leader.timeout = 120s (custom)
2019-10-20 18:18:27,334 [pool-37-thread-1] INFO  server.RaftServerConfigKeys (ConfUtils.java:logGet(43)) - raft.server.log.appender.buffer.byte-limit = 33554432 (custom)
2019-10-20 18:18:27,334 [pool-77-thread-1] INFO  server.RaftServerConfigKeys (ConfUtils.java:logGet(43)) - raft.server.log.use.memory = false (default)
2019-10-20 18:18:27,335 [pool-37-thread-1] INFO  server.RaftServerConfigKeys (ConfUtils.java:logGet(43)) - raft.server.log.segment.size.max = 1048576 (custom)
2019-10-20 18:18:27,334 [pool-107-thread-1] INFO  server.RaftServerConfigKeys (ConfUtils.java:logGet(43)) - raft.server.log.use.memory = false (default)
2019-10-20 18:18:27,335 [pool-37-thread-1] INFO  server.RaftServerConfigKeys (ConfUtils.java:logGet(43)) - raft.server.log.segment.cache.num.max = 2 (custom)
2019-10-20 18:18:27,335 [pool-77-thread-1] INFO  server.RaftServerConfigKeys (ConfUtils.java:logGet(43)) - raft.server.log.purge.gap = 1000000 (custom)
2019-10-20 18:18:27,335 [pool-37-thread-1] INFO  segmented.SegmentedRaftLogWorker (SegmentedRaftLogWorker.java:<init>(173)) - new c50ce170-3170-4e03-b167-34e0e02687b2@group-AF4EDA66FDC9-SegmentedRaftLogWorker for RaftStorage:Storage Directory /workdir/hadoop-ozone/integration-test/target/test-dir/MiniOzoneClusterImpl-3ef3c7a0-fafa-4375-a23c-18b63a3f56e7/datanode-1/data/ratis/ffef2051-cdca-432c-9792-af4eda66fdc9
2019-10-20 18:18:27,335 [pool-107-thread-1] INFO  server.RaftServerConfigKeys (ConfUtils.java:logGet(43)) - raft.server.log.purge.gap = 1000000 (custom)
2019-10-20 18:18:27,336 [pool-37-thread-1] INFO  server.RaftServerConfigKeys (ConfUtils.java:logGet(43)) - raft.server.log.queue.byte-limit = 2147483647 (custom)
2019-10-20 18:18:27,336 [pool-77-thread-1] INFO  server.RaftServerConfigKeys (ConfUtils.java:logGet(43)) - raft.server.log.appender.buffer.byte-limit = 33554432 (custom)
2019-10-20 18:18:27,336 [pool-37-thread-1] INFO  server.RaftServerConfigKeys (ConfUtils.java:logGet(43)) - raft.server.log.queue.element-limit = 1024 (custom)
2019-10-20 18:18:27,336 [pool-107-thread-1] INFO  server.RaftServerConfigKeys (ConfUtils.java:logGet(43)) - raft.server.log.appender.buffer.byte-limit = 33554432 (custom)
2019-10-20 18:18:27,336 [3750b3a2-715b-46b3-9d0c-9e38136244b9@group-F11756C8BA4A-LeaderElection18] INFO  server.RaftServerConfigKeys (ConfUtils.java:logGet(43)) - raft.server.log.appender.snapshot.chunk.size.max = 16MB (=16777216) (default)
2019-10-20 18:18:27,337 [pool-107-thread-1] INFO  server.RaftServerConfigKeys (ConfUtils.java:logGet(43)) - raft.server.log.segment.size.max = 1048576 (custom)
2019-10-20 18:18:27,337 [pool-37-thread-1] INFO  server.RaftServerConfigKeys (ConfUtils.java:logGet(43)) - raft.server.log.segment.size.max = 1048576 (custom)
2019-10-20 18:18:27,337 [pool-77-thread-1] INFO  server.RaftServerConfigKeys (ConfUtils.java:logGet(43)) - raft.server.log.segment.size.max = 1048576 (custom)
2019-10-20 18:18:27,336 [7a43c46a-fc88-4b2d-b2da-ae029cfa60ff@group-D40A05E2FCF9-LeaderElection16] INFO  server.RaftServerConfigKeys (ConfUtils.java:logGet(43)) - raft.server.log.appender.snapshot.chunk.size.max = 16MB (=16777216) (default)
2019-10-20 18:18:27,338 [pool-77-thread-1] INFO  server.RaftServerConfigKeys (ConfUtils.java:logGet(43)) - raft.server.log.segment.cache.num.max = 2 (custom)
2019-10-20 18:18:27,337 [pool-37-thread-1] INFO  server.RaftServerConfigKeys (ConfUtils.java:logGet(43)) - raft.server.log.preallocated.size = 16384 (custom)
2019-10-20 18:18:27,337 [pool-107-thread-1] INFO  server.RaftServerConfigKeys (ConfUtils.java:logGet(43)) - raft.server.log.segment.cache.num.max = 2 (custom)
2019-10-20 18:18:27,337 [3750b3a2-715b-46b3-9d0c-9e38136244b9@group-F11756C8BA4A-LeaderElection18] INFO  server.RaftServerConfigKeys (ConfUtils.java:logGet(43)) - raft.server.log.appender.buffer.byte-limit = 33554432 (custom)
2019-10-20 18:18:27,338 [pool-107-thread-1] INFO  segmented.SegmentedRaftLogWorker (SegmentedRaftLogWorker.java:<init>(173)) - new a6e136fe-e391-4364-8a60-53801fc9277d@group-AF4EDA66FDC9-SegmentedRaftLogWorker for RaftStorage:Storage Directory /workdir/hadoop-ozone/integration-test/target/test-dir/MiniOzoneClusterImpl-3ef3c7a0-fafa-4375-a23c-18b63a3f56e7/datanode-8/data/ratis/ffef2051-cdca-432c-9792-af4eda66fdc9
2019-10-20 18:18:27,338 [pool-37-thread-1] INFO  server.RaftServerConfigKeys (ConfUtils.java:logGet(43)) - raft.server.log.write.buffer.size = 33554432 (custom)
2019-10-20 18:18:27,338 [pool-77-thread-1] INFO  segmented.SegmentedRaftLogWorker (SegmentedRaftLogWorker.java:<init>(173)) - new eb28ec45-9b2b-44d6-ae7e-a31feda643bc@group-AF4EDA66FDC9-SegmentedRaftLogWorker for RaftStorage:Storage Directory /workdir/hadoop-ozone/integration-test/target/test-dir/MiniOzoneClusterImpl-3ef3c7a0-fafa-4375-a23c-18b63a3f56e7/datanode-5/data/ratis/ffef2051-cdca-432c-9792-af4eda66fdc9
2019-10-20 18:18:27,338 [7a43c46a-fc88-4b2d-b2da-ae029cfa60ff@group-D40A05E2FCF9-LeaderElection16] INFO  server.RaftServerConfigKeys (ConfUtils.java:logGet(43)) - raft.server.log.appender.buffer.byte-limit = 33554432 (custom)
2019-10-20 18:18:27,339 [pool-77-thread-1] INFO  server.RaftServerConfigKeys (ConfUtils.java:logGet(43)) - raft.server.log.queue.byte-limit = 2147483647 (custom)
2019-10-20 18:18:27,339 [pool-37-thread-1] INFO  server.RaftServerConfigKeys (ConfUtils.java:logGet(43)) - raft.server.log.force.sync.num = 128 (default)
2019-10-20 18:18:27,339 [pool-107-thread-1] INFO  server.RaftServerConfigKeys (ConfUtils.java:logGet(43)) - raft.server.log.queue.byte-limit = 2147483647 (custom)
2019-10-20 18:18:27,339 [3750b3a2-715b-46b3-9d0c-9e38136244b9@group-F11756C8BA4A-LeaderElection18] INFO  server.RaftServerConfigKeys (ConfUtils.java:logGet(43)) - raft.server.log.appender.buffer.element-limit = 1 (custom)
2019-10-20 18:18:27,346 [pool-107-thread-1] INFO  server.RaftServerConfigKeys (ConfUtils.java:logGet(43)) - raft.server.log.queue.element-limit = 1024 (custom)
2019-10-20 18:18:27,346 [pool-37-thread-1] INFO  server.RaftServerConfigKeys (ConfUtils.java:logGet(43)) - raft.server.log.statemachine.data.sync = true (default)
2019-10-20 18:18:27,340 [pool-77-thread-1] INFO  server.RaftServerConfigKeys (ConfUtils.java:logGet(43)) - raft.server.log.queue.element-limit = 1024 (custom)
2019-10-20 18:18:27,339 [7a43c46a-fc88-4b2d-b2da-ae029cfa60ff@group-D40A05E2FCF9-LeaderElection16] INFO  server.RaftServerConfigKeys (ConfUtils.java:logGet(43)) - raft.server.log.appender.buffer.element-limit = 1 (custom)
2019-10-20 18:18:27,347 [pool-77-thread-1] INFO  server.RaftServerConfigKeys (ConfUtils.java:logGet(43)) - raft.server.log.segment.size.max = 1048576 (custom)
2019-10-20 18:18:27,347 [pool-37-thread-1] INFO  server.RaftServerConfigKeys (ConfUtils.java:logGet(43)) - raft.server.log.statemachine.data.sync.timeout = 10s (default)
2019-10-20 18:18:27,347 [pool-107-thread-1] INFO  server.RaftServerConfigKeys (ConfUtils.java:logGet(43)) - raft.server.log.segment.size.max = 1048576 (custom)
2019-10-20 18:18:27,347 [3750b3a2-715b-46b3-9d0c-9e38136244b9@group-F11756C8BA4A-LeaderElection18] INFO  grpc.GrpcConfigKeys$Server (ConfUtils.java:logGet(43)) - raft.grpc.server.leader.outstanding.appends.max = 128 (default)
2019-10-20 18:18:27,348 [pool-107-thread-1] INFO  server.RaftServerConfigKeys (ConfUtils.java:logGet(43)) - raft.server.log.preallocated.size = 16384 (custom)
2019-10-20 18:18:27,348 [pool-37-thread-1] INFO  server.RaftServerConfigKeys (ConfUtils.java:logGet(43)) - raft.server.log.statemachine.data.sync.timeout.retry = -1 (default)
2019-10-20 18:18:27,348 [pool-77-thread-1] INFO  server.RaftServerConfigKeys (ConfUtils.java:logGet(43)) - raft.server.log.preallocated.size = 16384 (custom)
2019-10-20 18:18:27,349 [pool-37-thread-1] INFO  server.RaftServerConfigKeys (ConfUtils.java:logGet(43)) - raft.server.log.statemachine.data.caching.enabled = true (custom)
2019-10-20 18:18:27,348 [7a43c46a-fc88-4b2d-b2da-ae029cfa60ff@group-D40A05E2FCF9-LeaderElection16] INFO  grpc.GrpcConfigKeys$Server (ConfUtils.java:logGet(43)) - raft.grpc.server.leader.outstanding.appends.max = 128 (default)
2019-10-20 18:18:27,349 [pool-77-thread-1] INFO  server.RaftServerConfigKeys (ConfUtils.java:logGet(43)) - raft.server.log.write.buffer.size = 33554432 (custom)
2019-10-20 18:18:27,349 [pool-77-thread-1] INFO  server.RaftServerConfigKeys (ConfUtils.java:logGet(43)) - raft.server.log.force.sync.num = 128 (default)
2019-10-20 18:18:27,349 [pool-77-thread-1] INFO  server.RaftServerConfigKeys (ConfUtils.java:logGet(43)) - raft.server.log.statemachine.data.sync = true (default)
2019-10-20 18:18:27,348 [pool-107-thread-1] INFO  server.RaftServerConfigKeys (ConfUtils.java:logGet(43)) - raft.server.log.write.buffer.size = 33554432 (custom)
2019-10-20 18:18:27,348 [3750b3a2-715b-46b3-9d0c-9e38136244b9@group-F11756C8BA4A-LeaderElection18] INFO  server.RaftServerConfigKeys (ConfUtils.java:logGet(43)) - raft.server.rpc.request.timeout = 3000ms (default)
2019-10-20 18:18:27,350 [pool-107-thread-1] INFO  server.RaftServerConfigKeys (ConfUtils.java:logGet(43)) - raft.server.log.force.sync.num = 128 (default)
2019-10-20 18:18:27,350 [IPC Server handler 0 on 43665] INFO  server.SCMBlockProtocolServer (SCMBlockProtocolServer.java:allocateBlock(179)) - Allocating 6 blocks of size 4194304, with ExcludeList {datanodes = [], containerIds = [], pipelineIds = []}
2019-10-20 18:18:27,350 [pool-77-thread-1] INFO  server.RaftServerConfigKeys (ConfUtils.java:logGet(43)) - raft.server.log.statemachine.data.sync.timeout = 10s (default)
2019-10-20 18:18:27,349 [pool-37-thread-1] INFO  segmented.SegmentedRaftLogWorker (SegmentedRaftLogWorker.java:lambda$new$0(128)) - c50ce170-3170-4e03-b167-34e0e02687b2@group-AF4EDA66FDC9-SegmentedRaftLogWorker: flushIndex: setUnconditionally 0 -> -1
2019-10-20 18:18:27,349 [7a43c46a-fc88-4b2d-b2da-ae029cfa60ff@group-D40A05E2FCF9-LeaderElection16] INFO  server.RaftServerConfigKeys (ConfUtils.java:logGet(43)) - raft.server.rpc.request.timeout = 3000ms (default)
2019-10-20 18:18:27,350 [pool-77-thread-1] INFO  server.RaftServerConfigKeys (ConfUtils.java:logGet(43)) - raft.server.log.statemachine.data.sync.timeout.retry = -1 (default)
2019-10-20 18:18:27,350 [pool-107-thread-1] INFO  server.RaftServerConfigKeys (ConfUtils.java:logGet(43)) - raft.server.log.statemachine.data.sync = true (default)
2019-10-20 18:18:27,350 [3750b3a2-715b-46b3-9d0c-9e38136244b9@group-F11756C8BA4A-LeaderElection18] INFO  server.RaftServerConfigKeys (ConfUtils.java:logGet(43)) - raft.server.log.appender.install.snapshot.enabled = false (custom)
2019-10-20 18:18:27,351 [pool-107-thread-1] INFO  server.RaftServerConfigKeys (ConfUtils.java:logGet(43)) - raft.server.log.statemachine.data.sync.timeout = 10s (default)
2019-10-20 18:18:27,352 [pool-107-thread-1] INFO  server.RaftServerConfigKeys (ConfUtils.java:logGet(43)) - raft.server.log.statemachine.data.sync.timeout.retry = -1 (default)
2019-10-20 18:18:27,351 [pool-77-thread-1] INFO  server.RaftServerConfigKeys (ConfUtils.java:logGet(43)) - raft.server.log.statemachine.data.caching.enabled = true (custom)
2019-10-20 18:18:27,351 [pool-37-thread-1] INFO  server.RaftServerConfigKeys (ConfUtils.java:logGet(43)) - raft.server.snapshot.auto.trigger.enabled = true (custom)
2019-10-20 18:18:27,351 [7a43c46a-fc88-4b2d-b2da-ae029cfa60ff@group-D40A05E2FCF9-LeaderElection16] INFO  server.RaftServerConfigKeys (ConfUtils.java:logGet(43)) - raft.server.log.appender.install.snapshot.enabled = false (custom)
2019-10-20 18:18:27,352 [pool-77-thread-1] INFO  segmented.SegmentedRaftLogWorker (SegmentedRaftLogWorker.java:lambda$new$0(128)) - eb28ec45-9b2b-44d6-ae7e-a31feda643bc@group-AF4EDA66FDC9-SegmentedRaftLogWorker: flushIndex: setUnconditionally 0 -> -1
2019-10-20 18:18:27,352 [pool-37-thread-1] INFO  server.RaftServerConfigKeys (ConfUtils.java:logGet(43)) - raft.server.snapshot.auto.trigger.threshold = 10000 (custom)
2019-10-20 18:18:27,352 [pool-107-thread-1] INFO  server.RaftServerConfigKeys (ConfUtils.java:logGet(43)) - raft.server.log.statemachine.data.caching.enabled = true (custom)
2019-10-20 18:18:27,353 [pool-37-thread-1] INFO  server.RaftServerConfigKeys (ConfUtils.java:logGet(43)) - raft.server.snapshot.retention.file.num = 5 (custom)
2019-10-20 18:18:27,353 [pool-77-thread-1] INFO  server.RaftServerConfigKeys (ConfUtils.java:logGet(43)) - raft.server.snapshot.auto.trigger.enabled = true (custom)
2019-10-20 18:18:27,353 [pool-107-thread-1] INFO  segmented.SegmentedRaftLogWorker (SegmentedRaftLogWorker.java:lambda$new$0(128)) - a6e136fe-e391-4364-8a60-53801fc9277d@group-AF4EDA66FDC9-SegmentedRaftLogWorker: flushIndex: setUnconditionally 0 -> -1
2019-10-20 18:18:27,353 [pool-37-thread-1] INFO  server.RaftServerConfigKeys (ConfUtils.java:logGet(43)) - raft.server.retrycache.expirytime = 600000ms (custom)
2019-10-20 18:18:27,353 [pool-77-thread-1] INFO  server.RaftServerConfigKeys (ConfUtils.java:logGet(43)) - raft.server.snapshot.auto.trigger.threshold = 10000 (custom)
2019-10-20 18:18:27,353 [pool-107-thread-1] INFO  server.RaftServerConfigKeys (ConfUtils.java:logGet(43)) - raft.server.snapshot.auto.trigger.enabled = true (custom)
2019-10-20 18:18:27,354 [pool-77-thread-1] INFO  server.RaftServerConfigKeys (ConfUtils.java:logGet(43)) - raft.server.snapshot.retention.file.num = 5 (custom)
2019-10-20 18:18:27,354 [pool-107-thread-1] INFO  server.RaftServerConfigKeys (ConfUtils.java:logGet(43)) - raft.server.snapshot.auto.trigger.threshold = 10000 (custom)
2019-10-20 18:18:27,354 [pool-77-thread-1] INFO  server.RaftServerConfigKeys (ConfUtils.java:logGet(43)) - raft.server.retrycache.expirytime = 600000ms (custom)
2019-10-20 18:18:27,354 [pool-107-thread-1] INFO  server.RaftServerConfigKeys (ConfUtils.java:logGet(43)) - raft.server.snapshot.retention.file.num = 5 (custom)
2019-10-20 18:18:27,354 [pool-107-thread-1] INFO  server.RaftServerConfigKeys (ConfUtils.java:logGet(43)) - raft.server.retrycache.expirytime = 600000ms (custom)
2019-10-20 18:18:27,364 [Thread-413] INFO  impl.FollowerState (FollowerState.java:run(108)) - 6ef27e9c-8ddb-4fa1-8c14-ab102acfb1b8@group-F11756C8BA4A-FollowerState: change to CANDIDATE, lastRpcTime:224ms, electionTimeout:195ms
2019-10-20 18:18:27,364 [Thread-413] INFO  impl.RoleInfo (RoleInfo.java:shutdownFollowerState(121)) - 6ef27e9c-8ddb-4fa1-8c14-ab102acfb1b8: shutdown FollowerState
2019-10-20 18:18:27,364 [pool-37-thread-1] INFO  impl.RaftServerImpl (RaftServerImpl.java:start(195)) - c50ce170-3170-4e03-b167-34e0e02687b2@group-AF4EDA66FDC9: start as a follower, conf=-1: [a6e136fe-e391-4364-8a60-53801fc9277d:192.168.164.241:40755, eb28ec45-9b2b-44d6-ae7e-a31feda643bc:192.168.164.241:42571, c50ce170-3170-4e03-b167-34e0e02687b2:192.168.164.241:37695], old=null
2019-10-20 18:18:27,364 [Thread-413] INFO  impl.RaftServerImpl (RaftServerImpl.java:setRole(184)) - 6ef27e9c-8ddb-4fa1-8c14-ab102acfb1b8@group-F11756C8BA4A: changes role from  FOLLOWER to CANDIDATE at term 5 for changeToCandidate
2019-10-20 18:18:27,364 [pool-37-thread-1] INFO  impl.RaftServerImpl (RaftServerImpl.java:setRole(184)) - c50ce170-3170-4e03-b167-34e0e02687b2@group-AF4EDA66FDC9: changes role from      null to FOLLOWER at term 0 for startAsFollower
2019-10-20 18:18:27,365 [Thread-413] INFO  impl.RoleInfo (RoleInfo.java:updateAndGet(143)) - 6ef27e9c-8ddb-4fa1-8c14-ab102acfb1b8: start LeaderElection
2019-10-20 18:18:27,365 [pool-37-thread-1] INFO  impl.RoleInfo (RoleInfo.java:updateAndGet(143)) - c50ce170-3170-4e03-b167-34e0e02687b2: start FollowerState
2019-10-20 18:18:27,365 [pool-107-thread-1] INFO  impl.RaftServerImpl (RaftServerImpl.java:start(195)) - a6e136fe-e391-4364-8a60-53801fc9277d@group-AF4EDA66FDC9: start as a follower, conf=-1: [a6e136fe-e391-4364-8a60-53801fc9277d:192.168.164.241:40755, eb28ec45-9b2b-44d6-ae7e-a31feda643bc:192.168.164.241:42571, c50ce170-3170-4e03-b167-34e0e02687b2:192.168.164.241:37695], old=null
2019-10-20 18:18:27,365 [pool-77-thread-1] INFO  impl.RaftServerImpl (RaftServerImpl.java:start(195)) - eb28ec45-9b2b-44d6-ae7e-a31feda643bc@group-AF4EDA66FDC9: start as a follower, conf=-1: [a6e136fe-e391-4364-8a60-53801fc9277d:192.168.164.241:40755, eb28ec45-9b2b-44d6-ae7e-a31feda643bc:192.168.164.241:42571, c50ce170-3170-4e03-b167-34e0e02687b2:192.168.164.241:37695], old=null
2019-10-20 18:18:27,368 [pool-107-thread-1] INFO  impl.RaftServerImpl (RaftServerImpl.java:setRole(184)) - a6e136fe-e391-4364-8a60-53801fc9277d@group-AF4EDA66FDC9: changes role from      null to FOLLOWER at term 0 for startAsFollower
2019-10-20 18:18:27,368 [pool-37-thread-1] INFO  util.JmxRegister (JmxRegister.java:tryRegister(44)) - Successfully registered JMX Bean with object name Ratis:service=RaftServer,group=group-AF4EDA66FDC9,id=c50ce170-3170-4e03-b167-34e0e02687b2
2019-10-20 18:18:27,368 [pool-77-thread-1] INFO  impl.RaftServerImpl (RaftServerImpl.java:setRole(184)) - eb28ec45-9b2b-44d6-ae7e-a31feda643bc@group-AF4EDA66FDC9: changes role from      null to FOLLOWER at term 0 for startAsFollower
2019-10-20 18:18:27,368 [7a43c46a-fc88-4b2d-b2da-ae029cfa60ff@group-D40A05E2FCF9-LeaderElection16] INFO  impl.RoleInfo (RoleInfo.java:updateAndGet(143)) - 7a43c46a-fc88-4b2d-b2da-ae029cfa60ff: start LeaderState
2019-10-20 18:18:27,368 [3750b3a2-715b-46b3-9d0c-9e38136244b9@group-F11756C8BA4A-LeaderElection18] INFO  impl.RoleInfo (RoleInfo.java:updateAndGet(143)) - 3750b3a2-715b-46b3-9d0c-9e38136244b9: start LeaderState
2019-10-20 18:18:27,368 [pool-107-thread-1] INFO  impl.RoleInfo (RoleInfo.java:updateAndGet(143)) - a6e136fe-e391-4364-8a60-53801fc9277d: start FollowerState
2019-10-20 18:18:27,368 [pool-77-thread-1] INFO  impl.RoleInfo (RoleInfo.java:updateAndGet(143)) - eb28ec45-9b2b-44d6-ae7e-a31feda643bc: start FollowerState
2019-10-20 18:18:27,369 [7a43c46a-fc88-4b2d-b2da-ae029cfa60ff@group-D40A05E2FCF9-LeaderElection16] INFO  segmented.SegmentedRaftLogWorker (SegmentedRaftLogWorker.java:startLogSegment(385)) - 7a43c46a-fc88-4b2d-b2da-ae029cfa60ff@group-D40A05E2FCF9-SegmentedRaftLogWorker: Starting segment from index:0
2019-10-20 18:18:27,369 [pool-107-thread-1] INFO  util.JmxRegister (JmxRegister.java:tryRegister(44)) - Successfully registered JMX Bean with object name Ratis:service=RaftServer,group=group-AF4EDA66FDC9,id=a6e136fe-e391-4364-8a60-53801fc9277d
2019-10-20 18:18:27,369 [3750b3a2-715b-46b3-9d0c-9e38136244b9@group-F11756C8BA4A-LeaderElection18] INFO  segmented.SegmentedRaftLogWorker (SegmentedRaftLogWorker.java:startLogSegment(385)) - 3750b3a2-715b-46b3-9d0c-9e38136244b9@group-F11756C8BA4A-SegmentedRaftLogWorker: Starting segment from index:0
2019-10-20 18:18:27,369 [pool-77-thread-1] INFO  util.JmxRegister (JmxRegister.java:tryRegister(44)) - Successfully registered JMX Bean with object name Ratis:service=RaftServer,group=group-AF4EDA66FDC9,id=eb28ec45-9b2b-44d6-ae7e-a31feda643bc
2019-10-20 18:18:27,370 [7a43c46a-fc88-4b2d-b2da-ae029cfa60ff@group-D40A05E2FCF9-LeaderElection16] INFO  impl.RaftServerImpl (ServerState.java:setRaftConf(357)) - 7a43c46a-fc88-4b2d-b2da-ae029cfa60ff@group-D40A05E2FCF9: set configuration 0: [399079f7-1eb1-4f37-b003-267572525934:192.168.164.241:37762, 7a43c46a-fc88-4b2d-b2da-ae029cfa60ff:192.168.164.241:43684, 6c5c38af-62e6-4ea7-a24a-078dcb28fb39:192.168.164.241:45428], old=null at 0
2019-10-20 18:18:27,371 [3750b3a2-715b-46b3-9d0c-9e38136244b9@group-F11756C8BA4A-LeaderElection18] INFO  impl.RaftServerImpl (ServerState.java:setRaftConf(357)) - 3750b3a2-715b-46b3-9d0c-9e38136244b9@group-F11756C8BA4A: set configuration 0: [6ef27e9c-8ddb-4fa1-8c14-ab102acfb1b8:192.168.164.241:38092, b75f8b2e-6273-4c97-b7c5-042674931d23:192.168.164.241:41857, 3750b3a2-715b-46b3-9d0c-9e38136244b9:192.168.164.241:46227], old=null at 0
2019-10-20 18:18:27,401 [Thread-442] INFO  impl.FollowerState (FollowerState.java:run(108)) - eb28ec45-9b2b-44d6-ae7e-a31feda643bc@group-AF4EDA66FDC9-FollowerState: change to CANDIDATE, lastRpcTime:33ms, electionTimeout:20ms
2019-10-20 18:18:27,401 [Thread-441] INFO  impl.FollowerState (FollowerState.java:run(108)) - a6e136fe-e391-4364-8a60-53801fc9277d@group-AF4EDA66FDC9-FollowerState: change to CANDIDATE, lastRpcTime:33ms, electionTimeout:14ms
2019-10-20 18:18:27,402 [Thread-442] INFO  impl.RoleInfo (RoleInfo.java:shutdownFollowerState(121)) - eb28ec45-9b2b-44d6-ae7e-a31feda643bc: shutdown FollowerState
2019-10-20 18:18:27,402 [Thread-428] INFO  impl.FollowerState (FollowerState.java:run(108)) - 6c5c38af-62e6-4ea7-a24a-078dcb28fb39@group-D40A05E2FCF9-FollowerState: change to CANDIDATE, lastRpcTime:93ms, electionTimeout:66ms
2019-10-20 18:18:27,402 [Thread-441] INFO  impl.RoleInfo (RoleInfo.java:shutdownFollowerState(121)) - a6e136fe-e391-4364-8a60-53801fc9277d: shutdown FollowerState
2019-10-20 18:18:27,402 [Thread-428] INFO  impl.RoleInfo (RoleInfo.java:shutdownFollowerState(121)) - 6c5c38af-62e6-4ea7-a24a-078dcb28fb39: shutdown FollowerState
2019-10-20 18:18:27,402 [Thread-442] INFO  impl.RaftServerImpl (RaftServerImpl.java:setRole(184)) - eb28ec45-9b2b-44d6-ae7e-a31feda643bc@group-AF4EDA66FDC9: changes role from  FOLLOWER to CANDIDATE at term 0 for changeToCandidate
2019-10-20 18:18:27,402 [Thread-428] INFO  impl.RaftServerImpl (RaftServerImpl.java:setRole(184)) - 6c5c38af-62e6-4ea7-a24a-078dcb28fb39@group-D40A05E2FCF9: changes role from  FOLLOWER to CANDIDATE at term 7 for changeToCandidate
2019-10-20 18:18:27,402 [Thread-441] INFO  impl.RaftServerImpl (RaftServerImpl.java:setRole(184)) - a6e136fe-e391-4364-8a60-53801fc9277d@group-AF4EDA66FDC9: changes role from  FOLLOWER to CANDIDATE at term 0 for changeToCandidate
2019-10-20 18:18:27,402 [Thread-442] INFO  impl.RoleInfo (RoleInfo.java:updateAndGet(143)) - eb28ec45-9b2b-44d6-ae7e-a31feda643bc: start LeaderElection
2019-10-20 18:18:27,402 [Thread-441] INFO  impl.RoleInfo (RoleInfo.java:updateAndGet(143)) - a6e136fe-e391-4364-8a60-53801fc9277d: start LeaderElection
2019-10-20 18:18:27,402 [Thread-428] INFO  impl.RoleInfo (RoleInfo.java:updateAndGet(143)) - 6c5c38af-62e6-4ea7-a24a-078dcb28fb39: start LeaderElection
2019-10-20 18:18:27,406 [Thread-424] INFO  impl.FollowerState (FollowerState.java:run(108)) - 399079f7-1eb1-4f37-b003-267572525934@group-D40A05E2FCF9-FollowerState: change to CANDIDATE, lastRpcTime:129ms, electionTimeout:125ms
2019-10-20 18:18:27,409 [Thread-424] INFO  impl.RoleInfo (RoleInfo.java:shutdownFollowerState(121)) - 399079f7-1eb1-4f37-b003-267572525934: shutdown FollowerState
2019-10-20 18:18:27,409 [Thread-424] INFO  impl.RaftServerImpl (RaftServerImpl.java:setRole(184)) - 399079f7-1eb1-4f37-b003-267572525934@group-D40A05E2FCF9: changes role from  FOLLOWER to CANDIDATE at term 7 for changeToCandidate
2019-10-20 18:18:27,412 [6ef27e9c-8ddb-4fa1-8c14-ab102acfb1b8@group-F11756C8BA4A-LeaderElection22] INFO  impl.LeaderElection (LeaderElection.java:askForVotes(178)) - 6ef27e9c-8ddb-4fa1-8c14-ab102acfb1b8@group-F11756C8BA4A-LeaderElection22: begin an election at term 6 for -1: [6ef27e9c-8ddb-4fa1-8c14-ab102acfb1b8:192.168.164.241:38092, b75f8b2e-6273-4c97-b7c5-042674931d23:192.168.164.241:41857, 3750b3a2-715b-46b3-9d0c-9e38136244b9:192.168.164.241:46227], old=null
2019-10-20 18:18:27,412 [Thread-424] INFO  impl.RoleInfo (RoleInfo.java:updateAndGet(143)) - 399079f7-1eb1-4f37-b003-267572525934: start LeaderElection
2019-10-20 18:18:27,417 [RatisPipelineUtilsThread] INFO  pipeline.PipelineStateManager (PipelineStateManager.java:addPipeline(56)) - Created pipeline Pipeline[ Id: ffef2051-cdca-432c-9792-af4eda66fdc9, Nodes: eb28ec45-9b2b-44d6-ae7e-a31feda643bc{ip: 192.168.164.241, host: pr-hdds-2334-8x2sg-1875309799, networkLocation: /default-rack, certSerialId: null}c50ce170-3170-4e03-b167-34e0e02687b2{ip: 192.168.164.241, host: pr-hdds-2334-8x2sg-1875309799, networkLocation: /default-rack, certSerialId: null}a6e136fe-e391-4364-8a60-53801fc9277d{ip: 192.168.164.241, host: pr-hdds-2334-8x2sg-1875309799, networkLocation: /default-rack, certSerialId: null}, Type:RATIS, Factor:THREE, State:OPEN]
2019-10-20 18:18:27,418 [grpc-default-executor-1] INFO  impl.RaftServerImpl (RaftServerImpl.java:setRole(184)) - b75f8b2e-6273-4c97-b7c5-042674931d23@group-F11756C8BA4A: changes role from  FOLLOWER to FOLLOWER at term 6 for recognizeCandidate:6ef27e9c-8ddb-4fa1-8c14-ab102acfb1b8
2019-10-20 18:18:27,418 [grpc-default-executor-1] INFO  impl.RoleInfo (RoleInfo.java:shutdownFollowerState(121)) - b75f8b2e-6273-4c97-b7c5-042674931d23: shutdown FollowerState
2019-10-20 18:18:27,418 [grpc-default-executor-1] INFO  impl.RoleInfo (RoleInfo.java:updateAndGet(143)) - b75f8b2e-6273-4c97-b7c5-042674931d23: start FollowerState
2019-10-20 18:18:27,418 [Thread-426] INFO  impl.FollowerState (FollowerState.java:run(117)) - b75f8b2e-6273-4c97-b7c5-042674931d23@group-F11756C8BA4A-FollowerState was interrupted: java.lang.InterruptedException: sleep interrupted
2019-10-20 18:18:27,422 [grpc-default-executor-0] INFO  impl.RaftServerImpl (ServerState.java:setLeader(256)) - 3750b3a2-715b-46b3-9d0c-9e38136244b9@group-F11756C8BA4A: change Leader from 3750b3a2-715b-46b3-9d0c-9e38136244b9 to null at term 6 for updateCurrentTerm
2019-10-20 18:18:27,422 [grpc-default-executor-0] INFO  impl.RaftServerImpl (RaftServerImpl.java:setRole(184)) - 3750b3a2-715b-46b3-9d0c-9e38136244b9@group-F11756C8BA4A: changes role from    LEADER to FOLLOWER at term 6 for recognizeCandidate:6ef27e9c-8ddb-4fa1-8c14-ab102acfb1b8
2019-10-20 18:18:27,422 [grpc-default-executor-0] INFO  impl.RoleInfo (RoleInfo.java:shutdownLeaderState(104)) - 3750b3a2-715b-46b3-9d0c-9e38136244b9: shutdown LeaderState
2019-10-20 18:18:27,428 [grpc-default-executor-0] INFO  impl.PendingRequests (PendingRequests.java:sendNotLeaderResponses(202)) - 3750b3a2-715b-46b3-9d0c-9e38136244b9@group-F11756C8BA4A-PendingRequests: sendNotLeaderResponses
2019-10-20 18:18:27,430 [grpc-default-executor-0] INFO  impl.RoleInfo (RoleInfo.java:updateAndGet(143)) - 3750b3a2-715b-46b3-9d0c-9e38136244b9: start FollowerState
2019-10-20 18:18:27,432 [org.apache.ratis.server.impl.LogAppender$AppenderDaemon$$Lambda$478/427253036@4a736e52] WARN  server.GrpcLogAppender (GrpcLogAppender.java:mayWait(149)) - 3750b3a2-715b-46b3-9d0c-9e38136244b9@group-F11756C8BA4A->6ef27e9c-8ddb-4fa1-8c14-ab102acfb1b8-GrpcLogAppender: Wait interrupted by java.lang.InterruptedException
2019-10-20 18:18:27,432 [org.apache.ratis.server.impl.LogAppender$AppenderDaemon$$Lambda$478/427253036@636657c4] WARN  server.GrpcLogAppender (GrpcLogAppender.java:mayWait(149)) - 3750b3a2-715b-46b3-9d0c-9e38136244b9@group-F11756C8BA4A->b75f8b2e-6273-4c97-b7c5-042674931d23-GrpcLogAppender: Wait interrupted by java.lang.InterruptedException
2019-10-20 18:18:27,434 [7a43c46a-fc88-4b2d-b2da-ae029cfa60ff@group-D40A05E2FCF9-SegmentedRaftLogWorker] INFO  segmented.SegmentedRaftLogWorker (SegmentedRaftLogWorker.java:execute(576)) - 7a43c46a-fc88-4b2d-b2da-ae029cfa60ff@group-D40A05E2FCF9-SegmentedRaftLogWorker: created new log segment /workdir/hadoop-ozone/integration-test/target/test-dir/MiniOzoneClusterImpl-3ef3c7a0-fafa-4375-a23c-18b63a3f56e7/datanode-9/data/ratis/f057958d-0f40-4af6-8dbf-d40a05e2fcf9/current/log_inprogress_0
2019-10-20 18:18:27,434 [3750b3a2-715b-46b3-9d0c-9e38136244b9@group-F11756C8BA4A-SegmentedRaftLogWorker] INFO  segmented.SegmentedRaftLogWorker (SegmentedRaftLogWorker.java:execute(576)) - 3750b3a2-715b-46b3-9d0c-9e38136244b9@group-F11756C8BA4A-SegmentedRaftLogWorker: created new log segment /workdir/hadoop-ozone/integration-test/target/test-dir/MiniOzoneClusterImpl-3ef3c7a0-fafa-4375-a23c-18b63a3f56e7/datanode-2/data/ratis/18c7e0e8-7295-4f89-a889-f11756c8ba4a/current/log_inprogress_0
2019-10-20 18:18:27,434 [399079f7-1eb1-4f37-b003-267572525934@group-D40A05E2FCF9-LeaderElection26] INFO  impl.LeaderElection (LeaderElection.java:askForVotes(178)) - 399079f7-1eb1-4f37-b003-267572525934@group-D40A05E2FCF9-LeaderElection26: begin an election at term 8 for -1: [399079f7-1eb1-4f37-b003-267572525934:192.168.164.241:37762, 7a43c46a-fc88-4b2d-b2da-ae029cfa60ff:192.168.164.241:43684, 6c5c38af-62e6-4ea7-a24a-078dcb28fb39:192.168.164.241:45428], old=null
2019-10-20 18:18:27,434 [Thread-452] INFO  impl.FollowerState (FollowerState.java:run(108)) - b75f8b2e-6273-4c97-b7c5-042674931d23@group-F11756C8BA4A-FollowerState: change to CANDIDATE, lastRpcTime:15ms, electionTimeout:5ms
2019-10-20 18:18:27,434 [eb28ec45-9b2b-44d6-ae7e-a31feda643bc@group-AF4EDA66FDC9-LeaderElection23] INFO  impl.LeaderElection (LeaderElection.java:askForVotes(178)) - eb28ec45-9b2b-44d6-ae7e-a31feda643bc@group-AF4EDA66FDC9-LeaderElection23: begin an election at term 1 for -1: [a6e136fe-e391-4364-8a60-53801fc9277d:192.168.164.241:40755, eb28ec45-9b2b-44d6-ae7e-a31feda643bc:192.168.164.241:42571, c50ce170-3170-4e03-b167-34e0e02687b2:192.168.164.241:37695], old=null
2019-10-20 18:18:27,434 [6c5c38af-62e6-4ea7-a24a-078dcb28fb39@group-D40A05E2FCF9-LeaderElection24] INFO  impl.LeaderElection (LeaderElection.java:askForVotes(178)) - 6c5c38af-62e6-4ea7-a24a-078dcb28fb39@group-D40A05E2FCF9-LeaderElection24: begin an election at term 8 for -1: [399079f7-1eb1-4f37-b003-267572525934:192.168.164.241:37762, 7a43c46a-fc88-4b2d-b2da-ae029cfa60ff:192.168.164.241:43684, 6c5c38af-62e6-4ea7-a24a-078dcb28fb39:192.168.164.241:45428], old=null
2019-10-20 18:18:27,434 [a6e136fe-e391-4364-8a60-53801fc9277d@group-AF4EDA66FDC9-LeaderElection25] INFO  impl.LeaderElection (LeaderElection.java:askForVotes(178)) - a6e136fe-e391-4364-8a60-53801fc9277d@group-AF4EDA66FDC9-LeaderElection25: begin an election at term 1 for -1: [a6e136fe-e391-4364-8a60-53801fc9277d:192.168.164.241:40755, eb28ec45-9b2b-44d6-ae7e-a31feda643bc:192.168.164.241:42571, c50ce170-3170-4e03-b167-34e0e02687b2:192.168.164.241:37695], old=null
2019-10-20 18:18:27,434 [Thread-452] INFO  impl.RoleInfo (RoleInfo.java:shutdownFollowerState(121)) - b75f8b2e-6273-4c97-b7c5-042674931d23: shutdown FollowerState
2019-10-20 18:18:27,435 [Thread-452] INFO  impl.RaftServerImpl (RaftServerImpl.java:setRole(184)) - b75f8b2e-6273-4c97-b7c5-042674931d23@group-F11756C8BA4A: changes role from  FOLLOWER to CANDIDATE at term 6 for changeToCandidate
2019-10-20 18:18:27,435 [Thread-452] INFO  impl.RoleInfo (RoleInfo.java:updateAndGet(143)) - b75f8b2e-6273-4c97-b7c5-042674931d23: start LeaderElection
2019-10-20 18:18:27,436 [6ef27e9c-8ddb-4fa1-8c14-ab102acfb1b8@group-F11756C8BA4A-LeaderElection22] INFO  impl.LeaderElection (LeaderElection.java:logAndReturn(56)) - 6ef27e9c-8ddb-4fa1-8c14-ab102acfb1b8@group-F11756C8BA4A-LeaderElection22: Election PASSED; received 1 response(s) [6ef27e9c-8ddb-4fa1-8c14-ab102acfb1b8<-b75f8b2e-6273-4c97-b7c5-042674931d23#0:OK-t6] and 0 exception(s); 6ef27e9c-8ddb-4fa1-8c14-ab102acfb1b8@group-F11756C8BA4A:t6, leader=null, voted=6ef27e9c-8ddb-4fa1-8c14-ab102acfb1b8, raftlog=6ef27e9c-8ddb-4fa1-8c14-ab102acfb1b8@group-F11756C8BA4A-SegmentedRaftLog:OPENED:c-1,f-1,i0, conf=-1: [6ef27e9c-8ddb-4fa1-8c14-ab102acfb1b8:192.168.164.241:38092, b75f8b2e-6273-4c97-b7c5-042674931d23:192.168.164.241:41857, 3750b3a2-715b-46b3-9d0c-9e38136244b9:192.168.164.241:46227], old=null
2019-10-20 18:18:27,438 [6ef27e9c-8ddb-4fa1-8c14-ab102acfb1b8@group-F11756C8BA4A-LeaderElection22] INFO  impl.RoleInfo (RoleInfo.java:shutdownLeaderElection(134)) - 6ef27e9c-8ddb-4fa1-8c14-ab102acfb1b8: shutdown LeaderElection
2019-10-20 18:18:27,438 [6ef27e9c-8ddb-4fa1-8c14-ab102acfb1b8@group-F11756C8BA4A-LeaderElection22] INFO  impl.RaftServerImpl (RaftServerImpl.java:setRole(184)) - 6ef27e9c-8ddb-4fa1-8c14-ab102acfb1b8@group-F11756C8BA4A: changes role from CANDIDATE to LEADER at term 6 for changeToLeader
2019-10-20 18:18:27,438 [6ef27e9c-8ddb-4fa1-8c14-ab102acfb1b8@group-F11756C8BA4A-LeaderElection22] INFO  impl.RaftServerImpl (ServerState.java:setLeader(256)) - 6ef27e9c-8ddb-4fa1-8c14-ab102acfb1b8@group-F11756C8BA4A: change Leader from null to 6ef27e9c-8ddb-4fa1-8c14-ab102acfb1b8 at term 6 for becomeLeader, leader elected after 1123ms
2019-10-20 18:18:27,438 [6ef27e9c-8ddb-4fa1-8c14-ab102acfb1b8@group-F11756C8BA4A-LeaderElection22] INFO  server.RaftServerConfigKeys (ConfUtils.java:logGet(43)) - raft.server.staging.catchup.gap = 1000 (default)
2019-10-20 18:18:27,441 [6ef27e9c-8ddb-4fa1-8c14-ab102acfb1b8@group-F11756C8BA4A-LeaderElection22] INFO  server.RaftServerConfigKeys (ConfUtils.java:logGet(43)) - raft.server.rpc.sleep.time = 25ms (default)
2019-10-20 18:18:27,441 [6ef27e9c-8ddb-4fa1-8c14-ab102acfb1b8@group-F11756C8BA4A-LeaderElection22] INFO  server.RaftServerConfigKeys (ConfUtils.java:logGet(43)) - raft.server.write.element-limit = 4096 (default)
2019-10-20 18:18:27,442 [6ef27e9c-8ddb-4fa1-8c14-ab102acfb1b8@group-F11756C8BA4A-LeaderElection22] INFO  server.RaftServerConfigKeys (ConfUtils.java:logGet(43)) - raft.server.watch.timeout = 10s (default)
2019-10-20 18:18:27,443 [6ef27e9c-8ddb-4fa1-8c14-ab102acfb1b8@group-F11756C8BA4A-LeaderElection22] INFO  server.RaftServerConfigKeys (ConfUtils.java:logGet(43)) - raft.server.watch.timeout.denomination = 1s (default)
2019-10-20 18:18:27,446 [6ef27e9c-8ddb-4fa1-8c14-ab102acfb1b8@group-F11756C8BA4A-LeaderElection22] INFO  server.RaftServerConfigKeys (ConfUtils.java:logGet(43)) - raft.server.watch.element-limit = 65536 (default)
2019-10-20 18:18:27,446 [grpc-default-executor-6] INFO  impl.RaftServerImpl (ServerState.java:setLeader(256)) - 7a43c46a-fc88-4b2d-b2da-ae029cfa60ff@group-D40A05E2FCF9: change Leader from 7a43c46a-fc88-4b2d-b2da-ae029cfa60ff to null at term 8 for updateCurrentTerm
2019-10-20 18:18:27,448 [grpc-default-executor-6] INFO  impl.RaftServerImpl (RaftServerImpl.java:setRole(184)) - 7a43c46a-fc88-4b2d-b2da-ae029cfa60ff@group-D40A05E2FCF9: changes role from    LEADER to FOLLOWER at term 8 for recognizeCandidate:399079f7-1eb1-4f37-b003-267572525934
2019-10-20 18:18:27,448 [grpc-default-executor-6] INFO  impl.RoleInfo (RoleInfo.java:shutdownLeaderState(104)) - 7a43c46a-fc88-4b2d-b2da-ae029cfa60ff: shutdown LeaderState
2019-10-20 18:18:27,450 [org.apache.ratis.server.impl.LogAppender$AppenderDaemon$$Lambda$478/427253036@60fd708c] WARN  server.GrpcLogAppender (GrpcLogAppender.java:mayWait(149)) - 7a43c46a-fc88-4b2d-b2da-ae029cfa60ff@group-D40A05E2FCF9->6c5c38af-62e6-4ea7-a24a-078dcb28fb39-GrpcLogAppender: Wait interrupted by java.lang.InterruptedException
2019-10-20 18:18:27,450 [grpc-default-executor-6] INFO  impl.PendingRequests (PendingRequests.java:sendNotLeaderResponses(202)) - 7a43c46a-fc88-4b2d-b2da-ae029cfa60ff@group-D40A05E2FCF9-PendingRequests: sendNotLeaderResponses
2019-10-20 18:18:27,452 [org.apache.ratis.server.impl.LogAppender$AppenderDaemon$$Lambda$478/427253036@41bf4b62] WARN  server.GrpcLogAppender (GrpcLogAppender.java:mayWait(149)) - 7a43c46a-fc88-4b2d-b2da-ae029cfa60ff@group-D40A05E2FCF9->399079f7-1eb1-4f37-b003-267572525934-GrpcLogAppender: Wait interrupted by java.lang.InterruptedException
2019-10-20 18:18:27,452 [grpc-default-executor-6] INFO  impl.RoleInfo (RoleInfo.java:updateAndGet(143)) - 7a43c46a-fc88-4b2d-b2da-ae029cfa60ff: start FollowerState
2019-10-20 18:18:27,456 [6ef27e9c-8ddb-4fa1-8c14-ab102acfb1b8@group-F11756C8BA4A-LeaderElection22] INFO  server.RaftServerConfigKeys (ConfUtils.java:logGet(43)) - raft.server.log.appender.snapshot.chunk.size.max = 16MB (=16777216) (default)
2019-10-20 18:18:27,457 [b75f8b2e-6273-4c97-b7c5-042674931d23@group-F11756C8BA4A-LeaderElection27] INFO  impl.LeaderElection (LeaderElection.java:askForVotes(178)) - b75f8b2e-6273-4c97-b7c5-042674931d23@group-F11756C8BA4A-LeaderElection27: begin an election at term 7 for -1: [6ef27e9c-8ddb-4fa1-8c14-ab102acfb1b8:192.168.164.241:38092, b75f8b2e-6273-4c97-b7c5-042674931d23:192.168.164.241:41857, 3750b3a2-715b-46b3-9d0c-9e38136244b9:192.168.164.241:46227], old=null
2019-10-20 18:18:27,457 [6ef27e9c-8ddb-4fa1-8c14-ab102acfb1b8@group-F11756C8BA4A-LeaderElection22] INFO  server.RaftServerConfigKeys (ConfUtils.java:logGet(43)) - raft.server.log.appender.buffer.byte-limit = 33554432 (custom)
2019-10-20 18:18:27,458 [6ef27e9c-8ddb-4fa1-8c14-ab102acfb1b8@group-F11756C8BA4A-LeaderElection22] INFO  server.RaftServerConfigKeys (ConfUtils.java:logGet(43)) - raft.server.log.appender.buffer.element-limit = 1 (custom)
2019-10-20 18:18:27,458 [6ef27e9c-8ddb-4fa1-8c14-ab102acfb1b8@group-F11756C8BA4A-LeaderElection22] INFO  grpc.GrpcConfigKeys$Server (ConfUtils.java:logGet(43)) - raft.grpc.server.leader.outstanding.appends.max = 128 (default)
2019-10-20 18:18:27,458 [6ef27e9c-8ddb-4fa1-8c14-ab102acfb1b8@group-F11756C8BA4A-LeaderElection22] INFO  server.RaftServerConfigKeys (ConfUtils.java:logGet(43)) - raft.server.rpc.request.timeout = 3000ms (default)
2019-10-20 18:18:27,458 [6ef27e9c-8ddb-4fa1-8c14-ab102acfb1b8@group-F11756C8BA4A-LeaderElection22] INFO  server.RaftServerConfigKeys (ConfUtils.java:logGet(43)) - raft.server.log.appender.install.snapshot.enabled = false (custom)
2019-10-20 18:18:27,459 [grpc-default-executor-5] INFO  server.GrpcServerProtocolService (GrpcServerProtocolService.java:onCompleted(113)) - 399079f7-1eb1-4f37-b003-267572525934: Completed APPEND_ENTRIES, lastRequest: 7a43c46a-fc88-4b2d-b2da-ae029cfa60ff->399079f7-1eb1-4f37-b003-267572525934#0-t7, previous=(t:0, i:0), leaderCommit=-1, initializing? false, entries: <empty>
2019-10-20 18:18:27,459 [grpc-default-executor-4] INFO  server.GrpcServerProtocolService (GrpcServerProtocolService.java:onCompleted(113)) - 6c5c38af-62e6-4ea7-a24a-078dcb28fb39: Completed APPEND_ENTRIES, lastRequest: 7a43c46a-fc88-4b2d-b2da-ae029cfa60ff->6c5c38af-62e6-4ea7-a24a-078dcb28fb39#0-t7, previous=(t:0, i:0), leaderCommit=-1, initializing? false, entries: <empty>
2019-10-20 18:18:27,459 [grpc-default-executor-2] INFO  server.GrpcServerProtocolService (GrpcServerProtocolService.java:onCompleted(113)) - b75f8b2e-6273-4c97-b7c5-042674931d23: Completed APPEND_ENTRIES, lastRequest: 3750b3a2-715b-46b3-9d0c-9e38136244b9->b75f8b2e-6273-4c97-b7c5-042674931d23#0-t5, previous=(t:0, i:0), leaderCommit=-1, initializing? false, entries: <empty>
2019-10-20 18:18:27,465 [grpc-default-executor-2] INFO  impl.RaftServerImpl (RaftServerImpl.java:setRole(184)) - c50ce170-3170-4e03-b167-34e0e02687b2@group-AF4EDA66FDC9: changes role from  FOLLOWER to FOLLOWER at term 1 for recognizeCandidate:eb28ec45-9b2b-44d6-ae7e-a31feda643bc
2019-10-20 18:18:27,465 [grpc-default-executor-2] INFO  impl.RoleInfo (RoleInfo.java:shutdownFollowerState(121)) - c50ce170-3170-4e03-b167-34e0e02687b2: shutdown FollowerState
2019-10-20 18:18:27,465 [grpc-default-executor-2] INFO  impl.RoleInfo (RoleInfo.java:updateAndGet(143)) - c50ce170-3170-4e03-b167-34e0e02687b2: start FollowerState
2019-10-20 18:18:27,465 [Thread-440] INFO  impl.FollowerState (FollowerState.java:run(117)) - c50ce170-3170-4e03-b167-34e0e02687b2@group-AF4EDA66FDC9-FollowerState was interrupted: java.lang.InterruptedException: sleep interrupted
2019-10-20 18:18:27,465 [6ef27e9c-8ddb-4fa1-8c14-ab102acfb1b8@group-F11756C8BA4A-LeaderElection22] INFO  server.RaftServerConfigKeys (ConfUtils.java:logGet(43)) - raft.server.log.appender.snapshot.chunk.size.max = 16MB (=16777216) (default)
2019-10-20 18:18:27,467 [6ef27e9c-8ddb-4fa1-8c14-ab102acfb1b8@group-F11756C8BA4A-LeaderElection22] INFO  server.RaftServerConfigKeys (ConfUtils.java:logGet(43)) - raft.server.log.appender.buffer.byte-limit = 33554432 (custom)
2019-10-20 18:18:27,467 [6ef27e9c-8ddb-4fa1-8c14-ab102acfb1b8@group-F11756C8BA4A-LeaderElection22] INFO  server.RaftServerConfigKeys (ConfUtils.java:logGet(43)) - raft.server.log.appender.buffer.element-limit = 1 (custom)
2019-10-20 18:18:27,467 [6ef27e9c-8ddb-4fa1-8c14-ab102acfb1b8@group-F11756C8BA4A-LeaderElection22] INFO  grpc.GrpcConfigKeys$Server (ConfUtils.java:logGet(43)) - raft.grpc.server.leader.outstanding.appends.max = 128 (default)
2019-10-20 18:18:27,467 [6ef27e9c-8ddb-4fa1-8c14-ab102acfb1b8@group-F11756C8BA4A-LeaderElection22] INFO  server.RaftServerConfigKeys (ConfUtils.java:logGet(43)) - raft.server.rpc.request.timeout = 3000ms (default)
2019-10-20 18:18:27,469 [6ef27e9c-8ddb-4fa1-8c14-ab102acfb1b8@group-F11756C8BA4A-LeaderElection22] INFO  server.RaftServerConfigKeys (ConfUtils.java:logGet(43)) - raft.server.log.appender.install.snapshot.enabled = false (custom)
2019-10-20 18:18:27,471 [grpc-default-executor-8] INFO  impl.RaftServerImpl (RaftServerImpl.java:setRole(184)) - 3750b3a2-715b-46b3-9d0c-9e38136244b9@group-F11756C8BA4A: changes role from  FOLLOWER to FOLLOWER at term 7 for recognizeCandidate:b75f8b2e-6273-4c97-b7c5-042674931d23
2019-10-20 18:18:27,472 [grpc-default-executor-8] INFO  impl.RoleInfo (RoleInfo.java:shutdownFollowerState(121)) - 3750b3a2-715b-46b3-9d0c-9e38136244b9: shutdown FollowerState
2019-10-20 18:18:27,473 [Thread-453] INFO  impl.FollowerState (FollowerState.java:run(117)) - 3750b3a2-715b-46b3-9d0c-9e38136244b9@group-F11756C8BA4A-FollowerState was interrupted: java.lang.InterruptedException: sleep interrupted
2019-10-20 18:18:27,473 [grpc-default-executor-8] INFO  impl.RoleInfo (RoleInfo.java:updateAndGet(143)) - 3750b3a2-715b-46b3-9d0c-9e38136244b9: start FollowerState
2019-10-20 18:18:27,475 [6ef27e9c-8ddb-4fa1-8c14-ab102acfb1b8@group-F11756C8BA4A-LeaderElection22] INFO  impl.RoleInfo (RoleInfo.java:updateAndGet(143)) - 6ef27e9c-8ddb-4fa1-8c14-ab102acfb1b8: start LeaderState
2019-10-20 18:18:27,476 [6ef27e9c-8ddb-4fa1-8c14-ab102acfb1b8@group-F11756C8BA4A-LeaderElection22] INFO  segmented.SegmentedRaftLogWorker (SegmentedRaftLogWorker.java:startLogSegment(385)) - 6ef27e9c-8ddb-4fa1-8c14-ab102acfb1b8@group-F11756C8BA4A-SegmentedRaftLogWorker: Starting segment from index:0
2019-10-20 18:18:27,476 [6ef27e9c-8ddb-4fa1-8c14-ab102acfb1b8@group-F11756C8BA4A-LeaderElection22] INFO  impl.RaftServerImpl (ServerState.java:setRaftConf(357)) - 6ef27e9c-8ddb-4fa1-8c14-ab102acfb1b8@group-F11756C8BA4A: set configuration 0: [6ef27e9c-8ddb-4fa1-8c14-ab102acfb1b8:192.168.164.241:38092, b75f8b2e-6273-4c97-b7c5-042674931d23:192.168.164.241:41857, 3750b3a2-715b-46b3-9d0c-9e38136244b9:192.168.164.241:46227], old=null at 0
2019-10-20 18:18:27,477 [grpc-default-executor-10] INFO  impl.RaftServerImpl (ServerState.java:setLeader(256)) - 6ef27e9c-8ddb-4fa1-8c14-ab102acfb1b8@group-F11756C8BA4A: change Leader from 6ef27e9c-8ddb-4fa1-8c14-ab102acfb1b8 to null at term 7 for updateCurrentTerm
2019-10-20 18:18:27,477 [grpc-default-executor-10] INFO  impl.RaftServerImpl (RaftServerImpl.java:setRole(184)) - 6ef27e9c-8ddb-4fa1-8c14-ab102acfb1b8@group-F11756C8BA4A: changes role from    LEADER to FOLLOWER at term 7 for recognizeCandidate:b75f8b2e-6273-4c97-b7c5-042674931d23
2019-10-20 18:18:27,477 [grpc-default-executor-10] INFO  impl.RoleInfo (RoleInfo.java:shutdownLeaderState(104)) - 6ef27e9c-8ddb-4fa1-8c14-ab102acfb1b8: shutdown LeaderState
2019-10-20 18:18:27,479 [grpc-default-executor-10] INFO  impl.PendingRequests (PendingRequests.java:sendNotLeaderResponses(202)) - 6ef27e9c-8ddb-4fa1-8c14-ab102acfb1b8@group-F11756C8BA4A-PendingRequests: sendNotLeaderResponses
2019-10-20 18:18:27,479 [org.apache.ratis.server.impl.LogAppender$AppenderDaemon$$Lambda$478/427253036@3bb6a834] WARN  server.GrpcLogAppender (GrpcLogAppender.java:mayWait(149)) - 6ef27e9c-8ddb-4fa1-8c14-ab102acfb1b8@group-F11756C8BA4A->3750b3a2-715b-46b3-9d0c-9e38136244b9-GrpcLogAppender: Wait interrupted by java.lang.InterruptedException
2019-10-20 18:18:27,479 [org.apache.ratis.server.impl.LogAppender$AppenderDaemon$$Lambda$478/427253036@a762361] WARN  server.GrpcLogAppender (GrpcLogAppender.java:mayWait(149)) - 6ef27e9c-8ddb-4fa1-8c14-ab102acfb1b8@group-F11756C8BA4A->b75f8b2e-6273-4c97-b7c5-042674931d23-GrpcLogAppender: Wait interrupted by java.lang.InterruptedException
2019-10-20 18:18:27,480 [grpc-default-executor-10] INFO  impl.RoleInfo (RoleInfo.java:updateAndGet(143)) - 6ef27e9c-8ddb-4fa1-8c14-ab102acfb1b8: start FollowerState
2019-10-20 18:18:27,480 [grpc-default-executor-4] INFO  server.GrpcLogAppender (GrpcLogAppender.java:onCompleted(308)) - 7a43c46a-fc88-4b2d-b2da-ae029cfa60ff@group-D40A05E2FCF9->6c5c38af-62e6-4ea7-a24a-078dcb28fb39-AppendLogResponseHandler: follower responses appendEntries COMPLETED
2019-10-20 18:18:27,480 [grpc-default-executor-0] INFO  impl.RaftServerImpl (RaftServerImpl.java:setRole(184)) - 7a43c46a-fc88-4b2d-b2da-ae029cfa60ff@group-D40A05E2FCF9: changes role from  FOLLOWER to FOLLOWER at term 8 for recognizeCandidate:6c5c38af-62e6-4ea7-a24a-078dcb28fb39
2019-10-20 18:18:27,480 [grpc-default-executor-7] INFO  server.GrpcLogAppender (GrpcLogAppender.java:onCompleted(308)) - 7a43c46a-fc88-4b2d-b2da-ae029cfa60ff@group-D40A05E2FCF9->399079f7-1eb1-4f37-b003-267572525934-AppendLogResponseHandler: follower responses appendEntries COMPLETED
2019-10-20 18:18:27,507 [grpc-default-executor-1] INFO  server.GrpcLogAppender (GrpcLogAppender.java:onCompleted(308)) - 3750b3a2-715b-46b3-9d0c-9e38136244b9@group-F11756C8BA4A->b75f8b2e-6273-4c97-b7c5-042674931d23-AppendLogResponseHandler: follower responses appendEntries COMPLETED
2019-10-20 18:18:27,507 [grpc-default-executor-5] INFO  server.GrpcServerProtocolService (GrpcServerProtocolService.java:onCompleted(113)) - 3750b3a2-715b-46b3-9d0c-9e38136244b9: Completed APPEND_ENTRIES, lastRequest: null
2019-10-20 18:18:27,507 [grpc-default-executor-0] INFO  impl.RoleInfo (RoleInfo.java:shutdownFollowerState(121)) - 7a43c46a-fc88-4b2d-b2da-ae029cfa60ff: shutdown FollowerState
2019-10-20 18:18:27,510 [grpc-default-executor-0] INFO  impl.RoleInfo (RoleInfo.java:updateAndGet(143)) - 7a43c46a-fc88-4b2d-b2da-ae029cfa60ff: start FollowerState
2019-10-20 18:18:27,510 [Thread-468] INFO  impl.FollowerState (FollowerState.java:run(117)) - 7a43c46a-fc88-4b2d-b2da-ae029cfa60ff@group-D40A05E2FCF9-FollowerState was interrupted: java.lang.InterruptedException: sleep interrupted
2019-10-20 18:18:27,512 [grpc-default-executor-5] INFO  server.GrpcLogAppender (GrpcLogAppender.java:onCompleted(308)) - 6ef27e9c-8ddb-4fa1-8c14-ab102acfb1b8@group-F11756C8BA4A->3750b3a2-715b-46b3-9d0c-9e38136244b9-AppendLogResponseHandler: follower responses appendEntries COMPLETED
2019-10-20 18:18:27,512 [399079f7-1eb1-4f37-b003-267572525934@group-D40A05E2FCF9-LeaderElection26] INFO  impl.LeaderElection (LeaderElection.java:logAndReturn(56)) - 399079f7-1eb1-4f37-b003-267572525934@group-D40A05E2FCF9-LeaderElection26: Election REJECTED; received 2 response(s) [399079f7-1eb1-4f37-b003-267572525934<-7a43c46a-fc88-4b2d-b2da-ae029cfa60ff#0:FAIL-t8, 399079f7-1eb1-4f37-b003-267572525934<-6c5c38af-62e6-4ea7-a24a-078dcb28fb39#0:FAIL-t8] and 0 exception(s); 399079f7-1eb1-4f37-b003-267572525934@group-D40A05E2FCF9:t8, leader=null, voted=399079f7-1eb1-4f37-b003-267572525934, raftlog=399079f7-1eb1-4f37-b003-267572525934@group-D40A05E2FCF9-SegmentedRaftLog:OPENED:c-1,f-1,i0, conf=-1: [399079f7-1eb1-4f37-b003-267572525934:192.168.164.241:37762, 7a43c46a-fc88-4b2d-b2da-ae029cfa60ff:192.168.164.241:43684, 6c5c38af-62e6-4ea7-a24a-078dcb28fb39:192.168.164.241:45428], old=null
2019-10-20 18:18:27,513 [399079f7-1eb1-4f37-b003-267572525934@group-D40A05E2FCF9-LeaderElection26] INFO  impl.RaftServerImpl (RaftServerImpl.java:setRole(184)) - 399079f7-1eb1-4f37-b003-267572525934@group-D40A05E2FCF9: changes role from CANDIDATE to FOLLOWER at term 8 for DISCOVERED_A_NEW_TERM
2019-10-20 18:18:27,513 [399079f7-1eb1-4f37-b003-267572525934@group-D40A05E2FCF9-LeaderElection26] INFO  impl.RoleInfo (RoleInfo.java:shutdownLeaderElection(134)) - 399079f7-1eb1-4f37-b003-267572525934: shutdown LeaderElection
2019-10-20 18:18:27,513 [399079f7-1eb1-4f37-b003-267572525934@group-D40A05E2FCF9-LeaderElection26] INFO  impl.RoleInfo (RoleInfo.java:updateAndGet(143)) - 399079f7-1eb1-4f37-b003-267572525934: start FollowerState
2019-10-20 18:18:27,514 [grpc-default-executor-4] INFO  impl.FollowerInfo (FollowerInfo.java:lambda$new$0(51)) - 7a43c46a-fc88-4b2d-b2da-ae029cfa60ff@group-D40A05E2FCF9->6c5c38af-62e6-4ea7-a24a-078dcb28fb39: nextIndex: updateUnconditionally 0 -> 0
2019-10-20 18:18:27,517 [grpc-default-executor-5] INFO  impl.FollowerInfo (FollowerInfo.java:lambda$new$0(51)) - 6ef27e9c-8ddb-4fa1-8c14-ab102acfb1b8@group-F11756C8BA4A->3750b3a2-715b-46b3-9d0c-9e38136244b9: nextIndex: updateUnconditionally 0 -> 0
2019-10-20 18:18:27,519 [grpc-default-executor-1] INFO  impl.FollowerInfo (FollowerInfo.java:lambda$new$0(51)) - 3750b3a2-715b-46b3-9d0c-9e38136244b9@group-F11756C8BA4A->b75f8b2e-6273-4c97-b7c5-042674931d23: nextIndex: updateUnconditionally 0 -> 0
2019-10-20 18:18:27,521 [eb28ec45-9b2b-44d6-ae7e-a31feda643bc@group-AF4EDA66FDC9-LeaderElection23] INFO  impl.LeaderElection (LeaderElection.java:logAndReturn(56)) - eb28ec45-9b2b-44d6-ae7e-a31feda643bc@group-AF4EDA66FDC9-LeaderElection23: Election PASSED; received 2 response(s) [eb28ec45-9b2b-44d6-ae7e-a31feda643bc<-a6e136fe-e391-4364-8a60-53801fc9277d#0:FAIL-t1, eb28ec45-9b2b-44d6-ae7e-a31feda643bc<-c50ce170-3170-4e03-b167-34e0e02687b2#0:OK-t1] and 0 exception(s); eb28ec45-9b2b-44d6-ae7e-a31feda643bc@group-AF4EDA66FDC9:t1, leader=null, voted=eb28ec45-9b2b-44d6-ae7e-a31feda643bc, raftlog=eb28ec45-9b2b-44d6-ae7e-a31feda643bc@group-AF4EDA66FDC9-SegmentedRaftLog:OPENED:c-1,f-1,i0, conf=-1: [a6e136fe-e391-4364-8a60-53801fc9277d:192.168.164.241:40755, eb28ec45-9b2b-44d6-ae7e-a31feda643bc:192.168.164.241:42571, c50ce170-3170-4e03-b167-34e0e02687b2:192.168.164.241:37695], old=null
2019-10-20 18:18:27,519 [grpc-default-executor-7] INFO  impl.FollowerInfo (FollowerInfo.java:lambda$new$0(51)) - 7a43c46a-fc88-4b2d-b2da-ae029cfa60ff@group-D40A05E2FCF9->399079f7-1eb1-4f37-b003-267572525934: nextIndex: updateUnconditionally 0 -> 0
2019-10-20 18:18:27,521 [eb28ec45-9b2b-44d6-ae7e-a31feda643bc@group-AF4EDA66FDC9-LeaderElection23] INFO  impl.RoleInfo (RoleInfo.java:shutdownLeaderElection(134)) - eb28ec45-9b2b-44d6-ae7e-a31feda643bc: shutdown LeaderElection
2019-10-20 18:18:27,521 [grpc-default-executor-1] INFO  server.GrpcServerProtocolService (GrpcServerProtocolService.java:onCompleted(113)) - b75f8b2e-6273-4c97-b7c5-042674931d23: Completed APPEND_ENTRIES, lastRequest: null
2019-10-20 18:18:27,524 [eb28ec45-9b2b-44d6-ae7e-a31feda643bc@group-AF4EDA66FDC9-LeaderElection23] INFO  impl.RaftServerImpl (RaftServerImpl.java:setRole(184)) - eb28ec45-9b2b-44d6-ae7e-a31feda643bc@group-AF4EDA66FDC9: changes role from CANDIDATE to LEADER at term 1 for changeToLeader
2019-10-20 18:18:27,524 [eb28ec45-9b2b-44d6-ae7e-a31feda643bc@group-AF4EDA66FDC9-LeaderElection23] INFO  impl.RaftServerImpl (ServerState.java:setLeader(256)) - eb28ec45-9b2b-44d6-ae7e-a31feda643bc@group-AF4EDA66FDC9: change Leader from null to eb28ec45-9b2b-44d6-ae7e-a31feda643bc at term 1 for becomeLeader, leader elected after 191ms
2019-10-20 18:18:27,524 [eb28ec45-9b2b-44d6-ae7e-a31feda643bc@group-AF4EDA66FDC9-LeaderElection23] INFO  server.RaftServerConfigKeys (ConfUtils.java:logGet(43)) - raft.server.staging.catchup.gap = 1000 (default)
2019-10-20 18:18:27,524 [a6e136fe-e391-4364-8a60-53801fc9277d@group-AF4EDA66FDC9-LeaderElection25] INFO  impl.LeaderElection (LeaderElection.java:logAndReturn(56)) - a6e136fe-e391-4364-8a60-53801fc9277d@group-AF4EDA66FDC9-LeaderElection25: Election REJECTED; received 2 response(s) [a6e136fe-e391-4364-8a60-53801fc9277d<-eb28ec45-9b2b-44d6-ae7e-a31feda643bc#0:FAIL-t1, a6e136fe-e391-4364-8a60-53801fc9277d<-c50ce170-3170-4e03-b167-34e0e02687b2#0:FAIL-t1] and 0 exception(s); a6e136fe-e391-4364-8a60-53801fc9277d@group-AF4EDA66FDC9:t1, leader=null, voted=a6e136fe-e391-4364-8a60-53801fc9277d, raftlog=a6e136fe-e391-4364-8a60-53801fc9277d@group-AF4EDA66FDC9-SegmentedRaftLog:OPENED:c-1,f-1,i0, conf=-1: [a6e136fe-e391-4364-8a60-53801fc9277d:192.168.164.241:40755, eb28ec45-9b2b-44d6-ae7e-a31feda643bc:192.168.164.241:42571, c50ce170-3170-4e03-b167-34e0e02687b2:192.168.164.241:37695], old=null
2019-10-20 18:18:27,524 [eb28ec45-9b2b-44d6-ae7e-a31feda643bc@group-AF4EDA66FDC9-LeaderElection23] INFO  server.RaftServerConfigKeys (ConfUtils.java:logGet(43)) - raft.server.rpc.sleep.time = 25ms (default)
2019-10-20 18:18:27,525 [a6e136fe-e391-4364-8a60-53801fc9277d@group-AF4EDA66FDC9-LeaderElection25] INFO  impl.RaftServerImpl (RaftServerImpl.java:setRole(184)) - a6e136fe-e391-4364-8a60-53801fc9277d@group-AF4EDA66FDC9: changes role from CANDIDATE to FOLLOWER at term 1 for DISCOVERED_A_NEW_TERM
2019-10-20 18:18:27,526 [eb28ec45-9b2b-44d6-ae7e-a31feda643bc@group-AF4EDA66FDC9-LeaderElection23] INFO  server.RaftServerConfigKeys (ConfUtils.java:logGet(43)) - raft.server.write.element-limit = 4096 (default)
2019-10-20 18:18:27,526 [6c5c38af-62e6-4ea7-a24a-078dcb28fb39@group-D40A05E2FCF9-LeaderElection24] INFO  impl.LeaderElection (LeaderElection.java:logAndReturn(56)) - 6c5c38af-62e6-4ea7-a24a-078dcb28fb39@group-D40A05E2FCF9-LeaderElection24: Election REJECTED; received 2 response(s) [6c5c38af-62e6-4ea7-a24a-078dcb28fb39<-399079f7-1eb1-4f37-b003-267572525934#0:FAIL-t8, 6c5c38af-62e6-4ea7-a24a-078dcb28fb39<-7a43c46a-fc88-4b2d-b2da-ae029cfa60ff#0:FAIL-t8] and 0 exception(s); 6c5c38af-62e6-4ea7-a24a-078dcb28fb39@group-D40A05E2FCF9:t8, leader=null, voted=6c5c38af-62e6-4ea7-a24a-078dcb28fb39, raftlog=6c5c38af-62e6-4ea7-a24a-078dcb28fb39@group-D40A05E2FCF9-SegmentedRaftLog:OPENED:c-1,f-1,i0, conf=-1: [399079f7-1eb1-4f37-b003-267572525934:192.168.164.241:37762, 7a43c46a-fc88-4b2d-b2da-ae029cfa60ff:192.168.164.241:43684, 6c5c38af-62e6-4ea7-a24a-078dcb28fb39:192.168.164.241:45428], old=null
2019-10-20 18:18:27,526 [a6e136fe-e391-4364-8a60-53801fc9277d@group-AF4EDA66FDC9-LeaderElection25] INFO  impl.RoleInfo (RoleInfo.java:shutdownLeaderElection(134)) - a6e136fe-e391-4364-8a60-53801fc9277d: shutdown LeaderElection
2019-10-20 18:18:27,527 [6c5c38af-62e6-4ea7-a24a-078dcb28fb39@group-D40A05E2FCF9-LeaderElection24] INFO  impl.RaftServerImpl (RaftServerImpl.java:setRole(184)) - 6c5c38af-62e6-4ea7-a24a-078dcb28fb39@group-D40A05E2FCF9: changes role from CANDIDATE to FOLLOWER at term 8 for DISCOVERED_A_NEW_TERM
2019-10-20 18:18:27,527 [eb28ec45-9b2b-44d6-ae7e-a31feda643bc@group-AF4EDA66FDC9-LeaderElection23] INFO  server.RaftServerConfigKeys (ConfUtils.java:logGet(43)) - raft.server.watch.timeout = 10s (default)
2019-10-20 18:18:27,528 [grpc-default-executor-1] INFO  server.GrpcLogAppender (GrpcLogAppender.java:onCompleted(308)) - 6ef27e9c-8ddb-4fa1-8c14-ab102acfb1b8@group-F11756C8BA4A->b75f8b2e-6273-4c97-b7c5-042674931d23-AppendLogResponseHandler: follower responses appendEntries COMPLETED
2019-10-20 18:18:27,528 [6c5c38af-62e6-4ea7-a24a-078dcb28fb39@group-D40A05E2FCF9-LeaderElection24] INFO  impl.RoleInfo (RoleInfo.java:shutdownLeaderElection(134)) - 6c5c38af-62e6-4ea7-a24a-078dcb28fb39: shutdown LeaderElection
2019-10-20 18:18:27,528 [a6e136fe-e391-4364-8a60-53801fc9277d@group-AF4EDA66FDC9-LeaderElection25] INFO  impl.RoleInfo (RoleInfo.java:updateAndGet(143)) - a6e136fe-e391-4364-8a60-53801fc9277d: start FollowerState
2019-10-20 18:18:27,528 [eb28ec45-9b2b-44d6-ae7e-a31feda643bc@group-AF4EDA66FDC9-LeaderElection23] INFO  server.RaftServerConfigKeys (ConfUtils.java:logGet(43)) - raft.server.watch.timeout.denomination = 1s (default)
2019-10-20 18:18:27,530 [6c5c38af-62e6-4ea7-a24a-078dcb28fb39@group-D40A05E2FCF9-LeaderElection24] INFO  impl.RoleInfo (RoleInfo.java:updateAndGet(143)) - 6c5c38af-62e6-4ea7-a24a-078dcb28fb39: start FollowerState
2019-10-20 18:18:27,530 [grpc-default-executor-1] INFO  impl.FollowerInfo (FollowerInfo.java:lambda$new$0(51)) - 6ef27e9c-8ddb-4fa1-8c14-ab102acfb1b8@group-F11756C8BA4A->b75f8b2e-6273-4c97-b7c5-042674931d23: nextIndex: updateUnconditionally 0 -> 0
2019-10-20 18:18:27,530 [eb28ec45-9b2b-44d6-ae7e-a31feda643bc@group-AF4EDA66FDC9-LeaderElection23] INFO  server.RaftServerConfigKeys (ConfUtils.java:logGet(43)) - raft.server.watch.element-limit = 65536 (default)
2019-10-20 18:18:27,532 [eb28ec45-9b2b-44d6-ae7e-a31feda643bc@group-AF4EDA66FDC9-LeaderElection23] INFO  server.RaftServerConfigKeys (ConfUtils.java:logGet(43)) - raft.server.log.appender.snapshot.chunk.size.max = 16MB (=16777216) (default)
2019-10-20 18:18:27,533 [eb28ec45-9b2b-44d6-ae7e-a31feda643bc@group-AF4EDA66FDC9-LeaderElection23] INFO  server.RaftServerConfigKeys (ConfUtils.java:logGet(43)) - raft.server.log.appender.buffer.byte-limit = 33554432 (custom)
2019-10-20 18:18:27,533 [eb28ec45-9b2b-44d6-ae7e-a31feda643bc@group-AF4EDA66FDC9-LeaderElection23] INFO  server.RaftServerConfigKeys (ConfUtils.java:logGet(43)) - raft.server.log.appender.buffer.element-limit = 1 (custom)
2019-10-20 18:18:27,533 [eb28ec45-9b2b-44d6-ae7e-a31feda643bc@group-AF4EDA66FDC9-LeaderElection23] INFO  grpc.GrpcConfigKeys$Server (ConfUtils.java:logGet(43)) - raft.grpc.server.leader.outstanding.appends.max = 128 (default)
2019-10-20 18:18:27,533 [eb28ec45-9b2b-44d6-ae7e-a31feda643bc@group-AF4EDA66FDC9-LeaderElection23] INFO  server.RaftServerConfigKeys (ConfUtils.java:logGet(43)) - raft.server.rpc.request.timeout = 3000ms (default)
2019-10-20 18:18:27,533 [eb28ec45-9b2b-44d6-ae7e-a31feda643bc@group-AF4EDA66FDC9-LeaderElection23] INFO  server.RaftServerConfigKeys (ConfUtils.java:logGet(43)) - raft.server.log.appender.install.snapshot.enabled = false (custom)
2019-10-20 18:18:27,535 [eb28ec45-9b2b-44d6-ae7e-a31feda643bc@group-AF4EDA66FDC9-LeaderElection23] INFO  server.RaftServerConfigKeys (ConfUtils.java:logGet(43)) - raft.server.log.appender.snapshot.chunk.size.max = 16MB (=16777216) (default)
2019-10-20 18:18:27,535 [eb28ec45-9b2b-44d6-ae7e-a31feda643bc@group-AF4EDA66FDC9-LeaderElection23] INFO  server.RaftServerConfigKeys (ConfUtils.java:logGet(43)) - raft.server.log.appender.buffer.byte-limit = 33554432 (custom)
2019-10-20 18:18:27,535 [eb28ec45-9b2b-44d6-ae7e-a31feda643bc@group-AF4EDA66FDC9-LeaderElection23] INFO  server.RaftServerConfigKeys (ConfUtils.java:logGet(43)) - raft.server.log.appender.buffer.element-limit = 1 (custom)
2019-10-20 18:18:27,535 [eb28ec45-9b2b-44d6-ae7e-a31feda643bc@group-AF4EDA66FDC9-LeaderElection23] INFO  grpc.GrpcConfigKeys$Server (ConfUtils.java:logGet(43)) - raft.grpc.server.leader.outstanding.appends.max = 128 (default)
2019-10-20 18:18:27,535 [eb28ec45-9b2b-44d6-ae7e-a31feda643bc@group-AF4EDA66FDC9-LeaderElection23] INFO  server.RaftServerConfigKeys (ConfUtils.java:logGet(43)) - raft.server.rpc.request.timeout = 3000ms (default)
2019-10-20 18:18:27,535 [eb28ec45-9b2b-44d6-ae7e-a31feda643bc@group-AF4EDA66FDC9-LeaderElection23] INFO  server.RaftServerConfigKeys (ConfUtils.java:logGet(43)) - raft.server.log.appender.install.snapshot.enabled = false (custom)
2019-10-20 18:18:27,537 [eb28ec45-9b2b-44d6-ae7e-a31feda643bc@group-AF4EDA66FDC9-LeaderElection23] INFO  impl.RoleInfo (RoleInfo.java:updateAndGet(143)) - eb28ec45-9b2b-44d6-ae7e-a31feda643bc: start LeaderState
2019-10-20 18:18:27,537 [6ef27e9c-8ddb-4fa1-8c14-ab102acfb1b8@group-F11756C8BA4A-SegmentedRaftLogWorker] INFO  segmented.SegmentedRaftLogWorker (SegmentedRaftLogWorker.java:execute(576)) - 6ef27e9c-8ddb-4fa1-8c14-ab102acfb1b8@group-F11756C8BA4A-SegmentedRaftLogWorker: created new log segment /workdir/hadoop-ozone/integration-test/target/test-dir/MiniOzoneClusterImpl-3ef3c7a0-fafa-4375-a23c-18b63a3f56e7/datanode-7/data/ratis/18c7e0e8-7295-4f89-a889-f11756c8ba4a/current/log_inprogress_0
2019-10-20 18:18:27,537 [eb28ec45-9b2b-44d6-ae7e-a31feda643bc@group-AF4EDA66FDC9-LeaderElection23] INFO  segmented.SegmentedRaftLogWorker (SegmentedRaftLogWorker.java:startLogSegment(385)) - eb28ec45-9b2b-44d6-ae7e-a31feda643bc@group-AF4EDA66FDC9-SegmentedRaftLogWorker: Starting segment from index:0
2019-10-20 18:18:27,538 [grpc-default-executor-3] INFO  server.GrpcServerProtocolService (GrpcServerProtocolService.java:onCompleted(113)) - 6ef27e9c-8ddb-4fa1-8c14-ab102acfb1b8: Completed APPEND_ENTRIES, lastRequest: 3750b3a2-715b-46b3-9d0c-9e38136244b9->6ef27e9c-8ddb-4fa1-8c14-ab102acfb1b8#0-t5, previous=(t:0, i:0), leaderCommit=-1, initializing? false, entries: <empty>
2019-10-20 18:18:27,538 [eb28ec45-9b2b-44d6-ae7e-a31feda643bc@group-AF4EDA66FDC9-LeaderElection23] INFO  impl.RaftServerImpl (ServerState.java:setRaftConf(357)) - eb28ec45-9b2b-44d6-ae7e-a31feda643bc@group-AF4EDA66FDC9: set configuration 0: [a6e136fe-e391-4364-8a60-53801fc9277d:192.168.164.241:40755, eb28ec45-9b2b-44d6-ae7e-a31feda643bc:192.168.164.241:42571, c50ce170-3170-4e03-b167-34e0e02687b2:192.168.164.241:37695], old=null at 0
2019-10-20 18:18:27,539 [b75f8b2e-6273-4c97-b7c5-042674931d23@group-F11756C8BA4A-LeaderElection27] INFO  impl.LeaderElection (LeaderElection.java:logAndReturn(56)) - b75f8b2e-6273-4c97-b7c5-042674931d23@group-F11756C8BA4A-LeaderElection27: Election REJECTED; received 2 response(s) [b75f8b2e-6273-4c97-b7c5-042674931d23<-6ef27e9c-8ddb-4fa1-8c14-ab102acfb1b8#0:FAIL-t7, b75f8b2e-6273-4c97-b7c5-042674931d23<-3750b3a2-715b-46b3-9d0c-9e38136244b9#0:FAIL-t7] and 0 exception(s); b75f8b2e-6273-4c97-b7c5-042674931d23@group-F11756C8BA4A:t7, leader=null, voted=b75f8b2e-6273-4c97-b7c5-042674931d23, raftlog=b75f8b2e-6273-4c97-b7c5-042674931d23@group-F11756C8BA4A-SegmentedRaftLog:OPENED:c-1,f-1,i0, conf=-1: [6ef27e9c-8ddb-4fa1-8c14-ab102acfb1b8:192.168.164.241:38092, b75f8b2e-6273-4c97-b7c5-042674931d23:192.168.164.241:41857, 3750b3a2-715b-46b3-9d0c-9e38136244b9:192.168.164.241:46227], old=null
2019-10-20 18:18:27,539 [b75f8b2e-6273-4c97-b7c5-042674931d23@group-F11756C8BA4A-LeaderElection27] INFO  impl.RaftServerImpl (RaftServerImpl.java:setRole(184)) - b75f8b2e-6273-4c97-b7c5-042674931d23@group-F11756C8BA4A: changes role from CANDIDATE to FOLLOWER at term 7 for DISCOVERED_A_NEW_TERM
2019-10-20 18:18:27,539 [b75f8b2e-6273-4c97-b7c5-042674931d23@group-F11756C8BA4A-LeaderElection27] INFO  impl.RoleInfo (RoleInfo.java:shutdownLeaderElection(134)) - b75f8b2e-6273-4c97-b7c5-042674931d23: shutdown LeaderElection
2019-10-20 18:18:27,539 [b75f8b2e-6273-4c97-b7c5-042674931d23@group-F11756C8BA4A-LeaderElection27] INFO  impl.RoleInfo (RoleInfo.java:updateAndGet(143)) - b75f8b2e-6273-4c97-b7c5-042674931d23: start FollowerState
2019-10-20 18:18:27,539 [grpc-default-executor-3] INFO  server.GrpcLogAppender (GrpcLogAppender.java:onCompleted(308)) - 3750b3a2-715b-46b3-9d0c-9e38136244b9@group-F11756C8BA4A->6ef27e9c-8ddb-4fa1-8c14-ab102acfb1b8-AppendLogResponseHandler: follower responses appendEntries COMPLETED
2019-10-20 18:18:27,570 [grpc-default-executor-10] INFO  impl.RaftServerImpl (ServerState.java:setLeader(256)) - c50ce170-3170-4e03-b167-34e0e02687b2@group-AF4EDA66FDC9: change Leader from null to eb28ec45-9b2b-44d6-ae7e-a31feda643bc at term 1 for appendEntries, leader elected after 236ms
2019-10-20 18:18:27,570 [grpc-default-executor-3] INFO  impl.FollowerInfo (FollowerInfo.java:lambda$new$0(51)) - 3750b3a2-715b-46b3-9d0c-9e38136244b9@group-F11756C8BA4A->6ef27e9c-8ddb-4fa1-8c14-ab102acfb1b8: nextIndex: updateUnconditionally 0 -> 0
2019-10-20 18:18:27,571 [grpc-default-executor-1] INFO  impl.RaftServerImpl (ServerState.java:setLeader(256)) - a6e136fe-e391-4364-8a60-53801fc9277d@group-AF4EDA66FDC9: change Leader from null to eb28ec45-9b2b-44d6-ae7e-a31feda643bc at term 1 for appendEntries, leader elected after 237ms
2019-10-20 18:18:27,592 [grpc-default-executor-10] INFO  impl.RaftServerImpl (ServerState.java:setRaftConf(357)) - a6e136fe-e391-4364-8a60-53801fc9277d@group-AF4EDA66FDC9: set configuration 0: [a6e136fe-e391-4364-8a60-53801fc9277d:192.168.164.241:40755, eb28ec45-9b2b-44d6-ae7e-a31feda643bc:192.168.164.241:42571, c50ce170-3170-4e03-b167-34e0e02687b2:192.168.164.241:37695], old=null at 0
2019-10-20 18:18:27,592 [grpc-default-executor-1] INFO  impl.RaftServerImpl (ServerState.java:setRaftConf(357)) - c50ce170-3170-4e03-b167-34e0e02687b2@group-AF4EDA66FDC9: set configuration 0: [a6e136fe-e391-4364-8a60-53801fc9277d:192.168.164.241:40755, eb28ec45-9b2b-44d6-ae7e-a31feda643bc:192.168.164.241:42571, c50ce170-3170-4e03-b167-34e0e02687b2:192.168.164.241:37695], old=null at 0
2019-10-20 18:18:27,592 [grpc-default-executor-10] INFO  segmented.SegmentedRaftLogWorker (SegmentedRaftLogWorker.java:startLogSegment(385)) - a6e136fe-e391-4364-8a60-53801fc9277d@group-AF4EDA66FDC9-SegmentedRaftLogWorker: Starting segment from index:0
2019-10-20 18:18:27,592 [grpc-default-executor-1] INFO  segmented.SegmentedRaftLogWorker (SegmentedRaftLogWorker.java:startLogSegment(385)) - c50ce170-3170-4e03-b167-34e0e02687b2@group-AF4EDA66FDC9-SegmentedRaftLogWorker: Starting segment from index:0
2019-10-20 18:18:27,596 [eb28ec45-9b2b-44d6-ae7e-a31feda643bc@group-AF4EDA66FDC9-SegmentedRaftLogWorker] INFO  segmented.SegmentedRaftLogWorker (SegmentedRaftLogWorker.java:execute(576)) - eb28ec45-9b2b-44d6-ae7e-a31feda643bc@group-AF4EDA66FDC9-SegmentedRaftLogWorker: created new log segment /workdir/hadoop-ozone/integration-test/target/test-dir/MiniOzoneClusterImpl-3ef3c7a0-fafa-4375-a23c-18b63a3f56e7/datanode-5/data/ratis/ffef2051-cdca-432c-9792-af4eda66fdc9/current/log_inprogress_0
2019-10-20 18:18:27,626 [Thread-480] INFO  impl.FollowerState (FollowerState.java:run(108)) - 6c5c38af-62e6-4ea7-a24a-078dcb28fb39@group-D40A05E2FCF9-FollowerState: change to CANDIDATE, lastRpcTime:96ms, electionTimeout:84ms
2019-10-20 18:18:27,627 [Thread-480] INFO  impl.RoleInfo (RoleInfo.java:shutdownFollowerState(121)) - 6c5c38af-62e6-4ea7-a24a-078dcb28fb39: shutdown FollowerState
2019-10-20 18:18:27,627 [Thread-480] INFO  impl.RaftServerImpl (RaftServerImpl.java:setRole(184)) - 6c5c38af-62e6-4ea7-a24a-078dcb28fb39@group-D40A05E2FCF9: changes role from  FOLLOWER to CANDIDATE at term 8 for changeToCandidate
2019-10-20 18:18:27,627 [Thread-480] INFO  impl.RoleInfo (RoleInfo.java:updateAndGet(143)) - 6c5c38af-62e6-4ea7-a24a-078dcb28fb39: start LeaderElection
2019-10-20 18:18:27,628 [Thread-477] INFO  impl.FollowerState (FollowerState.java:run(108)) - 399079f7-1eb1-4f37-b003-267572525934@group-D40A05E2FCF9-FollowerState: change to CANDIDATE, lastRpcTime:114ms, electionTimeout:109ms
2019-10-20 18:18:27,629 [Thread-477] INFO  impl.RoleInfo (RoleInfo.java:shutdownFollowerState(121)) - 399079f7-1eb1-4f37-b003-267572525934: shutdown FollowerState
2019-10-20 18:18:27,631 [Thread-477] INFO  impl.RaftServerImpl (RaftServerImpl.java:setRole(184)) - 399079f7-1eb1-4f37-b003-267572525934@group-D40A05E2FCF9: changes role from  FOLLOWER to CANDIDATE at term 8 for changeToCandidate
2019-10-20 18:18:27,631 [Thread-477] INFO  impl.RoleInfo (RoleInfo.java:updateAndGet(143)) - 399079f7-1eb1-4f37-b003-267572525934: start LeaderElection
2019-10-20 18:18:27,655 [a6e136fe-e391-4364-8a60-53801fc9277d@group-AF4EDA66FDC9-SegmentedRaftLogWorker] INFO  segmented.SegmentedRaftLogWorker (SegmentedRaftLogWorker.java:execute(576)) - a6e136fe-e391-4364-8a60-53801fc9277d@group-AF4EDA66FDC9-SegmentedRaftLogWorker: created new log segment /workdir/hadoop-ozone/integration-test/target/test-dir/MiniOzoneClusterImpl-3ef3c7a0-fafa-4375-a23c-18b63a3f56e7/datanode-8/data/ratis/ffef2051-cdca-432c-9792-af4eda66fdc9/current/log_inprogress_0
2019-10-20 18:18:27,655 [6c5c38af-62e6-4ea7-a24a-078dcb28fb39@group-D40A05E2FCF9-LeaderElection28] INFO  impl.LeaderElection (LeaderElection.java:askForVotes(178)) - 6c5c38af-62e6-4ea7-a24a-078dcb28fb39@group-D40A05E2FCF9-LeaderElection28: begin an election at term 9 for -1: [399079f7-1eb1-4f37-b003-267572525934:192.168.164.241:37762, 7a43c46a-fc88-4b2d-b2da-ae029cfa60ff:192.168.164.241:43684, 6c5c38af-62e6-4ea7-a24a-078dcb28fb39:192.168.164.241:45428], old=null
2019-10-20 18:18:27,655 [399079f7-1eb1-4f37-b003-267572525934@group-D40A05E2FCF9-LeaderElection29] INFO  impl.LeaderElection (LeaderElection.java:askForVotes(178)) - 399079f7-1eb1-4f37-b003-267572525934@group-D40A05E2FCF9-LeaderElection29: begin an election at term 9 for -1: [399079f7-1eb1-4f37-b003-267572525934:192.168.164.241:37762, 7a43c46a-fc88-4b2d-b2da-ae029cfa60ff:192.168.164.241:43684, 6c5c38af-62e6-4ea7-a24a-078dcb28fb39:192.168.164.241:45428], old=null
2019-10-20 18:18:27,655 [c50ce170-3170-4e03-b167-34e0e02687b2@group-AF4EDA66FDC9-SegmentedRaftLogWorker] INFO  segmented.SegmentedRaftLogWorker (SegmentedRaftLogWorker.java:execute(576)) - c50ce170-3170-4e03-b167-34e0e02687b2@group-AF4EDA66FDC9-SegmentedRaftLogWorker: created new log segment /workdir/hadoop-ozone/integration-test/target/test-dir/MiniOzoneClusterImpl-3ef3c7a0-fafa-4375-a23c-18b63a3f56e7/datanode-1/data/ratis/ffef2051-cdca-432c-9792-af4eda66fdc9/current/log_inprogress_0
2019-10-20 18:18:27,660 [grpc-default-executor-1] INFO  impl.RaftServerImpl (RaftServerImpl.java:setRole(184)) - 7a43c46a-fc88-4b2d-b2da-ae029cfa60ff@group-D40A05E2FCF9: changes role from  FOLLOWER to FOLLOWER at term 9 for recognizeCandidate:399079f7-1eb1-4f37-b003-267572525934
2019-10-20 18:18:27,660 [grpc-default-executor-1] INFO  impl.RoleInfo (RoleInfo.java:shutdownFollowerState(121)) - 7a43c46a-fc88-4b2d-b2da-ae029cfa60ff: shutdown FollowerState
2019-10-20 18:18:27,660 [grpc-default-executor-1] INFO  impl.RoleInfo (RoleInfo.java:updateAndGet(143)) - 7a43c46a-fc88-4b2d-b2da-ae029cfa60ff: start FollowerState
2019-10-20 18:18:27,660 [Thread-476] INFO  impl.FollowerState (FollowerState.java:run(117)) - 7a43c46a-fc88-4b2d-b2da-ae029cfa60ff@group-D40A05E2FCF9-FollowerState was interrupted: java.lang.InterruptedException: sleep interrupted
2019-10-20 18:18:27,681 [grpc-default-executor-10] INFO  impl.RaftServerImpl (RaftServerImpl.java:setRole(184)) - 7a43c46a-fc88-4b2d-b2da-ae029cfa60ff@group-D40A05E2FCF9: changes role from  FOLLOWER to FOLLOWER at term 9 for recognizeCandidate:6c5c38af-62e6-4ea7-a24a-078dcb28fb39
2019-10-20 18:18:27,681 [grpc-default-executor-10] INFO  impl.RoleInfo (RoleInfo.java:shutdownFollowerState(121)) - 7a43c46a-fc88-4b2d-b2da-ae029cfa60ff: shutdown FollowerState
2019-10-20 18:18:27,681 [grpc-default-executor-10] INFO  impl.RoleInfo (RoleInfo.java:updateAndGet(143)) - 7a43c46a-fc88-4b2d-b2da-ae029cfa60ff: start FollowerState
2019-10-20 18:18:27,681 [Thread-494] INFO  impl.FollowerState (FollowerState.java:run(117)) - 7a43c46a-fc88-4b2d-b2da-ae029cfa60ff@group-D40A05E2FCF9-FollowerState was interrupted: java.lang.InterruptedException: sleep interrupted
2019-10-20 18:18:27,693 [Thread-485] INFO  impl.FollowerState (FollowerState.java:run(108)) - b75f8b2e-6273-4c97-b7c5-042674931d23@group-F11756C8BA4A-FollowerState: change to CANDIDATE, lastRpcTime:153ms, electionTimeout:125ms
2019-10-20 18:18:27,693 [Thread-485] INFO  impl.RoleInfo (RoleInfo.java:shutdownFollowerState(121)) - b75f8b2e-6273-4c97-b7c5-042674931d23: shutdown FollowerState
2019-10-20 18:18:27,693 [Thread-485] INFO  impl.RaftServerImpl (RaftServerImpl.java:setRole(184)) - b75f8b2e-6273-4c97-b7c5-042674931d23@group-F11756C8BA4A: changes role from  FOLLOWER to CANDIDATE at term 7 for changeToCandidate
2019-10-20 18:18:27,693 [Thread-485] INFO  impl.RoleInfo (RoleInfo.java:updateAndGet(143)) - b75f8b2e-6273-4c97-b7c5-042674931d23: start LeaderElection
2019-10-20 18:18:27,694 [399079f7-1eb1-4f37-b003-267572525934@group-D40A05E2FCF9-LeaderElection29] INFO  impl.LeaderElection (LeaderElection.java:logAndReturn(56)) - 399079f7-1eb1-4f37-b003-267572525934@group-D40A05E2FCF9-LeaderElection29: Election REJECTED; received 2 response(s) [399079f7-1eb1-4f37-b003-267572525934<-7a43c46a-fc88-4b2d-b2da-ae029cfa60ff#0:FAIL-t9, 399079f7-1eb1-4f37-b003-267572525934<-6c5c38af-62e6-4ea7-a24a-078dcb28fb39#0:FAIL-t9] and 0 exception(s); 399079f7-1eb1-4f37-b003-267572525934@group-D40A05E2FCF9:t9, leader=null, voted=399079f7-1eb1-4f37-b003-267572525934, raftlog=399079f7-1eb1-4f37-b003-267572525934@group-D40A05E2FCF9-SegmentedRaftLog:OPENED:c-1,f-1,i0, conf=-1: [399079f7-1eb1-4f37-b003-267572525934:192.168.164.241:37762, 7a43c46a-fc88-4b2d-b2da-ae029cfa60ff:192.168.164.241:43684, 6c5c38af-62e6-4ea7-a24a-078dcb28fb39:192.168.164.241:45428], old=null
2019-10-20 18:18:27,694 [399079f7-1eb1-4f37-b003-267572525934@group-D40A05E2FCF9-LeaderElection29] INFO  impl.RaftServerImpl (RaftServerImpl.java:setRole(184)) - 399079f7-1eb1-4f37-b003-267572525934@group-D40A05E2FCF9: changes role from CANDIDATE to FOLLOWER at term 9 for DISCOVERED_A_NEW_TERM
2019-10-20 18:18:27,694 [399079f7-1eb1-4f37-b003-267572525934@group-D40A05E2FCF9-LeaderElection29] INFO  impl.RoleInfo (RoleInfo.java:shutdownLeaderElection(134)) - 399079f7-1eb1-4f37-b003-267572525934: shutdown LeaderElection
2019-10-20 18:18:27,694 [399079f7-1eb1-4f37-b003-267572525934@group-D40A05E2FCF9-LeaderElection29] INFO  impl.RoleInfo (RoleInfo.java:updateAndGet(143)) - 399079f7-1eb1-4f37-b003-267572525934: start FollowerState
2019-10-20 18:18:27,695 [6c5c38af-62e6-4ea7-a24a-078dcb28fb39@group-D40A05E2FCF9-LeaderElection28] INFO  impl.LeaderElection (LeaderElection.java:logAndReturn(56)) - 6c5c38af-62e6-4ea7-a24a-078dcb28fb39@group-D40A05E2FCF9-LeaderElection28: Election REJECTED; received 2 response(s) [6c5c38af-62e6-4ea7-a24a-078dcb28fb39<-399079f7-1eb1-4f37-b003-267572525934#0:FAIL-t9, 6c5c38af-62e6-4ea7-a24a-078dcb28fb39<-7a43c46a-fc88-4b2d-b2da-ae029cfa60ff#0:FAIL-t9] and 0 exception(s); 6c5c38af-62e6-4ea7-a24a-078dcb28fb39@group-D40A05E2FCF9:t9, leader=null, voted=6c5c38af-62e6-4ea7-a24a-078dcb28fb39, raftlog=6c5c38af-62e6-4ea7-a24a-078dcb28fb39@group-D40A05E2FCF9-SegmentedRaftLog:OPENED:c-1,f-1,i0, conf=-1: [399079f7-1eb1-4f37-b003-267572525934:192.168.164.241:37762, 7a43c46a-fc88-4b2d-b2da-ae029cfa60ff:192.168.164.241:43684, 6c5c38af-62e6-4ea7-a24a-078dcb28fb39:192.168.164.241:45428], old=null
2019-10-20 18:18:27,697 [6c5c38af-62e6-4ea7-a24a-078dcb28fb39@group-D40A05E2FCF9-LeaderElection28] INFO  impl.RaftServerImpl (RaftServerImpl.java:setRole(184)) - 6c5c38af-62e6-4ea7-a24a-078dcb28fb39@group-D40A05E2FCF9: changes role from CANDIDATE to FOLLOWER at term 9 for DISCOVERED_A_NEW_TERM
2019-10-20 18:18:27,697 [6c5c38af-62e6-4ea7-a24a-078dcb28fb39@group-D40A05E2FCF9-LeaderElection28] INFO  impl.RoleInfo (RoleInfo.java:shutdownLeaderElection(134)) - 6c5c38af-62e6-4ea7-a24a-078dcb28fb39: shutdown LeaderElection
2019-10-20 18:18:27,697 [6c5c38af-62e6-4ea7-a24a-078dcb28fb39@group-D40A05E2FCF9-LeaderElection28] INFO  impl.RoleInfo (RoleInfo.java:updateAndGet(143)) - 6c5c38af-62e6-4ea7-a24a-078dcb28fb39: start FollowerState
2019-10-20 18:18:27,723 [b75f8b2e-6273-4c97-b7c5-042674931d23@group-F11756C8BA4A-LeaderElection30] INFO  impl.LeaderElection (LeaderElection.java:askForVotes(178)) - b75f8b2e-6273-4c97-b7c5-042674931d23@group-F11756C8BA4A-LeaderElection30: begin an election at term 8 for -1: [6ef27e9c-8ddb-4fa1-8c14-ab102acfb1b8:192.168.164.241:38092, b75f8b2e-6273-4c97-b7c5-042674931d23:192.168.164.241:41857, 3750b3a2-715b-46b3-9d0c-9e38136244b9:192.168.164.241:46227], old=null
2019-10-20 18:18:27,730 [grpc-default-executor-10] INFO  impl.RaftServerImpl (RaftServerImpl.java:setRole(184)) - 3750b3a2-715b-46b3-9d0c-9e38136244b9@group-F11756C8BA4A: changes role from  FOLLOWER to FOLLOWER at term 8 for recognizeCandidate:b75f8b2e-6273-4c97-b7c5-042674931d23
2019-10-20 18:18:27,730 [grpc-default-executor-1] INFO  impl.RaftServerImpl (RaftServerImpl.java:setRole(184)) - 6ef27e9c-8ddb-4fa1-8c14-ab102acfb1b8@group-F11756C8BA4A: changes role from  FOLLOWER to FOLLOWER at term 8 for recognizeCandidate:b75f8b2e-6273-4c97-b7c5-042674931d23
2019-10-20 18:18:27,730 [grpc-default-executor-10] INFO  impl.RoleInfo (RoleInfo.java:shutdownFollowerState(121)) - 3750b3a2-715b-46b3-9d0c-9e38136244b9: shutdown FollowerState
2019-10-20 18:18:27,730 [grpc-default-executor-1] INFO  impl.RoleInfo (RoleInfo.java:shutdownFollowerState(121)) - 6ef27e9c-8ddb-4fa1-8c14-ab102acfb1b8: shutdown FollowerState
2019-10-20 18:18:27,730 [grpc-default-executor-10] INFO  impl.RoleInfo (RoleInfo.java:updateAndGet(143)) - 3750b3a2-715b-46b3-9d0c-9e38136244b9: start FollowerState
2019-10-20 18:18:27,730 [Thread-475] INFO  impl.FollowerState (FollowerState.java:run(117)) - 6ef27e9c-8ddb-4fa1-8c14-ab102acfb1b8@group-F11756C8BA4A-FollowerState was interrupted: java.lang.InterruptedException: sleep interrupted
2019-10-20 18:18:27,730 [grpc-default-executor-1] INFO  impl.RoleInfo (RoleInfo.java:updateAndGet(143)) - 6ef27e9c-8ddb-4fa1-8c14-ab102acfb1b8: start FollowerState
2019-10-20 18:18:27,730 [Thread-474] INFO  impl.FollowerState (FollowerState.java:run(117)) - 3750b3a2-715b-46b3-9d0c-9e38136244b9@group-F11756C8BA4A-FollowerState was interrupted: java.lang.InterruptedException: sleep interrupted
2019-10-20 18:18:27,747 [Thread-500] INFO  impl.FollowerState (FollowerState.java:run(108)) - 6c5c38af-62e6-4ea7-a24a-078dcb28fb39@group-D40A05E2FCF9-FollowerState: change to CANDIDATE, lastRpcTime:49ms, electionTimeout:49ms
2019-10-20 18:18:27,747 [Thread-500] INFO  impl.RoleInfo (RoleInfo.java:shutdownFollowerState(121)) - 6c5c38af-62e6-4ea7-a24a-078dcb28fb39: shutdown FollowerState
2019-10-20 18:18:27,747 [Thread-500] INFO  impl.RaftServerImpl (RaftServerImpl.java:setRole(184)) - 6c5c38af-62e6-4ea7-a24a-078dcb28fb39@group-D40A05E2FCF9: changes role from  FOLLOWER to CANDIDATE at term 9 for changeToCandidate
2019-10-20 18:18:27,748 [Thread-500] INFO  impl.RoleInfo (RoleInfo.java:updateAndGet(143)) - 6c5c38af-62e6-4ea7-a24a-078dcb28fb39: start LeaderElection
2019-10-20 18:18:27,761 [b75f8b2e-6273-4c97-b7c5-042674931d23@group-F11756C8BA4A-LeaderElection30] INFO  impl.LeaderElection (LeaderElection.java:logAndReturn(56)) - b75f8b2e-6273-4c97-b7c5-042674931d23@group-F11756C8BA4A-LeaderElection30: Election REJECTED; received 2 response(s) [b75f8b2e-6273-4c97-b7c5-042674931d23<-6ef27e9c-8ddb-4fa1-8c14-ab102acfb1b8#0:FAIL-t8, b75f8b2e-6273-4c97-b7c5-042674931d23<-3750b3a2-715b-46b3-9d0c-9e38136244b9#0:FAIL-t8] and 0 exception(s); b75f8b2e-6273-4c97-b7c5-042674931d23@group-F11756C8BA4A:t8, leader=null, voted=b75f8b2e-6273-4c97-b7c5-042674931d23, raftlog=b75f8b2e-6273-4c97-b7c5-042674931d23@group-F11756C8BA4A-SegmentedRaftLog:OPENED:c-1,f-1,i0, conf=-1: [6ef27e9c-8ddb-4fa1-8c14-ab102acfb1b8:192.168.164.241:38092, b75f8b2e-6273-4c97-b7c5-042674931d23:192.168.164.241:41857, 3750b3a2-715b-46b3-9d0c-9e38136244b9:192.168.164.241:46227], old=null
2019-10-20 18:18:27,762 [b75f8b2e-6273-4c97-b7c5-042674931d23@group-F11756C8BA4A-LeaderElection30] INFO  impl.RaftServerImpl (RaftServerImpl.java:setRole(184)) - b75f8b2e-6273-4c97-b7c5-042674931d23@group-F11756C8BA4A: changes role from CANDIDATE to FOLLOWER at term 8 for DISCOVERED_A_NEW_TERM
2019-10-20 18:18:27,762 [b75f8b2e-6273-4c97-b7c5-042674931d23@group-F11756C8BA4A-LeaderElection30] INFO  impl.RoleInfo (RoleInfo.java:shutdownLeaderElection(134)) - b75f8b2e-6273-4c97-b7c5-042674931d23: shutdown LeaderElection
2019-10-20 18:18:27,762 [b75f8b2e-6273-4c97-b7c5-042674931d23@group-F11756C8BA4A-LeaderElection30] INFO  impl.RoleInfo (RoleInfo.java:updateAndGet(143)) - b75f8b2e-6273-4c97-b7c5-042674931d23: start FollowerState
2019-10-20 18:18:27,775 [6c5c38af-62e6-4ea7-a24a-078dcb28fb39@group-D40A05E2FCF9-LeaderElection31] INFO  impl.LeaderElection (LeaderElection.java:askForVotes(178)) - 6c5c38af-62e6-4ea7-a24a-078dcb28fb39@group-D40A05E2FCF9-LeaderElection31: begin an election at term 10 for -1: [399079f7-1eb1-4f37-b003-267572525934:192.168.164.241:37762, 7a43c46a-fc88-4b2d-b2da-ae029cfa60ff:192.168.164.241:43684, 6c5c38af-62e6-4ea7-a24a-078dcb28fb39:192.168.164.241:45428], old=null
2019-10-20 18:18:27,782 [grpc-default-executor-10] INFO  impl.RaftServerImpl (RaftServerImpl.java:setRole(184)) - 399079f7-1eb1-4f37-b003-267572525934@group-D40A05E2FCF9: changes role from  FOLLOWER to FOLLOWER at term 10 for recognizeCandidate:6c5c38af-62e6-4ea7-a24a-078dcb28fb39
2019-10-20 18:18:27,782 [grpc-default-executor-10] INFO  impl.RoleInfo (RoleInfo.java:shutdownFollowerState(121)) - 399079f7-1eb1-4f37-b003-267572525934: shutdown FollowerState
2019-10-20 18:18:27,782 [grpc-default-executor-10] INFO  impl.RoleInfo (RoleInfo.java:updateAndGet(143)) - 399079f7-1eb1-4f37-b003-267572525934: start FollowerState
2019-10-20 18:18:27,782 [Thread-499] INFO  impl.FollowerState (FollowerState.java:run(117)) - 399079f7-1eb1-4f37-b003-267572525934@group-D40A05E2FCF9-FollowerState was interrupted: java.lang.InterruptedException: sleep interrupted
2019-10-20 18:18:27,782 [grpc-default-executor-1] INFO  impl.RaftServerImpl (RaftServerImpl.java:setRole(184)) - 7a43c46a-fc88-4b2d-b2da-ae029cfa60ff@group-D40A05E2FCF9: changes role from  FOLLOWER to FOLLOWER at term 10 for recognizeCandidate:6c5c38af-62e6-4ea7-a24a-078dcb28fb39
2019-10-20 18:18:27,782 [grpc-default-executor-1] INFO  impl.RoleInfo (RoleInfo.java:shutdownFollowerState(121)) - 7a43c46a-fc88-4b2d-b2da-ae029cfa60ff: shutdown FollowerState
2019-10-20 18:18:27,783 [grpc-default-executor-1] INFO  impl.RoleInfo (RoleInfo.java:updateAndGet(143)) - 7a43c46a-fc88-4b2d-b2da-ae029cfa60ff: start FollowerState
2019-10-20 18:18:27,783 [Thread-497] INFO  impl.FollowerState (FollowerState.java:run(117)) - 7a43c46a-fc88-4b2d-b2da-ae029cfa60ff@group-D40A05E2FCF9-FollowerState was interrupted: java.lang.InterruptedException: sleep interrupted
2019-10-20 18:18:27,793 [main] INFO  impl.MetricsSystemImpl (MetricsSystemImpl.java:init(158)) - XceiverClientMetrics metrics system started (again)
2019-10-20 18:18:27,794 [main] INFO  lib.Interns (Interns.java:removeEldestEntry(50)) - Metrics intern cache overflow at 2011 for MetricsSystem={MetricsSystem=MetricsInfoImpl{name=MetricsSystem, description=MetricsSystem}, MetricsSystem record=MetricsInfoImpl{name=MetricsSystem, description=MetricsSystem record}}
2019-10-20 18:18:27,810 [Thread-509] INFO  impl.FollowerState (FollowerState.java:run(108)) - 399079f7-1eb1-4f37-b003-267572525934@group-D40A05E2FCF9-FollowerState: change to CANDIDATE, lastRpcTime:27ms, electionTimeout:7ms
2019-10-20 18:18:27,810 [Thread-509] INFO  impl.RoleInfo (RoleInfo.java:shutdownFollowerState(121)) - 399079f7-1eb1-4f37-b003-267572525934: shutdown FollowerState
2019-10-20 18:18:27,810 [Thread-509] INFO  impl.RaftServerImpl (RaftServerImpl.java:setRole(184)) - 399079f7-1eb1-4f37-b003-267572525934@group-D40A05E2FCF9: changes role from  FOLLOWER to CANDIDATE at term 10 for changeToCandidate
2019-10-20 18:18:27,810 [Thread-509] INFO  impl.RoleInfo (RoleInfo.java:updateAndGet(143)) - 399079f7-1eb1-4f37-b003-267572525934: start LeaderElection
2019-10-20 18:18:27,813 [6c5c38af-62e6-4ea7-a24a-078dcb28fb39@group-D40A05E2FCF9-LeaderElection31] INFO  impl.LeaderElection (LeaderElection.java:logAndReturn(56)) - 6c5c38af-62e6-4ea7-a24a-078dcb28fb39@group-D40A05E2FCF9-LeaderElection31: Election PASSED; received 2 response(s) [6c5c38af-62e6-4ea7-a24a-078dcb28fb39<-399079f7-1eb1-4f37-b003-267572525934#0:OK-t10, 6c5c38af-62e6-4ea7-a24a-078dcb28fb39<-7a43c46a-fc88-4b2d-b2da-ae029cfa60ff#0:FAIL-t10] and 0 exception(s); 6c5c38af-62e6-4ea7-a24a-078dcb28fb39@group-D40A05E2FCF9:t10, leader=null, voted=6c5c38af-62e6-4ea7-a24a-078dcb28fb39, raftlog=6c5c38af-62e6-4ea7-a24a-078dcb28fb39@group-D40A05E2FCF9-SegmentedRaftLog:OPENED:c-1,f-1,i0, conf=-1: [399079f7-1eb1-4f37-b003-267572525934:192.168.164.241:37762, 7a43c46a-fc88-4b2d-b2da-ae029cfa60ff:192.168.164.241:43684, 6c5c38af-62e6-4ea7-a24a-078dcb28fb39:192.168.164.241:45428], old=null
2019-10-20 18:18:27,813 [6c5c38af-62e6-4ea7-a24a-078dcb28fb39@group-D40A05E2FCF9-LeaderElection31] INFO  impl.RoleInfo (RoleInfo.java:shutdownLeaderElection(134)) - 6c5c38af-62e6-4ea7-a24a-078dcb28fb39: shutdown LeaderElection
2019-10-20 18:18:27,813 [6c5c38af-62e6-4ea7-a24a-078dcb28fb39@group-D40A05E2FCF9-LeaderElection31] INFO  impl.RaftServerImpl (RaftServerImpl.java:setRole(184)) - 6c5c38af-62e6-4ea7-a24a-078dcb28fb39@group-D40A05E2FCF9: changes role from CANDIDATE to LEADER at term 10 for changeToLeader
2019-10-20 18:18:27,813 [6c5c38af-62e6-4ea7-a24a-078dcb28fb39@group-D40A05E2FCF9-LeaderElection31] INFO  impl.RaftServerImpl (ServerState.java:setLeader(256)) - 6c5c38af-62e6-4ea7-a24a-078dcb28fb39@group-D40A05E2FCF9: change Leader from null to 6c5c38af-62e6-4ea7-a24a-078dcb28fb39 at term 10 for becomeLeader, leader elected after 1688ms
2019-10-20 18:18:27,813 [6c5c38af-62e6-4ea7-a24a-078dcb28fb39@group-D40A05E2FCF9-LeaderElection31] INFO  server.RaftServerConfigKeys (ConfUtils.java:logGet(43)) - raft.server.staging.catchup.gap = 1000 (default)
2019-10-20 18:18:27,813 [6c5c38af-62e6-4ea7-a24a-078dcb28fb39@group-D40A05E2FCF9-LeaderElection31] INFO  server.RaftServerConfigKeys (ConfUtils.java:logGet(43)) - raft.server.rpc.sleep.time = 25ms (default)
2019-10-20 18:18:27,813 [6c5c38af-62e6-4ea7-a24a-078dcb28fb39@group-D40A05E2FCF9-LeaderElection31] INFO  server.RaftServerConfigKeys (ConfUtils.java:logGet(43)) - raft.server.write.element-limit = 4096 (default)
2019-10-20 18:18:27,813 [6c5c38af-62e6-4ea7-a24a-078dcb28fb39@group-D40A05E2FCF9-LeaderElection31] INFO  server.RaftServerConfigKeys (ConfUtils.java:logGet(43)) - raft.server.watch.timeout = 10s (default)
2019-10-20 18:18:27,813 [6c5c38af-62e6-4ea7-a24a-078dcb28fb39@group-D40A05E2FCF9-LeaderElection31] INFO  server.RaftServerConfigKeys (ConfUtils.java:logGet(43)) - raft.server.watch.timeout.denomination = 1s (default)
2019-10-20 18:18:27,814 [6c5c38af-62e6-4ea7-a24a-078dcb28fb39@group-D40A05E2FCF9-LeaderElection31] INFO  server.RaftServerConfigKeys (ConfUtils.java:logGet(43)) - raft.server.watch.element-limit = 65536 (default)
2019-10-20 18:18:27,816 [6c5c38af-62e6-4ea7-a24a-078dcb28fb39@group-D40A05E2FCF9-LeaderElection31] INFO  server.RaftServerConfigKeys (ConfUtils.java:logGet(43)) - raft.server.log.appender.snapshot.chunk.size.max = 16MB (=16777216) (default)
2019-10-20 18:18:27,816 [6c5c38af-62e6-4ea7-a24a-078dcb28fb39@group-D40A05E2FCF9-LeaderElection31] INFO  server.RaftServerConfigKeys (ConfUtils.java:logGet(43)) - raft.server.log.appender.buffer.byte-limit = 33554432 (custom)
2019-10-20 18:18:27,816 [6c5c38af-62e6-4ea7-a24a-078dcb28fb39@group-D40A05E2FCF9-LeaderElection31] INFO  server.RaftServerConfigKeys (ConfUtils.java:logGet(43)) - raft.server.log.appender.buffer.element-limit = 1 (custom)
2019-10-20 18:18:27,816 [6c5c38af-62e6-4ea7-a24a-078dcb28fb39@group-D40A05E2FCF9-LeaderElection31] INFO  grpc.GrpcConfigKeys$Server (ConfUtils.java:logGet(43)) - raft.grpc.server.leader.outstanding.appends.max = 128 (default)
2019-10-20 18:18:27,816 [6c5c38af-62e6-4ea7-a24a-078dcb28fb39@group-D40A05E2FCF9-LeaderElection31] INFO  server.RaftServerConfigKeys (ConfUtils.java:logGet(43)) - raft.server.rpc.request.timeout = 3000ms (default)
2019-10-20 18:18:27,816 [6c5c38af-62e6-4ea7-a24a-078dcb28fb39@group-D40A05E2FCF9-LeaderElection31] INFO  server.RaftServerConfigKeys (ConfUtils.java:logGet(43)) - raft.server.log.appender.install.snapshot.enabled = false (custom)
2019-10-20 18:18:27,818 [6c5c38af-62e6-4ea7-a24a-078dcb28fb39@group-D40A05E2FCF9-LeaderElection31] INFO  server.RaftServerConfigKeys (ConfUtils.java:logGet(43)) - raft.server.log.appender.snapshot.chunk.size.max = 16MB (=16777216) (default)
2019-10-20 18:18:27,818 [6c5c38af-62e6-4ea7-a24a-078dcb28fb39@group-D40A05E2FCF9-LeaderElection31] INFO  server.RaftServerConfigKeys (ConfUtils.java:logGet(43)) - raft.server.log.appender.buffer.byte-limit = 33554432 (custom)
2019-10-20 18:18:27,818 [6c5c38af-62e6-4ea7-a24a-078dcb28fb39@group-D40A05E2FCF9-LeaderElection31] INFO  server.RaftServerConfigKeys (ConfUtils.java:logGet(43)) - raft.server.log.appender.buffer.element-limit = 1 (custom)
2019-10-20 18:18:27,818 [6c5c38af-62e6-4ea7-a24a-078dcb28fb39@group-D40A05E2FCF9-LeaderElection31] INFO  grpc.GrpcConfigKeys$Server (ConfUtils.java:logGet(43)) - raft.grpc.server.leader.outstanding.appends.max = 128 (default)
2019-10-20 18:18:27,818 [6c5c38af-62e6-4ea7-a24a-078dcb28fb39@group-D40A05E2FCF9-LeaderElection31] INFO  server.RaftServerConfigKeys (ConfUtils.java:logGet(43)) - raft.server.rpc.request.timeout = 3000ms (default)
2019-10-20 18:18:27,818 [6c5c38af-62e6-4ea7-a24a-078dcb28fb39@group-D40A05E2FCF9-LeaderElection31] INFO  server.RaftServerConfigKeys (ConfUtils.java:logGet(43)) - raft.server.log.appender.install.snapshot.enabled = false (custom)
2019-10-20 18:18:27,820 [6c5c38af-62e6-4ea7-a24a-078dcb28fb39@group-D40A05E2FCF9-LeaderElection31] INFO  impl.RoleInfo (RoleInfo.java:updateAndGet(143)) - 6c5c38af-62e6-4ea7-a24a-078dcb28fb39: start LeaderState
2019-10-20 18:18:27,820 [6c5c38af-62e6-4ea7-a24a-078dcb28fb39@group-D40A05E2FCF9-LeaderElection31] INFO  segmented.SegmentedRaftLogWorker (SegmentedRaftLogWorker.java:startLogSegment(385)) - 6c5c38af-62e6-4ea7-a24a-078dcb28fb39@group-D40A05E2FCF9-SegmentedRaftLogWorker: Starting segment from index:0
2019-10-20 18:18:27,821 [6c5c38af-62e6-4ea7-a24a-078dcb28fb39@group-D40A05E2FCF9-LeaderElection31] INFO  impl.RaftServerImpl (ServerState.java:setRaftConf(357)) - 6c5c38af-62e6-4ea7-a24a-078dcb28fb39@group-D40A05E2FCF9: set configuration 0: [399079f7-1eb1-4f37-b003-267572525934:192.168.164.241:37762, 7a43c46a-fc88-4b2d-b2da-ae029cfa60ff:192.168.164.241:43684, 6c5c38af-62e6-4ea7-a24a-078dcb28fb39:192.168.164.241:45428], old=null at 0
2019-10-20 18:18:27,858 [Thread-506] INFO  impl.FollowerState (FollowerState.java:run(108)) - b75f8b2e-6273-4c97-b7c5-042674931d23@group-F11756C8BA4A-FollowerState: change to CANDIDATE, lastRpcTime:95ms, electionTimeout:87ms
2019-10-20 18:18:27,860 [399079f7-1eb1-4f37-b003-267572525934@group-D40A05E2FCF9-LeaderElection32] INFO  impl.LeaderElection (LeaderElection.java:askForVotes(178)) - 399079f7-1eb1-4f37-b003-267572525934@group-D40A05E2FCF9-LeaderElection32: begin an election at term 11 for -1: [399079f7-1eb1-4f37-b003-267572525934:192.168.164.241:37762, 7a43c46a-fc88-4b2d-b2da-ae029cfa60ff:192.168.164.241:43684, 6c5c38af-62e6-4ea7-a24a-078dcb28fb39:192.168.164.241:45428], old=null
2019-10-20 18:18:27,860 [Thread-506] INFO  impl.RoleInfo (RoleInfo.java:shutdownFollowerState(121)) - b75f8b2e-6273-4c97-b7c5-042674931d23: shutdown FollowerState
2019-10-20 18:18:27,860 [Thread-506] INFO  impl.RaftServerImpl (RaftServerImpl.java:setRole(184)) - b75f8b2e-6273-4c97-b7c5-042674931d23@group-F11756C8BA4A: changes role from  FOLLOWER to CANDIDATE at term 8 for changeToCandidate
2019-10-20 18:18:27,860 [Thread-506] INFO  impl.RoleInfo (RoleInfo.java:updateAndGet(143)) - b75f8b2e-6273-4c97-b7c5-042674931d23: start LeaderElection
2019-10-20 18:18:27,862 [grpc-default-executor-10] INFO  impl.RaftServerImpl (ServerState.java:setLeader(256)) - 7a43c46a-fc88-4b2d-b2da-ae029cfa60ff@group-D40A05E2FCF9: change Leader from null to 6c5c38af-62e6-4ea7-a24a-078dcb28fb39 at term 10 for appendEntries, leader elected after 415ms
2019-10-20 18:18:27,863 [grpc-default-executor-1] INFO  impl.RaftServerImpl (ServerState.java:setLeader(256)) - 7a43c46a-fc88-4b2d-b2da-ae029cfa60ff@group-D40A05E2FCF9: change Leader from 6c5c38af-62e6-4ea7-a24a-078dcb28fb39 to null at term 11 for updateCurrentTerm
2019-10-20 18:18:27,863 [grpc-default-executor-10] INFO  impl.RaftServerImpl (ServerState.java:setLeader(256)) - 6c5c38af-62e6-4ea7-a24a-078dcb28fb39@group-D40A05E2FCF9: change Leader from 6c5c38af-62e6-4ea7-a24a-078dcb28fb39 to null at term 11 for updateCurrentTerm
2019-10-20 18:18:27,863 [grpc-default-executor-1] INFO  impl.RaftServerImpl (RaftServerImpl.java:setRole(184)) - 7a43c46a-fc88-4b2d-b2da-ae029cfa60ff@group-D40A05E2FCF9: changes role from  FOLLOWER to FOLLOWER at term 11 for recognizeCandidate:399079f7-1eb1-4f37-b003-267572525934
2019-10-20 18:18:27,863 [grpc-default-executor-10] INFO  impl.RaftServerImpl (RaftServerImpl.java:setRole(184)) - 6c5c38af-62e6-4ea7-a24a-078dcb28fb39@group-D40A05E2FCF9: changes role from    LEADER to FOLLOWER at term 11 for recognizeCandidate:399079f7-1eb1-4f37-b003-267572525934
2019-10-20 18:18:27,863 [grpc-default-executor-1] INFO  impl.RoleInfo (RoleInfo.java:shutdownFollowerState(121)) - 7a43c46a-fc88-4b2d-b2da-ae029cfa60ff: shutdown FollowerState
2019-10-20 18:18:27,863 [grpc-default-executor-10] INFO  impl.RoleInfo (RoleInfo.java:shutdownLeaderState(104)) - 6c5c38af-62e6-4ea7-a24a-078dcb28fb39: shutdown LeaderState
2019-10-20 18:18:27,864 [Thread-510] INFO  impl.FollowerState (FollowerState.java:run(117)) - 7a43c46a-fc88-4b2d-b2da-ae029cfa60ff@group-D40A05E2FCF9-FollowerState was interrupted: java.lang.InterruptedException: sleep interrupted
2019-10-20 18:18:27,867 [org.apache.ratis.server.impl.LogAppender$AppenderDaemon$$Lambda$478/427253036@2af0b8db] WARN  server.GrpcLogAppender (GrpcLogAppender.java:mayWait(149)) - 6c5c38af-62e6-4ea7-a24a-078dcb28fb39@group-D40A05E2FCF9->399079f7-1eb1-4f37-b003-267572525934-GrpcLogAppender: Wait interrupted by java.lang.InterruptedException
2019-10-20 18:18:27,864 [grpc-default-executor-1] INFO  impl.RoleInfo (RoleInfo.java:updateAndGet(143)) - 7a43c46a-fc88-4b2d-b2da-ae029cfa60ff: start FollowerState
2019-10-20 18:18:27,867 [grpc-default-executor-10] INFO  impl.PendingRequests (PendingRequests.java:sendNotLeaderResponses(202)) - 6c5c38af-62e6-4ea7-a24a-078dcb28fb39@group-D40A05E2FCF9-PendingRequests: sendNotLeaderResponses
2019-10-20 18:18:27,868 [org.apache.ratis.server.impl.LogAppender$AppenderDaemon$$Lambda$478/427253036@1b109597] WARN  server.GrpcLogAppender (GrpcLogAppender.java:mayWait(149)) - 6c5c38af-62e6-4ea7-a24a-078dcb28fb39@group-D40A05E2FCF9->7a43c46a-fc88-4b2d-b2da-ae029cfa60ff-GrpcLogAppender: Wait interrupted by java.lang.InterruptedException
2019-10-20 18:18:27,868 [grpc-default-executor-10] INFO  impl.RoleInfo (RoleInfo.java:updateAndGet(143)) - 6c5c38af-62e6-4ea7-a24a-078dcb28fb39: start FollowerState
2019-10-20 18:18:27,868 [grpc-default-executor-7] INFO  server.GrpcServerProtocolService (GrpcServerProtocolService.java:onCompleted(113)) - 399079f7-1eb1-4f37-b003-267572525934: Completed APPEND_ENTRIES, lastRequest: 6c5c38af-62e6-4ea7-a24a-078dcb28fb39->399079f7-1eb1-4f37-b003-267572525934#0-t10, previous=(t:0, i:0), leaderCommit=-1, initializing? false, entries: <empty>
2019-10-20 18:18:27,868 [grpc-default-executor-7] INFO  server.GrpcServerProtocolService (GrpcServerProtocolService.java:onCompleted(113)) - 7a43c46a-fc88-4b2d-b2da-ae029cfa60ff: Completed APPEND_ENTRIES, lastRequest: 6c5c38af-62e6-4ea7-a24a-078dcb28fb39->7a43c46a-fc88-4b2d-b2da-ae029cfa60ff#0-t10, previous=(t:0, i:0), leaderCommit=-1, initializing? false, entries: <empty>
2019-10-20 18:18:27,869 [grpc-default-executor-7] INFO  server.GrpcLogAppender (GrpcLogAppender.java:onCompleted(308)) - 6c5c38af-62e6-4ea7-a24a-078dcb28fb39@group-D40A05E2FCF9->7a43c46a-fc88-4b2d-b2da-ae029cfa60ff-AppendLogResponseHandler: follower responses appendEntries COMPLETED
2019-10-20 18:18:27,873 [grpc-default-executor-7] INFO  impl.FollowerInfo (FollowerInfo.java:lambda$new$0(51)) - 6c5c38af-62e6-4ea7-a24a-078dcb28fb39@group-D40A05E2FCF9->7a43c46a-fc88-4b2d-b2da-ae029cfa60ff: nextIndex: updateUnconditionally 1 -> 0
2019-10-20 18:18:27,885 [6c5c38af-62e6-4ea7-a24a-078dcb28fb39@group-D40A05E2FCF9-SegmentedRaftLogWorker] INFO  segmented.SegmentedRaftLogWorker (SegmentedRaftLogWorker.java:execute(576)) - 6c5c38af-62e6-4ea7-a24a-078dcb28fb39@group-D40A05E2FCF9-SegmentedRaftLogWorker: created new log segment /workdir/hadoop-ozone/integration-test/target/test-dir/MiniOzoneClusterImpl-3ef3c7a0-fafa-4375-a23c-18b63a3f56e7/datanode-3/data/ratis/f057958d-0f40-4af6-8dbf-d40a05e2fcf9/current/log_inprogress_0
2019-10-20 18:18:27,885 [b75f8b2e-6273-4c97-b7c5-042674931d23@group-F11756C8BA4A-LeaderElection33] INFO  impl.LeaderElection (LeaderElection.java:askForVotes(178)) - b75f8b2e-6273-4c97-b7c5-042674931d23@group-F11756C8BA4A-LeaderElection33: begin an election at term 9 for -1: [6ef27e9c-8ddb-4fa1-8c14-ab102acfb1b8:192.168.164.241:38092, b75f8b2e-6273-4c97-b7c5-042674931d23:192.168.164.241:41857, 3750b3a2-715b-46b3-9d0c-9e38136244b9:192.168.164.241:46227], old=null
2019-10-20 18:18:27,886 [grpc-default-executor-3] INFO  server.GrpcLogAppender (GrpcLogAppender.java:onCompleted(308)) - 6c5c38af-62e6-4ea7-a24a-078dcb28fb39@group-D40A05E2FCF9->399079f7-1eb1-4f37-b003-267572525934-AppendLogResponseHandler: follower responses appendEntries COMPLETED
2019-10-20 18:18:27,890 [399079f7-1eb1-4f37-b003-267572525934@group-D40A05E2FCF9-LeaderElection32] INFO  impl.LeaderElection (LeaderElection.java:logAndReturn(56)) - 399079f7-1eb1-4f37-b003-267572525934@group-D40A05E2FCF9-LeaderElection32: Election REJECTED; received 2 response(s) [399079f7-1eb1-4f37-b003-267572525934<-7a43c46a-fc88-4b2d-b2da-ae029cfa60ff#0:FAIL-t11, 399079f7-1eb1-4f37-b003-267572525934<-6c5c38af-62e6-4ea7-a24a-078dcb28fb39#0:FAIL-t11] and 0 exception(s); 399079f7-1eb1-4f37-b003-267572525934@group-D40A05E2FCF9:t11, leader=null, voted=399079f7-1eb1-4f37-b003-267572525934, raftlog=399079f7-1eb1-4f37-b003-267572525934@group-D40A05E2FCF9-SegmentedRaftLog:OPENED:c-1,f-1,i0, conf=-1: [399079f7-1eb1-4f37-b003-267572525934:192.168.164.241:37762, 7a43c46a-fc88-4b2d-b2da-ae029cfa60ff:192.168.164.241:43684, 6c5c38af-62e6-4ea7-a24a-078dcb28fb39:192.168.164.241:45428], old=null
2019-10-20 18:18:27,890 [399079f7-1eb1-4f37-b003-267572525934@group-D40A05E2FCF9-LeaderElection32] INFO  impl.RaftServerImpl (RaftServerImpl.java:setRole(184)) - 399079f7-1eb1-4f37-b003-267572525934@group-D40A05E2FCF9: changes role from CANDIDATE to FOLLOWER at term 11 for DISCOVERED_A_NEW_TERM
2019-10-20 18:18:27,890 [399079f7-1eb1-4f37-b003-267572525934@group-D40A05E2FCF9-LeaderElection32] INFO  impl.RoleInfo (RoleInfo.java:shutdownLeaderElection(134)) - 399079f7-1eb1-4f37-b003-267572525934: shutdown LeaderElection
2019-10-20 18:18:27,890 [grpc-default-executor-3] INFO  impl.FollowerInfo (FollowerInfo.java:lambda$new$0(51)) - 6c5c38af-62e6-4ea7-a24a-078dcb28fb39@group-D40A05E2FCF9->399079f7-1eb1-4f37-b003-267572525934: nextIndex: updateUnconditionally 0 -> 0
2019-10-20 18:18:27,892 [399079f7-1eb1-4f37-b003-267572525934@group-D40A05E2FCF9-LeaderElection32] INFO  impl.RoleInfo (RoleInfo.java:updateAndGet(143)) - 399079f7-1eb1-4f37-b003-267572525934: start FollowerState
2019-10-20 18:18:27,893 [grpc-default-executor-10] INFO  impl.RaftServerImpl (RaftServerImpl.java:setRole(184)) - 6ef27e9c-8ddb-4fa1-8c14-ab102acfb1b8@group-F11756C8BA4A: changes role from  FOLLOWER to FOLLOWER at term 9 for recognizeCandidate:b75f8b2e-6273-4c97-b7c5-042674931d23
2019-10-20 18:18:27,893 [grpc-default-executor-3] INFO  impl.RaftServerImpl (RaftServerImpl.java:setRole(184)) - 3750b3a2-715b-46b3-9d0c-9e38136244b9@group-F11756C8BA4A: changes role from  FOLLOWER to FOLLOWER at term 9 for recognizeCandidate:b75f8b2e-6273-4c97-b7c5-042674931d23
2019-10-20 18:18:27,893 [grpc-default-executor-10] INFO  impl.RoleInfo (RoleInfo.java:shutdownFollowerState(121)) - 6ef27e9c-8ddb-4fa1-8c14-ab102acfb1b8: shutdown FollowerState
2019-10-20 18:18:27,893 [grpc-default-executor-3] INFO  impl.RoleInfo (RoleInfo.java:shutdownFollowerState(121)) - 3750b3a2-715b-46b3-9d0c-9e38136244b9: shutdown FollowerState
2019-10-20 18:18:27,894 [Thread-504] INFO  impl.FollowerState (FollowerState.java:run(117)) - 6ef27e9c-8ddb-4fa1-8c14-ab102acfb1b8@group-F11756C8BA4A-FollowerState was interrupted: java.lang.InterruptedException: sleep interrupted
2019-10-20 18:18:27,894 [grpc-default-executor-3] INFO  impl.RoleInfo (RoleInfo.java:updateAndGet(143)) - 3750b3a2-715b-46b3-9d0c-9e38136244b9: start FollowerState
2019-10-20 18:18:27,894 [grpc-default-executor-10] INFO  impl.RoleInfo (RoleInfo.java:updateAndGet(143)) - 6ef27e9c-8ddb-4fa1-8c14-ab102acfb1b8: start FollowerState
2019-10-20 18:18:27,894 [Thread-503] INFO  impl.FollowerState (FollowerState.java:run(117)) - 3750b3a2-715b-46b3-9d0c-9e38136244b9@group-F11756C8BA4A-FollowerState was interrupted: java.lang.InterruptedException: sleep interrupted
2019-10-20 18:18:27,913 [b75f8b2e-6273-4c97-b7c5-042674931d23@group-F11756C8BA4A-LeaderElection33] INFO  impl.LeaderElection (LeaderElection.java:logAndReturn(56)) - b75f8b2e-6273-4c97-b7c5-042674931d23@group-F11756C8BA4A-LeaderElection33: Election REJECTED; received 2 response(s) [b75f8b2e-6273-4c97-b7c5-042674931d23<-6ef27e9c-8ddb-4fa1-8c14-ab102acfb1b8#0:FAIL-t9, b75f8b2e-6273-4c97-b7c5-042674931d23<-3750b3a2-715b-46b3-9d0c-9e38136244b9#0:FAIL-t9] and 0 exception(s); b75f8b2e-6273-4c97-b7c5-042674931d23@group-F11756C8BA4A:t9, leader=null, voted=b75f8b2e-6273-4c97-b7c5-042674931d23, raftlog=b75f8b2e-6273-4c97-b7c5-042674931d23@group-F11756C8BA4A-SegmentedRaftLog:OPENED:c-1,f-1,i0, conf=-1: [6ef27e9c-8ddb-4fa1-8c14-ab102acfb1b8:192.168.164.241:38092, b75f8b2e-6273-4c97-b7c5-042674931d23:192.168.164.241:41857, 3750b3a2-715b-46b3-9d0c-9e38136244b9:192.168.164.241:46227], old=null
2019-10-20 18:18:27,913 [b75f8b2e-6273-4c97-b7c5-042674931d23@group-F11756C8BA4A-LeaderElection33] INFO  impl.RaftServerImpl (RaftServerImpl.java:setRole(184)) - b75f8b2e-6273-4c97-b7c5-042674931d23@group-F11756C8BA4A: changes role from CANDIDATE to FOLLOWER at term 9 for DISCOVERED_A_NEW_TERM
2019-10-20 18:18:27,913 [b75f8b2e-6273-4c97-b7c5-042674931d23@group-F11756C8BA4A-LeaderElection33] INFO  impl.RoleInfo (RoleInfo.java:shutdownLeaderElection(134)) - b75f8b2e-6273-4c97-b7c5-042674931d23: shutdown LeaderElection
2019-10-20 18:18:27,914 [b75f8b2e-6273-4c97-b7c5-042674931d23@group-F11756C8BA4A-LeaderElection33] INFO  impl.RoleInfo (RoleInfo.java:updateAndGet(143)) - b75f8b2e-6273-4c97-b7c5-042674931d23: start FollowerState
2019-10-20 18:18:28,079 [Thread-528] INFO  impl.FollowerState (FollowerState.java:run(108)) - b75f8b2e-6273-4c97-b7c5-042674931d23@group-F11756C8BA4A-FollowerState: change to CANDIDATE, lastRpcTime:165ms, electionTimeout:165ms
2019-10-20 18:18:28,083 [Thread-528] INFO  impl.RoleInfo (RoleInfo.java:shutdownFollowerState(121)) - b75f8b2e-6273-4c97-b7c5-042674931d23: shutdown FollowerState
2019-10-20 18:18:28,083 [Thread-528] INFO  impl.RaftServerImpl (RaftServerImpl.java:setRole(184)) - b75f8b2e-6273-4c97-b7c5-042674931d23@group-F11756C8BA4A: changes role from  FOLLOWER to CANDIDATE at term 9 for changeToCandidate
2019-10-20 18:18:28,083 [Thread-528] INFO  impl.RoleInfo (RoleInfo.java:updateAndGet(143)) - b75f8b2e-6273-4c97-b7c5-042674931d23: start LeaderElection
2019-10-20 18:18:28,086 [Thread-525] INFO  impl.FollowerState (FollowerState.java:run(108)) - 399079f7-1eb1-4f37-b003-267572525934@group-D40A05E2FCF9-FollowerState: change to CANDIDATE, lastRpcTime:193ms, electionTimeout:193ms
2019-10-20 18:18:28,086 [Thread-525] INFO  impl.RoleInfo (RoleInfo.java:shutdownFollowerState(121)) - 399079f7-1eb1-4f37-b003-267572525934: shutdown FollowerState
2019-10-20 18:18:28,086 [Thread-525] INFO  impl.RaftServerImpl (RaftServerImpl.java:setRole(184)) - 399079f7-1eb1-4f37-b003-267572525934@group-D40A05E2FCF9: changes role from  FOLLOWER to CANDIDATE at term 11 for changeToCandidate
2019-10-20 18:18:28,086 [Thread-525] INFO  impl.RoleInfo (RoleInfo.java:updateAndGet(143)) - 399079f7-1eb1-4f37-b003-267572525934: start LeaderElection
2019-10-20 18:18:28,112 [b75f8b2e-6273-4c97-b7c5-042674931d23@group-F11756C8BA4A-LeaderElection34] INFO  impl.LeaderElection (LeaderElection.java:askForVotes(178)) - b75f8b2e-6273-4c97-b7c5-042674931d23@group-F11756C8BA4A-LeaderElection34: begin an election at term 10 for -1: [6ef27e9c-8ddb-4fa1-8c14-ab102acfb1b8:192.168.164.241:38092, b75f8b2e-6273-4c97-b7c5-042674931d23:192.168.164.241:41857, 3750b3a2-715b-46b3-9d0c-9e38136244b9:192.168.164.241:46227], old=null
2019-10-20 18:18:28,112 [399079f7-1eb1-4f37-b003-267572525934@group-D40A05E2FCF9-LeaderElection35] INFO  impl.LeaderElection (LeaderElection.java:askForVotes(178)) - 399079f7-1eb1-4f37-b003-267572525934@group-D40A05E2FCF9-LeaderElection35: begin an election at term 12 for -1: [399079f7-1eb1-4f37-b003-267572525934:192.168.164.241:37762, 7a43c46a-fc88-4b2d-b2da-ae029cfa60ff:192.168.164.241:43684, 6c5c38af-62e6-4ea7-a24a-078dcb28fb39:192.168.164.241:45428], old=null
2019-10-20 18:18:28,116 [grpc-default-executor-10] INFO  impl.RaftServerImpl (RaftServerImpl.java:setRole(184)) - 6ef27e9c-8ddb-4fa1-8c14-ab102acfb1b8@group-F11756C8BA4A: changes role from  FOLLOWER to FOLLOWER at term 10 for recognizeCandidate:b75f8b2e-6273-4c97-b7c5-042674931d23
2019-10-20 18:18:28,116 [grpc-default-executor-1] INFO  impl.RaftServerImpl (RaftServerImpl.java:setRole(184)) - 3750b3a2-715b-46b3-9d0c-9e38136244b9@group-F11756C8BA4A: changes role from  FOLLOWER to FOLLOWER at term 10 for recognizeCandidate:b75f8b2e-6273-4c97-b7c5-042674931d23
2019-10-20 18:18:28,116 [grpc-default-executor-3] INFO  impl.RaftServerImpl (RaftServerImpl.java:setRole(184)) - 7a43c46a-fc88-4b2d-b2da-ae029cfa60ff@group-D40A05E2FCF9: changes role from  FOLLOWER to FOLLOWER at term 12 for recognizeCandidate:399079f7-1eb1-4f37-b003-267572525934
2019-10-20 18:18:28,116 [grpc-default-executor-10] INFO  impl.RoleInfo (RoleInfo.java:shutdownFollowerState(121)) - 6ef27e9c-8ddb-4fa1-8c14-ab102acfb1b8: shutdown FollowerState
2019-10-20 18:18:28,117 [grpc-default-executor-7] INFO  impl.RaftServerImpl (RaftServerImpl.java:setRole(184)) - 6c5c38af-62e6-4ea7-a24a-078dcb28fb39@group-D40A05E2FCF9: changes role from  FOLLOWER to FOLLOWER at term 12 for recognizeCandidate:399079f7-1eb1-4f37-b003-267572525934
2019-10-20 18:18:28,117 [grpc-default-executor-3] INFO  impl.RoleInfo (RoleInfo.java:shutdownFollowerState(121)) - 7a43c46a-fc88-4b2d-b2da-ae029cfa60ff: shutdown FollowerState
2019-10-20 18:18:28,116 [grpc-default-executor-1] INFO  impl.RoleInfo (RoleInfo.java:shutdownFollowerState(121)) - 3750b3a2-715b-46b3-9d0c-9e38136244b9: shutdown FollowerState
2019-10-20 18:18:28,117 [Thread-521] INFO  impl.FollowerState (FollowerState.java:run(117)) - 7a43c46a-fc88-4b2d-b2da-ae029cfa60ff@group-D40A05E2FCF9-FollowerState was interrupted: java.lang.InterruptedException: sleep interrupted
2019-10-20 18:18:28,117 [grpc-default-executor-3] INFO  impl.RoleInfo (RoleInfo.java:updateAndGet(143)) - 7a43c46a-fc88-4b2d-b2da-ae029cfa60ff: start FollowerState
2019-10-20 18:18:28,117 [grpc-default-executor-7] INFO  impl.RoleInfo (RoleInfo.java:shutdownFollowerState(121)) - 6c5c38af-62e6-4ea7-a24a-078dcb28fb39: shutdown FollowerState
2019-10-20 18:18:28,117 [grpc-default-executor-10] INFO  impl.RoleInfo (RoleInfo.java:updateAndGet(143)) - 6ef27e9c-8ddb-4fa1-8c14-ab102acfb1b8: start FollowerState
2019-10-20 18:18:28,117 [Thread-526] INFO  impl.FollowerState (FollowerState.java:run(117)) - 6ef27e9c-8ddb-4fa1-8c14-ab102acfb1b8@group-F11756C8BA4A-FollowerState was interrupted: java.lang.InterruptedException: sleep interrupted
2019-10-20 18:18:28,118 [Thread-522] INFO  impl.FollowerState (FollowerState.java:run(117)) - 6c5c38af-62e6-4ea7-a24a-078dcb28fb39@group-D40A05E2FCF9-FollowerState was interrupted: java.lang.InterruptedException: sleep interrupted
2019-10-20 18:18:28,118 [grpc-default-executor-7] INFO  impl.RoleInfo (RoleInfo.java:updateAndGet(143)) - 6c5c38af-62e6-4ea7-a24a-078dcb28fb39: start FollowerState
2019-10-20 18:18:28,117 [Thread-527] INFO  impl.FollowerState (FollowerState.java:run(117)) - 3750b3a2-715b-46b3-9d0c-9e38136244b9@group-F11756C8BA4A-FollowerState was interrupted: java.lang.InterruptedException: sleep interrupted
2019-10-20 18:18:28,117 [grpc-default-executor-1] INFO  impl.RoleInfo (RoleInfo.java:updateAndGet(143)) - 3750b3a2-715b-46b3-9d0c-9e38136244b9: start FollowerState
2019-10-20 18:18:28,149 [399079f7-1eb1-4f37-b003-267572525934@group-D40A05E2FCF9-LeaderElection35] INFO  impl.LeaderElection (LeaderElection.java:logAndReturn(56)) - 399079f7-1eb1-4f37-b003-267572525934@group-D40A05E2FCF9-LeaderElection35: Election REJECTED; received 2 response(s) [399079f7-1eb1-4f37-b003-267572525934<-7a43c46a-fc88-4b2d-b2da-ae029cfa60ff#0:FAIL-t12, 399079f7-1eb1-4f37-b003-267572525934<-6c5c38af-62e6-4ea7-a24a-078dcb28fb39#0:FAIL-t12] and 0 exception(s); 399079f7-1eb1-4f37-b003-267572525934@group-D40A05E2FCF9:t12, leader=null, voted=399079f7-1eb1-4f37-b003-267572525934, raftlog=399079f7-1eb1-4f37-b003-267572525934@group-D40A05E2FCF9-SegmentedRaftLog:OPENED:c-1,f-1,i0, conf=-1: [399079f7-1eb1-4f37-b003-267572525934:192.168.164.241:37762, 7a43c46a-fc88-4b2d-b2da-ae029cfa60ff:192.168.164.241:43684, 6c5c38af-62e6-4ea7-a24a-078dcb28fb39:192.168.164.241:45428], old=null
2019-10-20 18:18:28,149 [b75f8b2e-6273-4c97-b7c5-042674931d23@group-F11756C8BA4A-LeaderElection34] INFO  impl.LeaderElection (LeaderElection.java:logAndReturn(56)) - b75f8b2e-6273-4c97-b7c5-042674931d23@group-F11756C8BA4A-LeaderElection34: Election REJECTED; received 2 response(s) [b75f8b2e-6273-4c97-b7c5-042674931d23<-6ef27e9c-8ddb-4fa1-8c14-ab102acfb1b8#0:FAIL-t10, b75f8b2e-6273-4c97-b7c5-042674931d23<-3750b3a2-715b-46b3-9d0c-9e38136244b9#0:FAIL-t10] and 0 exception(s); b75f8b2e-6273-4c97-b7c5-042674931d23@group-F11756C8BA4A:t10, leader=null, voted=b75f8b2e-6273-4c97-b7c5-042674931d23, raftlog=b75f8b2e-6273-4c97-b7c5-042674931d23@group-F11756C8BA4A-SegmentedRaftLog:OPENED:c-1,f-1,i0, conf=-1: [6ef27e9c-8ddb-4fa1-8c14-ab102acfb1b8:192.168.164.241:38092, b75f8b2e-6273-4c97-b7c5-042674931d23:192.168.164.241:41857, 3750b3a2-715b-46b3-9d0c-9e38136244b9:192.168.164.241:46227], old=null
2019-10-20 18:18:28,149 [399079f7-1eb1-4f37-b003-267572525934@group-D40A05E2FCF9-LeaderElection35] INFO  impl.RaftServerImpl (RaftServerImpl.java:setRole(184)) - 399079f7-1eb1-4f37-b003-267572525934@group-D40A05E2FCF9: changes role from CANDIDATE to FOLLOWER at term 12 for DISCOVERED_A_NEW_TERM
2019-10-20 18:18:28,152 [b75f8b2e-6273-4c97-b7c5-042674931d23@group-F11756C8BA4A-LeaderElection34] INFO  impl.RaftServerImpl (RaftServerImpl.java:setRole(184)) - b75f8b2e-6273-4c97-b7c5-042674931d23@group-F11756C8BA4A: changes role from CANDIDATE to FOLLOWER at term 10 for DISCOVERED_A_NEW_TERM
2019-10-20 18:18:28,153 [399079f7-1eb1-4f37-b003-267572525934@group-D40A05E2FCF9-LeaderElection35] INFO  impl.RoleInfo (RoleInfo.java:shutdownLeaderElection(134)) - 399079f7-1eb1-4f37-b003-267572525934: shutdown LeaderElection
2019-10-20 18:18:28,161 [b75f8b2e-6273-4c97-b7c5-042674931d23@group-F11756C8BA4A-LeaderElection34] INFO  impl.RoleInfo (RoleInfo.java:shutdownLeaderElection(134)) - b75f8b2e-6273-4c97-b7c5-042674931d23: shutdown LeaderElection
2019-10-20 18:18:28,162 [399079f7-1eb1-4f37-b003-267572525934@group-D40A05E2FCF9-LeaderElection35] INFO  impl.RoleInfo (RoleInfo.java:updateAndGet(143)) - 399079f7-1eb1-4f37-b003-267572525934: start FollowerState
2019-10-20 18:18:28,162 [b75f8b2e-6273-4c97-b7c5-042674931d23@group-F11756C8BA4A-LeaderElection34] INFO  impl.RoleInfo (RoleInfo.java:updateAndGet(143)) - b75f8b2e-6273-4c97-b7c5-042674931d23: start FollowerState
2019-10-20 18:18:28,225 [Thread-542] INFO  impl.FollowerState (FollowerState.java:run(108)) - 399079f7-1eb1-4f37-b003-267572525934@group-D40A05E2FCF9-FollowerState: change to CANDIDATE, lastRpcTime:63ms, electionTimeout:63ms
2019-10-20 18:18:28,225 [Thread-542] INFO  impl.RoleInfo (RoleInfo.java:shutdownFollowerState(121)) - 399079f7-1eb1-4f37-b003-267572525934: shutdown FollowerState
2019-10-20 18:18:28,225 [Thread-542] INFO  impl.RaftServerImpl (RaftServerImpl.java:setRole(184)) - 399079f7-1eb1-4f37-b003-267572525934@group-D40A05E2FCF9: changes role from  FOLLOWER to CANDIDATE at term 12 for changeToCandidate
2019-10-20 18:18:28,226 [Thread-542] INFO  impl.RoleInfo (RoleInfo.java:updateAndGet(143)) - 399079f7-1eb1-4f37-b003-267572525934: start LeaderElection
2019-10-20 18:18:28,228 [Thread-543] INFO  impl.FollowerState (FollowerState.java:run(108)) - b75f8b2e-6273-4c97-b7c5-042674931d23@group-F11756C8BA4A-FollowerState: change to CANDIDATE, lastRpcTime:66ms, electionTimeout:66ms
2019-10-20 18:18:28,228 [Thread-543] INFO  impl.RoleInfo (RoleInfo.java:shutdownFollowerState(121)) - b75f8b2e-6273-4c97-b7c5-042674931d23: shutdown FollowerState
2019-10-20 18:18:28,228 [Thread-543] INFO  impl.RaftServerImpl (RaftServerImpl.java:setRole(184)) - b75f8b2e-6273-4c97-b7c5-042674931d23@group-F11756C8BA4A: changes role from  FOLLOWER to CANDIDATE at term 10 for changeToCandidate
2019-10-20 18:18:28,228 [Thread-543] INFO  impl.RoleInfo (RoleInfo.java:updateAndGet(143)) - b75f8b2e-6273-4c97-b7c5-042674931d23: start LeaderElection
2019-10-20 18:18:28,256 [399079f7-1eb1-4f37-b003-267572525934@group-D40A05E2FCF9-LeaderElection36] INFO  impl.LeaderElection (LeaderElection.java:askForVotes(178)) - 399079f7-1eb1-4f37-b003-267572525934@group-D40A05E2FCF9-LeaderElection36: begin an election at term 13 for -1: [399079f7-1eb1-4f37-b003-267572525934:192.168.164.241:37762, 7a43c46a-fc88-4b2d-b2da-ae029cfa60ff:192.168.164.241:43684, 6c5c38af-62e6-4ea7-a24a-078dcb28fb39:192.168.164.241:45428], old=null
2019-10-20 18:18:28,256 [b75f8b2e-6273-4c97-b7c5-042674931d23@group-F11756C8BA4A-LeaderElection37] INFO  impl.LeaderElection (LeaderElection.java:askForVotes(178)) - b75f8b2e-6273-4c97-b7c5-042674931d23@group-F11756C8BA4A-LeaderElection37: begin an election at term 11 for -1: [6ef27e9c-8ddb-4fa1-8c14-ab102acfb1b8:192.168.164.241:38092, b75f8b2e-6273-4c97-b7c5-042674931d23:192.168.164.241:41857, 3750b3a2-715b-46b3-9d0c-9e38136244b9:192.168.164.241:46227], old=null
2019-10-20 18:18:28,259 [grpc-default-executor-7] INFO  impl.RaftServerImpl (RaftServerImpl.java:setRole(184)) - 7a43c46a-fc88-4b2d-b2da-ae029cfa60ff@group-D40A05E2FCF9: changes role from  FOLLOWER to FOLLOWER at term 13 for recognizeCandidate:399079f7-1eb1-4f37-b003-267572525934
2019-10-20 18:18:28,259 [grpc-default-executor-7] INFO  impl.RoleInfo (RoleInfo.java:shutdownFollowerState(121)) - 7a43c46a-fc88-4b2d-b2da-ae029cfa60ff: shutdown FollowerState
2019-10-20 18:18:28,260 [Thread-539] INFO  impl.FollowerState (FollowerState.java:run(117)) - 7a43c46a-fc88-4b2d-b2da-ae029cfa60ff@group-D40A05E2FCF9-FollowerState was interrupted: java.lang.InterruptedException: sleep interrupted
2019-10-20 18:18:28,260 [grpc-default-executor-7] INFO  impl.RoleInfo (RoleInfo.java:updateAndGet(143)) - 7a43c46a-fc88-4b2d-b2da-ae029cfa60ff: start FollowerState
2019-10-20 18:18:28,260 [grpc-default-executor-10] INFO  impl.RaftServerImpl (RaftServerImpl.java:setRole(184)) - 3750b3a2-715b-46b3-9d0c-9e38136244b9@group-F11756C8BA4A: changes role from  FOLLOWER to FOLLOWER at term 11 for recognizeCandidate:b75f8b2e-6273-4c97-b7c5-042674931d23
2019-10-20 18:18:28,260 [grpc-default-executor-10] INFO  impl.RoleInfo (RoleInfo.java:shutdownFollowerState(121)) - 3750b3a2-715b-46b3-9d0c-9e38136244b9: shutdown FollowerState
2019-10-20 18:18:28,260 [grpc-default-executor-10] INFO  impl.RoleInfo (RoleInfo.java:updateAndGet(143)) - 3750b3a2-715b-46b3-9d0c-9e38136244b9: start FollowerState
2019-10-20 18:18:28,260 [Thread-540] INFO  impl.FollowerState (FollowerState.java:run(117)) - 3750b3a2-715b-46b3-9d0c-9e38136244b9@group-F11756C8BA4A-FollowerState was interrupted: java.lang.InterruptedException: sleep interrupted
2019-10-20 18:18:28,260 [grpc-default-executor-1] INFO  impl.RaftServerImpl (RaftServerImpl.java:setRole(184)) - 6c5c38af-62e6-4ea7-a24a-078dcb28fb39@group-D40A05E2FCF9: changes role from  FOLLOWER to FOLLOWER at term 13 for recognizeCandidate:399079f7-1eb1-4f37-b003-267572525934
2019-10-20 18:18:28,261 [grpc-default-executor-1] INFO  impl.RoleInfo (RoleInfo.java:shutdownFollowerState(121)) - 6c5c38af-62e6-4ea7-a24a-078dcb28fb39: shutdown FollowerState
2019-10-20 18:18:28,261 [grpc-default-executor-3] INFO  impl.RaftServerImpl (RaftServerImpl.java:setRole(184)) - 6ef27e9c-8ddb-4fa1-8c14-ab102acfb1b8@group-F11756C8BA4A: changes role from  FOLLOWER to FOLLOWER at term 11 for recognizeCandidate:b75f8b2e-6273-4c97-b7c5-042674931d23
2019-10-20 18:18:28,261 [Thread-541] INFO  impl.FollowerState (FollowerState.java:run(117)) - 6c5c38af-62e6-4ea7-a24a-078dcb28fb39@group-D40A05E2FCF9-FollowerState was interrupted: java.lang.InterruptedException: sleep interrupted
2019-10-20 18:18:28,261 [grpc-default-executor-1] INFO  impl.RoleInfo (RoleInfo.java:updateAndGet(143)) - 6c5c38af-62e6-4ea7-a24a-078dcb28fb39: start FollowerState
2019-10-20 18:18:28,261 [grpc-default-executor-3] INFO  impl.RoleInfo (RoleInfo.java:shutdownFollowerState(121)) - 6ef27e9c-8ddb-4fa1-8c14-ab102acfb1b8: shutdown FollowerState
2019-10-20 18:18:28,261 [Thread-538] INFO  impl.FollowerState (FollowerState.java:run(117)) - 6ef27e9c-8ddb-4fa1-8c14-ab102acfb1b8@group-F11756C8BA4A-FollowerState was interrupted: java.lang.InterruptedException: sleep interrupted
2019-10-20 18:18:28,261 [grpc-default-executor-3] INFO  impl.RoleInfo (RoleInfo.java:updateAndGet(143)) - 6ef27e9c-8ddb-4fa1-8c14-ab102acfb1b8: start FollowerState
2019-10-20 18:18:28,283 [399079f7-1eb1-4f37-b003-267572525934@group-D40A05E2FCF9-LeaderElection36] INFO  impl.LeaderElection (LeaderElection.java:logAndReturn(56)) - 399079f7-1eb1-4f37-b003-267572525934@group-D40A05E2FCF9-LeaderElection36: Election REJECTED; received 2 response(s) [399079f7-1eb1-4f37-b003-267572525934<-7a43c46a-fc88-4b2d-b2da-ae029cfa60ff#0:FAIL-t13, 399079f7-1eb1-4f37-b003-267572525934<-6c5c38af-62e6-4ea7-a24a-078dcb28fb39#0:FAIL-t13] and 0 exception(s); 399079f7-1eb1-4f37-b003-267572525934@group-D40A05E2FCF9:t13, leader=null, voted=399079f7-1eb1-4f37-b003-267572525934, raftlog=399079f7-1eb1-4f37-b003-267572525934@group-D40A05E2FCF9-SegmentedRaftLog:OPENED:c-1,f-1,i0, conf=-1: [399079f7-1eb1-4f37-b003-267572525934:192.168.164.241:37762, 7a43c46a-fc88-4b2d-b2da-ae029cfa60ff:192.168.164.241:43684, 6c5c38af-62e6-4ea7-a24a-078dcb28fb39:192.168.164.241:45428], old=null
2019-10-20 18:18:28,284 [399079f7-1eb1-4f37-b003-267572525934@group-D40A05E2FCF9-LeaderElection36] INFO  impl.RaftServerImpl (RaftServerImpl.java:setRole(184)) - 399079f7-1eb1-4f37-b003-267572525934@group-D40A05E2FCF9: changes role from CANDIDATE to FOLLOWER at term 13 for DISCOVERED_A_NEW_TERM
2019-10-20 18:18:28,284 [399079f7-1eb1-4f37-b003-267572525934@group-D40A05E2FCF9-LeaderElection36] INFO  impl.RoleInfo (RoleInfo.java:shutdownLeaderElection(134)) - 399079f7-1eb1-4f37-b003-267572525934: shutdown LeaderElection
2019-10-20 18:18:28,284 [b75f8b2e-6273-4c97-b7c5-042674931d23@group-F11756C8BA4A-LeaderElection37] INFO  impl.LeaderElection (LeaderElection.java:logAndReturn(56)) - b75f8b2e-6273-4c97-b7c5-042674931d23@group-F11756C8BA4A-LeaderElection37: Election REJECTED; received 2 response(s) [b75f8b2e-6273-4c97-b7c5-042674931d23<-6ef27e9c-8ddb-4fa1-8c14-ab102acfb1b8#0:FAIL-t11, b75f8b2e-6273-4c97-b7c5-042674931d23<-3750b3a2-715b-46b3-9d0c-9e38136244b9#0:FAIL-t11] and 0 exception(s); b75f8b2e-6273-4c97-b7c5-042674931d23@group-F11756C8BA4A:t11, leader=null, voted=b75f8b2e-6273-4c97-b7c5-042674931d23, raftlog=b75f8b2e-6273-4c97-b7c5-042674931d23@group-F11756C8BA4A-SegmentedRaftLog:OPENED:c-1,f-1,i0, conf=-1: [6ef27e9c-8ddb-4fa1-8c14-ab102acfb1b8:192.168.164.241:38092, b75f8b2e-6273-4c97-b7c5-042674931d23:192.168.164.241:41857, 3750b3a2-715b-46b3-9d0c-9e38136244b9:192.168.164.241:46227], old=null
2019-10-20 18:18:28,284 [399079f7-1eb1-4f37-b003-267572525934@group-D40A05E2FCF9-LeaderElection36] INFO  impl.RoleInfo (RoleInfo.java:updateAndGet(143)) - 399079f7-1eb1-4f37-b003-267572525934: start FollowerState
2019-10-20 18:18:28,284 [b75f8b2e-6273-4c97-b7c5-042674931d23@group-F11756C8BA4A-LeaderElection37] INFO  impl.RaftServerImpl (RaftServerImpl.java:setRole(184)) - b75f8b2e-6273-4c97-b7c5-042674931d23@group-F11756C8BA4A: changes role from CANDIDATE to FOLLOWER at term 11 for DISCOVERED_A_NEW_TERM
2019-10-20 18:18:28,284 [b75f8b2e-6273-4c97-b7c5-042674931d23@group-F11756C8BA4A-LeaderElection37] INFO  impl.RoleInfo (RoleInfo.java:shutdownLeaderElection(134)) - b75f8b2e-6273-4c97-b7c5-042674931d23: shutdown LeaderElection
2019-10-20 18:18:28,284 [b75f8b2e-6273-4c97-b7c5-042674931d23@group-F11756C8BA4A-LeaderElection37] INFO  impl.RoleInfo (RoleInfo.java:updateAndGet(143)) - b75f8b2e-6273-4c97-b7c5-042674931d23: start FollowerState
2019-10-20 18:18:28,310 [Thread-556] INFO  impl.FollowerState (FollowerState.java:run(108)) - 399079f7-1eb1-4f37-b003-267572525934@group-D40A05E2FCF9-FollowerState: change to CANDIDATE, lastRpcTime:26ms, electionTimeout:26ms
2019-10-20 18:18:28,311 [Thread-556] INFO  impl.RoleInfo (RoleInfo.java:shutdownFollowerState(121)) - 399079f7-1eb1-4f37-b003-267572525934: shutdown FollowerState
2019-10-20 18:18:28,311 [Thread-556] INFO  impl.RaftServerImpl (RaftServerImpl.java:setRole(184)) - 399079f7-1eb1-4f37-b003-267572525934@group-D40A05E2FCF9: changes role from  FOLLOWER to CANDIDATE at term 13 for changeToCandidate
2019-10-20 18:18:28,311 [Thread-556] INFO  impl.RoleInfo (RoleInfo.java:updateAndGet(143)) - 399079f7-1eb1-4f37-b003-267572525934: start LeaderElection
2019-10-20 18:18:28,341 [399079f7-1eb1-4f37-b003-267572525934@group-D40A05E2FCF9-LeaderElection38] INFO  impl.LeaderElection (LeaderElection.java:askForVotes(178)) - 399079f7-1eb1-4f37-b003-267572525934@group-D40A05E2FCF9-LeaderElection38: begin an election at term 14 for -1: [399079f7-1eb1-4f37-b003-267572525934:192.168.164.241:37762, 7a43c46a-fc88-4b2d-b2da-ae029cfa60ff:192.168.164.241:43684, 6c5c38af-62e6-4ea7-a24a-078dcb28fb39:192.168.164.241:45428], old=null
2019-10-20 18:18:28,344 [grpc-default-executor-7] INFO  impl.RaftServerImpl (RaftServerImpl.java:setRole(184)) - 6c5c38af-62e6-4ea7-a24a-078dcb28fb39@group-D40A05E2FCF9: changes role from  FOLLOWER to FOLLOWER at term 14 for recognizeCandidate:399079f7-1eb1-4f37-b003-267572525934
2019-10-20 18:18:28,344 [grpc-default-executor-10] INFO  impl.RaftServerImpl (RaftServerImpl.java:setRole(184)) - 7a43c46a-fc88-4b2d-b2da-ae029cfa60ff@group-D40A05E2FCF9: changes role from  FOLLOWER to FOLLOWER at term 14 for recognizeCandidate:399079f7-1eb1-4f37-b003-267572525934
2019-10-20 18:18:28,344 [grpc-default-executor-7] INFO  impl.RoleInfo (RoleInfo.java:shutdownFollowerState(121)) - 6c5c38af-62e6-4ea7-a24a-078dcb28fb39: shutdown FollowerState
2019-10-20 18:18:28,344 [grpc-default-executor-10] INFO  impl.RoleInfo (RoleInfo.java:shutdownFollowerState(121)) - 7a43c46a-fc88-4b2d-b2da-ae029cfa60ff: shutdown FollowerState
2019-10-20 18:18:28,344 [Thread-554] INFO  impl.FollowerState (FollowerState.java:run(117)) - 6c5c38af-62e6-4ea7-a24a-078dcb28fb39@group-D40A05E2FCF9-FollowerState was interrupted: java.lang.InterruptedException: sleep interrupted
2019-10-20 18:18:28,344 [grpc-default-executor-10] INFO  impl.RoleInfo (RoleInfo.java:updateAndGet(143)) - 7a43c46a-fc88-4b2d-b2da-ae029cfa60ff: start FollowerState
2019-10-20 18:18:28,344 [grpc-default-executor-7] INFO  impl.RoleInfo (RoleInfo.java:updateAndGet(143)) - 6c5c38af-62e6-4ea7-a24a-078dcb28fb39: start FollowerState
2019-10-20 18:18:28,344 [Thread-552] INFO  impl.FollowerState (FollowerState.java:run(117)) - 7a43c46a-fc88-4b2d-b2da-ae029cfa60ff@group-D40A05E2FCF9-FollowerState was interrupted: java.lang.InterruptedException: sleep interrupted
2019-10-20 18:18:28,360 [Thread-557] INFO  impl.FollowerState (FollowerState.java:run(108)) - b75f8b2e-6273-4c97-b7c5-042674931d23@group-F11756C8BA4A-FollowerState: change to CANDIDATE, lastRpcTime:75ms, electionTimeout:75ms
2019-10-20 18:18:28,360 [Thread-557] INFO  impl.RoleInfo (RoleInfo.java:shutdownFollowerState(121)) - b75f8b2e-6273-4c97-b7c5-042674931d23: shutdown FollowerState
2019-10-20 18:18:28,360 [Thread-557] INFO  impl.RaftServerImpl (RaftServerImpl.java:setRole(184)) - b75f8b2e-6273-4c97-b7c5-042674931d23@group-F11756C8BA4A: changes role from  FOLLOWER to CANDIDATE at term 11 for changeToCandidate
2019-10-20 18:18:28,360 [Thread-557] INFO  impl.RoleInfo (RoleInfo.java:updateAndGet(143)) - b75f8b2e-6273-4c97-b7c5-042674931d23: start LeaderElection
2019-10-20 18:18:28,369 [399079f7-1eb1-4f37-b003-267572525934@group-D40A05E2FCF9-LeaderElection38] INFO  impl.LeaderElection (LeaderElection.java:logAndReturn(56)) - 399079f7-1eb1-4f37-b003-267572525934@group-D40A05E2FCF9-LeaderElection38: Election REJECTED; received 2 response(s) [399079f7-1eb1-4f37-b003-267572525934<-7a43c46a-fc88-4b2d-b2da-ae029cfa60ff#0:FAIL-t14, 399079f7-1eb1-4f37-b003-267572525934<-6c5c38af-62e6-4ea7-a24a-078dcb28fb39#0:FAIL-t14] and 0 exception(s); 399079f7-1eb1-4f37-b003-267572525934@group-D40A05E2FCF9:t14, leader=null, voted=399079f7-1eb1-4f37-b003-267572525934, raftlog=399079f7-1eb1-4f37-b003-267572525934@group-D40A05E2FCF9-SegmentedRaftLog:OPENED:c-1,f-1,i0, conf=-1: [399079f7-1eb1-4f37-b003-267572525934:192.168.164.241:37762, 7a43c46a-fc88-4b2d-b2da-ae029cfa60ff:192.168.164.241:43684, 6c5c38af-62e6-4ea7-a24a-078dcb28fb39:192.168.164.241:45428], old=null
2019-10-20 18:18:28,369 [399079f7-1eb1-4f37-b003-267572525934@group-D40A05E2FCF9-LeaderElection38] INFO  impl.RaftServerImpl (RaftServerImpl.java:setRole(184)) - 399079f7-1eb1-4f37-b003-267572525934@group-D40A05E2FCF9: changes role from CANDIDATE to FOLLOWER at term 14 for DISCOVERED_A_NEW_TERM
2019-10-20 18:18:28,369 [399079f7-1eb1-4f37-b003-267572525934@group-D40A05E2FCF9-LeaderElection38] INFO  impl.RoleInfo (RoleInfo.java:shutdownLeaderElection(134)) - 399079f7-1eb1-4f37-b003-267572525934: shutdown LeaderElection
2019-10-20 18:18:28,369 [399079f7-1eb1-4f37-b003-267572525934@group-D40A05E2FCF9-LeaderElection38] INFO  impl.RoleInfo (RoleInfo.java:updateAndGet(143)) - 399079f7-1eb1-4f37-b003-267572525934: start FollowerState
2019-10-20 18:18:28,385 [b75f8b2e-6273-4c97-b7c5-042674931d23@group-F11756C8BA4A-LeaderElection39] INFO  impl.LeaderElection (LeaderElection.java:askForVotes(178)) - b75f8b2e-6273-4c97-b7c5-042674931d23@group-F11756C8BA4A-LeaderElection39: begin an election at term 12 for -1: [6ef27e9c-8ddb-4fa1-8c14-ab102acfb1b8:192.168.164.241:38092, b75f8b2e-6273-4c97-b7c5-042674931d23:192.168.164.241:41857, 3750b3a2-715b-46b3-9d0c-9e38136244b9:192.168.164.241:46227], old=null
2019-10-20 18:18:28,387 [grpc-default-executor-10] INFO  impl.RaftServerImpl (RaftServerImpl.java:setRole(184)) - 6ef27e9c-8ddb-4fa1-8c14-ab102acfb1b8@group-F11756C8BA4A: changes role from  FOLLOWER to FOLLOWER at term 12 for recognizeCandidate:b75f8b2e-6273-4c97-b7c5-042674931d23
2019-10-20 18:18:28,387 [grpc-default-executor-7] INFO  impl.RaftServerImpl (RaftServerImpl.java:setRole(184)) - 3750b3a2-715b-46b3-9d0c-9e38136244b9@group-F11756C8BA4A: changes role from  FOLLOWER to FOLLOWER at term 12 for recognizeCandidate:b75f8b2e-6273-4c97-b7c5-042674931d23
2019-10-20 18:18:28,387 [grpc-default-executor-10] INFO  impl.RoleInfo (RoleInfo.java:shutdownFollowerState(121)) - 6ef27e9c-8ddb-4fa1-8c14-ab102acfb1b8: shutdown FollowerState
2019-10-20 18:18:28,387 [grpc-default-executor-7] INFO  impl.RoleInfo (RoleInfo.java:shutdownFollowerState(121)) - 3750b3a2-715b-46b3-9d0c-9e38136244b9: shutdown FollowerState
2019-10-20 18:18:28,388 [Thread-555] INFO  impl.FollowerState (FollowerState.java:run(117)) - 6ef27e9c-8ddb-4fa1-8c14-ab102acfb1b8@group-F11756C8BA4A-FollowerState was interrupted: java.lang.InterruptedException: sleep interrupted
2019-10-20 18:18:28,388 [grpc-default-executor-10] INFO  impl.RoleInfo (RoleInfo.java:updateAndGet(143)) - 6ef27e9c-8ddb-4fa1-8c14-ab102acfb1b8: start FollowerState
2019-10-20 18:18:28,388 [Thread-553] INFO  impl.FollowerState (FollowerState.java:run(117)) - 3750b3a2-715b-46b3-9d0c-9e38136244b9@group-F11756C8BA4A-FollowerState was interrupted: java.lang.InterruptedException: sleep interrupted
2019-10-20 18:18:28,388 [grpc-default-executor-7] INFO  impl.RoleInfo (RoleInfo.java:updateAndGet(143)) - 3750b3a2-715b-46b3-9d0c-9e38136244b9: start FollowerState
2019-10-20 18:18:28,412 [b75f8b2e-6273-4c97-b7c5-042674931d23@group-F11756C8BA4A-LeaderElection39] INFO  impl.LeaderElection (LeaderElection.java:logAndReturn(56)) - b75f8b2e-6273-4c97-b7c5-042674931d23@group-F11756C8BA4A-LeaderElection39: Election REJECTED; received 2 response(s) [b75f8b2e-6273-4c97-b7c5-042674931d23<-6ef27e9c-8ddb-4fa1-8c14-ab102acfb1b8#0:FAIL-t12, b75f8b2e-6273-4c97-b7c5-042674931d23<-3750b3a2-715b-46b3-9d0c-9e38136244b9#0:FAIL-t12] and 0 exception(s); b75f8b2e-6273-4c97-b7c5-042674931d23@group-F11756C8BA4A:t12, leader=null, voted=b75f8b2e-6273-4c97-b7c5-042674931d23, raftlog=b75f8b2e-6273-4c97-b7c5-042674931d23@group-F11756C8BA4A-SegmentedRaftLog:OPENED:c-1,f-1,i0, conf=-1: [6ef27e9c-8ddb-4fa1-8c14-ab102acfb1b8:192.168.164.241:38092, b75f8b2e-6273-4c97-b7c5-042674931d23:192.168.164.241:41857, 3750b3a2-715b-46b3-9d0c-9e38136244b9:192.168.164.241:46227], old=null
2019-10-20 18:18:28,412 [b75f8b2e-6273-4c97-b7c5-042674931d23@group-F11756C8BA4A-LeaderElection39] INFO  impl.RaftServerImpl (RaftServerImpl.java:setRole(184)) - b75f8b2e-6273-4c97-b7c5-042674931d23@group-F11756C8BA4A: changes role from CANDIDATE to FOLLOWER at term 12 for DISCOVERED_A_NEW_TERM
2019-10-20 18:18:28,412 [b75f8b2e-6273-4c97-b7c5-042674931d23@group-F11756C8BA4A-LeaderElection39] INFO  impl.RoleInfo (RoleInfo.java:shutdownLeaderElection(134)) - b75f8b2e-6273-4c97-b7c5-042674931d23: shutdown LeaderElection
2019-10-20 18:18:28,412 [b75f8b2e-6273-4c97-b7c5-042674931d23@group-F11756C8BA4A-LeaderElection39] INFO  impl.RoleInfo (RoleInfo.java:updateAndGet(143)) - b75f8b2e-6273-4c97-b7c5-042674931d23: start FollowerState
2019-10-20 18:18:28,412 [Thread-569] INFO  impl.FollowerState (FollowerState.java:run(108)) - b75f8b2e-6273-4c97-b7c5-042674931d23@group-F11756C8BA4A-FollowerState: change to CANDIDATE, lastRpcTime:0ms, electionTimeout:0ms
2019-10-20 18:18:28,412 [Thread-569] INFO  impl.RoleInfo (RoleInfo.java:shutdownFollowerState(121)) - b75f8b2e-6273-4c97-b7c5-042674931d23: shutdown FollowerState
2019-10-20 18:18:28,413 [Thread-569] INFO  impl.RaftServerImpl (RaftServerImpl.java:setRole(184)) - b75f8b2e-6273-4c97-b7c5-042674931d23@group-F11756C8BA4A: changes role from  FOLLOWER to CANDIDATE at term 12 for changeToCandidate
2019-10-20 18:18:28,413 [Thread-569] INFO  impl.RoleInfo (RoleInfo.java:updateAndGet(143)) - b75f8b2e-6273-4c97-b7c5-042674931d23: start LeaderElection
2019-10-20 18:18:28,423 [Thread-564] INFO  impl.FollowerState (FollowerState.java:run(108)) - 399079f7-1eb1-4f37-b003-267572525934@group-D40A05E2FCF9-FollowerState: change to CANDIDATE, lastRpcTime:53ms, electionTimeout:53ms
2019-10-20 18:18:28,423 [Thread-564] INFO  impl.RoleInfo (RoleInfo.java:shutdownFollowerState(121)) - 399079f7-1eb1-4f37-b003-267572525934: shutdown FollowerState
2019-10-20 18:18:28,423 [Thread-564] INFO  impl.RaftServerImpl (RaftServerImpl.java:setRole(184)) - 399079f7-1eb1-4f37-b003-267572525934@group-D40A05E2FCF9: changes role from  FOLLOWER to CANDIDATE at term 14 for changeToCandidate
2019-10-20 18:18:28,423 [Thread-564] INFO  impl.RoleInfo (RoleInfo.java:updateAndGet(143)) - 399079f7-1eb1-4f37-b003-267572525934: start LeaderElection
2019-10-20 18:18:28,436 [399079f7-1eb1-4f37-b003-267572525934@group-D40A05E2FCF9-LeaderElection41] INFO  impl.LeaderElection (LeaderElection.java:askForVotes(178)) - 399079f7-1eb1-4f37-b003-267572525934@group-D40A05E2FCF9-LeaderElection41: begin an election at term 15 for -1: [399079f7-1eb1-4f37-b003-267572525934:192.168.164.241:37762, 7a43c46a-fc88-4b2d-b2da-ae029cfa60ff:192.168.164.241:43684, 6c5c38af-62e6-4ea7-a24a-078dcb28fb39:192.168.164.241:45428], old=null
2019-10-20 18:18:28,436 [b75f8b2e-6273-4c97-b7c5-042674931d23@group-F11756C8BA4A-LeaderElection40] INFO  impl.LeaderElection (LeaderElection.java:askForVotes(178)) - b75f8b2e-6273-4c97-b7c5-042674931d23@group-F11756C8BA4A-LeaderElection40: begin an election at term 13 for -1: [6ef27e9c-8ddb-4fa1-8c14-ab102acfb1b8:192.168.164.241:38092, b75f8b2e-6273-4c97-b7c5-042674931d23:192.168.164.241:41857, 3750b3a2-715b-46b3-9d0c-9e38136244b9:192.168.164.241:46227], old=null
2019-10-20 18:18:28,439 [grpc-default-executor-7] INFO  impl.RaftServerImpl (RaftServerImpl.java:setRole(184)) - 3750b3a2-715b-46b3-9d0c-9e38136244b9@group-F11756C8BA4A: changes role from  FOLLOWER to FOLLOWER at term 13 for recognizeCandidate:b75f8b2e-6273-4c97-b7c5-042674931d23
2019-10-20 18:18:28,439 [grpc-default-executor-7] INFO  impl.RoleInfo (RoleInfo.java:shutdownFollowerState(121)) - 3750b3a2-715b-46b3-9d0c-9e38136244b9: shutdown FollowerState
2019-10-20 18:18:28,439 [grpc-default-executor-10] INFO  impl.RaftServerImpl (RaftServerImpl.java:setRole(184)) - 7a43c46a-fc88-4b2d-b2da-ae029cfa60ff@group-D40A05E2FCF9: changes role from  FOLLOWER to FOLLOWER at term 15 for recognizeCandidate:399079f7-1eb1-4f37-b003-267572525934
2019-10-20 18:18:28,439 [grpc-default-executor-7] INFO  impl.RoleInfo (RoleInfo.java:updateAndGet(143)) - 3750b3a2-715b-46b3-9d0c-9e38136244b9: start FollowerState
2019-10-20 18:18:28,439 [grpc-default-executor-3] INFO  impl.RaftServerImpl (RaftServerImpl.java:setRole(184)) - 6c5c38af-62e6-4ea7-a24a-078dcb28fb39@group-D40A05E2FCF9: changes role from  FOLLOWER to FOLLOWER at term 15 for recognizeCandidate:399079f7-1eb1-4f37-b003-267572525934
2019-10-20 18:18:28,439 [Thread-568] INFO  impl.FollowerState (FollowerState.java:run(117)) - 3750b3a2-715b-46b3-9d0c-9e38136244b9@group-F11756C8BA4A-FollowerState was interrupted: java.lang.InterruptedException: sleep interrupted
2019-10-20 18:18:28,439 [grpc-default-executor-3] INFO  impl.RoleInfo (RoleInfo.java:shutdownFollowerState(121)) - 6c5c38af-62e6-4ea7-a24a-078dcb28fb39: shutdown FollowerState
2019-10-20 18:18:28,439 [grpc-default-executor-10] INFO  impl.RoleInfo (RoleInfo.java:shutdownFollowerState(121)) - 7a43c46a-fc88-4b2d-b2da-ae029cfa60ff: shutdown FollowerState
2019-10-20 18:18:28,440 [Thread-561] INFO  impl.FollowerState (FollowerState.java:run(117)) - 6c5c38af-62e6-4ea7-a24a-078dcb28fb39@group-D40A05E2FCF9-FollowerState was interrupted: java.lang.InterruptedException: sleep interrupted
2019-10-20 18:18:28,440 [Thread-562] INFO  impl.FollowerState (FollowerState.java:run(117)) - 7a43c46a-fc88-4b2d-b2da-ae029cfa60ff@group-D40A05E2FCF9-FollowerState was interrupted: java.lang.InterruptedException: sleep interrupted
2019-10-20 18:18:28,440 [grpc-default-executor-3] INFO  impl.RoleInfo (RoleInfo.java:updateAndGet(143)) - 6c5c38af-62e6-4ea7-a24a-078dcb28fb39: start FollowerState
2019-10-20 18:18:28,440 [grpc-default-executor-1] INFO  impl.RaftServerImpl (RaftServerImpl.java:setRole(184)) - 6ef27e9c-8ddb-4fa1-8c14-ab102acfb1b8@group-F11756C8BA4A: changes role from  FOLLOWER to FOLLOWER at term 13 for recognizeCandidate:b75f8b2e-6273-4c97-b7c5-042674931d23
2019-10-20 18:18:28,440 [grpc-default-executor-10] INFO  impl.RoleInfo (RoleInfo.java:updateAndGet(143)) - 7a43c46a-fc88-4b2d-b2da-ae029cfa60ff: start FollowerState
2019-10-20 18:18:28,441 [grpc-default-executor-1] INFO  impl.RoleInfo (RoleInfo.java:shutdownFollowerState(121)) - 6ef27e9c-8ddb-4fa1-8c14-ab102acfb1b8: shutdown FollowerState
2019-10-20 18:18:28,441 [grpc-default-executor-1] INFO  impl.RoleInfo (RoleInfo.java:updateAndGet(143)) - 6ef27e9c-8ddb-4fa1-8c14-ab102acfb1b8: start FollowerState
2019-10-20 18:18:28,441 [Thread-567] INFO  impl.FollowerState (FollowerState.java:run(117)) - 6ef27e9c-8ddb-4fa1-8c14-ab102acfb1b8@group-F11756C8BA4A-FollowerState was interrupted: java.lang.InterruptedException: sleep interrupted
2019-10-20 18:18:28,463 [b75f8b2e-6273-4c97-b7c5-042674931d23@group-F11756C8BA4A-LeaderElection40] INFO  impl.LeaderElection (LeaderElection.java:logAndReturn(56)) - b75f8b2e-6273-4c97-b7c5-042674931d23@group-F11756C8BA4A-LeaderElection40: Election REJECTED; received 2 response(s) [b75f8b2e-6273-4c97-b7c5-042674931d23<-6ef27e9c-8ddb-4fa1-8c14-ab102acfb1b8#0:FAIL-t13, b75f8b2e-6273-4c97-b7c5-042674931d23<-3750b3a2-715b-46b3-9d0c-9e38136244b9#0:FAIL-t13] and 0 exception(s); b75f8b2e-6273-4c97-b7c5-042674931d23@group-F11756C8BA4A:t13, leader=null, voted=b75f8b2e-6273-4c97-b7c5-042674931d23, raftlog=b75f8b2e-6273-4c97-b7c5-042674931d23@group-F11756C8BA4A-SegmentedRaftLog:OPENED:c-1,f-1,i0, conf=-1: [6ef27e9c-8ddb-4fa1-8c14-ab102acfb1b8:192.168.164.241:38092, b75f8b2e-6273-4c97-b7c5-042674931d23:192.168.164.241:41857, 3750b3a2-715b-46b3-9d0c-9e38136244b9:192.168.164.241:46227], old=null
2019-10-20 18:18:28,463 [399079f7-1eb1-4f37-b003-267572525934@group-D40A05E2FCF9-LeaderElection41] INFO  impl.LeaderElection (LeaderElection.java:logAndReturn(56)) - 399079f7-1eb1-4f37-b003-267572525934@group-D40A05E2FCF9-LeaderElection41: Election REJECTED; received 2 response(s) [399079f7-1eb1-4f37-b003-267572525934<-7a43c46a-fc88-4b2d-b2da-ae029cfa60ff#0:FAIL-t15, 399079f7-1eb1-4f37-b003-267572525934<-6c5c38af-62e6-4ea7-a24a-078dcb28fb39#0:FAIL-t15] and 0 exception(s); 399079f7-1eb1-4f37-b003-267572525934@group-D40A05E2FCF9:t15, leader=null, voted=399079f7-1eb1-4f37-b003-267572525934, raftlog=399079f7-1eb1-4f37-b003-267572525934@group-D40A05E2FCF9-SegmentedRaftLog:OPENED:c-1,f-1,i0, conf=-1: [399079f7-1eb1-4f37-b003-267572525934:192.168.164.241:37762, 7a43c46a-fc88-4b2d-b2da-ae029cfa60ff:192.168.164.241:43684, 6c5c38af-62e6-4ea7-a24a-078dcb28fb39:192.168.164.241:45428], old=null
2019-10-20 18:18:28,464 [b75f8b2e-6273-4c97-b7c5-042674931d23@group-F11756C8BA4A-LeaderElection40] INFO  impl.RaftServerImpl (RaftServerImpl.java:setRole(184)) - b75f8b2e-6273-4c97-b7c5-042674931d23@group-F11756C8BA4A: changes role from CANDIDATE to FOLLOWER at term 13 for DISCOVERED_A_NEW_TERM
2019-10-20 18:18:28,464 [399079f7-1eb1-4f37-b003-267572525934@group-D40A05E2FCF9-LeaderElection41] INFO  impl.RaftServerImpl (RaftServerImpl.java:setRole(184)) - 399079f7-1eb1-4f37-b003-267572525934@group-D40A05E2FCF9: changes role from CANDIDATE to FOLLOWER at term 15 for DISCOVERED_A_NEW_TERM
2019-10-20 18:18:28,464 [b75f8b2e-6273-4c97-b7c5-042674931d23@group-F11756C8BA4A-LeaderElection40] INFO  impl.RoleInfo (RoleInfo.java:shutdownLeaderElection(134)) - b75f8b2e-6273-4c97-b7c5-042674931d23: shutdown LeaderElection
2019-10-20 18:18:28,464 [399079f7-1eb1-4f37-b003-267572525934@group-D40A05E2FCF9-LeaderElection41] INFO  impl.RoleInfo (RoleInfo.java:shutdownLeaderElection(134)) - 399079f7-1eb1-4f37-b003-267572525934: shutdown LeaderElection
2019-10-20 18:18:28,464 [b75f8b2e-6273-4c97-b7c5-042674931d23@group-F11756C8BA4A-LeaderElection40] INFO  impl.RoleInfo (RoleInfo.java:updateAndGet(143)) - b75f8b2e-6273-4c97-b7c5-042674931d23: start FollowerState
2019-10-20 18:18:28,464 [399079f7-1eb1-4f37-b003-267572525934@group-D40A05E2FCF9-LeaderElection41] INFO  impl.RoleInfo (RoleInfo.java:updateAndGet(143)) - 399079f7-1eb1-4f37-b003-267572525934: start FollowerState
2019-10-20 18:18:28,559 [Thread-581] INFO  impl.FollowerState (FollowerState.java:run(108)) - 399079f7-1eb1-4f37-b003-267572525934@group-D40A05E2FCF9-FollowerState: change to CANDIDATE, lastRpcTime:94ms, electionTimeout:94ms
2019-10-20 18:18:28,559 [Thread-581] INFO  impl.RoleInfo (RoleInfo.java:shutdownFollowerState(121)) - 399079f7-1eb1-4f37-b003-267572525934: shutdown FollowerState
2019-10-20 18:18:28,559 [Thread-581] INFO  impl.RaftServerImpl (RaftServerImpl.java:setRole(184)) - 399079f7-1eb1-4f37-b003-267572525934@group-D40A05E2FCF9: changes role from  FOLLOWER to CANDIDATE at term 15 for changeToCandidate
2019-10-20 18:18:28,559 [Thread-581] INFO  impl.RoleInfo (RoleInfo.java:updateAndGet(143)) - 399079f7-1eb1-4f37-b003-267572525934: start LeaderElection
2019-10-20 18:18:28,588 [399079f7-1eb1-4f37-b003-267572525934@group-D40A05E2FCF9-LeaderElection42] INFO  impl.LeaderElection (LeaderElection.java:askForVotes(178)) - 399079f7-1eb1-4f37-b003-267572525934@group-D40A05E2FCF9-LeaderElection42: begin an election at term 16 for -1: [399079f7-1eb1-4f37-b003-267572525934:192.168.164.241:37762, 7a43c46a-fc88-4b2d-b2da-ae029cfa60ff:192.168.164.241:43684, 6c5c38af-62e6-4ea7-a24a-078dcb28fb39:192.168.164.241:45428], old=null
2019-10-20 18:18:28,591 [grpc-default-executor-1] INFO  impl.RaftServerImpl (RaftServerImpl.java:setRole(184)) - 7a43c46a-fc88-4b2d-b2da-ae029cfa60ff@group-D40A05E2FCF9: changes role from  FOLLOWER to FOLLOWER at term 16 for recognizeCandidate:399079f7-1eb1-4f37-b003-267572525934
2019-10-20 18:18:28,592 [grpc-default-executor-1] INFO  impl.RoleInfo (RoleInfo.java:shutdownFollowerState(121)) - 7a43c46a-fc88-4b2d-b2da-ae029cfa60ff: shutdown FollowerState
2019-10-20 18:18:28,592 [grpc-default-executor-7] INFO  impl.RaftServerImpl (RaftServerImpl.java:setRole(184)) - 6c5c38af-62e6-4ea7-a24a-078dcb28fb39@group-D40A05E2FCF9: changes role from  FOLLOWER to FOLLOWER at term 16 for recognizeCandidate:399079f7-1eb1-4f37-b003-267572525934
2019-10-20 18:18:28,592 [grpc-default-executor-1] INFO  impl.RoleInfo (RoleInfo.java:updateAndGet(143)) - 7a43c46a-fc88-4b2d-b2da-ae029cfa60ff: start FollowerState
2019-10-20 18:18:28,592 [Thread-578] INFO  impl.FollowerState (FollowerState.java:run(117)) - 7a43c46a-fc88-4b2d-b2da-ae029cfa60ff@group-D40A05E2FCF9-FollowerState was interrupted: java.lang.InterruptedException: sleep interrupted
2019-10-20 18:18:28,592 [grpc-default-executor-7] INFO  impl.RoleInfo (RoleInfo.java:shutdownFollowerState(121)) - 6c5c38af-62e6-4ea7-a24a-078dcb28fb39: shutdown FollowerState
2019-10-20 18:18:28,592 [grpc-default-executor-7] INFO  impl.RoleInfo (RoleInfo.java:updateAndGet(143)) - 6c5c38af-62e6-4ea7-a24a-078dcb28fb39: start FollowerState
2019-10-20 18:18:28,592 [Thread-577] INFO  impl.FollowerState (FollowerState.java:run(117)) - 6c5c38af-62e6-4ea7-a24a-078dcb28fb39@group-D40A05E2FCF9-FollowerState was interrupted: java.lang.InterruptedException: sleep interrupted
2019-10-20 18:18:28,623 [399079f7-1eb1-4f37-b003-267572525934@group-D40A05E2FCF9-LeaderElection42] INFO  impl.LeaderElection (LeaderElection.java:logAndReturn(56)) - 399079f7-1eb1-4f37-b003-267572525934@group-D40A05E2FCF9-LeaderElection42: Election REJECTED; received 2 response(s) [399079f7-1eb1-4f37-b003-267572525934<-7a43c46a-fc88-4b2d-b2da-ae029cfa60ff#0:FAIL-t16, 399079f7-1eb1-4f37-b003-267572525934<-6c5c38af-62e6-4ea7-a24a-078dcb28fb39#0:FAIL-t16] and 0 exception(s); 399079f7-1eb1-4f37-b003-267572525934@group-D40A05E2FCF9:t16, leader=null, voted=399079f7-1eb1-4f37-b003-267572525934, raftlog=399079f7-1eb1-4f37-b003-267572525934@group-D40A05E2FCF9-SegmentedRaftLog:OPENED:c-1,f-1,i0, conf=-1: [399079f7-1eb1-4f37-b003-267572525934:192.168.164.241:37762, 7a43c46a-fc88-4b2d-b2da-ae029cfa60ff:192.168.164.241:43684, 6c5c38af-62e6-4ea7-a24a-078dcb28fb39:192.168.164.241:45428], old=null
2019-10-20 18:18:28,623 [399079f7-1eb1-4f37-b003-267572525934@group-D40A05E2FCF9-LeaderElection42] INFO  impl.RaftServerImpl (RaftServerImpl.java:setRole(184)) - 399079f7-1eb1-4f37-b003-267572525934@group-D40A05E2FCF9: changes role from CANDIDATE to FOLLOWER at term 16 for DISCOVERED_A_NEW_TERM
2019-10-20 18:18:28,624 [399079f7-1eb1-4f37-b003-267572525934@group-D40A05E2FCF9-LeaderElection42] INFO  impl.RoleInfo (RoleInfo.java:shutdownLeaderElection(134)) - 399079f7-1eb1-4f37-b003-267572525934: shutdown LeaderElection
2019-10-20 18:18:28,624 [399079f7-1eb1-4f37-b003-267572525934@group-D40A05E2FCF9-LeaderElection42] INFO  impl.RoleInfo (RoleInfo.java:updateAndGet(143)) - 399079f7-1eb1-4f37-b003-267572525934: start FollowerState
2019-10-20 18:18:28,662 [Thread-580] INFO  impl.FollowerState (FollowerState.java:run(108)) - b75f8b2e-6273-4c97-b7c5-042674931d23@group-F11756C8BA4A-FollowerState: change to CANDIDATE, lastRpcTime:197ms, electionTimeout:197ms
2019-10-20 18:18:28,662 [Thread-580] INFO  impl.RoleInfo (RoleInfo.java:shutdownFollowerState(121)) - b75f8b2e-6273-4c97-b7c5-042674931d23: shutdown FollowerState
2019-10-20 18:18:28,662 [Thread-580] INFO  impl.RaftServerImpl (RaftServerImpl.java:setRole(184)) - b75f8b2e-6273-4c97-b7c5-042674931d23@group-F11756C8BA4A: changes role from  FOLLOWER to CANDIDATE at term 13 for changeToCandidate
2019-10-20 18:18:28,662 [Thread-580] INFO  impl.RoleInfo (RoleInfo.java:updateAndGet(143)) - b75f8b2e-6273-4c97-b7c5-042674931d23: start LeaderElection
2019-10-20 18:18:28,680 [b75f8b2e-6273-4c97-b7c5-042674931d23@group-F11756C8BA4A-LeaderElection43] INFO  impl.LeaderElection (LeaderElection.java:askForVotes(178)) - b75f8b2e-6273-4c97-b7c5-042674931d23@group-F11756C8BA4A-LeaderElection43: begin an election at term 14 for -1: [6ef27e9c-8ddb-4fa1-8c14-ab102acfb1b8:192.168.164.241:38092, b75f8b2e-6273-4c97-b7c5-042674931d23:192.168.164.241:41857, 3750b3a2-715b-46b3-9d0c-9e38136244b9:192.168.164.241:46227], old=null
2019-10-20 18:18:28,681 [Thread-587] INFO  impl.FollowerState (FollowerState.java:run(108)) - 399079f7-1eb1-4f37-b003-267572525934@group-D40A05E2FCF9-FollowerState: change to CANDIDATE, lastRpcTime:57ms, electionTimeout:57ms
2019-10-20 18:18:28,682 [Thread-587] INFO  impl.RoleInfo (RoleInfo.java:shutdownFollowerState(121)) - 399079f7-1eb1-4f37-b003-267572525934: shutdown FollowerState
2019-10-20 18:18:28,682 [Thread-587] INFO  impl.RaftServerImpl (RaftServerImpl.java:setRole(184)) - 399079f7-1eb1-4f37-b003-267572525934@group-D40A05E2FCF9: changes role from  FOLLOWER to CANDIDATE at term 16 for changeToCandidate
2019-10-20 18:18:28,682 [Thread-587] INFO  impl.RoleInfo (RoleInfo.java:updateAndGet(143)) - 399079f7-1eb1-4f37-b003-267572525934: start LeaderElection
2019-10-20 18:18:28,684 [grpc-default-executor-7] INFO  impl.RaftServerImpl (RaftServerImpl.java:setRole(184)) - 3750b3a2-715b-46b3-9d0c-9e38136244b9@group-F11756C8BA4A: changes role from  FOLLOWER to FOLLOWER at term 14 for recognizeCandidate:b75f8b2e-6273-4c97-b7c5-042674931d23
2019-10-20 18:18:28,684 [grpc-default-executor-1] INFO  impl.RaftServerImpl (RaftServerImpl.java:setRole(184)) - 6ef27e9c-8ddb-4fa1-8c14-ab102acfb1b8@group-F11756C8BA4A: changes role from  FOLLOWER to FOLLOWER at term 14 for recognizeCandidate:b75f8b2e-6273-4c97-b7c5-042674931d23
2019-10-20 18:18:28,684 [grpc-default-executor-7] INFO  impl.RoleInfo (RoleInfo.java:shutdownFollowerState(121)) - 3750b3a2-715b-46b3-9d0c-9e38136244b9: shutdown FollowerState
2019-10-20 18:18:28,684 [grpc-default-executor-1] INFO  impl.RoleInfo (RoleInfo.java:shutdownFollowerState(121)) - 6ef27e9c-8ddb-4fa1-8c14-ab102acfb1b8: shutdown FollowerState
2019-10-20 18:18:28,684 [Thread-576] INFO  impl.FollowerState (FollowerState.java:run(117)) - 3750b3a2-715b-46b3-9d0c-9e38136244b9@group-F11756C8BA4A-FollowerState was interrupted: java.lang.InterruptedException: sleep interrupted
2019-10-20 18:18:28,684 [grpc-default-executor-7] INFO  impl.RoleInfo (RoleInfo.java:updateAndGet(143)) - 3750b3a2-715b-46b3-9d0c-9e38136244b9: start FollowerState
2019-10-20 18:18:28,684 [Thread-579] INFO  impl.FollowerState (FollowerState.java:run(117)) - 6ef27e9c-8ddb-4fa1-8c14-ab102acfb1b8@group-F11756C8BA4A-FollowerState was interrupted: java.lang.InterruptedException: sleep interrupted
2019-10-20 18:18:28,684 [grpc-default-executor-1] INFO  impl.RoleInfo (RoleInfo.java:updateAndGet(143)) - 6ef27e9c-8ddb-4fa1-8c14-ab102acfb1b8: start FollowerState
2019-10-20 18:18:28,706 [399079f7-1eb1-4f37-b003-267572525934@group-D40A05E2FCF9-LeaderElection44] INFO  impl.LeaderElection (LeaderElection.java:askForVotes(178)) - 399079f7-1eb1-4f37-b003-267572525934@group-D40A05E2FCF9-LeaderElection44: begin an election at term 17 for -1: [399079f7-1eb1-4f37-b003-267572525934:192.168.164.241:37762, 7a43c46a-fc88-4b2d-b2da-ae029cfa60ff:192.168.164.241:43684, 6c5c38af-62e6-4ea7-a24a-078dcb28fb39:192.168.164.241:45428], old=null
2019-10-20 18:18:28,708 [b75f8b2e-6273-4c97-b7c5-042674931d23@group-F11756C8BA4A-LeaderElection43] INFO  impl.LeaderElection (LeaderElection.java:logAndReturn(56)) - b75f8b2e-6273-4c97-b7c5-042674931d23@group-F11756C8BA4A-LeaderElection43: Election REJECTED; received 2 response(s) [b75f8b2e-6273-4c97-b7c5-042674931d23<-6ef27e9c-8ddb-4fa1-8c14-ab102acfb1b8#0:FAIL-t14, b75f8b2e-6273-4c97-b7c5-042674931d23<-3750b3a2-715b-46b3-9d0c-9e38136244b9#0:FAIL-t14] and 0 exception(s); b75f8b2e-6273-4c97-b7c5-042674931d23@group-F11756C8BA4A:t14, leader=null, voted=b75f8b2e-6273-4c97-b7c5-042674931d23, raftlog=b75f8b2e-6273-4c97-b7c5-042674931d23@group-F11756C8BA4A-SegmentedRaftLog:OPENED:c-1,f-1,i0, conf=-1: [6ef27e9c-8ddb-4fa1-8c14-ab102acfb1b8:192.168.164.241:38092, b75f8b2e-6273-4c97-b7c5-042674931d23:192.168.164.241:41857, 3750b3a2-715b-46b3-9d0c-9e38136244b9:192.168.164.241:46227], old=null
2019-10-20 18:18:28,708 [b75f8b2e-6273-4c97-b7c5-042674931d23@group-F11756C8BA4A-LeaderElection43] INFO  impl.RaftServerImpl (RaftServerImpl.java:setRole(184)) - b75f8b2e-6273-4c97-b7c5-042674931d23@group-F11756C8BA4A: changes role from CANDIDATE to FOLLOWER at term 14 for DISCOVERED_A_NEW_TERM
2019-10-20 18:18:28,708 [b75f8b2e-6273-4c97-b7c5-042674931d23@group-F11756C8BA4A-LeaderElection43] INFO  impl.RoleInfo (RoleInfo.java:shutdownLeaderElection(134)) - b75f8b2e-6273-4c97-b7c5-042674931d23: shutdown LeaderElection
2019-10-20 18:18:28,708 [b75f8b2e-6273-4c97-b7c5-042674931d23@group-F11756C8BA4A-LeaderElection43] INFO  impl.RoleInfo (RoleInfo.java:updateAndGet(143)) - b75f8b2e-6273-4c97-b7c5-042674931d23: start FollowerState
2019-10-20 18:18:28,709 [grpc-default-executor-7] INFO  impl.RaftServerImpl (RaftServerImpl.java:setRole(184)) - 6c5c38af-62e6-4ea7-a24a-078dcb28fb39@group-D40A05E2FCF9: changes role from  FOLLOWER to FOLLOWER at term 17 for recognizeCandidate:399079f7-1eb1-4f37-b003-267572525934
2019-10-20 18:18:28,709 [grpc-default-executor-1] INFO  impl.RaftServerImpl (RaftServerImpl.java:setRole(184)) - 7a43c46a-fc88-4b2d-b2da-ae029cfa60ff@group-D40A05E2FCF9: changes role from  FOLLOWER to FOLLOWER at term 17 for recognizeCandidate:399079f7-1eb1-4f37-b003-267572525934
2019-10-20 18:18:28,709 [grpc-default-executor-7] INFO  impl.RoleInfo (RoleInfo.java:shutdownFollowerState(121)) - 6c5c38af-62e6-4ea7-a24a-078dcb28fb39: shutdown FollowerState
2019-10-20 18:18:28,709 [grpc-default-executor-1] INFO  impl.RoleInfo (RoleInfo.java:shutdownFollowerState(121)) - 7a43c46a-fc88-4b2d-b2da-ae029cfa60ff: shutdown FollowerState
2019-10-20 18:18:28,709 [Thread-586] INFO  impl.FollowerState (FollowerState.java:run(117)) - 6c5c38af-62e6-4ea7-a24a-078dcb28fb39@group-D40A05E2FCF9-FollowerState was interrupted: java.lang.InterruptedException: sleep interrupted
2019-10-20 18:18:28,709 [grpc-default-executor-7] INFO  impl.RoleInfo (RoleInfo.java:updateAndGet(143)) - 6c5c38af-62e6-4ea7-a24a-078dcb28fb39: start FollowerState
2019-10-20 18:18:28,709 [Thread-585] INFO  impl.FollowerState (FollowerState.java:run(117)) - 7a43c46a-fc88-4b2d-b2da-ae029cfa60ff@group-D40A05E2FCF9-FollowerState was interrupted: java.lang.InterruptedException: sleep interrupted
2019-10-20 18:18:28,709 [grpc-default-executor-1] INFO  impl.RoleInfo (RoleInfo.java:updateAndGet(143)) - 7a43c46a-fc88-4b2d-b2da-ae029cfa60ff: start FollowerState
2019-10-20 18:18:28,733 [399079f7-1eb1-4f37-b003-267572525934@group-D40A05E2FCF9-LeaderElection44] INFO  impl.LeaderElection (LeaderElection.java:logAndReturn(56)) - 399079f7-1eb1-4f37-b003-267572525934@group-D40A05E2FCF9-LeaderElection44: Election REJECTED; received 2 response(s) [399079f7-1eb1-4f37-b003-267572525934<-7a43c46a-fc88-4b2d-b2da-ae029cfa60ff#0:FAIL-t17, 399079f7-1eb1-4f37-b003-267572525934<-6c5c38af-62e6-4ea7-a24a-078dcb28fb39#0:FAIL-t17] and 0 exception(s); 399079f7-1eb1-4f37-b003-267572525934@group-D40A05E2FCF9:t17, leader=null, voted=399079f7-1eb1-4f37-b003-267572525934, raftlog=399079f7-1eb1-4f37-b003-267572525934@group-D40A05E2FCF9-SegmentedRaftLog:OPENED:c-1,f-1,i0, conf=-1: [399079f7-1eb1-4f37-b003-267572525934:192.168.164.241:37762, 7a43c46a-fc88-4b2d-b2da-ae029cfa60ff:192.168.164.241:43684, 6c5c38af-62e6-4ea7-a24a-078dcb28fb39:192.168.164.241:45428], old=null
2019-10-20 18:18:28,733 [399079f7-1eb1-4f37-b003-267572525934@group-D40A05E2FCF9-LeaderElection44] INFO  impl.RaftServerImpl (RaftServerImpl.java:setRole(184)) - 399079f7-1eb1-4f37-b003-267572525934@group-D40A05E2FCF9: changes role from CANDIDATE to FOLLOWER at term 17 for DISCOVERED_A_NEW_TERM
2019-10-20 18:18:28,733 [399079f7-1eb1-4f37-b003-267572525934@group-D40A05E2FCF9-LeaderElection44] INFO  impl.RoleInfo (RoleInfo.java:shutdownLeaderElection(134)) - 399079f7-1eb1-4f37-b003-267572525934: shutdown LeaderElection
2019-10-20 18:18:28,734 [399079f7-1eb1-4f37-b003-267572525934@group-D40A05E2FCF9-LeaderElection44] INFO  impl.RoleInfo (RoleInfo.java:updateAndGet(143)) - 399079f7-1eb1-4f37-b003-267572525934: start FollowerState
2019-10-20 18:18:28,770 [Thread-598] INFO  impl.FollowerState (FollowerState.java:run(108)) - b75f8b2e-6273-4c97-b7c5-042674931d23@group-F11756C8BA4A-FollowerState: change to CANDIDATE, lastRpcTime:61ms, electionTimeout:61ms
2019-10-20 18:18:28,770 [Thread-598] INFO  impl.RoleInfo (RoleInfo.java:shutdownFollowerState(121)) - b75f8b2e-6273-4c97-b7c5-042674931d23: shutdown FollowerState
2019-10-20 18:18:28,770 [Thread-598] INFO  impl.RaftServerImpl (RaftServerImpl.java:setRole(184)) - b75f8b2e-6273-4c97-b7c5-042674931d23@group-F11756C8BA4A: changes role from  FOLLOWER to CANDIDATE at term 14 for changeToCandidate
2019-10-20 18:18:28,770 [Thread-598] INFO  impl.RoleInfo (RoleInfo.java:updateAndGet(143)) - b75f8b2e-6273-4c97-b7c5-042674931d23: start LeaderElection
2019-10-20 18:18:28,799 [b75f8b2e-6273-4c97-b7c5-042674931d23@group-F11756C8BA4A-LeaderElection45] INFO  impl.LeaderElection (LeaderElection.java:askForVotes(178)) - b75f8b2e-6273-4c97-b7c5-042674931d23@group-F11756C8BA4A-LeaderElection45: begin an election at term 15 for -1: [6ef27e9c-8ddb-4fa1-8c14-ab102acfb1b8:192.168.164.241:38092, b75f8b2e-6273-4c97-b7c5-042674931d23:192.168.164.241:41857, 3750b3a2-715b-46b3-9d0c-9e38136244b9:192.168.164.241:46227], old=null
2019-10-20 18:18:28,802 [grpc-default-executor-1] INFO  impl.RaftServerImpl (RaftServerImpl.java:setRole(184)) - 3750b3a2-715b-46b3-9d0c-9e38136244b9@group-F11756C8BA4A: changes role from  FOLLOWER to FOLLOWER at term 15 for recognizeCandidate:b75f8b2e-6273-4c97-b7c5-042674931d23
2019-10-20 18:18:28,802 [grpc-default-executor-7] INFO  impl.RaftServerImpl (RaftServerImpl.java:setRole(184)) - 6ef27e9c-8ddb-4fa1-8c14-ab102acfb1b8@group-F11756C8BA4A: changes role from  FOLLOWER to FOLLOWER at term 15 for recognizeCandidate:b75f8b2e-6273-4c97-b7c5-042674931d23
2019-10-20 18:18:28,802 [grpc-default-executor-1] INFO  impl.RoleInfo (RoleInfo.java:shutdownFollowerState(121)) - 3750b3a2-715b-46b3-9d0c-9e38136244b9: shutdown FollowerState
2019-10-20 18:18:28,802 [grpc-default-executor-7] INFO  impl.RoleInfo (RoleInfo.java:shutdownFollowerState(121)) - 6ef27e9c-8ddb-4fa1-8c14-ab102acfb1b8: shutdown FollowerState
2019-10-20 18:18:28,803 [Thread-594] INFO  impl.FollowerState (FollowerState.java:run(117)) - 3750b3a2-715b-46b3-9d0c-9e38136244b9@group-F11756C8BA4A-FollowerState was interrupted: java.lang.InterruptedException: sleep interrupted
2019-10-20 18:18:28,803 [grpc-default-executor-1] INFO  impl.RoleInfo (RoleInfo.java:updateAndGet(143)) - 3750b3a2-715b-46b3-9d0c-9e38136244b9: start FollowerState
2019-10-20 18:18:28,803 [grpc-default-executor-7] INFO  impl.RoleInfo (RoleInfo.java:updateAndGet(143)) - 6ef27e9c-8ddb-4fa1-8c14-ab102acfb1b8: start FollowerState
2019-10-20 18:18:28,803 [Thread-595] INFO  impl.FollowerState (FollowerState.java:run(117)) - 6ef27e9c-8ddb-4fa1-8c14-ab102acfb1b8@group-F11756C8BA4A-FollowerState was interrupted: java.lang.InterruptedException: sleep interrupted
2019-10-20 18:18:28,826 [Thread-601] INFO  impl.FollowerState (FollowerState.java:run(108)) - 399079f7-1eb1-4f37-b003-267572525934@group-D40A05E2FCF9-FollowerState: change to CANDIDATE, lastRpcTime:92ms, electionTimeout:92ms
2019-10-20 18:18:28,826 [Thread-601] INFO  impl.RoleInfo (RoleInfo.java:shutdownFollowerState(121)) - 399079f7-1eb1-4f37-b003-267572525934: shutdown FollowerState
2019-10-20 18:18:28,826 [Thread-601] INFO  impl.RaftServerImpl (RaftServerImpl.java:setRole(184)) - 399079f7-1eb1-4f37-b003-267572525934@group-D40A05E2FCF9: changes role from  FOLLOWER to CANDIDATE at term 17 for changeToCandidate
2019-10-20 18:18:28,827 [Thread-601] INFO  impl.RoleInfo (RoleInfo.java:updateAndGet(143)) - 399079f7-1eb1-4f37-b003-267572525934: start LeaderElection
2019-10-20 18:18:28,834 [b75f8b2e-6273-4c97-b7c5-042674931d23@group-F11756C8BA4A-LeaderElection45] INFO  impl.LeaderElection (LeaderElection.java:logAndReturn(56)) - b75f8b2e-6273-4c97-b7c5-042674931d23@group-F11756C8BA4A-LeaderElection45: Election REJECTED; received 2 response(s) [b75f8b2e-6273-4c97-b7c5-042674931d23<-6ef27e9c-8ddb-4fa1-8c14-ab102acfb1b8#0:FAIL-t15, b75f8b2e-6273-4c97-b7c5-042674931d23<-3750b3a2-715b-46b3-9d0c-9e38136244b9#0:FAIL-t15] and 0 exception(s); b75f8b2e-6273-4c97-b7c5-042674931d23@group-F11756C8BA4A:t15, leader=null, voted=b75f8b2e-6273-4c97-b7c5-042674931d23, raftlog=b75f8b2e-6273-4c97-b7c5-042674931d23@group-F11756C8BA4A-SegmentedRaftLog:OPENED:c-1,f-1,i0, conf=-1: [6ef27e9c-8ddb-4fa1-8c14-ab102acfb1b8:192.168.164.241:38092, b75f8b2e-6273-4c97-b7c5-042674931d23:192.168.164.241:41857, 3750b3a2-715b-46b3-9d0c-9e38136244b9:192.168.164.241:46227], old=null
2019-10-20 18:18:28,835 [b75f8b2e-6273-4c97-b7c5-042674931d23@group-F11756C8BA4A-LeaderElection45] INFO  impl.RaftServerImpl (RaftServerImpl.java:setRole(184)) - b75f8b2e-6273-4c97-b7c5-042674931d23@group-F11756C8BA4A: changes role from CANDIDATE to FOLLOWER at term 15 for DISCOVERED_A_NEW_TERM
2019-10-20 18:18:28,835 [b75f8b2e-6273-4c97-b7c5-042674931d23@group-F11756C8BA4A-LeaderElection45] INFO  impl.RoleInfo (RoleInfo.java:shutdownLeaderElection(134)) - b75f8b2e-6273-4c97-b7c5-042674931d23: shutdown LeaderElection
2019-10-20 18:18:28,835 [b75f8b2e-6273-4c97-b7c5-042674931d23@group-F11756C8BA4A-LeaderElection45] INFO  impl.RoleInfo (RoleInfo.java:updateAndGet(143)) - b75f8b2e-6273-4c97-b7c5-042674931d23: start FollowerState
2019-10-20 18:18:28,850 [399079f7-1eb1-4f37-b003-267572525934@group-D40A05E2FCF9-LeaderElection46] INFO  impl.LeaderElection (LeaderElection.java:askForVotes(178)) - 399079f7-1eb1-4f37-b003-267572525934@group-D40A05E2FCF9-LeaderElection46: begin an election at term 18 for -1: [399079f7-1eb1-4f37-b003-267572525934:192.168.164.241:37762, 7a43c46a-fc88-4b2d-b2da-ae029cfa60ff:192.168.164.241:43684, 6c5c38af-62e6-4ea7-a24a-078dcb28fb39:192.168.164.241:45428], old=null
2019-10-20 18:18:28,852 [grpc-default-executor-1] INFO  impl.RaftServerImpl (RaftServerImpl.java:setRole(184)) - 6c5c38af-62e6-4ea7-a24a-078dcb28fb39@group-D40A05E2FCF9: changes role from  FOLLOWER to FOLLOWER at term 18 for recognizeCandidate:399079f7-1eb1-4f37-b003-267572525934
2019-10-20 18:18:28,852 [grpc-default-executor-7] INFO  impl.RaftServerImpl (RaftServerImpl.java:setRole(184)) - 7a43c46a-fc88-4b2d-b2da-ae029cfa60ff@group-D40A05E2FCF9: changes role from  FOLLOWER to FOLLOWER at term 18 for recognizeCandidate:399079f7-1eb1-4f37-b003-267572525934
2019-10-20 18:18:28,853 [grpc-default-executor-1] INFO  impl.RoleInfo (RoleInfo.java:shutdownFollowerState(121)) - 6c5c38af-62e6-4ea7-a24a-078dcb28fb39: shutdown FollowerState
2019-10-20 18:18:28,853 [grpc-default-executor-7] INFO  impl.RoleInfo (RoleInfo.java:shutdownFollowerState(121)) - 7a43c46a-fc88-4b2d-b2da-ae029cfa60ff: shutdown FollowerState
2019-10-20 18:18:28,853 [grpc-default-executor-1] INFO  impl.RoleInfo (RoleInfo.java:updateAndGet(143)) - 6c5c38af-62e6-4ea7-a24a-078dcb28fb39: start FollowerState
2019-10-20 18:18:28,853 [Thread-599] INFO  impl.FollowerState (FollowerState.java:run(117)) - 6c5c38af-62e6-4ea7-a24a-078dcb28fb39@group-D40A05E2FCF9-FollowerState was interrupted: java.lang.InterruptedException: sleep interrupted
2019-10-20 18:18:28,853 [Thread-600] INFO  impl.FollowerState (FollowerState.java:run(117)) - 7a43c46a-fc88-4b2d-b2da-ae029cfa60ff@group-D40A05E2FCF9-FollowerState was interrupted: java.lang.InterruptedException: sleep interrupted
2019-10-20 18:18:28,853 [grpc-default-executor-7] INFO  impl.RoleInfo (RoleInfo.java:updateAndGet(143)) - 7a43c46a-fc88-4b2d-b2da-ae029cfa60ff: start FollowerState
2019-10-20 18:18:28,877 [399079f7-1eb1-4f37-b003-267572525934@group-D40A05E2FCF9-LeaderElection46] INFO  impl.LeaderElection (LeaderElection.java:logAndReturn(56)) - 399079f7-1eb1-4f37-b003-267572525934@group-D40A05E2FCF9-LeaderElection46: Election REJECTED; received 2 response(s) [399079f7-1eb1-4f37-b003-267572525934<-7a43c46a-fc88-4b2d-b2da-ae029cfa60ff#0:FAIL-t18, 399079f7-1eb1-4f37-b003-267572525934<-6c5c38af-62e6-4ea7-a24a-078dcb28fb39#0:FAIL-t18] and 0 exception(s); 399079f7-1eb1-4f37-b003-267572525934@group-D40A05E2FCF9:t18, leader=null, voted=399079f7-1eb1-4f37-b003-267572525934, raftlog=399079f7-1eb1-4f37-b003-267572525934@group-D40A05E2FCF9-SegmentedRaftLog:OPENED:c-1,f-1,i0, conf=-1: [399079f7-1eb1-4f37-b003-267572525934:192.168.164.241:37762, 7a43c46a-fc88-4b2d-b2da-ae029cfa60ff:192.168.164.241:43684, 6c5c38af-62e6-4ea7-a24a-078dcb28fb39:192.168.164.241:45428], old=null
2019-10-20 18:18:28,877 [399079f7-1eb1-4f37-b003-267572525934@group-D40A05E2FCF9-LeaderElection46] INFO  impl.RaftServerImpl (RaftServerImpl.java:setRole(184)) - 399079f7-1eb1-4f37-b003-267572525934@group-D40A05E2FCF9: changes role from CANDIDATE to FOLLOWER at term 18 for DISCOVERED_A_NEW_TERM
2019-10-20 18:18:28,877 [399079f7-1eb1-4f37-b003-267572525934@group-D40A05E2FCF9-LeaderElection46] INFO  impl.RoleInfo (RoleInfo.java:shutdownLeaderElection(134)) - 399079f7-1eb1-4f37-b003-267572525934: shutdown LeaderElection
2019-10-20 18:18:28,877 [399079f7-1eb1-4f37-b003-267572525934@group-D40A05E2FCF9-LeaderElection46] INFO  impl.RoleInfo (RoleInfo.java:updateAndGet(143)) - 399079f7-1eb1-4f37-b003-267572525934: start FollowerState
2019-10-20 18:18:28,965 [Thread-608] INFO  impl.FollowerState (FollowerState.java:run(108)) - b75f8b2e-6273-4c97-b7c5-042674931d23@group-F11756C8BA4A-FollowerState: change to CANDIDATE, lastRpcTime:130ms, electionTimeout:130ms
2019-10-20 18:18:28,965 [Thread-608] INFO  impl.RoleInfo (RoleInfo.java:shutdownFollowerState(121)) - b75f8b2e-6273-4c97-b7c5-042674931d23: shutdown FollowerState
2019-10-20 18:18:28,965 [Thread-608] INFO  impl.RaftServerImpl (RaftServerImpl.java:setRole(184)) - b75f8b2e-6273-4c97-b7c5-042674931d23@group-F11756C8BA4A: changes role from  FOLLOWER to CANDIDATE at term 15 for changeToCandidate
2019-10-20 18:18:28,966 [Thread-608] INFO  impl.RoleInfo (RoleInfo.java:updateAndGet(143)) - b75f8b2e-6273-4c97-b7c5-042674931d23: start LeaderElection
2019-10-20 18:18:28,977 [Thread-613] INFO  impl.FollowerState (FollowerState.java:run(108)) - 399079f7-1eb1-4f37-b003-267572525934@group-D40A05E2FCF9-FollowerState: change to CANDIDATE, lastRpcTime:99ms, electionTimeout:99ms
2019-10-20 18:18:28,977 [Thread-613] INFO  impl.RoleInfo (RoleInfo.java:shutdownFollowerState(121)) - 399079f7-1eb1-4f37-b003-267572525934: shutdown FollowerState
2019-10-20 18:18:28,977 [Thread-613] INFO  impl.RaftServerImpl (RaftServerImpl.java:setRole(184)) - 399079f7-1eb1-4f37-b003-267572525934@group-D40A05E2FCF9: changes role from  FOLLOWER to CANDIDATE at term 18 for changeToCandidate
2019-10-20 18:18:28,977 [Thread-613] INFO  impl.RoleInfo (RoleInfo.java:updateAndGet(143)) - 399079f7-1eb1-4f37-b003-267572525934: start LeaderElection
2019-10-20 18:18:28,987 [b75f8b2e-6273-4c97-b7c5-042674931d23@group-F11756C8BA4A-LeaderElection47] INFO  impl.LeaderElection (LeaderElection.java:askForVotes(178)) - b75f8b2e-6273-4c97-b7c5-042674931d23@group-F11756C8BA4A-LeaderElection47: begin an election at term 16 for -1: [6ef27e9c-8ddb-4fa1-8c14-ab102acfb1b8:192.168.164.241:38092, b75f8b2e-6273-4c97-b7c5-042674931d23:192.168.164.241:41857, 3750b3a2-715b-46b3-9d0c-9e38136244b9:192.168.164.241:46227], old=null
2019-10-20 18:18:28,993 [grpc-default-executor-1] INFO  impl.RaftServerImpl (RaftServerImpl.java:setRole(184)) - 3750b3a2-715b-46b3-9d0c-9e38136244b9@group-F11756C8BA4A: changes role from  FOLLOWER to FOLLOWER at term 16 for recognizeCandidate:b75f8b2e-6273-4c97-b7c5-042674931d23
2019-10-20 18:18:28,993 [grpc-default-executor-7] INFO  impl.RaftServerImpl (RaftServerImpl.java:setRole(184)) - 6ef27e9c-8ddb-4fa1-8c14-ab102acfb1b8@group-F11756C8BA4A: changes role from  FOLLOWER to FOLLOWER at term 16 for recognizeCandidate:b75f8b2e-6273-4c97-b7c5-042674931d23
2019-10-20 18:18:28,993 [grpc-default-executor-1] INFO  impl.RoleInfo (RoleInfo.java:shutdownFollowerState(121)) - 3750b3a2-715b-46b3-9d0c-9e38136244b9: shutdown FollowerState
2019-10-20 18:18:28,994 [grpc-default-executor-7] INFO  impl.RoleInfo (RoleInfo.java:shutdownFollowerState(121)) - 6ef27e9c-8ddb-4fa1-8c14-ab102acfb1b8: shutdown FollowerState
2019-10-20 18:18:28,994 [Thread-605] INFO  impl.FollowerState (FollowerState.java:run(117)) - 3750b3a2-715b-46b3-9d0c-9e38136244b9@group-F11756C8BA4A-FollowerState was interrupted: java.lang.InterruptedException: sleep interrupted
2019-10-20 18:18:28,994 [grpc-default-executor-1] INFO  impl.RoleInfo (RoleInfo.java:updateAndGet(143)) - 3750b3a2-715b-46b3-9d0c-9e38136244b9: start FollowerState
2019-10-20 18:18:28,994 [Thread-606] INFO  impl.FollowerState (FollowerState.java:run(117)) - 6ef27e9c-8ddb-4fa1-8c14-ab102acfb1b8@group-F11756C8BA4A-FollowerState was interrupted: java.lang.InterruptedException: sleep interrupted
2019-10-20 18:18:28,994 [grpc-default-executor-7] INFO  impl.RoleInfo (RoleInfo.java:updateAndGet(143)) - 6ef27e9c-8ddb-4fa1-8c14-ab102acfb1b8: start FollowerState
2019-10-20 18:18:29,004 [399079f7-1eb1-4f37-b003-267572525934@group-D40A05E2FCF9-LeaderElection48] INFO  impl.LeaderElection (LeaderElection.java:askForVotes(178)) - 399079f7-1eb1-4f37-b003-267572525934@group-D40A05E2FCF9-LeaderElection48: begin an election at term 19 for -1: [399079f7-1eb1-4f37-b003-267572525934:192.168.164.241:37762, 7a43c46a-fc88-4b2d-b2da-ae029cfa60ff:192.168.164.241:43684, 6c5c38af-62e6-4ea7-a24a-078dcb28fb39:192.168.164.241:45428], old=null
2019-10-20 18:18:29,006 [grpc-default-executor-3] INFO  impl.RaftServerImpl (RaftServerImpl.java:setRole(184)) - 7a43c46a-fc88-4b2d-b2da-ae029cfa60ff@group-D40A05E2FCF9: changes role from  FOLLOWER to FOLLOWER at term 19 for recognizeCandidate:399079f7-1eb1-4f37-b003-267572525934
2019-10-20 18:18:29,006 [grpc-default-executor-3] INFO  impl.RoleInfo (RoleInfo.java:shutdownFollowerState(121)) - 7a43c46a-fc88-4b2d-b2da-ae029cfa60ff: shutdown FollowerState
2019-10-20 18:18:29,006 [grpc-default-executor-3] INFO  impl.RoleInfo (RoleInfo.java:updateAndGet(143)) - 7a43c46a-fc88-4b2d-b2da-ae029cfa60ff: start FollowerState
2019-10-20 18:18:29,006 [Thread-612] INFO  impl.FollowerState (FollowerState.java:run(117)) - 7a43c46a-fc88-4b2d-b2da-ae029cfa60ff@group-D40A05E2FCF9-FollowerState was interrupted: java.lang.InterruptedException: sleep interrupted
2019-10-20 18:18:29,007 [grpc-default-executor-10] INFO  impl.RaftServerImpl (RaftServerImpl.java:setRole(184)) - 6c5c38af-62e6-4ea7-a24a-078dcb28fb39@group-D40A05E2FCF9: changes role from  FOLLOWER to FOLLOWER at term 19 for recognizeCandidate:399079f7-1eb1-4f37-b003-267572525934
2019-10-20 18:18:29,007 [grpc-default-executor-10] INFO  impl.RoleInfo (RoleInfo.java:shutdownFollowerState(121)) - 6c5c38af-62e6-4ea7-a24a-078dcb28fb39: shutdown FollowerState
2019-10-20 18:18:29,007 [grpc-default-executor-10] INFO  impl.RoleInfo (RoleInfo.java:updateAndGet(143)) - 6c5c38af-62e6-4ea7-a24a-078dcb28fb39: start FollowerState
2019-10-20 18:18:29,007 [Thread-611] INFO  impl.FollowerState (FollowerState.java:run(117)) - 6c5c38af-62e6-4ea7-a24a-078dcb28fb39@group-D40A05E2FCF9-FollowerState was interrupted: java.lang.InterruptedException: sleep interrupted
2019-10-20 18:18:29,036 [b75f8b2e-6273-4c97-b7c5-042674931d23@group-F11756C8BA4A-LeaderElection47] INFO  impl.LeaderElection (LeaderElection.java:logAndReturn(56)) - b75f8b2e-6273-4c97-b7c5-042674931d23@group-F11756C8BA4A-LeaderElection47: Election REJECTED; received 2 response(s) [b75f8b2e-6273-4c97-b7c5-042674931d23<-6ef27e9c-8ddb-4fa1-8c14-ab102acfb1b8#0:FAIL-t16, b75f8b2e-6273-4c97-b7c5-042674931d23<-3750b3a2-715b-46b3-9d0c-9e38136244b9#0:FAIL-t16] and 0 exception(s); b75f8b2e-6273-4c97-b7c5-042674931d23@group-F11756C8BA4A:t16, leader=null, voted=b75f8b2e-6273-4c97-b7c5-042674931d23, raftlog=b75f8b2e-6273-4c97-b7c5-042674931d23@group-F11756C8BA4A-SegmentedRaftLog:OPENED:c-1,f-1,i0, conf=-1: [6ef27e9c-8ddb-4fa1-8c14-ab102acfb1b8:192.168.164.241:38092, b75f8b2e-6273-4c97-b7c5-042674931d23:192.168.164.241:41857, 3750b3a2-715b-46b3-9d0c-9e38136244b9:192.168.164.241:46227], old=null
2019-10-20 18:18:29,037 [b75f8b2e-6273-4c97-b7c5-042674931d23@group-F11756C8BA4A-LeaderElection47] INFO  impl.RaftServerImpl (RaftServerImpl.java:setRole(184)) - b75f8b2e-6273-4c97-b7c5-042674931d23@group-F11756C8BA4A: changes role from CANDIDATE to FOLLOWER at term 16 for DISCOVERED_A_NEW_TERM
2019-10-20 18:18:29,037 [b75f8b2e-6273-4c97-b7c5-042674931d23@group-F11756C8BA4A-LeaderElection47] INFO  impl.RoleInfo (RoleInfo.java:shutdownLeaderElection(134)) - b75f8b2e-6273-4c97-b7c5-042674931d23: shutdown LeaderElection
2019-10-20 18:18:29,037 [b75f8b2e-6273-4c97-b7c5-042674931d23@group-F11756C8BA4A-LeaderElection47] INFO  impl.RoleInfo (RoleInfo.java:updateAndGet(143)) - b75f8b2e-6273-4c97-b7c5-042674931d23: start FollowerState
2019-10-20 18:18:29,046 [399079f7-1eb1-4f37-b003-267572525934@group-D40A05E2FCF9-LeaderElection48] INFO  impl.LeaderElection (LeaderElection.java:logAndReturn(56)) - 399079f7-1eb1-4f37-b003-267572525934@group-D40A05E2FCF9-LeaderElection48: Election REJECTED; received 2 response(s) [399079f7-1eb1-4f37-b003-267572525934<-7a43c46a-fc88-4b2d-b2da-ae029cfa60ff#0:FAIL-t19, 399079f7-1eb1-4f37-b003-267572525934<-6c5c38af-62e6-4ea7-a24a-078dcb28fb39#0:FAIL-t19] and 0 exception(s); 399079f7-1eb1-4f37-b003-267572525934@group-D40A05E2FCF9:t19, leader=null, voted=399079f7-1eb1-4f37-b003-267572525934, raftlog=399079f7-1eb1-4f37-b003-267572525934@group-D40A05E2FCF9-SegmentedRaftLog:OPENED:c-1,f-1,i0, conf=-1: [399079f7-1eb1-4f37-b003-267572525934:192.168.164.241:37762, 7a43c46a-fc88-4b2d-b2da-ae029cfa60ff:192.168.164.241:43684, 6c5c38af-62e6-4ea7-a24a-078dcb28fb39:192.168.164.241:45428], old=null
2019-10-20 18:18:29,046 [399079f7-1eb1-4f37-b003-267572525934@group-D40A05E2FCF9-LeaderElection48] INFO  impl.RaftServerImpl (RaftServerImpl.java:setRole(184)) - 399079f7-1eb1-4f37-b003-267572525934@group-D40A05E2FCF9: changes role from CANDIDATE to FOLLOWER at term 19 for DISCOVERED_A_NEW_TERM
2019-10-20 18:18:29,047 [399079f7-1eb1-4f37-b003-267572525934@group-D40A05E2FCF9-LeaderElection48] INFO  impl.RoleInfo (RoleInfo.java:shutdownLeaderElection(134)) - 399079f7-1eb1-4f37-b003-267572525934: shutdown LeaderElection
2019-10-20 18:18:29,047 [399079f7-1eb1-4f37-b003-267572525934@group-D40A05E2FCF9-LeaderElection48] INFO  impl.RoleInfo (RoleInfo.java:updateAndGet(143)) - 399079f7-1eb1-4f37-b003-267572525934: start FollowerState
2019-10-20 18:18:29,095 [Thread-625] INFO  impl.FollowerState (FollowerState.java:run(108)) - b75f8b2e-6273-4c97-b7c5-042674931d23@group-F11756C8BA4A-FollowerState: change to CANDIDATE, lastRpcTime:58ms, electionTimeout:58ms
2019-10-20 18:18:29,096 [Thread-625] INFO  impl.RoleInfo (RoleInfo.java:shutdownFollowerState(121)) - b75f8b2e-6273-4c97-b7c5-042674931d23: shutdown FollowerState
2019-10-20 18:18:29,096 [Thread-625] INFO  impl.RaftServerImpl (RaftServerImpl.java:setRole(184)) - b75f8b2e-6273-4c97-b7c5-042674931d23@group-F11756C8BA4A: changes role from  FOLLOWER to CANDIDATE at term 16 for changeToCandidate
2019-10-20 18:18:29,096 [Thread-625] INFO  impl.RoleInfo (RoleInfo.java:updateAndGet(143)) - b75f8b2e-6273-4c97-b7c5-042674931d23: start LeaderElection
2019-10-20 18:18:29,122 [b75f8b2e-6273-4c97-b7c5-042674931d23@group-F11756C8BA4A-LeaderElection49] INFO  impl.LeaderElection (LeaderElection.java:askForVotes(178)) - b75f8b2e-6273-4c97-b7c5-042674931d23@group-F11756C8BA4A-LeaderElection49: begin an election at term 17 for -1: [6ef27e9c-8ddb-4fa1-8c14-ab102acfb1b8:192.168.164.241:38092, b75f8b2e-6273-4c97-b7c5-042674931d23:192.168.164.241:41857, 3750b3a2-715b-46b3-9d0c-9e38136244b9:192.168.164.241:46227], old=null
2019-10-20 18:18:29,125 [grpc-default-executor-7] INFO  impl.RaftServerImpl (RaftServerImpl.java:setRole(184)) - 3750b3a2-715b-46b3-9d0c-9e38136244b9@group-F11756C8BA4A: changes role from  FOLLOWER to FOLLOWER at term 17 for recognizeCandidate:b75f8b2e-6273-4c97-b7c5-042674931d23
2019-10-20 18:18:29,125 [grpc-default-executor-3] INFO  impl.RaftServerImpl (RaftServerImpl.java:setRole(184)) - 6ef27e9c-8ddb-4fa1-8c14-ab102acfb1b8@group-F11756C8BA4A: changes role from  FOLLOWER to FOLLOWER at term 17 for recognizeCandidate:b75f8b2e-6273-4c97-b7c5-042674931d23
2019-10-20 18:18:29,126 [grpc-default-executor-7] INFO  impl.RoleInfo (RoleInfo.java:shutdownFollowerState(121)) - 3750b3a2-715b-46b3-9d0c-9e38136244b9: shutdown FollowerState
2019-10-20 18:18:29,126 [grpc-default-executor-3] INFO  impl.RoleInfo (RoleInfo.java:shutdownFollowerState(121)) - 6ef27e9c-8ddb-4fa1-8c14-ab102acfb1b8: shutdown FollowerState
2019-10-20 18:18:29,126 [Thread-618] INFO  impl.FollowerState (FollowerState.java:run(117)) - 3750b3a2-715b-46b3-9d0c-9e38136244b9@group-F11756C8BA4A-FollowerState was interrupted: java.lang.InterruptedException: sleep interrupted
2019-10-20 18:18:29,126 [grpc-default-executor-7] INFO  impl.RoleInfo (RoleInfo.java:updateAndGet(143)) - 3750b3a2-715b-46b3-9d0c-9e38136244b9: start FollowerState
2019-10-20 18:18:29,126 [grpc-default-executor-3] INFO  impl.RoleInfo (RoleInfo.java:updateAndGet(143)) - 6ef27e9c-8ddb-4fa1-8c14-ab102acfb1b8: start FollowerState
2019-10-20 18:18:29,126 [Thread-619] INFO  impl.FollowerState (FollowerState.java:run(117)) - 6ef27e9c-8ddb-4fa1-8c14-ab102acfb1b8@group-F11756C8BA4A-FollowerState was interrupted: java.lang.InterruptedException: sleep interrupted
2019-10-20 18:18:29,158 [b75f8b2e-6273-4c97-b7c5-042674931d23@group-F11756C8BA4A-LeaderElection49] INFO  impl.LeaderElection (LeaderElection.java:logAndReturn(56)) - b75f8b2e-6273-4c97-b7c5-042674931d23@group-F11756C8BA4A-LeaderElection49: Election REJECTED; received 2 response(s) [b75f8b2e-6273-4c97-b7c5-042674931d23<-6ef27e9c-8ddb-4fa1-8c14-ab102acfb1b8#0:FAIL-t17, b75f8b2e-6273-4c97-b7c5-042674931d23<-3750b3a2-715b-46b3-9d0c-9e38136244b9#0:FAIL-t17] and 0 exception(s); b75f8b2e-6273-4c97-b7c5-042674931d23@group-F11756C8BA4A:t17, leader=null, voted=b75f8b2e-6273-4c97-b7c5-042674931d23, raftlog=b75f8b2e-6273-4c97-b7c5-042674931d23@group-F11756C8BA4A-SegmentedRaftLog:OPENED:c-1,f-1,i0, conf=-1: [6ef27e9c-8ddb-4fa1-8c14-ab102acfb1b8:192.168.164.241:38092, b75f8b2e-6273-4c97-b7c5-042674931d23:192.168.164.241:41857, 3750b3a2-715b-46b3-9d0c-9e38136244b9:192.168.164.241:46227], old=null
2019-10-20 18:18:29,158 [b75f8b2e-6273-4c97-b7c5-042674931d23@group-F11756C8BA4A-LeaderElection49] INFO  impl.RaftServerImpl (RaftServerImpl.java:setRole(184)) - b75f8b2e-6273-4c97-b7c5-042674931d23@group-F11756C8BA4A: changes role from CANDIDATE to FOLLOWER at term 17 for DISCOVERED_A_NEW_TERM
2019-10-20 18:18:29,158 [b75f8b2e-6273-4c97-b7c5-042674931d23@group-F11756C8BA4A-LeaderElection49] INFO  impl.RoleInfo (RoleInfo.java:shutdownLeaderElection(134)) - b75f8b2e-6273-4c97-b7c5-042674931d23: shutdown LeaderElection
2019-10-20 18:18:29,158 [b75f8b2e-6273-4c97-b7c5-042674931d23@group-F11756C8BA4A-LeaderElection49] INFO  impl.RoleInfo (RoleInfo.java:updateAndGet(143)) - b75f8b2e-6273-4c97-b7c5-042674931d23: start FollowerState
2019-10-20 18:18:29,200 [Thread-633] INFO  impl.FollowerState (FollowerState.java:run(108)) - b75f8b2e-6273-4c97-b7c5-042674931d23@group-F11756C8BA4A-FollowerState: change to CANDIDATE, lastRpcTime:41ms, electionTimeout:41ms
2019-10-20 18:18:29,200 [Thread-633] INFO  impl.RoleInfo (RoleInfo.java:shutdownFollowerState(121)) - b75f8b2e-6273-4c97-b7c5-042674931d23: shutdown FollowerState
2019-10-20 18:18:29,200 [Thread-633] INFO  impl.RaftServerImpl (RaftServerImpl.java:setRole(184)) - b75f8b2e-6273-4c97-b7c5-042674931d23@group-F11756C8BA4A: changes role from  FOLLOWER to CANDIDATE at term 17 for changeToCandidate
2019-10-20 18:18:29,200 [Thread-633] INFO  impl.RoleInfo (RoleInfo.java:updateAndGet(143)) - b75f8b2e-6273-4c97-b7c5-042674931d23: start LeaderElection
2019-10-20 18:18:29,224 [b75f8b2e-6273-4c97-b7c5-042674931d23@group-F11756C8BA4A-LeaderElection50] INFO  impl.LeaderElection (LeaderElection.java:askForVotes(178)) - b75f8b2e-6273-4c97-b7c5-042674931d23@group-F11756C8BA4A-LeaderElection50: begin an election at term 18 for -1: [6ef27e9c-8ddb-4fa1-8c14-ab102acfb1b8:192.168.164.241:38092, b75f8b2e-6273-4c97-b7c5-042674931d23:192.168.164.241:41857, 3750b3a2-715b-46b3-9d0c-9e38136244b9:192.168.164.241:46227], old=null
2019-10-20 18:18:29,230 [grpc-default-executor-3] INFO  impl.RaftServerImpl (RaftServerImpl.java:setRole(184)) - 6ef27e9c-8ddb-4fa1-8c14-ab102acfb1b8@group-F11756C8BA4A: changes role from  FOLLOWER to FOLLOWER at term 18 for recognizeCandidate:b75f8b2e-6273-4c97-b7c5-042674931d23
2019-10-20 18:18:29,230 [grpc-default-executor-7] INFO  impl.RaftServerImpl (RaftServerImpl.java:setRole(184)) - 3750b3a2-715b-46b3-9d0c-9e38136244b9@group-F11756C8BA4A: changes role from  FOLLOWER to FOLLOWER at term 18 for recognizeCandidate:b75f8b2e-6273-4c97-b7c5-042674931d23
2019-10-20 18:18:29,230 [grpc-default-executor-3] INFO  impl.RoleInfo (RoleInfo.java:shutdownFollowerState(121)) - 6ef27e9c-8ddb-4fa1-8c14-ab102acfb1b8: shutdown FollowerState
2019-10-20 18:18:29,231 [grpc-default-executor-7] INFO  impl.RoleInfo (RoleInfo.java:shutdownFollowerState(121)) - 3750b3a2-715b-46b3-9d0c-9e38136244b9: shutdown FollowerState
2019-10-20 18:18:29,231 [Thread-632] INFO  impl.FollowerState (FollowerState.java:run(117)) - 6ef27e9c-8ddb-4fa1-8c14-ab102acfb1b8@group-F11756C8BA4A-FollowerState was interrupted: java.lang.InterruptedException: sleep interrupted
2019-10-20 18:18:29,231 [grpc-default-executor-3] INFO  impl.RoleInfo (RoleInfo.java:updateAndGet(143)) - 6ef27e9c-8ddb-4fa1-8c14-ab102acfb1b8: start FollowerState
2019-10-20 18:18:29,231 [Thread-631] INFO  impl.FollowerState (FollowerState.java:run(117)) - 3750b3a2-715b-46b3-9d0c-9e38136244b9@group-F11756C8BA4A-FollowerState was interrupted: java.lang.InterruptedException: sleep interrupted
2019-10-20 18:18:29,231 [grpc-default-executor-7] INFO  impl.RoleInfo (RoleInfo.java:updateAndGet(143)) - 3750b3a2-715b-46b3-9d0c-9e38136244b9: start FollowerState
2019-10-20 18:18:29,233 [Thread-627] INFO  impl.FollowerState (FollowerState.java:run(108)) - 399079f7-1eb1-4f37-b003-267572525934@group-D40A05E2FCF9-FollowerState: change to CANDIDATE, lastRpcTime:185ms, electionTimeout:185ms
2019-10-20 18:18:29,233 [Thread-627] INFO  impl.RoleInfo (RoleInfo.java:shutdownFollowerState(121)) - 399079f7-1eb1-4f37-b003-267572525934: shutdown FollowerState
2019-10-20 18:18:29,233 [Thread-627] INFO  impl.RaftServerImpl (RaftServerImpl.java:setRole(184)) - 399079f7-1eb1-4f37-b003-267572525934@group-D40A05E2FCF9: changes role from  FOLLOWER to CANDIDATE at term 19 for changeToCandidate
2019-10-20 18:18:29,233 [Thread-627] INFO  impl.RoleInfo (RoleInfo.java:updateAndGet(143)) - 399079f7-1eb1-4f37-b003-267572525934: start LeaderElection
2019-10-20 18:18:29,258 [399079f7-1eb1-4f37-b003-267572525934@group-D40A05E2FCF9-LeaderElection51] INFO  impl.LeaderElection (LeaderElection.java:askForVotes(178)) - 399079f7-1eb1-4f37-b003-267572525934@group-D40A05E2FCF9-LeaderElection51: begin an election at term 20 for -1: [399079f7-1eb1-4f37-b003-267572525934:192.168.164.241:37762, 7a43c46a-fc88-4b2d-b2da-ae029cfa60ff:192.168.164.241:43684, 6c5c38af-62e6-4ea7-a24a-078dcb28fb39:192.168.164.241:45428], old=null
2019-10-20 18:18:29,262 [b75f8b2e-6273-4c97-b7c5-042674931d23@group-F11756C8BA4A-LeaderElection50] INFO  impl.LeaderElection (LeaderElection.java:logAndReturn(56)) - b75f8b2e-6273-4c97-b7c5-042674931d23@group-F11756C8BA4A-LeaderElection50: Election REJECTED; received 2 response(s) [b75f8b2e-6273-4c97-b7c5-042674931d23<-6ef27e9c-8ddb-4fa1-8c14-ab102acfb1b8#0:FAIL-t18, b75f8b2e-6273-4c97-b7c5-042674931d23<-3750b3a2-715b-46b3-9d0c-9e38136244b9#0:FAIL-t18] and 0 exception(s); b75f8b2e-6273-4c97-b7c5-042674931d23@group-F11756C8BA4A:t18, leader=null, voted=b75f8b2e-6273-4c97-b7c5-042674931d23, raftlog=b75f8b2e-6273-4c97-b7c5-042674931d23@group-F11756C8BA4A-SegmentedRaftLog:OPENED:c-1,f-1,i0, conf=-1: [6ef27e9c-8ddb-4fa1-8c14-ab102acfb1b8:192.168.164.241:38092, b75f8b2e-6273-4c97-b7c5-042674931d23:192.168.164.241:41857, 3750b3a2-715b-46b3-9d0c-9e38136244b9:192.168.164.241:46227], old=null
2019-10-20 18:18:29,262 [b75f8b2e-6273-4c97-b7c5-042674931d23@group-F11756C8BA4A-LeaderElection50] INFO  impl.RaftServerImpl (RaftServerImpl.java:setRole(184)) - b75f8b2e-6273-4c97-b7c5-042674931d23@group-F11756C8BA4A: changes role from CANDIDATE to FOLLOWER at term 18 for DISCOVERED_A_NEW_TERM
2019-10-20 18:18:29,262 [b75f8b2e-6273-4c97-b7c5-042674931d23@group-F11756C8BA4A-LeaderElection50] INFO  impl.RoleInfo (RoleInfo.java:shutdownLeaderElection(134)) - b75f8b2e-6273-4c97-b7c5-042674931d23: shutdown LeaderElection
2019-10-20 18:18:29,262 [b75f8b2e-6273-4c97-b7c5-042674931d23@group-F11756C8BA4A-LeaderElection50] INFO  impl.RoleInfo (RoleInfo.java:updateAndGet(143)) - b75f8b2e-6273-4c97-b7c5-042674931d23: start FollowerState
2019-10-20 18:18:29,262 [grpc-default-executor-7] INFO  impl.RaftServerImpl (RaftServerImpl.java:setRole(184)) - 6c5c38af-62e6-4ea7-a24a-078dcb28fb39@group-D40A05E2FCF9: changes role from  FOLLOWER to FOLLOWER at term 20 for recognizeCandidate:399079f7-1eb1-4f37-b003-267572525934
2019-10-20 18:18:29,263 [grpc-default-executor-7] INFO  impl.RoleInfo (RoleInfo.java:shutdownFollowerState(121)) - 6c5c38af-62e6-4ea7-a24a-078dcb28fb39: shutdown FollowerState
2019-10-20 18:18:29,263 [grpc-default-executor-3] INFO  impl.RaftServerImpl (RaftServerImpl.java:setRole(184)) - 7a43c46a-fc88-4b2d-b2da-ae029cfa60ff@group-D40A05E2FCF9: changes role from  FOLLOWER to FOLLOWER at term 20 for recognizeCandidate:399079f7-1eb1-4f37-b003-267572525934
2019-10-20 18:18:29,263 [Thread-623] INFO  impl.FollowerState (FollowerState.java:run(117)) - 6c5c38af-62e6-4ea7-a24a-078dcb28fb39@group-D40A05E2FCF9-FollowerState was interrupted: java.lang.InterruptedException: sleep interrupted
2019-10-20 18:18:29,263 [grpc-default-executor-7] INFO  impl.RoleInfo (RoleInfo.java:updateAndGet(143)) - 6c5c38af-62e6-4ea7-a24a-078dcb28fb39: start FollowerState
2019-10-20 18:18:29,263 [grpc-default-executor-3] INFO  impl.RoleInfo (RoleInfo.java:shutdownFollowerState(121)) - 7a43c46a-fc88-4b2d-b2da-ae029cfa60ff: shutdown FollowerState
2019-10-20 18:18:29,263 [grpc-default-executor-3] INFO  impl.RoleInfo (RoleInfo.java:updateAndGet(143)) - 7a43c46a-fc88-4b2d-b2da-ae029cfa60ff: start FollowerState
2019-10-20 18:18:29,263 [Thread-622] INFO  impl.FollowerState (FollowerState.java:run(117)) - 7a43c46a-fc88-4b2d-b2da-ae029cfa60ff@group-D40A05E2FCF9-FollowerState was interrupted: java.lang.InterruptedException: sleep interrupted
2019-10-20 18:18:29,293 [399079f7-1eb1-4f37-b003-267572525934@group-D40A05E2FCF9-LeaderElection51] INFO  impl.LeaderElection (LeaderElection.java:logAndReturn(56)) - 399079f7-1eb1-4f37-b003-267572525934@group-D40A05E2FCF9-LeaderElection51: Election REJECTED; received 2 response(s) [399079f7-1eb1-4f37-b003-267572525934<-7a43c46a-fc88-4b2d-b2da-ae029cfa60ff#0:FAIL-t20, 399079f7-1eb1-4f37-b003-267572525934<-6c5c38af-62e6-4ea7-a24a-078dcb28fb39#0:FAIL-t20] and 0 exception(s); 399079f7-1eb1-4f37-b003-267572525934@group-D40A05E2FCF9:t20, leader=null, voted=399079f7-1eb1-4f37-b003-267572525934, raftlog=399079f7-1eb1-4f37-b003-267572525934@group-D40A05E2FCF9-SegmentedRaftLog:OPENED:c-1,f-1,i0, conf=-1: [399079f7-1eb1-4f37-b003-267572525934:192.168.164.241:37762, 7a43c46a-fc88-4b2d-b2da-ae029cfa60ff:192.168.164.241:43684, 6c5c38af-62e6-4ea7-a24a-078dcb28fb39:192.168.164.241:45428], old=null
2019-10-20 18:18:29,293 [399079f7-1eb1-4f37-b003-267572525934@group-D40A05E2FCF9-LeaderElection51] INFO  impl.RaftServerImpl (RaftServerImpl.java:setRole(184)) - 399079f7-1eb1-4f37-b003-267572525934@group-D40A05E2FCF9: changes role from CANDIDATE to FOLLOWER at term 20 for DISCOVERED_A_NEW_TERM
2019-10-20 18:18:29,293 [399079f7-1eb1-4f37-b003-267572525934@group-D40A05E2FCF9-LeaderElection51] INFO  impl.RoleInfo (RoleInfo.java:shutdownLeaderElection(134)) - 399079f7-1eb1-4f37-b003-267572525934: shutdown LeaderElection
2019-10-20 18:18:29,293 [399079f7-1eb1-4f37-b003-267572525934@group-D40A05E2FCF9-LeaderElection51] INFO  impl.RoleInfo (RoleInfo.java:updateAndGet(143)) - 399079f7-1eb1-4f37-b003-267572525934: start FollowerState
2019-10-20 18:18:29,354 [Thread-644] INFO  impl.FollowerState (FollowerState.java:run(108)) - b75f8b2e-6273-4c97-b7c5-042674931d23@group-F11756C8BA4A-FollowerState: change to CANDIDATE, lastRpcTime:92ms, electionTimeout:92ms
2019-10-20 18:18:29,354 [Thread-644] INFO  impl.RoleInfo (RoleInfo.java:shutdownFollowerState(121)) - b75f8b2e-6273-4c97-b7c5-042674931d23: shutdown FollowerState
2019-10-20 18:18:29,355 [Thread-644] INFO  impl.RaftServerImpl (RaftServerImpl.java:setRole(184)) - b75f8b2e-6273-4c97-b7c5-042674931d23@group-F11756C8BA4A: changes role from  FOLLOWER to CANDIDATE at term 18 for changeToCandidate
2019-10-20 18:18:29,355 [Thread-644] INFO  impl.RoleInfo (RoleInfo.java:updateAndGet(143)) - b75f8b2e-6273-4c97-b7c5-042674931d23: start LeaderElection
2019-10-20 18:18:29,384 [b75f8b2e-6273-4c97-b7c5-042674931d23@group-F11756C8BA4A-LeaderElection52] INFO  impl.LeaderElection (LeaderElection.java:askForVotes(178)) - b75f8b2e-6273-4c97-b7c5-042674931d23@group-F11756C8BA4A-LeaderElection52: begin an election at term 19 for -1: [6ef27e9c-8ddb-4fa1-8c14-ab102acfb1b8:192.168.164.241:38092, b75f8b2e-6273-4c97-b7c5-042674931d23:192.168.164.241:41857, 3750b3a2-715b-46b3-9d0c-9e38136244b9:192.168.164.241:46227], old=null
2019-10-20 18:18:29,387 [grpc-default-executor-3] INFO  impl.RaftServerImpl (RaftServerImpl.java:setRole(184)) - 3750b3a2-715b-46b3-9d0c-9e38136244b9@group-F11756C8BA4A: changes role from  FOLLOWER to FOLLOWER at term 19 for recognizeCandidate:b75f8b2e-6273-4c97-b7c5-042674931d23
2019-10-20 18:18:29,387 [grpc-default-executor-7] INFO  impl.RaftServerImpl (RaftServerImpl.java:setRole(184)) - 6ef27e9c-8ddb-4fa1-8c14-ab102acfb1b8@group-F11756C8BA4A: changes role from  FOLLOWER to FOLLOWER at term 19 for recognizeCandidate:b75f8b2e-6273-4c97-b7c5-042674931d23
2019-10-20 18:18:29,387 [grpc-default-executor-3] INFO  impl.RoleInfo (RoleInfo.java:shutdownFollowerState(121)) - 3750b3a2-715b-46b3-9d0c-9e38136244b9: shutdown FollowerState
2019-10-20 18:18:29,387 [grpc-default-executor-7] INFO  impl.RoleInfo (RoleInfo.java:shutdownFollowerState(121)) - 6ef27e9c-8ddb-4fa1-8c14-ab102acfb1b8: shutdown FollowerState
2019-10-20 18:18:29,387 [grpc-default-executor-3] INFO  impl.RoleInfo (RoleInfo.java:updateAndGet(143)) - 3750b3a2-715b-46b3-9d0c-9e38136244b9: start FollowerState
2019-10-20 18:18:29,388 [Thread-639] INFO  impl.FollowerState (FollowerState.java:run(117)) - 6ef27e9c-8ddb-4fa1-8c14-ab102acfb1b8@group-F11756C8BA4A-FollowerState was interrupted: java.lang.InterruptedException: sleep interrupted
2019-10-20 18:18:29,388 [grpc-default-executor-7] INFO  impl.RoleInfo (RoleInfo.java:updateAndGet(143)) - 6ef27e9c-8ddb-4fa1-8c14-ab102acfb1b8: start FollowerState
2019-10-20 18:18:29,387 [Thread-640] INFO  impl.FollowerState (FollowerState.java:run(117)) - 3750b3a2-715b-46b3-9d0c-9e38136244b9@group-F11756C8BA4A-FollowerState was interrupted: java.lang.InterruptedException: sleep interrupted
2019-10-20 18:18:29,422 [b75f8b2e-6273-4c97-b7c5-042674931d23@group-F11756C8BA4A-LeaderElection52] INFO  impl.LeaderElection (LeaderElection.java:logAndReturn(56)) - b75f8b2e-6273-4c97-b7c5-042674931d23@group-F11756C8BA4A-LeaderElection52: Election REJECTED; received 2 response(s) [b75f8b2e-6273-4c97-b7c5-042674931d23<-6ef27e9c-8ddb-4fa1-8c14-ab102acfb1b8#0:FAIL-t19, b75f8b2e-6273-4c97-b7c5-042674931d23<-3750b3a2-715b-46b3-9d0c-9e38136244b9#0:FAIL-t19] and 0 exception(s); b75f8b2e-6273-4c97-b7c5-042674931d23@group-F11756C8BA4A:t19, leader=null, voted=b75f8b2e-6273-4c97-b7c5-042674931d23, raftlog=b75f8b2e-6273-4c97-b7c5-042674931d23@group-F11756C8BA4A-SegmentedRaftLog:OPENED:c-1,f-1,i0, conf=-1: [6ef27e9c-8ddb-4fa1-8c14-ab102acfb1b8:192.168.164.241:38092, b75f8b2e-6273-4c97-b7c5-042674931d23:192.168.164.241:41857, 3750b3a2-715b-46b3-9d0c-9e38136244b9:192.168.164.241:46227], old=null
2019-10-20 18:18:29,422 [b75f8b2e-6273-4c97-b7c5-042674931d23@group-F11756C8BA4A-LeaderElection52] INFO  impl.RaftServerImpl (RaftServerImpl.java:setRole(184)) - b75f8b2e-6273-4c97-b7c5-042674931d23@group-F11756C8BA4A: changes role from CANDIDATE to FOLLOWER at term 19 for DISCOVERED_A_NEW_TERM
2019-10-20 18:18:29,423 [b75f8b2e-6273-4c97-b7c5-042674931d23@group-F11756C8BA4A-LeaderElection52] INFO  impl.RoleInfo (RoleInfo.java:shutdownLeaderElection(134)) - b75f8b2e-6273-4c97-b7c5-042674931d23: shutdown LeaderElection
2019-10-20 18:18:29,423 [b75f8b2e-6273-4c97-b7c5-042674931d23@group-F11756C8BA4A-LeaderElection52] INFO  impl.RoleInfo (RoleInfo.java:updateAndGet(143)) - b75f8b2e-6273-4c97-b7c5-042674931d23: start FollowerState
2019-10-20 18:18:29,425 [Thread-647] INFO  impl.FollowerState (FollowerState.java:run(108)) - 399079f7-1eb1-4f37-b003-267572525934@group-D40A05E2FCF9-FollowerState: change to CANDIDATE, lastRpcTime:131ms, electionTimeout:131ms
2019-10-20 18:18:29,425 [Thread-647] INFO  impl.RoleInfo (RoleInfo.java:shutdownFollowerState(121)) - 399079f7-1eb1-4f37-b003-267572525934: shutdown FollowerState
2019-10-20 18:18:29,425 [Thread-647] INFO  impl.RaftServerImpl (RaftServerImpl.java:setRole(184)) - 399079f7-1eb1-4f37-b003-267572525934@group-D40A05E2FCF9: changes role from  FOLLOWER to CANDIDATE at term 20 for changeToCandidate
2019-10-20 18:18:29,425 [Thread-647] INFO  impl.RoleInfo (RoleInfo.java:updateAndGet(143)) - 399079f7-1eb1-4f37-b003-267572525934: start LeaderElection
2019-10-20 18:18:29,435 [Thread-653] INFO  impl.FollowerState (FollowerState.java:run(108)) - b75f8b2e-6273-4c97-b7c5-042674931d23@group-F11756C8BA4A-FollowerState: change to CANDIDATE, lastRpcTime:12ms, electionTimeout:12ms
2019-10-20 18:18:29,435 [Thread-653] INFO  impl.RoleInfo (RoleInfo.java:shutdownFollowerState(121)) - b75f8b2e-6273-4c97-b7c5-042674931d23: shutdown FollowerState
2019-10-20 18:18:29,436 [Thread-653] INFO  impl.RaftServerImpl (RaftServerImpl.java:setRole(184)) - b75f8b2e-6273-4c97-b7c5-042674931d23@group-F11756C8BA4A: changes role from  FOLLOWER to CANDIDATE at term 19 for changeToCandidate
2019-10-20 18:18:29,436 [Thread-653] INFO  impl.RoleInfo (RoleInfo.java:updateAndGet(143)) - b75f8b2e-6273-4c97-b7c5-042674931d23: start LeaderElection
2019-10-20 18:18:29,454 [b75f8b2e-6273-4c97-b7c5-042674931d23@group-F11756C8BA4A-LeaderElection54] INFO  impl.LeaderElection (LeaderElection.java:askForVotes(178)) - b75f8b2e-6273-4c97-b7c5-042674931d23@group-F11756C8BA4A-LeaderElection54: begin an election at term 20 for -1: [6ef27e9c-8ddb-4fa1-8c14-ab102acfb1b8:192.168.164.241:38092, b75f8b2e-6273-4c97-b7c5-042674931d23:192.168.164.241:41857, 3750b3a2-715b-46b3-9d0c-9e38136244b9:192.168.164.241:46227], old=null
2019-10-20 18:18:29,454 [399079f7-1eb1-4f37-b003-267572525934@group-D40A05E2FCF9-LeaderElection53] INFO  impl.LeaderElection (LeaderElection.java:askForVotes(178)) - 399079f7-1eb1-4f37-b003-267572525934@group-D40A05E2FCF9-LeaderElection53: begin an election at term 21 for -1: [399079f7-1eb1-4f37-b003-267572525934:192.168.164.241:37762, 7a43c46a-fc88-4b2d-b2da-ae029cfa60ff:192.168.164.241:43684, 6c5c38af-62e6-4ea7-a24a-078dcb28fb39:192.168.164.241:45428], old=null
2019-10-20 18:18:29,456 [grpc-default-executor-7] INFO  impl.RaftServerImpl (RaftServerImpl.java:setRole(184)) - 6ef27e9c-8ddb-4fa1-8c14-ab102acfb1b8@group-F11756C8BA4A: changes role from  FOLLOWER to FOLLOWER at term 20 for recognizeCandidate:b75f8b2e-6273-4c97-b7c5-042674931d23
2019-10-20 18:18:29,456 [grpc-default-executor-7] INFO  impl.RoleInfo (RoleInfo.java:shutdownFollowerState(121)) - 6ef27e9c-8ddb-4fa1-8c14-ab102acfb1b8: shutdown FollowerState
2019-10-20 18:18:29,456 [grpc-default-executor-3] INFO  impl.RaftServerImpl (RaftServerImpl.java:setRole(184)) - 3750b3a2-715b-46b3-9d0c-9e38136244b9@group-F11756C8BA4A: changes role from  FOLLOWER to FOLLOWER at term 20 for recognizeCandidate:b75f8b2e-6273-4c97-b7c5-042674931d23
2019-10-20 18:18:29,456 [Thread-652] INFO  impl.FollowerState (FollowerState.java:run(117)) - 6ef27e9c-8ddb-4fa1-8c14-ab102acfb1b8@group-F11756C8BA4A-FollowerState was interrupted: java.lang.InterruptedException: sleep interrupted
2019-10-20 18:18:29,456 [grpc-default-executor-7] INFO  impl.RoleInfo (RoleInfo.java:updateAndGet(143)) - 6ef27e9c-8ddb-4fa1-8c14-ab102acfb1b8: start FollowerState
2019-10-20 18:18:29,457 [grpc-default-executor-10] INFO  impl.RaftServerImpl (RaftServerImpl.java:setRole(184)) - 6c5c38af-62e6-4ea7-a24a-078dcb28fb39@group-D40A05E2FCF9: changes role from  FOLLOWER to FOLLOWER at term 21 for recognizeCandidate:399079f7-1eb1-4f37-b003-267572525934
2019-10-20 18:18:29,457 [grpc-default-executor-1] INFO  impl.RaftServerImpl (RaftServerImpl.java:setRole(184)) - 7a43c46a-fc88-4b2d-b2da-ae029cfa60ff@group-D40A05E2FCF9: changes role from  FOLLOWER to FOLLOWER at term 21 for recognizeCandidate:399079f7-1eb1-4f37-b003-267572525934
2019-10-20 18:18:29,456 [grpc-default-executor-3] INFO  impl.RoleInfo (RoleInfo.java:shutdownFollowerState(121)) - 3750b3a2-715b-46b3-9d0c-9e38136244b9: shutdown FollowerState
2019-10-20 18:18:29,457 [grpc-default-executor-1] INFO  impl.RoleInfo (RoleInfo.java:shutdownFollowerState(121)) - 7a43c46a-fc88-4b2d-b2da-ae029cfa60ff: shutdown FollowerState
2019-10-20 18:18:29,457 [grpc-default-executor-10] INFO  impl.RoleInfo (RoleInfo.java:shutdownFollowerState(121)) - 6c5c38af-62e6-4ea7-a24a-078dcb28fb39: shutdown FollowerState
2019-10-20 18:18:29,458 [Thread-646] INFO  impl.FollowerState (FollowerState.java:run(117)) - 7a43c46a-fc88-4b2d-b2da-ae029cfa60ff@group-D40A05E2FCF9-FollowerState was interrupted: java.lang.InterruptedException: sleep interrupted
2019-10-20 18:18:29,458 [grpc-default-executor-10] INFO  impl.RoleInfo (RoleInfo.java:updateAndGet(143)) - 6c5c38af-62e6-4ea7-a24a-078dcb28fb39: start FollowerState
2019-10-20 18:18:29,457 [grpc-default-executor-1] INFO  impl.RoleInfo (RoleInfo.java:updateAndGet(143)) - 7a43c46a-fc88-4b2d-b2da-ae029cfa60ff: start FollowerState
2019-10-20 18:18:29,457 [Thread-651] INFO  impl.FollowerState (FollowerState.java:run(117)) - 3750b3a2-715b-46b3-9d0c-9e38136244b9@group-F11756C8BA4A-FollowerState was interrupted: java.lang.InterruptedException: sleep interrupted
2019-10-20 18:18:29,457 [grpc-default-executor-3] INFO  impl.RoleInfo (RoleInfo.java:updateAndGet(143)) - 3750b3a2-715b-46b3-9d0c-9e38136244b9: start FollowerState
2019-10-20 18:18:29,458 [Thread-645] INFO  impl.FollowerState (FollowerState.java:run(117)) - 6c5c38af-62e6-4ea7-a24a-078dcb28fb39@group-D40A05E2FCF9-FollowerState was interrupted: java.lang.InterruptedException: sleep interrupted
2019-10-20 18:18:29,486 [b75f8b2e-6273-4c97-b7c5-042674931d23@group-F11756C8BA4A-LeaderElection54] INFO  impl.LeaderElection (LeaderElection.java:logAndReturn(56)) - b75f8b2e-6273-4c97-b7c5-042674931d23@group-F11756C8BA4A-LeaderElection54: Election REJECTED; received 2 response(s) [b75f8b2e-6273-4c97-b7c5-042674931d23<-6ef27e9c-8ddb-4fa1-8c14-ab102acfb1b8#0:FAIL-t20, b75f8b2e-6273-4c97-b7c5-042674931d23<-3750b3a2-715b-46b3-9d0c-9e38136244b9#0:FAIL-t20] and 0 exception(s); b75f8b2e-6273-4c97-b7c5-042674931d23@group-F11756C8BA4A:t20, leader=null, voted=b75f8b2e-6273-4c97-b7c5-042674931d23, raftlog=b75f8b2e-6273-4c97-b7c5-042674931d23@group-F11756C8BA4A-SegmentedRaftLog:OPENED:c-1,f-1,i0, conf=-1: [6ef27e9c-8ddb-4fa1-8c14-ab102acfb1b8:192.168.164.241:38092, b75f8b2e-6273-4c97-b7c5-042674931d23:192.168.164.241:41857, 3750b3a2-715b-46b3-9d0c-9e38136244b9:192.168.164.241:46227], old=null
2019-10-20 18:18:29,486 [399079f7-1eb1-4f37-b003-267572525934@group-D40A05E2FCF9-LeaderElection53] INFO  impl.LeaderElection (LeaderElection.java:logAndReturn(56)) - 399079f7-1eb1-4f37-b003-267572525934@group-D40A05E2FCF9-LeaderElection53: Election REJECTED; received 2 response(s) [399079f7-1eb1-4f37-b003-267572525934<-7a43c46a-fc88-4b2d-b2da-ae029cfa60ff#0:FAIL-t21, 399079f7-1eb1-4f37-b003-267572525934<-6c5c38af-62e6-4ea7-a24a-078dcb28fb39#0:FAIL-t21] and 0 exception(s); 399079f7-1eb1-4f37-b003-267572525934@group-D40A05E2FCF9:t21, leader=null, voted=399079f7-1eb1-4f37-b003-267572525934, raftlog=399079f7-1eb1-4f37-b003-267572525934@group-D40A05E2FCF9-SegmentedRaftLog:OPENED:c-1,f-1,i0, conf=-1: [399079f7-1eb1-4f37-b003-267572525934:192.168.164.241:37762, 7a43c46a-fc88-4b2d-b2da-ae029cfa60ff:192.168.164.241:43684, 6c5c38af-62e6-4ea7-a24a-078dcb28fb39:192.168.164.241:45428], old=null
2019-10-20 18:18:29,486 [b75f8b2e-6273-4c97-b7c5-042674931d23@group-F11756C8BA4A-LeaderElection54] INFO  impl.RaftServerImpl (RaftServerImpl.java:setRole(184)) - b75f8b2e-6273-4c97-b7c5-042674931d23@group-F11756C8BA4A: changes role from CANDIDATE to FOLLOWER at term 20 for DISCOVERED_A_NEW_TERM
2019-10-20 18:18:29,486 [399079f7-1eb1-4f37-b003-267572525934@group-D40A05E2FCF9-LeaderElection53] INFO  impl.RaftServerImpl (RaftServerImpl.java:setRole(184)) - 399079f7-1eb1-4f37-b003-267572525934@group-D40A05E2FCF9: changes role from CANDIDATE to FOLLOWER at term 21 for DISCOVERED_A_NEW_TERM
2019-10-20 18:18:29,486 [399079f7-1eb1-4f37-b003-267572525934@group-D40A05E2FCF9-LeaderElection53] INFO  impl.RoleInfo (RoleInfo.java:shutdownLeaderElection(134)) - 399079f7-1eb1-4f37-b003-267572525934: shutdown LeaderElection
2019-10-20 18:18:29,486 [b75f8b2e-6273-4c97-b7c5-042674931d23@group-F11756C8BA4A-LeaderElection54] INFO  impl.RoleInfo (RoleInfo.java:shutdownLeaderElection(134)) - b75f8b2e-6273-4c97-b7c5-042674931d23: shutdown LeaderElection
2019-10-20 18:18:29,486 [399079f7-1eb1-4f37-b003-267572525934@group-D40A05E2FCF9-LeaderElection53] INFO  impl.RoleInfo (RoleInfo.java:updateAndGet(143)) - 399079f7-1eb1-4f37-b003-267572525934: start FollowerState
2019-10-20 18:18:29,486 [b75f8b2e-6273-4c97-b7c5-042674931d23@group-F11756C8BA4A-LeaderElection54] INFO  impl.RoleInfo (RoleInfo.java:updateAndGet(143)) - b75f8b2e-6273-4c97-b7c5-042674931d23: start FollowerState
2019-10-20 18:18:29,502 [Thread-664] INFO  impl.FollowerState (FollowerState.java:run(108)) - 399079f7-1eb1-4f37-b003-267572525934@group-D40A05E2FCF9-FollowerState: change to CANDIDATE, lastRpcTime:15ms, electionTimeout:15ms
2019-10-20 18:18:29,502 [Thread-664] INFO  impl.RoleInfo (RoleInfo.java:shutdownFollowerState(121)) - 399079f7-1eb1-4f37-b003-267572525934: shutdown FollowerState
2019-10-20 18:18:29,502 [Thread-664] INFO  impl.RaftServerImpl (RaftServerImpl.java:setRole(184)) - 399079f7-1eb1-4f37-b003-267572525934@group-D40A05E2FCF9: changes role from  FOLLOWER to CANDIDATE at term 21 for changeToCandidate
2019-10-20 18:18:29,502 [Thread-664] INFO  impl.RoleInfo (RoleInfo.java:updateAndGet(143)) - 399079f7-1eb1-4f37-b003-267572525934: start LeaderElection
2019-10-20 18:18:29,530 [399079f7-1eb1-4f37-b003-267572525934@group-D40A05E2FCF9-LeaderElection55] INFO  impl.LeaderElection (LeaderElection.java:askForVotes(178)) - 399079f7-1eb1-4f37-b003-267572525934@group-D40A05E2FCF9-LeaderElection55: begin an election at term 22 for -1: [399079f7-1eb1-4f37-b003-267572525934:192.168.164.241:37762, 7a43c46a-fc88-4b2d-b2da-ae029cfa60ff:192.168.164.241:43684, 6c5c38af-62e6-4ea7-a24a-078dcb28fb39:192.168.164.241:45428], old=null
2019-10-20 18:18:29,533 [grpc-default-executor-10] INFO  impl.RaftServerImpl (RaftServerImpl.java:setRole(184)) - 7a43c46a-fc88-4b2d-b2da-ae029cfa60ff@group-D40A05E2FCF9: changes role from  FOLLOWER to FOLLOWER at term 22 for recognizeCandidate:399079f7-1eb1-4f37-b003-267572525934
2019-10-20 18:18:29,533 [grpc-default-executor-1] INFO  impl.RaftServerImpl (RaftServerImpl.java:setRole(184)) - 6c5c38af-62e6-4ea7-a24a-078dcb28fb39@group-D40A05E2FCF9: changes role from  FOLLOWER to FOLLOWER at term 22 for recognizeCandidate:399079f7-1eb1-4f37-b003-267572525934
2019-10-20 18:18:29,533 [grpc-default-executor-10] INFO  impl.RoleInfo (RoleInfo.java:shutdownFollowerState(121)) - 7a43c46a-fc88-4b2d-b2da-ae029cfa60ff: shutdown FollowerState
2019-10-20 18:18:29,533 [grpc-default-executor-1] INFO  impl.RoleInfo (RoleInfo.java:shutdownFollowerState(121)) - 6c5c38af-62e6-4ea7-a24a-078dcb28fb39: shutdown FollowerState
2019-10-20 18:18:29,533 [Thread-662] INFO  impl.FollowerState (FollowerState.java:run(117)) - 7a43c46a-fc88-4b2d-b2da-ae029cfa60ff@group-D40A05E2FCF9-FollowerState was interrupted: java.lang.InterruptedException: sleep interrupted
2019-10-20 18:18:29,533 [grpc-default-executor-10] INFO  impl.RoleInfo (RoleInfo.java:updateAndGet(143)) - 7a43c46a-fc88-4b2d-b2da-ae029cfa60ff: start FollowerState
2019-10-20 18:18:29,533 [grpc-default-executor-1] INFO  impl.RoleInfo (RoleInfo.java:updateAndGet(143)) - 6c5c38af-62e6-4ea7-a24a-078dcb28fb39: start FollowerState
2019-10-20 18:18:29,533 [Thread-663] INFO  impl.FollowerState (FollowerState.java:run(117)) - 6c5c38af-62e6-4ea7-a24a-078dcb28fb39@group-D40A05E2FCF9-FollowerState was interrupted: java.lang.InterruptedException: sleep interrupted
2019-10-20 18:18:29,574 [399079f7-1eb1-4f37-b003-267572525934@group-D40A05E2FCF9-LeaderElection55] INFO  impl.LeaderElection (LeaderElection.java:logAndReturn(56)) - 399079f7-1eb1-4f37-b003-267572525934@group-D40A05E2FCF9-LeaderElection55: Election REJECTED; received 2 response(s) [399079f7-1eb1-4f37-b003-267572525934<-7a43c46a-fc88-4b2d-b2da-ae029cfa60ff#0:FAIL-t22, 399079f7-1eb1-4f37-b003-267572525934<-6c5c38af-62e6-4ea7-a24a-078dcb28fb39#0:FAIL-t22] and 0 exception(s); 399079f7-1eb1-4f37-b003-267572525934@group-D40A05E2FCF9:t22, leader=null, voted=399079f7-1eb1-4f37-b003-267572525934, raftlog=399079f7-1eb1-4f37-b003-267572525934@group-D40A05E2FCF9-SegmentedRaftLog:OPENED:c-1,f-1,i0, conf=-1: [399079f7-1eb1-4f37-b003-267572525934:192.168.164.241:37762, 7a43c46a-fc88-4b2d-b2da-ae029cfa60ff:192.168.164.241:43684, 6c5c38af-62e6-4ea7-a24a-078dcb28fb39:192.168.164.241:45428], old=null
2019-10-20 18:18:29,574 [399079f7-1eb1-4f37-b003-267572525934@group-D40A05E2FCF9-LeaderElection55] INFO  impl.RaftServerImpl (RaftServerImpl.java:setRole(184)) - 399079f7-1eb1-4f37-b003-267572525934@group-D40A05E2FCF9: changes role from CANDIDATE to FOLLOWER at term 22 for DISCOVERED_A_NEW_TERM
2019-10-20 18:18:29,574 [399079f7-1eb1-4f37-b003-267572525934@group-D40A05E2FCF9-LeaderElection55] INFO  impl.RoleInfo (RoleInfo.java:shutdownLeaderElection(134)) - 399079f7-1eb1-4f37-b003-267572525934: shutdown LeaderElection
2019-10-20 18:18:29,574 [399079f7-1eb1-4f37-b003-267572525934@group-D40A05E2FCF9-LeaderElection55] INFO  impl.RoleInfo (RoleInfo.java:updateAndGet(143)) - 399079f7-1eb1-4f37-b003-267572525934: start FollowerState
2019-10-20 18:18:29,604 [Thread-665] INFO  impl.FollowerState (FollowerState.java:run(108)) - b75f8b2e-6273-4c97-b7c5-042674931d23@group-F11756C8BA4A-FollowerState: change to CANDIDATE, lastRpcTime:117ms, electionTimeout:117ms
2019-10-20 18:18:29,604 [Thread-665] INFO  impl.RoleInfo (RoleInfo.java:shutdownFollowerState(121)) - b75f8b2e-6273-4c97-b7c5-042674931d23: shutdown FollowerState
2019-10-20 18:18:29,604 [Thread-665] INFO  impl.RaftServerImpl (RaftServerImpl.java:setRole(184)) - b75f8b2e-6273-4c97-b7c5-042674931d23@group-F11756C8BA4A: changes role from  FOLLOWER to CANDIDATE at term 20 for changeToCandidate
2019-10-20 18:18:29,604 [Thread-665] INFO  impl.RoleInfo (RoleInfo.java:updateAndGet(143)) - b75f8b2e-6273-4c97-b7c5-042674931d23: start LeaderElection
2019-10-20 18:18:29,630 [b75f8b2e-6273-4c97-b7c5-042674931d23@group-F11756C8BA4A-LeaderElection56] INFO  impl.LeaderElection (LeaderElection.java:askForVotes(178)) - b75f8b2e-6273-4c97-b7c5-042674931d23@group-F11756C8BA4A-LeaderElection56: begin an election at term 21 for -1: [6ef27e9c-8ddb-4fa1-8c14-ab102acfb1b8:192.168.164.241:38092, b75f8b2e-6273-4c97-b7c5-042674931d23:192.168.164.241:41857, 3750b3a2-715b-46b3-9d0c-9e38136244b9:192.168.164.241:46227], old=null
2019-10-20 18:18:29,633 [grpc-default-executor-1] INFO  impl.RaftServerImpl (RaftServerImpl.java:setRole(184)) - 3750b3a2-715b-46b3-9d0c-9e38136244b9@group-F11756C8BA4A: changes role from  FOLLOWER to FOLLOWER at term 21 for recognizeCandidate:b75f8b2e-6273-4c97-b7c5-042674931d23
2019-10-20 18:18:29,634 [grpc-default-executor-1] INFO  impl.RoleInfo (RoleInfo.java:shutdownFollowerState(121)) - 3750b3a2-715b-46b3-9d0c-9e38136244b9: shutdown FollowerState
2019-10-20 18:18:29,634 [grpc-default-executor-1] INFO  impl.RoleInfo (RoleInfo.java:updateAndGet(143)) - 3750b3a2-715b-46b3-9d0c-9e38136244b9: start FollowerState
2019-10-20 18:18:29,634 [grpc-default-executor-10] INFO  impl.RaftServerImpl (RaftServerImpl.java:setRole(184)) - 6ef27e9c-8ddb-4fa1-8c14-ab102acfb1b8@group-F11756C8BA4A: changes role from  FOLLOWER to FOLLOWER at term 21 for recognizeCandidate:b75f8b2e-6273-4c97-b7c5-042674931d23
2019-10-20 18:18:29,634 [Thread-661] INFO  impl.FollowerState (FollowerState.java:run(117)) - 3750b3a2-715b-46b3-9d0c-9e38136244b9@group-F11756C8BA4A-FollowerState was interrupted: java.lang.InterruptedException: sleep interrupted
2019-10-20 18:18:29,634 [grpc-default-executor-10] INFO  impl.RoleInfo (RoleInfo.java:shutdownFollowerState(121)) - 6ef27e9c-8ddb-4fa1-8c14-ab102acfb1b8: shutdown FollowerState
2019-10-20 18:18:29,635 [Thread-660] INFO  impl.FollowerState (FollowerState.java:run(117)) - 6ef27e9c-8ddb-4fa1-8c14-ab102acfb1b8@group-F11756C8BA4A-FollowerState was interrupted: java.lang.InterruptedException: sleep interrupted
2019-10-20 18:18:29,635 [grpc-default-executor-10] INFO  impl.RoleInfo (RoleInfo.java:updateAndGet(143)) - 6ef27e9c-8ddb-4fa1-8c14-ab102acfb1b8: start FollowerState
2019-10-20 18:18:29,662 [b75f8b2e-6273-4c97-b7c5-042674931d23@group-F11756C8BA4A-LeaderElection56] INFO  impl.LeaderElection (LeaderElection.java:logAndReturn(56)) - b75f8b2e-6273-4c97-b7c5-042674931d23@group-F11756C8BA4A-LeaderElection56: Election TIMEOUT; received 0 response(s) [] and 0 exception(s); b75f8b2e-6273-4c97-b7c5-042674931d23@group-F11756C8BA4A:t21, leader=null, voted=b75f8b2e-6273-4c97-b7c5-042674931d23, raftlog=b75f8b2e-6273-4c97-b7c5-042674931d23@group-F11756C8BA4A-SegmentedRaftLog:OPENED:c-1,f-1,i0, conf=-1: [6ef27e9c-8ddb-4fa1-8c14-ab102acfb1b8:192.168.164.241:38092, b75f8b2e-6273-4c97-b7c5-042674931d23:192.168.164.241:41857, 3750b3a2-715b-46b3-9d0c-9e38136244b9:192.168.164.241:46227], old=null
2019-10-20 18:18:29,682 [b75f8b2e-6273-4c97-b7c5-042674931d23@group-F11756C8BA4A-LeaderElection56] INFO  impl.LeaderElection (LeaderElection.java:askForVotes(178)) - b75f8b2e-6273-4c97-b7c5-042674931d23@group-F11756C8BA4A-LeaderElection56: begin an election at term 22 for -1: [6ef27e9c-8ddb-4fa1-8c14-ab102acfb1b8:192.168.164.241:38092, b75f8b2e-6273-4c97-b7c5-042674931d23:192.168.164.241:41857, 3750b3a2-715b-46b3-9d0c-9e38136244b9:192.168.164.241:46227], old=null
2019-10-20 18:18:29,685 [grpc-default-executor-10] INFO  impl.RaftServerImpl (RaftServerImpl.java:setRole(184)) - 3750b3a2-715b-46b3-9d0c-9e38136244b9@group-F11756C8BA4A: changes role from  FOLLOWER to FOLLOWER at term 22 for recognizeCandidate:b75f8b2e-6273-4c97-b7c5-042674931d23
2019-10-20 18:18:29,685 [grpc-default-executor-10] INFO  impl.RoleInfo (RoleInfo.java:shutdownFollowerState(121)) - 3750b3a2-715b-46b3-9d0c-9e38136244b9: shutdown FollowerState
2019-10-20 18:18:29,685 [grpc-default-executor-1] INFO  impl.RaftServerImpl (RaftServerImpl.java:setRole(184)) - 6ef27e9c-8ddb-4fa1-8c14-ab102acfb1b8@group-F11756C8BA4A: changes role from  FOLLOWER to FOLLOWER at term 22 for recognizeCandidate:b75f8b2e-6273-4c97-b7c5-042674931d23
2019-10-20 18:18:29,685 [Thread-675] INFO  impl.FollowerState (FollowerState.java:run(117)) - 3750b3a2-715b-46b3-9d0c-9e38136244b9@group-F11756C8BA4A-FollowerState was interrupted: java.lang.InterruptedException: sleep interrupted
2019-10-20 18:18:29,685 [grpc-default-executor-10] INFO  impl.RoleInfo (RoleInfo.java:updateAndGet(143)) - 3750b3a2-715b-46b3-9d0c-9e38136244b9: start FollowerState
2019-10-20 18:18:29,686 [grpc-default-executor-1] INFO  impl.RoleInfo (RoleInfo.java:shutdownFollowerState(121)) - 6ef27e9c-8ddb-4fa1-8c14-ab102acfb1b8: shutdown FollowerState
2019-10-20 18:18:29,690 [Thread-676] INFO  impl.FollowerState (FollowerState.java:run(117)) - 6ef27e9c-8ddb-4fa1-8c14-ab102acfb1b8@group-F11756C8BA4A-FollowerState was interrupted: java.lang.InterruptedException: sleep interrupted
2019-10-20 18:18:29,690 [grpc-default-executor-1] INFO  impl.RoleInfo (RoleInfo.java:updateAndGet(143)) - 6ef27e9c-8ddb-4fa1-8c14-ab102acfb1b8: start FollowerState
2019-10-20 18:18:29,711 [b75f8b2e-6273-4c97-b7c5-042674931d23@group-F11756C8BA4A-LeaderElection56] INFO  impl.LeaderElection (LeaderElection.java:logAndReturn(56)) - b75f8b2e-6273-4c97-b7c5-042674931d23@group-F11756C8BA4A-LeaderElection56: Election REJECTED; received 2 response(s) [b75f8b2e-6273-4c97-b7c5-042674931d23<-6ef27e9c-8ddb-4fa1-8c14-ab102acfb1b8#0:FAIL-t22, b75f8b2e-6273-4c97-b7c5-042674931d23<-3750b3a2-715b-46b3-9d0c-9e38136244b9#0:FAIL-t22] and 0 exception(s); b75f8b2e-6273-4c97-b7c5-042674931d23@group-F11756C8BA4A:t22, leader=null, voted=b75f8b2e-6273-4c97-b7c5-042674931d23, raftlog=b75f8b2e-6273-4c97-b7c5-042674931d23@group-F11756C8BA4A-SegmentedRaftLog:OPENED:c-1,f-1,i0, conf=-1: [6ef27e9c-8ddb-4fa1-8c14-ab102acfb1b8:192.168.164.241:38092, b75f8b2e-6273-4c97-b7c5-042674931d23:192.168.164.241:41857, 3750b3a2-715b-46b3-9d0c-9e38136244b9:192.168.164.241:46227], old=null
2019-10-20 18:18:29,712 [b75f8b2e-6273-4c97-b7c5-042674931d23@group-F11756C8BA4A-LeaderElection56] INFO  impl.RaftServerImpl (RaftServerImpl.java:setRole(184)) - b75f8b2e-6273-4c97-b7c5-042674931d23@group-F11756C8BA4A: changes role from CANDIDATE to FOLLOWER at term 22 for DISCOVERED_A_NEW_TERM
2019-10-20 18:18:29,712 [b75f8b2e-6273-4c97-b7c5-042674931d23@group-F11756C8BA4A-LeaderElection56] INFO  impl.RoleInfo (RoleInfo.java:shutdownLeaderElection(134)) - b75f8b2e-6273-4c97-b7c5-042674931d23: shutdown LeaderElection
2019-10-20 18:18:29,712 [b75f8b2e-6273-4c97-b7c5-042674931d23@group-F11756C8BA4A-LeaderElection56] INFO  impl.RoleInfo (RoleInfo.java:updateAndGet(143)) - b75f8b2e-6273-4c97-b7c5-042674931d23: start FollowerState
2019-10-20 18:18:29,727 [Thread-683] INFO  impl.FollowerState (FollowerState.java:run(108)) - b75f8b2e-6273-4c97-b7c5-042674931d23@group-F11756C8BA4A-FollowerState: change to CANDIDATE, lastRpcTime:15ms, electionTimeout:15ms
2019-10-20 18:18:29,728 [Thread-683] INFO  impl.RoleInfo (RoleInfo.java:shutdownFollowerState(121)) - b75f8b2e-6273-4c97-b7c5-042674931d23: shutdown FollowerState
2019-10-20 18:18:29,728 [Thread-683] INFO  impl.RaftServerImpl (RaftServerImpl.java:setRole(184)) - b75f8b2e-6273-4c97-b7c5-042674931d23@group-F11756C8BA4A: changes role from  FOLLOWER to CANDIDATE at term 22 for changeToCandidate
2019-10-20 18:18:29,728 [Thread-683] INFO  impl.RoleInfo (RoleInfo.java:updateAndGet(143)) - b75f8b2e-6273-4c97-b7c5-042674931d23: start LeaderElection
2019-10-20 18:18:29,750 [b75f8b2e-6273-4c97-b7c5-042674931d23@group-F11756C8BA4A-LeaderElection57] INFO  impl.LeaderElection (LeaderElection.java:askForVotes(178)) - b75f8b2e-6273-4c97-b7c5-042674931d23@group-F11756C8BA4A-LeaderElection57: begin an election at term 23 for -1: [6ef27e9c-8ddb-4fa1-8c14-ab102acfb1b8:192.168.164.241:38092, b75f8b2e-6273-4c97-b7c5-042674931d23:192.168.164.241:41857, 3750b3a2-715b-46b3-9d0c-9e38136244b9:192.168.164.241:46227], old=null
2019-10-20 18:18:29,753 [grpc-default-executor-1] INFO  impl.RaftServerImpl (RaftServerImpl.java:setRole(184)) - 3750b3a2-715b-46b3-9d0c-9e38136244b9@group-F11756C8BA4A: changes role from  FOLLOWER to FOLLOWER at term 23 for recognizeCandidate:b75f8b2e-6273-4c97-b7c5-042674931d23
2019-10-20 18:18:29,753 [grpc-default-executor-10] INFO  impl.RaftServerImpl (RaftServerImpl.java:setRole(184)) - 6ef27e9c-8ddb-4fa1-8c14-ab102acfb1b8@group-F11756C8BA4A: changes role from  FOLLOWER to FOLLOWER at term 23 for recognizeCandidate:b75f8b2e-6273-4c97-b7c5-042674931d23
2019-10-20 18:18:29,753 [grpc-default-executor-1] INFO  impl.RoleInfo (RoleInfo.java:shutdownFollowerState(121)) - 3750b3a2-715b-46b3-9d0c-9e38136244b9: shutdown FollowerState
2019-10-20 18:18:29,753 [grpc-default-executor-10] INFO  impl.RoleInfo (RoleInfo.java:shutdownFollowerState(121)) - 6ef27e9c-8ddb-4fa1-8c14-ab102acfb1b8: shutdown FollowerState
2019-10-20 18:18:29,754 [Thread-679] INFO  impl.FollowerState (FollowerState.java:run(117)) - 3750b3a2-715b-46b3-9d0c-9e38136244b9@group-F11756C8BA4A-FollowerState was interrupted: java.lang.InterruptedException: sleep interrupted
2019-10-20 18:18:29,754 [grpc-default-executor-1] INFO  impl.RoleInfo (RoleInfo.java:updateAndGet(143)) - 3750b3a2-715b-46b3-9d0c-9e38136244b9: start FollowerState
2019-10-20 18:18:29,754 [Thread-680] INFO  impl.FollowerState (FollowerState.java:run(117)) - 6ef27e9c-8ddb-4fa1-8c14-ab102acfb1b8@group-F11756C8BA4A-FollowerState was interrupted: java.lang.InterruptedException: sleep interrupted
2019-10-20 18:18:29,754 [grpc-default-executor-10] INFO  impl.RoleInfo (RoleInfo.java:updateAndGet(143)) - 6ef27e9c-8ddb-4fa1-8c14-ab102acfb1b8: start FollowerState
2019-10-20 18:18:29,764 [Thread-671] INFO  impl.FollowerState (FollowerState.java:run(108)) - 399079f7-1eb1-4f37-b003-267572525934@group-D40A05E2FCF9-FollowerState: change to CANDIDATE, lastRpcTime:189ms, electionTimeout:189ms
2019-10-20 18:18:29,764 [Thread-671] INFO  impl.RoleInfo (RoleInfo.java:shutdownFollowerState(121)) - 399079f7-1eb1-4f37-b003-267572525934: shutdown FollowerState
2019-10-20 18:18:29,764 [Thread-671] INFO  impl.RaftServerImpl (RaftServerImpl.java:setRole(184)) - 399079f7-1eb1-4f37-b003-267572525934@group-D40A05E2FCF9: changes role from  FOLLOWER to CANDIDATE at term 22 for changeToCandidate
2019-10-20 18:18:29,764 [Thread-671] INFO  impl.RoleInfo (RoleInfo.java:updateAndGet(143)) - 399079f7-1eb1-4f37-b003-267572525934: start LeaderElection
2019-10-20 18:18:29,776 [399079f7-1eb1-4f37-b003-267572525934@group-D40A05E2FCF9-LeaderElection58] INFO  impl.LeaderElection (LeaderElection.java:askForVotes(178)) - 399079f7-1eb1-4f37-b003-267572525934@group-D40A05E2FCF9-LeaderElection58: begin an election at term 23 for -1: [399079f7-1eb1-4f37-b003-267572525934:192.168.164.241:37762, 7a43c46a-fc88-4b2d-b2da-ae029cfa60ff:192.168.164.241:43684, 6c5c38af-62e6-4ea7-a24a-078dcb28fb39:192.168.164.241:45428], old=null
2019-10-20 18:18:29,778 [b75f8b2e-6273-4c97-b7c5-042674931d23@group-F11756C8BA4A-LeaderElection57] INFO  impl.LeaderElection (LeaderElection.java:logAndReturn(56)) - b75f8b2e-6273-4c97-b7c5-042674931d23@group-F11756C8BA4A-LeaderElection57: Election REJECTED; received 2 response(s) [b75f8b2e-6273-4c97-b7c5-042674931d23<-6ef27e9c-8ddb-4fa1-8c14-ab102acfb1b8#0:FAIL-t23, b75f8b2e-6273-4c97-b7c5-042674931d23<-3750b3a2-715b-46b3-9d0c-9e38136244b9#0:FAIL-t23] and 0 exception(s); b75f8b2e-6273-4c97-b7c5-042674931d23@group-F11756C8BA4A:t23, leader=null, voted=b75f8b2e-6273-4c97-b7c5-042674931d23, raftlog=b75f8b2e-6273-4c97-b7c5-042674931d23@group-F11756C8BA4A-SegmentedRaftLog:OPENED:c-1,f-1,i0, conf=-1: [6ef27e9c-8ddb-4fa1-8c14-ab102acfb1b8:192.168.164.241:38092, b75f8b2e-6273-4c97-b7c5-042674931d23:192.168.164.241:41857, 3750b3a2-715b-46b3-9d0c-9e38136244b9:192.168.164.241:46227], old=null
2019-10-20 18:18:29,778 [grpc-default-executor-1] INFO  impl.RaftServerImpl (RaftServerImpl.java:setRole(184)) - 6c5c38af-62e6-4ea7-a24a-078dcb28fb39@group-D40A05E2FCF9: changes role from  FOLLOWER to FOLLOWER at term 23 for recognizeCandidate:399079f7-1eb1-4f37-b003-267572525934
2019-10-20 18:18:29,778 [grpc-default-executor-1] INFO  impl.RoleInfo (RoleInfo.java:shutdownFollowerState(121)) - 6c5c38af-62e6-4ea7-a24a-078dcb28fb39: shutdown FollowerState
2019-10-20 18:18:29,778 [b75f8b2e-6273-4c97-b7c5-042674931d23@group-F11756C8BA4A-LeaderElection57] INFO  impl.RaftServerImpl (RaftServerImpl.java:setRole(184)) - b75f8b2e-6273-4c97-b7c5-042674931d23@group-F11756C8BA4A: changes role from CANDIDATE to FOLLOWER at term 23 for DISCOVERED_A_NEW_TERM
2019-10-20 18:18:29,778 [Thread-670] INFO  impl.FollowerState (FollowerState.java:run(117)) - 6c5c38af-62e6-4ea7-a24a-078dcb28fb39@group-D40A05E2FCF9-FollowerState was interrupted: java.lang.InterruptedException: sleep interrupted
2019-10-20 18:18:29,778 [grpc-default-executor-10] INFO  impl.RaftServerImpl (RaftServerImpl.java:setRole(184)) - 7a43c46a-fc88-4b2d-b2da-ae029cfa60ff@group-D40A05E2FCF9: changes role from  FOLLOWER to FOLLOWER at term 23 for recognizeCandidate:399079f7-1eb1-4f37-b003-267572525934
2019-10-20 18:18:29,778 [b75f8b2e-6273-4c97-b7c5-042674931d23@group-F11756C8BA4A-LeaderElection57] INFO  impl.RoleInfo (RoleInfo.java:shutdownLeaderElection(134)) - b75f8b2e-6273-4c97-b7c5-042674931d23: shutdown LeaderElection
2019-10-20 18:18:29,778 [grpc-default-executor-1] INFO  impl.RoleInfo (RoleInfo.java:updateAndGet(143)) - 6c5c38af-62e6-4ea7-a24a-078dcb28fb39: start FollowerState
2019-10-20 18:18:29,779 [b75f8b2e-6273-4c97-b7c5-042674931d23@group-F11756C8BA4A-LeaderElection57] INFO  impl.RoleInfo (RoleInfo.java:updateAndGet(143)) - b75f8b2e-6273-4c97-b7c5-042674931d23: start FollowerState
2019-10-20 18:18:29,779 [grpc-default-executor-10] INFO  impl.RoleInfo (RoleInfo.java:shutdownFollowerState(121)) - 7a43c46a-fc88-4b2d-b2da-ae029cfa60ff: shutdown FollowerState
2019-10-20 18:18:29,779 [grpc-default-executor-10] INFO  impl.RoleInfo (RoleInfo.java:updateAndGet(143)) - 7a43c46a-fc88-4b2d-b2da-ae029cfa60ff: start FollowerState
2019-10-20 18:18:29,779 [Thread-669] INFO  impl.FollowerState (FollowerState.java:run(117)) - 7a43c46a-fc88-4b2d-b2da-ae029cfa60ff@group-D40A05E2FCF9-FollowerState was interrupted: java.lang.InterruptedException: sleep interrupted
2019-10-20 18:18:29,806 [399079f7-1eb1-4f37-b003-267572525934@group-D40A05E2FCF9-LeaderElection58] INFO  impl.LeaderElection (LeaderElection.java:logAndReturn(56)) - 399079f7-1eb1-4f37-b003-267572525934@group-D40A05E2FCF9-LeaderElection58: Election REJECTED; received 2 response(s) [399079f7-1eb1-4f37-b003-267572525934<-7a43c46a-fc88-4b2d-b2da-ae029cfa60ff#0:FAIL-t23, 399079f7-1eb1-4f37-b003-267572525934<-6c5c38af-62e6-4ea7-a24a-078dcb28fb39#0:FAIL-t23] and 0 exception(s); 399079f7-1eb1-4f37-b003-267572525934@group-D40A05E2FCF9:t23, leader=null, voted=399079f7-1eb1-4f37-b003-267572525934, raftlog=399079f7-1eb1-4f37-b003-267572525934@group-D40A05E2FCF9-SegmentedRaftLog:OPENED:c-1,f-1,i0, conf=-1: [399079f7-1eb1-4f37-b003-267572525934:192.168.164.241:37762, 7a43c46a-fc88-4b2d-b2da-ae029cfa60ff:192.168.164.241:43684, 6c5c38af-62e6-4ea7-a24a-078dcb28fb39:192.168.164.241:45428], old=null
2019-10-20 18:18:29,806 [399079f7-1eb1-4f37-b003-267572525934@group-D40A05E2FCF9-LeaderElection58] INFO  impl.RaftServerImpl (RaftServerImpl.java:setRole(184)) - 399079f7-1eb1-4f37-b003-267572525934@group-D40A05E2FCF9: changes role from CANDIDATE to FOLLOWER at term 23 for DISCOVERED_A_NEW_TERM
2019-10-20 18:18:29,806 [399079f7-1eb1-4f37-b003-267572525934@group-D40A05E2FCF9-LeaderElection58] INFO  impl.RoleInfo (RoleInfo.java:shutdownLeaderElection(134)) - 399079f7-1eb1-4f37-b003-267572525934: shutdown LeaderElection
2019-10-20 18:18:29,807 [399079f7-1eb1-4f37-b003-267572525934@group-D40A05E2FCF9-LeaderElection58] INFO  impl.RoleInfo (RoleInfo.java:updateAndGet(143)) - 399079f7-1eb1-4f37-b003-267572525934: start FollowerState
2019-10-20 18:18:29,844 [Thread-695] INFO  impl.FollowerState (FollowerState.java:run(108)) - 399079f7-1eb1-4f37-b003-267572525934@group-D40A05E2FCF9-FollowerState: change to CANDIDATE, lastRpcTime:37ms, electionTimeout:37ms
2019-10-20 18:18:29,844 [Thread-695] INFO  impl.RoleInfo (RoleInfo.java:shutdownFollowerState(121)) - 399079f7-1eb1-4f37-b003-267572525934: shutdown FollowerState
2019-10-20 18:18:29,844 [Thread-695] INFO  impl.RaftServerImpl (RaftServerImpl.java:setRole(184)) - 399079f7-1eb1-4f37-b003-267572525934@group-D40A05E2FCF9: changes role from  FOLLOWER to CANDIDATE at term 23 for changeToCandidate
2019-10-20 18:18:29,844 [Thread-695] INFO  impl.RoleInfo (RoleInfo.java:updateAndGet(143)) - 399079f7-1eb1-4f37-b003-267572525934: start LeaderElection
2019-10-20 18:18:29,868 [399079f7-1eb1-4f37-b003-267572525934@group-D40A05E2FCF9-LeaderElection59] INFO  impl.LeaderElection (LeaderElection.java:askForVotes(178)) - 399079f7-1eb1-4f37-b003-267572525934@group-D40A05E2FCF9-LeaderElection59: begin an election at term 24 for -1: [399079f7-1eb1-4f37-b003-267572525934:192.168.164.241:37762, 7a43c46a-fc88-4b2d-b2da-ae029cfa60ff:192.168.164.241:43684, 6c5c38af-62e6-4ea7-a24a-078dcb28fb39:192.168.164.241:45428], old=null
2019-10-20 18:18:29,871 [grpc-default-executor-10] INFO  impl.RaftServerImpl (RaftServerImpl.java:setRole(184)) - 7a43c46a-fc88-4b2d-b2da-ae029cfa60ff@group-D40A05E2FCF9: changes role from  FOLLOWER to FOLLOWER at term 24 for recognizeCandidate:399079f7-1eb1-4f37-b003-267572525934
2019-10-20 18:18:29,871 [grpc-default-executor-10] INFO  impl.RoleInfo (RoleInfo.java:shutdownFollowerState(121)) - 7a43c46a-fc88-4b2d-b2da-ae029cfa60ff: shutdown FollowerState
2019-10-20 18:18:29,871 [grpc-default-executor-10] INFO  impl.RoleInfo (RoleInfo.java:updateAndGet(143)) - 7a43c46a-fc88-4b2d-b2da-ae029cfa60ff: start FollowerState
2019-10-20 18:18:29,872 [Thread-694] INFO  impl.FollowerState (FollowerState.java:run(117)) - 7a43c46a-fc88-4b2d-b2da-ae029cfa60ff@group-D40A05E2FCF9-FollowerState was interrupted: java.lang.InterruptedException: sleep interrupted
2019-10-20 18:18:29,871 [grpc-default-executor-1] INFO  impl.RaftServerImpl (RaftServerImpl.java:setRole(184)) - 6c5c38af-62e6-4ea7-a24a-078dcb28fb39@group-D40A05E2FCF9: changes role from  FOLLOWER to FOLLOWER at term 24 for recognizeCandidate:399079f7-1eb1-4f37-b003-267572525934
2019-10-20 18:18:29,872 [grpc-default-executor-1] INFO  impl.RoleInfo (RoleInfo.java:shutdownFollowerState(121)) - 6c5c38af-62e6-4ea7-a24a-078dcb28fb39: shutdown FollowerState
2019-10-20 18:18:29,872 [grpc-default-executor-1] INFO  impl.RoleInfo (RoleInfo.java:updateAndGet(143)) - 6c5c38af-62e6-4ea7-a24a-078dcb28fb39: start FollowerState
2019-10-20 18:18:29,872 [Thread-692] INFO  impl.FollowerState (FollowerState.java:run(117)) - 6c5c38af-62e6-4ea7-a24a-078dcb28fb39@group-D40A05E2FCF9-FollowerState was interrupted: java.lang.InterruptedException: sleep interrupted
2019-10-20 18:18:29,889 [399079f7-1eb1-4f37-b003-267572525934@group-D40A05E2FCF9-LeaderElection59] INFO  impl.LeaderElection (LeaderElection.java:logAndReturn(56)) - 399079f7-1eb1-4f37-b003-267572525934@group-D40A05E2FCF9-LeaderElection59: Election TIMEOUT; received 0 response(s) [] and 0 exception(s); 399079f7-1eb1-4f37-b003-267572525934@group-D40A05E2FCF9:t24, leader=null, voted=399079f7-1eb1-4f37-b003-267572525934, raftlog=399079f7-1eb1-4f37-b003-267572525934@group-D40A05E2FCF9-SegmentedRaftLog:OPENED:c-1,f-1,i0, conf=-1: [399079f7-1eb1-4f37-b003-267572525934:192.168.164.241:37762, 7a43c46a-fc88-4b2d-b2da-ae029cfa60ff:192.168.164.241:43684, 6c5c38af-62e6-4ea7-a24a-078dcb28fb39:192.168.164.241:45428], old=null
2019-10-20 18:18:29,919 [Thread-693] INFO  impl.FollowerState (FollowerState.java:run(108)) - b75f8b2e-6273-4c97-b7c5-042674931d23@group-F11756C8BA4A-FollowerState: change to CANDIDATE, lastRpcTime:140ms, electionTimeout:140ms
2019-10-20 18:18:29,920 [Thread-693] INFO  impl.RoleInfo (RoleInfo.java:shutdownFollowerState(121)) - b75f8b2e-6273-4c97-b7c5-042674931d23: shutdown FollowerState
2019-10-20 18:18:29,920 [Thread-693] INFO  impl.RaftServerImpl (RaftServerImpl.java:setRole(184)) - b75f8b2e-6273-4c97-b7c5-042674931d23@group-F11756C8BA4A: changes role from  FOLLOWER to CANDIDATE at term 23 for changeToCandidate
2019-10-20 18:18:29,920 [Thread-693] INFO  impl.RoleInfo (RoleInfo.java:updateAndGet(143)) - b75f8b2e-6273-4c97-b7c5-042674931d23: start LeaderElection
2019-10-20 18:18:29,954 [399079f7-1eb1-4f37-b003-267572525934@group-D40A05E2FCF9-LeaderElection59] INFO  impl.LeaderElection (LeaderElection.java:askForVotes(178)) - 399079f7-1eb1-4f37-b003-267572525934@group-D40A05E2FCF9-LeaderElection59: begin an election at term 25 for -1: [399079f7-1eb1-4f37-b003-267572525934:192.168.164.241:37762, 7a43c46a-fc88-4b2d-b2da-ae029cfa60ff:192.168.164.241:43684, 6c5c38af-62e6-4ea7-a24a-078dcb28fb39:192.168.164.241:45428], old=null
2019-10-20 18:18:29,957 [grpc-default-executor-1] INFO  impl.RaftServerImpl (RaftServerImpl.java:setRole(184)) - 7a43c46a-fc88-4b2d-b2da-ae029cfa60ff@group-D40A05E2FCF9: changes role from  FOLLOWER to FOLLOWER at term 25 for recognizeCandidate:399079f7-1eb1-4f37-b003-267572525934
2019-10-20 18:18:29,958 [grpc-default-executor-10] INFO  impl.RaftServerImpl (RaftServerImpl.java:setRole(184)) - 6c5c38af-62e6-4ea7-a24a-078dcb28fb39@group-D40A05E2FCF9: changes role from  FOLLOWER to FOLLOWER at term 25 for recognizeCandidate:399079f7-1eb1-4f37-b003-267572525934
2019-10-20 18:18:29,958 [grpc-default-executor-1] INFO  impl.RoleInfo (RoleInfo.java:shutdownFollowerState(121)) - 7a43c46a-fc88-4b2d-b2da-ae029cfa60ff: shutdown FollowerState
2019-10-20 18:18:29,958 [grpc-default-executor-10] INFO  impl.RoleInfo (RoleInfo.java:shutdownFollowerState(121)) - 6c5c38af-62e6-4ea7-a24a-078dcb28fb39: shutdown FollowerState
2019-10-20 18:18:29,958 [grpc-default-executor-1] INFO  impl.RoleInfo (RoleInfo.java:updateAndGet(143)) - 7a43c46a-fc88-4b2d-b2da-ae029cfa60ff: start FollowerState
2019-10-20 18:18:29,958 [grpc-default-executor-10] INFO  impl.RoleInfo (RoleInfo.java:updateAndGet(143)) - 6c5c38af-62e6-4ea7-a24a-078dcb28fb39: start FollowerState
2019-10-20 18:18:29,958 [Thread-699] INFO  impl.FollowerState (FollowerState.java:run(117)) - 7a43c46a-fc88-4b2d-b2da-ae029cfa60ff@group-D40A05E2FCF9-FollowerState was interrupted: java.lang.InterruptedException: sleep interrupted
2019-10-20 18:18:29,958 [Thread-700] INFO  impl.FollowerState (FollowerState.java:run(117)) - 6c5c38af-62e6-4ea7-a24a-078dcb28fb39@group-D40A05E2FCF9-FollowerState was interrupted: java.lang.InterruptedException: sleep interrupted
2019-10-20 18:18:29,963 [b75f8b2e-6273-4c97-b7c5-042674931d23@group-F11756C8BA4A-LeaderElection60] INFO  impl.LeaderElection (LeaderElection.java:askForVotes(178)) - b75f8b2e-6273-4c97-b7c5-042674931d23@group-F11756C8BA4A-LeaderElection60: begin an election at term 24 for -1: [6ef27e9c-8ddb-4fa1-8c14-ab102acfb1b8:192.168.164.241:38092, b75f8b2e-6273-4c97-b7c5-042674931d23:192.168.164.241:41857, 3750b3a2-715b-46b3-9d0c-9e38136244b9:192.168.164.241:46227], old=null
2019-10-20 18:18:29,972 [grpc-default-executor-3] INFO  impl.RaftServerImpl (RaftServerImpl.java:setRole(184)) - 3750b3a2-715b-46b3-9d0c-9e38136244b9@group-F11756C8BA4A: changes role from  FOLLOWER to FOLLOWER at term 24 for recognizeCandidate:b75f8b2e-6273-4c97-b7c5-042674931d23
2019-10-20 18:18:29,972 [grpc-default-executor-7] INFO  impl.RaftServerImpl (RaftServerImpl.java:setRole(184)) - 6ef27e9c-8ddb-4fa1-8c14-ab102acfb1b8@group-F11756C8BA4A: changes role from  FOLLOWER to FOLLOWER at term 24 for recognizeCandidate:b75f8b2e-6273-4c97-b7c5-042674931d23
2019-10-20 18:18:29,973 [grpc-default-executor-3] INFO  impl.RoleInfo (RoleInfo.java:shutdownFollowerState(121)) - 3750b3a2-715b-46b3-9d0c-9e38136244b9: shutdown FollowerState
2019-10-20 18:18:29,973 [grpc-default-executor-7] INFO  impl.RoleInfo (RoleInfo.java:shutdownFollowerState(121)) - 6ef27e9c-8ddb-4fa1-8c14-ab102acfb1b8: shutdown FollowerState
2019-10-20 18:18:29,973 [Thread-687] INFO  impl.FollowerState (FollowerState.java:run(117)) - 3750b3a2-715b-46b3-9d0c-9e38136244b9@group-F11756C8BA4A-FollowerState was interrupted: java.lang.InterruptedException: sleep interrupted
2019-10-20 18:18:29,973 [grpc-default-executor-3] INFO  impl.RoleInfo (RoleInfo.java:updateAndGet(143)) - 3750b3a2-715b-46b3-9d0c-9e38136244b9: start FollowerState
2019-10-20 18:18:29,973 [grpc-default-executor-7] INFO  impl.RoleInfo (RoleInfo.java:updateAndGet(143)) - 6ef27e9c-8ddb-4fa1-8c14-ab102acfb1b8: start FollowerState
2019-10-20 18:18:29,973 [Thread-688] INFO  impl.FollowerState (FollowerState.java:run(117)) - 6ef27e9c-8ddb-4fa1-8c14-ab102acfb1b8@group-F11756C8BA4A-FollowerState was interrupted: java.lang.InterruptedException: sleep interrupted
2019-10-20 18:18:29,974 [b75f8b2e-6273-4c97-b7c5-042674931d23@group-F11756C8BA4A-LeaderElection60] INFO  impl.LeaderElection (LeaderElection.java:logAndReturn(56)) - b75f8b2e-6273-4c97-b7c5-042674931d23@group-F11756C8BA4A-LeaderElection60: Election TIMEOUT; received 0 response(s) [] and 0 exception(s); b75f8b2e-6273-4c97-b7c5-042674931d23@group-F11756C8BA4A:t24, leader=null, voted=b75f8b2e-6273-4c97-b7c5-042674931d23, raftlog=b75f8b2e-6273-4c97-b7c5-042674931d23@group-F11756C8BA4A-SegmentedRaftLog:OPENED:c-1,f-1,i0, conf=-1: [6ef27e9c-8ddb-4fa1-8c14-ab102acfb1b8:192.168.164.241:38092, b75f8b2e-6273-4c97-b7c5-042674931d23:192.168.164.241:41857, 3750b3a2-715b-46b3-9d0c-9e38136244b9:192.168.164.241:46227], old=null
2019-10-20 18:18:29,982 [399079f7-1eb1-4f37-b003-267572525934@group-D40A05E2FCF9-LeaderElection59] INFO  impl.LeaderElection (LeaderElection.java:logAndReturn(56)) - 399079f7-1eb1-4f37-b003-267572525934@group-D40A05E2FCF9-LeaderElection59: Election REJECTED; received 2 response(s) [399079f7-1eb1-4f37-b003-267572525934<-7a43c46a-fc88-4b2d-b2da-ae029cfa60ff#0:FAIL-t25, 399079f7-1eb1-4f37-b003-267572525934<-6c5c38af-62e6-4ea7-a24a-078dcb28fb39#0:FAIL-t25] and 0 exception(s); 399079f7-1eb1-4f37-b003-267572525934@group-D40A05E2FCF9:t25, leader=null, voted=399079f7-1eb1-4f37-b003-267572525934, raftlog=399079f7-1eb1-4f37-b003-267572525934@group-D40A05E2FCF9-SegmentedRaftLog:OPENED:c-1,f-1,i0, conf=-1: [399079f7-1eb1-4f37-b003-267572525934:192.168.164.241:37762, 7a43c46a-fc88-4b2d-b2da-ae029cfa60ff:192.168.164.241:43684, 6c5c38af-62e6-4ea7-a24a-078dcb28fb39:192.168.164.241:45428], old=null
2019-10-20 18:18:29,982 [399079f7-1eb1-4f37-b003-267572525934@group-D40A05E2FCF9-LeaderElection59] INFO  impl.RaftServerImpl (RaftServerImpl.java:setRole(184)) - 399079f7-1eb1-4f37-b003-267572525934@group-D40A05E2FCF9: changes role from CANDIDATE to FOLLOWER at term 25 for DISCOVERED_A_NEW_TERM
2019-10-20 18:18:29,983 [399079f7-1eb1-4f37-b003-267572525934@group-D40A05E2FCF9-LeaderElection59] INFO  impl.RoleInfo (RoleInfo.java:shutdownLeaderElection(134)) - 399079f7-1eb1-4f37-b003-267572525934: shutdown LeaderElection
2019-10-20 18:18:29,983 [399079f7-1eb1-4f37-b003-267572525934@group-D40A05E2FCF9-LeaderElection59] INFO  impl.RoleInfo (RoleInfo.java:updateAndGet(143)) - 399079f7-1eb1-4f37-b003-267572525934: start FollowerState
2019-10-20 18:18:29,998 [b75f8b2e-6273-4c97-b7c5-042674931d23@group-F11756C8BA4A-LeaderElection60] INFO  impl.LeaderElection (LeaderElection.java:askForVotes(178)) - b75f8b2e-6273-4c97-b7c5-042674931d23@group-F11756C8BA4A-LeaderElection60: begin an election at term 25 for -1: [6ef27e9c-8ddb-4fa1-8c14-ab102acfb1b8:192.168.164.241:38092, b75f8b2e-6273-4c97-b7c5-042674931d23:192.168.164.241:41857, 3750b3a2-715b-46b3-9d0c-9e38136244b9:192.168.164.241:46227], old=null
2019-10-20 18:18:30,003 [grpc-default-executor-3] INFO  impl.RaftServerImpl (RaftServerImpl.java:setRole(184)) - 6ef27e9c-8ddb-4fa1-8c14-ab102acfb1b8@group-F11756C8BA4A: changes role from  FOLLOWER to FOLLOWER at term 25 for recognizeCandidate:b75f8b2e-6273-4c97-b7c5-042674931d23
2019-10-20 18:18:30,003 [grpc-default-executor-7] INFO  impl.RaftServerImpl (RaftServerImpl.java:setRole(184)) - 3750b3a2-715b-46b3-9d0c-9e38136244b9@group-F11756C8BA4A: changes role from  FOLLOWER to FOLLOWER at term 25 for recognizeCandidate:b75f8b2e-6273-4c97-b7c5-042674931d23
2019-10-20 18:18:30,003 [grpc-default-executor-3] INFO  impl.RoleInfo (RoleInfo.java:shutdownFollowerState(121)) - 6ef27e9c-8ddb-4fa1-8c14-ab102acfb1b8: shutdown FollowerState
2019-10-20 18:18:30,003 [grpc-default-executor-7] INFO  impl.RoleInfo (RoleInfo.java:shutdownFollowerState(121)) - 3750b3a2-715b-46b3-9d0c-9e38136244b9: shutdown FollowerState
2019-10-20 18:18:30,004 [grpc-default-executor-3] INFO  impl.RoleInfo (RoleInfo.java:updateAndGet(143)) - 6ef27e9c-8ddb-4fa1-8c14-ab102acfb1b8: start FollowerState
2019-10-20 18:18:30,004 [Thread-708] INFO  impl.FollowerState (FollowerState.java:run(117)) - 3750b3a2-715b-46b3-9d0c-9e38136244b9@group-F11756C8BA4A-FollowerState was interrupted: java.lang.InterruptedException: sleep interrupted
2019-10-20 18:18:30,004 [grpc-default-executor-7] INFO  impl.RoleInfo (RoleInfo.java:updateAndGet(143)) - 3750b3a2-715b-46b3-9d0c-9e38136244b9: start FollowerState
2019-10-20 18:18:30,004 [Thread-709] INFO  impl.FollowerState (FollowerState.java:run(117)) - 6ef27e9c-8ddb-4fa1-8c14-ab102acfb1b8@group-F11756C8BA4A-FollowerState was interrupted: java.lang.InterruptedException: sleep interrupted
2019-10-20 18:18:30,033 [b75f8b2e-6273-4c97-b7c5-042674931d23@group-F11756C8BA4A-LeaderElection60] INFO  impl.LeaderElection (LeaderElection.java:logAndReturn(56)) - b75f8b2e-6273-4c97-b7c5-042674931d23@group-F11756C8BA4A-LeaderElection60: Election REJECTED; received 2 response(s) [b75f8b2e-6273-4c97-b7c5-042674931d23<-6ef27e9c-8ddb-4fa1-8c14-ab102acfb1b8#0:FAIL-t25, b75f8b2e-6273-4c97-b7c5-042674931d23<-3750b3a2-715b-46b3-9d0c-9e38136244b9#0:FAIL-t25] and 0 exception(s); b75f8b2e-6273-4c97-b7c5-042674931d23@group-F11756C8BA4A:t25, leader=null, voted=b75f8b2e-6273-4c97-b7c5-042674931d23, raftlog=b75f8b2e-6273-4c97-b7c5-042674931d23@group-F11756C8BA4A-SegmentedRaftLog:OPENED:c-1,f-1,i0, conf=-1: [6ef27e9c-8ddb-4fa1-8c14-ab102acfb1b8:192.168.164.241:38092, b75f8b2e-6273-4c97-b7c5-042674931d23:192.168.164.241:41857, 3750b3a2-715b-46b3-9d0c-9e38136244b9:192.168.164.241:46227], old=null
2019-10-20 18:18:30,033 [b75f8b2e-6273-4c97-b7c5-042674931d23@group-F11756C8BA4A-LeaderElection60] INFO  impl.RaftServerImpl (RaftServerImpl.java:setRole(184)) - b75f8b2e-6273-4c97-b7c5-042674931d23@group-F11756C8BA4A: changes role from CANDIDATE to FOLLOWER at term 25 for DISCOVERED_A_NEW_TERM
2019-10-20 18:18:30,033 [b75f8b2e-6273-4c97-b7c5-042674931d23@group-F11756C8BA4A-LeaderElection60] INFO  impl.RoleInfo (RoleInfo.java:shutdownLeaderElection(134)) - b75f8b2e-6273-4c97-b7c5-042674931d23: shutdown LeaderElection
2019-10-20 18:18:30,034 [b75f8b2e-6273-4c97-b7c5-042674931d23@group-F11756C8BA4A-LeaderElection60] INFO  impl.RoleInfo (RoleInfo.java:updateAndGet(143)) - b75f8b2e-6273-4c97-b7c5-042674931d23: start FollowerState
2019-10-20 18:18:30,054 [Thread-710] INFO  impl.FollowerState (FollowerState.java:run(108)) - 399079f7-1eb1-4f37-b003-267572525934@group-D40A05E2FCF9-FollowerState: change to CANDIDATE, lastRpcTime:71ms, electionTimeout:71ms
2019-10-20 18:18:30,054 [Thread-710] INFO  impl.RoleInfo (RoleInfo.java:shutdownFollowerState(121)) - 399079f7-1eb1-4f37-b003-267572525934: shutdown FollowerState
2019-10-20 18:18:30,055 [Thread-710] INFO  impl.RaftServerImpl (RaftServerImpl.java:setRole(184)) - 399079f7-1eb1-4f37-b003-267572525934@group-D40A05E2FCF9: changes role from  FOLLOWER to CANDIDATE at term 25 for changeToCandidate
2019-10-20 18:18:30,055 [Thread-710] INFO  impl.RoleInfo (RoleInfo.java:updateAndGet(143)) - 399079f7-1eb1-4f37-b003-267572525934: start LeaderElection
2019-10-20 18:18:30,082 [399079f7-1eb1-4f37-b003-267572525934@group-D40A05E2FCF9-LeaderElection61] INFO  impl.LeaderElection (LeaderElection.java:askForVotes(178)) - 399079f7-1eb1-4f37-b003-267572525934@group-D40A05E2FCF9-LeaderElection61: begin an election at term 26 for -1: [399079f7-1eb1-4f37-b003-267572525934:192.168.164.241:37762, 7a43c46a-fc88-4b2d-b2da-ae029cfa60ff:192.168.164.241:43684, 6c5c38af-62e6-4ea7-a24a-078dcb28fb39:192.168.164.241:45428], old=null
2019-10-20 18:18:30,085 [grpc-default-executor-7] INFO  impl.RaftServerImpl (RaftServerImpl.java:setRole(184)) - 6c5c38af-62e6-4ea7-a24a-078dcb28fb39@group-D40A05E2FCF9: changes role from  FOLLOWER to FOLLOWER at term 26 for recognizeCandidate:399079f7-1eb1-4f37-b003-267572525934
2019-10-20 18:18:30,085 [grpc-default-executor-3] INFO  impl.RaftServerImpl (RaftServerImpl.java:setRole(184)) - 7a43c46a-fc88-4b2d-b2da-ae029cfa60ff@group-D40A05E2FCF9: changes role from  FOLLOWER to FOLLOWER at term 26 for recognizeCandidate:399079f7-1eb1-4f37-b003-267572525934
2019-10-20 18:18:30,085 [grpc-default-executor-7] INFO  impl.RoleInfo (RoleInfo.java:shutdownFollowerState(121)) - 6c5c38af-62e6-4ea7-a24a-078dcb28fb39: shutdown FollowerState
2019-10-20 18:18:30,085 [grpc-default-executor-3] INFO  impl.RoleInfo (RoleInfo.java:shutdownFollowerState(121)) - 7a43c46a-fc88-4b2d-b2da-ae029cfa60ff: shutdown FollowerState
2019-10-20 18:18:30,085 [Thread-705] INFO  impl.FollowerState (FollowerState.java:run(117)) - 6c5c38af-62e6-4ea7-a24a-078dcb28fb39@group-D40A05E2FCF9-FollowerState was interrupted: java.lang.InterruptedException: sleep interrupted
2019-10-20 18:18:30,085 [grpc-default-executor-7] INFO  impl.RoleInfo (RoleInfo.java:updateAndGet(143)) - 6c5c38af-62e6-4ea7-a24a-078dcb28fb39: start FollowerState
2019-10-20 18:18:30,085 [Thread-704] INFO  impl.FollowerState (FollowerState.java:run(117)) - 7a43c46a-fc88-4b2d-b2da-ae029cfa60ff@group-D40A05E2FCF9-FollowerState was interrupted: java.lang.InterruptedException: sleep interrupted
2019-10-20 18:18:30,085 [grpc-default-executor-3] INFO  impl.RoleInfo (RoleInfo.java:updateAndGet(143)) - 7a43c46a-fc88-4b2d-b2da-ae029cfa60ff: start FollowerState
2019-10-20 18:18:30,118 [399079f7-1eb1-4f37-b003-267572525934@group-D40A05E2FCF9-LeaderElection61] INFO  impl.LeaderElection (LeaderElection.java:logAndReturn(56)) - 399079f7-1eb1-4f37-b003-267572525934@group-D40A05E2FCF9-LeaderElection61: Election REJECTED; received 2 response(s) [399079f7-1eb1-4f37-b003-267572525934<-7a43c46a-fc88-4b2d-b2da-ae029cfa60ff#0:FAIL-t26, 399079f7-1eb1-4f37-b003-267572525934<-6c5c38af-62e6-4ea7-a24a-078dcb28fb39#0:FAIL-t26] and 0 exception(s); 399079f7-1eb1-4f37-b003-267572525934@group-D40A05E2FCF9:t26, leader=null, voted=399079f7-1eb1-4f37-b003-267572525934, raftlog=399079f7-1eb1-4f37-b003-267572525934@group-D40A05E2FCF9-SegmentedRaftLog:OPENED:c-1,f-1,i0, conf=-1: [399079f7-1eb1-4f37-b003-267572525934:192.168.164.241:37762, 7a43c46a-fc88-4b2d-b2da-ae029cfa60ff:192.168.164.241:43684, 6c5c38af-62e6-4ea7-a24a-078dcb28fb39:192.168.164.241:45428], old=null
2019-10-20 18:18:30,118 [399079f7-1eb1-4f37-b003-267572525934@group-D40A05E2FCF9-LeaderElection61] INFO  impl.RaftServerImpl (RaftServerImpl.java:setRole(184)) - 399079f7-1eb1-4f37-b003-267572525934@group-D40A05E2FCF9: changes role from CANDIDATE to FOLLOWER at term 26 for DISCOVERED_A_NEW_TERM
2019-10-20 18:18:30,118 [399079f7-1eb1-4f37-b003-267572525934@group-D40A05E2FCF9-LeaderElection61] INFO  impl.RoleInfo (RoleInfo.java:shutdownLeaderElection(134)) - 399079f7-1eb1-4f37-b003-267572525934: shutdown LeaderElection
2019-10-20 18:18:30,118 [399079f7-1eb1-4f37-b003-267572525934@group-D40A05E2FCF9-LeaderElection61] INFO  impl.RoleInfo (RoleInfo.java:updateAndGet(143)) - 399079f7-1eb1-4f37-b003-267572525934: start FollowerState
2019-10-20 18:18:30,147 [Thread-723] INFO  impl.FollowerState (FollowerState.java:run(108)) - 399079f7-1eb1-4f37-b003-267572525934@group-D40A05E2FCF9-FollowerState: change to CANDIDATE, lastRpcTime:29ms, electionTimeout:29ms
2019-10-20 18:18:30,148 [Thread-723] INFO  impl.RoleInfo (RoleInfo.java:shutdownFollowerState(121)) - 399079f7-1eb1-4f37-b003-267572525934: shutdown FollowerState
2019-10-20 18:18:30,148 [Thread-723] INFO  impl.RaftServerImpl (RaftServerImpl.java:setRole(184)) - 399079f7-1eb1-4f37-b003-267572525934@group-D40A05E2FCF9: changes role from  FOLLOWER to CANDIDATE at term 26 for changeToCandidate
2019-10-20 18:18:30,148 [Thread-723] INFO  impl.RoleInfo (RoleInfo.java:updateAndGet(143)) - 399079f7-1eb1-4f37-b003-267572525934: start LeaderElection
2019-10-20 18:18:30,154 [Thread-715] INFO  impl.FollowerState (FollowerState.java:run(108)) - b75f8b2e-6273-4c97-b7c5-042674931d23@group-F11756C8BA4A-FollowerState: change to CANDIDATE, lastRpcTime:120ms, electionTimeout:120ms
2019-10-20 18:18:30,154 [Thread-715] INFO  impl.RoleInfo (RoleInfo.java:shutdownFollowerState(121)) - b75f8b2e-6273-4c97-b7c5-042674931d23: shutdown FollowerState
2019-10-20 18:18:30,154 [Thread-715] INFO  impl.RaftServerImpl (RaftServerImpl.java:setRole(184)) - b75f8b2e-6273-4c97-b7c5-042674931d23@group-F11756C8BA4A: changes role from  FOLLOWER to CANDIDATE at term 25 for changeToCandidate
2019-10-20 18:18:30,154 [Thread-715] INFO  impl.RoleInfo (RoleInfo.java:updateAndGet(143)) - b75f8b2e-6273-4c97-b7c5-042674931d23: start LeaderElection
2019-10-20 18:18:30,175 [399079f7-1eb1-4f37-b003-267572525934@group-D40A05E2FCF9-LeaderElection62] INFO  impl.LeaderElection (LeaderElection.java:askForVotes(178)) - 399079f7-1eb1-4f37-b003-267572525934@group-D40A05E2FCF9-LeaderElection62: begin an election at term 27 for -1: [399079f7-1eb1-4f37-b003-267572525934:192.168.164.241:37762, 7a43c46a-fc88-4b2d-b2da-ae029cfa60ff:192.168.164.241:43684, 6c5c38af-62e6-4ea7-a24a-078dcb28fb39:192.168.164.241:45428], old=null
2019-10-20 18:18:30,175 [b75f8b2e-6273-4c97-b7c5-042674931d23@group-F11756C8BA4A-LeaderElection63] INFO  impl.LeaderElection (LeaderElection.java:askForVotes(178)) - b75f8b2e-6273-4c97-b7c5-042674931d23@group-F11756C8BA4A-LeaderElection63: begin an election at term 26 for -1: [6ef27e9c-8ddb-4fa1-8c14-ab102acfb1b8:192.168.164.241:38092, b75f8b2e-6273-4c97-b7c5-042674931d23:192.168.164.241:41857, 3750b3a2-715b-46b3-9d0c-9e38136244b9:192.168.164.241:46227], old=null
2019-10-20 18:18:30,181 [grpc-default-executor-3] INFO  impl.RaftServerImpl (RaftServerImpl.java:setRole(184)) - 6ef27e9c-8ddb-4fa1-8c14-ab102acfb1b8@group-F11756C8BA4A: changes role from  FOLLOWER to FOLLOWER at term 26 for recognizeCandidate:b75f8b2e-6273-4c97-b7c5-042674931d23
2019-10-20 18:18:30,181 [grpc-default-executor-7] INFO  impl.RaftServerImpl (RaftServerImpl.java:setRole(184)) - 7a43c46a-fc88-4b2d-b2da-ae029cfa60ff@group-D40A05E2FCF9: changes role from  FOLLOWER to FOLLOWER at term 27 for recognizeCandidate:399079f7-1eb1-4f37-b003-267572525934
2019-10-20 18:18:30,182 [grpc-default-executor-3] INFO  impl.RoleInfo (RoleInfo.java:shutdownFollowerState(121)) - 6ef27e9c-8ddb-4fa1-8c14-ab102acfb1b8: shutdown FollowerState
2019-10-20 18:18:30,182 [grpc-default-executor-1] INFO  impl.RaftServerImpl (RaftServerImpl.java:setRole(184)) - 6c5c38af-62e6-4ea7-a24a-078dcb28fb39@group-D40A05E2FCF9: changes role from  FOLLOWER to FOLLOWER at term 27 for recognizeCandidate:399079f7-1eb1-4f37-b003-267572525934
2019-10-20 18:18:30,182 [grpc-default-executor-3] INFO  impl.RoleInfo (RoleInfo.java:updateAndGet(143)) - 6ef27e9c-8ddb-4fa1-8c14-ab102acfb1b8: start FollowerState
2019-10-20 18:18:30,182 [grpc-default-executor-10] INFO  impl.RaftServerImpl (RaftServerImpl.java:setRole(184)) - 3750b3a2-715b-46b3-9d0c-9e38136244b9@group-F11756C8BA4A: changes role from  FOLLOWER to FOLLOWER at term 26 for recognizeCandidate:b75f8b2e-6273-4c97-b7c5-042674931d23
2019-10-20 18:18:30,182 [grpc-default-executor-10] INFO  impl.RoleInfo (RoleInfo.java:shutdownFollowerState(121)) - 3750b3a2-715b-46b3-9d0c-9e38136244b9: shutdown FollowerState
2019-10-20 18:18:30,182 [grpc-default-executor-7] INFO  impl.RoleInfo (RoleInfo.java:shutdownFollowerState(121)) - 7a43c46a-fc88-4b2d-b2da-ae029cfa60ff: shutdown FollowerState
2019-10-20 18:18:30,182 [Thread-714] INFO  impl.FollowerState (FollowerState.java:run(117)) - 3750b3a2-715b-46b3-9d0c-9e38136244b9@group-F11756C8BA4A-FollowerState was interrupted: java.lang.InterruptedException: sleep interrupted
2019-10-20 18:18:30,182 [grpc-default-executor-10] INFO  impl.RoleInfo (RoleInfo.java:updateAndGet(143)) - 3750b3a2-715b-46b3-9d0c-9e38136244b9: start FollowerState
2019-10-20 18:18:30,182 [Thread-713] INFO  impl.FollowerState (FollowerState.java:run(117)) - 6ef27e9c-8ddb-4fa1-8c14-ab102acfb1b8@group-F11756C8BA4A-FollowerState was interrupted: java.lang.InterruptedException: sleep interrupted
2019-10-20 18:18:30,182 [grpc-default-executor-1] INFO  impl.RoleInfo (RoleInfo.java:shutdownFollowerState(121)) - 6c5c38af-62e6-4ea7-a24a-078dcb28fb39: shutdown FollowerState
2019-10-20 18:18:30,183 [Thread-722] INFO  impl.FollowerState (FollowerState.java:run(117)) - 7a43c46a-fc88-4b2d-b2da-ae029cfa60ff@group-D40A05E2FCF9-FollowerState was interrupted: java.lang.InterruptedException: sleep interrupted
2019-10-20 18:18:30,183 [grpc-default-executor-7] INFO  impl.RoleInfo (RoleInfo.java:updateAndGet(143)) - 7a43c46a-fc88-4b2d-b2da-ae029cfa60ff: start FollowerState
2019-10-20 18:18:30,183 [Thread-721] INFO  impl.FollowerState (FollowerState.java:run(117)) - 6c5c38af-62e6-4ea7-a24a-078dcb28fb39@group-D40A05E2FCF9-FollowerState was interrupted: java.lang.InterruptedException: sleep interrupted
2019-10-20 18:18:30,183 [grpc-default-executor-1] INFO  impl.RoleInfo (RoleInfo.java:updateAndGet(143)) - 6c5c38af-62e6-4ea7-a24a-078dcb28fb39: start FollowerState
2019-10-20 18:18:30,213 [399079f7-1eb1-4f37-b003-267572525934@group-D40A05E2FCF9-LeaderElection62] INFO  impl.LeaderElection (LeaderElection.java:logAndReturn(56)) - 399079f7-1eb1-4f37-b003-267572525934@group-D40A05E2FCF9-LeaderElection62: Election REJECTED; received 2 response(s) [399079f7-1eb1-4f37-b003-267572525934<-7a43c46a-fc88-4b2d-b2da-ae029cfa60ff#0:FAIL-t27, 399079f7-1eb1-4f37-b003-267572525934<-6c5c38af-62e6-4ea7-a24a-078dcb28fb39#0:FAIL-t27] and 0 exception(s); 399079f7-1eb1-4f37-b003-267572525934@group-D40A05E2FCF9:t27, leader=null, voted=399079f7-1eb1-4f37-b003-267572525934, raftlog=399079f7-1eb1-4f37-b003-267572525934@group-D40A05E2FCF9-SegmentedRaftLog:OPENED:c-1,f-1,i0, conf=-1: [399079f7-1eb1-4f37-b003-267572525934:192.168.164.241:37762, 7a43c46a-fc88-4b2d-b2da-ae029cfa60ff:192.168.164.241:43684, 6c5c38af-62e6-4ea7-a24a-078dcb28fb39:192.168.164.241:45428], old=null
2019-10-20 18:18:30,213 [b75f8b2e-6273-4c97-b7c5-042674931d23@group-F11756C8BA4A-LeaderElection63] INFO  impl.LeaderElection (LeaderElection.java:logAndReturn(56)) - b75f8b2e-6273-4c97-b7c5-042674931d23@group-F11756C8BA4A-LeaderElection63: Election REJECTED; received 2 response(s) [b75f8b2e-6273-4c97-b7c5-042674931d23<-6ef27e9c-8ddb-4fa1-8c14-ab102acfb1b8#0:FAIL-t26, b75f8b2e-6273-4c97-b7c5-042674931d23<-3750b3a2-715b-46b3-9d0c-9e38136244b9#0:FAIL-t26] and 0 exception(s); b75f8b2e-6273-4c97-b7c5-042674931d23@group-F11756C8BA4A:t26, leader=null, voted=b75f8b2e-6273-4c97-b7c5-042674931d23, raftlog=b75f8b2e-6273-4c97-b7c5-042674931d23@group-F11756C8BA4A-SegmentedRaftLog:OPENED:c-1,f-1,i0, conf=-1: [6ef27e9c-8ddb-4fa1-8c14-ab102acfb1b8:192.168.164.241:38092, b75f8b2e-6273-4c97-b7c5-042674931d23:192.168.164.241:41857, 3750b3a2-715b-46b3-9d0c-9e38136244b9:192.168.164.241:46227], old=null
2019-10-20 18:18:30,213 [399079f7-1eb1-4f37-b003-267572525934@group-D40A05E2FCF9-LeaderElection62] INFO  impl.RaftServerImpl (RaftServerImpl.java:setRole(184)) - 399079f7-1eb1-4f37-b003-267572525934@group-D40A05E2FCF9: changes role from CANDIDATE to FOLLOWER at term 27 for DISCOVERED_A_NEW_TERM
2019-10-20 18:18:30,213 [b75f8b2e-6273-4c97-b7c5-042674931d23@group-F11756C8BA4A-LeaderElection63] INFO  impl.RaftServerImpl (RaftServerImpl.java:setRole(184)) - b75f8b2e-6273-4c97-b7c5-042674931d23@group-F11756C8BA4A: changes role from CANDIDATE to FOLLOWER at term 26 for DISCOVERED_A_NEW_TERM
2019-10-20 18:18:30,213 [399079f7-1eb1-4f37-b003-267572525934@group-D40A05E2FCF9-LeaderElection62] INFO  impl.RoleInfo (RoleInfo.java:shutdownLeaderElection(134)) - 399079f7-1eb1-4f37-b003-267572525934: shutdown LeaderElection
2019-10-20 18:18:30,213 [b75f8b2e-6273-4c97-b7c5-042674931d23@group-F11756C8BA4A-LeaderElection63] INFO  impl.RoleInfo (RoleInfo.java:shutdownLeaderElection(134)) - b75f8b2e-6273-4c97-b7c5-042674931d23: shutdown LeaderElection
2019-10-20 18:18:30,214 [399079f7-1eb1-4f37-b003-267572525934@group-D40A05E2FCF9-LeaderElection62] INFO  impl.RoleInfo (RoleInfo.java:updateAndGet(143)) - 399079f7-1eb1-4f37-b003-267572525934: start FollowerState
2019-10-20 18:18:30,214 [b75f8b2e-6273-4c97-b7c5-042674931d23@group-F11756C8BA4A-LeaderElection63] INFO  impl.RoleInfo (RoleInfo.java:updateAndGet(143)) - b75f8b2e-6273-4c97-b7c5-042674931d23: start FollowerState
2019-10-20 18:18:30,223 [Thread-736] INFO  impl.FollowerState (FollowerState.java:run(108)) - 399079f7-1eb1-4f37-b003-267572525934@group-D40A05E2FCF9-FollowerState: change to CANDIDATE, lastRpcTime:9ms, electionTimeout:9ms
2019-10-20 18:18:30,223 [Thread-736] INFO  impl.RoleInfo (RoleInfo.java:shutdownFollowerState(121)) - 399079f7-1eb1-4f37-b003-267572525934: shutdown FollowerState
2019-10-20 18:18:30,223 [Thread-736] INFO  impl.RaftServerImpl (RaftServerImpl.java:setRole(184)) - 399079f7-1eb1-4f37-b003-267572525934@group-D40A05E2FCF9: changes role from  FOLLOWER to CANDIDATE at term 27 for changeToCandidate
2019-10-20 18:18:30,224 [Thread-736] INFO  impl.RoleInfo (RoleInfo.java:updateAndGet(143)) - 399079f7-1eb1-4f37-b003-267572525934: start LeaderElection
2019-10-20 18:18:30,251 [399079f7-1eb1-4f37-b003-267572525934@group-D40A05E2FCF9-LeaderElection64] INFO  impl.LeaderElection (LeaderElection.java:askForVotes(178)) - 399079f7-1eb1-4f37-b003-267572525934@group-D40A05E2FCF9-LeaderElection64: begin an election at term 28 for -1: [399079f7-1eb1-4f37-b003-267572525934:192.168.164.241:37762, 7a43c46a-fc88-4b2d-b2da-ae029cfa60ff:192.168.164.241:43684, 6c5c38af-62e6-4ea7-a24a-078dcb28fb39:192.168.164.241:45428], old=null
2019-10-20 18:18:30,254 [grpc-default-executor-10] INFO  impl.RaftServerImpl (RaftServerImpl.java:setRole(184)) - 7a43c46a-fc88-4b2d-b2da-ae029cfa60ff@group-D40A05E2FCF9: changes role from  FOLLOWER to FOLLOWER at term 28 for recognizeCandidate:399079f7-1eb1-4f37-b003-267572525934
2019-10-20 18:18:30,254 [grpc-default-executor-10] INFO  impl.RoleInfo (RoleInfo.java:shutdownFollowerState(121)) - 7a43c46a-fc88-4b2d-b2da-ae029cfa60ff: shutdown FollowerState
2019-10-20 18:18:30,254 [grpc-default-executor-7] INFO  impl.RaftServerImpl (RaftServerImpl.java:setRole(184)) - 6c5c38af-62e6-4ea7-a24a-078dcb28fb39@group-D40A05E2FCF9: changes role from  FOLLOWER to FOLLOWER at term 28 for recognizeCandidate:399079f7-1eb1-4f37-b003-267572525934
2019-10-20 18:18:30,254 [Thread-732] INFO  impl.FollowerState (FollowerState.java:run(117)) - 7a43c46a-fc88-4b2d-b2da-ae029cfa60ff@group-D40A05E2FCF9-FollowerState was interrupted: java.lang.InterruptedException: sleep interrupted
2019-10-20 18:18:30,254 [grpc-default-executor-10] INFO  impl.RoleInfo (RoleInfo.java:updateAndGet(143)) - 7a43c46a-fc88-4b2d-b2da-ae029cfa60ff: start FollowerState
2019-10-20 18:18:30,254 [grpc-default-executor-7] INFO  impl.RoleInfo (RoleInfo.java:shutdownFollowerState(121)) - 6c5c38af-62e6-4ea7-a24a-078dcb28fb39: shutdown FollowerState
2019-10-20 18:18:30,255 [grpc-default-executor-7] INFO  impl.RoleInfo (RoleInfo.java:updateAndGet(143)) - 6c5c38af-62e6-4ea7-a24a-078dcb28fb39: start FollowerState
2019-10-20 18:18:30,255 [Thread-733] INFO  impl.FollowerState (FollowerState.java:run(117)) - 6c5c38af-62e6-4ea7-a24a-078dcb28fb39@group-D40A05E2FCF9-FollowerState was interrupted: java.lang.InterruptedException: sleep interrupted
2019-10-20 18:18:30,275 [399079f7-1eb1-4f37-b003-267572525934@group-D40A05E2FCF9-LeaderElection64] INFO  impl.LeaderElection (LeaderElection.java:logAndReturn(56)) - 399079f7-1eb1-4f37-b003-267572525934@group-D40A05E2FCF9-LeaderElection64: Election TIMEOUT; received 0 response(s) [] and 0 exception(s); 399079f7-1eb1-4f37-b003-267572525934@group-D40A05E2FCF9:t28, leader=null, voted=399079f7-1eb1-4f37-b003-267572525934, raftlog=399079f7-1eb1-4f37-b003-267572525934@group-D40A05E2FCF9-SegmentedRaftLog:OPENED:c-1,f-1,i0, conf=-1: [399079f7-1eb1-4f37-b003-267572525934:192.168.164.241:37762, 7a43c46a-fc88-4b2d-b2da-ae029cfa60ff:192.168.164.241:43684, 6c5c38af-62e6-4ea7-a24a-078dcb28fb39:192.168.164.241:45428], old=null
2019-10-20 18:18:30,302 [399079f7-1eb1-4f37-b003-267572525934@group-D40A05E2FCF9-LeaderElection64] INFO  impl.LeaderElection (LeaderElection.java:askForVotes(178)) - 399079f7-1eb1-4f37-b003-267572525934@group-D40A05E2FCF9-LeaderElection64: begin an election at term 29 for -1: [399079f7-1eb1-4f37-b003-267572525934:192.168.164.241:37762, 7a43c46a-fc88-4b2d-b2da-ae029cfa60ff:192.168.164.241:43684, 6c5c38af-62e6-4ea7-a24a-078dcb28fb39:192.168.164.241:45428], old=null
2019-10-20 18:18:30,305 [grpc-default-executor-10] INFO  impl.RaftServerImpl (RaftServerImpl.java:setRole(184)) - 6c5c38af-62e6-4ea7-a24a-078dcb28fb39@group-D40A05E2FCF9: changes role from  FOLLOWER to FOLLOWER at term 29 for recognizeCandidate:399079f7-1eb1-4f37-b003-267572525934
2019-10-20 18:18:30,305 [grpc-default-executor-7] INFO  impl.RaftServerImpl (RaftServerImpl.java:setRole(184)) - 7a43c46a-fc88-4b2d-b2da-ae029cfa60ff@group-D40A05E2FCF9: changes role from  FOLLOWER to FOLLOWER at term 29 for recognizeCandidate:399079f7-1eb1-4f37-b003-267572525934
2019-10-20 18:18:30,305 [grpc-default-executor-10] INFO  impl.RoleInfo (RoleInfo.java:shutdownFollowerState(121)) - 6c5c38af-62e6-4ea7-a24a-078dcb28fb39: shutdown FollowerState
2019-10-20 18:18:30,305 [grpc-default-executor-7] INFO  impl.RoleInfo (RoleInfo.java:shutdownFollowerState(121)) - 7a43c46a-fc88-4b2d-b2da-ae029cfa60ff: shutdown FollowerState
2019-10-20 18:18:30,305 [grpc-default-executor-10] INFO  impl.RoleInfo (RoleInfo.java:updateAndGet(143)) - 6c5c38af-62e6-4ea7-a24a-078dcb28fb39: start FollowerState
2019-10-20 18:18:30,305 [Thread-742] INFO  impl.FollowerState (FollowerState.java:run(117)) - 6c5c38af-62e6-4ea7-a24a-078dcb28fb39@group-D40A05E2FCF9-FollowerState was interrupted: java.lang.InterruptedException: sleep interrupted
2019-10-20 18:18:30,305 [grpc-default-executor-7] INFO  impl.RoleInfo (RoleInfo.java:updateAndGet(143)) - 7a43c46a-fc88-4b2d-b2da-ae029cfa60ff: start FollowerState
2019-10-20 18:18:30,305 [Thread-741] INFO  impl.FollowerState (FollowerState.java:run(117)) - 7a43c46a-fc88-4b2d-b2da-ae029cfa60ff@group-D40A05E2FCF9-FollowerState was interrupted: java.lang.InterruptedException: sleep interrupted
2019-10-20 18:18:30,309 [399079f7-1eb1-4f37-b003-267572525934@group-D40A05E2FCF9-LeaderElection64] INFO  impl.LeaderElection (LeaderElection.java:logAndReturn(56)) - 399079f7-1eb1-4f37-b003-267572525934@group-D40A05E2FCF9-LeaderElection64: Election TIMEOUT; received 0 response(s) [] and 0 exception(s); 399079f7-1eb1-4f37-b003-267572525934@group-D40A05E2FCF9:t29, leader=null, voted=399079f7-1eb1-4f37-b003-267572525934, raftlog=399079f7-1eb1-4f37-b003-267572525934@group-D40A05E2FCF9-SegmentedRaftLog:OPENED:c-1,f-1,i0, conf=-1: [399079f7-1eb1-4f37-b003-267572525934:192.168.164.241:37762, 7a43c46a-fc88-4b2d-b2da-ae029cfa60ff:192.168.164.241:43684, 6c5c38af-62e6-4ea7-a24a-078dcb28fb39:192.168.164.241:45428], old=null
2019-10-20 18:18:30,310 [Thread-737] INFO  impl.FollowerState (FollowerState.java:run(108)) - b75f8b2e-6273-4c97-b7c5-042674931d23@group-F11756C8BA4A-FollowerState: change to CANDIDATE, lastRpcTime:96ms, electionTimeout:96ms
2019-10-20 18:18:30,310 [Thread-737] INFO  impl.RoleInfo (RoleInfo.java:shutdownFollowerState(121)) - b75f8b2e-6273-4c97-b7c5-042674931d23: shutdown FollowerState
2019-10-20 18:18:30,311 [Thread-737] INFO  impl.RaftServerImpl (RaftServerImpl.java:setRole(184)) - b75f8b2e-6273-4c97-b7c5-042674931d23@group-F11756C8BA4A: changes role from  FOLLOWER to CANDIDATE at term 26 for changeToCandidate
2019-10-20 18:18:30,311 [Thread-737] INFO  impl.RoleInfo (RoleInfo.java:updateAndGet(143)) - b75f8b2e-6273-4c97-b7c5-042674931d23: start LeaderElection
2019-10-20 18:18:30,327 [b75f8b2e-6273-4c97-b7c5-042674931d23@group-F11756C8BA4A-LeaderElection65] INFO  impl.LeaderElection (LeaderElection.java:askForVotes(178)) - b75f8b2e-6273-4c97-b7c5-042674931d23@group-F11756C8BA4A-LeaderElection65: begin an election at term 27 for -1: [6ef27e9c-8ddb-4fa1-8c14-ab102acfb1b8:192.168.164.241:38092, b75f8b2e-6273-4c97-b7c5-042674931d23:192.168.164.241:41857, 3750b3a2-715b-46b3-9d0c-9e38136244b9:192.168.164.241:46227], old=null
2019-10-20 18:18:30,327 [399079f7-1eb1-4f37-b003-267572525934@group-D40A05E2FCF9-LeaderElection64] INFO  impl.LeaderElection (LeaderElection.java:askForVotes(178)) - 399079f7-1eb1-4f37-b003-267572525934@group-D40A05E2FCF9-LeaderElection64: begin an election at term 30 for -1: [399079f7-1eb1-4f37-b003-267572525934:192.168.164.241:37762, 7a43c46a-fc88-4b2d-b2da-ae029cfa60ff:192.168.164.241:43684, 6c5c38af-62e6-4ea7-a24a-078dcb28fb39:192.168.164.241:45428], old=null
2019-10-20 18:18:30,329 [grpc-default-executor-10] INFO  impl.RaftServerImpl (RaftServerImpl.java:setRole(184)) - 7a43c46a-fc88-4b2d-b2da-ae029cfa60ff@group-D40A05E2FCF9: changes role from  FOLLOWER to FOLLOWER at term 30 for recognizeCandidate:399079f7-1eb1-4f37-b003-267572525934
2019-10-20 18:18:30,329 [grpc-default-executor-10] INFO  impl.RoleInfo (RoleInfo.java:shutdownFollowerState(121)) - 7a43c46a-fc88-4b2d-b2da-ae029cfa60ff: shutdown FollowerState
2019-10-20 18:18:30,329 [grpc-default-executor-10] INFO  impl.RoleInfo (RoleInfo.java:updateAndGet(143)) - 7a43c46a-fc88-4b2d-b2da-ae029cfa60ff: start FollowerState
2019-10-20 18:18:30,329 [Thread-746] INFO  impl.FollowerState (FollowerState.java:run(117)) - 7a43c46a-fc88-4b2d-b2da-ae029cfa60ff@group-D40A05E2FCF9-FollowerState was interrupted: java.lang.InterruptedException: sleep interrupted
2019-10-20 18:18:30,329 [grpc-default-executor-7] INFO  impl.RaftServerImpl (RaftServerImpl.java:setRole(184)) - 6c5c38af-62e6-4ea7-a24a-078dcb28fb39@group-D40A05E2FCF9: changes role from  FOLLOWER to FOLLOWER at term 30 for recognizeCandidate:399079f7-1eb1-4f37-b003-267572525934
2019-10-20 18:18:30,329 [grpc-default-executor-3] INFO  impl.RaftServerImpl (RaftServerImpl.java:setRole(184)) - 6ef27e9c-8ddb-4fa1-8c14-ab102acfb1b8@group-F11756C8BA4A: changes role from  FOLLOWER to FOLLOWER at term 27 for recognizeCandidate:b75f8b2e-6273-4c97-b7c5-042674931d23
2019-10-20 18:18:30,330 [grpc-default-executor-7] INFO  impl.RoleInfo (RoleInfo.java:shutdownFollowerState(121)) - 6c5c38af-62e6-4ea7-a24a-078dcb28fb39: shutdown FollowerState
2019-10-20 18:18:30,330 [grpc-default-executor-1] INFO  impl.RaftServerImpl (RaftServerImpl.java:setRole(184)) - 3750b3a2-715b-46b3-9d0c-9e38136244b9@group-F11756C8BA4A: changes role from  FOLLOWER to FOLLOWER at term 27 for recognizeCandidate:b75f8b2e-6273-4c97-b7c5-042674931d23
2019-10-20 18:18:30,330 [Thread-745] INFO  impl.FollowerState (FollowerState.java:run(117)) - 6c5c38af-62e6-4ea7-a24a-078dcb28fb39@group-D40A05E2FCF9-FollowerState was interrupted: java.lang.InterruptedException: sleep interrupted
2019-10-20 18:18:30,330 [grpc-default-executor-7] INFO  impl.RoleInfo (RoleInfo.java:updateAndGet(143)) - 6c5c38af-62e6-4ea7-a24a-078dcb28fb39: start FollowerState
2019-10-20 18:18:30,330 [grpc-default-executor-3] INFO  impl.RoleInfo (RoleInfo.java:shutdownFollowerState(121)) - 6ef27e9c-8ddb-4fa1-8c14-ab102acfb1b8: shutdown FollowerState
2019-10-20 18:18:30,330 [grpc-default-executor-1] INFO  impl.RoleInfo (RoleInfo.java:shutdownFollowerState(121)) - 3750b3a2-715b-46b3-9d0c-9e38136244b9: shutdown FollowerState
2019-10-20 18:18:30,331 [Thread-730] INFO  impl.FollowerState (FollowerState.java:run(117)) - 6ef27e9c-8ddb-4fa1-8c14-ab102acfb1b8@group-F11756C8BA4A-FollowerState was interrupted: java.lang.InterruptedException: sleep interrupted
2019-10-20 18:18:30,331 [grpc-default-executor-3] INFO  impl.RoleInfo (RoleInfo.java:updateAndGet(143)) - 6ef27e9c-8ddb-4fa1-8c14-ab102acfb1b8: start FollowerState
2019-10-20 18:18:30,331 [Thread-731] INFO  impl.FollowerState (FollowerState.java:run(117)) - 3750b3a2-715b-46b3-9d0c-9e38136244b9@group-F11756C8BA4A-FollowerState was interrupted: java.lang.InterruptedException: sleep interrupted
2019-10-20 18:18:30,331 [grpc-default-executor-1] INFO  impl.RoleInfo (RoleInfo.java:updateAndGet(143)) - 3750b3a2-715b-46b3-9d0c-9e38136244b9: start FollowerState
2019-10-20 18:18:30,346 [399079f7-1eb1-4f37-b003-267572525934@group-D40A05E2FCF9-LeaderElection64] INFO  impl.LeaderElection (LeaderElection.java:logAndReturn(56)) - 399079f7-1eb1-4f37-b003-267572525934@group-D40A05E2FCF9-LeaderElection64: Election REJECTED; received 2 response(s) [399079f7-1eb1-4f37-b003-267572525934<-7a43c46a-fc88-4b2d-b2da-ae029cfa60ff#0:FAIL-t30, 399079f7-1eb1-4f37-b003-267572525934<-6c5c38af-62e6-4ea7-a24a-078dcb28fb39#0:FAIL-t30] and 0 exception(s); 399079f7-1eb1-4f37-b003-267572525934@group-D40A05E2FCF9:t30, leader=null, voted=399079f7-1eb1-4f37-b003-267572525934, raftlog=399079f7-1eb1-4f37-b003-267572525934@group-D40A05E2FCF9-SegmentedRaftLog:OPENED:c-1,f-1,i0, conf=-1: [399079f7-1eb1-4f37-b003-267572525934:192.168.164.241:37762, 7a43c46a-fc88-4b2d-b2da-ae029cfa60ff:192.168.164.241:43684, 6c5c38af-62e6-4ea7-a24a-078dcb28fb39:192.168.164.241:45428], old=null
2019-10-20 18:18:30,346 [b75f8b2e-6273-4c97-b7c5-042674931d23@group-F11756C8BA4A-LeaderElection65] INFO  impl.LeaderElection (LeaderElection.java:logAndReturn(56)) - b75f8b2e-6273-4c97-b7c5-042674931d23@group-F11756C8BA4A-LeaderElection65: Election REJECTED; received 2 response(s) [b75f8b2e-6273-4c97-b7c5-042674931d23<-6ef27e9c-8ddb-4fa1-8c14-ab102acfb1b8#0:FAIL-t27, b75f8b2e-6273-4c97-b7c5-042674931d23<-3750b3a2-715b-46b3-9d0c-9e38136244b9#0:FAIL-t27] and 0 exception(s); b75f8b2e-6273-4c97-b7c5-042674931d23@group-F11756C8BA4A:t27, leader=null, voted=b75f8b2e-6273-4c97-b7c5-042674931d23, raftlog=b75f8b2e-6273-4c97-b7c5-042674931d23@group-F11756C8BA4A-SegmentedRaftLog:OPENED:c-1,f-1,i0, conf=-1: [6ef27e9c-8ddb-4fa1-8c14-ab102acfb1b8:192.168.164.241:38092, b75f8b2e-6273-4c97-b7c5-042674931d23:192.168.164.241:41857, 3750b3a2-715b-46b3-9d0c-9e38136244b9:192.168.164.241:46227], old=null
2019-10-20 18:18:30,347 [399079f7-1eb1-4f37-b003-267572525934@group-D40A05E2FCF9-LeaderElection64] INFO  impl.RaftServerImpl (RaftServerImpl.java:setRole(184)) - 399079f7-1eb1-4f37-b003-267572525934@group-D40A05E2FCF9: changes role from CANDIDATE to FOLLOWER at term 30 for DISCOVERED_A_NEW_TERM
2019-10-20 18:18:30,347 [b75f8b2e-6273-4c97-b7c5-042674931d23@group-F11756C8BA4A-LeaderElection65] INFO  impl.RaftServerImpl (RaftServerImpl.java:setRole(184)) - b75f8b2e-6273-4c97-b7c5-042674931d23@group-F11756C8BA4A: changes role from CANDIDATE to FOLLOWER at term 27 for DISCOVERED_A_NEW_TERM
2019-10-20 18:18:30,347 [399079f7-1eb1-4f37-b003-267572525934@group-D40A05E2FCF9-LeaderElection64] INFO  impl.RoleInfo (RoleInfo.java:shutdownLeaderElection(134)) - 399079f7-1eb1-4f37-b003-267572525934: shutdown LeaderElection
2019-10-20 18:18:30,347 [b75f8b2e-6273-4c97-b7c5-042674931d23@group-F11756C8BA4A-LeaderElection65] INFO  impl.RoleInfo (RoleInfo.java:shutdownLeaderElection(134)) - b75f8b2e-6273-4c97-b7c5-042674931d23: shutdown LeaderElection
2019-10-20 18:18:30,347 [399079f7-1eb1-4f37-b003-267572525934@group-D40A05E2FCF9-LeaderElection64] INFO  impl.RoleInfo (RoleInfo.java:updateAndGet(143)) - 399079f7-1eb1-4f37-b003-267572525934: start FollowerState
2019-10-20 18:18:30,347 [b75f8b2e-6273-4c97-b7c5-042674931d23@group-F11756C8BA4A-LeaderElection65] INFO  impl.RoleInfo (RoleInfo.java:updateAndGet(143)) - b75f8b2e-6273-4c97-b7c5-042674931d23: start FollowerState
2019-10-20 18:18:30,478 [Thread-757] INFO  impl.FollowerState (FollowerState.java:run(108)) - b75f8b2e-6273-4c97-b7c5-042674931d23@group-F11756C8BA4A-FollowerState: change to CANDIDATE, lastRpcTime:130ms, electionTimeout:130ms
2019-10-20 18:18:30,478 [Thread-757] INFO  impl.RoleInfo (RoleInfo.java:shutdownFollowerState(121)) - b75f8b2e-6273-4c97-b7c5-042674931d23: shutdown FollowerState
2019-10-20 18:18:30,478 [Thread-757] INFO  impl.RaftServerImpl (RaftServerImpl.java:setRole(184)) - b75f8b2e-6273-4c97-b7c5-042674931d23@group-F11756C8BA4A: changes role from  FOLLOWER to CANDIDATE at term 27 for changeToCandidate
2019-10-20 18:18:30,478 [Thread-757] INFO  impl.RoleInfo (RoleInfo.java:updateAndGet(143)) - b75f8b2e-6273-4c97-b7c5-042674931d23: start LeaderElection
2019-10-20 18:18:30,503 [b75f8b2e-6273-4c97-b7c5-042674931d23@group-F11756C8BA4A-LeaderElection66] INFO  impl.LeaderElection (LeaderElection.java:askForVotes(178)) - b75f8b2e-6273-4c97-b7c5-042674931d23@group-F11756C8BA4A-LeaderElection66: begin an election at term 28 for -1: [6ef27e9c-8ddb-4fa1-8c14-ab102acfb1b8:192.168.164.241:38092, b75f8b2e-6273-4c97-b7c5-042674931d23:192.168.164.241:41857, 3750b3a2-715b-46b3-9d0c-9e38136244b9:192.168.164.241:46227], old=null
2019-10-20 18:18:30,504 [Thread-756] INFO  impl.FollowerState (FollowerState.java:run(108)) - 399079f7-1eb1-4f37-b003-267572525934@group-D40A05E2FCF9-FollowerState: change to CANDIDATE, lastRpcTime:157ms, electionTimeout:157ms
2019-10-20 18:18:30,505 [Thread-756] INFO  impl.RoleInfo (RoleInfo.java:shutdownFollowerState(121)) - 399079f7-1eb1-4f37-b003-267572525934: shutdown FollowerState
2019-10-20 18:18:30,505 [Thread-756] INFO  impl.RaftServerImpl (RaftServerImpl.java:setRole(184)) - 399079f7-1eb1-4f37-b003-267572525934@group-D40A05E2FCF9: changes role from  FOLLOWER to CANDIDATE at term 30 for changeToCandidate
2019-10-20 18:18:30,505 [Thread-756] INFO  impl.RoleInfo (RoleInfo.java:updateAndGet(143)) - 399079f7-1eb1-4f37-b003-267572525934: start LeaderElection
2019-10-20 18:18:30,518 [grpc-default-executor-7] INFO  impl.RaftServerImpl (RaftServerImpl.java:setRole(184)) - 3750b3a2-715b-46b3-9d0c-9e38136244b9@group-F11756C8BA4A: changes role from  FOLLOWER to FOLLOWER at term 28 for recognizeCandidate:b75f8b2e-6273-4c97-b7c5-042674931d23
2019-10-20 18:18:30,518 [grpc-default-executor-3] INFO  impl.RaftServerImpl (RaftServerImpl.java:setRole(184)) - 6ef27e9c-8ddb-4fa1-8c14-ab102acfb1b8@group-F11756C8BA4A: changes role from  FOLLOWER to FOLLOWER at term 28 for recognizeCandidate:b75f8b2e-6273-4c97-b7c5-042674931d23
2019-10-20 18:18:30,518 [grpc-default-executor-7] INFO  impl.RoleInfo (RoleInfo.java:shutdownFollowerState(121)) - 3750b3a2-715b-46b3-9d0c-9e38136244b9: shutdown FollowerState
2019-10-20 18:18:30,518 [grpc-default-executor-3] INFO  impl.RoleInfo (RoleInfo.java:shutdownFollowerState(121)) - 6ef27e9c-8ddb-4fa1-8c14-ab102acfb1b8: shutdown FollowerState
2019-10-20 18:18:30,519 [Thread-755] INFO  impl.FollowerState (FollowerState.java:run(117)) - 3750b3a2-715b-46b3-9d0c-9e38136244b9@group-F11756C8BA4A-FollowerState was interrupted: java.lang.InterruptedException: sleep interrupted
2019-10-20 18:18:30,519 [Thread-754] INFO  impl.FollowerState (FollowerState.java:run(117)) - 6ef27e9c-8ddb-4fa1-8c14-ab102acfb1b8@group-F11756C8BA4A-FollowerState was interrupted: java.lang.InterruptedException: sleep interrupted
2019-10-20 18:18:30,519 [grpc-default-executor-7] INFO  impl.RoleInfo (RoleInfo.java:updateAndGet(143)) - 3750b3a2-715b-46b3-9d0c-9e38136244b9: start FollowerState
2019-10-20 18:18:30,519 [grpc-default-executor-3] INFO  impl.RoleInfo (RoleInfo.java:updateAndGet(143)) - 6ef27e9c-8ddb-4fa1-8c14-ab102acfb1b8: start FollowerState
2019-10-20 18:18:30,545 [399079f7-1eb1-4f37-b003-267572525934@group-D40A05E2FCF9-LeaderElection67] INFO  impl.LeaderElection (LeaderElection.java:askForVotes(178)) - 399079f7-1eb1-4f37-b003-267572525934@group-D40A05E2FCF9-LeaderElection67: begin an election at term 31 for -1: [399079f7-1eb1-4f37-b003-267572525934:192.168.164.241:37762, 7a43c46a-fc88-4b2d-b2da-ae029cfa60ff:192.168.164.241:43684, 6c5c38af-62e6-4ea7-a24a-078dcb28fb39:192.168.164.241:45428], old=null
2019-10-20 18:18:30,547 [b75f8b2e-6273-4c97-b7c5-042674931d23@group-F11756C8BA4A-LeaderElection66] INFO  impl.LeaderElection (LeaderElection.java:logAndReturn(56)) - b75f8b2e-6273-4c97-b7c5-042674931d23@group-F11756C8BA4A-LeaderElection66: Election REJECTED; received 2 response(s) [b75f8b2e-6273-4c97-b7c5-042674931d23<-6ef27e9c-8ddb-4fa1-8c14-ab102acfb1b8#0:FAIL-t28, b75f8b2e-6273-4c97-b7c5-042674931d23<-3750b3a2-715b-46b3-9d0c-9e38136244b9#0:FAIL-t28] and 0 exception(s); b75f8b2e-6273-4c97-b7c5-042674931d23@group-F11756C8BA4A:t28, leader=null, voted=b75f8b2e-6273-4c97-b7c5-042674931d23, raftlog=b75f8b2e-6273-4c97-b7c5-042674931d23@group-F11756C8BA4A-SegmentedRaftLog:OPENED:c-1,f-1,i0, conf=-1: [6ef27e9c-8ddb-4fa1-8c14-ab102acfb1b8:192.168.164.241:38092, b75f8b2e-6273-4c97-b7c5-042674931d23:192.168.164.241:41857, 3750b3a2-715b-46b3-9d0c-9e38136244b9:192.168.164.241:46227], old=null
2019-10-20 18:18:30,547 [b75f8b2e-6273-4c97-b7c5-042674931d23@group-F11756C8BA4A-LeaderElection66] INFO  impl.RaftServerImpl (RaftServerImpl.java:setRole(184)) - b75f8b2e-6273-4c97-b7c5-042674931d23@group-F11756C8BA4A: changes role from CANDIDATE to FOLLOWER at term 28 for DISCOVERED_A_NEW_TERM
2019-10-20 18:18:30,547 [b75f8b2e-6273-4c97-b7c5-042674931d23@group-F11756C8BA4A-LeaderElection66] INFO  impl.RoleInfo (RoleInfo.java:shutdownLeaderElection(134)) - b75f8b2e-6273-4c97-b7c5-042674931d23: shutdown LeaderElection
2019-10-20 18:18:30,547 [b75f8b2e-6273-4c97-b7c5-042674931d23@group-F11756C8BA4A-LeaderElection66] INFO  impl.RoleInfo (RoleInfo.java:updateAndGet(143)) - b75f8b2e-6273-4c97-b7c5-042674931d23: start FollowerState
2019-10-20 18:18:30,548 [grpc-default-executor-7] INFO  impl.RaftServerImpl (RaftServerImpl.java:setRole(184)) - 7a43c46a-fc88-4b2d-b2da-ae029cfa60ff@group-D40A05E2FCF9: changes role from  FOLLOWER to FOLLOWER at term 31 for recognizeCandidate:399079f7-1eb1-4f37-b003-267572525934
2019-10-20 18:18:30,548 [grpc-default-executor-3] INFO  impl.RaftServerImpl (RaftServerImpl.java:setRole(184)) - 6c5c38af-62e6-4ea7-a24a-078dcb28fb39@group-D40A05E2FCF9: changes role from  FOLLOWER to FOLLOWER at term 31 for recognizeCandidate:399079f7-1eb1-4f37-b003-267572525934
2019-10-20 18:18:30,548 [grpc-default-executor-7] INFO  impl.RoleInfo (RoleInfo.java:shutdownFollowerState(121)) - 7a43c46a-fc88-4b2d-b2da-ae029cfa60ff: shutdown FollowerState
2019-10-20 18:18:30,548 [grpc-default-executor-3] INFO  impl.RoleInfo (RoleInfo.java:shutdownFollowerState(121)) - 6c5c38af-62e6-4ea7-a24a-078dcb28fb39: shutdown FollowerState
2019-10-20 18:18:30,549 [Thread-752] INFO  impl.FollowerState (FollowerState.java:run(117)) - 7a43c46a-fc88-4b2d-b2da-ae029cfa60ff@group-D40A05E2FCF9-FollowerState was interrupted: java.lang.InterruptedException: sleep interrupted
2019-10-20 18:18:30,549 [Thread-753] INFO  impl.FollowerState (FollowerState.java:run(117)) - 6c5c38af-62e6-4ea7-a24a-078dcb28fb39@group-D40A05E2FCF9-FollowerState was interrupted: java.lang.InterruptedException: sleep interrupted
2019-10-20 18:18:30,549 [grpc-default-executor-7] INFO  impl.RoleInfo (RoleInfo.java:updateAndGet(143)) - 7a43c46a-fc88-4b2d-b2da-ae029cfa60ff: start FollowerState
2019-10-20 18:18:30,549 [grpc-default-executor-3] INFO  impl.RoleInfo (RoleInfo.java:updateAndGet(143)) - 6c5c38af-62e6-4ea7-a24a-078dcb28fb39: start FollowerState
2019-10-20 18:18:30,573 [399079f7-1eb1-4f37-b003-267572525934@group-D40A05E2FCF9-LeaderElection67] INFO  impl.LeaderElection (LeaderElection.java:logAndReturn(56)) - 399079f7-1eb1-4f37-b003-267572525934@group-D40A05E2FCF9-LeaderElection67: Election REJECTED; received 2 response(s) [399079f7-1eb1-4f37-b003-267572525934<-7a43c46a-fc88-4b2d-b2da-ae029cfa60ff#0:FAIL-t31, 399079f7-1eb1-4f37-b003-267572525934<-6c5c38af-62e6-4ea7-a24a-078dcb28fb39#0:FAIL-t31] and 0 exception(s); 399079f7-1eb1-4f37-b003-267572525934@group-D40A05E2FCF9:t31, leader=null, voted=399079f7-1eb1-4f37-b003-267572525934, raftlog=399079f7-1eb1-4f37-b003-267572525934@group-D40A05E2FCF9-SegmentedRaftLog:OPENED:c-1,f-1,i0, conf=-1: [399079f7-1eb1-4f37-b003-267572525934:192.168.164.241:37762, 7a43c46a-fc88-4b2d-b2da-ae029cfa60ff:192.168.164.241:43684, 6c5c38af-62e6-4ea7-a24a-078dcb28fb39:192.168.164.241:45428], old=null
2019-10-20 18:18:30,573 [399079f7-1eb1-4f37-b003-267572525934@group-D40A05E2FCF9-LeaderElection67] INFO  impl.RaftServerImpl (RaftServerImpl.java:setRole(184)) - 399079f7-1eb1-4f37-b003-267572525934@group-D40A05E2FCF9: changes role from CANDIDATE to FOLLOWER at term 31 for DISCOVERED_A_NEW_TERM
2019-10-20 18:18:30,574 [399079f7-1eb1-4f37-b003-267572525934@group-D40A05E2FCF9-LeaderElection67] INFO  impl.RoleInfo (RoleInfo.java:shutdownLeaderElection(134)) - 399079f7-1eb1-4f37-b003-267572525934: shutdown LeaderElection
2019-10-20 18:18:30,574 [399079f7-1eb1-4f37-b003-267572525934@group-D40A05E2FCF9-LeaderElection67] INFO  impl.RoleInfo (RoleInfo.java:updateAndGet(143)) - 399079f7-1eb1-4f37-b003-267572525934: start FollowerState
2019-10-20 18:18:30,616 [Thread-766] INFO  impl.FollowerState (FollowerState.java:run(108)) - b75f8b2e-6273-4c97-b7c5-042674931d23@group-F11756C8BA4A-FollowerState: change to CANDIDATE, lastRpcTime:68ms, electionTimeout:68ms
2019-10-20 18:18:30,616 [Thread-766] INFO  impl.RoleInfo (RoleInfo.java:shutdownFollowerState(121)) - b75f8b2e-6273-4c97-b7c5-042674931d23: shutdown FollowerState
2019-10-20 18:18:30,616 [Thread-766] INFO  impl.RaftServerImpl (RaftServerImpl.java:setRole(184)) - b75f8b2e-6273-4c97-b7c5-042674931d23@group-F11756C8BA4A: changes role from  FOLLOWER to CANDIDATE at term 28 for changeToCandidate
2019-10-20 18:18:30,616 [Thread-766] INFO  impl.RoleInfo (RoleInfo.java:updateAndGet(143)) - b75f8b2e-6273-4c97-b7c5-042674931d23: start LeaderElection
2019-10-20 18:18:30,639 [b75f8b2e-6273-4c97-b7c5-042674931d23@group-F11756C8BA4A-LeaderElection68] INFO  impl.LeaderElection (LeaderElection.java:askForVotes(178)) - b75f8b2e-6273-4c97-b7c5-042674931d23@group-F11756C8BA4A-LeaderElection68: begin an election at term 29 for -1: [6ef27e9c-8ddb-4fa1-8c14-ab102acfb1b8:192.168.164.241:38092, b75f8b2e-6273-4c97-b7c5-042674931d23:192.168.164.241:41857, 3750b3a2-715b-46b3-9d0c-9e38136244b9:192.168.164.241:46227], old=null
2019-10-20 18:18:30,641 [grpc-default-executor-3] INFO  impl.RaftServerImpl (RaftServerImpl.java:setRole(184)) - 6ef27e9c-8ddb-4fa1-8c14-ab102acfb1b8@group-F11756C8BA4A: changes role from  FOLLOWER to FOLLOWER at term 29 for recognizeCandidate:b75f8b2e-6273-4c97-b7c5-042674931d23
2019-10-20 18:18:30,641 [grpc-default-executor-7] INFO  impl.RaftServerImpl (RaftServerImpl.java:setRole(184)) - 3750b3a2-715b-46b3-9d0c-9e38136244b9@group-F11756C8BA4A: changes role from  FOLLOWER to FOLLOWER at term 29 for recognizeCandidate:b75f8b2e-6273-4c97-b7c5-042674931d23
2019-10-20 18:18:30,642 [grpc-default-executor-3] INFO  impl.RoleInfo (RoleInfo.java:shutdownFollowerState(121)) - 6ef27e9c-8ddb-4fa1-8c14-ab102acfb1b8: shutdown FollowerState
2019-10-20 18:18:30,642 [grpc-default-executor-7] INFO  impl.RoleInfo (RoleInfo.java:shutdownFollowerState(121)) - 3750b3a2-715b-46b3-9d0c-9e38136244b9: shutdown FollowerState
2019-10-20 18:18:30,642 [grpc-default-executor-3] INFO  impl.RoleInfo (RoleInfo.java:updateAndGet(143)) - 6ef27e9c-8ddb-4fa1-8c14-ab102acfb1b8: start FollowerState
2019-10-20 18:18:30,642 [Thread-763] INFO  impl.FollowerState (FollowerState.java:run(117)) - 6ef27e9c-8ddb-4fa1-8c14-ab102acfb1b8@group-F11756C8BA4A-FollowerState was interrupted: java.lang.InterruptedException: sleep interrupted
2019-10-20 18:18:30,642 [Thread-762] INFO  impl.FollowerState (FollowerState.java:run(117)) - 3750b3a2-715b-46b3-9d0c-9e38136244b9@group-F11756C8BA4A-FollowerState was interrupted: java.lang.InterruptedException: sleep interrupted
2019-10-20 18:18:30,642 [grpc-default-executor-7] INFO  impl.RoleInfo (RoleInfo.java:updateAndGet(143)) - 3750b3a2-715b-46b3-9d0c-9e38136244b9: start FollowerState
2019-10-20 18:18:30,666 [b75f8b2e-6273-4c97-b7c5-042674931d23@group-F11756C8BA4A-LeaderElection68] INFO  impl.LeaderElection (LeaderElection.java:logAndReturn(56)) - b75f8b2e-6273-4c97-b7c5-042674931d23@group-F11756C8BA4A-LeaderElection68: Election REJECTED; received 2 response(s) [b75f8b2e-6273-4c97-b7c5-042674931d23<-6ef27e9c-8ddb-4fa1-8c14-ab102acfb1b8#0:FAIL-t29, b75f8b2e-6273-4c97-b7c5-042674931d23<-3750b3a2-715b-46b3-9d0c-9e38136244b9#0:FAIL-t29] and 0 exception(s); b75f8b2e-6273-4c97-b7c5-042674931d23@group-F11756C8BA4A:t29, leader=null, voted=b75f8b2e-6273-4c97-b7c5-042674931d23, raftlog=b75f8b2e-6273-4c97-b7c5-042674931d23@group-F11756C8BA4A-SegmentedRaftLog:OPENED:c-1,f-1,i0, conf=-1: [6ef27e9c-8ddb-4fa1-8c14-ab102acfb1b8:192.168.164.241:38092, b75f8b2e-6273-4c97-b7c5-042674931d23:192.168.164.241:41857, 3750b3a2-715b-46b3-9d0c-9e38136244b9:192.168.164.241:46227], old=null
2019-10-20 18:18:30,666 [b75f8b2e-6273-4c97-b7c5-042674931d23@group-F11756C8BA4A-LeaderElection68] INFO  impl.RaftServerImpl (RaftServerImpl.java:setRole(184)) - b75f8b2e-6273-4c97-b7c5-042674931d23@group-F11756C8BA4A: changes role from CANDIDATE to FOLLOWER at term 29 for DISCOVERED_A_NEW_TERM
2019-10-20 18:18:30,666 [b75f8b2e-6273-4c97-b7c5-042674931d23@group-F11756C8BA4A-LeaderElection68] INFO  impl.RoleInfo (RoleInfo.java:shutdownLeaderElection(134)) - b75f8b2e-6273-4c97-b7c5-042674931d23: shutdown LeaderElection
2019-10-20 18:18:30,666 [b75f8b2e-6273-4c97-b7c5-042674931d23@group-F11756C8BA4A-LeaderElection68] INFO  impl.RoleInfo (RoleInfo.java:updateAndGet(143)) - b75f8b2e-6273-4c97-b7c5-042674931d23: start FollowerState
2019-10-20 18:18:30,723 [Thread-769] INFO  impl.FollowerState (FollowerState.java:run(108)) - 399079f7-1eb1-4f37-b003-267572525934@group-D40A05E2FCF9-FollowerState: change to CANDIDATE, lastRpcTime:149ms, electionTimeout:149ms
2019-10-20 18:18:30,723 [Thread-769] INFO  impl.RoleInfo (RoleInfo.java:shutdownFollowerState(121)) - 399079f7-1eb1-4f37-b003-267572525934: shutdown FollowerState
2019-10-20 18:18:30,723 [Thread-769] INFO  impl.RaftServerImpl (RaftServerImpl.java:setRole(184)) - 399079f7-1eb1-4f37-b003-267572525934@group-D40A05E2FCF9: changes role from  FOLLOWER to CANDIDATE at term 31 for changeToCandidate
2019-10-20 18:18:30,724 [Thread-769] INFO  impl.RoleInfo (RoleInfo.java:updateAndGet(143)) - 399079f7-1eb1-4f37-b003-267572525934: start LeaderElection
2019-10-20 18:18:30,744 [Thread-775] INFO  impl.FollowerState (FollowerState.java:run(108)) - b75f8b2e-6273-4c97-b7c5-042674931d23@group-F11756C8BA4A-FollowerState: change to CANDIDATE, lastRpcTime:77ms, electionTimeout:77ms
2019-10-20 18:18:30,744 [Thread-775] INFO  impl.RoleInfo (RoleInfo.java:shutdownFollowerState(121)) - b75f8b2e-6273-4c97-b7c5-042674931d23: shutdown FollowerState
2019-10-20 18:18:30,744 [Thread-775] INFO  impl.RaftServerImpl (RaftServerImpl.java:setRole(184)) - b75f8b2e-6273-4c97-b7c5-042674931d23@group-F11756C8BA4A: changes role from  FOLLOWER to CANDIDATE at term 29 for changeToCandidate
2019-10-20 18:18:30,744 [Thread-775] INFO  impl.RoleInfo (RoleInfo.java:updateAndGet(143)) - b75f8b2e-6273-4c97-b7c5-042674931d23: start LeaderElection
2019-10-20 18:18:30,748 [399079f7-1eb1-4f37-b003-267572525934@group-D40A05E2FCF9-LeaderElection69] INFO  impl.LeaderElection (LeaderElection.java:askForVotes(178)) - 399079f7-1eb1-4f37-b003-267572525934@group-D40A05E2FCF9-LeaderElection69: begin an election at term 32 for -1: [399079f7-1eb1-4f37-b003-267572525934:192.168.164.241:37762, 7a43c46a-fc88-4b2d-b2da-ae029cfa60ff:192.168.164.241:43684, 6c5c38af-62e6-4ea7-a24a-078dcb28fb39:192.168.164.241:45428], old=null
2019-10-20 18:18:30,751 [grpc-default-executor-3] INFO  impl.RaftServerImpl (RaftServerImpl.java:setRole(184)) - 6c5c38af-62e6-4ea7-a24a-078dcb28fb39@group-D40A05E2FCF9: changes role from  FOLLOWER to FOLLOWER at term 32 for recognizeCandidate:399079f7-1eb1-4f37-b003-267572525934
2019-10-20 18:18:30,751 [grpc-default-executor-7] INFO  impl.RaftServerImpl (RaftServerImpl.java:setRole(184)) - 7a43c46a-fc88-4b2d-b2da-ae029cfa60ff@group-D40A05E2FCF9: changes role from  FOLLOWER to FOLLOWER at term 32 for recognizeCandidate:399079f7-1eb1-4f37-b003-267572525934
2019-10-20 18:18:30,751 [399079f7-1eb1-4f37-b003-267572525934@group-D40A05E2FCF9-LeaderElection69] INFO  impl.LeaderElection (LeaderElection.java:logAndReturn(56)) - 399079f7-1eb1-4f37-b003-267572525934@group-D40A05E2FCF9-LeaderElection69: Election TIMEOUT; received 0 response(s) [] and 0 exception(s); 399079f7-1eb1-4f37-b003-267572525934@group-D40A05E2FCF9:t32, leader=null, voted=399079f7-1eb1-4f37-b003-267572525934, raftlog=399079f7-1eb1-4f37-b003-267572525934@group-D40A05E2FCF9-SegmentedRaftLog:OPENED:c-1,f-1,i0, conf=-1: [399079f7-1eb1-4f37-b003-267572525934:192.168.164.241:37762, 7a43c46a-fc88-4b2d-b2da-ae029cfa60ff:192.168.164.241:43684, 6c5c38af-62e6-4ea7-a24a-078dcb28fb39:192.168.164.241:45428], old=null
2019-10-20 18:18:30,751 [grpc-default-executor-3] INFO  impl.RoleInfo (RoleInfo.java:shutdownFollowerState(121)) - 6c5c38af-62e6-4ea7-a24a-078dcb28fb39: shutdown FollowerState
2019-10-20 18:18:30,751 [grpc-default-executor-7] INFO  impl.RoleInfo (RoleInfo.java:shutdownFollowerState(121)) - 7a43c46a-fc88-4b2d-b2da-ae029cfa60ff: shutdown FollowerState
2019-10-20 18:18:30,751 [Thread-768] INFO  impl.FollowerState (FollowerState.java:run(117)) - 6c5c38af-62e6-4ea7-a24a-078dcb28fb39@group-D40A05E2FCF9-FollowerState was interrupted: java.lang.InterruptedException: sleep interrupted
2019-10-20 18:18:30,752 [Thread-767] INFO  impl.FollowerState (FollowerState.java:run(117)) - 7a43c46a-fc88-4b2d-b2da-ae029cfa60ff@group-D40A05E2FCF9-FollowerState was interrupted: java.lang.InterruptedException: sleep interrupted
2019-10-20 18:18:30,751 [grpc-default-executor-3] INFO  impl.RoleInfo (RoleInfo.java:updateAndGet(143)) - 6c5c38af-62e6-4ea7-a24a-078dcb28fb39: start FollowerState
2019-10-20 18:18:30,751 [grpc-default-executor-7] INFO  impl.RoleInfo (RoleInfo.java:updateAndGet(143)) - 7a43c46a-fc88-4b2d-b2da-ae029cfa60ff: start FollowerState
2019-10-20 18:18:30,774 [399079f7-1eb1-4f37-b003-267572525934@group-D40A05E2FCF9-LeaderElection69] INFO  impl.LeaderElection (LeaderElection.java:askForVotes(178)) - 399079f7-1eb1-4f37-b003-267572525934@group-D40A05E2FCF9-LeaderElection69: begin an election at term 33 for -1: [399079f7-1eb1-4f37-b003-267572525934:192.168.164.241:37762, 7a43c46a-fc88-4b2d-b2da-ae029cfa60ff:192.168.164.241:43684, 6c5c38af-62e6-4ea7-a24a-078dcb28fb39:192.168.164.241:45428], old=null
2019-10-20 18:18:30,774 [b75f8b2e-6273-4c97-b7c5-042674931d23@group-F11756C8BA4A-LeaderElection70] INFO  impl.LeaderElection (LeaderElection.java:askForVotes(178)) - b75f8b2e-6273-4c97-b7c5-042674931d23@group-F11756C8BA4A-LeaderElection70: begin an election at term 30 for -1: [6ef27e9c-8ddb-4fa1-8c14-ab102acfb1b8:192.168.164.241:38092, b75f8b2e-6273-4c97-b7c5-042674931d23:192.168.164.241:41857, 3750b3a2-715b-46b3-9d0c-9e38136244b9:192.168.164.241:46227], old=null
2019-10-20 18:18:30,776 [grpc-default-executor-7] INFO  impl.RaftServerImpl (RaftServerImpl.java:setRole(184)) - 7a43c46a-fc88-4b2d-b2da-ae029cfa60ff@group-D40A05E2FCF9: changes role from  FOLLOWER to FOLLOWER at term 33 for recognizeCandidate:399079f7-1eb1-4f37-b003-267572525934
2019-10-20 18:18:30,776 [grpc-default-executor-7] INFO  impl.RoleInfo (RoleInfo.java:shutdownFollowerState(121)) - 7a43c46a-fc88-4b2d-b2da-ae029cfa60ff: shutdown FollowerState
2019-10-20 18:18:30,776 [grpc-default-executor-1] INFO  impl.RaftServerImpl (RaftServerImpl.java:setRole(184)) - 6ef27e9c-8ddb-4fa1-8c14-ab102acfb1b8@group-F11756C8BA4A: changes role from  FOLLOWER to FOLLOWER at term 30 for recognizeCandidate:b75f8b2e-6273-4c97-b7c5-042674931d23
2019-10-20 18:18:30,776 [grpc-default-executor-3] INFO  impl.RaftServerImpl (RaftServerImpl.java:setRole(184)) - 3750b3a2-715b-46b3-9d0c-9e38136244b9@group-F11756C8BA4A: changes role from  FOLLOWER to FOLLOWER at term 30 for recognizeCandidate:b75f8b2e-6273-4c97-b7c5-042674931d23
2019-10-20 18:18:30,776 [grpc-default-executor-3] INFO  impl.RoleInfo (RoleInfo.java:shutdownFollowerState(121)) - 3750b3a2-715b-46b3-9d0c-9e38136244b9: shutdown FollowerState
2019-10-20 18:18:30,776 [Thread-783] INFO  impl.FollowerState (FollowerState.java:run(117)) - 7a43c46a-fc88-4b2d-b2da-ae029cfa60ff@group-D40A05E2FCF9-FollowerState was interrupted: java.lang.InterruptedException: sleep interrupted
2019-10-20 18:18:30,776 [grpc-default-executor-7] INFO  impl.RoleInfo (RoleInfo.java:updateAndGet(143)) - 7a43c46a-fc88-4b2d-b2da-ae029cfa60ff: start FollowerState
2019-10-20 18:18:30,777 [grpc-default-executor-10] INFO  impl.RaftServerImpl (RaftServerImpl.java:setRole(184)) - 6c5c38af-62e6-4ea7-a24a-078dcb28fb39@group-D40A05E2FCF9: changes role from  FOLLOWER to FOLLOWER at term 33 for recognizeCandidate:399079f7-1eb1-4f37-b003-267572525934
2019-10-20 18:18:30,777 [Thread-774] INFO  impl.FollowerState (FollowerState.java:run(117)) - 3750b3a2-715b-46b3-9d0c-9e38136244b9@group-F11756C8BA4A-FollowerState was interrupted: java.lang.InterruptedException: sleep interrupted
2019-10-20 18:18:30,777 [grpc-default-executor-3] INFO  impl.RoleInfo (RoleInfo.java:updateAndGet(143)) - 3750b3a2-715b-46b3-9d0c-9e38136244b9: start FollowerState
2019-10-20 18:18:30,776 [grpc-default-executor-1] INFO  impl.RoleInfo (RoleInfo.java:shutdownFollowerState(121)) - 6ef27e9c-8ddb-4fa1-8c14-ab102acfb1b8: shutdown FollowerState
2019-10-20 18:18:30,777 [grpc-default-executor-10] INFO  impl.RoleInfo (RoleInfo.java:shutdownFollowerState(121)) - 6c5c38af-62e6-4ea7-a24a-078dcb28fb39: shutdown FollowerState
2019-10-20 18:18:30,777 [Thread-773] INFO  impl.FollowerState (FollowerState.java:run(117)) - 6ef27e9c-8ddb-4fa1-8c14-ab102acfb1b8@group-F11756C8BA4A-FollowerState was interrupted: java.lang.InterruptedException: sleep interrupted
2019-10-20 18:18:30,777 [grpc-default-executor-1] INFO  impl.RoleInfo (RoleInfo.java:updateAndGet(143)) - 6ef27e9c-8ddb-4fa1-8c14-ab102acfb1b8: start FollowerState
2019-10-20 18:18:30,778 [Thread-782] INFO  impl.FollowerState (FollowerState.java:run(117)) - 6c5c38af-62e6-4ea7-a24a-078dcb28fb39@group-D40A05E2FCF9-FollowerState was interrupted: java.lang.InterruptedException: sleep interrupted
2019-10-20 18:18:30,778 [grpc-default-executor-10] INFO  impl.RoleInfo (RoleInfo.java:updateAndGet(143)) - 6c5c38af-62e6-4ea7-a24a-078dcb28fb39: start FollowerState
2019-10-20 18:18:30,798 [b75f8b2e-6273-4c97-b7c5-042674931d23@group-F11756C8BA4A-LeaderElection70] INFO  impl.LeaderElection (LeaderElection.java:logAndReturn(56)) - b75f8b2e-6273-4c97-b7c5-042674931d23@group-F11756C8BA4A-LeaderElection70: Election TIMEOUT; received 0 response(s) [] and 0 exception(s); b75f8b2e-6273-4c97-b7c5-042674931d23@group-F11756C8BA4A:t30, leader=null, voted=b75f8b2e-6273-4c97-b7c5-042674931d23, raftlog=b75f8b2e-6273-4c97-b7c5-042674931d23@group-F11756C8BA4A-SegmentedRaftLog:OPENED:c-1,f-1,i0, conf=-1: [6ef27e9c-8ddb-4fa1-8c14-ab102acfb1b8:192.168.164.241:38092, b75f8b2e-6273-4c97-b7c5-042674931d23:192.168.164.241:41857, 3750b3a2-715b-46b3-9d0c-9e38136244b9:192.168.164.241:46227], old=null
2019-10-20 18:18:30,801 [399079f7-1eb1-4f37-b003-267572525934@group-D40A05E2FCF9-LeaderElection69] INFO  impl.LeaderElection (LeaderElection.java:logAndReturn(56)) - 399079f7-1eb1-4f37-b003-267572525934@group-D40A05E2FCF9-LeaderElection69: Election REJECTED; received 2 response(s) [399079f7-1eb1-4f37-b003-267572525934<-7a43c46a-fc88-4b2d-b2da-ae029cfa60ff#0:FAIL-t33, 399079f7-1eb1-4f37-b003-267572525934<-6c5c38af-62e6-4ea7-a24a-078dcb28fb39#0:FAIL-t33] and 0 exception(s); 399079f7-1eb1-4f37-b003-267572525934@group-D40A05E2FCF9:t33, leader=null, voted=399079f7-1eb1-4f37-b003-267572525934, raftlog=399079f7-1eb1-4f37-b003-267572525934@group-D40A05E2FCF9-SegmentedRaftLog:OPENED:c-1,f-1,i0, conf=-1: [399079f7-1eb1-4f37-b003-267572525934:192.168.164.241:37762, 7a43c46a-fc88-4b2d-b2da-ae029cfa60ff:192.168.164.241:43684, 6c5c38af-62e6-4ea7-a24a-078dcb28fb39:192.168.164.241:45428], old=null
2019-10-20 18:18:30,801 [399079f7-1eb1-4f37-b003-267572525934@group-D40A05E2FCF9-LeaderElection69] INFO  impl.RaftServerImpl (RaftServerImpl.java:setRole(184)) - 399079f7-1eb1-4f37-b003-267572525934@group-D40A05E2FCF9: changes role from CANDIDATE to FOLLOWER at term 33 for DISCOVERED_A_NEW_TERM
2019-10-20 18:18:30,801 [399079f7-1eb1-4f37-b003-267572525934@group-D40A05E2FCF9-LeaderElection69] INFO  impl.RoleInfo (RoleInfo.java:shutdownLeaderElection(134)) - 399079f7-1eb1-4f37-b003-267572525934: shutdown LeaderElection
2019-10-20 18:18:30,801 [399079f7-1eb1-4f37-b003-267572525934@group-D40A05E2FCF9-LeaderElection69] INFO  impl.RoleInfo (RoleInfo.java:updateAndGet(143)) - 399079f7-1eb1-4f37-b003-267572525934: start FollowerState
2019-10-20 18:18:30,825 [b75f8b2e-6273-4c97-b7c5-042674931d23@group-F11756C8BA4A-LeaderElection70] INFO  impl.LeaderElection (LeaderElection.java:askForVotes(178)) - b75f8b2e-6273-4c97-b7c5-042674931d23@group-F11756C8BA4A-LeaderElection70: begin an election at term 31 for -1: [6ef27e9c-8ddb-4fa1-8c14-ab102acfb1b8:192.168.164.241:38092, b75f8b2e-6273-4c97-b7c5-042674931d23:192.168.164.241:41857, 3750b3a2-715b-46b3-9d0c-9e38136244b9:192.168.164.241:46227], old=null
2019-10-20 18:18:30,827 [grpc-default-executor-1] INFO  impl.RaftServerImpl (RaftServerImpl.java:setRole(184)) - 6ef27e9c-8ddb-4fa1-8c14-ab102acfb1b8@group-F11756C8BA4A: changes role from  FOLLOWER to FOLLOWER at term 31 for recognizeCandidate:b75f8b2e-6273-4c97-b7c5-042674931d23
2019-10-20 18:18:30,827 [grpc-default-executor-1] INFO  impl.RoleInfo (RoleInfo.java:shutdownFollowerState(121)) - 6ef27e9c-8ddb-4fa1-8c14-ab102acfb1b8: shutdown FollowerState
2019-10-20 18:18:30,827 [grpc-default-executor-10] INFO  impl.RaftServerImpl (RaftServerImpl.java:setRole(184)) - 3750b3a2-715b-46b3-9d0c-9e38136244b9@group-F11756C8BA4A: changes role from  FOLLOWER to FOLLOWER at term 31 for recognizeCandidate:b75f8b2e-6273-4c97-b7c5-042674931d23
2019-10-20 18:18:30,827 [grpc-default-executor-1] INFO  impl.RoleInfo (RoleInfo.java:updateAndGet(143)) - 6ef27e9c-8ddb-4fa1-8c14-ab102acfb1b8: start FollowerState
2019-10-20 18:18:30,827 [grpc-default-executor-10] INFO  impl.RoleInfo (RoleInfo.java:shutdownFollowerState(121)) - 3750b3a2-715b-46b3-9d0c-9e38136244b9: shutdown FollowerState
2019-10-20 18:18:30,827 [Thread-790] INFO  impl.FollowerState (FollowerState.java:run(117)) - 6ef27e9c-8ddb-4fa1-8c14-ab102acfb1b8@group-F11756C8BA4A-FollowerState was interrupted: java.lang.InterruptedException: sleep interrupted
2019-10-20 18:18:30,828 [Thread-789] INFO  impl.FollowerState (FollowerState.java:run(117)) - 3750b3a2-715b-46b3-9d0c-9e38136244b9@group-F11756C8BA4A-FollowerState was interrupted: java.lang.InterruptedException: sleep interrupted
2019-10-20 18:18:30,828 [grpc-default-executor-10] INFO  impl.RoleInfo (RoleInfo.java:updateAndGet(143)) - 3750b3a2-715b-46b3-9d0c-9e38136244b9: start FollowerState
2019-10-20 18:18:30,851 [b75f8b2e-6273-4c97-b7c5-042674931d23@group-F11756C8BA4A-LeaderElection70] INFO  impl.LeaderElection (LeaderElection.java:logAndReturn(56)) - b75f8b2e-6273-4c97-b7c5-042674931d23@group-F11756C8BA4A-LeaderElection70: Election REJECTED; received 2 response(s) [b75f8b2e-6273-4c97-b7c5-042674931d23<-6ef27e9c-8ddb-4fa1-8c14-ab102acfb1b8#0:FAIL-t31, b75f8b2e-6273-4c97-b7c5-042674931d23<-3750b3a2-715b-46b3-9d0c-9e38136244b9#0:FAIL-t31] and 0 exception(s); b75f8b2e-6273-4c97-b7c5-042674931d23@group-F11756C8BA4A:t31, leader=null, voted=b75f8b2e-6273-4c97-b7c5-042674931d23, raftlog=b75f8b2e-6273-4c97-b7c5-042674931d23@group-F11756C8BA4A-SegmentedRaftLog:OPENED:c-1,f-1,i0, conf=-1: [6ef27e9c-8ddb-4fa1-8c14-ab102acfb1b8:192.168.164.241:38092, b75f8b2e-6273-4c97-b7c5-042674931d23:192.168.164.241:41857, 3750b3a2-715b-46b3-9d0c-9e38136244b9:192.168.164.241:46227], old=null
2019-10-20 18:18:30,852 [b75f8b2e-6273-4c97-b7c5-042674931d23@group-F11756C8BA4A-LeaderElection70] INFO  impl.RaftServerImpl (RaftServerImpl.java:setRole(184)) - b75f8b2e-6273-4c97-b7c5-042674931d23@group-F11756C8BA4A: changes role from CANDIDATE to FOLLOWER at term 31 for DISCOVERED_A_NEW_TERM
2019-10-20 18:18:30,852 [b75f8b2e-6273-4c97-b7c5-042674931d23@group-F11756C8BA4A-LeaderElection70] INFO  impl.RoleInfo (RoleInfo.java:shutdownLeaderElection(134)) - b75f8b2e-6273-4c97-b7c5-042674931d23: shutdown LeaderElection
2019-10-20 18:18:30,852 [b75f8b2e-6273-4c97-b7c5-042674931d23@group-F11756C8BA4A-LeaderElection70] INFO  impl.RoleInfo (RoleInfo.java:updateAndGet(143)) - b75f8b2e-6273-4c97-b7c5-042674931d23: start FollowerState
2019-10-20 18:18:30,929 [Thread-792] INFO  impl.FollowerState (FollowerState.java:run(108)) - 399079f7-1eb1-4f37-b003-267572525934@group-D40A05E2FCF9-FollowerState: change to CANDIDATE, lastRpcTime:127ms, electionTimeout:127ms
2019-10-20 18:18:30,929 [Thread-792] INFO  impl.RoleInfo (RoleInfo.java:shutdownFollowerState(121)) - 399079f7-1eb1-4f37-b003-267572525934: shutdown FollowerState
2019-10-20 18:18:30,929 [Thread-792] INFO  impl.RaftServerImpl (RaftServerImpl.java:setRole(184)) - 399079f7-1eb1-4f37-b003-267572525934@group-D40A05E2FCF9: changes role from  FOLLOWER to CANDIDATE at term 33 for changeToCandidate
2019-10-20 18:18:30,929 [Thread-792] INFO  impl.RoleInfo (RoleInfo.java:updateAndGet(143)) - 399079f7-1eb1-4f37-b003-267572525934: start LeaderElection
2019-10-20 18:18:30,960 [399079f7-1eb1-4f37-b003-267572525934@group-D40A05E2FCF9-LeaderElection71] INFO  impl.LeaderElection (LeaderElection.java:askForVotes(178)) - 399079f7-1eb1-4f37-b003-267572525934@group-D40A05E2FCF9-LeaderElection71: begin an election at term 34 for -1: [399079f7-1eb1-4f37-b003-267572525934:192.168.164.241:37762, 7a43c46a-fc88-4b2d-b2da-ae029cfa60ff:192.168.164.241:43684, 6c5c38af-62e6-4ea7-a24a-078dcb28fb39:192.168.164.241:45428], old=null
2019-10-20 18:18:30,964 [grpc-default-executor-1] INFO  impl.RaftServerImpl (RaftServerImpl.java:setRole(184)) - 7a43c46a-fc88-4b2d-b2da-ae029cfa60ff@group-D40A05E2FCF9: changes role from  FOLLOWER to FOLLOWER at term 34 for recognizeCandidate:399079f7-1eb1-4f37-b003-267572525934
2019-10-20 18:18:30,964 [grpc-default-executor-1] INFO  impl.RoleInfo (RoleInfo.java:shutdownFollowerState(121)) - 7a43c46a-fc88-4b2d-b2da-ae029cfa60ff: shutdown FollowerState
2019-10-20 18:18:30,964 [grpc-default-executor-10] INFO  impl.RaftServerImpl (RaftServerImpl.java:setRole(184)) - 6c5c38af-62e6-4ea7-a24a-078dcb28fb39@group-D40A05E2FCF9: changes role from  FOLLOWER to FOLLOWER at term 34 for recognizeCandidate:399079f7-1eb1-4f37-b003-267572525934
2019-10-20 18:18:30,964 [Thread-788] INFO  impl.FollowerState (FollowerState.java:run(117)) - 7a43c46a-fc88-4b2d-b2da-ae029cfa60ff@group-D40A05E2FCF9-FollowerState was interrupted: java.lang.InterruptedException: sleep interrupted
2019-10-20 18:18:30,964 [grpc-default-executor-1] INFO  impl.RoleInfo (RoleInfo.java:updateAndGet(143)) - 7a43c46a-fc88-4b2d-b2da-ae029cfa60ff: start FollowerState
2019-10-20 18:18:30,965 [grpc-default-executor-10] INFO  impl.RoleInfo (RoleInfo.java:shutdownFollowerState(121)) - 6c5c38af-62e6-4ea7-a24a-078dcb28fb39: shutdown FollowerState
2019-10-20 18:18:30,965 [grpc-default-executor-10] INFO  impl.RoleInfo (RoleInfo.java:updateAndGet(143)) - 6c5c38af-62e6-4ea7-a24a-078dcb28fb39: start FollowerState
2019-10-20 18:18:30,965 [Thread-791] INFO  impl.FollowerState (FollowerState.java:run(117)) - 6c5c38af-62e6-4ea7-a24a-078dcb28fb39@group-D40A05E2FCF9-FollowerState was interrupted: java.lang.InterruptedException: sleep interrupted
2019-10-20 18:18:30,995 [399079f7-1eb1-4f37-b003-267572525934@group-D40A05E2FCF9-LeaderElection71] INFO  impl.LeaderElection (LeaderElection.java:logAndReturn(56)) - 399079f7-1eb1-4f37-b003-267572525934@group-D40A05E2FCF9-LeaderElection71: Election REJECTED; received 2 response(s) [399079f7-1eb1-4f37-b003-267572525934<-7a43c46a-fc88-4b2d-b2da-ae029cfa60ff#0:FAIL-t34, 399079f7-1eb1-4f37-b003-267572525934<-6c5c38af-62e6-4ea7-a24a-078dcb28fb39#0:FAIL-t34] and 0 exception(s); 399079f7-1eb1-4f37-b003-267572525934@group-D40A05E2FCF9:t34, leader=null, voted=399079f7-1eb1-4f37-b003-267572525934, raftlog=399079f7-1eb1-4f37-b003-267572525934@group-D40A05E2FCF9-SegmentedRaftLog:OPENED:c-1,f-1,i0, conf=-1: [399079f7-1eb1-4f37-b003-267572525934:192.168.164.241:37762, 7a43c46a-fc88-4b2d-b2da-ae029cfa60ff:192.168.164.241:43684, 6c5c38af-62e6-4ea7-a24a-078dcb28fb39:192.168.164.241:45428], old=null
2019-10-20 18:18:30,995 [399079f7-1eb1-4f37-b003-267572525934@group-D40A05E2FCF9-LeaderElection71] INFO  impl.RaftServerImpl (RaftServerImpl.java:setRole(184)) - 399079f7-1eb1-4f37-b003-267572525934@group-D40A05E2FCF9: changes role from CANDIDATE to FOLLOWER at term 34 for DISCOVERED_A_NEW_TERM
2019-10-20 18:18:30,995 [399079f7-1eb1-4f37-b003-267572525934@group-D40A05E2FCF9-LeaderElection71] INFO  impl.RoleInfo (RoleInfo.java:shutdownLeaderElection(134)) - 399079f7-1eb1-4f37-b003-267572525934: shutdown LeaderElection
2019-10-20 18:18:30,995 [399079f7-1eb1-4f37-b003-267572525934@group-D40A05E2FCF9-LeaderElection71] INFO  impl.RoleInfo (RoleInfo.java:updateAndGet(143)) - 399079f7-1eb1-4f37-b003-267572525934: start FollowerState
2019-10-20 18:18:31,008 [Thread-797] INFO  impl.FollowerState (FollowerState.java:run(108)) - b75f8b2e-6273-4c97-b7c5-042674931d23@group-F11756C8BA4A-FollowerState: change to CANDIDATE, lastRpcTime:156ms, electionTimeout:156ms
2019-10-20 18:18:31,009 [Thread-797] INFO  impl.RoleInfo (RoleInfo.java:shutdownFollowerState(121)) - b75f8b2e-6273-4c97-b7c5-042674931d23: shutdown FollowerState
2019-10-20 18:18:31,009 [Thread-797] INFO  impl.RaftServerImpl (RaftServerImpl.java:setRole(184)) - b75f8b2e-6273-4c97-b7c5-042674931d23@group-F11756C8BA4A: changes role from  FOLLOWER to CANDIDATE at term 31 for changeToCandidate
2019-10-20 18:18:31,009 [Thread-797] INFO  impl.RoleInfo (RoleInfo.java:updateAndGet(143)) - b75f8b2e-6273-4c97-b7c5-042674931d23: start LeaderElection
2019-10-20 18:18:31,035 [b75f8b2e-6273-4c97-b7c5-042674931d23@group-F11756C8BA4A-LeaderElection72] INFO  impl.LeaderElection (LeaderElection.java:askForVotes(178)) - b75f8b2e-6273-4c97-b7c5-042674931d23@group-F11756C8BA4A-LeaderElection72: begin an election at term 32 for -1: [6ef27e9c-8ddb-4fa1-8c14-ab102acfb1b8:192.168.164.241:38092, b75f8b2e-6273-4c97-b7c5-042674931d23:192.168.164.241:41857, 3750b3a2-715b-46b3-9d0c-9e38136244b9:192.168.164.241:46227], old=null
2019-10-20 18:18:31,038 [grpc-default-executor-10] INFO  impl.RaftServerImpl (RaftServerImpl.java:setRole(184)) - 6ef27e9c-8ddb-4fa1-8c14-ab102acfb1b8@group-F11756C8BA4A: changes role from  FOLLOWER to FOLLOWER at term 32 for recognizeCandidate:b75f8b2e-6273-4c97-b7c5-042674931d23
2019-10-20 18:18:31,038 [grpc-default-executor-1] INFO  impl.RaftServerImpl (RaftServerImpl.java:setRole(184)) - 3750b3a2-715b-46b3-9d0c-9e38136244b9@group-F11756C8BA4A: changes role from  FOLLOWER to FOLLOWER at term 32 for recognizeCandidate:b75f8b2e-6273-4c97-b7c5-042674931d23
2019-10-20 18:18:31,038 [grpc-default-executor-10] INFO  impl.RoleInfo (RoleInfo.java:shutdownFollowerState(121)) - 6ef27e9c-8ddb-4fa1-8c14-ab102acfb1b8: shutdown FollowerState
2019-10-20 18:18:31,038 [grpc-default-executor-1] INFO  impl.RoleInfo (RoleInfo.java:shutdownFollowerState(121)) - 3750b3a2-715b-46b3-9d0c-9e38136244b9: shutdown FollowerState
2019-10-20 18:18:31,039 [Thread-795] INFO  impl.FollowerState (FollowerState.java:run(117)) - 6ef27e9c-8ddb-4fa1-8c14-ab102acfb1b8@group-F11756C8BA4A-FollowerState was interrupted: java.lang.InterruptedException: sleep interrupted
2019-10-20 18:18:31,038 [grpc-default-executor-10] INFO  impl.RoleInfo (RoleInfo.java:updateAndGet(143)) - 6ef27e9c-8ddb-4fa1-8c14-ab102acfb1b8: start FollowerState
2019-10-20 18:18:31,039 [Thread-796] INFO  impl.FollowerState (FollowerState.java:run(117)) - 3750b3a2-715b-46b3-9d0c-9e38136244b9@group-F11756C8BA4A-FollowerState was interrupted: java.lang.InterruptedException: sleep interrupted
2019-10-20 18:18:31,039 [grpc-default-executor-1] INFO  impl.RoleInfo (RoleInfo.java:updateAndGet(143)) - 3750b3a2-715b-46b3-9d0c-9e38136244b9: start FollowerState
2019-10-20 18:18:31,062 [b75f8b2e-6273-4c97-b7c5-042674931d23@group-F11756C8BA4A-LeaderElection72] INFO  impl.LeaderElection (LeaderElection.java:logAndReturn(56)) - b75f8b2e-6273-4c97-b7c5-042674931d23@group-F11756C8BA4A-LeaderElection72: Election REJECTED; received 2 response(s) [b75f8b2e-6273-4c97-b7c5-042674931d23<-6ef27e9c-8ddb-4fa1-8c14-ab102acfb1b8#0:FAIL-t32, b75f8b2e-6273-4c97-b7c5-042674931d23<-3750b3a2-715b-46b3-9d0c-9e38136244b9#0:FAIL-t32] and 0 exception(s); b75f8b2e-6273-4c97-b7c5-042674931d23@group-F11756C8BA4A:t32, leader=null, voted=b75f8b2e-6273-4c97-b7c5-042674931d23, raftlog=b75f8b2e-6273-4c97-b7c5-042674931d23@group-F11756C8BA4A-SegmentedRaftLog:OPENED:c-1,f-1,i0, conf=-1: [6ef27e9c-8ddb-4fa1-8c14-ab102acfb1b8:192.168.164.241:38092, b75f8b2e-6273-4c97-b7c5-042674931d23:192.168.164.241:41857, 3750b3a2-715b-46b3-9d0c-9e38136244b9:192.168.164.241:46227], old=null
2019-10-20 18:18:31,063 [b75f8b2e-6273-4c97-b7c5-042674931d23@group-F11756C8BA4A-LeaderElection72] INFO  impl.RaftServerImpl (RaftServerImpl.java:setRole(184)) - b75f8b2e-6273-4c97-b7c5-042674931d23@group-F11756C8BA4A: changes role from CANDIDATE to FOLLOWER at term 32 for DISCOVERED_A_NEW_TERM
2019-10-20 18:18:31,063 [b75f8b2e-6273-4c97-b7c5-042674931d23@group-F11756C8BA4A-LeaderElection72] INFO  impl.RoleInfo (RoleInfo.java:shutdownLeaderElection(134)) - b75f8b2e-6273-4c97-b7c5-042674931d23: shutdown LeaderElection
2019-10-20 18:18:31,063 [b75f8b2e-6273-4c97-b7c5-042674931d23@group-F11756C8BA4A-LeaderElection72] INFO  impl.RoleInfo (RoleInfo.java:updateAndGet(143)) - b75f8b2e-6273-4c97-b7c5-042674931d23: start FollowerState
2019-10-20 18:18:31,109 [Thread-803] INFO  impl.FollowerState (FollowerState.java:run(108)) - 399079f7-1eb1-4f37-b003-267572525934@group-D40A05E2FCF9-FollowerState: change to CANDIDATE, lastRpcTime:113ms, electionTimeout:112ms
2019-10-20 18:18:31,109 [Thread-803] INFO  impl.RoleInfo (RoleInfo.java:shutdownFollowerState(121)) - 399079f7-1eb1-4f37-b003-267572525934: shutdown FollowerState
2019-10-20 18:18:31,109 [Thread-803] INFO  impl.RaftServerImpl (RaftServerImpl.java:setRole(184)) - 399079f7-1eb1-4f37-b003-267572525934@group-D40A05E2FCF9: changes role from  FOLLOWER to CANDIDATE at term 34 for changeToCandidate
2019-10-20 18:18:31,110 [Thread-803] INFO  impl.RoleInfo (RoleInfo.java:updateAndGet(143)) - 399079f7-1eb1-4f37-b003-267572525934: start LeaderElection
2019-10-20 18:18:31,136 [399079f7-1eb1-4f37-b003-267572525934@group-D40A05E2FCF9-LeaderElection73] INFO  impl.LeaderElection (LeaderElection.java:askForVotes(178)) - 399079f7-1eb1-4f37-b003-267572525934@group-D40A05E2FCF9-LeaderElection73: begin an election at term 35 for -1: [399079f7-1eb1-4f37-b003-267572525934:192.168.164.241:37762, 7a43c46a-fc88-4b2d-b2da-ae029cfa60ff:192.168.164.241:43684, 6c5c38af-62e6-4ea7-a24a-078dcb28fb39:192.168.164.241:45428], old=null
2019-10-20 18:18:31,138 [grpc-default-executor-10] INFO  impl.RaftServerImpl (RaftServerImpl.java:setRole(184)) - 6c5c38af-62e6-4ea7-a24a-078dcb28fb39@group-D40A05E2FCF9: changes role from  FOLLOWER to FOLLOWER at term 35 for recognizeCandidate:399079f7-1eb1-4f37-b003-267572525934
2019-10-20 18:18:31,138 [grpc-default-executor-1] INFO  impl.RaftServerImpl (RaftServerImpl.java:setRole(184)) - 7a43c46a-fc88-4b2d-b2da-ae029cfa60ff@group-D40A05E2FCF9: changes role from  FOLLOWER to FOLLOWER at term 35 for recognizeCandidate:399079f7-1eb1-4f37-b003-267572525934
2019-10-20 18:18:31,139 [grpc-default-executor-10] INFO  impl.RoleInfo (RoleInfo.java:shutdownFollowerState(121)) - 6c5c38af-62e6-4ea7-a24a-078dcb28fb39: shutdown FollowerState
2019-10-20 18:18:31,139 [grpc-default-executor-1] INFO  impl.RoleInfo (RoleInfo.java:shutdownFollowerState(121)) - 7a43c46a-fc88-4b2d-b2da-ae029cfa60ff: shutdown FollowerState
2019-10-20 18:18:31,139 [Thread-802] INFO  impl.FollowerState (FollowerState.java:run(117)) - 6c5c38af-62e6-4ea7-a24a-078dcb28fb39@group-D40A05E2FCF9-FollowerState was interrupted: java.lang.InterruptedException: sleep interrupted
2019-10-20 18:18:31,139 [Thread-801] INFO  impl.FollowerState (FollowerState.java:run(117)) - 7a43c46a-fc88-4b2d-b2da-ae029cfa60ff@group-D40A05E2FCF9-FollowerState was interrupted: java.lang.InterruptedException: sleep interrupted
2019-10-20 18:18:31,139 [grpc-default-executor-10] INFO  impl.RoleInfo (RoleInfo.java:updateAndGet(143)) - 6c5c38af-62e6-4ea7-a24a-078dcb28fb39: start FollowerState
2019-10-20 18:18:31,139 [grpc-default-executor-1] INFO  impl.RoleInfo (RoleInfo.java:updateAndGet(143)) - 7a43c46a-fc88-4b2d-b2da-ae029cfa60ff: start FollowerState
2019-10-20 18:18:31,162 [399079f7-1eb1-4f37-b003-267572525934@group-D40A05E2FCF9-LeaderElection73] INFO  impl.LeaderElection (LeaderElection.java:logAndReturn(56)) - 399079f7-1eb1-4f37-b003-267572525934@group-D40A05E2FCF9-LeaderElection73: Election REJECTED; received 2 response(s) [399079f7-1eb1-4f37-b003-267572525934<-7a43c46a-fc88-4b2d-b2da-ae029cfa60ff#0:FAIL-t35, 399079f7-1eb1-4f37-b003-267572525934<-6c5c38af-62e6-4ea7-a24a-078dcb28fb39#0:FAIL-t35] and 0 exception(s); 399079f7-1eb1-4f37-b003-267572525934@group-D40A05E2FCF9:t35, leader=null, voted=399079f7-1eb1-4f37-b003-267572525934, raftlog=399079f7-1eb1-4f37-b003-267572525934@group-D40A05E2FCF9-SegmentedRaftLog:OPENED:c-1,f-1,i0, conf=-1: [399079f7-1eb1-4f37-b003-267572525934:192.168.164.241:37762, 7a43c46a-fc88-4b2d-b2da-ae029cfa60ff:192.168.164.241:43684, 6c5c38af-62e6-4ea7-a24a-078dcb28fb39:192.168.164.241:45428], old=null
2019-10-20 18:18:31,163 [399079f7-1eb1-4f37-b003-267572525934@group-D40A05E2FCF9-LeaderElection73] INFO  impl.RaftServerImpl (RaftServerImpl.java:setRole(184)) - 399079f7-1eb1-4f37-b003-267572525934@group-D40A05E2FCF9: changes role from CANDIDATE to FOLLOWER at term 35 for DISCOVERED_A_NEW_TERM
2019-10-20 18:18:31,163 [399079f7-1eb1-4f37-b003-267572525934@group-D40A05E2FCF9-LeaderElection73] INFO  impl.RoleInfo (RoleInfo.java:shutdownLeaderElection(134)) - 399079f7-1eb1-4f37-b003-267572525934: shutdown LeaderElection
2019-10-20 18:18:31,163 [399079f7-1eb1-4f37-b003-267572525934@group-D40A05E2FCF9-LeaderElection73] INFO  impl.RoleInfo (RoleInfo.java:updateAndGet(143)) - 399079f7-1eb1-4f37-b003-267572525934: start FollowerState
2019-10-20 18:18:31,176 [Thread-809] INFO  impl.FollowerState (FollowerState.java:run(108)) - b75f8b2e-6273-4c97-b7c5-042674931d23@group-F11756C8BA4A-FollowerState: change to CANDIDATE, lastRpcTime:113ms, electionTimeout:113ms
2019-10-20 18:18:31,176 [Thread-809] INFO  impl.RoleInfo (RoleInfo.java:shutdownFollowerState(121)) - b75f8b2e-6273-4c97-b7c5-042674931d23: shutdown FollowerState
2019-10-20 18:18:31,176 [Thread-809] INFO  impl.RaftServerImpl (RaftServerImpl.java:setRole(184)) - b75f8b2e-6273-4c97-b7c5-042674931d23@group-F11756C8BA4A: changes role from  FOLLOWER to CANDIDATE at term 32 for changeToCandidate
2019-10-20 18:18:31,177 [Thread-809] INFO  impl.RoleInfo (RoleInfo.java:updateAndGet(143)) - b75f8b2e-6273-4c97-b7c5-042674931d23: start LeaderElection
2019-10-20 18:18:31,189 [Thread-817] INFO  impl.FollowerState (FollowerState.java:run(108)) - 399079f7-1eb1-4f37-b003-267572525934@group-D40A05E2FCF9-FollowerState: change to CANDIDATE, lastRpcTime:26ms, electionTimeout:26ms
2019-10-20 18:18:31,189 [Thread-817] INFO  impl.RoleInfo (RoleInfo.java:shutdownFollowerState(121)) - 399079f7-1eb1-4f37-b003-267572525934: shutdown FollowerState
2019-10-20 18:18:31,190 [Thread-817] INFO  impl.RaftServerImpl (RaftServerImpl.java:setRole(184)) - 399079f7-1eb1-4f37-b003-267572525934@group-D40A05E2FCF9: changes role from  FOLLOWER to CANDIDATE at term 35 for changeToCandidate
2019-10-20 18:18:31,190 [Thread-817] INFO  impl.RoleInfo (RoleInfo.java:updateAndGet(143)) - 399079f7-1eb1-4f37-b003-267572525934: start LeaderElection
2019-10-20 18:18:31,203 [b75f8b2e-6273-4c97-b7c5-042674931d23@group-F11756C8BA4A-LeaderElection74] INFO  impl.LeaderElection (LeaderElection.java:askForVotes(178)) - b75f8b2e-6273-4c97-b7c5-042674931d23@group-F11756C8BA4A-LeaderElection74: begin an election at term 33 for -1: [6ef27e9c-8ddb-4fa1-8c14-ab102acfb1b8:192.168.164.241:38092, b75f8b2e-6273-4c97-b7c5-042674931d23:192.168.164.241:41857, 3750b3a2-715b-46b3-9d0c-9e38136244b9:192.168.164.241:46227], old=null
2019-10-20 18:18:31,205 [grpc-default-executor-1] INFO  impl.RaftServerImpl (RaftServerImpl.java:setRole(184)) - 6ef27e9c-8ddb-4fa1-8c14-ab102acfb1b8@group-F11756C8BA4A: changes role from  FOLLOWER to FOLLOWER at term 33 for recognizeCandidate:b75f8b2e-6273-4c97-b7c5-042674931d23
2019-10-20 18:18:31,205 [grpc-default-executor-1] INFO  impl.RoleInfo (RoleInfo.java:shutdownFollowerState(121)) - 6ef27e9c-8ddb-4fa1-8c14-ab102acfb1b8: shutdown FollowerState
2019-10-20 18:18:31,206 [grpc-default-executor-10] INFO  impl.RaftServerImpl (RaftServerImpl.java:setRole(184)) - 3750b3a2-715b-46b3-9d0c-9e38136244b9@group-F11756C8BA4A: changes role from  FOLLOWER to FOLLOWER at term 33 for recognizeCandidate:b75f8b2e-6273-4c97-b7c5-042674931d23
2019-10-20 18:18:31,206 [Thread-807] INFO  impl.FollowerState (FollowerState.java:run(117)) - 6ef27e9c-8ddb-4fa1-8c14-ab102acfb1b8@group-F11756C8BA4A-FollowerState was interrupted: java.lang.InterruptedException: sleep interrupted
2019-10-20 18:18:31,206 [grpc-default-executor-1] INFO  impl.RoleInfo (RoleInfo.java:updateAndGet(143)) - 6ef27e9c-8ddb-4fa1-8c14-ab102acfb1b8: start FollowerState
2019-10-20 18:18:31,206 [grpc-default-executor-10] INFO  impl.RoleInfo (RoleInfo.java:shutdownFollowerState(121)) - 3750b3a2-715b-46b3-9d0c-9e38136244b9: shutdown FollowerState
2019-10-20 18:18:31,206 [grpc-default-executor-10] INFO  impl.RoleInfo (RoleInfo.java:updateAndGet(143)) - 3750b3a2-715b-46b3-9d0c-9e38136244b9: start FollowerState
2019-10-20 18:18:31,206 [Thread-808] INFO  impl.FollowerState (FollowerState.java:run(117)) - 3750b3a2-715b-46b3-9d0c-9e38136244b9@group-F11756C8BA4A-FollowerState was interrupted: java.lang.InterruptedException: sleep interrupted
2019-10-20 18:18:31,220 [399079f7-1eb1-4f37-b003-267572525934@group-D40A05E2FCF9-LeaderElection75] INFO  impl.LeaderElection (LeaderElection.java:askForVotes(178)) - 399079f7-1eb1-4f37-b003-267572525934@group-D40A05E2FCF9-LeaderElection75: begin an election at term 36 for -1: [399079f7-1eb1-4f37-b003-267572525934:192.168.164.241:37762, 7a43c46a-fc88-4b2d-b2da-ae029cfa60ff:192.168.164.241:43684, 6c5c38af-62e6-4ea7-a24a-078dcb28fb39:192.168.164.241:45428], old=null
2019-10-20 18:18:31,222 [grpc-default-executor-7] INFO  impl.RaftServerImpl (RaftServerImpl.java:setRole(184)) - 7a43c46a-fc88-4b2d-b2da-ae029cfa60ff@group-D40A05E2FCF9: changes role from  FOLLOWER to FOLLOWER at term 36 for recognizeCandidate:399079f7-1eb1-4f37-b003-267572525934
2019-10-20 18:18:31,222 [grpc-default-executor-7] INFO  impl.RoleInfo (RoleInfo.java:shutdownFollowerState(121)) - 7a43c46a-fc88-4b2d-b2da-ae029cfa60ff: shutdown FollowerState
2019-10-20 18:18:31,222 [grpc-default-executor-7] INFO  impl.RoleInfo (RoleInfo.java:updateAndGet(143)) - 7a43c46a-fc88-4b2d-b2da-ae029cfa60ff: start FollowerState
2019-10-20 18:18:31,222 [Thread-816] INFO  impl.FollowerState (FollowerState.java:run(117)) - 7a43c46a-fc88-4b2d-b2da-ae029cfa60ff@group-D40A05E2FCF9-FollowerState was interrupted: java.lang.InterruptedException: sleep interrupted
2019-10-20 18:18:31,222 [grpc-default-executor-3] INFO  impl.RaftServerImpl (RaftServerImpl.java:setRole(184)) - 6c5c38af-62e6-4ea7-a24a-078dcb28fb39@group-D40A05E2FCF9: changes role from  FOLLOWER to FOLLOWER at term 36 for recognizeCandidate:399079f7-1eb1-4f37-b003-267572525934
2019-10-20 18:18:31,223 [grpc-default-executor-3] INFO  impl.RoleInfo (RoleInfo.java:shutdownFollowerState(121)) - 6c5c38af-62e6-4ea7-a24a-078dcb28fb39: shutdown FollowerState
2019-10-20 18:18:31,223 [Thread-815] INFO  impl.FollowerState (FollowerState.java:run(117)) - 6c5c38af-62e6-4ea7-a24a-078dcb28fb39@group-D40A05E2FCF9-FollowerState was interrupted: java.lang.InterruptedException: sleep interrupted
2019-10-20 18:18:31,223 [grpc-default-executor-3] INFO  impl.RoleInfo (RoleInfo.java:updateAndGet(143)) - 6c5c38af-62e6-4ea7-a24a-078dcb28fb39: start FollowerState
2019-10-20 18:18:31,239 [b75f8b2e-6273-4c97-b7c5-042674931d23@group-F11756C8BA4A-LeaderElection74] INFO  impl.LeaderElection (LeaderElection.java:logAndReturn(56)) - b75f8b2e-6273-4c97-b7c5-042674931d23@group-F11756C8BA4A-LeaderElection74: Election REJECTED; received 2 response(s) [b75f8b2e-6273-4c97-b7c5-042674931d23<-6ef27e9c-8ddb-4fa1-8c14-ab102acfb1b8#0:FAIL-t33, b75f8b2e-6273-4c97-b7c5-042674931d23<-3750b3a2-715b-46b3-9d0c-9e38136244b9#0:FAIL-t33] and 0 exception(s); b75f8b2e-6273-4c97-b7c5-042674931d23@group-F11756C8BA4A:t33, leader=null, voted=b75f8b2e-6273-4c97-b7c5-042674931d23, raftlog=b75f8b2e-6273-4c97-b7c5-042674931d23@group-F11756C8BA4A-SegmentedRaftLog:OPENED:c-1,f-1,i0, conf=-1: [6ef27e9c-8ddb-4fa1-8c14-ab102acfb1b8:192.168.164.241:38092, b75f8b2e-6273-4c97-b7c5-042674931d23:192.168.164.241:41857, 3750b3a2-715b-46b3-9d0c-9e38136244b9:192.168.164.241:46227], old=null
2019-10-20 18:18:31,239 [b75f8b2e-6273-4c97-b7c5-042674931d23@group-F11756C8BA4A-LeaderElection74] INFO  impl.RaftServerImpl (RaftServerImpl.java:setRole(184)) - b75f8b2e-6273-4c97-b7c5-042674931d23@group-F11756C8BA4A: changes role from CANDIDATE to FOLLOWER at term 33 for DISCOVERED_A_NEW_TERM
2019-10-20 18:18:31,239 [b75f8b2e-6273-4c97-b7c5-042674931d23@group-F11756C8BA4A-LeaderElection74] INFO  impl.RoleInfo (RoleInfo.java:shutdownLeaderElection(134)) - b75f8b2e-6273-4c97-b7c5-042674931d23: shutdown LeaderElection
2019-10-20 18:18:31,239 [b75f8b2e-6273-4c97-b7c5-042674931d23@group-F11756C8BA4A-LeaderElection74] INFO  impl.RoleInfo (RoleInfo.java:updateAndGet(143)) - b75f8b2e-6273-4c97-b7c5-042674931d23: start FollowerState
2019-10-20 18:18:31,255 [399079f7-1eb1-4f37-b003-267572525934@group-D40A05E2FCF9-LeaderElection75] INFO  impl.LeaderElection (LeaderElection.java:logAndReturn(56)) - 399079f7-1eb1-4f37-b003-267572525934@group-D40A05E2FCF9-LeaderElection75: Election REJECTED; received 2 response(s) [399079f7-1eb1-4f37-b003-267572525934<-7a43c46a-fc88-4b2d-b2da-ae029cfa60ff#0:FAIL-t36, 399079f7-1eb1-4f37-b003-267572525934<-6c5c38af-62e6-4ea7-a24a-078dcb28fb39#0:FAIL-t36] and 0 exception(s); 399079f7-1eb1-4f37-b003-267572525934@group-D40A05E2FCF9:t36, leader=null, voted=399079f7-1eb1-4f37-b003-267572525934, raftlog=399079f7-1eb1-4f37-b003-267572525934@group-D40A05E2FCF9-SegmentedRaftLog:OPENED:c-1,f-1,i0, conf=-1: [399079f7-1eb1-4f37-b003-267572525934:192.168.164.241:37762, 7a43c46a-fc88-4b2d-b2da-ae029cfa60ff:192.168.164.241:43684, 6c5c38af-62e6-4ea7-a24a-078dcb28fb39:192.168.164.241:45428], old=null
2019-10-20 18:18:31,256 [399079f7-1eb1-4f37-b003-267572525934@group-D40A05E2FCF9-LeaderElection75] INFO  impl.RaftServerImpl (RaftServerImpl.java:setRole(184)) - 399079f7-1eb1-4f37-b003-267572525934@group-D40A05E2FCF9: changes role from CANDIDATE to FOLLOWER at term 36 for DISCOVERED_A_NEW_TERM
2019-10-20 18:18:31,256 [399079f7-1eb1-4f37-b003-267572525934@group-D40A05E2FCF9-LeaderElection75] INFO  impl.RoleInfo (RoleInfo.java:shutdownLeaderElection(134)) - 399079f7-1eb1-4f37-b003-267572525934: shutdown LeaderElection
2019-10-20 18:18:31,256 [399079f7-1eb1-4f37-b003-267572525934@group-D40A05E2FCF9-LeaderElection75] INFO  impl.RoleInfo (RoleInfo.java:updateAndGet(143)) - 399079f7-1eb1-4f37-b003-267572525934: start FollowerState
2019-10-20 18:18:31,290 [Thread-830] INFO  impl.FollowerState (FollowerState.java:run(108)) - b75f8b2e-6273-4c97-b7c5-042674931d23@group-F11756C8BA4A-FollowerState: change to CANDIDATE, lastRpcTime:50ms, electionTimeout:50ms
2019-10-20 18:18:31,290 [Thread-830] INFO  impl.RoleInfo (RoleInfo.java:shutdownFollowerState(121)) - b75f8b2e-6273-4c97-b7c5-042674931d23: shutdown FollowerState
2019-10-20 18:18:31,290 [Thread-830] INFO  impl.RaftServerImpl (RaftServerImpl.java:setRole(184)) - b75f8b2e-6273-4c97-b7c5-042674931d23@group-F11756C8BA4A: changes role from  FOLLOWER to CANDIDATE at term 33 for changeToCandidate
2019-10-20 18:18:31,290 [Thread-830] INFO  impl.RoleInfo (RoleInfo.java:updateAndGet(143)) - b75f8b2e-6273-4c97-b7c5-042674931d23: start LeaderElection
2019-10-20 18:18:31,314 [b75f8b2e-6273-4c97-b7c5-042674931d23@group-F11756C8BA4A-LeaderElection76] INFO  impl.LeaderElection (LeaderElection.java:askForVotes(178)) - b75f8b2e-6273-4c97-b7c5-042674931d23@group-F11756C8BA4A-LeaderElection76: begin an election at term 34 for -1: [6ef27e9c-8ddb-4fa1-8c14-ab102acfb1b8:192.168.164.241:38092, b75f8b2e-6273-4c97-b7c5-042674931d23:192.168.164.241:41857, 3750b3a2-715b-46b3-9d0c-9e38136244b9:192.168.164.241:46227], old=null
2019-10-20 18:18:31,317 [grpc-default-executor-3] INFO  impl.RaftServerImpl (RaftServerImpl.java:setRole(184)) - 3750b3a2-715b-46b3-9d0c-9e38136244b9@group-F11756C8BA4A: changes role from  FOLLOWER to FOLLOWER at term 34 for recognizeCandidate:b75f8b2e-6273-4c97-b7c5-042674931d23
2019-10-20 18:18:31,317 [grpc-default-executor-7] INFO  impl.RaftServerImpl (RaftServerImpl.java:setRole(184)) - 6ef27e9c-8ddb-4fa1-8c14-ab102acfb1b8@group-F11756C8BA4A: changes role from  FOLLOWER to FOLLOWER at term 34 for recognizeCandidate:b75f8b2e-6273-4c97-b7c5-042674931d23
2019-10-20 18:18:31,317 [grpc-default-executor-3] INFO  impl.RoleInfo (RoleInfo.java:shutdownFollowerState(121)) - 3750b3a2-715b-46b3-9d0c-9e38136244b9: shutdown FollowerState
2019-10-20 18:18:31,317 [grpc-default-executor-7] INFO  impl.RoleInfo (RoleInfo.java:shutdownFollowerState(121)) - 6ef27e9c-8ddb-4fa1-8c14-ab102acfb1b8: shutdown FollowerState
2019-10-20 18:18:31,317 [grpc-default-executor-3] INFO  impl.RoleInfo (RoleInfo.java:updateAndGet(143)) - 3750b3a2-715b-46b3-9d0c-9e38136244b9: start FollowerState
2019-10-20 18:18:31,317 [Thread-825] INFO  impl.FollowerState (FollowerState.java:run(117)) - 3750b3a2-715b-46b3-9d0c-9e38136244b9@group-F11756C8BA4A-FollowerState was interrupted: java.lang.InterruptedException: sleep interrupted
2019-10-20 18:18:31,318 [Thread-824] INFO  impl.FollowerState (FollowerState.java:run(117)) - 6ef27e9c-8ddb-4fa1-8c14-ab102acfb1b8@group-F11756C8BA4A-FollowerState was interrupted: java.lang.InterruptedException: sleep interrupted
2019-10-20 18:18:31,318 [grpc-default-executor-7] INFO  impl.RoleInfo (RoleInfo.java:updateAndGet(143)) - 6ef27e9c-8ddb-4fa1-8c14-ab102acfb1b8: start FollowerState
2019-10-20 18:18:31,341 [b75f8b2e-6273-4c97-b7c5-042674931d23@group-F11756C8BA4A-LeaderElection76] INFO  impl.LeaderElection (LeaderElection.java:logAndReturn(56)) - b75f8b2e-6273-4c97-b7c5-042674931d23@group-F11756C8BA4A-LeaderElection76: Election REJECTED; received 2 response(s) [b75f8b2e-6273-4c97-b7c5-042674931d23<-6ef27e9c-8ddb-4fa1-8c14-ab102acfb1b8#0:FAIL-t34, b75f8b2e-6273-4c97-b7c5-042674931d23<-3750b3a2-715b-46b3-9d0c-9e38136244b9#0:FAIL-t34] and 0 exception(s); b75f8b2e-6273-4c97-b7c5-042674931d23@group-F11756C8BA4A:t34, leader=null, voted=b75f8b2e-6273-4c97-b7c5-042674931d23, raftlog=b75f8b2e-6273-4c97-b7c5-042674931d23@group-F11756C8BA4A-SegmentedRaftLog:OPENED:c-1,f-1,i0, conf=-1: [6ef27e9c-8ddb-4fa1-8c14-ab102acfb1b8:192.168.164.241:38092, b75f8b2e-6273-4c97-b7c5-042674931d23:192.168.164.241:41857, 3750b3a2-715b-46b3-9d0c-9e38136244b9:192.168.164.241:46227], old=null
2019-10-20 18:18:31,341 [b75f8b2e-6273-4c97-b7c5-042674931d23@group-F11756C8BA4A-LeaderElection76] INFO  impl.RaftServerImpl (RaftServerImpl.java:setRole(184)) - b75f8b2e-6273-4c97-b7c5-042674931d23@group-F11756C8BA4A: changes role from CANDIDATE to FOLLOWER at term 34 for DISCOVERED_A_NEW_TERM
2019-10-20 18:18:31,341 [b75f8b2e-6273-4c97-b7c5-042674931d23@group-F11756C8BA4A-LeaderElection76] INFO  impl.RoleInfo (RoleInfo.java:shutdownLeaderElection(134)) - b75f8b2e-6273-4c97-b7c5-042674931d23: shutdown LeaderElection
2019-10-20 18:18:31,342 [b75f8b2e-6273-4c97-b7c5-042674931d23@group-F11756C8BA4A-LeaderElection76] INFO  impl.RoleInfo (RoleInfo.java:updateAndGet(143)) - b75f8b2e-6273-4c97-b7c5-042674931d23: start FollowerState
2019-10-20 18:18:31,364 [Thread-831] INFO  impl.FollowerState (FollowerState.java:run(108)) - 399079f7-1eb1-4f37-b003-267572525934@group-D40A05E2FCF9-FollowerState: change to CANDIDATE, lastRpcTime:108ms, electionTimeout:108ms
2019-10-20 18:18:31,365 [Thread-831] INFO  impl.RoleInfo (RoleInfo.java:shutdownFollowerState(121)) - 399079f7-1eb1-4f37-b003-267572525934: shutdown FollowerState
2019-10-20 18:18:31,365 [Thread-831] INFO  impl.RaftServerImpl (RaftServerImpl.java:setRole(184)) - 399079f7-1eb1-4f37-b003-267572525934@group-D40A05E2FCF9: changes role from  FOLLOWER to CANDIDATE at term 36 for changeToCandidate
2019-10-20 18:18:31,365 [Thread-831] INFO  impl.RoleInfo (RoleInfo.java:updateAndGet(143)) - 399079f7-1eb1-4f37-b003-267572525934: start LeaderElection
2019-10-20 18:18:31,390 [399079f7-1eb1-4f37-b003-267572525934@group-D40A05E2FCF9-LeaderElection77] INFO  impl.LeaderElection (LeaderElection.java:askForVotes(178)) - 399079f7-1eb1-4f37-b003-267572525934@group-D40A05E2FCF9-LeaderElection77: begin an election at term 37 for -1: [399079f7-1eb1-4f37-b003-267572525934:192.168.164.241:37762, 7a43c46a-fc88-4b2d-b2da-ae029cfa60ff:192.168.164.241:43684, 6c5c38af-62e6-4ea7-a24a-078dcb28fb39:192.168.164.241:45428], old=null
2019-10-20 18:18:31,393 [grpc-default-executor-3] INFO  impl.RaftServerImpl (RaftServerImpl.java:setRole(184)) - 7a43c46a-fc88-4b2d-b2da-ae029cfa60ff@group-D40A05E2FCF9: changes role from  FOLLOWER to FOLLOWER at term 37 for recognizeCandidate:399079f7-1eb1-4f37-b003-267572525934
2019-10-20 18:18:31,393 [grpc-default-executor-7] INFO  impl.RaftServerImpl (RaftServerImpl.java:setRole(184)) - 6c5c38af-62e6-4ea7-a24a-078dcb28fb39@group-D40A05E2FCF9: changes role from  FOLLOWER to FOLLOWER at term 37 for recognizeCandidate:399079f7-1eb1-4f37-b003-267572525934
2019-10-20 18:18:31,393 [grpc-default-executor-3] INFO  impl.RoleInfo (RoleInfo.java:shutdownFollowerState(121)) - 7a43c46a-fc88-4b2d-b2da-ae029cfa60ff: shutdown FollowerState
2019-10-20 18:18:31,393 [grpc-default-executor-7] INFO  impl.RoleInfo (RoleInfo.java:shutdownFollowerState(121)) - 6c5c38af-62e6-4ea7-a24a-078dcb28fb39: shutdown FollowerState
2019-10-20 18:18:31,393 [Thread-828] INFO  impl.FollowerState (FollowerState.java:run(117)) - 7a43c46a-fc88-4b2d-b2da-ae029cfa60ff@group-D40A05E2FCF9-FollowerState was interrupted: java.lang.InterruptedException: sleep interrupted
2019-10-20 18:18:31,393 [grpc-default-executor-3] INFO  impl.RoleInfo (RoleInfo.java:updateAndGet(143)) - 7a43c46a-fc88-4b2d-b2da-ae029cfa60ff: start FollowerState
2019-10-20 18:18:31,393 [Thread-829] INFO  impl.FollowerState (FollowerState.java:run(117)) - 6c5c38af-62e6-4ea7-a24a-078dcb28fb39@group-D40A05E2FCF9-FollowerState was interrupted: java.lang.InterruptedException: sleep interrupted
2019-10-20 18:18:31,393 [grpc-default-executor-7] INFO  impl.RoleInfo (RoleInfo.java:updateAndGet(143)) - 6c5c38af-62e6-4ea7-a24a-078dcb28fb39: start FollowerState
2019-10-20 18:18:31,417 [399079f7-1eb1-4f37-b003-267572525934@group-D40A05E2FCF9-LeaderElection77] INFO  impl.LeaderElection (LeaderElection.java:logAndReturn(56)) - 399079f7-1eb1-4f37-b003-267572525934@group-D40A05E2FCF9-LeaderElection77: Election REJECTED; received 2 response(s) [399079f7-1eb1-4f37-b003-267572525934<-7a43c46a-fc88-4b2d-b2da-ae029cfa60ff#0:FAIL-t37, 399079f7-1eb1-4f37-b003-267572525934<-6c5c38af-62e6-4ea7-a24a-078dcb28fb39#0:FAIL-t37] and 0 exception(s); 399079f7-1eb1-4f37-b003-267572525934@group-D40A05E2FCF9:t37, leader=null, voted=399079f7-1eb1-4f37-b003-267572525934, raftlog=399079f7-1eb1-4f37-b003-267572525934@group-D40A05E2FCF9-SegmentedRaftLog:OPENED:c-1,f-1,i0, conf=-1: [399079f7-1eb1-4f37-b003-267572525934:192.168.164.241:37762, 7a43c46a-fc88-4b2d-b2da-ae029cfa60ff:192.168.164.241:43684, 6c5c38af-62e6-4ea7-a24a-078dcb28fb39:192.168.164.241:45428], old=null
2019-10-20 18:18:31,418 [399079f7-1eb1-4f37-b003-267572525934@group-D40A05E2FCF9-LeaderElection77] INFO  impl.RaftServerImpl (RaftServerImpl.java:setRole(184)) - 399079f7-1eb1-4f37-b003-267572525934@group-D40A05E2FCF9: changes role from CANDIDATE to FOLLOWER at term 37 for DISCOVERED_A_NEW_TERM
2019-10-20 18:18:31,418 [399079f7-1eb1-4f37-b003-267572525934@group-D40A05E2FCF9-LeaderElection77] INFO  impl.RoleInfo (RoleInfo.java:shutdownLeaderElection(134)) - 399079f7-1eb1-4f37-b003-267572525934: shutdown LeaderElection
2019-10-20 18:18:31,418 [399079f7-1eb1-4f37-b003-267572525934@group-D40A05E2FCF9-LeaderElection77] INFO  impl.RoleInfo (RoleInfo.java:updateAndGet(143)) - 399079f7-1eb1-4f37-b003-267572525934: start FollowerState
2019-10-20 18:18:31,527 [Thread-837] INFO  impl.FollowerState (FollowerState.java:run(108)) - b75f8b2e-6273-4c97-b7c5-042674931d23@group-F11756C8BA4A-FollowerState: change to CANDIDATE, lastRpcTime:185ms, electionTimeout:185ms
2019-10-20 18:18:31,527 [Thread-837] INFO  impl.RoleInfo (RoleInfo.java:shutdownFollowerState(121)) - b75f8b2e-6273-4c97-b7c5-042674931d23: shutdown FollowerState
2019-10-20 18:18:31,528 [Thread-837] INFO  impl.RaftServerImpl (RaftServerImpl.java:setRole(184)) - b75f8b2e-6273-4c97-b7c5-042674931d23@group-F11756C8BA4A: changes role from  FOLLOWER to CANDIDATE at term 34 for changeToCandidate
2019-10-20 18:18:31,528 [Thread-837] INFO  impl.RoleInfo (RoleInfo.java:updateAndGet(143)) - b75f8b2e-6273-4c97-b7c5-042674931d23: start LeaderElection
2019-10-20 18:18:31,558 [b75f8b2e-6273-4c97-b7c5-042674931d23@group-F11756C8BA4A-LeaderElection78] INFO  impl.LeaderElection (LeaderElection.java:askForVotes(178)) - b75f8b2e-6273-4c97-b7c5-042674931d23@group-F11756C8BA4A-LeaderElection78: begin an election at term 35 for -1: [6ef27e9c-8ddb-4fa1-8c14-ab102acfb1b8:192.168.164.241:38092, b75f8b2e-6273-4c97-b7c5-042674931d23:192.168.164.241:41857, 3750b3a2-715b-46b3-9d0c-9e38136244b9:192.168.164.241:46227], old=null
2019-10-20 18:18:31,560 [grpc-default-executor-7] INFO  impl.RaftServerImpl (RaftServerImpl.java:setRole(184)) - 6ef27e9c-8ddb-4fa1-8c14-ab102acfb1b8@group-F11756C8BA4A: changes role from  FOLLOWER to FOLLOWER at term 35 for recognizeCandidate:b75f8b2e-6273-4c97-b7c5-042674931d23
2019-10-20 18:18:31,560 [grpc-default-executor-7] INFO  impl.RoleInfo (RoleInfo.java:shutdownFollowerState(121)) - 6ef27e9c-8ddb-4fa1-8c14-ab102acfb1b8: shutdown FollowerState
2019-10-20 18:18:31,560 [grpc-default-executor-3] INFO  impl.RaftServerImpl (RaftServerImpl.java:setRole(184)) - 3750b3a2-715b-46b3-9d0c-9e38136244b9@group-F11756C8BA4A: changes role from  FOLLOWER to FOLLOWER at term 35 for recognizeCandidate:b75f8b2e-6273-4c97-b7c5-042674931d23
2019-10-20 18:18:31,561 [Thread-836] INFO  impl.FollowerState (FollowerState.java:run(117)) - 6ef27e9c-8ddb-4fa1-8c14-ab102acfb1b8@group-F11756C8BA4A-FollowerState was interrupted: java.lang.InterruptedException: sleep interrupted
2019-10-20 18:18:31,561 [grpc-default-executor-7] INFO  impl.RoleInfo (RoleInfo.java:updateAndGet(143)) - 6ef27e9c-8ddb-4fa1-8c14-ab102acfb1b8: start FollowerState
2019-10-20 18:18:31,561 [grpc-default-executor-3] INFO  impl.RoleInfo (RoleInfo.java:shutdownFollowerState(121)) - 3750b3a2-715b-46b3-9d0c-9e38136244b9: shutdown FollowerState
2019-10-20 18:18:31,561 [grpc-default-executor-3] INFO  impl.RoleInfo (RoleInfo.java:updateAndGet(143)) - 3750b3a2-715b-46b3-9d0c-9e38136244b9: start FollowerState
2019-10-20 18:18:31,561 [Thread-835] INFO  impl.FollowerState (FollowerState.java:run(117)) - 3750b3a2-715b-46b3-9d0c-9e38136244b9@group-F11756C8BA4A-FollowerState was interrupted: java.lang.InterruptedException: sleep interrupted
2019-10-20 18:18:31,585 [b75f8b2e-6273-4c97-b7c5-042674931d23@group-F11756C8BA4A-LeaderElection78] INFO  impl.LeaderElection (LeaderElection.java:logAndReturn(56)) - b75f8b2e-6273-4c97-b7c5-042674931d23@group-F11756C8BA4A-LeaderElection78: Election REJECTED; received 2 response(s) [b75f8b2e-6273-4c97-b7c5-042674931d23<-6ef27e9c-8ddb-4fa1-8c14-ab102acfb1b8#0:FAIL-t35, b75f8b2e-6273-4c97-b7c5-042674931d23<-3750b3a2-715b-46b3-9d0c-9e38136244b9#0:FAIL-t35] and 0 exception(s); b75f8b2e-6273-4c97-b7c5-042674931d23@group-F11756C8BA4A:t35, leader=null, voted=b75f8b2e-6273-4c97-b7c5-042674931d23, raftlog=b75f8b2e-6273-4c97-b7c5-042674931d23@group-F11756C8BA4A-SegmentedRaftLog:OPENED:c-1,f-1,i0, conf=-1: [6ef27e9c-8ddb-4fa1-8c14-ab102acfb1b8:192.168.164.241:38092, b75f8b2e-6273-4c97-b7c5-042674931d23:192.168.164.241:41857, 3750b3a2-715b-46b3-9d0c-9e38136244b9:192.168.164.241:46227], old=null
2019-10-20 18:18:31,585 [b75f8b2e-6273-4c97-b7c5-042674931d23@group-F11756C8BA4A-LeaderElection78] INFO  impl.RaftServerImpl (RaftServerImpl.java:setRole(184)) - b75f8b2e-6273-4c97-b7c5-042674931d23@group-F11756C8BA4A: changes role from CANDIDATE to FOLLOWER at term 35 for DISCOVERED_A_NEW_TERM
2019-10-20 18:18:31,585 [b75f8b2e-6273-4c97-b7c5-042674931d23@group-F11756C8BA4A-LeaderElection78] INFO  impl.RoleInfo (RoleInfo.java:shutdownLeaderElection(134)) - b75f8b2e-6273-4c97-b7c5-042674931d23: shutdown LeaderElection
2019-10-20 18:18:31,585 [b75f8b2e-6273-4c97-b7c5-042674931d23@group-F11756C8BA4A-LeaderElection78] INFO  impl.RoleInfo (RoleInfo.java:updateAndGet(143)) - b75f8b2e-6273-4c97-b7c5-042674931d23: start FollowerState
2019-10-20 18:18:31,586 [Thread-843] INFO  impl.FollowerState (FollowerState.java:run(108)) - 399079f7-1eb1-4f37-b003-267572525934@group-D40A05E2FCF9-FollowerState: change to CANDIDATE, lastRpcTime:168ms, electionTimeout:168ms
2019-10-20 18:18:31,587 [Thread-843] INFO  impl.RoleInfo (RoleInfo.java:shutdownFollowerState(121)) - 399079f7-1eb1-4f37-b003-267572525934: shutdown FollowerState
2019-10-20 18:18:31,587 [Thread-843] INFO  impl.RaftServerImpl (RaftServerImpl.java:setRole(184)) - 399079f7-1eb1-4f37-b003-267572525934@group-D40A05E2FCF9: changes role from  FOLLOWER to CANDIDATE at term 37 for changeToCandidate
2019-10-20 18:18:31,587 [Thread-843] INFO  impl.RoleInfo (RoleInfo.java:updateAndGet(143)) - 399079f7-1eb1-4f37-b003-267572525934: start LeaderElection
2019-10-20 18:18:31,609 [399079f7-1eb1-4f37-b003-267572525934@group-D40A05E2FCF9-LeaderElection79] INFO  impl.LeaderElection (LeaderElection.java:askForVotes(178)) - 399079f7-1eb1-4f37-b003-267572525934@group-D40A05E2FCF9-LeaderElection79: begin an election at term 38 for -1: [399079f7-1eb1-4f37-b003-267572525934:192.168.164.241:37762, 7a43c46a-fc88-4b2d-b2da-ae029cfa60ff:192.168.164.241:43684, 6c5c38af-62e6-4ea7-a24a-078dcb28fb39:192.168.164.241:45428], old=null
2019-10-20 18:18:31,611 [grpc-default-executor-3] INFO  impl.RaftServerImpl (RaftServerImpl.java:setRole(184)) - 7a43c46a-fc88-4b2d-b2da-ae029cfa60ff@group-D40A05E2FCF9: changes role from  FOLLOWER to FOLLOWER at term 38 for recognizeCandidate:399079f7-1eb1-4f37-b003-267572525934
2019-10-20 18:18:31,611 [grpc-default-executor-7] INFO  impl.RaftServerImpl (RaftServerImpl.java:setRole(184)) - 6c5c38af-62e6-4ea7-a24a-078dcb28fb39@group-D40A05E2FCF9: changes role from  FOLLOWER to FOLLOWER at term 38 for recognizeCandidate:399079f7-1eb1-4f37-b003-267572525934
2019-10-20 18:18:31,611 [grpc-default-executor-3] INFO  impl.RoleInfo (RoleInfo.java:shutdownFollowerState(121)) - 7a43c46a-fc88-4b2d-b2da-ae029cfa60ff: shutdown FollowerState
2019-10-20 18:18:31,611 [grpc-default-executor-7] INFO  impl.RoleInfo (RoleInfo.java:shutdownFollowerState(121)) - 6c5c38af-62e6-4ea7-a24a-078dcb28fb39: shutdown FollowerState
2019-10-20 18:18:31,612 [Thread-842] INFO  impl.FollowerState (FollowerState.java:run(117)) - 6c5c38af-62e6-4ea7-a24a-078dcb28fb39@group-D40A05E2FCF9-FollowerState was interrupted: java.lang.InterruptedException: sleep interrupted
2019-10-20 18:18:31,612 [Thread-841] INFO  impl.FollowerState (FollowerState.java:run(117)) - 7a43c46a-fc88-4b2d-b2da-ae029cfa60ff@group-D40A05E2FCF9-FollowerState was interrupted: java.lang.InterruptedException: sleep interrupted
2019-10-20 18:18:31,612 [grpc-default-executor-3] INFO  impl.RoleInfo (RoleInfo.java:updateAndGet(143)) - 7a43c46a-fc88-4b2d-b2da-ae029cfa60ff: start FollowerState
2019-10-20 18:18:31,612 [grpc-default-executor-7] INFO  impl.RoleInfo (RoleInfo.java:updateAndGet(143)) - 6c5c38af-62e6-4ea7-a24a-078dcb28fb39: start FollowerState
2019-10-20 18:18:31,635 [399079f7-1eb1-4f37-b003-267572525934@group-D40A05E2FCF9-LeaderElection79] INFO  impl.LeaderElection (LeaderElection.java:logAndReturn(56)) - 399079f7-1eb1-4f37-b003-267572525934@group-D40A05E2FCF9-LeaderElection79: Election REJECTED; received 2 response(s) [399079f7-1eb1-4f37-b003-267572525934<-7a43c46a-fc88-4b2d-b2da-ae029cfa60ff#0:FAIL-t38, 399079f7-1eb1-4f37-b003-267572525934<-6c5c38af-62e6-4ea7-a24a-078dcb28fb39#0:FAIL-t38] and 0 exception(s); 399079f7-1eb1-4f37-b003-267572525934@group-D40A05E2FCF9:t38, leader=null, voted=399079f7-1eb1-4f37-b003-267572525934, raftlog=399079f7-1eb1-4f37-b003-267572525934@group-D40A05E2FCF9-SegmentedRaftLog:OPENED:c-1,f-1,i0, conf=-1: [399079f7-1eb1-4f37-b003-267572525934:192.168.164.241:37762, 7a43c46a-fc88-4b2d-b2da-ae029cfa60ff:192.168.164.241:43684, 6c5c38af-62e6-4ea7-a24a-078dcb28fb39:192.168.164.241:45428], old=null
2019-10-20 18:18:31,635 [399079f7-1eb1-4f37-b003-267572525934@group-D40A05E2FCF9-LeaderElection79] INFO  impl.RaftServerImpl (RaftServerImpl.java:setRole(184)) - 399079f7-1eb1-4f37-b003-267572525934@group-D40A05E2FCF9: changes role from CANDIDATE to FOLLOWER at term 38 for DISCOVERED_A_NEW_TERM
2019-10-20 18:18:31,636 [399079f7-1eb1-4f37-b003-267572525934@group-D40A05E2FCF9-LeaderElection79] INFO  impl.RoleInfo (RoleInfo.java:shutdownLeaderElection(134)) - 399079f7-1eb1-4f37-b003-267572525934: shutdown LeaderElection
2019-10-20 18:18:31,636 [399079f7-1eb1-4f37-b003-267572525934@group-D40A05E2FCF9-LeaderElection79] INFO  impl.RoleInfo (RoleInfo.java:updateAndGet(143)) - 399079f7-1eb1-4f37-b003-267572525934: start FollowerState
2019-10-20 18:18:31,647 [Thread-855] INFO  impl.FollowerState (FollowerState.java:run(108)) - 399079f7-1eb1-4f37-b003-267572525934@group-D40A05E2FCF9-FollowerState: change to CANDIDATE, lastRpcTime:11ms, electionTimeout:11ms
2019-10-20 18:18:31,647 [Thread-855] INFO  impl.RoleInfo (RoleInfo.java:shutdownFollowerState(121)) - 399079f7-1eb1-4f37-b003-267572525934: shutdown FollowerState
2019-10-20 18:18:31,647 [Thread-855] INFO  impl.RaftServerImpl (RaftServerImpl.java:setRole(184)) - 399079f7-1eb1-4f37-b003-267572525934@group-D40A05E2FCF9: changes role from  FOLLOWER to CANDIDATE at term 38 for changeToCandidate
2019-10-20 18:18:31,647 [Thread-855] INFO  impl.RoleInfo (RoleInfo.java:updateAndGet(143)) - 399079f7-1eb1-4f37-b003-267572525934: start LeaderElection
2019-10-20 18:18:31,676 [399079f7-1eb1-4f37-b003-267572525934@group-D40A05E2FCF9-LeaderElection80] INFO  impl.LeaderElection (LeaderElection.java:askForVotes(178)) - 399079f7-1eb1-4f37-b003-267572525934@group-D40A05E2FCF9-LeaderElection80: begin an election at term 39 for -1: [399079f7-1eb1-4f37-b003-267572525934:192.168.164.241:37762, 7a43c46a-fc88-4b2d-b2da-ae029cfa60ff:192.168.164.241:43684, 6c5c38af-62e6-4ea7-a24a-078dcb28fb39:192.168.164.241:45428], old=null
2019-10-20 18:18:31,679 [grpc-default-executor-3] INFO  impl.RaftServerImpl (RaftServerImpl.java:setRole(184)) - 7a43c46a-fc88-4b2d-b2da-ae029cfa60ff@group-D40A05E2FCF9: changes role from  FOLLOWER to FOLLOWER at term 39 for recognizeCandidate:399079f7-1eb1-4f37-b003-267572525934
2019-10-20 18:18:31,679 [grpc-default-executor-3] INFO  impl.RoleInfo (RoleInfo.java:shutdownFollowerState(121)) - 7a43c46a-fc88-4b2d-b2da-ae029cfa60ff: shutdown FollowerState
2019-10-20 18:18:31,679 [grpc-default-executor-7] INFO  impl.RaftServerImpl (RaftServerImpl.java:setRole(184)) - 6c5c38af-62e6-4ea7-a24a-078dcb28fb39@group-D40A05E2FCF9: changes role from  FOLLOWER to FOLLOWER at term 39 for recognizeCandidate:399079f7-1eb1-4f37-b003-267572525934
2019-10-20 18:18:31,679 [Thread-853] INFO  impl.FollowerState (FollowerState.java:run(117)) - 7a43c46a-fc88-4b2d-b2da-ae029cfa60ff@group-D40A05E2FCF9-FollowerState was interrupted: java.lang.InterruptedException: sleep interrupted
2019-10-20 18:18:31,679 [grpc-default-executor-3] INFO  impl.RoleInfo (RoleInfo.java:updateAndGet(143)) - 7a43c46a-fc88-4b2d-b2da-ae029cfa60ff: start FollowerState
2019-10-20 18:18:31,679 [grpc-default-executor-7] INFO  impl.RoleInfo (RoleInfo.java:shutdownFollowerState(121)) - 6c5c38af-62e6-4ea7-a24a-078dcb28fb39: shutdown FollowerState
2019-10-20 18:18:31,680 [Thread-854] INFO  impl.FollowerState (FollowerState.java:run(117)) - 6c5c38af-62e6-4ea7-a24a-078dcb28fb39@group-D40A05E2FCF9-FollowerState was interrupted: java.lang.InterruptedException: sleep interrupted
2019-10-20 18:18:31,680 [grpc-default-executor-7] INFO  impl.RoleInfo (RoleInfo.java:updateAndGet(143)) - 6c5c38af-62e6-4ea7-a24a-078dcb28fb39: start FollowerState
2019-10-20 18:18:31,703 [399079f7-1eb1-4f37-b003-267572525934@group-D40A05E2FCF9-LeaderElection80] INFO  impl.LeaderElection (LeaderElection.java:logAndReturn(56)) - 399079f7-1eb1-4f37-b003-267572525934@group-D40A05E2FCF9-LeaderElection80: Election REJECTED; received 2 response(s) [399079f7-1eb1-4f37-b003-267572525934<-7a43c46a-fc88-4b2d-b2da-ae029cfa60ff#0:FAIL-t39, 399079f7-1eb1-4f37-b003-267572525934<-6c5c38af-62e6-4ea7-a24a-078dcb28fb39#0:FAIL-t39] and 0 exception(s); 399079f7-1eb1-4f37-b003-267572525934@group-D40A05E2FCF9:t39, leader=null, voted=399079f7-1eb1-4f37-b003-267572525934, raftlog=399079f7-1eb1-4f37-b003-267572525934@group-D40A05E2FCF9-SegmentedRaftLog:OPENED:c-1,f-1,i0, conf=-1: [399079f7-1eb1-4f37-b003-267572525934:192.168.164.241:37762, 7a43c46a-fc88-4b2d-b2da-ae029cfa60ff:192.168.164.241:43684, 6c5c38af-62e6-4ea7-a24a-078dcb28fb39:192.168.164.241:45428], old=null
2019-10-20 18:18:31,703 [399079f7-1eb1-4f37-b003-267572525934@group-D40A05E2FCF9-LeaderElection80] INFO  impl.RaftServerImpl (RaftServerImpl.java:setRole(184)) - 399079f7-1eb1-4f37-b003-267572525934@group-D40A05E2FCF9: changes role from CANDIDATE to FOLLOWER at term 39 for DISCOVERED_A_NEW_TERM
2019-10-20 18:18:31,703 [399079f7-1eb1-4f37-b003-267572525934@group-D40A05E2FCF9-LeaderElection80] INFO  impl.RoleInfo (RoleInfo.java:shutdownLeaderElection(134)) - 399079f7-1eb1-4f37-b003-267572525934: shutdown LeaderElection
2019-10-20 18:18:31,703 [399079f7-1eb1-4f37-b003-267572525934@group-D40A05E2FCF9-LeaderElection80] INFO  impl.RoleInfo (RoleInfo.java:updateAndGet(143)) - 399079f7-1eb1-4f37-b003-267572525934: start FollowerState
2019-10-20 18:18:31,721 [Thread-863] INFO  impl.FollowerState (FollowerState.java:run(108)) - 399079f7-1eb1-4f37-b003-267572525934@group-D40A05E2FCF9-FollowerState: change to CANDIDATE, lastRpcTime:17ms, electionTimeout:17ms
2019-10-20 18:18:31,721 [Thread-863] INFO  impl.RoleInfo (RoleInfo.java:shutdownFollowerState(121)) - 399079f7-1eb1-4f37-b003-267572525934: shutdown FollowerState
2019-10-20 18:18:31,721 [Thread-863] INFO  impl.RaftServerImpl (RaftServerImpl.java:setRole(184)) - 399079f7-1eb1-4f37-b003-267572525934@group-D40A05E2FCF9: changes role from  FOLLOWER to CANDIDATE at term 39 for changeToCandidate
2019-10-20 18:18:31,721 [Thread-863] INFO  impl.RoleInfo (RoleInfo.java:updateAndGet(143)) - 399079f7-1eb1-4f37-b003-267572525934: start LeaderElection
2019-10-20 18:18:31,735 [Thread-849] INFO  impl.FollowerState (FollowerState.java:run(108)) - b75f8b2e-6273-4c97-b7c5-042674931d23@group-F11756C8BA4A-FollowerState: change to CANDIDATE, lastRpcTime:149ms, electionTimeout:149ms
2019-10-20 18:18:31,735 [Thread-849] INFO  impl.RoleInfo (RoleInfo.java:shutdownFollowerState(121)) - b75f8b2e-6273-4c97-b7c5-042674931d23: shutdown FollowerState
2019-10-20 18:18:31,735 [Thread-849] INFO  impl.RaftServerImpl (RaftServerImpl.java:setRole(184)) - b75f8b2e-6273-4c97-b7c5-042674931d23@group-F11756C8BA4A: changes role from  FOLLOWER to CANDIDATE at term 35 for changeToCandidate
2019-10-20 18:18:31,735 [Thread-849] INFO  impl.RoleInfo (RoleInfo.java:updateAndGet(143)) - b75f8b2e-6273-4c97-b7c5-042674931d23: start LeaderElection
2019-10-20 18:18:31,752 [399079f7-1eb1-4f37-b003-267572525934@group-D40A05E2FCF9-LeaderElection81] INFO  impl.LeaderElection (LeaderElection.java:askForVotes(178)) - 399079f7-1eb1-4f37-b003-267572525934@group-D40A05E2FCF9-LeaderElection81: begin an election at term 40 for -1: [399079f7-1eb1-4f37-b003-267572525934:192.168.164.241:37762, 7a43c46a-fc88-4b2d-b2da-ae029cfa60ff:192.168.164.241:43684, 6c5c38af-62e6-4ea7-a24a-078dcb28fb39:192.168.164.241:45428], old=null
2019-10-20 18:18:31,754 [grpc-default-executor-1] INFO  impl.RaftServerImpl (RaftServerImpl.java:setRole(184)) - 7a43c46a-fc88-4b2d-b2da-ae029cfa60ff@group-D40A05E2FCF9: changes role from  FOLLOWER to FOLLOWER at term 40 for recognizeCandidate:399079f7-1eb1-4f37-b003-267572525934
2019-10-20 18:18:31,754 [grpc-default-executor-10] INFO  impl.RaftServerImpl (RaftServerImpl.java:setRole(184)) - 6c5c38af-62e6-4ea7-a24a-078dcb28fb39@group-D40A05E2FCF9: changes role from  FOLLOWER to FOLLOWER at term 40 for recognizeCandidate:399079f7-1eb1-4f37-b003-267572525934
2019-10-20 18:18:31,755 [grpc-default-executor-1] INFO  impl.RoleInfo (RoleInfo.java:shutdownFollowerState(121)) - 7a43c46a-fc88-4b2d-b2da-ae029cfa60ff: shutdown FollowerState
2019-10-20 18:18:31,755 [grpc-default-executor-10] INFO  impl.RoleInfo (RoleInfo.java:shutdownFollowerState(121)) - 6c5c38af-62e6-4ea7-a24a-078dcb28fb39: shutdown FollowerState
2019-10-20 18:18:31,755 [Thread-859] INFO  impl.FollowerState (FollowerState.java:run(117)) - 7a43c46a-fc88-4b2d-b2da-ae029cfa60ff@group-D40A05E2FCF9-FollowerState was interrupted: java.lang.InterruptedException: sleep interrupted
2019-10-20 18:18:31,755 [Thread-860] INFO  impl.FollowerState (FollowerState.java:run(117)) - 6c5c38af-62e6-4ea7-a24a-078dcb28fb39@group-D40A05E2FCF9-FollowerState was interrupted: java.lang.InterruptedException: sleep interrupted
2019-10-20 18:18:31,755 [grpc-default-executor-1] INFO  impl.RoleInfo (RoleInfo.java:updateAndGet(143)) - 7a43c46a-fc88-4b2d-b2da-ae029cfa60ff: start FollowerState
2019-10-20 18:18:31,755 [grpc-default-executor-10] INFO  impl.RoleInfo (RoleInfo.java:updateAndGet(143)) - 6c5c38af-62e6-4ea7-a24a-078dcb28fb39: start FollowerState
2019-10-20 18:18:31,769 [b75f8b2e-6273-4c97-b7c5-042674931d23@group-F11756C8BA4A-LeaderElection82] INFO  impl.LeaderElection (LeaderElection.java:askForVotes(178)) - b75f8b2e-6273-4c97-b7c5-042674931d23@group-F11756C8BA4A-LeaderElection82: begin an election at term 36 for -1: [6ef27e9c-8ddb-4fa1-8c14-ab102acfb1b8:192.168.164.241:38092, b75f8b2e-6273-4c97-b7c5-042674931d23:192.168.164.241:41857, 3750b3a2-715b-46b3-9d0c-9e38136244b9:192.168.164.241:46227], old=null
2019-10-20 18:18:31,771 [grpc-default-executor-7] INFO  impl.RaftServerImpl (RaftServerImpl.java:setRole(184)) - 6ef27e9c-8ddb-4fa1-8c14-ab102acfb1b8@group-F11756C8BA4A: changes role from  FOLLOWER to FOLLOWER at term 36 for recognizeCandidate:b75f8b2e-6273-4c97-b7c5-042674931d23
2019-10-20 18:18:31,771 [grpc-default-executor-7] INFO  impl.RoleInfo (RoleInfo.java:shutdownFollowerState(121)) - 6ef27e9c-8ddb-4fa1-8c14-ab102acfb1b8: shutdown FollowerState
2019-10-20 18:18:31,771 [grpc-default-executor-3] INFO  impl.RaftServerImpl (RaftServerImpl.java:setRole(184)) - 3750b3a2-715b-46b3-9d0c-9e38136244b9@group-F11756C8BA4A: changes role from  FOLLOWER to FOLLOWER at term 36 for recognizeCandidate:b75f8b2e-6273-4c97-b7c5-042674931d23
2019-10-20 18:18:31,771 [Thread-847] INFO  impl.FollowerState (FollowerState.java:run(117)) - 6ef27e9c-8ddb-4fa1-8c14-ab102acfb1b8@group-F11756C8BA4A-FollowerState was interrupted: java.lang.InterruptedException: sleep interrupted
2019-10-20 18:18:31,771 [grpc-default-executor-7] INFO  impl.RoleInfo (RoleInfo.java:updateAndGet(143)) - 6ef27e9c-8ddb-4fa1-8c14-ab102acfb1b8: start FollowerState
2019-10-20 18:18:31,771 [grpc-default-executor-3] INFO  impl.RoleInfo (RoleInfo.java:shutdownFollowerState(121)) - 3750b3a2-715b-46b3-9d0c-9e38136244b9: shutdown FollowerState
2019-10-20 18:18:31,772 [grpc-default-executor-3] INFO  impl.RoleInfo (RoleInfo.java:updateAndGet(143)) - 3750b3a2-715b-46b3-9d0c-9e38136244b9: start FollowerState
2019-10-20 18:18:31,772 [Thread-848] INFO  impl.FollowerState (FollowerState.java:run(117)) - 3750b3a2-715b-46b3-9d0c-9e38136244b9@group-F11756C8BA4A-FollowerState was interrupted: java.lang.InterruptedException: sleep interrupted
2019-10-20 18:18:31,787 [399079f7-1eb1-4f37-b003-267572525934@group-D40A05E2FCF9-LeaderElection81] INFO  impl.LeaderElection (LeaderElection.java:logAndReturn(56)) - 399079f7-1eb1-4f37-b003-267572525934@group-D40A05E2FCF9-LeaderElection81: Election REJECTED; received 2 response(s) [399079f7-1eb1-4f37-b003-267572525934<-7a43c46a-fc88-4b2d-b2da-ae029cfa60ff#0:FAIL-t40, 399079f7-1eb1-4f37-b003-267572525934<-6c5c38af-62e6-4ea7-a24a-078dcb28fb39#0:FAIL-t40] and 0 exception(s); 399079f7-1eb1-4f37-b003-267572525934@group-D40A05E2FCF9:t40, leader=null, voted=399079f7-1eb1-4f37-b003-267572525934, raftlog=399079f7-1eb1-4f37-b003-267572525934@group-D40A05E2FCF9-SegmentedRaftLog:OPENED:c-1,f-1,i0, conf=-1: [399079f7-1eb1-4f37-b003-267572525934:192.168.164.241:37762, 7a43c46a-fc88-4b2d-b2da-ae029cfa60ff:192.168.164.241:43684, 6c5c38af-62e6-4ea7-a24a-078dcb28fb39:192.168.164.241:45428], old=null
2019-10-20 18:18:31,788 [399079f7-1eb1-4f37-b003-267572525934@group-D40A05E2FCF9-LeaderElection81] INFO  impl.RaftServerImpl (RaftServerImpl.java:setRole(184)) - 399079f7-1eb1-4f37-b003-267572525934@group-D40A05E2FCF9: changes role from CANDIDATE to FOLLOWER at term 40 for DISCOVERED_A_NEW_TERM
2019-10-20 18:18:31,788 [399079f7-1eb1-4f37-b003-267572525934@group-D40A05E2FCF9-LeaderElection81] INFO  impl.RoleInfo (RoleInfo.java:shutdownLeaderElection(134)) - 399079f7-1eb1-4f37-b003-267572525934: shutdown LeaderElection
2019-10-20 18:18:31,788 [399079f7-1eb1-4f37-b003-267572525934@group-D40A05E2FCF9-LeaderElection81] INFO  impl.RoleInfo (RoleInfo.java:updateAndGet(143)) - 399079f7-1eb1-4f37-b003-267572525934: start FollowerState
2019-10-20 18:18:31,789 [Thread-874] INFO  impl.FollowerState (FollowerState.java:run(108)) - 399079f7-1eb1-4f37-b003-267572525934@group-D40A05E2FCF9-FollowerState: change to CANDIDATE, lastRpcTime:1ms, electionTimeout:1ms
2019-10-20 18:18:31,789 [Thread-874] INFO  impl.RoleInfo (RoleInfo.java:shutdownFollowerState(121)) - 399079f7-1eb1-4f37-b003-267572525934: shutdown FollowerState
2019-10-20 18:18:31,789 [Thread-874] INFO  impl.RaftServerImpl (RaftServerImpl.java:setRole(184)) - 399079f7-1eb1-4f37-b003-267572525934@group-D40A05E2FCF9: changes role from  FOLLOWER to CANDIDATE at term 40 for changeToCandidate
2019-10-20 18:18:31,789 [Thread-874] INFO  impl.RoleInfo (RoleInfo.java:updateAndGet(143)) - 399079f7-1eb1-4f37-b003-267572525934: start LeaderElection
2019-10-20 18:18:31,804 [b75f8b2e-6273-4c97-b7c5-042674931d23@group-F11756C8BA4A-LeaderElection82] INFO  impl.LeaderElection (LeaderElection.java:logAndReturn(56)) - b75f8b2e-6273-4c97-b7c5-042674931d23@group-F11756C8BA4A-LeaderElection82: Election REJECTED; received 2 response(s) [b75f8b2e-6273-4c97-b7c5-042674931d23<-6ef27e9c-8ddb-4fa1-8c14-ab102acfb1b8#0:FAIL-t36, b75f8b2e-6273-4c97-b7c5-042674931d23<-3750b3a2-715b-46b3-9d0c-9e38136244b9#0:FAIL-t36] and 0 exception(s); b75f8b2e-6273-4c97-b7c5-042674931d23@group-F11756C8BA4A:t36, leader=null, voted=b75f8b2e-6273-4c97-b7c5-042674931d23, raftlog=b75f8b2e-6273-4c97-b7c5-042674931d23@group-F11756C8BA4A-SegmentedRaftLog:OPENED:c-1,f-1,i0, conf=-1: [6ef27e9c-8ddb-4fa1-8c14-ab102acfb1b8:192.168.164.241:38092, b75f8b2e-6273-4c97-b7c5-042674931d23:192.168.164.241:41857, 3750b3a2-715b-46b3-9d0c-9e38136244b9:192.168.164.241:46227], old=null
2019-10-20 18:18:31,804 [b75f8b2e-6273-4c97-b7c5-042674931d23@group-F11756C8BA4A-LeaderElection82] INFO  impl.RaftServerImpl (RaftServerImpl.java:setRole(184)) - b75f8b2e-6273-4c97-b7c5-042674931d23@group-F11756C8BA4A: changes role from CANDIDATE to FOLLOWER at term 36 for DISCOVERED_A_NEW_TERM
2019-10-20 18:18:31,805 [b75f8b2e-6273-4c97-b7c5-042674931d23@group-F11756C8BA4A-LeaderElection82] INFO  impl.RoleInfo (RoleInfo.java:shutdownLeaderElection(134)) - b75f8b2e-6273-4c97-b7c5-042674931d23: shutdown LeaderElection
2019-10-20 18:18:31,805 [b75f8b2e-6273-4c97-b7c5-042674931d23@group-F11756C8BA4A-LeaderElection82] INFO  impl.RoleInfo (RoleInfo.java:updateAndGet(143)) - b75f8b2e-6273-4c97-b7c5-042674931d23: start FollowerState
2019-10-20 18:18:31,820 [Thread-876] INFO  impl.FollowerState (FollowerState.java:run(108)) - b75f8b2e-6273-4c97-b7c5-042674931d23@group-F11756C8BA4A-FollowerState: change to CANDIDATE, lastRpcTime:15ms, electionTimeout:15ms
2019-10-20 18:18:31,820 [Thread-876] INFO  impl.RoleInfo (RoleInfo.java:shutdownFollowerState(121)) - b75f8b2e-6273-4c97-b7c5-042674931d23: shutdown FollowerState
2019-10-20 18:18:31,820 [Thread-876] INFO  impl.RaftServerImpl (RaftServerImpl.java:setRole(184)) - b75f8b2e-6273-4c97-b7c5-042674931d23@group-F11756C8BA4A: changes role from  FOLLOWER to CANDIDATE at term 36 for changeToCandidate
2019-10-20 18:18:31,820 [Thread-876] INFO  impl.RoleInfo (RoleInfo.java:updateAndGet(143)) - b75f8b2e-6273-4c97-b7c5-042674931d23: start LeaderElection
2019-10-20 18:18:31,820 [399079f7-1eb1-4f37-b003-267572525934@group-D40A05E2FCF9-LeaderElection83] INFO  impl.LeaderElection (LeaderElection.java:askForVotes(178)) - 399079f7-1eb1-4f37-b003-267572525934@group-D40A05E2FCF9-LeaderElection83: begin an election at term 41 for -1: [399079f7-1eb1-4f37-b003-267572525934:192.168.164.241:37762, 7a43c46a-fc88-4b2d-b2da-ae029cfa60ff:192.168.164.241:43684, 6c5c38af-62e6-4ea7-a24a-078dcb28fb39:192.168.164.241:45428], old=null
2019-10-20 18:18:31,823 [grpc-default-executor-3] INFO  impl.RaftServerImpl (RaftServerImpl.java:setRole(184)) - 6c5c38af-62e6-4ea7-a24a-078dcb28fb39@group-D40A05E2FCF9: changes role from  FOLLOWER to FOLLOWER at term 41 for recognizeCandidate:399079f7-1eb1-4f37-b003-267572525934
2019-10-20 18:18:31,823 [grpc-default-executor-7] INFO  impl.RaftServerImpl (RaftServerImpl.java:setRole(184)) - 7a43c46a-fc88-4b2d-b2da-ae029cfa60ff@group-D40A05E2FCF9: changes role from  FOLLOWER to FOLLOWER at term 41 for recognizeCandidate:399079f7-1eb1-4f37-b003-267572525934
2019-10-20 18:18:31,824 [grpc-default-executor-7] INFO  impl.RoleInfo (RoleInfo.java:shutdownFollowerState(121)) - 7a43c46a-fc88-4b2d-b2da-ae029cfa60ff: shutdown FollowerState
2019-10-20 18:18:31,823 [grpc-default-executor-3] INFO  impl.RoleInfo (RoleInfo.java:shutdownFollowerState(121)) - 6c5c38af-62e6-4ea7-a24a-078dcb28fb39: shutdown FollowerState
2019-10-20 18:18:31,824 [Thread-868] INFO  impl.FollowerState (FollowerState.java:run(117)) - 7a43c46a-fc88-4b2d-b2da-ae029cfa60ff@group-D40A05E2FCF9-FollowerState was interrupted: java.lang.InterruptedException: sleep interrupted
2019-10-20 18:18:31,824 [grpc-default-executor-7] INFO  impl.RoleInfo (RoleInfo.java:updateAndGet(143)) - 7a43c46a-fc88-4b2d-b2da-ae029cfa60ff: start FollowerState
2019-10-20 18:18:31,824 [Thread-869] INFO  impl.FollowerState (FollowerState.java:run(117)) - 6c5c38af-62e6-4ea7-a24a-078dcb28fb39@group-D40A05E2FCF9-FollowerState was interrupted: java.lang.InterruptedException: sleep interrupted
2019-10-20 18:18:31,824 [grpc-default-executor-3] INFO  impl.RoleInfo (RoleInfo.java:updateAndGet(143)) - 6c5c38af-62e6-4ea7-a24a-078dcb28fb39: start FollowerState
2019-10-20 18:18:31,846 [b75f8b2e-6273-4c97-b7c5-042674931d23@group-F11756C8BA4A-LeaderElection84] INFO  impl.LeaderElection (LeaderElection.java:askForVotes(178)) - b75f8b2e-6273-4c97-b7c5-042674931d23@group-F11756C8BA4A-LeaderElection84: begin an election at term 37 for -1: [6ef27e9c-8ddb-4fa1-8c14-ab102acfb1b8:192.168.164.241:38092, b75f8b2e-6273-4c97-b7c5-042674931d23:192.168.164.241:41857, 3750b3a2-715b-46b3-9d0c-9e38136244b9:192.168.164.241:46227], old=null
2019-10-20 18:18:31,848 [399079f7-1eb1-4f37-b003-267572525934@group-D40A05E2FCF9-LeaderElection83] INFO  impl.LeaderElection (LeaderElection.java:logAndReturn(56)) - 399079f7-1eb1-4f37-b003-267572525934@group-D40A05E2FCF9-LeaderElection83: Election REJECTED; received 2 response(s) [399079f7-1eb1-4f37-b003-267572525934<-7a43c46a-fc88-4b2d-b2da-ae029cfa60ff#0:FAIL-t41, 399079f7-1eb1-4f37-b003-267572525934<-6c5c38af-62e6-4ea7-a24a-078dcb28fb39#0:FAIL-t41] and 0 exception(s); 399079f7-1eb1-4f37-b003-267572525934@group-D40A05E2FCF9:t41, leader=null, voted=399079f7-1eb1-4f37-b003-267572525934, raftlog=399079f7-1eb1-4f37-b003-267572525934@group-D40A05E2FCF9-SegmentedRaftLog:OPENED:c-1,f-1,i0, conf=-1: [399079f7-1eb1-4f37-b003-267572525934:192.168.164.241:37762, 7a43c46a-fc88-4b2d-b2da-ae029cfa60ff:192.168.164.241:43684, 6c5c38af-62e6-4ea7-a24a-078dcb28fb39:192.168.164.241:45428], old=null
2019-10-20 18:18:31,848 [399079f7-1eb1-4f37-b003-267572525934@group-D40A05E2FCF9-LeaderElection83] INFO  impl.RaftServerImpl (RaftServerImpl.java:setRole(184)) - 399079f7-1eb1-4f37-b003-267572525934@group-D40A05E2FCF9: changes role from CANDIDATE to FOLLOWER at term 41 for DISCOVERED_A_NEW_TERM
2019-10-20 18:18:31,848 [399079f7-1eb1-4f37-b003-267572525934@group-D40A05E2FCF9-LeaderElection83] INFO  impl.RoleInfo (RoleInfo.java:shutdownLeaderElection(134)) - 399079f7-1eb1-4f37-b003-267572525934: shutdown LeaderElection
2019-10-20 18:18:31,849 [399079f7-1eb1-4f37-b003-267572525934@group-D40A05E2FCF9-LeaderElection83] INFO  impl.RoleInfo (RoleInfo.java:updateAndGet(143)) - 399079f7-1eb1-4f37-b003-267572525934: start FollowerState
2019-10-20 18:18:31,849 [grpc-default-executor-3] INFO  impl.RaftServerImpl (RaftServerImpl.java:setRole(184)) - 3750b3a2-715b-46b3-9d0c-9e38136244b9@group-F11756C8BA4A: changes role from  FOLLOWER to FOLLOWER at term 37 for recognizeCandidate:b75f8b2e-6273-4c97-b7c5-042674931d23
2019-10-20 18:18:31,850 [grpc-default-executor-3] INFO  impl.RoleInfo (RoleInfo.java:shutdownFollowerState(121)) - 3750b3a2-715b-46b3-9d0c-9e38136244b9: shutdown FollowerState
2019-10-20 18:18:31,850 [grpc-default-executor-3] INFO  impl.RoleInfo (RoleInfo.java:updateAndGet(143)) - 3750b3a2-715b-46b3-9d0c-9e38136244b9: start FollowerState
2019-10-20 18:18:31,850 [Thread-873] INFO  impl.FollowerState (FollowerState.java:run(117)) - 3750b3a2-715b-46b3-9d0c-9e38136244b9@group-F11756C8BA4A-FollowerState was interrupted: java.lang.InterruptedException: sleep interrupted
2019-10-20 18:18:31,850 [grpc-default-executor-7] INFO  impl.RaftServerImpl (RaftServerImpl.java:setRole(184)) - 6ef27e9c-8ddb-4fa1-8c14-ab102acfb1b8@group-F11756C8BA4A: changes role from  FOLLOWER to FOLLOWER at term 37 for recognizeCandidate:b75f8b2e-6273-4c97-b7c5-042674931d23
2019-10-20 18:18:31,850 [grpc-default-executor-7] INFO  impl.RoleInfo (RoleInfo.java:shutdownFollowerState(121)) - 6ef27e9c-8ddb-4fa1-8c14-ab102acfb1b8: shutdown FollowerState
2019-10-20 18:18:31,851 [grpc-default-executor-7] INFO  impl.RoleInfo (RoleInfo.java:updateAndGet(143)) - 6ef27e9c-8ddb-4fa1-8c14-ab102acfb1b8: start FollowerState
2019-10-20 18:18:31,851 [Thread-872] INFO  impl.FollowerState (FollowerState.java:run(117)) - 6ef27e9c-8ddb-4fa1-8c14-ab102acfb1b8@group-F11756C8BA4A-FollowerState was interrupted: java.lang.InterruptedException: sleep interrupted
2019-10-20 18:18:31,873 [b75f8b2e-6273-4c97-b7c5-042674931d23@group-F11756C8BA4A-LeaderElection84] INFO  impl.LeaderElection (LeaderElection.java:logAndReturn(56)) - b75f8b2e-6273-4c97-b7c5-042674931d23@group-F11756C8BA4A-LeaderElection84: Election REJECTED; received 2 response(s) [b75f8b2e-6273-4c97-b7c5-042674931d23<-6ef27e9c-8ddb-4fa1-8c14-ab102acfb1b8#0:FAIL-t37, b75f8b2e-6273-4c97-b7c5-042674931d23<-3750b3a2-715b-46b3-9d0c-9e38136244b9#0:FAIL-t37] and 0 exception(s); b75f8b2e-6273-4c97-b7c5-042674931d23@group-F11756C8BA4A:t37, leader=null, voted=b75f8b2e-6273-4c97-b7c5-042674931d23, raftlog=b75f8b2e-6273-4c97-b7c5-042674931d23@group-F11756C8BA4A-SegmentedRaftLog:OPENED:c-1,f-1,i0, conf=-1: [6ef27e9c-8ddb-4fa1-8c14-ab102acfb1b8:192.168.164.241:38092, b75f8b2e-6273-4c97-b7c5-042674931d23:192.168.164.241:41857, 3750b3a2-715b-46b3-9d0c-9e38136244b9:192.168.164.241:46227], old=null
2019-10-20 18:18:31,873 [b75f8b2e-6273-4c97-b7c5-042674931d23@group-F11756C8BA4A-LeaderElection84] INFO  impl.RaftServerImpl (RaftServerImpl.java:setRole(184)) - b75f8b2e-6273-4c97-b7c5-042674931d23@group-F11756C8BA4A: changes role from CANDIDATE to FOLLOWER at term 37 for DISCOVERED_A_NEW_TERM
2019-10-20 18:18:31,873 [b75f8b2e-6273-4c97-b7c5-042674931d23@group-F11756C8BA4A-LeaderElection84] INFO  impl.RoleInfo (RoleInfo.java:shutdownLeaderElection(134)) - b75f8b2e-6273-4c97-b7c5-042674931d23: shutdown LeaderElection
2019-10-20 18:18:31,873 [b75f8b2e-6273-4c97-b7c5-042674931d23@group-F11756C8BA4A-LeaderElection84] INFO  impl.RoleInfo (RoleInfo.java:updateAndGet(143)) - b75f8b2e-6273-4c97-b7c5-042674931d23: start FollowerState
2019-10-20 18:18:31,954 [Thread-884] INFO  impl.FollowerState (FollowerState.java:run(108)) - 399079f7-1eb1-4f37-b003-267572525934@group-D40A05E2FCF9-FollowerState: change to CANDIDATE, lastRpcTime:105ms, electionTimeout:105ms
2019-10-20 18:18:31,954 [Thread-884] INFO  impl.RoleInfo (RoleInfo.java:shutdownFollowerState(121)) - 399079f7-1eb1-4f37-b003-267572525934: shutdown FollowerState
2019-10-20 18:18:31,955 [Thread-884] INFO  impl.RaftServerImpl (RaftServerImpl.java:setRole(184)) - 399079f7-1eb1-4f37-b003-267572525934@group-D40A05E2FCF9: changes role from  FOLLOWER to CANDIDATE at term 41 for changeToCandidate
2019-10-20 18:18:31,955 [Thread-884] INFO  impl.RoleInfo (RoleInfo.java:updateAndGet(143)) - 399079f7-1eb1-4f37-b003-267572525934: start LeaderElection
2019-10-20 18:18:31,980 [399079f7-1eb1-4f37-b003-267572525934@group-D40A05E2FCF9-LeaderElection85] INFO  impl.LeaderElection (LeaderElection.java:askForVotes(178)) - 399079f7-1eb1-4f37-b003-267572525934@group-D40A05E2FCF9-LeaderElection85: begin an election at term 42 for -1: [399079f7-1eb1-4f37-b003-267572525934:192.168.164.241:37762, 7a43c46a-fc88-4b2d-b2da-ae029cfa60ff:192.168.164.241:43684, 6c5c38af-62e6-4ea7-a24a-078dcb28fb39:192.168.164.241:45428], old=null
2019-10-20 18:18:31,984 [grpc-default-executor-3] INFO  impl.RaftServerImpl (RaftServerImpl.java:setRole(184)) - 7a43c46a-fc88-4b2d-b2da-ae029cfa60ff@group-D40A05E2FCF9: changes role from  FOLLOWER to FOLLOWER at term 42 for recognizeCandidate:399079f7-1eb1-4f37-b003-267572525934
2019-10-20 18:18:31,984 [grpc-default-executor-7] INFO  impl.RaftServerImpl (RaftServerImpl.java:setRole(184)) - 6c5c38af-62e6-4ea7-a24a-078dcb28fb39@group-D40A05E2FCF9: changes role from  FOLLOWER to FOLLOWER at term 42 for recognizeCandidate:399079f7-1eb1-4f37-b003-267572525934
2019-10-20 18:18:31,984 [grpc-default-executor-3] INFO  impl.RoleInfo (RoleInfo.java:shutdownFollowerState(121)) - 7a43c46a-fc88-4b2d-b2da-ae029cfa60ff: shutdown FollowerState
2019-10-20 18:18:31,984 [grpc-default-executor-7] INFO  impl.RoleInfo (RoleInfo.java:shutdownFollowerState(121)) - 6c5c38af-62e6-4ea7-a24a-078dcb28fb39: shutdown FollowerState
2019-10-20 18:18:31,984 [Thread-880] INFO  impl.FollowerState (FollowerState.java:run(117)) - 7a43c46a-fc88-4b2d-b2da-ae029cfa60ff@group-D40A05E2FCF9-FollowerState was interrupted: java.lang.InterruptedException: sleep interrupted
2019-10-20 18:18:31,984 [grpc-default-executor-3] INFO  impl.RoleInfo (RoleInfo.java:updateAndGet(143)) - 7a43c46a-fc88-4b2d-b2da-ae029cfa60ff: start FollowerState
2019-10-20 18:18:31,984 [Thread-881] INFO  impl.FollowerState (FollowerState.java:run(117)) - 6c5c38af-62e6-4ea7-a24a-078dcb28fb39@group-D40A05E2FCF9-FollowerState was interrupted: java.lang.InterruptedException: sleep interrupted
2019-10-20 18:18:31,984 [grpc-default-executor-7] INFO  impl.RoleInfo (RoleInfo.java:updateAndGet(143)) - 6c5c38af-62e6-4ea7-a24a-078dcb28fb39: start FollowerState
2019-10-20 18:18:32,003 [399079f7-1eb1-4f37-b003-267572525934@group-D40A05E2FCF9-LeaderElection85] INFO  impl.LeaderElection (LeaderElection.java:logAndReturn(56)) - 399079f7-1eb1-4f37-b003-267572525934@group-D40A05E2FCF9-LeaderElection85: Election TIMEOUT; received 0 response(s) [] and 0 exception(s); 399079f7-1eb1-4f37-b003-267572525934@group-D40A05E2FCF9:t42, leader=null, voted=399079f7-1eb1-4f37-b003-267572525934, raftlog=399079f7-1eb1-4f37-b003-267572525934@group-D40A05E2FCF9-SegmentedRaftLog:OPENED:c-1,f-1,i0, conf=-1: [399079f7-1eb1-4f37-b003-267572525934:192.168.164.241:37762, 7a43c46a-fc88-4b2d-b2da-ae029cfa60ff:192.168.164.241:43684, 6c5c38af-62e6-4ea7-a24a-078dcb28fb39:192.168.164.241:45428], old=null
2019-10-20 18:18:32,010 [Thread-887] INFO  impl.FollowerState (FollowerState.java:run(108)) - b75f8b2e-6273-4c97-b7c5-042674931d23@group-F11756C8BA4A-FollowerState: change to CANDIDATE, lastRpcTime:136ms, electionTimeout:136ms
2019-10-20 18:18:32,010 [Thread-887] INFO  impl.RoleInfo (RoleInfo.java:shutdownFollowerState(121)) - b75f8b2e-6273-4c97-b7c5-042674931d23: shutdown FollowerState
2019-10-20 18:18:32,010 [Thread-887] INFO  impl.RaftServerImpl (RaftServerImpl.java:setRole(184)) - b75f8b2e-6273-4c97-b7c5-042674931d23@group-F11756C8BA4A: changes role from  FOLLOWER to CANDIDATE at term 37 for changeToCandidate
2019-10-20 18:18:32,010 [Thread-887] INFO  impl.RoleInfo (RoleInfo.java:updateAndGet(143)) - b75f8b2e-6273-4c97-b7c5-042674931d23: start LeaderElection
2019-10-20 18:18:32,032 [399079f7-1eb1-4f37-b003-267572525934@group-D40A05E2FCF9-LeaderElection85] INFO  impl.LeaderElection (LeaderElection.java:askForVotes(178)) - 399079f7-1eb1-4f37-b003-267572525934@group-D40A05E2FCF9-LeaderElection85: begin an election at term 43 for -1: [399079f7-1eb1-4f37-b003-267572525934:192.168.164.241:37762, 7a43c46a-fc88-4b2d-b2da-ae029cfa60ff:192.168.164.241:43684, 6c5c38af-62e6-4ea7-a24a-078dcb28fb39:192.168.164.241:45428], old=null
2019-10-20 18:18:32,032 [b75f8b2e-6273-4c97-b7c5-042674931d23@group-F11756C8BA4A-LeaderElection86] INFO  impl.LeaderElection (LeaderElection.java:askForVotes(178)) - b75f8b2e-6273-4c97-b7c5-042674931d23@group-F11756C8BA4A-LeaderElection86: begin an election at term 38 for -1: [6ef27e9c-8ddb-4fa1-8c14-ab102acfb1b8:192.168.164.241:38092, b75f8b2e-6273-4c97-b7c5-042674931d23:192.168.164.241:41857, 3750b3a2-715b-46b3-9d0c-9e38136244b9:192.168.164.241:46227], old=null
2019-10-20 18:18:32,034 [399079f7-1eb1-4f37-b003-267572525934@group-D40A05E2FCF9-LeaderElection85] INFO  impl.LeaderElection (LeaderElection.java:logAndReturn(56)) - 399079f7-1eb1-4f37-b003-267572525934@group-D40A05E2FCF9-LeaderElection85: Election TIMEOUT; received 0 response(s) [] and 0 exception(s); 399079f7-1eb1-4f37-b003-267572525934@group-D40A05E2FCF9:t43, leader=null, voted=399079f7-1eb1-4f37-b003-267572525934, raftlog=399079f7-1eb1-4f37-b003-267572525934@group-D40A05E2FCF9-SegmentedRaftLog:OPENED:c-1,f-1,i0, conf=-1: [399079f7-1eb1-4f37-b003-267572525934:192.168.164.241:37762, 7a43c46a-fc88-4b2d-b2da-ae029cfa60ff:192.168.164.241:43684, 6c5c38af-62e6-4ea7-a24a-078dcb28fb39:192.168.164.241:45428], old=null
2019-10-20 18:18:32,035 [grpc-default-executor-3] INFO  impl.RaftServerImpl (RaftServerImpl.java:setRole(184)) - 3750b3a2-715b-46b3-9d0c-9e38136244b9@group-F11756C8BA4A: changes role from  FOLLOWER to FOLLOWER at term 38 for recognizeCandidate:b75f8b2e-6273-4c97-b7c5-042674931d23
2019-10-20 18:18:32,035 [grpc-default-executor-3] INFO  impl.RoleInfo (RoleInfo.java:shutdownFollowerState(121)) - 3750b3a2-715b-46b3-9d0c-9e38136244b9: shutdown FollowerState
2019-10-20 18:18:32,035 [grpc-default-executor-3] INFO  impl.RoleInfo (RoleInfo.java:updateAndGet(143)) - 3750b3a2-715b-46b3-9d0c-9e38136244b9: start FollowerState
2019-10-20 18:18:32,035 [Thread-885] INFO  impl.FollowerState (FollowerState.java:run(117)) - 3750b3a2-715b-46b3-9d0c-9e38136244b9@group-F11756C8BA4A-FollowerState was interrupted: java.lang.InterruptedException: sleep interrupted
2019-10-20 18:18:32,035 [grpc-default-executor-1] INFO  impl.RaftServerImpl (RaftServerImpl.java:setRole(184)) - 7a43c46a-fc88-4b2d-b2da-ae029cfa60ff@group-D40A05E2FCF9: changes role from  FOLLOWER to FOLLOWER at term 43 for recognizeCandidate:399079f7-1eb1-4f37-b003-267572525934
2019-10-20 18:18:32,035 [grpc-default-executor-10] INFO  impl.RaftServerImpl (RaftServerImpl.java:setRole(184)) - 6c5c38af-62e6-4ea7-a24a-078dcb28fb39@group-D40A05E2FCF9: changes role from  FOLLOWER to FOLLOWER at term 43 for recognizeCandidate:399079f7-1eb1-4f37-b003-267572525934
2019-10-20 18:18:32,035 [grpc-default-executor-1] INFO  impl.RoleInfo (RoleInfo.java:shutdownFollowerState(121)) - 7a43c46a-fc88-4b2d-b2da-ae029cfa60ff: shutdown FollowerState
2019-10-20 18:18:32,035 [grpc-default-executor-7] INFO  impl.RaftServerImpl (RaftServerImpl.java:setRole(184)) - 6ef27e9c-8ddb-4fa1-8c14-ab102acfb1b8@group-F11756C8BA4A: changes role from  FOLLOWER to FOLLOWER at term 38 for recognizeCandidate:b75f8b2e-6273-4c97-b7c5-042674931d23
2019-10-20 18:18:32,036 [Thread-891] INFO  impl.FollowerState (FollowerState.java:run(117)) - 7a43c46a-fc88-4b2d-b2da-ae029cfa60ff@group-D40A05E2FCF9-FollowerState was interrupted: java.lang.InterruptedException: sleep interrupted
2019-10-20 18:18:32,036 [grpc-default-executor-1] INFO  impl.RoleInfo (RoleInfo.java:updateAndGet(143)) - 7a43c46a-fc88-4b2d-b2da-ae029cfa60ff: start FollowerState
2019-10-20 18:18:32,036 [grpc-default-executor-10] INFO  impl.RoleInfo (RoleInfo.java:shutdownFollowerState(121)) - 6c5c38af-62e6-4ea7-a24a-078dcb28fb39: shutdown FollowerState
2019-10-20 18:18:32,036 [grpc-default-executor-7] INFO  impl.RoleInfo (RoleInfo.java:shutdownFollowerState(121)) - 6ef27e9c-8ddb-4fa1-8c14-ab102acfb1b8: shutdown FollowerState
2019-10-20 18:18:32,036 [Thread-892] INFO  impl.FollowerState (FollowerState.java:run(117)) - 6c5c38af-62e6-4ea7-a24a-078dcb28fb39@group-D40A05E2FCF9-FollowerState was interrupted: java.lang.InterruptedException: sleep interrupted
2019-10-20 18:18:32,036 [grpc-default-executor-10] INFO  impl.RoleInfo (RoleInfo.java:updateAndGet(143)) - 6c5c38af-62e6-4ea7-a24a-078dcb28fb39: start FollowerState
2019-10-20 18:18:32,037 [Thread-886] INFO  impl.FollowerState (FollowerState.java:run(117)) - 6ef27e9c-8ddb-4fa1-8c14-ab102acfb1b8@group-F11756C8BA4A-FollowerState was interrupted: java.lang.InterruptedException: sleep interrupted
2019-10-20 18:18:32,037 [grpc-default-executor-7] INFO  impl.RoleInfo (RoleInfo.java:updateAndGet(143)) - 6ef27e9c-8ddb-4fa1-8c14-ab102acfb1b8: start FollowerState
2019-10-20 18:18:32,058 [399079f7-1eb1-4f37-b003-267572525934@group-D40A05E2FCF9-LeaderElection85] INFO  impl.LeaderElection (LeaderElection.java:askForVotes(178)) - 399079f7-1eb1-4f37-b003-267572525934@group-D40A05E2FCF9-LeaderElection85: begin an election at term 44 for -1: [399079f7-1eb1-4f37-b003-267572525934:192.168.164.241:37762, 7a43c46a-fc88-4b2d-b2da-ae029cfa60ff:192.168.164.241:43684, 6c5c38af-62e6-4ea7-a24a-078dcb28fb39:192.168.164.241:45428], old=null
2019-10-20 18:18:32,061 [b75f8b2e-6273-4c97-b7c5-042674931d23@group-F11756C8BA4A-LeaderElection86] INFO  impl.LeaderElection (LeaderElection.java:logAndReturn(56)) - b75f8b2e-6273-4c97-b7c5-042674931d23@group-F11756C8BA4A-LeaderElection86: Election REJECTED; received 2 response(s) [b75f8b2e-6273-4c97-b7c5-042674931d23<-6ef27e9c-8ddb-4fa1-8c14-ab102acfb1b8#0:FAIL-t38, b75f8b2e-6273-4c97-b7c5-042674931d23<-3750b3a2-715b-46b3-9d0c-9e38136244b9#0:FAIL-t38] and 0 exception(s); b75f8b2e-6273-4c97-b7c5-042674931d23@group-F11756C8BA4A:t38, leader=null, voted=b75f8b2e-6273-4c97-b7c5-042674931d23, raftlog=b75f8b2e-6273-4c97-b7c5-042674931d23@group-F11756C8BA4A-SegmentedRaftLog:OPENED:c-1,f-1,i0, conf=-1: [6ef27e9c-8ddb-4fa1-8c14-ab102acfb1b8:192.168.164.241:38092, b75f8b2e-6273-4c97-b7c5-042674931d23:192.168.164.241:41857, 3750b3a2-715b-46b3-9d0c-9e38136244b9:192.168.164.241:46227], old=null
2019-10-20 18:18:32,061 [grpc-default-executor-1] INFO  impl.RaftServerImpl (RaftServerImpl.java:setRole(184)) - 6c5c38af-62e6-4ea7-a24a-078dcb28fb39@group-D40A05E2FCF9: changes role from  FOLLOWER to FOLLOWER at term 44 for recognizeCandidate:399079f7-1eb1-4f37-b003-267572525934
2019-10-20 18:18:32,061 [grpc-default-executor-3] INFO  impl.RaftServerImpl (RaftServerImpl.java:setRole(184)) - 7a43c46a-fc88-4b2d-b2da-ae029cfa60ff@group-D40A05E2FCF9: changes role from  FOLLOWER to FOLLOWER at term 44 for recognizeCandidate:399079f7-1eb1-4f37-b003-267572525934
2019-10-20 18:18:32,061 [grpc-default-executor-3] INFO  impl.RoleInfo (RoleInfo.java:shutdownFollowerState(121)) - 7a43c46a-fc88-4b2d-b2da-ae029cfa60ff: shutdown FollowerState
2019-10-20 18:18:32,061 [grpc-default-executor-1] INFO  impl.RoleInfo (RoleInfo.java:shutdownFollowerState(121)) - 6c5c38af-62e6-4ea7-a24a-078dcb28fb39: shutdown FollowerState
2019-10-20 18:18:32,061 [b75f8b2e-6273-4c97-b7c5-042674931d23@group-F11756C8BA4A-LeaderElection86] INFO  impl.RaftServerImpl (RaftServerImpl.java:setRole(184)) - b75f8b2e-6273-4c97-b7c5-042674931d23@group-F11756C8BA4A: changes role from CANDIDATE to FOLLOWER at term 38 for DISCOVERED_A_NEW_TERM
2019-10-20 18:18:32,062 [Thread-900] INFO  impl.FollowerState (FollowerState.java:run(117)) - 6c5c38af-62e6-4ea7-a24a-078dcb28fb39@group-D40A05E2FCF9-FollowerState was interrupted: java.lang.InterruptedException: sleep interrupted
2019-10-20 18:18:32,062 [grpc-default-executor-1] INFO  impl.RoleInfo (RoleInfo.java:updateAndGet(143)) - 6c5c38af-62e6-4ea7-a24a-078dcb28fb39: start FollowerState
2019-10-20 18:18:32,062 [Thread-899] INFO  impl.FollowerState (FollowerState.java:run(117)) - 7a43c46a-fc88-4b2d-b2da-ae029cfa60ff@group-D40A05E2FCF9-FollowerState was interrupted: java.lang.InterruptedException: sleep interrupted
2019-10-20 18:18:32,062 [grpc-default-executor-3] INFO  impl.RoleInfo (RoleInfo.java:updateAndGet(143)) - 7a43c46a-fc88-4b2d-b2da-ae029cfa60ff: start FollowerState
2019-10-20 18:18:32,062 [b75f8b2e-6273-4c97-b7c5-042674931d23@group-F11756C8BA4A-LeaderElection86] INFO  impl.RoleInfo (RoleInfo.java:shutdownLeaderElection(134)) - b75f8b2e-6273-4c97-b7c5-042674931d23: shutdown LeaderElection
2019-10-20 18:18:32,063 [b75f8b2e-6273-4c97-b7c5-042674931d23@group-F11756C8BA4A-LeaderElection86] INFO  impl.RoleInfo (RoleInfo.java:updateAndGet(143)) - b75f8b2e-6273-4c97-b7c5-042674931d23: start FollowerState
2019-10-20 18:18:32,093 [399079f7-1eb1-4f37-b003-267572525934@group-D40A05E2FCF9-LeaderElection85] INFO  impl.LeaderElection (LeaderElection.java:logAndReturn(56)) - 399079f7-1eb1-4f37-b003-267572525934@group-D40A05E2FCF9-LeaderElection85: Election REJECTED; received 2 response(s) [399079f7-1eb1-4f37-b003-267572525934<-7a43c46a-fc88-4b2d-b2da-ae029cfa60ff#0:FAIL-t44, 399079f7-1eb1-4f37-b003-267572525934<-6c5c38af-62e6-4ea7-a24a-078dcb28fb39#0:FAIL-t44] and 0 exception(s); 399079f7-1eb1-4f37-b003-267572525934@group-D40A05E2FCF9:t44, leader=null, voted=399079f7-1eb1-4f37-b003-267572525934, raftlog=399079f7-1eb1-4f37-b003-267572525934@group-D40A05E2FCF9-SegmentedRaftLog:OPENED:c-1,f-1,i0, conf=-1: [399079f7-1eb1-4f37-b003-267572525934:192.168.164.241:37762, 7a43c46a-fc88-4b2d-b2da-ae029cfa60ff:192.168.164.241:43684, 6c5c38af-62e6-4ea7-a24a-078dcb28fb39:192.168.164.241:45428], old=null
2019-10-20 18:18:32,093 [399079f7-1eb1-4f37-b003-267572525934@group-D40A05E2FCF9-LeaderElection85] INFO  impl.RaftServerImpl (RaftServerImpl.java:setRole(184)) - 399079f7-1eb1-4f37-b003-267572525934@group-D40A05E2FCF9: changes role from CANDIDATE to FOLLOWER at term 44 for DISCOVERED_A_NEW_TERM
2019-10-20 18:18:32,093 [399079f7-1eb1-4f37-b003-267572525934@group-D40A05E2FCF9-LeaderElection85] INFO  impl.RoleInfo (RoleInfo.java:shutdownLeaderElection(134)) - 399079f7-1eb1-4f37-b003-267572525934: shutdown LeaderElection
2019-10-20 18:18:32,094 [399079f7-1eb1-4f37-b003-267572525934@group-D40A05E2FCF9-LeaderElection85] INFO  impl.RoleInfo (RoleInfo.java:updateAndGet(143)) - 399079f7-1eb1-4f37-b003-267572525934: start FollowerState
2019-10-20 18:18:32,140 [Thread-906] INFO  impl.FollowerState (FollowerState.java:run(108)) - b75f8b2e-6273-4c97-b7c5-042674931d23@group-F11756C8BA4A-FollowerState: change to CANDIDATE, lastRpcTime:77ms, electionTimeout:76ms
2019-10-20 18:18:32,140 [Thread-906] INFO  impl.RoleInfo (RoleInfo.java:shutdownFollowerState(121)) - b75f8b2e-6273-4c97-b7c5-042674931d23: shutdown FollowerState
2019-10-20 18:18:32,140 [Thread-906] INFO  impl.RaftServerImpl (RaftServerImpl.java:setRole(184)) - b75f8b2e-6273-4c97-b7c5-042674931d23@group-F11756C8BA4A: changes role from  FOLLOWER to CANDIDATE at term 38 for changeToCandidate
2019-10-20 18:18:32,141 [Thread-906] INFO  impl.RoleInfo (RoleInfo.java:updateAndGet(143)) - b75f8b2e-6273-4c97-b7c5-042674931d23: start LeaderElection
2019-10-20 18:18:32,158 [Thread-907] INFO  impl.FollowerState (FollowerState.java:run(108)) - 399079f7-1eb1-4f37-b003-267572525934@group-D40A05E2FCF9-FollowerState: change to CANDIDATE, lastRpcTime:64ms, electionTimeout:64ms
2019-10-20 18:18:32,158 [Thread-907] INFO  impl.RoleInfo (RoleInfo.java:shutdownFollowerState(121)) - 399079f7-1eb1-4f37-b003-267572525934: shutdown FollowerState
2019-10-20 18:18:32,158 [Thread-907] INFO  impl.RaftServerImpl (RaftServerImpl.java:setRole(184)) - 399079f7-1eb1-4f37-b003-267572525934@group-D40A05E2FCF9: changes role from  FOLLOWER to CANDIDATE at term 44 for changeToCandidate
2019-10-20 18:18:32,158 [Thread-907] INFO  impl.RoleInfo (RoleInfo.java:updateAndGet(143)) - 399079f7-1eb1-4f37-b003-267572525934: start LeaderElection
2019-10-20 18:18:32,167 [b75f8b2e-6273-4c97-b7c5-042674931d23@group-F11756C8BA4A-LeaderElection87] INFO  impl.LeaderElection (LeaderElection.java:askForVotes(178)) - b75f8b2e-6273-4c97-b7c5-042674931d23@group-F11756C8BA4A-LeaderElection87: begin an election at term 39 for -1: [6ef27e9c-8ddb-4fa1-8c14-ab102acfb1b8:192.168.164.241:38092, b75f8b2e-6273-4c97-b7c5-042674931d23:192.168.164.241:41857, 3750b3a2-715b-46b3-9d0c-9e38136244b9:192.168.164.241:46227], old=null
2019-10-20 18:18:32,169 [grpc-default-executor-3] INFO  impl.RaftServerImpl (RaftServerImpl.java:setRole(184)) - 6ef27e9c-8ddb-4fa1-8c14-ab102acfb1b8@group-F11756C8BA4A: changes role from  FOLLOWER to FOLLOWER at term 39 for recognizeCandidate:b75f8b2e-6273-4c97-b7c5-042674931d23
2019-10-20 18:18:32,169 [grpc-default-executor-3] INFO  impl.RoleInfo (RoleInfo.java:shutdownFollowerState(121)) - 6ef27e9c-8ddb-4fa1-8c14-ab102acfb1b8: shutdown FollowerState
2019-10-20 18:18:32,169 [grpc-default-executor-1] INFO  impl.RaftServerImpl (RaftServerImpl.java:setRole(184)) - 3750b3a2-715b-46b3-9d0c-9e38136244b9@group-F11756C8BA4A: changes role from  FOLLOWER to FOLLOWER at term 39 for recognizeCandidate:b75f8b2e-6273-4c97-b7c5-042674931d23
2019-10-20 18:18:32,170 [Thread-901] INFO  impl.FollowerState (FollowerState.java:run(117)) - 6ef27e9c-8ddb-4fa1-8c14-ab102acfb1b8@group-F11756C8BA4A-FollowerState was interrupted: java.lang.InterruptedException: sleep interrupted
2019-10-20 18:18:32,170 [grpc-default-executor-3] INFO  impl.RoleInfo (RoleInfo.java:updateAndGet(143)) - 6ef27e9c-8ddb-4fa1-8c14-ab102acfb1b8: start FollowerState
2019-10-20 18:18:32,170 [grpc-default-executor-1] INFO  impl.RoleInfo (RoleInfo.java:shutdownFollowerState(121)) - 3750b3a2-715b-46b3-9d0c-9e38136244b9: shutdown FollowerState
2019-10-20 18:18:32,170 [grpc-default-executor-1] INFO  impl.RoleInfo (RoleInfo.java:updateAndGet(143)) - 3750b3a2-715b-46b3-9d0c-9e38136244b9: start FollowerState
2019-10-20 18:18:32,170 [Thread-898] INFO  impl.FollowerState (FollowerState.java:run(117)) - 3750b3a2-715b-46b3-9d0c-9e38136244b9@group-F11756C8BA4A-FollowerState was interrupted: java.lang.InterruptedException: sleep interrupted
2019-10-20 18:18:32,184 [399079f7-1eb1-4f37-b003-267572525934@group-D40A05E2FCF9-LeaderElection88] INFO  impl.LeaderElection (LeaderElection.java:askForVotes(178)) - 399079f7-1eb1-4f37-b003-267572525934@group-D40A05E2FCF9-LeaderElection88: begin an election at term 45 for -1: [399079f7-1eb1-4f37-b003-267572525934:192.168.164.241:37762, 7a43c46a-fc88-4b2d-b2da-ae029cfa60ff:192.168.164.241:43684, 6c5c38af-62e6-4ea7-a24a-078dcb28fb39:192.168.164.241:45428], old=null
2019-10-20 18:18:32,185 [b75f8b2e-6273-4c97-b7c5-042674931d23@group-F11756C8BA4A-LeaderElection87] INFO  impl.LeaderElection (LeaderElection.java:logAndReturn(56)) - b75f8b2e-6273-4c97-b7c5-042674931d23@group-F11756C8BA4A-LeaderElection87: Election REJECTED; received 2 response(s) [b75f8b2e-6273-4c97-b7c5-042674931d23<-6ef27e9c-8ddb-4fa1-8c14-ab102acfb1b8#0:FAIL-t39, b75f8b2e-6273-4c97-b7c5-042674931d23<-3750b3a2-715b-46b3-9d0c-9e38136244b9#0:FAIL-t39] and 0 exception(s); b75f8b2e-6273-4c97-b7c5-042674931d23@group-F11756C8BA4A:t39, leader=null, voted=b75f8b2e-6273-4c97-b7c5-042674931d23, raftlog=b75f8b2e-6273-4c97-b7c5-042674931d23@group-F11756C8BA4A-SegmentedRaftLog:OPENED:c-1,f-1,i0, conf=-1: [6ef27e9c-8ddb-4fa1-8c14-ab102acfb1b8:192.168.164.241:38092, b75f8b2e-6273-4c97-b7c5-042674931d23:192.168.164.241:41857, 3750b3a2-715b-46b3-9d0c-9e38136244b9:192.168.164.241:46227], old=null
2019-10-20 18:18:32,185 [b75f8b2e-6273-4c97-b7c5-042674931d23@group-F11756C8BA4A-LeaderElection87] INFO  impl.RaftServerImpl (RaftServerImpl.java:setRole(184)) - b75f8b2e-6273-4c97-b7c5-042674931d23@group-F11756C8BA4A: changes role from CANDIDATE to FOLLOWER at term 39 for DISCOVERED_A_NEW_TERM
2019-10-20 18:18:32,185 [b75f8b2e-6273-4c97-b7c5-042674931d23@group-F11756C8BA4A-LeaderElection87] INFO  impl.RoleInfo (RoleInfo.java:shutdownLeaderElection(134)) - b75f8b2e-6273-4c97-b7c5-042674931d23: shutdown LeaderElection
2019-10-20 18:18:32,186 [b75f8b2e-6273-4c97-b7c5-042674931d23@group-F11756C8BA4A-LeaderElection87] INFO  impl.RoleInfo (RoleInfo.java:updateAndGet(143)) - b75f8b2e-6273-4c97-b7c5-042674931d23: start FollowerState
2019-10-20 18:18:32,186 [grpc-default-executor-1] INFO  impl.RaftServerImpl (RaftServerImpl.java:setRole(184)) - 6c5c38af-62e6-4ea7-a24a-078dcb28fb39@group-D40A05E2FCF9: changes role from  FOLLOWER to FOLLOWER at term 45 for recognizeCandidate:399079f7-1eb1-4f37-b003-267572525934
2019-10-20 18:18:32,186 [grpc-default-executor-1] INFO  impl.RoleInfo (RoleInfo.java:shutdownFollowerState(121)) - 6c5c38af-62e6-4ea7-a24a-078dcb28fb39: shutdown FollowerState
2019-10-20 18:18:32,186 [grpc-default-executor-3] INFO  impl.RaftServerImpl (RaftServerImpl.java:setRole(184)) - 7a43c46a-fc88-4b2d-b2da-ae029cfa60ff@group-D40A05E2FCF9: changes role from  FOLLOWER to FOLLOWER at term 45 for recognizeCandidate:399079f7-1eb1-4f37-b003-267572525934
2019-10-20 18:18:32,187 [Thread-905] INFO  impl.FollowerState (FollowerState.java:run(117)) - 6c5c38af-62e6-4ea7-a24a-078dcb28fb39@group-D40A05E2FCF9-FollowerState was interrupted: java.lang.InterruptedException: sleep interrupted
2019-10-20 18:18:32,186 [grpc-default-executor-1] INFO  impl.RoleInfo (RoleInfo.java:updateAndGet(143)) - 6c5c38af-62e6-4ea7-a24a-078dcb28fb39: start FollowerState
2019-10-20 18:18:32,187 [grpc-default-executor-3] INFO  impl.RoleInfo (RoleInfo.java:shutdownFollowerState(121)) - 7a43c46a-fc88-4b2d-b2da-ae029cfa60ff: shutdown FollowerState
2019-10-20 18:18:32,187 [grpc-default-executor-3] INFO  impl.RoleInfo (RoleInfo.java:updateAndGet(143)) - 7a43c46a-fc88-4b2d-b2da-ae029cfa60ff: start FollowerState
2019-10-20 18:18:32,187 [Thread-904] INFO  impl.FollowerState (FollowerState.java:run(117)) - 7a43c46a-fc88-4b2d-b2da-ae029cfa60ff@group-D40A05E2FCF9-FollowerState was interrupted: java.lang.InterruptedException: sleep interrupted
2019-10-20 18:18:32,211 [399079f7-1eb1-4f37-b003-267572525934@group-D40A05E2FCF9-LeaderElection88] INFO  impl.LeaderElection (LeaderElection.java:logAndReturn(56)) - 399079f7-1eb1-4f37-b003-267572525934@group-D40A05E2FCF9-LeaderElection88: Election REJECTED; received 2 response(s) [399079f7-1eb1-4f37-b003-267572525934<-7a43c46a-fc88-4b2d-b2da-ae029cfa60ff#0:FAIL-t45, 399079f7-1eb1-4f37-b003-267572525934<-6c5c38af-62e6-4ea7-a24a-078dcb28fb39#0:FAIL-t45] and 0 exception(s); 399079f7-1eb1-4f37-b003-267572525934@group-D40A05E2FCF9:t45, leader=null, voted=399079f7-1eb1-4f37-b003-267572525934, raftlog=399079f7-1eb1-4f37-b003-267572525934@group-D40A05E2FCF9-SegmentedRaftLog:OPENED:c-1,f-1,i0, conf=-1: [399079f7-1eb1-4f37-b003-267572525934:192.168.164.241:37762, 7a43c46a-fc88-4b2d-b2da-ae029cfa60ff:192.168.164.241:43684, 6c5c38af-62e6-4ea7-a24a-078dcb28fb39:192.168.164.241:45428], old=null
2019-10-20 18:18:32,211 [399079f7-1eb1-4f37-b003-267572525934@group-D40A05E2FCF9-LeaderElection88] INFO  impl.RaftServerImpl (RaftServerImpl.java:setRole(184)) - 399079f7-1eb1-4f37-b003-267572525934@group-D40A05E2FCF9: changes role from CANDIDATE to FOLLOWER at term 45 for DISCOVERED_A_NEW_TERM
2019-10-20 18:18:32,211 [399079f7-1eb1-4f37-b003-267572525934@group-D40A05E2FCF9-LeaderElection88] INFO  impl.RoleInfo (RoleInfo.java:shutdownLeaderElection(134)) - 399079f7-1eb1-4f37-b003-267572525934: shutdown LeaderElection
2019-10-20 18:18:32,211 [399079f7-1eb1-4f37-b003-267572525934@group-D40A05E2FCF9-LeaderElection88] INFO  impl.RoleInfo (RoleInfo.java:updateAndGet(143)) - 399079f7-1eb1-4f37-b003-267572525934: start FollowerState
2019-10-20 18:18:32,241 [Thread-918] INFO  impl.FollowerState (FollowerState.java:run(108)) - b75f8b2e-6273-4c97-b7c5-042674931d23@group-F11756C8BA4A-FollowerState: change to CANDIDATE, lastRpcTime:55ms, electionTimeout:55ms
2019-10-20 18:18:32,241 [Thread-918] INFO  impl.RoleInfo (RoleInfo.java:shutdownFollowerState(121)) - b75f8b2e-6273-4c97-b7c5-042674931d23: shutdown FollowerState
2019-10-20 18:18:32,241 [Thread-918] INFO  impl.RaftServerImpl (RaftServerImpl.java:setRole(184)) - b75f8b2e-6273-4c97-b7c5-042674931d23@group-F11756C8BA4A: changes role from  FOLLOWER to CANDIDATE at term 39 for changeToCandidate
2019-10-20 18:18:32,241 [Thread-918] INFO  impl.RoleInfo (RoleInfo.java:updateAndGet(143)) - b75f8b2e-6273-4c97-b7c5-042674931d23: start LeaderElection
2019-10-20 18:18:32,269 [b75f8b2e-6273-4c97-b7c5-042674931d23@group-F11756C8BA4A-LeaderElection89] INFO  impl.LeaderElection (LeaderElection.java:askForVotes(178)) - b75f8b2e-6273-4c97-b7c5-042674931d23@group-F11756C8BA4A-LeaderElection89: begin an election at term 40 for -1: [6ef27e9c-8ddb-4fa1-8c14-ab102acfb1b8:192.168.164.241:38092, b75f8b2e-6273-4c97-b7c5-042674931d23:192.168.164.241:41857, 3750b3a2-715b-46b3-9d0c-9e38136244b9:192.168.164.241:46227], old=null
2019-10-20 18:18:32,272 [grpc-default-executor-3] INFO  impl.RaftServerImpl (RaftServerImpl.java:setRole(184)) - 3750b3a2-715b-46b3-9d0c-9e38136244b9@group-F11756C8BA4A: changes role from  FOLLOWER to FOLLOWER at term 40 for recognizeCandidate:b75f8b2e-6273-4c97-b7c5-042674931d23
2019-10-20 18:18:32,272 [grpc-default-executor-3] INFO  impl.RoleInfo (RoleInfo.java:shutdownFollowerState(121)) - 3750b3a2-715b-46b3-9d0c-9e38136244b9: shutdown FollowerState
2019-10-20 18:18:32,272 [grpc-default-executor-3] INFO  impl.RoleInfo (RoleInfo.java:updateAndGet(143)) - 3750b3a2-715b-46b3-9d0c-9e38136244b9: start FollowerState
2019-10-20 18:18:32,272 [Thread-915] INFO  impl.FollowerState (FollowerState.java:run(117)) - 3750b3a2-715b-46b3-9d0c-9e38136244b9@group-F11756C8BA4A-FollowerState was interrupted: java.lang.InterruptedException: sleep interrupted
2019-10-20 18:18:32,274 [grpc-default-executor-1] INFO  impl.RaftServerImpl (RaftServerImpl.java:setRole(184)) - 6ef27e9c-8ddb-4fa1-8c14-ab102acfb1b8@group-F11756C8BA4A: changes role from  FOLLOWER to FOLLOWER at term 40 for recognizeCandidate:b75f8b2e-6273-4c97-b7c5-042674931d23
2019-10-20 18:18:32,274 [grpc-default-executor-1] INFO  impl.RoleInfo (RoleInfo.java:shutdownFollowerState(121)) - 6ef27e9c-8ddb-4fa1-8c14-ab102acfb1b8: shutdown FollowerState
2019-10-20 18:18:32,274 [Thread-914] INFO  impl.FollowerState (FollowerState.java:run(117)) - 6ef27e9c-8ddb-4fa1-8c14-ab102acfb1b8@group-F11756C8BA4A-FollowerState was interrupted: java.lang.InterruptedException: sleep interrupted
2019-10-20 18:18:32,274 [grpc-default-executor-1] INFO  impl.RoleInfo (RoleInfo.java:updateAndGet(143)) - 6ef27e9c-8ddb-4fa1-8c14-ab102acfb1b8: start FollowerState
2019-10-20 18:18:32,295 [b75f8b2e-6273-4c97-b7c5-042674931d23@group-F11756C8BA4A-LeaderElection89] INFO  impl.LeaderElection (LeaderElection.java:logAndReturn(56)) - b75f8b2e-6273-4c97-b7c5-042674931d23@group-F11756C8BA4A-LeaderElection89: Election REJECTED; received 2 response(s) [b75f8b2e-6273-4c97-b7c5-042674931d23<-6ef27e9c-8ddb-4fa1-8c14-ab102acfb1b8#0:FAIL-t40, b75f8b2e-6273-4c97-b7c5-042674931d23<-3750b3a2-715b-46b3-9d0c-9e38136244b9#0:FAIL-t40] and 0 exception(s); b75f8b2e-6273-4c97-b7c5-042674931d23@group-F11756C8BA4A:t40, leader=null, voted=b75f8b2e-6273-4c97-b7c5-042674931d23, raftlog=b75f8b2e-6273-4c97-b7c5-042674931d23@group-F11756C8BA4A-SegmentedRaftLog:OPENED:c-1,f-1,i0, conf=-1: [6ef27e9c-8ddb-4fa1-8c14-ab102acfb1b8:192.168.164.241:38092, b75f8b2e-6273-4c97-b7c5-042674931d23:192.168.164.241:41857, 3750b3a2-715b-46b3-9d0c-9e38136244b9:192.168.164.241:46227], old=null
2019-10-20 18:18:32,296 [b75f8b2e-6273-4c97-b7c5-042674931d23@group-F11756C8BA4A-LeaderElection89] INFO  impl.RaftServerImpl (RaftServerImpl.java:setRole(184)) - b75f8b2e-6273-4c97-b7c5-042674931d23@group-F11756C8BA4A: changes role from CANDIDATE to FOLLOWER at term 40 for DISCOVERED_A_NEW_TERM
2019-10-20 18:18:32,296 [b75f8b2e-6273-4c97-b7c5-042674931d23@group-F11756C8BA4A-LeaderElection89] INFO  impl.RoleInfo (RoleInfo.java:shutdownLeaderElection(134)) - b75f8b2e-6273-4c97-b7c5-042674931d23: shutdown LeaderElection
2019-10-20 18:18:32,296 [b75f8b2e-6273-4c97-b7c5-042674931d23@group-F11756C8BA4A-LeaderElection89] INFO  impl.RoleInfo (RoleInfo.java:updateAndGet(143)) - b75f8b2e-6273-4c97-b7c5-042674931d23: start FollowerState
2019-10-20 18:18:32,313 [Thread-923] INFO  impl.FollowerState (FollowerState.java:run(108)) - 399079f7-1eb1-4f37-b003-267572525934@group-D40A05E2FCF9-FollowerState: change to CANDIDATE, lastRpcTime:101ms, electionTimeout:101ms
2019-10-20 18:18:32,313 [Thread-923] INFO  impl.RoleInfo (RoleInfo.java:shutdownFollowerState(121)) - 399079f7-1eb1-4f37-b003-267572525934: shutdown FollowerState
2019-10-20 18:18:32,313 [Thread-923] INFO  impl.RaftServerImpl (RaftServerImpl.java:setRole(184)) - 399079f7-1eb1-4f37-b003-267572525934@group-D40A05E2FCF9: changes role from  FOLLOWER to CANDIDATE at term 45 for changeToCandidate
2019-10-20 18:18:32,313 [Thread-923] INFO  impl.RoleInfo (RoleInfo.java:updateAndGet(143)) - 399079f7-1eb1-4f37-b003-267572525934: start LeaderElection
2019-10-20 18:18:32,336 [399079f7-1eb1-4f37-b003-267572525934@group-D40A05E2FCF9-LeaderElection90] INFO  impl.LeaderElection (LeaderElection.java:askForVotes(178)) - 399079f7-1eb1-4f37-b003-267572525934@group-D40A05E2FCF9-LeaderElection90: begin an election at term 46 for -1: [399079f7-1eb1-4f37-b003-267572525934:192.168.164.241:37762, 7a43c46a-fc88-4b2d-b2da-ae029cfa60ff:192.168.164.241:43684, 6c5c38af-62e6-4ea7-a24a-078dcb28fb39:192.168.164.241:45428], old=null
2019-10-20 18:18:32,339 [grpc-default-executor-3] INFO  impl.RaftServerImpl (RaftServerImpl.java:setRole(184)) - 6c5c38af-62e6-4ea7-a24a-078dcb28fb39@group-D40A05E2FCF9: changes role from  FOLLOWER to FOLLOWER at term 46 for recognizeCandidate:399079f7-1eb1-4f37-b003-267572525934
2019-10-20 18:18:32,339 [grpc-default-executor-1] INFO  impl.RaftServerImpl (RaftServerImpl.java:setRole(184)) - 7a43c46a-fc88-4b2d-b2da-ae029cfa60ff@group-D40A05E2FCF9: changes role from  FOLLOWER to FOLLOWER at term 46 for recognizeCandidate:399079f7-1eb1-4f37-b003-267572525934
2019-10-20 18:18:32,339 [grpc-default-executor-3] INFO  impl.RoleInfo (RoleInfo.java:shutdownFollowerState(121)) - 6c5c38af-62e6-4ea7-a24a-078dcb28fb39: shutdown FollowerState
2019-10-20 18:18:32,339 [grpc-default-executor-1] INFO  impl.RoleInfo (RoleInfo.java:shutdownFollowerState(121)) - 7a43c46a-fc88-4b2d-b2da-ae029cfa60ff: shutdown FollowerState
2019-10-20 18:18:32,339 [Thread-919] INFO  impl.FollowerState (FollowerState.java:run(117)) - 6c5c38af-62e6-4ea7-a24a-078dcb28fb39@group-D40A05E2FCF9-FollowerState was interrupted: java.lang.InterruptedException: sleep interrupted
2019-10-20 18:18:32,339 [grpc-default-executor-3] INFO  impl.RoleInfo (RoleInfo.java:updateAndGet(143)) - 6c5c38af-62e6-4ea7-a24a-078dcb28fb39: start FollowerState
2019-10-20 18:18:32,340 [Thread-920] INFO  impl.FollowerState (FollowerState.java:run(117)) - 7a43c46a-fc88-4b2d-b2da-ae029cfa60ff@group-D40A05E2FCF9-FollowerState was interrupted: java.lang.InterruptedException: sleep interrupted
2019-10-20 18:18:32,340 [grpc-default-executor-1] INFO  impl.RoleInfo (RoleInfo.java:updateAndGet(143)) - 7a43c46a-fc88-4b2d-b2da-ae029cfa60ff: start FollowerState
2019-10-20 18:18:32,362 [399079f7-1eb1-4f37-b003-267572525934@group-D40A05E2FCF9-LeaderElection90] INFO  impl.LeaderElection (LeaderElection.java:logAndReturn(56)) - 399079f7-1eb1-4f37-b003-267572525934@group-D40A05E2FCF9-LeaderElection90: Election REJECTED; received 2 response(s) [399079f7-1eb1-4f37-b003-267572525934<-7a43c46a-fc88-4b2d-b2da-ae029cfa60ff#0:FAIL-t46, 399079f7-1eb1-4f37-b003-267572525934<-6c5c38af-62e6-4ea7-a24a-078dcb28fb39#0:FAIL-t46] and 0 exception(s); 399079f7-1eb1-4f37-b003-267572525934@group-D40A05E2FCF9:t46, leader=null, voted=399079f7-1eb1-4f37-b003-267572525934, raftlog=399079f7-1eb1-4f37-b003-267572525934@group-D40A05E2FCF9-SegmentedRaftLog:OPENED:c-1,f-1,i0, conf=-1: [399079f7-1eb1-4f37-b003-267572525934:192.168.164.241:37762, 7a43c46a-fc88-4b2d-b2da-ae029cfa60ff:192.168.164.241:43684, 6c5c38af-62e6-4ea7-a24a-078dcb28fb39:192.168.164.241:45428], old=null
2019-10-20 18:18:32,363 [399079f7-1eb1-4f37-b003-267572525934@group-D40A05E2FCF9-LeaderElection90] INFO  impl.RaftServerImpl (RaftServerImpl.java:setRole(184)) - 399079f7-1eb1-4f37-b003-267572525934@group-D40A05E2FCF9: changes role from CANDIDATE to FOLLOWER at term 46 for DISCOVERED_A_NEW_TERM
2019-10-20 18:18:32,363 [399079f7-1eb1-4f37-b003-267572525934@group-D40A05E2FCF9-LeaderElection90] INFO  impl.RoleInfo (RoleInfo.java:shutdownLeaderElection(134)) - 399079f7-1eb1-4f37-b003-267572525934: shutdown LeaderElection
2019-10-20 18:18:32,363 [399079f7-1eb1-4f37-b003-267572525934@group-D40A05E2FCF9-LeaderElection90] INFO  impl.RoleInfo (RoleInfo.java:updateAndGet(143)) - 399079f7-1eb1-4f37-b003-267572525934: start FollowerState
2019-10-20 18:18:32,394 [Thread-929] INFO  impl.FollowerState (FollowerState.java:run(108)) - b75f8b2e-6273-4c97-b7c5-042674931d23@group-F11756C8BA4A-FollowerState: change to CANDIDATE, lastRpcTime:98ms, electionTimeout:98ms
2019-10-20 18:18:32,395 [Thread-929] INFO  impl.RoleInfo (RoleInfo.java:shutdownFollowerState(121)) - b75f8b2e-6273-4c97-b7c5-042674931d23: shutdown FollowerState
2019-10-20 18:18:32,395 [Thread-929] INFO  impl.RaftServerImpl (RaftServerImpl.java:setRole(184)) - b75f8b2e-6273-4c97-b7c5-042674931d23@group-F11756C8BA4A: changes role from  FOLLOWER to CANDIDATE at term 40 for changeToCandidate
2019-10-20 18:18:32,395 [Thread-929] INFO  impl.RoleInfo (RoleInfo.java:updateAndGet(143)) - b75f8b2e-6273-4c97-b7c5-042674931d23: start LeaderElection
2019-10-20 18:18:32,420 [b75f8b2e-6273-4c97-b7c5-042674931d23@group-F11756C8BA4A-LeaderElection91] INFO  impl.LeaderElection (LeaderElection.java:askForVotes(178)) - b75f8b2e-6273-4c97-b7c5-042674931d23@group-F11756C8BA4A-LeaderElection91: begin an election at term 41 for -1: [6ef27e9c-8ddb-4fa1-8c14-ab102acfb1b8:192.168.164.241:38092, b75f8b2e-6273-4c97-b7c5-042674931d23:192.168.164.241:41857, 3750b3a2-715b-46b3-9d0c-9e38136244b9:192.168.164.241:46227], old=null
2019-10-20 18:18:32,423 [grpc-default-executor-3] INFO  impl.RaftServerImpl (RaftServerImpl.java:setRole(184)) - 3750b3a2-715b-46b3-9d0c-9e38136244b9@group-F11756C8BA4A: changes role from  FOLLOWER to FOLLOWER at term 41 for recognizeCandidate:b75f8b2e-6273-4c97-b7c5-042674931d23
2019-10-20 18:18:32,423 [grpc-default-executor-1] INFO  impl.RaftServerImpl (RaftServerImpl.java:setRole(184)) - 6ef27e9c-8ddb-4fa1-8c14-ab102acfb1b8@group-F11756C8BA4A: changes role from  FOLLOWER to FOLLOWER at term 41 for recognizeCandidate:b75f8b2e-6273-4c97-b7c5-042674931d23
2019-10-20 18:18:32,423 [grpc-default-executor-3] INFO  impl.RoleInfo (RoleInfo.java:shutdownFollowerState(121)) - 3750b3a2-715b-46b3-9d0c-9e38136244b9: shutdown FollowerState
2019-10-20 18:18:32,423 [grpc-default-executor-1] INFO  impl.RoleInfo (RoleInfo.java:shutdownFollowerState(121)) - 6ef27e9c-8ddb-4fa1-8c14-ab102acfb1b8: shutdown FollowerState
2019-10-20 18:18:32,423 [Thread-927] INFO  impl.FollowerState (FollowerState.java:run(117)) - 3750b3a2-715b-46b3-9d0c-9e38136244b9@group-F11756C8BA4A-FollowerState was interrupted: java.lang.InterruptedException: sleep interrupted
2019-10-20 18:18:32,423 [grpc-default-executor-3] INFO  impl.RoleInfo (RoleInfo.java:updateAndGet(143)) - 3750b3a2-715b-46b3-9d0c-9e38136244b9: start FollowerState
2019-10-20 18:18:32,424 [Thread-928] INFO  impl.FollowerState (FollowerState.java:run(117)) - 6ef27e9c-8ddb-4fa1-8c14-ab102acfb1b8@group-F11756C8BA4A-FollowerState was interrupted: java.lang.InterruptedException: sleep interrupted
2019-10-20 18:18:32,424 [grpc-default-executor-1] INFO  impl.RoleInfo (RoleInfo.java:updateAndGet(143)) - 6ef27e9c-8ddb-4fa1-8c14-ab102acfb1b8: start FollowerState
2019-10-20 18:18:32,440 [b75f8b2e-6273-4c97-b7c5-042674931d23@group-F11756C8BA4A-LeaderElection91] INFO  impl.LeaderElection (LeaderElection.java:logAndReturn(56)) - b75f8b2e-6273-4c97-b7c5-042674931d23@group-F11756C8BA4A-LeaderElection91: Election TIMEOUT; received 0 response(s) [] and 0 exception(s); b75f8b2e-6273-4c97-b7c5-042674931d23@group-F11756C8BA4A:t41, leader=null, voted=b75f8b2e-6273-4c97-b7c5-042674931d23, raftlog=b75f8b2e-6273-4c97-b7c5-042674931d23@group-F11756C8BA4A-SegmentedRaftLog:OPENED:c-1,f-1,i0, conf=-1: [6ef27e9c-8ddb-4fa1-8c14-ab102acfb1b8:192.168.164.241:38092, b75f8b2e-6273-4c97-b7c5-042674931d23:192.168.164.241:41857, 3750b3a2-715b-46b3-9d0c-9e38136244b9:192.168.164.241:46227], old=null
2019-10-20 18:18:32,455 [Thread-935] INFO  impl.FollowerState (FollowerState.java:run(108)) - 399079f7-1eb1-4f37-b003-267572525934@group-D40A05E2FCF9-FollowerState: change to CANDIDATE, lastRpcTime:92ms, electionTimeout:92ms
2019-10-20 18:18:32,455 [Thread-935] INFO  impl.RoleInfo (RoleInfo.java:shutdownFollowerState(121)) - 399079f7-1eb1-4f37-b003-267572525934: shutdown FollowerState
2019-10-20 18:18:32,455 [Thread-935] INFO  impl.RaftServerImpl (RaftServerImpl.java:setRole(184)) - 399079f7-1eb1-4f37-b003-267572525934@group-D40A05E2FCF9: changes role from  FOLLOWER to CANDIDATE at term 46 for changeToCandidate
2019-10-20 18:18:32,455 [Thread-935] INFO  impl.RoleInfo (RoleInfo.java:updateAndGet(143)) - 399079f7-1eb1-4f37-b003-267572525934: start LeaderElection
2019-10-20 18:18:32,479 [399079f7-1eb1-4f37-b003-267572525934@group-D40A05E2FCF9-LeaderElection92] INFO  impl.LeaderElection (LeaderElection.java:askForVotes(178)) - 399079f7-1eb1-4f37-b003-267572525934@group-D40A05E2FCF9-LeaderElection92: begin an election at term 47 for -1: [399079f7-1eb1-4f37-b003-267572525934:192.168.164.241:37762, 7a43c46a-fc88-4b2d-b2da-ae029cfa60ff:192.168.164.241:43684, 6c5c38af-62e6-4ea7-a24a-078dcb28fb39:192.168.164.241:45428], old=null
2019-10-20 18:18:32,479 [b75f8b2e-6273-4c97-b7c5-042674931d23@group-F11756C8BA4A-LeaderElection91] INFO  impl.LeaderElection (LeaderElection.java:askForVotes(178)) - b75f8b2e-6273-4c97-b7c5-042674931d23@group-F11756C8BA4A-LeaderElection91: begin an election at term 42 for -1: [6ef27e9c-8ddb-4fa1-8c14-ab102acfb1b8:192.168.164.241:38092, b75f8b2e-6273-4c97-b7c5-042674931d23:192.168.164.241:41857, 3750b3a2-715b-46b3-9d0c-9e38136244b9:192.168.164.241:46227], old=null
2019-10-20 18:18:32,482 [grpc-default-executor-1] INFO  impl.RaftServerImpl (RaftServerImpl.java:setRole(184)) - 3750b3a2-715b-46b3-9d0c-9e38136244b9@group-F11756C8BA4A: changes role from  FOLLOWER to FOLLOWER at term 42 for recognizeCandidate:b75f8b2e-6273-4c97-b7c5-042674931d23
2019-10-20 18:18:32,482 [grpc-default-executor-1] INFO  impl.RoleInfo (RoleInfo.java:shutdownFollowerState(121)) - 3750b3a2-715b-46b3-9d0c-9e38136244b9: shutdown FollowerState
2019-10-20 18:18:32,482 [grpc-default-executor-3] INFO  impl.RaftServerImpl (RaftServerImpl.java:setRole(184)) - 7a43c46a-fc88-4b2d-b2da-ae029cfa60ff@group-D40A05E2FCF9: changes role from  FOLLOWER to FOLLOWER at term 47 for recognizeCandidate:399079f7-1eb1-4f37-b003-267572525934
2019-10-20 18:18:32,482 [grpc-default-executor-10] INFO  impl.RaftServerImpl (RaftServerImpl.java:setRole(184)) - 6c5c38af-62e6-4ea7-a24a-078dcb28fb39@group-D40A05E2FCF9: changes role from  FOLLOWER to FOLLOWER at term 47 for recognizeCandidate:399079f7-1eb1-4f37-b003-267572525934
2019-10-20 18:18:32,482 [grpc-default-executor-10] INFO  impl.RoleInfo (RoleInfo.java:shutdownFollowerState(121)) - 6c5c38af-62e6-4ea7-a24a-078dcb28fb39: shutdown FollowerState
2019-10-20 18:18:32,482 [Thread-939] INFO  impl.FollowerState (FollowerState.java:run(117)) - 3750b3a2-715b-46b3-9d0c-9e38136244b9@group-F11756C8BA4A-FollowerState was interrupted: java.lang.InterruptedException: sleep interrupted
2019-10-20 18:18:32,482 [grpc-default-executor-1] INFO  impl.RoleInfo (RoleInfo.java:updateAndGet(143)) - 3750b3a2-715b-46b3-9d0c-9e38136244b9: start FollowerState
2019-10-20 18:18:32,482 [grpc-default-executor-7] INFO  impl.RaftServerImpl (RaftServerImpl.java:setRole(184)) - 6ef27e9c-8ddb-4fa1-8c14-ab102acfb1b8@group-F11756C8BA4A: changes role from  FOLLOWER to FOLLOWER at term 42 for recognizeCandidate:b75f8b2e-6273-4c97-b7c5-042674931d23
2019-10-20 18:18:32,483 [grpc-default-executor-7] INFO  impl.RoleInfo (RoleInfo.java:shutdownFollowerState(121)) - 6ef27e9c-8ddb-4fa1-8c14-ab102acfb1b8: shutdown FollowerState
2019-10-20 18:18:32,482 [Thread-933] INFO  impl.FollowerState (FollowerState.java:run(117)) - 6c5c38af-62e6-4ea7-a24a-078dcb28fb39@group-D40A05E2FCF9-FollowerState was interrupted: java.lang.InterruptedException: sleep interrupted
2019-10-20 18:18:32,482 [grpc-default-executor-10] INFO  impl.RoleInfo (RoleInfo.java:updateAndGet(143)) - 6c5c38af-62e6-4ea7-a24a-078dcb28fb39: start FollowerState
2019-10-20 18:18:32,482 [grpc-default-executor-3] INFO  impl.RoleInfo (RoleInfo.java:shutdownFollowerState(121)) - 7a43c46a-fc88-4b2d-b2da-ae029cfa60ff: shutdown FollowerState
2019-10-20 18:18:32,483 [Thread-940] INFO  impl.FollowerState (FollowerState.java:run(117)) - 6ef27e9c-8ddb-4fa1-8c14-ab102acfb1b8@group-F11756C8BA4A-FollowerState was interrupted: java.lang.InterruptedException: sleep interrupted
2019-10-20 18:18:32,484 [Thread-934] INFO  impl.FollowerState (FollowerState.java:run(117)) - 7a43c46a-fc88-4b2d-b2da-ae029cfa60ff@group-D40A05E2FCF9-FollowerState was interrupted: java.lang.InterruptedException: sleep interrupted
2019-10-20 18:18:32,483 [grpc-default-executor-7] INFO  impl.RoleInfo (RoleInfo.java:updateAndGet(143)) - 6ef27e9c-8ddb-4fa1-8c14-ab102acfb1b8: start FollowerState
2019-10-20 18:18:32,483 [grpc-default-executor-3] INFO  impl.RoleInfo (RoleInfo.java:updateAndGet(143)) - 7a43c46a-fc88-4b2d-b2da-ae029cfa60ff: start FollowerState
2019-10-20 18:18:32,506 [399079f7-1eb1-4f37-b003-267572525934@group-D40A05E2FCF9-LeaderElection92] INFO  impl.LeaderElection (LeaderElection.java:logAndReturn(56)) - 399079f7-1eb1-4f37-b003-267572525934@group-D40A05E2FCF9-LeaderElection92: Election REJECTED; received 2 response(s) [399079f7-1eb1-4f37-b003-267572525934<-7a43c46a-fc88-4b2d-b2da-ae029cfa60ff#0:FAIL-t47, 399079f7-1eb1-4f37-b003-267572525934<-6c5c38af-62e6-4ea7-a24a-078dcb28fb39#0:FAIL-t47] and 0 exception(s); 399079f7-1eb1-4f37-b003-267572525934@group-D40A05E2FCF9:t47, leader=null, voted=399079f7-1eb1-4f37-b003-267572525934, raftlog=399079f7-1eb1-4f37-b003-267572525934@group-D40A05E2FCF9-SegmentedRaftLog:OPENED:c-1,f-1,i0, conf=-1: [399079f7-1eb1-4f37-b003-267572525934:192.168.164.241:37762, 7a43c46a-fc88-4b2d-b2da-ae029cfa60ff:192.168.164.241:43684, 6c5c38af-62e6-4ea7-a24a-078dcb28fb39:192.168.164.241:45428], old=null
2019-10-20 18:18:32,506 [399079f7-1eb1-4f37-b003-267572525934@group-D40A05E2FCF9-LeaderElection92] INFO  impl.RaftServerImpl (RaftServerImpl.java:setRole(184)) - 399079f7-1eb1-4f37-b003-267572525934@group-D40A05E2FCF9: changes role from CANDIDATE to FOLLOWER at term 47 for DISCOVERED_A_NEW_TERM
2019-10-20 18:18:32,507 [b75f8b2e-6273-4c97-b7c5-042674931d23@group-F11756C8BA4A-LeaderElection91] INFO  impl.LeaderElection (LeaderElection.java:logAndReturn(56)) - b75f8b2e-6273-4c97-b7c5-042674931d23@group-F11756C8BA4A-LeaderElection91: Election REJECTED; received 2 response(s) [b75f8b2e-6273-4c97-b7c5-042674931d23<-6ef27e9c-8ddb-4fa1-8c14-ab102acfb1b8#0:FAIL-t42, b75f8b2e-6273-4c97-b7c5-042674931d23<-3750b3a2-715b-46b3-9d0c-9e38136244b9#0:FAIL-t42] and 0 exception(s); b75f8b2e-6273-4c97-b7c5-042674931d23@group-F11756C8BA4A:t42, leader=null, voted=b75f8b2e-6273-4c97-b7c5-042674931d23, raftlog=b75f8b2e-6273-4c97-b7c5-042674931d23@group-F11756C8BA4A-SegmentedRaftLog:OPENED:c-1,f-1,i0, conf=-1: [6ef27e9c-8ddb-4fa1-8c14-ab102acfb1b8:192.168.164.241:38092, b75f8b2e-6273-4c97-b7c5-042674931d23:192.168.164.241:41857, 3750b3a2-715b-46b3-9d0c-9e38136244b9:192.168.164.241:46227], old=null
2019-10-20 18:18:32,507 [399079f7-1eb1-4f37-b003-267572525934@group-D40A05E2FCF9-LeaderElection92] INFO  impl.RoleInfo (RoleInfo.java:shutdownLeaderElection(134)) - 399079f7-1eb1-4f37-b003-267572525934: shutdown LeaderElection
2019-10-20 18:18:32,507 [b75f8b2e-6273-4c97-b7c5-042674931d23@group-F11756C8BA4A-LeaderElection91] INFO  impl.RaftServerImpl (RaftServerImpl.java:setRole(184)) - b75f8b2e-6273-4c97-b7c5-042674931d23@group-F11756C8BA4A: changes role from CANDIDATE to FOLLOWER at term 42 for DISCOVERED_A_NEW_TERM
2019-10-20 18:18:32,507 [399079f7-1eb1-4f37-b003-267572525934@group-D40A05E2FCF9-LeaderElection92] INFO  impl.RoleInfo (RoleInfo.java:updateAndGet(143)) - 399079f7-1eb1-4f37-b003-267572525934: start FollowerState
2019-10-20 18:18:32,507 [b75f8b2e-6273-4c97-b7c5-042674931d23@group-F11756C8BA4A-LeaderElection91] INFO  impl.RoleInfo (RoleInfo.java:shutdownLeaderElection(134)) - b75f8b2e-6273-4c97-b7c5-042674931d23: shutdown LeaderElection
2019-10-20 18:18:32,507 [b75f8b2e-6273-4c97-b7c5-042674931d23@group-F11756C8BA4A-LeaderElection91] INFO  impl.RoleInfo (RoleInfo.java:updateAndGet(143)) - b75f8b2e-6273-4c97-b7c5-042674931d23: start FollowerState
2019-10-20 18:18:32,605 [Thread-950] INFO  impl.FollowerState (FollowerState.java:run(108)) - 399079f7-1eb1-4f37-b003-267572525934@group-D40A05E2FCF9-FollowerState: change to CANDIDATE, lastRpcTime:98ms, electionTimeout:98ms
2019-10-20 18:18:32,605 [Thread-950] INFO  impl.RoleInfo (RoleInfo.java:shutdownFollowerState(121)) - 399079f7-1eb1-4f37-b003-267572525934: shutdown FollowerState
2019-10-20 18:18:32,606 [Thread-950] INFO  impl.RaftServerImpl (RaftServerImpl.java:setRole(184)) - 399079f7-1eb1-4f37-b003-267572525934@group-D40A05E2FCF9: changes role from  FOLLOWER to CANDIDATE at term 47 for changeToCandidate
2019-10-20 18:18:32,606 [Thread-950] INFO  impl.RoleInfo (RoleInfo.java:updateAndGet(143)) - 399079f7-1eb1-4f37-b003-267572525934: start LeaderElection
2019-10-20 18:18:32,608 [Thread-951] INFO  impl.FollowerState (FollowerState.java:run(108)) - b75f8b2e-6273-4c97-b7c5-042674931d23@group-F11756C8BA4A-FollowerState: change to CANDIDATE, lastRpcTime:101ms, electionTimeout:101ms
2019-10-20 18:18:32,609 [Thread-951] INFO  impl.RoleInfo (RoleInfo.java:shutdownFollowerState(121)) - b75f8b2e-6273-4c97-b7c5-042674931d23: shutdown FollowerState
2019-10-20 18:18:32,609 [Thread-951] INFO  impl.RaftServerImpl (RaftServerImpl.java:setRole(184)) - b75f8b2e-6273-4c97-b7c5-042674931d23@group-F11756C8BA4A: changes role from  FOLLOWER to CANDIDATE at term 42 for changeToCandidate
2019-10-20 18:18:32,609 [Thread-951] INFO  impl.RoleInfo (RoleInfo.java:updateAndGet(143)) - b75f8b2e-6273-4c97-b7c5-042674931d23: start LeaderElection
2019-10-20 18:18:32,631 [399079f7-1eb1-4f37-b003-267572525934@group-D40A05E2FCF9-LeaderElection93] INFO  impl.LeaderElection (LeaderElection.java:askForVotes(178)) - 399079f7-1eb1-4f37-b003-267572525934@group-D40A05E2FCF9-LeaderElection93: begin an election at term 48 for -1: [399079f7-1eb1-4f37-b003-267572525934:192.168.164.241:37762, 7a43c46a-fc88-4b2d-b2da-ae029cfa60ff:192.168.164.241:43684, 6c5c38af-62e6-4ea7-a24a-078dcb28fb39:192.168.164.241:45428], old=null
2019-10-20 18:18:32,631 [b75f8b2e-6273-4c97-b7c5-042674931d23@group-F11756C8BA4A-LeaderElection94] INFO  impl.LeaderElection (LeaderElection.java:askForVotes(178)) - b75f8b2e-6273-4c97-b7c5-042674931d23@group-F11756C8BA4A-LeaderElection94: begin an election at term 43 for -1: [6ef27e9c-8ddb-4fa1-8c14-ab102acfb1b8:192.168.164.241:38092, b75f8b2e-6273-4c97-b7c5-042674931d23:192.168.164.241:41857, 3750b3a2-715b-46b3-9d0c-9e38136244b9:192.168.164.241:46227], old=null
2019-10-20 18:18:32,634 [grpc-default-executor-1] INFO  impl.RaftServerImpl (RaftServerImpl.java:setRole(184)) - 7a43c46a-fc88-4b2d-b2da-ae029cfa60ff@group-D40A05E2FCF9: changes role from  FOLLOWER to FOLLOWER at term 48 for recognizeCandidate:399079f7-1eb1-4f37-b003-267572525934
2019-10-20 18:18:32,634 [grpc-default-executor-7] INFO  impl.RaftServerImpl (RaftServerImpl.java:setRole(184)) - 3750b3a2-715b-46b3-9d0c-9e38136244b9@group-F11756C8BA4A: changes role from  FOLLOWER to FOLLOWER at term 43 for recognizeCandidate:b75f8b2e-6273-4c97-b7c5-042674931d23
2019-10-20 18:18:32,634 [grpc-default-executor-10] INFO  impl.RaftServerImpl (RaftServerImpl.java:setRole(184)) - 6ef27e9c-8ddb-4fa1-8c14-ab102acfb1b8@group-F11756C8BA4A: changes role from  FOLLOWER to FOLLOWER at term 43 for recognizeCandidate:b75f8b2e-6273-4c97-b7c5-042674931d23
2019-10-20 18:18:32,634 [grpc-default-executor-10] INFO  impl.RoleInfo (RoleInfo.java:shutdownFollowerState(121)) - 6ef27e9c-8ddb-4fa1-8c14-ab102acfb1b8: shutdown FollowerState
2019-10-20 18:18:32,634 [grpc-default-executor-3] INFO  impl.RaftServerImpl (RaftServerImpl.java:setRole(184)) - 6c5c38af-62e6-4ea7-a24a-078dcb28fb39@group-D40A05E2FCF9: changes role from  FOLLOWER to FOLLOWER at term 48 for recognizeCandidate:399079f7-1eb1-4f37-b003-267572525934
2019-10-20 18:18:32,635 [grpc-default-executor-3] INFO  impl.RoleInfo (RoleInfo.java:shutdownFollowerState(121)) - 6c5c38af-62e6-4ea7-a24a-078dcb28fb39: shutdown FollowerState
2019-10-20 18:18:32,634 [grpc-default-executor-1] INFO  impl.RoleInfo (RoleInfo.java:shutdownFollowerState(121)) - 7a43c46a-fc88-4b2d-b2da-ae029cfa60ff: shutdown FollowerState
2019-10-20 18:18:32,635 [Thread-947] INFO  impl.FollowerState (FollowerState.java:run(117)) - 6c5c38af-62e6-4ea7-a24a-078dcb28fb39@group-D40A05E2FCF9-FollowerState was interrupted: java.lang.InterruptedException: sleep interrupted
2019-10-20 18:18:32,635 [grpc-default-executor-3] INFO  impl.RoleInfo (RoleInfo.java:updateAndGet(143)) - 6c5c38af-62e6-4ea7-a24a-078dcb28fb39: start FollowerState
2019-10-20 18:18:32,634 [Thread-948] INFO  impl.FollowerState (FollowerState.java:run(117)) - 6ef27e9c-8ddb-4fa1-8c14-ab102acfb1b8@group-F11756C8BA4A-FollowerState was interrupted: java.lang.InterruptedException: sleep interrupted
2019-10-20 18:18:32,634 [grpc-default-executor-10] INFO  impl.RoleInfo (RoleInfo.java:updateAndGet(143)) - 6ef27e9c-8ddb-4fa1-8c14-ab102acfb1b8: start FollowerState
2019-10-20 18:18:32,634 [grpc-default-executor-7] INFO  impl.RoleInfo (RoleInfo.java:shutdownFollowerState(121)) - 3750b3a2-715b-46b3-9d0c-9e38136244b9: shutdown FollowerState
2019-10-20 18:18:32,635 [Thread-949] INFO  impl.FollowerState (FollowerState.java:run(117)) - 7a43c46a-fc88-4b2d-b2da-ae029cfa60ff@group-D40A05E2FCF9-FollowerState was interrupted: java.lang.InterruptedException: sleep interrupted
2019-10-20 18:18:32,636 [Thread-946] INFO  impl.FollowerState (FollowerState.java:run(117)) - 3750b3a2-715b-46b3-9d0c-9e38136244b9@group-F11756C8BA4A-FollowerState was interrupted: java.lang.InterruptedException: sleep interrupted
2019-10-20 18:18:32,635 [grpc-default-executor-1] INFO  impl.RoleInfo (RoleInfo.java:updateAndGet(143)) - 7a43c46a-fc88-4b2d-b2da-ae029cfa60ff: start FollowerState
2019-10-20 18:18:32,636 [grpc-default-executor-7] INFO  impl.RoleInfo (RoleInfo.java:updateAndGet(143)) - 3750b3a2-715b-46b3-9d0c-9e38136244b9: start FollowerState
2019-10-20 18:18:32,666 [b75f8b2e-6273-4c97-b7c5-042674931d23@group-F11756C8BA4A-LeaderElection94] INFO  impl.LeaderElection (LeaderElection.java:logAndReturn(56)) - b75f8b2e-6273-4c97-b7c5-042674931d23@group-F11756C8BA4A-LeaderElection94: Election REJECTED; received 2 response(s) [b75f8b2e-6273-4c97-b7c5-042674931d23<-6ef27e9c-8ddb-4fa1-8c14-ab102acfb1b8#0:FAIL-t43, b75f8b2e-6273-4c97-b7c5-042674931d23<-3750b3a2-715b-46b3-9d0c-9e38136244b9#0:FAIL-t43] and 0 exception(s); b75f8b2e-6273-4c97-b7c5-042674931d23@group-F11756C8BA4A:t43, leader=null, voted=b75f8b2e-6273-4c97-b7c5-042674931d23, raftlog=b75f8b2e-6273-4c97-b7c5-042674931d23@group-F11756C8BA4A-SegmentedRaftLog:OPENED:c-1,f-1,i0, conf=-1: [6ef27e9c-8ddb-4fa1-8c14-ab102acfb1b8:192.168.164.241:38092, b75f8b2e-6273-4c97-b7c5-042674931d23:192.168.164.241:41857, 3750b3a2-715b-46b3-9d0c-9e38136244b9:192.168.164.241:46227], old=null
2019-10-20 18:18:32,666 [399079f7-1eb1-4f37-b003-267572525934@group-D40A05E2FCF9-LeaderElection93] INFO  impl.LeaderElection (LeaderElection.java:logAndReturn(56)) - 399079f7-1eb1-4f37-b003-267572525934@group-D40A05E2FCF9-LeaderElection93: Election REJECTED; received 2 response(s) [399079f7-1eb1-4f37-b003-267572525934<-7a43c46a-fc88-4b2d-b2da-ae029cfa60ff#0:FAIL-t48, 399079f7-1eb1-4f37-b003-267572525934<-6c5c38af-62e6-4ea7-a24a-078dcb28fb39#0:FAIL-t48] and 0 exception(s); 399079f7-1eb1-4f37-b003-267572525934@group-D40A05E2FCF9:t48, leader=null, voted=399079f7-1eb1-4f37-b003-267572525934, raftlog=399079f7-1eb1-4f37-b003-267572525934@group-D40A05E2FCF9-SegmentedRaftLog:OPENED:c-1,f-1,i0, conf=-1: [399079f7-1eb1-4f37-b003-267572525934:192.168.164.241:37762, 7a43c46a-fc88-4b2d-b2da-ae029cfa60ff:192.168.164.241:43684, 6c5c38af-62e6-4ea7-a24a-078dcb28fb39:192.168.164.241:45428], old=null
2019-10-20 18:18:32,666 [b75f8b2e-6273-4c97-b7c5-042674931d23@group-F11756C8BA4A-LeaderElection94] INFO  impl.RaftServerImpl (RaftServerImpl.java:setRole(184)) - b75f8b2e-6273-4c97-b7c5-042674931d23@group-F11756C8BA4A: changes role from CANDIDATE to FOLLOWER at term 43 for DISCOVERED_A_NEW_TERM
2019-10-20 18:18:32,666 [399079f7-1eb1-4f37-b003-267572525934@group-D40A05E2FCF9-LeaderElection93] INFO  impl.RaftServerImpl (RaftServerImpl.java:setRole(184)) - 399079f7-1eb1-4f37-b003-267572525934@group-D40A05E2FCF9: changes role from CANDIDATE to FOLLOWER at term 48 for DISCOVERED_A_NEW_TERM
2019-10-20 18:18:32,667 [b75f8b2e-6273-4c97-b7c5-042674931d23@group-F11756C8BA4A-LeaderElection94] INFO  impl.RoleInfo (RoleInfo.java:shutdownLeaderElection(134)) - b75f8b2e-6273-4c97-b7c5-042674931d23: shutdown LeaderElection
2019-10-20 18:18:32,667 [399079f7-1eb1-4f37-b003-267572525934@group-D40A05E2FCF9-LeaderElection93] INFO  impl.RoleInfo (RoleInfo.java:shutdownLeaderElection(134)) - 399079f7-1eb1-4f37-b003-267572525934: shutdown LeaderElection
2019-10-20 18:18:32,667 [b75f8b2e-6273-4c97-b7c5-042674931d23@group-F11756C8BA4A-LeaderElection94] INFO  impl.RoleInfo (RoleInfo.java:updateAndGet(143)) - b75f8b2e-6273-4c97-b7c5-042674931d23: start FollowerState
2019-10-20 18:18:32,667 [399079f7-1eb1-4f37-b003-267572525934@group-D40A05E2FCF9-LeaderElection93] INFO  impl.RoleInfo (RoleInfo.java:updateAndGet(143)) - 399079f7-1eb1-4f37-b003-267572525934: start FollowerState
2019-10-20 18:18:32,700 [Thread-962] INFO  impl.FollowerState (FollowerState.java:run(108)) - b75f8b2e-6273-4c97-b7c5-042674931d23@group-F11756C8BA4A-FollowerState: change to CANDIDATE, lastRpcTime:33ms, electionTimeout:33ms
2019-10-20 18:18:32,701 [Thread-962] INFO  impl.RoleInfo (RoleInfo.java:shutdownFollowerState(121)) - b75f8b2e-6273-4c97-b7c5-042674931d23: shutdown FollowerState
2019-10-20 18:18:32,701 [Thread-962] INFO  impl.RaftServerImpl (RaftServerImpl.java:setRole(184)) - b75f8b2e-6273-4c97-b7c5-042674931d23@group-F11756C8BA4A: changes role from  FOLLOWER to CANDIDATE at term 43 for changeToCandidate
2019-10-20 18:18:32,701 [Thread-962] INFO  impl.RoleInfo (RoleInfo.java:updateAndGet(143)) - b75f8b2e-6273-4c97-b7c5-042674931d23: start LeaderElection
2019-10-20 18:18:32,712 [Thread-963] INFO  impl.FollowerState (FollowerState.java:run(108)) - 399079f7-1eb1-4f37-b003-267572525934@group-D40A05E2FCF9-FollowerState: change to CANDIDATE, lastRpcTime:45ms, electionTimeout:43ms
2019-10-20 18:18:32,720 [Thread-963] INFO  impl.RoleInfo (RoleInfo.java:shutdownFollowerState(121)) - 399079f7-1eb1-4f37-b003-267572525934: shutdown FollowerState
2019-10-20 18:18:32,720 [Thread-963] INFO  impl.RaftServerImpl (RaftServerImpl.java:setRole(184)) - 399079f7-1eb1-4f37-b003-267572525934@group-D40A05E2FCF9: changes role from  FOLLOWER to CANDIDATE at term 48 for changeToCandidate
2019-10-20 18:18:32,720 [Thread-963] INFO  impl.RoleInfo (RoleInfo.java:updateAndGet(143)) - 399079f7-1eb1-4f37-b003-267572525934: start LeaderElection
2019-10-20 18:18:32,732 [b75f8b2e-6273-4c97-b7c5-042674931d23@group-F11756C8BA4A-LeaderElection95] INFO  impl.LeaderElection (LeaderElection.java:askForVotes(178)) - b75f8b2e-6273-4c97-b7c5-042674931d23@group-F11756C8BA4A-LeaderElection95: begin an election at term 44 for -1: [6ef27e9c-8ddb-4fa1-8c14-ab102acfb1b8:192.168.164.241:38092, b75f8b2e-6273-4c97-b7c5-042674931d23:192.168.164.241:41857, 3750b3a2-715b-46b3-9d0c-9e38136244b9:192.168.164.241:46227], old=null
2019-10-20 18:18:32,734 [grpc-default-executor-7] INFO  impl.RaftServerImpl (RaftServerImpl.java:setRole(184)) - 6ef27e9c-8ddb-4fa1-8c14-ab102acfb1b8@group-F11756C8BA4A: changes role from  FOLLOWER to FOLLOWER at term 44 for recognizeCandidate:b75f8b2e-6273-4c97-b7c5-042674931d23
2019-10-20 18:18:32,734 [grpc-default-executor-10] INFO  impl.RaftServerImpl (RaftServerImpl.java:setRole(184)) - 3750b3a2-715b-46b3-9d0c-9e38136244b9@group-F11756C8BA4A: changes role from  FOLLOWER to FOLLOWER at term 44 for recognizeCandidate:b75f8b2e-6273-4c97-b7c5-042674931d23
2019-10-20 18:18:32,734 [grpc-default-executor-7] INFO  impl.RoleInfo (RoleInfo.java:shutdownFollowerState(121)) - 6ef27e9c-8ddb-4fa1-8c14-ab102acfb1b8: shutdown FollowerState
2019-10-20 18:18:32,734 [grpc-default-executor-10] INFO  impl.RoleInfo (RoleInfo.java:shutdownFollowerState(121)) - 3750b3a2-715b-46b3-9d0c-9e38136244b9: shutdown FollowerState
2019-10-20 18:18:32,734 [Thread-958] INFO  impl.FollowerState (FollowerState.java:run(117)) - 6ef27e9c-8ddb-4fa1-8c14-ab102acfb1b8@group-F11756C8BA4A-FollowerState was interrupted: java.lang.InterruptedException: sleep interrupted
2019-10-20 18:18:32,734 [Thread-961] INFO  impl.FollowerState (FollowerState.java:run(117)) - 3750b3a2-715b-46b3-9d0c-9e38136244b9@group-F11756C8BA4A-FollowerState was interrupted: java.lang.InterruptedException: sleep interrupted
2019-10-20 18:18:32,734 [grpc-default-executor-7] INFO  impl.RoleInfo (RoleInfo.java:updateAndGet(143)) - 6ef27e9c-8ddb-4fa1-8c14-ab102acfb1b8: start FollowerState
2019-10-20 18:18:32,734 [grpc-default-executor-10] INFO  impl.RoleInfo (RoleInfo.java:updateAndGet(143)) - 3750b3a2-715b-46b3-9d0c-9e38136244b9: start FollowerState
2019-10-20 18:18:32,749 [399079f7-1eb1-4f37-b003-267572525934@group-D40A05E2FCF9-LeaderElection96] INFO  impl.LeaderElection (LeaderElection.java:askForVotes(178)) - 399079f7-1eb1-4f37-b003-267572525934@group-D40A05E2FCF9-LeaderElection96: begin an election at term 49 for -1: [399079f7-1eb1-4f37-b003-267572525934:192.168.164.241:37762, 7a43c46a-fc88-4b2d-b2da-ae029cfa60ff:192.168.164.241:43684, 6c5c38af-62e6-4ea7-a24a-078dcb28fb39:192.168.164.241:45428], old=null
2019-10-20 18:18:32,751 [grpc-default-executor-3] INFO  impl.RaftServerImpl (RaftServerImpl.java:setRole(184)) - 7a43c46a-fc88-4b2d-b2da-ae029cfa60ff@group-D40A05E2FCF9: changes role from  FOLLOWER to FOLLOWER at term 49 for recognizeCandidate:399079f7-1eb1-4f37-b003-267572525934
2019-10-20 18:18:32,751 [grpc-default-executor-3] INFO  impl.RoleInfo (RoleInfo.java:shutdownFollowerState(121)) - 7a43c46a-fc88-4b2d-b2da-ae029cfa60ff: shutdown FollowerState
2019-10-20 18:18:32,751 [grpc-default-executor-3] INFO  impl.RoleInfo (RoleInfo.java:updateAndGet(143)) - 7a43c46a-fc88-4b2d-b2da-ae029cfa60ff: start FollowerState
2019-10-20 18:18:32,751 [Thread-960] INFO  impl.FollowerState (FollowerState.java:run(117)) - 7a43c46a-fc88-4b2d-b2da-ae029cfa60ff@group-D40A05E2FCF9-FollowerState was interrupted: java.lang.InterruptedException: sleep interrupted
2019-10-20 18:18:32,751 [grpc-default-executor-1] INFO  impl.RaftServerImpl (RaftServerImpl.java:setRole(184)) - 6c5c38af-62e6-4ea7-a24a-078dcb28fb39@group-D40A05E2FCF9: changes role from  FOLLOWER to FOLLOWER at term 49 for recognizeCandidate:399079f7-1eb1-4f37-b003-267572525934
2019-10-20 18:18:32,751 [grpc-default-executor-1] INFO  impl.RoleInfo (RoleInfo.java:shutdownFollowerState(121)) - 6c5c38af-62e6-4ea7-a24a-078dcb28fb39: shutdown FollowerState
2019-10-20 18:18:32,752 [grpc-default-executor-1] INFO  impl.RoleInfo (RoleInfo.java:updateAndGet(143)) - 6c5c38af-62e6-4ea7-a24a-078dcb28fb39: start FollowerState
2019-10-20 18:18:32,752 [Thread-959] INFO  impl.FollowerState (FollowerState.java:run(117)) - 6c5c38af-62e6-4ea7-a24a-078dcb28fb39@group-D40A05E2FCF9-FollowerState was interrupted: java.lang.InterruptedException: sleep interrupted
2019-10-20 18:18:32,768 [b75f8b2e-6273-4c97-b7c5-042674931d23@group-F11756C8BA4A-LeaderElection95] INFO  impl.LeaderElection (LeaderElection.java:logAndReturn(56)) - b75f8b2e-6273-4c97-b7c5-042674931d23@group-F11756C8BA4A-LeaderElection95: Election REJECTED; received 2 response(s) [b75f8b2e-6273-4c97-b7c5-042674931d23<-6ef27e9c-8ddb-4fa1-8c14-ab102acfb1b8#0:FAIL-t44, b75f8b2e-6273-4c97-b7c5-042674931d23<-3750b3a2-715b-46b3-9d0c-9e38136244b9#0:FAIL-t44] and 0 exception(s); b75f8b2e-6273-4c97-b7c5-042674931d23@group-F11756C8BA4A:t44, leader=null, voted=b75f8b2e-6273-4c97-b7c5-042674931d23, raftlog=b75f8b2e-6273-4c97-b7c5-042674931d23@group-F11756C8BA4A-SegmentedRaftLog:OPENED:c-1,f-1,i0, conf=-1: [6ef27e9c-8ddb-4fa1-8c14-ab102acfb1b8:192.168.164.241:38092, b75f8b2e-6273-4c97-b7c5-042674931d23:192.168.164.241:41857, 3750b3a2-715b-46b3-9d0c-9e38136244b9:192.168.164.241:46227], old=null
2019-10-20 18:18:32,768 [b75f8b2e-6273-4c97-b7c5-042674931d23@group-F11756C8BA4A-LeaderElection95] INFO  impl.RaftServerImpl (RaftServerImpl.java:setRole(184)) - b75f8b2e-6273-4c97-b7c5-042674931d23@group-F11756C8BA4A: changes role from CANDIDATE to FOLLOWER at term 44 for DISCOVERED_A_NEW_TERM
2019-10-20 18:18:32,768 [b75f8b2e-6273-4c97-b7c5-042674931d23@group-F11756C8BA4A-LeaderElection95] INFO  impl.RoleInfo (RoleInfo.java:shutdownLeaderElection(134)) - b75f8b2e-6273-4c97-b7c5-042674931d23: shutdown LeaderElection
2019-10-20 18:18:32,768 [b75f8b2e-6273-4c97-b7c5-042674931d23@group-F11756C8BA4A-LeaderElection95] INFO  impl.RoleInfo (RoleInfo.java:updateAndGet(143)) - b75f8b2e-6273-4c97-b7c5-042674931d23: start FollowerState
2019-10-20 18:18:32,785 [399079f7-1eb1-4f37-b003-267572525934@group-D40A05E2FCF9-LeaderElection96] INFO  impl.LeaderElection (LeaderElection.java:logAndReturn(56)) - 399079f7-1eb1-4f37-b003-267572525934@group-D40A05E2FCF9-LeaderElection96: Election REJECTED; received 2 response(s) [399079f7-1eb1-4f37-b003-267572525934<-7a43c46a-fc88-4b2d-b2da-ae029cfa60ff#0:FAIL-t49, 399079f7-1eb1-4f37-b003-267572525934<-6c5c38af-62e6-4ea7-a24a-078dcb28fb39#0:FAIL-t49] and 0 exception(s); 399079f7-1eb1-4f37-b003-267572525934@group-D40A05E2FCF9:t49, leader=null, voted=399079f7-1eb1-4f37-b003-267572525934, raftlog=399079f7-1eb1-4f37-b003-267572525934@group-D40A05E2FCF9-SegmentedRaftLog:OPENED:c-1,f-1,i0, conf=-1: [399079f7-1eb1-4f37-b003-267572525934:192.168.164.241:37762, 7a43c46a-fc88-4b2d-b2da-ae029cfa60ff:192.168.164.241:43684, 6c5c38af-62e6-4ea7-a24a-078dcb28fb39:192.168.164.241:45428], old=null
2019-10-20 18:18:32,785 [399079f7-1eb1-4f37-b003-267572525934@group-D40A05E2FCF9-LeaderElection96] INFO  impl.RaftServerImpl (RaftServerImpl.java:setRole(184)) - 399079f7-1eb1-4f37-b003-267572525934@group-D40A05E2FCF9: changes role from CANDIDATE to FOLLOWER at term 49 for DISCOVERED_A_NEW_TERM
2019-10-20 18:18:32,785 [399079f7-1eb1-4f37-b003-267572525934@group-D40A05E2FCF9-LeaderElection96] INFO  impl.RoleInfo (RoleInfo.java:shutdownLeaderElection(134)) - 399079f7-1eb1-4f37-b003-267572525934: shutdown LeaderElection
2019-10-20 18:18:32,786 [399079f7-1eb1-4f37-b003-267572525934@group-D40A05E2FCF9-LeaderElection96] INFO  impl.RoleInfo (RoleInfo.java:updateAndGet(143)) - 399079f7-1eb1-4f37-b003-267572525934: start FollowerState
2019-10-20 18:18:32,897 [Thread-976] INFO  impl.FollowerState (FollowerState.java:run(108)) - b75f8b2e-6273-4c97-b7c5-042674931d23@group-F11756C8BA4A-FollowerState: change to CANDIDATE, lastRpcTime:128ms, electionTimeout:128ms
2019-10-20 18:18:32,897 [Thread-976] INFO  impl.RoleInfo (RoleInfo.java:shutdownFollowerState(121)) - b75f8b2e-6273-4c97-b7c5-042674931d23: shutdown FollowerState
2019-10-20 18:18:32,897 [Thread-976] INFO  impl.RaftServerImpl (RaftServerImpl.java:setRole(184)) - b75f8b2e-6273-4c97-b7c5-042674931d23@group-F11756C8BA4A: changes role from  FOLLOWER to CANDIDATE at term 44 for changeToCandidate
2019-10-20 18:18:32,897 [Thread-976] INFO  impl.RoleInfo (RoleInfo.java:updateAndGet(143)) - b75f8b2e-6273-4c97-b7c5-042674931d23: start LeaderElection
2019-10-20 18:18:32,926 [b75f8b2e-6273-4c97-b7c5-042674931d23@group-F11756C8BA4A-LeaderElection97] INFO  impl.LeaderElection (LeaderElection.java:askForVotes(178)) - b75f8b2e-6273-4c97-b7c5-042674931d23@group-F11756C8BA4A-LeaderElection97: begin an election at term 45 for -1: [6ef27e9c-8ddb-4fa1-8c14-ab102acfb1b8:192.168.164.241:38092, b75f8b2e-6273-4c97-b7c5-042674931d23:192.168.164.241:41857, 3750b3a2-715b-46b3-9d0c-9e38136244b9:192.168.164.241:46227], old=null
2019-10-20 18:18:32,928 [grpc-default-executor-1] INFO  impl.RaftServerImpl (RaftServerImpl.java:setRole(184)) - 6ef27e9c-8ddb-4fa1-8c14-ab102acfb1b8@group-F11756C8BA4A: changes role from  FOLLOWER to FOLLOWER at term 45 for recognizeCandidate:b75f8b2e-6273-4c97-b7c5-042674931d23
2019-10-20 18:18:32,928 [grpc-default-executor-3] INFO  impl.RaftServerImpl (RaftServerImpl.java:setRole(184)) - 3750b3a2-715b-46b3-9d0c-9e38136244b9@group-F11756C8BA4A: changes role from  FOLLOWER to FOLLOWER at term 45 for recognizeCandidate:b75f8b2e-6273-4c97-b7c5-042674931d23
2019-10-20 18:18:32,928 [grpc-default-executor-1] INFO  impl.RoleInfo (RoleInfo.java:shutdownFollowerState(121)) - 6ef27e9c-8ddb-4fa1-8c14-ab102acfb1b8: shutdown FollowerState
2019-10-20 18:18:32,929 [grpc-default-executor-3] INFO  impl.RoleInfo (RoleInfo.java:shutdownFollowerState(121)) - 3750b3a2-715b-46b3-9d0c-9e38136244b9: shutdown FollowerState
2019-10-20 18:18:32,929 [Thread-970] INFO  impl.FollowerState (FollowerState.java:run(117)) - 6ef27e9c-8ddb-4fa1-8c14-ab102acfb1b8@group-F11756C8BA4A-FollowerState was interrupted: java.lang.InterruptedException: sleep interrupted
2019-10-20 18:18:32,929 [grpc-default-executor-1] INFO  impl.RoleInfo (RoleInfo.java:updateAndGet(143)) - 6ef27e9c-8ddb-4fa1-8c14-ab102acfb1b8: start FollowerState
2019-10-20 18:18:32,929 [Thread-971] INFO  impl.FollowerState (FollowerState.java:run(117)) - 3750b3a2-715b-46b3-9d0c-9e38136244b9@group-F11756C8BA4A-FollowerState was interrupted: java.lang.InterruptedException: sleep interrupted
2019-10-20 18:18:32,929 [grpc-default-executor-3] INFO  impl.RoleInfo (RoleInfo.java:updateAndGet(143)) - 3750b3a2-715b-46b3-9d0c-9e38136244b9: start FollowerState
2019-10-20 18:18:32,950 [Thread-977] INFO  impl.FollowerState (FollowerState.java:run(108)) - 399079f7-1eb1-4f37-b003-267572525934@group-D40A05E2FCF9-FollowerState: change to CANDIDATE, lastRpcTime:164ms, electionTimeout:164ms
2019-10-20 18:18:32,950 [Thread-977] INFO  impl.RoleInfo (RoleInfo.java:shutdownFollowerState(121)) - 399079f7-1eb1-4f37-b003-267572525934: shutdown FollowerState
2019-10-20 18:18:32,950 [Thread-977] INFO  impl.RaftServerImpl (RaftServerImpl.java:setRole(184)) - 399079f7-1eb1-4f37-b003-267572525934@group-D40A05E2FCF9: changes role from  FOLLOWER to CANDIDATE at term 49 for changeToCandidate
2019-10-20 18:18:32,950 [Thread-977] INFO  impl.RoleInfo (RoleInfo.java:updateAndGet(143)) - 399079f7-1eb1-4f37-b003-267572525934: start LeaderElection
2019-10-20 18:18:32,953 [b75f8b2e-6273-4c97-b7c5-042674931d23@group-F11756C8BA4A-LeaderElection97] INFO  impl.LeaderElection (LeaderElection.java:logAndReturn(56)) - b75f8b2e-6273-4c97-b7c5-042674931d23@group-F11756C8BA4A-LeaderElection97: Election REJECTED; received 2 response(s) [b75f8b2e-6273-4c97-b7c5-042674931d23<-6ef27e9c-8ddb-4fa1-8c14-ab102acfb1b8#0:FAIL-t45, b75f8b2e-6273-4c97-b7c5-042674931d23<-3750b3a2-715b-46b3-9d0c-9e38136244b9#0:FAIL-t45] and 0 exception(s); b75f8b2e-6273-4c97-b7c5-042674931d23@group-F11756C8BA4A:t45, leader=null, voted=b75f8b2e-6273-4c97-b7c5-042674931d23, raftlog=b75f8b2e-6273-4c97-b7c5-042674931d23@group-F11756C8BA4A-SegmentedRaftLog:OPENED:c-1,f-1,i0, conf=-1: [6ef27e9c-8ddb-4fa1-8c14-ab102acfb1b8:192.168.164.241:38092, b75f8b2e-6273-4c97-b7c5-042674931d23:192.168.164.241:41857, 3750b3a2-715b-46b3-9d0c-9e38136244b9:192.168.164.241:46227], old=null
2019-10-20 18:18:32,953 [b75f8b2e-6273-4c97-b7c5-042674931d23@group-F11756C8BA4A-LeaderElection97] INFO  impl.RaftServerImpl (RaftServerImpl.java:setRole(184)) - b75f8b2e-6273-4c97-b7c5-042674931d23@group-F11756C8BA4A: changes role from CANDIDATE to FOLLOWER at term 45 for DISCOVERED_A_NEW_TERM
2019-10-20 18:18:32,953 [b75f8b2e-6273-4c97-b7c5-042674931d23@group-F11756C8BA4A-LeaderElection97] INFO  impl.RoleInfo (RoleInfo.java:shutdownLeaderElection(134)) - b75f8b2e-6273-4c97-b7c5-042674931d23: shutdown LeaderElection
2019-10-20 18:18:32,953 [b75f8b2e-6273-4c97-b7c5-042674931d23@group-F11756C8BA4A-LeaderElection97] INFO  impl.RoleInfo (RoleInfo.java:updateAndGet(143)) - b75f8b2e-6273-4c97-b7c5-042674931d23: start FollowerState
2019-10-20 18:18:32,977 [399079f7-1eb1-4f37-b003-267572525934@group-D40A05E2FCF9-LeaderElection98] INFO  impl.LeaderElection (LeaderElection.java:askForVotes(178)) - 399079f7-1eb1-4f37-b003-267572525934@group-D40A05E2FCF9-LeaderElection98: begin an election at term 50 for -1: [399079f7-1eb1-4f37-b003-267572525934:192.168.164.241:37762, 7a43c46a-fc88-4b2d-b2da-ae029cfa60ff:192.168.164.241:43684, 6c5c38af-62e6-4ea7-a24a-078dcb28fb39:192.168.164.241:45428], old=null
2019-10-20 18:18:32,980 [grpc-default-executor-1] INFO  impl.RaftServerImpl (RaftServerImpl.java:setRole(184)) - 6c5c38af-62e6-4ea7-a24a-078dcb28fb39@group-D40A05E2FCF9: changes role from  FOLLOWER to FOLLOWER at term 50 for recognizeCandidate:399079f7-1eb1-4f37-b003-267572525934
2019-10-20 18:18:32,981 [grpc-default-executor-1] INFO  impl.RoleInfo (RoleInfo.java:shutdownFollowerState(121)) - 6c5c38af-62e6-4ea7-a24a-078dcb28fb39: shutdown FollowerState
2019-10-20 18:18:32,980 [grpc-default-executor-3] INFO  impl.RaftServerImpl (RaftServerImpl.java:setRole(184)) - 7a43c46a-fc88-4b2d-b2da-ae029cfa60ff@group-D40A05E2FCF9: changes role from  FOLLOWER to FOLLOWER at term 50 for recognizeCandidate:399079f7-1eb1-4f37-b003-267572525934
2019-10-20 18:18:32,981 [Thread-975] INFO  impl.FollowerState (FollowerState.java:run(117)) - 6c5c38af-62e6-4ea7-a24a-078dcb28fb39@group-D40A05E2FCF9-FollowerState was interrupted: java.lang.InterruptedException: sleep interrupted
2019-10-20 18:18:32,981 [grpc-default-executor-1] INFO  impl.RoleInfo (RoleInfo.java:updateAndGet(143)) - 6c5c38af-62e6-4ea7-a24a-078dcb28fb39: start FollowerState
2019-10-20 18:18:32,981 [grpc-default-executor-3] INFO  impl.RoleInfo (RoleInfo.java:shutdownFollowerState(121)) - 7a43c46a-fc88-4b2d-b2da-ae029cfa60ff: shutdown FollowerState
2019-10-20 18:18:32,981 [grpc-default-executor-3] INFO  impl.RoleInfo (RoleInfo.java:updateAndGet(143)) - 7a43c46a-fc88-4b2d-b2da-ae029cfa60ff: start FollowerState
2019-10-20 18:18:32,981 [Thread-974] INFO  impl.FollowerState (FollowerState.java:run(117)) - 7a43c46a-fc88-4b2d-b2da-ae029cfa60ff@group-D40A05E2FCF9-FollowerState was interrupted: java.lang.InterruptedException: sleep interrupted
2019-10-20 18:18:32,982 [399079f7-1eb1-4f37-b003-267572525934@group-D40A05E2FCF9-LeaderElection98] INFO  impl.LeaderElection (LeaderElection.java:logAndReturn(56)) - 399079f7-1eb1-4f37-b003-267572525934@group-D40A05E2FCF9-LeaderElection98: Election TIMEOUT; received 0 response(s) [] and 0 exception(s); 399079f7-1eb1-4f37-b003-267572525934@group-D40A05E2FCF9:t50, leader=null, voted=399079f7-1eb1-4f37-b003-267572525934, raftlog=399079f7-1eb1-4f37-b003-267572525934@group-D40A05E2FCF9-SegmentedRaftLog:OPENED:c-1,f-1,i0, conf=-1: [399079f7-1eb1-4f37-b003-267572525934:192.168.164.241:37762, 7a43c46a-fc88-4b2d-b2da-ae029cfa60ff:192.168.164.241:43684, 6c5c38af-62e6-4ea7-a24a-078dcb28fb39:192.168.164.241:45428], old=null
2019-10-20 18:18:33,011 [399079f7-1eb1-4f37-b003-267572525934@group-D40A05E2FCF9-LeaderElection98] INFO  impl.LeaderElection (LeaderElection.java:askForVotes(178)) - 399079f7-1eb1-4f37-b003-267572525934@group-D40A05E2FCF9-LeaderElection98: begin an election at term 51 for -1: [399079f7-1eb1-4f37-b003-267572525934:192.168.164.241:37762, 7a43c46a-fc88-4b2d-b2da-ae029cfa60ff:192.168.164.241:43684, 6c5c38af-62e6-4ea7-a24a-078dcb28fb39:192.168.164.241:45428], old=null
2019-10-20 18:18:33,013 [grpc-default-executor-1] INFO  impl.RaftServerImpl (RaftServerImpl.java:setRole(184)) - 7a43c46a-fc88-4b2d-b2da-ae029cfa60ff@group-D40A05E2FCF9: changes role from  FOLLOWER to FOLLOWER at term 51 for recognizeCandidate:399079f7-1eb1-4f37-b003-267572525934
2019-10-20 18:18:33,013 [grpc-default-executor-3] INFO  impl.RaftServerImpl (RaftServerImpl.java:setRole(184)) - 6c5c38af-62e6-4ea7-a24a-078dcb28fb39@group-D40A05E2FCF9: changes role from  FOLLOWER to FOLLOWER at term 51 for recognizeCandidate:399079f7-1eb1-4f37-b003-267572525934
2019-10-20 18:18:33,013 [grpc-default-executor-1] INFO  impl.RoleInfo (RoleInfo.java:shutdownFollowerState(121)) - 7a43c46a-fc88-4b2d-b2da-ae029cfa60ff: shutdown FollowerState
2019-10-20 18:18:33,013 [grpc-default-executor-3] INFO  impl.RoleInfo (RoleInfo.java:shutdownFollowerState(121)) - 6c5c38af-62e6-4ea7-a24a-078dcb28fb39: shutdown FollowerState
2019-10-20 18:18:33,013 [grpc-default-executor-1] INFO  impl.RoleInfo (RoleInfo.java:updateAndGet(143)) - 7a43c46a-fc88-4b2d-b2da-ae029cfa60ff: start FollowerState
2019-10-20 18:18:33,013 [Thread-988] INFO  impl.FollowerState (FollowerState.java:run(117)) - 7a43c46a-fc88-4b2d-b2da-ae029cfa60ff@group-D40A05E2FCF9-FollowerState was interrupted: java.lang.InterruptedException: sleep interrupted
2019-10-20 18:18:33,013 [Thread-987] INFO  impl.FollowerState (FollowerState.java:run(117)) - 6c5c38af-62e6-4ea7-a24a-078dcb28fb39@group-D40A05E2FCF9-FollowerState was interrupted: java.lang.InterruptedException: sleep interrupted
2019-10-20 18:18:33,013 [grpc-default-executor-3] INFO  impl.RoleInfo (RoleInfo.java:updateAndGet(143)) - 6c5c38af-62e6-4ea7-a24a-078dcb28fb39: start FollowerState
2019-10-20 18:18:33,037 [399079f7-1eb1-4f37-b003-267572525934@group-D40A05E2FCF9-LeaderElection98] INFO  impl.LeaderElection (LeaderElection.java:logAndReturn(56)) - 399079f7-1eb1-4f37-b003-267572525934@group-D40A05E2FCF9-LeaderElection98: Election REJECTED; received 2 response(s) [399079f7-1eb1-4f37-b003-267572525934<-7a43c46a-fc88-4b2d-b2da-ae029cfa60ff#0:FAIL-t51, 399079f7-1eb1-4f37-b003-267572525934<-6c5c38af-62e6-4ea7-a24a-078dcb28fb39#0:FAIL-t51] and 0 exception(s); 399079f7-1eb1-4f37-b003-267572525934@group-D40A05E2FCF9:t51, leader=null, voted=399079f7-1eb1-4f37-b003-267572525934, raftlog=399079f7-1eb1-4f37-b003-267572525934@group-D40A05E2FCF9-SegmentedRaftLog:OPENED:c-1,f-1,i0, conf=-1: [399079f7-1eb1-4f37-b003-267572525934:192.168.164.241:37762, 7a43c46a-fc88-4b2d-b2da-ae029cfa60ff:192.168.164.241:43684, 6c5c38af-62e6-4ea7-a24a-078dcb28fb39:192.168.164.241:45428], old=null
2019-10-20 18:18:33,037 [399079f7-1eb1-4f37-b003-267572525934@group-D40A05E2FCF9-LeaderElection98] INFO  impl.RaftServerImpl (RaftServerImpl.java:setRole(184)) - 399079f7-1eb1-4f37-b003-267572525934@group-D40A05E2FCF9: changes role from CANDIDATE to FOLLOWER at term 51 for DISCOVERED_A_NEW_TERM
2019-10-20 18:18:33,037 [399079f7-1eb1-4f37-b003-267572525934@group-D40A05E2FCF9-LeaderElection98] INFO  impl.RoleInfo (RoleInfo.java:shutdownLeaderElection(134)) - 399079f7-1eb1-4f37-b003-267572525934: shutdown LeaderElection
2019-10-20 18:18:33,037 [399079f7-1eb1-4f37-b003-267572525934@group-D40A05E2FCF9-LeaderElection98] INFO  impl.RoleInfo (RoleInfo.java:updateAndGet(143)) - 399079f7-1eb1-4f37-b003-267572525934: start FollowerState
2019-10-20 18:18:33,076 [Thread-993] INFO  impl.FollowerState (FollowerState.java:run(108)) - 399079f7-1eb1-4f37-b003-267572525934@group-D40A05E2FCF9-FollowerState: change to CANDIDATE, lastRpcTime:38ms, electionTimeout:38ms
2019-10-20 18:18:33,076 [Thread-993] INFO  impl.RoleInfo (RoleInfo.java:shutdownFollowerState(121)) - 399079f7-1eb1-4f37-b003-267572525934: shutdown FollowerState
2019-10-20 18:18:33,076 [Thread-993] INFO  impl.RaftServerImpl (RaftServerImpl.java:setRole(184)) - 399079f7-1eb1-4f37-b003-267572525934@group-D40A05E2FCF9: changes role from  FOLLOWER to CANDIDATE at term 51 for changeToCandidate
2019-10-20 18:18:33,076 [Thread-993] INFO  impl.RoleInfo (RoleInfo.java:updateAndGet(143)) - 399079f7-1eb1-4f37-b003-267572525934: start LeaderElection
2019-10-20 18:18:33,083 [Thread-984] INFO  impl.FollowerState (FollowerState.java:run(108)) - b75f8b2e-6273-4c97-b7c5-042674931d23@group-F11756C8BA4A-FollowerState: change to CANDIDATE, lastRpcTime:130ms, electionTimeout:130ms
2019-10-20 18:18:33,083 [Thread-984] INFO  impl.RoleInfo (RoleInfo.java:shutdownFollowerState(121)) - b75f8b2e-6273-4c97-b7c5-042674931d23: shutdown FollowerState
2019-10-20 18:18:33,084 [Thread-984] INFO  impl.RaftServerImpl (RaftServerImpl.java:setRole(184)) - b75f8b2e-6273-4c97-b7c5-042674931d23@group-F11756C8BA4A: changes role from  FOLLOWER to CANDIDATE at term 45 for changeToCandidate
2019-10-20 18:18:33,084 [Thread-984] INFO  impl.RoleInfo (RoleInfo.java:updateAndGet(143)) - b75f8b2e-6273-4c97-b7c5-042674931d23: start LeaderElection
2019-10-20 18:18:33,103 [b75f8b2e-6273-4c97-b7c5-042674931d23@group-F11756C8BA4A-LeaderElection100] INFO  impl.LeaderElection (LeaderElection.java:askForVotes(178)) - b75f8b2e-6273-4c97-b7c5-042674931d23@group-F11756C8BA4A-LeaderElection100: begin an election at term 46 for -1: [6ef27e9c-8ddb-4fa1-8c14-ab102acfb1b8:192.168.164.241:38092, b75f8b2e-6273-4c97-b7c5-042674931d23:192.168.164.241:41857, 3750b3a2-715b-46b3-9d0c-9e38136244b9:192.168.164.241:46227], old=null
2019-10-20 18:18:33,103 [399079f7-1eb1-4f37-b003-267572525934@group-D40A05E2FCF9-LeaderElection99] INFO  impl.LeaderElection (LeaderElection.java:askForVotes(178)) - 399079f7-1eb1-4f37-b003-267572525934@group-D40A05E2FCF9-LeaderElection99: begin an election at term 52 for -1: [399079f7-1eb1-4f37-b003-267572525934:192.168.164.241:37762, 7a43c46a-fc88-4b2d-b2da-ae029cfa60ff:192.168.164.241:43684, 6c5c38af-62e6-4ea7-a24a-078dcb28fb39:192.168.164.241:45428], old=null
2019-10-20 18:18:33,106 [grpc-default-executor-3] INFO  impl.RaftServerImpl (RaftServerImpl.java:setRole(184)) - 7a43c46a-fc88-4b2d-b2da-ae029cfa60ff@group-D40A05E2FCF9: changes role from  FOLLOWER to FOLLOWER at term 52 for recognizeCandidate:399079f7-1eb1-4f37-b003-267572525934
2019-10-20 18:18:33,106 [grpc-default-executor-3] INFO  impl.RoleInfo (RoleInfo.java:shutdownFollowerState(121)) - 7a43c46a-fc88-4b2d-b2da-ae029cfa60ff: shutdown FollowerState
2019-10-20 18:18:33,107 [grpc-default-executor-1] INFO  impl.RaftServerImpl (RaftServerImpl.java:setRole(184)) - 6ef27e9c-8ddb-4fa1-8c14-ab102acfb1b8@group-F11756C8BA4A: changes role from  FOLLOWER to FOLLOWER at term 46 for recognizeCandidate:b75f8b2e-6273-4c97-b7c5-042674931d23
2019-10-20 18:18:33,107 [grpc-default-executor-1] INFO  impl.RoleInfo (RoleInfo.java:shutdownFollowerState(121)) - 6ef27e9c-8ddb-4fa1-8c14-ab102acfb1b8: shutdown FollowerState
2019-10-20 18:18:33,107 [Thread-991] INFO  impl.FollowerState (FollowerState.java:run(117)) - 7a43c46a-fc88-4b2d-b2da-ae029cfa60ff@group-D40A05E2FCF9-FollowerState was interrupted: java.lang.InterruptedException: sleep interrupted
2019-10-20 18:18:33,107 [grpc-default-executor-3] INFO  impl.RoleInfo (RoleInfo.java:updateAndGet(143)) - 7a43c46a-fc88-4b2d-b2da-ae029cfa60ff: start FollowerState
2019-10-20 18:18:33,107 [Thread-981] INFO  impl.FollowerState (FollowerState.java:run(117)) - 6ef27e9c-8ddb-4fa1-8c14-ab102acfb1b8@group-F11756C8BA4A-FollowerState was interrupted: java.lang.InterruptedException: sleep interrupted
2019-10-20 18:18:33,107 [grpc-default-executor-1] INFO  impl.RoleInfo (RoleInfo.java:updateAndGet(143)) - 6ef27e9c-8ddb-4fa1-8c14-ab102acfb1b8: start FollowerState
2019-10-20 18:18:33,107 [grpc-default-executor-10] INFO  impl.RaftServerImpl (RaftServerImpl.java:setRole(184)) - 6c5c38af-62e6-4ea7-a24a-078dcb28fb39@group-D40A05E2FCF9: changes role from  FOLLOWER to FOLLOWER at term 52 for recognizeCandidate:399079f7-1eb1-4f37-b003-267572525934
2019-10-20 18:18:33,108 [grpc-default-executor-10] INFO  impl.RoleInfo (RoleInfo.java:shutdownFollowerState(121)) - 6c5c38af-62e6-4ea7-a24a-078dcb28fb39: shutdown FollowerState
2019-10-20 18:18:33,107 [grpc-default-executor-7] INFO  impl.RaftServerImpl (RaftServerImpl.java:setRole(184)) - 3750b3a2-715b-46b3-9d0c-9e38136244b9@group-F11756C8BA4A: changes role from  FOLLOWER to FOLLOWER at term 46 for recognizeCandidate:b75f8b2e-6273-4c97-b7c5-042674931d23
2019-10-20 18:18:33,108 [Thread-992] INFO  impl.FollowerState (FollowerState.java:run(117)) - 6c5c38af-62e6-4ea7-a24a-078dcb28fb39@group-D40A05E2FCF9-FollowerState was interrupted: java.lang.InterruptedException: sleep interrupted
2019-10-20 18:18:33,108 [grpc-default-executor-10] INFO  impl.RoleInfo (RoleInfo.java:updateAndGet(143)) - 6c5c38af-62e6-4ea7-a24a-078dcb28fb39: start FollowerState
2019-10-20 18:18:33,108 [grpc-default-executor-7] INFO  impl.RoleInfo (RoleInfo.java:shutdownFollowerState(121)) - 3750b3a2-715b-46b3-9d0c-9e38136244b9: shutdown FollowerState
2019-10-20 18:18:33,109 [grpc-default-executor-7] INFO  impl.RoleInfo (RoleInfo.java:updateAndGet(143)) - 3750b3a2-715b-46b3-9d0c-9e38136244b9: start FollowerState
2019-10-20 18:18:33,109 [Thread-982] INFO  impl.FollowerState (FollowerState.java:run(117)) - 3750b3a2-715b-46b3-9d0c-9e38136244b9@group-F11756C8BA4A-FollowerState was interrupted: java.lang.InterruptedException: sleep interrupted
2019-10-20 18:18:33,130 [399079f7-1eb1-4f37-b003-267572525934@group-D40A05E2FCF9-LeaderElection99] INFO  impl.LeaderElection (LeaderElection.java:logAndReturn(56)) - 399079f7-1eb1-4f37-b003-267572525934@group-D40A05E2FCF9-LeaderElection99: Election REJECTED; received 2 response(s) [399079f7-1eb1-4f37-b003-267572525934<-7a43c46a-fc88-4b2d-b2da-ae029cfa60ff#0:FAIL-t52, 399079f7-1eb1-4f37-b003-267572525934<-6c5c38af-62e6-4ea7-a24a-078dcb28fb39#0:FAIL-t52] and 0 exception(s); 399079f7-1eb1-4f37-b003-267572525934@group-D40A05E2FCF9:t52, leader=null, voted=399079f7-1eb1-4f37-b003-267572525934, raftlog=399079f7-1eb1-4f37-b003-267572525934@group-D40A05E2FCF9-SegmentedRaftLog:OPENED:c-1,f-1,i0, conf=-1: [399079f7-1eb1-4f37-b003-267572525934:192.168.164.241:37762, 7a43c46a-fc88-4b2d-b2da-ae029cfa60ff:192.168.164.241:43684, 6c5c38af-62e6-4ea7-a24a-078dcb28fb39:192.168.164.241:45428], old=null
2019-10-20 18:18:33,130 [399079f7-1eb1-4f37-b003-267572525934@group-D40A05E2FCF9-LeaderElection99] INFO  impl.RaftServerImpl (RaftServerImpl.java:setRole(184)) - 399079f7-1eb1-4f37-b003-267572525934@group-D40A05E2FCF9: changes role from CANDIDATE to FOLLOWER at term 52 for DISCOVERED_A_NEW_TERM
2019-10-20 18:18:33,131 [399079f7-1eb1-4f37-b003-267572525934@group-D40A05E2FCF9-LeaderElection99] INFO  impl.RoleInfo (RoleInfo.java:shutdownLeaderElection(134)) - 399079f7-1eb1-4f37-b003-267572525934: shutdown LeaderElection
2019-10-20 18:18:33,131 [b75f8b2e-6273-4c97-b7c5-042674931d23@group-F11756C8BA4A-LeaderElection100] INFO  impl.LeaderElection (LeaderElection.java:logAndReturn(56)) - b75f8b2e-6273-4c97-b7c5-042674931d23@group-F11756C8BA4A-LeaderElection100: Election REJECTED; received 2 response(s) [b75f8b2e-6273-4c97-b7c5-042674931d23<-6ef27e9c-8ddb-4fa1-8c14-ab102acfb1b8#0:FAIL-t46, b75f8b2e-6273-4c97-b7c5-042674931d23<-3750b3a2-715b-46b3-9d0c-9e38136244b9#0:FAIL-t46] and 0 exception(s); b75f8b2e-6273-4c97-b7c5-042674931d23@group-F11756C8BA4A:t46, leader=null, voted=b75f8b2e-6273-4c97-b7c5-042674931d23, raftlog=b75f8b2e-6273-4c97-b7c5-042674931d23@group-F11756C8BA4A-SegmentedRaftLog:OPENED:c-1,f-1,i0, conf=-1: [6ef27e9c-8ddb-4fa1-8c14-ab102acfb1b8:192.168.164.241:38092, b75f8b2e-6273-4c97-b7c5-042674931d23:192.168.164.241:41857, 3750b3a2-715b-46b3-9d0c-9e38136244b9:192.168.164.241:46227], old=null
2019-10-20 18:18:33,131 [399079f7-1eb1-4f37-b003-267572525934@group-D40A05E2FCF9-LeaderElection99] INFO  impl.RoleInfo (RoleInfo.java:updateAndGet(143)) - 399079f7-1eb1-4f37-b003-267572525934: start FollowerState
2019-10-20 18:18:33,131 [b75f8b2e-6273-4c97-b7c5-042674931d23@group-F11756C8BA4A-LeaderElection100] INFO  impl.RaftServerImpl (RaftServerImpl.java:setRole(184)) - b75f8b2e-6273-4c97-b7c5-042674931d23@group-F11756C8BA4A: changes role from CANDIDATE to FOLLOWER at term 46 for DISCOVERED_A_NEW_TERM
2019-10-20 18:18:33,131 [b75f8b2e-6273-4c97-b7c5-042674931d23@group-F11756C8BA4A-LeaderElection100] INFO  impl.RoleInfo (RoleInfo.java:shutdownLeaderElection(134)) - b75f8b2e-6273-4c97-b7c5-042674931d23: shutdown LeaderElection
2019-10-20 18:18:33,131 [b75f8b2e-6273-4c97-b7c5-042674931d23@group-F11756C8BA4A-LeaderElection100] INFO  impl.RoleInfo (RoleInfo.java:updateAndGet(143)) - b75f8b2e-6273-4c97-b7c5-042674931d23: start FollowerState
2019-10-20 18:18:33,255 [Thread-1004] INFO  impl.FollowerState (FollowerState.java:run(108)) - 399079f7-1eb1-4f37-b003-267572525934@group-D40A05E2FCF9-FollowerState: change to CANDIDATE, lastRpcTime:124ms, electionTimeout:124ms
2019-10-20 18:18:33,256 [Thread-1004] INFO  impl.RoleInfo (RoleInfo.java:shutdownFollowerState(121)) - 399079f7-1eb1-4f37-b003-267572525934: shutdown FollowerState
2019-10-20 18:18:33,256 [Thread-1004] INFO  impl.RaftServerImpl (RaftServerImpl.java:setRole(184)) - 399079f7-1eb1-4f37-b003-267572525934@group-D40A05E2FCF9: changes role from  FOLLOWER to CANDIDATE at term 52 for changeToCandidate
2019-10-20 18:18:33,256 [Thread-1004] INFO  impl.RoleInfo (RoleInfo.java:updateAndGet(143)) - 399079f7-1eb1-4f37-b003-267572525934: start LeaderElection
2019-10-20 18:18:33,269 [Thread-1005] INFO  impl.FollowerState (FollowerState.java:run(108)) - b75f8b2e-6273-4c97-b7c5-042674931d23@group-F11756C8BA4A-FollowerState: change to CANDIDATE, lastRpcTime:137ms, electionTimeout:137ms
2019-10-20 18:18:33,269 [Thread-1005] INFO  impl.RoleInfo (RoleInfo.java:shutdownFollowerState(121)) - b75f8b2e-6273-4c97-b7c5-042674931d23: shutdown FollowerState
2019-10-20 18:18:33,269 [Thread-1005] INFO  impl.RaftServerImpl (RaftServerImpl.java:setRole(184)) - b75f8b2e-6273-4c97-b7c5-042674931d23@group-F11756C8BA4A: changes role from  FOLLOWER to CANDIDATE at term 46 for changeToCandidate
2019-10-20 18:18:33,269 [Thread-1005] INFO  impl.RoleInfo (RoleInfo.java:updateAndGet(143)) - b75f8b2e-6273-4c97-b7c5-042674931d23: start LeaderElection
2019-10-20 18:18:33,279 [399079f7-1eb1-4f37-b003-267572525934@group-D40A05E2FCF9-LeaderElection101] INFO  impl.LeaderElection (LeaderElection.java:askForVotes(178)) - 399079f7-1eb1-4f37-b003-267572525934@group-D40A05E2FCF9-LeaderElection101: begin an election at term 53 for -1: [399079f7-1eb1-4f37-b003-267572525934:192.168.164.241:37762, 7a43c46a-fc88-4b2d-b2da-ae029cfa60ff:192.168.164.241:43684, 6c5c38af-62e6-4ea7-a24a-078dcb28fb39:192.168.164.241:45428], old=null
2019-10-20 18:18:33,282 [grpc-default-executor-7] INFO  impl.RaftServerImpl (RaftServerImpl.java:setRole(184)) - 7a43c46a-fc88-4b2d-b2da-ae029cfa60ff@group-D40A05E2FCF9: changes role from  FOLLOWER to FOLLOWER at term 53 for recognizeCandidate:399079f7-1eb1-4f37-b003-267572525934
2019-10-20 18:18:33,282 [grpc-default-executor-10] INFO  impl.RaftServerImpl (RaftServerImpl.java:setRole(184)) - 6c5c38af-62e6-4ea7-a24a-078dcb28fb39@group-D40A05E2FCF9: changes role from  FOLLOWER to FOLLOWER at term 53 for recognizeCandidate:399079f7-1eb1-4f37-b003-267572525934
2019-10-20 18:18:33,282 [grpc-default-executor-7] INFO  impl.RoleInfo (RoleInfo.java:shutdownFollowerState(121)) - 7a43c46a-fc88-4b2d-b2da-ae029cfa60ff: shutdown FollowerState
2019-10-20 18:18:33,282 [grpc-default-executor-10] INFO  impl.RoleInfo (RoleInfo.java:shutdownFollowerState(121)) - 6c5c38af-62e6-4ea7-a24a-078dcb28fb39: shutdown FollowerState
2019-10-20 18:18:33,282 [Thread-1000] INFO  impl.FollowerState (FollowerState.java:run(117)) - 7a43c46a-fc88-4b2d-b2da-ae029cfa60ff@group-D40A05E2FCF9-FollowerState was interrupted: java.lang.InterruptedException: sleep interrupted
2019-10-20 18:18:33,282 [grpc-default-executor-7] INFO  impl.RoleInfo (RoleInfo.java:updateAndGet(143)) - 7a43c46a-fc88-4b2d-b2da-ae029cfa60ff: start FollowerState
2019-10-20 18:18:33,283 [Thread-1002] INFO  impl.FollowerState (FollowerState.java:run(117)) - 6c5c38af-62e6-4ea7-a24a-078dcb28fb39@group-D40A05E2FCF9-FollowerState was interrupted: java.lang.InterruptedException: sleep interrupted
2019-10-20 18:18:33,283 [grpc-default-executor-10] INFO  impl.RoleInfo (RoleInfo.java:updateAndGet(143)) - 6c5c38af-62e6-4ea7-a24a-078dcb28fb39: start FollowerState
2019-10-20 18:18:33,296 [b75f8b2e-6273-4c97-b7c5-042674931d23@group-F11756C8BA4A-LeaderElection102] INFO  impl.LeaderElection (LeaderElection.java:askForVotes(178)) - b75f8b2e-6273-4c97-b7c5-042674931d23@group-F11756C8BA4A-LeaderElection102: begin an election at term 47 for -1: [6ef27e9c-8ddb-4fa1-8c14-ab102acfb1b8:192.168.164.241:38092, b75f8b2e-6273-4c97-b7c5-042674931d23:192.168.164.241:41857, 3750b3a2-715b-46b3-9d0c-9e38136244b9:192.168.164.241:46227], old=null
2019-10-20 18:18:33,298 [grpc-default-executor-3] INFO  impl.RaftServerImpl (RaftServerImpl.java:setRole(184)) - 6ef27e9c-8ddb-4fa1-8c14-ab102acfb1b8@group-F11756C8BA4A: changes role from  FOLLOWER to FOLLOWER at term 47 for recognizeCandidate:b75f8b2e-6273-4c97-b7c5-042674931d23
2019-10-20 18:18:33,299 [grpc-default-executor-3] INFO  impl.RoleInfo (RoleInfo.java:shutdownFollowerState(121)) - 6ef27e9c-8ddb-4fa1-8c14-ab102acfb1b8: shutdown FollowerState
2019-10-20 18:18:33,299 [grpc-default-executor-1] INFO  impl.RaftServerImpl (RaftServerImpl.java:setRole(184)) - 3750b3a2-715b-46b3-9d0c-9e38136244b9@group-F11756C8BA4A: changes role from  FOLLOWER to FOLLOWER at term 47 for recognizeCandidate:b75f8b2e-6273-4c97-b7c5-042674931d23
2019-10-20 18:18:33,299 [Thread-1001] INFO  impl.FollowerState (FollowerState.java:run(117)) - 6ef27e9c-8ddb-4fa1-8c14-ab102acfb1b8@group-F11756C8BA4A-FollowerState was interrupted: java.lang.InterruptedException: sleep interrupted
2019-10-20 18:18:33,299 [grpc-default-executor-3] INFO  impl.RoleInfo (RoleInfo.java:updateAndGet(143)) - 6ef27e9c-8ddb-4fa1-8c14-ab102acfb1b8: start FollowerState
2019-10-20 18:18:33,299 [grpc-default-executor-1] INFO  impl.RoleInfo (RoleInfo.java:shutdownFollowerState(121)) - 3750b3a2-715b-46b3-9d0c-9e38136244b9: shutdown FollowerState
2019-10-20 18:18:33,299 [grpc-default-executor-1] INFO  impl.RoleInfo (RoleInfo.java:updateAndGet(143)) - 3750b3a2-715b-46b3-9d0c-9e38136244b9: start FollowerState
2019-10-20 18:18:33,300 [Thread-1003] INFO  impl.FollowerState (FollowerState.java:run(117)) - 3750b3a2-715b-46b3-9d0c-9e38136244b9@group-F11756C8BA4A-FollowerState was interrupted: java.lang.InterruptedException: sleep interrupted
2019-10-20 18:18:33,315 [399079f7-1eb1-4f37-b003-267572525934@group-D40A05E2FCF9-LeaderElection101] INFO  impl.LeaderElection (LeaderElection.java:logAndReturn(56)) - 399079f7-1eb1-4f37-b003-267572525934@group-D40A05E2FCF9-LeaderElection101: Election REJECTED; received 2 response(s) [399079f7-1eb1-4f37-b003-267572525934<-7a43c46a-fc88-4b2d-b2da-ae029cfa60ff#0:FAIL-t53, 399079f7-1eb1-4f37-b003-267572525934<-6c5c38af-62e6-4ea7-a24a-078dcb28fb39#0:FAIL-t53] and 0 exception(s); 399079f7-1eb1-4f37-b003-267572525934@group-D40A05E2FCF9:t53, leader=null, voted=399079f7-1eb1-4f37-b003-267572525934, raftlog=399079f7-1eb1-4f37-b003-267572525934@group-D40A05E2FCF9-SegmentedRaftLog:OPENED:c-1,f-1,i0, conf=-1: [399079f7-1eb1-4f37-b003-267572525934:192.168.164.241:37762, 7a43c46a-fc88-4b2d-b2da-ae029cfa60ff:192.168.164.241:43684, 6c5c38af-62e6-4ea7-a24a-078dcb28fb39:192.168.164.241:45428], old=null
2019-10-20 18:18:33,315 [399079f7-1eb1-4f37-b003-267572525934@group-D40A05E2FCF9-LeaderElection101] INFO  impl.RaftServerImpl (RaftServerImpl.java:setRole(184)) - 399079f7-1eb1-4f37-b003-267572525934@group-D40A05E2FCF9: changes role from CANDIDATE to FOLLOWER at term 53 for DISCOVERED_A_NEW_TERM
2019-10-20 18:18:33,315 [399079f7-1eb1-4f37-b003-267572525934@group-D40A05E2FCF9-LeaderElection101] INFO  impl.RoleInfo (RoleInfo.java:shutdownLeaderElection(134)) - 399079f7-1eb1-4f37-b003-267572525934: shutdown LeaderElection
2019-10-20 18:18:33,315 [399079f7-1eb1-4f37-b003-267572525934@group-D40A05E2FCF9-LeaderElection101] INFO  impl.RoleInfo (RoleInfo.java:updateAndGet(143)) - 399079f7-1eb1-4f37-b003-267572525934: start FollowerState
2019-10-20 18:18:33,332 [b75f8b2e-6273-4c97-b7c5-042674931d23@group-F11756C8BA4A-LeaderElection102] INFO  impl.LeaderElection (LeaderElection.java:logAndReturn(56)) - b75f8b2e-6273-4c97-b7c5-042674931d23@group-F11756C8BA4A-LeaderElection102: Election REJECTED; received 2 response(s) [b75f8b2e-6273-4c97-b7c5-042674931d23<-6ef27e9c-8ddb-4fa1-8c14-ab102acfb1b8#0:FAIL-t47, b75f8b2e-6273-4c97-b7c5-042674931d23<-3750b3a2-715b-46b3-9d0c-9e38136244b9#0:FAIL-t47] and 0 exception(s); b75f8b2e-6273-4c97-b7c5-042674931d23@group-F11756C8BA4A:t47, leader=null, voted=b75f8b2e-6273-4c97-b7c5-042674931d23, raftlog=b75f8b2e-6273-4c97-b7c5-042674931d23@group-F11756C8BA4A-SegmentedRaftLog:OPENED:c-1,f-1,i0, conf=-1: [6ef27e9c-8ddb-4fa1-8c14-ab102acfb1b8:192.168.164.241:38092, b75f8b2e-6273-4c97-b7c5-042674931d23:192.168.164.241:41857, 3750b3a2-715b-46b3-9d0c-9e38136244b9:192.168.164.241:46227], old=null
2019-10-20 18:18:33,332 [b75f8b2e-6273-4c97-b7c5-042674931d23@group-F11756C8BA4A-LeaderElection102] INFO  impl.RaftServerImpl (RaftServerImpl.java:setRole(184)) - b75f8b2e-6273-4c97-b7c5-042674931d23@group-F11756C8BA4A: changes role from CANDIDATE to FOLLOWER at term 47 for DISCOVERED_A_NEW_TERM
2019-10-20 18:18:33,332 [b75f8b2e-6273-4c97-b7c5-042674931d23@group-F11756C8BA4A-LeaderElection102] INFO  impl.RoleInfo (RoleInfo.java:shutdownLeaderElection(134)) - b75f8b2e-6273-4c97-b7c5-042674931d23: shutdown LeaderElection
2019-10-20 18:18:33,332 [b75f8b2e-6273-4c97-b7c5-042674931d23@group-F11756C8BA4A-LeaderElection102] INFO  impl.RoleInfo (RoleInfo.java:updateAndGet(143)) - b75f8b2e-6273-4c97-b7c5-042674931d23: start FollowerState
2019-10-20 18:18:33,475 [Thread-1020] INFO  impl.FollowerState (FollowerState.java:run(108)) - 399079f7-1eb1-4f37-b003-267572525934@group-D40A05E2FCF9-FollowerState: change to CANDIDATE, lastRpcTime:160ms, electionTimeout:160ms
2019-10-20 18:18:33,476 [Thread-1020] INFO  impl.RoleInfo (RoleInfo.java:shutdownFollowerState(121)) - 399079f7-1eb1-4f37-b003-267572525934: shutdown FollowerState
2019-10-20 18:18:33,476 [Thread-1020] INFO  impl.RaftServerImpl (RaftServerImpl.java:setRole(184)) - 399079f7-1eb1-4f37-b003-267572525934@group-D40A05E2FCF9: changes role from  FOLLOWER to CANDIDATE at term 53 for changeToCandidate
2019-10-20 18:18:33,476 [Thread-1020] INFO  impl.RoleInfo (RoleInfo.java:updateAndGet(143)) - 399079f7-1eb1-4f37-b003-267572525934: start LeaderElection
2019-10-20 18:18:33,502 [Thread-1021] INFO  impl.FollowerState (FollowerState.java:run(108)) - b75f8b2e-6273-4c97-b7c5-042674931d23@group-F11756C8BA4A-FollowerState: change to CANDIDATE, lastRpcTime:169ms, electionTimeout:169ms
2019-10-20 18:18:33,502 [Thread-1021] INFO  impl.RoleInfo (RoleInfo.java:shutdownFollowerState(121)) - b75f8b2e-6273-4c97-b7c5-042674931d23: shutdown FollowerState
2019-10-20 18:18:33,502 [Thread-1021] INFO  impl.RaftServerImpl (RaftServerImpl.java:setRole(184)) - b75f8b2e-6273-4c97-b7c5-042674931d23@group-F11756C8BA4A: changes role from  FOLLOWER to CANDIDATE at term 47 for changeToCandidate
2019-10-20 18:18:33,502 [Thread-1021] INFO  impl.RoleInfo (RoleInfo.java:updateAndGet(143)) - b75f8b2e-6273-4c97-b7c5-042674931d23: start LeaderElection
2019-10-20 18:18:33,506 [399079f7-1eb1-4f37-b003-267572525934@group-D40A05E2FCF9-LeaderElection103] INFO  impl.LeaderElection (LeaderElection.java:askForVotes(178)) - 399079f7-1eb1-4f37-b003-267572525934@group-D40A05E2FCF9-LeaderElection103: begin an election at term 54 for -1: [399079f7-1eb1-4f37-b003-267572525934:192.168.164.241:37762, 7a43c46a-fc88-4b2d-b2da-ae029cfa60ff:192.168.164.241:43684, 6c5c38af-62e6-4ea7-a24a-078dcb28fb39:192.168.164.241:45428], old=null
2019-10-20 18:18:33,509 [grpc-default-executor-3] INFO  impl.RaftServerImpl (RaftServerImpl.java:setRole(184)) - 7a43c46a-fc88-4b2d-b2da-ae029cfa60ff@group-D40A05E2FCF9: changes role from  FOLLOWER to FOLLOWER at term 54 for recognizeCandidate:399079f7-1eb1-4f37-b003-267572525934
2019-10-20 18:18:33,509 [grpc-default-executor-1] INFO  impl.RaftServerImpl (RaftServerImpl.java:setRole(184)) - 6c5c38af-62e6-4ea7-a24a-078dcb28fb39@group-D40A05E2FCF9: changes role from  FOLLOWER to FOLLOWER at term 54 for recognizeCandidate:399079f7-1eb1-4f37-b003-267572525934
2019-10-20 18:18:33,509 [grpc-default-executor-3] INFO  impl.RoleInfo (RoleInfo.java:shutdownFollowerState(121)) - 7a43c46a-fc88-4b2d-b2da-ae029cfa60ff: shutdown FollowerState
2019-10-20 18:18:33,509 [grpc-default-executor-1] INFO  impl.RoleInfo (RoleInfo.java:shutdownFollowerState(121)) - 6c5c38af-62e6-4ea7-a24a-078dcb28fb39: shutdown FollowerState
2019-10-20 18:18:33,509 [Thread-1014] INFO  impl.FollowerState (FollowerState.java:run(117)) - 7a43c46a-fc88-4b2d-b2da-ae029cfa60ff@group-D40A05E2FCF9-FollowerState was interrupted: java.lang.InterruptedException: sleep interrupted
2019-10-20 18:18:33,509 [grpc-default-executor-3] INFO  impl.RoleInfo (RoleInfo.java:updateAndGet(143)) - 7a43c46a-fc88-4b2d-b2da-ae029cfa60ff: start FollowerState
2019-10-20 18:18:33,509 [grpc-default-executor-1] INFO  impl.RoleInfo (RoleInfo.java:updateAndGet(143)) - 6c5c38af-62e6-4ea7-a24a-078dcb28fb39: start FollowerState
2019-10-20 18:18:33,509 [Thread-1015] INFO  impl.FollowerState (FollowerState.java:run(117)) - 6c5c38af-62e6-4ea7-a24a-078dcb28fb39@group-D40A05E2FCF9-FollowerState was interrupted: java.lang.InterruptedException: sleep interrupted
2019-10-20 18:18:33,532 [b75f8b2e-6273-4c97-b7c5-042674931d23@group-F11756C8BA4A-LeaderElection104] INFO  impl.LeaderElection (LeaderElection.java:askForVotes(178)) - b75f8b2e-6273-4c97-b7c5-042674931d23@group-F11756C8BA4A-LeaderElection104: begin an election at term 48 for -1: [6ef27e9c-8ddb-4fa1-8c14-ab102acfb1b8:192.168.164.241:38092, b75f8b2e-6273-4c97-b7c5-042674931d23:192.168.164.241:41857, 3750b3a2-715b-46b3-9d0c-9e38136244b9:192.168.164.241:46227], old=null
2019-10-20 18:18:33,534 [grpc-default-executor-7] INFO  impl.RaftServerImpl (RaftServerImpl.java:setRole(184)) - 6ef27e9c-8ddb-4fa1-8c14-ab102acfb1b8@group-F11756C8BA4A: changes role from  FOLLOWER to FOLLOWER at term 48 for recognizeCandidate:b75f8b2e-6273-4c97-b7c5-042674931d23
2019-10-20 18:18:33,534 [grpc-default-executor-7] INFO  impl.RoleInfo (RoleInfo.java:shutdownFollowerState(121)) - 6ef27e9c-8ddb-4fa1-8c14-ab102acfb1b8: shutdown FollowerState
2019-10-20 18:18:33,534 [grpc-default-executor-10] INFO  impl.RaftServerImpl (RaftServerImpl.java:setRole(184)) - 3750b3a2-715b-46b3-9d0c-9e38136244b9@group-F11756C8BA4A: changes role from  FOLLOWER to FOLLOWER at term 48 for recognizeCandidate:b75f8b2e-6273-4c97-b7c5-042674931d23
2019-10-20 18:18:33,534 [Thread-1018] INFO  impl.FollowerState (FollowerState.java:run(117)) - 6ef27e9c-8ddb-4fa1-8c14-ab102acfb1b8@group-F11756C8BA4A-FollowerState was interrupted: java.lang.InterruptedException: sleep interrupted
2019-10-20 18:18:33,534 [grpc-default-executor-7] INFO  impl.RoleInfo (RoleInfo.java:updateAndGet(143)) - 6ef27e9c-8ddb-4fa1-8c14-ab102acfb1b8: start FollowerState
2019-10-20 18:18:33,534 [grpc-default-executor-10] INFO  impl.RoleInfo (RoleInfo.java:shutdownFollowerState(121)) - 3750b3a2-715b-46b3-9d0c-9e38136244b9: shutdown FollowerState
2019-10-20 18:18:33,535 [grpc-default-executor-10] INFO  impl.RoleInfo (RoleInfo.java:updateAndGet(143)) - 3750b3a2-715b-46b3-9d0c-9e38136244b9: start FollowerState
2019-10-20 18:18:33,535 [Thread-1019] INFO  impl.FollowerState (FollowerState.java:run(117)) - 3750b3a2-715b-46b3-9d0c-9e38136244b9@group-F11756C8BA4A-FollowerState was interrupted: java.lang.InterruptedException: sleep interrupted
2019-10-20 18:18:33,541 [399079f7-1eb1-4f37-b003-267572525934@group-D40A05E2FCF9-LeaderElection103] INFO  impl.LeaderElection (LeaderElection.java:logAndReturn(56)) - 399079f7-1eb1-4f37-b003-267572525934@group-D40A05E2FCF9-LeaderElection103: Election REJECTED; received 2 response(s) [399079f7-1eb1-4f37-b003-267572525934<-7a43c46a-fc88-4b2d-b2da-ae029cfa60ff#0:FAIL-t54, 399079f7-1eb1-4f37-b003-267572525934<-6c5c38af-62e6-4ea7-a24a-078dcb28fb39#0:FAIL-t54] and 0 exception(s); 399079f7-1eb1-4f37-b003-267572525934@group-D40A05E2FCF9:t54, leader=null, voted=399079f7-1eb1-4f37-b003-267572525934, raftlog=399079f7-1eb1-4f37-b003-267572525934@group-D40A05E2FCF9-SegmentedRaftLog:OPENED:c-1,f-1,i0, conf=-1: [399079f7-1eb1-4f37-b003-267572525934:192.168.164.241:37762, 7a43c46a-fc88-4b2d-b2da-ae029cfa60ff:192.168.164.241:43684, 6c5c38af-62e6-4ea7-a24a-078dcb28fb39:192.168.164.241:45428], old=null
2019-10-20 18:18:33,541 [399079f7-1eb1-4f37-b003-267572525934@group-D40A05E2FCF9-LeaderElection103] INFO  impl.RaftServerImpl (RaftServerImpl.java:setRole(184)) - 399079f7-1eb1-4f37-b003-267572525934@group-D40A05E2FCF9: changes role from CANDIDATE to FOLLOWER at term 54 for DISCOVERED_A_NEW_TERM
2019-10-20 18:18:33,541 [399079f7-1eb1-4f37-b003-267572525934@group-D40A05E2FCF9-LeaderElection103] INFO  impl.RoleInfo (RoleInfo.java:shutdownLeaderElection(134)) - 399079f7-1eb1-4f37-b003-267572525934: shutdown LeaderElection
2019-10-20 18:18:33,542 [399079f7-1eb1-4f37-b003-267572525934@group-D40A05E2FCF9-LeaderElection103] INFO  impl.RoleInfo (RoleInfo.java:updateAndGet(143)) - 399079f7-1eb1-4f37-b003-267572525934: start FollowerState
2019-10-20 18:18:33,558 [b75f8b2e-6273-4c97-b7c5-042674931d23@group-F11756C8BA4A-LeaderElection104] INFO  impl.LeaderElection (LeaderElection.java:logAndReturn(56)) - b75f8b2e-6273-4c97-b7c5-042674931d23@group-F11756C8BA4A-LeaderElection104: Election REJECTED; received 2 response(s) [b75f8b2e-6273-4c97-b7c5-042674931d23<-6ef27e9c-8ddb-4fa1-8c14-ab102acfb1b8#0:FAIL-t48, b75f8b2e-6273-4c97-b7c5-042674931d23<-3750b3a2-715b-46b3-9d0c-9e38136244b9#0:FAIL-t48] and 0 exception(s); b75f8b2e-6273-4c97-b7c5-042674931d23@group-F11756C8BA4A:t48, leader=null, voted=b75f8b2e-6273-4c97-b7c5-042674931d23, raftlog=b75f8b2e-6273-4c97-b7c5-042674931d23@group-F11756C8BA4A-SegmentedRaftLog:OPENED:c-1,f-1,i0, conf=-1: [6ef27e9c-8ddb-4fa1-8c14-ab102acfb1b8:192.168.164.241:38092, b75f8b2e-6273-4c97-b7c5-042674931d23:192.168.164.241:41857, 3750b3a2-715b-46b3-9d0c-9e38136244b9:192.168.164.241:46227], old=null
2019-10-20 18:18:33,558 [b75f8b2e-6273-4c97-b7c5-042674931d23@group-F11756C8BA4A-LeaderElection104] INFO  impl.RaftServerImpl (RaftServerImpl.java:setRole(184)) - b75f8b2e-6273-4c97-b7c5-042674931d23@group-F11756C8BA4A: changes role from CANDIDATE to FOLLOWER at term 48 for DISCOVERED_A_NEW_TERM
2019-10-20 18:18:33,559 [b75f8b2e-6273-4c97-b7c5-042674931d23@group-F11756C8BA4A-LeaderElection104] INFO  impl.RoleInfo (RoleInfo.java:shutdownLeaderElection(134)) - b75f8b2e-6273-4c97-b7c5-042674931d23: shutdown LeaderElection
2019-10-20 18:18:33,559 [b75f8b2e-6273-4c97-b7c5-042674931d23@group-F11756C8BA4A-LeaderElection104] INFO  impl.RoleInfo (RoleInfo.java:updateAndGet(143)) - b75f8b2e-6273-4c97-b7c5-042674931d23: start FollowerState
2019-10-20 18:18:33,569 [Thread-1032] INFO  impl.FollowerState (FollowerState.java:run(108)) - 399079f7-1eb1-4f37-b003-267572525934@group-D40A05E2FCF9-FollowerState: change to CANDIDATE, lastRpcTime:27ms, electionTimeout:27ms
2019-10-20 18:18:33,569 [Thread-1032] INFO  impl.RoleInfo (RoleInfo.java:shutdownFollowerState(121)) - 399079f7-1eb1-4f37-b003-267572525934: shutdown FollowerState
2019-10-20 18:18:33,569 [Thread-1032] INFO  impl.RaftServerImpl (RaftServerImpl.java:setRole(184)) - 399079f7-1eb1-4f37-b003-267572525934@group-D40A05E2FCF9: changes role from  FOLLOWER to CANDIDATE at term 54 for changeToCandidate
2019-10-20 18:18:33,570 [Thread-1032] INFO  impl.RoleInfo (RoleInfo.java:updateAndGet(143)) - 399079f7-1eb1-4f37-b003-267572525934: start LeaderElection
2019-10-20 18:18:33,599 [399079f7-1eb1-4f37-b003-267572525934@group-D40A05E2FCF9-LeaderElection105] INFO  impl.LeaderElection (LeaderElection.java:askForVotes(178)) - 399079f7-1eb1-4f37-b003-267572525934@group-D40A05E2FCF9-LeaderElection105: begin an election at term 55 for -1: [399079f7-1eb1-4f37-b003-267572525934:192.168.164.241:37762, 7a43c46a-fc88-4b2d-b2da-ae029cfa60ff:192.168.164.241:43684, 6c5c38af-62e6-4ea7-a24a-078dcb28fb39:192.168.164.241:45428], old=null
2019-10-20 18:18:33,602 [grpc-default-executor-7] INFO  impl.RaftServerImpl (RaftServerImpl.java:setRole(184)) - 6c5c38af-62e6-4ea7-a24a-078dcb28fb39@group-D40A05E2FCF9: changes role from  FOLLOWER to FOLLOWER at term 55 for recognizeCandidate:399079f7-1eb1-4f37-b003-267572525934
2019-10-20 18:18:33,602 [grpc-default-executor-10] INFO  impl.RaftServerImpl (RaftServerImpl.java:setRole(184)) - 7a43c46a-fc88-4b2d-b2da-ae029cfa60ff@group-D40A05E2FCF9: changes role from  FOLLOWER to FOLLOWER at term 55 for recognizeCandidate:399079f7-1eb1-4f37-b003-267572525934
2019-10-20 18:18:33,603 [grpc-default-executor-7] INFO  impl.RoleInfo (RoleInfo.java:shutdownFollowerState(121)) - 6c5c38af-62e6-4ea7-a24a-078dcb28fb39: shutdown FollowerState
2019-10-20 18:18:33,603 [grpc-default-executor-10] INFO  impl.RoleInfo (RoleInfo.java:shutdownFollowerState(121)) - 7a43c46a-fc88-4b2d-b2da-ae029cfa60ff: shutdown FollowerState
2019-10-20 18:18:33,603 [Thread-1027] INFO  impl.FollowerState (FollowerState.java:run(117)) - 6c5c38af-62e6-4ea7-a24a-078dcb28fb39@group-D40A05E2FCF9-FollowerState was interrupted: java.lang.InterruptedException: sleep interrupted
2019-10-20 18:18:33,603 [grpc-default-executor-7] INFO  impl.RoleInfo (RoleInfo.java:updateAndGet(143)) - 6c5c38af-62e6-4ea7-a24a-078dcb28fb39: start FollowerState
2019-10-20 18:18:33,603 [Thread-1026] INFO  impl.FollowerState (FollowerState.java:run(117)) - 7a43c46a-fc88-4b2d-b2da-ae029cfa60ff@group-D40A05E2FCF9-FollowerState was interrupted: java.lang.InterruptedException: sleep interrupted
2019-10-20 18:18:33,603 [grpc-default-executor-10] INFO  impl.RoleInfo (RoleInfo.java:updateAndGet(143)) - 7a43c46a-fc88-4b2d-b2da-ae029cfa60ff: start FollowerState
2019-10-20 18:18:33,626 [399079f7-1eb1-4f37-b003-267572525934@group-D40A05E2FCF9-LeaderElection105] INFO  impl.LeaderElection (LeaderElection.java:logAndReturn(56)) - 399079f7-1eb1-4f37-b003-267572525934@group-D40A05E2FCF9-LeaderElection105: Election REJECTED; received 2 response(s) [399079f7-1eb1-4f37-b003-267572525934<-7a43c46a-fc88-4b2d-b2da-ae029cfa60ff#0:FAIL-t55, 399079f7-1eb1-4f37-b003-267572525934<-6c5c38af-62e6-4ea7-a24a-078dcb28fb39#0:FAIL-t55] and 0 exception(s); 399079f7-1eb1-4f37-b003-267572525934@group-D40A05E2FCF9:t55, leader=null, voted=399079f7-1eb1-4f37-b003-267572525934, raftlog=399079f7-1eb1-4f37-b003-267572525934@group-D40A05E2FCF9-SegmentedRaftLog:OPENED:c-1,f-1,i0, conf=-1: [399079f7-1eb1-4f37-b003-267572525934:192.168.164.241:37762, 7a43c46a-fc88-4b2d-b2da-ae029cfa60ff:192.168.164.241:43684, 6c5c38af-62e6-4ea7-a24a-078dcb28fb39:192.168.164.241:45428], old=null
2019-10-20 18:18:33,626 [399079f7-1eb1-4f37-b003-267572525934@group-D40A05E2FCF9-LeaderElection105] INFO  impl.RaftServerImpl (RaftServerImpl.java:setRole(184)) - 399079f7-1eb1-4f37-b003-267572525934@group-D40A05E2FCF9: changes role from CANDIDATE to FOLLOWER at term 55 for DISCOVERED_A_NEW_TERM
2019-10-20 18:18:33,626 [399079f7-1eb1-4f37-b003-267572525934@group-D40A05E2FCF9-LeaderElection105] INFO  impl.RoleInfo (RoleInfo.java:shutdownLeaderElection(134)) - 399079f7-1eb1-4f37-b003-267572525934: shutdown LeaderElection
2019-10-20 18:18:33,627 [399079f7-1eb1-4f37-b003-267572525934@group-D40A05E2FCF9-LeaderElection105] INFO  impl.RoleInfo (RoleInfo.java:updateAndGet(143)) - 399079f7-1eb1-4f37-b003-267572525934: start FollowerState
2019-10-20 18:18:33,674 [Thread-1033] INFO  impl.FollowerState (FollowerState.java:run(108)) - b75f8b2e-6273-4c97-b7c5-042674931d23@group-F11756C8BA4A-FollowerState: change to CANDIDATE, lastRpcTime:115ms, electionTimeout:115ms
2019-10-20 18:18:33,674 [Thread-1033] INFO  impl.RoleInfo (RoleInfo.java:shutdownFollowerState(121)) - b75f8b2e-6273-4c97-b7c5-042674931d23: shutdown FollowerState
2019-10-20 18:18:33,675 [Thread-1033] INFO  impl.RaftServerImpl (RaftServerImpl.java:setRole(184)) - b75f8b2e-6273-4c97-b7c5-042674931d23@group-F11756C8BA4A: changes role from  FOLLOWER to CANDIDATE at term 48 for changeToCandidate
2019-10-20 18:18:33,675 [Thread-1033] INFO  impl.RoleInfo (RoleInfo.java:updateAndGet(143)) - b75f8b2e-6273-4c97-b7c5-042674931d23: start LeaderElection
2019-10-20 18:18:33,701 [b75f8b2e-6273-4c97-b7c5-042674931d23@group-F11756C8BA4A-LeaderElection106] INFO  impl.LeaderElection (LeaderElection.java:askForVotes(178)) - b75f8b2e-6273-4c97-b7c5-042674931d23@group-F11756C8BA4A-LeaderElection106: begin an election at term 49 for -1: [6ef27e9c-8ddb-4fa1-8c14-ab102acfb1b8:192.168.164.241:38092, b75f8b2e-6273-4c97-b7c5-042674931d23:192.168.164.241:41857, 3750b3a2-715b-46b3-9d0c-9e38136244b9:192.168.164.241:46227], old=null
2019-10-20 18:18:33,704 [grpc-default-executor-10] INFO  impl.RaftServerImpl (RaftServerImpl.java:setRole(184)) - 6ef27e9c-8ddb-4fa1-8c14-ab102acfb1b8@group-F11756C8BA4A: changes role from  FOLLOWER to FOLLOWER at term 49 for recognizeCandidate:b75f8b2e-6273-4c97-b7c5-042674931d23
2019-10-20 18:18:33,704 [grpc-default-executor-7] INFO  impl.RaftServerImpl (RaftServerImpl.java:setRole(184)) - 3750b3a2-715b-46b3-9d0c-9e38136244b9@group-F11756C8BA4A: changes role from  FOLLOWER to FOLLOWER at term 49 for recognizeCandidate:b75f8b2e-6273-4c97-b7c5-042674931d23
2019-10-20 18:18:33,704 [grpc-default-executor-10] INFO  impl.RoleInfo (RoleInfo.java:shutdownFollowerState(121)) - 6ef27e9c-8ddb-4fa1-8c14-ab102acfb1b8: shutdown FollowerState
2019-10-20 18:18:33,704 [grpc-default-executor-7] INFO  impl.RoleInfo (RoleInfo.java:shutdownFollowerState(121)) - 3750b3a2-715b-46b3-9d0c-9e38136244b9: shutdown FollowerState
2019-10-20 18:18:33,705 [Thread-1030] INFO  impl.FollowerState (FollowerState.java:run(117)) - 6ef27e9c-8ddb-4fa1-8c14-ab102acfb1b8@group-F11756C8BA4A-FollowerState was interrupted: java.lang.InterruptedException: sleep interrupted
2019-10-20 18:18:33,705 [grpc-default-executor-10] INFO  impl.RoleInfo (RoleInfo.java:updateAndGet(143)) - 6ef27e9c-8ddb-4fa1-8c14-ab102acfb1b8: start FollowerState
2019-10-20 18:18:33,705 [Thread-1031] INFO  impl.FollowerState (FollowerState.java:run(117)) - 3750b3a2-715b-46b3-9d0c-9e38136244b9@group-F11756C8BA4A-FollowerState was interrupted: java.lang.InterruptedException: sleep interrupted
2019-10-20 18:18:33,705 [grpc-default-executor-7] INFO  impl.RoleInfo (RoleInfo.java:updateAndGet(143)) - 3750b3a2-715b-46b3-9d0c-9e38136244b9: start FollowerState
2019-10-20 18:18:33,728 [b75f8b2e-6273-4c97-b7c5-042674931d23@group-F11756C8BA4A-LeaderElection106] INFO  impl.LeaderElection (LeaderElection.java:logAndReturn(56)) - b75f8b2e-6273-4c97-b7c5-042674931d23@group-F11756C8BA4A-LeaderElection106: Election REJECTED; received 2 response(s) [b75f8b2e-6273-4c97-b7c5-042674931d23<-6ef27e9c-8ddb-4fa1-8c14-ab102acfb1b8#0:FAIL-t49, b75f8b2e-6273-4c97-b7c5-042674931d23<-3750b3a2-715b-46b3-9d0c-9e38136244b9#0:FAIL-t49] and 0 exception(s); b75f8b2e-6273-4c97-b7c5-042674931d23@group-F11756C8BA4A:t49, leader=null, voted=b75f8b2e-6273-4c97-b7c5-042674931d23, raftlog=b75f8b2e-6273-4c97-b7c5-042674931d23@group-F11756C8BA4A-SegmentedRaftLog:OPENED:c-1,f-1,i0, conf=-1: [6ef27e9c-8ddb-4fa1-8c14-ab102acfb1b8:192.168.164.241:38092, b75f8b2e-6273-4c97-b7c5-042674931d23:192.168.164.241:41857, 3750b3a2-715b-46b3-9d0c-9e38136244b9:192.168.164.241:46227], old=null
2019-10-20 18:18:33,728 [b75f8b2e-6273-4c97-b7c5-042674931d23@group-F11756C8BA4A-LeaderElection106] INFO  impl.RaftServerImpl (RaftServerImpl.java:setRole(184)) - b75f8b2e-6273-4c97-b7c5-042674931d23@group-F11756C8BA4A: changes role from CANDIDATE to FOLLOWER at term 49 for DISCOVERED_A_NEW_TERM
2019-10-20 18:18:33,728 [b75f8b2e-6273-4c97-b7c5-042674931d23@group-F11756C8BA4A-LeaderElection106] INFO  impl.RoleInfo (RoleInfo.java:shutdownLeaderElection(134)) - b75f8b2e-6273-4c97-b7c5-042674931d23: shutdown LeaderElection
2019-10-20 18:18:33,728 [b75f8b2e-6273-4c97-b7c5-042674931d23@group-F11756C8BA4A-LeaderElection106] INFO  impl.RoleInfo (RoleInfo.java:updateAndGet(143)) - b75f8b2e-6273-4c97-b7c5-042674931d23: start FollowerState
2019-10-20 18:18:33,782 [Thread-1039] INFO  impl.FollowerState (FollowerState.java:run(108)) - 399079f7-1eb1-4f37-b003-267572525934@group-D40A05E2FCF9-FollowerState: change to CANDIDATE, lastRpcTime:155ms, electionTimeout:155ms
2019-10-20 18:18:33,782 [Thread-1039] INFO  impl.RoleInfo (RoleInfo.java:shutdownFollowerState(121)) - 399079f7-1eb1-4f37-b003-267572525934: shutdown FollowerState
2019-10-20 18:18:33,783 [Thread-1039] INFO  impl.RaftServerImpl (RaftServerImpl.java:setRole(184)) - 399079f7-1eb1-4f37-b003-267572525934@group-D40A05E2FCF9: changes role from  FOLLOWER to CANDIDATE at term 55 for changeToCandidate
2019-10-20 18:18:33,783 [Thread-1039] INFO  impl.RoleInfo (RoleInfo.java:updateAndGet(143)) - 399079f7-1eb1-4f37-b003-267572525934: start LeaderElection
2019-10-20 18:18:33,811 [399079f7-1eb1-4f37-b003-267572525934@group-D40A05E2FCF9-LeaderElection107] INFO  impl.LeaderElection (LeaderElection.java:askForVotes(178)) - 399079f7-1eb1-4f37-b003-267572525934@group-D40A05E2FCF9-LeaderElection107: begin an election at term 56 for -1: [399079f7-1eb1-4f37-b003-267572525934:192.168.164.241:37762, 7a43c46a-fc88-4b2d-b2da-ae029cfa60ff:192.168.164.241:43684, 6c5c38af-62e6-4ea7-a24a-078dcb28fb39:192.168.164.241:45428], old=null
2019-10-20 18:18:33,814 [grpc-default-executor-10] INFO  impl.RaftServerImpl (RaftServerImpl.java:setRole(184)) - 7a43c46a-fc88-4b2d-b2da-ae029cfa60ff@group-D40A05E2FCF9: changes role from  FOLLOWER to FOLLOWER at term 56 for recognizeCandidate:399079f7-1eb1-4f37-b003-267572525934
2019-10-20 18:18:33,814 [grpc-default-executor-7] INFO  impl.RaftServerImpl (RaftServerImpl.java:setRole(184)) - 6c5c38af-62e6-4ea7-a24a-078dcb28fb39@group-D40A05E2FCF9: changes role from  FOLLOWER to FOLLOWER at term 56 for recognizeCandidate:399079f7-1eb1-4f37-b003-267572525934
2019-10-20 18:18:33,814 [grpc-default-executor-10] INFO  impl.RoleInfo (RoleInfo.java:shutdownFollowerState(121)) - 7a43c46a-fc88-4b2d-b2da-ae029cfa60ff: shutdown FollowerState
2019-10-20 18:18:33,814 [grpc-default-executor-7] INFO  impl.RoleInfo (RoleInfo.java:shutdownFollowerState(121)) - 6c5c38af-62e6-4ea7-a24a-078dcb28fb39: shutdown FollowerState
2019-10-20 18:18:33,814 [Thread-1038] INFO  impl.FollowerState (FollowerState.java:run(117)) - 7a43c46a-fc88-4b2d-b2da-ae029cfa60ff@group-D40A05E2FCF9-FollowerState was interrupted: java.lang.InterruptedException: sleep interrupted
2019-10-20 18:18:33,814 [grpc-default-executor-10] INFO  impl.RoleInfo (RoleInfo.java:updateAndGet(143)) - 7a43c46a-fc88-4b2d-b2da-ae029cfa60ff: start FollowerState
2019-10-20 18:18:33,815 [Thread-1037] INFO  impl.FollowerState (FollowerState.java:run(117)) - 6c5c38af-62e6-4ea7-a24a-078dcb28fb39@group-D40A05E2FCF9-FollowerState was interrupted: java.lang.InterruptedException: sleep interrupted
2019-10-20 18:18:33,815 [grpc-default-executor-7] INFO  impl.RoleInfo (RoleInfo.java:updateAndGet(143)) - 6c5c38af-62e6-4ea7-a24a-078dcb28fb39: start FollowerState
2019-10-20 18:18:33,828 [Thread-1047] INFO  impl.FollowerState (FollowerState.java:run(108)) - b75f8b2e-6273-4c97-b7c5-042674931d23@group-F11756C8BA4A-FollowerState: change to CANDIDATE, lastRpcTime:99ms, electionTimeout:99ms
2019-10-20 18:18:33,828 [Thread-1047] INFO  impl.RoleInfo (RoleInfo.java:shutdownFollowerState(121)) - b75f8b2e-6273-4c97-b7c5-042674931d23: shutdown FollowerState
2019-10-20 18:18:33,828 [Thread-1047] INFO  impl.RaftServerImpl (RaftServerImpl.java:setRole(184)) - b75f8b2e-6273-4c97-b7c5-042674931d23@group-F11756C8BA4A: changes role from  FOLLOWER to CANDIDATE at term 49 for changeToCandidate
2019-10-20 18:18:33,828 [Thread-1047] INFO  impl.RoleInfo (RoleInfo.java:updateAndGet(143)) - b75f8b2e-6273-4c97-b7c5-042674931d23: start LeaderElection
2019-10-20 18:18:33,846 [399079f7-1eb1-4f37-b003-267572525934@group-D40A05E2FCF9-LeaderElection107] INFO  impl.LeaderElection (LeaderElection.java:logAndReturn(56)) - 399079f7-1eb1-4f37-b003-267572525934@group-D40A05E2FCF9-LeaderElection107: Election REJECTED; received 2 response(s) [399079f7-1eb1-4f37-b003-267572525934<-7a43c46a-fc88-4b2d-b2da-ae029cfa60ff#0:FAIL-t56, 399079f7-1eb1-4f37-b003-267572525934<-6c5c38af-62e6-4ea7-a24a-078dcb28fb39#0:FAIL-t56] and 0 exception(s); 399079f7-1eb1-4f37-b003-267572525934@group-D40A05E2FCF9:t56, leader=null, voted=399079f7-1eb1-4f37-b003-267572525934, raftlog=399079f7-1eb1-4f37-b003-267572525934@group-D40A05E2FCF9-SegmentedRaftLog:OPENED:c-1,f-1,i0, conf=-1: [399079f7-1eb1-4f37-b003-267572525934:192.168.164.241:37762, 7a43c46a-fc88-4b2d-b2da-ae029cfa60ff:192.168.164.241:43684, 6c5c38af-62e6-4ea7-a24a-078dcb28fb39:192.168.164.241:45428], old=null
2019-10-20 18:18:33,846 [399079f7-1eb1-4f37-b003-267572525934@group-D40A05E2FCF9-LeaderElection107] INFO  impl.RaftServerImpl (RaftServerImpl.java:setRole(184)) - 399079f7-1eb1-4f37-b003-267572525934@group-D40A05E2FCF9: changes role from CANDIDATE to FOLLOWER at term 56 for DISCOVERED_A_NEW_TERM
2019-10-20 18:18:33,846 [399079f7-1eb1-4f37-b003-267572525934@group-D40A05E2FCF9-LeaderElection107] INFO  impl.RoleInfo (RoleInfo.java:shutdownLeaderElection(134)) - 399079f7-1eb1-4f37-b003-267572525934: shutdown LeaderElection
2019-10-20 18:18:33,846 [399079f7-1eb1-4f37-b003-267572525934@group-D40A05E2FCF9-LeaderElection107] INFO  impl.RoleInfo (RoleInfo.java:updateAndGet(143)) - 399079f7-1eb1-4f37-b003-267572525934: start FollowerState
2019-10-20 18:18:33,861 [b75f8b2e-6273-4c97-b7c5-042674931d23@group-F11756C8BA4A-LeaderElection108] INFO  impl.LeaderElection (LeaderElection.java:askForVotes(178)) - b75f8b2e-6273-4c97-b7c5-042674931d23@group-F11756C8BA4A-LeaderElection108: begin an election at term 50 for -1: [6ef27e9c-8ddb-4fa1-8c14-ab102acfb1b8:192.168.164.241:38092, b75f8b2e-6273-4c97-b7c5-042674931d23:192.168.164.241:41857, 3750b3a2-715b-46b3-9d0c-9e38136244b9:192.168.164.241:46227], old=null
2019-10-20 18:18:33,864 [grpc-default-executor-10] INFO  impl.RaftServerImpl (RaftServerImpl.java:setRole(184)) - 6ef27e9c-8ddb-4fa1-8c14-ab102acfb1b8@group-F11756C8BA4A: changes role from  FOLLOWER to FOLLOWER at term 50 for recognizeCandidate:b75f8b2e-6273-4c97-b7c5-042674931d23
2019-10-20 18:18:33,864 [grpc-default-executor-7] INFO  impl.RaftServerImpl (RaftServerImpl.java:setRole(184)) - 3750b3a2-715b-46b3-9d0c-9e38136244b9@group-F11756C8BA4A: changes role from  FOLLOWER to FOLLOWER at term 50 for recognizeCandidate:b75f8b2e-6273-4c97-b7c5-042674931d23
2019-10-20 18:18:33,864 [grpc-default-executor-10] INFO  impl.RoleInfo (RoleInfo.java:shutdownFollowerState(121)) - 6ef27e9c-8ddb-4fa1-8c14-ab102acfb1b8: shutdown FollowerState
2019-10-20 18:18:33,864 [grpc-default-executor-7] INFO  impl.RoleInfo (RoleInfo.java:shutdownFollowerState(121)) - 3750b3a2-715b-46b3-9d0c-9e38136244b9: shutdown FollowerState
2019-10-20 18:18:33,865 [Thread-1043] INFO  impl.FollowerState (FollowerState.java:run(117)) - 6ef27e9c-8ddb-4fa1-8c14-ab102acfb1b8@group-F11756C8BA4A-FollowerState was interrupted: java.lang.InterruptedException: sleep interrupted
2019-10-20 18:18:33,864 [grpc-default-executor-10] INFO  impl.RoleInfo (RoleInfo.java:updateAndGet(143)) - 6ef27e9c-8ddb-4fa1-8c14-ab102acfb1b8: start FollowerState
2019-10-20 18:18:33,865 [Thread-1044] INFO  impl.FollowerState (FollowerState.java:run(117)) - 3750b3a2-715b-46b3-9d0c-9e38136244b9@group-F11756C8BA4A-FollowerState was interrupted: java.lang.InterruptedException: sleep interrupted
2019-10-20 18:18:33,865 [grpc-default-executor-7] INFO  impl.RoleInfo (RoleInfo.java:updateAndGet(143)) - 3750b3a2-715b-46b3-9d0c-9e38136244b9: start FollowerState
2019-10-20 18:18:33,888 [b75f8b2e-6273-4c97-b7c5-042674931d23@group-F11756C8BA4A-LeaderElection108] INFO  impl.LeaderElection (LeaderElection.java:logAndReturn(56)) - b75f8b2e-6273-4c97-b7c5-042674931d23@group-F11756C8BA4A-LeaderElection108: Election REJECTED; received 2 response(s) [b75f8b2e-6273-4c97-b7c5-042674931d23<-6ef27e9c-8ddb-4fa1-8c14-ab102acfb1b8#0:FAIL-t50, b75f8b2e-6273-4c97-b7c5-042674931d23<-3750b3a2-715b-46b3-9d0c-9e38136244b9#0:FAIL-t50] and 0 exception(s); b75f8b2e-6273-4c97-b7c5-042674931d23@group-F11756C8BA4A:t50, leader=null, voted=b75f8b2e-6273-4c97-b7c5-042674931d23, raftlog=b75f8b2e-6273-4c97-b7c5-042674931d23@group-F11756C8BA4A-SegmentedRaftLog:OPENED:c-1,f-1,i0, conf=-1: [6ef27e9c-8ddb-4fa1-8c14-ab102acfb1b8:192.168.164.241:38092, b75f8b2e-6273-4c97-b7c5-042674931d23:192.168.164.241:41857, 3750b3a2-715b-46b3-9d0c-9e38136244b9:192.168.164.241:46227], old=null
2019-10-20 18:18:33,888 [b75f8b2e-6273-4c97-b7c5-042674931d23@group-F11756C8BA4A-LeaderElection108] INFO  impl.RaftServerImpl (RaftServerImpl.java:setRole(184)) - b75f8b2e-6273-4c97-b7c5-042674931d23@group-F11756C8BA4A: changes role from CANDIDATE to FOLLOWER at term 50 for DISCOVERED_A_NEW_TERM
2019-10-20 18:18:33,888 [b75f8b2e-6273-4c97-b7c5-042674931d23@group-F11756C8BA4A-LeaderElection108] INFO  impl.RoleInfo (RoleInfo.java:shutdownLeaderElection(134)) - b75f8b2e-6273-4c97-b7c5-042674931d23: shutdown LeaderElection
2019-10-20 18:18:33,888 [b75f8b2e-6273-4c97-b7c5-042674931d23@group-F11756C8BA4A-LeaderElection108] INFO  impl.RoleInfo (RoleInfo.java:updateAndGet(143)) - b75f8b2e-6273-4c97-b7c5-042674931d23: start FollowerState
2019-10-20 18:18:33,896 [Thread-1059] INFO  impl.FollowerState (FollowerState.java:run(108)) - b75f8b2e-6273-4c97-b7c5-042674931d23@group-F11756C8BA4A-FollowerState: change to CANDIDATE, lastRpcTime:7ms, electionTimeout:7ms
2019-10-20 18:18:33,896 [Thread-1059] INFO  impl.RoleInfo (RoleInfo.java:shutdownFollowerState(121)) - b75f8b2e-6273-4c97-b7c5-042674931d23: shutdown FollowerState
2019-10-20 18:18:33,896 [Thread-1059] INFO  impl.RaftServerImpl (RaftServerImpl.java:setRole(184)) - b75f8b2e-6273-4c97-b7c5-042674931d23@group-F11756C8BA4A: changes role from  FOLLOWER to CANDIDATE at term 50 for changeToCandidate
2019-10-20 18:18:33,896 [Thread-1059] INFO  impl.RoleInfo (RoleInfo.java:updateAndGet(143)) - b75f8b2e-6273-4c97-b7c5-042674931d23: start LeaderElection
2019-10-20 18:18:33,921 [b75f8b2e-6273-4c97-b7c5-042674931d23@group-F11756C8BA4A-LeaderElection109] INFO  impl.LeaderElection (LeaderElection.java:askForVotes(178)) - b75f8b2e-6273-4c97-b7c5-042674931d23@group-F11756C8BA4A-LeaderElection109: begin an election at term 51 for -1: [6ef27e9c-8ddb-4fa1-8c14-ab102acfb1b8:192.168.164.241:38092, b75f8b2e-6273-4c97-b7c5-042674931d23:192.168.164.241:41857, 3750b3a2-715b-46b3-9d0c-9e38136244b9:192.168.164.241:46227], old=null
2019-10-20 18:18:33,923 [grpc-default-executor-7] INFO  impl.RaftServerImpl (RaftServerImpl.java:setRole(184)) - 3750b3a2-715b-46b3-9d0c-9e38136244b9@group-F11756C8BA4A: changes role from  FOLLOWER to FOLLOWER at term 51 for recognizeCandidate:b75f8b2e-6273-4c97-b7c5-042674931d23
2019-10-20 18:18:33,923 [grpc-default-executor-10] INFO  impl.RaftServerImpl (RaftServerImpl.java:setRole(184)) - 6ef27e9c-8ddb-4fa1-8c14-ab102acfb1b8@group-F11756C8BA4A: changes role from  FOLLOWER to FOLLOWER at term 51 for recognizeCandidate:b75f8b2e-6273-4c97-b7c5-042674931d23
2019-10-20 18:18:33,923 [grpc-default-executor-7] INFO  impl.RoleInfo (RoleInfo.java:shutdownFollowerState(121)) - 3750b3a2-715b-46b3-9d0c-9e38136244b9: shutdown FollowerState
2019-10-20 18:18:33,924 [grpc-default-executor-10] INFO  impl.RoleInfo (RoleInfo.java:shutdownFollowerState(121)) - 6ef27e9c-8ddb-4fa1-8c14-ab102acfb1b8: shutdown FollowerState
2019-10-20 18:18:33,924 [grpc-default-executor-7] INFO  impl.RoleInfo (RoleInfo.java:updateAndGet(143)) - 3750b3a2-715b-46b3-9d0c-9e38136244b9: start FollowerState
2019-10-20 18:18:33,924 [Thread-1058] INFO  impl.FollowerState (FollowerState.java:run(117)) - 3750b3a2-715b-46b3-9d0c-9e38136244b9@group-F11756C8BA4A-FollowerState was interrupted: java.lang.InterruptedException: sleep interrupted
2019-10-20 18:18:33,924 [Thread-1057] INFO  impl.FollowerState (FollowerState.java:run(117)) - 6ef27e9c-8ddb-4fa1-8c14-ab102acfb1b8@group-F11756C8BA4A-FollowerState was interrupted: java.lang.InterruptedException: sleep interrupted
2019-10-20 18:18:33,924 [grpc-default-executor-10] INFO  impl.RoleInfo (RoleInfo.java:updateAndGet(143)) - 6ef27e9c-8ddb-4fa1-8c14-ab102acfb1b8: start FollowerState
2019-10-20 18:18:33,947 [b75f8b2e-6273-4c97-b7c5-042674931d23@group-F11756C8BA4A-LeaderElection109] INFO  impl.LeaderElection (LeaderElection.java:logAndReturn(56)) - b75f8b2e-6273-4c97-b7c5-042674931d23@group-F11756C8BA4A-LeaderElection109: Election REJECTED; received 2 response(s) [b75f8b2e-6273-4c97-b7c5-042674931d23<-6ef27e9c-8ddb-4fa1-8c14-ab102acfb1b8#0:FAIL-t51, b75f8b2e-6273-4c97-b7c5-042674931d23<-3750b3a2-715b-46b3-9d0c-9e38136244b9#0:FAIL-t51] and 0 exception(s); b75f8b2e-6273-4c97-b7c5-042674931d23@group-F11756C8BA4A:t51, leader=null, voted=b75f8b2e-6273-4c97-b7c5-042674931d23, raftlog=b75f8b2e-6273-4c97-b7c5-042674931d23@group-F11756C8BA4A-SegmentedRaftLog:OPENED:c-1,f-1,i0, conf=-1: [6ef27e9c-8ddb-4fa1-8c14-ab102acfb1b8:192.168.164.241:38092, b75f8b2e-6273-4c97-b7c5-042674931d23:192.168.164.241:41857, 3750b3a2-715b-46b3-9d0c-9e38136244b9:192.168.164.241:46227], old=null
2019-10-20 18:18:33,947 [b75f8b2e-6273-4c97-b7c5-042674931d23@group-F11756C8BA4A-LeaderElection109] INFO  impl.RaftServerImpl (RaftServerImpl.java:setRole(184)) - b75f8b2e-6273-4c97-b7c5-042674931d23@group-F11756C8BA4A: changes role from CANDIDATE to FOLLOWER at term 51 for DISCOVERED_A_NEW_TERM
2019-10-20 18:18:33,947 [b75f8b2e-6273-4c97-b7c5-042674931d23@group-F11756C8BA4A-LeaderElection109] INFO  impl.RoleInfo (RoleInfo.java:shutdownLeaderElection(134)) - b75f8b2e-6273-4c97-b7c5-042674931d23: shutdown LeaderElection
2019-10-20 18:18:33,948 [b75f8b2e-6273-4c97-b7c5-042674931d23@group-F11756C8BA4A-LeaderElection109] INFO  impl.RoleInfo (RoleInfo.java:updateAndGet(143)) - b75f8b2e-6273-4c97-b7c5-042674931d23: start FollowerState
2019-10-20 18:18:33,984 [Thread-1054] INFO  impl.FollowerState (FollowerState.java:run(108)) - 399079f7-1eb1-4f37-b003-267572525934@group-D40A05E2FCF9-FollowerState: change to CANDIDATE, lastRpcTime:137ms, electionTimeout:137ms
2019-10-20 18:18:33,984 [Thread-1054] INFO  impl.RoleInfo (RoleInfo.java:shutdownFollowerState(121)) - 399079f7-1eb1-4f37-b003-267572525934: shutdown FollowerState
2019-10-20 18:18:33,984 [Thread-1054] INFO  impl.RaftServerImpl (RaftServerImpl.java:setRole(184)) - 399079f7-1eb1-4f37-b003-267572525934@group-D40A05E2FCF9: changes role from  FOLLOWER to CANDIDATE at term 56 for changeToCandidate
2019-10-20 18:18:33,984 [Thread-1054] INFO  impl.RoleInfo (RoleInfo.java:updateAndGet(143)) - 399079f7-1eb1-4f37-b003-267572525934: start LeaderElection
2019-10-20 18:18:34,013 [399079f7-1eb1-4f37-b003-267572525934@group-D40A05E2FCF9-LeaderElection110] INFO  impl.LeaderElection (LeaderElection.java:askForVotes(178)) - 399079f7-1eb1-4f37-b003-267572525934@group-D40A05E2FCF9-LeaderElection110: begin an election at term 57 for -1: [399079f7-1eb1-4f37-b003-267572525934:192.168.164.241:37762, 7a43c46a-fc88-4b2d-b2da-ae029cfa60ff:192.168.164.241:43684, 6c5c38af-62e6-4ea7-a24a-078dcb28fb39:192.168.164.241:45428], old=null
2019-10-20 18:18:34,016 [grpc-default-executor-10] INFO  impl.RaftServerImpl (RaftServerImpl.java:setRole(184)) - 7a43c46a-fc88-4b2d-b2da-ae029cfa60ff@group-D40A05E2FCF9: changes role from  FOLLOWER to FOLLOWER at term 57 for recognizeCandidate:399079f7-1eb1-4f37-b003-267572525934
2019-10-20 18:18:34,016 [grpc-default-executor-7] INFO  impl.RaftServerImpl (RaftServerImpl.java:setRole(184)) - 6c5c38af-62e6-4ea7-a24a-078dcb28fb39@group-D40A05E2FCF9: changes role from  FOLLOWER to FOLLOWER at term 57 for recognizeCandidate:399079f7-1eb1-4f37-b003-267572525934
2019-10-20 18:18:34,016 [grpc-default-executor-10] INFO  impl.RoleInfo (RoleInfo.java:shutdownFollowerState(121)) - 7a43c46a-fc88-4b2d-b2da-ae029cfa60ff: shutdown FollowerState
2019-10-20 18:18:34,016 [grpc-default-executor-7] INFO  impl.RoleInfo (RoleInfo.java:shutdownFollowerState(121)) - 6c5c38af-62e6-4ea7-a24a-078dcb28fb39: shutdown FollowerState
2019-10-20 18:18:34,016 [Thread-1051] INFO  impl.FollowerState (FollowerState.java:run(117)) - 7a43c46a-fc88-4b2d-b2da-ae029cfa60ff@group-D40A05E2FCF9-FollowerState was interrupted: java.lang.InterruptedException: sleep interrupted
2019-10-20 18:18:34,016 [grpc-default-executor-10] INFO  impl.RoleInfo (RoleInfo.java:updateAndGet(143)) - 7a43c46a-fc88-4b2d-b2da-ae029cfa60ff: start FollowerState
2019-10-20 18:18:34,016 [Thread-1052] INFO  impl.FollowerState (FollowerState.java:run(117)) - 6c5c38af-62e6-4ea7-a24a-078dcb28fb39@group-D40A05E2FCF9-FollowerState was interrupted: java.lang.InterruptedException: sleep interrupted
2019-10-20 18:18:34,016 [grpc-default-executor-7] INFO  impl.RoleInfo (RoleInfo.java:updateAndGet(143)) - 6c5c38af-62e6-4ea7-a24a-078dcb28fb39: start FollowerState
2019-10-20 18:18:34,048 [399079f7-1eb1-4f37-b003-267572525934@group-D40A05E2FCF9-LeaderElection110] INFO  impl.LeaderElection (LeaderElection.java:logAndReturn(56)) - 399079f7-1eb1-4f37-b003-267572525934@group-D40A05E2FCF9-LeaderElection110: Election REJECTED; received 2 response(s) [399079f7-1eb1-4f37-b003-267572525934<-7a43c46a-fc88-4b2d-b2da-ae029cfa60ff#0:FAIL-t57, 399079f7-1eb1-4f37-b003-267572525934<-6c5c38af-62e6-4ea7-a24a-078dcb28fb39#0:FAIL-t57] and 0 exception(s); 399079f7-1eb1-4f37-b003-267572525934@group-D40A05E2FCF9:t57, leader=null, voted=399079f7-1eb1-4f37-b003-267572525934, raftlog=399079f7-1eb1-4f37-b003-267572525934@group-D40A05E2FCF9-SegmentedRaftLog:OPENED:c-1,f-1,i0, conf=-1: [399079f7-1eb1-4f37-b003-267572525934:192.168.164.241:37762, 7a43c46a-fc88-4b2d-b2da-ae029cfa60ff:192.168.164.241:43684, 6c5c38af-62e6-4ea7-a24a-078dcb28fb39:192.168.164.241:45428], old=null
2019-10-20 18:18:34,048 [399079f7-1eb1-4f37-b003-267572525934@group-D40A05E2FCF9-LeaderElection110] INFO  impl.RaftServerImpl (RaftServerImpl.java:setRole(184)) - 399079f7-1eb1-4f37-b003-267572525934@group-D40A05E2FCF9: changes role from CANDIDATE to FOLLOWER at term 57 for DISCOVERED_A_NEW_TERM
2019-10-20 18:18:34,048 [399079f7-1eb1-4f37-b003-267572525934@group-D40A05E2FCF9-LeaderElection110] INFO  impl.RoleInfo (RoleInfo.java:shutdownLeaderElection(134)) - 399079f7-1eb1-4f37-b003-267572525934: shutdown LeaderElection
2019-10-20 18:18:34,048 [399079f7-1eb1-4f37-b003-267572525934@group-D40A05E2FCF9-LeaderElection110] INFO  impl.RoleInfo (RoleInfo.java:updateAndGet(143)) - 399079f7-1eb1-4f37-b003-267572525934: start FollowerState
2019-10-20 18:18:34,070 [Thread-1065] INFO  impl.FollowerState (FollowerState.java:run(108)) - b75f8b2e-6273-4c97-b7c5-042674931d23@group-F11756C8BA4A-FollowerState: change to CANDIDATE, lastRpcTime:122ms, electionTimeout:122ms
2019-10-20 18:18:34,070 [Thread-1065] INFO  impl.RoleInfo (RoleInfo.java:shutdownFollowerState(121)) - b75f8b2e-6273-4c97-b7c5-042674931d23: shutdown FollowerState
2019-10-20 18:18:34,070 [Thread-1065] INFO  impl.RaftServerImpl (RaftServerImpl.java:setRole(184)) - b75f8b2e-6273-4c97-b7c5-042674931d23@group-F11756C8BA4A: changes role from  FOLLOWER to CANDIDATE at term 51 for changeToCandidate
2019-10-20 18:18:34,071 [Thread-1065] INFO  impl.RoleInfo (RoleInfo.java:updateAndGet(143)) - b75f8b2e-6273-4c97-b7c5-042674931d23: start LeaderElection
2019-10-20 18:18:34,097 [b75f8b2e-6273-4c97-b7c5-042674931d23@group-F11756C8BA4A-LeaderElection111] INFO  impl.LeaderElection (LeaderElection.java:askForVotes(178)) - b75f8b2e-6273-4c97-b7c5-042674931d23@group-F11756C8BA4A-LeaderElection111: begin an election at term 52 for -1: [6ef27e9c-8ddb-4fa1-8c14-ab102acfb1b8:192.168.164.241:38092, b75f8b2e-6273-4c97-b7c5-042674931d23:192.168.164.241:41857, 3750b3a2-715b-46b3-9d0c-9e38136244b9:192.168.164.241:46227], old=null
2019-10-20 18:18:34,100 [grpc-default-executor-7] INFO  impl.RaftServerImpl (RaftServerImpl.java:setRole(184)) - 6ef27e9c-8ddb-4fa1-8c14-ab102acfb1b8@group-F11756C8BA4A: changes role from  FOLLOWER to FOLLOWER at term 52 for recognizeCandidate:b75f8b2e-6273-4c97-b7c5-042674931d23
2019-10-20 18:18:34,100 [grpc-default-executor-10] INFO  impl.RaftServerImpl (RaftServerImpl.java:setRole(184)) - 3750b3a2-715b-46b3-9d0c-9e38136244b9@group-F11756C8BA4A: changes role from  FOLLOWER to FOLLOWER at term 52 for recognizeCandidate:b75f8b2e-6273-4c97-b7c5-042674931d23
2019-10-20 18:18:34,100 [grpc-default-executor-7] INFO  impl.RoleInfo (RoleInfo.java:shutdownFollowerState(121)) - 6ef27e9c-8ddb-4fa1-8c14-ab102acfb1b8: shutdown FollowerState
2019-10-20 18:18:34,100 [grpc-default-executor-10] INFO  impl.RoleInfo (RoleInfo.java:shutdownFollowerState(121)) - 3750b3a2-715b-46b3-9d0c-9e38136244b9: shutdown FollowerState
2019-10-20 18:18:34,100 [Thread-1064] INFO  impl.FollowerState (FollowerState.java:run(117)) - 6ef27e9c-8ddb-4fa1-8c14-ab102acfb1b8@group-F11756C8BA4A-FollowerState was interrupted: java.lang.InterruptedException: sleep interrupted
2019-10-20 18:18:34,100 [grpc-default-executor-7] INFO  impl.RoleInfo (RoleInfo.java:updateAndGet(143)) - 6ef27e9c-8ddb-4fa1-8c14-ab102acfb1b8: start FollowerState
2019-10-20 18:18:34,101 [Thread-1063] INFO  impl.FollowerState (FollowerState.java:run(117)) - 3750b3a2-715b-46b3-9d0c-9e38136244b9@group-F11756C8BA4A-FollowerState was interrupted: java.lang.InterruptedException: sleep interrupted
2019-10-20 18:18:34,101 [grpc-default-executor-10] INFO  impl.RoleInfo (RoleInfo.java:updateAndGet(143)) - 3750b3a2-715b-46b3-9d0c-9e38136244b9: start FollowerState
2019-10-20 18:18:34,124 [b75f8b2e-6273-4c97-b7c5-042674931d23@group-F11756C8BA4A-LeaderElection111] INFO  impl.LeaderElection (LeaderElection.java:logAndReturn(56)) - b75f8b2e-6273-4c97-b7c5-042674931d23@group-F11756C8BA4A-LeaderElection111: Election REJECTED; received 2 response(s) [b75f8b2e-6273-4c97-b7c5-042674931d23<-6ef27e9c-8ddb-4fa1-8c14-ab102acfb1b8#0:FAIL-t52, b75f8b2e-6273-4c97-b7c5-042674931d23<-3750b3a2-715b-46b3-9d0c-9e38136244b9#0:FAIL-t52] and 0 exception(s); b75f8b2e-6273-4c97-b7c5-042674931d23@group-F11756C8BA4A:t52, leader=null, voted=b75f8b2e-6273-4c97-b7c5-042674931d23, raftlog=b75f8b2e-6273-4c97-b7c5-042674931d23@group-F11756C8BA4A-SegmentedRaftLog:OPENED:c-1,f-1,i0, conf=-1: [6ef27e9c-8ddb-4fa1-8c14-ab102acfb1b8:192.168.164.241:38092, b75f8b2e-6273-4c97-b7c5-042674931d23:192.168.164.241:41857, 3750b3a2-715b-46b3-9d0c-9e38136244b9:192.168.164.241:46227], old=null
2019-10-20 18:18:34,124 [b75f8b2e-6273-4c97-b7c5-042674931d23@group-F11756C8BA4A-LeaderElection111] INFO  impl.RaftServerImpl (RaftServerImpl.java:setRole(184)) - b75f8b2e-6273-4c97-b7c5-042674931d23@group-F11756C8BA4A: changes role from CANDIDATE to FOLLOWER at term 52 for DISCOVERED_A_NEW_TERM
2019-10-20 18:18:34,124 [b75f8b2e-6273-4c97-b7c5-042674931d23@group-F11756C8BA4A-LeaderElection111] INFO  impl.RoleInfo (RoleInfo.java:shutdownLeaderElection(134)) - b75f8b2e-6273-4c97-b7c5-042674931d23: shutdown LeaderElection
2019-10-20 18:18:34,124 [b75f8b2e-6273-4c97-b7c5-042674931d23@group-F11756C8BA4A-LeaderElection111] INFO  impl.RoleInfo (RoleInfo.java:updateAndGet(143)) - b75f8b2e-6273-4c97-b7c5-042674931d23: start FollowerState
2019-10-20 18:18:34,199 [Thread-1077] INFO  impl.FollowerState (FollowerState.java:run(108)) - b75f8b2e-6273-4c97-b7c5-042674931d23@group-F11756C8BA4A-FollowerState: change to CANDIDATE, lastRpcTime:74ms, electionTimeout:72ms
2019-10-20 18:18:34,199 [Thread-1077] INFO  impl.RoleInfo (RoleInfo.java:shutdownFollowerState(121)) - b75f8b2e-6273-4c97-b7c5-042674931d23: shutdown FollowerState
2019-10-20 18:18:34,199 [Thread-1077] INFO  impl.RaftServerImpl (RaftServerImpl.java:setRole(184)) - b75f8b2e-6273-4c97-b7c5-042674931d23@group-F11756C8BA4A: changes role from  FOLLOWER to CANDIDATE at term 52 for changeToCandidate
2019-10-20 18:18:34,199 [Thread-1077] INFO  impl.RoleInfo (RoleInfo.java:updateAndGet(143)) - b75f8b2e-6273-4c97-b7c5-042674931d23: start LeaderElection
2019-10-20 18:18:34,223 [b75f8b2e-6273-4c97-b7c5-042674931d23@group-F11756C8BA4A-LeaderElection112] INFO  impl.LeaderElection (LeaderElection.java:askForVotes(178)) - b75f8b2e-6273-4c97-b7c5-042674931d23@group-F11756C8BA4A-LeaderElection112: begin an election at term 53 for -1: [6ef27e9c-8ddb-4fa1-8c14-ab102acfb1b8:192.168.164.241:38092, b75f8b2e-6273-4c97-b7c5-042674931d23:192.168.164.241:41857, 3750b3a2-715b-46b3-9d0c-9e38136244b9:192.168.164.241:46227], old=null
2019-10-20 18:18:34,225 [b75f8b2e-6273-4c97-b7c5-042674931d23@group-F11756C8BA4A-LeaderElection112] INFO  impl.LeaderElection (LeaderElection.java:logAndReturn(56)) - b75f8b2e-6273-4c97-b7c5-042674931d23@group-F11756C8BA4A-LeaderElection112: Election TIMEOUT; received 0 response(s) [] and 0 exception(s); b75f8b2e-6273-4c97-b7c5-042674931d23@group-F11756C8BA4A:t53, leader=null, voted=b75f8b2e-6273-4c97-b7c5-042674931d23, raftlog=b75f8b2e-6273-4c97-b7c5-042674931d23@group-F11756C8BA4A-SegmentedRaftLog:OPENED:c-1,f-1,i0, conf=-1: [6ef27e9c-8ddb-4fa1-8c14-ab102acfb1b8:192.168.164.241:38092, b75f8b2e-6273-4c97-b7c5-042674931d23:192.168.164.241:41857, 3750b3a2-715b-46b3-9d0c-9e38136244b9:192.168.164.241:46227], old=null
2019-10-20 18:18:34,226 [grpc-default-executor-7] INFO  impl.RaftServerImpl (RaftServerImpl.java:setRole(184)) - 6ef27e9c-8ddb-4fa1-8c14-ab102acfb1b8@group-F11756C8BA4A: changes role from  FOLLOWER to FOLLOWER at term 53 for recognizeCandidate:b75f8b2e-6273-4c97-b7c5-042674931d23
2019-10-20 18:18:34,226 [grpc-default-executor-10] INFO  impl.RaftServerImpl (RaftServerImpl.java:setRole(184)) - 3750b3a2-715b-46b3-9d0c-9e38136244b9@group-F11756C8BA4A: changes role from  FOLLOWER to FOLLOWER at term 53 for recognizeCandidate:b75f8b2e-6273-4c97-b7c5-042674931d23
2019-10-20 18:18:34,226 [grpc-default-executor-7] INFO  impl.RoleInfo (RoleInfo.java:shutdownFollowerState(121)) - 6ef27e9c-8ddb-4fa1-8c14-ab102acfb1b8: shutdown FollowerState
2019-10-20 18:18:34,226 [grpc-default-executor-10] INFO  impl.RoleInfo (RoleInfo.java:shutdownFollowerState(121)) - 3750b3a2-715b-46b3-9d0c-9e38136244b9: shutdown FollowerState
2019-10-20 18:18:34,226 [Thread-1075] INFO  impl.FollowerState (FollowerState.java:run(117)) - 6ef27e9c-8ddb-4fa1-8c14-ab102acfb1b8@group-F11756C8BA4A-FollowerState was interrupted: java.lang.InterruptedException: sleep interrupted
2019-10-20 18:18:34,226 [grpc-default-executor-7] INFO  impl.RoleInfo (RoleInfo.java:updateAndGet(143)) - 6ef27e9c-8ddb-4fa1-8c14-ab102acfb1b8: start FollowerState
2019-10-20 18:18:34,226 [grpc-default-executor-10] INFO  impl.RoleInfo (RoleInfo.java:updateAndGet(143)) - 3750b3a2-715b-46b3-9d0c-9e38136244b9: start FollowerState
2019-10-20 18:18:34,226 [Thread-1076] INFO  impl.FollowerState (FollowerState.java:run(117)) - 3750b3a2-715b-46b3-9d0c-9e38136244b9@group-F11756C8BA4A-FollowerState was interrupted: java.lang.InterruptedException: sleep interrupted
2019-10-20 18:18:34,232 [Thread-1071] INFO  impl.FollowerState (FollowerState.java:run(108)) - 399079f7-1eb1-4f37-b003-267572525934@group-D40A05E2FCF9-FollowerState: change to CANDIDATE, lastRpcTime:183ms, electionTimeout:183ms
2019-10-20 18:18:34,232 [Thread-1071] INFO  impl.RoleInfo (RoleInfo.java:shutdownFollowerState(121)) - 399079f7-1eb1-4f37-b003-267572525934: shutdown FollowerState
2019-10-20 18:18:34,232 [Thread-1071] INFO  impl.RaftServerImpl (RaftServerImpl.java:setRole(184)) - 399079f7-1eb1-4f37-b003-267572525934@group-D40A05E2FCF9: changes role from  FOLLOWER to CANDIDATE at term 57 for changeToCandidate
2019-10-20 18:18:34,232 [Thread-1071] INFO  impl.RoleInfo (RoleInfo.java:updateAndGet(143)) - 399079f7-1eb1-4f37-b003-267572525934: start LeaderElection
2019-10-20 18:18:34,249 [399079f7-1eb1-4f37-b003-267572525934@group-D40A05E2FCF9-LeaderElection113] INFO  impl.LeaderElection (LeaderElection.java:askForVotes(178)) - 399079f7-1eb1-4f37-b003-267572525934@group-D40A05E2FCF9-LeaderElection113: begin an election at term 58 for -1: [399079f7-1eb1-4f37-b003-267572525934:192.168.164.241:37762, 7a43c46a-fc88-4b2d-b2da-ae029cfa60ff:192.168.164.241:43684, 6c5c38af-62e6-4ea7-a24a-078dcb28fb39:192.168.164.241:45428], old=null
2019-10-20 18:18:34,249 [b75f8b2e-6273-4c97-b7c5-042674931d23@group-F11756C8BA4A-LeaderElection112] INFO  impl.LeaderElection (LeaderElection.java:askForVotes(178)) - b75f8b2e-6273-4c97-b7c5-042674931d23@group-F11756C8BA4A-LeaderElection112: begin an election at term 54 for -1: [6ef27e9c-8ddb-4fa1-8c14-ab102acfb1b8:192.168.164.241:38092, b75f8b2e-6273-4c97-b7c5-042674931d23:192.168.164.241:41857, 3750b3a2-715b-46b3-9d0c-9e38136244b9:192.168.164.241:46227], old=null
2019-10-20 18:18:34,250 [grpc-default-executor-10] INFO  impl.RaftServerImpl (RaftServerImpl.java:setRole(184)) - 6ef27e9c-8ddb-4fa1-8c14-ab102acfb1b8@group-F11756C8BA4A: changes role from  FOLLOWER to FOLLOWER at term 54 for recognizeCandidate:b75f8b2e-6273-4c97-b7c5-042674931d23
2019-10-20 18:18:34,250 [grpc-default-executor-7] INFO  impl.RaftServerImpl (RaftServerImpl.java:setRole(184)) - 3750b3a2-715b-46b3-9d0c-9e38136244b9@group-F11756C8BA4A: changes role from  FOLLOWER to FOLLOWER at term 54 for recognizeCandidate:b75f8b2e-6273-4c97-b7c5-042674931d23
2019-10-20 18:18:34,250 [grpc-default-executor-10] INFO  impl.RoleInfo (RoleInfo.java:shutdownFollowerState(121)) - 6ef27e9c-8ddb-4fa1-8c14-ab102acfb1b8: shutdown FollowerState
2019-10-20 18:18:34,251 [grpc-default-executor-3] INFO  impl.RaftServerImpl (RaftServerImpl.java:setRole(184)) - 7a43c46a-fc88-4b2d-b2da-ae029cfa60ff@group-D40A05E2FCF9: changes role from  FOLLOWER to FOLLOWER at term 58 for recognizeCandidate:399079f7-1eb1-4f37-b003-267572525934
2019-10-20 18:18:34,251 [grpc-default-executor-7] INFO  impl.RoleInfo (RoleInfo.java:shutdownFollowerState(121)) - 3750b3a2-715b-46b3-9d0c-9e38136244b9: shutdown FollowerState
2019-10-20 18:18:34,251 [grpc-default-executor-3] INFO  impl.RoleInfo (RoleInfo.java:shutdownFollowerState(121)) - 7a43c46a-fc88-4b2d-b2da-ae029cfa60ff: shutdown FollowerState
2019-10-20 18:18:34,251 [Thread-1085] INFO  impl.FollowerState (FollowerState.java:run(117)) - 6ef27e9c-8ddb-4fa1-8c14-ab102acfb1b8@group-F11756C8BA4A-FollowerState was interrupted: java.lang.InterruptedException: sleep interrupted
2019-10-20 18:18:34,251 [grpc-default-executor-10] INFO  impl.RoleInfo (RoleInfo.java:updateAndGet(143)) - 6ef27e9c-8ddb-4fa1-8c14-ab102acfb1b8: start FollowerState
2019-10-20 18:18:34,251 [Thread-1069] INFO  impl.FollowerState (FollowerState.java:run(117)) - 7a43c46a-fc88-4b2d-b2da-ae029cfa60ff@group-D40A05E2FCF9-FollowerState was interrupted: java.lang.InterruptedException: sleep interrupted
2019-10-20 18:18:34,251 [grpc-default-executor-3] INFO  impl.RoleInfo (RoleInfo.java:updateAndGet(143)) - 7a43c46a-fc88-4b2d-b2da-ae029cfa60ff: start FollowerState
2019-10-20 18:18:34,251 [Thread-1086] INFO  impl.FollowerState (FollowerState.java:run(117)) - 3750b3a2-715b-46b3-9d0c-9e38136244b9@group-F11756C8BA4A-FollowerState was interrupted: java.lang.InterruptedException: sleep interrupted
2019-10-20 18:18:34,251 [grpc-default-executor-7] INFO  impl.RoleInfo (RoleInfo.java:updateAndGet(143)) - 3750b3a2-715b-46b3-9d0c-9e38136244b9: start FollowerState
2019-10-20 18:18:34,251 [grpc-default-executor-1] INFO  impl.RaftServerImpl (RaftServerImpl.java:setRole(184)) - 6c5c38af-62e6-4ea7-a24a-078dcb28fb39@group-D40A05E2FCF9: changes role from  FOLLOWER to FOLLOWER at term 58 for recognizeCandidate:399079f7-1eb1-4f37-b003-267572525934
2019-10-20 18:18:34,252 [grpc-default-executor-1] INFO  impl.RoleInfo (RoleInfo.java:shutdownFollowerState(121)) - 6c5c38af-62e6-4ea7-a24a-078dcb28fb39: shutdown FollowerState
2019-10-20 18:18:34,252 [grpc-default-executor-1] INFO  impl.RoleInfo (RoleInfo.java:updateAndGet(143)) - 6c5c38af-62e6-4ea7-a24a-078dcb28fb39: start FollowerState
2019-10-20 18:18:34,252 [Thread-1070] INFO  impl.FollowerState (FollowerState.java:run(117)) - 6c5c38af-62e6-4ea7-a24a-078dcb28fb39@group-D40A05E2FCF9-FollowerState was interrupted: java.lang.InterruptedException: sleep interrupted
2019-10-20 18:18:34,284 [399079f7-1eb1-4f37-b003-267572525934@group-D40A05E2FCF9-LeaderElection113] INFO  impl.LeaderElection (LeaderElection.java:logAndReturn(56)) - 399079f7-1eb1-4f37-b003-267572525934@group-D40A05E2FCF9-LeaderElection113: Election REJECTED; received 2 response(s) [399079f7-1eb1-4f37-b003-267572525934<-7a43c46a-fc88-4b2d-b2da-ae029cfa60ff#0:FAIL-t58, 399079f7-1eb1-4f37-b003-267572525934<-6c5c38af-62e6-4ea7-a24a-078dcb28fb39#0:FAIL-t58] and 0 exception(s); 399079f7-1eb1-4f37-b003-267572525934@group-D40A05E2FCF9:t58, leader=null, voted=399079f7-1eb1-4f37-b003-267572525934, raftlog=399079f7-1eb1-4f37-b003-267572525934@group-D40A05E2FCF9-SegmentedRaftLog:OPENED:c-1,f-1,i0, conf=-1: [399079f7-1eb1-4f37-b003-267572525934:192.168.164.241:37762, 7a43c46a-fc88-4b2d-b2da-ae029cfa60ff:192.168.164.241:43684, 6c5c38af-62e6-4ea7-a24a-078dcb28fb39:192.168.164.241:45428], old=null
2019-10-20 18:18:34,284 [399079f7-1eb1-4f37-b003-267572525934@group-D40A05E2FCF9-LeaderElection113] INFO  impl.RaftServerImpl (RaftServerImpl.java:setRole(184)) - 399079f7-1eb1-4f37-b003-267572525934@group-D40A05E2FCF9: changes role from CANDIDATE to FOLLOWER at term 58 for DISCOVERED_A_NEW_TERM
2019-10-20 18:18:34,284 [b75f8b2e-6273-4c97-b7c5-042674931d23@group-F11756C8BA4A-LeaderElection112] INFO  impl.LeaderElection (LeaderElection.java:logAndReturn(56)) - b75f8b2e-6273-4c97-b7c5-042674931d23@group-F11756C8BA4A-LeaderElection112: Election REJECTED; received 2 response(s) [b75f8b2e-6273-4c97-b7c5-042674931d23<-6ef27e9c-8ddb-4fa1-8c14-ab102acfb1b8#0:FAIL-t54, b75f8b2e-6273-4c97-b7c5-042674931d23<-3750b3a2-715b-46b3-9d0c-9e38136244b9#0:FAIL-t54] and 0 exception(s); b75f8b2e-6273-4c97-b7c5-042674931d23@group-F11756C8BA4A:t54, leader=null, voted=b75f8b2e-6273-4c97-b7c5-042674931d23, raftlog=b75f8b2e-6273-4c97-b7c5-042674931d23@group-F11756C8BA4A-SegmentedRaftLog:OPENED:c-1,f-1,i0, conf=-1: [6ef27e9c-8ddb-4fa1-8c14-ab102acfb1b8:192.168.164.241:38092, b75f8b2e-6273-4c97-b7c5-042674931d23:192.168.164.241:41857, 3750b3a2-715b-46b3-9d0c-9e38136244b9:192.168.164.241:46227], old=null
2019-10-20 18:18:34,284 [399079f7-1eb1-4f37-b003-267572525934@group-D40A05E2FCF9-LeaderElection113] INFO  impl.RoleInfo (RoleInfo.java:shutdownLeaderElection(134)) - 399079f7-1eb1-4f37-b003-267572525934: shutdown LeaderElection
2019-10-20 18:18:34,284 [b75f8b2e-6273-4c97-b7c5-042674931d23@group-F11756C8BA4A-LeaderElection112] INFO  impl.RaftServerImpl (RaftServerImpl.java:setRole(184)) - b75f8b2e-6273-4c97-b7c5-042674931d23@group-F11756C8BA4A: changes role from CANDIDATE to FOLLOWER at term 54 for DISCOVERED_A_NEW_TERM
2019-10-20 18:18:34,284 [399079f7-1eb1-4f37-b003-267572525934@group-D40A05E2FCF9-LeaderElection113] INFO  impl.RoleInfo (RoleInfo.java:updateAndGet(143)) - 399079f7-1eb1-4f37-b003-267572525934: start FollowerState
2019-10-20 18:18:34,284 [b75f8b2e-6273-4c97-b7c5-042674931d23@group-F11756C8BA4A-LeaderElection112] INFO  impl.RoleInfo (RoleInfo.java:shutdownLeaderElection(134)) - b75f8b2e-6273-4c97-b7c5-042674931d23: shutdown LeaderElection
2019-10-20 18:18:34,284 [b75f8b2e-6273-4c97-b7c5-042674931d23@group-F11756C8BA4A-LeaderElection112] INFO  impl.RoleInfo (RoleInfo.java:updateAndGet(143)) - b75f8b2e-6273-4c97-b7c5-042674931d23: start FollowerState
2019-10-20 18:18:34,386 [Thread-1097] INFO  impl.FollowerState (FollowerState.java:run(108)) - b75f8b2e-6273-4c97-b7c5-042674931d23@group-F11756C8BA4A-FollowerState: change to CANDIDATE, lastRpcTime:101ms, electionTimeout:101ms
2019-10-20 18:18:34,386 [Thread-1097] INFO  impl.RoleInfo (RoleInfo.java:shutdownFollowerState(121)) - b75f8b2e-6273-4c97-b7c5-042674931d23: shutdown FollowerState
2019-10-20 18:18:34,386 [Thread-1097] INFO  impl.RaftServerImpl (RaftServerImpl.java:setRole(184)) - b75f8b2e-6273-4c97-b7c5-042674931d23@group-F11756C8BA4A: changes role from  FOLLOWER to CANDIDATE at term 54 for changeToCandidate
2019-10-20 18:18:34,386 [Thread-1097] INFO  impl.RoleInfo (RoleInfo.java:updateAndGet(143)) - b75f8b2e-6273-4c97-b7c5-042674931d23: start LeaderElection
2019-10-20 18:18:34,416 [b75f8b2e-6273-4c97-b7c5-042674931d23@group-F11756C8BA4A-LeaderElection114] INFO  impl.LeaderElection (LeaderElection.java:askForVotes(178)) - b75f8b2e-6273-4c97-b7c5-042674931d23@group-F11756C8BA4A-LeaderElection114: begin an election at term 55 for -1: [6ef27e9c-8ddb-4fa1-8c14-ab102acfb1b8:192.168.164.241:38092, b75f8b2e-6273-4c97-b7c5-042674931d23:192.168.164.241:41857, 3750b3a2-715b-46b3-9d0c-9e38136244b9:192.168.164.241:46227], old=null
2019-10-20 18:18:34,419 [grpc-default-executor-1] INFO  impl.RaftServerImpl (RaftServerImpl.java:setRole(184)) - 3750b3a2-715b-46b3-9d0c-9e38136244b9@group-F11756C8BA4A: changes role from  FOLLOWER to FOLLOWER at term 55 for recognizeCandidate:b75f8b2e-6273-4c97-b7c5-042674931d23
2019-10-20 18:18:34,419 [grpc-default-executor-1] INFO  impl.RoleInfo (RoleInfo.java:shutdownFollowerState(121)) - 3750b3a2-715b-46b3-9d0c-9e38136244b9: shutdown FollowerState
2019-10-20 18:18:34,419 [grpc-default-executor-3] INFO  impl.RaftServerImpl (RaftServerImpl.java:setRole(184)) - 6ef27e9c-8ddb-4fa1-8c14-ab102acfb1b8@group-F11756C8BA4A: changes role from  FOLLOWER to FOLLOWER at term 55 for recognizeCandidate:b75f8b2e-6273-4c97-b7c5-042674931d23
2019-10-20 18:18:34,419 [Thread-1093] INFO  impl.FollowerState (FollowerState.java:run(117)) - 3750b3a2-715b-46b3-9d0c-9e38136244b9@group-F11756C8BA4A-FollowerState was interrupted: java.lang.InterruptedException: sleep interrupted
2019-10-20 18:18:34,419 [grpc-default-executor-1] INFO  impl.RoleInfo (RoleInfo.java:updateAndGet(143)) - 3750b3a2-715b-46b3-9d0c-9e38136244b9: start FollowerState
2019-10-20 18:18:34,419 [grpc-default-executor-3] INFO  impl.RoleInfo (RoleInfo.java:shutdownFollowerState(121)) - 6ef27e9c-8ddb-4fa1-8c14-ab102acfb1b8: shutdown FollowerState
2019-10-20 18:18:34,420 [Thread-1092] INFO  impl.FollowerState (FollowerState.java:run(117)) - 6ef27e9c-8ddb-4fa1-8c14-ab102acfb1b8@group-F11756C8BA4A-FollowerState was interrupted: java.lang.InterruptedException: sleep interrupted
2019-10-20 18:18:34,420 [grpc-default-executor-3] INFO  impl.RoleInfo (RoleInfo.java:updateAndGet(143)) - 6ef27e9c-8ddb-4fa1-8c14-ab102acfb1b8: start FollowerState
2019-10-20 18:18:34,426 [Thread-1096] INFO  impl.FollowerState (FollowerState.java:run(108)) - 399079f7-1eb1-4f37-b003-267572525934@group-D40A05E2FCF9-FollowerState: change to CANDIDATE, lastRpcTime:141ms, electionTimeout:141ms
2019-10-20 18:18:34,426 [Thread-1096] INFO  impl.RoleInfo (RoleInfo.java:shutdownFollowerState(121)) - 399079f7-1eb1-4f37-b003-267572525934: shutdown FollowerState
2019-10-20 18:18:34,426 [Thread-1096] INFO  impl.RaftServerImpl (RaftServerImpl.java:setRole(184)) - 399079f7-1eb1-4f37-b003-267572525934@group-D40A05E2FCF9: changes role from  FOLLOWER to CANDIDATE at term 58 for changeToCandidate
2019-10-20 18:18:34,426 [Thread-1096] INFO  impl.RoleInfo (RoleInfo.java:updateAndGet(143)) - 399079f7-1eb1-4f37-b003-267572525934: start LeaderElection
2019-10-20 18:18:34,442 [399079f7-1eb1-4f37-b003-267572525934@group-D40A05E2FCF9-LeaderElection115] INFO  impl.LeaderElection (LeaderElection.java:askForVotes(178)) - 399079f7-1eb1-4f37-b003-267572525934@group-D40A05E2FCF9-LeaderElection115: begin an election at term 59 for -1: [399079f7-1eb1-4f37-b003-267572525934:192.168.164.241:37762, 7a43c46a-fc88-4b2d-b2da-ae029cfa60ff:192.168.164.241:43684, 6c5c38af-62e6-4ea7-a24a-078dcb28fb39:192.168.164.241:45428], old=null
2019-10-20 18:18:34,443 [b75f8b2e-6273-4c97-b7c5-042674931d23@group-F11756C8BA4A-LeaderElection114] INFO  impl.LeaderElection (LeaderElection.java:logAndReturn(56)) - b75f8b2e-6273-4c97-b7c5-042674931d23@group-F11756C8BA4A-LeaderElection114: Election REJECTED; received 2 response(s) [b75f8b2e-6273-4c97-b7c5-042674931d23<-6ef27e9c-8ddb-4fa1-8c14-ab102acfb1b8#0:FAIL-t55, b75f8b2e-6273-4c97-b7c5-042674931d23<-3750b3a2-715b-46b3-9d0c-9e38136244b9#0:FAIL-t55] and 0 exception(s); b75f8b2e-6273-4c97-b7c5-042674931d23@group-F11756C8BA4A:t55, leader=null, voted=b75f8b2e-6273-4c97-b7c5-042674931d23, raftlog=b75f8b2e-6273-4c97-b7c5-042674931d23@group-F11756C8BA4A-SegmentedRaftLog:OPENED:c-1,f-1,i0, conf=-1: [6ef27e9c-8ddb-4fa1-8c14-ab102acfb1b8:192.168.164.241:38092, b75f8b2e-6273-4c97-b7c5-042674931d23:192.168.164.241:41857, 3750b3a2-715b-46b3-9d0c-9e38136244b9:192.168.164.241:46227], old=null
2019-10-20 18:18:34,443 [b75f8b2e-6273-4c97-b7c5-042674931d23@group-F11756C8BA4A-LeaderElection114] INFO  impl.RaftServerImpl (RaftServerImpl.java:setRole(184)) - b75f8b2e-6273-4c97-b7c5-042674931d23@group-F11756C8BA4A: changes role from CANDIDATE to FOLLOWER at term 55 for DISCOVERED_A_NEW_TERM
2019-10-20 18:18:34,443 [b75f8b2e-6273-4c97-b7c5-042674931d23@group-F11756C8BA4A-LeaderElection114] INFO  impl.RoleInfo (RoleInfo.java:shutdownLeaderElection(134)) - b75f8b2e-6273-4c97-b7c5-042674931d23: shutdown LeaderElection
2019-10-20 18:18:34,443 [b75f8b2e-6273-4c97-b7c5-042674931d23@group-F11756C8BA4A-LeaderElection114] INFO  impl.RoleInfo (RoleInfo.java:updateAndGet(143)) - b75f8b2e-6273-4c97-b7c5-042674931d23: start FollowerState
2019-10-20 18:18:34,444 [grpc-default-executor-1] INFO  impl.RaftServerImpl (RaftServerImpl.java:setRole(184)) - 6c5c38af-62e6-4ea7-a24a-078dcb28fb39@group-D40A05E2FCF9: changes role from  FOLLOWER to FOLLOWER at term 59 for recognizeCandidate:399079f7-1eb1-4f37-b003-267572525934
2019-10-20 18:18:34,444 [grpc-default-executor-1] INFO  impl.RoleInfo (RoleInfo.java:shutdownFollowerState(121)) - 6c5c38af-62e6-4ea7-a24a-078dcb28fb39: shutdown FollowerState
2019-10-20 18:18:34,444 [grpc-default-executor-3] INFO  impl.RaftServerImpl (RaftServerImpl.java:setRole(184)) - 7a43c46a-fc88-4b2d-b2da-ae029cfa60ff@group-D40A05E2FCF9: changes role from  FOLLOWER to FOLLOWER at term 59 for recognizeCandidate:399079f7-1eb1-4f37-b003-267572525934
2019-10-20 18:18:34,444 [Thread-1095] INFO  impl.FollowerState (FollowerState.java:run(117)) - 6c5c38af-62e6-4ea7-a24a-078dcb28fb39@group-D40A05E2FCF9-FollowerState was interrupted: java.lang.InterruptedException: sleep interrupted
2019-10-20 18:18:34,444 [grpc-default-executor-1] INFO  impl.RoleInfo (RoleInfo.java:updateAndGet(143)) - 6c5c38af-62e6-4ea7-a24a-078dcb28fb39: start FollowerState
2019-10-20 18:18:34,444 [grpc-default-executor-3] INFO  impl.RoleInfo (RoleInfo.java:shutdownFollowerState(121)) - 7a43c46a-fc88-4b2d-b2da-ae029cfa60ff: shutdown FollowerState
2019-10-20 18:18:34,445 [Thread-1094] INFO  impl.FollowerState (FollowerState.java:run(117)) - 7a43c46a-fc88-4b2d-b2da-ae029cfa60ff@group-D40A05E2FCF9-FollowerState was interrupted: java.lang.InterruptedException: sleep interrupted
2019-10-20 18:18:34,445 [grpc-default-executor-3] INFO  impl.RoleInfo (RoleInfo.java:updateAndGet(143)) - 7a43c46a-fc88-4b2d-b2da-ae029cfa60ff: start FollowerState
2019-10-20 18:18:34,468 [399079f7-1eb1-4f37-b003-267572525934@group-D40A05E2FCF9-LeaderElection115] INFO  impl.LeaderElection (LeaderElection.java:logAndReturn(56)) - 399079f7-1eb1-4f37-b003-267572525934@group-D40A05E2FCF9-LeaderElection115: Election REJECTED; received 2 response(s) [399079f7-1eb1-4f37-b003-267572525934<-7a43c46a-fc88-4b2d-b2da-ae029cfa60ff#0:FAIL-t59, 399079f7-1eb1-4f37-b003-267572525934<-6c5c38af-62e6-4ea7-a24a-078dcb28fb39#0:FAIL-t59] and 0 exception(s); 399079f7-1eb1-4f37-b003-267572525934@group-D40A05E2FCF9:t59, leader=null, voted=399079f7-1eb1-4f37-b003-267572525934, raftlog=399079f7-1eb1-4f37-b003-267572525934@group-D40A05E2FCF9-SegmentedRaftLog:OPENED:c-1,f-1,i0, conf=-1: [399079f7-1eb1-4f37-b003-267572525934:192.168.164.241:37762, 7a43c46a-fc88-4b2d-b2da-ae029cfa60ff:192.168.164.241:43684, 6c5c38af-62e6-4ea7-a24a-078dcb28fb39:192.168.164.241:45428], old=null
2019-10-20 18:18:34,468 [399079f7-1eb1-4f37-b003-267572525934@group-D40A05E2FCF9-LeaderElection115] INFO  impl.RaftServerImpl (RaftServerImpl.java:setRole(184)) - 399079f7-1eb1-4f37-b003-267572525934@group-D40A05E2FCF9: changes role from CANDIDATE to FOLLOWER at term 59 for DISCOVERED_A_NEW_TERM
2019-10-20 18:18:34,468 [399079f7-1eb1-4f37-b003-267572525934@group-D40A05E2FCF9-LeaderElection115] INFO  impl.RoleInfo (RoleInfo.java:shutdownLeaderElection(134)) - 399079f7-1eb1-4f37-b003-267572525934: shutdown LeaderElection
2019-10-20 18:18:34,469 [399079f7-1eb1-4f37-b003-267572525934@group-D40A05E2FCF9-LeaderElection115] INFO  impl.RoleInfo (RoleInfo.java:updateAndGet(143)) - 399079f7-1eb1-4f37-b003-267572525934: start FollowerState
2019-10-20 18:18:34,493 [Thread-1106] INFO  impl.FollowerState (FollowerState.java:run(108)) - b75f8b2e-6273-4c97-b7c5-042674931d23@group-F11756C8BA4A-FollowerState: change to CANDIDATE, lastRpcTime:49ms, electionTimeout:49ms
2019-10-20 18:18:34,493 [Thread-1106] INFO  impl.RoleInfo (RoleInfo.java:shutdownFollowerState(121)) - b75f8b2e-6273-4c97-b7c5-042674931d23: shutdown FollowerState
2019-10-20 18:18:34,493 [Thread-1106] INFO  impl.RaftServerImpl (RaftServerImpl.java:setRole(184)) - b75f8b2e-6273-4c97-b7c5-042674931d23@group-F11756C8BA4A: changes role from  FOLLOWER to CANDIDATE at term 55 for changeToCandidate
2019-10-20 18:18:34,493 [Thread-1106] INFO  impl.RoleInfo (RoleInfo.java:updateAndGet(143)) - b75f8b2e-6273-4c97-b7c5-042674931d23: start LeaderElection
2019-10-20 18:18:34,518 [b75f8b2e-6273-4c97-b7c5-042674931d23@group-F11756C8BA4A-LeaderElection116] INFO  impl.LeaderElection (LeaderElection.java:askForVotes(178)) - b75f8b2e-6273-4c97-b7c5-042674931d23@group-F11756C8BA4A-LeaderElection116: begin an election at term 56 for -1: [6ef27e9c-8ddb-4fa1-8c14-ab102acfb1b8:192.168.164.241:38092, b75f8b2e-6273-4c97-b7c5-042674931d23:192.168.164.241:41857, 3750b3a2-715b-46b3-9d0c-9e38136244b9:192.168.164.241:46227], old=null
2019-10-20 18:18:34,520 [grpc-default-executor-3] INFO  impl.RaftServerImpl (RaftServerImpl.java:setRole(184)) - 3750b3a2-715b-46b3-9d0c-9e38136244b9@group-F11756C8BA4A: changes role from  FOLLOWER to FOLLOWER at term 56 for recognizeCandidate:b75f8b2e-6273-4c97-b7c5-042674931d23
2019-10-20 18:18:34,520 [grpc-default-executor-1] INFO  impl.RaftServerImpl (RaftServerImpl.java:setRole(184)) - 6ef27e9c-8ddb-4fa1-8c14-ab102acfb1b8@group-F11756C8BA4A: changes role from  FOLLOWER to FOLLOWER at term 56 for recognizeCandidate:b75f8b2e-6273-4c97-b7c5-042674931d23
2019-10-20 18:18:34,520 [grpc-default-executor-3] INFO  impl.RoleInfo (RoleInfo.java:shutdownFollowerState(121)) - 3750b3a2-715b-46b3-9d0c-9e38136244b9: shutdown FollowerState
2019-10-20 18:18:34,521 [grpc-default-executor-1] INFO  impl.RoleInfo (RoleInfo.java:shutdownFollowerState(121)) - 6ef27e9c-8ddb-4fa1-8c14-ab102acfb1b8: shutdown FollowerState
2019-10-20 18:18:34,521 [Thread-1101] INFO  impl.FollowerState (FollowerState.java:run(117)) - 3750b3a2-715b-46b3-9d0c-9e38136244b9@group-F11756C8BA4A-FollowerState was interrupted: java.lang.InterruptedException: sleep interrupted
2019-10-20 18:18:34,521 [Thread-1102] INFO  impl.FollowerState (FollowerState.java:run(117)) - 6ef27e9c-8ddb-4fa1-8c14-ab102acfb1b8@group-F11756C8BA4A-FollowerState was interrupted: java.lang.InterruptedException: sleep interrupted
2019-10-20 18:18:34,521 [grpc-default-executor-3] INFO  impl.RoleInfo (RoleInfo.java:updateAndGet(143)) - 3750b3a2-715b-46b3-9d0c-9e38136244b9: start FollowerState
2019-10-20 18:18:34,521 [grpc-default-executor-1] INFO  impl.RoleInfo (RoleInfo.java:updateAndGet(143)) - 6ef27e9c-8ddb-4fa1-8c14-ab102acfb1b8: start FollowerState
2019-10-20 18:18:34,554 [b75f8b2e-6273-4c97-b7c5-042674931d23@group-F11756C8BA4A-LeaderElection116] INFO  impl.LeaderElection (LeaderElection.java:logAndReturn(56)) - b75f8b2e-6273-4c97-b7c5-042674931d23@group-F11756C8BA4A-LeaderElection116: Election REJECTED; received 2 response(s) [b75f8b2e-6273-4c97-b7c5-042674931d23<-6ef27e9c-8ddb-4fa1-8c14-ab102acfb1b8#0:FAIL-t56, b75f8b2e-6273-4c97-b7c5-042674931d23<-3750b3a2-715b-46b3-9d0c-9e38136244b9#0:FAIL-t56] and 0 exception(s); b75f8b2e-6273-4c97-b7c5-042674931d23@group-F11756C8BA4A:t56, leader=null, voted=b75f8b2e-6273-4c97-b7c5-042674931d23, raftlog=b75f8b2e-6273-4c97-b7c5-042674931d23@group-F11756C8BA4A-SegmentedRaftLog:OPENED:c-1,f-1,i0, conf=-1: [6ef27e9c-8ddb-4fa1-8c14-ab102acfb1b8:192.168.164.241:38092, b75f8b2e-6273-4c97-b7c5-042674931d23:192.168.164.241:41857, 3750b3a2-715b-46b3-9d0c-9e38136244b9:192.168.164.241:46227], old=null
2019-10-20 18:18:34,554 [b75f8b2e-6273-4c97-b7c5-042674931d23@group-F11756C8BA4A-LeaderElection116] INFO  impl.RaftServerImpl (RaftServerImpl.java:setRole(184)) - b75f8b2e-6273-4c97-b7c5-042674931d23@group-F11756C8BA4A: changes role from CANDIDATE to FOLLOWER at term 56 for DISCOVERED_A_NEW_TERM
2019-10-20 18:18:34,554 [b75f8b2e-6273-4c97-b7c5-042674931d23@group-F11756C8BA4A-LeaderElection116] INFO  impl.RoleInfo (RoleInfo.java:shutdownLeaderElection(134)) - b75f8b2e-6273-4c97-b7c5-042674931d23: shutdown LeaderElection
2019-10-20 18:18:34,554 [b75f8b2e-6273-4c97-b7c5-042674931d23@group-F11756C8BA4A-LeaderElection116] INFO  impl.RoleInfo (RoleInfo.java:updateAndGet(143)) - b75f8b2e-6273-4c97-b7c5-042674931d23: start FollowerState
2019-10-20 18:18:34,559 [Thread-1109] INFO  impl.FollowerState (FollowerState.java:run(108)) - 399079f7-1eb1-4f37-b003-267572525934@group-D40A05E2FCF9-FollowerState: change to CANDIDATE, lastRpcTime:90ms, electionTimeout:90ms
2019-10-20 18:18:34,559 [Thread-1109] INFO  impl.RoleInfo (RoleInfo.java:shutdownFollowerState(121)) - 399079f7-1eb1-4f37-b003-267572525934: shutdown FollowerState
2019-10-20 18:18:34,559 [Thread-1109] INFO  impl.RaftServerImpl (RaftServerImpl.java:setRole(184)) - 399079f7-1eb1-4f37-b003-267572525934@group-D40A05E2FCF9: changes role from  FOLLOWER to CANDIDATE at term 59 for changeToCandidate
2019-10-20 18:18:34,559 [Thread-1109] INFO  impl.RoleInfo (RoleInfo.java:updateAndGet(143)) - 399079f7-1eb1-4f37-b003-267572525934: start LeaderElection
2019-10-20 18:18:34,586 [399079f7-1eb1-4f37-b003-267572525934@group-D40A05E2FCF9-LeaderElection117] INFO  impl.LeaderElection (LeaderElection.java:askForVotes(178)) - 399079f7-1eb1-4f37-b003-267572525934@group-D40A05E2FCF9-LeaderElection117: begin an election at term 60 for -1: [399079f7-1eb1-4f37-b003-267572525934:192.168.164.241:37762, 7a43c46a-fc88-4b2d-b2da-ae029cfa60ff:192.168.164.241:43684, 6c5c38af-62e6-4ea7-a24a-078dcb28fb39:192.168.164.241:45428], old=null
2019-10-20 18:18:34,589 [grpc-default-executor-1] INFO  impl.RaftServerImpl (RaftServerImpl.java:setRole(184)) - 6c5c38af-62e6-4ea7-a24a-078dcb28fb39@group-D40A05E2FCF9: changes role from  FOLLOWER to FOLLOWER at term 60 for recognizeCandidate:399079f7-1eb1-4f37-b003-267572525934
2019-10-20 18:18:34,589 [grpc-default-executor-3] INFO  impl.RaftServerImpl (RaftServerImpl.java:setRole(184)) - 7a43c46a-fc88-4b2d-b2da-ae029cfa60ff@group-D40A05E2FCF9: changes role from  FOLLOWER to FOLLOWER at term 60 for recognizeCandidate:399079f7-1eb1-4f37-b003-267572525934
2019-10-20 18:18:34,589 [grpc-default-executor-3] INFO  impl.RoleInfo (RoleInfo.java:shutdownFollowerState(121)) - 7a43c46a-fc88-4b2d-b2da-ae029cfa60ff: shutdown FollowerState
2019-10-20 18:18:34,589 [grpc-default-executor-1] INFO  impl.RoleInfo (RoleInfo.java:shutdownFollowerState(121)) - 6c5c38af-62e6-4ea7-a24a-078dcb28fb39: shutdown FollowerState
2019-10-20 18:18:34,589 [grpc-default-executor-3] INFO  impl.RoleInfo (RoleInfo.java:updateAndGet(143)) - 7a43c46a-fc88-4b2d-b2da-ae029cfa60ff: start FollowerState
2019-10-20 18:18:34,589 [Thread-1108] INFO  impl.FollowerState (FollowerState.java:run(117)) - 7a43c46a-fc88-4b2d-b2da-ae029cfa60ff@group-D40A05E2FCF9-FollowerState was interrupted: java.lang.InterruptedException: sleep interrupted
2019-10-20 18:18:34,589 [Thread-1107] INFO  impl.FollowerState (FollowerState.java:run(117)) - 6c5c38af-62e6-4ea7-a24a-078dcb28fb39@group-D40A05E2FCF9-FollowerState was interrupted: java.lang.InterruptedException: sleep interrupted
2019-10-20 18:18:34,589 [grpc-default-executor-1] INFO  impl.RoleInfo (RoleInfo.java:updateAndGet(143)) - 6c5c38af-62e6-4ea7-a24a-078dcb28fb39: start FollowerState
2019-10-20 18:18:34,613 [399079f7-1eb1-4f37-b003-267572525934@group-D40A05E2FCF9-LeaderElection117] INFO  impl.LeaderElection (LeaderElection.java:logAndReturn(56)) - 399079f7-1eb1-4f37-b003-267572525934@group-D40A05E2FCF9-LeaderElection117: Election REJECTED; received 2 response(s) [399079f7-1eb1-4f37-b003-267572525934<-7a43c46a-fc88-4b2d-b2da-ae029cfa60ff#0:FAIL-t60, 399079f7-1eb1-4f37-b003-267572525934<-6c5c38af-62e6-4ea7-a24a-078dcb28fb39#0:FAIL-t60] and 0 exception(s); 399079f7-1eb1-4f37-b003-267572525934@group-D40A05E2FCF9:t60, leader=null, voted=399079f7-1eb1-4f37-b003-267572525934, raftlog=399079f7-1eb1-4f37-b003-267572525934@group-D40A05E2FCF9-SegmentedRaftLog:OPENED:c-1,f-1,i0, conf=-1: [399079f7-1eb1-4f37-b003-267572525934:192.168.164.241:37762, 7a43c46a-fc88-4b2d-b2da-ae029cfa60ff:192.168.164.241:43684, 6c5c38af-62e6-4ea7-a24a-078dcb28fb39:192.168.164.241:45428], old=null
2019-10-20 18:18:34,613 [399079f7-1eb1-4f37-b003-267572525934@group-D40A05E2FCF9-LeaderElection117] INFO  impl.RaftServerImpl (RaftServerImpl.java:setRole(184)) - 399079f7-1eb1-4f37-b003-267572525934@group-D40A05E2FCF9: changes role from CANDIDATE to FOLLOWER at term 60 for DISCOVERED_A_NEW_TERM
2019-10-20 18:18:34,613 [399079f7-1eb1-4f37-b003-267572525934@group-D40A05E2FCF9-LeaderElection117] INFO  impl.RoleInfo (RoleInfo.java:shutdownLeaderElection(134)) - 399079f7-1eb1-4f37-b003-267572525934: shutdown LeaderElection
2019-10-20 18:18:34,613 [399079f7-1eb1-4f37-b003-267572525934@group-D40A05E2FCF9-LeaderElection117] INFO  impl.RoleInfo (RoleInfo.java:updateAndGet(143)) - 399079f7-1eb1-4f37-b003-267572525934: start FollowerState
2019-10-20 18:18:34,673 [Thread-1121] INFO  impl.FollowerState (FollowerState.java:run(108)) - 399079f7-1eb1-4f37-b003-267572525934@group-D40A05E2FCF9-FollowerState: change to CANDIDATE, lastRpcTime:59ms, electionTimeout:59ms
2019-10-20 18:18:34,673 [Thread-1121] INFO  impl.RoleInfo (RoleInfo.java:shutdownFollowerState(121)) - 399079f7-1eb1-4f37-b003-267572525934: shutdown FollowerState
2019-10-20 18:18:34,673 [Thread-1121] INFO  impl.RaftServerImpl (RaftServerImpl.java:setRole(184)) - 399079f7-1eb1-4f37-b003-267572525934@group-D40A05E2FCF9: changes role from  FOLLOWER to CANDIDATE at term 60 for changeToCandidate
2019-10-20 18:18:34,673 [Thread-1121] INFO  impl.RoleInfo (RoleInfo.java:updateAndGet(143)) - 399079f7-1eb1-4f37-b003-267572525934: start LeaderElection
2019-10-20 18:18:34,704 [399079f7-1eb1-4f37-b003-267572525934@group-D40A05E2FCF9-LeaderElection118] INFO  impl.LeaderElection (LeaderElection.java:askForVotes(178)) - 399079f7-1eb1-4f37-b003-267572525934@group-D40A05E2FCF9-LeaderElection118: begin an election at term 61 for -1: [399079f7-1eb1-4f37-b003-267572525934:192.168.164.241:37762, 7a43c46a-fc88-4b2d-b2da-ae029cfa60ff:192.168.164.241:43684, 6c5c38af-62e6-4ea7-a24a-078dcb28fb39:192.168.164.241:45428], old=null
2019-10-20 18:18:34,707 [grpc-default-executor-1] INFO  impl.RaftServerImpl (RaftServerImpl.java:setRole(184)) - 6c5c38af-62e6-4ea7-a24a-078dcb28fb39@group-D40A05E2FCF9: changes role from  FOLLOWER to FOLLOWER at term 61 for recognizeCandidate:399079f7-1eb1-4f37-b003-267572525934
2019-10-20 18:18:34,707 [grpc-default-executor-1] INFO  impl.RoleInfo (RoleInfo.java:shutdownFollowerState(121)) - 6c5c38af-62e6-4ea7-a24a-078dcb28fb39: shutdown FollowerState
2019-10-20 18:18:34,707 [grpc-default-executor-3] INFO  impl.RaftServerImpl (RaftServerImpl.java:setRole(184)) - 7a43c46a-fc88-4b2d-b2da-ae029cfa60ff@group-D40A05E2FCF9: changes role from  FOLLOWER to FOLLOWER at term 61 for recognizeCandidate:399079f7-1eb1-4f37-b003-267572525934
2019-10-20 18:18:34,707 [Thread-1120] INFO  impl.FollowerState (FollowerState.java:run(117)) - 6c5c38af-62e6-4ea7-a24a-078dcb28fb39@group-D40A05E2FCF9-FollowerState was interrupted: java.lang.InterruptedException: sleep interrupted
2019-10-20 18:18:34,707 [grpc-default-executor-1] INFO  impl.RoleInfo (RoleInfo.java:updateAndGet(143)) - 6c5c38af-62e6-4ea7-a24a-078dcb28fb39: start FollowerState
2019-10-20 18:18:34,707 [grpc-default-executor-3] INFO  impl.RoleInfo (RoleInfo.java:shutdownFollowerState(121)) - 7a43c46a-fc88-4b2d-b2da-ae029cfa60ff: shutdown FollowerState
2019-10-20 18:18:34,708 [grpc-default-executor-3] INFO  impl.RoleInfo (RoleInfo.java:updateAndGet(143)) - 7a43c46a-fc88-4b2d-b2da-ae029cfa60ff: start FollowerState
2019-10-20 18:18:34,708 [Thread-1119] INFO  impl.FollowerState (FollowerState.java:run(117)) - 7a43c46a-fc88-4b2d-b2da-ae029cfa60ff@group-D40A05E2FCF9-FollowerState was interrupted: java.lang.InterruptedException: sleep interrupted
2019-10-20 18:18:34,724 [Thread-1115] INFO  impl.FollowerState (FollowerState.java:run(108)) - b75f8b2e-6273-4c97-b7c5-042674931d23@group-F11756C8BA4A-FollowerState: change to CANDIDATE, lastRpcTime:170ms, electionTimeout:170ms
2019-10-20 18:18:34,725 [Thread-1115] INFO  impl.RoleInfo (RoleInfo.java:shutdownFollowerState(121)) - b75f8b2e-6273-4c97-b7c5-042674931d23: shutdown FollowerState
2019-10-20 18:18:34,725 [Thread-1115] INFO  impl.RaftServerImpl (RaftServerImpl.java:setRole(184)) - b75f8b2e-6273-4c97-b7c5-042674931d23@group-F11756C8BA4A: changes role from  FOLLOWER to CANDIDATE at term 56 for changeToCandidate
2019-10-20 18:18:34,725 [Thread-1115] INFO  impl.RoleInfo (RoleInfo.java:updateAndGet(143)) - b75f8b2e-6273-4c97-b7c5-042674931d23: start LeaderElection
2019-10-20 18:18:34,731 [399079f7-1eb1-4f37-b003-267572525934@group-D40A05E2FCF9-LeaderElection118] INFO  impl.LeaderElection (LeaderElection.java:logAndReturn(56)) - 399079f7-1eb1-4f37-b003-267572525934@group-D40A05E2FCF9-LeaderElection118: Election REJECTED; received 2 response(s) [399079f7-1eb1-4f37-b003-267572525934<-7a43c46a-fc88-4b2d-b2da-ae029cfa60ff#0:FAIL-t61, 399079f7-1eb1-4f37-b003-267572525934<-6c5c38af-62e6-4ea7-a24a-078dcb28fb39#0:FAIL-t61] and 0 exception(s); 399079f7-1eb1-4f37-b003-267572525934@group-D40A05E2FCF9:t61, leader=null, voted=399079f7-1eb1-4f37-b003-267572525934, raftlog=399079f7-1eb1-4f37-b003-267572525934@group-D40A05E2FCF9-SegmentedRaftLog:OPENED:c-1,f-1,i0, conf=-1: [399079f7-1eb1-4f37-b003-267572525934:192.168.164.241:37762, 7a43c46a-fc88-4b2d-b2da-ae029cfa60ff:192.168.164.241:43684, 6c5c38af-62e6-4ea7-a24a-078dcb28fb39:192.168.164.241:45428], old=null
2019-10-20 18:18:34,731 [399079f7-1eb1-4f37-b003-267572525934@group-D40A05E2FCF9-LeaderElection118] INFO  impl.RaftServerImpl (RaftServerImpl.java:setRole(184)) - 399079f7-1eb1-4f37-b003-267572525934@group-D40A05E2FCF9: changes role from CANDIDATE to FOLLOWER at term 61 for DISCOVERED_A_NEW_TERM
2019-10-20 18:18:34,731 [399079f7-1eb1-4f37-b003-267572525934@group-D40A05E2FCF9-LeaderElection118] INFO  impl.RoleInfo (RoleInfo.java:shutdownLeaderElection(134)) - 399079f7-1eb1-4f37-b003-267572525934: shutdown LeaderElection
2019-10-20 18:18:34,731 [399079f7-1eb1-4f37-b003-267572525934@group-D40A05E2FCF9-LeaderElection118] INFO  impl.RoleInfo (RoleInfo.java:updateAndGet(143)) - 399079f7-1eb1-4f37-b003-267572525934: start FollowerState
2019-10-20 18:18:34,753 [b75f8b2e-6273-4c97-b7c5-042674931d23@group-F11756C8BA4A-LeaderElection119] INFO  impl.LeaderElection (LeaderElection.java:askForVotes(178)) - b75f8b2e-6273-4c97-b7c5-042674931d23@group-F11756C8BA4A-LeaderElection119: begin an election at term 57 for -1: [6ef27e9c-8ddb-4fa1-8c14-ab102acfb1b8:192.168.164.241:38092, b75f8b2e-6273-4c97-b7c5-042674931d23:192.168.164.241:41857, 3750b3a2-715b-46b3-9d0c-9e38136244b9:192.168.164.241:46227], old=null
2019-10-20 18:18:34,756 [grpc-default-executor-3] INFO  impl.RaftServerImpl (RaftServerImpl.java:setRole(184)) - 3750b3a2-715b-46b3-9d0c-9e38136244b9@group-F11756C8BA4A: changes role from  FOLLOWER to FOLLOWER at term 57 for recognizeCandidate:b75f8b2e-6273-4c97-b7c5-042674931d23
2019-10-20 18:18:34,756 [grpc-default-executor-1] INFO  impl.RaftServerImpl (RaftServerImpl.java:setRole(184)) - 6ef27e9c-8ddb-4fa1-8c14-ab102acfb1b8@group-F11756C8BA4A: changes role from  FOLLOWER to FOLLOWER at term 57 for recognizeCandidate:b75f8b2e-6273-4c97-b7c5-042674931d23
2019-10-20 18:18:34,756 [grpc-default-executor-3] INFO  impl.RoleInfo (RoleInfo.java:shutdownFollowerState(121)) - 3750b3a2-715b-46b3-9d0c-9e38136244b9: shutdown FollowerState
2019-10-20 18:18:34,756 [grpc-default-executor-1] INFO  impl.RoleInfo (RoleInfo.java:shutdownFollowerState(121)) - 6ef27e9c-8ddb-4fa1-8c14-ab102acfb1b8: shutdown FollowerState
2019-10-20 18:18:34,757 [Thread-1113] INFO  impl.FollowerState (FollowerState.java:run(117)) - 3750b3a2-715b-46b3-9d0c-9e38136244b9@group-F11756C8BA4A-FollowerState was interrupted: java.lang.InterruptedException: sleep interrupted
2019-10-20 18:18:34,757 [Thread-1114] INFO  impl.FollowerState (FollowerState.java:run(117)) - 6ef27e9c-8ddb-4fa1-8c14-ab102acfb1b8@group-F11756C8BA4A-FollowerState was interrupted: java.lang.InterruptedException: sleep interrupted
2019-10-20 18:18:34,756 [grpc-default-executor-3] INFO  impl.RoleInfo (RoleInfo.java:updateAndGet(143)) - 3750b3a2-715b-46b3-9d0c-9e38136244b9: start FollowerState
2019-10-20 18:18:34,757 [grpc-default-executor-1] INFO  impl.RoleInfo (RoleInfo.java:updateAndGet(143)) - 6ef27e9c-8ddb-4fa1-8c14-ab102acfb1b8: start FollowerState
2019-10-20 18:18:34,781 [b75f8b2e-6273-4c97-b7c5-042674931d23@group-F11756C8BA4A-LeaderElection119] INFO  impl.LeaderElection (LeaderElection.java:logAndReturn(56)) - b75f8b2e-6273-4c97-b7c5-042674931d23@group-F11756C8BA4A-LeaderElection119: Election REJECTED; received 2 response(s) [b75f8b2e-6273-4c97-b7c5-042674931d23<-6ef27e9c-8ddb-4fa1-8c14-ab102acfb1b8#0:FAIL-t57, b75f8b2e-6273-4c97-b7c5-042674931d23<-3750b3a2-715b-46b3-9d0c-9e38136244b9#0:FAIL-t57] and 0 exception(s); b75f8b2e-6273-4c97-b7c5-042674931d23@group-F11756C8BA4A:t57, leader=null, voted=b75f8b2e-6273-4c97-b7c5-042674931d23, raftlog=b75f8b2e-6273-4c97-b7c5-042674931d23@group-F11756C8BA4A-SegmentedRaftLog:OPENED:c-1,f-1,i0, conf=-1: [6ef27e9c-8ddb-4fa1-8c14-ab102acfb1b8:192.168.164.241:38092, b75f8b2e-6273-4c97-b7c5-042674931d23:192.168.164.241:41857, 3750b3a2-715b-46b3-9d0c-9e38136244b9:192.168.164.241:46227], old=null
2019-10-20 18:18:34,782 [b75f8b2e-6273-4c97-b7c5-042674931d23@group-F11756C8BA4A-LeaderElection119] INFO  impl.RaftServerImpl (RaftServerImpl.java:setRole(184)) - b75f8b2e-6273-4c97-b7c5-042674931d23@group-F11756C8BA4A: changes role from CANDIDATE to FOLLOWER at term 57 for DISCOVERED_A_NEW_TERM
2019-10-20 18:18:34,782 [b75f8b2e-6273-4c97-b7c5-042674931d23@group-F11756C8BA4A-LeaderElection119] INFO  impl.RoleInfo (RoleInfo.java:shutdownLeaderElection(134)) - b75f8b2e-6273-4c97-b7c5-042674931d23: shutdown LeaderElection
2019-10-20 18:18:34,782 [b75f8b2e-6273-4c97-b7c5-042674931d23@group-F11756C8BA4A-LeaderElection119] INFO  impl.RoleInfo (RoleInfo.java:updateAndGet(143)) - b75f8b2e-6273-4c97-b7c5-042674931d23: start FollowerState
2019-10-20 18:18:34,808 [Thread-1130] INFO  impl.FollowerState (FollowerState.java:run(108)) - 399079f7-1eb1-4f37-b003-267572525934@group-D40A05E2FCF9-FollowerState: change to CANDIDATE, lastRpcTime:77ms, electionTimeout:77ms
2019-10-20 18:18:34,809 [Thread-1130] INFO  impl.RoleInfo (RoleInfo.java:shutdownFollowerState(121)) - 399079f7-1eb1-4f37-b003-267572525934: shutdown FollowerState
2019-10-20 18:18:34,809 [Thread-1130] INFO  impl.RaftServerImpl (RaftServerImpl.java:setRole(184)) - 399079f7-1eb1-4f37-b003-267572525934@group-D40A05E2FCF9: changes role from  FOLLOWER to CANDIDATE at term 61 for changeToCandidate
2019-10-20 18:18:34,809 [Thread-1130] INFO  impl.RoleInfo (RoleInfo.java:updateAndGet(143)) - 399079f7-1eb1-4f37-b003-267572525934: start LeaderElection
2019-10-20 18:18:34,839 [399079f7-1eb1-4f37-b003-267572525934@group-D40A05E2FCF9-LeaderElection120] INFO  impl.LeaderElection (LeaderElection.java:askForVotes(178)) - 399079f7-1eb1-4f37-b003-267572525934@group-D40A05E2FCF9-LeaderElection120: begin an election at term 62 for -1: [399079f7-1eb1-4f37-b003-267572525934:192.168.164.241:37762, 7a43c46a-fc88-4b2d-b2da-ae029cfa60ff:192.168.164.241:43684, 6c5c38af-62e6-4ea7-a24a-078dcb28fb39:192.168.164.241:45428], old=null
2019-10-20 18:18:34,841 [grpc-default-executor-1] INFO  impl.RaftServerImpl (RaftServerImpl.java:setRole(184)) - 7a43c46a-fc88-4b2d-b2da-ae029cfa60ff@group-D40A05E2FCF9: changes role from  FOLLOWER to FOLLOWER at term 62 for recognizeCandidate:399079f7-1eb1-4f37-b003-267572525934
2019-10-20 18:18:34,842 [grpc-default-executor-1] INFO  impl.RoleInfo (RoleInfo.java:shutdownFollowerState(121)) - 7a43c46a-fc88-4b2d-b2da-ae029cfa60ff: shutdown FollowerState
2019-10-20 18:18:34,842 [grpc-default-executor-3] INFO  impl.RaftServerImpl (RaftServerImpl.java:setRole(184)) - 6c5c38af-62e6-4ea7-a24a-078dcb28fb39@group-D40A05E2FCF9: changes role from  FOLLOWER to FOLLOWER at term 62 for recognizeCandidate:399079f7-1eb1-4f37-b003-267572525934
2019-10-20 18:18:34,842 [Thread-1126] INFO  impl.FollowerState (FollowerState.java:run(117)) - 7a43c46a-fc88-4b2d-b2da-ae029cfa60ff@group-D40A05E2FCF9-FollowerState was interrupted: java.lang.InterruptedException: sleep interrupted
2019-10-20 18:18:34,842 [grpc-default-executor-1] INFO  impl.RoleInfo (RoleInfo.java:updateAndGet(143)) - 7a43c46a-fc88-4b2d-b2da-ae029cfa60ff: start FollowerState
2019-10-20 18:18:34,842 [grpc-default-executor-3] INFO  impl.RoleInfo (RoleInfo.java:shutdownFollowerState(121)) - 6c5c38af-62e6-4ea7-a24a-078dcb28fb39: shutdown FollowerState
2019-10-20 18:18:34,843 [grpc-default-executor-3] INFO  impl.RoleInfo (RoleInfo.java:updateAndGet(143)) - 6c5c38af-62e6-4ea7-a24a-078dcb28fb39: start FollowerState
2019-10-20 18:18:34,843 [Thread-1125] INFO  impl.FollowerState (FollowerState.java:run(117)) - 6c5c38af-62e6-4ea7-a24a-078dcb28fb39@group-D40A05E2FCF9-FollowerState was interrupted: java.lang.InterruptedException: sleep interrupted
2019-10-20 18:18:34,854 [399079f7-1eb1-4f37-b003-267572525934@group-D40A05E2FCF9-LeaderElection120] INFO  impl.LeaderElection (LeaderElection.java:logAndReturn(56)) - 399079f7-1eb1-4f37-b003-267572525934@group-D40A05E2FCF9-LeaderElection120: Election TIMEOUT; received 0 response(s) [] and 0 exception(s); 399079f7-1eb1-4f37-b003-267572525934@group-D40A05E2FCF9:t62, leader=null, voted=399079f7-1eb1-4f37-b003-267572525934, raftlog=399079f7-1eb1-4f37-b003-267572525934@group-D40A05E2FCF9-SegmentedRaftLog:OPENED:c-1,f-1,i0, conf=-1: [399079f7-1eb1-4f37-b003-267572525934:192.168.164.241:37762, 7a43c46a-fc88-4b2d-b2da-ae029cfa60ff:192.168.164.241:43684, 6c5c38af-62e6-4ea7-a24a-078dcb28fb39:192.168.164.241:45428], old=null
2019-10-20 18:18:34,881 [399079f7-1eb1-4f37-b003-267572525934@group-D40A05E2FCF9-LeaderElection120] INFO  impl.LeaderElection (LeaderElection.java:askForVotes(178)) - 399079f7-1eb1-4f37-b003-267572525934@group-D40A05E2FCF9-LeaderElection120: begin an election at term 63 for -1: [399079f7-1eb1-4f37-b003-267572525934:192.168.164.241:37762, 7a43c46a-fc88-4b2d-b2da-ae029cfa60ff:192.168.164.241:43684, 6c5c38af-62e6-4ea7-a24a-078dcb28fb39:192.168.164.241:45428], old=null
2019-10-20 18:18:34,884 [grpc-default-executor-1] INFO  impl.RaftServerImpl (RaftServerImpl.java:setRole(184)) - 7a43c46a-fc88-4b2d-b2da-ae029cfa60ff@group-D40A05E2FCF9: changes role from  FOLLOWER to FOLLOWER at term 63 for recognizeCandidate:399079f7-1eb1-4f37-b003-267572525934
2019-10-20 18:18:34,884 [grpc-default-executor-1] INFO  impl.RoleInfo (RoleInfo.java:shutdownFollowerState(121)) - 7a43c46a-fc88-4b2d-b2da-ae029cfa60ff: shutdown FollowerState
2019-10-20 18:18:34,884 [grpc-default-executor-3] INFO  impl.RaftServerImpl (RaftServerImpl.java:setRole(184)) - 6c5c38af-62e6-4ea7-a24a-078dcb28fb39@group-D40A05E2FCF9: changes role from  FOLLOWER to FOLLOWER at term 63 for recognizeCandidate:399079f7-1eb1-4f37-b003-267572525934
2019-10-20 18:18:34,884 [grpc-default-executor-3] INFO  impl.RoleInfo (RoleInfo.java:shutdownFollowerState(121)) - 6c5c38af-62e6-4ea7-a24a-078dcb28fb39: shutdown FollowerState
2019-10-20 18:18:34,884 [Thread-1139] INFO  impl.FollowerState (FollowerState.java:run(117)) - 7a43c46a-fc88-4b2d-b2da-ae029cfa60ff@group-D40A05E2FCF9-FollowerState was interrupted: java.lang.InterruptedException: sleep interrupted
2019-10-20 18:18:34,884 [grpc-default-executor-1] INFO  impl.RoleInfo (RoleInfo.java:updateAndGet(143)) - 7a43c46a-fc88-4b2d-b2da-ae029cfa60ff: start FollowerState
2019-10-20 18:18:34,884 [Thread-1140] INFO  impl.FollowerState (FollowerState.java:run(117)) - 6c5c38af-62e6-4ea7-a24a-078dcb28fb39@group-D40A05E2FCF9-FollowerState was interrupted: java.lang.InterruptedException: sleep interrupted
2019-10-20 18:18:34,884 [grpc-default-executor-3] INFO  impl.RoleInfo (RoleInfo.java:updateAndGet(143)) - 6c5c38af-62e6-4ea7-a24a-078dcb28fb39: start FollowerState
2019-10-20 18:18:34,908 [399079f7-1eb1-4f37-b003-267572525934@group-D40A05E2FCF9-LeaderElection120] INFO  impl.LeaderElection (LeaderElection.java:logAndReturn(56)) - 399079f7-1eb1-4f37-b003-267572525934@group-D40A05E2FCF9-LeaderElection120: Election REJECTED; received 2 response(s) [399079f7-1eb1-4f37-b003-267572525934<-7a43c46a-fc88-4b2d-b2da-ae029cfa60ff#0:FAIL-t63, 399079f7-1eb1-4f37-b003-267572525934<-6c5c38af-62e6-4ea7-a24a-078dcb28fb39#0:FAIL-t63] and 0 exception(s); 399079f7-1eb1-4f37-b003-267572525934@group-D40A05E2FCF9:t63, leader=null, voted=399079f7-1eb1-4f37-b003-267572525934, raftlog=399079f7-1eb1-4f37-b003-267572525934@group-D40A05E2FCF9-SegmentedRaftLog:OPENED:c-1,f-1,i0, conf=-1: [399079f7-1eb1-4f37-b003-267572525934:192.168.164.241:37762, 7a43c46a-fc88-4b2d-b2da-ae029cfa60ff:192.168.164.241:43684, 6c5c38af-62e6-4ea7-a24a-078dcb28fb39:192.168.164.241:45428], old=null
2019-10-20 18:18:34,908 [399079f7-1eb1-4f37-b003-267572525934@group-D40A05E2FCF9-LeaderElection120] INFO  impl.RaftServerImpl (RaftServerImpl.java:setRole(184)) - 399079f7-1eb1-4f37-b003-267572525934@group-D40A05E2FCF9: changes role from CANDIDATE to FOLLOWER at term 63 for DISCOVERED_A_NEW_TERM
2019-10-20 18:18:34,908 [399079f7-1eb1-4f37-b003-267572525934@group-D40A05E2FCF9-LeaderElection120] INFO  impl.RoleInfo (RoleInfo.java:shutdownLeaderElection(134)) - 399079f7-1eb1-4f37-b003-267572525934: shutdown LeaderElection
2019-10-20 18:18:34,908 [399079f7-1eb1-4f37-b003-267572525934@group-D40A05E2FCF9-LeaderElection120] INFO  impl.RoleInfo (RoleInfo.java:updateAndGet(143)) - 399079f7-1eb1-4f37-b003-267572525934: start FollowerState
2019-10-20 18:18:34,937 [Thread-1145] INFO  impl.FollowerState (FollowerState.java:run(108)) - 399079f7-1eb1-4f37-b003-267572525934@group-D40A05E2FCF9-FollowerState: change to CANDIDATE, lastRpcTime:28ms, electionTimeout:28ms
2019-10-20 18:18:34,937 [Thread-1145] INFO  impl.RoleInfo (RoleInfo.java:shutdownFollowerState(121)) - 399079f7-1eb1-4f37-b003-267572525934: shutdown FollowerState
2019-10-20 18:18:34,937 [Thread-1145] INFO  impl.RaftServerImpl (RaftServerImpl.java:setRole(184)) - 399079f7-1eb1-4f37-b003-267572525934@group-D40A05E2FCF9: changes role from  FOLLOWER to CANDIDATE at term 63 for changeToCandidate
2019-10-20 18:18:34,937 [Thread-1145] INFO  impl.RoleInfo (RoleInfo.java:updateAndGet(143)) - 399079f7-1eb1-4f37-b003-267572525934: start LeaderElection
2019-10-20 18:18:34,961 [Thread-1135] INFO  impl.FollowerState (FollowerState.java:run(108)) - b75f8b2e-6273-4c97-b7c5-042674931d23@group-F11756C8BA4A-FollowerState: change to CANDIDATE, lastRpcTime:179ms, electionTimeout:179ms
2019-10-20 18:18:34,961 [Thread-1135] INFO  impl.RoleInfo (RoleInfo.java:shutdownFollowerState(121)) - b75f8b2e-6273-4c97-b7c5-042674931d23: shutdown FollowerState
2019-10-20 18:18:34,962 [Thread-1135] INFO  impl.RaftServerImpl (RaftServerImpl.java:setRole(184)) - b75f8b2e-6273-4c97-b7c5-042674931d23@group-F11756C8BA4A: changes role from  FOLLOWER to CANDIDATE at term 57 for changeToCandidate
2019-10-20 18:18:34,962 [Thread-1135] INFO  impl.RoleInfo (RoleInfo.java:updateAndGet(143)) - b75f8b2e-6273-4c97-b7c5-042674931d23: start LeaderElection
2019-10-20 18:18:34,974 [399079f7-1eb1-4f37-b003-267572525934@group-D40A05E2FCF9-LeaderElection121] INFO  impl.LeaderElection (LeaderElection.java:askForVotes(178)) - 399079f7-1eb1-4f37-b003-267572525934@group-D40A05E2FCF9-LeaderElection121: begin an election at term 64 for -1: [399079f7-1eb1-4f37-b003-267572525934:192.168.164.241:37762, 7a43c46a-fc88-4b2d-b2da-ae029cfa60ff:192.168.164.241:43684, 6c5c38af-62e6-4ea7-a24a-078dcb28fb39:192.168.164.241:45428], old=null
2019-10-20 18:18:34,976 [grpc-default-executor-1] INFO  impl.RaftServerImpl (RaftServerImpl.java:setRole(184)) - 7a43c46a-fc88-4b2d-b2da-ae029cfa60ff@group-D40A05E2FCF9: changes role from  FOLLOWER to FOLLOWER at term 64 for recognizeCandidate:399079f7-1eb1-4f37-b003-267572525934
2019-10-20 18:18:34,976 [grpc-default-executor-1] INFO  impl.RoleInfo (RoleInfo.java:shutdownFollowerState(121)) - 7a43c46a-fc88-4b2d-b2da-ae029cfa60ff: shutdown FollowerState
2019-10-20 18:18:34,976 [grpc-default-executor-1] INFO  impl.RoleInfo (RoleInfo.java:updateAndGet(143)) - 7a43c46a-fc88-4b2d-b2da-ae029cfa60ff: start FollowerState
2019-10-20 18:18:34,976 [Thread-1143] INFO  impl.FollowerState (FollowerState.java:run(117)) - 7a43c46a-fc88-4b2d-b2da-ae029cfa60ff@group-D40A05E2FCF9-FollowerState was interrupted: java.lang.InterruptedException: sleep interrupted
2019-10-20 18:18:34,977 [grpc-default-executor-3] INFO  impl.RaftServerImpl (RaftServerImpl.java:setRole(184)) - 6c5c38af-62e6-4ea7-a24a-078dcb28fb39@group-D40A05E2FCF9: changes role from  FOLLOWER to FOLLOWER at term 64 for recognizeCandidate:399079f7-1eb1-4f37-b003-267572525934
2019-10-20 18:18:34,977 [grpc-default-executor-3] INFO  impl.RoleInfo (RoleInfo.java:shutdownFollowerState(121)) - 6c5c38af-62e6-4ea7-a24a-078dcb28fb39: shutdown FollowerState
2019-10-20 18:18:34,977 [grpc-default-executor-3] INFO  impl.RoleInfo (RoleInfo.java:updateAndGet(143)) - 6c5c38af-62e6-4ea7-a24a-078dcb28fb39: start FollowerState
2019-10-20 18:18:34,977 [Thread-1144] INFO  impl.FollowerState (FollowerState.java:run(117)) - 6c5c38af-62e6-4ea7-a24a-078dcb28fb39@group-D40A05E2FCF9-FollowerState was interrupted: java.lang.InterruptedException: sleep interrupted
2019-10-20 18:18:34,991 [b75f8b2e-6273-4c97-b7c5-042674931d23@group-F11756C8BA4A-LeaderElection122] INFO  impl.LeaderElection (LeaderElection.java:askForVotes(178)) - b75f8b2e-6273-4c97-b7c5-042674931d23@group-F11756C8BA4A-LeaderElection122: begin an election at term 58 for -1: [6ef27e9c-8ddb-4fa1-8c14-ab102acfb1b8:192.168.164.241:38092, b75f8b2e-6273-4c97-b7c5-042674931d23:192.168.164.241:41857, 3750b3a2-715b-46b3-9d0c-9e38136244b9:192.168.164.241:46227], old=null
2019-10-20 18:18:34,994 [grpc-default-executor-1] INFO  impl.RaftServerImpl (RaftServerImpl.java:setRole(184)) - 6ef27e9c-8ddb-4fa1-8c14-ab102acfb1b8@group-F11756C8BA4A: changes role from  FOLLOWER to FOLLOWER at term 58 for recognizeCandidate:b75f8b2e-6273-4c97-b7c5-042674931d23
2019-10-20 18:18:34,994 [grpc-default-executor-1] INFO  impl.RoleInfo (RoleInfo.java:shutdownFollowerState(121)) - 6ef27e9c-8ddb-4fa1-8c14-ab102acfb1b8: shutdown FollowerState
2019-10-20 18:18:34,994 [grpc-default-executor-10] INFO  impl.RaftServerImpl (RaftServerImpl.java:setRole(184)) - 3750b3a2-715b-46b3-9d0c-9e38136244b9@group-F11756C8BA4A: changes role from  FOLLOWER to FOLLOWER at term 58 for recognizeCandidate:b75f8b2e-6273-4c97-b7c5-042674931d23
2019-10-20 18:18:34,994 [grpc-default-executor-1] INFO  impl.RoleInfo (RoleInfo.java:updateAndGet(143)) - 6ef27e9c-8ddb-4fa1-8c14-ab102acfb1b8: start FollowerState
2019-10-20 18:18:34,994 [Thread-1134] INFO  impl.FollowerState (FollowerState.java:run(117)) - 6ef27e9c-8ddb-4fa1-8c14-ab102acfb1b8@group-F11756C8BA4A-FollowerState was interrupted: java.lang.InterruptedException: sleep interrupted
2019-10-20 18:18:34,994 [grpc-default-executor-10] INFO  impl.RoleInfo (RoleInfo.java:shutdownFollowerState(121)) - 3750b3a2-715b-46b3-9d0c-9e38136244b9: shutdown FollowerState
2019-10-20 18:18:34,995 [grpc-default-executor-10] INFO  impl.RoleInfo (RoleInfo.java:updateAndGet(143)) - 3750b3a2-715b-46b3-9d0c-9e38136244b9: start FollowerState
2019-10-20 18:18:34,995 [Thread-1133] INFO  impl.FollowerState (FollowerState.java:run(117)) - 3750b3a2-715b-46b3-9d0c-9e38136244b9@group-F11756C8BA4A-FollowerState was interrupted: java.lang.InterruptedException: sleep interrupted
2019-10-20 18:18:35,009 [399079f7-1eb1-4f37-b003-267572525934@group-D40A05E2FCF9-LeaderElection121] INFO  impl.LeaderElection (LeaderElection.java:logAndReturn(56)) - 399079f7-1eb1-4f37-b003-267572525934@group-D40A05E2FCF9-LeaderElection121: Election REJECTED; received 2 response(s) [399079f7-1eb1-4f37-b003-267572525934<-7a43c46a-fc88-4b2d-b2da-ae029cfa60ff#0:FAIL-t64, 399079f7-1eb1-4f37-b003-267572525934<-6c5c38af-62e6-4ea7-a24a-078dcb28fb39#0:FAIL-t64] and 0 exception(s); 399079f7-1eb1-4f37-b003-267572525934@group-D40A05E2FCF9:t64, leader=null, voted=399079f7-1eb1-4f37-b003-267572525934, raftlog=399079f7-1eb1-4f37-b003-267572525934@group-D40A05E2FCF9-SegmentedRaftLog:OPENED:c-1,f-1,i0, conf=-1: [399079f7-1eb1-4f37-b003-267572525934:192.168.164.241:37762, 7a43c46a-fc88-4b2d-b2da-ae029cfa60ff:192.168.164.241:43684, 6c5c38af-62e6-4ea7-a24a-078dcb28fb39:192.168.164.241:45428], old=null
2019-10-20 18:18:35,009 [399079f7-1eb1-4f37-b003-267572525934@group-D40A05E2FCF9-LeaderElection121] INFO  impl.RaftServerImpl (RaftServerImpl.java:setRole(184)) - 399079f7-1eb1-4f37-b003-267572525934@group-D40A05E2FCF9: changes role from CANDIDATE to FOLLOWER at term 64 for DISCOVERED_A_NEW_TERM
2019-10-20 18:18:35,009 [399079f7-1eb1-4f37-b003-267572525934@group-D40A05E2FCF9-LeaderElection121] INFO  impl.RoleInfo (RoleInfo.java:shutdownLeaderElection(134)) - 399079f7-1eb1-4f37-b003-267572525934: shutdown LeaderElection
2019-10-20 18:18:35,010 [399079f7-1eb1-4f37-b003-267572525934@group-D40A05E2FCF9-LeaderElection121] INFO  impl.RoleInfo (RoleInfo.java:updateAndGet(143)) - 399079f7-1eb1-4f37-b003-267572525934: start FollowerState
2019-10-20 18:18:35,026 [b75f8b2e-6273-4c97-b7c5-042674931d23@group-F11756C8BA4A-LeaderElection122] INFO  impl.LeaderElection (LeaderElection.java:logAndReturn(56)) - b75f8b2e-6273-4c97-b7c5-042674931d23@group-F11756C8BA4A-LeaderElection122: Election REJECTED; received 2 response(s) [b75f8b2e-6273-4c97-b7c5-042674931d23<-6ef27e9c-8ddb-4fa1-8c14-ab102acfb1b8#0:FAIL-t58, b75f8b2e-6273-4c97-b7c5-042674931d23<-3750b3a2-715b-46b3-9d0c-9e38136244b9#0:FAIL-t58] and 0 exception(s); b75f8b2e-6273-4c97-b7c5-042674931d23@group-F11756C8BA4A:t58, leader=null, voted=b75f8b2e-6273-4c97-b7c5-042674931d23, raftlog=b75f8b2e-6273-4c97-b7c5-042674931d23@group-F11756C8BA4A-SegmentedRaftLog:OPENED:c-1,f-1,i0, conf=-1: [6ef27e9c-8ddb-4fa1-8c14-ab102acfb1b8:192.168.164.241:38092, b75f8b2e-6273-4c97-b7c5-042674931d23:192.168.164.241:41857, 3750b3a2-715b-46b3-9d0c-9e38136244b9:192.168.164.241:46227], old=null
2019-10-20 18:18:35,026 [b75f8b2e-6273-4c97-b7c5-042674931d23@group-F11756C8BA4A-LeaderElection122] INFO  impl.RaftServerImpl (RaftServerImpl.java:setRole(184)) - b75f8b2e-6273-4c97-b7c5-042674931d23@group-F11756C8BA4A: changes role from CANDIDATE to FOLLOWER at term 58 for DISCOVERED_A_NEW_TERM
2019-10-20 18:18:35,026 [b75f8b2e-6273-4c97-b7c5-042674931d23@group-F11756C8BA4A-LeaderElection122] INFO  impl.RoleInfo (RoleInfo.java:shutdownLeaderElection(134)) - b75f8b2e-6273-4c97-b7c5-042674931d23: shutdown LeaderElection
2019-10-20 18:18:35,027 [b75f8b2e-6273-4c97-b7c5-042674931d23@group-F11756C8BA4A-LeaderElection122] INFO  impl.RoleInfo (RoleInfo.java:updateAndGet(143)) - b75f8b2e-6273-4c97-b7c5-042674931d23: start FollowerState
2019-10-20 18:18:35,048 [Thread-1156] INFO  impl.FollowerState (FollowerState.java:run(108)) - 399079f7-1eb1-4f37-b003-267572525934@group-D40A05E2FCF9-FollowerState: change to CANDIDATE, lastRpcTime:38ms, electionTimeout:38ms
2019-10-20 18:18:35,048 [Thread-1156] INFO  impl.RoleInfo (RoleInfo.java:shutdownFollowerState(121)) - 399079f7-1eb1-4f37-b003-267572525934: shutdown FollowerState
2019-10-20 18:18:35,048 [Thread-1156] INFO  impl.RaftServerImpl (RaftServerImpl.java:setRole(184)) - 399079f7-1eb1-4f37-b003-267572525934@group-D40A05E2FCF9: changes role from  FOLLOWER to CANDIDATE at term 64 for changeToCandidate
2019-10-20 18:18:35,048 [Thread-1156] INFO  impl.RoleInfo (RoleInfo.java:updateAndGet(143)) - 399079f7-1eb1-4f37-b003-267572525934: start LeaderElection
2019-10-20 18:18:35,050 [Thread-1157] INFO  impl.FollowerState (FollowerState.java:run(108)) - b75f8b2e-6273-4c97-b7c5-042674931d23@group-F11756C8BA4A-FollowerState: change to CANDIDATE, lastRpcTime:23ms, electionTimeout:23ms
2019-10-20 18:18:35,050 [Thread-1157] INFO  impl.RoleInfo (RoleInfo.java:shutdownFollowerState(121)) - b75f8b2e-6273-4c97-b7c5-042674931d23: shutdown FollowerState
2019-10-20 18:18:35,050 [Thread-1157] INFO  impl.RaftServerImpl (RaftServerImpl.java:setRole(184)) - b75f8b2e-6273-4c97-b7c5-042674931d23@group-F11756C8BA4A: changes role from  FOLLOWER to CANDIDATE at term 58 for changeToCandidate
2019-10-20 18:18:35,050 [Thread-1157] INFO  impl.RoleInfo (RoleInfo.java:updateAndGet(143)) - b75f8b2e-6273-4c97-b7c5-042674931d23: start LeaderElection
2019-10-20 18:18:35,076 [399079f7-1eb1-4f37-b003-267572525934@group-D40A05E2FCF9-LeaderElection123] INFO  impl.LeaderElection (LeaderElection.java:askForVotes(178)) - 399079f7-1eb1-4f37-b003-267572525934@group-D40A05E2FCF9-LeaderElection123: begin an election at term 65 for -1: [399079f7-1eb1-4f37-b003-267572525934:192.168.164.241:37762, 7a43c46a-fc88-4b2d-b2da-ae029cfa60ff:192.168.164.241:43684, 6c5c38af-62e6-4ea7-a24a-078dcb28fb39:192.168.164.241:45428], old=null
2019-10-20 18:18:35,076 [b75f8b2e-6273-4c97-b7c5-042674931d23@group-F11756C8BA4A-LeaderElection124] INFO  impl.LeaderElection (LeaderElection.java:askForVotes(178)) - b75f8b2e-6273-4c97-b7c5-042674931d23@group-F11756C8BA4A-LeaderElection124: begin an election at term 59 for -1: [6ef27e9c-8ddb-4fa1-8c14-ab102acfb1b8:192.168.164.241:38092, b75f8b2e-6273-4c97-b7c5-042674931d23:192.168.164.241:41857, 3750b3a2-715b-46b3-9d0c-9e38136244b9:192.168.164.241:46227], old=null
2019-10-20 18:18:35,079 [grpc-default-executor-10] INFO  impl.RaftServerImpl (RaftServerImpl.java:setRole(184)) - 7a43c46a-fc88-4b2d-b2da-ae029cfa60ff@group-D40A05E2FCF9: changes role from  FOLLOWER to FOLLOWER at term 65 for recognizeCandidate:399079f7-1eb1-4f37-b003-267572525934
2019-10-20 18:18:35,079 [grpc-default-executor-1] INFO  impl.RaftServerImpl (RaftServerImpl.java:setRole(184)) - 3750b3a2-715b-46b3-9d0c-9e38136244b9@group-F11756C8BA4A: changes role from  FOLLOWER to FOLLOWER at term 59 for recognizeCandidate:b75f8b2e-6273-4c97-b7c5-042674931d23
2019-10-20 18:18:35,079 [grpc-default-executor-1] INFO  impl.RoleInfo (RoleInfo.java:shutdownFollowerState(121)) - 3750b3a2-715b-46b3-9d0c-9e38136244b9: shutdown FollowerState
2019-10-20 18:18:35,079 [grpc-default-executor-7] INFO  impl.RaftServerImpl (RaftServerImpl.java:setRole(184)) - 6ef27e9c-8ddb-4fa1-8c14-ab102acfb1b8@group-F11756C8BA4A: changes role from  FOLLOWER to FOLLOWER at term 59 for recognizeCandidate:b75f8b2e-6273-4c97-b7c5-042674931d23
2019-10-20 18:18:35,079 [grpc-default-executor-3] INFO  impl.RaftServerImpl (RaftServerImpl.java:setRole(184)) - 6c5c38af-62e6-4ea7-a24a-078dcb28fb39@group-D40A05E2FCF9: changes role from  FOLLOWER to FOLLOWER at term 65 for recognizeCandidate:399079f7-1eb1-4f37-b003-267572525934
2019-10-20 18:18:35,079 [grpc-default-executor-10] INFO  impl.RoleInfo (RoleInfo.java:shutdownFollowerState(121)) - 7a43c46a-fc88-4b2d-b2da-ae029cfa60ff: shutdown FollowerState
2019-10-20 18:18:35,080 [grpc-default-executor-3] INFO  impl.RoleInfo (RoleInfo.java:shutdownFollowerState(121)) - 6c5c38af-62e6-4ea7-a24a-078dcb28fb39: shutdown FollowerState
2019-10-20 18:18:35,079 [grpc-default-executor-7] INFO  impl.RoleInfo (RoleInfo.java:shutdownFollowerState(121)) - 6ef27e9c-8ddb-4fa1-8c14-ab102acfb1b8: shutdown FollowerState
2019-10-20 18:18:35,079 [Thread-1155] INFO  impl.FollowerState (FollowerState.java:run(117)) - 3750b3a2-715b-46b3-9d0c-9e38136244b9@group-F11756C8BA4A-FollowerState was interrupted: java.lang.InterruptedException: sleep interrupted
2019-10-20 18:18:35,079 [grpc-default-executor-1] INFO  impl.RoleInfo (RoleInfo.java:updateAndGet(143)) - 3750b3a2-715b-46b3-9d0c-9e38136244b9: start FollowerState
2019-10-20 18:18:35,080 [Thread-1154] INFO  impl.FollowerState (FollowerState.java:run(117)) - 6ef27e9c-8ddb-4fa1-8c14-ab102acfb1b8@group-F11756C8BA4A-FollowerState was interrupted: java.lang.InterruptedException: sleep interrupted
2019-10-20 18:18:35,080 [grpc-default-executor-7] INFO  impl.RoleInfo (RoleInfo.java:updateAndGet(143)) - 6ef27e9c-8ddb-4fa1-8c14-ab102acfb1b8: start FollowerState
2019-10-20 18:18:35,080 [Thread-1151] INFO  impl.FollowerState (FollowerState.java:run(117)) - 6c5c38af-62e6-4ea7-a24a-078dcb28fb39@group-D40A05E2FCF9-FollowerState was interrupted: java.lang.InterruptedException: sleep interrupted
2019-10-20 18:18:35,080 [grpc-default-executor-3] INFO  impl.RoleInfo (RoleInfo.java:updateAndGet(143)) - 6c5c38af-62e6-4ea7-a24a-078dcb28fb39: start FollowerState
2019-10-20 18:18:35,080 [Thread-1150] INFO  impl.FollowerState (FollowerState.java:run(117)) - 7a43c46a-fc88-4b2d-b2da-ae029cfa60ff@group-D40A05E2FCF9-FollowerState was interrupted: java.lang.InterruptedException: sleep interrupted
2019-10-20 18:18:35,080 [grpc-default-executor-10] INFO  impl.RoleInfo (RoleInfo.java:updateAndGet(143)) - 7a43c46a-fc88-4b2d-b2da-ae029cfa60ff: start FollowerState
2019-10-20 18:18:35,104 [b75f8b2e-6273-4c97-b7c5-042674931d23@group-F11756C8BA4A-LeaderElection124] INFO  impl.LeaderElection (LeaderElection.java:logAndReturn(56)) - b75f8b2e-6273-4c97-b7c5-042674931d23@group-F11756C8BA4A-LeaderElection124: Election TIMEOUT; received 0 response(s) [] and 0 exception(s); b75f8b2e-6273-4c97-b7c5-042674931d23@group-F11756C8BA4A:t59, leader=null, voted=b75f8b2e-6273-4c97-b7c5-042674931d23, raftlog=b75f8b2e-6273-4c97-b7c5-042674931d23@group-F11756C8BA4A-SegmentedRaftLog:OPENED:c-1,f-1,i0, conf=-1: [6ef27e9c-8ddb-4fa1-8c14-ab102acfb1b8:192.168.164.241:38092, b75f8b2e-6273-4c97-b7c5-042674931d23:192.168.164.241:41857, 3750b3a2-715b-46b3-9d0c-9e38136244b9:192.168.164.241:46227], old=null
2019-10-20 18:18:35,111 [399079f7-1eb1-4f37-b003-267572525934@group-D40A05E2FCF9-LeaderElection123] INFO  impl.LeaderElection (LeaderElection.java:logAndReturn(56)) - 399079f7-1eb1-4f37-b003-267572525934@group-D40A05E2FCF9-LeaderElection123: Election REJECTED; received 2 response(s) [399079f7-1eb1-4f37-b003-267572525934<-7a43c46a-fc88-4b2d-b2da-ae029cfa60ff#0:FAIL-t65, 399079f7-1eb1-4f37-b003-267572525934<-6c5c38af-62e6-4ea7-a24a-078dcb28fb39#0:FAIL-t65] and 0 exception(s); 399079f7-1eb1-4f37-b003-267572525934@group-D40A05E2FCF9:t65, leader=null, voted=399079f7-1eb1-4f37-b003-267572525934, raftlog=399079f7-1eb1-4f37-b003-267572525934@group-D40A05E2FCF9-SegmentedRaftLog:OPENED:c-1,f-1,i0, conf=-1: [399079f7-1eb1-4f37-b003-267572525934:192.168.164.241:37762, 7a43c46a-fc88-4b2d-b2da-ae029cfa60ff:192.168.164.241:43684, 6c5c38af-62e6-4ea7-a24a-078dcb28fb39:192.168.164.241:45428], old=null
2019-10-20 18:18:35,111 [399079f7-1eb1-4f37-b003-267572525934@group-D40A05E2FCF9-LeaderElection123] INFO  impl.RaftServerImpl (RaftServerImpl.java:setRole(184)) - 399079f7-1eb1-4f37-b003-267572525934@group-D40A05E2FCF9: changes role from CANDIDATE to FOLLOWER at term 65 for DISCOVERED_A_NEW_TERM
2019-10-20 18:18:35,112 [399079f7-1eb1-4f37-b003-267572525934@group-D40A05E2FCF9-LeaderElection123] INFO  impl.RoleInfo (RoleInfo.java:shutdownLeaderElection(134)) - 399079f7-1eb1-4f37-b003-267572525934: shutdown LeaderElection
2019-10-20 18:18:35,112 [399079f7-1eb1-4f37-b003-267572525934@group-D40A05E2FCF9-LeaderElection123] INFO  impl.RoleInfo (RoleInfo.java:updateAndGet(143)) - 399079f7-1eb1-4f37-b003-267572525934: start FollowerState
2019-10-20 18:18:35,127 [b75f8b2e-6273-4c97-b7c5-042674931d23@group-F11756C8BA4A-LeaderElection124] INFO  impl.LeaderElection (LeaderElection.java:askForVotes(178)) - b75f8b2e-6273-4c97-b7c5-042674931d23@group-F11756C8BA4A-LeaderElection124: begin an election at term 60 for -1: [6ef27e9c-8ddb-4fa1-8c14-ab102acfb1b8:192.168.164.241:38092, b75f8b2e-6273-4c97-b7c5-042674931d23:192.168.164.241:41857, 3750b3a2-715b-46b3-9d0c-9e38136244b9:192.168.164.241:46227], old=null
2019-10-20 18:18:35,130 [grpc-default-executor-1] INFO  impl.RaftServerImpl (RaftServerImpl.java:setRole(184)) - 6ef27e9c-8ddb-4fa1-8c14-ab102acfb1b8@group-F11756C8BA4A: changes role from  FOLLOWER to FOLLOWER at term 60 for recognizeCandidate:b75f8b2e-6273-4c97-b7c5-042674931d23
2019-10-20 18:18:35,130 [grpc-default-executor-1] INFO  impl.RoleInfo (RoleInfo.java:shutdownFollowerState(121)) - 6ef27e9c-8ddb-4fa1-8c14-ab102acfb1b8: shutdown FollowerState
2019-10-20 18:18:35,130 [grpc-default-executor-7] INFO  impl.RaftServerImpl (RaftServerImpl.java:setRole(184)) - 3750b3a2-715b-46b3-9d0c-9e38136244b9@group-F11756C8BA4A: changes role from  FOLLOWER to FOLLOWER at term 60 for recognizeCandidate:b75f8b2e-6273-4c97-b7c5-042674931d23
2019-10-20 18:18:35,130 [Thread-1167] INFO  impl.FollowerState (FollowerState.java:run(117)) - 6ef27e9c-8ddb-4fa1-8c14-ab102acfb1b8@group-F11756C8BA4A-FollowerState was interrupted: java.lang.InterruptedException: sleep interrupted
2019-10-20 18:18:35,130 [grpc-default-executor-1] INFO  impl.RoleInfo (RoleInfo.java:updateAndGet(143)) - 6ef27e9c-8ddb-4fa1-8c14-ab102acfb1b8: start FollowerState
2019-10-20 18:18:35,130 [grpc-default-executor-7] INFO  impl.RoleInfo (RoleInfo.java:shutdownFollowerState(121)) - 3750b3a2-715b-46b3-9d0c-9e38136244b9: shutdown FollowerState
2019-10-20 18:18:35,130 [grpc-default-executor-7] INFO  impl.RoleInfo (RoleInfo.java:updateAndGet(143)) - 3750b3a2-715b-46b3-9d0c-9e38136244b9: start FollowerState
2019-10-20 18:18:35,131 [Thread-1164] INFO  impl.FollowerState (FollowerState.java:run(117)) - 3750b3a2-715b-46b3-9d0c-9e38136244b9@group-F11756C8BA4A-FollowerState was interrupted: java.lang.InterruptedException: sleep interrupted
2019-10-20 18:18:35,156 [b75f8b2e-6273-4c97-b7c5-042674931d23@group-F11756C8BA4A-LeaderElection124] INFO  impl.LeaderElection (LeaderElection.java:logAndReturn(56)) - b75f8b2e-6273-4c97-b7c5-042674931d23@group-F11756C8BA4A-LeaderElection124: Election REJECTED; received 2 response(s) [b75f8b2e-6273-4c97-b7c5-042674931d23<-6ef27e9c-8ddb-4fa1-8c14-ab102acfb1b8#0:FAIL-t60, b75f8b2e-6273-4c97-b7c5-042674931d23<-3750b3a2-715b-46b3-9d0c-9e38136244b9#0:FAIL-t60] and 0 exception(s); b75f8b2e-6273-4c97-b7c5-042674931d23@group-F11756C8BA4A:t60, leader=null, voted=b75f8b2e-6273-4c97-b7c5-042674931d23, raftlog=b75f8b2e-6273-4c97-b7c5-042674931d23@group-F11756C8BA4A-SegmentedRaftLog:OPENED:c-1,f-1,i0, conf=-1: [6ef27e9c-8ddb-4fa1-8c14-ab102acfb1b8:192.168.164.241:38092, b75f8b2e-6273-4c97-b7c5-042674931d23:192.168.164.241:41857, 3750b3a2-715b-46b3-9d0c-9e38136244b9:192.168.164.241:46227], old=null
2019-10-20 18:18:35,156 [b75f8b2e-6273-4c97-b7c5-042674931d23@group-F11756C8BA4A-LeaderElection124] INFO  impl.RaftServerImpl (RaftServerImpl.java:setRole(184)) - b75f8b2e-6273-4c97-b7c5-042674931d23@group-F11756C8BA4A: changes role from CANDIDATE to FOLLOWER at term 60 for DISCOVERED_A_NEW_TERM
2019-10-20 18:18:35,156 [b75f8b2e-6273-4c97-b7c5-042674931d23@group-F11756C8BA4A-LeaderElection124] INFO  impl.RoleInfo (RoleInfo.java:shutdownLeaderElection(134)) - b75f8b2e-6273-4c97-b7c5-042674931d23: shutdown LeaderElection
2019-10-20 18:18:35,156 [b75f8b2e-6273-4c97-b7c5-042674931d23@group-F11756C8BA4A-LeaderElection124] INFO  impl.RoleInfo (RoleInfo.java:updateAndGet(143)) - b75f8b2e-6273-4c97-b7c5-042674931d23: start FollowerState
2019-10-20 18:18:35,176 [Thread-1173] INFO  impl.FollowerState (FollowerState.java:run(108)) - b75f8b2e-6273-4c97-b7c5-042674931d23@group-F11756C8BA4A-FollowerState: change to CANDIDATE, lastRpcTime:19ms, electionTimeout:19ms
2019-10-20 18:18:35,176 [Thread-1173] INFO  impl.RoleInfo (RoleInfo.java:shutdownFollowerState(121)) - b75f8b2e-6273-4c97-b7c5-042674931d23: shutdown FollowerState
2019-10-20 18:18:35,176 [Thread-1173] INFO  impl.RaftServerImpl (RaftServerImpl.java:setRole(184)) - b75f8b2e-6273-4c97-b7c5-042674931d23@group-F11756C8BA4A: changes role from  FOLLOWER to CANDIDATE at term 60 for changeToCandidate
2019-10-20 18:18:35,176 [Thread-1173] INFO  impl.RoleInfo (RoleInfo.java:updateAndGet(143)) - b75f8b2e-6273-4c97-b7c5-042674931d23: start LeaderElection
2019-10-20 18:18:35,196 [Thread-1168] INFO  impl.FollowerState (FollowerState.java:run(108)) - 399079f7-1eb1-4f37-b003-267572525934@group-D40A05E2FCF9-FollowerState: change to CANDIDATE, lastRpcTime:84ms, electionTimeout:84ms
2019-10-20 18:18:35,196 [Thread-1168] INFO  impl.RoleInfo (RoleInfo.java:shutdownFollowerState(121)) - 399079f7-1eb1-4f37-b003-267572525934: shutdown FollowerState
2019-10-20 18:18:35,196 [Thread-1168] INFO  impl.RaftServerImpl (RaftServerImpl.java:setRole(184)) - 399079f7-1eb1-4f37-b003-267572525934@group-D40A05E2FCF9: changes role from  FOLLOWER to CANDIDATE at term 65 for changeToCandidate
2019-10-20 18:18:35,197 [Thread-1168] INFO  impl.RoleInfo (RoleInfo.java:updateAndGet(143)) - 399079f7-1eb1-4f37-b003-267572525934: start LeaderElection
2019-10-20 18:18:35,197 [b75f8b2e-6273-4c97-b7c5-042674931d23@group-F11756C8BA4A-LeaderElection125] INFO  impl.LeaderElection (LeaderElection.java:askForVotes(178)) - b75f8b2e-6273-4c97-b7c5-042674931d23@group-F11756C8BA4A-LeaderElection125: begin an election at term 61 for -1: [6ef27e9c-8ddb-4fa1-8c14-ab102acfb1b8:192.168.164.241:38092, b75f8b2e-6273-4c97-b7c5-042674931d23:192.168.164.241:41857, 3750b3a2-715b-46b3-9d0c-9e38136244b9:192.168.164.241:46227], old=null
2019-10-20 18:18:35,199 [grpc-default-executor-7] INFO  impl.RaftServerImpl (RaftServerImpl.java:setRole(184)) - 6ef27e9c-8ddb-4fa1-8c14-ab102acfb1b8@group-F11756C8BA4A: changes role from  FOLLOWER to FOLLOWER at term 61 for recognizeCandidate:b75f8b2e-6273-4c97-b7c5-042674931d23
2019-10-20 18:18:35,200 [grpc-default-executor-7] INFO  impl.RoleInfo (RoleInfo.java:shutdownFollowerState(121)) - 6ef27e9c-8ddb-4fa1-8c14-ab102acfb1b8: shutdown FollowerState
2019-10-20 18:18:35,200 [grpc-default-executor-1] INFO  impl.RaftServerImpl (RaftServerImpl.java:setRole(184)) - 3750b3a2-715b-46b3-9d0c-9e38136244b9@group-F11756C8BA4A: changes role from  FOLLOWER to FOLLOWER at term 61 for recognizeCandidate:b75f8b2e-6273-4c97-b7c5-042674931d23
2019-10-20 18:18:35,200 [Thread-1171] INFO  impl.FollowerState (FollowerState.java:run(117)) - 6ef27e9c-8ddb-4fa1-8c14-ab102acfb1b8@group-F11756C8BA4A-FollowerState was interrupted: java.lang.InterruptedException: sleep interrupted
2019-10-20 18:18:35,200 [grpc-default-executor-7] INFO  impl.RoleInfo (RoleInfo.java:updateAndGet(143)) - 6ef27e9c-8ddb-4fa1-8c14-ab102acfb1b8: start FollowerState
2019-10-20 18:18:35,200 [grpc-default-executor-1] INFO  impl.RoleInfo (RoleInfo.java:shutdownFollowerState(121)) - 3750b3a2-715b-46b3-9d0c-9e38136244b9: shutdown FollowerState
2019-10-20 18:18:35,200 [grpc-default-executor-1] INFO  impl.RoleInfo (RoleInfo.java:updateAndGet(143)) - 3750b3a2-715b-46b3-9d0c-9e38136244b9: start FollowerState
2019-10-20 18:18:35,200 [Thread-1172] INFO  impl.FollowerState (FollowerState.java:run(117)) - 3750b3a2-715b-46b3-9d0c-9e38136244b9@group-F11756C8BA4A-FollowerState was interrupted: java.lang.InterruptedException: sleep interrupted
2019-10-20 18:18:35,223 [399079f7-1eb1-4f37-b003-267572525934@group-D40A05E2FCF9-LeaderElection126] INFO  impl.LeaderElection (LeaderElection.java:askForVotes(178)) - 399079f7-1eb1-4f37-b003-267572525934@group-D40A05E2FCF9-LeaderElection126: begin an election at term 66 for -1: [399079f7-1eb1-4f37-b003-267572525934:192.168.164.241:37762, 7a43c46a-fc88-4b2d-b2da-ae029cfa60ff:192.168.164.241:43684, 6c5c38af-62e6-4ea7-a24a-078dcb28fb39:192.168.164.241:45428], old=null
2019-10-20 18:18:35,225 [grpc-default-executor-1] INFO  impl.RaftServerImpl (RaftServerImpl.java:setRole(184)) - 6c5c38af-62e6-4ea7-a24a-078dcb28fb39@group-D40A05E2FCF9: changes role from  FOLLOWER to FOLLOWER at term 66 for recognizeCandidate:399079f7-1eb1-4f37-b003-267572525934
2019-10-20 18:18:35,225 [grpc-default-executor-10] INFO  impl.RaftServerImpl (RaftServerImpl.java:setRole(184)) - 7a43c46a-fc88-4b2d-b2da-ae029cfa60ff@group-D40A05E2FCF9: changes role from  FOLLOWER to FOLLOWER at term 66 for recognizeCandidate:399079f7-1eb1-4f37-b003-267572525934
2019-10-20 18:18:35,225 [grpc-default-executor-1] INFO  impl.RoleInfo (RoleInfo.java:shutdownFollowerState(121)) - 6c5c38af-62e6-4ea7-a24a-078dcb28fb39: shutdown FollowerState
2019-10-20 18:18:35,225 [grpc-default-executor-10] INFO  impl.RoleInfo (RoleInfo.java:shutdownFollowerState(121)) - 7a43c46a-fc88-4b2d-b2da-ae029cfa60ff: shutdown FollowerState
2019-10-20 18:18:35,226 [Thread-1166] INFO  impl.FollowerState (FollowerState.java:run(117)) - 6c5c38af-62e6-4ea7-a24a-078dcb28fb39@group-D40A05E2FCF9-FollowerState was interrupted: java.lang.InterruptedException: sleep interrupted
2019-10-20 18:18:35,226 [Thread-1165] INFO  impl.FollowerState (FollowerState.java:run(117)) - 7a43c46a-fc88-4b2d-b2da-ae029cfa60ff@group-D40A05E2FCF9-FollowerState was interrupted: java.lang.InterruptedException: sleep interrupted
2019-10-20 18:18:35,226 [grpc-default-executor-1] INFO  impl.RoleInfo (RoleInfo.java:updateAndGet(143)) - 6c5c38af-62e6-4ea7-a24a-078dcb28fb39: start FollowerState
2019-10-20 18:18:35,226 [grpc-default-executor-10] INFO  impl.RoleInfo (RoleInfo.java:updateAndGet(143)) - 7a43c46a-fc88-4b2d-b2da-ae029cfa60ff: start FollowerState
2019-10-20 18:18:35,240 [b75f8b2e-6273-4c97-b7c5-042674931d23@group-F11756C8BA4A-LeaderElection125] INFO  impl.LeaderElection (LeaderElection.java:logAndReturn(56)) - b75f8b2e-6273-4c97-b7c5-042674931d23@group-F11756C8BA4A-LeaderElection125: Election REJECTED; received 2 response(s) [b75f8b2e-6273-4c97-b7c5-042674931d23<-6ef27e9c-8ddb-4fa1-8c14-ab102acfb1b8#0:FAIL-t61, b75f8b2e-6273-4c97-b7c5-042674931d23<-3750b3a2-715b-46b3-9d0c-9e38136244b9#0:FAIL-t61] and 0 exception(s); b75f8b2e-6273-4c97-b7c5-042674931d23@group-F11756C8BA4A:t61, leader=null, voted=b75f8b2e-6273-4c97-b7c5-042674931d23, raftlog=b75f8b2e-6273-4c97-b7c5-042674931d23@group-F11756C8BA4A-SegmentedRaftLog:OPENED:c-1,f-1,i0, conf=-1: [6ef27e9c-8ddb-4fa1-8c14-ab102acfb1b8:192.168.164.241:38092, b75f8b2e-6273-4c97-b7c5-042674931d23:192.168.164.241:41857, 3750b3a2-715b-46b3-9d0c-9e38136244b9:192.168.164.241:46227], old=null
2019-10-20 18:18:35,241 [b75f8b2e-6273-4c97-b7c5-042674931d23@group-F11756C8BA4A-LeaderElection125] INFO  impl.RaftServerImpl (RaftServerImpl.java:setRole(184)) - b75f8b2e-6273-4c97-b7c5-042674931d23@group-F11756C8BA4A: changes role from CANDIDATE to FOLLOWER at term 61 for DISCOVERED_A_NEW_TERM
2019-10-20 18:18:35,241 [b75f8b2e-6273-4c97-b7c5-042674931d23@group-F11756C8BA4A-LeaderElection125] INFO  impl.RoleInfo (RoleInfo.java:shutdownLeaderElection(134)) - b75f8b2e-6273-4c97-b7c5-042674931d23: shutdown LeaderElection
2019-10-20 18:18:35,242 [b75f8b2e-6273-4c97-b7c5-042674931d23@group-F11756C8BA4A-LeaderElection125] INFO  impl.RoleInfo (RoleInfo.java:updateAndGet(143)) - b75f8b2e-6273-4c97-b7c5-042674931d23: start FollowerState
2019-10-20 18:18:35,246 [399079f7-1eb1-4f37-b003-267572525934@group-D40A05E2FCF9-LeaderElection126] INFO  impl.LeaderElection (LeaderElection.java:logAndReturn(56)) - 399079f7-1eb1-4f37-b003-267572525934@group-D40A05E2FCF9-LeaderElection126: Election TIMEOUT; received 0 response(s) [] and 0 exception(s); 399079f7-1eb1-4f37-b003-267572525934@group-D40A05E2FCF9:t66, leader=null, voted=399079f7-1eb1-4f37-b003-267572525934, raftlog=399079f7-1eb1-4f37-b003-267572525934@group-D40A05E2FCF9-SegmentedRaftLog:OPENED:c-1,f-1,i0, conf=-1: [399079f7-1eb1-4f37-b003-267572525934:192.168.164.241:37762, 7a43c46a-fc88-4b2d-b2da-ae029cfa60ff:192.168.164.241:43684, 6c5c38af-62e6-4ea7-a24a-078dcb28fb39:192.168.164.241:45428], old=null
2019-10-20 18:18:35,266 [399079f7-1eb1-4f37-b003-267572525934@group-D40A05E2FCF9-LeaderElection126] INFO  impl.LeaderElection (LeaderElection.java:askForVotes(178)) - 399079f7-1eb1-4f37-b003-267572525934@group-D40A05E2FCF9-LeaderElection126: begin an election at term 67 for -1: [399079f7-1eb1-4f37-b003-267572525934:192.168.164.241:37762, 7a43c46a-fc88-4b2d-b2da-ae029cfa60ff:192.168.164.241:43684, 6c5c38af-62e6-4ea7-a24a-078dcb28fb39:192.168.164.241:45428], old=null
2019-10-20 18:18:35,268 [grpc-default-executor-1] INFO  impl.RaftServerImpl (RaftServerImpl.java:setRole(184)) - 7a43c46a-fc88-4b2d-b2da-ae029cfa60ff@group-D40A05E2FCF9: changes role from  FOLLOWER to FOLLOWER at term 67 for recognizeCandidate:399079f7-1eb1-4f37-b003-267572525934
2019-10-20 18:18:35,268 [grpc-default-executor-1] INFO  impl.RoleInfo (RoleInfo.java:shutdownFollowerState(121)) - 7a43c46a-fc88-4b2d-b2da-ae029cfa60ff: shutdown FollowerState
2019-10-20 18:18:35,268 [grpc-default-executor-1] INFO  impl.RoleInfo (RoleInfo.java:updateAndGet(143)) - 7a43c46a-fc88-4b2d-b2da-ae029cfa60ff: start FollowerState
2019-10-20 18:18:35,268 [Thread-1185] INFO  impl.FollowerState (FollowerState.java:run(117)) - 7a43c46a-fc88-4b2d-b2da-ae029cfa60ff@group-D40A05E2FCF9-FollowerState was interrupted: java.lang.InterruptedException: sleep interrupted
2019-10-20 18:18:35,268 [grpc-default-executor-10] INFO  impl.RaftServerImpl (RaftServerImpl.java:setRole(184)) - 6c5c38af-62e6-4ea7-a24a-078dcb28fb39@group-D40A05E2FCF9: changes role from  FOLLOWER to FOLLOWER at term 67 for recognizeCandidate:399079f7-1eb1-4f37-b003-267572525934
2019-10-20 18:18:35,268 [grpc-default-executor-10] INFO  impl.RoleInfo (RoleInfo.java:shutdownFollowerState(121)) - 6c5c38af-62e6-4ea7-a24a-078dcb28fb39: shutdown FollowerState
2019-10-20 18:18:35,269 [grpc-default-executor-10] INFO  impl.RoleInfo (RoleInfo.java:updateAndGet(143)) - 6c5c38af-62e6-4ea7-a24a-078dcb28fb39: start FollowerState
2019-10-20 18:18:35,269 [Thread-1183] INFO  impl.FollowerState (FollowerState.java:run(117)) - 6c5c38af-62e6-4ea7-a24a-078dcb28fb39@group-D40A05E2FCF9-FollowerState was interrupted: java.lang.InterruptedException: sleep interrupted
2019-10-20 18:18:35,292 [399079f7-1eb1-4f37-b003-267572525934@group-D40A05E2FCF9-LeaderElection126] INFO  impl.LeaderElection (LeaderElection.java:logAndReturn(56)) - 399079f7-1eb1-4f37-b003-267572525934@group-D40A05E2FCF9-LeaderElection126: Election REJECTED; received 2 response(s) [399079f7-1eb1-4f37-b003-267572525934<-7a43c46a-fc88-4b2d-b2da-ae029cfa60ff#0:FAIL-t67, 399079f7-1eb1-4f37-b003-267572525934<-6c5c38af-62e6-4ea7-a24a-078dcb28fb39#0:FAIL-t67] and 0 exception(s); 399079f7-1eb1-4f37-b003-267572525934@group-D40A05E2FCF9:t67, leader=null, voted=399079f7-1eb1-4f37-b003-267572525934, raftlog=399079f7-1eb1-4f37-b003-267572525934@group-D40A05E2FCF9-SegmentedRaftLog:OPENED:c-1,f-1,i0, conf=-1: [399079f7-1eb1-4f37-b003-267572525934:192.168.164.241:37762, 7a43c46a-fc88-4b2d-b2da-ae029cfa60ff:192.168.164.241:43684, 6c5c38af-62e6-4ea7-a24a-078dcb28fb39:192.168.164.241:45428], old=null
2019-10-20 18:18:35,293 [399079f7-1eb1-4f37-b003-267572525934@group-D40A05E2FCF9-LeaderElection126] INFO  impl.RaftServerImpl (RaftServerImpl.java:setRole(184)) - 399079f7-1eb1-4f37-b003-267572525934@group-D40A05E2FCF9: changes role from CANDIDATE to FOLLOWER at term 67 for DISCOVERED_A_NEW_TERM
2019-10-20 18:18:35,293 [399079f7-1eb1-4f37-b003-267572525934@group-D40A05E2FCF9-LeaderElection126] INFO  impl.RoleInfo (RoleInfo.java:shutdownLeaderElection(134)) - 399079f7-1eb1-4f37-b003-267572525934: shutdown LeaderElection
2019-10-20 18:18:35,293 [399079f7-1eb1-4f37-b003-267572525934@group-D40A05E2FCF9-LeaderElection126] INFO  impl.RoleInfo (RoleInfo.java:updateAndGet(143)) - 399079f7-1eb1-4f37-b003-267572525934: start FollowerState
2019-10-20 18:18:35,324 [Thread-1188] INFO  impl.FollowerState (FollowerState.java:run(108)) - b75f8b2e-6273-4c97-b7c5-042674931d23@group-F11756C8BA4A-FollowerState: change to CANDIDATE, lastRpcTime:81ms, electionTimeout:81ms
2019-10-20 18:18:35,324 [Thread-1188] INFO  impl.RoleInfo (RoleInfo.java:shutdownFollowerState(121)) - b75f8b2e-6273-4c97-b7c5-042674931d23: shutdown FollowerState
2019-10-20 18:18:35,324 [Thread-1188] INFO  impl.RaftServerImpl (RaftServerImpl.java:setRole(184)) - b75f8b2e-6273-4c97-b7c5-042674931d23@group-F11756C8BA4A: changes role from  FOLLOWER to CANDIDATE at term 61 for changeToCandidate
2019-10-20 18:18:35,324 [Thread-1188] INFO  impl.RoleInfo (RoleInfo.java:updateAndGet(143)) - b75f8b2e-6273-4c97-b7c5-042674931d23: start LeaderElection
2019-10-20 18:18:35,351 [b75f8b2e-6273-4c97-b7c5-042674931d23@group-F11756C8BA4A-LeaderElection127] INFO  impl.LeaderElection (LeaderElection.java:askForVotes(178)) - b75f8b2e-6273-4c97-b7c5-042674931d23@group-F11756C8BA4A-LeaderElection127: begin an election at term 62 for -1: [6ef27e9c-8ddb-4fa1-8c14-ab102acfb1b8:192.168.164.241:38092, b75f8b2e-6273-4c97-b7c5-042674931d23:192.168.164.241:41857, 3750b3a2-715b-46b3-9d0c-9e38136244b9:192.168.164.241:46227], old=null
2019-10-20 18:18:35,353 [grpc-default-executor-10] INFO  impl.RaftServerImpl (RaftServerImpl.java:setRole(184)) - 6ef27e9c-8ddb-4fa1-8c14-ab102acfb1b8@group-F11756C8BA4A: changes role from  FOLLOWER to FOLLOWER at term 62 for recognizeCandidate:b75f8b2e-6273-4c97-b7c5-042674931d23
2019-10-20 18:18:35,354 [grpc-default-executor-10] INFO  impl.RoleInfo (RoleInfo.java:shutdownFollowerState(121)) - 6ef27e9c-8ddb-4fa1-8c14-ab102acfb1b8: shutdown FollowerState
2019-10-20 18:18:35,353 [grpc-default-executor-1] INFO  impl.RaftServerImpl (RaftServerImpl.java:setRole(184)) - 3750b3a2-715b-46b3-9d0c-9e38136244b9@group-F11756C8BA4A: changes role from  FOLLOWER to FOLLOWER at term 62 for recognizeCandidate:b75f8b2e-6273-4c97-b7c5-042674931d23
2019-10-20 18:18:35,354 [Thread-1178] INFO  impl.FollowerState (FollowerState.java:run(117)) - 6ef27e9c-8ddb-4fa1-8c14-ab102acfb1b8@group-F11756C8BA4A-FollowerState was interrupted: java.lang.InterruptedException: sleep interrupted
2019-10-20 18:18:35,354 [grpc-default-executor-10] INFO  impl.RoleInfo (RoleInfo.java:updateAndGet(143)) - 6ef27e9c-8ddb-4fa1-8c14-ab102acfb1b8: start FollowerState
2019-10-20 18:18:35,354 [grpc-default-executor-1] INFO  impl.RoleInfo (RoleInfo.java:shutdownFollowerState(121)) - 3750b3a2-715b-46b3-9d0c-9e38136244b9: shutdown FollowerState
2019-10-20 18:18:35,354 [grpc-default-executor-1] INFO  impl.RoleInfo (RoleInfo.java:updateAndGet(143)) - 3750b3a2-715b-46b3-9d0c-9e38136244b9: start FollowerState
2019-10-20 18:18:35,354 [Thread-1179] INFO  impl.FollowerState (FollowerState.java:run(117)) - 3750b3a2-715b-46b3-9d0c-9e38136244b9@group-F11756C8BA4A-FollowerState was interrupted: java.lang.InterruptedException: sleep interrupted
2019-10-20 18:18:35,378 [b75f8b2e-6273-4c97-b7c5-042674931d23@group-F11756C8BA4A-LeaderElection127] INFO  impl.LeaderElection (LeaderElection.java:logAndReturn(56)) - b75f8b2e-6273-4c97-b7c5-042674931d23@group-F11756C8BA4A-LeaderElection127: Election REJECTED; received 2 response(s) [b75f8b2e-6273-4c97-b7c5-042674931d23<-6ef27e9c-8ddb-4fa1-8c14-ab102acfb1b8#0:FAIL-t62, b75f8b2e-6273-4c97-b7c5-042674931d23<-3750b3a2-715b-46b3-9d0c-9e38136244b9#0:FAIL-t62] and 0 exception(s); b75f8b2e-6273-4c97-b7c5-042674931d23@group-F11756C8BA4A:t62, leader=null, voted=b75f8b2e-6273-4c97-b7c5-042674931d23, raftlog=b75f8b2e-6273-4c97-b7c5-042674931d23@group-F11756C8BA4A-SegmentedRaftLog:OPENED:c-1,f-1,i0, conf=-1: [6ef27e9c-8ddb-4fa1-8c14-ab102acfb1b8:192.168.164.241:38092, b75f8b2e-6273-4c97-b7c5-042674931d23:192.168.164.241:41857, 3750b3a2-715b-46b3-9d0c-9e38136244b9:192.168.164.241:46227], old=null
2019-10-20 18:18:35,378 [b75f8b2e-6273-4c97-b7c5-042674931d23@group-F11756C8BA4A-LeaderElection127] INFO  impl.RaftServerImpl (RaftServerImpl.java:setRole(184)) - b75f8b2e-6273-4c97-b7c5-042674931d23@group-F11756C8BA4A: changes role from CANDIDATE to FOLLOWER at term 62 for DISCOVERED_A_NEW_TERM
2019-10-20 18:18:35,378 [b75f8b2e-6273-4c97-b7c5-042674931d23@group-F11756C8BA4A-LeaderElection127] INFO  impl.RoleInfo (RoleInfo.java:shutdownLeaderElection(134)) - b75f8b2e-6273-4c97-b7c5-042674931d23: shutdown LeaderElection
2019-10-20 18:18:35,378 [b75f8b2e-6273-4c97-b7c5-042674931d23@group-F11756C8BA4A-LeaderElection127] INFO  impl.RoleInfo (RoleInfo.java:updateAndGet(143)) - b75f8b2e-6273-4c97-b7c5-042674931d23: start FollowerState
2019-10-20 18:18:35,411 [Thread-1193] INFO  impl.FollowerState (FollowerState.java:run(108)) - 399079f7-1eb1-4f37-b003-267572525934@group-D40A05E2FCF9-FollowerState: change to CANDIDATE, lastRpcTime:118ms, electionTimeout:118ms
2019-10-20 18:18:35,411 [Thread-1193] INFO  impl.RoleInfo (RoleInfo.java:shutdownFollowerState(121)) - 399079f7-1eb1-4f37-b003-267572525934: shutdown FollowerState
2019-10-20 18:18:35,411 [Thread-1193] INFO  impl.RaftServerImpl (RaftServerImpl.java:setRole(184)) - 399079f7-1eb1-4f37-b003-267572525934@group-D40A05E2FCF9: changes role from  FOLLOWER to CANDIDATE at term 67 for changeToCandidate
2019-10-20 18:18:35,411 [Thread-1193] INFO  impl.RoleInfo (RoleInfo.java:updateAndGet(143)) - 399079f7-1eb1-4f37-b003-267572525934: start LeaderElection
2019-10-20 18:18:35,427 [399079f7-1eb1-4f37-b003-267572525934@group-D40A05E2FCF9-LeaderElection128] INFO  impl.LeaderElection (LeaderElection.java:askForVotes(178)) - 399079f7-1eb1-4f37-b003-267572525934@group-D40A05E2FCF9-LeaderElection128: begin an election at term 68 for -1: [399079f7-1eb1-4f37-b003-267572525934:192.168.164.241:37762, 7a43c46a-fc88-4b2d-b2da-ae029cfa60ff:192.168.164.241:43684, 6c5c38af-62e6-4ea7-a24a-078dcb28fb39:192.168.164.241:45428], old=null
2019-10-20 18:18:35,429 [grpc-default-executor-1] INFO  impl.RaftServerImpl (RaftServerImpl.java:setRole(184)) - 7a43c46a-fc88-4b2d-b2da-ae029cfa60ff@group-D40A05E2FCF9: changes role from  FOLLOWER to FOLLOWER at term 68 for recognizeCandidate:399079f7-1eb1-4f37-b003-267572525934
2019-10-20 18:18:35,430 [grpc-default-executor-1] INFO  impl.RoleInfo (RoleInfo.java:shutdownFollowerState(121)) - 7a43c46a-fc88-4b2d-b2da-ae029cfa60ff: shutdown FollowerState
2019-10-20 18:18:35,430 [grpc-default-executor-10] INFO  impl.RaftServerImpl (RaftServerImpl.java:setRole(184)) - 6c5c38af-62e6-4ea7-a24a-078dcb28fb39@group-D40A05E2FCF9: changes role from  FOLLOWER to FOLLOWER at term 68 for recognizeCandidate:399079f7-1eb1-4f37-b003-267572525934
2019-10-20 18:18:35,430 [Thread-1191] INFO  impl.FollowerState (FollowerState.java:run(117)) - 7a43c46a-fc88-4b2d-b2da-ae029cfa60ff@group-D40A05E2FCF9-FollowerState was interrupted: java.lang.InterruptedException: sleep interrupted
2019-10-20 18:18:35,430 [grpc-default-executor-10] INFO  impl.RoleInfo (RoleInfo.java:shutdownFollowerState(121)) - 6c5c38af-62e6-4ea7-a24a-078dcb28fb39: shutdown FollowerState
2019-10-20 18:18:35,430 [grpc-default-executor-1] INFO  impl.RoleInfo (RoleInfo.java:updateAndGet(143)) - 7a43c46a-fc88-4b2d-b2da-ae029cfa60ff: start FollowerState
2019-10-20 18:18:35,430 [Thread-1192] INFO  impl.FollowerState (FollowerState.java:run(117)) - 6c5c38af-62e6-4ea7-a24a-078dcb28fb39@group-D40A05E2FCF9-FollowerState was interrupted: java.lang.InterruptedException: sleep interrupted
2019-10-20 18:18:35,430 [grpc-default-executor-10] INFO  impl.RoleInfo (RoleInfo.java:updateAndGet(143)) - 6c5c38af-62e6-4ea7-a24a-078dcb28fb39: start FollowerState
2019-10-20 18:18:35,454 [399079f7-1eb1-4f37-b003-267572525934@group-D40A05E2FCF9-LeaderElection128] INFO  impl.LeaderElection (LeaderElection.java:logAndReturn(56)) - 399079f7-1eb1-4f37-b003-267572525934@group-D40A05E2FCF9-LeaderElection128: Election REJECTED; received 2 response(s) [399079f7-1eb1-4f37-b003-267572525934<-7a43c46a-fc88-4b2d-b2da-ae029cfa60ff#0:FAIL-t68, 399079f7-1eb1-4f37-b003-267572525934<-6c5c38af-62e6-4ea7-a24a-078dcb28fb39#0:FAIL-t68] and 0 exception(s); 399079f7-1eb1-4f37-b003-267572525934@group-D40A05E2FCF9:t68, leader=null, voted=399079f7-1eb1-4f37-b003-267572525934, raftlog=399079f7-1eb1-4f37-b003-267572525934@group-D40A05E2FCF9-SegmentedRaftLog:OPENED:c-1,f-1,i0, conf=-1: [399079f7-1eb1-4f37-b003-267572525934:192.168.164.241:37762, 7a43c46a-fc88-4b2d-b2da-ae029cfa60ff:192.168.164.241:43684, 6c5c38af-62e6-4ea7-a24a-078dcb28fb39:192.168.164.241:45428], old=null
2019-10-20 18:18:35,454 [399079f7-1eb1-4f37-b003-267572525934@group-D40A05E2FCF9-LeaderElection128] INFO  impl.RaftServerImpl (RaftServerImpl.java:setRole(184)) - 399079f7-1eb1-4f37-b003-267572525934@group-D40A05E2FCF9: changes role from CANDIDATE to FOLLOWER at term 68 for DISCOVERED_A_NEW_TERM
2019-10-20 18:18:35,454 [399079f7-1eb1-4f37-b003-267572525934@group-D40A05E2FCF9-LeaderElection128] INFO  impl.RoleInfo (RoleInfo.java:shutdownLeaderElection(134)) - 399079f7-1eb1-4f37-b003-267572525934: shutdown LeaderElection
2019-10-20 18:18:35,454 [399079f7-1eb1-4f37-b003-267572525934@group-D40A05E2FCF9-LeaderElection128] INFO  impl.RoleInfo (RoleInfo.java:updateAndGet(143)) - 399079f7-1eb1-4f37-b003-267572525934: start FollowerState
2019-10-20 18:18:35,527 [Thread-1205] INFO  impl.FollowerState (FollowerState.java:run(108)) - 399079f7-1eb1-4f37-b003-267572525934@group-D40A05E2FCF9-FollowerState: change to CANDIDATE, lastRpcTime:72ms, electionTimeout:72ms
2019-10-20 18:18:35,527 [Thread-1205] INFO  impl.RoleInfo (RoleInfo.java:shutdownFollowerState(121)) - 399079f7-1eb1-4f37-b003-267572525934: shutdown FollowerState
2019-10-20 18:18:35,527 [Thread-1205] INFO  impl.RaftServerImpl (RaftServerImpl.java:setRole(184)) - 399079f7-1eb1-4f37-b003-267572525934@group-D40A05E2FCF9: changes role from  FOLLOWER to CANDIDATE at term 68 for changeToCandidate
2019-10-20 18:18:35,527 [Thread-1205] INFO  impl.RoleInfo (RoleInfo.java:updateAndGet(143)) - 399079f7-1eb1-4f37-b003-267572525934: start LeaderElection
2019-10-20 18:18:35,541 [Thread-1199] INFO  impl.FollowerState (FollowerState.java:run(108)) - b75f8b2e-6273-4c97-b7c5-042674931d23@group-F11756C8BA4A-FollowerState: change to CANDIDATE, lastRpcTime:162ms, electionTimeout:162ms
2019-10-20 18:18:35,541 [Thread-1199] INFO  impl.RoleInfo (RoleInfo.java:shutdownFollowerState(121)) - b75f8b2e-6273-4c97-b7c5-042674931d23: shutdown FollowerState
2019-10-20 18:18:35,541 [Thread-1199] INFO  impl.RaftServerImpl (RaftServerImpl.java:setRole(184)) - b75f8b2e-6273-4c97-b7c5-042674931d23@group-F11756C8BA4A: changes role from  FOLLOWER to CANDIDATE at term 62 for changeToCandidate
2019-10-20 18:18:35,541 [Thread-1199] INFO  impl.RoleInfo (RoleInfo.java:updateAndGet(143)) - b75f8b2e-6273-4c97-b7c5-042674931d23: start LeaderElection
2019-10-20 18:18:35,564 [399079f7-1eb1-4f37-b003-267572525934@group-D40A05E2FCF9-LeaderElection129] INFO  impl.LeaderElection (LeaderElection.java:askForVotes(178)) - 399079f7-1eb1-4f37-b003-267572525934@group-D40A05E2FCF9-LeaderElection129: begin an election at term 69 for -1: [399079f7-1eb1-4f37-b003-267572525934:192.168.164.241:37762, 7a43c46a-fc88-4b2d-b2da-ae029cfa60ff:192.168.164.241:43684, 6c5c38af-62e6-4ea7-a24a-078dcb28fb39:192.168.164.241:45428], old=null
2019-10-20 18:18:35,566 [grpc-default-executor-10] INFO  impl.RaftServerImpl (RaftServerImpl.java:setRole(184)) - 7a43c46a-fc88-4b2d-b2da-ae029cfa60ff@group-D40A05E2FCF9: changes role from  FOLLOWER to FOLLOWER at term 69 for recognizeCandidate:399079f7-1eb1-4f37-b003-267572525934
2019-10-20 18:18:35,566 [grpc-default-executor-10] INFO  impl.RoleInfo (RoleInfo.java:shutdownFollowerState(121)) - 7a43c46a-fc88-4b2d-b2da-ae029cfa60ff: shutdown FollowerState
2019-10-20 18:18:35,567 [grpc-default-executor-10] INFO  impl.RoleInfo (RoleInfo.java:updateAndGet(143)) - 7a43c46a-fc88-4b2d-b2da-ae029cfa60ff: start FollowerState
2019-10-20 18:18:35,567 [grpc-default-executor-1] INFO  impl.RaftServerImpl (RaftServerImpl.java:setRole(184)) - 6c5c38af-62e6-4ea7-a24a-078dcb28fb39@group-D40A05E2FCF9: changes role from  FOLLOWER to FOLLOWER at term 69 for recognizeCandidate:399079f7-1eb1-4f37-b003-267572525934
2019-10-20 18:18:35,567 [Thread-1203] INFO  impl.FollowerState (FollowerState.java:run(117)) - 7a43c46a-fc88-4b2d-b2da-ae029cfa60ff@group-D40A05E2FCF9-FollowerState was interrupted: java.lang.InterruptedException: sleep interrupted
2019-10-20 18:18:35,567 [grpc-default-executor-1] INFO  impl.RoleInfo (RoleInfo.java:shutdownFollowerState(121)) - 6c5c38af-62e6-4ea7-a24a-078dcb28fb39: shutdown FollowerState
2019-10-20 18:18:35,567 [grpc-default-executor-1] INFO  impl.RoleInfo (RoleInfo.java:updateAndGet(143)) - 6c5c38af-62e6-4ea7-a24a-078dcb28fb39: start FollowerState
2019-10-20 18:18:35,567 [Thread-1204] INFO  impl.FollowerState (FollowerState.java:run(117)) - 6c5c38af-62e6-4ea7-a24a-078dcb28fb39@group-D40A05E2FCF9-FollowerState was interrupted: java.lang.InterruptedException: sleep interrupted
2019-10-20 18:18:35,581 [b75f8b2e-6273-4c97-b7c5-042674931d23@group-F11756C8BA4A-LeaderElection130] INFO  impl.LeaderElection (LeaderElection.java:askForVotes(178)) - b75f8b2e-6273-4c97-b7c5-042674931d23@group-F11756C8BA4A-LeaderElection130: begin an election at term 63 for -1: [6ef27e9c-8ddb-4fa1-8c14-ab102acfb1b8:192.168.164.241:38092, b75f8b2e-6273-4c97-b7c5-042674931d23:192.168.164.241:41857, 3750b3a2-715b-46b3-9d0c-9e38136244b9:192.168.164.241:46227], old=null
2019-10-20 18:18:35,584 [grpc-default-executor-4] INFO  impl.RaftServerImpl (RaftServerImpl.java:setRole(184)) - 6ef27e9c-8ddb-4fa1-8c14-ab102acfb1b8@group-F11756C8BA4A: changes role from  FOLLOWER to FOLLOWER at term 63 for recognizeCandidate:b75f8b2e-6273-4c97-b7c5-042674931d23
2019-10-20 18:18:35,584 [grpc-default-executor-7] INFO  impl.RaftServerImpl (RaftServerImpl.java:setRole(184)) - 3750b3a2-715b-46b3-9d0c-9e38136244b9@group-F11756C8BA4A: changes role from  FOLLOWER to FOLLOWER at term 63 for recognizeCandidate:b75f8b2e-6273-4c97-b7c5-042674931d23
2019-10-20 18:18:35,584 [grpc-default-executor-4] INFO  impl.RoleInfo (RoleInfo.java:shutdownFollowerState(121)) - 6ef27e9c-8ddb-4fa1-8c14-ab102acfb1b8: shutdown FollowerState
2019-10-20 18:18:35,584 [grpc-default-executor-7] INFO  impl.RoleInfo (RoleInfo.java:shutdownFollowerState(121)) - 3750b3a2-715b-46b3-9d0c-9e38136244b9: shutdown FollowerState
2019-10-20 18:18:35,584 [Thread-1197] INFO  impl.FollowerState (FollowerState.java:run(117)) - 6ef27e9c-8ddb-4fa1-8c14-ab102acfb1b8@group-F11756C8BA4A-FollowerState was interrupted: java.lang.InterruptedException: sleep interrupted
2019-10-20 18:18:35,584 [grpc-default-executor-4] INFO  impl.RoleInfo (RoleInfo.java:updateAndGet(143)) - 6ef27e9c-8ddb-4fa1-8c14-ab102acfb1b8: start FollowerState
2019-10-20 18:18:35,584 [Thread-1198] INFO  impl.FollowerState (FollowerState.java:run(117)) - 3750b3a2-715b-46b3-9d0c-9e38136244b9@group-F11756C8BA4A-FollowerState was interrupted: java.lang.InterruptedException: sleep interrupted
2019-10-20 18:18:35,584 [grpc-default-executor-7] INFO  impl.RoleInfo (RoleInfo.java:updateAndGet(143)) - 3750b3a2-715b-46b3-9d0c-9e38136244b9: start FollowerState
2019-10-20 18:18:35,591 [399079f7-1eb1-4f37-b003-267572525934@group-D40A05E2FCF9-LeaderElection129] INFO  impl.LeaderElection (LeaderElection.java:logAndReturn(56)) - 399079f7-1eb1-4f37-b003-267572525934@group-D40A05E2FCF9-LeaderElection129: Election REJECTED; received 2 response(s) [399079f7-1eb1-4f37-b003-267572525934<-7a43c46a-fc88-4b2d-b2da-ae029cfa60ff#0:FAIL-t69, 399079f7-1eb1-4f37-b003-267572525934<-6c5c38af-62e6-4ea7-a24a-078dcb28fb39#0:FAIL-t69] and 0 exception(s); 399079f7-1eb1-4f37-b003-267572525934@group-D40A05E2FCF9:t69, leader=null, voted=399079f7-1eb1-4f37-b003-267572525934, raftlog=399079f7-1eb1-4f37-b003-267572525934@group-D40A05E2FCF9-SegmentedRaftLog:OPENED:c-1,f-1,i0, conf=-1: [399079f7-1eb1-4f37-b003-267572525934:192.168.164.241:37762, 7a43c46a-fc88-4b2d-b2da-ae029cfa60ff:192.168.164.241:43684, 6c5c38af-62e6-4ea7-a24a-078dcb28fb39:192.168.164.241:45428], old=null
2019-10-20 18:18:35,591 [399079f7-1eb1-4f37-b003-267572525934@group-D40A05E2FCF9-LeaderElection129] INFO  impl.RaftServerImpl (RaftServerImpl.java:setRole(184)) - 399079f7-1eb1-4f37-b003-267572525934@group-D40A05E2FCF9: changes role from CANDIDATE to FOLLOWER at term 69 for DISCOVERED_A_NEW_TERM
2019-10-20 18:18:35,591 [399079f7-1eb1-4f37-b003-267572525934@group-D40A05E2FCF9-LeaderElection129] INFO  impl.RoleInfo (RoleInfo.java:shutdownLeaderElection(134)) - 399079f7-1eb1-4f37-b003-267572525934: shutdown LeaderElection
2019-10-20 18:18:35,591 [399079f7-1eb1-4f37-b003-267572525934@group-D40A05E2FCF9-LeaderElection129] INFO  impl.RoleInfo (RoleInfo.java:updateAndGet(143)) - 399079f7-1eb1-4f37-b003-267572525934: start FollowerState
2019-10-20 18:18:35,608 [b75f8b2e-6273-4c97-b7c5-042674931d23@group-F11756C8BA4A-LeaderElection130] INFO  impl.LeaderElection (LeaderElection.java:logAndReturn(56)) - b75f8b2e-6273-4c97-b7c5-042674931d23@group-F11756C8BA4A-LeaderElection130: Election REJECTED; received 2 response(s) [b75f8b2e-6273-4c97-b7c5-042674931d23<-6ef27e9c-8ddb-4fa1-8c14-ab102acfb1b8#0:FAIL-t63, b75f8b2e-6273-4c97-b7c5-042674931d23<-3750b3a2-715b-46b3-9d0c-9e38136244b9#0:FAIL-t63] and 0 exception(s); b75f8b2e-6273-4c97-b7c5-042674931d23@group-F11756C8BA4A:t63, leader=null, voted=b75f8b2e-6273-4c97-b7c5-042674931d23, raftlog=b75f8b2e-6273-4c97-b7c5-042674931d23@group-F11756C8BA4A-SegmentedRaftLog:OPENED:c-1,f-1,i0, conf=-1: [6ef27e9c-8ddb-4fa1-8c14-ab102acfb1b8:192.168.164.241:38092, b75f8b2e-6273-4c97-b7c5-042674931d23:192.168.164.241:41857, 3750b3a2-715b-46b3-9d0c-9e38136244b9:192.168.164.241:46227], old=null
2019-10-20 18:18:35,608 [b75f8b2e-6273-4c97-b7c5-042674931d23@group-F11756C8BA4A-LeaderElection130] INFO  impl.RaftServerImpl (RaftServerImpl.java:setRole(184)) - b75f8b2e-6273-4c97-b7c5-042674931d23@group-F11756C8BA4A: changes role from CANDIDATE to FOLLOWER at term 63 for DISCOVERED_A_NEW_TERM
2019-10-20 18:18:35,608 [b75f8b2e-6273-4c97-b7c5-042674931d23@group-F11756C8BA4A-LeaderElection130] INFO  impl.RoleInfo (RoleInfo.java:shutdownLeaderElection(134)) - b75f8b2e-6273-4c97-b7c5-042674931d23: shutdown LeaderElection
2019-10-20 18:18:35,609 [b75f8b2e-6273-4c97-b7c5-042674931d23@group-F11756C8BA4A-LeaderElection130] INFO  impl.RoleInfo (RoleInfo.java:updateAndGet(143)) - b75f8b2e-6273-4c97-b7c5-042674931d23: start FollowerState
2019-10-20 18:18:35,759 [Thread-1217] INFO  impl.FollowerState (FollowerState.java:run(108)) - b75f8b2e-6273-4c97-b7c5-042674931d23@group-F11756C8BA4A-FollowerState: change to CANDIDATE, lastRpcTime:150ms, electionTimeout:150ms
2019-10-20 18:18:35,759 [Thread-1217] INFO  impl.RoleInfo (RoleInfo.java:shutdownFollowerState(121)) - b75f8b2e-6273-4c97-b7c5-042674931d23: shutdown FollowerState
2019-10-20 18:18:35,759 [Thread-1217] INFO  impl.RaftServerImpl (RaftServerImpl.java:setRole(184)) - b75f8b2e-6273-4c97-b7c5-042674931d23@group-F11756C8BA4A: changes role from  FOLLOWER to CANDIDATE at term 63 for changeToCandidate
2019-10-20 18:18:35,759 [Thread-1217] INFO  impl.RoleInfo (RoleInfo.java:updateAndGet(143)) - b75f8b2e-6273-4c97-b7c5-042674931d23: start LeaderElection
2019-10-20 18:18:35,781 [Thread-1216] INFO  impl.FollowerState (FollowerState.java:run(108)) - 399079f7-1eb1-4f37-b003-267572525934@group-D40A05E2FCF9-FollowerState: change to CANDIDATE, lastRpcTime:189ms, electionTimeout:174ms
2019-10-20 18:18:35,783 [Thread-1216] INFO  impl.RoleInfo (RoleInfo.java:shutdownFollowerState(121)) - 399079f7-1eb1-4f37-b003-267572525934: shutdown FollowerState
2019-10-20 18:18:35,783 [Thread-1216] INFO  impl.RaftServerImpl (RaftServerImpl.java:setRole(184)) - 399079f7-1eb1-4f37-b003-267572525934@group-D40A05E2FCF9: changes role from  FOLLOWER to CANDIDATE at term 69 for changeToCandidate
2019-10-20 18:18:35,783 [Thread-1216] INFO  impl.RoleInfo (RoleInfo.java:updateAndGet(143)) - 399079f7-1eb1-4f37-b003-267572525934: start LeaderElection
2019-10-20 18:18:35,785 [b75f8b2e-6273-4c97-b7c5-042674931d23@group-F11756C8BA4A-LeaderElection131] INFO  impl.LeaderElection (LeaderElection.java:askForVotes(178)) - b75f8b2e-6273-4c97-b7c5-042674931d23@group-F11756C8BA4A-LeaderElection131: begin an election at term 64 for -1: [6ef27e9c-8ddb-4fa1-8c14-ab102acfb1b8:192.168.164.241:38092, b75f8b2e-6273-4c97-b7c5-042674931d23:192.168.164.241:41857, 3750b3a2-715b-46b3-9d0c-9e38136244b9:192.168.164.241:46227], old=null
2019-10-20 18:18:35,787 [grpc-default-executor-4] INFO  impl.RaftServerImpl (RaftServerImpl.java:setRole(184)) - 3750b3a2-715b-46b3-9d0c-9e38136244b9@group-F11756C8BA4A: changes role from  FOLLOWER to FOLLOWER at term 64 for recognizeCandidate:b75f8b2e-6273-4c97-b7c5-042674931d23
2019-10-20 18:18:35,788 [grpc-default-executor-7] INFO  impl.RaftServerImpl (RaftServerImpl.java:setRole(184)) - 6ef27e9c-8ddb-4fa1-8c14-ab102acfb1b8@group-F11756C8BA4A: changes role from  FOLLOWER to FOLLOWER at term 64 for recognizeCandidate:b75f8b2e-6273-4c97-b7c5-042674931d23
2019-10-20 18:18:35,788 [grpc-default-executor-4] INFO  impl.RoleInfo (RoleInfo.java:shutdownFollowerState(121)) - 3750b3a2-715b-46b3-9d0c-9e38136244b9: shutdown FollowerState
2019-10-20 18:18:35,788 [grpc-default-executor-7] INFO  impl.RoleInfo (RoleInfo.java:shutdownFollowerState(121)) - 6ef27e9c-8ddb-4fa1-8c14-ab102acfb1b8: shutdown FollowerState
2019-10-20 18:18:35,788 [grpc-default-executor-4] INFO  impl.RoleInfo (RoleInfo.java:updateAndGet(143)) - 3750b3a2-715b-46b3-9d0c-9e38136244b9: start FollowerState
2019-10-20 18:18:35,788 [Thread-1214] INFO  impl.FollowerState (FollowerState.java:run(117)) - 6ef27e9c-8ddb-4fa1-8c14-ab102acfb1b8@group-F11756C8BA4A-FollowerState was interrupted: java.lang.InterruptedException: sleep interrupted
2019-10-20 18:18:35,788 [grpc-default-executor-7] INFO  impl.RoleInfo (RoleInfo.java:updateAndGet(143)) - 6ef27e9c-8ddb-4fa1-8c14-ab102acfb1b8: start FollowerState
2019-10-20 18:18:35,788 [Thread-1215] INFO  impl.FollowerState (FollowerState.java:run(117)) - 3750b3a2-715b-46b3-9d0c-9e38136244b9@group-F11756C8BA4A-FollowerState was interrupted: java.lang.InterruptedException: sleep interrupted
2019-10-20 18:18:35,810 [399079f7-1eb1-4f37-b003-267572525934@group-D40A05E2FCF9-LeaderElection132] INFO  impl.LeaderElection (LeaderElection.java:askForVotes(178)) - 399079f7-1eb1-4f37-b003-267572525934@group-D40A05E2FCF9-LeaderElection132: begin an election at term 70 for -1: [399079f7-1eb1-4f37-b003-267572525934:192.168.164.241:37762, 7a43c46a-fc88-4b2d-b2da-ae029cfa60ff:192.168.164.241:43684, 6c5c38af-62e6-4ea7-a24a-078dcb28fb39:192.168.164.241:45428], old=null
2019-10-20 18:18:35,813 [grpc-default-executor-10] INFO  impl.RaftServerImpl (RaftServerImpl.java:setRole(184)) - 7a43c46a-fc88-4b2d-b2da-ae029cfa60ff@group-D40A05E2FCF9: changes role from  FOLLOWER to FOLLOWER at term 70 for recognizeCandidate:399079f7-1eb1-4f37-b003-267572525934
2019-10-20 18:18:35,813 [grpc-default-executor-10] INFO  impl.RoleInfo (RoleInfo.java:shutdownFollowerState(121)) - 7a43c46a-fc88-4b2d-b2da-ae029cfa60ff: shutdown FollowerState
2019-10-20 18:18:35,813 [grpc-default-executor-1] INFO  impl.RaftServerImpl (RaftServerImpl.java:setRole(184)) - 6c5c38af-62e6-4ea7-a24a-078dcb28fb39@group-D40A05E2FCF9: changes role from  FOLLOWER to FOLLOWER at term 70 for recognizeCandidate:399079f7-1eb1-4f37-b003-267572525934
2019-10-20 18:18:35,813 [grpc-default-executor-1] INFO  impl.RoleInfo (RoleInfo.java:shutdownFollowerState(121)) - 6c5c38af-62e6-4ea7-a24a-078dcb28fb39: shutdown FollowerState
2019-10-20 18:18:35,813 [Thread-1210] INFO  impl.FollowerState (FollowerState.java:run(117)) - 7a43c46a-fc88-4b2d-b2da-ae029cfa60ff@group-D40A05E2FCF9-FollowerState was interrupted: java.lang.InterruptedException: sleep interrupted
2019-10-20 18:18:35,813 [grpc-default-executor-10] INFO  impl.RoleInfo (RoleInfo.java:updateAndGet(143)) - 7a43c46a-fc88-4b2d-b2da-ae029cfa60ff: start FollowerState
2019-10-20 18:18:35,813 [Thread-1211] INFO  impl.FollowerState (FollowerState.java:run(117)) - 6c5c38af-62e6-4ea7-a24a-078dcb28fb39@group-D40A05E2FCF9-FollowerState was interrupted: java.lang.InterruptedException: sleep interrupted
2019-10-20 18:18:35,813 [grpc-default-executor-1] INFO  impl.RoleInfo (RoleInfo.java:updateAndGet(143)) - 6c5c38af-62e6-4ea7-a24a-078dcb28fb39: start FollowerState
2019-10-20 18:18:35,820 [b75f8b2e-6273-4c97-b7c5-042674931d23@group-F11756C8BA4A-LeaderElection131] INFO  impl.LeaderElection (LeaderElection.java:logAndReturn(56)) - b75f8b2e-6273-4c97-b7c5-042674931d23@group-F11756C8BA4A-LeaderElection131: Election REJECTED; received 2 response(s) [b75f8b2e-6273-4c97-b7c5-042674931d23<-6ef27e9c-8ddb-4fa1-8c14-ab102acfb1b8#0:FAIL-t64, b75f8b2e-6273-4c97-b7c5-042674931d23<-3750b3a2-715b-46b3-9d0c-9e38136244b9#0:FAIL-t64] and 0 exception(s); b75f8b2e-6273-4c97-b7c5-042674931d23@group-F11756C8BA4A:t64, leader=null, voted=b75f8b2e-6273-4c97-b7c5-042674931d23, raftlog=b75f8b2e-6273-4c97-b7c5-042674931d23@group-F11756C8BA4A-SegmentedRaftLog:OPENED:c-1,f-1,i0, conf=-1: [6ef27e9c-8ddb-4fa1-8c14-ab102acfb1b8:192.168.164.241:38092, b75f8b2e-6273-4c97-b7c5-042674931d23:192.168.164.241:41857, 3750b3a2-715b-46b3-9d0c-9e38136244b9:192.168.164.241:46227], old=null
2019-10-20 18:18:35,820 [b75f8b2e-6273-4c97-b7c5-042674931d23@group-F11756C8BA4A-LeaderElection131] INFO  impl.RaftServerImpl (RaftServerImpl.java:setRole(184)) - b75f8b2e-6273-4c97-b7c5-042674931d23@group-F11756C8BA4A: changes role from CANDIDATE to FOLLOWER at term 64 for DISCOVERED_A_NEW_TERM
2019-10-20 18:18:35,820 [b75f8b2e-6273-4c97-b7c5-042674931d23@group-F11756C8BA4A-LeaderElection131] INFO  impl.RoleInfo (RoleInfo.java:shutdownLeaderElection(134)) - b75f8b2e-6273-4c97-b7c5-042674931d23: shutdown LeaderElection
2019-10-20 18:18:35,820 [b75f8b2e-6273-4c97-b7c5-042674931d23@group-F11756C8BA4A-LeaderElection131] INFO  impl.RoleInfo (RoleInfo.java:updateAndGet(143)) - b75f8b2e-6273-4c97-b7c5-042674931d23: start FollowerState
2019-10-20 18:18:35,832 [399079f7-1eb1-4f37-b003-267572525934@group-D40A05E2FCF9-LeaderElection132] INFO  impl.LeaderElection (LeaderElection.java:logAndReturn(56)) - 399079f7-1eb1-4f37-b003-267572525934@group-D40A05E2FCF9-LeaderElection132: Election TIMEOUT; received 0 response(s) [] and 0 exception(s); 399079f7-1eb1-4f37-b003-267572525934@group-D40A05E2FCF9:t70, leader=null, voted=399079f7-1eb1-4f37-b003-267572525934, raftlog=399079f7-1eb1-4f37-b003-267572525934@group-D40A05E2FCF9-SegmentedRaftLog:OPENED:c-1,f-1,i0, conf=-1: [399079f7-1eb1-4f37-b003-267572525934:192.168.164.241:37762, 7a43c46a-fc88-4b2d-b2da-ae029cfa60ff:192.168.164.241:43684, 6c5c38af-62e6-4ea7-a24a-078dcb28fb39:192.168.164.241:45428], old=null
2019-10-20 18:18:35,861 [399079f7-1eb1-4f37-b003-267572525934@group-D40A05E2FCF9-LeaderElection132] INFO  impl.LeaderElection (LeaderElection.java:askForVotes(178)) - 399079f7-1eb1-4f37-b003-267572525934@group-D40A05E2FCF9-LeaderElection132: begin an election at term 71 for -1: [399079f7-1eb1-4f37-b003-267572525934:192.168.164.241:37762, 7a43c46a-fc88-4b2d-b2da-ae029cfa60ff:192.168.164.241:43684, 6c5c38af-62e6-4ea7-a24a-078dcb28fb39:192.168.164.241:45428], old=null
2019-10-20 18:18:35,864 [grpc-default-executor-1] INFO  impl.RaftServerImpl (RaftServerImpl.java:setRole(184)) - 7a43c46a-fc88-4b2d-b2da-ae029cfa60ff@group-D40A05E2FCF9: changes role from  FOLLOWER to FOLLOWER at term 71 for recognizeCandidate:399079f7-1eb1-4f37-b003-267572525934
2019-10-20 18:18:35,864 [grpc-default-executor-10] INFO  impl.RaftServerImpl (RaftServerImpl.java:setRole(184)) - 6c5c38af-62e6-4ea7-a24a-078dcb28fb39@group-D40A05E2FCF9: changes role from  FOLLOWER to FOLLOWER at term 71 for recognizeCandidate:399079f7-1eb1-4f37-b003-267572525934
2019-10-20 18:18:35,864 [grpc-default-executor-10] INFO  impl.RoleInfo (RoleInfo.java:shutdownFollowerState(121)) - 6c5c38af-62e6-4ea7-a24a-078dcb28fb39: shutdown FollowerState
2019-10-20 18:18:35,864 [grpc-default-executor-1] INFO  impl.RoleInfo (RoleInfo.java:shutdownFollowerState(121)) - 7a43c46a-fc88-4b2d-b2da-ae029cfa60ff: shutdown FollowerState
2019-10-20 18:18:35,865 [Thread-1229] INFO  impl.FollowerState (FollowerState.java:run(117)) - 6c5c38af-62e6-4ea7-a24a-078dcb28fb39@group-D40A05E2FCF9-FollowerState was interrupted: java.lang.InterruptedException: sleep interrupted
2019-10-20 18:18:35,865 [Thread-1228] INFO  impl.FollowerState (FollowerState.java:run(117)) - 7a43c46a-fc88-4b2d-b2da-ae029cfa60ff@group-D40A05E2FCF9-FollowerState was interrupted: java.lang.InterruptedException: sleep interrupted
2019-10-20 18:18:35,864 [grpc-default-executor-10] INFO  impl.RoleInfo (RoleInfo.java:updateAndGet(143)) - 6c5c38af-62e6-4ea7-a24a-078dcb28fb39: start FollowerState
2019-10-20 18:18:35,865 [grpc-default-executor-1] INFO  impl.RoleInfo (RoleInfo.java:updateAndGet(143)) - 7a43c46a-fc88-4b2d-b2da-ae029cfa60ff: start FollowerState
2019-10-20 18:18:35,888 [399079f7-1eb1-4f37-b003-267572525934@group-D40A05E2FCF9-LeaderElection132] INFO  impl.LeaderElection (LeaderElection.java:logAndReturn(56)) - 399079f7-1eb1-4f37-b003-267572525934@group-D40A05E2FCF9-LeaderElection132: Election REJECTED; received 2 response(s) [399079f7-1eb1-4f37-b003-267572525934<-7a43c46a-fc88-4b2d-b2da-ae029cfa60ff#0:FAIL-t71, 399079f7-1eb1-4f37-b003-267572525934<-6c5c38af-62e6-4ea7-a24a-078dcb28fb39#0:FAIL-t71] and 0 exception(s); 399079f7-1eb1-4f37-b003-267572525934@group-D40A05E2FCF9:t71, leader=null, voted=399079f7-1eb1-4f37-b003-267572525934, raftlog=399079f7-1eb1-4f37-b003-267572525934@group-D40A05E2FCF9-SegmentedRaftLog:OPENED:c-1,f-1,i0, conf=-1: [399079f7-1eb1-4f37-b003-267572525934:192.168.164.241:37762, 7a43c46a-fc88-4b2d-b2da-ae029cfa60ff:192.168.164.241:43684, 6c5c38af-62e6-4ea7-a24a-078dcb28fb39:192.168.164.241:45428], old=null
2019-10-20 18:18:35,888 [399079f7-1eb1-4f37-b003-267572525934@group-D40A05E2FCF9-LeaderElection132] INFO  impl.RaftServerImpl (RaftServerImpl.java:setRole(184)) - 399079f7-1eb1-4f37-b003-267572525934@group-D40A05E2FCF9: changes role from CANDIDATE to FOLLOWER at term 71 for DISCOVERED_A_NEW_TERM
2019-10-20 18:18:35,888 [399079f7-1eb1-4f37-b003-267572525934@group-D40A05E2FCF9-LeaderElection132] INFO  impl.RoleInfo (RoleInfo.java:shutdownLeaderElection(134)) - 399079f7-1eb1-4f37-b003-267572525934: shutdown LeaderElection
2019-10-20 18:18:35,888 [399079f7-1eb1-4f37-b003-267572525934@group-D40A05E2FCF9-LeaderElection132] INFO  impl.RoleInfo (RoleInfo.java:updateAndGet(143)) - 399079f7-1eb1-4f37-b003-267572525934: start FollowerState
2019-10-20 18:18:35,921 [Thread-1235] INFO  impl.FollowerState (FollowerState.java:run(108)) - 399079f7-1eb1-4f37-b003-267572525934@group-D40A05E2FCF9-FollowerState: change to CANDIDATE, lastRpcTime:32ms, electionTimeout:32ms
2019-10-20 18:18:35,921 [Thread-1235] INFO  impl.RoleInfo (RoleInfo.java:shutdownFollowerState(121)) - 399079f7-1eb1-4f37-b003-267572525934: shutdown FollowerState
2019-10-20 18:18:35,921 [Thread-1235] INFO  impl.RaftServerImpl (RaftServerImpl.java:setRole(184)) - 399079f7-1eb1-4f37-b003-267572525934@group-D40A05E2FCF9: changes role from  FOLLOWER to CANDIDATE at term 71 for changeToCandidate
2019-10-20 18:18:35,921 [Thread-1235] INFO  impl.RoleInfo (RoleInfo.java:updateAndGet(143)) - 399079f7-1eb1-4f37-b003-267572525934: start LeaderElection
2019-10-20 18:18:35,926 [Thread-1230] INFO  impl.FollowerState (FollowerState.java:run(108)) - b75f8b2e-6273-4c97-b7c5-042674931d23@group-F11756C8BA4A-FollowerState: change to CANDIDATE, lastRpcTime:105ms, electionTimeout:105ms
2019-10-20 18:18:35,926 [Thread-1230] INFO  impl.RoleInfo (RoleInfo.java:shutdownFollowerState(121)) - b75f8b2e-6273-4c97-b7c5-042674931d23: shutdown FollowerState
2019-10-20 18:18:35,926 [Thread-1230] INFO  impl.RaftServerImpl (RaftServerImpl.java:setRole(184)) - b75f8b2e-6273-4c97-b7c5-042674931d23@group-F11756C8BA4A: changes role from  FOLLOWER to CANDIDATE at term 64 for changeToCandidate
2019-10-20 18:18:35,926 [Thread-1230] INFO  impl.RoleInfo (RoleInfo.java:updateAndGet(143)) - b75f8b2e-6273-4c97-b7c5-042674931d23: start LeaderElection
2019-10-20 18:18:35,971 [399079f7-1eb1-4f37-b003-267572525934@group-D40A05E2FCF9-LeaderElection133] INFO  impl.LeaderElection (LeaderElection.java:askForVotes(178)) - 399079f7-1eb1-4f37-b003-267572525934@group-D40A05E2FCF9-LeaderElection133: begin an election at term 72 for -1: [399079f7-1eb1-4f37-b003-267572525934:192.168.164.241:37762, 7a43c46a-fc88-4b2d-b2da-ae029cfa60ff:192.168.164.241:43684, 6c5c38af-62e6-4ea7-a24a-078dcb28fb39:192.168.164.241:45428], old=null
2019-10-20 18:18:35,971 [b75f8b2e-6273-4c97-b7c5-042674931d23@group-F11756C8BA4A-LeaderElection134] INFO  impl.LeaderElection (LeaderElection.java:askForVotes(178)) - b75f8b2e-6273-4c97-b7c5-042674931d23@group-F11756C8BA4A-LeaderElection134: begin an election at term 65 for -1: [6ef27e9c-8ddb-4fa1-8c14-ab102acfb1b8:192.168.164.241:38092, b75f8b2e-6273-4c97-b7c5-042674931d23:192.168.164.241:41857, 3750b3a2-715b-46b3-9d0c-9e38136244b9:192.168.164.241:46227], old=null
2019-10-20 18:18:35,973 [grpc-default-executor-10] INFO  impl.RaftServerImpl (RaftServerImpl.java:setRole(184)) - 6ef27e9c-8ddb-4fa1-8c14-ab102acfb1b8@group-F11756C8BA4A: changes role from  FOLLOWER to FOLLOWER at term 65 for recognizeCandidate:b75f8b2e-6273-4c97-b7c5-042674931d23
2019-10-20 18:18:35,974 [grpc-default-executor-1] INFO  impl.RaftServerImpl (RaftServerImpl.java:setRole(184)) - 3750b3a2-715b-46b3-9d0c-9e38136244b9@group-F11756C8BA4A: changes role from  FOLLOWER to FOLLOWER at term 65 for recognizeCandidate:b75f8b2e-6273-4c97-b7c5-042674931d23
2019-10-20 18:18:35,974 [grpc-default-executor-7] INFO  impl.RaftServerImpl (RaftServerImpl.java:setRole(184)) - 7a43c46a-fc88-4b2d-b2da-ae029cfa60ff@group-D40A05E2FCF9: changes role from  FOLLOWER to FOLLOWER at term 72 for recognizeCandidate:399079f7-1eb1-4f37-b003-267572525934
2019-10-20 18:18:35,974 [grpc-default-executor-4] INFO  impl.RaftServerImpl (RaftServerImpl.java:setRole(184)) - 6c5c38af-62e6-4ea7-a24a-078dcb28fb39@group-D40A05E2FCF9: changes role from  FOLLOWER to FOLLOWER at term 72 for recognizeCandidate:399079f7-1eb1-4f37-b003-267572525934
2019-10-20 18:18:35,974 [grpc-default-executor-4] INFO  impl.RoleInfo (RoleInfo.java:shutdownFollowerState(121)) - 6c5c38af-62e6-4ea7-a24a-078dcb28fb39: shutdown FollowerState
2019-10-20 18:18:35,974 [grpc-default-executor-1] INFO  impl.RoleInfo (RoleInfo.java:shutdownFollowerState(121)) - 3750b3a2-715b-46b3-9d0c-9e38136244b9: shutdown FollowerState
2019-10-20 18:18:35,974 [grpc-default-executor-10] INFO  impl.RoleInfo (RoleInfo.java:shutdownFollowerState(121)) - 6ef27e9c-8ddb-4fa1-8c14-ab102acfb1b8: shutdown FollowerState
2019-10-20 18:18:35,975 [Thread-1224] INFO  impl.FollowerState (FollowerState.java:run(117)) - 3750b3a2-715b-46b3-9d0c-9e38136244b9@group-F11756C8BA4A-FollowerState was interrupted: java.lang.InterruptedException: sleep interrupted
2019-10-20 18:18:35,975 [grpc-default-executor-1] INFO  impl.RoleInfo (RoleInfo.java:updateAndGet(143)) - 3750b3a2-715b-46b3-9d0c-9e38136244b9: start FollowerState
2019-10-20 18:18:35,974 [Thread-1233] INFO  impl.FollowerState (FollowerState.java:run(117)) - 6c5c38af-62e6-4ea7-a24a-078dcb28fb39@group-D40A05E2FCF9-FollowerState was interrupted: java.lang.InterruptedException: sleep interrupted
2019-10-20 18:18:35,974 [grpc-default-executor-4] INFO  impl.RoleInfo (RoleInfo.java:updateAndGet(143)) - 6c5c38af-62e6-4ea7-a24a-078dcb28fb39: start FollowerState
2019-10-20 18:18:35,974 [grpc-default-executor-7] INFO  impl.RoleInfo (RoleInfo.java:shutdownFollowerState(121)) - 7a43c46a-fc88-4b2d-b2da-ae029cfa60ff: shutdown FollowerState
2019-10-20 18:18:35,975 [Thread-1225] INFO  impl.FollowerState (FollowerState.java:run(117)) - 6ef27e9c-8ddb-4fa1-8c14-ab102acfb1b8@group-F11756C8BA4A-FollowerState was interrupted: java.lang.InterruptedException: sleep interrupted
2019-10-20 18:18:35,975 [grpc-default-executor-10] INFO  impl.RoleInfo (RoleInfo.java:updateAndGet(143)) - 6ef27e9c-8ddb-4fa1-8c14-ab102acfb1b8: start FollowerState
2019-10-20 18:18:35,976 [Thread-1234] INFO  impl.FollowerState (FollowerState.java:run(117)) - 7a43c46a-fc88-4b2d-b2da-ae029cfa60ff@group-D40A05E2FCF9-FollowerState was interrupted: java.lang.InterruptedException: sleep interrupted
2019-10-20 18:18:35,976 [grpc-default-executor-7] INFO  impl.RoleInfo (RoleInfo.java:updateAndGet(143)) - 7a43c46a-fc88-4b2d-b2da-ae029cfa60ff: start FollowerState
2019-10-20 18:18:36,008 [399079f7-1eb1-4f37-b003-267572525934@group-D40A05E2FCF9-LeaderElection133] INFO  impl.LeaderElection (LeaderElection.java:logAndReturn(56)) - 399079f7-1eb1-4f37-b003-267572525934@group-D40A05E2FCF9-LeaderElection133: Election REJECTED; received 2 response(s) [399079f7-1eb1-4f37-b003-267572525934<-7a43c46a-fc88-4b2d-b2da-ae029cfa60ff#0:FAIL-t72, 399079f7-1eb1-4f37-b003-267572525934<-6c5c38af-62e6-4ea7-a24a-078dcb28fb39#0:FAIL-t72] and 0 exception(s); 399079f7-1eb1-4f37-b003-267572525934@group-D40A05E2FCF9:t72, leader=null, voted=399079f7-1eb1-4f37-b003-267572525934, raftlog=399079f7-1eb1-4f37-b003-267572525934@group-D40A05E2FCF9-SegmentedRaftLog:OPENED:c-1,f-1,i0, conf=-1: [399079f7-1eb1-4f37-b003-267572525934:192.168.164.241:37762, 7a43c46a-fc88-4b2d-b2da-ae029cfa60ff:192.168.164.241:43684, 6c5c38af-62e6-4ea7-a24a-078dcb28fb39:192.168.164.241:45428], old=null
2019-10-20 18:18:36,008 [399079f7-1eb1-4f37-b003-267572525934@group-D40A05E2FCF9-LeaderElection133] INFO  impl.RaftServerImpl (RaftServerImpl.java:setRole(184)) - 399079f7-1eb1-4f37-b003-267572525934@group-D40A05E2FCF9: changes role from CANDIDATE to FOLLOWER at term 72 for DISCOVERED_A_NEW_TERM
2019-10-20 18:18:36,008 [b75f8b2e-6273-4c97-b7c5-042674931d23@group-F11756C8BA4A-LeaderElection134] INFO  impl.LeaderElection (LeaderElection.java:logAndReturn(56)) - b75f8b2e-6273-4c97-b7c5-042674931d23@group-F11756C8BA4A-LeaderElection134: Election REJECTED; received 2 response(s) [b75f8b2e-6273-4c97-b7c5-042674931d23<-6ef27e9c-8ddb-4fa1-8c14-ab102acfb1b8#0:FAIL-t65, b75f8b2e-6273-4c97-b7c5-042674931d23<-3750b3a2-715b-46b3-9d0c-9e38136244b9#0:FAIL-t65] and 0 exception(s); b75f8b2e-6273-4c97-b7c5-042674931d23@group-F11756C8BA4A:t65, leader=null, voted=b75f8b2e-6273-4c97-b7c5-042674931d23, raftlog=b75f8b2e-6273-4c97-b7c5-042674931d23@group-F11756C8BA4A-SegmentedRaftLog:OPENED:c-1,f-1,i0, conf=-1: [6ef27e9c-8ddb-4fa1-8c14-ab102acfb1b8:192.168.164.241:38092, b75f8b2e-6273-4c97-b7c5-042674931d23:192.168.164.241:41857, 3750b3a2-715b-46b3-9d0c-9e38136244b9:192.168.164.241:46227], old=null
2019-10-20 18:18:36,008 [399079f7-1eb1-4f37-b003-267572525934@group-D40A05E2FCF9-LeaderElection133] INFO  impl.RoleInfo (RoleInfo.java:shutdownLeaderElection(134)) - 399079f7-1eb1-4f37-b003-267572525934: shutdown LeaderElection
2019-10-20 18:18:36,008 [b75f8b2e-6273-4c97-b7c5-042674931d23@group-F11756C8BA4A-LeaderElection134] INFO  impl.RaftServerImpl (RaftServerImpl.java:setRole(184)) - b75f8b2e-6273-4c97-b7c5-042674931d23@group-F11756C8BA4A: changes role from CANDIDATE to FOLLOWER at term 65 for DISCOVERED_A_NEW_TERM
2019-10-20 18:18:36,008 [399079f7-1eb1-4f37-b003-267572525934@group-D40A05E2FCF9-LeaderElection133] INFO  impl.RoleInfo (RoleInfo.java:updateAndGet(143)) - 399079f7-1eb1-4f37-b003-267572525934: start FollowerState
2019-10-20 18:18:36,009 [b75f8b2e-6273-4c97-b7c5-042674931d23@group-F11756C8BA4A-LeaderElection134] INFO  impl.RoleInfo (RoleInfo.java:shutdownLeaderElection(134)) - b75f8b2e-6273-4c97-b7c5-042674931d23: shutdown LeaderElection
2019-10-20 18:18:36,009 [b75f8b2e-6273-4c97-b7c5-042674931d23@group-F11756C8BA4A-LeaderElection134] INFO  impl.RoleInfo (RoleInfo.java:updateAndGet(143)) - b75f8b2e-6273-4c97-b7c5-042674931d23: start FollowerState
2019-10-20 18:18:36,021 [Thread-1247] INFO  impl.FollowerState (FollowerState.java:run(108)) - b75f8b2e-6273-4c97-b7c5-042674931d23@group-F11756C8BA4A-FollowerState: change to CANDIDATE, lastRpcTime:12ms, electionTimeout:12ms
2019-10-20 18:18:36,021 [Thread-1247] INFO  impl.RoleInfo (RoleInfo.java:shutdownFollowerState(121)) - b75f8b2e-6273-4c97-b7c5-042674931d23: shutdown FollowerState
2019-10-20 18:18:36,022 [Thread-1247] INFO  impl.RaftServerImpl (RaftServerImpl.java:setRole(184)) - b75f8b2e-6273-4c97-b7c5-042674931d23@group-F11756C8BA4A: changes role from  FOLLOWER to CANDIDATE at term 65 for changeToCandidate
2019-10-20 18:18:36,022 [Thread-1247] INFO  impl.RoleInfo (RoleInfo.java:updateAndGet(143)) - b75f8b2e-6273-4c97-b7c5-042674931d23: start LeaderElection
2019-10-20 18:18:36,040 [b75f8b2e-6273-4c97-b7c5-042674931d23@group-F11756C8BA4A-LeaderElection135] INFO  impl.LeaderElection (LeaderElection.java:askForVotes(178)) - b75f8b2e-6273-4c97-b7c5-042674931d23@group-F11756C8BA4A-LeaderElection135: begin an election at term 66 for -1: [6ef27e9c-8ddb-4fa1-8c14-ab102acfb1b8:192.168.164.241:38092, b75f8b2e-6273-4c97-b7c5-042674931d23:192.168.164.241:41857, 3750b3a2-715b-46b3-9d0c-9e38136244b9:192.168.164.241:46227], old=null
2019-10-20 18:18:36,043 [grpc-default-executor-4] INFO  impl.RaftServerImpl (RaftServerImpl.java:setRole(184)) - 6ef27e9c-8ddb-4fa1-8c14-ab102acfb1b8@group-F11756C8BA4A: changes role from  FOLLOWER to FOLLOWER at term 66 for recognizeCandidate:b75f8b2e-6273-4c97-b7c5-042674931d23
2019-10-20 18:18:36,043 [grpc-default-executor-1] INFO  impl.RaftServerImpl (RaftServerImpl.java:setRole(184)) - 3750b3a2-715b-46b3-9d0c-9e38136244b9@group-F11756C8BA4A: changes role from  FOLLOWER to FOLLOWER at term 66 for recognizeCandidate:b75f8b2e-6273-4c97-b7c5-042674931d23
2019-10-20 18:18:36,043 [grpc-default-executor-4] INFO  impl.RoleInfo (RoleInfo.java:shutdownFollowerState(121)) - 6ef27e9c-8ddb-4fa1-8c14-ab102acfb1b8: shutdown FollowerState
2019-10-20 18:18:36,044 [grpc-default-executor-1] INFO  impl.RoleInfo (RoleInfo.java:shutdownFollowerState(121)) - 3750b3a2-715b-46b3-9d0c-9e38136244b9: shutdown FollowerState
2019-10-20 18:18:36,044 [Thread-1244] INFO  impl.FollowerState (FollowerState.java:run(117)) - 6ef27e9c-8ddb-4fa1-8c14-ab102acfb1b8@group-F11756C8BA4A-FollowerState was interrupted: java.lang.InterruptedException: sleep interrupted
2019-10-20 18:18:36,044 [grpc-default-executor-4] INFO  impl.RoleInfo (RoleInfo.java:updateAndGet(143)) - 6ef27e9c-8ddb-4fa1-8c14-ab102acfb1b8: start FollowerState
2019-10-20 18:18:36,044 [Thread-1243] INFO  impl.FollowerState (FollowerState.java:run(117)) - 3750b3a2-715b-46b3-9d0c-9e38136244b9@group-F11756C8BA4A-FollowerState was interrupted: java.lang.InterruptedException: sleep interrupted
2019-10-20 18:18:36,044 [grpc-default-executor-1] INFO  impl.RoleInfo (RoleInfo.java:updateAndGet(143)) - 3750b3a2-715b-46b3-9d0c-9e38136244b9: start FollowerState
2019-10-20 18:18:36,068 [b75f8b2e-6273-4c97-b7c5-042674931d23@group-F11756C8BA4A-LeaderElection135] INFO  impl.LeaderElection (LeaderElection.java:logAndReturn(56)) - b75f8b2e-6273-4c97-b7c5-042674931d23@group-F11756C8BA4A-LeaderElection135: Election REJECTED; received 2 response(s) [b75f8b2e-6273-4c97-b7c5-042674931d23<-6ef27e9c-8ddb-4fa1-8c14-ab102acfb1b8#0:FAIL-t66, b75f8b2e-6273-4c97-b7c5-042674931d23<-3750b3a2-715b-46b3-9d0c-9e38136244b9#0:FAIL-t66] and 0 exception(s); b75f8b2e-6273-4c97-b7c5-042674931d23@group-F11756C8BA4A:t66, leader=null, voted=b75f8b2e-6273-4c97-b7c5-042674931d23, raftlog=b75f8b2e-6273-4c97-b7c5-042674931d23@group-F11756C8BA4A-SegmentedRaftLog:OPENED:c-1,f-1,i0, conf=-1: [6ef27e9c-8ddb-4fa1-8c14-ab102acfb1b8:192.168.164.241:38092, b75f8b2e-6273-4c97-b7c5-042674931d23:192.168.164.241:41857, 3750b3a2-715b-46b3-9d0c-9e38136244b9:192.168.164.241:46227], old=null
2019-10-20 18:18:36,068 [b75f8b2e-6273-4c97-b7c5-042674931d23@group-F11756C8BA4A-LeaderElection135] INFO  impl.RaftServerImpl (RaftServerImpl.java:setRole(184)) - b75f8b2e-6273-4c97-b7c5-042674931d23@group-F11756C8BA4A: changes role from CANDIDATE to FOLLOWER at term 66 for DISCOVERED_A_NEW_TERM
2019-10-20 18:18:36,068 [b75f8b2e-6273-4c97-b7c5-042674931d23@group-F11756C8BA4A-LeaderElection135] INFO  impl.RoleInfo (RoleInfo.java:shutdownLeaderElection(134)) - b75f8b2e-6273-4c97-b7c5-042674931d23: shutdown LeaderElection
2019-10-20 18:18:36,069 [b75f8b2e-6273-4c97-b7c5-042674931d23@group-F11756C8BA4A-LeaderElection135] INFO  impl.RoleInfo (RoleInfo.java:updateAndGet(143)) - b75f8b2e-6273-4c97-b7c5-042674931d23: start FollowerState
2019-10-20 18:18:36,079 [Thread-1253] INFO  impl.FollowerState (FollowerState.java:run(108)) - b75f8b2e-6273-4c97-b7c5-042674931d23@group-F11756C8BA4A-FollowerState: change to CANDIDATE, lastRpcTime:10ms, electionTimeout:10ms
2019-10-20 18:18:36,080 [Thread-1253] INFO  impl.RoleInfo (RoleInfo.java:shutdownFollowerState(121)) - b75f8b2e-6273-4c97-b7c5-042674931d23: shutdown FollowerState
2019-10-20 18:18:36,080 [Thread-1253] INFO  impl.RaftServerImpl (RaftServerImpl.java:setRole(184)) - b75f8b2e-6273-4c97-b7c5-042674931d23@group-F11756C8BA4A: changes role from  FOLLOWER to CANDIDATE at term 66 for changeToCandidate
2019-10-20 18:18:36,080 [Thread-1253] INFO  impl.RoleInfo (RoleInfo.java:updateAndGet(143)) - b75f8b2e-6273-4c97-b7c5-042674931d23: start LeaderElection
2019-10-20 18:18:36,108 [b75f8b2e-6273-4c97-b7c5-042674931d23@group-F11756C8BA4A-LeaderElection136] INFO  impl.LeaderElection (LeaderElection.java:askForVotes(178)) - b75f8b2e-6273-4c97-b7c5-042674931d23@group-F11756C8BA4A-LeaderElection136: begin an election at term 67 for -1: [6ef27e9c-8ddb-4fa1-8c14-ab102acfb1b8:192.168.164.241:38092, b75f8b2e-6273-4c97-b7c5-042674931d23:192.168.164.241:41857, 3750b3a2-715b-46b3-9d0c-9e38136244b9:192.168.164.241:46227], old=null
2019-10-20 18:18:36,111 [grpc-default-executor-1] INFO  impl.RaftServerImpl (RaftServerImpl.java:setRole(184)) - 3750b3a2-715b-46b3-9d0c-9e38136244b9@group-F11756C8BA4A: changes role from  FOLLOWER to FOLLOWER at term 67 for recognizeCandidate:b75f8b2e-6273-4c97-b7c5-042674931d23
2019-10-20 18:18:36,111 [grpc-default-executor-1] INFO  impl.RoleInfo (RoleInfo.java:shutdownFollowerState(121)) - 3750b3a2-715b-46b3-9d0c-9e38136244b9: shutdown FollowerState
2019-10-20 18:18:36,111 [grpc-default-executor-4] INFO  impl.RaftServerImpl (RaftServerImpl.java:setRole(184)) - 6ef27e9c-8ddb-4fa1-8c14-ab102acfb1b8@group-F11756C8BA4A: changes role from  FOLLOWER to FOLLOWER at term 67 for recognizeCandidate:b75f8b2e-6273-4c97-b7c5-042674931d23
2019-10-20 18:18:36,111 [Thread-1252] INFO  impl.FollowerState (FollowerState.java:run(117)) - 3750b3a2-715b-46b3-9d0c-9e38136244b9@group-F11756C8BA4A-FollowerState was interrupted: java.lang.InterruptedException: sleep interrupted
2019-10-20 18:18:36,111 [grpc-default-executor-1] INFO  impl.RoleInfo (RoleInfo.java:updateAndGet(143)) - 3750b3a2-715b-46b3-9d0c-9e38136244b9: start FollowerState
2019-10-20 18:18:36,111 [grpc-default-executor-4] INFO  impl.RoleInfo (RoleInfo.java:shutdownFollowerState(121)) - 6ef27e9c-8ddb-4fa1-8c14-ab102acfb1b8: shutdown FollowerState
2019-10-20 18:18:36,112 [grpc-default-executor-4] INFO  impl.RoleInfo (RoleInfo.java:updateAndGet(143)) - 6ef27e9c-8ddb-4fa1-8c14-ab102acfb1b8: start FollowerState
2019-10-20 18:18:36,112 [Thread-1251] INFO  impl.FollowerState (FollowerState.java:run(117)) - 6ef27e9c-8ddb-4fa1-8c14-ab102acfb1b8@group-F11756C8BA4A-FollowerState was interrupted: java.lang.InterruptedException: sleep interrupted
2019-10-20 18:18:36,135 [b75f8b2e-6273-4c97-b7c5-042674931d23@group-F11756C8BA4A-LeaderElection136] INFO  impl.LeaderElection (LeaderElection.java:logAndReturn(56)) - b75f8b2e-6273-4c97-b7c5-042674931d23@group-F11756C8BA4A-LeaderElection136: Election REJECTED; received 2 response(s) [b75f8b2e-6273-4c97-b7c5-042674931d23<-6ef27e9c-8ddb-4fa1-8c14-ab102acfb1b8#0:FAIL-t67, b75f8b2e-6273-4c97-b7c5-042674931d23<-3750b3a2-715b-46b3-9d0c-9e38136244b9#0:FAIL-t67] and 0 exception(s); b75f8b2e-6273-4c97-b7c5-042674931d23@group-F11756C8BA4A:t67, leader=null, voted=b75f8b2e-6273-4c97-b7c5-042674931d23, raftlog=b75f8b2e-6273-4c97-b7c5-042674931d23@group-F11756C8BA4A-SegmentedRaftLog:OPENED:c-1,f-1,i0, conf=-1: [6ef27e9c-8ddb-4fa1-8c14-ab102acfb1b8:192.168.164.241:38092, b75f8b2e-6273-4c97-b7c5-042674931d23:192.168.164.241:41857, 3750b3a2-715b-46b3-9d0c-9e38136244b9:192.168.164.241:46227], old=null
2019-10-20 18:18:36,135 [b75f8b2e-6273-4c97-b7c5-042674931d23@group-F11756C8BA4A-LeaderElection136] INFO  impl.RaftServerImpl (RaftServerImpl.java:setRole(184)) - b75f8b2e-6273-4c97-b7c5-042674931d23@group-F11756C8BA4A: changes role from CANDIDATE to FOLLOWER at term 67 for DISCOVERED_A_NEW_TERM
2019-10-20 18:18:36,135 [b75f8b2e-6273-4c97-b7c5-042674931d23@group-F11756C8BA4A-LeaderElection136] INFO  impl.RoleInfo (RoleInfo.java:shutdownLeaderElection(134)) - b75f8b2e-6273-4c97-b7c5-042674931d23: shutdown LeaderElection
2019-10-20 18:18:36,136 [b75f8b2e-6273-4c97-b7c5-042674931d23@group-F11756C8BA4A-LeaderElection136] INFO  impl.RoleInfo (RoleInfo.java:updateAndGet(143)) - b75f8b2e-6273-4c97-b7c5-042674931d23: start FollowerState
2019-10-20 18:18:36,184 [Thread-1246] INFO  impl.FollowerState (FollowerState.java:run(108)) - 399079f7-1eb1-4f37-b003-267572525934@group-D40A05E2FCF9-FollowerState: change to CANDIDATE, lastRpcTime:175ms, electionTimeout:175ms
2019-10-20 18:18:36,184 [Thread-1246] INFO  impl.RoleInfo (RoleInfo.java:shutdownFollowerState(121)) - 399079f7-1eb1-4f37-b003-267572525934: shutdown FollowerState
2019-10-20 18:18:36,184 [Thread-1246] INFO  impl.RaftServerImpl (RaftServerImpl.java:setRole(184)) - 399079f7-1eb1-4f37-b003-267572525934@group-D40A05E2FCF9: changes role from  FOLLOWER to CANDIDATE at term 72 for changeToCandidate
2019-10-20 18:18:36,184 [Thread-1246] INFO  impl.RoleInfo (RoleInfo.java:updateAndGet(143)) - 399079f7-1eb1-4f37-b003-267572525934: start LeaderElection
2019-10-20 18:18:36,202 [399079f7-1eb1-4f37-b003-267572525934@group-D40A05E2FCF9-LeaderElection137] INFO  impl.LeaderElection (LeaderElection.java:askForVotes(178)) - 399079f7-1eb1-4f37-b003-267572525934@group-D40A05E2FCF9-LeaderElection137: begin an election at term 73 for -1: [399079f7-1eb1-4f37-b003-267572525934:192.168.164.241:37762, 7a43c46a-fc88-4b2d-b2da-ae029cfa60ff:192.168.164.241:43684, 6c5c38af-62e6-4ea7-a24a-078dcb28fb39:192.168.164.241:45428], old=null
2019-10-20 18:18:36,204 [grpc-default-executor-4] INFO  impl.RaftServerImpl (RaftServerImpl.java:setRole(184)) - 6c5c38af-62e6-4ea7-a24a-078dcb28fb39@group-D40A05E2FCF9: changes role from  FOLLOWER to FOLLOWER at term 73 for recognizeCandidate:399079f7-1eb1-4f37-b003-267572525934
2019-10-20 18:18:36,204 [grpc-default-executor-4] INFO  impl.RoleInfo (RoleInfo.java:shutdownFollowerState(121)) - 6c5c38af-62e6-4ea7-a24a-078dcb28fb39: shutdown FollowerState
2019-10-20 18:18:36,204 [grpc-default-executor-1] INFO  impl.RaftServerImpl (RaftServerImpl.java:setRole(184)) - 7a43c46a-fc88-4b2d-b2da-ae029cfa60ff@group-D40A05E2FCF9: changes role from  FOLLOWER to FOLLOWER at term 73 for recognizeCandidate:399079f7-1eb1-4f37-b003-267572525934
2019-10-20 18:18:36,204 [Thread-1242] INFO  impl.FollowerState (FollowerState.java:run(117)) - 6c5c38af-62e6-4ea7-a24a-078dcb28fb39@group-D40A05E2FCF9-FollowerState was interrupted: java.lang.InterruptedException: sleep interrupted
2019-10-20 18:18:36,204 [grpc-default-executor-4] INFO  impl.RoleInfo (RoleInfo.java:updateAndGet(143)) - 6c5c38af-62e6-4ea7-a24a-078dcb28fb39: start FollowerState
2019-10-20 18:18:36,204 [grpc-default-executor-1] INFO  impl.RoleInfo (RoleInfo.java:shutdownFollowerState(121)) - 7a43c46a-fc88-4b2d-b2da-ae029cfa60ff: shutdown FollowerState
2019-10-20 18:18:36,205 [grpc-default-executor-1] INFO  impl.RoleInfo (RoleInfo.java:updateAndGet(143)) - 7a43c46a-fc88-4b2d-b2da-ae029cfa60ff: start FollowerState
2019-10-20 18:18:36,205 [Thread-1245] INFO  impl.FollowerState (FollowerState.java:run(117)) - 7a43c46a-fc88-4b2d-b2da-ae029cfa60ff@group-D40A05E2FCF9-FollowerState was interrupted: java.lang.InterruptedException: sleep interrupted
2019-10-20 18:18:36,228 [399079f7-1eb1-4f37-b003-267572525934@group-D40A05E2FCF9-LeaderElection137] INFO  impl.LeaderElection (LeaderElection.java:logAndReturn(56)) - 399079f7-1eb1-4f37-b003-267572525934@group-D40A05E2FCF9-LeaderElection137: Election REJECTED; received 2 response(s) [399079f7-1eb1-4f37-b003-267572525934<-7a43c46a-fc88-4b2d-b2da-ae029cfa60ff#0:FAIL-t73, 399079f7-1eb1-4f37-b003-267572525934<-6c5c38af-62e6-4ea7-a24a-078dcb28fb39#0:FAIL-t73] and 0 exception(s); 399079f7-1eb1-4f37-b003-267572525934@group-D40A05E2FCF9:t73, leader=null, voted=399079f7-1eb1-4f37-b003-267572525934, raftlog=399079f7-1eb1-4f37-b003-267572525934@group-D40A05E2FCF9-SegmentedRaftLog:OPENED:c-1,f-1,i0, conf=-1: [399079f7-1eb1-4f37-b003-267572525934:192.168.164.241:37762, 7a43c46a-fc88-4b2d-b2da-ae029cfa60ff:192.168.164.241:43684, 6c5c38af-62e6-4ea7-a24a-078dcb28fb39:192.168.164.241:45428], old=null
2019-10-20 18:18:36,228 [399079f7-1eb1-4f37-b003-267572525934@group-D40A05E2FCF9-LeaderElection137] INFO  impl.RaftServerImpl (RaftServerImpl.java:setRole(184)) - 399079f7-1eb1-4f37-b003-267572525934@group-D40A05E2FCF9: changes role from CANDIDATE to FOLLOWER at term 73 for DISCOVERED_A_NEW_TERM
2019-10-20 18:18:36,229 [399079f7-1eb1-4f37-b003-267572525934@group-D40A05E2FCF9-LeaderElection137] INFO  impl.RoleInfo (RoleInfo.java:shutdownLeaderElection(134)) - 399079f7-1eb1-4f37-b003-267572525934: shutdown LeaderElection
2019-10-20 18:18:36,229 [399079f7-1eb1-4f37-b003-267572525934@group-D40A05E2FCF9-LeaderElection137] INFO  impl.RoleInfo (RoleInfo.java:updateAndGet(143)) - 399079f7-1eb1-4f37-b003-267572525934: start FollowerState
2019-10-20 18:18:36,293 [Thread-1265] INFO  impl.FollowerState (FollowerState.java:run(108)) - 399079f7-1eb1-4f37-b003-267572525934@group-D40A05E2FCF9-FollowerState: change to CANDIDATE, lastRpcTime:64ms, electionTimeout:64ms
2019-10-20 18:18:36,293 [Thread-1265] INFO  impl.RoleInfo (RoleInfo.java:shutdownFollowerState(121)) - 399079f7-1eb1-4f37-b003-267572525934: shutdown FollowerState
2019-10-20 18:18:36,293 [Thread-1265] INFO  impl.RaftServerImpl (RaftServerImpl.java:setRole(184)) - 399079f7-1eb1-4f37-b003-267572525934@group-D40A05E2FCF9: changes role from  FOLLOWER to CANDIDATE at term 73 for changeToCandidate
2019-10-20 18:18:36,293 [Thread-1265] INFO  impl.RoleInfo (RoleInfo.java:updateAndGet(143)) - 399079f7-1eb1-4f37-b003-267572525934: start LeaderElection
2019-10-20 18:18:36,302 [Thread-1259] INFO  impl.FollowerState (FollowerState.java:run(108)) - b75f8b2e-6273-4c97-b7c5-042674931d23@group-F11756C8BA4A-FollowerState: change to CANDIDATE, lastRpcTime:166ms, electionTimeout:166ms
2019-10-20 18:18:36,302 [Thread-1259] INFO  impl.RoleInfo (RoleInfo.java:shutdownFollowerState(121)) - b75f8b2e-6273-4c97-b7c5-042674931d23: shutdown FollowerState
2019-10-20 18:18:36,302 [Thread-1259] INFO  impl.RaftServerImpl (RaftServerImpl.java:setRole(184)) - b75f8b2e-6273-4c97-b7c5-042674931d23@group-F11756C8BA4A: changes role from  FOLLOWER to CANDIDATE at term 67 for changeToCandidate
2019-10-20 18:18:36,302 [Thread-1259] INFO  impl.RoleInfo (RoleInfo.java:updateAndGet(143)) - b75f8b2e-6273-4c97-b7c5-042674931d23: start LeaderElection
2019-10-20 18:18:36,320 [b75f8b2e-6273-4c97-b7c5-042674931d23@group-F11756C8BA4A-LeaderElection139] INFO  impl.LeaderElection (LeaderElection.java:askForVotes(178)) - b75f8b2e-6273-4c97-b7c5-042674931d23@group-F11756C8BA4A-LeaderElection139: begin an election at term 68 for -1: [6ef27e9c-8ddb-4fa1-8c14-ab102acfb1b8:192.168.164.241:38092, b75f8b2e-6273-4c97-b7c5-042674931d23:192.168.164.241:41857, 3750b3a2-715b-46b3-9d0c-9e38136244b9:192.168.164.241:46227], old=null
2019-10-20 18:18:36,320 [399079f7-1eb1-4f37-b003-267572525934@group-D40A05E2FCF9-LeaderElection138] INFO  impl.LeaderElection (LeaderElection.java:askForVotes(178)) - 399079f7-1eb1-4f37-b003-267572525934@group-D40A05E2FCF9-LeaderElection138: begin an election at term 74 for -1: [399079f7-1eb1-4f37-b003-267572525934:192.168.164.241:37762, 7a43c46a-fc88-4b2d-b2da-ae029cfa60ff:192.168.164.241:43684, 6c5c38af-62e6-4ea7-a24a-078dcb28fb39:192.168.164.241:45428], old=null
2019-10-20 18:18:36,323 [grpc-default-executor-4] INFO  impl.RaftServerImpl (RaftServerImpl.java:setRole(184)) - 7a43c46a-fc88-4b2d-b2da-ae029cfa60ff@group-D40A05E2FCF9: changes role from  FOLLOWER to FOLLOWER at term 74 for recognizeCandidate:399079f7-1eb1-4f37-b003-267572525934
2019-10-20 18:18:36,323 [grpc-default-executor-1] INFO  impl.RaftServerImpl (RaftServerImpl.java:setRole(184)) - 6ef27e9c-8ddb-4fa1-8c14-ab102acfb1b8@group-F11756C8BA4A: changes role from  FOLLOWER to FOLLOWER at term 68 for recognizeCandidate:b75f8b2e-6273-4c97-b7c5-042674931d23
2019-10-20 18:18:36,323 [grpc-default-executor-4] INFO  impl.RoleInfo (RoleInfo.java:shutdownFollowerState(121)) - 7a43c46a-fc88-4b2d-b2da-ae029cfa60ff: shutdown FollowerState
2019-10-20 18:18:36,323 [grpc-default-executor-10] INFO  impl.RaftServerImpl (RaftServerImpl.java:setRole(184)) - 3750b3a2-715b-46b3-9d0c-9e38136244b9@group-F11756C8BA4A: changes role from  FOLLOWER to FOLLOWER at term 68 for recognizeCandidate:b75f8b2e-6273-4c97-b7c5-042674931d23
2019-10-20 18:18:36,323 [grpc-default-executor-1] INFO  impl.RoleInfo (RoleInfo.java:shutdownFollowerState(121)) - 6ef27e9c-8ddb-4fa1-8c14-ab102acfb1b8: shutdown FollowerState
2019-10-20 18:18:36,323 [grpc-default-executor-10] INFO  impl.RoleInfo (RoleInfo.java:shutdownFollowerState(121)) - 3750b3a2-715b-46b3-9d0c-9e38136244b9: shutdown FollowerState
2019-10-20 18:18:36,323 [grpc-default-executor-7] INFO  impl.RaftServerImpl (RaftServerImpl.java:setRole(184)) - 6c5c38af-62e6-4ea7-a24a-078dcb28fb39@group-D40A05E2FCF9: changes role from  FOLLOWER to FOLLOWER at term 74 for recognizeCandidate:399079f7-1eb1-4f37-b003-267572525934
2019-10-20 18:18:36,323 [grpc-default-executor-4] INFO  impl.RoleInfo (RoleInfo.java:updateAndGet(143)) - 7a43c46a-fc88-4b2d-b2da-ae029cfa60ff: start FollowerState
2019-10-20 18:18:36,323 [Thread-1264] INFO  impl.FollowerState (FollowerState.java:run(117)) - 7a43c46a-fc88-4b2d-b2da-ae029cfa60ff@group-D40A05E2FCF9-FollowerState was interrupted: java.lang.InterruptedException: sleep interrupted
2019-10-20 18:18:36,323 [grpc-default-executor-7] INFO  impl.RoleInfo (RoleInfo.java:shutdownFollowerState(121)) - 6c5c38af-62e6-4ea7-a24a-078dcb28fb39: shutdown FollowerState
2019-10-20 18:18:36,323 [Thread-1257] INFO  impl.FollowerState (FollowerState.java:run(117)) - 3750b3a2-715b-46b3-9d0c-9e38136244b9@group-F11756C8BA4A-FollowerState was interrupted: java.lang.InterruptedException: sleep interrupted
2019-10-20 18:18:36,323 [grpc-default-executor-10] INFO  impl.RoleInfo (RoleInfo.java:updateAndGet(143)) - 3750b3a2-715b-46b3-9d0c-9e38136244b9: start FollowerState
2019-10-20 18:18:36,323 [Thread-1258] INFO  impl.FollowerState (FollowerState.java:run(117)) - 6ef27e9c-8ddb-4fa1-8c14-ab102acfb1b8@group-F11756C8BA4A-FollowerState was interrupted: java.lang.InterruptedException: sleep interrupted
2019-10-20 18:18:36,323 [grpc-default-executor-1] INFO  impl.RoleInfo (RoleInfo.java:updateAndGet(143)) - 6ef27e9c-8ddb-4fa1-8c14-ab102acfb1b8: start FollowerState
2019-10-20 18:18:36,324 [Thread-1263] INFO  impl.FollowerState (FollowerState.java:run(117)) - 6c5c38af-62e6-4ea7-a24a-078dcb28fb39@group-D40A05E2FCF9-FollowerState was interrupted: java.lang.InterruptedException: sleep interrupted
2019-10-20 18:18:36,324 [grpc-default-executor-7] INFO  impl.RoleInfo (RoleInfo.java:updateAndGet(143)) - 6c5c38af-62e6-4ea7-a24a-078dcb28fb39: start FollowerState
2019-10-20 18:18:36,347 [399079f7-1eb1-4f37-b003-267572525934@group-D40A05E2FCF9-LeaderElection138] INFO  impl.LeaderElection (LeaderElection.java:logAndReturn(56)) - 399079f7-1eb1-4f37-b003-267572525934@group-D40A05E2FCF9-LeaderElection138: Election REJECTED; received 2 response(s) [399079f7-1eb1-4f37-b003-267572525934<-7a43c46a-fc88-4b2d-b2da-ae029cfa60ff#0:FAIL-t74, 399079f7-1eb1-4f37-b003-267572525934<-6c5c38af-62e6-4ea7-a24a-078dcb28fb39#0:FAIL-t74] and 0 exception(s); 399079f7-1eb1-4f37-b003-267572525934@group-D40A05E2FCF9:t74, leader=null, voted=399079f7-1eb1-4f37-b003-267572525934, raftlog=399079f7-1eb1-4f37-b003-267572525934@group-D40A05E2FCF9-SegmentedRaftLog:OPENED:c-1,f-1,i0, conf=-1: [399079f7-1eb1-4f37-b003-267572525934:192.168.164.241:37762, 7a43c46a-fc88-4b2d-b2da-ae029cfa60ff:192.168.164.241:43684, 6c5c38af-62e6-4ea7-a24a-078dcb28fb39:192.168.164.241:45428], old=null
2019-10-20 18:18:36,347 [399079f7-1eb1-4f37-b003-267572525934@group-D40A05E2FCF9-LeaderElection138] INFO  impl.RaftServerImpl (RaftServerImpl.java:setRole(184)) - 399079f7-1eb1-4f37-b003-267572525934@group-D40A05E2FCF9: changes role from CANDIDATE to FOLLOWER at term 74 for DISCOVERED_A_NEW_TERM
2019-10-20 18:18:36,347 [399079f7-1eb1-4f37-b003-267572525934@group-D40A05E2FCF9-LeaderElection138] INFO  impl.RoleInfo (RoleInfo.java:shutdownLeaderElection(134)) - 399079f7-1eb1-4f37-b003-267572525934: shutdown LeaderElection
2019-10-20 18:18:36,347 [399079f7-1eb1-4f37-b003-267572525934@group-D40A05E2FCF9-LeaderElection138] INFO  impl.RoleInfo (RoleInfo.java:updateAndGet(143)) - 399079f7-1eb1-4f37-b003-267572525934: start FollowerState
2019-10-20 18:18:36,347 [b75f8b2e-6273-4c97-b7c5-042674931d23@group-F11756C8BA4A-LeaderElection139] INFO  impl.LeaderElection (LeaderElection.java:logAndReturn(56)) - b75f8b2e-6273-4c97-b7c5-042674931d23@group-F11756C8BA4A-LeaderElection139: Election REJECTED; received 2 response(s) [b75f8b2e-6273-4c97-b7c5-042674931d23<-6ef27e9c-8ddb-4fa1-8c14-ab102acfb1b8#0:FAIL-t68, b75f8b2e-6273-4c97-b7c5-042674931d23<-3750b3a2-715b-46b3-9d0c-9e38136244b9#0:FAIL-t68] and 0 exception(s); b75f8b2e-6273-4c97-b7c5-042674931d23@group-F11756C8BA4A:t68, leader=null, voted=b75f8b2e-6273-4c97-b7c5-042674931d23, raftlog=b75f8b2e-6273-4c97-b7c5-042674931d23@group-F11756C8BA4A-SegmentedRaftLog:OPENED:c-1,f-1,i0, conf=-1: [6ef27e9c-8ddb-4fa1-8c14-ab102acfb1b8:192.168.164.241:38092, b75f8b2e-6273-4c97-b7c5-042674931d23:192.168.164.241:41857, 3750b3a2-715b-46b3-9d0c-9e38136244b9:192.168.164.241:46227], old=null
2019-10-20 18:18:36,347 [b75f8b2e-6273-4c97-b7c5-042674931d23@group-F11756C8BA4A-LeaderElection139] INFO  impl.RaftServerImpl (RaftServerImpl.java:setRole(184)) - b75f8b2e-6273-4c97-b7c5-042674931d23@group-F11756C8BA4A: changes role from CANDIDATE to FOLLOWER at term 68 for DISCOVERED_A_NEW_TERM
2019-10-20 18:18:36,347 [b75f8b2e-6273-4c97-b7c5-042674931d23@group-F11756C8BA4A-LeaderElection139] INFO  impl.RoleInfo (RoleInfo.java:shutdownLeaderElection(134)) - b75f8b2e-6273-4c97-b7c5-042674931d23: shutdown LeaderElection
2019-10-20 18:18:36,348 [b75f8b2e-6273-4c97-b7c5-042674931d23@group-F11756C8BA4A-LeaderElection139] INFO  impl.RoleInfo (RoleInfo.java:updateAndGet(143)) - b75f8b2e-6273-4c97-b7c5-042674931d23: start FollowerState
2019-10-20 18:18:36,428 [Thread-1281] INFO  impl.FollowerState (FollowerState.java:run(108)) - b75f8b2e-6273-4c97-b7c5-042674931d23@group-F11756C8BA4A-FollowerState: change to CANDIDATE, lastRpcTime:80ms, electionTimeout:80ms
2019-10-20 18:18:36,428 [Thread-1281] INFO  impl.RoleInfo (RoleInfo.java:shutdownFollowerState(121)) - b75f8b2e-6273-4c97-b7c5-042674931d23: shutdown FollowerState
2019-10-20 18:18:36,428 [Thread-1281] INFO  impl.RaftServerImpl (RaftServerImpl.java:setRole(184)) - b75f8b2e-6273-4c97-b7c5-042674931d23@group-F11756C8BA4A: changes role from  FOLLOWER to CANDIDATE at term 68 for changeToCandidate
2019-10-20 18:18:36,428 [Thread-1281] INFO  impl.RoleInfo (RoleInfo.java:updateAndGet(143)) - b75f8b2e-6273-4c97-b7c5-042674931d23: start LeaderElection
2019-10-20 18:18:36,450 [Thread-1280] INFO  impl.FollowerState (FollowerState.java:run(108)) - 399079f7-1eb1-4f37-b003-267572525934@group-D40A05E2FCF9-FollowerState: change to CANDIDATE, lastRpcTime:102ms, electionTimeout:102ms
2019-10-20 18:18:36,450 [Thread-1280] INFO  impl.RoleInfo (RoleInfo.java:shutdownFollowerState(121)) - 399079f7-1eb1-4f37-b003-267572525934: shutdown FollowerState
2019-10-20 18:18:36,450 [Thread-1280] INFO  impl.RaftServerImpl (RaftServerImpl.java:setRole(184)) - 399079f7-1eb1-4f37-b003-267572525934@group-D40A05E2FCF9: changes role from  FOLLOWER to CANDIDATE at term 74 for changeToCandidate
2019-10-20 18:18:36,450 [Thread-1280] INFO  impl.RoleInfo (RoleInfo.java:updateAndGet(143)) - 399079f7-1eb1-4f37-b003-267572525934: start LeaderElection
2019-10-20 18:18:36,457 [b75f8b2e-6273-4c97-b7c5-042674931d23@group-F11756C8BA4A-LeaderElection140] INFO  impl.LeaderElection (LeaderElection.java:askForVotes(178)) - b75f8b2e-6273-4c97-b7c5-042674931d23@group-F11756C8BA4A-LeaderElection140: begin an election at term 69 for -1: [6ef27e9c-8ddb-4fa1-8c14-ab102acfb1b8:192.168.164.241:38092, b75f8b2e-6273-4c97-b7c5-042674931d23:192.168.164.241:41857, 3750b3a2-715b-46b3-9d0c-9e38136244b9:192.168.164.241:46227], old=null
2019-10-20 18:18:36,460 [grpc-default-executor-10] INFO  impl.RaftServerImpl (RaftServerImpl.java:setRole(184)) - 3750b3a2-715b-46b3-9d0c-9e38136244b9@group-F11756C8BA4A: changes role from  FOLLOWER to FOLLOWER at term 69 for recognizeCandidate:b75f8b2e-6273-4c97-b7c5-042674931d23
2019-10-20 18:18:36,460 [grpc-default-executor-10] INFO  impl.RoleInfo (RoleInfo.java:shutdownFollowerState(121)) - 3750b3a2-715b-46b3-9d0c-9e38136244b9: shutdown FollowerState
2019-10-20 18:18:36,460 [grpc-default-executor-1] INFO  impl.RaftServerImpl (RaftServerImpl.java:setRole(184)) - 6ef27e9c-8ddb-4fa1-8c14-ab102acfb1b8@group-F11756C8BA4A: changes role from  FOLLOWER to FOLLOWER at term 69 for recognizeCandidate:b75f8b2e-6273-4c97-b7c5-042674931d23
2019-10-20 18:18:36,460 [Thread-1278] INFO  impl.FollowerState (FollowerState.java:run(117)) - 3750b3a2-715b-46b3-9d0c-9e38136244b9@group-F11756C8BA4A-FollowerState was interrupted: java.lang.InterruptedException: sleep interrupted
2019-10-20 18:18:36,460 [grpc-default-executor-10] INFO  impl.RoleInfo (RoleInfo.java:updateAndGet(143)) - 3750b3a2-715b-46b3-9d0c-9e38136244b9: start FollowerState
2019-10-20 18:18:36,460 [grpc-default-executor-1] INFO  impl.RoleInfo (RoleInfo.java:shutdownFollowerState(121)) - 6ef27e9c-8ddb-4fa1-8c14-ab102acfb1b8: shutdown FollowerState
2019-10-20 18:18:36,461 [grpc-default-executor-1] INFO  impl.RoleInfo (RoleInfo.java:updateAndGet(143)) - 6ef27e9c-8ddb-4fa1-8c14-ab102acfb1b8: start FollowerState
2019-10-20 18:18:36,461 [Thread-1277] INFO  impl.FollowerState (FollowerState.java:run(117)) - 6ef27e9c-8ddb-4fa1-8c14-ab102acfb1b8@group-F11756C8BA4A-FollowerState was interrupted: java.lang.InterruptedException: sleep interrupted
2019-10-20 18:18:36,463 [b75f8b2e-6273-4c97-b7c5-042674931d23@group-F11756C8BA4A-LeaderElection140] INFO  impl.LeaderElection (LeaderElection.java:logAndReturn(56)) - b75f8b2e-6273-4c97-b7c5-042674931d23@group-F11756C8BA4A-LeaderElection140: Election TIMEOUT; received 0 response(s) [] and 0 exception(s); b75f8b2e-6273-4c97-b7c5-042674931d23@group-F11756C8BA4A:t69, leader=null, voted=b75f8b2e-6273-4c97-b7c5-042674931d23, raftlog=b75f8b2e-6273-4c97-b7c5-042674931d23@group-F11756C8BA4A-SegmentedRaftLog:OPENED:c-1,f-1,i0, conf=-1: [6ef27e9c-8ddb-4fa1-8c14-ab102acfb1b8:192.168.164.241:38092, b75f8b2e-6273-4c97-b7c5-042674931d23:192.168.164.241:41857, 3750b3a2-715b-46b3-9d0c-9e38136244b9:192.168.164.241:46227], old=null
2019-10-20 18:18:36,475 [399079f7-1eb1-4f37-b003-267572525934@group-D40A05E2FCF9-LeaderElection141] INFO  impl.LeaderElection (LeaderElection.java:askForVotes(178)) - 399079f7-1eb1-4f37-b003-267572525934@group-D40A05E2FCF9-LeaderElection141: begin an election at term 75 for -1: [399079f7-1eb1-4f37-b003-267572525934:192.168.164.241:37762, 7a43c46a-fc88-4b2d-b2da-ae029cfa60ff:192.168.164.241:43684, 6c5c38af-62e6-4ea7-a24a-078dcb28fb39:192.168.164.241:45428], old=null
2019-10-20 18:18:36,477 [grpc-default-executor-1] INFO  impl.RaftServerImpl (RaftServerImpl.java:setRole(184)) - 7a43c46a-fc88-4b2d-b2da-ae029cfa60ff@group-D40A05E2FCF9: changes role from  FOLLOWER to FOLLOWER at term 75 for recognizeCandidate:399079f7-1eb1-4f37-b003-267572525934
2019-10-20 18:18:36,477 [grpc-default-executor-1] INFO  impl.RoleInfo (RoleInfo.java:shutdownFollowerState(121)) - 7a43c46a-fc88-4b2d-b2da-ae029cfa60ff: shutdown FollowerState
2019-10-20 18:18:36,477 [grpc-default-executor-1] INFO  impl.RoleInfo (RoleInfo.java:updateAndGet(143)) - 7a43c46a-fc88-4b2d-b2da-ae029cfa60ff: start FollowerState
2019-10-20 18:18:36,477 [grpc-default-executor-10] INFO  impl.RaftServerImpl (RaftServerImpl.java:setRole(184)) - 6c5c38af-62e6-4ea7-a24a-078dcb28fb39@group-D40A05E2FCF9: changes role from  FOLLOWER to FOLLOWER at term 75 for recognizeCandidate:399079f7-1eb1-4f37-b003-267572525934
2019-10-20 18:18:36,477 [Thread-1276] INFO  impl.FollowerState (FollowerState.java:run(117)) - 7a43c46a-fc88-4b2d-b2da-ae029cfa60ff@group-D40A05E2FCF9-FollowerState was interrupted: java.lang.InterruptedException: sleep interrupted
2019-10-20 18:18:36,477 [grpc-default-executor-10] INFO  impl.RoleInfo (RoleInfo.java:shutdownFollowerState(121)) - 6c5c38af-62e6-4ea7-a24a-078dcb28fb39: shutdown FollowerState
2019-10-20 18:18:36,477 [grpc-default-executor-10] INFO  impl.RoleInfo (RoleInfo.java:updateAndGet(143)) - 6c5c38af-62e6-4ea7-a24a-078dcb28fb39: start FollowerState
2019-10-20 18:18:36,477 [Thread-1279] INFO  impl.FollowerState (FollowerState.java:run(117)) - 6c5c38af-62e6-4ea7-a24a-078dcb28fb39@group-D40A05E2FCF9-FollowerState was interrupted: java.lang.InterruptedException: sleep interrupted
2019-10-20 18:18:36,492 [b75f8b2e-6273-4c97-b7c5-042674931d23@group-F11756C8BA4A-LeaderElection140] INFO  impl.LeaderElection (LeaderElection.java:askForVotes(178)) - b75f8b2e-6273-4c97-b7c5-042674931d23@group-F11756C8BA4A-LeaderElection140: begin an election at term 70 for -1: [6ef27e9c-8ddb-4fa1-8c14-ab102acfb1b8:192.168.164.241:38092, b75f8b2e-6273-4c97-b7c5-042674931d23:192.168.164.241:41857, 3750b3a2-715b-46b3-9d0c-9e38136244b9:192.168.164.241:46227], old=null
2019-10-20 18:18:36,493 [399079f7-1eb1-4f37-b003-267572525934@group-D40A05E2FCF9-LeaderElection141] INFO  impl.LeaderElection (LeaderElection.java:logAndReturn(56)) - 399079f7-1eb1-4f37-b003-267572525934@group-D40A05E2FCF9-LeaderElection141: Election REJECTED; received 2 response(s) [399079f7-1eb1-4f37-b003-267572525934<-7a43c46a-fc88-4b2d-b2da-ae029cfa60ff#0:FAIL-t75, 399079f7-1eb1-4f37-b003-267572525934<-6c5c38af-62e6-4ea7-a24a-078dcb28fb39#0:FAIL-t75] and 0 exception(s); 399079f7-1eb1-4f37-b003-267572525934@group-D40A05E2FCF9:t75, leader=null, voted=399079f7-1eb1-4f37-b003-267572525934, raftlog=399079f7-1eb1-4f37-b003-267572525934@group-D40A05E2FCF9-SegmentedRaftLog:OPENED:c-1,f-1,i0, conf=-1: [399079f7-1eb1-4f37-b003-267572525934:192.168.164.241:37762, 7a43c46a-fc88-4b2d-b2da-ae029cfa60ff:192.168.164.241:43684, 6c5c38af-62e6-4ea7-a24a-078dcb28fb39:192.168.164.241:45428], old=null
2019-10-20 18:18:36,493 [399079f7-1eb1-4f37-b003-267572525934@group-D40A05E2FCF9-LeaderElection141] INFO  impl.RaftServerImpl (RaftServerImpl.java:setRole(184)) - 399079f7-1eb1-4f37-b003-267572525934@group-D40A05E2FCF9: changes role from CANDIDATE to FOLLOWER at term 75 for DISCOVERED_A_NEW_TERM
2019-10-20 18:18:36,493 [399079f7-1eb1-4f37-b003-267572525934@group-D40A05E2FCF9-LeaderElection141] INFO  impl.RoleInfo (RoleInfo.java:shutdownLeaderElection(134)) - 399079f7-1eb1-4f37-b003-267572525934: shutdown LeaderElection
2019-10-20 18:18:36,493 [399079f7-1eb1-4f37-b003-267572525934@group-D40A05E2FCF9-LeaderElection141] INFO  impl.RoleInfo (RoleInfo.java:updateAndGet(143)) - 399079f7-1eb1-4f37-b003-267572525934: start FollowerState
2019-10-20 18:18:36,494 [grpc-default-executor-10] INFO  impl.RaftServerImpl (RaftServerImpl.java:setRole(184)) - 6ef27e9c-8ddb-4fa1-8c14-ab102acfb1b8@group-F11756C8BA4A: changes role from  FOLLOWER to FOLLOWER at term 70 for recognizeCandidate:b75f8b2e-6273-4c97-b7c5-042674931d23
2019-10-20 18:18:36,494 [grpc-default-executor-10] INFO  impl.RoleInfo (RoleInfo.java:shutdownFollowerState(121)) - 6ef27e9c-8ddb-4fa1-8c14-ab102acfb1b8: shutdown FollowerState
2019-10-20 18:18:36,494 [grpc-default-executor-10] INFO  impl.RoleInfo (RoleInfo.java:updateAndGet(143)) - 6ef27e9c-8ddb-4fa1-8c14-ab102acfb1b8: start FollowerState
2019-10-20 18:18:36,494 [grpc-default-executor-1] INFO  impl.RaftServerImpl (RaftServerImpl.java:setRole(184)) - 3750b3a2-715b-46b3-9d0c-9e38136244b9@group-F11756C8BA4A: changes role from  FOLLOWER to FOLLOWER at term 70 for recognizeCandidate:b75f8b2e-6273-4c97-b7c5-042674931d23
2019-10-20 18:18:36,494 [grpc-default-executor-1] INFO  impl.RoleInfo (RoleInfo.java:shutdownFollowerState(121)) - 3750b3a2-715b-46b3-9d0c-9e38136244b9: shutdown FollowerState
2019-10-20 18:18:36,494 [Thread-1287] INFO  impl.FollowerState (FollowerState.java:run(117)) - 6ef27e9c-8ddb-4fa1-8c14-ab102acfb1b8@group-F11756C8BA4A-FollowerState was interrupted: java.lang.InterruptedException: sleep interrupted
2019-10-20 18:18:36,494 [Thread-1286] INFO  impl.FollowerState (FollowerState.java:run(117)) - 3750b3a2-715b-46b3-9d0c-9e38136244b9@group-F11756C8BA4A-FollowerState was interrupted: java.lang.InterruptedException: sleep interrupted
2019-10-20 18:18:36,494 [grpc-default-executor-1] INFO  impl.RoleInfo (RoleInfo.java:updateAndGet(143)) - 3750b3a2-715b-46b3-9d0c-9e38136244b9: start FollowerState
2019-10-20 18:18:36,519 [b75f8b2e-6273-4c97-b7c5-042674931d23@group-F11756C8BA4A-LeaderElection140] INFO  impl.LeaderElection (LeaderElection.java:logAndReturn(56)) - b75f8b2e-6273-4c97-b7c5-042674931d23@group-F11756C8BA4A-LeaderElection140: Election REJECTED; received 2 response(s) [b75f8b2e-6273-4c97-b7c5-042674931d23<-6ef27e9c-8ddb-4fa1-8c14-ab102acfb1b8#0:FAIL-t70, b75f8b2e-6273-4c97-b7c5-042674931d23<-3750b3a2-715b-46b3-9d0c-9e38136244b9#0:FAIL-t70] and 0 exception(s); b75f8b2e-6273-4c97-b7c5-042674931d23@group-F11756C8BA4A:t70, leader=null, voted=b75f8b2e-6273-4c97-b7c5-042674931d23, raftlog=b75f8b2e-6273-4c97-b7c5-042674931d23@group-F11756C8BA4A-SegmentedRaftLog:OPENED:c-1,f-1,i0, conf=-1: [6ef27e9c-8ddb-4fa1-8c14-ab102acfb1b8:192.168.164.241:38092, b75f8b2e-6273-4c97-b7c5-042674931d23:192.168.164.241:41857, 3750b3a2-715b-46b3-9d0c-9e38136244b9:192.168.164.241:46227], old=null
2019-10-20 18:18:36,519 [b75f8b2e-6273-4c97-b7c5-042674931d23@group-F11756C8BA4A-LeaderElection140] INFO  impl.RaftServerImpl (RaftServerImpl.java:setRole(184)) - b75f8b2e-6273-4c97-b7c5-042674931d23@group-F11756C8BA4A: changes role from CANDIDATE to FOLLOWER at term 70 for DISCOVERED_A_NEW_TERM
2019-10-20 18:18:36,519 [b75f8b2e-6273-4c97-b7c5-042674931d23@group-F11756C8BA4A-LeaderElection140] INFO  impl.RoleInfo (RoleInfo.java:shutdownLeaderElection(134)) - b75f8b2e-6273-4c97-b7c5-042674931d23: shutdown LeaderElection
2019-10-20 18:18:36,519 [b75f8b2e-6273-4c97-b7c5-042674931d23@group-F11756C8BA4A-LeaderElection140] INFO  impl.RoleInfo (RoleInfo.java:updateAndGet(143)) - b75f8b2e-6273-4c97-b7c5-042674931d23: start FollowerState
2019-10-20 18:18:36,587 [Thread-1297] INFO  impl.FollowerState (FollowerState.java:run(108)) - b75f8b2e-6273-4c97-b7c5-042674931d23@group-F11756C8BA4A-FollowerState: change to CANDIDATE, lastRpcTime:67ms, electionTimeout:67ms
2019-10-20 18:18:36,587 [Thread-1297] INFO  impl.RoleInfo (RoleInfo.java:shutdownFollowerState(121)) - b75f8b2e-6273-4c97-b7c5-042674931d23: shutdown FollowerState
2019-10-20 18:18:36,587 [Thread-1297] INFO  impl.RaftServerImpl (RaftServerImpl.java:setRole(184)) - b75f8b2e-6273-4c97-b7c5-042674931d23@group-F11756C8BA4A: changes role from  FOLLOWER to CANDIDATE at term 70 for changeToCandidate
2019-10-20 18:18:36,587 [Thread-1297] INFO  impl.RoleInfo (RoleInfo.java:updateAndGet(143)) - b75f8b2e-6273-4c97-b7c5-042674931d23: start LeaderElection
2019-10-20 18:18:36,602 [b75f8b2e-6273-4c97-b7c5-042674931d23@group-F11756C8BA4A-LeaderElection142] INFO  impl.LeaderElection (LeaderElection.java:askForVotes(178)) - b75f8b2e-6273-4c97-b7c5-042674931d23@group-F11756C8BA4A-LeaderElection142: begin an election at term 71 for -1: [6ef27e9c-8ddb-4fa1-8c14-ab102acfb1b8:192.168.164.241:38092, b75f8b2e-6273-4c97-b7c5-042674931d23:192.168.164.241:41857, 3750b3a2-715b-46b3-9d0c-9e38136244b9:192.168.164.241:46227], old=null
2019-10-20 18:18:36,605 [grpc-default-executor-10] INFO  impl.RaftServerImpl (RaftServerImpl.java:setRole(184)) - 3750b3a2-715b-46b3-9d0c-9e38136244b9@group-F11756C8BA4A: changes role from  FOLLOWER to FOLLOWER at term 71 for recognizeCandidate:b75f8b2e-6273-4c97-b7c5-042674931d23
2019-10-20 18:18:36,605 [grpc-default-executor-10] INFO  impl.RoleInfo (RoleInfo.java:shutdownFollowerState(121)) - 3750b3a2-715b-46b3-9d0c-9e38136244b9: shutdown FollowerState
2019-10-20 18:18:36,605 [grpc-default-executor-1] INFO  impl.RaftServerImpl (RaftServerImpl.java:setRole(184)) - 6ef27e9c-8ddb-4fa1-8c14-ab102acfb1b8@group-F11756C8BA4A: changes role from  FOLLOWER to FOLLOWER at term 71 for recognizeCandidate:b75f8b2e-6273-4c97-b7c5-042674931d23
2019-10-20 18:18:36,605 [Thread-1296] INFO  impl.FollowerState (FollowerState.java:run(117)) - 3750b3a2-715b-46b3-9d0c-9e38136244b9@group-F11756C8BA4A-FollowerState was interrupted: java.lang.InterruptedException: sleep interrupted
2019-10-20 18:18:36,605 [grpc-default-executor-10] INFO  impl.RoleInfo (RoleInfo.java:updateAndGet(143)) - 3750b3a2-715b-46b3-9d0c-9e38136244b9: start FollowerState
2019-10-20 18:18:36,605 [grpc-default-executor-1] INFO  impl.RoleInfo (RoleInfo.java:shutdownFollowerState(121)) - 6ef27e9c-8ddb-4fa1-8c14-ab102acfb1b8: shutdown FollowerState
2019-10-20 18:18:36,606 [grpc-default-executor-1] INFO  impl.RoleInfo (RoleInfo.java:updateAndGet(143)) - 6ef27e9c-8ddb-4fa1-8c14-ab102acfb1b8: start FollowerState
2019-10-20 18:18:36,606 [Thread-1295] INFO  impl.FollowerState (FollowerState.java:run(117)) - 6ef27e9c-8ddb-4fa1-8c14-ab102acfb1b8@group-F11756C8BA4A-FollowerState was interrupted: java.lang.InterruptedException: sleep interrupted
2019-10-20 18:18:36,608 [b75f8b2e-6273-4c97-b7c5-042674931d23@group-F11756C8BA4A-LeaderElection142] INFO  impl.LeaderElection (LeaderElection.java:logAndReturn(56)) - b75f8b2e-6273-4c97-b7c5-042674931d23@group-F11756C8BA4A-LeaderElection142: Election TIMEOUT; received 0 response(s) [] and 0 exception(s); b75f8b2e-6273-4c97-b7c5-042674931d23@group-F11756C8BA4A:t71, leader=null, voted=b75f8b2e-6273-4c97-b7c5-042674931d23, raftlog=b75f8b2e-6273-4c97-b7c5-042674931d23@group-F11756C8BA4A-SegmentedRaftLog:OPENED:c-1,f-1,i0, conf=-1: [6ef27e9c-8ddb-4fa1-8c14-ab102acfb1b8:192.168.164.241:38092, b75f8b2e-6273-4c97-b7c5-042674931d23:192.168.164.241:41857, 3750b3a2-715b-46b3-9d0c-9e38136244b9:192.168.164.241:46227], old=null
2019-10-20 18:18:36,628 [b75f8b2e-6273-4c97-b7c5-042674931d23@group-F11756C8BA4A-LeaderElection142] INFO  impl.LeaderElection (LeaderElection.java:askForVotes(178)) - b75f8b2e-6273-4c97-b7c5-042674931d23@group-F11756C8BA4A-LeaderElection142: begin an election at term 72 for -1: [6ef27e9c-8ddb-4fa1-8c14-ab102acfb1b8:192.168.164.241:38092, b75f8b2e-6273-4c97-b7c5-042674931d23:192.168.164.241:41857, 3750b3a2-715b-46b3-9d0c-9e38136244b9:192.168.164.241:46227], old=null
2019-10-20 18:18:36,663 [grpc-default-executor-10] INFO  impl.RaftServerImpl (RaftServerImpl.java:setRole(184)) - 6ef27e9c-8ddb-4fa1-8c14-ab102acfb1b8@group-F11756C8BA4A: changes role from  FOLLOWER to FOLLOWER at term 72 for recognizeCandidate:b75f8b2e-6273-4c97-b7c5-042674931d23
2019-10-20 18:18:36,664 [grpc-default-executor-1] INFO  impl.RaftServerImpl (RaftServerImpl.java:setRole(184)) - 3750b3a2-715b-46b3-9d0c-9e38136244b9@group-F11756C8BA4A: changes role from  FOLLOWER to FOLLOWER at term 72 for recognizeCandidate:b75f8b2e-6273-4c97-b7c5-042674931d23
2019-10-20 18:18:36,664 [grpc-default-executor-10] INFO  impl.RoleInfo (RoleInfo.java:shutdownFollowerState(121)) - 6ef27e9c-8ddb-4fa1-8c14-ab102acfb1b8: shutdown FollowerState
2019-10-20 18:18:36,664 [grpc-default-executor-1] INFO  impl.RoleInfo (RoleInfo.java:shutdownFollowerState(121)) - 3750b3a2-715b-46b3-9d0c-9e38136244b9: shutdown FollowerState
2019-10-20 18:18:36,664 [grpc-default-executor-10] INFO  impl.RoleInfo (RoleInfo.java:updateAndGet(143)) - 6ef27e9c-8ddb-4fa1-8c14-ab102acfb1b8: start FollowerState
2019-10-20 18:18:36,664 [Thread-1301] INFO  impl.FollowerState (FollowerState.java:run(117)) - 3750b3a2-715b-46b3-9d0c-9e38136244b9@group-F11756C8BA4A-FollowerState was interrupted: java.lang.InterruptedException: sleep interrupted
2019-10-20 18:18:36,664 [grpc-default-executor-1] INFO  impl.RoleInfo (RoleInfo.java:updateAndGet(143)) - 3750b3a2-715b-46b3-9d0c-9e38136244b9: start FollowerState
2019-10-20 18:18:36,664 [Thread-1302] INFO  impl.FollowerState (FollowerState.java:run(117)) - 6ef27e9c-8ddb-4fa1-8c14-ab102acfb1b8@group-F11756C8BA4A-FollowerState was interrupted: java.lang.InterruptedException: sleep interrupted
2019-10-20 18:18:36,691 [Thread-1294] INFO  impl.FollowerState (FollowerState.java:run(108)) - 399079f7-1eb1-4f37-b003-267572525934@group-D40A05E2FCF9-FollowerState: change to CANDIDATE, lastRpcTime:197ms, electionTimeout:197ms
2019-10-20 18:18:36,691 [Thread-1294] INFO  impl.RoleInfo (RoleInfo.java:shutdownFollowerState(121)) - 399079f7-1eb1-4f37-b003-267572525934: shutdown FollowerState
2019-10-20 18:18:36,691 [Thread-1294] INFO  impl.RaftServerImpl (RaftServerImpl.java:setRole(184)) - 399079f7-1eb1-4f37-b003-267572525934@group-D40A05E2FCF9: changes role from  FOLLOWER to CANDIDATE at term 75 for changeToCandidate
2019-10-20 18:18:36,695 [Thread-1294] INFO  impl.RoleInfo (RoleInfo.java:updateAndGet(143)) - 399079f7-1eb1-4f37-b003-267572525934: start LeaderElection
2019-10-20 18:18:36,696 [b75f8b2e-6273-4c97-b7c5-042674931d23@group-F11756C8BA4A-LeaderElection142] INFO  impl.LeaderElection (LeaderElection.java:logAndReturn(56)) - b75f8b2e-6273-4c97-b7c5-042674931d23@group-F11756C8BA4A-LeaderElection142: Election REJECTED; received 2 response(s) [b75f8b2e-6273-4c97-b7c5-042674931d23<-6ef27e9c-8ddb-4fa1-8c14-ab102acfb1b8#0:FAIL-t72, b75f8b2e-6273-4c97-b7c5-042674931d23<-3750b3a2-715b-46b3-9d0c-9e38136244b9#0:FAIL-t72] and 0 exception(s); b75f8b2e-6273-4c97-b7c5-042674931d23@group-F11756C8BA4A:t72, leader=null, voted=b75f8b2e-6273-4c97-b7c5-042674931d23, raftlog=b75f8b2e-6273-4c97-b7c5-042674931d23@group-F11756C8BA4A-SegmentedRaftLog:OPENED:c-1,f-1,i0, conf=-1: [6ef27e9c-8ddb-4fa1-8c14-ab102acfb1b8:192.168.164.241:38092, b75f8b2e-6273-4c97-b7c5-042674931d23:192.168.164.241:41857, 3750b3a2-715b-46b3-9d0c-9e38136244b9:192.168.164.241:46227], old=null
2019-10-20 18:18:36,696 [b75f8b2e-6273-4c97-b7c5-042674931d23@group-F11756C8BA4A-LeaderElection142] INFO  impl.RaftServerImpl (RaftServerImpl.java:setRole(184)) - b75f8b2e-6273-4c97-b7c5-042674931d23@group-F11756C8BA4A: changes role from CANDIDATE to FOLLOWER at term 72 for DISCOVERED_A_NEW_TERM
2019-10-20 18:18:36,696 [b75f8b2e-6273-4c97-b7c5-042674931d23@group-F11756C8BA4A-LeaderElection142] INFO  impl.RoleInfo (RoleInfo.java:shutdownLeaderElection(134)) - b75f8b2e-6273-4c97-b7c5-042674931d23: shutdown LeaderElection
2019-10-20 18:18:36,696 [b75f8b2e-6273-4c97-b7c5-042674931d23@group-F11756C8BA4A-LeaderElection142] INFO  impl.RoleInfo (RoleInfo.java:updateAndGet(143)) - b75f8b2e-6273-4c97-b7c5-042674931d23: start FollowerState
2019-10-20 18:18:36,721 [399079f7-1eb1-4f37-b003-267572525934@group-D40A05E2FCF9-LeaderElection143] INFO  impl.LeaderElection (LeaderElection.java:askForVotes(178)) - 399079f7-1eb1-4f37-b003-267572525934@group-D40A05E2FCF9-LeaderElection143: begin an election at term 76 for -1: [399079f7-1eb1-4f37-b003-267572525934:192.168.164.241:37762, 7a43c46a-fc88-4b2d-b2da-ae029cfa60ff:192.168.164.241:43684, 6c5c38af-62e6-4ea7-a24a-078dcb28fb39:192.168.164.241:45428], old=null
2019-10-20 18:18:36,724 [grpc-default-executor-10] INFO  impl.RaftServerImpl (RaftServerImpl.java:setRole(184)) - 6c5c38af-62e6-4ea7-a24a-078dcb28fb39@group-D40A05E2FCF9: changes role from  FOLLOWER to FOLLOWER at term 76 for recognizeCandidate:399079f7-1eb1-4f37-b003-267572525934
2019-10-20 18:18:36,725 [grpc-default-executor-10] INFO  impl.RoleInfo (RoleInfo.java:shutdownFollowerState(121)) - 6c5c38af-62e6-4ea7-a24a-078dcb28fb39: shutdown FollowerState
2019-10-20 18:18:36,724 [grpc-default-executor-1] INFO  impl.RaftServerImpl (RaftServerImpl.java:setRole(184)) - 7a43c46a-fc88-4b2d-b2da-ae029cfa60ff@group-D40A05E2FCF9: changes role from  FOLLOWER to FOLLOWER at term 76 for recognizeCandidate:399079f7-1eb1-4f37-b003-267572525934
2019-10-20 18:18:36,725 [grpc-default-executor-1] INFO  impl.RoleInfo (RoleInfo.java:shutdownFollowerState(121)) - 7a43c46a-fc88-4b2d-b2da-ae029cfa60ff: shutdown FollowerState
2019-10-20 18:18:36,746 [grpc-default-executor-1] INFO  impl.RoleInfo (RoleInfo.java:updateAndGet(143)) - 7a43c46a-fc88-4b2d-b2da-ae029cfa60ff: start FollowerState
2019-10-20 18:18:36,746 [Thread-1290] INFO  impl.FollowerState (FollowerState.java:run(117)) - 7a43c46a-fc88-4b2d-b2da-ae029cfa60ff@group-D40A05E2FCF9-FollowerState was interrupted: java.lang.InterruptedException: sleep interrupted
2019-10-20 18:18:36,746 [Thread-1291] INFO  impl.FollowerState (FollowerState.java:run(117)) - 6c5c38af-62e6-4ea7-a24a-078dcb28fb39@group-D40A05E2FCF9-FollowerState was interrupted: java.lang.InterruptedException: sleep interrupted
2019-10-20 18:18:36,746 [grpc-default-executor-10] INFO  impl.RoleInfo (RoleInfo.java:updateAndGet(143)) - 6c5c38af-62e6-4ea7-a24a-078dcb28fb39: start FollowerState
2019-10-20 18:18:36,794 [399079f7-1eb1-4f37-b003-267572525934@group-D40A05E2FCF9-LeaderElection143] INFO  impl.LeaderElection (LeaderElection.java:logAndReturn(56)) - 399079f7-1eb1-4f37-b003-267572525934@group-D40A05E2FCF9-LeaderElection143: Election REJECTED; received 2 response(s) [399079f7-1eb1-4f37-b003-267572525934<-7a43c46a-fc88-4b2d-b2da-ae029cfa60ff#0:FAIL-t76, 399079f7-1eb1-4f37-b003-267572525934<-6c5c38af-62e6-4ea7-a24a-078dcb28fb39#0:FAIL-t76] and 0 exception(s); 399079f7-1eb1-4f37-b003-267572525934@group-D40A05E2FCF9:t76, leader=null, voted=399079f7-1eb1-4f37-b003-267572525934, raftlog=399079f7-1eb1-4f37-b003-267572525934@group-D40A05E2FCF9-SegmentedRaftLog:OPENED:c-1,f-1,i0, conf=-1: [399079f7-1eb1-4f37-b003-267572525934:192.168.164.241:37762, 7a43c46a-fc88-4b2d-b2da-ae029cfa60ff:192.168.164.241:43684, 6c5c38af-62e6-4ea7-a24a-078dcb28fb39:192.168.164.241:45428], old=null
2019-10-20 18:18:36,794 [399079f7-1eb1-4f37-b003-267572525934@group-D40A05E2FCF9-LeaderElection143] INFO  impl.RaftServerImpl (RaftServerImpl.java:setRole(184)) - 399079f7-1eb1-4f37-b003-267572525934@group-D40A05E2FCF9: changes role from CANDIDATE to FOLLOWER at term 76 for DISCOVERED_A_NEW_TERM
2019-10-20 18:18:36,794 [399079f7-1eb1-4f37-b003-267572525934@group-D40A05E2FCF9-LeaderElection143] INFO  impl.RoleInfo (RoleInfo.java:shutdownLeaderElection(134)) - 399079f7-1eb1-4f37-b003-267572525934: shutdown LeaderElection
2019-10-20 18:18:36,795 [399079f7-1eb1-4f37-b003-267572525934@group-D40A05E2FCF9-LeaderElection143] INFO  impl.RoleInfo (RoleInfo.java:updateAndGet(143)) - 399079f7-1eb1-4f37-b003-267572525934: start FollowerState
2019-10-20 18:18:36,804 [Thread-1315] INFO  impl.FollowerState (FollowerState.java:run(108)) - 399079f7-1eb1-4f37-b003-267572525934@group-D40A05E2FCF9-FollowerState: change to CANDIDATE, lastRpcTime:9ms, electionTimeout:9ms
2019-10-20 18:18:36,804 [Thread-1315] INFO  impl.RoleInfo (RoleInfo.java:shutdownFollowerState(121)) - 399079f7-1eb1-4f37-b003-267572525934: shutdown FollowerState
2019-10-20 18:18:36,805 [Thread-1315] INFO  impl.RaftServerImpl (RaftServerImpl.java:setRole(184)) - 399079f7-1eb1-4f37-b003-267572525934@group-D40A05E2FCF9: changes role from  FOLLOWER to CANDIDATE at term 76 for changeToCandidate
2019-10-20 18:18:36,826 [Thread-1315] INFO  impl.RoleInfo (RoleInfo.java:updateAndGet(143)) - 399079f7-1eb1-4f37-b003-267572525934: start LeaderElection
2019-10-20 18:18:36,847 [Thread-1308] INFO  impl.FollowerState (FollowerState.java:run(108)) - b75f8b2e-6273-4c97-b7c5-042674931d23@group-F11756C8BA4A-FollowerState: change to CANDIDATE, lastRpcTime:150ms, electionTimeout:150ms
2019-10-20 18:18:36,847 [Thread-1308] INFO  impl.RoleInfo (RoleInfo.java:shutdownFollowerState(121)) - b75f8b2e-6273-4c97-b7c5-042674931d23: shutdown FollowerState
2019-10-20 18:18:36,847 [Thread-1308] INFO  impl.RaftServerImpl (RaftServerImpl.java:setRole(184)) - b75f8b2e-6273-4c97-b7c5-042674931d23@group-F11756C8BA4A: changes role from  FOLLOWER to CANDIDATE at term 72 for changeToCandidate
2019-10-20 18:18:36,848 [399079f7-1eb1-4f37-b003-267572525934@group-D40A05E2FCF9-LeaderElection144] INFO  impl.LeaderElection (LeaderElection.java:askForVotes(178)) - 399079f7-1eb1-4f37-b003-267572525934@group-D40A05E2FCF9-LeaderElection144: begin an election at term 77 for -1: [399079f7-1eb1-4f37-b003-267572525934:192.168.164.241:37762, 7a43c46a-fc88-4b2d-b2da-ae029cfa60ff:192.168.164.241:43684, 6c5c38af-62e6-4ea7-a24a-078dcb28fb39:192.168.164.241:45428], old=null
2019-10-20 18:18:36,851 [Thread-1308] INFO  impl.RoleInfo (RoleInfo.java:updateAndGet(143)) - b75f8b2e-6273-4c97-b7c5-042674931d23: start LeaderElection
2019-10-20 18:18:36,853 [grpc-default-executor-10] INFO  impl.RaftServerImpl (RaftServerImpl.java:setRole(184)) - 7a43c46a-fc88-4b2d-b2da-ae029cfa60ff@group-D40A05E2FCF9: changes role from  FOLLOWER to FOLLOWER at term 77 for recognizeCandidate:399079f7-1eb1-4f37-b003-267572525934
2019-10-20 18:18:36,853 [grpc-default-executor-1] INFO  impl.RaftServerImpl (RaftServerImpl.java:setRole(184)) - 6c5c38af-62e6-4ea7-a24a-078dcb28fb39@group-D40A05E2FCF9: changes role from  FOLLOWER to FOLLOWER at term 77 for recognizeCandidate:399079f7-1eb1-4f37-b003-267572525934
2019-10-20 18:18:36,854 [grpc-default-executor-10] INFO  impl.RoleInfo (RoleInfo.java:shutdownFollowerState(121)) - 7a43c46a-fc88-4b2d-b2da-ae029cfa60ff: shutdown FollowerState
2019-10-20 18:18:36,854 [grpc-default-executor-1] INFO  impl.RoleInfo (RoleInfo.java:shutdownFollowerState(121)) - 6c5c38af-62e6-4ea7-a24a-078dcb28fb39: shutdown FollowerState
2019-10-20 18:18:36,879 [grpc-default-executor-1] INFO  impl.RoleInfo (RoleInfo.java:updateAndGet(143)) - 6c5c38af-62e6-4ea7-a24a-078dcb28fb39: start FollowerState
2019-10-20 18:18:36,879 [Thread-1314] INFO  impl.FollowerState (FollowerState.java:run(117)) - 6c5c38af-62e6-4ea7-a24a-078dcb28fb39@group-D40A05E2FCF9-FollowerState was interrupted: java.lang.InterruptedException: sleep interrupted
2019-10-20 18:18:36,879 [grpc-default-executor-10] INFO  impl.RoleInfo (RoleInfo.java:updateAndGet(143)) - 7a43c46a-fc88-4b2d-b2da-ae029cfa60ff: start FollowerState
2019-10-20 18:18:36,879 [Thread-1313] INFO  impl.FollowerState (FollowerState.java:run(117)) - 7a43c46a-fc88-4b2d-b2da-ae029cfa60ff@group-D40A05E2FCF9-FollowerState was interrupted: java.lang.InterruptedException: sleep interrupted
2019-10-20 18:18:36,883 [b75f8b2e-6273-4c97-b7c5-042674931d23@group-F11756C8BA4A-LeaderElection145] INFO  impl.LeaderElection (LeaderElection.java:askForVotes(178)) - b75f8b2e-6273-4c97-b7c5-042674931d23@group-F11756C8BA4A-LeaderElection145: begin an election at term 73 for -1: [6ef27e9c-8ddb-4fa1-8c14-ab102acfb1b8:192.168.164.241:38092, b75f8b2e-6273-4c97-b7c5-042674931d23:192.168.164.241:41857, 3750b3a2-715b-46b3-9d0c-9e38136244b9:192.168.164.241:46227], old=null
2019-10-20 18:18:36,905 [399079f7-1eb1-4f37-b003-267572525934@group-D40A05E2FCF9-LeaderElection144] INFO  impl.LeaderElection (LeaderElection.java:logAndReturn(56)) - 399079f7-1eb1-4f37-b003-267572525934@group-D40A05E2FCF9-LeaderElection144: Election REJECTED; received 2 response(s) [399079f7-1eb1-4f37-b003-267572525934<-7a43c46a-fc88-4b2d-b2da-ae029cfa60ff#0:FAIL-t77, 399079f7-1eb1-4f37-b003-267572525934<-6c5c38af-62e6-4ea7-a24a-078dcb28fb39#0:FAIL-t77] and 0 exception(s); 399079f7-1eb1-4f37-b003-267572525934@group-D40A05E2FCF9:t77, leader=null, voted=399079f7-1eb1-4f37-b003-267572525934, raftlog=399079f7-1eb1-4f37-b003-267572525934@group-D40A05E2FCF9-SegmentedRaftLog:OPENED:c-1,f-1,i0, conf=-1: [399079f7-1eb1-4f37-b003-267572525934:192.168.164.241:37762, 7a43c46a-fc88-4b2d-b2da-ae029cfa60ff:192.168.164.241:43684, 6c5c38af-62e6-4ea7-a24a-078dcb28fb39:192.168.164.241:45428], old=null
2019-10-20 18:18:36,905 [399079f7-1eb1-4f37-b003-267572525934@group-D40A05E2FCF9-LeaderElection144] INFO  impl.RaftServerImpl (RaftServerImpl.java:setRole(184)) - 399079f7-1eb1-4f37-b003-267572525934@group-D40A05E2FCF9: changes role from CANDIDATE to FOLLOWER at term 77 for DISCOVERED_A_NEW_TERM
2019-10-20 18:18:36,905 [399079f7-1eb1-4f37-b003-267572525934@group-D40A05E2FCF9-LeaderElection144] INFO  impl.RoleInfo (RoleInfo.java:shutdownLeaderElection(134)) - 399079f7-1eb1-4f37-b003-267572525934: shutdown LeaderElection
2019-10-20 18:18:36,905 [399079f7-1eb1-4f37-b003-267572525934@group-D40A05E2FCF9-LeaderElection144] INFO  impl.RoleInfo (RoleInfo.java:updateAndGet(143)) - 399079f7-1eb1-4f37-b003-267572525934: start FollowerState
2019-10-20 18:18:36,906 [grpc-default-executor-10] INFO  impl.RaftServerImpl (RaftServerImpl.java:setRole(184)) - 3750b3a2-715b-46b3-9d0c-9e38136244b9@group-F11756C8BA4A: changes role from  FOLLOWER to FOLLOWER at term 73 for recognizeCandidate:b75f8b2e-6273-4c97-b7c5-042674931d23
2019-10-20 18:18:36,906 [grpc-default-executor-10] INFO  impl.RoleInfo (RoleInfo.java:shutdownFollowerState(121)) - 3750b3a2-715b-46b3-9d0c-9e38136244b9: shutdown FollowerState
2019-10-20 18:18:36,906 [grpc-default-executor-1] INFO  impl.RaftServerImpl (RaftServerImpl.java:setRole(184)) - 6ef27e9c-8ddb-4fa1-8c14-ab102acfb1b8@group-F11756C8BA4A: changes role from  FOLLOWER to FOLLOWER at term 73 for recognizeCandidate:b75f8b2e-6273-4c97-b7c5-042674931d23
2019-10-20 18:18:36,906 [grpc-default-executor-1] INFO  impl.RoleInfo (RoleInfo.java:shutdownFollowerState(121)) - 6ef27e9c-8ddb-4fa1-8c14-ab102acfb1b8: shutdown FollowerState
2019-10-20 18:18:36,906 [Thread-1306] INFO  impl.FollowerState (FollowerState.java:run(117)) - 3750b3a2-715b-46b3-9d0c-9e38136244b9@group-F11756C8BA4A-FollowerState was interrupted: java.lang.InterruptedException: sleep interrupted
2019-10-20 18:18:36,906 [grpc-default-executor-10] INFO  impl.RoleInfo (RoleInfo.java:updateAndGet(143)) - 3750b3a2-715b-46b3-9d0c-9e38136244b9: start FollowerState
2019-10-20 18:18:36,907 [Thread-1305] INFO  impl.FollowerState (FollowerState.java:run(117)) - 6ef27e9c-8ddb-4fa1-8c14-ab102acfb1b8@group-F11756C8BA4A-FollowerState was interrupted: java.lang.InterruptedException: sleep interrupted
2019-10-20 18:18:36,907 [grpc-default-executor-1] INFO  impl.RoleInfo (RoleInfo.java:updateAndGet(143)) - 6ef27e9c-8ddb-4fa1-8c14-ab102acfb1b8: start FollowerState
2019-10-20 18:18:36,908 [b75f8b2e-6273-4c97-b7c5-042674931d23@group-F11756C8BA4A-LeaderElection145] INFO  impl.LeaderElection (LeaderElection.java:logAndReturn(56)) - b75f8b2e-6273-4c97-b7c5-042674931d23@group-F11756C8BA4A-LeaderElection145: Election TIMEOUT; received 0 response(s) [] and 0 exception(s); b75f8b2e-6273-4c97-b7c5-042674931d23@group-F11756C8BA4A:t73, leader=null, voted=b75f8b2e-6273-4c97-b7c5-042674931d23, raftlog=b75f8b2e-6273-4c97-b7c5-042674931d23@group-F11756C8BA4A-SegmentedRaftLog:OPENED:c-1,f-1,i0, conf=-1: [6ef27e9c-8ddb-4fa1-8c14-ab102acfb1b8:192.168.164.241:38092, b75f8b2e-6273-4c97-b7c5-042674931d23:192.168.164.241:41857, 3750b3a2-715b-46b3-9d0c-9e38136244b9:192.168.164.241:46227], old=null
2019-10-20 18:18:36,927 [Thread-1324] INFO  impl.FollowerState (FollowerState.java:run(108)) - 399079f7-1eb1-4f37-b003-267572525934@group-D40A05E2FCF9-FollowerState: change to CANDIDATE, lastRpcTime:21ms, electionTimeout:21ms
2019-10-20 18:18:36,927 [Thread-1324] INFO  impl.RoleInfo (RoleInfo.java:shutdownFollowerState(121)) - 399079f7-1eb1-4f37-b003-267572525934: shutdown FollowerState
2019-10-20 18:18:36,927 [Thread-1324] INFO  impl.RaftServerImpl (RaftServerImpl.java:setRole(184)) - 399079f7-1eb1-4f37-b003-267572525934@group-D40A05E2FCF9: changes role from  FOLLOWER to CANDIDATE at term 77 for changeToCandidate
2019-10-20 18:18:36,929 [Thread-1324] INFO  impl.RoleInfo (RoleInfo.java:updateAndGet(143)) - 399079f7-1eb1-4f37-b003-267572525934: start LeaderElection
2019-10-20 18:18:36,960 [b75f8b2e-6273-4c97-b7c5-042674931d23@group-F11756C8BA4A-LeaderElection145] INFO  impl.LeaderElection (LeaderElection.java:askForVotes(178)) - b75f8b2e-6273-4c97-b7c5-042674931d23@group-F11756C8BA4A-LeaderElection145: begin an election at term 74 for -1: [6ef27e9c-8ddb-4fa1-8c14-ab102acfb1b8:192.168.164.241:38092, b75f8b2e-6273-4c97-b7c5-042674931d23:192.168.164.241:41857, 3750b3a2-715b-46b3-9d0c-9e38136244b9:192.168.164.241:46227], old=null
2019-10-20 18:18:36,960 [399079f7-1eb1-4f37-b003-267572525934@group-D40A05E2FCF9-LeaderElection146] INFO  impl.LeaderElection (LeaderElection.java:askForVotes(178)) - 399079f7-1eb1-4f37-b003-267572525934@group-D40A05E2FCF9-LeaderElection146: begin an election at term 78 for -1: [399079f7-1eb1-4f37-b003-267572525934:192.168.164.241:37762, 7a43c46a-fc88-4b2d-b2da-ae029cfa60ff:192.168.164.241:43684, 6c5c38af-62e6-4ea7-a24a-078dcb28fb39:192.168.164.241:45428], old=null
2019-10-20 18:18:37,006 [grpc-default-executor-10] INFO  impl.RaftServerImpl (RaftServerImpl.java:setRole(184)) - 6ef27e9c-8ddb-4fa1-8c14-ab102acfb1b8@group-F11756C8BA4A: changes role from  FOLLOWER to FOLLOWER at term 74 for recognizeCandidate:b75f8b2e-6273-4c97-b7c5-042674931d23
2019-10-20 18:18:37,010 [grpc-default-executor-1] INFO  impl.RaftServerImpl (RaftServerImpl.java:setRole(184)) - 6c5c38af-62e6-4ea7-a24a-078dcb28fb39@group-D40A05E2FCF9: changes role from  FOLLOWER to FOLLOWER at term 78 for recognizeCandidate:399079f7-1eb1-4f37-b003-267572525934
2019-10-20 18:18:37,014 [grpc-default-executor-4] INFO  impl.RaftServerImpl (RaftServerImpl.java:setRole(184)) - 3750b3a2-715b-46b3-9d0c-9e38136244b9@group-F11756C8BA4A: changes role from  FOLLOWER to FOLLOWER at term 74 for recognizeCandidate:b75f8b2e-6273-4c97-b7c5-042674931d23
2019-10-20 18:18:37,033 [grpc-default-executor-4] INFO  impl.RoleInfo (RoleInfo.java:shutdownFollowerState(121)) - 3750b3a2-715b-46b3-9d0c-9e38136244b9: shutdown FollowerState
2019-10-20 18:18:37,012 [grpc-default-executor-10] INFO  impl.RoleInfo (RoleInfo.java:shutdownFollowerState(121)) - 6ef27e9c-8ddb-4fa1-8c14-ab102acfb1b8: shutdown FollowerState
2019-10-20 18:18:37,037 [Thread-1325] INFO  impl.FollowerState (FollowerState.java:run(117)) - 3750b3a2-715b-46b3-9d0c-9e38136244b9@group-F11756C8BA4A-FollowerState was interrupted: java.lang.InterruptedException: sleep interrupted
2019-10-20 18:18:37,033 [grpc-default-executor-4] INFO  impl.RoleInfo (RoleInfo.java:updateAndGet(143)) - 3750b3a2-715b-46b3-9d0c-9e38136244b9: start FollowerState
2019-10-20 18:18:37,033 [b75f8b2e-6273-4c97-b7c5-042674931d23@group-F11756C8BA4A-LeaderElection145] INFO  impl.LeaderElection (LeaderElection.java:logAndReturn(56)) - b75f8b2e-6273-4c97-b7c5-042674931d23@group-F11756C8BA4A-LeaderElection145: Election TIMEOUT; received 0 response(s) [] and 0 exception(s); b75f8b2e-6273-4c97-b7c5-042674931d23@group-F11756C8BA4A:t74, leader=null, voted=b75f8b2e-6273-4c97-b7c5-042674931d23, raftlog=b75f8b2e-6273-4c97-b7c5-042674931d23@group-F11756C8BA4A-SegmentedRaftLog:OPENED:c-1,f-1,i0, conf=-1: [6ef27e9c-8ddb-4fa1-8c14-ab102acfb1b8:192.168.164.241:38092, b75f8b2e-6273-4c97-b7c5-042674931d23:192.168.164.241:41857, 3750b3a2-715b-46b3-9d0c-9e38136244b9:192.168.164.241:46227], old=null
2019-10-20 18:18:37,029 [grpc-default-executor-7] INFO  impl.RaftServerImpl (RaftServerImpl.java:setRole(184)) - 7a43c46a-fc88-4b2d-b2da-ae029cfa60ff@group-D40A05E2FCF9: changes role from  FOLLOWER to FOLLOWER at term 78 for recognizeCandidate:399079f7-1eb1-4f37-b003-267572525934
2019-10-20 18:18:37,046 [grpc-default-executor-7] INFO  impl.RoleInfo (RoleInfo.java:shutdownFollowerState(121)) - 7a43c46a-fc88-4b2d-b2da-ae029cfa60ff: shutdown FollowerState
2019-10-20 18:18:37,015 [grpc-default-executor-1] INFO  impl.RoleInfo (RoleInfo.java:shutdownFollowerState(121)) - 6c5c38af-62e6-4ea7-a24a-078dcb28fb39: shutdown FollowerState
2019-10-20 18:18:37,047 [Thread-1321] INFO  impl.FollowerState (FollowerState.java:run(117)) - 7a43c46a-fc88-4b2d-b2da-ae029cfa60ff@group-D40A05E2FCF9-FollowerState was interrupted: java.lang.InterruptedException: sleep interrupted
2019-10-20 18:18:37,046 [grpc-default-executor-7] INFO  impl.RoleInfo (RoleInfo.java:updateAndGet(143)) - 7a43c46a-fc88-4b2d-b2da-ae029cfa60ff: start FollowerState
2019-10-20 18:18:37,037 [grpc-default-executor-10] INFO  impl.RoleInfo (RoleInfo.java:updateAndGet(143)) - 6ef27e9c-8ddb-4fa1-8c14-ab102acfb1b8: start FollowerState
2019-10-20 18:18:37,037 [Thread-1326] INFO  impl.FollowerState (FollowerState.java:run(117)) - 6ef27e9c-8ddb-4fa1-8c14-ab102acfb1b8@group-F11756C8BA4A-FollowerState was interrupted: java.lang.InterruptedException: sleep interrupted
2019-10-20 18:18:37,047 [grpc-default-executor-1] INFO  impl.RoleInfo (RoleInfo.java:updateAndGet(143)) - 6c5c38af-62e6-4ea7-a24a-078dcb28fb39: start FollowerState
2019-10-20 18:18:37,047 [Thread-1320] INFO  impl.FollowerState (FollowerState.java:run(117)) - 6c5c38af-62e6-4ea7-a24a-078dcb28fb39@group-D40A05E2FCF9-FollowerState was interrupted: java.lang.InterruptedException: sleep interrupted
2019-10-20 18:18:37,070 [b75f8b2e-6273-4c97-b7c5-042674931d23@group-F11756C8BA4A-LeaderElection145] INFO  impl.LeaderElection (LeaderElection.java:askForVotes(178)) - b75f8b2e-6273-4c97-b7c5-042674931d23@group-F11756C8BA4A-LeaderElection145: begin an election at term 75 for -1: [6ef27e9c-8ddb-4fa1-8c14-ab102acfb1b8:192.168.164.241:38092, b75f8b2e-6273-4c97-b7c5-042674931d23:192.168.164.241:41857, 3750b3a2-715b-46b3-9d0c-9e38136244b9:192.168.164.241:46227], old=null
2019-10-20 18:18:37,072 [399079f7-1eb1-4f37-b003-267572525934@group-D40A05E2FCF9-LeaderElection146] INFO  impl.LeaderElection (LeaderElection.java:logAndReturn(56)) - 399079f7-1eb1-4f37-b003-267572525934@group-D40A05E2FCF9-LeaderElection146: Election REJECTED; received 2 response(s) [399079f7-1eb1-4f37-b003-267572525934<-7a43c46a-fc88-4b2d-b2da-ae029cfa60ff#0:FAIL-t78, 399079f7-1eb1-4f37-b003-267572525934<-6c5c38af-62e6-4ea7-a24a-078dcb28fb39#0:FAIL-t78] and 0 exception(s); 399079f7-1eb1-4f37-b003-267572525934@group-D40A05E2FCF9:t78, leader=null, voted=399079f7-1eb1-4f37-b003-267572525934, raftlog=399079f7-1eb1-4f37-b003-267572525934@group-D40A05E2FCF9-SegmentedRaftLog:OPENED:c-1,f-1,i0, conf=-1: [399079f7-1eb1-4f37-b003-267572525934:192.168.164.241:37762, 7a43c46a-fc88-4b2d-b2da-ae029cfa60ff:192.168.164.241:43684, 6c5c38af-62e6-4ea7-a24a-078dcb28fb39:192.168.164.241:45428], old=null
2019-10-20 18:18:37,072 [399079f7-1eb1-4f37-b003-267572525934@group-D40A05E2FCF9-LeaderElection146] INFO  impl.RaftServerImpl (RaftServerImpl.java:setRole(184)) - 399079f7-1eb1-4f37-b003-267572525934@group-D40A05E2FCF9: changes role from CANDIDATE to FOLLOWER at term 78 for DISCOVERED_A_NEW_TERM
2019-10-20 18:18:37,072 [399079f7-1eb1-4f37-b003-267572525934@group-D40A05E2FCF9-LeaderElection146] INFO  impl.RoleInfo (RoleInfo.java:shutdownLeaderElection(134)) - 399079f7-1eb1-4f37-b003-267572525934: shutdown LeaderElection
2019-10-20 18:18:37,072 [399079f7-1eb1-4f37-b003-267572525934@group-D40A05E2FCF9-LeaderElection146] INFO  impl.RoleInfo (RoleInfo.java:updateAndGet(143)) - 399079f7-1eb1-4f37-b003-267572525934: start FollowerState
2019-10-20 18:18:37,072 [grpc-default-executor-1] INFO  impl.RaftServerImpl (RaftServerImpl.java:setRole(184)) - 3750b3a2-715b-46b3-9d0c-9e38136244b9@group-F11756C8BA4A: changes role from  FOLLOWER to FOLLOWER at term 75 for recognizeCandidate:b75f8b2e-6273-4c97-b7c5-042674931d23
2019-10-20 18:18:37,073 [grpc-default-executor-10] INFO  impl.RaftServerImpl (RaftServerImpl.java:setRole(184)) - 6ef27e9c-8ddb-4fa1-8c14-ab102acfb1b8@group-F11756C8BA4A: changes role from  FOLLOWER to FOLLOWER at term 75 for recognizeCandidate:b75f8b2e-6273-4c97-b7c5-042674931d23
2019-10-20 18:18:37,073 [grpc-default-executor-10] INFO  impl.RoleInfo (RoleInfo.java:shutdownFollowerState(121)) - 6ef27e9c-8ddb-4fa1-8c14-ab102acfb1b8: shutdown FollowerState
2019-10-20 18:18:37,073 [grpc-default-executor-1] INFO  impl.RoleInfo (RoleInfo.java:shutdownFollowerState(121)) - 3750b3a2-715b-46b3-9d0c-9e38136244b9: shutdown FollowerState
2019-10-20 18:18:37,073 [grpc-default-executor-10] INFO  impl.RoleInfo (RoleInfo.java:updateAndGet(143)) - 6ef27e9c-8ddb-4fa1-8c14-ab102acfb1b8: start FollowerState
2019-10-20 18:18:37,073 [Thread-1333] INFO  impl.FollowerState (FollowerState.java:run(117)) - 6ef27e9c-8ddb-4fa1-8c14-ab102acfb1b8@group-F11756C8BA4A-FollowerState was interrupted: java.lang.InterruptedException: sleep interrupted
2019-10-20 18:18:37,073 [grpc-default-executor-1] INFO  impl.RoleInfo (RoleInfo.java:updateAndGet(143)) - 3750b3a2-715b-46b3-9d0c-9e38136244b9: start FollowerState
2019-10-20 18:18:37,073 [Thread-1332] INFO  impl.FollowerState (FollowerState.java:run(117)) - 3750b3a2-715b-46b3-9d0c-9e38136244b9@group-F11756C8BA4A-FollowerState was interrupted: java.lang.InterruptedException: sleep interrupted
2019-10-20 18:18:37,097 [b75f8b2e-6273-4c97-b7c5-042674931d23@group-F11756C8BA4A-LeaderElection145] INFO  impl.LeaderElection (LeaderElection.java:logAndReturn(56)) - b75f8b2e-6273-4c97-b7c5-042674931d23@group-F11756C8BA4A-LeaderElection145: Election REJECTED; received 2 response(s) [b75f8b2e-6273-4c97-b7c5-042674931d23<-6ef27e9c-8ddb-4fa1-8c14-ab102acfb1b8#0:FAIL-t75, b75f8b2e-6273-4c97-b7c5-042674931d23<-3750b3a2-715b-46b3-9d0c-9e38136244b9#0:FAIL-t75] and 0 exception(s); b75f8b2e-6273-4c97-b7c5-042674931d23@group-F11756C8BA4A:t75, leader=null, voted=b75f8b2e-6273-4c97-b7c5-042674931d23, raftlog=b75f8b2e-6273-4c97-b7c5-042674931d23@group-F11756C8BA4A-SegmentedRaftLog:OPENED:c-1,f-1,i0, conf=-1: [6ef27e9c-8ddb-4fa1-8c14-ab102acfb1b8:192.168.164.241:38092, b75f8b2e-6273-4c97-b7c5-042674931d23:192.168.164.241:41857, 3750b3a2-715b-46b3-9d0c-9e38136244b9:192.168.164.241:46227], old=null
2019-10-20 18:18:37,097 [b75f8b2e-6273-4c97-b7c5-042674931d23@group-F11756C8BA4A-LeaderElection145] INFO  impl.RaftServerImpl (RaftServerImpl.java:setRole(184)) - b75f8b2e-6273-4c97-b7c5-042674931d23@group-F11756C8BA4A: changes role from CANDIDATE to FOLLOWER at term 75 for DISCOVERED_A_NEW_TERM
2019-10-20 18:18:37,097 [b75f8b2e-6273-4c97-b7c5-042674931d23@group-F11756C8BA4A-LeaderElection145] INFO  impl.RoleInfo (RoleInfo.java:shutdownLeaderElection(134)) - b75f8b2e-6273-4c97-b7c5-042674931d23: shutdown LeaderElection
2019-10-20 18:18:37,097 [b75f8b2e-6273-4c97-b7c5-042674931d23@group-F11756C8BA4A-LeaderElection145] INFO  impl.RoleInfo (RoleInfo.java:updateAndGet(143)) - b75f8b2e-6273-4c97-b7c5-042674931d23: start FollowerState
2019-10-20 18:18:37,146 [Thread-1341] INFO  impl.FollowerState (FollowerState.java:run(108)) - b75f8b2e-6273-4c97-b7c5-042674931d23@group-F11756C8BA4A-FollowerState: change to CANDIDATE, lastRpcTime:48ms, electionTimeout:48ms
2019-10-20 18:18:37,146 [Thread-1341] INFO  impl.RoleInfo (RoleInfo.java:shutdownFollowerState(121)) - b75f8b2e-6273-4c97-b7c5-042674931d23: shutdown FollowerState
2019-10-20 18:18:37,146 [Thread-1341] INFO  impl.RaftServerImpl (RaftServerImpl.java:setRole(184)) - b75f8b2e-6273-4c97-b7c5-042674931d23@group-F11756C8BA4A: changes role from  FOLLOWER to CANDIDATE at term 75 for changeToCandidate
2019-10-20 18:18:37,146 [Thread-1341] INFO  impl.RoleInfo (RoleInfo.java:updateAndGet(143)) - b75f8b2e-6273-4c97-b7c5-042674931d23: start LeaderElection
2019-10-20 18:18:37,172 [b75f8b2e-6273-4c97-b7c5-042674931d23@group-F11756C8BA4A-LeaderElection147] INFO  impl.LeaderElection (LeaderElection.java:askForVotes(178)) - b75f8b2e-6273-4c97-b7c5-042674931d23@group-F11756C8BA4A-LeaderElection147: begin an election at term 76 for -1: [6ef27e9c-8ddb-4fa1-8c14-ab102acfb1b8:192.168.164.241:38092, b75f8b2e-6273-4c97-b7c5-042674931d23:192.168.164.241:41857, 3750b3a2-715b-46b3-9d0c-9e38136244b9:192.168.164.241:46227], old=null
2019-10-20 18:18:37,174 [grpc-default-executor-1] INFO  impl.RaftServerImpl (RaftServerImpl.java:setRole(184)) - 3750b3a2-715b-46b3-9d0c-9e38136244b9@group-F11756C8BA4A: changes role from  FOLLOWER to FOLLOWER at term 76 for recognizeCandidate:b75f8b2e-6273-4c97-b7c5-042674931d23
2019-10-20 18:18:37,174 [grpc-default-executor-1] INFO  impl.RoleInfo (RoleInfo.java:shutdownFollowerState(121)) - 3750b3a2-715b-46b3-9d0c-9e38136244b9: shutdown FollowerState
2019-10-20 18:18:37,174 [grpc-default-executor-10] INFO  impl.RaftServerImpl (RaftServerImpl.java:setRole(184)) - 6ef27e9c-8ddb-4fa1-8c14-ab102acfb1b8@group-F11756C8BA4A: changes role from  FOLLOWER to FOLLOWER at term 76 for recognizeCandidate:b75f8b2e-6273-4c97-b7c5-042674931d23
2019-10-20 18:18:37,174 [Thread-1340] INFO  impl.FollowerState (FollowerState.java:run(117)) - 3750b3a2-715b-46b3-9d0c-9e38136244b9@group-F11756C8BA4A-FollowerState was interrupted: java.lang.InterruptedException: sleep interrupted
2019-10-20 18:18:37,174 [grpc-default-executor-1] INFO  impl.RoleInfo (RoleInfo.java:updateAndGet(143)) - 3750b3a2-715b-46b3-9d0c-9e38136244b9: start FollowerState
2019-10-20 18:18:37,174 [grpc-default-executor-10] INFO  impl.RoleInfo (RoleInfo.java:shutdownFollowerState(121)) - 6ef27e9c-8ddb-4fa1-8c14-ab102acfb1b8: shutdown FollowerState
2019-10-20 18:18:37,175 [Thread-1339] INFO  impl.FollowerState (FollowerState.java:run(117)) - 6ef27e9c-8ddb-4fa1-8c14-ab102acfb1b8@group-F11756C8BA4A-FollowerState was interrupted: java.lang.InterruptedException: sleep interrupted
2019-10-20 18:18:37,175 [grpc-default-executor-10] INFO  impl.RoleInfo (RoleInfo.java:updateAndGet(143)) - 6ef27e9c-8ddb-4fa1-8c14-ab102acfb1b8: start FollowerState
2019-10-20 18:18:37,186 [Thread-1338] INFO  impl.FollowerState (FollowerState.java:run(108)) - 399079f7-1eb1-4f37-b003-267572525934@group-D40A05E2FCF9-FollowerState: change to CANDIDATE, lastRpcTime:114ms, electionTimeout:114ms
2019-10-20 18:18:37,187 [Thread-1338] INFO  impl.RoleInfo (RoleInfo.java:shutdownFollowerState(121)) - 399079f7-1eb1-4f37-b003-267572525934: shutdown FollowerState
2019-10-20 18:18:37,187 [Thread-1338] INFO  impl.RaftServerImpl (RaftServerImpl.java:setRole(184)) - 399079f7-1eb1-4f37-b003-267572525934@group-D40A05E2FCF9: changes role from  FOLLOWER to CANDIDATE at term 78 for changeToCandidate
2019-10-20 18:18:37,187 [Thread-1338] INFO  impl.RoleInfo (RoleInfo.java:updateAndGet(143)) - 399079f7-1eb1-4f37-b003-267572525934: start LeaderElection
2019-10-20 18:18:37,198 [b75f8b2e-6273-4c97-b7c5-042674931d23@group-F11756C8BA4A-LeaderElection147] INFO  impl.LeaderElection (LeaderElection.java:logAndReturn(56)) - b75f8b2e-6273-4c97-b7c5-042674931d23@group-F11756C8BA4A-LeaderElection147: Election REJECTED; received 2 response(s) [b75f8b2e-6273-4c97-b7c5-042674931d23<-6ef27e9c-8ddb-4fa1-8c14-ab102acfb1b8#0:FAIL-t76, b75f8b2e-6273-4c97-b7c5-042674931d23<-3750b3a2-715b-46b3-9d0c-9e38136244b9#0:FAIL-t76] and 0 exception(s); b75f8b2e-6273-4c97-b7c5-042674931d23@group-F11756C8BA4A:t76, leader=null, voted=b75f8b2e-6273-4c97-b7c5-042674931d23, raftlog=b75f8b2e-6273-4c97-b7c5-042674931d23@group-F11756C8BA4A-SegmentedRaftLog:OPENED:c-1,f-1,i0, conf=-1: [6ef27e9c-8ddb-4fa1-8c14-ab102acfb1b8:192.168.164.241:38092, b75f8b2e-6273-4c97-b7c5-042674931d23:192.168.164.241:41857, 3750b3a2-715b-46b3-9d0c-9e38136244b9:192.168.164.241:46227], old=null
2019-10-20 18:18:37,198 [b75f8b2e-6273-4c97-b7c5-042674931d23@group-F11756C8BA4A-LeaderElection147] INFO  impl.RaftServerImpl (RaftServerImpl.java:setRole(184)) - b75f8b2e-6273-4c97-b7c5-042674931d23@group-F11756C8BA4A: changes role from CANDIDATE to FOLLOWER at term 76 for DISCOVERED_A_NEW_TERM
2019-10-20 18:18:37,199 [b75f8b2e-6273-4c97-b7c5-042674931d23@group-F11756C8BA4A-LeaderElection147] INFO  impl.RoleInfo (RoleInfo.java:shutdownLeaderElection(134)) - b75f8b2e-6273-4c97-b7c5-042674931d23: shutdown LeaderElection
2019-10-20 18:18:37,199 [b75f8b2e-6273-4c97-b7c5-042674931d23@group-F11756C8BA4A-LeaderElection147] INFO  impl.RoleInfo (RoleInfo.java:updateAndGet(143)) - b75f8b2e-6273-4c97-b7c5-042674931d23: start FollowerState
2019-10-20 18:18:37,223 [399079f7-1eb1-4f37-b003-267572525934@group-D40A05E2FCF9-LeaderElection148] INFO  impl.LeaderElection (LeaderElection.java:askForVotes(178)) - 399079f7-1eb1-4f37-b003-267572525934@group-D40A05E2FCF9-LeaderElection148: begin an election at term 79 for -1: [399079f7-1eb1-4f37-b003-267572525934:192.168.164.241:37762, 7a43c46a-fc88-4b2d-b2da-ae029cfa60ff:192.168.164.241:43684, 6c5c38af-62e6-4ea7-a24a-078dcb28fb39:192.168.164.241:45428], old=null
2019-10-20 18:18:37,225 [grpc-default-executor-1] INFO  impl.RaftServerImpl (RaftServerImpl.java:setRole(184)) - 6c5c38af-62e6-4ea7-a24a-078dcb28fb39@group-D40A05E2FCF9: changes role from  FOLLOWER to FOLLOWER at term 79 for recognizeCandidate:399079f7-1eb1-4f37-b003-267572525934
2019-10-20 18:18:37,225 [grpc-default-executor-1] INFO  impl.RoleInfo (RoleInfo.java:shutdownFollowerState(121)) - 6c5c38af-62e6-4ea7-a24a-078dcb28fb39: shutdown FollowerState
2019-10-20 18:18:37,225 [grpc-default-executor-10] INFO  impl.RaftServerImpl (RaftServerImpl.java:setRole(184)) - 7a43c46a-fc88-4b2d-b2da-ae029cfa60ff@group-D40A05E2FCF9: changes role from  FOLLOWER to FOLLOWER at term 79 for recognizeCandidate:399079f7-1eb1-4f37-b003-267572525934
2019-10-20 18:18:37,226 [Thread-1335] INFO  impl.FollowerState (FollowerState.java:run(117)) - 6c5c38af-62e6-4ea7-a24a-078dcb28fb39@group-D40A05E2FCF9-FollowerState was interrupted: java.lang.InterruptedException: sleep interrupted
2019-10-20 18:18:37,226 [grpc-default-executor-1] INFO  impl.RoleInfo (RoleInfo.java:updateAndGet(143)) - 6c5c38af-62e6-4ea7-a24a-078dcb28fb39: start FollowerState
2019-10-20 18:18:37,226 [grpc-default-executor-10] INFO  impl.RoleInfo (RoleInfo.java:shutdownFollowerState(121)) - 7a43c46a-fc88-4b2d-b2da-ae029cfa60ff: shutdown FollowerState
2019-10-20 18:18:37,226 [grpc-default-executor-10] INFO  impl.RoleInfo (RoleInfo.java:updateAndGet(143)) - 7a43c46a-fc88-4b2d-b2da-ae029cfa60ff: start FollowerState
2019-10-20 18:18:37,226 [Thread-1334] INFO  impl.FollowerState (FollowerState.java:run(117)) - 7a43c46a-fc88-4b2d-b2da-ae029cfa60ff@group-D40A05E2FCF9-FollowerState was interrupted: java.lang.InterruptedException: sleep interrupted
2019-10-20 18:18:37,249 [399079f7-1eb1-4f37-b003-267572525934@group-D40A05E2FCF9-LeaderElection148] INFO  impl.LeaderElection (LeaderElection.java:logAndReturn(56)) - 399079f7-1eb1-4f37-b003-267572525934@group-D40A05E2FCF9-LeaderElection148: Election REJECTED; received 2 response(s) [399079f7-1eb1-4f37-b003-267572525934<-7a43c46a-fc88-4b2d-b2da-ae029cfa60ff#0:FAIL-t79, 399079f7-1eb1-4f37-b003-267572525934<-6c5c38af-62e6-4ea7-a24a-078dcb28fb39#0:FAIL-t79] and 0 exception(s); 399079f7-1eb1-4f37-b003-267572525934@group-D40A05E2FCF9:t79, leader=null, voted=399079f7-1eb1-4f37-b003-267572525934, raftlog=399079f7-1eb1-4f37-b003-267572525934@group-D40A05E2FCF9-SegmentedRaftLog:OPENED:c-1,f-1,i0, conf=-1: [399079f7-1eb1-4f37-b003-267572525934:192.168.164.241:37762, 7a43c46a-fc88-4b2d-b2da-ae029cfa60ff:192.168.164.241:43684, 6c5c38af-62e6-4ea7-a24a-078dcb28fb39:192.168.164.241:45428], old=null
2019-10-20 18:18:37,249 [399079f7-1eb1-4f37-b003-267572525934@group-D40A05E2FCF9-LeaderElection148] INFO  impl.RaftServerImpl (RaftServerImpl.java:setRole(184)) - 399079f7-1eb1-4f37-b003-267572525934@group-D40A05E2FCF9: changes role from CANDIDATE to FOLLOWER at term 79 for DISCOVERED_A_NEW_TERM
2019-10-20 18:18:37,250 [399079f7-1eb1-4f37-b003-267572525934@group-D40A05E2FCF9-LeaderElection148] INFO  impl.RoleInfo (RoleInfo.java:shutdownLeaderElection(134)) - 399079f7-1eb1-4f37-b003-267572525934: shutdown LeaderElection
2019-10-20 18:18:37,250 [399079f7-1eb1-4f37-b003-267572525934@group-D40A05E2FCF9-LeaderElection148] INFO  impl.RoleInfo (RoleInfo.java:updateAndGet(143)) - 399079f7-1eb1-4f37-b003-267572525934: start FollowerState
2019-10-20 18:18:37,254 [Thread-1348] INFO  impl.FollowerState (FollowerState.java:run(108)) - b75f8b2e-6273-4c97-b7c5-042674931d23@group-F11756C8BA4A-FollowerState: change to CANDIDATE, lastRpcTime:55ms, electionTimeout:55ms
2019-10-20 18:18:37,254 [Thread-1348] INFO  impl.RoleInfo (RoleInfo.java:shutdownFollowerState(121)) - b75f8b2e-6273-4c97-b7c5-042674931d23: shutdown FollowerState
2019-10-20 18:18:37,254 [Thread-1348] INFO  impl.RaftServerImpl (RaftServerImpl.java:setRole(184)) - b75f8b2e-6273-4c97-b7c5-042674931d23@group-F11756C8BA4A: changes role from  FOLLOWER to CANDIDATE at term 76 for changeToCandidate
2019-10-20 18:18:37,255 [Thread-1348] INFO  impl.RoleInfo (RoleInfo.java:updateAndGet(143)) - b75f8b2e-6273-4c97-b7c5-042674931d23: start LeaderElection
2019-10-20 18:18:37,277 [b75f8b2e-6273-4c97-b7c5-042674931d23@group-F11756C8BA4A-LeaderElection149] INFO  impl.LeaderElection (LeaderElection.java:askForVotes(178)) - b75f8b2e-6273-4c97-b7c5-042674931d23@group-F11756C8BA4A-LeaderElection149: begin an election at term 77 for -1: [6ef27e9c-8ddb-4fa1-8c14-ab102acfb1b8:192.168.164.241:38092, b75f8b2e-6273-4c97-b7c5-042674931d23:192.168.164.241:41857, 3750b3a2-715b-46b3-9d0c-9e38136244b9:192.168.164.241:46227], old=null
2019-10-20 18:18:37,280 [grpc-default-executor-4] INFO  impl.RaftServerImpl (RaftServerImpl.java:setRole(184)) - 6ef27e9c-8ddb-4fa1-8c14-ab102acfb1b8@group-F11756C8BA4A: changes role from  FOLLOWER to FOLLOWER at term 77 for recognizeCandidate:b75f8b2e-6273-4c97-b7c5-042674931d23
2019-10-20 18:18:37,280 [grpc-default-executor-4] INFO  impl.RoleInfo (RoleInfo.java:shutdownFollowerState(121)) - 6ef27e9c-8ddb-4fa1-8c14-ab102acfb1b8: shutdown FollowerState
2019-10-20 18:18:37,280 [grpc-default-executor-4] INFO  impl.RoleInfo (RoleInfo.java:updateAndGet(143)) - 6ef27e9c-8ddb-4fa1-8c14-ab102acfb1b8: start FollowerState
2019-10-20 18:18:37,280 [Thread-1346] INFO  impl.FollowerState (FollowerState.java:run(117)) - 6ef27e9c-8ddb-4fa1-8c14-ab102acfb1b8@group-F11756C8BA4A-FollowerState was interrupted: java.lang.InterruptedException: sleep interrupted
2019-10-20 18:18:37,281 [grpc-default-executor-1] INFO  impl.RaftServerImpl (RaftServerImpl.java:setRole(184)) - 3750b3a2-715b-46b3-9d0c-9e38136244b9@group-F11756C8BA4A: changes role from  FOLLOWER to FOLLOWER at term 77 for recognizeCandidate:b75f8b2e-6273-4c97-b7c5-042674931d23
2019-10-20 18:18:37,281 [grpc-default-executor-1] INFO  impl.RoleInfo (RoleInfo.java:shutdownFollowerState(121)) - 3750b3a2-715b-46b3-9d0c-9e38136244b9: shutdown FollowerState
2019-10-20 18:18:37,281 [grpc-default-executor-1] INFO  impl.RoleInfo (RoleInfo.java:updateAndGet(143)) - 3750b3a2-715b-46b3-9d0c-9e38136244b9: start FollowerState
2019-10-20 18:18:37,281 [Thread-1345] INFO  impl.FollowerState (FollowerState.java:run(117)) - 3750b3a2-715b-46b3-9d0c-9e38136244b9@group-F11756C8BA4A-FollowerState was interrupted: java.lang.InterruptedException: sleep interrupted
2019-10-20 18:18:37,300 [b75f8b2e-6273-4c97-b7c5-042674931d23@group-F11756C8BA4A-LeaderElection149] INFO  impl.LeaderElection (LeaderElection.java:logAndReturn(56)) - b75f8b2e-6273-4c97-b7c5-042674931d23@group-F11756C8BA4A-LeaderElection149: Election REJECTED; received 2 response(s) [b75f8b2e-6273-4c97-b7c5-042674931d23<-6ef27e9c-8ddb-4fa1-8c14-ab102acfb1b8#0:FAIL-t77, b75f8b2e-6273-4c97-b7c5-042674931d23<-3750b3a2-715b-46b3-9d0c-9e38136244b9#0:FAIL-t77] and 0 exception(s); b75f8b2e-6273-4c97-b7c5-042674931d23@group-F11756C8BA4A:t77, leader=null, voted=b75f8b2e-6273-4c97-b7c5-042674931d23, raftlog=b75f8b2e-6273-4c97-b7c5-042674931d23@group-F11756C8BA4A-SegmentedRaftLog:OPENED:c-1,f-1,i0, conf=-1: [6ef27e9c-8ddb-4fa1-8c14-ab102acfb1b8:192.168.164.241:38092, b75f8b2e-6273-4c97-b7c5-042674931d23:192.168.164.241:41857, 3750b3a2-715b-46b3-9d0c-9e38136244b9:192.168.164.241:46227], old=null
2019-10-20 18:18:37,301 [b75f8b2e-6273-4c97-b7c5-042674931d23@group-F11756C8BA4A-LeaderElection149] INFO  impl.RaftServerImpl (RaftServerImpl.java:setRole(184)) - b75f8b2e-6273-4c97-b7c5-042674931d23@group-F11756C8BA4A: changes role from CANDIDATE to FOLLOWER at term 77 for DISCOVERED_A_NEW_TERM
2019-10-20 18:18:37,301 [b75f8b2e-6273-4c97-b7c5-042674931d23@group-F11756C8BA4A-LeaderElection149] INFO  impl.RoleInfo (RoleInfo.java:shutdownLeaderElection(134)) - b75f8b2e-6273-4c97-b7c5-042674931d23: shutdown LeaderElection
2019-10-20 18:18:37,301 [b75f8b2e-6273-4c97-b7c5-042674931d23@group-F11756C8BA4A-LeaderElection149] INFO  impl.RoleInfo (RoleInfo.java:updateAndGet(143)) - b75f8b2e-6273-4c97-b7c5-042674931d23: start FollowerState
2019-10-20 18:18:37,350 [Thread-1355] INFO  impl.FollowerState (FollowerState.java:run(108)) - 399079f7-1eb1-4f37-b003-267572525934@group-D40A05E2FCF9-FollowerState: change to CANDIDATE, lastRpcTime:100ms, electionTimeout:100ms
2019-10-20 18:18:37,350 [Thread-1355] INFO  impl.RoleInfo (RoleInfo.java:shutdownFollowerState(121)) - 399079f7-1eb1-4f37-b003-267572525934: shutdown FollowerState
2019-10-20 18:18:37,350 [Thread-1355] INFO  impl.RaftServerImpl (RaftServerImpl.java:setRole(184)) - 399079f7-1eb1-4f37-b003-267572525934@group-D40A05E2FCF9: changes role from  FOLLOWER to CANDIDATE at term 79 for changeToCandidate
2019-10-20 18:18:37,351 [Thread-1355] INFO  impl.RoleInfo (RoleInfo.java:updateAndGet(143)) - 399079f7-1eb1-4f37-b003-267572525934: start LeaderElection
2019-10-20 18:18:37,377 [399079f7-1eb1-4f37-b003-267572525934@group-D40A05E2FCF9-LeaderElection150] INFO  impl.LeaderElection (LeaderElection.java:askForVotes(178)) - 399079f7-1eb1-4f37-b003-267572525934@group-D40A05E2FCF9-LeaderElection150: begin an election at term 80 for -1: [399079f7-1eb1-4f37-b003-267572525934:192.168.164.241:37762, 7a43c46a-fc88-4b2d-b2da-ae029cfa60ff:192.168.164.241:43684, 6c5c38af-62e6-4ea7-a24a-078dcb28fb39:192.168.164.241:45428], old=null
2019-10-20 18:18:37,379 [grpc-default-executor-1] INFO  impl.RaftServerImpl (RaftServerImpl.java:setRole(184)) - 6c5c38af-62e6-4ea7-a24a-078dcb28fb39@group-D40A05E2FCF9: changes role from  FOLLOWER to FOLLOWER at term 80 for recognizeCandidate:399079f7-1eb1-4f37-b003-267572525934
2019-10-20 18:18:37,379 [grpc-default-executor-10] INFO  impl.RaftServerImpl (RaftServerImpl.java:setRole(184)) - 7a43c46a-fc88-4b2d-b2da-ae029cfa60ff@group-D40A05E2FCF9: changes role from  FOLLOWER to FOLLOWER at term 80 for recognizeCandidate:399079f7-1eb1-4f37-b003-267572525934
2019-10-20 18:18:37,379 [grpc-default-executor-1] INFO  impl.RoleInfo (RoleInfo.java:shutdownFollowerState(121)) - 6c5c38af-62e6-4ea7-a24a-078dcb28fb39: shutdown FollowerState
2019-10-20 18:18:37,379 [grpc-default-executor-10] INFO  impl.RoleInfo (RoleInfo.java:shutdownFollowerState(121)) - 7a43c46a-fc88-4b2d-b2da-ae029cfa60ff: shutdown FollowerState
2019-10-20 18:18:37,383 [main] WARN  io.KeyOutputStream (KeyOutputStream.java:handleException(274)) - Encountered exception java.io.IOException: Unexpected Storage Container Exception: java.util.concurrent.CompletionException: java.util.concurrent.CompletionException: org.apache.ratis.protocol.RaftRetryFailureException: Failed RaftClientRequest:client-795E8943E5CD->6ef27e9c-8ddb-4fa1-8c14-ab102acfb1b8@group-F11756C8BA4A, cid=19, seq=1*, RW, cmdType: WriteChunk
traceID: "98fd7cd6eb1b5473:98fd7cd6eb1b5473:0:0"
containerID: 1
datanodeUuid: "3750b3a2-715b-46b3-9d0c-9e38136244b9"
writeChunk {
  blockID {
    containerID: 1
    localID: 102996083176112128
    blockCommitSequenceId: 0
  }
  chunkData {
    chunkName: "102996083176112128_chunk_1"
    offset: 0
    len: 1048576
    checksumData {
      type: CRC32
      bytesPerChecksum: 1048576
      checksums: "\361\003\002\247"
    }
  }
}
, data.size=1048576 for 10 attempts with RetryLimited(maxAttempts=10, sleepTime=1000ms) on the pipeline Pipeline[ Id: 18c7e0e8-7295-4f89-a889-f11756c8ba4a, Nodes: 3750b3a2-715b-46b3-9d0c-9e38136244b9{ip: 192.168.164.241, host: pr-hdds-2334-8x2sg-1875309799, networkLocation: /default-rack, certSerialId: null}b75f8b2e-6273-4c97-b7c5-042674931d23{ip: 192.168.164.241, host: pr-hdds-2334-8x2sg-1875309799, networkLocation: /default-rack, certSerialId: null}6ef27e9c-8ddb-4fa1-8c14-ab102acfb1b8{ip: 192.168.164.241, host: pr-hdds-2334-8x2sg-1875309799, networkLocation: /default-rack, certSerialId: null}, Type:RATIS, Factor:THREE, State:OPEN]. The last committed block length is 0, uncommitted data length is 2097152 retry count 0
2019-10-20 18:18:37,383 [grpc-default-executor-1] INFO  impl.RoleInfo (RoleInfo.java:updateAndGet(143)) - 6c5c38af-62e6-4ea7-a24a-078dcb28fb39: start FollowerState
2019-10-20 18:18:37,383 [Thread-1351] INFO  impl.FollowerState (FollowerState.java:run(117)) - 6c5c38af-62e6-4ea7-a24a-078dcb28fb39@group-D40A05E2FCF9-FollowerState was interrupted: java.lang.InterruptedException: sleep interrupted
2019-10-20 18:18:37,383 [Thread-1352] INFO  impl.FollowerState (FollowerState.java:run(117)) - 7a43c46a-fc88-4b2d-b2da-ae029cfa60ff@group-D40A05E2FCF9-FollowerState was interrupted: java.lang.InterruptedException: sleep interrupted
2019-10-20 18:18:37,383 [grpc-default-executor-10] INFO  impl.RoleInfo (RoleInfo.java:updateAndGet(143)) - 7a43c46a-fc88-4b2d-b2da-ae029cfa60ff: start FollowerState
2019-10-20 18:18:37,412 [399079f7-1eb1-4f37-b003-267572525934@group-D40A05E2FCF9-LeaderElection150] INFO  impl.LeaderElection (LeaderElection.java:logAndReturn(56)) - 399079f7-1eb1-4f37-b003-267572525934@group-D40A05E2FCF9-LeaderElection150: Election REJECTED; received 2 response(s) [399079f7-1eb1-4f37-b003-267572525934<-7a43c46a-fc88-4b2d-b2da-ae029cfa60ff#0:FAIL-t80, 399079f7-1eb1-4f37-b003-267572525934<-6c5c38af-62e6-4ea7-a24a-078dcb28fb39#0:FAIL-t80] and 0 exception(s); 399079f7-1eb1-4f37-b003-267572525934@group-D40A05E2FCF9:t80, leader=null, voted=399079f7-1eb1-4f37-b003-267572525934, raftlog=399079f7-1eb1-4f37-b003-267572525934@group-D40A05E2FCF9-SegmentedRaftLog:OPENED:c-1,f-1,i0, conf=-1: [399079f7-1eb1-4f37-b003-267572525934:192.168.164.241:37762, 7a43c46a-fc88-4b2d-b2da-ae029cfa60ff:192.168.164.241:43684, 6c5c38af-62e6-4ea7-a24a-078dcb28fb39:192.168.164.241:45428], old=null
2019-10-20 18:18:37,414 [399079f7-1eb1-4f37-b003-267572525934@group-D40A05E2FCF9-LeaderElection150] INFO  impl.RaftServerImpl (RaftServerImpl.java:setRole(184)) - 399079f7-1eb1-4f37-b003-267572525934@group-D40A05E2FCF9: changes role from CANDIDATE to FOLLOWER at term 80 for DISCOVERED_A_NEW_TERM
2019-10-20 18:18:37,415 [399079f7-1eb1-4f37-b003-267572525934@group-D40A05E2FCF9-LeaderElection150] INFO  impl.RoleInfo (RoleInfo.java:shutdownLeaderElection(134)) - 399079f7-1eb1-4f37-b003-267572525934: shutdown LeaderElection
2019-10-20 18:18:37,418 [399079f7-1eb1-4f37-b003-267572525934@group-D40A05E2FCF9-LeaderElection150] INFO  impl.RoleInfo (RoleInfo.java:updateAndGet(143)) - 399079f7-1eb1-4f37-b003-267572525934: start FollowerState
2019-10-20 18:18:37,500 [Thread-1363] INFO  impl.FollowerState (FollowerState.java:run(108)) - b75f8b2e-6273-4c97-b7c5-042674931d23@group-F11756C8BA4A-FollowerState: change to CANDIDATE, lastRpcTime:199ms, electionTimeout:199ms
2019-10-20 18:18:37,501 [Thread-1363] INFO  impl.RoleInfo (RoleInfo.java:shutdownFollowerState(121)) - b75f8b2e-6273-4c97-b7c5-042674931d23: shutdown FollowerState
2019-10-20 18:18:37,501 [Thread-1363] INFO  impl.RaftServerImpl (RaftServerImpl.java:setRole(184)) - b75f8b2e-6273-4c97-b7c5-042674931d23@group-F11756C8BA4A: changes role from  FOLLOWER to CANDIDATE at term 77 for changeToCandidate
2019-10-20 18:18:37,501 [Thread-1363] INFO  impl.RoleInfo (RoleInfo.java:updateAndGet(143)) - b75f8b2e-6273-4c97-b7c5-042674931d23: start LeaderElection
2019-10-20 18:18:37,529 [b75f8b2e-6273-4c97-b7c5-042674931d23@group-F11756C8BA4A-LeaderElection151] INFO  impl.LeaderElection (LeaderElection.java:askForVotes(178)) - b75f8b2e-6273-4c97-b7c5-042674931d23@group-F11756C8BA4A-LeaderElection151: begin an election at term 78 for -1: [6ef27e9c-8ddb-4fa1-8c14-ab102acfb1b8:192.168.164.241:38092, b75f8b2e-6273-4c97-b7c5-042674931d23:192.168.164.241:41857, 3750b3a2-715b-46b3-9d0c-9e38136244b9:192.168.164.241:46227], old=null
2019-10-20 18:18:37,531 [grpc-default-executor-1] INFO  impl.RaftServerImpl (RaftServerImpl.java:setRole(184)) - 6ef27e9c-8ddb-4fa1-8c14-ab102acfb1b8@group-F11756C8BA4A: changes role from  FOLLOWER to FOLLOWER at term 78 for recognizeCandidate:b75f8b2e-6273-4c97-b7c5-042674931d23
2019-10-20 18:18:37,531 [grpc-default-executor-10] INFO  impl.RaftServerImpl (RaftServerImpl.java:setRole(184)) - 3750b3a2-715b-46b3-9d0c-9e38136244b9@group-F11756C8BA4A: changes role from  FOLLOWER to FOLLOWER at term 78 for recognizeCandidate:b75f8b2e-6273-4c97-b7c5-042674931d23
2019-10-20 18:18:37,531 [grpc-default-executor-1] INFO  impl.RoleInfo (RoleInfo.java:shutdownFollowerState(121)) - 6ef27e9c-8ddb-4fa1-8c14-ab102acfb1b8: shutdown FollowerState
2019-10-20 18:18:37,531 [grpc-default-executor-10] INFO  impl.RoleInfo (RoleInfo.java:shutdownFollowerState(121)) - 3750b3a2-715b-46b3-9d0c-9e38136244b9: shutdown FollowerState
2019-10-20 18:18:37,531 [Thread-1361] INFO  impl.FollowerState (FollowerState.java:run(117)) - 6ef27e9c-8ddb-4fa1-8c14-ab102acfb1b8@group-F11756C8BA4A-FollowerState was interrupted: java.lang.InterruptedException: sleep interrupted
2019-10-20 18:18:37,531 [grpc-default-executor-1] INFO  impl.RoleInfo (RoleInfo.java:updateAndGet(143)) - 6ef27e9c-8ddb-4fa1-8c14-ab102acfb1b8: start FollowerState
2019-10-20 18:18:37,531 [Thread-1362] INFO  impl.FollowerState (FollowerState.java:run(117)) - 3750b3a2-715b-46b3-9d0c-9e38136244b9@group-F11756C8BA4A-FollowerState was interrupted: java.lang.InterruptedException: sleep interrupted
2019-10-20 18:18:37,531 [grpc-default-executor-10] INFO  impl.RoleInfo (RoleInfo.java:updateAndGet(143)) - 3750b3a2-715b-46b3-9d0c-9e38136244b9: start FollowerState
2019-10-20 18:18:37,555 [b75f8b2e-6273-4c97-b7c5-042674931d23@group-F11756C8BA4A-LeaderElection151] INFO  impl.LeaderElection (LeaderElection.java:logAndReturn(56)) - b75f8b2e-6273-4c97-b7c5-042674931d23@group-F11756C8BA4A-LeaderElection151: Election REJECTED; received 2 response(s) [b75f8b2e-6273-4c97-b7c5-042674931d23<-6ef27e9c-8ddb-4fa1-8c14-ab102acfb1b8#0:FAIL-t78, b75f8b2e-6273-4c97-b7c5-042674931d23<-3750b3a2-715b-46b3-9d0c-9e38136244b9#0:FAIL-t78] and 0 exception(s); b75f8b2e-6273-4c97-b7c5-042674931d23@group-F11756C8BA4A:t78, leader=null, voted=b75f8b2e-6273-4c97-b7c5-042674931d23, raftlog=b75f8b2e-6273-4c97-b7c5-042674931d23@group-F11756C8BA4A-SegmentedRaftLog:OPENED:c-1,f-1,i0, conf=-1: [6ef27e9c-8ddb-4fa1-8c14-ab102acfb1b8:192.168.164.241:38092, b75f8b2e-6273-4c97-b7c5-042674931d23:192.168.164.241:41857, 3750b3a2-715b-46b3-9d0c-9e38136244b9:192.168.164.241:46227], old=null
2019-10-20 18:18:37,555 [b75f8b2e-6273-4c97-b7c5-042674931d23@group-F11756C8BA4A-LeaderElection151] INFO  impl.RaftServerImpl (RaftServerImpl.java:setRole(184)) - b75f8b2e-6273-4c97-b7c5-042674931d23@group-F11756C8BA4A: changes role from CANDIDATE to FOLLOWER at term 78 for DISCOVERED_A_NEW_TERM
2019-10-20 18:18:37,555 [b75f8b2e-6273-4c97-b7c5-042674931d23@group-F11756C8BA4A-LeaderElection151] INFO  impl.RoleInfo (RoleInfo.java:shutdownLeaderElection(134)) - b75f8b2e-6273-4c97-b7c5-042674931d23: shutdown LeaderElection
2019-10-20 18:18:37,555 [b75f8b2e-6273-4c97-b7c5-042674931d23@group-F11756C8BA4A-LeaderElection151] INFO  impl.RoleInfo (RoleInfo.java:updateAndGet(143)) - b75f8b2e-6273-4c97-b7c5-042674931d23: start FollowerState
2019-10-20 18:18:37,561 [Thread-1378] INFO  impl.FollowerState (FollowerState.java:run(108)) - b75f8b2e-6273-4c97-b7c5-042674931d23@group-F11756C8BA4A-FollowerState: change to CANDIDATE, lastRpcTime:5ms, electionTimeout:5ms
2019-10-20 18:18:37,561 [Thread-1378] INFO  impl.RoleInfo (RoleInfo.java:shutdownFollowerState(121)) - b75f8b2e-6273-4c97-b7c5-042674931d23: shutdown FollowerState
2019-10-20 18:18:37,561 [Thread-1378] INFO  impl.RaftServerImpl (RaftServerImpl.java:setRole(184)) - b75f8b2e-6273-4c97-b7c5-042674931d23@group-F11756C8BA4A: changes role from  FOLLOWER to CANDIDATE at term 78 for changeToCandidate
2019-10-20 18:18:37,561 [Thread-1378] INFO  impl.RoleInfo (RoleInfo.java:updateAndGet(143)) - b75f8b2e-6273-4c97-b7c5-042674931d23: start LeaderElection
2019-10-20 18:18:37,588 [b75f8b2e-6273-4c97-b7c5-042674931d23@group-F11756C8BA4A-LeaderElection152] INFO  impl.LeaderElection (LeaderElection.java:askForVotes(178)) - b75f8b2e-6273-4c97-b7c5-042674931d23@group-F11756C8BA4A-LeaderElection152: begin an election at term 79 for -1: [6ef27e9c-8ddb-4fa1-8c14-ab102acfb1b8:192.168.164.241:38092, b75f8b2e-6273-4c97-b7c5-042674931d23:192.168.164.241:41857, 3750b3a2-715b-46b3-9d0c-9e38136244b9:192.168.164.241:46227], old=null
2019-10-20 18:18:37,590 [grpc-default-executor-1] INFO  impl.RaftServerImpl (RaftServerImpl.java:setRole(184)) - 6ef27e9c-8ddb-4fa1-8c14-ab102acfb1b8@group-F11756C8BA4A: changes role from  FOLLOWER to FOLLOWER at term 79 for recognizeCandidate:b75f8b2e-6273-4c97-b7c5-042674931d23
2019-10-20 18:18:37,590 [grpc-default-executor-10] INFO  impl.RaftServerImpl (RaftServerImpl.java:setRole(184)) - 3750b3a2-715b-46b3-9d0c-9e38136244b9@group-F11756C8BA4A: changes role from  FOLLOWER to FOLLOWER at term 79 for recognizeCandidate:b75f8b2e-6273-4c97-b7c5-042674931d23
2019-10-20 18:18:37,590 [grpc-default-executor-1] INFO  impl.RoleInfo (RoleInfo.java:shutdownFollowerState(121)) - 6ef27e9c-8ddb-4fa1-8c14-ab102acfb1b8: shutdown FollowerState
2019-10-20 18:18:37,590 [grpc-default-executor-10] INFO  impl.RoleInfo (RoleInfo.java:shutdownFollowerState(121)) - 3750b3a2-715b-46b3-9d0c-9e38136244b9: shutdown FollowerState
2019-10-20 18:18:37,590 [Thread-1376] INFO  impl.FollowerState (FollowerState.java:run(117)) - 6ef27e9c-8ddb-4fa1-8c14-ab102acfb1b8@group-F11756C8BA4A-FollowerState was interrupted: java.lang.InterruptedException: sleep interrupted
2019-10-20 18:18:37,590 [grpc-default-executor-1] INFO  impl.RoleInfo (RoleInfo.java:updateAndGet(143)) - 6ef27e9c-8ddb-4fa1-8c14-ab102acfb1b8: start FollowerState
2019-10-20 18:18:37,590 [Thread-1377] INFO  impl.FollowerState (FollowerState.java:run(117)) - 3750b3a2-715b-46b3-9d0c-9e38136244b9@group-F11756C8BA4A-FollowerState was interrupted: java.lang.InterruptedException: sleep interrupted
2019-10-20 18:18:37,590 [grpc-default-executor-10] INFO  impl.RoleInfo (RoleInfo.java:updateAndGet(143)) - 3750b3a2-715b-46b3-9d0c-9e38136244b9: start FollowerState
2019-10-20 18:18:37,593 [Thread-1371] INFO  impl.FollowerState (FollowerState.java:run(108)) - 399079f7-1eb1-4f37-b003-267572525934@group-D40A05E2FCF9-FollowerState: change to CANDIDATE, lastRpcTime:174ms, electionTimeout:173ms
2019-10-20 18:18:37,594 [Thread-1371] INFO  impl.RoleInfo (RoleInfo.java:shutdownFollowerState(121)) - 399079f7-1eb1-4f37-b003-267572525934: shutdown FollowerState
2019-10-20 18:18:37,594 [Thread-1371] INFO  impl.RaftServerImpl (RaftServerImpl.java:setRole(184)) - 399079f7-1eb1-4f37-b003-267572525934@group-D40A05E2FCF9: changes role from  FOLLOWER to CANDIDATE at term 80 for changeToCandidate
2019-10-20 18:18:37,594 [Thread-1371] INFO  impl.RoleInfo (RoleInfo.java:updateAndGet(143)) - 399079f7-1eb1-4f37-b003-267572525934: start LeaderElection
2019-10-20 18:18:37,622 [399079f7-1eb1-4f37-b003-267572525934@group-D40A05E2FCF9-LeaderElection153] INFO  impl.LeaderElection (LeaderElection.java:askForVotes(178)) - 399079f7-1eb1-4f37-b003-267572525934@group-D40A05E2FCF9-LeaderElection153: begin an election at term 81 for -1: [399079f7-1eb1-4f37-b003-267572525934:192.168.164.241:37762, 7a43c46a-fc88-4b2d-b2da-ae029cfa60ff:192.168.164.241:43684, 6c5c38af-62e6-4ea7-a24a-078dcb28fb39:192.168.164.241:45428], old=null
2019-10-20 18:18:37,623 [b75f8b2e-6273-4c97-b7c5-042674931d23@group-F11756C8BA4A-LeaderElection152] INFO  impl.LeaderElection (LeaderElection.java:logAndReturn(56)) - b75f8b2e-6273-4c97-b7c5-042674931d23@group-F11756C8BA4A-LeaderElection152: Election REJECTED; received 2 response(s) [b75f8b2e-6273-4c97-b7c5-042674931d23<-6ef27e9c-8ddb-4fa1-8c14-ab102acfb1b8#0:FAIL-t79, b75f8b2e-6273-4c97-b7c5-042674931d23<-3750b3a2-715b-46b3-9d0c-9e38136244b9#0:FAIL-t79] and 0 exception(s); b75f8b2e-6273-4c97-b7c5-042674931d23@group-F11756C8BA4A:t79, leader=null, voted=b75f8b2e-6273-4c97-b7c5-042674931d23, raftlog=b75f8b2e-6273-4c97-b7c5-042674931d23@group-F11756C8BA4A-SegmentedRaftLog:OPENED:c-1,f-1,i0, conf=-1: [6ef27e9c-8ddb-4fa1-8c14-ab102acfb1b8:192.168.164.241:38092, b75f8b2e-6273-4c97-b7c5-042674931d23:192.168.164.241:41857, 3750b3a2-715b-46b3-9d0c-9e38136244b9:192.168.164.241:46227], old=null
2019-10-20 18:18:37,623 [b75f8b2e-6273-4c97-b7c5-042674931d23@group-F11756C8BA4A-LeaderElection152] INFO  impl.RaftServerImpl (RaftServerImpl.java:setRole(184)) - b75f8b2e-6273-4c97-b7c5-042674931d23@group-F11756C8BA4A: changes role from CANDIDATE to FOLLOWER at term 79 for DISCOVERED_A_NEW_TERM
2019-10-20 18:18:37,623 [b75f8b2e-6273-4c97-b7c5-042674931d23@group-F11756C8BA4A-LeaderElection152] INFO  impl.RoleInfo (RoleInfo.java:shutdownLeaderElection(134)) - b75f8b2e-6273-4c97-b7c5-042674931d23: shutdown LeaderElection
2019-10-20 18:18:37,624 [b75f8b2e-6273-4c97-b7c5-042674931d23@group-F11756C8BA4A-LeaderElection152] INFO  impl.RoleInfo (RoleInfo.java:updateAndGet(143)) - b75f8b2e-6273-4c97-b7c5-042674931d23: start FollowerState
2019-10-20 18:18:37,624 [grpc-default-executor-10] INFO  impl.RaftServerImpl (RaftServerImpl.java:setRole(184)) - 7a43c46a-fc88-4b2d-b2da-ae029cfa60ff@group-D40A05E2FCF9: changes role from  FOLLOWER to FOLLOWER at term 81 for recognizeCandidate:399079f7-1eb1-4f37-b003-267572525934
2019-10-20 18:18:37,624 [grpc-default-executor-1] INFO  impl.RaftServerImpl (RaftServerImpl.java:setRole(184)) - 6c5c38af-62e6-4ea7-a24a-078dcb28fb39@group-D40A05E2FCF9: changes role from  FOLLOWER to FOLLOWER at term 81 for recognizeCandidate:399079f7-1eb1-4f37-b003-267572525934
2019-10-20 18:18:37,624 [grpc-default-executor-10] INFO  impl.RoleInfo (RoleInfo.java:shutdownFollowerState(121)) - 7a43c46a-fc88-4b2d-b2da-ae029cfa60ff: shutdown FollowerState
2019-10-20 18:18:37,624 [grpc-default-executor-1] INFO  impl.RoleInfo (RoleInfo.java:shutdownFollowerState(121)) - 6c5c38af-62e6-4ea7-a24a-078dcb28fb39: shutdown FollowerState
2019-10-20 18:18:37,625 [Thread-1368] INFO  impl.FollowerState (FollowerState.java:run(117)) - 7a43c46a-fc88-4b2d-b2da-ae029cfa60ff@group-D40A05E2FCF9-FollowerState was interrupted: java.lang.InterruptedException: sleep interrupted
2019-10-20 18:18:37,625 [grpc-default-executor-10] INFO  impl.RoleInfo (RoleInfo.java:updateAndGet(143)) - 7a43c46a-fc88-4b2d-b2da-ae029cfa60ff: start FollowerState
2019-10-20 18:18:37,625 [Thread-1367] INFO  impl.FollowerState (FollowerState.java:run(117)) - 6c5c38af-62e6-4ea7-a24a-078dcb28fb39@group-D40A05E2FCF9-FollowerState was interrupted: java.lang.InterruptedException: sleep interrupted
2019-10-20 18:18:37,625 [grpc-default-executor-1] INFO  impl.RoleInfo (RoleInfo.java:updateAndGet(143)) - 6c5c38af-62e6-4ea7-a24a-078dcb28fb39: start FollowerState
2019-10-20 18:18:37,642 [399079f7-1eb1-4f37-b003-267572525934@group-D40A05E2FCF9-LeaderElection153] INFO  impl.LeaderElection (LeaderElection.java:logAndReturn(56)) - 399079f7-1eb1-4f37-b003-267572525934@group-D40A05E2FCF9-LeaderElection153: Election TIMEOUT; received 0 response(s) [] and 0 exception(s); 399079f7-1eb1-4f37-b003-267572525934@group-D40A05E2FCF9:t81, leader=null, voted=399079f7-1eb1-4f37-b003-267572525934, raftlog=399079f7-1eb1-4f37-b003-267572525934@group-D40A05E2FCF9-SegmentedRaftLog:OPENED:c-1,f-1,i0, conf=-1: [399079f7-1eb1-4f37-b003-267572525934:192.168.164.241:37762, 7a43c46a-fc88-4b2d-b2da-ae029cfa60ff:192.168.164.241:43684, 6c5c38af-62e6-4ea7-a24a-078dcb28fb39:192.168.164.241:45428], old=null
2019-10-20 18:18:37,665 [399079f7-1eb1-4f37-b003-267572525934@group-D40A05E2FCF9-LeaderElection153] INFO  impl.LeaderElection (LeaderElection.java:askForVotes(178)) - 399079f7-1eb1-4f37-b003-267572525934@group-D40A05E2FCF9-LeaderElection153: begin an election at term 82 for -1: [399079f7-1eb1-4f37-b003-267572525934:192.168.164.241:37762, 7a43c46a-fc88-4b2d-b2da-ae029cfa60ff:192.168.164.241:43684, 6c5c38af-62e6-4ea7-a24a-078dcb28fb39:192.168.164.241:45428], old=null
2019-10-20 18:18:37,667 [grpc-default-executor-10] INFO  impl.RaftServerImpl (RaftServerImpl.java:setRole(184)) - 7a43c46a-fc88-4b2d-b2da-ae029cfa60ff@group-D40A05E2FCF9: changes role from  FOLLOWER to FOLLOWER at term 82 for recognizeCandidate:399079f7-1eb1-4f37-b003-267572525934
2019-10-20 18:18:37,667 [grpc-default-executor-10] INFO  impl.RoleInfo (RoleInfo.java:shutdownFollowerState(121)) - 7a43c46a-fc88-4b2d-b2da-ae029cfa60ff: shutdown FollowerState
2019-10-20 18:18:37,667 [grpc-default-executor-10] INFO  impl.RoleInfo (RoleInfo.java:updateAndGet(143)) - 7a43c46a-fc88-4b2d-b2da-ae029cfa60ff: start FollowerState
2019-10-20 18:18:37,667 [Thread-1388] INFO  impl.FollowerState (FollowerState.java:run(117)) - 7a43c46a-fc88-4b2d-b2da-ae029cfa60ff@group-D40A05E2FCF9-FollowerState was interrupted: java.lang.InterruptedException: sleep interrupted
2019-10-20 18:18:37,667 [grpc-default-executor-1] INFO  impl.RaftServerImpl (RaftServerImpl.java:setRole(184)) - 6c5c38af-62e6-4ea7-a24a-078dcb28fb39@group-D40A05E2FCF9: changes role from  FOLLOWER to FOLLOWER at term 82 for recognizeCandidate:399079f7-1eb1-4f37-b003-267572525934
2019-10-20 18:18:37,667 [grpc-default-executor-1] INFO  impl.RoleInfo (RoleInfo.java:shutdownFollowerState(121)) - 6c5c38af-62e6-4ea7-a24a-078dcb28fb39: shutdown FollowerState
2019-10-20 18:18:37,667 [grpc-default-executor-1] INFO  impl.RoleInfo (RoleInfo.java:updateAndGet(143)) - 6c5c38af-62e6-4ea7-a24a-078dcb28fb39: start FollowerState
2019-10-20 18:18:37,668 [Thread-1389] INFO  impl.FollowerState (FollowerState.java:run(117)) - 6c5c38af-62e6-4ea7-a24a-078dcb28fb39@group-D40A05E2FCF9-FollowerState was interrupted: java.lang.InterruptedException: sleep interrupted
2019-10-20 18:18:37,684 [Thread-1387] INFO  impl.FollowerState (FollowerState.java:run(108)) - b75f8b2e-6273-4c97-b7c5-042674931d23@group-F11756C8BA4A-FollowerState: change to CANDIDATE, lastRpcTime:60ms, electionTimeout:60ms
2019-10-20 18:18:37,684 [Thread-1387] INFO  impl.RoleInfo (RoleInfo.java:shutdownFollowerState(121)) - b75f8b2e-6273-4c97-b7c5-042674931d23: shutdown FollowerState
2019-10-20 18:18:37,685 [Thread-1387] INFO  impl.RaftServerImpl (RaftServerImpl.java:setRole(184)) - b75f8b2e-6273-4c97-b7c5-042674931d23@group-F11756C8BA4A: changes role from  FOLLOWER to CANDIDATE at term 79 for changeToCandidate
2019-10-20 18:18:37,685 [Thread-1387] INFO  impl.RoleInfo (RoleInfo.java:updateAndGet(143)) - b75f8b2e-6273-4c97-b7c5-042674931d23: start LeaderElection
2019-10-20 18:18:37,692 [399079f7-1eb1-4f37-b003-267572525934@group-D40A05E2FCF9-LeaderElection153] INFO  impl.LeaderElection (LeaderElection.java:logAndReturn(56)) - 399079f7-1eb1-4f37-b003-267572525934@group-D40A05E2FCF9-LeaderElection153: Election REJECTED; received 2 response(s) [399079f7-1eb1-4f37-b003-267572525934<-7a43c46a-fc88-4b2d-b2da-ae029cfa60ff#0:FAIL-t82, 399079f7-1eb1-4f37-b003-267572525934<-6c5c38af-62e6-4ea7-a24a-078dcb28fb39#0:FAIL-t82] and 0 exception(s); 399079f7-1eb1-4f37-b003-267572525934@group-D40A05E2FCF9:t82, leader=null, voted=399079f7-1eb1-4f37-b003-267572525934, raftlog=399079f7-1eb1-4f37-b003-267572525934@group-D40A05E2FCF9-SegmentedRaftLog:OPENED:c-1,f-1,i0, conf=-1: [399079f7-1eb1-4f37-b003-267572525934:192.168.164.241:37762, 7a43c46a-fc88-4b2d-b2da-ae029cfa60ff:192.168.164.241:43684, 6c5c38af-62e6-4ea7-a24a-078dcb28fb39:192.168.164.241:45428], old=null
2019-10-20 18:18:37,692 [399079f7-1eb1-4f37-b003-267572525934@group-D40A05E2FCF9-LeaderElection153] INFO  impl.RaftServerImpl (RaftServerImpl.java:setRole(184)) - 399079f7-1eb1-4f37-b003-267572525934@group-D40A05E2FCF9: changes role from CANDIDATE to FOLLOWER at term 82 for DISCOVERED_A_NEW_TERM
2019-10-20 18:18:37,692 [399079f7-1eb1-4f37-b003-267572525934@group-D40A05E2FCF9-LeaderElection153] INFO  impl.RoleInfo (RoleInfo.java:shutdownLeaderElection(134)) - 399079f7-1eb1-4f37-b003-267572525934: shutdown LeaderElection
2019-10-20 18:18:37,692 [399079f7-1eb1-4f37-b003-267572525934@group-D40A05E2FCF9-LeaderElection153] INFO  impl.RoleInfo (RoleInfo.java:updateAndGet(143)) - 399079f7-1eb1-4f37-b003-267572525934: start FollowerState
2019-10-20 18:18:37,708 [b75f8b2e-6273-4c97-b7c5-042674931d23@group-F11756C8BA4A-LeaderElection154] INFO  impl.LeaderElection (LeaderElection.java:askForVotes(178)) - b75f8b2e-6273-4c97-b7c5-042674931d23@group-F11756C8BA4A-LeaderElection154: begin an election at term 80 for -1: [6ef27e9c-8ddb-4fa1-8c14-ab102acfb1b8:192.168.164.241:38092, b75f8b2e-6273-4c97-b7c5-042674931d23:192.168.164.241:41857, 3750b3a2-715b-46b3-9d0c-9e38136244b9:192.168.164.241:46227], old=null
2019-10-20 18:18:37,710 [grpc-default-executor-1] INFO  impl.RaftServerImpl (RaftServerImpl.java:setRole(184)) - 6ef27e9c-8ddb-4fa1-8c14-ab102acfb1b8@group-F11756C8BA4A: changes role from  FOLLOWER to FOLLOWER at term 80 for recognizeCandidate:b75f8b2e-6273-4c97-b7c5-042674931d23
2019-10-20 18:18:37,710 [grpc-default-executor-10] INFO  impl.RaftServerImpl (RaftServerImpl.java:setRole(184)) - 3750b3a2-715b-46b3-9d0c-9e38136244b9@group-F11756C8BA4A: changes role from  FOLLOWER to FOLLOWER at term 80 for recognizeCandidate:b75f8b2e-6273-4c97-b7c5-042674931d23
2019-10-20 18:18:37,711 [grpc-default-executor-10] INFO  impl.RoleInfo (RoleInfo.java:shutdownFollowerState(121)) - 3750b3a2-715b-46b3-9d0c-9e38136244b9: shutdown FollowerState
2019-10-20 18:18:37,711 [grpc-default-executor-1] INFO  impl.RoleInfo (RoleInfo.java:shutdownFollowerState(121)) - 6ef27e9c-8ddb-4fa1-8c14-ab102acfb1b8: shutdown FollowerState
2019-10-20 18:18:37,711 [Thread-1383] INFO  impl.FollowerState (FollowerState.java:run(117)) - 3750b3a2-715b-46b3-9d0c-9e38136244b9@group-F11756C8BA4A-FollowerState was interrupted: java.lang.InterruptedException: sleep interrupted
2019-10-20 18:18:37,711 [grpc-default-executor-10] INFO  impl.RoleInfo (RoleInfo.java:updateAndGet(143)) - 3750b3a2-715b-46b3-9d0c-9e38136244b9: start FollowerState
2019-10-20 18:18:37,711 [Thread-1382] INFO  impl.FollowerState (FollowerState.java:run(117)) - 6ef27e9c-8ddb-4fa1-8c14-ab102acfb1b8@group-F11756C8BA4A-FollowerState was interrupted: java.lang.InterruptedException: sleep interrupted
2019-10-20 18:18:37,711 [grpc-default-executor-1] INFO  impl.RoleInfo (RoleInfo.java:updateAndGet(143)) - 6ef27e9c-8ddb-4fa1-8c14-ab102acfb1b8: start FollowerState
2019-10-20 18:18:37,735 [b75f8b2e-6273-4c97-b7c5-042674931d23@group-F11756C8BA4A-LeaderElection154] INFO  impl.LeaderElection (LeaderElection.java:logAndReturn(56)) - b75f8b2e-6273-4c97-b7c5-042674931d23@group-F11756C8BA4A-LeaderElection154: Election REJECTED; received 2 response(s) [b75f8b2e-6273-4c97-b7c5-042674931d23<-6ef27e9c-8ddb-4fa1-8c14-ab102acfb1b8#0:FAIL-t80, b75f8b2e-6273-4c97-b7c5-042674931d23<-3750b3a2-715b-46b3-9d0c-9e38136244b9#0:FAIL-t80] and 0 exception(s); b75f8b2e-6273-4c97-b7c5-042674931d23@group-F11756C8BA4A:t80, leader=null, voted=b75f8b2e-6273-4c97-b7c5-042674931d23, raftlog=b75f8b2e-6273-4c97-b7c5-042674931d23@group-F11756C8BA4A-SegmentedRaftLog:OPENED:c-1,f-1,i0, conf=-1: [6ef27e9c-8ddb-4fa1-8c14-ab102acfb1b8:192.168.164.241:38092, b75f8b2e-6273-4c97-b7c5-042674931d23:192.168.164.241:41857, 3750b3a2-715b-46b3-9d0c-9e38136244b9:192.168.164.241:46227], old=null
2019-10-20 18:18:37,735 [b75f8b2e-6273-4c97-b7c5-042674931d23@group-F11756C8BA4A-LeaderElection154] INFO  impl.RaftServerImpl (RaftServerImpl.java:setRole(184)) - b75f8b2e-6273-4c97-b7c5-042674931d23@group-F11756C8BA4A: changes role from CANDIDATE to FOLLOWER at term 80 for DISCOVERED_A_NEW_TERM
2019-10-20 18:18:37,735 [b75f8b2e-6273-4c97-b7c5-042674931d23@group-F11756C8BA4A-LeaderElection154] INFO  impl.RoleInfo (RoleInfo.java:shutdownLeaderElection(134)) - b75f8b2e-6273-4c97-b7c5-042674931d23: shutdown LeaderElection
2019-10-20 18:18:37,736 [b75f8b2e-6273-4c97-b7c5-042674931d23@group-F11756C8BA4A-LeaderElection154] INFO  impl.RoleInfo (RoleInfo.java:updateAndGet(143)) - b75f8b2e-6273-4c97-b7c5-042674931d23: start FollowerState
2019-10-20 18:18:37,804 [Thread-1395] INFO  impl.FollowerState (FollowerState.java:run(108)) - 399079f7-1eb1-4f37-b003-267572525934@group-D40A05E2FCF9-FollowerState: change to CANDIDATE, lastRpcTime:112ms, electionTimeout:112ms
2019-10-20 18:18:37,804 [Thread-1395] INFO  impl.RoleInfo (RoleInfo.java:shutdownFollowerState(121)) - 399079f7-1eb1-4f37-b003-267572525934: shutdown FollowerState
2019-10-20 18:18:37,805 [Thread-1395] INFO  impl.RaftServerImpl (RaftServerImpl.java:setRole(184)) - 399079f7-1eb1-4f37-b003-267572525934@group-D40A05E2FCF9: changes role from  FOLLOWER to CANDIDATE at term 82 for changeToCandidate
2019-10-20 18:18:37,805 [Thread-1395] INFO  impl.RoleInfo (RoleInfo.java:updateAndGet(143)) - 399079f7-1eb1-4f37-b003-267572525934: start LeaderElection
2019-10-20 18:18:37,828 [399079f7-1eb1-4f37-b003-267572525934@group-D40A05E2FCF9-LeaderElection155] INFO  impl.LeaderElection (LeaderElection.java:askForVotes(178)) - 399079f7-1eb1-4f37-b003-267572525934@group-D40A05E2FCF9-LeaderElection155: begin an election at term 83 for -1: [399079f7-1eb1-4f37-b003-267572525934:192.168.164.241:37762, 7a43c46a-fc88-4b2d-b2da-ae029cfa60ff:192.168.164.241:43684, 6c5c38af-62e6-4ea7-a24a-078dcb28fb39:192.168.164.241:45428], old=null
2019-10-20 18:18:37,830 [grpc-default-executor-1] INFO  impl.RaftServerImpl (RaftServerImpl.java:setRole(184)) - 7a43c46a-fc88-4b2d-b2da-ae029cfa60ff@group-D40A05E2FCF9: changes role from  FOLLOWER to FOLLOWER at term 83 for recognizeCandidate:399079f7-1eb1-4f37-b003-267572525934
2019-10-20 18:18:37,830 [grpc-default-executor-10] INFO  impl.RaftServerImpl (RaftServerImpl.java:setRole(184)) - 6c5c38af-62e6-4ea7-a24a-078dcb28fb39@group-D40A05E2FCF9: changes role from  FOLLOWER to FOLLOWER at term 83 for recognizeCandidate:399079f7-1eb1-4f37-b003-267572525934
2019-10-20 18:18:37,830 [grpc-default-executor-1] INFO  impl.RoleInfo (RoleInfo.java:shutdownFollowerState(121)) - 7a43c46a-fc88-4b2d-b2da-ae029cfa60ff: shutdown FollowerState
2019-10-20 18:18:37,830 [grpc-default-executor-10] INFO  impl.RoleInfo (RoleInfo.java:shutdownFollowerState(121)) - 6c5c38af-62e6-4ea7-a24a-078dcb28fb39: shutdown FollowerState
2019-10-20 18:18:37,830 [Thread-1392] INFO  impl.FollowerState (FollowerState.java:run(117)) - 7a43c46a-fc88-4b2d-b2da-ae029cfa60ff@group-D40A05E2FCF9-FollowerState was interrupted: java.lang.InterruptedException: sleep interrupted
2019-10-20 18:18:37,830 [grpc-default-executor-1] INFO  impl.RoleInfo (RoleInfo.java:updateAndGet(143)) - 7a43c46a-fc88-4b2d-b2da-ae029cfa60ff: start FollowerState
2019-10-20 18:18:37,830 [Thread-1393] INFO  impl.FollowerState (FollowerState.java:run(117)) - 6c5c38af-62e6-4ea7-a24a-078dcb28fb39@group-D40A05E2FCF9-FollowerState was interrupted: java.lang.InterruptedException: sleep interrupted
2019-10-20 18:18:37,830 [grpc-default-executor-10] INFO  impl.RoleInfo (RoleInfo.java:updateAndGet(143)) - 6c5c38af-62e6-4ea7-a24a-078dcb28fb39: start FollowerState
2019-10-20 18:18:37,854 [399079f7-1eb1-4f37-b003-267572525934@group-D40A05E2FCF9-LeaderElection155] INFO  impl.LeaderElection (LeaderElection.java:logAndReturn(56)) - 399079f7-1eb1-4f37-b003-267572525934@group-D40A05E2FCF9-LeaderElection155: Election REJECTED; received 2 response(s) [399079f7-1eb1-4f37-b003-267572525934<-7a43c46a-fc88-4b2d-b2da-ae029cfa60ff#0:FAIL-t83, 399079f7-1eb1-4f37-b003-267572525934<-6c5c38af-62e6-4ea7-a24a-078dcb28fb39#0:FAIL-t83] and 0 exception(s); 399079f7-1eb1-4f37-b003-267572525934@group-D40A05E2FCF9:t83, leader=null, voted=399079f7-1eb1-4f37-b003-267572525934, raftlog=399079f7-1eb1-4f37-b003-267572525934@group-D40A05E2FCF9-SegmentedRaftLog:OPENED:c-1,f-1,i0, conf=-1: [399079f7-1eb1-4f37-b003-267572525934:192.168.164.241:37762, 7a43c46a-fc88-4b2d-b2da-ae029cfa60ff:192.168.164.241:43684, 6c5c38af-62e6-4ea7-a24a-078dcb28fb39:192.168.164.241:45428], old=null
2019-10-20 18:18:37,855 [399079f7-1eb1-4f37-b003-267572525934@group-D40A05E2FCF9-LeaderElection155] INFO  impl.RaftServerImpl (RaftServerImpl.java:setRole(184)) - 399079f7-1eb1-4f37-b003-267572525934@group-D40A05E2FCF9: changes role from CANDIDATE to FOLLOWER at term 83 for DISCOVERED_A_NEW_TERM
2019-10-20 18:18:37,855 [399079f7-1eb1-4f37-b003-267572525934@group-D40A05E2FCF9-LeaderElection155] INFO  impl.RoleInfo (RoleInfo.java:shutdownLeaderElection(134)) - 399079f7-1eb1-4f37-b003-267572525934: shutdown LeaderElection
2019-10-20 18:18:37,855 [399079f7-1eb1-4f37-b003-267572525934@group-D40A05E2FCF9-LeaderElection155] INFO  impl.RoleInfo (RoleInfo.java:updateAndGet(143)) - 399079f7-1eb1-4f37-b003-267572525934: start FollowerState
2019-10-20 18:18:37,907 [Thread-1400] INFO  impl.FollowerState (FollowerState.java:run(108)) - b75f8b2e-6273-4c97-b7c5-042674931d23@group-F11756C8BA4A-FollowerState: change to CANDIDATE, lastRpcTime:171ms, electionTimeout:171ms
2019-10-20 18:18:37,907 [Thread-1400] INFO  impl.RoleInfo (RoleInfo.java:shutdownFollowerState(121)) - b75f8b2e-6273-4c97-b7c5-042674931d23: shutdown FollowerState
2019-10-20 18:18:37,907 [Thread-1400] INFO  impl.RaftServerImpl (RaftServerImpl.java:setRole(184)) - b75f8b2e-6273-4c97-b7c5-042674931d23@group-F11756C8BA4A: changes role from  FOLLOWER to CANDIDATE at term 80 for changeToCandidate
2019-10-20 18:18:37,908 [Thread-1400] INFO  impl.RoleInfo (RoleInfo.java:updateAndGet(143)) - b75f8b2e-6273-4c97-b7c5-042674931d23: start LeaderElection
2019-10-20 18:18:37,930 [b75f8b2e-6273-4c97-b7c5-042674931d23@group-F11756C8BA4A-LeaderElection156] INFO  impl.LeaderElection (LeaderElection.java:askForVotes(178)) - b75f8b2e-6273-4c97-b7c5-042674931d23@group-F11756C8BA4A-LeaderElection156: begin an election at term 81 for -1: [6ef27e9c-8ddb-4fa1-8c14-ab102acfb1b8:192.168.164.241:38092, b75f8b2e-6273-4c97-b7c5-042674931d23:192.168.164.241:41857, 3750b3a2-715b-46b3-9d0c-9e38136244b9:192.168.164.241:46227], old=null
2019-10-20 18:18:37,933 [grpc-default-executor-1] INFO  impl.RaftServerImpl (RaftServerImpl.java:setRole(184)) - 3750b3a2-715b-46b3-9d0c-9e38136244b9@group-F11756C8BA4A: changes role from  FOLLOWER to FOLLOWER at term 81 for recognizeCandidate:b75f8b2e-6273-4c97-b7c5-042674931d23
2019-10-20 18:18:37,933 [grpc-default-executor-10] INFO  impl.RaftServerImpl (RaftServerImpl.java:setRole(184)) - 6ef27e9c-8ddb-4fa1-8c14-ab102acfb1b8@group-F11756C8BA4A: changes role from  FOLLOWER to FOLLOWER at term 81 for recognizeCandidate:b75f8b2e-6273-4c97-b7c5-042674931d23
2019-10-20 18:18:37,934 [grpc-default-executor-1] INFO  impl.RoleInfo (RoleInfo.java:shutdownFollowerState(121)) - 3750b3a2-715b-46b3-9d0c-9e38136244b9: shutdown FollowerState
2019-10-20 18:18:37,934 [grpc-default-executor-10] INFO  impl.RoleInfo (RoleInfo.java:shutdownFollowerState(121)) - 6ef27e9c-8ddb-4fa1-8c14-ab102acfb1b8: shutdown FollowerState
2019-10-20 18:18:37,934 [Thread-1398] INFO  impl.FollowerState (FollowerState.java:run(117)) - 3750b3a2-715b-46b3-9d0c-9e38136244b9@group-F11756C8BA4A-FollowerState was interrupted: java.lang.InterruptedException: sleep interrupted
2019-10-20 18:18:37,934 [grpc-default-executor-1] INFO  impl.RoleInfo (RoleInfo.java:updateAndGet(143)) - 3750b3a2-715b-46b3-9d0c-9e38136244b9: start FollowerState
2019-10-20 18:18:37,934 [Thread-1399] INFO  impl.FollowerState (FollowerState.java:run(117)) - 6ef27e9c-8ddb-4fa1-8c14-ab102acfb1b8@group-F11756C8BA4A-FollowerState was interrupted: java.lang.InterruptedException: sleep interrupted
2019-10-20 18:18:37,934 [grpc-default-executor-10] INFO  impl.RoleInfo (RoleInfo.java:updateAndGet(143)) - 6ef27e9c-8ddb-4fa1-8c14-ab102acfb1b8: start FollowerState
2019-10-20 18:18:37,957 [b75f8b2e-6273-4c97-b7c5-042674931d23@group-F11756C8BA4A-LeaderElection156] INFO  impl.LeaderElection (LeaderElection.java:logAndReturn(56)) - b75f8b2e-6273-4c97-b7c5-042674931d23@group-F11756C8BA4A-LeaderElection156: Election REJECTED; received 2 response(s) [b75f8b2e-6273-4c97-b7c5-042674931d23<-6ef27e9c-8ddb-4fa1-8c14-ab102acfb1b8#0:FAIL-t81, b75f8b2e-6273-4c97-b7c5-042674931d23<-3750b3a2-715b-46b3-9d0c-9e38136244b9#0:FAIL-t81] and 0 exception(s); b75f8b2e-6273-4c97-b7c5-042674931d23@group-F11756C8BA4A:t81, leader=null, voted=b75f8b2e-6273-4c97-b7c5-042674931d23, raftlog=b75f8b2e-6273-4c97-b7c5-042674931d23@group-F11756C8BA4A-SegmentedRaftLog:OPENED:c-1,f-1,i0, conf=-1: [6ef27e9c-8ddb-4fa1-8c14-ab102acfb1b8:192.168.164.241:38092, b75f8b2e-6273-4c97-b7c5-042674931d23:192.168.164.241:41857, 3750b3a2-715b-46b3-9d0c-9e38136244b9:192.168.164.241:46227], old=null
2019-10-20 18:18:37,957 [b75f8b2e-6273-4c97-b7c5-042674931d23@group-F11756C8BA4A-LeaderElection156] INFO  impl.RaftServerImpl (RaftServerImpl.java:setRole(184)) - b75f8b2e-6273-4c97-b7c5-042674931d23@group-F11756C8BA4A: changes role from CANDIDATE to FOLLOWER at term 81 for DISCOVERED_A_NEW_TERM
2019-10-20 18:18:37,957 [b75f8b2e-6273-4c97-b7c5-042674931d23@group-F11756C8BA4A-LeaderElection156] INFO  impl.RoleInfo (RoleInfo.java:shutdownLeaderElection(134)) - b75f8b2e-6273-4c97-b7c5-042674931d23: shutdown LeaderElection
2019-10-20 18:18:37,957 [b75f8b2e-6273-4c97-b7c5-042674931d23@group-F11756C8BA4A-LeaderElection156] INFO  impl.RoleInfo (RoleInfo.java:updateAndGet(143)) - b75f8b2e-6273-4c97-b7c5-042674931d23: start FollowerState
2019-10-20 18:18:37,994 [Thread-1414] INFO  impl.FollowerState (FollowerState.java:run(108)) - b75f8b2e-6273-4c97-b7c5-042674931d23@group-F11756C8BA4A-FollowerState: change to CANDIDATE, lastRpcTime:36ms, electionTimeout:36ms
2019-10-20 18:18:37,994 [Thread-1414] INFO  impl.RoleInfo (RoleInfo.java:shutdownFollowerState(121)) - b75f8b2e-6273-4c97-b7c5-042674931d23: shutdown FollowerState
2019-10-20 18:18:37,994 [Thread-1414] INFO  impl.RaftServerImpl (RaftServerImpl.java:setRole(184)) - b75f8b2e-6273-4c97-b7c5-042674931d23@group-F11756C8BA4A: changes role from  FOLLOWER to CANDIDATE at term 81 for changeToCandidate
2019-10-20 18:18:37,994 [Thread-1414] INFO  impl.RoleInfo (RoleInfo.java:updateAndGet(143)) - b75f8b2e-6273-4c97-b7c5-042674931d23: start LeaderElection
2019-10-20 18:18:38,024 [b75f8b2e-6273-4c97-b7c5-042674931d23@group-F11756C8BA4A-LeaderElection157] INFO  impl.LeaderElection (LeaderElection.java:askForVotes(178)) - b75f8b2e-6273-4c97-b7c5-042674931d23@group-F11756C8BA4A-LeaderElection157: begin an election at term 82 for -1: [6ef27e9c-8ddb-4fa1-8c14-ab102acfb1b8:192.168.164.241:38092, b75f8b2e-6273-4c97-b7c5-042674931d23:192.168.164.241:41857, 3750b3a2-715b-46b3-9d0c-9e38136244b9:192.168.164.241:46227], old=null
2019-10-20 18:18:38,026 [grpc-default-executor-1] INFO  impl.RaftServerImpl (RaftServerImpl.java:setRole(184)) - 3750b3a2-715b-46b3-9d0c-9e38136244b9@group-F11756C8BA4A: changes role from  FOLLOWER to FOLLOWER at term 82 for recognizeCandidate:b75f8b2e-6273-4c97-b7c5-042674931d23
2019-10-20 18:18:38,026 [grpc-default-executor-10] INFO  impl.RaftServerImpl (RaftServerImpl.java:setRole(184)) - 6ef27e9c-8ddb-4fa1-8c14-ab102acfb1b8@group-F11756C8BA4A: changes role from  FOLLOWER to FOLLOWER at term 82 for recognizeCandidate:b75f8b2e-6273-4c97-b7c5-042674931d23
2019-10-20 18:18:38,026 [grpc-default-executor-1] INFO  impl.RoleInfo (RoleInfo.java:shutdownFollowerState(121)) - 3750b3a2-715b-46b3-9d0c-9e38136244b9: shutdown FollowerState
2019-10-20 18:18:38,026 [grpc-default-executor-10] INFO  impl.RoleInfo (RoleInfo.java:shutdownFollowerState(121)) - 6ef27e9c-8ddb-4fa1-8c14-ab102acfb1b8: shutdown FollowerState
2019-10-20 18:18:38,026 [grpc-default-executor-1] INFO  impl.RoleInfo (RoleInfo.java:updateAndGet(143)) - 3750b3a2-715b-46b3-9d0c-9e38136244b9: start FollowerState
2019-10-20 18:18:38,027 [Thread-1413] INFO  impl.FollowerState (FollowerState.java:run(117)) - 6ef27e9c-8ddb-4fa1-8c14-ab102acfb1b8@group-F11756C8BA4A-FollowerState was interrupted: java.lang.InterruptedException: sleep interrupted
2019-10-20 18:18:38,026 [grpc-default-executor-10] INFO  impl.RoleInfo (RoleInfo.java:updateAndGet(143)) - 6ef27e9c-8ddb-4fa1-8c14-ab102acfb1b8: start FollowerState
2019-10-20 18:18:38,026 [Thread-1412] INFO  impl.FollowerState (FollowerState.java:run(117)) - 3750b3a2-715b-46b3-9d0c-9e38136244b9@group-F11756C8BA4A-FollowerState was interrupted: java.lang.InterruptedException: sleep interrupted
2019-10-20 18:18:38,038 [Thread-1408] INFO  impl.FollowerState (FollowerState.java:run(108)) - 399079f7-1eb1-4f37-b003-267572525934@group-D40A05E2FCF9-FollowerState: change to CANDIDATE, lastRpcTime:183ms, electionTimeout:183ms
2019-10-20 18:18:38,038 [Thread-1408] INFO  impl.RoleInfo (RoleInfo.java:shutdownFollowerState(121)) - 399079f7-1eb1-4f37-b003-267572525934: shutdown FollowerState
2019-10-20 18:18:38,038 [Thread-1408] INFO  impl.RaftServerImpl (RaftServerImpl.java:setRole(184)) - 399079f7-1eb1-4f37-b003-267572525934@group-D40A05E2FCF9: changes role from  FOLLOWER to CANDIDATE at term 83 for changeToCandidate
2019-10-20 18:18:38,039 [Thread-1408] INFO  impl.RoleInfo (RoleInfo.java:updateAndGet(143)) - 399079f7-1eb1-4f37-b003-267572525934: start LeaderElection
2019-10-20 18:18:38,050 [b75f8b2e-6273-4c97-b7c5-042674931d23@group-F11756C8BA4A-LeaderElection157] INFO  impl.LeaderElection (LeaderElection.java:logAndReturn(56)) - b75f8b2e-6273-4c97-b7c5-042674931d23@group-F11756C8BA4A-LeaderElection157: Election REJECTED; received 2 response(s) [b75f8b2e-6273-4c97-b7c5-042674931d23<-6ef27e9c-8ddb-4fa1-8c14-ab102acfb1b8#0:FAIL-t82, b75f8b2e-6273-4c97-b7c5-042674931d23<-3750b3a2-715b-46b3-9d0c-9e38136244b9#0:FAIL-t82] and 0 exception(s); b75f8b2e-6273-4c97-b7c5-042674931d23@group-F11756C8BA4A:t82, leader=null, voted=b75f8b2e-6273-4c97-b7c5-042674931d23, raftlog=b75f8b2e-6273-4c97-b7c5-042674931d23@group-F11756C8BA4A-SegmentedRaftLog:OPENED:c-1,f-1,i0, conf=-1: [6ef27e9c-8ddb-4fa1-8c14-ab102acfb1b8:192.168.164.241:38092, b75f8b2e-6273-4c97-b7c5-042674931d23:192.168.164.241:41857, 3750b3a2-715b-46b3-9d0c-9e38136244b9:192.168.164.241:46227], old=null
2019-10-20 18:18:38,050 [b75f8b2e-6273-4c97-b7c5-042674931d23@group-F11756C8BA4A-LeaderElection157] INFO  impl.RaftServerImpl (RaftServerImpl.java:setRole(184)) - b75f8b2e-6273-4c97-b7c5-042674931d23@group-F11756C8BA4A: changes role from CANDIDATE to FOLLOWER at term 82 for DISCOVERED_A_NEW_TERM
2019-10-20 18:18:38,051 [b75f8b2e-6273-4c97-b7c5-042674931d23@group-F11756C8BA4A-LeaderElection157] INFO  impl.RoleInfo (RoleInfo.java:shutdownLeaderElection(134)) - b75f8b2e-6273-4c97-b7c5-042674931d23: shutdown LeaderElection
2019-10-20 18:18:38,051 [b75f8b2e-6273-4c97-b7c5-042674931d23@group-F11756C8BA4A-LeaderElection157] INFO  impl.RoleInfo (RoleInfo.java:updateAndGet(143)) - b75f8b2e-6273-4c97-b7c5-042674931d23: start FollowerState
2019-10-20 18:18:38,066 [399079f7-1eb1-4f37-b003-267572525934@group-D40A05E2FCF9-LeaderElection158] INFO  impl.LeaderElection (LeaderElection.java:askForVotes(178)) - 399079f7-1eb1-4f37-b003-267572525934@group-D40A05E2FCF9-LeaderElection158: begin an election at term 84 for -1: [399079f7-1eb1-4f37-b003-267572525934:192.168.164.241:37762, 7a43c46a-fc88-4b2d-b2da-ae029cfa60ff:192.168.164.241:43684, 6c5c38af-62e6-4ea7-a24a-078dcb28fb39:192.168.164.241:45428], old=null
2019-10-20 18:18:38,068 [grpc-default-executor-10] INFO  impl.RaftServerImpl (RaftServerImpl.java:setRole(184)) - 7a43c46a-fc88-4b2d-b2da-ae029cfa60ff@group-D40A05E2FCF9: changes role from  FOLLOWER to FOLLOWER at term 84 for recognizeCandidate:399079f7-1eb1-4f37-b003-267572525934
2019-10-20 18:18:38,068 [grpc-default-executor-1] INFO  impl.RaftServerImpl (RaftServerImpl.java:setRole(184)) - 6c5c38af-62e6-4ea7-a24a-078dcb28fb39@group-D40A05E2FCF9: changes role from  FOLLOWER to FOLLOWER at term 84 for recognizeCandidate:399079f7-1eb1-4f37-b003-267572525934
2019-10-20 18:18:38,068 [grpc-default-executor-10] INFO  impl.RoleInfo (RoleInfo.java:shutdownFollowerState(121)) - 7a43c46a-fc88-4b2d-b2da-ae029cfa60ff: shutdown FollowerState
2019-10-20 18:18:38,068 [grpc-default-executor-1] INFO  impl.RoleInfo (RoleInfo.java:shutdownFollowerState(121)) - 6c5c38af-62e6-4ea7-a24a-078dcb28fb39: shutdown FollowerState
2019-10-20 18:18:38,069 [Thread-1406] INFO  impl.FollowerState (FollowerState.java:run(117)) - 7a43c46a-fc88-4b2d-b2da-ae029cfa60ff@group-D40A05E2FCF9-FollowerState was interrupted: java.lang.InterruptedException: sleep interrupted
2019-10-20 18:18:38,068 [grpc-default-executor-10] INFO  impl.RoleInfo (RoleInfo.java:updateAndGet(143)) - 7a43c46a-fc88-4b2d-b2da-ae029cfa60ff: start FollowerState
2019-10-20 18:18:38,069 [Thread-1407] INFO  impl.FollowerState (FollowerState.java:run(117)) - 6c5c38af-62e6-4ea7-a24a-078dcb28fb39@group-D40A05E2FCF9-FollowerState was interrupted: java.lang.InterruptedException: sleep interrupted
2019-10-20 18:18:38,069 [grpc-default-executor-1] INFO  impl.RoleInfo (RoleInfo.java:updateAndGet(143)) - 6c5c38af-62e6-4ea7-a24a-078dcb28fb39: start FollowerState
2019-10-20 18:18:38,093 [399079f7-1eb1-4f37-b003-267572525934@group-D40A05E2FCF9-LeaderElection158] INFO  impl.LeaderElection (LeaderElection.java:logAndReturn(56)) - 399079f7-1eb1-4f37-b003-267572525934@group-D40A05E2FCF9-LeaderElection158: Election REJECTED; received 2 response(s) [399079f7-1eb1-4f37-b003-267572525934<-7a43c46a-fc88-4b2d-b2da-ae029cfa60ff#0:FAIL-t84, 399079f7-1eb1-4f37-b003-267572525934<-6c5c38af-62e6-4ea7-a24a-078dcb28fb39#0:FAIL-t84] and 0 exception(s); 399079f7-1eb1-4f37-b003-267572525934@group-D40A05E2FCF9:t84, leader=null, voted=399079f7-1eb1-4f37-b003-267572525934, raftlog=399079f7-1eb1-4f37-b003-267572525934@group-D40A05E2FCF9-SegmentedRaftLog:OPENED:c-1,f-1,i0, conf=-1: [399079f7-1eb1-4f37-b003-267572525934:192.168.164.241:37762, 7a43c46a-fc88-4b2d-b2da-ae029cfa60ff:192.168.164.241:43684, 6c5c38af-62e6-4ea7-a24a-078dcb28fb39:192.168.164.241:45428], old=null
2019-10-20 18:18:38,093 [399079f7-1eb1-4f37-b003-267572525934@group-D40A05E2FCF9-LeaderElection158] INFO  impl.RaftServerImpl (RaftServerImpl.java:setRole(184)) - 399079f7-1eb1-4f37-b003-267572525934@group-D40A05E2FCF9: changes role from CANDIDATE to FOLLOWER at term 84 for DISCOVERED_A_NEW_TERM
2019-10-20 18:18:38,093 [399079f7-1eb1-4f37-b003-267572525934@group-D40A05E2FCF9-LeaderElection158] INFO  impl.RoleInfo (RoleInfo.java:shutdownLeaderElection(134)) - 399079f7-1eb1-4f37-b003-267572525934: shutdown LeaderElection
2019-10-20 18:18:38,093 [399079f7-1eb1-4f37-b003-267572525934@group-D40A05E2FCF9-LeaderElection158] INFO  impl.RoleInfo (RoleInfo.java:updateAndGet(143)) - 399079f7-1eb1-4f37-b003-267572525934: start FollowerState
2019-10-20 18:18:38,114 [Thread-1426] INFO  impl.FollowerState (FollowerState.java:run(108)) - 399079f7-1eb1-4f37-b003-267572525934@group-D40A05E2FCF9-FollowerState: change to CANDIDATE, lastRpcTime:21ms, electionTimeout:21ms
2019-10-20 18:18:38,115 [Thread-1426] INFO  impl.RoleInfo (RoleInfo.java:shutdownFollowerState(121)) - 399079f7-1eb1-4f37-b003-267572525934: shutdown FollowerState
2019-10-20 18:18:38,115 [Thread-1426] INFO  impl.RaftServerImpl (RaftServerImpl.java:setRole(184)) - 399079f7-1eb1-4f37-b003-267572525934@group-D40A05E2FCF9: changes role from  FOLLOWER to CANDIDATE at term 84 for changeToCandidate
2019-10-20 18:18:38,115 [Thread-1426] INFO  impl.RoleInfo (RoleInfo.java:updateAndGet(143)) - 399079f7-1eb1-4f37-b003-267572525934: start LeaderElection
2019-10-20 18:18:38,135 [399079f7-1eb1-4f37-b003-267572525934@group-D40A05E2FCF9-LeaderElection159] INFO  impl.LeaderElection (LeaderElection.java:askForVotes(178)) - 399079f7-1eb1-4f37-b003-267572525934@group-D40A05E2FCF9-LeaderElection159: begin an election at term 85 for -1: [399079f7-1eb1-4f37-b003-267572525934:192.168.164.241:37762, 7a43c46a-fc88-4b2d-b2da-ae029cfa60ff:192.168.164.241:43684, 6c5c38af-62e6-4ea7-a24a-078dcb28fb39:192.168.164.241:45428], old=null
2019-10-20 18:18:38,137 [grpc-default-executor-10] INFO  impl.RaftServerImpl (RaftServerImpl.java:setRole(184)) - 6c5c38af-62e6-4ea7-a24a-078dcb28fb39@group-D40A05E2FCF9: changes role from  FOLLOWER to FOLLOWER at term 85 for recognizeCandidate:399079f7-1eb1-4f37-b003-267572525934
2019-10-20 18:18:38,137 [grpc-default-executor-1] INFO  impl.RaftServerImpl (RaftServerImpl.java:setRole(184)) - 7a43c46a-fc88-4b2d-b2da-ae029cfa60ff@group-D40A05E2FCF9: changes role from  FOLLOWER to FOLLOWER at term 85 for recognizeCandidate:399079f7-1eb1-4f37-b003-267572525934
2019-10-20 18:18:38,137 [grpc-default-executor-1] INFO  impl.RoleInfo (RoleInfo.java:shutdownFollowerState(121)) - 7a43c46a-fc88-4b2d-b2da-ae029cfa60ff: shutdown FollowerState
2019-10-20 18:18:38,137 [grpc-default-executor-10] INFO  impl.RoleInfo (RoleInfo.java:shutdownFollowerState(121)) - 6c5c38af-62e6-4ea7-a24a-078dcb28fb39: shutdown FollowerState
2019-10-20 18:18:38,137 [Thread-1424] INFO  impl.FollowerState (FollowerState.java:run(117)) - 7a43c46a-fc88-4b2d-b2da-ae029cfa60ff@group-D40A05E2FCF9-FollowerState was interrupted: java.lang.InterruptedException: sleep interrupted
2019-10-20 18:18:38,137 [grpc-default-executor-1] INFO  impl.RoleInfo (RoleInfo.java:updateAndGet(143)) - 7a43c46a-fc88-4b2d-b2da-ae029cfa60ff: start FollowerState
2019-10-20 18:18:38,137 [Thread-1425] INFO  impl.FollowerState (FollowerState.java:run(117)) - 6c5c38af-62e6-4ea7-a24a-078dcb28fb39@group-D40A05E2FCF9-FollowerState was interrupted: java.lang.InterruptedException: sleep interrupted
2019-10-20 18:18:38,137 [grpc-default-executor-10] INFO  impl.RoleInfo (RoleInfo.java:updateAndGet(143)) - 6c5c38af-62e6-4ea7-a24a-078dcb28fb39: start FollowerState
2019-10-20 18:18:38,171 [399079f7-1eb1-4f37-b003-267572525934@group-D40A05E2FCF9-LeaderElection159] INFO  impl.LeaderElection (LeaderElection.java:logAndReturn(56)) - 399079f7-1eb1-4f37-b003-267572525934@group-D40A05E2FCF9-LeaderElection159: Election REJECTED; received 2 response(s) [399079f7-1eb1-4f37-b003-267572525934<-7a43c46a-fc88-4b2d-b2da-ae029cfa60ff#0:FAIL-t85, 399079f7-1eb1-4f37-b003-267572525934<-6c5c38af-62e6-4ea7-a24a-078dcb28fb39#0:FAIL-t85] and 0 exception(s); 399079f7-1eb1-4f37-b003-267572525934@group-D40A05E2FCF9:t85, leader=null, voted=399079f7-1eb1-4f37-b003-267572525934, raftlog=399079f7-1eb1-4f37-b003-267572525934@group-D40A05E2FCF9-SegmentedRaftLog:OPENED:c-1,f-1,i0, conf=-1: [399079f7-1eb1-4f37-b003-267572525934:192.168.164.241:37762, 7a43c46a-fc88-4b2d-b2da-ae029cfa60ff:192.168.164.241:43684, 6c5c38af-62e6-4ea7-a24a-078dcb28fb39:192.168.164.241:45428], old=null
2019-10-20 18:18:38,171 [399079f7-1eb1-4f37-b003-267572525934@group-D40A05E2FCF9-LeaderElection159] INFO  impl.RaftServerImpl (RaftServerImpl.java:setRole(184)) - 399079f7-1eb1-4f37-b003-267572525934@group-D40A05E2FCF9: changes role from CANDIDATE to FOLLOWER at term 85 for DISCOVERED_A_NEW_TERM
2019-10-20 18:18:38,171 [399079f7-1eb1-4f37-b003-267572525934@group-D40A05E2FCF9-LeaderElection159] INFO  impl.RoleInfo (RoleInfo.java:shutdownLeaderElection(134)) - 399079f7-1eb1-4f37-b003-267572525934: shutdown LeaderElection
2019-10-20 18:18:38,172 [399079f7-1eb1-4f37-b003-267572525934@group-D40A05E2FCF9-LeaderElection159] INFO  impl.RoleInfo (RoleInfo.java:updateAndGet(143)) - 399079f7-1eb1-4f37-b003-267572525934: start FollowerState
2019-10-20 18:18:38,190 [Thread-1421] INFO  impl.FollowerState (FollowerState.java:run(108)) - b75f8b2e-6273-4c97-b7c5-042674931d23@group-F11756C8BA4A-FollowerState: change to CANDIDATE, lastRpcTime:139ms, electionTimeout:139ms
2019-10-20 18:18:38,190 [Thread-1421] INFO  impl.RoleInfo (RoleInfo.java:shutdownFollowerState(121)) - b75f8b2e-6273-4c97-b7c5-042674931d23: shutdown FollowerState
2019-10-20 18:18:38,190 [Thread-1421] INFO  impl.RaftServerImpl (RaftServerImpl.java:setRole(184)) - b75f8b2e-6273-4c97-b7c5-042674931d23@group-F11756C8BA4A: changes role from  FOLLOWER to CANDIDATE at term 82 for changeToCandidate
2019-10-20 18:18:38,190 [Thread-1421] INFO  impl.RoleInfo (RoleInfo.java:updateAndGet(143)) - b75f8b2e-6273-4c97-b7c5-042674931d23: start LeaderElection
2019-10-20 18:18:38,213 [b75f8b2e-6273-4c97-b7c5-042674931d23@group-F11756C8BA4A-LeaderElection160] INFO  impl.LeaderElection (LeaderElection.java:askForVotes(178)) - b75f8b2e-6273-4c97-b7c5-042674931d23@group-F11756C8BA4A-LeaderElection160: begin an election at term 83 for -1: [6ef27e9c-8ddb-4fa1-8c14-ab102acfb1b8:192.168.164.241:38092, b75f8b2e-6273-4c97-b7c5-042674931d23:192.168.164.241:41857, 3750b3a2-715b-46b3-9d0c-9e38136244b9:192.168.164.241:46227], old=null
2019-10-20 18:18:38,215 [grpc-default-executor-1] INFO  impl.RaftServerImpl (RaftServerImpl.java:setRole(184)) - 6ef27e9c-8ddb-4fa1-8c14-ab102acfb1b8@group-F11756C8BA4A: changes role from  FOLLOWER to FOLLOWER at term 83 for recognizeCandidate:b75f8b2e-6273-4c97-b7c5-042674931d23
2019-10-20 18:18:38,215 [grpc-default-executor-10] INFO  impl.RaftServerImpl (RaftServerImpl.java:setRole(184)) - 3750b3a2-715b-46b3-9d0c-9e38136244b9@group-F11756C8BA4A: changes role from  FOLLOWER to FOLLOWER at term 83 for recognizeCandidate:b75f8b2e-6273-4c97-b7c5-042674931d23
2019-10-20 18:18:38,215 [grpc-default-executor-1] INFO  impl.RoleInfo (RoleInfo.java:shutdownFollowerState(121)) - 6ef27e9c-8ddb-4fa1-8c14-ab102acfb1b8: shutdown FollowerState
2019-10-20 18:18:38,215 [grpc-default-executor-10] INFO  impl.RoleInfo (RoleInfo.java:shutdownFollowerState(121)) - 3750b3a2-715b-46b3-9d0c-9e38136244b9: shutdown FollowerState
2019-10-20 18:18:38,215 [Thread-1419] INFO  impl.FollowerState (FollowerState.java:run(117)) - 6ef27e9c-8ddb-4fa1-8c14-ab102acfb1b8@group-F11756C8BA4A-FollowerState was interrupted: java.lang.InterruptedException: sleep interrupted
2019-10-20 18:18:38,215 [grpc-default-executor-10] INFO  impl.RoleInfo (RoleInfo.java:updateAndGet(143)) - 3750b3a2-715b-46b3-9d0c-9e38136244b9: start FollowerState
2019-10-20 18:18:38,215 [grpc-default-executor-1] INFO  impl.RoleInfo (RoleInfo.java:updateAndGet(143)) - 6ef27e9c-8ddb-4fa1-8c14-ab102acfb1b8: start FollowerState
2019-10-20 18:18:38,215 [Thread-1418] INFO  impl.FollowerState (FollowerState.java:run(117)) - 3750b3a2-715b-46b3-9d0c-9e38136244b9@group-F11756C8BA4A-FollowerState was interrupted: java.lang.InterruptedException: sleep interrupted
2019-10-20 18:18:38,239 [b75f8b2e-6273-4c97-b7c5-042674931d23@group-F11756C8BA4A-LeaderElection160] INFO  impl.LeaderElection (LeaderElection.java:logAndReturn(56)) - b75f8b2e-6273-4c97-b7c5-042674931d23@group-F11756C8BA4A-LeaderElection160: Election REJECTED; received 2 response(s) [b75f8b2e-6273-4c97-b7c5-042674931d23<-6ef27e9c-8ddb-4fa1-8c14-ab102acfb1b8#0:FAIL-t83, b75f8b2e-6273-4c97-b7c5-042674931d23<-3750b3a2-715b-46b3-9d0c-9e38136244b9#0:FAIL-t83] and 0 exception(s); b75f8b2e-6273-4c97-b7c5-042674931d23@group-F11756C8BA4A:t83, leader=null, voted=b75f8b2e-6273-4c97-b7c5-042674931d23, raftlog=b75f8b2e-6273-4c97-b7c5-042674931d23@group-F11756C8BA4A-SegmentedRaftLog:OPENED:c-1,f-1,i0, conf=-1: [6ef27e9c-8ddb-4fa1-8c14-ab102acfb1b8:192.168.164.241:38092, b75f8b2e-6273-4c97-b7c5-042674931d23:192.168.164.241:41857, 3750b3a2-715b-46b3-9d0c-9e38136244b9:192.168.164.241:46227], old=null
2019-10-20 18:18:38,239 [b75f8b2e-6273-4c97-b7c5-042674931d23@group-F11756C8BA4A-LeaderElection160] INFO  impl.RaftServerImpl (RaftServerImpl.java:setRole(184)) - b75f8b2e-6273-4c97-b7c5-042674931d23@group-F11756C8BA4A: changes role from CANDIDATE to FOLLOWER at term 83 for DISCOVERED_A_NEW_TERM
2019-10-20 18:18:38,240 [b75f8b2e-6273-4c97-b7c5-042674931d23@group-F11756C8BA4A-LeaderElection160] INFO  impl.RoleInfo (RoleInfo.java:shutdownLeaderElection(134)) - b75f8b2e-6273-4c97-b7c5-042674931d23: shutdown LeaderElection
2019-10-20 18:18:38,240 [b75f8b2e-6273-4c97-b7c5-042674931d23@group-F11756C8BA4A-LeaderElection160] INFO  impl.RoleInfo (RoleInfo.java:updateAndGet(143)) - b75f8b2e-6273-4c97-b7c5-042674931d23: start FollowerState
2019-10-20 18:18:38,339 [Thread-1432] INFO  impl.FollowerState (FollowerState.java:run(108)) - 399079f7-1eb1-4f37-b003-267572525934@group-D40A05E2FCF9-FollowerState: change to CANDIDATE, lastRpcTime:167ms, electionTimeout:167ms
2019-10-20 18:18:38,339 [Thread-1432] INFO  impl.RoleInfo (RoleInfo.java:shutdownFollowerState(121)) - 399079f7-1eb1-4f37-b003-267572525934: shutdown FollowerState
2019-10-20 18:18:38,339 [Thread-1432] INFO  impl.RaftServerImpl (RaftServerImpl.java:setRole(184)) - 399079f7-1eb1-4f37-b003-267572525934@group-D40A05E2FCF9: changes role from  FOLLOWER to CANDIDATE at term 85 for changeToCandidate
2019-10-20 18:18:38,339 [Thread-1432] INFO  impl.RoleInfo (RoleInfo.java:updateAndGet(143)) - 399079f7-1eb1-4f37-b003-267572525934: start LeaderElection
2019-10-20 18:18:38,361 [Thread-1438] INFO  impl.FollowerState (FollowerState.java:run(108)) - b75f8b2e-6273-4c97-b7c5-042674931d23@group-F11756C8BA4A-FollowerState: change to CANDIDATE, lastRpcTime:121ms, electionTimeout:121ms
2019-10-20 18:18:38,361 [Thread-1438] INFO  impl.RoleInfo (RoleInfo.java:shutdownFollowerState(121)) - b75f8b2e-6273-4c97-b7c5-042674931d23: shutdown FollowerState
2019-10-20 18:18:38,361 [Thread-1438] INFO  impl.RaftServerImpl (RaftServerImpl.java:setRole(184)) - b75f8b2e-6273-4c97-b7c5-042674931d23@group-F11756C8BA4A: changes role from  FOLLOWER to CANDIDATE at term 83 for changeToCandidate
2019-10-20 18:18:38,362 [Thread-1438] INFO  impl.RoleInfo (RoleInfo.java:updateAndGet(143)) - b75f8b2e-6273-4c97-b7c5-042674931d23: start LeaderElection
2019-10-20 18:18:38,365 [399079f7-1eb1-4f37-b003-267572525934@group-D40A05E2FCF9-LeaderElection161] INFO  impl.LeaderElection (LeaderElection.java:askForVotes(178)) - 399079f7-1eb1-4f37-b003-267572525934@group-D40A05E2FCF9-LeaderElection161: begin an election at term 86 for -1: [399079f7-1eb1-4f37-b003-267572525934:192.168.164.241:37762, 7a43c46a-fc88-4b2d-b2da-ae029cfa60ff:192.168.164.241:43684, 6c5c38af-62e6-4ea7-a24a-078dcb28fb39:192.168.164.241:45428], old=null
2019-10-20 18:18:38,367 [grpc-default-executor-10] INFO  impl.RaftServerImpl (RaftServerImpl.java:setRole(184)) - 7a43c46a-fc88-4b2d-b2da-ae029cfa60ff@group-D40A05E2FCF9: changes role from  FOLLOWER to FOLLOWER at term 86 for recognizeCandidate:399079f7-1eb1-4f37-b003-267572525934
2019-10-20 18:18:38,367 [grpc-default-executor-10] INFO  impl.RoleInfo (RoleInfo.java:shutdownFollowerState(121)) - 7a43c46a-fc88-4b2d-b2da-ae029cfa60ff: shutdown FollowerState
2019-10-20 18:18:38,367 [grpc-default-executor-1] INFO  impl.RaftServerImpl (RaftServerImpl.java:setRole(184)) - 6c5c38af-62e6-4ea7-a24a-078dcb28fb39@group-D40A05E2FCF9: changes role from  FOLLOWER to FOLLOWER at term 86 for recognizeCandidate:399079f7-1eb1-4f37-b003-267572525934
2019-10-20 18:18:38,368 [Thread-1430] INFO  impl.FollowerState (FollowerState.java:run(117)) - 7a43c46a-fc88-4b2d-b2da-ae029cfa60ff@group-D40A05E2FCF9-FollowerState was interrupted: java.lang.InterruptedException: sleep interrupted
2019-10-20 18:18:38,367 [grpc-default-executor-10] INFO  impl.RoleInfo (RoleInfo.java:updateAndGet(143)) - 7a43c46a-fc88-4b2d-b2da-ae029cfa60ff: start FollowerState
2019-10-20 18:18:38,368 [grpc-default-executor-1] INFO  impl.RoleInfo (RoleInfo.java:shutdownFollowerState(121)) - 6c5c38af-62e6-4ea7-a24a-078dcb28fb39: shutdown FollowerState
2019-10-20 18:18:38,368 [grpc-default-executor-1] INFO  impl.RoleInfo (RoleInfo.java:updateAndGet(143)) - 6c5c38af-62e6-4ea7-a24a-078dcb28fb39: start FollowerState
2019-10-20 18:18:38,368 [Thread-1431] INFO  impl.FollowerState (FollowerState.java:run(117)) - 6c5c38af-62e6-4ea7-a24a-078dcb28fb39@group-D40A05E2FCF9-FollowerState was interrupted: java.lang.InterruptedException: sleep interrupted
2019-10-20 18:18:38,383 [b75f8b2e-6273-4c97-b7c5-042674931d23@group-F11756C8BA4A-LeaderElection162] INFO  impl.LeaderElection (LeaderElection.java:askForVotes(178)) - b75f8b2e-6273-4c97-b7c5-042674931d23@group-F11756C8BA4A-LeaderElection162: begin an election at term 84 for -1: [6ef27e9c-8ddb-4fa1-8c14-ab102acfb1b8:192.168.164.241:38092, b75f8b2e-6273-4c97-b7c5-042674931d23:192.168.164.241:41857, 3750b3a2-715b-46b3-9d0c-9e38136244b9:192.168.164.241:46227], old=null
2019-10-20 18:18:38,383 [399079f7-1eb1-4f37-b003-267572525934@group-D40A05E2FCF9-LeaderElection161] INFO  impl.LeaderElection (LeaderElection.java:logAndReturn(56)) - 399079f7-1eb1-4f37-b003-267572525934@group-D40A05E2FCF9-LeaderElection161: Election REJECTED; received 2 response(s) [399079f7-1eb1-4f37-b003-267572525934<-7a43c46a-fc88-4b2d-b2da-ae029cfa60ff#0:FAIL-t86, 399079f7-1eb1-4f37-b003-267572525934<-6c5c38af-62e6-4ea7-a24a-078dcb28fb39#0:FAIL-t86] and 0 exception(s); 399079f7-1eb1-4f37-b003-267572525934@group-D40A05E2FCF9:t86, leader=null, voted=399079f7-1eb1-4f37-b003-267572525934, raftlog=399079f7-1eb1-4f37-b003-267572525934@group-D40A05E2FCF9-SegmentedRaftLog:OPENED:c-1,f-1,i0, conf=-1: [399079f7-1eb1-4f37-b003-267572525934:192.168.164.241:37762, 7a43c46a-fc88-4b2d-b2da-ae029cfa60ff:192.168.164.241:43684, 6c5c38af-62e6-4ea7-a24a-078dcb28fb39:192.168.164.241:45428], old=null
2019-10-20 18:18:38,384 [399079f7-1eb1-4f37-b003-267572525934@group-D40A05E2FCF9-LeaderElection161] INFO  impl.RaftServerImpl (RaftServerImpl.java:setRole(184)) - 399079f7-1eb1-4f37-b003-267572525934@group-D40A05E2FCF9: changes role from CANDIDATE to FOLLOWER at term 86 for DISCOVERED_A_NEW_TERM
2019-10-20 18:18:38,384 [399079f7-1eb1-4f37-b003-267572525934@group-D40A05E2FCF9-LeaderElection161] INFO  impl.RoleInfo (RoleInfo.java:shutdownLeaderElection(134)) - 399079f7-1eb1-4f37-b003-267572525934: shutdown LeaderElection
2019-10-20 18:18:38,384 [399079f7-1eb1-4f37-b003-267572525934@group-D40A05E2FCF9-LeaderElection161] INFO  impl.RoleInfo (RoleInfo.java:updateAndGet(143)) - 399079f7-1eb1-4f37-b003-267572525934: start FollowerState
2019-10-20 18:18:38,384 [grpc-default-executor-10] INFO  impl.RaftServerImpl (RaftServerImpl.java:setRole(184)) - 6ef27e9c-8ddb-4fa1-8c14-ab102acfb1b8@group-F11756C8BA4A: changes role from  FOLLOWER to FOLLOWER at term 84 for recognizeCandidate:b75f8b2e-6273-4c97-b7c5-042674931d23
2019-10-20 18:18:38,384 [grpc-default-executor-10] INFO  impl.RoleInfo (RoleInfo.java:shutdownFollowerState(121)) - 6ef27e9c-8ddb-4fa1-8c14-ab102acfb1b8: shutdown FollowerState
2019-10-20 18:18:38,384 [grpc-default-executor-10] INFO  impl.RoleInfo (RoleInfo.java:updateAndGet(143)) - 6ef27e9c-8ddb-4fa1-8c14-ab102acfb1b8: start FollowerState
2019-10-20 18:18:38,384 [grpc-default-executor-1] INFO  impl.RaftServerImpl (RaftServerImpl.java:setRole(184)) - 3750b3a2-715b-46b3-9d0c-9e38136244b9@group-F11756C8BA4A: changes role from  FOLLOWER to FOLLOWER at term 84 for recognizeCandidate:b75f8b2e-6273-4c97-b7c5-042674931d23
2019-10-20 18:18:38,385 [grpc-default-executor-1] INFO  impl.RoleInfo (RoleInfo.java:shutdownFollowerState(121)) - 3750b3a2-715b-46b3-9d0c-9e38136244b9: shutdown FollowerState
2019-10-20 18:18:38,384 [Thread-1436] INFO  impl.FollowerState (FollowerState.java:run(117)) - 6ef27e9c-8ddb-4fa1-8c14-ab102acfb1b8@group-F11756C8BA4A-FollowerState was interrupted: java.lang.InterruptedException: sleep interrupted
2019-10-20 18:18:38,385 [Thread-1437] INFO  impl.FollowerState (FollowerState.java:run(117)) - 3750b3a2-715b-46b3-9d0c-9e38136244b9@group-F11756C8BA4A-FollowerState was interrupted: java.lang.InterruptedException: sleep interrupted
2019-10-20 18:18:38,385 [grpc-default-executor-1] INFO  impl.RoleInfo (RoleInfo.java:updateAndGet(143)) - 3750b3a2-715b-46b3-9d0c-9e38136244b9: start FollowerState
2019-10-20 18:18:38,409 [b75f8b2e-6273-4c97-b7c5-042674931d23@group-F11756C8BA4A-LeaderElection162] INFO  impl.LeaderElection (LeaderElection.java:logAndReturn(56)) - b75f8b2e-6273-4c97-b7c5-042674931d23@group-F11756C8BA4A-LeaderElection162: Election REJECTED; received 2 response(s) [b75f8b2e-6273-4c97-b7c5-042674931d23<-6ef27e9c-8ddb-4fa1-8c14-ab102acfb1b8#0:FAIL-t84, b75f8b2e-6273-4c97-b7c5-042674931d23<-3750b3a2-715b-46b3-9d0c-9e38136244b9#0:FAIL-t84] and 0 exception(s); b75f8b2e-6273-4c97-b7c5-042674931d23@group-F11756C8BA4A:t84, leader=null, voted=b75f8b2e-6273-4c97-b7c5-042674931d23, raftlog=b75f8b2e-6273-4c97-b7c5-042674931d23@group-F11756C8BA4A-SegmentedRaftLog:OPENED:c-1,f-1,i0, conf=-1: [6ef27e9c-8ddb-4fa1-8c14-ab102acfb1b8:192.168.164.241:38092, b75f8b2e-6273-4c97-b7c5-042674931d23:192.168.164.241:41857, 3750b3a2-715b-46b3-9d0c-9e38136244b9:192.168.164.241:46227], old=null
2019-10-20 18:18:38,409 [b75f8b2e-6273-4c97-b7c5-042674931d23@group-F11756C8BA4A-LeaderElection162] INFO  impl.RaftServerImpl (RaftServerImpl.java:setRole(184)) - b75f8b2e-6273-4c97-b7c5-042674931d23@group-F11756C8BA4A: changes role from CANDIDATE to FOLLOWER at term 84 for DISCOVERED_A_NEW_TERM
2019-10-20 18:18:38,409 [b75f8b2e-6273-4c97-b7c5-042674931d23@group-F11756C8BA4A-LeaderElection162] INFO  impl.RoleInfo (RoleInfo.java:shutdownLeaderElection(134)) - b75f8b2e-6273-4c97-b7c5-042674931d23: shutdown LeaderElection
2019-10-20 18:18:38,409 [b75f8b2e-6273-4c97-b7c5-042674931d23@group-F11756C8BA4A-LeaderElection162] INFO  impl.RoleInfo (RoleInfo.java:updateAndGet(143)) - b75f8b2e-6273-4c97-b7c5-042674931d23: start FollowerState
2019-10-20 18:18:38,455 [Thread-1452] INFO  impl.FollowerState (FollowerState.java:run(108)) - b75f8b2e-6273-4c97-b7c5-042674931d23@group-F11756C8BA4A-FollowerState: change to CANDIDATE, lastRpcTime:45ms, electionTimeout:44ms
2019-10-20 18:18:38,457 [Thread-1452] INFO  impl.RoleInfo (RoleInfo.java:shutdownFollowerState(121)) - b75f8b2e-6273-4c97-b7c5-042674931d23: shutdown FollowerState
2019-10-20 18:18:38,457 [Thread-1452] INFO  impl.RaftServerImpl (RaftServerImpl.java:setRole(184)) - b75f8b2e-6273-4c97-b7c5-042674931d23@group-F11756C8BA4A: changes role from  FOLLOWER to CANDIDATE at term 84 for changeToCandidate
2019-10-20 18:18:38,459 [Thread-1452] INFO  impl.RoleInfo (RoleInfo.java:updateAndGet(143)) - b75f8b2e-6273-4c97-b7c5-042674931d23: start LeaderElection
2019-10-20 18:18:38,461 [Thread-1449] INFO  impl.FollowerState (FollowerState.java:run(108)) - 399079f7-1eb1-4f37-b003-267572525934@group-D40A05E2FCF9-FollowerState: change to CANDIDATE, lastRpcTime:77ms, electionTimeout:77ms
2019-10-20 18:18:38,461 [Thread-1449] INFO  impl.RoleInfo (RoleInfo.java:shutdownFollowerState(121)) - 399079f7-1eb1-4f37-b003-267572525934: shutdown FollowerState
2019-10-20 18:18:38,461 [Thread-1449] INFO  impl.RaftServerImpl (RaftServerImpl.java:setRole(184)) - 399079f7-1eb1-4f37-b003-267572525934@group-D40A05E2FCF9: changes role from  FOLLOWER to CANDIDATE at term 86 for changeToCandidate
2019-10-20 18:18:38,461 [Thread-1449] INFO  impl.RoleInfo (RoleInfo.java:updateAndGet(143)) - 399079f7-1eb1-4f37-b003-267572525934: start LeaderElection
2019-10-20 18:18:38,493 [b75f8b2e-6273-4c97-b7c5-042674931d23@group-F11756C8BA4A-LeaderElection163] INFO  impl.LeaderElection (LeaderElection.java:askForVotes(178)) - b75f8b2e-6273-4c97-b7c5-042674931d23@group-F11756C8BA4A-LeaderElection163: begin an election at term 85 for -1: [6ef27e9c-8ddb-4fa1-8c14-ab102acfb1b8:192.168.164.241:38092, b75f8b2e-6273-4c97-b7c5-042674931d23:192.168.164.241:41857, 3750b3a2-715b-46b3-9d0c-9e38136244b9:192.168.164.241:46227], old=null
2019-10-20 18:18:38,493 [399079f7-1eb1-4f37-b003-267572525934@group-D40A05E2FCF9-LeaderElection164] INFO  impl.LeaderElection (LeaderElection.java:askForVotes(178)) - 399079f7-1eb1-4f37-b003-267572525934@group-D40A05E2FCF9-LeaderElection164: begin an election at term 87 for -1: [399079f7-1eb1-4f37-b003-267572525934:192.168.164.241:37762, 7a43c46a-fc88-4b2d-b2da-ae029cfa60ff:192.168.164.241:43684, 6c5c38af-62e6-4ea7-a24a-078dcb28fb39:192.168.164.241:45428], old=null
2019-10-20 18:18:38,495 [grpc-default-executor-10] INFO  impl.RaftServerImpl (RaftServerImpl.java:setRole(184)) - 7a43c46a-fc88-4b2d-b2da-ae029cfa60ff@group-D40A05E2FCF9: changes role from  FOLLOWER to FOLLOWER at term 87 for recognizeCandidate:399079f7-1eb1-4f37-b003-267572525934
2019-10-20 18:18:38,495 [grpc-default-executor-10] INFO  impl.RoleInfo (RoleInfo.java:shutdownFollowerState(121)) - 7a43c46a-fc88-4b2d-b2da-ae029cfa60ff: shutdown FollowerState
2019-10-20 18:18:38,495 [grpc-default-executor-1] INFO  impl.RaftServerImpl (RaftServerImpl.java:setRole(184)) - 3750b3a2-715b-46b3-9d0c-9e38136244b9@group-F11756C8BA4A: changes role from  FOLLOWER to FOLLOWER at term 85 for recognizeCandidate:b75f8b2e-6273-4c97-b7c5-042674931d23
2019-10-20 18:18:38,495 [Thread-1445] INFO  impl.FollowerState (FollowerState.java:run(117)) - 7a43c46a-fc88-4b2d-b2da-ae029cfa60ff@group-D40A05E2FCF9-FollowerState was interrupted: java.lang.InterruptedException: sleep interrupted
2019-10-20 18:18:38,495 [grpc-default-executor-10] INFO  impl.RoleInfo (RoleInfo.java:updateAndGet(143)) - 7a43c46a-fc88-4b2d-b2da-ae029cfa60ff: start FollowerState
2019-10-20 18:18:38,495 [grpc-default-executor-7] INFO  impl.RaftServerImpl (RaftServerImpl.java:setRole(184)) - 6ef27e9c-8ddb-4fa1-8c14-ab102acfb1b8@group-F11756C8BA4A: changes role from  FOLLOWER to FOLLOWER at term 85 for recognizeCandidate:b75f8b2e-6273-4c97-b7c5-042674931d23
2019-10-20 18:18:38,495 [grpc-default-executor-1] INFO  impl.RoleInfo (RoleInfo.java:shutdownFollowerState(121)) - 3750b3a2-715b-46b3-9d0c-9e38136244b9: shutdown FollowerState
2019-10-20 18:18:38,495 [grpc-default-executor-7] INFO  impl.RoleInfo (RoleInfo.java:shutdownFollowerState(121)) - 6ef27e9c-8ddb-4fa1-8c14-ab102acfb1b8: shutdown FollowerState
2019-10-20 18:18:38,495 [grpc-default-executor-3] INFO  impl.RaftServerImpl (RaftServerImpl.java:setRole(184)) - 6c5c38af-62e6-4ea7-a24a-078dcb28fb39@group-D40A05E2FCF9: changes role from  FOLLOWER to FOLLOWER at term 87 for recognizeCandidate:399079f7-1eb1-4f37-b003-267572525934
2019-10-20 18:18:38,496 [grpc-default-executor-3] INFO  impl.RoleInfo (RoleInfo.java:shutdownFollowerState(121)) - 6c5c38af-62e6-4ea7-a24a-078dcb28fb39: shutdown FollowerState
2019-10-20 18:18:38,496 [grpc-default-executor-7] INFO  impl.RoleInfo (RoleInfo.java:updateAndGet(143)) - 6ef27e9c-8ddb-4fa1-8c14-ab102acfb1b8: start FollowerState
2019-10-20 18:18:38,496 [Thread-1450] INFO  impl.FollowerState (FollowerState.java:run(117)) - 6ef27e9c-8ddb-4fa1-8c14-ab102acfb1b8@group-F11756C8BA4A-FollowerState was interrupted: java.lang.InterruptedException: sleep interrupted
2019-10-20 18:18:38,495 [Thread-1451] INFO  impl.FollowerState (FollowerState.java:run(117)) - 3750b3a2-715b-46b3-9d0c-9e38136244b9@group-F11756C8BA4A-FollowerState was interrupted: java.lang.InterruptedException: sleep interrupted
2019-10-20 18:18:38,495 [grpc-default-executor-1] INFO  impl.RoleInfo (RoleInfo.java:updateAndGet(143)) - 3750b3a2-715b-46b3-9d0c-9e38136244b9: start FollowerState
2019-10-20 18:18:38,496 [Thread-1446] INFO  impl.FollowerState (FollowerState.java:run(117)) - 6c5c38af-62e6-4ea7-a24a-078dcb28fb39@group-D40A05E2FCF9-FollowerState was interrupted: java.lang.InterruptedException: sleep interrupted
2019-10-20 18:18:38,496 [grpc-default-executor-3] INFO  impl.RoleInfo (RoleInfo.java:updateAndGet(143)) - 6c5c38af-62e6-4ea7-a24a-078dcb28fb39: start FollowerState
2019-10-20 18:18:38,519 [b75f8b2e-6273-4c97-b7c5-042674931d23@group-F11756C8BA4A-LeaderElection163] INFO  impl.LeaderElection (LeaderElection.java:logAndReturn(56)) - b75f8b2e-6273-4c97-b7c5-042674931d23@group-F11756C8BA4A-LeaderElection163: Election REJECTED; received 2 response(s) [b75f8b2e-6273-4c97-b7c5-042674931d23<-6ef27e9c-8ddb-4fa1-8c14-ab102acfb1b8#0:FAIL-t85, b75f8b2e-6273-4c97-b7c5-042674931d23<-3750b3a2-715b-46b3-9d0c-9e38136244b9#0:FAIL-t85] and 0 exception(s); b75f8b2e-6273-4c97-b7c5-042674931d23@group-F11756C8BA4A:t85, leader=null, voted=b75f8b2e-6273-4c97-b7c5-042674931d23, raftlog=b75f8b2e-6273-4c97-b7c5-042674931d23@group-F11756C8BA4A-SegmentedRaftLog:OPENED:c-1,f-1,i0, conf=-1: [6ef27e9c-8ddb-4fa1-8c14-ab102acfb1b8:192.168.164.241:38092, b75f8b2e-6273-4c97-b7c5-042674931d23:192.168.164.241:41857, 3750b3a2-715b-46b3-9d0c-9e38136244b9:192.168.164.241:46227], old=null
2019-10-20 18:18:38,520 [399079f7-1eb1-4f37-b003-267572525934@group-D40A05E2FCF9-LeaderElection164] INFO  impl.LeaderElection (LeaderElection.java:logAndReturn(56)) - 399079f7-1eb1-4f37-b003-267572525934@group-D40A05E2FCF9-LeaderElection164: Election REJECTED; received 2 response(s) [399079f7-1eb1-4f37-b003-267572525934<-7a43c46a-fc88-4b2d-b2da-ae029cfa60ff#0:FAIL-t87, 399079f7-1eb1-4f37-b003-267572525934<-6c5c38af-62e6-4ea7-a24a-078dcb28fb39#0:FAIL-t87] and 0 exception(s); 399079f7-1eb1-4f37-b003-267572525934@group-D40A05E2FCF9:t87, leader=null, voted=399079f7-1eb1-4f37-b003-267572525934, raftlog=399079f7-1eb1-4f37-b003-267572525934@group-D40A05E2FCF9-SegmentedRaftLog:OPENED:c-1,f-1,i0, conf=-1: [399079f7-1eb1-4f37-b003-267572525934:192.168.164.241:37762, 7a43c46a-fc88-4b2d-b2da-ae029cfa60ff:192.168.164.241:43684, 6c5c38af-62e6-4ea7-a24a-078dcb28fb39:192.168.164.241:45428], old=null
2019-10-20 18:18:38,520 [b75f8b2e-6273-4c97-b7c5-042674931d23@group-F11756C8BA4A-LeaderElection163] INFO  impl.RaftServerImpl (RaftServerImpl.java:setRole(184)) - b75f8b2e-6273-4c97-b7c5-042674931d23@group-F11756C8BA4A: changes role from CANDIDATE to FOLLOWER at term 85 for DISCOVERED_A_NEW_TERM
2019-10-20 18:18:38,520 [399079f7-1eb1-4f37-b003-267572525934@group-D40A05E2FCF9-LeaderElection164] INFO  impl.RaftServerImpl (RaftServerImpl.java:setRole(184)) - 399079f7-1eb1-4f37-b003-267572525934@group-D40A05E2FCF9: changes role from CANDIDATE to FOLLOWER at term 87 for DISCOVERED_A_NEW_TERM
2019-10-20 18:18:38,520 [b75f8b2e-6273-4c97-b7c5-042674931d23@group-F11756C8BA4A-LeaderElection163] INFO  impl.RoleInfo (RoleInfo.java:shutdownLeaderElection(134)) - b75f8b2e-6273-4c97-b7c5-042674931d23: shutdown LeaderElection
2019-10-20 18:18:38,520 [399079f7-1eb1-4f37-b003-267572525934@group-D40A05E2FCF9-LeaderElection164] INFO  impl.RoleInfo (RoleInfo.java:shutdownLeaderElection(134)) - 399079f7-1eb1-4f37-b003-267572525934: shutdown LeaderElection
2019-10-20 18:18:38,520 [b75f8b2e-6273-4c97-b7c5-042674931d23@group-F11756C8BA4A-LeaderElection163] INFO  impl.RoleInfo (RoleInfo.java:updateAndGet(143)) - b75f8b2e-6273-4c97-b7c5-042674931d23: start FollowerState
2019-10-20 18:18:38,520 [399079f7-1eb1-4f37-b003-267572525934@group-D40A05E2FCF9-LeaderElection164] INFO  impl.RoleInfo (RoleInfo.java:updateAndGet(143)) - 399079f7-1eb1-4f37-b003-267572525934: start FollowerState
2019-10-20 18:18:38,540 [Thread-1465] INFO  impl.FollowerState (FollowerState.java:run(108)) - b75f8b2e-6273-4c97-b7c5-042674931d23@group-F11756C8BA4A-FollowerState: change to CANDIDATE, lastRpcTime:20ms, electionTimeout:20ms
2019-10-20 18:18:38,540 [Thread-1465] INFO  impl.RoleInfo (RoleInfo.java:shutdownFollowerState(121)) - b75f8b2e-6273-4c97-b7c5-042674931d23: shutdown FollowerState
2019-10-20 18:18:38,540 [Thread-1465] INFO  impl.RaftServerImpl (RaftServerImpl.java:setRole(184)) - b75f8b2e-6273-4c97-b7c5-042674931d23@group-F11756C8BA4A: changes role from  FOLLOWER to CANDIDATE at term 85 for changeToCandidate
2019-10-20 18:18:38,541 [Thread-1465] INFO  impl.RoleInfo (RoleInfo.java:updateAndGet(143)) - b75f8b2e-6273-4c97-b7c5-042674931d23: start LeaderElection
2019-10-20 18:18:38,571 [b75f8b2e-6273-4c97-b7c5-042674931d23@group-F11756C8BA4A-LeaderElection165] INFO  impl.LeaderElection (LeaderElection.java:askForVotes(178)) - b75f8b2e-6273-4c97-b7c5-042674931d23@group-F11756C8BA4A-LeaderElection165: begin an election at term 86 for -1: [6ef27e9c-8ddb-4fa1-8c14-ab102acfb1b8:192.168.164.241:38092, b75f8b2e-6273-4c97-b7c5-042674931d23:192.168.164.241:41857, 3750b3a2-715b-46b3-9d0c-9e38136244b9:192.168.164.241:46227], old=null
2019-10-20 18:18:38,573 [grpc-default-executor-10] INFO  impl.RaftServerImpl (RaftServerImpl.java:setRole(184)) - 6ef27e9c-8ddb-4fa1-8c14-ab102acfb1b8@group-F11756C8BA4A: changes role from  FOLLOWER to FOLLOWER at term 86 for recognizeCandidate:b75f8b2e-6273-4c97-b7c5-042674931d23
2019-10-20 18:18:38,573 [grpc-default-executor-1] INFO  impl.RaftServerImpl (RaftServerImpl.java:setRole(184)) - 3750b3a2-715b-46b3-9d0c-9e38136244b9@group-F11756C8BA4A: changes role from  FOLLOWER to FOLLOWER at term 86 for recognizeCandidate:b75f8b2e-6273-4c97-b7c5-042674931d23
2019-10-20 18:18:38,573 [grpc-default-executor-10] INFO  impl.RoleInfo (RoleInfo.java:shutdownFollowerState(121)) - 6ef27e9c-8ddb-4fa1-8c14-ab102acfb1b8: shutdown FollowerState
2019-10-20 18:18:38,573 [grpc-default-executor-1] INFO  impl.RoleInfo (RoleInfo.java:shutdownFollowerState(121)) - 3750b3a2-715b-46b3-9d0c-9e38136244b9: shutdown FollowerState
2019-10-20 18:18:38,573 [grpc-default-executor-10] INFO  impl.RoleInfo (RoleInfo.java:updateAndGet(143)) - 6ef27e9c-8ddb-4fa1-8c14-ab102acfb1b8: start FollowerState
2019-10-20 18:18:38,573 [Thread-1463] INFO  impl.FollowerState (FollowerState.java:run(117)) - 6ef27e9c-8ddb-4fa1-8c14-ab102acfb1b8@group-F11756C8BA4A-FollowerState was interrupted: java.lang.InterruptedException: sleep interrupted
2019-10-20 18:18:38,573 [grpc-default-executor-1] INFO  impl.RoleInfo (RoleInfo.java:updateAndGet(143)) - 3750b3a2-715b-46b3-9d0c-9e38136244b9: start FollowerState
2019-10-20 18:18:38,573 [Thread-1462] INFO  impl.FollowerState (FollowerState.java:run(117)) - 3750b3a2-715b-46b3-9d0c-9e38136244b9@group-F11756C8BA4A-FollowerState was interrupted: java.lang.InterruptedException: sleep interrupted
2019-10-20 18:18:38,598 [b75f8b2e-6273-4c97-b7c5-042674931d23@group-F11756C8BA4A-LeaderElection165] INFO  impl.LeaderElection (LeaderElection.java:logAndReturn(56)) - b75f8b2e-6273-4c97-b7c5-042674931d23@group-F11756C8BA4A-LeaderElection165: Election REJECTED; received 2 response(s) [b75f8b2e-6273-4c97-b7c5-042674931d23<-6ef27e9c-8ddb-4fa1-8c14-ab102acfb1b8#0:FAIL-t86, b75f8b2e-6273-4c97-b7c5-042674931d23<-3750b3a2-715b-46b3-9d0c-9e38136244b9#0:FAIL-t86] and 0 exception(s); b75f8b2e-6273-4c97-b7c5-042674931d23@group-F11756C8BA4A:t86, leader=null, voted=b75f8b2e-6273-4c97-b7c5-042674931d23, raftlog=b75f8b2e-6273-4c97-b7c5-042674931d23@group-F11756C8BA4A-SegmentedRaftLog:OPENED:c-1,f-1,i0, conf=-1: [6ef27e9c-8ddb-4fa1-8c14-ab102acfb1b8:192.168.164.241:38092, b75f8b2e-6273-4c97-b7c5-042674931d23:192.168.164.241:41857, 3750b3a2-715b-46b3-9d0c-9e38136244b9:192.168.164.241:46227], old=null
2019-10-20 18:18:38,598 [b75f8b2e-6273-4c97-b7c5-042674931d23@group-F11756C8BA4A-LeaderElection165] INFO  impl.RaftServerImpl (RaftServerImpl.java:setRole(184)) - b75f8b2e-6273-4c97-b7c5-042674931d23@group-F11756C8BA4A: changes role from CANDIDATE to FOLLOWER at term 86 for DISCOVERED_A_NEW_TERM
2019-10-20 18:18:38,598 [b75f8b2e-6273-4c97-b7c5-042674931d23@group-F11756C8BA4A-LeaderElection165] INFO  impl.RoleInfo (RoleInfo.java:shutdownLeaderElection(134)) - b75f8b2e-6273-4c97-b7c5-042674931d23: shutdown LeaderElection
2019-10-20 18:18:38,598 [b75f8b2e-6273-4c97-b7c5-042674931d23@group-F11756C8BA4A-LeaderElection165] INFO  impl.RoleInfo (RoleInfo.java:updateAndGet(143)) - b75f8b2e-6273-4c97-b7c5-042674931d23: start FollowerState
2019-10-20 18:18:38,615 [Thread-1466] INFO  impl.FollowerState (FollowerState.java:run(108)) - 399079f7-1eb1-4f37-b003-267572525934@group-D40A05E2FCF9-FollowerState: change to CANDIDATE, lastRpcTime:95ms, electionTimeout:95ms
2019-10-20 18:18:38,616 [Thread-1466] INFO  impl.RoleInfo (RoleInfo.java:shutdownFollowerState(121)) - 399079f7-1eb1-4f37-b003-267572525934: shutdown FollowerState
2019-10-20 18:18:38,616 [Thread-1466] INFO  impl.RaftServerImpl (RaftServerImpl.java:setRole(184)) - 399079f7-1eb1-4f37-b003-267572525934@group-D40A05E2FCF9: changes role from  FOLLOWER to CANDIDATE at term 87 for changeToCandidate
2019-10-20 18:18:38,616 [Thread-1466] INFO  impl.RoleInfo (RoleInfo.java:updateAndGet(143)) - 399079f7-1eb1-4f37-b003-267572525934: start LeaderElection
2019-10-20 18:18:38,640 [399079f7-1eb1-4f37-b003-267572525934@group-D40A05E2FCF9-LeaderElection166] INFO  impl.LeaderElection (LeaderElection.java:askForVotes(178)) - 399079f7-1eb1-4f37-b003-267572525934@group-D40A05E2FCF9-LeaderElection166: begin an election at term 88 for -1: [399079f7-1eb1-4f37-b003-267572525934:192.168.164.241:37762, 7a43c46a-fc88-4b2d-b2da-ae029cfa60ff:192.168.164.241:43684, 6c5c38af-62e6-4ea7-a24a-078dcb28fb39:192.168.164.241:45428], old=null
2019-10-20 18:18:38,642 [grpc-default-executor-1] INFO  impl.RaftServerImpl (RaftServerImpl.java:setRole(184)) - 7a43c46a-fc88-4b2d-b2da-ae029cfa60ff@group-D40A05E2FCF9: changes role from  FOLLOWER to FOLLOWER at term 88 for recognizeCandidate:399079f7-1eb1-4f37-b003-267572525934
2019-10-20 18:18:38,642 [grpc-default-executor-10] INFO  impl.RaftServerImpl (RaftServerImpl.java:setRole(184)) - 6c5c38af-62e6-4ea7-a24a-078dcb28fb39@group-D40A05E2FCF9: changes role from  FOLLOWER to FOLLOWER at term 88 for recognizeCandidate:399079f7-1eb1-4f37-b003-267572525934
2019-10-20 18:18:38,642 [grpc-default-executor-1] INFO  impl.RoleInfo (RoleInfo.java:shutdownFollowerState(121)) - 7a43c46a-fc88-4b2d-b2da-ae029cfa60ff: shutdown FollowerState
2019-10-20 18:18:38,642 [grpc-default-executor-10] INFO  impl.RoleInfo (RoleInfo.java:shutdownFollowerState(121)) - 6c5c38af-62e6-4ea7-a24a-078dcb28fb39: shutdown FollowerState
2019-10-20 18:18:38,642 [Thread-1461] INFO  impl.FollowerState (FollowerState.java:run(117)) - 7a43c46a-fc88-4b2d-b2da-ae029cfa60ff@group-D40A05E2FCF9-FollowerState was interrupted: java.lang.InterruptedException: sleep interrupted
2019-10-20 18:18:38,642 [grpc-default-executor-1] INFO  impl.RoleInfo (RoleInfo.java:updateAndGet(143)) - 7a43c46a-fc88-4b2d-b2da-ae029cfa60ff: start FollowerState
2019-10-20 18:18:38,642 [Thread-1464] INFO  impl.FollowerState (FollowerState.java:run(117)) - 6c5c38af-62e6-4ea7-a24a-078dcb28fb39@group-D40A05E2FCF9-FollowerState was interrupted: java.lang.InterruptedException: sleep interrupted
2019-10-20 18:18:38,642 [grpc-default-executor-10] INFO  impl.RoleInfo (RoleInfo.java:updateAndGet(143)) - 6c5c38af-62e6-4ea7-a24a-078dcb28fb39: start FollowerState
2019-10-20 18:18:38,667 [399079f7-1eb1-4f37-b003-267572525934@group-D40A05E2FCF9-LeaderElection166] INFO  impl.LeaderElection (LeaderElection.java:logAndReturn(56)) - 399079f7-1eb1-4f37-b003-267572525934@group-D40A05E2FCF9-LeaderElection166: Election REJECTED; received 2 response(s) [399079f7-1eb1-4f37-b003-267572525934<-7a43c46a-fc88-4b2d-b2da-ae029cfa60ff#0:FAIL-t88, 399079f7-1eb1-4f37-b003-267572525934<-6c5c38af-62e6-4ea7-a24a-078dcb28fb39#0:FAIL-t88] and 0 exception(s); 399079f7-1eb1-4f37-b003-267572525934@group-D40A05E2FCF9:t88, leader=null, voted=399079f7-1eb1-4f37-b003-267572525934, raftlog=399079f7-1eb1-4f37-b003-267572525934@group-D40A05E2FCF9-SegmentedRaftLog:OPENED:c-1,f-1,i0, conf=-1: [399079f7-1eb1-4f37-b003-267572525934:192.168.164.241:37762, 7a43c46a-fc88-4b2d-b2da-ae029cfa60ff:192.168.164.241:43684, 6c5c38af-62e6-4ea7-a24a-078dcb28fb39:192.168.164.241:45428], old=null
2019-10-20 18:18:38,667 [399079f7-1eb1-4f37-b003-267572525934@group-D40A05E2FCF9-LeaderElection166] INFO  impl.RaftServerImpl (RaftServerImpl.java:setRole(184)) - 399079f7-1eb1-4f37-b003-267572525934@group-D40A05E2FCF9: changes role from CANDIDATE to FOLLOWER at term 88 for DISCOVERED_A_NEW_TERM
2019-10-20 18:18:38,667 [399079f7-1eb1-4f37-b003-267572525934@group-D40A05E2FCF9-LeaderElection166] INFO  impl.RoleInfo (RoleInfo.java:shutdownLeaderElection(134)) - 399079f7-1eb1-4f37-b003-267572525934: shutdown LeaderElection
2019-10-20 18:18:38,667 [399079f7-1eb1-4f37-b003-267572525934@group-D40A05E2FCF9-LeaderElection166] INFO  impl.RoleInfo (RoleInfo.java:updateAndGet(143)) - 399079f7-1eb1-4f37-b003-267572525934: start FollowerState
2019-10-20 18:18:38,687 [Thread-1478] INFO  impl.FollowerState (FollowerState.java:run(108)) - 399079f7-1eb1-4f37-b003-267572525934@group-D40A05E2FCF9-FollowerState: change to CANDIDATE, lastRpcTime:20ms, electionTimeout:20ms
2019-10-20 18:18:38,687 [Thread-1478] INFO  impl.RoleInfo (RoleInfo.java:shutdownFollowerState(121)) - 399079f7-1eb1-4f37-b003-267572525934: shutdown FollowerState
2019-10-20 18:18:38,687 [Thread-1478] INFO  impl.RaftServerImpl (RaftServerImpl.java:setRole(184)) - 399079f7-1eb1-4f37-b003-267572525934@group-D40A05E2FCF9: changes role from  FOLLOWER to CANDIDATE at term 88 for changeToCandidate
2019-10-20 18:18:38,687 [Thread-1478] INFO  impl.RoleInfo (RoleInfo.java:updateAndGet(143)) - 399079f7-1eb1-4f37-b003-267572525934: start LeaderElection
2019-10-20 18:18:38,717 [399079f7-1eb1-4f37-b003-267572525934@group-D40A05E2FCF9-LeaderElection167] INFO  impl.LeaderElection (LeaderElection.java:askForVotes(178)) - 399079f7-1eb1-4f37-b003-267572525934@group-D40A05E2FCF9-LeaderElection167: begin an election at term 89 for -1: [399079f7-1eb1-4f37-b003-267572525934:192.168.164.241:37762, 7a43c46a-fc88-4b2d-b2da-ae029cfa60ff:192.168.164.241:43684, 6c5c38af-62e6-4ea7-a24a-078dcb28fb39:192.168.164.241:45428], old=null
2019-10-20 18:18:38,719 [grpc-default-executor-1] INFO  impl.RaftServerImpl (RaftServerImpl.java:setRole(184)) - 7a43c46a-fc88-4b2d-b2da-ae029cfa60ff@group-D40A05E2FCF9: changes role from  FOLLOWER to FOLLOWER at term 89 for recognizeCandidate:399079f7-1eb1-4f37-b003-267572525934
2019-10-20 18:18:38,719 [grpc-default-executor-10] INFO  impl.RaftServerImpl (RaftServerImpl.java:setRole(184)) - 6c5c38af-62e6-4ea7-a24a-078dcb28fb39@group-D40A05E2FCF9: changes role from  FOLLOWER to FOLLOWER at term 89 for recognizeCandidate:399079f7-1eb1-4f37-b003-267572525934
2019-10-20 18:18:38,719 [grpc-default-executor-1] INFO  impl.RoleInfo (RoleInfo.java:shutdownFollowerState(121)) - 7a43c46a-fc88-4b2d-b2da-ae029cfa60ff: shutdown FollowerState
2019-10-20 18:18:38,719 [grpc-default-executor-10] INFO  impl.RoleInfo (RoleInfo.java:shutdownFollowerState(121)) - 6c5c38af-62e6-4ea7-a24a-078dcb28fb39: shutdown FollowerState
2019-10-20 18:18:38,719 [Thread-1476] INFO  impl.FollowerState (FollowerState.java:run(117)) - 7a43c46a-fc88-4b2d-b2da-ae029cfa60ff@group-D40A05E2FCF9-FollowerState was interrupted: java.lang.InterruptedException: sleep interrupted
2019-10-20 18:18:38,719 [grpc-default-executor-1] INFO  impl.RoleInfo (RoleInfo.java:updateAndGet(143)) - 7a43c46a-fc88-4b2d-b2da-ae029cfa60ff: start FollowerState
2019-10-20 18:18:38,720 [Thread-1477] INFO  impl.FollowerState (FollowerState.java:run(117)) - 6c5c38af-62e6-4ea7-a24a-078dcb28fb39@group-D40A05E2FCF9-FollowerState was interrupted: java.lang.InterruptedException: sleep interrupted
2019-10-20 18:18:38,720 [grpc-default-executor-10] INFO  impl.RoleInfo (RoleInfo.java:updateAndGet(143)) - 6c5c38af-62e6-4ea7-a24a-078dcb28fb39: start FollowerState
2019-10-20 18:18:38,721 [Thread-1472] INFO  impl.FollowerState (FollowerState.java:run(108)) - b75f8b2e-6273-4c97-b7c5-042674931d23@group-F11756C8BA4A-FollowerState: change to CANDIDATE, lastRpcTime:122ms, electionTimeout:122ms
2019-10-20 18:18:38,721 [Thread-1472] INFO  impl.RoleInfo (RoleInfo.java:shutdownFollowerState(121)) - b75f8b2e-6273-4c97-b7c5-042674931d23: shutdown FollowerState
2019-10-20 18:18:38,721 [Thread-1472] INFO  impl.RaftServerImpl (RaftServerImpl.java:setRole(184)) - b75f8b2e-6273-4c97-b7c5-042674931d23@group-F11756C8BA4A: changes role from  FOLLOWER to CANDIDATE at term 86 for changeToCandidate
2019-10-20 18:18:38,721 [Thread-1472] INFO  impl.RoleInfo (RoleInfo.java:updateAndGet(143)) - b75f8b2e-6273-4c97-b7c5-042674931d23: start LeaderElection
2019-10-20 18:18:38,742 [b75f8b2e-6273-4c97-b7c5-042674931d23@group-F11756C8BA4A-LeaderElection168] INFO  impl.LeaderElection (LeaderElection.java:askForVotes(178)) - b75f8b2e-6273-4c97-b7c5-042674931d23@group-F11756C8BA4A-LeaderElection168: begin an election at term 87 for -1: [6ef27e9c-8ddb-4fa1-8c14-ab102acfb1b8:192.168.164.241:38092, b75f8b2e-6273-4c97-b7c5-042674931d23:192.168.164.241:41857, 3750b3a2-715b-46b3-9d0c-9e38136244b9:192.168.164.241:46227], old=null
2019-10-20 18:18:38,743 [399079f7-1eb1-4f37-b003-267572525934@group-D40A05E2FCF9-LeaderElection167] INFO  impl.LeaderElection (LeaderElection.java:logAndReturn(56)) - 399079f7-1eb1-4f37-b003-267572525934@group-D40A05E2FCF9-LeaderElection167: Election REJECTED; received 2 response(s) [399079f7-1eb1-4f37-b003-267572525934<-7a43c46a-fc88-4b2d-b2da-ae029cfa60ff#0:FAIL-t89, 399079f7-1eb1-4f37-b003-267572525934<-6c5c38af-62e6-4ea7-a24a-078dcb28fb39#0:FAIL-t89] and 0 exception(s); 399079f7-1eb1-4f37-b003-267572525934@group-D40A05E2FCF9:t89, leader=null, voted=399079f7-1eb1-4f37-b003-267572525934, raftlog=399079f7-1eb1-4f37-b003-267572525934@group-D40A05E2FCF9-SegmentedRaftLog:OPENED:c-1,f-1,i0, conf=-1: [399079f7-1eb1-4f37-b003-267572525934:192.168.164.241:37762, 7a43c46a-fc88-4b2d-b2da-ae029cfa60ff:192.168.164.241:43684, 6c5c38af-62e6-4ea7-a24a-078dcb28fb39:192.168.164.241:45428], old=null
2019-10-20 18:18:38,743 [399079f7-1eb1-4f37-b003-267572525934@group-D40A05E2FCF9-LeaderElection167] INFO  impl.RaftServerImpl (RaftServerImpl.java:setRole(184)) - 399079f7-1eb1-4f37-b003-267572525934@group-D40A05E2FCF9: changes role from CANDIDATE to FOLLOWER at term 89 for DISCOVERED_A_NEW_TERM
2019-10-20 18:18:38,743 [399079f7-1eb1-4f37-b003-267572525934@group-D40A05E2FCF9-LeaderElection167] INFO  impl.RoleInfo (RoleInfo.java:shutdownLeaderElection(134)) - 399079f7-1eb1-4f37-b003-267572525934: shutdown LeaderElection
2019-10-20 18:18:38,744 [399079f7-1eb1-4f37-b003-267572525934@group-D40A05E2FCF9-LeaderElection167] INFO  impl.RoleInfo (RoleInfo.java:updateAndGet(143)) - 399079f7-1eb1-4f37-b003-267572525934: start FollowerState
2019-10-20 18:18:38,744 [grpc-default-executor-1] INFO  impl.RaftServerImpl (RaftServerImpl.java:setRole(184)) - 6ef27e9c-8ddb-4fa1-8c14-ab102acfb1b8@group-F11756C8BA4A: changes role from  FOLLOWER to FOLLOWER at term 87 for recognizeCandidate:b75f8b2e-6273-4c97-b7c5-042674931d23
2019-10-20 18:18:38,744 [grpc-default-executor-1] INFO  impl.RoleInfo (RoleInfo.java:shutdownFollowerState(121)) - 6ef27e9c-8ddb-4fa1-8c14-ab102acfb1b8: shutdown FollowerState
2019-10-20 18:18:38,744 [grpc-default-executor-1] INFO  impl.RoleInfo (RoleInfo.java:updateAndGet(143)) - 6ef27e9c-8ddb-4fa1-8c14-ab102acfb1b8: start FollowerState
2019-10-20 18:18:38,745 [Thread-1470] INFO  impl.FollowerState (FollowerState.java:run(117)) - 6ef27e9c-8ddb-4fa1-8c14-ab102acfb1b8@group-F11756C8BA4A-FollowerState was interrupted: java.lang.InterruptedException: sleep interrupted
2019-10-20 18:18:38,744 [grpc-default-executor-10] INFO  impl.RaftServerImpl (RaftServerImpl.java:setRole(184)) - 3750b3a2-715b-46b3-9d0c-9e38136244b9@group-F11756C8BA4A: changes role from  FOLLOWER to FOLLOWER at term 87 for recognizeCandidate:b75f8b2e-6273-4c97-b7c5-042674931d23
2019-10-20 18:18:38,745 [grpc-default-executor-10] INFO  impl.RoleInfo (RoleInfo.java:shutdownFollowerState(121)) - 3750b3a2-715b-46b3-9d0c-9e38136244b9: shutdown FollowerState
2019-10-20 18:18:38,745 [grpc-default-executor-10] INFO  impl.RoleInfo (RoleInfo.java:updateAndGet(143)) - 3750b3a2-715b-46b3-9d0c-9e38136244b9: start FollowerState
2019-10-20 18:18:38,745 [Thread-1471] INFO  impl.FollowerState (FollowerState.java:run(117)) - 3750b3a2-715b-46b3-9d0c-9e38136244b9@group-F11756C8BA4A-FollowerState was interrupted: java.lang.InterruptedException: sleep interrupted
2019-10-20 18:18:38,769 [b75f8b2e-6273-4c97-b7c5-042674931d23@group-F11756C8BA4A-LeaderElection168] INFO  impl.LeaderElection (LeaderElection.java:logAndReturn(56)) - b75f8b2e-6273-4c97-b7c5-042674931d23@group-F11756C8BA4A-LeaderElection168: Election REJECTED; received 2 response(s) [b75f8b2e-6273-4c97-b7c5-042674931d23<-6ef27e9c-8ddb-4fa1-8c14-ab102acfb1b8#0:FAIL-t87, b75f8b2e-6273-4c97-b7c5-042674931d23<-3750b3a2-715b-46b3-9d0c-9e38136244b9#0:FAIL-t87] and 0 exception(s); b75f8b2e-6273-4c97-b7c5-042674931d23@group-F11756C8BA4A:t87, leader=null, voted=b75f8b2e-6273-4c97-b7c5-042674931d23, raftlog=b75f8b2e-6273-4c97-b7c5-042674931d23@group-F11756C8BA4A-SegmentedRaftLog:OPENED:c-1,f-1,i0, conf=-1: [6ef27e9c-8ddb-4fa1-8c14-ab102acfb1b8:192.168.164.241:38092, b75f8b2e-6273-4c97-b7c5-042674931d23:192.168.164.241:41857, 3750b3a2-715b-46b3-9d0c-9e38136244b9:192.168.164.241:46227], old=null
2019-10-20 18:18:38,769 [b75f8b2e-6273-4c97-b7c5-042674931d23@group-F11756C8BA4A-LeaderElection168] INFO  impl.RaftServerImpl (RaftServerImpl.java:setRole(184)) - b75f8b2e-6273-4c97-b7c5-042674931d23@group-F11756C8BA4A: changes role from CANDIDATE to FOLLOWER at term 87 for DISCOVERED_A_NEW_TERM
2019-10-20 18:18:38,769 [b75f8b2e-6273-4c97-b7c5-042674931d23@group-F11756C8BA4A-LeaderElection168] INFO  impl.RoleInfo (RoleInfo.java:shutdownLeaderElection(134)) - b75f8b2e-6273-4c97-b7c5-042674931d23: shutdown LeaderElection
2019-10-20 18:18:38,769 [b75f8b2e-6273-4c97-b7c5-042674931d23@group-F11756C8BA4A-LeaderElection168] INFO  impl.RoleInfo (RoleInfo.java:updateAndGet(143)) - b75f8b2e-6273-4c97-b7c5-042674931d23: start FollowerState
2019-10-20 18:18:38,788 [Thread-1492] INFO  impl.FollowerState (FollowerState.java:run(108)) - b75f8b2e-6273-4c97-b7c5-042674931d23@group-F11756C8BA4A-FollowerState: change to CANDIDATE, lastRpcTime:18ms, electionTimeout:18ms
2019-10-20 18:18:38,788 [Thread-1492] INFO  impl.RoleInfo (RoleInfo.java:shutdownFollowerState(121)) - b75f8b2e-6273-4c97-b7c5-042674931d23: shutdown FollowerState
2019-10-20 18:18:38,788 [Thread-1492] INFO  impl.RaftServerImpl (RaftServerImpl.java:setRole(184)) - b75f8b2e-6273-4c97-b7c5-042674931d23@group-F11756C8BA4A: changes role from  FOLLOWER to CANDIDATE at term 87 for changeToCandidate
2019-10-20 18:18:38,788 [Thread-1492] INFO  impl.RoleInfo (RoleInfo.java:updateAndGet(143)) - b75f8b2e-6273-4c97-b7c5-042674931d23: start LeaderElection
2019-10-20 18:18:38,811 [b75f8b2e-6273-4c97-b7c5-042674931d23@group-F11756C8BA4A-LeaderElection169] INFO  impl.LeaderElection (LeaderElection.java:askForVotes(178)) - b75f8b2e-6273-4c97-b7c5-042674931d23@group-F11756C8BA4A-LeaderElection169: begin an election at term 88 for -1: [6ef27e9c-8ddb-4fa1-8c14-ab102acfb1b8:192.168.164.241:38092, b75f8b2e-6273-4c97-b7c5-042674931d23:192.168.164.241:41857, 3750b3a2-715b-46b3-9d0c-9e38136244b9:192.168.164.241:46227], old=null
2019-10-20 18:18:38,813 [grpc-default-executor-10] INFO  impl.RaftServerImpl (RaftServerImpl.java:setRole(184)) - 3750b3a2-715b-46b3-9d0c-9e38136244b9@group-F11756C8BA4A: changes role from  FOLLOWER to FOLLOWER at term 88 for recognizeCandidate:b75f8b2e-6273-4c97-b7c5-042674931d23
2019-10-20 18:18:38,813 [grpc-default-executor-1] INFO  impl.RaftServerImpl (RaftServerImpl.java:setRole(184)) - 6ef27e9c-8ddb-4fa1-8c14-ab102acfb1b8@group-F11756C8BA4A: changes role from  FOLLOWER to FOLLOWER at term 88 for recognizeCandidate:b75f8b2e-6273-4c97-b7c5-042674931d23
2019-10-20 18:18:38,813 [grpc-default-executor-10] INFO  impl.RoleInfo (RoleInfo.java:shutdownFollowerState(121)) - 3750b3a2-715b-46b3-9d0c-9e38136244b9: shutdown FollowerState
2019-10-20 18:18:38,813 [grpc-default-executor-1] INFO  impl.RoleInfo (RoleInfo.java:shutdownFollowerState(121)) - 6ef27e9c-8ddb-4fa1-8c14-ab102acfb1b8: shutdown FollowerState
2019-10-20 18:18:38,814 [grpc-default-executor-10] INFO  impl.RoleInfo (RoleInfo.java:updateAndGet(143)) - 3750b3a2-715b-46b3-9d0c-9e38136244b9: start FollowerState
2019-10-20 18:18:38,814 [Thread-1489] INFO  impl.FollowerState (FollowerState.java:run(117)) - 3750b3a2-715b-46b3-9d0c-9e38136244b9@group-F11756C8BA4A-FollowerState was interrupted: java.lang.InterruptedException: sleep interrupted
2019-10-20 18:18:38,814 [Thread-1488] INFO  impl.FollowerState (FollowerState.java:run(117)) - 6ef27e9c-8ddb-4fa1-8c14-ab102acfb1b8@group-F11756C8BA4A-FollowerState was interrupted: java.lang.InterruptedException: sleep interrupted
2019-10-20 18:18:38,814 [grpc-default-executor-1] INFO  impl.RoleInfo (RoleInfo.java:updateAndGet(143)) - 6ef27e9c-8ddb-4fa1-8c14-ab102acfb1b8: start FollowerState
2019-10-20 18:18:38,842 [b75f8b2e-6273-4c97-b7c5-042674931d23@group-F11756C8BA4A-LeaderElection169] INFO  impl.LeaderElection (LeaderElection.java:logAndReturn(56)) - b75f8b2e-6273-4c97-b7c5-042674931d23@group-F11756C8BA4A-LeaderElection169: Election REJECTED; received 2 response(s) [b75f8b2e-6273-4c97-b7c5-042674931d23<-6ef27e9c-8ddb-4fa1-8c14-ab102acfb1b8#0:FAIL-t88, b75f8b2e-6273-4c97-b7c5-042674931d23<-3750b3a2-715b-46b3-9d0c-9e38136244b9#0:FAIL-t88] and 0 exception(s); b75f8b2e-6273-4c97-b7c5-042674931d23@group-F11756C8BA4A:t88, leader=null, voted=b75f8b2e-6273-4c97-b7c5-042674931d23, raftlog=b75f8b2e-6273-4c97-b7c5-042674931d23@group-F11756C8BA4A-SegmentedRaftLog:OPENED:c-1,f-1,i0, conf=-1: [6ef27e9c-8ddb-4fa1-8c14-ab102acfb1b8:192.168.164.241:38092, b75f8b2e-6273-4c97-b7c5-042674931d23:192.168.164.241:41857, 3750b3a2-715b-46b3-9d0c-9e38136244b9:192.168.164.241:46227], old=null
2019-10-20 18:18:38,842 [b75f8b2e-6273-4c97-b7c5-042674931d23@group-F11756C8BA4A-LeaderElection169] INFO  impl.RaftServerImpl (RaftServerImpl.java:setRole(184)) - b75f8b2e-6273-4c97-b7c5-042674931d23@group-F11756C8BA4A: changes role from CANDIDATE to FOLLOWER at term 88 for DISCOVERED_A_NEW_TERM
2019-10-20 18:18:38,842 [b75f8b2e-6273-4c97-b7c5-042674931d23@group-F11756C8BA4A-LeaderElection169] INFO  impl.RoleInfo (RoleInfo.java:shutdownLeaderElection(134)) - b75f8b2e-6273-4c97-b7c5-042674931d23: shutdown LeaderElection
2019-10-20 18:18:38,843 [b75f8b2e-6273-4c97-b7c5-042674931d23@group-F11756C8BA4A-LeaderElection169] INFO  impl.RoleInfo (RoleInfo.java:updateAndGet(143)) - b75f8b2e-6273-4c97-b7c5-042674931d23: start FollowerState
2019-10-20 18:18:38,919 [Thread-1487] INFO  impl.FollowerState (FollowerState.java:run(108)) - 399079f7-1eb1-4f37-b003-267572525934@group-D40A05E2FCF9-FollowerState: change to CANDIDATE, lastRpcTime:175ms, electionTimeout:175ms
2019-10-20 18:18:38,919 [Thread-1487] INFO  impl.RoleInfo (RoleInfo.java:shutdownFollowerState(121)) - 399079f7-1eb1-4f37-b003-267572525934: shutdown FollowerState
2019-10-20 18:18:38,920 [Thread-1487] INFO  impl.RaftServerImpl (RaftServerImpl.java:setRole(184)) - 399079f7-1eb1-4f37-b003-267572525934@group-D40A05E2FCF9: changes role from  FOLLOWER to CANDIDATE at term 89 for changeToCandidate
2019-10-20 18:18:38,920 [Thread-1487] INFO  impl.RoleInfo (RoleInfo.java:updateAndGet(143)) - 399079f7-1eb1-4f37-b003-267572525934: start LeaderElection
2019-10-20 18:18:38,945 [399079f7-1eb1-4f37-b003-267572525934@group-D40A05E2FCF9-LeaderElection170] INFO  impl.LeaderElection (LeaderElection.java:askForVotes(178)) - 399079f7-1eb1-4f37-b003-267572525934@group-D40A05E2FCF9-LeaderElection170: begin an election at term 90 for -1: [399079f7-1eb1-4f37-b003-267572525934:192.168.164.241:37762, 7a43c46a-fc88-4b2d-b2da-ae029cfa60ff:192.168.164.241:43684, 6c5c38af-62e6-4ea7-a24a-078dcb28fb39:192.168.164.241:45428], old=null
2019-10-20 18:18:38,947 [grpc-default-executor-1] INFO  impl.RaftServerImpl (RaftServerImpl.java:setRole(184)) - 6c5c38af-62e6-4ea7-a24a-078dcb28fb39@group-D40A05E2FCF9: changes role from  FOLLOWER to FOLLOWER at term 90 for recognizeCandidate:399079f7-1eb1-4f37-b003-267572525934
2019-10-20 18:18:38,947 [grpc-default-executor-10] INFO  impl.RaftServerImpl (RaftServerImpl.java:setRole(184)) - 7a43c46a-fc88-4b2d-b2da-ae029cfa60ff@group-D40A05E2FCF9: changes role from  FOLLOWER to FOLLOWER at term 90 for recognizeCandidate:399079f7-1eb1-4f37-b003-267572525934
2019-10-20 18:18:38,948 [grpc-default-executor-1] INFO  impl.RoleInfo (RoleInfo.java:shutdownFollowerState(121)) - 6c5c38af-62e6-4ea7-a24a-078dcb28fb39: shutdown FollowerState
2019-10-20 18:18:38,948 [grpc-default-executor-10] INFO  impl.RoleInfo (RoleInfo.java:shutdownFollowerState(121)) - 7a43c46a-fc88-4b2d-b2da-ae029cfa60ff: shutdown FollowerState
2019-10-20 18:18:38,948 [Thread-1483] INFO  impl.FollowerState (FollowerState.java:run(117)) - 6c5c38af-62e6-4ea7-a24a-078dcb28fb39@group-D40A05E2FCF9-FollowerState was interrupted: java.lang.InterruptedException: sleep interrupted
2019-10-20 18:18:38,948 [grpc-default-executor-1] INFO  impl.RoleInfo (RoleInfo.java:updateAndGet(143)) - 6c5c38af-62e6-4ea7-a24a-078dcb28fb39: start FollowerState
2019-10-20 18:18:38,948 [Thread-1482] INFO  impl.FollowerState (FollowerState.java:run(117)) - 7a43c46a-fc88-4b2d-b2da-ae029cfa60ff@group-D40A05E2FCF9-FollowerState was interrupted: java.lang.InterruptedException: sleep interrupted
2019-10-20 18:18:38,948 [grpc-default-executor-10] INFO  impl.RoleInfo (RoleInfo.java:updateAndGet(143)) - 7a43c46a-fc88-4b2d-b2da-ae029cfa60ff: start FollowerState
2019-10-20 18:18:38,971 [399079f7-1eb1-4f37-b003-267572525934@group-D40A05E2FCF9-LeaderElection170] INFO  impl.LeaderElection (LeaderElection.java:logAndReturn(56)) - 399079f7-1eb1-4f37-b003-267572525934@group-D40A05E2FCF9-LeaderElection170: Election REJECTED; received 2 response(s) [399079f7-1eb1-4f37-b003-267572525934<-7a43c46a-fc88-4b2d-b2da-ae029cfa60ff#0:FAIL-t90, 399079f7-1eb1-4f37-b003-267572525934<-6c5c38af-62e6-4ea7-a24a-078dcb28fb39#0:FAIL-t90] and 0 exception(s); 399079f7-1eb1-4f37-b003-267572525934@group-D40A05E2FCF9:t90, leader=null, voted=399079f7-1eb1-4f37-b003-267572525934, raftlog=399079f7-1eb1-4f37-b003-267572525934@group-D40A05E2FCF9-SegmentedRaftLog:OPENED:c-1,f-1,i0, conf=-1: [399079f7-1eb1-4f37-b003-267572525934:192.168.164.241:37762, 7a43c46a-fc88-4b2d-b2da-ae029cfa60ff:192.168.164.241:43684, 6c5c38af-62e6-4ea7-a24a-078dcb28fb39:192.168.164.241:45428], old=null
2019-10-20 18:18:38,972 [399079f7-1eb1-4f37-b003-267572525934@group-D40A05E2FCF9-LeaderElection170] INFO  impl.RaftServerImpl (RaftServerImpl.java:setRole(184)) - 399079f7-1eb1-4f37-b003-267572525934@group-D40A05E2FCF9: changes role from CANDIDATE to FOLLOWER at term 90 for DISCOVERED_A_NEW_TERM
2019-10-20 18:18:38,972 [399079f7-1eb1-4f37-b003-267572525934@group-D40A05E2FCF9-LeaderElection170] INFO  impl.RoleInfo (RoleInfo.java:shutdownLeaderElection(134)) - 399079f7-1eb1-4f37-b003-267572525934: shutdown LeaderElection
2019-10-20 18:18:38,972 [399079f7-1eb1-4f37-b003-267572525934@group-D40A05E2FCF9-LeaderElection170] INFO  impl.RoleInfo (RoleInfo.java:updateAndGet(143)) - 399079f7-1eb1-4f37-b003-267572525934: start FollowerState
2019-10-20 18:18:38,978 [Thread-1498] INFO  impl.FollowerState (FollowerState.java:run(108)) - b75f8b2e-6273-4c97-b7c5-042674931d23@group-F11756C8BA4A-FollowerState: change to CANDIDATE, lastRpcTime:135ms, electionTimeout:135ms
2019-10-20 18:18:38,978 [Thread-1498] INFO  impl.RoleInfo (RoleInfo.java:shutdownFollowerState(121)) - b75f8b2e-6273-4c97-b7c5-042674931d23: shutdown FollowerState
2019-10-20 18:18:38,978 [Thread-1498] INFO  impl.RaftServerImpl (RaftServerImpl.java:setRole(184)) - b75f8b2e-6273-4c97-b7c5-042674931d23@group-F11756C8BA4A: changes role from  FOLLOWER to CANDIDATE at term 88 for changeToCandidate
2019-10-20 18:18:38,978 [Thread-1498] INFO  impl.RoleInfo (RoleInfo.java:updateAndGet(143)) - b75f8b2e-6273-4c97-b7c5-042674931d23: start LeaderElection
2019-10-20 18:18:39,006 [b75f8b2e-6273-4c97-b7c5-042674931d23@group-F11756C8BA4A-LeaderElection171] INFO  impl.LeaderElection (LeaderElection.java:askForVotes(178)) - b75f8b2e-6273-4c97-b7c5-042674931d23@group-F11756C8BA4A-LeaderElection171: begin an election at term 89 for -1: [6ef27e9c-8ddb-4fa1-8c14-ab102acfb1b8:192.168.164.241:38092, b75f8b2e-6273-4c97-b7c5-042674931d23:192.168.164.241:41857, 3750b3a2-715b-46b3-9d0c-9e38136244b9:192.168.164.241:46227], old=null
2019-10-20 18:18:39,008 [grpc-default-executor-10] INFO  impl.RaftServerImpl (RaftServerImpl.java:setRole(184)) - 3750b3a2-715b-46b3-9d0c-9e38136244b9@group-F11756C8BA4A: changes role from  FOLLOWER to FOLLOWER at term 89 for recognizeCandidate:b75f8b2e-6273-4c97-b7c5-042674931d23
2019-10-20 18:18:39,008 [grpc-default-executor-1] INFO  impl.RaftServerImpl (RaftServerImpl.java:setRole(184)) - 6ef27e9c-8ddb-4fa1-8c14-ab102acfb1b8@group-F11756C8BA4A: changes role from  FOLLOWER to FOLLOWER at term 89 for recognizeCandidate:b75f8b2e-6273-4c97-b7c5-042674931d23
2019-10-20 18:18:39,009 [grpc-default-executor-10] INFO  impl.RoleInfo (RoleInfo.java:shutdownFollowerState(121)) - 3750b3a2-715b-46b3-9d0c-9e38136244b9: shutdown FollowerState
2019-10-20 18:18:39,009 [grpc-default-executor-1] INFO  impl.RoleInfo (RoleInfo.java:shutdownFollowerState(121)) - 6ef27e9c-8ddb-4fa1-8c14-ab102acfb1b8: shutdown FollowerState
2019-10-20 18:18:39,009 [grpc-default-executor-10] INFO  impl.RoleInfo (RoleInfo.java:updateAndGet(143)) - 3750b3a2-715b-46b3-9d0c-9e38136244b9: start FollowerState
2019-10-20 18:18:39,009 [Thread-1496] INFO  impl.FollowerState (FollowerState.java:run(117)) - 3750b3a2-715b-46b3-9d0c-9e38136244b9@group-F11756C8BA4A-FollowerState was interrupted: java.lang.InterruptedException: sleep interrupted
2019-10-20 18:18:39,009 [grpc-default-executor-1] INFO  impl.RoleInfo (RoleInfo.java:updateAndGet(143)) - 6ef27e9c-8ddb-4fa1-8c14-ab102acfb1b8: start FollowerState
2019-10-20 18:18:39,009 [Thread-1497] INFO  impl.FollowerState (FollowerState.java:run(117)) - 6ef27e9c-8ddb-4fa1-8c14-ab102acfb1b8@group-F11756C8BA4A-FollowerState was interrupted: java.lang.InterruptedException: sleep interrupted
2019-10-20 18:18:39,011 [Thread-1504] INFO  impl.FollowerState (FollowerState.java:run(108)) - 399079f7-1eb1-4f37-b003-267572525934@group-D40A05E2FCF9-FollowerState: change to CANDIDATE, lastRpcTime:39ms, electionTimeout:39ms
2019-10-20 18:18:39,011 [Thread-1504] INFO  impl.RoleInfo (RoleInfo.java:shutdownFollowerState(121)) - 399079f7-1eb1-4f37-b003-267572525934: shutdown FollowerState
2019-10-20 18:18:39,011 [Thread-1504] INFO  impl.RaftServerImpl (RaftServerImpl.java:setRole(184)) - 399079f7-1eb1-4f37-b003-267572525934@group-D40A05E2FCF9: changes role from  FOLLOWER to CANDIDATE at term 90 for changeToCandidate
2019-10-20 18:18:39,012 [Thread-1504] INFO  impl.RoleInfo (RoleInfo.java:updateAndGet(143)) - 399079f7-1eb1-4f37-b003-267572525934: start LeaderElection
2019-10-20 18:18:39,040 [399079f7-1eb1-4f37-b003-267572525934@group-D40A05E2FCF9-LeaderElection172] INFO  impl.LeaderElection (LeaderElection.java:askForVotes(178)) - 399079f7-1eb1-4f37-b003-267572525934@group-D40A05E2FCF9-LeaderElection172: begin an election at term 91 for -1: [399079f7-1eb1-4f37-b003-267572525934:192.168.164.241:37762, 7a43c46a-fc88-4b2d-b2da-ae029cfa60ff:192.168.164.241:43684, 6c5c38af-62e6-4ea7-a24a-078dcb28fb39:192.168.164.241:45428], old=null
2019-10-20 18:18:39,041 [b75f8b2e-6273-4c97-b7c5-042674931d23@group-F11756C8BA4A-LeaderElection171] INFO  impl.LeaderElection (LeaderElection.java:logAndReturn(56)) - b75f8b2e-6273-4c97-b7c5-042674931d23@group-F11756C8BA4A-LeaderElection171: Election REJECTED; received 2 response(s) [b75f8b2e-6273-4c97-b7c5-042674931d23<-6ef27e9c-8ddb-4fa1-8c14-ab102acfb1b8#0:FAIL-t89, b75f8b2e-6273-4c97-b7c5-042674931d23<-3750b3a2-715b-46b3-9d0c-9e38136244b9#0:FAIL-t89] and 0 exception(s); b75f8b2e-6273-4c97-b7c5-042674931d23@group-F11756C8BA4A:t89, leader=null, voted=b75f8b2e-6273-4c97-b7c5-042674931d23, raftlog=b75f8b2e-6273-4c97-b7c5-042674931d23@group-F11756C8BA4A-SegmentedRaftLog:OPENED:c-1,f-1,i0, conf=-1: [6ef27e9c-8ddb-4fa1-8c14-ab102acfb1b8:192.168.164.241:38092, b75f8b2e-6273-4c97-b7c5-042674931d23:192.168.164.241:41857, 3750b3a2-715b-46b3-9d0c-9e38136244b9:192.168.164.241:46227], old=null
2019-10-20 18:18:39,041 [b75f8b2e-6273-4c97-b7c5-042674931d23@group-F11756C8BA4A-LeaderElection171] INFO  impl.RaftServerImpl (RaftServerImpl.java:setRole(184)) - b75f8b2e-6273-4c97-b7c5-042674931d23@group-F11756C8BA4A: changes role from CANDIDATE to FOLLOWER at term 89 for DISCOVERED_A_NEW_TERM
2019-10-20 18:18:39,041 [b75f8b2e-6273-4c97-b7c5-042674931d23@group-F11756C8BA4A-LeaderElection171] INFO  impl.RoleInfo (RoleInfo.java:shutdownLeaderElection(134)) - b75f8b2e-6273-4c97-b7c5-042674931d23: shutdown LeaderElection
2019-10-20 18:18:39,041 [b75f8b2e-6273-4c97-b7c5-042674931d23@group-F11756C8BA4A-LeaderElection171] INFO  impl.RoleInfo (RoleInfo.java:updateAndGet(143)) - b75f8b2e-6273-4c97-b7c5-042674931d23: start FollowerState
2019-10-20 18:18:39,042 [grpc-default-executor-1] INFO  impl.RaftServerImpl (RaftServerImpl.java:setRole(184)) - 6c5c38af-62e6-4ea7-a24a-078dcb28fb39@group-D40A05E2FCF9: changes role from  FOLLOWER to FOLLOWER at term 91 for recognizeCandidate:399079f7-1eb1-4f37-b003-267572525934
2019-10-20 18:18:39,042 [grpc-default-executor-1] INFO  impl.RoleInfo (RoleInfo.java:shutdownFollowerState(121)) - 6c5c38af-62e6-4ea7-a24a-078dcb28fb39: shutdown FollowerState
2019-10-20 18:18:39,042 [grpc-default-executor-10] INFO  impl.RaftServerImpl (RaftServerImpl.java:setRole(184)) - 7a43c46a-fc88-4b2d-b2da-ae029cfa60ff@group-D40A05E2FCF9: changes role from  FOLLOWER to FOLLOWER at term 91 for recognizeCandidate:399079f7-1eb1-4f37-b003-267572525934
2019-10-20 18:18:39,042 [Thread-1502] INFO  impl.FollowerState (FollowerState.java:run(117)) - 6c5c38af-62e6-4ea7-a24a-078dcb28fb39@group-D40A05E2FCF9-FollowerState was interrupted: java.lang.InterruptedException: sleep interrupted
2019-10-20 18:18:39,042 [grpc-default-executor-1] INFO  impl.RoleInfo (RoleInfo.java:updateAndGet(143)) - 6c5c38af-62e6-4ea7-a24a-078dcb28fb39: start FollowerState
2019-10-20 18:18:39,042 [grpc-default-executor-10] INFO  impl.RoleInfo (RoleInfo.java:shutdownFollowerState(121)) - 7a43c46a-fc88-4b2d-b2da-ae029cfa60ff: shutdown FollowerState
2019-10-20 18:18:39,042 [grpc-default-executor-10] INFO  impl.RoleInfo (RoleInfo.java:updateAndGet(143)) - 7a43c46a-fc88-4b2d-b2da-ae029cfa60ff: start FollowerState
2019-10-20 18:18:39,043 [Thread-1503] INFO  impl.FollowerState (FollowerState.java:run(117)) - 7a43c46a-fc88-4b2d-b2da-ae029cfa60ff@group-D40A05E2FCF9-FollowerState was interrupted: java.lang.InterruptedException: sleep interrupted
2019-10-20 18:18:39,058 [399079f7-1eb1-4f37-b003-267572525934@group-D40A05E2FCF9-LeaderElection172] INFO  impl.LeaderElection (LeaderElection.java:logAndReturn(56)) - 399079f7-1eb1-4f37-b003-267572525934@group-D40A05E2FCF9-LeaderElection172: Election REJECTED; received 2 response(s) [399079f7-1eb1-4f37-b003-267572525934<-7a43c46a-fc88-4b2d-b2da-ae029cfa60ff#0:FAIL-t91, 399079f7-1eb1-4f37-b003-267572525934<-6c5c38af-62e6-4ea7-a24a-078dcb28fb39#0:FAIL-t91] and 0 exception(s); 399079f7-1eb1-4f37-b003-267572525934@group-D40A05E2FCF9:t91, leader=null, voted=399079f7-1eb1-4f37-b003-267572525934, raftlog=399079f7-1eb1-4f37-b003-267572525934@group-D40A05E2FCF9-SegmentedRaftLog:OPENED:c-1,f-1,i0, conf=-1: [399079f7-1eb1-4f37-b003-267572525934:192.168.164.241:37762, 7a43c46a-fc88-4b2d-b2da-ae029cfa60ff:192.168.164.241:43684, 6c5c38af-62e6-4ea7-a24a-078dcb28fb39:192.168.164.241:45428], old=null
2019-10-20 18:18:39,058 [399079f7-1eb1-4f37-b003-267572525934@group-D40A05E2FCF9-LeaderElection172] INFO  impl.RaftServerImpl (RaftServerImpl.java:setRole(184)) - 399079f7-1eb1-4f37-b003-267572525934@group-D40A05E2FCF9: changes role from CANDIDATE to FOLLOWER at term 91 for DISCOVERED_A_NEW_TERM
2019-10-20 18:18:39,058 [399079f7-1eb1-4f37-b003-267572525934@group-D40A05E2FCF9-LeaderElection172] INFO  impl.RoleInfo (RoleInfo.java:shutdownLeaderElection(134)) - 399079f7-1eb1-4f37-b003-267572525934: shutdown LeaderElection
2019-10-20 18:18:39,058 [399079f7-1eb1-4f37-b003-267572525934@group-D40A05E2FCF9-LeaderElection172] INFO  impl.RoleInfo (RoleInfo.java:updateAndGet(143)) - 399079f7-1eb1-4f37-b003-267572525934: start FollowerState
2019-10-20 18:18:39,218 [Thread-1516] INFO  impl.FollowerState (FollowerState.java:run(108)) - 399079f7-1eb1-4f37-b003-267572525934@group-D40A05E2FCF9-FollowerState: change to CANDIDATE, lastRpcTime:159ms, electionTimeout:159ms
2019-10-20 18:18:39,218 [Thread-1516] INFO  impl.RoleInfo (RoleInfo.java:shutdownFollowerState(121)) - 399079f7-1eb1-4f37-b003-267572525934: shutdown FollowerState
2019-10-20 18:18:39,218 [Thread-1516] INFO  impl.RaftServerImpl (RaftServerImpl.java:setRole(184)) - 399079f7-1eb1-4f37-b003-267572525934@group-D40A05E2FCF9: changes role from  FOLLOWER to CANDIDATE at term 91 for changeToCandidate
2019-10-20 18:18:39,218 [Thread-1516] INFO  impl.RoleInfo (RoleInfo.java:updateAndGet(143)) - 399079f7-1eb1-4f37-b003-267572525934: start LeaderElection
2019-10-20 18:18:39,236 [Thread-1513] INFO  impl.FollowerState (FollowerState.java:run(108)) - b75f8b2e-6273-4c97-b7c5-042674931d23@group-F11756C8BA4A-FollowerState: change to CANDIDATE, lastRpcTime:195ms, electionTimeout:195ms
2019-10-20 18:18:39,237 [Thread-1513] INFO  impl.RoleInfo (RoleInfo.java:shutdownFollowerState(121)) - b75f8b2e-6273-4c97-b7c5-042674931d23: shutdown FollowerState
2019-10-20 18:18:39,237 [Thread-1513] INFO  impl.RaftServerImpl (RaftServerImpl.java:setRole(184)) - b75f8b2e-6273-4c97-b7c5-042674931d23@group-F11756C8BA4A: changes role from  FOLLOWER to CANDIDATE at term 89 for changeToCandidate
2019-10-20 18:18:39,237 [Thread-1513] INFO  impl.RoleInfo (RoleInfo.java:updateAndGet(143)) - b75f8b2e-6273-4c97-b7c5-042674931d23: start LeaderElection
2019-10-20 18:18:39,242 [399079f7-1eb1-4f37-b003-267572525934@group-D40A05E2FCF9-LeaderElection173] INFO  impl.LeaderElection (LeaderElection.java:askForVotes(178)) - 399079f7-1eb1-4f37-b003-267572525934@group-D40A05E2FCF9-LeaderElection173: begin an election at term 92 for -1: [399079f7-1eb1-4f37-b003-267572525934:192.168.164.241:37762, 7a43c46a-fc88-4b2d-b2da-ae029cfa60ff:192.168.164.241:43684, 6c5c38af-62e6-4ea7-a24a-078dcb28fb39:192.168.164.241:45428], old=null
2019-10-20 18:18:39,244 [grpc-default-executor-10] INFO  impl.RaftServerImpl (RaftServerImpl.java:setRole(184)) - 6c5c38af-62e6-4ea7-a24a-078dcb28fb39@group-D40A05E2FCF9: changes role from  FOLLOWER to FOLLOWER at term 92 for recognizeCandidate:399079f7-1eb1-4f37-b003-267572525934
2019-10-20 18:18:39,244 [grpc-default-executor-1] INFO  impl.RaftServerImpl (RaftServerImpl.java:setRole(184)) - 7a43c46a-fc88-4b2d-b2da-ae029cfa60ff@group-D40A05E2FCF9: changes role from  FOLLOWER to FOLLOWER at term 92 for recognizeCandidate:399079f7-1eb1-4f37-b003-267572525934
2019-10-20 18:18:39,245 [grpc-default-executor-1] INFO  impl.RoleInfo (RoleInfo.java:shutdownFollowerState(121)) - 7a43c46a-fc88-4b2d-b2da-ae029cfa60ff: shutdown FollowerState
2019-10-20 18:18:39,245 [grpc-default-executor-10] INFO  impl.RoleInfo (RoleInfo.java:shutdownFollowerState(121)) - 6c5c38af-62e6-4ea7-a24a-078dcb28fb39: shutdown FollowerState
2019-10-20 18:18:39,245 [Thread-1515] INFO  impl.FollowerState (FollowerState.java:run(117)) - 7a43c46a-fc88-4b2d-b2da-ae029cfa60ff@group-D40A05E2FCF9-FollowerState was interrupted: java.lang.InterruptedException: sleep interrupted
2019-10-20 18:18:39,245 [grpc-default-executor-1] INFO  impl.RoleInfo (RoleInfo.java:updateAndGet(143)) - 7a43c46a-fc88-4b2d-b2da-ae029cfa60ff: start FollowerState
2019-10-20 18:18:39,245 [Thread-1514] INFO  impl.FollowerState (FollowerState.java:run(117)) - 6c5c38af-62e6-4ea7-a24a-078dcb28fb39@group-D40A05E2FCF9-FollowerState was interrupted: java.lang.InterruptedException: sleep interrupted
2019-10-20 18:18:39,245 [grpc-default-executor-10] INFO  impl.RoleInfo (RoleInfo.java:updateAndGet(143)) - 6c5c38af-62e6-4ea7-a24a-078dcb28fb39: start FollowerState
2019-10-20 18:18:39,259 [b75f8b2e-6273-4c97-b7c5-042674931d23@group-F11756C8BA4A-LeaderElection174] INFO  impl.LeaderElection (LeaderElection.java:askForVotes(178)) - b75f8b2e-6273-4c97-b7c5-042674931d23@group-F11756C8BA4A-LeaderElection174: begin an election at term 90 for -1: [6ef27e9c-8ddb-4fa1-8c14-ab102acfb1b8:192.168.164.241:38092, b75f8b2e-6273-4c97-b7c5-042674931d23:192.168.164.241:41857, 3750b3a2-715b-46b3-9d0c-9e38136244b9:192.168.164.241:46227], old=null
2019-10-20 18:18:39,260 [399079f7-1eb1-4f37-b003-267572525934@group-D40A05E2FCF9-LeaderElection173] INFO  impl.LeaderElection (LeaderElection.java:logAndReturn(56)) - 399079f7-1eb1-4f37-b003-267572525934@group-D40A05E2FCF9-LeaderElection173: Election REJECTED; received 2 response(s) [399079f7-1eb1-4f37-b003-267572525934<-7a43c46a-fc88-4b2d-b2da-ae029cfa60ff#0:FAIL-t92, 399079f7-1eb1-4f37-b003-267572525934<-6c5c38af-62e6-4ea7-a24a-078dcb28fb39#0:FAIL-t92] and 0 exception(s); 399079f7-1eb1-4f37-b003-267572525934@group-D40A05E2FCF9:t92, leader=null, voted=399079f7-1eb1-4f37-b003-267572525934, raftlog=399079f7-1eb1-4f37-b003-267572525934@group-D40A05E2FCF9-SegmentedRaftLog:OPENED:c-1,f-1,i0, conf=-1: [399079f7-1eb1-4f37-b003-267572525934:192.168.164.241:37762, 7a43c46a-fc88-4b2d-b2da-ae029cfa60ff:192.168.164.241:43684, 6c5c38af-62e6-4ea7-a24a-078dcb28fb39:192.168.164.241:45428], old=null
2019-10-20 18:18:39,260 [399079f7-1eb1-4f37-b003-267572525934@group-D40A05E2FCF9-LeaderElection173] INFO  impl.RaftServerImpl (RaftServerImpl.java:setRole(184)) - 399079f7-1eb1-4f37-b003-267572525934@group-D40A05E2FCF9: changes role from CANDIDATE to FOLLOWER at term 92 for DISCOVERED_A_NEW_TERM
2019-10-20 18:18:39,261 [399079f7-1eb1-4f37-b003-267572525934@group-D40A05E2FCF9-LeaderElection173] INFO  impl.RoleInfo (RoleInfo.java:shutdownLeaderElection(134)) - 399079f7-1eb1-4f37-b003-267572525934: shutdown LeaderElection
2019-10-20 18:18:39,261 [399079f7-1eb1-4f37-b003-267572525934@group-D40A05E2FCF9-LeaderElection173] INFO  impl.RoleInfo (RoleInfo.java:updateAndGet(143)) - 399079f7-1eb1-4f37-b003-267572525934: start FollowerState
2019-10-20 18:18:39,261 [grpc-default-executor-10] INFO  impl.RaftServerImpl (RaftServerImpl.java:setRole(184)) - 6ef27e9c-8ddb-4fa1-8c14-ab102acfb1b8@group-F11756C8BA4A: changes role from  FOLLOWER to FOLLOWER at term 90 for recognizeCandidate:b75f8b2e-6273-4c97-b7c5-042674931d23
2019-10-20 18:18:39,261 [grpc-default-executor-1] INFO  impl.RaftServerImpl (RaftServerImpl.java:setRole(184)) - 3750b3a2-715b-46b3-9d0c-9e38136244b9@group-F11756C8BA4A: changes role from  FOLLOWER to FOLLOWER at term 90 for recognizeCandidate:b75f8b2e-6273-4c97-b7c5-042674931d23
2019-10-20 18:18:39,261 [grpc-default-executor-10] INFO  impl.RoleInfo (RoleInfo.java:shutdownFollowerState(121)) - 6ef27e9c-8ddb-4fa1-8c14-ab102acfb1b8: shutdown FollowerState
2019-10-20 18:18:39,262 [grpc-default-executor-1] INFO  impl.RoleInfo (RoleInfo.java:shutdownFollowerState(121)) - 3750b3a2-715b-46b3-9d0c-9e38136244b9: shutdown FollowerState
2019-10-20 18:18:39,262 [Thread-1509] INFO  impl.FollowerState (FollowerState.java:run(117)) - 6ef27e9c-8ddb-4fa1-8c14-ab102acfb1b8@group-F11756C8BA4A-FollowerState was interrupted: java.lang.InterruptedException: sleep interrupted
2019-10-20 18:18:39,262 [grpc-default-executor-10] INFO  impl.RoleInfo (RoleInfo.java:updateAndGet(143)) - 6ef27e9c-8ddb-4fa1-8c14-ab102acfb1b8: start FollowerState
2019-10-20 18:18:39,262 [Thread-1508] INFO  impl.FollowerState (FollowerState.java:run(117)) - 3750b3a2-715b-46b3-9d0c-9e38136244b9@group-F11756C8BA4A-FollowerState was interrupted: java.lang.InterruptedException: sleep interrupted
2019-10-20 18:18:39,262 [grpc-default-executor-1] INFO  impl.RoleInfo (RoleInfo.java:updateAndGet(143)) - 3750b3a2-715b-46b3-9d0c-9e38136244b9: start FollowerState
2019-10-20 18:18:39,286 [b75f8b2e-6273-4c97-b7c5-042674931d23@group-F11756C8BA4A-LeaderElection174] INFO  impl.LeaderElection (LeaderElection.java:logAndReturn(56)) - b75f8b2e-6273-4c97-b7c5-042674931d23@group-F11756C8BA4A-LeaderElection174: Election REJECTED; received 2 response(s) [b75f8b2e-6273-4c97-b7c5-042674931d23<-6ef27e9c-8ddb-4fa1-8c14-ab102acfb1b8#0:FAIL-t90, b75f8b2e-6273-4c97-b7c5-042674931d23<-3750b3a2-715b-46b3-9d0c-9e38136244b9#0:FAIL-t90] and 0 exception(s); b75f8b2e-6273-4c97-b7c5-042674931d23@group-F11756C8BA4A:t90, leader=null, voted=b75f8b2e-6273-4c97-b7c5-042674931d23, raftlog=b75f8b2e-6273-4c97-b7c5-042674931d23@group-F11756C8BA4A-SegmentedRaftLog:OPENED:c-1,f-1,i0, conf=-1: [6ef27e9c-8ddb-4fa1-8c14-ab102acfb1b8:192.168.164.241:38092, b75f8b2e-6273-4c97-b7c5-042674931d23:192.168.164.241:41857, 3750b3a2-715b-46b3-9d0c-9e38136244b9:192.168.164.241:46227], old=null
2019-10-20 18:18:39,286 [b75f8b2e-6273-4c97-b7c5-042674931d23@group-F11756C8BA4A-LeaderElection174] INFO  impl.RaftServerImpl (RaftServerImpl.java:setRole(184)) - b75f8b2e-6273-4c97-b7c5-042674931d23@group-F11756C8BA4A: changes role from CANDIDATE to FOLLOWER at term 90 for DISCOVERED_A_NEW_TERM
2019-10-20 18:18:39,286 [b75f8b2e-6273-4c97-b7c5-042674931d23@group-F11756C8BA4A-LeaderElection174] INFO  impl.RoleInfo (RoleInfo.java:shutdownLeaderElection(134)) - b75f8b2e-6273-4c97-b7c5-042674931d23: shutdown LeaderElection
2019-10-20 18:18:39,286 [b75f8b2e-6273-4c97-b7c5-042674931d23@group-F11756C8BA4A-LeaderElection174] INFO  impl.RoleInfo (RoleInfo.java:updateAndGet(143)) - b75f8b2e-6273-4c97-b7c5-042674931d23: start FollowerState
2019-10-20 18:18:39,342 [Thread-1530] INFO  impl.FollowerState (FollowerState.java:run(108)) - b75f8b2e-6273-4c97-b7c5-042674931d23@group-F11756C8BA4A-FollowerState: change to CANDIDATE, lastRpcTime:55ms, electionTimeout:55ms
2019-10-20 18:18:39,342 [Thread-1530] INFO  impl.RoleInfo (RoleInfo.java:shutdownFollowerState(121)) - b75f8b2e-6273-4c97-b7c5-042674931d23: shutdown FollowerState
2019-10-20 18:18:39,342 [Thread-1530] INFO  impl.RaftServerImpl (RaftServerImpl.java:setRole(184)) - b75f8b2e-6273-4c97-b7c5-042674931d23@group-F11756C8BA4A: changes role from  FOLLOWER to CANDIDATE at term 90 for changeToCandidate
2019-10-20 18:18:39,342 [Thread-1530] INFO  impl.RoleInfo (RoleInfo.java:updateAndGet(143)) - b75f8b2e-6273-4c97-b7c5-042674931d23: start LeaderElection
2019-10-20 18:18:39,369 [b75f8b2e-6273-4c97-b7c5-042674931d23@group-F11756C8BA4A-LeaderElection175] INFO  impl.LeaderElection (LeaderElection.java:askForVotes(178)) - b75f8b2e-6273-4c97-b7c5-042674931d23@group-F11756C8BA4A-LeaderElection175: begin an election at term 91 for -1: [6ef27e9c-8ddb-4fa1-8c14-ab102acfb1b8:192.168.164.241:38092, b75f8b2e-6273-4c97-b7c5-042674931d23:192.168.164.241:41857, 3750b3a2-715b-46b3-9d0c-9e38136244b9:192.168.164.241:46227], old=null
2019-10-20 18:18:39,372 [grpc-default-executor-1] INFO  impl.RaftServerImpl (RaftServerImpl.java:setRole(184)) - 6ef27e9c-8ddb-4fa1-8c14-ab102acfb1b8@group-F11756C8BA4A: changes role from  FOLLOWER to FOLLOWER at term 91 for recognizeCandidate:b75f8b2e-6273-4c97-b7c5-042674931d23
2019-10-20 18:18:39,372 [grpc-default-executor-1] INFO  impl.RoleInfo (RoleInfo.java:shutdownFollowerState(121)) - 6ef27e9c-8ddb-4fa1-8c14-ab102acfb1b8: shutdown FollowerState
2019-10-20 18:18:39,372 [grpc-default-executor-10] INFO  impl.RaftServerImpl (RaftServerImpl.java:setRole(184)) - 3750b3a2-715b-46b3-9d0c-9e38136244b9@group-F11756C8BA4A: changes role from  FOLLOWER to FOLLOWER at term 91 for recognizeCandidate:b75f8b2e-6273-4c97-b7c5-042674931d23
2019-10-20 18:18:39,373 [grpc-default-executor-10] INFO  impl.RoleInfo (RoleInfo.java:shutdownFollowerState(121)) - 3750b3a2-715b-46b3-9d0c-9e38136244b9: shutdown FollowerState
2019-10-20 18:18:39,373 [Thread-1528] INFO  impl.FollowerState (FollowerState.java:run(117)) - 6ef27e9c-8ddb-4fa1-8c14-ab102acfb1b8@group-F11756C8BA4A-FollowerState was interrupted: java.lang.InterruptedException: sleep interrupted
2019-10-20 18:18:39,373 [Thread-1529] INFO  impl.FollowerState (FollowerState.java:run(117)) - 3750b3a2-715b-46b3-9d0c-9e38136244b9@group-F11756C8BA4A-FollowerState was interrupted: java.lang.InterruptedException: sleep interrupted
2019-10-20 18:18:39,372 [grpc-default-executor-1] INFO  impl.RoleInfo (RoleInfo.java:updateAndGet(143)) - 6ef27e9c-8ddb-4fa1-8c14-ab102acfb1b8: start FollowerState
2019-10-20 18:18:39,373 [grpc-default-executor-10] INFO  impl.RoleInfo (RoleInfo.java:updateAndGet(143)) - 3750b3a2-715b-46b3-9d0c-9e38136244b9: start FollowerState
2019-10-20 18:18:39,385 [Thread-1527] INFO  impl.FollowerState (FollowerState.java:run(108)) - 399079f7-1eb1-4f37-b003-267572525934@group-D40A05E2FCF9-FollowerState: change to CANDIDATE, lastRpcTime:124ms, electionTimeout:124ms
2019-10-20 18:18:39,385 [Thread-1527] INFO  impl.RoleInfo (RoleInfo.java:shutdownFollowerState(121)) - 399079f7-1eb1-4f37-b003-267572525934: shutdown FollowerState
2019-10-20 18:18:39,385 [Thread-1527] INFO  impl.RaftServerImpl (RaftServerImpl.java:setRole(184)) - 399079f7-1eb1-4f37-b003-267572525934@group-D40A05E2FCF9: changes role from  FOLLOWER to CANDIDATE at term 92 for changeToCandidate
2019-10-20 18:18:39,386 [Thread-1527] INFO  impl.RoleInfo (RoleInfo.java:updateAndGet(143)) - 399079f7-1eb1-4f37-b003-267572525934: start LeaderElection
2019-10-20 18:18:39,396 [b75f8b2e-6273-4c97-b7c5-042674931d23@group-F11756C8BA4A-LeaderElection175] INFO  impl.LeaderElection (LeaderElection.java:logAndReturn(56)) - b75f8b2e-6273-4c97-b7c5-042674931d23@group-F11756C8BA4A-LeaderElection175: Election REJECTED; received 2 response(s) [b75f8b2e-6273-4c97-b7c5-042674931d23<-6ef27e9c-8ddb-4fa1-8c14-ab102acfb1b8#0:FAIL-t91, b75f8b2e-6273-4c97-b7c5-042674931d23<-3750b3a2-715b-46b3-9d0c-9e38136244b9#0:FAIL-t91] and 0 exception(s); b75f8b2e-6273-4c97-b7c5-042674931d23@group-F11756C8BA4A:t91, leader=null, voted=b75f8b2e-6273-4c97-b7c5-042674931d23, raftlog=b75f8b2e-6273-4c97-b7c5-042674931d23@group-F11756C8BA4A-SegmentedRaftLog:OPENED:c-1,f-1,i0, conf=-1: [6ef27e9c-8ddb-4fa1-8c14-ab102acfb1b8:192.168.164.241:38092, b75f8b2e-6273-4c97-b7c5-042674931d23:192.168.164.241:41857, 3750b3a2-715b-46b3-9d0c-9e38136244b9:192.168.164.241:46227], old=null
2019-10-20 18:18:39,396 [b75f8b2e-6273-4c97-b7c5-042674931d23@group-F11756C8BA4A-LeaderElection175] INFO  impl.RaftServerImpl (RaftServerImpl.java:setRole(184)) - b75f8b2e-6273-4c97-b7c5-042674931d23@group-F11756C8BA4A: changes role from CANDIDATE to FOLLOWER at term 91 for DISCOVERED_A_NEW_TERM
2019-10-20 18:18:39,396 [b75f8b2e-6273-4c97-b7c5-042674931d23@group-F11756C8BA4A-LeaderElection175] INFO  impl.RoleInfo (RoleInfo.java:shutdownLeaderElection(134)) - b75f8b2e-6273-4c97-b7c5-042674931d23: shutdown LeaderElection
2019-10-20 18:18:39,396 [b75f8b2e-6273-4c97-b7c5-042674931d23@group-F11756C8BA4A-LeaderElection175] INFO  impl.RoleInfo (RoleInfo.java:updateAndGet(143)) - b75f8b2e-6273-4c97-b7c5-042674931d23: start FollowerState
2019-10-20 18:18:39,412 [399079f7-1eb1-4f37-b003-267572525934@group-D40A05E2FCF9-LeaderElection176] INFO  impl.LeaderElection (LeaderElection.java:askForVotes(178)) - 399079f7-1eb1-4f37-b003-267572525934@group-D40A05E2FCF9-LeaderElection176: begin an election at term 93 for -1: [399079f7-1eb1-4f37-b003-267572525934:192.168.164.241:37762, 7a43c46a-fc88-4b2d-b2da-ae029cfa60ff:192.168.164.241:43684, 6c5c38af-62e6-4ea7-a24a-078dcb28fb39:192.168.164.241:45428], old=null
2019-10-20 18:18:39,415 [grpc-default-executor-10] INFO  impl.RaftServerImpl (RaftServerImpl.java:setRole(184)) - 7a43c46a-fc88-4b2d-b2da-ae029cfa60ff@group-D40A05E2FCF9: changes role from  FOLLOWER to FOLLOWER at term 93 for recognizeCandidate:399079f7-1eb1-4f37-b003-267572525934
2019-10-20 18:18:39,415 [grpc-default-executor-10] INFO  impl.RoleInfo (RoleInfo.java:shutdownFollowerState(121)) - 7a43c46a-fc88-4b2d-b2da-ae029cfa60ff: shutdown FollowerState
2019-10-20 18:18:39,415 [grpc-default-executor-1] INFO  impl.RaftServerImpl (RaftServerImpl.java:setRole(184)) - 6c5c38af-62e6-4ea7-a24a-078dcb28fb39@group-D40A05E2FCF9: changes role from  FOLLOWER to FOLLOWER at term 93 for recognizeCandidate:399079f7-1eb1-4f37-b003-267572525934
2019-10-20 18:18:39,415 [Thread-1521] INFO  impl.FollowerState (FollowerState.java:run(117)) - 7a43c46a-fc88-4b2d-b2da-ae029cfa60ff@group-D40A05E2FCF9-FollowerState was interrupted: java.lang.InterruptedException: sleep interrupted
2019-10-20 18:18:39,415 [grpc-default-executor-10] INFO  impl.RoleInfo (RoleInfo.java:updateAndGet(143)) - 7a43c46a-fc88-4b2d-b2da-ae029cfa60ff: start FollowerState
2019-10-20 18:18:39,415 [grpc-default-executor-1] INFO  impl.RoleInfo (RoleInfo.java:shutdownFollowerState(121)) - 6c5c38af-62e6-4ea7-a24a-078dcb28fb39: shutdown FollowerState
2019-10-20 18:18:39,416 [grpc-default-executor-1] INFO  impl.RoleInfo (RoleInfo.java:updateAndGet(143)) - 6c5c38af-62e6-4ea7-a24a-078dcb28fb39: start FollowerState
2019-10-20 18:18:39,416 [Thread-1522] INFO  impl.FollowerState (FollowerState.java:run(117)) - 6c5c38af-62e6-4ea7-a24a-078dcb28fb39@group-D40A05E2FCF9-FollowerState was interrupted: java.lang.InterruptedException: sleep interrupted
2019-10-20 18:18:39,438 [399079f7-1eb1-4f37-b003-267572525934@group-D40A05E2FCF9-LeaderElection176] INFO  impl.LeaderElection (LeaderElection.java:logAndReturn(56)) - 399079f7-1eb1-4f37-b003-267572525934@group-D40A05E2FCF9-LeaderElection176: Election REJECTED; received 2 response(s) [399079f7-1eb1-4f37-b003-267572525934<-7a43c46a-fc88-4b2d-b2da-ae029cfa60ff#0:FAIL-t93, 399079f7-1eb1-4f37-b003-267572525934<-6c5c38af-62e6-4ea7-a24a-078dcb28fb39#0:FAIL-t93] and 0 exception(s); 399079f7-1eb1-4f37-b003-267572525934@group-D40A05E2FCF9:t93, leader=null, voted=399079f7-1eb1-4f37-b003-267572525934, raftlog=399079f7-1eb1-4f37-b003-267572525934@group-D40A05E2FCF9-SegmentedRaftLog:OPENED:c-1,f-1,i0, conf=-1: [399079f7-1eb1-4f37-b003-267572525934:192.168.164.241:37762, 7a43c46a-fc88-4b2d-b2da-ae029cfa60ff:192.168.164.241:43684, 6c5c38af-62e6-4ea7-a24a-078dcb28fb39:192.168.164.241:45428], old=null
2019-10-20 18:18:39,438 [399079f7-1eb1-4f37-b003-267572525934@group-D40A05E2FCF9-LeaderElection176] INFO  impl.RaftServerImpl (RaftServerImpl.java:setRole(184)) - 399079f7-1eb1-4f37-b003-267572525934@group-D40A05E2FCF9: changes role from CANDIDATE to FOLLOWER at term 93 for DISCOVERED_A_NEW_TERM
2019-10-20 18:18:39,439 [399079f7-1eb1-4f37-b003-267572525934@group-D40A05E2FCF9-LeaderElection176] INFO  impl.RoleInfo (RoleInfo.java:shutdownLeaderElection(134)) - 399079f7-1eb1-4f37-b003-267572525934: shutdown LeaderElection
2019-10-20 18:18:39,439 [399079f7-1eb1-4f37-b003-267572525934@group-D40A05E2FCF9-LeaderElection176] INFO  impl.RoleInfo (RoleInfo.java:updateAndGet(143)) - 399079f7-1eb1-4f37-b003-267572525934: start FollowerState
2019-10-20 18:18:39,474 [Thread-1542] INFO  impl.FollowerState (FollowerState.java:run(108)) - 399079f7-1eb1-4f37-b003-267572525934@group-D40A05E2FCF9-FollowerState: change to CANDIDATE, lastRpcTime:35ms, electionTimeout:33ms
2019-10-20 18:18:39,475 [Thread-1542] INFO  impl.RoleInfo (RoleInfo.java:shutdownFollowerState(121)) - 399079f7-1eb1-4f37-b003-267572525934: shutdown FollowerState
2019-10-20 18:18:39,475 [Thread-1542] INFO  impl.RaftServerImpl (RaftServerImpl.java:setRole(184)) - 399079f7-1eb1-4f37-b003-267572525934@group-D40A05E2FCF9: changes role from  FOLLOWER to CANDIDATE at term 93 for changeToCandidate
2019-10-20 18:18:39,475 [Thread-1542] INFO  impl.RoleInfo (RoleInfo.java:updateAndGet(143)) - 399079f7-1eb1-4f37-b003-267572525934: start LeaderElection
2019-10-20 18:18:39,495 [Thread-1537] INFO  impl.FollowerState (FollowerState.java:run(108)) - b75f8b2e-6273-4c97-b7c5-042674931d23@group-F11756C8BA4A-FollowerState: change to CANDIDATE, lastRpcTime:98ms, electionTimeout:98ms
2019-10-20 18:18:39,495 [Thread-1537] INFO  impl.RoleInfo (RoleInfo.java:shutdownFollowerState(121)) - b75f8b2e-6273-4c97-b7c5-042674931d23: shutdown FollowerState
2019-10-20 18:18:39,495 [Thread-1537] INFO  impl.RaftServerImpl (RaftServerImpl.java:setRole(184)) - b75f8b2e-6273-4c97-b7c5-042674931d23@group-F11756C8BA4A: changes role from  FOLLOWER to CANDIDATE at term 91 for changeToCandidate
2019-10-20 18:18:39,495 [Thread-1537] INFO  impl.RoleInfo (RoleInfo.java:updateAndGet(143)) - b75f8b2e-6273-4c97-b7c5-042674931d23: start LeaderElection
2019-10-20 18:18:39,496 [399079f7-1eb1-4f37-b003-267572525934@group-D40A05E2FCF9-LeaderElection177] INFO  impl.LeaderElection (LeaderElection.java:askForVotes(178)) - 399079f7-1eb1-4f37-b003-267572525934@group-D40A05E2FCF9-LeaderElection177: begin an election at term 94 for -1: [399079f7-1eb1-4f37-b003-267572525934:192.168.164.241:37762, 7a43c46a-fc88-4b2d-b2da-ae029cfa60ff:192.168.164.241:43684, 6c5c38af-62e6-4ea7-a24a-078dcb28fb39:192.168.164.241:45428], old=null
2019-10-20 18:18:39,499 [grpc-default-executor-1] INFO  impl.RaftServerImpl (RaftServerImpl.java:setRole(184)) - 7a43c46a-fc88-4b2d-b2da-ae029cfa60ff@group-D40A05E2FCF9: changes role from  FOLLOWER to FOLLOWER at term 94 for recognizeCandidate:399079f7-1eb1-4f37-b003-267572525934
2019-10-20 18:18:39,499 [grpc-default-executor-7] INFO  impl.RaftServerImpl (RaftServerImpl.java:setRole(184)) - 6c5c38af-62e6-4ea7-a24a-078dcb28fb39@group-D40A05E2FCF9: changes role from  FOLLOWER to FOLLOWER at term 94 for recognizeCandidate:399079f7-1eb1-4f37-b003-267572525934
2019-10-20 18:18:39,500 [grpc-default-executor-1] INFO  impl.RoleInfo (RoleInfo.java:shutdownFollowerState(121)) - 7a43c46a-fc88-4b2d-b2da-ae029cfa60ff: shutdown FollowerState
2019-10-20 18:18:39,500 [grpc-default-executor-7] INFO  impl.RoleInfo (RoleInfo.java:shutdownFollowerState(121)) - 6c5c38af-62e6-4ea7-a24a-078dcb28fb39: shutdown FollowerState
2019-10-20 18:18:39,500 [Thread-1540] INFO  impl.FollowerState (FollowerState.java:run(117)) - 7a43c46a-fc88-4b2d-b2da-ae029cfa60ff@group-D40A05E2FCF9-FollowerState was interrupted: java.lang.InterruptedException: sleep interrupted
2019-10-20 18:18:39,500 [grpc-default-executor-1] INFO  impl.RoleInfo (RoleInfo.java:updateAndGet(143)) - 7a43c46a-fc88-4b2d-b2da-ae029cfa60ff: start FollowerState
2019-10-20 18:18:39,500 [Thread-1541] INFO  impl.FollowerState (FollowerState.java:run(117)) - 6c5c38af-62e6-4ea7-a24a-078dcb28fb39@group-D40A05E2FCF9-FollowerState was interrupted: java.lang.InterruptedException: sleep interrupted
2019-10-20 18:18:39,500 [grpc-default-executor-7] INFO  impl.RoleInfo (RoleInfo.java:updateAndGet(143)) - 6c5c38af-62e6-4ea7-a24a-078dcb28fb39: start FollowerState
2019-10-20 18:18:39,522 [b75f8b2e-6273-4c97-b7c5-042674931d23@group-F11756C8BA4A-LeaderElection178] INFO  impl.LeaderElection (LeaderElection.java:askForVotes(178)) - b75f8b2e-6273-4c97-b7c5-042674931d23@group-F11756C8BA4A-LeaderElection178: begin an election at term 92 for -1: [6ef27e9c-8ddb-4fa1-8c14-ab102acfb1b8:192.168.164.241:38092, b75f8b2e-6273-4c97-b7c5-042674931d23:192.168.164.241:41857, 3750b3a2-715b-46b3-9d0c-9e38136244b9:192.168.164.241:46227], old=null
2019-10-20 18:18:39,523 [399079f7-1eb1-4f37-b003-267572525934@group-D40A05E2FCF9-LeaderElection177] INFO  impl.LeaderElection (LeaderElection.java:logAndReturn(56)) - 399079f7-1eb1-4f37-b003-267572525934@group-D40A05E2FCF9-LeaderElection177: Election REJECTED; received 2 response(s) [399079f7-1eb1-4f37-b003-267572525934<-7a43c46a-fc88-4b2d-b2da-ae029cfa60ff#0:FAIL-t94, 399079f7-1eb1-4f37-b003-267572525934<-6c5c38af-62e6-4ea7-a24a-078dcb28fb39#0:FAIL-t94] and 0 exception(s); 399079f7-1eb1-4f37-b003-267572525934@group-D40A05E2FCF9:t94, leader=null, voted=399079f7-1eb1-4f37-b003-267572525934, raftlog=399079f7-1eb1-4f37-b003-267572525934@group-D40A05E2FCF9-SegmentedRaftLog:OPENED:c-1,f-1,i0, conf=-1: [399079f7-1eb1-4f37-b003-267572525934:192.168.164.241:37762, 7a43c46a-fc88-4b2d-b2da-ae029cfa60ff:192.168.164.241:43684, 6c5c38af-62e6-4ea7-a24a-078dcb28fb39:192.168.164.241:45428], old=null
2019-10-20 18:18:39,523 [399079f7-1eb1-4f37-b003-267572525934@group-D40A05E2FCF9-LeaderElection177] INFO  impl.RaftServerImpl (RaftServerImpl.java:setRole(184)) - 399079f7-1eb1-4f37-b003-267572525934@group-D40A05E2FCF9: changes role from CANDIDATE to FOLLOWER at term 94 for DISCOVERED_A_NEW_TERM
2019-10-20 18:18:39,523 [399079f7-1eb1-4f37-b003-267572525934@group-D40A05E2FCF9-LeaderElection177] INFO  impl.RoleInfo (RoleInfo.java:shutdownLeaderElection(134)) - 399079f7-1eb1-4f37-b003-267572525934: shutdown LeaderElection
2019-10-20 18:18:39,523 [399079f7-1eb1-4f37-b003-267572525934@group-D40A05E2FCF9-LeaderElection177] INFO  impl.RoleInfo (RoleInfo.java:updateAndGet(143)) - 399079f7-1eb1-4f37-b003-267572525934: start FollowerState
2019-10-20 18:18:39,524 [grpc-default-executor-1] INFO  impl.RaftServerImpl (RaftServerImpl.java:setRole(184)) - 6ef27e9c-8ddb-4fa1-8c14-ab102acfb1b8@group-F11756C8BA4A: changes role from  FOLLOWER to FOLLOWER at term 92 for recognizeCandidate:b75f8b2e-6273-4c97-b7c5-042674931d23
2019-10-20 18:18:39,525 [grpc-default-executor-1] INFO  impl.RoleInfo (RoleInfo.java:shutdownFollowerState(121)) - 6ef27e9c-8ddb-4fa1-8c14-ab102acfb1b8: shutdown FollowerState
2019-10-20 18:18:39,525 [grpc-default-executor-7] INFO  impl.RaftServerImpl (RaftServerImpl.java:setRole(184)) - 3750b3a2-715b-46b3-9d0c-9e38136244b9@group-F11756C8BA4A: changes role from  FOLLOWER to FOLLOWER at term 92 for recognizeCandidate:b75f8b2e-6273-4c97-b7c5-042674931d23
2019-10-20 18:18:39,525 [grpc-default-executor-1] INFO  impl.RoleInfo (RoleInfo.java:updateAndGet(143)) - 6ef27e9c-8ddb-4fa1-8c14-ab102acfb1b8: start FollowerState
2019-10-20 18:18:39,525 [grpc-default-executor-7] INFO  impl.RoleInfo (RoleInfo.java:shutdownFollowerState(121)) - 3750b3a2-715b-46b3-9d0c-9e38136244b9: shutdown FollowerState
2019-10-20 18:18:39,525 [grpc-default-executor-7] INFO  impl.RoleInfo (RoleInfo.java:updateAndGet(143)) - 3750b3a2-715b-46b3-9d0c-9e38136244b9: start FollowerState
2019-10-20 18:18:39,525 [Thread-1534] INFO  impl.FollowerState (FollowerState.java:run(117)) - 6ef27e9c-8ddb-4fa1-8c14-ab102acfb1b8@group-F11756C8BA4A-FollowerState was interrupted: java.lang.InterruptedException: sleep interrupted
2019-10-20 18:18:39,525 [Thread-1535] INFO  impl.FollowerState (FollowerState.java:run(117)) - 3750b3a2-715b-46b3-9d0c-9e38136244b9@group-F11756C8BA4A-FollowerState was interrupted: java.lang.InterruptedException: sleep interrupted
2019-10-20 18:18:39,549 [b75f8b2e-6273-4c97-b7c5-042674931d23@group-F11756C8BA4A-LeaderElection178] INFO  impl.LeaderElection (LeaderElection.java:logAndReturn(56)) - b75f8b2e-6273-4c97-b7c5-042674931d23@group-F11756C8BA4A-LeaderElection178: Election REJECTED; received 2 response(s) [b75f8b2e-6273-4c97-b7c5-042674931d23<-6ef27e9c-8ddb-4fa1-8c14-ab102acfb1b8#0:FAIL-t92, b75f8b2e-6273-4c97-b7c5-042674931d23<-3750b3a2-715b-46b3-9d0c-9e38136244b9#0:FAIL-t92] and 0 exception(s); b75f8b2e-6273-4c97-b7c5-042674931d23@group-F11756C8BA4A:t92, leader=null, voted=b75f8b2e-6273-4c97-b7c5-042674931d23, raftlog=b75f8b2e-6273-4c97-b7c5-042674931d23@group-F11756C8BA4A-SegmentedRaftLog:OPENED:c-1,f-1,i0, conf=-1: [6ef27e9c-8ddb-4fa1-8c14-ab102acfb1b8:192.168.164.241:38092, b75f8b2e-6273-4c97-b7c5-042674931d23:192.168.164.241:41857, 3750b3a2-715b-46b3-9d0c-9e38136244b9:192.168.164.241:46227], old=null
2019-10-20 18:18:39,550 [b75f8b2e-6273-4c97-b7c5-042674931d23@group-F11756C8BA4A-LeaderElection178] INFO  impl.RaftServerImpl (RaftServerImpl.java:setRole(184)) - b75f8b2e-6273-4c97-b7c5-042674931d23@group-F11756C8BA4A: changes role from CANDIDATE to FOLLOWER at term 92 for DISCOVERED_A_NEW_TERM
2019-10-20 18:18:39,550 [b75f8b2e-6273-4c97-b7c5-042674931d23@group-F11756C8BA4A-LeaderElection178] INFO  impl.RoleInfo (RoleInfo.java:shutdownLeaderElection(134)) - b75f8b2e-6273-4c97-b7c5-042674931d23: shutdown LeaderElection
2019-10-20 18:18:39,550 [b75f8b2e-6273-4c97-b7c5-042674931d23@group-F11756C8BA4A-LeaderElection178] INFO  impl.RoleInfo (RoleInfo.java:updateAndGet(143)) - b75f8b2e-6273-4c97-b7c5-042674931d23: start FollowerState
2019-10-20 18:18:39,559 [Thread-1556] INFO  impl.FollowerState (FollowerState.java:run(108)) - b75f8b2e-6273-4c97-b7c5-042674931d23@group-F11756C8BA4A-FollowerState: change to CANDIDATE, lastRpcTime:9ms, electionTimeout:9ms
2019-10-20 18:18:39,560 [Thread-1556] INFO  impl.RoleInfo (RoleInfo.java:shutdownFollowerState(121)) - b75f8b2e-6273-4c97-b7c5-042674931d23: shutdown FollowerState
2019-10-20 18:18:39,560 [Thread-1556] INFO  impl.RaftServerImpl (RaftServerImpl.java:setRole(184)) - b75f8b2e-6273-4c97-b7c5-042674931d23@group-F11756C8BA4A: changes role from  FOLLOWER to CANDIDATE at term 92 for changeToCandidate
2019-10-20 18:18:39,560 [Thread-1556] INFO  impl.RoleInfo (RoleInfo.java:updateAndGet(143)) - b75f8b2e-6273-4c97-b7c5-042674931d23: start LeaderElection
2019-10-20 18:18:39,583 [b75f8b2e-6273-4c97-b7c5-042674931d23@group-F11756C8BA4A-LeaderElection179] INFO  impl.LeaderElection (LeaderElection.java:askForVotes(178)) - b75f8b2e-6273-4c97-b7c5-042674931d23@group-F11756C8BA4A-LeaderElection179: begin an election at term 93 for -1: [6ef27e9c-8ddb-4fa1-8c14-ab102acfb1b8:192.168.164.241:38092, b75f8b2e-6273-4c97-b7c5-042674931d23:192.168.164.241:41857, 3750b3a2-715b-46b3-9d0c-9e38136244b9:192.168.164.241:46227], old=null
2019-10-20 18:18:39,584 [grpc-default-executor-7] INFO  impl.RaftServerImpl (RaftServerImpl.java:setRole(184)) - 6ef27e9c-8ddb-4fa1-8c14-ab102acfb1b8@group-F11756C8BA4A: changes role from  FOLLOWER to FOLLOWER at term 93 for recognizeCandidate:b75f8b2e-6273-4c97-b7c5-042674931d23
2019-10-20 18:18:39,585 [grpc-default-executor-7] INFO  impl.RoleInfo (RoleInfo.java:shutdownFollowerState(121)) - 6ef27e9c-8ddb-4fa1-8c14-ab102acfb1b8: shutdown FollowerState
2019-10-20 18:18:39,585 [grpc-default-executor-1] INFO  impl.RaftServerImpl (RaftServerImpl.java:setRole(184)) - 3750b3a2-715b-46b3-9d0c-9e38136244b9@group-F11756C8BA4A: changes role from  FOLLOWER to FOLLOWER at term 93 for recognizeCandidate:b75f8b2e-6273-4c97-b7c5-042674931d23
2019-10-20 18:18:39,585 [grpc-default-executor-1] INFO  impl.RoleInfo (RoleInfo.java:shutdownFollowerState(121)) - 3750b3a2-715b-46b3-9d0c-9e38136244b9: shutdown FollowerState
2019-10-20 18:18:39,585 [grpc-default-executor-7] INFO  impl.RoleInfo (RoleInfo.java:updateAndGet(143)) - 6ef27e9c-8ddb-4fa1-8c14-ab102acfb1b8: start FollowerState
2019-10-20 18:18:39,585 [Thread-1554] INFO  impl.FollowerState (FollowerState.java:run(117)) - 6ef27e9c-8ddb-4fa1-8c14-ab102acfb1b8@group-F11756C8BA4A-FollowerState was interrupted: java.lang.InterruptedException: sleep interrupted
2019-10-20 18:18:39,585 [Thread-1555] INFO  impl.FollowerState (FollowerState.java:run(117)) - 3750b3a2-715b-46b3-9d0c-9e38136244b9@group-F11756C8BA4A-FollowerState was interrupted: java.lang.InterruptedException: sleep interrupted
2019-10-20 18:18:39,585 [grpc-default-executor-1] INFO  impl.RoleInfo (RoleInfo.java:updateAndGet(143)) - 3750b3a2-715b-46b3-9d0c-9e38136244b9: start FollowerState
2019-10-20 18:18:39,600 [Thread-1553] INFO  impl.FollowerState (FollowerState.java:run(108)) - 399079f7-1eb1-4f37-b003-267572525934@group-D40A05E2FCF9-FollowerState: change to CANDIDATE, lastRpcTime:76ms, electionTimeout:76ms
2019-10-20 18:18:39,600 [Thread-1553] INFO  impl.RoleInfo (RoleInfo.java:shutdownFollowerState(121)) - 399079f7-1eb1-4f37-b003-267572525934: shutdown FollowerState
2019-10-20 18:18:39,600 [Thread-1553] INFO  impl.RaftServerImpl (RaftServerImpl.java:setRole(184)) - 399079f7-1eb1-4f37-b003-267572525934@group-D40A05E2FCF9: changes role from  FOLLOWER to CANDIDATE at term 94 for changeToCandidate
2019-10-20 18:18:39,600 [Thread-1553] INFO  impl.RoleInfo (RoleInfo.java:updateAndGet(143)) - 399079f7-1eb1-4f37-b003-267572525934: start LeaderElection
2019-10-20 18:18:39,609 [b75f8b2e-6273-4c97-b7c5-042674931d23@group-F11756C8BA4A-LeaderElection179] INFO  impl.LeaderElection (LeaderElection.java:logAndReturn(56)) - b75f8b2e-6273-4c97-b7c5-042674931d23@group-F11756C8BA4A-LeaderElection179: Election REJECTED; received 2 response(s) [b75f8b2e-6273-4c97-b7c5-042674931d23<-6ef27e9c-8ddb-4fa1-8c14-ab102acfb1b8#0:FAIL-t93, b75f8b2e-6273-4c97-b7c5-042674931d23<-3750b3a2-715b-46b3-9d0c-9e38136244b9#0:FAIL-t93] and 0 exception(s); b75f8b2e-6273-4c97-b7c5-042674931d23@group-F11756C8BA4A:t93, leader=null, voted=b75f8b2e-6273-4c97-b7c5-042674931d23, raftlog=b75f8b2e-6273-4c97-b7c5-042674931d23@group-F11756C8BA4A-SegmentedRaftLog:OPENED:c-1,f-1,i0, conf=-1: [6ef27e9c-8ddb-4fa1-8c14-ab102acfb1b8:192.168.164.241:38092, b75f8b2e-6273-4c97-b7c5-042674931d23:192.168.164.241:41857, 3750b3a2-715b-46b3-9d0c-9e38136244b9:192.168.164.241:46227], old=null
2019-10-20 18:18:39,609 [b75f8b2e-6273-4c97-b7c5-042674931d23@group-F11756C8BA4A-LeaderElection179] INFO  impl.RaftServerImpl (RaftServerImpl.java:setRole(184)) - b75f8b2e-6273-4c97-b7c5-042674931d23@group-F11756C8BA4A: changes role from CANDIDATE to FOLLOWER at term 93 for DISCOVERED_A_NEW_TERM
2019-10-20 18:18:39,609 [b75f8b2e-6273-4c97-b7c5-042674931d23@group-F11756C8BA4A-LeaderElection179] INFO  impl.RoleInfo (RoleInfo.java:shutdownLeaderElection(134)) - b75f8b2e-6273-4c97-b7c5-042674931d23: shutdown LeaderElection
2019-10-20 18:18:39,609 [b75f8b2e-6273-4c97-b7c5-042674931d23@group-F11756C8BA4A-LeaderElection179] INFO  impl.RoleInfo (RoleInfo.java:updateAndGet(143)) - b75f8b2e-6273-4c97-b7c5-042674931d23: start FollowerState
2019-10-20 18:18:39,625 [399079f7-1eb1-4f37-b003-267572525934@group-D40A05E2FCF9-LeaderElection180] INFO  impl.LeaderElection (LeaderElection.java:askForVotes(178)) - 399079f7-1eb1-4f37-b003-267572525934@group-D40A05E2FCF9-LeaderElection180: begin an election at term 95 for -1: [399079f7-1eb1-4f37-b003-267572525934:192.168.164.241:37762, 7a43c46a-fc88-4b2d-b2da-ae029cfa60ff:192.168.164.241:43684, 6c5c38af-62e6-4ea7-a24a-078dcb28fb39:192.168.164.241:45428], old=null
2019-10-20 18:18:39,627 [grpc-default-executor-7] INFO  impl.RaftServerImpl (RaftServerImpl.java:setRole(184)) - 7a43c46a-fc88-4b2d-b2da-ae029cfa60ff@group-D40A05E2FCF9: changes role from  FOLLOWER to FOLLOWER at term 95 for recognizeCandidate:399079f7-1eb1-4f37-b003-267572525934
2019-10-20 18:18:39,627 [grpc-default-executor-7] INFO  impl.RoleInfo (RoleInfo.java:shutdownFollowerState(121)) - 7a43c46a-fc88-4b2d-b2da-ae029cfa60ff: shutdown FollowerState
2019-10-20 18:18:39,627 [grpc-default-executor-7] INFO  impl.RoleInfo (RoleInfo.java:updateAndGet(143)) - 7a43c46a-fc88-4b2d-b2da-ae029cfa60ff: start FollowerState
2019-10-20 18:18:39,627 [Thread-1549] INFO  impl.FollowerState (FollowerState.java:run(117)) - 7a43c46a-fc88-4b2d-b2da-ae029cfa60ff@group-D40A05E2FCF9-FollowerState was interrupted: java.lang.InterruptedException: sleep interrupted
2019-10-20 18:18:39,628 [grpc-default-executor-1] INFO  impl.RaftServerImpl (RaftServerImpl.java:setRole(184)) - 6c5c38af-62e6-4ea7-a24a-078dcb28fb39@group-D40A05E2FCF9: changes role from  FOLLOWER to FOLLOWER at term 95 for recognizeCandidate:399079f7-1eb1-4f37-b003-267572525934
2019-10-20 18:18:39,628 [grpc-default-executor-1] INFO  impl.RoleInfo (RoleInfo.java:shutdownFollowerState(121)) - 6c5c38af-62e6-4ea7-a24a-078dcb28fb39: shutdown FollowerState
2019-10-20 18:18:39,628 [grpc-default-executor-1] INFO  impl.RoleInfo (RoleInfo.java:updateAndGet(143)) - 6c5c38af-62e6-4ea7-a24a-078dcb28fb39: start FollowerState
2019-10-20 18:18:39,628 [Thread-1550] INFO  impl.FollowerState (FollowerState.java:run(117)) - 6c5c38af-62e6-4ea7-a24a-078dcb28fb39@group-D40A05E2FCF9-FollowerState was interrupted: java.lang.InterruptedException: sleep interrupted
2019-10-20 18:18:39,644 [399079f7-1eb1-4f37-b003-267572525934@group-D40A05E2FCF9-LeaderElection180] INFO  impl.LeaderElection (LeaderElection.java:logAndReturn(56)) - 399079f7-1eb1-4f37-b003-267572525934@group-D40A05E2FCF9-LeaderElection180: Election REJECTED; received 2 response(s) [399079f7-1eb1-4f37-b003-267572525934<-7a43c46a-fc88-4b2d-b2da-ae029cfa60ff#0:FAIL-t95, 399079f7-1eb1-4f37-b003-267572525934<-6c5c38af-62e6-4ea7-a24a-078dcb28fb39#0:FAIL-t95] and 0 exception(s); 399079f7-1eb1-4f37-b003-267572525934@group-D40A05E2FCF9:t95, leader=null, voted=399079f7-1eb1-4f37-b003-267572525934, raftlog=399079f7-1eb1-4f37-b003-267572525934@group-D40A05E2FCF9-SegmentedRaftLog:OPENED:c-1,f-1,i0, conf=-1: [399079f7-1eb1-4f37-b003-267572525934:192.168.164.241:37762, 7a43c46a-fc88-4b2d-b2da-ae029cfa60ff:192.168.164.241:43684, 6c5c38af-62e6-4ea7-a24a-078dcb28fb39:192.168.164.241:45428], old=null
2019-10-20 18:18:39,644 [399079f7-1eb1-4f37-b003-267572525934@group-D40A05E2FCF9-LeaderElection180] INFO  impl.RaftServerImpl (RaftServerImpl.java:setRole(184)) - 399079f7-1eb1-4f37-b003-267572525934@group-D40A05E2FCF9: changes role from CANDIDATE to FOLLOWER at term 95 for DISCOVERED_A_NEW_TERM
2019-10-20 18:18:39,645 [399079f7-1eb1-4f37-b003-267572525934@group-D40A05E2FCF9-LeaderElection180] INFO  impl.RoleInfo (RoleInfo.java:shutdownLeaderElection(134)) - 399079f7-1eb1-4f37-b003-267572525934: shutdown LeaderElection
2019-10-20 18:18:39,645 [399079f7-1eb1-4f37-b003-267572525934@group-D40A05E2FCF9-LeaderElection180] INFO  impl.RoleInfo (RoleInfo.java:updateAndGet(143)) - 399079f7-1eb1-4f37-b003-267572525934: start FollowerState
2019-10-20 18:18:39,700 [Thread-1563] INFO  impl.FollowerState (FollowerState.java:run(108)) - b75f8b2e-6273-4c97-b7c5-042674931d23@group-F11756C8BA4A-FollowerState: change to CANDIDATE, lastRpcTime:90ms, electionTimeout:90ms
2019-10-20 18:18:39,700 [Thread-1563] INFO  impl.RoleInfo (RoleInfo.java:shutdownFollowerState(121)) - b75f8b2e-6273-4c97-b7c5-042674931d23: shutdown FollowerState
2019-10-20 18:18:39,700 [Thread-1563] INFO  impl.RaftServerImpl (RaftServerImpl.java:setRole(184)) - b75f8b2e-6273-4c97-b7c5-042674931d23@group-F11756C8BA4A: changes role from  FOLLOWER to CANDIDATE at term 93 for changeToCandidate
2019-10-20 18:18:39,700 [Thread-1563] INFO  impl.RoleInfo (RoleInfo.java:updateAndGet(143)) - b75f8b2e-6273-4c97-b7c5-042674931d23: start LeaderElection
2019-10-20 18:18:39,727 [b75f8b2e-6273-4c97-b7c5-042674931d23@group-F11756C8BA4A-LeaderElection181] INFO  impl.LeaderElection (LeaderElection.java:askForVotes(178)) - b75f8b2e-6273-4c97-b7c5-042674931d23@group-F11756C8BA4A-LeaderElection181: begin an election at term 94 for -1: [6ef27e9c-8ddb-4fa1-8c14-ab102acfb1b8:192.168.164.241:38092, b75f8b2e-6273-4c97-b7c5-042674931d23:192.168.164.241:41857, 3750b3a2-715b-46b3-9d0c-9e38136244b9:192.168.164.241:46227], old=null
2019-10-20 18:18:39,731 [grpc-default-executor-1] INFO  impl.RaftServerImpl (RaftServerImpl.java:setRole(184)) - 3750b3a2-715b-46b3-9d0c-9e38136244b9@group-F11756C8BA4A: changes role from  FOLLOWER to FOLLOWER at term 94 for recognizeCandidate:b75f8b2e-6273-4c97-b7c5-042674931d23
2019-10-20 18:18:39,731 [grpc-default-executor-1] INFO  impl.RoleInfo (RoleInfo.java:shutdownFollowerState(121)) - 3750b3a2-715b-46b3-9d0c-9e38136244b9: shutdown FollowerState
2019-10-20 18:18:39,731 [grpc-default-executor-7] INFO  impl.RaftServerImpl (RaftServerImpl.java:setRole(184)) - 6ef27e9c-8ddb-4fa1-8c14-ab102acfb1b8@group-F11756C8BA4A: changes role from  FOLLOWER to FOLLOWER at term 94 for recognizeCandidate:b75f8b2e-6273-4c97-b7c5-042674931d23
2019-10-20 18:18:39,731 [Thread-1561] INFO  impl.FollowerState (FollowerState.java:run(117)) - 3750b3a2-715b-46b3-9d0c-9e38136244b9@group-F11756C8BA4A-FollowerState was interrupted: java.lang.InterruptedException: sleep interrupted
2019-10-20 18:18:39,731 [grpc-default-executor-1] INFO  impl.RoleInfo (RoleInfo.java:updateAndGet(143)) - 3750b3a2-715b-46b3-9d0c-9e38136244b9: start FollowerState
2019-10-20 18:18:39,732 [grpc-default-executor-7] INFO  impl.RoleInfo (RoleInfo.java:shutdownFollowerState(121)) - 6ef27e9c-8ddb-4fa1-8c14-ab102acfb1b8: shutdown FollowerState
2019-10-20 18:18:39,732 [grpc-default-executor-7] INFO  impl.RoleInfo (RoleInfo.java:updateAndGet(143)) - 6ef27e9c-8ddb-4fa1-8c14-ab102acfb1b8: start FollowerState
2019-10-20 18:18:39,732 [Thread-1560] INFO  impl.FollowerState (FollowerState.java:run(117)) - 6ef27e9c-8ddb-4fa1-8c14-ab102acfb1b8@group-F11756C8BA4A-FollowerState was interrupted: java.lang.InterruptedException: sleep interrupted
2019-10-20 18:18:39,762 [b75f8b2e-6273-4c97-b7c5-042674931d23@group-F11756C8BA4A-LeaderElection181] INFO  impl.LeaderElection (LeaderElection.java:logAndReturn(56)) - b75f8b2e-6273-4c97-b7c5-042674931d23@group-F11756C8BA4A-LeaderElection181: Election REJECTED; received 2 response(s) [b75f8b2e-6273-4c97-b7c5-042674931d23<-6ef27e9c-8ddb-4fa1-8c14-ab102acfb1b8#0:FAIL-t94, b75f8b2e-6273-4c97-b7c5-042674931d23<-3750b3a2-715b-46b3-9d0c-9e38136244b9#0:FAIL-t94] and 0 exception(s); b75f8b2e-6273-4c97-b7c5-042674931d23@group-F11756C8BA4A:t94, leader=null, voted=b75f8b2e-6273-4c97-b7c5-042674931d23, raftlog=b75f8b2e-6273-4c97-b7c5-042674931d23@group-F11756C8BA4A-SegmentedRaftLog:OPENED:c-1,f-1,i0, conf=-1: [6ef27e9c-8ddb-4fa1-8c14-ab102acfb1b8:192.168.164.241:38092, b75f8b2e-6273-4c97-b7c5-042674931d23:192.168.164.241:41857, 3750b3a2-715b-46b3-9d0c-9e38136244b9:192.168.164.241:46227], old=null
2019-10-20 18:18:39,762 [b75f8b2e-6273-4c97-b7c5-042674931d23@group-F11756C8BA4A-LeaderElection181] INFO  impl.RaftServerImpl (RaftServerImpl.java:setRole(184)) - b75f8b2e-6273-4c97-b7c5-042674931d23@group-F11756C8BA4A: changes role from CANDIDATE to FOLLOWER at term 94 for DISCOVERED_A_NEW_TERM
2019-10-20 18:18:39,762 [b75f8b2e-6273-4c97-b7c5-042674931d23@group-F11756C8BA4A-LeaderElection181] INFO  impl.RoleInfo (RoleInfo.java:shutdownLeaderElection(134)) - b75f8b2e-6273-4c97-b7c5-042674931d23: shutdown LeaderElection
2019-10-20 18:18:39,762 [b75f8b2e-6273-4c97-b7c5-042674931d23@group-F11756C8BA4A-LeaderElection181] INFO  impl.RoleInfo (RoleInfo.java:updateAndGet(143)) - b75f8b2e-6273-4c97-b7c5-042674931d23: start FollowerState
2019-10-20 18:18:39,813 [Thread-1576] INFO  impl.FollowerState (FollowerState.java:run(108)) - b75f8b2e-6273-4c97-b7c5-042674931d23@group-F11756C8BA4A-FollowerState: change to CANDIDATE, lastRpcTime:51ms, electionTimeout:51ms
2019-10-20 18:18:39,813 [Thread-1576] INFO  impl.RoleInfo (RoleInfo.java:shutdownFollowerState(121)) - b75f8b2e-6273-4c97-b7c5-042674931d23: shutdown FollowerState
2019-10-20 18:18:39,813 [Thread-1576] INFO  impl.RaftServerImpl (RaftServerImpl.java:setRole(184)) - b75f8b2e-6273-4c97-b7c5-042674931d23@group-F11756C8BA4A: changes role from  FOLLOWER to CANDIDATE at term 94 for changeToCandidate
2019-10-20 18:18:39,814 [Thread-1576] INFO  impl.RoleInfo (RoleInfo.java:updateAndGet(143)) - b75f8b2e-6273-4c97-b7c5-042674931d23: start LeaderElection
2019-10-20 18:18:39,841 [Thread-1568] INFO  impl.FollowerState (FollowerState.java:run(108)) - 399079f7-1eb1-4f37-b003-267572525934@group-D40A05E2FCF9-FollowerState: change to CANDIDATE, lastRpcTime:196ms, electionTimeout:196ms
2019-10-20 18:18:39,842 [Thread-1568] INFO  impl.RoleInfo (RoleInfo.java:shutdownFollowerState(121)) - 399079f7-1eb1-4f37-b003-267572525934: shutdown FollowerState
2019-10-20 18:18:39,842 [Thread-1568] INFO  impl.RaftServerImpl (RaftServerImpl.java:setRole(184)) - 399079f7-1eb1-4f37-b003-267572525934@group-D40A05E2FCF9: changes role from  FOLLOWER to CANDIDATE at term 95 for changeToCandidate
2019-10-20 18:18:39,842 [Thread-1568] INFO  impl.RoleInfo (RoleInfo.java:updateAndGet(143)) - 399079f7-1eb1-4f37-b003-267572525934: start LeaderElection
2019-10-20 18:18:39,844 [b75f8b2e-6273-4c97-b7c5-042674931d23@group-F11756C8BA4A-LeaderElection182] INFO  impl.LeaderElection (LeaderElection.java:askForVotes(178)) - b75f8b2e-6273-4c97-b7c5-042674931d23@group-F11756C8BA4A-LeaderElection182: begin an election at term 95 for -1: [6ef27e9c-8ddb-4fa1-8c14-ab102acfb1b8:192.168.164.241:38092, b75f8b2e-6273-4c97-b7c5-042674931d23:192.168.164.241:41857, 3750b3a2-715b-46b3-9d0c-9e38136244b9:192.168.164.241:46227], old=null
2019-10-20 18:18:39,847 [grpc-default-executor-7] INFO  impl.RaftServerImpl (RaftServerImpl.java:setRole(184)) - 6ef27e9c-8ddb-4fa1-8c14-ab102acfb1b8@group-F11756C8BA4A: changes role from  FOLLOWER to FOLLOWER at term 95 for recognizeCandidate:b75f8b2e-6273-4c97-b7c5-042674931d23
2019-10-20 18:18:39,847 [grpc-default-executor-7] INFO  impl.RoleInfo (RoleInfo.java:shutdownFollowerState(121)) - 6ef27e9c-8ddb-4fa1-8c14-ab102acfb1b8: shutdown FollowerState
2019-10-20 18:18:39,847 [grpc-default-executor-1] INFO  impl.RaftServerImpl (RaftServerImpl.java:setRole(184)) - 3750b3a2-715b-46b3-9d0c-9e38136244b9@group-F11756C8BA4A: changes role from  FOLLOWER to FOLLOWER at term 95 for recognizeCandidate:b75f8b2e-6273-4c97-b7c5-042674931d23
2019-10-20 18:18:39,847 [Thread-1573] INFO  impl.FollowerState (FollowerState.java:run(117)) - 6ef27e9c-8ddb-4fa1-8c14-ab102acfb1b8@group-F11756C8BA4A-FollowerState was interrupted: java.lang.InterruptedException: sleep interrupted
2019-10-20 18:18:39,847 [grpc-default-executor-7] INFO  impl.RoleInfo (RoleInfo.java:updateAndGet(143)) - 6ef27e9c-8ddb-4fa1-8c14-ab102acfb1b8: start FollowerState
2019-10-20 18:18:39,847 [grpc-default-executor-1] INFO  impl.RoleInfo (RoleInfo.java:shutdownFollowerState(121)) - 3750b3a2-715b-46b3-9d0c-9e38136244b9: shutdown FollowerState
2019-10-20 18:18:39,847 [grpc-default-executor-1] INFO  impl.RoleInfo (RoleInfo.java:updateAndGet(143)) - 3750b3a2-715b-46b3-9d0c-9e38136244b9: start FollowerState
2019-10-20 18:18:39,848 [Thread-1572] INFO  impl.FollowerState (FollowerState.java:run(117)) - 3750b3a2-715b-46b3-9d0c-9e38136244b9@group-F11756C8BA4A-FollowerState was interrupted: java.lang.InterruptedException: sleep interrupted
2019-10-20 18:18:39,870 [399079f7-1eb1-4f37-b003-267572525934@group-D40A05E2FCF9-LeaderElection183] INFO  impl.LeaderElection (LeaderElection.java:askForVotes(178)) - 399079f7-1eb1-4f37-b003-267572525934@group-D40A05E2FCF9-LeaderElection183: begin an election at term 96 for -1: [399079f7-1eb1-4f37-b003-267572525934:192.168.164.241:37762, 7a43c46a-fc88-4b2d-b2da-ae029cfa60ff:192.168.164.241:43684, 6c5c38af-62e6-4ea7-a24a-078dcb28fb39:192.168.164.241:45428], old=null
2019-10-20 18:18:39,871 [b75f8b2e-6273-4c97-b7c5-042674931d23@group-F11756C8BA4A-LeaderElection182] INFO  impl.LeaderElection (LeaderElection.java:logAndReturn(56)) - b75f8b2e-6273-4c97-b7c5-042674931d23@group-F11756C8BA4A-LeaderElection182: Election REJECTED; received 2 response(s) [b75f8b2e-6273-4c97-b7c5-042674931d23<-6ef27e9c-8ddb-4fa1-8c14-ab102acfb1b8#0:FAIL-t95, b75f8b2e-6273-4c97-b7c5-042674931d23<-3750b3a2-715b-46b3-9d0c-9e38136244b9#0:FAIL-t95] and 0 exception(s); b75f8b2e-6273-4c97-b7c5-042674931d23@group-F11756C8BA4A:t95, leader=null, voted=b75f8b2e-6273-4c97-b7c5-042674931d23, raftlog=b75f8b2e-6273-4c97-b7c5-042674931d23@group-F11756C8BA4A-SegmentedRaftLog:OPENED:c-1,f-1,i0, conf=-1: [6ef27e9c-8ddb-4fa1-8c14-ab102acfb1b8:192.168.164.241:38092, b75f8b2e-6273-4c97-b7c5-042674931d23:192.168.164.241:41857, 3750b3a2-715b-46b3-9d0c-9e38136244b9:192.168.164.241:46227], old=null
2019-10-20 18:18:39,871 [b75f8b2e-6273-4c97-b7c5-042674931d23@group-F11756C8BA4A-LeaderElection182] INFO  impl.RaftServerImpl (RaftServerImpl.java:setRole(184)) - b75f8b2e-6273-4c97-b7c5-042674931d23@group-F11756C8BA4A: changes role from CANDIDATE to FOLLOWER at term 95 for DISCOVERED_A_NEW_TERM
2019-10-20 18:18:39,871 [b75f8b2e-6273-4c97-b7c5-042674931d23@group-F11756C8BA4A-LeaderElection182] INFO  impl.RoleInfo (RoleInfo.java:shutdownLeaderElection(134)) - b75f8b2e-6273-4c97-b7c5-042674931d23: shutdown LeaderElection
2019-10-20 18:18:39,872 [b75f8b2e-6273-4c97-b7c5-042674931d23@group-F11756C8BA4A-LeaderElection182] INFO  impl.RoleInfo (RoleInfo.java:updateAndGet(143)) - b75f8b2e-6273-4c97-b7c5-042674931d23: start FollowerState
2019-10-20 18:18:39,872 [grpc-default-executor-7] INFO  impl.RaftServerImpl (RaftServerImpl.java:setRole(184)) - 6c5c38af-62e6-4ea7-a24a-078dcb28fb39@group-D40A05E2FCF9: changes role from  FOLLOWER to FOLLOWER at term 96 for recognizeCandidate:399079f7-1eb1-4f37-b003-267572525934
2019-10-20 18:18:39,872 [grpc-default-executor-7] INFO  impl.RoleInfo (RoleInfo.java:shutdownFollowerState(121)) - 6c5c38af-62e6-4ea7-a24a-078dcb28fb39: shutdown FollowerState
2019-10-20 18:18:39,872 [Thread-1567] INFO  impl.FollowerState (FollowerState.java:run(117)) - 6c5c38af-62e6-4ea7-a24a-078dcb28fb39@group-D40A05E2FCF9-FollowerState was interrupted: java.lang.InterruptedException: sleep interrupted
2019-10-20 18:18:39,872 [grpc-default-executor-7] INFO  impl.RoleInfo (RoleInfo.java:updateAndGet(143)) - 6c5c38af-62e6-4ea7-a24a-078dcb28fb39: start FollowerState
2019-10-20 18:18:39,872 [grpc-default-executor-1] INFO  impl.RaftServerImpl (RaftServerImpl.java:setRole(184)) - 7a43c46a-fc88-4b2d-b2da-ae029cfa60ff@group-D40A05E2FCF9: changes role from  FOLLOWER to FOLLOWER at term 96 for recognizeCandidate:399079f7-1eb1-4f37-b003-267572525934
2019-10-20 18:18:39,873 [grpc-default-executor-1] INFO  impl.RoleInfo (RoleInfo.java:shutdownFollowerState(121)) - 7a43c46a-fc88-4b2d-b2da-ae029cfa60ff: shutdown FollowerState
2019-10-20 18:18:39,873 [grpc-default-executor-1] INFO  impl.RoleInfo (RoleInfo.java:updateAndGet(143)) - 7a43c46a-fc88-4b2d-b2da-ae029cfa60ff: start FollowerState
2019-10-20 18:18:39,873 [Thread-1566] INFO  impl.FollowerState (FollowerState.java:run(117)) - 7a43c46a-fc88-4b2d-b2da-ae029cfa60ff@group-D40A05E2FCF9-FollowerState was interrupted: java.lang.InterruptedException: sleep interrupted
2019-10-20 18:18:39,896 [399079f7-1eb1-4f37-b003-267572525934@group-D40A05E2FCF9-LeaderElection183] INFO  impl.LeaderElection (LeaderElection.java:logAndReturn(56)) - 399079f7-1eb1-4f37-b003-267572525934@group-D40A05E2FCF9-LeaderElection183: Election REJECTED; received 2 response(s) [399079f7-1eb1-4f37-b003-267572525934<-7a43c46a-fc88-4b2d-b2da-ae029cfa60ff#0:FAIL-t96, 399079f7-1eb1-4f37-b003-267572525934<-6c5c38af-62e6-4ea7-a24a-078dcb28fb39#0:FAIL-t96] and 0 exception(s); 399079f7-1eb1-4f37-b003-267572525934@group-D40A05E2FCF9:t96, leader=null, voted=399079f7-1eb1-4f37-b003-267572525934, raftlog=399079f7-1eb1-4f37-b003-267572525934@group-D40A05E2FCF9-SegmentedRaftLog:OPENED:c-1,f-1,i0, conf=-1: [399079f7-1eb1-4f37-b003-267572525934:192.168.164.241:37762, 7a43c46a-fc88-4b2d-b2da-ae029cfa60ff:192.168.164.241:43684, 6c5c38af-62e6-4ea7-a24a-078dcb28fb39:192.168.164.241:45428], old=null
2019-10-20 18:18:39,897 [399079f7-1eb1-4f37-b003-267572525934@group-D40A05E2FCF9-LeaderElection183] INFO  impl.RaftServerImpl (RaftServerImpl.java:setRole(184)) - 399079f7-1eb1-4f37-b003-267572525934@group-D40A05E2FCF9: changes role from CANDIDATE to FOLLOWER at term 96 for DISCOVERED_A_NEW_TERM
2019-10-20 18:18:39,897 [399079f7-1eb1-4f37-b003-267572525934@group-D40A05E2FCF9-LeaderElection183] INFO  impl.RoleInfo (RoleInfo.java:shutdownLeaderElection(134)) - 399079f7-1eb1-4f37-b003-267572525934: shutdown LeaderElection
2019-10-20 18:18:39,897 [399079f7-1eb1-4f37-b003-267572525934@group-D40A05E2FCF9-LeaderElection183] INFO  impl.RoleInfo (RoleInfo.java:updateAndGet(143)) - 399079f7-1eb1-4f37-b003-267572525934: start FollowerState
2019-10-20 18:18:40,012 [Thread-1588] INFO  impl.FollowerState (FollowerState.java:run(108)) - 399079f7-1eb1-4f37-b003-267572525934@group-D40A05E2FCF9-FollowerState: change to CANDIDATE, lastRpcTime:115ms, electionTimeout:115ms
2019-10-20 18:18:40,012 [Thread-1588] INFO  impl.RoleInfo (RoleInfo.java:shutdownFollowerState(121)) - 399079f7-1eb1-4f37-b003-267572525934: shutdown FollowerState
2019-10-20 18:18:40,013 [Thread-1588] INFO  impl.RaftServerImpl (RaftServerImpl.java:setRole(184)) - 399079f7-1eb1-4f37-b003-267572525934@group-D40A05E2FCF9: changes role from  FOLLOWER to CANDIDATE at term 96 for changeToCandidate
2019-10-20 18:18:40,013 [Thread-1588] INFO  impl.RoleInfo (RoleInfo.java:updateAndGet(143)) - 399079f7-1eb1-4f37-b003-267572525934: start LeaderElection
2019-10-20 18:18:40,019 [Thread-1585] INFO  impl.FollowerState (FollowerState.java:run(108)) - b75f8b2e-6273-4c97-b7c5-042674931d23@group-F11756C8BA4A-FollowerState: change to CANDIDATE, lastRpcTime:147ms, electionTimeout:147ms
2019-10-20 18:18:40,019 [Thread-1585] INFO  impl.RoleInfo (RoleInfo.java:shutdownFollowerState(121)) - b75f8b2e-6273-4c97-b7c5-042674931d23: shutdown FollowerState
2019-10-20 18:18:40,019 [Thread-1585] INFO  impl.RaftServerImpl (RaftServerImpl.java:setRole(184)) - b75f8b2e-6273-4c97-b7c5-042674931d23@group-F11756C8BA4A: changes role from  FOLLOWER to CANDIDATE at term 95 for changeToCandidate
2019-10-20 18:18:40,019 [Thread-1585] INFO  impl.RoleInfo (RoleInfo.java:updateAndGet(143)) - b75f8b2e-6273-4c97-b7c5-042674931d23: start LeaderElection
2019-10-20 18:18:40,038 [399079f7-1eb1-4f37-b003-267572525934@group-D40A05E2FCF9-LeaderElection184] INFO  impl.LeaderElection (LeaderElection.java:askForVotes(178)) - 399079f7-1eb1-4f37-b003-267572525934@group-D40A05E2FCF9-LeaderElection184: begin an election at term 97 for -1: [399079f7-1eb1-4f37-b003-267572525934:192.168.164.241:37762, 7a43c46a-fc88-4b2d-b2da-ae029cfa60ff:192.168.164.241:43684, 6c5c38af-62e6-4ea7-a24a-078dcb28fb39:192.168.164.241:45428], old=null
2019-10-20 18:18:40,038 [b75f8b2e-6273-4c97-b7c5-042674931d23@group-F11756C8BA4A-LeaderElection185] INFO  impl.LeaderElection (LeaderElection.java:askForVotes(178)) - b75f8b2e-6273-4c97-b7c5-042674931d23@group-F11756C8BA4A-LeaderElection185: begin an election at term 96 for -1: [6ef27e9c-8ddb-4fa1-8c14-ab102acfb1b8:192.168.164.241:38092, b75f8b2e-6273-4c97-b7c5-042674931d23:192.168.164.241:41857, 3750b3a2-715b-46b3-9d0c-9e38136244b9:192.168.164.241:46227], old=null
2019-10-20 18:18:40,042 [grpc-default-executor-7] INFO  impl.RaftServerImpl (RaftServerImpl.java:setRole(184)) - 6c5c38af-62e6-4ea7-a24a-078dcb28fb39@group-D40A05E2FCF9: changes role from  FOLLOWER to FOLLOWER at term 97 for recognizeCandidate:399079f7-1eb1-4f37-b003-267572525934
2019-10-20 18:18:40,042 [grpc-default-executor-7] INFO  impl.RoleInfo (RoleInfo.java:shutdownFollowerState(121)) - 6c5c38af-62e6-4ea7-a24a-078dcb28fb39: shutdown FollowerState
2019-10-20 18:18:40,042 [grpc-default-executor-1] INFO  impl.RaftServerImpl (RaftServerImpl.java:setRole(184)) - 3750b3a2-715b-46b3-9d0c-9e38136244b9@group-F11756C8BA4A: changes role from  FOLLOWER to FOLLOWER at term 96 for recognizeCandidate:b75f8b2e-6273-4c97-b7c5-042674931d23
2019-10-20 18:18:40,042 [grpc-default-executor-1] INFO  impl.RoleInfo (RoleInfo.java:shutdownFollowerState(121)) - 3750b3a2-715b-46b3-9d0c-9e38136244b9: shutdown FollowerState
2019-10-20 18:18:40,042 [Thread-1586] INFO  impl.FollowerState (FollowerState.java:run(117)) - 6c5c38af-62e6-4ea7-a24a-078dcb28fb39@group-D40A05E2FCF9-FollowerState was interrupted: java.lang.InterruptedException: sleep interrupted
2019-10-20 18:18:40,042 [grpc-default-executor-7] INFO  impl.RoleInfo (RoleInfo.java:updateAndGet(143)) - 6c5c38af-62e6-4ea7-a24a-078dcb28fb39: start FollowerState
2019-10-20 18:18:40,042 [grpc-default-executor-10] INFO  impl.RaftServerImpl (RaftServerImpl.java:setRole(184)) - 7a43c46a-fc88-4b2d-b2da-ae029cfa60ff@group-D40A05E2FCF9: changes role from  FOLLOWER to FOLLOWER at term 97 for recognizeCandidate:399079f7-1eb1-4f37-b003-267572525934
2019-10-20 18:18:40,043 [grpc-default-executor-10] INFO  impl.RoleInfo (RoleInfo.java:shutdownFollowerState(121)) - 7a43c46a-fc88-4b2d-b2da-ae029cfa60ff: shutdown FollowerState
2019-10-20 18:18:40,042 [grpc-default-executor-3] INFO  impl.RaftServerImpl (RaftServerImpl.java:setRole(184)) - 6ef27e9c-8ddb-4fa1-8c14-ab102acfb1b8@group-F11756C8BA4A: changes role from  FOLLOWER to FOLLOWER at term 96 for recognizeCandidate:b75f8b2e-6273-4c97-b7c5-042674931d23
2019-10-20 18:18:40,043 [grpc-default-executor-3] INFO  impl.RoleInfo (RoleInfo.java:shutdownFollowerState(121)) - 6ef27e9c-8ddb-4fa1-8c14-ab102acfb1b8: shutdown FollowerState
2019-10-20 18:18:40,043 [Thread-1587] INFO  impl.FollowerState (FollowerState.java:run(117)) - 7a43c46a-fc88-4b2d-b2da-ae029cfa60ff@group-D40A05E2FCF9-FollowerState was interrupted: java.lang.InterruptedException: sleep interrupted
2019-10-20 18:18:40,043 [Thread-1581] INFO  impl.FollowerState (FollowerState.java:run(117)) - 6ef27e9c-8ddb-4fa1-8c14-ab102acfb1b8@group-F11756C8BA4A-FollowerState was interrupted: java.lang.InterruptedException: sleep interrupted
2019-10-20 18:18:40,043 [grpc-default-executor-10] INFO  impl.RoleInfo (RoleInfo.java:updateAndGet(143)) - 7a43c46a-fc88-4b2d-b2da-ae029cfa60ff: start FollowerState
2019-10-20 18:18:40,042 [Thread-1582] INFO  impl.FollowerState (FollowerState.java:run(117)) - 3750b3a2-715b-46b3-9d0c-9e38136244b9@group-F11756C8BA4A-FollowerState was interrupted: java.lang.InterruptedException: sleep interrupted
2019-10-20 18:18:40,042 [grpc-default-executor-1] INFO  impl.RoleInfo (RoleInfo.java:updateAndGet(143)) - 3750b3a2-715b-46b3-9d0c-9e38136244b9: start FollowerState
2019-10-20 18:18:40,043 [grpc-default-executor-3] INFO  impl.RoleInfo (RoleInfo.java:updateAndGet(143)) - 6ef27e9c-8ddb-4fa1-8c14-ab102acfb1b8: start FollowerState
2019-10-20 18:18:40,065 [399079f7-1eb1-4f37-b003-267572525934@group-D40A05E2FCF9-LeaderElection184] INFO  impl.LeaderElection (LeaderElection.java:logAndReturn(56)) - 399079f7-1eb1-4f37-b003-267572525934@group-D40A05E2FCF9-LeaderElection184: Election REJECTED; received 2 response(s) [399079f7-1eb1-4f37-b003-267572525934<-7a43c46a-fc88-4b2d-b2da-ae029cfa60ff#0:FAIL-t97, 399079f7-1eb1-4f37-b003-267572525934<-6c5c38af-62e6-4ea7-a24a-078dcb28fb39#0:FAIL-t97] and 0 exception(s); 399079f7-1eb1-4f37-b003-267572525934@group-D40A05E2FCF9:t97, leader=null, voted=399079f7-1eb1-4f37-b003-267572525934, raftlog=399079f7-1eb1-4f37-b003-267572525934@group-D40A05E2FCF9-SegmentedRaftLog:OPENED:c-1,f-1,i0, conf=-1: [399079f7-1eb1-4f37-b003-267572525934:192.168.164.241:37762, 7a43c46a-fc88-4b2d-b2da-ae029cfa60ff:192.168.164.241:43684, 6c5c38af-62e6-4ea7-a24a-078dcb28fb39:192.168.164.241:45428], old=null
2019-10-20 18:18:40,065 [b75f8b2e-6273-4c97-b7c5-042674931d23@group-F11756C8BA4A-LeaderElection185] INFO  impl.LeaderElection (LeaderElection.java:logAndReturn(56)) - b75f8b2e-6273-4c97-b7c5-042674931d23@group-F11756C8BA4A-LeaderElection185: Election REJECTED; received 2 response(s) [b75f8b2e-6273-4c97-b7c5-042674931d23<-6ef27e9c-8ddb-4fa1-8c14-ab102acfb1b8#0:FAIL-t96, b75f8b2e-6273-4c97-b7c5-042674931d23<-3750b3a2-715b-46b3-9d0c-9e38136244b9#0:FAIL-t96] and 0 exception(s); b75f8b2e-6273-4c97-b7c5-042674931d23@group-F11756C8BA4A:t96, leader=null, voted=b75f8b2e-6273-4c97-b7c5-042674931d23, raftlog=b75f8b2e-6273-4c97-b7c5-042674931d23@group-F11756C8BA4A-SegmentedRaftLog:OPENED:c-1,f-1,i0, conf=-1: [6ef27e9c-8ddb-4fa1-8c14-ab102acfb1b8:192.168.164.241:38092, b75f8b2e-6273-4c97-b7c5-042674931d23:192.168.164.241:41857, 3750b3a2-715b-46b3-9d0c-9e38136244b9:192.168.164.241:46227], old=null
2019-10-20 18:18:40,065 [399079f7-1eb1-4f37-b003-267572525934@group-D40A05E2FCF9-LeaderElection184] INFO  impl.RaftServerImpl (RaftServerImpl.java:setRole(184)) - 399079f7-1eb1-4f37-b003-267572525934@group-D40A05E2FCF9: changes role from CANDIDATE to FOLLOWER at term 97 for DISCOVERED_A_NEW_TERM
2019-10-20 18:18:40,065 [b75f8b2e-6273-4c97-b7c5-042674931d23@group-F11756C8BA4A-LeaderElection185] INFO  impl.RaftServerImpl (RaftServerImpl.java:setRole(184)) - b75f8b2e-6273-4c97-b7c5-042674931d23@group-F11756C8BA4A: changes role from CANDIDATE to FOLLOWER at term 96 for DISCOVERED_A_NEW_TERM
2019-10-20 18:18:40,065 [399079f7-1eb1-4f37-b003-267572525934@group-D40A05E2FCF9-LeaderElection184] INFO  impl.RoleInfo (RoleInfo.java:shutdownLeaderElection(134)) - 399079f7-1eb1-4f37-b003-267572525934: shutdown LeaderElection
2019-10-20 18:18:40,066 [b75f8b2e-6273-4c97-b7c5-042674931d23@group-F11756C8BA4A-LeaderElection185] INFO  impl.RoleInfo (RoleInfo.java:shutdownLeaderElection(134)) - b75f8b2e-6273-4c97-b7c5-042674931d23: shutdown LeaderElection
2019-10-20 18:18:40,066 [399079f7-1eb1-4f37-b003-267572525934@group-D40A05E2FCF9-LeaderElection184] INFO  impl.RoleInfo (RoleInfo.java:updateAndGet(143)) - 399079f7-1eb1-4f37-b003-267572525934: start FollowerState
2019-10-20 18:18:40,066 [b75f8b2e-6273-4c97-b7c5-042674931d23@group-F11756C8BA4A-LeaderElection185] INFO  impl.RoleInfo (RoleInfo.java:updateAndGet(143)) - b75f8b2e-6273-4c97-b7c5-042674931d23: start FollowerState
2019-10-20 18:18:40,104 [Thread-1599] INFO  impl.FollowerState (FollowerState.java:run(108)) - 399079f7-1eb1-4f37-b003-267572525934@group-D40A05E2FCF9-FollowerState: change to CANDIDATE, lastRpcTime:38ms, electionTimeout:38ms
2019-10-20 18:18:40,105 [Thread-1599] INFO  impl.RoleInfo (RoleInfo.java:shutdownFollowerState(121)) - 399079f7-1eb1-4f37-b003-267572525934: shutdown FollowerState
2019-10-20 18:18:40,105 [Thread-1599] INFO  impl.RaftServerImpl (RaftServerImpl.java:setRole(184)) - 399079f7-1eb1-4f37-b003-267572525934@group-D40A05E2FCF9: changes role from  FOLLOWER to CANDIDATE at term 97 for changeToCandidate
2019-10-20 18:18:40,105 [Thread-1599] INFO  impl.RoleInfo (RoleInfo.java:updateAndGet(143)) - 399079f7-1eb1-4f37-b003-267572525934: start LeaderElection
2019-10-20 18:18:40,133 [399079f7-1eb1-4f37-b003-267572525934@group-D40A05E2FCF9-LeaderElection186] INFO  impl.LeaderElection (LeaderElection.java:askForVotes(178)) - 399079f7-1eb1-4f37-b003-267572525934@group-D40A05E2FCF9-LeaderElection186: begin an election at term 98 for -1: [399079f7-1eb1-4f37-b003-267572525934:192.168.164.241:37762, 7a43c46a-fc88-4b2d-b2da-ae029cfa60ff:192.168.164.241:43684, 6c5c38af-62e6-4ea7-a24a-078dcb28fb39:192.168.164.241:45428], old=null
2019-10-20 18:18:40,135 [grpc-default-executor-1] INFO  impl.RaftServerImpl (RaftServerImpl.java:setRole(184)) - 6c5c38af-62e6-4ea7-a24a-078dcb28fb39@group-D40A05E2FCF9: changes role from  FOLLOWER to FOLLOWER at term 98 for recognizeCandidate:399079f7-1eb1-4f37-b003-267572525934
2019-10-20 18:18:40,135 [grpc-default-executor-3] INFO  impl.RaftServerImpl (RaftServerImpl.java:setRole(184)) - 7a43c46a-fc88-4b2d-b2da-ae029cfa60ff@group-D40A05E2FCF9: changes role from  FOLLOWER to FOLLOWER at term 98 for recognizeCandidate:399079f7-1eb1-4f37-b003-267572525934
2019-10-20 18:18:40,136 [399079f7-1eb1-4f37-b003-267572525934@group-D40A05E2FCF9-LeaderElection186] INFO  impl.LeaderElection (LeaderElection.java:logAndReturn(56)) - 399079f7-1eb1-4f37-b003-267572525934@group-D40A05E2FCF9-LeaderElection186: Election TIMEOUT; received 0 response(s) [] and 0 exception(s); 399079f7-1eb1-4f37-b003-267572525934@group-D40A05E2FCF9:t98, leader=null, voted=399079f7-1eb1-4f37-b003-267572525934, raftlog=399079f7-1eb1-4f37-b003-267572525934@group-D40A05E2FCF9-SegmentedRaftLog:OPENED:c-1,f-1,i0, conf=-1: [399079f7-1eb1-4f37-b003-267572525934:192.168.164.241:37762, 7a43c46a-fc88-4b2d-b2da-ae029cfa60ff:192.168.164.241:43684, 6c5c38af-62e6-4ea7-a24a-078dcb28fb39:192.168.164.241:45428], old=null
2019-10-20 18:18:40,136 [grpc-default-executor-1] INFO  impl.RoleInfo (RoleInfo.java:shutdownFollowerState(121)) - 6c5c38af-62e6-4ea7-a24a-078dcb28fb39: shutdown FollowerState
2019-10-20 18:18:40,136 [grpc-default-executor-3] INFO  impl.RoleInfo (RoleInfo.java:shutdownFollowerState(121)) - 7a43c46a-fc88-4b2d-b2da-ae029cfa60ff: shutdown FollowerState
2019-10-20 18:18:40,136 [Thread-1595] INFO  impl.FollowerState (FollowerState.java:run(117)) - 6c5c38af-62e6-4ea7-a24a-078dcb28fb39@group-D40A05E2FCF9-FollowerState was interrupted: java.lang.InterruptedException: sleep interrupted
2019-10-20 18:18:40,136 [grpc-default-executor-1] INFO  impl.RoleInfo (RoleInfo.java:updateAndGet(143)) - 6c5c38af-62e6-4ea7-a24a-078dcb28fb39: start FollowerState
2019-10-20 18:18:40,136 [Thread-1597] INFO  impl.FollowerState (FollowerState.java:run(117)) - 7a43c46a-fc88-4b2d-b2da-ae029cfa60ff@group-D40A05E2FCF9-FollowerState was interrupted: java.lang.InterruptedException: sleep interrupted
2019-10-20 18:18:40,136 [grpc-default-executor-3] INFO  impl.RoleInfo (RoleInfo.java:updateAndGet(143)) - 7a43c46a-fc88-4b2d-b2da-ae029cfa60ff: start FollowerState
2019-10-20 18:18:40,167 [399079f7-1eb1-4f37-b003-267572525934@group-D40A05E2FCF9-LeaderElection186] INFO  impl.LeaderElection (LeaderElection.java:askForVotes(178)) - 399079f7-1eb1-4f37-b003-267572525934@group-D40A05E2FCF9-LeaderElection186: begin an election at term 99 for -1: [399079f7-1eb1-4f37-b003-267572525934:192.168.164.241:37762, 7a43c46a-fc88-4b2d-b2da-ae029cfa60ff:192.168.164.241:43684, 6c5c38af-62e6-4ea7-a24a-078dcb28fb39:192.168.164.241:45428], old=null
2019-10-20 18:18:40,169 [grpc-default-executor-1] INFO  impl.RaftServerImpl (RaftServerImpl.java:setRole(184)) - 6c5c38af-62e6-4ea7-a24a-078dcb28fb39@group-D40A05E2FCF9: changes role from  FOLLOWER to FOLLOWER at term 99 for recognizeCandidate:399079f7-1eb1-4f37-b003-267572525934
2019-10-20 18:18:40,169 [grpc-default-executor-3] INFO  impl.RaftServerImpl (RaftServerImpl.java:setRole(184)) - 7a43c46a-fc88-4b2d-b2da-ae029cfa60ff@group-D40A05E2FCF9: changes role from  FOLLOWER to FOLLOWER at term 99 for recognizeCandidate:399079f7-1eb1-4f37-b003-267572525934
2019-10-20 18:18:40,169 [grpc-default-executor-3] INFO  impl.RoleInfo (RoleInfo.java:shutdownFollowerState(121)) - 7a43c46a-fc88-4b2d-b2da-ae029cfa60ff: shutdown FollowerState
2019-10-20 18:18:40,169 [grpc-default-executor-1] INFO  impl.RoleInfo (RoleInfo.java:shutdownFollowerState(121)) - 6c5c38af-62e6-4ea7-a24a-078dcb28fb39: shutdown FollowerState
2019-10-20 18:18:40,170 [Thread-1605] INFO  impl.FollowerState (FollowerState.java:run(117)) - 7a43c46a-fc88-4b2d-b2da-ae029cfa60ff@group-D40A05E2FCF9-FollowerState was interrupted: java.lang.InterruptedException: sleep interrupted
2019-10-20 18:18:40,170 [grpc-default-executor-3] INFO  impl.RoleInfo (RoleInfo.java:updateAndGet(143)) - 7a43c46a-fc88-4b2d-b2da-ae029cfa60ff: start FollowerState
2019-10-20 18:18:40,170 [Thread-1604] INFO  impl.FollowerState (FollowerState.java:run(117)) - 6c5c38af-62e6-4ea7-a24a-078dcb28fb39@group-D40A05E2FCF9-FollowerState was interrupted: java.lang.InterruptedException: sleep interrupted
2019-10-20 18:18:40,170 [grpc-default-executor-1] INFO  impl.RoleInfo (RoleInfo.java:updateAndGet(143)) - 6c5c38af-62e6-4ea7-a24a-078dcb28fb39: start FollowerState
2019-10-20 18:18:40,193 [399079f7-1eb1-4f37-b003-267572525934@group-D40A05E2FCF9-LeaderElection186] INFO  impl.LeaderElection (LeaderElection.java:logAndReturn(56)) - 399079f7-1eb1-4f37-b003-267572525934@group-D40A05E2FCF9-LeaderElection186: Election REJECTED; received 2 response(s) [399079f7-1eb1-4f37-b003-267572525934<-7a43c46a-fc88-4b2d-b2da-ae029cfa60ff#0:FAIL-t99, 399079f7-1eb1-4f37-b003-267572525934<-6c5c38af-62e6-4ea7-a24a-078dcb28fb39#0:FAIL-t99] and 0 exception(s); 399079f7-1eb1-4f37-b003-267572525934@group-D40A05E2FCF9:t99, leader=null, voted=399079f7-1eb1-4f37-b003-267572525934, raftlog=399079f7-1eb1-4f37-b003-267572525934@group-D40A05E2FCF9-SegmentedRaftLog:OPENED:c-1,f-1,i0, conf=-1: [399079f7-1eb1-4f37-b003-267572525934:192.168.164.241:37762, 7a43c46a-fc88-4b2d-b2da-ae029cfa60ff:192.168.164.241:43684, 6c5c38af-62e6-4ea7-a24a-078dcb28fb39:192.168.164.241:45428], old=null
2019-10-20 18:18:40,194 [399079f7-1eb1-4f37-b003-267572525934@group-D40A05E2FCF9-LeaderElection186] INFO  impl.RaftServerImpl (RaftServerImpl.java:setRole(184)) - 399079f7-1eb1-4f37-b003-267572525934@group-D40A05E2FCF9: changes role from CANDIDATE to FOLLOWER at term 99 for DISCOVERED_A_NEW_TERM
2019-10-20 18:18:40,194 [399079f7-1eb1-4f37-b003-267572525934@group-D40A05E2FCF9-LeaderElection186] INFO  impl.RoleInfo (RoleInfo.java:shutdownLeaderElection(134)) - 399079f7-1eb1-4f37-b003-267572525934: shutdown LeaderElection
2019-10-20 18:18:40,194 [399079f7-1eb1-4f37-b003-267572525934@group-D40A05E2FCF9-LeaderElection186] INFO  impl.RoleInfo (RoleInfo.java:updateAndGet(143)) - 399079f7-1eb1-4f37-b003-267572525934: start FollowerState
2019-10-20 18:18:40,220 [Thread-1600] INFO  impl.FollowerState (FollowerState.java:run(108)) - b75f8b2e-6273-4c97-b7c5-042674931d23@group-F11756C8BA4A-FollowerState: change to CANDIDATE, lastRpcTime:154ms, electionTimeout:154ms
2019-10-20 18:18:40,221 [Thread-1600] INFO  impl.RoleInfo (RoleInfo.java:shutdownFollowerState(121)) - b75f8b2e-6273-4c97-b7c5-042674931d23: shutdown FollowerState
2019-10-20 18:18:40,221 [Thread-1600] INFO  impl.RaftServerImpl (RaftServerImpl.java:setRole(184)) - b75f8b2e-6273-4c97-b7c5-042674931d23@group-F11756C8BA4A: changes role from  FOLLOWER to CANDIDATE at term 96 for changeToCandidate
2019-10-20 18:18:40,221 [Thread-1600] INFO  impl.RoleInfo (RoleInfo.java:updateAndGet(143)) - b75f8b2e-6273-4c97-b7c5-042674931d23: start LeaderElection
2019-10-20 18:18:40,252 [b75f8b2e-6273-4c97-b7c5-042674931d23@group-F11756C8BA4A-LeaderElection187] INFO  impl.LeaderElection (LeaderElection.java:askForVotes(178)) - b75f8b2e-6273-4c97-b7c5-042674931d23@group-F11756C8BA4A-LeaderElection187: begin an election at term 97 for -1: [6ef27e9c-8ddb-4fa1-8c14-ab102acfb1b8:192.168.164.241:38092, b75f8b2e-6273-4c97-b7c5-042674931d23:192.168.164.241:41857, 3750b3a2-715b-46b3-9d0c-9e38136244b9:192.168.164.241:46227], old=null
2019-10-20 18:18:40,254 [grpc-default-executor-1] INFO  impl.RaftServerImpl (RaftServerImpl.java:setRole(184)) - 6ef27e9c-8ddb-4fa1-8c14-ab102acfb1b8@group-F11756C8BA4A: changes role from  FOLLOWER to FOLLOWER at term 97 for recognizeCandidate:b75f8b2e-6273-4c97-b7c5-042674931d23
2019-10-20 18:18:40,254 [grpc-default-executor-3] INFO  impl.RaftServerImpl (RaftServerImpl.java:setRole(184)) - 3750b3a2-715b-46b3-9d0c-9e38136244b9@group-F11756C8BA4A: changes role from  FOLLOWER to FOLLOWER at term 97 for recognizeCandidate:b75f8b2e-6273-4c97-b7c5-042674931d23
2019-10-20 18:18:40,254 [grpc-default-executor-1] INFO  impl.RoleInfo (RoleInfo.java:shutdownFollowerState(121)) - 6ef27e9c-8ddb-4fa1-8c14-ab102acfb1b8: shutdown FollowerState
2019-10-20 18:18:40,254 [grpc-default-executor-3] INFO  impl.RoleInfo (RoleInfo.java:shutdownFollowerState(121)) - 3750b3a2-715b-46b3-9d0c-9e38136244b9: shutdown FollowerState
2019-10-20 18:18:40,255 [Thread-1598] INFO  impl.FollowerState (FollowerState.java:run(117)) - 6ef27e9c-8ddb-4fa1-8c14-ab102acfb1b8@group-F11756C8BA4A-FollowerState was interrupted: java.lang.InterruptedException: sleep interrupted
2019-10-20 18:18:40,255 [grpc-default-executor-1] INFO  impl.RoleInfo (RoleInfo.java:updateAndGet(143)) - 6ef27e9c-8ddb-4fa1-8c14-ab102acfb1b8: start FollowerState
2019-10-20 18:18:40,255 [Thread-1596] INFO  impl.FollowerState (FollowerState.java:run(117)) - 3750b3a2-715b-46b3-9d0c-9e38136244b9@group-F11756C8BA4A-FollowerState was interrupted: java.lang.InterruptedException: sleep interrupted
2019-10-20 18:18:40,255 [grpc-default-executor-3] INFO  impl.RoleInfo (RoleInfo.java:updateAndGet(143)) - 3750b3a2-715b-46b3-9d0c-9e38136244b9: start FollowerState
2019-10-20 18:18:40,279 [Thread-1610] INFO  impl.FollowerState (FollowerState.java:run(108)) - 399079f7-1eb1-4f37-b003-267572525934@group-D40A05E2FCF9-FollowerState: change to CANDIDATE, lastRpcTime:85ms, electionTimeout:85ms
2019-10-20 18:18:40,279 [Thread-1610] INFO  impl.RoleInfo (RoleInfo.java:shutdownFollowerState(121)) - 399079f7-1eb1-4f37-b003-267572525934: shutdown FollowerState
2019-10-20 18:18:40,279 [Thread-1610] INFO  impl.RaftServerImpl (RaftServerImpl.java:setRole(184)) - 399079f7-1eb1-4f37-b003-267572525934@group-D40A05E2FCF9: changes role from  FOLLOWER to CANDIDATE at term 99 for changeToCandidate
2019-10-20 18:18:40,279 [Thread-1610] INFO  impl.RoleInfo (RoleInfo.java:updateAndGet(143)) - 399079f7-1eb1-4f37-b003-267572525934: start LeaderElection
2019-10-20 18:18:40,308 [b75f8b2e-6273-4c97-b7c5-042674931d23@group-F11756C8BA4A-LeaderElection187] INFO  impl.LeaderElection (LeaderElection.java:logAndReturn(56)) - b75f8b2e-6273-4c97-b7c5-042674931d23@group-F11756C8BA4A-LeaderElection187: Election TIMEOUT; received 0 response(s) [] and 0 exception(s); b75f8b2e-6273-4c97-b7c5-042674931d23@group-F11756C8BA4A:t97, leader=null, voted=b75f8b2e-6273-4c97-b7c5-042674931d23, raftlog=b75f8b2e-6273-4c97-b7c5-042674931d23@group-F11756C8BA4A-SegmentedRaftLog:OPENED:c-1,f-1,i0, conf=-1: [6ef27e9c-8ddb-4fa1-8c14-ab102acfb1b8:192.168.164.241:38092, b75f8b2e-6273-4c97-b7c5-042674931d23:192.168.164.241:41857, 3750b3a2-715b-46b3-9d0c-9e38136244b9:192.168.164.241:46227], old=null
2019-10-20 18:18:40,367 [399079f7-1eb1-4f37-b003-267572525934@group-D40A05E2FCF9-LeaderElection188] INFO  impl.LeaderElection (LeaderElection.java:askForVotes(178)) - 399079f7-1eb1-4f37-b003-267572525934@group-D40A05E2FCF9-LeaderElection188: begin an election at term 100 for -1: [399079f7-1eb1-4f37-b003-267572525934:192.168.164.241:37762, 7a43c46a-fc88-4b2d-b2da-ae029cfa60ff:192.168.164.241:43684, 6c5c38af-62e6-4ea7-a24a-078dcb28fb39:192.168.164.241:45428], old=null
2019-10-20 18:18:40,367 [b75f8b2e-6273-4c97-b7c5-042674931d23@group-F11756C8BA4A-LeaderElection187] INFO  impl.LeaderElection (LeaderElection.java:askForVotes(178)) - b75f8b2e-6273-4c97-b7c5-042674931d23@group-F11756C8BA4A-LeaderElection187: begin an election at term 98 for -1: [6ef27e9c-8ddb-4fa1-8c14-ab102acfb1b8:192.168.164.241:38092, b75f8b2e-6273-4c97-b7c5-042674931d23:192.168.164.241:41857, 3750b3a2-715b-46b3-9d0c-9e38136244b9:192.168.164.241:46227], old=null
2019-10-20 18:18:40,372 [grpc-default-executor-7] INFO  impl.RaftServerImpl (RaftServerImpl.java:setRole(184)) - 3750b3a2-715b-46b3-9d0c-9e38136244b9@group-F11756C8BA4A: changes role from  FOLLOWER to FOLLOWER at term 98 for recognizeCandidate:b75f8b2e-6273-4c97-b7c5-042674931d23
2019-10-20 18:18:40,372 [grpc-default-executor-1] INFO  impl.RaftServerImpl (RaftServerImpl.java:setRole(184)) - 6c5c38af-62e6-4ea7-a24a-078dcb28fb39@group-D40A05E2FCF9: changes role from  FOLLOWER to FOLLOWER at term 100 for recognizeCandidate:399079f7-1eb1-4f37-b003-267572525934
2019-10-20 18:18:40,372 [grpc-default-executor-10] INFO  impl.RaftServerImpl (RaftServerImpl.java:setRole(184)) - 7a43c46a-fc88-4b2d-b2da-ae029cfa60ff@group-D40A05E2FCF9: changes role from  FOLLOWER to FOLLOWER at term 100 for recognizeCandidate:399079f7-1eb1-4f37-b003-267572525934
2019-10-20 18:18:40,372 [grpc-default-executor-3] INFO  impl.RaftServerImpl (RaftServerImpl.java:setRole(184)) - 6ef27e9c-8ddb-4fa1-8c14-ab102acfb1b8@group-F11756C8BA4A: changes role from  FOLLOWER to FOLLOWER at term 98 for recognizeCandidate:b75f8b2e-6273-4c97-b7c5-042674931d23
2019-10-20 18:18:40,372 [grpc-default-executor-10] INFO  impl.RoleInfo (RoleInfo.java:shutdownFollowerState(121)) - 7a43c46a-fc88-4b2d-b2da-ae029cfa60ff: shutdown FollowerState
2019-10-20 18:18:40,372 [grpc-default-executor-1] INFO  impl.RoleInfo (RoleInfo.java:shutdownFollowerState(121)) - 6c5c38af-62e6-4ea7-a24a-078dcb28fb39: shutdown FollowerState
2019-10-20 18:18:40,372 [grpc-default-executor-7] INFO  impl.RoleInfo (RoleInfo.java:shutdownFollowerState(121)) - 3750b3a2-715b-46b3-9d0c-9e38136244b9: shutdown FollowerState
2019-10-20 18:18:40,373 [Thread-1609] INFO  impl.FollowerState (FollowerState.java:run(117)) - 6c5c38af-62e6-4ea7-a24a-078dcb28fb39@group-D40A05E2FCF9-FollowerState was interrupted: java.lang.InterruptedException: sleep interrupted
2019-10-20 18:18:40,373 [grpc-default-executor-1] INFO  impl.RoleInfo (RoleInfo.java:updateAndGet(143)) - 6c5c38af-62e6-4ea7-a24a-078dcb28fb39: start FollowerState
2019-10-20 18:18:40,373 [Thread-1608] INFO  impl.FollowerState (FollowerState.java:run(117)) - 7a43c46a-fc88-4b2d-b2da-ae029cfa60ff@group-D40A05E2FCF9-FollowerState was interrupted: java.lang.InterruptedException: sleep interrupted
2019-10-20 18:18:40,373 [grpc-default-executor-10] INFO  impl.RoleInfo (RoleInfo.java:updateAndGet(143)) - 7a43c46a-fc88-4b2d-b2da-ae029cfa60ff: start FollowerState
2019-10-20 18:18:40,372 [grpc-default-executor-3] INFO  impl.RoleInfo (RoleInfo.java:shutdownFollowerState(121)) - 6ef27e9c-8ddb-4fa1-8c14-ab102acfb1b8: shutdown FollowerState
2019-10-20 18:18:40,373 [Thread-1615] INFO  impl.FollowerState (FollowerState.java:run(117)) - 3750b3a2-715b-46b3-9d0c-9e38136244b9@group-F11756C8BA4A-FollowerState was interrupted: java.lang.InterruptedException: sleep interrupted
2019-10-20 18:18:40,373 [grpc-default-executor-7] INFO  impl.RoleInfo (RoleInfo.java:updateAndGet(143)) - 3750b3a2-715b-46b3-9d0c-9e38136244b9: start FollowerState
2019-10-20 18:18:40,374 [Thread-1614] INFO  impl.FollowerState (FollowerState.java:run(117)) - 6ef27e9c-8ddb-4fa1-8c14-ab102acfb1b8@group-F11756C8BA4A-FollowerState was interrupted: java.lang.InterruptedException: sleep interrupted
2019-10-20 18:18:40,374 [grpc-default-executor-3] INFO  impl.RoleInfo (RoleInfo.java:updateAndGet(143)) - 6ef27e9c-8ddb-4fa1-8c14-ab102acfb1b8: start FollowerState
2019-10-20 18:18:40,390 [b75f8b2e-6273-4c97-b7c5-042674931d23@group-F11756C8BA4A-LeaderElection187] INFO  impl.LeaderElection (LeaderElection.java:logAndReturn(56)) - b75f8b2e-6273-4c97-b7c5-042674931d23@group-F11756C8BA4A-LeaderElection187: Election REJECTED; received 2 response(s) [b75f8b2e-6273-4c97-b7c5-042674931d23<-6ef27e9c-8ddb-4fa1-8c14-ab102acfb1b8#0:FAIL-t98, b75f8b2e-6273-4c97-b7c5-042674931d23<-3750b3a2-715b-46b3-9d0c-9e38136244b9#0:FAIL-t98] and 0 exception(s); b75f8b2e-6273-4c97-b7c5-042674931d23@group-F11756C8BA4A:t98, leader=null, voted=b75f8b2e-6273-4c97-b7c5-042674931d23, raftlog=b75f8b2e-6273-4c97-b7c5-042674931d23@group-F11756C8BA4A-SegmentedRaftLog:OPENED:c-1,f-1,i0, conf=-1: [6ef27e9c-8ddb-4fa1-8c14-ab102acfb1b8:192.168.164.241:38092, b75f8b2e-6273-4c97-b7c5-042674931d23:192.168.164.241:41857, 3750b3a2-715b-46b3-9d0c-9e38136244b9:192.168.164.241:46227], old=null
2019-10-20 18:18:40,390 [399079f7-1eb1-4f37-b003-267572525934@group-D40A05E2FCF9-LeaderElection188] INFO  impl.LeaderElection (LeaderElection.java:logAndReturn(56)) - 399079f7-1eb1-4f37-b003-267572525934@group-D40A05E2FCF9-LeaderElection188: Election REJECTED; received 2 response(s) [399079f7-1eb1-4f37-b003-267572525934<-7a43c46a-fc88-4b2d-b2da-ae029cfa60ff#0:FAIL-t100, 399079f7-1eb1-4f37-b003-267572525934<-6c5c38af-62e6-4ea7-a24a-078dcb28fb39#0:FAIL-t100] and 0 exception(s); 399079f7-1eb1-4f37-b003-267572525934@group-D40A05E2FCF9:t100, leader=null, voted=399079f7-1eb1-4f37-b003-267572525934, raftlog=399079f7-1eb1-4f37-b003-267572525934@group-D40A05E2FCF9-SegmentedRaftLog:OPENED:c-1,f-1,i0, conf=-1: [399079f7-1eb1-4f37-b003-267572525934:192.168.164.241:37762, 7a43c46a-fc88-4b2d-b2da-ae029cfa60ff:192.168.164.241:43684, 6c5c38af-62e6-4ea7-a24a-078dcb28fb39:192.168.164.241:45428], old=null
2019-10-20 18:18:40,390 [b75f8b2e-6273-4c97-b7c5-042674931d23@group-F11756C8BA4A-LeaderElection187] INFO  impl.RaftServerImpl (RaftServerImpl.java:setRole(184)) - b75f8b2e-6273-4c97-b7c5-042674931d23@group-F11756C8BA4A: changes role from CANDIDATE to FOLLOWER at term 98 for DISCOVERED_A_NEW_TERM
2019-10-20 18:18:40,390 [399079f7-1eb1-4f37-b003-267572525934@group-D40A05E2FCF9-LeaderElection188] INFO  impl.RaftServerImpl (RaftServerImpl.java:setRole(184)) - 399079f7-1eb1-4f37-b003-267572525934@group-D40A05E2FCF9: changes role from CANDIDATE to FOLLOWER at term 100 for DISCOVERED_A_NEW_TERM
2019-10-20 18:18:40,390 [b75f8b2e-6273-4c97-b7c5-042674931d23@group-F11756C8BA4A-LeaderElection187] INFO  impl.RoleInfo (RoleInfo.java:shutdownLeaderElection(134)) - b75f8b2e-6273-4c97-b7c5-042674931d23: shutdown LeaderElection
2019-10-20 18:18:40,390 [399079f7-1eb1-4f37-b003-267572525934@group-D40A05E2FCF9-LeaderElection188] INFO  impl.RoleInfo (RoleInfo.java:shutdownLeaderElection(134)) - 399079f7-1eb1-4f37-b003-267572525934: shutdown LeaderElection
2019-10-20 18:18:40,390 [b75f8b2e-6273-4c97-b7c5-042674931d23@group-F11756C8BA4A-LeaderElection187] INFO  impl.RoleInfo (RoleInfo.java:updateAndGet(143)) - b75f8b2e-6273-4c97-b7c5-042674931d23: start FollowerState
2019-10-20 18:18:40,390 [399079f7-1eb1-4f37-b003-267572525934@group-D40A05E2FCF9-LeaderElection188] INFO  impl.RoleInfo (RoleInfo.java:updateAndGet(143)) - 399079f7-1eb1-4f37-b003-267572525934: start FollowerState
2019-10-20 18:18:40,467 [Thread-1628] INFO  impl.FollowerState (FollowerState.java:run(108)) - 399079f7-1eb1-4f37-b003-267572525934@group-D40A05E2FCF9-FollowerState: change to CANDIDATE, lastRpcTime:76ms, electionTimeout:76ms
2019-10-20 18:18:40,467 [Thread-1628] INFO  impl.RoleInfo (RoleInfo.java:shutdownFollowerState(121)) - 399079f7-1eb1-4f37-b003-267572525934: shutdown FollowerState
2019-10-20 18:18:40,467 [Thread-1628] INFO  impl.RaftServerImpl (RaftServerImpl.java:setRole(184)) - 399079f7-1eb1-4f37-b003-267572525934@group-D40A05E2FCF9: changes role from  FOLLOWER to CANDIDATE at term 100 for changeToCandidate
2019-10-20 18:18:40,468 [Thread-1628] INFO  impl.RoleInfo (RoleInfo.java:updateAndGet(143)) - 399079f7-1eb1-4f37-b003-267572525934: start LeaderElection
2019-10-20 18:18:40,475 [Thread-1627] INFO  impl.FollowerState (FollowerState.java:run(108)) - b75f8b2e-6273-4c97-b7c5-042674931d23@group-F11756C8BA4A-FollowerState: change to CANDIDATE, lastRpcTime:84ms, electionTimeout:84ms
2019-10-20 18:18:40,475 [Thread-1627] INFO  impl.RoleInfo (RoleInfo.java:shutdownFollowerState(121)) - b75f8b2e-6273-4c97-b7c5-042674931d23: shutdown FollowerState
2019-10-20 18:18:40,475 [Thread-1627] INFO  impl.RaftServerImpl (RaftServerImpl.java:setRole(184)) - b75f8b2e-6273-4c97-b7c5-042674931d23@group-F11756C8BA4A: changes role from  FOLLOWER to CANDIDATE at term 98 for changeToCandidate
2019-10-20 18:18:40,475 [Thread-1627] INFO  impl.RoleInfo (RoleInfo.java:updateAndGet(143)) - b75f8b2e-6273-4c97-b7c5-042674931d23: start LeaderElection
2019-10-20 18:18:40,487 [399079f7-1eb1-4f37-b003-267572525934@group-D40A05E2FCF9-LeaderElection189] INFO  impl.LeaderElection (LeaderElection.java:askForVotes(178)) - 399079f7-1eb1-4f37-b003-267572525934@group-D40A05E2FCF9-LeaderElection189: begin an election at term 101 for -1: [399079f7-1eb1-4f37-b003-267572525934:192.168.164.241:37762, 7a43c46a-fc88-4b2d-b2da-ae029cfa60ff:192.168.164.241:43684, 6c5c38af-62e6-4ea7-a24a-078dcb28fb39:192.168.164.241:45428], old=null
2019-10-20 18:18:40,490 [grpc-default-executor-7] INFO  impl.RaftServerImpl (RaftServerImpl.java:setRole(184)) - 7a43c46a-fc88-4b2d-b2da-ae029cfa60ff@group-D40A05E2FCF9: changes role from  FOLLOWER to FOLLOWER at term 101 for recognizeCandidate:399079f7-1eb1-4f37-b003-267572525934
2019-10-20 18:18:40,490 [grpc-default-executor-7] INFO  impl.RoleInfo (RoleInfo.java:shutdownFollowerState(121)) - 7a43c46a-fc88-4b2d-b2da-ae029cfa60ff: shutdown FollowerState
2019-10-20 18:18:40,490 [grpc-default-executor-10] INFO  impl.RaftServerImpl (RaftServerImpl.java:setRole(184)) - 6c5c38af-62e6-4ea7-a24a-078dcb28fb39@group-D40A05E2FCF9: changes role from  FOLLOWER to FOLLOWER at term 101 for recognizeCandidate:399079f7-1eb1-4f37-b003-267572525934
2019-10-20 18:18:40,490 [Thread-1623] INFO  impl.FollowerState (FollowerState.java:run(117)) - 7a43c46a-fc88-4b2d-b2da-ae029cfa60ff@group-D40A05E2FCF9-FollowerState was interrupted: java.lang.InterruptedException: sleep interrupted
2019-10-20 18:18:40,490 [grpc-default-executor-7] INFO  impl.RoleInfo (RoleInfo.java:updateAndGet(143)) - 7a43c46a-fc88-4b2d-b2da-ae029cfa60ff: start FollowerState
2019-10-20 18:18:40,490 [grpc-default-executor-10] INFO  impl.RoleInfo (RoleInfo.java:shutdownFollowerState(121)) - 6c5c38af-62e6-4ea7-a24a-078dcb28fb39: shutdown FollowerState
2019-10-20 18:18:40,491 [grpc-default-executor-10] INFO  impl.RoleInfo (RoleInfo.java:updateAndGet(143)) - 6c5c38af-62e6-4ea7-a24a-078dcb28fb39: start FollowerState
2019-10-20 18:18:40,491 [Thread-1624] INFO  impl.FollowerState (FollowerState.java:run(117)) - 6c5c38af-62e6-4ea7-a24a-078dcb28fb39@group-D40A05E2FCF9-FollowerState was interrupted: java.lang.InterruptedException: sleep interrupted
2019-10-20 18:18:40,514 [b75f8b2e-6273-4c97-b7c5-042674931d23@group-F11756C8BA4A-LeaderElection190] INFO  impl.LeaderElection (LeaderElection.java:askForVotes(178)) - b75f8b2e-6273-4c97-b7c5-042674931d23@group-F11756C8BA4A-LeaderElection190: begin an election at term 99 for -1: [6ef27e9c-8ddb-4fa1-8c14-ab102acfb1b8:192.168.164.241:38092, b75f8b2e-6273-4c97-b7c5-042674931d23:192.168.164.241:41857, 3750b3a2-715b-46b3-9d0c-9e38136244b9:192.168.164.241:46227], old=null
2019-10-20 18:18:40,517 [399079f7-1eb1-4f37-b003-267572525934@group-D40A05E2FCF9-LeaderElection189] INFO  impl.LeaderElection (LeaderElection.java:logAndReturn(56)) - 399079f7-1eb1-4f37-b003-267572525934@group-D40A05E2FCF9-LeaderElection189: Election REJECTED; received 2 response(s) [399079f7-1eb1-4f37-b003-267572525934<-7a43c46a-fc88-4b2d-b2da-ae029cfa60ff#0:FAIL-t101, 399079f7-1eb1-4f37-b003-267572525934<-6c5c38af-62e6-4ea7-a24a-078dcb28fb39#0:FAIL-t101] and 0 exception(s); 399079f7-1eb1-4f37-b003-267572525934@group-D40A05E2FCF9:t101, leader=null, voted=399079f7-1eb1-4f37-b003-267572525934, raftlog=399079f7-1eb1-4f37-b003-267572525934@group-D40A05E2FCF9-SegmentedRaftLog:OPENED:c-1,f-1,i0, conf=-1: [399079f7-1eb1-4f37-b003-267572525934:192.168.164.241:37762, 7a43c46a-fc88-4b2d-b2da-ae029cfa60ff:192.168.164.241:43684, 6c5c38af-62e6-4ea7-a24a-078dcb28fb39:192.168.164.241:45428], old=null
2019-10-20 18:18:40,519 [b75f8b2e-6273-4c97-b7c5-042674931d23@group-F11756C8BA4A-LeaderElection190] INFO  impl.LeaderElection (LeaderElection.java:logAndReturn(56)) - b75f8b2e-6273-4c97-b7c5-042674931d23@group-F11756C8BA4A-LeaderElection190: Election TIMEOUT; received 0 response(s) [] and 0 exception(s); b75f8b2e-6273-4c97-b7c5-042674931d23@group-F11756C8BA4A:t99, leader=null, voted=b75f8b2e-6273-4c97-b7c5-042674931d23, raftlog=b75f8b2e-6273-4c97-b7c5-042674931d23@group-F11756C8BA4A-SegmentedRaftLog:OPENED:c-1,f-1,i0, conf=-1: [6ef27e9c-8ddb-4fa1-8c14-ab102acfb1b8:192.168.164.241:38092, b75f8b2e-6273-4c97-b7c5-042674931d23:192.168.164.241:41857, 3750b3a2-715b-46b3-9d0c-9e38136244b9:192.168.164.241:46227], old=null
2019-10-20 18:18:40,519 [399079f7-1eb1-4f37-b003-267572525934@group-D40A05E2FCF9-LeaderElection189] INFO  impl.RaftServerImpl (RaftServerImpl.java:setRole(184)) - 399079f7-1eb1-4f37-b003-267572525934@group-D40A05E2FCF9: changes role from CANDIDATE to FOLLOWER at term 101 for DISCOVERED_A_NEW_TERM
2019-10-20 18:18:40,519 [399079f7-1eb1-4f37-b003-267572525934@group-D40A05E2FCF9-LeaderElection189] INFO  impl.RoleInfo (RoleInfo.java:shutdownLeaderElection(134)) - 399079f7-1eb1-4f37-b003-267572525934: shutdown LeaderElection
2019-10-20 18:18:40,519 [399079f7-1eb1-4f37-b003-267572525934@group-D40A05E2FCF9-LeaderElection189] INFO  impl.RoleInfo (RoleInfo.java:updateAndGet(143)) - 399079f7-1eb1-4f37-b003-267572525934: start FollowerState
2019-10-20 18:18:40,520 [grpc-default-executor-1] INFO  impl.RaftServerImpl (RaftServerImpl.java:setRole(184)) - 6ef27e9c-8ddb-4fa1-8c14-ab102acfb1b8@group-F11756C8BA4A: changes role from  FOLLOWER to FOLLOWER at term 99 for recognizeCandidate:b75f8b2e-6273-4c97-b7c5-042674931d23
2019-10-20 18:18:40,520 [grpc-default-executor-1] INFO  impl.RoleInfo (RoleInfo.java:shutdownFollowerState(121)) - 6ef27e9c-8ddb-4fa1-8c14-ab102acfb1b8: shutdown FollowerState
2019-10-20 18:18:40,520 [grpc-default-executor-10] INFO  impl.RaftServerImpl (RaftServerImpl.java:setRole(184)) - 3750b3a2-715b-46b3-9d0c-9e38136244b9@group-F11756C8BA4A: changes role from  FOLLOWER to FOLLOWER at term 99 for recognizeCandidate:b75f8b2e-6273-4c97-b7c5-042674931d23
2019-10-20 18:18:40,520 [Thread-1626] INFO  impl.FollowerState (FollowerState.java:run(117)) - 6ef27e9c-8ddb-4fa1-8c14-ab102acfb1b8@group-F11756C8BA4A-FollowerState was interrupted: java.lang.InterruptedException: sleep interrupted
2019-10-20 18:18:40,520 [grpc-default-executor-1] INFO  impl.RoleInfo (RoleInfo.java:updateAndGet(143)) - 6ef27e9c-8ddb-4fa1-8c14-ab102acfb1b8: start FollowerState
2019-10-20 18:18:40,520 [grpc-default-executor-10] INFO  impl.RoleInfo (RoleInfo.java:shutdownFollowerState(121)) - 3750b3a2-715b-46b3-9d0c-9e38136244b9: shutdown FollowerState
2019-10-20 18:18:40,521 [grpc-default-executor-10] INFO  impl.RoleInfo (RoleInfo.java:updateAndGet(143)) - 3750b3a2-715b-46b3-9d0c-9e38136244b9: start FollowerState
2019-10-20 18:18:40,521 [Thread-1625] INFO  impl.FollowerState (FollowerState.java:run(117)) - 3750b3a2-715b-46b3-9d0c-9e38136244b9@group-F11756C8BA4A-FollowerState was interrupted: java.lang.InterruptedException: sleep interrupted
2019-10-20 18:18:40,564 [b75f8b2e-6273-4c97-b7c5-042674931d23@group-F11756C8BA4A-LeaderElection190] INFO  impl.LeaderElection (LeaderElection.java:askForVotes(178)) - b75f8b2e-6273-4c97-b7c5-042674931d23@group-F11756C8BA4A-LeaderElection190: begin an election at term 100 for -1: [6ef27e9c-8ddb-4fa1-8c14-ab102acfb1b8:192.168.164.241:38092, b75f8b2e-6273-4c97-b7c5-042674931d23:192.168.164.241:41857, 3750b3a2-715b-46b3-9d0c-9e38136244b9:192.168.164.241:46227], old=null
2019-10-20 18:18:40,896 [Thread-1639] INFO  impl.FollowerState (FollowerState.java:run(108)) - 399079f7-1eb1-4f37-b003-267572525934@group-D40A05E2FCF9-FollowerState: change to CANDIDATE, lastRpcTime:376ms, electionTimeout:139ms
2019-10-20 18:18:40,897 [Thread-1639] INFO  impl.RoleInfo (RoleInfo.java:shutdownFollowerState(121)) - 399079f7-1eb1-4f37-b003-267572525934: shutdown FollowerState
2019-10-20 18:18:40,897 [Thread-1639] INFO  impl.RaftServerImpl (RaftServerImpl.java:setRole(184)) - 399079f7-1eb1-4f37-b003-267572525934@group-D40A05E2FCF9: changes role from  FOLLOWER to CANDIDATE at term 101 for changeToCandidate
2019-10-20 18:18:40,897 [Thread-1639] INFO  impl.RoleInfo (RoleInfo.java:updateAndGet(143)) - 399079f7-1eb1-4f37-b003-267572525934: start LeaderElection
2019-10-20 18:18:40,897 [b75f8b2e-6273-4c97-b7c5-042674931d23@group-F11756C8BA4A-LeaderElection190] INFO  impl.LeaderElection (LeaderElection.java:logAndReturn(56)) - b75f8b2e-6273-4c97-b7c5-042674931d23@group-F11756C8BA4A-LeaderElection190: Election TIMEOUT; received 0 response(s) [] and 0 exception(s); b75f8b2e-6273-4c97-b7c5-042674931d23@group-F11756C8BA4A:t100, leader=null, voted=b75f8b2e-6273-4c97-b7c5-042674931d23, raftlog=b75f8b2e-6273-4c97-b7c5-042674931d23@group-F11756C8BA4A-SegmentedRaftLog:OPENED:c-1,f-1,i0, conf=-1: [6ef27e9c-8ddb-4fa1-8c14-ab102acfb1b8:192.168.164.241:38092, b75f8b2e-6273-4c97-b7c5-042674931d23:192.168.164.241:41857, 3750b3a2-715b-46b3-9d0c-9e38136244b9:192.168.164.241:46227], old=null
2019-10-20 18:18:40,900 [grpc-default-executor-10] INFO  impl.RaftServerImpl (RaftServerImpl.java:setRole(184)) - 6ef27e9c-8ddb-4fa1-8c14-ab102acfb1b8@group-F11756C8BA4A: changes role from  FOLLOWER to FOLLOWER at term 100 for recognizeCandidate:b75f8b2e-6273-4c97-b7c5-042674931d23
2019-10-20 18:18:40,900 [grpc-default-executor-1] INFO  impl.RaftServerImpl (RaftServerImpl.java:setRole(184)) - 3750b3a2-715b-46b3-9d0c-9e38136244b9@group-F11756C8BA4A: changes role from  FOLLOWER to FOLLOWER at term 100 for recognizeCandidate:b75f8b2e-6273-4c97-b7c5-042674931d23
2019-10-20 18:18:40,900 [grpc-default-executor-1] INFO  impl.RoleInfo (RoleInfo.java:shutdownFollowerState(121)) - 3750b3a2-715b-46b3-9d0c-9e38136244b9: shutdown FollowerState
2019-10-20 18:18:40,900 [grpc-default-executor-10] INFO  impl.RoleInfo (RoleInfo.java:shutdownFollowerState(121)) - 6ef27e9c-8ddb-4fa1-8c14-ab102acfb1b8: shutdown FollowerState
2019-10-20 18:18:40,901 [grpc-default-executor-1] INFO  impl.RoleInfo (RoleInfo.java:updateAndGet(143)) - 3750b3a2-715b-46b3-9d0c-9e38136244b9: start FollowerState
2019-10-20 18:18:40,901 [Thread-1641] INFO  impl.FollowerState (FollowerState.java:run(117)) - 3750b3a2-715b-46b3-9d0c-9e38136244b9@group-F11756C8BA4A-FollowerState was interrupted: java.lang.InterruptedException: sleep interrupted
2019-10-20 18:18:40,901 [Thread-1640] INFO  impl.FollowerState (FollowerState.java:run(117)) - 6ef27e9c-8ddb-4fa1-8c14-ab102acfb1b8@group-F11756C8BA4A-FollowerState was interrupted: java.lang.InterruptedException: sleep interrupted
2019-10-20 18:18:40,901 [grpc-default-executor-10] INFO  impl.RoleInfo (RoleInfo.java:updateAndGet(143)) - 6ef27e9c-8ddb-4fa1-8c14-ab102acfb1b8: start FollowerState
2019-10-20 18:18:40,928 [399079f7-1eb1-4f37-b003-267572525934@group-D40A05E2FCF9-LeaderElection191] INFO  impl.LeaderElection (LeaderElection.java:askForVotes(178)) - 399079f7-1eb1-4f37-b003-267572525934@group-D40A05E2FCF9-LeaderElection191: begin an election at term 102 for -1: [399079f7-1eb1-4f37-b003-267572525934:192.168.164.241:37762, 7a43c46a-fc88-4b2d-b2da-ae029cfa60ff:192.168.164.241:43684, 6c5c38af-62e6-4ea7-a24a-078dcb28fb39:192.168.164.241:45428], old=null
2019-10-20 18:18:40,928 [b75f8b2e-6273-4c97-b7c5-042674931d23@group-F11756C8BA4A-LeaderElection190] INFO  impl.LeaderElection (LeaderElection.java:askForVotes(178)) - b75f8b2e-6273-4c97-b7c5-042674931d23@group-F11756C8BA4A-LeaderElection190: begin an election at term 101 for -1: [6ef27e9c-8ddb-4fa1-8c14-ab102acfb1b8:192.168.164.241:38092, b75f8b2e-6273-4c97-b7c5-042674931d23:192.168.164.241:41857, 3750b3a2-715b-46b3-9d0c-9e38136244b9:192.168.164.241:46227], old=null
2019-10-20 18:18:40,930 [grpc-default-executor-1] INFO  impl.RaftServerImpl (RaftServerImpl.java:setRole(184)) - 6c5c38af-62e6-4ea7-a24a-078dcb28fb39@group-D40A05E2FCF9: changes role from  FOLLOWER to FOLLOWER at term 102 for recognizeCandidate:399079f7-1eb1-4f37-b003-267572525934
2019-10-20 18:18:40,931 [grpc-default-executor-1] INFO  impl.RoleInfo (RoleInfo.java:shutdownFollowerState(121)) - 6c5c38af-62e6-4ea7-a24a-078dcb28fb39: shutdown FollowerState
2019-10-20 18:18:40,930 [grpc-default-executor-10] INFO  impl.RaftServerImpl (RaftServerImpl.java:setRole(184)) - 3750b3a2-715b-46b3-9d0c-9e38136244b9@group-F11756C8BA4A: changes role from  FOLLOWER to FOLLOWER at term 101 for recognizeCandidate:b75f8b2e-6273-4c97-b7c5-042674931d23
2019-10-20 18:18:40,931 [Thread-1635] INFO  impl.FollowerState (FollowerState.java:run(117)) - 6c5c38af-62e6-4ea7-a24a-078dcb28fb39@group-D40A05E2FCF9-FollowerState was interrupted: java.lang.InterruptedException: sleep interrupted
2019-10-20 18:18:40,931 [grpc-default-executor-1] INFO  impl.RoleInfo (RoleInfo.java:updateAndGet(143)) - 6c5c38af-62e6-4ea7-a24a-078dcb28fb39: start FollowerState
2019-10-20 18:18:40,931 [grpc-default-executor-7] INFO  impl.RaftServerImpl (RaftServerImpl.java:setRole(184)) - 7a43c46a-fc88-4b2d-b2da-ae029cfa60ff@group-D40A05E2FCF9: changes role from  FOLLOWER to FOLLOWER at term 102 for recognizeCandidate:399079f7-1eb1-4f37-b003-267572525934
2019-10-20 18:18:40,931 [grpc-default-executor-7] INFO  impl.RoleInfo (RoleInfo.java:shutdownFollowerState(121)) - 7a43c46a-fc88-4b2d-b2da-ae029cfa60ff: shutdown FollowerState
2019-10-20 18:18:40,931 [grpc-default-executor-3] INFO  impl.RaftServerImpl (RaftServerImpl.java:setRole(184)) - 6ef27e9c-8ddb-4fa1-8c14-ab102acfb1b8@group-F11756C8BA4A: changes role from  FOLLOWER to FOLLOWER at term 101 for recognizeCandidate:b75f8b2e-6273-4c97-b7c5-042674931d23
2019-10-20 18:18:40,932 [grpc-default-executor-3] INFO  impl.RoleInfo (RoleInfo.java:shutdownFollowerState(121)) - 6ef27e9c-8ddb-4fa1-8c14-ab102acfb1b8: shutdown FollowerState
2019-10-20 18:18:40,931 [grpc-default-executor-10] INFO  impl.RoleInfo (RoleInfo.java:shutdownFollowerState(121)) - 3750b3a2-715b-46b3-9d0c-9e38136244b9: shutdown FollowerState
2019-10-20 18:18:40,932 [Thread-1648] INFO  impl.FollowerState (FollowerState.java:run(117)) - 6ef27e9c-8ddb-4fa1-8c14-ab102acfb1b8@group-F11756C8BA4A-FollowerState was interrupted: java.lang.InterruptedException: sleep interrupted
2019-10-20 18:18:40,932 [grpc-default-executor-3] INFO  impl.RoleInfo (RoleInfo.java:updateAndGet(143)) - 6ef27e9c-8ddb-4fa1-8c14-ab102acfb1b8: start FollowerState
2019-10-20 18:18:40,932 [Thread-1634] INFO  impl.FollowerState (FollowerState.java:run(117)) - 7a43c46a-fc88-4b2d-b2da-ae029cfa60ff@group-D40A05E2FCF9-FollowerState was interrupted: java.lang.InterruptedException: sleep interrupted
2019-10-20 18:18:40,932 [grpc-default-executor-7] INFO  impl.RoleInfo (RoleInfo.java:updateAndGet(143)) - 7a43c46a-fc88-4b2d-b2da-ae029cfa60ff: start FollowerState
2019-10-20 18:18:40,932 [Thread-1647] INFO  impl.FollowerState (FollowerState.java:run(117)) - 3750b3a2-715b-46b3-9d0c-9e38136244b9@group-F11756C8BA4A-FollowerState was interrupted: java.lang.InterruptedException: sleep interrupted
2019-10-20 18:18:40,932 [grpc-default-executor-10] INFO  impl.RoleInfo (RoleInfo.java:updateAndGet(143)) - 3750b3a2-715b-46b3-9d0c-9e38136244b9: start FollowerState
2019-10-20 18:18:40,955 [399079f7-1eb1-4f37-b003-267572525934@group-D40A05E2FCF9-LeaderElection191] INFO  impl.LeaderElection (LeaderElection.java:logAndReturn(56)) - 399079f7-1eb1-4f37-b003-267572525934@group-D40A05E2FCF9-LeaderElection191: Election REJECTED; received 2 response(s) [399079f7-1eb1-4f37-b003-267572525934<-7a43c46a-fc88-4b2d-b2da-ae029cfa60ff#0:FAIL-t102, 399079f7-1eb1-4f37-b003-267572525934<-6c5c38af-62e6-4ea7-a24a-078dcb28fb39#0:FAIL-t102] and 0 exception(s); 399079f7-1eb1-4f37-b003-267572525934@group-D40A05E2FCF9:t102, leader=null, voted=399079f7-1eb1-4f37-b003-267572525934, raftlog=399079f7-1eb1-4f37-b003-267572525934@group-D40A05E2FCF9-SegmentedRaftLog:OPENED:c-1,f-1,i0, conf=-1: [399079f7-1eb1-4f37-b003-267572525934:192.168.164.241:37762, 7a43c46a-fc88-4b2d-b2da-ae029cfa60ff:192.168.164.241:43684, 6c5c38af-62e6-4ea7-a24a-078dcb28fb39:192.168.164.241:45428], old=null
2019-10-20 18:18:40,955 [b75f8b2e-6273-4c97-b7c5-042674931d23@group-F11756C8BA4A-LeaderElection190] INFO  impl.LeaderElection (LeaderElection.java:logAndReturn(56)) - b75f8b2e-6273-4c97-b7c5-042674931d23@group-F11756C8BA4A-LeaderElection190: Election REJECTED; received 2 response(s) [b75f8b2e-6273-4c97-b7c5-042674931d23<-6ef27e9c-8ddb-4fa1-8c14-ab102acfb1b8#0:FAIL-t101, b75f8b2e-6273-4c97-b7c5-042674931d23<-3750b3a2-715b-46b3-9d0c-9e38136244b9#0:FAIL-t101] and 0 exception(s); b75f8b2e-6273-4c97-b7c5-042674931d23@group-F11756C8BA4A:t101, leader=null, voted=b75f8b2e-6273-4c97-b7c5-042674931d23, raftlog=b75f8b2e-6273-4c97-b7c5-042674931d23@group-F11756C8BA4A-SegmentedRaftLog:OPENED:c-1,f-1,i0, conf=-1: [6ef27e9c-8ddb-4fa1-8c14-ab102acfb1b8:192.168.164.241:38092, b75f8b2e-6273-4c97-b7c5-042674931d23:192.168.164.241:41857, 3750b3a2-715b-46b3-9d0c-9e38136244b9:192.168.164.241:46227], old=null
2019-10-20 18:18:40,955 [399079f7-1eb1-4f37-b003-267572525934@group-D40A05E2FCF9-LeaderElection191] INFO  impl.RaftServerImpl (RaftServerImpl.java:setRole(184)) - 399079f7-1eb1-4f37-b003-267572525934@group-D40A05E2FCF9: changes role from CANDIDATE to FOLLOWER at term 102 for DISCOVERED_A_NEW_TERM
2019-10-20 18:18:40,955 [b75f8b2e-6273-4c97-b7c5-042674931d23@group-F11756C8BA4A-LeaderElection190] INFO  impl.RaftServerImpl (RaftServerImpl.java:setRole(184)) - b75f8b2e-6273-4c97-b7c5-042674931d23@group-F11756C8BA4A: changes role from CANDIDATE to FOLLOWER at term 101 for DISCOVERED_A_NEW_TERM
2019-10-20 18:18:40,955 [399079f7-1eb1-4f37-b003-267572525934@group-D40A05E2FCF9-LeaderElection191] INFO  impl.RoleInfo (RoleInfo.java:shutdownLeaderElection(134)) - 399079f7-1eb1-4f37-b003-267572525934: shutdown LeaderElection
2019-10-20 18:18:40,955 [b75f8b2e-6273-4c97-b7c5-042674931d23@group-F11756C8BA4A-LeaderElection190] INFO  impl.RoleInfo (RoleInfo.java:shutdownLeaderElection(134)) - b75f8b2e-6273-4c97-b7c5-042674931d23: shutdown LeaderElection
2019-10-20 18:18:40,956 [399079f7-1eb1-4f37-b003-267572525934@group-D40A05E2FCF9-LeaderElection191] INFO  impl.RoleInfo (RoleInfo.java:updateAndGet(143)) - 399079f7-1eb1-4f37-b003-267572525934: start FollowerState
2019-10-20 18:18:40,956 [b75f8b2e-6273-4c97-b7c5-042674931d23@group-F11756C8BA4A-LeaderElection190] INFO  impl.RoleInfo (RoleInfo.java:updateAndGet(143)) - b75f8b2e-6273-4c97-b7c5-042674931d23: start FollowerState
2019-10-20 18:18:40,979 [Thread-1658] INFO  impl.FollowerState (FollowerState.java:run(108)) - b75f8b2e-6273-4c97-b7c5-042674931d23@group-F11756C8BA4A-FollowerState: change to CANDIDATE, lastRpcTime:23ms, electionTimeout:23ms
2019-10-20 18:18:40,979 [Thread-1658] INFO  impl.RoleInfo (RoleInfo.java:shutdownFollowerState(121)) - b75f8b2e-6273-4c97-b7c5-042674931d23: shutdown FollowerState
2019-10-20 18:18:40,979 [Thread-1658] INFO  impl.RaftServerImpl (RaftServerImpl.java:setRole(184)) - b75f8b2e-6273-4c97-b7c5-042674931d23@group-F11756C8BA4A: changes role from  FOLLOWER to CANDIDATE at term 101 for changeToCandidate
2019-10-20 18:18:40,979 [Thread-1658] INFO  impl.RoleInfo (RoleInfo.java:updateAndGet(143)) - b75f8b2e-6273-4c97-b7c5-042674931d23: start LeaderElection
2019-10-20 18:18:41,004 [b75f8b2e-6273-4c97-b7c5-042674931d23@group-F11756C8BA4A-LeaderElection192] INFO  impl.LeaderElection (LeaderElection.java:askForVotes(178)) - b75f8b2e-6273-4c97-b7c5-042674931d23@group-F11756C8BA4A-LeaderElection192: begin an election at term 102 for -1: [6ef27e9c-8ddb-4fa1-8c14-ab102acfb1b8:192.168.164.241:38092, b75f8b2e-6273-4c97-b7c5-042674931d23:192.168.164.241:41857, 3750b3a2-715b-46b3-9d0c-9e38136244b9:192.168.164.241:46227], old=null
2019-10-20 18:18:41,006 [grpc-default-executor-1] INFO  impl.RaftServerImpl (RaftServerImpl.java:setRole(184)) - 6ef27e9c-8ddb-4fa1-8c14-ab102acfb1b8@group-F11756C8BA4A: changes role from  FOLLOWER to FOLLOWER at term 102 for recognizeCandidate:b75f8b2e-6273-4c97-b7c5-042674931d23
2019-10-20 18:18:41,006 [grpc-default-executor-1] INFO  impl.RoleInfo (RoleInfo.java:shutdownFollowerState(121)) - 6ef27e9c-8ddb-4fa1-8c14-ab102acfb1b8: shutdown FollowerState
2019-10-20 18:18:41,007 [grpc-default-executor-10] INFO  impl.RaftServerImpl (RaftServerImpl.java:setRole(184)) - 3750b3a2-715b-46b3-9d0c-9e38136244b9@group-F11756C8BA4A: changes role from  FOLLOWER to FOLLOWER at term 102 for recognizeCandidate:b75f8b2e-6273-4c97-b7c5-042674931d23
2019-10-20 18:18:41,007 [Thread-1655] INFO  impl.FollowerState (FollowerState.java:run(117)) - 6ef27e9c-8ddb-4fa1-8c14-ab102acfb1b8@group-F11756C8BA4A-FollowerState was interrupted: java.lang.InterruptedException: sleep interrupted
2019-10-20 18:18:41,007 [grpc-default-executor-1] INFO  impl.RoleInfo (RoleInfo.java:updateAndGet(143)) - 6ef27e9c-8ddb-4fa1-8c14-ab102acfb1b8: start FollowerState
2019-10-20 18:18:41,007 [grpc-default-executor-10] INFO  impl.RoleInfo (RoleInfo.java:shutdownFollowerState(121)) - 3750b3a2-715b-46b3-9d0c-9e38136244b9: shutdown FollowerState
2019-10-20 18:18:41,007 [grpc-default-executor-10] INFO  impl.RoleInfo (RoleInfo.java:updateAndGet(143)) - 3750b3a2-715b-46b3-9d0c-9e38136244b9: start FollowerState
2019-10-20 18:18:41,007 [Thread-1656] INFO  impl.FollowerState (FollowerState.java:run(117)) - 3750b3a2-715b-46b3-9d0c-9e38136244b9@group-F11756C8BA4A-FollowerState was interrupted: java.lang.InterruptedException: sleep interrupted
2019-10-20 18:18:41,012 [b75f8b2e-6273-4c97-b7c5-042674931d23@group-F11756C8BA4A-LeaderElection192] INFO  impl.LeaderElection (LeaderElection.java:logAndReturn(56)) - b75f8b2e-6273-4c97-b7c5-042674931d23@group-F11756C8BA4A-LeaderElection192: Election TIMEOUT; received 0 response(s) [] and 0 exception(s); b75f8b2e-6273-4c97-b7c5-042674931d23@group-F11756C8BA4A:t102, leader=null, voted=b75f8b2e-6273-4c97-b7c5-042674931d23, raftlog=b75f8b2e-6273-4c97-b7c5-042674931d23@group-F11756C8BA4A-SegmentedRaftLog:OPENED:c-1,f-1,i0, conf=-1: [6ef27e9c-8ddb-4fa1-8c14-ab102acfb1b8:192.168.164.241:38092, b75f8b2e-6273-4c97-b7c5-042674931d23:192.168.164.241:41857, 3750b3a2-715b-46b3-9d0c-9e38136244b9:192.168.164.241:46227], old=null
2019-10-20 18:18:41,033 [b75f8b2e-6273-4c97-b7c5-042674931d23@group-F11756C8BA4A-LeaderElection192] INFO  impl.LeaderElection (LeaderElection.java:askForVotes(178)) - b75f8b2e-6273-4c97-b7c5-042674931d23@group-F11756C8BA4A-LeaderElection192: begin an election at term 103 for -1: [6ef27e9c-8ddb-4fa1-8c14-ab102acfb1b8:192.168.164.241:38092, b75f8b2e-6273-4c97-b7c5-042674931d23:192.168.164.241:41857, 3750b3a2-715b-46b3-9d0c-9e38136244b9:192.168.164.241:46227], old=null
2019-10-20 18:18:41,036 [grpc-default-executor-1] INFO  impl.RaftServerImpl (RaftServerImpl.java:setRole(184)) - 6ef27e9c-8ddb-4fa1-8c14-ab102acfb1b8@group-F11756C8BA4A: changes role from  FOLLOWER to FOLLOWER at term 103 for recognizeCandidate:b75f8b2e-6273-4c97-b7c5-042674931d23
2019-10-20 18:18:41,036 [grpc-default-executor-1] INFO  impl.RoleInfo (RoleInfo.java:shutdownFollowerState(121)) - 6ef27e9c-8ddb-4fa1-8c14-ab102acfb1b8: shutdown FollowerState
2019-10-20 18:18:41,036 [grpc-default-executor-10] INFO  impl.RaftServerImpl (RaftServerImpl.java:setRole(184)) - 3750b3a2-715b-46b3-9d0c-9e38136244b9@group-F11756C8BA4A: changes role from  FOLLOWER to FOLLOWER at term 103 for recognizeCandidate:b75f8b2e-6273-4c97-b7c5-042674931d23
2019-10-20 18:18:41,036 [Thread-1662] INFO  impl.FollowerState (FollowerState.java:run(117)) - 6ef27e9c-8ddb-4fa1-8c14-ab102acfb1b8@group-F11756C8BA4A-FollowerState was interrupted: java.lang.InterruptedException: sleep interrupted
2019-10-20 18:18:41,036 [grpc-default-executor-1] INFO  impl.RoleInfo (RoleInfo.java:updateAndGet(143)) - 6ef27e9c-8ddb-4fa1-8c14-ab102acfb1b8: start FollowerState
2019-10-20 18:18:41,036 [grpc-default-executor-10] INFO  impl.RoleInfo (RoleInfo.java:shutdownFollowerState(121)) - 3750b3a2-715b-46b3-9d0c-9e38136244b9: shutdown FollowerState
2019-10-20 18:18:41,037 [Thread-1663] INFO  impl.FollowerState (FollowerState.java:run(117)) - 3750b3a2-715b-46b3-9d0c-9e38136244b9@group-F11756C8BA4A-FollowerState was interrupted: java.lang.InterruptedException: sleep interrupted
2019-10-20 18:18:41,037 [grpc-default-executor-10] INFO  impl.RoleInfo (RoleInfo.java:updateAndGet(143)) - 3750b3a2-715b-46b3-9d0c-9e38136244b9: start FollowerState
2019-10-20 18:18:41,051 [b75f8b2e-6273-4c97-b7c5-042674931d23@group-F11756C8BA4A-LeaderElection192] INFO  impl.LeaderElection (LeaderElection.java:logAndReturn(56)) - b75f8b2e-6273-4c97-b7c5-042674931d23@group-F11756C8BA4A-LeaderElection192: Election REJECTED; received 2 response(s) [b75f8b2e-6273-4c97-b7c5-042674931d23<-6ef27e9c-8ddb-4fa1-8c14-ab102acfb1b8#0:FAIL-t103, b75f8b2e-6273-4c97-b7c5-042674931d23<-3750b3a2-715b-46b3-9d0c-9e38136244b9#0:FAIL-t103] and 0 exception(s); b75f8b2e-6273-4c97-b7c5-042674931d23@group-F11756C8BA4A:t103, leader=null, voted=b75f8b2e-6273-4c97-b7c5-042674931d23, raftlog=b75f8b2e-6273-4c97-b7c5-042674931d23@group-F11756C8BA4A-SegmentedRaftLog:OPENED:c-1,f-1,i0, conf=-1: [6ef27e9c-8ddb-4fa1-8c14-ab102acfb1b8:192.168.164.241:38092, b75f8b2e-6273-4c97-b7c5-042674931d23:192.168.164.241:41857, 3750b3a2-715b-46b3-9d0c-9e38136244b9:192.168.164.241:46227], old=null
2019-10-20 18:18:41,052 [b75f8b2e-6273-4c97-b7c5-042674931d23@group-F11756C8BA4A-LeaderElection192] INFO  impl.RaftServerImpl (RaftServerImpl.java:setRole(184)) - b75f8b2e-6273-4c97-b7c5-042674931d23@group-F11756C8BA4A: changes role from CANDIDATE to FOLLOWER at term 103 for DISCOVERED_A_NEW_TERM
2019-10-20 18:18:41,052 [b75f8b2e-6273-4c97-b7c5-042674931d23@group-F11756C8BA4A-LeaderElection192] INFO  impl.RoleInfo (RoleInfo.java:shutdownLeaderElection(134)) - b75f8b2e-6273-4c97-b7c5-042674931d23: shutdown LeaderElection
2019-10-20 18:18:41,052 [b75f8b2e-6273-4c97-b7c5-042674931d23@group-F11756C8BA4A-LeaderElection192] INFO  impl.RoleInfo (RoleInfo.java:updateAndGet(143)) - b75f8b2e-6273-4c97-b7c5-042674931d23: start FollowerState
2019-10-20 18:18:41,071 [Thread-1668] INFO  impl.FollowerState (FollowerState.java:run(108)) - b75f8b2e-6273-4c97-b7c5-042674931d23@group-F11756C8BA4A-FollowerState: change to CANDIDATE, lastRpcTime:19ms, electionTimeout:19ms
2019-10-20 18:18:41,071 [Thread-1668] INFO  impl.RoleInfo (RoleInfo.java:shutdownFollowerState(121)) - b75f8b2e-6273-4c97-b7c5-042674931d23: shutdown FollowerState
2019-10-20 18:18:41,072 [Thread-1668] INFO  impl.RaftServerImpl (RaftServerImpl.java:setRole(184)) - b75f8b2e-6273-4c97-b7c5-042674931d23@group-F11756C8BA4A: changes role from  FOLLOWER to CANDIDATE at term 103 for changeToCandidate
2019-10-20 18:18:41,072 [Thread-1668] INFO  impl.RoleInfo (RoleInfo.java:updateAndGet(143)) - b75f8b2e-6273-4c97-b7c5-042674931d23: start LeaderElection
2019-10-20 18:18:41,093 [b75f8b2e-6273-4c97-b7c5-042674931d23@group-F11756C8BA4A-LeaderElection193] INFO  impl.LeaderElection (LeaderElection.java:askForVotes(178)) - b75f8b2e-6273-4c97-b7c5-042674931d23@group-F11756C8BA4A-LeaderElection193: begin an election at term 104 for -1: [6ef27e9c-8ddb-4fa1-8c14-ab102acfb1b8:192.168.164.241:38092, b75f8b2e-6273-4c97-b7c5-042674931d23:192.168.164.241:41857, 3750b3a2-715b-46b3-9d0c-9e38136244b9:192.168.164.241:46227], old=null
2019-10-20 18:18:41,095 [grpc-default-executor-10] INFO  impl.RaftServerImpl (RaftServerImpl.java:setRole(184)) - 6ef27e9c-8ddb-4fa1-8c14-ab102acfb1b8@group-F11756C8BA4A: changes role from  FOLLOWER to FOLLOWER at term 104 for recognizeCandidate:b75f8b2e-6273-4c97-b7c5-042674931d23
2019-10-20 18:18:41,095 [grpc-default-executor-1] INFO  impl.RaftServerImpl (RaftServerImpl.java:setRole(184)) - 3750b3a2-715b-46b3-9d0c-9e38136244b9@group-F11756C8BA4A: changes role from  FOLLOWER to FOLLOWER at term 104 for recognizeCandidate:b75f8b2e-6273-4c97-b7c5-042674931d23
2019-10-20 18:18:41,096 [grpc-default-executor-1] INFO  impl.RoleInfo (RoleInfo.java:shutdownFollowerState(121)) - 3750b3a2-715b-46b3-9d0c-9e38136244b9: shutdown FollowerState
2019-10-20 18:18:41,095 [grpc-default-executor-10] INFO  impl.RoleInfo (RoleInfo.java:shutdownFollowerState(121)) - 6ef27e9c-8ddb-4fa1-8c14-ab102acfb1b8: shutdown FollowerState
2019-10-20 18:18:41,096 [Thread-1667] INFO  impl.FollowerState (FollowerState.java:run(117)) - 3750b3a2-715b-46b3-9d0c-9e38136244b9@group-F11756C8BA4A-FollowerState was interrupted: java.lang.InterruptedException: sleep interrupted
2019-10-20 18:18:41,096 [grpc-default-executor-1] INFO  impl.RoleInfo (RoleInfo.java:updateAndGet(143)) - 3750b3a2-715b-46b3-9d0c-9e38136244b9: start FollowerState
2019-10-20 18:18:41,096 [Thread-1666] INFO  impl.FollowerState (FollowerState.java:run(117)) - 6ef27e9c-8ddb-4fa1-8c14-ab102acfb1b8@group-F11756C8BA4A-FollowerState was interrupted: java.lang.InterruptedException: sleep interrupted
2019-10-20 18:18:41,096 [grpc-default-executor-10] INFO  impl.RoleInfo (RoleInfo.java:updateAndGet(143)) - 6ef27e9c-8ddb-4fa1-8c14-ab102acfb1b8: start FollowerState
2019-10-20 18:18:41,119 [b75f8b2e-6273-4c97-b7c5-042674931d23@group-F11756C8BA4A-LeaderElection193] INFO  impl.LeaderElection (LeaderElection.java:logAndReturn(56)) - b75f8b2e-6273-4c97-b7c5-042674931d23@group-F11756C8BA4A-LeaderElection193: Election REJECTED; received 2 response(s) [b75f8b2e-6273-4c97-b7c5-042674931d23<-6ef27e9c-8ddb-4fa1-8c14-ab102acfb1b8#0:FAIL-t104, b75f8b2e-6273-4c97-b7c5-042674931d23<-3750b3a2-715b-46b3-9d0c-9e38136244b9#0:FAIL-t104] and 0 exception(s); b75f8b2e-6273-4c97-b7c5-042674931d23@group-F11756C8BA4A:t104, leader=null, voted=b75f8b2e-6273-4c97-b7c5-042674931d23, raftlog=b75f8b2e-6273-4c97-b7c5-042674931d23@group-F11756C8BA4A-SegmentedRaftLog:OPENED:c-1,f-1,i0, conf=-1: [6ef27e9c-8ddb-4fa1-8c14-ab102acfb1b8:192.168.164.241:38092, b75f8b2e-6273-4c97-b7c5-042674931d23:192.168.164.241:41857, 3750b3a2-715b-46b3-9d0c-9e38136244b9:192.168.164.241:46227], old=null
2019-10-20 18:18:41,120 [b75f8b2e-6273-4c97-b7c5-042674931d23@group-F11756C8BA4A-LeaderElection193] INFO  impl.RaftServerImpl (RaftServerImpl.java:setRole(184)) - b75f8b2e-6273-4c97-b7c5-042674931d23@group-F11756C8BA4A: changes role from CANDIDATE to FOLLOWER at term 104 for DISCOVERED_A_NEW_TERM
2019-10-20 18:18:41,120 [b75f8b2e-6273-4c97-b7c5-042674931d23@group-F11756C8BA4A-LeaderElection193] INFO  impl.RoleInfo (RoleInfo.java:shutdownLeaderElection(134)) - b75f8b2e-6273-4c97-b7c5-042674931d23: shutdown LeaderElection
2019-10-20 18:18:41,120 [b75f8b2e-6273-4c97-b7c5-042674931d23@group-F11756C8BA4A-LeaderElection193] INFO  impl.RoleInfo (RoleInfo.java:updateAndGet(143)) - b75f8b2e-6273-4c97-b7c5-042674931d23: start FollowerState
2019-10-20 18:18:41,124 [Thread-1657] INFO  impl.FollowerState (FollowerState.java:run(108)) - 399079f7-1eb1-4f37-b003-267572525934@group-D40A05E2FCF9-FollowerState: change to CANDIDATE, lastRpcTime:168ms, electionTimeout:168ms
2019-10-20 18:18:41,124 [Thread-1657] INFO  impl.RoleInfo (RoleInfo.java:shutdownFollowerState(121)) - 399079f7-1eb1-4f37-b003-267572525934: shutdown FollowerState
2019-10-20 18:18:41,124 [Thread-1657] INFO  impl.RaftServerImpl (RaftServerImpl.java:setRole(184)) - 399079f7-1eb1-4f37-b003-267572525934@group-D40A05E2FCF9: changes role from  FOLLOWER to CANDIDATE at term 102 for changeToCandidate
2019-10-20 18:18:41,124 [Thread-1657] INFO  impl.RoleInfo (RoleInfo.java:updateAndGet(143)) - 399079f7-1eb1-4f37-b003-267572525934: start LeaderElection
2019-10-20 18:18:41,138 [Thread-1674] INFO  impl.FollowerState (FollowerState.java:run(108)) - b75f8b2e-6273-4c97-b7c5-042674931d23@group-F11756C8BA4A-FollowerState: change to CANDIDATE, lastRpcTime:18ms, electionTimeout:18ms
2019-10-20 18:18:41,138 [Thread-1674] INFO  impl.RoleInfo (RoleInfo.java:shutdownFollowerState(121)) - b75f8b2e-6273-4c97-b7c5-042674931d23: shutdown FollowerState
2019-10-20 18:18:41,138 [Thread-1674] INFO  impl.RaftServerImpl (RaftServerImpl.java:setRole(184)) - b75f8b2e-6273-4c97-b7c5-042674931d23@group-F11756C8BA4A: changes role from  FOLLOWER to CANDIDATE at term 104 for changeToCandidate
2019-10-20 18:18:41,139 [Thread-1674] INFO  impl.RoleInfo (RoleInfo.java:updateAndGet(143)) - b75f8b2e-6273-4c97-b7c5-042674931d23: start LeaderElection
2019-10-20 18:18:41,152 [399079f7-1eb1-4f37-b003-267572525934@group-D40A05E2FCF9-LeaderElection194] INFO  impl.LeaderElection (LeaderElection.java:askForVotes(178)) - 399079f7-1eb1-4f37-b003-267572525934@group-D40A05E2FCF9-LeaderElection194: begin an election at term 103 for -1: [399079f7-1eb1-4f37-b003-267572525934:192.168.164.241:37762, 7a43c46a-fc88-4b2d-b2da-ae029cfa60ff:192.168.164.241:43684, 6c5c38af-62e6-4ea7-a24a-078dcb28fb39:192.168.164.241:45428], old=null
2019-10-20 18:18:41,154 [grpc-default-executor-1] INFO  impl.RaftServerImpl (RaftServerImpl.java:setRole(184)) - 7a43c46a-fc88-4b2d-b2da-ae029cfa60ff@group-D40A05E2FCF9: changes role from  FOLLOWER to FOLLOWER at term 103 for recognizeCandidate:399079f7-1eb1-4f37-b003-267572525934
2019-10-20 18:18:41,154 [grpc-default-executor-10] INFO  impl.RaftServerImpl (RaftServerImpl.java:setRole(184)) - 6c5c38af-62e6-4ea7-a24a-078dcb28fb39@group-D40A05E2FCF9: changes role from  FOLLOWER to FOLLOWER at term 103 for recognizeCandidate:399079f7-1eb1-4f37-b003-267572525934
2019-10-20 18:18:41,154 [grpc-default-executor-10] INFO  impl.RoleInfo (RoleInfo.java:shutdownFollowerState(121)) - 6c5c38af-62e6-4ea7-a24a-078dcb28fb39: shutdown FollowerState
2019-10-20 18:18:41,154 [grpc-default-executor-1] INFO  impl.RoleInfo (RoleInfo.java:shutdownFollowerState(121)) - 7a43c46a-fc88-4b2d-b2da-ae029cfa60ff: shutdown FollowerState
2019-10-20 18:18:41,155 [Thread-1653] INFO  impl.FollowerState (FollowerState.java:run(117)) - 6c5c38af-62e6-4ea7-a24a-078dcb28fb39@group-D40A05E2FCF9-FollowerState was interrupted: java.lang.InterruptedException: sleep interrupted
2019-10-20 18:18:41,154 [grpc-default-executor-10] INFO  impl.RoleInfo (RoleInfo.java:updateAndGet(143)) - 6c5c38af-62e6-4ea7-a24a-078dcb28fb39: start FollowerState
2019-10-20 18:18:41,155 [Thread-1654] INFO  impl.FollowerState (FollowerState.java:run(117)) - 7a43c46a-fc88-4b2d-b2da-ae029cfa60ff@group-D40A05E2FCF9-FollowerState was interrupted: java.lang.InterruptedException: sleep interrupted
2019-10-20 18:18:41,155 [grpc-default-executor-1] INFO  impl.RoleInfo (RoleInfo.java:updateAndGet(143)) - 7a43c46a-fc88-4b2d-b2da-ae029cfa60ff: start FollowerState
2019-10-20 18:18:41,178 [b75f8b2e-6273-4c97-b7c5-042674931d23@group-F11756C8BA4A-LeaderElection195] INFO  impl.LeaderElection (LeaderElection.java:askForVotes(178)) - b75f8b2e-6273-4c97-b7c5-042674931d23@group-F11756C8BA4A-LeaderElection195: begin an election at term 105 for -1: [6ef27e9c-8ddb-4fa1-8c14-ab102acfb1b8:192.168.164.241:38092, b75f8b2e-6273-4c97-b7c5-042674931d23:192.168.164.241:41857, 3750b3a2-715b-46b3-9d0c-9e38136244b9:192.168.164.241:46227], old=null
2019-10-20 18:18:41,179 [399079f7-1eb1-4f37-b003-267572525934@group-D40A05E2FCF9-LeaderElection194] INFO  impl.LeaderElection (LeaderElection.java:logAndReturn(56)) - 399079f7-1eb1-4f37-b003-267572525934@group-D40A05E2FCF9-LeaderElection194: Election REJECTED; received 2 response(s) [399079f7-1eb1-4f37-b003-267572525934<-7a43c46a-fc88-4b2d-b2da-ae029cfa60ff#0:FAIL-t103, 399079f7-1eb1-4f37-b003-267572525934<-6c5c38af-62e6-4ea7-a24a-078dcb28fb39#0:FAIL-t103] and 0 exception(s); 399079f7-1eb1-4f37-b003-267572525934@group-D40A05E2FCF9:t103, leader=null, voted=399079f7-1eb1-4f37-b003-267572525934, raftlog=399079f7-1eb1-4f37-b003-267572525934@group-D40A05E2FCF9-SegmentedRaftLog:OPENED:c-1,f-1,i0, conf=-1: [399079f7-1eb1-4f37-b003-267572525934:192.168.164.241:37762, 7a43c46a-fc88-4b2d-b2da-ae029cfa60ff:192.168.164.241:43684, 6c5c38af-62e6-4ea7-a24a-078dcb28fb39:192.168.164.241:45428], old=null
2019-10-20 18:18:41,179 [399079f7-1eb1-4f37-b003-267572525934@group-D40A05E2FCF9-LeaderElection194] INFO  impl.RaftServerImpl (RaftServerImpl.java:setRole(184)) - 399079f7-1eb1-4f37-b003-267572525934@group-D40A05E2FCF9: changes role from CANDIDATE to FOLLOWER at term 103 for DISCOVERED_A_NEW_TERM
2019-10-20 18:18:41,179 [399079f7-1eb1-4f37-b003-267572525934@group-D40A05E2FCF9-LeaderElection194] INFO  impl.RoleInfo (RoleInfo.java:shutdownLeaderElection(134)) - 399079f7-1eb1-4f37-b003-267572525934: shutdown LeaderElection
2019-10-20 18:18:41,179 [399079f7-1eb1-4f37-b003-267572525934@group-D40A05E2FCF9-LeaderElection194] INFO  impl.RoleInfo (RoleInfo.java:updateAndGet(143)) - 399079f7-1eb1-4f37-b003-267572525934: start FollowerState
2019-10-20 18:18:41,179 [grpc-default-executor-1] INFO  impl.RaftServerImpl (RaftServerImpl.java:setRole(184)) - 6ef27e9c-8ddb-4fa1-8c14-ab102acfb1b8@group-F11756C8BA4A: changes role from  FOLLOWER to FOLLOWER at term 105 for recognizeCandidate:b75f8b2e-6273-4c97-b7c5-042674931d23
2019-10-20 18:18:41,180 [grpc-default-executor-1] INFO  impl.RoleInfo (RoleInfo.java:shutdownFollowerState(121)) - 6ef27e9c-8ddb-4fa1-8c14-ab102acfb1b8: shutdown FollowerState
2019-10-20 18:18:41,180 [grpc-default-executor-1] INFO  impl.RoleInfo (RoleInfo.java:updateAndGet(143)) - 6ef27e9c-8ddb-4fa1-8c14-ab102acfb1b8: start FollowerState
2019-10-20 18:18:41,180 [grpc-default-executor-10] INFO  impl.RaftServerImpl (RaftServerImpl.java:setRole(184)) - 3750b3a2-715b-46b3-9d0c-9e38136244b9@group-F11756C8BA4A: changes role from  FOLLOWER to FOLLOWER at term 105 for recognizeCandidate:b75f8b2e-6273-4c97-b7c5-042674931d23
2019-10-20 18:18:41,180 [grpc-default-executor-10] INFO  impl.RoleInfo (RoleInfo.java:shutdownFollowerState(121)) - 3750b3a2-715b-46b3-9d0c-9e38136244b9: shutdown FollowerState
2019-10-20 18:18:41,180 [Thread-1673] INFO  impl.FollowerState (FollowerState.java:run(117)) - 6ef27e9c-8ddb-4fa1-8c14-ab102acfb1b8@group-F11756C8BA4A-FollowerState was interrupted: java.lang.InterruptedException: sleep interrupted
2019-10-20 18:18:41,180 [Thread-1672] INFO  impl.FollowerState (FollowerState.java:run(117)) - 3750b3a2-715b-46b3-9d0c-9e38136244b9@group-F11756C8BA4A-FollowerState was interrupted: java.lang.InterruptedException: sleep interrupted
2019-10-20 18:18:41,180 [grpc-default-executor-10] INFO  impl.RoleInfo (RoleInfo.java:updateAndGet(143)) - 3750b3a2-715b-46b3-9d0c-9e38136244b9: start FollowerState
2019-10-20 18:18:41,204 [b75f8b2e-6273-4c97-b7c5-042674931d23@group-F11756C8BA4A-LeaderElection195] INFO  impl.LeaderElection (LeaderElection.java:logAndReturn(56)) - b75f8b2e-6273-4c97-b7c5-042674931d23@group-F11756C8BA4A-LeaderElection195: Election REJECTED; received 2 response(s) [b75f8b2e-6273-4c97-b7c5-042674931d23<-6ef27e9c-8ddb-4fa1-8c14-ab102acfb1b8#0:FAIL-t105, b75f8b2e-6273-4c97-b7c5-042674931d23<-3750b3a2-715b-46b3-9d0c-9e38136244b9#0:FAIL-t105] and 0 exception(s); b75f8b2e-6273-4c97-b7c5-042674931d23@group-F11756C8BA4A:t105, leader=null, voted=b75f8b2e-6273-4c97-b7c5-042674931d23, raftlog=b75f8b2e-6273-4c97-b7c5-042674931d23@group-F11756C8BA4A-SegmentedRaftLog:OPENED:c-1,f-1,i0, conf=-1: [6ef27e9c-8ddb-4fa1-8c14-ab102acfb1b8:192.168.164.241:38092, b75f8b2e-6273-4c97-b7c5-042674931d23:192.168.164.241:41857, 3750b3a2-715b-46b3-9d0c-9e38136244b9:192.168.164.241:46227], old=null
2019-10-20 18:18:41,204 [b75f8b2e-6273-4c97-b7c5-042674931d23@group-F11756C8BA4A-LeaderElection195] INFO  impl.RaftServerImpl (RaftServerImpl.java:setRole(184)) - b75f8b2e-6273-4c97-b7c5-042674931d23@group-F11756C8BA4A: changes role from CANDIDATE to FOLLOWER at term 105 for DISCOVERED_A_NEW_TERM
2019-10-20 18:18:41,204 [b75f8b2e-6273-4c97-b7c5-042674931d23@group-F11756C8BA4A-LeaderElection195] INFO  impl.RoleInfo (RoleInfo.java:shutdownLeaderElection(134)) - b75f8b2e-6273-4c97-b7c5-042674931d23: shutdown LeaderElection
2019-10-20 18:18:41,204 [b75f8b2e-6273-4c97-b7c5-042674931d23@group-F11756C8BA4A-LeaderElection195] INFO  impl.RoleInfo (RoleInfo.java:updateAndGet(143)) - b75f8b2e-6273-4c97-b7c5-042674931d23: start FollowerState
2019-10-20 18:18:41,245 [Thread-1683] INFO  impl.FollowerState (FollowerState.java:run(108)) - 399079f7-1eb1-4f37-b003-267572525934@group-D40A05E2FCF9-FollowerState: change to CANDIDATE, lastRpcTime:65ms, electionTimeout:65ms
2019-10-20 18:18:41,245 [Thread-1683] INFO  impl.RoleInfo (RoleInfo.java:shutdownFollowerState(121)) - 399079f7-1eb1-4f37-b003-267572525934: shutdown FollowerState
2019-10-20 18:18:41,245 [Thread-1683] INFO  impl.RaftServerImpl (RaftServerImpl.java:setRole(184)) - 399079f7-1eb1-4f37-b003-267572525934@group-D40A05E2FCF9: changes role from  FOLLOWER to CANDIDATE at term 103 for changeToCandidate
2019-10-20 18:18:41,245 [Thread-1683] INFO  impl.RoleInfo (RoleInfo.java:updateAndGet(143)) - 399079f7-1eb1-4f37-b003-267572525934: start LeaderElection
2019-10-20 18:18:41,271 [399079f7-1eb1-4f37-b003-267572525934@group-D40A05E2FCF9-LeaderElection196] INFO  impl.LeaderElection (LeaderElection.java:askForVotes(178)) - 399079f7-1eb1-4f37-b003-267572525934@group-D40A05E2FCF9-LeaderElection196: begin an election at term 104 for -1: [399079f7-1eb1-4f37-b003-267572525934:192.168.164.241:37762, 7a43c46a-fc88-4b2d-b2da-ae029cfa60ff:192.168.164.241:43684, 6c5c38af-62e6-4ea7-a24a-078dcb28fb39:192.168.164.241:45428], old=null
2019-10-20 18:18:41,273 [grpc-default-executor-1] INFO  impl.RaftServerImpl (RaftServerImpl.java:setRole(184)) - 7a43c46a-fc88-4b2d-b2da-ae029cfa60ff@group-D40A05E2FCF9: changes role from  FOLLOWER to FOLLOWER at term 104 for recognizeCandidate:399079f7-1eb1-4f37-b003-267572525934
2019-10-20 18:18:41,273 [grpc-default-executor-10] INFO  impl.RaftServerImpl (RaftServerImpl.java:setRole(184)) - 6c5c38af-62e6-4ea7-a24a-078dcb28fb39@group-D40A05E2FCF9: changes role from  FOLLOWER to FOLLOWER at term 104 for recognizeCandidate:399079f7-1eb1-4f37-b003-267572525934
2019-10-20 18:18:41,273 [grpc-default-executor-1] INFO  impl.RoleInfo (RoleInfo.java:shutdownFollowerState(121)) - 7a43c46a-fc88-4b2d-b2da-ae029cfa60ff: shutdown FollowerState
2019-10-20 18:18:41,273 [grpc-default-executor-10] INFO  impl.RoleInfo (RoleInfo.java:shutdownFollowerState(121)) - 6c5c38af-62e6-4ea7-a24a-078dcb28fb39: shutdown FollowerState
2019-10-20 18:18:41,273 [grpc-default-executor-1] INFO  impl.RoleInfo (RoleInfo.java:updateAndGet(143)) - 7a43c46a-fc88-4b2d-b2da-ae029cfa60ff: start FollowerState
2019-10-20 18:18:41,273 [Thread-1680] INFO  impl.FollowerState (FollowerState.java:run(117)) - 7a43c46a-fc88-4b2d-b2da-ae029cfa60ff@group-D40A05E2FCF9-FollowerState was interrupted: java.lang.InterruptedException: sleep interrupted
2019-10-20 18:18:41,274 [399079f7-1eb1-4f37-b003-267572525934@group-D40A05E2FCF9-LeaderElection196] INFO  impl.LeaderElection (LeaderElection.java:logAndReturn(56)) - 399079f7-1eb1-4f37-b003-267572525934@group-D40A05E2FCF9-LeaderElection196: Election TIMEOUT; received 0 response(s) [] and 0 exception(s); 399079f7-1eb1-4f37-b003-267572525934@group-D40A05E2FCF9:t104, leader=null, voted=399079f7-1eb1-4f37-b003-267572525934, raftlog=399079f7-1eb1-4f37-b003-267572525934@group-D40A05E2FCF9-SegmentedRaftLog:OPENED:c-1,f-1,i0, conf=-1: [399079f7-1eb1-4f37-b003-267572525934:192.168.164.241:37762, 7a43c46a-fc88-4b2d-b2da-ae029cfa60ff:192.168.164.241:43684, 6c5c38af-62e6-4ea7-a24a-078dcb28fb39:192.168.164.241:45428], old=null
2019-10-20 18:18:41,274 [Thread-1679] INFO  impl.FollowerState (FollowerState.java:run(117)) - 6c5c38af-62e6-4ea7-a24a-078dcb28fb39@group-D40A05E2FCF9-FollowerState was interrupted: java.lang.InterruptedException: sleep interrupted
2019-10-20 18:18:41,274 [grpc-default-executor-10] INFO  impl.RoleInfo (RoleInfo.java:updateAndGet(143)) - 6c5c38af-62e6-4ea7-a24a-078dcb28fb39: start FollowerState
2019-10-20 18:18:41,285 [Thread-1686] INFO  impl.FollowerState (FollowerState.java:run(108)) - b75f8b2e-6273-4c97-b7c5-042674931d23@group-F11756C8BA4A-FollowerState: change to CANDIDATE, lastRpcTime:80ms, electionTimeout:80ms
2019-10-20 18:18:41,285 [Thread-1686] INFO  impl.RoleInfo (RoleInfo.java:shutdownFollowerState(121)) - b75f8b2e-6273-4c97-b7c5-042674931d23: shutdown FollowerState
2019-10-20 18:18:41,285 [Thread-1686] INFO  impl.RaftServerImpl (RaftServerImpl.java:setRole(184)) - b75f8b2e-6273-4c97-b7c5-042674931d23@group-F11756C8BA4A: changes role from  FOLLOWER to CANDIDATE at term 105 for changeToCandidate
2019-10-20 18:18:41,285 [Thread-1686] INFO  impl.RoleInfo (RoleInfo.java:updateAndGet(143)) - b75f8b2e-6273-4c97-b7c5-042674931d23: start LeaderElection
2019-10-20 18:18:41,297 [399079f7-1eb1-4f37-b003-267572525934@group-D40A05E2FCF9-LeaderElection196] INFO  impl.LeaderElection (LeaderElection.java:askForVotes(178)) - 399079f7-1eb1-4f37-b003-267572525934@group-D40A05E2FCF9-LeaderElection196: begin an election at term 105 for -1: [399079f7-1eb1-4f37-b003-267572525934:192.168.164.241:37762, 7a43c46a-fc88-4b2d-b2da-ae029cfa60ff:192.168.164.241:43684, 6c5c38af-62e6-4ea7-a24a-078dcb28fb39:192.168.164.241:45428], old=null
2019-10-20 18:18:41,298 [grpc-default-executor-1] INFO  impl.RaftServerImpl (RaftServerImpl.java:setRole(184)) - 7a43c46a-fc88-4b2d-b2da-ae029cfa60ff@group-D40A05E2FCF9: changes role from  FOLLOWER to FOLLOWER at term 105 for recognizeCandidate:399079f7-1eb1-4f37-b003-267572525934
2019-10-20 18:18:41,298 [grpc-default-executor-1] INFO  impl.RoleInfo (RoleInfo.java:shutdownFollowerState(121)) - 7a43c46a-fc88-4b2d-b2da-ae029cfa60ff: shutdown FollowerState
2019-10-20 18:18:41,298 [grpc-default-executor-10] INFO  impl.RaftServerImpl (RaftServerImpl.java:setRole(184)) - 6c5c38af-62e6-4ea7-a24a-078dcb28fb39@group-D40A05E2FCF9: changes role from  FOLLOWER to FOLLOWER at term 105 for recognizeCandidate:399079f7-1eb1-4f37-b003-267572525934
2019-10-20 18:18:41,299 [Thread-1690] INFO  impl.FollowerState (FollowerState.java:run(117)) - 7a43c46a-fc88-4b2d-b2da-ae029cfa60ff@group-D40A05E2FCF9-FollowerState was interrupted: java.lang.InterruptedException: sleep interrupted
2019-10-20 18:18:41,299 [grpc-default-executor-1] INFO  impl.RoleInfo (RoleInfo.java:updateAndGet(143)) - 7a43c46a-fc88-4b2d-b2da-ae029cfa60ff: start FollowerState
2019-10-20 18:18:41,299 [grpc-default-executor-10] INFO  impl.RoleInfo (RoleInfo.java:shutdownFollowerState(121)) - 6c5c38af-62e6-4ea7-a24a-078dcb28fb39: shutdown FollowerState
2019-10-20 18:18:41,299 [grpc-default-executor-10] INFO  impl.RoleInfo (RoleInfo.java:updateAndGet(143)) - 6c5c38af-62e6-4ea7-a24a-078dcb28fb39: start FollowerState
2019-10-20 18:18:41,299 [Thread-1691] INFO  impl.FollowerState (FollowerState.java:run(117)) - 6c5c38af-62e6-4ea7-a24a-078dcb28fb39@group-D40A05E2FCF9-FollowerState was interrupted: java.lang.InterruptedException: sleep interrupted
2019-10-20 18:18:41,322 [b75f8b2e-6273-4c97-b7c5-042674931d23@group-F11756C8BA4A-LeaderElection197] INFO  impl.LeaderElection (LeaderElection.java:askForVotes(178)) - b75f8b2e-6273-4c97-b7c5-042674931d23@group-F11756C8BA4A-LeaderElection197: begin an election at term 106 for -1: [6ef27e9c-8ddb-4fa1-8c14-ab102acfb1b8:192.168.164.241:38092, b75f8b2e-6273-4c97-b7c5-042674931d23:192.168.164.241:41857, 3750b3a2-715b-46b3-9d0c-9e38136244b9:192.168.164.241:46227], old=null
2019-10-20 18:18:41,323 [399079f7-1eb1-4f37-b003-267572525934@group-D40A05E2FCF9-LeaderElection196] INFO  impl.LeaderElection (LeaderElection.java:logAndReturn(56)) - 399079f7-1eb1-4f37-b003-267572525934@group-D40A05E2FCF9-LeaderElection196: Election REJECTED; received 2 response(s) [399079f7-1eb1-4f37-b003-267572525934<-7a43c46a-fc88-4b2d-b2da-ae029cfa60ff#0:FAIL-t105, 399079f7-1eb1-4f37-b003-267572525934<-6c5c38af-62e6-4ea7-a24a-078dcb28fb39#0:FAIL-t105] and 0 exception(s); 399079f7-1eb1-4f37-b003-267572525934@group-D40A05E2FCF9:t105, leader=null, voted=399079f7-1eb1-4f37-b003-267572525934, raftlog=399079f7-1eb1-4f37-b003-267572525934@group-D40A05E2FCF9-SegmentedRaftLog:OPENED:c-1,f-1,i0, conf=-1: [399079f7-1eb1-4f37-b003-267572525934:192.168.164.241:37762, 7a43c46a-fc88-4b2d-b2da-ae029cfa60ff:192.168.164.241:43684, 6c5c38af-62e6-4ea7-a24a-078dcb28fb39:192.168.164.241:45428], old=null
2019-10-20 18:18:41,323 [399079f7-1eb1-4f37-b003-267572525934@group-D40A05E2FCF9-LeaderElection196] INFO  impl.RaftServerImpl (RaftServerImpl.java:setRole(184)) - 399079f7-1eb1-4f37-b003-267572525934@group-D40A05E2FCF9: changes role from CANDIDATE to FOLLOWER at term 105 for DISCOVERED_A_NEW_TERM
2019-10-20 18:18:41,323 [399079f7-1eb1-4f37-b003-267572525934@group-D40A05E2FCF9-LeaderElection196] INFO  impl.RoleInfo (RoleInfo.java:shutdownLeaderElection(134)) - 399079f7-1eb1-4f37-b003-267572525934: shutdown LeaderElection
2019-10-20 18:18:41,323 [399079f7-1eb1-4f37-b003-267572525934@group-D40A05E2FCF9-LeaderElection196] INFO  impl.RoleInfo (RoleInfo.java:updateAndGet(143)) - 399079f7-1eb1-4f37-b003-267572525934: start FollowerState
2019-10-20 18:18:41,324 [grpc-default-executor-1] INFO  impl.RaftServerImpl (RaftServerImpl.java:setRole(184)) - 6ef27e9c-8ddb-4fa1-8c14-ab102acfb1b8@group-F11756C8BA4A: changes role from  FOLLOWER to FOLLOWER at term 106 for recognizeCandidate:b75f8b2e-6273-4c97-b7c5-042674931d23
2019-10-20 18:18:41,324 [grpc-default-executor-1] INFO  impl.RoleInfo (RoleInfo.java:shutdownFollowerState(121)) - 6ef27e9c-8ddb-4fa1-8c14-ab102acfb1b8: shutdown FollowerState
2019-10-20 18:18:41,324 [grpc-default-executor-1] INFO  impl.RoleInfo (RoleInfo.java:updateAndGet(143)) - 6ef27e9c-8ddb-4fa1-8c14-ab102acfb1b8: start FollowerState
2019-10-20 18:18:41,325 [grpc-default-executor-10] INFO  impl.RaftServerImpl (RaftServerImpl.java:setRole(184)) - 3750b3a2-715b-46b3-9d0c-9e38136244b9@group-F11756C8BA4A: changes role from  FOLLOWER to FOLLOWER at term 106 for recognizeCandidate:b75f8b2e-6273-4c97-b7c5-042674931d23
2019-10-20 18:18:41,324 [Thread-1684] INFO  impl.FollowerState (FollowerState.java:run(117)) - 6ef27e9c-8ddb-4fa1-8c14-ab102acfb1b8@group-F11756C8BA4A-FollowerState was interrupted: java.lang.InterruptedException: sleep interrupted
2019-10-20 18:18:41,325 [grpc-default-executor-10] INFO  impl.RoleInfo (RoleInfo.java:shutdownFollowerState(121)) - 3750b3a2-715b-46b3-9d0c-9e38136244b9: shutdown FollowerState
2019-10-20 18:18:41,325 [grpc-default-executor-10] INFO  impl.RoleInfo (RoleInfo.java:updateAndGet(143)) - 3750b3a2-715b-46b3-9d0c-9e38136244b9: start FollowerState
2019-10-20 18:18:41,325 [Thread-1685] INFO  impl.FollowerState (FollowerState.java:run(117)) - 3750b3a2-715b-46b3-9d0c-9e38136244b9@group-F11756C8BA4A-FollowerState was interrupted: java.lang.InterruptedException: sleep interrupted
2019-10-20 18:18:41,334 [b75f8b2e-6273-4c97-b7c5-042674931d23@group-F11756C8BA4A-LeaderElection197] INFO  impl.LeaderElection (LeaderElection.java:logAndReturn(56)) - b75f8b2e-6273-4c97-b7c5-042674931d23@group-F11756C8BA4A-LeaderElection197: Election TIMEOUT; received 0 response(s) [] and 0 exception(s); b75f8b2e-6273-4c97-b7c5-042674931d23@group-F11756C8BA4A:t106, leader=null, voted=b75f8b2e-6273-4c97-b7c5-042674931d23, raftlog=b75f8b2e-6273-4c97-b7c5-042674931d23@group-F11756C8BA4A-SegmentedRaftLog:OPENED:c-1,f-1,i0, conf=-1: [6ef27e9c-8ddb-4fa1-8c14-ab102acfb1b8:192.168.164.241:38092, b75f8b2e-6273-4c97-b7c5-042674931d23:192.168.164.241:41857, 3750b3a2-715b-46b3-9d0c-9e38136244b9:192.168.164.241:46227], old=null
2019-10-20 18:18:41,348 [b75f8b2e-6273-4c97-b7c5-042674931d23@group-F11756C8BA4A-LeaderElection197] INFO  impl.LeaderElection (LeaderElection.java:askForVotes(178)) - b75f8b2e-6273-4c97-b7c5-042674931d23@group-F11756C8BA4A-LeaderElection197: begin an election at term 107 for -1: [6ef27e9c-8ddb-4fa1-8c14-ab102acfb1b8:192.168.164.241:38092, b75f8b2e-6273-4c97-b7c5-042674931d23:192.168.164.241:41857, 3750b3a2-715b-46b3-9d0c-9e38136244b9:192.168.164.241:46227], old=null
2019-10-20 18:18:41,349 [grpc-default-executor-1] INFO  impl.RaftServerImpl (RaftServerImpl.java:setRole(184)) - 6ef27e9c-8ddb-4fa1-8c14-ab102acfb1b8@group-F11756C8BA4A: changes role from  FOLLOWER to FOLLOWER at term 107 for recognizeCandidate:b75f8b2e-6273-4c97-b7c5-042674931d23
2019-10-20 18:18:41,350 [grpc-default-executor-1] INFO  impl.RoleInfo (RoleInfo.java:shutdownFollowerState(121)) - 6ef27e9c-8ddb-4fa1-8c14-ab102acfb1b8: shutdown FollowerState
2019-10-20 18:18:41,350 [grpc-default-executor-10] INFO  impl.RaftServerImpl (RaftServerImpl.java:setRole(184)) - 3750b3a2-715b-46b3-9d0c-9e38136244b9@group-F11756C8BA4A: changes role from  FOLLOWER to FOLLOWER at term 107 for recognizeCandidate:b75f8b2e-6273-4c97-b7c5-042674931d23
2019-10-20 18:18:41,350 [grpc-default-executor-10] INFO  impl.RoleInfo (RoleInfo.java:shutdownFollowerState(121)) - 3750b3a2-715b-46b3-9d0c-9e38136244b9: shutdown FollowerState
2019-10-20 18:18:41,350 [Thread-1700] INFO  impl.FollowerState (FollowerState.java:run(117)) - 6ef27e9c-8ddb-4fa1-8c14-ab102acfb1b8@group-F11756C8BA4A-FollowerState was interrupted: java.lang.InterruptedException: sleep interrupted
2019-10-20 18:18:41,350 [grpc-default-executor-1] INFO  impl.RoleInfo (RoleInfo.java:updateAndGet(143)) - 6ef27e9c-8ddb-4fa1-8c14-ab102acfb1b8: start FollowerState
2019-10-20 18:18:41,350 [Thread-1701] INFO  impl.FollowerState (FollowerState.java:run(117)) - 3750b3a2-715b-46b3-9d0c-9e38136244b9@group-F11756C8BA4A-FollowerState was interrupted: java.lang.InterruptedException: sleep interrupted
2019-10-20 18:18:41,350 [grpc-default-executor-10] INFO  impl.RoleInfo (RoleInfo.java:updateAndGet(143)) - 3750b3a2-715b-46b3-9d0c-9e38136244b9: start FollowerState
2019-10-20 18:18:41,375 [b75f8b2e-6273-4c97-b7c5-042674931d23@group-F11756C8BA4A-LeaderElection197] INFO  impl.LeaderElection (LeaderElection.java:logAndReturn(56)) - b75f8b2e-6273-4c97-b7c5-042674931d23@group-F11756C8BA4A-LeaderElection197: Election REJECTED; received 2 response(s) [b75f8b2e-6273-4c97-b7c5-042674931d23<-6ef27e9c-8ddb-4fa1-8c14-ab102acfb1b8#0:FAIL-t107, b75f8b2e-6273-4c97-b7c5-042674931d23<-3750b3a2-715b-46b3-9d0c-9e38136244b9#0:FAIL-t107] and 0 exception(s); b75f8b2e-6273-4c97-b7c5-042674931d23@group-F11756C8BA4A:t107, leader=null, voted=b75f8b2e-6273-4c97-b7c5-042674931d23, raftlog=b75f8b2e-6273-4c97-b7c5-042674931d23@group-F11756C8BA4A-SegmentedRaftLog:OPENED:c-1,f-1,i0, conf=-1: [6ef27e9c-8ddb-4fa1-8c14-ab102acfb1b8:192.168.164.241:38092, b75f8b2e-6273-4c97-b7c5-042674931d23:192.168.164.241:41857, 3750b3a2-715b-46b3-9d0c-9e38136244b9:192.168.164.241:46227], old=null
2019-10-20 18:18:41,375 [b75f8b2e-6273-4c97-b7c5-042674931d23@group-F11756C8BA4A-LeaderElection197] INFO  impl.RaftServerImpl (RaftServerImpl.java:setRole(184)) - b75f8b2e-6273-4c97-b7c5-042674931d23@group-F11756C8BA4A: changes role from CANDIDATE to FOLLOWER at term 107 for DISCOVERED_A_NEW_TERM
2019-10-20 18:18:41,376 [b75f8b2e-6273-4c97-b7c5-042674931d23@group-F11756C8BA4A-LeaderElection197] INFO  impl.RoleInfo (RoleInfo.java:shutdownLeaderElection(134)) - b75f8b2e-6273-4c97-b7c5-042674931d23: shutdown LeaderElection
2019-10-20 18:18:41,376 [b75f8b2e-6273-4c97-b7c5-042674931d23@group-F11756C8BA4A-LeaderElection197] INFO  impl.RoleInfo (RoleInfo.java:updateAndGet(143)) - b75f8b2e-6273-4c97-b7c5-042674931d23: start FollowerState
2019-10-20 18:18:41,386 [Thread-1706] INFO  impl.FollowerState (FollowerState.java:run(108)) - b75f8b2e-6273-4c97-b7c5-042674931d23@group-F11756C8BA4A-FollowerState: change to CANDIDATE, lastRpcTime:10ms, electionTimeout:10ms
2019-10-20 18:18:41,386 [Thread-1706] INFO  impl.RoleInfo (RoleInfo.java:shutdownFollowerState(121)) - b75f8b2e-6273-4c97-b7c5-042674931d23: shutdown FollowerState
2019-10-20 18:18:41,386 [Thread-1706] INFO  impl.RaftServerImpl (RaftServerImpl.java:setRole(184)) - b75f8b2e-6273-4c97-b7c5-042674931d23@group-F11756C8BA4A: changes role from  FOLLOWER to CANDIDATE at term 107 for changeToCandidate
2019-10-20 18:18:41,386 [Thread-1706] INFO  impl.RoleInfo (RoleInfo.java:updateAndGet(143)) - b75f8b2e-6273-4c97-b7c5-042674931d23: start LeaderElection
2019-10-20 18:18:41,408 [b75f8b2e-6273-4c97-b7c5-042674931d23@group-F11756C8BA4A-LeaderElection198] INFO  impl.LeaderElection (LeaderElection.java:askForVotes(178)) - b75f8b2e-6273-4c97-b7c5-042674931d23@group-F11756C8BA4A-LeaderElection198: begin an election at term 108 for -1: [6ef27e9c-8ddb-4fa1-8c14-ab102acfb1b8:192.168.164.241:38092, b75f8b2e-6273-4c97-b7c5-042674931d23:192.168.164.241:41857, 3750b3a2-715b-46b3-9d0c-9e38136244b9:192.168.164.241:46227], old=null
2019-10-20 18:18:41,410 [grpc-default-executor-10] INFO  impl.RaftServerImpl (RaftServerImpl.java:setRole(184)) - 6ef27e9c-8ddb-4fa1-8c14-ab102acfb1b8@group-F11756C8BA4A: changes role from  FOLLOWER to FOLLOWER at term 108 for recognizeCandidate:b75f8b2e-6273-4c97-b7c5-042674931d23
2019-10-20 18:18:41,410 [grpc-default-executor-10] INFO  impl.RoleInfo (RoleInfo.java:shutdownFollowerState(121)) - 6ef27e9c-8ddb-4fa1-8c14-ab102acfb1b8: shutdown FollowerState
2019-10-20 18:18:41,411 [grpc-default-executor-10] INFO  impl.RoleInfo (RoleInfo.java:updateAndGet(143)) - 6ef27e9c-8ddb-4fa1-8c14-ab102acfb1b8: start FollowerState
2019-10-20 18:18:41,411 [Thread-1704] INFO  impl.FollowerState (FollowerState.java:run(117)) - 6ef27e9c-8ddb-4fa1-8c14-ab102acfb1b8@group-F11756C8BA4A-FollowerState was interrupted: java.lang.InterruptedException: sleep interrupted
2019-10-20 18:18:41,411 [grpc-default-executor-1] INFO  impl.RaftServerImpl (RaftServerImpl.java:setRole(184)) - 3750b3a2-715b-46b3-9d0c-9e38136244b9@group-F11756C8BA4A: changes role from  FOLLOWER to FOLLOWER at term 108 for recognizeCandidate:b75f8b2e-6273-4c97-b7c5-042674931d23
2019-10-20 18:18:41,411 [grpc-default-executor-1] INFO  impl.RoleInfo (RoleInfo.java:shutdownFollowerState(121)) - 3750b3a2-715b-46b3-9d0c-9e38136244b9: shutdown FollowerState
2019-10-20 18:18:41,411 [grpc-default-executor-1] INFO  impl.RoleInfo (RoleInfo.java:updateAndGet(143)) - 3750b3a2-715b-46b3-9d0c-9e38136244b9: start FollowerState
2019-10-20 18:18:41,411 [Thread-1705] INFO  impl.FollowerState (FollowerState.java:run(117)) - 3750b3a2-715b-46b3-9d0c-9e38136244b9@group-F11756C8BA4A-FollowerState was interrupted: java.lang.InterruptedException: sleep interrupted
2019-10-20 18:18:41,435 [b75f8b2e-6273-4c97-b7c5-042674931d23@group-F11756C8BA4A-LeaderElection198] INFO  impl.LeaderElection (LeaderElection.java:logAndReturn(56)) - b75f8b2e-6273-4c97-b7c5-042674931d23@group-F11756C8BA4A-LeaderElection198: Election REJECTED; received 2 response(s) [b75f8b2e-6273-4c97-b7c5-042674931d23<-6ef27e9c-8ddb-4fa1-8c14-ab102acfb1b8#0:FAIL-t108, b75f8b2e-6273-4c97-b7c5-042674931d23<-3750b3a2-715b-46b3-9d0c-9e38136244b9#0:FAIL-t108] and 0 exception(s); b75f8b2e-6273-4c97-b7c5-042674931d23@group-F11756C8BA4A:t108, leader=null, voted=b75f8b2e-6273-4c97-b7c5-042674931d23, raftlog=b75f8b2e-6273-4c97-b7c5-042674931d23@group-F11756C8BA4A-SegmentedRaftLog:OPENED:c-1,f-1,i0, conf=-1: [6ef27e9c-8ddb-4fa1-8c14-ab102acfb1b8:192.168.164.241:38092, b75f8b2e-6273-4c97-b7c5-042674931d23:192.168.164.241:41857, 3750b3a2-715b-46b3-9d0c-9e38136244b9:192.168.164.241:46227], old=null
2019-10-20 18:18:41,435 [b75f8b2e-6273-4c97-b7c5-042674931d23@group-F11756C8BA4A-LeaderElection198] INFO  impl.RaftServerImpl (RaftServerImpl.java:setRole(184)) - b75f8b2e-6273-4c97-b7c5-042674931d23@group-F11756C8BA4A: changes role from CANDIDATE to FOLLOWER at term 108 for DISCOVERED_A_NEW_TERM
2019-10-20 18:18:41,435 [b75f8b2e-6273-4c97-b7c5-042674931d23@group-F11756C8BA4A-LeaderElection198] INFO  impl.RoleInfo (RoleInfo.java:shutdownLeaderElection(134)) - b75f8b2e-6273-4c97-b7c5-042674931d23: shutdown LeaderElection
2019-10-20 18:18:41,435 [b75f8b2e-6273-4c97-b7c5-042674931d23@group-F11756C8BA4A-LeaderElection198] INFO  impl.RoleInfo (RoleInfo.java:updateAndGet(143)) - b75f8b2e-6273-4c97-b7c5-042674931d23: start FollowerState
2019-10-20 18:18:41,440 [Thread-1699] INFO  impl.FollowerState (FollowerState.java:run(108)) - 399079f7-1eb1-4f37-b003-267572525934@group-D40A05E2FCF9-FollowerState: change to CANDIDATE, lastRpcTime:116ms, electionTimeout:116ms
2019-10-20 18:18:41,440 [Thread-1699] INFO  impl.RoleInfo (RoleInfo.java:shutdownFollowerState(121)) - 399079f7-1eb1-4f37-b003-267572525934: shutdown FollowerState
2019-10-20 18:18:41,440 [Thread-1699] INFO  impl.RaftServerImpl (RaftServerImpl.java:setRole(184)) - 399079f7-1eb1-4f37-b003-267572525934@group-D40A05E2FCF9: changes role from  FOLLOWER to CANDIDATE at term 105 for changeToCandidate
2019-10-20 18:18:41,440 [Thread-1699] INFO  impl.RoleInfo (RoleInfo.java:updateAndGet(143)) - 399079f7-1eb1-4f37-b003-267572525934: start LeaderElection
2019-10-20 18:18:41,468 [399079f7-1eb1-4f37-b003-267572525934@group-D40A05E2FCF9-LeaderElection199] INFO  impl.LeaderElection (LeaderElection.java:askForVotes(178)) - 399079f7-1eb1-4f37-b003-267572525934@group-D40A05E2FCF9-LeaderElection199: begin an election at term 106 for -1: [399079f7-1eb1-4f37-b003-267572525934:192.168.164.241:37762, 7a43c46a-fc88-4b2d-b2da-ae029cfa60ff:192.168.164.241:43684, 6c5c38af-62e6-4ea7-a24a-078dcb28fb39:192.168.164.241:45428], old=null
2019-10-20 18:18:41,470 [grpc-default-executor-1] INFO  impl.RaftServerImpl (RaftServerImpl.java:setRole(184)) - 7a43c46a-fc88-4b2d-b2da-ae029cfa60ff@group-D40A05E2FCF9: changes role from  FOLLOWER to FOLLOWER at term 106 for recognizeCandidate:399079f7-1eb1-4f37-b003-267572525934
2019-10-20 18:18:41,470 [grpc-default-executor-1] INFO  impl.RoleInfo (RoleInfo.java:shutdownFollowerState(121)) - 7a43c46a-fc88-4b2d-b2da-ae029cfa60ff: shutdown FollowerState
2019-10-20 18:18:41,470 [grpc-default-executor-1] INFO  impl.RoleInfo (RoleInfo.java:updateAndGet(143)) - 7a43c46a-fc88-4b2d-b2da-ae029cfa60ff: start FollowerState
2019-10-20 18:18:41,470 [grpc-default-executor-10] INFO  impl.RaftServerImpl (RaftServerImpl.java:setRole(184)) - 6c5c38af-62e6-4ea7-a24a-078dcb28fb39@group-D40A05E2FCF9: changes role from  FOLLOWER to FOLLOWER at term 106 for recognizeCandidate:399079f7-1eb1-4f37-b003-267572525934
2019-10-20 18:18:41,471 [grpc-default-executor-10] INFO  impl.RoleInfo (RoleInfo.java:shutdownFollowerState(121)) - 6c5c38af-62e6-4ea7-a24a-078dcb28fb39: shutdown FollowerState
2019-10-20 18:18:41,470 [Thread-1695] INFO  impl.FollowerState (FollowerState.java:run(117)) - 7a43c46a-fc88-4b2d-b2da-ae029cfa60ff@group-D40A05E2FCF9-FollowerState was interrupted: java.lang.InterruptedException: sleep interrupted
2019-10-20 18:18:41,471 [Thread-1696] INFO  impl.FollowerState (FollowerState.java:run(117)) - 6c5c38af-62e6-4ea7-a24a-078dcb28fb39@group-D40A05E2FCF9-FollowerState was interrupted: java.lang.InterruptedException: sleep interrupted
2019-10-20 18:18:41,471 [grpc-default-executor-10] INFO  impl.RoleInfo (RoleInfo.java:updateAndGet(143)) - 6c5c38af-62e6-4ea7-a24a-078dcb28fb39: start FollowerState
2019-10-20 18:18:41,484 [Thread-1714] INFO  impl.FollowerState (FollowerState.java:run(108)) - b75f8b2e-6273-4c97-b7c5-042674931d23@group-F11756C8BA4A-FollowerState: change to CANDIDATE, lastRpcTime:48ms, electionTimeout:48ms
2019-10-20 18:18:41,484 [Thread-1714] INFO  impl.RoleInfo (RoleInfo.java:shutdownFollowerState(121)) - b75f8b2e-6273-4c97-b7c5-042674931d23: shutdown FollowerState
2019-10-20 18:18:41,484 [Thread-1714] INFO  impl.RaftServerImpl (RaftServerImpl.java:setRole(184)) - b75f8b2e-6273-4c97-b7c5-042674931d23@group-F11756C8BA4A: changes role from  FOLLOWER to CANDIDATE at term 108 for changeToCandidate
2019-10-20 18:18:41,484 [Thread-1714] INFO  impl.RoleInfo (RoleInfo.java:updateAndGet(143)) - b75f8b2e-6273-4c97-b7c5-042674931d23: start LeaderElection
2019-10-20 18:18:41,494 [399079f7-1eb1-4f37-b003-267572525934@group-D40A05E2FCF9-LeaderElection199] INFO  impl.LeaderElection (LeaderElection.java:logAndReturn(56)) - 399079f7-1eb1-4f37-b003-267572525934@group-D40A05E2FCF9-LeaderElection199: Election REJECTED; received 2 response(s) [399079f7-1eb1-4f37-b003-267572525934<-7a43c46a-fc88-4b2d-b2da-ae029cfa60ff#0:FAIL-t106, 399079f7-1eb1-4f37-b003-267572525934<-6c5c38af-62e6-4ea7-a24a-078dcb28fb39#0:FAIL-t106] and 0 exception(s); 399079f7-1eb1-4f37-b003-267572525934@group-D40A05E2FCF9:t106, leader=null, voted=399079f7-1eb1-4f37-b003-267572525934, raftlog=399079f7-1eb1-4f37-b003-267572525934@group-D40A05E2FCF9-SegmentedRaftLog:OPENED:c-1,f-1,i0, conf=-1: [399079f7-1eb1-4f37-b003-267572525934:192.168.164.241:37762, 7a43c46a-fc88-4b2d-b2da-ae029cfa60ff:192.168.164.241:43684, 6c5c38af-62e6-4ea7-a24a-078dcb28fb39:192.168.164.241:45428], old=null
2019-10-20 18:18:41,494 [399079f7-1eb1-4f37-b003-267572525934@group-D40A05E2FCF9-LeaderElection199] INFO  impl.RaftServerImpl (RaftServerImpl.java:setRole(184)) - 399079f7-1eb1-4f37-b003-267572525934@group-D40A05E2FCF9: changes role from CANDIDATE to FOLLOWER at term 106 for DISCOVERED_A_NEW_TERM
2019-10-20 18:18:41,494 [399079f7-1eb1-4f37-b003-267572525934@group-D40A05E2FCF9-LeaderElection199] INFO  impl.RoleInfo (RoleInfo.java:shutdownLeaderElection(134)) - 399079f7-1eb1-4f37-b003-267572525934: shutdown LeaderElection
2019-10-20 18:18:41,495 [399079f7-1eb1-4f37-b003-267572525934@group-D40A05E2FCF9-LeaderElection199] INFO  impl.RoleInfo (RoleInfo.java:updateAndGet(143)) - 399079f7-1eb1-4f37-b003-267572525934: start FollowerState
2019-10-20 18:18:41,510 [b75f8b2e-6273-4c97-b7c5-042674931d23@group-F11756C8BA4A-LeaderElection200] INFO  impl.LeaderElection (LeaderElection.java:askForVotes(178)) - b75f8b2e-6273-4c97-b7c5-042674931d23@group-F11756C8BA4A-LeaderElection200: begin an election at term 109 for -1: [6ef27e9c-8ddb-4fa1-8c14-ab102acfb1b8:192.168.164.241:38092, b75f8b2e-6273-4c97-b7c5-042674931d23:192.168.164.241:41857, 3750b3a2-715b-46b3-9d0c-9e38136244b9:192.168.164.241:46227], old=null
2019-10-20 18:18:41,512 [grpc-default-executor-10] INFO  impl.RaftServerImpl (RaftServerImpl.java:setRole(184)) - 6ef27e9c-8ddb-4fa1-8c14-ab102acfb1b8@group-F11756C8BA4A: changes role from  FOLLOWER to FOLLOWER at term 109 for recognizeCandidate:b75f8b2e-6273-4c97-b7c5-042674931d23
2019-10-20 18:18:41,512 [grpc-default-executor-1] INFO  impl.RaftServerImpl (RaftServerImpl.java:setRole(184)) - 3750b3a2-715b-46b3-9d0c-9e38136244b9@group-F11756C8BA4A: changes role from  FOLLOWER to FOLLOWER at term 109 for recognizeCandidate:b75f8b2e-6273-4c97-b7c5-042674931d23
2019-10-20 18:18:41,513 [grpc-default-executor-10] INFO  impl.RoleInfo (RoleInfo.java:shutdownFollowerState(121)) - 6ef27e9c-8ddb-4fa1-8c14-ab102acfb1b8: shutdown FollowerState
2019-10-20 18:18:41,513 [grpc-default-executor-1] INFO  impl.RoleInfo (RoleInfo.java:shutdownFollowerState(121)) - 3750b3a2-715b-46b3-9d0c-9e38136244b9: shutdown FollowerState
2019-10-20 18:18:41,513 [Thread-1712] INFO  impl.FollowerState (FollowerState.java:run(117)) - 6ef27e9c-8ddb-4fa1-8c14-ab102acfb1b8@group-F11756C8BA4A-FollowerState was interrupted: java.lang.InterruptedException: sleep interrupted
2019-10-20 18:18:41,513 [Thread-1713] INFO  impl.FollowerState (FollowerState.java:run(117)) - 3750b3a2-715b-46b3-9d0c-9e38136244b9@group-F11756C8BA4A-FollowerState was interrupted: java.lang.InterruptedException: sleep interrupted
2019-10-20 18:18:41,513 [grpc-default-executor-10] INFO  impl.RoleInfo (RoleInfo.java:updateAndGet(143)) - 6ef27e9c-8ddb-4fa1-8c14-ab102acfb1b8: start FollowerState
2019-10-20 18:18:41,513 [grpc-default-executor-1] INFO  impl.RoleInfo (RoleInfo.java:updateAndGet(143)) - 3750b3a2-715b-46b3-9d0c-9e38136244b9: start FollowerState
2019-10-20 18:18:41,540 [b75f8b2e-6273-4c97-b7c5-042674931d23@group-F11756C8BA4A-LeaderElection200] INFO  impl.LeaderElection (LeaderElection.java:logAndReturn(56)) - b75f8b2e-6273-4c97-b7c5-042674931d23@group-F11756C8BA4A-LeaderElection200: Election REJECTED; received 2 response(s) [b75f8b2e-6273-4c97-b7c5-042674931d23<-6ef27e9c-8ddb-4fa1-8c14-ab102acfb1b8#0:FAIL-t109, b75f8b2e-6273-4c97-b7c5-042674931d23<-3750b3a2-715b-46b3-9d0c-9e38136244b9#0:FAIL-t109] and 0 exception(s); b75f8b2e-6273-4c97-b7c5-042674931d23@group-F11756C8BA4A:t109, leader=null, voted=b75f8b2e-6273-4c97-b7c5-042674931d23, raftlog=b75f8b2e-6273-4c97-b7c5-042674931d23@group-F11756C8BA4A-SegmentedRaftLog:OPENED:c-1,f-1,i0, conf=-1: [6ef27e9c-8ddb-4fa1-8c14-ab102acfb1b8:192.168.164.241:38092, b75f8b2e-6273-4c97-b7c5-042674931d23:192.168.164.241:41857, 3750b3a2-715b-46b3-9d0c-9e38136244b9:192.168.164.241:46227], old=null
2019-10-20 18:18:41,540 [b75f8b2e-6273-4c97-b7c5-042674931d23@group-F11756C8BA4A-LeaderElection200] INFO  impl.RaftServerImpl (RaftServerImpl.java:setRole(184)) - b75f8b2e-6273-4c97-b7c5-042674931d23@group-F11756C8BA4A: changes role from CANDIDATE to FOLLOWER at term 109 for DISCOVERED_A_NEW_TERM
2019-10-20 18:18:41,541 [b75f8b2e-6273-4c97-b7c5-042674931d23@group-F11756C8BA4A-LeaderElection200] INFO  impl.RoleInfo (RoleInfo.java:shutdownLeaderElection(134)) - b75f8b2e-6273-4c97-b7c5-042674931d23: shutdown LeaderElection
2019-10-20 18:18:41,543 [b75f8b2e-6273-4c97-b7c5-042674931d23@group-F11756C8BA4A-LeaderElection200] INFO  impl.RoleInfo (RoleInfo.java:updateAndGet(143)) - b75f8b2e-6273-4c97-b7c5-042674931d23: start FollowerState
2019-10-20 18:18:41,615 [Thread-1721] INFO  impl.FollowerState (FollowerState.java:run(108)) - 399079f7-1eb1-4f37-b003-267572525934@group-D40A05E2FCF9-FollowerState: change to CANDIDATE, lastRpcTime:120ms, electionTimeout:120ms
2019-10-20 18:18:41,615 [Thread-1721] INFO  impl.RoleInfo (RoleInfo.java:shutdownFollowerState(121)) - 399079f7-1eb1-4f37-b003-267572525934: shutdown FollowerState
2019-10-20 18:18:41,615 [Thread-1721] INFO  impl.RaftServerImpl (RaftServerImpl.java:setRole(184)) - 399079f7-1eb1-4f37-b003-267572525934@group-D40A05E2FCF9: changes role from  FOLLOWER to CANDIDATE at term 106 for changeToCandidate
2019-10-20 18:18:41,615 [Thread-1721] INFO  impl.RoleInfo (RoleInfo.java:updateAndGet(143)) - 399079f7-1eb1-4f37-b003-267572525934: start LeaderElection
2019-10-20 18:18:41,629 [399079f7-1eb1-4f37-b003-267572525934@group-D40A05E2FCF9-LeaderElection201] INFO  impl.LeaderElection (LeaderElection.java:askForVotes(178)) - 399079f7-1eb1-4f37-b003-267572525934@group-D40A05E2FCF9-LeaderElection201: begin an election at term 107 for -1: [399079f7-1eb1-4f37-b003-267572525934:192.168.164.241:37762, 7a43c46a-fc88-4b2d-b2da-ae029cfa60ff:192.168.164.241:43684, 6c5c38af-62e6-4ea7-a24a-078dcb28fb39:192.168.164.241:45428], old=null
2019-10-20 18:18:41,631 [grpc-default-executor-1] INFO  impl.RaftServerImpl (RaftServerImpl.java:setRole(184)) - 7a43c46a-fc88-4b2d-b2da-ae029cfa60ff@group-D40A05E2FCF9: changes role from  FOLLOWER to FOLLOWER at term 107 for recognizeCandidate:399079f7-1eb1-4f37-b003-267572525934
2019-10-20 18:18:41,631 [grpc-default-executor-10] INFO  impl.RaftServerImpl (RaftServerImpl.java:setRole(184)) - 6c5c38af-62e6-4ea7-a24a-078dcb28fb39@group-D40A05E2FCF9: changes role from  FOLLOWER to FOLLOWER at term 107 for recognizeCandidate:399079f7-1eb1-4f37-b003-267572525934
2019-10-20 18:18:41,632 [grpc-default-executor-10] INFO  impl.RoleInfo (RoleInfo.java:shutdownFollowerState(121)) - 6c5c38af-62e6-4ea7-a24a-078dcb28fb39: shutdown FollowerState
2019-10-20 18:18:41,631 [grpc-default-executor-1] INFO  impl.RoleInfo (RoleInfo.java:shutdownFollowerState(121)) - 7a43c46a-fc88-4b2d-b2da-ae029cfa60ff: shutdown FollowerState
2019-10-20 18:18:41,632 [grpc-default-executor-10] INFO  impl.RoleInfo (RoleInfo.java:updateAndGet(143)) - 6c5c38af-62e6-4ea7-a24a-078dcb28fb39: start FollowerState
2019-10-20 18:18:41,632 [Thread-1719] INFO  impl.FollowerState (FollowerState.java:run(117)) - 6c5c38af-62e6-4ea7-a24a-078dcb28fb39@group-D40A05E2FCF9-FollowerState was interrupted: java.lang.InterruptedException: sleep interrupted
2019-10-20 18:18:41,632 [Thread-1718] INFO  impl.FollowerState (FollowerState.java:run(117)) - 7a43c46a-fc88-4b2d-b2da-ae029cfa60ff@group-D40A05E2FCF9-FollowerState was interrupted: java.lang.InterruptedException: sleep interrupted
2019-10-20 18:18:41,632 [grpc-default-executor-1] INFO  impl.RoleInfo (RoleInfo.java:updateAndGet(143)) - 7a43c46a-fc88-4b2d-b2da-ae029cfa60ff: start FollowerState
2019-10-20 18:18:41,655 [399079f7-1eb1-4f37-b003-267572525934@group-D40A05E2FCF9-LeaderElection201] INFO  impl.LeaderElection (LeaderElection.java:logAndReturn(56)) - 399079f7-1eb1-4f37-b003-267572525934@group-D40A05E2FCF9-LeaderElection201: Election REJECTED; received 2 response(s) [399079f7-1eb1-4f37-b003-267572525934<-7a43c46a-fc88-4b2d-b2da-ae029cfa60ff#0:FAIL-t107, 399079f7-1eb1-4f37-b003-267572525934<-6c5c38af-62e6-4ea7-a24a-078dcb28fb39#0:FAIL-t107] and 0 exception(s); 399079f7-1eb1-4f37-b003-267572525934@group-D40A05E2FCF9:t107, leader=null, voted=399079f7-1eb1-4f37-b003-267572525934, raftlog=399079f7-1eb1-4f37-b003-267572525934@group-D40A05E2FCF9-SegmentedRaftLog:OPENED:c-1,f-1,i0, conf=-1: [399079f7-1eb1-4f37-b003-267572525934:192.168.164.241:37762, 7a43c46a-fc88-4b2d-b2da-ae029cfa60ff:192.168.164.241:43684, 6c5c38af-62e6-4ea7-a24a-078dcb28fb39:192.168.164.241:45428], old=null
2019-10-20 18:18:41,656 [399079f7-1eb1-4f37-b003-267572525934@group-D40A05E2FCF9-LeaderElection201] INFO  impl.RaftServerImpl (RaftServerImpl.java:setRole(184)) - 399079f7-1eb1-4f37-b003-267572525934@group-D40A05E2FCF9: changes role from CANDIDATE to FOLLOWER at term 107 for DISCOVERED_A_NEW_TERM
2019-10-20 18:18:41,656 [399079f7-1eb1-4f37-b003-267572525934@group-D40A05E2FCF9-LeaderElection201] INFO  impl.RoleInfo (RoleInfo.java:shutdownLeaderElection(134)) - 399079f7-1eb1-4f37-b003-267572525934: shutdown LeaderElection
2019-10-20 18:18:41,656 [399079f7-1eb1-4f37-b003-267572525934@group-D40A05E2FCF9-LeaderElection201] INFO  impl.RoleInfo (RoleInfo.java:updateAndGet(143)) - 399079f7-1eb1-4f37-b003-267572525934: start FollowerState
2019-10-20 18:18:41,663 [Thread-1734] INFO  impl.FollowerState (FollowerState.java:run(108)) - 399079f7-1eb1-4f37-b003-267572525934@group-D40A05E2FCF9-FollowerState: change to CANDIDATE, lastRpcTime:7ms, electionTimeout:7ms
2019-10-20 18:18:41,664 [Thread-1734] INFO  impl.RoleInfo (RoleInfo.java:shutdownFollowerState(121)) - 399079f7-1eb1-4f37-b003-267572525934: shutdown FollowerState
2019-10-20 18:18:41,664 [Thread-1734] INFO  impl.RaftServerImpl (RaftServerImpl.java:setRole(184)) - 399079f7-1eb1-4f37-b003-267572525934@group-D40A05E2FCF9: changes role from  FOLLOWER to CANDIDATE at term 107 for changeToCandidate
2019-10-20 18:18:41,664 [Thread-1734] INFO  impl.RoleInfo (RoleInfo.java:updateAndGet(143)) - 399079f7-1eb1-4f37-b003-267572525934: start LeaderElection
2019-10-20 18:18:41,680 [399079f7-1eb1-4f37-b003-267572525934@group-D40A05E2FCF9-LeaderElection202] INFO  impl.LeaderElection (LeaderElection.java:askForVotes(178)) - 399079f7-1eb1-4f37-b003-267572525934@group-D40A05E2FCF9-LeaderElection202: begin an election at term 108 for -1: [399079f7-1eb1-4f37-b003-267572525934:192.168.164.241:37762, 7a43c46a-fc88-4b2d-b2da-ae029cfa60ff:192.168.164.241:43684, 6c5c38af-62e6-4ea7-a24a-078dcb28fb39:192.168.164.241:45428], old=null
2019-10-20 18:18:41,682 [grpc-default-executor-10] INFO  impl.RaftServerImpl (RaftServerImpl.java:setRole(184)) - 7a43c46a-fc88-4b2d-b2da-ae029cfa60ff@group-D40A05E2FCF9: changes role from  FOLLOWER to FOLLOWER at term 108 for recognizeCandidate:399079f7-1eb1-4f37-b003-267572525934
2019-10-20 18:18:41,682 [grpc-default-executor-10] INFO  impl.RoleInfo (RoleInfo.java:shutdownFollowerState(121)) - 7a43c46a-fc88-4b2d-b2da-ae029cfa60ff: shutdown FollowerState
2019-10-20 18:18:41,682 [grpc-default-executor-1] INFO  impl.RaftServerImpl (RaftServerImpl.java:setRole(184)) - 6c5c38af-62e6-4ea7-a24a-078dcb28fb39@group-D40A05E2FCF9: changes role from  FOLLOWER to FOLLOWER at term 108 for recognizeCandidate:399079f7-1eb1-4f37-b003-267572525934
2019-10-20 18:18:41,682 [Thread-1733] INFO  impl.FollowerState (FollowerState.java:run(117)) - 7a43c46a-fc88-4b2d-b2da-ae029cfa60ff@group-D40A05E2FCF9-FollowerState was interrupted: java.lang.InterruptedException: sleep interrupted
2019-10-20 18:18:41,682 [grpc-default-executor-10] INFO  impl.RoleInfo (RoleInfo.java:updateAndGet(143)) - 7a43c46a-fc88-4b2d-b2da-ae029cfa60ff: start FollowerState
2019-10-20 18:18:41,682 [grpc-default-executor-1] INFO  impl.RoleInfo (RoleInfo.java:shutdownFollowerState(121)) - 6c5c38af-62e6-4ea7-a24a-078dcb28fb39: shutdown FollowerState
2019-10-20 18:18:41,683 [grpc-default-executor-1] INFO  impl.RoleInfo (RoleInfo.java:updateAndGet(143)) - 6c5c38af-62e6-4ea7-a24a-078dcb28fb39: start FollowerState
2019-10-20 18:18:41,683 [Thread-1732] INFO  impl.FollowerState (FollowerState.java:run(117)) - 6c5c38af-62e6-4ea7-a24a-078dcb28fb39@group-D40A05E2FCF9-FollowerState was interrupted: java.lang.InterruptedException: sleep interrupted
2019-10-20 18:18:41,685 [Thread-1728] INFO  impl.FollowerState (FollowerState.java:run(108)) - b75f8b2e-6273-4c97-b7c5-042674931d23@group-F11756C8BA4A-FollowerState: change to CANDIDATE, lastRpcTime:142ms, electionTimeout:139ms
2019-10-20 18:18:41,685 [Thread-1728] INFO  impl.RoleInfo (RoleInfo.java:shutdownFollowerState(121)) - b75f8b2e-6273-4c97-b7c5-042674931d23: shutdown FollowerState
2019-10-20 18:18:41,686 [Thread-1728] INFO  impl.RaftServerImpl (RaftServerImpl.java:setRole(184)) - b75f8b2e-6273-4c97-b7c5-042674931d23@group-F11756C8BA4A: changes role from  FOLLOWER to CANDIDATE at term 109 for changeToCandidate
2019-10-20 18:18:41,686 [Thread-1728] INFO  impl.RoleInfo (RoleInfo.java:updateAndGet(143)) - b75f8b2e-6273-4c97-b7c5-042674931d23: start LeaderElection
2019-10-20 18:18:41,706 [b75f8b2e-6273-4c97-b7c5-042674931d23@group-F11756C8BA4A-LeaderElection203] INFO  impl.LeaderElection (LeaderElection.java:askForVotes(178)) - b75f8b2e-6273-4c97-b7c5-042674931d23@group-F11756C8BA4A-LeaderElection203: begin an election at term 110 for -1: [6ef27e9c-8ddb-4fa1-8c14-ab102acfb1b8:192.168.164.241:38092, b75f8b2e-6273-4c97-b7c5-042674931d23:192.168.164.241:41857, 3750b3a2-715b-46b3-9d0c-9e38136244b9:192.168.164.241:46227], old=null
2019-10-20 18:18:41,707 [399079f7-1eb1-4f37-b003-267572525934@group-D40A05E2FCF9-LeaderElection202] INFO  impl.LeaderElection (LeaderElection.java:logAndReturn(56)) - 399079f7-1eb1-4f37-b003-267572525934@group-D40A05E2FCF9-LeaderElection202: Election REJECTED; received 2 response(s) [399079f7-1eb1-4f37-b003-267572525934<-7a43c46a-fc88-4b2d-b2da-ae029cfa60ff#0:FAIL-t108, 399079f7-1eb1-4f37-b003-267572525934<-6c5c38af-62e6-4ea7-a24a-078dcb28fb39#0:FAIL-t108] and 0 exception(s); 399079f7-1eb1-4f37-b003-267572525934@group-D40A05E2FCF9:t108, leader=null, voted=399079f7-1eb1-4f37-b003-267572525934, raftlog=399079f7-1eb1-4f37-b003-267572525934@group-D40A05E2FCF9-SegmentedRaftLog:OPENED:c-1,f-1,i0, conf=-1: [399079f7-1eb1-4f37-b003-267572525934:192.168.164.241:37762, 7a43c46a-fc88-4b2d-b2da-ae029cfa60ff:192.168.164.241:43684, 6c5c38af-62e6-4ea7-a24a-078dcb28fb39:192.168.164.241:45428], old=null
2019-10-20 18:18:41,707 [399079f7-1eb1-4f37-b003-267572525934@group-D40A05E2FCF9-LeaderElection202] INFO  impl.RaftServerImpl (RaftServerImpl.java:setRole(184)) - 399079f7-1eb1-4f37-b003-267572525934@group-D40A05E2FCF9: changes role from CANDIDATE to FOLLOWER at term 108 for DISCOVERED_A_NEW_TERM
2019-10-20 18:18:41,707 [399079f7-1eb1-4f37-b003-267572525934@group-D40A05E2FCF9-LeaderElection202] INFO  impl.RoleInfo (RoleInfo.java:shutdownLeaderElection(134)) - 399079f7-1eb1-4f37-b003-267572525934: shutdown LeaderElection
2019-10-20 18:18:41,707 [399079f7-1eb1-4f37-b003-267572525934@group-D40A05E2FCF9-LeaderElection202] INFO  impl.RoleInfo (RoleInfo.java:updateAndGet(143)) - 399079f7-1eb1-4f37-b003-267572525934: start FollowerState
2019-10-20 18:18:41,708 [grpc-default-executor-10] INFO  impl.RaftServerImpl (RaftServerImpl.java:setRole(184)) - 6ef27e9c-8ddb-4fa1-8c14-ab102acfb1b8@group-F11756C8BA4A: changes role from  FOLLOWER to FOLLOWER at term 110 for recognizeCandidate:b75f8b2e-6273-4c97-b7c5-042674931d23
2019-10-20 18:18:41,708 [grpc-default-executor-1] INFO  impl.RaftServerImpl (RaftServerImpl.java:setRole(184)) - 3750b3a2-715b-46b3-9d0c-9e38136244b9@group-F11756C8BA4A: changes role from  FOLLOWER to FOLLOWER at term 110 for recognizeCandidate:b75f8b2e-6273-4c97-b7c5-042674931d23
2019-10-20 18:18:41,708 [grpc-default-executor-1] INFO  impl.RoleInfo (RoleInfo.java:shutdownFollowerState(121)) - 3750b3a2-715b-46b3-9d0c-9e38136244b9: shutdown FollowerState
2019-10-20 18:18:41,708 [grpc-default-executor-10] INFO  impl.RoleInfo (RoleInfo.java:shutdownFollowerState(121)) - 6ef27e9c-8ddb-4fa1-8c14-ab102acfb1b8: shutdown FollowerState
2019-10-20 18:18:41,708 [grpc-default-executor-1] INFO  impl.RoleInfo (RoleInfo.java:updateAndGet(143)) - 3750b3a2-715b-46b3-9d0c-9e38136244b9: start FollowerState
2019-10-20 18:18:41,708 [Thread-1725] INFO  impl.FollowerState (FollowerState.java:run(117)) - 3750b3a2-715b-46b3-9d0c-9e38136244b9@group-F11756C8BA4A-FollowerState was interrupted: java.lang.InterruptedException: sleep interrupted
2019-10-20 18:18:41,709 [grpc-default-executor-10] INFO  impl.RoleInfo (RoleInfo.java:updateAndGet(143)) - 6ef27e9c-8ddb-4fa1-8c14-ab102acfb1b8: start FollowerState
2019-10-20 18:18:41,709 [Thread-1724] INFO  impl.FollowerState (FollowerState.java:run(117)) - 6ef27e9c-8ddb-4fa1-8c14-ab102acfb1b8@group-F11756C8BA4A-FollowerState was interrupted: java.lang.InterruptedException: sleep interrupted
2019-10-20 18:18:41,732 [b75f8b2e-6273-4c97-b7c5-042674931d23@group-F11756C8BA4A-LeaderElection203] INFO  impl.LeaderElection (LeaderElection.java:logAndReturn(56)) - b75f8b2e-6273-4c97-b7c5-042674931d23@group-F11756C8BA4A-LeaderElection203: Election REJECTED; received 2 response(s) [b75f8b2e-6273-4c97-b7c5-042674931d23<-6ef27e9c-8ddb-4fa1-8c14-ab102acfb1b8#0:FAIL-t110, b75f8b2e-6273-4c97-b7c5-042674931d23<-3750b3a2-715b-46b3-9d0c-9e38136244b9#0:FAIL-t110] and 0 exception(s); b75f8b2e-6273-4c97-b7c5-042674931d23@group-F11756C8BA4A:t110, leader=null, voted=b75f8b2e-6273-4c97-b7c5-042674931d23, raftlog=b75f8b2e-6273-4c97-b7c5-042674931d23@group-F11756C8BA4A-SegmentedRaftLog:OPENED:c-1,f-1,i0, conf=-1: [6ef27e9c-8ddb-4fa1-8c14-ab102acfb1b8:192.168.164.241:38092, b75f8b2e-6273-4c97-b7c5-042674931d23:192.168.164.241:41857, 3750b3a2-715b-46b3-9d0c-9e38136244b9:192.168.164.241:46227], old=null
2019-10-20 18:18:41,732 [b75f8b2e-6273-4c97-b7c5-042674931d23@group-F11756C8BA4A-LeaderElection203] INFO  impl.RaftServerImpl (RaftServerImpl.java:setRole(184)) - b75f8b2e-6273-4c97-b7c5-042674931d23@group-F11756C8BA4A: changes role from CANDIDATE to FOLLOWER at term 110 for DISCOVERED_A_NEW_TERM
2019-10-20 18:18:41,732 [b75f8b2e-6273-4c97-b7c5-042674931d23@group-F11756C8BA4A-LeaderElection203] INFO  impl.RoleInfo (RoleInfo.java:shutdownLeaderElection(134)) - b75f8b2e-6273-4c97-b7c5-042674931d23: shutdown LeaderElection
2019-10-20 18:18:41,733 [b75f8b2e-6273-4c97-b7c5-042674931d23@group-F11756C8BA4A-LeaderElection203] INFO  impl.RoleInfo (RoleInfo.java:updateAndGet(143)) - b75f8b2e-6273-4c97-b7c5-042674931d23: start FollowerState
2019-10-20 18:18:41,754 [Thread-1746] INFO  impl.FollowerState (FollowerState.java:run(108)) - b75f8b2e-6273-4c97-b7c5-042674931d23@group-F11756C8BA4A-FollowerState: change to CANDIDATE, lastRpcTime:21ms, electionTimeout:21ms
2019-10-20 18:18:41,754 [Thread-1746] INFO  impl.RoleInfo (RoleInfo.java:shutdownFollowerState(121)) - b75f8b2e-6273-4c97-b7c5-042674931d23: shutdown FollowerState
2019-10-20 18:18:41,754 [Thread-1746] INFO  impl.RaftServerImpl (RaftServerImpl.java:setRole(184)) - b75f8b2e-6273-4c97-b7c5-042674931d23@group-F11756C8BA4A: changes role from  FOLLOWER to CANDIDATE at term 110 for changeToCandidate
2019-10-20 18:18:41,754 [Thread-1746] INFO  impl.RoleInfo (RoleInfo.java:updateAndGet(143)) - b75f8b2e-6273-4c97-b7c5-042674931d23: start LeaderElection
2019-10-20 18:18:41,782 [b75f8b2e-6273-4c97-b7c5-042674931d23@group-F11756C8BA4A-LeaderElection204] INFO  impl.LeaderElection (LeaderElection.java:askForVotes(178)) - b75f8b2e-6273-4c97-b7c5-042674931d23@group-F11756C8BA4A-LeaderElection204: begin an election at term 111 for -1: [6ef27e9c-8ddb-4fa1-8c14-ab102acfb1b8:192.168.164.241:38092, b75f8b2e-6273-4c97-b7c5-042674931d23:192.168.164.241:41857, 3750b3a2-715b-46b3-9d0c-9e38136244b9:192.168.164.241:46227], old=null
2019-10-20 18:18:41,783 [Thread-1743] INFO  impl.FollowerState (FollowerState.java:run(108)) - 399079f7-1eb1-4f37-b003-267572525934@group-D40A05E2FCF9-FollowerState: change to CANDIDATE, lastRpcTime:75ms, electionTimeout:75ms
2019-10-20 18:18:41,783 [Thread-1743] INFO  impl.RoleInfo (RoleInfo.java:shutdownFollowerState(121)) - 399079f7-1eb1-4f37-b003-267572525934: shutdown FollowerState
2019-10-20 18:18:41,783 [Thread-1743] INFO  impl.RaftServerImpl (RaftServerImpl.java:setRole(184)) - 399079f7-1eb1-4f37-b003-267572525934@group-D40A05E2FCF9: changes role from  FOLLOWER to CANDIDATE at term 108 for changeToCandidate
2019-10-20 18:18:41,783 [Thread-1743] INFO  impl.RoleInfo (RoleInfo.java:updateAndGet(143)) - 399079f7-1eb1-4f37-b003-267572525934: start LeaderElection
2019-10-20 18:18:41,784 [grpc-default-executor-10] INFO  impl.RaftServerImpl (RaftServerImpl.java:setRole(184)) - 6ef27e9c-8ddb-4fa1-8c14-ab102acfb1b8@group-F11756C8BA4A: changes role from  FOLLOWER to FOLLOWER at term 111 for recognizeCandidate:b75f8b2e-6273-4c97-b7c5-042674931d23
2019-10-20 18:18:41,784 [grpc-default-executor-1] INFO  impl.RaftServerImpl (RaftServerImpl.java:setRole(184)) - 3750b3a2-715b-46b3-9d0c-9e38136244b9@group-F11756C8BA4A: changes role from  FOLLOWER to FOLLOWER at term 111 for recognizeCandidate:b75f8b2e-6273-4c97-b7c5-042674931d23
2019-10-20 18:18:41,784 [grpc-default-executor-1] INFO  impl.RoleInfo (RoleInfo.java:shutdownFollowerState(121)) - 3750b3a2-715b-46b3-9d0c-9e38136244b9: shutdown FollowerState
2019-10-20 18:18:41,784 [grpc-default-executor-10] INFO  impl.RoleInfo (RoleInfo.java:shutdownFollowerState(121)) - 6ef27e9c-8ddb-4fa1-8c14-ab102acfb1b8: shutdown FollowerState
2019-10-20 18:18:41,785 [Thread-1744] INFO  impl.FollowerState (FollowerState.java:run(117)) - 3750b3a2-715b-46b3-9d0c-9e38136244b9@group-F11756C8BA4A-FollowerState was interrupted: java.lang.InterruptedException: sleep interrupted
2019-10-20 18:18:41,785 [Thread-1745] INFO  impl.FollowerState (FollowerState.java:run(117)) - 6ef27e9c-8ddb-4fa1-8c14-ab102acfb1b8@group-F11756C8BA4A-FollowerState was interrupted: java.lang.InterruptedException: sleep interrupted
2019-10-20 18:18:41,784 [grpc-default-executor-1] INFO  impl.RoleInfo (RoleInfo.java:updateAndGet(143)) - 3750b3a2-715b-46b3-9d0c-9e38136244b9: start FollowerState
2019-10-20 18:18:41,785 [grpc-default-executor-10] INFO  impl.RoleInfo (RoleInfo.java:updateAndGet(143)) - 6ef27e9c-8ddb-4fa1-8c14-ab102acfb1b8: start FollowerState
2019-10-20 18:18:41,824 [399079f7-1eb1-4f37-b003-267572525934@group-D40A05E2FCF9-LeaderElection205] INFO  impl.LeaderElection (LeaderElection.java:askForVotes(178)) - 399079f7-1eb1-4f37-b003-267572525934@group-D40A05E2FCF9-LeaderElection205: begin an election at term 109 for -1: [399079f7-1eb1-4f37-b003-267572525934:192.168.164.241:37762, 7a43c46a-fc88-4b2d-b2da-ae029cfa60ff:192.168.164.241:43684, 6c5c38af-62e6-4ea7-a24a-078dcb28fb39:192.168.164.241:45428], old=null
2019-10-20 18:18:41,825 [b75f8b2e-6273-4c97-b7c5-042674931d23@group-F11756C8BA4A-LeaderElection204] INFO  impl.LeaderElection (LeaderElection.java:logAndReturn(56)) - b75f8b2e-6273-4c97-b7c5-042674931d23@group-F11756C8BA4A-LeaderElection204: Election REJECTED; received 2 response(s) [b75f8b2e-6273-4c97-b7c5-042674931d23<-6ef27e9c-8ddb-4fa1-8c14-ab102acfb1b8#0:FAIL-t111, b75f8b2e-6273-4c97-b7c5-042674931d23<-3750b3a2-715b-46b3-9d0c-9e38136244b9#0:FAIL-t111] and 0 exception(s); b75f8b2e-6273-4c97-b7c5-042674931d23@group-F11756C8BA4A:t111, leader=null, voted=b75f8b2e-6273-4c97-b7c5-042674931d23, raftlog=b75f8b2e-6273-4c97-b7c5-042674931d23@group-F11756C8BA4A-SegmentedRaftLog:OPENED:c-1,f-1,i0, conf=-1: [6ef27e9c-8ddb-4fa1-8c14-ab102acfb1b8:192.168.164.241:38092, b75f8b2e-6273-4c97-b7c5-042674931d23:192.168.164.241:41857, 3750b3a2-715b-46b3-9d0c-9e38136244b9:192.168.164.241:46227], old=null
2019-10-20 18:18:41,825 [b75f8b2e-6273-4c97-b7c5-042674931d23@group-F11756C8BA4A-LeaderElection204] INFO  impl.RaftServerImpl (RaftServerImpl.java:setRole(184)) - b75f8b2e-6273-4c97-b7c5-042674931d23@group-F11756C8BA4A: changes role from CANDIDATE to FOLLOWER at term 111 for DISCOVERED_A_NEW_TERM
2019-10-20 18:18:41,825 [b75f8b2e-6273-4c97-b7c5-042674931d23@group-F11756C8BA4A-LeaderElection204] INFO  impl.RoleInfo (RoleInfo.java:shutdownLeaderElection(134)) - b75f8b2e-6273-4c97-b7c5-042674931d23: shutdown LeaderElection
2019-10-20 18:18:41,826 [b75f8b2e-6273-4c97-b7c5-042674931d23@group-F11756C8BA4A-LeaderElection204] INFO  impl.RoleInfo (RoleInfo.java:updateAndGet(143)) - b75f8b2e-6273-4c97-b7c5-042674931d23: start FollowerState
2019-10-20 18:18:41,826 [grpc-default-executor-1] INFO  impl.RaftServerImpl (RaftServerImpl.java:setRole(184)) - 7a43c46a-fc88-4b2d-b2da-ae029cfa60ff@group-D40A05E2FCF9: changes role from  FOLLOWER to FOLLOWER at term 109 for recognizeCandidate:399079f7-1eb1-4f37-b003-267572525934
2019-10-20 18:18:41,826 [grpc-default-executor-1] INFO  impl.RoleInfo (RoleInfo.java:shutdownFollowerState(121)) - 7a43c46a-fc88-4b2d-b2da-ae029cfa60ff: shutdown FollowerState
2019-10-20 18:18:41,826 [grpc-default-executor-1] INFO  impl.RoleInfo (RoleInfo.java:updateAndGet(143)) - 7a43c46a-fc88-4b2d-b2da-ae029cfa60ff: start FollowerState
2019-10-20 18:18:41,826 [Thread-1738] INFO  impl.FollowerState (FollowerState.java:run(117)) - 7a43c46a-fc88-4b2d-b2da-ae029cfa60ff@group-D40A05E2FCF9-FollowerState was interrupted: java.lang.InterruptedException: sleep interrupted
2019-10-20 18:18:41,826 [grpc-default-executor-10] INFO  impl.RaftServerImpl (RaftServerImpl.java:setRole(184)) - 6c5c38af-62e6-4ea7-a24a-078dcb28fb39@group-D40A05E2FCF9: changes role from  FOLLOWER to FOLLOWER at term 109 for recognizeCandidate:399079f7-1eb1-4f37-b003-267572525934
2019-10-20 18:18:41,827 [grpc-default-executor-10] INFO  impl.RoleInfo (RoleInfo.java:shutdownFollowerState(121)) - 6c5c38af-62e6-4ea7-a24a-078dcb28fb39: shutdown FollowerState
2019-10-20 18:18:41,827 [grpc-default-executor-10] INFO  impl.RoleInfo (RoleInfo.java:updateAndGet(143)) - 6c5c38af-62e6-4ea7-a24a-078dcb28fb39: start FollowerState
2019-10-20 18:18:41,827 [Thread-1739] INFO  impl.FollowerState (FollowerState.java:run(117)) - 6c5c38af-62e6-4ea7-a24a-078dcb28fb39@group-D40A05E2FCF9-FollowerState was interrupted: java.lang.InterruptedException: sleep interrupted
2019-10-20 18:18:41,852 [399079f7-1eb1-4f37-b003-267572525934@group-D40A05E2FCF9-LeaderElection205] INFO  impl.LeaderElection (LeaderElection.java:logAndReturn(56)) - 399079f7-1eb1-4f37-b003-267572525934@group-D40A05E2FCF9-LeaderElection205: Election REJECTED; received 2 response(s) [399079f7-1eb1-4f37-b003-267572525934<-7a43c46a-fc88-4b2d-b2da-ae029cfa60ff#0:FAIL-t109, 399079f7-1eb1-4f37-b003-267572525934<-6c5c38af-62e6-4ea7-a24a-078dcb28fb39#0:FAIL-t109] and 0 exception(s); 399079f7-1eb1-4f37-b003-267572525934@group-D40A05E2FCF9:t109, leader=null, voted=399079f7-1eb1-4f37-b003-267572525934, raftlog=399079f7-1eb1-4f37-b003-267572525934@group-D40A05E2FCF9-SegmentedRaftLog:OPENED:c-1,f-1,i0, conf=-1: [399079f7-1eb1-4f37-b003-267572525934:192.168.164.241:37762, 7a43c46a-fc88-4b2d-b2da-ae029cfa60ff:192.168.164.241:43684, 6c5c38af-62e6-4ea7-a24a-078dcb28fb39:192.168.164.241:45428], old=null
2019-10-20 18:18:41,852 [399079f7-1eb1-4f37-b003-267572525934@group-D40A05E2FCF9-LeaderElection205] INFO  impl.RaftServerImpl (RaftServerImpl.java:setRole(184)) - 399079f7-1eb1-4f37-b003-267572525934@group-D40A05E2FCF9: changes role from CANDIDATE to FOLLOWER at term 109 for DISCOVERED_A_NEW_TERM
2019-10-20 18:18:41,852 [399079f7-1eb1-4f37-b003-267572525934@group-D40A05E2FCF9-LeaderElection205] INFO  impl.RoleInfo (RoleInfo.java:shutdownLeaderElection(134)) - 399079f7-1eb1-4f37-b003-267572525934: shutdown LeaderElection
2019-10-20 18:18:41,852 [399079f7-1eb1-4f37-b003-267572525934@group-D40A05E2FCF9-LeaderElection205] INFO  impl.RoleInfo (RoleInfo.java:updateAndGet(143)) - 399079f7-1eb1-4f37-b003-267572525934: start FollowerState
2019-10-20 18:18:41,863 [Thread-1758] INFO  impl.FollowerState (FollowerState.java:run(108)) - 399079f7-1eb1-4f37-b003-267572525934@group-D40A05E2FCF9-FollowerState: change to CANDIDATE, lastRpcTime:11ms, electionTimeout:11ms
2019-10-20 18:18:41,864 [Thread-1758] INFO  impl.RoleInfo (RoleInfo.java:shutdownFollowerState(121)) - 399079f7-1eb1-4f37-b003-267572525934: shutdown FollowerState
2019-10-20 18:18:41,864 [Thread-1758] INFO  impl.RaftServerImpl (RaftServerImpl.java:setRole(184)) - 399079f7-1eb1-4f37-b003-267572525934@group-D40A05E2FCF9: changes role from  FOLLOWER to CANDIDATE at term 109 for changeToCandidate
2019-10-20 18:18:41,864 [Thread-1758] INFO  impl.RoleInfo (RoleInfo.java:updateAndGet(143)) - 399079f7-1eb1-4f37-b003-267572525934: start LeaderElection
2019-10-20 18:18:41,876 [399079f7-1eb1-4f37-b003-267572525934@group-D40A05E2FCF9-LeaderElection206] INFO  impl.LeaderElection (LeaderElection.java:askForVotes(178)) - 399079f7-1eb1-4f37-b003-267572525934@group-D40A05E2FCF9-LeaderElection206: begin an election at term 110 for -1: [399079f7-1eb1-4f37-b003-267572525934:192.168.164.241:37762, 7a43c46a-fc88-4b2d-b2da-ae029cfa60ff:192.168.164.241:43684, 6c5c38af-62e6-4ea7-a24a-078dcb28fb39:192.168.164.241:45428], old=null
2019-10-20 18:18:41,879 [grpc-default-executor-1] INFO  impl.RaftServerImpl (RaftServerImpl.java:setRole(184)) - 6c5c38af-62e6-4ea7-a24a-078dcb28fb39@group-D40A05E2FCF9: changes role from  FOLLOWER to FOLLOWER at term 110 for recognizeCandidate:399079f7-1eb1-4f37-b003-267572525934
2019-10-20 18:18:41,879 [grpc-default-executor-1] INFO  impl.RoleInfo (RoleInfo.java:shutdownFollowerState(121)) - 6c5c38af-62e6-4ea7-a24a-078dcb28fb39: shutdown FollowerState
2019-10-20 18:18:41,879 [grpc-default-executor-10] INFO  impl.RaftServerImpl (RaftServerImpl.java:setRole(184)) - 7a43c46a-fc88-4b2d-b2da-ae029cfa60ff@group-D40A05E2FCF9: changes role from  FOLLOWER to FOLLOWER at term 110 for recognizeCandidate:399079f7-1eb1-4f37-b003-267572525934
2019-10-20 18:18:41,879 [Thread-1757] INFO  impl.FollowerState (FollowerState.java:run(117)) - 6c5c38af-62e6-4ea7-a24a-078dcb28fb39@group-D40A05E2FCF9-FollowerState was interrupted: java.lang.InterruptedException: sleep interrupted
2019-10-20 18:18:41,879 [grpc-default-executor-1] INFO  impl.RoleInfo (RoleInfo.java:updateAndGet(143)) - 6c5c38af-62e6-4ea7-a24a-078dcb28fb39: start FollowerState
2019-10-20 18:18:41,879 [grpc-default-executor-10] INFO  impl.RoleInfo (RoleInfo.java:shutdownFollowerState(121)) - 7a43c46a-fc88-4b2d-b2da-ae029cfa60ff: shutdown FollowerState
2019-10-20 18:18:41,880 [Thread-1756] INFO  impl.FollowerState (FollowerState.java:run(117)) - 7a43c46a-fc88-4b2d-b2da-ae029cfa60ff@group-D40A05E2FCF9-FollowerState was interrupted: java.lang.InterruptedException: sleep interrupted
2019-10-20 18:18:41,880 [grpc-default-executor-10] INFO  impl.RoleInfo (RoleInfo.java:updateAndGet(143)) - 7a43c46a-fc88-4b2d-b2da-ae029cfa60ff: start FollowerState
2019-10-20 18:18:41,903 [399079f7-1eb1-4f37-b003-267572525934@group-D40A05E2FCF9-LeaderElection206] INFO  impl.LeaderElection (LeaderElection.java:logAndReturn(56)) - 399079f7-1eb1-4f37-b003-267572525934@group-D40A05E2FCF9-LeaderElection206: Election REJECTED; received 2 response(s) [399079f7-1eb1-4f37-b003-267572525934<-7a43c46a-fc88-4b2d-b2da-ae029cfa60ff#0:FAIL-t110, 399079f7-1eb1-4f37-b003-267572525934<-6c5c38af-62e6-4ea7-a24a-078dcb28fb39#0:FAIL-t110] and 0 exception(s); 399079f7-1eb1-4f37-b003-267572525934@group-D40A05E2FCF9:t110, leader=null, voted=399079f7-1eb1-4f37-b003-267572525934, raftlog=399079f7-1eb1-4f37-b003-267572525934@group-D40A05E2FCF9-SegmentedRaftLog:OPENED:c-1,f-1,i0, conf=-1: [399079f7-1eb1-4f37-b003-267572525934:192.168.164.241:37762, 7a43c46a-fc88-4b2d-b2da-ae029cfa60ff:192.168.164.241:43684, 6c5c38af-62e6-4ea7-a24a-078dcb28fb39:192.168.164.241:45428], old=null
2019-10-20 18:18:41,904 [399079f7-1eb1-4f37-b003-267572525934@group-D40A05E2FCF9-LeaderElection206] INFO  impl.RaftServerImpl (RaftServerImpl.java:setRole(184)) - 399079f7-1eb1-4f37-b003-267572525934@group-D40A05E2FCF9: changes role from CANDIDATE to FOLLOWER at term 110 for DISCOVERED_A_NEW_TERM
2019-10-20 18:18:41,904 [399079f7-1eb1-4f37-b003-267572525934@group-D40A05E2FCF9-LeaderElection206] INFO  impl.RoleInfo (RoleInfo.java:shutdownLeaderElection(134)) - 399079f7-1eb1-4f37-b003-267572525934: shutdown LeaderElection
2019-10-20 18:18:41,904 [399079f7-1eb1-4f37-b003-267572525934@group-D40A05E2FCF9-LeaderElection206] INFO  impl.RoleInfo (RoleInfo.java:updateAndGet(143)) - 399079f7-1eb1-4f37-b003-267572525934: start FollowerState
2019-10-20 18:18:41,983 [Thread-1755] INFO  impl.FollowerState (FollowerState.java:run(108)) - b75f8b2e-6273-4c97-b7c5-042674931d23@group-F11756C8BA4A-FollowerState: change to CANDIDATE, lastRpcTime:157ms, electionTimeout:157ms
2019-10-20 18:18:41,983 [Thread-1755] INFO  impl.RoleInfo (RoleInfo.java:shutdownFollowerState(121)) - b75f8b2e-6273-4c97-b7c5-042674931d23: shutdown FollowerState
2019-10-20 18:18:41,983 [Thread-1755] INFO  impl.RaftServerImpl (RaftServerImpl.java:setRole(184)) - b75f8b2e-6273-4c97-b7c5-042674931d23@group-F11756C8BA4A: changes role from  FOLLOWER to CANDIDATE at term 111 for changeToCandidate
2019-10-20 18:18:41,984 [Thread-1755] INFO  impl.RoleInfo (RoleInfo.java:updateAndGet(143)) - b75f8b2e-6273-4c97-b7c5-042674931d23: start LeaderElection
2019-10-20 18:18:42,012 [b75f8b2e-6273-4c97-b7c5-042674931d23@group-F11756C8BA4A-LeaderElection207] INFO  impl.LeaderElection (LeaderElection.java:askForVotes(178)) - b75f8b2e-6273-4c97-b7c5-042674931d23@group-F11756C8BA4A-LeaderElection207: begin an election at term 112 for -1: [6ef27e9c-8ddb-4fa1-8c14-ab102acfb1b8:192.168.164.241:38092, b75f8b2e-6273-4c97-b7c5-042674931d23:192.168.164.241:41857, 3750b3a2-715b-46b3-9d0c-9e38136244b9:192.168.164.241:46227], old=null
2019-10-20 18:18:42,015 [grpc-default-executor-10] INFO  impl.RaftServerImpl (RaftServerImpl.java:setRole(184)) - 6ef27e9c-8ddb-4fa1-8c14-ab102acfb1b8@group-F11756C8BA4A: changes role from  FOLLOWER to FOLLOWER at term 112 for recognizeCandidate:b75f8b2e-6273-4c97-b7c5-042674931d23
2019-10-20 18:18:42,015 [grpc-default-executor-1] INFO  impl.RaftServerImpl (RaftServerImpl.java:setRole(184)) - 3750b3a2-715b-46b3-9d0c-9e38136244b9@group-F11756C8BA4A: changes role from  FOLLOWER to FOLLOWER at term 112 for recognizeCandidate:b75f8b2e-6273-4c97-b7c5-042674931d23
2019-10-20 18:18:42,015 [grpc-default-executor-10] INFO  impl.RoleInfo (RoleInfo.java:shutdownFollowerState(121)) - 6ef27e9c-8ddb-4fa1-8c14-ab102acfb1b8: shutdown FollowerState
2019-10-20 18:18:42,015 [grpc-default-executor-1] INFO  impl.RoleInfo (RoleInfo.java:shutdownFollowerState(121)) - 3750b3a2-715b-46b3-9d0c-9e38136244b9: shutdown FollowerState
2019-10-20 18:18:42,015 [Thread-1752] INFO  impl.FollowerState (FollowerState.java:run(117)) - 6ef27e9c-8ddb-4fa1-8c14-ab102acfb1b8@group-F11756C8BA4A-FollowerState was interrupted: java.lang.InterruptedException: sleep interrupted
2019-10-20 18:18:42,015 [grpc-default-executor-10] INFO  impl.RoleInfo (RoleInfo.java:updateAndGet(143)) - 6ef27e9c-8ddb-4fa1-8c14-ab102acfb1b8: start FollowerState
2019-10-20 18:18:42,016 [Thread-1751] INFO  impl.FollowerState (FollowerState.java:run(117)) - 3750b3a2-715b-46b3-9d0c-9e38136244b9@group-F11756C8BA4A-FollowerState was interrupted: java.lang.InterruptedException: sleep interrupted
2019-10-20 18:18:42,015 [grpc-default-executor-1] INFO  impl.RoleInfo (RoleInfo.java:updateAndGet(143)) - 3750b3a2-715b-46b3-9d0c-9e38136244b9: start FollowerState
2019-10-20 18:18:42,039 [b75f8b2e-6273-4c97-b7c5-042674931d23@group-F11756C8BA4A-LeaderElection207] INFO  impl.LeaderElection (LeaderElection.java:logAndReturn(56)) - b75f8b2e-6273-4c97-b7c5-042674931d23@group-F11756C8BA4A-LeaderElection207: Election REJECTED; received 2 response(s) [b75f8b2e-6273-4c97-b7c5-042674931d23<-6ef27e9c-8ddb-4fa1-8c14-ab102acfb1b8#0:FAIL-t112, b75f8b2e-6273-4c97-b7c5-042674931d23<-3750b3a2-715b-46b3-9d0c-9e38136244b9#0:FAIL-t112] and 0 exception(s); b75f8b2e-6273-4c97-b7c5-042674931d23@group-F11756C8BA4A:t112, leader=null, voted=b75f8b2e-6273-4c97-b7c5-042674931d23, raftlog=b75f8b2e-6273-4c97-b7c5-042674931d23@group-F11756C8BA4A-SegmentedRaftLog:OPENED:c-1,f-1,i0, conf=-1: [6ef27e9c-8ddb-4fa1-8c14-ab102acfb1b8:192.168.164.241:38092, b75f8b2e-6273-4c97-b7c5-042674931d23:192.168.164.241:41857, 3750b3a2-715b-46b3-9d0c-9e38136244b9:192.168.164.241:46227], old=null
2019-10-20 18:18:42,039 [b75f8b2e-6273-4c97-b7c5-042674931d23@group-F11756C8BA4A-LeaderElection207] INFO  impl.RaftServerImpl (RaftServerImpl.java:setRole(184)) - b75f8b2e-6273-4c97-b7c5-042674931d23@group-F11756C8BA4A: changes role from CANDIDATE to FOLLOWER at term 112 for DISCOVERED_A_NEW_TERM
2019-10-20 18:18:42,039 [b75f8b2e-6273-4c97-b7c5-042674931d23@group-F11756C8BA4A-LeaderElection207] INFO  impl.RoleInfo (RoleInfo.java:shutdownLeaderElection(134)) - b75f8b2e-6273-4c97-b7c5-042674931d23: shutdown LeaderElection
2019-10-20 18:18:42,039 [b75f8b2e-6273-4c97-b7c5-042674931d23@group-F11756C8BA4A-LeaderElection207] INFO  impl.RoleInfo (RoleInfo.java:updateAndGet(143)) - b75f8b2e-6273-4c97-b7c5-042674931d23: start FollowerState
2019-10-20 18:18:42,088 [Thread-1772] INFO  impl.FollowerState (FollowerState.java:run(108)) - b75f8b2e-6273-4c97-b7c5-042674931d23@group-F11756C8BA4A-FollowerState: change to CANDIDATE, lastRpcTime:48ms, electionTimeout:48ms
2019-10-20 18:18:42,088 [Thread-1772] INFO  impl.RoleInfo (RoleInfo.java:shutdownFollowerState(121)) - b75f8b2e-6273-4c97-b7c5-042674931d23: shutdown FollowerState
2019-10-20 18:18:42,089 [Thread-1772] INFO  impl.RaftServerImpl (RaftServerImpl.java:setRole(184)) - b75f8b2e-6273-4c97-b7c5-042674931d23@group-F11756C8BA4A: changes role from  FOLLOWER to CANDIDATE at term 112 for changeToCandidate
2019-10-20 18:18:42,089 [Thread-1772] INFO  impl.RoleInfo (RoleInfo.java:updateAndGet(143)) - b75f8b2e-6273-4c97-b7c5-042674931d23: start LeaderElection
2019-10-20 18:18:42,096 [Thread-1764] INFO  impl.FollowerState (FollowerState.java:run(108)) - 399079f7-1eb1-4f37-b003-267572525934@group-D40A05E2FCF9-FollowerState: change to CANDIDATE, lastRpcTime:192ms, electionTimeout:192ms
2019-10-20 18:18:42,096 [Thread-1764] INFO  impl.RoleInfo (RoleInfo.java:shutdownFollowerState(121)) - 399079f7-1eb1-4f37-b003-267572525934: shutdown FollowerState
2019-10-20 18:18:42,097 [Thread-1764] INFO  impl.RaftServerImpl (RaftServerImpl.java:setRole(184)) - 399079f7-1eb1-4f37-b003-267572525934@group-D40A05E2FCF9: changes role from  FOLLOWER to CANDIDATE at term 110 for changeToCandidate
2019-10-20 18:18:42,097 [Thread-1764] INFO  impl.RoleInfo (RoleInfo.java:updateAndGet(143)) - 399079f7-1eb1-4f37-b003-267572525934: start LeaderElection
2019-10-20 18:18:42,106 [b75f8b2e-6273-4c97-b7c5-042674931d23@group-F11756C8BA4A-LeaderElection208] INFO  impl.LeaderElection (LeaderElection.java:askForVotes(178)) - b75f8b2e-6273-4c97-b7c5-042674931d23@group-F11756C8BA4A-LeaderElection208: begin an election at term 113 for -1: [6ef27e9c-8ddb-4fa1-8c14-ab102acfb1b8:192.168.164.241:38092, b75f8b2e-6273-4c97-b7c5-042674931d23:192.168.164.241:41857, 3750b3a2-715b-46b3-9d0c-9e38136244b9:192.168.164.241:46227], old=null
2019-10-20 18:18:42,108 [grpc-default-executor-10] INFO  impl.RaftServerImpl (RaftServerImpl.java:setRole(184)) - 6ef27e9c-8ddb-4fa1-8c14-ab102acfb1b8@group-F11756C8BA4A: changes role from  FOLLOWER to FOLLOWER at term 113 for recognizeCandidate:b75f8b2e-6273-4c97-b7c5-042674931d23
2019-10-20 18:18:42,108 [grpc-default-executor-1] INFO  impl.RaftServerImpl (RaftServerImpl.java:setRole(184)) - 3750b3a2-715b-46b3-9d0c-9e38136244b9@group-F11756C8BA4A: changes role from  FOLLOWER to FOLLOWER at term 113 for recognizeCandidate:b75f8b2e-6273-4c97-b7c5-042674931d23
2019-10-20 18:18:42,108 [grpc-default-executor-1] INFO  impl.RoleInfo (RoleInfo.java:shutdownFollowerState(121)) - 3750b3a2-715b-46b3-9d0c-9e38136244b9: shutdown FollowerState
2019-10-20 18:18:42,108 [grpc-default-executor-10] INFO  impl.RoleInfo (RoleInfo.java:shutdownFollowerState(121)) - 6ef27e9c-8ddb-4fa1-8c14-ab102acfb1b8: shutdown FollowerState
2019-10-20 18:18:42,108 [Thread-1771] INFO  impl.FollowerState (FollowerState.java:run(117)) - 3750b3a2-715b-46b3-9d0c-9e38136244b9@group-F11756C8BA4A-FollowerState was interrupted: java.lang.InterruptedException: sleep interrupted
2019-10-20 18:18:42,108 [grpc-default-executor-10] INFO  impl.RoleInfo (RoleInfo.java:updateAndGet(143)) - 6ef27e9c-8ddb-4fa1-8c14-ab102acfb1b8: start FollowerState
2019-10-20 18:18:42,108 [grpc-default-executor-1] INFO  impl.RoleInfo (RoleInfo.java:updateAndGet(143)) - 3750b3a2-715b-46b3-9d0c-9e38136244b9: start FollowerState
2019-10-20 18:18:42,108 [Thread-1770] INFO  impl.FollowerState (FollowerState.java:run(117)) - 6ef27e9c-8ddb-4fa1-8c14-ab102acfb1b8@group-F11756C8BA4A-FollowerState was interrupted: java.lang.InterruptedException: sleep interrupted
2019-10-20 18:18:42,123 [399079f7-1eb1-4f37-b003-267572525934@group-D40A05E2FCF9-LeaderElection209] INFO  impl.LeaderElection (LeaderElection.java:askForVotes(178)) - 399079f7-1eb1-4f37-b003-267572525934@group-D40A05E2FCF9-LeaderElection209: begin an election at term 111 for -1: [399079f7-1eb1-4f37-b003-267572525934:192.168.164.241:37762, 7a43c46a-fc88-4b2d-b2da-ae029cfa60ff:192.168.164.241:43684, 6c5c38af-62e6-4ea7-a24a-078dcb28fb39:192.168.164.241:45428], old=null
2019-10-20 18:18:42,125 [grpc-default-executor-7] INFO  impl.RaftServerImpl (RaftServerImpl.java:setRole(184)) - 7a43c46a-fc88-4b2d-b2da-ae029cfa60ff@group-D40A05E2FCF9: changes role from  FOLLOWER to FOLLOWER at term 111 for recognizeCandidate:399079f7-1eb1-4f37-b003-267572525934
2019-10-20 18:18:42,125 [grpc-default-executor-7] INFO  impl.RoleInfo (RoleInfo.java:shutdownFollowerState(121)) - 7a43c46a-fc88-4b2d-b2da-ae029cfa60ff: shutdown FollowerState
2019-10-20 18:18:42,125 [grpc-default-executor-3] INFO  impl.RaftServerImpl (RaftServerImpl.java:setRole(184)) - 6c5c38af-62e6-4ea7-a24a-078dcb28fb39@group-D40A05E2FCF9: changes role from  FOLLOWER to FOLLOWER at term 111 for recognizeCandidate:399079f7-1eb1-4f37-b003-267572525934
2019-10-20 18:18:42,125 [Thread-1763] INFO  impl.FollowerState (FollowerState.java:run(117)) - 7a43c46a-fc88-4b2d-b2da-ae029cfa60ff@group-D40A05E2FCF9-FollowerState was interrupted: java.lang.InterruptedException: sleep interrupted
2019-10-20 18:18:42,125 [grpc-default-executor-7] INFO  impl.RoleInfo (RoleInfo.java:updateAndGet(143)) - 7a43c46a-fc88-4b2d-b2da-ae029cfa60ff: start FollowerState
2019-10-20 18:18:42,125 [grpc-default-executor-3] INFO  impl.RoleInfo (RoleInfo.java:shutdownFollowerState(121)) - 6c5c38af-62e6-4ea7-a24a-078dcb28fb39: shutdown FollowerState
2019-10-20 18:18:42,125 [grpc-default-executor-3] INFO  impl.RoleInfo (RoleInfo.java:updateAndGet(143)) - 6c5c38af-62e6-4ea7-a24a-078dcb28fb39: start FollowerState
2019-10-20 18:18:42,125 [Thread-1762] INFO  impl.FollowerState (FollowerState.java:run(117)) - 6c5c38af-62e6-4ea7-a24a-078dcb28fb39@group-D40A05E2FCF9-FollowerState was interrupted: java.lang.InterruptedException: sleep interrupted
2019-10-20 18:18:42,127 [399079f7-1eb1-4f37-b003-267572525934@group-D40A05E2FCF9-LeaderElection209] INFO  impl.LeaderElection (LeaderElection.java:logAndReturn(56)) - 399079f7-1eb1-4f37-b003-267572525934@group-D40A05E2FCF9-LeaderElection209: Election TIMEOUT; received 0 response(s) [] and 0 exception(s); 399079f7-1eb1-4f37-b003-267572525934@group-D40A05E2FCF9:t111, leader=null, voted=399079f7-1eb1-4f37-b003-267572525934, raftlog=399079f7-1eb1-4f37-b003-267572525934@group-D40A05E2FCF9-SegmentedRaftLog:OPENED:c-1,f-1,i0, conf=-1: [399079f7-1eb1-4f37-b003-267572525934:192.168.164.241:37762, 7a43c46a-fc88-4b2d-b2da-ae029cfa60ff:192.168.164.241:43684, 6c5c38af-62e6-4ea7-a24a-078dcb28fb39:192.168.164.241:45428], old=null
2019-10-20 18:18:42,141 [b75f8b2e-6273-4c97-b7c5-042674931d23@group-F11756C8BA4A-LeaderElection208] INFO  impl.LeaderElection (LeaderElection.java:logAndReturn(56)) - b75f8b2e-6273-4c97-b7c5-042674931d23@group-F11756C8BA4A-LeaderElection208: Election REJECTED; received 2 response(s) [b75f8b2e-6273-4c97-b7c5-042674931d23<-6ef27e9c-8ddb-4fa1-8c14-ab102acfb1b8#0:FAIL-t113, b75f8b2e-6273-4c97-b7c5-042674931d23<-3750b3a2-715b-46b3-9d0c-9e38136244b9#0:FAIL-t113] and 0 exception(s); b75f8b2e-6273-4c97-b7c5-042674931d23@group-F11756C8BA4A:t113, leader=null, voted=b75f8b2e-6273-4c97-b7c5-042674931d23, raftlog=b75f8b2e-6273-4c97-b7c5-042674931d23@group-F11756C8BA4A-SegmentedRaftLog:OPENED:c-1,f-1,i0, conf=-1: [6ef27e9c-8ddb-4fa1-8c14-ab102acfb1b8:192.168.164.241:38092, b75f8b2e-6273-4c97-b7c5-042674931d23:192.168.164.241:41857, 3750b3a2-715b-46b3-9d0c-9e38136244b9:192.168.164.241:46227], old=null
2019-10-20 18:18:42,141 [b75f8b2e-6273-4c97-b7c5-042674931d23@group-F11756C8BA4A-LeaderElection208] INFO  impl.RaftServerImpl (RaftServerImpl.java:setRole(184)) - b75f8b2e-6273-4c97-b7c5-042674931d23@group-F11756C8BA4A: changes role from CANDIDATE to FOLLOWER at term 113 for DISCOVERED_A_NEW_TERM
2019-10-20 18:18:42,141 [b75f8b2e-6273-4c97-b7c5-042674931d23@group-F11756C8BA4A-LeaderElection208] INFO  impl.RoleInfo (RoleInfo.java:shutdownLeaderElection(134)) - b75f8b2e-6273-4c97-b7c5-042674931d23: shutdown LeaderElection
2019-10-20 18:18:42,141 [b75f8b2e-6273-4c97-b7c5-042674931d23@group-F11756C8BA4A-LeaderElection208] INFO  impl.RoleInfo (RoleInfo.java:updateAndGet(143)) - b75f8b2e-6273-4c97-b7c5-042674931d23: start FollowerState
2019-10-20 18:18:42,157 [399079f7-1eb1-4f37-b003-267572525934@group-D40A05E2FCF9-LeaderElection209] INFO  impl.LeaderElection (LeaderElection.java:askForVotes(178)) - 399079f7-1eb1-4f37-b003-267572525934@group-D40A05E2FCF9-LeaderElection209: begin an election at term 112 for -1: [399079f7-1eb1-4f37-b003-267572525934:192.168.164.241:37762, 7a43c46a-fc88-4b2d-b2da-ae029cfa60ff:192.168.164.241:43684, 6c5c38af-62e6-4ea7-a24a-078dcb28fb39:192.168.164.241:45428], old=null
2019-10-20 18:18:42,159 [grpc-default-executor-3] INFO  impl.RaftServerImpl (RaftServerImpl.java:setRole(184)) - 7a43c46a-fc88-4b2d-b2da-ae029cfa60ff@group-D40A05E2FCF9: changes role from  FOLLOWER to FOLLOWER at term 112 for recognizeCandidate:399079f7-1eb1-4f37-b003-267572525934
2019-10-20 18:18:42,159 [grpc-default-executor-10] INFO  impl.RaftServerImpl (RaftServerImpl.java:setRole(184)) - 6c5c38af-62e6-4ea7-a24a-078dcb28fb39@group-D40A05E2FCF9: changes role from  FOLLOWER to FOLLOWER at term 112 for recognizeCandidate:399079f7-1eb1-4f37-b003-267572525934
2019-10-20 18:18:42,159 [grpc-default-executor-3] INFO  impl.RoleInfo (RoleInfo.java:shutdownFollowerState(121)) - 7a43c46a-fc88-4b2d-b2da-ae029cfa60ff: shutdown FollowerState
2019-10-20 18:18:42,160 [grpc-default-executor-10] INFO  impl.RoleInfo (RoleInfo.java:shutdownFollowerState(121)) - 6c5c38af-62e6-4ea7-a24a-078dcb28fb39: shutdown FollowerState
2019-10-20 18:18:42,160 [Thread-1781] INFO  impl.FollowerState (FollowerState.java:run(117)) - 7a43c46a-fc88-4b2d-b2da-ae029cfa60ff@group-D40A05E2FCF9-FollowerState was interrupted: java.lang.InterruptedException: sleep interrupted
2019-10-20 18:18:42,160 [grpc-default-executor-3] INFO  impl.RoleInfo (RoleInfo.java:updateAndGet(143)) - 7a43c46a-fc88-4b2d-b2da-ae029cfa60ff: start FollowerState
2019-10-20 18:18:42,160 [grpc-default-executor-10] INFO  impl.RoleInfo (RoleInfo.java:updateAndGet(143)) - 6c5c38af-62e6-4ea7-a24a-078dcb28fb39: start FollowerState
2019-10-20 18:18:42,160 [Thread-1782] INFO  impl.FollowerState (FollowerState.java:run(117)) - 6c5c38af-62e6-4ea7-a24a-078dcb28fb39@group-D40A05E2FCF9-FollowerState was interrupted: java.lang.InterruptedException: sleep interrupted
2019-10-20 18:18:42,183 [399079f7-1eb1-4f37-b003-267572525934@group-D40A05E2FCF9-LeaderElection209] INFO  impl.LeaderElection (LeaderElection.java:logAndReturn(56)) - 399079f7-1eb1-4f37-b003-267572525934@group-D40A05E2FCF9-LeaderElection209: Election REJECTED; received 2 response(s) [399079f7-1eb1-4f37-b003-267572525934<-7a43c46a-fc88-4b2d-b2da-ae029cfa60ff#0:FAIL-t112, 399079f7-1eb1-4f37-b003-267572525934<-6c5c38af-62e6-4ea7-a24a-078dcb28fb39#0:FAIL-t112] and 0 exception(s); 399079f7-1eb1-4f37-b003-267572525934@group-D40A05E2FCF9:t112, leader=null, voted=399079f7-1eb1-4f37-b003-267572525934, raftlog=399079f7-1eb1-4f37-b003-267572525934@group-D40A05E2FCF9-SegmentedRaftLog:OPENED:c-1,f-1,i0, conf=-1: [399079f7-1eb1-4f37-b003-267572525934:192.168.164.241:37762, 7a43c46a-fc88-4b2d-b2da-ae029cfa60ff:192.168.164.241:43684, 6c5c38af-62e6-4ea7-a24a-078dcb28fb39:192.168.164.241:45428], old=null
2019-10-20 18:18:42,184 [399079f7-1eb1-4f37-b003-267572525934@group-D40A05E2FCF9-LeaderElection209] INFO  impl.RaftServerImpl (RaftServerImpl.java:setRole(184)) - 399079f7-1eb1-4f37-b003-267572525934@group-D40A05E2FCF9: changes role from CANDIDATE to FOLLOWER at term 112 for DISCOVERED_A_NEW_TERM
2019-10-20 18:18:42,184 [399079f7-1eb1-4f37-b003-267572525934@group-D40A05E2FCF9-LeaderElection209] INFO  impl.RoleInfo (RoleInfo.java:shutdownLeaderElection(134)) - 399079f7-1eb1-4f37-b003-267572525934: shutdown LeaderElection
2019-10-20 18:18:42,184 [399079f7-1eb1-4f37-b003-267572525934@group-D40A05E2FCF9-LeaderElection209] INFO  impl.RoleInfo (RoleInfo.java:updateAndGet(143)) - 399079f7-1eb1-4f37-b003-267572525934: start FollowerState
2019-10-20 18:18:42,193 [Thread-1783] INFO  impl.FollowerState (FollowerState.java:run(108)) - b75f8b2e-6273-4c97-b7c5-042674931d23@group-F11756C8BA4A-FollowerState: change to CANDIDATE, lastRpcTime:51ms, electionTimeout:51ms
2019-10-20 18:18:42,193 [Thread-1783] INFO  impl.RoleInfo (RoleInfo.java:shutdownFollowerState(121)) - b75f8b2e-6273-4c97-b7c5-042674931d23: shutdown FollowerState
2019-10-20 18:18:42,193 [Thread-1783] INFO  impl.RaftServerImpl (RaftServerImpl.java:setRole(184)) - b75f8b2e-6273-4c97-b7c5-042674931d23@group-F11756C8BA4A: changes role from  FOLLOWER to CANDIDATE at term 113 for changeToCandidate
2019-10-20 18:18:42,193 [Thread-1783] INFO  impl.RoleInfo (RoleInfo.java:updateAndGet(143)) - b75f8b2e-6273-4c97-b7c5-042674931d23: start LeaderElection
2019-10-20 18:18:42,207 [Thread-1788] INFO  impl.FollowerState (FollowerState.java:run(108)) - 399079f7-1eb1-4f37-b003-267572525934@group-D40A05E2FCF9-FollowerState: change to CANDIDATE, lastRpcTime:23ms, electionTimeout:23ms
2019-10-20 18:18:42,207 [Thread-1788] INFO  impl.RoleInfo (RoleInfo.java:shutdownFollowerState(121)) - 399079f7-1eb1-4f37-b003-267572525934: shutdown FollowerState
2019-10-20 18:18:42,207 [Thread-1788] INFO  impl.RaftServerImpl (RaftServerImpl.java:setRole(184)) - 399079f7-1eb1-4f37-b003-267572525934@group-D40A05E2FCF9: changes role from  FOLLOWER to CANDIDATE at term 112 for changeToCandidate
2019-10-20 18:18:42,208 [Thread-1788] INFO  impl.RoleInfo (RoleInfo.java:updateAndGet(143)) - 399079f7-1eb1-4f37-b003-267572525934: start LeaderElection
2019-10-20 18:18:42,208 [b75f8b2e-6273-4c97-b7c5-042674931d23@group-F11756C8BA4A-LeaderElection210] INFO  impl.LeaderElection (LeaderElection.java:askForVotes(178)) - b75f8b2e-6273-4c97-b7c5-042674931d23@group-F11756C8BA4A-LeaderElection210: begin an election at term 114 for -1: [6ef27e9c-8ddb-4fa1-8c14-ab102acfb1b8:192.168.164.241:38092, b75f8b2e-6273-4c97-b7c5-042674931d23:192.168.164.241:41857, 3750b3a2-715b-46b3-9d0c-9e38136244b9:192.168.164.241:46227], old=null
2019-10-20 18:18:42,210 [grpc-default-executor-10] INFO  impl.RaftServerImpl (RaftServerImpl.java:setRole(184)) - 3750b3a2-715b-46b3-9d0c-9e38136244b9@group-F11756C8BA4A: changes role from  FOLLOWER to FOLLOWER at term 114 for recognizeCandidate:b75f8b2e-6273-4c97-b7c5-042674931d23
2019-10-20 18:18:42,210 [grpc-default-executor-3] INFO  impl.RaftServerImpl (RaftServerImpl.java:setRole(184)) - 6ef27e9c-8ddb-4fa1-8c14-ab102acfb1b8@group-F11756C8BA4A: changes role from  FOLLOWER to FOLLOWER at term 114 for recognizeCandidate:b75f8b2e-6273-4c97-b7c5-042674931d23
2019-10-20 18:18:42,210 [grpc-default-executor-3] INFO  impl.RoleInfo (RoleInfo.java:shutdownFollowerState(121)) - 6ef27e9c-8ddb-4fa1-8c14-ab102acfb1b8: shutdown FollowerState
2019-10-20 18:18:42,210 [grpc-default-executor-10] INFO  impl.RoleInfo (RoleInfo.java:shutdownFollowerState(121)) - 3750b3a2-715b-46b3-9d0c-9e38136244b9: shutdown FollowerState
2019-10-20 18:18:42,210 [Thread-1778] INFO  impl.FollowerState (FollowerState.java:run(117)) - 6ef27e9c-8ddb-4fa1-8c14-ab102acfb1b8@group-F11756C8BA4A-FollowerState was interrupted: java.lang.InterruptedException: sleep interrupted
2019-10-20 18:18:42,210 [grpc-default-executor-3] INFO  impl.RoleInfo (RoleInfo.java:updateAndGet(143)) - 6ef27e9c-8ddb-4fa1-8c14-ab102acfb1b8: start FollowerState
2019-10-20 18:18:42,211 [Thread-1777] INFO  impl.FollowerState (FollowerState.java:run(117)) - 3750b3a2-715b-46b3-9d0c-9e38136244b9@group-F11756C8BA4A-FollowerState was interrupted: java.lang.InterruptedException: sleep interrupted
2019-10-20 18:18:42,210 [grpc-default-executor-10] INFO  impl.RoleInfo (RoleInfo.java:updateAndGet(143)) - 3750b3a2-715b-46b3-9d0c-9e38136244b9: start FollowerState
2019-10-20 18:18:42,234 [399079f7-1eb1-4f37-b003-267572525934@group-D40A05E2FCF9-LeaderElection211] INFO  impl.LeaderElection (LeaderElection.java:askForVotes(178)) - 399079f7-1eb1-4f37-b003-267572525934@group-D40A05E2FCF9-LeaderElection211: begin an election at term 113 for -1: [399079f7-1eb1-4f37-b003-267572525934:192.168.164.241:37762, 7a43c46a-fc88-4b2d-b2da-ae029cfa60ff:192.168.164.241:43684, 6c5c38af-62e6-4ea7-a24a-078dcb28fb39:192.168.164.241:45428], old=null
2019-10-20 18:18:42,235 [b75f8b2e-6273-4c97-b7c5-042674931d23@group-F11756C8BA4A-LeaderElection210] INFO  impl.LeaderElection (LeaderElection.java:logAndReturn(56)) - b75f8b2e-6273-4c97-b7c5-042674931d23@group-F11756C8BA4A-LeaderElection210: Election REJECTED; received 2 response(s) [b75f8b2e-6273-4c97-b7c5-042674931d23<-6ef27e9c-8ddb-4fa1-8c14-ab102acfb1b8#0:FAIL-t114, b75f8b2e-6273-4c97-b7c5-042674931d23<-3750b3a2-715b-46b3-9d0c-9e38136244b9#0:FAIL-t114] and 0 exception(s); b75f8b2e-6273-4c97-b7c5-042674931d23@group-F11756C8BA4A:t114, leader=null, voted=b75f8b2e-6273-4c97-b7c5-042674931d23, raftlog=b75f8b2e-6273-4c97-b7c5-042674931d23@group-F11756C8BA4A-SegmentedRaftLog:OPENED:c-1,f-1,i0, conf=-1: [6ef27e9c-8ddb-4fa1-8c14-ab102acfb1b8:192.168.164.241:38092, b75f8b2e-6273-4c97-b7c5-042674931d23:192.168.164.241:41857, 3750b3a2-715b-46b3-9d0c-9e38136244b9:192.168.164.241:46227], old=null
2019-10-20 18:18:42,235 [b75f8b2e-6273-4c97-b7c5-042674931d23@group-F11756C8BA4A-LeaderElection210] INFO  impl.RaftServerImpl (RaftServerImpl.java:setRole(184)) - b75f8b2e-6273-4c97-b7c5-042674931d23@group-F11756C8BA4A: changes role from CANDIDATE to FOLLOWER at term 114 for DISCOVERED_A_NEW_TERM
2019-10-20 18:18:42,235 [b75f8b2e-6273-4c97-b7c5-042674931d23@group-F11756C8BA4A-LeaderElection210] INFO  impl.RoleInfo (RoleInfo.java:shutdownLeaderElection(134)) - b75f8b2e-6273-4c97-b7c5-042674931d23: shutdown LeaderElection
2019-10-20 18:18:42,235 [b75f8b2e-6273-4c97-b7c5-042674931d23@group-F11756C8BA4A-LeaderElection210] INFO  impl.RoleInfo (RoleInfo.java:updateAndGet(143)) - b75f8b2e-6273-4c97-b7c5-042674931d23: start FollowerState
2019-10-20 18:18:42,235 [grpc-default-executor-3] INFO  impl.RaftServerImpl (RaftServerImpl.java:setRole(184)) - 6c5c38af-62e6-4ea7-a24a-078dcb28fb39@group-D40A05E2FCF9: changes role from  FOLLOWER to FOLLOWER at term 113 for recognizeCandidate:399079f7-1eb1-4f37-b003-267572525934
2019-10-20 18:18:42,235 [grpc-default-executor-10] INFO  impl.RaftServerImpl (RaftServerImpl.java:setRole(184)) - 7a43c46a-fc88-4b2d-b2da-ae029cfa60ff@group-D40A05E2FCF9: changes role from  FOLLOWER to FOLLOWER at term 113 for recognizeCandidate:399079f7-1eb1-4f37-b003-267572525934
2019-10-20 18:18:42,235 [grpc-default-executor-3] INFO  impl.RoleInfo (RoleInfo.java:shutdownFollowerState(121)) - 6c5c38af-62e6-4ea7-a24a-078dcb28fb39: shutdown FollowerState
2019-10-20 18:18:42,236 [grpc-default-executor-10] INFO  impl.RoleInfo (RoleInfo.java:shutdownFollowerState(121)) - 7a43c46a-fc88-4b2d-b2da-ae029cfa60ff: shutdown FollowerState
2019-10-20 18:18:42,236 [Thread-1787] INFO  impl.FollowerState (FollowerState.java:run(117)) - 6c5c38af-62e6-4ea7-a24a-078dcb28fb39@group-D40A05E2FCF9-FollowerState was interrupted: java.lang.InterruptedException: sleep interrupted
2019-10-20 18:18:42,236 [grpc-default-executor-3] INFO  impl.RoleInfo (RoleInfo.java:updateAndGet(143)) - 6c5c38af-62e6-4ea7-a24a-078dcb28fb39: start FollowerState
2019-10-20 18:18:42,236 [Thread-1786] INFO  impl.FollowerState (FollowerState.java:run(117)) - 7a43c46a-fc88-4b2d-b2da-ae029cfa60ff@group-D40A05E2FCF9-FollowerState was interrupted: java.lang.InterruptedException: sleep interrupted
2019-10-20 18:18:42,236 [grpc-default-executor-10] INFO  impl.RoleInfo (RoleInfo.java:updateAndGet(143)) - 7a43c46a-fc88-4b2d-b2da-ae029cfa60ff: start FollowerState
2019-10-20 18:18:42,261 [399079f7-1eb1-4f37-b003-267572525934@group-D40A05E2FCF9-LeaderElection211] INFO  impl.LeaderElection (LeaderElection.java:logAndReturn(56)) - 399079f7-1eb1-4f37-b003-267572525934@group-D40A05E2FCF9-LeaderElection211: Election REJECTED; received 2 response(s) [399079f7-1eb1-4f37-b003-267572525934<-7a43c46a-fc88-4b2d-b2da-ae029cfa60ff#0:FAIL-t113, 399079f7-1eb1-4f37-b003-267572525934<-6c5c38af-62e6-4ea7-a24a-078dcb28fb39#0:FAIL-t113] and 0 exception(s); 399079f7-1eb1-4f37-b003-267572525934@group-D40A05E2FCF9:t113, leader=null, voted=399079f7-1eb1-4f37-b003-267572525934, raftlog=399079f7-1eb1-4f37-b003-267572525934@group-D40A05E2FCF9-SegmentedRaftLog:OPENED:c-1,f-1,i0, conf=-1: [399079f7-1eb1-4f37-b003-267572525934:192.168.164.241:37762, 7a43c46a-fc88-4b2d-b2da-ae029cfa60ff:192.168.164.241:43684, 6c5c38af-62e6-4ea7-a24a-078dcb28fb39:192.168.164.241:45428], old=null
2019-10-20 18:18:42,261 [399079f7-1eb1-4f37-b003-267572525934@group-D40A05E2FCF9-LeaderElection211] INFO  impl.RaftServerImpl (RaftServerImpl.java:setRole(184)) - 399079f7-1eb1-4f37-b003-267572525934@group-D40A05E2FCF9: changes role from CANDIDATE to FOLLOWER at term 113 for DISCOVERED_A_NEW_TERM
2019-10-20 18:18:42,261 [399079f7-1eb1-4f37-b003-267572525934@group-D40A05E2FCF9-LeaderElection211] INFO  impl.RoleInfo (RoleInfo.java:shutdownLeaderElection(134)) - 399079f7-1eb1-4f37-b003-267572525934: shutdown LeaderElection
2019-10-20 18:18:42,261 [399079f7-1eb1-4f37-b003-267572525934@group-D40A05E2FCF9-LeaderElection211] INFO  impl.RoleInfo (RoleInfo.java:updateAndGet(143)) - 399079f7-1eb1-4f37-b003-267572525934: start FollowerState
2019-10-20 18:18:42,332 [Thread-1800] INFO  impl.FollowerState (FollowerState.java:run(108)) - 399079f7-1eb1-4f37-b003-267572525934@group-D40A05E2FCF9-FollowerState: change to CANDIDATE, lastRpcTime:70ms, electionTimeout:70ms
2019-10-20 18:18:42,332 [Thread-1800] INFO  impl.RoleInfo (RoleInfo.java:shutdownFollowerState(121)) - 399079f7-1eb1-4f37-b003-267572525934: shutdown FollowerState
2019-10-20 18:18:42,332 [Thread-1800] INFO  impl.RaftServerImpl (RaftServerImpl.java:setRole(184)) - 399079f7-1eb1-4f37-b003-267572525934@group-D40A05E2FCF9: changes role from  FOLLOWER to CANDIDATE at term 113 for changeToCandidate
2019-10-20 18:18:42,332 [Thread-1800] INFO  impl.RoleInfo (RoleInfo.java:updateAndGet(143)) - 399079f7-1eb1-4f37-b003-267572525934: start LeaderElection
2019-10-20 18:18:42,365 [Thread-1797] INFO  impl.FollowerState (FollowerState.java:run(108)) - b75f8b2e-6273-4c97-b7c5-042674931d23@group-F11756C8BA4A-FollowerState: change to CANDIDATE, lastRpcTime:130ms, electionTimeout:130ms
2019-10-20 18:18:42,365 [Thread-1797] INFO  impl.RoleInfo (RoleInfo.java:shutdownFollowerState(121)) - b75f8b2e-6273-4c97-b7c5-042674931d23: shutdown FollowerState
2019-10-20 18:18:42,366 [Thread-1797] INFO  impl.RaftServerImpl (RaftServerImpl.java:setRole(184)) - b75f8b2e-6273-4c97-b7c5-042674931d23@group-F11756C8BA4A: changes role from  FOLLOWER to CANDIDATE at term 114 for changeToCandidate
2019-10-20 18:18:42,366 [Thread-1797] INFO  impl.RoleInfo (RoleInfo.java:updateAndGet(143)) - b75f8b2e-6273-4c97-b7c5-042674931d23: start LeaderElection
2019-10-20 18:18:42,369 [399079f7-1eb1-4f37-b003-267572525934@group-D40A05E2FCF9-LeaderElection212] INFO  impl.LeaderElection (LeaderElection.java:askForVotes(178)) - 399079f7-1eb1-4f37-b003-267572525934@group-D40A05E2FCF9-LeaderElection212: begin an election at term 114 for -1: [399079f7-1eb1-4f37-b003-267572525934:192.168.164.241:37762, 7a43c46a-fc88-4b2d-b2da-ae029cfa60ff:192.168.164.241:43684, 6c5c38af-62e6-4ea7-a24a-078dcb28fb39:192.168.164.241:45428], old=null
2019-10-20 18:18:42,371 [grpc-default-executor-3] INFO  impl.RaftServerImpl (RaftServerImpl.java:setRole(184)) - 7a43c46a-fc88-4b2d-b2da-ae029cfa60ff@group-D40A05E2FCF9: changes role from  FOLLOWER to FOLLOWER at term 114 for recognizeCandidate:399079f7-1eb1-4f37-b003-267572525934
2019-10-20 18:18:42,371 [grpc-default-executor-3] INFO  impl.RoleInfo (RoleInfo.java:shutdownFollowerState(121)) - 7a43c46a-fc88-4b2d-b2da-ae029cfa60ff: shutdown FollowerState
2019-10-20 18:18:42,371 [grpc-default-executor-10] INFO  impl.RaftServerImpl (RaftServerImpl.java:setRole(184)) - 6c5c38af-62e6-4ea7-a24a-078dcb28fb39@group-D40A05E2FCF9: changes role from  FOLLOWER to FOLLOWER at term 114 for recognizeCandidate:399079f7-1eb1-4f37-b003-267572525934
2019-10-20 18:18:42,372 [Thread-1799] INFO  impl.FollowerState (FollowerState.java:run(117)) - 7a43c46a-fc88-4b2d-b2da-ae029cfa60ff@group-D40A05E2FCF9-FollowerState was interrupted: java.lang.InterruptedException: sleep interrupted
2019-10-20 18:18:42,372 [grpc-default-executor-3] INFO  impl.RoleInfo (RoleInfo.java:updateAndGet(143)) - 7a43c46a-fc88-4b2d-b2da-ae029cfa60ff: start FollowerState
2019-10-20 18:18:42,372 [grpc-default-executor-10] INFO  impl.RoleInfo (RoleInfo.java:shutdownFollowerState(121)) - 6c5c38af-62e6-4ea7-a24a-078dcb28fb39: shutdown FollowerState
2019-10-20 18:18:42,372 [grpc-default-executor-10] INFO  impl.RoleInfo (RoleInfo.java:updateAndGet(143)) - 6c5c38af-62e6-4ea7-a24a-078dcb28fb39: start FollowerState
2019-10-20 18:18:42,372 [Thread-1798] INFO  impl.FollowerState (FollowerState.java:run(117)) - 6c5c38af-62e6-4ea7-a24a-078dcb28fb39@group-D40A05E2FCF9-FollowerState was interrupted: java.lang.InterruptedException: sleep interrupted
2019-10-20 18:18:42,395 [b75f8b2e-6273-4c97-b7c5-042674931d23@group-F11756C8BA4A-LeaderElection213] INFO  impl.LeaderElection (LeaderElection.java:askForVotes(178)) - b75f8b2e-6273-4c97-b7c5-042674931d23@group-F11756C8BA4A-LeaderElection213: begin an election at term 115 for -1: [6ef27e9c-8ddb-4fa1-8c14-ab102acfb1b8:192.168.164.241:38092, b75f8b2e-6273-4c97-b7c5-042674931d23:192.168.164.241:41857, 3750b3a2-715b-46b3-9d0c-9e38136244b9:192.168.164.241:46227], old=null
2019-10-20 18:18:42,396 [399079f7-1eb1-4f37-b003-267572525934@group-D40A05E2FCF9-LeaderElection212] INFO  impl.LeaderElection (LeaderElection.java:logAndReturn(56)) - 399079f7-1eb1-4f37-b003-267572525934@group-D40A05E2FCF9-LeaderElection212: Election REJECTED; received 2 response(s) [399079f7-1eb1-4f37-b003-267572525934<-7a43c46a-fc88-4b2d-b2da-ae029cfa60ff#0:FAIL-t114, 399079f7-1eb1-4f37-b003-267572525934<-6c5c38af-62e6-4ea7-a24a-078dcb28fb39#0:FAIL-t114] and 0 exception(s); 399079f7-1eb1-4f37-b003-267572525934@group-D40A05E2FCF9:t114, leader=null, voted=399079f7-1eb1-4f37-b003-267572525934, raftlog=399079f7-1eb1-4f37-b003-267572525934@group-D40A05E2FCF9-SegmentedRaftLog:OPENED:c-1,f-1,i0, conf=-1: [399079f7-1eb1-4f37-b003-267572525934:192.168.164.241:37762, 7a43c46a-fc88-4b2d-b2da-ae029cfa60ff:192.168.164.241:43684, 6c5c38af-62e6-4ea7-a24a-078dcb28fb39:192.168.164.241:45428], old=null
2019-10-20 18:18:42,396 [399079f7-1eb1-4f37-b003-267572525934@group-D40A05E2FCF9-LeaderElection212] INFO  impl.RaftServerImpl (RaftServerImpl.java:setRole(184)) - 399079f7-1eb1-4f37-b003-267572525934@group-D40A05E2FCF9: changes role from CANDIDATE to FOLLOWER at term 114 for DISCOVERED_A_NEW_TERM
2019-10-20 18:18:42,396 [399079f7-1eb1-4f37-b003-267572525934@group-D40A05E2FCF9-LeaderElection212] INFO  impl.RoleInfo (RoleInfo.java:shutdownLeaderElection(134)) - 399079f7-1eb1-4f37-b003-267572525934: shutdown LeaderElection
2019-10-20 18:18:42,396 [399079f7-1eb1-4f37-b003-267572525934@group-D40A05E2FCF9-LeaderElection212] INFO  impl.RoleInfo (RoleInfo.java:updateAndGet(143)) - 399079f7-1eb1-4f37-b003-267572525934: start FollowerState
2019-10-20 18:18:42,396 [grpc-default-executor-10] INFO  impl.RaftServerImpl (RaftServerImpl.java:setRole(184)) - 6ef27e9c-8ddb-4fa1-8c14-ab102acfb1b8@group-F11756C8BA4A: changes role from  FOLLOWER to FOLLOWER at term 115 for recognizeCandidate:b75f8b2e-6273-4c97-b7c5-042674931d23
2019-10-20 18:18:42,397 [grpc-default-executor-10] INFO  impl.RoleInfo (RoleInfo.java:shutdownFollowerState(121)) - 6ef27e9c-8ddb-4fa1-8c14-ab102acfb1b8: shutdown FollowerState
2019-10-20 18:18:42,397 [grpc-default-executor-3] INFO  impl.RaftServerImpl (RaftServerImpl.java:setRole(184)) - 3750b3a2-715b-46b3-9d0c-9e38136244b9@group-F11756C8BA4A: changes role from  FOLLOWER to FOLLOWER at term 115 for recognizeCandidate:b75f8b2e-6273-4c97-b7c5-042674931d23
2019-10-20 18:18:42,397 [grpc-default-executor-10] INFO  impl.RoleInfo (RoleInfo.java:updateAndGet(143)) - 6ef27e9c-8ddb-4fa1-8c14-ab102acfb1b8: start FollowerState
2019-10-20 18:18:42,397 [Thread-1793] INFO  impl.FollowerState (FollowerState.java:run(117)) - 6ef27e9c-8ddb-4fa1-8c14-ab102acfb1b8@group-F11756C8BA4A-FollowerState was interrupted: java.lang.InterruptedException: sleep interrupted
2019-10-20 18:18:42,397 [grpc-default-executor-3] INFO  impl.RoleInfo (RoleInfo.java:shutdownFollowerState(121)) - 3750b3a2-715b-46b3-9d0c-9e38136244b9: shutdown FollowerState
2019-10-20 18:18:42,397 [grpc-default-executor-3] INFO  impl.RoleInfo (RoleInfo.java:updateAndGet(143)) - 3750b3a2-715b-46b3-9d0c-9e38136244b9: start FollowerState
2019-10-20 18:18:42,397 [Thread-1794] INFO  impl.FollowerState (FollowerState.java:run(117)) - 3750b3a2-715b-46b3-9d0c-9e38136244b9@group-F11756C8BA4A-FollowerState was interrupted: java.lang.InterruptedException: sleep interrupted
2019-10-20 18:18:42,413 [b75f8b2e-6273-4c97-b7c5-042674931d23@group-F11756C8BA4A-LeaderElection213] INFO  impl.LeaderElection (LeaderElection.java:logAndReturn(56)) - b75f8b2e-6273-4c97-b7c5-042674931d23@group-F11756C8BA4A-LeaderElection213: Election REJECTED; received 2 response(s) [b75f8b2e-6273-4c97-b7c5-042674931d23<-6ef27e9c-8ddb-4fa1-8c14-ab102acfb1b8#0:FAIL-t115, b75f8b2e-6273-4c97-b7c5-042674931d23<-3750b3a2-715b-46b3-9d0c-9e38136244b9#0:FAIL-t115] and 0 exception(s); b75f8b2e-6273-4c97-b7c5-042674931d23@group-F11756C8BA4A:t115, leader=null, voted=b75f8b2e-6273-4c97-b7c5-042674931d23, raftlog=b75f8b2e-6273-4c97-b7c5-042674931d23@group-F11756C8BA4A-SegmentedRaftLog:OPENED:c-1,f-1,i0, conf=-1: [6ef27e9c-8ddb-4fa1-8c14-ab102acfb1b8:192.168.164.241:38092, b75f8b2e-6273-4c97-b7c5-042674931d23:192.168.164.241:41857, 3750b3a2-715b-46b3-9d0c-9e38136244b9:192.168.164.241:46227], old=null
2019-10-20 18:18:42,413 [b75f8b2e-6273-4c97-b7c5-042674931d23@group-F11756C8BA4A-LeaderElection213] INFO  impl.RaftServerImpl (RaftServerImpl.java:setRole(184)) - b75f8b2e-6273-4c97-b7c5-042674931d23@group-F11756C8BA4A: changes role from CANDIDATE to FOLLOWER at term 115 for DISCOVERED_A_NEW_TERM
2019-10-20 18:18:42,413 [b75f8b2e-6273-4c97-b7c5-042674931d23@group-F11756C8BA4A-LeaderElection213] INFO  impl.RoleInfo (RoleInfo.java:shutdownLeaderElection(134)) - b75f8b2e-6273-4c97-b7c5-042674931d23: shutdown LeaderElection
2019-10-20 18:18:42,413 [b75f8b2e-6273-4c97-b7c5-042674931d23@group-F11756C8BA4A-LeaderElection213] INFO  impl.RoleInfo (RoleInfo.java:updateAndGet(143)) - b75f8b2e-6273-4c97-b7c5-042674931d23: start FollowerState
2019-10-20 18:18:42,514 [Thread-1814] INFO  impl.FollowerState (FollowerState.java:run(108)) - b75f8b2e-6273-4c97-b7c5-042674931d23@group-F11756C8BA4A-FollowerState: change to CANDIDATE, lastRpcTime:101ms, electionTimeout:101ms
2019-10-20 18:18:42,515 [Thread-1814] INFO  impl.RoleInfo (RoleInfo.java:shutdownFollowerState(121)) - b75f8b2e-6273-4c97-b7c5-042674931d23: shutdown FollowerState
2019-10-20 18:18:42,515 [Thread-1814] INFO  impl.RaftServerImpl (RaftServerImpl.java:setRole(184)) - b75f8b2e-6273-4c97-b7c5-042674931d23@group-F11756C8BA4A: changes role from  FOLLOWER to CANDIDATE at term 115 for changeToCandidate
2019-10-20 18:18:42,515 [Thread-1814] INFO  impl.RoleInfo (RoleInfo.java:updateAndGet(143)) - b75f8b2e-6273-4c97-b7c5-042674931d23: start LeaderElection
2019-10-20 18:18:42,539 [b75f8b2e-6273-4c97-b7c5-042674931d23@group-F11756C8BA4A-LeaderElection214] INFO  impl.LeaderElection (LeaderElection.java:askForVotes(178)) - b75f8b2e-6273-4c97-b7c5-042674931d23@group-F11756C8BA4A-LeaderElection214: begin an election at term 116 for -1: [6ef27e9c-8ddb-4fa1-8c14-ab102acfb1b8:192.168.164.241:38092, b75f8b2e-6273-4c97-b7c5-042674931d23:192.168.164.241:41857, 3750b3a2-715b-46b3-9d0c-9e38136244b9:192.168.164.241:46227], old=null
2019-10-20 18:18:42,540 [Thread-1809] INFO  impl.FollowerState (FollowerState.java:run(108)) - 399079f7-1eb1-4f37-b003-267572525934@group-D40A05E2FCF9-FollowerState: change to CANDIDATE, lastRpcTime:144ms, electionTimeout:144ms
2019-10-20 18:18:42,540 [Thread-1809] INFO  impl.RoleInfo (RoleInfo.java:shutdownFollowerState(121)) - 399079f7-1eb1-4f37-b003-267572525934: shutdown FollowerState
2019-10-20 18:18:42,541 [Thread-1809] INFO  impl.RaftServerImpl (RaftServerImpl.java:setRole(184)) - 399079f7-1eb1-4f37-b003-267572525934@group-D40A05E2FCF9: changes role from  FOLLOWER to CANDIDATE at term 114 for changeToCandidate
2019-10-20 18:18:42,541 [Thread-1809] INFO  impl.RoleInfo (RoleInfo.java:updateAndGet(143)) - 399079f7-1eb1-4f37-b003-267572525934: start LeaderElection
2019-10-20 18:18:42,541 [grpc-default-executor-3] INFO  impl.RaftServerImpl (RaftServerImpl.java:setRole(184)) - 3750b3a2-715b-46b3-9d0c-9e38136244b9@group-F11756C8BA4A: changes role from  FOLLOWER to FOLLOWER at term 116 for recognizeCandidate:b75f8b2e-6273-4c97-b7c5-042674931d23
2019-10-20 18:18:42,541 [grpc-default-executor-10] INFO  impl.RaftServerImpl (RaftServerImpl.java:setRole(184)) - 6ef27e9c-8ddb-4fa1-8c14-ab102acfb1b8@group-F11756C8BA4A: changes role from  FOLLOWER to FOLLOWER at term 116 for recognizeCandidate:b75f8b2e-6273-4c97-b7c5-042674931d23
2019-10-20 18:18:42,542 [grpc-default-executor-10] INFO  impl.RoleInfo (RoleInfo.java:shutdownFollowerState(121)) - 6ef27e9c-8ddb-4fa1-8c14-ab102acfb1b8: shutdown FollowerState
2019-10-20 18:18:42,542 [grpc-default-executor-3] INFO  impl.RoleInfo (RoleInfo.java:shutdownFollowerState(121)) - 3750b3a2-715b-46b3-9d0c-9e38136244b9: shutdown FollowerState
2019-10-20 18:18:42,542 [Thread-1810] INFO  impl.FollowerState (FollowerState.java:run(117)) - 6ef27e9c-8ddb-4fa1-8c14-ab102acfb1b8@group-F11756C8BA4A-FollowerState was interrupted: java.lang.InterruptedException: sleep interrupted
2019-10-20 18:18:42,542 [Thread-1811] INFO  impl.FollowerState (FollowerState.java:run(117)) - 3750b3a2-715b-46b3-9d0c-9e38136244b9@group-F11756C8BA4A-FollowerState was interrupted: java.lang.InterruptedException: sleep interrupted
2019-10-20 18:18:42,542 [grpc-default-executor-10] INFO  impl.RoleInfo (RoleInfo.java:updateAndGet(143)) - 6ef27e9c-8ddb-4fa1-8c14-ab102acfb1b8: start FollowerState
2019-10-20 18:18:42,542 [grpc-default-executor-3] INFO  impl.RoleInfo (RoleInfo.java:updateAndGet(143)) - 3750b3a2-715b-46b3-9d0c-9e38136244b9: start FollowerState
2019-10-20 18:18:42,568 [399079f7-1eb1-4f37-b003-267572525934@group-D40A05E2FCF9-LeaderElection215] INFO  impl.LeaderElection (LeaderElection.java:askForVotes(178)) - 399079f7-1eb1-4f37-b003-267572525934@group-D40A05E2FCF9-LeaderElection215: begin an election at term 115 for -1: [399079f7-1eb1-4f37-b003-267572525934:192.168.164.241:37762, 7a43c46a-fc88-4b2d-b2da-ae029cfa60ff:192.168.164.241:43684, 6c5c38af-62e6-4ea7-a24a-078dcb28fb39:192.168.164.241:45428], old=null
2019-10-20 18:18:42,571 [b75f8b2e-6273-4c97-b7c5-042674931d23@group-F11756C8BA4A-LeaderElection214] INFO  impl.LeaderElection (LeaderElection.java:logAndReturn(56)) - b75f8b2e-6273-4c97-b7c5-042674931d23@group-F11756C8BA4A-LeaderElection214: Election REJECTED; received 2 response(s) [b75f8b2e-6273-4c97-b7c5-042674931d23<-6ef27e9c-8ddb-4fa1-8c14-ab102acfb1b8#0:FAIL-t116, b75f8b2e-6273-4c97-b7c5-042674931d23<-3750b3a2-715b-46b3-9d0c-9e38136244b9#0:FAIL-t116] and 0 exception(s); b75f8b2e-6273-4c97-b7c5-042674931d23@group-F11756C8BA4A:t116, leader=null, voted=b75f8b2e-6273-4c97-b7c5-042674931d23, raftlog=b75f8b2e-6273-4c97-b7c5-042674931d23@group-F11756C8BA4A-SegmentedRaftLog:OPENED:c-1,f-1,i0, conf=-1: [6ef27e9c-8ddb-4fa1-8c14-ab102acfb1b8:192.168.164.241:38092, b75f8b2e-6273-4c97-b7c5-042674931d23:192.168.164.241:41857, 3750b3a2-715b-46b3-9d0c-9e38136244b9:192.168.164.241:46227], old=null
2019-10-20 18:18:42,573 [b75f8b2e-6273-4c97-b7c5-042674931d23@group-F11756C8BA4A-LeaderElection214] INFO  impl.RaftServerImpl (RaftServerImpl.java:setRole(184)) - b75f8b2e-6273-4c97-b7c5-042674931d23@group-F11756C8BA4A: changes role from CANDIDATE to FOLLOWER at term 116 for DISCOVERED_A_NEW_TERM
2019-10-20 18:18:42,573 [b75f8b2e-6273-4c97-b7c5-042674931d23@group-F11756C8BA4A-LeaderElection214] INFO  impl.RoleInfo (RoleInfo.java:shutdownLeaderElection(134)) - b75f8b2e-6273-4c97-b7c5-042674931d23: shutdown LeaderElection
2019-10-20 18:18:42,573 [b75f8b2e-6273-4c97-b7c5-042674931d23@group-F11756C8BA4A-LeaderElection214] INFO  impl.RoleInfo (RoleInfo.java:updateAndGet(143)) - b75f8b2e-6273-4c97-b7c5-042674931d23: start FollowerState
2019-10-20 18:18:42,574 [grpc-default-executor-7] INFO  impl.RaftServerImpl (RaftServerImpl.java:setRole(184)) - 7a43c46a-fc88-4b2d-b2da-ae029cfa60ff@group-D40A05E2FCF9: changes role from  FOLLOWER to FOLLOWER at term 115 for recognizeCandidate:399079f7-1eb1-4f37-b003-267572525934
2019-10-20 18:18:42,574 [grpc-default-executor-10] INFO  impl.RaftServerImpl (RaftServerImpl.java:setRole(184)) - 6c5c38af-62e6-4ea7-a24a-078dcb28fb39@group-D40A05E2FCF9: changes role from  FOLLOWER to FOLLOWER at term 115 for recognizeCandidate:399079f7-1eb1-4f37-b003-267572525934
2019-10-20 18:18:42,574 [grpc-default-executor-7] INFO  impl.RoleInfo (RoleInfo.java:shutdownFollowerState(121)) - 7a43c46a-fc88-4b2d-b2da-ae029cfa60ff: shutdown FollowerState
2019-10-20 18:18:42,574 [grpc-default-executor-10] INFO  impl.RoleInfo (RoleInfo.java:shutdownFollowerState(121)) - 6c5c38af-62e6-4ea7-a24a-078dcb28fb39: shutdown FollowerState
2019-10-20 18:18:42,575 [Thread-1805] INFO  impl.FollowerState (FollowerState.java:run(117)) - 7a43c46a-fc88-4b2d-b2da-ae029cfa60ff@group-D40A05E2FCF9-FollowerState was interrupted: java.lang.InterruptedException: sleep interrupted
2019-10-20 18:18:42,575 [grpc-default-executor-7] INFO  impl.RoleInfo (RoleInfo.java:updateAndGet(143)) - 7a43c46a-fc88-4b2d-b2da-ae029cfa60ff: start FollowerState
2019-10-20 18:18:42,575 [Thread-1806] INFO  impl.FollowerState (FollowerState.java:run(117)) - 6c5c38af-62e6-4ea7-a24a-078dcb28fb39@group-D40A05E2FCF9-FollowerState was interrupted: java.lang.InterruptedException: sleep interrupted
2019-10-20 18:18:42,575 [grpc-default-executor-10] INFO  impl.RoleInfo (RoleInfo.java:updateAndGet(143)) - 6c5c38af-62e6-4ea7-a24a-078dcb28fb39: start FollowerState
2019-10-20 18:18:42,591 [399079f7-1eb1-4f37-b003-267572525934@group-D40A05E2FCF9-LeaderElection215] INFO  impl.LeaderElection (LeaderElection.java:logAndReturn(56)) - 399079f7-1eb1-4f37-b003-267572525934@group-D40A05E2FCF9-LeaderElection215: Election TIMEOUT; received 0 response(s) [] and 0 exception(s); 399079f7-1eb1-4f37-b003-267572525934@group-D40A05E2FCF9:t115, leader=null, voted=399079f7-1eb1-4f37-b003-267572525934, raftlog=399079f7-1eb1-4f37-b003-267572525934@group-D40A05E2FCF9-SegmentedRaftLog:OPENED:c-1,f-1,i0, conf=-1: [399079f7-1eb1-4f37-b003-267572525934:192.168.164.241:37762, 7a43c46a-fc88-4b2d-b2da-ae029cfa60ff:192.168.164.241:43684, 6c5c38af-62e6-4ea7-a24a-078dcb28fb39:192.168.164.241:45428], old=null
2019-10-20 18:18:42,616 [399079f7-1eb1-4f37-b003-267572525934@group-D40A05E2FCF9-LeaderElection215] INFO  impl.LeaderElection (LeaderElection.java:askForVotes(178)) - 399079f7-1eb1-4f37-b003-267572525934@group-D40A05E2FCF9-LeaderElection215: begin an election at term 116 for -1: [399079f7-1eb1-4f37-b003-267572525934:192.168.164.241:37762, 7a43c46a-fc88-4b2d-b2da-ae029cfa60ff:192.168.164.241:43684, 6c5c38af-62e6-4ea7-a24a-078dcb28fb39:192.168.164.241:45428], old=null
2019-10-20 18:18:42,618 [grpc-default-executor-10] INFO  impl.RaftServerImpl (RaftServerImpl.java:setRole(184)) - 7a43c46a-fc88-4b2d-b2da-ae029cfa60ff@group-D40A05E2FCF9: changes role from  FOLLOWER to FOLLOWER at term 116 for recognizeCandidate:399079f7-1eb1-4f37-b003-267572525934
2019-10-20 18:18:42,618 [Thread-1825] INFO  impl.FollowerState (FollowerState.java:run(108)) - b75f8b2e-6273-4c97-b7c5-042674931d23@group-F11756C8BA4A-FollowerState: change to CANDIDATE, lastRpcTime:44ms, electionTimeout:44ms
2019-10-20 18:18:42,618 [grpc-default-executor-7] INFO  impl.RaftServerImpl (RaftServerImpl.java:setRole(184)) - 6c5c38af-62e6-4ea7-a24a-078dcb28fb39@group-D40A05E2FCF9: changes role from  FOLLOWER to FOLLOWER at term 116 for recognizeCandidate:399079f7-1eb1-4f37-b003-267572525934
2019-10-20 18:18:42,618 [Thread-1825] INFO  impl.RoleInfo (RoleInfo.java:shutdownFollowerState(121)) - b75f8b2e-6273-4c97-b7c5-042674931d23: shutdown FollowerState
2019-10-20 18:18:42,618 [grpc-default-executor-10] INFO  impl.RoleInfo (RoleInfo.java:shutdownFollowerState(121)) - 7a43c46a-fc88-4b2d-b2da-ae029cfa60ff: shutdown FollowerState
2019-10-20 18:18:42,618 [Thread-1825] INFO  impl.RaftServerImpl (RaftServerImpl.java:setRole(184)) - b75f8b2e-6273-4c97-b7c5-042674931d23@group-F11756C8BA4A: changes role from  FOLLOWER to CANDIDATE at term 116 for changeToCandidate
2019-10-20 18:18:42,618 [grpc-default-executor-7] INFO  impl.RoleInfo (RoleInfo.java:shutdownFollowerState(121)) - 6c5c38af-62e6-4ea7-a24a-078dcb28fb39: shutdown FollowerState
2019-10-20 18:18:42,619 [Thread-1825] INFO  impl.RoleInfo (RoleInfo.java:updateAndGet(143)) - b75f8b2e-6273-4c97-b7c5-042674931d23: start LeaderElection
2019-10-20 18:18:42,619 [Thread-1827] INFO  impl.FollowerState (FollowerState.java:run(117)) - 6c5c38af-62e6-4ea7-a24a-078dcb28fb39@group-D40A05E2FCF9-FollowerState was interrupted: java.lang.InterruptedException: sleep interrupted
2019-10-20 18:18:42,618 [Thread-1826] INFO  impl.FollowerState (FollowerState.java:run(117)) - 7a43c46a-fc88-4b2d-b2da-ae029cfa60ff@group-D40A05E2FCF9-FollowerState was interrupted: java.lang.InterruptedException: sleep interrupted
2019-10-20 18:18:42,618 [grpc-default-executor-10] INFO  impl.RoleInfo (RoleInfo.java:updateAndGet(143)) - 7a43c46a-fc88-4b2d-b2da-ae029cfa60ff: start FollowerState
2019-10-20 18:18:42,619 [grpc-default-executor-7] INFO  impl.RoleInfo (RoleInfo.java:updateAndGet(143)) - 6c5c38af-62e6-4ea7-a24a-078dcb28fb39: start FollowerState
2019-10-20 18:18:42,642 [b75f8b2e-6273-4c97-b7c5-042674931d23@group-F11756C8BA4A-LeaderElection216] INFO  impl.LeaderElection (LeaderElection.java:askForVotes(178)) - b75f8b2e-6273-4c97-b7c5-042674931d23@group-F11756C8BA4A-LeaderElection216: begin an election at term 117 for -1: [6ef27e9c-8ddb-4fa1-8c14-ab102acfb1b8:192.168.164.241:38092, b75f8b2e-6273-4c97-b7c5-042674931d23:192.168.164.241:41857, 3750b3a2-715b-46b3-9d0c-9e38136244b9:192.168.164.241:46227], old=null
2019-10-20 18:18:42,643 [399079f7-1eb1-4f37-b003-267572525934@group-D40A05E2FCF9-LeaderElection215] INFO  impl.LeaderElection (LeaderElection.java:logAndReturn(56)) - 399079f7-1eb1-4f37-b003-267572525934@group-D40A05E2FCF9-LeaderElection215: Election REJECTED; received 2 response(s) [399079f7-1eb1-4f37-b003-267572525934<-7a43c46a-fc88-4b2d-b2da-ae029cfa60ff#0:FAIL-t116, 399079f7-1eb1-4f37-b003-267572525934<-6c5c38af-62e6-4ea7-a24a-078dcb28fb39#0:FAIL-t116] and 0 exception(s); 399079f7-1eb1-4f37-b003-267572525934@group-D40A05E2FCF9:t116, leader=null, voted=399079f7-1eb1-4f37-b003-267572525934, raftlog=399079f7-1eb1-4f37-b003-267572525934@group-D40A05E2FCF9-SegmentedRaftLog:OPENED:c-1,f-1,i0, conf=-1: [399079f7-1eb1-4f37-b003-267572525934:192.168.164.241:37762, 7a43c46a-fc88-4b2d-b2da-ae029cfa60ff:192.168.164.241:43684, 6c5c38af-62e6-4ea7-a24a-078dcb28fb39:192.168.164.241:45428], old=null
2019-10-20 18:18:42,643 [399079f7-1eb1-4f37-b003-267572525934@group-D40A05E2FCF9-LeaderElection215] INFO  impl.RaftServerImpl (RaftServerImpl.java:setRole(184)) - 399079f7-1eb1-4f37-b003-267572525934@group-D40A05E2FCF9: changes role from CANDIDATE to FOLLOWER at term 116 for DISCOVERED_A_NEW_TERM
2019-10-20 18:18:42,643 [399079f7-1eb1-4f37-b003-267572525934@group-D40A05E2FCF9-LeaderElection215] INFO  impl.RoleInfo (RoleInfo.java:shutdownLeaderElection(134)) - 399079f7-1eb1-4f37-b003-267572525934: shutdown LeaderElection
2019-10-20 18:18:42,643 [399079f7-1eb1-4f37-b003-267572525934@group-D40A05E2FCF9-LeaderElection215] INFO  impl.RoleInfo (RoleInfo.java:updateAndGet(143)) - 399079f7-1eb1-4f37-b003-267572525934: start FollowerState
2019-10-20 18:18:42,643 [grpc-default-executor-7] INFO  impl.RaftServerImpl (RaftServerImpl.java:setRole(184)) - 3750b3a2-715b-46b3-9d0c-9e38136244b9@group-F11756C8BA4A: changes role from  FOLLOWER to FOLLOWER at term 117 for recognizeCandidate:b75f8b2e-6273-4c97-b7c5-042674931d23
2019-10-20 18:18:42,643 [grpc-default-executor-7] INFO  impl.RoleInfo (RoleInfo.java:shutdownFollowerState(121)) - 3750b3a2-715b-46b3-9d0c-9e38136244b9: shutdown FollowerState
2019-10-20 18:18:42,644 [grpc-default-executor-7] INFO  impl.RoleInfo (RoleInfo.java:updateAndGet(143)) - 3750b3a2-715b-46b3-9d0c-9e38136244b9: start FollowerState
2019-10-20 18:18:42,644 [grpc-default-executor-10] INFO  impl.RaftServerImpl (RaftServerImpl.java:setRole(184)) - 6ef27e9c-8ddb-4fa1-8c14-ab102acfb1b8@group-F11756C8BA4A: changes role from  FOLLOWER to FOLLOWER at term 117 for recognizeCandidate:b75f8b2e-6273-4c97-b7c5-042674931d23
2019-10-20 18:18:42,644 [Thread-1820] INFO  impl.FollowerState (FollowerState.java:run(117)) - 3750b3a2-715b-46b3-9d0c-9e38136244b9@group-F11756C8BA4A-FollowerState was interrupted: java.lang.InterruptedException: sleep interrupted
2019-10-20 18:18:42,644 [grpc-default-executor-10] INFO  impl.RoleInfo (RoleInfo.java:shutdownFollowerState(121)) - 6ef27e9c-8ddb-4fa1-8c14-ab102acfb1b8: shutdown FollowerState
2019-10-20 18:18:42,644 [grpc-default-executor-10] INFO  impl.RoleInfo (RoleInfo.java:updateAndGet(143)) - 6ef27e9c-8ddb-4fa1-8c14-ab102acfb1b8: start FollowerState
2019-10-20 18:18:42,644 [Thread-1819] INFO  impl.FollowerState (FollowerState.java:run(117)) - 6ef27e9c-8ddb-4fa1-8c14-ab102acfb1b8@group-F11756C8BA4A-FollowerState was interrupted: java.lang.InterruptedException: sleep interrupted
2019-10-20 18:18:42,668 [b75f8b2e-6273-4c97-b7c5-042674931d23@group-F11756C8BA4A-LeaderElection216] INFO  impl.LeaderElection (LeaderElection.java:logAndReturn(56)) - b75f8b2e-6273-4c97-b7c5-042674931d23@group-F11756C8BA4A-LeaderElection216: Election REJECTED; received 2 response(s) [b75f8b2e-6273-4c97-b7c5-042674931d23<-6ef27e9c-8ddb-4fa1-8c14-ab102acfb1b8#0:FAIL-t117, b75f8b2e-6273-4c97-b7c5-042674931d23<-3750b3a2-715b-46b3-9d0c-9e38136244b9#0:FAIL-t117] and 0 exception(s); b75f8b2e-6273-4c97-b7c5-042674931d23@group-F11756C8BA4A:t117, leader=null, voted=b75f8b2e-6273-4c97-b7c5-042674931d23, raftlog=b75f8b2e-6273-4c97-b7c5-042674931d23@group-F11756C8BA4A-SegmentedRaftLog:OPENED:c-1,f-1,i0, conf=-1: [6ef27e9c-8ddb-4fa1-8c14-ab102acfb1b8:192.168.164.241:38092, b75f8b2e-6273-4c97-b7c5-042674931d23:192.168.164.241:41857, 3750b3a2-715b-46b3-9d0c-9e38136244b9:192.168.164.241:46227], old=null
2019-10-20 18:18:42,668 [b75f8b2e-6273-4c97-b7c5-042674931d23@group-F11756C8BA4A-LeaderElection216] INFO  impl.RaftServerImpl (RaftServerImpl.java:setRole(184)) - b75f8b2e-6273-4c97-b7c5-042674931d23@group-F11756C8BA4A: changes role from CANDIDATE to FOLLOWER at term 117 for DISCOVERED_A_NEW_TERM
2019-10-20 18:18:42,668 [b75f8b2e-6273-4c97-b7c5-042674931d23@group-F11756C8BA4A-LeaderElection216] INFO  impl.RoleInfo (RoleInfo.java:shutdownLeaderElection(134)) - b75f8b2e-6273-4c97-b7c5-042674931d23: shutdown LeaderElection
2019-10-20 18:18:42,668 [b75f8b2e-6273-4c97-b7c5-042674931d23@group-F11756C8BA4A-LeaderElection216] INFO  impl.RoleInfo (RoleInfo.java:updateAndGet(143)) - b75f8b2e-6273-4c97-b7c5-042674931d23: start FollowerState
2019-10-20 18:18:42,735 [Thread-1835] INFO  impl.FollowerState (FollowerState.java:run(108)) - 399079f7-1eb1-4f37-b003-267572525934@group-D40A05E2FCF9-FollowerState: change to CANDIDATE, lastRpcTime:92ms, electionTimeout:92ms
2019-10-20 18:18:42,736 [Thread-1835] INFO  impl.RoleInfo (RoleInfo.java:shutdownFollowerState(121)) - 399079f7-1eb1-4f37-b003-267572525934: shutdown FollowerState
2019-10-20 18:18:42,736 [Thread-1835] INFO  impl.RaftServerImpl (RaftServerImpl.java:setRole(184)) - 399079f7-1eb1-4f37-b003-267572525934@group-D40A05E2FCF9: changes role from  FOLLOWER to CANDIDATE at term 116 for changeToCandidate
2019-10-20 18:18:42,736 [Thread-1835] INFO  impl.RoleInfo (RoleInfo.java:updateAndGet(143)) - 399079f7-1eb1-4f37-b003-267572525934: start LeaderElection
2019-10-20 18:18:42,762 [399079f7-1eb1-4f37-b003-267572525934@group-D40A05E2FCF9-LeaderElection217] INFO  impl.LeaderElection (LeaderElection.java:askForVotes(178)) - 399079f7-1eb1-4f37-b003-267572525934@group-D40A05E2FCF9-LeaderElection217: begin an election at term 117 for -1: [399079f7-1eb1-4f37-b003-267572525934:192.168.164.241:37762, 7a43c46a-fc88-4b2d-b2da-ae029cfa60ff:192.168.164.241:43684, 6c5c38af-62e6-4ea7-a24a-078dcb28fb39:192.168.164.241:45428], old=null
2019-10-20 18:18:42,764 [grpc-default-executor-7] INFO  impl.RaftServerImpl (RaftServerImpl.java:setRole(184)) - 7a43c46a-fc88-4b2d-b2da-ae029cfa60ff@group-D40A05E2FCF9: changes role from  FOLLOWER to FOLLOWER at term 117 for recognizeCandidate:399079f7-1eb1-4f37-b003-267572525934
2019-10-20 18:18:42,764 [grpc-default-executor-10] INFO  impl.RaftServerImpl (RaftServerImpl.java:setRole(184)) - 6c5c38af-62e6-4ea7-a24a-078dcb28fb39@group-D40A05E2FCF9: changes role from  FOLLOWER to FOLLOWER at term 117 for recognizeCandidate:399079f7-1eb1-4f37-b003-267572525934
2019-10-20 18:18:42,764 [grpc-default-executor-7] INFO  impl.RoleInfo (RoleInfo.java:shutdownFollowerState(121)) - 7a43c46a-fc88-4b2d-b2da-ae029cfa60ff: shutdown FollowerState
2019-10-20 18:18:42,764 [grpc-default-executor-10] INFO  impl.RoleInfo (RoleInfo.java:shutdownFollowerState(121)) - 6c5c38af-62e6-4ea7-a24a-078dcb28fb39: shutdown FollowerState
2019-10-20 18:18:42,764 [Thread-1830] INFO  impl.FollowerState (FollowerState.java:run(117)) - 7a43c46a-fc88-4b2d-b2da-ae029cfa60ff@group-D40A05E2FCF9-FollowerState was interrupted: java.lang.InterruptedException: sleep interrupted
2019-10-20 18:18:42,764 [grpc-default-executor-7] INFO  impl.RoleInfo (RoleInfo.java:updateAndGet(143)) - 7a43c46a-fc88-4b2d-b2da-ae029cfa60ff: start FollowerState
2019-10-20 18:18:42,764 [Thread-1832] INFO  impl.FollowerState (FollowerState.java:run(117)) - 6c5c38af-62e6-4ea7-a24a-078dcb28fb39@group-D40A05E2FCF9-FollowerState was interrupted: java.lang.InterruptedException: sleep interrupted
2019-10-20 18:18:42,764 [grpc-default-executor-10] INFO  impl.RoleInfo (RoleInfo.java:updateAndGet(143)) - 6c5c38af-62e6-4ea7-a24a-078dcb28fb39: start FollowerState
2019-10-20 18:18:42,769 [Thread-1838] INFO  impl.FollowerState (FollowerState.java:run(108)) - b75f8b2e-6273-4c97-b7c5-042674931d23@group-F11756C8BA4A-FollowerState: change to CANDIDATE, lastRpcTime:100ms, electionTimeout:100ms
2019-10-20 18:18:42,769 [Thread-1838] INFO  impl.RoleInfo (RoleInfo.java:shutdownFollowerState(121)) - b75f8b2e-6273-4c97-b7c5-042674931d23: shutdown FollowerState
2019-10-20 18:18:42,769 [Thread-1838] INFO  impl.RaftServerImpl (RaftServerImpl.java:setRole(184)) - b75f8b2e-6273-4c97-b7c5-042674931d23@group-F11756C8BA4A: changes role from  FOLLOWER to CANDIDATE at term 117 for changeToCandidate
2019-10-20 18:18:42,769 [Thread-1838] INFO  impl.RoleInfo (RoleInfo.java:updateAndGet(143)) - b75f8b2e-6273-4c97-b7c5-042674931d23: start LeaderElection
2019-10-20 18:18:42,779 [399079f7-1eb1-4f37-b003-267572525934@group-D40A05E2FCF9-LeaderElection217] INFO  impl.LeaderElection (LeaderElection.java:logAndReturn(56)) - 399079f7-1eb1-4f37-b003-267572525934@group-D40A05E2FCF9-LeaderElection217: Election REJECTED; received 2 response(s) [399079f7-1eb1-4f37-b003-267572525934<-7a43c46a-fc88-4b2d-b2da-ae029cfa60ff#0:FAIL-t117, 399079f7-1eb1-4f37-b003-267572525934<-6c5c38af-62e6-4ea7-a24a-078dcb28fb39#0:FAIL-t117] and 0 exception(s); 399079f7-1eb1-4f37-b003-267572525934@group-D40A05E2FCF9:t117, leader=null, voted=399079f7-1eb1-4f37-b003-267572525934, raftlog=399079f7-1eb1-4f37-b003-267572525934@group-D40A05E2FCF9-SegmentedRaftLog:OPENED:c-1,f-1,i0, conf=-1: [399079f7-1eb1-4f37-b003-267572525934:192.168.164.241:37762, 7a43c46a-fc88-4b2d-b2da-ae029cfa60ff:192.168.164.241:43684, 6c5c38af-62e6-4ea7-a24a-078dcb28fb39:192.168.164.241:45428], old=null
2019-10-20 18:18:42,780 [399079f7-1eb1-4f37-b003-267572525934@group-D40A05E2FCF9-LeaderElection217] INFO  impl.RaftServerImpl (RaftServerImpl.java:setRole(184)) - 399079f7-1eb1-4f37-b003-267572525934@group-D40A05E2FCF9: changes role from CANDIDATE to FOLLOWER at term 117 for DISCOVERED_A_NEW_TERM
2019-10-20 18:18:42,780 [399079f7-1eb1-4f37-b003-267572525934@group-D40A05E2FCF9-LeaderElection217] INFO  impl.RoleInfo (RoleInfo.java:shutdownLeaderElection(134)) - 399079f7-1eb1-4f37-b003-267572525934: shutdown LeaderElection
2019-10-20 18:18:42,780 [399079f7-1eb1-4f37-b003-267572525934@group-D40A05E2FCF9-LeaderElection217] INFO  impl.RoleInfo (RoleInfo.java:updateAndGet(143)) - 399079f7-1eb1-4f37-b003-267572525934: start FollowerState
2019-10-20 18:18:42,796 [b75f8b2e-6273-4c97-b7c5-042674931d23@group-F11756C8BA4A-LeaderElection218] INFO  impl.LeaderElection (LeaderElection.java:askForVotes(178)) - b75f8b2e-6273-4c97-b7c5-042674931d23@group-F11756C8BA4A-LeaderElection218: begin an election at term 118 for -1: [6ef27e9c-8ddb-4fa1-8c14-ab102acfb1b8:192.168.164.241:38092, b75f8b2e-6273-4c97-b7c5-042674931d23:192.168.164.241:41857, 3750b3a2-715b-46b3-9d0c-9e38136244b9:192.168.164.241:46227], old=null
2019-10-20 18:18:42,798 [grpc-default-executor-7] INFO  impl.RaftServerImpl (RaftServerImpl.java:setRole(184)) - 3750b3a2-715b-46b3-9d0c-9e38136244b9@group-F11756C8BA4A: changes role from  FOLLOWER to FOLLOWER at term 118 for recognizeCandidate:b75f8b2e-6273-4c97-b7c5-042674931d23
2019-10-20 18:18:42,798 [grpc-default-executor-7] INFO  impl.RoleInfo (RoleInfo.java:shutdownFollowerState(121)) - 3750b3a2-715b-46b3-9d0c-9e38136244b9: shutdown FollowerState
2019-10-20 18:18:42,798 [grpc-default-executor-10] INFO  impl.RaftServerImpl (RaftServerImpl.java:setRole(184)) - 6ef27e9c-8ddb-4fa1-8c14-ab102acfb1b8@group-F11756C8BA4A: changes role from  FOLLOWER to FOLLOWER at term 118 for recognizeCandidate:b75f8b2e-6273-4c97-b7c5-042674931d23
2019-10-20 18:18:42,798 [grpc-default-executor-10] INFO  impl.RoleInfo (RoleInfo.java:shutdownFollowerState(121)) - 6ef27e9c-8ddb-4fa1-8c14-ab102acfb1b8: shutdown FollowerState
2019-10-20 18:18:42,798 [Thread-1836] INFO  impl.FollowerState (FollowerState.java:run(117)) - 3750b3a2-715b-46b3-9d0c-9e38136244b9@group-F11756C8BA4A-FollowerState was interrupted: java.lang.InterruptedException: sleep interrupted
2019-10-20 18:18:42,798 [grpc-default-executor-7] INFO  impl.RoleInfo (RoleInfo.java:updateAndGet(143)) - 3750b3a2-715b-46b3-9d0c-9e38136244b9: start FollowerState
2019-10-20 18:18:42,798 [Thread-1837] INFO  impl.FollowerState (FollowerState.java:run(117)) - 6ef27e9c-8ddb-4fa1-8c14-ab102acfb1b8@group-F11756C8BA4A-FollowerState was interrupted: java.lang.InterruptedException: sleep interrupted
2019-10-20 18:18:42,798 [grpc-default-executor-10] INFO  impl.RoleInfo (RoleInfo.java:updateAndGet(143)) - 6ef27e9c-8ddb-4fa1-8c14-ab102acfb1b8: start FollowerState
2019-10-20 18:18:42,820 [b75f8b2e-6273-4c97-b7c5-042674931d23@group-F11756C8BA4A-LeaderElection218] INFO  impl.LeaderElection (LeaderElection.java:logAndReturn(56)) - b75f8b2e-6273-4c97-b7c5-042674931d23@group-F11756C8BA4A-LeaderElection218: Election TIMEOUT; received 0 response(s) [] and 0 exception(s); b75f8b2e-6273-4c97-b7c5-042674931d23@group-F11756C8BA4A:t118, leader=null, voted=b75f8b2e-6273-4c97-b7c5-042674931d23, raftlog=b75f8b2e-6273-4c97-b7c5-042674931d23@group-F11756C8BA4A-SegmentedRaftLog:OPENED:c-1,f-1,i0, conf=-1: [6ef27e9c-8ddb-4fa1-8c14-ab102acfb1b8:192.168.164.241:38092, b75f8b2e-6273-4c97-b7c5-042674931d23:192.168.164.241:41857, 3750b3a2-715b-46b3-9d0c-9e38136244b9:192.168.164.241:46227], old=null
2019-10-20 18:18:42,848 [b75f8b2e-6273-4c97-b7c5-042674931d23@group-F11756C8BA4A-LeaderElection218] INFO  impl.LeaderElection (LeaderElection.java:askForVotes(178)) - b75f8b2e-6273-4c97-b7c5-042674931d23@group-F11756C8BA4A-LeaderElection218: begin an election at term 119 for -1: [6ef27e9c-8ddb-4fa1-8c14-ab102acfb1b8:192.168.164.241:38092, b75f8b2e-6273-4c97-b7c5-042674931d23:192.168.164.241:41857, 3750b3a2-715b-46b3-9d0c-9e38136244b9:192.168.164.241:46227], old=null
2019-10-20 18:18:42,850 [grpc-default-executor-10] INFO  impl.RaftServerImpl (RaftServerImpl.java:setRole(184)) - 6ef27e9c-8ddb-4fa1-8c14-ab102acfb1b8@group-F11756C8BA4A: changes role from  FOLLOWER to FOLLOWER at term 119 for recognizeCandidate:b75f8b2e-6273-4c97-b7c5-042674931d23
2019-10-20 18:18:42,850 [grpc-default-executor-10] INFO  impl.RoleInfo (RoleInfo.java:shutdownFollowerState(121)) - 6ef27e9c-8ddb-4fa1-8c14-ab102acfb1b8: shutdown FollowerState
2019-10-20 18:18:42,850 [grpc-default-executor-7] INFO  impl.RaftServerImpl (RaftServerImpl.java:setRole(184)) - 3750b3a2-715b-46b3-9d0c-9e38136244b9@group-F11756C8BA4A: changes role from  FOLLOWER to FOLLOWER at term 119 for recognizeCandidate:b75f8b2e-6273-4c97-b7c5-042674931d23
2019-10-20 18:18:42,850 [Thread-1849] INFO  impl.FollowerState (FollowerState.java:run(117)) - 6ef27e9c-8ddb-4fa1-8c14-ab102acfb1b8@group-F11756C8BA4A-FollowerState was interrupted: java.lang.InterruptedException: sleep interrupted
2019-10-20 18:18:42,850 [grpc-default-executor-10] INFO  impl.RoleInfo (RoleInfo.java:updateAndGet(143)) - 6ef27e9c-8ddb-4fa1-8c14-ab102acfb1b8: start FollowerState
2019-10-20 18:18:42,850 [grpc-default-executor-7] INFO  impl.RoleInfo (RoleInfo.java:shutdownFollowerState(121)) - 3750b3a2-715b-46b3-9d0c-9e38136244b9: shutdown FollowerState
2019-10-20 18:18:42,851 [grpc-default-executor-7] INFO  impl.RoleInfo (RoleInfo.java:updateAndGet(143)) - 3750b3a2-715b-46b3-9d0c-9e38136244b9: start FollowerState
2019-10-20 18:18:42,851 [Thread-1848] INFO  impl.FollowerState (FollowerState.java:run(117)) - 3750b3a2-715b-46b3-9d0c-9e38136244b9@group-F11756C8BA4A-FollowerState was interrupted: java.lang.InterruptedException: sleep interrupted
2019-10-20 18:18:42,866 [b75f8b2e-6273-4c97-b7c5-042674931d23@group-F11756C8BA4A-LeaderElection218] INFO  impl.LeaderElection (LeaderElection.java:logAndReturn(56)) - b75f8b2e-6273-4c97-b7c5-042674931d23@group-F11756C8BA4A-LeaderElection218: Election REJECTED; received 2 response(s) [b75f8b2e-6273-4c97-b7c5-042674931d23<-6ef27e9c-8ddb-4fa1-8c14-ab102acfb1b8#0:FAIL-t119, b75f8b2e-6273-4c97-b7c5-042674931d23<-3750b3a2-715b-46b3-9d0c-9e38136244b9#0:FAIL-t119] and 0 exception(s); b75f8b2e-6273-4c97-b7c5-042674931d23@group-F11756C8BA4A:t119, leader=null, voted=b75f8b2e-6273-4c97-b7c5-042674931d23, raftlog=b75f8b2e-6273-4c97-b7c5-042674931d23@group-F11756C8BA4A-SegmentedRaftLog:OPENED:c-1,f-1,i0, conf=-1: [6ef27e9c-8ddb-4fa1-8c14-ab102acfb1b8:192.168.164.241:38092, b75f8b2e-6273-4c97-b7c5-042674931d23:192.168.164.241:41857, 3750b3a2-715b-46b3-9d0c-9e38136244b9:192.168.164.241:46227], old=null
2019-10-20 18:18:42,866 [b75f8b2e-6273-4c97-b7c5-042674931d23@group-F11756C8BA4A-LeaderElection218] INFO  impl.RaftServerImpl (RaftServerImpl.java:setRole(184)) - b75f8b2e-6273-4c97-b7c5-042674931d23@group-F11756C8BA4A: changes role from CANDIDATE to FOLLOWER at term 119 for DISCOVERED_A_NEW_TERM
2019-10-20 18:18:42,866 [b75f8b2e-6273-4c97-b7c5-042674931d23@group-F11756C8BA4A-LeaderElection218] INFO  impl.RoleInfo (RoleInfo.java:shutdownLeaderElection(134)) - b75f8b2e-6273-4c97-b7c5-042674931d23: shutdown LeaderElection
2019-10-20 18:18:42,866 [b75f8b2e-6273-4c97-b7c5-042674931d23@group-F11756C8BA4A-LeaderElection218] INFO  impl.RoleInfo (RoleInfo.java:updateAndGet(143)) - b75f8b2e-6273-4c97-b7c5-042674931d23: start FollowerState
2019-10-20 18:18:42,874 [Thread-1845] INFO  impl.FollowerState (FollowerState.java:run(108)) - 399079f7-1eb1-4f37-b003-267572525934@group-D40A05E2FCF9-FollowerState: change to CANDIDATE, lastRpcTime:94ms, electionTimeout:94ms
2019-10-20 18:18:42,875 [Thread-1845] INFO  impl.RoleInfo (RoleInfo.java:shutdownFollowerState(121)) - 399079f7-1eb1-4f37-b003-267572525934: shutdown FollowerState
2019-10-20 18:18:42,875 [Thread-1845] INFO  impl.RaftServerImpl (RaftServerImpl.java:setRole(184)) - 399079f7-1eb1-4f37-b003-267572525934@group-D40A05E2FCF9: changes role from  FOLLOWER to CANDIDATE at term 117 for changeToCandidate
2019-10-20 18:18:42,875 [Thread-1845] INFO  impl.RoleInfo (RoleInfo.java:updateAndGet(143)) - 399079f7-1eb1-4f37-b003-267572525934: start LeaderElection
2019-10-20 18:18:42,885 [Thread-1854] INFO  impl.FollowerState (FollowerState.java:run(108)) - b75f8b2e-6273-4c97-b7c5-042674931d23@group-F11756C8BA4A-FollowerState: change to CANDIDATE, lastRpcTime:19ms, electionTimeout:19ms
2019-10-20 18:18:42,886 [Thread-1854] INFO  impl.RoleInfo (RoleInfo.java:shutdownFollowerState(121)) - b75f8b2e-6273-4c97-b7c5-042674931d23: shutdown FollowerState
2019-10-20 18:18:42,886 [Thread-1854] INFO  impl.RaftServerImpl (RaftServerImpl.java:setRole(184)) - b75f8b2e-6273-4c97-b7c5-042674931d23@group-F11756C8BA4A: changes role from  FOLLOWER to CANDIDATE at term 119 for changeToCandidate
2019-10-20 18:18:42,886 [Thread-1854] INFO  impl.RoleInfo (RoleInfo.java:updateAndGet(143)) - b75f8b2e-6273-4c97-b7c5-042674931d23: start LeaderElection
2019-10-20 18:18:42,891 [399079f7-1eb1-4f37-b003-267572525934@group-D40A05E2FCF9-LeaderElection219] INFO  impl.LeaderElection (LeaderElection.java:askForVotes(178)) - 399079f7-1eb1-4f37-b003-267572525934@group-D40A05E2FCF9-LeaderElection219: begin an election at term 118 for -1: [399079f7-1eb1-4f37-b003-267572525934:192.168.164.241:37762, 7a43c46a-fc88-4b2d-b2da-ae029cfa60ff:192.168.164.241:43684, 6c5c38af-62e6-4ea7-a24a-078dcb28fb39:192.168.164.241:45428], old=null
2019-10-20 18:18:42,892 [grpc-default-executor-7] INFO  impl.RaftServerImpl (RaftServerImpl.java:setRole(184)) - 7a43c46a-fc88-4b2d-b2da-ae029cfa60ff@group-D40A05E2FCF9: changes role from  FOLLOWER to FOLLOWER at term 118 for recognizeCandidate:399079f7-1eb1-4f37-b003-267572525934
2019-10-20 18:18:42,892 [grpc-default-executor-10] INFO  impl.RaftServerImpl (RaftServerImpl.java:setRole(184)) - 6c5c38af-62e6-4ea7-a24a-078dcb28fb39@group-D40A05E2FCF9: changes role from  FOLLOWER to FOLLOWER at term 118 for recognizeCandidate:399079f7-1eb1-4f37-b003-267572525934
2019-10-20 18:18:42,892 [grpc-default-executor-10] INFO  impl.RoleInfo (RoleInfo.java:shutdownFollowerState(121)) - 6c5c38af-62e6-4ea7-a24a-078dcb28fb39: shutdown FollowerState
2019-10-20 18:18:42,892 [grpc-default-executor-7] INFO  impl.RoleInfo (RoleInfo.java:shutdownFollowerState(121)) - 7a43c46a-fc88-4b2d-b2da-ae029cfa60ff: shutdown FollowerState
2019-10-20 18:18:42,893 [Thread-1843] INFO  impl.FollowerState (FollowerState.java:run(117)) - 6c5c38af-62e6-4ea7-a24a-078dcb28fb39@group-D40A05E2FCF9-FollowerState was interrupted: java.lang.InterruptedException: sleep interrupted
2019-10-20 18:18:42,893 [grpc-default-executor-10] INFO  impl.RoleInfo (RoleInfo.java:updateAndGet(143)) - 6c5c38af-62e6-4ea7-a24a-078dcb28fb39: start FollowerState
2019-10-20 18:18:42,893 [Thread-1842] INFO  impl.FollowerState (FollowerState.java:run(117)) - 7a43c46a-fc88-4b2d-b2da-ae029cfa60ff@group-D40A05E2FCF9-FollowerState was interrupted: java.lang.InterruptedException: sleep interrupted
2019-10-20 18:18:42,893 [grpc-default-executor-7] INFO  impl.RoleInfo (RoleInfo.java:updateAndGet(143)) - 7a43c46a-fc88-4b2d-b2da-ae029cfa60ff: start FollowerState
2019-10-20 18:18:42,908 [b75f8b2e-6273-4c97-b7c5-042674931d23@group-F11756C8BA4A-LeaderElection220] INFO  impl.LeaderElection (LeaderElection.java:askForVotes(178)) - b75f8b2e-6273-4c97-b7c5-042674931d23@group-F11756C8BA4A-LeaderElection220: begin an election at term 120 for -1: [6ef27e9c-8ddb-4fa1-8c14-ab102acfb1b8:192.168.164.241:38092, b75f8b2e-6273-4c97-b7c5-042674931d23:192.168.164.241:41857, 3750b3a2-715b-46b3-9d0c-9e38136244b9:192.168.164.241:46227], old=null
2019-10-20 18:18:42,908 [399079f7-1eb1-4f37-b003-267572525934@group-D40A05E2FCF9-LeaderElection219] INFO  impl.LeaderElection (LeaderElection.java:logAndReturn(56)) - 399079f7-1eb1-4f37-b003-267572525934@group-D40A05E2FCF9-LeaderElection219: Election REJECTED; received 2 response(s) [399079f7-1eb1-4f37-b003-267572525934<-7a43c46a-fc88-4b2d-b2da-ae029cfa60ff#0:FAIL-t118, 399079f7-1eb1-4f37-b003-267572525934<-6c5c38af-62e6-4ea7-a24a-078dcb28fb39#0:FAIL-t118] and 0 exception(s); 399079f7-1eb1-4f37-b003-267572525934@group-D40A05E2FCF9:t118, leader=null, voted=399079f7-1eb1-4f37-b003-267572525934, raftlog=399079f7-1eb1-4f37-b003-267572525934@group-D40A05E2FCF9-SegmentedRaftLog:OPENED:c-1,f-1,i0, conf=-1: [399079f7-1eb1-4f37-b003-267572525934:192.168.164.241:37762, 7a43c46a-fc88-4b2d-b2da-ae029cfa60ff:192.168.164.241:43684, 6c5c38af-62e6-4ea7-a24a-078dcb28fb39:192.168.164.241:45428], old=null
2019-10-20 18:18:42,909 [399079f7-1eb1-4f37-b003-267572525934@group-D40A05E2FCF9-LeaderElection219] INFO  impl.RaftServerImpl (RaftServerImpl.java:setRole(184)) - 399079f7-1eb1-4f37-b003-267572525934@group-D40A05E2FCF9: changes role from CANDIDATE to FOLLOWER at term 118 for DISCOVERED_A_NEW_TERM
2019-10-20 18:18:42,909 [399079f7-1eb1-4f37-b003-267572525934@group-D40A05E2FCF9-LeaderElection219] INFO  impl.RoleInfo (RoleInfo.java:shutdownLeaderElection(134)) - 399079f7-1eb1-4f37-b003-267572525934: shutdown LeaderElection
2019-10-20 18:18:42,909 [399079f7-1eb1-4f37-b003-267572525934@group-D40A05E2FCF9-LeaderElection219] INFO  impl.RoleInfo (RoleInfo.java:updateAndGet(143)) - 399079f7-1eb1-4f37-b003-267572525934: start FollowerState
2019-10-20 18:18:42,910 [grpc-default-executor-7] INFO  impl.RaftServerImpl (RaftServerImpl.java:setRole(184)) - 6ef27e9c-8ddb-4fa1-8c14-ab102acfb1b8@group-F11756C8BA4A: changes role from  FOLLOWER to FOLLOWER at term 120 for recognizeCandidate:b75f8b2e-6273-4c97-b7c5-042674931d23
2019-10-20 18:18:42,910 [grpc-default-executor-7] INFO  impl.RoleInfo (RoleInfo.java:shutdownFollowerState(121)) - 6ef27e9c-8ddb-4fa1-8c14-ab102acfb1b8: shutdown FollowerState
2019-10-20 18:18:42,910 [grpc-default-executor-7] INFO  impl.RoleInfo (RoleInfo.java:updateAndGet(143)) - 6ef27e9c-8ddb-4fa1-8c14-ab102acfb1b8: start FollowerState
2019-10-20 18:18:42,910 [grpc-default-executor-10] INFO  impl.RaftServerImpl (RaftServerImpl.java:setRole(184)) - 3750b3a2-715b-46b3-9d0c-9e38136244b9@group-F11756C8BA4A: changes role from  FOLLOWER to FOLLOWER at term 120 for recognizeCandidate:b75f8b2e-6273-4c97-b7c5-042674931d23
2019-10-20 18:18:42,910 [grpc-default-executor-10] INFO  impl.RoleInfo (RoleInfo.java:shutdownFollowerState(121)) - 3750b3a2-715b-46b3-9d0c-9e38136244b9: shutdown FollowerState
2019-10-20 18:18:42,910 [Thread-1852] INFO  impl.FollowerState (FollowerState.java:run(117)) - 6ef27e9c-8ddb-4fa1-8c14-ab102acfb1b8@group-F11756C8BA4A-FollowerState was interrupted: java.lang.InterruptedException: sleep interrupted
2019-10-20 18:18:42,910 [Thread-1853] INFO  impl.FollowerState (FollowerState.java:run(117)) - 3750b3a2-715b-46b3-9d0c-9e38136244b9@group-F11756C8BA4A-FollowerState was interrupted: java.lang.InterruptedException: sleep interrupted
2019-10-20 18:18:42,910 [grpc-default-executor-10] INFO  impl.RoleInfo (RoleInfo.java:updateAndGet(143)) - 3750b3a2-715b-46b3-9d0c-9e38136244b9: start FollowerState
2019-10-20 18:18:42,934 [b75f8b2e-6273-4c97-b7c5-042674931d23@group-F11756C8BA4A-LeaderElection220] INFO  impl.LeaderElection (LeaderElection.java:logAndReturn(56)) - b75f8b2e-6273-4c97-b7c5-042674931d23@group-F11756C8BA4A-LeaderElection220: Election REJECTED; received 2 response(s) [b75f8b2e-6273-4c97-b7c5-042674931d23<-6ef27e9c-8ddb-4fa1-8c14-ab102acfb1b8#0:FAIL-t120, b75f8b2e-6273-4c97-b7c5-042674931d23<-3750b3a2-715b-46b3-9d0c-9e38136244b9#0:FAIL-t120] and 0 exception(s); b75f8b2e-6273-4c97-b7c5-042674931d23@group-F11756C8BA4A:t120, leader=null, voted=b75f8b2e-6273-4c97-b7c5-042674931d23, raftlog=b75f8b2e-6273-4c97-b7c5-042674931d23@group-F11756C8BA4A-SegmentedRaftLog:OPENED:c-1,f-1,i0, conf=-1: [6ef27e9c-8ddb-4fa1-8c14-ab102acfb1b8:192.168.164.241:38092, b75f8b2e-6273-4c97-b7c5-042674931d23:192.168.164.241:41857, 3750b3a2-715b-46b3-9d0c-9e38136244b9:192.168.164.241:46227], old=null
2019-10-20 18:18:42,934 [b75f8b2e-6273-4c97-b7c5-042674931d23@group-F11756C8BA4A-LeaderElection220] INFO  impl.RaftServerImpl (RaftServerImpl.java:setRole(184)) - b75f8b2e-6273-4c97-b7c5-042674931d23@group-F11756C8BA4A: changes role from CANDIDATE to FOLLOWER at term 120 for DISCOVERED_A_NEW_TERM
2019-10-20 18:18:42,934 [b75f8b2e-6273-4c97-b7c5-042674931d23@group-F11756C8BA4A-LeaderElection220] INFO  impl.RoleInfo (RoleInfo.java:shutdownLeaderElection(134)) - b75f8b2e-6273-4c97-b7c5-042674931d23: shutdown LeaderElection
2019-10-20 18:18:42,935 [b75f8b2e-6273-4c97-b7c5-042674931d23@group-F11756C8BA4A-LeaderElection220] INFO  impl.RoleInfo (RoleInfo.java:updateAndGet(143)) - b75f8b2e-6273-4c97-b7c5-042674931d23: start FollowerState
2019-10-20 18:18:42,946 [Thread-1864] INFO  impl.FollowerState (FollowerState.java:run(108)) - 399079f7-1eb1-4f37-b003-267572525934@group-D40A05E2FCF9-FollowerState: change to CANDIDATE, lastRpcTime:37ms, electionTimeout:37ms
2019-10-20 18:18:42,946 [Thread-1864] INFO  impl.RoleInfo (RoleInfo.java:shutdownFollowerState(121)) - 399079f7-1eb1-4f37-b003-267572525934: shutdown FollowerState
2019-10-20 18:18:42,947 [Thread-1864] INFO  impl.RaftServerImpl (RaftServerImpl.java:setRole(184)) - 399079f7-1eb1-4f37-b003-267572525934@group-D40A05E2FCF9: changes role from  FOLLOWER to CANDIDATE at term 118 for changeToCandidate
2019-10-20 18:18:42,947 [Thread-1864] INFO  impl.RoleInfo (RoleInfo.java:updateAndGet(143)) - 399079f7-1eb1-4f37-b003-267572525934: start LeaderElection
2019-10-20 18:18:42,976 [399079f7-1eb1-4f37-b003-267572525934@group-D40A05E2FCF9-LeaderElection221] INFO  impl.LeaderElection (LeaderElection.java:askForVotes(178)) - 399079f7-1eb1-4f37-b003-267572525934@group-D40A05E2FCF9-LeaderElection221: begin an election at term 119 for -1: [399079f7-1eb1-4f37-b003-267572525934:192.168.164.241:37762, 7a43c46a-fc88-4b2d-b2da-ae029cfa60ff:192.168.164.241:43684, 6c5c38af-62e6-4ea7-a24a-078dcb28fb39:192.168.164.241:45428], old=null
2019-10-20 18:18:42,978 [grpc-default-executor-7] INFO  impl.RaftServerImpl (RaftServerImpl.java:setRole(184)) - 7a43c46a-fc88-4b2d-b2da-ae029cfa60ff@group-D40A05E2FCF9: changes role from  FOLLOWER to FOLLOWER at term 119 for recognizeCandidate:399079f7-1eb1-4f37-b003-267572525934
2019-10-20 18:18:42,978 [grpc-default-executor-7] INFO  impl.RoleInfo (RoleInfo.java:shutdownFollowerState(121)) - 7a43c46a-fc88-4b2d-b2da-ae029cfa60ff: shutdown FollowerState
2019-10-20 18:18:42,978 [grpc-default-executor-10] INFO  impl.RaftServerImpl (RaftServerImpl.java:setRole(184)) - 6c5c38af-62e6-4ea7-a24a-078dcb28fb39@group-D40A05E2FCF9: changes role from  FOLLOWER to FOLLOWER at term 119 for recognizeCandidate:399079f7-1eb1-4f37-b003-267572525934
2019-10-20 18:18:42,978 [grpc-default-executor-10] INFO  impl.RoleInfo (RoleInfo.java:shutdownFollowerState(121)) - 6c5c38af-62e6-4ea7-a24a-078dcb28fb39: shutdown FollowerState
2019-10-20 18:18:42,978 [Thread-1860] INFO  impl.FollowerState (FollowerState.java:run(117)) - 7a43c46a-fc88-4b2d-b2da-ae029cfa60ff@group-D40A05E2FCF9-FollowerState was interrupted: java.lang.InterruptedException: sleep interrupted
2019-10-20 18:18:42,979 [Thread-1859] INFO  impl.FollowerState (FollowerState.java:run(117)) - 6c5c38af-62e6-4ea7-a24a-078dcb28fb39@group-D40A05E2FCF9-FollowerState was interrupted: java.lang.InterruptedException: sleep interrupted
2019-10-20 18:18:42,978 [grpc-default-executor-7] INFO  impl.RoleInfo (RoleInfo.java:updateAndGet(143)) - 7a43c46a-fc88-4b2d-b2da-ae029cfa60ff: start FollowerState
2019-10-20 18:18:42,978 [grpc-default-executor-10] INFO  impl.RoleInfo (RoleInfo.java:updateAndGet(143)) - 6c5c38af-62e6-4ea7-a24a-078dcb28fb39: start FollowerState
2019-10-20 18:18:43,002 [399079f7-1eb1-4f37-b003-267572525934@group-D40A05E2FCF9-LeaderElection221] INFO  impl.LeaderElection (LeaderElection.java:logAndReturn(56)) - 399079f7-1eb1-4f37-b003-267572525934@group-D40A05E2FCF9-LeaderElection221: Election REJECTED; received 2 response(s) [399079f7-1eb1-4f37-b003-267572525934<-7a43c46a-fc88-4b2d-b2da-ae029cfa60ff#0:FAIL-t119, 399079f7-1eb1-4f37-b003-267572525934<-6c5c38af-62e6-4ea7-a24a-078dcb28fb39#0:FAIL-t119] and 0 exception(s); 399079f7-1eb1-4f37-b003-267572525934@group-D40A05E2FCF9:t119, leader=null, voted=399079f7-1eb1-4f37-b003-267572525934, raftlog=399079f7-1eb1-4f37-b003-267572525934@group-D40A05E2FCF9-SegmentedRaftLog:OPENED:c-1,f-1,i0, conf=-1: [399079f7-1eb1-4f37-b003-267572525934:192.168.164.241:37762, 7a43c46a-fc88-4b2d-b2da-ae029cfa60ff:192.168.164.241:43684, 6c5c38af-62e6-4ea7-a24a-078dcb28fb39:192.168.164.241:45428], old=null
2019-10-20 18:18:43,002 [399079f7-1eb1-4f37-b003-267572525934@group-D40A05E2FCF9-LeaderElection221] INFO  impl.RaftServerImpl (RaftServerImpl.java:setRole(184)) - 399079f7-1eb1-4f37-b003-267572525934@group-D40A05E2FCF9: changes role from CANDIDATE to FOLLOWER at term 119 for DISCOVERED_A_NEW_TERM
2019-10-20 18:18:43,002 [399079f7-1eb1-4f37-b003-267572525934@group-D40A05E2FCF9-LeaderElection221] INFO  impl.RoleInfo (RoleInfo.java:shutdownLeaderElection(134)) - 399079f7-1eb1-4f37-b003-267572525934: shutdown LeaderElection
2019-10-20 18:18:43,002 [399079f7-1eb1-4f37-b003-267572525934@group-D40A05E2FCF9-LeaderElection221] INFO  impl.RoleInfo (RoleInfo.java:updateAndGet(143)) - 399079f7-1eb1-4f37-b003-267572525934: start FollowerState
2019-10-20 18:18:43,049 [Thread-1874] INFO  impl.FollowerState (FollowerState.java:run(108)) - 399079f7-1eb1-4f37-b003-267572525934@group-D40A05E2FCF9-FollowerState: change to CANDIDATE, lastRpcTime:46ms, electionTimeout:46ms
2019-10-20 18:18:43,049 [Thread-1874] INFO  impl.RoleInfo (RoleInfo.java:shutdownFollowerState(121)) - 399079f7-1eb1-4f37-b003-267572525934: shutdown FollowerState
2019-10-20 18:18:43,049 [Thread-1874] INFO  impl.RaftServerImpl (RaftServerImpl.java:setRole(184)) - 399079f7-1eb1-4f37-b003-267572525934@group-D40A05E2FCF9: changes role from  FOLLOWER to CANDIDATE at term 119 for changeToCandidate
2019-10-20 18:18:43,050 [Thread-1874] INFO  impl.RoleInfo (RoleInfo.java:updateAndGet(143)) - 399079f7-1eb1-4f37-b003-267572525934: start LeaderElection
2019-10-20 18:18:43,052 [Thread-1868] INFO  impl.FollowerState (FollowerState.java:run(108)) - b75f8b2e-6273-4c97-b7c5-042674931d23@group-F11756C8BA4A-FollowerState: change to CANDIDATE, lastRpcTime:117ms, electionTimeout:117ms
2019-10-20 18:18:43,052 [Thread-1868] INFO  impl.RoleInfo (RoleInfo.java:shutdownFollowerState(121)) - b75f8b2e-6273-4c97-b7c5-042674931d23: shutdown FollowerState
2019-10-20 18:18:43,052 [Thread-1868] INFO  impl.RaftServerImpl (RaftServerImpl.java:setRole(184)) - b75f8b2e-6273-4c97-b7c5-042674931d23@group-F11756C8BA4A: changes role from  FOLLOWER to CANDIDATE at term 120 for changeToCandidate
2019-10-20 18:18:43,052 [Thread-1868] INFO  impl.RoleInfo (RoleInfo.java:updateAndGet(143)) - b75f8b2e-6273-4c97-b7c5-042674931d23: start LeaderElection
2019-10-20 18:18:43,078 [399079f7-1eb1-4f37-b003-267572525934@group-D40A05E2FCF9-LeaderElection222] INFO  impl.LeaderElection (LeaderElection.java:askForVotes(178)) - 399079f7-1eb1-4f37-b003-267572525934@group-D40A05E2FCF9-LeaderElection222: begin an election at term 120 for -1: [399079f7-1eb1-4f37-b003-267572525934:192.168.164.241:37762, 7a43c46a-fc88-4b2d-b2da-ae029cfa60ff:192.168.164.241:43684, 6c5c38af-62e6-4ea7-a24a-078dcb28fb39:192.168.164.241:45428], old=null
2019-10-20 18:18:43,078 [b75f8b2e-6273-4c97-b7c5-042674931d23@group-F11756C8BA4A-LeaderElection223] INFO  impl.LeaderElection (LeaderElection.java:askForVotes(178)) - b75f8b2e-6273-4c97-b7c5-042674931d23@group-F11756C8BA4A-LeaderElection223: begin an election at term 121 for -1: [6ef27e9c-8ddb-4fa1-8c14-ab102acfb1b8:192.168.164.241:38092, b75f8b2e-6273-4c97-b7c5-042674931d23:192.168.164.241:41857, 3750b3a2-715b-46b3-9d0c-9e38136244b9:192.168.164.241:46227], old=null
2019-10-20 18:18:43,080 [grpc-default-executor-7] INFO  impl.RaftServerImpl (RaftServerImpl.java:setRole(184)) - 7a43c46a-fc88-4b2d-b2da-ae029cfa60ff@group-D40A05E2FCF9: changes role from  FOLLOWER to FOLLOWER at term 120 for recognizeCandidate:399079f7-1eb1-4f37-b003-267572525934
2019-10-20 18:18:43,080 [grpc-default-executor-7] INFO  impl.RoleInfo (RoleInfo.java:shutdownFollowerState(121)) - 7a43c46a-fc88-4b2d-b2da-ae029cfa60ff: shutdown FollowerState
2019-10-20 18:18:43,080 [grpc-default-executor-7] INFO  impl.RoleInfo (RoleInfo.java:updateAndGet(143)) - 7a43c46a-fc88-4b2d-b2da-ae029cfa60ff: start FollowerState
2019-10-20 18:18:43,080 [Thread-1872] INFO  impl.FollowerState (FollowerState.java:run(117)) - 7a43c46a-fc88-4b2d-b2da-ae029cfa60ff@group-D40A05E2FCF9-FollowerState was interrupted: java.lang.InterruptedException: sleep interrupted
2019-10-20 18:18:43,080 [grpc-default-executor-10] INFO  impl.RaftServerImpl (RaftServerImpl.java:setRole(184)) - 3750b3a2-715b-46b3-9d0c-9e38136244b9@group-F11756C8BA4A: changes role from  FOLLOWER to FOLLOWER at term 121 for recognizeCandidate:b75f8b2e-6273-4c97-b7c5-042674931d23
2019-10-20 18:18:43,080 [grpc-default-executor-10] INFO  impl.RoleInfo (RoleInfo.java:shutdownFollowerState(121)) - 3750b3a2-715b-46b3-9d0c-9e38136244b9: shutdown FollowerState
2019-10-20 18:18:43,080 [grpc-default-executor-1] INFO  impl.RaftServerImpl (RaftServerImpl.java:setRole(184)) - 6c5c38af-62e6-4ea7-a24a-078dcb28fb39@group-D40A05E2FCF9: changes role from  FOLLOWER to FOLLOWER at term 120 for recognizeCandidate:399079f7-1eb1-4f37-b003-267572525934
2019-10-20 18:18:43,081 [Thread-1867] INFO  impl.FollowerState (FollowerState.java:run(117)) - 3750b3a2-715b-46b3-9d0c-9e38136244b9@group-F11756C8BA4A-FollowerState was interrupted: java.lang.InterruptedException: sleep interrupted
2019-10-20 18:18:43,081 [grpc-default-executor-3] INFO  impl.RaftServerImpl (RaftServerImpl.java:setRole(184)) - 6ef27e9c-8ddb-4fa1-8c14-ab102acfb1b8@group-F11756C8BA4A: changes role from  FOLLOWER to FOLLOWER at term 121 for recognizeCandidate:b75f8b2e-6273-4c97-b7c5-042674931d23
2019-10-20 18:18:43,081 [grpc-default-executor-10] INFO  impl.RoleInfo (RoleInfo.java:updateAndGet(143)) - 3750b3a2-715b-46b3-9d0c-9e38136244b9: start FollowerState
2019-10-20 18:18:43,081 [grpc-default-executor-3] INFO  impl.RoleInfo (RoleInfo.java:shutdownFollowerState(121)) - 6ef27e9c-8ddb-4fa1-8c14-ab102acfb1b8: shutdown FollowerState
2019-10-20 18:18:43,081 [grpc-default-executor-1] INFO  impl.RoleInfo (RoleInfo.java:shutdownFollowerState(121)) - 6c5c38af-62e6-4ea7-a24a-078dcb28fb39: shutdown FollowerState
2019-10-20 18:18:43,081 [Thread-1866] INFO  impl.FollowerState (FollowerState.java:run(117)) - 6ef27e9c-8ddb-4fa1-8c14-ab102acfb1b8@group-F11756C8BA4A-FollowerState was interrupted: java.lang.InterruptedException: sleep interrupted
2019-10-20 18:18:43,081 [grpc-default-executor-3] INFO  impl.RoleInfo (RoleInfo.java:updateAndGet(143)) - 6ef27e9c-8ddb-4fa1-8c14-ab102acfb1b8: start FollowerState
2019-10-20 18:18:43,082 [Thread-1873] INFO  impl.FollowerState (FollowerState.java:run(117)) - 6c5c38af-62e6-4ea7-a24a-078dcb28fb39@group-D40A05E2FCF9-FollowerState was interrupted: java.lang.InterruptedException: sleep interrupted
2019-10-20 18:18:43,081 [grpc-default-executor-1] INFO  impl.RoleInfo (RoleInfo.java:updateAndGet(143)) - 6c5c38af-62e6-4ea7-a24a-078dcb28fb39: start FollowerState
2019-10-20 18:18:43,105 [399079f7-1eb1-4f37-b003-267572525934@group-D40A05E2FCF9-LeaderElection222] INFO  impl.LeaderElection (LeaderElection.java:logAndReturn(56)) - 399079f7-1eb1-4f37-b003-267572525934@group-D40A05E2FCF9-LeaderElection222: Election REJECTED; received 2 response(s) [399079f7-1eb1-4f37-b003-267572525934<-7a43c46a-fc88-4b2d-b2da-ae029cfa60ff#0:FAIL-t120, 399079f7-1eb1-4f37-b003-267572525934<-6c5c38af-62e6-4ea7-a24a-078dcb28fb39#0:FAIL-t120] and 0 exception(s); 399079f7-1eb1-4f37-b003-267572525934@group-D40A05E2FCF9:t120, leader=null, voted=399079f7-1eb1-4f37-b003-267572525934, raftlog=399079f7-1eb1-4f37-b003-267572525934@group-D40A05E2FCF9-SegmentedRaftLog:OPENED:c-1,f-1,i0, conf=-1: [399079f7-1eb1-4f37-b003-267572525934:192.168.164.241:37762, 7a43c46a-fc88-4b2d-b2da-ae029cfa60ff:192.168.164.241:43684, 6c5c38af-62e6-4ea7-a24a-078dcb28fb39:192.168.164.241:45428], old=null
2019-10-20 18:18:43,106 [b75f8b2e-6273-4c97-b7c5-042674931d23@group-F11756C8BA4A-LeaderElection223] INFO  impl.LeaderElection (LeaderElection.java:logAndReturn(56)) - b75f8b2e-6273-4c97-b7c5-042674931d23@group-F11756C8BA4A-LeaderElection223: Election REJECTED; received 2 response(s) [b75f8b2e-6273-4c97-b7c5-042674931d23<-6ef27e9c-8ddb-4fa1-8c14-ab102acfb1b8#0:FAIL-t121, b75f8b2e-6273-4c97-b7c5-042674931d23<-3750b3a2-715b-46b3-9d0c-9e38136244b9#0:FAIL-t121] and 0 exception(s); b75f8b2e-6273-4c97-b7c5-042674931d23@group-F11756C8BA4A:t121, leader=null, voted=b75f8b2e-6273-4c97-b7c5-042674931d23, raftlog=b75f8b2e-6273-4c97-b7c5-042674931d23@group-F11756C8BA4A-SegmentedRaftLog:OPENED:c-1,f-1,i0, conf=-1: [6ef27e9c-8ddb-4fa1-8c14-ab102acfb1b8:192.168.164.241:38092, b75f8b2e-6273-4c97-b7c5-042674931d23:192.168.164.241:41857, 3750b3a2-715b-46b3-9d0c-9e38136244b9:192.168.164.241:46227], old=null
2019-10-20 18:18:43,106 [399079f7-1eb1-4f37-b003-267572525934@group-D40A05E2FCF9-LeaderElection222] INFO  impl.RaftServerImpl (RaftServerImpl.java:setRole(184)) - 399079f7-1eb1-4f37-b003-267572525934@group-D40A05E2FCF9: changes role from CANDIDATE to FOLLOWER at term 120 for DISCOVERED_A_NEW_TERM
2019-10-20 18:18:43,106 [b75f8b2e-6273-4c97-b7c5-042674931d23@group-F11756C8BA4A-LeaderElection223] INFO  impl.RaftServerImpl (RaftServerImpl.java:setRole(184)) - b75f8b2e-6273-4c97-b7c5-042674931d23@group-F11756C8BA4A: changes role from CANDIDATE to FOLLOWER at term 121 for DISCOVERED_A_NEW_TERM
2019-10-20 18:18:43,106 [399079f7-1eb1-4f37-b003-267572525934@group-D40A05E2FCF9-LeaderElection222] INFO  impl.RoleInfo (RoleInfo.java:shutdownLeaderElection(134)) - 399079f7-1eb1-4f37-b003-267572525934: shutdown LeaderElection
2019-10-20 18:18:43,106 [b75f8b2e-6273-4c97-b7c5-042674931d23@group-F11756C8BA4A-LeaderElection223] INFO  impl.RoleInfo (RoleInfo.java:shutdownLeaderElection(134)) - b75f8b2e-6273-4c97-b7c5-042674931d23: shutdown LeaderElection
2019-10-20 18:18:43,106 [399079f7-1eb1-4f37-b003-267572525934@group-D40A05E2FCF9-LeaderElection222] INFO  impl.RoleInfo (RoleInfo.java:updateAndGet(143)) - 399079f7-1eb1-4f37-b003-267572525934: start FollowerState
2019-10-20 18:18:43,106 [b75f8b2e-6273-4c97-b7c5-042674931d23@group-F11756C8BA4A-LeaderElection223] INFO  impl.RoleInfo (RoleInfo.java:updateAndGet(143)) - b75f8b2e-6273-4c97-b7c5-042674931d23: start FollowerState
2019-10-20 18:18:43,124 [Thread-1885] INFO  impl.FollowerState (FollowerState.java:run(108)) - 399079f7-1eb1-4f37-b003-267572525934@group-D40A05E2FCF9-FollowerState: change to CANDIDATE, lastRpcTime:17ms, electionTimeout:17ms
2019-10-20 18:18:43,124 [Thread-1885] INFO  impl.RoleInfo (RoleInfo.java:shutdownFollowerState(121)) - 399079f7-1eb1-4f37-b003-267572525934: shutdown FollowerState
2019-10-20 18:18:43,124 [Thread-1885] INFO  impl.RaftServerImpl (RaftServerImpl.java:setRole(184)) - 399079f7-1eb1-4f37-b003-267572525934@group-D40A05E2FCF9: changes role from  FOLLOWER to CANDIDATE at term 120 for changeToCandidate
2019-10-20 18:18:43,124 [Thread-1885] INFO  impl.RoleInfo (RoleInfo.java:updateAndGet(143)) - 399079f7-1eb1-4f37-b003-267572525934: start LeaderElection
2019-10-20 18:18:43,147 [399079f7-1eb1-4f37-b003-267572525934@group-D40A05E2FCF9-LeaderElection224] INFO  impl.LeaderElection (LeaderElection.java:askForVotes(178)) - 399079f7-1eb1-4f37-b003-267572525934@group-D40A05E2FCF9-LeaderElection224: begin an election at term 121 for -1: [399079f7-1eb1-4f37-b003-267572525934:192.168.164.241:37762, 7a43c46a-fc88-4b2d-b2da-ae029cfa60ff:192.168.164.241:43684, 6c5c38af-62e6-4ea7-a24a-078dcb28fb39:192.168.164.241:45428], old=null
2019-10-20 18:18:43,149 [grpc-default-executor-10] INFO  impl.RaftServerImpl (RaftServerImpl.java:setRole(184)) - 7a43c46a-fc88-4b2d-b2da-ae029cfa60ff@group-D40A05E2FCF9: changes role from  FOLLOWER to FOLLOWER at term 121 for recognizeCandidate:399079f7-1eb1-4f37-b003-267572525934
2019-10-20 18:18:43,149 [grpc-default-executor-10] INFO  impl.RoleInfo (RoleInfo.java:shutdownFollowerState(121)) - 7a43c46a-fc88-4b2d-b2da-ae029cfa60ff: shutdown FollowerState
2019-10-20 18:18:43,149 [grpc-default-executor-7] INFO  impl.RaftServerImpl (RaftServerImpl.java:setRole(184)) - 6c5c38af-62e6-4ea7-a24a-078dcb28fb39@group-D40A05E2FCF9: changes role from  FOLLOWER to FOLLOWER at term 121 for recognizeCandidate:399079f7-1eb1-4f37-b003-267572525934
2019-10-20 18:18:43,149 [Thread-1881] INFO  impl.FollowerState (FollowerState.java:run(117)) - 7a43c46a-fc88-4b2d-b2da-ae029cfa60ff@group-D40A05E2FCF9-FollowerState was interrupted: java.lang.InterruptedException: sleep interrupted
2019-10-20 18:18:43,149 [grpc-default-executor-10] INFO  impl.RoleInfo (RoleInfo.java:updateAndGet(143)) - 7a43c46a-fc88-4b2d-b2da-ae029cfa60ff: start FollowerState
2019-10-20 18:18:43,149 [grpc-default-executor-7] INFO  impl.RoleInfo (RoleInfo.java:shutdownFollowerState(121)) - 6c5c38af-62e6-4ea7-a24a-078dcb28fb39: shutdown FollowerState
2019-10-20 18:18:43,150 [grpc-default-executor-7] INFO  impl.RoleInfo (RoleInfo.java:updateAndGet(143)) - 6c5c38af-62e6-4ea7-a24a-078dcb28fb39: start FollowerState
2019-10-20 18:18:43,150 [Thread-1884] INFO  impl.FollowerState (FollowerState.java:run(117)) - 6c5c38af-62e6-4ea7-a24a-078dcb28fb39@group-D40A05E2FCF9-FollowerState was interrupted: java.lang.InterruptedException: sleep interrupted
2019-10-20 18:18:43,165 [399079f7-1eb1-4f37-b003-267572525934@group-D40A05E2FCF9-LeaderElection224] INFO  impl.LeaderElection (LeaderElection.java:logAndReturn(56)) - 399079f7-1eb1-4f37-b003-267572525934@group-D40A05E2FCF9-LeaderElection224: Election REJECTED; received 2 response(s) [399079f7-1eb1-4f37-b003-267572525934<-7a43c46a-fc88-4b2d-b2da-ae029cfa60ff#0:FAIL-t121, 399079f7-1eb1-4f37-b003-267572525934<-6c5c38af-62e6-4ea7-a24a-078dcb28fb39#0:FAIL-t121] and 0 exception(s); 399079f7-1eb1-4f37-b003-267572525934@group-D40A05E2FCF9:t121, leader=null, voted=399079f7-1eb1-4f37-b003-267572525934, raftlog=399079f7-1eb1-4f37-b003-267572525934@group-D40A05E2FCF9-SegmentedRaftLog:OPENED:c-1,f-1,i0, conf=-1: [399079f7-1eb1-4f37-b003-267572525934:192.168.164.241:37762, 7a43c46a-fc88-4b2d-b2da-ae029cfa60ff:192.168.164.241:43684, 6c5c38af-62e6-4ea7-a24a-078dcb28fb39:192.168.164.241:45428], old=null
2019-10-20 18:18:43,165 [399079f7-1eb1-4f37-b003-267572525934@group-D40A05E2FCF9-LeaderElection224] INFO  impl.RaftServerImpl (RaftServerImpl.java:setRole(184)) - 399079f7-1eb1-4f37-b003-267572525934@group-D40A05E2FCF9: changes role from CANDIDATE to FOLLOWER at term 121 for DISCOVERED_A_NEW_TERM
2019-10-20 18:18:43,165 [399079f7-1eb1-4f37-b003-267572525934@group-D40A05E2FCF9-LeaderElection224] INFO  impl.RoleInfo (RoleInfo.java:shutdownLeaderElection(134)) - 399079f7-1eb1-4f37-b003-267572525934: shutdown LeaderElection
2019-10-20 18:18:43,165 [399079f7-1eb1-4f37-b003-267572525934@group-D40A05E2FCF9-LeaderElection224] INFO  impl.RoleInfo (RoleInfo.java:updateAndGet(143)) - 399079f7-1eb1-4f37-b003-267572525934: start FollowerState
2019-10-20 18:18:43,170 [Thread-1886] INFO  impl.FollowerState (FollowerState.java:run(108)) - b75f8b2e-6273-4c97-b7c5-042674931d23@group-F11756C8BA4A-FollowerState: change to CANDIDATE, lastRpcTime:63ms, electionTimeout:63ms
2019-10-20 18:18:43,170 [Thread-1886] INFO  impl.RoleInfo (RoleInfo.java:shutdownFollowerState(121)) - b75f8b2e-6273-4c97-b7c5-042674931d23: shutdown FollowerState
2019-10-20 18:18:43,170 [Thread-1886] INFO  impl.RaftServerImpl (RaftServerImpl.java:setRole(184)) - b75f8b2e-6273-4c97-b7c5-042674931d23@group-F11756C8BA4A: changes role from  FOLLOWER to CANDIDATE at term 121 for changeToCandidate
2019-10-20 18:18:43,170 [Thread-1886] INFO  impl.RoleInfo (RoleInfo.java:updateAndGet(143)) - b75f8b2e-6273-4c97-b7c5-042674931d23: start LeaderElection
2019-10-20 18:18:43,198 [b75f8b2e-6273-4c97-b7c5-042674931d23@group-F11756C8BA4A-LeaderElection225] INFO  impl.LeaderElection (LeaderElection.java:askForVotes(178)) - b75f8b2e-6273-4c97-b7c5-042674931d23@group-F11756C8BA4A-LeaderElection225: begin an election at term 122 for -1: [6ef27e9c-8ddb-4fa1-8c14-ab102acfb1b8:192.168.164.241:38092, b75f8b2e-6273-4c97-b7c5-042674931d23:192.168.164.241:41857, 3750b3a2-715b-46b3-9d0c-9e38136244b9:192.168.164.241:46227], old=null
2019-10-20 18:18:43,199 [grpc-default-executor-7] INFO  impl.RaftServerImpl (RaftServerImpl.java:setRole(184)) - 6ef27e9c-8ddb-4fa1-8c14-ab102acfb1b8@group-F11756C8BA4A: changes role from  FOLLOWER to FOLLOWER at term 122 for recognizeCandidate:b75f8b2e-6273-4c97-b7c5-042674931d23
2019-10-20 18:18:43,200 [grpc-default-executor-7] INFO  impl.RoleInfo (RoleInfo.java:shutdownFollowerState(121)) - 6ef27e9c-8ddb-4fa1-8c14-ab102acfb1b8: shutdown FollowerState
2019-10-20 18:18:43,200 [grpc-default-executor-10] INFO  impl.RaftServerImpl (RaftServerImpl.java:setRole(184)) - 3750b3a2-715b-46b3-9d0c-9e38136244b9@group-F11756C8BA4A: changes role from  FOLLOWER to FOLLOWER at term 122 for recognizeCandidate:b75f8b2e-6273-4c97-b7c5-042674931d23
2019-10-20 18:18:43,200 [grpc-default-executor-7] INFO  impl.RoleInfo (RoleInfo.java:updateAndGet(143)) - 6ef27e9c-8ddb-4fa1-8c14-ab102acfb1b8: start FollowerState
2019-10-20 18:18:43,200 [Thread-1883] INFO  impl.FollowerState (FollowerState.java:run(117)) - 6ef27e9c-8ddb-4fa1-8c14-ab102acfb1b8@group-F11756C8BA4A-FollowerState was interrupted: java.lang.InterruptedException: sleep interrupted
2019-10-20 18:18:43,200 [grpc-default-executor-10] INFO  impl.RoleInfo (RoleInfo.java:shutdownFollowerState(121)) - 3750b3a2-715b-46b3-9d0c-9e38136244b9: shutdown FollowerState
2019-10-20 18:18:43,201 [grpc-default-executor-10] INFO  impl.RoleInfo (RoleInfo.java:updateAndGet(143)) - 3750b3a2-715b-46b3-9d0c-9e38136244b9: start FollowerState
2019-10-20 18:18:43,201 [Thread-1882] INFO  impl.FollowerState (FollowerState.java:run(117)) - 3750b3a2-715b-46b3-9d0c-9e38136244b9@group-F11756C8BA4A-FollowerState was interrupted: java.lang.InterruptedException: sleep interrupted
2019-10-20 18:18:43,224 [b75f8b2e-6273-4c97-b7c5-042674931d23@group-F11756C8BA4A-LeaderElection225] INFO  impl.LeaderElection (LeaderElection.java:logAndReturn(56)) - b75f8b2e-6273-4c97-b7c5-042674931d23@group-F11756C8BA4A-LeaderElection225: Election REJECTED; received 2 response(s) [b75f8b2e-6273-4c97-b7c5-042674931d23<-6ef27e9c-8ddb-4fa1-8c14-ab102acfb1b8#0:FAIL-t122, b75f8b2e-6273-4c97-b7c5-042674931d23<-3750b3a2-715b-46b3-9d0c-9e38136244b9#0:FAIL-t122] and 0 exception(s); b75f8b2e-6273-4c97-b7c5-042674931d23@group-F11756C8BA4A:t122, leader=null, voted=b75f8b2e-6273-4c97-b7c5-042674931d23, raftlog=b75f8b2e-6273-4c97-b7c5-042674931d23@group-F11756C8BA4A-SegmentedRaftLog:OPENED:c-1,f-1,i0, conf=-1: [6ef27e9c-8ddb-4fa1-8c14-ab102acfb1b8:192.168.164.241:38092, b75f8b2e-6273-4c97-b7c5-042674931d23:192.168.164.241:41857, 3750b3a2-715b-46b3-9d0c-9e38136244b9:192.168.164.241:46227], old=null
2019-10-20 18:18:43,224 [b75f8b2e-6273-4c97-b7c5-042674931d23@group-F11756C8BA4A-LeaderElection225] INFO  impl.RaftServerImpl (RaftServerImpl.java:setRole(184)) - b75f8b2e-6273-4c97-b7c5-042674931d23@group-F11756C8BA4A: changes role from CANDIDATE to FOLLOWER at term 122 for DISCOVERED_A_NEW_TERM
2019-10-20 18:18:43,224 [b75f8b2e-6273-4c97-b7c5-042674931d23@group-F11756C8BA4A-LeaderElection225] INFO  impl.RoleInfo (RoleInfo.java:shutdownLeaderElection(134)) - b75f8b2e-6273-4c97-b7c5-042674931d23: shutdown LeaderElection
2019-10-20 18:18:43,225 [b75f8b2e-6273-4c97-b7c5-042674931d23@group-F11756C8BA4A-LeaderElection225] INFO  impl.RoleInfo (RoleInfo.java:updateAndGet(143)) - b75f8b2e-6273-4c97-b7c5-042674931d23: start FollowerState
2019-10-20 18:18:43,253 [Thread-1898] INFO  impl.FollowerState (FollowerState.java:run(108)) - b75f8b2e-6273-4c97-b7c5-042674931d23@group-F11756C8BA4A-FollowerState: change to CANDIDATE, lastRpcTime:28ms, electionTimeout:28ms
2019-10-20 18:18:43,253 [Thread-1898] INFO  impl.RoleInfo (RoleInfo.java:shutdownFollowerState(121)) - b75f8b2e-6273-4c97-b7c5-042674931d23: shutdown FollowerState
2019-10-20 18:18:43,253 [Thread-1898] INFO  impl.RaftServerImpl (RaftServerImpl.java:setRole(184)) - b75f8b2e-6273-4c97-b7c5-042674931d23@group-F11756C8BA4A: changes role from  FOLLOWER to CANDIDATE at term 122 for changeToCandidate
2019-10-20 18:18:43,253 [Thread-1898] INFO  impl.RoleInfo (RoleInfo.java:updateAndGet(143)) - b75f8b2e-6273-4c97-b7c5-042674931d23: start LeaderElection
2019-10-20 18:18:43,274 [b75f8b2e-6273-4c97-b7c5-042674931d23@group-F11756C8BA4A-LeaderElection226] INFO  impl.LeaderElection (LeaderElection.java:askForVotes(178)) - b75f8b2e-6273-4c97-b7c5-042674931d23@group-F11756C8BA4A-LeaderElection226: begin an election at term 123 for -1: [6ef27e9c-8ddb-4fa1-8c14-ab102acfb1b8:192.168.164.241:38092, b75f8b2e-6273-4c97-b7c5-042674931d23:192.168.164.241:41857, 3750b3a2-715b-46b3-9d0c-9e38136244b9:192.168.164.241:46227], old=null
2019-10-20 18:18:43,276 [grpc-default-executor-10] INFO  impl.RaftServerImpl (RaftServerImpl.java:setRole(184)) - 6ef27e9c-8ddb-4fa1-8c14-ab102acfb1b8@group-F11756C8BA4A: changes role from  FOLLOWER to FOLLOWER at term 123 for recognizeCandidate:b75f8b2e-6273-4c97-b7c5-042674931d23
2019-10-20 18:18:43,276 [grpc-default-executor-10] INFO  impl.RoleInfo (RoleInfo.java:shutdownFollowerState(121)) - 6ef27e9c-8ddb-4fa1-8c14-ab102acfb1b8: shutdown FollowerState
2019-10-20 18:18:43,276 [grpc-default-executor-7] INFO  impl.RaftServerImpl (RaftServerImpl.java:setRole(184)) - 3750b3a2-715b-46b3-9d0c-9e38136244b9@group-F11756C8BA4A: changes role from  FOLLOWER to FOLLOWER at term 123 for recognizeCandidate:b75f8b2e-6273-4c97-b7c5-042674931d23
2019-10-20 18:18:43,276 [Thread-1896] INFO  impl.FollowerState (FollowerState.java:run(117)) - 6ef27e9c-8ddb-4fa1-8c14-ab102acfb1b8@group-F11756C8BA4A-FollowerState was interrupted: java.lang.InterruptedException: sleep interrupted
2019-10-20 18:18:43,276 [grpc-default-executor-10] INFO  impl.RoleInfo (RoleInfo.java:updateAndGet(143)) - 6ef27e9c-8ddb-4fa1-8c14-ab102acfb1b8: start FollowerState
2019-10-20 18:18:43,276 [grpc-default-executor-7] INFO  impl.RoleInfo (RoleInfo.java:shutdownFollowerState(121)) - 3750b3a2-715b-46b3-9d0c-9e38136244b9: shutdown FollowerState
2019-10-20 18:18:43,277 [grpc-default-executor-7] INFO  impl.RoleInfo (RoleInfo.java:updateAndGet(143)) - 3750b3a2-715b-46b3-9d0c-9e38136244b9: start FollowerState
2019-10-20 18:18:43,277 [Thread-1897] INFO  impl.FollowerState (FollowerState.java:run(117)) - 3750b3a2-715b-46b3-9d0c-9e38136244b9@group-F11756C8BA4A-FollowerState was interrupted: java.lang.InterruptedException: sleep interrupted
2019-10-20 18:18:43,301 [b75f8b2e-6273-4c97-b7c5-042674931d23@group-F11756C8BA4A-LeaderElection226] INFO  impl.LeaderElection (LeaderElection.java:logAndReturn(56)) - b75f8b2e-6273-4c97-b7c5-042674931d23@group-F11756C8BA4A-LeaderElection226: Election REJECTED; received 2 response(s) [b75f8b2e-6273-4c97-b7c5-042674931d23<-6ef27e9c-8ddb-4fa1-8c14-ab102acfb1b8#0:FAIL-t123, b75f8b2e-6273-4c97-b7c5-042674931d23<-3750b3a2-715b-46b3-9d0c-9e38136244b9#0:FAIL-t123] and 0 exception(s); b75f8b2e-6273-4c97-b7c5-042674931d23@group-F11756C8BA4A:t123, leader=null, voted=b75f8b2e-6273-4c97-b7c5-042674931d23, raftlog=b75f8b2e-6273-4c97-b7c5-042674931d23@group-F11756C8BA4A-SegmentedRaftLog:OPENED:c-1,f-1,i0, conf=-1: [6ef27e9c-8ddb-4fa1-8c14-ab102acfb1b8:192.168.164.241:38092, b75f8b2e-6273-4c97-b7c5-042674931d23:192.168.164.241:41857, 3750b3a2-715b-46b3-9d0c-9e38136244b9:192.168.164.241:46227], old=null
2019-10-20 18:18:43,301 [b75f8b2e-6273-4c97-b7c5-042674931d23@group-F11756C8BA4A-LeaderElection226] INFO  impl.RaftServerImpl (RaftServerImpl.java:setRole(184)) - b75f8b2e-6273-4c97-b7c5-042674931d23@group-F11756C8BA4A: changes role from CANDIDATE to FOLLOWER at term 123 for DISCOVERED_A_NEW_TERM
2019-10-20 18:18:43,301 [b75f8b2e-6273-4c97-b7c5-042674931d23@group-F11756C8BA4A-LeaderElection226] INFO  impl.RoleInfo (RoleInfo.java:shutdownLeaderElection(134)) - b75f8b2e-6273-4c97-b7c5-042674931d23: shutdown LeaderElection
2019-10-20 18:18:43,301 [b75f8b2e-6273-4c97-b7c5-042674931d23@group-F11756C8BA4A-LeaderElection226] INFO  impl.RoleInfo (RoleInfo.java:updateAndGet(143)) - b75f8b2e-6273-4c97-b7c5-042674931d23: start FollowerState
2019-10-20 18:18:43,342 [Thread-1892] INFO  impl.FollowerState (FollowerState.java:run(108)) - 399079f7-1eb1-4f37-b003-267572525934@group-D40A05E2FCF9-FollowerState: change to CANDIDATE, lastRpcTime:177ms, electionTimeout:177ms
2019-10-20 18:18:43,343 [Thread-1892] INFO  impl.RoleInfo (RoleInfo.java:shutdownFollowerState(121)) - 399079f7-1eb1-4f37-b003-267572525934: shutdown FollowerState
2019-10-20 18:18:43,343 [Thread-1892] INFO  impl.RaftServerImpl (RaftServerImpl.java:setRole(184)) - 399079f7-1eb1-4f37-b003-267572525934@group-D40A05E2FCF9: changes role from  FOLLOWER to CANDIDATE at term 121 for changeToCandidate
2019-10-20 18:18:43,343 [Thread-1892] INFO  impl.RoleInfo (RoleInfo.java:updateAndGet(143)) - 399079f7-1eb1-4f37-b003-267572525934: start LeaderElection
2019-10-20 18:18:43,367 [399079f7-1eb1-4f37-b003-267572525934@group-D40A05E2FCF9-LeaderElection227] INFO  impl.LeaderElection (LeaderElection.java:askForVotes(178)) - 399079f7-1eb1-4f37-b003-267572525934@group-D40A05E2FCF9-LeaderElection227: begin an election at term 122 for -1: [399079f7-1eb1-4f37-b003-267572525934:192.168.164.241:37762, 7a43c46a-fc88-4b2d-b2da-ae029cfa60ff:192.168.164.241:43684, 6c5c38af-62e6-4ea7-a24a-078dcb28fb39:192.168.164.241:45428], old=null
2019-10-20 18:18:43,369 [grpc-default-executor-7] INFO  impl.RaftServerImpl (RaftServerImpl.java:setRole(184)) - 7a43c46a-fc88-4b2d-b2da-ae029cfa60ff@group-D40A05E2FCF9: changes role from  FOLLOWER to FOLLOWER at term 122 for recognizeCandidate:399079f7-1eb1-4f37-b003-267572525934
2019-10-20 18:18:43,369 [grpc-default-executor-7] INFO  impl.RoleInfo (RoleInfo.java:shutdownFollowerState(121)) - 7a43c46a-fc88-4b2d-b2da-ae029cfa60ff: shutdown FollowerState
2019-10-20 18:18:43,369 [grpc-default-executor-10] INFO  impl.RaftServerImpl (RaftServerImpl.java:setRole(184)) - 6c5c38af-62e6-4ea7-a24a-078dcb28fb39@group-D40A05E2FCF9: changes role from  FOLLOWER to FOLLOWER at term 122 for recognizeCandidate:399079f7-1eb1-4f37-b003-267572525934
2019-10-20 18:18:43,369 [grpc-default-executor-10] INFO  impl.RoleInfo (RoleInfo.java:shutdownFollowerState(121)) - 6c5c38af-62e6-4ea7-a24a-078dcb28fb39: shutdown FollowerState
2019-10-20 18:18:43,369 [Thread-1890] INFO  impl.FollowerState (FollowerState.java:run(117)) - 7a43c46a-fc88-4b2d-b2da-ae029cfa60ff@group-D40A05E2FCF9-FollowerState was interrupted: java.lang.InterruptedException: sleep interrupted
2019-10-20 18:18:43,369 [grpc-default-executor-7] INFO  impl.RoleInfo (RoleInfo.java:updateAndGet(143)) - 7a43c46a-fc88-4b2d-b2da-ae029cfa60ff: start FollowerState
2019-10-20 18:18:43,369 [Thread-1891] INFO  impl.FollowerState (FollowerState.java:run(117)) - 6c5c38af-62e6-4ea7-a24a-078dcb28fb39@group-D40A05E2FCF9-FollowerState was interrupted: java.lang.InterruptedException: sleep interrupted
2019-10-20 18:18:43,369 [grpc-default-executor-10] INFO  impl.RoleInfo (RoleInfo.java:updateAndGet(143)) - 6c5c38af-62e6-4ea7-a24a-078dcb28fb39: start FollowerState
2019-10-20 18:18:43,393 [399079f7-1eb1-4f37-b003-267572525934@group-D40A05E2FCF9-LeaderElection227] INFO  impl.LeaderElection (LeaderElection.java:logAndReturn(56)) - 399079f7-1eb1-4f37-b003-267572525934@group-D40A05E2FCF9-LeaderElection227: Election REJECTED; received 2 response(s) [399079f7-1eb1-4f37-b003-267572525934<-7a43c46a-fc88-4b2d-b2da-ae029cfa60ff#0:FAIL-t122, 399079f7-1eb1-4f37-b003-267572525934<-6c5c38af-62e6-4ea7-a24a-078dcb28fb39#0:FAIL-t122] and 0 exception(s); 399079f7-1eb1-4f37-b003-267572525934@group-D40A05E2FCF9:t122, leader=null, voted=399079f7-1eb1-4f37-b003-267572525934, raftlog=399079f7-1eb1-4f37-b003-267572525934@group-D40A05E2FCF9-SegmentedRaftLog:OPENED:c-1,f-1,i0, conf=-1: [399079f7-1eb1-4f37-b003-267572525934:192.168.164.241:37762, 7a43c46a-fc88-4b2d-b2da-ae029cfa60ff:192.168.164.241:43684, 6c5c38af-62e6-4ea7-a24a-078dcb28fb39:192.168.164.241:45428], old=null
2019-10-20 18:18:43,393 [399079f7-1eb1-4f37-b003-267572525934@group-D40A05E2FCF9-LeaderElection227] INFO  impl.RaftServerImpl (RaftServerImpl.java:setRole(184)) - 399079f7-1eb1-4f37-b003-267572525934@group-D40A05E2FCF9: changes role from CANDIDATE to FOLLOWER at term 122 for DISCOVERED_A_NEW_TERM
2019-10-20 18:18:43,394 [399079f7-1eb1-4f37-b003-267572525934@group-D40A05E2FCF9-LeaderElection227] INFO  impl.RoleInfo (RoleInfo.java:shutdownLeaderElection(134)) - 399079f7-1eb1-4f37-b003-267572525934: shutdown LeaderElection
2019-10-20 18:18:43,394 [399079f7-1eb1-4f37-b003-267572525934@group-D40A05E2FCF9-LeaderElection227] INFO  impl.RoleInfo (RoleInfo.java:updateAndGet(143)) - 399079f7-1eb1-4f37-b003-267572525934: start FollowerState
2019-10-20 18:18:43,434 [Thread-1904] INFO  impl.FollowerState (FollowerState.java:run(108)) - b75f8b2e-6273-4c97-b7c5-042674931d23@group-F11756C8BA4A-FollowerState: change to CANDIDATE, lastRpcTime:133ms, electionTimeout:133ms
2019-10-20 18:18:43,434 [Thread-1904] INFO  impl.RoleInfo (RoleInfo.java:shutdownFollowerState(121)) - b75f8b2e-6273-4c97-b7c5-042674931d23: shutdown FollowerState
2019-10-20 18:18:43,435 [Thread-1904] INFO  impl.RaftServerImpl (RaftServerImpl.java:setRole(184)) - b75f8b2e-6273-4c97-b7c5-042674931d23@group-F11756C8BA4A: changes role from  FOLLOWER to CANDIDATE at term 123 for changeToCandidate
2019-10-20 18:18:43,435 [Thread-1904] INFO  impl.RoleInfo (RoleInfo.java:updateAndGet(143)) - b75f8b2e-6273-4c97-b7c5-042674931d23: start LeaderElection
2019-10-20 18:18:43,451 [b75f8b2e-6273-4c97-b7c5-042674931d23@group-F11756C8BA4A-LeaderElection228] INFO  impl.LeaderElection (LeaderElection.java:askForVotes(178)) - b75f8b2e-6273-4c97-b7c5-042674931d23@group-F11756C8BA4A-LeaderElection228: begin an election at term 124 for -1: [6ef27e9c-8ddb-4fa1-8c14-ab102acfb1b8:192.168.164.241:38092, b75f8b2e-6273-4c97-b7c5-042674931d23:192.168.164.241:41857, 3750b3a2-715b-46b3-9d0c-9e38136244b9:192.168.164.241:46227], old=null
2019-10-20 18:18:43,453 [grpc-default-executor-7] INFO  impl.RaftServerImpl (RaftServerImpl.java:setRole(184)) - 6ef27e9c-8ddb-4fa1-8c14-ab102acfb1b8@group-F11756C8BA4A: changes role from  FOLLOWER to FOLLOWER at term 124 for recognizeCandidate:b75f8b2e-6273-4c97-b7c5-042674931d23
2019-10-20 18:18:43,453 [grpc-default-executor-7] INFO  impl.RoleInfo (RoleInfo.java:shutdownFollowerState(121)) - 6ef27e9c-8ddb-4fa1-8c14-ab102acfb1b8: shutdown FollowerState
2019-10-20 18:18:43,454 [grpc-default-executor-10] INFO  impl.RaftServerImpl (RaftServerImpl.java:setRole(184)) - 3750b3a2-715b-46b3-9d0c-9e38136244b9@group-F11756C8BA4A: changes role from  FOLLOWER to FOLLOWER at term 124 for recognizeCandidate:b75f8b2e-6273-4c97-b7c5-042674931d23
2019-10-20 18:18:43,454 [Thread-1902] INFO  impl.FollowerState (FollowerState.java:run(117)) - 6ef27e9c-8ddb-4fa1-8c14-ab102acfb1b8@group-F11756C8BA4A-FollowerState was interrupted: java.lang.InterruptedException: sleep interrupted
2019-10-20 18:18:43,454 [grpc-default-executor-7] INFO  impl.RoleInfo (RoleInfo.java:updateAndGet(143)) - 6ef27e9c-8ddb-4fa1-8c14-ab102acfb1b8: start FollowerState
2019-10-20 18:18:43,454 [grpc-default-executor-10] INFO  impl.RoleInfo (RoleInfo.java:shutdownFollowerState(121)) - 3750b3a2-715b-46b3-9d0c-9e38136244b9: shutdown FollowerState
2019-10-20 18:18:43,454 [grpc-default-executor-10] INFO  impl.RoleInfo (RoleInfo.java:updateAndGet(143)) - 3750b3a2-715b-46b3-9d0c-9e38136244b9: start FollowerState
2019-10-20 18:18:43,454 [Thread-1903] INFO  impl.FollowerState (FollowerState.java:run(117)) - 3750b3a2-715b-46b3-9d0c-9e38136244b9@group-F11756C8BA4A-FollowerState was interrupted: java.lang.InterruptedException: sleep interrupted
2019-10-20 18:18:43,461 [Thread-1910] INFO  impl.FollowerState (FollowerState.java:run(108)) - 399079f7-1eb1-4f37-b003-267572525934@group-D40A05E2FCF9-FollowerState: change to CANDIDATE, lastRpcTime:67ms, electionTimeout:67ms
2019-10-20 18:18:43,461 [Thread-1910] INFO  impl.RoleInfo (RoleInfo.java:shutdownFollowerState(121)) - 399079f7-1eb1-4f37-b003-267572525934: shutdown FollowerState
2019-10-20 18:18:43,461 [Thread-1910] INFO  impl.RaftServerImpl (RaftServerImpl.java:setRole(184)) - 399079f7-1eb1-4f37-b003-267572525934@group-D40A05E2FCF9: changes role from  FOLLOWER to CANDIDATE at term 122 for changeToCandidate
2019-10-20 18:18:43,461 [Thread-1910] INFO  impl.RoleInfo (RoleInfo.java:updateAndGet(143)) - 399079f7-1eb1-4f37-b003-267572525934: start LeaderElection
2019-10-20 18:18:43,477 [399079f7-1eb1-4f37-b003-267572525934@group-D40A05E2FCF9-LeaderElection229] INFO  impl.LeaderElection (LeaderElection.java:askForVotes(178)) - 399079f7-1eb1-4f37-b003-267572525934@group-D40A05E2FCF9-LeaderElection229: begin an election at term 123 for -1: [399079f7-1eb1-4f37-b003-267572525934:192.168.164.241:37762, 7a43c46a-fc88-4b2d-b2da-ae029cfa60ff:192.168.164.241:43684, 6c5c38af-62e6-4ea7-a24a-078dcb28fb39:192.168.164.241:45428], old=null
2019-10-20 18:18:43,478 [b75f8b2e-6273-4c97-b7c5-042674931d23@group-F11756C8BA4A-LeaderElection228] INFO  impl.LeaderElection (LeaderElection.java:logAndReturn(56)) - b75f8b2e-6273-4c97-b7c5-042674931d23@group-F11756C8BA4A-LeaderElection228: Election REJECTED; received 2 response(s) [b75f8b2e-6273-4c97-b7c5-042674931d23<-6ef27e9c-8ddb-4fa1-8c14-ab102acfb1b8#0:FAIL-t124, b75f8b2e-6273-4c97-b7c5-042674931d23<-3750b3a2-715b-46b3-9d0c-9e38136244b9#0:FAIL-t124] and 0 exception(s); b75f8b2e-6273-4c97-b7c5-042674931d23@group-F11756C8BA4A:t124, leader=null, voted=b75f8b2e-6273-4c97-b7c5-042674931d23, raftlog=b75f8b2e-6273-4c97-b7c5-042674931d23@group-F11756C8BA4A-SegmentedRaftLog:OPENED:c-1,f-1,i0, conf=-1: [6ef27e9c-8ddb-4fa1-8c14-ab102acfb1b8:192.168.164.241:38092, b75f8b2e-6273-4c97-b7c5-042674931d23:192.168.164.241:41857, 3750b3a2-715b-46b3-9d0c-9e38136244b9:192.168.164.241:46227], old=null
2019-10-20 18:18:43,478 [b75f8b2e-6273-4c97-b7c5-042674931d23@group-F11756C8BA4A-LeaderElection228] INFO  impl.RaftServerImpl (RaftServerImpl.java:setRole(184)) - b75f8b2e-6273-4c97-b7c5-042674931d23@group-F11756C8BA4A: changes role from CANDIDATE to FOLLOWER at term 124 for DISCOVERED_A_NEW_TERM
2019-10-20 18:18:43,478 [b75f8b2e-6273-4c97-b7c5-042674931d23@group-F11756C8BA4A-LeaderElection228] INFO  impl.RoleInfo (RoleInfo.java:shutdownLeaderElection(134)) - b75f8b2e-6273-4c97-b7c5-042674931d23: shutdown LeaderElection
2019-10-20 18:18:43,478 [b75f8b2e-6273-4c97-b7c5-042674931d23@group-F11756C8BA4A-LeaderElection228] INFO  impl.RoleInfo (RoleInfo.java:updateAndGet(143)) - b75f8b2e-6273-4c97-b7c5-042674931d23: start FollowerState
2019-10-20 18:18:43,479 [grpc-default-executor-7] INFO  impl.RaftServerImpl (RaftServerImpl.java:setRole(184)) - 7a43c46a-fc88-4b2d-b2da-ae029cfa60ff@group-D40A05E2FCF9: changes role from  FOLLOWER to FOLLOWER at term 123 for recognizeCandidate:399079f7-1eb1-4f37-b003-267572525934
2019-10-20 18:18:43,479 [grpc-default-executor-7] INFO  impl.RoleInfo (RoleInfo.java:shutdownFollowerState(121)) - 7a43c46a-fc88-4b2d-b2da-ae029cfa60ff: shutdown FollowerState
2019-10-20 18:18:43,479 [grpc-default-executor-10] INFO  impl.RaftServerImpl (RaftServerImpl.java:setRole(184)) - 6c5c38af-62e6-4ea7-a24a-078dcb28fb39@group-D40A05E2FCF9: changes role from  FOLLOWER to FOLLOWER at term 123 for recognizeCandidate:399079f7-1eb1-4f37-b003-267572525934
2019-10-20 18:18:43,480 [Thread-1908] INFO  impl.FollowerState (FollowerState.java:run(117)) - 7a43c46a-fc88-4b2d-b2da-ae029cfa60ff@group-D40A05E2FCF9-FollowerState was interrupted: java.lang.InterruptedException: sleep interrupted
2019-10-20 18:18:43,480 [grpc-default-executor-7] INFO  impl.RoleInfo (RoleInfo.java:updateAndGet(143)) - 7a43c46a-fc88-4b2d-b2da-ae029cfa60ff: start FollowerState
2019-10-20 18:18:43,480 [grpc-default-executor-10] INFO  impl.RoleInfo (RoleInfo.java:shutdownFollowerState(121)) - 6c5c38af-62e6-4ea7-a24a-078dcb28fb39: shutdown FollowerState
2019-10-20 18:18:43,480 [grpc-default-executor-10] INFO  impl.RoleInfo (RoleInfo.java:updateAndGet(143)) - 6c5c38af-62e6-4ea7-a24a-078dcb28fb39: start FollowerState
2019-10-20 18:18:43,480 [Thread-1909] INFO  impl.FollowerState (FollowerState.java:run(117)) - 6c5c38af-62e6-4ea7-a24a-078dcb28fb39@group-D40A05E2FCF9-FollowerState was interrupted: java.lang.InterruptedException: sleep interrupted
2019-10-20 18:18:43,504 [399079f7-1eb1-4f37-b003-267572525934@group-D40A05E2FCF9-LeaderElection229] INFO  impl.LeaderElection (LeaderElection.java:logAndReturn(56)) - 399079f7-1eb1-4f37-b003-267572525934@group-D40A05E2FCF9-LeaderElection229: Election REJECTED; received 2 response(s) [399079f7-1eb1-4f37-b003-267572525934<-7a43c46a-fc88-4b2d-b2da-ae029cfa60ff#0:FAIL-t123, 399079f7-1eb1-4f37-b003-267572525934<-6c5c38af-62e6-4ea7-a24a-078dcb28fb39#0:FAIL-t123] and 0 exception(s); 399079f7-1eb1-4f37-b003-267572525934@group-D40A05E2FCF9:t123, leader=null, voted=399079f7-1eb1-4f37-b003-267572525934, raftlog=399079f7-1eb1-4f37-b003-267572525934@group-D40A05E2FCF9-SegmentedRaftLog:OPENED:c-1,f-1,i0, conf=-1: [399079f7-1eb1-4f37-b003-267572525934:192.168.164.241:37762, 7a43c46a-fc88-4b2d-b2da-ae029cfa60ff:192.168.164.241:43684, 6c5c38af-62e6-4ea7-a24a-078dcb28fb39:192.168.164.241:45428], old=null
2019-10-20 18:18:43,504 [399079f7-1eb1-4f37-b003-267572525934@group-D40A05E2FCF9-LeaderElection229] INFO  impl.RaftServerImpl (RaftServerImpl.java:setRole(184)) - 399079f7-1eb1-4f37-b003-267572525934@group-D40A05E2FCF9: changes role from CANDIDATE to FOLLOWER at term 123 for DISCOVERED_A_NEW_TERM
2019-10-20 18:18:43,504 [399079f7-1eb1-4f37-b003-267572525934@group-D40A05E2FCF9-LeaderElection229] INFO  impl.RoleInfo (RoleInfo.java:shutdownLeaderElection(134)) - 399079f7-1eb1-4f37-b003-267572525934: shutdown LeaderElection
2019-10-20 18:18:43,504 [399079f7-1eb1-4f37-b003-267572525934@group-D40A05E2FCF9-LeaderElection229] INFO  impl.RoleInfo (RoleInfo.java:updateAndGet(143)) - 399079f7-1eb1-4f37-b003-267572525934: start FollowerState
2019-10-20 18:18:43,551 [Thread-1921] INFO  impl.FollowerState (FollowerState.java:run(108)) - b75f8b2e-6273-4c97-b7c5-042674931d23@group-F11756C8BA4A-FollowerState: change to CANDIDATE, lastRpcTime:72ms, electionTimeout:72ms
2019-10-20 18:18:43,551 [Thread-1921] INFO  impl.RoleInfo (RoleInfo.java:shutdownFollowerState(121)) - b75f8b2e-6273-4c97-b7c5-042674931d23: shutdown FollowerState
2019-10-20 18:18:43,551 [Thread-1921] INFO  impl.RaftServerImpl (RaftServerImpl.java:setRole(184)) - b75f8b2e-6273-4c97-b7c5-042674931d23@group-F11756C8BA4A: changes role from  FOLLOWER to CANDIDATE at term 124 for changeToCandidate
2019-10-20 18:18:43,551 [Thread-1921] INFO  impl.RoleInfo (RoleInfo.java:updateAndGet(143)) - b75f8b2e-6273-4c97-b7c5-042674931d23: start LeaderElection
2019-10-20 18:18:43,571 [Thread-1924] INFO  impl.FollowerState (FollowerState.java:run(108)) - 399079f7-1eb1-4f37-b003-267572525934@group-D40A05E2FCF9-FollowerState: change to CANDIDATE, lastRpcTime:67ms, electionTimeout:67ms
2019-10-20 18:18:43,572 [Thread-1924] INFO  impl.RoleInfo (RoleInfo.java:shutdownFollowerState(121)) - 399079f7-1eb1-4f37-b003-267572525934: shutdown FollowerState
2019-10-20 18:18:43,572 [Thread-1924] INFO  impl.RaftServerImpl (RaftServerImpl.java:setRole(184)) - 399079f7-1eb1-4f37-b003-267572525934@group-D40A05E2FCF9: changes role from  FOLLOWER to CANDIDATE at term 123 for changeToCandidate
2019-10-20 18:18:43,572 [Thread-1924] INFO  impl.RoleInfo (RoleInfo.java:updateAndGet(143)) - 399079f7-1eb1-4f37-b003-267572525934: start LeaderElection
2019-10-20 18:18:43,579 [b75f8b2e-6273-4c97-b7c5-042674931d23@group-F11756C8BA4A-LeaderElection230] INFO  impl.LeaderElection (LeaderElection.java:askForVotes(178)) - b75f8b2e-6273-4c97-b7c5-042674931d23@group-F11756C8BA4A-LeaderElection230: begin an election at term 125 for -1: [6ef27e9c-8ddb-4fa1-8c14-ab102acfb1b8:192.168.164.241:38092, b75f8b2e-6273-4c97-b7c5-042674931d23:192.168.164.241:41857, 3750b3a2-715b-46b3-9d0c-9e38136244b9:192.168.164.241:46227], old=null
2019-10-20 18:18:43,580 [grpc-default-executor-10] INFO  impl.RaftServerImpl (RaftServerImpl.java:setRole(184)) - 6ef27e9c-8ddb-4fa1-8c14-ab102acfb1b8@group-F11756C8BA4A: changes role from  FOLLOWER to FOLLOWER at term 125 for recognizeCandidate:b75f8b2e-6273-4c97-b7c5-042674931d23
2019-10-20 18:18:43,581 [grpc-default-executor-10] INFO  impl.RoleInfo (RoleInfo.java:shutdownFollowerState(121)) - 6ef27e9c-8ddb-4fa1-8c14-ab102acfb1b8: shutdown FollowerState
2019-10-20 18:18:43,581 [grpc-default-executor-10] INFO  impl.RoleInfo (RoleInfo.java:updateAndGet(143)) - 6ef27e9c-8ddb-4fa1-8c14-ab102acfb1b8: start FollowerState
2019-10-20 18:18:43,581 [Thread-1916] INFO  impl.FollowerState (FollowerState.java:run(117)) - 6ef27e9c-8ddb-4fa1-8c14-ab102acfb1b8@group-F11756C8BA4A-FollowerState was interrupted: java.lang.InterruptedException: sleep interrupted
2019-10-20 18:18:43,581 [grpc-default-executor-1] INFO  impl.RaftServerImpl (RaftServerImpl.java:setRole(184)) - 3750b3a2-715b-46b3-9d0c-9e38136244b9@group-F11756C8BA4A: changes role from  FOLLOWER to FOLLOWER at term 125 for recognizeCandidate:b75f8b2e-6273-4c97-b7c5-042674931d23
2019-10-20 18:18:43,581 [grpc-default-executor-1] INFO  impl.RoleInfo (RoleInfo.java:shutdownFollowerState(121)) - 3750b3a2-715b-46b3-9d0c-9e38136244b9: shutdown FollowerState
2019-10-20 18:18:43,582 [grpc-default-executor-1] INFO  impl.RoleInfo (RoleInfo.java:updateAndGet(143)) - 3750b3a2-715b-46b3-9d0c-9e38136244b9: start FollowerState
2019-10-20 18:18:43,582 [Thread-1917] INFO  impl.FollowerState (FollowerState.java:run(117)) - 3750b3a2-715b-46b3-9d0c-9e38136244b9@group-F11756C8BA4A-FollowerState was interrupted: java.lang.InterruptedException: sleep interrupted
2019-10-20 18:18:43,597 [399079f7-1eb1-4f37-b003-267572525934@group-D40A05E2FCF9-LeaderElection231] INFO  impl.LeaderElection (LeaderElection.java:askForVotes(178)) - 399079f7-1eb1-4f37-b003-267572525934@group-D40A05E2FCF9-LeaderElection231: begin an election at term 124 for -1: [399079f7-1eb1-4f37-b003-267572525934:192.168.164.241:37762, 7a43c46a-fc88-4b2d-b2da-ae029cfa60ff:192.168.164.241:43684, 6c5c38af-62e6-4ea7-a24a-078dcb28fb39:192.168.164.241:45428], old=null
2019-10-20 18:18:43,599 [grpc-default-executor-7] INFO  impl.RaftServerImpl (RaftServerImpl.java:setRole(184)) - 7a43c46a-fc88-4b2d-b2da-ae029cfa60ff@group-D40A05E2FCF9: changes role from  FOLLOWER to FOLLOWER at term 124 for recognizeCandidate:399079f7-1eb1-4f37-b003-267572525934
2019-10-20 18:18:43,599 [grpc-default-executor-7] INFO  impl.RoleInfo (RoleInfo.java:shutdownFollowerState(121)) - 7a43c46a-fc88-4b2d-b2da-ae029cfa60ff: shutdown FollowerState
2019-10-20 18:18:43,599 [grpc-default-executor-3] INFO  impl.RaftServerImpl (RaftServerImpl.java:setRole(184)) - 6c5c38af-62e6-4ea7-a24a-078dcb28fb39@group-D40A05E2FCF9: changes role from  FOLLOWER to FOLLOWER at term 124 for recognizeCandidate:399079f7-1eb1-4f37-b003-267572525934
2019-10-20 18:18:43,599 [grpc-default-executor-3] INFO  impl.RoleInfo (RoleInfo.java:shutdownFollowerState(121)) - 6c5c38af-62e6-4ea7-a24a-078dcb28fb39: shutdown FollowerState
2019-10-20 18:18:43,599 [Thread-1922] INFO  impl.FollowerState (FollowerState.java:run(117)) - 7a43c46a-fc88-4b2d-b2da-ae029cfa60ff@group-D40A05E2FCF9-FollowerState was interrupted: java.lang.InterruptedException: sleep interrupted
2019-10-20 18:18:43,599 [grpc-default-executor-7] INFO  impl.RoleInfo (RoleInfo.java:updateAndGet(143)) - 7a43c46a-fc88-4b2d-b2da-ae029cfa60ff: start FollowerState
2019-10-20 18:18:43,599 [Thread-1923] INFO  impl.FollowerState (FollowerState.java:run(117)) - 6c5c38af-62e6-4ea7-a24a-078dcb28fb39@group-D40A05E2FCF9-FollowerState was interrupted: java.lang.InterruptedException: sleep interrupted
2019-10-20 18:18:43,599 [grpc-default-executor-3] INFO  impl.RoleInfo (RoleInfo.java:updateAndGet(143)) - 6c5c38af-62e6-4ea7-a24a-078dcb28fb39: start FollowerState
2019-10-20 18:18:43,615 [b75f8b2e-6273-4c97-b7c5-042674931d23@group-F11756C8BA4A-LeaderElection230] INFO  impl.LeaderElection (LeaderElection.java:logAndReturn(56)) - b75f8b2e-6273-4c97-b7c5-042674931d23@group-F11756C8BA4A-LeaderElection230: Election REJECTED; received 2 response(s) [b75f8b2e-6273-4c97-b7c5-042674931d23<-6ef27e9c-8ddb-4fa1-8c14-ab102acfb1b8#0:FAIL-t125, b75f8b2e-6273-4c97-b7c5-042674931d23<-3750b3a2-715b-46b3-9d0c-9e38136244b9#0:FAIL-t125] and 0 exception(s); b75f8b2e-6273-4c97-b7c5-042674931d23@group-F11756C8BA4A:t125, leader=null, voted=b75f8b2e-6273-4c97-b7c5-042674931d23, raftlog=b75f8b2e-6273-4c97-b7c5-042674931d23@group-F11756C8BA4A-SegmentedRaftLog:OPENED:c-1,f-1,i0, conf=-1: [6ef27e9c-8ddb-4fa1-8c14-ab102acfb1b8:192.168.164.241:38092, b75f8b2e-6273-4c97-b7c5-042674931d23:192.168.164.241:41857, 3750b3a2-715b-46b3-9d0c-9e38136244b9:192.168.164.241:46227], old=null
2019-10-20 18:18:43,615 [b75f8b2e-6273-4c97-b7c5-042674931d23@group-F11756C8BA4A-LeaderElection230] INFO  impl.RaftServerImpl (RaftServerImpl.java:setRole(184)) - b75f8b2e-6273-4c97-b7c5-042674931d23@group-F11756C8BA4A: changes role from CANDIDATE to FOLLOWER at term 125 for DISCOVERED_A_NEW_TERM
2019-10-20 18:18:43,615 [b75f8b2e-6273-4c97-b7c5-042674931d23@group-F11756C8BA4A-LeaderElection230] INFO  impl.RoleInfo (RoleInfo.java:shutdownLeaderElection(134)) - b75f8b2e-6273-4c97-b7c5-042674931d23: shutdown LeaderElection
2019-10-20 18:18:43,615 [b75f8b2e-6273-4c97-b7c5-042674931d23@group-F11756C8BA4A-LeaderElection230] INFO  impl.RoleInfo (RoleInfo.java:updateAndGet(143)) - b75f8b2e-6273-4c97-b7c5-042674931d23: start FollowerState
2019-10-20 18:18:43,625 [399079f7-1eb1-4f37-b003-267572525934@group-D40A05E2FCF9-LeaderElection231] INFO  impl.LeaderElection (LeaderElection.java:logAndReturn(56)) - 399079f7-1eb1-4f37-b003-267572525934@group-D40A05E2FCF9-LeaderElection231: Election TIMEOUT; received 0 response(s) [] and 0 exception(s); 399079f7-1eb1-4f37-b003-267572525934@group-D40A05E2FCF9:t124, leader=null, voted=399079f7-1eb1-4f37-b003-267572525934, raftlog=399079f7-1eb1-4f37-b003-267572525934@group-D40A05E2FCF9-SegmentedRaftLog:OPENED:c-1,f-1,i0, conf=-1: [399079f7-1eb1-4f37-b003-267572525934:192.168.164.241:37762, 7a43c46a-fc88-4b2d-b2da-ae029cfa60ff:192.168.164.241:43684, 6c5c38af-62e6-4ea7-a24a-078dcb28fb39:192.168.164.241:45428], old=null
2019-10-20 18:18:43,637 [Thread-1937] INFO  impl.FollowerState (FollowerState.java:run(108)) - b75f8b2e-6273-4c97-b7c5-042674931d23@group-F11756C8BA4A-FollowerState: change to CANDIDATE, lastRpcTime:21ms, electionTimeout:21ms
2019-10-20 18:18:43,637 [Thread-1937] INFO  impl.RoleInfo (RoleInfo.java:shutdownFollowerState(121)) - b75f8b2e-6273-4c97-b7c5-042674931d23: shutdown FollowerState
2019-10-20 18:18:43,637 [Thread-1937] INFO  impl.RaftServerImpl (RaftServerImpl.java:setRole(184)) - b75f8b2e-6273-4c97-b7c5-042674931d23@group-F11756C8BA4A: changes role from  FOLLOWER to CANDIDATE at term 125 for changeToCandidate
2019-10-20 18:18:43,637 [Thread-1937] INFO  impl.RoleInfo (RoleInfo.java:updateAndGet(143)) - b75f8b2e-6273-4c97-b7c5-042674931d23: start LeaderElection
2019-10-20 18:18:43,649 [399079f7-1eb1-4f37-b003-267572525934@group-D40A05E2FCF9-LeaderElection231] INFO  impl.LeaderElection (LeaderElection.java:askForVotes(178)) - 399079f7-1eb1-4f37-b003-267572525934@group-D40A05E2FCF9-LeaderElection231: begin an election at term 125 for -1: [399079f7-1eb1-4f37-b003-267572525934:192.168.164.241:37762, 7a43c46a-fc88-4b2d-b2da-ae029cfa60ff:192.168.164.241:43684, 6c5c38af-62e6-4ea7-a24a-078dcb28fb39:192.168.164.241:45428], old=null
2019-10-20 18:18:43,650 [grpc-default-executor-7] INFO  impl.RaftServerImpl (RaftServerImpl.java:setRole(184)) - 7a43c46a-fc88-4b2d-b2da-ae029cfa60ff@group-D40A05E2FCF9: changes role from  FOLLOWER to FOLLOWER at term 125 for recognizeCandidate:399079f7-1eb1-4f37-b003-267572525934
2019-10-20 18:18:43,651 [grpc-default-executor-7] INFO  impl.RoleInfo (RoleInfo.java:shutdownFollowerState(121)) - 7a43c46a-fc88-4b2d-b2da-ae029cfa60ff: shutdown FollowerState
2019-10-20 18:18:43,651 [grpc-default-executor-3] INFO  impl.RaftServerImpl (RaftServerImpl.java:setRole(184)) - 6c5c38af-62e6-4ea7-a24a-078dcb28fb39@group-D40A05E2FCF9: changes role from  FOLLOWER to FOLLOWER at term 125 for recognizeCandidate:399079f7-1eb1-4f37-b003-267572525934
2019-10-20 18:18:43,651 [Thread-1935] INFO  impl.FollowerState (FollowerState.java:run(117)) - 7a43c46a-fc88-4b2d-b2da-ae029cfa60ff@group-D40A05E2FCF9-FollowerState was interrupted: java.lang.InterruptedException: sleep interrupted
2019-10-20 18:18:43,651 [grpc-default-executor-7] INFO  impl.RoleInfo (RoleInfo.java:updateAndGet(143)) - 7a43c46a-fc88-4b2d-b2da-ae029cfa60ff: start FollowerState
2019-10-20 18:18:43,651 [grpc-default-executor-3] INFO  impl.RoleInfo (RoleInfo.java:shutdownFollowerState(121)) - 6c5c38af-62e6-4ea7-a24a-078dcb28fb39: shutdown FollowerState
2019-10-20 18:18:43,651 [grpc-default-executor-3] INFO  impl.RoleInfo (RoleInfo.java:updateAndGet(143)) - 6c5c38af-62e6-4ea7-a24a-078dcb28fb39: start FollowerState
2019-10-20 18:18:43,651 [Thread-1936] INFO  impl.FollowerState (FollowerState.java:run(117)) - 6c5c38af-62e6-4ea7-a24a-078dcb28fb39@group-D40A05E2FCF9-FollowerState was interrupted: java.lang.InterruptedException: sleep interrupted
2019-10-20 18:18:43,674 [b75f8b2e-6273-4c97-b7c5-042674931d23@group-F11756C8BA4A-LeaderElection232] INFO  impl.LeaderElection (LeaderElection.java:askForVotes(178)) - b75f8b2e-6273-4c97-b7c5-042674931d23@group-F11756C8BA4A-LeaderElection232: begin an election at term 126 for -1: [6ef27e9c-8ddb-4fa1-8c14-ab102acfb1b8:192.168.164.241:38092, b75f8b2e-6273-4c97-b7c5-042674931d23:192.168.164.241:41857, 3750b3a2-715b-46b3-9d0c-9e38136244b9:192.168.164.241:46227], old=null
2019-10-20 18:18:43,675 [399079f7-1eb1-4f37-b003-267572525934@group-D40A05E2FCF9-LeaderElection231] INFO  impl.LeaderElection (LeaderElection.java:logAndReturn(56)) - 399079f7-1eb1-4f37-b003-267572525934@group-D40A05E2FCF9-LeaderElection231: Election REJECTED; received 2 response(s) [399079f7-1eb1-4f37-b003-267572525934<-7a43c46a-fc88-4b2d-b2da-ae029cfa60ff#0:FAIL-t125, 399079f7-1eb1-4f37-b003-267572525934<-6c5c38af-62e6-4ea7-a24a-078dcb28fb39#0:FAIL-t125] and 0 exception(s); 399079f7-1eb1-4f37-b003-267572525934@group-D40A05E2FCF9:t125, leader=null, voted=399079f7-1eb1-4f37-b003-267572525934, raftlog=399079f7-1eb1-4f37-b003-267572525934@group-D40A05E2FCF9-SegmentedRaftLog:OPENED:c-1,f-1,i0, conf=-1: [399079f7-1eb1-4f37-b003-267572525934:192.168.164.241:37762, 7a43c46a-fc88-4b2d-b2da-ae029cfa60ff:192.168.164.241:43684, 6c5c38af-62e6-4ea7-a24a-078dcb28fb39:192.168.164.241:45428], old=null
2019-10-20 18:18:43,675 [399079f7-1eb1-4f37-b003-267572525934@group-D40A05E2FCF9-LeaderElection231] INFO  impl.RaftServerImpl (RaftServerImpl.java:setRole(184)) - 399079f7-1eb1-4f37-b003-267572525934@group-D40A05E2FCF9: changes role from CANDIDATE to FOLLOWER at term 125 for DISCOVERED_A_NEW_TERM
2019-10-20 18:18:43,675 [399079f7-1eb1-4f37-b003-267572525934@group-D40A05E2FCF9-LeaderElection231] INFO  impl.RoleInfo (RoleInfo.java:shutdownLeaderElection(134)) - 399079f7-1eb1-4f37-b003-267572525934: shutdown LeaderElection
2019-10-20 18:18:43,675 [399079f7-1eb1-4f37-b003-267572525934@group-D40A05E2FCF9-LeaderElection231] INFO  impl.RoleInfo (RoleInfo.java:updateAndGet(143)) - 399079f7-1eb1-4f37-b003-267572525934: start FollowerState
2019-10-20 18:18:43,676 [grpc-default-executor-3] INFO  impl.RaftServerImpl (RaftServerImpl.java:setRole(184)) - 3750b3a2-715b-46b3-9d0c-9e38136244b9@group-F11756C8BA4A: changes role from  FOLLOWER to FOLLOWER at term 126 for recognizeCandidate:b75f8b2e-6273-4c97-b7c5-042674931d23
2019-10-20 18:18:43,676 [grpc-default-executor-7] INFO  impl.RaftServerImpl (RaftServerImpl.java:setRole(184)) - 6ef27e9c-8ddb-4fa1-8c14-ab102acfb1b8@group-F11756C8BA4A: changes role from  FOLLOWER to FOLLOWER at term 126 for recognizeCandidate:b75f8b2e-6273-4c97-b7c5-042674931d23
2019-10-20 18:18:43,676 [grpc-default-executor-7] INFO  impl.RoleInfo (RoleInfo.java:shutdownFollowerState(121)) - 6ef27e9c-8ddb-4fa1-8c14-ab102acfb1b8: shutdown FollowerState
2019-10-20 18:18:43,676 [grpc-default-executor-3] INFO  impl.RoleInfo (RoleInfo.java:shutdownFollowerState(121)) - 3750b3a2-715b-46b3-9d0c-9e38136244b9: shutdown FollowerState
2019-10-20 18:18:43,676 [Thread-1930] INFO  impl.FollowerState (FollowerState.java:run(117)) - 6ef27e9c-8ddb-4fa1-8c14-ab102acfb1b8@group-F11756C8BA4A-FollowerState was interrupted: java.lang.InterruptedException: sleep interrupted
2019-10-20 18:18:43,676 [Thread-1932] INFO  impl.FollowerState (FollowerState.java:run(117)) - 3750b3a2-715b-46b3-9d0c-9e38136244b9@group-F11756C8BA4A-FollowerState was interrupted: java.lang.InterruptedException: sleep interrupted
2019-10-20 18:18:43,676 [grpc-default-executor-7] INFO  impl.RoleInfo (RoleInfo.java:updateAndGet(143)) - 6ef27e9c-8ddb-4fa1-8c14-ab102acfb1b8: start FollowerState
2019-10-20 18:18:43,676 [grpc-default-executor-3] INFO  impl.RoleInfo (RoleInfo.java:updateAndGet(143)) - 3750b3a2-715b-46b3-9d0c-9e38136244b9: start FollowerState
2019-10-20 18:18:43,700 [b75f8b2e-6273-4c97-b7c5-042674931d23@group-F11756C8BA4A-LeaderElection232] INFO  impl.LeaderElection (LeaderElection.java:logAndReturn(56)) - b75f8b2e-6273-4c97-b7c5-042674931d23@group-F11756C8BA4A-LeaderElection232: Election REJECTED; received 2 response(s) [b75f8b2e-6273-4c97-b7c5-042674931d23<-6ef27e9c-8ddb-4fa1-8c14-ab102acfb1b8#0:FAIL-t126, b75f8b2e-6273-4c97-b7c5-042674931d23<-3750b3a2-715b-46b3-9d0c-9e38136244b9#0:FAIL-t126] and 0 exception(s); b75f8b2e-6273-4c97-b7c5-042674931d23@group-F11756C8BA4A:t126, leader=null, voted=b75f8b2e-6273-4c97-b7c5-042674931d23, raftlog=b75f8b2e-6273-4c97-b7c5-042674931d23@group-F11756C8BA4A-SegmentedRaftLog:OPENED:c-1,f-1,i0, conf=-1: [6ef27e9c-8ddb-4fa1-8c14-ab102acfb1b8:192.168.164.241:38092, b75f8b2e-6273-4c97-b7c5-042674931d23:192.168.164.241:41857, 3750b3a2-715b-46b3-9d0c-9e38136244b9:192.168.164.241:46227], old=null
2019-10-20 18:18:43,700 [b75f8b2e-6273-4c97-b7c5-042674931d23@group-F11756C8BA4A-LeaderElection232] INFO  impl.RaftServerImpl (RaftServerImpl.java:setRole(184)) - b75f8b2e-6273-4c97-b7c5-042674931d23@group-F11756C8BA4A: changes role from CANDIDATE to FOLLOWER at term 126 for DISCOVERED_A_NEW_TERM
2019-10-20 18:18:43,701 [b75f8b2e-6273-4c97-b7c5-042674931d23@group-F11756C8BA4A-LeaderElection232] INFO  impl.RoleInfo (RoleInfo.java:shutdownLeaderElection(134)) - b75f8b2e-6273-4c97-b7c5-042674931d23: shutdown LeaderElection
2019-10-20 18:18:43,701 [b75f8b2e-6273-4c97-b7c5-042674931d23@group-F11756C8BA4A-LeaderElection232] INFO  impl.RoleInfo (RoleInfo.java:updateAndGet(143)) - b75f8b2e-6273-4c97-b7c5-042674931d23: start FollowerState
2019-10-20 18:18:43,815 [Thread-1945] INFO  impl.FollowerState (FollowerState.java:run(108)) - 399079f7-1eb1-4f37-b003-267572525934@group-D40A05E2FCF9-FollowerState: change to CANDIDATE, lastRpcTime:139ms, electionTimeout:139ms
2019-10-20 18:18:43,815 [Thread-1945] INFO  impl.RoleInfo (RoleInfo.java:shutdownFollowerState(121)) - 399079f7-1eb1-4f37-b003-267572525934: shutdown FollowerState
2019-10-20 18:18:43,815 [Thread-1945] INFO  impl.RaftServerImpl (RaftServerImpl.java:setRole(184)) - 399079f7-1eb1-4f37-b003-267572525934@group-D40A05E2FCF9: changes role from  FOLLOWER to CANDIDATE at term 125 for changeToCandidate
2019-10-20 18:18:43,815 [Thread-1945] INFO  impl.RoleInfo (RoleInfo.java:updateAndGet(143)) - 399079f7-1eb1-4f37-b003-267572525934: start LeaderElection
2019-10-20 18:18:43,829 [Thread-1948] INFO  impl.FollowerState (FollowerState.java:run(108)) - b75f8b2e-6273-4c97-b7c5-042674931d23@group-F11756C8BA4A-FollowerState: change to CANDIDATE, lastRpcTime:128ms, electionTimeout:128ms
2019-10-20 18:18:43,829 [Thread-1948] INFO  impl.RoleInfo (RoleInfo.java:shutdownFollowerState(121)) - b75f8b2e-6273-4c97-b7c5-042674931d23: shutdown FollowerState
2019-10-20 18:18:43,829 [Thread-1948] INFO  impl.RaftServerImpl (RaftServerImpl.java:setRole(184)) - b75f8b2e-6273-4c97-b7c5-042674931d23@group-F11756C8BA4A: changes role from  FOLLOWER to CANDIDATE at term 126 for changeToCandidate
2019-10-20 18:18:43,830 [Thread-1948] INFO  impl.RoleInfo (RoleInfo.java:updateAndGet(143)) - b75f8b2e-6273-4c97-b7c5-042674931d23: start LeaderElection
2019-10-20 18:18:43,842 [399079f7-1eb1-4f37-b003-267572525934@group-D40A05E2FCF9-LeaderElection233] INFO  impl.LeaderElection (LeaderElection.java:askForVotes(178)) - 399079f7-1eb1-4f37-b003-267572525934@group-D40A05E2FCF9-LeaderElection233: begin an election at term 126 for -1: [399079f7-1eb1-4f37-b003-267572525934:192.168.164.241:37762, 7a43c46a-fc88-4b2d-b2da-ae029cfa60ff:192.168.164.241:43684, 6c5c38af-62e6-4ea7-a24a-078dcb28fb39:192.168.164.241:45428], old=null
2019-10-20 18:18:43,844 [grpc-default-executor-7] INFO  impl.RaftServerImpl (RaftServerImpl.java:setRole(184)) - 7a43c46a-fc88-4b2d-b2da-ae029cfa60ff@group-D40A05E2FCF9: changes role from  FOLLOWER to FOLLOWER at term 126 for recognizeCandidate:399079f7-1eb1-4f37-b003-267572525934
2019-10-20 18:18:43,845 [grpc-default-executor-7] INFO  impl.RoleInfo (RoleInfo.java:shutdownFollowerState(121)) - 7a43c46a-fc88-4b2d-b2da-ae029cfa60ff: shutdown FollowerState
2019-10-20 18:18:43,844 [grpc-default-executor-3] INFO  impl.RaftServerImpl (RaftServerImpl.java:setRole(184)) - 6c5c38af-62e6-4ea7-a24a-078dcb28fb39@group-D40A05E2FCF9: changes role from  FOLLOWER to FOLLOWER at term 126 for recognizeCandidate:399079f7-1eb1-4f37-b003-267572525934
2019-10-20 18:18:43,845 [grpc-default-executor-7] INFO  impl.RoleInfo (RoleInfo.java:updateAndGet(143)) - 7a43c46a-fc88-4b2d-b2da-ae029cfa60ff: start FollowerState
2019-10-20 18:18:43,845 [Thread-1941] INFO  impl.FollowerState (FollowerState.java:run(117)) - 7a43c46a-fc88-4b2d-b2da-ae029cfa60ff@group-D40A05E2FCF9-FollowerState was interrupted: java.lang.InterruptedException: sleep interrupted
2019-10-20 18:18:43,845 [grpc-default-executor-3] INFO  impl.RoleInfo (RoleInfo.java:shutdownFollowerState(121)) - 6c5c38af-62e6-4ea7-a24a-078dcb28fb39: shutdown FollowerState
2019-10-20 18:18:43,845 [grpc-default-executor-3] INFO  impl.RoleInfo (RoleInfo.java:updateAndGet(143)) - 6c5c38af-62e6-4ea7-a24a-078dcb28fb39: start FollowerState
2019-10-20 18:18:43,845 [Thread-1942] INFO  impl.FollowerState (FollowerState.java:run(117)) - 6c5c38af-62e6-4ea7-a24a-078dcb28fb39@group-D40A05E2FCF9-FollowerState was interrupted: java.lang.InterruptedException: sleep interrupted
2019-10-20 18:18:43,859 [b75f8b2e-6273-4c97-b7c5-042674931d23@group-F11756C8BA4A-LeaderElection234] INFO  impl.LeaderElection (LeaderElection.java:askForVotes(178)) - b75f8b2e-6273-4c97-b7c5-042674931d23@group-F11756C8BA4A-LeaderElection234: begin an election at term 127 for -1: [6ef27e9c-8ddb-4fa1-8c14-ab102acfb1b8:192.168.164.241:38092, b75f8b2e-6273-4c97-b7c5-042674931d23:192.168.164.241:41857, 3750b3a2-715b-46b3-9d0c-9e38136244b9:192.168.164.241:46227], old=null
2019-10-20 18:18:43,861 [grpc-default-executor-1] INFO  impl.RaftServerImpl (RaftServerImpl.java:setRole(184)) - 6ef27e9c-8ddb-4fa1-8c14-ab102acfb1b8@group-F11756C8BA4A: changes role from  FOLLOWER to FOLLOWER at term 127 for recognizeCandidate:b75f8b2e-6273-4c97-b7c5-042674931d23
2019-10-20 18:18:43,861 [grpc-default-executor-10] INFO  impl.RaftServerImpl (RaftServerImpl.java:setRole(184)) - 3750b3a2-715b-46b3-9d0c-9e38136244b9@group-F11756C8BA4A: changes role from  FOLLOWER to FOLLOWER at term 127 for recognizeCandidate:b75f8b2e-6273-4c97-b7c5-042674931d23
2019-10-20 18:18:43,861 [grpc-default-executor-1] INFO  impl.RoleInfo (RoleInfo.java:shutdownFollowerState(121)) - 6ef27e9c-8ddb-4fa1-8c14-ab102acfb1b8: shutdown FollowerState
2019-10-20 18:18:43,862 [grpc-default-executor-10] INFO  impl.RoleInfo (RoleInfo.java:shutdownFollowerState(121)) - 3750b3a2-715b-46b3-9d0c-9e38136244b9: shutdown FollowerState
2019-10-20 18:18:43,862 [Thread-1946] INFO  impl.FollowerState (FollowerState.java:run(117)) - 6ef27e9c-8ddb-4fa1-8c14-ab102acfb1b8@group-F11756C8BA4A-FollowerState was interrupted: java.lang.InterruptedException: sleep interrupted
2019-10-20 18:18:43,862 [Thread-1947] INFO  impl.FollowerState (FollowerState.java:run(117)) - 3750b3a2-715b-46b3-9d0c-9e38136244b9@group-F11756C8BA4A-FollowerState was interrupted: java.lang.InterruptedException: sleep interrupted
2019-10-20 18:18:43,862 [grpc-default-executor-1] INFO  impl.RoleInfo (RoleInfo.java:updateAndGet(143)) - 6ef27e9c-8ddb-4fa1-8c14-ab102acfb1b8: start FollowerState
2019-10-20 18:18:43,862 [grpc-default-executor-10] INFO  impl.RoleInfo (RoleInfo.java:updateAndGet(143)) - 3750b3a2-715b-46b3-9d0c-9e38136244b9: start FollowerState
2019-10-20 18:18:43,863 [b75f8b2e-6273-4c97-b7c5-042674931d23@group-F11756C8BA4A-LeaderElection234] INFO  impl.LeaderElection (LeaderElection.java:logAndReturn(56)) - b75f8b2e-6273-4c97-b7c5-042674931d23@group-F11756C8BA4A-LeaderElection234: Election TIMEOUT; received 0 response(s) [] and 0 exception(s); b75f8b2e-6273-4c97-b7c5-042674931d23@group-F11756C8BA4A:t127, leader=null, voted=b75f8b2e-6273-4c97-b7c5-042674931d23, raftlog=b75f8b2e-6273-4c97-b7c5-042674931d23@group-F11756C8BA4A-SegmentedRaftLog:OPENED:c-1,f-1,i0, conf=-1: [6ef27e9c-8ddb-4fa1-8c14-ab102acfb1b8:192.168.164.241:38092, b75f8b2e-6273-4c97-b7c5-042674931d23:192.168.164.241:41857, 3750b3a2-715b-46b3-9d0c-9e38136244b9:192.168.164.241:46227], old=null
2019-10-20 18:18:43,878 [399079f7-1eb1-4f37-b003-267572525934@group-D40A05E2FCF9-LeaderElection233] INFO  impl.LeaderElection (LeaderElection.java:logAndReturn(56)) - 399079f7-1eb1-4f37-b003-267572525934@group-D40A05E2FCF9-LeaderElection233: Election REJECTED; received 2 response(s) [399079f7-1eb1-4f37-b003-267572525934<-7a43c46a-fc88-4b2d-b2da-ae029cfa60ff#0:FAIL-t126, 399079f7-1eb1-4f37-b003-267572525934<-6c5c38af-62e6-4ea7-a24a-078dcb28fb39#0:FAIL-t126] and 0 exception(s); 399079f7-1eb1-4f37-b003-267572525934@group-D40A05E2FCF9:t126, leader=null, voted=399079f7-1eb1-4f37-b003-267572525934, raftlog=399079f7-1eb1-4f37-b003-267572525934@group-D40A05E2FCF9-SegmentedRaftLog:OPENED:c-1,f-1,i0, conf=-1: [399079f7-1eb1-4f37-b003-267572525934:192.168.164.241:37762, 7a43c46a-fc88-4b2d-b2da-ae029cfa60ff:192.168.164.241:43684, 6c5c38af-62e6-4ea7-a24a-078dcb28fb39:192.168.164.241:45428], old=null
2019-10-20 18:18:43,878 [399079f7-1eb1-4f37-b003-267572525934@group-D40A05E2FCF9-LeaderElection233] INFO  impl.RaftServerImpl (RaftServerImpl.java:setRole(184)) - 399079f7-1eb1-4f37-b003-267572525934@group-D40A05E2FCF9: changes role from CANDIDATE to FOLLOWER at term 126 for DISCOVERED_A_NEW_TERM
2019-10-20 18:18:43,878 [399079f7-1eb1-4f37-b003-267572525934@group-D40A05E2FCF9-LeaderElection233] INFO  impl.RoleInfo (RoleInfo.java:shutdownLeaderElection(134)) - 399079f7-1eb1-4f37-b003-267572525934: shutdown LeaderElection
2019-10-20 18:18:43,878 [399079f7-1eb1-4f37-b003-267572525934@group-D40A05E2FCF9-LeaderElection233] INFO  impl.RoleInfo (RoleInfo.java:updateAndGet(143)) - 399079f7-1eb1-4f37-b003-267572525934: start FollowerState
2019-10-20 18:18:43,894 [b75f8b2e-6273-4c97-b7c5-042674931d23@group-F11756C8BA4A-LeaderElection234] INFO  impl.LeaderElection (LeaderElection.java:askForVotes(178)) - b75f8b2e-6273-4c97-b7c5-042674931d23@group-F11756C8BA4A-LeaderElection234: begin an election at term 128 for -1: [6ef27e9c-8ddb-4fa1-8c14-ab102acfb1b8:192.168.164.241:38092, b75f8b2e-6273-4c97-b7c5-042674931d23:192.168.164.241:41857, 3750b3a2-715b-46b3-9d0c-9e38136244b9:192.168.164.241:46227], old=null
2019-10-20 18:18:43,896 [grpc-default-executor-1] INFO  impl.RaftServerImpl (RaftServerImpl.java:setRole(184)) - 6ef27e9c-8ddb-4fa1-8c14-ab102acfb1b8@group-F11756C8BA4A: changes role from  FOLLOWER to FOLLOWER at term 128 for recognizeCandidate:b75f8b2e-6273-4c97-b7c5-042674931d23
2019-10-20 18:18:43,896 [grpc-default-executor-1] INFO  impl.RoleInfo (RoleInfo.java:shutdownFollowerState(121)) - 6ef27e9c-8ddb-4fa1-8c14-ab102acfb1b8: shutdown FollowerState
2019-10-20 18:18:43,896 [grpc-default-executor-1] INFO  impl.RoleInfo (RoleInfo.java:updateAndGet(143)) - 6ef27e9c-8ddb-4fa1-8c14-ab102acfb1b8: start FollowerState
2019-10-20 18:18:43,896 [Thread-1957] INFO  impl.FollowerState (FollowerState.java:run(117)) - 6ef27e9c-8ddb-4fa1-8c14-ab102acfb1b8@group-F11756C8BA4A-FollowerState was interrupted: java.lang.InterruptedException: sleep interrupted
2019-10-20 18:18:43,896 [grpc-default-executor-10] INFO  impl.RaftServerImpl (RaftServerImpl.java:setRole(184)) - 3750b3a2-715b-46b3-9d0c-9e38136244b9@group-F11756C8BA4A: changes role from  FOLLOWER to FOLLOWER at term 128 for recognizeCandidate:b75f8b2e-6273-4c97-b7c5-042674931d23
2019-10-20 18:18:43,896 [grpc-default-executor-10] INFO  impl.RoleInfo (RoleInfo.java:shutdownFollowerState(121)) - 3750b3a2-715b-46b3-9d0c-9e38136244b9: shutdown FollowerState
2019-10-20 18:18:43,896 [grpc-default-executor-10] INFO  impl.RoleInfo (RoleInfo.java:updateAndGet(143)) - 3750b3a2-715b-46b3-9d0c-9e38136244b9: start FollowerState
2019-10-20 18:18:43,896 [Thread-1958] INFO  impl.FollowerState (FollowerState.java:run(117)) - 3750b3a2-715b-46b3-9d0c-9e38136244b9@group-F11756C8BA4A-FollowerState was interrupted: java.lang.InterruptedException: sleep interrupted
2019-10-20 18:18:43,910 [b75f8b2e-6273-4c97-b7c5-042674931d23@group-F11756C8BA4A-LeaderElection234] INFO  impl.LeaderElection (LeaderElection.java:logAndReturn(56)) - b75f8b2e-6273-4c97-b7c5-042674931d23@group-F11756C8BA4A-LeaderElection234: Election TIMEOUT; received 0 response(s) [] and 0 exception(s); b75f8b2e-6273-4c97-b7c5-042674931d23@group-F11756C8BA4A:t128, leader=null, voted=b75f8b2e-6273-4c97-b7c5-042674931d23, raftlog=b75f8b2e-6273-4c97-b7c5-042674931d23@group-F11756C8BA4A-SegmentedRaftLog:OPENED:c-1,f-1,i0, conf=-1: [6ef27e9c-8ddb-4fa1-8c14-ab102acfb1b8:192.168.164.241:38092, b75f8b2e-6273-4c97-b7c5-042674931d23:192.168.164.241:41857, 3750b3a2-715b-46b3-9d0c-9e38136244b9:192.168.164.241:46227], old=null
2019-10-20 18:18:43,945 [b75f8b2e-6273-4c97-b7c5-042674931d23@group-F11756C8BA4A-LeaderElection234] INFO  impl.LeaderElection (LeaderElection.java:askForVotes(178)) - b75f8b2e-6273-4c97-b7c5-042674931d23@group-F11756C8BA4A-LeaderElection234: begin an election at term 129 for -1: [6ef27e9c-8ddb-4fa1-8c14-ab102acfb1b8:192.168.164.241:38092, b75f8b2e-6273-4c97-b7c5-042674931d23:192.168.164.241:41857, 3750b3a2-715b-46b3-9d0c-9e38136244b9:192.168.164.241:46227], old=null
2019-10-20 18:18:43,947 [grpc-default-executor-1] INFO  impl.RaftServerImpl (RaftServerImpl.java:setRole(184)) - 6ef27e9c-8ddb-4fa1-8c14-ab102acfb1b8@group-F11756C8BA4A: changes role from  FOLLOWER to FOLLOWER at term 129 for recognizeCandidate:b75f8b2e-6273-4c97-b7c5-042674931d23
2019-10-20 18:18:43,947 [grpc-default-executor-1] INFO  impl.RoleInfo (RoleInfo.java:shutdownFollowerState(121)) - 6ef27e9c-8ddb-4fa1-8c14-ab102acfb1b8: shutdown FollowerState
2019-10-20 18:18:43,947 [grpc-default-executor-1] INFO  impl.RoleInfo (RoleInfo.java:updateAndGet(143)) - 6ef27e9c-8ddb-4fa1-8c14-ab102acfb1b8: start FollowerState
2019-10-20 18:18:43,947 [Thread-1962] INFO  impl.FollowerState (FollowerState.java:run(117)) - 6ef27e9c-8ddb-4fa1-8c14-ab102acfb1b8@group-F11756C8BA4A-FollowerState was interrupted: java.lang.InterruptedException: sleep interrupted
2019-10-20 18:18:43,947 [grpc-default-executor-10] INFO  impl.RaftServerImpl (RaftServerImpl.java:setRole(184)) - 3750b3a2-715b-46b3-9d0c-9e38136244b9@group-F11756C8BA4A: changes role from  FOLLOWER to FOLLOWER at term 129 for recognizeCandidate:b75f8b2e-6273-4c97-b7c5-042674931d23
2019-10-20 18:18:43,948 [grpc-default-executor-10] INFO  impl.RoleInfo (RoleInfo.java:shutdownFollowerState(121)) - 3750b3a2-715b-46b3-9d0c-9e38136244b9: shutdown FollowerState
2019-10-20 18:18:43,948 [grpc-default-executor-10] INFO  impl.RoleInfo (RoleInfo.java:updateAndGet(143)) - 3750b3a2-715b-46b3-9d0c-9e38136244b9: start FollowerState
2019-10-20 18:18:43,948 [Thread-1963] INFO  impl.FollowerState (FollowerState.java:run(117)) - 3750b3a2-715b-46b3-9d0c-9e38136244b9@group-F11756C8BA4A-FollowerState was interrupted: java.lang.InterruptedException: sleep interrupted
2019-10-20 18:18:43,971 [b75f8b2e-6273-4c97-b7c5-042674931d23@group-F11756C8BA4A-LeaderElection234] INFO  impl.LeaderElection (LeaderElection.java:logAndReturn(56)) - b75f8b2e-6273-4c97-b7c5-042674931d23@group-F11756C8BA4A-LeaderElection234: Election REJECTED; received 2 response(s) [b75f8b2e-6273-4c97-b7c5-042674931d23<-6ef27e9c-8ddb-4fa1-8c14-ab102acfb1b8#0:FAIL-t129, b75f8b2e-6273-4c97-b7c5-042674931d23<-3750b3a2-715b-46b3-9d0c-9e38136244b9#0:FAIL-t129] and 0 exception(s); b75f8b2e-6273-4c97-b7c5-042674931d23@group-F11756C8BA4A:t129, leader=null, voted=b75f8b2e-6273-4c97-b7c5-042674931d23, raftlog=b75f8b2e-6273-4c97-b7c5-042674931d23@group-F11756C8BA4A-SegmentedRaftLog:OPENED:c-1,f-1,i0, conf=-1: [6ef27e9c-8ddb-4fa1-8c14-ab102acfb1b8:192.168.164.241:38092, b75f8b2e-6273-4c97-b7c5-042674931d23:192.168.164.241:41857, 3750b3a2-715b-46b3-9d0c-9e38136244b9:192.168.164.241:46227], old=null
2019-10-20 18:18:43,972 [b75f8b2e-6273-4c97-b7c5-042674931d23@group-F11756C8BA4A-LeaderElection234] INFO  impl.RaftServerImpl (RaftServerImpl.java:setRole(184)) - b75f8b2e-6273-4c97-b7c5-042674931d23@group-F11756C8BA4A: changes role from CANDIDATE to FOLLOWER at term 129 for DISCOVERED_A_NEW_TERM
2019-10-20 18:18:43,972 [b75f8b2e-6273-4c97-b7c5-042674931d23@group-F11756C8BA4A-LeaderElection234] INFO  impl.RoleInfo (RoleInfo.java:shutdownLeaderElection(134)) - b75f8b2e-6273-4c97-b7c5-042674931d23: shutdown LeaderElection
2019-10-20 18:18:43,972 [b75f8b2e-6273-4c97-b7c5-042674931d23@group-F11756C8BA4A-LeaderElection234] INFO  impl.RoleInfo (RoleInfo.java:updateAndGet(143)) - b75f8b2e-6273-4c97-b7c5-042674931d23: start FollowerState
2019-10-20 18:18:44,018 [Thread-1959] INFO  impl.FollowerState (FollowerState.java:run(108)) - 399079f7-1eb1-4f37-b003-267572525934@group-D40A05E2FCF9-FollowerState: change to CANDIDATE, lastRpcTime:140ms, electionTimeout:140ms
2019-10-20 18:18:44,019 [Thread-1959] INFO  impl.RoleInfo (RoleInfo.java:shutdownFollowerState(121)) - 399079f7-1eb1-4f37-b003-267572525934: shutdown FollowerState
2019-10-20 18:18:44,019 [Thread-1959] INFO  impl.RaftServerImpl (RaftServerImpl.java:setRole(184)) - 399079f7-1eb1-4f37-b003-267572525934@group-D40A05E2FCF9: changes role from  FOLLOWER to CANDIDATE at term 126 for changeToCandidate
2019-10-20 18:18:44,019 [Thread-1959] INFO  impl.RoleInfo (RoleInfo.java:updateAndGet(143)) - 399079f7-1eb1-4f37-b003-267572525934: start LeaderElection
2019-10-20 18:18:44,046 [399079f7-1eb1-4f37-b003-267572525934@group-D40A05E2FCF9-LeaderElection235] INFO  impl.LeaderElection (LeaderElection.java:askForVotes(178)) - 399079f7-1eb1-4f37-b003-267572525934@group-D40A05E2FCF9-LeaderElection235: begin an election at term 127 for -1: [399079f7-1eb1-4f37-b003-267572525934:192.168.164.241:37762, 7a43c46a-fc88-4b2d-b2da-ae029cfa60ff:192.168.164.241:43684, 6c5c38af-62e6-4ea7-a24a-078dcb28fb39:192.168.164.241:45428], old=null
2019-10-20 18:18:44,048 [grpc-default-executor-10] INFO  impl.RaftServerImpl (RaftServerImpl.java:setRole(184)) - 6c5c38af-62e6-4ea7-a24a-078dcb28fb39@group-D40A05E2FCF9: changes role from  FOLLOWER to FOLLOWER at term 127 for recognizeCandidate:399079f7-1eb1-4f37-b003-267572525934
2019-10-20 18:18:44,048 [grpc-default-executor-1] INFO  impl.RaftServerImpl (RaftServerImpl.java:setRole(184)) - 7a43c46a-fc88-4b2d-b2da-ae029cfa60ff@group-D40A05E2FCF9: changes role from  FOLLOWER to FOLLOWER at term 127 for recognizeCandidate:399079f7-1eb1-4f37-b003-267572525934
2019-10-20 18:18:44,048 [grpc-default-executor-10] INFO  impl.RoleInfo (RoleInfo.java:shutdownFollowerState(121)) - 6c5c38af-62e6-4ea7-a24a-078dcb28fb39: shutdown FollowerState
2019-10-20 18:18:44,048 [grpc-default-executor-1] INFO  impl.RoleInfo (RoleInfo.java:shutdownFollowerState(121)) - 7a43c46a-fc88-4b2d-b2da-ae029cfa60ff: shutdown FollowerState
2019-10-20 18:18:44,049 [Thread-1954] INFO  impl.FollowerState (FollowerState.java:run(117)) - 6c5c38af-62e6-4ea7-a24a-078dcb28fb39@group-D40A05E2FCF9-FollowerState was interrupted: java.lang.InterruptedException: sleep interrupted
2019-10-20 18:18:44,049 [grpc-default-executor-1] INFO  impl.RoleInfo (RoleInfo.java:updateAndGet(143)) - 7a43c46a-fc88-4b2d-b2da-ae029cfa60ff: start FollowerState
2019-10-20 18:18:44,049 [grpc-default-executor-10] INFO  impl.RoleInfo (RoleInfo.java:updateAndGet(143)) - 6c5c38af-62e6-4ea7-a24a-078dcb28fb39: start FollowerState
2019-10-20 18:18:44,049 [Thread-1953] INFO  impl.FollowerState (FollowerState.java:run(117)) - 7a43c46a-fc88-4b2d-b2da-ae029cfa60ff@group-D40A05E2FCF9-FollowerState was interrupted: java.lang.InterruptedException: sleep interrupted
2019-10-20 18:18:44,072 [399079f7-1eb1-4f37-b003-267572525934@group-D40A05E2FCF9-LeaderElection235] INFO  impl.LeaderElection (LeaderElection.java:logAndReturn(56)) - 399079f7-1eb1-4f37-b003-267572525934@group-D40A05E2FCF9-LeaderElection235: Election REJECTED; received 2 response(s) [399079f7-1eb1-4f37-b003-267572525934<-7a43c46a-fc88-4b2d-b2da-ae029cfa60ff#0:FAIL-t127, 399079f7-1eb1-4f37-b003-267572525934<-6c5c38af-62e6-4ea7-a24a-078dcb28fb39#0:FAIL-t127] and 0 exception(s); 399079f7-1eb1-4f37-b003-267572525934@group-D40A05E2FCF9:t127, leader=null, voted=399079f7-1eb1-4f37-b003-267572525934, raftlog=399079f7-1eb1-4f37-b003-267572525934@group-D40A05E2FCF9-SegmentedRaftLog:OPENED:c-1,f-1,i0, conf=-1: [399079f7-1eb1-4f37-b003-267572525934:192.168.164.241:37762, 7a43c46a-fc88-4b2d-b2da-ae029cfa60ff:192.168.164.241:43684, 6c5c38af-62e6-4ea7-a24a-078dcb28fb39:192.168.164.241:45428], old=null
2019-10-20 18:18:44,072 [399079f7-1eb1-4f37-b003-267572525934@group-D40A05E2FCF9-LeaderElection235] INFO  impl.RaftServerImpl (RaftServerImpl.java:setRole(184)) - 399079f7-1eb1-4f37-b003-267572525934@group-D40A05E2FCF9: changes role from CANDIDATE to FOLLOWER at term 127 for DISCOVERED_A_NEW_TERM
2019-10-20 18:18:44,073 [399079f7-1eb1-4f37-b003-267572525934@group-D40A05E2FCF9-LeaderElection235] INFO  impl.RoleInfo (RoleInfo.java:shutdownLeaderElection(134)) - 399079f7-1eb1-4f37-b003-267572525934: shutdown LeaderElection
2019-10-20 18:18:44,073 [399079f7-1eb1-4f37-b003-267572525934@group-D40A05E2FCF9-LeaderElection235] INFO  impl.RoleInfo (RoleInfo.java:updateAndGet(143)) - 399079f7-1eb1-4f37-b003-267572525934: start FollowerState
2019-10-20 18:18:44,074 [Thread-1970] INFO  impl.FollowerState (FollowerState.java:run(108)) - b75f8b2e-6273-4c97-b7c5-042674931d23@group-F11756C8BA4A-FollowerState: change to CANDIDATE, lastRpcTime:102ms, electionTimeout:102ms
2019-10-20 18:18:44,075 [Thread-1970] INFO  impl.RoleInfo (RoleInfo.java:shutdownFollowerState(121)) - b75f8b2e-6273-4c97-b7c5-042674931d23: shutdown FollowerState
2019-10-20 18:18:44,075 [Thread-1970] INFO  impl.RaftServerImpl (RaftServerImpl.java:setRole(184)) - b75f8b2e-6273-4c97-b7c5-042674931d23@group-F11756C8BA4A: changes role from  FOLLOWER to CANDIDATE at term 129 for changeToCandidate
2019-10-20 18:18:44,075 [Thread-1970] INFO  impl.RoleInfo (RoleInfo.java:updateAndGet(143)) - b75f8b2e-6273-4c97-b7c5-042674931d23: start LeaderElection
2019-10-20 18:18:44,098 [b75f8b2e-6273-4c97-b7c5-042674931d23@group-F11756C8BA4A-LeaderElection236] INFO  impl.LeaderElection (LeaderElection.java:askForVotes(178)) - b75f8b2e-6273-4c97-b7c5-042674931d23@group-F11756C8BA4A-LeaderElection236: begin an election at term 130 for -1: [6ef27e9c-8ddb-4fa1-8c14-ab102acfb1b8:192.168.164.241:38092, b75f8b2e-6273-4c97-b7c5-042674931d23:192.168.164.241:41857, 3750b3a2-715b-46b3-9d0c-9e38136244b9:192.168.164.241:46227], old=null
2019-10-20 18:18:44,100 [grpc-default-executor-10] INFO  impl.RaftServerImpl (RaftServerImpl.java:setRole(184)) - 3750b3a2-715b-46b3-9d0c-9e38136244b9@group-F11756C8BA4A: changes role from  FOLLOWER to FOLLOWER at term 130 for recognizeCandidate:b75f8b2e-6273-4c97-b7c5-042674931d23
2019-10-20 18:18:44,100 [grpc-default-executor-10] INFO  impl.RoleInfo (RoleInfo.java:shutdownFollowerState(121)) - 3750b3a2-715b-46b3-9d0c-9e38136244b9: shutdown FollowerState
2019-10-20 18:18:44,100 [grpc-default-executor-1] INFO  impl.RaftServerImpl (RaftServerImpl.java:setRole(184)) - 6ef27e9c-8ddb-4fa1-8c14-ab102acfb1b8@group-F11756C8BA4A: changes role from  FOLLOWER to FOLLOWER at term 130 for recognizeCandidate:b75f8b2e-6273-4c97-b7c5-042674931d23
2019-10-20 18:18:44,100 [Thread-1969] INFO  impl.FollowerState (FollowerState.java:run(117)) - 3750b3a2-715b-46b3-9d0c-9e38136244b9@group-F11756C8BA4A-FollowerState was interrupted: java.lang.InterruptedException: sleep interrupted
2019-10-20 18:18:44,100 [grpc-default-executor-10] INFO  impl.RoleInfo (RoleInfo.java:updateAndGet(143)) - 3750b3a2-715b-46b3-9d0c-9e38136244b9: start FollowerState
2019-10-20 18:18:44,100 [grpc-default-executor-1] INFO  impl.RoleInfo (RoleInfo.java:shutdownFollowerState(121)) - 6ef27e9c-8ddb-4fa1-8c14-ab102acfb1b8: shutdown FollowerState
2019-10-20 18:18:44,101 [grpc-default-executor-1] INFO  impl.RoleInfo (RoleInfo.java:updateAndGet(143)) - 6ef27e9c-8ddb-4fa1-8c14-ab102acfb1b8: start FollowerState
2019-10-20 18:18:44,101 [Thread-1968] INFO  impl.FollowerState (FollowerState.java:run(117)) - 6ef27e9c-8ddb-4fa1-8c14-ab102acfb1b8@group-F11756C8BA4A-FollowerState was interrupted: java.lang.InterruptedException: sleep interrupted
2019-10-20 18:18:44,124 [b75f8b2e-6273-4c97-b7c5-042674931d23@group-F11756C8BA4A-LeaderElection236] INFO  impl.LeaderElection (LeaderElection.java:logAndReturn(56)) - b75f8b2e-6273-4c97-b7c5-042674931d23@group-F11756C8BA4A-LeaderElection236: Election REJECTED; received 2 response(s) [b75f8b2e-6273-4c97-b7c5-042674931d23<-6ef27e9c-8ddb-4fa1-8c14-ab102acfb1b8#0:FAIL-t130, b75f8b2e-6273-4c97-b7c5-042674931d23<-3750b3a2-715b-46b3-9d0c-9e38136244b9#0:FAIL-t130] and 0 exception(s); b75f8b2e-6273-4c97-b7c5-042674931d23@group-F11756C8BA4A:t130, leader=null, voted=b75f8b2e-6273-4c97-b7c5-042674931d23, raftlog=b75f8b2e-6273-4c97-b7c5-042674931d23@group-F11756C8BA4A-SegmentedRaftLog:OPENED:c-1,f-1,i0, conf=-1: [6ef27e9c-8ddb-4fa1-8c14-ab102acfb1b8:192.168.164.241:38092, b75f8b2e-6273-4c97-b7c5-042674931d23:192.168.164.241:41857, 3750b3a2-715b-46b3-9d0c-9e38136244b9:192.168.164.241:46227], old=null
2019-10-20 18:18:44,124 [b75f8b2e-6273-4c97-b7c5-042674931d23@group-F11756C8BA4A-LeaderElection236] INFO  impl.RaftServerImpl (RaftServerImpl.java:setRole(184)) - b75f8b2e-6273-4c97-b7c5-042674931d23@group-F11756C8BA4A: changes role from CANDIDATE to FOLLOWER at term 130 for DISCOVERED_A_NEW_TERM
2019-10-20 18:18:44,124 [b75f8b2e-6273-4c97-b7c5-042674931d23@group-F11756C8BA4A-LeaderElection236] INFO  impl.RoleInfo (RoleInfo.java:shutdownLeaderElection(134)) - b75f8b2e-6273-4c97-b7c5-042674931d23: shutdown LeaderElection
2019-10-20 18:18:44,124 [b75f8b2e-6273-4c97-b7c5-042674931d23@group-F11756C8BA4A-LeaderElection236] INFO  impl.RoleInfo (RoleInfo.java:updateAndGet(143)) - b75f8b2e-6273-4c97-b7c5-042674931d23: start FollowerState
2019-10-20 18:18:44,166 [Thread-1982] INFO  impl.FollowerState (FollowerState.java:run(108)) - b75f8b2e-6273-4c97-b7c5-042674931d23@group-F11756C8BA4A-FollowerState: change to CANDIDATE, lastRpcTime:41ms, electionTimeout:41ms
2019-10-20 18:18:44,166 [Thread-1982] INFO  impl.RoleInfo (RoleInfo.java:shutdownFollowerState(121)) - b75f8b2e-6273-4c97-b7c5-042674931d23: shutdown FollowerState
2019-10-20 18:18:44,166 [Thread-1982] INFO  impl.RaftServerImpl (RaftServerImpl.java:setRole(184)) - b75f8b2e-6273-4c97-b7c5-042674931d23@group-F11756C8BA4A: changes role from  FOLLOWER to CANDIDATE at term 130 for changeToCandidate
2019-10-20 18:18:44,166 [Thread-1982] INFO  impl.RoleInfo (RoleInfo.java:updateAndGet(143)) - b75f8b2e-6273-4c97-b7c5-042674931d23: start LeaderElection
2019-10-20 18:18:44,176 [Thread-1976] INFO  impl.FollowerState (FollowerState.java:run(108)) - 399079f7-1eb1-4f37-b003-267572525934@group-D40A05E2FCF9-FollowerState: change to CANDIDATE, lastRpcTime:103ms, electionTimeout:103ms
2019-10-20 18:18:44,176 [Thread-1976] INFO  impl.RoleInfo (RoleInfo.java:shutdownFollowerState(121)) - 399079f7-1eb1-4f37-b003-267572525934: shutdown FollowerState
2019-10-20 18:18:44,176 [Thread-1976] INFO  impl.RaftServerImpl (RaftServerImpl.java:setRole(184)) - 399079f7-1eb1-4f37-b003-267572525934@group-D40A05E2FCF9: changes role from  FOLLOWER to CANDIDATE at term 127 for changeToCandidate
2019-10-20 18:18:44,176 [Thread-1976] INFO  impl.RoleInfo (RoleInfo.java:updateAndGet(143)) - 399079f7-1eb1-4f37-b003-267572525934: start LeaderElection
2019-10-20 18:18:44,191 [399079f7-1eb1-4f37-b003-267572525934@group-D40A05E2FCF9-LeaderElection238] INFO  impl.LeaderElection (LeaderElection.java:askForVotes(178)) - 399079f7-1eb1-4f37-b003-267572525934@group-D40A05E2FCF9-LeaderElection238: begin an election at term 128 for -1: [399079f7-1eb1-4f37-b003-267572525934:192.168.164.241:37762, 7a43c46a-fc88-4b2d-b2da-ae029cfa60ff:192.168.164.241:43684, 6c5c38af-62e6-4ea7-a24a-078dcb28fb39:192.168.164.241:45428], old=null
2019-10-20 18:18:44,191 [b75f8b2e-6273-4c97-b7c5-042674931d23@group-F11756C8BA4A-LeaderElection237] INFO  impl.LeaderElection (LeaderElection.java:askForVotes(178)) - b75f8b2e-6273-4c97-b7c5-042674931d23@group-F11756C8BA4A-LeaderElection237: begin an election at term 131 for -1: [6ef27e9c-8ddb-4fa1-8c14-ab102acfb1b8:192.168.164.241:38092, b75f8b2e-6273-4c97-b7c5-042674931d23:192.168.164.241:41857, 3750b3a2-715b-46b3-9d0c-9e38136244b9:192.168.164.241:46227], old=null
2019-10-20 18:18:44,193 [grpc-default-executor-10] INFO  impl.RaftServerImpl (RaftServerImpl.java:setRole(184)) - 6c5c38af-62e6-4ea7-a24a-078dcb28fb39@group-D40A05E2FCF9: changes role from  FOLLOWER to FOLLOWER at term 128 for recognizeCandidate:399079f7-1eb1-4f37-b003-267572525934
2019-10-20 18:18:44,193 [grpc-default-executor-3] INFO  impl.RaftServerImpl (RaftServerImpl.java:setRole(184)) - 7a43c46a-fc88-4b2d-b2da-ae029cfa60ff@group-D40A05E2FCF9: changes role from  FOLLOWER to FOLLOWER at term 128 for recognizeCandidate:399079f7-1eb1-4f37-b003-267572525934
2019-10-20 18:18:44,193 [grpc-default-executor-7] INFO  impl.RaftServerImpl (RaftServerImpl.java:setRole(184)) - 3750b3a2-715b-46b3-9d0c-9e38136244b9@group-F11756C8BA4A: changes role from  FOLLOWER to FOLLOWER at term 131 for recognizeCandidate:b75f8b2e-6273-4c97-b7c5-042674931d23
2019-10-20 18:18:44,193 [grpc-default-executor-7] INFO  impl.RoleInfo (RoleInfo.java:shutdownFollowerState(121)) - 3750b3a2-715b-46b3-9d0c-9e38136244b9: shutdown FollowerState
2019-10-20 18:18:44,193 [grpc-default-executor-1] INFO  impl.RaftServerImpl (RaftServerImpl.java:setRole(184)) - 6ef27e9c-8ddb-4fa1-8c14-ab102acfb1b8@group-F11756C8BA4A: changes role from  FOLLOWER to FOLLOWER at term 131 for recognizeCandidate:b75f8b2e-6273-4c97-b7c5-042674931d23
2019-10-20 18:18:44,193 [Thread-1980] INFO  impl.FollowerState (FollowerState.java:run(117)) - 3750b3a2-715b-46b3-9d0c-9e38136244b9@group-F11756C8BA4A-FollowerState was interrupted: java.lang.InterruptedException: sleep interrupted
2019-10-20 18:18:44,193 [grpc-default-executor-7] INFO  impl.RoleInfo (RoleInfo.java:updateAndGet(143)) - 3750b3a2-715b-46b3-9d0c-9e38136244b9: start FollowerState
2019-10-20 18:18:44,193 [grpc-default-executor-3] INFO  impl.RoleInfo (RoleInfo.java:shutdownFollowerState(121)) - 7a43c46a-fc88-4b2d-b2da-ae029cfa60ff: shutdown FollowerState
2019-10-20 18:18:44,193 [grpc-default-executor-10] INFO  impl.RoleInfo (RoleInfo.java:shutdownFollowerState(121)) - 6c5c38af-62e6-4ea7-a24a-078dcb28fb39: shutdown FollowerState
2019-10-20 18:18:44,194 [Thread-1975] INFO  impl.FollowerState (FollowerState.java:run(117)) - 7a43c46a-fc88-4b2d-b2da-ae029cfa60ff@group-D40A05E2FCF9-FollowerState was interrupted: java.lang.InterruptedException: sleep interrupted
2019-10-20 18:18:44,194 [grpc-default-executor-3] INFO  impl.RoleInfo (RoleInfo.java:updateAndGet(143)) - 7a43c46a-fc88-4b2d-b2da-ae029cfa60ff: start FollowerState
2019-10-20 18:18:44,194 [grpc-default-executor-1] INFO  impl.RoleInfo (RoleInfo.java:shutdownFollowerState(121)) - 6ef27e9c-8ddb-4fa1-8c14-ab102acfb1b8: shutdown FollowerState
2019-10-20 18:18:44,194 [Thread-1974] INFO  impl.FollowerState (FollowerState.java:run(117)) - 6c5c38af-62e6-4ea7-a24a-078dcb28fb39@group-D40A05E2FCF9-FollowerState was interrupted: java.lang.InterruptedException: sleep interrupted
2019-10-20 18:18:44,194 [grpc-default-executor-10] INFO  impl.RoleInfo (RoleInfo.java:updateAndGet(143)) - 6c5c38af-62e6-4ea7-a24a-078dcb28fb39: start FollowerState
2019-10-20 18:18:44,194 [Thread-1981] INFO  impl.FollowerState (FollowerState.java:run(117)) - 6ef27e9c-8ddb-4fa1-8c14-ab102acfb1b8@group-F11756C8BA4A-FollowerState was interrupted: java.lang.InterruptedException: sleep interrupted
2019-10-20 18:18:44,194 [grpc-default-executor-1] INFO  impl.RoleInfo (RoleInfo.java:updateAndGet(143)) - 6ef27e9c-8ddb-4fa1-8c14-ab102acfb1b8: start FollowerState
2019-10-20 18:18:44,217 [b75f8b2e-6273-4c97-b7c5-042674931d23@group-F11756C8BA4A-LeaderElection237] INFO  impl.LeaderElection (LeaderElection.java:logAndReturn(56)) - b75f8b2e-6273-4c97-b7c5-042674931d23@group-F11756C8BA4A-LeaderElection237: Election REJECTED; received 2 response(s) [b75f8b2e-6273-4c97-b7c5-042674931d23<-6ef27e9c-8ddb-4fa1-8c14-ab102acfb1b8#0:FAIL-t131, b75f8b2e-6273-4c97-b7c5-042674931d23<-3750b3a2-715b-46b3-9d0c-9e38136244b9#0:FAIL-t131] and 0 exception(s); b75f8b2e-6273-4c97-b7c5-042674931d23@group-F11756C8BA4A:t131, leader=null, voted=b75f8b2e-6273-4c97-b7c5-042674931d23, raftlog=b75f8b2e-6273-4c97-b7c5-042674931d23@group-F11756C8BA4A-SegmentedRaftLog:OPENED:c-1,f-1,i0, conf=-1: [6ef27e9c-8ddb-4fa1-8c14-ab102acfb1b8:192.168.164.241:38092, b75f8b2e-6273-4c97-b7c5-042674931d23:192.168.164.241:41857, 3750b3a2-715b-46b3-9d0c-9e38136244b9:192.168.164.241:46227], old=null
2019-10-20 18:18:44,217 [399079f7-1eb1-4f37-b003-267572525934@group-D40A05E2FCF9-LeaderElection238] INFO  impl.LeaderElection (LeaderElection.java:logAndReturn(56)) - 399079f7-1eb1-4f37-b003-267572525934@group-D40A05E2FCF9-LeaderElection238: Election REJECTED; received 2 response(s) [399079f7-1eb1-4f37-b003-267572525934<-7a43c46a-fc88-4b2d-b2da-ae029cfa60ff#0:FAIL-t128, 399079f7-1eb1-4f37-b003-267572525934<-6c5c38af-62e6-4ea7-a24a-078dcb28fb39#0:FAIL-t128] and 0 exception(s); 399079f7-1eb1-4f37-b003-267572525934@group-D40A05E2FCF9:t128, leader=null, voted=399079f7-1eb1-4f37-b003-267572525934, raftlog=399079f7-1eb1-4f37-b003-267572525934@group-D40A05E2FCF9-SegmentedRaftLog:OPENED:c-1,f-1,i0, conf=-1: [399079f7-1eb1-4f37-b003-267572525934:192.168.164.241:37762, 7a43c46a-fc88-4b2d-b2da-ae029cfa60ff:192.168.164.241:43684, 6c5c38af-62e6-4ea7-a24a-078dcb28fb39:192.168.164.241:45428], old=null
2019-10-20 18:18:44,217 [b75f8b2e-6273-4c97-b7c5-042674931d23@group-F11756C8BA4A-LeaderElection237] INFO  impl.RaftServerImpl (RaftServerImpl.java:setRole(184)) - b75f8b2e-6273-4c97-b7c5-042674931d23@group-F11756C8BA4A: changes role from CANDIDATE to FOLLOWER at term 131 for DISCOVERED_A_NEW_TERM
2019-10-20 18:18:44,217 [399079f7-1eb1-4f37-b003-267572525934@group-D40A05E2FCF9-LeaderElection238] INFO  impl.RaftServerImpl (RaftServerImpl.java:setRole(184)) - 399079f7-1eb1-4f37-b003-267572525934@group-D40A05E2FCF9: changes role from CANDIDATE to FOLLOWER at term 128 for DISCOVERED_A_NEW_TERM
2019-10-20 18:18:44,218 [b75f8b2e-6273-4c97-b7c5-042674931d23@group-F11756C8BA4A-LeaderElection237] INFO  impl.RoleInfo (RoleInfo.java:shutdownLeaderElection(134)) - b75f8b2e-6273-4c97-b7c5-042674931d23: shutdown LeaderElection
2019-10-20 18:18:44,218 [399079f7-1eb1-4f37-b003-267572525934@group-D40A05E2FCF9-LeaderElection238] INFO  impl.RoleInfo (RoleInfo.java:shutdownLeaderElection(134)) - 399079f7-1eb1-4f37-b003-267572525934: shutdown LeaderElection
2019-10-20 18:18:44,218 [b75f8b2e-6273-4c97-b7c5-042674931d23@group-F11756C8BA4A-LeaderElection237] INFO  impl.RoleInfo (RoleInfo.java:updateAndGet(143)) - b75f8b2e-6273-4c97-b7c5-042674931d23: start FollowerState
2019-10-20 18:18:44,218 [399079f7-1eb1-4f37-b003-267572525934@group-D40A05E2FCF9-LeaderElection238] INFO  impl.RoleInfo (RoleInfo.java:updateAndGet(143)) - 399079f7-1eb1-4f37-b003-267572525934: start FollowerState
2019-10-20 18:18:44,366 [Thread-1994] INFO  impl.FollowerState (FollowerState.java:run(108)) - 399079f7-1eb1-4f37-b003-267572525934@group-D40A05E2FCF9-FollowerState: change to CANDIDATE, lastRpcTime:148ms, electionTimeout:148ms
2019-10-20 18:18:44,367 [Thread-1994] INFO  impl.RoleInfo (RoleInfo.java:shutdownFollowerState(121)) - 399079f7-1eb1-4f37-b003-267572525934: shutdown FollowerState
2019-10-20 18:18:44,367 [Thread-1994] INFO  impl.RaftServerImpl (RaftServerImpl.java:setRole(184)) - 399079f7-1eb1-4f37-b003-267572525934@group-D40A05E2FCF9: changes role from  FOLLOWER to CANDIDATE at term 128 for changeToCandidate
2019-10-20 18:18:44,367 [Thread-1994] INFO  impl.RoleInfo (RoleInfo.java:updateAndGet(143)) - 399079f7-1eb1-4f37-b003-267572525934: start LeaderElection
2019-10-20 18:18:44,392 [399079f7-1eb1-4f37-b003-267572525934@group-D40A05E2FCF9-LeaderElection239] INFO  impl.LeaderElection (LeaderElection.java:askForVotes(178)) - 399079f7-1eb1-4f37-b003-267572525934@group-D40A05E2FCF9-LeaderElection239: begin an election at term 129 for -1: [399079f7-1eb1-4f37-b003-267572525934:192.168.164.241:37762, 7a43c46a-fc88-4b2d-b2da-ae029cfa60ff:192.168.164.241:43684, 6c5c38af-62e6-4ea7-a24a-078dcb28fb39:192.168.164.241:45428], old=null
2019-10-20 18:18:44,394 [grpc-default-executor-3] INFO  impl.RaftServerImpl (RaftServerImpl.java:setRole(184)) - 6c5c38af-62e6-4ea7-a24a-078dcb28fb39@group-D40A05E2FCF9: changes role from  FOLLOWER to FOLLOWER at term 129 for recognizeCandidate:399079f7-1eb1-4f37-b003-267572525934
2019-10-20 18:18:44,394 [grpc-default-executor-3] INFO  impl.RoleInfo (RoleInfo.java:shutdownFollowerState(121)) - 6c5c38af-62e6-4ea7-a24a-078dcb28fb39: shutdown FollowerState
2019-10-20 18:18:44,394 [grpc-default-executor-7] INFO  impl.RaftServerImpl (RaftServerImpl.java:setRole(184)) - 7a43c46a-fc88-4b2d-b2da-ae029cfa60ff@group-D40A05E2FCF9: changes role from  FOLLOWER to FOLLOWER at term 129 for recognizeCandidate:399079f7-1eb1-4f37-b003-267572525934
2019-10-20 18:18:44,395 [Thread-1991] INFO  impl.FollowerState (FollowerState.java:run(117)) - 6c5c38af-62e6-4ea7-a24a-078dcb28fb39@group-D40A05E2FCF9-FollowerState was interrupted: java.lang.InterruptedException: sleep interrupted
2019-10-20 18:18:44,394 [grpc-default-executor-3] INFO  impl.RoleInfo (RoleInfo.java:updateAndGet(143)) - 6c5c38af-62e6-4ea7-a24a-078dcb28fb39: start FollowerState
2019-10-20 18:18:44,395 [grpc-default-executor-7] INFO  impl.RoleInfo (RoleInfo.java:shutdownFollowerState(121)) - 7a43c46a-fc88-4b2d-b2da-ae029cfa60ff: shutdown FollowerState
2019-10-20 18:18:44,395 [grpc-default-executor-7] INFO  impl.RoleInfo (RoleInfo.java:updateAndGet(143)) - 7a43c46a-fc88-4b2d-b2da-ae029cfa60ff: start FollowerState
2019-10-20 18:18:44,395 [Thread-1990] INFO  impl.FollowerState (FollowerState.java:run(117)) - 7a43c46a-fc88-4b2d-b2da-ae029cfa60ff@group-D40A05E2FCF9-FollowerState was interrupted: java.lang.InterruptedException: sleep interrupted
2019-10-20 18:18:44,400 [Thread-1993] INFO  impl.FollowerState (FollowerState.java:run(108)) - b75f8b2e-6273-4c97-b7c5-042674931d23@group-F11756C8BA4A-FollowerState: change to CANDIDATE, lastRpcTime:182ms, electionTimeout:182ms
2019-10-20 18:18:44,400 [Thread-1993] INFO  impl.RoleInfo (RoleInfo.java:shutdownFollowerState(121)) - b75f8b2e-6273-4c97-b7c5-042674931d23: shutdown FollowerState
2019-10-20 18:18:44,401 [Thread-1993] INFO  impl.RaftServerImpl (RaftServerImpl.java:setRole(184)) - b75f8b2e-6273-4c97-b7c5-042674931d23@group-F11756C8BA4A: changes role from  FOLLOWER to CANDIDATE at term 131 for changeToCandidate
2019-10-20 18:18:44,401 [Thread-1993] INFO  impl.RoleInfo (RoleInfo.java:updateAndGet(143)) - b75f8b2e-6273-4c97-b7c5-042674931d23: start LeaderElection
2019-10-20 18:18:44,417 [b75f8b2e-6273-4c97-b7c5-042674931d23@group-F11756C8BA4A-LeaderElection240] INFO  impl.LeaderElection (LeaderElection.java:askForVotes(178)) - b75f8b2e-6273-4c97-b7c5-042674931d23@group-F11756C8BA4A-LeaderElection240: begin an election at term 132 for -1: [6ef27e9c-8ddb-4fa1-8c14-ab102acfb1b8:192.168.164.241:38092, b75f8b2e-6273-4c97-b7c5-042674931d23:192.168.164.241:41857, 3750b3a2-715b-46b3-9d0c-9e38136244b9:192.168.164.241:46227], old=null
2019-10-20 18:18:44,418 [399079f7-1eb1-4f37-b003-267572525934@group-D40A05E2FCF9-LeaderElection239] INFO  impl.LeaderElection (LeaderElection.java:logAndReturn(56)) - 399079f7-1eb1-4f37-b003-267572525934@group-D40A05E2FCF9-LeaderElection239: Election REJECTED; received 2 response(s) [399079f7-1eb1-4f37-b003-267572525934<-7a43c46a-fc88-4b2d-b2da-ae029cfa60ff#0:FAIL-t129, 399079f7-1eb1-4f37-b003-267572525934<-6c5c38af-62e6-4ea7-a24a-078dcb28fb39#0:FAIL-t129] and 0 exception(s); 399079f7-1eb1-4f37-b003-267572525934@group-D40A05E2FCF9:t129, leader=null, voted=399079f7-1eb1-4f37-b003-267572525934, raftlog=399079f7-1eb1-4f37-b003-267572525934@group-D40A05E2FCF9-SegmentedRaftLog:OPENED:c-1,f-1,i0, conf=-1: [399079f7-1eb1-4f37-b003-267572525934:192.168.164.241:37762, 7a43c46a-fc88-4b2d-b2da-ae029cfa60ff:192.168.164.241:43684, 6c5c38af-62e6-4ea7-a24a-078dcb28fb39:192.168.164.241:45428], old=null
2019-10-20 18:18:44,418 [399079f7-1eb1-4f37-b003-267572525934@group-D40A05E2FCF9-LeaderElection239] INFO  impl.RaftServerImpl (RaftServerImpl.java:setRole(184)) - 399079f7-1eb1-4f37-b003-267572525934@group-D40A05E2FCF9: changes role from CANDIDATE to FOLLOWER at term 129 for DISCOVERED_A_NEW_TERM
2019-10-20 18:18:44,418 [399079f7-1eb1-4f37-b003-267572525934@group-D40A05E2FCF9-LeaderElection239] INFO  impl.RoleInfo (RoleInfo.java:shutdownLeaderElection(134)) - 399079f7-1eb1-4f37-b003-267572525934: shutdown LeaderElection
2019-10-20 18:18:44,419 [399079f7-1eb1-4f37-b003-267572525934@group-D40A05E2FCF9-LeaderElection239] INFO  impl.RoleInfo (RoleInfo.java:updateAndGet(143)) - 399079f7-1eb1-4f37-b003-267572525934: start FollowerState
2019-10-20 18:18:44,419 [grpc-default-executor-1] INFO  impl.RaftServerImpl (RaftServerImpl.java:setRole(184)) - 6ef27e9c-8ddb-4fa1-8c14-ab102acfb1b8@group-F11756C8BA4A: changes role from  FOLLOWER to FOLLOWER at term 132 for recognizeCandidate:b75f8b2e-6273-4c97-b7c5-042674931d23
2019-10-20 18:18:44,419 [grpc-default-executor-1] INFO  impl.RoleInfo (RoleInfo.java:shutdownFollowerState(121)) - 6ef27e9c-8ddb-4fa1-8c14-ab102acfb1b8: shutdown FollowerState
2019-10-20 18:18:44,419 [grpc-default-executor-1] INFO  impl.RoleInfo (RoleInfo.java:updateAndGet(143)) - 6ef27e9c-8ddb-4fa1-8c14-ab102acfb1b8: start FollowerState
2019-10-20 18:18:44,419 [Thread-1992] INFO  impl.FollowerState (FollowerState.java:run(117)) - 6ef27e9c-8ddb-4fa1-8c14-ab102acfb1b8@group-F11756C8BA4A-FollowerState was interrupted: java.lang.InterruptedException: sleep interrupted
2019-10-20 18:18:44,420 [grpc-default-executor-7] INFO  impl.RaftServerImpl (RaftServerImpl.java:setRole(184)) - 3750b3a2-715b-46b3-9d0c-9e38136244b9@group-F11756C8BA4A: changes role from  FOLLOWER to FOLLOWER at term 132 for recognizeCandidate:b75f8b2e-6273-4c97-b7c5-042674931d23
2019-10-20 18:18:44,420 [grpc-default-executor-7] INFO  impl.RoleInfo (RoleInfo.java:shutdownFollowerState(121)) - 3750b3a2-715b-46b3-9d0c-9e38136244b9: shutdown FollowerState
2019-10-20 18:18:44,420 [grpc-default-executor-7] INFO  impl.RoleInfo (RoleInfo.java:updateAndGet(143)) - 3750b3a2-715b-46b3-9d0c-9e38136244b9: start FollowerState
2019-10-20 18:18:44,421 [Thread-1989] INFO  impl.FollowerState (FollowerState.java:run(117)) - 3750b3a2-715b-46b3-9d0c-9e38136244b9@group-F11756C8BA4A-FollowerState was interrupted: java.lang.InterruptedException: sleep interrupted
2019-10-20 18:18:44,444 [b75f8b2e-6273-4c97-b7c5-042674931d23@group-F11756C8BA4A-LeaderElection240] INFO  impl.LeaderElection (LeaderElection.java:logAndReturn(56)) - b75f8b2e-6273-4c97-b7c5-042674931d23@group-F11756C8BA4A-LeaderElection240: Election REJECTED; received 2 response(s) [b75f8b2e-6273-4c97-b7c5-042674931d23<-6ef27e9c-8ddb-4fa1-8c14-ab102acfb1b8#0:FAIL-t132, b75f8b2e-6273-4c97-b7c5-042674931d23<-3750b3a2-715b-46b3-9d0c-9e38136244b9#0:FAIL-t132] and 0 exception(s); b75f8b2e-6273-4c97-b7c5-042674931d23@group-F11756C8BA4A:t132, leader=null, voted=b75f8b2e-6273-4c97-b7c5-042674931d23, raftlog=b75f8b2e-6273-4c97-b7c5-042674931d23@group-F11756C8BA4A-SegmentedRaftLog:OPENED:c-1,f-1,i0, conf=-1: [6ef27e9c-8ddb-4fa1-8c14-ab102acfb1b8:192.168.164.241:38092, b75f8b2e-6273-4c97-b7c5-042674931d23:192.168.164.241:41857, 3750b3a2-715b-46b3-9d0c-9e38136244b9:192.168.164.241:46227], old=null
2019-10-20 18:18:44,444 [b75f8b2e-6273-4c97-b7c5-042674931d23@group-F11756C8BA4A-LeaderElection240] INFO  impl.RaftServerImpl (RaftServerImpl.java:setRole(184)) - b75f8b2e-6273-4c97-b7c5-042674931d23@group-F11756C8BA4A: changes role from CANDIDATE to FOLLOWER at term 132 for DISCOVERED_A_NEW_TERM
2019-10-20 18:18:44,444 [b75f8b2e-6273-4c97-b7c5-042674931d23@group-F11756C8BA4A-LeaderElection240] INFO  impl.RoleInfo (RoleInfo.java:shutdownLeaderElection(134)) - b75f8b2e-6273-4c97-b7c5-042674931d23: shutdown LeaderElection
2019-10-20 18:18:44,444 [b75f8b2e-6273-4c97-b7c5-042674931d23@group-F11756C8BA4A-LeaderElection240] INFO  impl.RoleInfo (RoleInfo.java:updateAndGet(143)) - b75f8b2e-6273-4c97-b7c5-042674931d23: start FollowerState
2019-10-20 18:18:44,602 [Thread-2005] INFO  impl.FollowerState (FollowerState.java:run(108)) - 399079f7-1eb1-4f37-b003-267572525934@group-D40A05E2FCF9-FollowerState: change to CANDIDATE, lastRpcTime:183ms, electionTimeout:183ms
2019-10-20 18:18:44,602 [Thread-2005] INFO  impl.RoleInfo (RoleInfo.java:shutdownFollowerState(121)) - 399079f7-1eb1-4f37-b003-267572525934: shutdown FollowerState
2019-10-20 18:18:44,602 [Thread-2005] INFO  impl.RaftServerImpl (RaftServerImpl.java:setRole(184)) - 399079f7-1eb1-4f37-b003-267572525934@group-D40A05E2FCF9: changes role from  FOLLOWER to CANDIDATE at term 129 for changeToCandidate
2019-10-20 18:18:44,603 [Thread-2005] INFO  impl.RoleInfo (RoleInfo.java:updateAndGet(143)) - 399079f7-1eb1-4f37-b003-267572525934: start LeaderElection
2019-10-20 18:18:44,613 [Thread-2008] INFO  impl.FollowerState (FollowerState.java:run(108)) - b75f8b2e-6273-4c97-b7c5-042674931d23@group-F11756C8BA4A-FollowerState: change to CANDIDATE, lastRpcTime:169ms, electionTimeout:168ms
2019-10-20 18:18:44,614 [Thread-2008] INFO  impl.RoleInfo (RoleInfo.java:shutdownFollowerState(121)) - b75f8b2e-6273-4c97-b7c5-042674931d23: shutdown FollowerState
2019-10-20 18:18:44,614 [Thread-2008] INFO  impl.RaftServerImpl (RaftServerImpl.java:setRole(184)) - b75f8b2e-6273-4c97-b7c5-042674931d23@group-F11756C8BA4A: changes role from  FOLLOWER to CANDIDATE at term 132 for changeToCandidate
2019-10-20 18:18:44,614 [Thread-2008] INFO  impl.RoleInfo (RoleInfo.java:updateAndGet(143)) - b75f8b2e-6273-4c97-b7c5-042674931d23: start LeaderElection
2019-10-20 18:18:44,627 [399079f7-1eb1-4f37-b003-267572525934@group-D40A05E2FCF9-LeaderElection241] INFO  impl.LeaderElection (LeaderElection.java:askForVotes(178)) - 399079f7-1eb1-4f37-b003-267572525934@group-D40A05E2FCF9-LeaderElection241: begin an election at term 130 for -1: [399079f7-1eb1-4f37-b003-267572525934:192.168.164.241:37762, 7a43c46a-fc88-4b2d-b2da-ae029cfa60ff:192.168.164.241:43684, 6c5c38af-62e6-4ea7-a24a-078dcb28fb39:192.168.164.241:45428], old=null
2019-10-20 18:18:44,628 [grpc-default-executor-1] INFO  impl.RaftServerImpl (RaftServerImpl.java:setRole(184)) - 7a43c46a-fc88-4b2d-b2da-ae029cfa60ff@group-D40A05E2FCF9: changes role from  FOLLOWER to FOLLOWER at term 130 for recognizeCandidate:399079f7-1eb1-4f37-b003-267572525934
2019-10-20 18:18:44,629 [grpc-default-executor-1] INFO  impl.RoleInfo (RoleInfo.java:shutdownFollowerState(121)) - 7a43c46a-fc88-4b2d-b2da-ae029cfa60ff: shutdown FollowerState
2019-10-20 18:18:44,628 [grpc-default-executor-7] INFO  impl.RaftServerImpl (RaftServerImpl.java:setRole(184)) - 6c5c38af-62e6-4ea7-a24a-078dcb28fb39@group-D40A05E2FCF9: changes role from  FOLLOWER to FOLLOWER at term 130 for recognizeCandidate:399079f7-1eb1-4f37-b003-267572525934
2019-10-20 18:18:44,629 [Thread-1999] INFO  impl.FollowerState (FollowerState.java:run(117)) - 7a43c46a-fc88-4b2d-b2da-ae029cfa60ff@group-D40A05E2FCF9-FollowerState was interrupted: java.lang.InterruptedException: sleep interrupted
2019-10-20 18:18:44,629 [grpc-default-executor-1] INFO  impl.RoleInfo (RoleInfo.java:updateAndGet(143)) - 7a43c46a-fc88-4b2d-b2da-ae029cfa60ff: start FollowerState
2019-10-20 18:18:44,629 [grpc-default-executor-7] INFO  impl.RoleInfo (RoleInfo.java:shutdownFollowerState(121)) - 6c5c38af-62e6-4ea7-a24a-078dcb28fb39: shutdown FollowerState
2019-10-20 18:18:44,629 [grpc-default-executor-7] INFO  impl.RoleInfo (RoleInfo.java:updateAndGet(143)) - 6c5c38af-62e6-4ea7-a24a-078dcb28fb39: start FollowerState
2019-10-20 18:18:44,629 [Thread-1998] INFO  impl.FollowerState (FollowerState.java:run(117)) - 6c5c38af-62e6-4ea7-a24a-078dcb28fb39@group-D40A05E2FCF9-FollowerState was interrupted: java.lang.InterruptedException: sleep interrupted
2019-10-20 18:18:44,644 [b75f8b2e-6273-4c97-b7c5-042674931d23@group-F11756C8BA4A-LeaderElection242] INFO  impl.LeaderElection (LeaderElection.java:askForVotes(178)) - b75f8b2e-6273-4c97-b7c5-042674931d23@group-F11756C8BA4A-LeaderElection242: begin an election at term 133 for -1: [6ef27e9c-8ddb-4fa1-8c14-ab102acfb1b8:192.168.164.241:38092, b75f8b2e-6273-4c97-b7c5-042674931d23:192.168.164.241:41857, 3750b3a2-715b-46b3-9d0c-9e38136244b9:192.168.164.241:46227], old=null
2019-10-20 18:18:44,645 [grpc-default-executor-3] INFO  impl.RaftServerImpl (RaftServerImpl.java:setRole(184)) - 6ef27e9c-8ddb-4fa1-8c14-ab102acfb1b8@group-F11756C8BA4A: changes role from  FOLLOWER to FOLLOWER at term 133 for recognizeCandidate:b75f8b2e-6273-4c97-b7c5-042674931d23
2019-10-20 18:18:44,645 [grpc-default-executor-3] INFO  impl.RoleInfo (RoleInfo.java:shutdownFollowerState(121)) - 6ef27e9c-8ddb-4fa1-8c14-ab102acfb1b8: shutdown FollowerState
2019-10-20 18:18:44,645 [grpc-default-executor-10] INFO  impl.RaftServerImpl (RaftServerImpl.java:setRole(184)) - 3750b3a2-715b-46b3-9d0c-9e38136244b9@group-F11756C8BA4A: changes role from  FOLLOWER to FOLLOWER at term 133 for recognizeCandidate:b75f8b2e-6273-4c97-b7c5-042674931d23
2019-10-20 18:18:44,645 [grpc-default-executor-10] INFO  impl.RoleInfo (RoleInfo.java:shutdownFollowerState(121)) - 3750b3a2-715b-46b3-9d0c-9e38136244b9: shutdown FollowerState
2019-10-20 18:18:44,645 [Thread-2006] INFO  impl.FollowerState (FollowerState.java:run(117)) - 6ef27e9c-8ddb-4fa1-8c14-ab102acfb1b8@group-F11756C8BA4A-FollowerState was interrupted: java.lang.InterruptedException: sleep interrupted
2019-10-20 18:18:44,645 [grpc-default-executor-3] INFO  impl.RoleInfo (RoleInfo.java:updateAndGet(143)) - 6ef27e9c-8ddb-4fa1-8c14-ab102acfb1b8: start FollowerState
2019-10-20 18:18:44,645 [Thread-2007] INFO  impl.FollowerState (FollowerState.java:run(117)) - 3750b3a2-715b-46b3-9d0c-9e38136244b9@group-F11756C8BA4A-FollowerState was interrupted: java.lang.InterruptedException: sleep interrupted
2019-10-20 18:18:44,645 [grpc-default-executor-10] INFO  impl.RoleInfo (RoleInfo.java:updateAndGet(143)) - 3750b3a2-715b-46b3-9d0c-9e38136244b9: start FollowerState
2019-10-20 18:18:44,648 [b75f8b2e-6273-4c97-b7c5-042674931d23@group-F11756C8BA4A-LeaderElection242] INFO  impl.LeaderElection (LeaderElection.java:logAndReturn(56)) - b75f8b2e-6273-4c97-b7c5-042674931d23@group-F11756C8BA4A-LeaderElection242: Election TIMEOUT; received 0 response(s) [] and 0 exception(s); b75f8b2e-6273-4c97-b7c5-042674931d23@group-F11756C8BA4A:t133, leader=null, voted=b75f8b2e-6273-4c97-b7c5-042674931d23, raftlog=b75f8b2e-6273-4c97-b7c5-042674931d23@group-F11756C8BA4A-SegmentedRaftLog:OPENED:c-1,f-1,i0, conf=-1: [6ef27e9c-8ddb-4fa1-8c14-ab102acfb1b8:192.168.164.241:38092, b75f8b2e-6273-4c97-b7c5-042674931d23:192.168.164.241:41857, 3750b3a2-715b-46b3-9d0c-9e38136244b9:192.168.164.241:46227], old=null
2019-10-20 18:18:44,662 [399079f7-1eb1-4f37-b003-267572525934@group-D40A05E2FCF9-LeaderElection241] INFO  impl.LeaderElection (LeaderElection.java:logAndReturn(56)) - 399079f7-1eb1-4f37-b003-267572525934@group-D40A05E2FCF9-LeaderElection241: Election REJECTED; received 2 response(s) [399079f7-1eb1-4f37-b003-267572525934<-7a43c46a-fc88-4b2d-b2da-ae029cfa60ff#0:FAIL-t130, 399079f7-1eb1-4f37-b003-267572525934<-6c5c38af-62e6-4ea7-a24a-078dcb28fb39#0:FAIL-t130] and 0 exception(s); 399079f7-1eb1-4f37-b003-267572525934@group-D40A05E2FCF9:t130, leader=null, voted=399079f7-1eb1-4f37-b003-267572525934, raftlog=399079f7-1eb1-4f37-b003-267572525934@group-D40A05E2FCF9-SegmentedRaftLog:OPENED:c-1,f-1,i0, conf=-1: [399079f7-1eb1-4f37-b003-267572525934:192.168.164.241:37762, 7a43c46a-fc88-4b2d-b2da-ae029cfa60ff:192.168.164.241:43684, 6c5c38af-62e6-4ea7-a24a-078dcb28fb39:192.168.164.241:45428], old=null
2019-10-20 18:18:44,662 [399079f7-1eb1-4f37-b003-267572525934@group-D40A05E2FCF9-LeaderElection241] INFO  impl.RaftServerImpl (RaftServerImpl.java:setRole(184)) - 399079f7-1eb1-4f37-b003-267572525934@group-D40A05E2FCF9: changes role from CANDIDATE to FOLLOWER at term 130 for DISCOVERED_A_NEW_TERM
2019-10-20 18:18:44,662 [399079f7-1eb1-4f37-b003-267572525934@group-D40A05E2FCF9-LeaderElection241] INFO  impl.RoleInfo (RoleInfo.java:shutdownLeaderElection(134)) - 399079f7-1eb1-4f37-b003-267572525934: shutdown LeaderElection
2019-10-20 18:18:44,662 [399079f7-1eb1-4f37-b003-267572525934@group-D40A05E2FCF9-LeaderElection241] INFO  impl.RoleInfo (RoleInfo.java:updateAndGet(143)) - 399079f7-1eb1-4f37-b003-267572525934: start FollowerState
2019-10-20 18:18:44,678 [b75f8b2e-6273-4c97-b7c5-042674931d23@group-F11756C8BA4A-LeaderElection242] INFO  impl.LeaderElection (LeaderElection.java:askForVotes(178)) - b75f8b2e-6273-4c97-b7c5-042674931d23@group-F11756C8BA4A-LeaderElection242: begin an election at term 134 for -1: [6ef27e9c-8ddb-4fa1-8c14-ab102acfb1b8:192.168.164.241:38092, b75f8b2e-6273-4c97-b7c5-042674931d23:192.168.164.241:41857, 3750b3a2-715b-46b3-9d0c-9e38136244b9:192.168.164.241:46227], old=null
2019-10-20 18:18:44,679 [grpc-default-executor-10] INFO  impl.RaftServerImpl (RaftServerImpl.java:setRole(184)) - 6ef27e9c-8ddb-4fa1-8c14-ab102acfb1b8@group-F11756C8BA4A: changes role from  FOLLOWER to FOLLOWER at term 134 for recognizeCandidate:b75f8b2e-6273-4c97-b7c5-042674931d23
2019-10-20 18:18:44,679 [grpc-default-executor-10] INFO  impl.RoleInfo (RoleInfo.java:shutdownFollowerState(121)) - 6ef27e9c-8ddb-4fa1-8c14-ab102acfb1b8: shutdown FollowerState
2019-10-20 18:18:44,679 [grpc-default-executor-10] INFO  impl.RoleInfo (RoleInfo.java:updateAndGet(143)) - 6ef27e9c-8ddb-4fa1-8c14-ab102acfb1b8: start FollowerState
2019-10-20 18:18:44,680 [grpc-default-executor-3] INFO  impl.RaftServerImpl (RaftServerImpl.java:setRole(184)) - 3750b3a2-715b-46b3-9d0c-9e38136244b9@group-F11756C8BA4A: changes role from  FOLLOWER to FOLLOWER at term 134 for recognizeCandidate:b75f8b2e-6273-4c97-b7c5-042674931d23
2019-10-20 18:18:44,680 [grpc-default-executor-3] INFO  impl.RoleInfo (RoleInfo.java:shutdownFollowerState(121)) - 3750b3a2-715b-46b3-9d0c-9e38136244b9: shutdown FollowerState
2019-10-20 18:18:44,680 [Thread-2019] INFO  impl.FollowerState (FollowerState.java:run(117)) - 6ef27e9c-8ddb-4fa1-8c14-ab102acfb1b8@group-F11756C8BA4A-FollowerState was interrupted: java.lang.InterruptedException: sleep interrupted
2019-10-20 18:18:44,680 [grpc-default-executor-3] INFO  impl.RoleInfo (RoleInfo.java:updateAndGet(143)) - 3750b3a2-715b-46b3-9d0c-9e38136244b9: start FollowerState
2019-10-20 18:18:44,680 [Thread-2020] INFO  impl.FollowerState (FollowerState.java:run(117)) - 3750b3a2-715b-46b3-9d0c-9e38136244b9@group-F11756C8BA4A-FollowerState was interrupted: java.lang.InterruptedException: sleep interrupted
2019-10-20 18:18:44,704 [b75f8b2e-6273-4c97-b7c5-042674931d23@group-F11756C8BA4A-LeaderElection242] INFO  impl.LeaderElection (LeaderElection.java:logAndReturn(56)) - b75f8b2e-6273-4c97-b7c5-042674931d23@group-F11756C8BA4A-LeaderElection242: Election REJECTED; received 2 response(s) [b75f8b2e-6273-4c97-b7c5-042674931d23<-6ef27e9c-8ddb-4fa1-8c14-ab102acfb1b8#0:FAIL-t134, b75f8b2e-6273-4c97-b7c5-042674931d23<-3750b3a2-715b-46b3-9d0c-9e38136244b9#0:FAIL-t134] and 0 exception(s); b75f8b2e-6273-4c97-b7c5-042674931d23@group-F11756C8BA4A:t134, leader=null, voted=b75f8b2e-6273-4c97-b7c5-042674931d23, raftlog=b75f8b2e-6273-4c97-b7c5-042674931d23@group-F11756C8BA4A-SegmentedRaftLog:OPENED:c-1,f-1,i0, conf=-1: [6ef27e9c-8ddb-4fa1-8c14-ab102acfb1b8:192.168.164.241:38092, b75f8b2e-6273-4c97-b7c5-042674931d23:192.168.164.241:41857, 3750b3a2-715b-46b3-9d0c-9e38136244b9:192.168.164.241:46227], old=null
2019-10-20 18:18:44,705 [b75f8b2e-6273-4c97-b7c5-042674931d23@group-F11756C8BA4A-LeaderElection242] INFO  impl.RaftServerImpl (RaftServerImpl.java:setRole(184)) - b75f8b2e-6273-4c97-b7c5-042674931d23@group-F11756C8BA4A: changes role from CANDIDATE to FOLLOWER at term 134 for DISCOVERED_A_NEW_TERM
2019-10-20 18:18:44,705 [b75f8b2e-6273-4c97-b7c5-042674931d23@group-F11756C8BA4A-LeaderElection242] INFO  impl.RoleInfo (RoleInfo.java:shutdownLeaderElection(134)) - b75f8b2e-6273-4c97-b7c5-042674931d23: shutdown LeaderElection
2019-10-20 18:18:44,705 [b75f8b2e-6273-4c97-b7c5-042674931d23@group-F11756C8BA4A-LeaderElection242] INFO  impl.RoleInfo (RoleInfo.java:updateAndGet(143)) - b75f8b2e-6273-4c97-b7c5-042674931d23: start FollowerState
2019-10-20 18:18:44,757 [Thread-2026] INFO  impl.FollowerState (FollowerState.java:run(108)) - b75f8b2e-6273-4c97-b7c5-042674931d23@group-F11756C8BA4A-FollowerState: change to CANDIDATE, lastRpcTime:52ms, electionTimeout:52ms
2019-10-20 18:18:44,757 [Thread-2026] INFO  impl.RoleInfo (RoleInfo.java:shutdownFollowerState(121)) - b75f8b2e-6273-4c97-b7c5-042674931d23: shutdown FollowerState
2019-10-20 18:18:44,758 [Thread-2026] INFO  impl.RaftServerImpl (RaftServerImpl.java:setRole(184)) - b75f8b2e-6273-4c97-b7c5-042674931d23@group-F11756C8BA4A: changes role from  FOLLOWER to CANDIDATE at term 134 for changeToCandidate
2019-10-20 18:18:44,758 [Thread-2026] INFO  impl.RoleInfo (RoleInfo.java:updateAndGet(143)) - b75f8b2e-6273-4c97-b7c5-042674931d23: start LeaderElection
2019-10-20 18:18:44,788 [b75f8b2e-6273-4c97-b7c5-042674931d23@group-F11756C8BA4A-LeaderElection243] INFO  impl.LeaderElection (LeaderElection.java:askForVotes(178)) - b75f8b2e-6273-4c97-b7c5-042674931d23@group-F11756C8BA4A-LeaderElection243: begin an election at term 135 for -1: [6ef27e9c-8ddb-4fa1-8c14-ab102acfb1b8:192.168.164.241:38092, b75f8b2e-6273-4c97-b7c5-042674931d23:192.168.164.241:41857, 3750b3a2-715b-46b3-9d0c-9e38136244b9:192.168.164.241:46227], old=null
2019-10-20 18:18:44,790 [grpc-default-executor-10] INFO  impl.RaftServerImpl (RaftServerImpl.java:setRole(184)) - 3750b3a2-715b-46b3-9d0c-9e38136244b9@group-F11756C8BA4A: changes role from  FOLLOWER to FOLLOWER at term 135 for recognizeCandidate:b75f8b2e-6273-4c97-b7c5-042674931d23
2019-10-20 18:18:44,790 [grpc-default-executor-3] INFO  impl.RaftServerImpl (RaftServerImpl.java:setRole(184)) - 6ef27e9c-8ddb-4fa1-8c14-ab102acfb1b8@group-F11756C8BA4A: changes role from  FOLLOWER to FOLLOWER at term 135 for recognizeCandidate:b75f8b2e-6273-4c97-b7c5-042674931d23
2019-10-20 18:18:44,790 [grpc-default-executor-10] INFO  impl.RoleInfo (RoleInfo.java:shutdownFollowerState(121)) - 3750b3a2-715b-46b3-9d0c-9e38136244b9: shutdown FollowerState
2019-10-20 18:18:44,790 [grpc-default-executor-3] INFO  impl.RoleInfo (RoleInfo.java:shutdownFollowerState(121)) - 6ef27e9c-8ddb-4fa1-8c14-ab102acfb1b8: shutdown FollowerState
2019-10-20 18:18:44,790 [Thread-2024] INFO  impl.FollowerState (FollowerState.java:run(117)) - 6ef27e9c-8ddb-4fa1-8c14-ab102acfb1b8@group-F11756C8BA4A-FollowerState was interrupted: java.lang.InterruptedException: sleep interrupted
2019-10-20 18:18:44,790 [Thread-2025] INFO  impl.FollowerState (FollowerState.java:run(117)) - 3750b3a2-715b-46b3-9d0c-9e38136244b9@group-F11756C8BA4A-FollowerState was interrupted: java.lang.InterruptedException: sleep interrupted
2019-10-20 18:18:44,790 [grpc-default-executor-10] INFO  impl.RoleInfo (RoleInfo.java:updateAndGet(143)) - 3750b3a2-715b-46b3-9d0c-9e38136244b9: start FollowerState
2019-10-20 18:18:44,790 [grpc-default-executor-3] INFO  impl.RoleInfo (RoleInfo.java:updateAndGet(143)) - 6ef27e9c-8ddb-4fa1-8c14-ab102acfb1b8: start FollowerState
2019-10-20 18:18:44,814 [b75f8b2e-6273-4c97-b7c5-042674931d23@group-F11756C8BA4A-LeaderElection243] INFO  impl.LeaderElection (LeaderElection.java:logAndReturn(56)) - b75f8b2e-6273-4c97-b7c5-042674931d23@group-F11756C8BA4A-LeaderElection243: Election REJECTED; received 2 response(s) [b75f8b2e-6273-4c97-b7c5-042674931d23<-6ef27e9c-8ddb-4fa1-8c14-ab102acfb1b8#0:FAIL-t135, b75f8b2e-6273-4c97-b7c5-042674931d23<-3750b3a2-715b-46b3-9d0c-9e38136244b9#0:FAIL-t135] and 0 exception(s); b75f8b2e-6273-4c97-b7c5-042674931d23@group-F11756C8BA4A:t135, leader=null, voted=b75f8b2e-6273-4c97-b7c5-042674931d23, raftlog=b75f8b2e-6273-4c97-b7c5-042674931d23@group-F11756C8BA4A-SegmentedRaftLog:OPENED:c-1,f-1,i0, conf=-1: [6ef27e9c-8ddb-4fa1-8c14-ab102acfb1b8:192.168.164.241:38092, b75f8b2e-6273-4c97-b7c5-042674931d23:192.168.164.241:41857, 3750b3a2-715b-46b3-9d0c-9e38136244b9:192.168.164.241:46227], old=null
2019-10-20 18:18:44,814 [b75f8b2e-6273-4c97-b7c5-042674931d23@group-F11756C8BA4A-LeaderElection243] INFO  impl.RaftServerImpl (RaftServerImpl.java:setRole(184)) - b75f8b2e-6273-4c97-b7c5-042674931d23@group-F11756C8BA4A: changes role from CANDIDATE to FOLLOWER at term 135 for DISCOVERED_A_NEW_TERM
2019-10-20 18:18:44,814 [b75f8b2e-6273-4c97-b7c5-042674931d23@group-F11756C8BA4A-LeaderElection243] INFO  impl.RoleInfo (RoleInfo.java:shutdownLeaderElection(134)) - b75f8b2e-6273-4c97-b7c5-042674931d23: shutdown LeaderElection
2019-10-20 18:18:44,814 [b75f8b2e-6273-4c97-b7c5-042674931d23@group-F11756C8BA4A-LeaderElection243] INFO  impl.RoleInfo (RoleInfo.java:updateAndGet(143)) - b75f8b2e-6273-4c97-b7c5-042674931d23: start FollowerState
2019-10-20 18:18:44,861 [Thread-2021] INFO  impl.FollowerState (FollowerState.java:run(108)) - 399079f7-1eb1-4f37-b003-267572525934@group-D40A05E2FCF9-FollowerState: change to CANDIDATE, lastRpcTime:199ms, electionTimeout:199ms
2019-10-20 18:18:44,861 [Thread-2021] INFO  impl.RoleInfo (RoleInfo.java:shutdownFollowerState(121)) - 399079f7-1eb1-4f37-b003-267572525934: shutdown FollowerState
2019-10-20 18:18:44,862 [Thread-2021] INFO  impl.RaftServerImpl (RaftServerImpl.java:setRole(184)) - 399079f7-1eb1-4f37-b003-267572525934@group-D40A05E2FCF9: changes role from  FOLLOWER to CANDIDATE at term 130 for changeToCandidate
2019-10-20 18:18:44,862 [Thread-2021] INFO  impl.RoleInfo (RoleInfo.java:updateAndGet(143)) - 399079f7-1eb1-4f37-b003-267572525934: start LeaderElection
2019-10-20 18:18:44,874 [Thread-2032] INFO  impl.FollowerState (FollowerState.java:run(108)) - b75f8b2e-6273-4c97-b7c5-042674931d23@group-F11756C8BA4A-FollowerState: change to CANDIDATE, lastRpcTime:60ms, electionTimeout:60ms
2019-10-20 18:18:44,874 [Thread-2032] INFO  impl.RoleInfo (RoleInfo.java:shutdownFollowerState(121)) - b75f8b2e-6273-4c97-b7c5-042674931d23: shutdown FollowerState
2019-10-20 18:18:44,875 [Thread-2032] INFO  impl.RaftServerImpl (RaftServerImpl.java:setRole(184)) - b75f8b2e-6273-4c97-b7c5-042674931d23@group-F11756C8BA4A: changes role from  FOLLOWER to CANDIDATE at term 135 for changeToCandidate
2019-10-20 18:18:44,875 [Thread-2032] INFO  impl.RoleInfo (RoleInfo.java:updateAndGet(143)) - b75f8b2e-6273-4c97-b7c5-042674931d23: start LeaderElection
2019-10-20 18:18:44,888 [399079f7-1eb1-4f37-b003-267572525934@group-D40A05E2FCF9-LeaderElection244] INFO  impl.LeaderElection (LeaderElection.java:askForVotes(178)) - 399079f7-1eb1-4f37-b003-267572525934@group-D40A05E2FCF9-LeaderElection244: begin an election at term 131 for -1: [399079f7-1eb1-4f37-b003-267572525934:192.168.164.241:37762, 7a43c46a-fc88-4b2d-b2da-ae029cfa60ff:192.168.164.241:43684, 6c5c38af-62e6-4ea7-a24a-078dcb28fb39:192.168.164.241:45428], old=null
2019-10-20 18:18:44,890 [grpc-default-executor-10] INFO  impl.RaftServerImpl (RaftServerImpl.java:setRole(184)) - 6c5c38af-62e6-4ea7-a24a-078dcb28fb39@group-D40A05E2FCF9: changes role from  FOLLOWER to FOLLOWER at term 131 for recognizeCandidate:399079f7-1eb1-4f37-b003-267572525934
2019-10-20 18:18:44,890 [grpc-default-executor-10] INFO  impl.RoleInfo (RoleInfo.java:shutdownFollowerState(121)) - 6c5c38af-62e6-4ea7-a24a-078dcb28fb39: shutdown FollowerState
2019-10-20 18:18:44,890 [grpc-default-executor-3] INFO  impl.RaftServerImpl (RaftServerImpl.java:setRole(184)) - 7a43c46a-fc88-4b2d-b2da-ae029cfa60ff@group-D40A05E2FCF9: changes role from  FOLLOWER to FOLLOWER at term 131 for recognizeCandidate:399079f7-1eb1-4f37-b003-267572525934
2019-10-20 18:18:44,891 [grpc-default-executor-3] INFO  impl.RoleInfo (RoleInfo.java:shutdownFollowerState(121)) - 7a43c46a-fc88-4b2d-b2da-ae029cfa60ff: shutdown FollowerState
2019-10-20 18:18:44,891 [Thread-2016] INFO  impl.FollowerState (FollowerState.java:run(117)) - 6c5c38af-62e6-4ea7-a24a-078dcb28fb39@group-D40A05E2FCF9-FollowerState was interrupted: java.lang.InterruptedException: sleep interrupted
2019-10-20 18:18:44,891 [grpc-default-executor-10] INFO  impl.RoleInfo (RoleInfo.java:updateAndGet(143)) - 6c5c38af-62e6-4ea7-a24a-078dcb28fb39: start FollowerState
2019-10-20 18:18:44,891 [Thread-2015] INFO  impl.FollowerState (FollowerState.java:run(117)) - 7a43c46a-fc88-4b2d-b2da-ae029cfa60ff@group-D40A05E2FCF9-FollowerState was interrupted: java.lang.InterruptedException: sleep interrupted
2019-10-20 18:18:44,891 [grpc-default-executor-3] INFO  impl.RoleInfo (RoleInfo.java:updateAndGet(143)) - 7a43c46a-fc88-4b2d-b2da-ae029cfa60ff: start FollowerState
2019-10-20 18:18:44,898 [399079f7-1eb1-4f37-b003-267572525934@group-D40A05E2FCF9-LeaderElection244] INFO  impl.LeaderElection (LeaderElection.java:logAndReturn(56)) - 399079f7-1eb1-4f37-b003-267572525934@group-D40A05E2FCF9-LeaderElection244: Election TIMEOUT; received 0 response(s) [] and 0 exception(s); 399079f7-1eb1-4f37-b003-267572525934@group-D40A05E2FCF9:t131, leader=null, voted=399079f7-1eb1-4f37-b003-267572525934, raftlog=399079f7-1eb1-4f37-b003-267572525934@group-D40A05E2FCF9-SegmentedRaftLog:OPENED:c-1,f-1,i0, conf=-1: [399079f7-1eb1-4f37-b003-267572525934:192.168.164.241:37762, 7a43c46a-fc88-4b2d-b2da-ae029cfa60ff:192.168.164.241:43684, 6c5c38af-62e6-4ea7-a24a-078dcb28fb39:192.168.164.241:45428], old=null
2019-10-20 18:18:44,905 [b75f8b2e-6273-4c97-b7c5-042674931d23@group-F11756C8BA4A-LeaderElection245] INFO  impl.LeaderElection (LeaderElection.java:askForVotes(178)) - b75f8b2e-6273-4c97-b7c5-042674931d23@group-F11756C8BA4A-LeaderElection245: begin an election at term 136 for -1: [6ef27e9c-8ddb-4fa1-8c14-ab102acfb1b8:192.168.164.241:38092, b75f8b2e-6273-4c97-b7c5-042674931d23:192.168.164.241:41857, 3750b3a2-715b-46b3-9d0c-9e38136244b9:192.168.164.241:46227], old=null
2019-10-20 18:18:44,907 [grpc-default-executor-7] INFO  impl.RaftServerImpl (RaftServerImpl.java:setRole(184)) - 6ef27e9c-8ddb-4fa1-8c14-ab102acfb1b8@group-F11756C8BA4A: changes role from  FOLLOWER to FOLLOWER at term 136 for recognizeCandidate:b75f8b2e-6273-4c97-b7c5-042674931d23
2019-10-20 18:18:44,907 [grpc-default-executor-7] INFO  impl.RoleInfo (RoleInfo.java:shutdownFollowerState(121)) - 6ef27e9c-8ddb-4fa1-8c14-ab102acfb1b8: shutdown FollowerState
2019-10-20 18:18:44,907 [grpc-default-executor-7] INFO  impl.RoleInfo (RoleInfo.java:updateAndGet(143)) - 6ef27e9c-8ddb-4fa1-8c14-ab102acfb1b8: start FollowerState
2019-10-20 18:18:44,907 [grpc-default-executor-1] INFO  impl.RaftServerImpl (RaftServerImpl.java:setRole(184)) - 3750b3a2-715b-46b3-9d0c-9e38136244b9@group-F11756C8BA4A: changes role from  FOLLOWER to FOLLOWER at term 136 for recognizeCandidate:b75f8b2e-6273-4c97-b7c5-042674931d23
2019-10-20 18:18:44,908 [grpc-default-executor-1] INFO  impl.RoleInfo (RoleInfo.java:shutdownFollowerState(121)) - 3750b3a2-715b-46b3-9d0c-9e38136244b9: shutdown FollowerState
2019-10-20 18:18:44,907 [Thread-2031] INFO  impl.FollowerState (FollowerState.java:run(117)) - 6ef27e9c-8ddb-4fa1-8c14-ab102acfb1b8@group-F11756C8BA4A-FollowerState was interrupted: java.lang.InterruptedException: sleep interrupted
2019-10-20 18:18:44,908 [Thread-2030] INFO  impl.FollowerState (FollowerState.java:run(117)) - 3750b3a2-715b-46b3-9d0c-9e38136244b9@group-F11756C8BA4A-FollowerState was interrupted: java.lang.InterruptedException: sleep interrupted
2019-10-20 18:18:44,908 [grpc-default-executor-1] INFO  impl.RoleInfo (RoleInfo.java:updateAndGet(143)) - 3750b3a2-715b-46b3-9d0c-9e38136244b9: start FollowerState
2019-10-20 18:18:44,939 [399079f7-1eb1-4f37-b003-267572525934@group-D40A05E2FCF9-LeaderElection244] INFO  impl.LeaderElection (LeaderElection.java:askForVotes(178)) - 399079f7-1eb1-4f37-b003-267572525934@group-D40A05E2FCF9-LeaderElection244: begin an election at term 132 for -1: [399079f7-1eb1-4f37-b003-267572525934:192.168.164.241:37762, 7a43c46a-fc88-4b2d-b2da-ae029cfa60ff:192.168.164.241:43684, 6c5c38af-62e6-4ea7-a24a-078dcb28fb39:192.168.164.241:45428], old=null
2019-10-20 18:18:44,945 [b75f8b2e-6273-4c97-b7c5-042674931d23@group-F11756C8BA4A-LeaderElection245] INFO  impl.LeaderElection (LeaderElection.java:logAndReturn(56)) - b75f8b2e-6273-4c97-b7c5-042674931d23@group-F11756C8BA4A-LeaderElection245: Election REJECTED; received 2 response(s) [b75f8b2e-6273-4c97-b7c5-042674931d23<-6ef27e9c-8ddb-4fa1-8c14-ab102acfb1b8#0:FAIL-t136, b75f8b2e-6273-4c97-b7c5-042674931d23<-3750b3a2-715b-46b3-9d0c-9e38136244b9#0:FAIL-t136] and 0 exception(s); b75f8b2e-6273-4c97-b7c5-042674931d23@group-F11756C8BA4A:t136, leader=null, voted=b75f8b2e-6273-4c97-b7c5-042674931d23, raftlog=b75f8b2e-6273-4c97-b7c5-042674931d23@group-F11756C8BA4A-SegmentedRaftLog:OPENED:c-1,f-1,i0, conf=-1: [6ef27e9c-8ddb-4fa1-8c14-ab102acfb1b8:192.168.164.241:38092, b75f8b2e-6273-4c97-b7c5-042674931d23:192.168.164.241:41857, 3750b3a2-715b-46b3-9d0c-9e38136244b9:192.168.164.241:46227], old=null
2019-10-20 18:18:44,946 [grpc-default-executor-3] INFO  impl.RaftServerImpl (RaftServerImpl.java:setRole(184)) - 7a43c46a-fc88-4b2d-b2da-ae029cfa60ff@group-D40A05E2FCF9: changes role from  FOLLOWER to FOLLOWER at term 132 for recognizeCandidate:399079f7-1eb1-4f37-b003-267572525934
2019-10-20 18:18:44,946 [b75f8b2e-6273-4c97-b7c5-042674931d23@group-F11756C8BA4A-LeaderElection245] INFO  impl.RaftServerImpl (RaftServerImpl.java:setRole(184)) - b75f8b2e-6273-4c97-b7c5-042674931d23@group-F11756C8BA4A: changes role from CANDIDATE to FOLLOWER at term 136 for DISCOVERED_A_NEW_TERM
2019-10-20 18:18:44,946 [grpc-default-executor-10] INFO  impl.RaftServerImpl (RaftServerImpl.java:setRole(184)) - 6c5c38af-62e6-4ea7-a24a-078dcb28fb39@group-D40A05E2FCF9: changes role from  FOLLOWER to FOLLOWER at term 132 for recognizeCandidate:399079f7-1eb1-4f37-b003-267572525934
2019-10-20 18:18:44,947 [b75f8b2e-6273-4c97-b7c5-042674931d23@group-F11756C8BA4A-LeaderElection245] INFO  impl.RoleInfo (RoleInfo.java:shutdownLeaderElection(134)) - b75f8b2e-6273-4c97-b7c5-042674931d23: shutdown LeaderElection
2019-10-20 18:18:44,947 [grpc-default-executor-3] INFO  impl.RoleInfo (RoleInfo.java:shutdownFollowerState(121)) - 7a43c46a-fc88-4b2d-b2da-ae029cfa60ff: shutdown FollowerState
2019-10-20 18:18:44,947 [grpc-default-executor-10] INFO  impl.RoleInfo (RoleInfo.java:shutdownFollowerState(121)) - 6c5c38af-62e6-4ea7-a24a-078dcb28fb39: shutdown FollowerState
2019-10-20 18:18:44,948 [Thread-2038] INFO  impl.FollowerState (FollowerState.java:run(117)) - 7a43c46a-fc88-4b2d-b2da-ae029cfa60ff@group-D40A05E2FCF9-FollowerState was interrupted: java.lang.InterruptedException: sleep interrupted
2019-10-20 18:18:44,948 [grpc-default-executor-3] INFO  impl.RoleInfo (RoleInfo.java:updateAndGet(143)) - 7a43c46a-fc88-4b2d-b2da-ae029cfa60ff: start FollowerState
2019-10-20 18:18:44,948 [b75f8b2e-6273-4c97-b7c5-042674931d23@group-F11756C8BA4A-LeaderElection245] INFO  impl.RoleInfo (RoleInfo.java:updateAndGet(143)) - b75f8b2e-6273-4c97-b7c5-042674931d23: start FollowerState
2019-10-20 18:18:44,948 [Thread-2037] INFO  impl.FollowerState (FollowerState.java:run(117)) - 6c5c38af-62e6-4ea7-a24a-078dcb28fb39@group-D40A05E2FCF9-FollowerState was interrupted: java.lang.InterruptedException: sleep interrupted
2019-10-20 18:18:44,948 [grpc-default-executor-10] INFO  impl.RoleInfo (RoleInfo.java:updateAndGet(143)) - 6c5c38af-62e6-4ea7-a24a-078dcb28fb39: start FollowerState
2019-10-20 18:18:44,976 [399079f7-1eb1-4f37-b003-267572525934@group-D40A05E2FCF9-LeaderElection244] INFO  impl.LeaderElection (LeaderElection.java:logAndReturn(56)) - 399079f7-1eb1-4f37-b003-267572525934@group-D40A05E2FCF9-LeaderElection244: Election REJECTED; received 2 response(s) [399079f7-1eb1-4f37-b003-267572525934<-7a43c46a-fc88-4b2d-b2da-ae029cfa60ff#0:FAIL-t132, 399079f7-1eb1-4f37-b003-267572525934<-6c5c38af-62e6-4ea7-a24a-078dcb28fb39#0:FAIL-t132] and 0 exception(s); 399079f7-1eb1-4f37-b003-267572525934@group-D40A05E2FCF9:t132, leader=null, voted=399079f7-1eb1-4f37-b003-267572525934, raftlog=399079f7-1eb1-4f37-b003-267572525934@group-D40A05E2FCF9-SegmentedRaftLog:OPENED:c-1,f-1,i0, conf=-1: [399079f7-1eb1-4f37-b003-267572525934:192.168.164.241:37762, 7a43c46a-fc88-4b2d-b2da-ae029cfa60ff:192.168.164.241:43684, 6c5c38af-62e6-4ea7-a24a-078dcb28fb39:192.168.164.241:45428], old=null
2019-10-20 18:18:44,976 [399079f7-1eb1-4f37-b003-267572525934@group-D40A05E2FCF9-LeaderElection244] INFO  impl.RaftServerImpl (RaftServerImpl.java:setRole(184)) - 399079f7-1eb1-4f37-b003-267572525934@group-D40A05E2FCF9: changes role from CANDIDATE to FOLLOWER at term 132 for DISCOVERED_A_NEW_TERM
2019-10-20 18:18:44,976 [399079f7-1eb1-4f37-b003-267572525934@group-D40A05E2FCF9-LeaderElection244] INFO  impl.RoleInfo (RoleInfo.java:shutdownLeaderElection(134)) - 399079f7-1eb1-4f37-b003-267572525934: shutdown LeaderElection
2019-10-20 18:18:44,976 [399079f7-1eb1-4f37-b003-267572525934@group-D40A05E2FCF9-LeaderElection244] INFO  impl.RoleInfo (RoleInfo.java:updateAndGet(143)) - 399079f7-1eb1-4f37-b003-267572525934: start FollowerState
2019-10-20 18:18:44,985 [Thread-2047] INFO  impl.FollowerState (FollowerState.java:run(108)) - b75f8b2e-6273-4c97-b7c5-042674931d23@group-F11756C8BA4A-FollowerState: change to CANDIDATE, lastRpcTime:37ms, electionTimeout:36ms
2019-10-20 18:18:44,985 [Thread-2047] INFO  impl.RoleInfo (RoleInfo.java:shutdownFollowerState(121)) - b75f8b2e-6273-4c97-b7c5-042674931d23: shutdown FollowerState
2019-10-20 18:18:44,985 [Thread-2047] INFO  impl.RaftServerImpl (RaftServerImpl.java:setRole(184)) - b75f8b2e-6273-4c97-b7c5-042674931d23@group-F11756C8BA4A: changes role from  FOLLOWER to CANDIDATE at term 136 for changeToCandidate
2019-10-20 18:18:44,985 [Thread-2047] INFO  impl.RoleInfo (RoleInfo.java:updateAndGet(143)) - b75f8b2e-6273-4c97-b7c5-042674931d23: start LeaderElection
2019-10-20 18:18:45,008 [b75f8b2e-6273-4c97-b7c5-042674931d23@group-F11756C8BA4A-LeaderElection246] INFO  impl.LeaderElection (LeaderElection.java:askForVotes(178)) - b75f8b2e-6273-4c97-b7c5-042674931d23@group-F11756C8BA4A-LeaderElection246: begin an election at term 137 for -1: [6ef27e9c-8ddb-4fa1-8c14-ab102acfb1b8:192.168.164.241:38092, b75f8b2e-6273-4c97-b7c5-042674931d23:192.168.164.241:41857, 3750b3a2-715b-46b3-9d0c-9e38136244b9:192.168.164.241:46227], old=null
2019-10-20 18:18:45,011 [grpc-default-executor-10] INFO  impl.RaftServerImpl (RaftServerImpl.java:setRole(184)) - 3750b3a2-715b-46b3-9d0c-9e38136244b9@group-F11756C8BA4A: changes role from  FOLLOWER to FOLLOWER at term 137 for recognizeCandidate:b75f8b2e-6273-4c97-b7c5-042674931d23
2019-10-20 18:18:45,011 [grpc-default-executor-3] INFO  impl.RaftServerImpl (RaftServerImpl.java:setRole(184)) - 6ef27e9c-8ddb-4fa1-8c14-ab102acfb1b8@group-F11756C8BA4A: changes role from  FOLLOWER to FOLLOWER at term 137 for recognizeCandidate:b75f8b2e-6273-4c97-b7c5-042674931d23
2019-10-20 18:18:45,011 [grpc-default-executor-10] INFO  impl.RoleInfo (RoleInfo.java:shutdownFollowerState(121)) - 3750b3a2-715b-46b3-9d0c-9e38136244b9: shutdown FollowerState
2019-10-20 18:18:45,012 [grpc-default-executor-3] INFO  impl.RoleInfo (RoleInfo.java:shutdownFollowerState(121)) - 6ef27e9c-8ddb-4fa1-8c14-ab102acfb1b8: shutdown FollowerState
2019-10-20 18:18:45,012 [Thread-2042] INFO  impl.FollowerState (FollowerState.java:run(117)) - 3750b3a2-715b-46b3-9d0c-9e38136244b9@group-F11756C8BA4A-FollowerState was interrupted: java.lang.InterruptedException: sleep interrupted
2019-10-20 18:18:45,012 [grpc-default-executor-10] INFO  impl.RoleInfo (RoleInfo.java:updateAndGet(143)) - 3750b3a2-715b-46b3-9d0c-9e38136244b9: start FollowerState
2019-10-20 18:18:45,012 [Thread-2041] INFO  impl.FollowerState (FollowerState.java:run(117)) - 6ef27e9c-8ddb-4fa1-8c14-ab102acfb1b8@group-F11756C8BA4A-FollowerState was interrupted: java.lang.InterruptedException: sleep interrupted
2019-10-20 18:18:45,012 [grpc-default-executor-3] INFO  impl.RoleInfo (RoleInfo.java:updateAndGet(143)) - 6ef27e9c-8ddb-4fa1-8c14-ab102acfb1b8: start FollowerState
2019-10-20 18:18:45,029 [b75f8b2e-6273-4c97-b7c5-042674931d23@group-F11756C8BA4A-LeaderElection246] INFO  impl.LeaderElection (LeaderElection.java:logAndReturn(56)) - b75f8b2e-6273-4c97-b7c5-042674931d23@group-F11756C8BA4A-LeaderElection246: Election TIMEOUT; received 0 response(s) [] and 0 exception(s); b75f8b2e-6273-4c97-b7c5-042674931d23@group-F11756C8BA4A:t137, leader=null, voted=b75f8b2e-6273-4c97-b7c5-042674931d23, raftlog=b75f8b2e-6273-4c97-b7c5-042674931d23@group-F11756C8BA4A-SegmentedRaftLog:OPENED:c-1,f-1,i0, conf=-1: [6ef27e9c-8ddb-4fa1-8c14-ab102acfb1b8:192.168.164.241:38092, b75f8b2e-6273-4c97-b7c5-042674931d23:192.168.164.241:41857, 3750b3a2-715b-46b3-9d0c-9e38136244b9:192.168.164.241:46227], old=null
2019-10-20 18:18:45,051 [b75f8b2e-6273-4c97-b7c5-042674931d23@group-F11756C8BA4A-LeaderElection246] INFO  impl.LeaderElection (LeaderElection.java:askForVotes(178)) - b75f8b2e-6273-4c97-b7c5-042674931d23@group-F11756C8BA4A-LeaderElection246: begin an election at term 138 for -1: [6ef27e9c-8ddb-4fa1-8c14-ab102acfb1b8:192.168.164.241:38092, b75f8b2e-6273-4c97-b7c5-042674931d23:192.168.164.241:41857, 3750b3a2-715b-46b3-9d0c-9e38136244b9:192.168.164.241:46227], old=null
2019-10-20 18:18:45,053 [grpc-default-executor-10] INFO  impl.RaftServerImpl (RaftServerImpl.java:setRole(184)) - 6ef27e9c-8ddb-4fa1-8c14-ab102acfb1b8@group-F11756C8BA4A: changes role from  FOLLOWER to FOLLOWER at term 138 for recognizeCandidate:b75f8b2e-6273-4c97-b7c5-042674931d23
2019-10-20 18:18:45,053 [grpc-default-executor-10] INFO  impl.RoleInfo (RoleInfo.java:shutdownFollowerState(121)) - 6ef27e9c-8ddb-4fa1-8c14-ab102acfb1b8: shutdown FollowerState
2019-10-20 18:18:45,054 [grpc-default-executor-3] INFO  impl.RaftServerImpl (RaftServerImpl.java:setRole(184)) - 3750b3a2-715b-46b3-9d0c-9e38136244b9@group-F11756C8BA4A: changes role from  FOLLOWER to FOLLOWER at term 138 for recognizeCandidate:b75f8b2e-6273-4c97-b7c5-042674931d23
2019-10-20 18:18:45,054 [grpc-default-executor-3] INFO  impl.RoleInfo (RoleInfo.java:shutdownFollowerState(121)) - 3750b3a2-715b-46b3-9d0c-9e38136244b9: shutdown FollowerState
2019-10-20 18:18:45,054 [Thread-2055] INFO  impl.FollowerState (FollowerState.java:run(117)) - 6ef27e9c-8ddb-4fa1-8c14-ab102acfb1b8@group-F11756C8BA4A-FollowerState was interrupted: java.lang.InterruptedException: sleep interrupted
2019-10-20 18:18:45,054 [grpc-default-executor-10] INFO  impl.RoleInfo (RoleInfo.java:updateAndGet(143)) - 6ef27e9c-8ddb-4fa1-8c14-ab102acfb1b8: start FollowerState
2019-10-20 18:18:45,054 [Thread-2054] INFO  impl.FollowerState (FollowerState.java:run(117)) - 3750b3a2-715b-46b3-9d0c-9e38136244b9@group-F11756C8BA4A-FollowerState was interrupted: java.lang.InterruptedException: sleep interrupted
2019-10-20 18:18:45,054 [grpc-default-executor-3] INFO  impl.RoleInfo (RoleInfo.java:updateAndGet(143)) - 3750b3a2-715b-46b3-9d0c-9e38136244b9: start FollowerState
2019-10-20 18:18:45,077 [b75f8b2e-6273-4c97-b7c5-042674931d23@group-F11756C8BA4A-LeaderElection246] INFO  impl.LeaderElection (LeaderElection.java:logAndReturn(56)) - b75f8b2e-6273-4c97-b7c5-042674931d23@group-F11756C8BA4A-LeaderElection246: Election REJECTED; received 2 response(s) [b75f8b2e-6273-4c97-b7c5-042674931d23<-6ef27e9c-8ddb-4fa1-8c14-ab102acfb1b8#0:FAIL-t138, b75f8b2e-6273-4c97-b7c5-042674931d23<-3750b3a2-715b-46b3-9d0c-9e38136244b9#0:FAIL-t138] and 0 exception(s); b75f8b2e-6273-4c97-b7c5-042674931d23@group-F11756C8BA4A:t138, leader=null, voted=b75f8b2e-6273-4c97-b7c5-042674931d23, raftlog=b75f8b2e-6273-4c97-b7c5-042674931d23@group-F11756C8BA4A-SegmentedRaftLog:OPENED:c-1,f-1,i0, conf=-1: [6ef27e9c-8ddb-4fa1-8c14-ab102acfb1b8:192.168.164.241:38092, b75f8b2e-6273-4c97-b7c5-042674931d23:192.168.164.241:41857, 3750b3a2-715b-46b3-9d0c-9e38136244b9:192.168.164.241:46227], old=null
2019-10-20 18:18:45,077 [b75f8b2e-6273-4c97-b7c5-042674931d23@group-F11756C8BA4A-LeaderElection246] INFO  impl.RaftServerImpl (RaftServerImpl.java:setRole(184)) - b75f8b2e-6273-4c97-b7c5-042674931d23@group-F11756C8BA4A: changes role from CANDIDATE to FOLLOWER at term 138 for DISCOVERED_A_NEW_TERM
2019-10-20 18:18:45,078 [b75f8b2e-6273-4c97-b7c5-042674931d23@group-F11756C8BA4A-LeaderElection246] INFO  impl.RoleInfo (RoleInfo.java:shutdownLeaderElection(134)) - b75f8b2e-6273-4c97-b7c5-042674931d23: shutdown LeaderElection
2019-10-20 18:18:45,078 [b75f8b2e-6273-4c97-b7c5-042674931d23@group-F11756C8BA4A-LeaderElection246] INFO  impl.RoleInfo (RoleInfo.java:updateAndGet(143)) - b75f8b2e-6273-4c97-b7c5-042674931d23: start FollowerState
2019-10-20 18:18:45,102 [Thread-2050] INFO  impl.FollowerState (FollowerState.java:run(108)) - 399079f7-1eb1-4f37-b003-267572525934@group-D40A05E2FCF9-FollowerState: change to CANDIDATE, lastRpcTime:126ms, electionTimeout:126ms
2019-10-20 18:18:45,103 [Thread-2050] INFO  impl.RoleInfo (RoleInfo.java:shutdownFollowerState(121)) - 399079f7-1eb1-4f37-b003-267572525934: shutdown FollowerState
2019-10-20 18:18:45,103 [Thread-2050] INFO  impl.RaftServerImpl (RaftServerImpl.java:setRole(184)) - 399079f7-1eb1-4f37-b003-267572525934@group-D40A05E2FCF9: changes role from  FOLLOWER to CANDIDATE at term 132 for changeToCandidate
2019-10-20 18:18:45,103 [Thread-2050] INFO  impl.RoleInfo (RoleInfo.java:updateAndGet(143)) - 399079f7-1eb1-4f37-b003-267572525934: start LeaderElection
2019-10-20 18:18:45,123 [Thread-2060] INFO  impl.FollowerState (FollowerState.java:run(108)) - b75f8b2e-6273-4c97-b7c5-042674931d23@group-F11756C8BA4A-FollowerState: change to CANDIDATE, lastRpcTime:45ms, electionTimeout:45ms
2019-10-20 18:18:45,123 [Thread-2060] INFO  impl.RoleInfo (RoleInfo.java:shutdownFollowerState(121)) - b75f8b2e-6273-4c97-b7c5-042674931d23: shutdown FollowerState
2019-10-20 18:18:45,124 [Thread-2060] INFO  impl.RaftServerImpl (RaftServerImpl.java:setRole(184)) - b75f8b2e-6273-4c97-b7c5-042674931d23@group-F11756C8BA4A: changes role from  FOLLOWER to CANDIDATE at term 138 for changeToCandidate
2019-10-20 18:18:45,124 [Thread-2060] INFO  impl.RoleInfo (RoleInfo.java:updateAndGet(143)) - b75f8b2e-6273-4c97-b7c5-042674931d23: start LeaderElection
2019-10-20 18:18:45,127 [399079f7-1eb1-4f37-b003-267572525934@group-D40A05E2FCF9-LeaderElection247] INFO  impl.LeaderElection (LeaderElection.java:askForVotes(178)) - 399079f7-1eb1-4f37-b003-267572525934@group-D40A05E2FCF9-LeaderElection247: begin an election at term 133 for -1: [399079f7-1eb1-4f37-b003-267572525934:192.168.164.241:37762, 7a43c46a-fc88-4b2d-b2da-ae029cfa60ff:192.168.164.241:43684, 6c5c38af-62e6-4ea7-a24a-078dcb28fb39:192.168.164.241:45428], old=null
2019-10-20 18:18:45,129 [grpc-default-executor-10] INFO  impl.RaftServerImpl (RaftServerImpl.java:setRole(184)) - 6c5c38af-62e6-4ea7-a24a-078dcb28fb39@group-D40A05E2FCF9: changes role from  FOLLOWER to FOLLOWER at term 133 for recognizeCandidate:399079f7-1eb1-4f37-b003-267572525934
2019-10-20 18:18:45,129 [grpc-default-executor-3] INFO  impl.RaftServerImpl (RaftServerImpl.java:setRole(184)) - 7a43c46a-fc88-4b2d-b2da-ae029cfa60ff@group-D40A05E2FCF9: changes role from  FOLLOWER to FOLLOWER at term 133 for recognizeCandidate:399079f7-1eb1-4f37-b003-267572525934
2019-10-20 18:18:45,129 [grpc-default-executor-10] INFO  impl.RoleInfo (RoleInfo.java:shutdownFollowerState(121)) - 6c5c38af-62e6-4ea7-a24a-078dcb28fb39: shutdown FollowerState
2019-10-20 18:18:45,129 [grpc-default-executor-3] INFO  impl.RoleInfo (RoleInfo.java:shutdownFollowerState(121)) - 7a43c46a-fc88-4b2d-b2da-ae029cfa60ff: shutdown FollowerState
2019-10-20 18:18:45,130 [grpc-default-executor-10] INFO  impl.RoleInfo (RoleInfo.java:updateAndGet(143)) - 6c5c38af-62e6-4ea7-a24a-078dcb28fb39: start FollowerState
2019-10-20 18:18:45,130 [Thread-2048] INFO  impl.FollowerState (FollowerState.java:run(117)) - 7a43c46a-fc88-4b2d-b2da-ae029cfa60ff@group-D40A05E2FCF9-FollowerState was interrupted: java.lang.InterruptedException: sleep interrupted
2019-10-20 18:18:45,130 [Thread-2049] INFO  impl.FollowerState (FollowerState.java:run(117)) - 6c5c38af-62e6-4ea7-a24a-078dcb28fb39@group-D40A05E2FCF9-FollowerState was interrupted: java.lang.InterruptedException: sleep interrupted
2019-10-20 18:18:45,130 [grpc-default-executor-3] INFO  impl.RoleInfo (RoleInfo.java:updateAndGet(143)) - 7a43c46a-fc88-4b2d-b2da-ae029cfa60ff: start FollowerState
2019-10-20 18:18:45,150 [399079f7-1eb1-4f37-b003-267572525934@group-D40A05E2FCF9-LeaderElection247] INFO  impl.LeaderElection (LeaderElection.java:logAndReturn(56)) - 399079f7-1eb1-4f37-b003-267572525934@group-D40A05E2FCF9-LeaderElection247: Election TIMEOUT; received 0 response(s) [] and 0 exception(s); 399079f7-1eb1-4f37-b003-267572525934@group-D40A05E2FCF9:t133, leader=null, voted=399079f7-1eb1-4f37-b003-267572525934, raftlog=399079f7-1eb1-4f37-b003-267572525934@group-D40A05E2FCF9-SegmentedRaftLog:OPENED:c-1,f-1,i0, conf=-1: [399079f7-1eb1-4f37-b003-267572525934:192.168.164.241:37762, 7a43c46a-fc88-4b2d-b2da-ae029cfa60ff:192.168.164.241:43684, 6c5c38af-62e6-4ea7-a24a-078dcb28fb39:192.168.164.241:45428], old=null
2019-10-20 18:18:45,152 [b75f8b2e-6273-4c97-b7c5-042674931d23@group-F11756C8BA4A-LeaderElection248] INFO  impl.LeaderElection (LeaderElection.java:askForVotes(178)) - b75f8b2e-6273-4c97-b7c5-042674931d23@group-F11756C8BA4A-LeaderElection248: begin an election at term 139 for -1: [6ef27e9c-8ddb-4fa1-8c14-ab102acfb1b8:192.168.164.241:38092, b75f8b2e-6273-4c97-b7c5-042674931d23:192.168.164.241:41857, 3750b3a2-715b-46b3-9d0c-9e38136244b9:192.168.164.241:46227], old=null
2019-10-20 18:18:45,154 [grpc-default-executor-10] INFO  impl.RaftServerImpl (RaftServerImpl.java:setRole(184)) - 6ef27e9c-8ddb-4fa1-8c14-ab102acfb1b8@group-F11756C8BA4A: changes role from  FOLLOWER to FOLLOWER at term 139 for recognizeCandidate:b75f8b2e-6273-4c97-b7c5-042674931d23
2019-10-20 18:18:45,154 [grpc-default-executor-10] INFO  impl.RoleInfo (RoleInfo.java:shutdownFollowerState(121)) - 6ef27e9c-8ddb-4fa1-8c14-ab102acfb1b8: shutdown FollowerState
2019-10-20 18:18:45,155 [grpc-default-executor-10] INFO  impl.RoleInfo (RoleInfo.java:updateAndGet(143)) - 6ef27e9c-8ddb-4fa1-8c14-ab102acfb1b8: start FollowerState
2019-10-20 18:18:45,155 [Thread-2058] INFO  impl.FollowerState (FollowerState.java:run(117)) - 6ef27e9c-8ddb-4fa1-8c14-ab102acfb1b8@group-F11756C8BA4A-FollowerState was interrupted: java.lang.InterruptedException: sleep interrupted
2019-10-20 18:18:45,155 [grpc-default-executor-3] INFO  impl.RaftServerImpl (RaftServerImpl.java:setRole(184)) - 3750b3a2-715b-46b3-9d0c-9e38136244b9@group-F11756C8BA4A: changes role from  FOLLOWER to FOLLOWER at term 139 for recognizeCandidate:b75f8b2e-6273-4c97-b7c5-042674931d23
2019-10-20 18:18:45,155 [grpc-default-executor-3] INFO  impl.RoleInfo (RoleInfo.java:shutdownFollowerState(121)) - 3750b3a2-715b-46b3-9d0c-9e38136244b9: shutdown FollowerState
2019-10-20 18:18:45,155 [grpc-default-executor-3] INFO  impl.RoleInfo (RoleInfo.java:updateAndGet(143)) - 3750b3a2-715b-46b3-9d0c-9e38136244b9: start FollowerState
2019-10-20 18:18:45,155 [Thread-2059] INFO  impl.FollowerState (FollowerState.java:run(117)) - 3750b3a2-715b-46b3-9d0c-9e38136244b9@group-F11756C8BA4A-FollowerState was interrupted: java.lang.InterruptedException: sleep interrupted
2019-10-20 18:18:45,178 [399079f7-1eb1-4f37-b003-267572525934@group-D40A05E2FCF9-LeaderElection247] INFO  impl.LeaderElection (LeaderElection.java:askForVotes(178)) - 399079f7-1eb1-4f37-b003-267572525934@group-D40A05E2FCF9-LeaderElection247: begin an election at term 134 for -1: [399079f7-1eb1-4f37-b003-267572525934:192.168.164.241:37762, 7a43c46a-fc88-4b2d-b2da-ae029cfa60ff:192.168.164.241:43684, 6c5c38af-62e6-4ea7-a24a-078dcb28fb39:192.168.164.241:45428], old=null
2019-10-20 18:18:45,179 [b75f8b2e-6273-4c97-b7c5-042674931d23@group-F11756C8BA4A-LeaderElection248] INFO  impl.LeaderElection (LeaderElection.java:logAndReturn(56)) - b75f8b2e-6273-4c97-b7c5-042674931d23@group-F11756C8BA4A-LeaderElection248: Election REJECTED; received 2 response(s) [b75f8b2e-6273-4c97-b7c5-042674931d23<-6ef27e9c-8ddb-4fa1-8c14-ab102acfb1b8#0:FAIL-t139, b75f8b2e-6273-4c97-b7c5-042674931d23<-3750b3a2-715b-46b3-9d0c-9e38136244b9#0:FAIL-t139] and 0 exception(s); b75f8b2e-6273-4c97-b7c5-042674931d23@group-F11756C8BA4A:t139, leader=null, voted=b75f8b2e-6273-4c97-b7c5-042674931d23, raftlog=b75f8b2e-6273-4c97-b7c5-042674931d23@group-F11756C8BA4A-SegmentedRaftLog:OPENED:c-1,f-1,i0, conf=-1: [6ef27e9c-8ddb-4fa1-8c14-ab102acfb1b8:192.168.164.241:38092, b75f8b2e-6273-4c97-b7c5-042674931d23:192.168.164.241:41857, 3750b3a2-715b-46b3-9d0c-9e38136244b9:192.168.164.241:46227], old=null
2019-10-20 18:18:45,179 [b75f8b2e-6273-4c97-b7c5-042674931d23@group-F11756C8BA4A-LeaderElection248] INFO  impl.RaftServerImpl (RaftServerImpl.java:setRole(184)) - b75f8b2e-6273-4c97-b7c5-042674931d23@group-F11756C8BA4A: changes role from CANDIDATE to FOLLOWER at term 139 for DISCOVERED_A_NEW_TERM
2019-10-20 18:18:45,179 [b75f8b2e-6273-4c97-b7c5-042674931d23@group-F11756C8BA4A-LeaderElection248] INFO  impl.RoleInfo (RoleInfo.java:shutdownLeaderElection(134)) - b75f8b2e-6273-4c97-b7c5-042674931d23: shutdown LeaderElection
2019-10-20 18:18:45,179 [b75f8b2e-6273-4c97-b7c5-042674931d23@group-F11756C8BA4A-LeaderElection248] INFO  impl.RoleInfo (RoleInfo.java:updateAndGet(143)) - b75f8b2e-6273-4c97-b7c5-042674931d23: start FollowerState
2019-10-20 18:18:45,180 [grpc-default-executor-3] INFO  impl.RaftServerImpl (RaftServerImpl.java:setRole(184)) - 7a43c46a-fc88-4b2d-b2da-ae029cfa60ff@group-D40A05E2FCF9: changes role from  FOLLOWER to FOLLOWER at term 134 for recognizeCandidate:399079f7-1eb1-4f37-b003-267572525934
2019-10-20 18:18:45,180 [grpc-default-executor-10] INFO  impl.RaftServerImpl (RaftServerImpl.java:setRole(184)) - 6c5c38af-62e6-4ea7-a24a-078dcb28fb39@group-D40A05E2FCF9: changes role from  FOLLOWER to FOLLOWER at term 134 for recognizeCandidate:399079f7-1eb1-4f37-b003-267572525934
2019-10-20 18:18:45,180 [grpc-default-executor-3] INFO  impl.RoleInfo (RoleInfo.java:shutdownFollowerState(121)) - 7a43c46a-fc88-4b2d-b2da-ae029cfa60ff: shutdown FollowerState
2019-10-20 18:18:45,181 [grpc-default-executor-10] INFO  impl.RoleInfo (RoleInfo.java:shutdownFollowerState(121)) - 6c5c38af-62e6-4ea7-a24a-078dcb28fb39: shutdown FollowerState
2019-10-20 18:18:45,181 [grpc-default-executor-3] INFO  impl.RoleInfo (RoleInfo.java:updateAndGet(143)) - 7a43c46a-fc88-4b2d-b2da-ae029cfa60ff: start FollowerState
2019-10-20 18:18:45,181 [Thread-2065] INFO  impl.FollowerState (FollowerState.java:run(117)) - 6c5c38af-62e6-4ea7-a24a-078dcb28fb39@group-D40A05E2FCF9-FollowerState was interrupted: java.lang.InterruptedException: sleep interrupted
2019-10-20 18:18:45,181 [grpc-default-executor-10] INFO  impl.RoleInfo (RoleInfo.java:updateAndGet(143)) - 6c5c38af-62e6-4ea7-a24a-078dcb28fb39: start FollowerState
2019-10-20 18:18:45,181 [Thread-2066] INFO  impl.FollowerState (FollowerState.java:run(117)) - 7a43c46a-fc88-4b2d-b2da-ae029cfa60ff@group-D40A05E2FCF9-FollowerState was interrupted: java.lang.InterruptedException: sleep interrupted
2019-10-20 18:18:45,204 [399079f7-1eb1-4f37-b003-267572525934@group-D40A05E2FCF9-LeaderElection247] INFO  impl.LeaderElection (LeaderElection.java:logAndReturn(56)) - 399079f7-1eb1-4f37-b003-267572525934@group-D40A05E2FCF9-LeaderElection247: Election REJECTED; received 2 response(s) [399079f7-1eb1-4f37-b003-267572525934<-7a43c46a-fc88-4b2d-b2da-ae029cfa60ff#0:FAIL-t134, 399079f7-1eb1-4f37-b003-267572525934<-6c5c38af-62e6-4ea7-a24a-078dcb28fb39#0:FAIL-t134] and 0 exception(s); 399079f7-1eb1-4f37-b003-267572525934@group-D40A05E2FCF9:t134, leader=null, voted=399079f7-1eb1-4f37-b003-267572525934, raftlog=399079f7-1eb1-4f37-b003-267572525934@group-D40A05E2FCF9-SegmentedRaftLog:OPENED:c-1,f-1,i0, conf=-1: [399079f7-1eb1-4f37-b003-267572525934:192.168.164.241:37762, 7a43c46a-fc88-4b2d-b2da-ae029cfa60ff:192.168.164.241:43684, 6c5c38af-62e6-4ea7-a24a-078dcb28fb39:192.168.164.241:45428], old=null
2019-10-20 18:18:45,204 [399079f7-1eb1-4f37-b003-267572525934@group-D40A05E2FCF9-LeaderElection247] INFO  impl.RaftServerImpl (RaftServerImpl.java:setRole(184)) - 399079f7-1eb1-4f37-b003-267572525934@group-D40A05E2FCF9: changes role from CANDIDATE to FOLLOWER at term 134 for DISCOVERED_A_NEW_TERM
2019-10-20 18:18:45,204 [399079f7-1eb1-4f37-b003-267572525934@group-D40A05E2FCF9-LeaderElection247] INFO  impl.RoleInfo (RoleInfo.java:shutdownLeaderElection(134)) - 399079f7-1eb1-4f37-b003-267572525934: shutdown LeaderElection
2019-10-20 18:18:45,204 [399079f7-1eb1-4f37-b003-267572525934@group-D40A05E2FCF9-LeaderElection247] INFO  impl.RoleInfo (RoleInfo.java:updateAndGet(143)) - 399079f7-1eb1-4f37-b003-267572525934: start FollowerState
2019-10-20 18:18:45,313 [Thread-2073] INFO  impl.FollowerState (FollowerState.java:run(108)) - b75f8b2e-6273-4c97-b7c5-042674931d23@group-F11756C8BA4A-FollowerState: change to CANDIDATE, lastRpcTime:133ms, electionTimeout:133ms
2019-10-20 18:18:45,313 [Thread-2073] INFO  impl.RoleInfo (RoleInfo.java:shutdownFollowerState(121)) - b75f8b2e-6273-4c97-b7c5-042674931d23: shutdown FollowerState
2019-10-20 18:18:45,313 [Thread-2073] INFO  impl.RaftServerImpl (RaftServerImpl.java:setRole(184)) - b75f8b2e-6273-4c97-b7c5-042674931d23@group-F11756C8BA4A: changes role from  FOLLOWER to CANDIDATE at term 139 for changeToCandidate
2019-10-20 18:18:45,314 [Thread-2073] INFO  impl.RoleInfo (RoleInfo.java:updateAndGet(143)) - b75f8b2e-6273-4c97-b7c5-042674931d23: start LeaderElection
2019-10-20 18:18:45,337 [b75f8b2e-6273-4c97-b7c5-042674931d23@group-F11756C8BA4A-LeaderElection249] INFO  impl.LeaderElection (LeaderElection.java:askForVotes(178)) - b75f8b2e-6273-4c97-b7c5-042674931d23@group-F11756C8BA4A-LeaderElection249: begin an election at term 140 for -1: [6ef27e9c-8ddb-4fa1-8c14-ab102acfb1b8:192.168.164.241:38092, b75f8b2e-6273-4c97-b7c5-042674931d23:192.168.164.241:41857, 3750b3a2-715b-46b3-9d0c-9e38136244b9:192.168.164.241:46227], old=null
2019-10-20 18:18:45,339 [grpc-default-executor-10] INFO  impl.RaftServerImpl (RaftServerImpl.java:setRole(184)) - 6ef27e9c-8ddb-4fa1-8c14-ab102acfb1b8@group-F11756C8BA4A: changes role from  FOLLOWER to FOLLOWER at term 140 for recognizeCandidate:b75f8b2e-6273-4c97-b7c5-042674931d23
2019-10-20 18:18:45,340 [grpc-default-executor-10] INFO  impl.RoleInfo (RoleInfo.java:shutdownFollowerState(121)) - 6ef27e9c-8ddb-4fa1-8c14-ab102acfb1b8: shutdown FollowerState
2019-10-20 18:18:45,340 [grpc-default-executor-10] INFO  impl.RoleInfo (RoleInfo.java:updateAndGet(143)) - 6ef27e9c-8ddb-4fa1-8c14-ab102acfb1b8: start FollowerState
2019-10-20 18:18:45,340 [Thread-2069] INFO  impl.FollowerState (FollowerState.java:run(117)) - 6ef27e9c-8ddb-4fa1-8c14-ab102acfb1b8@group-F11756C8BA4A-FollowerState was interrupted: java.lang.InterruptedException: sleep interrupted
2019-10-20 18:18:45,340 [grpc-default-executor-3] INFO  impl.RaftServerImpl (RaftServerImpl.java:setRole(184)) - 3750b3a2-715b-46b3-9d0c-9e38136244b9@group-F11756C8BA4A: changes role from  FOLLOWER to FOLLOWER at term 140 for recognizeCandidate:b75f8b2e-6273-4c97-b7c5-042674931d23
2019-10-20 18:18:45,340 [grpc-default-executor-3] INFO  impl.RoleInfo (RoleInfo.java:shutdownFollowerState(121)) - 3750b3a2-715b-46b3-9d0c-9e38136244b9: shutdown FollowerState
2019-10-20 18:18:45,340 [grpc-default-executor-3] INFO  impl.RoleInfo (RoleInfo.java:updateAndGet(143)) - 3750b3a2-715b-46b3-9d0c-9e38136244b9: start FollowerState
2019-10-20 18:18:45,340 [Thread-2070] INFO  impl.FollowerState (FollowerState.java:run(117)) - 3750b3a2-715b-46b3-9d0c-9e38136244b9@group-F11756C8BA4A-FollowerState was interrupted: java.lang.InterruptedException: sleep interrupted
2019-10-20 18:18:45,349 [Thread-2076] INFO  impl.FollowerState (FollowerState.java:run(108)) - 399079f7-1eb1-4f37-b003-267572525934@group-D40A05E2FCF9-FollowerState: change to CANDIDATE, lastRpcTime:144ms, electionTimeout:144ms
2019-10-20 18:18:45,349 [Thread-2076] INFO  impl.RoleInfo (RoleInfo.java:shutdownFollowerState(121)) - 399079f7-1eb1-4f37-b003-267572525934: shutdown FollowerState
2019-10-20 18:18:45,349 [Thread-2076] INFO  impl.RaftServerImpl (RaftServerImpl.java:setRole(184)) - 399079f7-1eb1-4f37-b003-267572525934@group-D40A05E2FCF9: changes role from  FOLLOWER to CANDIDATE at term 134 for changeToCandidate
2019-10-20 18:18:45,349 [Thread-2076] INFO  impl.RoleInfo (RoleInfo.java:updateAndGet(143)) - 399079f7-1eb1-4f37-b003-267572525934: start LeaderElection
2019-10-20 18:18:45,363 [399079f7-1eb1-4f37-b003-267572525934@group-D40A05E2FCF9-LeaderElection250] INFO  impl.LeaderElection (LeaderElection.java:askForVotes(178)) - 399079f7-1eb1-4f37-b003-267572525934@group-D40A05E2FCF9-LeaderElection250: begin an election at term 135 for -1: [399079f7-1eb1-4f37-b003-267572525934:192.168.164.241:37762, 7a43c46a-fc88-4b2d-b2da-ae029cfa60ff:192.168.164.241:43684, 6c5c38af-62e6-4ea7-a24a-078dcb28fb39:192.168.164.241:45428], old=null
2019-10-20 18:18:45,363 [b75f8b2e-6273-4c97-b7c5-042674931d23@group-F11756C8BA4A-LeaderElection249] INFO  impl.LeaderElection (LeaderElection.java:logAndReturn(56)) - b75f8b2e-6273-4c97-b7c5-042674931d23@group-F11756C8BA4A-LeaderElection249: Election REJECTED; received 2 response(s) [b75f8b2e-6273-4c97-b7c5-042674931d23<-6ef27e9c-8ddb-4fa1-8c14-ab102acfb1b8#0:FAIL-t140, b75f8b2e-6273-4c97-b7c5-042674931d23<-3750b3a2-715b-46b3-9d0c-9e38136244b9#0:FAIL-t140] and 0 exception(s); b75f8b2e-6273-4c97-b7c5-042674931d23@group-F11756C8BA4A:t140, leader=null, voted=b75f8b2e-6273-4c97-b7c5-042674931d23, raftlog=b75f8b2e-6273-4c97-b7c5-042674931d23@group-F11756C8BA4A-SegmentedRaftLog:OPENED:c-1,f-1,i0, conf=-1: [6ef27e9c-8ddb-4fa1-8c14-ab102acfb1b8:192.168.164.241:38092, b75f8b2e-6273-4c97-b7c5-042674931d23:192.168.164.241:41857, 3750b3a2-715b-46b3-9d0c-9e38136244b9:192.168.164.241:46227], old=null
2019-10-20 18:18:45,364 [b75f8b2e-6273-4c97-b7c5-042674931d23@group-F11756C8BA4A-LeaderElection249] INFO  impl.RaftServerImpl (RaftServerImpl.java:setRole(184)) - b75f8b2e-6273-4c97-b7c5-042674931d23@group-F11756C8BA4A: changes role from CANDIDATE to FOLLOWER at term 140 for DISCOVERED_A_NEW_TERM
2019-10-20 18:18:45,364 [b75f8b2e-6273-4c97-b7c5-042674931d23@group-F11756C8BA4A-LeaderElection249] INFO  impl.RoleInfo (RoleInfo.java:shutdownLeaderElection(134)) - b75f8b2e-6273-4c97-b7c5-042674931d23: shutdown LeaderElection
2019-10-20 18:18:45,364 [b75f8b2e-6273-4c97-b7c5-042674931d23@group-F11756C8BA4A-LeaderElection249] INFO  impl.RoleInfo (RoleInfo.java:updateAndGet(143)) - b75f8b2e-6273-4c97-b7c5-042674931d23: start FollowerState
2019-10-20 18:18:45,365 [grpc-default-executor-3] INFO  impl.RaftServerImpl (RaftServerImpl.java:setRole(184)) - 7a43c46a-fc88-4b2d-b2da-ae029cfa60ff@group-D40A05E2FCF9: changes role from  FOLLOWER to FOLLOWER at term 135 for recognizeCandidate:399079f7-1eb1-4f37-b003-267572525934
2019-10-20 18:18:45,365 [grpc-default-executor-3] INFO  impl.RoleInfo (RoleInfo.java:shutdownFollowerState(121)) - 7a43c46a-fc88-4b2d-b2da-ae029cfa60ff: shutdown FollowerState
2019-10-20 18:18:45,365 [grpc-default-executor-10] INFO  impl.RaftServerImpl (RaftServerImpl.java:setRole(184)) - 6c5c38af-62e6-4ea7-a24a-078dcb28fb39@group-D40A05E2FCF9: changes role from  FOLLOWER to FOLLOWER at term 135 for recognizeCandidate:399079f7-1eb1-4f37-b003-267572525934
2019-10-20 18:18:45,365 [grpc-default-executor-3] INFO  impl.RoleInfo (RoleInfo.java:updateAndGet(143)) - 7a43c46a-fc88-4b2d-b2da-ae029cfa60ff: start FollowerState
2019-10-20 18:18:45,365 [Thread-2074] INFO  impl.FollowerState (FollowerState.java:run(117)) - 7a43c46a-fc88-4b2d-b2da-ae029cfa60ff@group-D40A05E2FCF9-FollowerState was interrupted: java.lang.InterruptedException: sleep interrupted
2019-10-20 18:18:45,365 [grpc-default-executor-10] INFO  impl.RoleInfo (RoleInfo.java:shutdownFollowerState(121)) - 6c5c38af-62e6-4ea7-a24a-078dcb28fb39: shutdown FollowerState
2019-10-20 18:18:45,366 [grpc-default-executor-10] INFO  impl.RoleInfo (RoleInfo.java:updateAndGet(143)) - 6c5c38af-62e6-4ea7-a24a-078dcb28fb39: start FollowerState
2019-10-20 18:18:45,366 [Thread-2075] INFO  impl.FollowerState (FollowerState.java:run(117)) - 6c5c38af-62e6-4ea7-a24a-078dcb28fb39@group-D40A05E2FCF9-FollowerState was interrupted: java.lang.InterruptedException: sleep interrupted
2019-10-20 18:18:45,389 [399079f7-1eb1-4f37-b003-267572525934@group-D40A05E2FCF9-LeaderElection250] INFO  impl.LeaderElection (LeaderElection.java:logAndReturn(56)) - 399079f7-1eb1-4f37-b003-267572525934@group-D40A05E2FCF9-LeaderElection250: Election REJECTED; received 2 response(s) [399079f7-1eb1-4f37-b003-267572525934<-7a43c46a-fc88-4b2d-b2da-ae029cfa60ff#0:FAIL-t135, 399079f7-1eb1-4f37-b003-267572525934<-6c5c38af-62e6-4ea7-a24a-078dcb28fb39#0:FAIL-t135] and 0 exception(s); 399079f7-1eb1-4f37-b003-267572525934@group-D40A05E2FCF9:t135, leader=null, voted=399079f7-1eb1-4f37-b003-267572525934, raftlog=399079f7-1eb1-4f37-b003-267572525934@group-D40A05E2FCF9-SegmentedRaftLog:OPENED:c-1,f-1,i0, conf=-1: [399079f7-1eb1-4f37-b003-267572525934:192.168.164.241:37762, 7a43c46a-fc88-4b2d-b2da-ae029cfa60ff:192.168.164.241:43684, 6c5c38af-62e6-4ea7-a24a-078dcb28fb39:192.168.164.241:45428], old=null
2019-10-20 18:18:45,389 [399079f7-1eb1-4f37-b003-267572525934@group-D40A05E2FCF9-LeaderElection250] INFO  impl.RaftServerImpl (RaftServerImpl.java:setRole(184)) - 399079f7-1eb1-4f37-b003-267572525934@group-D40A05E2FCF9: changes role from CANDIDATE to FOLLOWER at term 135 for DISCOVERED_A_NEW_TERM
2019-10-20 18:18:45,389 [399079f7-1eb1-4f37-b003-267572525934@group-D40A05E2FCF9-LeaderElection250] INFO  impl.RoleInfo (RoleInfo.java:shutdownLeaderElection(134)) - 399079f7-1eb1-4f37-b003-267572525934: shutdown LeaderElection
2019-10-20 18:18:45,389 [399079f7-1eb1-4f37-b003-267572525934@group-D40A05E2FCF9-LeaderElection250] INFO  impl.RoleInfo (RoleInfo.java:updateAndGet(143)) - 399079f7-1eb1-4f37-b003-267572525934: start FollowerState
2019-10-20 18:18:45,505 [Thread-2085] INFO  impl.FollowerState (FollowerState.java:run(108)) - b75f8b2e-6273-4c97-b7c5-042674931d23@group-F11756C8BA4A-FollowerState: change to CANDIDATE, lastRpcTime:140ms, electionTimeout:140ms
2019-10-20 18:18:45,505 [Thread-2085] INFO  impl.RoleInfo (RoleInfo.java:shutdownFollowerState(121)) - b75f8b2e-6273-4c97-b7c5-042674931d23: shutdown FollowerState
2019-10-20 18:18:45,505 [Thread-2085] INFO  impl.RaftServerImpl (RaftServerImpl.java:setRole(184)) - b75f8b2e-6273-4c97-b7c5-042674931d23@group-F11756C8BA4A: changes role from  FOLLOWER to CANDIDATE at term 140 for changeToCandidate
2019-10-20 18:18:45,505 [Thread-2085] INFO  impl.RoleInfo (RoleInfo.java:updateAndGet(143)) - b75f8b2e-6273-4c97-b7c5-042674931d23: start LeaderElection
2019-10-20 18:18:45,530 [b75f8b2e-6273-4c97-b7c5-042674931d23@group-F11756C8BA4A-LeaderElection251] INFO  impl.LeaderElection (LeaderElection.java:askForVotes(178)) - b75f8b2e-6273-4c97-b7c5-042674931d23@group-F11756C8BA4A-LeaderElection251: begin an election at term 141 for -1: [6ef27e9c-8ddb-4fa1-8c14-ab102acfb1b8:192.168.164.241:38092, b75f8b2e-6273-4c97-b7c5-042674931d23:192.168.164.241:41857, 3750b3a2-715b-46b3-9d0c-9e38136244b9:192.168.164.241:46227], old=null
2019-10-20 18:18:45,533 [grpc-default-executor-10] INFO  impl.RaftServerImpl (RaftServerImpl.java:setRole(184)) - 6ef27e9c-8ddb-4fa1-8c14-ab102acfb1b8@group-F11756C8BA4A: changes role from  FOLLOWER to FOLLOWER at term 141 for recognizeCandidate:b75f8b2e-6273-4c97-b7c5-042674931d23
2019-10-20 18:18:45,533 [grpc-default-executor-3] INFO  impl.RaftServerImpl (RaftServerImpl.java:setRole(184)) - 3750b3a2-715b-46b3-9d0c-9e38136244b9@group-F11756C8BA4A: changes role from  FOLLOWER to FOLLOWER at term 141 for recognizeCandidate:b75f8b2e-6273-4c97-b7c5-042674931d23
2019-10-20 18:18:45,533 [grpc-default-executor-10] INFO  impl.RoleInfo (RoleInfo.java:shutdownFollowerState(121)) - 6ef27e9c-8ddb-4fa1-8c14-ab102acfb1b8: shutdown FollowerState
2019-10-20 18:18:45,533 [grpc-default-executor-3] INFO  impl.RoleInfo (RoleInfo.java:shutdownFollowerState(121)) - 3750b3a2-715b-46b3-9d0c-9e38136244b9: shutdown FollowerState
2019-10-20 18:18:45,534 [Thread-2080] INFO  impl.FollowerState (FollowerState.java:run(117)) - 6ef27e9c-8ddb-4fa1-8c14-ab102acfb1b8@group-F11756C8BA4A-FollowerState was interrupted: java.lang.InterruptedException: sleep interrupted
2019-10-20 18:18:45,534 [grpc-default-executor-10] INFO  impl.RoleInfo (RoleInfo.java:updateAndGet(143)) - 6ef27e9c-8ddb-4fa1-8c14-ab102acfb1b8: start FollowerState
2019-10-20 18:18:45,534 [Thread-2081] INFO  impl.FollowerState (FollowerState.java:run(117)) - 3750b3a2-715b-46b3-9d0c-9e38136244b9@group-F11756C8BA4A-FollowerState was interrupted: java.lang.InterruptedException: sleep interrupted
2019-10-20 18:18:45,534 [grpc-default-executor-3] INFO  impl.RoleInfo (RoleInfo.java:updateAndGet(143)) - 3750b3a2-715b-46b3-9d0c-9e38136244b9: start FollowerState
2019-10-20 18:18:45,552 [Thread-2088] INFO  impl.FollowerState (FollowerState.java:run(108)) - 399079f7-1eb1-4f37-b003-267572525934@group-D40A05E2FCF9-FollowerState: change to CANDIDATE, lastRpcTime:162ms, electionTimeout:162ms
2019-10-20 18:18:45,552 [Thread-2088] INFO  impl.RoleInfo (RoleInfo.java:shutdownFollowerState(121)) - 399079f7-1eb1-4f37-b003-267572525934: shutdown FollowerState
2019-10-20 18:18:45,552 [Thread-2088] INFO  impl.RaftServerImpl (RaftServerImpl.java:setRole(184)) - 399079f7-1eb1-4f37-b003-267572525934@group-D40A05E2FCF9: changes role from  FOLLOWER to CANDIDATE at term 135 for changeToCandidate
2019-10-20 18:18:45,552 [Thread-2088] INFO  impl.RoleInfo (RoleInfo.java:updateAndGet(143)) - 399079f7-1eb1-4f37-b003-267572525934: start LeaderElection
2019-10-20 18:18:45,557 [b75f8b2e-6273-4c97-b7c5-042674931d23@group-F11756C8BA4A-LeaderElection251] INFO  impl.LeaderElection (LeaderElection.java:logAndReturn(56)) - b75f8b2e-6273-4c97-b7c5-042674931d23@group-F11756C8BA4A-LeaderElection251: Election REJECTED; received 2 response(s) [b75f8b2e-6273-4c97-b7c5-042674931d23<-6ef27e9c-8ddb-4fa1-8c14-ab102acfb1b8#0:FAIL-t141, b75f8b2e-6273-4c97-b7c5-042674931d23<-3750b3a2-715b-46b3-9d0c-9e38136244b9#0:FAIL-t141] and 0 exception(s); b75f8b2e-6273-4c97-b7c5-042674931d23@group-F11756C8BA4A:t141, leader=null, voted=b75f8b2e-6273-4c97-b7c5-042674931d23, raftlog=b75f8b2e-6273-4c97-b7c5-042674931d23@group-F11756C8BA4A-SegmentedRaftLog:OPENED:c-1,f-1,i0, conf=-1: [6ef27e9c-8ddb-4fa1-8c14-ab102acfb1b8:192.168.164.241:38092, b75f8b2e-6273-4c97-b7c5-042674931d23:192.168.164.241:41857, 3750b3a2-715b-46b3-9d0c-9e38136244b9:192.168.164.241:46227], old=null
2019-10-20 18:18:45,557 [b75f8b2e-6273-4c97-b7c5-042674931d23@group-F11756C8BA4A-LeaderElection251] INFO  impl.RaftServerImpl (RaftServerImpl.java:setRole(184)) - b75f8b2e-6273-4c97-b7c5-042674931d23@group-F11756C8BA4A: changes role from CANDIDATE to FOLLOWER at term 141 for DISCOVERED_A_NEW_TERM
2019-10-20 18:18:45,557 [b75f8b2e-6273-4c97-b7c5-042674931d23@group-F11756C8BA4A-LeaderElection251] INFO  impl.RoleInfo (RoleInfo.java:shutdownLeaderElection(134)) - b75f8b2e-6273-4c97-b7c5-042674931d23: shutdown LeaderElection
2019-10-20 18:18:45,557 [b75f8b2e-6273-4c97-b7c5-042674931d23@group-F11756C8BA4A-LeaderElection251] INFO  impl.RoleInfo (RoleInfo.java:updateAndGet(143)) - b75f8b2e-6273-4c97-b7c5-042674931d23: start FollowerState
2019-10-20 18:18:45,581 [399079f7-1eb1-4f37-b003-267572525934@group-D40A05E2FCF9-LeaderElection252] INFO  impl.LeaderElection (LeaderElection.java:askForVotes(178)) - 399079f7-1eb1-4f37-b003-267572525934@group-D40A05E2FCF9-LeaderElection252: begin an election at term 136 for -1: [399079f7-1eb1-4f37-b003-267572525934:192.168.164.241:37762, 7a43c46a-fc88-4b2d-b2da-ae029cfa60ff:192.168.164.241:43684, 6c5c38af-62e6-4ea7-a24a-078dcb28fb39:192.168.164.241:45428], old=null
2019-10-20 18:18:45,583 [grpc-default-executor-3] INFO  impl.RaftServerImpl (RaftServerImpl.java:setRole(184)) - 7a43c46a-fc88-4b2d-b2da-ae029cfa60ff@group-D40A05E2FCF9: changes role from  FOLLOWER to FOLLOWER at term 136 for recognizeCandidate:399079f7-1eb1-4f37-b003-267572525934
2019-10-20 18:18:45,583 [grpc-default-executor-3] INFO  impl.RoleInfo (RoleInfo.java:shutdownFollowerState(121)) - 7a43c46a-fc88-4b2d-b2da-ae029cfa60ff: shutdown FollowerState
2019-10-20 18:18:45,583 [grpc-default-executor-3] INFO  impl.RoleInfo (RoleInfo.java:updateAndGet(143)) - 7a43c46a-fc88-4b2d-b2da-ae029cfa60ff: start FollowerState
2019-10-20 18:18:45,583 [grpc-default-executor-10] INFO  impl.RaftServerImpl (RaftServerImpl.java:setRole(184)) - 6c5c38af-62e6-4ea7-a24a-078dcb28fb39@group-D40A05E2FCF9: changes role from  FOLLOWER to FOLLOWER at term 136 for recognizeCandidate:399079f7-1eb1-4f37-b003-267572525934
2019-10-20 18:18:45,583 [Thread-2086] INFO  impl.FollowerState (FollowerState.java:run(117)) - 7a43c46a-fc88-4b2d-b2da-ae029cfa60ff@group-D40A05E2FCF9-FollowerState was interrupted: java.lang.InterruptedException: sleep interrupted
2019-10-20 18:18:45,584 [grpc-default-executor-10] INFO  impl.RoleInfo (RoleInfo.java:shutdownFollowerState(121)) - 6c5c38af-62e6-4ea7-a24a-078dcb28fb39: shutdown FollowerState
2019-10-20 18:18:45,584 [grpc-default-executor-10] INFO  impl.RoleInfo (RoleInfo.java:updateAndGet(143)) - 6c5c38af-62e6-4ea7-a24a-078dcb28fb39: start FollowerState
2019-10-20 18:18:45,584 [Thread-2087] INFO  impl.FollowerState (FollowerState.java:run(117)) - 6c5c38af-62e6-4ea7-a24a-078dcb28fb39@group-D40A05E2FCF9-FollowerState was interrupted: java.lang.InterruptedException: sleep interrupted
2019-10-20 18:18:45,585 [Thread-2097] INFO  impl.FollowerState (FollowerState.java:run(108)) - b75f8b2e-6273-4c97-b7c5-042674931d23@group-F11756C8BA4A-FollowerState: change to CANDIDATE, lastRpcTime:27ms, electionTimeout:27ms
2019-10-20 18:18:45,585 [Thread-2097] INFO  impl.RoleInfo (RoleInfo.java:shutdownFollowerState(121)) - b75f8b2e-6273-4c97-b7c5-042674931d23: shutdown FollowerState
2019-10-20 18:18:45,585 [Thread-2097] INFO  impl.RaftServerImpl (RaftServerImpl.java:setRole(184)) - b75f8b2e-6273-4c97-b7c5-042674931d23@group-F11756C8BA4A: changes role from  FOLLOWER to CANDIDATE at term 141 for changeToCandidate
2019-10-20 18:18:45,585 [Thread-2097] INFO  impl.RoleInfo (RoleInfo.java:updateAndGet(143)) - b75f8b2e-6273-4c97-b7c5-042674931d23: start LeaderElection
2019-10-20 18:18:45,607 [b75f8b2e-6273-4c97-b7c5-042674931d23@group-F11756C8BA4A-LeaderElection253] INFO  impl.LeaderElection (LeaderElection.java:askForVotes(178)) - b75f8b2e-6273-4c97-b7c5-042674931d23@group-F11756C8BA4A-LeaderElection253: begin an election at term 142 for -1: [6ef27e9c-8ddb-4fa1-8c14-ab102acfb1b8:192.168.164.241:38092, b75f8b2e-6273-4c97-b7c5-042674931d23:192.168.164.241:41857, 3750b3a2-715b-46b3-9d0c-9e38136244b9:192.168.164.241:46227], old=null
2019-10-20 18:18:45,607 [399079f7-1eb1-4f37-b003-267572525934@group-D40A05E2FCF9-LeaderElection252] INFO  impl.LeaderElection (LeaderElection.java:logAndReturn(56)) - 399079f7-1eb1-4f37-b003-267572525934@group-D40A05E2FCF9-LeaderElection252: Election REJECTED; received 2 response(s) [399079f7-1eb1-4f37-b003-267572525934<-7a43c46a-fc88-4b2d-b2da-ae029cfa60ff#0:FAIL-t136, 399079f7-1eb1-4f37-b003-267572525934<-6c5c38af-62e6-4ea7-a24a-078dcb28fb39#0:FAIL-t136] and 0 exception(s); 399079f7-1eb1-4f37-b003-267572525934@group-D40A05E2FCF9:t136, leader=null, voted=399079f7-1eb1-4f37-b003-267572525934, raftlog=399079f7-1eb1-4f37-b003-267572525934@group-D40A05E2FCF9-SegmentedRaftLog:OPENED:c-1,f-1,i0, conf=-1: [399079f7-1eb1-4f37-b003-267572525934:192.168.164.241:37762, 7a43c46a-fc88-4b2d-b2da-ae029cfa60ff:192.168.164.241:43684, 6c5c38af-62e6-4ea7-a24a-078dcb28fb39:192.168.164.241:45428], old=null
2019-10-20 18:18:45,608 [399079f7-1eb1-4f37-b003-267572525934@group-D40A05E2FCF9-LeaderElection252] INFO  impl.RaftServerImpl (RaftServerImpl.java:setRole(184)) - 399079f7-1eb1-4f37-b003-267572525934@group-D40A05E2FCF9: changes role from CANDIDATE to FOLLOWER at term 136 for DISCOVERED_A_NEW_TERM
2019-10-20 18:18:45,608 [399079f7-1eb1-4f37-b003-267572525934@group-D40A05E2FCF9-LeaderElection252] INFO  impl.RoleInfo (RoleInfo.java:shutdownLeaderElection(134)) - 399079f7-1eb1-4f37-b003-267572525934: shutdown LeaderElection
2019-10-20 18:18:45,608 [399079f7-1eb1-4f37-b003-267572525934@group-D40A05E2FCF9-LeaderElection252] INFO  impl.RoleInfo (RoleInfo.java:updateAndGet(143)) - 399079f7-1eb1-4f37-b003-267572525934: start FollowerState
2019-10-20 18:18:45,608 [grpc-default-executor-10] INFO  impl.RaftServerImpl (RaftServerImpl.java:setRole(184)) - 6ef27e9c-8ddb-4fa1-8c14-ab102acfb1b8@group-F11756C8BA4A: changes role from  FOLLOWER to FOLLOWER at term 142 for recognizeCandidate:b75f8b2e-6273-4c97-b7c5-042674931d23
2019-10-20 18:18:45,608 [grpc-default-executor-10] INFO  impl.RoleInfo (RoleInfo.java:shutdownFollowerState(121)) - 6ef27e9c-8ddb-4fa1-8c14-ab102acfb1b8: shutdown FollowerState
2019-10-20 18:18:45,608 [grpc-default-executor-10] INFO  impl.RoleInfo (RoleInfo.java:updateAndGet(143)) - 6ef27e9c-8ddb-4fa1-8c14-ab102acfb1b8: start FollowerState
2019-10-20 18:18:45,608 [Thread-2094] INFO  impl.FollowerState (FollowerState.java:run(117)) - 6ef27e9c-8ddb-4fa1-8c14-ab102acfb1b8@group-F11756C8BA4A-FollowerState was interrupted: java.lang.InterruptedException: sleep interrupted
2019-10-20 18:18:45,609 [grpc-default-executor-3] INFO  impl.RaftServerImpl (RaftServerImpl.java:setRole(184)) - 3750b3a2-715b-46b3-9d0c-9e38136244b9@group-F11756C8BA4A: changes role from  FOLLOWER to FOLLOWER at term 142 for recognizeCandidate:b75f8b2e-6273-4c97-b7c5-042674931d23
2019-10-20 18:18:45,609 [grpc-default-executor-3] INFO  impl.RoleInfo (RoleInfo.java:shutdownFollowerState(121)) - 3750b3a2-715b-46b3-9d0c-9e38136244b9: shutdown FollowerState
2019-10-20 18:18:45,609 [grpc-default-executor-3] INFO  impl.RoleInfo (RoleInfo.java:updateAndGet(143)) - 3750b3a2-715b-46b3-9d0c-9e38136244b9: start FollowerState
2019-10-20 18:18:45,609 [Thread-2095] INFO  impl.FollowerState (FollowerState.java:run(117)) - 3750b3a2-715b-46b3-9d0c-9e38136244b9@group-F11756C8BA4A-FollowerState was interrupted: java.lang.InterruptedException: sleep interrupted
2019-10-20 18:18:45,641 [b75f8b2e-6273-4c97-b7c5-042674931d23@group-F11756C8BA4A-LeaderElection253] INFO  impl.LeaderElection (LeaderElection.java:logAndReturn(56)) - b75f8b2e-6273-4c97-b7c5-042674931d23@group-F11756C8BA4A-LeaderElection253: Election REJECTED; received 2 response(s) [b75f8b2e-6273-4c97-b7c5-042674931d23<-6ef27e9c-8ddb-4fa1-8c14-ab102acfb1b8#0:FAIL-t142, b75f8b2e-6273-4c97-b7c5-042674931d23<-3750b3a2-715b-46b3-9d0c-9e38136244b9#0:FAIL-t142] and 0 exception(s); b75f8b2e-6273-4c97-b7c5-042674931d23@group-F11756C8BA4A:t142, leader=null, voted=b75f8b2e-6273-4c97-b7c5-042674931d23, raftlog=b75f8b2e-6273-4c97-b7c5-042674931d23@group-F11756C8BA4A-SegmentedRaftLog:OPENED:c-1,f-1,i0, conf=-1: [6ef27e9c-8ddb-4fa1-8c14-ab102acfb1b8:192.168.164.241:38092, b75f8b2e-6273-4c97-b7c5-042674931d23:192.168.164.241:41857, 3750b3a2-715b-46b3-9d0c-9e38136244b9:192.168.164.241:46227], old=null
2019-10-20 18:18:45,641 [b75f8b2e-6273-4c97-b7c5-042674931d23@group-F11756C8BA4A-LeaderElection253] INFO  impl.RaftServerImpl (RaftServerImpl.java:setRole(184)) - b75f8b2e-6273-4c97-b7c5-042674931d23@group-F11756C8BA4A: changes role from CANDIDATE to FOLLOWER at term 142 for DISCOVERED_A_NEW_TERM
2019-10-20 18:18:45,643 [b75f8b2e-6273-4c97-b7c5-042674931d23@group-F11756C8BA4A-LeaderElection253] INFO  impl.RoleInfo (RoleInfo.java:shutdownLeaderElection(134)) - b75f8b2e-6273-4c97-b7c5-042674931d23: shutdown LeaderElection
2019-10-20 18:18:45,643 [b75f8b2e-6273-4c97-b7c5-042674931d23@group-F11756C8BA4A-LeaderElection253] INFO  impl.RoleInfo (RoleInfo.java:updateAndGet(143)) - b75f8b2e-6273-4c97-b7c5-042674931d23: start FollowerState
2019-10-20 18:18:45,649 [Thread-2105] INFO  impl.FollowerState (FollowerState.java:run(108)) - 399079f7-1eb1-4f37-b003-267572525934@group-D40A05E2FCF9-FollowerState: change to CANDIDATE, lastRpcTime:41ms, electionTimeout:41ms
2019-10-20 18:18:45,650 [Thread-2105] INFO  impl.RoleInfo (RoleInfo.java:shutdownFollowerState(121)) - 399079f7-1eb1-4f37-b003-267572525934: shutdown FollowerState
2019-10-20 18:18:45,650 [Thread-2105] INFO  impl.RaftServerImpl (RaftServerImpl.java:setRole(184)) - 399079f7-1eb1-4f37-b003-267572525934@group-D40A05E2FCF9: changes role from  FOLLOWER to CANDIDATE at term 136 for changeToCandidate
2019-10-20 18:18:45,650 [Thread-2105] INFO  impl.RoleInfo (RoleInfo.java:updateAndGet(143)) - 399079f7-1eb1-4f37-b003-267572525934: start LeaderElection
2019-10-20 18:18:45,676 [399079f7-1eb1-4f37-b003-267572525934@group-D40A05E2FCF9-LeaderElection254] INFO  impl.LeaderElection (LeaderElection.java:askForVotes(178)) - 399079f7-1eb1-4f37-b003-267572525934@group-D40A05E2FCF9-LeaderElection254: begin an election at term 137 for -1: [399079f7-1eb1-4f37-b003-267572525934:192.168.164.241:37762, 7a43c46a-fc88-4b2d-b2da-ae029cfa60ff:192.168.164.241:43684, 6c5c38af-62e6-4ea7-a24a-078dcb28fb39:192.168.164.241:45428], old=null
2019-10-20 18:18:45,678 [grpc-default-executor-7] INFO  impl.RaftServerImpl (RaftServerImpl.java:setRole(184)) - 6c5c38af-62e6-4ea7-a24a-078dcb28fb39@group-D40A05E2FCF9: changes role from  FOLLOWER to FOLLOWER at term 137 for recognizeCandidate:399079f7-1eb1-4f37-b003-267572525934
2019-10-20 18:18:45,678 [grpc-default-executor-7] INFO  impl.RoleInfo (RoleInfo.java:shutdownFollowerState(121)) - 6c5c38af-62e6-4ea7-a24a-078dcb28fb39: shutdown FollowerState
2019-10-20 18:18:45,678 [grpc-default-executor-7] INFO  impl.RoleInfo (RoleInfo.java:updateAndGet(143)) - 6c5c38af-62e6-4ea7-a24a-078dcb28fb39: start FollowerState
2019-10-20 18:18:45,678 [grpc-default-executor-3] INFO  impl.RaftServerImpl (RaftServerImpl.java:setRole(184)) - 7a43c46a-fc88-4b2d-b2da-ae029cfa60ff@group-D40A05E2FCF9: changes role from  FOLLOWER to FOLLOWER at term 137 for recognizeCandidate:399079f7-1eb1-4f37-b003-267572525934
2019-10-20 18:18:45,678 [Thread-2101] INFO  impl.FollowerState (FollowerState.java:run(117)) - 6c5c38af-62e6-4ea7-a24a-078dcb28fb39@group-D40A05E2FCF9-FollowerState was interrupted: java.lang.InterruptedException: sleep interrupted
2019-10-20 18:18:45,679 [grpc-default-executor-3] INFO  impl.RoleInfo (RoleInfo.java:shutdownFollowerState(121)) - 7a43c46a-fc88-4b2d-b2da-ae029cfa60ff: shutdown FollowerState
2019-10-20 18:18:45,679 [grpc-default-executor-3] INFO  impl.RoleInfo (RoleInfo.java:updateAndGet(143)) - 7a43c46a-fc88-4b2d-b2da-ae029cfa60ff: start FollowerState
2019-10-20 18:18:45,679 [Thread-2100] INFO  impl.FollowerState (FollowerState.java:run(117)) - 7a43c46a-fc88-4b2d-b2da-ae029cfa60ff@group-D40A05E2FCF9-FollowerState was interrupted: java.lang.InterruptedException: sleep interrupted
2019-10-20 18:18:45,693 [Thread-2110] INFO  impl.FollowerState (FollowerState.java:run(108)) - b75f8b2e-6273-4c97-b7c5-042674931d23@group-F11756C8BA4A-FollowerState: change to CANDIDATE, lastRpcTime:49ms, electionTimeout:49ms
2019-10-20 18:18:45,693 [Thread-2110] INFO  impl.RoleInfo (RoleInfo.java:shutdownFollowerState(121)) - b75f8b2e-6273-4c97-b7c5-042674931d23: shutdown FollowerState
2019-10-20 18:18:45,693 [Thread-2110] INFO  impl.RaftServerImpl (RaftServerImpl.java:setRole(184)) - b75f8b2e-6273-4c97-b7c5-042674931d23@group-F11756C8BA4A: changes role from  FOLLOWER to CANDIDATE at term 142 for changeToCandidate
2019-10-20 18:18:45,693 [Thread-2110] INFO  impl.RoleInfo (RoleInfo.java:updateAndGet(143)) - b75f8b2e-6273-4c97-b7c5-042674931d23: start LeaderElection
2019-10-20 18:18:45,702 [399079f7-1eb1-4f37-b003-267572525934@group-D40A05E2FCF9-LeaderElection254] INFO  impl.LeaderElection (LeaderElection.java:logAndReturn(56)) - 399079f7-1eb1-4f37-b003-267572525934@group-D40A05E2FCF9-LeaderElection254: Election REJECTED; received 2 response(s) [399079f7-1eb1-4f37-b003-267572525934<-7a43c46a-fc88-4b2d-b2da-ae029cfa60ff#0:FAIL-t137, 399079f7-1eb1-4f37-b003-267572525934<-6c5c38af-62e6-4ea7-a24a-078dcb28fb39#0:FAIL-t137] and 0 exception(s); 399079f7-1eb1-4f37-b003-267572525934@group-D40A05E2FCF9:t137, leader=null, voted=399079f7-1eb1-4f37-b003-267572525934, raftlog=399079f7-1eb1-4f37-b003-267572525934@group-D40A05E2FCF9-SegmentedRaftLog:OPENED:c-1,f-1,i0, conf=-1: [399079f7-1eb1-4f37-b003-267572525934:192.168.164.241:37762, 7a43c46a-fc88-4b2d-b2da-ae029cfa60ff:192.168.164.241:43684, 6c5c38af-62e6-4ea7-a24a-078dcb28fb39:192.168.164.241:45428], old=null
2019-10-20 18:18:45,702 [399079f7-1eb1-4f37-b003-267572525934@group-D40A05E2FCF9-LeaderElection254] INFO  impl.RaftServerImpl (RaftServerImpl.java:setRole(184)) - 399079f7-1eb1-4f37-b003-267572525934@group-D40A05E2FCF9: changes role from CANDIDATE to FOLLOWER at term 137 for DISCOVERED_A_NEW_TERM
2019-10-20 18:18:45,702 [399079f7-1eb1-4f37-b003-267572525934@group-D40A05E2FCF9-LeaderElection254] INFO  impl.RoleInfo (RoleInfo.java:shutdownLeaderElection(134)) - 399079f7-1eb1-4f37-b003-267572525934: shutdown LeaderElection
2019-10-20 18:18:45,703 [399079f7-1eb1-4f37-b003-267572525934@group-D40A05E2FCF9-LeaderElection254] INFO  impl.RoleInfo (RoleInfo.java:updateAndGet(143)) - 399079f7-1eb1-4f37-b003-267572525934: start FollowerState
2019-10-20 18:18:45,718 [b75f8b2e-6273-4c97-b7c5-042674931d23@group-F11756C8BA4A-LeaderElection255] INFO  impl.LeaderElection (LeaderElection.java:askForVotes(178)) - b75f8b2e-6273-4c97-b7c5-042674931d23@group-F11756C8BA4A-LeaderElection255: begin an election at term 143 for -1: [6ef27e9c-8ddb-4fa1-8c14-ab102acfb1b8:192.168.164.241:38092, b75f8b2e-6273-4c97-b7c5-042674931d23:192.168.164.241:41857, 3750b3a2-715b-46b3-9d0c-9e38136244b9:192.168.164.241:46227], old=null
2019-10-20 18:18:45,721 [grpc-default-executor-7] INFO  impl.RaftServerImpl (RaftServerImpl.java:setRole(184)) - 6ef27e9c-8ddb-4fa1-8c14-ab102acfb1b8@group-F11756C8BA4A: changes role from  FOLLOWER to FOLLOWER at term 143 for recognizeCandidate:b75f8b2e-6273-4c97-b7c5-042674931d23
2019-10-20 18:18:45,721 [grpc-default-executor-7] INFO  impl.RoleInfo (RoleInfo.java:shutdownFollowerState(121)) - 6ef27e9c-8ddb-4fa1-8c14-ab102acfb1b8: shutdown FollowerState
2019-10-20 18:18:45,721 [grpc-default-executor-7] INFO  impl.RoleInfo (RoleInfo.java:updateAndGet(143)) - 6ef27e9c-8ddb-4fa1-8c14-ab102acfb1b8: start FollowerState
2019-10-20 18:18:45,721 [Thread-2106] INFO  impl.FollowerState (FollowerState.java:run(117)) - 6ef27e9c-8ddb-4fa1-8c14-ab102acfb1b8@group-F11756C8BA4A-FollowerState was interrupted: java.lang.InterruptedException: sleep interrupted
2019-10-20 18:18:45,721 [grpc-default-executor-3] INFO  impl.RaftServerImpl (RaftServerImpl.java:setRole(184)) - 3750b3a2-715b-46b3-9d0c-9e38136244b9@group-F11756C8BA4A: changes role from  FOLLOWER to FOLLOWER at term 143 for recognizeCandidate:b75f8b2e-6273-4c97-b7c5-042674931d23
2019-10-20 18:18:45,722 [grpc-default-executor-3] INFO  impl.RoleInfo (RoleInfo.java:shutdownFollowerState(121)) - 3750b3a2-715b-46b3-9d0c-9e38136244b9: shutdown FollowerState
2019-10-20 18:18:45,722 [grpc-default-executor-3] INFO  impl.RoleInfo (RoleInfo.java:updateAndGet(143)) - 3750b3a2-715b-46b3-9d0c-9e38136244b9: start FollowerState
2019-10-20 18:18:45,722 [Thread-2107] INFO  impl.FollowerState (FollowerState.java:run(117)) - 3750b3a2-715b-46b3-9d0c-9e38136244b9@group-F11756C8BA4A-FollowerState was interrupted: java.lang.InterruptedException: sleep interrupted
2019-10-20 18:18:45,745 [b75f8b2e-6273-4c97-b7c5-042674931d23@group-F11756C8BA4A-LeaderElection255] INFO  impl.LeaderElection (LeaderElection.java:logAndReturn(56)) - b75f8b2e-6273-4c97-b7c5-042674931d23@group-F11756C8BA4A-LeaderElection255: Election REJECTED; received 2 response(s) [b75f8b2e-6273-4c97-b7c5-042674931d23<-6ef27e9c-8ddb-4fa1-8c14-ab102acfb1b8#0:FAIL-t143, b75f8b2e-6273-4c97-b7c5-042674931d23<-3750b3a2-715b-46b3-9d0c-9e38136244b9#0:FAIL-t143] and 0 exception(s); b75f8b2e-6273-4c97-b7c5-042674931d23@group-F11756C8BA4A:t143, leader=null, voted=b75f8b2e-6273-4c97-b7c5-042674931d23, raftlog=b75f8b2e-6273-4c97-b7c5-042674931d23@group-F11756C8BA4A-SegmentedRaftLog:OPENED:c-1,f-1,i0, conf=-1: [6ef27e9c-8ddb-4fa1-8c14-ab102acfb1b8:192.168.164.241:38092, b75f8b2e-6273-4c97-b7c5-042674931d23:192.168.164.241:41857, 3750b3a2-715b-46b3-9d0c-9e38136244b9:192.168.164.241:46227], old=null
2019-10-20 18:18:45,745 [b75f8b2e-6273-4c97-b7c5-042674931d23@group-F11756C8BA4A-LeaderElection255] INFO  impl.RaftServerImpl (RaftServerImpl.java:setRole(184)) - b75f8b2e-6273-4c97-b7c5-042674931d23@group-F11756C8BA4A: changes role from CANDIDATE to FOLLOWER at term 143 for DISCOVERED_A_NEW_TERM
2019-10-20 18:18:45,745 [b75f8b2e-6273-4c97-b7c5-042674931d23@group-F11756C8BA4A-LeaderElection255] INFO  impl.RoleInfo (RoleInfo.java:shutdownLeaderElection(134)) - b75f8b2e-6273-4c97-b7c5-042674931d23: shutdown LeaderElection
2019-10-20 18:18:45,745 [b75f8b2e-6273-4c97-b7c5-042674931d23@group-F11756C8BA4A-LeaderElection255] INFO  impl.RoleInfo (RoleInfo.java:updateAndGet(143)) - b75f8b2e-6273-4c97-b7c5-042674931d23: start FollowerState
2019-10-20 18:18:45,835 [Thread-2122] INFO  impl.FollowerState (FollowerState.java:run(108)) - b75f8b2e-6273-4c97-b7c5-042674931d23@group-F11756C8BA4A-FollowerState: change to CANDIDATE, lastRpcTime:90ms, electionTimeout:90ms
2019-10-20 18:18:45,836 [Thread-2122] INFO  impl.RoleInfo (RoleInfo.java:shutdownFollowerState(121)) - b75f8b2e-6273-4c97-b7c5-042674931d23: shutdown FollowerState
2019-10-20 18:18:45,836 [Thread-2122] INFO  impl.RaftServerImpl (RaftServerImpl.java:setRole(184)) - b75f8b2e-6273-4c97-b7c5-042674931d23@group-F11756C8BA4A: changes role from  FOLLOWER to CANDIDATE at term 143 for changeToCandidate
2019-10-20 18:18:45,836 [Thread-2122] INFO  impl.RoleInfo (RoleInfo.java:updateAndGet(143)) - b75f8b2e-6273-4c97-b7c5-042674931d23: start LeaderElection
2019-10-20 18:18:45,860 [Thread-2117] INFO  impl.FollowerState (FollowerState.java:run(108)) - 399079f7-1eb1-4f37-b003-267572525934@group-D40A05E2FCF9-FollowerState: change to CANDIDATE, lastRpcTime:157ms, electionTimeout:157ms
2019-10-20 18:18:45,861 [Thread-2117] INFO  impl.RoleInfo (RoleInfo.java:shutdownFollowerState(121)) - 399079f7-1eb1-4f37-b003-267572525934: shutdown FollowerState
2019-10-20 18:18:45,861 [Thread-2117] INFO  impl.RaftServerImpl (RaftServerImpl.java:setRole(184)) - 399079f7-1eb1-4f37-b003-267572525934@group-D40A05E2FCF9: changes role from  FOLLOWER to CANDIDATE at term 137 for changeToCandidate
2019-10-20 18:18:45,861 [b75f8b2e-6273-4c97-b7c5-042674931d23@group-F11756C8BA4A-LeaderElection256] INFO  impl.LeaderElection (LeaderElection.java:askForVotes(178)) - b75f8b2e-6273-4c97-b7c5-042674931d23@group-F11756C8BA4A-LeaderElection256: begin an election at term 144 for -1: [6ef27e9c-8ddb-4fa1-8c14-ab102acfb1b8:192.168.164.241:38092, b75f8b2e-6273-4c97-b7c5-042674931d23:192.168.164.241:41857, 3750b3a2-715b-46b3-9d0c-9e38136244b9:192.168.164.241:46227], old=null
2019-10-20 18:18:45,861 [Thread-2117] INFO  impl.RoleInfo (RoleInfo.java:updateAndGet(143)) - 399079f7-1eb1-4f37-b003-267572525934: start LeaderElection
2019-10-20 18:18:45,863 [grpc-default-executor-3] INFO  impl.RaftServerImpl (RaftServerImpl.java:setRole(184)) - 6ef27e9c-8ddb-4fa1-8c14-ab102acfb1b8@group-F11756C8BA4A: changes role from  FOLLOWER to FOLLOWER at term 144 for recognizeCandidate:b75f8b2e-6273-4c97-b7c5-042674931d23
2019-10-20 18:18:45,863 [grpc-default-executor-3] INFO  impl.RoleInfo (RoleInfo.java:shutdownFollowerState(121)) - 6ef27e9c-8ddb-4fa1-8c14-ab102acfb1b8: shutdown FollowerState
2019-10-20 18:18:45,864 [grpc-default-executor-3] INFO  impl.RoleInfo (RoleInfo.java:updateAndGet(143)) - 6ef27e9c-8ddb-4fa1-8c14-ab102acfb1b8: start FollowerState
2019-10-20 18:18:45,864 [grpc-default-executor-7] INFO  impl.RaftServerImpl (RaftServerImpl.java:setRole(184)) - 3750b3a2-715b-46b3-9d0c-9e38136244b9@group-F11756C8BA4A: changes role from  FOLLOWER to FOLLOWER at term 144 for recognizeCandidate:b75f8b2e-6273-4c97-b7c5-042674931d23
2019-10-20 18:18:45,864 [grpc-default-executor-7] INFO  impl.RoleInfo (RoleInfo.java:shutdownFollowerState(121)) - 3750b3a2-715b-46b3-9d0c-9e38136244b9: shutdown FollowerState
2019-10-20 18:18:45,864 [Thread-2120] INFO  impl.FollowerState (FollowerState.java:run(117)) - 6ef27e9c-8ddb-4fa1-8c14-ab102acfb1b8@group-F11756C8BA4A-FollowerState was interrupted: java.lang.InterruptedException: sleep interrupted
2019-10-20 18:18:45,864 [Thread-2121] INFO  impl.FollowerState (FollowerState.java:run(117)) - 3750b3a2-715b-46b3-9d0c-9e38136244b9@group-F11756C8BA4A-FollowerState was interrupted: java.lang.InterruptedException: sleep interrupted
2019-10-20 18:18:45,864 [grpc-default-executor-7] INFO  impl.RoleInfo (RoleInfo.java:updateAndGet(143)) - 3750b3a2-715b-46b3-9d0c-9e38136244b9: start FollowerState
2019-10-20 18:18:45,886 [399079f7-1eb1-4f37-b003-267572525934@group-D40A05E2FCF9-LeaderElection257] INFO  impl.LeaderElection (LeaderElection.java:askForVotes(178)) - 399079f7-1eb1-4f37-b003-267572525934@group-D40A05E2FCF9-LeaderElection257: begin an election at term 138 for -1: [399079f7-1eb1-4f37-b003-267572525934:192.168.164.241:37762, 7a43c46a-fc88-4b2d-b2da-ae029cfa60ff:192.168.164.241:43684, 6c5c38af-62e6-4ea7-a24a-078dcb28fb39:192.168.164.241:45428], old=null
2019-10-20 18:18:45,887 [b75f8b2e-6273-4c97-b7c5-042674931d23@group-F11756C8BA4A-LeaderElection256] INFO  impl.LeaderElection (LeaderElection.java:logAndReturn(56)) - b75f8b2e-6273-4c97-b7c5-042674931d23@group-F11756C8BA4A-LeaderElection256: Election REJECTED; received 2 response(s) [b75f8b2e-6273-4c97-b7c5-042674931d23<-6ef27e9c-8ddb-4fa1-8c14-ab102acfb1b8#0:FAIL-t144, b75f8b2e-6273-4c97-b7c5-042674931d23<-3750b3a2-715b-46b3-9d0c-9e38136244b9#0:FAIL-t144] and 0 exception(s); b75f8b2e-6273-4c97-b7c5-042674931d23@group-F11756C8BA4A:t144, leader=null, voted=b75f8b2e-6273-4c97-b7c5-042674931d23, raftlog=b75f8b2e-6273-4c97-b7c5-042674931d23@group-F11756C8BA4A-SegmentedRaftLog:OPENED:c-1,f-1,i0, conf=-1: [6ef27e9c-8ddb-4fa1-8c14-ab102acfb1b8:192.168.164.241:38092, b75f8b2e-6273-4c97-b7c5-042674931d23:192.168.164.241:41857, 3750b3a2-715b-46b3-9d0c-9e38136244b9:192.168.164.241:46227], old=null
2019-10-20 18:18:45,887 [b75f8b2e-6273-4c97-b7c5-042674931d23@group-F11756C8BA4A-LeaderElection256] INFO  impl.RaftServerImpl (RaftServerImpl.java:setRole(184)) - b75f8b2e-6273-4c97-b7c5-042674931d23@group-F11756C8BA4A: changes role from CANDIDATE to FOLLOWER at term 144 for DISCOVERED_A_NEW_TERM
2019-10-20 18:18:45,888 [b75f8b2e-6273-4c97-b7c5-042674931d23@group-F11756C8BA4A-LeaderElection256] INFO  impl.RoleInfo (RoleInfo.java:shutdownLeaderElection(134)) - b75f8b2e-6273-4c97-b7c5-042674931d23: shutdown LeaderElection
2019-10-20 18:18:45,888 [b75f8b2e-6273-4c97-b7c5-042674931d23@group-F11756C8BA4A-LeaderElection256] INFO  impl.RoleInfo (RoleInfo.java:updateAndGet(143)) - b75f8b2e-6273-4c97-b7c5-042674931d23: start FollowerState
2019-10-20 18:18:45,889 [grpc-default-executor-7] INFO  impl.RaftServerImpl (RaftServerImpl.java:setRole(184)) - 7a43c46a-fc88-4b2d-b2da-ae029cfa60ff@group-D40A05E2FCF9: changes role from  FOLLOWER to FOLLOWER at term 138 for recognizeCandidate:399079f7-1eb1-4f37-b003-267572525934
2019-10-20 18:18:45,889 [grpc-default-executor-7] INFO  impl.RoleInfo (RoleInfo.java:shutdownFollowerState(121)) - 7a43c46a-fc88-4b2d-b2da-ae029cfa60ff: shutdown FollowerState
2019-10-20 18:18:45,889 [grpc-default-executor-7] INFO  impl.RoleInfo (RoleInfo.java:updateAndGet(143)) - 7a43c46a-fc88-4b2d-b2da-ae029cfa60ff: start FollowerState
2019-10-20 18:18:45,889 [Thread-2115] INFO  impl.FollowerState (FollowerState.java:run(117)) - 7a43c46a-fc88-4b2d-b2da-ae029cfa60ff@group-D40A05E2FCF9-FollowerState was interrupted: java.lang.InterruptedException: sleep interrupted
2019-10-20 18:18:45,890 [grpc-default-executor-3] INFO  impl.RaftServerImpl (RaftServerImpl.java:setRole(184)) - 6c5c38af-62e6-4ea7-a24a-078dcb28fb39@group-D40A05E2FCF9: changes role from  FOLLOWER to FOLLOWER at term 138 for recognizeCandidate:399079f7-1eb1-4f37-b003-267572525934
2019-10-20 18:18:45,890 [grpc-default-executor-3] INFO  impl.RoleInfo (RoleInfo.java:shutdownFollowerState(121)) - 6c5c38af-62e6-4ea7-a24a-078dcb28fb39: shutdown FollowerState
2019-10-20 18:18:45,890 [grpc-default-executor-3] INFO  impl.RoleInfo (RoleInfo.java:updateAndGet(143)) - 6c5c38af-62e6-4ea7-a24a-078dcb28fb39: start FollowerState
2019-10-20 18:18:45,890 [Thread-2114] INFO  impl.FollowerState (FollowerState.java:run(117)) - 6c5c38af-62e6-4ea7-a24a-078dcb28fb39@group-D40A05E2FCF9-FollowerState was interrupted: java.lang.InterruptedException: sleep interrupted
2019-10-20 18:18:45,913 [399079f7-1eb1-4f37-b003-267572525934@group-D40A05E2FCF9-LeaderElection257] INFO  impl.LeaderElection (LeaderElection.java:logAndReturn(56)) - 399079f7-1eb1-4f37-b003-267572525934@group-D40A05E2FCF9-LeaderElection257: Election REJECTED; received 2 response(s) [399079f7-1eb1-4f37-b003-267572525934<-7a43c46a-fc88-4b2d-b2da-ae029cfa60ff#0:FAIL-t138, 399079f7-1eb1-4f37-b003-267572525934<-6c5c38af-62e6-4ea7-a24a-078dcb28fb39#0:FAIL-t138] and 0 exception(s); 399079f7-1eb1-4f37-b003-267572525934@group-D40A05E2FCF9:t138, leader=null, voted=399079f7-1eb1-4f37-b003-267572525934, raftlog=399079f7-1eb1-4f37-b003-267572525934@group-D40A05E2FCF9-SegmentedRaftLog:OPENED:c-1,f-1,i0, conf=-1: [399079f7-1eb1-4f37-b003-267572525934:192.168.164.241:37762, 7a43c46a-fc88-4b2d-b2da-ae029cfa60ff:192.168.164.241:43684, 6c5c38af-62e6-4ea7-a24a-078dcb28fb39:192.168.164.241:45428], old=null
2019-10-20 18:18:45,913 [399079f7-1eb1-4f37-b003-267572525934@group-D40A05E2FCF9-LeaderElection257] INFO  impl.RaftServerImpl (RaftServerImpl.java:setRole(184)) - 399079f7-1eb1-4f37-b003-267572525934@group-D40A05E2FCF9: changes role from CANDIDATE to FOLLOWER at term 138 for DISCOVERED_A_NEW_TERM
2019-10-20 18:18:45,913 [399079f7-1eb1-4f37-b003-267572525934@group-D40A05E2FCF9-LeaderElection257] INFO  impl.RoleInfo (RoleInfo.java:shutdownLeaderElection(134)) - 399079f7-1eb1-4f37-b003-267572525934: shutdown LeaderElection
2019-10-20 18:18:45,913 [399079f7-1eb1-4f37-b003-267572525934@group-D40A05E2FCF9-LeaderElection257] INFO  impl.RoleInfo (RoleInfo.java:updateAndGet(143)) - 399079f7-1eb1-4f37-b003-267572525934: start FollowerState
2019-10-20 18:18:45,979 [Thread-2134] INFO  impl.FollowerState (FollowerState.java:run(108)) - 399079f7-1eb1-4f37-b003-267572525934@group-D40A05E2FCF9-FollowerState: change to CANDIDATE, lastRpcTime:65ms, electionTimeout:65ms
2019-10-20 18:18:45,979 [Thread-2134] INFO  impl.RoleInfo (RoleInfo.java:shutdownFollowerState(121)) - 399079f7-1eb1-4f37-b003-267572525934: shutdown FollowerState
2019-10-20 18:18:45,979 [Thread-2134] INFO  impl.RaftServerImpl (RaftServerImpl.java:setRole(184)) - 399079f7-1eb1-4f37-b003-267572525934@group-D40A05E2FCF9: changes role from  FOLLOWER to CANDIDATE at term 138 for changeToCandidate
2019-10-20 18:18:45,979 [Thread-2134] INFO  impl.RoleInfo (RoleInfo.java:updateAndGet(143)) - 399079f7-1eb1-4f37-b003-267572525934: start LeaderElection
2019-10-20 18:18:45,987 [Thread-2131] INFO  impl.FollowerState (FollowerState.java:run(108)) - b75f8b2e-6273-4c97-b7c5-042674931d23@group-F11756C8BA4A-FollowerState: change to CANDIDATE, lastRpcTime:99ms, electionTimeout:99ms
2019-10-20 18:18:45,987 [Thread-2131] INFO  impl.RoleInfo (RoleInfo.java:shutdownFollowerState(121)) - b75f8b2e-6273-4c97-b7c5-042674931d23: shutdown FollowerState
2019-10-20 18:18:45,988 [Thread-2131] INFO  impl.RaftServerImpl (RaftServerImpl.java:setRole(184)) - b75f8b2e-6273-4c97-b7c5-042674931d23@group-F11756C8BA4A: changes role from  FOLLOWER to CANDIDATE at term 144 for changeToCandidate
2019-10-20 18:18:45,988 [Thread-2131] INFO  impl.RoleInfo (RoleInfo.java:updateAndGet(143)) - b75f8b2e-6273-4c97-b7c5-042674931d23: start LeaderElection
2019-10-20 18:18:46,004 [b75f8b2e-6273-4c97-b7c5-042674931d23@group-F11756C8BA4A-LeaderElection259] INFO  impl.LeaderElection (LeaderElection.java:askForVotes(178)) - b75f8b2e-6273-4c97-b7c5-042674931d23@group-F11756C8BA4A-LeaderElection259: begin an election at term 145 for -1: [6ef27e9c-8ddb-4fa1-8c14-ab102acfb1b8:192.168.164.241:38092, b75f8b2e-6273-4c97-b7c5-042674931d23:192.168.164.241:41857, 3750b3a2-715b-46b3-9d0c-9e38136244b9:192.168.164.241:46227], old=null
2019-10-20 18:18:46,004 [399079f7-1eb1-4f37-b003-267572525934@group-D40A05E2FCF9-LeaderElection258] INFO  impl.LeaderElection (LeaderElection.java:askForVotes(178)) - 399079f7-1eb1-4f37-b003-267572525934@group-D40A05E2FCF9-LeaderElection258: begin an election at term 139 for -1: [399079f7-1eb1-4f37-b003-267572525934:192.168.164.241:37762, 7a43c46a-fc88-4b2d-b2da-ae029cfa60ff:192.168.164.241:43684, 6c5c38af-62e6-4ea7-a24a-078dcb28fb39:192.168.164.241:45428], old=null
2019-10-20 18:18:46,005 [399079f7-1eb1-4f37-b003-267572525934@group-D40A05E2FCF9-LeaderElection258] INFO  impl.LeaderElection (LeaderElection.java:logAndReturn(56)) - 399079f7-1eb1-4f37-b003-267572525934@group-D40A05E2FCF9-LeaderElection258: Election TIMEOUT; received 0 response(s) [] and 0 exception(s); 399079f7-1eb1-4f37-b003-267572525934@group-D40A05E2FCF9:t139, leader=null, voted=399079f7-1eb1-4f37-b003-267572525934, raftlog=399079f7-1eb1-4f37-b003-267572525934@group-D40A05E2FCF9-SegmentedRaftLog:OPENED:c-1,f-1,i0, conf=-1: [399079f7-1eb1-4f37-b003-267572525934:192.168.164.241:37762, 7a43c46a-fc88-4b2d-b2da-ae029cfa60ff:192.168.164.241:43684, 6c5c38af-62e6-4ea7-a24a-078dcb28fb39:192.168.164.241:45428], old=null
2019-10-20 18:18:46,007 [grpc-default-executor-3] INFO  impl.RaftServerImpl (RaftServerImpl.java:setRole(184)) - 6ef27e9c-8ddb-4fa1-8c14-ab102acfb1b8@group-F11756C8BA4A: changes role from  FOLLOWER to FOLLOWER at term 145 for recognizeCandidate:b75f8b2e-6273-4c97-b7c5-042674931d23
2019-10-20 18:18:46,007 [grpc-default-executor-7] INFO  impl.RaftServerImpl (RaftServerImpl.java:setRole(184)) - 3750b3a2-715b-46b3-9d0c-9e38136244b9@group-F11756C8BA4A: changes role from  FOLLOWER to FOLLOWER at term 145 for recognizeCandidate:b75f8b2e-6273-4c97-b7c5-042674931d23
2019-10-20 18:18:46,008 [grpc-default-executor-7] INFO  impl.RoleInfo (RoleInfo.java:shutdownFollowerState(121)) - 3750b3a2-715b-46b3-9d0c-9e38136244b9: shutdown FollowerState
2019-10-20 18:18:46,007 [grpc-default-executor-10] INFO  impl.RaftServerImpl (RaftServerImpl.java:setRole(184)) - 7a43c46a-fc88-4b2d-b2da-ae029cfa60ff@group-D40A05E2FCF9: changes role from  FOLLOWER to FOLLOWER at term 139 for recognizeCandidate:399079f7-1eb1-4f37-b003-267572525934
2019-10-20 18:18:46,008 [Thread-2128] INFO  impl.FollowerState (FollowerState.java:run(117)) - 3750b3a2-715b-46b3-9d0c-9e38136244b9@group-F11756C8BA4A-FollowerState was interrupted: java.lang.InterruptedException: sleep interrupted
2019-10-20 18:18:46,008 [grpc-default-executor-7] INFO  impl.RoleInfo (RoleInfo.java:updateAndGet(143)) - 3750b3a2-715b-46b3-9d0c-9e38136244b9: start FollowerState
2019-10-20 18:18:46,008 [grpc-default-executor-5] INFO  impl.RaftServerImpl (RaftServerImpl.java:setRole(184)) - 6c5c38af-62e6-4ea7-a24a-078dcb28fb39@group-D40A05E2FCF9: changes role from  FOLLOWER to FOLLOWER at term 139 for recognizeCandidate:399079f7-1eb1-4f37-b003-267572525934
2019-10-20 18:18:46,009 [grpc-default-executor-5] INFO  impl.RoleInfo (RoleInfo.java:shutdownFollowerState(121)) - 6c5c38af-62e6-4ea7-a24a-078dcb28fb39: shutdown FollowerState
2019-10-20 18:18:46,008 [grpc-default-executor-3] INFO  impl.RoleInfo (RoleInfo.java:shutdownFollowerState(121)) - 6ef27e9c-8ddb-4fa1-8c14-ab102acfb1b8: shutdown FollowerState
2019-10-20 18:18:46,009 [Thread-2133] INFO  impl.FollowerState (FollowerState.java:run(117)) - 6c5c38af-62e6-4ea7-a24a-078dcb28fb39@group-D40A05E2FCF9-FollowerState was interrupted: java.lang.InterruptedException: sleep interrupted
2019-10-20 18:18:46,009 [grpc-default-executor-5] INFO  impl.RoleInfo (RoleInfo.java:updateAndGet(143)) - 6c5c38af-62e6-4ea7-a24a-078dcb28fb39: start FollowerState
2019-10-20 18:18:46,008 [grpc-default-executor-10] INFO  impl.RoleInfo (RoleInfo.java:shutdownFollowerState(121)) - 7a43c46a-fc88-4b2d-b2da-ae029cfa60ff: shutdown FollowerState
2019-10-20 18:18:46,009 [grpc-default-executor-3] INFO  impl.RoleInfo (RoleInfo.java:updateAndGet(143)) - 6ef27e9c-8ddb-4fa1-8c14-ab102acfb1b8: start FollowerState
2019-10-20 18:18:46,009 [Thread-2127] INFO  impl.FollowerState (FollowerState.java:run(117)) - 6ef27e9c-8ddb-4fa1-8c14-ab102acfb1b8@group-F11756C8BA4A-FollowerState was interrupted: java.lang.InterruptedException: sleep interrupted
2019-10-20 18:18:46,010 [Thread-2132] INFO  impl.FollowerState (FollowerState.java:run(117)) - 7a43c46a-fc88-4b2d-b2da-ae029cfa60ff@group-D40A05E2FCF9-FollowerState was interrupted: java.lang.InterruptedException: sleep interrupted
2019-10-20 18:18:46,010 [grpc-default-executor-10] INFO  impl.RoleInfo (RoleInfo.java:updateAndGet(143)) - 7a43c46a-fc88-4b2d-b2da-ae029cfa60ff: start FollowerState
2019-10-20 18:18:46,030 [399079f7-1eb1-4f37-b003-267572525934@group-D40A05E2FCF9-LeaderElection258] INFO  impl.LeaderElection (LeaderElection.java:askForVotes(178)) - 399079f7-1eb1-4f37-b003-267572525934@group-D40A05E2FCF9-LeaderElection258: begin an election at term 140 for -1: [399079f7-1eb1-4f37-b003-267572525934:192.168.164.241:37762, 7a43c46a-fc88-4b2d-b2da-ae029cfa60ff:192.168.164.241:43684, 6c5c38af-62e6-4ea7-a24a-078dcb28fb39:192.168.164.241:45428], old=null
2019-10-20 18:18:46,031 [b75f8b2e-6273-4c97-b7c5-042674931d23@group-F11756C8BA4A-LeaderElection259] INFO  impl.LeaderElection (LeaderElection.java:logAndReturn(56)) - b75f8b2e-6273-4c97-b7c5-042674931d23@group-F11756C8BA4A-LeaderElection259: Election REJECTED; received 2 response(s) [b75f8b2e-6273-4c97-b7c5-042674931d23<-6ef27e9c-8ddb-4fa1-8c14-ab102acfb1b8#0:FAIL-t145, b75f8b2e-6273-4c97-b7c5-042674931d23<-3750b3a2-715b-46b3-9d0c-9e38136244b9#0:FAIL-t145] and 0 exception(s); b75f8b2e-6273-4c97-b7c5-042674931d23@group-F11756C8BA4A:t145, leader=null, voted=b75f8b2e-6273-4c97-b7c5-042674931d23, raftlog=b75f8b2e-6273-4c97-b7c5-042674931d23@group-F11756C8BA4A-SegmentedRaftLog:OPENED:c-1,f-1,i0, conf=-1: [6ef27e9c-8ddb-4fa1-8c14-ab102acfb1b8:192.168.164.241:38092, b75f8b2e-6273-4c97-b7c5-042674931d23:192.168.164.241:41857, 3750b3a2-715b-46b3-9d0c-9e38136244b9:192.168.164.241:46227], old=null
2019-10-20 18:18:46,031 [b75f8b2e-6273-4c97-b7c5-042674931d23@group-F11756C8BA4A-LeaderElection259] INFO  impl.RaftServerImpl (RaftServerImpl.java:setRole(184)) - b75f8b2e-6273-4c97-b7c5-042674931d23@group-F11756C8BA4A: changes role from CANDIDATE to FOLLOWER at term 145 for DISCOVERED_A_NEW_TERM
2019-10-20 18:18:46,032 [b75f8b2e-6273-4c97-b7c5-042674931d23@group-F11756C8BA4A-LeaderElection259] INFO  impl.RoleInfo (RoleInfo.java:shutdownLeaderElection(134)) - b75f8b2e-6273-4c97-b7c5-042674931d23: shutdown LeaderElection
2019-10-20 18:18:46,032 [b75f8b2e-6273-4c97-b7c5-042674931d23@group-F11756C8BA4A-LeaderElection259] INFO  impl.RoleInfo (RoleInfo.java:updateAndGet(143)) - b75f8b2e-6273-4c97-b7c5-042674931d23: start FollowerState
2019-10-20 18:18:46,032 [grpc-default-executor-3] INFO  impl.RaftServerImpl (RaftServerImpl.java:setRole(184)) - 7a43c46a-fc88-4b2d-b2da-ae029cfa60ff@group-D40A05E2FCF9: changes role from  FOLLOWER to FOLLOWER at term 140 for recognizeCandidate:399079f7-1eb1-4f37-b003-267572525934
2019-10-20 18:18:46,032 [grpc-default-executor-3] INFO  impl.RoleInfo (RoleInfo.java:shutdownFollowerState(121)) - 7a43c46a-fc88-4b2d-b2da-ae029cfa60ff: shutdown FollowerState
2019-10-20 18:18:46,032 [grpc-default-executor-3] INFO  impl.RoleInfo (RoleInfo.java:updateAndGet(143)) - 7a43c46a-fc88-4b2d-b2da-ae029cfa60ff: start FollowerState
2019-10-20 18:18:46,032 [Thread-2146] INFO  impl.FollowerState (FollowerState.java:run(117)) - 7a43c46a-fc88-4b2d-b2da-ae029cfa60ff@group-D40A05E2FCF9-FollowerState was interrupted: java.lang.InterruptedException: sleep interrupted
2019-10-20 18:18:46,033 [grpc-default-executor-10] INFO  impl.RaftServerImpl (RaftServerImpl.java:setRole(184)) - 6c5c38af-62e6-4ea7-a24a-078dcb28fb39@group-D40A05E2FCF9: changes role from  FOLLOWER to FOLLOWER at term 140 for recognizeCandidate:399079f7-1eb1-4f37-b003-267572525934
2019-10-20 18:18:46,033 [grpc-default-executor-10] INFO  impl.RoleInfo (RoleInfo.java:shutdownFollowerState(121)) - 6c5c38af-62e6-4ea7-a24a-078dcb28fb39: shutdown FollowerState
2019-10-20 18:18:46,033 [grpc-default-executor-10] INFO  impl.RoleInfo (RoleInfo.java:updateAndGet(143)) - 6c5c38af-62e6-4ea7-a24a-078dcb28fb39: start FollowerState
2019-10-20 18:18:46,033 [Thread-2144] INFO  impl.FollowerState (FollowerState.java:run(117)) - 6c5c38af-62e6-4ea7-a24a-078dcb28fb39@group-D40A05E2FCF9-FollowerState was interrupted: java.lang.InterruptedException: sleep interrupted
2019-10-20 18:18:46,057 [399079f7-1eb1-4f37-b003-267572525934@group-D40A05E2FCF9-LeaderElection258] INFO  impl.LeaderElection (LeaderElection.java:logAndReturn(56)) - 399079f7-1eb1-4f37-b003-267572525934@group-D40A05E2FCF9-LeaderElection258: Election REJECTED; received 2 response(s) [399079f7-1eb1-4f37-b003-267572525934<-7a43c46a-fc88-4b2d-b2da-ae029cfa60ff#0:FAIL-t140, 399079f7-1eb1-4f37-b003-267572525934<-6c5c38af-62e6-4ea7-a24a-078dcb28fb39#0:FAIL-t140] and 0 exception(s); 399079f7-1eb1-4f37-b003-267572525934@group-D40A05E2FCF9:t140, leader=null, voted=399079f7-1eb1-4f37-b003-267572525934, raftlog=399079f7-1eb1-4f37-b003-267572525934@group-D40A05E2FCF9-SegmentedRaftLog:OPENED:c-1,f-1,i0, conf=-1: [399079f7-1eb1-4f37-b003-267572525934:192.168.164.241:37762, 7a43c46a-fc88-4b2d-b2da-ae029cfa60ff:192.168.164.241:43684, 6c5c38af-62e6-4ea7-a24a-078dcb28fb39:192.168.164.241:45428], old=null
2019-10-20 18:18:46,057 [399079f7-1eb1-4f37-b003-267572525934@group-D40A05E2FCF9-LeaderElection258] INFO  impl.RaftServerImpl (RaftServerImpl.java:setRole(184)) - 399079f7-1eb1-4f37-b003-267572525934@group-D40A05E2FCF9: changes role from CANDIDATE to FOLLOWER at term 140 for DISCOVERED_A_NEW_TERM
2019-10-20 18:18:46,057 [399079f7-1eb1-4f37-b003-267572525934@group-D40A05E2FCF9-LeaderElection258] INFO  impl.RoleInfo (RoleInfo.java:shutdownLeaderElection(134)) - 399079f7-1eb1-4f37-b003-267572525934: shutdown LeaderElection
2019-10-20 18:18:46,057 [399079f7-1eb1-4f37-b003-267572525934@group-D40A05E2FCF9-LeaderElection258] INFO  impl.RoleInfo (RoleInfo.java:updateAndGet(143)) - 399079f7-1eb1-4f37-b003-267572525934: start FollowerState
2019-10-20 18:18:46,108 [Thread-2152] INFO  impl.FollowerState (FollowerState.java:run(108)) - 399079f7-1eb1-4f37-b003-267572525934@group-D40A05E2FCF9-FollowerState: change to CANDIDATE, lastRpcTime:50ms, electionTimeout:50ms
2019-10-20 18:18:46,108 [Thread-2152] INFO  impl.RoleInfo (RoleInfo.java:shutdownFollowerState(121)) - 399079f7-1eb1-4f37-b003-267572525934: shutdown FollowerState
2019-10-20 18:18:46,108 [Thread-2152] INFO  impl.RaftServerImpl (RaftServerImpl.java:setRole(184)) - 399079f7-1eb1-4f37-b003-267572525934@group-D40A05E2FCF9: changes role from  FOLLOWER to CANDIDATE at term 140 for changeToCandidate
2019-10-20 18:18:46,109 [Thread-2152] INFO  impl.RoleInfo (RoleInfo.java:updateAndGet(143)) - 399079f7-1eb1-4f37-b003-267572525934: start LeaderElection
2019-10-20 18:18:46,112 [Thread-2149] INFO  impl.FollowerState (FollowerState.java:run(108)) - b75f8b2e-6273-4c97-b7c5-042674931d23@group-F11756C8BA4A-FollowerState: change to CANDIDATE, lastRpcTime:80ms, electionTimeout:80ms
2019-10-20 18:18:46,112 [Thread-2149] INFO  impl.RoleInfo (RoleInfo.java:shutdownFollowerState(121)) - b75f8b2e-6273-4c97-b7c5-042674931d23: shutdown FollowerState
2019-10-20 18:18:46,112 [Thread-2149] INFO  impl.RaftServerImpl (RaftServerImpl.java:setRole(184)) - b75f8b2e-6273-4c97-b7c5-042674931d23@group-F11756C8BA4A: changes role from  FOLLOWER to CANDIDATE at term 145 for changeToCandidate
2019-10-20 18:18:46,113 [Thread-2149] INFO  impl.RoleInfo (RoleInfo.java:updateAndGet(143)) - b75f8b2e-6273-4c97-b7c5-042674931d23: start LeaderElection
2019-10-20 18:18:46,139 [b75f8b2e-6273-4c97-b7c5-042674931d23@group-F11756C8BA4A-LeaderElection261] INFO  impl.LeaderElection (LeaderElection.java:askForVotes(178)) - b75f8b2e-6273-4c97-b7c5-042674931d23@group-F11756C8BA4A-LeaderElection261: begin an election at term 146 for -1: [6ef27e9c-8ddb-4fa1-8c14-ab102acfb1b8:192.168.164.241:38092, b75f8b2e-6273-4c97-b7c5-042674931d23:192.168.164.241:41857, 3750b3a2-715b-46b3-9d0c-9e38136244b9:192.168.164.241:46227], old=null
2019-10-20 18:18:46,139 [399079f7-1eb1-4f37-b003-267572525934@group-D40A05E2FCF9-LeaderElection260] INFO  impl.LeaderElection (LeaderElection.java:askForVotes(178)) - 399079f7-1eb1-4f37-b003-267572525934@group-D40A05E2FCF9-LeaderElection260: begin an election at term 141 for -1: [399079f7-1eb1-4f37-b003-267572525934:192.168.164.241:37762, 7a43c46a-fc88-4b2d-b2da-ae029cfa60ff:192.168.164.241:43684, 6c5c38af-62e6-4ea7-a24a-078dcb28fb39:192.168.164.241:45428], old=null
2019-10-20 18:18:46,141 [grpc-default-executor-10] INFO  impl.RaftServerImpl (RaftServerImpl.java:setRole(184)) - 6ef27e9c-8ddb-4fa1-8c14-ab102acfb1b8@group-F11756C8BA4A: changes role from  FOLLOWER to FOLLOWER at term 146 for recognizeCandidate:b75f8b2e-6273-4c97-b7c5-042674931d23
2019-10-20 18:18:46,141 [grpc-default-executor-10] INFO  impl.RoleInfo (RoleInfo.java:shutdownFollowerState(121)) - 6ef27e9c-8ddb-4fa1-8c14-ab102acfb1b8: shutdown FollowerState
2019-10-20 18:18:46,141 [grpc-default-executor-10] INFO  impl.RoleInfo (RoleInfo.java:updateAndGet(143)) - 6ef27e9c-8ddb-4fa1-8c14-ab102acfb1b8: start FollowerState
2019-10-20 18:18:46,141 [grpc-default-executor-3] INFO  impl.RaftServerImpl (RaftServerImpl.java:setRole(184)) - 6c5c38af-62e6-4ea7-a24a-078dcb28fb39@group-D40A05E2FCF9: changes role from  FOLLOWER to FOLLOWER at term 141 for recognizeCandidate:399079f7-1eb1-4f37-b003-267572525934
2019-10-20 18:18:46,142 [grpc-default-executor-3] INFO  impl.RoleInfo (RoleInfo.java:shutdownFollowerState(121)) - 6c5c38af-62e6-4ea7-a24a-078dcb28fb39: shutdown FollowerState
2019-10-20 18:18:46,141 [Thread-2145] INFO  impl.FollowerState (FollowerState.java:run(117)) - 6ef27e9c-8ddb-4fa1-8c14-ab102acfb1b8@group-F11756C8BA4A-FollowerState was interrupted: java.lang.InterruptedException: sleep interrupted
2019-10-20 18:18:46,142 [Thread-2151] INFO  impl.FollowerState (FollowerState.java:run(117)) - 6c5c38af-62e6-4ea7-a24a-078dcb28fb39@group-D40A05E2FCF9-FollowerState was interrupted: java.lang.InterruptedException: sleep interrupted
2019-10-20 18:18:46,142 [grpc-default-executor-3] INFO  impl.RoleInfo (RoleInfo.java:updateAndGet(143)) - 6c5c38af-62e6-4ea7-a24a-078dcb28fb39: start FollowerState
2019-10-20 18:18:46,142 [grpc-default-executor-5] INFO  impl.RaftServerImpl (RaftServerImpl.java:setRole(184)) - 3750b3a2-715b-46b3-9d0c-9e38136244b9@group-F11756C8BA4A: changes role from  FOLLOWER to FOLLOWER at term 146 for recognizeCandidate:b75f8b2e-6273-4c97-b7c5-042674931d23
2019-10-20 18:18:46,142 [grpc-default-executor-5] INFO  impl.RoleInfo (RoleInfo.java:shutdownFollowerState(121)) - 3750b3a2-715b-46b3-9d0c-9e38136244b9: shutdown FollowerState
2019-10-20 18:18:46,143 [grpc-default-executor-7] INFO  impl.RaftServerImpl (RaftServerImpl.java:setRole(184)) - 7a43c46a-fc88-4b2d-b2da-ae029cfa60ff@group-D40A05E2FCF9: changes role from  FOLLOWER to FOLLOWER at term 141 for recognizeCandidate:399079f7-1eb1-4f37-b003-267572525934
2019-10-20 18:18:46,143 [Thread-2143] INFO  impl.FollowerState (FollowerState.java:run(117)) - 3750b3a2-715b-46b3-9d0c-9e38136244b9@group-F11756C8BA4A-FollowerState was interrupted: java.lang.InterruptedException: sleep interrupted
2019-10-20 18:18:46,143 [grpc-default-executor-5] INFO  impl.RoleInfo (RoleInfo.java:updateAndGet(143)) - 3750b3a2-715b-46b3-9d0c-9e38136244b9: start FollowerState
2019-10-20 18:18:46,143 [grpc-default-executor-7] INFO  impl.RoleInfo (RoleInfo.java:shutdownFollowerState(121)) - 7a43c46a-fc88-4b2d-b2da-ae029cfa60ff: shutdown FollowerState
2019-10-20 18:18:46,143 [grpc-default-executor-7] INFO  impl.RoleInfo (RoleInfo.java:updateAndGet(143)) - 7a43c46a-fc88-4b2d-b2da-ae029cfa60ff: start FollowerState
2019-10-20 18:18:46,143 [Thread-2150] INFO  impl.FollowerState (FollowerState.java:run(117)) - 7a43c46a-fc88-4b2d-b2da-ae029cfa60ff@group-D40A05E2FCF9-FollowerState was interrupted: java.lang.InterruptedException: sleep interrupted
2019-10-20 18:18:46,161 [399079f7-1eb1-4f37-b003-267572525934@group-D40A05E2FCF9-LeaderElection260] INFO  impl.LeaderElection (LeaderElection.java:logAndReturn(56)) - 399079f7-1eb1-4f37-b003-267572525934@group-D40A05E2FCF9-LeaderElection260: Election TIMEOUT; received 0 response(s) [] and 0 exception(s); 399079f7-1eb1-4f37-b003-267572525934@group-D40A05E2FCF9:t141, leader=null, voted=399079f7-1eb1-4f37-b003-267572525934, raftlog=399079f7-1eb1-4f37-b003-267572525934@group-D40A05E2FCF9-SegmentedRaftLog:OPENED:c-1,f-1,i0, conf=-1: [399079f7-1eb1-4f37-b003-267572525934:192.168.164.241:37762, 7a43c46a-fc88-4b2d-b2da-ae029cfa60ff:192.168.164.241:43684, 6c5c38af-62e6-4ea7-a24a-078dcb28fb39:192.168.164.241:45428], old=null
2019-10-20 18:18:46,165 [b75f8b2e-6273-4c97-b7c5-042674931d23@group-F11756C8BA4A-LeaderElection261] INFO  impl.LeaderElection (LeaderElection.java:logAndReturn(56)) - b75f8b2e-6273-4c97-b7c5-042674931d23@group-F11756C8BA4A-LeaderElection261: Election REJECTED; received 2 response(s) [b75f8b2e-6273-4c97-b7c5-042674931d23<-6ef27e9c-8ddb-4fa1-8c14-ab102acfb1b8#0:FAIL-t146, b75f8b2e-6273-4c97-b7c5-042674931d23<-3750b3a2-715b-46b3-9d0c-9e38136244b9#0:FAIL-t146] and 0 exception(s); b75f8b2e-6273-4c97-b7c5-042674931d23@group-F11756C8BA4A:t146, leader=null, voted=b75f8b2e-6273-4c97-b7c5-042674931d23, raftlog=b75f8b2e-6273-4c97-b7c5-042674931d23@group-F11756C8BA4A-SegmentedRaftLog:OPENED:c-1,f-1,i0, conf=-1: [6ef27e9c-8ddb-4fa1-8c14-ab102acfb1b8:192.168.164.241:38092, b75f8b2e-6273-4c97-b7c5-042674931d23:192.168.164.241:41857, 3750b3a2-715b-46b3-9d0c-9e38136244b9:192.168.164.241:46227], old=null
2019-10-20 18:18:46,165 [b75f8b2e-6273-4c97-b7c5-042674931d23@group-F11756C8BA4A-LeaderElection261] INFO  impl.RaftServerImpl (RaftServerImpl.java:setRole(184)) - b75f8b2e-6273-4c97-b7c5-042674931d23@group-F11756C8BA4A: changes role from CANDIDATE to FOLLOWER at term 146 for DISCOVERED_A_NEW_TERM
2019-10-20 18:18:46,166 [b75f8b2e-6273-4c97-b7c5-042674931d23@group-F11756C8BA4A-LeaderElection261] INFO  impl.RoleInfo (RoleInfo.java:shutdownLeaderElection(134)) - b75f8b2e-6273-4c97-b7c5-042674931d23: shutdown LeaderElection
2019-10-20 18:18:46,166 [b75f8b2e-6273-4c97-b7c5-042674931d23@group-F11756C8BA4A-LeaderElection261] INFO  impl.RoleInfo (RoleInfo.java:updateAndGet(143)) - b75f8b2e-6273-4c97-b7c5-042674931d23: start FollowerState
2019-10-20 18:18:46,190 [399079f7-1eb1-4f37-b003-267572525934@group-D40A05E2FCF9-LeaderElection260] INFO  impl.LeaderElection (LeaderElection.java:askForVotes(178)) - 399079f7-1eb1-4f37-b003-267572525934@group-D40A05E2FCF9-LeaderElection260: begin an election at term 142 for -1: [399079f7-1eb1-4f37-b003-267572525934:192.168.164.241:37762, 7a43c46a-fc88-4b2d-b2da-ae029cfa60ff:192.168.164.241:43684, 6c5c38af-62e6-4ea7-a24a-078dcb28fb39:192.168.164.241:45428], old=null
2019-10-20 18:18:46,191 [grpc-default-executor-5] INFO  impl.RaftServerImpl (RaftServerImpl.java:setRole(184)) - 7a43c46a-fc88-4b2d-b2da-ae029cfa60ff@group-D40A05E2FCF9: changes role from  FOLLOWER to FOLLOWER at term 142 for recognizeCandidate:399079f7-1eb1-4f37-b003-267572525934
2019-10-20 18:18:46,191 [grpc-default-executor-5] INFO  impl.RoleInfo (RoleInfo.java:shutdownFollowerState(121)) - 7a43c46a-fc88-4b2d-b2da-ae029cfa60ff: shutdown FollowerState
2019-10-20 18:18:46,192 [grpc-default-executor-5] INFO  impl.RoleInfo (RoleInfo.java:updateAndGet(143)) - 7a43c46a-fc88-4b2d-b2da-ae029cfa60ff: start FollowerState
2019-10-20 18:18:46,192 [Thread-2162] INFO  impl.FollowerState (FollowerState.java:run(117)) - 7a43c46a-fc88-4b2d-b2da-ae029cfa60ff@group-D40A05E2FCF9-FollowerState was interrupted: java.lang.InterruptedException: sleep interrupted
2019-10-20 18:18:46,192 [grpc-default-executor-7] INFO  impl.RaftServerImpl (RaftServerImpl.java:setRole(184)) - 6c5c38af-62e6-4ea7-a24a-078dcb28fb39@group-D40A05E2FCF9: changes role from  FOLLOWER to FOLLOWER at term 142 for recognizeCandidate:399079f7-1eb1-4f37-b003-267572525934
2019-10-20 18:18:46,192 [grpc-default-executor-7] INFO  impl.RoleInfo (RoleInfo.java:shutdownFollowerState(121)) - 6c5c38af-62e6-4ea7-a24a-078dcb28fb39: shutdown FollowerState
2019-10-20 18:18:46,192 [grpc-default-executor-7] INFO  impl.RoleInfo (RoleInfo.java:updateAndGet(143)) - 6c5c38af-62e6-4ea7-a24a-078dcb28fb39: start FollowerState
2019-10-20 18:18:46,192 [Thread-2160] INFO  impl.FollowerState (FollowerState.java:run(117)) - 6c5c38af-62e6-4ea7-a24a-078dcb28fb39@group-D40A05E2FCF9-FollowerState was interrupted: java.lang.InterruptedException: sleep interrupted
2019-10-20 18:18:46,216 [399079f7-1eb1-4f37-b003-267572525934@group-D40A05E2FCF9-LeaderElection260] INFO  impl.LeaderElection (LeaderElection.java:logAndReturn(56)) - 399079f7-1eb1-4f37-b003-267572525934@group-D40A05E2FCF9-LeaderElection260: Election REJECTED; received 2 response(s) [399079f7-1eb1-4f37-b003-267572525934<-7a43c46a-fc88-4b2d-b2da-ae029cfa60ff#0:FAIL-t142, 399079f7-1eb1-4f37-b003-267572525934<-6c5c38af-62e6-4ea7-a24a-078dcb28fb39#0:FAIL-t142] and 0 exception(s); 399079f7-1eb1-4f37-b003-267572525934@group-D40A05E2FCF9:t142, leader=null, voted=399079f7-1eb1-4f37-b003-267572525934, raftlog=399079f7-1eb1-4f37-b003-267572525934@group-D40A05E2FCF9-SegmentedRaftLog:OPENED:c-1,f-1,i0, conf=-1: [399079f7-1eb1-4f37-b003-267572525934:192.168.164.241:37762, 7a43c46a-fc88-4b2d-b2da-ae029cfa60ff:192.168.164.241:43684, 6c5c38af-62e6-4ea7-a24a-078dcb28fb39:192.168.164.241:45428], old=null
2019-10-20 18:18:46,216 [399079f7-1eb1-4f37-b003-267572525934@group-D40A05E2FCF9-LeaderElection260] INFO  impl.RaftServerImpl (RaftServerImpl.java:setRole(184)) - 399079f7-1eb1-4f37-b003-267572525934@group-D40A05E2FCF9: changes role from CANDIDATE to FOLLOWER at term 142 for DISCOVERED_A_NEW_TERM
2019-10-20 18:18:46,216 [399079f7-1eb1-4f37-b003-267572525934@group-D40A05E2FCF9-LeaderElection260] INFO  impl.RoleInfo (RoleInfo.java:shutdownLeaderElection(134)) - 399079f7-1eb1-4f37-b003-267572525934: shutdown LeaderElection
2019-10-20 18:18:46,216 [399079f7-1eb1-4f37-b003-267572525934@group-D40A05E2FCF9-LeaderElection260] INFO  impl.RoleInfo (RoleInfo.java:updateAndGet(143)) - 399079f7-1eb1-4f37-b003-267572525934: start FollowerState
2019-10-20 18:18:46,225 [Thread-2163] INFO  impl.FollowerState (FollowerState.java:run(108)) - b75f8b2e-6273-4c97-b7c5-042674931d23@group-F11756C8BA4A-FollowerState: change to CANDIDATE, lastRpcTime:59ms, electionTimeout:59ms
2019-10-20 18:18:46,225 [Thread-2163] INFO  impl.RoleInfo (RoleInfo.java:shutdownFollowerState(121)) - b75f8b2e-6273-4c97-b7c5-042674931d23: shutdown FollowerState
2019-10-20 18:18:46,225 [Thread-2163] INFO  impl.RaftServerImpl (RaftServerImpl.java:setRole(184)) - b75f8b2e-6273-4c97-b7c5-042674931d23@group-F11756C8BA4A: changes role from  FOLLOWER to CANDIDATE at term 146 for changeToCandidate
2019-10-20 18:18:46,225 [Thread-2163] INFO  impl.RoleInfo (RoleInfo.java:updateAndGet(143)) - b75f8b2e-6273-4c97-b7c5-042674931d23: start LeaderElection
2019-10-20 18:18:46,249 [b75f8b2e-6273-4c97-b7c5-042674931d23@group-F11756C8BA4A-LeaderElection262] INFO  impl.LeaderElection (LeaderElection.java:askForVotes(178)) - b75f8b2e-6273-4c97-b7c5-042674931d23@group-F11756C8BA4A-LeaderElection262: begin an election at term 147 for -1: [6ef27e9c-8ddb-4fa1-8c14-ab102acfb1b8:192.168.164.241:38092, b75f8b2e-6273-4c97-b7c5-042674931d23:192.168.164.241:41857, 3750b3a2-715b-46b3-9d0c-9e38136244b9:192.168.164.241:46227], old=null
2019-10-20 18:18:46,251 [grpc-default-executor-7] INFO  impl.RaftServerImpl (RaftServerImpl.java:setRole(184)) - 6ef27e9c-8ddb-4fa1-8c14-ab102acfb1b8@group-F11756C8BA4A: changes role from  FOLLOWER to FOLLOWER at term 147 for recognizeCandidate:b75f8b2e-6273-4c97-b7c5-042674931d23
2019-10-20 18:18:46,251 [grpc-default-executor-7] INFO  impl.RoleInfo (RoleInfo.java:shutdownFollowerState(121)) - 6ef27e9c-8ddb-4fa1-8c14-ab102acfb1b8: shutdown FollowerState
2019-10-20 18:18:46,251 [grpc-default-executor-7] INFO  impl.RoleInfo (RoleInfo.java:updateAndGet(143)) - 6ef27e9c-8ddb-4fa1-8c14-ab102acfb1b8: start FollowerState
2019-10-20 18:18:46,251 [Thread-2159] INFO  impl.FollowerState (FollowerState.java:run(117)) - 6ef27e9c-8ddb-4fa1-8c14-ab102acfb1b8@group-F11756C8BA4A-FollowerState was interrupted: java.lang.InterruptedException: sleep interrupted
2019-10-20 18:18:46,251 [grpc-default-executor-5] INFO  impl.RaftServerImpl (RaftServerImpl.java:setRole(184)) - 3750b3a2-715b-46b3-9d0c-9e38136244b9@group-F11756C8BA4A: changes role from  FOLLOWER to FOLLOWER at term 147 for recognizeCandidate:b75f8b2e-6273-4c97-b7c5-042674931d23
2019-10-20 18:18:46,252 [grpc-default-executor-5] INFO  impl.RoleInfo (RoleInfo.java:shutdownFollowerState(121)) - 3750b3a2-715b-46b3-9d0c-9e38136244b9: shutdown FollowerState
2019-10-20 18:18:46,252 [Thread-2161] INFO  impl.FollowerState (FollowerState.java:run(117)) - 3750b3a2-715b-46b3-9d0c-9e38136244b9@group-F11756C8BA4A-FollowerState was interrupted: java.lang.InterruptedException: sleep interrupted
2019-10-20 18:18:46,252 [grpc-default-executor-5] INFO  impl.RoleInfo (RoleInfo.java:updateAndGet(143)) - 3750b3a2-715b-46b3-9d0c-9e38136244b9: start FollowerState
2019-10-20 18:18:46,275 [b75f8b2e-6273-4c97-b7c5-042674931d23@group-F11756C8BA4A-LeaderElection262] INFO  impl.LeaderElection (LeaderElection.java:logAndReturn(56)) - b75f8b2e-6273-4c97-b7c5-042674931d23@group-F11756C8BA4A-LeaderElection262: Election REJECTED; received 2 response(s) [b75f8b2e-6273-4c97-b7c5-042674931d23<-6ef27e9c-8ddb-4fa1-8c14-ab102acfb1b8#0:FAIL-t147, b75f8b2e-6273-4c97-b7c5-042674931d23<-3750b3a2-715b-46b3-9d0c-9e38136244b9#0:FAIL-t147] and 0 exception(s); b75f8b2e-6273-4c97-b7c5-042674931d23@group-F11756C8BA4A:t147, leader=null, voted=b75f8b2e-6273-4c97-b7c5-042674931d23, raftlog=b75f8b2e-6273-4c97-b7c5-042674931d23@group-F11756C8BA4A-SegmentedRaftLog:OPENED:c-1,f-1,i0, conf=-1: [6ef27e9c-8ddb-4fa1-8c14-ab102acfb1b8:192.168.164.241:38092, b75f8b2e-6273-4c97-b7c5-042674931d23:192.168.164.241:41857, 3750b3a2-715b-46b3-9d0c-9e38136244b9:192.168.164.241:46227], old=null
2019-10-20 18:18:46,276 [b75f8b2e-6273-4c97-b7c5-042674931d23@group-F11756C8BA4A-LeaderElection262] INFO  impl.RaftServerImpl (RaftServerImpl.java:setRole(184)) - b75f8b2e-6273-4c97-b7c5-042674931d23@group-F11756C8BA4A: changes role from CANDIDATE to FOLLOWER at term 147 for DISCOVERED_A_NEW_TERM
2019-10-20 18:18:46,276 [b75f8b2e-6273-4c97-b7c5-042674931d23@group-F11756C8BA4A-LeaderElection262] INFO  impl.RoleInfo (RoleInfo.java:shutdownLeaderElection(134)) - b75f8b2e-6273-4c97-b7c5-042674931d23: shutdown LeaderElection
2019-10-20 18:18:46,276 [b75f8b2e-6273-4c97-b7c5-042674931d23@group-F11756C8BA4A-LeaderElection262] INFO  impl.RoleInfo (RoleInfo.java:updateAndGet(143)) - b75f8b2e-6273-4c97-b7c5-042674931d23: start FollowerState
2019-10-20 18:18:46,323 [Thread-2168] INFO  impl.FollowerState (FollowerState.java:run(108)) - 399079f7-1eb1-4f37-b003-267572525934@group-D40A05E2FCF9-FollowerState: change to CANDIDATE, lastRpcTime:106ms, electionTimeout:106ms
2019-10-20 18:18:46,323 [Thread-2168] INFO  impl.RoleInfo (RoleInfo.java:shutdownFollowerState(121)) - 399079f7-1eb1-4f37-b003-267572525934: shutdown FollowerState
2019-10-20 18:18:46,323 [Thread-2168] INFO  impl.RaftServerImpl (RaftServerImpl.java:setRole(184)) - 399079f7-1eb1-4f37-b003-267572525934@group-D40A05E2FCF9: changes role from  FOLLOWER to CANDIDATE at term 142 for changeToCandidate
2019-10-20 18:18:46,323 [Thread-2168] INFO  impl.RoleInfo (RoleInfo.java:updateAndGet(143)) - 399079f7-1eb1-4f37-b003-267572525934: start LeaderElection
2019-10-20 18:18:46,351 [399079f7-1eb1-4f37-b003-267572525934@group-D40A05E2FCF9-LeaderElection263] INFO  impl.LeaderElection (LeaderElection.java:askForVotes(178)) - 399079f7-1eb1-4f37-b003-267572525934@group-D40A05E2FCF9-LeaderElection263: begin an election at term 143 for -1: [399079f7-1eb1-4f37-b003-267572525934:192.168.164.241:37762, 7a43c46a-fc88-4b2d-b2da-ae029cfa60ff:192.168.164.241:43684, 6c5c38af-62e6-4ea7-a24a-078dcb28fb39:192.168.164.241:45428], old=null
2019-10-20 18:18:46,353 [grpc-default-executor-5] INFO  impl.RaftServerImpl (RaftServerImpl.java:setRole(184)) - 7a43c46a-fc88-4b2d-b2da-ae029cfa60ff@group-D40A05E2FCF9: changes role from  FOLLOWER to FOLLOWER at term 143 for recognizeCandidate:399079f7-1eb1-4f37-b003-267572525934
2019-10-20 18:18:46,353 [grpc-default-executor-5] INFO  impl.RoleInfo (RoleInfo.java:shutdownFollowerState(121)) - 7a43c46a-fc88-4b2d-b2da-ae029cfa60ff: shutdown FollowerState
2019-10-20 18:18:46,353 [grpc-default-executor-5] INFO  impl.RoleInfo (RoleInfo.java:updateAndGet(143)) - 7a43c46a-fc88-4b2d-b2da-ae029cfa60ff: start FollowerState
2019-10-20 18:18:46,353 [Thread-2166] INFO  impl.FollowerState (FollowerState.java:run(117)) - 7a43c46a-fc88-4b2d-b2da-ae029cfa60ff@group-D40A05E2FCF9-FollowerState was interrupted: java.lang.InterruptedException: sleep interrupted
2019-10-20 18:18:46,353 [grpc-default-executor-7] INFO  impl.RaftServerImpl (RaftServerImpl.java:setRole(184)) - 6c5c38af-62e6-4ea7-a24a-078dcb28fb39@group-D40A05E2FCF9: changes role from  FOLLOWER to FOLLOWER at term 143 for recognizeCandidate:399079f7-1eb1-4f37-b003-267572525934
2019-10-20 18:18:46,354 [grpc-default-executor-7] INFO  impl.RoleInfo (RoleInfo.java:shutdownFollowerState(121)) - 6c5c38af-62e6-4ea7-a24a-078dcb28fb39: shutdown FollowerState
2019-10-20 18:18:46,354 [grpc-default-executor-7] INFO  impl.RoleInfo (RoleInfo.java:updateAndGet(143)) - 6c5c38af-62e6-4ea7-a24a-078dcb28fb39: start FollowerState
2019-10-20 18:18:46,354 [Thread-2167] INFO  impl.FollowerState (FollowerState.java:run(117)) - 6c5c38af-62e6-4ea7-a24a-078dcb28fb39@group-D40A05E2FCF9-FollowerState was interrupted: java.lang.InterruptedException: sleep interrupted
2019-10-20 18:18:46,378 [399079f7-1eb1-4f37-b003-267572525934@group-D40A05E2FCF9-LeaderElection263] INFO  impl.LeaderElection (LeaderElection.java:logAndReturn(56)) - 399079f7-1eb1-4f37-b003-267572525934@group-D40A05E2FCF9-LeaderElection263: Election REJECTED; received 2 response(s) [399079f7-1eb1-4f37-b003-267572525934<-7a43c46a-fc88-4b2d-b2da-ae029cfa60ff#0:FAIL-t143, 399079f7-1eb1-4f37-b003-267572525934<-6c5c38af-62e6-4ea7-a24a-078dcb28fb39#0:FAIL-t143] and 0 exception(s); 399079f7-1eb1-4f37-b003-267572525934@group-D40A05E2FCF9:t143, leader=null, voted=399079f7-1eb1-4f37-b003-267572525934, raftlog=399079f7-1eb1-4f37-b003-267572525934@group-D40A05E2FCF9-SegmentedRaftLog:OPENED:c-1,f-1,i0, conf=-1: [399079f7-1eb1-4f37-b003-267572525934:192.168.164.241:37762, 7a43c46a-fc88-4b2d-b2da-ae029cfa60ff:192.168.164.241:43684, 6c5c38af-62e6-4ea7-a24a-078dcb28fb39:192.168.164.241:45428], old=null
2019-10-20 18:18:46,378 [399079f7-1eb1-4f37-b003-267572525934@group-D40A05E2FCF9-LeaderElection263] INFO  impl.RaftServerImpl (RaftServerImpl.java:setRole(184)) - 399079f7-1eb1-4f37-b003-267572525934@group-D40A05E2FCF9: changes role from CANDIDATE to FOLLOWER at term 143 for DISCOVERED_A_NEW_TERM
2019-10-20 18:18:46,378 [399079f7-1eb1-4f37-b003-267572525934@group-D40A05E2FCF9-LeaderElection263] INFO  impl.RoleInfo (RoleInfo.java:shutdownLeaderElection(134)) - 399079f7-1eb1-4f37-b003-267572525934: shutdown LeaderElection
2019-10-20 18:18:46,378 [399079f7-1eb1-4f37-b003-267572525934@group-D40A05E2FCF9-LeaderElection263] INFO  impl.RoleInfo (RoleInfo.java:updateAndGet(143)) - 399079f7-1eb1-4f37-b003-267572525934: start FollowerState
2019-10-20 18:18:46,463 [Thread-2174] INFO  impl.FollowerState (FollowerState.java:run(108)) - b75f8b2e-6273-4c97-b7c5-042674931d23@group-F11756C8BA4A-FollowerState: change to CANDIDATE, lastRpcTime:187ms, electionTimeout:187ms
2019-10-20 18:18:46,463 [Thread-2174] INFO  impl.RoleInfo (RoleInfo.java:shutdownFollowerState(121)) - b75f8b2e-6273-4c97-b7c5-042674931d23: shutdown FollowerState
2019-10-20 18:18:46,463 [Thread-2174] INFO  impl.RaftServerImpl (RaftServerImpl.java:setRole(184)) - b75f8b2e-6273-4c97-b7c5-042674931d23@group-F11756C8BA4A: changes role from  FOLLOWER to CANDIDATE at term 147 for changeToCandidate
2019-10-20 18:18:46,463 [Thread-2174] INFO  impl.RoleInfo (RoleInfo.java:updateAndGet(143)) - b75f8b2e-6273-4c97-b7c5-042674931d23: start LeaderElection
2019-10-20 18:18:46,486 [b75f8b2e-6273-4c97-b7c5-042674931d23@group-F11756C8BA4A-LeaderElection264] INFO  impl.LeaderElection (LeaderElection.java:askForVotes(178)) - b75f8b2e-6273-4c97-b7c5-042674931d23@group-F11756C8BA4A-LeaderElection264: begin an election at term 148 for -1: [6ef27e9c-8ddb-4fa1-8c14-ab102acfb1b8:192.168.164.241:38092, b75f8b2e-6273-4c97-b7c5-042674931d23:192.168.164.241:41857, 3750b3a2-715b-46b3-9d0c-9e38136244b9:192.168.164.241:46227], old=null
2019-10-20 18:18:46,487 [grpc-default-executor-7] INFO  impl.RaftServerImpl (RaftServerImpl.java:setRole(184)) - 6ef27e9c-8ddb-4fa1-8c14-ab102acfb1b8@group-F11756C8BA4A: changes role from  FOLLOWER to FOLLOWER at term 148 for recognizeCandidate:b75f8b2e-6273-4c97-b7c5-042674931d23
2019-10-20 18:18:46,487 [grpc-default-executor-7] INFO  impl.RoleInfo (RoleInfo.java:shutdownFollowerState(121)) - 6ef27e9c-8ddb-4fa1-8c14-ab102acfb1b8: shutdown FollowerState
2019-10-20 18:18:46,487 [grpc-default-executor-5] INFO  impl.RaftServerImpl (RaftServerImpl.java:setRole(184)) - 3750b3a2-715b-46b3-9d0c-9e38136244b9@group-F11756C8BA4A: changes role from  FOLLOWER to FOLLOWER at term 148 for recognizeCandidate:b75f8b2e-6273-4c97-b7c5-042674931d23
2019-10-20 18:18:46,487 [grpc-default-executor-5] INFO  impl.RoleInfo (RoleInfo.java:shutdownFollowerState(121)) - 3750b3a2-715b-46b3-9d0c-9e38136244b9: shutdown FollowerState
2019-10-20 18:18:46,487 [Thread-2172] INFO  impl.FollowerState (FollowerState.java:run(117)) - 6ef27e9c-8ddb-4fa1-8c14-ab102acfb1b8@group-F11756C8BA4A-FollowerState was interrupted: java.lang.InterruptedException: sleep interrupted
2019-10-20 18:18:46,487 [grpc-default-executor-7] INFO  impl.RoleInfo (RoleInfo.java:updateAndGet(143)) - 6ef27e9c-8ddb-4fa1-8c14-ab102acfb1b8: start FollowerState
2019-10-20 18:18:46,488 [Thread-2173] INFO  impl.FollowerState (FollowerState.java:run(117)) - 3750b3a2-715b-46b3-9d0c-9e38136244b9@group-F11756C8BA4A-FollowerState was interrupted: java.lang.InterruptedException: sleep interrupted
2019-10-20 18:18:46,488 [grpc-default-executor-5] INFO  impl.RoleInfo (RoleInfo.java:updateAndGet(143)) - 3750b3a2-715b-46b3-9d0c-9e38136244b9: start FollowerState
2019-10-20 18:18:46,489 [b75f8b2e-6273-4c97-b7c5-042674931d23@group-F11756C8BA4A-LeaderElection264] INFO  impl.LeaderElection (LeaderElection.java:logAndReturn(56)) - b75f8b2e-6273-4c97-b7c5-042674931d23@group-F11756C8BA4A-LeaderElection264: Election TIMEOUT; received 0 response(s) [] and 0 exception(s); b75f8b2e-6273-4c97-b7c5-042674931d23@group-F11756C8BA4A:t148, leader=null, voted=b75f8b2e-6273-4c97-b7c5-042674931d23, raftlog=b75f8b2e-6273-4c97-b7c5-042674931d23@group-F11756C8BA4A-SegmentedRaftLog:OPENED:c-1,f-1,i0, conf=-1: [6ef27e9c-8ddb-4fa1-8c14-ab102acfb1b8:192.168.164.241:38092, b75f8b2e-6273-4c97-b7c5-042674931d23:192.168.164.241:41857, 3750b3a2-715b-46b3-9d0c-9e38136244b9:192.168.164.241:46227], old=null
2019-10-20 18:18:46,504 [Thread-2180] INFO  impl.FollowerState (FollowerState.java:run(108)) - 399079f7-1eb1-4f37-b003-267572525934@group-D40A05E2FCF9-FollowerState: change to CANDIDATE, lastRpcTime:125ms, electionTimeout:125ms
2019-10-20 18:18:46,504 [Thread-2180] INFO  impl.RoleInfo (RoleInfo.java:shutdownFollowerState(121)) - 399079f7-1eb1-4f37-b003-267572525934: shutdown FollowerState
2019-10-20 18:18:46,504 [Thread-2180] INFO  impl.RaftServerImpl (RaftServerImpl.java:setRole(184)) - 399079f7-1eb1-4f37-b003-267572525934@group-D40A05E2FCF9: changes role from  FOLLOWER to CANDIDATE at term 143 for changeToCandidate
2019-10-20 18:18:46,504 [Thread-2180] INFO  impl.RoleInfo (RoleInfo.java:updateAndGet(143)) - 399079f7-1eb1-4f37-b003-267572525934: start LeaderElection
2019-10-20 18:18:46,511 [b75f8b2e-6273-4c97-b7c5-042674931d23@group-F11756C8BA4A-LeaderElection264] INFO  impl.LeaderElection (LeaderElection.java:askForVotes(178)) - b75f8b2e-6273-4c97-b7c5-042674931d23@group-F11756C8BA4A-LeaderElection264: begin an election at term 149 for -1: [6ef27e9c-8ddb-4fa1-8c14-ab102acfb1b8:192.168.164.241:38092, b75f8b2e-6273-4c97-b7c5-042674931d23:192.168.164.241:41857, 3750b3a2-715b-46b3-9d0c-9e38136244b9:192.168.164.241:46227], old=null
2019-10-20 18:18:46,512 [grpc-default-executor-5] INFO  impl.RaftServerImpl (RaftServerImpl.java:setRole(184)) - 6ef27e9c-8ddb-4fa1-8c14-ab102acfb1b8@group-F11756C8BA4A: changes role from  FOLLOWER to FOLLOWER at term 149 for recognizeCandidate:b75f8b2e-6273-4c97-b7c5-042674931d23
2019-10-20 18:18:46,513 [grpc-default-executor-5] INFO  impl.RoleInfo (RoleInfo.java:shutdownFollowerState(121)) - 6ef27e9c-8ddb-4fa1-8c14-ab102acfb1b8: shutdown FollowerState
2019-10-20 18:18:46,513 [grpc-default-executor-5] INFO  impl.RoleInfo (RoleInfo.java:updateAndGet(143)) - 6ef27e9c-8ddb-4fa1-8c14-ab102acfb1b8: start FollowerState
2019-10-20 18:18:46,513 [grpc-default-executor-7] INFO  impl.RaftServerImpl (RaftServerImpl.java:setRole(184)) - 3750b3a2-715b-46b3-9d0c-9e38136244b9@group-F11756C8BA4A: changes role from  FOLLOWER to FOLLOWER at term 149 for recognizeCandidate:b75f8b2e-6273-4c97-b7c5-042674931d23
2019-10-20 18:18:46,513 [grpc-default-executor-7] INFO  impl.RoleInfo (RoleInfo.java:shutdownFollowerState(121)) - 3750b3a2-715b-46b3-9d0c-9e38136244b9: shutdown FollowerState
2019-10-20 18:18:46,513 [Thread-2186] INFO  impl.FollowerState (FollowerState.java:run(117)) - 6ef27e9c-8ddb-4fa1-8c14-ab102acfb1b8@group-F11756C8BA4A-FollowerState was interrupted: java.lang.InterruptedException: sleep interrupted
2019-10-20 18:18:46,513 [grpc-default-executor-7] INFO  impl.RoleInfo (RoleInfo.java:updateAndGet(143)) - 3750b3a2-715b-46b3-9d0c-9e38136244b9: start FollowerState
2019-10-20 18:18:46,513 [Thread-2187] INFO  impl.FollowerState (FollowerState.java:run(117)) - 3750b3a2-715b-46b3-9d0c-9e38136244b9@group-F11756C8BA4A-FollowerState was interrupted: java.lang.InterruptedException: sleep interrupted
2019-10-20 18:18:46,528 [399079f7-1eb1-4f37-b003-267572525934@group-D40A05E2FCF9-LeaderElection265] INFO  impl.LeaderElection (LeaderElection.java:askForVotes(178)) - 399079f7-1eb1-4f37-b003-267572525934@group-D40A05E2FCF9-LeaderElection265: begin an election at term 144 for -1: [399079f7-1eb1-4f37-b003-267572525934:192.168.164.241:37762, 7a43c46a-fc88-4b2d-b2da-ae029cfa60ff:192.168.164.241:43684, 6c5c38af-62e6-4ea7-a24a-078dcb28fb39:192.168.164.241:45428], old=null
2019-10-20 18:18:46,529 [b75f8b2e-6273-4c97-b7c5-042674931d23@group-F11756C8BA4A-LeaderElection264] INFO  impl.LeaderElection (LeaderElection.java:logAndReturn(56)) - b75f8b2e-6273-4c97-b7c5-042674931d23@group-F11756C8BA4A-LeaderElection264: Election REJECTED; received 2 response(s) [b75f8b2e-6273-4c97-b7c5-042674931d23<-6ef27e9c-8ddb-4fa1-8c14-ab102acfb1b8#0:FAIL-t149, b75f8b2e-6273-4c97-b7c5-042674931d23<-3750b3a2-715b-46b3-9d0c-9e38136244b9#0:FAIL-t149] and 0 exception(s); b75f8b2e-6273-4c97-b7c5-042674931d23@group-F11756C8BA4A:t149, leader=null, voted=b75f8b2e-6273-4c97-b7c5-042674931d23, raftlog=b75f8b2e-6273-4c97-b7c5-042674931d23@group-F11756C8BA4A-SegmentedRaftLog:OPENED:c-1,f-1,i0, conf=-1: [6ef27e9c-8ddb-4fa1-8c14-ab102acfb1b8:192.168.164.241:38092, b75f8b2e-6273-4c97-b7c5-042674931d23:192.168.164.241:41857, 3750b3a2-715b-46b3-9d0c-9e38136244b9:192.168.164.241:46227], old=null
2019-10-20 18:18:46,530 [b75f8b2e-6273-4c97-b7c5-042674931d23@group-F11756C8BA4A-LeaderElection264] INFO  impl.RaftServerImpl (RaftServerImpl.java:setRole(184)) - b75f8b2e-6273-4c97-b7c5-042674931d23@group-F11756C8BA4A: changes role from CANDIDATE to FOLLOWER at term 149 for DISCOVERED_A_NEW_TERM
2019-10-20 18:18:46,530 [b75f8b2e-6273-4c97-b7c5-042674931d23@group-F11756C8BA4A-LeaderElection264] INFO  impl.RoleInfo (RoleInfo.java:shutdownLeaderElection(134)) - b75f8b2e-6273-4c97-b7c5-042674931d23: shutdown LeaderElection
2019-10-20 18:18:46,530 [b75f8b2e-6273-4c97-b7c5-042674931d23@group-F11756C8BA4A-LeaderElection264] INFO  impl.RoleInfo (RoleInfo.java:updateAndGet(143)) - b75f8b2e-6273-4c97-b7c5-042674931d23: start FollowerState
2019-10-20 18:18:46,530 [grpc-default-executor-5] INFO  impl.RaftServerImpl (RaftServerImpl.java:setRole(184)) - 7a43c46a-fc88-4b2d-b2da-ae029cfa60ff@group-D40A05E2FCF9: changes role from  FOLLOWER to FOLLOWER at term 144 for recognizeCandidate:399079f7-1eb1-4f37-b003-267572525934
2019-10-20 18:18:46,530 [grpc-default-executor-5] INFO  impl.RoleInfo (RoleInfo.java:shutdownFollowerState(121)) - 7a43c46a-fc88-4b2d-b2da-ae029cfa60ff: shutdown FollowerState
2019-10-20 18:18:46,530 [grpc-default-executor-5] INFO  impl.RoleInfo (RoleInfo.java:updateAndGet(143)) - 7a43c46a-fc88-4b2d-b2da-ae029cfa60ff: start FollowerState
2019-10-20 18:18:46,530 [Thread-2178] INFO  impl.FollowerState (FollowerState.java:run(117)) - 7a43c46a-fc88-4b2d-b2da-ae029cfa60ff@group-D40A05E2FCF9-FollowerState was interrupted: java.lang.InterruptedException: sleep interrupted
2019-10-20 18:18:46,530 [grpc-default-executor-7] INFO  impl.RaftServerImpl (RaftServerImpl.java:setRole(184)) - 6c5c38af-62e6-4ea7-a24a-078dcb28fb39@group-D40A05E2FCF9: changes role from  FOLLOWER to FOLLOWER at term 144 for recognizeCandidate:399079f7-1eb1-4f37-b003-267572525934
2019-10-20 18:18:46,531 [grpc-default-executor-7] INFO  impl.RoleInfo (RoleInfo.java:shutdownFollowerState(121)) - 6c5c38af-62e6-4ea7-a24a-078dcb28fb39: shutdown FollowerState
2019-10-20 18:18:46,531 [grpc-default-executor-7] INFO  impl.RoleInfo (RoleInfo.java:updateAndGet(143)) - 6c5c38af-62e6-4ea7-a24a-078dcb28fb39: start FollowerState
2019-10-20 18:18:46,531 [Thread-2179] INFO  impl.FollowerState (FollowerState.java:run(117)) - 6c5c38af-62e6-4ea7-a24a-078dcb28fb39@group-D40A05E2FCF9-FollowerState was interrupted: java.lang.InterruptedException: sleep interrupted
2019-10-20 18:18:46,563 [399079f7-1eb1-4f37-b003-267572525934@group-D40A05E2FCF9-LeaderElection265] INFO  impl.LeaderElection (LeaderElection.java:logAndReturn(56)) - 399079f7-1eb1-4f37-b003-267572525934@group-D40A05E2FCF9-LeaderElection265: Election REJECTED; received 2 response(s) [399079f7-1eb1-4f37-b003-267572525934<-7a43c46a-fc88-4b2d-b2da-ae029cfa60ff#0:FAIL-t144, 399079f7-1eb1-4f37-b003-267572525934<-6c5c38af-62e6-4ea7-a24a-078dcb28fb39#0:FAIL-t144] and 0 exception(s); 399079f7-1eb1-4f37-b003-267572525934@group-D40A05E2FCF9:t144, leader=null, voted=399079f7-1eb1-4f37-b003-267572525934, raftlog=399079f7-1eb1-4f37-b003-267572525934@group-D40A05E2FCF9-SegmentedRaftLog:OPENED:c-1,f-1,i0, conf=-1: [399079f7-1eb1-4f37-b003-267572525934:192.168.164.241:37762, 7a43c46a-fc88-4b2d-b2da-ae029cfa60ff:192.168.164.241:43684, 6c5c38af-62e6-4ea7-a24a-078dcb28fb39:192.168.164.241:45428], old=null
2019-10-20 18:18:46,563 [399079f7-1eb1-4f37-b003-267572525934@group-D40A05E2FCF9-LeaderElection265] INFO  impl.RaftServerImpl (RaftServerImpl.java:setRole(184)) - 399079f7-1eb1-4f37-b003-267572525934@group-D40A05E2FCF9: changes role from CANDIDATE to FOLLOWER at term 144 for DISCOVERED_A_NEW_TERM
2019-10-20 18:18:46,563 [399079f7-1eb1-4f37-b003-267572525934@group-D40A05E2FCF9-LeaderElection265] INFO  impl.RoleInfo (RoleInfo.java:shutdownLeaderElection(134)) - 399079f7-1eb1-4f37-b003-267572525934: shutdown LeaderElection
2019-10-20 18:18:46,563 [399079f7-1eb1-4f37-b003-267572525934@group-D40A05E2FCF9-LeaderElection265] INFO  impl.RoleInfo (RoleInfo.java:updateAndGet(143)) - 399079f7-1eb1-4f37-b003-267572525934: start FollowerState
2019-10-20 18:18:46,594 [Thread-2198] INFO  impl.FollowerState (FollowerState.java:run(108)) - 399079f7-1eb1-4f37-b003-267572525934@group-D40A05E2FCF9-FollowerState: change to CANDIDATE, lastRpcTime:30ms, electionTimeout:30ms
2019-10-20 18:18:46,594 [Thread-2198] INFO  impl.RoleInfo (RoleInfo.java:shutdownFollowerState(121)) - 399079f7-1eb1-4f37-b003-267572525934: shutdown FollowerState
2019-10-20 18:18:46,594 [Thread-2198] INFO  impl.RaftServerImpl (RaftServerImpl.java:setRole(184)) - 399079f7-1eb1-4f37-b003-267572525934@group-D40A05E2FCF9: changes role from  FOLLOWER to CANDIDATE at term 144 for changeToCandidate
2019-10-20 18:18:46,594 [Thread-2198] INFO  impl.RoleInfo (RoleInfo.java:updateAndGet(143)) - 399079f7-1eb1-4f37-b003-267572525934: start LeaderElection
2019-10-20 18:18:46,621 [399079f7-1eb1-4f37-b003-267572525934@group-D40A05E2FCF9-LeaderElection266] INFO  impl.LeaderElection (LeaderElection.java:askForVotes(178)) - 399079f7-1eb1-4f37-b003-267572525934@group-D40A05E2FCF9-LeaderElection266: begin an election at term 145 for -1: [399079f7-1eb1-4f37-b003-267572525934:192.168.164.241:37762, 7a43c46a-fc88-4b2d-b2da-ae029cfa60ff:192.168.164.241:43684, 6c5c38af-62e6-4ea7-a24a-078dcb28fb39:192.168.164.241:45428], old=null
2019-10-20 18:18:46,623 [grpc-default-executor-7] INFO  impl.RaftServerImpl (RaftServerImpl.java:setRole(184)) - 7a43c46a-fc88-4b2d-b2da-ae029cfa60ff@group-D40A05E2FCF9: changes role from  FOLLOWER to FOLLOWER at term 145 for recognizeCandidate:399079f7-1eb1-4f37-b003-267572525934
2019-10-20 18:18:46,623 [grpc-default-executor-7] INFO  impl.RoleInfo (RoleInfo.java:shutdownFollowerState(121)) - 7a43c46a-fc88-4b2d-b2da-ae029cfa60ff: shutdown FollowerState
2019-10-20 18:18:46,623 [grpc-default-executor-5] INFO  impl.RaftServerImpl (RaftServerImpl.java:setRole(184)) - 6c5c38af-62e6-4ea7-a24a-078dcb28fb39@group-D40A05E2FCF9: changes role from  FOLLOWER to FOLLOWER at term 145 for recognizeCandidate:399079f7-1eb1-4f37-b003-267572525934
2019-10-20 18:18:46,623 [grpc-default-executor-5] INFO  impl.RoleInfo (RoleInfo.java:shutdownFollowerState(121)) - 6c5c38af-62e6-4ea7-a24a-078dcb28fb39: shutdown FollowerState
2019-10-20 18:18:46,623 [Thread-2196] INFO  impl.FollowerState (FollowerState.java:run(117)) - 7a43c46a-fc88-4b2d-b2da-ae029cfa60ff@group-D40A05E2FCF9-FollowerState was interrupted: java.lang.InterruptedException: sleep interrupted
2019-10-20 18:18:46,623 [grpc-default-executor-7] INFO  impl.RoleInfo (RoleInfo.java:updateAndGet(143)) - 7a43c46a-fc88-4b2d-b2da-ae029cfa60ff: start FollowerState
2019-10-20 18:18:46,623 [Thread-2197] INFO  impl.FollowerState (FollowerState.java:run(117)) - 6c5c38af-62e6-4ea7-a24a-078dcb28fb39@group-D40A05E2FCF9-FollowerState was interrupted: java.lang.InterruptedException: sleep interrupted
2019-10-20 18:18:46,623 [grpc-default-executor-5] INFO  impl.RoleInfo (RoleInfo.java:updateAndGet(143)) - 6c5c38af-62e6-4ea7-a24a-078dcb28fb39: start FollowerState
2019-10-20 18:18:46,661 [399079f7-1eb1-4f37-b003-267572525934@group-D40A05E2FCF9-LeaderElection266] INFO  impl.LeaderElection (LeaderElection.java:logAndReturn(56)) - 399079f7-1eb1-4f37-b003-267572525934@group-D40A05E2FCF9-LeaderElection266: Election REJECTED; received 2 response(s) [399079f7-1eb1-4f37-b003-267572525934<-7a43c46a-fc88-4b2d-b2da-ae029cfa60ff#0:FAIL-t145, 399079f7-1eb1-4f37-b003-267572525934<-6c5c38af-62e6-4ea7-a24a-078dcb28fb39#0:FAIL-t145] and 0 exception(s); 399079f7-1eb1-4f37-b003-267572525934@group-D40A05E2FCF9:t145, leader=null, voted=399079f7-1eb1-4f37-b003-267572525934, raftlog=399079f7-1eb1-4f37-b003-267572525934@group-D40A05E2FCF9-SegmentedRaftLog:OPENED:c-1,f-1,i0, conf=-1: [399079f7-1eb1-4f37-b003-267572525934:192.168.164.241:37762, 7a43c46a-fc88-4b2d-b2da-ae029cfa60ff:192.168.164.241:43684, 6c5c38af-62e6-4ea7-a24a-078dcb28fb39:192.168.164.241:45428], old=null
2019-10-20 18:18:46,672 [399079f7-1eb1-4f37-b003-267572525934@group-D40A05E2FCF9-LeaderElection266] INFO  impl.RaftServerImpl (RaftServerImpl.java:setRole(184)) - 399079f7-1eb1-4f37-b003-267572525934@group-D40A05E2FCF9: changes role from CANDIDATE to FOLLOWER at term 145 for DISCOVERED_A_NEW_TERM
2019-10-20 18:18:46,672 [399079f7-1eb1-4f37-b003-267572525934@group-D40A05E2FCF9-LeaderElection266] INFO  impl.RoleInfo (RoleInfo.java:shutdownLeaderElection(134)) - 399079f7-1eb1-4f37-b003-267572525934: shutdown LeaderElection
2019-10-20 18:18:46,672 [399079f7-1eb1-4f37-b003-267572525934@group-D40A05E2FCF9-LeaderElection266] INFO  impl.RoleInfo (RoleInfo.java:updateAndGet(143)) - 399079f7-1eb1-4f37-b003-267572525934: start FollowerState
2019-10-20 18:18:46,682 [Thread-2206] INFO  impl.FollowerState (FollowerState.java:run(108)) - 399079f7-1eb1-4f37-b003-267572525934@group-D40A05E2FCF9-FollowerState: change to CANDIDATE, lastRpcTime:9ms, electionTimeout:5ms
2019-10-20 18:18:46,682 [Thread-2206] INFO  impl.RoleInfo (RoleInfo.java:shutdownFollowerState(121)) - 399079f7-1eb1-4f37-b003-267572525934: shutdown FollowerState
2019-10-20 18:18:46,683 [Thread-2206] INFO  impl.RaftServerImpl (RaftServerImpl.java:setRole(184)) - 399079f7-1eb1-4f37-b003-267572525934@group-D40A05E2FCF9: changes role from  FOLLOWER to CANDIDATE at term 145 for changeToCandidate
2019-10-20 18:18:46,683 [Thread-2206] INFO  impl.RoleInfo (RoleInfo.java:updateAndGet(143)) - 399079f7-1eb1-4f37-b003-267572525934: start LeaderElection
2019-10-20 18:18:46,692 [main] WARN  io.KeyOutputStream (KeyOutputStream.java:handleException(274)) - Encountered exception java.io.IOException: Unexpected Storage Container Exception: java.util.concurrent.CompletionException: java.util.concurrent.CompletionException: org.apache.ratis.protocol.RaftRetryFailureException: Failed RaftClientRequest:client-5218BD5D95D7->7a43c46a-fc88-4b2d-b2da-ae029cfa60ff@group-D40A05E2FCF9, cid=23, seq=1*, RW, cmdType: WriteChunk
traceID: "6e54dedfc088e98c:6e54dedfc088e98c:0:0"
containerID: 2
datanodeUuid: "399079f7-1eb1-4f37-b003-267572525934"
writeChunk {
  blockID {
    containerID: 2
    localID: 102996083176701953
    blockCommitSequenceId: 0
  }
  chunkData {
    chunkName: "102996083176701953_chunk_1"
    offset: 0
    len: 1048576
    checksumData {
      type: CRC32
      bytesPerChecksum: 1048576
      checksums: "\361\003\002\247"
    }
  }
}
, data.size=1048576 for 10 attempts with RetryLimited(maxAttempts=10, sleepTime=1000ms) on the pipeline Pipeline[ Id: f057958d-0f40-4af6-8dbf-d40a05e2fcf9, Nodes: 399079f7-1eb1-4f37-b003-267572525934{ip: 192.168.164.241, host: pr-hdds-2334-8x2sg-1875309799, networkLocation: /default-rack, certSerialId: null}7a43c46a-fc88-4b2d-b2da-ae029cfa60ff{ip: 192.168.164.241, host: pr-hdds-2334-8x2sg-1875309799, networkLocation: /default-rack, certSerialId: null}6c5c38af-62e6-4ea7-a24a-078dcb28fb39{ip: 192.168.164.241, host: pr-hdds-2334-8x2sg-1875309799, networkLocation: /default-rack, certSerialId: null}, Type:RATIS, Factor:THREE, State:OPEN]. The last committed block length is 0, uncommitted data length is 2097152 retry count 1
2019-10-20 18:18:46,714 [399079f7-1eb1-4f37-b003-267572525934@group-D40A05E2FCF9-LeaderElection267] INFO  impl.LeaderElection (LeaderElection.java:askForVotes(178)) - 399079f7-1eb1-4f37-b003-267572525934@group-D40A05E2FCF9-LeaderElection267: begin an election at term 146 for -1: [399079f7-1eb1-4f37-b003-267572525934:192.168.164.241:37762, 7a43c46a-fc88-4b2d-b2da-ae029cfa60ff:192.168.164.241:43684, 6c5c38af-62e6-4ea7-a24a-078dcb28fb39:192.168.164.241:45428], old=null
2019-10-20 18:18:46,725 [Thread-2195] INFO  impl.FollowerState (FollowerState.java:run(108)) - b75f8b2e-6273-4c97-b7c5-042674931d23@group-F11756C8BA4A-FollowerState: change to CANDIDATE, lastRpcTime:195ms, electionTimeout:195ms
2019-10-20 18:18:46,725 [Thread-2195] INFO  impl.RoleInfo (RoleInfo.java:shutdownFollowerState(121)) - b75f8b2e-6273-4c97-b7c5-042674931d23: shutdown FollowerState
2019-10-20 18:18:46,725 [Thread-2195] INFO  impl.RaftServerImpl (RaftServerImpl.java:setRole(184)) - b75f8b2e-6273-4c97-b7c5-042674931d23@group-F11756C8BA4A: changes role from  FOLLOWER to CANDIDATE at term 149 for changeToCandidate
2019-10-20 18:18:46,728 [Thread-2195] INFO  impl.RoleInfo (RoleInfo.java:updateAndGet(143)) - b75f8b2e-6273-4c97-b7c5-042674931d23: start LeaderElection
2019-10-20 18:18:46,775 [grpc-default-executor-5] INFO  impl.RaftServerImpl (RaftServerImpl.java:setRole(184)) - 7a43c46a-fc88-4b2d-b2da-ae029cfa60ff@group-D40A05E2FCF9: changes role from  FOLLOWER to FOLLOWER at term 146 for recognizeCandidate:399079f7-1eb1-4f37-b003-267572525934
2019-10-20 18:18:46,775 [grpc-default-executor-5] INFO  impl.RoleInfo (RoleInfo.java:shutdownFollowerState(121)) - 7a43c46a-fc88-4b2d-b2da-ae029cfa60ff: shutdown FollowerState
2019-10-20 18:18:46,775 [grpc-default-executor-10] INFO  impl.RaftServerImpl (RaftServerImpl.java:setRole(184)) - 6c5c38af-62e6-4ea7-a24a-078dcb28fb39@group-D40A05E2FCF9: changes role from  FOLLOWER to FOLLOWER at term 146 for recognizeCandidate:399079f7-1eb1-4f37-b003-267572525934
2019-10-20 18:18:46,776 [grpc-default-executor-10] INFO  impl.RoleInfo (RoleInfo.java:shutdownFollowerState(121)) - 6c5c38af-62e6-4ea7-a24a-078dcb28fb39: shutdown FollowerState
2019-10-20 18:18:46,798 [b75f8b2e-6273-4c97-b7c5-042674931d23@group-F11756C8BA4A-LeaderElection268] INFO  impl.LeaderElection (LeaderElection.java:askForVotes(178)) - b75f8b2e-6273-4c97-b7c5-042674931d23@group-F11756C8BA4A-LeaderElection268: begin an election at term 150 for -1: [6ef27e9c-8ddb-4fa1-8c14-ab102acfb1b8:192.168.164.241:38092, b75f8b2e-6273-4c97-b7c5-042674931d23:192.168.164.241:41857, 3750b3a2-715b-46b3-9d0c-9e38136244b9:192.168.164.241:46227], old=null
2019-10-20 18:18:46,807 [Thread-2203] INFO  impl.FollowerState (FollowerState.java:run(117)) - 6c5c38af-62e6-4ea7-a24a-078dcb28fb39@group-D40A05E2FCF9-FollowerState was interrupted: java.lang.InterruptedException: sleep interrupted
2019-10-20 18:18:46,807 [grpc-default-executor-5] INFO  impl.RoleInfo (RoleInfo.java:updateAndGet(143)) - 7a43c46a-fc88-4b2d-b2da-ae029cfa60ff: start FollowerState
2019-10-20 18:18:46,807 [grpc-default-executor-10] INFO  impl.RoleInfo (RoleInfo.java:updateAndGet(143)) - 6c5c38af-62e6-4ea7-a24a-078dcb28fb39: start FollowerState
2019-10-20 18:18:46,807 [Thread-2202] INFO  impl.FollowerState (FollowerState.java:run(117)) - 7a43c46a-fc88-4b2d-b2da-ae029cfa60ff@group-D40A05E2FCF9-FollowerState was interrupted: java.lang.InterruptedException: sleep interrupted
2019-10-20 18:18:46,811 [grpc-default-executor-7] INFO  impl.RaftServerImpl (RaftServerImpl.java:setRole(184)) - 6ef27e9c-8ddb-4fa1-8c14-ab102acfb1b8@group-F11756C8BA4A: changes role from  FOLLOWER to FOLLOWER at term 150 for recognizeCandidate:b75f8b2e-6273-4c97-b7c5-042674931d23
2019-10-20 18:18:46,811 [grpc-default-executor-7] INFO  impl.RoleInfo (RoleInfo.java:shutdownFollowerState(121)) - 6ef27e9c-8ddb-4fa1-8c14-ab102acfb1b8: shutdown FollowerState
2019-10-20 18:18:46,812 [grpc-default-executor-7] INFO  impl.RoleInfo (RoleInfo.java:updateAndGet(143)) - 6ef27e9c-8ddb-4fa1-8c14-ab102acfb1b8: start FollowerState
2019-10-20 18:18:46,812 [Thread-2191] INFO  impl.FollowerState (FollowerState.java:run(117)) - 6ef27e9c-8ddb-4fa1-8c14-ab102acfb1b8@group-F11756C8BA4A-FollowerState was interrupted: java.lang.InterruptedException: sleep interrupted
2019-10-20 18:18:46,814 [grpc-default-executor-3] INFO  impl.RaftServerImpl (RaftServerImpl.java:setRole(184)) - 3750b3a2-715b-46b3-9d0c-9e38136244b9@group-F11756C8BA4A: changes role from  FOLLOWER to FOLLOWER at term 150 for recognizeCandidate:b75f8b2e-6273-4c97-b7c5-042674931d23
2019-10-20 18:18:46,814 [grpc-default-executor-3] INFO  impl.RoleInfo (RoleInfo.java:shutdownFollowerState(121)) - 3750b3a2-715b-46b3-9d0c-9e38136244b9: shutdown FollowerState
2019-10-20 18:18:46,815 [grpc-default-executor-3] INFO  impl.RoleInfo (RoleInfo.java:updateAndGet(143)) - 3750b3a2-715b-46b3-9d0c-9e38136244b9: start FollowerState
2019-10-20 18:18:46,815 [Thread-2192] INFO  impl.FollowerState (FollowerState.java:run(117)) - 3750b3a2-715b-46b3-9d0c-9e38136244b9@group-F11756C8BA4A-FollowerState was interrupted: java.lang.InterruptedException: sleep interrupted
2019-10-20 18:18:46,836 [b75f8b2e-6273-4c97-b7c5-042674931d23@group-F11756C8BA4A-LeaderElection268] INFO  impl.LeaderElection (LeaderElection.java:logAndReturn(56)) - b75f8b2e-6273-4c97-b7c5-042674931d23@group-F11756C8BA4A-LeaderElection268: Election TIMEOUT; received 0 response(s) [] and 0 exception(s); b75f8b2e-6273-4c97-b7c5-042674931d23@group-F11756C8BA4A:t150, leader=null, voted=b75f8b2e-6273-4c97-b7c5-042674931d23, raftlog=b75f8b2e-6273-4c97-b7c5-042674931d23@group-F11756C8BA4A-SegmentedRaftLog:OPENED:c-1,f-1,i0, conf=-1: [6ef27e9c-8ddb-4fa1-8c14-ab102acfb1b8:192.168.164.241:38092, b75f8b2e-6273-4c97-b7c5-042674931d23:192.168.164.241:41857, 3750b3a2-715b-46b3-9d0c-9e38136244b9:192.168.164.241:46227], old=null
2019-10-20 18:18:46,872 [b75f8b2e-6273-4c97-b7c5-042674931d23@group-F11756C8BA4A-LeaderElection268] INFO  impl.LeaderElection (LeaderElection.java:askForVotes(178)) - b75f8b2e-6273-4c97-b7c5-042674931d23@group-F11756C8BA4A-LeaderElection268: begin an election at term 151 for -1: [6ef27e9c-8ddb-4fa1-8c14-ab102acfb1b8:192.168.164.241:38092, b75f8b2e-6273-4c97-b7c5-042674931d23:192.168.164.241:41857, 3750b3a2-715b-46b3-9d0c-9e38136244b9:192.168.164.241:46227], old=null
2019-10-20 18:18:46,872 [399079f7-1eb1-4f37-b003-267572525934@group-D40A05E2FCF9-LeaderElection267] INFO  impl.LeaderElection (LeaderElection.java:logAndReturn(56)) - 399079f7-1eb1-4f37-b003-267572525934@group-D40A05E2FCF9-LeaderElection267: Election REJECTED; received 2 response(s) [399079f7-1eb1-4f37-b003-267572525934<-7a43c46a-fc88-4b2d-b2da-ae029cfa60ff#0:FAIL-t146, 399079f7-1eb1-4f37-b003-267572525934<-6c5c38af-62e6-4ea7-a24a-078dcb28fb39#0:FAIL-t146] and 0 exception(s); 399079f7-1eb1-4f37-b003-267572525934@group-D40A05E2FCF9:t146, leader=null, voted=399079f7-1eb1-4f37-b003-267572525934, raftlog=399079f7-1eb1-4f37-b003-267572525934@group-D40A05E2FCF9-SegmentedRaftLog:OPENED:c-1,f-1,i0, conf=-1: [399079f7-1eb1-4f37-b003-267572525934:192.168.164.241:37762, 7a43c46a-fc88-4b2d-b2da-ae029cfa60ff:192.168.164.241:43684, 6c5c38af-62e6-4ea7-a24a-078dcb28fb39:192.168.164.241:45428], old=null
2019-10-20 18:18:46,873 [399079f7-1eb1-4f37-b003-267572525934@group-D40A05E2FCF9-LeaderElection267] INFO  impl.RaftServerImpl (RaftServerImpl.java:setRole(184)) - 399079f7-1eb1-4f37-b003-267572525934@group-D40A05E2FCF9: changes role from CANDIDATE to FOLLOWER at term 146 for DISCOVERED_A_NEW_TERM
2019-10-20 18:18:46,873 [399079f7-1eb1-4f37-b003-267572525934@group-D40A05E2FCF9-LeaderElection267] INFO  impl.RoleInfo (RoleInfo.java:shutdownLeaderElection(134)) - 399079f7-1eb1-4f37-b003-267572525934: shutdown LeaderElection
2019-10-20 18:18:46,873 [399079f7-1eb1-4f37-b003-267572525934@group-D40A05E2FCF9-LeaderElection267] INFO  impl.RoleInfo (RoleInfo.java:updateAndGet(143)) - 399079f7-1eb1-4f37-b003-267572525934: start FollowerState
2019-10-20 18:18:46,874 [grpc-default-executor-10] INFO  impl.RaftServerImpl (RaftServerImpl.java:setRole(184)) - 3750b3a2-715b-46b3-9d0c-9e38136244b9@group-F11756C8BA4A: changes role from  FOLLOWER to FOLLOWER at term 151 for recognizeCandidate:b75f8b2e-6273-4c97-b7c5-042674931d23
2019-10-20 18:18:46,878 [grpc-default-executor-10] INFO  impl.RoleInfo (RoleInfo.java:shutdownFollowerState(121)) - 3750b3a2-715b-46b3-9d0c-9e38136244b9: shutdown FollowerState
2019-10-20 18:18:46,878 [grpc-default-executor-7] INFO  impl.RaftServerImpl (RaftServerImpl.java:setRole(184)) - 6ef27e9c-8ddb-4fa1-8c14-ab102acfb1b8@group-F11756C8BA4A: changes role from  FOLLOWER to FOLLOWER at term 151 for recognizeCandidate:b75f8b2e-6273-4c97-b7c5-042674931d23
2019-10-20 18:18:46,878 [Thread-2216] INFO  impl.FollowerState (FollowerState.java:run(117)) - 3750b3a2-715b-46b3-9d0c-9e38136244b9@group-F11756C8BA4A-FollowerState was interrupted: java.lang.InterruptedException: sleep interrupted
2019-10-20 18:18:46,878 [grpc-default-executor-10] INFO  impl.RoleInfo (RoleInfo.java:updateAndGet(143)) - 3750b3a2-715b-46b3-9d0c-9e38136244b9: start FollowerState
2019-10-20 18:18:46,878 [grpc-default-executor-7] INFO  impl.RoleInfo (RoleInfo.java:shutdownFollowerState(121)) - 6ef27e9c-8ddb-4fa1-8c14-ab102acfb1b8: shutdown FollowerState
2019-10-20 18:18:46,903 [Thread-2215] INFO  impl.FollowerState (FollowerState.java:run(117)) - 6ef27e9c-8ddb-4fa1-8c14-ab102acfb1b8@group-F11756C8BA4A-FollowerState was interrupted: java.lang.InterruptedException: sleep interrupted
2019-10-20 18:18:46,903 [grpc-default-executor-7] INFO  impl.RoleInfo (RoleInfo.java:updateAndGet(143)) - 6ef27e9c-8ddb-4fa1-8c14-ab102acfb1b8: start FollowerState
2019-10-20 18:18:46,928 [b75f8b2e-6273-4c97-b7c5-042674931d23@group-F11756C8BA4A-LeaderElection268] INFO  impl.LeaderElection (LeaderElection.java:logAndReturn(56)) - b75f8b2e-6273-4c97-b7c5-042674931d23@group-F11756C8BA4A-LeaderElection268: Election REJECTED; received 2 response(s) [b75f8b2e-6273-4c97-b7c5-042674931d23<-6ef27e9c-8ddb-4fa1-8c14-ab102acfb1b8#0:FAIL-t151, b75f8b2e-6273-4c97-b7c5-042674931d23<-3750b3a2-715b-46b3-9d0c-9e38136244b9#0:FAIL-t151] and 0 exception(s); b75f8b2e-6273-4c97-b7c5-042674931d23@group-F11756C8BA4A:t151, leader=null, voted=b75f8b2e-6273-4c97-b7c5-042674931d23, raftlog=b75f8b2e-6273-4c97-b7c5-042674931d23@group-F11756C8BA4A-SegmentedRaftLog:OPENED:c-1,f-1,i0, conf=-1: [6ef27e9c-8ddb-4fa1-8c14-ab102acfb1b8:192.168.164.241:38092, b75f8b2e-6273-4c97-b7c5-042674931d23:192.168.164.241:41857, 3750b3a2-715b-46b3-9d0c-9e38136244b9:192.168.164.241:46227], old=null
2019-10-20 18:18:46,928 [b75f8b2e-6273-4c97-b7c5-042674931d23@group-F11756C8BA4A-LeaderElection268] INFO  impl.RaftServerImpl (RaftServerImpl.java:setRole(184)) - b75f8b2e-6273-4c97-b7c5-042674931d23@group-F11756C8BA4A: changes role from CANDIDATE to FOLLOWER at term 151 for DISCOVERED_A_NEW_TERM
2019-10-20 18:18:46,928 [b75f8b2e-6273-4c97-b7c5-042674931d23@group-F11756C8BA4A-LeaderElection268] INFO  impl.RoleInfo (RoleInfo.java:shutdownLeaderElection(134)) - b75f8b2e-6273-4c97-b7c5-042674931d23: shutdown LeaderElection
2019-10-20 18:18:46,928 [b75f8b2e-6273-4c97-b7c5-042674931d23@group-F11756C8BA4A-LeaderElection268] INFO  impl.RoleInfo (RoleInfo.java:updateAndGet(143)) - b75f8b2e-6273-4c97-b7c5-042674931d23: start FollowerState
2019-10-20 18:18:47,000 [Thread-2220] INFO  impl.FollowerState (FollowerState.java:run(108)) - 399079f7-1eb1-4f37-b003-267572525934@group-D40A05E2FCF9-FollowerState: change to CANDIDATE, lastRpcTime:126ms, electionTimeout:126ms
2019-10-20 18:18:47,000 [Thread-2220] INFO  impl.RoleInfo (RoleInfo.java:shutdownFollowerState(121)) - 399079f7-1eb1-4f37-b003-267572525934: shutdown FollowerState
2019-10-20 18:18:47,000 [Thread-2220] INFO  impl.RaftServerImpl (RaftServerImpl.java:setRole(184)) - 399079f7-1eb1-4f37-b003-267572525934@group-D40A05E2FCF9: changes role from  FOLLOWER to CANDIDATE at term 146 for changeToCandidate
2019-10-20 18:18:47,030 [Thread-2220] INFO  impl.RoleInfo (RoleInfo.java:updateAndGet(143)) - 399079f7-1eb1-4f37-b003-267572525934: start LeaderElection
2019-10-20 18:18:47,062 [399079f7-1eb1-4f37-b003-267572525934@group-D40A05E2FCF9-LeaderElection269] INFO  impl.LeaderElection (LeaderElection.java:askForVotes(178)) - 399079f7-1eb1-4f37-b003-267572525934@group-D40A05E2FCF9-LeaderElection269: begin an election at term 147 for -1: [399079f7-1eb1-4f37-b003-267572525934:192.168.164.241:37762, 7a43c46a-fc88-4b2d-b2da-ae029cfa60ff:192.168.164.241:43684, 6c5c38af-62e6-4ea7-a24a-078dcb28fb39:192.168.164.241:45428], old=null
2019-10-20 18:18:47,063 [grpc-default-executor-4] INFO  impl.RaftServerImpl (RaftServerImpl.java:setRole(184)) - 7a43c46a-fc88-4b2d-b2da-ae029cfa60ff@group-D40A05E2FCF9: changes role from  FOLLOWER to FOLLOWER at term 147 for recognizeCandidate:399079f7-1eb1-4f37-b003-267572525934
2019-10-20 18:18:47,064 [grpc-default-executor-4] INFO  impl.RoleInfo (RoleInfo.java:shutdownFollowerState(121)) - 7a43c46a-fc88-4b2d-b2da-ae029cfa60ff: shutdown FollowerState
2019-10-20 18:18:47,064 [grpc-default-executor-5] INFO  impl.RaftServerImpl (RaftServerImpl.java:setRole(184)) - 6c5c38af-62e6-4ea7-a24a-078dcb28fb39@group-D40A05E2FCF9: changes role from  FOLLOWER to FOLLOWER at term 147 for recognizeCandidate:399079f7-1eb1-4f37-b003-267572525934
2019-10-20 18:18:47,064 [Thread-2214] INFO  impl.FollowerState (FollowerState.java:run(117)) - 7a43c46a-fc88-4b2d-b2da-ae029cfa60ff@group-D40A05E2FCF9-FollowerState was interrupted: java.lang.InterruptedException: sleep interrupted
2019-10-20 18:18:47,064 [grpc-default-executor-4] INFO  impl.RoleInfo (RoleInfo.java:updateAndGet(143)) - 7a43c46a-fc88-4b2d-b2da-ae029cfa60ff: start FollowerState
2019-10-20 18:18:47,064 [grpc-default-executor-5] INFO  impl.RoleInfo (RoleInfo.java:shutdownFollowerState(121)) - 6c5c38af-62e6-4ea7-a24a-078dcb28fb39: shutdown FollowerState
2019-10-20 18:18:47,065 [grpc-default-executor-5] INFO  impl.RoleInfo (RoleInfo.java:updateAndGet(143)) - 6c5c38af-62e6-4ea7-a24a-078dcb28fb39: start FollowerState
2019-10-20 18:18:47,065 [Thread-2213] INFO  impl.FollowerState (FollowerState.java:run(117)) - 6c5c38af-62e6-4ea7-a24a-078dcb28fb39@group-D40A05E2FCF9-FollowerState was interrupted: java.lang.InterruptedException: sleep interrupted
2019-10-20 18:18:47,097 [399079f7-1eb1-4f37-b003-267572525934@group-D40A05E2FCF9-LeaderElection269] INFO  impl.LeaderElection (LeaderElection.java:logAndReturn(56)) - 399079f7-1eb1-4f37-b003-267572525934@group-D40A05E2FCF9-LeaderElection269: Election REJECTED; received 2 response(s) [399079f7-1eb1-4f37-b003-267572525934<-7a43c46a-fc88-4b2d-b2da-ae029cfa60ff#0:FAIL-t147, 399079f7-1eb1-4f37-b003-267572525934<-6c5c38af-62e6-4ea7-a24a-078dcb28fb39#0:FAIL-t147] and 0 exception(s); 399079f7-1eb1-4f37-b003-267572525934@group-D40A05E2FCF9:t147, leader=null, voted=399079f7-1eb1-4f37-b003-267572525934, raftlog=399079f7-1eb1-4f37-b003-267572525934@group-D40A05E2FCF9-SegmentedRaftLog:OPENED:c-1,f-1,i0, conf=-1: [399079f7-1eb1-4f37-b003-267572525934:192.168.164.241:37762, 7a43c46a-fc88-4b2d-b2da-ae029cfa60ff:192.168.164.241:43684, 6c5c38af-62e6-4ea7-a24a-078dcb28fb39:192.168.164.241:45428], old=null
2019-10-20 18:18:47,097 [399079f7-1eb1-4f37-b003-267572525934@group-D40A05E2FCF9-LeaderElection269] INFO  impl.RaftServerImpl (RaftServerImpl.java:setRole(184)) - 399079f7-1eb1-4f37-b003-267572525934@group-D40A05E2FCF9: changes role from CANDIDATE to FOLLOWER at term 147 for DISCOVERED_A_NEW_TERM
2019-10-20 18:18:47,097 [399079f7-1eb1-4f37-b003-267572525934@group-D40A05E2FCF9-LeaderElection269] INFO  impl.RoleInfo (RoleInfo.java:shutdownLeaderElection(134)) - 399079f7-1eb1-4f37-b003-267572525934: shutdown LeaderElection
2019-10-20 18:18:47,097 [399079f7-1eb1-4f37-b003-267572525934@group-D40A05E2FCF9-LeaderElection269] INFO  impl.RoleInfo (RoleInfo.java:updateAndGet(143)) - 399079f7-1eb1-4f37-b003-267572525934: start FollowerState
2019-10-20 18:18:47,115 [Thread-2223] INFO  impl.FollowerState (FollowerState.java:run(108)) - b75f8b2e-6273-4c97-b7c5-042674931d23@group-F11756C8BA4A-FollowerState: change to CANDIDATE, lastRpcTime:186ms, electionTimeout:186ms
2019-10-20 18:18:47,115 [Thread-2223] INFO  impl.RoleInfo (RoleInfo.java:shutdownFollowerState(121)) - b75f8b2e-6273-4c97-b7c5-042674931d23: shutdown FollowerState
2019-10-20 18:18:47,115 [Thread-2223] INFO  impl.RaftServerImpl (RaftServerImpl.java:setRole(184)) - b75f8b2e-6273-4c97-b7c5-042674931d23@group-F11756C8BA4A: changes role from  FOLLOWER to CANDIDATE at term 151 for changeToCandidate
2019-10-20 18:18:47,115 [Thread-2223] INFO  impl.RoleInfo (RoleInfo.java:updateAndGet(143)) - b75f8b2e-6273-4c97-b7c5-042674931d23: start LeaderElection
2019-10-20 18:18:47,139 [b75f8b2e-6273-4c97-b7c5-042674931d23@group-F11756C8BA4A-LeaderElection270] INFO  impl.LeaderElection (LeaderElection.java:askForVotes(178)) - b75f8b2e-6273-4c97-b7c5-042674931d23@group-F11756C8BA4A-LeaderElection270: begin an election at term 152 for -1: [6ef27e9c-8ddb-4fa1-8c14-ab102acfb1b8:192.168.164.241:38092, b75f8b2e-6273-4c97-b7c5-042674931d23:192.168.164.241:41857, 3750b3a2-715b-46b3-9d0c-9e38136244b9:192.168.164.241:46227], old=null
2019-10-20 18:18:47,141 [grpc-default-executor-5] INFO  impl.RaftServerImpl (RaftServerImpl.java:setRole(184)) - 3750b3a2-715b-46b3-9d0c-9e38136244b9@group-F11756C8BA4A: changes role from  FOLLOWER to FOLLOWER at term 152 for recognizeCandidate:b75f8b2e-6273-4c97-b7c5-042674931d23
2019-10-20 18:18:47,141 [grpc-default-executor-5] INFO  impl.RoleInfo (RoleInfo.java:shutdownFollowerState(121)) - 3750b3a2-715b-46b3-9d0c-9e38136244b9: shutdown FollowerState
2019-10-20 18:18:47,141 [grpc-default-executor-5] INFO  impl.RoleInfo (RoleInfo.java:updateAndGet(143)) - 3750b3a2-715b-46b3-9d0c-9e38136244b9: start FollowerState
2019-10-20 18:18:47,141 [grpc-default-executor-4] INFO  impl.RaftServerImpl (RaftServerImpl.java:setRole(184)) - 6ef27e9c-8ddb-4fa1-8c14-ab102acfb1b8@group-F11756C8BA4A: changes role from  FOLLOWER to FOLLOWER at term 152 for recognizeCandidate:b75f8b2e-6273-4c97-b7c5-042674931d23
2019-10-20 18:18:47,141 [grpc-default-executor-4] INFO  impl.RoleInfo (RoleInfo.java:shutdownFollowerState(121)) - 6ef27e9c-8ddb-4fa1-8c14-ab102acfb1b8: shutdown FollowerState
2019-10-20 18:18:47,141 [Thread-2221] INFO  impl.FollowerState (FollowerState.java:run(117)) - 3750b3a2-715b-46b3-9d0c-9e38136244b9@group-F11756C8BA4A-FollowerState was interrupted: java.lang.InterruptedException: sleep interrupted
2019-10-20 18:18:47,142 [Thread-2222] INFO  impl.FollowerState (FollowerState.java:run(117)) - 6ef27e9c-8ddb-4fa1-8c14-ab102acfb1b8@group-F11756C8BA4A-FollowerState was interrupted: java.lang.InterruptedException: sleep interrupted
2019-10-20 18:18:47,142 [grpc-default-executor-4] INFO  impl.RoleInfo (RoleInfo.java:updateAndGet(143)) - 6ef27e9c-8ddb-4fa1-8c14-ab102acfb1b8: start FollowerState
2019-10-20 18:18:47,165 [b75f8b2e-6273-4c97-b7c5-042674931d23@group-F11756C8BA4A-LeaderElection270] INFO  impl.LeaderElection (LeaderElection.java:logAndReturn(56)) - b75f8b2e-6273-4c97-b7c5-042674931d23@group-F11756C8BA4A-LeaderElection270: Election REJECTED; received 2 response(s) [b75f8b2e-6273-4c97-b7c5-042674931d23<-6ef27e9c-8ddb-4fa1-8c14-ab102acfb1b8#0:FAIL-t152, b75f8b2e-6273-4c97-b7c5-042674931d23<-3750b3a2-715b-46b3-9d0c-9e38136244b9#0:FAIL-t152] and 0 exception(s); b75f8b2e-6273-4c97-b7c5-042674931d23@group-F11756C8BA4A:t152, leader=null, voted=b75f8b2e-6273-4c97-b7c5-042674931d23, raftlog=b75f8b2e-6273-4c97-b7c5-042674931d23@group-F11756C8BA4A-SegmentedRaftLog:OPENED:c-1,f-1,i0, conf=-1: [6ef27e9c-8ddb-4fa1-8c14-ab102acfb1b8:192.168.164.241:38092, b75f8b2e-6273-4c97-b7c5-042674931d23:192.168.164.241:41857, 3750b3a2-715b-46b3-9d0c-9e38136244b9:192.168.164.241:46227], old=null
2019-10-20 18:18:47,165 [b75f8b2e-6273-4c97-b7c5-042674931d23@group-F11756C8BA4A-LeaderElection270] INFO  impl.RaftServerImpl (RaftServerImpl.java:setRole(184)) - b75f8b2e-6273-4c97-b7c5-042674931d23@group-F11756C8BA4A: changes role from CANDIDATE to FOLLOWER at term 152 for DISCOVERED_A_NEW_TERM
2019-10-20 18:18:47,165 [b75f8b2e-6273-4c97-b7c5-042674931d23@group-F11756C8BA4A-LeaderElection270] INFO  impl.RoleInfo (RoleInfo.java:shutdownLeaderElection(134)) - b75f8b2e-6273-4c97-b7c5-042674931d23: shutdown LeaderElection
2019-10-20 18:18:47,165 [b75f8b2e-6273-4c97-b7c5-042674931d23@group-F11756C8BA4A-LeaderElection270] INFO  impl.RoleInfo (RoleInfo.java:updateAndGet(143)) - b75f8b2e-6273-4c97-b7c5-042674931d23: start FollowerState
2019-10-20 18:18:47,214 [Thread-2229] INFO  impl.FollowerState (FollowerState.java:run(108)) - 399079f7-1eb1-4f37-b003-267572525934@group-D40A05E2FCF9-FollowerState: change to CANDIDATE, lastRpcTime:116ms, electionTimeout:116ms
2019-10-20 18:18:47,214 [Thread-2229] INFO  impl.RoleInfo (RoleInfo.java:shutdownFollowerState(121)) - 399079f7-1eb1-4f37-b003-267572525934: shutdown FollowerState
2019-10-20 18:18:47,214 [Thread-2229] INFO  impl.RaftServerImpl (RaftServerImpl.java:setRole(184)) - 399079f7-1eb1-4f37-b003-267572525934@group-D40A05E2FCF9: changes role from  FOLLOWER to CANDIDATE at term 147 for changeToCandidate
2019-10-20 18:18:47,214 [Thread-2229] INFO  impl.RoleInfo (RoleInfo.java:updateAndGet(143)) - 399079f7-1eb1-4f37-b003-267572525934: start LeaderElection
2019-10-20 18:18:47,231 [399079f7-1eb1-4f37-b003-267572525934@group-D40A05E2FCF9-LeaderElection271] INFO  impl.LeaderElection (LeaderElection.java:askForVotes(178)) - 399079f7-1eb1-4f37-b003-267572525934@group-D40A05E2FCF9-LeaderElection271: begin an election at term 148 for -1: [399079f7-1eb1-4f37-b003-267572525934:192.168.164.241:37762, 7a43c46a-fc88-4b2d-b2da-ae029cfa60ff:192.168.164.241:43684, 6c5c38af-62e6-4ea7-a24a-078dcb28fb39:192.168.164.241:45428], old=null
2019-10-20 18:18:47,233 [grpc-default-executor-4] INFO  impl.RaftServerImpl (RaftServerImpl.java:setRole(184)) - 7a43c46a-fc88-4b2d-b2da-ae029cfa60ff@group-D40A05E2FCF9: changes role from  FOLLOWER to FOLLOWER at term 148 for recognizeCandidate:399079f7-1eb1-4f37-b003-267572525934
2019-10-20 18:18:47,233 [grpc-default-executor-4] INFO  impl.RoleInfo (RoleInfo.java:shutdownFollowerState(121)) - 7a43c46a-fc88-4b2d-b2da-ae029cfa60ff: shutdown FollowerState
2019-10-20 18:18:47,233 [grpc-default-executor-4] INFO  impl.RoleInfo (RoleInfo.java:updateAndGet(143)) - 7a43c46a-fc88-4b2d-b2da-ae029cfa60ff: start FollowerState
2019-10-20 18:18:47,233 [Thread-2227] INFO  impl.FollowerState (FollowerState.java:run(117)) - 7a43c46a-fc88-4b2d-b2da-ae029cfa60ff@group-D40A05E2FCF9-FollowerState was interrupted: java.lang.InterruptedException: sleep interrupted
2019-10-20 18:18:47,233 [grpc-default-executor-5] INFO  impl.RaftServerImpl (RaftServerImpl.java:setRole(184)) - 6c5c38af-62e6-4ea7-a24a-078dcb28fb39@group-D40A05E2FCF9: changes role from  FOLLOWER to FOLLOWER at term 148 for recognizeCandidate:399079f7-1eb1-4f37-b003-267572525934
2019-10-20 18:18:47,234 [grpc-default-executor-5] INFO  impl.RoleInfo (RoleInfo.java:shutdownFollowerState(121)) - 6c5c38af-62e6-4ea7-a24a-078dcb28fb39: shutdown FollowerState
2019-10-20 18:18:47,234 [grpc-default-executor-5] INFO  impl.RoleInfo (RoleInfo.java:updateAndGet(143)) - 6c5c38af-62e6-4ea7-a24a-078dcb28fb39: start FollowerState
2019-10-20 18:18:47,234 [Thread-2228] INFO  impl.FollowerState (FollowerState.java:run(117)) - 6c5c38af-62e6-4ea7-a24a-078dcb28fb39@group-D40A05E2FCF9-FollowerState was interrupted: java.lang.InterruptedException: sleep interrupted
2019-10-20 18:18:47,249 [399079f7-1eb1-4f37-b003-267572525934@group-D40A05E2FCF9-LeaderElection271] INFO  impl.LeaderElection (LeaderElection.java:logAndReturn(56)) - 399079f7-1eb1-4f37-b003-267572525934@group-D40A05E2FCF9-LeaderElection271: Election REJECTED; received 2 response(s) [399079f7-1eb1-4f37-b003-267572525934<-7a43c46a-fc88-4b2d-b2da-ae029cfa60ff#0:FAIL-t148, 399079f7-1eb1-4f37-b003-267572525934<-6c5c38af-62e6-4ea7-a24a-078dcb28fb39#0:FAIL-t148] and 0 exception(s); 399079f7-1eb1-4f37-b003-267572525934@group-D40A05E2FCF9:t148, leader=null, voted=399079f7-1eb1-4f37-b003-267572525934, raftlog=399079f7-1eb1-4f37-b003-267572525934@group-D40A05E2FCF9-SegmentedRaftLog:OPENED:c-1,f-1,i0, conf=-1: [399079f7-1eb1-4f37-b003-267572525934:192.168.164.241:37762, 7a43c46a-fc88-4b2d-b2da-ae029cfa60ff:192.168.164.241:43684, 6c5c38af-62e6-4ea7-a24a-078dcb28fb39:192.168.164.241:45428], old=null
2019-10-20 18:18:47,249 [399079f7-1eb1-4f37-b003-267572525934@group-D40A05E2FCF9-LeaderElection271] INFO  impl.RaftServerImpl (RaftServerImpl.java:setRole(184)) - 399079f7-1eb1-4f37-b003-267572525934@group-D40A05E2FCF9: changes role from CANDIDATE to FOLLOWER at term 148 for DISCOVERED_A_NEW_TERM
2019-10-20 18:18:47,249 [399079f7-1eb1-4f37-b003-267572525934@group-D40A05E2FCF9-LeaderElection271] INFO  impl.RoleInfo (RoleInfo.java:shutdownLeaderElection(134)) - 399079f7-1eb1-4f37-b003-267572525934: shutdown LeaderElection
2019-10-20 18:18:47,249 [399079f7-1eb1-4f37-b003-267572525934@group-D40A05E2FCF9-LeaderElection271] INFO  impl.RoleInfo (RoleInfo.java:updateAndGet(143)) - 399079f7-1eb1-4f37-b003-267572525934: start FollowerState
2019-10-20 18:18:47,330 [Thread-2236] INFO  impl.FollowerState (FollowerState.java:run(108)) - b75f8b2e-6273-4c97-b7c5-042674931d23@group-F11756C8BA4A-FollowerState: change to CANDIDATE, lastRpcTime:164ms, electionTimeout:164ms
2019-10-20 18:18:47,330 [Thread-2236] INFO  impl.RoleInfo (RoleInfo.java:shutdownFollowerState(121)) - b75f8b2e-6273-4c97-b7c5-042674931d23: shutdown FollowerState
2019-10-20 18:18:47,330 [Thread-2236] INFO  impl.RaftServerImpl (RaftServerImpl.java:setRole(184)) - b75f8b2e-6273-4c97-b7c5-042674931d23@group-F11756C8BA4A: changes role from  FOLLOWER to CANDIDATE at term 152 for changeToCandidate
2019-10-20 18:18:47,330 [Thread-2236] INFO  impl.RoleInfo (RoleInfo.java:updateAndGet(143)) - b75f8b2e-6273-4c97-b7c5-042674931d23: start LeaderElection
2019-10-20 18:18:47,359 [b75f8b2e-6273-4c97-b7c5-042674931d23@group-F11756C8BA4A-LeaderElection272] INFO  impl.LeaderElection (LeaderElection.java:askForVotes(178)) - b75f8b2e-6273-4c97-b7c5-042674931d23@group-F11756C8BA4A-LeaderElection272: begin an election at term 153 for -1: [6ef27e9c-8ddb-4fa1-8c14-ab102acfb1b8:192.168.164.241:38092, b75f8b2e-6273-4c97-b7c5-042674931d23:192.168.164.241:41857, 3750b3a2-715b-46b3-9d0c-9e38136244b9:192.168.164.241:46227], old=null
2019-10-20 18:18:47,360 [grpc-default-executor-5] INFO  impl.RaftServerImpl (RaftServerImpl.java:setRole(184)) - 6ef27e9c-8ddb-4fa1-8c14-ab102acfb1b8@group-F11756C8BA4A: changes role from  FOLLOWER to FOLLOWER at term 153 for recognizeCandidate:b75f8b2e-6273-4c97-b7c5-042674931d23
2019-10-20 18:18:47,360 [grpc-default-executor-5] INFO  impl.RoleInfo (RoleInfo.java:shutdownFollowerState(121)) - 6ef27e9c-8ddb-4fa1-8c14-ab102acfb1b8: shutdown FollowerState
2019-10-20 18:18:47,360 [grpc-default-executor-4] INFO  impl.RaftServerImpl (RaftServerImpl.java:setRole(184)) - 3750b3a2-715b-46b3-9d0c-9e38136244b9@group-F11756C8BA4A: changes role from  FOLLOWER to FOLLOWER at term 153 for recognizeCandidate:b75f8b2e-6273-4c97-b7c5-042674931d23
2019-10-20 18:18:47,361 [grpc-default-executor-4] INFO  impl.RoleInfo (RoleInfo.java:shutdownFollowerState(121)) - 3750b3a2-715b-46b3-9d0c-9e38136244b9: shutdown FollowerState
2019-10-20 18:18:47,361 [grpc-default-executor-5] INFO  impl.RoleInfo (RoleInfo.java:updateAndGet(143)) - 6ef27e9c-8ddb-4fa1-8c14-ab102acfb1b8: start FollowerState
2019-10-20 18:18:47,361 [Thread-2234] INFO  impl.FollowerState (FollowerState.java:run(117)) - 6ef27e9c-8ddb-4fa1-8c14-ab102acfb1b8@group-F11756C8BA4A-FollowerState was interrupted: java.lang.InterruptedException: sleep interrupted
2019-10-20 18:18:47,361 [Thread-2233] INFO  impl.FollowerState (FollowerState.java:run(117)) - 3750b3a2-715b-46b3-9d0c-9e38136244b9@group-F11756C8BA4A-FollowerState was interrupted: java.lang.InterruptedException: sleep interrupted
2019-10-20 18:18:47,361 [grpc-default-executor-4] INFO  impl.RoleInfo (RoleInfo.java:updateAndGet(143)) - 3750b3a2-715b-46b3-9d0c-9e38136244b9: start FollowerState
2019-10-20 18:18:47,365 [Thread-2258] INFO  impl.FollowerState (FollowerState.java:run(108)) - 399079f7-1eb1-4f37-b003-267572525934@group-D40A05E2FCF9-FollowerState: change to CANDIDATE, lastRpcTime:115ms, electionTimeout:115ms
2019-10-20 18:18:47,365 [Thread-2258] INFO  impl.RoleInfo (RoleInfo.java:shutdownFollowerState(121)) - 399079f7-1eb1-4f37-b003-267572525934: shutdown FollowerState
2019-10-20 18:18:47,365 [Thread-2258] INFO  impl.RaftServerImpl (RaftServerImpl.java:setRole(184)) - 399079f7-1eb1-4f37-b003-267572525934@group-D40A05E2FCF9: changes role from  FOLLOWER to CANDIDATE at term 148 for changeToCandidate
2019-10-20 18:18:47,365 [Thread-2258] INFO  impl.RoleInfo (RoleInfo.java:updateAndGet(143)) - 399079f7-1eb1-4f37-b003-267572525934: start LeaderElection
2019-10-20 18:18:47,384 [399079f7-1eb1-4f37-b003-267572525934@group-D40A05E2FCF9-LeaderElection273] INFO  impl.LeaderElection (LeaderElection.java:askForVotes(178)) - 399079f7-1eb1-4f37-b003-267572525934@group-D40A05E2FCF9-LeaderElection273: begin an election at term 149 for -1: [399079f7-1eb1-4f37-b003-267572525934:192.168.164.241:37762, 7a43c46a-fc88-4b2d-b2da-ae029cfa60ff:192.168.164.241:43684, 6c5c38af-62e6-4ea7-a24a-078dcb28fb39:192.168.164.241:45428], old=null
2019-10-20 18:18:47,386 [b75f8b2e-6273-4c97-b7c5-042674931d23@group-F11756C8BA4A-LeaderElection272] INFO  impl.LeaderElection (LeaderElection.java:logAndReturn(56)) - b75f8b2e-6273-4c97-b7c5-042674931d23@group-F11756C8BA4A-LeaderElection272: Election REJECTED; received 2 response(s) [b75f8b2e-6273-4c97-b7c5-042674931d23<-6ef27e9c-8ddb-4fa1-8c14-ab102acfb1b8#0:FAIL-t153, b75f8b2e-6273-4c97-b7c5-042674931d23<-3750b3a2-715b-46b3-9d0c-9e38136244b9#0:FAIL-t153] and 0 exception(s); b75f8b2e-6273-4c97-b7c5-042674931d23@group-F11756C8BA4A:t153, leader=null, voted=b75f8b2e-6273-4c97-b7c5-042674931d23, raftlog=b75f8b2e-6273-4c97-b7c5-042674931d23@group-F11756C8BA4A-SegmentedRaftLog:OPENED:c-1,f-1,i0, conf=-1: [6ef27e9c-8ddb-4fa1-8c14-ab102acfb1b8:192.168.164.241:38092, b75f8b2e-6273-4c97-b7c5-042674931d23:192.168.164.241:41857, 3750b3a2-715b-46b3-9d0c-9e38136244b9:192.168.164.241:46227], old=null
2019-10-20 18:18:47,386 [b75f8b2e-6273-4c97-b7c5-042674931d23@group-F11756C8BA4A-LeaderElection272] INFO  impl.RaftServerImpl (RaftServerImpl.java:setRole(184)) - b75f8b2e-6273-4c97-b7c5-042674931d23@group-F11756C8BA4A: changes role from CANDIDATE to FOLLOWER at term 153 for DISCOVERED_A_NEW_TERM
2019-10-20 18:18:47,386 [grpc-default-executor-5] INFO  impl.RaftServerImpl (RaftServerImpl.java:setRole(184)) - 7a43c46a-fc88-4b2d-b2da-ae029cfa60ff@group-D40A05E2FCF9: changes role from  FOLLOWER to FOLLOWER at term 149 for recognizeCandidate:399079f7-1eb1-4f37-b003-267572525934
2019-10-20 18:18:47,386 [b75f8b2e-6273-4c97-b7c5-042674931d23@group-F11756C8BA4A-LeaderElection272] INFO  impl.RoleInfo (RoleInfo.java:shutdownLeaderElection(134)) - b75f8b2e-6273-4c97-b7c5-042674931d23: shutdown LeaderElection
2019-10-20 18:18:47,386 [grpc-default-executor-5] INFO  impl.RoleInfo (RoleInfo.java:shutdownFollowerState(121)) - 7a43c46a-fc88-4b2d-b2da-ae029cfa60ff: shutdown FollowerState
2019-10-20 18:18:47,386 [b75f8b2e-6273-4c97-b7c5-042674931d23@group-F11756C8BA4A-LeaderElection272] INFO  impl.RoleInfo (RoleInfo.java:updateAndGet(143)) - b75f8b2e-6273-4c97-b7c5-042674931d23: start FollowerState
2019-10-20 18:18:47,387 [Thread-2250] INFO  impl.FollowerState (FollowerState.java:run(117)) - 7a43c46a-fc88-4b2d-b2da-ae029cfa60ff@group-D40A05E2FCF9-FollowerState was interrupted: java.lang.InterruptedException: sleep interrupted
2019-10-20 18:18:47,387 [grpc-default-executor-5] INFO  impl.RoleInfo (RoleInfo.java:updateAndGet(143)) - 7a43c46a-fc88-4b2d-b2da-ae029cfa60ff: start FollowerState
2019-10-20 18:18:47,387 [grpc-default-executor-4] INFO  impl.RaftServerImpl (RaftServerImpl.java:setRole(184)) - 6c5c38af-62e6-4ea7-a24a-078dcb28fb39@group-D40A05E2FCF9: changes role from  FOLLOWER to FOLLOWER at term 149 for recognizeCandidate:399079f7-1eb1-4f37-b003-267572525934
2019-10-20 18:18:47,387 [grpc-default-executor-4] INFO  impl.RoleInfo (RoleInfo.java:shutdownFollowerState(121)) - 6c5c38af-62e6-4ea7-a24a-078dcb28fb39: shutdown FollowerState
2019-10-20 18:18:47,387 [grpc-default-executor-4] INFO  impl.RoleInfo (RoleInfo.java:updateAndGet(143)) - 6c5c38af-62e6-4ea7-a24a-078dcb28fb39: start FollowerState
2019-10-20 18:18:47,387 [Thread-2251] INFO  impl.FollowerState (FollowerState.java:run(117)) - 6c5c38af-62e6-4ea7-a24a-078dcb28fb39@group-D40A05E2FCF9-FollowerState was interrupted: java.lang.InterruptedException: sleep interrupted
2019-10-20 18:18:47,411 [399079f7-1eb1-4f37-b003-267572525934@group-D40A05E2FCF9-LeaderElection273] INFO  impl.LeaderElection (LeaderElection.java:logAndReturn(56)) - 399079f7-1eb1-4f37-b003-267572525934@group-D40A05E2FCF9-LeaderElection273: Election REJECTED; received 2 response(s) [399079f7-1eb1-4f37-b003-267572525934<-7a43c46a-fc88-4b2d-b2da-ae029cfa60ff#0:FAIL-t149, 399079f7-1eb1-4f37-b003-267572525934<-6c5c38af-62e6-4ea7-a24a-078dcb28fb39#0:FAIL-t149] and 0 exception(s); 399079f7-1eb1-4f37-b003-267572525934@group-D40A05E2FCF9:t149, leader=null, voted=399079f7-1eb1-4f37-b003-267572525934, raftlog=399079f7-1eb1-4f37-b003-267572525934@group-D40A05E2FCF9-SegmentedRaftLog:OPENED:c-1,f-1,i0, conf=-1: [399079f7-1eb1-4f37-b003-267572525934:192.168.164.241:37762, 7a43c46a-fc88-4b2d-b2da-ae029cfa60ff:192.168.164.241:43684, 6c5c38af-62e6-4ea7-a24a-078dcb28fb39:192.168.164.241:45428], old=null
2019-10-20 18:18:47,411 [399079f7-1eb1-4f37-b003-267572525934@group-D40A05E2FCF9-LeaderElection273] INFO  impl.RaftServerImpl (RaftServerImpl.java:setRole(184)) - 399079f7-1eb1-4f37-b003-267572525934@group-D40A05E2FCF9: changes role from CANDIDATE to FOLLOWER at term 149 for DISCOVERED_A_NEW_TERM
2019-10-20 18:18:47,411 [399079f7-1eb1-4f37-b003-267572525934@group-D40A05E2FCF9-LeaderElection273] INFO  impl.RoleInfo (RoleInfo.java:shutdownLeaderElection(134)) - 399079f7-1eb1-4f37-b003-267572525934: shutdown LeaderElection
2019-10-20 18:18:47,411 [399079f7-1eb1-4f37-b003-267572525934@group-D40A05E2FCF9-LeaderElection273] INFO  impl.RoleInfo (RoleInfo.java:updateAndGet(143)) - 399079f7-1eb1-4f37-b003-267572525934: start FollowerState
2019-10-20 18:18:47,417 [Thread-2273] INFO  impl.FollowerState (FollowerState.java:run(108)) - b75f8b2e-6273-4c97-b7c5-042674931d23@group-F11756C8BA4A-FollowerState: change to CANDIDATE, lastRpcTime:30ms, electionTimeout:30ms
2019-10-20 18:18:47,417 [Thread-2273] INFO  impl.RoleInfo (RoleInfo.java:shutdownFollowerState(121)) - b75f8b2e-6273-4c97-b7c5-042674931d23: shutdown FollowerState
2019-10-20 18:18:47,417 [Thread-2273] INFO  impl.RaftServerImpl (RaftServerImpl.java:setRole(184)) - b75f8b2e-6273-4c97-b7c5-042674931d23@group-F11756C8BA4A: changes role from  FOLLOWER to CANDIDATE at term 153 for changeToCandidate
2019-10-20 18:18:47,417 [Thread-2273] INFO  impl.RoleInfo (RoleInfo.java:updateAndGet(143)) - b75f8b2e-6273-4c97-b7c5-042674931d23: start LeaderElection
2019-10-20 18:18:47,445 [b75f8b2e-6273-4c97-b7c5-042674931d23@group-F11756C8BA4A-LeaderElection274] INFO  impl.LeaderElection (LeaderElection.java:askForVotes(178)) - b75f8b2e-6273-4c97-b7c5-042674931d23@group-F11756C8BA4A-LeaderElection274: begin an election at term 154 for -1: [6ef27e9c-8ddb-4fa1-8c14-ab102acfb1b8:192.168.164.241:38092, b75f8b2e-6273-4c97-b7c5-042674931d23:192.168.164.241:41857, 3750b3a2-715b-46b3-9d0c-9e38136244b9:192.168.164.241:46227], old=null
2019-10-20 18:18:47,447 [grpc-default-executor-4] INFO  impl.RaftServerImpl (RaftServerImpl.java:setRole(184)) - 6ef27e9c-8ddb-4fa1-8c14-ab102acfb1b8@group-F11756C8BA4A: changes role from  FOLLOWER to FOLLOWER at term 154 for recognizeCandidate:b75f8b2e-6273-4c97-b7c5-042674931d23
2019-10-20 18:18:47,447 [grpc-default-executor-4] INFO  impl.RoleInfo (RoleInfo.java:shutdownFollowerState(121)) - 6ef27e9c-8ddb-4fa1-8c14-ab102acfb1b8: shutdown FollowerState
2019-10-20 18:18:47,447 [grpc-default-executor-4] INFO  impl.RoleInfo (RoleInfo.java:updateAndGet(143)) - 6ef27e9c-8ddb-4fa1-8c14-ab102acfb1b8: start FollowerState
2019-10-20 18:18:47,447 [grpc-default-executor-5] INFO  impl.RaftServerImpl (RaftServerImpl.java:setRole(184)) - 3750b3a2-715b-46b3-9d0c-9e38136244b9@group-F11756C8BA4A: changes role from  FOLLOWER to FOLLOWER at term 154 for recognizeCandidate:b75f8b2e-6273-4c97-b7c5-042674931d23
2019-10-20 18:18:47,447 [Thread-2266] INFO  impl.FollowerState (FollowerState.java:run(117)) - 6ef27e9c-8ddb-4fa1-8c14-ab102acfb1b8@group-F11756C8BA4A-FollowerState was interrupted: java.lang.InterruptedException: sleep interrupted
2019-10-20 18:18:47,448 [grpc-default-executor-5] INFO  impl.RoleInfo (RoleInfo.java:shutdownFollowerState(121)) - 3750b3a2-715b-46b3-9d0c-9e38136244b9: shutdown FollowerState
2019-10-20 18:18:47,448 [grpc-default-executor-5] INFO  impl.RoleInfo (RoleInfo.java:updateAndGet(143)) - 3750b3a2-715b-46b3-9d0c-9e38136244b9: start FollowerState
2019-10-20 18:18:47,448 [Thread-2267] INFO  impl.FollowerState (FollowerState.java:run(117)) - 3750b3a2-715b-46b3-9d0c-9e38136244b9@group-F11756C8BA4A-FollowerState was interrupted: java.lang.InterruptedException: sleep interrupted
2019-10-20 18:18:47,472 [b75f8b2e-6273-4c97-b7c5-042674931d23@group-F11756C8BA4A-LeaderElection274] INFO  impl.LeaderElection (LeaderElection.java:logAndReturn(56)) - b75f8b2e-6273-4c97-b7c5-042674931d23@group-F11756C8BA4A-LeaderElection274: Election REJECTED; received 2 response(s) [b75f8b2e-6273-4c97-b7c5-042674931d23<-6ef27e9c-8ddb-4fa1-8c14-ab102acfb1b8#0:FAIL-t154, b75f8b2e-6273-4c97-b7c5-042674931d23<-3750b3a2-715b-46b3-9d0c-9e38136244b9#0:FAIL-t154] and 0 exception(s); b75f8b2e-6273-4c97-b7c5-042674931d23@group-F11756C8BA4A:t154, leader=null, voted=b75f8b2e-6273-4c97-b7c5-042674931d23, raftlog=b75f8b2e-6273-4c97-b7c5-042674931d23@group-F11756C8BA4A-SegmentedRaftLog:OPENED:c-1,f-1,i0, conf=-1: [6ef27e9c-8ddb-4fa1-8c14-ab102acfb1b8:192.168.164.241:38092, b75f8b2e-6273-4c97-b7c5-042674931d23:192.168.164.241:41857, 3750b3a2-715b-46b3-9d0c-9e38136244b9:192.168.164.241:46227], old=null
2019-10-20 18:18:47,472 [b75f8b2e-6273-4c97-b7c5-042674931d23@group-F11756C8BA4A-LeaderElection274] INFO  impl.RaftServerImpl (RaftServerImpl.java:setRole(184)) - b75f8b2e-6273-4c97-b7c5-042674931d23@group-F11756C8BA4A: changes role from CANDIDATE to FOLLOWER at term 154 for DISCOVERED_A_NEW_TERM
2019-10-20 18:18:47,472 [b75f8b2e-6273-4c97-b7c5-042674931d23@group-F11756C8BA4A-LeaderElection274] INFO  impl.RoleInfo (RoleInfo.java:shutdownLeaderElection(134)) - b75f8b2e-6273-4c97-b7c5-042674931d23: shutdown LeaderElection
2019-10-20 18:18:47,472 [b75f8b2e-6273-4c97-b7c5-042674931d23@group-F11756C8BA4A-LeaderElection274] INFO  impl.RoleInfo (RoleInfo.java:updateAndGet(143)) - b75f8b2e-6273-4c97-b7c5-042674931d23: start FollowerState
2019-10-20 18:18:47,570 [Thread-2276] INFO  impl.FollowerState (FollowerState.java:run(108)) - 399079f7-1eb1-4f37-b003-267572525934@group-D40A05E2FCF9-FollowerState: change to CANDIDATE, lastRpcTime:158ms, electionTimeout:158ms
2019-10-20 18:18:47,570 [Thread-2276] INFO  impl.RoleInfo (RoleInfo.java:shutdownFollowerState(121)) - 399079f7-1eb1-4f37-b003-267572525934: shutdown FollowerState
2019-10-20 18:18:47,570 [Thread-2276] INFO  impl.RaftServerImpl (RaftServerImpl.java:setRole(184)) - 399079f7-1eb1-4f37-b003-267572525934@group-D40A05E2FCF9: changes role from  FOLLOWER to CANDIDATE at term 149 for changeToCandidate
2019-10-20 18:18:47,570 [Thread-2276] INFO  impl.RoleInfo (RoleInfo.java:updateAndGet(143)) - 399079f7-1eb1-4f37-b003-267572525934: start LeaderElection
2019-10-20 18:18:47,597 [399079f7-1eb1-4f37-b003-267572525934@group-D40A05E2FCF9-LeaderElection275] INFO  impl.LeaderElection (LeaderElection.java:askForVotes(178)) - 399079f7-1eb1-4f37-b003-267572525934@group-D40A05E2FCF9-LeaderElection275: begin an election at term 150 for -1: [399079f7-1eb1-4f37-b003-267572525934:192.168.164.241:37762, 7a43c46a-fc88-4b2d-b2da-ae029cfa60ff:192.168.164.241:43684, 6c5c38af-62e6-4ea7-a24a-078dcb28fb39:192.168.164.241:45428], old=null
2019-10-20 18:18:47,599 [grpc-default-executor-5] INFO  impl.RaftServerImpl (RaftServerImpl.java:setRole(184)) - 7a43c46a-fc88-4b2d-b2da-ae029cfa60ff@group-D40A05E2FCF9: changes role from  FOLLOWER to FOLLOWER at term 150 for recognizeCandidate:399079f7-1eb1-4f37-b003-267572525934
2019-10-20 18:18:47,600 [grpc-default-executor-5] INFO  impl.RoleInfo (RoleInfo.java:shutdownFollowerState(121)) - 7a43c46a-fc88-4b2d-b2da-ae029cfa60ff: shutdown FollowerState
2019-10-20 18:18:47,600 [grpc-default-executor-5] INFO  impl.RoleInfo (RoleInfo.java:updateAndGet(143)) - 7a43c46a-fc88-4b2d-b2da-ae029cfa60ff: start FollowerState
2019-10-20 18:18:47,600 [Thread-2274] INFO  impl.FollowerState (FollowerState.java:run(117)) - 7a43c46a-fc88-4b2d-b2da-ae029cfa60ff@group-D40A05E2FCF9-FollowerState was interrupted: java.lang.InterruptedException: sleep interrupted
2019-10-20 18:18:47,602 [grpc-default-executor-7] INFO  impl.RaftServerImpl (RaftServerImpl.java:setRole(184)) - 6c5c38af-62e6-4ea7-a24a-078dcb28fb39@group-D40A05E2FCF9: changes role from  FOLLOWER to FOLLOWER at term 150 for recognizeCandidate:399079f7-1eb1-4f37-b003-267572525934
2019-10-20 18:18:47,602 [grpc-default-executor-7] INFO  impl.RoleInfo (RoleInfo.java:shutdownFollowerState(121)) - 6c5c38af-62e6-4ea7-a24a-078dcb28fb39: shutdown FollowerState
2019-10-20 18:18:47,602 [grpc-default-executor-7] INFO  impl.RoleInfo (RoleInfo.java:updateAndGet(143)) - 6c5c38af-62e6-4ea7-a24a-078dcb28fb39: start FollowerState
2019-10-20 18:18:47,602 [Thread-2275] INFO  impl.FollowerState (FollowerState.java:run(117)) - 6c5c38af-62e6-4ea7-a24a-078dcb28fb39@group-D40A05E2FCF9-FollowerState was interrupted: java.lang.InterruptedException: sleep interrupted
2019-10-20 18:18:47,624 [399079f7-1eb1-4f37-b003-267572525934@group-D40A05E2FCF9-LeaderElection275] INFO  impl.LeaderElection (LeaderElection.java:logAndReturn(56)) - 399079f7-1eb1-4f37-b003-267572525934@group-D40A05E2FCF9-LeaderElection275: Election REJECTED; received 2 response(s) [399079f7-1eb1-4f37-b003-267572525934<-7a43c46a-fc88-4b2d-b2da-ae029cfa60ff#0:FAIL-t150, 399079f7-1eb1-4f37-b003-267572525934<-6c5c38af-62e6-4ea7-a24a-078dcb28fb39#0:FAIL-t150] and 0 exception(s); 399079f7-1eb1-4f37-b003-267572525934@group-D40A05E2FCF9:t150, leader=null, voted=399079f7-1eb1-4f37-b003-267572525934, raftlog=399079f7-1eb1-4f37-b003-267572525934@group-D40A05E2FCF9-SegmentedRaftLog:OPENED:c-1,f-1,i0, conf=-1: [399079f7-1eb1-4f37-b003-267572525934:192.168.164.241:37762, 7a43c46a-fc88-4b2d-b2da-ae029cfa60ff:192.168.164.241:43684, 6c5c38af-62e6-4ea7-a24a-078dcb28fb39:192.168.164.241:45428], old=null
2019-10-20 18:18:47,624 [399079f7-1eb1-4f37-b003-267572525934@group-D40A05E2FCF9-LeaderElection275] INFO  impl.RaftServerImpl (RaftServerImpl.java:setRole(184)) - 399079f7-1eb1-4f37-b003-267572525934@group-D40A05E2FCF9: changes role from CANDIDATE to FOLLOWER at term 150 for DISCOVERED_A_NEW_TERM
2019-10-20 18:18:47,624 [399079f7-1eb1-4f37-b003-267572525934@group-D40A05E2FCF9-LeaderElection275] INFO  impl.RoleInfo (RoleInfo.java:shutdownLeaderElection(134)) - 399079f7-1eb1-4f37-b003-267572525934: shutdown LeaderElection
2019-10-20 18:18:47,625 [399079f7-1eb1-4f37-b003-267572525934@group-D40A05E2FCF9-LeaderElection275] INFO  impl.RoleInfo (RoleInfo.java:updateAndGet(143)) - 399079f7-1eb1-4f37-b003-267572525934: start FollowerState
2019-10-20 18:18:47,627 [Thread-2295] INFO  impl.FollowerState (FollowerState.java:run(108)) - 399079f7-1eb1-4f37-b003-267572525934@group-D40A05E2FCF9-FollowerState: change to CANDIDATE, lastRpcTime:2ms, electionTimeout:2ms
2019-10-20 18:18:47,627 [Thread-2295] INFO  impl.RoleInfo (RoleInfo.java:shutdownFollowerState(121)) - 399079f7-1eb1-4f37-b003-267572525934: shutdown FollowerState
2019-10-20 18:18:47,627 [Thread-2295] INFO  impl.RaftServerImpl (RaftServerImpl.java:setRole(184)) - 399079f7-1eb1-4f37-b003-267572525934@group-D40A05E2FCF9: changes role from  FOLLOWER to CANDIDATE at term 150 for changeToCandidate
2019-10-20 18:18:47,628 [Thread-2295] INFO  impl.RoleInfo (RoleInfo.java:updateAndGet(143)) - 399079f7-1eb1-4f37-b003-267572525934: start LeaderElection
2019-10-20 18:18:47,631 [Thread-2282] INFO  impl.FollowerState (FollowerState.java:run(108)) - b75f8b2e-6273-4c97-b7c5-042674931d23@group-F11756C8BA4A-FollowerState: change to CANDIDATE, lastRpcTime:158ms, electionTimeout:156ms
2019-10-20 18:18:47,631 [Thread-2282] INFO  impl.RoleInfo (RoleInfo.java:shutdownFollowerState(121)) - b75f8b2e-6273-4c97-b7c5-042674931d23: shutdown FollowerState
2019-10-20 18:18:47,631 [Thread-2282] INFO  impl.RaftServerImpl (RaftServerImpl.java:setRole(184)) - b75f8b2e-6273-4c97-b7c5-042674931d23@group-F11756C8BA4A: changes role from  FOLLOWER to CANDIDATE at term 154 for changeToCandidate
2019-10-20 18:18:47,631 [Thread-2282] INFO  impl.RoleInfo (RoleInfo.java:updateAndGet(143)) - b75f8b2e-6273-4c97-b7c5-042674931d23: start LeaderElection
2019-10-20 18:18:47,658 [399079f7-1eb1-4f37-b003-267572525934@group-D40A05E2FCF9-LeaderElection276] INFO  impl.LeaderElection (LeaderElection.java:askForVotes(178)) - 399079f7-1eb1-4f37-b003-267572525934@group-D40A05E2FCF9-LeaderElection276: begin an election at term 151 for -1: [399079f7-1eb1-4f37-b003-267572525934:192.168.164.241:37762, 7a43c46a-fc88-4b2d-b2da-ae029cfa60ff:192.168.164.241:43684, 6c5c38af-62e6-4ea7-a24a-078dcb28fb39:192.168.164.241:45428], old=null
2019-10-20 18:18:47,658 [b75f8b2e-6273-4c97-b7c5-042674931d23@group-F11756C8BA4A-LeaderElection277] INFO  impl.LeaderElection (LeaderElection.java:askForVotes(178)) - b75f8b2e-6273-4c97-b7c5-042674931d23@group-F11756C8BA4A-LeaderElection277: begin an election at term 155 for -1: [6ef27e9c-8ddb-4fa1-8c14-ab102acfb1b8:192.168.164.241:38092, b75f8b2e-6273-4c97-b7c5-042674931d23:192.168.164.241:41857, 3750b3a2-715b-46b3-9d0c-9e38136244b9:192.168.164.241:46227], old=null
2019-10-20 18:18:47,661 [grpc-default-executor-5] INFO  impl.RaftServerImpl (RaftServerImpl.java:setRole(184)) - 3750b3a2-715b-46b3-9d0c-9e38136244b9@group-F11756C8BA4A: changes role from  FOLLOWER to FOLLOWER at term 155 for recognizeCandidate:b75f8b2e-6273-4c97-b7c5-042674931d23
2019-10-20 18:18:47,661 [grpc-default-executor-10] INFO  impl.RaftServerImpl (RaftServerImpl.java:setRole(184)) - 7a43c46a-fc88-4b2d-b2da-ae029cfa60ff@group-D40A05E2FCF9: changes role from  FOLLOWER to FOLLOWER at term 151 for recognizeCandidate:399079f7-1eb1-4f37-b003-267572525934
2019-10-20 18:18:47,661 [grpc-default-executor-10] INFO  impl.RoleInfo (RoleInfo.java:shutdownFollowerState(121)) - 7a43c46a-fc88-4b2d-b2da-ae029cfa60ff: shutdown FollowerState
2019-10-20 18:18:47,661 [grpc-default-executor-5] INFO  impl.RoleInfo (RoleInfo.java:shutdownFollowerState(121)) - 3750b3a2-715b-46b3-9d0c-9e38136244b9: shutdown FollowerState
2019-10-20 18:18:47,664 [Thread-2287] INFO  impl.FollowerState (FollowerState.java:run(117)) - 7a43c46a-fc88-4b2d-b2da-ae029cfa60ff@group-D40A05E2FCF9-FollowerState was interrupted: java.lang.InterruptedException: sleep interrupted
2019-10-20 18:18:47,664 [grpc-default-executor-10] INFO  impl.RoleInfo (RoleInfo.java:updateAndGet(143)) - 7a43c46a-fc88-4b2d-b2da-ae029cfa60ff: start FollowerState
2019-10-20 18:18:47,661 [grpc-default-executor-7] INFO  impl.RaftServerImpl (RaftServerImpl.java:setRole(184)) - 6ef27e9c-8ddb-4fa1-8c14-ab102acfb1b8@group-F11756C8BA4A: changes role from  FOLLOWER to FOLLOWER at term 155 for recognizeCandidate:b75f8b2e-6273-4c97-b7c5-042674931d23
2019-10-20 18:18:47,664 [grpc-default-executor-7] INFO  impl.RoleInfo (RoleInfo.java:shutdownFollowerState(121)) - 6ef27e9c-8ddb-4fa1-8c14-ab102acfb1b8: shutdown FollowerState
2019-10-20 18:18:47,664 [Thread-2281] INFO  impl.FollowerState (FollowerState.java:run(117)) - 3750b3a2-715b-46b3-9d0c-9e38136244b9@group-F11756C8BA4A-FollowerState was interrupted: java.lang.InterruptedException: sleep interrupted
2019-10-20 18:18:47,664 [grpc-default-executor-5] INFO  impl.RoleInfo (RoleInfo.java:updateAndGet(143)) - 3750b3a2-715b-46b3-9d0c-9e38136244b9: start FollowerState
2019-10-20 18:18:47,665 [Thread-2280] INFO  impl.FollowerState (FollowerState.java:run(117)) - 6ef27e9c-8ddb-4fa1-8c14-ab102acfb1b8@group-F11756C8BA4A-FollowerState was interrupted: java.lang.InterruptedException: sleep interrupted
2019-10-20 18:18:47,665 [grpc-default-executor-7] INFO  impl.RoleInfo (RoleInfo.java:updateAndGet(143)) - 6ef27e9c-8ddb-4fa1-8c14-ab102acfb1b8: start FollowerState
2019-10-20 18:18:47,665 [grpc-default-executor-4] INFO  impl.RaftServerImpl (RaftServerImpl.java:setRole(184)) - 6c5c38af-62e6-4ea7-a24a-078dcb28fb39@group-D40A05E2FCF9: changes role from  FOLLOWER to FOLLOWER at term 151 for recognizeCandidate:399079f7-1eb1-4f37-b003-267572525934
2019-10-20 18:18:47,665 [grpc-default-executor-4] INFO  impl.RoleInfo (RoleInfo.java:shutdownFollowerState(121)) - 6c5c38af-62e6-4ea7-a24a-078dcb28fb39: shutdown FollowerState
2019-10-20 18:18:47,665 [grpc-default-executor-4] INFO  impl.RoleInfo (RoleInfo.java:updateAndGet(143)) - 6c5c38af-62e6-4ea7-a24a-078dcb28fb39: start FollowerState
2019-10-20 18:18:47,665 [Thread-2288] INFO  impl.FollowerState (FollowerState.java:run(117)) - 6c5c38af-62e6-4ea7-a24a-078dcb28fb39@group-D40A05E2FCF9-FollowerState was interrupted: java.lang.InterruptedException: sleep interrupted
2019-10-20 18:18:47,670 [main] INFO  io.BlockOutputStreamEntryPool (BlockOutputStreamEntryPool.java:allocateNewBlock(257)) - Allocating block with ExcludeList {datanodes = [], containerIds = [], pipelineIds = [PipelineID=18c7e0e8-7295-4f89-a889-f11756c8ba4a, PipelineID=f057958d-0f40-4af6-8dbf-d40a05e2fcf9]}
2019-10-20 18:18:47,687 [399079f7-1eb1-4f37-b003-267572525934@group-D40A05E2FCF9-LeaderElection276] INFO  impl.LeaderElection (LeaderElection.java:logAndReturn(56)) - 399079f7-1eb1-4f37-b003-267572525934@group-D40A05E2FCF9-LeaderElection276: Election TIMEOUT; received 0 response(s) [] and 0 exception(s); 399079f7-1eb1-4f37-b003-267572525934@group-D40A05E2FCF9:t151, leader=null, voted=399079f7-1eb1-4f37-b003-267572525934, raftlog=399079f7-1eb1-4f37-b003-267572525934@group-D40A05E2FCF9-SegmentedRaftLog:OPENED:c-1,f-1,i0, conf=-1: [399079f7-1eb1-4f37-b003-267572525934:192.168.164.241:37762, 7a43c46a-fc88-4b2d-b2da-ae029cfa60ff:192.168.164.241:43684, 6c5c38af-62e6-4ea7-a24a-078dcb28fb39:192.168.164.241:45428], old=null
2019-10-20 18:18:47,698 [b75f8b2e-6273-4c97-b7c5-042674931d23@group-F11756C8BA4A-LeaderElection277] INFO  impl.LeaderElection (LeaderElection.java:logAndReturn(56)) - b75f8b2e-6273-4c97-b7c5-042674931d23@group-F11756C8BA4A-LeaderElection277: Election REJECTED; received 2 response(s) [b75f8b2e-6273-4c97-b7c5-042674931d23<-6ef27e9c-8ddb-4fa1-8c14-ab102acfb1b8#0:FAIL-t155, b75f8b2e-6273-4c97-b7c5-042674931d23<-3750b3a2-715b-46b3-9d0c-9e38136244b9#0:FAIL-t155] and 0 exception(s); b75f8b2e-6273-4c97-b7c5-042674931d23@group-F11756C8BA4A:t155, leader=null, voted=b75f8b2e-6273-4c97-b7c5-042674931d23, raftlog=b75f8b2e-6273-4c97-b7c5-042674931d23@group-F11756C8BA4A-SegmentedRaftLog:OPENED:c-1,f-1,i0, conf=-1: [6ef27e9c-8ddb-4fa1-8c14-ab102acfb1b8:192.168.164.241:38092, b75f8b2e-6273-4c97-b7c5-042674931d23:192.168.164.241:41857, 3750b3a2-715b-46b3-9d0c-9e38136244b9:192.168.164.241:46227], old=null
2019-10-20 18:18:47,698 [IPC Server handler 4 on 43665] INFO  server.SCMBlockProtocolServer (SCMBlockProtocolServer.java:allocateBlock(179)) - Allocating 1 blocks of size 4194304, with ExcludeList {datanodes = [], containerIds = [], pipelineIds = [PipelineID=18c7e0e8-7295-4f89-a889-f11756c8ba4a, PipelineID=f057958d-0f40-4af6-8dbf-d40a05e2fcf9]}
2019-10-20 18:18:47,698 [b75f8b2e-6273-4c97-b7c5-042674931d23@group-F11756C8BA4A-LeaderElection277] INFO  impl.RaftServerImpl (RaftServerImpl.java:setRole(184)) - b75f8b2e-6273-4c97-b7c5-042674931d23@group-F11756C8BA4A: changes role from CANDIDATE to FOLLOWER at term 155 for DISCOVERED_A_NEW_TERM
2019-10-20 18:18:47,699 [b75f8b2e-6273-4c97-b7c5-042674931d23@group-F11756C8BA4A-LeaderElection277] INFO  impl.RoleInfo (RoleInfo.java:shutdownLeaderElection(134)) - b75f8b2e-6273-4c97-b7c5-042674931d23: shutdown LeaderElection
2019-10-20 18:18:47,699 [b75f8b2e-6273-4c97-b7c5-042674931d23@group-F11756C8BA4A-LeaderElection277] INFO  impl.RoleInfo (RoleInfo.java:updateAndGet(143)) - b75f8b2e-6273-4c97-b7c5-042674931d23: start FollowerState
2019-10-20 18:18:47,717 [399079f7-1eb1-4f37-b003-267572525934@group-D40A05E2FCF9-LeaderElection276] INFO  impl.LeaderElection (LeaderElection.java:askForVotes(178)) - 399079f7-1eb1-4f37-b003-267572525934@group-D40A05E2FCF9-LeaderElection276: begin an election at term 152 for -1: [399079f7-1eb1-4f37-b003-267572525934:192.168.164.241:37762, 7a43c46a-fc88-4b2d-b2da-ae029cfa60ff:192.168.164.241:43684, 6c5c38af-62e6-4ea7-a24a-078dcb28fb39:192.168.164.241:45428], old=null
2019-10-20 18:18:47,718 [grpc-default-executor-7] INFO  impl.RaftServerImpl (RaftServerImpl.java:setRole(184)) - 7a43c46a-fc88-4b2d-b2da-ae029cfa60ff@group-D40A05E2FCF9: changes role from  FOLLOWER to FOLLOWER at term 152 for recognizeCandidate:399079f7-1eb1-4f37-b003-267572525934
2019-10-20 18:18:47,719 [grpc-default-executor-7] INFO  impl.RoleInfo (RoleInfo.java:shutdownFollowerState(121)) - 7a43c46a-fc88-4b2d-b2da-ae029cfa60ff: shutdown FollowerState
2019-10-20 18:18:47,718 [grpc-default-executor-5] INFO  impl.RaftServerImpl (RaftServerImpl.java:setRole(184)) - 6c5c38af-62e6-4ea7-a24a-078dcb28fb39@group-D40A05E2FCF9: changes role from  FOLLOWER to FOLLOWER at term 152 for recognizeCandidate:399079f7-1eb1-4f37-b003-267572525934
2019-10-20 18:18:47,719 [Thread-2316] INFO  impl.FollowerState (FollowerState.java:run(117)) - 7a43c46a-fc88-4b2d-b2da-ae029cfa60ff@group-D40A05E2FCF9-FollowerState was interrupted: java.lang.InterruptedException: sleep interrupted
2019-10-20 18:18:47,719 [grpc-default-executor-7] INFO  impl.RoleInfo (RoleInfo.java:updateAndGet(143)) - 7a43c46a-fc88-4b2d-b2da-ae029cfa60ff: start FollowerState
2019-10-20 18:18:47,719 [grpc-default-executor-5] INFO  impl.RoleInfo (RoleInfo.java:shutdownFollowerState(121)) - 6c5c38af-62e6-4ea7-a24a-078dcb28fb39: shutdown FollowerState
2019-10-20 18:18:47,719 [grpc-default-executor-5] INFO  impl.RoleInfo (RoleInfo.java:updateAndGet(143)) - 6c5c38af-62e6-4ea7-a24a-078dcb28fb39: start FollowerState
2019-10-20 18:18:47,719 [Thread-2320] INFO  impl.FollowerState (FollowerState.java:run(117)) - 6c5c38af-62e6-4ea7-a24a-078dcb28fb39@group-D40A05E2FCF9-FollowerState was interrupted: java.lang.InterruptedException: sleep interrupted
2019-10-20 18:18:47,721 [main] INFO  ozone.MiniOzoneClusterImpl (MiniOzoneClusterImpl.java:shutdown(314)) - Shutting down the Mini Ozone Cluster
2019-10-20 18:18:47,721 [main] INFO  ozone.MiniOzoneClusterImpl (MiniOzoneClusterImpl.java:stop(330)) - Stopping the Mini Ozone Cluster
2019-10-20 18:18:47,722 [main] INFO  ozone.MiniOzoneClusterImpl (MiniOzoneClusterImpl.java:stopOM(400)) - Stopping the OzoneManager
2019-10-20 18:18:47,722 [main] INFO  ipc.Server (Server.java:stop(3082)) - Stopping server on 42979
2019-10-20 18:18:47,736 [IPC Server listener on 42979] INFO  ipc.Server (Server.java:run(1185)) - Stopping IPC Server listener on 42979
2019-10-20 18:18:47,736 [main] INFO  ratis.OzoneManagerDoubleBuffer (OzoneManagerDoubleBuffer.java:stop(250)) - Stopping OMDoubleBuffer flush thread
2019-10-20 18:18:47,742 [IPC Server Responder] INFO  ipc.Server (Server.java:run(1319)) - Stopping IPC Server Responder
2019-10-20 18:18:47,744 [OMDoubleBufferFlushThread] INFO  ratis.OzoneManagerDoubleBuffer (OzoneManagerDoubleBuffer.java:flushTransactions(193)) - OMDoubleBuffer flush thread OMDoubleBufferFlushThread is interrupted and will exit. OMDoubleBufferFlushThread
2019-10-20 18:18:47,749 [main] INFO  utils.BackgroundService (BackgroundService.java:shutdown(151)) - Shutting down service KeyDeletingService
2019-10-20 18:18:47,762 [399079f7-1eb1-4f37-b003-267572525934@group-D40A05E2FCF9-LeaderElection276] INFO  impl.LeaderElection (LeaderElection.java:logAndReturn(56)) - 399079f7-1eb1-4f37-b003-267572525934@group-D40A05E2FCF9-LeaderElection276: Election REJECTED; received 2 response(s) [399079f7-1eb1-4f37-b003-267572525934<-7a43c46a-fc88-4b2d-b2da-ae029cfa60ff#0:FAIL-t152, 399079f7-1eb1-4f37-b003-267572525934<-6c5c38af-62e6-4ea7-a24a-078dcb28fb39#0:FAIL-t152] and 0 exception(s); 399079f7-1eb1-4f37-b003-267572525934@group-D40A05E2FCF9:t152, leader=null, voted=399079f7-1eb1-4f37-b003-267572525934, raftlog=399079f7-1eb1-4f37-b003-267572525934@group-D40A05E2FCF9-SegmentedRaftLog:OPENED:c-1,f-1,i0, conf=-1: [399079f7-1eb1-4f37-b003-267572525934:192.168.164.241:37762, 7a43c46a-fc88-4b2d-b2da-ae029cfa60ff:192.168.164.241:43684, 6c5c38af-62e6-4ea7-a24a-078dcb28fb39:192.168.164.241:45428], old=null
2019-10-20 18:18:47,762 [399079f7-1eb1-4f37-b003-267572525934@group-D40A05E2FCF9-LeaderElection276] INFO  impl.RaftServerImpl (RaftServerImpl.java:setRole(184)) - 399079f7-1eb1-4f37-b003-267572525934@group-D40A05E2FCF9: changes role from CANDIDATE to FOLLOWER at term 152 for DISCOVERED_A_NEW_TERM
2019-10-20 18:18:47,762 [399079f7-1eb1-4f37-b003-267572525934@group-D40A05E2FCF9-LeaderElection276] INFO  impl.RoleInfo (RoleInfo.java:shutdownLeaderElection(134)) - 399079f7-1eb1-4f37-b003-267572525934: shutdown LeaderElection
2019-10-20 18:18:47,762 [399079f7-1eb1-4f37-b003-267572525934@group-D40A05E2FCF9-LeaderElection276] INFO  impl.RoleInfo (RoleInfo.java:updateAndGet(143)) - 399079f7-1eb1-4f37-b003-267572525934: start FollowerState
2019-10-20 18:18:47,765 [main] INFO  handler.ContextHandler (ContextHandler.java:doStop(910)) - Stopped o.e.j.w.WebAppContext@71391b3f{/,null,UNAVAILABLE}{/ozoneManager}
2019-10-20 18:18:47,771 [main] INFO  server.AbstractConnector (AbstractConnector.java:doStop(318)) - Stopped ServerConnector@2cfbeac4{HTTP/1.1,[http/1.1]}{0.0.0.0:0}
2019-10-20 18:18:47,772 [main] INFO  handler.ContextHandler (ContextHandler.java:doStop(910)) - Stopped o.e.j.s.ServletContextHandler@6b63d445{/static,file:///workdir/hadoop-ozone/integration-test/target/test-classes/webapps/static,UNAVAILABLE}
2019-10-20 18:18:47,772 [main] INFO  handler.ContextHandler (ContextHandler.java:doStop(910)) - Stopped o.e.j.s.ServletContextHandler@43826ec{/logs,file:///workdir/hadoop-ozone/integration-test/target/log,UNAVAILABLE}
2019-10-20 18:18:47,795 [main] INFO  ozone.MiniOzoneClusterImpl (MiniOzoneClusterImpl.java:stopDatanodes(377)) - Stopping the HddsDatanodes
2019-10-20 18:18:47,868 [Thread-2325] INFO  impl.FollowerState (FollowerState.java:run(108)) - b75f8b2e-6273-4c97-b7c5-042674931d23@group-F11756C8BA4A-FollowerState: change to CANDIDATE, lastRpcTime:169ms, electionTimeout:169ms
2019-10-20 18:18:47,868 [Thread-2325] INFO  impl.RoleInfo (RoleInfo.java:shutdownFollowerState(121)) - b75f8b2e-6273-4c97-b7c5-042674931d23: shutdown FollowerState
2019-10-20 18:18:47,868 [Thread-2325] INFO  impl.RaftServerImpl (RaftServerImpl.java:setRole(184)) - b75f8b2e-6273-4c97-b7c5-042674931d23@group-F11756C8BA4A: changes role from  FOLLOWER to CANDIDATE at term 155 for changeToCandidate
2019-10-20 18:18:47,869 [Thread-2325] INFO  impl.RoleInfo (RoleInfo.java:updateAndGet(143)) - b75f8b2e-6273-4c97-b7c5-042674931d23: start LeaderElection
2019-10-20 18:18:47,883 [Thread-2330] INFO  impl.FollowerState (FollowerState.java:run(108)) - 399079f7-1eb1-4f37-b003-267572525934@group-D40A05E2FCF9-FollowerState: change to CANDIDATE, lastRpcTime:120ms, electionTimeout:120ms
2019-10-20 18:18:47,883 [Thread-2330] INFO  impl.RoleInfo (RoleInfo.java:shutdownFollowerState(121)) - 399079f7-1eb1-4f37-b003-267572525934: shutdown FollowerState
2019-10-20 18:18:47,883 [Thread-2330] INFO  impl.RaftServerImpl (RaftServerImpl.java:setRole(184)) - 399079f7-1eb1-4f37-b003-267572525934@group-D40A05E2FCF9: changes role from  FOLLOWER to CANDIDATE at term 152 for changeToCandidate
2019-10-20 18:18:47,883 [Thread-2330] INFO  impl.RoleInfo (RoleInfo.java:updateAndGet(143)) - 399079f7-1eb1-4f37-b003-267572525934: start LeaderElection
2019-10-20 18:18:47,895 [b75f8b2e-6273-4c97-b7c5-042674931d23@group-F11756C8BA4A-LeaderElection278] INFO  impl.LeaderElection (LeaderElection.java:askForVotes(178)) - b75f8b2e-6273-4c97-b7c5-042674931d23@group-F11756C8BA4A-LeaderElection278: begin an election at term 156 for -1: [6ef27e9c-8ddb-4fa1-8c14-ab102acfb1b8:192.168.164.241:38092, b75f8b2e-6273-4c97-b7c5-042674931d23:192.168.164.241:41857, 3750b3a2-715b-46b3-9d0c-9e38136244b9:192.168.164.241:46227], old=null
2019-10-20 18:18:47,897 [grpc-default-executor-5] INFO  impl.RaftServerImpl (RaftServerImpl.java:setRole(184)) - 6ef27e9c-8ddb-4fa1-8c14-ab102acfb1b8@group-F11756C8BA4A: changes role from  FOLLOWER to FOLLOWER at term 156 for recognizeCandidate:b75f8b2e-6273-4c97-b7c5-042674931d23
2019-10-20 18:18:47,897 [grpc-default-executor-10] INFO  impl.RaftServerImpl (RaftServerImpl.java:setRole(184)) - 3750b3a2-715b-46b3-9d0c-9e38136244b9@group-F11756C8BA4A: changes role from  FOLLOWER to FOLLOWER at term 156 for recognizeCandidate:b75f8b2e-6273-4c97-b7c5-042674931d23
2019-10-20 18:18:47,897 [grpc-default-executor-10] INFO  impl.RoleInfo (RoleInfo.java:shutdownFollowerState(121)) - 3750b3a2-715b-46b3-9d0c-9e38136244b9: shutdown FollowerState
2019-10-20 18:18:47,897 [grpc-default-executor-5] INFO  impl.RoleInfo (RoleInfo.java:shutdownFollowerState(121)) - 6ef27e9c-8ddb-4fa1-8c14-ab102acfb1b8: shutdown FollowerState
2019-10-20 18:18:47,897 [Thread-2317] INFO  impl.FollowerState (FollowerState.java:run(117)) - 3750b3a2-715b-46b3-9d0c-9e38136244b9@group-F11756C8BA4A-FollowerState was interrupted: java.lang.InterruptedException: sleep interrupted
2019-10-20 18:18:47,897 [grpc-default-executor-10] INFO  impl.RoleInfo (RoleInfo.java:updateAndGet(143)) - 3750b3a2-715b-46b3-9d0c-9e38136244b9: start FollowerState
2019-10-20 18:18:47,898 [Thread-2318] INFO  impl.FollowerState (FollowerState.java:run(117)) - 6ef27e9c-8ddb-4fa1-8c14-ab102acfb1b8@group-F11756C8BA4A-FollowerState was interrupted: java.lang.InterruptedException: sleep interrupted
2019-10-20 18:18:47,897 [grpc-default-executor-5] INFO  impl.RoleInfo (RoleInfo.java:updateAndGet(143)) - 6ef27e9c-8ddb-4fa1-8c14-ab102acfb1b8: start FollowerState
2019-10-20 18:18:47,903 [399079f7-1eb1-4f37-b003-267572525934@group-D40A05E2FCF9-LeaderElection279] INFO  impl.LeaderElection (LeaderElection.java:askForVotes(178)) - 399079f7-1eb1-4f37-b003-267572525934@group-D40A05E2FCF9-LeaderElection279: begin an election at term 153 for -1: [399079f7-1eb1-4f37-b003-267572525934:192.168.164.241:37762, 7a43c46a-fc88-4b2d-b2da-ae029cfa60ff:192.168.164.241:43684, 6c5c38af-62e6-4ea7-a24a-078dcb28fb39:192.168.164.241:45428], old=null
2019-10-20 18:18:47,905 [grpc-default-executor-7] INFO  impl.RaftServerImpl (RaftServerImpl.java:setRole(184)) - 7a43c46a-fc88-4b2d-b2da-ae029cfa60ff@group-D40A05E2FCF9: changes role from  FOLLOWER to FOLLOWER at term 153 for recognizeCandidate:399079f7-1eb1-4f37-b003-267572525934
2019-10-20 18:18:47,905 [grpc-default-executor-7] INFO  impl.RoleInfo (RoleInfo.java:shutdownFollowerState(121)) - 7a43c46a-fc88-4b2d-b2da-ae029cfa60ff: shutdown FollowerState
2019-10-20 18:18:47,905 [grpc-default-executor-4] INFO  impl.RaftServerImpl (RaftServerImpl.java:setRole(184)) - 6c5c38af-62e6-4ea7-a24a-078dcb28fb39@group-D40A05E2FCF9: changes role from  FOLLOWER to FOLLOWER at term 153 for recognizeCandidate:399079f7-1eb1-4f37-b003-267572525934
2019-10-20 18:18:47,905 [grpc-default-executor-4] INFO  impl.RoleInfo (RoleInfo.java:shutdownFollowerState(121)) - 6c5c38af-62e6-4ea7-a24a-078dcb28fb39: shutdown FollowerState
2019-10-20 18:18:47,906 [grpc-default-executor-4] INFO  impl.RoleInfo (RoleInfo.java:updateAndGet(143)) - 6c5c38af-62e6-4ea7-a24a-078dcb28fb39: start FollowerState
2019-10-20 18:18:47,905 [Thread-2328] INFO  impl.FollowerState (FollowerState.java:run(117)) - 7a43c46a-fc88-4b2d-b2da-ae029cfa60ff@group-D40A05E2FCF9-FollowerState was interrupted: java.lang.InterruptedException: sleep interrupted
2019-10-20 18:18:47,905 [grpc-default-executor-7] INFO  impl.RoleInfo (RoleInfo.java:updateAndGet(143)) - 7a43c46a-fc88-4b2d-b2da-ae029cfa60ff: start FollowerState
2019-10-20 18:18:47,906 [Thread-2329] INFO  impl.FollowerState (FollowerState.java:run(117)) - 6c5c38af-62e6-4ea7-a24a-078dcb28fb39@group-D40A05E2FCF9-FollowerState was interrupted: java.lang.InterruptedException: sleep interrupted
2019-10-20 18:18:47,921 [Datanode State Machine Thread - 0] INFO  statemachine.DatanodeStateMachine (DatanodeStateMachine.java:lambda$startDaemon$0(350)) - Ozone container server started.
2019-10-20 18:18:47,923 [399079f7-1eb1-4f37-b003-267572525934@group-D40A05E2FCF9-LeaderElection279] INFO  impl.LeaderElection (LeaderElection.java:logAndReturn(56)) - 399079f7-1eb1-4f37-b003-267572525934@group-D40A05E2FCF9-LeaderElection279: Election TIMEOUT; received 0 response(s) [] and 0 exception(s); 399079f7-1eb1-4f37-b003-267572525934@group-D40A05E2FCF9:t153, leader=null, voted=399079f7-1eb1-4f37-b003-267572525934, raftlog=399079f7-1eb1-4f37-b003-267572525934@group-D40A05E2FCF9-SegmentedRaftLog:OPENED:c-1,f-1,i0, conf=-1: [399079f7-1eb1-4f37-b003-267572525934:192.168.164.241:37762, 7a43c46a-fc88-4b2d-b2da-ae029cfa60ff:192.168.164.241:43684, 6c5c38af-62e6-4ea7-a24a-078dcb28fb39:192.168.164.241:45428], old=null
2019-10-20 18:18:47,940 [b75f8b2e-6273-4c97-b7c5-042674931d23@group-F11756C8BA4A-LeaderElection278] INFO  impl.LeaderElection (LeaderElection.java:logAndReturn(56)) - b75f8b2e-6273-4c97-b7c5-042674931d23@group-F11756C8BA4A-LeaderElection278: Election REJECTED; received 2 response(s) [b75f8b2e-6273-4c97-b7c5-042674931d23<-6ef27e9c-8ddb-4fa1-8c14-ab102acfb1b8#0:FAIL-t156, b75f8b2e-6273-4c97-b7c5-042674931d23<-3750b3a2-715b-46b3-9d0c-9e38136244b9#0:FAIL-t156] and 0 exception(s); b75f8b2e-6273-4c97-b7c5-042674931d23@group-F11756C8BA4A:t156, leader=null, voted=b75f8b2e-6273-4c97-b7c5-042674931d23, raftlog=b75f8b2e-6273-4c97-b7c5-042674931d23@group-F11756C8BA4A-SegmentedRaftLog:OPENED:c-1,f-1,i0, conf=-1: [6ef27e9c-8ddb-4fa1-8c14-ab102acfb1b8:192.168.164.241:38092, b75f8b2e-6273-4c97-b7c5-042674931d23:192.168.164.241:41857, 3750b3a2-715b-46b3-9d0c-9e38136244b9:192.168.164.241:46227], old=null
2019-10-20 18:18:47,940 [b75f8b2e-6273-4c97-b7c5-042674931d23@group-F11756C8BA4A-LeaderElection278] INFO  impl.RaftServerImpl (RaftServerImpl.java:setRole(184)) - b75f8b2e-6273-4c97-b7c5-042674931d23@group-F11756C8BA4A: changes role from CANDIDATE to FOLLOWER at term 156 for DISCOVERED_A_NEW_TERM
2019-10-20 18:18:47,940 [b75f8b2e-6273-4c97-b7c5-042674931d23@group-F11756C8BA4A-LeaderElection278] INFO  impl.RoleInfo (RoleInfo.java:shutdownLeaderElection(134)) - b75f8b2e-6273-4c97-b7c5-042674931d23: shutdown LeaderElection
2019-10-20 18:18:47,940 [b75f8b2e-6273-4c97-b7c5-042674931d23@group-F11756C8BA4A-LeaderElection278] INFO  impl.RoleInfo (RoleInfo.java:updateAndGet(143)) - b75f8b2e-6273-4c97-b7c5-042674931d23: start FollowerState
2019-10-20 18:18:47,947 [399079f7-1eb1-4f37-b003-267572525934@group-D40A05E2FCF9-LeaderElection279] INFO  impl.LeaderElection (LeaderElection.java:askForVotes(178)) - 399079f7-1eb1-4f37-b003-267572525934@group-D40A05E2FCF9-LeaderElection279: begin an election at term 154 for -1: [399079f7-1eb1-4f37-b003-267572525934:192.168.164.241:37762, 7a43c46a-fc88-4b2d-b2da-ae029cfa60ff:192.168.164.241:43684, 6c5c38af-62e6-4ea7-a24a-078dcb28fb39:192.168.164.241:45428], old=null
2019-10-20 18:18:47,949 [grpc-default-executor-7] INFO  impl.RaftServerImpl (RaftServerImpl.java:setRole(184)) - 7a43c46a-fc88-4b2d-b2da-ae029cfa60ff@group-D40A05E2FCF9: changes role from  FOLLOWER to FOLLOWER at term 154 for recognizeCandidate:399079f7-1eb1-4f37-b003-267572525934
2019-10-20 18:18:47,949 [grpc-default-executor-10] INFO  impl.RaftServerImpl (RaftServerImpl.java:setRole(184)) - 6c5c38af-62e6-4ea7-a24a-078dcb28fb39@group-D40A05E2FCF9: changes role from  FOLLOWER to FOLLOWER at term 154 for recognizeCandidate:399079f7-1eb1-4f37-b003-267572525934
2019-10-20 18:18:47,949 [grpc-default-executor-10] INFO  impl.RoleInfo (RoleInfo.java:shutdownFollowerState(121)) - 6c5c38af-62e6-4ea7-a24a-078dcb28fb39: shutdown FollowerState
2019-10-20 18:18:47,949 [grpc-default-executor-7] INFO  impl.RoleInfo (RoleInfo.java:shutdownFollowerState(121)) - 7a43c46a-fc88-4b2d-b2da-ae029cfa60ff: shutdown FollowerState
2019-10-20 18:18:47,949 [Thread-2340] INFO  impl.FollowerState (FollowerState.java:run(117)) - 6c5c38af-62e6-4ea7-a24a-078dcb28fb39@group-D40A05E2FCF9-FollowerState was interrupted: java.lang.InterruptedException: sleep interrupted
2019-10-20 18:18:47,949 [grpc-default-executor-10] INFO  impl.RoleInfo (RoleInfo.java:updateAndGet(143)) - 6c5c38af-62e6-4ea7-a24a-078dcb28fb39: start FollowerState
2019-10-20 18:18:47,949 [grpc-default-executor-7] INFO  impl.RoleInfo (RoleInfo.java:updateAndGet(143)) - 7a43c46a-fc88-4b2d-b2da-ae029cfa60ff: start FollowerState
2019-10-20 18:18:47,949 [Thread-2339] INFO  impl.FollowerState (FollowerState.java:run(117)) - 7a43c46a-fc88-4b2d-b2da-ae029cfa60ff@group-D40A05E2FCF9-FollowerState was interrupted: java.lang.InterruptedException: sleep interrupted
2019-10-20 18:18:47,965 [Datanode State Machine Thread - 0] INFO  statemachine.DatanodeStateMachine (DatanodeStateMachine.java:lambda$startDaemon$0(350)) - Ozone container server started.
2019-10-20 18:18:47,969 [399079f7-1eb1-4f37-b003-267572525934@group-D40A05E2FCF9-LeaderElection279] INFO  impl.LeaderElection (LeaderElection.java:logAndReturn(56)) - 399079f7-1eb1-4f37-b003-267572525934@group-D40A05E2FCF9-LeaderElection279: Election REJECTED; received 2 response(s) [399079f7-1eb1-4f37-b003-267572525934<-7a43c46a-fc88-4b2d-b2da-ae029cfa60ff#0:FAIL-t154, 399079f7-1eb1-4f37-b003-267572525934<-6c5c38af-62e6-4ea7-a24a-078dcb28fb39#0:FAIL-t154] and 0 exception(s); 399079f7-1eb1-4f37-b003-267572525934@group-D40A05E2FCF9:t154, leader=null, voted=399079f7-1eb1-4f37-b003-267572525934, raftlog=399079f7-1eb1-4f37-b003-267572525934@group-D40A05E2FCF9-SegmentedRaftLog:OPENED:c-1,f-1,i0, conf=-1: [399079f7-1eb1-4f37-b003-267572525934:192.168.164.241:37762, 7a43c46a-fc88-4b2d-b2da-ae029cfa60ff:192.168.164.241:43684, 6c5c38af-62e6-4ea7-a24a-078dcb28fb39:192.168.164.241:45428], old=null
2019-10-20 18:18:47,969 [399079f7-1eb1-4f37-b003-267572525934@group-D40A05E2FCF9-LeaderElection279] INFO  impl.RaftServerImpl (RaftServerImpl.java:setRole(184)) - 399079f7-1eb1-4f37-b003-267572525934@group-D40A05E2FCF9: changes role from CANDIDATE to FOLLOWER at term 154 for DISCOVERED_A_NEW_TERM
2019-10-20 18:18:47,970 [399079f7-1eb1-4f37-b003-267572525934@group-D40A05E2FCF9-LeaderElection279] INFO  impl.RoleInfo (RoleInfo.java:shutdownLeaderElection(134)) - 399079f7-1eb1-4f37-b003-267572525934: shutdown LeaderElection
2019-10-20 18:18:47,970 [399079f7-1eb1-4f37-b003-267572525934@group-D40A05E2FCF9-LeaderElection279] INFO  impl.RoleInfo (RoleInfo.java:updateAndGet(143)) - 399079f7-1eb1-4f37-b003-267572525934: start FollowerState
2019-10-20 18:18:48,131 [Thread-2341] INFO  impl.FollowerState (FollowerState.java:run(108)) - b75f8b2e-6273-4c97-b7c5-042674931d23@group-F11756C8BA4A-FollowerState: change to CANDIDATE, lastRpcTime:191ms, electionTimeout:191ms
2019-10-20 18:18:48,132 [Thread-2341] INFO  impl.RoleInfo (RoleInfo.java:shutdownFollowerState(121)) - b75f8b2e-6273-4c97-b7c5-042674931d23: shutdown FollowerState
2019-10-20 18:18:48,132 [Thread-2341] INFO  impl.RaftServerImpl (RaftServerImpl.java:setRole(184)) - b75f8b2e-6273-4c97-b7c5-042674931d23@group-F11756C8BA4A: changes role from  FOLLOWER to CANDIDATE at term 156 for changeToCandidate
2019-10-20 18:18:48,132 [Thread-2341] INFO  impl.RoleInfo (RoleInfo.java:updateAndGet(143)) - b75f8b2e-6273-4c97-b7c5-042674931d23: start LeaderElection
2019-10-20 18:18:48,133 [Thread-2346] INFO  impl.FollowerState (FollowerState.java:run(108)) - 399079f7-1eb1-4f37-b003-267572525934@group-D40A05E2FCF9-FollowerState: change to CANDIDATE, lastRpcTime:163ms, electionTimeout:163ms
2019-10-20 18:18:48,133 [Thread-2346] INFO  impl.RoleInfo (RoleInfo.java:shutdownFollowerState(121)) - 399079f7-1eb1-4f37-b003-267572525934: shutdown FollowerState
2019-10-20 18:18:48,133 [Thread-2346] INFO  impl.RaftServerImpl (RaftServerImpl.java:setRole(184)) - 399079f7-1eb1-4f37-b003-267572525934@group-D40A05E2FCF9: changes role from  FOLLOWER to CANDIDATE at term 154 for changeToCandidate
2019-10-20 18:18:48,134 [Thread-2346] INFO  impl.RoleInfo (RoleInfo.java:updateAndGet(143)) - 399079f7-1eb1-4f37-b003-267572525934: start LeaderElection
2019-10-20 18:18:48,159 [b75f8b2e-6273-4c97-b7c5-042674931d23@group-F11756C8BA4A-LeaderElection280] INFO  impl.LeaderElection (LeaderElection.java:askForVotes(178)) - b75f8b2e-6273-4c97-b7c5-042674931d23@group-F11756C8BA4A-LeaderElection280: begin an election at term 157 for -1: [6ef27e9c-8ddb-4fa1-8c14-ab102acfb1b8:192.168.164.241:38092, b75f8b2e-6273-4c97-b7c5-042674931d23:192.168.164.241:41857, 3750b3a2-715b-46b3-9d0c-9e38136244b9:192.168.164.241:46227], old=null
2019-10-20 18:18:48,159 [399079f7-1eb1-4f37-b003-267572525934@group-D40A05E2FCF9-LeaderElection281] INFO  impl.LeaderElection (LeaderElection.java:askForVotes(178)) - 399079f7-1eb1-4f37-b003-267572525934@group-D40A05E2FCF9-LeaderElection281: begin an election at term 155 for -1: [399079f7-1eb1-4f37-b003-267572525934:192.168.164.241:37762, 7a43c46a-fc88-4b2d-b2da-ae029cfa60ff:192.168.164.241:43684, 6c5c38af-62e6-4ea7-a24a-078dcb28fb39:192.168.164.241:45428], old=null
2019-10-20 18:18:48,162 [grpc-default-executor-10] INFO  impl.RaftServerImpl (RaftServerImpl.java:setRole(184)) - 6c5c38af-62e6-4ea7-a24a-078dcb28fb39@group-D40A05E2FCF9: changes role from  FOLLOWER to FOLLOWER at term 155 for recognizeCandidate:399079f7-1eb1-4f37-b003-267572525934
2019-10-20 18:18:48,162 [grpc-default-executor-7] INFO  impl.RaftServerImpl (RaftServerImpl.java:setRole(184)) - 6ef27e9c-8ddb-4fa1-8c14-ab102acfb1b8@group-F11756C8BA4A: changes role from  FOLLOWER to FOLLOWER at term 157 for recognizeCandidate:b75f8b2e-6273-4c97-b7c5-042674931d23
2019-10-20 18:18:48,163 [grpc-default-executor-5] INFO  impl.RaftServerImpl (RaftServerImpl.java:setRole(184)) - 3750b3a2-715b-46b3-9d0c-9e38136244b9@group-F11756C8BA4A: changes role from  FOLLOWER to FOLLOWER at term 157 for recognizeCandidate:b75f8b2e-6273-4c97-b7c5-042674931d23
2019-10-20 18:18:48,163 [grpc-default-executor-5] INFO  impl.RoleInfo (RoleInfo.java:shutdownFollowerState(121)) - 3750b3a2-715b-46b3-9d0c-9e38136244b9: shutdown FollowerState
2019-10-20 18:18:48,163 [grpc-default-executor-5] INFO  impl.RoleInfo (RoleInfo.java:updateAndGet(143)) - 3750b3a2-715b-46b3-9d0c-9e38136244b9: start FollowerState
2019-10-20 18:18:48,163 [grpc-default-executor-10] INFO  impl.RoleInfo (RoleInfo.java:shutdownFollowerState(121)) - 6c5c38af-62e6-4ea7-a24a-078dcb28fb39: shutdown FollowerState
2019-10-20 18:18:48,163 [Thread-2335] INFO  impl.FollowerState (FollowerState.java:run(117)) - 3750b3a2-715b-46b3-9d0c-9e38136244b9@group-F11756C8BA4A-FollowerState was interrupted: java.lang.InterruptedException: sleep interrupted
2019-10-20 18:18:48,164 [Thread-2344] INFO  impl.FollowerState (FollowerState.java:run(117)) - 6c5c38af-62e6-4ea7-a24a-078dcb28fb39@group-D40A05E2FCF9-FollowerState was interrupted: java.lang.InterruptedException: sleep interrupted
2019-10-20 18:18:48,163 [grpc-default-executor-7] INFO  impl.RoleInfo (RoleInfo.java:shutdownFollowerState(121)) - 6ef27e9c-8ddb-4fa1-8c14-ab102acfb1b8: shutdown FollowerState
2019-10-20 18:18:48,163 [grpc-default-executor-4] INFO  impl.RaftServerImpl (RaftServerImpl.java:setRole(184)) - 7a43c46a-fc88-4b2d-b2da-ae029cfa60ff@group-D40A05E2FCF9: changes role from  FOLLOWER to FOLLOWER at term 155 for recognizeCandidate:399079f7-1eb1-4f37-b003-267572525934
2019-10-20 18:18:48,165 [grpc-default-executor-4] INFO  impl.RoleInfo (RoleInfo.java:shutdownFollowerState(121)) - 7a43c46a-fc88-4b2d-b2da-ae029cfa60ff: shutdown FollowerState
2019-10-20 18:18:48,165 [grpc-default-executor-7] INFO  impl.RoleInfo (RoleInfo.java:updateAndGet(143)) - 6ef27e9c-8ddb-4fa1-8c14-ab102acfb1b8: start FollowerState
2019-10-20 18:18:48,165 [Thread-2336] INFO  impl.FollowerState (FollowerState.java:run(117)) - 6ef27e9c-8ddb-4fa1-8c14-ab102acfb1b8@group-F11756C8BA4A-FollowerState was interrupted: java.lang.InterruptedException: sleep interrupted
2019-10-20 18:18:48,164 [grpc-default-executor-10] INFO  impl.RoleInfo (RoleInfo.java:updateAndGet(143)) - 6c5c38af-62e6-4ea7-a24a-078dcb28fb39: start FollowerState
2019-10-20 18:18:48,165 [Thread-2345] INFO  impl.FollowerState (FollowerState.java:run(117)) - 7a43c46a-fc88-4b2d-b2da-ae029cfa60ff@group-D40A05E2FCF9-FollowerState was interrupted: java.lang.InterruptedException: sleep interrupted
2019-10-20 18:18:48,165 [grpc-default-executor-4] INFO  impl.RoleInfo (RoleInfo.java:updateAndGet(143)) - 7a43c46a-fc88-4b2d-b2da-ae029cfa60ff: start FollowerState
2019-10-20 18:18:48,195 [399079f7-1eb1-4f37-b003-267572525934@group-D40A05E2FCF9-LeaderElection281] INFO  impl.LeaderElection (LeaderElection.java:logAndReturn(56)) - 399079f7-1eb1-4f37-b003-267572525934@group-D40A05E2FCF9-LeaderElection281: Election REJECTED; received 2 response(s) [399079f7-1eb1-4f37-b003-267572525934<-7a43c46a-fc88-4b2d-b2da-ae029cfa60ff#0:FAIL-t155, 399079f7-1eb1-4f37-b003-267572525934<-6c5c38af-62e6-4ea7-a24a-078dcb28fb39#0:FAIL-t155] and 0 exception(s); 399079f7-1eb1-4f37-b003-267572525934@group-D40A05E2FCF9:t155, leader=null, voted=399079f7-1eb1-4f37-b003-267572525934, raftlog=399079f7-1eb1-4f37-b003-267572525934@group-D40A05E2FCF9-SegmentedRaftLog:OPENED:c-1,f-1,i0, conf=-1: [399079f7-1eb1-4f37-b003-267572525934:192.168.164.241:37762, 7a43c46a-fc88-4b2d-b2da-ae029cfa60ff:192.168.164.241:43684, 6c5c38af-62e6-4ea7-a24a-078dcb28fb39:192.168.164.241:45428], old=null
2019-10-20 18:18:48,195 [b75f8b2e-6273-4c97-b7c5-042674931d23@group-F11756C8BA4A-LeaderElection280] INFO  impl.LeaderElection (LeaderElection.java:logAndReturn(56)) - b75f8b2e-6273-4c97-b7c5-042674931d23@group-F11756C8BA4A-LeaderElection280: Election REJECTED; received 2 response(s) [b75f8b2e-6273-4c97-b7c5-042674931d23<-6ef27e9c-8ddb-4fa1-8c14-ab102acfb1b8#0:FAIL-t157, b75f8b2e-6273-4c97-b7c5-042674931d23<-3750b3a2-715b-46b3-9d0c-9e38136244b9#0:FAIL-t157] and 0 exception(s); b75f8b2e-6273-4c97-b7c5-042674931d23@group-F11756C8BA4A:t157, leader=null, voted=b75f8b2e-6273-4c97-b7c5-042674931d23, raftlog=b75f8b2e-6273-4c97-b7c5-042674931d23@group-F11756C8BA4A-SegmentedRaftLog:OPENED:c-1,f-1,i0, conf=-1: [6ef27e9c-8ddb-4fa1-8c14-ab102acfb1b8:192.168.164.241:38092, b75f8b2e-6273-4c97-b7c5-042674931d23:192.168.164.241:41857, 3750b3a2-715b-46b3-9d0c-9e38136244b9:192.168.164.241:46227], old=null
2019-10-20 18:18:48,195 [399079f7-1eb1-4f37-b003-267572525934@group-D40A05E2FCF9-LeaderElection281] INFO  impl.RaftServerImpl (RaftServerImpl.java:setRole(184)) - 399079f7-1eb1-4f37-b003-267572525934@group-D40A05E2FCF9: changes role from CANDIDATE to FOLLOWER at term 155 for DISCOVERED_A_NEW_TERM
2019-10-20 18:18:48,195 [b75f8b2e-6273-4c97-b7c5-042674931d23@group-F11756C8BA4A-LeaderElection280] INFO  impl.RaftServerImpl (RaftServerImpl.java:setRole(184)) - b75f8b2e-6273-4c97-b7c5-042674931d23@group-F11756C8BA4A: changes role from CANDIDATE to FOLLOWER at term 157 for DISCOVERED_A_NEW_TERM
2019-10-20 18:18:48,195 [399079f7-1eb1-4f37-b003-267572525934@group-D40A05E2FCF9-LeaderElection281] INFO  impl.RoleInfo (RoleInfo.java:shutdownLeaderElection(134)) - 399079f7-1eb1-4f37-b003-267572525934: shutdown LeaderElection
2019-10-20 18:18:48,195 [b75f8b2e-6273-4c97-b7c5-042674931d23@group-F11756C8BA4A-LeaderElection280] INFO  impl.RoleInfo (RoleInfo.java:shutdownLeaderElection(134)) - b75f8b2e-6273-4c97-b7c5-042674931d23: shutdown LeaderElection
2019-10-20 18:18:48,196 [399079f7-1eb1-4f37-b003-267572525934@group-D40A05E2FCF9-LeaderElection281] INFO  impl.RoleInfo (RoleInfo.java:updateAndGet(143)) - 399079f7-1eb1-4f37-b003-267572525934: start FollowerState
2019-10-20 18:18:48,196 [b75f8b2e-6273-4c97-b7c5-042674931d23@group-F11756C8BA4A-LeaderElection280] INFO  impl.RoleInfo (RoleInfo.java:updateAndGet(143)) - b75f8b2e-6273-4c97-b7c5-042674931d23: start FollowerState
2019-10-20 18:18:48,283 [Thread-2370] INFO  impl.FollowerState (FollowerState.java:run(108)) - 399079f7-1eb1-4f37-b003-267572525934@group-D40A05E2FCF9-FollowerState: change to CANDIDATE, lastRpcTime:87ms, electionTimeout:87ms
2019-10-20 18:18:48,283 [Thread-2370] INFO  impl.RoleInfo (RoleInfo.java:shutdownFollowerState(121)) - 399079f7-1eb1-4f37-b003-267572525934: shutdown FollowerState
2019-10-20 18:18:48,284 [Thread-2370] INFO  impl.RaftServerImpl (RaftServerImpl.java:setRole(184)) - 399079f7-1eb1-4f37-b003-267572525934@group-D40A05E2FCF9: changes role from  FOLLOWER to CANDIDATE at term 155 for changeToCandidate
2019-10-20 18:18:48,284 [Thread-2370] INFO  impl.RoleInfo (RoleInfo.java:updateAndGet(143)) - 399079f7-1eb1-4f37-b003-267572525934: start LeaderElection
2019-10-20 18:18:48,312 [399079f7-1eb1-4f37-b003-267572525934@group-D40A05E2FCF9-LeaderElection282] INFO  impl.LeaderElection (LeaderElection.java:askForVotes(178)) - 399079f7-1eb1-4f37-b003-267572525934@group-D40A05E2FCF9-LeaderElection282: begin an election at term 156 for -1: [399079f7-1eb1-4f37-b003-267572525934:192.168.164.241:37762, 7a43c46a-fc88-4b2d-b2da-ae029cfa60ff:192.168.164.241:43684, 6c5c38af-62e6-4ea7-a24a-078dcb28fb39:192.168.164.241:45428], old=null
2019-10-20 18:18:48,314 [grpc-default-executor-5] INFO  impl.RaftServerImpl (RaftServerImpl.java:setRole(184)) - 7a43c46a-fc88-4b2d-b2da-ae029cfa60ff@group-D40A05E2FCF9: changes role from  FOLLOWER to FOLLOWER at term 156 for recognizeCandidate:399079f7-1eb1-4f37-b003-267572525934
2019-10-20 18:18:48,314 [grpc-default-executor-7] INFO  impl.RaftServerImpl (RaftServerImpl.java:setRole(184)) - 6c5c38af-62e6-4ea7-a24a-078dcb28fb39@group-D40A05E2FCF9: changes role from  FOLLOWER to FOLLOWER at term 156 for recognizeCandidate:399079f7-1eb1-4f37-b003-267572525934
2019-10-20 18:18:48,314 [grpc-default-executor-5] INFO  impl.RoleInfo (RoleInfo.java:shutdownFollowerState(121)) - 7a43c46a-fc88-4b2d-b2da-ae029cfa60ff: shutdown FollowerState
2019-10-20 18:18:48,314 [grpc-default-executor-7] INFO  impl.RoleInfo (RoleInfo.java:shutdownFollowerState(121)) - 6c5c38af-62e6-4ea7-a24a-078dcb28fb39: shutdown FollowerState
2019-10-20 18:18:48,314 [Thread-2369] INFO  impl.FollowerState (FollowerState.java:run(117)) - 7a43c46a-fc88-4b2d-b2da-ae029cfa60ff@group-D40A05E2FCF9-FollowerState was interrupted: java.lang.InterruptedException: sleep interrupted
2019-10-20 18:18:48,315 [Thread-2367] INFO  impl.FollowerState (FollowerState.java:run(117)) - 6c5c38af-62e6-4ea7-a24a-078dcb28fb39@group-D40A05E2FCF9-FollowerState was interrupted: java.lang.InterruptedException: sleep interrupted
2019-10-20 18:18:48,314 [grpc-default-executor-5] INFO  impl.RoleInfo (RoleInfo.java:updateAndGet(143)) - 7a43c46a-fc88-4b2d-b2da-ae029cfa60ff: start FollowerState
2019-10-20 18:18:48,315 [grpc-default-executor-7] INFO  impl.RoleInfo (RoleInfo.java:updateAndGet(143)) - 6c5c38af-62e6-4ea7-a24a-078dcb28fb39: start FollowerState
2019-10-20 18:18:48,338 [399079f7-1eb1-4f37-b003-267572525934@group-D40A05E2FCF9-LeaderElection282] INFO  impl.LeaderElection (LeaderElection.java:logAndReturn(56)) - 399079f7-1eb1-4f37-b003-267572525934@group-D40A05E2FCF9-LeaderElection282: Election REJECTED; received 2 response(s) [399079f7-1eb1-4f37-b003-267572525934<-7a43c46a-fc88-4b2d-b2da-ae029cfa60ff#0:FAIL-t156, 399079f7-1eb1-4f37-b003-267572525934<-6c5c38af-62e6-4ea7-a24a-078dcb28fb39#0:FAIL-t156] and 0 exception(s); 399079f7-1eb1-4f37-b003-267572525934@group-D40A05E2FCF9:t156, leader=null, voted=399079f7-1eb1-4f37-b003-267572525934, raftlog=399079f7-1eb1-4f37-b003-267572525934@group-D40A05E2FCF9-SegmentedRaftLog:OPENED:c-1,f-1,i0, conf=-1: [399079f7-1eb1-4f37-b003-267572525934:192.168.164.241:37762, 7a43c46a-fc88-4b2d-b2da-ae029cfa60ff:192.168.164.241:43684, 6c5c38af-62e6-4ea7-a24a-078dcb28fb39:192.168.164.241:45428], old=null
2019-10-20 18:18:48,339 [399079f7-1eb1-4f37-b003-267572525934@group-D40A05E2FCF9-LeaderElection282] INFO  impl.RaftServerImpl (RaftServerImpl.java:setRole(184)) - 399079f7-1eb1-4f37-b003-267572525934@group-D40A05E2FCF9: changes role from CANDIDATE to FOLLOWER at term 156 for DISCOVERED_A_NEW_TERM
2019-10-20 18:18:48,339 [399079f7-1eb1-4f37-b003-267572525934@group-D40A05E2FCF9-LeaderElection282] INFO  impl.RoleInfo (RoleInfo.java:shutdownLeaderElection(134)) - 399079f7-1eb1-4f37-b003-267572525934: shutdown LeaderElection
2019-10-20 18:18:48,339 [399079f7-1eb1-4f37-b003-267572525934@group-D40A05E2FCF9-LeaderElection282] INFO  impl.RoleInfo (RoleInfo.java:updateAndGet(143)) - 399079f7-1eb1-4f37-b003-267572525934: start FollowerState
2019-10-20 18:18:48,348 [Thread-2377] INFO  impl.FollowerState (FollowerState.java:run(108)) - 399079f7-1eb1-4f37-b003-267572525934@group-D40A05E2FCF9-FollowerState: change to CANDIDATE, lastRpcTime:9ms, electionTimeout:9ms
2019-10-20 18:18:48,348 [Thread-2377] INFO  impl.RoleInfo (RoleInfo.java:shutdownFollowerState(121)) - 399079f7-1eb1-4f37-b003-267572525934: shutdown FollowerState
2019-10-20 18:18:48,348 [Thread-2377] INFO  impl.RaftServerImpl (RaftServerImpl.java:setRole(184)) - 399079f7-1eb1-4f37-b003-267572525934@group-D40A05E2FCF9: changes role from  FOLLOWER to CANDIDATE at term 156 for changeToCandidate
2019-10-20 18:18:48,348 [Thread-2377] INFO  impl.RoleInfo (RoleInfo.java:updateAndGet(143)) - 399079f7-1eb1-4f37-b003-267572525934: start LeaderElection
2019-10-20 18:18:48,371 [Thread-2371] INFO  impl.FollowerState (FollowerState.java:run(108)) - b75f8b2e-6273-4c97-b7c5-042674931d23@group-F11756C8BA4A-FollowerState: change to CANDIDATE, lastRpcTime:175ms, electionTimeout:175ms
2019-10-20 18:18:48,371 [399079f7-1eb1-4f37-b003-267572525934@group-D40A05E2FCF9-LeaderElection283] INFO  impl.LeaderElection (LeaderElection.java:askForVotes(178)) - 399079f7-1eb1-4f37-b003-267572525934@group-D40A05E2FCF9-LeaderElection283: begin an election at term 157 for -1: [399079f7-1eb1-4f37-b003-267572525934:192.168.164.241:37762, 7a43c46a-fc88-4b2d-b2da-ae029cfa60ff:192.168.164.241:43684, 6c5c38af-62e6-4ea7-a24a-078dcb28fb39:192.168.164.241:45428], old=null
2019-10-20 18:18:48,371 [Thread-2371] INFO  impl.RoleInfo (RoleInfo.java:shutdownFollowerState(121)) - b75f8b2e-6273-4c97-b7c5-042674931d23: shutdown FollowerState
2019-10-20 18:18:48,372 [Thread-2371] INFO  impl.RaftServerImpl (RaftServerImpl.java:setRole(184)) - b75f8b2e-6273-4c97-b7c5-042674931d23@group-F11756C8BA4A: changes role from  FOLLOWER to CANDIDATE at term 157 for changeToCandidate
2019-10-20 18:18:48,372 [Thread-2371] INFO  impl.RoleInfo (RoleInfo.java:updateAndGet(143)) - b75f8b2e-6273-4c97-b7c5-042674931d23: start LeaderElection
2019-10-20 18:18:48,372 [399079f7-1eb1-4f37-b003-267572525934@group-D40A05E2FCF9-LeaderElection283] INFO  impl.LeaderElection (LeaderElection.java:logAndReturn(56)) - 399079f7-1eb1-4f37-b003-267572525934@group-D40A05E2FCF9-LeaderElection283: Election TIMEOUT; received 0 response(s) [] and 0 exception(s); 399079f7-1eb1-4f37-b003-267572525934@group-D40A05E2FCF9:t157, leader=null, voted=399079f7-1eb1-4f37-b003-267572525934, raftlog=399079f7-1eb1-4f37-b003-267572525934@group-D40A05E2FCF9-SegmentedRaftLog:OPENED:c-1,f-1,i0, conf=-1: [399079f7-1eb1-4f37-b003-267572525934:192.168.164.241:37762, 7a43c46a-fc88-4b2d-b2da-ae029cfa60ff:192.168.164.241:43684, 6c5c38af-62e6-4ea7-a24a-078dcb28fb39:192.168.164.241:45428], old=null
2019-10-20 18:18:48,373 [grpc-default-executor-5] INFO  impl.RaftServerImpl (RaftServerImpl.java:setRole(184)) - 7a43c46a-fc88-4b2d-b2da-ae029cfa60ff@group-D40A05E2FCF9: changes role from  FOLLOWER to FOLLOWER at term 157 for recognizeCandidate:399079f7-1eb1-4f37-b003-267572525934
2019-10-20 18:18:48,373 [grpc-default-executor-5] INFO  impl.RoleInfo (RoleInfo.java:shutdownFollowerState(121)) - 7a43c46a-fc88-4b2d-b2da-ae029cfa60ff: shutdown FollowerState
2019-10-20 18:18:48,373 [grpc-default-executor-5] INFO  impl.RoleInfo (RoleInfo.java:updateAndGet(143)) - 7a43c46a-fc88-4b2d-b2da-ae029cfa60ff: start FollowerState
2019-10-20 18:18:48,373 [grpc-default-executor-7] INFO  impl.RaftServerImpl (RaftServerImpl.java:setRole(184)) - 6c5c38af-62e6-4ea7-a24a-078dcb28fb39@group-D40A05E2FCF9: changes role from  FOLLOWER to FOLLOWER at term 157 for recognizeCandidate:399079f7-1eb1-4f37-b003-267572525934
2019-10-20 18:18:48,373 [grpc-default-executor-7] INFO  impl.RoleInfo (RoleInfo.java:shutdownFollowerState(121)) - 6c5c38af-62e6-4ea7-a24a-078dcb28fb39: shutdown FollowerState
2019-10-20 18:18:48,373 [Thread-2375] INFO  impl.FollowerState (FollowerState.java:run(117)) - 7a43c46a-fc88-4b2d-b2da-ae029cfa60ff@group-D40A05E2FCF9-FollowerState was interrupted: java.lang.InterruptedException: sleep interrupted
2019-10-20 18:18:48,373 [Thread-2376] INFO  impl.FollowerState (FollowerState.java:run(117)) - 6c5c38af-62e6-4ea7-a24a-078dcb28fb39@group-D40A05E2FCF9-FollowerState was interrupted: java.lang.InterruptedException: sleep interrupted
2019-10-20 18:18:48,373 [grpc-default-executor-7] INFO  impl.RoleInfo (RoleInfo.java:updateAndGet(143)) - 6c5c38af-62e6-4ea7-a24a-078dcb28fb39: start FollowerState
2019-10-20 18:18:48,398 [b75f8b2e-6273-4c97-b7c5-042674931d23@group-F11756C8BA4A-LeaderElection284] INFO  impl.LeaderElection (LeaderElection.java:askForVotes(178)) - b75f8b2e-6273-4c97-b7c5-042674931d23@group-F11756C8BA4A-LeaderElection284: begin an election at term 158 for -1: [6ef27e9c-8ddb-4fa1-8c14-ab102acfb1b8:192.168.164.241:38092, b75f8b2e-6273-4c97-b7c5-042674931d23:192.168.164.241:41857, 3750b3a2-715b-46b3-9d0c-9e38136244b9:192.168.164.241:46227], old=null
2019-10-20 18:18:48,398 [399079f7-1eb1-4f37-b003-267572525934@group-D40A05E2FCF9-LeaderElection283] INFO  impl.LeaderElection (LeaderElection.java:askForVotes(178)) - 399079f7-1eb1-4f37-b003-267572525934@group-D40A05E2FCF9-LeaderElection283: begin an election at term 158 for -1: [399079f7-1eb1-4f37-b003-267572525934:192.168.164.241:37762, 7a43c46a-fc88-4b2d-b2da-ae029cfa60ff:192.168.164.241:43684, 6c5c38af-62e6-4ea7-a24a-078dcb28fb39:192.168.164.241:45428], old=null
2019-10-20 18:18:48,399 [grpc-default-executor-5] INFO  impl.RaftServerImpl (RaftServerImpl.java:setRole(184)) - 6ef27e9c-8ddb-4fa1-8c14-ab102acfb1b8@group-F11756C8BA4A: changes role from  FOLLOWER to FOLLOWER at term 158 for recognizeCandidate:b75f8b2e-6273-4c97-b7c5-042674931d23
2019-10-20 18:18:48,399 [grpc-default-executor-5] INFO  impl.RoleInfo (RoleInfo.java:shutdownFollowerState(121)) - 6ef27e9c-8ddb-4fa1-8c14-ab102acfb1b8: shutdown FollowerState
2019-10-20 18:18:48,399 [grpc-default-executor-7] INFO  impl.RaftServerImpl (RaftServerImpl.java:setRole(184)) - 7a43c46a-fc88-4b2d-b2da-ae029cfa60ff@group-D40A05E2FCF9: changes role from  FOLLOWER to FOLLOWER at term 158 for recognizeCandidate:399079f7-1eb1-4f37-b003-267572525934
2019-10-20 18:18:48,399 [Thread-2368] INFO  impl.FollowerState (FollowerState.java:run(117)) - 6ef27e9c-8ddb-4fa1-8c14-ab102acfb1b8@group-F11756C8BA4A-FollowerState was interrupted: java.lang.InterruptedException: sleep interrupted
2019-10-20 18:18:48,399 [grpc-default-executor-5] INFO  impl.RoleInfo (RoleInfo.java:updateAndGet(143)) - 6ef27e9c-8ddb-4fa1-8c14-ab102acfb1b8: start FollowerState
2019-10-20 18:18:48,399 [grpc-default-executor-4] INFO  impl.RaftServerImpl (RaftServerImpl.java:setRole(184)) - 3750b3a2-715b-46b3-9d0c-9e38136244b9@group-F11756C8BA4A: changes role from  FOLLOWER to FOLLOWER at term 158 for recognizeCandidate:b75f8b2e-6273-4c97-b7c5-042674931d23
2019-10-20 18:18:48,399 [grpc-default-executor-7] INFO  impl.RoleInfo (RoleInfo.java:shutdownFollowerState(121)) - 7a43c46a-fc88-4b2d-b2da-ae029cfa60ff: shutdown FollowerState
2019-10-20 18:18:48,400 [grpc-default-executor-4] INFO  impl.RoleInfo (RoleInfo.java:shutdownFollowerState(121)) - 3750b3a2-715b-46b3-9d0c-9e38136244b9: shutdown FollowerState
2019-10-20 18:18:48,400 [grpc-default-executor-10] INFO  impl.RaftServerImpl (RaftServerImpl.java:setRole(184)) - 6c5c38af-62e6-4ea7-a24a-078dcb28fb39@group-D40A05E2FCF9: changes role from  FOLLOWER to FOLLOWER at term 158 for recognizeCandidate:399079f7-1eb1-4f37-b003-267572525934
2019-10-20 18:18:48,400 [Thread-2366] INFO  impl.FollowerState (FollowerState.java:run(117)) - 3750b3a2-715b-46b3-9d0c-9e38136244b9@group-F11756C8BA4A-FollowerState was interrupted: java.lang.InterruptedException: sleep interrupted
2019-10-20 18:18:48,400 [grpc-default-executor-4] INFO  impl.RoleInfo (RoleInfo.java:updateAndGet(143)) - 3750b3a2-715b-46b3-9d0c-9e38136244b9: start FollowerState
2019-10-20 18:18:48,400 [grpc-default-executor-7] INFO  impl.RoleInfo (RoleInfo.java:updateAndGet(143)) - 7a43c46a-fc88-4b2d-b2da-ae029cfa60ff: start FollowerState
2019-10-20 18:18:48,400 [Thread-2382] INFO  impl.FollowerState (FollowerState.java:run(117)) - 7a43c46a-fc88-4b2d-b2da-ae029cfa60ff@group-D40A05E2FCF9-FollowerState was interrupted: java.lang.InterruptedException: sleep interrupted
2019-10-20 18:18:48,400 [grpc-default-executor-10] INFO  impl.RoleInfo (RoleInfo.java:shutdownFollowerState(121)) - 6c5c38af-62e6-4ea7-a24a-078dcb28fb39: shutdown FollowerState
2019-10-20 18:18:48,401 [grpc-default-executor-10] INFO  impl.RoleInfo (RoleInfo.java:updateAndGet(143)) - 6c5c38af-62e6-4ea7-a24a-078dcb28fb39: start FollowerState
2019-10-20 18:18:48,401 [Thread-2383] INFO  impl.FollowerState (FollowerState.java:run(117)) - 6c5c38af-62e6-4ea7-a24a-078dcb28fb39@group-D40A05E2FCF9-FollowerState was interrupted: java.lang.InterruptedException: sleep interrupted
2019-10-20 18:18:48,403 [399079f7-1eb1-4f37-b003-267572525934@group-D40A05E2FCF9-LeaderElection283] INFO  impl.LeaderElection (LeaderElection.java:logAndReturn(56)) - 399079f7-1eb1-4f37-b003-267572525934@group-D40A05E2FCF9-LeaderElection283: Election TIMEOUT; received 0 response(s) [] and 0 exception(s); 399079f7-1eb1-4f37-b003-267572525934@group-D40A05E2FCF9:t158, leader=null, voted=399079f7-1eb1-4f37-b003-267572525934, raftlog=399079f7-1eb1-4f37-b003-267572525934@group-D40A05E2FCF9-SegmentedRaftLog:OPENED:c-1,f-1,i0, conf=-1: [399079f7-1eb1-4f37-b003-267572525934:192.168.164.241:37762, 7a43c46a-fc88-4b2d-b2da-ae029cfa60ff:192.168.164.241:43684, 6c5c38af-62e6-4ea7-a24a-078dcb28fb39:192.168.164.241:45428], old=null
2019-10-20 18:18:48,415 [399079f7-1eb1-4f37-b003-267572525934@group-D40A05E2FCF9-LeaderElection283] INFO  impl.LeaderElection (LeaderElection.java:askForVotes(178)) - 399079f7-1eb1-4f37-b003-267572525934@group-D40A05E2FCF9-LeaderElection283: begin an election at term 159 for -1: [399079f7-1eb1-4f37-b003-267572525934:192.168.164.241:37762, 7a43c46a-fc88-4b2d-b2da-ae029cfa60ff:192.168.164.241:43684, 6c5c38af-62e6-4ea7-a24a-078dcb28fb39:192.168.164.241:45428], old=null
2019-10-20 18:18:48,416 [b75f8b2e-6273-4c97-b7c5-042674931d23@group-F11756C8BA4A-LeaderElection284] INFO  impl.LeaderElection (LeaderElection.java:logAndReturn(56)) - b75f8b2e-6273-4c97-b7c5-042674931d23@group-F11756C8BA4A-LeaderElection284: Election REJECTED; received 2 response(s) [b75f8b2e-6273-4c97-b7c5-042674931d23<-6ef27e9c-8ddb-4fa1-8c14-ab102acfb1b8#0:FAIL-t158, b75f8b2e-6273-4c97-b7c5-042674931d23<-3750b3a2-715b-46b3-9d0c-9e38136244b9#0:FAIL-t158] and 0 exception(s); b75f8b2e-6273-4c97-b7c5-042674931d23@group-F11756C8BA4A:t158, leader=null, voted=b75f8b2e-6273-4c97-b7c5-042674931d23, raftlog=b75f8b2e-6273-4c97-b7c5-042674931d23@group-F11756C8BA4A-SegmentedRaftLog:OPENED:c-1,f-1,i0, conf=-1: [6ef27e9c-8ddb-4fa1-8c14-ab102acfb1b8:192.168.164.241:38092, b75f8b2e-6273-4c97-b7c5-042674931d23:192.168.164.241:41857, 3750b3a2-715b-46b3-9d0c-9e38136244b9:192.168.164.241:46227], old=null
2019-10-20 18:18:48,416 [b75f8b2e-6273-4c97-b7c5-042674931d23@group-F11756C8BA4A-LeaderElection284] INFO  impl.RaftServerImpl (RaftServerImpl.java:setRole(184)) - b75f8b2e-6273-4c97-b7c5-042674931d23@group-F11756C8BA4A: changes role from CANDIDATE to FOLLOWER at term 158 for DISCOVERED_A_NEW_TERM
2019-10-20 18:18:48,416 [b75f8b2e-6273-4c97-b7c5-042674931d23@group-F11756C8BA4A-LeaderElection284] INFO  impl.RoleInfo (RoleInfo.java:shutdownLeaderElection(134)) - b75f8b2e-6273-4c97-b7c5-042674931d23: shutdown LeaderElection
2019-10-20 18:18:48,416 [b75f8b2e-6273-4c97-b7c5-042674931d23@group-F11756C8BA4A-LeaderElection284] INFO  impl.RoleInfo (RoleInfo.java:updateAndGet(143)) - b75f8b2e-6273-4c97-b7c5-042674931d23: start FollowerState
2019-10-20 18:18:48,417 [grpc-default-executor-4] INFO  impl.RaftServerImpl (RaftServerImpl.java:setRole(184)) - 7a43c46a-fc88-4b2d-b2da-ae029cfa60ff@group-D40A05E2FCF9: changes role from  FOLLOWER to FOLLOWER at term 159 for recognizeCandidate:399079f7-1eb1-4f37-b003-267572525934
2019-10-20 18:18:48,417 [grpc-default-executor-4] INFO  impl.RoleInfo (RoleInfo.java:shutdownFollowerState(121)) - 7a43c46a-fc88-4b2d-b2da-ae029cfa60ff: shutdown FollowerState
2019-10-20 18:18:48,417 [grpc-default-executor-4] INFO  impl.RoleInfo (RoleInfo.java:updateAndGet(143)) - 7a43c46a-fc88-4b2d-b2da-ae029cfa60ff: start FollowerState
2019-10-20 18:18:48,417 [Thread-2389] INFO  impl.FollowerState (FollowerState.java:run(117)) - 7a43c46a-fc88-4b2d-b2da-ae029cfa60ff@group-D40A05E2FCF9-FollowerState was interrupted: java.lang.InterruptedException: sleep interrupted
2019-10-20 18:18:48,417 [grpc-default-executor-5] INFO  impl.RaftServerImpl (RaftServerImpl.java:setRole(184)) - 6c5c38af-62e6-4ea7-a24a-078dcb28fb39@group-D40A05E2FCF9: changes role from  FOLLOWER to FOLLOWER at term 159 for recognizeCandidate:399079f7-1eb1-4f37-b003-267572525934
2019-10-20 18:18:48,417 [grpc-default-executor-5] INFO  impl.RoleInfo (RoleInfo.java:shutdownFollowerState(121)) - 6c5c38af-62e6-4ea7-a24a-078dcb28fb39: shutdown FollowerState
2019-10-20 18:18:48,418 [grpc-default-executor-5] INFO  impl.RoleInfo (RoleInfo.java:updateAndGet(143)) - 6c5c38af-62e6-4ea7-a24a-078dcb28fb39: start FollowerState
2019-10-20 18:18:48,418 [Thread-2391] INFO  impl.FollowerState (FollowerState.java:run(117)) - 6c5c38af-62e6-4ea7-a24a-078dcb28fb39@group-D40A05E2FCF9-FollowerState was interrupted: java.lang.InterruptedException: sleep interrupted
2019-10-20 18:18:48,463 [399079f7-1eb1-4f37-b003-267572525934@group-D40A05E2FCF9-LeaderElection283] INFO  impl.LeaderElection (LeaderElection.java:logAndReturn(56)) - 399079f7-1eb1-4f37-b003-267572525934@group-D40A05E2FCF9-LeaderElection283: Election TIMEOUT; received 0 response(s) [] and 0 exception(s); 399079f7-1eb1-4f37-b003-267572525934@group-D40A05E2FCF9:t159, leader=null, voted=399079f7-1eb1-4f37-b003-267572525934, raftlog=399079f7-1eb1-4f37-b003-267572525934@group-D40A05E2FCF9-SegmentedRaftLog:OPENED:c-1,f-1,i0, conf=-1: [399079f7-1eb1-4f37-b003-267572525934:192.168.164.241:37762, 7a43c46a-fc88-4b2d-b2da-ae029cfa60ff:192.168.164.241:43684, 6c5c38af-62e6-4ea7-a24a-078dcb28fb39:192.168.164.241:45428], old=null
2019-10-20 18:18:48,477 [Thread-2394] INFO  impl.FollowerState (FollowerState.java:run(108)) - b75f8b2e-6273-4c97-b7c5-042674931d23@group-F11756C8BA4A-FollowerState: change to CANDIDATE, lastRpcTime:60ms, electionTimeout:60ms
2019-10-20 18:18:48,477 [Thread-2394] INFO  impl.RoleInfo (RoleInfo.java:shutdownFollowerState(121)) - b75f8b2e-6273-4c97-b7c5-042674931d23: shutdown FollowerState
2019-10-20 18:18:48,477 [Thread-2394] INFO  impl.RaftServerImpl (RaftServerImpl.java:setRole(184)) - b75f8b2e-6273-4c97-b7c5-042674931d23@group-F11756C8BA4A: changes role from  FOLLOWER to CANDIDATE at term 158 for changeToCandidate
2019-10-20 18:18:48,477 [Thread-2394] INFO  impl.RoleInfo (RoleInfo.java:updateAndGet(143)) - b75f8b2e-6273-4c97-b7c5-042674931d23: start LeaderElection
2019-10-20 18:18:48,491 [399079f7-1eb1-4f37-b003-267572525934@group-D40A05E2FCF9-LeaderElection283] INFO  impl.LeaderElection (LeaderElection.java:askForVotes(178)) - 399079f7-1eb1-4f37-b003-267572525934@group-D40A05E2FCF9-LeaderElection283: begin an election at term 160 for -1: [399079f7-1eb1-4f37-b003-267572525934:192.168.164.241:37762, 7a43c46a-fc88-4b2d-b2da-ae029cfa60ff:192.168.164.241:43684, 6c5c38af-62e6-4ea7-a24a-078dcb28fb39:192.168.164.241:45428], old=null
2019-10-20 18:18:48,493 [grpc-default-executor-5] INFO  impl.RaftServerImpl (RaftServerImpl.java:setRole(184)) - 6c5c38af-62e6-4ea7-a24a-078dcb28fb39@group-D40A05E2FCF9: changes role from  FOLLOWER to FOLLOWER at term 160 for recognizeCandidate:399079f7-1eb1-4f37-b003-267572525934
2019-10-20 18:18:48,493 [grpc-default-executor-5] INFO  impl.RoleInfo (RoleInfo.java:shutdownFollowerState(121)) - 6c5c38af-62e6-4ea7-a24a-078dcb28fb39: shutdown FollowerState
2019-10-20 18:18:48,493 [grpc-default-executor-4] INFO  impl.RaftServerImpl (RaftServerImpl.java:setRole(184)) - 7a43c46a-fc88-4b2d-b2da-ae029cfa60ff@group-D40A05E2FCF9: changes role from  FOLLOWER to FOLLOWER at term 160 for recognizeCandidate:399079f7-1eb1-4f37-b003-267572525934
2019-10-20 18:18:48,493 [Thread-2396] INFO  impl.FollowerState (FollowerState.java:run(117)) - 6c5c38af-62e6-4ea7-a24a-078dcb28fb39@group-D40A05E2FCF9-FollowerState was interrupted: java.lang.InterruptedException: sleep interrupted
2019-10-20 18:18:48,493 [grpc-default-executor-5] INFO  impl.RoleInfo (RoleInfo.java:updateAndGet(143)) - 6c5c38af-62e6-4ea7-a24a-078dcb28fb39: start FollowerState
2019-10-20 18:18:48,493 [grpc-default-executor-4] INFO  impl.RoleInfo (RoleInfo.java:shutdownFollowerState(121)) - 7a43c46a-fc88-4b2d-b2da-ae029cfa60ff: shutdown FollowerState
2019-10-20 18:18:48,493 [grpc-default-executor-4] INFO  impl.RoleInfo (RoleInfo.java:updateAndGet(143)) - 7a43c46a-fc88-4b2d-b2da-ae029cfa60ff: start FollowerState
2019-10-20 18:18:48,493 [Thread-2395] INFO  impl.FollowerState (FollowerState.java:run(117)) - 7a43c46a-fc88-4b2d-b2da-ae029cfa60ff@group-D40A05E2FCF9-FollowerState was interrupted: java.lang.InterruptedException: sleep interrupted
2019-10-20 18:18:48,508 [b75f8b2e-6273-4c97-b7c5-042674931d23@group-F11756C8BA4A-LeaderElection285] INFO  impl.LeaderElection (LeaderElection.java:askForVotes(178)) - b75f8b2e-6273-4c97-b7c5-042674931d23@group-F11756C8BA4A-LeaderElection285: begin an election at term 159 for -1: [6ef27e9c-8ddb-4fa1-8c14-ab102acfb1b8:192.168.164.241:38092, b75f8b2e-6273-4c97-b7c5-042674931d23:192.168.164.241:41857, 3750b3a2-715b-46b3-9d0c-9e38136244b9:192.168.164.241:46227], old=null
2019-10-20 18:18:48,509 [grpc-default-executor-5] INFO  impl.RaftServerImpl (RaftServerImpl.java:setRole(184)) - 6ef27e9c-8ddb-4fa1-8c14-ab102acfb1b8@group-F11756C8BA4A: changes role from  FOLLOWER to FOLLOWER at term 159 for recognizeCandidate:b75f8b2e-6273-4c97-b7c5-042674931d23
2019-10-20 18:18:48,510 [grpc-default-executor-5] INFO  impl.RoleInfo (RoleInfo.java:shutdownFollowerState(121)) - 6ef27e9c-8ddb-4fa1-8c14-ab102acfb1b8: shutdown FollowerState
2019-10-20 18:18:48,509 [grpc-default-executor-7] INFO  impl.RaftServerImpl (RaftServerImpl.java:setRole(184)) - 3750b3a2-715b-46b3-9d0c-9e38136244b9@group-F11756C8BA4A: changes role from  FOLLOWER to FOLLOWER at term 159 for recognizeCandidate:b75f8b2e-6273-4c97-b7c5-042674931d23
2019-10-20 18:18:48,510 [Thread-2388] INFO  impl.FollowerState (FollowerState.java:run(117)) - 6ef27e9c-8ddb-4fa1-8c14-ab102acfb1b8@group-F11756C8BA4A-FollowerState was interrupted: java.lang.InterruptedException: sleep interrupted
2019-10-20 18:18:48,510 [grpc-default-executor-5] INFO  impl.RoleInfo (RoleInfo.java:updateAndGet(143)) - 6ef27e9c-8ddb-4fa1-8c14-ab102acfb1b8: start FollowerState
2019-10-20 18:18:48,510 [grpc-default-executor-7] INFO  impl.RoleInfo (RoleInfo.java:shutdownFollowerState(121)) - 3750b3a2-715b-46b3-9d0c-9e38136244b9: shutdown FollowerState
2019-10-20 18:18:48,510 [grpc-default-executor-7] INFO  impl.RoleInfo (RoleInfo.java:updateAndGet(143)) - 3750b3a2-715b-46b3-9d0c-9e38136244b9: start FollowerState
2019-10-20 18:18:48,510 [Thread-2390] INFO  impl.FollowerState (FollowerState.java:run(117)) - 3750b3a2-715b-46b3-9d0c-9e38136244b9@group-F11756C8BA4A-FollowerState was interrupted: java.lang.InterruptedException: sleep interrupted
2019-10-20 18:18:48,526 [399079f7-1eb1-4f37-b003-267572525934@group-D40A05E2FCF9-LeaderElection283] INFO  impl.LeaderElection (LeaderElection.java:logAndReturn(56)) - 399079f7-1eb1-4f37-b003-267572525934@group-D40A05E2FCF9-LeaderElection283: Election REJECTED; received 2 response(s) [399079f7-1eb1-4f37-b003-267572525934<-7a43c46a-fc88-4b2d-b2da-ae029cfa60ff#0:FAIL-t160, 399079f7-1eb1-4f37-b003-267572525934<-6c5c38af-62e6-4ea7-a24a-078dcb28fb39#0:FAIL-t160] and 0 exception(s); 399079f7-1eb1-4f37-b003-267572525934@group-D40A05E2FCF9:t160, leader=null, voted=399079f7-1eb1-4f37-b003-267572525934, raftlog=399079f7-1eb1-4f37-b003-267572525934@group-D40A05E2FCF9-SegmentedRaftLog:OPENED:c-1,f-1,i0, conf=-1: [399079f7-1eb1-4f37-b003-267572525934:192.168.164.241:37762, 7a43c46a-fc88-4b2d-b2da-ae029cfa60ff:192.168.164.241:43684, 6c5c38af-62e6-4ea7-a24a-078dcb28fb39:192.168.164.241:45428], old=null
2019-10-20 18:18:48,526 [399079f7-1eb1-4f37-b003-267572525934@group-D40A05E2FCF9-LeaderElection283] INFO  impl.RaftServerImpl (RaftServerImpl.java:setRole(184)) - 399079f7-1eb1-4f37-b003-267572525934@group-D40A05E2FCF9: changes role from CANDIDATE to FOLLOWER at term 160 for DISCOVERED_A_NEW_TERM
2019-10-20 18:18:48,526 [399079f7-1eb1-4f37-b003-267572525934@group-D40A05E2FCF9-LeaderElection283] INFO  impl.RoleInfo (RoleInfo.java:shutdownLeaderElection(134)) - 399079f7-1eb1-4f37-b003-267572525934: shutdown LeaderElection
2019-10-20 18:18:48,526 [399079f7-1eb1-4f37-b003-267572525934@group-D40A05E2FCF9-LeaderElection283] INFO  impl.RoleInfo (RoleInfo.java:updateAndGet(143)) - 399079f7-1eb1-4f37-b003-267572525934: start FollowerState
2019-10-20 18:18:48,543 [b75f8b2e-6273-4c97-b7c5-042674931d23@group-F11756C8BA4A-LeaderElection285] INFO  impl.LeaderElection (LeaderElection.java:logAndReturn(56)) - b75f8b2e-6273-4c97-b7c5-042674931d23@group-F11756C8BA4A-LeaderElection285: Election REJECTED; received 2 response(s) [b75f8b2e-6273-4c97-b7c5-042674931d23<-6ef27e9c-8ddb-4fa1-8c14-ab102acfb1b8#0:FAIL-t159, b75f8b2e-6273-4c97-b7c5-042674931d23<-3750b3a2-715b-46b3-9d0c-9e38136244b9#0:FAIL-t159] and 0 exception(s); b75f8b2e-6273-4c97-b7c5-042674931d23@group-F11756C8BA4A:t159, leader=null, voted=b75f8b2e-6273-4c97-b7c5-042674931d23, raftlog=b75f8b2e-6273-4c97-b7c5-042674931d23@group-F11756C8BA4A-SegmentedRaftLog:OPENED:c-1,f-1,i0, conf=-1: [6ef27e9c-8ddb-4fa1-8c14-ab102acfb1b8:192.168.164.241:38092, b75f8b2e-6273-4c97-b7c5-042674931d23:192.168.164.241:41857, 3750b3a2-715b-46b3-9d0c-9e38136244b9:192.168.164.241:46227], old=null
2019-10-20 18:18:48,543 [b75f8b2e-6273-4c97-b7c5-042674931d23@group-F11756C8BA4A-LeaderElection285] INFO  impl.RaftServerImpl (RaftServerImpl.java:setRole(184)) - b75f8b2e-6273-4c97-b7c5-042674931d23@group-F11756C8BA4A: changes role from CANDIDATE to FOLLOWER at term 159 for DISCOVERED_A_NEW_TERM
2019-10-20 18:18:48,543 [b75f8b2e-6273-4c97-b7c5-042674931d23@group-F11756C8BA4A-LeaderElection285] INFO  impl.RoleInfo (RoleInfo.java:shutdownLeaderElection(134)) - b75f8b2e-6273-4c97-b7c5-042674931d23: shutdown LeaderElection
2019-10-20 18:18:48,543 [b75f8b2e-6273-4c97-b7c5-042674931d23@group-F11756C8BA4A-LeaderElection285] INFO  impl.RoleInfo (RoleInfo.java:updateAndGet(143)) - b75f8b2e-6273-4c97-b7c5-042674931d23: start FollowerState
2019-10-20 18:18:48,556 [Thread-2409] INFO  impl.FollowerState (FollowerState.java:run(108)) - b75f8b2e-6273-4c97-b7c5-042674931d23@group-F11756C8BA4A-FollowerState: change to CANDIDATE, lastRpcTime:12ms, electionTimeout:12ms
2019-10-20 18:18:48,556 [Thread-2409] INFO  impl.RoleInfo (RoleInfo.java:shutdownFollowerState(121)) - b75f8b2e-6273-4c97-b7c5-042674931d23: shutdown FollowerState
2019-10-20 18:18:48,556 [Thread-2409] INFO  impl.RaftServerImpl (RaftServerImpl.java:setRole(184)) - b75f8b2e-6273-4c97-b7c5-042674931d23@group-F11756C8BA4A: changes role from  FOLLOWER to CANDIDATE at term 159 for changeToCandidate
2019-10-20 18:18:48,556 [Thread-2409] INFO  impl.RoleInfo (RoleInfo.java:updateAndGet(143)) - b75f8b2e-6273-4c97-b7c5-042674931d23: start LeaderElection
2019-10-20 18:18:48,585 [b75f8b2e-6273-4c97-b7c5-042674931d23@group-F11756C8BA4A-LeaderElection286] INFO  impl.LeaderElection (LeaderElection.java:askForVotes(178)) - b75f8b2e-6273-4c97-b7c5-042674931d23@group-F11756C8BA4A-LeaderElection286: begin an election at term 160 for -1: [6ef27e9c-8ddb-4fa1-8c14-ab102acfb1b8:192.168.164.241:38092, b75f8b2e-6273-4c97-b7c5-042674931d23:192.168.164.241:41857, 3750b3a2-715b-46b3-9d0c-9e38136244b9:192.168.164.241:46227], old=null
2019-10-20 18:18:48,586 [grpc-default-executor-7] INFO  impl.RaftServerImpl (RaftServerImpl.java:setRole(184)) - 6ef27e9c-8ddb-4fa1-8c14-ab102acfb1b8@group-F11756C8BA4A: changes role from  FOLLOWER to FOLLOWER at term 160 for recognizeCandidate:b75f8b2e-6273-4c97-b7c5-042674931d23
2019-10-20 18:18:48,586 [grpc-default-executor-7] INFO  impl.RoleInfo (RoleInfo.java:shutdownFollowerState(121)) - 6ef27e9c-8ddb-4fa1-8c14-ab102acfb1b8: shutdown FollowerState
2019-10-20 18:18:48,586 [grpc-default-executor-7] INFO  impl.RoleInfo (RoleInfo.java:updateAndGet(143)) - 6ef27e9c-8ddb-4fa1-8c14-ab102acfb1b8: start FollowerState
2019-10-20 18:18:48,586 [grpc-default-executor-5] INFO  impl.RaftServerImpl (RaftServerImpl.java:setRole(184)) - 3750b3a2-715b-46b3-9d0c-9e38136244b9@group-F11756C8BA4A: changes role from  FOLLOWER to FOLLOWER at term 160 for recognizeCandidate:b75f8b2e-6273-4c97-b7c5-042674931d23
2019-10-20 18:18:48,586 [grpc-default-executor-5] INFO  impl.RoleInfo (RoleInfo.java:shutdownFollowerState(121)) - 3750b3a2-715b-46b3-9d0c-9e38136244b9: shutdown FollowerState
2019-10-20 18:18:48,586 [Thread-2404] INFO  impl.FollowerState (FollowerState.java:run(117)) - 6ef27e9c-8ddb-4fa1-8c14-ab102acfb1b8@group-F11756C8BA4A-FollowerState was interrupted: java.lang.InterruptedException: sleep interrupted
2019-10-20 18:18:48,587 [grpc-default-executor-5] INFO  impl.RoleInfo (RoleInfo.java:updateAndGet(143)) - 3750b3a2-715b-46b3-9d0c-9e38136244b9: start FollowerState
2019-10-20 18:18:48,587 [Thread-2405] INFO  impl.FollowerState (FollowerState.java:run(117)) - 3750b3a2-715b-46b3-9d0c-9e38136244b9@group-F11756C8BA4A-FollowerState was interrupted: java.lang.InterruptedException: sleep interrupted
2019-10-20 18:18:48,611 [b75f8b2e-6273-4c97-b7c5-042674931d23@group-F11756C8BA4A-LeaderElection286] INFO  impl.LeaderElection (LeaderElection.java:logAndReturn(56)) - b75f8b2e-6273-4c97-b7c5-042674931d23@group-F11756C8BA4A-LeaderElection286: Election REJECTED; received 2 response(s) [b75f8b2e-6273-4c97-b7c5-042674931d23<-6ef27e9c-8ddb-4fa1-8c14-ab102acfb1b8#0:FAIL-t160, b75f8b2e-6273-4c97-b7c5-042674931d23<-3750b3a2-715b-46b3-9d0c-9e38136244b9#0:FAIL-t160] and 0 exception(s); b75f8b2e-6273-4c97-b7c5-042674931d23@group-F11756C8BA4A:t160, leader=null, voted=b75f8b2e-6273-4c97-b7c5-042674931d23, raftlog=b75f8b2e-6273-4c97-b7c5-042674931d23@group-F11756C8BA4A-SegmentedRaftLog:OPENED:c-1,f-1,i0, conf=-1: [6ef27e9c-8ddb-4fa1-8c14-ab102acfb1b8:192.168.164.241:38092, b75f8b2e-6273-4c97-b7c5-042674931d23:192.168.164.241:41857, 3750b3a2-715b-46b3-9d0c-9e38136244b9:192.168.164.241:46227], old=null
2019-10-20 18:18:48,611 [b75f8b2e-6273-4c97-b7c5-042674931d23@group-F11756C8BA4A-LeaderElection286] INFO  impl.RaftServerImpl (RaftServerImpl.java:setRole(184)) - b75f8b2e-6273-4c97-b7c5-042674931d23@group-F11756C8BA4A: changes role from CANDIDATE to FOLLOWER at term 160 for DISCOVERED_A_NEW_TERM
2019-10-20 18:18:48,611 [b75f8b2e-6273-4c97-b7c5-042674931d23@group-F11756C8BA4A-LeaderElection286] INFO  impl.RoleInfo (RoleInfo.java:shutdownLeaderElection(134)) - b75f8b2e-6273-4c97-b7c5-042674931d23: shutdown LeaderElection
2019-10-20 18:18:48,611 [b75f8b2e-6273-4c97-b7c5-042674931d23@group-F11756C8BA4A-LeaderElection286] INFO  impl.RoleInfo (RoleInfo.java:updateAndGet(143)) - b75f8b2e-6273-4c97-b7c5-042674931d23: start FollowerState
2019-10-20 18:18:48,684 [Thread-2415] INFO  impl.FollowerState (FollowerState.java:run(108)) - b75f8b2e-6273-4c97-b7c5-042674931d23@group-F11756C8BA4A-FollowerState: change to CANDIDATE, lastRpcTime:73ms, electionTimeout:73ms
2019-10-20 18:18:48,684 [Thread-2415] INFO  impl.RoleInfo (RoleInfo.java:shutdownFollowerState(121)) - b75f8b2e-6273-4c97-b7c5-042674931d23: shutdown FollowerState
2019-10-20 18:18:48,685 [Thread-2415] INFO  impl.RaftServerImpl (RaftServerImpl.java:setRole(184)) - b75f8b2e-6273-4c97-b7c5-042674931d23@group-F11756C8BA4A: changes role from  FOLLOWER to CANDIDATE at term 160 for changeToCandidate
2019-10-20 18:18:48,685 [Thread-2415] INFO  impl.RoleInfo (RoleInfo.java:updateAndGet(143)) - b75f8b2e-6273-4c97-b7c5-042674931d23: start LeaderElection
2019-10-20 18:18:48,710 [Thread-2408] INFO  impl.FollowerState (FollowerState.java:run(108)) - 399079f7-1eb1-4f37-b003-267572525934@group-D40A05E2FCF9-FollowerState: change to CANDIDATE, lastRpcTime:183ms, electionTimeout:183ms
2019-10-20 18:18:48,710 [Thread-2408] INFO  impl.RoleInfo (RoleInfo.java:shutdownFollowerState(121)) - 399079f7-1eb1-4f37-b003-267572525934: shutdown FollowerState
2019-10-20 18:18:48,710 [Thread-2408] INFO  impl.RaftServerImpl (RaftServerImpl.java:setRole(184)) - 399079f7-1eb1-4f37-b003-267572525934@group-D40A05E2FCF9: changes role from  FOLLOWER to CANDIDATE at term 160 for changeToCandidate
2019-10-20 18:18:48,710 [Thread-2408] INFO  impl.RoleInfo (RoleInfo.java:updateAndGet(143)) - 399079f7-1eb1-4f37-b003-267572525934: start LeaderElection
2019-10-20 18:18:48,727 [b75f8b2e-6273-4c97-b7c5-042674931d23@group-F11756C8BA4A-LeaderElection287] INFO  impl.LeaderElection (LeaderElection.java:askForVotes(178)) - b75f8b2e-6273-4c97-b7c5-042674931d23@group-F11756C8BA4A-LeaderElection287: begin an election at term 161 for -1: [6ef27e9c-8ddb-4fa1-8c14-ab102acfb1b8:192.168.164.241:38092, b75f8b2e-6273-4c97-b7c5-042674931d23:192.168.164.241:41857, 3750b3a2-715b-46b3-9d0c-9e38136244b9:192.168.164.241:46227], old=null
2019-10-20 18:18:48,728 [grpc-default-executor-7] INFO  impl.RaftServerImpl (RaftServerImpl.java:setRole(184)) - 6ef27e9c-8ddb-4fa1-8c14-ab102acfb1b8@group-F11756C8BA4A: changes role from  FOLLOWER to FOLLOWER at term 161 for recognizeCandidate:b75f8b2e-6273-4c97-b7c5-042674931d23
2019-10-20 18:18:48,729 [grpc-default-executor-7] INFO  impl.RoleInfo (RoleInfo.java:shutdownFollowerState(121)) - 6ef27e9c-8ddb-4fa1-8c14-ab102acfb1b8: shutdown FollowerState
2019-10-20 18:18:48,729 [grpc-default-executor-5] INFO  impl.RaftServerImpl (RaftServerImpl.java:setRole(184)) - 3750b3a2-715b-46b3-9d0c-9e38136244b9@group-F11756C8BA4A: changes role from  FOLLOWER to FOLLOWER at term 161 for recognizeCandidate:b75f8b2e-6273-4c97-b7c5-042674931d23
2019-10-20 18:18:48,729 [grpc-default-executor-5] INFO  impl.RoleInfo (RoleInfo.java:shutdownFollowerState(121)) - 3750b3a2-715b-46b3-9d0c-9e38136244b9: shutdown FollowerState
2019-10-20 18:18:48,729 [Thread-2413] INFO  impl.FollowerState (FollowerState.java:run(117)) - 6ef27e9c-8ddb-4fa1-8c14-ab102acfb1b8@group-F11756C8BA4A-FollowerState was interrupted: java.lang.InterruptedException: sleep interrupted
2019-10-20 18:18:48,729 [grpc-default-executor-7] INFO  impl.RoleInfo (RoleInfo.java:updateAndGet(143)) - 6ef27e9c-8ddb-4fa1-8c14-ab102acfb1b8: start FollowerState
2019-10-20 18:18:48,729 [Thread-2414] INFO  impl.FollowerState (FollowerState.java:run(117)) - 3750b3a2-715b-46b3-9d0c-9e38136244b9@group-F11756C8BA4A-FollowerState was interrupted: java.lang.InterruptedException: sleep interrupted
2019-10-20 18:18:48,729 [grpc-default-executor-5] INFO  impl.RoleInfo (RoleInfo.java:updateAndGet(143)) - 3750b3a2-715b-46b3-9d0c-9e38136244b9: start FollowerState
2019-10-20 18:18:48,744 [399079f7-1eb1-4f37-b003-267572525934@group-D40A05E2FCF9-LeaderElection288] INFO  impl.LeaderElection (LeaderElection.java:askForVotes(178)) - 399079f7-1eb1-4f37-b003-267572525934@group-D40A05E2FCF9-LeaderElection288: begin an election at term 161 for -1: [399079f7-1eb1-4f37-b003-267572525934:192.168.164.241:37762, 7a43c46a-fc88-4b2d-b2da-ae029cfa60ff:192.168.164.241:43684, 6c5c38af-62e6-4ea7-a24a-078dcb28fb39:192.168.164.241:45428], old=null
2019-10-20 18:18:48,746 [b75f8b2e-6273-4c97-b7c5-042674931d23@group-F11756C8BA4A-LeaderElection287] INFO  impl.LeaderElection (LeaderElection.java:logAndReturn(56)) - b75f8b2e-6273-4c97-b7c5-042674931d23@group-F11756C8BA4A-LeaderElection287: Election REJECTED; received 2 response(s) [b75f8b2e-6273-4c97-b7c5-042674931d23<-6ef27e9c-8ddb-4fa1-8c14-ab102acfb1b8#0:FAIL-t161, b75f8b2e-6273-4c97-b7c5-042674931d23<-3750b3a2-715b-46b3-9d0c-9e38136244b9#0:FAIL-t161] and 0 exception(s); b75f8b2e-6273-4c97-b7c5-042674931d23@group-F11756C8BA4A:t161, leader=null, voted=b75f8b2e-6273-4c97-b7c5-042674931d23, raftlog=b75f8b2e-6273-4c97-b7c5-042674931d23@group-F11756C8BA4A-SegmentedRaftLog:OPENED:c-1,f-1,i0, conf=-1: [6ef27e9c-8ddb-4fa1-8c14-ab102acfb1b8:192.168.164.241:38092, b75f8b2e-6273-4c97-b7c5-042674931d23:192.168.164.241:41857, 3750b3a2-715b-46b3-9d0c-9e38136244b9:192.168.164.241:46227], old=null
2019-10-20 18:18:48,746 [grpc-default-executor-5] INFO  impl.RaftServerImpl (RaftServerImpl.java:setRole(184)) - 6c5c38af-62e6-4ea7-a24a-078dcb28fb39@group-D40A05E2FCF9: changes role from  FOLLOWER to FOLLOWER at term 161 for recognizeCandidate:399079f7-1eb1-4f37-b003-267572525934
2019-10-20 18:18:48,746 [grpc-default-executor-7] INFO  impl.RaftServerImpl (RaftServerImpl.java:setRole(184)) - 7a43c46a-fc88-4b2d-b2da-ae029cfa60ff@group-D40A05E2FCF9: changes role from  FOLLOWER to FOLLOWER at term 161 for recognizeCandidate:399079f7-1eb1-4f37-b003-267572525934
2019-10-20 18:18:48,746 [grpc-default-executor-7] INFO  impl.RoleInfo (RoleInfo.java:shutdownFollowerState(121)) - 7a43c46a-fc88-4b2d-b2da-ae029cfa60ff: shutdown FollowerState
2019-10-20 18:18:48,746 [grpc-default-executor-5] INFO  impl.RoleInfo (RoleInfo.java:shutdownFollowerState(121)) - 6c5c38af-62e6-4ea7-a24a-078dcb28fb39: shutdown FollowerState
2019-10-20 18:18:48,746 [b75f8b2e-6273-4c97-b7c5-042674931d23@group-F11756C8BA4A-LeaderElection287] INFO  impl.RaftServerImpl (RaftServerImpl.java:setRole(184)) - b75f8b2e-6273-4c97-b7c5-042674931d23@group-F11756C8BA4A: changes role from CANDIDATE to FOLLOWER at term 161 for DISCOVERED_A_NEW_TERM
2019-10-20 18:18:48,747 [b75f8b2e-6273-4c97-b7c5-042674931d23@group-F11756C8BA4A-LeaderElection287] INFO  impl.RoleInfo (RoleInfo.java:shutdownLeaderElection(134)) - b75f8b2e-6273-4c97-b7c5-042674931d23: shutdown LeaderElection
2019-10-20 18:18:48,747 [grpc-default-executor-5] INFO  impl.RoleInfo (RoleInfo.java:updateAndGet(143)) - 6c5c38af-62e6-4ea7-a24a-078dcb28fb39: start FollowerState
2019-10-20 18:18:48,747 [Thread-2400] INFO  impl.FollowerState (FollowerState.java:run(117)) - 6c5c38af-62e6-4ea7-a24a-078dcb28fb39@group-D40A05E2FCF9-FollowerState was interrupted: java.lang.InterruptedException: sleep interrupted
2019-10-20 18:18:48,747 [Thread-2401] INFO  impl.FollowerState (FollowerState.java:run(117)) - 7a43c46a-fc88-4b2d-b2da-ae029cfa60ff@group-D40A05E2FCF9-FollowerState was interrupted: java.lang.InterruptedException: sleep interrupted
2019-10-20 18:18:48,746 [grpc-default-executor-7] INFO  impl.RoleInfo (RoleInfo.java:updateAndGet(143)) - 7a43c46a-fc88-4b2d-b2da-ae029cfa60ff: start FollowerState
2019-10-20 18:18:48,747 [b75f8b2e-6273-4c97-b7c5-042674931d23@group-F11756C8BA4A-LeaderElection287] INFO  impl.RoleInfo (RoleInfo.java:updateAndGet(143)) - b75f8b2e-6273-4c97-b7c5-042674931d23: start FollowerState
2019-10-20 18:18:48,770 [399079f7-1eb1-4f37-b003-267572525934@group-D40A05E2FCF9-LeaderElection288] INFO  impl.LeaderElection (LeaderElection.java:logAndReturn(56)) - 399079f7-1eb1-4f37-b003-267572525934@group-D40A05E2FCF9-LeaderElection288: Election REJECTED; received 2 response(s) [399079f7-1eb1-4f37-b003-267572525934<-7a43c46a-fc88-4b2d-b2da-ae029cfa60ff#0:FAIL-t161, 399079f7-1eb1-4f37-b003-267572525934<-6c5c38af-62e6-4ea7-a24a-078dcb28fb39#0:FAIL-t161] and 0 exception(s); 399079f7-1eb1-4f37-b003-267572525934@group-D40A05E2FCF9:t161, leader=null, voted=399079f7-1eb1-4f37-b003-267572525934, raftlog=399079f7-1eb1-4f37-b003-267572525934@group-D40A05E2FCF9-SegmentedRaftLog:OPENED:c-1,f-1,i0, conf=-1: [399079f7-1eb1-4f37-b003-267572525934:192.168.164.241:37762, 7a43c46a-fc88-4b2d-b2da-ae029cfa60ff:192.168.164.241:43684, 6c5c38af-62e6-4ea7-a24a-078dcb28fb39:192.168.164.241:45428], old=null
2019-10-20 18:18:48,771 [399079f7-1eb1-4f37-b003-267572525934@group-D40A05E2FCF9-LeaderElection288] INFO  impl.RaftServerImpl (RaftServerImpl.java:setRole(184)) - 399079f7-1eb1-4f37-b003-267572525934@group-D40A05E2FCF9: changes role from CANDIDATE to FOLLOWER at term 161 for DISCOVERED_A_NEW_TERM
2019-10-20 18:18:48,771 [399079f7-1eb1-4f37-b003-267572525934@group-D40A05E2FCF9-LeaderElection288] INFO  impl.RoleInfo (RoleInfo.java:shutdownLeaderElection(134)) - 399079f7-1eb1-4f37-b003-267572525934: shutdown LeaderElection
2019-10-20 18:18:48,771 [399079f7-1eb1-4f37-b003-267572525934@group-D40A05E2FCF9-LeaderElection288] INFO  impl.RoleInfo (RoleInfo.java:updateAndGet(143)) - 399079f7-1eb1-4f37-b003-267572525934: start FollowerState
2019-10-20 18:18:48,944 [Thread-2427] INFO  impl.FollowerState (FollowerState.java:run(108)) - 399079f7-1eb1-4f37-b003-267572525934@group-D40A05E2FCF9-FollowerState: change to CANDIDATE, lastRpcTime:173ms, electionTimeout:173ms
2019-10-20 18:18:48,944 [Thread-2427] INFO  impl.RoleInfo (RoleInfo.java:shutdownFollowerState(121)) - 399079f7-1eb1-4f37-b003-267572525934: shutdown FollowerState
2019-10-20 18:18:48,945 [Thread-2427] INFO  impl.RaftServerImpl (RaftServerImpl.java:setRole(184)) - 399079f7-1eb1-4f37-b003-267572525934@group-D40A05E2FCF9: changes role from  FOLLOWER to CANDIDATE at term 161 for changeToCandidate
2019-10-20 18:18:48,945 [Thread-2427] INFO  impl.RoleInfo (RoleInfo.java:updateAndGet(143)) - 399079f7-1eb1-4f37-b003-267572525934: start LeaderElection
2019-10-20 18:18:48,948 [Thread-2426] INFO  impl.FollowerState (FollowerState.java:run(108)) - b75f8b2e-6273-4c97-b7c5-042674931d23@group-F11756C8BA4A-FollowerState: change to CANDIDATE, lastRpcTime:201ms, electionTimeout:200ms
2019-10-20 18:18:48,948 [Thread-2426] INFO  impl.RoleInfo (RoleInfo.java:shutdownFollowerState(121)) - b75f8b2e-6273-4c97-b7c5-042674931d23: shutdown FollowerState
2019-10-20 18:18:48,948 [Thread-2426] INFO  impl.RaftServerImpl (RaftServerImpl.java:setRole(184)) - b75f8b2e-6273-4c97-b7c5-042674931d23@group-F11756C8BA4A: changes role from  FOLLOWER to CANDIDATE at term 161 for changeToCandidate
2019-10-20 18:18:48,948 [Thread-2426] INFO  impl.RoleInfo (RoleInfo.java:updateAndGet(143)) - b75f8b2e-6273-4c97-b7c5-042674931d23: start LeaderElection
2019-10-20 18:18:48,971 [399079f7-1eb1-4f37-b003-267572525934@group-D40A05E2FCF9-LeaderElection289] INFO  impl.LeaderElection (LeaderElection.java:askForVotes(178)) - 399079f7-1eb1-4f37-b003-267572525934@group-D40A05E2FCF9-LeaderElection289: begin an election at term 162 for -1: [399079f7-1eb1-4f37-b003-267572525934:192.168.164.241:37762, 7a43c46a-fc88-4b2d-b2da-ae029cfa60ff:192.168.164.241:43684, 6c5c38af-62e6-4ea7-a24a-078dcb28fb39:192.168.164.241:45428], old=null
2019-10-20 18:18:48,971 [b75f8b2e-6273-4c97-b7c5-042674931d23@group-F11756C8BA4A-LeaderElection290] INFO  impl.LeaderElection (LeaderElection.java:askForVotes(178)) - b75f8b2e-6273-4c97-b7c5-042674931d23@group-F11756C8BA4A-LeaderElection290: begin an election at term 162 for -1: [6ef27e9c-8ddb-4fa1-8c14-ab102acfb1b8:192.168.164.241:38092, b75f8b2e-6273-4c97-b7c5-042674931d23:192.168.164.241:41857, 3750b3a2-715b-46b3-9d0c-9e38136244b9:192.168.164.241:46227], old=null
2019-10-20 18:18:48,973 [grpc-default-executor-5] INFO  impl.RaftServerImpl (RaftServerImpl.java:setRole(184)) - 7a43c46a-fc88-4b2d-b2da-ae029cfa60ff@group-D40A05E2FCF9: changes role from  FOLLOWER to FOLLOWER at term 162 for recognizeCandidate:399079f7-1eb1-4f37-b003-267572525934
2019-10-20 18:18:48,973 [grpc-default-executor-5] INFO  impl.RoleInfo (RoleInfo.java:shutdownFollowerState(121)) - 7a43c46a-fc88-4b2d-b2da-ae029cfa60ff: shutdown FollowerState
2019-10-20 18:18:48,973 [grpc-default-executor-7] INFO  impl.RaftServerImpl (RaftServerImpl.java:setRole(184)) - 3750b3a2-715b-46b3-9d0c-9e38136244b9@group-F11756C8BA4A: changes role from  FOLLOWER to FOLLOWER at term 162 for recognizeCandidate:b75f8b2e-6273-4c97-b7c5-042674931d23
2019-10-20 18:18:48,973 [grpc-default-executor-7] INFO  impl.RoleInfo (RoleInfo.java:shutdownFollowerState(121)) - 3750b3a2-715b-46b3-9d0c-9e38136244b9: shutdown FollowerState
2019-10-20 18:18:48,973 [grpc-default-executor-5] INFO  impl.RoleInfo (RoleInfo.java:updateAndGet(143)) - 7a43c46a-fc88-4b2d-b2da-ae029cfa60ff: start FollowerState
2019-10-20 18:18:48,973 [Thread-2424] INFO  impl.FollowerState (FollowerState.java:run(117)) - 7a43c46a-fc88-4b2d-b2da-ae029cfa60ff@group-D40A05E2FCF9-FollowerState was interrupted: java.lang.InterruptedException: sleep interrupted
2019-10-20 18:18:48,974 [Thread-2421] INFO  impl.FollowerState (FollowerState.java:run(117)) - 3750b3a2-715b-46b3-9d0c-9e38136244b9@group-F11756C8BA4A-FollowerState was interrupted: java.lang.InterruptedException: sleep interrupted
2019-10-20 18:18:48,974 [grpc-default-executor-4] INFO  impl.RaftServerImpl (RaftServerImpl.java:setRole(184)) - 6c5c38af-62e6-4ea7-a24a-078dcb28fb39@group-D40A05E2FCF9: changes role from  FOLLOWER to FOLLOWER at term 162 for recognizeCandidate:399079f7-1eb1-4f37-b003-267572525934
2019-10-20 18:18:48,974 [grpc-default-executor-4] INFO  impl.RoleInfo (RoleInfo.java:shutdownFollowerState(121)) - 6c5c38af-62e6-4ea7-a24a-078dcb28fb39: shutdown FollowerState
2019-10-20 18:18:48,974 [grpc-default-executor-7] INFO  impl.RoleInfo (RoleInfo.java:updateAndGet(143)) - 3750b3a2-715b-46b3-9d0c-9e38136244b9: start FollowerState
2019-10-20 18:18:48,974 [grpc-default-executor-4] INFO  impl.RoleInfo (RoleInfo.java:updateAndGet(143)) - 6c5c38af-62e6-4ea7-a24a-078dcb28fb39: start FollowerState
2019-10-20 18:18:48,974 [Thread-2425] INFO  impl.FollowerState (FollowerState.java:run(117)) - 6c5c38af-62e6-4ea7-a24a-078dcb28fb39@group-D40A05E2FCF9-FollowerState was interrupted: java.lang.InterruptedException: sleep interrupted
2019-10-20 18:18:48,974 [grpc-default-executor-3] INFO  impl.RaftServerImpl (RaftServerImpl.java:setRole(184)) - 6ef27e9c-8ddb-4fa1-8c14-ab102acfb1b8@group-F11756C8BA4A: changes role from  FOLLOWER to FOLLOWER at term 162 for recognizeCandidate:b75f8b2e-6273-4c97-b7c5-042674931d23
2019-10-20 18:18:48,975 [grpc-default-executor-3] INFO  impl.RoleInfo (RoleInfo.java:shutdownFollowerState(121)) - 6ef27e9c-8ddb-4fa1-8c14-ab102acfb1b8: shutdown FollowerState
2019-10-20 18:18:48,975 [grpc-default-executor-3] INFO  impl.RoleInfo (RoleInfo.java:updateAndGet(143)) - 6ef27e9c-8ddb-4fa1-8c14-ab102acfb1b8: start FollowerState
2019-10-20 18:18:48,975 [Thread-2420] INFO  impl.FollowerState (FollowerState.java:run(117)) - 6ef27e9c-8ddb-4fa1-8c14-ab102acfb1b8@group-F11756C8BA4A-FollowerState was interrupted: java.lang.InterruptedException: sleep interrupted
2019-10-20 18:18:48,993 [399079f7-1eb1-4f37-b003-267572525934@group-D40A05E2FCF9-LeaderElection289] INFO  impl.LeaderElection (LeaderElection.java:logAndReturn(56)) - 399079f7-1eb1-4f37-b003-267572525934@group-D40A05E2FCF9-LeaderElection289: Election TIMEOUT; received 0 response(s) [] and 0 exception(s); 399079f7-1eb1-4f37-b003-267572525934@group-D40A05E2FCF9:t162, leader=null, voted=399079f7-1eb1-4f37-b003-267572525934, raftlog=399079f7-1eb1-4f37-b003-267572525934@group-D40A05E2FCF9-SegmentedRaftLog:OPENED:c-1,f-1,i0, conf=-1: [399079f7-1eb1-4f37-b003-267572525934:192.168.164.241:37762, 7a43c46a-fc88-4b2d-b2da-ae029cfa60ff:192.168.164.241:43684, 6c5c38af-62e6-4ea7-a24a-078dcb28fb39:192.168.164.241:45428], old=null
2019-10-20 18:18:48,998 [b75f8b2e-6273-4c97-b7c5-042674931d23@group-F11756C8BA4A-LeaderElection290] INFO  impl.LeaderElection (LeaderElection.java:logAndReturn(56)) - b75f8b2e-6273-4c97-b7c5-042674931d23@group-F11756C8BA4A-LeaderElection290: Election REJECTED; received 2 response(s) [b75f8b2e-6273-4c97-b7c5-042674931d23<-6ef27e9c-8ddb-4fa1-8c14-ab102acfb1b8#0:FAIL-t162, b75f8b2e-6273-4c97-b7c5-042674931d23<-3750b3a2-715b-46b3-9d0c-9e38136244b9#0:FAIL-t162] and 0 exception(s); b75f8b2e-6273-4c97-b7c5-042674931d23@group-F11756C8BA4A:t162, leader=null, voted=b75f8b2e-6273-4c97-b7c5-042674931d23, raftlog=b75f8b2e-6273-4c97-b7c5-042674931d23@group-F11756C8BA4A-SegmentedRaftLog:OPENED:c-1,f-1,i0, conf=-1: [6ef27e9c-8ddb-4fa1-8c14-ab102acfb1b8:192.168.164.241:38092, b75f8b2e-6273-4c97-b7c5-042674931d23:192.168.164.241:41857, 3750b3a2-715b-46b3-9d0c-9e38136244b9:192.168.164.241:46227], old=null
2019-10-20 18:18:48,998 [b75f8b2e-6273-4c97-b7c5-042674931d23@group-F11756C8BA4A-LeaderElection290] INFO  impl.RaftServerImpl (RaftServerImpl.java:setRole(184)) - b75f8b2e-6273-4c97-b7c5-042674931d23@group-F11756C8BA4A: changes role from CANDIDATE to FOLLOWER at term 162 for DISCOVERED_A_NEW_TERM
2019-10-20 18:18:48,998 [b75f8b2e-6273-4c97-b7c5-042674931d23@group-F11756C8BA4A-LeaderElection290] INFO  impl.RoleInfo (RoleInfo.java:shutdownLeaderElection(134)) - b75f8b2e-6273-4c97-b7c5-042674931d23: shutdown LeaderElection
2019-10-20 18:18:48,998 [b75f8b2e-6273-4c97-b7c5-042674931d23@group-F11756C8BA4A-LeaderElection290] INFO  impl.RoleInfo (RoleInfo.java:updateAndGet(143)) - b75f8b2e-6273-4c97-b7c5-042674931d23: start FollowerState
2019-10-20 18:18:49,006 [Thread-2438] INFO  impl.FollowerState (FollowerState.java:run(108)) - b75f8b2e-6273-4c97-b7c5-042674931d23@group-F11756C8BA4A-FollowerState: change to CANDIDATE, lastRpcTime:8ms, electionTimeout:8ms
2019-10-20 18:18:49,007 [Thread-2438] INFO  impl.RoleInfo (RoleInfo.java:shutdownFollowerState(121)) - b75f8b2e-6273-4c97-b7c5-042674931d23: shutdown FollowerState
2019-10-20 18:18:49,007 [Thread-2438] INFO  impl.RaftServerImpl (RaftServerImpl.java:setRole(184)) - b75f8b2e-6273-4c97-b7c5-042674931d23@group-F11756C8BA4A: changes role from  FOLLOWER to CANDIDATE at term 162 for changeToCandidate
2019-10-20 18:18:49,007 [Thread-2438] INFO  impl.RoleInfo (RoleInfo.java:updateAndGet(143)) - b75f8b2e-6273-4c97-b7c5-042674931d23: start LeaderElection
2019-10-20 18:18:49,015 [399079f7-1eb1-4f37-b003-267572525934@group-D40A05E2FCF9-LeaderElection289] INFO  impl.LeaderElection (LeaderElection.java:askForVotes(178)) - 399079f7-1eb1-4f37-b003-267572525934@group-D40A05E2FCF9-LeaderElection289: begin an election at term 163 for -1: [399079f7-1eb1-4f37-b003-267572525934:192.168.164.241:37762, 7a43c46a-fc88-4b2d-b2da-ae029cfa60ff:192.168.164.241:43684, 6c5c38af-62e6-4ea7-a24a-078dcb28fb39:192.168.164.241:45428], old=null
2019-10-20 18:18:49,016 [grpc-default-executor-5] INFO  impl.RaftServerImpl (RaftServerImpl.java:setRole(184)) - 7a43c46a-fc88-4b2d-b2da-ae029cfa60ff@group-D40A05E2FCF9: changes role from  FOLLOWER to FOLLOWER at term 163 for recognizeCandidate:399079f7-1eb1-4f37-b003-267572525934
2019-10-20 18:18:49,017 [grpc-default-executor-5] INFO  impl.RoleInfo (RoleInfo.java:shutdownFollowerState(121)) - 7a43c46a-fc88-4b2d-b2da-ae029cfa60ff: shutdown FollowerState
2019-10-20 18:18:49,017 [grpc-default-executor-5] INFO  impl.RoleInfo (RoleInfo.java:updateAndGet(143)) - 7a43c46a-fc88-4b2d-b2da-ae029cfa60ff: start FollowerState
2019-10-20 18:18:49,017 [grpc-default-executor-3] INFO  impl.RaftServerImpl (RaftServerImpl.java:setRole(184)) - 6c5c38af-62e6-4ea7-a24a-078dcb28fb39@group-D40A05E2FCF9: changes role from  FOLLOWER to FOLLOWER at term 163 for recognizeCandidate:399079f7-1eb1-4f37-b003-267572525934
2019-10-20 18:18:49,017 [grpc-default-executor-3] INFO  impl.RoleInfo (RoleInfo.java:shutdownFollowerState(121)) - 6c5c38af-62e6-4ea7-a24a-078dcb28fb39: shutdown FollowerState
2019-10-20 18:18:49,017 [Thread-2434] INFO  impl.FollowerState (FollowerState.java:run(117)) - 7a43c46a-fc88-4b2d-b2da-ae029cfa60ff@group-D40A05E2FCF9-FollowerState was interrupted: java.lang.InterruptedException: sleep interrupted
2019-10-20 18:18:49,017 [Thread-2436] INFO  impl.FollowerState (FollowerState.java:run(117)) - 6c5c38af-62e6-4ea7-a24a-078dcb28fb39@group-D40A05E2FCF9-FollowerState was interrupted: java.lang.InterruptedException: sleep interrupted
2019-10-20 18:18:49,017 [grpc-default-executor-3] INFO  impl.RoleInfo (RoleInfo.java:updateAndGet(143)) - 6c5c38af-62e6-4ea7-a24a-078dcb28fb39: start FollowerState
2019-10-20 18:18:49,033 [b75f8b2e-6273-4c97-b7c5-042674931d23@group-F11756C8BA4A-LeaderElection291] INFO  impl.LeaderElection (LeaderElection.java:askForVotes(178)) - b75f8b2e-6273-4c97-b7c5-042674931d23@group-F11756C8BA4A-LeaderElection291: begin an election at term 163 for -1: [6ef27e9c-8ddb-4fa1-8c14-ab102acfb1b8:192.168.164.241:38092, b75f8b2e-6273-4c97-b7c5-042674931d23:192.168.164.241:41857, 3750b3a2-715b-46b3-9d0c-9e38136244b9:192.168.164.241:46227], old=null
2019-10-20 18:18:49,034 [grpc-default-executor-4] INFO  impl.RaftServerImpl (RaftServerImpl.java:setRole(184)) - 6ef27e9c-8ddb-4fa1-8c14-ab102acfb1b8@group-F11756C8BA4A: changes role from  FOLLOWER to FOLLOWER at term 163 for recognizeCandidate:b75f8b2e-6273-4c97-b7c5-042674931d23
2019-10-20 18:18:49,034 [grpc-default-executor-4] INFO  impl.RoleInfo (RoleInfo.java:shutdownFollowerState(121)) - 6ef27e9c-8ddb-4fa1-8c14-ab102acfb1b8: shutdown FollowerState
2019-10-20 18:18:49,034 [grpc-default-executor-4] INFO  impl.RoleInfo (RoleInfo.java:updateAndGet(143)) - 6ef27e9c-8ddb-4fa1-8c14-ab102acfb1b8: start FollowerState
2019-10-20 18:18:49,034 [grpc-default-executor-7] INFO  impl.RaftServerImpl (RaftServerImpl.java:setRole(184)) - 3750b3a2-715b-46b3-9d0c-9e38136244b9@group-F11756C8BA4A: changes role from  FOLLOWER to FOLLOWER at term 163 for recognizeCandidate:b75f8b2e-6273-4c97-b7c5-042674931d23
2019-10-20 18:18:49,035 [grpc-default-executor-7] INFO  impl.RoleInfo (RoleInfo.java:shutdownFollowerState(121)) - 3750b3a2-715b-46b3-9d0c-9e38136244b9: shutdown FollowerState
2019-10-20 18:18:49,034 [Thread-2437] INFO  impl.FollowerState (FollowerState.java:run(117)) - 6ef27e9c-8ddb-4fa1-8c14-ab102acfb1b8@group-F11756C8BA4A-FollowerState was interrupted: java.lang.InterruptedException: sleep interrupted
2019-10-20 18:18:49,035 [Thread-2435] INFO  impl.FollowerState (FollowerState.java:run(117)) - 3750b3a2-715b-46b3-9d0c-9e38136244b9@group-F11756C8BA4A-FollowerState was interrupted: java.lang.InterruptedException: sleep interrupted
2019-10-20 18:18:49,035 [grpc-default-executor-7] INFO  impl.RoleInfo (RoleInfo.java:updateAndGet(143)) - 3750b3a2-715b-46b3-9d0c-9e38136244b9: start FollowerState
2019-10-20 18:18:49,042 [399079f7-1eb1-4f37-b003-267572525934@group-D40A05E2FCF9-LeaderElection289] INFO  impl.LeaderElection (LeaderElection.java:logAndReturn(56)) - 399079f7-1eb1-4f37-b003-267572525934@group-D40A05E2FCF9-LeaderElection289: Election REJECTED; received 2 response(s) [399079f7-1eb1-4f37-b003-267572525934<-7a43c46a-fc88-4b2d-b2da-ae029cfa60ff#0:FAIL-t163, 399079f7-1eb1-4f37-b003-267572525934<-6c5c38af-62e6-4ea7-a24a-078dcb28fb39#0:FAIL-t163] and 0 exception(s); 399079f7-1eb1-4f37-b003-267572525934@group-D40A05E2FCF9:t163, leader=null, voted=399079f7-1eb1-4f37-b003-267572525934, raftlog=399079f7-1eb1-4f37-b003-267572525934@group-D40A05E2FCF9-SegmentedRaftLog:OPENED:c-1,f-1,i0, conf=-1: [399079f7-1eb1-4f37-b003-267572525934:192.168.164.241:37762, 7a43c46a-fc88-4b2d-b2da-ae029cfa60ff:192.168.164.241:43684, 6c5c38af-62e6-4ea7-a24a-078dcb28fb39:192.168.164.241:45428], old=null
2019-10-20 18:18:49,042 [399079f7-1eb1-4f37-b003-267572525934@group-D40A05E2FCF9-LeaderElection289] INFO  impl.RaftServerImpl (RaftServerImpl.java:setRole(184)) - 399079f7-1eb1-4f37-b003-267572525934@group-D40A05E2FCF9: changes role from CANDIDATE to FOLLOWER at term 163 for DISCOVERED_A_NEW_TERM
2019-10-20 18:18:49,042 [399079f7-1eb1-4f37-b003-267572525934@group-D40A05E2FCF9-LeaderElection289] INFO  impl.RoleInfo (RoleInfo.java:shutdownLeaderElection(134)) - 399079f7-1eb1-4f37-b003-267572525934: shutdown LeaderElection
2019-10-20 18:18:49,042 [399079f7-1eb1-4f37-b003-267572525934@group-D40A05E2FCF9-LeaderElection289] INFO  impl.RoleInfo (RoleInfo.java:updateAndGet(143)) - 399079f7-1eb1-4f37-b003-267572525934: start FollowerState
2019-10-20 18:18:49,062 [b75f8b2e-6273-4c97-b7c5-042674931d23@group-F11756C8BA4A-LeaderElection291] INFO  impl.LeaderElection (LeaderElection.java:logAndReturn(56)) - b75f8b2e-6273-4c97-b7c5-042674931d23@group-F11756C8BA4A-LeaderElection291: Election TIMEOUT; received 0 response(s) [] and 0 exception(s); b75f8b2e-6273-4c97-b7c5-042674931d23@group-F11756C8BA4A:t163, leader=null, voted=b75f8b2e-6273-4c97-b7c5-042674931d23, raftlog=b75f8b2e-6273-4c97-b7c5-042674931d23@group-F11756C8BA4A-SegmentedRaftLog:OPENED:c-1,f-1,i0, conf=-1: [6ef27e9c-8ddb-4fa1-8c14-ab102acfb1b8:192.168.164.241:38092, b75f8b2e-6273-4c97-b7c5-042674931d23:192.168.164.241:41857, 3750b3a2-715b-46b3-9d0c-9e38136244b9:192.168.164.241:46227], old=null
2019-10-20 18:18:49,084 [b75f8b2e-6273-4c97-b7c5-042674931d23@group-F11756C8BA4A-LeaderElection291] INFO  impl.LeaderElection (LeaderElection.java:askForVotes(178)) - b75f8b2e-6273-4c97-b7c5-042674931d23@group-F11756C8BA4A-LeaderElection291: begin an election at term 164 for -1: [6ef27e9c-8ddb-4fa1-8c14-ab102acfb1b8:192.168.164.241:38092, b75f8b2e-6273-4c97-b7c5-042674931d23:192.168.164.241:41857, 3750b3a2-715b-46b3-9d0c-9e38136244b9:192.168.164.241:46227], old=null
2019-10-20 18:18:49,086 [grpc-default-executor-4] INFO  impl.RaftServerImpl (RaftServerImpl.java:setRole(184)) - 6ef27e9c-8ddb-4fa1-8c14-ab102acfb1b8@group-F11756C8BA4A: changes role from  FOLLOWER to FOLLOWER at term 164 for recognizeCandidate:b75f8b2e-6273-4c97-b7c5-042674931d23
2019-10-20 18:18:49,086 [grpc-default-executor-4] INFO  impl.RoleInfo (RoleInfo.java:shutdownFollowerState(121)) - 6ef27e9c-8ddb-4fa1-8c14-ab102acfb1b8: shutdown FollowerState
2019-10-20 18:18:49,086 [grpc-default-executor-7] INFO  impl.RaftServerImpl (RaftServerImpl.java:setRole(184)) - 3750b3a2-715b-46b3-9d0c-9e38136244b9@group-F11756C8BA4A: changes role from  FOLLOWER to FOLLOWER at term 164 for recognizeCandidate:b75f8b2e-6273-4c97-b7c5-042674931d23
2019-10-20 18:18:49,086 [grpc-default-executor-7] INFO  impl.RoleInfo (RoleInfo.java:shutdownFollowerState(121)) - 3750b3a2-715b-46b3-9d0c-9e38136244b9: shutdown FollowerState
2019-10-20 18:18:49,086 [Thread-2448] INFO  impl.FollowerState (FollowerState.java:run(117)) - 6ef27e9c-8ddb-4fa1-8c14-ab102acfb1b8@group-F11756C8BA4A-FollowerState was interrupted: java.lang.InterruptedException: sleep interrupted
2019-10-20 18:18:49,086 [grpc-default-executor-4] INFO  impl.RoleInfo (RoleInfo.java:updateAndGet(143)) - 6ef27e9c-8ddb-4fa1-8c14-ab102acfb1b8: start FollowerState
2019-10-20 18:18:49,087 [Thread-2449] INFO  impl.FollowerState (FollowerState.java:run(117)) - 3750b3a2-715b-46b3-9d0c-9e38136244b9@group-F11756C8BA4A-FollowerState was interrupted: java.lang.InterruptedException: sleep interrupted
2019-10-20 18:18:49,087 [grpc-default-executor-7] INFO  impl.RoleInfo (RoleInfo.java:updateAndGet(143)) - 3750b3a2-715b-46b3-9d0c-9e38136244b9: start FollowerState
2019-10-20 18:18:49,095 [Thread-2450] INFO  impl.FollowerState (FollowerState.java:run(108)) - 399079f7-1eb1-4f37-b003-267572525934@group-D40A05E2FCF9-FollowerState: change to CANDIDATE, lastRpcTime:52ms, electionTimeout:52ms
2019-10-20 18:18:49,095 [Thread-2450] INFO  impl.RoleInfo (RoleInfo.java:shutdownFollowerState(121)) - 399079f7-1eb1-4f37-b003-267572525934: shutdown FollowerState
2019-10-20 18:18:49,095 [Thread-2450] INFO  impl.RaftServerImpl (RaftServerImpl.java:setRole(184)) - 399079f7-1eb1-4f37-b003-267572525934@group-D40A05E2FCF9: changes role from  FOLLOWER to CANDIDATE at term 163 for changeToCandidate
2019-10-20 18:18:49,095 [Thread-2450] INFO  impl.RoleInfo (RoleInfo.java:updateAndGet(143)) - 399079f7-1eb1-4f37-b003-267572525934: start LeaderElection
2019-10-20 18:18:49,110 [b75f8b2e-6273-4c97-b7c5-042674931d23@group-F11756C8BA4A-LeaderElection291] INFO  impl.LeaderElection (LeaderElection.java:logAndReturn(56)) - b75f8b2e-6273-4c97-b7c5-042674931d23@group-F11756C8BA4A-LeaderElection291: Election REJECTED; received 2 response(s) [b75f8b2e-6273-4c97-b7c5-042674931d23<-6ef27e9c-8ddb-4fa1-8c14-ab102acfb1b8#0:FAIL-t164, b75f8b2e-6273-4c97-b7c5-042674931d23<-3750b3a2-715b-46b3-9d0c-9e38136244b9#0:FAIL-t164] and 0 exception(s); b75f8b2e-6273-4c97-b7c5-042674931d23@group-F11756C8BA4A:t164, leader=null, voted=b75f8b2e-6273-4c97-b7c5-042674931d23, raftlog=b75f8b2e-6273-4c97-b7c5-042674931d23@group-F11756C8BA4A-SegmentedRaftLog:OPENED:c-1,f-1,i0, conf=-1: [6ef27e9c-8ddb-4fa1-8c14-ab102acfb1b8:192.168.164.241:38092, b75f8b2e-6273-4c97-b7c5-042674931d23:192.168.164.241:41857, 3750b3a2-715b-46b3-9d0c-9e38136244b9:192.168.164.241:46227], old=null
2019-10-20 18:18:49,111 [b75f8b2e-6273-4c97-b7c5-042674931d23@group-F11756C8BA4A-LeaderElection291] INFO  impl.RaftServerImpl (RaftServerImpl.java:setRole(184)) - b75f8b2e-6273-4c97-b7c5-042674931d23@group-F11756C8BA4A: changes role from CANDIDATE to FOLLOWER at term 164 for DISCOVERED_A_NEW_TERM
2019-10-20 18:18:49,111 [b75f8b2e-6273-4c97-b7c5-042674931d23@group-F11756C8BA4A-LeaderElection291] INFO  impl.RoleInfo (RoleInfo.java:shutdownLeaderElection(134)) - b75f8b2e-6273-4c97-b7c5-042674931d23: shutdown LeaderElection
2019-10-20 18:18:49,111 [b75f8b2e-6273-4c97-b7c5-042674931d23@group-F11756C8BA4A-LeaderElection291] INFO  impl.RoleInfo (RoleInfo.java:updateAndGet(143)) - b75f8b2e-6273-4c97-b7c5-042674931d23: start FollowerState
2019-10-20 18:18:49,127 [399079f7-1eb1-4f37-b003-267572525934@group-D40A05E2FCF9-LeaderElection292] INFO  impl.LeaderElection (LeaderElection.java:askForVotes(178)) - 399079f7-1eb1-4f37-b003-267572525934@group-D40A05E2FCF9-LeaderElection292: begin an election at term 164 for -1: [399079f7-1eb1-4f37-b003-267572525934:192.168.164.241:37762, 7a43c46a-fc88-4b2d-b2da-ae029cfa60ff:192.168.164.241:43684, 6c5c38af-62e6-4ea7-a24a-078dcb28fb39:192.168.164.241:45428], old=null
2019-10-20 18:18:49,129 [grpc-default-executor-7] INFO  impl.RaftServerImpl (RaftServerImpl.java:setRole(184)) - 7a43c46a-fc88-4b2d-b2da-ae029cfa60ff@group-D40A05E2FCF9: changes role from  FOLLOWER to FOLLOWER at term 164 for recognizeCandidate:399079f7-1eb1-4f37-b003-267572525934
2019-10-20 18:18:49,129 [grpc-default-executor-4] INFO  impl.RaftServerImpl (RaftServerImpl.java:setRole(184)) - 6c5c38af-62e6-4ea7-a24a-078dcb28fb39@group-D40A05E2FCF9: changes role from  FOLLOWER to FOLLOWER at term 164 for recognizeCandidate:399079f7-1eb1-4f37-b003-267572525934
2019-10-20 18:18:49,129 [grpc-default-executor-4] INFO  impl.RoleInfo (RoleInfo.java:shutdownFollowerState(121)) - 6c5c38af-62e6-4ea7-a24a-078dcb28fb39: shutdown FollowerState
2019-10-20 18:18:49,129 [grpc-default-executor-7] INFO  impl.RoleInfo (RoleInfo.java:shutdownFollowerState(121)) - 7a43c46a-fc88-4b2d-b2da-ae029cfa60ff: shutdown FollowerState
2019-10-20 18:18:49,129 [Thread-2445] INFO  impl.FollowerState (FollowerState.java:run(117)) - 6c5c38af-62e6-4ea7-a24a-078dcb28fb39@group-D40A05E2FCF9-FollowerState was interrupted: java.lang.InterruptedException: sleep interrupted
2019-10-20 18:18:49,129 [grpc-default-executor-4] INFO  impl.RoleInfo (RoleInfo.java:updateAndGet(143)) - 6c5c38af-62e6-4ea7-a24a-078dcb28fb39: start FollowerState
2019-10-20 18:18:49,129 [Thread-2444] INFO  impl.FollowerState (FollowerState.java:run(117)) - 7a43c46a-fc88-4b2d-b2da-ae029cfa60ff@group-D40A05E2FCF9-FollowerState was interrupted: java.lang.InterruptedException: sleep interrupted
2019-10-20 18:18:49,129 [grpc-default-executor-7] INFO  impl.RoleInfo (RoleInfo.java:updateAndGet(143)) - 7a43c46a-fc88-4b2d-b2da-ae029cfa60ff: start FollowerState
2019-10-20 18:18:49,153 [399079f7-1eb1-4f37-b003-267572525934@group-D40A05E2FCF9-LeaderElection292] INFO  impl.LeaderElection (LeaderElection.java:logAndReturn(56)) - 399079f7-1eb1-4f37-b003-267572525934@group-D40A05E2FCF9-LeaderElection292: Election REJECTED; received 2 response(s) [399079f7-1eb1-4f37-b003-267572525934<-7a43c46a-fc88-4b2d-b2da-ae029cfa60ff#0:FAIL-t164, 399079f7-1eb1-4f37-b003-267572525934<-6c5c38af-62e6-4ea7-a24a-078dcb28fb39#0:FAIL-t164] and 0 exception(s); 399079f7-1eb1-4f37-b003-267572525934@group-D40A05E2FCF9:t164, leader=null, voted=399079f7-1eb1-4f37-b003-267572525934, raftlog=399079f7-1eb1-4f37-b003-267572525934@group-D40A05E2FCF9-SegmentedRaftLog:OPENED:c-1,f-1,i0, conf=-1: [399079f7-1eb1-4f37-b003-267572525934:192.168.164.241:37762, 7a43c46a-fc88-4b2d-b2da-ae029cfa60ff:192.168.164.241:43684, 6c5c38af-62e6-4ea7-a24a-078dcb28fb39:192.168.164.241:45428], old=null
2019-10-20 18:18:49,153 [399079f7-1eb1-4f37-b003-267572525934@group-D40A05E2FCF9-LeaderElection292] INFO  impl.RaftServerImpl (RaftServerImpl.java:setRole(184)) - 399079f7-1eb1-4f37-b003-267572525934@group-D40A05E2FCF9: changes role from CANDIDATE to FOLLOWER at term 164 for DISCOVERED_A_NEW_TERM
2019-10-20 18:18:49,153 [399079f7-1eb1-4f37-b003-267572525934@group-D40A05E2FCF9-LeaderElection292] INFO  impl.RoleInfo (RoleInfo.java:shutdownLeaderElection(134)) - 399079f7-1eb1-4f37-b003-267572525934: shutdown LeaderElection
2019-10-20 18:18:49,154 [399079f7-1eb1-4f37-b003-267572525934@group-D40A05E2FCF9-LeaderElection292] INFO  impl.RoleInfo (RoleInfo.java:updateAndGet(143)) - 399079f7-1eb1-4f37-b003-267572525934: start FollowerState
2019-10-20 18:18:49,196 [Thread-2456] INFO  impl.FollowerState (FollowerState.java:run(108)) - b75f8b2e-6273-4c97-b7c5-042674931d23@group-F11756C8BA4A-FollowerState: change to CANDIDATE, lastRpcTime:85ms, electionTimeout:85ms
2019-10-20 18:18:49,196 [Thread-2456] INFO  impl.RoleInfo (RoleInfo.java:shutdownFollowerState(121)) - b75f8b2e-6273-4c97-b7c5-042674931d23: shutdown FollowerState
2019-10-20 18:18:49,196 [Thread-2456] INFO  impl.RaftServerImpl (RaftServerImpl.java:setRole(184)) - b75f8b2e-6273-4c97-b7c5-042674931d23@group-F11756C8BA4A: changes role from  FOLLOWER to CANDIDATE at term 164 for changeToCandidate
2019-10-20 18:18:49,196 [Thread-2456] INFO  impl.RoleInfo (RoleInfo.java:updateAndGet(143)) - b75f8b2e-6273-4c97-b7c5-042674931d23: start LeaderElection
2019-10-20 18:18:49,220 [b75f8b2e-6273-4c97-b7c5-042674931d23@group-F11756C8BA4A-LeaderElection293] INFO  impl.LeaderElection (LeaderElection.java:askForVotes(178)) - b75f8b2e-6273-4c97-b7c5-042674931d23@group-F11756C8BA4A-LeaderElection293: begin an election at term 165 for -1: [6ef27e9c-8ddb-4fa1-8c14-ab102acfb1b8:192.168.164.241:38092, b75f8b2e-6273-4c97-b7c5-042674931d23:192.168.164.241:41857, 3750b3a2-715b-46b3-9d0c-9e38136244b9:192.168.164.241:46227], old=null
2019-10-20 18:18:49,222 [grpc-default-executor-4] INFO  impl.RaftServerImpl (RaftServerImpl.java:setRole(184)) - 6ef27e9c-8ddb-4fa1-8c14-ab102acfb1b8@group-F11756C8BA4A: changes role from  FOLLOWER to FOLLOWER at term 165 for recognizeCandidate:b75f8b2e-6273-4c97-b7c5-042674931d23
2019-10-20 18:18:49,222 [grpc-default-executor-4] INFO  impl.RoleInfo (RoleInfo.java:shutdownFollowerState(121)) - 6ef27e9c-8ddb-4fa1-8c14-ab102acfb1b8: shutdown FollowerState
2019-10-20 18:18:49,222 [grpc-default-executor-4] INFO  impl.RoleInfo (RoleInfo.java:updateAndGet(143)) - 6ef27e9c-8ddb-4fa1-8c14-ab102acfb1b8: start FollowerState
2019-10-20 18:18:49,222 [Thread-2453] INFO  impl.FollowerState (FollowerState.java:run(117)) - 6ef27e9c-8ddb-4fa1-8c14-ab102acfb1b8@group-F11756C8BA4A-FollowerState was interrupted: java.lang.InterruptedException: sleep interrupted
2019-10-20 18:18:49,222 [grpc-default-executor-7] INFO  impl.RaftServerImpl (RaftServerImpl.java:setRole(184)) - 3750b3a2-715b-46b3-9d0c-9e38136244b9@group-F11756C8BA4A: changes role from  FOLLOWER to FOLLOWER at term 165 for recognizeCandidate:b75f8b2e-6273-4c97-b7c5-042674931d23
2019-10-20 18:18:49,222 [grpc-default-executor-7] INFO  impl.RoleInfo (RoleInfo.java:shutdownFollowerState(121)) - 3750b3a2-715b-46b3-9d0c-9e38136244b9: shutdown FollowerState
2019-10-20 18:18:49,222 [grpc-default-executor-7] INFO  impl.RoleInfo (RoleInfo.java:updateAndGet(143)) - 3750b3a2-715b-46b3-9d0c-9e38136244b9: start FollowerState
2019-10-20 18:18:49,222 [Thread-2454] INFO  impl.FollowerState (FollowerState.java:run(117)) - 3750b3a2-715b-46b3-9d0c-9e38136244b9@group-F11756C8BA4A-FollowerState was interrupted: java.lang.InterruptedException: sleep interrupted
2019-10-20 18:18:49,246 [b75f8b2e-6273-4c97-b7c5-042674931d23@group-F11756C8BA4A-LeaderElection293] INFO  impl.LeaderElection (LeaderElection.java:logAndReturn(56)) - b75f8b2e-6273-4c97-b7c5-042674931d23@group-F11756C8BA4A-LeaderElection293: Election REJECTED; received 2 response(s) [b75f8b2e-6273-4c97-b7c5-042674931d23<-6ef27e9c-8ddb-4fa1-8c14-ab102acfb1b8#0:FAIL-t165, b75f8b2e-6273-4c97-b7c5-042674931d23<-3750b3a2-715b-46b3-9d0c-9e38136244b9#0:FAIL-t165] and 0 exception(s); b75f8b2e-6273-4c97-b7c5-042674931d23@group-F11756C8BA4A:t165, leader=null, voted=b75f8b2e-6273-4c97-b7c5-042674931d23, raftlog=b75f8b2e-6273-4c97-b7c5-042674931d23@group-F11756C8BA4A-SegmentedRaftLog:OPENED:c-1,f-1,i0, conf=-1: [6ef27e9c-8ddb-4fa1-8c14-ab102acfb1b8:192.168.164.241:38092, b75f8b2e-6273-4c97-b7c5-042674931d23:192.168.164.241:41857, 3750b3a2-715b-46b3-9d0c-9e38136244b9:192.168.164.241:46227], old=null
2019-10-20 18:18:49,246 [b75f8b2e-6273-4c97-b7c5-042674931d23@group-F11756C8BA4A-LeaderElection293] INFO  impl.RaftServerImpl (RaftServerImpl.java:setRole(184)) - b75f8b2e-6273-4c97-b7c5-042674931d23@group-F11756C8BA4A: changes role from CANDIDATE to FOLLOWER at term 165 for DISCOVERED_A_NEW_TERM
2019-10-20 18:18:49,247 [b75f8b2e-6273-4c97-b7c5-042674931d23@group-F11756C8BA4A-LeaderElection293] INFO  impl.RoleInfo (RoleInfo.java:shutdownLeaderElection(134)) - b75f8b2e-6273-4c97-b7c5-042674931d23: shutdown LeaderElection
2019-10-20 18:18:49,247 [b75f8b2e-6273-4c97-b7c5-042674931d23@group-F11756C8BA4A-LeaderElection293] INFO  impl.RoleInfo (RoleInfo.java:updateAndGet(143)) - b75f8b2e-6273-4c97-b7c5-042674931d23: start FollowerState
2019-10-20 18:18:49,274 [Thread-2467] INFO  impl.FollowerState (FollowerState.java:run(108)) - b75f8b2e-6273-4c97-b7c5-042674931d23@group-F11756C8BA4A-FollowerState: change to CANDIDATE, lastRpcTime:27ms, electionTimeout:27ms
2019-10-20 18:18:49,274 [Thread-2467] INFO  impl.RoleInfo (RoleInfo.java:shutdownFollowerState(121)) - b75f8b2e-6273-4c97-b7c5-042674931d23: shutdown FollowerState
2019-10-20 18:18:49,274 [Thread-2467] INFO  impl.RaftServerImpl (RaftServerImpl.java:setRole(184)) - b75f8b2e-6273-4c97-b7c5-042674931d23@group-F11756C8BA4A: changes role from  FOLLOWER to CANDIDATE at term 165 for changeToCandidate
2019-10-20 18:18:49,275 [Thread-2467] INFO  impl.RoleInfo (RoleInfo.java:updateAndGet(143)) - b75f8b2e-6273-4c97-b7c5-042674931d23: start LeaderElection
2019-10-20 18:18:49,288 [b75f8b2e-6273-4c97-b7c5-042674931d23@group-F11756C8BA4A-LeaderElection294] INFO  impl.LeaderElection (LeaderElection.java:askForVotes(178)) - b75f8b2e-6273-4c97-b7c5-042674931d23@group-F11756C8BA4A-LeaderElection294: begin an election at term 166 for -1: [6ef27e9c-8ddb-4fa1-8c14-ab102acfb1b8:192.168.164.241:38092, b75f8b2e-6273-4c97-b7c5-042674931d23:192.168.164.241:41857, 3750b3a2-715b-46b3-9d0c-9e38136244b9:192.168.164.241:46227], old=null
2019-10-20 18:18:49,290 [grpc-default-executor-7] INFO  impl.RaftServerImpl (RaftServerImpl.java:setRole(184)) - 6ef27e9c-8ddb-4fa1-8c14-ab102acfb1b8@group-F11756C8BA4A: changes role from  FOLLOWER to FOLLOWER at term 166 for recognizeCandidate:b75f8b2e-6273-4c97-b7c5-042674931d23
2019-10-20 18:18:49,290 [grpc-default-executor-7] INFO  impl.RoleInfo (RoleInfo.java:shutdownFollowerState(121)) - 6ef27e9c-8ddb-4fa1-8c14-ab102acfb1b8: shutdown FollowerState
2019-10-20 18:18:49,290 [grpc-default-executor-4] INFO  impl.RaftServerImpl (RaftServerImpl.java:setRole(184)) - 3750b3a2-715b-46b3-9d0c-9e38136244b9@group-F11756C8BA4A: changes role from  FOLLOWER to FOLLOWER at term 166 for recognizeCandidate:b75f8b2e-6273-4c97-b7c5-042674931d23
2019-10-20 18:18:49,290 [grpc-default-executor-4] INFO  impl.RoleInfo (RoleInfo.java:shutdownFollowerState(121)) - 3750b3a2-715b-46b3-9d0c-9e38136244b9: shutdown FollowerState
2019-10-20 18:18:49,290 [Thread-2465] INFO  impl.FollowerState (FollowerState.java:run(117)) - 6ef27e9c-8ddb-4fa1-8c14-ab102acfb1b8@group-F11756C8BA4A-FollowerState was interrupted: java.lang.InterruptedException: sleep interrupted
2019-10-20 18:18:49,290 [grpc-default-executor-7] INFO  impl.RoleInfo (RoleInfo.java:updateAndGet(143)) - 6ef27e9c-8ddb-4fa1-8c14-ab102acfb1b8: start FollowerState
2019-10-20 18:18:49,291 [Thread-2466] INFO  impl.FollowerState (FollowerState.java:run(117)) - 3750b3a2-715b-46b3-9d0c-9e38136244b9@group-F11756C8BA4A-FollowerState was interrupted: java.lang.InterruptedException: sleep interrupted
2019-10-20 18:18:49,291 [grpc-default-executor-4] INFO  impl.RoleInfo (RoleInfo.java:updateAndGet(143)) - 3750b3a2-715b-46b3-9d0c-9e38136244b9: start FollowerState
2019-10-20 18:18:49,305 [Thread-2461] INFO  impl.FollowerState (FollowerState.java:run(108)) - 399079f7-1eb1-4f37-b003-267572525934@group-D40A05E2FCF9-FollowerState: change to CANDIDATE, lastRpcTime:151ms, electionTimeout:151ms
2019-10-20 18:18:49,305 [Thread-2461] INFO  impl.RoleInfo (RoleInfo.java:shutdownFollowerState(121)) - 399079f7-1eb1-4f37-b003-267572525934: shutdown FollowerState
2019-10-20 18:18:49,305 [Thread-2461] INFO  impl.RaftServerImpl (RaftServerImpl.java:setRole(184)) - 399079f7-1eb1-4f37-b003-267572525934@group-D40A05E2FCF9: changes role from  FOLLOWER to CANDIDATE at term 164 for changeToCandidate
2019-10-20 18:18:49,305 [Thread-2461] INFO  impl.RoleInfo (RoleInfo.java:updateAndGet(143)) - 399079f7-1eb1-4f37-b003-267572525934: start LeaderElection
2019-10-20 18:18:49,315 [b75f8b2e-6273-4c97-b7c5-042674931d23@group-F11756C8BA4A-LeaderElection294] INFO  impl.LeaderElection (LeaderElection.java:logAndReturn(56)) - b75f8b2e-6273-4c97-b7c5-042674931d23@group-F11756C8BA4A-LeaderElection294: Election REJECTED; received 2 response(s) [b75f8b2e-6273-4c97-b7c5-042674931d23<-6ef27e9c-8ddb-4fa1-8c14-ab102acfb1b8#0:FAIL-t166, b75f8b2e-6273-4c97-b7c5-042674931d23<-3750b3a2-715b-46b3-9d0c-9e38136244b9#0:FAIL-t166] and 0 exception(s); b75f8b2e-6273-4c97-b7c5-042674931d23@group-F11756C8BA4A:t166, leader=null, voted=b75f8b2e-6273-4c97-b7c5-042674931d23, raftlog=b75f8b2e-6273-4c97-b7c5-042674931d23@group-F11756C8BA4A-SegmentedRaftLog:OPENED:c-1,f-1,i0, conf=-1: [6ef27e9c-8ddb-4fa1-8c14-ab102acfb1b8:192.168.164.241:38092, b75f8b2e-6273-4c97-b7c5-042674931d23:192.168.164.241:41857, 3750b3a2-715b-46b3-9d0c-9e38136244b9:192.168.164.241:46227], old=null
2019-10-20 18:18:49,315 [b75f8b2e-6273-4c97-b7c5-042674931d23@group-F11756C8BA4A-LeaderElection294] INFO  impl.RaftServerImpl (RaftServerImpl.java:setRole(184)) - b75f8b2e-6273-4c97-b7c5-042674931d23@group-F11756C8BA4A: changes role from CANDIDATE to FOLLOWER at term 166 for DISCOVERED_A_NEW_TERM
2019-10-20 18:18:49,315 [b75f8b2e-6273-4c97-b7c5-042674931d23@group-F11756C8BA4A-LeaderElection294] INFO  impl.RoleInfo (RoleInfo.java:shutdownLeaderElection(134)) - b75f8b2e-6273-4c97-b7c5-042674931d23: shutdown LeaderElection
2019-10-20 18:18:49,315 [b75f8b2e-6273-4c97-b7c5-042674931d23@group-F11756C8BA4A-LeaderElection294] INFO  impl.RoleInfo (RoleInfo.java:updateAndGet(143)) - b75f8b2e-6273-4c97-b7c5-042674931d23: start FollowerState
2019-10-20 18:18:49,340 [399079f7-1eb1-4f37-b003-267572525934@group-D40A05E2FCF9-LeaderElection295] INFO  impl.LeaderElection (LeaderElection.java:askForVotes(178)) - 399079f7-1eb1-4f37-b003-267572525934@group-D40A05E2FCF9-LeaderElection295: begin an election at term 165 for -1: [399079f7-1eb1-4f37-b003-267572525934:192.168.164.241:37762, 7a43c46a-fc88-4b2d-b2da-ae029cfa60ff:192.168.164.241:43684, 6c5c38af-62e6-4ea7-a24a-078dcb28fb39:192.168.164.241:45428], old=null
2019-10-20 18:18:49,341 [grpc-default-executor-4] INFO  impl.RaftServerImpl (RaftServerImpl.java:setRole(184)) - 7a43c46a-fc88-4b2d-b2da-ae029cfa60ff@group-D40A05E2FCF9: changes role from  FOLLOWER to FOLLOWER at term 165 for recognizeCandidate:399079f7-1eb1-4f37-b003-267572525934
2019-10-20 18:18:49,341 [grpc-default-executor-4] INFO  impl.RoleInfo (RoleInfo.java:shutdownFollowerState(121)) - 7a43c46a-fc88-4b2d-b2da-ae029cfa60ff: shutdown FollowerState
2019-10-20 18:18:49,341 [grpc-default-executor-7] INFO  impl.RaftServerImpl (RaftServerImpl.java:setRole(184)) - 6c5c38af-62e6-4ea7-a24a-078dcb28fb39@group-D40A05E2FCF9: changes role from  FOLLOWER to FOLLOWER at term 165 for recognizeCandidate:399079f7-1eb1-4f37-b003-267572525934
2019-10-20 18:18:49,342 [grpc-default-executor-7] INFO  impl.RoleInfo (RoleInfo.java:shutdownFollowerState(121)) - 6c5c38af-62e6-4ea7-a24a-078dcb28fb39: shutdown FollowerState
2019-10-20 18:18:49,342 [Thread-2460] INFO  impl.FollowerState (FollowerState.java:run(117)) - 7a43c46a-fc88-4b2d-b2da-ae029cfa60ff@group-D40A05E2FCF9-FollowerState was interrupted: java.lang.InterruptedException: sleep interrupted
2019-10-20 18:18:49,342 [grpc-default-executor-4] INFO  impl.RoleInfo (RoleInfo.java:updateAndGet(143)) - 7a43c46a-fc88-4b2d-b2da-ae029cfa60ff: start FollowerState
2019-10-20 18:18:49,342 [Thread-2459] INFO  impl.FollowerState (FollowerState.java:run(117)) - 6c5c38af-62e6-4ea7-a24a-078dcb28fb39@group-D40A05E2FCF9-FollowerState was interrupted: java.lang.InterruptedException: sleep interrupted
2019-10-20 18:18:49,342 [grpc-default-executor-7] INFO  impl.RoleInfo (RoleInfo.java:updateAndGet(143)) - 6c5c38af-62e6-4ea7-a24a-078dcb28fb39: start FollowerState
2019-10-20 18:18:49,366 [399079f7-1eb1-4f37-b003-267572525934@group-D40A05E2FCF9-LeaderElection295] INFO  impl.LeaderElection (LeaderElection.java:logAndReturn(56)) - 399079f7-1eb1-4f37-b003-267572525934@group-D40A05E2FCF9-LeaderElection295: Election REJECTED; received 2 response(s) [399079f7-1eb1-4f37-b003-267572525934<-7a43c46a-fc88-4b2d-b2da-ae029cfa60ff#0:FAIL-t165, 399079f7-1eb1-4f37-b003-267572525934<-6c5c38af-62e6-4ea7-a24a-078dcb28fb39#0:FAIL-t165] and 0 exception(s); 399079f7-1eb1-4f37-b003-267572525934@group-D40A05E2FCF9:t165, leader=null, voted=399079f7-1eb1-4f37-b003-267572525934, raftlog=399079f7-1eb1-4f37-b003-267572525934@group-D40A05E2FCF9-SegmentedRaftLog:OPENED:c-1,f-1,i0, conf=-1: [399079f7-1eb1-4f37-b003-267572525934:192.168.164.241:37762, 7a43c46a-fc88-4b2d-b2da-ae029cfa60ff:192.168.164.241:43684, 6c5c38af-62e6-4ea7-a24a-078dcb28fb39:192.168.164.241:45428], old=null
2019-10-20 18:18:49,366 [399079f7-1eb1-4f37-b003-267572525934@group-D40A05E2FCF9-LeaderElection295] INFO  impl.RaftServerImpl (RaftServerImpl.java:setRole(184)) - 399079f7-1eb1-4f37-b003-267572525934@group-D40A05E2FCF9: changes role from CANDIDATE to FOLLOWER at term 165 for DISCOVERED_A_NEW_TERM
2019-10-20 18:18:49,367 [399079f7-1eb1-4f37-b003-267572525934@group-D40A05E2FCF9-LeaderElection295] INFO  impl.RoleInfo (RoleInfo.java:shutdownLeaderElection(134)) - 399079f7-1eb1-4f37-b003-267572525934: shutdown LeaderElection
2019-10-20 18:18:49,367 [399079f7-1eb1-4f37-b003-267572525934@group-D40A05E2FCF9-LeaderElection295] INFO  impl.RoleInfo (RoleInfo.java:updateAndGet(143)) - 399079f7-1eb1-4f37-b003-267572525934: start FollowerState
2019-10-20 18:18:49,375 [Thread-2474] INFO  impl.FollowerState (FollowerState.java:run(108)) - b75f8b2e-6273-4c97-b7c5-042674931d23@group-F11756C8BA4A-FollowerState: change to CANDIDATE, lastRpcTime:59ms, electionTimeout:59ms
2019-10-20 18:18:49,375 [Thread-2474] INFO  impl.RoleInfo (RoleInfo.java:shutdownFollowerState(121)) - b75f8b2e-6273-4c97-b7c5-042674931d23: shutdown FollowerState
2019-10-20 18:18:49,375 [Thread-2474] INFO  impl.RaftServerImpl (RaftServerImpl.java:setRole(184)) - b75f8b2e-6273-4c97-b7c5-042674931d23@group-F11756C8BA4A: changes role from  FOLLOWER to CANDIDATE at term 166 for changeToCandidate
2019-10-20 18:18:49,375 [Thread-2474] INFO  impl.RoleInfo (RoleInfo.java:updateAndGet(143)) - b75f8b2e-6273-4c97-b7c5-042674931d23: start LeaderElection
2019-10-20 18:18:49,400 [b75f8b2e-6273-4c97-b7c5-042674931d23@group-F11756C8BA4A-LeaderElection296] INFO  impl.LeaderElection (LeaderElection.java:askForVotes(178)) - b75f8b2e-6273-4c97-b7c5-042674931d23@group-F11756C8BA4A-LeaderElection296: begin an election at term 167 for -1: [6ef27e9c-8ddb-4fa1-8c14-ab102acfb1b8:192.168.164.241:38092, b75f8b2e-6273-4c97-b7c5-042674931d23:192.168.164.241:41857, 3750b3a2-715b-46b3-9d0c-9e38136244b9:192.168.164.241:46227], old=null
2019-10-20 18:18:49,403 [grpc-default-executor-7] INFO  impl.RaftServerImpl (RaftServerImpl.java:setRole(184)) - 6ef27e9c-8ddb-4fa1-8c14-ab102acfb1b8@group-F11756C8BA4A: changes role from  FOLLOWER to FOLLOWER at term 167 for recognizeCandidate:b75f8b2e-6273-4c97-b7c5-042674931d23
2019-10-20 18:18:49,403 [grpc-default-executor-7] INFO  impl.RoleInfo (RoleInfo.java:shutdownFollowerState(121)) - 6ef27e9c-8ddb-4fa1-8c14-ab102acfb1b8: shutdown FollowerState
2019-10-20 18:18:49,403 [grpc-default-executor-7] INFO  impl.RoleInfo (RoleInfo.java:updateAndGet(143)) - 6ef27e9c-8ddb-4fa1-8c14-ab102acfb1b8: start FollowerState
2019-10-20 18:18:49,403 [grpc-default-executor-4] INFO  impl.RaftServerImpl (RaftServerImpl.java:setRole(184)) - 3750b3a2-715b-46b3-9d0c-9e38136244b9@group-F11756C8BA4A: changes role from  FOLLOWER to FOLLOWER at term 167 for recognizeCandidate:b75f8b2e-6273-4c97-b7c5-042674931d23
2019-10-20 18:18:49,404 [grpc-default-executor-4] INFO  impl.RoleInfo (RoleInfo.java:shutdownFollowerState(121)) - 3750b3a2-715b-46b3-9d0c-9e38136244b9: shutdown FollowerState
2019-10-20 18:18:49,403 [Thread-2471] INFO  impl.FollowerState (FollowerState.java:run(117)) - 6ef27e9c-8ddb-4fa1-8c14-ab102acfb1b8@group-F11756C8BA4A-FollowerState was interrupted: java.lang.InterruptedException: sleep interrupted
2019-10-20 18:18:49,404 [Thread-2472] INFO  impl.FollowerState (FollowerState.java:run(117)) - 3750b3a2-715b-46b3-9d0c-9e38136244b9@group-F11756C8BA4A-FollowerState was interrupted: java.lang.InterruptedException: sleep interrupted
2019-10-20 18:18:49,404 [grpc-default-executor-4] INFO  impl.RoleInfo (RoleInfo.java:updateAndGet(143)) - 3750b3a2-715b-46b3-9d0c-9e38136244b9: start FollowerState
2019-10-20 18:18:49,418 [b75f8b2e-6273-4c97-b7c5-042674931d23@group-F11756C8BA4A-LeaderElection296] INFO  impl.LeaderElection (LeaderElection.java:logAndReturn(56)) - b75f8b2e-6273-4c97-b7c5-042674931d23@group-F11756C8BA4A-LeaderElection296: Election REJECTED; received 2 response(s) [b75f8b2e-6273-4c97-b7c5-042674931d23<-6ef27e9c-8ddb-4fa1-8c14-ab102acfb1b8#0:FAIL-t167, b75f8b2e-6273-4c97-b7c5-042674931d23<-3750b3a2-715b-46b3-9d0c-9e38136244b9#0:FAIL-t167] and 0 exception(s); b75f8b2e-6273-4c97-b7c5-042674931d23@group-F11756C8BA4A:t167, leader=null, voted=b75f8b2e-6273-4c97-b7c5-042674931d23, raftlog=b75f8b2e-6273-4c97-b7c5-042674931d23@group-F11756C8BA4A-SegmentedRaftLog:OPENED:c-1,f-1,i0, conf=-1: [6ef27e9c-8ddb-4fa1-8c14-ab102acfb1b8:192.168.164.241:38092, b75f8b2e-6273-4c97-b7c5-042674931d23:192.168.164.241:41857, 3750b3a2-715b-46b3-9d0c-9e38136244b9:192.168.164.241:46227], old=null
2019-10-20 18:18:49,419 [b75f8b2e-6273-4c97-b7c5-042674931d23@group-F11756C8BA4A-LeaderElection296] INFO  impl.RaftServerImpl (RaftServerImpl.java:setRole(184)) - b75f8b2e-6273-4c97-b7c5-042674931d23@group-F11756C8BA4A: changes role from CANDIDATE to FOLLOWER at term 167 for DISCOVERED_A_NEW_TERM
2019-10-20 18:18:49,419 [b75f8b2e-6273-4c97-b7c5-042674931d23@group-F11756C8BA4A-LeaderElection296] INFO  impl.RoleInfo (RoleInfo.java:shutdownLeaderElection(134)) - b75f8b2e-6273-4c97-b7c5-042674931d23: shutdown LeaderElection
2019-10-20 18:18:49,419 [b75f8b2e-6273-4c97-b7c5-042674931d23@group-F11756C8BA4A-LeaderElection296] INFO  impl.RoleInfo (RoleInfo.java:updateAndGet(143)) - b75f8b2e-6273-4c97-b7c5-042674931d23: start FollowerState
2019-10-20 18:18:49,425 [Thread-2485] INFO  impl.FollowerState (FollowerState.java:run(108)) - b75f8b2e-6273-4c97-b7c5-042674931d23@group-F11756C8BA4A-FollowerState: change to CANDIDATE, lastRpcTime:6ms, electionTimeout:6ms
2019-10-20 18:18:49,425 [Thread-2485] INFO  impl.RoleInfo (RoleInfo.java:shutdownFollowerState(121)) - b75f8b2e-6273-4c97-b7c5-042674931d23: shutdown FollowerState
2019-10-20 18:18:49,425 [Thread-2485] INFO  impl.RaftServerImpl (RaftServerImpl.java:setRole(184)) - b75f8b2e-6273-4c97-b7c5-042674931d23@group-F11756C8BA4A: changes role from  FOLLOWER to CANDIDATE at term 167 for changeToCandidate
2019-10-20 18:18:49,426 [Thread-2485] INFO  impl.RoleInfo (RoleInfo.java:updateAndGet(143)) - b75f8b2e-6273-4c97-b7c5-042674931d23: start LeaderElection
2019-10-20 18:18:49,443 [b75f8b2e-6273-4c97-b7c5-042674931d23@group-F11756C8BA4A-LeaderElection297] INFO  impl.LeaderElection (LeaderElection.java:askForVotes(178)) - b75f8b2e-6273-4c97-b7c5-042674931d23@group-F11756C8BA4A-LeaderElection297: begin an election at term 168 for -1: [6ef27e9c-8ddb-4fa1-8c14-ab102acfb1b8:192.168.164.241:38092, b75f8b2e-6273-4c97-b7c5-042674931d23:192.168.164.241:41857, 3750b3a2-715b-46b3-9d0c-9e38136244b9:192.168.164.241:46227], old=null
2019-10-20 18:18:49,445 [grpc-default-executor-7] INFO  impl.RaftServerImpl (RaftServerImpl.java:setRole(184)) - 3750b3a2-715b-46b3-9d0c-9e38136244b9@group-F11756C8BA4A: changes role from  FOLLOWER to FOLLOWER at term 168 for recognizeCandidate:b75f8b2e-6273-4c97-b7c5-042674931d23
2019-10-20 18:18:49,445 [grpc-default-executor-7] INFO  impl.RoleInfo (RoleInfo.java:shutdownFollowerState(121)) - 3750b3a2-715b-46b3-9d0c-9e38136244b9: shutdown FollowerState
2019-10-20 18:18:49,445 [grpc-default-executor-4] INFO  impl.RaftServerImpl (RaftServerImpl.java:setRole(184)) - 6ef27e9c-8ddb-4fa1-8c14-ab102acfb1b8@group-F11756C8BA4A: changes role from  FOLLOWER to FOLLOWER at term 168 for recognizeCandidate:b75f8b2e-6273-4c97-b7c5-042674931d23
2019-10-20 18:18:49,445 [Thread-2484] INFO  impl.FollowerState (FollowerState.java:run(117)) - 3750b3a2-715b-46b3-9d0c-9e38136244b9@group-F11756C8BA4A-FollowerState was interrupted: java.lang.InterruptedException: sleep interrupted
2019-10-20 18:18:49,445 [grpc-default-executor-7] INFO  impl.RoleInfo (RoleInfo.java:updateAndGet(143)) - 3750b3a2-715b-46b3-9d0c-9e38136244b9: start FollowerState
2019-10-20 18:18:49,445 [grpc-default-executor-4] INFO  impl.RoleInfo (RoleInfo.java:shutdownFollowerState(121)) - 6ef27e9c-8ddb-4fa1-8c14-ab102acfb1b8: shutdown FollowerState
2019-10-20 18:18:49,446 [grpc-default-executor-4] INFO  impl.RoleInfo (RoleInfo.java:updateAndGet(143)) - 6ef27e9c-8ddb-4fa1-8c14-ab102acfb1b8: start FollowerState
2019-10-20 18:18:49,446 [Thread-2483] INFO  impl.FollowerState (FollowerState.java:run(117)) - 6ef27e9c-8ddb-4fa1-8c14-ab102acfb1b8@group-F11756C8BA4A-FollowerState was interrupted: java.lang.InterruptedException: sleep interrupted
2019-10-20 18:18:49,454 [b75f8b2e-6273-4c97-b7c5-042674931d23@group-F11756C8BA4A-LeaderElection297] INFO  impl.LeaderElection (LeaderElection.java:logAndReturn(56)) - b75f8b2e-6273-4c97-b7c5-042674931d23@group-F11756C8BA4A-LeaderElection297: Election TIMEOUT; received 0 response(s) [] and 0 exception(s); b75f8b2e-6273-4c97-b7c5-042674931d23@group-F11756C8BA4A:t168, leader=null, voted=b75f8b2e-6273-4c97-b7c5-042674931d23, raftlog=b75f8b2e-6273-4c97-b7c5-042674931d23@group-F11756C8BA4A-SegmentedRaftLog:OPENED:c-1,f-1,i0, conf=-1: [6ef27e9c-8ddb-4fa1-8c14-ab102acfb1b8:192.168.164.241:38092, b75f8b2e-6273-4c97-b7c5-042674931d23:192.168.164.241:41857, 3750b3a2-715b-46b3-9d0c-9e38136244b9:192.168.164.241:46227], old=null
2019-10-20 18:18:49,470 [b75f8b2e-6273-4c97-b7c5-042674931d23@group-F11756C8BA4A-LeaderElection297] INFO  impl.LeaderElection (LeaderElection.java:askForVotes(178)) - b75f8b2e-6273-4c97-b7c5-042674931d23@group-F11756C8BA4A-LeaderElection297: begin an election at term 169 for -1: [6ef27e9c-8ddb-4fa1-8c14-ab102acfb1b8:192.168.164.241:38092, b75f8b2e-6273-4c97-b7c5-042674931d23:192.168.164.241:41857, 3750b3a2-715b-46b3-9d0c-9e38136244b9:192.168.164.241:46227], old=null
2019-10-20 18:18:49,471 [grpc-default-executor-4] INFO  impl.RaftServerImpl (RaftServerImpl.java:setRole(184)) - 6ef27e9c-8ddb-4fa1-8c14-ab102acfb1b8@group-F11756C8BA4A: changes role from  FOLLOWER to FOLLOWER at term 169 for recognizeCandidate:b75f8b2e-6273-4c97-b7c5-042674931d23
2019-10-20 18:18:49,471 [grpc-default-executor-7] INFO  impl.RaftServerImpl (RaftServerImpl.java:setRole(184)) - 3750b3a2-715b-46b3-9d0c-9e38136244b9@group-F11756C8BA4A: changes role from  FOLLOWER to FOLLOWER at term 169 for recognizeCandidate:b75f8b2e-6273-4c97-b7c5-042674931d23
2019-10-20 18:18:49,471 [grpc-default-executor-7] INFO  impl.RoleInfo (RoleInfo.java:shutdownFollowerState(121)) - 3750b3a2-715b-46b3-9d0c-9e38136244b9: shutdown FollowerState
2019-10-20 18:18:49,471 [grpc-default-executor-4] INFO  impl.RoleInfo (RoleInfo.java:shutdownFollowerState(121)) - 6ef27e9c-8ddb-4fa1-8c14-ab102acfb1b8: shutdown FollowerState
2019-10-20 18:18:49,472 [Thread-2489] INFO  impl.FollowerState (FollowerState.java:run(117)) - 3750b3a2-715b-46b3-9d0c-9e38136244b9@group-F11756C8BA4A-FollowerState was interrupted: java.lang.InterruptedException: sleep interrupted
2019-10-20 18:18:49,471 [grpc-default-executor-7] INFO  impl.RoleInfo (RoleInfo.java:updateAndGet(143)) - 3750b3a2-715b-46b3-9d0c-9e38136244b9: start FollowerState
2019-10-20 18:18:49,472 [Thread-2490] INFO  impl.FollowerState (FollowerState.java:run(117)) - 6ef27e9c-8ddb-4fa1-8c14-ab102acfb1b8@group-F11756C8BA4A-FollowerState was interrupted: java.lang.InterruptedException: sleep interrupted
2019-10-20 18:18:49,472 [grpc-default-executor-4] INFO  impl.RoleInfo (RoleInfo.java:updateAndGet(143)) - 6ef27e9c-8ddb-4fa1-8c14-ab102acfb1b8: start FollowerState
2019-10-20 18:18:49,494 [b75f8b2e-6273-4c97-b7c5-042674931d23@group-F11756C8BA4A-LeaderElection297] INFO  impl.LeaderElection (LeaderElection.java:logAndReturn(56)) - b75f8b2e-6273-4c97-b7c5-042674931d23@group-F11756C8BA4A-LeaderElection297: Election REJECTED; received 2 response(s) [b75f8b2e-6273-4c97-b7c5-042674931d23<-6ef27e9c-8ddb-4fa1-8c14-ab102acfb1b8#0:FAIL-t169, b75f8b2e-6273-4c97-b7c5-042674931d23<-3750b3a2-715b-46b3-9d0c-9e38136244b9#0:FAIL-t169] and 0 exception(s); b75f8b2e-6273-4c97-b7c5-042674931d23@group-F11756C8BA4A:t169, leader=null, voted=b75f8b2e-6273-4c97-b7c5-042674931d23, raftlog=b75f8b2e-6273-4c97-b7c5-042674931d23@group-F11756C8BA4A-SegmentedRaftLog:OPENED:c-1,f-1,i0, conf=-1: [6ef27e9c-8ddb-4fa1-8c14-ab102acfb1b8:192.168.164.241:38092, b75f8b2e-6273-4c97-b7c5-042674931d23:192.168.164.241:41857, 3750b3a2-715b-46b3-9d0c-9e38136244b9:192.168.164.241:46227], old=null
2019-10-20 18:18:49,494 [b75f8b2e-6273-4c97-b7c5-042674931d23@group-F11756C8BA4A-LeaderElection297] INFO  impl.RaftServerImpl (RaftServerImpl.java:setRole(184)) - b75f8b2e-6273-4c97-b7c5-042674931d23@group-F11756C8BA4A: changes role from CANDIDATE to FOLLOWER at term 169 for DISCOVERED_A_NEW_TERM
2019-10-20 18:18:49,494 [b75f8b2e-6273-4c97-b7c5-042674931d23@group-F11756C8BA4A-LeaderElection297] INFO  impl.RoleInfo (RoleInfo.java:shutdownLeaderElection(134)) - b75f8b2e-6273-4c97-b7c5-042674931d23: shutdown LeaderElection
2019-10-20 18:18:49,494 [b75f8b2e-6273-4c97-b7c5-042674931d23@group-F11756C8BA4A-LeaderElection297] INFO  impl.RoleInfo (RoleInfo.java:updateAndGet(143)) - b75f8b2e-6273-4c97-b7c5-042674931d23: start FollowerState
2019-10-20 18:18:49,562 [Thread-2479] INFO  impl.FollowerState (FollowerState.java:run(108)) - 399079f7-1eb1-4f37-b003-267572525934@group-D40A05E2FCF9-FollowerState: change to CANDIDATE, lastRpcTime:195ms, electionTimeout:195ms
2019-10-20 18:18:49,562 [Thread-2479] INFO  impl.RoleInfo (RoleInfo.java:shutdownFollowerState(121)) - 399079f7-1eb1-4f37-b003-267572525934: shutdown FollowerState
2019-10-20 18:18:49,562 [Thread-2479] INFO  impl.RaftServerImpl (RaftServerImpl.java:setRole(184)) - 399079f7-1eb1-4f37-b003-267572525934@group-D40A05E2FCF9: changes role from  FOLLOWER to CANDIDATE at term 165 for changeToCandidate
2019-10-20 18:18:49,562 [Thread-2479] INFO  impl.RoleInfo (RoleInfo.java:updateAndGet(143)) - 399079f7-1eb1-4f37-b003-267572525934: start LeaderElection
2019-10-20 18:18:49,573 [Thread-2495] INFO  impl.FollowerState (FollowerState.java:run(108)) - b75f8b2e-6273-4c97-b7c5-042674931d23@group-F11756C8BA4A-FollowerState: change to CANDIDATE, lastRpcTime:78ms, electionTimeout:78ms
2019-10-20 18:18:49,573 [Thread-2495] INFO  impl.RoleInfo (RoleInfo.java:shutdownFollowerState(121)) - b75f8b2e-6273-4c97-b7c5-042674931d23: shutdown FollowerState
2019-10-20 18:18:49,573 [Thread-2495] INFO  impl.RaftServerImpl (RaftServerImpl.java:setRole(184)) - b75f8b2e-6273-4c97-b7c5-042674931d23@group-F11756C8BA4A: changes role from  FOLLOWER to CANDIDATE at term 169 for changeToCandidate
2019-10-20 18:18:49,573 [Thread-2495] INFO  impl.RoleInfo (RoleInfo.java:updateAndGet(143)) - b75f8b2e-6273-4c97-b7c5-042674931d23: start LeaderElection
2019-10-20 18:18:49,586 [b75f8b2e-6273-4c97-b7c5-042674931d23@group-F11756C8BA4A-LeaderElection299] INFO  impl.LeaderElection (LeaderElection.java:askForVotes(178)) - b75f8b2e-6273-4c97-b7c5-042674931d23@group-F11756C8BA4A-LeaderElection299: begin an election at term 170 for -1: [6ef27e9c-8ddb-4fa1-8c14-ab102acfb1b8:192.168.164.241:38092, b75f8b2e-6273-4c97-b7c5-042674931d23:192.168.164.241:41857, 3750b3a2-715b-46b3-9d0c-9e38136244b9:192.168.164.241:46227], old=null
2019-10-20 18:18:49,586 [399079f7-1eb1-4f37-b003-267572525934@group-D40A05E2FCF9-LeaderElection298] INFO  impl.LeaderElection (LeaderElection.java:askForVotes(178)) - 399079f7-1eb1-4f37-b003-267572525934@group-D40A05E2FCF9-LeaderElection298: begin an election at term 166 for -1: [399079f7-1eb1-4f37-b003-267572525934:192.168.164.241:37762, 7a43c46a-fc88-4b2d-b2da-ae029cfa60ff:192.168.164.241:43684, 6c5c38af-62e6-4ea7-a24a-078dcb28fb39:192.168.164.241:45428], old=null
2019-10-20 18:18:49,588 [grpc-default-executor-7] INFO  impl.RaftServerImpl (RaftServerImpl.java:setRole(184)) - 6c5c38af-62e6-4ea7-a24a-078dcb28fb39@group-D40A05E2FCF9: changes role from  FOLLOWER to FOLLOWER at term 166 for recognizeCandidate:399079f7-1eb1-4f37-b003-267572525934
2019-10-20 18:18:49,588 [grpc-default-executor-7] INFO  impl.RoleInfo (RoleInfo.java:shutdownFollowerState(121)) - 6c5c38af-62e6-4ea7-a24a-078dcb28fb39: shutdown FollowerState
2019-10-20 18:18:49,588 [grpc-default-executor-4] INFO  impl.RaftServerImpl (RaftServerImpl.java:setRole(184)) - 6ef27e9c-8ddb-4fa1-8c14-ab102acfb1b8@group-F11756C8BA4A: changes role from  FOLLOWER to FOLLOWER at term 170 for recognizeCandidate:b75f8b2e-6273-4c97-b7c5-042674931d23
2019-10-20 18:18:49,589 [Thread-2478] INFO  impl.FollowerState (FollowerState.java:run(117)) - 6c5c38af-62e6-4ea7-a24a-078dcb28fb39@group-D40A05E2FCF9-FollowerState was interrupted: java.lang.InterruptedException: sleep interrupted
2019-10-20 18:18:49,589 [grpc-default-executor-3] INFO  impl.RaftServerImpl (RaftServerImpl.java:setRole(184)) - 7a43c46a-fc88-4b2d-b2da-ae029cfa60ff@group-D40A05E2FCF9: changes role from  FOLLOWER to FOLLOWER at term 166 for recognizeCandidate:399079f7-1eb1-4f37-b003-267572525934
2019-10-20 18:18:49,589 [grpc-default-executor-7] INFO  impl.RoleInfo (RoleInfo.java:updateAndGet(143)) - 6c5c38af-62e6-4ea7-a24a-078dcb28fb39: start FollowerState
2019-10-20 18:18:49,589 [grpc-default-executor-5] INFO  impl.RaftServerImpl (RaftServerImpl.java:setRole(184)) - 3750b3a2-715b-46b3-9d0c-9e38136244b9@group-F11756C8BA4A: changes role from  FOLLOWER to FOLLOWER at term 170 for recognizeCandidate:b75f8b2e-6273-4c97-b7c5-042674931d23
2019-10-20 18:18:49,589 [grpc-default-executor-5] INFO  impl.RoleInfo (RoleInfo.java:shutdownFollowerState(121)) - 3750b3a2-715b-46b3-9d0c-9e38136244b9: shutdown FollowerState
2019-10-20 18:18:49,589 [grpc-default-executor-3] INFO  impl.RoleInfo (RoleInfo.java:shutdownFollowerState(121)) - 7a43c46a-fc88-4b2d-b2da-ae029cfa60ff: shutdown FollowerState
2019-10-20 18:18:49,589 [grpc-default-executor-4] INFO  impl.RoleInfo (RoleInfo.java:shutdownFollowerState(121)) - 6ef27e9c-8ddb-4fa1-8c14-ab102acfb1b8: shutdown FollowerState
2019-10-20 18:18:49,590 [Thread-2477] INFO  impl.FollowerState (FollowerState.java:run(117)) - 7a43c46a-fc88-4b2d-b2da-ae029cfa60ff@group-D40A05E2FCF9-FollowerState was interrupted: java.lang.InterruptedException: sleep interrupted
2019-10-20 18:18:49,590 [grpc-default-executor-3] INFO  impl.RoleInfo (RoleInfo.java:updateAndGet(143)) - 7a43c46a-fc88-4b2d-b2da-ae029cfa60ff: start FollowerState
2019-10-20 18:18:49,590 [Thread-2493] INFO  impl.FollowerState (FollowerState.java:run(117)) - 3750b3a2-715b-46b3-9d0c-9e38136244b9@group-F11756C8BA4A-FollowerState was interrupted: java.lang.InterruptedException: sleep interrupted
2019-10-20 18:18:49,590 [grpc-default-executor-5] INFO  impl.RoleInfo (RoleInfo.java:updateAndGet(143)) - 3750b3a2-715b-46b3-9d0c-9e38136244b9: start FollowerState
2019-10-20 18:18:49,590 [Thread-2494] INFO  impl.FollowerState (FollowerState.java:run(117)) - 6ef27e9c-8ddb-4fa1-8c14-ab102acfb1b8@group-F11756C8BA4A-FollowerState was interrupted: java.lang.InterruptedException: sleep interrupted
2019-10-20 18:18:49,590 [grpc-default-executor-4] INFO  impl.RoleInfo (RoleInfo.java:updateAndGet(143)) - 6ef27e9c-8ddb-4fa1-8c14-ab102acfb1b8: start FollowerState
2019-10-20 18:18:49,631 [b75f8b2e-6273-4c97-b7c5-042674931d23@group-F11756C8BA4A-LeaderElection299] INFO  impl.LeaderElection (LeaderElection.java:logAndReturn(56)) - b75f8b2e-6273-4c97-b7c5-042674931d23@group-F11756C8BA4A-LeaderElection299: Election REJECTED; received 2 response(s) [b75f8b2e-6273-4c97-b7c5-042674931d23<-6ef27e9c-8ddb-4fa1-8c14-ab102acfb1b8#0:FAIL-t170, b75f8b2e-6273-4c97-b7c5-042674931d23<-3750b3a2-715b-46b3-9d0c-9e38136244b9#0:FAIL-t170] and 0 exception(s); b75f8b2e-6273-4c97-b7c5-042674931d23@group-F11756C8BA4A:t170, leader=null, voted=b75f8b2e-6273-4c97-b7c5-042674931d23, raftlog=b75f8b2e-6273-4c97-b7c5-042674931d23@group-F11756C8BA4A-SegmentedRaftLog:OPENED:c-1,f-1,i0, conf=-1: [6ef27e9c-8ddb-4fa1-8c14-ab102acfb1b8:192.168.164.241:38092, b75f8b2e-6273-4c97-b7c5-042674931d23:192.168.164.241:41857, 3750b3a2-715b-46b3-9d0c-9e38136244b9:192.168.164.241:46227], old=null
2019-10-20 18:18:49,631 [399079f7-1eb1-4f37-b003-267572525934@group-D40A05E2FCF9-LeaderElection298] INFO  impl.LeaderElection (LeaderElection.java:logAndReturn(56)) - 399079f7-1eb1-4f37-b003-267572525934@group-D40A05E2FCF9-LeaderElection298: Election REJECTED; received 2 response(s) [399079f7-1eb1-4f37-b003-267572525934<-7a43c46a-fc88-4b2d-b2da-ae029cfa60ff#0:FAIL-t166, 399079f7-1eb1-4f37-b003-267572525934<-6c5c38af-62e6-4ea7-a24a-078dcb28fb39#0:FAIL-t166] and 0 exception(s); 399079f7-1eb1-4f37-b003-267572525934@group-D40A05E2FCF9:t166, leader=null, voted=399079f7-1eb1-4f37-b003-267572525934, raftlog=399079f7-1eb1-4f37-b003-267572525934@group-D40A05E2FCF9-SegmentedRaftLog:OPENED:c-1,f-1,i0, conf=-1: [399079f7-1eb1-4f37-b003-267572525934:192.168.164.241:37762, 7a43c46a-fc88-4b2d-b2da-ae029cfa60ff:192.168.164.241:43684, 6c5c38af-62e6-4ea7-a24a-078dcb28fb39:192.168.164.241:45428], old=null
2019-10-20 18:18:49,631 [b75f8b2e-6273-4c97-b7c5-042674931d23@group-F11756C8BA4A-LeaderElection299] INFO  impl.RaftServerImpl (RaftServerImpl.java:setRole(184)) - b75f8b2e-6273-4c97-b7c5-042674931d23@group-F11756C8BA4A: changes role from CANDIDATE to FOLLOWER at term 170 for DISCOVERED_A_NEW_TERM
2019-10-20 18:18:49,631 [399079f7-1eb1-4f37-b003-267572525934@group-D40A05E2FCF9-LeaderElection298] INFO  impl.RaftServerImpl (RaftServerImpl.java:setRole(184)) - 399079f7-1eb1-4f37-b003-267572525934@group-D40A05E2FCF9: changes role from CANDIDATE to FOLLOWER at term 166 for DISCOVERED_A_NEW_TERM
2019-10-20 18:18:49,631 [b75f8b2e-6273-4c97-b7c5-042674931d23@group-F11756C8BA4A-LeaderElection299] INFO  impl.RoleInfo (RoleInfo.java:shutdownLeaderElection(134)) - b75f8b2e-6273-4c97-b7c5-042674931d23: shutdown LeaderElection
2019-10-20 18:18:49,631 [399079f7-1eb1-4f37-b003-267572525934@group-D40A05E2FCF9-LeaderElection298] INFO  impl.RoleInfo (RoleInfo.java:shutdownLeaderElection(134)) - 399079f7-1eb1-4f37-b003-267572525934: shutdown LeaderElection
2019-10-20 18:18:49,632 [b75f8b2e-6273-4c97-b7c5-042674931d23@group-F11756C8BA4A-LeaderElection299] INFO  impl.RoleInfo (RoleInfo.java:updateAndGet(143)) - b75f8b2e-6273-4c97-b7c5-042674931d23: start FollowerState
2019-10-20 18:18:49,632 [399079f7-1eb1-4f37-b003-267572525934@group-D40A05E2FCF9-LeaderElection298] INFO  impl.RoleInfo (RoleInfo.java:updateAndGet(143)) - 399079f7-1eb1-4f37-b003-267572525934: start FollowerState
2019-10-20 18:18:49,634 [Thread-2509] INFO  impl.FollowerState (FollowerState.java:run(108)) - 399079f7-1eb1-4f37-b003-267572525934@group-D40A05E2FCF9-FollowerState: change to CANDIDATE, lastRpcTime:2ms, electionTimeout:2ms
2019-10-20 18:18:49,634 [Thread-2509] INFO  impl.RoleInfo (RoleInfo.java:shutdownFollowerState(121)) - 399079f7-1eb1-4f37-b003-267572525934: shutdown FollowerState
2019-10-20 18:18:49,634 [Thread-2509] INFO  impl.RaftServerImpl (RaftServerImpl.java:setRole(184)) - 399079f7-1eb1-4f37-b003-267572525934@group-D40A05E2FCF9: changes role from  FOLLOWER to CANDIDATE at term 166 for changeToCandidate
2019-10-20 18:18:49,635 [Thread-2509] INFO  impl.RoleInfo (RoleInfo.java:updateAndGet(143)) - 399079f7-1eb1-4f37-b003-267572525934: start LeaderElection
2019-10-20 18:18:49,664 [399079f7-1eb1-4f37-b003-267572525934@group-D40A05E2FCF9-LeaderElection300] INFO  impl.LeaderElection (LeaderElection.java:askForVotes(178)) - 399079f7-1eb1-4f37-b003-267572525934@group-D40A05E2FCF9-LeaderElection300: begin an election at term 167 for -1: [399079f7-1eb1-4f37-b003-267572525934:192.168.164.241:37762, 7a43c46a-fc88-4b2d-b2da-ae029cfa60ff:192.168.164.241:43684, 6c5c38af-62e6-4ea7-a24a-078dcb28fb39:192.168.164.241:45428], old=null
2019-10-20 18:18:49,666 [399079f7-1eb1-4f37-b003-267572525934@group-D40A05E2FCF9-LeaderElection300] INFO  impl.LeaderElection (LeaderElection.java:logAndReturn(56)) - 399079f7-1eb1-4f37-b003-267572525934@group-D40A05E2FCF9-LeaderElection300: Election TIMEOUT; received 0 response(s) [] and 0 exception(s); 399079f7-1eb1-4f37-b003-267572525934@group-D40A05E2FCF9:t167, leader=null, voted=399079f7-1eb1-4f37-b003-267572525934, raftlog=399079f7-1eb1-4f37-b003-267572525934@group-D40A05E2FCF9-SegmentedRaftLog:OPENED:c-1,f-1,i0, conf=-1: [399079f7-1eb1-4f37-b003-267572525934:192.168.164.241:37762, 7a43c46a-fc88-4b2d-b2da-ae029cfa60ff:192.168.164.241:43684, 6c5c38af-62e6-4ea7-a24a-078dcb28fb39:192.168.164.241:45428], old=null
2019-10-20 18:18:49,666 [grpc-default-executor-4] INFO  impl.RaftServerImpl (RaftServerImpl.java:setRole(184)) - 6c5c38af-62e6-4ea7-a24a-078dcb28fb39@group-D40A05E2FCF9: changes role from  FOLLOWER to FOLLOWER at term 167 for recognizeCandidate:399079f7-1eb1-4f37-b003-267572525934
2019-10-20 18:18:49,666 [grpc-default-executor-7] INFO  impl.RaftServerImpl (RaftServerImpl.java:setRole(184)) - 7a43c46a-fc88-4b2d-b2da-ae029cfa60ff@group-D40A05E2FCF9: changes role from  FOLLOWER to FOLLOWER at term 167 for recognizeCandidate:399079f7-1eb1-4f37-b003-267572525934
2019-10-20 18:18:49,666 [grpc-default-executor-4] INFO  impl.RoleInfo (RoleInfo.java:shutdownFollowerState(121)) - 6c5c38af-62e6-4ea7-a24a-078dcb28fb39: shutdown FollowerState
2019-10-20 18:18:49,666 [grpc-default-executor-7] INFO  impl.RoleInfo (RoleInfo.java:shutdownFollowerState(121)) - 7a43c46a-fc88-4b2d-b2da-ae029cfa60ff: shutdown FollowerState
2019-10-20 18:18:49,667 [Thread-2504] INFO  impl.FollowerState (FollowerState.java:run(117)) - 6c5c38af-62e6-4ea7-a24a-078dcb28fb39@group-D40A05E2FCF9-FollowerState was interrupted: java.lang.InterruptedException: sleep interrupted
2019-10-20 18:18:49,667 [grpc-default-executor-4] INFO  impl.RoleInfo (RoleInfo.java:updateAndGet(143)) - 6c5c38af-62e6-4ea7-a24a-078dcb28fb39: start FollowerState
2019-10-20 18:18:49,667 [Thread-2506] INFO  impl.FollowerState (FollowerState.java:run(117)) - 7a43c46a-fc88-4b2d-b2da-ae029cfa60ff@group-D40A05E2FCF9-FollowerState was interrupted: java.lang.InterruptedException: sleep interrupted
2019-10-20 18:18:49,667 [grpc-default-executor-7] INFO  impl.RoleInfo (RoleInfo.java:updateAndGet(143)) - 7a43c46a-fc88-4b2d-b2da-ae029cfa60ff: start FollowerState
2019-10-20 18:18:49,723 [399079f7-1eb1-4f37-b003-267572525934@group-D40A05E2FCF9-LeaderElection300] INFO  impl.LeaderElection (LeaderElection.java:askForVotes(178)) - 399079f7-1eb1-4f37-b003-267572525934@group-D40A05E2FCF9-LeaderElection300: begin an election at term 168 for -1: [399079f7-1eb1-4f37-b003-267572525934:192.168.164.241:37762, 7a43c46a-fc88-4b2d-b2da-ae029cfa60ff:192.168.164.241:43684, 6c5c38af-62e6-4ea7-a24a-078dcb28fb39:192.168.164.241:45428], old=null
2019-10-20 18:18:49,724 [grpc-default-executor-7] INFO  impl.RaftServerImpl (RaftServerImpl.java:setRole(184)) - 7a43c46a-fc88-4b2d-b2da-ae029cfa60ff@group-D40A05E2FCF9: changes role from  FOLLOWER to FOLLOWER at term 168 for recognizeCandidate:399079f7-1eb1-4f37-b003-267572525934
2019-10-20 18:18:49,724 [grpc-default-executor-4] INFO  impl.RaftServerImpl (RaftServerImpl.java:setRole(184)) - 6c5c38af-62e6-4ea7-a24a-078dcb28fb39@group-D40A05E2FCF9: changes role from  FOLLOWER to FOLLOWER at term 168 for recognizeCandidate:399079f7-1eb1-4f37-b003-267572525934
2019-10-20 18:18:49,724 [grpc-default-executor-7] INFO  impl.RoleInfo (RoleInfo.java:shutdownFollowerState(121)) - 7a43c46a-fc88-4b2d-b2da-ae029cfa60ff: shutdown FollowerState
2019-10-20 18:18:49,725 [grpc-default-executor-4] INFO  impl.RoleInfo (RoleInfo.java:shutdownFollowerState(121)) - 6c5c38af-62e6-4ea7-a24a-078dcb28fb39: shutdown FollowerState
2019-10-20 18:18:49,725 [Thread-2514] INFO  impl.FollowerState (FollowerState.java:run(117)) - 7a43c46a-fc88-4b2d-b2da-ae029cfa60ff@group-D40A05E2FCF9-FollowerState was interrupted: java.lang.InterruptedException: sleep interrupted
2019-10-20 18:18:49,725 [grpc-default-executor-7] INFO  impl.RoleInfo (RoleInfo.java:updateAndGet(143)) - 7a43c46a-fc88-4b2d-b2da-ae029cfa60ff: start FollowerState
2019-10-20 18:18:49,725 [Thread-2513] INFO  impl.FollowerState (FollowerState.java:run(117)) - 6c5c38af-62e6-4ea7-a24a-078dcb28fb39@group-D40A05E2FCF9-FollowerState was interrupted: java.lang.InterruptedException: sleep interrupted
2019-10-20 18:18:49,725 [grpc-default-executor-4] INFO  impl.RoleInfo (RoleInfo.java:updateAndGet(143)) - 6c5c38af-62e6-4ea7-a24a-078dcb28fb39: start FollowerState
2019-10-20 18:18:49,794 [Thread-2508] INFO  impl.FollowerState (FollowerState.java:run(108)) - b75f8b2e-6273-4c97-b7c5-042674931d23@group-F11756C8BA4A-FollowerState: change to CANDIDATE, lastRpcTime:162ms, electionTimeout:162ms
2019-10-20 18:18:49,794 [Thread-2508] INFO  impl.RoleInfo (RoleInfo.java:shutdownFollowerState(121)) - b75f8b2e-6273-4c97-b7c5-042674931d23: shutdown FollowerState
2019-10-20 18:18:49,795 [Thread-2508] INFO  impl.RaftServerImpl (RaftServerImpl.java:setRole(184)) - b75f8b2e-6273-4c97-b7c5-042674931d23@group-F11756C8BA4A: changes role from  FOLLOWER to CANDIDATE at term 170 for changeToCandidate
2019-10-20 18:18:49,795 [Thread-2508] INFO  impl.RoleInfo (RoleInfo.java:updateAndGet(143)) - b75f8b2e-6273-4c97-b7c5-042674931d23: start LeaderElection
2019-10-20 18:18:49,799 [399079f7-1eb1-4f37-b003-267572525934@group-D40A05E2FCF9-LeaderElection300] INFO  impl.LeaderElection (LeaderElection.java:logAndReturn(56)) - 399079f7-1eb1-4f37-b003-267572525934@group-D40A05E2FCF9-LeaderElection300: Election REJECTED; received 2 response(s) [399079f7-1eb1-4f37-b003-267572525934<-7a43c46a-fc88-4b2d-b2da-ae029cfa60ff#0:FAIL-t168, 399079f7-1eb1-4f37-b003-267572525934<-6c5c38af-62e6-4ea7-a24a-078dcb28fb39#0:FAIL-t168] and 0 exception(s); 399079f7-1eb1-4f37-b003-267572525934@group-D40A05E2FCF9:t168, leader=null, voted=399079f7-1eb1-4f37-b003-267572525934, raftlog=399079f7-1eb1-4f37-b003-267572525934@group-D40A05E2FCF9-SegmentedRaftLog:OPENED:c-1,f-1,i0, conf=-1: [399079f7-1eb1-4f37-b003-267572525934:192.168.164.241:37762, 7a43c46a-fc88-4b2d-b2da-ae029cfa60ff:192.168.164.241:43684, 6c5c38af-62e6-4ea7-a24a-078dcb28fb39:192.168.164.241:45428], old=null
2019-10-20 18:18:49,800 [399079f7-1eb1-4f37-b003-267572525934@group-D40A05E2FCF9-LeaderElection300] INFO  impl.RaftServerImpl (RaftServerImpl.java:setRole(184)) - 399079f7-1eb1-4f37-b003-267572525934@group-D40A05E2FCF9: changes role from CANDIDATE to FOLLOWER at term 168 for DISCOVERED_A_NEW_TERM
2019-10-20 18:18:49,800 [399079f7-1eb1-4f37-b003-267572525934@group-D40A05E2FCF9-LeaderElection300] INFO  impl.RoleInfo (RoleInfo.java:shutdownLeaderElection(134)) - 399079f7-1eb1-4f37-b003-267572525934: shutdown LeaderElection
2019-10-20 18:18:49,800 [399079f7-1eb1-4f37-b003-267572525934@group-D40A05E2FCF9-LeaderElection300] INFO  impl.RoleInfo (RoleInfo.java:updateAndGet(143)) - 399079f7-1eb1-4f37-b003-267572525934: start FollowerState
2019-10-20 18:18:49,816 [Thread-2520] INFO  impl.FollowerState (FollowerState.java:run(108)) - 399079f7-1eb1-4f37-b003-267572525934@group-D40A05E2FCF9-FollowerState: change to CANDIDATE, lastRpcTime:16ms, electionTimeout:16ms
2019-10-20 18:18:49,817 [Thread-2520] INFO  impl.RoleInfo (RoleInfo.java:shutdownFollowerState(121)) - 399079f7-1eb1-4f37-b003-267572525934: shutdown FollowerState
2019-10-20 18:18:49,817 [Thread-2520] INFO  impl.RaftServerImpl (RaftServerImpl.java:setRole(184)) - 399079f7-1eb1-4f37-b003-267572525934@group-D40A05E2FCF9: changes role from  FOLLOWER to CANDIDATE at term 168 for changeToCandidate
2019-10-20 18:18:49,817 [Thread-2520] INFO  impl.RoleInfo (RoleInfo.java:updateAndGet(143)) - 399079f7-1eb1-4f37-b003-267572525934: start LeaderElection
2019-10-20 18:18:49,824 [b75f8b2e-6273-4c97-b7c5-042674931d23@group-F11756C8BA4A-LeaderElection301] INFO  impl.LeaderElection (LeaderElection.java:askForVotes(178)) - b75f8b2e-6273-4c97-b7c5-042674931d23@group-F11756C8BA4A-LeaderElection301: begin an election at term 171 for -1: [6ef27e9c-8ddb-4fa1-8c14-ab102acfb1b8:192.168.164.241:38092, b75f8b2e-6273-4c97-b7c5-042674931d23:192.168.164.241:41857, 3750b3a2-715b-46b3-9d0c-9e38136244b9:192.168.164.241:46227], old=null
2019-10-20 18:18:49,826 [grpc-default-executor-7] INFO  impl.RaftServerImpl (RaftServerImpl.java:setRole(184)) - 3750b3a2-715b-46b3-9d0c-9e38136244b9@group-F11756C8BA4A: changes role from  FOLLOWER to FOLLOWER at term 171 for recognizeCandidate:b75f8b2e-6273-4c97-b7c5-042674931d23
2019-10-20 18:18:49,826 [grpc-default-executor-4] INFO  impl.RaftServerImpl (RaftServerImpl.java:setRole(184)) - 6ef27e9c-8ddb-4fa1-8c14-ab102acfb1b8@group-F11756C8BA4A: changes role from  FOLLOWER to FOLLOWER at term 171 for recognizeCandidate:b75f8b2e-6273-4c97-b7c5-042674931d23
2019-10-20 18:18:49,826 [grpc-default-executor-7] INFO  impl.RoleInfo (RoleInfo.java:shutdownFollowerState(121)) - 3750b3a2-715b-46b3-9d0c-9e38136244b9: shutdown FollowerState
2019-10-20 18:18:49,826 [grpc-default-executor-4] INFO  impl.RoleInfo (RoleInfo.java:shutdownFollowerState(121)) - 6ef27e9c-8ddb-4fa1-8c14-ab102acfb1b8: shutdown FollowerState
2019-10-20 18:18:49,827 [Thread-2505] INFO  impl.FollowerState (FollowerState.java:run(117)) - 3750b3a2-715b-46b3-9d0c-9e38136244b9@group-F11756C8BA4A-FollowerState was interrupted: java.lang.InterruptedException: sleep interrupted
2019-10-20 18:18:49,827 [grpc-default-executor-7] INFO  impl.RoleInfo (RoleInfo.java:updateAndGet(143)) - 3750b3a2-715b-46b3-9d0c-9e38136244b9: start FollowerState
2019-10-20 18:18:49,827 [Thread-2507] INFO  impl.FollowerState (FollowerState.java:run(117)) - 6ef27e9c-8ddb-4fa1-8c14-ab102acfb1b8@group-F11756C8BA4A-FollowerState was interrupted: java.lang.InterruptedException: sleep interrupted
2019-10-20 18:18:49,827 [grpc-default-executor-4] INFO  impl.RoleInfo (RoleInfo.java:updateAndGet(143)) - 6ef27e9c-8ddb-4fa1-8c14-ab102acfb1b8: start FollowerState
2019-10-20 18:18:49,851 [399079f7-1eb1-4f37-b003-267572525934@group-D40A05E2FCF9-LeaderElection302] INFO  impl.LeaderElection (LeaderElection.java:askForVotes(178)) - 399079f7-1eb1-4f37-b003-267572525934@group-D40A05E2FCF9-LeaderElection302: begin an election at term 169 for -1: [399079f7-1eb1-4f37-b003-267572525934:192.168.164.241:37762, 7a43c46a-fc88-4b2d-b2da-ae029cfa60ff:192.168.164.241:43684, 6c5c38af-62e6-4ea7-a24a-078dcb28fb39:192.168.164.241:45428], old=null
2019-10-20 18:18:49,852 [b75f8b2e-6273-4c97-b7c5-042674931d23@group-F11756C8BA4A-LeaderElection301] INFO  impl.LeaderElection (LeaderElection.java:logAndReturn(56)) - b75f8b2e-6273-4c97-b7c5-042674931d23@group-F11756C8BA4A-LeaderElection301: Election REJECTED; received 2 response(s) [b75f8b2e-6273-4c97-b7c5-042674931d23<-6ef27e9c-8ddb-4fa1-8c14-ab102acfb1b8#0:FAIL-t171, b75f8b2e-6273-4c97-b7c5-042674931d23<-3750b3a2-715b-46b3-9d0c-9e38136244b9#0:FAIL-t171] and 0 exception(s); b75f8b2e-6273-4c97-b7c5-042674931d23@group-F11756C8BA4A:t171, leader=null, voted=b75f8b2e-6273-4c97-b7c5-042674931d23, raftlog=b75f8b2e-6273-4c97-b7c5-042674931d23@group-F11756C8BA4A-SegmentedRaftLog:OPENED:c-1,f-1,i0, conf=-1: [6ef27e9c-8ddb-4fa1-8c14-ab102acfb1b8:192.168.164.241:38092, b75f8b2e-6273-4c97-b7c5-042674931d23:192.168.164.241:41857, 3750b3a2-715b-46b3-9d0c-9e38136244b9:192.168.164.241:46227], old=null
2019-10-20 18:18:49,852 [b75f8b2e-6273-4c97-b7c5-042674931d23@group-F11756C8BA4A-LeaderElection301] INFO  impl.RaftServerImpl (RaftServerImpl.java:setRole(184)) - b75f8b2e-6273-4c97-b7c5-042674931d23@group-F11756C8BA4A: changes role from CANDIDATE to FOLLOWER at term 171 for DISCOVERED_A_NEW_TERM
2019-10-20 18:18:49,852 [b75f8b2e-6273-4c97-b7c5-042674931d23@group-F11756C8BA4A-LeaderElection301] INFO  impl.RoleInfo (RoleInfo.java:shutdownLeaderElection(134)) - b75f8b2e-6273-4c97-b7c5-042674931d23: shutdown LeaderElection
2019-10-20 18:18:49,852 [b75f8b2e-6273-4c97-b7c5-042674931d23@group-F11756C8BA4A-LeaderElection301] INFO  impl.RoleInfo (RoleInfo.java:updateAndGet(143)) - b75f8b2e-6273-4c97-b7c5-042674931d23: start FollowerState
2019-10-20 18:18:49,853 [grpc-default-executor-7] INFO  impl.RaftServerImpl (RaftServerImpl.java:setRole(184)) - 7a43c46a-fc88-4b2d-b2da-ae029cfa60ff@group-D40A05E2FCF9: changes role from  FOLLOWER to FOLLOWER at term 169 for recognizeCandidate:399079f7-1eb1-4f37-b003-267572525934
2019-10-20 18:18:49,853 [grpc-default-executor-4] INFO  impl.RaftServerImpl (RaftServerImpl.java:setRole(184)) - 6c5c38af-62e6-4ea7-a24a-078dcb28fb39@group-D40A05E2FCF9: changes role from  FOLLOWER to FOLLOWER at term 169 for recognizeCandidate:399079f7-1eb1-4f37-b003-267572525934
2019-10-20 18:18:49,853 [grpc-default-executor-7] INFO  impl.RoleInfo (RoleInfo.java:shutdownFollowerState(121)) - 7a43c46a-fc88-4b2d-b2da-ae029cfa60ff: shutdown FollowerState
2019-10-20 18:18:49,853 [grpc-default-executor-4] INFO  impl.RoleInfo (RoleInfo.java:shutdownFollowerState(121)) - 6c5c38af-62e6-4ea7-a24a-078dcb28fb39: shutdown FollowerState
2019-10-20 18:18:49,853 [Thread-2517] INFO  impl.FollowerState (FollowerState.java:run(117)) - 7a43c46a-fc88-4b2d-b2da-ae029cfa60ff@group-D40A05E2FCF9-FollowerState was interrupted: java.lang.InterruptedException: sleep interrupted
2019-10-20 18:18:49,853 [grpc-default-executor-7] INFO  impl.RoleInfo (RoleInfo.java:updateAndGet(143)) - 7a43c46a-fc88-4b2d-b2da-ae029cfa60ff: start FollowerState
2019-10-20 18:18:49,854 [Thread-2518] INFO  impl.FollowerState (FollowerState.java:run(117)) - 6c5c38af-62e6-4ea7-a24a-078dcb28fb39@group-D40A05E2FCF9-FollowerState was interrupted: java.lang.InterruptedException: sleep interrupted
2019-10-20 18:18:49,854 [grpc-default-executor-4] INFO  impl.RoleInfo (RoleInfo.java:updateAndGet(143)) - 6c5c38af-62e6-4ea7-a24a-078dcb28fb39: start FollowerState
2019-10-20 18:18:49,878 [399079f7-1eb1-4f37-b003-267572525934@group-D40A05E2FCF9-LeaderElection302] INFO  impl.LeaderElection (LeaderElection.java:logAndReturn(56)) - 399079f7-1eb1-4f37-b003-267572525934@group-D40A05E2FCF9-LeaderElection302: Election REJECTED; received 2 response(s) [399079f7-1eb1-4f37-b003-267572525934<-7a43c46a-fc88-4b2d-b2da-ae029cfa60ff#0:FAIL-t169, 399079f7-1eb1-4f37-b003-267572525934<-6c5c38af-62e6-4ea7-a24a-078dcb28fb39#0:FAIL-t169] and 0 exception(s); 399079f7-1eb1-4f37-b003-267572525934@group-D40A05E2FCF9:t169, leader=null, voted=399079f7-1eb1-4f37-b003-267572525934, raftlog=399079f7-1eb1-4f37-b003-267572525934@group-D40A05E2FCF9-SegmentedRaftLog:OPENED:c-1,f-1,i0, conf=-1: [399079f7-1eb1-4f37-b003-267572525934:192.168.164.241:37762, 7a43c46a-fc88-4b2d-b2da-ae029cfa60ff:192.168.164.241:43684, 6c5c38af-62e6-4ea7-a24a-078dcb28fb39:192.168.164.241:45428], old=null
2019-10-20 18:18:49,878 [399079f7-1eb1-4f37-b003-267572525934@group-D40A05E2FCF9-LeaderElection302] INFO  impl.RaftServerImpl (RaftServerImpl.java:setRole(184)) - 399079f7-1eb1-4f37-b003-267572525934@group-D40A05E2FCF9: changes role from CANDIDATE to FOLLOWER at term 169 for DISCOVERED_A_NEW_TERM
2019-10-20 18:18:49,878 [399079f7-1eb1-4f37-b003-267572525934@group-D40A05E2FCF9-LeaderElection302] INFO  impl.RoleInfo (RoleInfo.java:shutdownLeaderElection(134)) - 399079f7-1eb1-4f37-b003-267572525934: shutdown LeaderElection
2019-10-20 18:18:49,878 [399079f7-1eb1-4f37-b003-267572525934@group-D40A05E2FCF9-LeaderElection302] INFO  impl.RoleInfo (RoleInfo.java:updateAndGet(143)) - 399079f7-1eb1-4f37-b003-267572525934: start FollowerState
2019-10-20 18:18:49,891 [Thread-2528] INFO  impl.FollowerState (FollowerState.java:run(108)) - b75f8b2e-6273-4c97-b7c5-042674931d23@group-F11756C8BA4A-FollowerState: change to CANDIDATE, lastRpcTime:38ms, electionTimeout:38ms
2019-10-20 18:18:49,891 [Thread-2528] INFO  impl.RoleInfo (RoleInfo.java:shutdownFollowerState(121)) - b75f8b2e-6273-4c97-b7c5-042674931d23: shutdown FollowerState
2019-10-20 18:18:49,891 [Thread-2528] INFO  impl.RaftServerImpl (RaftServerImpl.java:setRole(184)) - b75f8b2e-6273-4c97-b7c5-042674931d23@group-F11756C8BA4A: changes role from  FOLLOWER to CANDIDATE at term 171 for changeToCandidate
2019-10-20 18:18:49,891 [Thread-2528] INFO  impl.RoleInfo (RoleInfo.java:updateAndGet(143)) - b75f8b2e-6273-4c97-b7c5-042674931d23: start LeaderElection
2019-10-20 18:18:49,911 [b75f8b2e-6273-4c97-b7c5-042674931d23@group-F11756C8BA4A-LeaderElection303] INFO  impl.LeaderElection (LeaderElection.java:askForVotes(178)) - b75f8b2e-6273-4c97-b7c5-042674931d23@group-F11756C8BA4A-LeaderElection303: begin an election at term 172 for -1: [6ef27e9c-8ddb-4fa1-8c14-ab102acfb1b8:192.168.164.241:38092, b75f8b2e-6273-4c97-b7c5-042674931d23:192.168.164.241:41857, 3750b3a2-715b-46b3-9d0c-9e38136244b9:192.168.164.241:46227], old=null
2019-10-20 18:18:49,912 [grpc-default-executor-7] INFO  impl.RaftServerImpl (RaftServerImpl.java:setRole(184)) - 6ef27e9c-8ddb-4fa1-8c14-ab102acfb1b8@group-F11756C8BA4A: changes role from  FOLLOWER to FOLLOWER at term 172 for recognizeCandidate:b75f8b2e-6273-4c97-b7c5-042674931d23
2019-10-20 18:18:49,912 [grpc-default-executor-4] INFO  impl.RaftServerImpl (RaftServerImpl.java:setRole(184)) - 3750b3a2-715b-46b3-9d0c-9e38136244b9@group-F11756C8BA4A: changes role from  FOLLOWER to FOLLOWER at term 172 for recognizeCandidate:b75f8b2e-6273-4c97-b7c5-042674931d23
2019-10-20 18:18:49,913 [grpc-default-executor-4] INFO  impl.RoleInfo (RoleInfo.java:shutdownFollowerState(121)) - 3750b3a2-715b-46b3-9d0c-9e38136244b9: shutdown FollowerState
2019-10-20 18:18:49,912 [grpc-default-executor-7] INFO  impl.RoleInfo (RoleInfo.java:shutdownFollowerState(121)) - 6ef27e9c-8ddb-4fa1-8c14-ab102acfb1b8: shutdown FollowerState
2019-10-20 18:18:49,913 [Thread-2524] INFO  impl.FollowerState (FollowerState.java:run(117)) - 3750b3a2-715b-46b3-9d0c-9e38136244b9@group-F11756C8BA4A-FollowerState was interrupted: java.lang.InterruptedException: sleep interrupted
2019-10-20 18:18:49,913 [Thread-2525] INFO  impl.FollowerState (FollowerState.java:run(117)) - 6ef27e9c-8ddb-4fa1-8c14-ab102acfb1b8@group-F11756C8BA4A-FollowerState was interrupted: java.lang.InterruptedException: sleep interrupted
2019-10-20 18:18:49,913 [grpc-default-executor-4] INFO  impl.RoleInfo (RoleInfo.java:updateAndGet(143)) - 3750b3a2-715b-46b3-9d0c-9e38136244b9: start FollowerState
2019-10-20 18:18:49,913 [grpc-default-executor-7] INFO  impl.RoleInfo (RoleInfo.java:updateAndGet(143)) - 6ef27e9c-8ddb-4fa1-8c14-ab102acfb1b8: start FollowerState
2019-10-20 18:18:49,945 [b75f8b2e-6273-4c97-b7c5-042674931d23@group-F11756C8BA4A-LeaderElection303] INFO  impl.LeaderElection (LeaderElection.java:logAndReturn(56)) - b75f8b2e-6273-4c97-b7c5-042674931d23@group-F11756C8BA4A-LeaderElection303: Election REJECTED; received 2 response(s) [b75f8b2e-6273-4c97-b7c5-042674931d23<-6ef27e9c-8ddb-4fa1-8c14-ab102acfb1b8#0:FAIL-t172, b75f8b2e-6273-4c97-b7c5-042674931d23<-3750b3a2-715b-46b3-9d0c-9e38136244b9#0:FAIL-t172] and 0 exception(s); b75f8b2e-6273-4c97-b7c5-042674931d23@group-F11756C8BA4A:t172, leader=null, voted=b75f8b2e-6273-4c97-b7c5-042674931d23, raftlog=b75f8b2e-6273-4c97-b7c5-042674931d23@group-F11756C8BA4A-SegmentedRaftLog:OPENED:c-1,f-1,i0, conf=-1: [6ef27e9c-8ddb-4fa1-8c14-ab102acfb1b8:192.168.164.241:38092, b75f8b2e-6273-4c97-b7c5-042674931d23:192.168.164.241:41857, 3750b3a2-715b-46b3-9d0c-9e38136244b9:192.168.164.241:46227], old=null
2019-10-20 18:18:49,945 [b75f8b2e-6273-4c97-b7c5-042674931d23@group-F11756C8BA4A-LeaderElection303] INFO  impl.RaftServerImpl (RaftServerImpl.java:setRole(184)) - b75f8b2e-6273-4c97-b7c5-042674931d23@group-F11756C8BA4A: changes role from CANDIDATE to FOLLOWER at term 172 for DISCOVERED_A_NEW_TERM
2019-10-20 18:18:49,945 [b75f8b2e-6273-4c97-b7c5-042674931d23@group-F11756C8BA4A-LeaderElection303] INFO  impl.RoleInfo (RoleInfo.java:shutdownLeaderElection(134)) - b75f8b2e-6273-4c97-b7c5-042674931d23: shutdown LeaderElection
2019-10-20 18:18:49,946 [b75f8b2e-6273-4c97-b7c5-042674931d23@group-F11756C8BA4A-LeaderElection303] INFO  impl.RoleInfo (RoleInfo.java:updateAndGet(143)) - b75f8b2e-6273-4c97-b7c5-042674931d23: start FollowerState
2019-10-20 18:18:50,063 [Thread-2531] INFO  impl.FollowerState (FollowerState.java:run(108)) - 399079f7-1eb1-4f37-b003-267572525934@group-D40A05E2FCF9-FollowerState: change to CANDIDATE, lastRpcTime:184ms, electionTimeout:184ms
2019-10-20 18:18:50,063 [Thread-2531] INFO  impl.RoleInfo (RoleInfo.java:shutdownFollowerState(121)) - 399079f7-1eb1-4f37-b003-267572525934: shutdown FollowerState
2019-10-20 18:18:50,063 [Thread-2531] INFO  impl.RaftServerImpl (RaftServerImpl.java:setRole(184)) - 399079f7-1eb1-4f37-b003-267572525934@group-D40A05E2FCF9: changes role from  FOLLOWER to CANDIDATE at term 169 for changeToCandidate
2019-10-20 18:18:50,063 [Thread-2531] INFO  impl.RoleInfo (RoleInfo.java:updateAndGet(143)) - 399079f7-1eb1-4f37-b003-267572525934: start LeaderElection
2019-10-20 18:18:50,079 [Thread-2537] INFO  impl.FollowerState (FollowerState.java:run(108)) - b75f8b2e-6273-4c97-b7c5-042674931d23@group-F11756C8BA4A-FollowerState: change to CANDIDATE, lastRpcTime:133ms, electionTimeout:133ms
2019-10-20 18:18:50,079 [Thread-2537] INFO  impl.RoleInfo (RoleInfo.java:shutdownFollowerState(121)) - b75f8b2e-6273-4c97-b7c5-042674931d23: shutdown FollowerState
2019-10-20 18:18:50,079 [Thread-2537] INFO  impl.RaftServerImpl (RaftServerImpl.java:setRole(184)) - b75f8b2e-6273-4c97-b7c5-042674931d23@group-F11756C8BA4A: changes role from  FOLLOWER to CANDIDATE at term 172 for changeToCandidate
2019-10-20 18:18:50,079 [Thread-2537] INFO  impl.RoleInfo (RoleInfo.java:updateAndGet(143)) - b75f8b2e-6273-4c97-b7c5-042674931d23: start LeaderElection
2019-10-20 18:18:50,088 [399079f7-1eb1-4f37-b003-267572525934@group-D40A05E2FCF9-LeaderElection304] INFO  impl.LeaderElection (LeaderElection.java:askForVotes(178)) - 399079f7-1eb1-4f37-b003-267572525934@group-D40A05E2FCF9-LeaderElection304: begin an election at term 170 for -1: [399079f7-1eb1-4f37-b003-267572525934:192.168.164.241:37762, 7a43c46a-fc88-4b2d-b2da-ae029cfa60ff:192.168.164.241:43684, 6c5c38af-62e6-4ea7-a24a-078dcb28fb39:192.168.164.241:45428], old=null
2019-10-20 18:18:50,090 [grpc-default-executor-7] INFO  impl.RaftServerImpl (RaftServerImpl.java:setRole(184)) - 7a43c46a-fc88-4b2d-b2da-ae029cfa60ff@group-D40A05E2FCF9: changes role from  FOLLOWER to FOLLOWER at term 170 for recognizeCandidate:399079f7-1eb1-4f37-b003-267572525934
2019-10-20 18:18:50,090 [grpc-default-executor-7] INFO  impl.RoleInfo (RoleInfo.java:shutdownFollowerState(121)) - 7a43c46a-fc88-4b2d-b2da-ae029cfa60ff: shutdown FollowerState
2019-10-20 18:18:50,090 [grpc-default-executor-7] INFO  impl.RoleInfo (RoleInfo.java:updateAndGet(143)) - 7a43c46a-fc88-4b2d-b2da-ae029cfa60ff: start FollowerState
2019-10-20 18:18:50,090 [grpc-default-executor-4] INFO  impl.RaftServerImpl (RaftServerImpl.java:setRole(184)) - 6c5c38af-62e6-4ea7-a24a-078dcb28fb39@group-D40A05E2FCF9: changes role from  FOLLOWER to FOLLOWER at term 170 for recognizeCandidate:399079f7-1eb1-4f37-b003-267572525934
2019-10-20 18:18:50,091 [grpc-default-executor-4] INFO  impl.RoleInfo (RoleInfo.java:shutdownFollowerState(121)) - 6c5c38af-62e6-4ea7-a24a-078dcb28fb39: shutdown FollowerState
2019-10-20 18:18:50,090 [Thread-2529] INFO  impl.FollowerState (FollowerState.java:run(117)) - 7a43c46a-fc88-4b2d-b2da-ae029cfa60ff@group-D40A05E2FCF9-FollowerState was interrupted: java.lang.InterruptedException: sleep interrupted
2019-10-20 18:18:50,091 [Thread-2530] INFO  impl.FollowerState (FollowerState.java:run(117)) - 6c5c38af-62e6-4ea7-a24a-078dcb28fb39@group-D40A05E2FCF9-FollowerState was interrupted: java.lang.InterruptedException: sleep interrupted
2019-10-20 18:18:50,091 [grpc-default-executor-4] INFO  impl.RoleInfo (RoleInfo.java:updateAndGet(143)) - 6c5c38af-62e6-4ea7-a24a-078dcb28fb39: start FollowerState
2019-10-20 18:18:50,105 [b75f8b2e-6273-4c97-b7c5-042674931d23@group-F11756C8BA4A-LeaderElection305] INFO  impl.LeaderElection (LeaderElection.java:askForVotes(178)) - b75f8b2e-6273-4c97-b7c5-042674931d23@group-F11756C8BA4A-LeaderElection305: begin an election at term 173 for -1: [6ef27e9c-8ddb-4fa1-8c14-ab102acfb1b8:192.168.164.241:38092, b75f8b2e-6273-4c97-b7c5-042674931d23:192.168.164.241:41857, 3750b3a2-715b-46b3-9d0c-9e38136244b9:192.168.164.241:46227], old=null
2019-10-20 18:18:50,106 [grpc-default-executor-7] INFO  impl.RaftServerImpl (RaftServerImpl.java:setRole(184)) - 6ef27e9c-8ddb-4fa1-8c14-ab102acfb1b8@group-F11756C8BA4A: changes role from  FOLLOWER to FOLLOWER at term 173 for recognizeCandidate:b75f8b2e-6273-4c97-b7c5-042674931d23
2019-10-20 18:18:50,106 [grpc-default-executor-7] INFO  impl.RoleInfo (RoleInfo.java:shutdownFollowerState(121)) - 6ef27e9c-8ddb-4fa1-8c14-ab102acfb1b8: shutdown FollowerState
2019-10-20 18:18:50,106 [grpc-default-executor-3] INFO  impl.RaftServerImpl (RaftServerImpl.java:setRole(184)) - 3750b3a2-715b-46b3-9d0c-9e38136244b9@group-F11756C8BA4A: changes role from  FOLLOWER to FOLLOWER at term 173 for recognizeCandidate:b75f8b2e-6273-4c97-b7c5-042674931d23
2019-10-20 18:18:50,106 [Thread-2536] INFO  impl.FollowerState (FollowerState.java:run(117)) - 6ef27e9c-8ddb-4fa1-8c14-ab102acfb1b8@group-F11756C8BA4A-FollowerState was interrupted: java.lang.InterruptedException: sleep interrupted
2019-10-20 18:18:50,106 [grpc-default-executor-7] INFO  impl.RoleInfo (RoleInfo.java:updateAndGet(143)) - 6ef27e9c-8ddb-4fa1-8c14-ab102acfb1b8: start FollowerState
2019-10-20 18:18:50,107 [grpc-default-executor-3] INFO  impl.RoleInfo (RoleInfo.java:shutdownFollowerState(121)) - 3750b3a2-715b-46b3-9d0c-9e38136244b9: shutdown FollowerState
2019-10-20 18:18:50,107 [grpc-default-executor-3] INFO  impl.RoleInfo (RoleInfo.java:updateAndGet(143)) - 3750b3a2-715b-46b3-9d0c-9e38136244b9: start FollowerState
2019-10-20 18:18:50,107 [Thread-2535] INFO  impl.FollowerState (FollowerState.java:run(117)) - 3750b3a2-715b-46b3-9d0c-9e38136244b9@group-F11756C8BA4A-FollowerState was interrupted: java.lang.InterruptedException: sleep interrupted
2019-10-20 18:18:50,123 [399079f7-1eb1-4f37-b003-267572525934@group-D40A05E2FCF9-LeaderElection304] INFO  impl.LeaderElection (LeaderElection.java:logAndReturn(56)) - 399079f7-1eb1-4f37-b003-267572525934@group-D40A05E2FCF9-LeaderElection304: Election REJECTED; received 2 response(s) [399079f7-1eb1-4f37-b003-267572525934<-7a43c46a-fc88-4b2d-b2da-ae029cfa60ff#0:FAIL-t170, 399079f7-1eb1-4f37-b003-267572525934<-6c5c38af-62e6-4ea7-a24a-078dcb28fb39#0:FAIL-t170] and 0 exception(s); 399079f7-1eb1-4f37-b003-267572525934@group-D40A05E2FCF9:t170, leader=null, voted=399079f7-1eb1-4f37-b003-267572525934, raftlog=399079f7-1eb1-4f37-b003-267572525934@group-D40A05E2FCF9-SegmentedRaftLog:OPENED:c-1,f-1,i0, conf=-1: [399079f7-1eb1-4f37-b003-267572525934:192.168.164.241:37762, 7a43c46a-fc88-4b2d-b2da-ae029cfa60ff:192.168.164.241:43684, 6c5c38af-62e6-4ea7-a24a-078dcb28fb39:192.168.164.241:45428], old=null
2019-10-20 18:18:50,123 [399079f7-1eb1-4f37-b003-267572525934@group-D40A05E2FCF9-LeaderElection304] INFO  impl.RaftServerImpl (RaftServerImpl.java:setRole(184)) - 399079f7-1eb1-4f37-b003-267572525934@group-D40A05E2FCF9: changes role from CANDIDATE to FOLLOWER at term 170 for DISCOVERED_A_NEW_TERM
2019-10-20 18:18:50,123 [399079f7-1eb1-4f37-b003-267572525934@group-D40A05E2FCF9-LeaderElection304] INFO  impl.RoleInfo (RoleInfo.java:shutdownLeaderElection(134)) - 399079f7-1eb1-4f37-b003-267572525934: shutdown LeaderElection
2019-10-20 18:18:50,123 [399079f7-1eb1-4f37-b003-267572525934@group-D40A05E2FCF9-LeaderElection304] INFO  impl.RoleInfo (RoleInfo.java:updateAndGet(143)) - 399079f7-1eb1-4f37-b003-267572525934: start FollowerState
2019-10-20 18:18:50,140 [b75f8b2e-6273-4c97-b7c5-042674931d23@group-F11756C8BA4A-LeaderElection305] INFO  impl.LeaderElection (LeaderElection.java:logAndReturn(56)) - b75f8b2e-6273-4c97-b7c5-042674931d23@group-F11756C8BA4A-LeaderElection305: Election REJECTED; received 2 response(s) [b75f8b2e-6273-4c97-b7c5-042674931d23<-6ef27e9c-8ddb-4fa1-8c14-ab102acfb1b8#0:FAIL-t173, b75f8b2e-6273-4c97-b7c5-042674931d23<-3750b3a2-715b-46b3-9d0c-9e38136244b9#0:FAIL-t173] and 0 exception(s); b75f8b2e-6273-4c97-b7c5-042674931d23@group-F11756C8BA4A:t173, leader=null, voted=b75f8b2e-6273-4c97-b7c5-042674931d23, raftlog=b75f8b2e-6273-4c97-b7c5-042674931d23@group-F11756C8BA4A-SegmentedRaftLog:OPENED:c-1,f-1,i0, conf=-1: [6ef27e9c-8ddb-4fa1-8c14-ab102acfb1b8:192.168.164.241:38092, b75f8b2e-6273-4c97-b7c5-042674931d23:192.168.164.241:41857, 3750b3a2-715b-46b3-9d0c-9e38136244b9:192.168.164.241:46227], old=null
2019-10-20 18:18:50,140 [b75f8b2e-6273-4c97-b7c5-042674931d23@group-F11756C8BA4A-LeaderElection305] INFO  impl.RaftServerImpl (RaftServerImpl.java:setRole(184)) - b75f8b2e-6273-4c97-b7c5-042674931d23@group-F11756C8BA4A: changes role from CANDIDATE to FOLLOWER at term 173 for DISCOVERED_A_NEW_TERM
2019-10-20 18:18:50,140 [b75f8b2e-6273-4c97-b7c5-042674931d23@group-F11756C8BA4A-LeaderElection305] INFO  impl.RoleInfo (RoleInfo.java:shutdownLeaderElection(134)) - b75f8b2e-6273-4c97-b7c5-042674931d23: shutdown LeaderElection
2019-10-20 18:18:50,140 [b75f8b2e-6273-4c97-b7c5-042674931d23@group-F11756C8BA4A-LeaderElection305] INFO  impl.RoleInfo (RoleInfo.java:updateAndGet(143)) - b75f8b2e-6273-4c97-b7c5-042674931d23: start FollowerState
2019-10-20 18:18:50,159 [Thread-2550] INFO  impl.FollowerState (FollowerState.java:run(108)) - 399079f7-1eb1-4f37-b003-267572525934@group-D40A05E2FCF9-FollowerState: change to CANDIDATE, lastRpcTime:35ms, electionTimeout:35ms
2019-10-20 18:18:50,159 [Thread-2550] INFO  impl.RoleInfo (RoleInfo.java:shutdownFollowerState(121)) - 399079f7-1eb1-4f37-b003-267572525934: shutdown FollowerState
2019-10-20 18:18:50,159 [Thread-2550] INFO  impl.RaftServerImpl (RaftServerImpl.java:setRole(184)) - 399079f7-1eb1-4f37-b003-267572525934@group-D40A05E2FCF9: changes role from  FOLLOWER to CANDIDATE at term 170 for changeToCandidate
2019-10-20 18:18:50,159 [Thread-2550] INFO  impl.RoleInfo (RoleInfo.java:updateAndGet(143)) - 399079f7-1eb1-4f37-b003-267572525934: start LeaderElection
2019-10-20 18:18:50,229 [Thread-2551] INFO  impl.FollowerState (FollowerState.java:run(108)) - b75f8b2e-6273-4c97-b7c5-042674931d23@group-F11756C8BA4A-FollowerState: change to CANDIDATE, lastRpcTime:89ms, electionTimeout:89ms
2019-10-20 18:18:50,230 [Thread-2551] INFO  impl.RoleInfo (RoleInfo.java:shutdownFollowerState(121)) - b75f8b2e-6273-4c97-b7c5-042674931d23: shutdown FollowerState
2019-10-20 18:18:50,230 [Thread-2551] INFO  impl.RaftServerImpl (RaftServerImpl.java:setRole(184)) - b75f8b2e-6273-4c97-b7c5-042674931d23@group-F11756C8BA4A: changes role from  FOLLOWER to CANDIDATE at term 173 for changeToCandidate
2019-10-20 18:18:50,230 [Thread-2551] INFO  impl.RoleInfo (RoleInfo.java:updateAndGet(143)) - b75f8b2e-6273-4c97-b7c5-042674931d23: start LeaderElection
2019-10-20 18:18:50,240 [399079f7-1eb1-4f37-b003-267572525934@group-D40A05E2FCF9-LeaderElection306] INFO  impl.LeaderElection (LeaderElection.java:askForVotes(178)) - 399079f7-1eb1-4f37-b003-267572525934@group-D40A05E2FCF9-LeaderElection306: begin an election at term 171 for -1: [399079f7-1eb1-4f37-b003-267572525934:192.168.164.241:37762, 7a43c46a-fc88-4b2d-b2da-ae029cfa60ff:192.168.164.241:43684, 6c5c38af-62e6-4ea7-a24a-078dcb28fb39:192.168.164.241:45428], old=null
2019-10-20 18:18:50,243 [grpc-default-executor-7] INFO  impl.RaftServerImpl (RaftServerImpl.java:setRole(184)) - 6c5c38af-62e6-4ea7-a24a-078dcb28fb39@group-D40A05E2FCF9: changes role from  FOLLOWER to FOLLOWER at term 171 for recognizeCandidate:399079f7-1eb1-4f37-b003-267572525934
2019-10-20 18:18:50,243 [grpc-default-executor-7] INFO  impl.RoleInfo (RoleInfo.java:shutdownFollowerState(121)) - 6c5c38af-62e6-4ea7-a24a-078dcb28fb39: shutdown FollowerState
2019-10-20 18:18:50,243 [grpc-default-executor-3] INFO  impl.RaftServerImpl (RaftServerImpl.java:setRole(184)) - 7a43c46a-fc88-4b2d-b2da-ae029cfa60ff@group-D40A05E2FCF9: changes role from  FOLLOWER to FOLLOWER at term 171 for recognizeCandidate:399079f7-1eb1-4f37-b003-267572525934
2019-10-20 18:18:50,244 [Thread-2545] INFO  impl.FollowerState (FollowerState.java:run(117)) - 6c5c38af-62e6-4ea7-a24a-078dcb28fb39@group-D40A05E2FCF9-FollowerState was interrupted: java.lang.InterruptedException: sleep interrupted
2019-10-20 18:18:50,243 [grpc-default-executor-7] INFO  impl.RoleInfo (RoleInfo.java:updateAndGet(143)) - 6c5c38af-62e6-4ea7-a24a-078dcb28fb39: start FollowerState
2019-10-20 18:18:50,244 [grpc-default-executor-3] INFO  impl.RoleInfo (RoleInfo.java:shutdownFollowerState(121)) - 7a43c46a-fc88-4b2d-b2da-ae029cfa60ff: shutdown FollowerState
2019-10-20 18:18:50,244 [grpc-default-executor-3] INFO  impl.RoleInfo (RoleInfo.java:updateAndGet(143)) - 7a43c46a-fc88-4b2d-b2da-ae029cfa60ff: start FollowerState
2019-10-20 18:18:50,244 [Thread-2544] INFO  impl.FollowerState (FollowerState.java:run(117)) - 7a43c46a-fc88-4b2d-b2da-ae029cfa60ff@group-D40A05E2FCF9-FollowerState was interrupted: java.lang.InterruptedException: sleep interrupted
2019-10-20 18:18:50,257 [b75f8b2e-6273-4c97-b7c5-042674931d23@group-F11756C8BA4A-LeaderElection307] INFO  impl.LeaderElection (LeaderElection.java:askForVotes(178)) - b75f8b2e-6273-4c97-b7c5-042674931d23@group-F11756C8BA4A-LeaderElection307: begin an election at term 174 for -1: [6ef27e9c-8ddb-4fa1-8c14-ab102acfb1b8:192.168.164.241:38092, b75f8b2e-6273-4c97-b7c5-042674931d23:192.168.164.241:41857, 3750b3a2-715b-46b3-9d0c-9e38136244b9:192.168.164.241:46227], old=null
2019-10-20 18:18:50,259 [grpc-default-executor-4] INFO  impl.RaftServerImpl (RaftServerImpl.java:setRole(184)) - 6ef27e9c-8ddb-4fa1-8c14-ab102acfb1b8@group-F11756C8BA4A: changes role from  FOLLOWER to FOLLOWER at term 174 for recognizeCandidate:b75f8b2e-6273-4c97-b7c5-042674931d23
2019-10-20 18:18:50,259 [grpc-default-executor-4] INFO  impl.RoleInfo (RoleInfo.java:shutdownFollowerState(121)) - 6ef27e9c-8ddb-4fa1-8c14-ab102acfb1b8: shutdown FollowerState
2019-10-20 18:18:50,259 [grpc-default-executor-4] INFO  impl.RoleInfo (RoleInfo.java:updateAndGet(143)) - 6ef27e9c-8ddb-4fa1-8c14-ab102acfb1b8: start FollowerState
2019-10-20 18:18:50,259 [Thread-2548] INFO  impl.FollowerState (FollowerState.java:run(117)) - 6ef27e9c-8ddb-4fa1-8c14-ab102acfb1b8@group-F11756C8BA4A-FollowerState was interrupted: java.lang.InterruptedException: sleep interrupted
2019-10-20 18:18:50,259 [grpc-default-executor-5] INFO  impl.RaftServerImpl (RaftServerImpl.java:setRole(184)) - 3750b3a2-715b-46b3-9d0c-9e38136244b9@group-F11756C8BA4A: changes role from  FOLLOWER to FOLLOWER at term 174 for recognizeCandidate:b75f8b2e-6273-4c97-b7c5-042674931d23
2019-10-20 18:18:50,259 [grpc-default-executor-5] INFO  impl.RoleInfo (RoleInfo.java:shutdownFollowerState(121)) - 3750b3a2-715b-46b3-9d0c-9e38136244b9: shutdown FollowerState
2019-10-20 18:18:50,260 [grpc-default-executor-5] INFO  impl.RoleInfo (RoleInfo.java:updateAndGet(143)) - 3750b3a2-715b-46b3-9d0c-9e38136244b9: start FollowerState
2019-10-20 18:18:50,260 [Thread-2549] INFO  impl.FollowerState (FollowerState.java:run(117)) - 3750b3a2-715b-46b3-9d0c-9e38136244b9@group-F11756C8BA4A-FollowerState was interrupted: java.lang.InterruptedException: sleep interrupted
2019-10-20 18:18:50,275 [399079f7-1eb1-4f37-b003-267572525934@group-D40A05E2FCF9-LeaderElection306] INFO  impl.LeaderElection (LeaderElection.java:logAndReturn(56)) - 399079f7-1eb1-4f37-b003-267572525934@group-D40A05E2FCF9-LeaderElection306: Election REJECTED; received 2 response(s) [399079f7-1eb1-4f37-b003-267572525934<-7a43c46a-fc88-4b2d-b2da-ae029cfa60ff#0:FAIL-t171, 399079f7-1eb1-4f37-b003-267572525934<-6c5c38af-62e6-4ea7-a24a-078dcb28fb39#0:FAIL-t171] and 0 exception(s); 399079f7-1eb1-4f37-b003-267572525934@group-D40A05E2FCF9:t171, leader=null, voted=399079f7-1eb1-4f37-b003-267572525934, raftlog=399079f7-1eb1-4f37-b003-267572525934@group-D40A05E2FCF9-SegmentedRaftLog:OPENED:c-1,f-1,i0, conf=-1: [399079f7-1eb1-4f37-b003-267572525934:192.168.164.241:37762, 7a43c46a-fc88-4b2d-b2da-ae029cfa60ff:192.168.164.241:43684, 6c5c38af-62e6-4ea7-a24a-078dcb28fb39:192.168.164.241:45428], old=null
2019-10-20 18:18:50,275 [399079f7-1eb1-4f37-b003-267572525934@group-D40A05E2FCF9-LeaderElection306] INFO  impl.RaftServerImpl (RaftServerImpl.java:setRole(184)) - 399079f7-1eb1-4f37-b003-267572525934@group-D40A05E2FCF9: changes role from CANDIDATE to FOLLOWER at term 171 for DISCOVERED_A_NEW_TERM
2019-10-20 18:18:50,275 [399079f7-1eb1-4f37-b003-267572525934@group-D40A05E2FCF9-LeaderElection306] INFO  impl.RoleInfo (RoleInfo.java:shutdownLeaderElection(134)) - 399079f7-1eb1-4f37-b003-267572525934: shutdown LeaderElection
2019-10-20 18:18:50,275 [399079f7-1eb1-4f37-b003-267572525934@group-D40A05E2FCF9-LeaderElection306] INFO  impl.RoleInfo (RoleInfo.java:updateAndGet(143)) - 399079f7-1eb1-4f37-b003-267572525934: start FollowerState
2019-10-20 18:18:50,292 [b75f8b2e-6273-4c97-b7c5-042674931d23@group-F11756C8BA4A-LeaderElection307] INFO  impl.LeaderElection (LeaderElection.java:logAndReturn(56)) - b75f8b2e-6273-4c97-b7c5-042674931d23@group-F11756C8BA4A-LeaderElection307: Election REJECTED; received 2 response(s) [b75f8b2e-6273-4c97-b7c5-042674931d23<-6ef27e9c-8ddb-4fa1-8c14-ab102acfb1b8#0:FAIL-t174, b75f8b2e-6273-4c97-b7c5-042674931d23<-3750b3a2-715b-46b3-9d0c-9e38136244b9#0:FAIL-t174] and 0 exception(s); b75f8b2e-6273-4c97-b7c5-042674931d23@group-F11756C8BA4A:t174, leader=null, voted=b75f8b2e-6273-4c97-b7c5-042674931d23, raftlog=b75f8b2e-6273-4c97-b7c5-042674931d23@group-F11756C8BA4A-SegmentedRaftLog:OPENED:c-1,f-1,i0, conf=-1: [6ef27e9c-8ddb-4fa1-8c14-ab102acfb1b8:192.168.164.241:38092, b75f8b2e-6273-4c97-b7c5-042674931d23:192.168.164.241:41857, 3750b3a2-715b-46b3-9d0c-9e38136244b9:192.168.164.241:46227], old=null
2019-10-20 18:18:50,292 [b75f8b2e-6273-4c97-b7c5-042674931d23@group-F11756C8BA4A-LeaderElection307] INFO  impl.RaftServerImpl (RaftServerImpl.java:setRole(184)) - b75f8b2e-6273-4c97-b7c5-042674931d23@group-F11756C8BA4A: changes role from CANDIDATE to FOLLOWER at term 174 for DISCOVERED_A_NEW_TERM
2019-10-20 18:18:50,292 [b75f8b2e-6273-4c97-b7c5-042674931d23@group-F11756C8BA4A-LeaderElection307] INFO  impl.RoleInfo (RoleInfo.java:shutdownLeaderElection(134)) - b75f8b2e-6273-4c97-b7c5-042674931d23: shutdown LeaderElection
2019-10-20 18:18:50,292 [b75f8b2e-6273-4c97-b7c5-042674931d23@group-F11756C8BA4A-LeaderElection307] INFO  impl.RoleInfo (RoleInfo.java:updateAndGet(143)) - b75f8b2e-6273-4c97-b7c5-042674931d23: start FollowerState
2019-10-20 18:18:50,305 [Thread-2562] INFO  impl.FollowerState (FollowerState.java:run(108)) - 399079f7-1eb1-4f37-b003-267572525934@group-D40A05E2FCF9-FollowerState: change to CANDIDATE, lastRpcTime:30ms, electionTimeout:30ms
2019-10-20 18:18:50,305 [Thread-2562] INFO  impl.RoleInfo (RoleInfo.java:shutdownFollowerState(121)) - 399079f7-1eb1-4f37-b003-267572525934: shutdown FollowerState
2019-10-20 18:18:50,305 [Thread-2562] INFO  impl.RaftServerImpl (RaftServerImpl.java:setRole(184)) - 399079f7-1eb1-4f37-b003-267572525934@group-D40A05E2FCF9: changes role from  FOLLOWER to CANDIDATE at term 171 for changeToCandidate
2019-10-20 18:18:50,306 [Thread-2562] INFO  impl.RoleInfo (RoleInfo.java:updateAndGet(143)) - 399079f7-1eb1-4f37-b003-267572525934: start LeaderElection
2019-10-20 18:18:50,336 [399079f7-1eb1-4f37-b003-267572525934@group-D40A05E2FCF9-LeaderElection308] INFO  impl.LeaderElection (LeaderElection.java:askForVotes(178)) - 399079f7-1eb1-4f37-b003-267572525934@group-D40A05E2FCF9-LeaderElection308: begin an election at term 172 for -1: [399079f7-1eb1-4f37-b003-267572525934:192.168.164.241:37762, 7a43c46a-fc88-4b2d-b2da-ae029cfa60ff:192.168.164.241:43684, 6c5c38af-62e6-4ea7-a24a-078dcb28fb39:192.168.164.241:45428], old=null
2019-10-20 18:18:50,338 [grpc-default-executor-5] INFO  impl.RaftServerImpl (RaftServerImpl.java:setRole(184)) - 6c5c38af-62e6-4ea7-a24a-078dcb28fb39@group-D40A05E2FCF9: changes role from  FOLLOWER to FOLLOWER at term 172 for recognizeCandidate:399079f7-1eb1-4f37-b003-267572525934
2019-10-20 18:18:50,338 [grpc-default-executor-5] INFO  impl.RoleInfo (RoleInfo.java:shutdownFollowerState(121)) - 6c5c38af-62e6-4ea7-a24a-078dcb28fb39: shutdown FollowerState
2019-10-20 18:18:50,338 [grpc-default-executor-4] INFO  impl.RaftServerImpl (RaftServerImpl.java:setRole(184)) - 7a43c46a-fc88-4b2d-b2da-ae029cfa60ff@group-D40A05E2FCF9: changes role from  FOLLOWER to FOLLOWER at term 172 for recognizeCandidate:399079f7-1eb1-4f37-b003-267572525934
2019-10-20 18:18:50,338 [Thread-2556] INFO  impl.FollowerState (FollowerState.java:run(117)) - 6c5c38af-62e6-4ea7-a24a-078dcb28fb39@group-D40A05E2FCF9-FollowerState was interrupted: java.lang.InterruptedException: sleep interrupted
2019-10-20 18:18:50,338 [grpc-default-executor-5] INFO  impl.RoleInfo (RoleInfo.java:updateAndGet(143)) - 6c5c38af-62e6-4ea7-a24a-078dcb28fb39: start FollowerState
2019-10-20 18:18:50,338 [grpc-default-executor-4] INFO  impl.RoleInfo (RoleInfo.java:shutdownFollowerState(121)) - 7a43c46a-fc88-4b2d-b2da-ae029cfa60ff: shutdown FollowerState
2019-10-20 18:18:50,339 [grpc-default-executor-4] INFO  impl.RoleInfo (RoleInfo.java:updateAndGet(143)) - 7a43c46a-fc88-4b2d-b2da-ae029cfa60ff: start FollowerState
2019-10-20 18:18:50,339 [Thread-2557] INFO  impl.FollowerState (FollowerState.java:run(117)) - 7a43c46a-fc88-4b2d-b2da-ae029cfa60ff@group-D40A05E2FCF9-FollowerState was interrupted: java.lang.InterruptedException: sleep interrupted
2019-10-20 18:18:50,478 [Thread-2563] INFO  impl.FollowerState (FollowerState.java:run(108)) - b75f8b2e-6273-4c97-b7c5-042674931d23@group-F11756C8BA4A-FollowerState: change to CANDIDATE, lastRpcTime:185ms, electionTimeout:185ms
2019-10-20 18:18:50,478 [Thread-2563] INFO  impl.RoleInfo (RoleInfo.java:shutdownFollowerState(121)) - b75f8b2e-6273-4c97-b7c5-042674931d23: shutdown FollowerState
2019-10-20 18:18:50,478 [Thread-2563] INFO  impl.RaftServerImpl (RaftServerImpl.java:setRole(184)) - b75f8b2e-6273-4c97-b7c5-042674931d23@group-F11756C8BA4A: changes role from  FOLLOWER to CANDIDATE at term 174 for changeToCandidate
2019-10-20 18:18:50,478 [Thread-2563] INFO  impl.RoleInfo (RoleInfo.java:updateAndGet(143)) - b75f8b2e-6273-4c97-b7c5-042674931d23: start LeaderElection
2019-10-20 18:18:50,533 [399079f7-1eb1-4f37-b003-267572525934@group-D40A05E2FCF9-LeaderElection308] INFO  impl.LeaderElection (LeaderElection.java:logAndReturn(56)) - 399079f7-1eb1-4f37-b003-267572525934@group-D40A05E2FCF9-LeaderElection308: Election TIMEOUT; received 0 response(s) [] and 0 exception(s); 399079f7-1eb1-4f37-b003-267572525934@group-D40A05E2FCF9:t172, leader=null, voted=399079f7-1eb1-4f37-b003-267572525934, raftlog=399079f7-1eb1-4f37-b003-267572525934@group-D40A05E2FCF9-SegmentedRaftLog:OPENED:c-1,f-1,i0, conf=-1: [399079f7-1eb1-4f37-b003-267572525934:192.168.164.241:37762, 7a43c46a-fc88-4b2d-b2da-ae029cfa60ff:192.168.164.241:43684, 6c5c38af-62e6-4ea7-a24a-078dcb28fb39:192.168.164.241:45428], old=null
2019-10-20 18:18:50,636 [b75f8b2e-6273-4c97-b7c5-042674931d23@group-F11756C8BA4A-LeaderElection309] INFO  impl.LeaderElection (LeaderElection.java:askForVotes(178)) - b75f8b2e-6273-4c97-b7c5-042674931d23@group-F11756C8BA4A-LeaderElection309: begin an election at term 175 for -1: [6ef27e9c-8ddb-4fa1-8c14-ab102acfb1b8:192.168.164.241:38092, b75f8b2e-6273-4c97-b7c5-042674931d23:192.168.164.241:41857, 3750b3a2-715b-46b3-9d0c-9e38136244b9:192.168.164.241:46227], old=null
2019-10-20 18:18:50,636 [399079f7-1eb1-4f37-b003-267572525934@group-D40A05E2FCF9-LeaderElection308] INFO  impl.LeaderElection (LeaderElection.java:askForVotes(178)) - 399079f7-1eb1-4f37-b003-267572525934@group-D40A05E2FCF9-LeaderElection308: begin an election at term 173 for -1: [399079f7-1eb1-4f37-b003-267572525934:192.168.164.241:37762, 7a43c46a-fc88-4b2d-b2da-ae029cfa60ff:192.168.164.241:43684, 6c5c38af-62e6-4ea7-a24a-078dcb28fb39:192.168.164.241:45428], old=null
2019-10-20 18:18:50,639 [grpc-default-executor-7] INFO  impl.RaftServerImpl (RaftServerImpl.java:setRole(184)) - 6ef27e9c-8ddb-4fa1-8c14-ab102acfb1b8@group-F11756C8BA4A: changes role from  FOLLOWER to FOLLOWER at term 175 for recognizeCandidate:b75f8b2e-6273-4c97-b7c5-042674931d23
2019-10-20 18:18:50,639 [grpc-default-executor-7] INFO  impl.RoleInfo (RoleInfo.java:shutdownFollowerState(121)) - 6ef27e9c-8ddb-4fa1-8c14-ab102acfb1b8: shutdown FollowerState
2019-10-20 18:18:50,639 [grpc-default-executor-4] INFO  impl.RaftServerImpl (RaftServerImpl.java:setRole(184)) - 3750b3a2-715b-46b3-9d0c-9e38136244b9@group-F11756C8BA4A: changes role from  FOLLOWER to FOLLOWER at term 175 for recognizeCandidate:b75f8b2e-6273-4c97-b7c5-042674931d23
2019-10-20 18:18:50,639 [grpc-default-executor-5] INFO  impl.RaftServerImpl (RaftServerImpl.java:setRole(184)) - 6c5c38af-62e6-4ea7-a24a-078dcb28fb39@group-D40A05E2FCF9: changes role from  FOLLOWER to FOLLOWER at term 173 for recognizeCandidate:399079f7-1eb1-4f37-b003-267572525934
2019-10-20 18:18:50,639 [grpc-default-executor-5] INFO  impl.RoleInfo (RoleInfo.java:shutdownFollowerState(121)) - 6c5c38af-62e6-4ea7-a24a-078dcb28fb39: shutdown FollowerState
2019-10-20 18:18:50,639 [grpc-default-executor-4] INFO  impl.RoleInfo (RoleInfo.java:shutdownFollowerState(121)) - 3750b3a2-715b-46b3-9d0c-9e38136244b9: shutdown FollowerState
2019-10-20 18:18:50,639 [Thread-2560] INFO  impl.FollowerState (FollowerState.java:run(117)) - 6ef27e9c-8ddb-4fa1-8c14-ab102acfb1b8@group-F11756C8BA4A-FollowerState was interrupted: java.lang.InterruptedException: sleep interrupted
2019-10-20 18:18:50,639 [grpc-default-executor-7] INFO  impl.RoleInfo (RoleInfo.java:updateAndGet(143)) - 6ef27e9c-8ddb-4fa1-8c14-ab102acfb1b8: start FollowerState
2019-10-20 18:18:50,639 [grpc-default-executor-3] INFO  impl.RaftServerImpl (RaftServerImpl.java:setRole(184)) - 7a43c46a-fc88-4b2d-b2da-ae029cfa60ff@group-D40A05E2FCF9: changes role from  FOLLOWER to FOLLOWER at term 173 for recognizeCandidate:399079f7-1eb1-4f37-b003-267572525934
2019-10-20 18:18:50,640 [grpc-default-executor-3] INFO  impl.RoleInfo (RoleInfo.java:shutdownFollowerState(121)) - 7a43c46a-fc88-4b2d-b2da-ae029cfa60ff: shutdown FollowerState
2019-10-20 18:18:50,640 [Thread-2561] INFO  impl.FollowerState (FollowerState.java:run(117)) - 3750b3a2-715b-46b3-9d0c-9e38136244b9@group-F11756C8BA4A-FollowerState was interrupted: java.lang.InterruptedException: sleep interrupted
2019-10-20 18:18:50,640 [grpc-default-executor-4] INFO  impl.RoleInfo (RoleInfo.java:updateAndGet(143)) - 3750b3a2-715b-46b3-9d0c-9e38136244b9: start FollowerState
2019-10-20 18:18:50,640 [Thread-2567] INFO  impl.FollowerState (FollowerState.java:run(117)) - 6c5c38af-62e6-4ea7-a24a-078dcb28fb39@group-D40A05E2FCF9-FollowerState was interrupted: java.lang.InterruptedException: sleep interrupted
2019-10-20 18:18:50,640 [grpc-default-executor-5] INFO  impl.RoleInfo (RoleInfo.java:updateAndGet(143)) - 6c5c38af-62e6-4ea7-a24a-078dcb28fb39: start FollowerState
2019-10-20 18:18:50,640 [Thread-2568] INFO  impl.FollowerState (FollowerState.java:run(117)) - 7a43c46a-fc88-4b2d-b2da-ae029cfa60ff@group-D40A05E2FCF9-FollowerState was interrupted: java.lang.InterruptedException: sleep interrupted
2019-10-20 18:18:50,640 [grpc-default-executor-3] INFO  impl.RoleInfo (RoleInfo.java:updateAndGet(143)) - 7a43c46a-fc88-4b2d-b2da-ae029cfa60ff: start FollowerState
2019-10-20 18:18:50,661 [399079f7-1eb1-4f37-b003-267572525934@group-D40A05E2FCF9-LeaderElection308] INFO  impl.LeaderElection (LeaderElection.java:logAndReturn(56)) - 399079f7-1eb1-4f37-b003-267572525934@group-D40A05E2FCF9-LeaderElection308: Election REJECTED; received 2 response(s) [399079f7-1eb1-4f37-b003-267572525934<-7a43c46a-fc88-4b2d-b2da-ae029cfa60ff#0:FAIL-t173, 399079f7-1eb1-4f37-b003-267572525934<-6c5c38af-62e6-4ea7-a24a-078dcb28fb39#0:FAIL-t173] and 0 exception(s); 399079f7-1eb1-4f37-b003-267572525934@group-D40A05E2FCF9:t173, leader=null, voted=399079f7-1eb1-4f37-b003-267572525934, raftlog=399079f7-1eb1-4f37-b003-267572525934@group-D40A05E2FCF9-SegmentedRaftLog:OPENED:c-1,f-1,i0, conf=-1: [399079f7-1eb1-4f37-b003-267572525934:192.168.164.241:37762, 7a43c46a-fc88-4b2d-b2da-ae029cfa60ff:192.168.164.241:43684, 6c5c38af-62e6-4ea7-a24a-078dcb28fb39:192.168.164.241:45428], old=null
2019-10-20 18:18:50,661 [b75f8b2e-6273-4c97-b7c5-042674931d23@group-F11756C8BA4A-LeaderElection309] INFO  impl.LeaderElection (LeaderElection.java:logAndReturn(56)) - b75f8b2e-6273-4c97-b7c5-042674931d23@group-F11756C8BA4A-LeaderElection309: Election REJECTED; received 2 response(s) [b75f8b2e-6273-4c97-b7c5-042674931d23<-6ef27e9c-8ddb-4fa1-8c14-ab102acfb1b8#0:FAIL-t175, b75f8b2e-6273-4c97-b7c5-042674931d23<-3750b3a2-715b-46b3-9d0c-9e38136244b9#0:FAIL-t175] and 0 exception(s); b75f8b2e-6273-4c97-b7c5-042674931d23@group-F11756C8BA4A:t175, leader=null, voted=b75f8b2e-6273-4c97-b7c5-042674931d23, raftlog=b75f8b2e-6273-4c97-b7c5-042674931d23@group-F11756C8BA4A-SegmentedRaftLog:OPENED:c-1,f-1,i0, conf=-1: [6ef27e9c-8ddb-4fa1-8c14-ab102acfb1b8:192.168.164.241:38092, b75f8b2e-6273-4c97-b7c5-042674931d23:192.168.164.241:41857, 3750b3a2-715b-46b3-9d0c-9e38136244b9:192.168.164.241:46227], old=null
2019-10-20 18:18:50,661 [399079f7-1eb1-4f37-b003-267572525934@group-D40A05E2FCF9-LeaderElection308] INFO  impl.RaftServerImpl (RaftServerImpl.java:setRole(184)) - 399079f7-1eb1-4f37-b003-267572525934@group-D40A05E2FCF9: changes role from CANDIDATE to FOLLOWER at term 173 for DISCOVERED_A_NEW_TERM
2019-10-20 18:18:50,661 [399079f7-1eb1-4f37-b003-267572525934@group-D40A05E2FCF9-LeaderElection308] INFO  impl.RoleInfo (RoleInfo.java:shutdownLeaderElection(134)) - 399079f7-1eb1-4f37-b003-267572525934: shutdown LeaderElection
2019-10-20 18:18:50,661 [b75f8b2e-6273-4c97-b7c5-042674931d23@group-F11756C8BA4A-LeaderElection309] INFO  impl.RaftServerImpl (RaftServerImpl.java:setRole(184)) - b75f8b2e-6273-4c97-b7c5-042674931d23@group-F11756C8BA4A: changes role from CANDIDATE to FOLLOWER at term 175 for DISCOVERED_A_NEW_TERM
2019-10-20 18:18:50,662 [b75f8b2e-6273-4c97-b7c5-042674931d23@group-F11756C8BA4A-LeaderElection309] INFO  impl.RoleInfo (RoleInfo.java:shutdownLeaderElection(134)) - b75f8b2e-6273-4c97-b7c5-042674931d23: shutdown LeaderElection
2019-10-20 18:18:50,661 [399079f7-1eb1-4f37-b003-267572525934@group-D40A05E2FCF9-LeaderElection308] INFO  impl.RoleInfo (RoleInfo.java:updateAndGet(143)) - 399079f7-1eb1-4f37-b003-267572525934: start FollowerState
2019-10-20 18:18:50,662 [b75f8b2e-6273-4c97-b7c5-042674931d23@group-F11756C8BA4A-LeaderElection309] INFO  impl.RoleInfo (RoleInfo.java:updateAndGet(143)) - b75f8b2e-6273-4c97-b7c5-042674931d23: start FollowerState
2019-10-20 18:18:50,849 [Thread-2581] INFO  impl.FollowerState (FollowerState.java:run(108)) - b75f8b2e-6273-4c97-b7c5-042674931d23@group-F11756C8BA4A-FollowerState: change to CANDIDATE, lastRpcTime:187ms, electionTimeout:187ms
2019-10-20 18:18:50,849 [Thread-2581] INFO  impl.RoleInfo (RoleInfo.java:shutdownFollowerState(121)) - b75f8b2e-6273-4c97-b7c5-042674931d23: shutdown FollowerState
2019-10-20 18:18:50,849 [Thread-2581] INFO  impl.RaftServerImpl (RaftServerImpl.java:setRole(184)) - b75f8b2e-6273-4c97-b7c5-042674931d23@group-F11756C8BA4A: changes role from  FOLLOWER to CANDIDATE at term 175 for changeToCandidate
2019-10-20 18:18:50,850 [Thread-2581] INFO  impl.RoleInfo (RoleInfo.java:updateAndGet(143)) - b75f8b2e-6273-4c97-b7c5-042674931d23: start LeaderElection
2019-10-20 18:18:50,850 [Thread-2580] INFO  impl.FollowerState (FollowerState.java:run(108)) - 399079f7-1eb1-4f37-b003-267572525934@group-D40A05E2FCF9-FollowerState: change to CANDIDATE, lastRpcTime:188ms, electionTimeout:188ms
2019-10-20 18:18:50,850 [Thread-2580] INFO  impl.RoleInfo (RoleInfo.java:shutdownFollowerState(121)) - 399079f7-1eb1-4f37-b003-267572525934: shutdown FollowerState
2019-10-20 18:18:50,850 [Thread-2580] INFO  impl.RaftServerImpl (RaftServerImpl.java:setRole(184)) - 399079f7-1eb1-4f37-b003-267572525934@group-D40A05E2FCF9: changes role from  FOLLOWER to CANDIDATE at term 173 for changeToCandidate
2019-10-20 18:18:50,850 [Thread-2580] INFO  impl.RoleInfo (RoleInfo.java:updateAndGet(143)) - 399079f7-1eb1-4f37-b003-267572525934: start LeaderElection
2019-10-20 18:18:50,889 [b75f8b2e-6273-4c97-b7c5-042674931d23@group-F11756C8BA4A-LeaderElection310] INFO  impl.LeaderElection (LeaderElection.java:askForVotes(178)) - b75f8b2e-6273-4c97-b7c5-042674931d23@group-F11756C8BA4A-LeaderElection310: begin an election at term 176 for -1: [6ef27e9c-8ddb-4fa1-8c14-ab102acfb1b8:192.168.164.241:38092, b75f8b2e-6273-4c97-b7c5-042674931d23:192.168.164.241:41857, 3750b3a2-715b-46b3-9d0c-9e38136244b9:192.168.164.241:46227], old=null
2019-10-20 18:18:50,889 [399079f7-1eb1-4f37-b003-267572525934@group-D40A05E2FCF9-LeaderElection311] INFO  impl.LeaderElection (LeaderElection.java:askForVotes(178)) - 399079f7-1eb1-4f37-b003-267572525934@group-D40A05E2FCF9-LeaderElection311: begin an election at term 174 for -1: [399079f7-1eb1-4f37-b003-267572525934:192.168.164.241:37762, 7a43c46a-fc88-4b2d-b2da-ae029cfa60ff:192.168.164.241:43684, 6c5c38af-62e6-4ea7-a24a-078dcb28fb39:192.168.164.241:45428], old=null
2019-10-20 18:18:50,892 [grpc-default-executor-4] INFO  impl.RaftServerImpl (RaftServerImpl.java:setRole(184)) - 6ef27e9c-8ddb-4fa1-8c14-ab102acfb1b8@group-F11756C8BA4A: changes role from  FOLLOWER to FOLLOWER at term 176 for recognizeCandidate:b75f8b2e-6273-4c97-b7c5-042674931d23
2019-10-20 18:18:50,892 [grpc-default-executor-5] INFO  impl.RaftServerImpl (RaftServerImpl.java:setRole(184)) - 7a43c46a-fc88-4b2d-b2da-ae029cfa60ff@group-D40A05E2FCF9: changes role from  FOLLOWER to FOLLOWER at term 174 for recognizeCandidate:399079f7-1eb1-4f37-b003-267572525934
2019-10-20 18:18:50,892 [grpc-default-executor-3] INFO  impl.RaftServerImpl (RaftServerImpl.java:setRole(184)) - 6c5c38af-62e6-4ea7-a24a-078dcb28fb39@group-D40A05E2FCF9: changes role from  FOLLOWER to FOLLOWER at term 174 for recognizeCandidate:399079f7-1eb1-4f37-b003-267572525934
2019-10-20 18:18:50,892 [grpc-default-executor-5] INFO  impl.RoleInfo (RoleInfo.java:shutdownFollowerState(121)) - 7a43c46a-fc88-4b2d-b2da-ae029cfa60ff: shutdown FollowerState
2019-10-20 18:18:50,893 [grpc-default-executor-7] INFO  impl.RaftServerImpl (RaftServerImpl.java:setRole(184)) - 3750b3a2-715b-46b3-9d0c-9e38136244b9@group-F11756C8BA4A: changes role from  FOLLOWER to FOLLOWER at term 176 for recognizeCandidate:b75f8b2e-6273-4c97-b7c5-042674931d23
2019-10-20 18:18:50,893 [grpc-default-executor-7] INFO  impl.RoleInfo (RoleInfo.java:shutdownFollowerState(121)) - 3750b3a2-715b-46b3-9d0c-9e38136244b9: shutdown FollowerState
2019-10-20 18:18:50,892 [grpc-default-executor-4] INFO  impl.RoleInfo (RoleInfo.java:shutdownFollowerState(121)) - 6ef27e9c-8ddb-4fa1-8c14-ab102acfb1b8: shutdown FollowerState
2019-10-20 18:18:50,893 [grpc-default-executor-7] INFO  impl.RoleInfo (RoleInfo.java:updateAndGet(143)) - 3750b3a2-715b-46b3-9d0c-9e38136244b9: start FollowerState
2019-10-20 18:18:50,893 [Thread-2578] INFO  impl.FollowerState (FollowerState.java:run(117)) - 3750b3a2-715b-46b3-9d0c-9e38136244b9@group-F11756C8BA4A-FollowerState was interrupted: java.lang.InterruptedException: sleep interrupted
2019-10-20 18:18:50,893 [Thread-2579] INFO  impl.FollowerState (FollowerState.java:run(117)) - 7a43c46a-fc88-4b2d-b2da-ae029cfa60ff@group-D40A05E2FCF9-FollowerState was interrupted: java.lang.InterruptedException: sleep interrupted
2019-10-20 18:18:50,893 [grpc-default-executor-5] INFO  impl.RoleInfo (RoleInfo.java:updateAndGet(143)) - 7a43c46a-fc88-4b2d-b2da-ae029cfa60ff: start FollowerState
2019-10-20 18:18:50,893 [grpc-default-executor-3] INFO  impl.RoleInfo (RoleInfo.java:shutdownFollowerState(121)) - 6c5c38af-62e6-4ea7-a24a-078dcb28fb39: shutdown FollowerState
2019-10-20 18:18:50,893 [grpc-default-executor-4] INFO  impl.RoleInfo (RoleInfo.java:updateAndGet(143)) - 6ef27e9c-8ddb-4fa1-8c14-ab102acfb1b8: start FollowerState
2019-10-20 18:18:50,893 [Thread-2576] INFO  impl.FollowerState (FollowerState.java:run(117)) - 6ef27e9c-8ddb-4fa1-8c14-ab102acfb1b8@group-F11756C8BA4A-FollowerState was interrupted: java.lang.InterruptedException: sleep interrupted
2019-10-20 18:18:50,894 [Thread-2577] INFO  impl.FollowerState (FollowerState.java:run(117)) - 6c5c38af-62e6-4ea7-a24a-078dcb28fb39@group-D40A05E2FCF9-FollowerState was interrupted: java.lang.InterruptedException: sleep interrupted
2019-10-20 18:18:50,894 [grpc-default-executor-3] INFO  impl.RoleInfo (RoleInfo.java:updateAndGet(143)) - 6c5c38af-62e6-4ea7-a24a-078dcb28fb39: start FollowerState
2019-10-20 18:18:50,916 [b75f8b2e-6273-4c97-b7c5-042674931d23@group-F11756C8BA4A-LeaderElection310] INFO  impl.LeaderElection (LeaderElection.java:logAndReturn(56)) - b75f8b2e-6273-4c97-b7c5-042674931d23@group-F11756C8BA4A-LeaderElection310: Election REJECTED; received 2 response(s) [b75f8b2e-6273-4c97-b7c5-042674931d23<-6ef27e9c-8ddb-4fa1-8c14-ab102acfb1b8#0:FAIL-t176, b75f8b2e-6273-4c97-b7c5-042674931d23<-3750b3a2-715b-46b3-9d0c-9e38136244b9#0:FAIL-t176] and 0 exception(s); b75f8b2e-6273-4c97-b7c5-042674931d23@group-F11756C8BA4A:t176, leader=null, voted=b75f8b2e-6273-4c97-b7c5-042674931d23, raftlog=b75f8b2e-6273-4c97-b7c5-042674931d23@group-F11756C8BA4A-SegmentedRaftLog:OPENED:c-1,f-1,i0, conf=-1: [6ef27e9c-8ddb-4fa1-8c14-ab102acfb1b8:192.168.164.241:38092, b75f8b2e-6273-4c97-b7c5-042674931d23:192.168.164.241:41857, 3750b3a2-715b-46b3-9d0c-9e38136244b9:192.168.164.241:46227], old=null
2019-10-20 18:18:50,916 [399079f7-1eb1-4f37-b003-267572525934@group-D40A05E2FCF9-LeaderElection311] INFO  impl.LeaderElection (LeaderElection.java:logAndReturn(56)) - 399079f7-1eb1-4f37-b003-267572525934@group-D40A05E2FCF9-LeaderElection311: Election REJECTED; received 2 response(s) [399079f7-1eb1-4f37-b003-267572525934<-7a43c46a-fc88-4b2d-b2da-ae029cfa60ff#0:FAIL-t174, 399079f7-1eb1-4f37-b003-267572525934<-6c5c38af-62e6-4ea7-a24a-078dcb28fb39#0:FAIL-t174] and 0 exception(s); 399079f7-1eb1-4f37-b003-267572525934@group-D40A05E2FCF9:t174, leader=null, voted=399079f7-1eb1-4f37-b003-267572525934, raftlog=399079f7-1eb1-4f37-b003-267572525934@group-D40A05E2FCF9-SegmentedRaftLog:OPENED:c-1,f-1,i0, conf=-1: [399079f7-1eb1-4f37-b003-267572525934:192.168.164.241:37762, 7a43c46a-fc88-4b2d-b2da-ae029cfa60ff:192.168.164.241:43684, 6c5c38af-62e6-4ea7-a24a-078dcb28fb39:192.168.164.241:45428], old=null
2019-10-20 18:18:50,916 [b75f8b2e-6273-4c97-b7c5-042674931d23@group-F11756C8BA4A-LeaderElection310] INFO  impl.RaftServerImpl (RaftServerImpl.java:setRole(184)) - b75f8b2e-6273-4c97-b7c5-042674931d23@group-F11756C8BA4A: changes role from CANDIDATE to FOLLOWER at term 176 for DISCOVERED_A_NEW_TERM
2019-10-20 18:18:50,916 [399079f7-1eb1-4f37-b003-267572525934@group-D40A05E2FCF9-LeaderElection311] INFO  impl.RaftServerImpl (RaftServerImpl.java:setRole(184)) - 399079f7-1eb1-4f37-b003-267572525934@group-D40A05E2FCF9: changes role from CANDIDATE to FOLLOWER at term 174 for DISCOVERED_A_NEW_TERM
2019-10-20 18:18:50,916 [b75f8b2e-6273-4c97-b7c5-042674931d23@group-F11756C8BA4A-LeaderElection310] INFO  impl.RoleInfo (RoleInfo.java:shutdownLeaderElection(134)) - b75f8b2e-6273-4c97-b7c5-042674931d23: shutdown LeaderElection
2019-10-20 18:18:50,916 [399079f7-1eb1-4f37-b003-267572525934@group-D40A05E2FCF9-LeaderElection311] INFO  impl.RoleInfo (RoleInfo.java:shutdownLeaderElection(134)) - 399079f7-1eb1-4f37-b003-267572525934: shutdown LeaderElection
2019-10-20 18:18:50,917 [b75f8b2e-6273-4c97-b7c5-042674931d23@group-F11756C8BA4A-LeaderElection310] INFO  impl.RoleInfo (RoleInfo.java:updateAndGet(143)) - b75f8b2e-6273-4c97-b7c5-042674931d23: start FollowerState
2019-10-20 18:18:50,917 [399079f7-1eb1-4f37-b003-267572525934@group-D40A05E2FCF9-LeaderElection311] INFO  impl.RoleInfo (RoleInfo.java:updateAndGet(143)) - 399079f7-1eb1-4f37-b003-267572525934: start FollowerState
2019-10-20 18:18:51,067 [Thread-2593] INFO  impl.FollowerState (FollowerState.java:run(108)) - 399079f7-1eb1-4f37-b003-267572525934@group-D40A05E2FCF9-FollowerState: change to CANDIDATE, lastRpcTime:150ms, electionTimeout:150ms
2019-10-20 18:18:51,068 [Thread-2593] INFO  impl.RoleInfo (RoleInfo.java:shutdownFollowerState(121)) - 399079f7-1eb1-4f37-b003-267572525934: shutdown FollowerState
2019-10-20 18:18:51,068 [Thread-2593] INFO  impl.RaftServerImpl (RaftServerImpl.java:setRole(184)) - 399079f7-1eb1-4f37-b003-267572525934@group-D40A05E2FCF9: changes role from  FOLLOWER to CANDIDATE at term 174 for changeToCandidate
2019-10-20 18:18:51,068 [Thread-2593] INFO  impl.RoleInfo (RoleInfo.java:updateAndGet(143)) - 399079f7-1eb1-4f37-b003-267572525934: start LeaderElection
2019-10-20 18:18:51,083 [Thread-2592] INFO  impl.FollowerState (FollowerState.java:run(108)) - b75f8b2e-6273-4c97-b7c5-042674931d23@group-F11756C8BA4A-FollowerState: change to CANDIDATE, lastRpcTime:166ms, electionTimeout:166ms
2019-10-20 18:18:51,083 [Thread-2592] INFO  impl.RoleInfo (RoleInfo.java:shutdownFollowerState(121)) - b75f8b2e-6273-4c97-b7c5-042674931d23: shutdown FollowerState
2019-10-20 18:18:51,083 [Thread-2592] INFO  impl.RaftServerImpl (RaftServerImpl.java:setRole(184)) - b75f8b2e-6273-4c97-b7c5-042674931d23@group-F11756C8BA4A: changes role from  FOLLOWER to CANDIDATE at term 176 for changeToCandidate
2019-10-20 18:18:51,084 [Thread-2592] INFO  impl.RoleInfo (RoleInfo.java:updateAndGet(143)) - b75f8b2e-6273-4c97-b7c5-042674931d23: start LeaderElection
2019-10-20 18:18:51,084 [399079f7-1eb1-4f37-b003-267572525934@group-D40A05E2FCF9-LeaderElection312] INFO  impl.LeaderElection (LeaderElection.java:askForVotes(178)) - 399079f7-1eb1-4f37-b003-267572525934@group-D40A05E2FCF9-LeaderElection312: begin an election at term 175 for -1: [399079f7-1eb1-4f37-b003-267572525934:192.168.164.241:37762, 7a43c46a-fc88-4b2d-b2da-ae029cfa60ff:192.168.164.241:43684, 6c5c38af-62e6-4ea7-a24a-078dcb28fb39:192.168.164.241:45428], old=null
2019-10-20 18:18:51,086 [grpc-default-executor-3] INFO  impl.RaftServerImpl (RaftServerImpl.java:setRole(184)) - 7a43c46a-fc88-4b2d-b2da-ae029cfa60ff@group-D40A05E2FCF9: changes role from  FOLLOWER to FOLLOWER at term 175 for recognizeCandidate:399079f7-1eb1-4f37-b003-267572525934
2019-10-20 18:18:51,086 [grpc-default-executor-7] INFO  impl.RaftServerImpl (RaftServerImpl.java:setRole(184)) - 6c5c38af-62e6-4ea7-a24a-078dcb28fb39@group-D40A05E2FCF9: changes role from  FOLLOWER to FOLLOWER at term 175 for recognizeCandidate:399079f7-1eb1-4f37-b003-267572525934
2019-10-20 18:18:51,087 [grpc-default-executor-7] INFO  impl.RoleInfo (RoleInfo.java:shutdownFollowerState(121)) - 6c5c38af-62e6-4ea7-a24a-078dcb28fb39: shutdown FollowerState
2019-10-20 18:18:51,086 [grpc-default-executor-3] INFO  impl.RoleInfo (RoleInfo.java:shutdownFollowerState(121)) - 7a43c46a-fc88-4b2d-b2da-ae029cfa60ff: shutdown FollowerState
2019-10-20 18:18:51,087 [Thread-2591] INFO  impl.FollowerState (FollowerState.java:run(117)) - 6c5c38af-62e6-4ea7-a24a-078dcb28fb39@group-D40A05E2FCF9-FollowerState was interrupted: java.lang.InterruptedException: sleep interrupted
2019-10-20 18:18:51,087 [grpc-default-executor-7] INFO  impl.RoleInfo (RoleInfo.java:updateAndGet(143)) - 6c5c38af-62e6-4ea7-a24a-078dcb28fb39: start FollowerState
2019-10-20 18:18:51,087 [Thread-2588] INFO  impl.FollowerState (FollowerState.java:run(117)) - 7a43c46a-fc88-4b2d-b2da-ae029cfa60ff@group-D40A05E2FCF9-FollowerState was interrupted: java.lang.InterruptedException: sleep interrupted
2019-10-20 18:18:51,087 [grpc-default-executor-3] INFO  impl.RoleInfo (RoleInfo.java:updateAndGet(143)) - 7a43c46a-fc88-4b2d-b2da-ae029cfa60ff: start FollowerState
2019-10-20 18:18:51,101 [b75f8b2e-6273-4c97-b7c5-042674931d23@group-F11756C8BA4A-LeaderElection313] INFO  impl.LeaderElection (LeaderElection.java:askForVotes(178)) - b75f8b2e-6273-4c97-b7c5-042674931d23@group-F11756C8BA4A-LeaderElection313: begin an election at term 177 for -1: [6ef27e9c-8ddb-4fa1-8c14-ab102acfb1b8:192.168.164.241:38092, b75f8b2e-6273-4c97-b7c5-042674931d23:192.168.164.241:41857, 3750b3a2-715b-46b3-9d0c-9e38136244b9:192.168.164.241:46227], old=null
2019-10-20 18:18:51,102 [399079f7-1eb1-4f37-b003-267572525934@group-D40A05E2FCF9-LeaderElection312] INFO  impl.LeaderElection (LeaderElection.java:logAndReturn(56)) - 399079f7-1eb1-4f37-b003-267572525934@group-D40A05E2FCF9-LeaderElection312: Election REJECTED; received 2 response(s) [399079f7-1eb1-4f37-b003-267572525934<-7a43c46a-fc88-4b2d-b2da-ae029cfa60ff#0:FAIL-t175, 399079f7-1eb1-4f37-b003-267572525934<-6c5c38af-62e6-4ea7-a24a-078dcb28fb39#0:FAIL-t175] and 0 exception(s); 399079f7-1eb1-4f37-b003-267572525934@group-D40A05E2FCF9:t175, leader=null, voted=399079f7-1eb1-4f37-b003-267572525934, raftlog=399079f7-1eb1-4f37-b003-267572525934@group-D40A05E2FCF9-SegmentedRaftLog:OPENED:c-1,f-1,i0, conf=-1: [399079f7-1eb1-4f37-b003-267572525934:192.168.164.241:37762, 7a43c46a-fc88-4b2d-b2da-ae029cfa60ff:192.168.164.241:43684, 6c5c38af-62e6-4ea7-a24a-078dcb28fb39:192.168.164.241:45428], old=null
2019-10-20 18:18:51,102 [399079f7-1eb1-4f37-b003-267572525934@group-D40A05E2FCF9-LeaderElection312] INFO  impl.RaftServerImpl (RaftServerImpl.java:setRole(184)) - 399079f7-1eb1-4f37-b003-267572525934@group-D40A05E2FCF9: changes role from CANDIDATE to FOLLOWER at term 175 for DISCOVERED_A_NEW_TERM
2019-10-20 18:18:51,102 [399079f7-1eb1-4f37-b003-267572525934@group-D40A05E2FCF9-LeaderElection312] INFO  impl.RoleInfo (RoleInfo.java:shutdownLeaderElection(134)) - 399079f7-1eb1-4f37-b003-267572525934: shutdown LeaderElection
2019-10-20 18:18:51,102 [399079f7-1eb1-4f37-b003-267572525934@group-D40A05E2FCF9-LeaderElection312] INFO  impl.RoleInfo (RoleInfo.java:updateAndGet(143)) - 399079f7-1eb1-4f37-b003-267572525934: start FollowerState
2019-10-20 18:18:51,103 [grpc-default-executor-7] INFO  impl.RaftServerImpl (RaftServerImpl.java:setRole(184)) - 6ef27e9c-8ddb-4fa1-8c14-ab102acfb1b8@group-F11756C8BA4A: changes role from  FOLLOWER to FOLLOWER at term 177 for recognizeCandidate:b75f8b2e-6273-4c97-b7c5-042674931d23
2019-10-20 18:18:51,103 [grpc-default-executor-7] INFO  impl.RoleInfo (RoleInfo.java:shutdownFollowerState(121)) - 6ef27e9c-8ddb-4fa1-8c14-ab102acfb1b8: shutdown FollowerState
2019-10-20 18:18:51,103 [grpc-default-executor-7] INFO  impl.RoleInfo (RoleInfo.java:updateAndGet(143)) - 6ef27e9c-8ddb-4fa1-8c14-ab102acfb1b8: start FollowerState
2019-10-20 18:18:51,103 [Thread-2590] INFO  impl.FollowerState (FollowerState.java:run(117)) - 6ef27e9c-8ddb-4fa1-8c14-ab102acfb1b8@group-F11756C8BA4A-FollowerState was interrupted: java.lang.InterruptedException: sleep interrupted
2019-10-20 18:18:51,103 [grpc-default-executor-3] INFO  impl.RaftServerImpl (RaftServerImpl.java:setRole(184)) - 3750b3a2-715b-46b3-9d0c-9e38136244b9@group-F11756C8BA4A: changes role from  FOLLOWER to FOLLOWER at term 177 for recognizeCandidate:b75f8b2e-6273-4c97-b7c5-042674931d23
2019-10-20 18:18:51,103 [grpc-default-executor-3] INFO  impl.RoleInfo (RoleInfo.java:shutdownFollowerState(121)) - 3750b3a2-715b-46b3-9d0c-9e38136244b9: shutdown FollowerState
2019-10-20 18:18:51,104 [grpc-default-executor-3] INFO  impl.RoleInfo (RoleInfo.java:updateAndGet(143)) - 3750b3a2-715b-46b3-9d0c-9e38136244b9: start FollowerState
2019-10-20 18:18:51,104 [Thread-2589] INFO  impl.FollowerState (FollowerState.java:run(117)) - 3750b3a2-715b-46b3-9d0c-9e38136244b9@group-F11756C8BA4A-FollowerState was interrupted: java.lang.InterruptedException: sleep interrupted
2019-10-20 18:18:51,119 [b75f8b2e-6273-4c97-b7c5-042674931d23@group-F11756C8BA4A-LeaderElection313] INFO  impl.LeaderElection (LeaderElection.java:logAndReturn(56)) - b75f8b2e-6273-4c97-b7c5-042674931d23@group-F11756C8BA4A-LeaderElection313: Election REJECTED; received 2 response(s) [b75f8b2e-6273-4c97-b7c5-042674931d23<-6ef27e9c-8ddb-4fa1-8c14-ab102acfb1b8#0:FAIL-t177, b75f8b2e-6273-4c97-b7c5-042674931d23<-3750b3a2-715b-46b3-9d0c-9e38136244b9#0:FAIL-t177] and 0 exception(s); b75f8b2e-6273-4c97-b7c5-042674931d23@group-F11756C8BA4A:t177, leader=null, voted=b75f8b2e-6273-4c97-b7c5-042674931d23, raftlog=b75f8b2e-6273-4c97-b7c5-042674931d23@group-F11756C8BA4A-SegmentedRaftLog:OPENED:c-1,f-1,i0, conf=-1: [6ef27e9c-8ddb-4fa1-8c14-ab102acfb1b8:192.168.164.241:38092, b75f8b2e-6273-4c97-b7c5-042674931d23:192.168.164.241:41857, 3750b3a2-715b-46b3-9d0c-9e38136244b9:192.168.164.241:46227], old=null
2019-10-20 18:18:51,119 [b75f8b2e-6273-4c97-b7c5-042674931d23@group-F11756C8BA4A-LeaderElection313] INFO  impl.RaftServerImpl (RaftServerImpl.java:setRole(184)) - b75f8b2e-6273-4c97-b7c5-042674931d23@group-F11756C8BA4A: changes role from CANDIDATE to FOLLOWER at term 177 for DISCOVERED_A_NEW_TERM
2019-10-20 18:18:51,119 [b75f8b2e-6273-4c97-b7c5-042674931d23@group-F11756C8BA4A-LeaderElection313] INFO  impl.RoleInfo (RoleInfo.java:shutdownLeaderElection(134)) - b75f8b2e-6273-4c97-b7c5-042674931d23: shutdown LeaderElection
2019-10-20 18:18:51,119 [b75f8b2e-6273-4c97-b7c5-042674931d23@group-F11756C8BA4A-LeaderElection313] INFO  impl.RoleInfo (RoleInfo.java:updateAndGet(143)) - b75f8b2e-6273-4c97-b7c5-042674931d23: start FollowerState
2019-10-20 18:18:51,132 [Thread-2604] INFO  impl.FollowerState (FollowerState.java:run(108)) - 399079f7-1eb1-4f37-b003-267572525934@group-D40A05E2FCF9-FollowerState: change to CANDIDATE, lastRpcTime:29ms, electionTimeout:29ms
2019-10-20 18:18:51,132 [Thread-2604] INFO  impl.RoleInfo (RoleInfo.java:shutdownFollowerState(121)) - 399079f7-1eb1-4f37-b003-267572525934: shutdown FollowerState
2019-10-20 18:18:51,132 [Thread-2604] INFO  impl.RaftServerImpl (RaftServerImpl.java:setRole(184)) - 399079f7-1eb1-4f37-b003-267572525934@group-D40A05E2FCF9: changes role from  FOLLOWER to CANDIDATE at term 175 for changeToCandidate
2019-10-20 18:18:51,132 [Thread-2604] INFO  impl.RoleInfo (RoleInfo.java:updateAndGet(143)) - 399079f7-1eb1-4f37-b003-267572525934: start LeaderElection
2019-10-20 18:18:51,154 [399079f7-1eb1-4f37-b003-267572525934@group-D40A05E2FCF9-LeaderElection314] INFO  impl.LeaderElection (LeaderElection.java:askForVotes(178)) - 399079f7-1eb1-4f37-b003-267572525934@group-D40A05E2FCF9-LeaderElection314: begin an election at term 176 for -1: [399079f7-1eb1-4f37-b003-267572525934:192.168.164.241:37762, 7a43c46a-fc88-4b2d-b2da-ae029cfa60ff:192.168.164.241:43684, 6c5c38af-62e6-4ea7-a24a-078dcb28fb39:192.168.164.241:45428], old=null
2019-10-20 18:18:51,155 [grpc-default-executor-7] INFO  impl.RaftServerImpl (RaftServerImpl.java:setRole(184)) - 7a43c46a-fc88-4b2d-b2da-ae029cfa60ff@group-D40A05E2FCF9: changes role from  FOLLOWER to FOLLOWER at term 176 for recognizeCandidate:399079f7-1eb1-4f37-b003-267572525934
2019-10-20 18:18:51,155 [grpc-default-executor-7] INFO  impl.RoleInfo (RoleInfo.java:shutdownFollowerState(121)) - 7a43c46a-fc88-4b2d-b2da-ae029cfa60ff: shutdown FollowerState
2019-10-20 18:18:51,155 [grpc-default-executor-3] INFO  impl.RaftServerImpl (RaftServerImpl.java:setRole(184)) - 6c5c38af-62e6-4ea7-a24a-078dcb28fb39@group-D40A05E2FCF9: changes role from  FOLLOWER to FOLLOWER at term 176 for recognizeCandidate:399079f7-1eb1-4f37-b003-267572525934
2019-10-20 18:18:51,155 [grpc-default-executor-3] INFO  impl.RoleInfo (RoleInfo.java:shutdownFollowerState(121)) - 6c5c38af-62e6-4ea7-a24a-078dcb28fb39: shutdown FollowerState
2019-10-20 18:18:51,155 [Thread-2601] INFO  impl.FollowerState (FollowerState.java:run(117)) - 7a43c46a-fc88-4b2d-b2da-ae029cfa60ff@group-D40A05E2FCF9-FollowerState was interrupted: java.lang.InterruptedException: sleep interrupted
2019-10-20 18:18:51,155 [grpc-default-executor-7] INFO  impl.RoleInfo (RoleInfo.java:updateAndGet(143)) - 7a43c46a-fc88-4b2d-b2da-ae029cfa60ff: start FollowerState
2019-10-20 18:18:51,155 [grpc-default-executor-3] INFO  impl.RoleInfo (RoleInfo.java:updateAndGet(143)) - 6c5c38af-62e6-4ea7-a24a-078dcb28fb39: start FollowerState
2019-10-20 18:18:51,155 [Thread-2600] INFO  impl.FollowerState (FollowerState.java:run(117)) - 6c5c38af-62e6-4ea7-a24a-078dcb28fb39@group-D40A05E2FCF9-FollowerState was interrupted: java.lang.InterruptedException: sleep interrupted
2019-10-20 18:18:51,179 [399079f7-1eb1-4f37-b003-267572525934@group-D40A05E2FCF9-LeaderElection314] INFO  impl.LeaderElection (LeaderElection.java:logAndReturn(56)) - 399079f7-1eb1-4f37-b003-267572525934@group-D40A05E2FCF9-LeaderElection314: Election REJECTED; received 2 response(s) [399079f7-1eb1-4f37-b003-267572525934<-7a43c46a-fc88-4b2d-b2da-ae029cfa60ff#0:FAIL-t176, 399079f7-1eb1-4f37-b003-267572525934<-6c5c38af-62e6-4ea7-a24a-078dcb28fb39#0:FAIL-t176] and 0 exception(s); 399079f7-1eb1-4f37-b003-267572525934@group-D40A05E2FCF9:t176, leader=null, voted=399079f7-1eb1-4f37-b003-267572525934, raftlog=399079f7-1eb1-4f37-b003-267572525934@group-D40A05E2FCF9-SegmentedRaftLog:OPENED:c-1,f-1,i0, conf=-1: [399079f7-1eb1-4f37-b003-267572525934:192.168.164.241:37762, 7a43c46a-fc88-4b2d-b2da-ae029cfa60ff:192.168.164.241:43684, 6c5c38af-62e6-4ea7-a24a-078dcb28fb39:192.168.164.241:45428], old=null
2019-10-20 18:18:51,180 [399079f7-1eb1-4f37-b003-267572525934@group-D40A05E2FCF9-LeaderElection314] INFO  impl.RaftServerImpl (RaftServerImpl.java:setRole(184)) - 399079f7-1eb1-4f37-b003-267572525934@group-D40A05E2FCF9: changes role from CANDIDATE to FOLLOWER at term 176 for DISCOVERED_A_NEW_TERM
2019-10-20 18:18:51,180 [399079f7-1eb1-4f37-b003-267572525934@group-D40A05E2FCF9-LeaderElection314] INFO  impl.RoleInfo (RoleInfo.java:shutdownLeaderElection(134)) - 399079f7-1eb1-4f37-b003-267572525934: shutdown LeaderElection
2019-10-20 18:18:51,180 [399079f7-1eb1-4f37-b003-267572525934@group-D40A05E2FCF9-LeaderElection314] INFO  impl.RoleInfo (RoleInfo.java:updateAndGet(143)) - 399079f7-1eb1-4f37-b003-267572525934: start FollowerState
2019-10-20 18:18:51,204 [Thread-2613] INFO  impl.FollowerState (FollowerState.java:run(108)) - 399079f7-1eb1-4f37-b003-267572525934@group-D40A05E2FCF9-FollowerState: change to CANDIDATE, lastRpcTime:24ms, electionTimeout:24ms
2019-10-20 18:18:51,204 [Thread-2613] INFO  impl.RoleInfo (RoleInfo.java:shutdownFollowerState(121)) - 399079f7-1eb1-4f37-b003-267572525934: shutdown FollowerState
2019-10-20 18:18:51,205 [Thread-2613] INFO  impl.RaftServerImpl (RaftServerImpl.java:setRole(184)) - 399079f7-1eb1-4f37-b003-267572525934@group-D40A05E2FCF9: changes role from  FOLLOWER to CANDIDATE at term 176 for changeToCandidate
2019-10-20 18:18:51,205 [Thread-2613] INFO  impl.RoleInfo (RoleInfo.java:updateAndGet(143)) - 399079f7-1eb1-4f37-b003-267572525934: start LeaderElection
2019-10-20 18:18:51,230 [399079f7-1eb1-4f37-b003-267572525934@group-D40A05E2FCF9-LeaderElection315] INFO  impl.LeaderElection (LeaderElection.java:askForVotes(178)) - 399079f7-1eb1-4f37-b003-267572525934@group-D40A05E2FCF9-LeaderElection315: begin an election at term 177 for -1: [399079f7-1eb1-4f37-b003-267572525934:192.168.164.241:37762, 7a43c46a-fc88-4b2d-b2da-ae029cfa60ff:192.168.164.241:43684, 6c5c38af-62e6-4ea7-a24a-078dcb28fb39:192.168.164.241:45428], old=null
2019-10-20 18:18:51,231 [grpc-default-executor-7] INFO  impl.RaftServerImpl (RaftServerImpl.java:setRole(184)) - 7a43c46a-fc88-4b2d-b2da-ae029cfa60ff@group-D40A05E2FCF9: changes role from  FOLLOWER to FOLLOWER at term 177 for recognizeCandidate:399079f7-1eb1-4f37-b003-267572525934
2019-10-20 18:18:51,232 [grpc-default-executor-7] INFO  impl.RoleInfo (RoleInfo.java:shutdownFollowerState(121)) - 7a43c46a-fc88-4b2d-b2da-ae029cfa60ff: shutdown FollowerState
2019-10-20 18:18:51,231 [grpc-default-executor-3] INFO  impl.RaftServerImpl (RaftServerImpl.java:setRole(184)) - 6c5c38af-62e6-4ea7-a24a-078dcb28fb39@group-D40A05E2FCF9: changes role from  FOLLOWER to FOLLOWER at term 177 for recognizeCandidate:399079f7-1eb1-4f37-b003-267572525934
2019-10-20 18:18:51,232 [grpc-default-executor-3] INFO  impl.RoleInfo (RoleInfo.java:shutdownFollowerState(121)) - 6c5c38af-62e6-4ea7-a24a-078dcb28fb39: shutdown FollowerState
2019-10-20 18:18:51,232 [Thread-2611] INFO  impl.FollowerState (FollowerState.java:run(117)) - 7a43c46a-fc88-4b2d-b2da-ae029cfa60ff@group-D40A05E2FCF9-FollowerState was interrupted: java.lang.InterruptedException: sleep interrupted
2019-10-20 18:18:51,232 [Thread-2612] INFO  impl.FollowerState (FollowerState.java:run(117)) - 6c5c38af-62e6-4ea7-a24a-078dcb28fb39@group-D40A05E2FCF9-FollowerState was interrupted: java.lang.InterruptedException: sleep interrupted
2019-10-20 18:18:51,232 [grpc-default-executor-7] INFO  impl.RoleInfo (RoleInfo.java:updateAndGet(143)) - 7a43c46a-fc88-4b2d-b2da-ae029cfa60ff: start FollowerState
2019-10-20 18:18:51,232 [grpc-default-executor-3] INFO  impl.RoleInfo (RoleInfo.java:updateAndGet(143)) - 6c5c38af-62e6-4ea7-a24a-078dcb28fb39: start FollowerState
2019-10-20 18:18:51,257 [Thread-2607] INFO  impl.FollowerState (FollowerState.java:run(108)) - b75f8b2e-6273-4c97-b7c5-042674931d23@group-F11756C8BA4A-FollowerState: change to CANDIDATE, lastRpcTime:137ms, electionTimeout:137ms
2019-10-20 18:18:51,257 [Thread-2607] INFO  impl.RoleInfo (RoleInfo.java:shutdownFollowerState(121)) - b75f8b2e-6273-4c97-b7c5-042674931d23: shutdown FollowerState
2019-10-20 18:18:51,257 [Thread-2607] INFO  impl.RaftServerImpl (RaftServerImpl.java:setRole(184)) - b75f8b2e-6273-4c97-b7c5-042674931d23@group-F11756C8BA4A: changes role from  FOLLOWER to CANDIDATE at term 177 for changeToCandidate
2019-10-20 18:18:51,257 [Thread-2607] INFO  impl.RoleInfo (RoleInfo.java:updateAndGet(143)) - b75f8b2e-6273-4c97-b7c5-042674931d23: start LeaderElection
2019-10-20 18:18:51,264 [399079f7-1eb1-4f37-b003-267572525934@group-D40A05E2FCF9-LeaderElection315] INFO  impl.LeaderElection (LeaderElection.java:logAndReturn(56)) - 399079f7-1eb1-4f37-b003-267572525934@group-D40A05E2FCF9-LeaderElection315: Election REJECTED; received 2 response(s) [399079f7-1eb1-4f37-b003-267572525934<-7a43c46a-fc88-4b2d-b2da-ae029cfa60ff#0:FAIL-t177, 399079f7-1eb1-4f37-b003-267572525934<-6c5c38af-62e6-4ea7-a24a-078dcb28fb39#0:FAIL-t177] and 0 exception(s); 399079f7-1eb1-4f37-b003-267572525934@group-D40A05E2FCF9:t177, leader=null, voted=399079f7-1eb1-4f37-b003-267572525934, raftlog=399079f7-1eb1-4f37-b003-267572525934@group-D40A05E2FCF9-SegmentedRaftLog:OPENED:c-1,f-1,i0, conf=-1: [399079f7-1eb1-4f37-b003-267572525934:192.168.164.241:37762, 7a43c46a-fc88-4b2d-b2da-ae029cfa60ff:192.168.164.241:43684, 6c5c38af-62e6-4ea7-a24a-078dcb28fb39:192.168.164.241:45428], old=null
2019-10-20 18:18:51,265 [399079f7-1eb1-4f37-b003-267572525934@group-D40A05E2FCF9-LeaderElection315] INFO  impl.RaftServerImpl (RaftServerImpl.java:setRole(184)) - 399079f7-1eb1-4f37-b003-267572525934@group-D40A05E2FCF9: changes role from CANDIDATE to FOLLOWER at term 177 for DISCOVERED_A_NEW_TERM
2019-10-20 18:18:51,265 [399079f7-1eb1-4f37-b003-267572525934@group-D40A05E2FCF9-LeaderElection315] INFO  impl.RoleInfo (RoleInfo.java:shutdownLeaderElection(134)) - 399079f7-1eb1-4f37-b003-267572525934: shutdown LeaderElection
2019-10-20 18:18:51,265 [399079f7-1eb1-4f37-b003-267572525934@group-D40A05E2FCF9-LeaderElection315] INFO  impl.RoleInfo (RoleInfo.java:updateAndGet(143)) - 399079f7-1eb1-4f37-b003-267572525934: start FollowerState
2019-10-20 18:18:51,273 [Thread-2620] INFO  impl.FollowerState (FollowerState.java:run(108)) - 399079f7-1eb1-4f37-b003-267572525934@group-D40A05E2FCF9-FollowerState: change to CANDIDATE, lastRpcTime:8ms, electionTimeout:8ms
2019-10-20 18:18:51,273 [Thread-2620] INFO  impl.RoleInfo (RoleInfo.java:shutdownFollowerState(121)) - 399079f7-1eb1-4f37-b003-267572525934: shutdown FollowerState
2019-10-20 18:18:51,274 [Thread-2620] INFO  impl.RaftServerImpl (RaftServerImpl.java:setRole(184)) - 399079f7-1eb1-4f37-b003-267572525934@group-D40A05E2FCF9: changes role from  FOLLOWER to CANDIDATE at term 177 for changeToCandidate
2019-10-20 18:18:51,274 [Thread-2620] INFO  impl.RoleInfo (RoleInfo.java:updateAndGet(143)) - 399079f7-1eb1-4f37-b003-267572525934: start LeaderElection
2019-10-20 18:18:51,281 [b75f8b2e-6273-4c97-b7c5-042674931d23@group-F11756C8BA4A-LeaderElection316] INFO  impl.LeaderElection (LeaderElection.java:askForVotes(178)) - b75f8b2e-6273-4c97-b7c5-042674931d23@group-F11756C8BA4A-LeaderElection316: begin an election at term 178 for -1: [6ef27e9c-8ddb-4fa1-8c14-ab102acfb1b8:192.168.164.241:38092, b75f8b2e-6273-4c97-b7c5-042674931d23:192.168.164.241:41857, 3750b3a2-715b-46b3-9d0c-9e38136244b9:192.168.164.241:46227], old=null
2019-10-20 18:18:51,282 [grpc-default-executor-7] INFO  impl.RaftServerImpl (RaftServerImpl.java:setRole(184)) - 6ef27e9c-8ddb-4fa1-8c14-ab102acfb1b8@group-F11756C8BA4A: changes role from  FOLLOWER to FOLLOWER at term 178 for recognizeCandidate:b75f8b2e-6273-4c97-b7c5-042674931d23
2019-10-20 18:18:51,283 [grpc-default-executor-7] INFO  impl.RoleInfo (RoleInfo.java:shutdownFollowerState(121)) - 6ef27e9c-8ddb-4fa1-8c14-ab102acfb1b8: shutdown FollowerState
2019-10-20 18:18:51,283 [grpc-default-executor-3] INFO  impl.RaftServerImpl (RaftServerImpl.java:setRole(184)) - 3750b3a2-715b-46b3-9d0c-9e38136244b9@group-F11756C8BA4A: changes role from  FOLLOWER to FOLLOWER at term 178 for recognizeCandidate:b75f8b2e-6273-4c97-b7c5-042674931d23
2019-10-20 18:18:51,283 [grpc-default-executor-3] INFO  impl.RoleInfo (RoleInfo.java:shutdownFollowerState(121)) - 3750b3a2-715b-46b3-9d0c-9e38136244b9: shutdown FollowerState
2019-10-20 18:18:51,283 [grpc-default-executor-3] INFO  impl.RoleInfo (RoleInfo.java:updateAndGet(143)) - 3750b3a2-715b-46b3-9d0c-9e38136244b9: start FollowerState
2019-10-20 18:18:51,283 [Thread-2605] INFO  impl.FollowerState (FollowerState.java:run(117)) - 6ef27e9c-8ddb-4fa1-8c14-ab102acfb1b8@group-F11756C8BA4A-FollowerState was interrupted: java.lang.InterruptedException: sleep interrupted
2019-10-20 18:18:51,283 [grpc-default-executor-7] INFO  impl.RoleInfo (RoleInfo.java:updateAndGet(143)) - 6ef27e9c-8ddb-4fa1-8c14-ab102acfb1b8: start FollowerState
2019-10-20 18:18:51,283 [Thread-2606] INFO  impl.FollowerState (FollowerState.java:run(117)) - 3750b3a2-715b-46b3-9d0c-9e38136244b9@group-F11756C8BA4A-FollowerState was interrupted: java.lang.InterruptedException: sleep interrupted
2019-10-20 18:18:51,298 [399079f7-1eb1-4f37-b003-267572525934@group-D40A05E2FCF9-LeaderElection317] INFO  impl.LeaderElection (LeaderElection.java:askForVotes(178)) - 399079f7-1eb1-4f37-b003-267572525934@group-D40A05E2FCF9-LeaderElection317: begin an election at term 178 for -1: [399079f7-1eb1-4f37-b003-267572525934:192.168.164.241:37762, 7a43c46a-fc88-4b2d-b2da-ae029cfa60ff:192.168.164.241:43684, 6c5c38af-62e6-4ea7-a24a-078dcb28fb39:192.168.164.241:45428], old=null
2019-10-20 18:18:51,299 [b75f8b2e-6273-4c97-b7c5-042674931d23@group-F11756C8BA4A-LeaderElection316] INFO  impl.LeaderElection (LeaderElection.java:logAndReturn(56)) - b75f8b2e-6273-4c97-b7c5-042674931d23@group-F11756C8BA4A-LeaderElection316: Election REJECTED; received 2 response(s) [b75f8b2e-6273-4c97-b7c5-042674931d23<-6ef27e9c-8ddb-4fa1-8c14-ab102acfb1b8#0:FAIL-t178, b75f8b2e-6273-4c97-b7c5-042674931d23<-3750b3a2-715b-46b3-9d0c-9e38136244b9#0:FAIL-t178] and 0 exception(s); b75f8b2e-6273-4c97-b7c5-042674931d23@group-F11756C8BA4A:t178, leader=null, voted=b75f8b2e-6273-4c97-b7c5-042674931d23, raftlog=b75f8b2e-6273-4c97-b7c5-042674931d23@group-F11756C8BA4A-SegmentedRaftLog:OPENED:c-1,f-1,i0, conf=-1: [6ef27e9c-8ddb-4fa1-8c14-ab102acfb1b8:192.168.164.241:38092, b75f8b2e-6273-4c97-b7c5-042674931d23:192.168.164.241:41857, 3750b3a2-715b-46b3-9d0c-9e38136244b9:192.168.164.241:46227], old=null
2019-10-20 18:18:51,299 [b75f8b2e-6273-4c97-b7c5-042674931d23@group-F11756C8BA4A-LeaderElection316] INFO  impl.RaftServerImpl (RaftServerImpl.java:setRole(184)) - b75f8b2e-6273-4c97-b7c5-042674931d23@group-F11756C8BA4A: changes role from CANDIDATE to FOLLOWER at term 178 for DISCOVERED_A_NEW_TERM
2019-10-20 18:18:51,299 [b75f8b2e-6273-4c97-b7c5-042674931d23@group-F11756C8BA4A-LeaderElection316] INFO  impl.RoleInfo (RoleInfo.java:shutdownLeaderElection(134)) - b75f8b2e-6273-4c97-b7c5-042674931d23: shutdown LeaderElection
2019-10-20 18:18:51,299 [b75f8b2e-6273-4c97-b7c5-042674931d23@group-F11756C8BA4A-LeaderElection316] INFO  impl.RoleInfo (RoleInfo.java:updateAndGet(143)) - b75f8b2e-6273-4c97-b7c5-042674931d23: start FollowerState
2019-10-20 18:18:51,299 [grpc-default-executor-7] INFO  impl.RaftServerImpl (RaftServerImpl.java:setRole(184)) - 7a43c46a-fc88-4b2d-b2da-ae029cfa60ff@group-D40A05E2FCF9: changes role from  FOLLOWER to FOLLOWER at term 178 for recognizeCandidate:399079f7-1eb1-4f37-b003-267572525934
2019-10-20 18:18:51,299 [grpc-default-executor-7] INFO  impl.RoleInfo (RoleInfo.java:shutdownFollowerState(121)) - 7a43c46a-fc88-4b2d-b2da-ae029cfa60ff: shutdown FollowerState
2019-10-20 18:18:51,300 [grpc-default-executor-3] INFO  impl.RaftServerImpl (RaftServerImpl.java:setRole(184)) - 6c5c38af-62e6-4ea7-a24a-078dcb28fb39@group-D40A05E2FCF9: changes role from  FOLLOWER to FOLLOWER at term 178 for recognizeCandidate:399079f7-1eb1-4f37-b003-267572525934
2019-10-20 18:18:51,300 [grpc-default-executor-3] INFO  impl.RoleInfo (RoleInfo.java:shutdownFollowerState(121)) - 6c5c38af-62e6-4ea7-a24a-078dcb28fb39: shutdown FollowerState
2019-10-20 18:18:51,300 [Thread-2617] INFO  impl.FollowerState (FollowerState.java:run(117)) - 7a43c46a-fc88-4b2d-b2da-ae029cfa60ff@group-D40A05E2FCF9-FollowerState was interrupted: java.lang.InterruptedException: sleep interrupted
2019-10-20 18:18:51,300 [grpc-default-executor-7] INFO  impl.RoleInfo (RoleInfo.java:updateAndGet(143)) - 7a43c46a-fc88-4b2d-b2da-ae029cfa60ff: start FollowerState
2019-10-20 18:18:51,300 [Thread-2618] INFO  impl.FollowerState (FollowerState.java:run(117)) - 6c5c38af-62e6-4ea7-a24a-078dcb28fb39@group-D40A05E2FCF9-FollowerState was interrupted: java.lang.InterruptedException: sleep interrupted
2019-10-20 18:18:51,300 [grpc-default-executor-3] INFO  impl.RoleInfo (RoleInfo.java:updateAndGet(143)) - 6c5c38af-62e6-4ea7-a24a-078dcb28fb39: start FollowerState
2019-10-20 18:18:51,324 [399079f7-1eb1-4f37-b003-267572525934@group-D40A05E2FCF9-LeaderElection317] INFO  impl.LeaderElection (LeaderElection.java:logAndReturn(56)) - 399079f7-1eb1-4f37-b003-267572525934@group-D40A05E2FCF9-LeaderElection317: Election REJECTED; received 2 response(s) [399079f7-1eb1-4f37-b003-267572525934<-7a43c46a-fc88-4b2d-b2da-ae029cfa60ff#0:FAIL-t178, 399079f7-1eb1-4f37-b003-267572525934<-6c5c38af-62e6-4ea7-a24a-078dcb28fb39#0:FAIL-t178] and 0 exception(s); 399079f7-1eb1-4f37-b003-267572525934@group-D40A05E2FCF9:t178, leader=null, voted=399079f7-1eb1-4f37-b003-267572525934, raftlog=399079f7-1eb1-4f37-b003-267572525934@group-D40A05E2FCF9-SegmentedRaftLog:OPENED:c-1,f-1,i0, conf=-1: [399079f7-1eb1-4f37-b003-267572525934:192.168.164.241:37762, 7a43c46a-fc88-4b2d-b2da-ae029cfa60ff:192.168.164.241:43684, 6c5c38af-62e6-4ea7-a24a-078dcb28fb39:192.168.164.241:45428], old=null
2019-10-20 18:18:51,324 [399079f7-1eb1-4f37-b003-267572525934@group-D40A05E2FCF9-LeaderElection317] INFO  impl.RaftServerImpl (RaftServerImpl.java:setRole(184)) - 399079f7-1eb1-4f37-b003-267572525934@group-D40A05E2FCF9: changes role from CANDIDATE to FOLLOWER at term 178 for DISCOVERED_A_NEW_TERM
2019-10-20 18:18:51,324 [399079f7-1eb1-4f37-b003-267572525934@group-D40A05E2FCF9-LeaderElection317] INFO  impl.RoleInfo (RoleInfo.java:shutdownLeaderElection(134)) - 399079f7-1eb1-4f37-b003-267572525934: shutdown LeaderElection
2019-10-20 18:18:51,324 [399079f7-1eb1-4f37-b003-267572525934@group-D40A05E2FCF9-LeaderElection317] INFO  impl.RoleInfo (RoleInfo.java:updateAndGet(143)) - 399079f7-1eb1-4f37-b003-267572525934: start FollowerState
2019-10-20 18:18:51,396 [Thread-2628] INFO  impl.FollowerState (FollowerState.java:run(108)) - b75f8b2e-6273-4c97-b7c5-042674931d23@group-F11756C8BA4A-FollowerState: change to CANDIDATE, lastRpcTime:97ms, electionTimeout:97ms
2019-10-20 18:18:51,397 [Thread-2628] INFO  impl.RoleInfo (RoleInfo.java:shutdownFollowerState(121)) - b75f8b2e-6273-4c97-b7c5-042674931d23: shutdown FollowerState
2019-10-20 18:18:51,397 [Thread-2628] INFO  impl.RaftServerImpl (RaftServerImpl.java:setRole(184)) - b75f8b2e-6273-4c97-b7c5-042674931d23@group-F11756C8BA4A: changes role from  FOLLOWER to CANDIDATE at term 178 for changeToCandidate
2019-10-20 18:18:51,397 [Thread-2628] INFO  impl.RoleInfo (RoleInfo.java:updateAndGet(143)) - b75f8b2e-6273-4c97-b7c5-042674931d23: start LeaderElection
2019-10-20 18:18:51,417 [b75f8b2e-6273-4c97-b7c5-042674931d23@group-F11756C8BA4A-LeaderElection318] INFO  impl.LeaderElection (LeaderElection.java:askForVotes(178)) - b75f8b2e-6273-4c97-b7c5-042674931d23@group-F11756C8BA4A-LeaderElection318: begin an election at term 179 for -1: [6ef27e9c-8ddb-4fa1-8c14-ab102acfb1b8:192.168.164.241:38092, b75f8b2e-6273-4c97-b7c5-042674931d23:192.168.164.241:41857, 3750b3a2-715b-46b3-9d0c-9e38136244b9:192.168.164.241:46227], old=null
2019-10-20 18:18:51,418 [grpc-default-executor-3] INFO  impl.RaftServerImpl (RaftServerImpl.java:setRole(184)) - 6ef27e9c-8ddb-4fa1-8c14-ab102acfb1b8@group-F11756C8BA4A: changes role from  FOLLOWER to FOLLOWER at term 179 for recognizeCandidate:b75f8b2e-6273-4c97-b7c5-042674931d23
2019-10-20 18:18:51,418 [grpc-default-executor-7] INFO  impl.RaftServerImpl (RaftServerImpl.java:setRole(184)) - 3750b3a2-715b-46b3-9d0c-9e38136244b9@group-F11756C8BA4A: changes role from  FOLLOWER to FOLLOWER at term 179 for recognizeCandidate:b75f8b2e-6273-4c97-b7c5-042674931d23
2019-10-20 18:18:51,419 [grpc-default-executor-3] INFO  impl.RoleInfo (RoleInfo.java:shutdownFollowerState(121)) - 6ef27e9c-8ddb-4fa1-8c14-ab102acfb1b8: shutdown FollowerState
2019-10-20 18:18:51,419 [grpc-default-executor-7] INFO  impl.RoleInfo (RoleInfo.java:shutdownFollowerState(121)) - 3750b3a2-715b-46b3-9d0c-9e38136244b9: shutdown FollowerState
2019-10-20 18:18:51,419 [Thread-2624] INFO  impl.FollowerState (FollowerState.java:run(117)) - 6ef27e9c-8ddb-4fa1-8c14-ab102acfb1b8@group-F11756C8BA4A-FollowerState was interrupted: java.lang.InterruptedException: sleep interrupted
2019-10-20 18:18:51,419 [grpc-default-executor-7] INFO  impl.RoleInfo (RoleInfo.java:updateAndGet(143)) - 3750b3a2-715b-46b3-9d0c-9e38136244b9: start FollowerState
2019-10-20 18:18:51,419 [grpc-default-executor-3] INFO  impl.RoleInfo (RoleInfo.java:updateAndGet(143)) - 6ef27e9c-8ddb-4fa1-8c14-ab102acfb1b8: start FollowerState
2019-10-20 18:18:51,419 [Thread-2625] INFO  impl.FollowerState (FollowerState.java:run(117)) - 3750b3a2-715b-46b3-9d0c-9e38136244b9@group-F11756C8BA4A-FollowerState was interrupted: java.lang.InterruptedException: sleep interrupted
2019-10-20 18:18:51,435 [b75f8b2e-6273-4c97-b7c5-042674931d23@group-F11756C8BA4A-LeaderElection318] INFO  impl.LeaderElection (LeaderElection.java:logAndReturn(56)) - b75f8b2e-6273-4c97-b7c5-042674931d23@group-F11756C8BA4A-LeaderElection318: Election REJECTED; received 2 response(s) [b75f8b2e-6273-4c97-b7c5-042674931d23<-6ef27e9c-8ddb-4fa1-8c14-ab102acfb1b8#0:FAIL-t179, b75f8b2e-6273-4c97-b7c5-042674931d23<-3750b3a2-715b-46b3-9d0c-9e38136244b9#0:FAIL-t179] and 0 exception(s); b75f8b2e-6273-4c97-b7c5-042674931d23@group-F11756C8BA4A:t179, leader=null, voted=b75f8b2e-6273-4c97-b7c5-042674931d23, raftlog=b75f8b2e-6273-4c97-b7c5-042674931d23@group-F11756C8BA4A-SegmentedRaftLog:OPENED:c-1,f-1,i0, conf=-1: [6ef27e9c-8ddb-4fa1-8c14-ab102acfb1b8:192.168.164.241:38092, b75f8b2e-6273-4c97-b7c5-042674931d23:192.168.164.241:41857, 3750b3a2-715b-46b3-9d0c-9e38136244b9:192.168.164.241:46227], old=null
2019-10-20 18:18:51,435 [b75f8b2e-6273-4c97-b7c5-042674931d23@group-F11756C8BA4A-LeaderElection318] INFO  impl.RaftServerImpl (RaftServerImpl.java:setRole(184)) - b75f8b2e-6273-4c97-b7c5-042674931d23@group-F11756C8BA4A: changes role from CANDIDATE to FOLLOWER at term 179 for DISCOVERED_A_NEW_TERM
2019-10-20 18:18:51,435 [b75f8b2e-6273-4c97-b7c5-042674931d23@group-F11756C8BA4A-LeaderElection318] INFO  impl.RoleInfo (RoleInfo.java:shutdownLeaderElection(134)) - b75f8b2e-6273-4c97-b7c5-042674931d23: shutdown LeaderElection
2019-10-20 18:18:51,435 [b75f8b2e-6273-4c97-b7c5-042674931d23@group-F11756C8BA4A-LeaderElection318] INFO  impl.RoleInfo (RoleInfo.java:updateAndGet(143)) - b75f8b2e-6273-4c97-b7c5-042674931d23: start FollowerState
2019-10-20 18:18:51,524 [Thread-2631] INFO  impl.FollowerState (FollowerState.java:run(108)) - 399079f7-1eb1-4f37-b003-267572525934@group-D40A05E2FCF9-FollowerState: change to CANDIDATE, lastRpcTime:199ms, electionTimeout:199ms
2019-10-20 18:18:51,524 [Thread-2631] INFO  impl.RoleInfo (RoleInfo.java:shutdownFollowerState(121)) - 399079f7-1eb1-4f37-b003-267572525934: shutdown FollowerState
2019-10-20 18:18:51,524 [Thread-2631] INFO  impl.RaftServerImpl (RaftServerImpl.java:setRole(184)) - 399079f7-1eb1-4f37-b003-267572525934@group-D40A05E2FCF9: changes role from  FOLLOWER to CANDIDATE at term 178 for changeToCandidate
2019-10-20 18:18:51,524 [Thread-2631] INFO  impl.RoleInfo (RoleInfo.java:updateAndGet(143)) - 399079f7-1eb1-4f37-b003-267572525934: start LeaderElection
2019-10-20 18:18:51,552 [399079f7-1eb1-4f37-b003-267572525934@group-D40A05E2FCF9-LeaderElection319] INFO  impl.LeaderElection (LeaderElection.java:askForVotes(178)) - 399079f7-1eb1-4f37-b003-267572525934@group-D40A05E2FCF9-LeaderElection319: begin an election at term 179 for -1: [399079f7-1eb1-4f37-b003-267572525934:192.168.164.241:37762, 7a43c46a-fc88-4b2d-b2da-ae029cfa60ff:192.168.164.241:43684, 6c5c38af-62e6-4ea7-a24a-078dcb28fb39:192.168.164.241:45428], old=null
2019-10-20 18:18:51,554 [grpc-default-executor-3] INFO  impl.RaftServerImpl (RaftServerImpl.java:setRole(184)) - 7a43c46a-fc88-4b2d-b2da-ae029cfa60ff@group-D40A05E2FCF9: changes role from  FOLLOWER to FOLLOWER at term 179 for recognizeCandidate:399079f7-1eb1-4f37-b003-267572525934
2019-10-20 18:18:51,554 [grpc-default-executor-3] INFO  impl.RoleInfo (RoleInfo.java:shutdownFollowerState(121)) - 7a43c46a-fc88-4b2d-b2da-ae029cfa60ff: shutdown FollowerState
2019-10-20 18:18:51,555 [grpc-default-executor-3] INFO  impl.RoleInfo (RoleInfo.java:updateAndGet(143)) - 7a43c46a-fc88-4b2d-b2da-ae029cfa60ff: start FollowerState
2019-10-20 18:18:51,555 [grpc-default-executor-7] INFO  impl.RaftServerImpl (RaftServerImpl.java:setRole(184)) - 6c5c38af-62e6-4ea7-a24a-078dcb28fb39@group-D40A05E2FCF9: changes role from  FOLLOWER to FOLLOWER at term 179 for recognizeCandidate:399079f7-1eb1-4f37-b003-267572525934
2019-10-20 18:18:51,555 [grpc-default-executor-7] INFO  impl.RoleInfo (RoleInfo.java:shutdownFollowerState(121)) - 6c5c38af-62e6-4ea7-a24a-078dcb28fb39: shutdown FollowerState
2019-10-20 18:18:51,555 [Thread-2629] INFO  impl.FollowerState (FollowerState.java:run(117)) - 7a43c46a-fc88-4b2d-b2da-ae029cfa60ff@group-D40A05E2FCF9-FollowerState was interrupted: java.lang.InterruptedException: sleep interrupted
2019-10-20 18:18:51,555 [Thread-2630] INFO  impl.FollowerState (FollowerState.java:run(117)) - 6c5c38af-62e6-4ea7-a24a-078dcb28fb39@group-D40A05E2FCF9-FollowerState was interrupted: java.lang.InterruptedException: sleep interrupted
2019-10-20 18:18:51,555 [grpc-default-executor-7] INFO  impl.RoleInfo (RoleInfo.java:updateAndGet(143)) - 6c5c38af-62e6-4ea7-a24a-078dcb28fb39: start FollowerState
2019-10-20 18:18:51,578 [399079f7-1eb1-4f37-b003-267572525934@group-D40A05E2FCF9-LeaderElection319] INFO  impl.LeaderElection (LeaderElection.java:logAndReturn(56)) - 399079f7-1eb1-4f37-b003-267572525934@group-D40A05E2FCF9-LeaderElection319: Election REJECTED; received 2 response(s) [399079f7-1eb1-4f37-b003-267572525934<-7a43c46a-fc88-4b2d-b2da-ae029cfa60ff#0:FAIL-t179, 399079f7-1eb1-4f37-b003-267572525934<-6c5c38af-62e6-4ea7-a24a-078dcb28fb39#0:FAIL-t179] and 0 exception(s); 399079f7-1eb1-4f37-b003-267572525934@group-D40A05E2FCF9:t179, leader=null, voted=399079f7-1eb1-4f37-b003-267572525934, raftlog=399079f7-1eb1-4f37-b003-267572525934@group-D40A05E2FCF9-SegmentedRaftLog:OPENED:c-1,f-1,i0, conf=-1: [399079f7-1eb1-4f37-b003-267572525934:192.168.164.241:37762, 7a43c46a-fc88-4b2d-b2da-ae029cfa60ff:192.168.164.241:43684, 6c5c38af-62e6-4ea7-a24a-078dcb28fb39:192.168.164.241:45428], old=null
2019-10-20 18:18:51,578 [399079f7-1eb1-4f37-b003-267572525934@group-D40A05E2FCF9-LeaderElection319] INFO  impl.RaftServerImpl (RaftServerImpl.java:setRole(184)) - 399079f7-1eb1-4f37-b003-267572525934@group-D40A05E2FCF9: changes role from CANDIDATE to FOLLOWER at term 179 for DISCOVERED_A_NEW_TERM
2019-10-20 18:18:51,579 [399079f7-1eb1-4f37-b003-267572525934@group-D40A05E2FCF9-LeaderElection319] INFO  impl.RoleInfo (RoleInfo.java:shutdownLeaderElection(134)) - 399079f7-1eb1-4f37-b003-267572525934: shutdown LeaderElection
2019-10-20 18:18:51,579 [399079f7-1eb1-4f37-b003-267572525934@group-D40A05E2FCF9-LeaderElection319] INFO  impl.RoleInfo (RoleInfo.java:updateAndGet(143)) - 399079f7-1eb1-4f37-b003-267572525934: start FollowerState
2019-10-20 18:18:51,583 [Thread-2637] INFO  impl.FollowerState (FollowerState.java:run(108)) - b75f8b2e-6273-4c97-b7c5-042674931d23@group-F11756C8BA4A-FollowerState: change to CANDIDATE, lastRpcTime:148ms, electionTimeout:148ms
2019-10-20 18:18:51,584 [Thread-2637] INFO  impl.RoleInfo (RoleInfo.java:shutdownFollowerState(121)) - b75f8b2e-6273-4c97-b7c5-042674931d23: shutdown FollowerState
2019-10-20 18:18:51,584 [Thread-2637] INFO  impl.RaftServerImpl (RaftServerImpl.java:setRole(184)) - b75f8b2e-6273-4c97-b7c5-042674931d23@group-F11756C8BA4A: changes role from  FOLLOWER to CANDIDATE at term 179 for changeToCandidate
2019-10-20 18:18:51,584 [Thread-2637] INFO  impl.RoleInfo (RoleInfo.java:updateAndGet(143)) - b75f8b2e-6273-4c97-b7c5-042674931d23: start LeaderElection
2019-10-20 18:18:51,592 [Thread-2645] INFO  impl.FollowerState (FollowerState.java:run(108)) - 399079f7-1eb1-4f37-b003-267572525934@group-D40A05E2FCF9-FollowerState: change to CANDIDATE, lastRpcTime:13ms, electionTimeout:13ms
2019-10-20 18:18:51,592 [Thread-2645] INFO  impl.RoleInfo (RoleInfo.java:shutdownFollowerState(121)) - 399079f7-1eb1-4f37-b003-267572525934: shutdown FollowerState
2019-10-20 18:18:51,592 [Thread-2645] INFO  impl.RaftServerImpl (RaftServerImpl.java:setRole(184)) - 399079f7-1eb1-4f37-b003-267572525934@group-D40A05E2FCF9: changes role from  FOLLOWER to CANDIDATE at term 179 for changeToCandidate
2019-10-20 18:18:51,593 [Thread-2645] INFO  impl.RoleInfo (RoleInfo.java:updateAndGet(143)) - 399079f7-1eb1-4f37-b003-267572525934: start LeaderElection
2019-10-20 18:18:51,603 [b75f8b2e-6273-4c97-b7c5-042674931d23@group-F11756C8BA4A-LeaderElection320] INFO  impl.LeaderElection (LeaderElection.java:askForVotes(178)) - b75f8b2e-6273-4c97-b7c5-042674931d23@group-F11756C8BA4A-LeaderElection320: begin an election at term 180 for -1: [6ef27e9c-8ddb-4fa1-8c14-ab102acfb1b8:192.168.164.241:38092, b75f8b2e-6273-4c97-b7c5-042674931d23:192.168.164.241:41857, 3750b3a2-715b-46b3-9d0c-9e38136244b9:192.168.164.241:46227], old=null
2019-10-20 18:18:51,605 [grpc-default-executor-3] INFO  impl.RaftServerImpl (RaftServerImpl.java:setRole(184)) - 6ef27e9c-8ddb-4fa1-8c14-ab102acfb1b8@group-F11756C8BA4A: changes role from  FOLLOWER to FOLLOWER at term 180 for recognizeCandidate:b75f8b2e-6273-4c97-b7c5-042674931d23
2019-10-20 18:18:51,605 [grpc-default-executor-3] INFO  impl.RoleInfo (RoleInfo.java:shutdownFollowerState(121)) - 6ef27e9c-8ddb-4fa1-8c14-ab102acfb1b8: shutdown FollowerState
2019-10-20 18:18:51,605 [grpc-default-executor-7] INFO  impl.RaftServerImpl (RaftServerImpl.java:setRole(184)) - 3750b3a2-715b-46b3-9d0c-9e38136244b9@group-F11756C8BA4A: changes role from  FOLLOWER to FOLLOWER at term 180 for recognizeCandidate:b75f8b2e-6273-4c97-b7c5-042674931d23
2019-10-20 18:18:51,605 [grpc-default-executor-7] INFO  impl.RoleInfo (RoleInfo.java:shutdownFollowerState(121)) - 3750b3a2-715b-46b3-9d0c-9e38136244b9: shutdown FollowerState
2019-10-20 18:18:51,605 [Thread-2635] INFO  impl.FollowerState (FollowerState.java:run(117)) - 6ef27e9c-8ddb-4fa1-8c14-ab102acfb1b8@group-F11756C8BA4A-FollowerState was interrupted: java.lang.InterruptedException: sleep interrupted
2019-10-20 18:18:51,605 [grpc-default-executor-3] INFO  impl.RoleInfo (RoleInfo.java:updateAndGet(143)) - 6ef27e9c-8ddb-4fa1-8c14-ab102acfb1b8: start FollowerState
2019-10-20 18:18:51,606 [Thread-2636] INFO  impl.FollowerState (FollowerState.java:run(117)) - 3750b3a2-715b-46b3-9d0c-9e38136244b9@group-F11756C8BA4A-FollowerState was interrupted: java.lang.InterruptedException: sleep interrupted
2019-10-20 18:18:51,606 [grpc-default-executor-7] INFO  impl.RoleInfo (RoleInfo.java:updateAndGet(143)) - 3750b3a2-715b-46b3-9d0c-9e38136244b9: start FollowerState
2019-10-20 18:18:51,621 [399079f7-1eb1-4f37-b003-267572525934@group-D40A05E2FCF9-LeaderElection321] INFO  impl.LeaderElection (LeaderElection.java:askForVotes(178)) - 399079f7-1eb1-4f37-b003-267572525934@group-D40A05E2FCF9-LeaderElection321: begin an election at term 180 for -1: [399079f7-1eb1-4f37-b003-267572525934:192.168.164.241:37762, 7a43c46a-fc88-4b2d-b2da-ae029cfa60ff:192.168.164.241:43684, 6c5c38af-62e6-4ea7-a24a-078dcb28fb39:192.168.164.241:45428], old=null
2019-10-20 18:18:51,623 [grpc-default-executor-5] INFO  impl.RaftServerImpl (RaftServerImpl.java:setRole(184)) - 7a43c46a-fc88-4b2d-b2da-ae029cfa60ff@group-D40A05E2FCF9: changes role from  FOLLOWER to FOLLOWER at term 180 for recognizeCandidate:399079f7-1eb1-4f37-b003-267572525934
2019-10-20 18:18:51,623 [grpc-default-executor-5] INFO  impl.RoleInfo (RoleInfo.java:shutdownFollowerState(121)) - 7a43c46a-fc88-4b2d-b2da-ae029cfa60ff: shutdown FollowerState
2019-10-20 18:18:51,623 [grpc-default-executor-4] INFO  impl.RaftServerImpl (RaftServerImpl.java:setRole(184)) - 6c5c38af-62e6-4ea7-a24a-078dcb28fb39@group-D40A05E2FCF9: changes role from  FOLLOWER to FOLLOWER at term 180 for recognizeCandidate:399079f7-1eb1-4f37-b003-267572525934
2019-10-20 18:18:51,623 [Thread-2643] INFO  impl.FollowerState (FollowerState.java:run(117)) - 7a43c46a-fc88-4b2d-b2da-ae029cfa60ff@group-D40A05E2FCF9-FollowerState was interrupted: java.lang.InterruptedException: sleep interrupted
2019-10-20 18:18:51,623 [grpc-default-executor-5] INFO  impl.RoleInfo (RoleInfo.java:updateAndGet(143)) - 7a43c46a-fc88-4b2d-b2da-ae029cfa60ff: start FollowerState
2019-10-20 18:18:51,623 [grpc-default-executor-4] INFO  impl.RoleInfo (RoleInfo.java:shutdownFollowerState(121)) - 6c5c38af-62e6-4ea7-a24a-078dcb28fb39: shutdown FollowerState
2019-10-20 18:18:51,624 [grpc-default-executor-4] INFO  impl.RoleInfo (RoleInfo.java:updateAndGet(143)) - 6c5c38af-62e6-4ea7-a24a-078dcb28fb39: start FollowerState
2019-10-20 18:18:51,624 [Thread-2644] INFO  impl.FollowerState (FollowerState.java:run(117)) - 6c5c38af-62e6-4ea7-a24a-078dcb28fb39@group-D40A05E2FCF9-FollowerState was interrupted: java.lang.InterruptedException: sleep interrupted
2019-10-20 18:18:51,639 [b75f8b2e-6273-4c97-b7c5-042674931d23@group-F11756C8BA4A-LeaderElection320] INFO  impl.LeaderElection (LeaderElection.java:logAndReturn(56)) - b75f8b2e-6273-4c97-b7c5-042674931d23@group-F11756C8BA4A-LeaderElection320: Election REJECTED; received 2 response(s) [b75f8b2e-6273-4c97-b7c5-042674931d23<-6ef27e9c-8ddb-4fa1-8c14-ab102acfb1b8#0:FAIL-t180, b75f8b2e-6273-4c97-b7c5-042674931d23<-3750b3a2-715b-46b3-9d0c-9e38136244b9#0:FAIL-t180] and 0 exception(s); b75f8b2e-6273-4c97-b7c5-042674931d23@group-F11756C8BA4A:t180, leader=null, voted=b75f8b2e-6273-4c97-b7c5-042674931d23, raftlog=b75f8b2e-6273-4c97-b7c5-042674931d23@group-F11756C8BA4A-SegmentedRaftLog:OPENED:c-1,f-1,i0, conf=-1: [6ef27e9c-8ddb-4fa1-8c14-ab102acfb1b8:192.168.164.241:38092, b75f8b2e-6273-4c97-b7c5-042674931d23:192.168.164.241:41857, 3750b3a2-715b-46b3-9d0c-9e38136244b9:192.168.164.241:46227], old=null
2019-10-20 18:18:51,639 [b75f8b2e-6273-4c97-b7c5-042674931d23@group-F11756C8BA4A-LeaderElection320] INFO  impl.RaftServerImpl (RaftServerImpl.java:setRole(184)) - b75f8b2e-6273-4c97-b7c5-042674931d23@group-F11756C8BA4A: changes role from CANDIDATE to FOLLOWER at term 180 for DISCOVERED_A_NEW_TERM
2019-10-20 18:18:51,639 [b75f8b2e-6273-4c97-b7c5-042674931d23@group-F11756C8BA4A-LeaderElection320] INFO  impl.RoleInfo (RoleInfo.java:shutdownLeaderElection(134)) - b75f8b2e-6273-4c97-b7c5-042674931d23: shutdown LeaderElection
2019-10-20 18:18:51,640 [b75f8b2e-6273-4c97-b7c5-042674931d23@group-F11756C8BA4A-LeaderElection320] INFO  impl.RoleInfo (RoleInfo.java:updateAndGet(143)) - b75f8b2e-6273-4c97-b7c5-042674931d23: start FollowerState
2019-10-20 18:18:51,656 [399079f7-1eb1-4f37-b003-267572525934@group-D40A05E2FCF9-LeaderElection321] INFO  impl.LeaderElection (LeaderElection.java:logAndReturn(56)) - 399079f7-1eb1-4f37-b003-267572525934@group-D40A05E2FCF9-LeaderElection321: Election REJECTED; received 2 response(s) [399079f7-1eb1-4f37-b003-267572525934<-7a43c46a-fc88-4b2d-b2da-ae029cfa60ff#0:FAIL-t180, 399079f7-1eb1-4f37-b003-267572525934<-6c5c38af-62e6-4ea7-a24a-078dcb28fb39#0:FAIL-t180] and 0 exception(s); 399079f7-1eb1-4f37-b003-267572525934@group-D40A05E2FCF9:t180, leader=null, voted=399079f7-1eb1-4f37-b003-267572525934, raftlog=399079f7-1eb1-4f37-b003-267572525934@group-D40A05E2FCF9-SegmentedRaftLog:OPENED:c-1,f-1,i0, conf=-1: [399079f7-1eb1-4f37-b003-267572525934:192.168.164.241:37762, 7a43c46a-fc88-4b2d-b2da-ae029cfa60ff:192.168.164.241:43684, 6c5c38af-62e6-4ea7-a24a-078dcb28fb39:192.168.164.241:45428], old=null
2019-10-20 18:18:51,656 [399079f7-1eb1-4f37-b003-267572525934@group-D40A05E2FCF9-LeaderElection321] INFO  impl.RaftServerImpl (RaftServerImpl.java:setRole(184)) - 399079f7-1eb1-4f37-b003-267572525934@group-D40A05E2FCF9: changes role from CANDIDATE to FOLLOWER at term 180 for DISCOVERED_A_NEW_TERM
2019-10-20 18:18:51,656 [399079f7-1eb1-4f37-b003-267572525934@group-D40A05E2FCF9-LeaderElection321] INFO  impl.RoleInfo (RoleInfo.java:shutdownLeaderElection(134)) - 399079f7-1eb1-4f37-b003-267572525934: shutdown LeaderElection
2019-10-20 18:18:51,657 [399079f7-1eb1-4f37-b003-267572525934@group-D40A05E2FCF9-LeaderElection321] INFO  impl.RoleInfo (RoleInfo.java:updateAndGet(143)) - 399079f7-1eb1-4f37-b003-267572525934: start FollowerState
2019-10-20 18:18:51,738 [Thread-2657] INFO  impl.FollowerState (FollowerState.java:run(108)) - 399079f7-1eb1-4f37-b003-267572525934@group-D40A05E2FCF9-FollowerState: change to CANDIDATE, lastRpcTime:81ms, electionTimeout:81ms
2019-10-20 18:18:51,738 [Thread-2657] INFO  impl.RoleInfo (RoleInfo.java:shutdownFollowerState(121)) - 399079f7-1eb1-4f37-b003-267572525934: shutdown FollowerState
2019-10-20 18:18:51,738 [Thread-2657] INFO  impl.RaftServerImpl (RaftServerImpl.java:setRole(184)) - 399079f7-1eb1-4f37-b003-267572525934@group-D40A05E2FCF9: changes role from  FOLLOWER to CANDIDATE at term 180 for changeToCandidate
2019-10-20 18:18:51,739 [Thread-2657] INFO  impl.RoleInfo (RoleInfo.java:updateAndGet(143)) - 399079f7-1eb1-4f37-b003-267572525934: start LeaderElection
2019-10-20 18:18:51,757 [399079f7-1eb1-4f37-b003-267572525934@group-D40A05E2FCF9-LeaderElection322] INFO  impl.LeaderElection (LeaderElection.java:askForVotes(178)) - 399079f7-1eb1-4f37-b003-267572525934@group-D40A05E2FCF9-LeaderElection322: begin an election at term 181 for -1: [399079f7-1eb1-4f37-b003-267572525934:192.168.164.241:37762, 7a43c46a-fc88-4b2d-b2da-ae029cfa60ff:192.168.164.241:43684, 6c5c38af-62e6-4ea7-a24a-078dcb28fb39:192.168.164.241:45428], old=null
2019-10-20 18:18:51,759 [grpc-default-executor-5] INFO  impl.RaftServerImpl (RaftServerImpl.java:setRole(184)) - 7a43c46a-fc88-4b2d-b2da-ae029cfa60ff@group-D40A05E2FCF9: changes role from  FOLLOWER to FOLLOWER at term 181 for recognizeCandidate:399079f7-1eb1-4f37-b003-267572525934
2019-10-20 18:18:51,759 [grpc-default-executor-5] INFO  impl.RoleInfo (RoleInfo.java:shutdownFollowerState(121)) - 7a43c46a-fc88-4b2d-b2da-ae029cfa60ff: shutdown FollowerState
2019-10-20 18:18:51,759 [grpc-default-executor-5] INFO  impl.RoleInfo (RoleInfo.java:updateAndGet(143)) - 7a43c46a-fc88-4b2d-b2da-ae029cfa60ff: start FollowerState
2019-10-20 18:18:51,759 [Thread-2654] INFO  impl.FollowerState (FollowerState.java:run(117)) - 7a43c46a-fc88-4b2d-b2da-ae029cfa60ff@group-D40A05E2FCF9-FollowerState was interrupted: java.lang.InterruptedException: sleep interrupted
2019-10-20 18:18:51,759 [grpc-default-executor-4] INFO  impl.RaftServerImpl (RaftServerImpl.java:setRole(184)) - 6c5c38af-62e6-4ea7-a24a-078dcb28fb39@group-D40A05E2FCF9: changes role from  FOLLOWER to FOLLOWER at term 181 for recognizeCandidate:399079f7-1eb1-4f37-b003-267572525934
2019-10-20 18:18:51,760 [grpc-default-executor-4] INFO  impl.RoleInfo (RoleInfo.java:shutdownFollowerState(121)) - 6c5c38af-62e6-4ea7-a24a-078dcb28fb39: shutdown FollowerState
2019-10-20 18:18:51,760 [grpc-default-executor-4] INFO  impl.RoleInfo (RoleInfo.java:updateAndGet(143)) - 6c5c38af-62e6-4ea7-a24a-078dcb28fb39: start FollowerState
2019-10-20 18:18:51,760 [Thread-2655] INFO  impl.FollowerState (FollowerState.java:run(117)) - 6c5c38af-62e6-4ea7-a24a-078dcb28fb39@group-D40A05E2FCF9-FollowerState was interrupted: java.lang.InterruptedException: sleep interrupted
2019-10-20 18:18:51,783 [399079f7-1eb1-4f37-b003-267572525934@group-D40A05E2FCF9-LeaderElection322] INFO  impl.LeaderElection (LeaderElection.java:logAndReturn(56)) - 399079f7-1eb1-4f37-b003-267572525934@group-D40A05E2FCF9-LeaderElection322: Election REJECTED; received 2 response(s) [399079f7-1eb1-4f37-b003-267572525934<-7a43c46a-fc88-4b2d-b2da-ae029cfa60ff#0:FAIL-t181, 399079f7-1eb1-4f37-b003-267572525934<-6c5c38af-62e6-4ea7-a24a-078dcb28fb39#0:FAIL-t181] and 0 exception(s); 399079f7-1eb1-4f37-b003-267572525934@group-D40A05E2FCF9:t181, leader=null, voted=399079f7-1eb1-4f37-b003-267572525934, raftlog=399079f7-1eb1-4f37-b003-267572525934@group-D40A05E2FCF9-SegmentedRaftLog:OPENED:c-1,f-1,i0, conf=-1: [399079f7-1eb1-4f37-b003-267572525934:192.168.164.241:37762, 7a43c46a-fc88-4b2d-b2da-ae029cfa60ff:192.168.164.241:43684, 6c5c38af-62e6-4ea7-a24a-078dcb28fb39:192.168.164.241:45428], old=null
2019-10-20 18:18:51,783 [399079f7-1eb1-4f37-b003-267572525934@group-D40A05E2FCF9-LeaderElection322] INFO  impl.RaftServerImpl (RaftServerImpl.java:setRole(184)) - 399079f7-1eb1-4f37-b003-267572525934@group-D40A05E2FCF9: changes role from CANDIDATE to FOLLOWER at term 181 for DISCOVERED_A_NEW_TERM
2019-10-20 18:18:51,783 [399079f7-1eb1-4f37-b003-267572525934@group-D40A05E2FCF9-LeaderElection322] INFO  impl.RoleInfo (RoleInfo.java:shutdownLeaderElection(134)) - 399079f7-1eb1-4f37-b003-267572525934: shutdown LeaderElection
2019-10-20 18:18:51,784 [399079f7-1eb1-4f37-b003-267572525934@group-D40A05E2FCF9-LeaderElection322] INFO  impl.RoleInfo (RoleInfo.java:updateAndGet(143)) - 399079f7-1eb1-4f37-b003-267572525934: start FollowerState
2019-10-20 18:18:51,839 [Thread-2656] INFO  impl.FollowerState (FollowerState.java:run(108)) - b75f8b2e-6273-4c97-b7c5-042674931d23@group-F11756C8BA4A-FollowerState: change to CANDIDATE, lastRpcTime:199ms, electionTimeout:199ms
2019-10-20 18:18:51,839 [Thread-2656] INFO  impl.RoleInfo (RoleInfo.java:shutdownFollowerState(121)) - b75f8b2e-6273-4c97-b7c5-042674931d23: shutdown FollowerState
2019-10-20 18:18:51,839 [Thread-2656] INFO  impl.RaftServerImpl (RaftServerImpl.java:setRole(184)) - b75f8b2e-6273-4c97-b7c5-042674931d23@group-F11756C8BA4A: changes role from  FOLLOWER to CANDIDATE at term 180 for changeToCandidate
2019-10-20 18:18:51,840 [Thread-2656] INFO  impl.RoleInfo (RoleInfo.java:updateAndGet(143)) - b75f8b2e-6273-4c97-b7c5-042674931d23: start LeaderElection
2019-10-20 18:18:51,867 [b75f8b2e-6273-4c97-b7c5-042674931d23@group-F11756C8BA4A-LeaderElection323] INFO  impl.LeaderElection (LeaderElection.java:askForVotes(178)) - b75f8b2e-6273-4c97-b7c5-042674931d23@group-F11756C8BA4A-LeaderElection323: begin an election at term 181 for -1: [6ef27e9c-8ddb-4fa1-8c14-ab102acfb1b8:192.168.164.241:38092, b75f8b2e-6273-4c97-b7c5-042674931d23:192.168.164.241:41857, 3750b3a2-715b-46b3-9d0c-9e38136244b9:192.168.164.241:46227], old=null
2019-10-20 18:18:51,869 [grpc-default-executor-5] INFO  impl.RaftServerImpl (RaftServerImpl.java:setRole(184)) - 6ef27e9c-8ddb-4fa1-8c14-ab102acfb1b8@group-F11756C8BA4A: changes role from  FOLLOWER to FOLLOWER at term 181 for recognizeCandidate:b75f8b2e-6273-4c97-b7c5-042674931d23
2019-10-20 18:18:51,869 [grpc-default-executor-5] INFO  impl.RoleInfo (RoleInfo.java:shutdownFollowerState(121)) - 6ef27e9c-8ddb-4fa1-8c14-ab102acfb1b8: shutdown FollowerState
2019-10-20 18:18:51,869 [grpc-default-executor-4] INFO  impl.RaftServerImpl (RaftServerImpl.java:setRole(184)) - 3750b3a2-715b-46b3-9d0c-9e38136244b9@group-F11756C8BA4A: changes role from  FOLLOWER to FOLLOWER at term 181 for recognizeCandidate:b75f8b2e-6273-4c97-b7c5-042674931d23
2019-10-20 18:18:51,869 [grpc-default-executor-4] INFO  impl.RoleInfo (RoleInfo.java:shutdownFollowerState(121)) - 3750b3a2-715b-46b3-9d0c-9e38136244b9: shutdown FollowerState
2019-10-20 18:18:51,869 [Thread-2650] INFO  impl.FollowerState (FollowerState.java:run(117)) - 6ef27e9c-8ddb-4fa1-8c14-ab102acfb1b8@group-F11756C8BA4A-FollowerState was interrupted: java.lang.InterruptedException: sleep interrupted
2019-10-20 18:18:51,869 [grpc-default-executor-5] INFO  impl.RoleInfo (RoleInfo.java:updateAndGet(143)) - 6ef27e9c-8ddb-4fa1-8c14-ab102acfb1b8: start FollowerState
2019-10-20 18:18:51,870 [Thread-2651] INFO  impl.FollowerState (FollowerState.java:run(117)) - 3750b3a2-715b-46b3-9d0c-9e38136244b9@group-F11756C8BA4A-FollowerState was interrupted: java.lang.InterruptedException: sleep interrupted
2019-10-20 18:18:51,870 [grpc-default-executor-4] INFO  impl.RoleInfo (RoleInfo.java:updateAndGet(143)) - 3750b3a2-715b-46b3-9d0c-9e38136244b9: start FollowerState
2019-10-20 18:18:51,893 [b75f8b2e-6273-4c97-b7c5-042674931d23@group-F11756C8BA4A-LeaderElection323] INFO  impl.LeaderElection (LeaderElection.java:logAndReturn(56)) - b75f8b2e-6273-4c97-b7c5-042674931d23@group-F11756C8BA4A-LeaderElection323: Election REJECTED; received 2 response(s) [b75f8b2e-6273-4c97-b7c5-042674931d23<-6ef27e9c-8ddb-4fa1-8c14-ab102acfb1b8#0:FAIL-t181, b75f8b2e-6273-4c97-b7c5-042674931d23<-3750b3a2-715b-46b3-9d0c-9e38136244b9#0:FAIL-t181] and 0 exception(s); b75f8b2e-6273-4c97-b7c5-042674931d23@group-F11756C8BA4A:t181, leader=null, voted=b75f8b2e-6273-4c97-b7c5-042674931d23, raftlog=b75f8b2e-6273-4c97-b7c5-042674931d23@group-F11756C8BA4A-SegmentedRaftLog:OPENED:c-1,f-1,i0, conf=-1: [6ef27e9c-8ddb-4fa1-8c14-ab102acfb1b8:192.168.164.241:38092, b75f8b2e-6273-4c97-b7c5-042674931d23:192.168.164.241:41857, 3750b3a2-715b-46b3-9d0c-9e38136244b9:192.168.164.241:46227], old=null
2019-10-20 18:18:51,893 [b75f8b2e-6273-4c97-b7c5-042674931d23@group-F11756C8BA4A-LeaderElection323] INFO  impl.RaftServerImpl (RaftServerImpl.java:setRole(184)) - b75f8b2e-6273-4c97-b7c5-042674931d23@group-F11756C8BA4A: changes role from CANDIDATE to FOLLOWER at term 181 for DISCOVERED_A_NEW_TERM
2019-10-20 18:18:51,894 [b75f8b2e-6273-4c97-b7c5-042674931d23@group-F11756C8BA4A-LeaderElection323] INFO  impl.RoleInfo (RoleInfo.java:shutdownLeaderElection(134)) - b75f8b2e-6273-4c97-b7c5-042674931d23: shutdown LeaderElection
2019-10-20 18:18:51,894 [b75f8b2e-6273-4c97-b7c5-042674931d23@group-F11756C8BA4A-LeaderElection323] INFO  impl.RoleInfo (RoleInfo.java:updateAndGet(143)) - b75f8b2e-6273-4c97-b7c5-042674931d23: start FollowerState
2019-10-20 18:18:51,961 [Thread-2663] INFO  impl.FollowerState (FollowerState.java:run(108)) - 399079f7-1eb1-4f37-b003-267572525934@group-D40A05E2FCF9-FollowerState: change to CANDIDATE, lastRpcTime:177ms, electionTimeout:177ms
2019-10-20 18:18:51,961 [Thread-2663] INFO  impl.RoleInfo (RoleInfo.java:shutdownFollowerState(121)) - 399079f7-1eb1-4f37-b003-267572525934: shutdown FollowerState
2019-10-20 18:18:51,961 [Thread-2663] INFO  impl.RaftServerImpl (RaftServerImpl.java:setRole(184)) - 399079f7-1eb1-4f37-b003-267572525934@group-D40A05E2FCF9: changes role from  FOLLOWER to CANDIDATE at term 181 for changeToCandidate
2019-10-20 18:18:51,961 [Thread-2663] INFO  impl.RoleInfo (RoleInfo.java:updateAndGet(143)) - 399079f7-1eb1-4f37-b003-267572525934: start LeaderElection
2019-10-20 18:18:51,985 [399079f7-1eb1-4f37-b003-267572525934@group-D40A05E2FCF9-LeaderElection324] INFO  impl.LeaderElection (LeaderElection.java:askForVotes(178)) - 399079f7-1eb1-4f37-b003-267572525934@group-D40A05E2FCF9-LeaderElection324: begin an election at term 182 for -1: [399079f7-1eb1-4f37-b003-267572525934:192.168.164.241:37762, 7a43c46a-fc88-4b2d-b2da-ae029cfa60ff:192.168.164.241:43684, 6c5c38af-62e6-4ea7-a24a-078dcb28fb39:192.168.164.241:45428], old=null
2019-10-20 18:18:51,987 [grpc-default-executor-4] INFO  impl.RaftServerImpl (RaftServerImpl.java:setRole(184)) - 6c5c38af-62e6-4ea7-a24a-078dcb28fb39@group-D40A05E2FCF9: changes role from  FOLLOWER to FOLLOWER at term 182 for recognizeCandidate:399079f7-1eb1-4f37-b003-267572525934
2019-10-20 18:18:51,987 [grpc-default-executor-5] INFO  impl.RaftServerImpl (RaftServerImpl.java:setRole(184)) - 7a43c46a-fc88-4b2d-b2da-ae029cfa60ff@group-D40A05E2FCF9: changes role from  FOLLOWER to FOLLOWER at term 182 for recognizeCandidate:399079f7-1eb1-4f37-b003-267572525934
2019-10-20 18:18:51,988 [grpc-default-executor-5] INFO  impl.RoleInfo (RoleInfo.java:shutdownFollowerState(121)) - 7a43c46a-fc88-4b2d-b2da-ae029cfa60ff: shutdown FollowerState
2019-10-20 18:18:51,987 [grpc-default-executor-4] INFO  impl.RoleInfo (RoleInfo.java:shutdownFollowerState(121)) - 6c5c38af-62e6-4ea7-a24a-078dcb28fb39: shutdown FollowerState
2019-10-20 18:18:51,988 [Thread-2661] INFO  impl.FollowerState (FollowerState.java:run(117)) - 7a43c46a-fc88-4b2d-b2da-ae029cfa60ff@group-D40A05E2FCF9-FollowerState was interrupted: java.lang.InterruptedException: sleep interrupted
2019-10-20 18:18:51,988 [grpc-default-executor-5] INFO  impl.RoleInfo (RoleInfo.java:updateAndGet(143)) - 7a43c46a-fc88-4b2d-b2da-ae029cfa60ff: start FollowerState
2019-10-20 18:18:51,988 [Thread-2662] INFO  impl.FollowerState (FollowerState.java:run(117)) - 6c5c38af-62e6-4ea7-a24a-078dcb28fb39@group-D40A05E2FCF9-FollowerState was interrupted: java.lang.InterruptedException: sleep interrupted
2019-10-20 18:18:51,988 [grpc-default-executor-4] INFO  impl.RoleInfo (RoleInfo.java:updateAndGet(143)) - 6c5c38af-62e6-4ea7-a24a-078dcb28fb39: start FollowerState
2019-10-20 18:18:52,004 [399079f7-1eb1-4f37-b003-267572525934@group-D40A05E2FCF9-LeaderElection324] INFO  impl.LeaderElection (LeaderElection.java:logAndReturn(56)) - 399079f7-1eb1-4f37-b003-267572525934@group-D40A05E2FCF9-LeaderElection324: Election REJECTED; received 2 response(s) [399079f7-1eb1-4f37-b003-267572525934<-7a43c46a-fc88-4b2d-b2da-ae029cfa60ff#0:FAIL-t182, 399079f7-1eb1-4f37-b003-267572525934<-6c5c38af-62e6-4ea7-a24a-078dcb28fb39#0:FAIL-t182] and 0 exception(s); 399079f7-1eb1-4f37-b003-267572525934@group-D40A05E2FCF9:t182, leader=null, voted=399079f7-1eb1-4f37-b003-267572525934, raftlog=399079f7-1eb1-4f37-b003-267572525934@group-D40A05E2FCF9-SegmentedRaftLog:OPENED:c-1,f-1,i0, conf=-1: [399079f7-1eb1-4f37-b003-267572525934:192.168.164.241:37762, 7a43c46a-fc88-4b2d-b2da-ae029cfa60ff:192.168.164.241:43684, 6c5c38af-62e6-4ea7-a24a-078dcb28fb39:192.168.164.241:45428], old=null
2019-10-20 18:18:52,004 [399079f7-1eb1-4f37-b003-267572525934@group-D40A05E2FCF9-LeaderElection324] INFO  impl.RaftServerImpl (RaftServerImpl.java:setRole(184)) - 399079f7-1eb1-4f37-b003-267572525934@group-D40A05E2FCF9: changes role from CANDIDATE to FOLLOWER at term 182 for DISCOVERED_A_NEW_TERM
2019-10-20 18:18:52,004 [399079f7-1eb1-4f37-b003-267572525934@group-D40A05E2FCF9-LeaderElection324] INFO  impl.RoleInfo (RoleInfo.java:shutdownLeaderElection(134)) - 399079f7-1eb1-4f37-b003-267572525934: shutdown LeaderElection
2019-10-20 18:18:52,004 [399079f7-1eb1-4f37-b003-267572525934@group-D40A05E2FCF9-LeaderElection324] INFO  impl.RoleInfo (RoleInfo.java:updateAndGet(143)) - 399079f7-1eb1-4f37-b003-267572525934: start FollowerState
2019-10-20 18:18:52,084 [Thread-2669] INFO  impl.FollowerState (FollowerState.java:run(108)) - b75f8b2e-6273-4c97-b7c5-042674931d23@group-F11756C8BA4A-FollowerState: change to CANDIDATE, lastRpcTime:190ms, electionTimeout:190ms
2019-10-20 18:18:52,084 [Thread-2669] INFO  impl.RoleInfo (RoleInfo.java:shutdownFollowerState(121)) - b75f8b2e-6273-4c97-b7c5-042674931d23: shutdown FollowerState
2019-10-20 18:18:52,084 [Thread-2669] INFO  impl.RaftServerImpl (RaftServerImpl.java:setRole(184)) - b75f8b2e-6273-4c97-b7c5-042674931d23@group-F11756C8BA4A: changes role from  FOLLOWER to CANDIDATE at term 181 for changeToCandidate
2019-10-20 18:18:52,084 [Thread-2669] INFO  impl.RoleInfo (RoleInfo.java:updateAndGet(143)) - b75f8b2e-6273-4c97-b7c5-042674931d23: start LeaderElection
2019-10-20 18:18:52,099 [Thread-2675] INFO  impl.FollowerState (FollowerState.java:run(108)) - 399079f7-1eb1-4f37-b003-267572525934@group-D40A05E2FCF9-FollowerState: change to CANDIDATE, lastRpcTime:95ms, electionTimeout:95ms
2019-10-20 18:18:52,100 [Thread-2675] INFO  impl.RoleInfo (RoleInfo.java:shutdownFollowerState(121)) - 399079f7-1eb1-4f37-b003-267572525934: shutdown FollowerState
2019-10-20 18:18:52,100 [Thread-2675] INFO  impl.RaftServerImpl (RaftServerImpl.java:setRole(184)) - 399079f7-1eb1-4f37-b003-267572525934@group-D40A05E2FCF9: changes role from  FOLLOWER to CANDIDATE at term 182 for changeToCandidate
2019-10-20 18:18:52,100 [Thread-2675] INFO  impl.RoleInfo (RoleInfo.java:updateAndGet(143)) - 399079f7-1eb1-4f37-b003-267572525934: start LeaderElection
2019-10-20 18:18:52,114 [b75f8b2e-6273-4c97-b7c5-042674931d23@group-F11756C8BA4A-LeaderElection325] INFO  impl.LeaderElection (LeaderElection.java:askForVotes(178)) - b75f8b2e-6273-4c97-b7c5-042674931d23@group-F11756C8BA4A-LeaderElection325: begin an election at term 182 for -1: [6ef27e9c-8ddb-4fa1-8c14-ab102acfb1b8:192.168.164.241:38092, b75f8b2e-6273-4c97-b7c5-042674931d23:192.168.164.241:41857, 3750b3a2-715b-46b3-9d0c-9e38136244b9:192.168.164.241:46227], old=null
2019-10-20 18:18:52,116 [grpc-default-executor-5] INFO  impl.RaftServerImpl (RaftServerImpl.java:setRole(184)) - 6ef27e9c-8ddb-4fa1-8c14-ab102acfb1b8@group-F11756C8BA4A: changes role from  FOLLOWER to FOLLOWER at term 182 for recognizeCandidate:b75f8b2e-6273-4c97-b7c5-042674931d23
2019-10-20 18:18:52,116 [grpc-default-executor-5] INFO  impl.RoleInfo (RoleInfo.java:shutdownFollowerState(121)) - 6ef27e9c-8ddb-4fa1-8c14-ab102acfb1b8: shutdown FollowerState
2019-10-20 18:18:52,116 [grpc-default-executor-4] INFO  impl.RaftServerImpl (RaftServerImpl.java:setRole(184)) - 3750b3a2-715b-46b3-9d0c-9e38136244b9@group-F11756C8BA4A: changes role from  FOLLOWER to FOLLOWER at term 182 for recognizeCandidate:b75f8b2e-6273-4c97-b7c5-042674931d23
2019-10-20 18:18:52,116 [grpc-default-executor-4] INFO  impl.RoleInfo (RoleInfo.java:shutdownFollowerState(121)) - 3750b3a2-715b-46b3-9d0c-9e38136244b9: shutdown FollowerState
2019-10-20 18:18:52,116 [Thread-2667] INFO  impl.FollowerState (FollowerState.java:run(117)) - 6ef27e9c-8ddb-4fa1-8c14-ab102acfb1b8@group-F11756C8BA4A-FollowerState was interrupted: java.lang.InterruptedException: sleep interrupted
2019-10-20 18:18:52,116 [grpc-default-executor-5] INFO  impl.RoleInfo (RoleInfo.java:updateAndGet(143)) - 6ef27e9c-8ddb-4fa1-8c14-ab102acfb1b8: start FollowerState
2019-10-20 18:18:52,117 [grpc-default-executor-4] INFO  impl.RoleInfo (RoleInfo.java:updateAndGet(143)) - 3750b3a2-715b-46b3-9d0c-9e38136244b9: start FollowerState
2019-10-20 18:18:52,117 [Thread-2668] INFO  impl.FollowerState (FollowerState.java:run(117)) - 3750b3a2-715b-46b3-9d0c-9e38136244b9@group-F11756C8BA4A-FollowerState was interrupted: java.lang.InterruptedException: sleep interrupted
2019-10-20 18:18:52,132 [399079f7-1eb1-4f37-b003-267572525934@group-D40A05E2FCF9-LeaderElection326] INFO  impl.LeaderElection (LeaderElection.java:askForVotes(178)) - 399079f7-1eb1-4f37-b003-267572525934@group-D40A05E2FCF9-LeaderElection326: begin an election at term 183 for -1: [399079f7-1eb1-4f37-b003-267572525934:192.168.164.241:37762, 7a43c46a-fc88-4b2d-b2da-ae029cfa60ff:192.168.164.241:43684, 6c5c38af-62e6-4ea7-a24a-078dcb28fb39:192.168.164.241:45428], old=null
2019-10-20 18:18:52,133 [grpc-default-executor-7] INFO  impl.RaftServerImpl (RaftServerImpl.java:setRole(184)) - 7a43c46a-fc88-4b2d-b2da-ae029cfa60ff@group-D40A05E2FCF9: changes role from  FOLLOWER to FOLLOWER at term 183 for recognizeCandidate:399079f7-1eb1-4f37-b003-267572525934
2019-10-20 18:18:52,133 [grpc-default-executor-7] INFO  impl.RoleInfo (RoleInfo.java:shutdownFollowerState(121)) - 7a43c46a-fc88-4b2d-b2da-ae029cfa60ff: shutdown FollowerState
2019-10-20 18:18:52,133 [grpc-default-executor-3] INFO  impl.RaftServerImpl (RaftServerImpl.java:setRole(184)) - 6c5c38af-62e6-4ea7-a24a-078dcb28fb39@group-D40A05E2FCF9: changes role from  FOLLOWER to FOLLOWER at term 183 for recognizeCandidate:399079f7-1eb1-4f37-b003-267572525934
2019-10-20 18:18:52,133 [Thread-2673] INFO  impl.FollowerState (FollowerState.java:run(117)) - 7a43c46a-fc88-4b2d-b2da-ae029cfa60ff@group-D40A05E2FCF9-FollowerState was interrupted: java.lang.InterruptedException: sleep interrupted
2019-10-20 18:18:52,133 [grpc-default-executor-7] INFO  impl.RoleInfo (RoleInfo.java:updateAndGet(143)) - 7a43c46a-fc88-4b2d-b2da-ae029cfa60ff: start FollowerState
2019-10-20 18:18:52,133 [grpc-default-executor-3] INFO  impl.RoleInfo (RoleInfo.java:shutdownFollowerState(121)) - 6c5c38af-62e6-4ea7-a24a-078dcb28fb39: shutdown FollowerState
2019-10-20 18:18:52,134 [grpc-default-executor-3] INFO  impl.RoleInfo (RoleInfo.java:updateAndGet(143)) - 6c5c38af-62e6-4ea7-a24a-078dcb28fb39: start FollowerState
2019-10-20 18:18:52,134 [Thread-2674] INFO  impl.FollowerState (FollowerState.java:run(117)) - 6c5c38af-62e6-4ea7-a24a-078dcb28fb39@group-D40A05E2FCF9-FollowerState was interrupted: java.lang.InterruptedException: sleep interrupted
2019-10-20 18:18:52,134 [b75f8b2e-6273-4c97-b7c5-042674931d23@group-F11756C8BA4A-LeaderElection325] INFO  impl.LeaderElection (LeaderElection.java:logAndReturn(56)) - b75f8b2e-6273-4c97-b7c5-042674931d23@group-F11756C8BA4A-LeaderElection325: Election TIMEOUT; received 0 response(s) [] and 0 exception(s); b75f8b2e-6273-4c97-b7c5-042674931d23@group-F11756C8BA4A:t182, leader=null, voted=b75f8b2e-6273-4c97-b7c5-042674931d23, raftlog=b75f8b2e-6273-4c97-b7c5-042674931d23@group-F11756C8BA4A-SegmentedRaftLog:OPENED:c-1,f-1,i0, conf=-1: [6ef27e9c-8ddb-4fa1-8c14-ab102acfb1b8:192.168.164.241:38092, b75f8b2e-6273-4c97-b7c5-042674931d23:192.168.164.241:41857, 3750b3a2-715b-46b3-9d0c-9e38136244b9:192.168.164.241:46227], old=null
2019-10-20 18:18:52,216 [b75f8b2e-6273-4c97-b7c5-042674931d23@group-F11756C8BA4A-LeaderElection325] INFO  impl.LeaderElection (LeaderElection.java:askForVotes(178)) - b75f8b2e-6273-4c97-b7c5-042674931d23@group-F11756C8BA4A-LeaderElection325: begin an election at term 183 for -1: [6ef27e9c-8ddb-4fa1-8c14-ab102acfb1b8:192.168.164.241:38092, b75f8b2e-6273-4c97-b7c5-042674931d23:192.168.164.241:41857, 3750b3a2-715b-46b3-9d0c-9e38136244b9:192.168.164.241:46227], old=null
2019-10-20 18:18:52,217 [399079f7-1eb1-4f37-b003-267572525934@group-D40A05E2FCF9-LeaderElection326] INFO  impl.LeaderElection (LeaderElection.java:logAndReturn(56)) - 399079f7-1eb1-4f37-b003-267572525934@group-D40A05E2FCF9-LeaderElection326: Election REJECTED; received 2 response(s) [399079f7-1eb1-4f37-b003-267572525934<-7a43c46a-fc88-4b2d-b2da-ae029cfa60ff#0:FAIL-t183, 399079f7-1eb1-4f37-b003-267572525934<-6c5c38af-62e6-4ea7-a24a-078dcb28fb39#0:FAIL-t183] and 0 exception(s); 399079f7-1eb1-4f37-b003-267572525934@group-D40A05E2FCF9:t183, leader=null, voted=399079f7-1eb1-4f37-b003-267572525934, raftlog=399079f7-1eb1-4f37-b003-267572525934@group-D40A05E2FCF9-SegmentedRaftLog:OPENED:c-1,f-1,i0, conf=-1: [399079f7-1eb1-4f37-b003-267572525934:192.168.164.241:37762, 7a43c46a-fc88-4b2d-b2da-ae029cfa60ff:192.168.164.241:43684, 6c5c38af-62e6-4ea7-a24a-078dcb28fb39:192.168.164.241:45428], old=null
2019-10-20 18:18:52,217 [399079f7-1eb1-4f37-b003-267572525934@group-D40A05E2FCF9-LeaderElection326] INFO  impl.RaftServerImpl (RaftServerImpl.java:setRole(184)) - 399079f7-1eb1-4f37-b003-267572525934@group-D40A05E2FCF9: changes role from CANDIDATE to FOLLOWER at term 183 for DISCOVERED_A_NEW_TERM
2019-10-20 18:18:52,217 [399079f7-1eb1-4f37-b003-267572525934@group-D40A05E2FCF9-LeaderElection326] INFO  impl.RoleInfo (RoleInfo.java:shutdownLeaderElection(134)) - 399079f7-1eb1-4f37-b003-267572525934: shutdown LeaderElection
2019-10-20 18:18:52,218 [399079f7-1eb1-4f37-b003-267572525934@group-D40A05E2FCF9-LeaderElection326] INFO  impl.RoleInfo (RoleInfo.java:updateAndGet(143)) - 399079f7-1eb1-4f37-b003-267572525934: start FollowerState
2019-10-20 18:18:52,218 [grpc-default-executor-3] INFO  impl.RaftServerImpl (RaftServerImpl.java:setRole(184)) - 6ef27e9c-8ddb-4fa1-8c14-ab102acfb1b8@group-F11756C8BA4A: changes role from  FOLLOWER to FOLLOWER at term 183 for recognizeCandidate:b75f8b2e-6273-4c97-b7c5-042674931d23
2019-10-20 18:18:52,218 [grpc-default-executor-3] INFO  impl.RoleInfo (RoleInfo.java:shutdownFollowerState(121)) - 6ef27e9c-8ddb-4fa1-8c14-ab102acfb1b8: shutdown FollowerState
2019-10-20 18:18:52,218 [grpc-default-executor-7] INFO  impl.RaftServerImpl (RaftServerImpl.java:setRole(184)) - 3750b3a2-715b-46b3-9d0c-9e38136244b9@group-F11756C8BA4A: changes role from  FOLLOWER to FOLLOWER at term 183 for recognizeCandidate:b75f8b2e-6273-4c97-b7c5-042674931d23
2019-10-20 18:18:52,218 [grpc-default-executor-7] INFO  impl.RoleInfo (RoleInfo.java:shutdownFollowerState(121)) - 3750b3a2-715b-46b3-9d0c-9e38136244b9: shutdown FollowerState
2019-10-20 18:18:52,218 [Thread-2682] INFO  impl.FollowerState (FollowerState.java:run(117)) - 6ef27e9c-8ddb-4fa1-8c14-ab102acfb1b8@group-F11756C8BA4A-FollowerState was interrupted: java.lang.InterruptedException: sleep interrupted
2019-10-20 18:18:52,219 [Thread-2683] INFO  impl.FollowerState (FollowerState.java:run(117)) - 3750b3a2-715b-46b3-9d0c-9e38136244b9@group-F11756C8BA4A-FollowerState was interrupted: java.lang.InterruptedException: sleep interrupted
2019-10-20 18:18:52,218 [grpc-default-executor-3] INFO  impl.RoleInfo (RoleInfo.java:updateAndGet(143)) - 6ef27e9c-8ddb-4fa1-8c14-ab102acfb1b8: start FollowerState
2019-10-20 18:18:52,219 [grpc-default-executor-7] INFO  impl.RoleInfo (RoleInfo.java:updateAndGet(143)) - 3750b3a2-715b-46b3-9d0c-9e38136244b9: start FollowerState
2019-10-20 18:18:52,220 [b75f8b2e-6273-4c97-b7c5-042674931d23@group-F11756C8BA4A-LeaderElection325] INFO  impl.LeaderElection (LeaderElection.java:logAndReturn(56)) - b75f8b2e-6273-4c97-b7c5-042674931d23@group-F11756C8BA4A-LeaderElection325: Election TIMEOUT; received 0 response(s) [] and 0 exception(s); b75f8b2e-6273-4c97-b7c5-042674931d23@group-F11756C8BA4A:t183, leader=null, voted=b75f8b2e-6273-4c97-b7c5-042674931d23, raftlog=b75f8b2e-6273-4c97-b7c5-042674931d23@group-F11756C8BA4A-SegmentedRaftLog:OPENED:c-1,f-1,i0, conf=-1: [6ef27e9c-8ddb-4fa1-8c14-ab102acfb1b8:192.168.164.241:38092, b75f8b2e-6273-4c97-b7c5-042674931d23:192.168.164.241:41857, 3750b3a2-715b-46b3-9d0c-9e38136244b9:192.168.164.241:46227], old=null
2019-10-20 18:18:52,227 [Thread-2690] INFO  impl.FollowerState (FollowerState.java:run(108)) - 399079f7-1eb1-4f37-b003-267572525934@group-D40A05E2FCF9-FollowerState: change to CANDIDATE, lastRpcTime:9ms, electionTimeout:9ms
2019-10-20 18:18:52,227 [Thread-2690] INFO  impl.RoleInfo (RoleInfo.java:shutdownFollowerState(121)) - 399079f7-1eb1-4f37-b003-267572525934: shutdown FollowerState
2019-10-20 18:18:52,227 [Thread-2690] INFO  impl.RaftServerImpl (RaftServerImpl.java:setRole(184)) - 399079f7-1eb1-4f37-b003-267572525934@group-D40A05E2FCF9: changes role from  FOLLOWER to CANDIDATE at term 183 for changeToCandidate
2019-10-20 18:18:52,227 [Thread-2690] INFO  impl.RoleInfo (RoleInfo.java:updateAndGet(143)) - 399079f7-1eb1-4f37-b003-267572525934: start LeaderElection
2019-10-20 18:18:52,242 [399079f7-1eb1-4f37-b003-267572525934@group-D40A05E2FCF9-LeaderElection327] INFO  impl.LeaderElection (LeaderElection.java:askForVotes(178)) - 399079f7-1eb1-4f37-b003-267572525934@group-D40A05E2FCF9-LeaderElection327: begin an election at term 184 for -1: [399079f7-1eb1-4f37-b003-267572525934:192.168.164.241:37762, 7a43c46a-fc88-4b2d-b2da-ae029cfa60ff:192.168.164.241:43684, 6c5c38af-62e6-4ea7-a24a-078dcb28fb39:192.168.164.241:45428], old=null
2019-10-20 18:18:52,242 [b75f8b2e-6273-4c97-b7c5-042674931d23@group-F11756C8BA4A-LeaderElection325] INFO  impl.LeaderElection (LeaderElection.java:askForVotes(178)) - b75f8b2e-6273-4c97-b7c5-042674931d23@group-F11756C8BA4A-LeaderElection325: begin an election at term 184 for -1: [6ef27e9c-8ddb-4fa1-8c14-ab102acfb1b8:192.168.164.241:38092, b75f8b2e-6273-4c97-b7c5-042674931d23:192.168.164.241:41857, 3750b3a2-715b-46b3-9d0c-9e38136244b9:192.168.164.241:46227], old=null
2019-10-20 18:18:52,244 [grpc-default-executor-7] INFO  impl.RaftServerImpl (RaftServerImpl.java:setRole(184)) - 7a43c46a-fc88-4b2d-b2da-ae029cfa60ff@group-D40A05E2FCF9: changes role from  FOLLOWER to FOLLOWER at term 184 for recognizeCandidate:399079f7-1eb1-4f37-b003-267572525934
2019-10-20 18:18:52,244 [grpc-default-executor-7] INFO  impl.RoleInfo (RoleInfo.java:shutdownFollowerState(121)) - 7a43c46a-fc88-4b2d-b2da-ae029cfa60ff: shutdown FollowerState
2019-10-20 18:18:52,244 [grpc-default-executor-7] INFO  impl.RoleInfo (RoleInfo.java:updateAndGet(143)) - 7a43c46a-fc88-4b2d-b2da-ae029cfa60ff: start FollowerState
2019-10-20 18:18:52,244 [Thread-2686] INFO  impl.FollowerState (FollowerState.java:run(117)) - 7a43c46a-fc88-4b2d-b2da-ae029cfa60ff@group-D40A05E2FCF9-FollowerState was interrupted: java.lang.InterruptedException: sleep interrupted
2019-10-20 18:18:52,244 [grpc-default-executor-3] INFO  impl.RaftServerImpl (RaftServerImpl.java:setRole(184)) - 3750b3a2-715b-46b3-9d0c-9e38136244b9@group-F11756C8BA4A: changes role from  FOLLOWER to FOLLOWER at term 184 for recognizeCandidate:b75f8b2e-6273-4c97-b7c5-042674931d23
2019-10-20 18:18:52,244 [grpc-default-executor-3] INFO  impl.RoleInfo (RoleInfo.java:shutdownFollowerState(121)) - 3750b3a2-715b-46b3-9d0c-9e38136244b9: shutdown FollowerState
2019-10-20 18:18:52,244 [grpc-default-executor-5] INFO  impl.RaftServerImpl (RaftServerImpl.java:setRole(184)) - 6c5c38af-62e6-4ea7-a24a-078dcb28fb39@group-D40A05E2FCF9: changes role from  FOLLOWER to FOLLOWER at term 184 for recognizeCandidate:399079f7-1eb1-4f37-b003-267572525934
2019-10-20 18:18:52,244 [grpc-default-executor-5] INFO  impl.RoleInfo (RoleInfo.java:shutdownFollowerState(121)) - 6c5c38af-62e6-4ea7-a24a-078dcb28fb39: shutdown FollowerState
2019-10-20 18:18:52,244 [grpc-default-executor-4] INFO  impl.RaftServerImpl (RaftServerImpl.java:setRole(184)) - 6ef27e9c-8ddb-4fa1-8c14-ab102acfb1b8@group-F11756C8BA4A: changes role from  FOLLOWER to FOLLOWER at term 184 for recognizeCandidate:b75f8b2e-6273-4c97-b7c5-042674931d23
2019-10-20 18:18:52,245 [Thread-2687] INFO  impl.FollowerState (FollowerState.java:run(117)) - 6c5c38af-62e6-4ea7-a24a-078dcb28fb39@group-D40A05E2FCF9-FollowerState was interrupted: java.lang.InterruptedException: sleep interrupted
2019-10-20 18:18:52,245 [grpc-default-executor-5] INFO  impl.RoleInfo (RoleInfo.java:updateAndGet(143)) - 6c5c38af-62e6-4ea7-a24a-078dcb28fb39: start FollowerState
2019-10-20 18:18:52,244 [Thread-2692] INFO  impl.FollowerState (FollowerState.java:run(117)) - 3750b3a2-715b-46b3-9d0c-9e38136244b9@group-F11756C8BA4A-FollowerState was interrupted: java.lang.InterruptedException: sleep interrupted
2019-10-20 18:18:52,244 [grpc-default-executor-3] INFO  impl.RoleInfo (RoleInfo.java:updateAndGet(143)) - 3750b3a2-715b-46b3-9d0c-9e38136244b9: start FollowerState
2019-10-20 18:18:52,245 [grpc-default-executor-4] INFO  impl.RoleInfo (RoleInfo.java:shutdownFollowerState(121)) - 6ef27e9c-8ddb-4fa1-8c14-ab102acfb1b8: shutdown FollowerState
2019-10-20 18:18:52,245 [grpc-default-executor-4] INFO  impl.RoleInfo (RoleInfo.java:updateAndGet(143)) - 6ef27e9c-8ddb-4fa1-8c14-ab102acfb1b8: start FollowerState
2019-10-20 18:18:52,245 [Thread-2691] INFO  impl.FollowerState (FollowerState.java:run(117)) - 6ef27e9c-8ddb-4fa1-8c14-ab102acfb1b8@group-F11756C8BA4A-FollowerState was interrupted: java.lang.InterruptedException: sleep interrupted
2019-10-20 18:18:52,251 [399079f7-1eb1-4f37-b003-267572525934@group-D40A05E2FCF9-LeaderElection327] INFO  impl.LeaderElection (LeaderElection.java:logAndReturn(56)) - 399079f7-1eb1-4f37-b003-267572525934@group-D40A05E2FCF9-LeaderElection327: Election TIMEOUT; received 0 response(s) [] and 0 exception(s); 399079f7-1eb1-4f37-b003-267572525934@group-D40A05E2FCF9:t184, leader=null, voted=399079f7-1eb1-4f37-b003-267572525934, raftlog=399079f7-1eb1-4f37-b003-267572525934@group-D40A05E2FCF9-SegmentedRaftLog:OPENED:c-1,f-1,i0, conf=-1: [399079f7-1eb1-4f37-b003-267572525934:192.168.164.241:37762, 7a43c46a-fc88-4b2d-b2da-ae029cfa60ff:192.168.164.241:43684, 6c5c38af-62e6-4ea7-a24a-078dcb28fb39:192.168.164.241:45428], old=null
2019-10-20 18:18:52,251 [b75f8b2e-6273-4c97-b7c5-042674931d23@group-F11756C8BA4A-LeaderElection325] INFO  impl.LeaderElection (LeaderElection.java:logAndReturn(56)) - b75f8b2e-6273-4c97-b7c5-042674931d23@group-F11756C8BA4A-LeaderElection325: Election TIMEOUT; received 0 response(s) [] and 0 exception(s); b75f8b2e-6273-4c97-b7c5-042674931d23@group-F11756C8BA4A:t184, leader=null, voted=b75f8b2e-6273-4c97-b7c5-042674931d23, raftlog=b75f8b2e-6273-4c97-b7c5-042674931d23@group-F11756C8BA4A-SegmentedRaftLog:OPENED:c-1,f-1,i0, conf=-1: [6ef27e9c-8ddb-4fa1-8c14-ab102acfb1b8:192.168.164.241:38092, b75f8b2e-6273-4c97-b7c5-042674931d23:192.168.164.241:41857, 3750b3a2-715b-46b3-9d0c-9e38136244b9:192.168.164.241:46227], old=null
2019-10-20 18:18:52,268 [b75f8b2e-6273-4c97-b7c5-042674931d23@group-F11756C8BA4A-LeaderElection325] INFO  impl.LeaderElection (LeaderElection.java:askForVotes(178)) - b75f8b2e-6273-4c97-b7c5-042674931d23@group-F11756C8BA4A-LeaderElection325: begin an election at term 185 for -1: [6ef27e9c-8ddb-4fa1-8c14-ab102acfb1b8:192.168.164.241:38092, b75f8b2e-6273-4c97-b7c5-042674931d23:192.168.164.241:41857, 3750b3a2-715b-46b3-9d0c-9e38136244b9:192.168.164.241:46227], old=null
2019-10-20 18:18:52,268 [399079f7-1eb1-4f37-b003-267572525934@group-D40A05E2FCF9-LeaderElection327] INFO  impl.LeaderElection (LeaderElection.java:askForVotes(178)) - 399079f7-1eb1-4f37-b003-267572525934@group-D40A05E2FCF9-LeaderElection327: begin an election at term 185 for -1: [399079f7-1eb1-4f37-b003-267572525934:192.168.164.241:37762, 7a43c46a-fc88-4b2d-b2da-ae029cfa60ff:192.168.164.241:43684, 6c5c38af-62e6-4ea7-a24a-078dcb28fb39:192.168.164.241:45428], old=null
2019-10-20 18:18:52,269 [grpc-default-executor-5] INFO  impl.RaftServerImpl (RaftServerImpl.java:setRole(184)) - 6ef27e9c-8ddb-4fa1-8c14-ab102acfb1b8@group-F11756C8BA4A: changes role from  FOLLOWER to FOLLOWER at term 185 for recognizeCandidate:b75f8b2e-6273-4c97-b7c5-042674931d23
2019-10-20 18:18:52,269 [grpc-default-executor-5] INFO  impl.RoleInfo (RoleInfo.java:shutdownFollowerState(121)) - 6ef27e9c-8ddb-4fa1-8c14-ab102acfb1b8: shutdown FollowerState
2019-10-20 18:18:52,269 [grpc-default-executor-4] INFO  impl.RaftServerImpl (RaftServerImpl.java:setRole(184)) - 3750b3a2-715b-46b3-9d0c-9e38136244b9@group-F11756C8BA4A: changes role from  FOLLOWER to FOLLOWER at term 185 for recognizeCandidate:b75f8b2e-6273-4c97-b7c5-042674931d23
2019-10-20 18:18:52,269 [grpc-default-executor-3] INFO  impl.RaftServerImpl (RaftServerImpl.java:setRole(184)) - 7a43c46a-fc88-4b2d-b2da-ae029cfa60ff@group-D40A05E2FCF9: changes role from  FOLLOWER to FOLLOWER at term 185 for recognizeCandidate:399079f7-1eb1-4f37-b003-267572525934
2019-10-20 18:18:52,270 [grpc-default-executor-3] INFO  impl.RoleInfo (RoleInfo.java:shutdownFollowerState(121)) - 7a43c46a-fc88-4b2d-b2da-ae029cfa60ff: shutdown FollowerState
2019-10-20 18:18:52,270 [grpc-default-executor-4] INFO  impl.RoleInfo (RoleInfo.java:shutdownFollowerState(121)) - 3750b3a2-715b-46b3-9d0c-9e38136244b9: shutdown FollowerState
2019-10-20 18:18:52,270 [grpc-default-executor-7] INFO  impl.RaftServerImpl (RaftServerImpl.java:setRole(184)) - 6c5c38af-62e6-4ea7-a24a-078dcb28fb39@group-D40A05E2FCF9: changes role from  FOLLOWER to FOLLOWER at term 185 for recognizeCandidate:399079f7-1eb1-4f37-b003-267572525934
2019-10-20 18:18:52,270 [grpc-default-executor-7] INFO  impl.RoleInfo (RoleInfo.java:shutdownFollowerState(121)) - 6c5c38af-62e6-4ea7-a24a-078dcb28fb39: shutdown FollowerState
2019-10-20 18:18:52,269 [Thread-2701] INFO  impl.FollowerState (FollowerState.java:run(117)) - 6ef27e9c-8ddb-4fa1-8c14-ab102acfb1b8@group-F11756C8BA4A-FollowerState was interrupted: java.lang.InterruptedException: sleep interrupted
2019-10-20 18:18:52,269 [grpc-default-executor-5] INFO  impl.RoleInfo (RoleInfo.java:updateAndGet(143)) - 6ef27e9c-8ddb-4fa1-8c14-ab102acfb1b8: start FollowerState
2019-10-20 18:18:52,270 [grpc-default-executor-7] INFO  impl.RoleInfo (RoleInfo.java:updateAndGet(143)) - 6c5c38af-62e6-4ea7-a24a-078dcb28fb39: start FollowerState
2019-10-20 18:18:52,270 [Thread-2700] INFO  impl.FollowerState (FollowerState.java:run(117)) - 6c5c38af-62e6-4ea7-a24a-078dcb28fb39@group-D40A05E2FCF9-FollowerState was interrupted: java.lang.InterruptedException: sleep interrupted
2019-10-20 18:18:52,270 [grpc-default-executor-4] INFO  impl.RoleInfo (RoleInfo.java:updateAndGet(143)) - 3750b3a2-715b-46b3-9d0c-9e38136244b9: start FollowerState
2019-10-20 18:18:52,270 [Thread-2699] INFO  impl.FollowerState (FollowerState.java:run(117)) - 3750b3a2-715b-46b3-9d0c-9e38136244b9@group-F11756C8BA4A-FollowerState was interrupted: java.lang.InterruptedException: sleep interrupted
2019-10-20 18:18:52,270 [Thread-2698] INFO  impl.FollowerState (FollowerState.java:run(117)) - 7a43c46a-fc88-4b2d-b2da-ae029cfa60ff@group-D40A05E2FCF9-FollowerState was interrupted: java.lang.InterruptedException: sleep interrupted
2019-10-20 18:18:52,270 [grpc-default-executor-3] INFO  impl.RoleInfo (RoleInfo.java:updateAndGet(143)) - 7a43c46a-fc88-4b2d-b2da-ae029cfa60ff: start FollowerState
2019-10-20 18:18:52,294 [399079f7-1eb1-4f37-b003-267572525934@group-D40A05E2FCF9-LeaderElection327] INFO  impl.LeaderElection (LeaderElection.java:logAndReturn(56)) - 399079f7-1eb1-4f37-b003-267572525934@group-D40A05E2FCF9-LeaderElection327: Election REJECTED; received 2 response(s) [399079f7-1eb1-4f37-b003-267572525934<-7a43c46a-fc88-4b2d-b2da-ae029cfa60ff#0:FAIL-t185, 399079f7-1eb1-4f37-b003-267572525934<-6c5c38af-62e6-4ea7-a24a-078dcb28fb39#0:FAIL-t185] and 0 exception(s); 399079f7-1eb1-4f37-b003-267572525934@group-D40A05E2FCF9:t185, leader=null, voted=399079f7-1eb1-4f37-b003-267572525934, raftlog=399079f7-1eb1-4f37-b003-267572525934@group-D40A05E2FCF9-SegmentedRaftLog:OPENED:c-1,f-1,i0, conf=-1: [399079f7-1eb1-4f37-b003-267572525934:192.168.164.241:37762, 7a43c46a-fc88-4b2d-b2da-ae029cfa60ff:192.168.164.241:43684, 6c5c38af-62e6-4ea7-a24a-078dcb28fb39:192.168.164.241:45428], old=null
2019-10-20 18:18:52,294 [b75f8b2e-6273-4c97-b7c5-042674931d23@group-F11756C8BA4A-LeaderElection325] INFO  impl.LeaderElection (LeaderElection.java:logAndReturn(56)) - b75f8b2e-6273-4c97-b7c5-042674931d23@group-F11756C8BA4A-LeaderElection325: Election REJECTED; received 2 response(s) [b75f8b2e-6273-4c97-b7c5-042674931d23<-6ef27e9c-8ddb-4fa1-8c14-ab102acfb1b8#0:FAIL-t185, b75f8b2e-6273-4c97-b7c5-042674931d23<-3750b3a2-715b-46b3-9d0c-9e38136244b9#0:FAIL-t185] and 0 exception(s); b75f8b2e-6273-4c97-b7c5-042674931d23@group-F11756C8BA4A:t185, leader=null, voted=b75f8b2e-6273-4c97-b7c5-042674931d23, raftlog=b75f8b2e-6273-4c97-b7c5-042674931d23@group-F11756C8BA4A-SegmentedRaftLog:OPENED:c-1,f-1,i0, conf=-1: [6ef27e9c-8ddb-4fa1-8c14-ab102acfb1b8:192.168.164.241:38092, b75f8b2e-6273-4c97-b7c5-042674931d23:192.168.164.241:41857, 3750b3a2-715b-46b3-9d0c-9e38136244b9:192.168.164.241:46227], old=null
2019-10-20 18:18:52,294 [399079f7-1eb1-4f37-b003-267572525934@group-D40A05E2FCF9-LeaderElection327] INFO  impl.RaftServerImpl (RaftServerImpl.java:setRole(184)) - 399079f7-1eb1-4f37-b003-267572525934@group-D40A05E2FCF9: changes role from CANDIDATE to FOLLOWER at term 185 for DISCOVERED_A_NEW_TERM
2019-10-20 18:18:52,294 [b75f8b2e-6273-4c97-b7c5-042674931d23@group-F11756C8BA4A-LeaderElection325] INFO  impl.RaftServerImpl (RaftServerImpl.java:setRole(184)) - b75f8b2e-6273-4c97-b7c5-042674931d23@group-F11756C8BA4A: changes role from CANDIDATE to FOLLOWER at term 185 for DISCOVERED_A_NEW_TERM
2019-10-20 18:18:52,295 [399079f7-1eb1-4f37-b003-267572525934@group-D40A05E2FCF9-LeaderElection327] INFO  impl.RoleInfo (RoleInfo.java:shutdownLeaderElection(134)) - 399079f7-1eb1-4f37-b003-267572525934: shutdown LeaderElection
2019-10-20 18:18:52,295 [b75f8b2e-6273-4c97-b7c5-042674931d23@group-F11756C8BA4A-LeaderElection325] INFO  impl.RoleInfo (RoleInfo.java:shutdownLeaderElection(134)) - b75f8b2e-6273-4c97-b7c5-042674931d23: shutdown LeaderElection
2019-10-20 18:18:52,295 [399079f7-1eb1-4f37-b003-267572525934@group-D40A05E2FCF9-LeaderElection327] INFO  impl.RoleInfo (RoleInfo.java:updateAndGet(143)) - 399079f7-1eb1-4f37-b003-267572525934: start FollowerState
2019-10-20 18:18:52,295 [b75f8b2e-6273-4c97-b7c5-042674931d23@group-F11756C8BA4A-LeaderElection325] INFO  impl.RoleInfo (RoleInfo.java:updateAndGet(143)) - b75f8b2e-6273-4c97-b7c5-042674931d23: start FollowerState
2019-10-20 18:18:52,408 [Thread-2711] INFO  impl.FollowerState (FollowerState.java:run(108)) - b75f8b2e-6273-4c97-b7c5-042674931d23@group-F11756C8BA4A-FollowerState: change to CANDIDATE, lastRpcTime:113ms, electionTimeout:113ms
2019-10-20 18:18:52,408 [Thread-2711] INFO  impl.RoleInfo (RoleInfo.java:shutdownFollowerState(121)) - b75f8b2e-6273-4c97-b7c5-042674931d23: shutdown FollowerState
2019-10-20 18:18:52,409 [Thread-2711] INFO  impl.RaftServerImpl (RaftServerImpl.java:setRole(184)) - b75f8b2e-6273-4c97-b7c5-042674931d23@group-F11756C8BA4A: changes role from  FOLLOWER to CANDIDATE at term 185 for changeToCandidate
2019-10-20 18:18:52,409 [Thread-2711] INFO  impl.RoleInfo (RoleInfo.java:updateAndGet(143)) - b75f8b2e-6273-4c97-b7c5-042674931d23: start LeaderElection
2019-10-20 18:18:52,409 [Thread-2710] INFO  impl.FollowerState (FollowerState.java:run(108)) - 399079f7-1eb1-4f37-b003-267572525934@group-D40A05E2FCF9-FollowerState: change to CANDIDATE, lastRpcTime:114ms, electionTimeout:114ms
2019-10-20 18:18:52,409 [Thread-2710] INFO  impl.RoleInfo (RoleInfo.java:shutdownFollowerState(121)) - 399079f7-1eb1-4f37-b003-267572525934: shutdown FollowerState
2019-10-20 18:18:52,409 [Thread-2710] INFO  impl.RaftServerImpl (RaftServerImpl.java:setRole(184)) - 399079f7-1eb1-4f37-b003-267572525934@group-D40A05E2FCF9: changes role from  FOLLOWER to CANDIDATE at term 185 for changeToCandidate
2019-10-20 18:18:52,410 [Thread-2710] INFO  impl.RoleInfo (RoleInfo.java:updateAndGet(143)) - 399079f7-1eb1-4f37-b003-267572525934: start LeaderElection
2019-10-20 18:18:52,438 [b75f8b2e-6273-4c97-b7c5-042674931d23@group-F11756C8BA4A-LeaderElection328] INFO  impl.LeaderElection (LeaderElection.java:askForVotes(178)) - b75f8b2e-6273-4c97-b7c5-042674931d23@group-F11756C8BA4A-LeaderElection328: begin an election at term 186 for -1: [6ef27e9c-8ddb-4fa1-8c14-ab102acfb1b8:192.168.164.241:38092, b75f8b2e-6273-4c97-b7c5-042674931d23:192.168.164.241:41857, 3750b3a2-715b-46b3-9d0c-9e38136244b9:192.168.164.241:46227], old=null
2019-10-20 18:18:52,438 [399079f7-1eb1-4f37-b003-267572525934@group-D40A05E2FCF9-LeaderElection329] INFO  impl.LeaderElection (LeaderElection.java:askForVotes(178)) - 399079f7-1eb1-4f37-b003-267572525934@group-D40A05E2FCF9-LeaderElection329: begin an election at term 186 for -1: [399079f7-1eb1-4f37-b003-267572525934:192.168.164.241:37762, 7a43c46a-fc88-4b2d-b2da-ae029cfa60ff:192.168.164.241:43684, 6c5c38af-62e6-4ea7-a24a-078dcb28fb39:192.168.164.241:45428], old=null
2019-10-20 18:18:52,440 [grpc-default-executor-4] INFO  impl.RaftServerImpl (RaftServerImpl.java:setRole(184)) - 6ef27e9c-8ddb-4fa1-8c14-ab102acfb1b8@group-F11756C8BA4A: changes role from  FOLLOWER to FOLLOWER at term 186 for recognizeCandidate:b75f8b2e-6273-4c97-b7c5-042674931d23
2019-10-20 18:18:52,440 [grpc-default-executor-3] INFO  impl.RaftServerImpl (RaftServerImpl.java:setRole(184)) - 3750b3a2-715b-46b3-9d0c-9e38136244b9@group-F11756C8BA4A: changes role from  FOLLOWER to FOLLOWER at term 186 for recognizeCandidate:b75f8b2e-6273-4c97-b7c5-042674931d23
2019-10-20 18:18:52,441 [grpc-default-executor-3] INFO  impl.RoleInfo (RoleInfo.java:shutdownFollowerState(121)) - 3750b3a2-715b-46b3-9d0c-9e38136244b9: shutdown FollowerState
2019-10-20 18:18:52,440 [grpc-default-executor-4] INFO  impl.RoleInfo (RoleInfo.java:shutdownFollowerState(121)) - 6ef27e9c-8ddb-4fa1-8c14-ab102acfb1b8: shutdown FollowerState
2019-10-20 18:18:52,440 [grpc-default-executor-7] INFO  impl.RaftServerImpl (RaftServerImpl.java:setRole(184)) - 7a43c46a-fc88-4b2d-b2da-ae029cfa60ff@group-D40A05E2FCF9: changes role from  FOLLOWER to FOLLOWER at term 186 for recognizeCandidate:399079f7-1eb1-4f37-b003-267572525934
2019-10-20 18:18:52,441 [grpc-default-executor-7] INFO  impl.RoleInfo (RoleInfo.java:shutdownFollowerState(121)) - 7a43c46a-fc88-4b2d-b2da-ae029cfa60ff: shutdown FollowerState
2019-10-20 18:18:52,441 [Thread-2706] INFO  impl.FollowerState (FollowerState.java:run(117)) - 6ef27e9c-8ddb-4fa1-8c14-ab102acfb1b8@group-F11756C8BA4A-FollowerState was interrupted: java.lang.InterruptedException: sleep interrupted
2019-10-20 18:18:52,441 [grpc-default-executor-4] INFO  impl.RoleInfo (RoleInfo.java:updateAndGet(143)) - 6ef27e9c-8ddb-4fa1-8c14-ab102acfb1b8: start FollowerState
2019-10-20 18:18:52,441 [Thread-2708] INFO  impl.FollowerState (FollowerState.java:run(117)) - 3750b3a2-715b-46b3-9d0c-9e38136244b9@group-F11756C8BA4A-FollowerState was interrupted: java.lang.InterruptedException: sleep interrupted
2019-10-20 18:18:52,441 [grpc-default-executor-10] INFO  impl.RaftServerImpl (RaftServerImpl.java:setRole(184)) - 6c5c38af-62e6-4ea7-a24a-078dcb28fb39@group-D40A05E2FCF9: changes role from  FOLLOWER to FOLLOWER at term 186 for recognizeCandidate:399079f7-1eb1-4f37-b003-267572525934
2019-10-20 18:18:52,442 [grpc-default-executor-10] INFO  impl.RoleInfo (RoleInfo.java:shutdownFollowerState(121)) - 6c5c38af-62e6-4ea7-a24a-078dcb28fb39: shutdown FollowerState
2019-10-20 18:18:52,441 [grpc-default-executor-3] INFO  impl.RoleInfo (RoleInfo.java:updateAndGet(143)) - 3750b3a2-715b-46b3-9d0c-9e38136244b9: start FollowerState
2019-10-20 18:18:52,442 [Thread-2709] INFO  impl.FollowerState (FollowerState.java:run(117)) - 6c5c38af-62e6-4ea7-a24a-078dcb28fb39@group-D40A05E2FCF9-FollowerState was interrupted: java.lang.InterruptedException: sleep interrupted
2019-10-20 18:18:52,442 [grpc-default-executor-10] INFO  impl.RoleInfo (RoleInfo.java:updateAndGet(143)) - 6c5c38af-62e6-4ea7-a24a-078dcb28fb39: start FollowerState
2019-10-20 18:18:52,441 [Thread-2707] INFO  impl.FollowerState (FollowerState.java:run(117)) - 7a43c46a-fc88-4b2d-b2da-ae029cfa60ff@group-D40A05E2FCF9-FollowerState was interrupted: java.lang.InterruptedException: sleep interrupted
2019-10-20 18:18:52,441 [grpc-default-executor-7] INFO  impl.RoleInfo (RoleInfo.java:updateAndGet(143)) - 7a43c46a-fc88-4b2d-b2da-ae029cfa60ff: start FollowerState
2019-10-20 18:18:52,458 [b75f8b2e-6273-4c97-b7c5-042674931d23@group-F11756C8BA4A-LeaderElection328] INFO  impl.LeaderElection (LeaderElection.java:logAndReturn(56)) - b75f8b2e-6273-4c97-b7c5-042674931d23@group-F11756C8BA4A-LeaderElection328: Election TIMEOUT; received 0 response(s) [] and 0 exception(s); b75f8b2e-6273-4c97-b7c5-042674931d23@group-F11756C8BA4A:t186, leader=null, voted=b75f8b2e-6273-4c97-b7c5-042674931d23, raftlog=b75f8b2e-6273-4c97-b7c5-042674931d23@group-F11756C8BA4A-SegmentedRaftLog:OPENED:c-1,f-1,i0, conf=-1: [6ef27e9c-8ddb-4fa1-8c14-ab102acfb1b8:192.168.164.241:38092, b75f8b2e-6273-4c97-b7c5-042674931d23:192.168.164.241:41857, 3750b3a2-715b-46b3-9d0c-9e38136244b9:192.168.164.241:46227], old=null
2019-10-20 18:18:52,483 [399079f7-1eb1-4f37-b003-267572525934@group-D40A05E2FCF9-LeaderElection329] INFO  impl.LeaderElection (LeaderElection.java:logAndReturn(56)) - 399079f7-1eb1-4f37-b003-267572525934@group-D40A05E2FCF9-LeaderElection329: Election REJECTED; received 2 response(s) [399079f7-1eb1-4f37-b003-267572525934<-7a43c46a-fc88-4b2d-b2da-ae029cfa60ff#0:FAIL-t186, 399079f7-1eb1-4f37-b003-267572525934<-6c5c38af-62e6-4ea7-a24a-078dcb28fb39#0:FAIL-t186] and 0 exception(s); 399079f7-1eb1-4f37-b003-267572525934@group-D40A05E2FCF9:t186, leader=null, voted=399079f7-1eb1-4f37-b003-267572525934, raftlog=399079f7-1eb1-4f37-b003-267572525934@group-D40A05E2FCF9-SegmentedRaftLog:OPENED:c-1,f-1,i0, conf=-1: [399079f7-1eb1-4f37-b003-267572525934:192.168.164.241:37762, 7a43c46a-fc88-4b2d-b2da-ae029cfa60ff:192.168.164.241:43684, 6c5c38af-62e6-4ea7-a24a-078dcb28fb39:192.168.164.241:45428], old=null
2019-10-20 18:18:52,483 [399079f7-1eb1-4f37-b003-267572525934@group-D40A05E2FCF9-LeaderElection329] INFO  impl.RaftServerImpl (RaftServerImpl.java:setRole(184)) - 399079f7-1eb1-4f37-b003-267572525934@group-D40A05E2FCF9: changes role from CANDIDATE to FOLLOWER at term 186 for DISCOVERED_A_NEW_TERM
2019-10-20 18:18:52,483 [399079f7-1eb1-4f37-b003-267572525934@group-D40A05E2FCF9-LeaderElection329] INFO  impl.RoleInfo (RoleInfo.java:shutdownLeaderElection(134)) - 399079f7-1eb1-4f37-b003-267572525934: shutdown LeaderElection
2019-10-20 18:18:52,484 [399079f7-1eb1-4f37-b003-267572525934@group-D40A05E2FCF9-LeaderElection329] INFO  impl.RoleInfo (RoleInfo.java:updateAndGet(143)) - 399079f7-1eb1-4f37-b003-267572525934: start FollowerState
2019-10-20 18:18:52,490 [b75f8b2e-6273-4c97-b7c5-042674931d23@group-F11756C8BA4A-LeaderElection328] INFO  impl.LeaderElection (LeaderElection.java:askForVotes(178)) - b75f8b2e-6273-4c97-b7c5-042674931d23@group-F11756C8BA4A-LeaderElection328: begin an election at term 187 for -1: [6ef27e9c-8ddb-4fa1-8c14-ab102acfb1b8:192.168.164.241:38092, b75f8b2e-6273-4c97-b7c5-042674931d23:192.168.164.241:41857, 3750b3a2-715b-46b3-9d0c-9e38136244b9:192.168.164.241:46227], old=null
2019-10-20 18:18:52,492 [grpc-default-executor-3] INFO  impl.RaftServerImpl (RaftServerImpl.java:setRole(184)) - 6ef27e9c-8ddb-4fa1-8c14-ab102acfb1b8@group-F11756C8BA4A: changes role from  FOLLOWER to FOLLOWER at term 187 for recognizeCandidate:b75f8b2e-6273-4c97-b7c5-042674931d23
2019-10-20 18:18:52,492 [grpc-default-executor-4] INFO  impl.RaftServerImpl (RaftServerImpl.java:setRole(184)) - 3750b3a2-715b-46b3-9d0c-9e38136244b9@group-F11756C8BA4A: changes role from  FOLLOWER to FOLLOWER at term 187 for recognizeCandidate:b75f8b2e-6273-4c97-b7c5-042674931d23
2019-10-20 18:18:52,492 [grpc-default-executor-3] INFO  impl.RoleInfo (RoleInfo.java:shutdownFollowerState(121)) - 6ef27e9c-8ddb-4fa1-8c14-ab102acfb1b8: shutdown FollowerState
2019-10-20 18:18:52,492 [grpc-default-executor-4] INFO  impl.RoleInfo (RoleInfo.java:shutdownFollowerState(121)) - 3750b3a2-715b-46b3-9d0c-9e38136244b9: shutdown FollowerState
2019-10-20 18:18:52,493 [Thread-2719] INFO  impl.FollowerState (FollowerState.java:run(117)) - 6ef27e9c-8ddb-4fa1-8c14-ab102acfb1b8@group-F11756C8BA4A-FollowerState was interrupted: java.lang.InterruptedException: sleep interrupted
2019-10-20 18:18:52,493 [grpc-default-executor-3] INFO  impl.RoleInfo (RoleInfo.java:updateAndGet(143)) - 6ef27e9c-8ddb-4fa1-8c14-ab102acfb1b8: start FollowerState
2019-10-20 18:18:52,493 [grpc-default-executor-4] INFO  impl.RoleInfo (RoleInfo.java:updateAndGet(143)) - 3750b3a2-715b-46b3-9d0c-9e38136244b9: start FollowerState
2019-10-20 18:18:52,493 [Thread-2718] INFO  impl.FollowerState (FollowerState.java:run(117)) - 3750b3a2-715b-46b3-9d0c-9e38136244b9@group-F11756C8BA4A-FollowerState was interrupted: java.lang.InterruptedException: sleep interrupted
2019-10-20 18:18:52,514 [Thread-2722] INFO  impl.FollowerState (FollowerState.java:run(108)) - 399079f7-1eb1-4f37-b003-267572525934@group-D40A05E2FCF9-FollowerState: change to CANDIDATE, lastRpcTime:30ms, electionTimeout:30ms
2019-10-20 18:18:52,514 [Thread-2722] INFO  impl.RoleInfo (RoleInfo.java:shutdownFollowerState(121)) - 399079f7-1eb1-4f37-b003-267572525934: shutdown FollowerState
2019-10-20 18:18:52,514 [Thread-2722] INFO  impl.RaftServerImpl (RaftServerImpl.java:setRole(184)) - 399079f7-1eb1-4f37-b003-267572525934@group-D40A05E2FCF9: changes role from  FOLLOWER to CANDIDATE at term 186 for changeToCandidate
2019-10-20 18:18:52,514 [Thread-2722] INFO  impl.RoleInfo (RoleInfo.java:updateAndGet(143)) - 399079f7-1eb1-4f37-b003-267572525934: start LeaderElection
2019-10-20 18:18:52,525 [b75f8b2e-6273-4c97-b7c5-042674931d23@group-F11756C8BA4A-LeaderElection328] INFO  impl.LeaderElection (LeaderElection.java:logAndReturn(56)) - b75f8b2e-6273-4c97-b7c5-042674931d23@group-F11756C8BA4A-LeaderElection328: Election REJECTED; received 2 response(s) [b75f8b2e-6273-4c97-b7c5-042674931d23<-6ef27e9c-8ddb-4fa1-8c14-ab102acfb1b8#0:FAIL-t187, b75f8b2e-6273-4c97-b7c5-042674931d23<-3750b3a2-715b-46b3-9d0c-9e38136244b9#0:FAIL-t187] and 0 exception(s); b75f8b2e-6273-4c97-b7c5-042674931d23@group-F11756C8BA4A:t187, leader=null, voted=b75f8b2e-6273-4c97-b7c5-042674931d23, raftlog=b75f8b2e-6273-4c97-b7c5-042674931d23@group-F11756C8BA4A-SegmentedRaftLog:OPENED:c-1,f-1,i0, conf=-1: [6ef27e9c-8ddb-4fa1-8c14-ab102acfb1b8:192.168.164.241:38092, b75f8b2e-6273-4c97-b7c5-042674931d23:192.168.164.241:41857, 3750b3a2-715b-46b3-9d0c-9e38136244b9:192.168.164.241:46227], old=null
2019-10-20 18:18:52,526 [b75f8b2e-6273-4c97-b7c5-042674931d23@group-F11756C8BA4A-LeaderElection328] INFO  impl.RaftServerImpl (RaftServerImpl.java:setRole(184)) - b75f8b2e-6273-4c97-b7c5-042674931d23@group-F11756C8BA4A: changes role from CANDIDATE to FOLLOWER at term 187 for DISCOVERED_A_NEW_TERM
2019-10-20 18:18:52,526 [b75f8b2e-6273-4c97-b7c5-042674931d23@group-F11756C8BA4A-LeaderElection328] INFO  impl.RoleInfo (RoleInfo.java:shutdownLeaderElection(134)) - b75f8b2e-6273-4c97-b7c5-042674931d23: shutdown LeaderElection
2019-10-20 18:18:52,526 [b75f8b2e-6273-4c97-b7c5-042674931d23@group-F11756C8BA4A-LeaderElection328] INFO  impl.RoleInfo (RoleInfo.java:updateAndGet(143)) - b75f8b2e-6273-4c97-b7c5-042674931d23: start FollowerState
2019-10-20 18:18:52,542 [399079f7-1eb1-4f37-b003-267572525934@group-D40A05E2FCF9-LeaderElection330] INFO  impl.LeaderElection (LeaderElection.java:askForVotes(178)) - 399079f7-1eb1-4f37-b003-267572525934@group-D40A05E2FCF9-LeaderElection330: begin an election at term 187 for -1: [399079f7-1eb1-4f37-b003-267572525934:192.168.164.241:37762, 7a43c46a-fc88-4b2d-b2da-ae029cfa60ff:192.168.164.241:43684, 6c5c38af-62e6-4ea7-a24a-078dcb28fb39:192.168.164.241:45428], old=null
2019-10-20 18:18:52,543 [grpc-default-executor-4] INFO  impl.RaftServerImpl (RaftServerImpl.java:setRole(184)) - 7a43c46a-fc88-4b2d-b2da-ae029cfa60ff@group-D40A05E2FCF9: changes role from  FOLLOWER to FOLLOWER at term 187 for recognizeCandidate:399079f7-1eb1-4f37-b003-267572525934
2019-10-20 18:18:52,543 [grpc-default-executor-4] INFO  impl.RoleInfo (RoleInfo.java:shutdownFollowerState(121)) - 7a43c46a-fc88-4b2d-b2da-ae029cfa60ff: shutdown FollowerState
2019-10-20 18:18:52,543 [grpc-default-executor-4] INFO  impl.RoleInfo (RoleInfo.java:updateAndGet(143)) - 7a43c46a-fc88-4b2d-b2da-ae029cfa60ff: start FollowerState
2019-10-20 18:18:52,543 [Thread-2720] INFO  impl.FollowerState (FollowerState.java:run(117)) - 7a43c46a-fc88-4b2d-b2da-ae029cfa60ff@group-D40A05E2FCF9-FollowerState was interrupted: java.lang.InterruptedException: sleep interrupted
2019-10-20 18:18:52,544 [grpc-default-executor-10] INFO  impl.RaftServerImpl (RaftServerImpl.java:setRole(184)) - 6c5c38af-62e6-4ea7-a24a-078dcb28fb39@group-D40A05E2FCF9: changes role from  FOLLOWER to FOLLOWER at term 187 for recognizeCandidate:399079f7-1eb1-4f37-b003-267572525934
2019-10-20 18:18:52,544 [grpc-default-executor-10] INFO  impl.RoleInfo (RoleInfo.java:shutdownFollowerState(121)) - 6c5c38af-62e6-4ea7-a24a-078dcb28fb39: shutdown FollowerState
2019-10-20 18:18:52,544 [grpc-default-executor-10] INFO  impl.RoleInfo (RoleInfo.java:updateAndGet(143)) - 6c5c38af-62e6-4ea7-a24a-078dcb28fb39: start FollowerState
2019-10-20 18:18:52,544 [Thread-2721] INFO  impl.FollowerState (FollowerState.java:run(117)) - 6c5c38af-62e6-4ea7-a24a-078dcb28fb39@group-D40A05E2FCF9-FollowerState was interrupted: java.lang.InterruptedException: sleep interrupted
2019-10-20 18:18:52,568 [399079f7-1eb1-4f37-b003-267572525934@group-D40A05E2FCF9-LeaderElection330] INFO  impl.LeaderElection (LeaderElection.java:logAndReturn(56)) - 399079f7-1eb1-4f37-b003-267572525934@group-D40A05E2FCF9-LeaderElection330: Election REJECTED; received 2 response(s) [399079f7-1eb1-4f37-b003-267572525934<-7a43c46a-fc88-4b2d-b2da-ae029cfa60ff#0:FAIL-t187, 399079f7-1eb1-4f37-b003-267572525934<-6c5c38af-62e6-4ea7-a24a-078dcb28fb39#0:FAIL-t187] and 0 exception(s); 399079f7-1eb1-4f37-b003-267572525934@group-D40A05E2FCF9:t187, leader=null, voted=399079f7-1eb1-4f37-b003-267572525934, raftlog=399079f7-1eb1-4f37-b003-267572525934@group-D40A05E2FCF9-SegmentedRaftLog:OPENED:c-1,f-1,i0, conf=-1: [399079f7-1eb1-4f37-b003-267572525934:192.168.164.241:37762, 7a43c46a-fc88-4b2d-b2da-ae029cfa60ff:192.168.164.241:43684, 6c5c38af-62e6-4ea7-a24a-078dcb28fb39:192.168.164.241:45428], old=null
2019-10-20 18:18:52,568 [399079f7-1eb1-4f37-b003-267572525934@group-D40A05E2FCF9-LeaderElection330] INFO  impl.RaftServerImpl (RaftServerImpl.java:setRole(184)) - 399079f7-1eb1-4f37-b003-267572525934@group-D40A05E2FCF9: changes role from CANDIDATE to FOLLOWER at term 187 for DISCOVERED_A_NEW_TERM
2019-10-20 18:18:52,568 [399079f7-1eb1-4f37-b003-267572525934@group-D40A05E2FCF9-LeaderElection330] INFO  impl.RoleInfo (RoleInfo.java:shutdownLeaderElection(134)) - 399079f7-1eb1-4f37-b003-267572525934: shutdown LeaderElection
2019-10-20 18:18:52,568 [399079f7-1eb1-4f37-b003-267572525934@group-D40A05E2FCF9-LeaderElection330] INFO  impl.RoleInfo (RoleInfo.java:updateAndGet(143)) - 399079f7-1eb1-4f37-b003-267572525934: start FollowerState
2019-10-20 18:18:52,625 [Thread-2728] INFO  impl.FollowerState (FollowerState.java:run(108)) - b75f8b2e-6273-4c97-b7c5-042674931d23@group-F11756C8BA4A-FollowerState: change to CANDIDATE, lastRpcTime:99ms, electionTimeout:99ms
2019-10-20 18:18:52,625 [Thread-2728] INFO  impl.RoleInfo (RoleInfo.java:shutdownFollowerState(121)) - b75f8b2e-6273-4c97-b7c5-042674931d23: shutdown FollowerState
2019-10-20 18:18:52,625 [Thread-2728] INFO  impl.RaftServerImpl (RaftServerImpl.java:setRole(184)) - b75f8b2e-6273-4c97-b7c5-042674931d23@group-F11756C8BA4A: changes role from  FOLLOWER to CANDIDATE at term 187 for changeToCandidate
2019-10-20 18:18:52,625 [Thread-2728] INFO  impl.RoleInfo (RoleInfo.java:updateAndGet(143)) - b75f8b2e-6273-4c97-b7c5-042674931d23: start LeaderElection
2019-10-20 18:18:52,652 [b75f8b2e-6273-4c97-b7c5-042674931d23@group-F11756C8BA4A-LeaderElection331] INFO  impl.LeaderElection (LeaderElection.java:askForVotes(178)) - b75f8b2e-6273-4c97-b7c5-042674931d23@group-F11756C8BA4A-LeaderElection331: begin an election at term 188 for -1: [6ef27e9c-8ddb-4fa1-8c14-ab102acfb1b8:192.168.164.241:38092, b75f8b2e-6273-4c97-b7c5-042674931d23:192.168.164.241:41857, 3750b3a2-715b-46b3-9d0c-9e38136244b9:192.168.164.241:46227], old=null
2019-10-20 18:18:52,654 [Thread-2735] INFO  impl.FollowerState (FollowerState.java:run(108)) - 399079f7-1eb1-4f37-b003-267572525934@group-D40A05E2FCF9-FollowerState: change to CANDIDATE, lastRpcTime:85ms, electionTimeout:85ms
2019-10-20 18:18:52,654 [Thread-2735] INFO  impl.RoleInfo (RoleInfo.java:shutdownFollowerState(121)) - 399079f7-1eb1-4f37-b003-267572525934: shutdown FollowerState
2019-10-20 18:18:52,654 [Thread-2735] INFO  impl.RaftServerImpl (RaftServerImpl.java:setRole(184)) - 399079f7-1eb1-4f37-b003-267572525934@group-D40A05E2FCF9: changes role from  FOLLOWER to CANDIDATE at term 187 for changeToCandidate
2019-10-20 18:18:52,654 [Thread-2735] INFO  impl.RoleInfo (RoleInfo.java:updateAndGet(143)) - 399079f7-1eb1-4f37-b003-267572525934: start LeaderElection
2019-10-20 18:18:52,655 [grpc-default-executor-10] INFO  impl.RaftServerImpl (RaftServerImpl.java:setRole(184)) - 3750b3a2-715b-46b3-9d0c-9e38136244b9@group-F11756C8BA4A: changes role from  FOLLOWER to FOLLOWER at term 188 for recognizeCandidate:b75f8b2e-6273-4c97-b7c5-042674931d23
2019-10-20 18:18:52,655 [grpc-default-executor-4] INFO  impl.RaftServerImpl (RaftServerImpl.java:setRole(184)) - 6ef27e9c-8ddb-4fa1-8c14-ab102acfb1b8@group-F11756C8BA4A: changes role from  FOLLOWER to FOLLOWER at term 188 for recognizeCandidate:b75f8b2e-6273-4c97-b7c5-042674931d23
2019-10-20 18:18:52,655 [grpc-default-executor-10] INFO  impl.RoleInfo (RoleInfo.java:shutdownFollowerState(121)) - 3750b3a2-715b-46b3-9d0c-9e38136244b9: shutdown FollowerState
2019-10-20 18:18:52,655 [grpc-default-executor-4] INFO  impl.RoleInfo (RoleInfo.java:shutdownFollowerState(121)) - 6ef27e9c-8ddb-4fa1-8c14-ab102acfb1b8: shutdown FollowerState
2019-10-20 18:18:52,655 [Thread-2726] INFO  impl.FollowerState (FollowerState.java:run(117)) - 3750b3a2-715b-46b3-9d0c-9e38136244b9@group-F11756C8BA4A-FollowerState was interrupted: java.lang.InterruptedException: sleep interrupted
2019-10-20 18:18:52,655 [Thread-2725] INFO  impl.FollowerState (FollowerState.java:run(117)) - 6ef27e9c-8ddb-4fa1-8c14-ab102acfb1b8@group-F11756C8BA4A-FollowerState was interrupted: java.lang.InterruptedException: sleep interrupted
2019-10-20 18:18:52,655 [grpc-default-executor-10] INFO  impl.RoleInfo (RoleInfo.java:updateAndGet(143)) - 3750b3a2-715b-46b3-9d0c-9e38136244b9: start FollowerState
2019-10-20 18:18:52,655 [grpc-default-executor-4] INFO  impl.RoleInfo (RoleInfo.java:updateAndGet(143)) - 6ef27e9c-8ddb-4fa1-8c14-ab102acfb1b8: start FollowerState
2019-10-20 18:18:52,669 [399079f7-1eb1-4f37-b003-267572525934@group-D40A05E2FCF9-LeaderElection332] INFO  impl.LeaderElection (LeaderElection.java:askForVotes(178)) - 399079f7-1eb1-4f37-b003-267572525934@group-D40A05E2FCF9-LeaderElection332: begin an election at term 188 for -1: [399079f7-1eb1-4f37-b003-267572525934:192.168.164.241:37762, 7a43c46a-fc88-4b2d-b2da-ae029cfa60ff:192.168.164.241:43684, 6c5c38af-62e6-4ea7-a24a-078dcb28fb39:192.168.164.241:45428], old=null
2019-10-20 18:18:52,670 [b75f8b2e-6273-4c97-b7c5-042674931d23@group-F11756C8BA4A-LeaderElection331] INFO  impl.LeaderElection (LeaderElection.java:logAndReturn(56)) - b75f8b2e-6273-4c97-b7c5-042674931d23@group-F11756C8BA4A-LeaderElection331: Election REJECTED; received 2 response(s) [b75f8b2e-6273-4c97-b7c5-042674931d23<-6ef27e9c-8ddb-4fa1-8c14-ab102acfb1b8#0:FAIL-t188, b75f8b2e-6273-4c97-b7c5-042674931d23<-3750b3a2-715b-46b3-9d0c-9e38136244b9#0:FAIL-t188] and 0 exception(s); b75f8b2e-6273-4c97-b7c5-042674931d23@group-F11756C8BA4A:t188, leader=null, voted=b75f8b2e-6273-4c97-b7c5-042674931d23, raftlog=b75f8b2e-6273-4c97-b7c5-042674931d23@group-F11756C8BA4A-SegmentedRaftLog:OPENED:c-1,f-1,i0, conf=-1: [6ef27e9c-8ddb-4fa1-8c14-ab102acfb1b8:192.168.164.241:38092, b75f8b2e-6273-4c97-b7c5-042674931d23:192.168.164.241:41857, 3750b3a2-715b-46b3-9d0c-9e38136244b9:192.168.164.241:46227], old=null
2019-10-20 18:18:52,670 [b75f8b2e-6273-4c97-b7c5-042674931d23@group-F11756C8BA4A-LeaderElection331] INFO  impl.RaftServerImpl (RaftServerImpl.java:setRole(184)) - b75f8b2e-6273-4c97-b7c5-042674931d23@group-F11756C8BA4A: changes role from CANDIDATE to FOLLOWER at term 188 for DISCOVERED_A_NEW_TERM
2019-10-20 18:18:52,670 [b75f8b2e-6273-4c97-b7c5-042674931d23@group-F11756C8BA4A-LeaderElection331] INFO  impl.RoleInfo (RoleInfo.java:shutdownLeaderElection(134)) - b75f8b2e-6273-4c97-b7c5-042674931d23: shutdown LeaderElection
2019-10-20 18:18:52,671 [b75f8b2e-6273-4c97-b7c5-042674931d23@group-F11756C8BA4A-LeaderElection331] INFO  impl.RoleInfo (RoleInfo.java:updateAndGet(143)) - b75f8b2e-6273-4c97-b7c5-042674931d23: start FollowerState
2019-10-20 18:18:52,671 [grpc-default-executor-4] INFO  impl.RaftServerImpl (RaftServerImpl.java:setRole(184)) - 7a43c46a-fc88-4b2d-b2da-ae029cfa60ff@group-D40A05E2FCF9: changes role from  FOLLOWER to FOLLOWER at term 188 for recognizeCandidate:399079f7-1eb1-4f37-b003-267572525934
2019-10-20 18:18:52,671 [grpc-default-executor-10] INFO  impl.RaftServerImpl (RaftServerImpl.java:setRole(184)) - 6c5c38af-62e6-4ea7-a24a-078dcb28fb39@group-D40A05E2FCF9: changes role from  FOLLOWER to FOLLOWER at term 188 for recognizeCandidate:399079f7-1eb1-4f37-b003-267572525934
2019-10-20 18:18:52,671 [grpc-default-executor-4] INFO  impl.RoleInfo (RoleInfo.java:shutdownFollowerState(121)) - 7a43c46a-fc88-4b2d-b2da-ae029cfa60ff: shutdown FollowerState
2019-10-20 18:18:52,671 [grpc-default-executor-10] INFO  impl.RoleInfo (RoleInfo.java:shutdownFollowerState(121)) - 6c5c38af-62e6-4ea7-a24a-078dcb28fb39: shutdown FollowerState
2019-10-20 18:18:52,672 [Thread-2733] INFO  impl.FollowerState (FollowerState.java:run(117)) - 7a43c46a-fc88-4b2d-b2da-ae029cfa60ff@group-D40A05E2FCF9-FollowerState was interrupted: java.lang.InterruptedException: sleep interrupted
2019-10-20 18:18:52,672 [grpc-default-executor-4] INFO  impl.RoleInfo (RoleInfo.java:updateAndGet(143)) - 7a43c46a-fc88-4b2d-b2da-ae029cfa60ff: start FollowerState
2019-10-20 18:18:52,672 [Thread-2734] INFO  impl.FollowerState (FollowerState.java:run(117)) - 6c5c38af-62e6-4ea7-a24a-078dcb28fb39@group-D40A05E2FCF9-FollowerState was interrupted: java.lang.InterruptedException: sleep interrupted
2019-10-20 18:18:52,672 [grpc-default-executor-10] INFO  impl.RoleInfo (RoleInfo.java:updateAndGet(143)) - 6c5c38af-62e6-4ea7-a24a-078dcb28fb39: start FollowerState
2019-10-20 18:18:52,695 [399079f7-1eb1-4f37-b003-267572525934@group-D40A05E2FCF9-LeaderElection332] INFO  impl.LeaderElection (LeaderElection.java:logAndReturn(56)) - 399079f7-1eb1-4f37-b003-267572525934@group-D40A05E2FCF9-LeaderElection332: Election REJECTED; received 2 response(s) [399079f7-1eb1-4f37-b003-267572525934<-7a43c46a-fc88-4b2d-b2da-ae029cfa60ff#0:FAIL-t188, 399079f7-1eb1-4f37-b003-267572525934<-6c5c38af-62e6-4ea7-a24a-078dcb28fb39#0:FAIL-t188] and 0 exception(s); 399079f7-1eb1-4f37-b003-267572525934@group-D40A05E2FCF9:t188, leader=null, voted=399079f7-1eb1-4f37-b003-267572525934, raftlog=399079f7-1eb1-4f37-b003-267572525934@group-D40A05E2FCF9-SegmentedRaftLog:OPENED:c-1,f-1,i0, conf=-1: [399079f7-1eb1-4f37-b003-267572525934:192.168.164.241:37762, 7a43c46a-fc88-4b2d-b2da-ae029cfa60ff:192.168.164.241:43684, 6c5c38af-62e6-4ea7-a24a-078dcb28fb39:192.168.164.241:45428], old=null
2019-10-20 18:18:52,696 [399079f7-1eb1-4f37-b003-267572525934@group-D40A05E2FCF9-LeaderElection332] INFO  impl.RaftServerImpl (RaftServerImpl.java:setRole(184)) - 399079f7-1eb1-4f37-b003-267572525934@group-D40A05E2FCF9: changes role from CANDIDATE to FOLLOWER at term 188 for DISCOVERED_A_NEW_TERM
2019-10-20 18:18:52,696 [399079f7-1eb1-4f37-b003-267572525934@group-D40A05E2FCF9-LeaderElection332] INFO  impl.RoleInfo (RoleInfo.java:shutdownLeaderElection(134)) - 399079f7-1eb1-4f37-b003-267572525934: shutdown LeaderElection
2019-10-20 18:18:52,696 [399079f7-1eb1-4f37-b003-267572525934@group-D40A05E2FCF9-LeaderElection332] INFO  impl.RoleInfo (RoleInfo.java:updateAndGet(143)) - 399079f7-1eb1-4f37-b003-267572525934: start FollowerState
2019-10-20 18:18:52,706 [Thread-2747] INFO  impl.FollowerState (FollowerState.java:run(108)) - 399079f7-1eb1-4f37-b003-267572525934@group-D40A05E2FCF9-FollowerState: change to CANDIDATE, lastRpcTime:10ms, electionTimeout:10ms
2019-10-20 18:18:52,706 [Thread-2747] INFO  impl.RoleInfo (RoleInfo.java:shutdownFollowerState(121)) - 399079f7-1eb1-4f37-b003-267572525934: shutdown FollowerState
2019-10-20 18:18:52,706 [Thread-2747] INFO  impl.RaftServerImpl (RaftServerImpl.java:setRole(184)) - 399079f7-1eb1-4f37-b003-267572525934@group-D40A05E2FCF9: changes role from  FOLLOWER to CANDIDATE at term 188 for changeToCandidate
2019-10-20 18:18:52,706 [Thread-2747] INFO  impl.RoleInfo (RoleInfo.java:updateAndGet(143)) - 399079f7-1eb1-4f37-b003-267572525934: start LeaderElection
2019-10-20 18:18:52,720 [399079f7-1eb1-4f37-b003-267572525934@group-D40A05E2FCF9-LeaderElection333] INFO  impl.LeaderElection (LeaderElection.java:askForVotes(178)) - 399079f7-1eb1-4f37-b003-267572525934@group-D40A05E2FCF9-LeaderElection333: begin an election at term 189 for -1: [399079f7-1eb1-4f37-b003-267572525934:192.168.164.241:37762, 7a43c46a-fc88-4b2d-b2da-ae029cfa60ff:192.168.164.241:43684, 6c5c38af-62e6-4ea7-a24a-078dcb28fb39:192.168.164.241:45428], old=null
2019-10-20 18:18:52,724 [grpc-default-executor-4] INFO  impl.RaftServerImpl (RaftServerImpl.java:setRole(184)) - 7a43c46a-fc88-4b2d-b2da-ae029cfa60ff@group-D40A05E2FCF9: changes role from  FOLLOWER to FOLLOWER at term 189 for recognizeCandidate:399079f7-1eb1-4f37-b003-267572525934
2019-10-20 18:18:52,725 [grpc-default-executor-4] INFO  impl.RoleInfo (RoleInfo.java:shutdownFollowerState(121)) - 7a43c46a-fc88-4b2d-b2da-ae029cfa60ff: shutdown FollowerState
2019-10-20 18:18:52,725 [grpc-default-executor-4] INFO  impl.RoleInfo (RoleInfo.java:updateAndGet(143)) - 7a43c46a-fc88-4b2d-b2da-ae029cfa60ff: start FollowerState
2019-10-20 18:18:52,725 [Thread-2745] INFO  impl.FollowerState (FollowerState.java:run(117)) - 7a43c46a-fc88-4b2d-b2da-ae029cfa60ff@group-D40A05E2FCF9-FollowerState was interrupted: java.lang.InterruptedException: sleep interrupted
2019-10-20 18:18:52,734 [grpc-default-executor-10] INFO  impl.RaftServerImpl (RaftServerImpl.java:setRole(184)) - 6c5c38af-62e6-4ea7-a24a-078dcb28fb39@group-D40A05E2FCF9: changes role from  FOLLOWER to FOLLOWER at term 189 for recognizeCandidate:399079f7-1eb1-4f37-b003-267572525934
2019-10-20 18:18:52,734 [grpc-default-executor-10] INFO  impl.RoleInfo (RoleInfo.java:shutdownFollowerState(121)) - 6c5c38af-62e6-4ea7-a24a-078dcb28fb39: shutdown FollowerState
2019-10-20 18:18:52,734 [grpc-default-executor-10] INFO  impl.RoleInfo (RoleInfo.java:updateAndGet(143)) - 6c5c38af-62e6-4ea7-a24a-078dcb28fb39: start FollowerState
2019-10-20 18:18:52,734 [Thread-2746] INFO  impl.FollowerState (FollowerState.java:run(117)) - 6c5c38af-62e6-4ea7-a24a-078dcb28fb39@group-D40A05E2FCF9-FollowerState was interrupted: java.lang.InterruptedException: sleep interrupted
2019-10-20 18:18:52,755 [399079f7-1eb1-4f37-b003-267572525934@group-D40A05E2FCF9-LeaderElection333] INFO  impl.LeaderElection (LeaderElection.java:logAndReturn(56)) - 399079f7-1eb1-4f37-b003-267572525934@group-D40A05E2FCF9-LeaderElection333: Election REJECTED; received 2 response(s) [399079f7-1eb1-4f37-b003-267572525934<-7a43c46a-fc88-4b2d-b2da-ae029cfa60ff#0:FAIL-t189, 399079f7-1eb1-4f37-b003-267572525934<-6c5c38af-62e6-4ea7-a24a-078dcb28fb39#0:FAIL-t189] and 0 exception(s); 399079f7-1eb1-4f37-b003-267572525934@group-D40A05E2FCF9:t189, leader=null, voted=399079f7-1eb1-4f37-b003-267572525934, raftlog=399079f7-1eb1-4f37-b003-267572525934@group-D40A05E2FCF9-SegmentedRaftLog:OPENED:c-1,f-1,i0, conf=-1: [399079f7-1eb1-4f37-b003-267572525934:192.168.164.241:37762, 7a43c46a-fc88-4b2d-b2da-ae029cfa60ff:192.168.164.241:43684, 6c5c38af-62e6-4ea7-a24a-078dcb28fb39:192.168.164.241:45428], old=null
2019-10-20 18:18:52,755 [399079f7-1eb1-4f37-b003-267572525934@group-D40A05E2FCF9-LeaderElection333] INFO  impl.RaftServerImpl (RaftServerImpl.java:setRole(184)) - 399079f7-1eb1-4f37-b003-267572525934@group-D40A05E2FCF9: changes role from CANDIDATE to FOLLOWER at term 189 for DISCOVERED_A_NEW_TERM
2019-10-20 18:18:52,755 [399079f7-1eb1-4f37-b003-267572525934@group-D40A05E2FCF9-LeaderElection333] INFO  impl.RoleInfo (RoleInfo.java:shutdownLeaderElection(134)) - 399079f7-1eb1-4f37-b003-267572525934: shutdown LeaderElection
2019-10-20 18:18:52,756 [399079f7-1eb1-4f37-b003-267572525934@group-D40A05E2FCF9-LeaderElection333] INFO  impl.RoleInfo (RoleInfo.java:updateAndGet(143)) - 399079f7-1eb1-4f37-b003-267572525934: start FollowerState
2019-10-20 18:18:52,778 [Thread-2744] INFO  impl.FollowerState (FollowerState.java:run(108)) - b75f8b2e-6273-4c97-b7c5-042674931d23@group-F11756C8BA4A-FollowerState: change to CANDIDATE, lastRpcTime:107ms, electionTimeout:107ms
2019-10-20 18:18:52,778 [Thread-2744] INFO  impl.RoleInfo (RoleInfo.java:shutdownFollowerState(121)) - b75f8b2e-6273-4c97-b7c5-042674931d23: shutdown FollowerState
2019-10-20 18:18:52,778 [Thread-2744] INFO  impl.RaftServerImpl (RaftServerImpl.java:setRole(184)) - b75f8b2e-6273-4c97-b7c5-042674931d23@group-F11756C8BA4A: changes role from  FOLLOWER to CANDIDATE at term 188 for changeToCandidate
2019-10-20 18:18:52,779 [Thread-2744] INFO  impl.RoleInfo (RoleInfo.java:updateAndGet(143)) - b75f8b2e-6273-4c97-b7c5-042674931d23: start LeaderElection
2019-10-20 18:18:52,798 [main] INFO  ozoneimpl.OzoneContainer (OzoneContainer.java:stop(227)) - Attempting to stop container services.
2019-10-20 18:18:52,798 [ForkJoinPool.commonPool-worker-0] INFO  ozoneimpl.OzoneContainer (OzoneContainer.java:stop(227)) - Attempting to stop container services.
2019-10-20 18:18:52,799 [ForkJoinPool.commonPool-worker-0] INFO  impl.RaftServerProxy (RaftServerProxy.java:lambda$close$4(314)) - 3750b3a2-715b-46b3-9d0c-9e38136244b9: close
2019-10-20 18:18:52,799 [main] INFO  impl.RaftServerProxy (RaftServerProxy.java:lambda$close$4(314)) - eb28ec45-9b2b-44d6-ae7e-a31feda643bc: close
2019-10-20 18:18:52,800 [ForkJoinPool.commonPool-worker-0] INFO  impl.RaftServerImpl (RaftServerImpl.java:lambda$shutdown$3(261)) - 3750b3a2-715b-46b3-9d0c-9e38136244b9@group-015001B11350: shutdown
2019-10-20 18:18:52,800 [main] INFO  impl.RaftServerImpl (RaftServerImpl.java:lambda$shutdown$3(261)) - eb28ec45-9b2b-44d6-ae7e-a31feda643bc@group-AF4EDA66FDC9: shutdown
2019-10-20 18:18:52,800 [ForkJoinPool.commonPool-worker-0] INFO  util.JmxRegister (JmxRegister.java:unregister(73)) - Successfully un-registered JMX Bean with object name Ratis:service=RaftServer,group=group-015001B11350,id=3750b3a2-715b-46b3-9d0c-9e38136244b9
2019-10-20 18:18:52,800 [main] INFO  util.JmxRegister (JmxRegister.java:unregister(73)) - Successfully un-registered JMX Bean with object name Ratis:service=RaftServer,group=group-AF4EDA66FDC9,id=eb28ec45-9b2b-44d6-ae7e-a31feda643bc
2019-10-20 18:18:52,800 [ForkJoinPool.commonPool-worker-0] INFO  impl.RoleInfo (RoleInfo.java:shutdownLeaderState(104)) - 3750b3a2-715b-46b3-9d0c-9e38136244b9: shutdown LeaderState
2019-10-20 18:18:52,800 [main] INFO  impl.RoleInfo (RoleInfo.java:shutdownLeaderState(104)) - eb28ec45-9b2b-44d6-ae7e-a31feda643bc: shutdown LeaderState
2019-10-20 18:18:52,801 [ForkJoinPool.commonPool-worker-0] INFO  impl.PendingRequests (PendingRequests.java:sendNotLeaderResponses(202)) - 3750b3a2-715b-46b3-9d0c-9e38136244b9@group-015001B11350-PendingRequests: sendNotLeaderResponses
2019-10-20 18:18:52,807 [Thread-2753] INFO  impl.FollowerState (FollowerState.java:run(108)) - 399079f7-1eb1-4f37-b003-267572525934@group-D40A05E2FCF9-FollowerState: change to CANDIDATE, lastRpcTime:51ms, electionTimeout:50ms
2019-10-20 18:18:52,807 [org.apache.ratis.server.impl.LogAppender$AppenderDaemon$$Lambda$478/427253036@3613bbc5] WARN  server.GrpcLogAppender (GrpcLogAppender.java:mayWait(149)) - eb28ec45-9b2b-44d6-ae7e-a31feda643bc@group-AF4EDA66FDC9->a6e136fe-e391-4364-8a60-53801fc9277d-GrpcLogAppender: Wait interrupted by java.lang.InterruptedException
2019-10-20 18:18:52,807 [org.apache.ratis.server.impl.LogAppender$AppenderDaemon$$Lambda$478/427253036@7ef696a] WARN  server.GrpcLogAppender (GrpcLogAppender.java:mayWait(149)) - eb28ec45-9b2b-44d6-ae7e-a31feda643bc@group-AF4EDA66FDC9->c50ce170-3170-4e03-b167-34e0e02687b2-GrpcLogAppender: Wait interrupted by java.lang.InterruptedException
2019-10-20 18:18:52,807 [main] INFO  impl.PendingRequests (PendingRequests.java:sendNotLeaderResponses(202)) - eb28ec45-9b2b-44d6-ae7e-a31feda643bc@group-AF4EDA66FDC9-PendingRequests: sendNotLeaderResponses
2019-10-20 18:18:52,807 [ForkJoinPool.commonPool-worker-0] INFO  impl.StateMachineUpdater (StateMachineUpdater.java:stopAndJoin(136)) - 3750b3a2-715b-46b3-9d0c-9e38136244b9@group-015001B11350-StateMachineUpdater: set stopIndex = 0
2019-10-20 18:18:52,807 [Thread-2753] INFO  impl.RoleInfo (RoleInfo.java:shutdownFollowerState(121)) - 399079f7-1eb1-4f37-b003-267572525934: shutdown FollowerState
2019-10-20 18:18:52,812 [Thread-2753] INFO  impl.RaftServerImpl (RaftServerImpl.java:setRole(184)) - 399079f7-1eb1-4f37-b003-267572525934@group-D40A05E2FCF9: changes role from  FOLLOWER to CANDIDATE at term 189 for changeToCandidate
2019-10-20 18:18:52,807 [b75f8b2e-6273-4c97-b7c5-042674931d23@group-F11756C8BA4A-LeaderElection334] INFO  impl.LeaderElection (LeaderElection.java:askForVotes(178)) - b75f8b2e-6273-4c97-b7c5-042674931d23@group-F11756C8BA4A-LeaderElection334: begin an election at term 189 for -1: [6ef27e9c-8ddb-4fa1-8c14-ab102acfb1b8:192.168.164.241:38092, b75f8b2e-6273-4c97-b7c5-042674931d23:192.168.164.241:41857, 3750b3a2-715b-46b3-9d0c-9e38136244b9:192.168.164.241:46227], old=null
2019-10-20 18:18:52,812 [main] INFO  impl.StateMachineUpdater (StateMachineUpdater.java:stopAndJoin(136)) - eb28ec45-9b2b-44d6-ae7e-a31feda643bc@group-AF4EDA66FDC9-StateMachineUpdater: set stopIndex = 20
2019-10-20 18:18:52,810 [ForkJoinPool.commonPool-worker-0] INFO  impl.RaftServerImpl (ServerState.java:close(388)) - 3750b3a2-715b-46b3-9d0c-9e38136244b9@group-015001B11350: closes. applyIndex: 0
2019-10-20 18:18:52,807 [grpc-default-executor-10] INFO  server.GrpcServerProtocolService (GrpcServerProtocolService.java:onCompleted(113)) - c50ce170-3170-4e03-b167-34e0e02687b2: Completed APPEND_ENTRIES, lastRequest: eb28ec45-9b2b-44d6-ae7e-a31feda643bc->c50ce170-3170-4e03-b167-34e0e02687b2#67-t1, previous=(t:1, i:20), leaderCommit=20, initializing? false, entries: <empty>
2019-10-20 18:18:52,807 [grpc-default-executor-4] INFO  server.GrpcServerProtocolService (GrpcServerProtocolService.java:onCompleted(113)) - a6e136fe-e391-4364-8a60-53801fc9277d: Completed APPEND_ENTRIES, lastRequest: eb28ec45-9b2b-44d6-ae7e-a31feda643bc->a6e136fe-e391-4364-8a60-53801fc9277d#67-t1, previous=(t:1, i:20), leaderCommit=20, initializing? false, entries: <empty>
2019-10-20 18:18:52,816 [eb28ec45-9b2b-44d6-ae7e-a31feda643bc@group-AF4EDA66FDC9-StateMachineUpdater] INFO  ratis.ContainerStateMachine (ContainerStateMachine.java:takeSnapshot(294)) - group-AF4EDA66FDC9: Taking a snapshot at:(t:1, i:20) file /workdir/hadoop-ozone/integration-test/target/test-dir/MiniOzoneClusterImpl-3ef3c7a0-fafa-4375-a23c-18b63a3f56e7/datanode-5/data/ratis/ffef2051-cdca-432c-9792-af4eda66fdc9/sm/snapshot.1_20
2019-10-20 18:18:52,816 [Thread-2753] INFO  impl.RoleInfo (RoleInfo.java:updateAndGet(143)) - 399079f7-1eb1-4f37-b003-267572525934: start LeaderElection
2019-10-20 18:18:52,817 [grpc-default-executor-10] INFO  server.GrpcLogAppender (GrpcLogAppender.java:onCompleted(308)) - eb28ec45-9b2b-44d6-ae7e-a31feda643bc@group-AF4EDA66FDC9->c50ce170-3170-4e03-b167-34e0e02687b2-AppendLogResponseHandler: follower responses appendEntries COMPLETED
2019-10-20 18:18:52,817 [grpc-default-executor-4] INFO  impl.RaftServerImpl (RaftServerImpl.java:setRole(184)) - 6ef27e9c-8ddb-4fa1-8c14-ab102acfb1b8@group-F11756C8BA4A: changes role from  FOLLOWER to FOLLOWER at term 189 for recognizeCandidate:b75f8b2e-6273-4c97-b7c5-042674931d23
2019-10-20 18:18:52,818 [grpc-default-executor-4] INFO  impl.RoleInfo (RoleInfo.java:shutdownFollowerState(121)) - 6ef27e9c-8ddb-4fa1-8c14-ab102acfb1b8: shutdown FollowerState
2019-10-20 18:18:52,817 [grpc-default-executor-3] INFO  server.GrpcLogAppender (GrpcLogAppender.java:onCompleted(308)) - eb28ec45-9b2b-44d6-ae7e-a31feda643bc@group-AF4EDA66FDC9->a6e136fe-e391-4364-8a60-53801fc9277d-AppendLogResponseHandler: follower responses appendEntries COMPLETED
2019-10-20 18:18:52,818 [3750b3a2-715b-46b3-9d0c-9e38136244b9@group-015001B11350-SegmentedRaftLogWorker] INFO  segmented.SegmentedRaftLogWorker (SegmentedRaftLogWorker.java:run(316)) - 3750b3a2-715b-46b3-9d0c-9e38136244b9@group-015001B11350-SegmentedRaftLogWorker was interrupted, exiting. There are 0 tasks remaining in the queue.
2019-10-20 18:18:52,818 [grpc-default-executor-7] INFO  impl.RaftServerImpl (RaftServerImpl.java:setRole(184)) - 3750b3a2-715b-46b3-9d0c-9e38136244b9@group-F11756C8BA4A: changes role from  FOLLOWER to FOLLOWER at term 189 for recognizeCandidate:b75f8b2e-6273-4c97-b7c5-042674931d23
2019-10-20 18:18:52,821 [grpc-default-executor-7] INFO  impl.RoleInfo (RoleInfo.java:shutdownFollowerState(121)) - 3750b3a2-715b-46b3-9d0c-9e38136244b9: shutdown FollowerState
2019-10-20 18:18:52,818 [Thread-2741] INFO  impl.FollowerState (FollowerState.java:run(117)) - 6ef27e9c-8ddb-4fa1-8c14-ab102acfb1b8@group-F11756C8BA4A-FollowerState was interrupted: java.lang.InterruptedException: sleep interrupted
2019-10-20 18:18:52,818 [grpc-default-executor-4] INFO  impl.RoleInfo (RoleInfo.java:updateAndGet(143)) - 6ef27e9c-8ddb-4fa1-8c14-ab102acfb1b8: start FollowerState
2019-10-20 18:18:52,821 [Thread-2740] INFO  impl.FollowerState (FollowerState.java:run(117)) - 3750b3a2-715b-46b3-9d0c-9e38136244b9@group-F11756C8BA4A-FollowerState was interrupted: java.lang.InterruptedException: sleep interrupted
2019-10-20 18:18:52,821 [grpc-default-executor-7] INFO  impl.RoleInfo (RoleInfo.java:updateAndGet(143)) - 3750b3a2-715b-46b3-9d0c-9e38136244b9: start FollowerState
2019-10-20 18:18:52,821 [ForkJoinPool.commonPool-worker-0] INFO  segmented.SegmentedRaftLogWorker (SegmentedRaftLogWorker.java:close(224)) - 3750b3a2-715b-46b3-9d0c-9e38136244b9@group-015001B11350-SegmentedRaftLogWorker close()
2019-10-20 18:18:52,821 [grpc-default-executor-10] INFO  impl.FollowerInfo (FollowerInfo.java:lambda$new$0(51)) - eb28ec45-9b2b-44d6-ae7e-a31feda643bc@group-AF4EDA66FDC9->c50ce170-3170-4e03-b167-34e0e02687b2: nextIndex: updateUnconditionally 21 -> 20
2019-10-20 18:18:52,825 [ForkJoinPool.commonPool-worker-0] INFO  impl.RaftServerImpl (RaftServerImpl.java:lambda$shutdown$3(261)) - 3750b3a2-715b-46b3-9d0c-9e38136244b9@group-F11756C8BA4A: shutdown
2019-10-20 18:18:52,821 [grpc-default-executor-3] INFO  impl.FollowerInfo (FollowerInfo.java:lambda$new$0(51)) - eb28ec45-9b2b-44d6-ae7e-a31feda643bc@group-AF4EDA66FDC9->a6e136fe-e391-4364-8a60-53801fc9277d: nextIndex: updateUnconditionally 21 -> 20
2019-10-20 18:18:52,826 [ForkJoinPool.commonPool-worker-0] INFO  util.JmxRegister (JmxRegister.java:unregister(73)) - Successfully un-registered JMX Bean with object name Ratis:service=RaftServer,group=group-F11756C8BA4A,id=3750b3a2-715b-46b3-9d0c-9e38136244b9
2019-10-20 18:18:52,826 [ForkJoinPool.commonPool-worker-0] INFO  impl.RoleInfo (RoleInfo.java:shutdownFollowerState(121)) - 3750b3a2-715b-46b3-9d0c-9e38136244b9: shutdown FollowerState
2019-10-20 18:18:52,826 [ForkJoinPool.commonPool-worker-0] INFO  impl.StateMachineUpdater (StateMachineUpdater.java:stopAndJoin(136)) - 3750b3a2-715b-46b3-9d0c-9e38136244b9@group-F11756C8BA4A-StateMachineUpdater: set stopIndex = -1
2019-10-20 18:18:52,826 [Thread-2759] INFO  impl.FollowerState (FollowerState.java:run(117)) - 3750b3a2-715b-46b3-9d0c-9e38136244b9@group-F11756C8BA4A-FollowerState was interrupted: java.lang.InterruptedException: sleep interrupted
2019-10-20 18:18:52,826 [ForkJoinPool.commonPool-worker-0] INFO  impl.RaftServerImpl (ServerState.java:close(388)) - 3750b3a2-715b-46b3-9d0c-9e38136244b9@group-F11756C8BA4A: closes. applyIndex: -1
2019-10-20 18:18:52,827 [3750b3a2-715b-46b3-9d0c-9e38136244b9@group-F11756C8BA4A-SegmentedRaftLogWorker] INFO  segmented.SegmentedRaftLogWorker (SegmentedRaftLogWorker.java:run(316)) - 3750b3a2-715b-46b3-9d0c-9e38136244b9@group-F11756C8BA4A-SegmentedRaftLogWorker was interrupted, exiting. There are 0 tasks remaining in the queue.
2019-10-20 18:18:52,831 [ForkJoinPool.commonPool-worker-0] INFO  segmented.SegmentedRaftLogWorker (SegmentedRaftLogWorker.java:close(224)) - 3750b3a2-715b-46b3-9d0c-9e38136244b9@group-F11756C8BA4A-SegmentedRaftLogWorker close()
2019-10-20 18:18:52,835 [ForkJoinPool.commonPool-worker-0] INFO  server.GrpcService (GrpcService.java:closeImpl(164)) - 3750b3a2-715b-46b3-9d0c-9e38136244b9: shutdown server with port 46227 now
2019-10-20 18:18:52,839 [399079f7-1eb1-4f37-b003-267572525934@group-D40A05E2FCF9-LeaderElection335] INFO  impl.LeaderElection (LeaderElection.java:askForVotes(178)) - 399079f7-1eb1-4f37-b003-267572525934@group-D40A05E2FCF9-LeaderElection335: begin an election at term 190 for -1: [399079f7-1eb1-4f37-b003-267572525934:192.168.164.241:37762, 7a43c46a-fc88-4b2d-b2da-ae029cfa60ff:192.168.164.241:43684, 6c5c38af-62e6-4ea7-a24a-078dcb28fb39:192.168.164.241:45428], old=null
2019-10-20 18:18:52,841 [ForkJoinPool.commonPool-worker-0] INFO  server.GrpcService (GrpcService.java:closeImpl(172)) - 3750b3a2-715b-46b3-9d0c-9e38136244b9: shutdown server with port 46227 successfully
2019-10-20 18:18:52,841 [grpc-default-executor-10] INFO  impl.RaftServerImpl (RaftServerImpl.java:setRole(184)) - 6c5c38af-62e6-4ea7-a24a-078dcb28fb39@group-D40A05E2FCF9: changes role from  FOLLOWER to FOLLOWER at term 190 for recognizeCandidate:399079f7-1eb1-4f37-b003-267572525934
2019-10-20 18:18:52,841 [grpc-default-executor-10] INFO  impl.RoleInfo (RoleInfo.java:shutdownFollowerState(121)) - 6c5c38af-62e6-4ea7-a24a-078dcb28fb39: shutdown FollowerState
2019-10-20 18:18:52,841 [grpc-default-executor-10] INFO  impl.RoleInfo (RoleInfo.java:updateAndGet(143)) - 6c5c38af-62e6-4ea7-a24a-078dcb28fb39: start FollowerState
2019-10-20 18:18:52,841 [Thread-2752] INFO  impl.FollowerState (FollowerState.java:run(117)) - 6c5c38af-62e6-4ea7-a24a-078dcb28fb39@group-D40A05E2FCF9-FollowerState was interrupted: java.lang.InterruptedException: sleep interrupted
2019-10-20 18:18:52,842 [grpc-default-executor-3] INFO  impl.RaftServerImpl (RaftServerImpl.java:setRole(184)) - 7a43c46a-fc88-4b2d-b2da-ae029cfa60ff@group-D40A05E2FCF9: changes role from  FOLLOWER to FOLLOWER at term 190 for recognizeCandidate:399079f7-1eb1-4f37-b003-267572525934
2019-10-20 18:18:52,842 [grpc-default-executor-3] INFO  impl.RoleInfo (RoleInfo.java:shutdownFollowerState(121)) - 7a43c46a-fc88-4b2d-b2da-ae029cfa60ff: shutdown FollowerState
2019-10-20 18:18:52,843 [grpc-default-executor-3] INFO  impl.RoleInfo (RoleInfo.java:updateAndGet(143)) - 7a43c46a-fc88-4b2d-b2da-ae029cfa60ff: start FollowerState
2019-10-20 18:18:52,843 [Thread-2751] INFO  impl.FollowerState (FollowerState.java:run(117)) - 7a43c46a-fc88-4b2d-b2da-ae029cfa60ff@group-D40A05E2FCF9-FollowerState was interrupted: java.lang.InterruptedException: sleep interrupted
2019-10-20 18:18:52,845 [b75f8b2e-6273-4c97-b7c5-042674931d23@group-F11756C8BA4A-LeaderElection334] INFO  impl.LeaderElection (LogUtils.java:infoOrTrace(149)) - b75f8b2e-6273-4c97-b7c5-042674931d23@group-F11756C8BA4A-LeaderElection334 got exception when requesting votes: {}
java.util.concurrent.ExecutionException: org.apache.ratis.thirdparty.io.grpc.StatusRuntimeException: CANCELLED: HTTP/2 error code: CANCEL
Received Rst Stream
	at java.util.concurrent.FutureTask.report(FutureTask.java:122)
	at java.util.concurrent.FutureTask.get(FutureTask.java:192)
	at org.apache.ratis.server.impl.LeaderElection.waitForResults(LeaderElection.java:259)
	at org.apache.ratis.server.impl.LeaderElection.askForVotes(LeaderElection.java:197)
	at org.apache.ratis.server.impl.LeaderElection.run(LeaderElection.java:133)
	at java.lang.Thread.run(Thread.java:748)
Caused by: org.apache.ratis.thirdparty.io.grpc.StatusRuntimeException: CANCELLED: HTTP/2 error code: CANCEL
Received Rst Stream
	at org.apache.ratis.thirdparty.io.grpc.stub.ClientCalls.toStatusRuntimeException(ClientCalls.java:233)
	at org.apache.ratis.thirdparty.io.grpc.stub.ClientCalls.getUnchecked(ClientCalls.java:214)
	at org.apache.ratis.thirdparty.io.grpc.stub.ClientCalls.blockingUnaryCall(ClientCalls.java:139)
	at org.apache.ratis.proto.grpc.RaftServerProtocolServiceGrpc$RaftServerProtocolServiceBlockingStub.requestVote(RaftServerProtocolServiceGrpc.java:265)
	at org.apache.ratis.grpc.server.GrpcServerProtocolClient.requestVote(GrpcServerProtocolClient.java:99)
	at org.apache.ratis.grpc.server.GrpcService.requestVote(GrpcService.java:204)
	at org.apache.ratis.server.impl.LeaderElection.lambda$submitRequests$1(LeaderElection.java:234)
	at java.util.concurrent.FutureTask.run(FutureTask.java:266)
	at java.util.concurrent.Executors$RunnableAdapter.call(Executors.java:511)
	at java.util.concurrent.FutureTask.run(FutureTask.java:266)
	at java.util.concurrent.ThreadPoolExecutor.runWorker(ThreadPoolExecutor.java:1149)
	at java.util.concurrent.ThreadPoolExecutor$Worker.run(ThreadPoolExecutor.java:624)
	... 1 more
2019-10-20 18:18:52,850 [b75f8b2e-6273-4c97-b7c5-042674931d23@group-F11756C8BA4A-LeaderElection334] INFO  impl.LeaderElection (LeaderElection.java:logAndReturn(56)) - b75f8b2e-6273-4c97-b7c5-042674931d23@group-F11756C8BA4A-LeaderElection334: Election REJECTED; received 1 response(s) [b75f8b2e-6273-4c97-b7c5-042674931d23<-6ef27e9c-8ddb-4fa1-8c14-ab102acfb1b8#0:FAIL-t189] and 1 exception(s); b75f8b2e-6273-4c97-b7c5-042674931d23@group-F11756C8BA4A:t189, leader=null, voted=b75f8b2e-6273-4c97-b7c5-042674931d23, raftlog=b75f8b2e-6273-4c97-b7c5-042674931d23@group-F11756C8BA4A-SegmentedRaftLog:OPENED:c-1,f-1,i0, conf=-1: [6ef27e9c-8ddb-4fa1-8c14-ab102acfb1b8:192.168.164.241:38092, b75f8b2e-6273-4c97-b7c5-042674931d23:192.168.164.241:41857, 3750b3a2-715b-46b3-9d0c-9e38136244b9:192.168.164.241:46227], old=null
2019-10-20 18:18:52,850 [b75f8b2e-6273-4c97-b7c5-042674931d23@group-F11756C8BA4A-LeaderElection334] INFO  impl.LeaderElection (LogUtils.java:infoOrTrace(149)) -   Exception 0: {}
java.util.concurrent.ExecutionException: org.apache.ratis.thirdparty.io.grpc.StatusRuntimeException: CANCELLED: HTTP/2 error code: CANCEL
Received Rst Stream
	at java.util.concurrent.FutureTask.report(FutureTask.java:122)
	at java.util.concurrent.FutureTask.get(FutureTask.java:192)
	at org.apache.ratis.server.impl.LeaderElection.waitForResults(LeaderElection.java:259)
	at org.apache.ratis.server.impl.LeaderElection.askForVotes(LeaderElection.java:197)
	at org.apache.ratis.server.impl.LeaderElection.run(LeaderElection.java:133)
	at java.lang.Thread.run(Thread.java:748)
Caused by: org.apache.ratis.thirdparty.io.grpc.StatusRuntimeException: CANCELLED: HTTP/2 error code: CANCEL
Received Rst Stream
	at org.apache.ratis.thirdparty.io.grpc.stub.ClientCalls.toStatusRuntimeException(ClientCalls.java:233)
	at org.apache.ratis.thirdparty.io.grpc.stub.ClientCalls.getUnchecked(ClientCalls.java:214)
	at org.apache.ratis.thirdparty.io.grpc.stub.ClientCalls.blockingUnaryCall(ClientCalls.java:139)
	at org.apache.ratis.proto.grpc.RaftServerProtocolServiceGrpc$RaftServerProtocolServiceBlockingStub.requestVote(RaftServerProtocolServiceGrpc.java:265)
	at org.apache.ratis.grpc.server.GrpcServerProtocolClient.requestVote(GrpcServerProtocolClient.java:99)
	at org.apache.ratis.grpc.server.GrpcService.requestVote(GrpcService.java:204)
	at org.apache.ratis.server.impl.LeaderElection.lambda$submitRequests$1(LeaderElection.java:234)
	at java.util.concurrent.FutureTask.run(FutureTask.java:266)
	at java.util.concurrent.Executors$RunnableAdapter.call(Executors.java:511)
	at java.util.concurrent.FutureTask.run(FutureTask.java:266)
	at java.util.concurrent.ThreadPoolExecutor.runWorker(ThreadPoolExecutor.java:1149)
	at java.util.concurrent.ThreadPoolExecutor$Worker.run(ThreadPoolExecutor.java:624)
	... 1 more
2019-10-20 18:18:52,851 [b75f8b2e-6273-4c97-b7c5-042674931d23@group-F11756C8BA4A-LeaderElection334] INFO  impl.RaftServerImpl (RaftServerImpl.java:setRole(184)) - b75f8b2e-6273-4c97-b7c5-042674931d23@group-F11756C8BA4A: changes role from CANDIDATE to FOLLOWER at term 189 for DISCOVERED_A_NEW_TERM
2019-10-20 18:18:52,852 [b75f8b2e-6273-4c97-b7c5-042674931d23@group-F11756C8BA4A-LeaderElection334] INFO  impl.RoleInfo (RoleInfo.java:shutdownLeaderElection(134)) - b75f8b2e-6273-4c97-b7c5-042674931d23: shutdown LeaderElection
2019-10-20 18:18:52,852 [b75f8b2e-6273-4c97-b7c5-042674931d23@group-F11756C8BA4A-LeaderElection334] INFO  impl.RoleInfo (RoleInfo.java:updateAndGet(143)) - b75f8b2e-6273-4c97-b7c5-042674931d23: start FollowerState
2019-10-20 18:18:52,857 [refreshUsed-/workdir/hadoop-ozone/integration-test/target/test-dir/MiniOzoneClusterImpl-3ef3c7a0-fafa-4375-a23c-18b63a3f56e7/datanode-2/data/containers] WARN  fs.CachingGetSpaceUsed (CachingGetSpaceUsed.java:run(183)) - Thread Interrupted waiting to refresh disk information: sleep interrupted
2019-10-20 18:18:52,865 [eb28ec45-9b2b-44d6-ae7e-a31feda643bc@group-AF4EDA66FDC9-StateMachineUpdater] INFO  ratis.ContainerStateMachine (ContainerStateMachine.java:takeSnapshot(305)) - group-AF4EDA66FDC9: Finished taking a snapshot at:(t:1, i:20) file:/workdir/hadoop-ozone/integration-test/target/test-dir/MiniOzoneClusterImpl-3ef3c7a0-fafa-4375-a23c-18b63a3f56e7/datanode-5/data/ratis/ffef2051-cdca-432c-9792-af4eda66fdc9/sm/snapshot.1_20 time:49
2019-10-20 18:18:52,866 [399079f7-1eb1-4f37-b003-267572525934@group-D40A05E2FCF9-LeaderElection335] INFO  impl.LeaderElection (LeaderElection.java:logAndReturn(56)) - 399079f7-1eb1-4f37-b003-267572525934@group-D40A05E2FCF9-LeaderElection335: Election REJECTED; received 2 response(s) [399079f7-1eb1-4f37-b003-267572525934<-7a43c46a-fc88-4b2d-b2da-ae029cfa60ff#0:FAIL-t190, 399079f7-1eb1-4f37-b003-267572525934<-6c5c38af-62e6-4ea7-a24a-078dcb28fb39#0:FAIL-t190] and 0 exception(s); 399079f7-1eb1-4f37-b003-267572525934@group-D40A05E2FCF9:t190, leader=null, voted=399079f7-1eb1-4f37-b003-267572525934, raftlog=399079f7-1eb1-4f37-b003-267572525934@group-D40A05E2FCF9-SegmentedRaftLog:OPENED:c-1,f-1,i0, conf=-1: [399079f7-1eb1-4f37-b003-267572525934:192.168.164.241:37762, 7a43c46a-fc88-4b2d-b2da-ae029cfa60ff:192.168.164.241:43684, 6c5c38af-62e6-4ea7-a24a-078dcb28fb39:192.168.164.241:45428], old=null
2019-10-20 18:18:52,866 [399079f7-1eb1-4f37-b003-267572525934@group-D40A05E2FCF9-LeaderElection335] INFO  impl.RaftServerImpl (RaftServerImpl.java:setRole(184)) - 399079f7-1eb1-4f37-b003-267572525934@group-D40A05E2FCF9: changes role from CANDIDATE to FOLLOWER at term 190 for DISCOVERED_A_NEW_TERM
2019-10-20 18:18:52,866 [399079f7-1eb1-4f37-b003-267572525934@group-D40A05E2FCF9-LeaderElection335] INFO  impl.RoleInfo (RoleInfo.java:shutdownLeaderElection(134)) - 399079f7-1eb1-4f37-b003-267572525934: shutdown LeaderElection
2019-10-20 18:18:52,866 [399079f7-1eb1-4f37-b003-267572525934@group-D40A05E2FCF9-LeaderElection335] INFO  impl.RoleInfo (RoleInfo.java:updateAndGet(143)) - 399079f7-1eb1-4f37-b003-267572525934: start FollowerState
2019-10-20 18:18:52,871 [eb28ec45-9b2b-44d6-ae7e-a31feda643bc@group-AF4EDA66FDC9-StateMachineUpdater] INFO  impl.StateMachineUpdater (StateMachineUpdater.java:takeSnapshot(269)) - eb28ec45-9b2b-44d6-ae7e-a31feda643bc@group-AF4EDA66FDC9-StateMachineUpdater: Took a snapshot at index 20
2019-10-20 18:18:52,871 [eb28ec45-9b2b-44d6-ae7e-a31feda643bc@group-AF4EDA66FDC9-StateMachineUpdater] INFO  impl.StateMachineUpdater (StateMachineUpdater.java:lambda$new$0(84)) - eb28ec45-9b2b-44d6-ae7e-a31feda643bc@group-AF4EDA66FDC9-StateMachineUpdater: snapshotIndex: updateIncreasingly -1 -> 20
2019-10-20 18:18:52,890 [main] INFO  impl.RaftServerImpl (ServerState.java:close(388)) - eb28ec45-9b2b-44d6-ae7e-a31feda643bc@group-AF4EDA66FDC9: closes. applyIndex: 20
2019-10-20 18:18:52,891 [eb28ec45-9b2b-44d6-ae7e-a31feda643bc@group-AF4EDA66FDC9-SegmentedRaftLogWorker] INFO  segmented.SegmentedRaftLogWorker (SegmentedRaftLogWorker.java:run(316)) - eb28ec45-9b2b-44d6-ae7e-a31feda643bc@group-AF4EDA66FDC9-SegmentedRaftLogWorker was interrupted, exiting. There are 0 tasks remaining in the queue.
2019-10-20 18:18:52,893 [main] INFO  segmented.SegmentedRaftLogWorker (SegmentedRaftLogWorker.java:close(224)) - eb28ec45-9b2b-44d6-ae7e-a31feda643bc@group-AF4EDA66FDC9-SegmentedRaftLogWorker close()
2019-10-20 18:18:52,896 [main] INFO  impl.RaftServerImpl (RaftServerImpl.java:lambda$shutdown$3(261)) - eb28ec45-9b2b-44d6-ae7e-a31feda643bc@group-C6BE79E2629F: shutdown
2019-10-20 18:18:52,898 [ForkJoinPool.commonPool-worker-0] INFO  utils.BackgroundService (BackgroundService.java:shutdown(151)) - Shutting down service BlockDeletingService
2019-10-20 18:18:52,898 [main] INFO  util.JmxRegister (JmxRegister.java:unregister(73)) - Successfully un-registered JMX Bean with object name Ratis:service=RaftServer,group=group-C6BE79E2629F,id=eb28ec45-9b2b-44d6-ae7e-a31feda643bc
2019-10-20 18:18:52,898 [main] INFO  impl.RoleInfo (RoleInfo.java:shutdownLeaderState(104)) - eb28ec45-9b2b-44d6-ae7e-a31feda643bc: shutdown LeaderState
2019-10-20 18:18:52,903 [main] INFO  impl.PendingRequests (PendingRequests.java:sendNotLeaderResponses(202)) - eb28ec45-9b2b-44d6-ae7e-a31feda643bc@group-C6BE79E2629F-PendingRequests: sendNotLeaderResponses
2019-10-20 18:18:52,904 [ForkJoinPool.commonPool-worker-0] INFO  statemachine.DatanodeStateMachine (DatanodeStateMachine.java:stopDaemon(395)) - Ozone container server stopped.
2019-10-20 18:18:52,905 [main] INFO  impl.StateMachineUpdater (StateMachineUpdater.java:stopAndJoin(136)) - eb28ec45-9b2b-44d6-ae7e-a31feda643bc@group-C6BE79E2629F-StateMachineUpdater: set stopIndex = 0
2019-10-20 18:18:52,908 [main] INFO  impl.RaftServerImpl (ServerState.java:close(388)) - eb28ec45-9b2b-44d6-ae7e-a31feda643bc@group-C6BE79E2629F: closes. applyIndex: 0
2019-10-20 18:18:52,910 [ForkJoinPool.commonPool-worker-0] INFO  handler.ContextHandler (ContextHandler.java:doStop(910)) - Stopped o.e.j.w.WebAppContext@71a06021{/,null,UNAVAILABLE}{/hddsDatanode}
2019-10-20 18:18:52,910 [eb28ec45-9b2b-44d6-ae7e-a31feda643bc@group-C6BE79E2629F-SegmentedRaftLogWorker] INFO  segmented.SegmentedRaftLogWorker (SegmentedRaftLogWorker.java:run(316)) - eb28ec45-9b2b-44d6-ae7e-a31feda643bc@group-C6BE79E2629F-SegmentedRaftLogWorker was interrupted, exiting. There are 0 tasks remaining in the queue.
2019-10-20 18:18:52,912 [main] INFO  segmented.SegmentedRaftLogWorker (SegmentedRaftLogWorker.java:close(224)) - eb28ec45-9b2b-44d6-ae7e-a31feda643bc@group-C6BE79E2629F-SegmentedRaftLogWorker close()
2019-10-20 18:18:52,914 [ForkJoinPool.commonPool-worker-0] INFO  server.AbstractConnector (AbstractConnector.java:doStop(318)) - Stopped ServerConnector@80bfdc6{HTTP/1.1,[http/1.1]}{0.0.0.0:0}
2019-10-20 18:18:52,915 [main] INFO  server.GrpcService (GrpcService.java:closeImpl(164)) - eb28ec45-9b2b-44d6-ae7e-a31feda643bc: shutdown server with port 42571 now
2019-10-20 18:18:52,917 [ForkJoinPool.commonPool-worker-0] INFO  handler.ContextHandler (ContextHandler.java:doStop(910)) - Stopped o.e.j.s.ServletContextHandler@767a014e{/static,jar:file:/home/user/.m2/repository/org/apache/hadoop/hadoop-hdds-container-service/0.5.0-SNAPSHOT/hadoop-hdds-container-service-0.5.0-SNAPSHOT.jar!/webapps/static,UNAVAILABLE}
2019-10-20 18:18:52,918 [ForkJoinPool.commonPool-worker-0] INFO  handler.ContextHandler (ContextHandler.java:doStop(910)) - Stopped o.e.j.s.ServletContextHandler@2f236de0{/logs,file:///workdir/hadoop-ozone/integration-test/target/log,UNAVAILABLE}
2019-10-20 18:18:52,920 [main] INFO  server.GrpcService (GrpcService.java:closeImpl(172)) - eb28ec45-9b2b-44d6-ae7e-a31feda643bc: shutdown server with port 42571 successfully
2019-10-20 18:18:52,921 [grpc-default-executor-3] WARN  client.GrpcClientProtocolService (LogUtils.java:warn(134)) - 1-UnorderedRequestStreamObserver1: onError: org.apache.ratis.thirdparty.io.grpc.StatusRuntimeException: CANCELLED: cancelled before receiving half close
2019-10-20 18:18:52,922 [refreshUsed-/workdir/hadoop-ozone/integration-test/target/test-dir/MiniOzoneClusterImpl-3ef3c7a0-fafa-4375-a23c-18b63a3f56e7/datanode-5/data/containers] WARN  fs.CachingGetSpaceUsed (CachingGetSpaceUsed.java:run(183)) - Thread Interrupted waiting to refresh disk information: sleep interrupted
2019-10-20 18:18:52,936 [main] INFO  utils.BackgroundService (BackgroundService.java:shutdown(151)) - Shutting down service BlockDeletingService
2019-10-20 18:18:52,941 [main] INFO  statemachine.DatanodeStateMachine (DatanodeStateMachine.java:stopDaemon(395)) - Ozone container server stopped.
2019-10-20 18:18:52,942 [main] INFO  handler.ContextHandler (ContextHandler.java:doStop(910)) - Stopped o.e.j.w.WebAppContext@56dfab87{/,null,UNAVAILABLE}{/hddsDatanode}
2019-10-20 18:18:52,943 [main] INFO  server.AbstractConnector (AbstractConnector.java:doStop(318)) - Stopped ServerConnector@715b886f{HTTP/1.1,[http/1.1]}{0.0.0.0:0}
2019-10-20 18:18:52,943 [main] INFO  handler.ContextHandler (ContextHandler.java:doStop(910)) - Stopped o.e.j.s.ServletContextHandler@72f9f27c{/static,jar:file:/home/user/.m2/repository/org/apache/hadoop/hadoop-hdds-container-service/0.5.0-SNAPSHOT/hadoop-hdds-container-service-0.5.0-SNAPSHOT.jar!/webapps/static,UNAVAILABLE}
2019-10-20 18:18:52,943 [main] INFO  handler.ContextHandler (ContextHandler.java:doStop(910)) - Stopped o.e.j.s.ServletContextHandler@43af351a{/logs,file:///workdir/hadoop-ozone/integration-test/target/log,UNAVAILABLE}
2019-10-20 18:18:53,007 [Datanode State Machine Thread - 0] INFO  statemachine.DatanodeStateMachine (DatanodeStateMachine.java:lambda$startDaemon$0(350)) - Ozone container server started.
2019-10-20 18:18:53,014 [Thread-2764] INFO  impl.FollowerState (FollowerState.java:run(108)) - b75f8b2e-6273-4c97-b7c5-042674931d23@group-F11756C8BA4A-FollowerState: change to CANDIDATE, lastRpcTime:161ms, electionTimeout:161ms
2019-10-20 18:18:53,014 [Thread-2764] INFO  impl.RoleInfo (RoleInfo.java:shutdownFollowerState(121)) - b75f8b2e-6273-4c97-b7c5-042674931d23: shutdown FollowerState
2019-10-20 18:18:53,014 [Thread-2764] INFO  impl.RaftServerImpl (RaftServerImpl.java:setRole(184)) - b75f8b2e-6273-4c97-b7c5-042674931d23@group-F11756C8BA4A: changes role from  FOLLOWER to CANDIDATE at term 189 for changeToCandidate
2019-10-20 18:18:53,014 [Thread-2764] INFO  impl.RoleInfo (RoleInfo.java:updateAndGet(143)) - b75f8b2e-6273-4c97-b7c5-042674931d23: start LeaderElection
2019-10-20 18:18:53,034 [b75f8b2e-6273-4c97-b7c5-042674931d23@group-F11756C8BA4A-LeaderElection336] INFO  impl.LeaderElection (LeaderElection.java:askForVotes(178)) - b75f8b2e-6273-4c97-b7c5-042674931d23@group-F11756C8BA4A-LeaderElection336: begin an election at term 190 for -1: [6ef27e9c-8ddb-4fa1-8c14-ab102acfb1b8:192.168.164.241:38092, b75f8b2e-6273-4c97-b7c5-042674931d23:192.168.164.241:41857, 3750b3a2-715b-46b3-9d0c-9e38136244b9:192.168.164.241:46227], old=null
2019-10-20 18:18:53,036 [grpc-default-executor-3] INFO  impl.RaftServerImpl (RaftServerImpl.java:setRole(184)) - 6ef27e9c-8ddb-4fa1-8c14-ab102acfb1b8@group-F11756C8BA4A: changes role from  FOLLOWER to FOLLOWER at term 190 for recognizeCandidate:b75f8b2e-6273-4c97-b7c5-042674931d23
2019-10-20 18:18:53,036 [grpc-default-executor-3] INFO  impl.RoleInfo (RoleInfo.java:shutdownFollowerState(121)) - 6ef27e9c-8ddb-4fa1-8c14-ab102acfb1b8: shutdown FollowerState
2019-10-20 18:18:53,036 [grpc-default-executor-3] INFO  impl.RoleInfo (RoleInfo.java:updateAndGet(143)) - 6ef27e9c-8ddb-4fa1-8c14-ab102acfb1b8: start FollowerState
2019-10-20 18:18:53,036 [Thread-2758] INFO  impl.FollowerState (FollowerState.java:run(117)) - 6ef27e9c-8ddb-4fa1-8c14-ab102acfb1b8@group-F11756C8BA4A-FollowerState was interrupted: java.lang.InterruptedException: sleep interrupted
2019-10-20 18:18:53,046 [b75f8b2e-6273-4c97-b7c5-042674931d23@group-F11756C8BA4A-LeaderElection336] INFO  impl.LeaderElection (LogUtils.java:infoOrTrace(149)) - b75f8b2e-6273-4c97-b7c5-042674931d23@group-F11756C8BA4A-LeaderElection336 got exception when requesting votes: {}
java.util.concurrent.ExecutionException: org.apache.ratis.thirdparty.io.grpc.StatusRuntimeException: UNAVAILABLE: io exception
	at java.util.concurrent.FutureTask.report(FutureTask.java:122)
	at java.util.concurrent.FutureTask.get(FutureTask.java:192)
	at org.apache.ratis.server.impl.LeaderElection.waitForResults(LeaderElection.java:259)
	at org.apache.ratis.server.impl.LeaderElection.askForVotes(LeaderElection.java:197)
	at org.apache.ratis.server.impl.LeaderElection.run(LeaderElection.java:133)
	at java.lang.Thread.run(Thread.java:748)
Caused by: org.apache.ratis.thirdparty.io.grpc.StatusRuntimeException: UNAVAILABLE: io exception
	at org.apache.ratis.thirdparty.io.grpc.stub.ClientCalls.toStatusRuntimeException(ClientCalls.java:233)
	at org.apache.ratis.thirdparty.io.grpc.stub.ClientCalls.getUnchecked(ClientCalls.java:214)
	at org.apache.ratis.thirdparty.io.grpc.stub.ClientCalls.blockingUnaryCall(ClientCalls.java:139)
	at org.apache.ratis.proto.grpc.RaftServerProtocolServiceGrpc$RaftServerProtocolServiceBlockingStub.requestVote(RaftServerProtocolServiceGrpc.java:265)
	at org.apache.ratis.grpc.server.GrpcServerProtocolClient.requestVote(GrpcServerProtocolClient.java:99)
	at org.apache.ratis.grpc.server.GrpcService.requestVote(GrpcService.java:204)
	at org.apache.ratis.server.impl.LeaderElection.lambda$submitRequests$1(LeaderElection.java:234)
	at java.util.concurrent.FutureTask.run(FutureTask.java:266)
	at java.util.concurrent.Executors$RunnableAdapter.call(Executors.java:511)
	at java.util.concurrent.FutureTask.run(FutureTask.java:266)
	at java.util.concurrent.ThreadPoolExecutor.runWorker(ThreadPoolExecutor.java:1149)
	at java.util.concurrent.ThreadPoolExecutor$Worker.run(ThreadPoolExecutor.java:624)
	... 1 more
Caused by: org.apache.ratis.thirdparty.io.netty.channel.AbstractChannel$AnnotatedConnectException: Connection refused: /192.168.164.241:46227
	at sun.nio.ch.SocketChannelImpl.checkConnect(Native Method)
	at sun.nio.ch.SocketChannelImpl.finishConnect(SocketChannelImpl.java:717)
	at org.apache.ratis.thirdparty.io.netty.channel.socket.nio.NioSocketChannel.doFinishConnect(NioSocketChannel.java:327)
	at org.apache.ratis.thirdparty.io.netty.channel.nio.AbstractNioChannel$AbstractNioUnsafe.finishConnect(AbstractNioChannel.java:340)
	at org.apache.ratis.thirdparty.io.netty.channel.nio.NioEventLoop.processSelectedKey(NioEventLoop.java:632)
	at org.apache.ratis.thirdparty.io.netty.channel.nio.NioEventLoop.processSelectedKeysOptimized(NioEventLoop.java:579)
	at org.apache.ratis.thirdparty.io.netty.channel.nio.NioEventLoop.processSelectedKeys(NioEventLoop.java:496)
	at org.apache.ratis.thirdparty.io.netty.channel.nio.NioEventLoop.run(NioEventLoop.java:458)
	at org.apache.ratis.thirdparty.io.netty.util.concurrent.SingleThreadEventExecutor$5.run(SingleThreadEventExecutor.java:897)
	at org.apache.ratis.thirdparty.io.netty.util.concurrent.FastThreadLocalRunnable.run(FastThreadLocalRunnable.java:30)
	... 1 more
Caused by: java.net.ConnectException: Connection refused
	... 11 more
2019-10-20 18:18:53,050 [Thread-2765] INFO  impl.FollowerState (FollowerState.java:run(108)) - 399079f7-1eb1-4f37-b003-267572525934@group-D40A05E2FCF9-FollowerState: change to CANDIDATE, lastRpcTime:183ms, electionTimeout:176ms
2019-10-20 18:18:53,051 [Thread-2765] INFO  impl.RoleInfo (RoleInfo.java:shutdownFollowerState(121)) - 399079f7-1eb1-4f37-b003-267572525934: shutdown FollowerState
2019-10-20 18:18:53,051 [Thread-2765] INFO  impl.RaftServerImpl (RaftServerImpl.java:setRole(184)) - 399079f7-1eb1-4f37-b003-267572525934@group-D40A05E2FCF9: changes role from  FOLLOWER to CANDIDATE at term 190 for changeToCandidate
2019-10-20 18:18:53,051 [Thread-2765] INFO  impl.RoleInfo (RoleInfo.java:updateAndGet(143)) - 399079f7-1eb1-4f37-b003-267572525934: start LeaderElection
2019-10-20 18:18:53,060 [b75f8b2e-6273-4c97-b7c5-042674931d23@group-F11756C8BA4A-LeaderElection336] INFO  impl.LeaderElection (LeaderElection.java:logAndReturn(56)) - b75f8b2e-6273-4c97-b7c5-042674931d23@group-F11756C8BA4A-LeaderElection336: Election REJECTED; received 1 response(s) [b75f8b2e-6273-4c97-b7c5-042674931d23<-6ef27e9c-8ddb-4fa1-8c14-ab102acfb1b8#0:FAIL-t190] and 1 exception(s); b75f8b2e-6273-4c97-b7c5-042674931d23@group-F11756C8BA4A:t190, leader=null, voted=b75f8b2e-6273-4c97-b7c5-042674931d23, raftlog=b75f8b2e-6273-4c97-b7c5-042674931d23@group-F11756C8BA4A-SegmentedRaftLog:OPENED:c-1,f-1,i0, conf=-1: [6ef27e9c-8ddb-4fa1-8c14-ab102acfb1b8:192.168.164.241:38092, b75f8b2e-6273-4c97-b7c5-042674931d23:192.168.164.241:41857, 3750b3a2-715b-46b3-9d0c-9e38136244b9:192.168.164.241:46227], old=null
2019-10-20 18:18:53,061 [b75f8b2e-6273-4c97-b7c5-042674931d23@group-F11756C8BA4A-LeaderElection336] INFO  impl.LeaderElection (LogUtils.java:infoOrTrace(149)) -   Exception 0: {}
java.util.concurrent.ExecutionException: org.apache.ratis.thirdparty.io.grpc.StatusRuntimeException: UNAVAILABLE: io exception
	at java.util.concurrent.FutureTask.report(FutureTask.java:122)
	at java.util.concurrent.FutureTask.get(FutureTask.java:192)
	at org.apache.ratis.server.impl.LeaderElection.waitForResults(LeaderElection.java:259)
	at org.apache.ratis.server.impl.LeaderElection.askForVotes(LeaderElection.java:197)
	at org.apache.ratis.server.impl.LeaderElection.run(LeaderElection.java:133)
	at java.lang.Thread.run(Thread.java:748)
Caused by: org.apache.ratis.thirdparty.io.grpc.StatusRuntimeException: UNAVAILABLE: io exception
	at org.apache.ratis.thirdparty.io.grpc.stub.ClientCalls.toStatusRuntimeException(ClientCalls.java:233)
	at org.apache.ratis.thirdparty.io.grpc.stub.ClientCalls.getUnchecked(ClientCalls.java:214)
	at org.apache.ratis.thirdparty.io.grpc.stub.ClientCalls.blockingUnaryCall(ClientCalls.java:139)
	at org.apache.ratis.proto.grpc.RaftServerProtocolServiceGrpc$RaftServerProtocolServiceBlockingStub.requestVote(RaftServerProtocolServiceGrpc.java:265)
	at org.apache.ratis.grpc.server.GrpcServerProtocolClient.requestVote(GrpcServerProtocolClient.java:99)
	at org.apache.ratis.grpc.server.GrpcService.requestVote(GrpcService.java:204)
	at org.apache.ratis.server.impl.LeaderElection.lambda$submitRequests$1(LeaderElection.java:234)
	at java.util.concurrent.FutureTask.run(FutureTask.java:266)
	at java.util.concurrent.Executors$RunnableAdapter.call(Executors.java:511)
	at java.util.concurrent.FutureTask.run(FutureTask.java:266)
	at java.util.concurrent.ThreadPoolExecutor.runWorker(ThreadPoolExecutor.java:1149)
	at java.util.concurrent.ThreadPoolExecutor$Worker.run(ThreadPoolExecutor.java:624)
	... 1 more
Caused by: org.apache.ratis.thirdparty.io.netty.channel.AbstractChannel$AnnotatedConnectException: Connection refused: /192.168.164.241:46227
	at sun.nio.ch.SocketChannelImpl.checkConnect(Native Method)
	at sun.nio.ch.SocketChannelImpl.finishConnect(SocketChannelImpl.java:717)
	at org.apache.ratis.thirdparty.io.netty.channel.socket.nio.NioSocketChannel.doFinishConnect(NioSocketChannel.java:327)
	at org.apache.ratis.thirdparty.io.netty.channel.nio.AbstractNioChannel$AbstractNioUnsafe.finishConnect(AbstractNioChannel.java:340)
	at org.apache.ratis.thirdparty.io.netty.channel.nio.NioEventLoop.processSelectedKey(NioEventLoop.java:632)
	at org.apache.ratis.thirdparty.io.netty.channel.nio.NioEventLoop.processSelectedKeysOptimized(NioEventLoop.java:579)
	at org.apache.ratis.thirdparty.io.netty.channel.nio.NioEventLoop.processSelectedKeys(NioEventLoop.java:496)
	at org.apache.ratis.thirdparty.io.netty.channel.nio.NioEventLoop.run(NioEventLoop.java:458)
	at org.apache.ratis.thirdparty.io.netty.util.concurrent.SingleThreadEventExecutor$5.run(SingleThreadEventExecutor.java:897)
	at org.apache.ratis.thirdparty.io.netty.util.concurrent.FastThreadLocalRunnable.run(FastThreadLocalRunnable.java:30)
	... 1 more
Caused by: java.net.ConnectException: Connection refused
	... 11 more
2019-10-20 18:18:53,061 [b75f8b2e-6273-4c97-b7c5-042674931d23@group-F11756C8BA4A-LeaderElection336] INFO  impl.RaftServerImpl (RaftServerImpl.java:setRole(184)) - b75f8b2e-6273-4c97-b7c5-042674931d23@group-F11756C8BA4A: changes role from CANDIDATE to FOLLOWER at term 190 for DISCOVERED_A_NEW_TERM
2019-10-20 18:18:53,061 [b75f8b2e-6273-4c97-b7c5-042674931d23@group-F11756C8BA4A-LeaderElection336] INFO  impl.RoleInfo (RoleInfo.java:shutdownLeaderElection(134)) - b75f8b2e-6273-4c97-b7c5-042674931d23: shutdown LeaderElection
2019-10-20 18:18:53,061 [b75f8b2e-6273-4c97-b7c5-042674931d23@group-F11756C8BA4A-LeaderElection336] INFO  impl.RoleInfo (RoleInfo.java:updateAndGet(143)) - b75f8b2e-6273-4c97-b7c5-042674931d23: start FollowerState
2019-10-20 18:18:53,077 [399079f7-1eb1-4f37-b003-267572525934@group-D40A05E2FCF9-LeaderElection337] INFO  impl.LeaderElection (LeaderElection.java:askForVotes(178)) - 399079f7-1eb1-4f37-b003-267572525934@group-D40A05E2FCF9-LeaderElection337: begin an election at term 191 for -1: [399079f7-1eb1-4f37-b003-267572525934:192.168.164.241:37762, 7a43c46a-fc88-4b2d-b2da-ae029cfa60ff:192.168.164.241:43684, 6c5c38af-62e6-4ea7-a24a-078dcb28fb39:192.168.164.241:45428], old=null
2019-10-20 18:18:53,078 [grpc-default-executor-10] INFO  impl.RaftServerImpl (RaftServerImpl.java:setRole(184)) - 7a43c46a-fc88-4b2d-b2da-ae029cfa60ff@group-D40A05E2FCF9: changes role from  FOLLOWER to FOLLOWER at term 191 for recognizeCandidate:399079f7-1eb1-4f37-b003-267572525934
2019-10-20 18:18:53,078 [grpc-default-executor-3] INFO  impl.RaftServerImpl (RaftServerImpl.java:setRole(184)) - 6c5c38af-62e6-4ea7-a24a-078dcb28fb39@group-D40A05E2FCF9: changes role from  FOLLOWER to FOLLOWER at term 191 for recognizeCandidate:399079f7-1eb1-4f37-b003-267572525934
2019-10-20 18:18:53,078 [grpc-default-executor-10] INFO  impl.RoleInfo (RoleInfo.java:shutdownFollowerState(121)) - 7a43c46a-fc88-4b2d-b2da-ae029cfa60ff: shutdown FollowerState
2019-10-20 18:18:53,079 [grpc-default-executor-3] INFO  impl.RoleInfo (RoleInfo.java:shutdownFollowerState(121)) - 6c5c38af-62e6-4ea7-a24a-078dcb28fb39: shutdown FollowerState
2019-10-20 18:18:53,079 [grpc-default-executor-10] INFO  impl.RoleInfo (RoleInfo.java:updateAndGet(143)) - 7a43c46a-fc88-4b2d-b2da-ae029cfa60ff: start FollowerState
2019-10-20 18:18:53,079 [Thread-2762] INFO  impl.FollowerState (FollowerState.java:run(117)) - 6c5c38af-62e6-4ea7-a24a-078dcb28fb39@group-D40A05E2FCF9-FollowerState was interrupted: java.lang.InterruptedException: sleep interrupted
2019-10-20 18:18:53,079 [grpc-default-executor-3] INFO  impl.RoleInfo (RoleInfo.java:updateAndGet(143)) - 6c5c38af-62e6-4ea7-a24a-078dcb28fb39: start FollowerState
2019-10-20 18:18:53,079 [Thread-2763] INFO  impl.FollowerState (FollowerState.java:run(117)) - 7a43c46a-fc88-4b2d-b2da-ae029cfa60ff@group-D40A05E2FCF9-FollowerState was interrupted: java.lang.InterruptedException: sleep interrupted
2019-10-20 18:18:53,103 [Thread-2771] INFO  impl.FollowerState (FollowerState.java:run(108)) - b75f8b2e-6273-4c97-b7c5-042674931d23@group-F11756C8BA4A-FollowerState: change to CANDIDATE, lastRpcTime:41ms, electionTimeout:41ms
2019-10-20 18:18:53,103 [399079f7-1eb1-4f37-b003-267572525934@group-D40A05E2FCF9-LeaderElection337] INFO  impl.LeaderElection (LeaderElection.java:logAndReturn(56)) - 399079f7-1eb1-4f37-b003-267572525934@group-D40A05E2FCF9-LeaderElection337: Election REJECTED; received 2 response(s) [399079f7-1eb1-4f37-b003-267572525934<-7a43c46a-fc88-4b2d-b2da-ae029cfa60ff#0:FAIL-t191, 399079f7-1eb1-4f37-b003-267572525934<-6c5c38af-62e6-4ea7-a24a-078dcb28fb39#0:FAIL-t191] and 0 exception(s); 399079f7-1eb1-4f37-b003-267572525934@group-D40A05E2FCF9:t191, leader=null, voted=399079f7-1eb1-4f37-b003-267572525934, raftlog=399079f7-1eb1-4f37-b003-267572525934@group-D40A05E2FCF9-SegmentedRaftLog:OPENED:c-1,f-1,i0, conf=-1: [399079f7-1eb1-4f37-b003-267572525934:192.168.164.241:37762, 7a43c46a-fc88-4b2d-b2da-ae029cfa60ff:192.168.164.241:43684, 6c5c38af-62e6-4ea7-a24a-078dcb28fb39:192.168.164.241:45428], old=null
2019-10-20 18:18:53,103 [Thread-2771] INFO  impl.RoleInfo (RoleInfo.java:shutdownFollowerState(121)) - b75f8b2e-6273-4c97-b7c5-042674931d23: shutdown FollowerState
2019-10-20 18:18:53,103 [399079f7-1eb1-4f37-b003-267572525934@group-D40A05E2FCF9-LeaderElection337] INFO  impl.RaftServerImpl (RaftServerImpl.java:setRole(184)) - 399079f7-1eb1-4f37-b003-267572525934@group-D40A05E2FCF9: changes role from CANDIDATE to FOLLOWER at term 191 for DISCOVERED_A_NEW_TERM
2019-10-20 18:18:53,103 [399079f7-1eb1-4f37-b003-267572525934@group-D40A05E2FCF9-LeaderElection337] INFO  impl.RoleInfo (RoleInfo.java:shutdownLeaderElection(134)) - 399079f7-1eb1-4f37-b003-267572525934: shutdown LeaderElection
2019-10-20 18:18:53,103 [Thread-2771] INFO  impl.RaftServerImpl (RaftServerImpl.java:setRole(184)) - b75f8b2e-6273-4c97-b7c5-042674931d23@group-F11756C8BA4A: changes role from  FOLLOWER to CANDIDATE at term 190 for changeToCandidate
2019-10-20 18:18:53,104 [399079f7-1eb1-4f37-b003-267572525934@group-D40A05E2FCF9-LeaderElection337] INFO  impl.RoleInfo (RoleInfo.java:updateAndGet(143)) - 399079f7-1eb1-4f37-b003-267572525934: start FollowerState
2019-10-20 18:18:53,104 [Thread-2771] INFO  impl.RoleInfo (RoleInfo.java:updateAndGet(143)) - b75f8b2e-6273-4c97-b7c5-042674931d23: start LeaderElection
2019-10-20 18:18:53,128 [b75f8b2e-6273-4c97-b7c5-042674931d23@group-F11756C8BA4A-LeaderElection338] INFO  impl.LeaderElection (LeaderElection.java:askForVotes(178)) - b75f8b2e-6273-4c97-b7c5-042674931d23@group-F11756C8BA4A-LeaderElection338: begin an election at term 191 for -1: [6ef27e9c-8ddb-4fa1-8c14-ab102acfb1b8:192.168.164.241:38092, b75f8b2e-6273-4c97-b7c5-042674931d23:192.168.164.241:41857, 3750b3a2-715b-46b3-9d0c-9e38136244b9:192.168.164.241:46227], old=null
2019-10-20 18:18:53,129 [b75f8b2e-6273-4c97-b7c5-042674931d23@group-F11756C8BA4A-LeaderElection338] INFO  impl.LeaderElection (LogUtils.java:infoOrTrace(149)) - b75f8b2e-6273-4c97-b7c5-042674931d23@group-F11756C8BA4A-LeaderElection338 got exception when requesting votes: {}
java.util.concurrent.ExecutionException: org.apache.ratis.thirdparty.io.grpc.StatusRuntimeException: UNAVAILABLE: io exception
	at java.util.concurrent.FutureTask.report(FutureTask.java:122)
	at java.util.concurrent.FutureTask.get(FutureTask.java:192)
	at org.apache.ratis.server.impl.LeaderElection.waitForResults(LeaderElection.java:259)
	at org.apache.ratis.server.impl.LeaderElection.askForVotes(LeaderElection.java:197)
	at org.apache.ratis.server.impl.LeaderElection.run(LeaderElection.java:133)
	at java.lang.Thread.run(Thread.java:748)
Caused by: org.apache.ratis.thirdparty.io.grpc.StatusRuntimeException: UNAVAILABLE: io exception
	at org.apache.ratis.thirdparty.io.grpc.stub.ClientCalls.toStatusRuntimeException(ClientCalls.java:233)
	at org.apache.ratis.thirdparty.io.grpc.stub.ClientCalls.getUnchecked(ClientCalls.java:214)
	at org.apache.ratis.thirdparty.io.grpc.stub.ClientCalls.blockingUnaryCall(ClientCalls.java:139)
	at org.apache.ratis.proto.grpc.RaftServerProtocolServiceGrpc$RaftServerProtocolServiceBlockingStub.requestVote(RaftServerProtocolServiceGrpc.java:265)
	at org.apache.ratis.grpc.server.GrpcServerProtocolClient.requestVote(GrpcServerProtocolClient.java:99)
	at org.apache.ratis.grpc.server.GrpcService.requestVote(GrpcService.java:204)
	at org.apache.ratis.server.impl.LeaderElection.lambda$submitRequests$1(LeaderElection.java:234)
	at java.util.concurrent.FutureTask.run(FutureTask.java:266)
	at java.util.concurrent.Executors$RunnableAdapter.call(Executors.java:511)
	at java.util.concurrent.FutureTask.run(FutureTask.java:266)
	at java.util.concurrent.ThreadPoolExecutor.runWorker(ThreadPoolExecutor.java:1149)
	at java.util.concurrent.ThreadPoolExecutor$Worker.run(ThreadPoolExecutor.java:624)
	... 1 more
Caused by: org.apache.ratis.thirdparty.io.netty.channel.AbstractChannel$AnnotatedConnectException: Connection refused: /192.168.164.241:46227
	at sun.nio.ch.SocketChannelImpl.checkConnect(Native Method)
	at sun.nio.ch.SocketChannelImpl.finishConnect(SocketChannelImpl.java:717)
	at org.apache.ratis.thirdparty.io.netty.channel.socket.nio.NioSocketChannel.doFinishConnect(NioSocketChannel.java:327)
	at org.apache.ratis.thirdparty.io.netty.channel.nio.AbstractNioChannel$AbstractNioUnsafe.finishConnect(AbstractNioChannel.java:340)
	at org.apache.ratis.thirdparty.io.netty.channel.nio.NioEventLoop.processSelectedKey(NioEventLoop.java:632)
	at org.apache.ratis.thirdparty.io.netty.channel.nio.NioEventLoop.processSelectedKeysOptimized(NioEventLoop.java:579)
	at org.apache.ratis.thirdparty.io.netty.channel.nio.NioEventLoop.processSelectedKeys(NioEventLoop.java:496)
	at org.apache.ratis.thirdparty.io.netty.channel.nio.NioEventLoop.run(NioEventLoop.java:458)
	at org.apache.ratis.thirdparty.io.netty.util.concurrent.SingleThreadEventExecutor$5.run(SingleThreadEventExecutor.java:897)
	at org.apache.ratis.thirdparty.io.netty.util.concurrent.FastThreadLocalRunnable.run(FastThreadLocalRunnable.java:30)
	... 1 more
Caused by: java.net.ConnectException: Connection refused
	... 11 more
2019-10-20 18:18:53,132 [grpc-default-executor-10] INFO  impl.RaftServerImpl (RaftServerImpl.java:setRole(184)) - 6ef27e9c-8ddb-4fa1-8c14-ab102acfb1b8@group-F11756C8BA4A: changes role from  FOLLOWER to FOLLOWER at term 191 for recognizeCandidate:b75f8b2e-6273-4c97-b7c5-042674931d23
2019-10-20 18:18:53,133 [grpc-default-executor-10] INFO  impl.RoleInfo (RoleInfo.java:shutdownFollowerState(121)) - 6ef27e9c-8ddb-4fa1-8c14-ab102acfb1b8: shutdown FollowerState
2019-10-20 18:18:53,133 [grpc-default-executor-10] INFO  impl.RoleInfo (RoleInfo.java:updateAndGet(143)) - 6ef27e9c-8ddb-4fa1-8c14-ab102acfb1b8: start FollowerState
2019-10-20 18:18:53,133 [Thread-2769] INFO  impl.FollowerState (FollowerState.java:run(117)) - 6ef27e9c-8ddb-4fa1-8c14-ab102acfb1b8@group-F11756C8BA4A-FollowerState was interrupted: java.lang.InterruptedException: sleep interrupted
2019-10-20 18:18:53,149 [Thread-2776] INFO  impl.FollowerState (FollowerState.java:run(108)) - 399079f7-1eb1-4f37-b003-267572525934@group-D40A05E2FCF9-FollowerState: change to CANDIDATE, lastRpcTime:45ms, electionTimeout:45ms
2019-10-20 18:18:53,149 [Thread-2776] INFO  impl.RoleInfo (RoleInfo.java:shutdownFollowerState(121)) - 399079f7-1eb1-4f37-b003-267572525934: shutdown FollowerState
2019-10-20 18:18:53,149 [Thread-2776] INFO  impl.RaftServerImpl (RaftServerImpl.java:setRole(184)) - 399079f7-1eb1-4f37-b003-267572525934@group-D40A05E2FCF9: changes role from  FOLLOWER to CANDIDATE at term 191 for changeToCandidate
2019-10-20 18:18:53,149 [Thread-2776] INFO  impl.RoleInfo (RoleInfo.java:updateAndGet(143)) - 399079f7-1eb1-4f37-b003-267572525934: start LeaderElection
2019-10-20 18:18:53,154 [b75f8b2e-6273-4c97-b7c5-042674931d23@group-F11756C8BA4A-LeaderElection338] INFO  impl.LeaderElection (LeaderElection.java:logAndReturn(56)) - b75f8b2e-6273-4c97-b7c5-042674931d23@group-F11756C8BA4A-LeaderElection338: Election REJECTED; received 1 response(s) [b75f8b2e-6273-4c97-b7c5-042674931d23<-6ef27e9c-8ddb-4fa1-8c14-ab102acfb1b8#0:FAIL-t191] and 1 exception(s); b75f8b2e-6273-4c97-b7c5-042674931d23@group-F11756C8BA4A:t191, leader=null, voted=b75f8b2e-6273-4c97-b7c5-042674931d23, raftlog=b75f8b2e-6273-4c97-b7c5-042674931d23@group-F11756C8BA4A-SegmentedRaftLog:OPENED:c-1,f-1,i0, conf=-1: [6ef27e9c-8ddb-4fa1-8c14-ab102acfb1b8:192.168.164.241:38092, b75f8b2e-6273-4c97-b7c5-042674931d23:192.168.164.241:41857, 3750b3a2-715b-46b3-9d0c-9e38136244b9:192.168.164.241:46227], old=null
2019-10-20 18:18:53,154 [b75f8b2e-6273-4c97-b7c5-042674931d23@group-F11756C8BA4A-LeaderElection338] INFO  impl.LeaderElection (LogUtils.java:infoOrTrace(149)) -   Exception 0: {}
java.util.concurrent.ExecutionException: org.apache.ratis.thirdparty.io.grpc.StatusRuntimeException: UNAVAILABLE: io exception
	at java.util.concurrent.FutureTask.report(FutureTask.java:122)
	at java.util.concurrent.FutureTask.get(FutureTask.java:192)
	at org.apache.ratis.server.impl.LeaderElection.waitForResults(LeaderElection.java:259)
	at org.apache.ratis.server.impl.LeaderElection.askForVotes(LeaderElection.java:197)
	at org.apache.ratis.server.impl.LeaderElection.run(LeaderElection.java:133)
	at java.lang.Thread.run(Thread.java:748)
Caused by: org.apache.ratis.thirdparty.io.grpc.StatusRuntimeException: UNAVAILABLE: io exception
	at org.apache.ratis.thirdparty.io.grpc.stub.ClientCalls.toStatusRuntimeException(ClientCalls.java:233)
	at org.apache.ratis.thirdparty.io.grpc.stub.ClientCalls.getUnchecked(ClientCalls.java:214)
	at org.apache.ratis.thirdparty.io.grpc.stub.ClientCalls.blockingUnaryCall(ClientCalls.java:139)
	at org.apache.ratis.proto.grpc.RaftServerProtocolServiceGrpc$RaftServerProtocolServiceBlockingStub.requestVote(RaftServerProtocolServiceGrpc.java:265)
	at org.apache.ratis.grpc.server.GrpcServerProtocolClient.requestVote(GrpcServerProtocolClient.java:99)
	at org.apache.ratis.grpc.server.GrpcService.requestVote(GrpcService.java:204)
	at org.apache.ratis.server.impl.LeaderElection.lambda$submitRequests$1(LeaderElection.java:234)
	at java.util.concurrent.FutureTask.run(FutureTask.java:266)
	at java.util.concurrent.Executors$RunnableAdapter.call(Executors.java:511)
	at java.util.concurrent.FutureTask.run(FutureTask.java:266)
	at java.util.concurrent.ThreadPoolExecutor.runWorker(ThreadPoolExecutor.java:1149)
	at java.util.concurrent.ThreadPoolExecutor$Worker.run(ThreadPoolExecutor.java:624)
	... 1 more
Caused by: org.apache.ratis.thirdparty.io.netty.channel.AbstractChannel$AnnotatedConnectException: Connection refused: /192.168.164.241:46227
	at sun.nio.ch.SocketChannelImpl.checkConnect(Native Method)
	at sun.nio.ch.SocketChannelImpl.finishConnect(SocketChannelImpl.java:717)
	at org.apache.ratis.thirdparty.io.netty.channel.socket.nio.NioSocketChannel.doFinishConnect(NioSocketChannel.java:327)
	at org.apache.ratis.thirdparty.io.netty.channel.nio.AbstractNioChannel$AbstractNioUnsafe.finishConnect(AbstractNioChannel.java:340)
	at org.apache.ratis.thirdparty.io.netty.channel.nio.NioEventLoop.processSelectedKey(NioEventLoop.java:632)
	at org.apache.ratis.thirdparty.io.netty.channel.nio.NioEventLoop.processSelectedKeysOptimized(NioEventLoop.java:579)
	at org.apache.ratis.thirdparty.io.netty.channel.nio.NioEventLoop.processSelectedKeys(NioEventLoop.java:496)
	at org.apache.ratis.thirdparty.io.netty.channel.nio.NioEventLoop.run(NioEventLoop.java:458)
	at org.apache.ratis.thirdparty.io.netty.util.concurrent.SingleThreadEventExecutor$5.run(SingleThreadEventExecutor.java:897)
	at org.apache.ratis.thirdparty.io.netty.util.concurrent.FastThreadLocalRunnable.run(FastThreadLocalRunnable.java:30)
	... 1 more
Caused by: java.net.ConnectException: Connection refused
	... 11 more
2019-10-20 18:18:53,155 [b75f8b2e-6273-4c97-b7c5-042674931d23@group-F11756C8BA4A-LeaderElection338] INFO  impl.RaftServerImpl (RaftServerImpl.java:setRole(184)) - b75f8b2e-6273-4c97-b7c5-042674931d23@group-F11756C8BA4A: changes role from CANDIDATE to FOLLOWER at term 191 for DISCOVERED_A_NEW_TERM
2019-10-20 18:18:53,155 [b75f8b2e-6273-4c97-b7c5-042674931d23@group-F11756C8BA4A-LeaderElection338] INFO  impl.RoleInfo (RoleInfo.java:shutdownLeaderElection(134)) - b75f8b2e-6273-4c97-b7c5-042674931d23: shutdown LeaderElection
2019-10-20 18:18:53,155 [b75f8b2e-6273-4c97-b7c5-042674931d23@group-F11756C8BA4A-LeaderElection338] INFO  impl.RoleInfo (RoleInfo.java:updateAndGet(143)) - b75f8b2e-6273-4c97-b7c5-042674931d23: start FollowerState
2019-10-20 18:18:53,179 [399079f7-1eb1-4f37-b003-267572525934@group-D40A05E2FCF9-LeaderElection339] INFO  impl.LeaderElection (LeaderElection.java:askForVotes(178)) - 399079f7-1eb1-4f37-b003-267572525934@group-D40A05E2FCF9-LeaderElection339: begin an election at term 192 for -1: [399079f7-1eb1-4f37-b003-267572525934:192.168.164.241:37762, 7a43c46a-fc88-4b2d-b2da-ae029cfa60ff:192.168.164.241:43684, 6c5c38af-62e6-4ea7-a24a-078dcb28fb39:192.168.164.241:45428], old=null
2019-10-20 18:18:53,181 [grpc-default-executor-3] INFO  impl.RaftServerImpl (RaftServerImpl.java:setRole(184)) - 7a43c46a-fc88-4b2d-b2da-ae029cfa60ff@group-D40A05E2FCF9: changes role from  FOLLOWER to FOLLOWER at term 192 for recognizeCandidate:399079f7-1eb1-4f37-b003-267572525934
2019-10-20 18:18:53,181 [grpc-default-executor-10] INFO  impl.RaftServerImpl (RaftServerImpl.java:setRole(184)) - 6c5c38af-62e6-4ea7-a24a-078dcb28fb39@group-D40A05E2FCF9: changes role from  FOLLOWER to FOLLOWER at term 192 for recognizeCandidate:399079f7-1eb1-4f37-b003-267572525934
2019-10-20 18:18:53,181 [grpc-default-executor-3] INFO  impl.RoleInfo (RoleInfo.java:shutdownFollowerState(121)) - 7a43c46a-fc88-4b2d-b2da-ae029cfa60ff: shutdown FollowerState
2019-10-20 18:18:53,181 [grpc-default-executor-10] INFO  impl.RoleInfo (RoleInfo.java:shutdownFollowerState(121)) - 6c5c38af-62e6-4ea7-a24a-078dcb28fb39: shutdown FollowerState
2019-10-20 18:18:53,181 [Thread-2774] INFO  impl.FollowerState (FollowerState.java:run(117)) - 7a43c46a-fc88-4b2d-b2da-ae029cfa60ff@group-D40A05E2FCF9-FollowerState was interrupted: java.lang.InterruptedException: sleep interrupted
2019-10-20 18:18:53,181 [grpc-default-executor-3] INFO  impl.RoleInfo (RoleInfo.java:updateAndGet(143)) - 7a43c46a-fc88-4b2d-b2da-ae029cfa60ff: start FollowerState
2019-10-20 18:18:53,182 [Thread-2775] INFO  impl.FollowerState (FollowerState.java:run(117)) - 6c5c38af-62e6-4ea7-a24a-078dcb28fb39@group-D40A05E2FCF9-FollowerState was interrupted: java.lang.InterruptedException: sleep interrupted
2019-10-20 18:18:53,182 [grpc-default-executor-10] INFO  impl.RoleInfo (RoleInfo.java:updateAndGet(143)) - 6c5c38af-62e6-4ea7-a24a-078dcb28fb39: start FollowerState
2019-10-20 18:18:53,205 [399079f7-1eb1-4f37-b003-267572525934@group-D40A05E2FCF9-LeaderElection339] INFO  impl.LeaderElection (LeaderElection.java:logAndReturn(56)) - 399079f7-1eb1-4f37-b003-267572525934@group-D40A05E2FCF9-LeaderElection339: Election REJECTED; received 2 response(s) [399079f7-1eb1-4f37-b003-267572525934<-7a43c46a-fc88-4b2d-b2da-ae029cfa60ff#0:FAIL-t192, 399079f7-1eb1-4f37-b003-267572525934<-6c5c38af-62e6-4ea7-a24a-078dcb28fb39#0:FAIL-t192] and 0 exception(s); 399079f7-1eb1-4f37-b003-267572525934@group-D40A05E2FCF9:t192, leader=null, voted=399079f7-1eb1-4f37-b003-267572525934, raftlog=399079f7-1eb1-4f37-b003-267572525934@group-D40A05E2FCF9-SegmentedRaftLog:OPENED:c-1,f-1,i0, conf=-1: [399079f7-1eb1-4f37-b003-267572525934:192.168.164.241:37762, 7a43c46a-fc88-4b2d-b2da-ae029cfa60ff:192.168.164.241:43684, 6c5c38af-62e6-4ea7-a24a-078dcb28fb39:192.168.164.241:45428], old=null
2019-10-20 18:18:53,205 [399079f7-1eb1-4f37-b003-267572525934@group-D40A05E2FCF9-LeaderElection339] INFO  impl.RaftServerImpl (RaftServerImpl.java:setRole(184)) - 399079f7-1eb1-4f37-b003-267572525934@group-D40A05E2FCF9: changes role from CANDIDATE to FOLLOWER at term 192 for DISCOVERED_A_NEW_TERM
2019-10-20 18:18:53,205 [399079f7-1eb1-4f37-b003-267572525934@group-D40A05E2FCF9-LeaderElection339] INFO  impl.RoleInfo (RoleInfo.java:shutdownLeaderElection(134)) - 399079f7-1eb1-4f37-b003-267572525934: shutdown LeaderElection
2019-10-20 18:18:53,206 [399079f7-1eb1-4f37-b003-267572525934@group-D40A05E2FCF9-LeaderElection339] INFO  impl.RoleInfo (RoleInfo.java:updateAndGet(143)) - 399079f7-1eb1-4f37-b003-267572525934: start FollowerState
2019-10-20 18:18:53,248 [Thread-2782] INFO  impl.FollowerState (FollowerState.java:run(108)) - b75f8b2e-6273-4c97-b7c5-042674931d23@group-F11756C8BA4A-FollowerState: change to CANDIDATE, lastRpcTime:93ms, electionTimeout:93ms
2019-10-20 18:18:53,249 [Thread-2782] INFO  impl.RoleInfo (RoleInfo.java:shutdownFollowerState(121)) - b75f8b2e-6273-4c97-b7c5-042674931d23: shutdown FollowerState
2019-10-20 18:18:53,249 [Thread-2782] INFO  impl.RaftServerImpl (RaftServerImpl.java:setRole(184)) - b75f8b2e-6273-4c97-b7c5-042674931d23@group-F11756C8BA4A: changes role from  FOLLOWER to CANDIDATE at term 191 for changeToCandidate
2019-10-20 18:18:53,249 [Thread-2782] INFO  impl.RoleInfo (RoleInfo.java:updateAndGet(143)) - b75f8b2e-6273-4c97-b7c5-042674931d23: start LeaderElection
2019-10-20 18:18:53,254 [Datanode State Machine Thread - 0] INFO  statemachine.DatanodeStateMachine (DatanodeStateMachine.java:lambda$startDaemon$0(350)) - Ozone container server started.
2019-10-20 18:18:53,272 [b75f8b2e-6273-4c97-b7c5-042674931d23@group-F11756C8BA4A-LeaderElection340] INFO  impl.LeaderElection (LeaderElection.java:askForVotes(178)) - b75f8b2e-6273-4c97-b7c5-042674931d23@group-F11756C8BA4A-LeaderElection340: begin an election at term 192 for -1: [6ef27e9c-8ddb-4fa1-8c14-ab102acfb1b8:192.168.164.241:38092, b75f8b2e-6273-4c97-b7c5-042674931d23:192.168.164.241:41857, 3750b3a2-715b-46b3-9d0c-9e38136244b9:192.168.164.241:46227], old=null
2019-10-20 18:18:53,274 [b75f8b2e-6273-4c97-b7c5-042674931d23@group-F11756C8BA4A-LeaderElection340] INFO  impl.LeaderElection (LogUtils.java:infoOrTrace(149)) - b75f8b2e-6273-4c97-b7c5-042674931d23@group-F11756C8BA4A-LeaderElection340 got exception when requesting votes: {}
java.util.concurrent.ExecutionException: org.apache.ratis.thirdparty.io.grpc.StatusRuntimeException: UNAVAILABLE: io exception
	at java.util.concurrent.FutureTask.report(FutureTask.java:122)
	at java.util.concurrent.FutureTask.get(FutureTask.java:192)
	at org.apache.ratis.server.impl.LeaderElection.waitForResults(LeaderElection.java:259)
	at org.apache.ratis.server.impl.LeaderElection.askForVotes(LeaderElection.java:197)
	at org.apache.ratis.server.impl.LeaderElection.run(LeaderElection.java:133)
	at java.lang.Thread.run(Thread.java:748)
Caused by: org.apache.ratis.thirdparty.io.grpc.StatusRuntimeException: UNAVAILABLE: io exception
	at org.apache.ratis.thirdparty.io.grpc.stub.ClientCalls.toStatusRuntimeException(ClientCalls.java:233)
	at org.apache.ratis.thirdparty.io.grpc.stub.ClientCalls.getUnchecked(ClientCalls.java:214)
	at org.apache.ratis.thirdparty.io.grpc.stub.ClientCalls.blockingUnaryCall(ClientCalls.java:139)
	at org.apache.ratis.proto.grpc.RaftServerProtocolServiceGrpc$RaftServerProtocolServiceBlockingStub.requestVote(RaftServerProtocolServiceGrpc.java:265)
	at org.apache.ratis.grpc.server.GrpcServerProtocolClient.requestVote(GrpcServerProtocolClient.java:99)
	at org.apache.ratis.grpc.server.GrpcService.requestVote(GrpcService.java:204)
	at org.apache.ratis.server.impl.LeaderElection.lambda$submitRequests$1(LeaderElection.java:234)
	at java.util.concurrent.FutureTask.run(FutureTask.java:266)
	at java.util.concurrent.Executors$RunnableAdapter.call(Executors.java:511)
	at java.util.concurrent.FutureTask.run(FutureTask.java:266)
	at java.util.concurrent.ThreadPoolExecutor.runWorker(ThreadPoolExecutor.java:1149)
	at java.util.concurrent.ThreadPoolExecutor$Worker.run(ThreadPoolExecutor.java:624)
	... 1 more
Caused by: org.apache.ratis.thirdparty.io.netty.channel.AbstractChannel$AnnotatedConnectException: Connection refused: /192.168.164.241:46227
	at sun.nio.ch.SocketChannelImpl.checkConnect(Native Method)
	at sun.nio.ch.SocketChannelImpl.finishConnect(SocketChannelImpl.java:717)
	at org.apache.ratis.thirdparty.io.netty.channel.socket.nio.NioSocketChannel.doFinishConnect(NioSocketChannel.java:327)
	at org.apache.ratis.thirdparty.io.netty.channel.nio.AbstractNioChannel$AbstractNioUnsafe.finishConnect(AbstractNioChannel.java:340)
	at org.apache.ratis.thirdparty.io.netty.channel.nio.NioEventLoop.processSelectedKey(NioEventLoop.java:632)
	at org.apache.ratis.thirdparty.io.netty.channel.nio.NioEventLoop.processSelectedKeysOptimized(NioEventLoop.java:579)
	at org.apache.ratis.thirdparty.io.netty.channel.nio.NioEventLoop.processSelectedKeys(NioEventLoop.java:496)
	at org.apache.ratis.thirdparty.io.netty.channel.nio.NioEventLoop.run(NioEventLoop.java:458)
	at org.apache.ratis.thirdparty.io.netty.util.concurrent.SingleThreadEventExecutor$5.run(SingleThreadEventExecutor.java:897)
	at org.apache.ratis.thirdparty.io.netty.util.concurrent.FastThreadLocalRunnable.run(FastThreadLocalRunnable.java:30)
	... 1 more
Caused by: java.net.ConnectException: Connection refused
	... 11 more
2019-10-20 18:18:53,277 [grpc-default-executor-3] INFO  impl.RaftServerImpl (RaftServerImpl.java:setRole(184)) - 6ef27e9c-8ddb-4fa1-8c14-ab102acfb1b8@group-F11756C8BA4A: changes role from  FOLLOWER to FOLLOWER at term 192 for recognizeCandidate:b75f8b2e-6273-4c97-b7c5-042674931d23
2019-10-20 18:18:53,277 [grpc-default-executor-3] INFO  impl.RoleInfo (RoleInfo.java:shutdownFollowerState(121)) - 6ef27e9c-8ddb-4fa1-8c14-ab102acfb1b8: shutdown FollowerState
2019-10-20 18:18:53,277 [grpc-default-executor-3] INFO  impl.RoleInfo (RoleInfo.java:updateAndGet(143)) - 6ef27e9c-8ddb-4fa1-8c14-ab102acfb1b8: start FollowerState
2019-10-20 18:18:53,277 [Thread-2780] INFO  impl.FollowerState (FollowerState.java:run(117)) - 6ef27e9c-8ddb-4fa1-8c14-ab102acfb1b8@group-F11756C8BA4A-FollowerState was interrupted: java.lang.InterruptedException: sleep interrupted
2019-10-20 18:18:53,307 [b75f8b2e-6273-4c97-b7c5-042674931d23@group-F11756C8BA4A-LeaderElection340] INFO  impl.LeaderElection (LeaderElection.java:logAndReturn(56)) - b75f8b2e-6273-4c97-b7c5-042674931d23@group-F11756C8BA4A-LeaderElection340: Election REJECTED; received 1 response(s) [b75f8b2e-6273-4c97-b7c5-042674931d23<-6ef27e9c-8ddb-4fa1-8c14-ab102acfb1b8#0:FAIL-t192] and 1 exception(s); b75f8b2e-6273-4c97-b7c5-042674931d23@group-F11756C8BA4A:t192, leader=null, voted=b75f8b2e-6273-4c97-b7c5-042674931d23, raftlog=b75f8b2e-6273-4c97-b7c5-042674931d23@group-F11756C8BA4A-SegmentedRaftLog:OPENED:c-1,f-1,i0, conf=-1: [6ef27e9c-8ddb-4fa1-8c14-ab102acfb1b8:192.168.164.241:38092, b75f8b2e-6273-4c97-b7c5-042674931d23:192.168.164.241:41857, 3750b3a2-715b-46b3-9d0c-9e38136244b9:192.168.164.241:46227], old=null
2019-10-20 18:18:53,307 [b75f8b2e-6273-4c97-b7c5-042674931d23@group-F11756C8BA4A-LeaderElection340] INFO  impl.LeaderElection (LogUtils.java:infoOrTrace(149)) -   Exception 0: {}
java.util.concurrent.ExecutionException: org.apache.ratis.thirdparty.io.grpc.StatusRuntimeException: UNAVAILABLE: io exception
	at java.util.concurrent.FutureTask.report(FutureTask.java:122)
	at java.util.concurrent.FutureTask.get(FutureTask.java:192)
	at org.apache.ratis.server.impl.LeaderElection.waitForResults(LeaderElection.java:259)
	at org.apache.ratis.server.impl.LeaderElection.askForVotes(LeaderElection.java:197)
	at org.apache.ratis.server.impl.LeaderElection.run(LeaderElection.java:133)
	at java.lang.Thread.run(Thread.java:748)
Caused by: org.apache.ratis.thirdparty.io.grpc.StatusRuntimeException: UNAVAILABLE: io exception
	at org.apache.ratis.thirdparty.io.grpc.stub.ClientCalls.toStatusRuntimeException(ClientCalls.java:233)
	at org.apache.ratis.thirdparty.io.grpc.stub.ClientCalls.getUnchecked(ClientCalls.java:214)
	at org.apache.ratis.thirdparty.io.grpc.stub.ClientCalls.blockingUnaryCall(ClientCalls.java:139)
	at org.apache.ratis.proto.grpc.RaftServerProtocolServiceGrpc$RaftServerProtocolServiceBlockingStub.requestVote(RaftServerProtocolServiceGrpc.java:265)
	at org.apache.ratis.grpc.server.GrpcServerProtocolClient.requestVote(GrpcServerProtocolClient.java:99)
	at org.apache.ratis.grpc.server.GrpcService.requestVote(GrpcService.java:204)
	at org.apache.ratis.server.impl.LeaderElection.lambda$submitRequests$1(LeaderElection.java:234)
	at java.util.concurrent.FutureTask.run(FutureTask.java:266)
	at java.util.concurrent.Executors$RunnableAdapter.call(Executors.java:511)
	at java.util.concurrent.FutureTask.run(FutureTask.java:266)
	at java.util.concurrent.ThreadPoolExecutor.runWorker(ThreadPoolExecutor.java:1149)
	at java.util.concurrent.ThreadPoolExecutor$Worker.run(ThreadPoolExecutor.java:624)
	... 1 more
Caused by: org.apache.ratis.thirdparty.io.netty.channel.AbstractChannel$AnnotatedConnectException: Connection refused: /192.168.164.241:46227
	at sun.nio.ch.SocketChannelImpl.checkConnect(Native Method)
	at sun.nio.ch.SocketChannelImpl.finishConnect(SocketChannelImpl.java:717)
	at org.apache.ratis.thirdparty.io.netty.channel.socket.nio.NioSocketChannel.doFinishConnect(NioSocketChannel.java:327)
	at org.apache.ratis.thirdparty.io.netty.channel.nio.AbstractNioChannel$AbstractNioUnsafe.finishConnect(AbstractNioChannel.java:340)
	at org.apache.ratis.thirdparty.io.netty.channel.nio.NioEventLoop.processSelectedKey(NioEventLoop.java:632)
	at org.apache.ratis.thirdparty.io.netty.channel.nio.NioEventLoop.processSelectedKeysOptimized(NioEventLoop.java:579)
	at org.apache.ratis.thirdparty.io.netty.channel.nio.NioEventLoop.processSelectedKeys(NioEventLoop.java:496)
	at org.apache.ratis.thirdparty.io.netty.channel.nio.NioEventLoop.run(NioEventLoop.java:458)
	at org.apache.ratis.thirdparty.io.netty.util.concurrent.SingleThreadEventExecutor$5.run(SingleThreadEventExecutor.java:897)
	at org.apache.ratis.thirdparty.io.netty.util.concurrent.FastThreadLocalRunnable.run(FastThreadLocalRunnable.java:30)
	... 1 more
Caused by: java.net.ConnectException: Connection refused
	... 11 more
2019-10-20 18:18:53,308 [b75f8b2e-6273-4c97-b7c5-042674931d23@group-F11756C8BA4A-LeaderElection340] INFO  impl.RaftServerImpl (RaftServerImpl.java:setRole(184)) - b75f8b2e-6273-4c97-b7c5-042674931d23@group-F11756C8BA4A: changes role from CANDIDATE to FOLLOWER at term 192 for DISCOVERED_A_NEW_TERM
2019-10-20 18:18:53,308 [b75f8b2e-6273-4c97-b7c5-042674931d23@group-F11756C8BA4A-LeaderElection340] INFO  impl.RoleInfo (RoleInfo.java:shutdownLeaderElection(134)) - b75f8b2e-6273-4c97-b7c5-042674931d23: shutdown LeaderElection
2019-10-20 18:18:53,308 [b75f8b2e-6273-4c97-b7c5-042674931d23@group-F11756C8BA4A-LeaderElection340] INFO  impl.RoleInfo (RoleInfo.java:updateAndGet(143)) - b75f8b2e-6273-4c97-b7c5-042674931d23: start FollowerState
2019-10-20 18:18:53,331 [Thread-2787] INFO  impl.FollowerState (FollowerState.java:run(108)) - 399079f7-1eb1-4f37-b003-267572525934@group-D40A05E2FCF9-FollowerState: change to CANDIDATE, lastRpcTime:125ms, electionTimeout:125ms
2019-10-20 18:18:53,331 [Thread-2787] INFO  impl.RoleInfo (RoleInfo.java:shutdownFollowerState(121)) - 399079f7-1eb1-4f37-b003-267572525934: shutdown FollowerState
2019-10-20 18:18:53,331 [Thread-2787] INFO  impl.RaftServerImpl (RaftServerImpl.java:setRole(184)) - 399079f7-1eb1-4f37-b003-267572525934@group-D40A05E2FCF9: changes role from  FOLLOWER to CANDIDATE at term 192 for changeToCandidate
2019-10-20 18:18:53,331 [Thread-2787] INFO  impl.RoleInfo (RoleInfo.java:updateAndGet(143)) - 399079f7-1eb1-4f37-b003-267572525934: start LeaderElection
2019-10-20 18:18:53,357 [399079f7-1eb1-4f37-b003-267572525934@group-D40A05E2FCF9-LeaderElection341] INFO  impl.LeaderElection (LeaderElection.java:askForVotes(178)) - 399079f7-1eb1-4f37-b003-267572525934@group-D40A05E2FCF9-LeaderElection341: begin an election at term 193 for -1: [399079f7-1eb1-4f37-b003-267572525934:192.168.164.241:37762, 7a43c46a-fc88-4b2d-b2da-ae029cfa60ff:192.168.164.241:43684, 6c5c38af-62e6-4ea7-a24a-078dcb28fb39:192.168.164.241:45428], old=null
2019-10-20 18:18:53,358 [grpc-default-executor-3] INFO  impl.RaftServerImpl (RaftServerImpl.java:setRole(184)) - 7a43c46a-fc88-4b2d-b2da-ae029cfa60ff@group-D40A05E2FCF9: changes role from  FOLLOWER to FOLLOWER at term 193 for recognizeCandidate:399079f7-1eb1-4f37-b003-267572525934
2019-10-20 18:18:53,358 [grpc-default-executor-3] INFO  impl.RoleInfo (RoleInfo.java:shutdownFollowerState(121)) - 7a43c46a-fc88-4b2d-b2da-ae029cfa60ff: shutdown FollowerState
2019-10-20 18:18:53,358 [grpc-default-executor-10] INFO  impl.RaftServerImpl (RaftServerImpl.java:setRole(184)) - 6c5c38af-62e6-4ea7-a24a-078dcb28fb39@group-D40A05E2FCF9: changes role from  FOLLOWER to FOLLOWER at term 193 for recognizeCandidate:399079f7-1eb1-4f37-b003-267572525934
2019-10-20 18:18:53,358 [Thread-2785] INFO  impl.FollowerState (FollowerState.java:run(117)) - 7a43c46a-fc88-4b2d-b2da-ae029cfa60ff@group-D40A05E2FCF9-FollowerState was interrupted: java.lang.InterruptedException: sleep interrupted
2019-10-20 18:18:53,358 [grpc-default-executor-3] INFO  impl.RoleInfo (RoleInfo.java:updateAndGet(143)) - 7a43c46a-fc88-4b2d-b2da-ae029cfa60ff: start FollowerState
2019-10-20 18:18:53,359 [grpc-default-executor-10] INFO  impl.RoleInfo (RoleInfo.java:shutdownFollowerState(121)) - 6c5c38af-62e6-4ea7-a24a-078dcb28fb39: shutdown FollowerState
2019-10-20 18:18:53,359 [grpc-default-executor-10] INFO  impl.RoleInfo (RoleInfo.java:updateAndGet(143)) - 6c5c38af-62e6-4ea7-a24a-078dcb28fb39: start FollowerState
2019-10-20 18:18:53,359 [Thread-2786] INFO  impl.FollowerState (FollowerState.java:run(117)) - 6c5c38af-62e6-4ea7-a24a-078dcb28fb39@group-D40A05E2FCF9-FollowerState was interrupted: java.lang.InterruptedException: sleep interrupted
2019-10-20 18:18:53,375 [399079f7-1eb1-4f37-b003-267572525934@group-D40A05E2FCF9-LeaderElection341] INFO  impl.LeaderElection (LeaderElection.java:logAndReturn(56)) - 399079f7-1eb1-4f37-b003-267572525934@group-D40A05E2FCF9-LeaderElection341: Election REJECTED; received 2 response(s) [399079f7-1eb1-4f37-b003-267572525934<-7a43c46a-fc88-4b2d-b2da-ae029cfa60ff#0:FAIL-t193, 399079f7-1eb1-4f37-b003-267572525934<-6c5c38af-62e6-4ea7-a24a-078dcb28fb39#0:FAIL-t193] and 0 exception(s); 399079f7-1eb1-4f37-b003-267572525934@group-D40A05E2FCF9:t193, leader=null, voted=399079f7-1eb1-4f37-b003-267572525934, raftlog=399079f7-1eb1-4f37-b003-267572525934@group-D40A05E2FCF9-SegmentedRaftLog:OPENED:c-1,f-1,i0, conf=-1: [399079f7-1eb1-4f37-b003-267572525934:192.168.164.241:37762, 7a43c46a-fc88-4b2d-b2da-ae029cfa60ff:192.168.164.241:43684, 6c5c38af-62e6-4ea7-a24a-078dcb28fb39:192.168.164.241:45428], old=null
2019-10-20 18:18:53,375 [399079f7-1eb1-4f37-b003-267572525934@group-D40A05E2FCF9-LeaderElection341] INFO  impl.RaftServerImpl (RaftServerImpl.java:setRole(184)) - 399079f7-1eb1-4f37-b003-267572525934@group-D40A05E2FCF9: changes role from CANDIDATE to FOLLOWER at term 193 for DISCOVERED_A_NEW_TERM
2019-10-20 18:18:53,375 [399079f7-1eb1-4f37-b003-267572525934@group-D40A05E2FCF9-LeaderElection341] INFO  impl.RoleInfo (RoleInfo.java:shutdownLeaderElection(134)) - 399079f7-1eb1-4f37-b003-267572525934: shutdown LeaderElection
2019-10-20 18:18:53,375 [399079f7-1eb1-4f37-b003-267572525934@group-D40A05E2FCF9-LeaderElection341] INFO  impl.RoleInfo (RoleInfo.java:updateAndGet(143)) - 399079f7-1eb1-4f37-b003-267572525934: start FollowerState
2019-10-20 18:18:53,380 [Thread-2798] INFO  impl.FollowerState (FollowerState.java:run(108)) - 399079f7-1eb1-4f37-b003-267572525934@group-D40A05E2FCF9-FollowerState: change to CANDIDATE, lastRpcTime:5ms, electionTimeout:5ms
2019-10-20 18:18:53,380 [Thread-2798] INFO  impl.RoleInfo (RoleInfo.java:shutdownFollowerState(121)) - 399079f7-1eb1-4f37-b003-267572525934: shutdown FollowerState
2019-10-20 18:18:53,380 [Thread-2798] INFO  impl.RaftServerImpl (RaftServerImpl.java:setRole(184)) - 399079f7-1eb1-4f37-b003-267572525934@group-D40A05E2FCF9: changes role from  FOLLOWER to CANDIDATE at term 193 for changeToCandidate
2019-10-20 18:18:53,381 [Thread-2798] INFO  impl.RoleInfo (RoleInfo.java:updateAndGet(143)) - 399079f7-1eb1-4f37-b003-267572525934: start LeaderElection
2019-10-20 18:18:53,401 [399079f7-1eb1-4f37-b003-267572525934@group-D40A05E2FCF9-LeaderElection342] INFO  impl.LeaderElection (LeaderElection.java:askForVotes(178)) - 399079f7-1eb1-4f37-b003-267572525934@group-D40A05E2FCF9-LeaderElection342: begin an election at term 194 for -1: [399079f7-1eb1-4f37-b003-267572525934:192.168.164.241:37762, 7a43c46a-fc88-4b2d-b2da-ae029cfa60ff:192.168.164.241:43684, 6c5c38af-62e6-4ea7-a24a-078dcb28fb39:192.168.164.241:45428], old=null
2019-10-20 18:18:53,402 [grpc-default-executor-3] INFO  impl.RaftServerImpl (RaftServerImpl.java:setRole(184)) - 7a43c46a-fc88-4b2d-b2da-ae029cfa60ff@group-D40A05E2FCF9: changes role from  FOLLOWER to FOLLOWER at term 194 for recognizeCandidate:399079f7-1eb1-4f37-b003-267572525934
2019-10-20 18:18:53,402 [grpc-default-executor-3] INFO  impl.RoleInfo (RoleInfo.java:shutdownFollowerState(121)) - 7a43c46a-fc88-4b2d-b2da-ae029cfa60ff: shutdown FollowerState
2019-10-20 18:18:53,403 [grpc-default-executor-10] INFO  impl.RaftServerImpl (RaftServerImpl.java:setRole(184)) - 6c5c38af-62e6-4ea7-a24a-078dcb28fb39@group-D40A05E2FCF9: changes role from  FOLLOWER to FOLLOWER at term 194 for recognizeCandidate:399079f7-1eb1-4f37-b003-267572525934
2019-10-20 18:18:53,403 [Thread-2796] INFO  impl.FollowerState (FollowerState.java:run(117)) - 7a43c46a-fc88-4b2d-b2da-ae029cfa60ff@group-D40A05E2FCF9-FollowerState was interrupted: java.lang.InterruptedException: sleep interrupted
2019-10-20 18:18:53,403 [grpc-default-executor-3] INFO  impl.RoleInfo (RoleInfo.java:updateAndGet(143)) - 7a43c46a-fc88-4b2d-b2da-ae029cfa60ff: start FollowerState
2019-10-20 18:18:53,403 [grpc-default-executor-10] INFO  impl.RoleInfo (RoleInfo.java:shutdownFollowerState(121)) - 6c5c38af-62e6-4ea7-a24a-078dcb28fb39: shutdown FollowerState
2019-10-20 18:18:53,403 [grpc-default-executor-10] INFO  impl.RoleInfo (RoleInfo.java:updateAndGet(143)) - 6c5c38af-62e6-4ea7-a24a-078dcb28fb39: start FollowerState
2019-10-20 18:18:53,403 [Thread-2797] INFO  impl.FollowerState (FollowerState.java:run(117)) - 6c5c38af-62e6-4ea7-a24a-078dcb28fb39@group-D40A05E2FCF9-FollowerState was interrupted: java.lang.InterruptedException: sleep interrupted
2019-10-20 18:18:53,427 [399079f7-1eb1-4f37-b003-267572525934@group-D40A05E2FCF9-LeaderElection342] INFO  impl.LeaderElection (LeaderElection.java:logAndReturn(56)) - 399079f7-1eb1-4f37-b003-267572525934@group-D40A05E2FCF9-LeaderElection342: Election REJECTED; received 2 response(s) [399079f7-1eb1-4f37-b003-267572525934<-7a43c46a-fc88-4b2d-b2da-ae029cfa60ff#0:FAIL-t194, 399079f7-1eb1-4f37-b003-267572525934<-6c5c38af-62e6-4ea7-a24a-078dcb28fb39#0:FAIL-t194] and 0 exception(s); 399079f7-1eb1-4f37-b003-267572525934@group-D40A05E2FCF9:t194, leader=null, voted=399079f7-1eb1-4f37-b003-267572525934, raftlog=399079f7-1eb1-4f37-b003-267572525934@group-D40A05E2FCF9-SegmentedRaftLog:OPENED:c-1,f-1,i0, conf=-1: [399079f7-1eb1-4f37-b003-267572525934:192.168.164.241:37762, 7a43c46a-fc88-4b2d-b2da-ae029cfa60ff:192.168.164.241:43684, 6c5c38af-62e6-4ea7-a24a-078dcb28fb39:192.168.164.241:45428], old=null
2019-10-20 18:18:53,427 [399079f7-1eb1-4f37-b003-267572525934@group-D40A05E2FCF9-LeaderElection342] INFO  impl.RaftServerImpl (RaftServerImpl.java:setRole(184)) - 399079f7-1eb1-4f37-b003-267572525934@group-D40A05E2FCF9: changes role from CANDIDATE to FOLLOWER at term 194 for DISCOVERED_A_NEW_TERM
2019-10-20 18:18:53,427 [399079f7-1eb1-4f37-b003-267572525934@group-D40A05E2FCF9-LeaderElection342] INFO  impl.RoleInfo (RoleInfo.java:shutdownLeaderElection(134)) - 399079f7-1eb1-4f37-b003-267572525934: shutdown LeaderElection
2019-10-20 18:18:53,428 [399079f7-1eb1-4f37-b003-267572525934@group-D40A05E2FCF9-LeaderElection342] INFO  impl.RoleInfo (RoleInfo.java:updateAndGet(143)) - 399079f7-1eb1-4f37-b003-267572525934: start FollowerState
2019-10-20 18:18:53,453 [Thread-2792] INFO  impl.FollowerState (FollowerState.java:run(108)) - b75f8b2e-6273-4c97-b7c5-042674931d23@group-F11756C8BA4A-FollowerState: change to CANDIDATE, lastRpcTime:144ms, electionTimeout:144ms
2019-10-20 18:18:53,453 [Thread-2792] INFO  impl.RoleInfo (RoleInfo.java:shutdownFollowerState(121)) - b75f8b2e-6273-4c97-b7c5-042674931d23: shutdown FollowerState
2019-10-20 18:18:53,453 [Thread-2792] INFO  impl.RaftServerImpl (RaftServerImpl.java:setRole(184)) - b75f8b2e-6273-4c97-b7c5-042674931d23@group-F11756C8BA4A: changes role from  FOLLOWER to CANDIDATE at term 192 for changeToCandidate
2019-10-20 18:18:53,453 [Thread-2792] INFO  impl.RoleInfo (RoleInfo.java:updateAndGet(143)) - b75f8b2e-6273-4c97-b7c5-042674931d23: start LeaderElection
2019-10-20 18:18:53,477 [b75f8b2e-6273-4c97-b7c5-042674931d23@group-F11756C8BA4A-LeaderElection343] INFO  impl.LeaderElection (LeaderElection.java:askForVotes(178)) - b75f8b2e-6273-4c97-b7c5-042674931d23@group-F11756C8BA4A-LeaderElection343: begin an election at term 193 for -1: [6ef27e9c-8ddb-4fa1-8c14-ab102acfb1b8:192.168.164.241:38092, b75f8b2e-6273-4c97-b7c5-042674931d23:192.168.164.241:41857, 3750b3a2-715b-46b3-9d0c-9e38136244b9:192.168.164.241:46227], old=null
2019-10-20 18:18:53,478 [b75f8b2e-6273-4c97-b7c5-042674931d23@group-F11756C8BA4A-LeaderElection343] INFO  impl.LeaderElection (LogUtils.java:infoOrTrace(149)) - b75f8b2e-6273-4c97-b7c5-042674931d23@group-F11756C8BA4A-LeaderElection343 got exception when requesting votes: {}
java.util.concurrent.ExecutionException: org.apache.ratis.thirdparty.io.grpc.StatusRuntimeException: UNAVAILABLE: io exception
	at java.util.concurrent.FutureTask.report(FutureTask.java:122)
	at java.util.concurrent.FutureTask.get(FutureTask.java:192)
	at org.apache.ratis.server.impl.LeaderElection.waitForResults(LeaderElection.java:259)
	at org.apache.ratis.server.impl.LeaderElection.askForVotes(LeaderElection.java:197)
	at org.apache.ratis.server.impl.LeaderElection.run(LeaderElection.java:133)
	at java.lang.Thread.run(Thread.java:748)
Caused by: org.apache.ratis.thirdparty.io.grpc.StatusRuntimeException: UNAVAILABLE: io exception
	at org.apache.ratis.thirdparty.io.grpc.stub.ClientCalls.toStatusRuntimeException(ClientCalls.java:233)
	at org.apache.ratis.thirdparty.io.grpc.stub.ClientCalls.getUnchecked(ClientCalls.java:214)
	at org.apache.ratis.thirdparty.io.grpc.stub.ClientCalls.blockingUnaryCall(ClientCalls.java:139)
	at org.apache.ratis.proto.grpc.RaftServerProtocolServiceGrpc$RaftServerProtocolServiceBlockingStub.requestVote(RaftServerProtocolServiceGrpc.java:265)
	at org.apache.ratis.grpc.server.GrpcServerProtocolClient.requestVote(GrpcServerProtocolClient.java:99)
	at org.apache.ratis.grpc.server.GrpcService.requestVote(GrpcService.java:204)
	at org.apache.ratis.server.impl.LeaderElection.lambda$submitRequests$1(LeaderElection.java:234)
	at java.util.concurrent.FutureTask.run(FutureTask.java:266)
	at java.util.concurrent.Executors$RunnableAdapter.call(Executors.java:511)
	at java.util.concurrent.FutureTask.run(FutureTask.java:266)
	at java.util.concurrent.ThreadPoolExecutor.runWorker(ThreadPoolExecutor.java:1149)
	at java.util.concurrent.ThreadPoolExecutor$Worker.run(ThreadPoolExecutor.java:624)
	... 1 more
Caused by: org.apache.ratis.thirdparty.io.netty.channel.AbstractChannel$AnnotatedConnectException: Connection refused: /192.168.164.241:46227
	at sun.nio.ch.SocketChannelImpl.checkConnect(Native Method)
	at sun.nio.ch.SocketChannelImpl.finishConnect(SocketChannelImpl.java:717)
	at org.apache.ratis.thirdparty.io.netty.channel.socket.nio.NioSocketChannel.doFinishConnect(NioSocketChannel.java:327)
	at org.apache.ratis.thirdparty.io.netty.channel.nio.AbstractNioChannel$AbstractNioUnsafe.finishConnect(AbstractNioChannel.java:340)
	at org.apache.ratis.thirdparty.io.netty.channel.nio.NioEventLoop.processSelectedKey(NioEventLoop.java:632)
	at org.apache.ratis.thirdparty.io.netty.channel.nio.NioEventLoop.processSelectedKeysOptimized(NioEventLoop.java:579)
	at org.apache.ratis.thirdparty.io.netty.channel.nio.NioEventLoop.processSelectedKeys(NioEventLoop.java:496)
	at org.apache.ratis.thirdparty.io.netty.channel.nio.NioEventLoop.run(NioEventLoop.java:458)
	at org.apache.ratis.thirdparty.io.netty.util.concurrent.SingleThreadEventExecutor$5.run(SingleThreadEventExecutor.java:897)
	at org.apache.ratis.thirdparty.io.netty.util.concurrent.FastThreadLocalRunnable.run(FastThreadLocalRunnable.java:30)
	... 1 more
Caused by: java.net.ConnectException: Connection refused
	... 11 more
2019-10-20 18:18:53,481 [grpc-default-executor-3] INFO  impl.RaftServerImpl (RaftServerImpl.java:setRole(184)) - 6ef27e9c-8ddb-4fa1-8c14-ab102acfb1b8@group-F11756C8BA4A: changes role from  FOLLOWER to FOLLOWER at term 193 for recognizeCandidate:b75f8b2e-6273-4c97-b7c5-042674931d23
2019-10-20 18:18:53,481 [grpc-default-executor-3] INFO  impl.RoleInfo (RoleInfo.java:shutdownFollowerState(121)) - 6ef27e9c-8ddb-4fa1-8c14-ab102acfb1b8: shutdown FollowerState
2019-10-20 18:18:53,482 [grpc-default-executor-3] INFO  impl.RoleInfo (RoleInfo.java:updateAndGet(143)) - 6ef27e9c-8ddb-4fa1-8c14-ab102acfb1b8: start FollowerState
2019-10-20 18:18:53,482 [Thread-2791] INFO  impl.FollowerState (FollowerState.java:run(117)) - 6ef27e9c-8ddb-4fa1-8c14-ab102acfb1b8@group-F11756C8BA4A-FollowerState was interrupted: java.lang.InterruptedException: sleep interrupted
2019-10-20 18:18:53,511 [b75f8b2e-6273-4c97-b7c5-042674931d23@group-F11756C8BA4A-LeaderElection343] INFO  impl.LeaderElection (LeaderElection.java:logAndReturn(56)) - b75f8b2e-6273-4c97-b7c5-042674931d23@group-F11756C8BA4A-LeaderElection343: Election REJECTED; received 1 response(s) [b75f8b2e-6273-4c97-b7c5-042674931d23<-6ef27e9c-8ddb-4fa1-8c14-ab102acfb1b8#0:FAIL-t193] and 1 exception(s); b75f8b2e-6273-4c97-b7c5-042674931d23@group-F11756C8BA4A:t193, leader=null, voted=b75f8b2e-6273-4c97-b7c5-042674931d23, raftlog=b75f8b2e-6273-4c97-b7c5-042674931d23@group-F11756C8BA4A-SegmentedRaftLog:OPENED:c-1,f-1,i0, conf=-1: [6ef27e9c-8ddb-4fa1-8c14-ab102acfb1b8:192.168.164.241:38092, b75f8b2e-6273-4c97-b7c5-042674931d23:192.168.164.241:41857, 3750b3a2-715b-46b3-9d0c-9e38136244b9:192.168.164.241:46227], old=null
2019-10-20 18:18:53,511 [b75f8b2e-6273-4c97-b7c5-042674931d23@group-F11756C8BA4A-LeaderElection343] INFO  impl.LeaderElection (LogUtils.java:infoOrTrace(149)) -   Exception 0: {}
java.util.concurrent.ExecutionException: org.apache.ratis.thirdparty.io.grpc.StatusRuntimeException: UNAVAILABLE: io exception
	at java.util.concurrent.FutureTask.report(FutureTask.java:122)
	at java.util.concurrent.FutureTask.get(FutureTask.java:192)
	at org.apache.ratis.server.impl.LeaderElection.waitForResults(LeaderElection.java:259)
	at org.apache.ratis.server.impl.LeaderElection.askForVotes(LeaderElection.java:197)
	at org.apache.ratis.server.impl.LeaderElection.run(LeaderElection.java:133)
	at java.lang.Thread.run(Thread.java:748)
Caused by: org.apache.ratis.thirdparty.io.grpc.StatusRuntimeException: UNAVAILABLE: io exception
	at org.apache.ratis.thirdparty.io.grpc.stub.ClientCalls.toStatusRuntimeException(ClientCalls.java:233)
	at org.apache.ratis.thirdparty.io.grpc.stub.ClientCalls.getUnchecked(ClientCalls.java:214)
	at org.apache.ratis.thirdparty.io.grpc.stub.ClientCalls.blockingUnaryCall(ClientCalls.java:139)
	at org.apache.ratis.proto.grpc.RaftServerProtocolServiceGrpc$RaftServerProtocolServiceBlockingStub.requestVote(RaftServerProtocolServiceGrpc.java:265)
	at org.apache.ratis.grpc.server.GrpcServerProtocolClient.requestVote(GrpcServerProtocolClient.java:99)
	at org.apache.ratis.grpc.server.GrpcService.requestVote(GrpcService.java:204)
	at org.apache.ratis.server.impl.LeaderElection.lambda$submitRequests$1(LeaderElection.java:234)
	at java.util.concurrent.FutureTask.run(FutureTask.java:266)
	at java.util.concurrent.Executors$RunnableAdapter.call(Executors.java:511)
	at java.util.concurrent.FutureTask.run(FutureTask.java:266)
	at java.util.concurrent.ThreadPoolExecutor.runWorker(ThreadPoolExecutor.java:1149)
	at java.util.concurrent.ThreadPoolExecutor$Worker.run(ThreadPoolExecutor.java:624)
	... 1 more
Caused by: org.apache.ratis.thirdparty.io.netty.channel.AbstractChannel$AnnotatedConnectException: Connection refused: /192.168.164.241:46227
	at sun.nio.ch.SocketChannelImpl.checkConnect(Native Method)
	at sun.nio.ch.SocketChannelImpl.finishConnect(SocketChannelImpl.java:717)
	at org.apache.ratis.thirdparty.io.netty.channel.socket.nio.NioSocketChannel.doFinishConnect(NioSocketChannel.java:327)
	at org.apache.ratis.thirdparty.io.netty.channel.nio.AbstractNioChannel$AbstractNioUnsafe.finishConnect(AbstractNioChannel.java:340)
	at org.apache.ratis.thirdparty.io.netty.channel.nio.NioEventLoop.processSelectedKey(NioEventLoop.java:632)
	at org.apache.ratis.thirdparty.io.netty.channel.nio.NioEventLoop.processSelectedKeysOptimized(NioEventLoop.java:579)
	at org.apache.ratis.thirdparty.io.netty.channel.nio.NioEventLoop.processSelectedKeys(NioEventLoop.java:496)
	at org.apache.ratis.thirdparty.io.netty.channel.nio.NioEventLoop.run(NioEventLoop.java:458)
	at org.apache.ratis.thirdparty.io.netty.util.concurrent.SingleThreadEventExecutor$5.run(SingleThreadEventExecutor.java:897)
	at org.apache.ratis.thirdparty.io.netty.util.concurrent.FastThreadLocalRunnable.run(FastThreadLocalRunnable.java:30)
	... 1 more
Caused by: java.net.ConnectException: Connection refused
	... 11 more
2019-10-20 18:18:53,512 [b75f8b2e-6273-4c97-b7c5-042674931d23@group-F11756C8BA4A-LeaderElection343] INFO  impl.RaftServerImpl (RaftServerImpl.java:setRole(184)) - b75f8b2e-6273-4c97-b7c5-042674931d23@group-F11756C8BA4A: changes role from CANDIDATE to FOLLOWER at term 193 for DISCOVERED_A_NEW_TERM
2019-10-20 18:18:53,512 [b75f8b2e-6273-4c97-b7c5-042674931d23@group-F11756C8BA4A-LeaderElection343] INFO  impl.RoleInfo (RoleInfo.java:shutdownLeaderElection(134)) - b75f8b2e-6273-4c97-b7c5-042674931d23: shutdown LeaderElection
2019-10-20 18:18:53,512 [b75f8b2e-6273-4c97-b7c5-042674931d23@group-F11756C8BA4A-LeaderElection343] INFO  impl.RoleInfo (RoleInfo.java:updateAndGet(143)) - b75f8b2e-6273-4c97-b7c5-042674931d23: start FollowerState
2019-10-20 18:18:53,584 [Thread-2809] INFO  impl.FollowerState (FollowerState.java:run(108)) - b75f8b2e-6273-4c97-b7c5-042674931d23@group-F11756C8BA4A-FollowerState: change to CANDIDATE, lastRpcTime:71ms, electionTimeout:71ms
2019-10-20 18:18:53,584 [Thread-2809] INFO  impl.RoleInfo (RoleInfo.java:shutdownFollowerState(121)) - b75f8b2e-6273-4c97-b7c5-042674931d23: shutdown FollowerState
2019-10-20 18:18:53,584 [Thread-2809] INFO  impl.RaftServerImpl (RaftServerImpl.java:setRole(184)) - b75f8b2e-6273-4c97-b7c5-042674931d23@group-F11756C8BA4A: changes role from  FOLLOWER to CANDIDATE at term 193 for changeToCandidate
2019-10-20 18:18:53,584 [Thread-2809] INFO  impl.RoleInfo (RoleInfo.java:updateAndGet(143)) - b75f8b2e-6273-4c97-b7c5-042674931d23: start LeaderElection
2019-10-20 18:18:53,612 [b75f8b2e-6273-4c97-b7c5-042674931d23@group-F11756C8BA4A-LeaderElection344] INFO  impl.LeaderElection (LeaderElection.java:askForVotes(178)) - b75f8b2e-6273-4c97-b7c5-042674931d23@group-F11756C8BA4A-LeaderElection344: begin an election at term 194 for -1: [6ef27e9c-8ddb-4fa1-8c14-ab102acfb1b8:192.168.164.241:38092, b75f8b2e-6273-4c97-b7c5-042674931d23:192.168.164.241:41857, 3750b3a2-715b-46b3-9d0c-9e38136244b9:192.168.164.241:46227], old=null
2019-10-20 18:18:53,613 [b75f8b2e-6273-4c97-b7c5-042674931d23@group-F11756C8BA4A-LeaderElection344] INFO  impl.LeaderElection (LogUtils.java:infoOrTrace(149)) - b75f8b2e-6273-4c97-b7c5-042674931d23@group-F11756C8BA4A-LeaderElection344 got exception when requesting votes: {}
java.util.concurrent.ExecutionException: org.apache.ratis.thirdparty.io.grpc.StatusRuntimeException: UNAVAILABLE: io exception
	at java.util.concurrent.FutureTask.report(FutureTask.java:122)
	at java.util.concurrent.FutureTask.get(FutureTask.java:192)
	at org.apache.ratis.server.impl.LeaderElection.waitForResults(LeaderElection.java:259)
	at org.apache.ratis.server.impl.LeaderElection.askForVotes(LeaderElection.java:197)
	at org.apache.ratis.server.impl.LeaderElection.run(LeaderElection.java:133)
	at java.lang.Thread.run(Thread.java:748)
Caused by: org.apache.ratis.thirdparty.io.grpc.StatusRuntimeException: UNAVAILABLE: io exception
	at org.apache.ratis.thirdparty.io.grpc.stub.ClientCalls.toStatusRuntimeException(ClientCalls.java:233)
	at org.apache.ratis.thirdparty.io.grpc.stub.ClientCalls.getUnchecked(ClientCalls.java:214)
	at org.apache.ratis.thirdparty.io.grpc.stub.ClientCalls.blockingUnaryCall(ClientCalls.java:139)
	at org.apache.ratis.proto.grpc.RaftServerProtocolServiceGrpc$RaftServerProtocolServiceBlockingStub.requestVote(RaftServerProtocolServiceGrpc.java:265)
	at org.apache.ratis.grpc.server.GrpcServerProtocolClient.requestVote(GrpcServerProtocolClient.java:99)
	at org.apache.ratis.grpc.server.GrpcService.requestVote(GrpcService.java:204)
	at org.apache.ratis.server.impl.LeaderElection.lambda$submitRequests$1(LeaderElection.java:234)
	at java.util.concurrent.FutureTask.run(FutureTask.java:266)
	at java.util.concurrent.Executors$RunnableAdapter.call(Executors.java:511)
	at java.util.concurrent.FutureTask.run(FutureTask.java:266)
	at java.util.concurrent.ThreadPoolExecutor.runWorker(ThreadPoolExecutor.java:1149)
	at java.util.concurrent.ThreadPoolExecutor$Worker.run(ThreadPoolExecutor.java:624)
	... 1 more
Caused by: org.apache.ratis.thirdparty.io.netty.channel.AbstractChannel$AnnotatedConnectException: Connection refused: /192.168.164.241:46227
	at sun.nio.ch.SocketChannelImpl.checkConnect(Native Method)
	at sun.nio.ch.SocketChannelImpl.finishConnect(SocketChannelImpl.java:717)
	at org.apache.ratis.thirdparty.io.netty.channel.socket.nio.NioSocketChannel.doFinishConnect(NioSocketChannel.java:327)
	at org.apache.ratis.thirdparty.io.netty.channel.nio.AbstractNioChannel$AbstractNioUnsafe.finishConnect(AbstractNioChannel.java:340)
	at org.apache.ratis.thirdparty.io.netty.channel.nio.NioEventLoop.processSelectedKey(NioEventLoop.java:632)
	at org.apache.ratis.thirdparty.io.netty.channel.nio.NioEventLoop.processSelectedKeysOptimized(NioEventLoop.java:579)
	at org.apache.ratis.thirdparty.io.netty.channel.nio.NioEventLoop.processSelectedKeys(NioEventLoop.java:496)
	at org.apache.ratis.thirdparty.io.netty.channel.nio.NioEventLoop.run(NioEventLoop.java:458)
	at org.apache.ratis.thirdparty.io.netty.util.concurrent.SingleThreadEventExecutor$5.run(SingleThreadEventExecutor.java:897)
	at org.apache.ratis.thirdparty.io.netty.util.concurrent.FastThreadLocalRunnable.run(FastThreadLocalRunnable.java:30)
	... 1 more
Caused by: java.net.ConnectException: Connection refused
	... 11 more
2019-10-20 18:18:53,613 [Thread-2804] INFO  impl.FollowerState (FollowerState.java:run(108)) - 399079f7-1eb1-4f37-b003-267572525934@group-D40A05E2FCF9-FollowerState: change to CANDIDATE, lastRpcTime:185ms, electionTimeout:185ms
2019-10-20 18:18:53,617 [grpc-default-executor-3] INFO  impl.RaftServerImpl (RaftServerImpl.java:setRole(184)) - 6ef27e9c-8ddb-4fa1-8c14-ab102acfb1b8@group-F11756C8BA4A: changes role from  FOLLOWER to FOLLOWER at term 194 for recognizeCandidate:b75f8b2e-6273-4c97-b7c5-042674931d23
2019-10-20 18:18:53,617 [grpc-default-executor-3] INFO  impl.RoleInfo (RoleInfo.java:shutdownFollowerState(121)) - 6ef27e9c-8ddb-4fa1-8c14-ab102acfb1b8: shutdown FollowerState
2019-10-20 18:18:53,617 [Thread-2804] INFO  impl.RoleInfo (RoleInfo.java:shutdownFollowerState(121)) - 399079f7-1eb1-4f37-b003-267572525934: shutdown FollowerState
2019-10-20 18:18:53,617 [Thread-2808] INFO  impl.FollowerState (FollowerState.java:run(117)) - 6ef27e9c-8ddb-4fa1-8c14-ab102acfb1b8@group-F11756C8BA4A-FollowerState was interrupted: java.lang.InterruptedException: sleep interrupted
2019-10-20 18:18:53,617 [grpc-default-executor-3] INFO  impl.RoleInfo (RoleInfo.java:updateAndGet(143)) - 6ef27e9c-8ddb-4fa1-8c14-ab102acfb1b8: start FollowerState
2019-10-20 18:18:53,617 [Thread-2804] INFO  impl.RaftServerImpl (RaftServerImpl.java:setRole(184)) - 399079f7-1eb1-4f37-b003-267572525934@group-D40A05E2FCF9: changes role from  FOLLOWER to CANDIDATE at term 194 for changeToCandidate
2019-10-20 18:18:53,618 [Thread-2804] INFO  impl.RoleInfo (RoleInfo.java:updateAndGet(143)) - 399079f7-1eb1-4f37-b003-267572525934: start LeaderElection
2019-10-20 18:18:53,646 [399079f7-1eb1-4f37-b003-267572525934@group-D40A05E2FCF9-LeaderElection345] INFO  impl.LeaderElection (LeaderElection.java:askForVotes(178)) - 399079f7-1eb1-4f37-b003-267572525934@group-D40A05E2FCF9-LeaderElection345: begin an election at term 195 for -1: [399079f7-1eb1-4f37-b003-267572525934:192.168.164.241:37762, 7a43c46a-fc88-4b2d-b2da-ae029cfa60ff:192.168.164.241:43684, 6c5c38af-62e6-4ea7-a24a-078dcb28fb39:192.168.164.241:45428], old=null
2019-10-20 18:18:53,647 [b75f8b2e-6273-4c97-b7c5-042674931d23@group-F11756C8BA4A-LeaderElection344] INFO  impl.LeaderElection (LeaderElection.java:logAndReturn(56)) - b75f8b2e-6273-4c97-b7c5-042674931d23@group-F11756C8BA4A-LeaderElection344: Election REJECTED; received 1 response(s) [b75f8b2e-6273-4c97-b7c5-042674931d23<-6ef27e9c-8ddb-4fa1-8c14-ab102acfb1b8#0:FAIL-t194] and 1 exception(s); b75f8b2e-6273-4c97-b7c5-042674931d23@group-F11756C8BA4A:t194, leader=null, voted=b75f8b2e-6273-4c97-b7c5-042674931d23, raftlog=b75f8b2e-6273-4c97-b7c5-042674931d23@group-F11756C8BA4A-SegmentedRaftLog:OPENED:c-1,f-1,i0, conf=-1: [6ef27e9c-8ddb-4fa1-8c14-ab102acfb1b8:192.168.164.241:38092, b75f8b2e-6273-4c97-b7c5-042674931d23:192.168.164.241:41857, 3750b3a2-715b-46b3-9d0c-9e38136244b9:192.168.164.241:46227], old=null
2019-10-20 18:18:53,647 [b75f8b2e-6273-4c97-b7c5-042674931d23@group-F11756C8BA4A-LeaderElection344] INFO  impl.LeaderElection (LogUtils.java:infoOrTrace(149)) -   Exception 0: {}
java.util.concurrent.ExecutionException: org.apache.ratis.thirdparty.io.grpc.StatusRuntimeException: UNAVAILABLE: io exception
	at java.util.concurrent.FutureTask.report(FutureTask.java:122)
	at java.util.concurrent.FutureTask.get(FutureTask.java:192)
	at org.apache.ratis.server.impl.LeaderElection.waitForResults(LeaderElection.java:259)
	at org.apache.ratis.server.impl.LeaderElection.askForVotes(LeaderElection.java:197)
	at org.apache.ratis.server.impl.LeaderElection.run(LeaderElection.java:133)
	at java.lang.Thread.run(Thread.java:748)
Caused by: org.apache.ratis.thirdparty.io.grpc.StatusRuntimeException: UNAVAILABLE: io exception
	at org.apache.ratis.thirdparty.io.grpc.stub.ClientCalls.toStatusRuntimeException(ClientCalls.java:233)
	at org.apache.ratis.thirdparty.io.grpc.stub.ClientCalls.getUnchecked(ClientCalls.java:214)
	at org.apache.ratis.thirdparty.io.grpc.stub.ClientCalls.blockingUnaryCall(ClientCalls.java:139)
	at org.apache.ratis.proto.grpc.RaftServerProtocolServiceGrpc$RaftServerProtocolServiceBlockingStub.requestVote(RaftServerProtocolServiceGrpc.java:265)
	at org.apache.ratis.grpc.server.GrpcServerProtocolClient.requestVote(GrpcServerProtocolClient.java:99)
	at org.apache.ratis.grpc.server.GrpcService.requestVote(GrpcService.java:204)
	at org.apache.ratis.server.impl.LeaderElection.lambda$submitRequests$1(LeaderElection.java:234)
	at java.util.concurrent.FutureTask.run(FutureTask.java:266)
	at java.util.concurrent.Executors$RunnableAdapter.call(Executors.java:511)
	at java.util.concurrent.FutureTask.run(FutureTask.java:266)
	at java.util.concurrent.ThreadPoolExecutor.runWorker(ThreadPoolExecutor.java:1149)
	at java.util.concurrent.ThreadPoolExecutor$Worker.run(ThreadPoolExecutor.java:624)
	... 1 more
Caused by: org.apache.ratis.thirdparty.io.netty.channel.AbstractChannel$AnnotatedConnectException: Connection refused: /192.168.164.241:46227
	at sun.nio.ch.SocketChannelImpl.checkConnect(Native Method)
	at sun.nio.ch.SocketChannelImpl.finishConnect(SocketChannelImpl.java:717)
	at org.apache.ratis.thirdparty.io.netty.channel.socket.nio.NioSocketChannel.doFinishConnect(NioSocketChannel.java:327)
	at org.apache.ratis.thirdparty.io.netty.channel.nio.AbstractNioChannel$AbstractNioUnsafe.finishConnect(AbstractNioChannel.java:340)
	at org.apache.ratis.thirdparty.io.netty.channel.nio.NioEventLoop.processSelectedKey(NioEventLoop.java:632)
	at org.apache.ratis.thirdparty.io.netty.channel.nio.NioEventLoop.processSelectedKeysOptimized(NioEventLoop.java:579)
	at org.apache.ratis.thirdparty.io.netty.channel.nio.NioEventLoop.processSelectedKeys(NioEventLoop.java:496)
	at org.apache.ratis.thirdparty.io.netty.channel.nio.NioEventLoop.run(NioEventLoop.java:458)
	at org.apache.ratis.thirdparty.io.netty.util.concurrent.SingleThreadEventExecutor$5.run(SingleThreadEventExecutor.java:897)
	at org.apache.ratis.thirdparty.io.netty.util.concurrent.FastThreadLocalRunnable.run(FastThreadLocalRunnable.java:30)
	... 1 more
Caused by: java.net.ConnectException: Connection refused
	... 11 more
2019-10-20 18:18:53,647 [grpc-default-executor-3] INFO  impl.RaftServerImpl (RaftServerImpl.java:setRole(184)) - 6c5c38af-62e6-4ea7-a24a-078dcb28fb39@group-D40A05E2FCF9: changes role from  FOLLOWER to FOLLOWER at term 195 for recognizeCandidate:399079f7-1eb1-4f37-b003-267572525934
2019-10-20 18:18:53,647 [b75f8b2e-6273-4c97-b7c5-042674931d23@group-F11756C8BA4A-LeaderElection344] INFO  impl.RaftServerImpl (RaftServerImpl.java:setRole(184)) - b75f8b2e-6273-4c97-b7c5-042674931d23@group-F11756C8BA4A: changes role from CANDIDATE to FOLLOWER at term 194 for DISCOVERED_A_NEW_TERM
2019-10-20 18:18:53,648 [b75f8b2e-6273-4c97-b7c5-042674931d23@group-F11756C8BA4A-LeaderElection344] INFO  impl.RoleInfo (RoleInfo.java:shutdownLeaderElection(134)) - b75f8b2e-6273-4c97-b7c5-042674931d23: shutdown LeaderElection
2019-10-20 18:18:53,648 [grpc-default-executor-10] INFO  impl.RaftServerImpl (RaftServerImpl.java:setRole(184)) - 7a43c46a-fc88-4b2d-b2da-ae029cfa60ff@group-D40A05E2FCF9: changes role from  FOLLOWER to FOLLOWER at term 195 for recognizeCandidate:399079f7-1eb1-4f37-b003-267572525934
2019-10-20 18:18:53,648 [grpc-default-executor-3] INFO  impl.RoleInfo (RoleInfo.java:shutdownFollowerState(121)) - 6c5c38af-62e6-4ea7-a24a-078dcb28fb39: shutdown FollowerState
2019-10-20 18:18:53,648 [grpc-default-executor-10] INFO  impl.RoleInfo (RoleInfo.java:shutdownFollowerState(121)) - 7a43c46a-fc88-4b2d-b2da-ae029cfa60ff: shutdown FollowerState
2019-10-20 18:18:53,648 [b75f8b2e-6273-4c97-b7c5-042674931d23@group-F11756C8BA4A-LeaderElection344] INFO  impl.RoleInfo (RoleInfo.java:updateAndGet(143)) - b75f8b2e-6273-4c97-b7c5-042674931d23: start FollowerState
2019-10-20 18:18:53,649 [Thread-2802] INFO  impl.FollowerState (FollowerState.java:run(117)) - 7a43c46a-fc88-4b2d-b2da-ae029cfa60ff@group-D40A05E2FCF9-FollowerState was interrupted: java.lang.InterruptedException: sleep interrupted
2019-10-20 18:18:53,649 [grpc-default-executor-10] INFO  impl.RoleInfo (RoleInfo.java:updateAndGet(143)) - 7a43c46a-fc88-4b2d-b2da-ae029cfa60ff: start FollowerState
2019-10-20 18:18:53,648 [Thread-2803] INFO  impl.FollowerState (FollowerState.java:run(117)) - 6c5c38af-62e6-4ea7-a24a-078dcb28fb39@group-D40A05E2FCF9-FollowerState was interrupted: java.lang.InterruptedException: sleep interrupted
2019-10-20 18:18:53,648 [grpc-default-executor-3] INFO  impl.RoleInfo (RoleInfo.java:updateAndGet(143)) - 6c5c38af-62e6-4ea7-a24a-078dcb28fb39: start FollowerState
2019-10-20 18:18:53,681 [399079f7-1eb1-4f37-b003-267572525934@group-D40A05E2FCF9-LeaderElection345] INFO  impl.LeaderElection (LeaderElection.java:logAndReturn(56)) - 399079f7-1eb1-4f37-b003-267572525934@group-D40A05E2FCF9-LeaderElection345: Election REJECTED; received 2 response(s) [399079f7-1eb1-4f37-b003-267572525934<-7a43c46a-fc88-4b2d-b2da-ae029cfa60ff#0:FAIL-t195, 399079f7-1eb1-4f37-b003-267572525934<-6c5c38af-62e6-4ea7-a24a-078dcb28fb39#0:FAIL-t195] and 0 exception(s); 399079f7-1eb1-4f37-b003-267572525934@group-D40A05E2FCF9:t195, leader=null, voted=399079f7-1eb1-4f37-b003-267572525934, raftlog=399079f7-1eb1-4f37-b003-267572525934@group-D40A05E2FCF9-SegmentedRaftLog:OPENED:c-1,f-1,i0, conf=-1: [399079f7-1eb1-4f37-b003-267572525934:192.168.164.241:37762, 7a43c46a-fc88-4b2d-b2da-ae029cfa60ff:192.168.164.241:43684, 6c5c38af-62e6-4ea7-a24a-078dcb28fb39:192.168.164.241:45428], old=null
2019-10-20 18:18:53,681 [399079f7-1eb1-4f37-b003-267572525934@group-D40A05E2FCF9-LeaderElection345] INFO  impl.RaftServerImpl (RaftServerImpl.java:setRole(184)) - 399079f7-1eb1-4f37-b003-267572525934@group-D40A05E2FCF9: changes role from CANDIDATE to FOLLOWER at term 195 for DISCOVERED_A_NEW_TERM
2019-10-20 18:18:53,681 [399079f7-1eb1-4f37-b003-267572525934@group-D40A05E2FCF9-LeaderElection345] INFO  impl.RoleInfo (RoleInfo.java:shutdownLeaderElection(134)) - 399079f7-1eb1-4f37-b003-267572525934: shutdown LeaderElection
2019-10-20 18:18:53,682 [399079f7-1eb1-4f37-b003-267572525934@group-D40A05E2FCF9-LeaderElection345] INFO  impl.RoleInfo (RoleInfo.java:updateAndGet(143)) - 399079f7-1eb1-4f37-b003-267572525934: start FollowerState
2019-10-20 18:18:53,709 [Thread-2817] INFO  impl.FollowerState (FollowerState.java:run(108)) - b75f8b2e-6273-4c97-b7c5-042674931d23@group-F11756C8BA4A-FollowerState: change to CANDIDATE, lastRpcTime:61ms, electionTimeout:60ms
2019-10-20 18:18:53,709 [Thread-2817] INFO  impl.RoleInfo (RoleInfo.java:shutdownFollowerState(121)) - b75f8b2e-6273-4c97-b7c5-042674931d23: shutdown FollowerState
2019-10-20 18:18:53,709 [Thread-2817] INFO  impl.RaftServerImpl (RaftServerImpl.java:setRole(184)) - b75f8b2e-6273-4c97-b7c5-042674931d23@group-F11756C8BA4A: changes role from  FOLLOWER to CANDIDATE at term 194 for changeToCandidate
2019-10-20 18:18:53,709 [Thread-2817] INFO  impl.RoleInfo (RoleInfo.java:updateAndGet(143)) - b75f8b2e-6273-4c97-b7c5-042674931d23: start LeaderElection
2019-10-20 18:18:53,739 [b75f8b2e-6273-4c97-b7c5-042674931d23@group-F11756C8BA4A-LeaderElection346] INFO  impl.LeaderElection (LeaderElection.java:askForVotes(178)) - b75f8b2e-6273-4c97-b7c5-042674931d23@group-F11756C8BA4A-LeaderElection346: begin an election at term 195 for -1: [6ef27e9c-8ddb-4fa1-8c14-ab102acfb1b8:192.168.164.241:38092, b75f8b2e-6273-4c97-b7c5-042674931d23:192.168.164.241:41857, 3750b3a2-715b-46b3-9d0c-9e38136244b9:192.168.164.241:46227], old=null
2019-10-20 18:18:53,740 [b75f8b2e-6273-4c97-b7c5-042674931d23@group-F11756C8BA4A-LeaderElection346] INFO  impl.LeaderElection (LogUtils.java:infoOrTrace(149)) - b75f8b2e-6273-4c97-b7c5-042674931d23@group-F11756C8BA4A-LeaderElection346 got exception when requesting votes: {}
java.util.concurrent.ExecutionException: org.apache.ratis.thirdparty.io.grpc.StatusRuntimeException: UNAVAILABLE: io exception
	at java.util.concurrent.FutureTask.report(FutureTask.java:122)
	at java.util.concurrent.FutureTask.get(FutureTask.java:192)
	at org.apache.ratis.server.impl.LeaderElection.waitForResults(LeaderElection.java:259)
	at org.apache.ratis.server.impl.LeaderElection.askForVotes(LeaderElection.java:197)
	at org.apache.ratis.server.impl.LeaderElection.run(LeaderElection.java:133)
	at java.lang.Thread.run(Thread.java:748)
Caused by: org.apache.ratis.thirdparty.io.grpc.StatusRuntimeException: UNAVAILABLE: io exception
	at org.apache.ratis.thirdparty.io.grpc.stub.ClientCalls.toStatusRuntimeException(ClientCalls.java:233)
	at org.apache.ratis.thirdparty.io.grpc.stub.ClientCalls.getUnchecked(ClientCalls.java:214)
	at org.apache.ratis.thirdparty.io.grpc.stub.ClientCalls.blockingUnaryCall(ClientCalls.java:139)
	at org.apache.ratis.proto.grpc.RaftServerProtocolServiceGrpc$RaftServerProtocolServiceBlockingStub.requestVote(RaftServerProtocolServiceGrpc.java:265)
	at org.apache.ratis.grpc.server.GrpcServerProtocolClient.requestVote(GrpcServerProtocolClient.java:99)
	at org.apache.ratis.grpc.server.GrpcService.requestVote(GrpcService.java:204)
	at org.apache.ratis.server.impl.LeaderElection.lambda$submitRequests$1(LeaderElection.java:234)
	at java.util.concurrent.FutureTask.run(FutureTask.java:266)
	at java.util.concurrent.Executors$RunnableAdapter.call(Executors.java:511)
	at java.util.concurrent.FutureTask.run(FutureTask.java:266)
	at java.util.concurrent.ThreadPoolExecutor.runWorker(ThreadPoolExecutor.java:1149)
	at java.util.concurrent.ThreadPoolExecutor$Worker.run(ThreadPoolExecutor.java:624)
	... 1 more
Caused by: org.apache.ratis.thirdparty.io.netty.channel.AbstractChannel$AnnotatedConnectException: Connection refused: /192.168.164.241:46227
	at sun.nio.ch.SocketChannelImpl.checkConnect(Native Method)
	at sun.nio.ch.SocketChannelImpl.finishConnect(SocketChannelImpl.java:717)
	at org.apache.ratis.thirdparty.io.netty.channel.socket.nio.NioSocketChannel.doFinishConnect(NioSocketChannel.java:327)
	at org.apache.ratis.thirdparty.io.netty.channel.nio.AbstractNioChannel$AbstractNioUnsafe.finishConnect(AbstractNioChannel.java:340)
	at org.apache.ratis.thirdparty.io.netty.channel.nio.NioEventLoop.processSelectedKey(NioEventLoop.java:632)
	at org.apache.ratis.thirdparty.io.netty.channel.nio.NioEventLoop.processSelectedKeysOptimized(NioEventLoop.java:579)
	at org.apache.ratis.thirdparty.io.netty.channel.nio.NioEventLoop.processSelectedKeys(NioEventLoop.java:496)
	at org.apache.ratis.thirdparty.io.netty.channel.nio.NioEventLoop.run(NioEventLoop.java:458)
	at org.apache.ratis.thirdparty.io.netty.util.concurrent.SingleThreadEventExecutor$5.run(SingleThreadEventExecutor.java:897)
	at org.apache.ratis.thirdparty.io.netty.util.concurrent.FastThreadLocalRunnable.run(FastThreadLocalRunnable.java:30)
	... 1 more
Caused by: java.net.ConnectException: Connection refused
	... 11 more
2019-10-20 18:18:53,743 [grpc-default-executor-3] INFO  impl.RaftServerImpl (RaftServerImpl.java:setRole(184)) - 6ef27e9c-8ddb-4fa1-8c14-ab102acfb1b8@group-F11756C8BA4A: changes role from  FOLLOWER to FOLLOWER at term 195 for recognizeCandidate:b75f8b2e-6273-4c97-b7c5-042674931d23
2019-10-20 18:18:53,743 [grpc-default-executor-3] INFO  impl.RoleInfo (RoleInfo.java:shutdownFollowerState(121)) - 6ef27e9c-8ddb-4fa1-8c14-ab102acfb1b8: shutdown FollowerState
2019-10-20 18:18:53,743 [grpc-default-executor-3] INFO  impl.RoleInfo (RoleInfo.java:updateAndGet(143)) - 6ef27e9c-8ddb-4fa1-8c14-ab102acfb1b8: start FollowerState
2019-10-20 18:18:53,743 [Thread-2813] INFO  impl.FollowerState (FollowerState.java:run(117)) - 6ef27e9c-8ddb-4fa1-8c14-ab102acfb1b8@group-F11756C8BA4A-FollowerState was interrupted: java.lang.InterruptedException: sleep interrupted
2019-10-20 18:18:53,766 [b75f8b2e-6273-4c97-b7c5-042674931d23@group-F11756C8BA4A-LeaderElection346] INFO  impl.LeaderElection (LeaderElection.java:logAndReturn(56)) - b75f8b2e-6273-4c97-b7c5-042674931d23@group-F11756C8BA4A-LeaderElection346: Election REJECTED; received 1 response(s) [b75f8b2e-6273-4c97-b7c5-042674931d23<-6ef27e9c-8ddb-4fa1-8c14-ab102acfb1b8#0:FAIL-t195] and 1 exception(s); b75f8b2e-6273-4c97-b7c5-042674931d23@group-F11756C8BA4A:t195, leader=null, voted=b75f8b2e-6273-4c97-b7c5-042674931d23, raftlog=b75f8b2e-6273-4c97-b7c5-042674931d23@group-F11756C8BA4A-SegmentedRaftLog:OPENED:c-1,f-1,i0, conf=-1: [6ef27e9c-8ddb-4fa1-8c14-ab102acfb1b8:192.168.164.241:38092, b75f8b2e-6273-4c97-b7c5-042674931d23:192.168.164.241:41857, 3750b3a2-715b-46b3-9d0c-9e38136244b9:192.168.164.241:46227], old=null
2019-10-20 18:18:53,766 [b75f8b2e-6273-4c97-b7c5-042674931d23@group-F11756C8BA4A-LeaderElection346] INFO  impl.LeaderElection (LogUtils.java:infoOrTrace(149)) -   Exception 0: {}
java.util.concurrent.ExecutionException: org.apache.ratis.thirdparty.io.grpc.StatusRuntimeException: UNAVAILABLE: io exception
	at java.util.concurrent.FutureTask.report(FutureTask.java:122)
	at java.util.concurrent.FutureTask.get(FutureTask.java:192)
	at org.apache.ratis.server.impl.LeaderElection.waitForResults(LeaderElection.java:259)
	at org.apache.ratis.server.impl.LeaderElection.askForVotes(LeaderElection.java:197)
	at org.apache.ratis.server.impl.LeaderElection.run(LeaderElection.java:133)
	at java.lang.Thread.run(Thread.java:748)
Caused by: org.apache.ratis.thirdparty.io.grpc.StatusRuntimeException: UNAVAILABLE: io exception
	at org.apache.ratis.thirdparty.io.grpc.stub.ClientCalls.toStatusRuntimeException(ClientCalls.java:233)
	at org.apache.ratis.thirdparty.io.grpc.stub.ClientCalls.getUnchecked(ClientCalls.java:214)
	at org.apache.ratis.thirdparty.io.grpc.stub.ClientCalls.blockingUnaryCall(ClientCalls.java:139)
	at org.apache.ratis.proto.grpc.RaftServerProtocolServiceGrpc$RaftServerProtocolServiceBlockingStub.requestVote(RaftServerProtocolServiceGrpc.java:265)
	at org.apache.ratis.grpc.server.GrpcServerProtocolClient.requestVote(GrpcServerProtocolClient.java:99)
	at org.apache.ratis.grpc.server.GrpcService.requestVote(GrpcService.java:204)
	at org.apache.ratis.server.impl.LeaderElection.lambda$submitRequests$1(LeaderElection.java:234)
	at java.util.concurrent.FutureTask.run(FutureTask.java:266)
	at java.util.concurrent.Executors$RunnableAdapter.call(Executors.java:511)
	at java.util.concurrent.FutureTask.run(FutureTask.java:266)
	at java.util.concurrent.ThreadPoolExecutor.runWorker(ThreadPoolExecutor.java:1149)
	at java.util.concurrent.ThreadPoolExecutor$Worker.run(ThreadPoolExecutor.java:624)
	... 1 more
Caused by: org.apache.ratis.thirdparty.io.netty.channel.AbstractChannel$AnnotatedConnectException: Connection refused: /192.168.164.241:46227
	at sun.nio.ch.SocketChannelImpl.checkConnect(Native Method)
	at sun.nio.ch.SocketChannelImpl.finishConnect(SocketChannelImpl.java:717)
	at org.apache.ratis.thirdparty.io.netty.channel.socket.nio.NioSocketChannel.doFinishConnect(NioSocketChannel.java:327)
	at org.apache.ratis.thirdparty.io.netty.channel.nio.AbstractNioChannel$AbstractNioUnsafe.finishConnect(AbstractNioChannel.java:340)
	at org.apache.ratis.thirdparty.io.netty.channel.nio.NioEventLoop.processSelectedKey(NioEventLoop.java:632)
	at org.apache.ratis.thirdparty.io.netty.channel.nio.NioEventLoop.processSelectedKeysOptimized(NioEventLoop.java:579)
	at org.apache.ratis.thirdparty.io.netty.channel.nio.NioEventLoop.processSelectedKeys(NioEventLoop.java:496)
	at org.apache.ratis.thirdparty.io.netty.channel.nio.NioEventLoop.run(NioEventLoop.java:458)
	at org.apache.ratis.thirdparty.io.netty.util.concurrent.SingleThreadEventExecutor$5.run(SingleThreadEventExecutor.java:897)
	at org.apache.ratis.thirdparty.io.netty.util.concurrent.FastThreadLocalRunnable.run(FastThreadLocalRunnable.java:30)
	... 1 more
Caused by: java.net.ConnectException: Connection refused
	... 11 more
2019-10-20 18:18:53,766 [b75f8b2e-6273-4c97-b7c5-042674931d23@group-F11756C8BA4A-LeaderElection346] INFO  impl.RaftServerImpl (RaftServerImpl.java:setRole(184)) - b75f8b2e-6273-4c97-b7c5-042674931d23@group-F11756C8BA4A: changes role from CANDIDATE to FOLLOWER at term 195 for DISCOVERED_A_NEW_TERM
2019-10-20 18:18:53,766 [b75f8b2e-6273-4c97-b7c5-042674931d23@group-F11756C8BA4A-LeaderElection346] INFO  impl.RoleInfo (RoleInfo.java:shutdownLeaderElection(134)) - b75f8b2e-6273-4c97-b7c5-042674931d23: shutdown LeaderElection
2019-10-20 18:18:53,767 [b75f8b2e-6273-4c97-b7c5-042674931d23@group-F11756C8BA4A-LeaderElection346] INFO  impl.RoleInfo (RoleInfo.java:updateAndGet(143)) - b75f8b2e-6273-4c97-b7c5-042674931d23: start FollowerState
2019-10-20 18:18:53,857 [Thread-2820] INFO  impl.FollowerState (FollowerState.java:run(108)) - 399079f7-1eb1-4f37-b003-267572525934@group-D40A05E2FCF9-FollowerState: change to CANDIDATE, lastRpcTime:175ms, electionTimeout:175ms
2019-10-20 18:18:53,857 [Thread-2820] INFO  impl.RoleInfo (RoleInfo.java:shutdownFollowerState(121)) - 399079f7-1eb1-4f37-b003-267572525934: shutdown FollowerState
2019-10-20 18:18:53,857 [Thread-2820] INFO  impl.RaftServerImpl (RaftServerImpl.java:setRole(184)) - 399079f7-1eb1-4f37-b003-267572525934@group-D40A05E2FCF9: changes role from  FOLLOWER to CANDIDATE at term 195 for changeToCandidate
2019-10-20 18:18:53,858 [Thread-2820] INFO  impl.RoleInfo (RoleInfo.java:updateAndGet(143)) - 399079f7-1eb1-4f37-b003-267572525934: start LeaderElection
2019-10-20 18:18:53,867 [Thread-2825] INFO  impl.FollowerState (FollowerState.java:run(108)) - b75f8b2e-6273-4c97-b7c5-042674931d23@group-F11756C8BA4A-FollowerState: change to CANDIDATE, lastRpcTime:100ms, electionTimeout:100ms
2019-10-20 18:18:53,867 [Thread-2825] INFO  impl.RoleInfo (RoleInfo.java:shutdownFollowerState(121)) - b75f8b2e-6273-4c97-b7c5-042674931d23: shutdown FollowerState
2019-10-20 18:18:53,867 [Thread-2825] INFO  impl.RaftServerImpl (RaftServerImpl.java:setRole(184)) - b75f8b2e-6273-4c97-b7c5-042674931d23@group-F11756C8BA4A: changes role from  FOLLOWER to CANDIDATE at term 195 for changeToCandidate
2019-10-20 18:18:53,867 [Thread-2825] INFO  impl.RoleInfo (RoleInfo.java:updateAndGet(143)) - b75f8b2e-6273-4c97-b7c5-042674931d23: start LeaderElection
2019-10-20 18:18:53,891 [b75f8b2e-6273-4c97-b7c5-042674931d23@group-F11756C8BA4A-LeaderElection348] INFO  impl.LeaderElection (LeaderElection.java:askForVotes(178)) - b75f8b2e-6273-4c97-b7c5-042674931d23@group-F11756C8BA4A-LeaderElection348: begin an election at term 196 for -1: [6ef27e9c-8ddb-4fa1-8c14-ab102acfb1b8:192.168.164.241:38092, b75f8b2e-6273-4c97-b7c5-042674931d23:192.168.164.241:41857, 3750b3a2-715b-46b3-9d0c-9e38136244b9:192.168.164.241:46227], old=null
2019-10-20 18:18:53,891 [399079f7-1eb1-4f37-b003-267572525934@group-D40A05E2FCF9-LeaderElection347] INFO  impl.LeaderElection (LeaderElection.java:askForVotes(178)) - 399079f7-1eb1-4f37-b003-267572525934@group-D40A05E2FCF9-LeaderElection347: begin an election at term 196 for -1: [399079f7-1eb1-4f37-b003-267572525934:192.168.164.241:37762, 7a43c46a-fc88-4b2d-b2da-ae029cfa60ff:192.168.164.241:43684, 6c5c38af-62e6-4ea7-a24a-078dcb28fb39:192.168.164.241:45428], old=null
2019-10-20 18:18:53,892 [b75f8b2e-6273-4c97-b7c5-042674931d23@group-F11756C8BA4A-LeaderElection348] INFO  impl.LeaderElection (LogUtils.java:infoOrTrace(149)) - b75f8b2e-6273-4c97-b7c5-042674931d23@group-F11756C8BA4A-LeaderElection348 got exception when requesting votes: {}
java.util.concurrent.ExecutionException: org.apache.ratis.thirdparty.io.grpc.StatusRuntimeException: UNAVAILABLE: io exception
	at java.util.concurrent.FutureTask.report(FutureTask.java:122)
	at java.util.concurrent.FutureTask.get(FutureTask.java:192)
	at org.apache.ratis.server.impl.LeaderElection.waitForResults(LeaderElection.java:259)
	at org.apache.ratis.server.impl.LeaderElection.askForVotes(LeaderElection.java:197)
	at org.apache.ratis.server.impl.LeaderElection.run(LeaderElection.java:133)
	at java.lang.Thread.run(Thread.java:748)
Caused by: org.apache.ratis.thirdparty.io.grpc.StatusRuntimeException: UNAVAILABLE: io exception
	at org.apache.ratis.thirdparty.io.grpc.stub.ClientCalls.toStatusRuntimeException(ClientCalls.java:233)
	at org.apache.ratis.thirdparty.io.grpc.stub.ClientCalls.getUnchecked(ClientCalls.java:214)
	at org.apache.ratis.thirdparty.io.grpc.stub.ClientCalls.blockingUnaryCall(ClientCalls.java:139)
	at org.apache.ratis.proto.grpc.RaftServerProtocolServiceGrpc$RaftServerProtocolServiceBlockingStub.requestVote(RaftServerProtocolServiceGrpc.java:265)
	at org.apache.ratis.grpc.server.GrpcServerProtocolClient.requestVote(GrpcServerProtocolClient.java:99)
	at org.apache.ratis.grpc.server.GrpcService.requestVote(GrpcService.java:204)
	at org.apache.ratis.server.impl.LeaderElection.lambda$submitRequests$1(LeaderElection.java:234)
	at java.util.concurrent.FutureTask.run(FutureTask.java:266)
	at java.util.concurrent.Executors$RunnableAdapter.call(Executors.java:511)
	at java.util.concurrent.FutureTask.run(FutureTask.java:266)
	at java.util.concurrent.ThreadPoolExecutor.runWorker(ThreadPoolExecutor.java:1149)
	at java.util.concurrent.ThreadPoolExecutor$Worker.run(ThreadPoolExecutor.java:624)
	... 1 more
Caused by: org.apache.ratis.thirdparty.io.netty.channel.AbstractChannel$AnnotatedConnectException: Connection refused: /192.168.164.241:46227
	at sun.nio.ch.SocketChannelImpl.checkConnect(Native Method)
	at sun.nio.ch.SocketChannelImpl.finishConnect(SocketChannelImpl.java:717)
	at org.apache.ratis.thirdparty.io.netty.channel.socket.nio.NioSocketChannel.doFinishConnect(NioSocketChannel.java:327)
	at org.apache.ratis.thirdparty.io.netty.channel.nio.AbstractNioChannel$AbstractNioUnsafe.finishConnect(AbstractNioChannel.java:340)
	at org.apache.ratis.thirdparty.io.netty.channel.nio.NioEventLoop.processSelectedKey(NioEventLoop.java:632)
	at org.apache.ratis.thirdparty.io.netty.channel.nio.NioEventLoop.processSelectedKeysOptimized(NioEventLoop.java:579)
	at org.apache.ratis.thirdparty.io.netty.channel.nio.NioEventLoop.processSelectedKeys(NioEventLoop.java:496)
	at org.apache.ratis.thirdparty.io.netty.channel.nio.NioEventLoop.run(NioEventLoop.java:458)
	at org.apache.ratis.thirdparty.io.netty.util.concurrent.SingleThreadEventExecutor$5.run(SingleThreadEventExecutor.java:897)
	at org.apache.ratis.thirdparty.io.netty.util.concurrent.FastThreadLocalRunnable.run(FastThreadLocalRunnable.java:30)
	... 1 more
Caused by: java.net.ConnectException: Connection refused
	... 11 more
2019-10-20 18:18:53,895 [grpc-default-executor-4] INFO  impl.RaftServerImpl (RaftServerImpl.java:setRole(184)) - 6ef27e9c-8ddb-4fa1-8c14-ab102acfb1b8@group-F11756C8BA4A: changes role from  FOLLOWER to FOLLOWER at term 196 for recognizeCandidate:b75f8b2e-6273-4c97-b7c5-042674931d23
2019-10-20 18:18:53,895 [grpc-default-executor-10] INFO  impl.RaftServerImpl (RaftServerImpl.java:setRole(184)) - 7a43c46a-fc88-4b2d-b2da-ae029cfa60ff@group-D40A05E2FCF9: changes role from  FOLLOWER to FOLLOWER at term 196 for recognizeCandidate:399079f7-1eb1-4f37-b003-267572525934
2019-10-20 18:18:53,895 [grpc-default-executor-10] INFO  impl.RoleInfo (RoleInfo.java:shutdownFollowerState(121)) - 7a43c46a-fc88-4b2d-b2da-ae029cfa60ff: shutdown FollowerState
2019-10-20 18:18:53,895 [grpc-default-executor-4] INFO  impl.RoleInfo (RoleInfo.java:shutdownFollowerState(121)) - 6ef27e9c-8ddb-4fa1-8c14-ab102acfb1b8: shutdown FollowerState
2019-10-20 18:18:53,895 [grpc-default-executor-3] INFO  impl.RaftServerImpl (RaftServerImpl.java:setRole(184)) - 6c5c38af-62e6-4ea7-a24a-078dcb28fb39@group-D40A05E2FCF9: changes role from  FOLLOWER to FOLLOWER at term 196 for recognizeCandidate:399079f7-1eb1-4f37-b003-267572525934
2019-10-20 18:18:53,896 [grpc-default-executor-3] INFO  impl.RoleInfo (RoleInfo.java:shutdownFollowerState(121)) - 6c5c38af-62e6-4ea7-a24a-078dcb28fb39: shutdown FollowerState
2019-10-20 18:18:53,896 [grpc-default-executor-4] INFO  impl.RoleInfo (RoleInfo.java:updateAndGet(143)) - 6ef27e9c-8ddb-4fa1-8c14-ab102acfb1b8: start FollowerState
2019-10-20 18:18:53,896 [Thread-2824] INFO  impl.FollowerState (FollowerState.java:run(117)) - 6ef27e9c-8ddb-4fa1-8c14-ab102acfb1b8@group-F11756C8BA4A-FollowerState was interrupted: java.lang.InterruptedException: sleep interrupted
2019-10-20 18:18:53,896 [Thread-2819] INFO  impl.FollowerState (FollowerState.java:run(117)) - 7a43c46a-fc88-4b2d-b2da-ae029cfa60ff@group-D40A05E2FCF9-FollowerState was interrupted: java.lang.InterruptedException: sleep interrupted
2019-10-20 18:18:53,896 [grpc-default-executor-10] INFO  impl.RoleInfo (RoleInfo.java:updateAndGet(143)) - 7a43c46a-fc88-4b2d-b2da-ae029cfa60ff: start FollowerState
2019-10-20 18:18:53,896 [Thread-2818] INFO  impl.FollowerState (FollowerState.java:run(117)) - 6c5c38af-62e6-4ea7-a24a-078dcb28fb39@group-D40A05E2FCF9-FollowerState was interrupted: java.lang.InterruptedException: sleep interrupted
2019-10-20 18:18:53,896 [grpc-default-executor-3] INFO  impl.RoleInfo (RoleInfo.java:updateAndGet(143)) - 6c5c38af-62e6-4ea7-a24a-078dcb28fb39: start FollowerState
2019-10-20 18:18:53,926 [b75f8b2e-6273-4c97-b7c5-042674931d23@group-F11756C8BA4A-LeaderElection348] INFO  impl.LeaderElection (LeaderElection.java:logAndReturn(56)) - b75f8b2e-6273-4c97-b7c5-042674931d23@group-F11756C8BA4A-LeaderElection348: Election REJECTED; received 1 response(s) [b75f8b2e-6273-4c97-b7c5-042674931d23<-6ef27e9c-8ddb-4fa1-8c14-ab102acfb1b8#0:FAIL-t196] and 1 exception(s); b75f8b2e-6273-4c97-b7c5-042674931d23@group-F11756C8BA4A:t196, leader=null, voted=b75f8b2e-6273-4c97-b7c5-042674931d23, raftlog=b75f8b2e-6273-4c97-b7c5-042674931d23@group-F11756C8BA4A-SegmentedRaftLog:OPENED:c-1,f-1,i0, conf=-1: [6ef27e9c-8ddb-4fa1-8c14-ab102acfb1b8:192.168.164.241:38092, b75f8b2e-6273-4c97-b7c5-042674931d23:192.168.164.241:41857, 3750b3a2-715b-46b3-9d0c-9e38136244b9:192.168.164.241:46227], old=null
2019-10-20 18:18:53,926 [399079f7-1eb1-4f37-b003-267572525934@group-D40A05E2FCF9-LeaderElection347] INFO  impl.LeaderElection (LeaderElection.java:logAndReturn(56)) - 399079f7-1eb1-4f37-b003-267572525934@group-D40A05E2FCF9-LeaderElection347: Election REJECTED; received 2 response(s) [399079f7-1eb1-4f37-b003-267572525934<-7a43c46a-fc88-4b2d-b2da-ae029cfa60ff#0:FAIL-t196, 399079f7-1eb1-4f37-b003-267572525934<-6c5c38af-62e6-4ea7-a24a-078dcb28fb39#0:FAIL-t196] and 0 exception(s); 399079f7-1eb1-4f37-b003-267572525934@group-D40A05E2FCF9:t196, leader=null, voted=399079f7-1eb1-4f37-b003-267572525934, raftlog=399079f7-1eb1-4f37-b003-267572525934@group-D40A05E2FCF9-SegmentedRaftLog:OPENED:c-1,f-1,i0, conf=-1: [399079f7-1eb1-4f37-b003-267572525934:192.168.164.241:37762, 7a43c46a-fc88-4b2d-b2da-ae029cfa60ff:192.168.164.241:43684, 6c5c38af-62e6-4ea7-a24a-078dcb28fb39:192.168.164.241:45428], old=null
2019-10-20 18:18:53,926 [b75f8b2e-6273-4c97-b7c5-042674931d23@group-F11756C8BA4A-LeaderElection348] INFO  impl.LeaderElection (LogUtils.java:infoOrTrace(149)) -   Exception 0: {}
java.util.concurrent.ExecutionException: org.apache.ratis.thirdparty.io.grpc.StatusRuntimeException: UNAVAILABLE: io exception
	at java.util.concurrent.FutureTask.report(FutureTask.java:122)
	at java.util.concurrent.FutureTask.get(FutureTask.java:192)
	at org.apache.ratis.server.impl.LeaderElection.waitForResults(LeaderElection.java:259)
	at org.apache.ratis.server.impl.LeaderElection.askForVotes(LeaderElection.java:197)
	at org.apache.ratis.server.impl.LeaderElection.run(LeaderElection.java:133)
	at java.lang.Thread.run(Thread.java:748)
Caused by: org.apache.ratis.thirdparty.io.grpc.StatusRuntimeException: UNAVAILABLE: io exception
	at org.apache.ratis.thirdparty.io.grpc.stub.ClientCalls.toStatusRuntimeException(ClientCalls.java:233)
	at org.apache.ratis.thirdparty.io.grpc.stub.ClientCalls.getUnchecked(ClientCalls.java:214)
	at org.apache.ratis.thirdparty.io.grpc.stub.ClientCalls.blockingUnaryCall(ClientCalls.java:139)
	at org.apache.ratis.proto.grpc.RaftServerProtocolServiceGrpc$RaftServerProtocolServiceBlockingStub.requestVote(RaftServerProtocolServiceGrpc.java:265)
	at org.apache.ratis.grpc.server.GrpcServerProtocolClient.requestVote(GrpcServerProtocolClient.java:99)
	at org.apache.ratis.grpc.server.GrpcService.requestVote(GrpcService.java:204)
	at org.apache.ratis.server.impl.LeaderElection.lambda$submitRequests$1(LeaderElection.java:234)
	at java.util.concurrent.FutureTask.run(FutureTask.java:266)
	at java.util.concurrent.Executors$RunnableAdapter.call(Executors.java:511)
	at java.util.concurrent.FutureTask.run(FutureTask.java:266)
	at java.util.concurrent.ThreadPoolExecutor.runWorker(ThreadPoolExecutor.java:1149)
	at java.util.concurrent.ThreadPoolExecutor$Worker.run(ThreadPoolExecutor.java:624)
	... 1 more
Caused by: org.apache.ratis.thirdparty.io.netty.channel.AbstractChannel$AnnotatedConnectException: Connection refused: /192.168.164.241:46227
	at sun.nio.ch.SocketChannelImpl.checkConnect(Native Method)
	at sun.nio.ch.SocketChannelImpl.finishConnect(SocketChannelImpl.java:717)
	at org.apache.ratis.thirdparty.io.netty.channel.socket.nio.NioSocketChannel.doFinishConnect(NioSocketChannel.java:327)
	at org.apache.ratis.thirdparty.io.netty.channel.nio.AbstractNioChannel$AbstractNioUnsafe.finishConnect(AbstractNioChannel.java:340)
	at org.apache.ratis.thirdparty.io.netty.channel.nio.NioEventLoop.processSelectedKey(NioEventLoop.java:632)
	at org.apache.ratis.thirdparty.io.netty.channel.nio.NioEventLoop.processSelectedKeysOptimized(NioEventLoop.java:579)
	at org.apache.ratis.thirdparty.io.netty.channel.nio.NioEventLoop.processSelectedKeys(NioEventLoop.java:496)
	at org.apache.ratis.thirdparty.io.netty.channel.nio.NioEventLoop.run(NioEventLoop.java:458)
	at org.apache.ratis.thirdparty.io.netty.util.concurrent.SingleThreadEventExecutor$5.run(SingleThreadEventExecutor.java:897)
	at org.apache.ratis.thirdparty.io.netty.util.concurrent.FastThreadLocalRunnable.run(FastThreadLocalRunnable.java:30)
	... 1 more
Caused by: java.net.ConnectException: Connection refused
	... 11 more
2019-10-20 18:18:53,926 [399079f7-1eb1-4f37-b003-267572525934@group-D40A05E2FCF9-LeaderElection347] INFO  impl.RaftServerImpl (RaftServerImpl.java:setRole(184)) - 399079f7-1eb1-4f37-b003-267572525934@group-D40A05E2FCF9: changes role from CANDIDATE to FOLLOWER at term 196 for DISCOVERED_A_NEW_TERM
2019-10-20 18:18:53,927 [399079f7-1eb1-4f37-b003-267572525934@group-D40A05E2FCF9-LeaderElection347] INFO  impl.RoleInfo (RoleInfo.java:shutdownLeaderElection(134)) - 399079f7-1eb1-4f37-b003-267572525934: shutdown LeaderElection
2019-10-20 18:18:53,927 [b75f8b2e-6273-4c97-b7c5-042674931d23@group-F11756C8BA4A-LeaderElection348] INFO  impl.RaftServerImpl (RaftServerImpl.java:setRole(184)) - b75f8b2e-6273-4c97-b7c5-042674931d23@group-F11756C8BA4A: changes role from CANDIDATE to FOLLOWER at term 196 for DISCOVERED_A_NEW_TERM
2019-10-20 18:18:53,927 [399079f7-1eb1-4f37-b003-267572525934@group-D40A05E2FCF9-LeaderElection347] INFO  impl.RoleInfo (RoleInfo.java:updateAndGet(143)) - 399079f7-1eb1-4f37-b003-267572525934: start FollowerState
2019-10-20 18:18:53,927 [b75f8b2e-6273-4c97-b7c5-042674931d23@group-F11756C8BA4A-LeaderElection348] INFO  impl.RoleInfo (RoleInfo.java:shutdownLeaderElection(134)) - b75f8b2e-6273-4c97-b7c5-042674931d23: shutdown LeaderElection
2019-10-20 18:18:53,928 [b75f8b2e-6273-4c97-b7c5-042674931d23@group-F11756C8BA4A-LeaderElection348] INFO  impl.RoleInfo (RoleInfo.java:updateAndGet(143)) - b75f8b2e-6273-4c97-b7c5-042674931d23: start FollowerState
2019-10-20 18:18:53,999 [Thread-479] INFO  impl.FollowerState (FollowerState.java:run(108)) - a6e136fe-e391-4364-8a60-53801fc9277d@group-AF4EDA66FDC9-FollowerState: change to CANDIDATE, lastRpcTime:1468ms, electionTimeout:1144ms
2019-10-20 18:18:54,000 [Thread-479] INFO  impl.RoleInfo (RoleInfo.java:shutdownFollowerState(121)) - a6e136fe-e391-4364-8a60-53801fc9277d: shutdown FollowerState
2019-10-20 18:18:54,000 [Thread-479] INFO  impl.RaftServerImpl (RaftServerImpl.java:setRole(184)) - a6e136fe-e391-4364-8a60-53801fc9277d@group-AF4EDA66FDC9: changes role from  FOLLOWER to CANDIDATE at term 1 for changeToCandidate
2019-10-20 18:18:54,000 [Thread-479] INFO  impl.RoleInfo (RoleInfo.java:updateAndGet(143)) - a6e136fe-e391-4364-8a60-53801fc9277d: start LeaderElection
2019-10-20 18:18:54,001 [a6e136fe-e391-4364-8a60-53801fc9277d@group-AF4EDA66FDC9-LeaderElection349] INFO  impl.RaftServerImpl (ServerState.java:setLeader(256)) - a6e136fe-e391-4364-8a60-53801fc9277d@group-AF4EDA66FDC9: change Leader from eb28ec45-9b2b-44d6-ae7e-a31feda643bc to null at term 1 for initElection
2019-10-20 18:18:54,002 [Thread-2836] INFO  impl.FollowerState (FollowerState.java:run(108)) - b75f8b2e-6273-4c97-b7c5-042674931d23@group-F11756C8BA4A-FollowerState: change to CANDIDATE, lastRpcTime:74ms, electionTimeout:74ms
2019-10-20 18:18:54,002 [Thread-2836] INFO  impl.RoleInfo (RoleInfo.java:shutdownFollowerState(121)) - b75f8b2e-6273-4c97-b7c5-042674931d23: shutdown FollowerState
2019-10-20 18:18:54,002 [Thread-2836] INFO  impl.RaftServerImpl (RaftServerImpl.java:setRole(184)) - b75f8b2e-6273-4c97-b7c5-042674931d23@group-F11756C8BA4A: changes role from  FOLLOWER to CANDIDATE at term 196 for changeToCandidate
2019-10-20 18:18:54,002 [Thread-2836] INFO  impl.RoleInfo (RoleInfo.java:updateAndGet(143)) - b75f8b2e-6273-4c97-b7c5-042674931d23: start LeaderElection
2019-10-20 18:18:54,020 [a6e136fe-e391-4364-8a60-53801fc9277d@group-AF4EDA66FDC9-LeaderElection349] INFO  impl.LeaderElection (LeaderElection.java:askForVotes(178)) - a6e136fe-e391-4364-8a60-53801fc9277d@group-AF4EDA66FDC9-LeaderElection349: begin an election at term 2 for 0: [a6e136fe-e391-4364-8a60-53801fc9277d:192.168.164.241:40755, eb28ec45-9b2b-44d6-ae7e-a31feda643bc:192.168.164.241:42571, c50ce170-3170-4e03-b167-34e0e02687b2:192.168.164.241:37695], old=null
2019-10-20 18:18:54,020 [b75f8b2e-6273-4c97-b7c5-042674931d23@group-F11756C8BA4A-LeaderElection350] INFO  impl.LeaderElection (LeaderElection.java:askForVotes(178)) - b75f8b2e-6273-4c97-b7c5-042674931d23@group-F11756C8BA4A-LeaderElection350: begin an election at term 197 for -1: [6ef27e9c-8ddb-4fa1-8c14-ab102acfb1b8:192.168.164.241:38092, b75f8b2e-6273-4c97-b7c5-042674931d23:192.168.164.241:41857, 3750b3a2-715b-46b3-9d0c-9e38136244b9:192.168.164.241:46227], old=null
2019-10-20 18:18:54,021 [b75f8b2e-6273-4c97-b7c5-042674931d23@group-F11756C8BA4A-LeaderElection350] INFO  impl.LeaderElection (LogUtils.java:infoOrTrace(149)) - b75f8b2e-6273-4c97-b7c5-042674931d23@group-F11756C8BA4A-LeaderElection350 got exception when requesting votes: {}
java.util.concurrent.ExecutionException: org.apache.ratis.thirdparty.io.grpc.StatusRuntimeException: UNAVAILABLE: io exception
	at java.util.concurrent.FutureTask.report(FutureTask.java:122)
	at java.util.concurrent.FutureTask.get(FutureTask.java:192)
	at org.apache.ratis.server.impl.LeaderElection.waitForResults(LeaderElection.java:259)
	at org.apache.ratis.server.impl.LeaderElection.askForVotes(LeaderElection.java:197)
	at org.apache.ratis.server.impl.LeaderElection.run(LeaderElection.java:133)
	at java.lang.Thread.run(Thread.java:748)
Caused by: org.apache.ratis.thirdparty.io.grpc.StatusRuntimeException: UNAVAILABLE: io exception
	at org.apache.ratis.thirdparty.io.grpc.stub.ClientCalls.toStatusRuntimeException(ClientCalls.java:233)
	at org.apache.ratis.thirdparty.io.grpc.stub.ClientCalls.getUnchecked(ClientCalls.java:214)
	at org.apache.ratis.thirdparty.io.grpc.stub.ClientCalls.blockingUnaryCall(ClientCalls.java:139)
	at org.apache.ratis.proto.grpc.RaftServerProtocolServiceGrpc$RaftServerProtocolServiceBlockingStub.requestVote(RaftServerProtocolServiceGrpc.java:265)
	at org.apache.ratis.grpc.server.GrpcServerProtocolClient.requestVote(GrpcServerProtocolClient.java:99)
	at org.apache.ratis.grpc.server.GrpcService.requestVote(GrpcService.java:204)
	at org.apache.ratis.server.impl.LeaderElection.lambda$submitRequests$1(LeaderElection.java:234)
	at java.util.concurrent.FutureTask.run(FutureTask.java:266)
	at java.util.concurrent.Executors$RunnableAdapter.call(Executors.java:511)
	at java.util.concurrent.FutureTask.run(FutureTask.java:266)
	at java.util.concurrent.ThreadPoolExecutor.runWorker(ThreadPoolExecutor.java:1149)
	at java.util.concurrent.ThreadPoolExecutor$Worker.run(ThreadPoolExecutor.java:624)
	... 1 more
Caused by: org.apache.ratis.thirdparty.io.netty.channel.AbstractChannel$AnnotatedConnectException: Connection refused: /192.168.164.241:46227
	at sun.nio.ch.SocketChannelImpl.checkConnect(Native Method)
	at sun.nio.ch.SocketChannelImpl.finishConnect(SocketChannelImpl.java:717)
	at org.apache.ratis.thirdparty.io.netty.channel.socket.nio.NioSocketChannel.doFinishConnect(NioSocketChannel.java:327)
	at org.apache.ratis.thirdparty.io.netty.channel.nio.AbstractNioChannel$AbstractNioUnsafe.finishConnect(AbstractNioChannel.java:340)
	at org.apache.ratis.thirdparty.io.netty.channel.nio.NioEventLoop.processSelectedKey(NioEventLoop.java:632)
	at org.apache.ratis.thirdparty.io.netty.channel.nio.NioEventLoop.processSelectedKeysOptimized(NioEventLoop.java:579)
	at org.apache.ratis.thirdparty.io.netty.channel.nio.NioEventLoop.processSelectedKeys(NioEventLoop.java:496)
	at org.apache.ratis.thirdparty.io.netty.channel.nio.NioEventLoop.run(NioEventLoop.java:458)
	at org.apache.ratis.thirdparty.io.netty.util.concurrent.SingleThreadEventExecutor$5.run(SingleThreadEventExecutor.java:897)
	at org.apache.ratis.thirdparty.io.netty.util.concurrent.FastThreadLocalRunnable.run(FastThreadLocalRunnable.java:30)
	... 1 more
Caused by: java.net.ConnectException: Connection refused
	... 11 more
2019-10-20 18:18:54,024 [grpc-default-executor-10] INFO  impl.RaftServerImpl (RaftServerImpl.java:setRole(184)) - 6ef27e9c-8ddb-4fa1-8c14-ab102acfb1b8@group-F11756C8BA4A: changes role from  FOLLOWER to FOLLOWER at term 197 for recognizeCandidate:b75f8b2e-6273-4c97-b7c5-042674931d23
2019-10-20 18:18:54,024 [grpc-default-executor-10] INFO  impl.RoleInfo (RoleInfo.java:shutdownFollowerState(121)) - 6ef27e9c-8ddb-4fa1-8c14-ab102acfb1b8: shutdown FollowerState
2019-10-20 18:18:54,024 [grpc-default-executor-10] INFO  impl.RoleInfo (RoleInfo.java:updateAndGet(143)) - 6ef27e9c-8ddb-4fa1-8c14-ab102acfb1b8: start FollowerState
2019-10-20 18:18:54,024 [Thread-2833] INFO  impl.FollowerState (FollowerState.java:run(117)) - 6ef27e9c-8ddb-4fa1-8c14-ab102acfb1b8@group-F11756C8BA4A-FollowerState was interrupted: java.lang.InterruptedException: sleep interrupted
2019-10-20 18:18:54,025 [a6e136fe-e391-4364-8a60-53801fc9277d@group-AF4EDA66FDC9-LeaderElection349] INFO  impl.LeaderElection (LogUtils.java:infoOrTrace(149)) - a6e136fe-e391-4364-8a60-53801fc9277d@group-AF4EDA66FDC9-LeaderElection349 got exception when requesting votes: {}
java.util.concurrent.ExecutionException: org.apache.ratis.thirdparty.io.grpc.StatusRuntimeException: UNAVAILABLE: io exception
	at java.util.concurrent.FutureTask.report(FutureTask.java:122)
	at java.util.concurrent.FutureTask.get(FutureTask.java:192)
	at org.apache.ratis.server.impl.LeaderElection.waitForResults(LeaderElection.java:259)
	at org.apache.ratis.server.impl.LeaderElection.askForVotes(LeaderElection.java:197)
	at org.apache.ratis.server.impl.LeaderElection.run(LeaderElection.java:133)
	at java.lang.Thread.run(Thread.java:748)
Caused by: org.apache.ratis.thirdparty.io.grpc.StatusRuntimeException: UNAVAILABLE: io exception
	at org.apache.ratis.thirdparty.io.grpc.stub.ClientCalls.toStatusRuntimeException(ClientCalls.java:233)
	at org.apache.ratis.thirdparty.io.grpc.stub.ClientCalls.getUnchecked(ClientCalls.java:214)
	at org.apache.ratis.thirdparty.io.grpc.stub.ClientCalls.blockingUnaryCall(ClientCalls.java:139)
	at org.apache.ratis.proto.grpc.RaftServerProtocolServiceGrpc$RaftServerProtocolServiceBlockingStub.requestVote(RaftServerProtocolServiceGrpc.java:265)
	at org.apache.ratis.grpc.server.GrpcServerProtocolClient.requestVote(GrpcServerProtocolClient.java:99)
	at org.apache.ratis.grpc.server.GrpcService.requestVote(GrpcService.java:204)
	at org.apache.ratis.server.impl.LeaderElection.lambda$submitRequests$1(LeaderElection.java:234)
	at java.util.concurrent.FutureTask.run(FutureTask.java:266)
	at java.util.concurrent.Executors$RunnableAdapter.call(Executors.java:511)
	at java.util.concurrent.FutureTask.run(FutureTask.java:266)
	at java.util.concurrent.ThreadPoolExecutor.runWorker(ThreadPoolExecutor.java:1149)
	at java.util.concurrent.ThreadPoolExecutor$Worker.run(ThreadPoolExecutor.java:624)
	... 1 more
Caused by: org.apache.ratis.thirdparty.io.netty.channel.AbstractChannel$AnnotatedConnectException: Connection refused: /192.168.164.241:42571
	at sun.nio.ch.SocketChannelImpl.checkConnect(Native Method)
	at sun.nio.ch.SocketChannelImpl.finishConnect(SocketChannelImpl.java:717)
	at org.apache.ratis.thirdparty.io.netty.channel.socket.nio.NioSocketChannel.doFinishConnect(NioSocketChannel.java:327)
	at org.apache.ratis.thirdparty.io.netty.channel.nio.AbstractNioChannel$AbstractNioUnsafe.finishConnect(AbstractNioChannel.java:340)
	at org.apache.ratis.thirdparty.io.netty.channel.nio.NioEventLoop.processSelectedKey(NioEventLoop.java:632)
	at org.apache.ratis.thirdparty.io.netty.channel.nio.NioEventLoop.processSelectedKeysOptimized(NioEventLoop.java:579)
	at org.apache.ratis.thirdparty.io.netty.channel.nio.NioEventLoop.processSelectedKeys(NioEventLoop.java:496)
	at org.apache.ratis.thirdparty.io.netty.channel.nio.NioEventLoop.run(NioEventLoop.java:458)
	at org.apache.ratis.thirdparty.io.netty.util.concurrent.SingleThreadEventExecutor$5.run(SingleThreadEventExecutor.java:897)
	at org.apache.ratis.thirdparty.io.netty.util.concurrent.FastThreadLocalRunnable.run(FastThreadLocalRunnable.java:30)
	... 1 more
Caused by: java.net.ConnectException: Connection refused
	... 11 more
2019-10-20 18:18:54,025 [grpc-default-executor-3] INFO  impl.RaftServerImpl (ServerState.java:setLeader(256)) - c50ce170-3170-4e03-b167-34e0e02687b2@group-AF4EDA66FDC9: change Leader from eb28ec45-9b2b-44d6-ae7e-a31feda643bc to null at term 2 for updateCurrentTerm
2019-10-20 18:18:54,027 [grpc-default-executor-3] INFO  impl.RaftServerImpl (RaftServerImpl.java:setRole(184)) - c50ce170-3170-4e03-b167-34e0e02687b2@group-AF4EDA66FDC9: changes role from  FOLLOWER to FOLLOWER at term 2 for recognizeCandidate:a6e136fe-e391-4364-8a60-53801fc9277d
2019-10-20 18:18:54,027 [grpc-default-executor-3] INFO  impl.RoleInfo (RoleInfo.java:shutdownFollowerState(121)) - c50ce170-3170-4e03-b167-34e0e02687b2: shutdown FollowerState
2019-10-20 18:18:54,027 [grpc-default-executor-3] INFO  impl.RoleInfo (RoleInfo.java:updateAndGet(143)) - c50ce170-3170-4e03-b167-34e0e02687b2: start FollowerState
2019-10-20 18:18:54,027 [Thread-472] INFO  impl.FollowerState (FollowerState.java:run(117)) - c50ce170-3170-4e03-b167-34e0e02687b2@group-AF4EDA66FDC9-FollowerState was interrupted: java.lang.InterruptedException: sleep interrupted
2019-10-20 18:18:54,054 [Thread-2835] INFO  impl.FollowerState (FollowerState.java:run(108)) - 399079f7-1eb1-4f37-b003-267572525934@group-D40A05E2FCF9-FollowerState: change to CANDIDATE, lastRpcTime:126ms, electionTimeout:126ms
2019-10-20 18:18:54,054 [Thread-2835] INFO  impl.RoleInfo (RoleInfo.java:shutdownFollowerState(121)) - 399079f7-1eb1-4f37-b003-267572525934: shutdown FollowerState
2019-10-20 18:18:54,054 [Thread-2835] INFO  impl.RaftServerImpl (RaftServerImpl.java:setRole(184)) - 399079f7-1eb1-4f37-b003-267572525934@group-D40A05E2FCF9: changes role from  FOLLOWER to CANDIDATE at term 196 for changeToCandidate
2019-10-20 18:18:54,054 [Thread-2835] INFO  impl.RoleInfo (RoleInfo.java:updateAndGet(143)) - 399079f7-1eb1-4f37-b003-267572525934: start LeaderElection
2019-10-20 18:18:54,054 [b75f8b2e-6273-4c97-b7c5-042674931d23@group-F11756C8BA4A-LeaderElection350] INFO  impl.LeaderElection (LeaderElection.java:logAndReturn(56)) - b75f8b2e-6273-4c97-b7c5-042674931d23@group-F11756C8BA4A-LeaderElection350: Election REJECTED; received 1 response(s) [b75f8b2e-6273-4c97-b7c5-042674931d23<-6ef27e9c-8ddb-4fa1-8c14-ab102acfb1b8#0:FAIL-t197] and 1 exception(s); b75f8b2e-6273-4c97-b7c5-042674931d23@group-F11756C8BA4A:t197, leader=null, voted=b75f8b2e-6273-4c97-b7c5-042674931d23, raftlog=b75f8b2e-6273-4c97-b7c5-042674931d23@group-F11756C8BA4A-SegmentedRaftLog:OPENED:c-1,f-1,i0, conf=-1: [6ef27e9c-8ddb-4fa1-8c14-ab102acfb1b8:192.168.164.241:38092, b75f8b2e-6273-4c97-b7c5-042674931d23:192.168.164.241:41857, 3750b3a2-715b-46b3-9d0c-9e38136244b9:192.168.164.241:46227], old=null
2019-10-20 18:18:54,054 [a6e136fe-e391-4364-8a60-53801fc9277d@group-AF4EDA66FDC9-LeaderElection349] INFO  impl.LeaderElection (LeaderElection.java:logAndReturn(56)) - a6e136fe-e391-4364-8a60-53801fc9277d@group-AF4EDA66FDC9-LeaderElection349: Election PASSED; received 1 response(s) [a6e136fe-e391-4364-8a60-53801fc9277d<-c50ce170-3170-4e03-b167-34e0e02687b2#0:OK-t2] and 1 exception(s); a6e136fe-e391-4364-8a60-53801fc9277d@group-AF4EDA66FDC9:t2, leader=null, voted=a6e136fe-e391-4364-8a60-53801fc9277d, raftlog=a6e136fe-e391-4364-8a60-53801fc9277d@group-AF4EDA66FDC9-SegmentedRaftLog:OPENED:c20,f20,i20, conf=0: [a6e136fe-e391-4364-8a60-53801fc9277d:192.168.164.241:40755, eb28ec45-9b2b-44d6-ae7e-a31feda643bc:192.168.164.241:42571, c50ce170-3170-4e03-b167-34e0e02687b2:192.168.164.241:37695], old=null
2019-10-20 18:18:54,054 [b75f8b2e-6273-4c97-b7c5-042674931d23@group-F11756C8BA4A-LeaderElection350] INFO  impl.LeaderElection (LogUtils.java:infoOrTrace(149)) -   Exception 0: {}
java.util.concurrent.ExecutionException: org.apache.ratis.thirdparty.io.grpc.StatusRuntimeException: UNAVAILABLE: io exception
	at java.util.concurrent.FutureTask.report(FutureTask.java:122)
	at java.util.concurrent.FutureTask.get(FutureTask.java:192)
	at org.apache.ratis.server.impl.LeaderElection.waitForResults(LeaderElection.java:259)
	at org.apache.ratis.server.impl.LeaderElection.askForVotes(LeaderElection.java:197)
	at org.apache.ratis.server.impl.LeaderElection.run(LeaderElection.java:133)
	at java.lang.Thread.run(Thread.java:748)
Caused by: org.apache.ratis.thirdparty.io.grpc.StatusRuntimeException: UNAVAILABLE: io exception
	at org.apache.ratis.thirdparty.io.grpc.stub.ClientCalls.toStatusRuntimeException(ClientCalls.java:233)
	at org.apache.ratis.thirdparty.io.grpc.stub.ClientCalls.getUnchecked(ClientCalls.java:214)
	at org.apache.ratis.thirdparty.io.grpc.stub.ClientCalls.blockingUnaryCall(ClientCalls.java:139)
	at org.apache.ratis.proto.grpc.RaftServerProtocolServiceGrpc$RaftServerProtocolServiceBlockingStub.requestVote(RaftServerProtocolServiceGrpc.java:265)
	at org.apache.ratis.grpc.server.GrpcServerProtocolClient.requestVote(GrpcServerProtocolClient.java:99)
	at org.apache.ratis.grpc.server.GrpcService.requestVote(GrpcService.java:204)
	at org.apache.ratis.server.impl.LeaderElection.lambda$submitRequests$1(LeaderElection.java:234)
	at java.util.concurrent.FutureTask.run(FutureTask.java:266)
	at java.util.concurrent.Executors$RunnableAdapter.call(Executors.java:511)
	at java.util.concurrent.FutureTask.run(FutureTask.java:266)
	at java.util.concurrent.ThreadPoolExecutor.runWorker(ThreadPoolExecutor.java:1149)
	at java.util.concurrent.ThreadPoolExecutor$Worker.run(ThreadPoolExecutor.java:624)
	... 1 more
Caused by: org.apache.ratis.thirdparty.io.netty.channel.AbstractChannel$AnnotatedConnectException: Connection refused: /192.168.164.241:46227
	at sun.nio.ch.SocketChannelImpl.checkConnect(Native Method)
	at sun.nio.ch.SocketChannelImpl.finishConnect(SocketChannelImpl.java:717)
	at org.apache.ratis.thirdparty.io.netty.channel.socket.nio.NioSocketChannel.doFinishConnect(NioSocketChannel.java:327)
	at org.apache.ratis.thirdparty.io.netty.channel.nio.AbstractNioChannel$AbstractNioUnsafe.finishConnect(AbstractNioChannel.java:340)
	at org.apache.ratis.thirdparty.io.netty.channel.nio.NioEventLoop.processSelectedKey(NioEventLoop.java:632)
	at org.apache.ratis.thirdparty.io.netty.channel.nio.NioEventLoop.processSelectedKeysOptimized(NioEventLoop.java:579)
	at org.apache.ratis.thirdparty.io.netty.channel.nio.NioEventLoop.processSelectedKeys(NioEventLoop.java:496)
	at org.apache.ratis.thirdparty.io.netty.channel.nio.NioEventLoop.run(NioEventLoop.java:458)
	at org.apache.ratis.thirdparty.io.netty.util.concurrent.SingleThreadEventExecutor$5.run(SingleThreadEventExecutor.java:897)
	at org.apache.ratis.thirdparty.io.netty.util.concurrent.FastThreadLocalRunnable.run(FastThreadLocalRunnable.java:30)
	... 1 more
Caused by: java.net.ConnectException: Connection refused
	... 11 more
2019-10-20 18:18:54,055 [a6e136fe-e391-4364-8a60-53801fc9277d@group-AF4EDA66FDC9-LeaderElection349] INFO  impl.LeaderElection (LogUtils.java:infoOrTrace(149)) -   Exception 0: {}
java.util.concurrent.ExecutionException: org.apache.ratis.thirdparty.io.grpc.StatusRuntimeException: UNAVAILABLE: io exception
	at java.util.concurrent.FutureTask.report(FutureTask.java:122)
	at java.util.concurrent.FutureTask.get(FutureTask.java:192)
	at org.apache.ratis.server.impl.LeaderElection.waitForResults(LeaderElection.java:259)
	at org.apache.ratis.server.impl.LeaderElection.askForVotes(LeaderElection.java:197)
	at org.apache.ratis.server.impl.LeaderElection.run(LeaderElection.java:133)
	at java.lang.Thread.run(Thread.java:748)
Caused by: org.apache.ratis.thirdparty.io.grpc.StatusRuntimeException: UNAVAILABLE: io exception
	at org.apache.ratis.thirdparty.io.grpc.stub.ClientCalls.toStatusRuntimeException(ClientCalls.java:233)
	at org.apache.ratis.thirdparty.io.grpc.stub.ClientCalls.getUnchecked(ClientCalls.java:214)
	at org.apache.ratis.thirdparty.io.grpc.stub.ClientCalls.blockingUnaryCall(ClientCalls.java:139)
	at org.apache.ratis.proto.grpc.RaftServerProtocolServiceGrpc$RaftServerProtocolServiceBlockingStub.requestVote(RaftServerProtocolServiceGrpc.java:265)
	at org.apache.ratis.grpc.server.GrpcServerProtocolClient.requestVote(GrpcServerProtocolClient.java:99)
	at org.apache.ratis.grpc.server.GrpcService.requestVote(GrpcService.java:204)
	at org.apache.ratis.server.impl.LeaderElection.lambda$submitRequests$1(LeaderElection.java:234)
	at java.util.concurrent.FutureTask.run(FutureTask.java:266)
	at java.util.concurrent.Executors$RunnableAdapter.call(Executors.java:511)
	at java.util.concurrent.FutureTask.run(FutureTask.java:266)
	at java.util.concurrent.ThreadPoolExecutor.runWorker(ThreadPoolExecutor.java:1149)
	at java.util.concurrent.ThreadPoolExecutor$Worker.run(ThreadPoolExecutor.java:624)
	... 1 more
Caused by: org.apache.ratis.thirdparty.io.netty.channel.AbstractChannel$AnnotatedConnectException: Connection refused: /192.168.164.241:42571
	at sun.nio.ch.SocketChannelImpl.checkConnect(Native Method)
	at sun.nio.ch.SocketChannelImpl.finishConnect(SocketChannelImpl.java:717)
	at org.apache.ratis.thirdparty.io.netty.channel.socket.nio.NioSocketChannel.doFinishConnect(NioSocketChannel.java:327)
	at org.apache.ratis.thirdparty.io.netty.channel.nio.AbstractNioChannel$AbstractNioUnsafe.finishConnect(AbstractNioChannel.java:340)
	at org.apache.ratis.thirdparty.io.netty.channel.nio.NioEventLoop.processSelectedKey(NioEventLoop.java:632)
	at org.apache.ratis.thirdparty.io.netty.channel.nio.NioEventLoop.processSelectedKeysOptimized(NioEventLoop.java:579)
	at org.apache.ratis.thirdparty.io.netty.channel.nio.NioEventLoop.processSelectedKeys(NioEventLoop.java:496)
	at org.apache.ratis.thirdparty.io.netty.channel.nio.NioEventLoop.run(NioEventLoop.java:458)
	at org.apache.ratis.thirdparty.io.netty.util.concurrent.SingleThreadEventExecutor$5.run(SingleThreadEventExecutor.java:897)
	at org.apache.ratis.thirdparty.io.netty.util.concurrent.FastThreadLocalRunnable.run(FastThreadLocalRunnable.java:30)
	... 1 more
Caused by: java.net.ConnectException: Connection refused
	... 11 more
2019-10-20 18:18:54,055 [b75f8b2e-6273-4c97-b7c5-042674931d23@group-F11756C8BA4A-LeaderElection350] INFO  impl.RaftServerImpl (RaftServerImpl.java:setRole(184)) - b75f8b2e-6273-4c97-b7c5-042674931d23@group-F11756C8BA4A: changes role from CANDIDATE to FOLLOWER at term 197 for DISCOVERED_A_NEW_TERM
2019-10-20 18:18:54,056 [a6e136fe-e391-4364-8a60-53801fc9277d@group-AF4EDA66FDC9-LeaderElection349] INFO  impl.RoleInfo (RoleInfo.java:shutdownLeaderElection(134)) - a6e136fe-e391-4364-8a60-53801fc9277d: shutdown LeaderElection
2019-10-20 18:18:54,056 [b75f8b2e-6273-4c97-b7c5-042674931d23@group-F11756C8BA4A-LeaderElection350] INFO  impl.RoleInfo (RoleInfo.java:shutdownLeaderElection(134)) - b75f8b2e-6273-4c97-b7c5-042674931d23: shutdown LeaderElection
2019-10-20 18:18:54,056 [a6e136fe-e391-4364-8a60-53801fc9277d@group-AF4EDA66FDC9-LeaderElection349] INFO  impl.RaftServerImpl (RaftServerImpl.java:setRole(184)) - a6e136fe-e391-4364-8a60-53801fc9277d@group-AF4EDA66FDC9: changes role from CANDIDATE to LEADER at term 2 for changeToLeader
2019-10-20 18:18:54,056 [b75f8b2e-6273-4c97-b7c5-042674931d23@group-F11756C8BA4A-LeaderElection350] INFO  impl.RoleInfo (RoleInfo.java:updateAndGet(143)) - b75f8b2e-6273-4c97-b7c5-042674931d23: start FollowerState
2019-10-20 18:18:54,056 [a6e136fe-e391-4364-8a60-53801fc9277d@group-AF4EDA66FDC9-LeaderElection349] INFO  impl.RaftServerImpl (ServerState.java:setLeader(256)) - a6e136fe-e391-4364-8a60-53801fc9277d@group-AF4EDA66FDC9: change Leader from null to a6e136fe-e391-4364-8a60-53801fc9277d at term 2 for becomeLeader, leader elected after 54ms
2019-10-20 18:18:54,056 [a6e136fe-e391-4364-8a60-53801fc9277d@group-AF4EDA66FDC9-LeaderElection349] INFO  server.RaftServerConfigKeys (ConfUtils.java:logGet(43)) - raft.server.staging.catchup.gap = 1000 (default)
2019-10-20 18:18:54,056 [a6e136fe-e391-4364-8a60-53801fc9277d@group-AF4EDA66FDC9-LeaderElection349] INFO  server.RaftServerConfigKeys (ConfUtils.java:logGet(43)) - raft.server.rpc.sleep.time = 25ms (default)
2019-10-20 18:18:54,056 [a6e136fe-e391-4364-8a60-53801fc9277d@group-AF4EDA66FDC9-LeaderElection349] INFO  server.RaftServerConfigKeys (ConfUtils.java:logGet(43)) - raft.server.write.element-limit = 4096 (default)
2019-10-20 18:18:54,057 [a6e136fe-e391-4364-8a60-53801fc9277d@group-AF4EDA66FDC9-LeaderElection349] INFO  server.RaftServerConfigKeys (ConfUtils.java:logGet(43)) - raft.server.watch.timeout = 10s (default)
2019-10-20 18:18:54,057 [a6e136fe-e391-4364-8a60-53801fc9277d@group-AF4EDA66FDC9-LeaderElection349] INFO  server.RaftServerConfigKeys (ConfUtils.java:logGet(43)) - raft.server.watch.timeout.denomination = 1s (default)
2019-10-20 18:18:54,057 [a6e136fe-e391-4364-8a60-53801fc9277d@group-AF4EDA66FDC9-LeaderElection349] INFO  server.RaftServerConfigKeys (ConfUtils.java:logGet(43)) - raft.server.watch.element-limit = 65536 (default)
2019-10-20 18:18:54,059 [a6e136fe-e391-4364-8a60-53801fc9277d@group-AF4EDA66FDC9-LeaderElection349] INFO  server.RaftServerConfigKeys (ConfUtils.java:logGet(43)) - raft.server.log.appender.snapshot.chunk.size.max = 16MB (=16777216) (default)
2019-10-20 18:18:54,060 [a6e136fe-e391-4364-8a60-53801fc9277d@group-AF4EDA66FDC9-LeaderElection349] INFO  server.RaftServerConfigKeys (ConfUtils.java:logGet(43)) - raft.server.log.appender.buffer.byte-limit = 33554432 (custom)
2019-10-20 18:18:54,060 [a6e136fe-e391-4364-8a60-53801fc9277d@group-AF4EDA66FDC9-LeaderElection349] INFO  server.RaftServerConfigKeys (ConfUtils.java:logGet(43)) - raft.server.log.appender.buffer.element-limit = 1 (custom)
2019-10-20 18:18:54,060 [a6e136fe-e391-4364-8a60-53801fc9277d@group-AF4EDA66FDC9-LeaderElection349] INFO  grpc.GrpcConfigKeys$Server (ConfUtils.java:logGet(43)) - raft.grpc.server.leader.outstanding.appends.max = 128 (default)
2019-10-20 18:18:54,060 [a6e136fe-e391-4364-8a60-53801fc9277d@group-AF4EDA66FDC9-LeaderElection349] INFO  server.RaftServerConfigKeys (ConfUtils.java:logGet(43)) - raft.server.rpc.request.timeout = 3000ms (default)
2019-10-20 18:18:54,060 [a6e136fe-e391-4364-8a60-53801fc9277d@group-AF4EDA66FDC9-LeaderElection349] INFO  server.RaftServerConfigKeys (ConfUtils.java:logGet(43)) - raft.server.log.appender.install.snapshot.enabled = false (custom)
2019-10-20 18:18:54,062 [a6e136fe-e391-4364-8a60-53801fc9277d@group-AF4EDA66FDC9-LeaderElection349] INFO  server.RaftServerConfigKeys (ConfUtils.java:logGet(43)) - raft.server.log.appender.snapshot.chunk.size.max = 16MB (=16777216) (default)
2019-10-20 18:18:54,063 [a6e136fe-e391-4364-8a60-53801fc9277d@group-AF4EDA66FDC9-LeaderElection349] INFO  server.RaftServerConfigKeys (ConfUtils.java:logGet(43)) - raft.server.log.appender.buffer.byte-limit = 33554432 (custom)
2019-10-20 18:18:54,063 [a6e136fe-e391-4364-8a60-53801fc9277d@group-AF4EDA66FDC9-LeaderElection349] INFO  server.RaftServerConfigKeys (ConfUtils.java:logGet(43)) - raft.server.log.appender.buffer.element-limit = 1 (custom)
2019-10-20 18:18:54,063 [a6e136fe-e391-4364-8a60-53801fc9277d@group-AF4EDA66FDC9-LeaderElection349] INFO  grpc.GrpcConfigKeys$Server (ConfUtils.java:logGet(43)) - raft.grpc.server.leader.outstanding.appends.max = 128 (default)
2019-10-20 18:18:54,063 [a6e136fe-e391-4364-8a60-53801fc9277d@group-AF4EDA66FDC9-LeaderElection349] INFO  server.RaftServerConfigKeys (ConfUtils.java:logGet(43)) - raft.server.rpc.request.timeout = 3000ms (default)
2019-10-20 18:18:54,063 [a6e136fe-e391-4364-8a60-53801fc9277d@group-AF4EDA66FDC9-LeaderElection349] INFO  server.RaftServerConfigKeys (ConfUtils.java:logGet(43)) - raft.server.log.appender.install.snapshot.enabled = false (custom)
2019-10-20 18:18:54,065 [a6e136fe-e391-4364-8a60-53801fc9277d@group-AF4EDA66FDC9-LeaderElection349] INFO  impl.RoleInfo (RoleInfo.java:updateAndGet(143)) - a6e136fe-e391-4364-8a60-53801fc9277d: start LeaderState
2019-10-20 18:18:54,066 [a6e136fe-e391-4364-8a60-53801fc9277d@group-AF4EDA66FDC9-LeaderElection349] INFO  segmented.SegmentedRaftLogWorker (SegmentedRaftLogWorker.java:rollLogSegment(390)) - a6e136fe-e391-4364-8a60-53801fc9277d@group-AF4EDA66FDC9-SegmentedRaftLogWorker: Rolling segment log-0_20 to index:20
2019-10-20 18:18:54,067 [a6e136fe-e391-4364-8a60-53801fc9277d@group-AF4EDA66FDC9-LeaderElection349] INFO  impl.RaftServerImpl (ServerState.java:setRaftConf(357)) - a6e136fe-e391-4364-8a60-53801fc9277d@group-AF4EDA66FDC9: set configuration 21: [a6e136fe-e391-4364-8a60-53801fc9277d:192.168.164.241:40755, eb28ec45-9b2b-44d6-ae7e-a31feda643bc:192.168.164.241:42571, c50ce170-3170-4e03-b167-34e0e02687b2:192.168.164.241:37695], old=null at 21
2019-10-20 18:18:54,068 [a6e136fe-e391-4364-8a60-53801fc9277d@group-AF4EDA66FDC9-SegmentedRaftLogWorker] INFO  segmented.SegmentedRaftLogWorker (SegmentedRaftLogWorker.java:execute(533)) - a6e136fe-e391-4364-8a60-53801fc9277d@group-AF4EDA66FDC9-SegmentedRaftLogWorker: Rolled log segment from /workdir/hadoop-ozone/integration-test/target/test-dir/MiniOzoneClusterImpl-3ef3c7a0-fafa-4375-a23c-18b63a3f56e7/datanode-8/data/ratis/ffef2051-cdca-432c-9792-af4eda66fdc9/current/log_inprogress_0 to /workdir/hadoop-ozone/integration-test/target/test-dir/MiniOzoneClusterImpl-3ef3c7a0-fafa-4375-a23c-18b63a3f56e7/datanode-8/data/ratis/ffef2051-cdca-432c-9792-af4eda66fdc9/current/log_0-20
2019-10-20 18:18:54,068 [grpc-default-executor-10] WARN  server.GrpcLogAppender (LogUtils.java:warn(134)) - a6e136fe-e391-4364-8a60-53801fc9277d@group-AF4EDA66FDC9->eb28ec45-9b2b-44d6-ae7e-a31feda643bc-AppendLogResponseHandler: Failed appendEntries: org.apache.ratis.thirdparty.io.grpc.StatusRuntimeException: UNAVAILABLE: io exception
2019-10-20 18:18:54,069 [grpc-default-executor-3] INFO  impl.RaftServerImpl (ServerState.java:setLeader(256)) - c50ce170-3170-4e03-b167-34e0e02687b2@group-AF4EDA66FDC9: change Leader from null to a6e136fe-e391-4364-8a60-53801fc9277d at term 2 for appendEntries, leader elected after 43ms
2019-10-20 18:18:54,101 [399079f7-1eb1-4f37-b003-267572525934@group-D40A05E2FCF9-LeaderElection351] INFO  impl.LeaderElection (LeaderElection.java:askForVotes(178)) - 399079f7-1eb1-4f37-b003-267572525934@group-D40A05E2FCF9-LeaderElection351: begin an election at term 197 for -1: [399079f7-1eb1-4f37-b003-267572525934:192.168.164.241:37762, 7a43c46a-fc88-4b2d-b2da-ae029cfa60ff:192.168.164.241:43684, 6c5c38af-62e6-4ea7-a24a-078dcb28fb39:192.168.164.241:45428], old=null
2019-10-20 18:18:54,103 [grpc-default-executor-3] INFO  impl.RaftServerImpl (ServerState.java:setRaftConf(357)) - c50ce170-3170-4e03-b167-34e0e02687b2@group-AF4EDA66FDC9: set configuration 21: [a6e136fe-e391-4364-8a60-53801fc9277d:192.168.164.241:40755, eb28ec45-9b2b-44d6-ae7e-a31feda643bc:192.168.164.241:42571, c50ce170-3170-4e03-b167-34e0e02687b2:192.168.164.241:37695], old=null at 21
2019-10-20 18:18:54,103 [grpc-default-executor-7] INFO  impl.RaftServerImpl (RaftServerImpl.java:setRole(184)) - 6c5c38af-62e6-4ea7-a24a-078dcb28fb39@group-D40A05E2FCF9: changes role from  FOLLOWER to FOLLOWER at term 197 for recognizeCandidate:399079f7-1eb1-4f37-b003-267572525934
2019-10-20 18:18:54,103 [grpc-default-executor-7] INFO  impl.RoleInfo (RoleInfo.java:shutdownFollowerState(121)) - 6c5c38af-62e6-4ea7-a24a-078dcb28fb39: shutdown FollowerState
2019-10-20 18:18:54,103 [grpc-default-executor-4] INFO  impl.RaftServerImpl (RaftServerImpl.java:setRole(184)) - 7a43c46a-fc88-4b2d-b2da-ae029cfa60ff@group-D40A05E2FCF9: changes role from  FOLLOWER to FOLLOWER at term 197 for recognizeCandidate:399079f7-1eb1-4f37-b003-267572525934
2019-10-20 18:18:54,103 [Thread-2834] INFO  impl.FollowerState (FollowerState.java:run(117)) - 6c5c38af-62e6-4ea7-a24a-078dcb28fb39@group-D40A05E2FCF9-FollowerState was interrupted: java.lang.InterruptedException: sleep interrupted
2019-10-20 18:18:54,103 [grpc-default-executor-7] INFO  impl.RoleInfo (RoleInfo.java:updateAndGet(143)) - 6c5c38af-62e6-4ea7-a24a-078dcb28fb39: start FollowerState
2019-10-20 18:18:54,103 [grpc-default-executor-3] INFO  segmented.SegmentedRaftLogWorker (SegmentedRaftLogWorker.java:rollLogSegment(390)) - c50ce170-3170-4e03-b167-34e0e02687b2@group-AF4EDA66FDC9-SegmentedRaftLogWorker: Rolling segment log-0_20 to index:20
2019-10-20 18:18:54,103 [grpc-default-executor-4] INFO  impl.RoleInfo (RoleInfo.java:shutdownFollowerState(121)) - 7a43c46a-fc88-4b2d-b2da-ae029cfa60ff: shutdown FollowerState
2019-10-20 18:18:54,104 [grpc-default-executor-4] INFO  impl.RoleInfo (RoleInfo.java:updateAndGet(143)) - 7a43c46a-fc88-4b2d-b2da-ae029cfa60ff: start FollowerState
2019-10-20 18:18:54,104 [Thread-2832] INFO  impl.FollowerState (FollowerState.java:run(117)) - 7a43c46a-fc88-4b2d-b2da-ae029cfa60ff@group-D40A05E2FCF9-FollowerState was interrupted: java.lang.InterruptedException: sleep interrupted
2019-10-20 18:18:54,104 [c50ce170-3170-4e03-b167-34e0e02687b2@group-AF4EDA66FDC9-SegmentedRaftLogWorker] INFO  segmented.SegmentedRaftLogWorker (SegmentedRaftLogWorker.java:execute(533)) - c50ce170-3170-4e03-b167-34e0e02687b2@group-AF4EDA66FDC9-SegmentedRaftLogWorker: Rolled log segment from /workdir/hadoop-ozone/integration-test/target/test-dir/MiniOzoneClusterImpl-3ef3c7a0-fafa-4375-a23c-18b63a3f56e7/datanode-1/data/ratis/ffef2051-cdca-432c-9792-af4eda66fdc9/current/log_inprogress_0 to /workdir/hadoop-ozone/integration-test/target/test-dir/MiniOzoneClusterImpl-3ef3c7a0-fafa-4375-a23c-18b63a3f56e7/datanode-1/data/ratis/ffef2051-cdca-432c-9792-af4eda66fdc9/current/log_0-20
2019-10-20 18:18:54,122 [a6e136fe-e391-4364-8a60-53801fc9277d@group-AF4EDA66FDC9-SegmentedRaftLogWorker] INFO  segmented.SegmentedRaftLogWorker (SegmentedRaftLogWorker.java:execute(576)) - a6e136fe-e391-4364-8a60-53801fc9277d@group-AF4EDA66FDC9-SegmentedRaftLogWorker: created new log segment /workdir/hadoop-ozone/integration-test/target/test-dir/MiniOzoneClusterImpl-3ef3c7a0-fafa-4375-a23c-18b63a3f56e7/datanode-8/data/ratis/ffef2051-cdca-432c-9792-af4eda66fdc9/current/log_inprogress_21
2019-10-20 18:18:54,123 [399079f7-1eb1-4f37-b003-267572525934@group-D40A05E2FCF9-LeaderElection351] INFO  impl.LeaderElection (LeaderElection.java:logAndReturn(56)) - 399079f7-1eb1-4f37-b003-267572525934@group-D40A05E2FCF9-LeaderElection351: Election REJECTED; received 2 response(s) [399079f7-1eb1-4f37-b003-267572525934<-7a43c46a-fc88-4b2d-b2da-ae029cfa60ff#0:FAIL-t197, 399079f7-1eb1-4f37-b003-267572525934<-6c5c38af-62e6-4ea7-a24a-078dcb28fb39#0:FAIL-t197] and 0 exception(s); 399079f7-1eb1-4f37-b003-267572525934@group-D40A05E2FCF9:t197, leader=null, voted=399079f7-1eb1-4f37-b003-267572525934, raftlog=399079f7-1eb1-4f37-b003-267572525934@group-D40A05E2FCF9-SegmentedRaftLog:OPENED:c-1,f-1,i0, conf=-1: [399079f7-1eb1-4f37-b003-267572525934:192.168.164.241:37762, 7a43c46a-fc88-4b2d-b2da-ae029cfa60ff:192.168.164.241:43684, 6c5c38af-62e6-4ea7-a24a-078dcb28fb39:192.168.164.241:45428], old=null
2019-10-20 18:18:54,123 [399079f7-1eb1-4f37-b003-267572525934@group-D40A05E2FCF9-LeaderElection351] INFO  impl.RaftServerImpl (RaftServerImpl.java:setRole(184)) - 399079f7-1eb1-4f37-b003-267572525934@group-D40A05E2FCF9: changes role from CANDIDATE to FOLLOWER at term 197 for DISCOVERED_A_NEW_TERM
2019-10-20 18:18:54,123 [399079f7-1eb1-4f37-b003-267572525934@group-D40A05E2FCF9-LeaderElection351] INFO  impl.RoleInfo (RoleInfo.java:shutdownLeaderElection(134)) - 399079f7-1eb1-4f37-b003-267572525934: shutdown LeaderElection
2019-10-20 18:18:54,123 [399079f7-1eb1-4f37-b003-267572525934@group-D40A05E2FCF9-LeaderElection351] INFO  impl.RoleInfo (RoleInfo.java:updateAndGet(143)) - 399079f7-1eb1-4f37-b003-267572525934: start FollowerState
2019-10-20 18:18:54,165 [c50ce170-3170-4e03-b167-34e0e02687b2@group-AF4EDA66FDC9-SegmentedRaftLogWorker] INFO  segmented.SegmentedRaftLogWorker (SegmentedRaftLogWorker.java:execute(576)) - c50ce170-3170-4e03-b167-34e0e02687b2@group-AF4EDA66FDC9-SegmentedRaftLogWorker: created new log segment /workdir/hadoop-ozone/integration-test/target/test-dir/MiniOzoneClusterImpl-3ef3c7a0-fafa-4375-a23c-18b63a3f56e7/datanode-1/data/ratis/ffef2051-cdca-432c-9792-af4eda66fdc9/current/log_inprogress_21
2019-10-20 18:18:54,176 [Thread-2846] INFO  impl.FollowerState (FollowerState.java:run(108)) - b75f8b2e-6273-4c97-b7c5-042674931d23@group-F11756C8BA4A-FollowerState: change to CANDIDATE, lastRpcTime:120ms, electionTimeout:120ms
2019-10-20 18:18:54,176 [Thread-2846] INFO  impl.RoleInfo (RoleInfo.java:shutdownFollowerState(121)) - b75f8b2e-6273-4c97-b7c5-042674931d23: shutdown FollowerState
2019-10-20 18:18:54,176 [Thread-2846] INFO  impl.RaftServerImpl (RaftServerImpl.java:setRole(184)) - b75f8b2e-6273-4c97-b7c5-042674931d23@group-F11756C8BA4A: changes role from  FOLLOWER to CANDIDATE at term 197 for changeToCandidate
2019-10-20 18:18:54,177 [Thread-2846] INFO  impl.RoleInfo (RoleInfo.java:updateAndGet(143)) - b75f8b2e-6273-4c97-b7c5-042674931d23: start LeaderElection
2019-10-20 18:18:54,198 [b75f8b2e-6273-4c97-b7c5-042674931d23@group-F11756C8BA4A-LeaderElection352] INFO  impl.LeaderElection (LeaderElection.java:askForVotes(178)) - b75f8b2e-6273-4c97-b7c5-042674931d23@group-F11756C8BA4A-LeaderElection352: begin an election at term 198 for -1: [6ef27e9c-8ddb-4fa1-8c14-ab102acfb1b8:192.168.164.241:38092, b75f8b2e-6273-4c97-b7c5-042674931d23:192.168.164.241:41857, 3750b3a2-715b-46b3-9d0c-9e38136244b9:192.168.164.241:46227], old=null
2019-10-20 18:18:54,199 [b75f8b2e-6273-4c97-b7c5-042674931d23@group-F11756C8BA4A-LeaderElection352] INFO  impl.LeaderElection (LogUtils.java:infoOrTrace(149)) - b75f8b2e-6273-4c97-b7c5-042674931d23@group-F11756C8BA4A-LeaderElection352 got exception when requesting votes: {}
java.util.concurrent.ExecutionException: org.apache.ratis.thirdparty.io.grpc.StatusRuntimeException: UNAVAILABLE: io exception
	at java.util.concurrent.FutureTask.report(FutureTask.java:122)
	at java.util.concurrent.FutureTask.get(FutureTask.java:192)
	at org.apache.ratis.server.impl.LeaderElection.waitForResults(LeaderElection.java:259)
	at org.apache.ratis.server.impl.LeaderElection.askForVotes(LeaderElection.java:197)
	at org.apache.ratis.server.impl.LeaderElection.run(LeaderElection.java:133)
	at java.lang.Thread.run(Thread.java:748)
Caused by: org.apache.ratis.thirdparty.io.grpc.StatusRuntimeException: UNAVAILABLE: io exception
	at org.apache.ratis.thirdparty.io.grpc.stub.ClientCalls.toStatusRuntimeException(ClientCalls.java:233)
	at org.apache.ratis.thirdparty.io.grpc.stub.ClientCalls.getUnchecked(ClientCalls.java:214)
	at org.apache.ratis.thirdparty.io.grpc.stub.ClientCalls.blockingUnaryCall(ClientCalls.java:139)
	at org.apache.ratis.proto.grpc.RaftServerProtocolServiceGrpc$RaftServerProtocolServiceBlockingStub.requestVote(RaftServerProtocolServiceGrpc.java:265)
	at org.apache.ratis.grpc.server.GrpcServerProtocolClient.requestVote(GrpcServerProtocolClient.java:99)
	at org.apache.ratis.grpc.server.GrpcService.requestVote(GrpcService.java:204)
	at org.apache.ratis.server.impl.LeaderElection.lambda$submitRequests$1(LeaderElection.java:234)
	at java.util.concurrent.FutureTask.run(FutureTask.java:266)
	at java.util.concurrent.Executors$RunnableAdapter.call(Executors.java:511)
	at java.util.concurrent.FutureTask.run(FutureTask.java:266)
	at java.util.concurrent.ThreadPoolExecutor.runWorker(ThreadPoolExecutor.java:1149)
	at java.util.concurrent.ThreadPoolExecutor$Worker.run(ThreadPoolExecutor.java:624)
	... 1 more
Caused by: org.apache.ratis.thirdparty.io.netty.channel.AbstractChannel$AnnotatedConnectException: Connection refused: /192.168.164.241:46227
	at sun.nio.ch.SocketChannelImpl.checkConnect(Native Method)
	at sun.nio.ch.SocketChannelImpl.finishConnect(SocketChannelImpl.java:717)
	at org.apache.ratis.thirdparty.io.netty.channel.socket.nio.NioSocketChannel.doFinishConnect(NioSocketChannel.java:327)
	at org.apache.ratis.thirdparty.io.netty.channel.nio.AbstractNioChannel$AbstractNioUnsafe.finishConnect(AbstractNioChannel.java:340)
	at org.apache.ratis.thirdparty.io.netty.channel.nio.NioEventLoop.processSelectedKey(NioEventLoop.java:632)
	at org.apache.ratis.thirdparty.io.netty.channel.nio.NioEventLoop.processSelectedKeysOptimized(NioEventLoop.java:579)
	at org.apache.ratis.thirdparty.io.netty.channel.nio.NioEventLoop.processSelectedKeys(NioEventLoop.java:496)
	at org.apache.ratis.thirdparty.io.netty.channel.nio.NioEventLoop.run(NioEventLoop.java:458)
	at org.apache.ratis.thirdparty.io.netty.util.concurrent.SingleThreadEventExecutor$5.run(SingleThreadEventExecutor.java:897)
	at org.apache.ratis.thirdparty.io.netty.util.concurrent.FastThreadLocalRunnable.run(FastThreadLocalRunnable.java:30)
	... 1 more
Caused by: java.net.ConnectException: Connection refused
	... 11 more
2019-10-20 18:18:54,201 [grpc-default-executor-4] INFO  impl.RaftServerImpl (RaftServerImpl.java:setRole(184)) - 6ef27e9c-8ddb-4fa1-8c14-ab102acfb1b8@group-F11756C8BA4A: changes role from  FOLLOWER to FOLLOWER at term 198 for recognizeCandidate:b75f8b2e-6273-4c97-b7c5-042674931d23
2019-10-20 18:18:54,201 [grpc-default-executor-4] INFO  impl.RoleInfo (RoleInfo.java:shutdownFollowerState(121)) - 6ef27e9c-8ddb-4fa1-8c14-ab102acfb1b8: shutdown FollowerState
2019-10-20 18:18:54,201 [grpc-default-executor-4] INFO  impl.RoleInfo (RoleInfo.java:updateAndGet(143)) - 6ef27e9c-8ddb-4fa1-8c14-ab102acfb1b8: start FollowerState
2019-10-20 18:18:54,201 [Thread-2843] INFO  impl.FollowerState (FollowerState.java:run(117)) - 6ef27e9c-8ddb-4fa1-8c14-ab102acfb1b8@group-F11756C8BA4A-FollowerState was interrupted: java.lang.InterruptedException: sleep interrupted
2019-10-20 18:18:54,224 [b75f8b2e-6273-4c97-b7c5-042674931d23@group-F11756C8BA4A-LeaderElection352] INFO  impl.LeaderElection (LeaderElection.java:logAndReturn(56)) - b75f8b2e-6273-4c97-b7c5-042674931d23@group-F11756C8BA4A-LeaderElection352: Election REJECTED; received 1 response(s) [b75f8b2e-6273-4c97-b7c5-042674931d23<-6ef27e9c-8ddb-4fa1-8c14-ab102acfb1b8#0:FAIL-t198] and 1 exception(s); b75f8b2e-6273-4c97-b7c5-042674931d23@group-F11756C8BA4A:t198, leader=null, voted=b75f8b2e-6273-4c97-b7c5-042674931d23, raftlog=b75f8b2e-6273-4c97-b7c5-042674931d23@group-F11756C8BA4A-SegmentedRaftLog:OPENED:c-1,f-1,i0, conf=-1: [6ef27e9c-8ddb-4fa1-8c14-ab102acfb1b8:192.168.164.241:38092, b75f8b2e-6273-4c97-b7c5-042674931d23:192.168.164.241:41857, 3750b3a2-715b-46b3-9d0c-9e38136244b9:192.168.164.241:46227], old=null
2019-10-20 18:18:54,224 [b75f8b2e-6273-4c97-b7c5-042674931d23@group-F11756C8BA4A-LeaderElection352] INFO  impl.LeaderElection (LogUtils.java:infoOrTrace(149)) -   Exception 0: {}
java.util.concurrent.ExecutionException: org.apache.ratis.thirdparty.io.grpc.StatusRuntimeException: UNAVAILABLE: io exception
	at java.util.concurrent.FutureTask.report(FutureTask.java:122)
	at java.util.concurrent.FutureTask.get(FutureTask.java:192)
	at org.apache.ratis.server.impl.LeaderElection.waitForResults(LeaderElection.java:259)
	at org.apache.ratis.server.impl.LeaderElection.askForVotes(LeaderElection.java:197)
	at org.apache.ratis.server.impl.LeaderElection.run(LeaderElection.java:133)
	at java.lang.Thread.run(Thread.java:748)
Caused by: org.apache.ratis.thirdparty.io.grpc.StatusRuntimeException: UNAVAILABLE: io exception
	at org.apache.ratis.thirdparty.io.grpc.stub.ClientCalls.toStatusRuntimeException(ClientCalls.java:233)
	at org.apache.ratis.thirdparty.io.grpc.stub.ClientCalls.getUnchecked(ClientCalls.java:214)
	at org.apache.ratis.thirdparty.io.grpc.stub.ClientCalls.blockingUnaryCall(ClientCalls.java:139)
	at org.apache.ratis.proto.grpc.RaftServerProtocolServiceGrpc$RaftServerProtocolServiceBlockingStub.requestVote(RaftServerProtocolServiceGrpc.java:265)
	at org.apache.ratis.grpc.server.GrpcServerProtocolClient.requestVote(GrpcServerProtocolClient.java:99)
	at org.apache.ratis.grpc.server.GrpcService.requestVote(GrpcService.java:204)
	at org.apache.ratis.server.impl.LeaderElection.lambda$submitRequests$1(LeaderElection.java:234)
	at java.util.concurrent.FutureTask.run(FutureTask.java:266)
	at java.util.concurrent.Executors$RunnableAdapter.call(Executors.java:511)
	at java.util.concurrent.FutureTask.run(FutureTask.java:266)
	at java.util.concurrent.ThreadPoolExecutor.runWorker(ThreadPoolExecutor.java:1149)
	at java.util.concurrent.ThreadPoolExecutor$Worker.run(ThreadPoolExecutor.java:624)
	... 1 more
Caused by: org.apache.ratis.thirdparty.io.netty.channel.AbstractChannel$AnnotatedConnectException: Connection refused: /192.168.164.241:46227
	at sun.nio.ch.SocketChannelImpl.checkConnect(Native Method)
	at sun.nio.ch.SocketChannelImpl.finishConnect(SocketChannelImpl.java:717)
	at org.apache.ratis.thirdparty.io.netty.channel.socket.nio.NioSocketChannel.doFinishConnect(NioSocketChannel.java:327)
	at org.apache.ratis.thirdparty.io.netty.channel.nio.AbstractNioChannel$AbstractNioUnsafe.finishConnect(AbstractNioChannel.java:340)
	at org.apache.ratis.thirdparty.io.netty.channel.nio.NioEventLoop.processSelectedKey(NioEventLoop.java:632)
	at org.apache.ratis.thirdparty.io.netty.channel.nio.NioEventLoop.processSelectedKeysOptimized(NioEventLoop.java:579)
	at org.apache.ratis.thirdparty.io.netty.channel.nio.NioEventLoop.processSelectedKeys(NioEventLoop.java:496)
	at org.apache.ratis.thirdparty.io.netty.channel.nio.NioEventLoop.run(NioEventLoop.java:458)
	at org.apache.ratis.thirdparty.io.netty.util.concurrent.SingleThreadEventExecutor$5.run(SingleThreadEventExecutor.java:897)
	at org.apache.ratis.thirdparty.io.netty.util.concurrent.FastThreadLocalRunnable.run(FastThreadLocalRunnable.java:30)
	... 1 more
Caused by: java.net.ConnectException: Connection refused
	... 11 more
2019-10-20 18:18:54,225 [b75f8b2e-6273-4c97-b7c5-042674931d23@group-F11756C8BA4A-LeaderElection352] INFO  impl.RaftServerImpl (RaftServerImpl.java:setRole(184)) - b75f8b2e-6273-4c97-b7c5-042674931d23@group-F11756C8BA4A: changes role from CANDIDATE to FOLLOWER at term 198 for DISCOVERED_A_NEW_TERM
2019-10-20 18:18:54,225 [b75f8b2e-6273-4c97-b7c5-042674931d23@group-F11756C8BA4A-LeaderElection352] INFO  impl.RoleInfo (RoleInfo.java:shutdownLeaderElection(134)) - b75f8b2e-6273-4c97-b7c5-042674931d23: shutdown LeaderElection
2019-10-20 18:18:54,225 [b75f8b2e-6273-4c97-b7c5-042674931d23@group-F11756C8BA4A-LeaderElection352] INFO  impl.RoleInfo (RoleInfo.java:updateAndGet(143)) - b75f8b2e-6273-4c97-b7c5-042674931d23: start FollowerState
2019-10-20 18:18:54,271 [Thread-2864] INFO  impl.FollowerState (FollowerState.java:run(108)) - b75f8b2e-6273-4c97-b7c5-042674931d23@group-F11756C8BA4A-FollowerState: change to CANDIDATE, lastRpcTime:46ms, electionTimeout:46ms
2019-10-20 18:18:54,272 [Thread-2864] INFO  impl.RoleInfo (RoleInfo.java:shutdownFollowerState(121)) - b75f8b2e-6273-4c97-b7c5-042674931d23: shutdown FollowerState
2019-10-20 18:18:54,272 [Thread-2864] INFO  impl.RaftServerImpl (RaftServerImpl.java:setRole(184)) - b75f8b2e-6273-4c97-b7c5-042674931d23@group-F11756C8BA4A: changes role from  FOLLOWER to CANDIDATE at term 198 for changeToCandidate
2019-10-20 18:18:54,272 [Thread-2864] INFO  impl.RoleInfo (RoleInfo.java:updateAndGet(143)) - b75f8b2e-6273-4c97-b7c5-042674931d23: start LeaderElection
2019-10-20 18:18:54,287 [Thread-2857] INFO  impl.FollowerState (FollowerState.java:run(108)) - 399079f7-1eb1-4f37-b003-267572525934@group-D40A05E2FCF9-FollowerState: change to CANDIDATE, lastRpcTime:163ms, electionTimeout:163ms
2019-10-20 18:18:54,287 [Thread-2857] INFO  impl.RoleInfo (RoleInfo.java:shutdownFollowerState(121)) - 399079f7-1eb1-4f37-b003-267572525934: shutdown FollowerState
2019-10-20 18:18:54,287 [Thread-2857] INFO  impl.RaftServerImpl (RaftServerImpl.java:setRole(184)) - 399079f7-1eb1-4f37-b003-267572525934@group-D40A05E2FCF9: changes role from  FOLLOWER to CANDIDATE at term 197 for changeToCandidate
2019-10-20 18:18:54,287 [Thread-2857] INFO  impl.RoleInfo (RoleInfo.java:updateAndGet(143)) - 399079f7-1eb1-4f37-b003-267572525934: start LeaderElection
2019-10-20 18:18:54,300 [b75f8b2e-6273-4c97-b7c5-042674931d23@group-F11756C8BA4A-LeaderElection353] INFO  impl.LeaderElection (LeaderElection.java:askForVotes(178)) - b75f8b2e-6273-4c97-b7c5-042674931d23@group-F11756C8BA4A-LeaderElection353: begin an election at term 199 for -1: [6ef27e9c-8ddb-4fa1-8c14-ab102acfb1b8:192.168.164.241:38092, b75f8b2e-6273-4c97-b7c5-042674931d23:192.168.164.241:41857, 3750b3a2-715b-46b3-9d0c-9e38136244b9:192.168.164.241:46227], old=null
2019-10-20 18:18:54,301 [b75f8b2e-6273-4c97-b7c5-042674931d23@group-F11756C8BA4A-LeaderElection353] INFO  impl.LeaderElection (LogUtils.java:infoOrTrace(149)) - b75f8b2e-6273-4c97-b7c5-042674931d23@group-F11756C8BA4A-LeaderElection353 got exception when requesting votes: {}
java.util.concurrent.ExecutionException: org.apache.ratis.thirdparty.io.grpc.StatusRuntimeException: UNAVAILABLE: io exception
	at java.util.concurrent.FutureTask.report(FutureTask.java:122)
	at java.util.concurrent.FutureTask.get(FutureTask.java:192)
	at org.apache.ratis.server.impl.LeaderElection.waitForResults(LeaderElection.java:259)
	at org.apache.ratis.server.impl.LeaderElection.askForVotes(LeaderElection.java:197)
	at org.apache.ratis.server.impl.LeaderElection.run(LeaderElection.java:133)
	at java.lang.Thread.run(Thread.java:748)
Caused by: org.apache.ratis.thirdparty.io.grpc.StatusRuntimeException: UNAVAILABLE: io exception
	at org.apache.ratis.thirdparty.io.grpc.stub.ClientCalls.toStatusRuntimeException(ClientCalls.java:233)
	at org.apache.ratis.thirdparty.io.grpc.stub.ClientCalls.getUnchecked(ClientCalls.java:214)
	at org.apache.ratis.thirdparty.io.grpc.stub.ClientCalls.blockingUnaryCall(ClientCalls.java:139)
	at org.apache.ratis.proto.grpc.RaftServerProtocolServiceGrpc$RaftServerProtocolServiceBlockingStub.requestVote(RaftServerProtocolServiceGrpc.java:265)
	at org.apache.ratis.grpc.server.GrpcServerProtocolClient.requestVote(GrpcServerProtocolClient.java:99)
	at org.apache.ratis.grpc.server.GrpcService.requestVote(GrpcService.java:204)
	at org.apache.ratis.server.impl.LeaderElection.lambda$submitRequests$1(LeaderElection.java:234)
	at java.util.concurrent.FutureTask.run(FutureTask.java:266)
	at java.util.concurrent.Executors$RunnableAdapter.call(Executors.java:511)
	at java.util.concurrent.FutureTask.run(FutureTask.java:266)
	at java.util.concurrent.ThreadPoolExecutor.runWorker(ThreadPoolExecutor.java:1149)
	at java.util.concurrent.ThreadPoolExecutor$Worker.run(ThreadPoolExecutor.java:624)
	... 1 more
Caused by: org.apache.ratis.thirdparty.io.netty.channel.AbstractChannel$AnnotatedConnectException: Connection refused: /192.168.164.241:46227
	at sun.nio.ch.SocketChannelImpl.checkConnect(Native Method)
	at sun.nio.ch.SocketChannelImpl.finishConnect(SocketChannelImpl.java:717)
	at org.apache.ratis.thirdparty.io.netty.channel.socket.nio.NioSocketChannel.doFinishConnect(NioSocketChannel.java:327)
	at org.apache.ratis.thirdparty.io.netty.channel.nio.AbstractNioChannel$AbstractNioUnsafe.finishConnect(AbstractNioChannel.java:340)
	at org.apache.ratis.thirdparty.io.netty.channel.nio.NioEventLoop.processSelectedKey(NioEventLoop.java:632)
	at org.apache.ratis.thirdparty.io.netty.channel.nio.NioEventLoop.processSelectedKeysOptimized(NioEventLoop.java:579)
	at org.apache.ratis.thirdparty.io.netty.channel.nio.NioEventLoop.processSelectedKeys(NioEventLoop.java:496)
	at org.apache.ratis.thirdparty.io.netty.channel.nio.NioEventLoop.run(NioEventLoop.java:458)
	at org.apache.ratis.thirdparty.io.netty.util.concurrent.SingleThreadEventExecutor$5.run(SingleThreadEventExecutor.java:897)
	at org.apache.ratis.thirdparty.io.netty.util.concurrent.FastThreadLocalRunnable.run(FastThreadLocalRunnable.java:30)
	... 1 more
Caused by: java.net.ConnectException: Connection refused
	... 11 more
2019-10-20 18:18:54,307 [grpc-default-executor-4] INFO  impl.RaftServerImpl (RaftServerImpl.java:setRole(184)) - 6ef27e9c-8ddb-4fa1-8c14-ab102acfb1b8@group-F11756C8BA4A: changes role from  FOLLOWER to FOLLOWER at term 199 for recognizeCandidate:b75f8b2e-6273-4c97-b7c5-042674931d23
2019-10-20 18:18:54,307 [grpc-default-executor-4] INFO  impl.RoleInfo (RoleInfo.java:shutdownFollowerState(121)) - 6ef27e9c-8ddb-4fa1-8c14-ab102acfb1b8: shutdown FollowerState
2019-10-20 18:18:54,307 [grpc-default-executor-4] INFO  impl.RoleInfo (RoleInfo.java:updateAndGet(143)) - 6ef27e9c-8ddb-4fa1-8c14-ab102acfb1b8: start FollowerState
2019-10-20 18:18:54,307 [Thread-2863] INFO  impl.FollowerState (FollowerState.java:run(117)) - 6ef27e9c-8ddb-4fa1-8c14-ab102acfb1b8@group-F11756C8BA4A-FollowerState was interrupted: java.lang.InterruptedException: sleep interrupted
2019-10-20 18:18:54,317 [399079f7-1eb1-4f37-b003-267572525934@group-D40A05E2FCF9-LeaderElection354] INFO  impl.LeaderElection (LeaderElection.java:askForVotes(178)) - 399079f7-1eb1-4f37-b003-267572525934@group-D40A05E2FCF9-LeaderElection354: begin an election at term 198 for -1: [399079f7-1eb1-4f37-b003-267572525934:192.168.164.241:37762, 7a43c46a-fc88-4b2d-b2da-ae029cfa60ff:192.168.164.241:43684, 6c5c38af-62e6-4ea7-a24a-078dcb28fb39:192.168.164.241:45428], old=null
2019-10-20 18:18:54,318 [grpc-default-executor-10] INFO  impl.RaftServerImpl (RaftServerImpl.java:setRole(184)) - 6c5c38af-62e6-4ea7-a24a-078dcb28fb39@group-D40A05E2FCF9: changes role from  FOLLOWER to FOLLOWER at term 198 for recognizeCandidate:399079f7-1eb1-4f37-b003-267572525934
2019-10-20 18:18:54,318 [grpc-default-executor-7] INFO  impl.RaftServerImpl (RaftServerImpl.java:setRole(184)) - 7a43c46a-fc88-4b2d-b2da-ae029cfa60ff@group-D40A05E2FCF9: changes role from  FOLLOWER to FOLLOWER at term 198 for recognizeCandidate:399079f7-1eb1-4f37-b003-267572525934
2019-10-20 18:18:54,318 [grpc-default-executor-10] INFO  impl.RoleInfo (RoleInfo.java:shutdownFollowerState(121)) - 6c5c38af-62e6-4ea7-a24a-078dcb28fb39: shutdown FollowerState
2019-10-20 18:18:54,319 [grpc-default-executor-7] INFO  impl.RoleInfo (RoleInfo.java:shutdownFollowerState(121)) - 7a43c46a-fc88-4b2d-b2da-ae029cfa60ff: shutdown FollowerState
2019-10-20 18:18:54,319 [Thread-2855] INFO  impl.FollowerState (FollowerState.java:run(117)) - 6c5c38af-62e6-4ea7-a24a-078dcb28fb39@group-D40A05E2FCF9-FollowerState was interrupted: java.lang.InterruptedException: sleep interrupted
2019-10-20 18:18:54,319 [grpc-default-executor-10] INFO  impl.RoleInfo (RoleInfo.java:updateAndGet(143)) - 6c5c38af-62e6-4ea7-a24a-078dcb28fb39: start FollowerState
2019-10-20 18:18:54,319 [Thread-2856] INFO  impl.FollowerState (FollowerState.java:run(117)) - 7a43c46a-fc88-4b2d-b2da-ae029cfa60ff@group-D40A05E2FCF9-FollowerState was interrupted: java.lang.InterruptedException: sleep interrupted
2019-10-20 18:18:54,319 [grpc-default-executor-7] INFO  impl.RoleInfo (RoleInfo.java:updateAndGet(143)) - 7a43c46a-fc88-4b2d-b2da-ae029cfa60ff: start FollowerState
2019-10-20 18:18:54,334 [b75f8b2e-6273-4c97-b7c5-042674931d23@group-F11756C8BA4A-LeaderElection353] INFO  impl.LeaderElection (LeaderElection.java:logAndReturn(56)) - b75f8b2e-6273-4c97-b7c5-042674931d23@group-F11756C8BA4A-LeaderElection353: Election REJECTED; received 1 response(s) [b75f8b2e-6273-4c97-b7c5-042674931d23<-6ef27e9c-8ddb-4fa1-8c14-ab102acfb1b8#0:FAIL-t199] and 1 exception(s); b75f8b2e-6273-4c97-b7c5-042674931d23@group-F11756C8BA4A:t199, leader=null, voted=b75f8b2e-6273-4c97-b7c5-042674931d23, raftlog=b75f8b2e-6273-4c97-b7c5-042674931d23@group-F11756C8BA4A-SegmentedRaftLog:OPENED:c-1,f-1,i0, conf=-1: [6ef27e9c-8ddb-4fa1-8c14-ab102acfb1b8:192.168.164.241:38092, b75f8b2e-6273-4c97-b7c5-042674931d23:192.168.164.241:41857, 3750b3a2-715b-46b3-9d0c-9e38136244b9:192.168.164.241:46227], old=null
2019-10-20 18:18:54,335 [b75f8b2e-6273-4c97-b7c5-042674931d23@group-F11756C8BA4A-LeaderElection353] INFO  impl.LeaderElection (LogUtils.java:infoOrTrace(149)) -   Exception 0: {}
java.util.concurrent.ExecutionException: org.apache.ratis.thirdparty.io.grpc.StatusRuntimeException: UNAVAILABLE: io exception
	at java.util.concurrent.FutureTask.report(FutureTask.java:122)
	at java.util.concurrent.FutureTask.get(FutureTask.java:192)
	at org.apache.ratis.server.impl.LeaderElection.waitForResults(LeaderElection.java:259)
	at org.apache.ratis.server.impl.LeaderElection.askForVotes(LeaderElection.java:197)
	at org.apache.ratis.server.impl.LeaderElection.run(LeaderElection.java:133)
	at java.lang.Thread.run(Thread.java:748)
Caused by: org.apache.ratis.thirdparty.io.grpc.StatusRuntimeException: UNAVAILABLE: io exception
	at org.apache.ratis.thirdparty.io.grpc.stub.ClientCalls.toStatusRuntimeException(ClientCalls.java:233)
	at org.apache.ratis.thirdparty.io.grpc.stub.ClientCalls.getUnchecked(ClientCalls.java:214)
	at org.apache.ratis.thirdparty.io.grpc.stub.ClientCalls.blockingUnaryCall(ClientCalls.java:139)
	at org.apache.ratis.proto.grpc.RaftServerProtocolServiceGrpc$RaftServerProtocolServiceBlockingStub.requestVote(RaftServerProtocolServiceGrpc.java:265)
	at org.apache.ratis.grpc.server.GrpcServerProtocolClient.requestVote(GrpcServerProtocolClient.java:99)
	at org.apache.ratis.grpc.server.GrpcService.requestVote(GrpcService.java:204)
	at org.apache.ratis.server.impl.LeaderElection.lambda$submitRequests$1(LeaderElection.java:234)
	at java.util.concurrent.FutureTask.run(FutureTask.java:266)
	at java.util.concurrent.Executors$RunnableAdapter.call(Executors.java:511)
	at java.util.concurrent.FutureTask.run(FutureTask.java:266)
	at java.util.concurrent.ThreadPoolExecutor.runWorker(ThreadPoolExecutor.java:1149)
	at java.util.concurrent.ThreadPoolExecutor$Worker.run(ThreadPoolExecutor.java:624)
	... 1 more
Caused by: org.apache.ratis.thirdparty.io.netty.channel.AbstractChannel$AnnotatedConnectException: Connection refused: /192.168.164.241:46227
	at sun.nio.ch.SocketChannelImpl.checkConnect(Native Method)
	at sun.nio.ch.SocketChannelImpl.finishConnect(SocketChannelImpl.java:717)
	at org.apache.ratis.thirdparty.io.netty.channel.socket.nio.NioSocketChannel.doFinishConnect(NioSocketChannel.java:327)
	at org.apache.ratis.thirdparty.io.netty.channel.nio.AbstractNioChannel$AbstractNioUnsafe.finishConnect(AbstractNioChannel.java:340)
	at org.apache.ratis.thirdparty.io.netty.channel.nio.NioEventLoop.processSelectedKey(NioEventLoop.java:632)
	at org.apache.ratis.thirdparty.io.netty.channel.nio.NioEventLoop.processSelectedKeysOptimized(NioEventLoop.java:579)
	at org.apache.ratis.thirdparty.io.netty.channel.nio.NioEventLoop.processSelectedKeys(NioEventLoop.java:496)
	at org.apache.ratis.thirdparty.io.netty.channel.nio.NioEventLoop.run(NioEventLoop.java:458)
	at org.apache.ratis.thirdparty.io.netty.util.concurrent.SingleThreadEventExecutor$5.run(SingleThreadEventExecutor.java:897)
	at org.apache.ratis.thirdparty.io.netty.util.concurrent.FastThreadLocalRunnable.run(FastThreadLocalRunnable.java:30)
	... 1 more
Caused by: java.net.ConnectException: Connection refused
	... 11 more
2019-10-20 18:18:54,335 [b75f8b2e-6273-4c97-b7c5-042674931d23@group-F11756C8BA4A-LeaderElection353] INFO  impl.RaftServerImpl (RaftServerImpl.java:setRole(184)) - b75f8b2e-6273-4c97-b7c5-042674931d23@group-F11756C8BA4A: changes role from CANDIDATE to FOLLOWER at term 199 for DISCOVERED_A_NEW_TERM
2019-10-20 18:18:54,335 [b75f8b2e-6273-4c97-b7c5-042674931d23@group-F11756C8BA4A-LeaderElection353] INFO  impl.RoleInfo (RoleInfo.java:shutdownLeaderElection(134)) - b75f8b2e-6273-4c97-b7c5-042674931d23: shutdown LeaderElection
2019-10-20 18:18:54,335 [b75f8b2e-6273-4c97-b7c5-042674931d23@group-F11756C8BA4A-LeaderElection353] INFO  impl.RoleInfo (RoleInfo.java:updateAndGet(143)) - b75f8b2e-6273-4c97-b7c5-042674931d23: start FollowerState
2019-10-20 18:18:54,351 [399079f7-1eb1-4f37-b003-267572525934@group-D40A05E2FCF9-LeaderElection354] INFO  impl.LeaderElection (LeaderElection.java:logAndReturn(56)) - 399079f7-1eb1-4f37-b003-267572525934@group-D40A05E2FCF9-LeaderElection354: Election REJECTED; received 2 response(s) [399079f7-1eb1-4f37-b003-267572525934<-7a43c46a-fc88-4b2d-b2da-ae029cfa60ff#0:FAIL-t198, 399079f7-1eb1-4f37-b003-267572525934<-6c5c38af-62e6-4ea7-a24a-078dcb28fb39#0:FAIL-t198] and 0 exception(s); 399079f7-1eb1-4f37-b003-267572525934@group-D40A05E2FCF9:t198, leader=null, voted=399079f7-1eb1-4f37-b003-267572525934, raftlog=399079f7-1eb1-4f37-b003-267572525934@group-D40A05E2FCF9-SegmentedRaftLog:OPENED:c-1,f-1,i0, conf=-1: [399079f7-1eb1-4f37-b003-267572525934:192.168.164.241:37762, 7a43c46a-fc88-4b2d-b2da-ae029cfa60ff:192.168.164.241:43684, 6c5c38af-62e6-4ea7-a24a-078dcb28fb39:192.168.164.241:45428], old=null
2019-10-20 18:18:54,352 [399079f7-1eb1-4f37-b003-267572525934@group-D40A05E2FCF9-LeaderElection354] INFO  impl.RaftServerImpl (RaftServerImpl.java:setRole(184)) - 399079f7-1eb1-4f37-b003-267572525934@group-D40A05E2FCF9: changes role from CANDIDATE to FOLLOWER at term 198 for DISCOVERED_A_NEW_TERM
2019-10-20 18:18:54,352 [399079f7-1eb1-4f37-b003-267572525934@group-D40A05E2FCF9-LeaderElection354] INFO  impl.RoleInfo (RoleInfo.java:shutdownLeaderElection(134)) - 399079f7-1eb1-4f37-b003-267572525934: shutdown LeaderElection
2019-10-20 18:18:54,352 [399079f7-1eb1-4f37-b003-267572525934@group-D40A05E2FCF9-LeaderElection354] INFO  impl.RoleInfo (RoleInfo.java:updateAndGet(143)) - 399079f7-1eb1-4f37-b003-267572525934: start FollowerState
2019-10-20 18:18:54,405 [Thread-2874] INFO  impl.FollowerState (FollowerState.java:run(108)) - b75f8b2e-6273-4c97-b7c5-042674931d23@group-F11756C8BA4A-FollowerState: change to CANDIDATE, lastRpcTime:69ms, electionTimeout:69ms
2019-10-20 18:18:54,405 [Thread-2874] INFO  impl.RoleInfo (RoleInfo.java:shutdownFollowerState(121)) - b75f8b2e-6273-4c97-b7c5-042674931d23: shutdown FollowerState
2019-10-20 18:18:54,405 [Thread-2874] INFO  impl.RaftServerImpl (RaftServerImpl.java:setRole(184)) - b75f8b2e-6273-4c97-b7c5-042674931d23@group-F11756C8BA4A: changes role from  FOLLOWER to CANDIDATE at term 199 for changeToCandidate
2019-10-20 18:18:54,405 [Thread-2874] INFO  impl.RoleInfo (RoleInfo.java:updateAndGet(143)) - b75f8b2e-6273-4c97-b7c5-042674931d23: start LeaderElection
2019-10-20 18:18:54,435 [b75f8b2e-6273-4c97-b7c5-042674931d23@group-F11756C8BA4A-LeaderElection355] INFO  impl.LeaderElection (LeaderElection.java:askForVotes(178)) - b75f8b2e-6273-4c97-b7c5-042674931d23@group-F11756C8BA4A-LeaderElection355: begin an election at term 200 for -1: [6ef27e9c-8ddb-4fa1-8c14-ab102acfb1b8:192.168.164.241:38092, b75f8b2e-6273-4c97-b7c5-042674931d23:192.168.164.241:41857, 3750b3a2-715b-46b3-9d0c-9e38136244b9:192.168.164.241:46227], old=null
2019-10-20 18:18:54,435 [b75f8b2e-6273-4c97-b7c5-042674931d23@group-F11756C8BA4A-LeaderElection355] INFO  impl.LeaderElection (LogUtils.java:infoOrTrace(149)) - b75f8b2e-6273-4c97-b7c5-042674931d23@group-F11756C8BA4A-LeaderElection355 got exception when requesting votes: {}
java.util.concurrent.ExecutionException: org.apache.ratis.thirdparty.io.grpc.StatusRuntimeException: UNAVAILABLE: io exception
	at java.util.concurrent.FutureTask.report(FutureTask.java:122)
	at java.util.concurrent.FutureTask.get(FutureTask.java:192)
	at org.apache.ratis.server.impl.LeaderElection.waitForResults(LeaderElection.java:259)
	at org.apache.ratis.server.impl.LeaderElection.askForVotes(LeaderElection.java:197)
	at org.apache.ratis.server.impl.LeaderElection.run(LeaderElection.java:133)
	at java.lang.Thread.run(Thread.java:748)
Caused by: org.apache.ratis.thirdparty.io.grpc.StatusRuntimeException: UNAVAILABLE: io exception
	at org.apache.ratis.thirdparty.io.grpc.stub.ClientCalls.toStatusRuntimeException(ClientCalls.java:233)
	at org.apache.ratis.thirdparty.io.grpc.stub.ClientCalls.getUnchecked(ClientCalls.java:214)
	at org.apache.ratis.thirdparty.io.grpc.stub.ClientCalls.blockingUnaryCall(ClientCalls.java:139)
	at org.apache.ratis.proto.grpc.RaftServerProtocolServiceGrpc$RaftServerProtocolServiceBlockingStub.requestVote(RaftServerProtocolServiceGrpc.java:265)
	at org.apache.ratis.grpc.server.GrpcServerProtocolClient.requestVote(GrpcServerProtocolClient.java:99)
	at org.apache.ratis.grpc.server.GrpcService.requestVote(GrpcService.java:204)
	at org.apache.ratis.server.impl.LeaderElection.lambda$submitRequests$1(LeaderElection.java:234)
	at java.util.concurrent.FutureTask.run(FutureTask.java:266)
	at java.util.concurrent.Executors$RunnableAdapter.call(Executors.java:511)
	at java.util.concurrent.FutureTask.run(FutureTask.java:266)
	at java.util.concurrent.ThreadPoolExecutor.runWorker(ThreadPoolExecutor.java:1149)
	at java.util.concurrent.ThreadPoolExecutor$Worker.run(ThreadPoolExecutor.java:624)
	... 1 more
Caused by: org.apache.ratis.thirdparty.io.netty.channel.AbstractChannel$AnnotatedConnectException: Connection refused: /192.168.164.241:46227
	at sun.nio.ch.SocketChannelImpl.checkConnect(Native Method)
	at sun.nio.ch.SocketChannelImpl.finishConnect(SocketChannelImpl.java:717)
	at org.apache.ratis.thirdparty.io.netty.channel.socket.nio.NioSocketChannel.doFinishConnect(NioSocketChannel.java:327)
	at org.apache.ratis.thirdparty.io.netty.channel.nio.AbstractNioChannel$AbstractNioUnsafe.finishConnect(AbstractNioChannel.java:340)
	at org.apache.ratis.thirdparty.io.netty.channel.nio.NioEventLoop.processSelectedKey(NioEventLoop.java:632)
	at org.apache.ratis.thirdparty.io.netty.channel.nio.NioEventLoop.processSelectedKeysOptimized(NioEventLoop.java:579)
	at org.apache.ratis.thirdparty.io.netty.channel.nio.NioEventLoop.processSelectedKeys(NioEventLoop.java:496)
	at org.apache.ratis.thirdparty.io.netty.channel.nio.NioEventLoop.run(NioEventLoop.java:458)
	at org.apache.ratis.thirdparty.io.netty.util.concurrent.SingleThreadEventExecutor$5.run(SingleThreadEventExecutor.java:897)
	at org.apache.ratis.thirdparty.io.netty.util.concurrent.FastThreadLocalRunnable.run(FastThreadLocalRunnable.java:30)
	... 1 more
Caused by: java.net.ConnectException: Connection refused
	... 11 more
2019-10-20 18:18:54,438 [grpc-default-executor-7] INFO  impl.RaftServerImpl (RaftServerImpl.java:setRole(184)) - 6ef27e9c-8ddb-4fa1-8c14-ab102acfb1b8@group-F11756C8BA4A: changes role from  FOLLOWER to FOLLOWER at term 200 for recognizeCandidate:b75f8b2e-6273-4c97-b7c5-042674931d23
2019-10-20 18:18:54,439 [grpc-default-executor-7] INFO  impl.RoleInfo (RoleInfo.java:shutdownFollowerState(121)) - 6ef27e9c-8ddb-4fa1-8c14-ab102acfb1b8: shutdown FollowerState
2019-10-20 18:18:54,439 [grpc-default-executor-7] INFO  impl.RoleInfo (RoleInfo.java:updateAndGet(143)) - 6ef27e9c-8ddb-4fa1-8c14-ab102acfb1b8: start FollowerState
2019-10-20 18:18:54,439 [Thread-2869] INFO  impl.FollowerState (FollowerState.java:run(117)) - 6ef27e9c-8ddb-4fa1-8c14-ab102acfb1b8@group-F11756C8BA4A-FollowerState was interrupted: java.lang.InterruptedException: sleep interrupted
2019-10-20 18:18:54,453 [b75f8b2e-6273-4c97-b7c5-042674931d23@group-F11756C8BA4A-LeaderElection355] INFO  impl.LeaderElection (LeaderElection.java:logAndReturn(56)) - b75f8b2e-6273-4c97-b7c5-042674931d23@group-F11756C8BA4A-LeaderElection355: Election REJECTED; received 1 response(s) [b75f8b2e-6273-4c97-b7c5-042674931d23<-6ef27e9c-8ddb-4fa1-8c14-ab102acfb1b8#0:FAIL-t200] and 1 exception(s); b75f8b2e-6273-4c97-b7c5-042674931d23@group-F11756C8BA4A:t200, leader=null, voted=b75f8b2e-6273-4c97-b7c5-042674931d23, raftlog=b75f8b2e-6273-4c97-b7c5-042674931d23@group-F11756C8BA4A-SegmentedRaftLog:OPENED:c-1,f-1,i0, conf=-1: [6ef27e9c-8ddb-4fa1-8c14-ab102acfb1b8:192.168.164.241:38092, b75f8b2e-6273-4c97-b7c5-042674931d23:192.168.164.241:41857, 3750b3a2-715b-46b3-9d0c-9e38136244b9:192.168.164.241:46227], old=null
2019-10-20 18:18:54,454 [b75f8b2e-6273-4c97-b7c5-042674931d23@group-F11756C8BA4A-LeaderElection355] INFO  impl.LeaderElection (LogUtils.java:infoOrTrace(149)) -   Exception 0: {}
java.util.concurrent.ExecutionException: org.apache.ratis.thirdparty.io.grpc.StatusRuntimeException: UNAVAILABLE: io exception
	at java.util.concurrent.FutureTask.report(FutureTask.java:122)
	at java.util.concurrent.FutureTask.get(FutureTask.java:192)
	at org.apache.ratis.server.impl.LeaderElection.waitForResults(LeaderElection.java:259)
	at org.apache.ratis.server.impl.LeaderElection.askForVotes(LeaderElection.java:197)
	at org.apache.ratis.server.impl.LeaderElection.run(LeaderElection.java:133)
	at java.lang.Thread.run(Thread.java:748)
Caused by: org.apache.ratis.thirdparty.io.grpc.StatusRuntimeException: UNAVAILABLE: io exception
	at org.apache.ratis.thirdparty.io.grpc.stub.ClientCalls.toStatusRuntimeException(ClientCalls.java:233)
	at org.apache.ratis.thirdparty.io.grpc.stub.ClientCalls.getUnchecked(ClientCalls.java:214)
	at org.apache.ratis.thirdparty.io.grpc.stub.ClientCalls.blockingUnaryCall(ClientCalls.java:139)
	at org.apache.ratis.proto.grpc.RaftServerProtocolServiceGrpc$RaftServerProtocolServiceBlockingStub.requestVote(RaftServerProtocolServiceGrpc.java:265)
	at org.apache.ratis.grpc.server.GrpcServerProtocolClient.requestVote(GrpcServerProtocolClient.java:99)
	at org.apache.ratis.grpc.server.GrpcService.requestVote(GrpcService.java:204)
	at org.apache.ratis.server.impl.LeaderElection.lambda$submitRequests$1(LeaderElection.java:234)
	at java.util.concurrent.FutureTask.run(FutureTask.java:266)
	at java.util.concurrent.Executors$RunnableAdapter.call(Executors.java:511)
	at java.util.concurrent.FutureTask.run(FutureTask.java:266)
	at java.util.concurrent.ThreadPoolExecutor.runWorker(ThreadPoolExecutor.java:1149)
	at java.util.concurrent.ThreadPoolExecutor$Worker.run(ThreadPoolExecutor.java:624)
	... 1 more
Caused by: org.apache.ratis.thirdparty.io.netty.channel.AbstractChannel$AnnotatedConnectException: Connection refused: /192.168.164.241:46227
	at sun.nio.ch.SocketChannelImpl.checkConnect(Native Method)
	at sun.nio.ch.SocketChannelImpl.finishConnect(SocketChannelImpl.java:717)
	at org.apache.ratis.thirdparty.io.netty.channel.socket.nio.NioSocketChannel.doFinishConnect(NioSocketChannel.java:327)
	at org.apache.ratis.thirdparty.io.netty.channel.nio.AbstractNioChannel$AbstractNioUnsafe.finishConnect(AbstractNioChannel.java:340)
	at org.apache.ratis.thirdparty.io.netty.channel.nio.NioEventLoop.processSelectedKey(NioEventLoop.java:632)
	at org.apache.ratis.thirdparty.io.netty.channel.nio.NioEventLoop.processSelectedKeysOptimized(NioEventLoop.java:579)
	at org.apache.ratis.thirdparty.io.netty.channel.nio.NioEventLoop.processSelectedKeys(NioEventLoop.java:496)
	at org.apache.ratis.thirdparty.io.netty.channel.nio.NioEventLoop.run(NioEventLoop.java:458)
	at org.apache.ratis.thirdparty.io.netty.util.concurrent.SingleThreadEventExecutor$5.run(SingleThreadEventExecutor.java:897)
	at org.apache.ratis.thirdparty.io.netty.util.concurrent.FastThreadLocalRunnable.run(FastThreadLocalRunnable.java:30)
	... 1 more
Caused by: java.net.ConnectException: Connection refused
	... 11 more
2019-10-20 18:18:54,454 [b75f8b2e-6273-4c97-b7c5-042674931d23@group-F11756C8BA4A-LeaderElection355] INFO  impl.RaftServerImpl (RaftServerImpl.java:setRole(184)) - b75f8b2e-6273-4c97-b7c5-042674931d23@group-F11756C8BA4A: changes role from CANDIDATE to FOLLOWER at term 200 for DISCOVERED_A_NEW_TERM
2019-10-20 18:18:54,454 [b75f8b2e-6273-4c97-b7c5-042674931d23@group-F11756C8BA4A-LeaderElection355] INFO  impl.RoleInfo (RoleInfo.java:shutdownLeaderElection(134)) - b75f8b2e-6273-4c97-b7c5-042674931d23: shutdown LeaderElection
2019-10-20 18:18:54,454 [b75f8b2e-6273-4c97-b7c5-042674931d23@group-F11756C8BA4A-LeaderElection355] INFO  impl.RoleInfo (RoleInfo.java:updateAndGet(143)) - b75f8b2e-6273-4c97-b7c5-042674931d23: start FollowerState
2019-10-20 18:18:54,545 [Thread-2875] INFO  impl.FollowerState (FollowerState.java:run(108)) - 399079f7-1eb1-4f37-b003-267572525934@group-D40A05E2FCF9-FollowerState: change to CANDIDATE, lastRpcTime:193ms, electionTimeout:193ms
2019-10-20 18:18:54,546 [Thread-2875] INFO  impl.RoleInfo (RoleInfo.java:shutdownFollowerState(121)) - 399079f7-1eb1-4f37-b003-267572525934: shutdown FollowerState
2019-10-20 18:18:54,546 [Thread-2875] INFO  impl.RaftServerImpl (RaftServerImpl.java:setRole(184)) - 399079f7-1eb1-4f37-b003-267572525934@group-D40A05E2FCF9: changes role from  FOLLOWER to CANDIDATE at term 198 for changeToCandidate
2019-10-20 18:18:54,546 [Thread-2875] INFO  impl.RoleInfo (RoleInfo.java:updateAndGet(143)) - 399079f7-1eb1-4f37-b003-267572525934: start LeaderElection
2019-10-20 18:18:54,571 [399079f7-1eb1-4f37-b003-267572525934@group-D40A05E2FCF9-LeaderElection356] INFO  impl.LeaderElection (LeaderElection.java:askForVotes(178)) - 399079f7-1eb1-4f37-b003-267572525934@group-D40A05E2FCF9-LeaderElection356: begin an election at term 199 for -1: [399079f7-1eb1-4f37-b003-267572525934:192.168.164.241:37762, 7a43c46a-fc88-4b2d-b2da-ae029cfa60ff:192.168.164.241:43684, 6c5c38af-62e6-4ea7-a24a-078dcb28fb39:192.168.164.241:45428], old=null
2019-10-20 18:18:54,573 [grpc-default-executor-7] INFO  impl.RaftServerImpl (RaftServerImpl.java:setRole(184)) - 7a43c46a-fc88-4b2d-b2da-ae029cfa60ff@group-D40A05E2FCF9: changes role from  FOLLOWER to FOLLOWER at term 199 for recognizeCandidate:399079f7-1eb1-4f37-b003-267572525934
2019-10-20 18:18:54,573 [grpc-default-executor-10] INFO  impl.RaftServerImpl (RaftServerImpl.java:setRole(184)) - 6c5c38af-62e6-4ea7-a24a-078dcb28fb39@group-D40A05E2FCF9: changes role from  FOLLOWER to FOLLOWER at term 199 for recognizeCandidate:399079f7-1eb1-4f37-b003-267572525934
2019-10-20 18:18:54,573 [grpc-default-executor-10] INFO  impl.RoleInfo (RoleInfo.java:shutdownFollowerState(121)) - 6c5c38af-62e6-4ea7-a24a-078dcb28fb39: shutdown FollowerState
2019-10-20 18:18:54,573 [grpc-default-executor-7] INFO  impl.RoleInfo (RoleInfo.java:shutdownFollowerState(121)) - 7a43c46a-fc88-4b2d-b2da-ae029cfa60ff: shutdown FollowerState
2019-10-20 18:18:54,573 [Thread-2872] INFO  impl.FollowerState (FollowerState.java:run(117)) - 6c5c38af-62e6-4ea7-a24a-078dcb28fb39@group-D40A05E2FCF9-FollowerState was interrupted: java.lang.InterruptedException: sleep interrupted
2019-10-20 18:18:54,573 [grpc-default-executor-10] INFO  impl.RoleInfo (RoleInfo.java:updateAndGet(143)) - 6c5c38af-62e6-4ea7-a24a-078dcb28fb39: start FollowerState
2019-10-20 18:18:54,573 [grpc-default-executor-7] INFO  impl.RoleInfo (RoleInfo.java:updateAndGet(143)) - 7a43c46a-fc88-4b2d-b2da-ae029cfa60ff: start FollowerState
2019-10-20 18:18:54,573 [Thread-2873] INFO  impl.FollowerState (FollowerState.java:run(117)) - 7a43c46a-fc88-4b2d-b2da-ae029cfa60ff@group-D40A05E2FCF9-FollowerState was interrupted: java.lang.InterruptedException: sleep interrupted
2019-10-20 18:18:54,581 [399079f7-1eb1-4f37-b003-267572525934@group-D40A05E2FCF9-LeaderElection356] INFO  impl.LeaderElection (LeaderElection.java:logAndReturn(56)) - 399079f7-1eb1-4f37-b003-267572525934@group-D40A05E2FCF9-LeaderElection356: Election TIMEOUT; received 0 response(s) [] and 0 exception(s); 399079f7-1eb1-4f37-b003-267572525934@group-D40A05E2FCF9:t199, leader=null, voted=399079f7-1eb1-4f37-b003-267572525934, raftlog=399079f7-1eb1-4f37-b003-267572525934@group-D40A05E2FCF9-SegmentedRaftLog:OPENED:c-1,f-1,i0, conf=-1: [399079f7-1eb1-4f37-b003-267572525934:192.168.164.241:37762, 7a43c46a-fc88-4b2d-b2da-ae029cfa60ff:192.168.164.241:43684, 6c5c38af-62e6-4ea7-a24a-078dcb28fb39:192.168.164.241:45428], old=null
2019-10-20 18:18:54,597 [399079f7-1eb1-4f37-b003-267572525934@group-D40A05E2FCF9-LeaderElection356] INFO  impl.LeaderElection (LeaderElection.java:askForVotes(178)) - 399079f7-1eb1-4f37-b003-267572525934@group-D40A05E2FCF9-LeaderElection356: begin an election at term 200 for -1: [399079f7-1eb1-4f37-b003-267572525934:192.168.164.241:37762, 7a43c46a-fc88-4b2d-b2da-ae029cfa60ff:192.168.164.241:43684, 6c5c38af-62e6-4ea7-a24a-078dcb28fb39:192.168.164.241:45428], old=null
2019-10-20 18:18:54,598 [grpc-default-executor-7] INFO  impl.RaftServerImpl (RaftServerImpl.java:setRole(184)) - 6c5c38af-62e6-4ea7-a24a-078dcb28fb39@group-D40A05E2FCF9: changes role from  FOLLOWER to FOLLOWER at term 200 for recognizeCandidate:399079f7-1eb1-4f37-b003-267572525934
2019-10-20 18:18:54,599 [grpc-default-executor-7] INFO  impl.RoleInfo (RoleInfo.java:shutdownFollowerState(121)) - 6c5c38af-62e6-4ea7-a24a-078dcb28fb39: shutdown FollowerState
2019-10-20 18:18:54,598 [grpc-default-executor-10] INFO  impl.RaftServerImpl (RaftServerImpl.java:setRole(184)) - 7a43c46a-fc88-4b2d-b2da-ae029cfa60ff@group-D40A05E2FCF9: changes role from  FOLLOWER to FOLLOWER at term 200 for recognizeCandidate:399079f7-1eb1-4f37-b003-267572525934
2019-10-20 18:18:54,599 [Thread-2884] INFO  impl.FollowerState (FollowerState.java:run(117)) - 6c5c38af-62e6-4ea7-a24a-078dcb28fb39@group-D40A05E2FCF9-FollowerState was interrupted: java.lang.InterruptedException: sleep interrupted
2019-10-20 18:18:54,599 [grpc-default-executor-7] INFO  impl.RoleInfo (RoleInfo.java:updateAndGet(143)) - 6c5c38af-62e6-4ea7-a24a-078dcb28fb39: start FollowerState
2019-10-20 18:18:54,599 [grpc-default-executor-10] INFO  impl.RoleInfo (RoleInfo.java:shutdownFollowerState(121)) - 7a43c46a-fc88-4b2d-b2da-ae029cfa60ff: shutdown FollowerState
2019-10-20 18:18:54,599 [grpc-default-executor-10] INFO  impl.RoleInfo (RoleInfo.java:updateAndGet(143)) - 7a43c46a-fc88-4b2d-b2da-ae029cfa60ff: start FollowerState
2019-10-20 18:18:54,599 [Thread-2885] INFO  impl.FollowerState (FollowerState.java:run(117)) - 7a43c46a-fc88-4b2d-b2da-ae029cfa60ff@group-D40A05E2FCF9-FollowerState was interrupted: java.lang.InterruptedException: sleep interrupted
2019-10-20 18:18:54,613 [Thread-2880] INFO  impl.FollowerState (FollowerState.java:run(108)) - b75f8b2e-6273-4c97-b7c5-042674931d23@group-F11756C8BA4A-FollowerState: change to CANDIDATE, lastRpcTime:158ms, electionTimeout:158ms
2019-10-20 18:18:54,613 [Thread-2880] INFO  impl.RoleInfo (RoleInfo.java:shutdownFollowerState(121)) - b75f8b2e-6273-4c97-b7c5-042674931d23: shutdown FollowerState
2019-10-20 18:18:54,613 [Thread-2880] INFO  impl.RaftServerImpl (RaftServerImpl.java:setRole(184)) - b75f8b2e-6273-4c97-b7c5-042674931d23@group-F11756C8BA4A: changes role from  FOLLOWER to CANDIDATE at term 200 for changeToCandidate
2019-10-20 18:18:54,613 [Thread-2880] INFO  impl.RoleInfo (RoleInfo.java:updateAndGet(143)) - b75f8b2e-6273-4c97-b7c5-042674931d23: start LeaderElection
2019-10-20 18:18:54,623 [399079f7-1eb1-4f37-b003-267572525934@group-D40A05E2FCF9-LeaderElection356] INFO  impl.LeaderElection (LeaderElection.java:logAndReturn(56)) - 399079f7-1eb1-4f37-b003-267572525934@group-D40A05E2FCF9-LeaderElection356: Election REJECTED; received 2 response(s) [399079f7-1eb1-4f37-b003-267572525934<-7a43c46a-fc88-4b2d-b2da-ae029cfa60ff#0:FAIL-t200, 399079f7-1eb1-4f37-b003-267572525934<-6c5c38af-62e6-4ea7-a24a-078dcb28fb39#0:FAIL-t200] and 0 exception(s); 399079f7-1eb1-4f37-b003-267572525934@group-D40A05E2FCF9:t200, leader=null, voted=399079f7-1eb1-4f37-b003-267572525934, raftlog=399079f7-1eb1-4f37-b003-267572525934@group-D40A05E2FCF9-SegmentedRaftLog:OPENED:c-1,f-1,i0, conf=-1: [399079f7-1eb1-4f37-b003-267572525934:192.168.164.241:37762, 7a43c46a-fc88-4b2d-b2da-ae029cfa60ff:192.168.164.241:43684, 6c5c38af-62e6-4ea7-a24a-078dcb28fb39:192.168.164.241:45428], old=null
2019-10-20 18:18:54,623 [399079f7-1eb1-4f37-b003-267572525934@group-D40A05E2FCF9-LeaderElection356] INFO  impl.RaftServerImpl (RaftServerImpl.java:setRole(184)) - 399079f7-1eb1-4f37-b003-267572525934@group-D40A05E2FCF9: changes role from CANDIDATE to FOLLOWER at term 200 for DISCOVERED_A_NEW_TERM
2019-10-20 18:18:54,623 [399079f7-1eb1-4f37-b003-267572525934@group-D40A05E2FCF9-LeaderElection356] INFO  impl.RoleInfo (RoleInfo.java:shutdownLeaderElection(134)) - 399079f7-1eb1-4f37-b003-267572525934: shutdown LeaderElection
2019-10-20 18:18:54,623 [399079f7-1eb1-4f37-b003-267572525934@group-D40A05E2FCF9-LeaderElection356] INFO  impl.RoleInfo (RoleInfo.java:updateAndGet(143)) - 399079f7-1eb1-4f37-b003-267572525934: start FollowerState
2019-10-20 18:18:54,639 [b75f8b2e-6273-4c97-b7c5-042674931d23@group-F11756C8BA4A-LeaderElection357] INFO  impl.LeaderElection (LeaderElection.java:askForVotes(178)) - b75f8b2e-6273-4c97-b7c5-042674931d23@group-F11756C8BA4A-LeaderElection357: begin an election at term 201 for -1: [6ef27e9c-8ddb-4fa1-8c14-ab102acfb1b8:192.168.164.241:38092, b75f8b2e-6273-4c97-b7c5-042674931d23:192.168.164.241:41857, 3750b3a2-715b-46b3-9d0c-9e38136244b9:192.168.164.241:46227], old=null
2019-10-20 18:18:54,640 [b75f8b2e-6273-4c97-b7c5-042674931d23@group-F11756C8BA4A-LeaderElection357] INFO  impl.LeaderElection (LogUtils.java:infoOrTrace(149)) - b75f8b2e-6273-4c97-b7c5-042674931d23@group-F11756C8BA4A-LeaderElection357 got exception when requesting votes: {}
java.util.concurrent.ExecutionException: org.apache.ratis.thirdparty.io.grpc.StatusRuntimeException: UNAVAILABLE: io exception
	at java.util.concurrent.FutureTask.report(FutureTask.java:122)
	at java.util.concurrent.FutureTask.get(FutureTask.java:192)
	at org.apache.ratis.server.impl.LeaderElection.waitForResults(LeaderElection.java:259)
	at org.apache.ratis.server.impl.LeaderElection.askForVotes(LeaderElection.java:197)
	at org.apache.ratis.server.impl.LeaderElection.run(LeaderElection.java:133)
	at java.lang.Thread.run(Thread.java:748)
Caused by: org.apache.ratis.thirdparty.io.grpc.StatusRuntimeException: UNAVAILABLE: io exception
	at org.apache.ratis.thirdparty.io.grpc.stub.ClientCalls.toStatusRuntimeException(ClientCalls.java:233)
	at org.apache.ratis.thirdparty.io.grpc.stub.ClientCalls.getUnchecked(ClientCalls.java:214)
	at org.apache.ratis.thirdparty.io.grpc.stub.ClientCalls.blockingUnaryCall(ClientCalls.java:139)
	at org.apache.ratis.proto.grpc.RaftServerProtocolServiceGrpc$RaftServerProtocolServiceBlockingStub.requestVote(RaftServerProtocolServiceGrpc.java:265)
	at org.apache.ratis.grpc.server.GrpcServerProtocolClient.requestVote(GrpcServerProtocolClient.java:99)
	at org.apache.ratis.grpc.server.GrpcService.requestVote(GrpcService.java:204)
	at org.apache.ratis.server.impl.LeaderElection.lambda$submitRequests$1(LeaderElection.java:234)
	at java.util.concurrent.FutureTask.run(FutureTask.java:266)
	at java.util.concurrent.Executors$RunnableAdapter.call(Executors.java:511)
	at java.util.concurrent.FutureTask.run(FutureTask.java:266)
	at java.util.concurrent.ThreadPoolExecutor.runWorker(ThreadPoolExecutor.java:1149)
	at java.util.concurrent.ThreadPoolExecutor$Worker.run(ThreadPoolExecutor.java:624)
	... 1 more
Caused by: org.apache.ratis.thirdparty.io.netty.channel.AbstractChannel$AnnotatedConnectException: Connection refused: /192.168.164.241:46227
	at sun.nio.ch.SocketChannelImpl.checkConnect(Native Method)
	at sun.nio.ch.SocketChannelImpl.finishConnect(SocketChannelImpl.java:717)
	at org.apache.ratis.thirdparty.io.netty.channel.socket.nio.NioSocketChannel.doFinishConnect(NioSocketChannel.java:327)
	at org.apache.ratis.thirdparty.io.netty.channel.nio.AbstractNioChannel$AbstractNioUnsafe.finishConnect(AbstractNioChannel.java:340)
	at org.apache.ratis.thirdparty.io.netty.channel.nio.NioEventLoop.processSelectedKey(NioEventLoop.java:632)
	at org.apache.ratis.thirdparty.io.netty.channel.nio.NioEventLoop.processSelectedKeysOptimized(NioEventLoop.java:579)
	at org.apache.ratis.thirdparty.io.netty.channel.nio.NioEventLoop.processSelectedKeys(NioEventLoop.java:496)
	at org.apache.ratis.thirdparty.io.netty.channel.nio.NioEventLoop.run(NioEventLoop.java:458)
	at org.apache.ratis.thirdparty.io.netty.util.concurrent.SingleThreadEventExecutor$5.run(SingleThreadEventExecutor.java:897)
	at org.apache.ratis.thirdparty.io.netty.util.concurrent.FastThreadLocalRunnable.run(FastThreadLocalRunnable.java:30)
	... 1 more
Caused by: java.net.ConnectException: Connection refused
	... 11 more
2019-10-20 18:18:54,643 [grpc-default-executor-10] INFO  impl.RaftServerImpl (RaftServerImpl.java:setRole(184)) - 6ef27e9c-8ddb-4fa1-8c14-ab102acfb1b8@group-F11756C8BA4A: changes role from  FOLLOWER to FOLLOWER at term 201 for recognizeCandidate:b75f8b2e-6273-4c97-b7c5-042674931d23
2019-10-20 18:18:54,644 [grpc-default-executor-10] INFO  impl.RoleInfo (RoleInfo.java:shutdownFollowerState(121)) - 6ef27e9c-8ddb-4fa1-8c14-ab102acfb1b8: shutdown FollowerState
2019-10-20 18:18:54,644 [grpc-default-executor-10] INFO  impl.RoleInfo (RoleInfo.java:updateAndGet(143)) - 6ef27e9c-8ddb-4fa1-8c14-ab102acfb1b8: start FollowerState
2019-10-20 18:18:54,644 [Thread-2879] INFO  impl.FollowerState (FollowerState.java:run(117)) - 6ef27e9c-8ddb-4fa1-8c14-ab102acfb1b8@group-F11756C8BA4A-FollowerState was interrupted: java.lang.InterruptedException: sleep interrupted
2019-10-20 18:18:54,674 [b75f8b2e-6273-4c97-b7c5-042674931d23@group-F11756C8BA4A-LeaderElection357] INFO  impl.LeaderElection (LeaderElection.java:logAndReturn(56)) - b75f8b2e-6273-4c97-b7c5-042674931d23@group-F11756C8BA4A-LeaderElection357: Election REJECTED; received 1 response(s) [b75f8b2e-6273-4c97-b7c5-042674931d23<-6ef27e9c-8ddb-4fa1-8c14-ab102acfb1b8#0:FAIL-t201] and 1 exception(s); b75f8b2e-6273-4c97-b7c5-042674931d23@group-F11756C8BA4A:t201, leader=null, voted=b75f8b2e-6273-4c97-b7c5-042674931d23, raftlog=b75f8b2e-6273-4c97-b7c5-042674931d23@group-F11756C8BA4A-SegmentedRaftLog:OPENED:c-1,f-1,i0, conf=-1: [6ef27e9c-8ddb-4fa1-8c14-ab102acfb1b8:192.168.164.241:38092, b75f8b2e-6273-4c97-b7c5-042674931d23:192.168.164.241:41857, 3750b3a2-715b-46b3-9d0c-9e38136244b9:192.168.164.241:46227], old=null
2019-10-20 18:18:54,675 [b75f8b2e-6273-4c97-b7c5-042674931d23@group-F11756C8BA4A-LeaderElection357] INFO  impl.LeaderElection (LogUtils.java:infoOrTrace(149)) -   Exception 0: {}
java.util.concurrent.ExecutionException: org.apache.ratis.thirdparty.io.grpc.StatusRuntimeException: UNAVAILABLE: io exception
	at java.util.concurrent.FutureTask.report(FutureTask.java:122)
	at java.util.concurrent.FutureTask.get(FutureTask.java:192)
	at org.apache.ratis.server.impl.LeaderElection.waitForResults(LeaderElection.java:259)
	at org.apache.ratis.server.impl.LeaderElection.askForVotes(LeaderElection.java:197)
	at org.apache.ratis.server.impl.LeaderElection.run(LeaderElection.java:133)
	at java.lang.Thread.run(Thread.java:748)
Caused by: org.apache.ratis.thirdparty.io.grpc.StatusRuntimeException: UNAVAILABLE: io exception
	at org.apache.ratis.thirdparty.io.grpc.stub.ClientCalls.toStatusRuntimeException(ClientCalls.java:233)
	at org.apache.ratis.thirdparty.io.grpc.stub.ClientCalls.getUnchecked(ClientCalls.java:214)
	at org.apache.ratis.thirdparty.io.grpc.stub.ClientCalls.blockingUnaryCall(ClientCalls.java:139)
	at org.apache.ratis.proto.grpc.RaftServerProtocolServiceGrpc$RaftServerProtocolServiceBlockingStub.requestVote(RaftServerProtocolServiceGrpc.java:265)
	at org.apache.ratis.grpc.server.GrpcServerProtocolClient.requestVote(GrpcServerProtocolClient.java:99)
	at org.apache.ratis.grpc.server.GrpcService.requestVote(GrpcService.java:204)
	at org.apache.ratis.server.impl.LeaderElection.lambda$submitRequests$1(LeaderElection.java:234)
	at java.util.concurrent.FutureTask.run(FutureTask.java:266)
	at java.util.concurrent.Executors$RunnableAdapter.call(Executors.java:511)
	at java.util.concurrent.FutureTask.run(FutureTask.java:266)
	at java.util.concurrent.ThreadPoolExecutor.runWorker(ThreadPoolExecutor.java:1149)
	at java.util.concurrent.ThreadPoolExecutor$Worker.run(ThreadPoolExecutor.java:624)
	... 1 more
Caused by: org.apache.ratis.thirdparty.io.netty.channel.AbstractChannel$AnnotatedConnectException: Connection refused: /192.168.164.241:46227
	at sun.nio.ch.SocketChannelImpl.checkConnect(Native Method)
	at sun.nio.ch.SocketChannelImpl.finishConnect(SocketChannelImpl.java:717)
	at org.apache.ratis.thirdparty.io.netty.channel.socket.nio.NioSocketChannel.doFinishConnect(NioSocketChannel.java:327)
	at org.apache.ratis.thirdparty.io.netty.channel.nio.AbstractNioChannel$AbstractNioUnsafe.finishConnect(AbstractNioChannel.java:340)
	at org.apache.ratis.thirdparty.io.netty.channel.nio.NioEventLoop.processSelectedKey(NioEventLoop.java:632)
	at org.apache.ratis.thirdparty.io.netty.channel.nio.NioEventLoop.processSelectedKeysOptimized(NioEventLoop.java:579)
	at org.apache.ratis.thirdparty.io.netty.channel.nio.NioEventLoop.processSelectedKeys(NioEventLoop.java:496)
	at org.apache.ratis.thirdparty.io.netty.channel.nio.NioEventLoop.run(NioEventLoop.java:458)
	at org.apache.ratis.thirdparty.io.netty.util.concurrent.SingleThreadEventExecutor$5.run(SingleThreadEventExecutor.java:897)
	at org.apache.ratis.thirdparty.io.netty.util.concurrent.FastThreadLocalRunnable.run(FastThreadLocalRunnable.java:30)
	... 1 more
Caused by: java.net.ConnectException: Connection refused
	... 11 more
2019-10-20 18:18:54,675 [b75f8b2e-6273-4c97-b7c5-042674931d23@group-F11756C8BA4A-LeaderElection357] INFO  impl.RaftServerImpl (RaftServerImpl.java:setRole(184)) - b75f8b2e-6273-4c97-b7c5-042674931d23@group-F11756C8BA4A: changes role from CANDIDATE to FOLLOWER at term 201 for DISCOVERED_A_NEW_TERM
2019-10-20 18:18:54,675 [b75f8b2e-6273-4c97-b7c5-042674931d23@group-F11756C8BA4A-LeaderElection357] INFO  impl.RoleInfo (RoleInfo.java:shutdownLeaderElection(134)) - b75f8b2e-6273-4c97-b7c5-042674931d23: shutdown LeaderElection
2019-10-20 18:18:54,675 [b75f8b2e-6273-4c97-b7c5-042674931d23@group-F11756C8BA4A-LeaderElection357] INFO  impl.RoleInfo (RoleInfo.java:updateAndGet(143)) - b75f8b2e-6273-4c97-b7c5-042674931d23: start FollowerState
2019-10-20 18:18:54,805 [Thread-2891] INFO  impl.FollowerState (FollowerState.java:run(108)) - 399079f7-1eb1-4f37-b003-267572525934@group-D40A05E2FCF9-FollowerState: change to CANDIDATE, lastRpcTime:181ms, electionTimeout:181ms
2019-10-20 18:18:54,805 [Thread-2891] INFO  impl.RoleInfo (RoleInfo.java:shutdownFollowerState(121)) - 399079f7-1eb1-4f37-b003-267572525934: shutdown FollowerState
2019-10-20 18:18:54,806 [Thread-2891] INFO  impl.RaftServerImpl (RaftServerImpl.java:setRole(184)) - 399079f7-1eb1-4f37-b003-267572525934@group-D40A05E2FCF9: changes role from  FOLLOWER to CANDIDATE at term 200 for changeToCandidate
2019-10-20 18:18:54,806 [Thread-2891] INFO  impl.RoleInfo (RoleInfo.java:updateAndGet(143)) - 399079f7-1eb1-4f37-b003-267572525934: start LeaderElection
2019-10-20 18:18:54,833 [399079f7-1eb1-4f37-b003-267572525934@group-D40A05E2FCF9-LeaderElection358] INFO  impl.LeaderElection (LeaderElection.java:askForVotes(178)) - 399079f7-1eb1-4f37-b003-267572525934@group-D40A05E2FCF9-LeaderElection358: begin an election at term 201 for -1: [399079f7-1eb1-4f37-b003-267572525934:192.168.164.241:37762, 7a43c46a-fc88-4b2d-b2da-ae029cfa60ff:192.168.164.241:43684, 6c5c38af-62e6-4ea7-a24a-078dcb28fb39:192.168.164.241:45428], old=null
2019-10-20 18:18:54,835 [grpc-default-executor-10] INFO  impl.RaftServerImpl (RaftServerImpl.java:setRole(184)) - 6c5c38af-62e6-4ea7-a24a-078dcb28fb39@group-D40A05E2FCF9: changes role from  FOLLOWER to FOLLOWER at term 201 for recognizeCandidate:399079f7-1eb1-4f37-b003-267572525934
2019-10-20 18:18:54,835 [grpc-default-executor-4] INFO  impl.RaftServerImpl (RaftServerImpl.java:setRole(184)) - 7a43c46a-fc88-4b2d-b2da-ae029cfa60ff@group-D40A05E2FCF9: changes role from  FOLLOWER to FOLLOWER at term 201 for recognizeCandidate:399079f7-1eb1-4f37-b003-267572525934
2019-10-20 18:18:54,835 [grpc-default-executor-10] INFO  impl.RoleInfo (RoleInfo.java:shutdownFollowerState(121)) - 6c5c38af-62e6-4ea7-a24a-078dcb28fb39: shutdown FollowerState
2019-10-20 18:18:54,835 [grpc-default-executor-4] INFO  impl.RoleInfo (RoleInfo.java:shutdownFollowerState(121)) - 7a43c46a-fc88-4b2d-b2da-ae029cfa60ff: shutdown FollowerState
2019-10-20 18:18:54,835 [grpc-default-executor-10] INFO  impl.RoleInfo (RoleInfo.java:updateAndGet(143)) - 6c5c38af-62e6-4ea7-a24a-078dcb28fb39: start FollowerState
2019-10-20 18:18:54,835 [grpc-default-executor-4] INFO  impl.RoleInfo (RoleInfo.java:updateAndGet(143)) - 7a43c46a-fc88-4b2d-b2da-ae029cfa60ff: start FollowerState
2019-10-20 18:18:54,835 [Thread-2888] INFO  impl.FollowerState (FollowerState.java:run(117)) - 6c5c38af-62e6-4ea7-a24a-078dcb28fb39@group-D40A05E2FCF9-FollowerState was interrupted: java.lang.InterruptedException: sleep interrupted
2019-10-20 18:18:54,835 [Thread-2889] INFO  impl.FollowerState (FollowerState.java:run(117)) - 7a43c46a-fc88-4b2d-b2da-ae029cfa60ff@group-D40A05E2FCF9-FollowerState was interrupted: java.lang.InterruptedException: sleep interrupted
2019-10-20 18:18:54,859 [399079f7-1eb1-4f37-b003-267572525934@group-D40A05E2FCF9-LeaderElection358] INFO  impl.LeaderElection (LeaderElection.java:logAndReturn(56)) - 399079f7-1eb1-4f37-b003-267572525934@group-D40A05E2FCF9-LeaderElection358: Election REJECTED; received 2 response(s) [399079f7-1eb1-4f37-b003-267572525934<-7a43c46a-fc88-4b2d-b2da-ae029cfa60ff#0:FAIL-t201, 399079f7-1eb1-4f37-b003-267572525934<-6c5c38af-62e6-4ea7-a24a-078dcb28fb39#0:FAIL-t201] and 0 exception(s); 399079f7-1eb1-4f37-b003-267572525934@group-D40A05E2FCF9:t201, leader=null, voted=399079f7-1eb1-4f37-b003-267572525934, raftlog=399079f7-1eb1-4f37-b003-267572525934@group-D40A05E2FCF9-SegmentedRaftLog:OPENED:c-1,f-1,i0, conf=-1: [399079f7-1eb1-4f37-b003-267572525934:192.168.164.241:37762, 7a43c46a-fc88-4b2d-b2da-ae029cfa60ff:192.168.164.241:43684, 6c5c38af-62e6-4ea7-a24a-078dcb28fb39:192.168.164.241:45428], old=null
2019-10-20 18:18:54,859 [399079f7-1eb1-4f37-b003-267572525934@group-D40A05E2FCF9-LeaderElection358] INFO  impl.RaftServerImpl (RaftServerImpl.java:setRole(184)) - 399079f7-1eb1-4f37-b003-267572525934@group-D40A05E2FCF9: changes role from CANDIDATE to FOLLOWER at term 201 for DISCOVERED_A_NEW_TERM
2019-10-20 18:18:54,859 [399079f7-1eb1-4f37-b003-267572525934@group-D40A05E2FCF9-LeaderElection358] INFO  impl.RoleInfo (RoleInfo.java:shutdownLeaderElection(134)) - 399079f7-1eb1-4f37-b003-267572525934: shutdown LeaderElection
2019-10-20 18:18:54,859 [399079f7-1eb1-4f37-b003-267572525934@group-D40A05E2FCF9-LeaderElection358] INFO  impl.RoleInfo (RoleInfo.java:updateAndGet(143)) - 399079f7-1eb1-4f37-b003-267572525934: start FollowerState
2019-10-20 18:18:54,874 [Thread-2902] INFO  impl.FollowerState (FollowerState.java:run(108)) - 399079f7-1eb1-4f37-b003-267572525934@group-D40A05E2FCF9-FollowerState: change to CANDIDATE, lastRpcTime:14ms, electionTimeout:14ms
2019-10-20 18:18:54,874 [Thread-2902] INFO  impl.RoleInfo (RoleInfo.java:shutdownFollowerState(121)) - 399079f7-1eb1-4f37-b003-267572525934: shutdown FollowerState
2019-10-20 18:18:54,874 [Thread-2902] INFO  impl.RaftServerImpl (RaftServerImpl.java:setRole(184)) - 399079f7-1eb1-4f37-b003-267572525934@group-D40A05E2FCF9: changes role from  FOLLOWER to CANDIDATE at term 201 for changeToCandidate
2019-10-20 18:18:54,874 [Thread-2902] INFO  impl.RoleInfo (RoleInfo.java:updateAndGet(143)) - 399079f7-1eb1-4f37-b003-267572525934: start LeaderElection
2019-10-20 18:18:54,874 [Thread-2895] INFO  impl.FollowerState (FollowerState.java:run(108)) - b75f8b2e-6273-4c97-b7c5-042674931d23@group-F11756C8BA4A-FollowerState: change to CANDIDATE, lastRpcTime:199ms, electionTimeout:199ms
2019-10-20 18:18:54,875 [Thread-2895] INFO  impl.RoleInfo (RoleInfo.java:shutdownFollowerState(121)) - b75f8b2e-6273-4c97-b7c5-042674931d23: shutdown FollowerState
2019-10-20 18:18:54,875 [Thread-2895] INFO  impl.RaftServerImpl (RaftServerImpl.java:setRole(184)) - b75f8b2e-6273-4c97-b7c5-042674931d23@group-F11756C8BA4A: changes role from  FOLLOWER to CANDIDATE at term 201 for changeToCandidate
2019-10-20 18:18:54,875 [Thread-2895] INFO  impl.RoleInfo (RoleInfo.java:updateAndGet(143)) - b75f8b2e-6273-4c97-b7c5-042674931d23: start LeaderElection
2019-10-20 18:18:54,900 [b75f8b2e-6273-4c97-b7c5-042674931d23@group-F11756C8BA4A-LeaderElection360] INFO  impl.LeaderElection (LeaderElection.java:askForVotes(178)) - b75f8b2e-6273-4c97-b7c5-042674931d23@group-F11756C8BA4A-LeaderElection360: begin an election at term 202 for -1: [6ef27e9c-8ddb-4fa1-8c14-ab102acfb1b8:192.168.164.241:38092, b75f8b2e-6273-4c97-b7c5-042674931d23:192.168.164.241:41857, 3750b3a2-715b-46b3-9d0c-9e38136244b9:192.168.164.241:46227], old=null
2019-10-20 18:18:54,901 [399079f7-1eb1-4f37-b003-267572525934@group-D40A05E2FCF9-LeaderElection359] INFO  impl.LeaderElection (LeaderElection.java:askForVotes(178)) - 399079f7-1eb1-4f37-b003-267572525934@group-D40A05E2FCF9-LeaderElection359: begin an election at term 202 for -1: [399079f7-1eb1-4f37-b003-267572525934:192.168.164.241:37762, 7a43c46a-fc88-4b2d-b2da-ae029cfa60ff:192.168.164.241:43684, 6c5c38af-62e6-4ea7-a24a-078dcb28fb39:192.168.164.241:45428], old=null
2019-10-20 18:18:54,902 [b75f8b2e-6273-4c97-b7c5-042674931d23@group-F11756C8BA4A-LeaderElection360] INFO  impl.LeaderElection (LogUtils.java:infoOrTrace(149)) - b75f8b2e-6273-4c97-b7c5-042674931d23@group-F11756C8BA4A-LeaderElection360 got exception when requesting votes: {}
java.util.concurrent.ExecutionException: org.apache.ratis.thirdparty.io.grpc.StatusRuntimeException: UNAVAILABLE: io exception
	at java.util.concurrent.FutureTask.report(FutureTask.java:122)
	at java.util.concurrent.FutureTask.get(FutureTask.java:192)
	at org.apache.ratis.server.impl.LeaderElection.waitForResults(LeaderElection.java:259)
	at org.apache.ratis.server.impl.LeaderElection.askForVotes(LeaderElection.java:197)
	at org.apache.ratis.server.impl.LeaderElection.run(LeaderElection.java:133)
	at java.lang.Thread.run(Thread.java:748)
Caused by: org.apache.ratis.thirdparty.io.grpc.StatusRuntimeException: UNAVAILABLE: io exception
	at org.apache.ratis.thirdparty.io.grpc.stub.ClientCalls.toStatusRuntimeException(ClientCalls.java:233)
	at org.apache.ratis.thirdparty.io.grpc.stub.ClientCalls.getUnchecked(ClientCalls.java:214)
	at org.apache.ratis.thirdparty.io.grpc.stub.ClientCalls.blockingUnaryCall(ClientCalls.java:139)
	at org.apache.ratis.proto.grpc.RaftServerProtocolServiceGrpc$RaftServerProtocolServiceBlockingStub.requestVote(RaftServerProtocolServiceGrpc.java:265)
	at org.apache.ratis.grpc.server.GrpcServerProtocolClient.requestVote(GrpcServerProtocolClient.java:99)
	at org.apache.ratis.grpc.server.GrpcService.requestVote(GrpcService.java:204)
	at org.apache.ratis.server.impl.LeaderElection.lambda$submitRequests$1(LeaderElection.java:234)
	at java.util.concurrent.FutureTask.run(FutureTask.java:266)
	at java.util.concurrent.Executors$RunnableAdapter.call(Executors.java:511)
	at java.util.concurrent.FutureTask.run(FutureTask.java:266)
	at java.util.concurrent.ThreadPoolExecutor.runWorker(ThreadPoolExecutor.java:1149)
	at java.util.concurrent.ThreadPoolExecutor$Worker.run(ThreadPoolExecutor.java:624)
	... 1 more
Caused by: org.apache.ratis.thirdparty.io.netty.channel.AbstractChannel$AnnotatedConnectException: Connection refused: /192.168.164.241:46227
	at sun.nio.ch.SocketChannelImpl.checkConnect(Native Method)
	at sun.nio.ch.SocketChannelImpl.finishConnect(SocketChannelImpl.java:717)
	at org.apache.ratis.thirdparty.io.netty.channel.socket.nio.NioSocketChannel.doFinishConnect(NioSocketChannel.java:327)
	at org.apache.ratis.thirdparty.io.netty.channel.nio.AbstractNioChannel$AbstractNioUnsafe.finishConnect(AbstractNioChannel.java:340)
	at org.apache.ratis.thirdparty.io.netty.channel.nio.NioEventLoop.processSelectedKey(NioEventLoop.java:632)
	at org.apache.ratis.thirdparty.io.netty.channel.nio.NioEventLoop.processSelectedKeysOptimized(NioEventLoop.java:579)
	at org.apache.ratis.thirdparty.io.netty.channel.nio.NioEventLoop.processSelectedKeys(NioEventLoop.java:496)
	at org.apache.ratis.thirdparty.io.netty.channel.nio.NioEventLoop.run(NioEventLoop.java:458)
	at org.apache.ratis.thirdparty.io.netty.util.concurrent.SingleThreadEventExecutor$5.run(SingleThreadEventExecutor.java:897)
	at org.apache.ratis.thirdparty.io.netty.util.concurrent.FastThreadLocalRunnable.run(FastThreadLocalRunnable.java:30)
	... 1 more
Caused by: java.net.ConnectException: Connection refused
	... 11 more
2019-10-20 18:18:54,902 [grpc-default-executor-10] INFO  impl.RaftServerImpl (RaftServerImpl.java:setRole(184)) - 6ef27e9c-8ddb-4fa1-8c14-ab102acfb1b8@group-F11756C8BA4A: changes role from  FOLLOWER to FOLLOWER at term 202 for recognizeCandidate:b75f8b2e-6273-4c97-b7c5-042674931d23
2019-10-20 18:18:54,902 [grpc-default-executor-4] INFO  impl.RaftServerImpl (RaftServerImpl.java:setRole(184)) - 7a43c46a-fc88-4b2d-b2da-ae029cfa60ff@group-D40A05E2FCF9: changes role from  FOLLOWER to FOLLOWER at term 202 for recognizeCandidate:399079f7-1eb1-4f37-b003-267572525934
2019-10-20 18:18:54,905 [grpc-default-executor-4] INFO  impl.RoleInfo (RoleInfo.java:shutdownFollowerState(121)) - 7a43c46a-fc88-4b2d-b2da-ae029cfa60ff: shutdown FollowerState
2019-10-20 18:18:54,905 [grpc-default-executor-10] INFO  impl.RoleInfo (RoleInfo.java:shutdownFollowerState(121)) - 6ef27e9c-8ddb-4fa1-8c14-ab102acfb1b8: shutdown FollowerState
2019-10-20 18:18:54,905 [Thread-2901] INFO  impl.FollowerState (FollowerState.java:run(117)) - 7a43c46a-fc88-4b2d-b2da-ae029cfa60ff@group-D40A05E2FCF9-FollowerState was interrupted: java.lang.InterruptedException: sleep interrupted
2019-10-20 18:18:54,905 [grpc-default-executor-4] INFO  impl.RoleInfo (RoleInfo.java:updateAndGet(143)) - 7a43c46a-fc88-4b2d-b2da-ae029cfa60ff: start FollowerState
2019-10-20 18:18:54,905 [grpc-default-executor-10] INFO  impl.RoleInfo (RoleInfo.java:updateAndGet(143)) - 6ef27e9c-8ddb-4fa1-8c14-ab102acfb1b8: start FollowerState
2019-10-20 18:18:54,905 [Thread-2894] INFO  impl.FollowerState (FollowerState.java:run(117)) - 6ef27e9c-8ddb-4fa1-8c14-ab102acfb1b8@group-F11756C8BA4A-FollowerState was interrupted: java.lang.InterruptedException: sleep interrupted
2019-10-20 18:18:54,905 [grpc-default-executor-7] INFO  impl.RaftServerImpl (RaftServerImpl.java:setRole(184)) - 6c5c38af-62e6-4ea7-a24a-078dcb28fb39@group-D40A05E2FCF9: changes role from  FOLLOWER to FOLLOWER at term 202 for recognizeCandidate:399079f7-1eb1-4f37-b003-267572525934
2019-10-20 18:18:54,906 [grpc-default-executor-7] INFO  impl.RoleInfo (RoleInfo.java:shutdownFollowerState(121)) - 6c5c38af-62e6-4ea7-a24a-078dcb28fb39: shutdown FollowerState
2019-10-20 18:18:54,906 [grpc-default-executor-7] INFO  impl.RoleInfo (RoleInfo.java:updateAndGet(143)) - 6c5c38af-62e6-4ea7-a24a-078dcb28fb39: start FollowerState
2019-10-20 18:18:54,906 [Thread-2900] INFO  impl.FollowerState (FollowerState.java:run(117)) - 6c5c38af-62e6-4ea7-a24a-078dcb28fb39@group-D40A05E2FCF9-FollowerState was interrupted: java.lang.InterruptedException: sleep interrupted
2019-10-20 18:18:54,944 [399079f7-1eb1-4f37-b003-267572525934@group-D40A05E2FCF9-LeaderElection359] INFO  impl.LeaderElection (LeaderElection.java:logAndReturn(56)) - 399079f7-1eb1-4f37-b003-267572525934@group-D40A05E2FCF9-LeaderElection359: Election REJECTED; received 2 response(s) [399079f7-1eb1-4f37-b003-267572525934<-7a43c46a-fc88-4b2d-b2da-ae029cfa60ff#0:FAIL-t202, 399079f7-1eb1-4f37-b003-267572525934<-6c5c38af-62e6-4ea7-a24a-078dcb28fb39#0:FAIL-t202] and 0 exception(s); 399079f7-1eb1-4f37-b003-267572525934@group-D40A05E2FCF9:t202, leader=null, voted=399079f7-1eb1-4f37-b003-267572525934, raftlog=399079f7-1eb1-4f37-b003-267572525934@group-D40A05E2FCF9-SegmentedRaftLog:OPENED:c-1,f-1,i0, conf=-1: [399079f7-1eb1-4f37-b003-267572525934:192.168.164.241:37762, 7a43c46a-fc88-4b2d-b2da-ae029cfa60ff:192.168.164.241:43684, 6c5c38af-62e6-4ea7-a24a-078dcb28fb39:192.168.164.241:45428], old=null
2019-10-20 18:18:54,944 [b75f8b2e-6273-4c97-b7c5-042674931d23@group-F11756C8BA4A-LeaderElection360] INFO  impl.LeaderElection (LeaderElection.java:logAndReturn(56)) - b75f8b2e-6273-4c97-b7c5-042674931d23@group-F11756C8BA4A-LeaderElection360: Election REJECTED; received 1 response(s) [b75f8b2e-6273-4c97-b7c5-042674931d23<-6ef27e9c-8ddb-4fa1-8c14-ab102acfb1b8#0:FAIL-t202] and 1 exception(s); b75f8b2e-6273-4c97-b7c5-042674931d23@group-F11756C8BA4A:t202, leader=null, voted=b75f8b2e-6273-4c97-b7c5-042674931d23, raftlog=b75f8b2e-6273-4c97-b7c5-042674931d23@group-F11756C8BA4A-SegmentedRaftLog:OPENED:c-1,f-1,i0, conf=-1: [6ef27e9c-8ddb-4fa1-8c14-ab102acfb1b8:192.168.164.241:38092, b75f8b2e-6273-4c97-b7c5-042674931d23:192.168.164.241:41857, 3750b3a2-715b-46b3-9d0c-9e38136244b9:192.168.164.241:46227], old=null
2019-10-20 18:18:54,944 [399079f7-1eb1-4f37-b003-267572525934@group-D40A05E2FCF9-LeaderElection359] INFO  impl.RaftServerImpl (RaftServerImpl.java:setRole(184)) - 399079f7-1eb1-4f37-b003-267572525934@group-D40A05E2FCF9: changes role from CANDIDATE to FOLLOWER at term 202 for DISCOVERED_A_NEW_TERM
2019-10-20 18:18:54,944 [b75f8b2e-6273-4c97-b7c5-042674931d23@group-F11756C8BA4A-LeaderElection360] INFO  impl.LeaderElection (LogUtils.java:infoOrTrace(149)) -   Exception 0: {}
java.util.concurrent.ExecutionException: org.apache.ratis.thirdparty.io.grpc.StatusRuntimeException: UNAVAILABLE: io exception
	at java.util.concurrent.FutureTask.report(FutureTask.java:122)
	at java.util.concurrent.FutureTask.get(FutureTask.java:192)
	at org.apache.ratis.server.impl.LeaderElection.waitForResults(LeaderElection.java:259)
	at org.apache.ratis.server.impl.LeaderElection.askForVotes(LeaderElection.java:197)
	at org.apache.ratis.server.impl.LeaderElection.run(LeaderElection.java:133)
	at java.lang.Thread.run(Thread.java:748)
Caused by: org.apache.ratis.thirdparty.io.grpc.StatusRuntimeException: UNAVAILABLE: io exception
	at org.apache.ratis.thirdparty.io.grpc.stub.ClientCalls.toStatusRuntimeException(ClientCalls.java:233)
	at org.apache.ratis.thirdparty.io.grpc.stub.ClientCalls.getUnchecked(ClientCalls.java:214)
	at org.apache.ratis.thirdparty.io.grpc.stub.ClientCalls.blockingUnaryCall(ClientCalls.java:139)
	at org.apache.ratis.proto.grpc.RaftServerProtocolServiceGrpc$RaftServerProtocolServiceBlockingStub.requestVote(RaftServerProtocolServiceGrpc.java:265)
	at org.apache.ratis.grpc.server.GrpcServerProtocolClient.requestVote(GrpcServerProtocolClient.java:99)
	at org.apache.ratis.grpc.server.GrpcService.requestVote(GrpcService.java:204)
	at org.apache.ratis.server.impl.LeaderElection.lambda$submitRequests$1(LeaderElection.java:234)
	at java.util.concurrent.FutureTask.run(FutureTask.java:266)
	at java.util.concurrent.Executors$RunnableAdapter.call(Executors.java:511)
	at java.util.concurrent.FutureTask.run(FutureTask.java:266)
	at java.util.concurrent.ThreadPoolExecutor.runWorker(ThreadPoolExecutor.java:1149)
	at java.util.concurrent.ThreadPoolExecutor$Worker.run(ThreadPoolExecutor.java:624)
	... 1 more
Caused by: org.apache.ratis.thirdparty.io.netty.channel.AbstractChannel$AnnotatedConnectException: Connection refused: /192.168.164.241:46227
	at sun.nio.ch.SocketChannelImpl.checkConnect(Native Method)
	at sun.nio.ch.SocketChannelImpl.finishConnect(SocketChannelImpl.java:717)
	at org.apache.ratis.thirdparty.io.netty.channel.socket.nio.NioSocketChannel.doFinishConnect(NioSocketChannel.java:327)
	at org.apache.ratis.thirdparty.io.netty.channel.nio.AbstractNioChannel$AbstractNioUnsafe.finishConnect(AbstractNioChannel.java:340)
	at org.apache.ratis.thirdparty.io.netty.channel.nio.NioEventLoop.processSelectedKey(NioEventLoop.java:632)
	at org.apache.ratis.thirdparty.io.netty.channel.nio.NioEventLoop.processSelectedKeysOptimized(NioEventLoop.java:579)
	at org.apache.ratis.thirdparty.io.netty.channel.nio.NioEventLoop.processSelectedKeys(NioEventLoop.java:496)
	at org.apache.ratis.thirdparty.io.netty.channel.nio.NioEventLoop.run(NioEventLoop.java:458)
	at org.apache.ratis.thirdparty.io.netty.util.concurrent.SingleThreadEventExecutor$5.run(SingleThreadEventExecutor.java:897)
	at org.apache.ratis.thirdparty.io.netty.util.concurrent.FastThreadLocalRunnable.run(FastThreadLocalRunnable.java:30)
	... 1 more
Caused by: java.net.ConnectException: Connection refused
	... 11 more
2019-10-20 18:18:54,944 [399079f7-1eb1-4f37-b003-267572525934@group-D40A05E2FCF9-LeaderElection359] INFO  impl.RoleInfo (RoleInfo.java:shutdownLeaderElection(134)) - 399079f7-1eb1-4f37-b003-267572525934: shutdown LeaderElection
2019-10-20 18:18:54,945 [b75f8b2e-6273-4c97-b7c5-042674931d23@group-F11756C8BA4A-LeaderElection360] INFO  impl.RaftServerImpl (RaftServerImpl.java:setRole(184)) - b75f8b2e-6273-4c97-b7c5-042674931d23@group-F11756C8BA4A: changes role from CANDIDATE to FOLLOWER at term 202 for DISCOVERED_A_NEW_TERM
2019-10-20 18:18:54,945 [399079f7-1eb1-4f37-b003-267572525934@group-D40A05E2FCF9-LeaderElection359] INFO  impl.RoleInfo (RoleInfo.java:updateAndGet(143)) - 399079f7-1eb1-4f37-b003-267572525934: start FollowerState
2019-10-20 18:18:54,945 [b75f8b2e-6273-4c97-b7c5-042674931d23@group-F11756C8BA4A-LeaderElection360] INFO  impl.RoleInfo (RoleInfo.java:shutdownLeaderElection(134)) - b75f8b2e-6273-4c97-b7c5-042674931d23: shutdown LeaderElection
2019-10-20 18:18:54,945 [b75f8b2e-6273-4c97-b7c5-042674931d23@group-F11756C8BA4A-LeaderElection360] INFO  impl.RoleInfo (RoleInfo.java:updateAndGet(143)) - b75f8b2e-6273-4c97-b7c5-042674931d23: start FollowerState
2019-10-20 18:18:54,979 [Thread-2913] INFO  impl.FollowerState (FollowerState.java:run(108)) - b75f8b2e-6273-4c97-b7c5-042674931d23@group-F11756C8BA4A-FollowerState: change to CANDIDATE, lastRpcTime:34ms, electionTimeout:34ms
2019-10-20 18:18:54,980 [Thread-2913] INFO  impl.RoleInfo (RoleInfo.java:shutdownFollowerState(121)) - b75f8b2e-6273-4c97-b7c5-042674931d23: shutdown FollowerState
2019-10-20 18:18:54,980 [Thread-2913] INFO  impl.RaftServerImpl (RaftServerImpl.java:setRole(184)) - b75f8b2e-6273-4c97-b7c5-042674931d23@group-F11756C8BA4A: changes role from  FOLLOWER to CANDIDATE at term 202 for changeToCandidate
2019-10-20 18:18:54,980 [Thread-2913] INFO  impl.RoleInfo (RoleInfo.java:updateAndGet(143)) - b75f8b2e-6273-4c97-b7c5-042674931d23: start LeaderElection
2019-10-20 18:18:55,002 [b75f8b2e-6273-4c97-b7c5-042674931d23@group-F11756C8BA4A-LeaderElection361] INFO  impl.LeaderElection (LeaderElection.java:askForVotes(178)) - b75f8b2e-6273-4c97-b7c5-042674931d23@group-F11756C8BA4A-LeaderElection361: begin an election at term 203 for -1: [6ef27e9c-8ddb-4fa1-8c14-ab102acfb1b8:192.168.164.241:38092, b75f8b2e-6273-4c97-b7c5-042674931d23:192.168.164.241:41857, 3750b3a2-715b-46b3-9d0c-9e38136244b9:192.168.164.241:46227], old=null
2019-10-20 18:18:55,004 [b75f8b2e-6273-4c97-b7c5-042674931d23@group-F11756C8BA4A-LeaderElection361] INFO  impl.LeaderElection (LogUtils.java:infoOrTrace(149)) - b75f8b2e-6273-4c97-b7c5-042674931d23@group-F11756C8BA4A-LeaderElection361 got exception when requesting votes: {}
java.util.concurrent.ExecutionException: org.apache.ratis.thirdparty.io.grpc.StatusRuntimeException: UNAVAILABLE: io exception
	at java.util.concurrent.FutureTask.report(FutureTask.java:122)
	at java.util.concurrent.FutureTask.get(FutureTask.java:192)
	at org.apache.ratis.server.impl.LeaderElection.waitForResults(LeaderElection.java:259)
	at org.apache.ratis.server.impl.LeaderElection.askForVotes(LeaderElection.java:197)
	at org.apache.ratis.server.impl.LeaderElection.run(LeaderElection.java:133)
	at java.lang.Thread.run(Thread.java:748)
Caused by: org.apache.ratis.thirdparty.io.grpc.StatusRuntimeException: UNAVAILABLE: io exception
	at org.apache.ratis.thirdparty.io.grpc.stub.ClientCalls.toStatusRuntimeException(ClientCalls.java:233)
	at org.apache.ratis.thirdparty.io.grpc.stub.ClientCalls.getUnchecked(ClientCalls.java:214)
	at org.apache.ratis.thirdparty.io.grpc.stub.ClientCalls.blockingUnaryCall(ClientCalls.java:139)
	at org.apache.ratis.proto.grpc.RaftServerProtocolServiceGrpc$RaftServerProtocolServiceBlockingStub.requestVote(RaftServerProtocolServiceGrpc.java:265)
	at org.apache.ratis.grpc.server.GrpcServerProtocolClient.requestVote(GrpcServerProtocolClient.java:99)
	at org.apache.ratis.grpc.server.GrpcService.requestVote(GrpcService.java:204)
	at org.apache.ratis.server.impl.LeaderElection.lambda$submitRequests$1(LeaderElection.java:234)
	at java.util.concurrent.FutureTask.run(FutureTask.java:266)
	at java.util.concurrent.Executors$RunnableAdapter.call(Executors.java:511)
	at java.util.concurrent.FutureTask.run(FutureTask.java:266)
	at java.util.concurrent.ThreadPoolExecutor.runWorker(ThreadPoolExecutor.java:1149)
	at java.util.concurrent.ThreadPoolExecutor$Worker.run(ThreadPoolExecutor.java:624)
	... 1 more
Caused by: org.apache.ratis.thirdparty.io.netty.channel.AbstractChannel$AnnotatedConnectException: Connection refused: /192.168.164.241:46227
	at sun.nio.ch.SocketChannelImpl.checkConnect(Native Method)
	at sun.nio.ch.SocketChannelImpl.finishConnect(SocketChannelImpl.java:717)
	at org.apache.ratis.thirdparty.io.netty.channel.socket.nio.NioSocketChannel.doFinishConnect(NioSocketChannel.java:327)
	at org.apache.ratis.thirdparty.io.netty.channel.nio.AbstractNioChannel$AbstractNioUnsafe.finishConnect(AbstractNioChannel.java:340)
	at org.apache.ratis.thirdparty.io.netty.channel.nio.NioEventLoop.processSelectedKey(NioEventLoop.java:632)
	at org.apache.ratis.thirdparty.io.netty.channel.nio.NioEventLoop.processSelectedKeysOptimized(NioEventLoop.java:579)
	at org.apache.ratis.thirdparty.io.netty.channel.nio.NioEventLoop.processSelectedKeys(NioEventLoop.java:496)
	at org.apache.ratis.thirdparty.io.netty.channel.nio.NioEventLoop.run(NioEventLoop.java:458)
	at org.apache.ratis.thirdparty.io.netty.util.concurrent.SingleThreadEventExecutor$5.run(SingleThreadEventExecutor.java:897)
	at org.apache.ratis.thirdparty.io.netty.util.concurrent.FastThreadLocalRunnable.run(FastThreadLocalRunnable.java:30)
	... 1 more
Caused by: java.net.ConnectException: Connection refused
	... 11 more
2019-10-20 18:18:55,009 [grpc-default-executor-4] INFO  impl.RaftServerImpl (RaftServerImpl.java:setRole(184)) - 6ef27e9c-8ddb-4fa1-8c14-ab102acfb1b8@group-F11756C8BA4A: changes role from  FOLLOWER to FOLLOWER at term 203 for recognizeCandidate:b75f8b2e-6273-4c97-b7c5-042674931d23
2019-10-20 18:18:55,009 [grpc-default-executor-4] INFO  impl.RoleInfo (RoleInfo.java:shutdownFollowerState(121)) - 6ef27e9c-8ddb-4fa1-8c14-ab102acfb1b8: shutdown FollowerState
2019-10-20 18:18:55,009 [grpc-default-executor-4] INFO  impl.RoleInfo (RoleInfo.java:updateAndGet(143)) - 6ef27e9c-8ddb-4fa1-8c14-ab102acfb1b8: start FollowerState
2019-10-20 18:18:55,009 [Thread-2910] INFO  impl.FollowerState (FollowerState.java:run(117)) - 6ef27e9c-8ddb-4fa1-8c14-ab102acfb1b8@group-F11756C8BA4A-FollowerState was interrupted: java.lang.InterruptedException: sleep interrupted
2019-10-20 18:18:55,010 [Thread-2912] INFO  impl.FollowerState (FollowerState.java:run(108)) - 399079f7-1eb1-4f37-b003-267572525934@group-D40A05E2FCF9-FollowerState: change to CANDIDATE, lastRpcTime:65ms, electionTimeout:65ms
2019-10-20 18:18:55,010 [Thread-2912] INFO  impl.RoleInfo (RoleInfo.java:shutdownFollowerState(121)) - 399079f7-1eb1-4f37-b003-267572525934: shutdown FollowerState
2019-10-20 18:18:55,010 [Thread-2912] INFO  impl.RaftServerImpl (RaftServerImpl.java:setRole(184)) - 399079f7-1eb1-4f37-b003-267572525934@group-D40A05E2FCF9: changes role from  FOLLOWER to CANDIDATE at term 202 for changeToCandidate
2019-10-20 18:18:55,011 [Thread-2912] INFO  impl.RoleInfo (RoleInfo.java:updateAndGet(143)) - 399079f7-1eb1-4f37-b003-267572525934: start LeaderElection
2019-10-20 18:18:55,046 [399079f7-1eb1-4f37-b003-267572525934@group-D40A05E2FCF9-LeaderElection362] INFO  impl.LeaderElection (LeaderElection.java:askForVotes(178)) - 399079f7-1eb1-4f37-b003-267572525934@group-D40A05E2FCF9-LeaderElection362: begin an election at term 203 for -1: [399079f7-1eb1-4f37-b003-267572525934:192.168.164.241:37762, 7a43c46a-fc88-4b2d-b2da-ae029cfa60ff:192.168.164.241:43684, 6c5c38af-62e6-4ea7-a24a-078dcb28fb39:192.168.164.241:45428], old=null
2019-10-20 18:18:55,047 [b75f8b2e-6273-4c97-b7c5-042674931d23@group-F11756C8BA4A-LeaderElection361] INFO  impl.LeaderElection (LeaderElection.java:logAndReturn(56)) - b75f8b2e-6273-4c97-b7c5-042674931d23@group-F11756C8BA4A-LeaderElection361: Election REJECTED; received 1 response(s) [b75f8b2e-6273-4c97-b7c5-042674931d23<-6ef27e9c-8ddb-4fa1-8c14-ab102acfb1b8#0:FAIL-t203] and 1 exception(s); b75f8b2e-6273-4c97-b7c5-042674931d23@group-F11756C8BA4A:t203, leader=null, voted=b75f8b2e-6273-4c97-b7c5-042674931d23, raftlog=b75f8b2e-6273-4c97-b7c5-042674931d23@group-F11756C8BA4A-SegmentedRaftLog:OPENED:c-1,f-1,i0, conf=-1: [6ef27e9c-8ddb-4fa1-8c14-ab102acfb1b8:192.168.164.241:38092, b75f8b2e-6273-4c97-b7c5-042674931d23:192.168.164.241:41857, 3750b3a2-715b-46b3-9d0c-9e38136244b9:192.168.164.241:46227], old=null
2019-10-20 18:18:55,047 [b75f8b2e-6273-4c97-b7c5-042674931d23@group-F11756C8BA4A-LeaderElection361] INFO  impl.LeaderElection (LogUtils.java:infoOrTrace(149)) -   Exception 0: {}
java.util.concurrent.ExecutionException: org.apache.ratis.thirdparty.io.grpc.StatusRuntimeException: UNAVAILABLE: io exception
	at java.util.concurrent.FutureTask.report(FutureTask.java:122)
	at java.util.concurrent.FutureTask.get(FutureTask.java:192)
	at org.apache.ratis.server.impl.LeaderElection.waitForResults(LeaderElection.java:259)
	at org.apache.ratis.server.impl.LeaderElection.askForVotes(LeaderElection.java:197)
	at org.apache.ratis.server.impl.LeaderElection.run(LeaderElection.java:133)
	at java.lang.Thread.run(Thread.java:748)
Caused by: org.apache.ratis.thirdparty.io.grpc.StatusRuntimeException: UNAVAILABLE: io exception
	at org.apache.ratis.thirdparty.io.grpc.stub.ClientCalls.toStatusRuntimeException(ClientCalls.java:233)
	at org.apache.ratis.thirdparty.io.grpc.stub.ClientCalls.getUnchecked(ClientCalls.java:214)
	at org.apache.ratis.thirdparty.io.grpc.stub.ClientCalls.blockingUnaryCall(ClientCalls.java:139)
	at org.apache.ratis.proto.grpc.RaftServerProtocolServiceGrpc$RaftServerProtocolServiceBlockingStub.requestVote(RaftServerProtocolServiceGrpc.java:265)
	at org.apache.ratis.grpc.server.GrpcServerProtocolClient.requestVote(GrpcServerProtocolClient.java:99)
	at org.apache.ratis.grpc.server.GrpcService.requestVote(GrpcService.java:204)
	at org.apache.ratis.server.impl.LeaderElection.lambda$submitRequests$1(LeaderElection.java:234)
	at java.util.concurrent.FutureTask.run(FutureTask.java:266)
	at java.util.concurrent.Executors$RunnableAdapter.call(Executors.java:511)
	at java.util.concurrent.FutureTask.run(FutureTask.java:266)
	at java.util.concurrent.ThreadPoolExecutor.runWorker(ThreadPoolExecutor.java:1149)
	at java.util.concurrent.ThreadPoolExecutor$Worker.run(ThreadPoolExecutor.java:624)
	... 1 more
Caused by: org.apache.ratis.thirdparty.io.netty.channel.AbstractChannel$AnnotatedConnectException: Connection refused: /192.168.164.241:46227
	at sun.nio.ch.SocketChannelImpl.checkConnect(Native Method)
	at sun.nio.ch.SocketChannelImpl.finishConnect(SocketChannelImpl.java:717)
	at org.apache.ratis.thirdparty.io.netty.channel.socket.nio.NioSocketChannel.doFinishConnect(NioSocketChannel.java:327)
	at org.apache.ratis.thirdparty.io.netty.channel.nio.AbstractNioChannel$AbstractNioUnsafe.finishConnect(AbstractNioChannel.java:340)
	at org.apache.ratis.thirdparty.io.netty.channel.nio.NioEventLoop.processSelectedKey(NioEventLoop.java:632)
	at org.apache.ratis.thirdparty.io.netty.channel.nio.NioEventLoop.processSelectedKeysOptimized(NioEventLoop.java:579)
	at org.apache.ratis.thirdparty.io.netty.channel.nio.NioEventLoop.processSelectedKeys(NioEventLoop.java:496)
	at org.apache.ratis.thirdparty.io.netty.channel.nio.NioEventLoop.run(NioEventLoop.java:458)
	at org.apache.ratis.thirdparty.io.netty.util.concurrent.SingleThreadEventExecutor$5.run(SingleThreadEventExecutor.java:897)
	at org.apache.ratis.thirdparty.io.netty.util.concurrent.FastThreadLocalRunnable.run(FastThreadLocalRunnable.java:30)
	... 1 more
Caused by: java.net.ConnectException: Connection refused
	... 11 more
2019-10-20 18:18:55,047 [b75f8b2e-6273-4c97-b7c5-042674931d23@group-F11756C8BA4A-LeaderElection361] INFO  impl.RaftServerImpl (RaftServerImpl.java:setRole(184)) - b75f8b2e-6273-4c97-b7c5-042674931d23@group-F11756C8BA4A: changes role from CANDIDATE to FOLLOWER at term 203 for DISCOVERED_A_NEW_TERM
2019-10-20 18:18:55,048 [b75f8b2e-6273-4c97-b7c5-042674931d23@group-F11756C8BA4A-LeaderElection361] INFO  impl.RoleInfo (RoleInfo.java:shutdownLeaderElection(134)) - b75f8b2e-6273-4c97-b7c5-042674931d23: shutdown LeaderElection
2019-10-20 18:18:55,048 [b75f8b2e-6273-4c97-b7c5-042674931d23@group-F11756C8BA4A-LeaderElection361] INFO  impl.RoleInfo (RoleInfo.java:updateAndGet(143)) - b75f8b2e-6273-4c97-b7c5-042674931d23: start FollowerState
2019-10-20 18:18:55,048 [grpc-default-executor-4] INFO  impl.RaftServerImpl (RaftServerImpl.java:setRole(184)) - 6c5c38af-62e6-4ea7-a24a-078dcb28fb39@group-D40A05E2FCF9: changes role from  FOLLOWER to FOLLOWER at term 203 for recognizeCandidate:399079f7-1eb1-4f37-b003-267572525934
2019-10-20 18:18:55,048 [grpc-default-executor-4] INFO  impl.RoleInfo (RoleInfo.java:shutdownFollowerState(121)) - 6c5c38af-62e6-4ea7-a24a-078dcb28fb39: shutdown FollowerState
2019-10-20 18:18:55,048 [Thread-2911] INFO  impl.FollowerState (FollowerState.java:run(117)) - 6c5c38af-62e6-4ea7-a24a-078dcb28fb39@group-D40A05E2FCF9-FollowerState was interrupted: java.lang.InterruptedException: sleep interrupted
2019-10-20 18:18:55,048 [grpc-default-executor-10] INFO  impl.RaftServerImpl (RaftServerImpl.java:setRole(184)) - 7a43c46a-fc88-4b2d-b2da-ae029cfa60ff@group-D40A05E2FCF9: changes role from  FOLLOWER to FOLLOWER at term 203 for recognizeCandidate:399079f7-1eb1-4f37-b003-267572525934
2019-10-20 18:18:55,048 [grpc-default-executor-4] INFO  impl.RoleInfo (RoleInfo.java:updateAndGet(143)) - 6c5c38af-62e6-4ea7-a24a-078dcb28fb39: start FollowerState
2019-10-20 18:18:55,048 [grpc-default-executor-10] INFO  impl.RoleInfo (RoleInfo.java:shutdownFollowerState(121)) - 7a43c46a-fc88-4b2d-b2da-ae029cfa60ff: shutdown FollowerState
2019-10-20 18:18:55,049 [grpc-default-executor-10] INFO  impl.RoleInfo (RoleInfo.java:updateAndGet(143)) - 7a43c46a-fc88-4b2d-b2da-ae029cfa60ff: start FollowerState
2019-10-20 18:18:55,049 [Thread-2909] INFO  impl.FollowerState (FollowerState.java:run(117)) - 7a43c46a-fc88-4b2d-b2da-ae029cfa60ff@group-D40A05E2FCF9-FollowerState was interrupted: java.lang.InterruptedException: sleep interrupted
2019-10-20 18:18:55,072 [399079f7-1eb1-4f37-b003-267572525934@group-D40A05E2FCF9-LeaderElection362] INFO  impl.LeaderElection (LeaderElection.java:logAndReturn(56)) - 399079f7-1eb1-4f37-b003-267572525934@group-D40A05E2FCF9-LeaderElection362: Election REJECTED; received 2 response(s) [399079f7-1eb1-4f37-b003-267572525934<-7a43c46a-fc88-4b2d-b2da-ae029cfa60ff#0:FAIL-t203, 399079f7-1eb1-4f37-b003-267572525934<-6c5c38af-62e6-4ea7-a24a-078dcb28fb39#0:FAIL-t203] and 0 exception(s); 399079f7-1eb1-4f37-b003-267572525934@group-D40A05E2FCF9:t203, leader=null, voted=399079f7-1eb1-4f37-b003-267572525934, raftlog=399079f7-1eb1-4f37-b003-267572525934@group-D40A05E2FCF9-SegmentedRaftLog:OPENED:c-1,f-1,i0, conf=-1: [399079f7-1eb1-4f37-b003-267572525934:192.168.164.241:37762, 7a43c46a-fc88-4b2d-b2da-ae029cfa60ff:192.168.164.241:43684, 6c5c38af-62e6-4ea7-a24a-078dcb28fb39:192.168.164.241:45428], old=null
2019-10-20 18:18:55,072 [399079f7-1eb1-4f37-b003-267572525934@group-D40A05E2FCF9-LeaderElection362] INFO  impl.RaftServerImpl (RaftServerImpl.java:setRole(184)) - 399079f7-1eb1-4f37-b003-267572525934@group-D40A05E2FCF9: changes role from CANDIDATE to FOLLOWER at term 203 for DISCOVERED_A_NEW_TERM
2019-10-20 18:18:55,072 [399079f7-1eb1-4f37-b003-267572525934@group-D40A05E2FCF9-LeaderElection362] INFO  impl.RoleInfo (RoleInfo.java:shutdownLeaderElection(134)) - 399079f7-1eb1-4f37-b003-267572525934: shutdown LeaderElection
2019-10-20 18:18:55,072 [399079f7-1eb1-4f37-b003-267572525934@group-D40A05E2FCF9-LeaderElection362] INFO  impl.RoleInfo (RoleInfo.java:updateAndGet(143)) - 399079f7-1eb1-4f37-b003-267572525934: start FollowerState
2019-10-20 18:18:55,145 [Thread-2921] INFO  impl.FollowerState (FollowerState.java:run(108)) - b75f8b2e-6273-4c97-b7c5-042674931d23@group-F11756C8BA4A-FollowerState: change to CANDIDATE, lastRpcTime:97ms, electionTimeout:97ms
2019-10-20 18:18:55,145 [Thread-2921] INFO  impl.RoleInfo (RoleInfo.java:shutdownFollowerState(121)) - b75f8b2e-6273-4c97-b7c5-042674931d23: shutdown FollowerState
2019-10-20 18:18:55,145 [Thread-2921] INFO  impl.RaftServerImpl (RaftServerImpl.java:setRole(184)) - b75f8b2e-6273-4c97-b7c5-042674931d23@group-F11756C8BA4A: changes role from  FOLLOWER to CANDIDATE at term 203 for changeToCandidate
2019-10-20 18:18:55,146 [Thread-2921] INFO  impl.RoleInfo (RoleInfo.java:updateAndGet(143)) - b75f8b2e-6273-4c97-b7c5-042674931d23: start LeaderElection
2019-10-20 18:18:55,172 [b75f8b2e-6273-4c97-b7c5-042674931d23@group-F11756C8BA4A-LeaderElection363] INFO  impl.LeaderElection (LeaderElection.java:askForVotes(178)) - b75f8b2e-6273-4c97-b7c5-042674931d23@group-F11756C8BA4A-LeaderElection363: begin an election at term 204 for -1: [6ef27e9c-8ddb-4fa1-8c14-ab102acfb1b8:192.168.164.241:38092, b75f8b2e-6273-4c97-b7c5-042674931d23:192.168.164.241:41857, 3750b3a2-715b-46b3-9d0c-9e38136244b9:192.168.164.241:46227], old=null
2019-10-20 18:18:55,173 [b75f8b2e-6273-4c97-b7c5-042674931d23@group-F11756C8BA4A-LeaderElection363] INFO  impl.LeaderElection (LogUtils.java:infoOrTrace(149)) - b75f8b2e-6273-4c97-b7c5-042674931d23@group-F11756C8BA4A-LeaderElection363 got exception when requesting votes: {}
java.util.concurrent.ExecutionException: org.apache.ratis.thirdparty.io.grpc.StatusRuntimeException: UNAVAILABLE: io exception
	at java.util.concurrent.FutureTask.report(FutureTask.java:122)
	at java.util.concurrent.FutureTask.get(FutureTask.java:192)
	at org.apache.ratis.server.impl.LeaderElection.waitForResults(LeaderElection.java:259)
	at org.apache.ratis.server.impl.LeaderElection.askForVotes(LeaderElection.java:197)
	at org.apache.ratis.server.impl.LeaderElection.run(LeaderElection.java:133)
	at java.lang.Thread.run(Thread.java:748)
Caused by: org.apache.ratis.thirdparty.io.grpc.StatusRuntimeException: UNAVAILABLE: io exception
	at org.apache.ratis.thirdparty.io.grpc.stub.ClientCalls.toStatusRuntimeException(ClientCalls.java:233)
	at org.apache.ratis.thirdparty.io.grpc.stub.ClientCalls.getUnchecked(ClientCalls.java:214)
	at org.apache.ratis.thirdparty.io.grpc.stub.ClientCalls.blockingUnaryCall(ClientCalls.java:139)
	at org.apache.ratis.proto.grpc.RaftServerProtocolServiceGrpc$RaftServerProtocolServiceBlockingStub.requestVote(RaftServerProtocolServiceGrpc.java:265)
	at org.apache.ratis.grpc.server.GrpcServerProtocolClient.requestVote(GrpcServerProtocolClient.java:99)
	at org.apache.ratis.grpc.server.GrpcService.requestVote(GrpcService.java:204)
	at org.apache.ratis.server.impl.LeaderElection.lambda$submitRequests$1(LeaderElection.java:234)
	at java.util.concurrent.FutureTask.run(FutureTask.java:266)
	at java.util.concurrent.Executors$RunnableAdapter.call(Executors.java:511)
	at java.util.concurrent.FutureTask.run(FutureTask.java:266)
	at java.util.concurrent.ThreadPoolExecutor.runWorker(ThreadPoolExecutor.java:1149)
	at java.util.concurrent.ThreadPoolExecutor$Worker.run(ThreadPoolExecutor.java:624)
	... 1 more
Caused by: org.apache.ratis.thirdparty.io.netty.channel.AbstractChannel$AnnotatedConnectException: Connection refused: /192.168.164.241:46227
	at sun.nio.ch.SocketChannelImpl.checkConnect(Native Method)
	at sun.nio.ch.SocketChannelImpl.finishConnect(SocketChannelImpl.java:717)
	at org.apache.ratis.thirdparty.io.netty.channel.socket.nio.NioSocketChannel.doFinishConnect(NioSocketChannel.java:327)
	at org.apache.ratis.thirdparty.io.netty.channel.nio.AbstractNioChannel$AbstractNioUnsafe.finishConnect(AbstractNioChannel.java:340)
	at org.apache.ratis.thirdparty.io.netty.channel.nio.NioEventLoop.processSelectedKey(NioEventLoop.java:632)
	at org.apache.ratis.thirdparty.io.netty.channel.nio.NioEventLoop.processSelectedKeysOptimized(NioEventLoop.java:579)
	at org.apache.ratis.thirdparty.io.netty.channel.nio.NioEventLoop.processSelectedKeys(NioEventLoop.java:496)
	at org.apache.ratis.thirdparty.io.netty.channel.nio.NioEventLoop.run(NioEventLoop.java:458)
	at org.apache.ratis.thirdparty.io.netty.util.concurrent.SingleThreadEventExecutor$5.run(SingleThreadEventExecutor.java:897)
	at org.apache.ratis.thirdparty.io.netty.util.concurrent.FastThreadLocalRunnable.run(FastThreadLocalRunnable.java:30)
	... 1 more
Caused by: java.net.ConnectException: Connection refused
	... 11 more
2019-10-20 18:18:55,176 [grpc-default-executor-10] INFO  impl.RaftServerImpl (RaftServerImpl.java:setRole(184)) - 6ef27e9c-8ddb-4fa1-8c14-ab102acfb1b8@group-F11756C8BA4A: changes role from  FOLLOWER to FOLLOWER at term 204 for recognizeCandidate:b75f8b2e-6273-4c97-b7c5-042674931d23
2019-10-20 18:18:55,176 [grpc-default-executor-10] INFO  impl.RoleInfo (RoleInfo.java:shutdownFollowerState(121)) - 6ef27e9c-8ddb-4fa1-8c14-ab102acfb1b8: shutdown FollowerState
2019-10-20 18:18:55,177 [grpc-default-executor-10] INFO  impl.RoleInfo (RoleInfo.java:updateAndGet(143)) - 6ef27e9c-8ddb-4fa1-8c14-ab102acfb1b8: start FollowerState
2019-10-20 18:18:55,177 [Thread-2917] INFO  impl.FollowerState (FollowerState.java:run(117)) - 6ef27e9c-8ddb-4fa1-8c14-ab102acfb1b8@group-F11756C8BA4A-FollowerState was interrupted: java.lang.InterruptedException: sleep interrupted
2019-10-20 18:18:55,198 [b75f8b2e-6273-4c97-b7c5-042674931d23@group-F11756C8BA4A-LeaderElection363] INFO  impl.LeaderElection (LeaderElection.java:logAndReturn(56)) - b75f8b2e-6273-4c97-b7c5-042674931d23@group-F11756C8BA4A-LeaderElection363: Election REJECTED; received 1 response(s) [b75f8b2e-6273-4c97-b7c5-042674931d23<-6ef27e9c-8ddb-4fa1-8c14-ab102acfb1b8#0:FAIL-t204] and 1 exception(s); b75f8b2e-6273-4c97-b7c5-042674931d23@group-F11756C8BA4A:t204, leader=null, voted=b75f8b2e-6273-4c97-b7c5-042674931d23, raftlog=b75f8b2e-6273-4c97-b7c5-042674931d23@group-F11756C8BA4A-SegmentedRaftLog:OPENED:c-1,f-1,i0, conf=-1: [6ef27e9c-8ddb-4fa1-8c14-ab102acfb1b8:192.168.164.241:38092, b75f8b2e-6273-4c97-b7c5-042674931d23:192.168.164.241:41857, 3750b3a2-715b-46b3-9d0c-9e38136244b9:192.168.164.241:46227], old=null
2019-10-20 18:18:55,198 [b75f8b2e-6273-4c97-b7c5-042674931d23@group-F11756C8BA4A-LeaderElection363] INFO  impl.LeaderElection (LogUtils.java:infoOrTrace(149)) -   Exception 0: {}
java.util.concurrent.ExecutionException: org.apache.ratis.thirdparty.io.grpc.StatusRuntimeException: UNAVAILABLE: io exception
	at java.util.concurrent.FutureTask.report(FutureTask.java:122)
	at java.util.concurrent.FutureTask.get(FutureTask.java:192)
	at org.apache.ratis.server.impl.LeaderElection.waitForResults(LeaderElection.java:259)
	at org.apache.ratis.server.impl.LeaderElection.askForVotes(LeaderElection.java:197)
	at org.apache.ratis.server.impl.LeaderElection.run(LeaderElection.java:133)
	at java.lang.Thread.run(Thread.java:748)
Caused by: org.apache.ratis.thirdparty.io.grpc.StatusRuntimeException: UNAVAILABLE: io exception
	at org.apache.ratis.thirdparty.io.grpc.stub.ClientCalls.toStatusRuntimeException(ClientCalls.java:233)
	at org.apache.ratis.thirdparty.io.grpc.stub.ClientCalls.getUnchecked(ClientCalls.java:214)
	at org.apache.ratis.thirdparty.io.grpc.stub.ClientCalls.blockingUnaryCall(ClientCalls.java:139)
	at org.apache.ratis.proto.grpc.RaftServerProtocolServiceGrpc$RaftServerProtocolServiceBlockingStub.requestVote(RaftServerProtocolServiceGrpc.java:265)
	at org.apache.ratis.grpc.server.GrpcServerProtocolClient.requestVote(GrpcServerProtocolClient.java:99)
	at org.apache.ratis.grpc.server.GrpcService.requestVote(GrpcService.java:204)
	at org.apache.ratis.server.impl.LeaderElection.lambda$submitRequests$1(LeaderElection.java:234)
	at java.util.concurrent.FutureTask.run(FutureTask.java:266)
	at java.util.concurrent.Executors$RunnableAdapter.call(Executors.java:511)
	at java.util.concurrent.FutureTask.run(FutureTask.java:266)
	at java.util.concurrent.ThreadPoolExecutor.runWorker(ThreadPoolExecutor.java:1149)
	at java.util.concurrent.ThreadPoolExecutor$Worker.run(ThreadPoolExecutor.java:624)
	... 1 more
Caused by: org.apache.ratis.thirdparty.io.netty.channel.AbstractChannel$AnnotatedConnectException: Connection refused: /192.168.164.241:46227
	at sun.nio.ch.SocketChannelImpl.checkConnect(Native Method)
	at sun.nio.ch.SocketChannelImpl.finishConnect(SocketChannelImpl.java:717)
	at org.apache.ratis.thirdparty.io.netty.channel.socket.nio.NioSocketChannel.doFinishConnect(NioSocketChannel.java:327)
	at org.apache.ratis.thirdparty.io.netty.channel.nio.AbstractNioChannel$AbstractNioUnsafe.finishConnect(AbstractNioChannel.java:340)
	at org.apache.ratis.thirdparty.io.netty.channel.nio.NioEventLoop.processSelectedKey(NioEventLoop.java:632)
	at org.apache.ratis.thirdparty.io.netty.channel.nio.NioEventLoop.processSelectedKeysOptimized(NioEventLoop.java:579)
	at org.apache.ratis.thirdparty.io.netty.channel.nio.NioEventLoop.processSelectedKeys(NioEventLoop.java:496)
	at org.apache.ratis.thirdparty.io.netty.channel.nio.NioEventLoop.run(NioEventLoop.java:458)
	at org.apache.ratis.thirdparty.io.netty.util.concurrent.SingleThreadEventExecutor$5.run(SingleThreadEventExecutor.java:897)
	at org.apache.ratis.thirdparty.io.netty.util.concurrent.FastThreadLocalRunnable.run(FastThreadLocalRunnable.java:30)
	... 1 more
Caused by: java.net.ConnectException: Connection refused
	... 11 more
2019-10-20 18:18:55,199 [b75f8b2e-6273-4c97-b7c5-042674931d23@group-F11756C8BA4A-LeaderElection363] INFO  impl.RaftServerImpl (RaftServerImpl.java:setRole(184)) - b75f8b2e-6273-4c97-b7c5-042674931d23@group-F11756C8BA4A: changes role from CANDIDATE to FOLLOWER at term 204 for DISCOVERED_A_NEW_TERM
2019-10-20 18:18:55,199 [b75f8b2e-6273-4c97-b7c5-042674931d23@group-F11756C8BA4A-LeaderElection363] INFO  impl.RoleInfo (RoleInfo.java:shutdownLeaderElection(134)) - b75f8b2e-6273-4c97-b7c5-042674931d23: shutdown LeaderElection
2019-10-20 18:18:55,199 [b75f8b2e-6273-4c97-b7c5-042674931d23@group-F11756C8BA4A-LeaderElection363] INFO  impl.RoleInfo (RoleInfo.java:updateAndGet(143)) - b75f8b2e-6273-4c97-b7c5-042674931d23: start FollowerState
2019-10-20 18:18:55,255 [Thread-2924] INFO  impl.FollowerState (FollowerState.java:run(108)) - 399079f7-1eb1-4f37-b003-267572525934@group-D40A05E2FCF9-FollowerState: change to CANDIDATE, lastRpcTime:182ms, electionTimeout:182ms
2019-10-20 18:18:55,255 [Thread-2924] INFO  impl.RoleInfo (RoleInfo.java:shutdownFollowerState(121)) - 399079f7-1eb1-4f37-b003-267572525934: shutdown FollowerState
2019-10-20 18:18:55,255 [Thread-2924] INFO  impl.RaftServerImpl (RaftServerImpl.java:setRole(184)) - 399079f7-1eb1-4f37-b003-267572525934@group-D40A05E2FCF9: changes role from  FOLLOWER to CANDIDATE at term 203 for changeToCandidate
2019-10-20 18:18:55,255 [Thread-2924] INFO  impl.RoleInfo (RoleInfo.java:updateAndGet(143)) - 399079f7-1eb1-4f37-b003-267572525934: start LeaderElection
2019-10-20 18:18:55,282 [399079f7-1eb1-4f37-b003-267572525934@group-D40A05E2FCF9-LeaderElection364] INFO  impl.LeaderElection (LeaderElection.java:askForVotes(178)) - 399079f7-1eb1-4f37-b003-267572525934@group-D40A05E2FCF9-LeaderElection364: begin an election at term 204 for -1: [399079f7-1eb1-4f37-b003-267572525934:192.168.164.241:37762, 7a43c46a-fc88-4b2d-b2da-ae029cfa60ff:192.168.164.241:43684, 6c5c38af-62e6-4ea7-a24a-078dcb28fb39:192.168.164.241:45428], old=null
2019-10-20 18:18:55,284 [grpc-default-executor-10] INFO  impl.RaftServerImpl (RaftServerImpl.java:setRole(184)) - 7a43c46a-fc88-4b2d-b2da-ae029cfa60ff@group-D40A05E2FCF9: changes role from  FOLLOWER to FOLLOWER at term 204 for recognizeCandidate:399079f7-1eb1-4f37-b003-267572525934
2019-10-20 18:18:55,284 [grpc-default-executor-4] INFO  impl.RaftServerImpl (RaftServerImpl.java:setRole(184)) - 6c5c38af-62e6-4ea7-a24a-078dcb28fb39@group-D40A05E2FCF9: changes role from  FOLLOWER to FOLLOWER at term 204 for recognizeCandidate:399079f7-1eb1-4f37-b003-267572525934
2019-10-20 18:18:55,284 [grpc-default-executor-10] INFO  impl.RoleInfo (RoleInfo.java:shutdownFollowerState(121)) - 7a43c46a-fc88-4b2d-b2da-ae029cfa60ff: shutdown FollowerState
2019-10-20 18:18:55,284 [grpc-default-executor-4] INFO  impl.RoleInfo (RoleInfo.java:shutdownFollowerState(121)) - 6c5c38af-62e6-4ea7-a24a-078dcb28fb39: shutdown FollowerState
2019-10-20 18:18:55,284 [Thread-2923] INFO  impl.FollowerState (FollowerState.java:run(117)) - 7a43c46a-fc88-4b2d-b2da-ae029cfa60ff@group-D40A05E2FCF9-FollowerState was interrupted: java.lang.InterruptedException: sleep interrupted
2019-10-20 18:18:55,284 [Thread-2922] INFO  impl.FollowerState (FollowerState.java:run(117)) - 6c5c38af-62e6-4ea7-a24a-078dcb28fb39@group-D40A05E2FCF9-FollowerState was interrupted: java.lang.InterruptedException: sleep interrupted
2019-10-20 18:18:55,284 [grpc-default-executor-4] INFO  impl.RoleInfo (RoleInfo.java:updateAndGet(143)) - 6c5c38af-62e6-4ea7-a24a-078dcb28fb39: start FollowerState
2019-10-20 18:18:55,284 [grpc-default-executor-10] INFO  impl.RoleInfo (RoleInfo.java:updateAndGet(143)) - 7a43c46a-fc88-4b2d-b2da-ae029cfa60ff: start FollowerState
2019-10-20 18:18:55,305 [Thread-2930] INFO  impl.FollowerState (FollowerState.java:run(108)) - b75f8b2e-6273-4c97-b7c5-042674931d23@group-F11756C8BA4A-FollowerState: change to CANDIDATE, lastRpcTime:106ms, electionTimeout:106ms
2019-10-20 18:18:55,305 [Thread-2930] INFO  impl.RoleInfo (RoleInfo.java:shutdownFollowerState(121)) - b75f8b2e-6273-4c97-b7c5-042674931d23: shutdown FollowerState
2019-10-20 18:18:55,306 [Thread-2930] INFO  impl.RaftServerImpl (RaftServerImpl.java:setRole(184)) - b75f8b2e-6273-4c97-b7c5-042674931d23@group-F11756C8BA4A: changes role from  FOLLOWER to CANDIDATE at term 204 for changeToCandidate
2019-10-20 18:18:55,306 [Thread-2930] INFO  impl.RoleInfo (RoleInfo.java:updateAndGet(143)) - b75f8b2e-6273-4c97-b7c5-042674931d23: start LeaderElection
2019-10-20 18:18:55,308 [399079f7-1eb1-4f37-b003-267572525934@group-D40A05E2FCF9-LeaderElection364] INFO  impl.LeaderElection (LeaderElection.java:logAndReturn(56)) - 399079f7-1eb1-4f37-b003-267572525934@group-D40A05E2FCF9-LeaderElection364: Election REJECTED; received 2 response(s) [399079f7-1eb1-4f37-b003-267572525934<-7a43c46a-fc88-4b2d-b2da-ae029cfa60ff#0:FAIL-t204, 399079f7-1eb1-4f37-b003-267572525934<-6c5c38af-62e6-4ea7-a24a-078dcb28fb39#0:FAIL-t204] and 0 exception(s); 399079f7-1eb1-4f37-b003-267572525934@group-D40A05E2FCF9:t204, leader=null, voted=399079f7-1eb1-4f37-b003-267572525934, raftlog=399079f7-1eb1-4f37-b003-267572525934@group-D40A05E2FCF9-SegmentedRaftLog:OPENED:c-1,f-1,i0, conf=-1: [399079f7-1eb1-4f37-b003-267572525934:192.168.164.241:37762, 7a43c46a-fc88-4b2d-b2da-ae029cfa60ff:192.168.164.241:43684, 6c5c38af-62e6-4ea7-a24a-078dcb28fb39:192.168.164.241:45428], old=null
2019-10-20 18:18:55,308 [399079f7-1eb1-4f37-b003-267572525934@group-D40A05E2FCF9-LeaderElection364] INFO  impl.RaftServerImpl (RaftServerImpl.java:setRole(184)) - 399079f7-1eb1-4f37-b003-267572525934@group-D40A05E2FCF9: changes role from CANDIDATE to FOLLOWER at term 204 for DISCOVERED_A_NEW_TERM
2019-10-20 18:18:55,308 [399079f7-1eb1-4f37-b003-267572525934@group-D40A05E2FCF9-LeaderElection364] INFO  impl.RoleInfo (RoleInfo.java:shutdownLeaderElection(134)) - 399079f7-1eb1-4f37-b003-267572525934: shutdown LeaderElection
2019-10-20 18:18:55,308 [399079f7-1eb1-4f37-b003-267572525934@group-D40A05E2FCF9-LeaderElection364] INFO  impl.RoleInfo (RoleInfo.java:updateAndGet(143)) - 399079f7-1eb1-4f37-b003-267572525934: start FollowerState
2019-10-20 18:18:55,333 [b75f8b2e-6273-4c97-b7c5-042674931d23@group-F11756C8BA4A-LeaderElection365] INFO  impl.LeaderElection (LeaderElection.java:askForVotes(178)) - b75f8b2e-6273-4c97-b7c5-042674931d23@group-F11756C8BA4A-LeaderElection365: begin an election at term 205 for -1: [6ef27e9c-8ddb-4fa1-8c14-ab102acfb1b8:192.168.164.241:38092, b75f8b2e-6273-4c97-b7c5-042674931d23:192.168.164.241:41857, 3750b3a2-715b-46b3-9d0c-9e38136244b9:192.168.164.241:46227], old=null
2019-10-20 18:18:55,333 [b75f8b2e-6273-4c97-b7c5-042674931d23@group-F11756C8BA4A-LeaderElection365] INFO  impl.LeaderElection (LogUtils.java:infoOrTrace(149)) - b75f8b2e-6273-4c97-b7c5-042674931d23@group-F11756C8BA4A-LeaderElection365 got exception when requesting votes: {}
java.util.concurrent.ExecutionException: org.apache.ratis.thirdparty.io.grpc.StatusRuntimeException: UNAVAILABLE: io exception
	at java.util.concurrent.FutureTask.report(FutureTask.java:122)
	at java.util.concurrent.FutureTask.get(FutureTask.java:192)
	at org.apache.ratis.server.impl.LeaderElection.waitForResults(LeaderElection.java:259)
	at org.apache.ratis.server.impl.LeaderElection.askForVotes(LeaderElection.java:197)
	at org.apache.ratis.server.impl.LeaderElection.run(LeaderElection.java:133)
	at java.lang.Thread.run(Thread.java:748)
Caused by: org.apache.ratis.thirdparty.io.grpc.StatusRuntimeException: UNAVAILABLE: io exception
	at org.apache.ratis.thirdparty.io.grpc.stub.ClientCalls.toStatusRuntimeException(ClientCalls.java:233)
	at org.apache.ratis.thirdparty.io.grpc.stub.ClientCalls.getUnchecked(ClientCalls.java:214)
	at org.apache.ratis.thirdparty.io.grpc.stub.ClientCalls.blockingUnaryCall(ClientCalls.java:139)
	at org.apache.ratis.proto.grpc.RaftServerProtocolServiceGrpc$RaftServerProtocolServiceBlockingStub.requestVote(RaftServerProtocolServiceGrpc.java:265)
	at org.apache.ratis.grpc.server.GrpcServerProtocolClient.requestVote(GrpcServerProtocolClient.java:99)
	at org.apache.ratis.grpc.server.GrpcService.requestVote(GrpcService.java:204)
	at org.apache.ratis.server.impl.LeaderElection.lambda$submitRequests$1(LeaderElection.java:234)
	at java.util.concurrent.FutureTask.run(FutureTask.java:266)
	at java.util.concurrent.Executors$RunnableAdapter.call(Executors.java:511)
	at java.util.concurrent.FutureTask.run(FutureTask.java:266)
	at java.util.concurrent.ThreadPoolExecutor.runWorker(ThreadPoolExecutor.java:1149)
	at java.util.concurrent.ThreadPoolExecutor$Worker.run(ThreadPoolExecutor.java:624)
	... 1 more
Caused by: org.apache.ratis.thirdparty.io.netty.channel.AbstractChannel$AnnotatedConnectException: Connection refused: /192.168.164.241:46227
	at sun.nio.ch.SocketChannelImpl.checkConnect(Native Method)
	at sun.nio.ch.SocketChannelImpl.finishConnect(SocketChannelImpl.java:717)
	at org.apache.ratis.thirdparty.io.netty.channel.socket.nio.NioSocketChannel.doFinishConnect(NioSocketChannel.java:327)
	at org.apache.ratis.thirdparty.io.netty.channel.nio.AbstractNioChannel$AbstractNioUnsafe.finishConnect(AbstractNioChannel.java:340)
	at org.apache.ratis.thirdparty.io.netty.channel.nio.NioEventLoop.processSelectedKey(NioEventLoop.java:632)
	at org.apache.ratis.thirdparty.io.netty.channel.nio.NioEventLoop.processSelectedKeysOptimized(NioEventLoop.java:579)
	at org.apache.ratis.thirdparty.io.netty.channel.nio.NioEventLoop.processSelectedKeys(NioEventLoop.java:496)
	at org.apache.ratis.thirdparty.io.netty.channel.nio.NioEventLoop.run(NioEventLoop.java:458)
	at org.apache.ratis.thirdparty.io.netty.util.concurrent.SingleThreadEventExecutor$5.run(SingleThreadEventExecutor.java:897)
	at org.apache.ratis.thirdparty.io.netty.util.concurrent.FastThreadLocalRunnable.run(FastThreadLocalRunnable.java:30)
	... 1 more
Caused by: java.net.ConnectException: Connection refused
	... 11 more
2019-10-20 18:18:55,337 [grpc-default-executor-10] INFO  impl.RaftServerImpl (RaftServerImpl.java:setRole(184)) - 6ef27e9c-8ddb-4fa1-8c14-ab102acfb1b8@group-F11756C8BA4A: changes role from  FOLLOWER to FOLLOWER at term 205 for recognizeCandidate:b75f8b2e-6273-4c97-b7c5-042674931d23
2019-10-20 18:18:55,337 [grpc-default-executor-10] INFO  impl.RoleInfo (RoleInfo.java:shutdownFollowerState(121)) - 6ef27e9c-8ddb-4fa1-8c14-ab102acfb1b8: shutdown FollowerState
2019-10-20 18:18:55,337 [grpc-default-executor-10] INFO  impl.RoleInfo (RoleInfo.java:updateAndGet(143)) - 6ef27e9c-8ddb-4fa1-8c14-ab102acfb1b8: start FollowerState
2019-10-20 18:18:55,337 [Thread-2928] INFO  impl.FollowerState (FollowerState.java:run(117)) - 6ef27e9c-8ddb-4fa1-8c14-ab102acfb1b8@group-F11756C8BA4A-FollowerState was interrupted: java.lang.InterruptedException: sleep interrupted
2019-10-20 18:18:55,359 [b75f8b2e-6273-4c97-b7c5-042674931d23@group-F11756C8BA4A-LeaderElection365] INFO  impl.LeaderElection (LeaderElection.java:logAndReturn(56)) - b75f8b2e-6273-4c97-b7c5-042674931d23@group-F11756C8BA4A-LeaderElection365: Election REJECTED; received 1 response(s) [b75f8b2e-6273-4c97-b7c5-042674931d23<-6ef27e9c-8ddb-4fa1-8c14-ab102acfb1b8#0:FAIL-t205] and 1 exception(s); b75f8b2e-6273-4c97-b7c5-042674931d23@group-F11756C8BA4A:t205, leader=null, voted=b75f8b2e-6273-4c97-b7c5-042674931d23, raftlog=b75f8b2e-6273-4c97-b7c5-042674931d23@group-F11756C8BA4A-SegmentedRaftLog:OPENED:c-1,f-1,i0, conf=-1: [6ef27e9c-8ddb-4fa1-8c14-ab102acfb1b8:192.168.164.241:38092, b75f8b2e-6273-4c97-b7c5-042674931d23:192.168.164.241:41857, 3750b3a2-715b-46b3-9d0c-9e38136244b9:192.168.164.241:46227], old=null
2019-10-20 18:18:55,359 [b75f8b2e-6273-4c97-b7c5-042674931d23@group-F11756C8BA4A-LeaderElection365] INFO  impl.LeaderElection (LogUtils.java:infoOrTrace(149)) -   Exception 0: {}
java.util.concurrent.ExecutionException: org.apache.ratis.thirdparty.io.grpc.StatusRuntimeException: UNAVAILABLE: io exception
	at java.util.concurrent.FutureTask.report(FutureTask.java:122)
	at java.util.concurrent.FutureTask.get(FutureTask.java:192)
	at org.apache.ratis.server.impl.LeaderElection.waitForResults(LeaderElection.java:259)
	at org.apache.ratis.server.impl.LeaderElection.askForVotes(LeaderElection.java:197)
	at org.apache.ratis.server.impl.LeaderElection.run(LeaderElection.java:133)
	at java.lang.Thread.run(Thread.java:748)
Caused by: org.apache.ratis.thirdparty.io.grpc.StatusRuntimeException: UNAVAILABLE: io exception
	at org.apache.ratis.thirdparty.io.grpc.stub.ClientCalls.toStatusRuntimeException(ClientCalls.java:233)
	at org.apache.ratis.thirdparty.io.grpc.stub.ClientCalls.getUnchecked(ClientCalls.java:214)
	at org.apache.ratis.thirdparty.io.grpc.stub.ClientCalls.blockingUnaryCall(ClientCalls.java:139)
	at org.apache.ratis.proto.grpc.RaftServerProtocolServiceGrpc$RaftServerProtocolServiceBlockingStub.requestVote(RaftServerProtocolServiceGrpc.java:265)
	at org.apache.ratis.grpc.server.GrpcServerProtocolClient.requestVote(GrpcServerProtocolClient.java:99)
	at org.apache.ratis.grpc.server.GrpcService.requestVote(GrpcService.java:204)
	at org.apache.ratis.server.impl.LeaderElection.lambda$submitRequests$1(LeaderElection.java:234)
	at java.util.concurrent.FutureTask.run(FutureTask.java:266)
	at java.util.concurrent.Executors$RunnableAdapter.call(Executors.java:511)
	at java.util.concurrent.FutureTask.run(FutureTask.java:266)
	at java.util.concurrent.ThreadPoolExecutor.runWorker(ThreadPoolExecutor.java:1149)
	at java.util.concurrent.ThreadPoolExecutor$Worker.run(ThreadPoolExecutor.java:624)
	... 1 more
Caused by: org.apache.ratis.thirdparty.io.netty.channel.AbstractChannel$AnnotatedConnectException: Connection refused: /192.168.164.241:46227
	at sun.nio.ch.SocketChannelImpl.checkConnect(Native Method)
	at sun.nio.ch.SocketChannelImpl.finishConnect(SocketChannelImpl.java:717)
	at org.apache.ratis.thirdparty.io.netty.channel.socket.nio.NioSocketChannel.doFinishConnect(NioSocketChannel.java:327)
	at org.apache.ratis.thirdparty.io.netty.channel.nio.AbstractNioChannel$AbstractNioUnsafe.finishConnect(AbstractNioChannel.java:340)
	at org.apache.ratis.thirdparty.io.netty.channel.nio.NioEventLoop.processSelectedKey(NioEventLoop.java:632)
	at org.apache.ratis.thirdparty.io.netty.channel.nio.NioEventLoop.processSelectedKeysOptimized(NioEventLoop.java:579)
	at org.apache.ratis.thirdparty.io.netty.channel.nio.NioEventLoop.processSelectedKeys(NioEventLoop.java:496)
	at org.apache.ratis.thirdparty.io.netty.channel.nio.NioEventLoop.run(NioEventLoop.java:458)
	at org.apache.ratis.thirdparty.io.netty.util.concurrent.SingleThreadEventExecutor$5.run(SingleThreadEventExecutor.java:897)
	at org.apache.ratis.thirdparty.io.netty.util.concurrent.FastThreadLocalRunnable.run(FastThreadLocalRunnable.java:30)
	... 1 more
Caused by: java.net.ConnectException: Connection refused
	... 11 more
2019-10-20 18:18:55,359 [b75f8b2e-6273-4c97-b7c5-042674931d23@group-F11756C8BA4A-LeaderElection365] INFO  impl.RaftServerImpl (RaftServerImpl.java:setRole(184)) - b75f8b2e-6273-4c97-b7c5-042674931d23@group-F11756C8BA4A: changes role from CANDIDATE to FOLLOWER at term 205 for DISCOVERED_A_NEW_TERM
2019-10-20 18:18:55,359 [b75f8b2e-6273-4c97-b7c5-042674931d23@group-F11756C8BA4A-LeaderElection365] INFO  impl.RoleInfo (RoleInfo.java:shutdownLeaderElection(134)) - b75f8b2e-6273-4c97-b7c5-042674931d23: shutdown LeaderElection
2019-10-20 18:18:55,359 [b75f8b2e-6273-4c97-b7c5-042674931d23@group-F11756C8BA4A-LeaderElection365] INFO  impl.RoleInfo (RoleInfo.java:updateAndGet(143)) - b75f8b2e-6273-4c97-b7c5-042674931d23: start FollowerState
2019-10-20 18:18:55,396 [Thread-2937] INFO  impl.FollowerState (FollowerState.java:run(108)) - 399079f7-1eb1-4f37-b003-267572525934@group-D40A05E2FCF9-FollowerState: change to CANDIDATE, lastRpcTime:88ms, electionTimeout:88ms
2019-10-20 18:18:55,397 [Thread-2937] INFO  impl.RoleInfo (RoleInfo.java:shutdownFollowerState(121)) - 399079f7-1eb1-4f37-b003-267572525934: shutdown FollowerState
2019-10-20 18:18:55,397 [Thread-2937] INFO  impl.RaftServerImpl (RaftServerImpl.java:setRole(184)) - 399079f7-1eb1-4f37-b003-267572525934@group-D40A05E2FCF9: changes role from  FOLLOWER to CANDIDATE at term 204 for changeToCandidate
2019-10-20 18:18:55,397 [Thread-2937] INFO  impl.RoleInfo (RoleInfo.java:updateAndGet(143)) - 399079f7-1eb1-4f37-b003-267572525934: start LeaderElection
2019-10-20 18:18:55,426 [399079f7-1eb1-4f37-b003-267572525934@group-D40A05E2FCF9-LeaderElection366] INFO  impl.LeaderElection (LeaderElection.java:askForVotes(178)) - 399079f7-1eb1-4f37-b003-267572525934@group-D40A05E2FCF9-LeaderElection366: begin an election at term 205 for -1: [399079f7-1eb1-4f37-b003-267572525934:192.168.164.241:37762, 7a43c46a-fc88-4b2d-b2da-ae029cfa60ff:192.168.164.241:43684, 6c5c38af-62e6-4ea7-a24a-078dcb28fb39:192.168.164.241:45428], old=null
2019-10-20 18:18:55,427 [grpc-default-executor-10] INFO  impl.RaftServerImpl (RaftServerImpl.java:setRole(184)) - 7a43c46a-fc88-4b2d-b2da-ae029cfa60ff@group-D40A05E2FCF9: changes role from  FOLLOWER to FOLLOWER at term 205 for recognizeCandidate:399079f7-1eb1-4f37-b003-267572525934
2019-10-20 18:18:55,427 [grpc-default-executor-10] INFO  impl.RoleInfo (RoleInfo.java:shutdownFollowerState(121)) - 7a43c46a-fc88-4b2d-b2da-ae029cfa60ff: shutdown FollowerState
2019-10-20 18:18:55,427 [grpc-default-executor-10] INFO  impl.RoleInfo (RoleInfo.java:updateAndGet(143)) - 7a43c46a-fc88-4b2d-b2da-ae029cfa60ff: start FollowerState
2019-10-20 18:18:55,427 [Thread-2934] INFO  impl.FollowerState (FollowerState.java:run(117)) - 7a43c46a-fc88-4b2d-b2da-ae029cfa60ff@group-D40A05E2FCF9-FollowerState was interrupted: java.lang.InterruptedException: sleep interrupted
2019-10-20 18:18:55,427 [grpc-default-executor-4] INFO  impl.RaftServerImpl (RaftServerImpl.java:setRole(184)) - 6c5c38af-62e6-4ea7-a24a-078dcb28fb39@group-D40A05E2FCF9: changes role from  FOLLOWER to FOLLOWER at term 205 for recognizeCandidate:399079f7-1eb1-4f37-b003-267572525934
2019-10-20 18:18:55,428 [grpc-default-executor-4] INFO  impl.RoleInfo (RoleInfo.java:shutdownFollowerState(121)) - 6c5c38af-62e6-4ea7-a24a-078dcb28fb39: shutdown FollowerState
2019-10-20 18:18:55,428 [grpc-default-executor-4] INFO  impl.RoleInfo (RoleInfo.java:updateAndGet(143)) - 6c5c38af-62e6-4ea7-a24a-078dcb28fb39: start FollowerState
2019-10-20 18:18:55,428 [Thread-2935] INFO  impl.FollowerState (FollowerState.java:run(117)) - 6c5c38af-62e6-4ea7-a24a-078dcb28fb39@group-D40A05E2FCF9-FollowerState was interrupted: java.lang.InterruptedException: sleep interrupted
2019-10-20 18:18:55,446 [399079f7-1eb1-4f37-b003-267572525934@group-D40A05E2FCF9-LeaderElection366] INFO  impl.LeaderElection (LeaderElection.java:logAndReturn(56)) - 399079f7-1eb1-4f37-b003-267572525934@group-D40A05E2FCF9-LeaderElection366: Election TIMEOUT; received 0 response(s) [] and 0 exception(s); 399079f7-1eb1-4f37-b003-267572525934@group-D40A05E2FCF9:t205, leader=null, voted=399079f7-1eb1-4f37-b003-267572525934, raftlog=399079f7-1eb1-4f37-b003-267572525934@group-D40A05E2FCF9-SegmentedRaftLog:OPENED:c-1,f-1,i0, conf=-1: [399079f7-1eb1-4f37-b003-267572525934:192.168.164.241:37762, 7a43c46a-fc88-4b2d-b2da-ae029cfa60ff:192.168.164.241:43684, 6c5c38af-62e6-4ea7-a24a-078dcb28fb39:192.168.164.241:45428], old=null
2019-10-20 18:18:55,468 [399079f7-1eb1-4f37-b003-267572525934@group-D40A05E2FCF9-LeaderElection366] INFO  impl.LeaderElection (LeaderElection.java:askForVotes(178)) - 399079f7-1eb1-4f37-b003-267572525934@group-D40A05E2FCF9-LeaderElection366: begin an election at term 206 for -1: [399079f7-1eb1-4f37-b003-267572525934:192.168.164.241:37762, 7a43c46a-fc88-4b2d-b2da-ae029cfa60ff:192.168.164.241:43684, 6c5c38af-62e6-4ea7-a24a-078dcb28fb39:192.168.164.241:45428], old=null
2019-10-20 18:18:55,473 [grpc-default-executor-4] INFO  impl.RaftServerImpl (RaftServerImpl.java:setRole(184)) - 7a43c46a-fc88-4b2d-b2da-ae029cfa60ff@group-D40A05E2FCF9: changes role from  FOLLOWER to FOLLOWER at term 206 for recognizeCandidate:399079f7-1eb1-4f37-b003-267572525934
2019-10-20 18:18:55,473 [grpc-default-executor-4] INFO  impl.RoleInfo (RoleInfo.java:shutdownFollowerState(121)) - 7a43c46a-fc88-4b2d-b2da-ae029cfa60ff: shutdown FollowerState
2019-10-20 18:18:55,473 [grpc-default-executor-4] INFO  impl.RoleInfo (RoleInfo.java:updateAndGet(143)) - 7a43c46a-fc88-4b2d-b2da-ae029cfa60ff: start FollowerState
2019-10-20 18:18:55,473 [Thread-2945] INFO  impl.FollowerState (FollowerState.java:run(117)) - 7a43c46a-fc88-4b2d-b2da-ae029cfa60ff@group-D40A05E2FCF9-FollowerState was interrupted: java.lang.InterruptedException: sleep interrupted
2019-10-20 18:18:55,473 [grpc-default-executor-10] INFO  impl.RaftServerImpl (RaftServerImpl.java:setRole(184)) - 6c5c38af-62e6-4ea7-a24a-078dcb28fb39@group-D40A05E2FCF9: changes role from  FOLLOWER to FOLLOWER at term 206 for recognizeCandidate:399079f7-1eb1-4f37-b003-267572525934
2019-10-20 18:18:55,474 [grpc-default-executor-10] INFO  impl.RoleInfo (RoleInfo.java:shutdownFollowerState(121)) - 6c5c38af-62e6-4ea7-a24a-078dcb28fb39: shutdown FollowerState
2019-10-20 18:18:55,474 [grpc-default-executor-10] INFO  impl.RoleInfo (RoleInfo.java:updateAndGet(143)) - 6c5c38af-62e6-4ea7-a24a-078dcb28fb39: start FollowerState
2019-10-20 18:18:55,474 [Thread-2946] INFO  impl.FollowerState (FollowerState.java:run(117)) - 6c5c38af-62e6-4ea7-a24a-078dcb28fb39@group-D40A05E2FCF9-FollowerState was interrupted: java.lang.InterruptedException: sleep interrupted
2019-10-20 18:18:55,503 [399079f7-1eb1-4f37-b003-267572525934@group-D40A05E2FCF9-LeaderElection366] INFO  impl.LeaderElection (LeaderElection.java:logAndReturn(56)) - 399079f7-1eb1-4f37-b003-267572525934@group-D40A05E2FCF9-LeaderElection366: Election REJECTED; received 2 response(s) [399079f7-1eb1-4f37-b003-267572525934<-7a43c46a-fc88-4b2d-b2da-ae029cfa60ff#0:FAIL-t206, 399079f7-1eb1-4f37-b003-267572525934<-6c5c38af-62e6-4ea7-a24a-078dcb28fb39#0:FAIL-t206] and 0 exception(s); 399079f7-1eb1-4f37-b003-267572525934@group-D40A05E2FCF9:t206, leader=null, voted=399079f7-1eb1-4f37-b003-267572525934, raftlog=399079f7-1eb1-4f37-b003-267572525934@group-D40A05E2FCF9-SegmentedRaftLog:OPENED:c-1,f-1,i0, conf=-1: [399079f7-1eb1-4f37-b003-267572525934:192.168.164.241:37762, 7a43c46a-fc88-4b2d-b2da-ae029cfa60ff:192.168.164.241:43684, 6c5c38af-62e6-4ea7-a24a-078dcb28fb39:192.168.164.241:45428], old=null
2019-10-20 18:18:55,503 [399079f7-1eb1-4f37-b003-267572525934@group-D40A05E2FCF9-LeaderElection366] INFO  impl.RaftServerImpl (RaftServerImpl.java:setRole(184)) - 399079f7-1eb1-4f37-b003-267572525934@group-D40A05E2FCF9: changes role from CANDIDATE to FOLLOWER at term 206 for DISCOVERED_A_NEW_TERM
2019-10-20 18:18:55,503 [399079f7-1eb1-4f37-b003-267572525934@group-D40A05E2FCF9-LeaderElection366] INFO  impl.RoleInfo (RoleInfo.java:shutdownLeaderElection(134)) - 399079f7-1eb1-4f37-b003-267572525934: shutdown LeaderElection
2019-10-20 18:18:55,503 [399079f7-1eb1-4f37-b003-267572525934@group-D40A05E2FCF9-LeaderElection366] INFO  impl.RoleInfo (RoleInfo.java:updateAndGet(143)) - 399079f7-1eb1-4f37-b003-267572525934: start FollowerState
2019-10-20 18:18:55,557 [Thread-2941] INFO  impl.FollowerState (FollowerState.java:run(108)) - b75f8b2e-6273-4c97-b7c5-042674931d23@group-F11756C8BA4A-FollowerState: change to CANDIDATE, lastRpcTime:197ms, electionTimeout:197ms
2019-10-20 18:18:55,557 [Thread-2941] INFO  impl.RoleInfo (RoleInfo.java:shutdownFollowerState(121)) - b75f8b2e-6273-4c97-b7c5-042674931d23: shutdown FollowerState
2019-10-20 18:18:55,557 [Thread-2941] INFO  impl.RaftServerImpl (RaftServerImpl.java:setRole(184)) - b75f8b2e-6273-4c97-b7c5-042674931d23@group-F11756C8BA4A: changes role from  FOLLOWER to CANDIDATE at term 205 for changeToCandidate
2019-10-20 18:18:55,557 [Thread-2941] INFO  impl.RoleInfo (RoleInfo.java:updateAndGet(143)) - b75f8b2e-6273-4c97-b7c5-042674931d23: start LeaderElection
2019-10-20 18:18:55,570 [b75f8b2e-6273-4c97-b7c5-042674931d23@group-F11756C8BA4A-LeaderElection367] INFO  impl.LeaderElection (LeaderElection.java:askForVotes(178)) - b75f8b2e-6273-4c97-b7c5-042674931d23@group-F11756C8BA4A-LeaderElection367: begin an election at term 206 for -1: [6ef27e9c-8ddb-4fa1-8c14-ab102acfb1b8:192.168.164.241:38092, b75f8b2e-6273-4c97-b7c5-042674931d23:192.168.164.241:41857, 3750b3a2-715b-46b3-9d0c-9e38136244b9:192.168.164.241:46227], old=null
2019-10-20 18:18:55,571 [b75f8b2e-6273-4c97-b7c5-042674931d23@group-F11756C8BA4A-LeaderElection367] INFO  impl.LeaderElection (LogUtils.java:infoOrTrace(149)) - b75f8b2e-6273-4c97-b7c5-042674931d23@group-F11756C8BA4A-LeaderElection367 got exception when requesting votes: {}
java.util.concurrent.ExecutionException: org.apache.ratis.thirdparty.io.grpc.StatusRuntimeException: UNAVAILABLE: io exception
	at java.util.concurrent.FutureTask.report(FutureTask.java:122)
	at java.util.concurrent.FutureTask.get(FutureTask.java:192)
	at org.apache.ratis.server.impl.LeaderElection.waitForResults(LeaderElection.java:259)
	at org.apache.ratis.server.impl.LeaderElection.askForVotes(LeaderElection.java:197)
	at org.apache.ratis.server.impl.LeaderElection.run(LeaderElection.java:133)
	at java.lang.Thread.run(Thread.java:748)
Caused by: org.apache.ratis.thirdparty.io.grpc.StatusRuntimeException: UNAVAILABLE: io exception
	at org.apache.ratis.thirdparty.io.grpc.stub.ClientCalls.toStatusRuntimeException(ClientCalls.java:233)
	at org.apache.ratis.thirdparty.io.grpc.stub.ClientCalls.getUnchecked(ClientCalls.java:214)
	at org.apache.ratis.thirdparty.io.grpc.stub.ClientCalls.blockingUnaryCall(ClientCalls.java:139)
	at org.apache.ratis.proto.grpc.RaftServerProtocolServiceGrpc$RaftServerProtocolServiceBlockingStub.requestVote(RaftServerProtocolServiceGrpc.java:265)
	at org.apache.ratis.grpc.server.GrpcServerProtocolClient.requestVote(GrpcServerProtocolClient.java:99)
	at org.apache.ratis.grpc.server.GrpcService.requestVote(GrpcService.java:204)
	at org.apache.ratis.server.impl.LeaderElection.lambda$submitRequests$1(LeaderElection.java:234)
	at java.util.concurrent.FutureTask.run(FutureTask.java:266)
	at java.util.concurrent.Executors$RunnableAdapter.call(Executors.java:511)
	at java.util.concurrent.FutureTask.run(FutureTask.java:266)
	at java.util.concurrent.ThreadPoolExecutor.runWorker(ThreadPoolExecutor.java:1149)
	at java.util.concurrent.ThreadPoolExecutor$Worker.run(ThreadPoolExecutor.java:624)
	... 1 more
Caused by: org.apache.ratis.thirdparty.io.netty.channel.AbstractChannel$AnnotatedConnectException: Connection refused: /192.168.164.241:46227
	at sun.nio.ch.SocketChannelImpl.checkConnect(Native Method)
	at sun.nio.ch.SocketChannelImpl.finishConnect(SocketChannelImpl.java:717)
	at org.apache.ratis.thirdparty.io.netty.channel.socket.nio.NioSocketChannel.doFinishConnect(NioSocketChannel.java:327)
	at org.apache.ratis.thirdparty.io.netty.channel.nio.AbstractNioChannel$AbstractNioUnsafe.finishConnect(AbstractNioChannel.java:340)
	at org.apache.ratis.thirdparty.io.netty.channel.nio.NioEventLoop.processSelectedKey(NioEventLoop.java:632)
	at org.apache.ratis.thirdparty.io.netty.channel.nio.NioEventLoop.processSelectedKeysOptimized(NioEventLoop.java:579)
	at org.apache.ratis.thirdparty.io.netty.channel.nio.NioEventLoop.processSelectedKeys(NioEventLoop.java:496)
	at org.apache.ratis.thirdparty.io.netty.channel.nio.NioEventLoop.run(NioEventLoop.java:458)
	at org.apache.ratis.thirdparty.io.netty.util.concurrent.SingleThreadEventExecutor$5.run(SingleThreadEventExecutor.java:897)
	at org.apache.ratis.thirdparty.io.netty.util.concurrent.FastThreadLocalRunnable.run(FastThreadLocalRunnable.java:30)
	... 1 more
Caused by: java.net.ConnectException: Connection refused
	... 11 more
2019-10-20 18:18:55,575 [grpc-default-executor-4] INFO  impl.RaftServerImpl (RaftServerImpl.java:setRole(184)) - 6ef27e9c-8ddb-4fa1-8c14-ab102acfb1b8@group-F11756C8BA4A: changes role from  FOLLOWER to FOLLOWER at term 206 for recognizeCandidate:b75f8b2e-6273-4c97-b7c5-042674931d23
2019-10-20 18:18:55,575 [grpc-default-executor-4] INFO  impl.RoleInfo (RoleInfo.java:shutdownFollowerState(121)) - 6ef27e9c-8ddb-4fa1-8c14-ab102acfb1b8: shutdown FollowerState
2019-10-20 18:18:55,575 [grpc-default-executor-4] INFO  impl.RoleInfo (RoleInfo.java:updateAndGet(143)) - 6ef27e9c-8ddb-4fa1-8c14-ab102acfb1b8: start FollowerState
2019-10-20 18:18:55,576 [Thread-2940] INFO  impl.FollowerState (FollowerState.java:run(117)) - 6ef27e9c-8ddb-4fa1-8c14-ab102acfb1b8@group-F11756C8BA4A-FollowerState was interrupted: java.lang.InterruptedException: sleep interrupted
2019-10-20 18:18:55,578 [b75f8b2e-6273-4c97-b7c5-042674931d23@group-F11756C8BA4A-LeaderElection367] INFO  impl.LeaderElection (LeaderElection.java:logAndReturn(56)) - b75f8b2e-6273-4c97-b7c5-042674931d23@group-F11756C8BA4A-LeaderElection367: Election TIMEOUT; received 0 response(s) [] and 1 exception(s); b75f8b2e-6273-4c97-b7c5-042674931d23@group-F11756C8BA4A:t206, leader=null, voted=b75f8b2e-6273-4c97-b7c5-042674931d23, raftlog=b75f8b2e-6273-4c97-b7c5-042674931d23@group-F11756C8BA4A-SegmentedRaftLog:OPENED:c-1,f-1,i0, conf=-1: [6ef27e9c-8ddb-4fa1-8c14-ab102acfb1b8:192.168.164.241:38092, b75f8b2e-6273-4c97-b7c5-042674931d23:192.168.164.241:41857, 3750b3a2-715b-46b3-9d0c-9e38136244b9:192.168.164.241:46227], old=null
2019-10-20 18:18:55,578 [b75f8b2e-6273-4c97-b7c5-042674931d23@group-F11756C8BA4A-LeaderElection367] INFO  impl.LeaderElection (LogUtils.java:infoOrTrace(149)) -   Exception 0: {}
java.util.concurrent.ExecutionException: org.apache.ratis.thirdparty.io.grpc.StatusRuntimeException: UNAVAILABLE: io exception
	at java.util.concurrent.FutureTask.report(FutureTask.java:122)
	at java.util.concurrent.FutureTask.get(FutureTask.java:192)
	at org.apache.ratis.server.impl.LeaderElection.waitForResults(LeaderElection.java:259)
	at org.apache.ratis.server.impl.LeaderElection.askForVotes(LeaderElection.java:197)
	at org.apache.ratis.server.impl.LeaderElection.run(LeaderElection.java:133)
	at java.lang.Thread.run(Thread.java:748)
Caused by: org.apache.ratis.thirdparty.io.grpc.StatusRuntimeException: UNAVAILABLE: io exception
	at org.apache.ratis.thirdparty.io.grpc.stub.ClientCalls.toStatusRuntimeException(ClientCalls.java:233)
	at org.apache.ratis.thirdparty.io.grpc.stub.ClientCalls.getUnchecked(ClientCalls.java:214)
	at org.apache.ratis.thirdparty.io.grpc.stub.ClientCalls.blockingUnaryCall(ClientCalls.java:139)
	at org.apache.ratis.proto.grpc.RaftServerProtocolServiceGrpc$RaftServerProtocolServiceBlockingStub.requestVote(RaftServerProtocolServiceGrpc.java:265)
	at org.apache.ratis.grpc.server.GrpcServerProtocolClient.requestVote(GrpcServerProtocolClient.java:99)
	at org.apache.ratis.grpc.server.GrpcService.requestVote(GrpcService.java:204)
	at org.apache.ratis.server.impl.LeaderElection.lambda$submitRequests$1(LeaderElection.java:234)
	at java.util.concurrent.FutureTask.run(FutureTask.java:266)
	at java.util.concurrent.Executors$RunnableAdapter.call(Executors.java:511)
	at java.util.concurrent.FutureTask.run(FutureTask.java:266)
	at java.util.concurrent.ThreadPoolExecutor.runWorker(ThreadPoolExecutor.java:1149)
	at java.util.concurrent.ThreadPoolExecutor$Worker.run(ThreadPoolExecutor.java:624)
	... 1 more
Caused by: org.apache.ratis.thirdparty.io.netty.channel.AbstractChannel$AnnotatedConnectException: Connection refused: /192.168.164.241:46227
	at sun.nio.ch.SocketChannelImpl.checkConnect(Native Method)
	at sun.nio.ch.SocketChannelImpl.finishConnect(SocketChannelImpl.java:717)
	at org.apache.ratis.thirdparty.io.netty.channel.socket.nio.NioSocketChannel.doFinishConnect(NioSocketChannel.java:327)
	at org.apache.ratis.thirdparty.io.netty.channel.nio.AbstractNioChannel$AbstractNioUnsafe.finishConnect(AbstractNioChannel.java:340)
	at org.apache.ratis.thirdparty.io.netty.channel.nio.NioEventLoop.processSelectedKey(NioEventLoop.java:632)
	at org.apache.ratis.thirdparty.io.netty.channel.nio.NioEventLoop.processSelectedKeysOptimized(NioEventLoop.java:579)
	at org.apache.ratis.thirdparty.io.netty.channel.nio.NioEventLoop.processSelectedKeys(NioEventLoop.java:496)
	at org.apache.ratis.thirdparty.io.netty.channel.nio.NioEventLoop.run(NioEventLoop.java:458)
	at org.apache.ratis.thirdparty.io.netty.util.concurrent.SingleThreadEventExecutor$5.run(SingleThreadEventExecutor.java:897)
	at org.apache.ratis.thirdparty.io.netty.util.concurrent.FastThreadLocalRunnable.run(FastThreadLocalRunnable.java:30)
	... 1 more
Caused by: java.net.ConnectException: Connection refused
	... 11 more
2019-10-20 18:18:55,605 [b75f8b2e-6273-4c97-b7c5-042674931d23@group-F11756C8BA4A-LeaderElection367] INFO  impl.LeaderElection (LeaderElection.java:askForVotes(178)) - b75f8b2e-6273-4c97-b7c5-042674931d23@group-F11756C8BA4A-LeaderElection367: begin an election at term 207 for -1: [6ef27e9c-8ddb-4fa1-8c14-ab102acfb1b8:192.168.164.241:38092, b75f8b2e-6273-4c97-b7c5-042674931d23:192.168.164.241:41857, 3750b3a2-715b-46b3-9d0c-9e38136244b9:192.168.164.241:46227], old=null
2019-10-20 18:18:55,606 [b75f8b2e-6273-4c97-b7c5-042674931d23@group-F11756C8BA4A-LeaderElection367] INFO  impl.LeaderElection (LogUtils.java:infoOrTrace(149)) - b75f8b2e-6273-4c97-b7c5-042674931d23@group-F11756C8BA4A-LeaderElection367 got exception when requesting votes: {}
java.util.concurrent.ExecutionException: org.apache.ratis.thirdparty.io.grpc.StatusRuntimeException: UNAVAILABLE: io exception
	at java.util.concurrent.FutureTask.report(FutureTask.java:122)
	at java.util.concurrent.FutureTask.get(FutureTask.java:192)
	at org.apache.ratis.server.impl.LeaderElection.waitForResults(LeaderElection.java:259)
	at org.apache.ratis.server.impl.LeaderElection.askForVotes(LeaderElection.java:197)
	at org.apache.ratis.server.impl.LeaderElection.run(LeaderElection.java:133)
	at java.lang.Thread.run(Thread.java:748)
Caused by: org.apache.ratis.thirdparty.io.grpc.StatusRuntimeException: UNAVAILABLE: io exception
	at org.apache.ratis.thirdparty.io.grpc.stub.ClientCalls.toStatusRuntimeException(ClientCalls.java:233)
	at org.apache.ratis.thirdparty.io.grpc.stub.ClientCalls.getUnchecked(ClientCalls.java:214)
	at org.apache.ratis.thirdparty.io.grpc.stub.ClientCalls.blockingUnaryCall(ClientCalls.java:139)
	at org.apache.ratis.proto.grpc.RaftServerProtocolServiceGrpc$RaftServerProtocolServiceBlockingStub.requestVote(RaftServerProtocolServiceGrpc.java:265)
	at org.apache.ratis.grpc.server.GrpcServerProtocolClient.requestVote(GrpcServerProtocolClient.java:99)
	at org.apache.ratis.grpc.server.GrpcService.requestVote(GrpcService.java:204)
	at org.apache.ratis.server.impl.LeaderElection.lambda$submitRequests$1(LeaderElection.java:234)
	at java.util.concurrent.FutureTask.run(FutureTask.java:266)
	at java.util.concurrent.Executors$RunnableAdapter.call(Executors.java:511)
	at java.util.concurrent.FutureTask.run(FutureTask.java:266)
	at java.util.concurrent.ThreadPoolExecutor.runWorker(ThreadPoolExecutor.java:1149)
	at java.util.concurrent.ThreadPoolExecutor$Worker.run(ThreadPoolExecutor.java:624)
	... 1 more
Caused by: org.apache.ratis.thirdparty.io.netty.channel.AbstractChannel$AnnotatedConnectException: Connection refused: /192.168.164.241:46227
	at sun.nio.ch.SocketChannelImpl.checkConnect(Native Method)
	at sun.nio.ch.SocketChannelImpl.finishConnect(SocketChannelImpl.java:717)
	at org.apache.ratis.thirdparty.io.netty.channel.socket.nio.NioSocketChannel.doFinishConnect(NioSocketChannel.java:327)
	at org.apache.ratis.thirdparty.io.netty.channel.nio.AbstractNioChannel$AbstractNioUnsafe.finishConnect(AbstractNioChannel.java:340)
	at org.apache.ratis.thirdparty.io.netty.channel.nio.NioEventLoop.processSelectedKey(NioEventLoop.java:632)
	at org.apache.ratis.thirdparty.io.netty.channel.nio.NioEventLoop.processSelectedKeysOptimized(NioEventLoop.java:579)
	at org.apache.ratis.thirdparty.io.netty.channel.nio.NioEventLoop.processSelectedKeys(NioEventLoop.java:496)
	at org.apache.ratis.thirdparty.io.netty.channel.nio.NioEventLoop.run(NioEventLoop.java:458)
	at org.apache.ratis.thirdparty.io.netty.util.concurrent.SingleThreadEventExecutor$5.run(SingleThreadEventExecutor.java:897)
	at org.apache.ratis.thirdparty.io.netty.util.concurrent.FastThreadLocalRunnable.run(FastThreadLocalRunnable.java:30)
	... 1 more
Caused by: java.net.ConnectException: Connection refused
	... 11 more
2019-10-20 18:18:55,621 [grpc-default-executor-4] INFO  impl.RaftServerImpl (RaftServerImpl.java:setRole(184)) - 6ef27e9c-8ddb-4fa1-8c14-ab102acfb1b8@group-F11756C8BA4A: changes role from  FOLLOWER to FOLLOWER at term 207 for recognizeCandidate:b75f8b2e-6273-4c97-b7c5-042674931d23
2019-10-20 18:18:55,622 [grpc-default-executor-4] INFO  impl.RoleInfo (RoleInfo.java:shutdownFollowerState(121)) - 6ef27e9c-8ddb-4fa1-8c14-ab102acfb1b8: shutdown FollowerState
2019-10-20 18:18:55,622 [grpc-default-executor-4] INFO  impl.RoleInfo (RoleInfo.java:updateAndGet(143)) - 6ef27e9c-8ddb-4fa1-8c14-ab102acfb1b8: start FollowerState
2019-10-20 18:18:55,622 [Thread-2955] INFO  impl.FollowerState (FollowerState.java:run(117)) - 6ef27e9c-8ddb-4fa1-8c14-ab102acfb1b8@group-F11756C8BA4A-FollowerState was interrupted: java.lang.InterruptedException: sleep interrupted
2019-10-20 18:18:55,639 [b75f8b2e-6273-4c97-b7c5-042674931d23@group-F11756C8BA4A-LeaderElection367] INFO  impl.LeaderElection (LeaderElection.java:logAndReturn(56)) - b75f8b2e-6273-4c97-b7c5-042674931d23@group-F11756C8BA4A-LeaderElection367: Election REJECTED; received 1 response(s) [b75f8b2e-6273-4c97-b7c5-042674931d23<-6ef27e9c-8ddb-4fa1-8c14-ab102acfb1b8#0:FAIL-t207] and 1 exception(s); b75f8b2e-6273-4c97-b7c5-042674931d23@group-F11756C8BA4A:t207, leader=null, voted=b75f8b2e-6273-4c97-b7c5-042674931d23, raftlog=b75f8b2e-6273-4c97-b7c5-042674931d23@group-F11756C8BA4A-SegmentedRaftLog:OPENED:c-1,f-1,i0, conf=-1: [6ef27e9c-8ddb-4fa1-8c14-ab102acfb1b8:192.168.164.241:38092, b75f8b2e-6273-4c97-b7c5-042674931d23:192.168.164.241:41857, 3750b3a2-715b-46b3-9d0c-9e38136244b9:192.168.164.241:46227], old=null
2019-10-20 18:18:55,640 [b75f8b2e-6273-4c97-b7c5-042674931d23@group-F11756C8BA4A-LeaderElection367] INFO  impl.LeaderElection (LogUtils.java:infoOrTrace(149)) -   Exception 0: {}
java.util.concurrent.ExecutionException: org.apache.ratis.thirdparty.io.grpc.StatusRuntimeException: UNAVAILABLE: io exception
	at java.util.concurrent.FutureTask.report(FutureTask.java:122)
	at java.util.concurrent.FutureTask.get(FutureTask.java:192)
	at org.apache.ratis.server.impl.LeaderElection.waitForResults(LeaderElection.java:259)
	at org.apache.ratis.server.impl.LeaderElection.askForVotes(LeaderElection.java:197)
	at org.apache.ratis.server.impl.LeaderElection.run(LeaderElection.java:133)
	at java.lang.Thread.run(Thread.java:748)
Caused by: org.apache.ratis.thirdparty.io.grpc.StatusRuntimeException: UNAVAILABLE: io exception
	at org.apache.ratis.thirdparty.io.grpc.stub.ClientCalls.toStatusRuntimeException(ClientCalls.java:233)
	at org.apache.ratis.thirdparty.io.grpc.stub.ClientCalls.getUnchecked(ClientCalls.java:214)
	at org.apache.ratis.thirdparty.io.grpc.stub.ClientCalls.blockingUnaryCall(ClientCalls.java:139)
	at org.apache.ratis.proto.grpc.RaftServerProtocolServiceGrpc$RaftServerProtocolServiceBlockingStub.requestVote(RaftServerProtocolServiceGrpc.java:265)
	at org.apache.ratis.grpc.server.GrpcServerProtocolClient.requestVote(GrpcServerProtocolClient.java:99)
	at org.apache.ratis.grpc.server.GrpcService.requestVote(GrpcService.java:204)
	at org.apache.ratis.server.impl.LeaderElection.lambda$submitRequests$1(LeaderElection.java:234)
	at java.util.concurrent.FutureTask.run(FutureTask.java:266)
	at java.util.concurrent.Executors$RunnableAdapter.call(Executors.java:511)
	at java.util.concurrent.FutureTask.run(FutureTask.java:266)
	at java.util.concurrent.ThreadPoolExecutor.runWorker(ThreadPoolExecutor.java:1149)
	at java.util.concurrent.ThreadPoolExecutor$Worker.run(ThreadPoolExecutor.java:624)
	... 1 more
Caused by: org.apache.ratis.thirdparty.io.netty.channel.AbstractChannel$AnnotatedConnectException: Connection refused: /192.168.164.241:46227
	at sun.nio.ch.SocketChannelImpl.checkConnect(Native Method)
	at sun.nio.ch.SocketChannelImpl.finishConnect(SocketChannelImpl.java:717)
	at org.apache.ratis.thirdparty.io.netty.channel.socket.nio.NioSocketChannel.doFinishConnect(NioSocketChannel.java:327)
	at org.apache.ratis.thirdparty.io.netty.channel.nio.AbstractNioChannel$AbstractNioUnsafe.finishConnect(AbstractNioChannel.java:340)
	at org.apache.ratis.thirdparty.io.netty.channel.nio.NioEventLoop.processSelectedKey(NioEventLoop.java:632)
	at org.apache.ratis.thirdparty.io.netty.channel.nio.NioEventLoop.processSelectedKeysOptimized(NioEventLoop.java:579)
	at org.apache.ratis.thirdparty.io.netty.channel.nio.NioEventLoop.processSelectedKeys(NioEventLoop.java:496)
	at org.apache.ratis.thirdparty.io.netty.channel.nio.NioEventLoop.run(NioEventLoop.java:458)
	at org.apache.ratis.thirdparty.io.netty.util.concurrent.SingleThreadEventExecutor$5.run(SingleThreadEventExecutor.java:897)
	at org.apache.ratis.thirdparty.io.netty.util.concurrent.FastThreadLocalRunnable.run(FastThreadLocalRunnable.java:30)
	... 1 more
Caused by: java.net.ConnectException: Connection refused
	... 11 more
2019-10-20 18:18:55,640 [b75f8b2e-6273-4c97-b7c5-042674931d23@group-F11756C8BA4A-LeaderElection367] INFO  impl.RaftServerImpl (RaftServerImpl.java:setRole(184)) - b75f8b2e-6273-4c97-b7c5-042674931d23@group-F11756C8BA4A: changes role from CANDIDATE to FOLLOWER at term 207 for DISCOVERED_A_NEW_TERM
2019-10-20 18:18:55,640 [b75f8b2e-6273-4c97-b7c5-042674931d23@group-F11756C8BA4A-LeaderElection367] INFO  impl.RoleInfo (RoleInfo.java:shutdownLeaderElection(134)) - b75f8b2e-6273-4c97-b7c5-042674931d23: shutdown LeaderElection
2019-10-20 18:18:55,640 [b75f8b2e-6273-4c97-b7c5-042674931d23@group-F11756C8BA4A-LeaderElection367] INFO  impl.RoleInfo (RoleInfo.java:updateAndGet(143)) - b75f8b2e-6273-4c97-b7c5-042674931d23: start FollowerState
2019-10-20 18:18:55,645 [Thread-2951] INFO  impl.FollowerState (FollowerState.java:run(108)) - 399079f7-1eb1-4f37-b003-267572525934@group-D40A05E2FCF9-FollowerState: change to CANDIDATE, lastRpcTime:142ms, electionTimeout:142ms
2019-10-20 18:18:55,646 [Thread-2951] INFO  impl.RoleInfo (RoleInfo.java:shutdownFollowerState(121)) - 399079f7-1eb1-4f37-b003-267572525934: shutdown FollowerState
2019-10-20 18:18:55,646 [Thread-2951] INFO  impl.RaftServerImpl (RaftServerImpl.java:setRole(184)) - 399079f7-1eb1-4f37-b003-267572525934@group-D40A05E2FCF9: changes role from  FOLLOWER to CANDIDATE at term 206 for changeToCandidate
2019-10-20 18:18:55,646 [Thread-2951] INFO  impl.RoleInfo (RoleInfo.java:updateAndGet(143)) - 399079f7-1eb1-4f37-b003-267572525934: start LeaderElection
2019-10-20 18:18:55,664 [399079f7-1eb1-4f37-b003-267572525934@group-D40A05E2FCF9-LeaderElection368] INFO  impl.LeaderElection (LeaderElection.java:askForVotes(178)) - 399079f7-1eb1-4f37-b003-267572525934@group-D40A05E2FCF9-LeaderElection368: begin an election at term 207 for -1: [399079f7-1eb1-4f37-b003-267572525934:192.168.164.241:37762, 7a43c46a-fc88-4b2d-b2da-ae029cfa60ff:192.168.164.241:43684, 6c5c38af-62e6-4ea7-a24a-078dcb28fb39:192.168.164.241:45428], old=null
2019-10-20 18:18:55,666 [grpc-default-executor-4] INFO  impl.RaftServerImpl (RaftServerImpl.java:setRole(184)) - 7a43c46a-fc88-4b2d-b2da-ae029cfa60ff@group-D40A05E2FCF9: changes role from  FOLLOWER to FOLLOWER at term 207 for recognizeCandidate:399079f7-1eb1-4f37-b003-267572525934
2019-10-20 18:18:55,666 [grpc-default-executor-4] INFO  impl.RoleInfo (RoleInfo.java:shutdownFollowerState(121)) - 7a43c46a-fc88-4b2d-b2da-ae029cfa60ff: shutdown FollowerState
2019-10-20 18:18:55,666 [grpc-default-executor-10] INFO  impl.RaftServerImpl (RaftServerImpl.java:setRole(184)) - 6c5c38af-62e6-4ea7-a24a-078dcb28fb39@group-D40A05E2FCF9: changes role from  FOLLOWER to FOLLOWER at term 207 for recognizeCandidate:399079f7-1eb1-4f37-b003-267572525934
2019-10-20 18:18:55,666 [grpc-default-executor-10] INFO  impl.RoleInfo (RoleInfo.java:shutdownFollowerState(121)) - 6c5c38af-62e6-4ea7-a24a-078dcb28fb39: shutdown FollowerState
2019-10-20 18:18:55,666 [Thread-2949] INFO  impl.FollowerState (FollowerState.java:run(117)) - 7a43c46a-fc88-4b2d-b2da-ae029cfa60ff@group-D40A05E2FCF9-FollowerState was interrupted: java.lang.InterruptedException: sleep interrupted
2019-10-20 18:18:55,666 [Thread-2950] INFO  impl.FollowerState (FollowerState.java:run(117)) - 6c5c38af-62e6-4ea7-a24a-078dcb28fb39@group-D40A05E2FCF9-FollowerState was interrupted: java.lang.InterruptedException: sleep interrupted
2019-10-20 18:18:55,666 [grpc-default-executor-4] INFO  impl.RoleInfo (RoleInfo.java:updateAndGet(143)) - 7a43c46a-fc88-4b2d-b2da-ae029cfa60ff: start FollowerState
2019-10-20 18:18:55,666 [grpc-default-executor-10] INFO  impl.RoleInfo (RoleInfo.java:updateAndGet(143)) - 6c5c38af-62e6-4ea7-a24a-078dcb28fb39: start FollowerState
2019-10-20 18:18:55,683 [399079f7-1eb1-4f37-b003-267572525934@group-D40A05E2FCF9-LeaderElection368] INFO  impl.LeaderElection (LeaderElection.java:logAndReturn(56)) - 399079f7-1eb1-4f37-b003-267572525934@group-D40A05E2FCF9-LeaderElection368: Election REJECTED; received 2 response(s) [399079f7-1eb1-4f37-b003-267572525934<-7a43c46a-fc88-4b2d-b2da-ae029cfa60ff#0:FAIL-t207, 399079f7-1eb1-4f37-b003-267572525934<-6c5c38af-62e6-4ea7-a24a-078dcb28fb39#0:FAIL-t207] and 0 exception(s); 399079f7-1eb1-4f37-b003-267572525934@group-D40A05E2FCF9:t207, leader=null, voted=399079f7-1eb1-4f37-b003-267572525934, raftlog=399079f7-1eb1-4f37-b003-267572525934@group-D40A05E2FCF9-SegmentedRaftLog:OPENED:c-1,f-1,i0, conf=-1: [399079f7-1eb1-4f37-b003-267572525934:192.168.164.241:37762, 7a43c46a-fc88-4b2d-b2da-ae029cfa60ff:192.168.164.241:43684, 6c5c38af-62e6-4ea7-a24a-078dcb28fb39:192.168.164.241:45428], old=null
2019-10-20 18:18:55,683 [399079f7-1eb1-4f37-b003-267572525934@group-D40A05E2FCF9-LeaderElection368] INFO  impl.RaftServerImpl (RaftServerImpl.java:setRole(184)) - 399079f7-1eb1-4f37-b003-267572525934@group-D40A05E2FCF9: changes role from CANDIDATE to FOLLOWER at term 207 for DISCOVERED_A_NEW_TERM
2019-10-20 18:18:55,683 [399079f7-1eb1-4f37-b003-267572525934@group-D40A05E2FCF9-LeaderElection368] INFO  impl.RoleInfo (RoleInfo.java:shutdownLeaderElection(134)) - 399079f7-1eb1-4f37-b003-267572525934: shutdown LeaderElection
2019-10-20 18:18:55,683 [399079f7-1eb1-4f37-b003-267572525934@group-D40A05E2FCF9-LeaderElection368] INFO  impl.RoleInfo (RoleInfo.java:updateAndGet(143)) - 399079f7-1eb1-4f37-b003-267572525934: start FollowerState
2019-10-20 18:18:55,710 [Thread-2965] INFO  impl.FollowerState (FollowerState.java:run(108)) - 399079f7-1eb1-4f37-b003-267572525934@group-D40A05E2FCF9-FollowerState: change to CANDIDATE, lastRpcTime:26ms, electionTimeout:24ms
2019-10-20 18:18:55,710 [Thread-2965] INFO  impl.RoleInfo (RoleInfo.java:shutdownFollowerState(121)) - 399079f7-1eb1-4f37-b003-267572525934: shutdown FollowerState
2019-10-20 18:18:55,710 [Thread-2965] INFO  impl.RaftServerImpl (RaftServerImpl.java:setRole(184)) - 399079f7-1eb1-4f37-b003-267572525934@group-D40A05E2FCF9: changes role from  FOLLOWER to CANDIDATE at term 207 for changeToCandidate
2019-10-20 18:18:55,710 [Thread-2965] INFO  impl.RoleInfo (RoleInfo.java:updateAndGet(143)) - 399079f7-1eb1-4f37-b003-267572525934: start LeaderElection
2019-10-20 18:18:55,733 [399079f7-1eb1-4f37-b003-267572525934@group-D40A05E2FCF9-LeaderElection369] INFO  impl.LeaderElection (LeaderElection.java:askForVotes(178)) - 399079f7-1eb1-4f37-b003-267572525934@group-D40A05E2FCF9-LeaderElection369: begin an election at term 208 for -1: [399079f7-1eb1-4f37-b003-267572525934:192.168.164.241:37762, 7a43c46a-fc88-4b2d-b2da-ae029cfa60ff:192.168.164.241:43684, 6c5c38af-62e6-4ea7-a24a-078dcb28fb39:192.168.164.241:45428], old=null
2019-10-20 18:18:55,734 [grpc-default-executor-4] INFO  impl.RaftServerImpl (RaftServerImpl.java:setRole(184)) - 7a43c46a-fc88-4b2d-b2da-ae029cfa60ff@group-D40A05E2FCF9: changes role from  FOLLOWER to FOLLOWER at term 208 for recognizeCandidate:399079f7-1eb1-4f37-b003-267572525934
2019-10-20 18:18:55,734 [grpc-default-executor-10] INFO  impl.RaftServerImpl (RaftServerImpl.java:setRole(184)) - 6c5c38af-62e6-4ea7-a24a-078dcb28fb39@group-D40A05E2FCF9: changes role from  FOLLOWER to FOLLOWER at term 208 for recognizeCandidate:399079f7-1eb1-4f37-b003-267572525934
2019-10-20 18:18:55,735 [grpc-default-executor-10] INFO  impl.RoleInfo (RoleInfo.java:shutdownFollowerState(121)) - 6c5c38af-62e6-4ea7-a24a-078dcb28fb39: shutdown FollowerState
2019-10-20 18:18:55,735 [grpc-default-executor-4] INFO  impl.RoleInfo (RoleInfo.java:shutdownFollowerState(121)) - 7a43c46a-fc88-4b2d-b2da-ae029cfa60ff: shutdown FollowerState
2019-10-20 18:18:55,735 [Thread-2964] INFO  impl.FollowerState (FollowerState.java:run(117)) - 6c5c38af-62e6-4ea7-a24a-078dcb28fb39@group-D40A05E2FCF9-FollowerState was interrupted: java.lang.InterruptedException: sleep interrupted
2019-10-20 18:18:55,735 [grpc-default-executor-10] INFO  impl.RoleInfo (RoleInfo.java:updateAndGet(143)) - 6c5c38af-62e6-4ea7-a24a-078dcb28fb39: start FollowerState
2019-10-20 18:18:55,735 [Thread-2963] INFO  impl.FollowerState (FollowerState.java:run(117)) - 7a43c46a-fc88-4b2d-b2da-ae029cfa60ff@group-D40A05E2FCF9-FollowerState was interrupted: java.lang.InterruptedException: sleep interrupted
2019-10-20 18:18:55,735 [grpc-default-executor-4] INFO  impl.RoleInfo (RoleInfo.java:updateAndGet(143)) - 7a43c46a-fc88-4b2d-b2da-ae029cfa60ff: start FollowerState
2019-10-20 18:18:55,760 [399079f7-1eb1-4f37-b003-267572525934@group-D40A05E2FCF9-LeaderElection369] INFO  impl.LeaderElection (LeaderElection.java:logAndReturn(56)) - 399079f7-1eb1-4f37-b003-267572525934@group-D40A05E2FCF9-LeaderElection369: Election REJECTED; received 2 response(s) [399079f7-1eb1-4f37-b003-267572525934<-7a43c46a-fc88-4b2d-b2da-ae029cfa60ff#0:FAIL-t208, 399079f7-1eb1-4f37-b003-267572525934<-6c5c38af-62e6-4ea7-a24a-078dcb28fb39#0:FAIL-t208] and 0 exception(s); 399079f7-1eb1-4f37-b003-267572525934@group-D40A05E2FCF9:t208, leader=null, voted=399079f7-1eb1-4f37-b003-267572525934, raftlog=399079f7-1eb1-4f37-b003-267572525934@group-D40A05E2FCF9-SegmentedRaftLog:OPENED:c-1,f-1,i0, conf=-1: [399079f7-1eb1-4f37-b003-267572525934:192.168.164.241:37762, 7a43c46a-fc88-4b2d-b2da-ae029cfa60ff:192.168.164.241:43684, 6c5c38af-62e6-4ea7-a24a-078dcb28fb39:192.168.164.241:45428], old=null
2019-10-20 18:18:55,761 [399079f7-1eb1-4f37-b003-267572525934@group-D40A05E2FCF9-LeaderElection369] INFO  impl.RaftServerImpl (RaftServerImpl.java:setRole(184)) - 399079f7-1eb1-4f37-b003-267572525934@group-D40A05E2FCF9: changes role from CANDIDATE to FOLLOWER at term 208 for DISCOVERED_A_NEW_TERM
2019-10-20 18:18:55,761 [399079f7-1eb1-4f37-b003-267572525934@group-D40A05E2FCF9-LeaderElection369] INFO  impl.RoleInfo (RoleInfo.java:shutdownLeaderElection(134)) - 399079f7-1eb1-4f37-b003-267572525934: shutdown LeaderElection
2019-10-20 18:18:55,761 [399079f7-1eb1-4f37-b003-267572525934@group-D40A05E2FCF9-LeaderElection369] INFO  impl.RoleInfo (RoleInfo.java:updateAndGet(143)) - 399079f7-1eb1-4f37-b003-267572525934: start FollowerState
2019-10-20 18:18:55,763 [Thread-2959] INFO  impl.FollowerState (FollowerState.java:run(108)) - b75f8b2e-6273-4c97-b7c5-042674931d23@group-F11756C8BA4A-FollowerState: change to CANDIDATE, lastRpcTime:122ms, electionTimeout:122ms
2019-10-20 18:18:55,763 [Thread-2959] INFO  impl.RoleInfo (RoleInfo.java:shutdownFollowerState(121)) - b75f8b2e-6273-4c97-b7c5-042674931d23: shutdown FollowerState
2019-10-20 18:18:55,763 [Thread-2959] INFO  impl.RaftServerImpl (RaftServerImpl.java:setRole(184)) - b75f8b2e-6273-4c97-b7c5-042674931d23@group-F11756C8BA4A: changes role from  FOLLOWER to CANDIDATE at term 207 for changeToCandidate
2019-10-20 18:18:55,763 [Thread-2959] INFO  impl.RoleInfo (RoleInfo.java:updateAndGet(143)) - b75f8b2e-6273-4c97-b7c5-042674931d23: start LeaderElection
2019-10-20 18:18:55,792 [b75f8b2e-6273-4c97-b7c5-042674931d23@group-F11756C8BA4A-LeaderElection370] INFO  impl.LeaderElection (LeaderElection.java:askForVotes(178)) - b75f8b2e-6273-4c97-b7c5-042674931d23@group-F11756C8BA4A-LeaderElection370: begin an election at term 208 for -1: [6ef27e9c-8ddb-4fa1-8c14-ab102acfb1b8:192.168.164.241:38092, b75f8b2e-6273-4c97-b7c5-042674931d23:192.168.164.241:41857, 3750b3a2-715b-46b3-9d0c-9e38136244b9:192.168.164.241:46227], old=null
2019-10-20 18:18:55,793 [b75f8b2e-6273-4c97-b7c5-042674931d23@group-F11756C8BA4A-LeaderElection370] INFO  impl.LeaderElection (LogUtils.java:infoOrTrace(149)) - b75f8b2e-6273-4c97-b7c5-042674931d23@group-F11756C8BA4A-LeaderElection370 got exception when requesting votes: {}
java.util.concurrent.ExecutionException: org.apache.ratis.thirdparty.io.grpc.StatusRuntimeException: UNAVAILABLE: io exception
	at java.util.concurrent.FutureTask.report(FutureTask.java:122)
	at java.util.concurrent.FutureTask.get(FutureTask.java:192)
	at org.apache.ratis.server.impl.LeaderElection.waitForResults(LeaderElection.java:259)
	at org.apache.ratis.server.impl.LeaderElection.askForVotes(LeaderElection.java:197)
	at org.apache.ratis.server.impl.LeaderElection.run(LeaderElection.java:133)
	at java.lang.Thread.run(Thread.java:748)
Caused by: org.apache.ratis.thirdparty.io.grpc.StatusRuntimeException: UNAVAILABLE: io exception
	at org.apache.ratis.thirdparty.io.grpc.stub.ClientCalls.toStatusRuntimeException(ClientCalls.java:233)
	at org.apache.ratis.thirdparty.io.grpc.stub.ClientCalls.getUnchecked(ClientCalls.java:214)
	at org.apache.ratis.thirdparty.io.grpc.stub.ClientCalls.blockingUnaryCall(ClientCalls.java:139)
	at org.apache.ratis.proto.grpc.RaftServerProtocolServiceGrpc$RaftServerProtocolServiceBlockingStub.requestVote(RaftServerProtocolServiceGrpc.java:265)
	at org.apache.ratis.grpc.server.GrpcServerProtocolClient.requestVote(GrpcServerProtocolClient.java:99)
	at org.apache.ratis.grpc.server.GrpcService.requestVote(GrpcService.java:204)
	at org.apache.ratis.server.impl.LeaderElection.lambda$submitRequests$1(LeaderElection.java:234)
	at java.util.concurrent.FutureTask.run(FutureTask.java:266)
	at java.util.concurrent.Executors$RunnableAdapter.call(Executors.java:511)
	at java.util.concurrent.FutureTask.run(FutureTask.java:266)
	at java.util.concurrent.ThreadPoolExecutor.runWorker(ThreadPoolExecutor.java:1149)
	at java.util.concurrent.ThreadPoolExecutor$Worker.run(ThreadPoolExecutor.java:624)
	... 1 more
Caused by: org.apache.ratis.thirdparty.io.netty.channel.AbstractChannel$AnnotatedConnectException: Connection refused: /192.168.164.241:46227
	at sun.nio.ch.SocketChannelImpl.checkConnect(Native Method)
	at sun.nio.ch.SocketChannelImpl.finishConnect(SocketChannelImpl.java:717)
	at org.apache.ratis.thirdparty.io.netty.channel.socket.nio.NioSocketChannel.doFinishConnect(NioSocketChannel.java:327)
	at org.apache.ratis.thirdparty.io.netty.channel.nio.AbstractNioChannel$AbstractNioUnsafe.finishConnect(AbstractNioChannel.java:340)
	at org.apache.ratis.thirdparty.io.netty.channel.nio.NioEventLoop.processSelectedKey(NioEventLoop.java:632)
	at org.apache.ratis.thirdparty.io.netty.channel.nio.NioEventLoop.processSelectedKeysOptimized(NioEventLoop.java:579)
	at org.apache.ratis.thirdparty.io.netty.channel.nio.NioEventLoop.processSelectedKeys(NioEventLoop.java:496)
	at org.apache.ratis.thirdparty.io.netty.channel.nio.NioEventLoop.run(NioEventLoop.java:458)
	at org.apache.ratis.thirdparty.io.netty.util.concurrent.SingleThreadEventExecutor$5.run(SingleThreadEventExecutor.java:897)
	at org.apache.ratis.thirdparty.io.netty.util.concurrent.FastThreadLocalRunnable.run(FastThreadLocalRunnable.java:30)
	... 1 more
Caused by: java.net.ConnectException: Connection refused
	... 11 more
2019-10-20 18:18:55,798 [grpc-default-executor-10] INFO  impl.RaftServerImpl (RaftServerImpl.java:setRole(184)) - 6ef27e9c-8ddb-4fa1-8c14-ab102acfb1b8@group-F11756C8BA4A: changes role from  FOLLOWER to FOLLOWER at term 208 for recognizeCandidate:b75f8b2e-6273-4c97-b7c5-042674931d23
2019-10-20 18:18:55,798 [grpc-default-executor-10] INFO  impl.RoleInfo (RoleInfo.java:shutdownFollowerState(121)) - 6ef27e9c-8ddb-4fa1-8c14-ab102acfb1b8: shutdown FollowerState
2019-10-20 18:18:55,798 [grpc-default-executor-10] INFO  impl.RoleInfo (RoleInfo.java:updateAndGet(143)) - 6ef27e9c-8ddb-4fa1-8c14-ab102acfb1b8: start FollowerState
2019-10-20 18:18:55,798 [Thread-2958] INFO  impl.FollowerState (FollowerState.java:run(117)) - 6ef27e9c-8ddb-4fa1-8c14-ab102acfb1b8@group-F11756C8BA4A-FollowerState was interrupted: java.lang.InterruptedException: sleep interrupted
2019-10-20 18:18:55,827 [b75f8b2e-6273-4c97-b7c5-042674931d23@group-F11756C8BA4A-LeaderElection370] INFO  impl.LeaderElection (LeaderElection.java:logAndReturn(56)) - b75f8b2e-6273-4c97-b7c5-042674931d23@group-F11756C8BA4A-LeaderElection370: Election REJECTED; received 1 response(s) [b75f8b2e-6273-4c97-b7c5-042674931d23<-6ef27e9c-8ddb-4fa1-8c14-ab102acfb1b8#0:FAIL-t208] and 1 exception(s); b75f8b2e-6273-4c97-b7c5-042674931d23@group-F11756C8BA4A:t208, leader=null, voted=b75f8b2e-6273-4c97-b7c5-042674931d23, raftlog=b75f8b2e-6273-4c97-b7c5-042674931d23@group-F11756C8BA4A-SegmentedRaftLog:OPENED:c-1,f-1,i0, conf=-1: [6ef27e9c-8ddb-4fa1-8c14-ab102acfb1b8:192.168.164.241:38092, b75f8b2e-6273-4c97-b7c5-042674931d23:192.168.164.241:41857, 3750b3a2-715b-46b3-9d0c-9e38136244b9:192.168.164.241:46227], old=null
2019-10-20 18:18:55,827 [b75f8b2e-6273-4c97-b7c5-042674931d23@group-F11756C8BA4A-LeaderElection370] INFO  impl.LeaderElection (LogUtils.java:infoOrTrace(149)) -   Exception 0: {}
java.util.concurrent.ExecutionException: org.apache.ratis.thirdparty.io.grpc.StatusRuntimeException: UNAVAILABLE: io exception
	at java.util.concurrent.FutureTask.report(FutureTask.java:122)
	at java.util.concurrent.FutureTask.get(FutureTask.java:192)
	at org.apache.ratis.server.impl.LeaderElection.waitForResults(LeaderElection.java:259)
	at org.apache.ratis.server.impl.LeaderElection.askForVotes(LeaderElection.java:197)
	at org.apache.ratis.server.impl.LeaderElection.run(LeaderElection.java:133)
	at java.lang.Thread.run(Thread.java:748)
Caused by: org.apache.ratis.thirdparty.io.grpc.StatusRuntimeException: UNAVAILABLE: io exception
	at org.apache.ratis.thirdparty.io.grpc.stub.ClientCalls.toStatusRuntimeException(ClientCalls.java:233)
	at org.apache.ratis.thirdparty.io.grpc.stub.ClientCalls.getUnchecked(ClientCalls.java:214)
	at org.apache.ratis.thirdparty.io.grpc.stub.ClientCalls.blockingUnaryCall(ClientCalls.java:139)
	at org.apache.ratis.proto.grpc.RaftServerProtocolServiceGrpc$RaftServerProtocolServiceBlockingStub.requestVote(RaftServerProtocolServiceGrpc.java:265)
	at org.apache.ratis.grpc.server.GrpcServerProtocolClient.requestVote(GrpcServerProtocolClient.java:99)
	at org.apache.ratis.grpc.server.GrpcService.requestVote(GrpcService.java:204)
	at org.apache.ratis.server.impl.LeaderElection.lambda$submitRequests$1(LeaderElection.java:234)
	at java.util.concurrent.FutureTask.run(FutureTask.java:266)
	at java.util.concurrent.Executors$RunnableAdapter.call(Executors.java:511)
	at java.util.concurrent.FutureTask.run(FutureTask.java:266)
	at java.util.concurrent.ThreadPoolExecutor.runWorker(ThreadPoolExecutor.java:1149)
	at java.util.concurrent.ThreadPoolExecutor$Worker.run(ThreadPoolExecutor.java:624)
	... 1 more
Caused by: org.apache.ratis.thirdparty.io.netty.channel.AbstractChannel$AnnotatedConnectException: Connection refused: /192.168.164.241:46227
	at sun.nio.ch.SocketChannelImpl.checkConnect(Native Method)
	at sun.nio.ch.SocketChannelImpl.finishConnect(SocketChannelImpl.java:717)
	at org.apache.ratis.thirdparty.io.netty.channel.socket.nio.NioSocketChannel.doFinishConnect(NioSocketChannel.java:327)
	at org.apache.ratis.thirdparty.io.netty.channel.nio.AbstractNioChannel$AbstractNioUnsafe.finishConnect(AbstractNioChannel.java:340)
	at org.apache.ratis.thirdparty.io.netty.channel.nio.NioEventLoop.processSelectedKey(NioEventLoop.java:632)
	at org.apache.ratis.thirdparty.io.netty.channel.nio.NioEventLoop.processSelectedKeysOptimized(NioEventLoop.java:579)
	at org.apache.ratis.thirdparty.io.netty.channel.nio.NioEventLoop.processSelectedKeys(NioEventLoop.java:496)
	at org.apache.ratis.thirdparty.io.netty.channel.nio.NioEventLoop.run(NioEventLoop.java:458)
	at org.apache.ratis.thirdparty.io.netty.util.concurrent.SingleThreadEventExecutor$5.run(SingleThreadEventExecutor.java:897)
	at org.apache.ratis.thirdparty.io.netty.util.concurrent.FastThreadLocalRunnable.run(FastThreadLocalRunnable.java:30)
	... 1 more
Caused by: java.net.ConnectException: Connection refused
	... 11 more
2019-10-20 18:18:55,827 [b75f8b2e-6273-4c97-b7c5-042674931d23@group-F11756C8BA4A-LeaderElection370] INFO  impl.RaftServerImpl (RaftServerImpl.java:setRole(184)) - b75f8b2e-6273-4c97-b7c5-042674931d23@group-F11756C8BA4A: changes role from CANDIDATE to FOLLOWER at term 208 for DISCOVERED_A_NEW_TERM
2019-10-20 18:18:55,827 [b75f8b2e-6273-4c97-b7c5-042674931d23@group-F11756C8BA4A-LeaderElection370] INFO  impl.RoleInfo (RoleInfo.java:shutdownLeaderElection(134)) - b75f8b2e-6273-4c97-b7c5-042674931d23: shutdown LeaderElection
2019-10-20 18:18:55,827 [b75f8b2e-6273-4c97-b7c5-042674931d23@group-F11756C8BA4A-LeaderElection370] INFO  impl.RoleInfo (RoleInfo.java:updateAndGet(143)) - b75f8b2e-6273-4c97-b7c5-042674931d23: start FollowerState
2019-10-20 18:18:55,856 [Thread-2972] INFO  impl.FollowerState (FollowerState.java:run(108)) - 399079f7-1eb1-4f37-b003-267572525934@group-D40A05E2FCF9-FollowerState: change to CANDIDATE, lastRpcTime:95ms, electionTimeout:95ms
2019-10-20 18:18:55,857 [Thread-2972] INFO  impl.RoleInfo (RoleInfo.java:shutdownFollowerState(121)) - 399079f7-1eb1-4f37-b003-267572525934: shutdown FollowerState
2019-10-20 18:18:55,857 [Thread-2972] INFO  impl.RaftServerImpl (RaftServerImpl.java:setRole(184)) - 399079f7-1eb1-4f37-b003-267572525934@group-D40A05E2FCF9: changes role from  FOLLOWER to CANDIDATE at term 208 for changeToCandidate
2019-10-20 18:18:55,857 [Thread-2972] INFO  impl.RoleInfo (RoleInfo.java:updateAndGet(143)) - 399079f7-1eb1-4f37-b003-267572525934: start LeaderElection
2019-10-20 18:18:55,886 [399079f7-1eb1-4f37-b003-267572525934@group-D40A05E2FCF9-LeaderElection371] INFO  impl.LeaderElection (LeaderElection.java:askForVotes(178)) - 399079f7-1eb1-4f37-b003-267572525934@group-D40A05E2FCF9-LeaderElection371: begin an election at term 209 for -1: [399079f7-1eb1-4f37-b003-267572525934:192.168.164.241:37762, 7a43c46a-fc88-4b2d-b2da-ae029cfa60ff:192.168.164.241:43684, 6c5c38af-62e6-4ea7-a24a-078dcb28fb39:192.168.164.241:45428], old=null
2019-10-20 18:18:55,887 [Thread-2977] INFO  impl.FollowerState (FollowerState.java:run(108)) - b75f8b2e-6273-4c97-b7c5-042674931d23@group-F11756C8BA4A-FollowerState: change to CANDIDATE, lastRpcTime:59ms, electionTimeout:59ms
2019-10-20 18:18:55,887 [Thread-2977] INFO  impl.RoleInfo (RoleInfo.java:shutdownFollowerState(121)) - b75f8b2e-6273-4c97-b7c5-042674931d23: shutdown FollowerState
2019-10-20 18:18:55,887 [Thread-2977] INFO  impl.RaftServerImpl (RaftServerImpl.java:setRole(184)) - b75f8b2e-6273-4c97-b7c5-042674931d23@group-F11756C8BA4A: changes role from  FOLLOWER to CANDIDATE at term 208 for changeToCandidate
2019-10-20 18:18:55,887 [Thread-2977] INFO  impl.RoleInfo (RoleInfo.java:updateAndGet(143)) - b75f8b2e-6273-4c97-b7c5-042674931d23: start LeaderElection
2019-10-20 18:18:55,887 [grpc-default-executor-4] INFO  impl.RaftServerImpl (RaftServerImpl.java:setRole(184)) - 7a43c46a-fc88-4b2d-b2da-ae029cfa60ff@group-D40A05E2FCF9: changes role from  FOLLOWER to FOLLOWER at term 209 for recognizeCandidate:399079f7-1eb1-4f37-b003-267572525934
2019-10-20 18:18:55,887 [grpc-default-executor-10] INFO  impl.RaftServerImpl (RaftServerImpl.java:setRole(184)) - 6c5c38af-62e6-4ea7-a24a-078dcb28fb39@group-D40A05E2FCF9: changes role from  FOLLOWER to FOLLOWER at term 209 for recognizeCandidate:399079f7-1eb1-4f37-b003-267572525934
2019-10-20 18:18:55,888 [grpc-default-executor-4] INFO  impl.RoleInfo (RoleInfo.java:shutdownFollowerState(121)) - 7a43c46a-fc88-4b2d-b2da-ae029cfa60ff: shutdown FollowerState
2019-10-20 18:18:55,888 [grpc-default-executor-10] INFO  impl.RoleInfo (RoleInfo.java:shutdownFollowerState(121)) - 6c5c38af-62e6-4ea7-a24a-078dcb28fb39: shutdown FollowerState
2019-10-20 18:18:55,888 [Thread-2971] INFO  impl.FollowerState (FollowerState.java:run(117)) - 7a43c46a-fc88-4b2d-b2da-ae029cfa60ff@group-D40A05E2FCF9-FollowerState was interrupted: java.lang.InterruptedException: sleep interrupted
2019-10-20 18:18:55,888 [grpc-default-executor-4] INFO  impl.RoleInfo (RoleInfo.java:updateAndGet(143)) - 7a43c46a-fc88-4b2d-b2da-ae029cfa60ff: start FollowerState
2019-10-20 18:18:55,888 [Thread-2970] INFO  impl.FollowerState (FollowerState.java:run(117)) - 6c5c38af-62e6-4ea7-a24a-078dcb28fb39@group-D40A05E2FCF9-FollowerState was interrupted: java.lang.InterruptedException: sleep interrupted
2019-10-20 18:18:55,888 [grpc-default-executor-10] INFO  impl.RoleInfo (RoleInfo.java:updateAndGet(143)) - 6c5c38af-62e6-4ea7-a24a-078dcb28fb39: start FollowerState
2019-10-20 18:18:55,899 [399079f7-1eb1-4f37-b003-267572525934@group-D40A05E2FCF9-LeaderElection371] INFO  impl.LeaderElection (LeaderElection.java:logAndReturn(56)) - 399079f7-1eb1-4f37-b003-267572525934@group-D40A05E2FCF9-LeaderElection371: Election TIMEOUT; received 0 response(s) [] and 0 exception(s); 399079f7-1eb1-4f37-b003-267572525934@group-D40A05E2FCF9:t209, leader=null, voted=399079f7-1eb1-4f37-b003-267572525934, raftlog=399079f7-1eb1-4f37-b003-267572525934@group-D40A05E2FCF9-SegmentedRaftLog:OPENED:c-1,f-1,i0, conf=-1: [399079f7-1eb1-4f37-b003-267572525934:192.168.164.241:37762, 7a43c46a-fc88-4b2d-b2da-ae029cfa60ff:192.168.164.241:43684, 6c5c38af-62e6-4ea7-a24a-078dcb28fb39:192.168.164.241:45428], old=null
2019-10-20 18:18:55,920 [b75f8b2e-6273-4c97-b7c5-042674931d23@group-F11756C8BA4A-LeaderElection372] INFO  impl.LeaderElection (LeaderElection.java:askForVotes(178)) - b75f8b2e-6273-4c97-b7c5-042674931d23@group-F11756C8BA4A-LeaderElection372: begin an election at term 209 for -1: [6ef27e9c-8ddb-4fa1-8c14-ab102acfb1b8:192.168.164.241:38092, b75f8b2e-6273-4c97-b7c5-042674931d23:192.168.164.241:41857, 3750b3a2-715b-46b3-9d0c-9e38136244b9:192.168.164.241:46227], old=null
2019-10-20 18:18:55,920 [399079f7-1eb1-4f37-b003-267572525934@group-D40A05E2FCF9-LeaderElection371] INFO  impl.LeaderElection (LeaderElection.java:askForVotes(178)) - 399079f7-1eb1-4f37-b003-267572525934@group-D40A05E2FCF9-LeaderElection371: begin an election at term 210 for -1: [399079f7-1eb1-4f37-b003-267572525934:192.168.164.241:37762, 7a43c46a-fc88-4b2d-b2da-ae029cfa60ff:192.168.164.241:43684, 6c5c38af-62e6-4ea7-a24a-078dcb28fb39:192.168.164.241:45428], old=null
2019-10-20 18:18:55,921 [b75f8b2e-6273-4c97-b7c5-042674931d23@group-F11756C8BA4A-LeaderElection372] INFO  impl.LeaderElection (LogUtils.java:infoOrTrace(149)) - b75f8b2e-6273-4c97-b7c5-042674931d23@group-F11756C8BA4A-LeaderElection372 got exception when requesting votes: {}
java.util.concurrent.ExecutionException: org.apache.ratis.thirdparty.io.grpc.StatusRuntimeException: UNAVAILABLE: io exception
	at java.util.concurrent.FutureTask.report(FutureTask.java:122)
	at java.util.concurrent.FutureTask.get(FutureTask.java:192)
	at org.apache.ratis.server.impl.LeaderElection.waitForResults(LeaderElection.java:259)
	at org.apache.ratis.server.impl.LeaderElection.askForVotes(LeaderElection.java:197)
	at org.apache.ratis.server.impl.LeaderElection.run(LeaderElection.java:133)
	at java.lang.Thread.run(Thread.java:748)
Caused by: org.apache.ratis.thirdparty.io.grpc.StatusRuntimeException: UNAVAILABLE: io exception
	at org.apache.ratis.thirdparty.io.grpc.stub.ClientCalls.toStatusRuntimeException(ClientCalls.java:233)
	at org.apache.ratis.thirdparty.io.grpc.stub.ClientCalls.getUnchecked(ClientCalls.java:214)
	at org.apache.ratis.thirdparty.io.grpc.stub.ClientCalls.blockingUnaryCall(ClientCalls.java:139)
	at org.apache.ratis.proto.grpc.RaftServerProtocolServiceGrpc$RaftServerProtocolServiceBlockingStub.requestVote(RaftServerProtocolServiceGrpc.java:265)
	at org.apache.ratis.grpc.server.GrpcServerProtocolClient.requestVote(GrpcServerProtocolClient.java:99)
	at org.apache.ratis.grpc.server.GrpcService.requestVote(GrpcService.java:204)
	at org.apache.ratis.server.impl.LeaderElection.lambda$submitRequests$1(LeaderElection.java:234)
	at java.util.concurrent.FutureTask.run(FutureTask.java:266)
	at java.util.concurrent.Executors$RunnableAdapter.call(Executors.java:511)
	at java.util.concurrent.FutureTask.run(FutureTask.java:266)
	at java.util.concurrent.ThreadPoolExecutor.runWorker(ThreadPoolExecutor.java:1149)
	at java.util.concurrent.ThreadPoolExecutor$Worker.run(ThreadPoolExecutor.java:624)
	... 1 more
Caused by: org.apache.ratis.thirdparty.io.netty.channel.AbstractChannel$AnnotatedConnectException: Connection refused: /192.168.164.241:46227
	at sun.nio.ch.SocketChannelImpl.checkConnect(Native Method)
	at sun.nio.ch.SocketChannelImpl.finishConnect(SocketChannelImpl.java:717)
	at org.apache.ratis.thirdparty.io.netty.channel.socket.nio.NioSocketChannel.doFinishConnect(NioSocketChannel.java:327)
	at org.apache.ratis.thirdparty.io.netty.channel.nio.AbstractNioChannel$AbstractNioUnsafe.finishConnect(AbstractNioChannel.java:340)
	at org.apache.ratis.thirdparty.io.netty.channel.nio.NioEventLoop.processSelectedKey(NioEventLoop.java:632)
	at org.apache.ratis.thirdparty.io.netty.channel.nio.NioEventLoop.processSelectedKeysOptimized(NioEventLoop.java:579)
	at org.apache.ratis.thirdparty.io.netty.channel.nio.NioEventLoop.processSelectedKeys(NioEventLoop.java:496)
	at org.apache.ratis.thirdparty.io.netty.channel.nio.NioEventLoop.run(NioEventLoop.java:458)
	at org.apache.ratis.thirdparty.io.netty.util.concurrent.SingleThreadEventExecutor$5.run(SingleThreadEventExecutor.java:897)
	at org.apache.ratis.thirdparty.io.netty.util.concurrent.FastThreadLocalRunnable.run(FastThreadLocalRunnable.java:30)
	... 1 more
Caused by: java.net.ConnectException: Connection refused
	... 11 more
2019-10-20 18:18:55,926 [grpc-default-executor-10] INFO  impl.RaftServerImpl (RaftServerImpl.java:setRole(184)) - 6ef27e9c-8ddb-4fa1-8c14-ab102acfb1b8@group-F11756C8BA4A: changes role from  FOLLOWER to FOLLOWER at term 209 for recognizeCandidate:b75f8b2e-6273-4c97-b7c5-042674931d23
2019-10-20 18:18:55,926 [grpc-default-executor-4] INFO  impl.RaftServerImpl (RaftServerImpl.java:setRole(184)) - 6c5c38af-62e6-4ea7-a24a-078dcb28fb39@group-D40A05E2FCF9: changes role from  FOLLOWER to FOLLOWER at term 210 for recognizeCandidate:399079f7-1eb1-4f37-b003-267572525934
2019-10-20 18:18:55,926 [grpc-default-executor-7] INFO  impl.RaftServerImpl (RaftServerImpl.java:setRole(184)) - 7a43c46a-fc88-4b2d-b2da-ae029cfa60ff@group-D40A05E2FCF9: changes role from  FOLLOWER to FOLLOWER at term 210 for recognizeCandidate:399079f7-1eb1-4f37-b003-267572525934
2019-10-20 18:18:55,926 [grpc-default-executor-7] INFO  impl.RoleInfo (RoleInfo.java:shutdownFollowerState(121)) - 7a43c46a-fc88-4b2d-b2da-ae029cfa60ff: shutdown FollowerState
2019-10-20 18:18:55,926 [grpc-default-executor-10] INFO  impl.RoleInfo (RoleInfo.java:shutdownFollowerState(121)) - 6ef27e9c-8ddb-4fa1-8c14-ab102acfb1b8: shutdown FollowerState
2019-10-20 18:18:55,926 [Thread-2982] INFO  impl.FollowerState (FollowerState.java:run(117)) - 7a43c46a-fc88-4b2d-b2da-ae029cfa60ff@group-D40A05E2FCF9-FollowerState was interrupted: java.lang.InterruptedException: sleep interrupted
2019-10-20 18:18:55,926 [grpc-default-executor-7] INFO  impl.RoleInfo (RoleInfo.java:updateAndGet(143)) - 7a43c46a-fc88-4b2d-b2da-ae029cfa60ff: start FollowerState
2019-10-20 18:18:55,926 [grpc-default-executor-4] INFO  impl.RoleInfo (RoleInfo.java:shutdownFollowerState(121)) - 6c5c38af-62e6-4ea7-a24a-078dcb28fb39: shutdown FollowerState
2019-10-20 18:18:55,927 [Thread-2976] INFO  impl.FollowerState (FollowerState.java:run(117)) - 6ef27e9c-8ddb-4fa1-8c14-ab102acfb1b8@group-F11756C8BA4A-FollowerState was interrupted: java.lang.InterruptedException: sleep interrupted
2019-10-20 18:18:55,927 [grpc-default-executor-10] INFO  impl.RoleInfo (RoleInfo.java:updateAndGet(143)) - 6ef27e9c-8ddb-4fa1-8c14-ab102acfb1b8: start FollowerState
2019-10-20 18:18:55,927 [Thread-2983] INFO  impl.FollowerState (FollowerState.java:run(117)) - 6c5c38af-62e6-4ea7-a24a-078dcb28fb39@group-D40A05E2FCF9-FollowerState was interrupted: java.lang.InterruptedException: sleep interrupted
2019-10-20 18:18:55,927 [grpc-default-executor-4] INFO  impl.RoleInfo (RoleInfo.java:updateAndGet(143)) - 6c5c38af-62e6-4ea7-a24a-078dcb28fb39: start FollowerState
2019-10-20 18:18:55,943 [399079f7-1eb1-4f37-b003-267572525934@group-D40A05E2FCF9-LeaderElection371] INFO  impl.LeaderElection (LeaderElection.java:logAndReturn(56)) - 399079f7-1eb1-4f37-b003-267572525934@group-D40A05E2FCF9-LeaderElection371: Election TIMEOUT; received 0 response(s) [] and 0 exception(s); 399079f7-1eb1-4f37-b003-267572525934@group-D40A05E2FCF9:t210, leader=null, voted=399079f7-1eb1-4f37-b003-267572525934, raftlog=399079f7-1eb1-4f37-b003-267572525934@group-D40A05E2FCF9-SegmentedRaftLog:OPENED:c-1,f-1,i0, conf=-1: [399079f7-1eb1-4f37-b003-267572525934:192.168.164.241:37762, 7a43c46a-fc88-4b2d-b2da-ae029cfa60ff:192.168.164.241:43684, 6c5c38af-62e6-4ea7-a24a-078dcb28fb39:192.168.164.241:45428], old=null
2019-10-20 18:18:55,943 [b75f8b2e-6273-4c97-b7c5-042674931d23@group-F11756C8BA4A-LeaderElection372] INFO  impl.LeaderElection (LeaderElection.java:logAndReturn(56)) - b75f8b2e-6273-4c97-b7c5-042674931d23@group-F11756C8BA4A-LeaderElection372: Election TIMEOUT; received 0 response(s) [] and 1 exception(s); b75f8b2e-6273-4c97-b7c5-042674931d23@group-F11756C8BA4A:t209, leader=null, voted=b75f8b2e-6273-4c97-b7c5-042674931d23, raftlog=b75f8b2e-6273-4c97-b7c5-042674931d23@group-F11756C8BA4A-SegmentedRaftLog:OPENED:c-1,f-1,i0, conf=-1: [6ef27e9c-8ddb-4fa1-8c14-ab102acfb1b8:192.168.164.241:38092, b75f8b2e-6273-4c97-b7c5-042674931d23:192.168.164.241:41857, 3750b3a2-715b-46b3-9d0c-9e38136244b9:192.168.164.241:46227], old=null
2019-10-20 18:18:55,943 [b75f8b2e-6273-4c97-b7c5-042674931d23@group-F11756C8BA4A-LeaderElection372] INFO  impl.LeaderElection (LogUtils.java:infoOrTrace(149)) -   Exception 0: {}
java.util.concurrent.ExecutionException: org.apache.ratis.thirdparty.io.grpc.StatusRuntimeException: UNAVAILABLE: io exception
	at java.util.concurrent.FutureTask.report(FutureTask.java:122)
	at java.util.concurrent.FutureTask.get(FutureTask.java:192)
	at org.apache.ratis.server.impl.LeaderElection.waitForResults(LeaderElection.java:259)
	at org.apache.ratis.server.impl.LeaderElection.askForVotes(LeaderElection.java:197)
	at org.apache.ratis.server.impl.LeaderElection.run(LeaderElection.java:133)
	at java.lang.Thread.run(Thread.java:748)
Caused by: org.apache.ratis.thirdparty.io.grpc.StatusRuntimeException: UNAVAILABLE: io exception
	at org.apache.ratis.thirdparty.io.grpc.stub.ClientCalls.toStatusRuntimeException(ClientCalls.java:233)
	at org.apache.ratis.thirdparty.io.grpc.stub.ClientCalls.getUnchecked(ClientCalls.java:214)
	at org.apache.ratis.thirdparty.io.grpc.stub.ClientCalls.blockingUnaryCall(ClientCalls.java:139)
	at org.apache.ratis.proto.grpc.RaftServerProtocolServiceGrpc$RaftServerProtocolServiceBlockingStub.requestVote(RaftServerProtocolServiceGrpc.java:265)
	at org.apache.ratis.grpc.server.GrpcServerProtocolClient.requestVote(GrpcServerProtocolClient.java:99)
	at org.apache.ratis.grpc.server.GrpcService.requestVote(GrpcService.java:204)
	at org.apache.ratis.server.impl.LeaderElection.lambda$submitRequests$1(LeaderElection.java:234)
	at java.util.concurrent.FutureTask.run(FutureTask.java:266)
	at java.util.concurrent.Executors$RunnableAdapter.call(Executors.java:511)
	at java.util.concurrent.FutureTask.run(FutureTask.java:266)
	at java.util.concurrent.ThreadPoolExecutor.runWorker(ThreadPoolExecutor.java:1149)
	at java.util.concurrent.ThreadPoolExecutor$Worker.run(ThreadPoolExecutor.java:624)
	... 1 more
Caused by: org.apache.ratis.thirdparty.io.netty.channel.AbstractChannel$AnnotatedConnectException: Connection refused: /192.168.164.241:46227
	at sun.nio.ch.SocketChannelImpl.checkConnect(Native Method)
	at sun.nio.ch.SocketChannelImpl.finishConnect(SocketChannelImpl.java:717)
	at org.apache.ratis.thirdparty.io.netty.channel.socket.nio.NioSocketChannel.doFinishConnect(NioSocketChannel.java:327)
	at org.apache.ratis.thirdparty.io.netty.channel.nio.AbstractNioChannel$AbstractNioUnsafe.finishConnect(AbstractNioChannel.java:340)
	at org.apache.ratis.thirdparty.io.netty.channel.nio.NioEventLoop.processSelectedKey(NioEventLoop.java:632)
	at org.apache.ratis.thirdparty.io.netty.channel.nio.NioEventLoop.processSelectedKeysOptimized(NioEventLoop.java:579)
	at org.apache.ratis.thirdparty.io.netty.channel.nio.NioEventLoop.processSelectedKeys(NioEventLoop.java:496)
	at org.apache.ratis.thirdparty.io.netty.channel.nio.NioEventLoop.run(NioEventLoop.java:458)
	at org.apache.ratis.thirdparty.io.netty.util.concurrent.SingleThreadEventExecutor$5.run(SingleThreadEventExecutor.java:897)
	at org.apache.ratis.thirdparty.io.netty.util.concurrent.FastThreadLocalRunnable.run(FastThreadLocalRunnable.java:30)
	... 1 more
Caused by: java.net.ConnectException: Connection refused
	... 11 more
2019-10-20 18:18:55,988 [b75f8b2e-6273-4c97-b7c5-042674931d23@group-F11756C8BA4A-LeaderElection372] INFO  impl.LeaderElection (LeaderElection.java:askForVotes(178)) - b75f8b2e-6273-4c97-b7c5-042674931d23@group-F11756C8BA4A-LeaderElection372: begin an election at term 210 for -1: [6ef27e9c-8ddb-4fa1-8c14-ab102acfb1b8:192.168.164.241:38092, b75f8b2e-6273-4c97-b7c5-042674931d23:192.168.164.241:41857, 3750b3a2-715b-46b3-9d0c-9e38136244b9:192.168.164.241:46227], old=null
2019-10-20 18:18:55,988 [399079f7-1eb1-4f37-b003-267572525934@group-D40A05E2FCF9-LeaderElection371] INFO  impl.LeaderElection (LeaderElection.java:askForVotes(178)) - 399079f7-1eb1-4f37-b003-267572525934@group-D40A05E2FCF9-LeaderElection371: begin an election at term 211 for -1: [399079f7-1eb1-4f37-b003-267572525934:192.168.164.241:37762, 7a43c46a-fc88-4b2d-b2da-ae029cfa60ff:192.168.164.241:43684, 6c5c38af-62e6-4ea7-a24a-078dcb28fb39:192.168.164.241:45428], old=null
2019-10-20 18:18:55,989 [b75f8b2e-6273-4c97-b7c5-042674931d23@group-F11756C8BA4A-LeaderElection372] INFO  impl.LeaderElection (LogUtils.java:infoOrTrace(149)) - b75f8b2e-6273-4c97-b7c5-042674931d23@group-F11756C8BA4A-LeaderElection372 got exception when requesting votes: {}
java.util.concurrent.ExecutionException: org.apache.ratis.thirdparty.io.grpc.StatusRuntimeException: UNAVAILABLE: io exception
	at java.util.concurrent.FutureTask.report(FutureTask.java:122)
	at java.util.concurrent.FutureTask.get(FutureTask.java:192)
	at org.apache.ratis.server.impl.LeaderElection.waitForResults(LeaderElection.java:259)
	at org.apache.ratis.server.impl.LeaderElection.askForVotes(LeaderElection.java:197)
	at org.apache.ratis.server.impl.LeaderElection.run(LeaderElection.java:133)
	at java.lang.Thread.run(Thread.java:748)
Caused by: org.apache.ratis.thirdparty.io.grpc.StatusRuntimeException: UNAVAILABLE: io exception
	at org.apache.ratis.thirdparty.io.grpc.stub.ClientCalls.toStatusRuntimeException(ClientCalls.java:233)
	at org.apache.ratis.thirdparty.io.grpc.stub.ClientCalls.getUnchecked(ClientCalls.java:214)
	at org.apache.ratis.thirdparty.io.grpc.stub.ClientCalls.blockingUnaryCall(ClientCalls.java:139)
	at org.apache.ratis.proto.grpc.RaftServerProtocolServiceGrpc$RaftServerProtocolServiceBlockingStub.requestVote(RaftServerProtocolServiceGrpc.java:265)
	at org.apache.ratis.grpc.server.GrpcServerProtocolClient.requestVote(GrpcServerProtocolClient.java:99)
	at org.apache.ratis.grpc.server.GrpcService.requestVote(GrpcService.java:204)
	at org.apache.ratis.server.impl.LeaderElection.lambda$submitRequests$1(LeaderElection.java:234)
	at java.util.concurrent.FutureTask.run(FutureTask.java:266)
	at java.util.concurrent.Executors$RunnableAdapter.call(Executors.java:511)
	at java.util.concurrent.FutureTask.run(FutureTask.java:266)
	at java.util.concurrent.ThreadPoolExecutor.runWorker(ThreadPoolExecutor.java:1149)
	at java.util.concurrent.ThreadPoolExecutor$Worker.run(ThreadPoolExecutor.java:624)
	... 1 more
Caused by: org.apache.ratis.thirdparty.io.netty.channel.AbstractChannel$AnnotatedConnectException: Connection refused: /192.168.164.241:46227
	at sun.nio.ch.SocketChannelImpl.checkConnect(Native Method)
	at sun.nio.ch.SocketChannelImpl.finishConnect(SocketChannelImpl.java:717)
	at org.apache.ratis.thirdparty.io.netty.channel.socket.nio.NioSocketChannel.doFinishConnect(NioSocketChannel.java:327)
	at org.apache.ratis.thirdparty.io.netty.channel.nio.AbstractNioChannel$AbstractNioUnsafe.finishConnect(AbstractNioChannel.java:340)
	at org.apache.ratis.thirdparty.io.netty.channel.nio.NioEventLoop.processSelectedKey(NioEventLoop.java:632)
	at org.apache.ratis.thirdparty.io.netty.channel.nio.NioEventLoop.processSelectedKeysOptimized(NioEventLoop.java:579)
	at org.apache.ratis.thirdparty.io.netty.channel.nio.NioEventLoop.processSelectedKeys(NioEventLoop.java:496)
	at org.apache.ratis.thirdparty.io.netty.channel.nio.NioEventLoop.run(NioEventLoop.java:458)
	at org.apache.ratis.thirdparty.io.netty.util.concurrent.SingleThreadEventExecutor$5.run(SingleThreadEventExecutor.java:897)
	at org.apache.ratis.thirdparty.io.netty.util.concurrent.FastThreadLocalRunnable.run(FastThreadLocalRunnable.java:30)
	... 1 more
Caused by: java.net.ConnectException: Connection refused
	... 11 more
2019-10-20 18:18:55,993 [grpc-default-executor-4] INFO  impl.RaftServerImpl (RaftServerImpl.java:setRole(184)) - 7a43c46a-fc88-4b2d-b2da-ae029cfa60ff@group-D40A05E2FCF9: changes role from  FOLLOWER to FOLLOWER at term 211 for recognizeCandidate:399079f7-1eb1-4f37-b003-267572525934
2019-10-20 18:18:55,993 [grpc-default-executor-7] INFO  impl.RaftServerImpl (RaftServerImpl.java:setRole(184)) - 6c5c38af-62e6-4ea7-a24a-078dcb28fb39@group-D40A05E2FCF9: changes role from  FOLLOWER to FOLLOWER at term 211 for recognizeCandidate:399079f7-1eb1-4f37-b003-267572525934
2019-10-20 18:18:55,993 [grpc-default-executor-7] INFO  impl.RoleInfo (RoleInfo.java:shutdownFollowerState(121)) - 6c5c38af-62e6-4ea7-a24a-078dcb28fb39: shutdown FollowerState
2019-10-20 18:18:55,993 [grpc-default-executor-10] INFO  impl.RaftServerImpl (RaftServerImpl.java:setRole(184)) - 6ef27e9c-8ddb-4fa1-8c14-ab102acfb1b8@group-F11756C8BA4A: changes role from  FOLLOWER to FOLLOWER at term 210 for recognizeCandidate:b75f8b2e-6273-4c97-b7c5-042674931d23
2019-10-20 18:18:55,993 [Thread-2990] INFO  impl.FollowerState (FollowerState.java:run(117)) - 6c5c38af-62e6-4ea7-a24a-078dcb28fb39@group-D40A05E2FCF9-FollowerState was interrupted: java.lang.InterruptedException: sleep interrupted
2019-10-20 18:18:55,993 [grpc-default-executor-7] INFO  impl.RoleInfo (RoleInfo.java:updateAndGet(143)) - 6c5c38af-62e6-4ea7-a24a-078dcb28fb39: start FollowerState
2019-10-20 18:18:55,993 [grpc-default-executor-4] INFO  impl.RoleInfo (RoleInfo.java:shutdownFollowerState(121)) - 7a43c46a-fc88-4b2d-b2da-ae029cfa60ff: shutdown FollowerState
2019-10-20 18:18:55,993 [grpc-default-executor-10] INFO  impl.RoleInfo (RoleInfo.java:shutdownFollowerState(121)) - 6ef27e9c-8ddb-4fa1-8c14-ab102acfb1b8: shutdown FollowerState
2019-10-20 18:18:55,994 [Thread-2988] INFO  impl.FollowerState (FollowerState.java:run(117)) - 7a43c46a-fc88-4b2d-b2da-ae029cfa60ff@group-D40A05E2FCF9-FollowerState was interrupted: java.lang.InterruptedException: sleep interrupted
2019-10-20 18:18:55,994 [Thread-2989] INFO  impl.FollowerState (FollowerState.java:run(117)) - 6ef27e9c-8ddb-4fa1-8c14-ab102acfb1b8@group-F11756C8BA4A-FollowerState was interrupted: java.lang.InterruptedException: sleep interrupted
2019-10-20 18:18:55,994 [grpc-default-executor-4] INFO  impl.RoleInfo (RoleInfo.java:updateAndGet(143)) - 7a43c46a-fc88-4b2d-b2da-ae029cfa60ff: start FollowerState
2019-10-20 18:18:55,994 [grpc-default-executor-10] INFO  impl.RoleInfo (RoleInfo.java:updateAndGet(143)) - 6ef27e9c-8ddb-4fa1-8c14-ab102acfb1b8: start FollowerState
2019-10-20 18:18:56,014 [399079f7-1eb1-4f37-b003-267572525934@group-D40A05E2FCF9-LeaderElection371] INFO  impl.LeaderElection (LeaderElection.java:logAndReturn(56)) - 399079f7-1eb1-4f37-b003-267572525934@group-D40A05E2FCF9-LeaderElection371: Election REJECTED; received 2 response(s) [399079f7-1eb1-4f37-b003-267572525934<-7a43c46a-fc88-4b2d-b2da-ae029cfa60ff#0:FAIL-t211, 399079f7-1eb1-4f37-b003-267572525934<-6c5c38af-62e6-4ea7-a24a-078dcb28fb39#0:FAIL-t211] and 0 exception(s); 399079f7-1eb1-4f37-b003-267572525934@group-D40A05E2FCF9:t211, leader=null, voted=399079f7-1eb1-4f37-b003-267572525934, raftlog=399079f7-1eb1-4f37-b003-267572525934@group-D40A05E2FCF9-SegmentedRaftLog:OPENED:c-1,f-1,i0, conf=-1: [399079f7-1eb1-4f37-b003-267572525934:192.168.164.241:37762, 7a43c46a-fc88-4b2d-b2da-ae029cfa60ff:192.168.164.241:43684, 6c5c38af-62e6-4ea7-a24a-078dcb28fb39:192.168.164.241:45428], old=null
2019-10-20 18:18:56,014 [399079f7-1eb1-4f37-b003-267572525934@group-D40A05E2FCF9-LeaderElection371] INFO  impl.RaftServerImpl (RaftServerImpl.java:setRole(184)) - 399079f7-1eb1-4f37-b003-267572525934@group-D40A05E2FCF9: changes role from CANDIDATE to FOLLOWER at term 211 for DISCOVERED_A_NEW_TERM
2019-10-20 18:18:56,014 [399079f7-1eb1-4f37-b003-267572525934@group-D40A05E2FCF9-LeaderElection371] INFO  impl.RoleInfo (RoleInfo.java:shutdownLeaderElection(134)) - 399079f7-1eb1-4f37-b003-267572525934: shutdown LeaderElection
2019-10-20 18:18:56,014 [b75f8b2e-6273-4c97-b7c5-042674931d23@group-F11756C8BA4A-LeaderElection372] INFO  impl.LeaderElection (LeaderElection.java:logAndReturn(56)) - b75f8b2e-6273-4c97-b7c5-042674931d23@group-F11756C8BA4A-LeaderElection372: Election REJECTED; received 1 response(s) [b75f8b2e-6273-4c97-b7c5-042674931d23<-6ef27e9c-8ddb-4fa1-8c14-ab102acfb1b8#0:FAIL-t210] and 1 exception(s); b75f8b2e-6273-4c97-b7c5-042674931d23@group-F11756C8BA4A:t210, leader=null, voted=b75f8b2e-6273-4c97-b7c5-042674931d23, raftlog=b75f8b2e-6273-4c97-b7c5-042674931d23@group-F11756C8BA4A-SegmentedRaftLog:OPENED:c-1,f-1,i0, conf=-1: [6ef27e9c-8ddb-4fa1-8c14-ab102acfb1b8:192.168.164.241:38092, b75f8b2e-6273-4c97-b7c5-042674931d23:192.168.164.241:41857, 3750b3a2-715b-46b3-9d0c-9e38136244b9:192.168.164.241:46227], old=null
2019-10-20 18:18:56,014 [399079f7-1eb1-4f37-b003-267572525934@group-D40A05E2FCF9-LeaderElection371] INFO  impl.RoleInfo (RoleInfo.java:updateAndGet(143)) - 399079f7-1eb1-4f37-b003-267572525934: start FollowerState
2019-10-20 18:18:56,014 [b75f8b2e-6273-4c97-b7c5-042674931d23@group-F11756C8BA4A-LeaderElection372] INFO  impl.LeaderElection (LogUtils.java:infoOrTrace(149)) -   Exception 0: {}
java.util.concurrent.ExecutionException: org.apache.ratis.thirdparty.io.grpc.StatusRuntimeException: UNAVAILABLE: io exception
	at java.util.concurrent.FutureTask.report(FutureTask.java:122)
	at java.util.concurrent.FutureTask.get(FutureTask.java:192)
	at org.apache.ratis.server.impl.LeaderElection.waitForResults(LeaderElection.java:259)
	at org.apache.ratis.server.impl.LeaderElection.askForVotes(LeaderElection.java:197)
	at org.apache.ratis.server.impl.LeaderElection.run(LeaderElection.java:133)
	at java.lang.Thread.run(Thread.java:748)
Caused by: org.apache.ratis.thirdparty.io.grpc.StatusRuntimeException: UNAVAILABLE: io exception
	at org.apache.ratis.thirdparty.io.grpc.stub.ClientCalls.toStatusRuntimeException(ClientCalls.java:233)
	at org.apache.ratis.thirdparty.io.grpc.stub.ClientCalls.getUnchecked(ClientCalls.java:214)
	at org.apache.ratis.thirdparty.io.grpc.stub.ClientCalls.blockingUnaryCall(ClientCalls.java:139)
	at org.apache.ratis.proto.grpc.RaftServerProtocolServiceGrpc$RaftServerProtocolServiceBlockingStub.requestVote(RaftServerProtocolServiceGrpc.java:265)
	at org.apache.ratis.grpc.server.GrpcServerProtocolClient.requestVote(GrpcServerProtocolClient.java:99)
	at org.apache.ratis.grpc.server.GrpcService.requestVote(GrpcService.java:204)
	at org.apache.ratis.server.impl.LeaderElection.lambda$submitRequests$1(LeaderElection.java:234)
	at java.util.concurrent.FutureTask.run(FutureTask.java:266)
	at java.util.concurrent.Executors$RunnableAdapter.call(Executors.java:511)
	at java.util.concurrent.FutureTask.run(FutureTask.java:266)
	at java.util.concurrent.ThreadPoolExecutor.runWorker(ThreadPoolExecutor.java:1149)
	at java.util.concurrent.ThreadPoolExecutor$Worker.run(ThreadPoolExecutor.java:624)
	... 1 more
Caused by: org.apache.ratis.thirdparty.io.netty.channel.AbstractChannel$AnnotatedConnectException: Connection refused: /192.168.164.241:46227
	at sun.nio.ch.SocketChannelImpl.checkConnect(Native Method)
	at sun.nio.ch.SocketChannelImpl.finishConnect(SocketChannelImpl.java:717)
	at org.apache.ratis.thirdparty.io.netty.channel.socket.nio.NioSocketChannel.doFinishConnect(NioSocketChannel.java:327)
	at org.apache.ratis.thirdparty.io.netty.channel.nio.AbstractNioChannel$AbstractNioUnsafe.finishConnect(AbstractNioChannel.java:340)
	at org.apache.ratis.thirdparty.io.netty.channel.nio.NioEventLoop.processSelectedKey(NioEventLoop.java:632)
	at org.apache.ratis.thirdparty.io.netty.channel.nio.NioEventLoop.processSelectedKeysOptimized(NioEventLoop.java:579)
	at org.apache.ratis.thirdparty.io.netty.channel.nio.NioEventLoop.processSelectedKeys(NioEventLoop.java:496)
	at org.apache.ratis.thirdparty.io.netty.channel.nio.NioEventLoop.run(NioEventLoop.java:458)
	at org.apache.ratis.thirdparty.io.netty.util.concurrent.SingleThreadEventExecutor$5.run(SingleThreadEventExecutor.java:897)
	at org.apache.ratis.thirdparty.io.netty.util.concurrent.FastThreadLocalRunnable.run(FastThreadLocalRunnable.java:30)
	... 1 more
Caused by: java.net.ConnectException: Connection refused
	... 11 more
2019-10-20 18:18:56,015 [b75f8b2e-6273-4c97-b7c5-042674931d23@group-F11756C8BA4A-LeaderElection372] INFO  impl.RaftServerImpl (RaftServerImpl.java:setRole(184)) - b75f8b2e-6273-4c97-b7c5-042674931d23@group-F11756C8BA4A: changes role from CANDIDATE to FOLLOWER at term 210 for DISCOVERED_A_NEW_TERM
2019-10-20 18:18:56,015 [b75f8b2e-6273-4c97-b7c5-042674931d23@group-F11756C8BA4A-LeaderElection372] INFO  impl.RoleInfo (RoleInfo.java:shutdownLeaderElection(134)) - b75f8b2e-6273-4c97-b7c5-042674931d23: shutdown LeaderElection
2019-10-20 18:18:56,015 [b75f8b2e-6273-4c97-b7c5-042674931d23@group-F11756C8BA4A-LeaderElection372] INFO  impl.RoleInfo (RoleInfo.java:updateAndGet(143)) - b75f8b2e-6273-4c97-b7c5-042674931d23: start FollowerState
2019-10-20 18:18:56,030 [Thread-2998] INFO  impl.FollowerState (FollowerState.java:run(108)) - 399079f7-1eb1-4f37-b003-267572525934@group-D40A05E2FCF9-FollowerState: change to CANDIDATE, lastRpcTime:15ms, electionTimeout:15ms
2019-10-20 18:18:56,030 [Thread-2998] INFO  impl.RoleInfo (RoleInfo.java:shutdownFollowerState(121)) - 399079f7-1eb1-4f37-b003-267572525934: shutdown FollowerState
2019-10-20 18:18:56,030 [Thread-2998] INFO  impl.RaftServerImpl (RaftServerImpl.java:setRole(184)) - 399079f7-1eb1-4f37-b003-267572525934@group-D40A05E2FCF9: changes role from  FOLLOWER to CANDIDATE at term 211 for changeToCandidate
2019-10-20 18:18:56,030 [Thread-2998] INFO  impl.RoleInfo (RoleInfo.java:updateAndGet(143)) - 399079f7-1eb1-4f37-b003-267572525934: start LeaderElection
2019-10-20 18:18:56,037 [Thread-2999] INFO  impl.FollowerState (FollowerState.java:run(108)) - b75f8b2e-6273-4c97-b7c5-042674931d23@group-F11756C8BA4A-FollowerState: change to CANDIDATE, lastRpcTime:21ms, electionTimeout:21ms
2019-10-20 18:18:56,037 [Thread-2999] INFO  impl.RoleInfo (RoleInfo.java:shutdownFollowerState(121)) - b75f8b2e-6273-4c97-b7c5-042674931d23: shutdown FollowerState
2019-10-20 18:18:56,037 [Thread-2999] INFO  impl.RaftServerImpl (RaftServerImpl.java:setRole(184)) - b75f8b2e-6273-4c97-b7c5-042674931d23@group-F11756C8BA4A: changes role from  FOLLOWER to CANDIDATE at term 210 for changeToCandidate
2019-10-20 18:18:56,037 [Thread-2999] INFO  impl.RoleInfo (RoleInfo.java:updateAndGet(143)) - b75f8b2e-6273-4c97-b7c5-042674931d23: start LeaderElection
2019-10-20 18:18:56,057 [399079f7-1eb1-4f37-b003-267572525934@group-D40A05E2FCF9-LeaderElection373] INFO  impl.LeaderElection (LeaderElection.java:askForVotes(178)) - 399079f7-1eb1-4f37-b003-267572525934@group-D40A05E2FCF9-LeaderElection373: begin an election at term 212 for -1: [399079f7-1eb1-4f37-b003-267572525934:192.168.164.241:37762, 7a43c46a-fc88-4b2d-b2da-ae029cfa60ff:192.168.164.241:43684, 6c5c38af-62e6-4ea7-a24a-078dcb28fb39:192.168.164.241:45428], old=null
2019-10-20 18:18:56,057 [b75f8b2e-6273-4c97-b7c5-042674931d23@group-F11756C8BA4A-LeaderElection374] INFO  impl.LeaderElection (LeaderElection.java:askForVotes(178)) - b75f8b2e-6273-4c97-b7c5-042674931d23@group-F11756C8BA4A-LeaderElection374: begin an election at term 211 for -1: [6ef27e9c-8ddb-4fa1-8c14-ab102acfb1b8:192.168.164.241:38092, b75f8b2e-6273-4c97-b7c5-042674931d23:192.168.164.241:41857, 3750b3a2-715b-46b3-9d0c-9e38136244b9:192.168.164.241:46227], old=null
2019-10-20 18:18:56,059 [b75f8b2e-6273-4c97-b7c5-042674931d23@group-F11756C8BA4A-LeaderElection374] INFO  impl.LeaderElection (LogUtils.java:infoOrTrace(149)) - b75f8b2e-6273-4c97-b7c5-042674931d23@group-F11756C8BA4A-LeaderElection374 got exception when requesting votes: {}
java.util.concurrent.ExecutionException: org.apache.ratis.thirdparty.io.grpc.StatusRuntimeException: UNAVAILABLE: io exception
	at java.util.concurrent.FutureTask.report(FutureTask.java:122)
	at java.util.concurrent.FutureTask.get(FutureTask.java:192)
	at org.apache.ratis.server.impl.LeaderElection.waitForResults(LeaderElection.java:259)
	at org.apache.ratis.server.impl.LeaderElection.askForVotes(LeaderElection.java:197)
	at org.apache.ratis.server.impl.LeaderElection.run(LeaderElection.java:133)
	at java.lang.Thread.run(Thread.java:748)
Caused by: org.apache.ratis.thirdparty.io.grpc.StatusRuntimeException: UNAVAILABLE: io exception
	at org.apache.ratis.thirdparty.io.grpc.stub.ClientCalls.toStatusRuntimeException(ClientCalls.java:233)
	at org.apache.ratis.thirdparty.io.grpc.stub.ClientCalls.getUnchecked(ClientCalls.java:214)
	at org.apache.ratis.thirdparty.io.grpc.stub.ClientCalls.blockingUnaryCall(ClientCalls.java:139)
	at org.apache.ratis.proto.grpc.RaftServerProtocolServiceGrpc$RaftServerProtocolServiceBlockingStub.requestVote(RaftServerProtocolServiceGrpc.java:265)
	at org.apache.ratis.grpc.server.GrpcServerProtocolClient.requestVote(GrpcServerProtocolClient.java:99)
	at org.apache.ratis.grpc.server.GrpcService.requestVote(GrpcService.java:204)
	at org.apache.ratis.server.impl.LeaderElection.lambda$submitRequests$1(LeaderElection.java:234)
	at java.util.concurrent.FutureTask.run(FutureTask.java:266)
	at java.util.concurrent.Executors$RunnableAdapter.call(Executors.java:511)
	at java.util.concurrent.FutureTask.run(FutureTask.java:266)
	at java.util.concurrent.ThreadPoolExecutor.runWorker(ThreadPoolExecutor.java:1149)
	at java.util.concurrent.ThreadPoolExecutor$Worker.run(ThreadPoolExecutor.java:624)
	... 1 more
Caused by: org.apache.ratis.thirdparty.io.netty.channel.AbstractChannel$AnnotatedConnectException: Connection refused: /192.168.164.241:46227
	at sun.nio.ch.SocketChannelImpl.checkConnect(Native Method)
	at sun.nio.ch.SocketChannelImpl.finishConnect(SocketChannelImpl.java:717)
	at org.apache.ratis.thirdparty.io.netty.channel.socket.nio.NioSocketChannel.doFinishConnect(NioSocketChannel.java:327)
	at org.apache.ratis.thirdparty.io.netty.channel.nio.AbstractNioChannel$AbstractNioUnsafe.finishConnect(AbstractNioChannel.java:340)
	at org.apache.ratis.thirdparty.io.netty.channel.nio.NioEventLoop.processSelectedKey(NioEventLoop.java:632)
	at org.apache.ratis.thirdparty.io.netty.channel.nio.NioEventLoop.processSelectedKeysOptimized(NioEventLoop.java:579)
	at org.apache.ratis.thirdparty.io.netty.channel.nio.NioEventLoop.processSelectedKeys(NioEventLoop.java:496)
	at org.apache.ratis.thirdparty.io.netty.channel.nio.NioEventLoop.run(NioEventLoop.java:458)
	at org.apache.ratis.thirdparty.io.netty.util.concurrent.SingleThreadEventExecutor$5.run(SingleThreadEventExecutor.java:897)
	at org.apache.ratis.thirdparty.io.netty.util.concurrent.FastThreadLocalRunnable.run(FastThreadLocalRunnable.java:30)
	... 1 more
Caused by: java.net.ConnectException: Connection refused
	... 11 more
2019-10-20 18:18:56,062 [grpc-default-executor-7] INFO  impl.RaftServerImpl (RaftServerImpl.java:setRole(184)) - 6ef27e9c-8ddb-4fa1-8c14-ab102acfb1b8@group-F11756C8BA4A: changes role from  FOLLOWER to FOLLOWER at term 211 for recognizeCandidate:b75f8b2e-6273-4c97-b7c5-042674931d23
2019-10-20 18:18:56,062 [grpc-default-executor-4] INFO  impl.RaftServerImpl (RaftServerImpl.java:setRole(184)) - 7a43c46a-fc88-4b2d-b2da-ae029cfa60ff@group-D40A05E2FCF9: changes role from  FOLLOWER to FOLLOWER at term 212 for recognizeCandidate:399079f7-1eb1-4f37-b003-267572525934
2019-10-20 18:18:56,062 [grpc-default-executor-4] INFO  impl.RoleInfo (RoleInfo.java:shutdownFollowerState(121)) - 7a43c46a-fc88-4b2d-b2da-ae029cfa60ff: shutdown FollowerState
2019-10-20 18:18:56,062 [grpc-default-executor-10] INFO  impl.RaftServerImpl (RaftServerImpl.java:setRole(184)) - 6c5c38af-62e6-4ea7-a24a-078dcb28fb39@group-D40A05E2FCF9: changes role from  FOLLOWER to FOLLOWER at term 212 for recognizeCandidate:399079f7-1eb1-4f37-b003-267572525934
2019-10-20 18:18:56,062 [Thread-2996] INFO  impl.FollowerState (FollowerState.java:run(117)) - 7a43c46a-fc88-4b2d-b2da-ae029cfa60ff@group-D40A05E2FCF9-FollowerState was interrupted: java.lang.InterruptedException: sleep interrupted
2019-10-20 18:18:56,062 [grpc-default-executor-4] INFO  impl.RoleInfo (RoleInfo.java:updateAndGet(143)) - 7a43c46a-fc88-4b2d-b2da-ae029cfa60ff: start FollowerState
2019-10-20 18:18:56,062 [grpc-default-executor-7] INFO  impl.RoleInfo (RoleInfo.java:shutdownFollowerState(121)) - 6ef27e9c-8ddb-4fa1-8c14-ab102acfb1b8: shutdown FollowerState
2019-10-20 18:18:56,063 [grpc-default-executor-10] INFO  impl.RoleInfo (RoleInfo.java:shutdownFollowerState(121)) - 6c5c38af-62e6-4ea7-a24a-078dcb28fb39: shutdown FollowerState
2019-10-20 18:18:56,063 [Thread-2997] INFO  impl.FollowerState (FollowerState.java:run(117)) - 6ef27e9c-8ddb-4fa1-8c14-ab102acfb1b8@group-F11756C8BA4A-FollowerState was interrupted: java.lang.InterruptedException: sleep interrupted
2019-10-20 18:18:56,063 [grpc-default-executor-7] INFO  impl.RoleInfo (RoleInfo.java:updateAndGet(143)) - 6ef27e9c-8ddb-4fa1-8c14-ab102acfb1b8: start FollowerState
2019-10-20 18:18:56,063 [Thread-2995] INFO  impl.FollowerState (FollowerState.java:run(117)) - 6c5c38af-62e6-4ea7-a24a-078dcb28fb39@group-D40A05E2FCF9-FollowerState was interrupted: java.lang.InterruptedException: sleep interrupted
2019-10-20 18:18:56,063 [grpc-default-executor-10] INFO  impl.RoleInfo (RoleInfo.java:updateAndGet(143)) - 6c5c38af-62e6-4ea7-a24a-078dcb28fb39: start FollowerState
2019-10-20 18:18:56,092 [399079f7-1eb1-4f37-b003-267572525934@group-D40A05E2FCF9-LeaderElection373] INFO  impl.LeaderElection (LeaderElection.java:logAndReturn(56)) - 399079f7-1eb1-4f37-b003-267572525934@group-D40A05E2FCF9-LeaderElection373: Election REJECTED; received 2 response(s) [399079f7-1eb1-4f37-b003-267572525934<-7a43c46a-fc88-4b2d-b2da-ae029cfa60ff#0:FAIL-t212, 399079f7-1eb1-4f37-b003-267572525934<-6c5c38af-62e6-4ea7-a24a-078dcb28fb39#0:FAIL-t212] and 0 exception(s); 399079f7-1eb1-4f37-b003-267572525934@group-D40A05E2FCF9:t212, leader=null, voted=399079f7-1eb1-4f37-b003-267572525934, raftlog=399079f7-1eb1-4f37-b003-267572525934@group-D40A05E2FCF9-SegmentedRaftLog:OPENED:c-1,f-1,i0, conf=-1: [399079f7-1eb1-4f37-b003-267572525934:192.168.164.241:37762, 7a43c46a-fc88-4b2d-b2da-ae029cfa60ff:192.168.164.241:43684, 6c5c38af-62e6-4ea7-a24a-078dcb28fb39:192.168.164.241:45428], old=null
2019-10-20 18:18:56,092 [b75f8b2e-6273-4c97-b7c5-042674931d23@group-F11756C8BA4A-LeaderElection374] INFO  impl.LeaderElection (LeaderElection.java:logAndReturn(56)) - b75f8b2e-6273-4c97-b7c5-042674931d23@group-F11756C8BA4A-LeaderElection374: Election REJECTED; received 1 response(s) [b75f8b2e-6273-4c97-b7c5-042674931d23<-6ef27e9c-8ddb-4fa1-8c14-ab102acfb1b8#0:FAIL-t211] and 1 exception(s); b75f8b2e-6273-4c97-b7c5-042674931d23@group-F11756C8BA4A:t211, leader=null, voted=b75f8b2e-6273-4c97-b7c5-042674931d23, raftlog=b75f8b2e-6273-4c97-b7c5-042674931d23@group-F11756C8BA4A-SegmentedRaftLog:OPENED:c-1,f-1,i0, conf=-1: [6ef27e9c-8ddb-4fa1-8c14-ab102acfb1b8:192.168.164.241:38092, b75f8b2e-6273-4c97-b7c5-042674931d23:192.168.164.241:41857, 3750b3a2-715b-46b3-9d0c-9e38136244b9:192.168.164.241:46227], old=null
2019-10-20 18:18:56,092 [399079f7-1eb1-4f37-b003-267572525934@group-D40A05E2FCF9-LeaderElection373] INFO  impl.RaftServerImpl (RaftServerImpl.java:setRole(184)) - 399079f7-1eb1-4f37-b003-267572525934@group-D40A05E2FCF9: changes role from CANDIDATE to FOLLOWER at term 212 for DISCOVERED_A_NEW_TERM
2019-10-20 18:18:56,092 [b75f8b2e-6273-4c97-b7c5-042674931d23@group-F11756C8BA4A-LeaderElection374] INFO  impl.LeaderElection (LogUtils.java:infoOrTrace(149)) -   Exception 0: {}
java.util.concurrent.ExecutionException: org.apache.ratis.thirdparty.io.grpc.StatusRuntimeException: UNAVAILABLE: io exception
	at java.util.concurrent.FutureTask.report(FutureTask.java:122)
	at java.util.concurrent.FutureTask.get(FutureTask.java:192)
	at org.apache.ratis.server.impl.LeaderElection.waitForResults(LeaderElection.java:259)
	at org.apache.ratis.server.impl.LeaderElection.askForVotes(LeaderElection.java:197)
	at org.apache.ratis.server.impl.LeaderElection.run(LeaderElection.java:133)
	at java.lang.Thread.run(Thread.java:748)
Caused by: org.apache.ratis.thirdparty.io.grpc.StatusRuntimeException: UNAVAILABLE: io exception
	at org.apache.ratis.thirdparty.io.grpc.stub.ClientCalls.toStatusRuntimeException(ClientCalls.java:233)
	at org.apache.ratis.thirdparty.io.grpc.stub.ClientCalls.getUnchecked(ClientCalls.java:214)
	at org.apache.ratis.thirdparty.io.grpc.stub.ClientCalls.blockingUnaryCall(ClientCalls.java:139)
	at org.apache.ratis.proto.grpc.RaftServerProtocolServiceGrpc$RaftServerProtocolServiceBlockingStub.requestVote(RaftServerProtocolServiceGrpc.java:265)
	at org.apache.ratis.grpc.server.GrpcServerProtocolClient.requestVote(GrpcServerProtocolClient.java:99)
	at org.apache.ratis.grpc.server.GrpcService.requestVote(GrpcService.java:204)
	at org.apache.ratis.server.impl.LeaderElection.lambda$submitRequests$1(LeaderElection.java:234)
	at java.util.concurrent.FutureTask.run(FutureTask.java:266)
	at java.util.concurrent.Executors$RunnableAdapter.call(Executors.java:511)
	at java.util.concurrent.FutureTask.run(FutureTask.java:266)
	at java.util.concurrent.ThreadPoolExecutor.runWorker(ThreadPoolExecutor.java:1149)
	at java.util.concurrent.ThreadPoolExecutor$Worker.run(ThreadPoolExecutor.java:624)
	... 1 more
Caused by: org.apache.ratis.thirdparty.io.netty.channel.AbstractChannel$AnnotatedConnectException: Connection refused: /192.168.164.241:46227
	at sun.nio.ch.SocketChannelImpl.checkConnect(Native Method)
	at sun.nio.ch.SocketChannelImpl.finishConnect(SocketChannelImpl.java:717)
	at org.apache.ratis.thirdparty.io.netty.channel.socket.nio.NioSocketChannel.doFinishConnect(NioSocketChannel.java:327)
	at org.apache.ratis.thirdparty.io.netty.channel.nio.AbstractNioChannel$AbstractNioUnsafe.finishConnect(AbstractNioChannel.java:340)
	at org.apache.ratis.thirdparty.io.netty.channel.nio.NioEventLoop.processSelectedKey(NioEventLoop.java:632)
	at org.apache.ratis.thirdparty.io.netty.channel.nio.NioEventLoop.processSelectedKeysOptimized(NioEventLoop.java:579)
	at org.apache.ratis.thirdparty.io.netty.channel.nio.NioEventLoop.processSelectedKeys(NioEventLoop.java:496)
	at org.apache.ratis.thirdparty.io.netty.channel.nio.NioEventLoop.run(NioEventLoop.java:458)
	at org.apache.ratis.thirdparty.io.netty.util.concurrent.SingleThreadEventExecutor$5.run(SingleThreadEventExecutor.java:897)
	at org.apache.ratis.thirdparty.io.netty.util.concurrent.FastThreadLocalRunnable.run(FastThreadLocalRunnable.java:30)
	... 1 more
Caused by: java.net.ConnectException: Connection refused
	... 11 more
2019-10-20 18:18:56,092 [399079f7-1eb1-4f37-b003-267572525934@group-D40A05E2FCF9-LeaderElection373] INFO  impl.RoleInfo (RoleInfo.java:shutdownLeaderElection(134)) - 399079f7-1eb1-4f37-b003-267572525934: shutdown LeaderElection
2019-10-20 18:18:56,093 [b75f8b2e-6273-4c97-b7c5-042674931d23@group-F11756C8BA4A-LeaderElection374] INFO  impl.RaftServerImpl (RaftServerImpl.java:setRole(184)) - b75f8b2e-6273-4c97-b7c5-042674931d23@group-F11756C8BA4A: changes role from CANDIDATE to FOLLOWER at term 211 for DISCOVERED_A_NEW_TERM
2019-10-20 18:18:56,093 [399079f7-1eb1-4f37-b003-267572525934@group-D40A05E2FCF9-LeaderElection373] INFO  impl.RoleInfo (RoleInfo.java:updateAndGet(143)) - 399079f7-1eb1-4f37-b003-267572525934: start FollowerState
2019-10-20 18:18:56,093 [b75f8b2e-6273-4c97-b7c5-042674931d23@group-F11756C8BA4A-LeaderElection374] INFO  impl.RoleInfo (RoleInfo.java:shutdownLeaderElection(134)) - b75f8b2e-6273-4c97-b7c5-042674931d23: shutdown LeaderElection
2019-10-20 18:18:56,093 [b75f8b2e-6273-4c97-b7c5-042674931d23@group-F11756C8BA4A-LeaderElection374] INFO  impl.RoleInfo (RoleInfo.java:updateAndGet(143)) - b75f8b2e-6273-4c97-b7c5-042674931d23: start FollowerState
2019-10-20 18:18:56,209 [Thread-3010] INFO  impl.FollowerState (FollowerState.java:run(108)) - b75f8b2e-6273-4c97-b7c5-042674931d23@group-F11756C8BA4A-FollowerState: change to CANDIDATE, lastRpcTime:115ms, electionTimeout:115ms
2019-10-20 18:18:56,209 [Thread-3010] INFO  impl.RoleInfo (RoleInfo.java:shutdownFollowerState(121)) - b75f8b2e-6273-4c97-b7c5-042674931d23: shutdown FollowerState
2019-10-20 18:18:56,209 [Thread-3010] INFO  impl.RaftServerImpl (RaftServerImpl.java:setRole(184)) - b75f8b2e-6273-4c97-b7c5-042674931d23@group-F11756C8BA4A: changes role from  FOLLOWER to CANDIDATE at term 211 for changeToCandidate
2019-10-20 18:18:56,210 [Thread-3010] INFO  impl.RoleInfo (RoleInfo.java:updateAndGet(143)) - b75f8b2e-6273-4c97-b7c5-042674931d23: start LeaderElection
2019-10-20 18:18:56,226 [b75f8b2e-6273-4c97-b7c5-042674931d23@group-F11756C8BA4A-LeaderElection375] INFO  impl.LeaderElection (LeaderElection.java:askForVotes(178)) - b75f8b2e-6273-4c97-b7c5-042674931d23@group-F11756C8BA4A-LeaderElection375: begin an election at term 212 for -1: [6ef27e9c-8ddb-4fa1-8c14-ab102acfb1b8:192.168.164.241:38092, b75f8b2e-6273-4c97-b7c5-042674931d23:192.168.164.241:41857, 3750b3a2-715b-46b3-9d0c-9e38136244b9:192.168.164.241:46227], old=null
2019-10-20 18:18:56,227 [b75f8b2e-6273-4c97-b7c5-042674931d23@group-F11756C8BA4A-LeaderElection375] INFO  impl.LeaderElection (LogUtils.java:infoOrTrace(149)) - b75f8b2e-6273-4c97-b7c5-042674931d23@group-F11756C8BA4A-LeaderElection375 got exception when requesting votes: {}
java.util.concurrent.ExecutionException: org.apache.ratis.thirdparty.io.grpc.StatusRuntimeException: UNAVAILABLE: io exception
	at java.util.concurrent.FutureTask.report(FutureTask.java:122)
	at java.util.concurrent.FutureTask.get(FutureTask.java:192)
	at org.apache.ratis.server.impl.LeaderElection.waitForResults(LeaderElection.java:259)
	at org.apache.ratis.server.impl.LeaderElection.askForVotes(LeaderElection.java:197)
	at org.apache.ratis.server.impl.LeaderElection.run(LeaderElection.java:133)
	at java.lang.Thread.run(Thread.java:748)
Caused by: org.apache.ratis.thirdparty.io.grpc.StatusRuntimeException: UNAVAILABLE: io exception
	at org.apache.ratis.thirdparty.io.grpc.stub.ClientCalls.toStatusRuntimeException(ClientCalls.java:233)
	at org.apache.ratis.thirdparty.io.grpc.stub.ClientCalls.getUnchecked(ClientCalls.java:214)
	at org.apache.ratis.thirdparty.io.grpc.stub.ClientCalls.blockingUnaryCall(ClientCalls.java:139)
	at org.apache.ratis.proto.grpc.RaftServerProtocolServiceGrpc$RaftServerProtocolServiceBlockingStub.requestVote(RaftServerProtocolServiceGrpc.java:265)
	at org.apache.ratis.grpc.server.GrpcServerProtocolClient.requestVote(GrpcServerProtocolClient.java:99)
	at org.apache.ratis.grpc.server.GrpcService.requestVote(GrpcService.java:204)
	at org.apache.ratis.server.impl.LeaderElection.lambda$submitRequests$1(LeaderElection.java:234)
	at java.util.concurrent.FutureTask.run(FutureTask.java:266)
	at java.util.concurrent.Executors$RunnableAdapter.call(Executors.java:511)
	at java.util.concurrent.FutureTask.run(FutureTask.java:266)
	at java.util.concurrent.ThreadPoolExecutor.runWorker(ThreadPoolExecutor.java:1149)
	at java.util.concurrent.ThreadPoolExecutor$Worker.run(ThreadPoolExecutor.java:624)
	... 1 more
Caused by: org.apache.ratis.thirdparty.io.netty.channel.AbstractChannel$AnnotatedConnectException: Connection refused: /192.168.164.241:46227
	at sun.nio.ch.SocketChannelImpl.checkConnect(Native Method)
	at sun.nio.ch.SocketChannelImpl.finishConnect(SocketChannelImpl.java:717)
	at org.apache.ratis.thirdparty.io.netty.channel.socket.nio.NioSocketChannel.doFinishConnect(NioSocketChannel.java:327)
	at org.apache.ratis.thirdparty.io.netty.channel.nio.AbstractNioChannel$AbstractNioUnsafe.finishConnect(AbstractNioChannel.java:340)
	at org.apache.ratis.thirdparty.io.netty.channel.nio.NioEventLoop.processSelectedKey(NioEventLoop.java:632)
	at org.apache.ratis.thirdparty.io.netty.channel.nio.NioEventLoop.processSelectedKeysOptimized(NioEventLoop.java:579)
	at org.apache.ratis.thirdparty.io.netty.channel.nio.NioEventLoop.processSelectedKeys(NioEventLoop.java:496)
	at org.apache.ratis.thirdparty.io.netty.channel.nio.NioEventLoop.run(NioEventLoop.java:458)
	at org.apache.ratis.thirdparty.io.netty.util.concurrent.SingleThreadEventExecutor$5.run(SingleThreadEventExecutor.java:897)
	at org.apache.ratis.thirdparty.io.netty.util.concurrent.FastThreadLocalRunnable.run(FastThreadLocalRunnable.java:30)
	... 1 more
Caused by: java.net.ConnectException: Connection refused
	... 11 more
2019-10-20 18:18:56,232 [grpc-default-executor-10] INFO  impl.RaftServerImpl (RaftServerImpl.java:setRole(184)) - 6ef27e9c-8ddb-4fa1-8c14-ab102acfb1b8@group-F11756C8BA4A: changes role from  FOLLOWER to FOLLOWER at term 212 for recognizeCandidate:b75f8b2e-6273-4c97-b7c5-042674931d23
2019-10-20 18:18:56,232 [grpc-default-executor-10] INFO  impl.RoleInfo (RoleInfo.java:shutdownFollowerState(121)) - 6ef27e9c-8ddb-4fa1-8c14-ab102acfb1b8: shutdown FollowerState
2019-10-20 18:18:56,232 [grpc-default-executor-10] INFO  impl.RoleInfo (RoleInfo.java:updateAndGet(143)) - 6ef27e9c-8ddb-4fa1-8c14-ab102acfb1b8: start FollowerState
2019-10-20 18:18:56,232 [Thread-3007] INFO  impl.FollowerState (FollowerState.java:run(117)) - 6ef27e9c-8ddb-4fa1-8c14-ab102acfb1b8@group-F11756C8BA4A-FollowerState was interrupted: java.lang.InterruptedException: sleep interrupted
2019-10-20 18:18:56,237 [Thread-3009] INFO  impl.FollowerState (FollowerState.java:run(108)) - 399079f7-1eb1-4f37-b003-267572525934@group-D40A05E2FCF9-FollowerState: change to CANDIDATE, lastRpcTime:144ms, electionTimeout:144ms
2019-10-20 18:18:56,238 [Thread-3009] INFO  impl.RoleInfo (RoleInfo.java:shutdownFollowerState(121)) - 399079f7-1eb1-4f37-b003-267572525934: shutdown FollowerState
2019-10-20 18:18:56,238 [Thread-3009] INFO  impl.RaftServerImpl (RaftServerImpl.java:setRole(184)) - 399079f7-1eb1-4f37-b003-267572525934@group-D40A05E2FCF9: changes role from  FOLLOWER to CANDIDATE at term 212 for changeToCandidate
2019-10-20 18:18:56,238 [Thread-3009] INFO  impl.RoleInfo (RoleInfo.java:updateAndGet(143)) - 399079f7-1eb1-4f37-b003-267572525934: start LeaderElection
2019-10-20 18:18:56,253 [b75f8b2e-6273-4c97-b7c5-042674931d23@group-F11756C8BA4A-LeaderElection375] INFO  impl.LeaderElection (LeaderElection.java:logAndReturn(56)) - b75f8b2e-6273-4c97-b7c5-042674931d23@group-F11756C8BA4A-LeaderElection375: Election REJECTED; received 1 response(s) [b75f8b2e-6273-4c97-b7c5-042674931d23<-6ef27e9c-8ddb-4fa1-8c14-ab102acfb1b8#0:FAIL-t212] and 1 exception(s); b75f8b2e-6273-4c97-b7c5-042674931d23@group-F11756C8BA4A:t212, leader=null, voted=b75f8b2e-6273-4c97-b7c5-042674931d23, raftlog=b75f8b2e-6273-4c97-b7c5-042674931d23@group-F11756C8BA4A-SegmentedRaftLog:OPENED:c-1,f-1,i0, conf=-1: [6ef27e9c-8ddb-4fa1-8c14-ab102acfb1b8:192.168.164.241:38092, b75f8b2e-6273-4c97-b7c5-042674931d23:192.168.164.241:41857, 3750b3a2-715b-46b3-9d0c-9e38136244b9:192.168.164.241:46227], old=null
2019-10-20 18:18:56,253 [b75f8b2e-6273-4c97-b7c5-042674931d23@group-F11756C8BA4A-LeaderElection375] INFO  impl.LeaderElection (LogUtils.java:infoOrTrace(149)) -   Exception 0: {}
java.util.concurrent.ExecutionException: org.apache.ratis.thirdparty.io.grpc.StatusRuntimeException: UNAVAILABLE: io exception
	at java.util.concurrent.FutureTask.report(FutureTask.java:122)
	at java.util.concurrent.FutureTask.get(FutureTask.java:192)
	at org.apache.ratis.server.impl.LeaderElection.waitForResults(LeaderElection.java:259)
	at org.apache.ratis.server.impl.LeaderElection.askForVotes(LeaderElection.java:197)
	at org.apache.ratis.server.impl.LeaderElection.run(LeaderElection.java:133)
	at java.lang.Thread.run(Thread.java:748)
Caused by: org.apache.ratis.thirdparty.io.grpc.StatusRuntimeException: UNAVAILABLE: io exception
	at org.apache.ratis.thirdparty.io.grpc.stub.ClientCalls.toStatusRuntimeException(ClientCalls.java:233)
	at org.apache.ratis.thirdparty.io.grpc.stub.ClientCalls.getUnchecked(ClientCalls.java:214)
	at org.apache.ratis.thirdparty.io.grpc.stub.ClientCalls.blockingUnaryCall(ClientCalls.java:139)
	at org.apache.ratis.proto.grpc.RaftServerProtocolServiceGrpc$RaftServerProtocolServiceBlockingStub.requestVote(RaftServerProtocolServiceGrpc.java:265)
	at org.apache.ratis.grpc.server.GrpcServerProtocolClient.requestVote(GrpcServerProtocolClient.java:99)
	at org.apache.ratis.grpc.server.GrpcService.requestVote(GrpcService.java:204)
	at org.apache.ratis.server.impl.LeaderElection.lambda$submitRequests$1(LeaderElection.java:234)
	at java.util.concurrent.FutureTask.run(FutureTask.java:266)
	at java.util.concurrent.Executors$RunnableAdapter.call(Executors.java:511)
	at java.util.concurrent.FutureTask.run(FutureTask.java:266)
	at java.util.concurrent.ThreadPoolExecutor.runWorker(ThreadPoolExecutor.java:1149)
	at java.util.concurrent.ThreadPoolExecutor$Worker.run(ThreadPoolExecutor.java:624)
	... 1 more
Caused by: org.apache.ratis.thirdparty.io.netty.channel.AbstractChannel$AnnotatedConnectException: Connection refused: /192.168.164.241:46227
	at sun.nio.ch.SocketChannelImpl.checkConnect(Native Method)
	at sun.nio.ch.SocketChannelImpl.finishConnect(SocketChannelImpl.java:717)
	at org.apache.ratis.thirdparty.io.netty.channel.socket.nio.NioSocketChannel.doFinishConnect(NioSocketChannel.java:327)
	at org.apache.ratis.thirdparty.io.netty.channel.nio.AbstractNioChannel$AbstractNioUnsafe.finishConnect(AbstractNioChannel.java:340)
	at org.apache.ratis.thirdparty.io.netty.channel.nio.NioEventLoop.processSelectedKey(NioEventLoop.java:632)
	at org.apache.ratis.thirdparty.io.netty.channel.nio.NioEventLoop.processSelectedKeysOptimized(NioEventLoop.java:579)
	at org.apache.ratis.thirdparty.io.netty.channel.nio.NioEventLoop.processSelectedKeys(NioEventLoop.java:496)
	at org.apache.ratis.thirdparty.io.netty.channel.nio.NioEventLoop.run(NioEventLoop.java:458)
	at org.apache.ratis.thirdparty.io.netty.util.concurrent.SingleThreadEventExecutor$5.run(SingleThreadEventExecutor.java:897)
	at org.apache.ratis.thirdparty.io.netty.util.concurrent.FastThreadLocalRunnable.run(FastThreadLocalRunnable.java:30)
	... 1 more
Caused by: java.net.ConnectException: Connection refused
	... 11 more
2019-10-20 18:18:56,253 [b75f8b2e-6273-4c97-b7c5-042674931d23@group-F11756C8BA4A-LeaderElection375] INFO  impl.RaftServerImpl (RaftServerImpl.java:setRole(184)) - b75f8b2e-6273-4c97-b7c5-042674931d23@group-F11756C8BA4A: changes role from CANDIDATE to FOLLOWER at term 212 for DISCOVERED_A_NEW_TERM
2019-10-20 18:18:56,253 [b75f8b2e-6273-4c97-b7c5-042674931d23@group-F11756C8BA4A-LeaderElection375] INFO  impl.RoleInfo (RoleInfo.java:shutdownLeaderElection(134)) - b75f8b2e-6273-4c97-b7c5-042674931d23: shutdown LeaderElection
2019-10-20 18:18:56,254 [b75f8b2e-6273-4c97-b7c5-042674931d23@group-F11756C8BA4A-LeaderElection375] INFO  impl.RoleInfo (RoleInfo.java:updateAndGet(143)) - b75f8b2e-6273-4c97-b7c5-042674931d23: start FollowerState
2019-10-20 18:18:56,269 [399079f7-1eb1-4f37-b003-267572525934@group-D40A05E2FCF9-LeaderElection376] INFO  impl.LeaderElection (LeaderElection.java:askForVotes(178)) - 399079f7-1eb1-4f37-b003-267572525934@group-D40A05E2FCF9-LeaderElection376: begin an election at term 213 for -1: [399079f7-1eb1-4f37-b003-267572525934:192.168.164.241:37762, 7a43c46a-fc88-4b2d-b2da-ae029cfa60ff:192.168.164.241:43684, 6c5c38af-62e6-4ea7-a24a-078dcb28fb39:192.168.164.241:45428], old=null
2019-10-20 18:18:56,270 [grpc-default-executor-10] INFO  impl.RaftServerImpl (RaftServerImpl.java:setRole(184)) - 7a43c46a-fc88-4b2d-b2da-ae029cfa60ff@group-D40A05E2FCF9: changes role from  FOLLOWER to FOLLOWER at term 213 for recognizeCandidate:399079f7-1eb1-4f37-b003-267572525934
2019-10-20 18:18:56,271 [grpc-default-executor-10] INFO  impl.RoleInfo (RoleInfo.java:shutdownFollowerState(121)) - 7a43c46a-fc88-4b2d-b2da-ae029cfa60ff: shutdown FollowerState
2019-10-20 18:18:56,271 [grpc-default-executor-10] INFO  impl.RoleInfo (RoleInfo.java:updateAndGet(143)) - 7a43c46a-fc88-4b2d-b2da-ae029cfa60ff: start FollowerState
2019-10-20 18:18:56,271 [Thread-3006] INFO  impl.FollowerState (FollowerState.java:run(117)) - 7a43c46a-fc88-4b2d-b2da-ae029cfa60ff@group-D40A05E2FCF9-FollowerState was interrupted: java.lang.InterruptedException: sleep interrupted
2019-10-20 18:18:56,271 [grpc-default-executor-7] INFO  impl.RaftServerImpl (RaftServerImpl.java:setRole(184)) - 6c5c38af-62e6-4ea7-a24a-078dcb28fb39@group-D40A05E2FCF9: changes role from  FOLLOWER to FOLLOWER at term 213 for recognizeCandidate:399079f7-1eb1-4f37-b003-267572525934
2019-10-20 18:18:56,271 [grpc-default-executor-7] INFO  impl.RoleInfo (RoleInfo.java:shutdownFollowerState(121)) - 6c5c38af-62e6-4ea7-a24a-078dcb28fb39: shutdown FollowerState
2019-10-20 18:18:56,271 [grpc-default-executor-7] INFO  impl.RoleInfo (RoleInfo.java:updateAndGet(143)) - 6c5c38af-62e6-4ea7-a24a-078dcb28fb39: start FollowerState
2019-10-20 18:18:56,271 [Thread-3008] INFO  impl.FollowerState (FollowerState.java:run(117)) - 6c5c38af-62e6-4ea7-a24a-078dcb28fb39@group-D40A05E2FCF9-FollowerState was interrupted: java.lang.InterruptedException: sleep interrupted
2019-10-20 18:18:56,295 [399079f7-1eb1-4f37-b003-267572525934@group-D40A05E2FCF9-LeaderElection376] INFO  impl.LeaderElection (LeaderElection.java:logAndReturn(56)) - 399079f7-1eb1-4f37-b003-267572525934@group-D40A05E2FCF9-LeaderElection376: Election REJECTED; received 2 response(s) [399079f7-1eb1-4f37-b003-267572525934<-7a43c46a-fc88-4b2d-b2da-ae029cfa60ff#0:FAIL-t213, 399079f7-1eb1-4f37-b003-267572525934<-6c5c38af-62e6-4ea7-a24a-078dcb28fb39#0:FAIL-t213] and 0 exception(s); 399079f7-1eb1-4f37-b003-267572525934@group-D40A05E2FCF9:t213, leader=null, voted=399079f7-1eb1-4f37-b003-267572525934, raftlog=399079f7-1eb1-4f37-b003-267572525934@group-D40A05E2FCF9-SegmentedRaftLog:OPENED:c-1,f-1,i0, conf=-1: [399079f7-1eb1-4f37-b003-267572525934:192.168.164.241:37762, 7a43c46a-fc88-4b2d-b2da-ae029cfa60ff:192.168.164.241:43684, 6c5c38af-62e6-4ea7-a24a-078dcb28fb39:192.168.164.241:45428], old=null
2019-10-20 18:18:56,295 [399079f7-1eb1-4f37-b003-267572525934@group-D40A05E2FCF9-LeaderElection376] INFO  impl.RaftServerImpl (RaftServerImpl.java:setRole(184)) - 399079f7-1eb1-4f37-b003-267572525934@group-D40A05E2FCF9: changes role from CANDIDATE to FOLLOWER at term 213 for DISCOVERED_A_NEW_TERM
2019-10-20 18:18:56,295 [399079f7-1eb1-4f37-b003-267572525934@group-D40A05E2FCF9-LeaderElection376] INFO  impl.RoleInfo (RoleInfo.java:shutdownLeaderElection(134)) - 399079f7-1eb1-4f37-b003-267572525934: shutdown LeaderElection
2019-10-20 18:18:56,295 [399079f7-1eb1-4f37-b003-267572525934@group-D40A05E2FCF9-LeaderElection376] INFO  impl.RoleInfo (RoleInfo.java:updateAndGet(143)) - 399079f7-1eb1-4f37-b003-267572525934: start FollowerState
2019-10-20 18:18:56,384 [Thread-3017] INFO  impl.FollowerState (FollowerState.java:run(108)) - b75f8b2e-6273-4c97-b7c5-042674931d23@group-F11756C8BA4A-FollowerState: change to CANDIDATE, lastRpcTime:130ms, electionTimeout:130ms
2019-10-20 18:18:56,384 [Thread-3017] INFO  impl.RoleInfo (RoleInfo.java:shutdownFollowerState(121)) - b75f8b2e-6273-4c97-b7c5-042674931d23: shutdown FollowerState
2019-10-20 18:18:56,384 [Thread-3017] INFO  impl.RaftServerImpl (RaftServerImpl.java:setRole(184)) - b75f8b2e-6273-4c97-b7c5-042674931d23@group-F11756C8BA4A: changes role from  FOLLOWER to CANDIDATE at term 212 for changeToCandidate
2019-10-20 18:18:56,384 [Thread-3017] INFO  impl.RoleInfo (RoleInfo.java:updateAndGet(143)) - b75f8b2e-6273-4c97-b7c5-042674931d23: start LeaderElection
2019-10-20 18:18:56,412 [b75f8b2e-6273-4c97-b7c5-042674931d23@group-F11756C8BA4A-LeaderElection377] INFO  impl.LeaderElection (LeaderElection.java:askForVotes(178)) - b75f8b2e-6273-4c97-b7c5-042674931d23@group-F11756C8BA4A-LeaderElection377: begin an election at term 213 for -1: [6ef27e9c-8ddb-4fa1-8c14-ab102acfb1b8:192.168.164.241:38092, b75f8b2e-6273-4c97-b7c5-042674931d23:192.168.164.241:41857, 3750b3a2-715b-46b3-9d0c-9e38136244b9:192.168.164.241:46227], old=null
2019-10-20 18:18:56,413 [b75f8b2e-6273-4c97-b7c5-042674931d23@group-F11756C8BA4A-LeaderElection377] INFO  impl.LeaderElection (LogUtils.java:infoOrTrace(149)) - b75f8b2e-6273-4c97-b7c5-042674931d23@group-F11756C8BA4A-LeaderElection377 got exception when requesting votes: {}
java.util.concurrent.ExecutionException: org.apache.ratis.thirdparty.io.grpc.StatusRuntimeException: UNAVAILABLE: io exception
	at java.util.concurrent.FutureTask.report(FutureTask.java:122)
	at java.util.concurrent.FutureTask.get(FutureTask.java:192)
	at org.apache.ratis.server.impl.LeaderElection.waitForResults(LeaderElection.java:259)
	at org.apache.ratis.server.impl.LeaderElection.askForVotes(LeaderElection.java:197)
	at org.apache.ratis.server.impl.LeaderElection.run(LeaderElection.java:133)
	at java.lang.Thread.run(Thread.java:748)
Caused by: org.apache.ratis.thirdparty.io.grpc.StatusRuntimeException: UNAVAILABLE: io exception
	at org.apache.ratis.thirdparty.io.grpc.stub.ClientCalls.toStatusRuntimeException(ClientCalls.java:233)
	at org.apache.ratis.thirdparty.io.grpc.stub.ClientCalls.getUnchecked(ClientCalls.java:214)
	at org.apache.ratis.thirdparty.io.grpc.stub.ClientCalls.blockingUnaryCall(ClientCalls.java:139)
	at org.apache.ratis.proto.grpc.RaftServerProtocolServiceGrpc$RaftServerProtocolServiceBlockingStub.requestVote(RaftServerProtocolServiceGrpc.java:265)
	at org.apache.ratis.grpc.server.GrpcServerProtocolClient.requestVote(GrpcServerProtocolClient.java:99)
	at org.apache.ratis.grpc.server.GrpcService.requestVote(GrpcService.java:204)
	at org.apache.ratis.server.impl.LeaderElection.lambda$submitRequests$1(LeaderElection.java:234)
	at java.util.concurrent.FutureTask.run(FutureTask.java:266)
	at java.util.concurrent.Executors$RunnableAdapter.call(Executors.java:511)
	at java.util.concurrent.FutureTask.run(FutureTask.java:266)
	at java.util.concurrent.ThreadPoolExecutor.runWorker(ThreadPoolExecutor.java:1149)
	at java.util.concurrent.ThreadPoolExecutor$Worker.run(ThreadPoolExecutor.java:624)
	... 1 more
Caused by: org.apache.ratis.thirdparty.io.netty.channel.AbstractChannel$AnnotatedConnectException: Connection refused: /192.168.164.241:46227
	at sun.nio.ch.SocketChannelImpl.checkConnect(Native Method)
	at sun.nio.ch.SocketChannelImpl.finishConnect(SocketChannelImpl.java:717)
	at org.apache.ratis.thirdparty.io.netty.channel.socket.nio.NioSocketChannel.doFinishConnect(NioSocketChannel.java:327)
	at org.apache.ratis.thirdparty.io.netty.channel.nio.AbstractNioChannel$AbstractNioUnsafe.finishConnect(AbstractNioChannel.java:340)
	at org.apache.ratis.thirdparty.io.netty.channel.nio.NioEventLoop.processSelectedKey(NioEventLoop.java:632)
	at org.apache.ratis.thirdparty.io.netty.channel.nio.NioEventLoop.processSelectedKeysOptimized(NioEventLoop.java:579)
	at org.apache.ratis.thirdparty.io.netty.channel.nio.NioEventLoop.processSelectedKeys(NioEventLoop.java:496)
	at org.apache.ratis.thirdparty.io.netty.channel.nio.NioEventLoop.run(NioEventLoop.java:458)
	at org.apache.ratis.thirdparty.io.netty.util.concurrent.SingleThreadEventExecutor$5.run(SingleThreadEventExecutor.java:897)
	at org.apache.ratis.thirdparty.io.netty.util.concurrent.FastThreadLocalRunnable.run(FastThreadLocalRunnable.java:30)
	... 1 more
Caused by: java.net.ConnectException: Connection refused
	... 11 more
2019-10-20 18:18:56,417 [grpc-default-executor-10] INFO  impl.RaftServerImpl (RaftServerImpl.java:setRole(184)) - 6ef27e9c-8ddb-4fa1-8c14-ab102acfb1b8@group-F11756C8BA4A: changes role from  FOLLOWER to FOLLOWER at term 213 for recognizeCandidate:b75f8b2e-6273-4c97-b7c5-042674931d23
2019-10-20 18:18:56,417 [grpc-default-executor-10] INFO  impl.RoleInfo (RoleInfo.java:shutdownFollowerState(121)) - 6ef27e9c-8ddb-4fa1-8c14-ab102acfb1b8: shutdown FollowerState
2019-10-20 18:18:56,417 [grpc-default-executor-10] INFO  impl.RoleInfo (RoleInfo.java:updateAndGet(143)) - 6ef27e9c-8ddb-4fa1-8c14-ab102acfb1b8: start FollowerState
2019-10-20 18:18:56,418 [Thread-3015] INFO  impl.FollowerState (FollowerState.java:run(117)) - 6ef27e9c-8ddb-4fa1-8c14-ab102acfb1b8@group-F11756C8BA4A-FollowerState was interrupted: java.lang.InterruptedException: sleep interrupted
2019-10-20 18:18:56,428 [Thread-3022] INFO  impl.FollowerState (FollowerState.java:run(108)) - 399079f7-1eb1-4f37-b003-267572525934@group-D40A05E2FCF9-FollowerState: change to CANDIDATE, lastRpcTime:132ms, electionTimeout:132ms
2019-10-20 18:18:56,428 [Thread-3022] INFO  impl.RoleInfo (RoleInfo.java:shutdownFollowerState(121)) - 399079f7-1eb1-4f37-b003-267572525934: shutdown FollowerState
2019-10-20 18:18:56,428 [Thread-3022] INFO  impl.RaftServerImpl (RaftServerImpl.java:setRole(184)) - 399079f7-1eb1-4f37-b003-267572525934@group-D40A05E2FCF9: changes role from  FOLLOWER to CANDIDATE at term 213 for changeToCandidate
2019-10-20 18:18:56,428 [Thread-3022] INFO  impl.RoleInfo (RoleInfo.java:updateAndGet(143)) - 399079f7-1eb1-4f37-b003-267572525934: start LeaderElection
2019-10-20 18:18:56,446 [399079f7-1eb1-4f37-b003-267572525934@group-D40A05E2FCF9-LeaderElection378] INFO  impl.LeaderElection (LeaderElection.java:askForVotes(178)) - 399079f7-1eb1-4f37-b003-267572525934@group-D40A05E2FCF9-LeaderElection378: begin an election at term 214 for -1: [399079f7-1eb1-4f37-b003-267572525934:192.168.164.241:37762, 7a43c46a-fc88-4b2d-b2da-ae029cfa60ff:192.168.164.241:43684, 6c5c38af-62e6-4ea7-a24a-078dcb28fb39:192.168.164.241:45428], old=null
2019-10-20 18:18:56,447 [b75f8b2e-6273-4c97-b7c5-042674931d23@group-F11756C8BA4A-LeaderElection377] INFO  impl.LeaderElection (LeaderElection.java:logAndReturn(56)) - b75f8b2e-6273-4c97-b7c5-042674931d23@group-F11756C8BA4A-LeaderElection377: Election REJECTED; received 1 response(s) [b75f8b2e-6273-4c97-b7c5-042674931d23<-6ef27e9c-8ddb-4fa1-8c14-ab102acfb1b8#0:FAIL-t213] and 1 exception(s); b75f8b2e-6273-4c97-b7c5-042674931d23@group-F11756C8BA4A:t213, leader=null, voted=b75f8b2e-6273-4c97-b7c5-042674931d23, raftlog=b75f8b2e-6273-4c97-b7c5-042674931d23@group-F11756C8BA4A-SegmentedRaftLog:OPENED:c-1,f-1,i0, conf=-1: [6ef27e9c-8ddb-4fa1-8c14-ab102acfb1b8:192.168.164.241:38092, b75f8b2e-6273-4c97-b7c5-042674931d23:192.168.164.241:41857, 3750b3a2-715b-46b3-9d0c-9e38136244b9:192.168.164.241:46227], old=null
2019-10-20 18:18:56,447 [b75f8b2e-6273-4c97-b7c5-042674931d23@group-F11756C8BA4A-LeaderElection377] INFO  impl.LeaderElection (LogUtils.java:infoOrTrace(149)) -   Exception 0: {}
java.util.concurrent.ExecutionException: org.apache.ratis.thirdparty.io.grpc.StatusRuntimeException: UNAVAILABLE: io exception
	at java.util.concurrent.FutureTask.report(FutureTask.java:122)
	at java.util.concurrent.FutureTask.get(FutureTask.java:192)
	at org.apache.ratis.server.impl.LeaderElection.waitForResults(LeaderElection.java:259)
	at org.apache.ratis.server.impl.LeaderElection.askForVotes(LeaderElection.java:197)
	at org.apache.ratis.server.impl.LeaderElection.run(LeaderElection.java:133)
	at java.lang.Thread.run(Thread.java:748)
Caused by: org.apache.ratis.thirdparty.io.grpc.StatusRuntimeException: UNAVAILABLE: io exception
	at org.apache.ratis.thirdparty.io.grpc.stub.ClientCalls.toStatusRuntimeException(ClientCalls.java:233)
	at org.apache.ratis.thirdparty.io.grpc.stub.ClientCalls.getUnchecked(ClientCalls.java:214)
	at org.apache.ratis.thirdparty.io.grpc.stub.ClientCalls.blockingUnaryCall(ClientCalls.java:139)
	at org.apache.ratis.proto.grpc.RaftServerProtocolServiceGrpc$RaftServerProtocolServiceBlockingStub.requestVote(RaftServerProtocolServiceGrpc.java:265)
	at org.apache.ratis.grpc.server.GrpcServerProtocolClient.requestVote(GrpcServerProtocolClient.java:99)
	at org.apache.ratis.grpc.server.GrpcService.requestVote(GrpcService.java:204)
	at org.apache.ratis.server.impl.LeaderElection.lambda$submitRequests$1(LeaderElection.java:234)
	at java.util.concurrent.FutureTask.run(FutureTask.java:266)
	at java.util.concurrent.Executors$RunnableAdapter.call(Executors.java:511)
	at java.util.concurrent.FutureTask.run(FutureTask.java:266)
	at java.util.concurrent.ThreadPoolExecutor.runWorker(ThreadPoolExecutor.java:1149)
	at java.util.concurrent.ThreadPoolExecutor$Worker.run(ThreadPoolExecutor.java:624)
	... 1 more
Caused by: org.apache.ratis.thirdparty.io.netty.channel.AbstractChannel$AnnotatedConnectException: Connection refused: /192.168.164.241:46227
	at sun.nio.ch.SocketChannelImpl.checkConnect(Native Method)
	at sun.nio.ch.SocketChannelImpl.finishConnect(SocketChannelImpl.java:717)
	at org.apache.ratis.thirdparty.io.netty.channel.socket.nio.NioSocketChannel.doFinishConnect(NioSocketChannel.java:327)
	at org.apache.ratis.thirdparty.io.netty.channel.nio.AbstractNioChannel$AbstractNioUnsafe.finishConnect(AbstractNioChannel.java:340)
	at org.apache.ratis.thirdparty.io.netty.channel.nio.NioEventLoop.processSelectedKey(NioEventLoop.java:632)
	at org.apache.ratis.thirdparty.io.netty.channel.nio.NioEventLoop.processSelectedKeysOptimized(NioEventLoop.java:579)
	at org.apache.ratis.thirdparty.io.netty.channel.nio.NioEventLoop.processSelectedKeys(NioEventLoop.java:496)
	at org.apache.ratis.thirdparty.io.netty.channel.nio.NioEventLoop.run(NioEventLoop.java:458)
	at org.apache.ratis.thirdparty.io.netty.util.concurrent.SingleThreadEventExecutor$5.run(SingleThreadEventExecutor.java:897)
	at org.apache.ratis.thirdparty.io.netty.util.concurrent.FastThreadLocalRunnable.run(FastThreadLocalRunnable.java:30)
	... 1 more
Caused by: java.net.ConnectException: Connection refused
	... 11 more
2019-10-20 18:18:56,448 [b75f8b2e-6273-4c97-b7c5-042674931d23@group-F11756C8BA4A-LeaderElection377] INFO  impl.RaftServerImpl (RaftServerImpl.java:setRole(184)) - b75f8b2e-6273-4c97-b7c5-042674931d23@group-F11756C8BA4A: changes role from CANDIDATE to FOLLOWER at term 213 for DISCOVERED_A_NEW_TERM
2019-10-20 18:18:56,448 [grpc-default-executor-10] INFO  impl.RaftServerImpl (RaftServerImpl.java:setRole(184)) - 7a43c46a-fc88-4b2d-b2da-ae029cfa60ff@group-D40A05E2FCF9: changes role from  FOLLOWER to FOLLOWER at term 214 for recognizeCandidate:399079f7-1eb1-4f37-b003-267572525934
2019-10-20 18:18:56,449 [grpc-default-executor-7] INFO  impl.RaftServerImpl (RaftServerImpl.java:setRole(184)) - 6c5c38af-62e6-4ea7-a24a-078dcb28fb39@group-D40A05E2FCF9: changes role from  FOLLOWER to FOLLOWER at term 214 for recognizeCandidate:399079f7-1eb1-4f37-b003-267572525934
2019-10-20 18:18:56,449 [grpc-default-executor-7] INFO  impl.RoleInfo (RoleInfo.java:shutdownFollowerState(121)) - 6c5c38af-62e6-4ea7-a24a-078dcb28fb39: shutdown FollowerState
2019-10-20 18:18:56,448 [b75f8b2e-6273-4c97-b7c5-042674931d23@group-F11756C8BA4A-LeaderElection377] INFO  impl.RoleInfo (RoleInfo.java:shutdownLeaderElection(134)) - b75f8b2e-6273-4c97-b7c5-042674931d23: shutdown LeaderElection
2019-10-20 18:18:56,449 [Thread-3021] INFO  impl.FollowerState (FollowerState.java:run(117)) - 6c5c38af-62e6-4ea7-a24a-078dcb28fb39@group-D40A05E2FCF9-FollowerState was interrupted: java.lang.InterruptedException: sleep interrupted
2019-10-20 18:18:56,449 [grpc-default-executor-7] INFO  impl.RoleInfo (RoleInfo.java:updateAndGet(143)) - 6c5c38af-62e6-4ea7-a24a-078dcb28fb39: start FollowerState
2019-10-20 18:18:56,449 [grpc-default-executor-10] INFO  impl.RoleInfo (RoleInfo.java:shutdownFollowerState(121)) - 7a43c46a-fc88-4b2d-b2da-ae029cfa60ff: shutdown FollowerState
2019-10-20 18:18:56,449 [b75f8b2e-6273-4c97-b7c5-042674931d23@group-F11756C8BA4A-LeaderElection377] INFO  impl.RoleInfo (RoleInfo.java:updateAndGet(143)) - b75f8b2e-6273-4c97-b7c5-042674931d23: start FollowerState
2019-10-20 18:18:56,450 [Thread-3020] INFO  impl.FollowerState (FollowerState.java:run(117)) - 7a43c46a-fc88-4b2d-b2da-ae029cfa60ff@group-D40A05E2FCF9-FollowerState was interrupted: java.lang.InterruptedException: sleep interrupted
2019-10-20 18:18:56,450 [grpc-default-executor-10] INFO  impl.RoleInfo (RoleInfo.java:updateAndGet(143)) - 7a43c46a-fc88-4b2d-b2da-ae029cfa60ff: start FollowerState
2019-10-20 18:18:56,472 [399079f7-1eb1-4f37-b003-267572525934@group-D40A05E2FCF9-LeaderElection378] INFO  impl.LeaderElection (LeaderElection.java:logAndReturn(56)) - 399079f7-1eb1-4f37-b003-267572525934@group-D40A05E2FCF9-LeaderElection378: Election REJECTED; received 2 response(s) [399079f7-1eb1-4f37-b003-267572525934<-7a43c46a-fc88-4b2d-b2da-ae029cfa60ff#0:FAIL-t214, 399079f7-1eb1-4f37-b003-267572525934<-6c5c38af-62e6-4ea7-a24a-078dcb28fb39#0:FAIL-t214] and 0 exception(s); 399079f7-1eb1-4f37-b003-267572525934@group-D40A05E2FCF9:t214, leader=null, voted=399079f7-1eb1-4f37-b003-267572525934, raftlog=399079f7-1eb1-4f37-b003-267572525934@group-D40A05E2FCF9-SegmentedRaftLog:OPENED:c-1,f-1,i0, conf=-1: [399079f7-1eb1-4f37-b003-267572525934:192.168.164.241:37762, 7a43c46a-fc88-4b2d-b2da-ae029cfa60ff:192.168.164.241:43684, 6c5c38af-62e6-4ea7-a24a-078dcb28fb39:192.168.164.241:45428], old=null
2019-10-20 18:18:56,472 [399079f7-1eb1-4f37-b003-267572525934@group-D40A05E2FCF9-LeaderElection378] INFO  impl.RaftServerImpl (RaftServerImpl.java:setRole(184)) - 399079f7-1eb1-4f37-b003-267572525934@group-D40A05E2FCF9: changes role from CANDIDATE to FOLLOWER at term 214 for DISCOVERED_A_NEW_TERM
2019-10-20 18:18:56,472 [399079f7-1eb1-4f37-b003-267572525934@group-D40A05E2FCF9-LeaderElection378] INFO  impl.RoleInfo (RoleInfo.java:shutdownLeaderElection(134)) - 399079f7-1eb1-4f37-b003-267572525934: shutdown LeaderElection
2019-10-20 18:18:56,473 [399079f7-1eb1-4f37-b003-267572525934@group-D40A05E2FCF9-LeaderElection378] INFO  impl.RoleInfo (RoleInfo.java:updateAndGet(143)) - 399079f7-1eb1-4f37-b003-267572525934: start FollowerState
2019-10-20 18:18:56,524 [Thread-3031] INFO  impl.FollowerState (FollowerState.java:run(108)) - b75f8b2e-6273-4c97-b7c5-042674931d23@group-F11756C8BA4A-FollowerState: change to CANDIDATE, lastRpcTime:75ms, electionTimeout:74ms
2019-10-20 18:18:56,524 [Thread-3031] INFO  impl.RoleInfo (RoleInfo.java:shutdownFollowerState(121)) - b75f8b2e-6273-4c97-b7c5-042674931d23: shutdown FollowerState
2019-10-20 18:18:56,525 [Thread-3031] INFO  impl.RaftServerImpl (RaftServerImpl.java:setRole(184)) - b75f8b2e-6273-4c97-b7c5-042674931d23@group-F11756C8BA4A: changes role from  FOLLOWER to CANDIDATE at term 213 for changeToCandidate
2019-10-20 18:18:56,525 [Thread-3031] INFO  impl.RoleInfo (RoleInfo.java:updateAndGet(143)) - b75f8b2e-6273-4c97-b7c5-042674931d23: start LeaderElection
2019-10-20 18:18:56,539 [b75f8b2e-6273-4c97-b7c5-042674931d23@group-F11756C8BA4A-LeaderElection379] INFO  impl.LeaderElection (LeaderElection.java:askForVotes(178)) - b75f8b2e-6273-4c97-b7c5-042674931d23@group-F11756C8BA4A-LeaderElection379: begin an election at term 214 for -1: [6ef27e9c-8ddb-4fa1-8c14-ab102acfb1b8:192.168.164.241:38092, b75f8b2e-6273-4c97-b7c5-042674931d23:192.168.164.241:41857, 3750b3a2-715b-46b3-9d0c-9e38136244b9:192.168.164.241:46227], old=null
2019-10-20 18:18:56,540 [b75f8b2e-6273-4c97-b7c5-042674931d23@group-F11756C8BA4A-LeaderElection379] INFO  impl.LeaderElection (LogUtils.java:infoOrTrace(149)) - b75f8b2e-6273-4c97-b7c5-042674931d23@group-F11756C8BA4A-LeaderElection379 got exception when requesting votes: {}
java.util.concurrent.ExecutionException: org.apache.ratis.thirdparty.io.grpc.StatusRuntimeException: UNAVAILABLE: io exception
	at java.util.concurrent.FutureTask.report(FutureTask.java:122)
	at java.util.concurrent.FutureTask.get(FutureTask.java:192)
	at org.apache.ratis.server.impl.LeaderElection.waitForResults(LeaderElection.java:259)
	at org.apache.ratis.server.impl.LeaderElection.askForVotes(LeaderElection.java:197)
	at org.apache.ratis.server.impl.LeaderElection.run(LeaderElection.java:133)
	at java.lang.Thread.run(Thread.java:748)
Caused by: org.apache.ratis.thirdparty.io.grpc.StatusRuntimeException: UNAVAILABLE: io exception
	at org.apache.ratis.thirdparty.io.grpc.stub.ClientCalls.toStatusRuntimeException(ClientCalls.java:233)
	at org.apache.ratis.thirdparty.io.grpc.stub.ClientCalls.getUnchecked(ClientCalls.java:214)
	at org.apache.ratis.thirdparty.io.grpc.stub.ClientCalls.blockingUnaryCall(ClientCalls.java:139)
	at org.apache.ratis.proto.grpc.RaftServerProtocolServiceGrpc$RaftServerProtocolServiceBlockingStub.requestVote(RaftServerProtocolServiceGrpc.java:265)
	at org.apache.ratis.grpc.server.GrpcServerProtocolClient.requestVote(GrpcServerProtocolClient.java:99)
	at org.apache.ratis.grpc.server.GrpcService.requestVote(GrpcService.java:204)
	at org.apache.ratis.server.impl.LeaderElection.lambda$submitRequests$1(LeaderElection.java:234)
	at java.util.concurrent.FutureTask.run(FutureTask.java:266)
	at java.util.concurrent.Executors$RunnableAdapter.call(Executors.java:511)
	at java.util.concurrent.FutureTask.run(FutureTask.java:266)
	at java.util.concurrent.ThreadPoolExecutor.runWorker(ThreadPoolExecutor.java:1149)
	at java.util.concurrent.ThreadPoolExecutor$Worker.run(ThreadPoolExecutor.java:624)
	... 1 more
Caused by: org.apache.ratis.thirdparty.io.netty.channel.AbstractChannel$AnnotatedConnectException: Connection refused: /192.168.164.241:46227
	at sun.nio.ch.SocketChannelImpl.checkConnect(Native Method)
	at sun.nio.ch.SocketChannelImpl.finishConnect(SocketChannelImpl.java:717)
	at org.apache.ratis.thirdparty.io.netty.channel.socket.nio.NioSocketChannel.doFinishConnect(NioSocketChannel.java:327)
	at org.apache.ratis.thirdparty.io.netty.channel.nio.AbstractNioChannel$AbstractNioUnsafe.finishConnect(AbstractNioChannel.java:340)
	at org.apache.ratis.thirdparty.io.netty.channel.nio.NioEventLoop.processSelectedKey(NioEventLoop.java:632)
	at org.apache.ratis.thirdparty.io.netty.channel.nio.NioEventLoop.processSelectedKeysOptimized(NioEventLoop.java:579)
	at org.apache.ratis.thirdparty.io.netty.channel.nio.NioEventLoop.processSelectedKeys(NioEventLoop.java:496)
	at org.apache.ratis.thirdparty.io.netty.channel.nio.NioEventLoop.run(NioEventLoop.java:458)
	at org.apache.ratis.thirdparty.io.netty.util.concurrent.SingleThreadEventExecutor$5.run(SingleThreadEventExecutor.java:897)
	at org.apache.ratis.thirdparty.io.netty.util.concurrent.FastThreadLocalRunnable.run(FastThreadLocalRunnable.java:30)
	... 1 more
Caused by: java.net.ConnectException: Connection refused
	... 11 more
2019-10-20 18:18:56,544 [grpc-default-executor-10] INFO  impl.RaftServerImpl (RaftServerImpl.java:setRole(184)) - 6ef27e9c-8ddb-4fa1-8c14-ab102acfb1b8@group-F11756C8BA4A: changes role from  FOLLOWER to FOLLOWER at term 214 for recognizeCandidate:b75f8b2e-6273-4c97-b7c5-042674931d23
2019-10-20 18:18:56,544 [grpc-default-executor-10] INFO  impl.RoleInfo (RoleInfo.java:shutdownFollowerState(121)) - 6ef27e9c-8ddb-4fa1-8c14-ab102acfb1b8: shutdown FollowerState
2019-10-20 18:18:56,544 [grpc-default-executor-10] INFO  impl.RoleInfo (RoleInfo.java:updateAndGet(143)) - 6ef27e9c-8ddb-4fa1-8c14-ab102acfb1b8: start FollowerState
2019-10-20 18:18:56,544 [Thread-3026] INFO  impl.FollowerState (FollowerState.java:run(117)) - 6ef27e9c-8ddb-4fa1-8c14-ab102acfb1b8@group-F11756C8BA4A-FollowerState was interrupted: java.lang.InterruptedException: sleep interrupted
2019-10-20 18:18:56,575 [b75f8b2e-6273-4c97-b7c5-042674931d23@group-F11756C8BA4A-LeaderElection379] INFO  impl.LeaderElection (LeaderElection.java:logAndReturn(56)) - b75f8b2e-6273-4c97-b7c5-042674931d23@group-F11756C8BA4A-LeaderElection379: Election REJECTED; received 1 response(s) [b75f8b2e-6273-4c97-b7c5-042674931d23<-6ef27e9c-8ddb-4fa1-8c14-ab102acfb1b8#0:FAIL-t214] and 1 exception(s); b75f8b2e-6273-4c97-b7c5-042674931d23@group-F11756C8BA4A:t214, leader=null, voted=b75f8b2e-6273-4c97-b7c5-042674931d23, raftlog=b75f8b2e-6273-4c97-b7c5-042674931d23@group-F11756C8BA4A-SegmentedRaftLog:OPENED:c-1,f-1,i0, conf=-1: [6ef27e9c-8ddb-4fa1-8c14-ab102acfb1b8:192.168.164.241:38092, b75f8b2e-6273-4c97-b7c5-042674931d23:192.168.164.241:41857, 3750b3a2-715b-46b3-9d0c-9e38136244b9:192.168.164.241:46227], old=null
2019-10-20 18:18:56,575 [b75f8b2e-6273-4c97-b7c5-042674931d23@group-F11756C8BA4A-LeaderElection379] INFO  impl.LeaderElection (LogUtils.java:infoOrTrace(149)) -   Exception 0: {}
java.util.concurrent.ExecutionException: org.apache.ratis.thirdparty.io.grpc.StatusRuntimeException: UNAVAILABLE: io exception
	at java.util.concurrent.FutureTask.report(FutureTask.java:122)
	at java.util.concurrent.FutureTask.get(FutureTask.java:192)
	at org.apache.ratis.server.impl.LeaderElection.waitForResults(LeaderElection.java:259)
	at org.apache.ratis.server.impl.LeaderElection.askForVotes(LeaderElection.java:197)
	at org.apache.ratis.server.impl.LeaderElection.run(LeaderElection.java:133)
	at java.lang.Thread.run(Thread.java:748)
Caused by: org.apache.ratis.thirdparty.io.grpc.StatusRuntimeException: UNAVAILABLE: io exception
	at org.apache.ratis.thirdparty.io.grpc.stub.ClientCalls.toStatusRuntimeException(ClientCalls.java:233)
	at org.apache.ratis.thirdparty.io.grpc.stub.ClientCalls.getUnchecked(ClientCalls.java:214)
	at org.apache.ratis.thirdparty.io.grpc.stub.ClientCalls.blockingUnaryCall(ClientCalls.java:139)
	at org.apache.ratis.proto.grpc.RaftServerProtocolServiceGrpc$RaftServerProtocolServiceBlockingStub.requestVote(RaftServerProtocolServiceGrpc.java:265)
	at org.apache.ratis.grpc.server.GrpcServerProtocolClient.requestVote(GrpcServerProtocolClient.java:99)
	at org.apache.ratis.grpc.server.GrpcService.requestVote(GrpcService.java:204)
	at org.apache.ratis.server.impl.LeaderElection.lambda$submitRequests$1(LeaderElection.java:234)
	at java.util.concurrent.FutureTask.run(FutureTask.java:266)
	at java.util.concurrent.Executors$RunnableAdapter.call(Executors.java:511)
	at java.util.concurrent.FutureTask.run(FutureTask.java:266)
	at java.util.concurrent.ThreadPoolExecutor.runWorker(ThreadPoolExecutor.java:1149)
	at java.util.concurrent.ThreadPoolExecutor$Worker.run(ThreadPoolExecutor.java:624)
	... 1 more
Caused by: org.apache.ratis.thirdparty.io.netty.channel.AbstractChannel$AnnotatedConnectException: Connection refused: /192.168.164.241:46227
	at sun.nio.ch.SocketChannelImpl.checkConnect(Native Method)
	at sun.nio.ch.SocketChannelImpl.finishConnect(SocketChannelImpl.java:717)
	at org.apache.ratis.thirdparty.io.netty.channel.socket.nio.NioSocketChannel.doFinishConnect(NioSocketChannel.java:327)
	at org.apache.ratis.thirdparty.io.netty.channel.nio.AbstractNioChannel$AbstractNioUnsafe.finishConnect(AbstractNioChannel.java:340)
	at org.apache.ratis.thirdparty.io.netty.channel.nio.NioEventLoop.processSelectedKey(NioEventLoop.java:632)
	at org.apache.ratis.thirdparty.io.netty.channel.nio.NioEventLoop.processSelectedKeysOptimized(NioEventLoop.java:579)
	at org.apache.ratis.thirdparty.io.netty.channel.nio.NioEventLoop.processSelectedKeys(NioEventLoop.java:496)
	at org.apache.ratis.thirdparty.io.netty.channel.nio.NioEventLoop.run(NioEventLoop.java:458)
	at org.apache.ratis.thirdparty.io.netty.util.concurrent.SingleThreadEventExecutor$5.run(SingleThreadEventExecutor.java:897)
	at org.apache.ratis.thirdparty.io.netty.util.concurrent.FastThreadLocalRunnable.run(FastThreadLocalRunnable.java:30)
	... 1 more
Caused by: java.net.ConnectException: Connection refused
	... 11 more
2019-10-20 18:18:56,576 [b75f8b2e-6273-4c97-b7c5-042674931d23@group-F11756C8BA4A-LeaderElection379] INFO  impl.RaftServerImpl (RaftServerImpl.java:setRole(184)) - b75f8b2e-6273-4c97-b7c5-042674931d23@group-F11756C8BA4A: changes role from CANDIDATE to FOLLOWER at term 214 for DISCOVERED_A_NEW_TERM
2019-10-20 18:18:56,576 [b75f8b2e-6273-4c97-b7c5-042674931d23@group-F11756C8BA4A-LeaderElection379] INFO  impl.RoleInfo (RoleInfo.java:shutdownLeaderElection(134)) - b75f8b2e-6273-4c97-b7c5-042674931d23: shutdown LeaderElection
2019-10-20 18:18:56,576 [b75f8b2e-6273-4c97-b7c5-042674931d23@group-F11756C8BA4A-LeaderElection379] INFO  impl.RoleInfo (RoleInfo.java:updateAndGet(143)) - b75f8b2e-6273-4c97-b7c5-042674931d23: start FollowerState
2019-10-20 18:18:56,653 [Thread-3033] INFO  impl.FollowerState (FollowerState.java:run(108)) - 399079f7-1eb1-4f37-b003-267572525934@group-D40A05E2FCF9-FollowerState: change to CANDIDATE, lastRpcTime:180ms, electionTimeout:180ms
2019-10-20 18:18:56,653 [Thread-3033] INFO  impl.RoleInfo (RoleInfo.java:shutdownFollowerState(121)) - 399079f7-1eb1-4f37-b003-267572525934: shutdown FollowerState
2019-10-20 18:18:56,653 [Thread-3033] INFO  impl.RaftServerImpl (RaftServerImpl.java:setRole(184)) - 399079f7-1eb1-4f37-b003-267572525934@group-D40A05E2FCF9: changes role from  FOLLOWER to CANDIDATE at term 214 for changeToCandidate
2019-10-20 18:18:56,655 [Thread-3033] INFO  impl.RoleInfo (RoleInfo.java:updateAndGet(143)) - 399079f7-1eb1-4f37-b003-267572525934: start LeaderElection
2019-10-20 18:18:56,683 [399079f7-1eb1-4f37-b003-267572525934@group-D40A05E2FCF9-LeaderElection380] INFO  impl.LeaderElection (LeaderElection.java:askForVotes(178)) - 399079f7-1eb1-4f37-b003-267572525934@group-D40A05E2FCF9-LeaderElection380: begin an election at term 215 for -1: [399079f7-1eb1-4f37-b003-267572525934:192.168.164.241:37762, 7a43c46a-fc88-4b2d-b2da-ae029cfa60ff:192.168.164.241:43684, 6c5c38af-62e6-4ea7-a24a-078dcb28fb39:192.168.164.241:45428], old=null
2019-10-20 18:18:56,698 [grpc-default-executor-10] INFO  impl.RaftServerImpl (RaftServerImpl.java:setRole(184)) - 6c5c38af-62e6-4ea7-a24a-078dcb28fb39@group-D40A05E2FCF9: changes role from  FOLLOWER to FOLLOWER at term 215 for recognizeCandidate:399079f7-1eb1-4f37-b003-267572525934
2019-10-20 18:18:56,698 [grpc-default-executor-7] INFO  impl.RaftServerImpl (RaftServerImpl.java:setRole(184)) - 7a43c46a-fc88-4b2d-b2da-ae029cfa60ff@group-D40A05E2FCF9: changes role from  FOLLOWER to FOLLOWER at term 215 for recognizeCandidate:399079f7-1eb1-4f37-b003-267572525934
2019-10-20 18:18:56,698 [grpc-default-executor-7] INFO  impl.RoleInfo (RoleInfo.java:shutdownFollowerState(121)) - 7a43c46a-fc88-4b2d-b2da-ae029cfa60ff: shutdown FollowerState
2019-10-20 18:18:56,698 [grpc-default-executor-10] INFO  impl.RoleInfo (RoleInfo.java:shutdownFollowerState(121)) - 6c5c38af-62e6-4ea7-a24a-078dcb28fb39: shutdown FollowerState
2019-10-20 18:18:56,698 [Thread-3032] INFO  impl.FollowerState (FollowerState.java:run(117)) - 7a43c46a-fc88-4b2d-b2da-ae029cfa60ff@group-D40A05E2FCF9-FollowerState was interrupted: java.lang.InterruptedException: sleep interrupted
2019-10-20 18:18:56,714 [grpc-default-executor-10] INFO  impl.RoleInfo (RoleInfo.java:updateAndGet(143)) - 6c5c38af-62e6-4ea7-a24a-078dcb28fb39: start FollowerState
2019-10-20 18:18:56,714 [grpc-default-executor-7] INFO  impl.RoleInfo (RoleInfo.java:updateAndGet(143)) - 7a43c46a-fc88-4b2d-b2da-ae029cfa60ff: start FollowerState
2019-10-20 18:18:56,714 [Thread-3030] INFO  impl.FollowerState (FollowerState.java:run(117)) - 6c5c38af-62e6-4ea7-a24a-078dcb28fb39@group-D40A05E2FCF9-FollowerState was interrupted: java.lang.InterruptedException: sleep interrupted
2019-10-20 18:18:56,722 [Thread-3038] INFO  impl.FollowerState (FollowerState.java:run(108)) - b75f8b2e-6273-4c97-b7c5-042674931d23@group-F11756C8BA4A-FollowerState: change to CANDIDATE, lastRpcTime:146ms, electionTimeout:146ms
2019-10-20 18:18:56,722 [Thread-3038] INFO  impl.RoleInfo (RoleInfo.java:shutdownFollowerState(121)) - b75f8b2e-6273-4c97-b7c5-042674931d23: shutdown FollowerState
2019-10-20 18:18:56,722 [Thread-3038] INFO  impl.RaftServerImpl (RaftServerImpl.java:setRole(184)) - b75f8b2e-6273-4c97-b7c5-042674931d23@group-F11756C8BA4A: changes role from  FOLLOWER to CANDIDATE at term 214 for changeToCandidate
2019-10-20 18:18:56,731 [Thread-3038] INFO  impl.RoleInfo (RoleInfo.java:updateAndGet(143)) - b75f8b2e-6273-4c97-b7c5-042674931d23: start LeaderElection
2019-10-20 18:18:56,747 [399079f7-1eb1-4f37-b003-267572525934@group-D40A05E2FCF9-LeaderElection380] INFO  impl.LeaderElection (LeaderElection.java:logAndReturn(56)) - 399079f7-1eb1-4f37-b003-267572525934@group-D40A05E2FCF9-LeaderElection380: Election REJECTED; received 2 response(s) [399079f7-1eb1-4f37-b003-267572525934<-7a43c46a-fc88-4b2d-b2da-ae029cfa60ff#0:FAIL-t215, 399079f7-1eb1-4f37-b003-267572525934<-6c5c38af-62e6-4ea7-a24a-078dcb28fb39#0:FAIL-t215] and 0 exception(s); 399079f7-1eb1-4f37-b003-267572525934@group-D40A05E2FCF9:t215, leader=null, voted=399079f7-1eb1-4f37-b003-267572525934, raftlog=399079f7-1eb1-4f37-b003-267572525934@group-D40A05E2FCF9-SegmentedRaftLog:OPENED:c-1,f-1,i0, conf=-1: [399079f7-1eb1-4f37-b003-267572525934:192.168.164.241:37762, 7a43c46a-fc88-4b2d-b2da-ae029cfa60ff:192.168.164.241:43684, 6c5c38af-62e6-4ea7-a24a-078dcb28fb39:192.168.164.241:45428], old=null
2019-10-20 18:18:56,747 [399079f7-1eb1-4f37-b003-267572525934@group-D40A05E2FCF9-LeaderElection380] INFO  impl.RaftServerImpl (RaftServerImpl.java:setRole(184)) - 399079f7-1eb1-4f37-b003-267572525934@group-D40A05E2FCF9: changes role from CANDIDATE to FOLLOWER at term 215 for DISCOVERED_A_NEW_TERM
2019-10-20 18:18:56,747 [399079f7-1eb1-4f37-b003-267572525934@group-D40A05E2FCF9-LeaderElection380] INFO  impl.RoleInfo (RoleInfo.java:shutdownLeaderElection(134)) - 399079f7-1eb1-4f37-b003-267572525934: shutdown LeaderElection
2019-10-20 18:18:56,748 [399079f7-1eb1-4f37-b003-267572525934@group-D40A05E2FCF9-LeaderElection380] INFO  impl.RoleInfo (RoleInfo.java:updateAndGet(143)) - 399079f7-1eb1-4f37-b003-267572525934: start FollowerState
2019-10-20 18:18:56,751 [b75f8b2e-6273-4c97-b7c5-042674931d23@group-F11756C8BA4A-LeaderElection381] INFO  impl.LeaderElection (LeaderElection.java:askForVotes(178)) - b75f8b2e-6273-4c97-b7c5-042674931d23@group-F11756C8BA4A-LeaderElection381: begin an election at term 215 for -1: [6ef27e9c-8ddb-4fa1-8c14-ab102acfb1b8:192.168.164.241:38092, b75f8b2e-6273-4c97-b7c5-042674931d23:192.168.164.241:41857, 3750b3a2-715b-46b3-9d0c-9e38136244b9:192.168.164.241:46227], old=null
2019-10-20 18:18:56,764 [b75f8b2e-6273-4c97-b7c5-042674931d23@group-F11756C8BA4A-LeaderElection381] INFO  impl.LeaderElection (LogUtils.java:infoOrTrace(149)) - b75f8b2e-6273-4c97-b7c5-042674931d23@group-F11756C8BA4A-LeaderElection381 got exception when requesting votes: {}
java.util.concurrent.ExecutionException: org.apache.ratis.thirdparty.io.grpc.StatusRuntimeException: UNAVAILABLE: io exception
	at java.util.concurrent.FutureTask.report(FutureTask.java:122)
	at java.util.concurrent.FutureTask.get(FutureTask.java:192)
	at org.apache.ratis.server.impl.LeaderElection.waitForResults(LeaderElection.java:259)
	at org.apache.ratis.server.impl.LeaderElection.askForVotes(LeaderElection.java:197)
	at org.apache.ratis.server.impl.LeaderElection.run(LeaderElection.java:133)
	at java.lang.Thread.run(Thread.java:748)
Caused by: org.apache.ratis.thirdparty.io.grpc.StatusRuntimeException: UNAVAILABLE: io exception
	at org.apache.ratis.thirdparty.io.grpc.stub.ClientCalls.toStatusRuntimeException(ClientCalls.java:233)
	at org.apache.ratis.thirdparty.io.grpc.stub.ClientCalls.getUnchecked(ClientCalls.java:214)
	at org.apache.ratis.thirdparty.io.grpc.stub.ClientCalls.blockingUnaryCall(ClientCalls.java:139)
	at org.apache.ratis.proto.grpc.RaftServerProtocolServiceGrpc$RaftServerProtocolServiceBlockingStub.requestVote(RaftServerProtocolServiceGrpc.java:265)
	at org.apache.ratis.grpc.server.GrpcServerProtocolClient.requestVote(GrpcServerProtocolClient.java:99)
	at org.apache.ratis.grpc.server.GrpcService.requestVote(GrpcService.java:204)
	at org.apache.ratis.server.impl.LeaderElection.lambda$submitRequests$1(LeaderElection.java:234)
	at java.util.concurrent.FutureTask.run(FutureTask.java:266)
	at java.util.concurrent.Executors$RunnableAdapter.call(Executors.java:511)
	at java.util.concurrent.FutureTask.run(FutureTask.java:266)
	at java.util.concurrent.ThreadPoolExecutor.runWorker(ThreadPoolExecutor.java:1149)
	at java.util.concurrent.ThreadPoolExecutor$Worker.run(ThreadPoolExecutor.java:624)
	... 1 more
Caused by: org.apache.ratis.thirdparty.io.netty.channel.AbstractChannel$AnnotatedConnectException: Connection refused: /192.168.164.241:46227
	at sun.nio.ch.SocketChannelImpl.checkConnect(Native Method)
	at sun.nio.ch.SocketChannelImpl.finishConnect(SocketChannelImpl.java:717)
	at org.apache.ratis.thirdparty.io.netty.channel.socket.nio.NioSocketChannel.doFinishConnect(NioSocketChannel.java:327)
	at org.apache.ratis.thirdparty.io.netty.channel.nio.AbstractNioChannel$AbstractNioUnsafe.finishConnect(AbstractNioChannel.java:340)
	at org.apache.ratis.thirdparty.io.netty.channel.nio.NioEventLoop.processSelectedKey(NioEventLoop.java:632)
	at org.apache.ratis.thirdparty.io.netty.channel.nio.NioEventLoop.processSelectedKeysOptimized(NioEventLoop.java:579)
	at org.apache.ratis.thirdparty.io.netty.channel.nio.NioEventLoop.processSelectedKeys(NioEventLoop.java:496)
	at org.apache.ratis.thirdparty.io.netty.channel.nio.NioEventLoop.run(NioEventLoop.java:458)
	at org.apache.ratis.thirdparty.io.netty.util.concurrent.SingleThreadEventExecutor$5.run(SingleThreadEventExecutor.java:897)
	at org.apache.ratis.thirdparty.io.netty.util.concurrent.FastThreadLocalRunnable.run(FastThreadLocalRunnable.java:30)
	... 1 more
Caused by: java.net.ConnectException: Connection refused
	... 11 more
2019-10-20 18:18:56,766 [grpc-default-executor-7] INFO  impl.RaftServerImpl (RaftServerImpl.java:setRole(184)) - 6ef27e9c-8ddb-4fa1-8c14-ab102acfb1b8@group-F11756C8BA4A: changes role from  FOLLOWER to FOLLOWER at term 215 for recognizeCandidate:b75f8b2e-6273-4c97-b7c5-042674931d23
2019-10-20 18:18:56,767 [grpc-default-executor-7] INFO  impl.RoleInfo (RoleInfo.java:shutdownFollowerState(121)) - 6ef27e9c-8ddb-4fa1-8c14-ab102acfb1b8: shutdown FollowerState
2019-10-20 18:18:56,782 [grpc-default-executor-7] INFO  impl.RoleInfo (RoleInfo.java:updateAndGet(143)) - 6ef27e9c-8ddb-4fa1-8c14-ab102acfb1b8: start FollowerState
2019-10-20 18:18:56,782 [Thread-3037] INFO  impl.FollowerState (FollowerState.java:run(117)) - 6ef27e9c-8ddb-4fa1-8c14-ab102acfb1b8@group-F11756C8BA4A-FollowerState was interrupted: java.lang.InterruptedException: sleep interrupted
2019-10-20 18:18:56,811 [b75f8b2e-6273-4c97-b7c5-042674931d23@group-F11756C8BA4A-LeaderElection381] INFO  impl.LeaderElection (LeaderElection.java:logAndReturn(56)) - b75f8b2e-6273-4c97-b7c5-042674931d23@group-F11756C8BA4A-LeaderElection381: Election REJECTED; received 1 response(s) [b75f8b2e-6273-4c97-b7c5-042674931d23<-6ef27e9c-8ddb-4fa1-8c14-ab102acfb1b8#0:FAIL-t215] and 1 exception(s); b75f8b2e-6273-4c97-b7c5-042674931d23@group-F11756C8BA4A:t215, leader=null, voted=b75f8b2e-6273-4c97-b7c5-042674931d23, raftlog=b75f8b2e-6273-4c97-b7c5-042674931d23@group-F11756C8BA4A-SegmentedRaftLog:OPENED:c-1,f-1,i0, conf=-1: [6ef27e9c-8ddb-4fa1-8c14-ab102acfb1b8:192.168.164.241:38092, b75f8b2e-6273-4c97-b7c5-042674931d23:192.168.164.241:41857, 3750b3a2-715b-46b3-9d0c-9e38136244b9:192.168.164.241:46227], old=null
2019-10-20 18:18:56,811 [b75f8b2e-6273-4c97-b7c5-042674931d23@group-F11756C8BA4A-LeaderElection381] INFO  impl.LeaderElection (LogUtils.java:infoOrTrace(149)) -   Exception 0: {}
java.util.concurrent.ExecutionException: org.apache.ratis.thirdparty.io.grpc.StatusRuntimeException: UNAVAILABLE: io exception
	at java.util.concurrent.FutureTask.report(FutureTask.java:122)
	at java.util.concurrent.FutureTask.get(FutureTask.java:192)
	at org.apache.ratis.server.impl.LeaderElection.waitForResults(LeaderElection.java:259)
	at org.apache.ratis.server.impl.LeaderElection.askForVotes(LeaderElection.java:197)
	at org.apache.ratis.server.impl.LeaderElection.run(LeaderElection.java:133)
	at java.lang.Thread.run(Thread.java:748)
Caused by: org.apache.ratis.thirdparty.io.grpc.StatusRuntimeException: UNAVAILABLE: io exception
	at org.apache.ratis.thirdparty.io.grpc.stub.ClientCalls.toStatusRuntimeException(ClientCalls.java:233)
	at org.apache.ratis.thirdparty.io.grpc.stub.ClientCalls.getUnchecked(ClientCalls.java:214)
	at org.apache.ratis.thirdparty.io.grpc.stub.ClientCalls.blockingUnaryCall(ClientCalls.java:139)
	at org.apache.ratis.proto.grpc.RaftServerProtocolServiceGrpc$RaftServerProtocolServiceBlockingStub.requestVote(RaftServerProtocolServiceGrpc.java:265)
	at org.apache.ratis.grpc.server.GrpcServerProtocolClient.requestVote(GrpcServerProtocolClient.java:99)
	at org.apache.ratis.grpc.server.GrpcService.requestVote(GrpcService.java:204)
	at org.apache.ratis.server.impl.LeaderElection.lambda$submitRequests$1(LeaderElection.java:234)
	at java.util.concurrent.FutureTask.run(FutureTask.java:266)
	at java.util.concurrent.Executors$RunnableAdapter.call(Executors.java:511)
	at java.util.concurrent.FutureTask.run(FutureTask.java:266)
	at java.util.concurrent.ThreadPoolExecutor.runWorker(ThreadPoolExecutor.java:1149)
	at java.util.concurrent.ThreadPoolExecutor$Worker.run(ThreadPoolExecutor.java:624)
	... 1 more
Caused by: org.apache.ratis.thirdparty.io.netty.channel.AbstractChannel$AnnotatedConnectException: Connection refused: /192.168.164.241:46227
	at sun.nio.ch.SocketChannelImpl.checkConnect(Native Method)
	at sun.nio.ch.SocketChannelImpl.finishConnect(SocketChannelImpl.java:717)
	at org.apache.ratis.thirdparty.io.netty.channel.socket.nio.NioSocketChannel.doFinishConnect(NioSocketChannel.java:327)
	at org.apache.ratis.thirdparty.io.netty.channel.nio.AbstractNioChannel$AbstractNioUnsafe.finishConnect(AbstractNioChannel.java:340)
	at org.apache.ratis.thirdparty.io.netty.channel.nio.NioEventLoop.processSelectedKey(NioEventLoop.java:632)
	at org.apache.ratis.thirdparty.io.netty.channel.nio.NioEventLoop.processSelectedKeysOptimized(NioEventLoop.java:579)
	at org.apache.ratis.thirdparty.io.netty.channel.nio.NioEventLoop.processSelectedKeys(NioEventLoop.java:496)
	at org.apache.ratis.thirdparty.io.netty.channel.nio.NioEventLoop.run(NioEventLoop.java:458)
	at org.apache.ratis.thirdparty.io.netty.util.concurrent.SingleThreadEventExecutor$5.run(SingleThreadEventExecutor.java:897)
	at org.apache.ratis.thirdparty.io.netty.util.concurrent.FastThreadLocalRunnable.run(FastThreadLocalRunnable.java:30)
	... 1 more
Caused by: java.net.ConnectException: Connection refused
	... 11 more
2019-10-20 18:18:56,811 [Thread-3046] INFO  impl.FollowerState (FollowerState.java:run(108)) - 399079f7-1eb1-4f37-b003-267572525934@group-D40A05E2FCF9-FollowerState: change to CANDIDATE, lastRpcTime:63ms, electionTimeout:63ms
2019-10-20 18:18:56,811 [Thread-3046] INFO  impl.RoleInfo (RoleInfo.java:shutdownFollowerState(121)) - 399079f7-1eb1-4f37-b003-267572525934: shutdown FollowerState
2019-10-20 18:18:56,811 [Thread-3046] INFO  impl.RaftServerImpl (RaftServerImpl.java:setRole(184)) - 399079f7-1eb1-4f37-b003-267572525934@group-D40A05E2FCF9: changes role from  FOLLOWER to CANDIDATE at term 215 for changeToCandidate
2019-10-20 18:18:56,814 [Thread-3046] INFO  impl.RoleInfo (RoleInfo.java:updateAndGet(143)) - 399079f7-1eb1-4f37-b003-267572525934: start LeaderElection
2019-10-20 18:18:56,814 [b75f8b2e-6273-4c97-b7c5-042674931d23@group-F11756C8BA4A-LeaderElection381] INFO  impl.RaftServerImpl (RaftServerImpl.java:setRole(184)) - b75f8b2e-6273-4c97-b7c5-042674931d23@group-F11756C8BA4A: changes role from CANDIDATE to FOLLOWER at term 215 for DISCOVERED_A_NEW_TERM
2019-10-20 18:18:56,814 [b75f8b2e-6273-4c97-b7c5-042674931d23@group-F11756C8BA4A-LeaderElection381] INFO  impl.RoleInfo (RoleInfo.java:shutdownLeaderElection(134)) - b75f8b2e-6273-4c97-b7c5-042674931d23: shutdown LeaderElection
2019-10-20 18:18:56,814 [b75f8b2e-6273-4c97-b7c5-042674931d23@group-F11756C8BA4A-LeaderElection381] INFO  impl.RoleInfo (RoleInfo.java:updateAndGet(143)) - b75f8b2e-6273-4c97-b7c5-042674931d23: start FollowerState
2019-10-20 18:18:56,835 [399079f7-1eb1-4f37-b003-267572525934@group-D40A05E2FCF9-LeaderElection382] INFO  impl.LeaderElection (LeaderElection.java:askForVotes(178)) - 399079f7-1eb1-4f37-b003-267572525934@group-D40A05E2FCF9-LeaderElection382: begin an election at term 216 for -1: [399079f7-1eb1-4f37-b003-267572525934:192.168.164.241:37762, 7a43c46a-fc88-4b2d-b2da-ae029cfa60ff:192.168.164.241:43684, 6c5c38af-62e6-4ea7-a24a-078dcb28fb39:192.168.164.241:45428], old=null
2019-10-20 18:18:56,837 [399079f7-1eb1-4f37-b003-267572525934@group-D40A05E2FCF9-LeaderElection382] INFO  impl.LeaderElection (LeaderElection.java:logAndReturn(56)) - 399079f7-1eb1-4f37-b003-267572525934@group-D40A05E2FCF9-LeaderElection382: Election TIMEOUT; received 0 response(s) [] and 0 exception(s); 399079f7-1eb1-4f37-b003-267572525934@group-D40A05E2FCF9:t216, leader=null, voted=399079f7-1eb1-4f37-b003-267572525934, raftlog=399079f7-1eb1-4f37-b003-267572525934@group-D40A05E2FCF9-SegmentedRaftLog:OPENED:c-1,f-1,i0, conf=-1: [399079f7-1eb1-4f37-b003-267572525934:192.168.164.241:37762, 7a43c46a-fc88-4b2d-b2da-ae029cfa60ff:192.168.164.241:43684, 6c5c38af-62e6-4ea7-a24a-078dcb28fb39:192.168.164.241:45428], old=null
2019-10-20 18:18:56,837 [grpc-default-executor-7] INFO  impl.RaftServerImpl (RaftServerImpl.java:setRole(184)) - 7a43c46a-fc88-4b2d-b2da-ae029cfa60ff@group-D40A05E2FCF9: changes role from  FOLLOWER to FOLLOWER at term 216 for recognizeCandidate:399079f7-1eb1-4f37-b003-267572525934
2019-10-20 18:18:56,838 [grpc-default-executor-7] INFO  impl.RoleInfo (RoleInfo.java:shutdownFollowerState(121)) - 7a43c46a-fc88-4b2d-b2da-ae029cfa60ff: shutdown FollowerState
2019-10-20 18:18:56,838 [grpc-default-executor-7] INFO  impl.RoleInfo (RoleInfo.java:updateAndGet(143)) - 7a43c46a-fc88-4b2d-b2da-ae029cfa60ff: start FollowerState
2019-10-20 18:18:56,838 [Thread-3042] INFO  impl.FollowerState (FollowerState.java:run(117)) - 7a43c46a-fc88-4b2d-b2da-ae029cfa60ff@group-D40A05E2FCF9-FollowerState was interrupted: java.lang.InterruptedException: sleep interrupted
2019-10-20 18:18:56,838 [grpc-default-executor-10] INFO  impl.RaftServerImpl (RaftServerImpl.java:setRole(184)) - 6c5c38af-62e6-4ea7-a24a-078dcb28fb39@group-D40A05E2FCF9: changes role from  FOLLOWER to FOLLOWER at term 216 for recognizeCandidate:399079f7-1eb1-4f37-b003-267572525934
2019-10-20 18:18:56,838 [grpc-default-executor-10] INFO  impl.RoleInfo (RoleInfo.java:shutdownFollowerState(121)) - 6c5c38af-62e6-4ea7-a24a-078dcb28fb39: shutdown FollowerState
2019-10-20 18:18:56,838 [grpc-default-executor-10] INFO  impl.RoleInfo (RoleInfo.java:updateAndGet(143)) - 6c5c38af-62e6-4ea7-a24a-078dcb28fb39: start FollowerState
2019-10-20 18:18:56,839 [Thread-3044] INFO  impl.FollowerState (FollowerState.java:run(117)) - 6c5c38af-62e6-4ea7-a24a-078dcb28fb39@group-D40A05E2FCF9-FollowerState was interrupted: java.lang.InterruptedException: sleep interrupted
2019-10-20 18:18:56,858 [Thread-3051] INFO  impl.FollowerState (FollowerState.java:run(108)) - b75f8b2e-6273-4c97-b7c5-042674931d23@group-F11756C8BA4A-FollowerState: change to CANDIDATE, lastRpcTime:43ms, electionTimeout:43ms
2019-10-20 18:18:56,858 [Thread-3051] INFO  impl.RoleInfo (RoleInfo.java:shutdownFollowerState(121)) - b75f8b2e-6273-4c97-b7c5-042674931d23: shutdown FollowerState
2019-10-20 18:18:56,858 [Thread-3051] INFO  impl.RaftServerImpl (RaftServerImpl.java:setRole(184)) - b75f8b2e-6273-4c97-b7c5-042674931d23@group-F11756C8BA4A: changes role from  FOLLOWER to CANDIDATE at term 215 for changeToCandidate
2019-10-20 18:18:56,858 [Thread-3051] INFO  impl.RoleInfo (RoleInfo.java:updateAndGet(143)) - b75f8b2e-6273-4c97-b7c5-042674931d23: start LeaderElection
2019-10-20 18:18:56,861 [399079f7-1eb1-4f37-b003-267572525934@group-D40A05E2FCF9-LeaderElection382] INFO  impl.LeaderElection (LeaderElection.java:askForVotes(178)) - 399079f7-1eb1-4f37-b003-267572525934@group-D40A05E2FCF9-LeaderElection382: begin an election at term 217 for -1: [399079f7-1eb1-4f37-b003-267572525934:192.168.164.241:37762, 7a43c46a-fc88-4b2d-b2da-ae029cfa60ff:192.168.164.241:43684, 6c5c38af-62e6-4ea7-a24a-078dcb28fb39:192.168.164.241:45428], old=null
2019-10-20 18:18:56,863 [grpc-default-executor-7] INFO  impl.RaftServerImpl (RaftServerImpl.java:setRole(184)) - 7a43c46a-fc88-4b2d-b2da-ae029cfa60ff@group-D40A05E2FCF9: changes role from  FOLLOWER to FOLLOWER at term 217 for recognizeCandidate:399079f7-1eb1-4f37-b003-267572525934
2019-10-20 18:18:56,863 [grpc-default-executor-7] INFO  impl.RoleInfo (RoleInfo.java:shutdownFollowerState(121)) - 7a43c46a-fc88-4b2d-b2da-ae029cfa60ff: shutdown FollowerState
2019-10-20 18:18:56,863 [grpc-default-executor-10] INFO  impl.RaftServerImpl (RaftServerImpl.java:setRole(184)) - 6c5c38af-62e6-4ea7-a24a-078dcb28fb39@group-D40A05E2FCF9: changes role from  FOLLOWER to FOLLOWER at term 217 for recognizeCandidate:399079f7-1eb1-4f37-b003-267572525934
2019-10-20 18:18:56,864 [grpc-default-executor-10] INFO  impl.RoleInfo (RoleInfo.java:shutdownFollowerState(121)) - 6c5c38af-62e6-4ea7-a24a-078dcb28fb39: shutdown FollowerState
2019-10-20 18:18:56,863 [Thread-3054] INFO  impl.FollowerState (FollowerState.java:run(117)) - 7a43c46a-fc88-4b2d-b2da-ae029cfa60ff@group-D40A05E2FCF9-FollowerState was interrupted: java.lang.InterruptedException: sleep interrupted
2019-10-20 18:18:56,863 [grpc-default-executor-7] INFO  impl.RoleInfo (RoleInfo.java:updateAndGet(143)) - 7a43c46a-fc88-4b2d-b2da-ae029cfa60ff: start FollowerState
2019-10-20 18:18:56,864 [Thread-3055] INFO  impl.FollowerState (FollowerState.java:run(117)) - 6c5c38af-62e6-4ea7-a24a-078dcb28fb39@group-D40A05E2FCF9-FollowerState was interrupted: java.lang.InterruptedException: sleep interrupted
2019-10-20 18:18:56,864 [grpc-default-executor-10] INFO  impl.RoleInfo (RoleInfo.java:updateAndGet(143)) - 6c5c38af-62e6-4ea7-a24a-078dcb28fb39: start FollowerState
2019-10-20 18:18:56,887 [b75f8b2e-6273-4c97-b7c5-042674931d23@group-F11756C8BA4A-LeaderElection383] INFO  impl.LeaderElection (LeaderElection.java:askForVotes(178)) - b75f8b2e-6273-4c97-b7c5-042674931d23@group-F11756C8BA4A-LeaderElection383: begin an election at term 216 for -1: [6ef27e9c-8ddb-4fa1-8c14-ab102acfb1b8:192.168.164.241:38092, b75f8b2e-6273-4c97-b7c5-042674931d23:192.168.164.241:41857, 3750b3a2-715b-46b3-9d0c-9e38136244b9:192.168.164.241:46227], old=null
2019-10-20 18:18:56,887 [399079f7-1eb1-4f37-b003-267572525934@group-D40A05E2FCF9-LeaderElection382] INFO  impl.LeaderElection (LeaderElection.java:logAndReturn(56)) - 399079f7-1eb1-4f37-b003-267572525934@group-D40A05E2FCF9-LeaderElection382: Election REJECTED; received 2 response(s) [399079f7-1eb1-4f37-b003-267572525934<-7a43c46a-fc88-4b2d-b2da-ae029cfa60ff#0:FAIL-t217, 399079f7-1eb1-4f37-b003-267572525934<-6c5c38af-62e6-4ea7-a24a-078dcb28fb39#0:FAIL-t217] and 0 exception(s); 399079f7-1eb1-4f37-b003-267572525934@group-D40A05E2FCF9:t217, leader=null, voted=399079f7-1eb1-4f37-b003-267572525934, raftlog=399079f7-1eb1-4f37-b003-267572525934@group-D40A05E2FCF9-SegmentedRaftLog:OPENED:c-1,f-1,i0, conf=-1: [399079f7-1eb1-4f37-b003-267572525934:192.168.164.241:37762, 7a43c46a-fc88-4b2d-b2da-ae029cfa60ff:192.168.164.241:43684, 6c5c38af-62e6-4ea7-a24a-078dcb28fb39:192.168.164.241:45428], old=null
2019-10-20 18:18:56,888 [399079f7-1eb1-4f37-b003-267572525934@group-D40A05E2FCF9-LeaderElection382] INFO  impl.RaftServerImpl (RaftServerImpl.java:setRole(184)) - 399079f7-1eb1-4f37-b003-267572525934@group-D40A05E2FCF9: changes role from CANDIDATE to FOLLOWER at term 217 for DISCOVERED_A_NEW_TERM
2019-10-20 18:18:56,888 [399079f7-1eb1-4f37-b003-267572525934@group-D40A05E2FCF9-LeaderElection382] INFO  impl.RoleInfo (RoleInfo.java:shutdownLeaderElection(134)) - 399079f7-1eb1-4f37-b003-267572525934: shutdown LeaderElection
2019-10-20 18:18:56,888 [b75f8b2e-6273-4c97-b7c5-042674931d23@group-F11756C8BA4A-LeaderElection383] INFO  impl.LeaderElection (LogUtils.java:infoOrTrace(149)) - b75f8b2e-6273-4c97-b7c5-042674931d23@group-F11756C8BA4A-LeaderElection383 got exception when requesting votes: {}
java.util.concurrent.ExecutionException: org.apache.ratis.thirdparty.io.grpc.StatusRuntimeException: UNAVAILABLE: io exception
	at java.util.concurrent.FutureTask.report(FutureTask.java:122)
	at java.util.concurrent.FutureTask.get(FutureTask.java:192)
	at org.apache.ratis.server.impl.LeaderElection.waitForResults(LeaderElection.java:259)
	at org.apache.ratis.server.impl.LeaderElection.askForVotes(LeaderElection.java:197)
	at org.apache.ratis.server.impl.LeaderElection.run(LeaderElection.java:133)
	at java.lang.Thread.run(Thread.java:748)
Caused by: org.apache.ratis.thirdparty.io.grpc.StatusRuntimeException: UNAVAILABLE: io exception
	at org.apache.ratis.thirdparty.io.grpc.stub.ClientCalls.toStatusRuntimeException(ClientCalls.java:233)
	at org.apache.ratis.thirdparty.io.grpc.stub.ClientCalls.getUnchecked(ClientCalls.java:214)
	at org.apache.ratis.thirdparty.io.grpc.stub.ClientCalls.blockingUnaryCall(ClientCalls.java:139)
	at org.apache.ratis.proto.grpc.RaftServerProtocolServiceGrpc$RaftServerProtocolServiceBlockingStub.requestVote(RaftServerProtocolServiceGrpc.java:265)
	at org.apache.ratis.grpc.server.GrpcServerProtocolClient.requestVote(GrpcServerProtocolClient.java:99)
	at org.apache.ratis.grpc.server.GrpcService.requestVote(GrpcService.java:204)
	at org.apache.ratis.server.impl.LeaderElection.lambda$submitRequests$1(LeaderElection.java:234)
	at java.util.concurrent.FutureTask.run(FutureTask.java:266)
	at java.util.concurrent.Executors$RunnableAdapter.call(Executors.java:511)
	at java.util.concurrent.FutureTask.run(FutureTask.java:266)
	at java.util.concurrent.ThreadPoolExecutor.runWorker(ThreadPoolExecutor.java:1149)
	at java.util.concurrent.ThreadPoolExecutor$Worker.run(ThreadPoolExecutor.java:624)
	... 1 more
Caused by: org.apache.ratis.thirdparty.io.netty.channel.AbstractChannel$AnnotatedConnectException: Connection refused: /192.168.164.241:46227
	at sun.nio.ch.SocketChannelImpl.checkConnect(Native Method)
	at sun.nio.ch.SocketChannelImpl.finishConnect(SocketChannelImpl.java:717)
	at org.apache.ratis.thirdparty.io.netty.channel.socket.nio.NioSocketChannel.doFinishConnect(NioSocketChannel.java:327)
	at org.apache.ratis.thirdparty.io.netty.channel.nio.AbstractNioChannel$AbstractNioUnsafe.finishConnect(AbstractNioChannel.java:340)
	at org.apache.ratis.thirdparty.io.netty.channel.nio.NioEventLoop.processSelectedKey(NioEventLoop.java:632)
	at org.apache.ratis.thirdparty.io.netty.channel.nio.NioEventLoop.processSelectedKeysOptimized(NioEventLoop.java:579)
	at org.apache.ratis.thirdparty.io.netty.channel.nio.NioEventLoop.processSelectedKeys(NioEventLoop.java:496)
	at org.apache.ratis.thirdparty.io.netty.channel.nio.NioEventLoop.run(NioEventLoop.java:458)
	at org.apache.ratis.thirdparty.io.netty.util.concurrent.SingleThreadEventExecutor$5.run(SingleThreadEventExecutor.java:897)
	at org.apache.ratis.thirdparty.io.netty.util.concurrent.FastThreadLocalRunnable.run(FastThreadLocalRunnable.java:30)
	... 1 more
Caused by: java.net.ConnectException: Connection refused
	... 11 more
2019-10-20 18:18:56,892 [grpc-default-executor-10] INFO  impl.RaftServerImpl (RaftServerImpl.java:setRole(184)) - 6ef27e9c-8ddb-4fa1-8c14-ab102acfb1b8@group-F11756C8BA4A: changes role from  FOLLOWER to FOLLOWER at term 216 for recognizeCandidate:b75f8b2e-6273-4c97-b7c5-042674931d23
2019-10-20 18:18:56,892 [grpc-default-executor-10] INFO  impl.RoleInfo (RoleInfo.java:shutdownFollowerState(121)) - 6ef27e9c-8ddb-4fa1-8c14-ab102acfb1b8: shutdown FollowerState
2019-10-20 18:18:56,888 [399079f7-1eb1-4f37-b003-267572525934@group-D40A05E2FCF9-LeaderElection382] INFO  impl.RoleInfo (RoleInfo.java:updateAndGet(143)) - 399079f7-1eb1-4f37-b003-267572525934: start FollowerState
2019-10-20 18:18:56,892 [Thread-3049] INFO  impl.FollowerState (FollowerState.java:run(117)) - 6ef27e9c-8ddb-4fa1-8c14-ab102acfb1b8@group-F11756C8BA4A-FollowerState was interrupted: java.lang.InterruptedException: sleep interrupted
2019-10-20 18:18:56,892 [grpc-default-executor-10] INFO  impl.RoleInfo (RoleInfo.java:updateAndGet(143)) - 6ef27e9c-8ddb-4fa1-8c14-ab102acfb1b8: start FollowerState
2019-10-20 18:18:56,913 [b75f8b2e-6273-4c97-b7c5-042674931d23@group-F11756C8BA4A-LeaderElection383] INFO  impl.LeaderElection (LeaderElection.java:logAndReturn(56)) - b75f8b2e-6273-4c97-b7c5-042674931d23@group-F11756C8BA4A-LeaderElection383: Election REJECTED; received 1 response(s) [b75f8b2e-6273-4c97-b7c5-042674931d23<-6ef27e9c-8ddb-4fa1-8c14-ab102acfb1b8#0:FAIL-t216] and 1 exception(s); b75f8b2e-6273-4c97-b7c5-042674931d23@group-F11756C8BA4A:t216, leader=null, voted=b75f8b2e-6273-4c97-b7c5-042674931d23, raftlog=b75f8b2e-6273-4c97-b7c5-042674931d23@group-F11756C8BA4A-SegmentedRaftLog:OPENED:c-1,f-1,i0, conf=-1: [6ef27e9c-8ddb-4fa1-8c14-ab102acfb1b8:192.168.164.241:38092, b75f8b2e-6273-4c97-b7c5-042674931d23:192.168.164.241:41857, 3750b3a2-715b-46b3-9d0c-9e38136244b9:192.168.164.241:46227], old=null
2019-10-20 18:18:56,913 [b75f8b2e-6273-4c97-b7c5-042674931d23@group-F11756C8BA4A-LeaderElection383] INFO  impl.LeaderElection (LogUtils.java:infoOrTrace(149)) -   Exception 0: {}
java.util.concurrent.ExecutionException: org.apache.ratis.thirdparty.io.grpc.StatusRuntimeException: UNAVAILABLE: io exception
	at java.util.concurrent.FutureTask.report(FutureTask.java:122)
	at java.util.concurrent.FutureTask.get(FutureTask.java:192)
	at org.apache.ratis.server.impl.LeaderElection.waitForResults(LeaderElection.java:259)
	at org.apache.ratis.server.impl.LeaderElection.askForVotes(LeaderElection.java:197)
	at org.apache.ratis.server.impl.LeaderElection.run(LeaderElection.java:133)
	at java.lang.Thread.run(Thread.java:748)
Caused by: org.apache.ratis.thirdparty.io.grpc.StatusRuntimeException: UNAVAILABLE: io exception
	at org.apache.ratis.thirdparty.io.grpc.stub.ClientCalls.toStatusRuntimeException(ClientCalls.java:233)
	at org.apache.ratis.thirdparty.io.grpc.stub.ClientCalls.getUnchecked(ClientCalls.java:214)
	at org.apache.ratis.thirdparty.io.grpc.stub.ClientCalls.blockingUnaryCall(ClientCalls.java:139)
	at org.apache.ratis.proto.grpc.RaftServerProtocolServiceGrpc$RaftServerProtocolServiceBlockingStub.requestVote(RaftServerProtocolServiceGrpc.java:265)
	at org.apache.ratis.grpc.server.GrpcServerProtocolClient.requestVote(GrpcServerProtocolClient.java:99)
	at org.apache.ratis.grpc.server.GrpcService.requestVote(GrpcService.java:204)
	at org.apache.ratis.server.impl.LeaderElection.lambda$submitRequests$1(LeaderElection.java:234)
	at java.util.concurrent.FutureTask.run(FutureTask.java:266)
	at java.util.concurrent.Executors$RunnableAdapter.call(Executors.java:511)
	at java.util.concurrent.FutureTask.run(FutureTask.java:266)
	at java.util.concurrent.ThreadPoolExecutor.runWorker(ThreadPoolExecutor.java:1149)
	at java.util.concurrent.ThreadPoolExecutor$Worker.run(ThreadPoolExecutor.java:624)
	... 1 more
Caused by: org.apache.ratis.thirdparty.io.netty.channel.AbstractChannel$AnnotatedConnectException: Connection refused: /192.168.164.241:46227
	at sun.nio.ch.SocketChannelImpl.checkConnect(Native Method)
	at sun.nio.ch.SocketChannelImpl.finishConnect(SocketChannelImpl.java:717)
	at org.apache.ratis.thirdparty.io.netty.channel.socket.nio.NioSocketChannel.doFinishConnect(NioSocketChannel.java:327)
	at org.apache.ratis.thirdparty.io.netty.channel.nio.AbstractNioChannel$AbstractNioUnsafe.finishConnect(AbstractNioChannel.java:340)
	at org.apache.ratis.thirdparty.io.netty.channel.nio.NioEventLoop.processSelectedKey(NioEventLoop.java:632)
	at org.apache.ratis.thirdparty.io.netty.channel.nio.NioEventLoop.processSelectedKeysOptimized(NioEventLoop.java:579)
	at org.apache.ratis.thirdparty.io.netty.channel.nio.NioEventLoop.processSelectedKeys(NioEventLoop.java:496)
	at org.apache.ratis.thirdparty.io.netty.channel.nio.NioEventLoop.run(NioEventLoop.java:458)
	at org.apache.ratis.thirdparty.io.netty.util.concurrent.SingleThreadEventExecutor$5.run(SingleThreadEventExecutor.java:897)
	at org.apache.ratis.thirdparty.io.netty.util.concurrent.FastThreadLocalRunnable.run(FastThreadLocalRunnable.java:30)
	... 1 more
Caused by: java.net.ConnectException: Connection refused
	... 11 more
2019-10-20 18:18:56,913 [b75f8b2e-6273-4c97-b7c5-042674931d23@group-F11756C8BA4A-LeaderElection383] INFO  impl.RaftServerImpl (RaftServerImpl.java:setRole(184)) - b75f8b2e-6273-4c97-b7c5-042674931d23@group-F11756C8BA4A: changes role from CANDIDATE to FOLLOWER at term 216 for DISCOVERED_A_NEW_TERM
2019-10-20 18:18:56,914 [b75f8b2e-6273-4c97-b7c5-042674931d23@group-F11756C8BA4A-LeaderElection383] INFO  impl.RoleInfo (RoleInfo.java:shutdownLeaderElection(134)) - b75f8b2e-6273-4c97-b7c5-042674931d23: shutdown LeaderElection
2019-10-20 18:18:56,914 [b75f8b2e-6273-4c97-b7c5-042674931d23@group-F11756C8BA4A-LeaderElection383] INFO  impl.RoleInfo (RoleInfo.java:updateAndGet(143)) - b75f8b2e-6273-4c97-b7c5-042674931d23: start FollowerState
2019-10-20 18:18:56,935 [Thread-3065] INFO  impl.FollowerState (FollowerState.java:run(108)) - b75f8b2e-6273-4c97-b7c5-042674931d23@group-F11756C8BA4A-FollowerState: change to CANDIDATE, lastRpcTime:21ms, electionTimeout:21ms
2019-10-20 18:18:56,935 [Thread-3065] INFO  impl.RoleInfo (RoleInfo.java:shutdownFollowerState(121)) - b75f8b2e-6273-4c97-b7c5-042674931d23: shutdown FollowerState
2019-10-20 18:18:56,936 [Thread-3065] INFO  impl.RaftServerImpl (RaftServerImpl.java:setRole(184)) - b75f8b2e-6273-4c97-b7c5-042674931d23@group-F11756C8BA4A: changes role from  FOLLOWER to CANDIDATE at term 216 for changeToCandidate
2019-10-20 18:18:56,936 [Thread-3065] INFO  impl.RoleInfo (RoleInfo.java:updateAndGet(143)) - b75f8b2e-6273-4c97-b7c5-042674931d23: start LeaderElection
2019-10-20 18:18:56,997 [b75f8b2e-6273-4c97-b7c5-042674931d23@group-F11756C8BA4A-LeaderElection384] INFO  impl.LeaderElection (LeaderElection.java:askForVotes(178)) - b75f8b2e-6273-4c97-b7c5-042674931d23@group-F11756C8BA4A-LeaderElection384: begin an election at term 217 for -1: [6ef27e9c-8ddb-4fa1-8c14-ab102acfb1b8:192.168.164.241:38092, b75f8b2e-6273-4c97-b7c5-042674931d23:192.168.164.241:41857, 3750b3a2-715b-46b3-9d0c-9e38136244b9:192.168.164.241:46227], old=null
2019-10-20 18:18:56,998 [b75f8b2e-6273-4c97-b7c5-042674931d23@group-F11756C8BA4A-LeaderElection384] INFO  impl.LeaderElection (LogUtils.java:infoOrTrace(149)) - b75f8b2e-6273-4c97-b7c5-042674931d23@group-F11756C8BA4A-LeaderElection384 got exception when requesting votes: {}
java.util.concurrent.ExecutionException: org.apache.ratis.thirdparty.io.grpc.StatusRuntimeException: UNAVAILABLE: io exception
	at java.util.concurrent.FutureTask.report(FutureTask.java:122)
	at java.util.concurrent.FutureTask.get(FutureTask.java:192)
	at org.apache.ratis.server.impl.LeaderElection.waitForResults(LeaderElection.java:259)
	at org.apache.ratis.server.impl.LeaderElection.askForVotes(LeaderElection.java:197)
	at org.apache.ratis.server.impl.LeaderElection.run(LeaderElection.java:133)
	at java.lang.Thread.run(Thread.java:748)
Caused by: org.apache.ratis.thirdparty.io.grpc.StatusRuntimeException: UNAVAILABLE: io exception
	at org.apache.ratis.thirdparty.io.grpc.stub.ClientCalls.toStatusRuntimeException(ClientCalls.java:233)
	at org.apache.ratis.thirdparty.io.grpc.stub.ClientCalls.getUnchecked(ClientCalls.java:214)
	at org.apache.ratis.thirdparty.io.grpc.stub.ClientCalls.blockingUnaryCall(ClientCalls.java:139)
	at org.apache.ratis.proto.grpc.RaftServerProtocolServiceGrpc$RaftServerProtocolServiceBlockingStub.requestVote(RaftServerProtocolServiceGrpc.java:265)
	at org.apache.ratis.grpc.server.GrpcServerProtocolClient.requestVote(GrpcServerProtocolClient.java:99)
	at org.apache.ratis.grpc.server.GrpcService.requestVote(GrpcService.java:204)
	at org.apache.ratis.server.impl.LeaderElection.lambda$submitRequests$1(LeaderElection.java:234)
	at java.util.concurrent.FutureTask.run(FutureTask.java:266)
	at java.util.concurrent.Executors$RunnableAdapter.call(Executors.java:511)
	at java.util.concurrent.FutureTask.run(FutureTask.java:266)
	at java.util.concurrent.ThreadPoolExecutor.runWorker(ThreadPoolExecutor.java:1149)
	at java.util.concurrent.ThreadPoolExecutor$Worker.run(ThreadPoolExecutor.java:624)
	... 1 more
Caused by: org.apache.ratis.thirdparty.io.netty.channel.AbstractChannel$AnnotatedConnectException: Connection refused: /192.168.164.241:46227
	at sun.nio.ch.SocketChannelImpl.checkConnect(Native Method)
	at sun.nio.ch.SocketChannelImpl.finishConnect(SocketChannelImpl.java:717)
	at org.apache.ratis.thirdparty.io.netty.channel.socket.nio.NioSocketChannel.doFinishConnect(NioSocketChannel.java:327)
	at org.apache.ratis.thirdparty.io.netty.channel.nio.AbstractNioChannel$AbstractNioUnsafe.finishConnect(AbstractNioChannel.java:340)
	at org.apache.ratis.thirdparty.io.netty.channel.nio.NioEventLoop.processSelectedKey(NioEventLoop.java:632)
	at org.apache.ratis.thirdparty.io.netty.channel.nio.NioEventLoop.processSelectedKeysOptimized(NioEventLoop.java:579)
	at org.apache.ratis.thirdparty.io.netty.channel.nio.NioEventLoop.processSelectedKeys(NioEventLoop.java:496)
	at org.apache.ratis.thirdparty.io.netty.channel.nio.NioEventLoop.run(NioEventLoop.java:458)
	at org.apache.ratis.thirdparty.io.netty.util.concurrent.SingleThreadEventExecutor$5.run(SingleThreadEventExecutor.java:897)
	at org.apache.ratis.thirdparty.io.netty.util.concurrent.FastThreadLocalRunnable.run(FastThreadLocalRunnable.java:30)
	... 1 more
Caused by: java.net.ConnectException: Connection refused
	... 11 more
2019-10-20 18:18:57,004 [b75f8b2e-6273-4c97-b7c5-042674931d23@group-F11756C8BA4A-LeaderElection384] INFO  impl.LeaderElection (LeaderElection.java:logAndReturn(56)) - b75f8b2e-6273-4c97-b7c5-042674931d23@group-F11756C8BA4A-LeaderElection384: Election TIMEOUT; received 0 response(s) [] and 1 exception(s); b75f8b2e-6273-4c97-b7c5-042674931d23@group-F11756C8BA4A:t217, leader=null, voted=b75f8b2e-6273-4c97-b7c5-042674931d23, raftlog=b75f8b2e-6273-4c97-b7c5-042674931d23@group-F11756C8BA4A-SegmentedRaftLog:OPENED:c-1,f-1,i0, conf=-1: [6ef27e9c-8ddb-4fa1-8c14-ab102acfb1b8:192.168.164.241:38092, b75f8b2e-6273-4c97-b7c5-042674931d23:192.168.164.241:41857, 3750b3a2-715b-46b3-9d0c-9e38136244b9:192.168.164.241:46227], old=null
2019-10-20 18:18:57,005 [grpc-default-executor-10] INFO  impl.RaftServerImpl (RaftServerImpl.java:setRole(184)) - 6ef27e9c-8ddb-4fa1-8c14-ab102acfb1b8@group-F11756C8BA4A: changes role from  FOLLOWER to FOLLOWER at term 217 for recognizeCandidate:b75f8b2e-6273-4c97-b7c5-042674931d23
2019-10-20 18:18:57,005 [b75f8b2e-6273-4c97-b7c5-042674931d23@group-F11756C8BA4A-LeaderElection384] INFO  impl.LeaderElection (LogUtils.java:infoOrTrace(149)) -   Exception 0: {}
java.util.concurrent.ExecutionException: org.apache.ratis.thirdparty.io.grpc.StatusRuntimeException: UNAVAILABLE: io exception
	at java.util.concurrent.FutureTask.report(FutureTask.java:122)
	at java.util.concurrent.FutureTask.get(FutureTask.java:192)
	at org.apache.ratis.server.impl.LeaderElection.waitForResults(LeaderElection.java:259)
	at org.apache.ratis.server.impl.LeaderElection.askForVotes(LeaderElection.java:197)
	at org.apache.ratis.server.impl.LeaderElection.run(LeaderElection.java:133)
	at java.lang.Thread.run(Thread.java:748)
Caused by: org.apache.ratis.thirdparty.io.grpc.StatusRuntimeException: UNAVAILABLE: io exception
	at org.apache.ratis.thirdparty.io.grpc.stub.ClientCalls.toStatusRuntimeException(ClientCalls.java:233)
	at org.apache.ratis.thirdparty.io.grpc.stub.ClientCalls.getUnchecked(ClientCalls.java:214)
	at org.apache.ratis.thirdparty.io.grpc.stub.ClientCalls.blockingUnaryCall(ClientCalls.java:139)
	at org.apache.ratis.proto.grpc.RaftServerProtocolServiceGrpc$RaftServerProtocolServiceBlockingStub.requestVote(RaftServerProtocolServiceGrpc.java:265)
	at org.apache.ratis.grpc.server.GrpcServerProtocolClient.requestVote(GrpcServerProtocolClient.java:99)
	at org.apache.ratis.grpc.server.GrpcService.requestVote(GrpcService.java:204)
	at org.apache.ratis.server.impl.LeaderElection.lambda$submitRequests$1(LeaderElection.java:234)
	at java.util.concurrent.FutureTask.run(FutureTask.java:266)
	at java.util.concurrent.Executors$RunnableAdapter.call(Executors.java:511)
	at java.util.concurrent.FutureTask.run(FutureTask.java:266)
	at java.util.concurrent.ThreadPoolExecutor.runWorker(ThreadPoolExecutor.java:1149)
	at java.util.concurrent.ThreadPoolExecutor$Worker.run(ThreadPoolExecutor.java:624)
	... 1 more
Caused by: org.apache.ratis.thirdparty.io.netty.channel.AbstractChannel$AnnotatedConnectException: Connection refused: /192.168.164.241:46227
	at sun.nio.ch.SocketChannelImpl.checkConnect(Native Method)
	at sun.nio.ch.SocketChannelImpl.finishConnect(SocketChannelImpl.java:717)
	at org.apache.ratis.thirdparty.io.netty.channel.socket.nio.NioSocketChannel.doFinishConnect(NioSocketChannel.java:327)
	at org.apache.ratis.thirdparty.io.netty.channel.nio.AbstractNioChannel$AbstractNioUnsafe.finishConnect(AbstractNioChannel.java:340)
	at org.apache.ratis.thirdparty.io.netty.channel.nio.NioEventLoop.processSelectedKey(NioEventLoop.java:632)
	at org.apache.ratis.thirdparty.io.netty.channel.nio.NioEventLoop.processSelectedKeysOptimized(NioEventLoop.java:579)
	at org.apache.ratis.thirdparty.io.netty.channel.nio.NioEventLoop.processSelectedKeys(NioEventLoop.java:496)
	at org.apache.ratis.thirdparty.io.netty.channel.nio.NioEventLoop.run(NioEventLoop.java:458)
	at org.apache.ratis.thirdparty.io.netty.util.concurrent.SingleThreadEventExecutor$5.run(SingleThreadEventExecutor.java:897)
	at org.apache.ratis.thirdparty.io.netty.util.concurrent.FastThreadLocalRunnable.run(FastThreadLocalRunnable.java:30)
	... 1 more
Caused by: java.net.ConnectException: Connection refused
	... 11 more
2019-10-20 18:18:57,005 [grpc-default-executor-10] INFO  impl.RoleInfo (RoleInfo.java:shutdownFollowerState(121)) - 6ef27e9c-8ddb-4fa1-8c14-ab102acfb1b8: shutdown FollowerState
2019-10-20 18:18:57,005 [grpc-default-executor-10] INFO  impl.RoleInfo (RoleInfo.java:updateAndGet(143)) - 6ef27e9c-8ddb-4fa1-8c14-ab102acfb1b8: start FollowerState
2019-10-20 18:18:57,006 [Thread-3064] INFO  impl.FollowerState (FollowerState.java:run(117)) - 6ef27e9c-8ddb-4fa1-8c14-ab102acfb1b8@group-F11756C8BA4A-FollowerState was interrupted: java.lang.InterruptedException: sleep interrupted
2019-10-20 18:18:57,031 [b75f8b2e-6273-4c97-b7c5-042674931d23@group-F11756C8BA4A-LeaderElection384] INFO  impl.LeaderElection (LeaderElection.java:askForVotes(178)) - b75f8b2e-6273-4c97-b7c5-042674931d23@group-F11756C8BA4A-LeaderElection384: begin an election at term 218 for -1: [6ef27e9c-8ddb-4fa1-8c14-ab102acfb1b8:192.168.164.241:38092, b75f8b2e-6273-4c97-b7c5-042674931d23:192.168.164.241:41857, 3750b3a2-715b-46b3-9d0c-9e38136244b9:192.168.164.241:46227], old=null
2019-10-20 18:18:57,032 [b75f8b2e-6273-4c97-b7c5-042674931d23@group-F11756C8BA4A-LeaderElection384] INFO  impl.LeaderElection (LogUtils.java:infoOrTrace(149)) - b75f8b2e-6273-4c97-b7c5-042674931d23@group-F11756C8BA4A-LeaderElection384 got exception when requesting votes: {}
java.util.concurrent.ExecutionException: org.apache.ratis.thirdparty.io.grpc.StatusRuntimeException: UNAVAILABLE: io exception
	at java.util.concurrent.FutureTask.report(FutureTask.java:122)
	at java.util.concurrent.FutureTask.get(FutureTask.java:192)
	at org.apache.ratis.server.impl.LeaderElection.waitForResults(LeaderElection.java:259)
	at org.apache.ratis.server.impl.LeaderElection.askForVotes(LeaderElection.java:197)
	at org.apache.ratis.server.impl.LeaderElection.run(LeaderElection.java:133)
	at java.lang.Thread.run(Thread.java:748)
Caused by: org.apache.ratis.thirdparty.io.grpc.StatusRuntimeException: UNAVAILABLE: io exception
	at org.apache.ratis.thirdparty.io.grpc.stub.ClientCalls.toStatusRuntimeException(ClientCalls.java:233)
	at org.apache.ratis.thirdparty.io.grpc.stub.ClientCalls.getUnchecked(ClientCalls.java:214)
	at org.apache.ratis.thirdparty.io.grpc.stub.ClientCalls.blockingUnaryCall(ClientCalls.java:139)
	at org.apache.ratis.proto.grpc.RaftServerProtocolServiceGrpc$RaftServerProtocolServiceBlockingStub.requestVote(RaftServerProtocolServiceGrpc.java:265)
	at org.apache.ratis.grpc.server.GrpcServerProtocolClient.requestVote(GrpcServerProtocolClient.java:99)
	at org.apache.ratis.grpc.server.GrpcService.requestVote(GrpcService.java:204)
	at org.apache.ratis.server.impl.LeaderElection.lambda$submitRequests$1(LeaderElection.java:234)
	at java.util.concurrent.FutureTask.run(FutureTask.java:266)
	at java.util.concurrent.Executors$RunnableAdapter.call(Executors.java:511)
	at java.util.concurrent.FutureTask.run(FutureTask.java:266)
	at java.util.concurrent.ThreadPoolExecutor.runWorker(ThreadPoolExecutor.java:1149)
	at java.util.concurrent.ThreadPoolExecutor$Worker.run(ThreadPoolExecutor.java:624)
	... 1 more
Caused by: org.apache.ratis.thirdparty.io.netty.channel.AbstractChannel$AnnotatedConnectException: Connection refused: /192.168.164.241:46227
	at sun.nio.ch.SocketChannelImpl.checkConnect(Native Method)
	at sun.nio.ch.SocketChannelImpl.finishConnect(SocketChannelImpl.java:717)
	at org.apache.ratis.thirdparty.io.netty.channel.socket.nio.NioSocketChannel.doFinishConnect(NioSocketChannel.java:327)
	at org.apache.ratis.thirdparty.io.netty.channel.nio.AbstractNioChannel$AbstractNioUnsafe.finishConnect(AbstractNioChannel.java:340)
	at org.apache.ratis.thirdparty.io.netty.channel.nio.NioEventLoop.processSelectedKey(NioEventLoop.java:632)
	at org.apache.ratis.thirdparty.io.netty.channel.nio.NioEventLoop.processSelectedKeysOptimized(NioEventLoop.java:579)
	at org.apache.ratis.thirdparty.io.netty.channel.nio.NioEventLoop.processSelectedKeys(NioEventLoop.java:496)
	at org.apache.ratis.thirdparty.io.netty.channel.nio.NioEventLoop.run(NioEventLoop.java:458)
	at org.apache.ratis.thirdparty.io.netty.util.concurrent.SingleThreadEventExecutor$5.run(SingleThreadEventExecutor.java:897)
	at org.apache.ratis.thirdparty.io.netty.util.concurrent.FastThreadLocalRunnable.run(FastThreadLocalRunnable.java:30)
	... 1 more
Caused by: java.net.ConnectException: Connection refused
	... 11 more
2019-10-20 18:18:57,036 [grpc-default-executor-10] INFO  impl.RaftServerImpl (RaftServerImpl.java:setRole(184)) - 6ef27e9c-8ddb-4fa1-8c14-ab102acfb1b8@group-F11756C8BA4A: changes role from  FOLLOWER to FOLLOWER at term 218 for recognizeCandidate:b75f8b2e-6273-4c97-b7c5-042674931d23
2019-10-20 18:18:57,036 [grpc-default-executor-10] INFO  impl.RoleInfo (RoleInfo.java:shutdownFollowerState(121)) - 6ef27e9c-8ddb-4fa1-8c14-ab102acfb1b8: shutdown FollowerState
2019-10-20 18:18:57,036 [grpc-default-executor-10] INFO  impl.RoleInfo (RoleInfo.java:updateAndGet(143)) - 6ef27e9c-8ddb-4fa1-8c14-ab102acfb1b8: start FollowerState
2019-10-20 18:18:57,036 [Thread-3069] INFO  impl.FollowerState (FollowerState.java:run(117)) - 6ef27e9c-8ddb-4fa1-8c14-ab102acfb1b8@group-F11756C8BA4A-FollowerState was interrupted: java.lang.InterruptedException: sleep interrupted
2019-10-20 18:18:57,057 [b75f8b2e-6273-4c97-b7c5-042674931d23@group-F11756C8BA4A-LeaderElection384] INFO  impl.LeaderElection (LeaderElection.java:logAndReturn(56)) - b75f8b2e-6273-4c97-b7c5-042674931d23@group-F11756C8BA4A-LeaderElection384: Election REJECTED; received 1 response(s) [b75f8b2e-6273-4c97-b7c5-042674931d23<-6ef27e9c-8ddb-4fa1-8c14-ab102acfb1b8#0:FAIL-t218] and 1 exception(s); b75f8b2e-6273-4c97-b7c5-042674931d23@group-F11756C8BA4A:t218, leader=null, voted=b75f8b2e-6273-4c97-b7c5-042674931d23, raftlog=b75f8b2e-6273-4c97-b7c5-042674931d23@group-F11756C8BA4A-SegmentedRaftLog:OPENED:c-1,f-1,i0, conf=-1: [6ef27e9c-8ddb-4fa1-8c14-ab102acfb1b8:192.168.164.241:38092, b75f8b2e-6273-4c97-b7c5-042674931d23:192.168.164.241:41857, 3750b3a2-715b-46b3-9d0c-9e38136244b9:192.168.164.241:46227], old=null
2019-10-20 18:18:57,057 [b75f8b2e-6273-4c97-b7c5-042674931d23@group-F11756C8BA4A-LeaderElection384] INFO  impl.LeaderElection (LogUtils.java:infoOrTrace(149)) -   Exception 0: {}
java.util.concurrent.ExecutionException: org.apache.ratis.thirdparty.io.grpc.StatusRuntimeException: UNAVAILABLE: io exception
	at java.util.concurrent.FutureTask.report(FutureTask.java:122)
	at java.util.concurrent.FutureTask.get(FutureTask.java:192)
	at org.apache.ratis.server.impl.LeaderElection.waitForResults(LeaderElection.java:259)
	at org.apache.ratis.server.impl.LeaderElection.askForVotes(LeaderElection.java:197)
	at org.apache.ratis.server.impl.LeaderElection.run(LeaderElection.java:133)
	at java.lang.Thread.run(Thread.java:748)
Caused by: org.apache.ratis.thirdparty.io.grpc.StatusRuntimeException: UNAVAILABLE: io exception
	at org.apache.ratis.thirdparty.io.grpc.stub.ClientCalls.toStatusRuntimeException(ClientCalls.java:233)
	at org.apache.ratis.thirdparty.io.grpc.stub.ClientCalls.getUnchecked(ClientCalls.java:214)
	at org.apache.ratis.thirdparty.io.grpc.stub.ClientCalls.blockingUnaryCall(ClientCalls.java:139)
	at org.apache.ratis.proto.grpc.RaftServerProtocolServiceGrpc$RaftServerProtocolServiceBlockingStub.requestVote(RaftServerProtocolServiceGrpc.java:265)
	at org.apache.ratis.grpc.server.GrpcServerProtocolClient.requestVote(GrpcServerProtocolClient.java:99)
	at org.apache.ratis.grpc.server.GrpcService.requestVote(GrpcService.java:204)
	at org.apache.ratis.server.impl.LeaderElection.lambda$submitRequests$1(LeaderElection.java:234)
	at java.util.concurrent.FutureTask.run(FutureTask.java:266)
	at java.util.concurrent.Executors$RunnableAdapter.call(Executors.java:511)
	at java.util.concurrent.FutureTask.run(FutureTask.java:266)
	at java.util.concurrent.ThreadPoolExecutor.runWorker(ThreadPoolExecutor.java:1149)
	at java.util.concurrent.ThreadPoolExecutor$Worker.run(ThreadPoolExecutor.java:624)
	... 1 more
Caused by: org.apache.ratis.thirdparty.io.netty.channel.AbstractChannel$AnnotatedConnectException: Connection refused: /192.168.164.241:46227
	at sun.nio.ch.SocketChannelImpl.checkConnect(Native Method)
	at sun.nio.ch.SocketChannelImpl.finishConnect(SocketChannelImpl.java:717)
	at org.apache.ratis.thirdparty.io.netty.channel.socket.nio.NioSocketChannel.doFinishConnect(NioSocketChannel.java:327)
	at org.apache.ratis.thirdparty.io.netty.channel.nio.AbstractNioChannel$AbstractNioUnsafe.finishConnect(AbstractNioChannel.java:340)
	at org.apache.ratis.thirdparty.io.netty.channel.nio.NioEventLoop.processSelectedKey(NioEventLoop.java:632)
	at org.apache.ratis.thirdparty.io.netty.channel.nio.NioEventLoop.processSelectedKeysOptimized(NioEventLoop.java:579)
	at org.apache.ratis.thirdparty.io.netty.channel.nio.NioEventLoop.processSelectedKeys(NioEventLoop.java:496)
	at org.apache.ratis.thirdparty.io.netty.channel.nio.NioEventLoop.run(NioEventLoop.java:458)
	at org.apache.ratis.thirdparty.io.netty.util.concurrent.SingleThreadEventExecutor$5.run(SingleThreadEventExecutor.java:897)
	at org.apache.ratis.thirdparty.io.netty.util.concurrent.FastThreadLocalRunnable.run(FastThreadLocalRunnable.java:30)
	... 1 more
Caused by: java.net.ConnectException: Connection refused
	... 11 more
2019-10-20 18:18:57,057 [b75f8b2e-6273-4c97-b7c5-042674931d23@group-F11756C8BA4A-LeaderElection384] INFO  impl.RaftServerImpl (RaftServerImpl.java:setRole(184)) - b75f8b2e-6273-4c97-b7c5-042674931d23@group-F11756C8BA4A: changes role from CANDIDATE to FOLLOWER at term 218 for DISCOVERED_A_NEW_TERM
2019-10-20 18:18:57,057 [b75f8b2e-6273-4c97-b7c5-042674931d23@group-F11756C8BA4A-LeaderElection384] INFO  impl.RoleInfo (RoleInfo.java:shutdownLeaderElection(134)) - b75f8b2e-6273-4c97-b7c5-042674931d23: shutdown LeaderElection
2019-10-20 18:18:57,057 [b75f8b2e-6273-4c97-b7c5-042674931d23@group-F11756C8BA4A-LeaderElection384] INFO  impl.RoleInfo (RoleInfo.java:updateAndGet(143)) - b75f8b2e-6273-4c97-b7c5-042674931d23: start FollowerState
2019-10-20 18:18:57,069 [java.util.concurrent.ThreadPoolExecutor$Worker@43a22d17[State = -1, empty queue]] WARN  server.GrpcLogAppender (GrpcLogAppender.java:timeoutAppendRequest(209)) - a6e136fe-e391-4364-8a60-53801fc9277d@group-AF4EDA66FDC9->eb28ec45-9b2b-44d6-ae7e-a31feda643bc-GrpcLogAppender: appendEntries Timeout, request=a6e136fe-e391-4364-8a60-53801fc9277d->eb28ec45-9b2b-44d6-ae7e-a31feda643bc#0-t2, previous=(t:1, i:20), leaderCommit=20, initializing? false, entries: <empty>
2019-10-20 18:18:57,078 [Thread-3063] INFO  impl.FollowerState (FollowerState.java:run(108)) - 399079f7-1eb1-4f37-b003-267572525934@group-D40A05E2FCF9-FollowerState: change to CANDIDATE, lastRpcTime:189ms, electionTimeout:185ms
2019-10-20 18:18:57,078 [Thread-3063] INFO  impl.RoleInfo (RoleInfo.java:shutdownFollowerState(121)) - 399079f7-1eb1-4f37-b003-267572525934: shutdown FollowerState
2019-10-20 18:18:57,078 [Thread-3063] INFO  impl.RaftServerImpl (RaftServerImpl.java:setRole(184)) - 399079f7-1eb1-4f37-b003-267572525934@group-D40A05E2FCF9: changes role from  FOLLOWER to CANDIDATE at term 217 for changeToCandidate
2019-10-20 18:18:57,078 [Thread-3063] INFO  impl.RoleInfo (RoleInfo.java:updateAndGet(143)) - 399079f7-1eb1-4f37-b003-267572525934: start LeaderElection
2019-10-20 18:18:57,108 [399079f7-1eb1-4f37-b003-267572525934@group-D40A05E2FCF9-LeaderElection385] INFO  impl.LeaderElection (LeaderElection.java:askForVotes(178)) - 399079f7-1eb1-4f37-b003-267572525934@group-D40A05E2FCF9-LeaderElection385: begin an election at term 218 for -1: [399079f7-1eb1-4f37-b003-267572525934:192.168.164.241:37762, 7a43c46a-fc88-4b2d-b2da-ae029cfa60ff:192.168.164.241:43684, 6c5c38af-62e6-4ea7-a24a-078dcb28fb39:192.168.164.241:45428], old=null
2019-10-20 18:18:57,115 [grpc-default-executor-10] INFO  impl.RaftServerImpl (RaftServerImpl.java:setRole(184)) - 6c5c38af-62e6-4ea7-a24a-078dcb28fb39@group-D40A05E2FCF9: changes role from  FOLLOWER to FOLLOWER at term 218 for recognizeCandidate:399079f7-1eb1-4f37-b003-267572525934
2019-10-20 18:18:57,115 [grpc-default-executor-7] INFO  impl.RaftServerImpl (RaftServerImpl.java:setRole(184)) - 7a43c46a-fc88-4b2d-b2da-ae029cfa60ff@group-D40A05E2FCF9: changes role from  FOLLOWER to FOLLOWER at term 218 for recognizeCandidate:399079f7-1eb1-4f37-b003-267572525934
2019-10-20 18:18:57,115 [grpc-default-executor-10] INFO  impl.RoleInfo (RoleInfo.java:shutdownFollowerState(121)) - 6c5c38af-62e6-4ea7-a24a-078dcb28fb39: shutdown FollowerState
2019-10-20 18:18:57,115 [grpc-default-executor-7] INFO  impl.RoleInfo (RoleInfo.java:shutdownFollowerState(121)) - 7a43c46a-fc88-4b2d-b2da-ae029cfa60ff: shutdown FollowerState
2019-10-20 18:18:57,116 [grpc-default-executor-10] INFO  impl.RoleInfo (RoleInfo.java:updateAndGet(143)) - 6c5c38af-62e6-4ea7-a24a-078dcb28fb39: start FollowerState
2019-10-20 18:18:57,116 [Thread-3059] INFO  impl.FollowerState (FollowerState.java:run(117)) - 7a43c46a-fc88-4b2d-b2da-ae029cfa60ff@group-D40A05E2FCF9-FollowerState was interrupted: java.lang.InterruptedException: sleep interrupted
2019-10-20 18:18:57,116 [Thread-3060] INFO  impl.FollowerState (FollowerState.java:run(117)) - 6c5c38af-62e6-4ea7-a24a-078dcb28fb39@group-D40A05E2FCF9-FollowerState was interrupted: java.lang.InterruptedException: sleep interrupted
2019-10-20 18:18:57,116 [grpc-default-executor-7] INFO  impl.RoleInfo (RoleInfo.java:updateAndGet(143)) - 7a43c46a-fc88-4b2d-b2da-ae029cfa60ff: start FollowerState
2019-10-20 18:18:57,135 [399079f7-1eb1-4f37-b003-267572525934@group-D40A05E2FCF9-LeaderElection385] INFO  impl.LeaderElection (LeaderElection.java:logAndReturn(56)) - 399079f7-1eb1-4f37-b003-267572525934@group-D40A05E2FCF9-LeaderElection385: Election REJECTED; received 2 response(s) [399079f7-1eb1-4f37-b003-267572525934<-7a43c46a-fc88-4b2d-b2da-ae029cfa60ff#0:FAIL-t218, 399079f7-1eb1-4f37-b003-267572525934<-6c5c38af-62e6-4ea7-a24a-078dcb28fb39#0:FAIL-t218] and 0 exception(s); 399079f7-1eb1-4f37-b003-267572525934@group-D40A05E2FCF9:t218, leader=null, voted=399079f7-1eb1-4f37-b003-267572525934, raftlog=399079f7-1eb1-4f37-b003-267572525934@group-D40A05E2FCF9-SegmentedRaftLog:OPENED:c-1,f-1,i0, conf=-1: [399079f7-1eb1-4f37-b003-267572525934:192.168.164.241:37762, 7a43c46a-fc88-4b2d-b2da-ae029cfa60ff:192.168.164.241:43684, 6c5c38af-62e6-4ea7-a24a-078dcb28fb39:192.168.164.241:45428], old=null
2019-10-20 18:18:57,135 [399079f7-1eb1-4f37-b003-267572525934@group-D40A05E2FCF9-LeaderElection385] INFO  impl.RaftServerImpl (RaftServerImpl.java:setRole(184)) - 399079f7-1eb1-4f37-b003-267572525934@group-D40A05E2FCF9: changes role from CANDIDATE to FOLLOWER at term 218 for DISCOVERED_A_NEW_TERM
2019-10-20 18:18:57,136 [399079f7-1eb1-4f37-b003-267572525934@group-D40A05E2FCF9-LeaderElection385] INFO  impl.RoleInfo (RoleInfo.java:shutdownLeaderElection(134)) - 399079f7-1eb1-4f37-b003-267572525934: shutdown LeaderElection
2019-10-20 18:18:57,136 [399079f7-1eb1-4f37-b003-267572525934@group-D40A05E2FCF9-LeaderElection385] INFO  impl.RoleInfo (RoleInfo.java:updateAndGet(143)) - 399079f7-1eb1-4f37-b003-267572525934: start FollowerState
2019-10-20 18:18:57,161 [Thread-3079] INFO  impl.FollowerState (FollowerState.java:run(108)) - 399079f7-1eb1-4f37-b003-267572525934@group-D40A05E2FCF9-FollowerState: change to CANDIDATE, lastRpcTime:25ms, electionTimeout:25ms
2019-10-20 18:18:57,161 [Thread-3079] INFO  impl.RoleInfo (RoleInfo.java:shutdownFollowerState(121)) - 399079f7-1eb1-4f37-b003-267572525934: shutdown FollowerState
2019-10-20 18:18:57,161 [Thread-3079] INFO  impl.RaftServerImpl (RaftServerImpl.java:setRole(184)) - 399079f7-1eb1-4f37-b003-267572525934@group-D40A05E2FCF9: changes role from  FOLLOWER to CANDIDATE at term 218 for changeToCandidate
2019-10-20 18:18:57,162 [Thread-3079] INFO  impl.RoleInfo (RoleInfo.java:updateAndGet(143)) - 399079f7-1eb1-4f37-b003-267572525934: start LeaderElection
2019-10-20 18:18:57,184 [399079f7-1eb1-4f37-b003-267572525934@group-D40A05E2FCF9-LeaderElection386] INFO  impl.LeaderElection (LeaderElection.java:askForVotes(178)) - 399079f7-1eb1-4f37-b003-267572525934@group-D40A05E2FCF9-LeaderElection386: begin an election at term 219 for -1: [399079f7-1eb1-4f37-b003-267572525934:192.168.164.241:37762, 7a43c46a-fc88-4b2d-b2da-ae029cfa60ff:192.168.164.241:43684, 6c5c38af-62e6-4ea7-a24a-078dcb28fb39:192.168.164.241:45428], old=null
2019-10-20 18:18:57,186 [grpc-default-executor-10] INFO  impl.RaftServerImpl (RaftServerImpl.java:setRole(184)) - 6c5c38af-62e6-4ea7-a24a-078dcb28fb39@group-D40A05E2FCF9: changes role from  FOLLOWER to FOLLOWER at term 219 for recognizeCandidate:399079f7-1eb1-4f37-b003-267572525934
2019-10-20 18:18:57,187 [grpc-default-executor-10] INFO  impl.RoleInfo (RoleInfo.java:shutdownFollowerState(121)) - 6c5c38af-62e6-4ea7-a24a-078dcb28fb39: shutdown FollowerState
2019-10-20 18:18:57,187 [grpc-default-executor-10] INFO  impl.RoleInfo (RoleInfo.java:updateAndGet(143)) - 6c5c38af-62e6-4ea7-a24a-078dcb28fb39: start FollowerState
2019-10-20 18:18:57,187 [Thread-3077] INFO  impl.FollowerState (FollowerState.java:run(117)) - 6c5c38af-62e6-4ea7-a24a-078dcb28fb39@group-D40A05E2FCF9-FollowerState was interrupted: java.lang.InterruptedException: sleep interrupted
2019-10-20 18:18:57,187 [grpc-default-executor-7] INFO  impl.RaftServerImpl (RaftServerImpl.java:setRole(184)) - 7a43c46a-fc88-4b2d-b2da-ae029cfa60ff@group-D40A05E2FCF9: changes role from  FOLLOWER to FOLLOWER at term 219 for recognizeCandidate:399079f7-1eb1-4f37-b003-267572525934
2019-10-20 18:18:57,187 [grpc-default-executor-7] INFO  impl.RoleInfo (RoleInfo.java:shutdownFollowerState(121)) - 7a43c46a-fc88-4b2d-b2da-ae029cfa60ff: shutdown FollowerState
2019-10-20 18:18:57,187 [grpc-default-executor-7] INFO  impl.RoleInfo (RoleInfo.java:updateAndGet(143)) - 7a43c46a-fc88-4b2d-b2da-ae029cfa60ff: start FollowerState
2019-10-20 18:18:57,187 [Thread-3078] INFO  impl.FollowerState (FollowerState.java:run(117)) - 7a43c46a-fc88-4b2d-b2da-ae029cfa60ff@group-D40A05E2FCF9-FollowerState was interrupted: java.lang.InterruptedException: sleep interrupted
2019-10-20 18:18:57,204 [Thread-3073] INFO  impl.FollowerState (FollowerState.java:run(108)) - b75f8b2e-6273-4c97-b7c5-042674931d23@group-F11756C8BA4A-FollowerState: change to CANDIDATE, lastRpcTime:146ms, electionTimeout:146ms
2019-10-20 18:18:57,204 [Thread-3073] INFO  impl.RoleInfo (RoleInfo.java:shutdownFollowerState(121)) - b75f8b2e-6273-4c97-b7c5-042674931d23: shutdown FollowerState
2019-10-20 18:18:57,204 [Thread-3073] INFO  impl.RaftServerImpl (RaftServerImpl.java:setRole(184)) - b75f8b2e-6273-4c97-b7c5-042674931d23@group-F11756C8BA4A: changes role from  FOLLOWER to CANDIDATE at term 218 for changeToCandidate
2019-10-20 18:18:57,204 [Thread-3073] INFO  impl.RoleInfo (RoleInfo.java:updateAndGet(143)) - b75f8b2e-6273-4c97-b7c5-042674931d23: start LeaderElection
2019-10-20 18:18:57,210 [399079f7-1eb1-4f37-b003-267572525934@group-D40A05E2FCF9-LeaderElection386] INFO  impl.LeaderElection (LeaderElection.java:logAndReturn(56)) - 399079f7-1eb1-4f37-b003-267572525934@group-D40A05E2FCF9-LeaderElection386: Election REJECTED; received 2 response(s) [399079f7-1eb1-4f37-b003-267572525934<-7a43c46a-fc88-4b2d-b2da-ae029cfa60ff#0:FAIL-t219, 399079f7-1eb1-4f37-b003-267572525934<-6c5c38af-62e6-4ea7-a24a-078dcb28fb39#0:FAIL-t219] and 0 exception(s); 399079f7-1eb1-4f37-b003-267572525934@group-D40A05E2FCF9:t219, leader=null, voted=399079f7-1eb1-4f37-b003-267572525934, raftlog=399079f7-1eb1-4f37-b003-267572525934@group-D40A05E2FCF9-SegmentedRaftLog:OPENED:c-1,f-1,i0, conf=-1: [399079f7-1eb1-4f37-b003-267572525934:192.168.164.241:37762, 7a43c46a-fc88-4b2d-b2da-ae029cfa60ff:192.168.164.241:43684, 6c5c38af-62e6-4ea7-a24a-078dcb28fb39:192.168.164.241:45428], old=null
2019-10-20 18:18:57,210 [399079f7-1eb1-4f37-b003-267572525934@group-D40A05E2FCF9-LeaderElection386] INFO  impl.RaftServerImpl (RaftServerImpl.java:setRole(184)) - 399079f7-1eb1-4f37-b003-267572525934@group-D40A05E2FCF9: changes role from CANDIDATE to FOLLOWER at term 219 for DISCOVERED_A_NEW_TERM
2019-10-20 18:18:57,211 [399079f7-1eb1-4f37-b003-267572525934@group-D40A05E2FCF9-LeaderElection386] INFO  impl.RoleInfo (RoleInfo.java:shutdownLeaderElection(134)) - 399079f7-1eb1-4f37-b003-267572525934: shutdown LeaderElection
2019-10-20 18:18:57,211 [399079f7-1eb1-4f37-b003-267572525934@group-D40A05E2FCF9-LeaderElection386] INFO  impl.RoleInfo (RoleInfo.java:updateAndGet(143)) - 399079f7-1eb1-4f37-b003-267572525934: start FollowerState
2019-10-20 18:18:57,227 [b75f8b2e-6273-4c97-b7c5-042674931d23@group-F11756C8BA4A-LeaderElection387] INFO  impl.LeaderElection (LeaderElection.java:askForVotes(178)) - b75f8b2e-6273-4c97-b7c5-042674931d23@group-F11756C8BA4A-LeaderElection387: begin an election at term 219 for -1: [6ef27e9c-8ddb-4fa1-8c14-ab102acfb1b8:192.168.164.241:38092, b75f8b2e-6273-4c97-b7c5-042674931d23:192.168.164.241:41857, 3750b3a2-715b-46b3-9d0c-9e38136244b9:192.168.164.241:46227], old=null
2019-10-20 18:18:57,227 [b75f8b2e-6273-4c97-b7c5-042674931d23@group-F11756C8BA4A-LeaderElection387] INFO  impl.LeaderElection (LeaderElection.java:logAndReturn(56)) - b75f8b2e-6273-4c97-b7c5-042674931d23@group-F11756C8BA4A-LeaderElection387: Election TIMEOUT; received 0 response(s) [] and 0 exception(s); b75f8b2e-6273-4c97-b7c5-042674931d23@group-F11756C8BA4A:t219, leader=null, voted=b75f8b2e-6273-4c97-b7c5-042674931d23, raftlog=b75f8b2e-6273-4c97-b7c5-042674931d23@group-F11756C8BA4A-SegmentedRaftLog:OPENED:c-1,f-1,i0, conf=-1: [6ef27e9c-8ddb-4fa1-8c14-ab102acfb1b8:192.168.164.241:38092, b75f8b2e-6273-4c97-b7c5-042674931d23:192.168.164.241:41857, 3750b3a2-715b-46b3-9d0c-9e38136244b9:192.168.164.241:46227], old=null
2019-10-20 18:18:57,228 [grpc-default-executor-10] INFO  impl.RaftServerImpl (RaftServerImpl.java:setRole(184)) - 6ef27e9c-8ddb-4fa1-8c14-ab102acfb1b8@group-F11756C8BA4A: changes role from  FOLLOWER to FOLLOWER at term 219 for recognizeCandidate:b75f8b2e-6273-4c97-b7c5-042674931d23
2019-10-20 18:18:57,228 [grpc-default-executor-10] INFO  impl.RoleInfo (RoleInfo.java:shutdownFollowerState(121)) - 6ef27e9c-8ddb-4fa1-8c14-ab102acfb1b8: shutdown FollowerState
2019-10-20 18:18:57,228 [grpc-default-executor-10] INFO  impl.RoleInfo (RoleInfo.java:updateAndGet(143)) - 6ef27e9c-8ddb-4fa1-8c14-ab102acfb1b8: start FollowerState
2019-10-20 18:18:57,228 [Thread-3072] INFO  impl.FollowerState (FollowerState.java:run(117)) - 6ef27e9c-8ddb-4fa1-8c14-ab102acfb1b8@group-F11756C8BA4A-FollowerState was interrupted: java.lang.InterruptedException: sleep interrupted
2019-10-20 18:18:57,236 [Thread-3086] INFO  impl.FollowerState (FollowerState.java:run(108)) - 399079f7-1eb1-4f37-b003-267572525934@group-D40A05E2FCF9-FollowerState: change to CANDIDATE, lastRpcTime:25ms, electionTimeout:25ms
2019-10-20 18:18:57,236 [Thread-3086] INFO  impl.RoleInfo (RoleInfo.java:shutdownFollowerState(121)) - 399079f7-1eb1-4f37-b003-267572525934: shutdown FollowerState
2019-10-20 18:18:57,236 [Thread-3086] INFO  impl.RaftServerImpl (RaftServerImpl.java:setRole(184)) - 399079f7-1eb1-4f37-b003-267572525934@group-D40A05E2FCF9: changes role from  FOLLOWER to CANDIDATE at term 219 for changeToCandidate
2019-10-20 18:18:57,237 [Thread-3086] INFO  impl.RoleInfo (RoleInfo.java:updateAndGet(143)) - 399079f7-1eb1-4f37-b003-267572525934: start LeaderElection
2019-10-20 18:18:57,252 [b75f8b2e-6273-4c97-b7c5-042674931d23@group-F11756C8BA4A-LeaderElection387] INFO  impl.LeaderElection (LeaderElection.java:askForVotes(178)) - b75f8b2e-6273-4c97-b7c5-042674931d23@group-F11756C8BA4A-LeaderElection387: begin an election at term 220 for -1: [6ef27e9c-8ddb-4fa1-8c14-ab102acfb1b8:192.168.164.241:38092, b75f8b2e-6273-4c97-b7c5-042674931d23:192.168.164.241:41857, 3750b3a2-715b-46b3-9d0c-9e38136244b9:192.168.164.241:46227], old=null
2019-10-20 18:18:57,252 [399079f7-1eb1-4f37-b003-267572525934@group-D40A05E2FCF9-LeaderElection388] INFO  impl.LeaderElection (LeaderElection.java:askForVotes(178)) - 399079f7-1eb1-4f37-b003-267572525934@group-D40A05E2FCF9-LeaderElection388: begin an election at term 220 for -1: [399079f7-1eb1-4f37-b003-267572525934:192.168.164.241:37762, 7a43c46a-fc88-4b2d-b2da-ae029cfa60ff:192.168.164.241:43684, 6c5c38af-62e6-4ea7-a24a-078dcb28fb39:192.168.164.241:45428], old=null
2019-10-20 18:18:57,254 [b75f8b2e-6273-4c97-b7c5-042674931d23@group-F11756C8BA4A-LeaderElection387] INFO  impl.LeaderElection (LogUtils.java:infoOrTrace(149)) - b75f8b2e-6273-4c97-b7c5-042674931d23@group-F11756C8BA4A-LeaderElection387 got exception when requesting votes: {}
java.util.concurrent.ExecutionException: org.apache.ratis.thirdparty.io.grpc.StatusRuntimeException: UNAVAILABLE: io exception
	at java.util.concurrent.FutureTask.report(FutureTask.java:122)
	at java.util.concurrent.FutureTask.get(FutureTask.java:192)
	at org.apache.ratis.server.impl.LeaderElection.waitForResults(LeaderElection.java:259)
	at org.apache.ratis.server.impl.LeaderElection.askForVotes(LeaderElection.java:197)
	at org.apache.ratis.server.impl.LeaderElection.run(LeaderElection.java:133)
	at java.lang.Thread.run(Thread.java:748)
Caused by: org.apache.ratis.thirdparty.io.grpc.StatusRuntimeException: UNAVAILABLE: io exception
	at org.apache.ratis.thirdparty.io.grpc.stub.ClientCalls.toStatusRuntimeException(ClientCalls.java:233)
	at org.apache.ratis.thirdparty.io.grpc.stub.ClientCalls.getUnchecked(ClientCalls.java:214)
	at org.apache.ratis.thirdparty.io.grpc.stub.ClientCalls.blockingUnaryCall(ClientCalls.java:139)
	at org.apache.ratis.proto.grpc.RaftServerProtocolServiceGrpc$RaftServerProtocolServiceBlockingStub.requestVote(RaftServerProtocolServiceGrpc.java:265)
	at org.apache.ratis.grpc.server.GrpcServerProtocolClient.requestVote(GrpcServerProtocolClient.java:99)
	at org.apache.ratis.grpc.server.GrpcService.requestVote(GrpcService.java:204)
	at org.apache.ratis.server.impl.LeaderElection.lambda$submitRequests$1(LeaderElection.java:234)
	at java.util.concurrent.FutureTask.run(FutureTask.java:266)
	at java.util.concurrent.Executors$RunnableAdapter.call(Executors.java:511)
	at java.util.concurrent.FutureTask.run(FutureTask.java:266)
	at java.util.concurrent.ThreadPoolExecutor.runWorker(ThreadPoolExecutor.java:1149)
	at java.util.concurrent.ThreadPoolExecutor$Worker.run(ThreadPoolExecutor.java:624)
	... 1 more
Caused by: org.apache.ratis.thirdparty.io.netty.channel.AbstractChannel$AnnotatedConnectException: Connection refused: /192.168.164.241:46227
	at sun.nio.ch.SocketChannelImpl.checkConnect(Native Method)
	at sun.nio.ch.SocketChannelImpl.finishConnect(SocketChannelImpl.java:717)
	at org.apache.ratis.thirdparty.io.netty.channel.socket.nio.NioSocketChannel.doFinishConnect(NioSocketChannel.java:327)
	at org.apache.ratis.thirdparty.io.netty.channel.nio.AbstractNioChannel$AbstractNioUnsafe.finishConnect(AbstractNioChannel.java:340)
	at org.apache.ratis.thirdparty.io.netty.channel.nio.NioEventLoop.processSelectedKey(NioEventLoop.java:632)
	at org.apache.ratis.thirdparty.io.netty.channel.nio.NioEventLoop.processSelectedKeysOptimized(NioEventLoop.java:579)
	at org.apache.ratis.thirdparty.io.netty.channel.nio.NioEventLoop.processSelectedKeys(NioEventLoop.java:496)
	at org.apache.ratis.thirdparty.io.netty.channel.nio.NioEventLoop.run(NioEventLoop.java:458)
	at org.apache.ratis.thirdparty.io.netty.util.concurrent.SingleThreadEventExecutor$5.run(SingleThreadEventExecutor.java:897)
	at org.apache.ratis.thirdparty.io.netty.util.concurrent.FastThreadLocalRunnable.run(FastThreadLocalRunnable.java:30)
	... 1 more
Caused by: java.net.ConnectException: Connection refused
	... 11 more
2019-10-20 18:18:57,261 [grpc-default-executor-10] INFO  impl.RaftServerImpl (RaftServerImpl.java:setRole(184)) - 6c5c38af-62e6-4ea7-a24a-078dcb28fb39@group-D40A05E2FCF9: changes role from  FOLLOWER to FOLLOWER at term 220 for recognizeCandidate:399079f7-1eb1-4f37-b003-267572525934
2019-10-20 18:18:57,261 [grpc-default-executor-7] INFO  impl.RaftServerImpl (RaftServerImpl.java:setRole(184)) - 6ef27e9c-8ddb-4fa1-8c14-ab102acfb1b8@group-F11756C8BA4A: changes role from  FOLLOWER to FOLLOWER at term 220 for recognizeCandidate:b75f8b2e-6273-4c97-b7c5-042674931d23
2019-10-20 18:18:57,261 [grpc-default-executor-4] INFO  impl.RaftServerImpl (RaftServerImpl.java:setRole(184)) - 7a43c46a-fc88-4b2d-b2da-ae029cfa60ff@group-D40A05E2FCF9: changes role from  FOLLOWER to FOLLOWER at term 220 for recognizeCandidate:399079f7-1eb1-4f37-b003-267572525934
2019-10-20 18:18:57,261 [grpc-default-executor-10] INFO  impl.RoleInfo (RoleInfo.java:shutdownFollowerState(121)) - 6c5c38af-62e6-4ea7-a24a-078dcb28fb39: shutdown FollowerState
2019-10-20 18:18:57,261 [grpc-default-executor-4] INFO  impl.RoleInfo (RoleInfo.java:shutdownFollowerState(121)) - 7a43c46a-fc88-4b2d-b2da-ae029cfa60ff: shutdown FollowerState
2019-10-20 18:18:57,261 [grpc-default-executor-7] INFO  impl.RoleInfo (RoleInfo.java:shutdownFollowerState(121)) - 6ef27e9c-8ddb-4fa1-8c14-ab102acfb1b8: shutdown FollowerState
2019-10-20 18:18:57,261 [Thread-3084] INFO  impl.FollowerState (FollowerState.java:run(117)) - 7a43c46a-fc88-4b2d-b2da-ae029cfa60ff@group-D40A05E2FCF9-FollowerState was interrupted: java.lang.InterruptedException: sleep interrupted
2019-10-20 18:18:57,261 [grpc-default-executor-4] INFO  impl.RoleInfo (RoleInfo.java:updateAndGet(143)) - 7a43c46a-fc88-4b2d-b2da-ae029cfa60ff: start FollowerState
2019-10-20 18:18:57,261 [Thread-3083] INFO  impl.FollowerState (FollowerState.java:run(117)) - 6c5c38af-62e6-4ea7-a24a-078dcb28fb39@group-D40A05E2FCF9-FollowerState was interrupted: java.lang.InterruptedException: sleep interrupted
2019-10-20 18:18:57,261 [grpc-default-executor-10] INFO  impl.RoleInfo (RoleInfo.java:updateAndGet(143)) - 6c5c38af-62e6-4ea7-a24a-078dcb28fb39: start FollowerState
2019-10-20 18:18:57,262 [Thread-3090] INFO  impl.FollowerState (FollowerState.java:run(117)) - 6ef27e9c-8ddb-4fa1-8c14-ab102acfb1b8@group-F11756C8BA4A-FollowerState was interrupted: java.lang.InterruptedException: sleep interrupted
2019-10-20 18:18:57,262 [grpc-default-executor-7] INFO  impl.RoleInfo (RoleInfo.java:updateAndGet(143)) - 6ef27e9c-8ddb-4fa1-8c14-ab102acfb1b8: start FollowerState
2019-10-20 18:18:57,275 [399079f7-1eb1-4f37-b003-267572525934@group-D40A05E2FCF9-LeaderElection388] INFO  impl.LeaderElection (LeaderElection.java:logAndReturn(56)) - 399079f7-1eb1-4f37-b003-267572525934@group-D40A05E2FCF9-LeaderElection388: Election TIMEOUT; received 0 response(s) [] and 0 exception(s); 399079f7-1eb1-4f37-b003-267572525934@group-D40A05E2FCF9:t220, leader=null, voted=399079f7-1eb1-4f37-b003-267572525934, raftlog=399079f7-1eb1-4f37-b003-267572525934@group-D40A05E2FCF9-SegmentedRaftLog:OPENED:c-1,f-1,i0, conf=-1: [399079f7-1eb1-4f37-b003-267572525934:192.168.164.241:37762, 7a43c46a-fc88-4b2d-b2da-ae029cfa60ff:192.168.164.241:43684, 6c5c38af-62e6-4ea7-a24a-078dcb28fb39:192.168.164.241:45428], old=null
2019-10-20 18:18:57,279 [b75f8b2e-6273-4c97-b7c5-042674931d23@group-F11756C8BA4A-LeaderElection387] INFO  impl.LeaderElection (LeaderElection.java:logAndReturn(56)) - b75f8b2e-6273-4c97-b7c5-042674931d23@group-F11756C8BA4A-LeaderElection387: Election REJECTED; received 1 response(s) [b75f8b2e-6273-4c97-b7c5-042674931d23<-6ef27e9c-8ddb-4fa1-8c14-ab102acfb1b8#0:FAIL-t220] and 1 exception(s); b75f8b2e-6273-4c97-b7c5-042674931d23@group-F11756C8BA4A:t220, leader=null, voted=b75f8b2e-6273-4c97-b7c5-042674931d23, raftlog=b75f8b2e-6273-4c97-b7c5-042674931d23@group-F11756C8BA4A-SegmentedRaftLog:OPENED:c-1,f-1,i0, conf=-1: [6ef27e9c-8ddb-4fa1-8c14-ab102acfb1b8:192.168.164.241:38092, b75f8b2e-6273-4c97-b7c5-042674931d23:192.168.164.241:41857, 3750b3a2-715b-46b3-9d0c-9e38136244b9:192.168.164.241:46227], old=null
2019-10-20 18:18:57,279 [b75f8b2e-6273-4c97-b7c5-042674931d23@group-F11756C8BA4A-LeaderElection387] INFO  impl.LeaderElection (LogUtils.java:infoOrTrace(149)) -   Exception 0: {}
java.util.concurrent.ExecutionException: org.apache.ratis.thirdparty.io.grpc.StatusRuntimeException: UNAVAILABLE: io exception
	at java.util.concurrent.FutureTask.report(FutureTask.java:122)
	at java.util.concurrent.FutureTask.get(FutureTask.java:192)
	at org.apache.ratis.server.impl.LeaderElection.waitForResults(LeaderElection.java:259)
	at org.apache.ratis.server.impl.LeaderElection.askForVotes(LeaderElection.java:197)
	at org.apache.ratis.server.impl.LeaderElection.run(LeaderElection.java:133)
	at java.lang.Thread.run(Thread.java:748)
Caused by: org.apache.ratis.thirdparty.io.grpc.StatusRuntimeException: UNAVAILABLE: io exception
	at org.apache.ratis.thirdparty.io.grpc.stub.ClientCalls.toStatusRuntimeException(ClientCalls.java:233)
	at org.apache.ratis.thirdparty.io.grpc.stub.ClientCalls.getUnchecked(ClientCalls.java:214)
	at org.apache.ratis.thirdparty.io.grpc.stub.ClientCalls.blockingUnaryCall(ClientCalls.java:139)
	at org.apache.ratis.proto.grpc.RaftServerProtocolServiceGrpc$RaftServerProtocolServiceBlockingStub.requestVote(RaftServerProtocolServiceGrpc.java:265)
	at org.apache.ratis.grpc.server.GrpcServerProtocolClient.requestVote(GrpcServerProtocolClient.java:99)
	at org.apache.ratis.grpc.server.GrpcService.requestVote(GrpcService.java:204)
	at org.apache.ratis.server.impl.LeaderElection.lambda$submitRequests$1(LeaderElection.java:234)
	at java.util.concurrent.FutureTask.run(FutureTask.java:266)
	at java.util.concurrent.Executors$RunnableAdapter.call(Executors.java:511)
	at java.util.concurrent.FutureTask.run(FutureTask.java:266)
	at java.util.concurrent.ThreadPoolExecutor.runWorker(ThreadPoolExecutor.java:1149)
	at java.util.concurrent.ThreadPoolExecutor$Worker.run(ThreadPoolExecutor.java:624)
	... 1 more
Caused by: org.apache.ratis.thirdparty.io.netty.channel.AbstractChannel$AnnotatedConnectException: Connection refused: /192.168.164.241:46227
	at sun.nio.ch.SocketChannelImpl.checkConnect(Native Method)
	at sun.nio.ch.SocketChannelImpl.finishConnect(SocketChannelImpl.java:717)
	at org.apache.ratis.thirdparty.io.netty.channel.socket.nio.NioSocketChannel.doFinishConnect(NioSocketChannel.java:327)
	at org.apache.ratis.thirdparty.io.netty.channel.nio.AbstractNioChannel$AbstractNioUnsafe.finishConnect(AbstractNioChannel.java:340)
	at org.apache.ratis.thirdparty.io.netty.channel.nio.NioEventLoop.processSelectedKey(NioEventLoop.java:632)
	at org.apache.ratis.thirdparty.io.netty.channel.nio.NioEventLoop.processSelectedKeysOptimized(NioEventLoop.java:579)
	at org.apache.ratis.thirdparty.io.netty.channel.nio.NioEventLoop.processSelectedKeys(NioEventLoop.java:496)
	at org.apache.ratis.thirdparty.io.netty.channel.nio.NioEventLoop.run(NioEventLoop.java:458)
	at org.apache.ratis.thirdparty.io.netty.util.concurrent.SingleThreadEventExecutor$5.run(SingleThreadEventExecutor.java:897)
	at org.apache.ratis.thirdparty.io.netty.util.concurrent.FastThreadLocalRunnable.run(FastThreadLocalRunnable.java:30)
	... 1 more
Caused by: java.net.ConnectException: Connection refused
	... 11 more
2019-10-20 18:18:57,280 [b75f8b2e-6273-4c97-b7c5-042674931d23@group-F11756C8BA4A-LeaderElection387] INFO  impl.RaftServerImpl (RaftServerImpl.java:setRole(184)) - b75f8b2e-6273-4c97-b7c5-042674931d23@group-F11756C8BA4A: changes role from CANDIDATE to FOLLOWER at term 220 for DISCOVERED_A_NEW_TERM
2019-10-20 18:18:57,280 [b75f8b2e-6273-4c97-b7c5-042674931d23@group-F11756C8BA4A-LeaderElection387] INFO  impl.RoleInfo (RoleInfo.java:shutdownLeaderElection(134)) - b75f8b2e-6273-4c97-b7c5-042674931d23: shutdown LeaderElection
2019-10-20 18:18:57,280 [b75f8b2e-6273-4c97-b7c5-042674931d23@group-F11756C8BA4A-LeaderElection387] INFO  impl.RoleInfo (RoleInfo.java:updateAndGet(143)) - b75f8b2e-6273-4c97-b7c5-042674931d23: start FollowerState
2019-10-20 18:18:57,304 [399079f7-1eb1-4f37-b003-267572525934@group-D40A05E2FCF9-LeaderElection388] INFO  impl.LeaderElection (LeaderElection.java:askForVotes(178)) - 399079f7-1eb1-4f37-b003-267572525934@group-D40A05E2FCF9-LeaderElection388: begin an election at term 221 for -1: [399079f7-1eb1-4f37-b003-267572525934:192.168.164.241:37762, 7a43c46a-fc88-4b2d-b2da-ae029cfa60ff:192.168.164.241:43684, 6c5c38af-62e6-4ea7-a24a-078dcb28fb39:192.168.164.241:45428], old=null
2019-10-20 18:18:57,305 [grpc-default-executor-10] INFO  impl.RaftServerImpl (RaftServerImpl.java:setRole(184)) - 7a43c46a-fc88-4b2d-b2da-ae029cfa60ff@group-D40A05E2FCF9: changes role from  FOLLOWER to FOLLOWER at term 221 for recognizeCandidate:399079f7-1eb1-4f37-b003-267572525934
2019-10-20 18:18:57,305 [grpc-default-executor-10] INFO  impl.RoleInfo (RoleInfo.java:shutdownFollowerState(121)) - 7a43c46a-fc88-4b2d-b2da-ae029cfa60ff: shutdown FollowerState
2019-10-20 18:18:57,305 [grpc-default-executor-4] INFO  impl.RaftServerImpl (RaftServerImpl.java:setRole(184)) - 6c5c38af-62e6-4ea7-a24a-078dcb28fb39@group-D40A05E2FCF9: changes role from  FOLLOWER to FOLLOWER at term 221 for recognizeCandidate:399079f7-1eb1-4f37-b003-267572525934
2019-10-20 18:18:57,306 [grpc-default-executor-4] INFO  impl.RoleInfo (RoleInfo.java:shutdownFollowerState(121)) - 6c5c38af-62e6-4ea7-a24a-078dcb28fb39: shutdown FollowerState
2019-10-20 18:18:57,305 [Thread-3097] INFO  impl.FollowerState (FollowerState.java:run(117)) - 7a43c46a-fc88-4b2d-b2da-ae029cfa60ff@group-D40A05E2FCF9-FollowerState was interrupted: java.lang.InterruptedException: sleep interrupted
2019-10-20 18:18:57,305 [grpc-default-executor-10] INFO  impl.RoleInfo (RoleInfo.java:updateAndGet(143)) - 7a43c46a-fc88-4b2d-b2da-ae029cfa60ff: start FollowerState
2019-10-20 18:18:57,306 [Thread-3096] INFO  impl.FollowerState (FollowerState.java:run(117)) - 6c5c38af-62e6-4ea7-a24a-078dcb28fb39@group-D40A05E2FCF9-FollowerState was interrupted: java.lang.InterruptedException: sleep interrupted
2019-10-20 18:18:57,306 [grpc-default-executor-4] INFO  impl.RoleInfo (RoleInfo.java:updateAndGet(143)) - 6c5c38af-62e6-4ea7-a24a-078dcb28fb39: start FollowerState
2019-10-20 18:18:57,339 [399079f7-1eb1-4f37-b003-267572525934@group-D40A05E2FCF9-LeaderElection388] INFO  impl.LeaderElection (LeaderElection.java:logAndReturn(56)) - 399079f7-1eb1-4f37-b003-267572525934@group-D40A05E2FCF9-LeaderElection388: Election REJECTED; received 2 response(s) [399079f7-1eb1-4f37-b003-267572525934<-7a43c46a-fc88-4b2d-b2da-ae029cfa60ff#0:FAIL-t221, 399079f7-1eb1-4f37-b003-267572525934<-6c5c38af-62e6-4ea7-a24a-078dcb28fb39#0:FAIL-t221] and 0 exception(s); 399079f7-1eb1-4f37-b003-267572525934@group-D40A05E2FCF9:t221, leader=null, voted=399079f7-1eb1-4f37-b003-267572525934, raftlog=399079f7-1eb1-4f37-b003-267572525934@group-D40A05E2FCF9-SegmentedRaftLog:OPENED:c-1,f-1,i0, conf=-1: [399079f7-1eb1-4f37-b003-267572525934:192.168.164.241:37762, 7a43c46a-fc88-4b2d-b2da-ae029cfa60ff:192.168.164.241:43684, 6c5c38af-62e6-4ea7-a24a-078dcb28fb39:192.168.164.241:45428], old=null
2019-10-20 18:18:57,339 [399079f7-1eb1-4f37-b003-267572525934@group-D40A05E2FCF9-LeaderElection388] INFO  impl.RaftServerImpl (RaftServerImpl.java:setRole(184)) - 399079f7-1eb1-4f37-b003-267572525934@group-D40A05E2FCF9: changes role from CANDIDATE to FOLLOWER at term 221 for DISCOVERED_A_NEW_TERM
2019-10-20 18:18:57,340 [399079f7-1eb1-4f37-b003-267572525934@group-D40A05E2FCF9-LeaderElection388] INFO  impl.RoleInfo (RoleInfo.java:shutdownLeaderElection(134)) - 399079f7-1eb1-4f37-b003-267572525934: shutdown LeaderElection
2019-10-20 18:18:57,340 [399079f7-1eb1-4f37-b003-267572525934@group-D40A05E2FCF9-LeaderElection388] INFO  impl.RoleInfo (RoleInfo.java:updateAndGet(143)) - 399079f7-1eb1-4f37-b003-267572525934: start FollowerState
2019-10-20 18:18:57,362 [Thread-3099] INFO  impl.FollowerState (FollowerState.java:run(108)) - b75f8b2e-6273-4c97-b7c5-042674931d23@group-F11756C8BA4A-FollowerState: change to CANDIDATE, lastRpcTime:82ms, electionTimeout:82ms
2019-10-20 18:18:57,362 [Thread-3099] INFO  impl.RoleInfo (RoleInfo.java:shutdownFollowerState(121)) - b75f8b2e-6273-4c97-b7c5-042674931d23: shutdown FollowerState
2019-10-20 18:18:57,362 [Thread-3099] INFO  impl.RaftServerImpl (RaftServerImpl.java:setRole(184)) - b75f8b2e-6273-4c97-b7c5-042674931d23@group-F11756C8BA4A: changes role from  FOLLOWER to CANDIDATE at term 220 for changeToCandidate
2019-10-20 18:18:57,362 [Thread-3099] INFO  impl.RoleInfo (RoleInfo.java:updateAndGet(143)) - b75f8b2e-6273-4c97-b7c5-042674931d23: start LeaderElection
2019-10-20 18:18:57,389 [b75f8b2e-6273-4c97-b7c5-042674931d23@group-F11756C8BA4A-LeaderElection389] INFO  impl.LeaderElection (LeaderElection.java:askForVotes(178)) - b75f8b2e-6273-4c97-b7c5-042674931d23@group-F11756C8BA4A-LeaderElection389: begin an election at term 221 for -1: [6ef27e9c-8ddb-4fa1-8c14-ab102acfb1b8:192.168.164.241:38092, b75f8b2e-6273-4c97-b7c5-042674931d23:192.168.164.241:41857, 3750b3a2-715b-46b3-9d0c-9e38136244b9:192.168.164.241:46227], old=null
2019-10-20 18:18:57,390 [b75f8b2e-6273-4c97-b7c5-042674931d23@group-F11756C8BA4A-LeaderElection389] INFO  impl.LeaderElection (LogUtils.java:infoOrTrace(149)) - b75f8b2e-6273-4c97-b7c5-042674931d23@group-F11756C8BA4A-LeaderElection389 got exception when requesting votes: {}
java.util.concurrent.ExecutionException: org.apache.ratis.thirdparty.io.grpc.StatusRuntimeException: UNAVAILABLE: io exception
	at java.util.concurrent.FutureTask.report(FutureTask.java:122)
	at java.util.concurrent.FutureTask.get(FutureTask.java:192)
	at org.apache.ratis.server.impl.LeaderElection.waitForResults(LeaderElection.java:259)
	at org.apache.ratis.server.impl.LeaderElection.askForVotes(LeaderElection.java:197)
	at org.apache.ratis.server.impl.LeaderElection.run(LeaderElection.java:133)
	at java.lang.Thread.run(Thread.java:748)
Caused by: org.apache.ratis.thirdparty.io.grpc.StatusRuntimeException: UNAVAILABLE: io exception
	at org.apache.ratis.thirdparty.io.grpc.stub.ClientCalls.toStatusRuntimeException(ClientCalls.java:233)
	at org.apache.ratis.thirdparty.io.grpc.stub.ClientCalls.getUnchecked(ClientCalls.java:214)
	at org.apache.ratis.thirdparty.io.grpc.stub.ClientCalls.blockingUnaryCall(ClientCalls.java:139)
	at org.apache.ratis.proto.grpc.RaftServerProtocolServiceGrpc$RaftServerProtocolServiceBlockingStub.requestVote(RaftServerProtocolServiceGrpc.java:265)
	at org.apache.ratis.grpc.server.GrpcServerProtocolClient.requestVote(GrpcServerProtocolClient.java:99)
	at org.apache.ratis.grpc.server.GrpcService.requestVote(GrpcService.java:204)
	at org.apache.ratis.server.impl.LeaderElection.lambda$submitRequests$1(LeaderElection.java:234)
	at java.util.concurrent.FutureTask.run(FutureTask.java:266)
	at java.util.concurrent.Executors$RunnableAdapter.call(Executors.java:511)
	at java.util.concurrent.FutureTask.run(FutureTask.java:266)
	at java.util.concurrent.ThreadPoolExecutor.runWorker(ThreadPoolExecutor.java:1149)
	at java.util.concurrent.ThreadPoolExecutor$Worker.run(ThreadPoolExecutor.java:624)
	... 1 more
Caused by: org.apache.ratis.thirdparty.io.netty.channel.AbstractChannel$AnnotatedConnectException: Connection refused: /192.168.164.241:46227
	at sun.nio.ch.SocketChannelImpl.checkConnect(Native Method)
	at sun.nio.ch.SocketChannelImpl.finishConnect(SocketChannelImpl.java:717)
	at org.apache.ratis.thirdparty.io.netty.channel.socket.nio.NioSocketChannel.doFinishConnect(NioSocketChannel.java:327)
	at org.apache.ratis.thirdparty.io.netty.channel.nio.AbstractNioChannel$AbstractNioUnsafe.finishConnect(AbstractNioChannel.java:340)
	at org.apache.ratis.thirdparty.io.netty.channel.nio.NioEventLoop.processSelectedKey(NioEventLoop.java:632)
	at org.apache.ratis.thirdparty.io.netty.channel.nio.NioEventLoop.processSelectedKeysOptimized(NioEventLoop.java:579)
	at org.apache.ratis.thirdparty.io.netty.channel.nio.NioEventLoop.processSelectedKeys(NioEventLoop.java:496)
	at org.apache.ratis.thirdparty.io.netty.channel.nio.NioEventLoop.run(NioEventLoop.java:458)
	at org.apache.ratis.thirdparty.io.netty.util.concurrent.SingleThreadEventExecutor$5.run(SingleThreadEventExecutor.java:897)
	at org.apache.ratis.thirdparty.io.netty.util.concurrent.FastThreadLocalRunnable.run(FastThreadLocalRunnable.java:30)
	... 1 more
Caused by: java.net.ConnectException: Connection refused
	... 11 more
2019-10-20 18:18:57,394 [grpc-default-executor-10] INFO  impl.RaftServerImpl (RaftServerImpl.java:setRole(184)) - 6ef27e9c-8ddb-4fa1-8c14-ab102acfb1b8@group-F11756C8BA4A: changes role from  FOLLOWER to FOLLOWER at term 221 for recognizeCandidate:b75f8b2e-6273-4c97-b7c5-042674931d23
2019-10-20 18:18:57,394 [grpc-default-executor-10] INFO  impl.RoleInfo (RoleInfo.java:shutdownFollowerState(121)) - 6ef27e9c-8ddb-4fa1-8c14-ab102acfb1b8: shutdown FollowerState
2019-10-20 18:18:57,394 [grpc-default-executor-10] INFO  impl.RoleInfo (RoleInfo.java:updateAndGet(143)) - 6ef27e9c-8ddb-4fa1-8c14-ab102acfb1b8: start FollowerState
2019-10-20 18:18:57,394 [Thread-3098] INFO  impl.FollowerState (FollowerState.java:run(117)) - 6ef27e9c-8ddb-4fa1-8c14-ab102acfb1b8@group-F11756C8BA4A-FollowerState was interrupted: java.lang.InterruptedException: sleep interrupted
2019-10-20 18:18:57,408 [Thread-3104] INFO  impl.FollowerState (FollowerState.java:run(108)) - 399079f7-1eb1-4f37-b003-267572525934@group-D40A05E2FCF9-FollowerState: change to CANDIDATE, lastRpcTime:68ms, electionTimeout:68ms
2019-10-20 18:18:57,408 [Thread-3104] INFO  impl.RoleInfo (RoleInfo.java:shutdownFollowerState(121)) - 399079f7-1eb1-4f37-b003-267572525934: shutdown FollowerState
2019-10-20 18:18:57,408 [Thread-3104] INFO  impl.RaftServerImpl (RaftServerImpl.java:setRole(184)) - 399079f7-1eb1-4f37-b003-267572525934@group-D40A05E2FCF9: changes role from  FOLLOWER to CANDIDATE at term 221 for changeToCandidate
2019-10-20 18:18:57,409 [Thread-3104] INFO  impl.RoleInfo (RoleInfo.java:updateAndGet(143)) - 399079f7-1eb1-4f37-b003-267572525934: start LeaderElection
2019-10-20 18:18:57,423 [b75f8b2e-6273-4c97-b7c5-042674931d23@group-F11756C8BA4A-LeaderElection389] INFO  impl.LeaderElection (LeaderElection.java:logAndReturn(56)) - b75f8b2e-6273-4c97-b7c5-042674931d23@group-F11756C8BA4A-LeaderElection389: Election REJECTED; received 1 response(s) [b75f8b2e-6273-4c97-b7c5-042674931d23<-6ef27e9c-8ddb-4fa1-8c14-ab102acfb1b8#0:FAIL-t221] and 1 exception(s); b75f8b2e-6273-4c97-b7c5-042674931d23@group-F11756C8BA4A:t221, leader=null, voted=b75f8b2e-6273-4c97-b7c5-042674931d23, raftlog=b75f8b2e-6273-4c97-b7c5-042674931d23@group-F11756C8BA4A-SegmentedRaftLog:OPENED:c-1,f-1,i0, conf=-1: [6ef27e9c-8ddb-4fa1-8c14-ab102acfb1b8:192.168.164.241:38092, b75f8b2e-6273-4c97-b7c5-042674931d23:192.168.164.241:41857, 3750b3a2-715b-46b3-9d0c-9e38136244b9:192.168.164.241:46227], old=null
2019-10-20 18:18:57,423 [b75f8b2e-6273-4c97-b7c5-042674931d23@group-F11756C8BA4A-LeaderElection389] INFO  impl.LeaderElection (LogUtils.java:infoOrTrace(149)) -   Exception 0: {}
java.util.concurrent.ExecutionException: org.apache.ratis.thirdparty.io.grpc.StatusRuntimeException: UNAVAILABLE: io exception
	at java.util.concurrent.FutureTask.report(FutureTask.java:122)
	at java.util.concurrent.FutureTask.get(FutureTask.java:192)
	at org.apache.ratis.server.impl.LeaderElection.waitForResults(LeaderElection.java:259)
	at org.apache.ratis.server.impl.LeaderElection.askForVotes(LeaderElection.java:197)
	at org.apache.ratis.server.impl.LeaderElection.run(LeaderElection.java:133)
	at java.lang.Thread.run(Thread.java:748)
Caused by: org.apache.ratis.thirdparty.io.grpc.StatusRuntimeException: UNAVAILABLE: io exception
	at org.apache.ratis.thirdparty.io.grpc.stub.ClientCalls.toStatusRuntimeException(ClientCalls.java:233)
	at org.apache.ratis.thirdparty.io.grpc.stub.ClientCalls.getUnchecked(ClientCalls.java:214)
	at org.apache.ratis.thirdparty.io.grpc.stub.ClientCalls.blockingUnaryCall(ClientCalls.java:139)
	at org.apache.ratis.proto.grpc.RaftServerProtocolServiceGrpc$RaftServerProtocolServiceBlockingStub.requestVote(RaftServerProtocolServiceGrpc.java:265)
	at org.apache.ratis.grpc.server.GrpcServerProtocolClient.requestVote(GrpcServerProtocolClient.java:99)
	at org.apache.ratis.grpc.server.GrpcService.requestVote(GrpcService.java:204)
	at org.apache.ratis.server.impl.LeaderElection.lambda$submitRequests$1(LeaderElection.java:234)
	at java.util.concurrent.FutureTask.run(FutureTask.java:266)
	at java.util.concurrent.Executors$RunnableAdapter.call(Executors.java:511)
	at java.util.concurrent.FutureTask.run(FutureTask.java:266)
	at java.util.concurrent.ThreadPoolExecutor.runWorker(ThreadPoolExecutor.java:1149)
	at java.util.concurrent.ThreadPoolExecutor$Worker.run(ThreadPoolExecutor.java:624)
	... 1 more
Caused by: org.apache.ratis.thirdparty.io.netty.channel.AbstractChannel$AnnotatedConnectException: Connection refused: /192.168.164.241:46227
	at sun.nio.ch.SocketChannelImpl.checkConnect(Native Method)
	at sun.nio.ch.SocketChannelImpl.finishConnect(SocketChannelImpl.java:717)
	at org.apache.ratis.thirdparty.io.netty.channel.socket.nio.NioSocketChannel.doFinishConnect(NioSocketChannel.java:327)
	at org.apache.ratis.thirdparty.io.netty.channel.nio.AbstractNioChannel$AbstractNioUnsafe.finishConnect(AbstractNioChannel.java:340)
	at org.apache.ratis.thirdparty.io.netty.channel.nio.NioEventLoop.processSelectedKey(NioEventLoop.java:632)
	at org.apache.ratis.thirdparty.io.netty.channel.nio.NioEventLoop.processSelectedKeysOptimized(NioEventLoop.java:579)
	at org.apache.ratis.thirdparty.io.netty.channel.nio.NioEventLoop.processSelectedKeys(NioEventLoop.java:496)
	at org.apache.ratis.thirdparty.io.netty.channel.nio.NioEventLoop.run(NioEventLoop.java:458)
	at org.apache.ratis.thirdparty.io.netty.util.concurrent.SingleThreadEventExecutor$5.run(SingleThreadEventExecutor.java:897)
	at org.apache.ratis.thirdparty.io.netty.util.concurrent.FastThreadLocalRunnable.run(FastThreadLocalRunnable.java:30)
	... 1 more
Caused by: java.net.ConnectException: Connection refused
	... 11 more
2019-10-20 18:18:57,423 [b75f8b2e-6273-4c97-b7c5-042674931d23@group-F11756C8BA4A-LeaderElection389] INFO  impl.RaftServerImpl (RaftServerImpl.java:setRole(184)) - b75f8b2e-6273-4c97-b7c5-042674931d23@group-F11756C8BA4A: changes role from CANDIDATE to FOLLOWER at term 221 for DISCOVERED_A_NEW_TERM
2019-10-20 18:18:57,423 [b75f8b2e-6273-4c97-b7c5-042674931d23@group-F11756C8BA4A-LeaderElection389] INFO  impl.RoleInfo (RoleInfo.java:shutdownLeaderElection(134)) - b75f8b2e-6273-4c97-b7c5-042674931d23: shutdown LeaderElection
2019-10-20 18:18:57,424 [b75f8b2e-6273-4c97-b7c5-042674931d23@group-F11756C8BA4A-LeaderElection389] INFO  impl.RoleInfo (RoleInfo.java:updateAndGet(143)) - b75f8b2e-6273-4c97-b7c5-042674931d23: start FollowerState
2019-10-20 18:18:57,440 [399079f7-1eb1-4f37-b003-267572525934@group-D40A05E2FCF9-LeaderElection390] INFO  impl.LeaderElection (LeaderElection.java:askForVotes(178)) - 399079f7-1eb1-4f37-b003-267572525934@group-D40A05E2FCF9-LeaderElection390: begin an election at term 222 for -1: [399079f7-1eb1-4f37-b003-267572525934:192.168.164.241:37762, 7a43c46a-fc88-4b2d-b2da-ae029cfa60ff:192.168.164.241:43684, 6c5c38af-62e6-4ea7-a24a-078dcb28fb39:192.168.164.241:45428], old=null
2019-10-20 18:18:57,441 [grpc-default-executor-10] INFO  impl.RaftServerImpl (RaftServerImpl.java:setRole(184)) - 7a43c46a-fc88-4b2d-b2da-ae029cfa60ff@group-D40A05E2FCF9: changes role from  FOLLOWER to FOLLOWER at term 222 for recognizeCandidate:399079f7-1eb1-4f37-b003-267572525934
2019-10-20 18:18:57,441 [grpc-default-executor-7] INFO  impl.RaftServerImpl (RaftServerImpl.java:setRole(184)) - 6c5c38af-62e6-4ea7-a24a-078dcb28fb39@group-D40A05E2FCF9: changes role from  FOLLOWER to FOLLOWER at term 222 for recognizeCandidate:399079f7-1eb1-4f37-b003-267572525934
2019-10-20 18:18:57,441 [grpc-default-executor-10] INFO  impl.RoleInfo (RoleInfo.java:shutdownFollowerState(121)) - 7a43c46a-fc88-4b2d-b2da-ae029cfa60ff: shutdown FollowerState
2019-10-20 18:18:57,441 [grpc-default-executor-7] INFO  impl.RoleInfo (RoleInfo.java:shutdownFollowerState(121)) - 6c5c38af-62e6-4ea7-a24a-078dcb28fb39: shutdown FollowerState
2019-10-20 18:18:57,441 [Thread-3102] INFO  impl.FollowerState (FollowerState.java:run(117)) - 7a43c46a-fc88-4b2d-b2da-ae029cfa60ff@group-D40A05E2FCF9-FollowerState was interrupted: java.lang.InterruptedException: sleep interrupted
2019-10-20 18:18:57,441 [grpc-default-executor-10] INFO  impl.RoleInfo (RoleInfo.java:updateAndGet(143)) - 7a43c46a-fc88-4b2d-b2da-ae029cfa60ff: start FollowerState
2019-10-20 18:18:57,442 [Thread-3103] INFO  impl.FollowerState (FollowerState.java:run(117)) - 6c5c38af-62e6-4ea7-a24a-078dcb28fb39@group-D40A05E2FCF9-FollowerState was interrupted: java.lang.InterruptedException: sleep interrupted
2019-10-20 18:18:57,442 [grpc-default-executor-7] INFO  impl.RoleInfo (RoleInfo.java:updateAndGet(143)) - 6c5c38af-62e6-4ea7-a24a-078dcb28fb39: start FollowerState
2019-10-20 18:18:57,466 [399079f7-1eb1-4f37-b003-267572525934@group-D40A05E2FCF9-LeaderElection390] INFO  impl.LeaderElection (LeaderElection.java:logAndReturn(56)) - 399079f7-1eb1-4f37-b003-267572525934@group-D40A05E2FCF9-LeaderElection390: Election REJECTED; received 2 response(s) [399079f7-1eb1-4f37-b003-267572525934<-7a43c46a-fc88-4b2d-b2da-ae029cfa60ff#0:FAIL-t222, 399079f7-1eb1-4f37-b003-267572525934<-6c5c38af-62e6-4ea7-a24a-078dcb28fb39#0:FAIL-t222] and 0 exception(s); 399079f7-1eb1-4f37-b003-267572525934@group-D40A05E2FCF9:t222, leader=null, voted=399079f7-1eb1-4f37-b003-267572525934, raftlog=399079f7-1eb1-4f37-b003-267572525934@group-D40A05E2FCF9-SegmentedRaftLog:OPENED:c-1,f-1,i0, conf=-1: [399079f7-1eb1-4f37-b003-267572525934:192.168.164.241:37762, 7a43c46a-fc88-4b2d-b2da-ae029cfa60ff:192.168.164.241:43684, 6c5c38af-62e6-4ea7-a24a-078dcb28fb39:192.168.164.241:45428], old=null
2019-10-20 18:18:57,466 [399079f7-1eb1-4f37-b003-267572525934@group-D40A05E2FCF9-LeaderElection390] INFO  impl.RaftServerImpl (RaftServerImpl.java:setRole(184)) - 399079f7-1eb1-4f37-b003-267572525934@group-D40A05E2FCF9: changes role from CANDIDATE to FOLLOWER at term 222 for DISCOVERED_A_NEW_TERM
2019-10-20 18:18:57,466 [399079f7-1eb1-4f37-b003-267572525934@group-D40A05E2FCF9-LeaderElection390] INFO  impl.RoleInfo (RoleInfo.java:shutdownLeaderElection(134)) - 399079f7-1eb1-4f37-b003-267572525934: shutdown LeaderElection
2019-10-20 18:18:57,466 [399079f7-1eb1-4f37-b003-267572525934@group-D40A05E2FCF9-LeaderElection390] INFO  impl.RoleInfo (RoleInfo.java:updateAndGet(143)) - 399079f7-1eb1-4f37-b003-267572525934: start FollowerState
2019-10-20 18:18:57,520 [Thread-3115] INFO  impl.FollowerState (FollowerState.java:run(108)) - 399079f7-1eb1-4f37-b003-267572525934@group-D40A05E2FCF9-FollowerState: change to CANDIDATE, lastRpcTime:54ms, electionTimeout:54ms
2019-10-20 18:18:57,521 [Thread-3115] INFO  impl.RoleInfo (RoleInfo.java:shutdownFollowerState(121)) - 399079f7-1eb1-4f37-b003-267572525934: shutdown FollowerState
2019-10-20 18:18:57,521 [Thread-3115] INFO  impl.RaftServerImpl (RaftServerImpl.java:setRole(184)) - 399079f7-1eb1-4f37-b003-267572525934@group-D40A05E2FCF9: changes role from  FOLLOWER to CANDIDATE at term 222 for changeToCandidate
2019-10-20 18:18:57,521 [Thread-3115] INFO  impl.RoleInfo (RoleInfo.java:updateAndGet(143)) - 399079f7-1eb1-4f37-b003-267572525934: start LeaderElection
2019-10-20 18:18:57,550 [399079f7-1eb1-4f37-b003-267572525934@group-D40A05E2FCF9-LeaderElection391] INFO  impl.LeaderElection (LeaderElection.java:askForVotes(178)) - 399079f7-1eb1-4f37-b003-267572525934@group-D40A05E2FCF9-LeaderElection391: begin an election at term 223 for -1: [399079f7-1eb1-4f37-b003-267572525934:192.168.164.241:37762, 7a43c46a-fc88-4b2d-b2da-ae029cfa60ff:192.168.164.241:43684, 6c5c38af-62e6-4ea7-a24a-078dcb28fb39:192.168.164.241:45428], old=null
2019-10-20 18:18:57,551 [grpc-default-executor-10] INFO  impl.RaftServerImpl (RaftServerImpl.java:setRole(184)) - 7a43c46a-fc88-4b2d-b2da-ae029cfa60ff@group-D40A05E2FCF9: changes role from  FOLLOWER to FOLLOWER at term 223 for recognizeCandidate:399079f7-1eb1-4f37-b003-267572525934
2019-10-20 18:18:57,551 [grpc-default-executor-7] INFO  impl.RaftServerImpl (RaftServerImpl.java:setRole(184)) - 6c5c38af-62e6-4ea7-a24a-078dcb28fb39@group-D40A05E2FCF9: changes role from  FOLLOWER to FOLLOWER at term 223 for recognizeCandidate:399079f7-1eb1-4f37-b003-267572525934
2019-10-20 18:18:57,551 [grpc-default-executor-10] INFO  impl.RoleInfo (RoleInfo.java:shutdownFollowerState(121)) - 7a43c46a-fc88-4b2d-b2da-ae029cfa60ff: shutdown FollowerState
2019-10-20 18:18:57,552 [grpc-default-executor-7] INFO  impl.RoleInfo (RoleInfo.java:shutdownFollowerState(121)) - 6c5c38af-62e6-4ea7-a24a-078dcb28fb39: shutdown FollowerState
2019-10-20 18:18:57,552 [Thread-3113] INFO  impl.FollowerState (FollowerState.java:run(117)) - 7a43c46a-fc88-4b2d-b2da-ae029cfa60ff@group-D40A05E2FCF9-FollowerState was interrupted: java.lang.InterruptedException: sleep interrupted
2019-10-20 18:18:57,552 [grpc-default-executor-10] INFO  impl.RoleInfo (RoleInfo.java:updateAndGet(143)) - 7a43c46a-fc88-4b2d-b2da-ae029cfa60ff: start FollowerState
2019-10-20 18:18:57,552 [Thread-3114] INFO  impl.FollowerState (FollowerState.java:run(117)) - 6c5c38af-62e6-4ea7-a24a-078dcb28fb39@group-D40A05E2FCF9-FollowerState was interrupted: java.lang.InterruptedException: sleep interrupted
2019-10-20 18:18:57,552 [grpc-default-executor-7] INFO  impl.RoleInfo (RoleInfo.java:updateAndGet(143)) - 6c5c38af-62e6-4ea7-a24a-078dcb28fb39: start FollowerState
2019-10-20 18:18:57,576 [399079f7-1eb1-4f37-b003-267572525934@group-D40A05E2FCF9-LeaderElection391] INFO  impl.LeaderElection (LeaderElection.java:logAndReturn(56)) - 399079f7-1eb1-4f37-b003-267572525934@group-D40A05E2FCF9-LeaderElection391: Election REJECTED; received 2 response(s) [399079f7-1eb1-4f37-b003-267572525934<-7a43c46a-fc88-4b2d-b2da-ae029cfa60ff#0:FAIL-t223, 399079f7-1eb1-4f37-b003-267572525934<-6c5c38af-62e6-4ea7-a24a-078dcb28fb39#0:FAIL-t223] and 0 exception(s); 399079f7-1eb1-4f37-b003-267572525934@group-D40A05E2FCF9:t223, leader=null, voted=399079f7-1eb1-4f37-b003-267572525934, raftlog=399079f7-1eb1-4f37-b003-267572525934@group-D40A05E2FCF9-SegmentedRaftLog:OPENED:c-1,f-1,i0, conf=-1: [399079f7-1eb1-4f37-b003-267572525934:192.168.164.241:37762, 7a43c46a-fc88-4b2d-b2da-ae029cfa60ff:192.168.164.241:43684, 6c5c38af-62e6-4ea7-a24a-078dcb28fb39:192.168.164.241:45428], old=null
2019-10-20 18:18:57,576 [399079f7-1eb1-4f37-b003-267572525934@group-D40A05E2FCF9-LeaderElection391] INFO  impl.RaftServerImpl (RaftServerImpl.java:setRole(184)) - 399079f7-1eb1-4f37-b003-267572525934@group-D40A05E2FCF9: changes role from CANDIDATE to FOLLOWER at term 223 for DISCOVERED_A_NEW_TERM
2019-10-20 18:18:57,576 [399079f7-1eb1-4f37-b003-267572525934@group-D40A05E2FCF9-LeaderElection391] INFO  impl.RoleInfo (RoleInfo.java:shutdownLeaderElection(134)) - 399079f7-1eb1-4f37-b003-267572525934: shutdown LeaderElection
2019-10-20 18:18:57,576 [399079f7-1eb1-4f37-b003-267572525934@group-D40A05E2FCF9-LeaderElection391] INFO  impl.RoleInfo (RoleInfo.java:updateAndGet(143)) - 399079f7-1eb1-4f37-b003-267572525934: start FollowerState
2019-10-20 18:18:57,596 [Thread-3110] INFO  impl.FollowerState (FollowerState.java:run(108)) - b75f8b2e-6273-4c97-b7c5-042674931d23@group-F11756C8BA4A-FollowerState: change to CANDIDATE, lastRpcTime:172ms, electionTimeout:172ms
2019-10-20 18:18:57,596 [Thread-3110] INFO  impl.RoleInfo (RoleInfo.java:shutdownFollowerState(121)) - b75f8b2e-6273-4c97-b7c5-042674931d23: shutdown FollowerState
2019-10-20 18:18:57,596 [Thread-3110] INFO  impl.RaftServerImpl (RaftServerImpl.java:setRole(184)) - b75f8b2e-6273-4c97-b7c5-042674931d23@group-F11756C8BA4A: changes role from  FOLLOWER to CANDIDATE at term 221 for changeToCandidate
2019-10-20 18:18:57,596 [Thread-3110] INFO  impl.RoleInfo (RoleInfo.java:updateAndGet(143)) - b75f8b2e-6273-4c97-b7c5-042674931d23: start LeaderElection
2019-10-20 18:18:57,618 [b75f8b2e-6273-4c97-b7c5-042674931d23@group-F11756C8BA4A-LeaderElection392] INFO  impl.LeaderElection (LeaderElection.java:askForVotes(178)) - b75f8b2e-6273-4c97-b7c5-042674931d23@group-F11756C8BA4A-LeaderElection392: begin an election at term 222 for -1: [6ef27e9c-8ddb-4fa1-8c14-ab102acfb1b8:192.168.164.241:38092, b75f8b2e-6273-4c97-b7c5-042674931d23:192.168.164.241:41857, 3750b3a2-715b-46b3-9d0c-9e38136244b9:192.168.164.241:46227], old=null
2019-10-20 18:18:57,619 [b75f8b2e-6273-4c97-b7c5-042674931d23@group-F11756C8BA4A-LeaderElection392] INFO  impl.LeaderElection (LogUtils.java:infoOrTrace(149)) - b75f8b2e-6273-4c97-b7c5-042674931d23@group-F11756C8BA4A-LeaderElection392 got exception when requesting votes: {}
java.util.concurrent.ExecutionException: org.apache.ratis.thirdparty.io.grpc.StatusRuntimeException: UNAVAILABLE: io exception
	at java.util.concurrent.FutureTask.report(FutureTask.java:122)
	at java.util.concurrent.FutureTask.get(FutureTask.java:192)
	at org.apache.ratis.server.impl.LeaderElection.waitForResults(LeaderElection.java:259)
	at org.apache.ratis.server.impl.LeaderElection.askForVotes(LeaderElection.java:197)
	at org.apache.ratis.server.impl.LeaderElection.run(LeaderElection.java:133)
	at java.lang.Thread.run(Thread.java:748)
Caused by: org.apache.ratis.thirdparty.io.grpc.StatusRuntimeException: UNAVAILABLE: io exception
	at org.apache.ratis.thirdparty.io.grpc.stub.ClientCalls.toStatusRuntimeException(ClientCalls.java:233)
	at org.apache.ratis.thirdparty.io.grpc.stub.ClientCalls.getUnchecked(ClientCalls.java:214)
	at org.apache.ratis.thirdparty.io.grpc.stub.ClientCalls.blockingUnaryCall(ClientCalls.java:139)
	at org.apache.ratis.proto.grpc.RaftServerProtocolServiceGrpc$RaftServerProtocolServiceBlockingStub.requestVote(RaftServerProtocolServiceGrpc.java:265)
	at org.apache.ratis.grpc.server.GrpcServerProtocolClient.requestVote(GrpcServerProtocolClient.java:99)
	at org.apache.ratis.grpc.server.GrpcService.requestVote(GrpcService.java:204)
	at org.apache.ratis.server.impl.LeaderElection.lambda$submitRequests$1(LeaderElection.java:234)
	at java.util.concurrent.FutureTask.run(FutureTask.java:266)
	at java.util.concurrent.Executors$RunnableAdapter.call(Executors.java:511)
	at java.util.concurrent.FutureTask.run(FutureTask.java:266)
	at java.util.concurrent.ThreadPoolExecutor.runWorker(ThreadPoolExecutor.java:1149)
	at java.util.concurrent.ThreadPoolExecutor$Worker.run(ThreadPoolExecutor.java:624)
	... 1 more
Caused by: org.apache.ratis.thirdparty.io.netty.channel.AbstractChannel$AnnotatedConnectException: Connection refused: /192.168.164.241:46227
	at sun.nio.ch.SocketChannelImpl.checkConnect(Native Method)
	at sun.nio.ch.SocketChannelImpl.finishConnect(SocketChannelImpl.java:717)
	at org.apache.ratis.thirdparty.io.netty.channel.socket.nio.NioSocketChannel.doFinishConnect(NioSocketChannel.java:327)
	at org.apache.ratis.thirdparty.io.netty.channel.nio.AbstractNioChannel$AbstractNioUnsafe.finishConnect(AbstractNioChannel.java:340)
	at org.apache.ratis.thirdparty.io.netty.channel.nio.NioEventLoop.processSelectedKey(NioEventLoop.java:632)
	at org.apache.ratis.thirdparty.io.netty.channel.nio.NioEventLoop.processSelectedKeysOptimized(NioEventLoop.java:579)
	at org.apache.ratis.thirdparty.io.netty.channel.nio.NioEventLoop.processSelectedKeys(NioEventLoop.java:496)
	at org.apache.ratis.thirdparty.io.netty.channel.nio.NioEventLoop.run(NioEventLoop.java:458)
	at org.apache.ratis.thirdparty.io.netty.util.concurrent.SingleThreadEventExecutor$5.run(SingleThreadEventExecutor.java:897)
	at org.apache.ratis.thirdparty.io.netty.util.concurrent.FastThreadLocalRunnable.run(FastThreadLocalRunnable.java:30)
	... 1 more
Caused by: java.net.ConnectException: Connection refused
	... 11 more
2019-10-20 18:18:57,623 [grpc-default-executor-7] INFO  impl.RaftServerImpl (RaftServerImpl.java:setRole(184)) - 6ef27e9c-8ddb-4fa1-8c14-ab102acfb1b8@group-F11756C8BA4A: changes role from  FOLLOWER to FOLLOWER at term 222 for recognizeCandidate:b75f8b2e-6273-4c97-b7c5-042674931d23
2019-10-20 18:18:57,624 [grpc-default-executor-7] INFO  impl.RoleInfo (RoleInfo.java:shutdownFollowerState(121)) - 6ef27e9c-8ddb-4fa1-8c14-ab102acfb1b8: shutdown FollowerState
2019-10-20 18:18:57,624 [grpc-default-executor-7] INFO  impl.RoleInfo (RoleInfo.java:updateAndGet(143)) - 6ef27e9c-8ddb-4fa1-8c14-ab102acfb1b8: start FollowerState
2019-10-20 18:18:57,624 [Thread-3108] INFO  impl.FollowerState (FollowerState.java:run(117)) - 6ef27e9c-8ddb-4fa1-8c14-ab102acfb1b8@group-F11756C8BA4A-FollowerState was interrupted: java.lang.InterruptedException: sleep interrupted
2019-10-20 18:18:57,653 [b75f8b2e-6273-4c97-b7c5-042674931d23@group-F11756C8BA4A-LeaderElection392] INFO  impl.LeaderElection (LeaderElection.java:logAndReturn(56)) - b75f8b2e-6273-4c97-b7c5-042674931d23@group-F11756C8BA4A-LeaderElection392: Election REJECTED; received 1 response(s) [b75f8b2e-6273-4c97-b7c5-042674931d23<-6ef27e9c-8ddb-4fa1-8c14-ab102acfb1b8#0:FAIL-t222] and 1 exception(s); b75f8b2e-6273-4c97-b7c5-042674931d23@group-F11756C8BA4A:t222, leader=null, voted=b75f8b2e-6273-4c97-b7c5-042674931d23, raftlog=b75f8b2e-6273-4c97-b7c5-042674931d23@group-F11756C8BA4A-SegmentedRaftLog:OPENED:c-1,f-1,i0, conf=-1: [6ef27e9c-8ddb-4fa1-8c14-ab102acfb1b8:192.168.164.241:38092, b75f8b2e-6273-4c97-b7c5-042674931d23:192.168.164.241:41857, 3750b3a2-715b-46b3-9d0c-9e38136244b9:192.168.164.241:46227], old=null
2019-10-20 18:18:57,653 [b75f8b2e-6273-4c97-b7c5-042674931d23@group-F11756C8BA4A-LeaderElection392] INFO  impl.LeaderElection (LogUtils.java:infoOrTrace(149)) -   Exception 0: {}
java.util.concurrent.ExecutionException: org.apache.ratis.thirdparty.io.grpc.StatusRuntimeException: UNAVAILABLE: io exception
	at java.util.concurrent.FutureTask.report(FutureTask.java:122)
	at java.util.concurrent.FutureTask.get(FutureTask.java:192)
	at org.apache.ratis.server.impl.LeaderElection.waitForResults(LeaderElection.java:259)
	at org.apache.ratis.server.impl.LeaderElection.askForVotes(LeaderElection.java:197)
	at org.apache.ratis.server.impl.LeaderElection.run(LeaderElection.java:133)
	at java.lang.Thread.run(Thread.java:748)
Caused by: org.apache.ratis.thirdparty.io.grpc.StatusRuntimeException: UNAVAILABLE: io exception
	at org.apache.ratis.thirdparty.io.grpc.stub.ClientCalls.toStatusRuntimeException(ClientCalls.java:233)
	at org.apache.ratis.thirdparty.io.grpc.stub.ClientCalls.getUnchecked(ClientCalls.java:214)
	at org.apache.ratis.thirdparty.io.grpc.stub.ClientCalls.blockingUnaryCall(ClientCalls.java:139)
	at org.apache.ratis.proto.grpc.RaftServerProtocolServiceGrpc$RaftServerProtocolServiceBlockingStub.requestVote(RaftServerProtocolServiceGrpc.java:265)
	at org.apache.ratis.grpc.server.GrpcServerProtocolClient.requestVote(GrpcServerProtocolClient.java:99)
	at org.apache.ratis.grpc.server.GrpcService.requestVote(GrpcService.java:204)
	at org.apache.ratis.server.impl.LeaderElection.lambda$submitRequests$1(LeaderElection.java:234)
	at java.util.concurrent.FutureTask.run(FutureTask.java:266)
	at java.util.concurrent.Executors$RunnableAdapter.call(Executors.java:511)
	at java.util.concurrent.FutureTask.run(FutureTask.java:266)
	at java.util.concurrent.ThreadPoolExecutor.runWorker(ThreadPoolExecutor.java:1149)
	at java.util.concurrent.ThreadPoolExecutor$Worker.run(ThreadPoolExecutor.java:624)
	... 1 more
Caused by: org.apache.ratis.thirdparty.io.netty.channel.AbstractChannel$AnnotatedConnectException: Connection refused: /192.168.164.241:46227
	at sun.nio.ch.SocketChannelImpl.checkConnect(Native Method)
	at sun.nio.ch.SocketChannelImpl.finishConnect(SocketChannelImpl.java:717)
	at org.apache.ratis.thirdparty.io.netty.channel.socket.nio.NioSocketChannel.doFinishConnect(NioSocketChannel.java:327)
	at org.apache.ratis.thirdparty.io.netty.channel.nio.AbstractNioChannel$AbstractNioUnsafe.finishConnect(AbstractNioChannel.java:340)
	at org.apache.ratis.thirdparty.io.netty.channel.nio.NioEventLoop.processSelectedKey(NioEventLoop.java:632)
	at org.apache.ratis.thirdparty.io.netty.channel.nio.NioEventLoop.processSelectedKeysOptimized(NioEventLoop.java:579)
	at org.apache.ratis.thirdparty.io.netty.channel.nio.NioEventLoop.processSelectedKeys(NioEventLoop.java:496)
	at org.apache.ratis.thirdparty.io.netty.channel.nio.NioEventLoop.run(NioEventLoop.java:458)
	at org.apache.ratis.thirdparty.io.netty.util.concurrent.SingleThreadEventExecutor$5.run(SingleThreadEventExecutor.java:897)
	at org.apache.ratis.thirdparty.io.netty.util.concurrent.FastThreadLocalRunnable.run(FastThreadLocalRunnable.java:30)
	... 1 more
Caused by: java.net.ConnectException: Connection refused
	... 11 more
2019-10-20 18:18:57,653 [b75f8b2e-6273-4c97-b7c5-042674931d23@group-F11756C8BA4A-LeaderElection392] INFO  impl.RaftServerImpl (RaftServerImpl.java:setRole(184)) - b75f8b2e-6273-4c97-b7c5-042674931d23@group-F11756C8BA4A: changes role from CANDIDATE to FOLLOWER at term 222 for DISCOVERED_A_NEW_TERM
2019-10-20 18:18:57,654 [b75f8b2e-6273-4c97-b7c5-042674931d23@group-F11756C8BA4A-LeaderElection392] INFO  impl.RoleInfo (RoleInfo.java:shutdownLeaderElection(134)) - b75f8b2e-6273-4c97-b7c5-042674931d23: shutdown LeaderElection
2019-10-20 18:18:57,654 [b75f8b2e-6273-4c97-b7c5-042674931d23@group-F11756C8BA4A-LeaderElection392] INFO  impl.RoleInfo (RoleInfo.java:updateAndGet(143)) - b75f8b2e-6273-4c97-b7c5-042674931d23: start FollowerState
2019-10-20 18:18:57,738 [Thread-3126] INFO  impl.FollowerState (FollowerState.java:run(108)) - b75f8b2e-6273-4c97-b7c5-042674931d23@group-F11756C8BA4A-FollowerState: change to CANDIDATE, lastRpcTime:84ms, electionTimeout:84ms
2019-10-20 18:18:57,738 [Thread-3126] INFO  impl.RoleInfo (RoleInfo.java:shutdownFollowerState(121)) - b75f8b2e-6273-4c97-b7c5-042674931d23: shutdown FollowerState
2019-10-20 18:18:57,738 [Thread-3126] INFO  impl.RaftServerImpl (RaftServerImpl.java:setRole(184)) - b75f8b2e-6273-4c97-b7c5-042674931d23@group-F11756C8BA4A: changes role from  FOLLOWER to CANDIDATE at term 222 for changeToCandidate
2019-10-20 18:18:57,739 [Thread-3126] INFO  impl.RoleInfo (RoleInfo.java:updateAndGet(143)) - b75f8b2e-6273-4c97-b7c5-042674931d23: start LeaderElection
2019-10-20 18:18:57,762 [b75f8b2e-6273-4c97-b7c5-042674931d23@group-F11756C8BA4A-LeaderElection393] INFO  impl.LeaderElection (LeaderElection.java:askForVotes(178)) - b75f8b2e-6273-4c97-b7c5-042674931d23@group-F11756C8BA4A-LeaderElection393: begin an election at term 223 for -1: [6ef27e9c-8ddb-4fa1-8c14-ab102acfb1b8:192.168.164.241:38092, b75f8b2e-6273-4c97-b7c5-042674931d23:192.168.164.241:41857, 3750b3a2-715b-46b3-9d0c-9e38136244b9:192.168.164.241:46227], old=null
2019-10-20 18:18:57,763 [b75f8b2e-6273-4c97-b7c5-042674931d23@group-F11756C8BA4A-LeaderElection393] INFO  impl.LeaderElection (LogUtils.java:infoOrTrace(149)) - b75f8b2e-6273-4c97-b7c5-042674931d23@group-F11756C8BA4A-LeaderElection393 got exception when requesting votes: {}
java.util.concurrent.ExecutionException: org.apache.ratis.thirdparty.io.grpc.StatusRuntimeException: UNAVAILABLE: io exception
	at java.util.concurrent.FutureTask.report(FutureTask.java:122)
	at java.util.concurrent.FutureTask.get(FutureTask.java:192)
	at org.apache.ratis.server.impl.LeaderElection.waitForResults(LeaderElection.java:259)
	at org.apache.ratis.server.impl.LeaderElection.askForVotes(LeaderElection.java:197)
	at org.apache.ratis.server.impl.LeaderElection.run(LeaderElection.java:133)
	at java.lang.Thread.run(Thread.java:748)
Caused by: org.apache.ratis.thirdparty.io.grpc.StatusRuntimeException: UNAVAILABLE: io exception
	at org.apache.ratis.thirdparty.io.grpc.stub.ClientCalls.toStatusRuntimeException(ClientCalls.java:233)
	at org.apache.ratis.thirdparty.io.grpc.stub.ClientCalls.getUnchecked(ClientCalls.java:214)
	at org.apache.ratis.thirdparty.io.grpc.stub.ClientCalls.blockingUnaryCall(ClientCalls.java:139)
	at org.apache.ratis.proto.grpc.RaftServerProtocolServiceGrpc$RaftServerProtocolServiceBlockingStub.requestVote(RaftServerProtocolServiceGrpc.java:265)
	at org.apache.ratis.grpc.server.GrpcServerProtocolClient.requestVote(GrpcServerProtocolClient.java:99)
	at org.apache.ratis.grpc.server.GrpcService.requestVote(GrpcService.java:204)
	at org.apache.ratis.server.impl.LeaderElection.lambda$submitRequests$1(LeaderElection.java:234)
	at java.util.concurrent.FutureTask.run(FutureTask.java:266)
	at java.util.concurrent.Executors$RunnableAdapter.call(Executors.java:511)
	at java.util.concurrent.FutureTask.run(FutureTask.java:266)
	at java.util.concurrent.ThreadPoolExecutor.runWorker(ThreadPoolExecutor.java:1149)
	at java.util.concurrent.ThreadPoolExecutor$Worker.run(ThreadPoolExecutor.java:624)
	... 1 more
Caused by: org.apache.ratis.thirdparty.io.netty.channel.AbstractChannel$AnnotatedConnectException: Connection refused: /192.168.164.241:46227
	at sun.nio.ch.SocketChannelImpl.checkConnect(Native Method)
	at sun.nio.ch.SocketChannelImpl.finishConnect(SocketChannelImpl.java:717)
	at org.apache.ratis.thirdparty.io.netty.channel.socket.nio.NioSocketChannel.doFinishConnect(NioSocketChannel.java:327)
	at org.apache.ratis.thirdparty.io.netty.channel.nio.AbstractNioChannel$AbstractNioUnsafe.finishConnect(AbstractNioChannel.java:340)
	at org.apache.ratis.thirdparty.io.netty.channel.nio.NioEventLoop.processSelectedKey(NioEventLoop.java:632)
	at org.apache.ratis.thirdparty.io.netty.channel.nio.NioEventLoop.processSelectedKeysOptimized(NioEventLoop.java:579)
	at org.apache.ratis.thirdparty.io.netty.channel.nio.NioEventLoop.processSelectedKeys(NioEventLoop.java:496)
	at org.apache.ratis.thirdparty.io.netty.channel.nio.NioEventLoop.run(NioEventLoop.java:458)
	at org.apache.ratis.thirdparty.io.netty.util.concurrent.SingleThreadEventExecutor$5.run(SingleThreadEventExecutor.java:897)
	at org.apache.ratis.thirdparty.io.netty.util.concurrent.FastThreadLocalRunnable.run(FastThreadLocalRunnable.java:30)
	... 1 more
Caused by: java.net.ConnectException: Connection refused
	... 11 more
2019-10-20 18:18:57,766 [grpc-default-executor-7] INFO  impl.RaftServerImpl (RaftServerImpl.java:setRole(184)) - 6ef27e9c-8ddb-4fa1-8c14-ab102acfb1b8@group-F11756C8BA4A: changes role from  FOLLOWER to FOLLOWER at term 223 for recognizeCandidate:b75f8b2e-6273-4c97-b7c5-042674931d23
2019-10-20 18:18:57,766 [grpc-default-executor-7] INFO  impl.RoleInfo (RoleInfo.java:shutdownFollowerState(121)) - 6ef27e9c-8ddb-4fa1-8c14-ab102acfb1b8: shutdown FollowerState
2019-10-20 18:18:57,767 [grpc-default-executor-7] INFO  impl.RoleInfo (RoleInfo.java:updateAndGet(143)) - 6ef27e9c-8ddb-4fa1-8c14-ab102acfb1b8: start FollowerState
2019-10-20 18:18:57,767 [Thread-3125] INFO  impl.FollowerState (FollowerState.java:run(117)) - 6ef27e9c-8ddb-4fa1-8c14-ab102acfb1b8@group-F11756C8BA4A-FollowerState was interrupted: java.lang.InterruptedException: sleep interrupted
2019-10-20 18:18:57,773 [Thread-3121] INFO  impl.FollowerState (FollowerState.java:run(108)) - 399079f7-1eb1-4f37-b003-267572525934@group-D40A05E2FCF9-FollowerState: change to CANDIDATE, lastRpcTime:196ms, electionTimeout:196ms
2019-10-20 18:18:57,773 [Thread-3121] INFO  impl.RoleInfo (RoleInfo.java:shutdownFollowerState(121)) - 399079f7-1eb1-4f37-b003-267572525934: shutdown FollowerState
2019-10-20 18:18:57,773 [Thread-3121] INFO  impl.RaftServerImpl (RaftServerImpl.java:setRole(184)) - 399079f7-1eb1-4f37-b003-267572525934@group-D40A05E2FCF9: changes role from  FOLLOWER to CANDIDATE at term 223 for changeToCandidate
2019-10-20 18:18:57,773 [Thread-3121] INFO  impl.RoleInfo (RoleInfo.java:updateAndGet(143)) - 399079f7-1eb1-4f37-b003-267572525934: start LeaderElection
2019-10-20 18:18:57,796 [b75f8b2e-6273-4c97-b7c5-042674931d23@group-F11756C8BA4A-LeaderElection393] INFO  impl.LeaderElection (LeaderElection.java:logAndReturn(56)) - b75f8b2e-6273-4c97-b7c5-042674931d23@group-F11756C8BA4A-LeaderElection393: Election REJECTED; received 1 response(s) [b75f8b2e-6273-4c97-b7c5-042674931d23<-6ef27e9c-8ddb-4fa1-8c14-ab102acfb1b8#0:FAIL-t223] and 1 exception(s); b75f8b2e-6273-4c97-b7c5-042674931d23@group-F11756C8BA4A:t223, leader=null, voted=b75f8b2e-6273-4c97-b7c5-042674931d23, raftlog=b75f8b2e-6273-4c97-b7c5-042674931d23@group-F11756C8BA4A-SegmentedRaftLog:OPENED:c-1,f-1,i0, conf=-1: [6ef27e9c-8ddb-4fa1-8c14-ab102acfb1b8:192.168.164.241:38092, b75f8b2e-6273-4c97-b7c5-042674931d23:192.168.164.241:41857, 3750b3a2-715b-46b3-9d0c-9e38136244b9:192.168.164.241:46227], old=null
2019-10-20 18:18:57,796 [b75f8b2e-6273-4c97-b7c5-042674931d23@group-F11756C8BA4A-LeaderElection393] INFO  impl.LeaderElection (LogUtils.java:infoOrTrace(149)) -   Exception 0: {}
java.util.concurrent.ExecutionException: org.apache.ratis.thirdparty.io.grpc.StatusRuntimeException: UNAVAILABLE: io exception
	at java.util.concurrent.FutureTask.report(FutureTask.java:122)
	at java.util.concurrent.FutureTask.get(FutureTask.java:192)
	at org.apache.ratis.server.impl.LeaderElection.waitForResults(LeaderElection.java:259)
	at org.apache.ratis.server.impl.LeaderElection.askForVotes(LeaderElection.java:197)
	at org.apache.ratis.server.impl.LeaderElection.run(LeaderElection.java:133)
	at java.lang.Thread.run(Thread.java:748)
Caused by: org.apache.ratis.thirdparty.io.grpc.StatusRuntimeException: UNAVAILABLE: io exception
	at org.apache.ratis.thirdparty.io.grpc.stub.ClientCalls.toStatusRuntimeException(ClientCalls.java:233)
	at org.apache.ratis.thirdparty.io.grpc.stub.ClientCalls.getUnchecked(ClientCalls.java:214)
	at org.apache.ratis.thirdparty.io.grpc.stub.ClientCalls.blockingUnaryCall(ClientCalls.java:139)
	at org.apache.ratis.proto.grpc.RaftServerProtocolServiceGrpc$RaftServerProtocolServiceBlockingStub.requestVote(RaftServerProtocolServiceGrpc.java:265)
	at org.apache.ratis.grpc.server.GrpcServerProtocolClient.requestVote(GrpcServerProtocolClient.java:99)
	at org.apache.ratis.grpc.server.GrpcService.requestVote(GrpcService.java:204)
	at org.apache.ratis.server.impl.LeaderElection.lambda$submitRequests$1(LeaderElection.java:234)
	at java.util.concurrent.FutureTask.run(FutureTask.java:266)
	at java.util.concurrent.Executors$RunnableAdapter.call(Executors.java:511)
	at java.util.concurrent.FutureTask.run(FutureTask.java:266)
	at java.util.concurrent.ThreadPoolExecutor.runWorker(ThreadPoolExecutor.java:1149)
	at java.util.concurrent.ThreadPoolExecutor$Worker.run(ThreadPoolExecutor.java:624)
	... 1 more
Caused by: org.apache.ratis.thirdparty.io.netty.channel.AbstractChannel$AnnotatedConnectException: Connection refused: /192.168.164.241:46227
	at sun.nio.ch.SocketChannelImpl.checkConnect(Native Method)
	at sun.nio.ch.SocketChannelImpl.finishConnect(SocketChannelImpl.java:717)
	at org.apache.ratis.thirdparty.io.netty.channel.socket.nio.NioSocketChannel.doFinishConnect(NioSocketChannel.java:327)
	at org.apache.ratis.thirdparty.io.netty.channel.nio.AbstractNioChannel$AbstractNioUnsafe.finishConnect(AbstractNioChannel.java:340)
	at org.apache.ratis.thirdparty.io.netty.channel.nio.NioEventLoop.processSelectedKey(NioEventLoop.java:632)
	at org.apache.ratis.thirdparty.io.netty.channel.nio.NioEventLoop.processSelectedKeysOptimized(NioEventLoop.java:579)
	at org.apache.ratis.thirdparty.io.netty.channel.nio.NioEventLoop.processSelectedKeys(NioEventLoop.java:496)
	at org.apache.ratis.thirdparty.io.netty.channel.nio.NioEventLoop.run(NioEventLoop.java:458)
	at org.apache.ratis.thirdparty.io.netty.util.concurrent.SingleThreadEventExecutor$5.run(SingleThreadEventExecutor.java:897)
	at org.apache.ratis.thirdparty.io.netty.util.concurrent.FastThreadLocalRunnable.run(FastThreadLocalRunnable.java:30)
	... 1 more
Caused by: java.net.ConnectException: Connection refused
	... 11 more
2019-10-20 18:18:57,797 [b75f8b2e-6273-4c97-b7c5-042674931d23@group-F11756C8BA4A-LeaderElection393] INFO  impl.RaftServerImpl (RaftServerImpl.java:setRole(184)) - b75f8b2e-6273-4c97-b7c5-042674931d23@group-F11756C8BA4A: changes role from CANDIDATE to FOLLOWER at term 223 for DISCOVERED_A_NEW_TERM
2019-10-20 18:18:57,797 [b75f8b2e-6273-4c97-b7c5-042674931d23@group-F11756C8BA4A-LeaderElection393] INFO  impl.RoleInfo (RoleInfo.java:shutdownLeaderElection(134)) - b75f8b2e-6273-4c97-b7c5-042674931d23: shutdown LeaderElection
2019-10-20 18:18:57,797 [b75f8b2e-6273-4c97-b7c5-042674931d23@group-F11756C8BA4A-LeaderElection393] INFO  impl.RoleInfo (RoleInfo.java:updateAndGet(143)) - b75f8b2e-6273-4c97-b7c5-042674931d23: start FollowerState
2019-10-20 18:18:57,804 [399079f7-1eb1-4f37-b003-267572525934@group-D40A05E2FCF9-LeaderElection394] INFO  impl.LeaderElection (LeaderElection.java:askForVotes(178)) - 399079f7-1eb1-4f37-b003-267572525934@group-D40A05E2FCF9-LeaderElection394: begin an election at term 224 for -1: [399079f7-1eb1-4f37-b003-267572525934:192.168.164.241:37762, 7a43c46a-fc88-4b2d-b2da-ae029cfa60ff:192.168.164.241:43684, 6c5c38af-62e6-4ea7-a24a-078dcb28fb39:192.168.164.241:45428], old=null
2019-10-20 18:18:57,805 [grpc-default-executor-7] INFO  impl.RaftServerImpl (RaftServerImpl.java:setRole(184)) - 7a43c46a-fc88-4b2d-b2da-ae029cfa60ff@group-D40A05E2FCF9: changes role from  FOLLOWER to FOLLOWER at term 224 for recognizeCandidate:399079f7-1eb1-4f37-b003-267572525934
2019-10-20 18:18:57,805 [grpc-default-executor-7] INFO  impl.RoleInfo (RoleInfo.java:shutdownFollowerState(121)) - 7a43c46a-fc88-4b2d-b2da-ae029cfa60ff: shutdown FollowerState
2019-10-20 18:18:57,805 [grpc-default-executor-10] INFO  impl.RaftServerImpl (RaftServerImpl.java:setRole(184)) - 6c5c38af-62e6-4ea7-a24a-078dcb28fb39@group-D40A05E2FCF9: changes role from  FOLLOWER to FOLLOWER at term 224 for recognizeCandidate:399079f7-1eb1-4f37-b003-267572525934
2019-10-20 18:18:57,805 [Thread-3119] INFO  impl.FollowerState (FollowerState.java:run(117)) - 7a43c46a-fc88-4b2d-b2da-ae029cfa60ff@group-D40A05E2FCF9-FollowerState was interrupted: java.lang.InterruptedException: sleep interrupted
2019-10-20 18:18:57,805 [grpc-default-executor-7] INFO  impl.RoleInfo (RoleInfo.java:updateAndGet(143)) - 7a43c46a-fc88-4b2d-b2da-ae029cfa60ff: start FollowerState
2019-10-20 18:18:57,806 [grpc-default-executor-10] INFO  impl.RoleInfo (RoleInfo.java:shutdownFollowerState(121)) - 6c5c38af-62e6-4ea7-a24a-078dcb28fb39: shutdown FollowerState
2019-10-20 18:18:57,806 [grpc-default-executor-10] INFO  impl.RoleInfo (RoleInfo.java:updateAndGet(143)) - 6c5c38af-62e6-4ea7-a24a-078dcb28fb39: start FollowerState
2019-10-20 18:18:57,806 [Thread-3120] INFO  impl.FollowerState (FollowerState.java:run(117)) - 6c5c38af-62e6-4ea7-a24a-078dcb28fb39@group-D40A05E2FCF9-FollowerState was interrupted: java.lang.InterruptedException: sleep interrupted
2019-10-20 18:18:57,830 [399079f7-1eb1-4f37-b003-267572525934@group-D40A05E2FCF9-LeaderElection394] INFO  impl.LeaderElection (LeaderElection.java:logAndReturn(56)) - 399079f7-1eb1-4f37-b003-267572525934@group-D40A05E2FCF9-LeaderElection394: Election REJECTED; received 2 response(s) [399079f7-1eb1-4f37-b003-267572525934<-7a43c46a-fc88-4b2d-b2da-ae029cfa60ff#0:FAIL-t224, 399079f7-1eb1-4f37-b003-267572525934<-6c5c38af-62e6-4ea7-a24a-078dcb28fb39#0:FAIL-t224] and 0 exception(s); 399079f7-1eb1-4f37-b003-267572525934@group-D40A05E2FCF9:t224, leader=null, voted=399079f7-1eb1-4f37-b003-267572525934, raftlog=399079f7-1eb1-4f37-b003-267572525934@group-D40A05E2FCF9-SegmentedRaftLog:OPENED:c-1,f-1,i0, conf=-1: [399079f7-1eb1-4f37-b003-267572525934:192.168.164.241:37762, 7a43c46a-fc88-4b2d-b2da-ae029cfa60ff:192.168.164.241:43684, 6c5c38af-62e6-4ea7-a24a-078dcb28fb39:192.168.164.241:45428], old=null
2019-10-20 18:18:57,830 [399079f7-1eb1-4f37-b003-267572525934@group-D40A05E2FCF9-LeaderElection394] INFO  impl.RaftServerImpl (RaftServerImpl.java:setRole(184)) - 399079f7-1eb1-4f37-b003-267572525934@group-D40A05E2FCF9: changes role from CANDIDATE to FOLLOWER at term 224 for DISCOVERED_A_NEW_TERM
2019-10-20 18:18:57,830 [399079f7-1eb1-4f37-b003-267572525934@group-D40A05E2FCF9-LeaderElection394] INFO  impl.RoleInfo (RoleInfo.java:shutdownLeaderElection(134)) - 399079f7-1eb1-4f37-b003-267572525934: shutdown LeaderElection
2019-10-20 18:18:57,831 [399079f7-1eb1-4f37-b003-267572525934@group-D40A05E2FCF9-LeaderElection394] INFO  impl.RoleInfo (RoleInfo.java:updateAndGet(143)) - 399079f7-1eb1-4f37-b003-267572525934: start FollowerState
2019-10-20 18:18:57,920 [ForkJoinPool.commonPool-worker-0] INFO  ozoneimpl.OzoneContainer (OzoneContainer.java:stop(227)) - Attempting to stop container services.
2019-10-20 18:18:57,921 [ForkJoinPool.commonPool-worker-0] INFO  impl.RaftServerProxy (RaftServerProxy.java:lambda$close$4(314)) - 6c5c38af-62e6-4ea7-a24a-078dcb28fb39: close
2019-10-20 18:18:57,921 [ForkJoinPool.commonPool-worker-0] INFO  impl.RaftServerImpl (RaftServerImpl.java:lambda$shutdown$3(261)) - 6c5c38af-62e6-4ea7-a24a-078dcb28fb39@group-D40A05E2FCF9: shutdown
2019-10-20 18:18:57,922 [ForkJoinPool.commonPool-worker-0] INFO  util.JmxRegister (JmxRegister.java:unregister(73)) - Successfully un-registered JMX Bean with object name Ratis:service=RaftServer,group=group-D40A05E2FCF9,id=6c5c38af-62e6-4ea7-a24a-078dcb28fb39
2019-10-20 18:18:57,922 [ForkJoinPool.commonPool-worker-0] INFO  impl.RoleInfo (RoleInfo.java:shutdownFollowerState(121)) - 6c5c38af-62e6-4ea7-a24a-078dcb28fb39: shutdown FollowerState
2019-10-20 18:18:57,922 [ForkJoinPool.commonPool-worker-0] INFO  impl.StateMachineUpdater (StateMachineUpdater.java:stopAndJoin(136)) - 6c5c38af-62e6-4ea7-a24a-078dcb28fb39@group-D40A05E2FCF9-StateMachineUpdater: set stopIndex = -1
2019-10-20 18:18:57,922 [Thread-3137] INFO  impl.FollowerState (FollowerState.java:run(117)) - 6c5c38af-62e6-4ea7-a24a-078dcb28fb39@group-D40A05E2FCF9-FollowerState was interrupted: java.lang.InterruptedException: sleep interrupted
2019-10-20 18:18:57,923 [ForkJoinPool.commonPool-worker-0] INFO  impl.RaftServerImpl (ServerState.java:close(388)) - 6c5c38af-62e6-4ea7-a24a-078dcb28fb39@group-D40A05E2FCF9: closes. applyIndex: -1
2019-10-20 18:18:57,923 [6c5c38af-62e6-4ea7-a24a-078dcb28fb39@group-D40A05E2FCF9-SegmentedRaftLogWorker] INFO  segmented.SegmentedRaftLogWorker (SegmentedRaftLogWorker.java:run(316)) - 6c5c38af-62e6-4ea7-a24a-078dcb28fb39@group-D40A05E2FCF9-SegmentedRaftLogWorker was interrupted, exiting. There are 0 tasks remaining in the queue.
2019-10-20 18:18:57,926 [ForkJoinPool.commonPool-worker-0] INFO  segmented.SegmentedRaftLogWorker (SegmentedRaftLogWorker.java:close(224)) - 6c5c38af-62e6-4ea7-a24a-078dcb28fb39@group-D40A05E2FCF9-SegmentedRaftLogWorker close()
2019-10-20 18:18:57,930 [ForkJoinPool.commonPool-worker-0] INFO  impl.RaftServerImpl (RaftServerImpl.java:lambda$shutdown$3(261)) - 6c5c38af-62e6-4ea7-a24a-078dcb28fb39@group-40F5B3DD29D6: shutdown
2019-10-20 18:18:57,930 [ForkJoinPool.commonPool-worker-0] INFO  util.JmxRegister (JmxRegister.java:unregister(73)) - Successfully un-registered JMX Bean with object name Ratis:service=RaftServer,group=group-40F5B3DD29D6,id=6c5c38af-62e6-4ea7-a24a-078dcb28fb39
2019-10-20 18:18:57,930 [ForkJoinPool.commonPool-worker-0] INFO  impl.RoleInfo (RoleInfo.java:shutdownLeaderState(104)) - 6c5c38af-62e6-4ea7-a24a-078dcb28fb39: shutdown LeaderState
2019-10-20 18:18:57,930 [ForkJoinPool.commonPool-worker-0] INFO  impl.PendingRequests (PendingRequests.java:sendNotLeaderResponses(202)) - 6c5c38af-62e6-4ea7-a24a-078dcb28fb39@group-40F5B3DD29D6-PendingRequests: sendNotLeaderResponses
2019-10-20 18:18:57,931 [ForkJoinPool.commonPool-worker-0] INFO  impl.StateMachineUpdater (StateMachineUpdater.java:stopAndJoin(136)) - 6c5c38af-62e6-4ea7-a24a-078dcb28fb39@group-40F5B3DD29D6-StateMachineUpdater: set stopIndex = 0
2019-10-20 18:18:57,932 [ForkJoinPool.commonPool-worker-0] INFO  impl.RaftServerImpl (ServerState.java:close(388)) - 6c5c38af-62e6-4ea7-a24a-078dcb28fb39@group-40F5B3DD29D6: closes. applyIndex: 0
2019-10-20 18:18:57,932 [6c5c38af-62e6-4ea7-a24a-078dcb28fb39@group-40F5B3DD29D6-SegmentedRaftLogWorker] INFO  segmented.SegmentedRaftLogWorker (SegmentedRaftLogWorker.java:run(316)) - 6c5c38af-62e6-4ea7-a24a-078dcb28fb39@group-40F5B3DD29D6-SegmentedRaftLogWorker was interrupted, exiting. There are 0 tasks remaining in the queue.
2019-10-20 18:18:57,934 [ForkJoinPool.commonPool-worker-0] INFO  segmented.SegmentedRaftLogWorker (SegmentedRaftLogWorker.java:close(224)) - 6c5c38af-62e6-4ea7-a24a-078dcb28fb39@group-40F5B3DD29D6-SegmentedRaftLogWorker close()
2019-10-20 18:18:57,937 [ForkJoinPool.commonPool-worker-0] INFO  server.GrpcService (GrpcService.java:closeImpl(164)) - 6c5c38af-62e6-4ea7-a24a-078dcb28fb39: shutdown server with port 45428 now
2019-10-20 18:18:57,937 [Thread-3133] INFO  impl.FollowerState (FollowerState.java:run(108)) - b75f8b2e-6273-4c97-b7c5-042674931d23@group-F11756C8BA4A-FollowerState: change to CANDIDATE, lastRpcTime:140ms, electionTimeout:140ms
2019-10-20 18:18:57,938 [Thread-3133] INFO  impl.RoleInfo (RoleInfo.java:shutdownFollowerState(121)) - b75f8b2e-6273-4c97-b7c5-042674931d23: shutdown FollowerState
2019-10-20 18:18:57,938 [Thread-3133] INFO  impl.RaftServerImpl (RaftServerImpl.java:setRole(184)) - b75f8b2e-6273-4c97-b7c5-042674931d23@group-F11756C8BA4A: changes role from  FOLLOWER to CANDIDATE at term 223 for changeToCandidate
2019-10-20 18:18:57,938 [Thread-3133] INFO  impl.RoleInfo (RoleInfo.java:updateAndGet(143)) - b75f8b2e-6273-4c97-b7c5-042674931d23: start LeaderElection
2019-10-20 18:18:57,938 [ForkJoinPool.commonPool-worker-0] INFO  server.GrpcService (GrpcService.java:closeImpl(172)) - 6c5c38af-62e6-4ea7-a24a-078dcb28fb39: shutdown server with port 45428 successfully
2019-10-20 18:18:57,940 [refreshUsed-/workdir/hadoop-ozone/integration-test/target/test-dir/MiniOzoneClusterImpl-3ef3c7a0-fafa-4375-a23c-18b63a3f56e7/datanode-3/data/containers] WARN  fs.CachingGetSpaceUsed (CachingGetSpaceUsed.java:run(183)) - Thread Interrupted waiting to refresh disk information: sleep interrupted
2019-10-20 18:18:57,946 [main] INFO  ozoneimpl.OzoneContainer (OzoneContainer.java:stop(227)) - Attempting to stop container services.
2019-10-20 18:18:57,956 [main] INFO  impl.RaftServerProxy (RaftServerProxy.java:lambda$close$4(314)) - 6b2f58fd-30db-463e-9aa7-62340e6715ac: close
2019-10-20 18:18:57,957 [main] INFO  impl.RaftServerImpl (RaftServerImpl.java:lambda$shutdown$3(261)) - 6b2f58fd-30db-463e-9aa7-62340e6715ac@group-2FD409A0D6B9: shutdown
2019-10-20 18:18:57,958 [main] INFO  util.JmxRegister (JmxRegister.java:unregister(73)) - Successfully un-registered JMX Bean with object name Ratis:service=RaftServer,group=group-2FD409A0D6B9,id=6b2f58fd-30db-463e-9aa7-62340e6715ac
2019-10-20 18:18:57,958 [main] INFO  impl.RoleInfo (RoleInfo.java:shutdownLeaderState(104)) - 6b2f58fd-30db-463e-9aa7-62340e6715ac: shutdown LeaderState
2019-10-20 18:18:57,959 [main] INFO  impl.PendingRequests (PendingRequests.java:sendNotLeaderResponses(202)) - 6b2f58fd-30db-463e-9aa7-62340e6715ac@group-2FD409A0D6B9-PendingRequests: sendNotLeaderResponses
2019-10-20 18:18:57,961 [main] INFO  impl.StateMachineUpdater (StateMachineUpdater.java:stopAndJoin(136)) - 6b2f58fd-30db-463e-9aa7-62340e6715ac@group-2FD409A0D6B9-StateMachineUpdater: set stopIndex = 0
2019-10-20 18:18:57,961 [main] INFO  impl.RaftServerImpl (ServerState.java:close(388)) - 6b2f58fd-30db-463e-9aa7-62340e6715ac@group-2FD409A0D6B9: closes. applyIndex: 0
2019-10-20 18:18:57,962 [6b2f58fd-30db-463e-9aa7-62340e6715ac@group-2FD409A0D6B9-SegmentedRaftLogWorker] INFO  segmented.SegmentedRaftLogWorker (SegmentedRaftLogWorker.java:run(316)) - 6b2f58fd-30db-463e-9aa7-62340e6715ac@group-2FD409A0D6B9-SegmentedRaftLogWorker was interrupted, exiting. There are 0 tasks remaining in the queue.
2019-10-20 18:18:57,967 [main] INFO  segmented.SegmentedRaftLogWorker (SegmentedRaftLogWorker.java:close(224)) - 6b2f58fd-30db-463e-9aa7-62340e6715ac@group-2FD409A0D6B9-SegmentedRaftLogWorker close()
2019-10-20 18:18:57,973 [main] INFO  server.GrpcService (GrpcService.java:closeImpl(164)) - 6b2f58fd-30db-463e-9aa7-62340e6715ac: shutdown server with port 37544 now
2019-10-20 18:18:57,973 [b75f8b2e-6273-4c97-b7c5-042674931d23@group-F11756C8BA4A-LeaderElection395] INFO  impl.LeaderElection (LeaderElection.java:askForVotes(178)) - b75f8b2e-6273-4c97-b7c5-042674931d23@group-F11756C8BA4A-LeaderElection395: begin an election at term 224 for -1: [6ef27e9c-8ddb-4fa1-8c14-ab102acfb1b8:192.168.164.241:38092, b75f8b2e-6273-4c97-b7c5-042674931d23:192.168.164.241:41857, 3750b3a2-715b-46b3-9d0c-9e38136244b9:192.168.164.241:46227], old=null
2019-10-20 18:18:57,976 [main] INFO  server.GrpcService (GrpcService.java:closeImpl(172)) - 6b2f58fd-30db-463e-9aa7-62340e6715ac: shutdown server with port 37544 successfully
2019-10-20 18:18:57,977 [b75f8b2e-6273-4c97-b7c5-042674931d23@group-F11756C8BA4A-LeaderElection395] INFO  impl.LeaderElection (LogUtils.java:infoOrTrace(149)) - b75f8b2e-6273-4c97-b7c5-042674931d23@group-F11756C8BA4A-LeaderElection395 got exception when requesting votes: {}
java.util.concurrent.ExecutionException: org.apache.ratis.thirdparty.io.grpc.StatusRuntimeException: UNAVAILABLE: io exception
	at java.util.concurrent.FutureTask.report(FutureTask.java:122)
	at java.util.concurrent.FutureTask.get(FutureTask.java:192)
	at org.apache.ratis.server.impl.LeaderElection.waitForResults(LeaderElection.java:259)
	at org.apache.ratis.server.impl.LeaderElection.askForVotes(LeaderElection.java:197)
	at org.apache.ratis.server.impl.LeaderElection.run(LeaderElection.java:133)
	at java.lang.Thread.run(Thread.java:748)
Caused by: org.apache.ratis.thirdparty.io.grpc.StatusRuntimeException: UNAVAILABLE: io exception
	at org.apache.ratis.thirdparty.io.grpc.stub.ClientCalls.toStatusRuntimeException(ClientCalls.java:233)
	at org.apache.ratis.thirdparty.io.grpc.stub.ClientCalls.getUnchecked(ClientCalls.java:214)
	at org.apache.ratis.thirdparty.io.grpc.stub.ClientCalls.blockingUnaryCall(ClientCalls.java:139)
	at org.apache.ratis.proto.grpc.RaftServerProtocolServiceGrpc$RaftServerProtocolServiceBlockingStub.requestVote(RaftServerProtocolServiceGrpc.java:265)
	at org.apache.ratis.grpc.server.GrpcServerProtocolClient.requestVote(GrpcServerProtocolClient.java:99)
	at org.apache.ratis.grpc.server.GrpcService.requestVote(GrpcService.java:204)
	at org.apache.ratis.server.impl.LeaderElection.lambda$submitRequests$1(LeaderElection.java:234)
	at java.util.concurrent.FutureTask.run(FutureTask.java:266)
	at java.util.concurrent.Executors$RunnableAdapter.call(Executors.java:511)
	at java.util.concurrent.FutureTask.run(FutureTask.java:266)
	at java.util.concurrent.ThreadPoolExecutor.runWorker(ThreadPoolExecutor.java:1149)
	at java.util.concurrent.ThreadPoolExecutor$Worker.run(ThreadPoolExecutor.java:624)
	... 1 more
Caused by: org.apache.ratis.thirdparty.io.netty.channel.AbstractChannel$AnnotatedConnectException: Connection refused: /192.168.164.241:46227
	at sun.nio.ch.SocketChannelImpl.checkConnect(Native Method)
	at sun.nio.ch.SocketChannelImpl.finishConnect(SocketChannelImpl.java:717)
	at org.apache.ratis.thirdparty.io.netty.channel.socket.nio.NioSocketChannel.doFinishConnect(NioSocketChannel.java:327)
	at org.apache.ratis.thirdparty.io.netty.channel.nio.AbstractNioChannel$AbstractNioUnsafe.finishConnect(AbstractNioChannel.java:340)
	at org.apache.ratis.thirdparty.io.netty.channel.nio.NioEventLoop.processSelectedKey(NioEventLoop.java:632)
	at org.apache.ratis.thirdparty.io.netty.channel.nio.NioEventLoop.processSelectedKeysOptimized(NioEventLoop.java:579)
	at org.apache.ratis.thirdparty.io.netty.channel.nio.NioEventLoop.processSelectedKeys(NioEventLoop.java:496)
	at org.apache.ratis.thirdparty.io.netty.channel.nio.NioEventLoop.run(NioEventLoop.java:458)
	at org.apache.ratis.thirdparty.io.netty.util.concurrent.SingleThreadEventExecutor$5.run(SingleThreadEventExecutor.java:897)
	at org.apache.ratis.thirdparty.io.netty.util.concurrent.FastThreadLocalRunnable.run(FastThreadLocalRunnable.java:30)
	... 1 more
Caused by: java.net.ConnectException: Connection refused
	... 11 more
2019-10-20 18:18:57,979 [grpc-default-executor-10] INFO  impl.RaftServerImpl (RaftServerImpl.java:setRole(184)) - 6ef27e9c-8ddb-4fa1-8c14-ab102acfb1b8@group-F11756C8BA4A: changes role from  FOLLOWER to FOLLOWER at term 224 for recognizeCandidate:b75f8b2e-6273-4c97-b7c5-042674931d23
2019-10-20 18:18:57,979 [grpc-default-executor-10] INFO  impl.RoleInfo (RoleInfo.java:shutdownFollowerState(121)) - 6ef27e9c-8ddb-4fa1-8c14-ab102acfb1b8: shutdown FollowerState
2019-10-20 18:18:57,980 [grpc-default-executor-10] INFO  impl.RoleInfo (RoleInfo.java:updateAndGet(143)) - 6ef27e9c-8ddb-4fa1-8c14-ab102acfb1b8: start FollowerState
2019-10-20 18:18:57,980 [Thread-3131] INFO  impl.FollowerState (FollowerState.java:run(117)) - 6ef27e9c-8ddb-4fa1-8c14-ab102acfb1b8@group-F11756C8BA4A-FollowerState was interrupted: java.lang.InterruptedException: sleep interrupted
2019-10-20 18:18:57,980 [refreshUsed-/workdir/hadoop-ozone/integration-test/target/test-dir/MiniOzoneClusterImpl-3ef3c7a0-fafa-4375-a23c-18b63a3f56e7/datanode-6/data/containers] WARN  fs.CachingGetSpaceUsed (CachingGetSpaceUsed.java:run(183)) - Thread Interrupted waiting to refresh disk information: sleep interrupted
2019-10-20 18:18:57,986 [Thread-3138] INFO  impl.FollowerState (FollowerState.java:run(108)) - 399079f7-1eb1-4f37-b003-267572525934@group-D40A05E2FCF9-FollowerState: change to CANDIDATE, lastRpcTime:155ms, electionTimeout:155ms
2019-10-20 18:18:57,986 [Thread-3138] INFO  impl.RoleInfo (RoleInfo.java:shutdownFollowerState(121)) - 399079f7-1eb1-4f37-b003-267572525934: shutdown FollowerState
2019-10-20 18:18:57,986 [Thread-3138] INFO  impl.RaftServerImpl (RaftServerImpl.java:setRole(184)) - 399079f7-1eb1-4f37-b003-267572525934@group-D40A05E2FCF9: changes role from  FOLLOWER to CANDIDATE at term 224 for changeToCandidate
2019-10-20 18:18:57,986 [Thread-3138] INFO  impl.RoleInfo (RoleInfo.java:updateAndGet(143)) - 399079f7-1eb1-4f37-b003-267572525934: start LeaderElection
2019-10-20 18:18:57,991 [ForkJoinPool.commonPool-worker-0] INFO  utils.BackgroundService (BackgroundService.java:shutdown(151)) - Shutting down service BlockDeletingService
2019-10-20 18:18:57,995 [ForkJoinPool.commonPool-worker-0] INFO  statemachine.DatanodeStateMachine (DatanodeStateMachine.java:stopDaemon(395)) - Ozone container server stopped.
2019-10-20 18:18:58,000 [ForkJoinPool.commonPool-worker-0] INFO  handler.ContextHandler (ContextHandler.java:doStop(910)) - Stopped o.e.j.w.WebAppContext@337bbfdf{/,null,UNAVAILABLE}{/hddsDatanode}
2019-10-20 18:18:58,001 [ForkJoinPool.commonPool-worker-0] INFO  server.AbstractConnector (AbstractConnector.java:doStop(318)) - Stopped ServerConnector@52d97ab6{HTTP/1.1,[http/1.1]}{0.0.0.0:0}
2019-10-20 18:18:58,003 [ForkJoinPool.commonPool-worker-0] INFO  handler.ContextHandler (ContextHandler.java:doStop(910)) - Stopped o.e.j.s.ServletContextHandler@4b200971{/static,jar:file:/home/user/.m2/repository/org/apache/hadoop/hadoop-hdds-container-service/0.5.0-SNAPSHOT/hadoop-hdds-container-service-0.5.0-SNAPSHOT.jar!/webapps/static,UNAVAILABLE}
2019-10-20 18:18:58,004 [ForkJoinPool.commonPool-worker-0] INFO  handler.ContextHandler (ContextHandler.java:doStop(910)) - Stopped o.e.j.s.ServletContextHandler@a9f023e{/logs,file:///workdir/hadoop-ozone/integration-test/target/log,UNAVAILABLE}
2019-10-20 18:18:58,006 [399079f7-1eb1-4f37-b003-267572525934@group-D40A05E2FCF9-LeaderElection396] INFO  impl.LeaderElection (LeaderElection.java:askForVotes(178)) - 399079f7-1eb1-4f37-b003-267572525934@group-D40A05E2FCF9-LeaderElection396: begin an election at term 225 for -1: [399079f7-1eb1-4f37-b003-267572525934:192.168.164.241:37762, 7a43c46a-fc88-4b2d-b2da-ae029cfa60ff:192.168.164.241:43684, 6c5c38af-62e6-4ea7-a24a-078dcb28fb39:192.168.164.241:45428], old=null
2019-10-20 18:18:58,007 [b75f8b2e-6273-4c97-b7c5-042674931d23@group-F11756C8BA4A-LeaderElection395] INFO  impl.LeaderElection (LeaderElection.java:logAndReturn(56)) - b75f8b2e-6273-4c97-b7c5-042674931d23@group-F11756C8BA4A-LeaderElection395: Election REJECTED; received 1 response(s) [b75f8b2e-6273-4c97-b7c5-042674931d23<-6ef27e9c-8ddb-4fa1-8c14-ab102acfb1b8#0:FAIL-t224] and 1 exception(s); b75f8b2e-6273-4c97-b7c5-042674931d23@group-F11756C8BA4A:t224, leader=null, voted=b75f8b2e-6273-4c97-b7c5-042674931d23, raftlog=b75f8b2e-6273-4c97-b7c5-042674931d23@group-F11756C8BA4A-SegmentedRaftLog:OPENED:c-1,f-1,i0, conf=-1: [6ef27e9c-8ddb-4fa1-8c14-ab102acfb1b8:192.168.164.241:38092, b75f8b2e-6273-4c97-b7c5-042674931d23:192.168.164.241:41857, 3750b3a2-715b-46b3-9d0c-9e38136244b9:192.168.164.241:46227], old=null
2019-10-20 18:18:58,007 [b75f8b2e-6273-4c97-b7c5-042674931d23@group-F11756C8BA4A-LeaderElection395] INFO  impl.LeaderElection (LogUtils.java:infoOrTrace(149)) -   Exception 0: {}
java.util.concurrent.ExecutionException: org.apache.ratis.thirdparty.io.grpc.StatusRuntimeException: UNAVAILABLE: io exception
	at java.util.concurrent.FutureTask.report(FutureTask.java:122)
	at java.util.concurrent.FutureTask.get(FutureTask.java:192)
	at org.apache.ratis.server.impl.LeaderElection.waitForResults(LeaderElection.java:259)
	at org.apache.ratis.server.impl.LeaderElection.askForVotes(LeaderElection.java:197)
	at org.apache.ratis.server.impl.LeaderElection.run(LeaderElection.java:133)
	at java.lang.Thread.run(Thread.java:748)
Caused by: org.apache.ratis.thirdparty.io.grpc.StatusRuntimeException: UNAVAILABLE: io exception
	at org.apache.ratis.thirdparty.io.grpc.stub.ClientCalls.toStatusRuntimeException(ClientCalls.java:233)
	at org.apache.ratis.thirdparty.io.grpc.stub.ClientCalls.getUnchecked(ClientCalls.java:214)
	at org.apache.ratis.thirdparty.io.grpc.stub.ClientCalls.blockingUnaryCall(ClientCalls.java:139)
	at org.apache.ratis.proto.grpc.RaftServerProtocolServiceGrpc$RaftServerProtocolServiceBlockingStub.requestVote(RaftServerProtocolServiceGrpc.java:265)
	at org.apache.ratis.grpc.server.GrpcServerProtocolClient.requestVote(GrpcServerProtocolClient.java:99)
	at org.apache.ratis.grpc.server.GrpcService.requestVote(GrpcService.java:204)
	at org.apache.ratis.server.impl.LeaderElection.lambda$submitRequests$1(LeaderElection.java:234)
	at java.util.concurrent.FutureTask.run(FutureTask.java:266)
	at java.util.concurrent.Executors$RunnableAdapter.call(Executors.java:511)
	at java.util.concurrent.FutureTask.run(FutureTask.java:266)
	at java.util.concurrent.ThreadPoolExecutor.runWorker(ThreadPoolExecutor.java:1149)
	at java.util.concurrent.ThreadPoolExecutor$Worker.run(ThreadPoolExecutor.java:624)
	... 1 more
Caused by: org.apache.ratis.thirdparty.io.netty.channel.AbstractChannel$AnnotatedConnectException: Connection refused: /192.168.164.241:46227
	at sun.nio.ch.SocketChannelImpl.checkConnect(Native Method)
	at sun.nio.ch.SocketChannelImpl.finishConnect(SocketChannelImpl.java:717)
	at org.apache.ratis.thirdparty.io.netty.channel.socket.nio.NioSocketChannel.doFinishConnect(NioSocketChannel.java:327)
	at org.apache.ratis.thirdparty.io.netty.channel.nio.AbstractNioChannel$AbstractNioUnsafe.finishConnect(AbstractNioChannel.java:340)
	at org.apache.ratis.thirdparty.io.netty.channel.nio.NioEventLoop.processSelectedKey(NioEventLoop.java:632)
	at org.apache.ratis.thirdparty.io.netty.channel.nio.NioEventLoop.processSelectedKeysOptimized(NioEventLoop.java:579)
	at org.apache.ratis.thirdparty.io.netty.channel.nio.NioEventLoop.processSelectedKeys(NioEventLoop.java:496)
	at org.apache.ratis.thirdparty.io.netty.channel.nio.NioEventLoop.run(NioEventLoop.java:458)
	at org.apache.ratis.thirdparty.io.netty.util.concurrent.SingleThreadEventExecutor$5.run(SingleThreadEventExecutor.java:897)
	at org.apache.ratis.thirdparty.io.netty.util.concurrent.FastThreadLocalRunnable.run(FastThreadLocalRunnable.java:30)
	... 1 more
Caused by: java.net.ConnectException: Connection refused
	... 11 more
2019-10-20 18:18:58,007 [b75f8b2e-6273-4c97-b7c5-042674931d23@group-F11756C8BA4A-LeaderElection395] INFO  impl.RaftServerImpl (RaftServerImpl.java:setRole(184)) - b75f8b2e-6273-4c97-b7c5-042674931d23@group-F11756C8BA4A: changes role from CANDIDATE to FOLLOWER at term 224 for DISCOVERED_A_NEW_TERM
2019-10-20 18:18:58,007 [grpc-default-executor-10] INFO  impl.RaftServerImpl (RaftServerImpl.java:setRole(184)) - 7a43c46a-fc88-4b2d-b2da-ae029cfa60ff@group-D40A05E2FCF9: changes role from  FOLLOWER to FOLLOWER at term 225 for recognizeCandidate:399079f7-1eb1-4f37-b003-267572525934
2019-10-20 18:18:58,008 [main] INFO  utils.BackgroundService (BackgroundService.java:shutdown(151)) - Shutting down service BlockDeletingService
2019-10-20 18:18:58,008 [b75f8b2e-6273-4c97-b7c5-042674931d23@group-F11756C8BA4A-LeaderElection395] INFO  impl.RoleInfo (RoleInfo.java:shutdownLeaderElection(134)) - b75f8b2e-6273-4c97-b7c5-042674931d23: shutdown LeaderElection
2019-10-20 18:18:58,008 [grpc-default-executor-10] INFO  impl.RoleInfo (RoleInfo.java:shutdownFollowerState(121)) - 7a43c46a-fc88-4b2d-b2da-ae029cfa60ff: shutdown FollowerState
2019-10-20 18:18:58,008 [b75f8b2e-6273-4c97-b7c5-042674931d23@group-F11756C8BA4A-LeaderElection395] INFO  impl.RoleInfo (RoleInfo.java:updateAndGet(143)) - b75f8b2e-6273-4c97-b7c5-042674931d23: start FollowerState
2019-10-20 18:18:58,008 [grpc-default-executor-10] INFO  impl.RoleInfo (RoleInfo.java:updateAndGet(143)) - 7a43c46a-fc88-4b2d-b2da-ae029cfa60ff: start FollowerState
2019-10-20 18:18:58,008 [Thread-3136] INFO  impl.FollowerState (FollowerState.java:run(117)) - 7a43c46a-fc88-4b2d-b2da-ae029cfa60ff@group-D40A05E2FCF9-FollowerState was interrupted: java.lang.InterruptedException: sleep interrupted
2019-10-20 18:18:58,012 [main] INFO  statemachine.DatanodeStateMachine (DatanodeStateMachine.java:stopDaemon(395)) - Ozone container server stopped.
2019-10-20 18:18:58,012 [399079f7-1eb1-4f37-b003-267572525934@group-D40A05E2FCF9-LeaderElection396] INFO  impl.LeaderElection (LogUtils.java:infoOrTrace(149)) - 399079f7-1eb1-4f37-b003-267572525934@group-D40A05E2FCF9-LeaderElection396 got exception when requesting votes: {}
java.util.concurrent.ExecutionException: org.apache.ratis.thirdparty.io.grpc.StatusRuntimeException: UNAVAILABLE: io exception
	at java.util.concurrent.FutureTask.report(FutureTask.java:122)
	at java.util.concurrent.FutureTask.get(FutureTask.java:192)
	at org.apache.ratis.server.impl.LeaderElection.waitForResults(LeaderElection.java:259)
	at org.apache.ratis.server.impl.LeaderElection.askForVotes(LeaderElection.java:197)
	at org.apache.ratis.server.impl.LeaderElection.run(LeaderElection.java:133)
	at java.lang.Thread.run(Thread.java:748)
Caused by: org.apache.ratis.thirdparty.io.grpc.StatusRuntimeException: UNAVAILABLE: io exception
	at org.apache.ratis.thirdparty.io.grpc.stub.ClientCalls.toStatusRuntimeException(ClientCalls.java:233)
	at org.apache.ratis.thirdparty.io.grpc.stub.ClientCalls.getUnchecked(ClientCalls.java:214)
	at org.apache.ratis.thirdparty.io.grpc.stub.ClientCalls.blockingUnaryCall(ClientCalls.java:139)
	at org.apache.ratis.proto.grpc.RaftServerProtocolServiceGrpc$RaftServerProtocolServiceBlockingStub.requestVote(RaftServerProtocolServiceGrpc.java:265)
	at org.apache.ratis.grpc.server.GrpcServerProtocolClient.requestVote(GrpcServerProtocolClient.java:99)
	at org.apache.ratis.grpc.server.GrpcService.requestVote(GrpcService.java:204)
	at org.apache.ratis.server.impl.LeaderElection.lambda$submitRequests$1(LeaderElection.java:234)
	at java.util.concurrent.FutureTask.run(FutureTask.java:266)
	at java.util.concurrent.Executors$RunnableAdapter.call(Executors.java:511)
	at java.util.concurrent.FutureTask.run(FutureTask.java:266)
	at java.util.concurrent.ThreadPoolExecutor.runWorker(ThreadPoolExecutor.java:1149)
	at java.util.concurrent.ThreadPoolExecutor$Worker.run(ThreadPoolExecutor.java:624)
	... 1 more
Caused by: org.apache.ratis.thirdparty.io.netty.channel.AbstractChannel$AnnotatedConnectException: Connection refused: /192.168.164.241:45428
	at sun.nio.ch.SocketChannelImpl.checkConnect(Native Method)
	at sun.nio.ch.SocketChannelImpl.finishConnect(SocketChannelImpl.java:717)
	at org.apache.ratis.thirdparty.io.netty.channel.socket.nio.NioSocketChannel.doFinishConnect(NioSocketChannel.java:327)
	at org.apache.ratis.thirdparty.io.netty.channel.nio.AbstractNioChannel$AbstractNioUnsafe.finishConnect(AbstractNioChannel.java:340)
	at org.apache.ratis.thirdparty.io.netty.channel.nio.NioEventLoop.processSelectedKey(NioEventLoop.java:632)
	at org.apache.ratis.thirdparty.io.netty.channel.nio.NioEventLoop.processSelectedKeysOptimized(NioEventLoop.java:579)
	at org.apache.ratis.thirdparty.io.netty.channel.nio.NioEventLoop.processSelectedKeys(NioEventLoop.java:496)
	at org.apache.ratis.thirdparty.io.netty.channel.nio.NioEventLoop.run(NioEventLoop.java:458)
	at org.apache.ratis.thirdparty.io.netty.util.concurrent.SingleThreadEventExecutor$5.run(SingleThreadEventExecutor.java:897)
	at org.apache.ratis.thirdparty.io.netty.util.concurrent.FastThreadLocalRunnable.run(FastThreadLocalRunnable.java:30)
	... 1 more
Caused by: java.net.ConnectException: Connection refused
	... 11 more
2019-10-20 18:18:58,014 [main] INFO  handler.ContextHandler (ContextHandler.java:doStop(910)) - Stopped o.e.j.w.WebAppContext@142213d5{/,null,UNAVAILABLE}{/hddsDatanode}
2019-10-20 18:18:58,015 [main] INFO  server.AbstractConnector (AbstractConnector.java:doStop(318)) - Stopped ServerConnector@934b52f{HTTP/1.1,[http/1.1]}{0.0.0.0:0}
2019-10-20 18:18:58,015 [main] INFO  handler.ContextHandler (ContextHandler.java:doStop(910)) - Stopped o.e.j.s.ServletContextHandler@17fa1336{/static,jar:file:/home/user/.m2/repository/org/apache/hadoop/hadoop-hdds-container-service/0.5.0-SNAPSHOT/hadoop-hdds-container-service-0.5.0-SNAPSHOT.jar!/webapps/static,UNAVAILABLE}
2019-10-20 18:18:58,015 [main] INFO  handler.ContextHandler (ContextHandler.java:doStop(910)) - Stopped o.e.j.s.ServletContextHandler@1457fde{/logs,file:///workdir/hadoop-ozone/integration-test/target/log,UNAVAILABLE}
2019-10-20 18:18:58,032 [399079f7-1eb1-4f37-b003-267572525934@group-D40A05E2FCF9-LeaderElection396] INFO  impl.LeaderElection (LeaderElection.java:logAndReturn(56)) - 399079f7-1eb1-4f37-b003-267572525934@group-D40A05E2FCF9-LeaderElection396: Election REJECTED; received 1 response(s) [399079f7-1eb1-4f37-b003-267572525934<-7a43c46a-fc88-4b2d-b2da-ae029cfa60ff#0:FAIL-t225] and 1 exception(s); 399079f7-1eb1-4f37-b003-267572525934@group-D40A05E2FCF9:t225, leader=null, voted=399079f7-1eb1-4f37-b003-267572525934, raftlog=399079f7-1eb1-4f37-b003-267572525934@group-D40A05E2FCF9-SegmentedRaftLog:OPENED:c-1,f-1,i0, conf=-1: [399079f7-1eb1-4f37-b003-267572525934:192.168.164.241:37762, 7a43c46a-fc88-4b2d-b2da-ae029cfa60ff:192.168.164.241:43684, 6c5c38af-62e6-4ea7-a24a-078dcb28fb39:192.168.164.241:45428], old=null
2019-10-20 18:18:58,033 [399079f7-1eb1-4f37-b003-267572525934@group-D40A05E2FCF9-LeaderElection396] INFO  impl.LeaderElection (LogUtils.java:infoOrTrace(149)) -   Exception 0: {}
java.util.concurrent.ExecutionException: org.apache.ratis.thirdparty.io.grpc.StatusRuntimeException: UNAVAILABLE: io exception
	at java.util.concurrent.FutureTask.report(FutureTask.java:122)
	at java.util.concurrent.FutureTask.get(FutureTask.java:192)
	at org.apache.ratis.server.impl.LeaderElection.waitForResults(LeaderElection.java:259)
	at org.apache.ratis.server.impl.LeaderElection.askForVotes(LeaderElection.java:197)
	at org.apache.ratis.server.impl.LeaderElection.run(LeaderElection.java:133)
	at java.lang.Thread.run(Thread.java:748)
Caused by: org.apache.ratis.thirdparty.io.grpc.StatusRuntimeException: UNAVAILABLE: io exception
	at org.apache.ratis.thirdparty.io.grpc.stub.ClientCalls.toStatusRuntimeException(ClientCalls.java:233)
	at org.apache.ratis.thirdparty.io.grpc.stub.ClientCalls.getUnchecked(ClientCalls.java:214)
	at org.apache.ratis.thirdparty.io.grpc.stub.ClientCalls.blockingUnaryCall(ClientCalls.java:139)
	at org.apache.ratis.proto.grpc.RaftServerProtocolServiceGrpc$RaftServerProtocolServiceBlockingStub.requestVote(RaftServerProtocolServiceGrpc.java:265)
	at org.apache.ratis.grpc.server.GrpcServerProtocolClient.requestVote(GrpcServerProtocolClient.java:99)
	at org.apache.ratis.grpc.server.GrpcService.requestVote(GrpcService.java:204)
	at org.apache.ratis.server.impl.LeaderElection.lambda$submitRequests$1(LeaderElection.java:234)
	at java.util.concurrent.FutureTask.run(FutureTask.java:266)
	at java.util.concurrent.Executors$RunnableAdapter.call(Executors.java:511)
	at java.util.concurrent.FutureTask.run(FutureTask.java:266)
	at java.util.concurrent.ThreadPoolExecutor.runWorker(ThreadPoolExecutor.java:1149)
	at java.util.concurrent.ThreadPoolExecutor$Worker.run(ThreadPoolExecutor.java:624)
	... 1 more
Caused by: org.apache.ratis.thirdparty.io.netty.channel.AbstractChannel$AnnotatedConnectException: Connection refused: /192.168.164.241:45428
	at sun.nio.ch.SocketChannelImpl.checkConnect(Native Method)
	at sun.nio.ch.SocketChannelImpl.finishConnect(SocketChannelImpl.java:717)
	at org.apache.ratis.thirdparty.io.netty.channel.socket.nio.NioSocketChannel.doFinishConnect(NioSocketChannel.java:327)
	at org.apache.ratis.thirdparty.io.netty.channel.nio.AbstractNioChannel$AbstractNioUnsafe.finishConnect(AbstractNioChannel.java:340)
	at org.apache.ratis.thirdparty.io.netty.channel.nio.NioEventLoop.processSelectedKey(NioEventLoop.java:632)
	at org.apache.ratis.thirdparty.io.netty.channel.nio.NioEventLoop.processSelectedKeysOptimized(NioEventLoop.java:579)
	at org.apache.ratis.thirdparty.io.netty.channel.nio.NioEventLoop.processSelectedKeys(NioEventLoop.java:496)
	at org.apache.ratis.thirdparty.io.netty.channel.nio.NioEventLoop.run(NioEventLoop.java:458)
	at org.apache.ratis.thirdparty.io.netty.util.concurrent.SingleThreadEventExecutor$5.run(SingleThreadEventExecutor.java:897)
	at org.apache.ratis.thirdparty.io.netty.util.concurrent.FastThreadLocalRunnable.run(FastThreadLocalRunnable.java:30)
	... 1 more
Caused by: java.net.ConnectException: Connection refused
	... 11 more
2019-10-20 18:18:58,033 [399079f7-1eb1-4f37-b003-267572525934@group-D40A05E2FCF9-LeaderElection396] INFO  impl.RaftServerImpl (RaftServerImpl.java:setRole(184)) - 399079f7-1eb1-4f37-b003-267572525934@group-D40A05E2FCF9: changes role from CANDIDATE to FOLLOWER at term 225 for DISCOVERED_A_NEW_TERM
2019-10-20 18:18:58,033 [399079f7-1eb1-4f37-b003-267572525934@group-D40A05E2FCF9-LeaderElection396] INFO  impl.RoleInfo (RoleInfo.java:shutdownLeaderElection(134)) - 399079f7-1eb1-4f37-b003-267572525934: shutdown LeaderElection
2019-10-20 18:18:58,033 [399079f7-1eb1-4f37-b003-267572525934@group-D40A05E2FCF9-LeaderElection396] INFO  impl.RoleInfo (RoleInfo.java:updateAndGet(143)) - 399079f7-1eb1-4f37-b003-267572525934: start FollowerState
2019-10-20 18:18:58,101 [Datanode State Machine Thread - 0] INFO  statemachine.DatanodeStateMachine (DatanodeStateMachine.java:lambda$startDaemon$0(350)) - Ozone container server started.
2019-10-20 18:18:58,177 [Thread-3148] INFO  impl.FollowerState (FollowerState.java:run(108)) - 399079f7-1eb1-4f37-b003-267572525934@group-D40A05E2FCF9-FollowerState: change to CANDIDATE, lastRpcTime:143ms, electionTimeout:143ms
2019-10-20 18:18:58,177 [Thread-3148] INFO  impl.RoleInfo (RoleInfo.java:shutdownFollowerState(121)) - 399079f7-1eb1-4f37-b003-267572525934: shutdown FollowerState
2019-10-20 18:18:58,177 [Thread-3148] INFO  impl.RaftServerImpl (RaftServerImpl.java:setRole(184)) - 399079f7-1eb1-4f37-b003-267572525934@group-D40A05E2FCF9: changes role from  FOLLOWER to CANDIDATE at term 225 for changeToCandidate
2019-10-20 18:18:58,177 [Thread-3148] INFO  impl.RoleInfo (RoleInfo.java:updateAndGet(143)) - 399079f7-1eb1-4f37-b003-267572525934: start LeaderElection
2019-10-20 18:18:58,207 [399079f7-1eb1-4f37-b003-267572525934@group-D40A05E2FCF9-LeaderElection397] INFO  impl.LeaderElection (LeaderElection.java:askForVotes(178)) - 399079f7-1eb1-4f37-b003-267572525934@group-D40A05E2FCF9-LeaderElection397: begin an election at term 226 for -1: [399079f7-1eb1-4f37-b003-267572525934:192.168.164.241:37762, 7a43c46a-fc88-4b2d-b2da-ae029cfa60ff:192.168.164.241:43684, 6c5c38af-62e6-4ea7-a24a-078dcb28fb39:192.168.164.241:45428], old=null
2019-10-20 18:18:58,209 [399079f7-1eb1-4f37-b003-267572525934@group-D40A05E2FCF9-LeaderElection397] INFO  impl.LeaderElection (LogUtils.java:infoOrTrace(149)) - 399079f7-1eb1-4f37-b003-267572525934@group-D40A05E2FCF9-LeaderElection397 got exception when requesting votes: {}
java.util.concurrent.ExecutionException: org.apache.ratis.thirdparty.io.grpc.StatusRuntimeException: UNAVAILABLE: io exception
	at java.util.concurrent.FutureTask.report(FutureTask.java:122)
	at java.util.concurrent.FutureTask.get(FutureTask.java:192)
	at org.apache.ratis.server.impl.LeaderElection.waitForResults(LeaderElection.java:259)
	at org.apache.ratis.server.impl.LeaderElection.askForVotes(LeaderElection.java:197)
	at org.apache.ratis.server.impl.LeaderElection.run(LeaderElection.java:133)
	at java.lang.Thread.run(Thread.java:748)
Caused by: org.apache.ratis.thirdparty.io.grpc.StatusRuntimeException: UNAVAILABLE: io exception
	at org.apache.ratis.thirdparty.io.grpc.stub.ClientCalls.toStatusRuntimeException(ClientCalls.java:233)
	at org.apache.ratis.thirdparty.io.grpc.stub.ClientCalls.getUnchecked(ClientCalls.java:214)
	at org.apache.ratis.thirdparty.io.grpc.stub.ClientCalls.blockingUnaryCall(ClientCalls.java:139)
	at org.apache.ratis.proto.grpc.RaftServerProtocolServiceGrpc$RaftServerProtocolServiceBlockingStub.requestVote(RaftServerProtocolServiceGrpc.java:265)
	at org.apache.ratis.grpc.server.GrpcServerProtocolClient.requestVote(GrpcServerProtocolClient.java:99)
	at org.apache.ratis.grpc.server.GrpcService.requestVote(GrpcService.java:204)
	at org.apache.ratis.server.impl.LeaderElection.lambda$submitRequests$1(LeaderElection.java:234)
	at java.util.concurrent.FutureTask.run(FutureTask.java:266)
	at java.util.concurrent.Executors$RunnableAdapter.call(Executors.java:511)
	at java.util.concurrent.FutureTask.run(FutureTask.java:266)
	at java.util.concurrent.ThreadPoolExecutor.runWorker(ThreadPoolExecutor.java:1149)
	at java.util.concurrent.ThreadPoolExecutor$Worker.run(ThreadPoolExecutor.java:624)
	... 1 more
Caused by: org.apache.ratis.thirdparty.io.netty.channel.AbstractChannel$AnnotatedConnectException: Connection refused: /192.168.164.241:45428
	at sun.nio.ch.SocketChannelImpl.checkConnect(Native Method)
	at sun.nio.ch.SocketChannelImpl.finishConnect(SocketChannelImpl.java:717)
	at org.apache.ratis.thirdparty.io.netty.channel.socket.nio.NioSocketChannel.doFinishConnect(NioSocketChannel.java:327)
	at org.apache.ratis.thirdparty.io.netty.channel.nio.AbstractNioChannel$AbstractNioUnsafe.finishConnect(AbstractNioChannel.java:340)
	at org.apache.ratis.thirdparty.io.netty.channel.nio.NioEventLoop.processSelectedKey(NioEventLoop.java:632)
	at org.apache.ratis.thirdparty.io.netty.channel.nio.NioEventLoop.processSelectedKeysOptimized(NioEventLoop.java:579)
	at org.apache.ratis.thirdparty.io.netty.channel.nio.NioEventLoop.processSelectedKeys(NioEventLoop.java:496)
	at org.apache.ratis.thirdparty.io.netty.channel.nio.NioEventLoop.run(NioEventLoop.java:458)
	at org.apache.ratis.thirdparty.io.netty.util.concurrent.SingleThreadEventExecutor$5.run(SingleThreadEventExecutor.java:897)
	at org.apache.ratis.thirdparty.io.netty.util.concurrent.FastThreadLocalRunnable.run(FastThreadLocalRunnable.java:30)
	... 1 more
Caused by: java.net.ConnectException: Connection refused
	... 11 more
2019-10-20 18:18:58,211 [Thread-3146] INFO  impl.FollowerState (FollowerState.java:run(108)) - b75f8b2e-6273-4c97-b7c5-042674931d23@group-F11756C8BA4A-FollowerState: change to CANDIDATE, lastRpcTime:202ms, electionTimeout:198ms
2019-10-20 18:18:58,211 [Thread-3146] INFO  impl.RoleInfo (RoleInfo.java:shutdownFollowerState(121)) - b75f8b2e-6273-4c97-b7c5-042674931d23: shutdown FollowerState
2019-10-20 18:18:58,212 [Thread-3146] INFO  impl.RaftServerImpl (RaftServerImpl.java:setRole(184)) - b75f8b2e-6273-4c97-b7c5-042674931d23@group-F11756C8BA4A: changes role from  FOLLOWER to CANDIDATE at term 224 for changeToCandidate
2019-10-20 18:18:58,212 [grpc-default-executor-10] INFO  impl.RaftServerImpl (RaftServerImpl.java:setRole(184)) - 7a43c46a-fc88-4b2d-b2da-ae029cfa60ff@group-D40A05E2FCF9: changes role from  FOLLOWER to FOLLOWER at term 226 for recognizeCandidate:399079f7-1eb1-4f37-b003-267572525934
2019-10-20 18:18:58,212 [Thread-3146] INFO  impl.RoleInfo (RoleInfo.java:updateAndGet(143)) - b75f8b2e-6273-4c97-b7c5-042674931d23: start LeaderElection
2019-10-20 18:18:58,212 [grpc-default-executor-10] INFO  impl.RoleInfo (RoleInfo.java:shutdownFollowerState(121)) - 7a43c46a-fc88-4b2d-b2da-ae029cfa60ff: shutdown FollowerState
2019-10-20 18:18:58,212 [grpc-default-executor-10] INFO  impl.RoleInfo (RoleInfo.java:updateAndGet(143)) - 7a43c46a-fc88-4b2d-b2da-ae029cfa60ff: start FollowerState
2019-10-20 18:18:58,212 [Thread-3147] INFO  impl.FollowerState (FollowerState.java:run(117)) - 7a43c46a-fc88-4b2d-b2da-ae029cfa60ff@group-D40A05E2FCF9-FollowerState was interrupted: java.lang.InterruptedException: sleep interrupted
2019-10-20 18:18:58,241 [b75f8b2e-6273-4c97-b7c5-042674931d23@group-F11756C8BA4A-LeaderElection398] INFO  impl.LeaderElection (LeaderElection.java:askForVotes(178)) - b75f8b2e-6273-4c97-b7c5-042674931d23@group-F11756C8BA4A-LeaderElection398: begin an election at term 225 for -1: [6ef27e9c-8ddb-4fa1-8c14-ab102acfb1b8:192.168.164.241:38092, b75f8b2e-6273-4c97-b7c5-042674931d23:192.168.164.241:41857, 3750b3a2-715b-46b3-9d0c-9e38136244b9:192.168.164.241:46227], old=null
2019-10-20 18:18:58,242 [399079f7-1eb1-4f37-b003-267572525934@group-D40A05E2FCF9-LeaderElection397] INFO  impl.LeaderElection (LeaderElection.java:logAndReturn(56)) - 399079f7-1eb1-4f37-b003-267572525934@group-D40A05E2FCF9-LeaderElection397: Election REJECTED; received 1 response(s) [399079f7-1eb1-4f37-b003-267572525934<-7a43c46a-fc88-4b2d-b2da-ae029cfa60ff#0:FAIL-t226] and 1 exception(s); 399079f7-1eb1-4f37-b003-267572525934@group-D40A05E2FCF9:t226, leader=null, voted=399079f7-1eb1-4f37-b003-267572525934, raftlog=399079f7-1eb1-4f37-b003-267572525934@group-D40A05E2FCF9-SegmentedRaftLog:OPENED:c-1,f-1,i0, conf=-1: [399079f7-1eb1-4f37-b003-267572525934:192.168.164.241:37762, 7a43c46a-fc88-4b2d-b2da-ae029cfa60ff:192.168.164.241:43684, 6c5c38af-62e6-4ea7-a24a-078dcb28fb39:192.168.164.241:45428], old=null
2019-10-20 18:18:58,242 [b75f8b2e-6273-4c97-b7c5-042674931d23@group-F11756C8BA4A-LeaderElection398] INFO  impl.LeaderElection (LogUtils.java:infoOrTrace(149)) - b75f8b2e-6273-4c97-b7c5-042674931d23@group-F11756C8BA4A-LeaderElection398 got exception when requesting votes: {}
java.util.concurrent.ExecutionException: org.apache.ratis.thirdparty.io.grpc.StatusRuntimeException: UNAVAILABLE: io exception
	at java.util.concurrent.FutureTask.report(FutureTask.java:122)
	at java.util.concurrent.FutureTask.get(FutureTask.java:192)
	at org.apache.ratis.server.impl.LeaderElection.waitForResults(LeaderElection.java:259)
	at org.apache.ratis.server.impl.LeaderElection.askForVotes(LeaderElection.java:197)
	at org.apache.ratis.server.impl.LeaderElection.run(LeaderElection.java:133)
	at java.lang.Thread.run(Thread.java:748)
Caused by: org.apache.ratis.thirdparty.io.grpc.StatusRuntimeException: UNAVAILABLE: io exception
	at org.apache.ratis.thirdparty.io.grpc.stub.ClientCalls.toStatusRuntimeException(ClientCalls.java:233)
	at org.apache.ratis.thirdparty.io.grpc.stub.ClientCalls.getUnchecked(ClientCalls.java:214)
	at org.apache.ratis.thirdparty.io.grpc.stub.ClientCalls.blockingUnaryCall(ClientCalls.java:139)
	at org.apache.ratis.proto.grpc.RaftServerProtocolServiceGrpc$RaftServerProtocolServiceBlockingStub.requestVote(RaftServerProtocolServiceGrpc.java:265)
	at org.apache.ratis.grpc.server.GrpcServerProtocolClient.requestVote(GrpcServerProtocolClient.java:99)
	at org.apache.ratis.grpc.server.GrpcService.requestVote(GrpcService.java:204)
	at org.apache.ratis.server.impl.LeaderElection.lambda$submitRequests$1(LeaderElection.java:234)
	at java.util.concurrent.FutureTask.run(FutureTask.java:266)
	at java.util.concurrent.Executors$RunnableAdapter.call(Executors.java:511)
	at java.util.concurrent.FutureTask.run(FutureTask.java:266)
	at java.util.concurrent.ThreadPoolExecutor.runWorker(ThreadPoolExecutor.java:1149)
	at java.util.concurrent.ThreadPoolExecutor$Worker.run(ThreadPoolExecutor.java:624)
	... 1 more
Caused by: org.apache.ratis.thirdparty.io.netty.channel.AbstractChannel$AnnotatedConnectException: Connection refused: /192.168.164.241:46227
	at sun.nio.ch.SocketChannelImpl.checkConnect(Native Method)
	at sun.nio.ch.SocketChannelImpl.finishConnect(SocketChannelImpl.java:717)
	at org.apache.ratis.thirdparty.io.netty.channel.socket.nio.NioSocketChannel.doFinishConnect(NioSocketChannel.java:327)
	at org.apache.ratis.thirdparty.io.netty.channel.nio.AbstractNioChannel$AbstractNioUnsafe.finishConnect(AbstractNioChannel.java:340)
	at org.apache.ratis.thirdparty.io.netty.channel.nio.NioEventLoop.processSelectedKey(NioEventLoop.java:632)
	at org.apache.ratis.thirdparty.io.netty.channel.nio.NioEventLoop.processSelectedKeysOptimized(NioEventLoop.java:579)
	at org.apache.ratis.thirdparty.io.netty.channel.nio.NioEventLoop.processSelectedKeys(NioEventLoop.java:496)
	at org.apache.ratis.thirdparty.io.netty.channel.nio.NioEventLoop.run(NioEventLoop.java:458)
	at org.apache.ratis.thirdparty.io.netty.util.concurrent.SingleThreadEventExecutor$5.run(SingleThreadEventExecutor.java:897)
	at org.apache.ratis.thirdparty.io.netty.util.concurrent.FastThreadLocalRunnable.run(FastThreadLocalRunnable.java:30)
	... 1 more
Caused by: java.net.ConnectException: Connection refused
	... 11 more
2019-10-20 18:18:58,242 [399079f7-1eb1-4f37-b003-267572525934@group-D40A05E2FCF9-LeaderElection397] INFO  impl.LeaderElection (LogUtils.java:infoOrTrace(149)) -   Exception 0: {}
java.util.concurrent.ExecutionException: org.apache.ratis.thirdparty.io.grpc.StatusRuntimeException: UNAVAILABLE: io exception
	at java.util.concurrent.FutureTask.report(FutureTask.java:122)
	at java.util.concurrent.FutureTask.get(FutureTask.java:192)
	at org.apache.ratis.server.impl.LeaderElection.waitForResults(LeaderElection.java:259)
	at org.apache.ratis.server.impl.LeaderElection.askForVotes(LeaderElection.java:197)
	at org.apache.ratis.server.impl.LeaderElection.run(LeaderElection.java:133)
	at java.lang.Thread.run(Thread.java:748)
Caused by: org.apache.ratis.thirdparty.io.grpc.StatusRuntimeException: UNAVAILABLE: io exception
	at org.apache.ratis.thirdparty.io.grpc.stub.ClientCalls.toStatusRuntimeException(ClientCalls.java:233)
	at org.apache.ratis.thirdparty.io.grpc.stub.ClientCalls.getUnchecked(ClientCalls.java:214)
	at org.apache.ratis.thirdparty.io.grpc.stub.ClientCalls.blockingUnaryCall(ClientCalls.java:139)
	at org.apache.ratis.proto.grpc.RaftServerProtocolServiceGrpc$RaftServerProtocolServiceBlockingStub.requestVote(RaftServerProtocolServiceGrpc.java:265)
	at org.apache.ratis.grpc.server.GrpcServerProtocolClient.requestVote(GrpcServerProtocolClient.java:99)
	at org.apache.ratis.grpc.server.GrpcService.requestVote(GrpcService.java:204)
	at org.apache.ratis.server.impl.LeaderElection.lambda$submitRequests$1(LeaderElection.java:234)
	at java.util.concurrent.FutureTask.run(FutureTask.java:266)
	at java.util.concurrent.Executors$RunnableAdapter.call(Executors.java:511)
	at java.util.concurrent.FutureTask.run(FutureTask.java:266)
	at java.util.concurrent.ThreadPoolExecutor.runWorker(ThreadPoolExecutor.java:1149)
	at java.util.concurrent.ThreadPoolExecutor$Worker.run(ThreadPoolExecutor.java:624)
	... 1 more
Caused by: org.apache.ratis.thirdparty.io.netty.channel.AbstractChannel$AnnotatedConnectException: Connection refused: /192.168.164.241:45428
	at sun.nio.ch.SocketChannelImpl.checkConnect(Native Method)
	at sun.nio.ch.SocketChannelImpl.finishConnect(SocketChannelImpl.java:717)
	at org.apache.ratis.thirdparty.io.netty.channel.socket.nio.NioSocketChannel.doFinishConnect(NioSocketChannel.java:327)
	at org.apache.ratis.thirdparty.io.netty.channel.nio.AbstractNioChannel$AbstractNioUnsafe.finishConnect(AbstractNioChannel.java:340)
	at org.apache.ratis.thirdparty.io.netty.channel.nio.NioEventLoop.processSelectedKey(NioEventLoop.java:632)
	at org.apache.ratis.thirdparty.io.netty.channel.nio.NioEventLoop.processSelectedKeysOptimized(NioEventLoop.java:579)
	at org.apache.ratis.thirdparty.io.netty.channel.nio.NioEventLoop.processSelectedKeys(NioEventLoop.java:496)
	at org.apache.ratis.thirdparty.io.netty.channel.nio.NioEventLoop.run(NioEventLoop.java:458)
	at org.apache.ratis.thirdparty.io.netty.util.concurrent.SingleThreadEventExecutor$5.run(SingleThreadEventExecutor.java:897)
	at org.apache.ratis.thirdparty.io.netty.util.concurrent.FastThreadLocalRunnable.run(FastThreadLocalRunnable.java:30)
	... 1 more
Caused by: java.net.ConnectException: Connection refused
	... 11 more
2019-10-20 18:18:58,244 [grpc-default-executor-10] INFO  impl.RaftServerImpl (RaftServerImpl.java:setRole(184)) - 6ef27e9c-8ddb-4fa1-8c14-ab102acfb1b8@group-F11756C8BA4A: changes role from  FOLLOWER to FOLLOWER at term 225 for recognizeCandidate:b75f8b2e-6273-4c97-b7c5-042674931d23
2019-10-20 18:18:58,245 [399079f7-1eb1-4f37-b003-267572525934@group-D40A05E2FCF9-LeaderElection397] INFO  impl.RaftServerImpl (RaftServerImpl.java:setRole(184)) - 399079f7-1eb1-4f37-b003-267572525934@group-D40A05E2FCF9: changes role from CANDIDATE to FOLLOWER at term 226 for DISCOVERED_A_NEW_TERM
2019-10-20 18:18:58,245 [grpc-default-executor-10] INFO  impl.RoleInfo (RoleInfo.java:shutdownFollowerState(121)) - 6ef27e9c-8ddb-4fa1-8c14-ab102acfb1b8: shutdown FollowerState
2019-10-20 18:18:58,245 [399079f7-1eb1-4f37-b003-267572525934@group-D40A05E2FCF9-LeaderElection397] INFO  impl.RoleInfo (RoleInfo.java:shutdownLeaderElection(134)) - 399079f7-1eb1-4f37-b003-267572525934: shutdown LeaderElection
2019-10-20 18:18:58,245 [Thread-3142] INFO  impl.FollowerState (FollowerState.java:run(117)) - 6ef27e9c-8ddb-4fa1-8c14-ab102acfb1b8@group-F11756C8BA4A-FollowerState was interrupted: java.lang.InterruptedException: sleep interrupted
2019-10-20 18:18:58,245 [grpc-default-executor-10] INFO  impl.RoleInfo (RoleInfo.java:updateAndGet(143)) - 6ef27e9c-8ddb-4fa1-8c14-ab102acfb1b8: start FollowerState
2019-10-20 18:18:58,245 [399079f7-1eb1-4f37-b003-267572525934@group-D40A05E2FCF9-LeaderElection397] INFO  impl.RoleInfo (RoleInfo.java:updateAndGet(143)) - 399079f7-1eb1-4f37-b003-267572525934: start FollowerState
2019-10-20 18:18:58,267 [b75f8b2e-6273-4c97-b7c5-042674931d23@group-F11756C8BA4A-LeaderElection398] INFO  impl.LeaderElection (LeaderElection.java:logAndReturn(56)) - b75f8b2e-6273-4c97-b7c5-042674931d23@group-F11756C8BA4A-LeaderElection398: Election REJECTED; received 1 response(s) [b75f8b2e-6273-4c97-b7c5-042674931d23<-6ef27e9c-8ddb-4fa1-8c14-ab102acfb1b8#0:FAIL-t225] and 1 exception(s); b75f8b2e-6273-4c97-b7c5-042674931d23@group-F11756C8BA4A:t225, leader=null, voted=b75f8b2e-6273-4c97-b7c5-042674931d23, raftlog=b75f8b2e-6273-4c97-b7c5-042674931d23@group-F11756C8BA4A-SegmentedRaftLog:OPENED:c-1,f-1,i0, conf=-1: [6ef27e9c-8ddb-4fa1-8c14-ab102acfb1b8:192.168.164.241:38092, b75f8b2e-6273-4c97-b7c5-042674931d23:192.168.164.241:41857, 3750b3a2-715b-46b3-9d0c-9e38136244b9:192.168.164.241:46227], old=null
2019-10-20 18:18:58,267 [b75f8b2e-6273-4c97-b7c5-042674931d23@group-F11756C8BA4A-LeaderElection398] INFO  impl.LeaderElection (LogUtils.java:infoOrTrace(149)) -   Exception 0: {}
java.util.concurrent.ExecutionException: org.apache.ratis.thirdparty.io.grpc.StatusRuntimeException: UNAVAILABLE: io exception
	at java.util.concurrent.FutureTask.report(FutureTask.java:122)
	at java.util.concurrent.FutureTask.get(FutureTask.java:192)
	at org.apache.ratis.server.impl.LeaderElection.waitForResults(LeaderElection.java:259)
	at org.apache.ratis.server.impl.LeaderElection.askForVotes(LeaderElection.java:197)
	at org.apache.ratis.server.impl.LeaderElection.run(LeaderElection.java:133)
	at java.lang.Thread.run(Thread.java:748)
Caused by: org.apache.ratis.thirdparty.io.grpc.StatusRuntimeException: UNAVAILABLE: io exception
	at org.apache.ratis.thirdparty.io.grpc.stub.ClientCalls.toStatusRuntimeException(ClientCalls.java:233)
	at org.apache.ratis.thirdparty.io.grpc.stub.ClientCalls.getUnchecked(ClientCalls.java:214)
	at org.apache.ratis.thirdparty.io.grpc.stub.ClientCalls.blockingUnaryCall(ClientCalls.java:139)
	at org.apache.ratis.proto.grpc.RaftServerProtocolServiceGrpc$RaftServerProtocolServiceBlockingStub.requestVote(RaftServerProtocolServiceGrpc.java:265)
	at org.apache.ratis.grpc.server.GrpcServerProtocolClient.requestVote(GrpcServerProtocolClient.java:99)
	at org.apache.ratis.grpc.server.GrpcService.requestVote(GrpcService.java:204)
	at org.apache.ratis.server.impl.LeaderElection.lambda$submitRequests$1(LeaderElection.java:234)
	at java.util.concurrent.FutureTask.run(FutureTask.java:266)
	at java.util.concurrent.Executors$RunnableAdapter.call(Executors.java:511)
	at java.util.concurrent.FutureTask.run(FutureTask.java:266)
	at java.util.concurrent.ThreadPoolExecutor.runWorker(ThreadPoolExecutor.java:1149)
	at java.util.concurrent.ThreadPoolExecutor$Worker.run(ThreadPoolExecutor.java:624)
	... 1 more
Caused by: org.apache.ratis.thirdparty.io.netty.channel.AbstractChannel$AnnotatedConnectException: Connection refused: /192.168.164.241:46227
	at sun.nio.ch.SocketChannelImpl.checkConnect(Native Method)
	at sun.nio.ch.SocketChannelImpl.finishConnect(SocketChannelImpl.java:717)
	at org.apache.ratis.thirdparty.io.netty.channel.socket.nio.NioSocketChannel.doFinishConnect(NioSocketChannel.java:327)
	at org.apache.ratis.thirdparty.io.netty.channel.nio.AbstractNioChannel$AbstractNioUnsafe.finishConnect(AbstractNioChannel.java:340)
	at org.apache.ratis.thirdparty.io.netty.channel.nio.NioEventLoop.processSelectedKey(NioEventLoop.java:632)
	at org.apache.ratis.thirdparty.io.netty.channel.nio.NioEventLoop.processSelectedKeysOptimized(NioEventLoop.java:579)
	at org.apache.ratis.thirdparty.io.netty.channel.nio.NioEventLoop.processSelectedKeys(NioEventLoop.java:496)
	at org.apache.ratis.thirdparty.io.netty.channel.nio.NioEventLoop.run(NioEventLoop.java:458)
	at org.apache.ratis.thirdparty.io.netty.util.concurrent.SingleThreadEventExecutor$5.run(SingleThreadEventExecutor.java:897)
	at org.apache.ratis.thirdparty.io.netty.util.concurrent.FastThreadLocalRunnable.run(FastThreadLocalRunnable.java:30)
	... 1 more
Caused by: java.net.ConnectException: Connection refused
	... 11 more
2019-10-20 18:18:58,268 [b75f8b2e-6273-4c97-b7c5-042674931d23@group-F11756C8BA4A-LeaderElection398] INFO  impl.RaftServerImpl (RaftServerImpl.java:setRole(184)) - b75f8b2e-6273-4c97-b7c5-042674931d23@group-F11756C8BA4A: changes role from CANDIDATE to FOLLOWER at term 225 for DISCOVERED_A_NEW_TERM
2019-10-20 18:18:58,268 [b75f8b2e-6273-4c97-b7c5-042674931d23@group-F11756C8BA4A-LeaderElection398] INFO  impl.RoleInfo (RoleInfo.java:shutdownLeaderElection(134)) - b75f8b2e-6273-4c97-b7c5-042674931d23: shutdown LeaderElection
2019-10-20 18:18:58,268 [b75f8b2e-6273-4c97-b7c5-042674931d23@group-F11756C8BA4A-LeaderElection398] INFO  impl.RoleInfo (RoleInfo.java:updateAndGet(143)) - b75f8b2e-6273-4c97-b7c5-042674931d23: start FollowerState
2019-10-20 18:18:58,270 [Thread-3158] INFO  impl.FollowerState (FollowerState.java:run(108)) - 399079f7-1eb1-4f37-b003-267572525934@group-D40A05E2FCF9-FollowerState: change to CANDIDATE, lastRpcTime:25ms, electionTimeout:25ms
2019-10-20 18:18:58,271 [Thread-3158] INFO  impl.RoleInfo (RoleInfo.java:shutdownFollowerState(121)) - 399079f7-1eb1-4f37-b003-267572525934: shutdown FollowerState
2019-10-20 18:18:58,271 [Thread-3158] INFO  impl.RaftServerImpl (RaftServerImpl.java:setRole(184)) - 399079f7-1eb1-4f37-b003-267572525934@group-D40A05E2FCF9: changes role from  FOLLOWER to CANDIDATE at term 226 for changeToCandidate
2019-10-20 18:18:58,271 [Thread-3158] INFO  impl.RoleInfo (RoleInfo.java:updateAndGet(143)) - 399079f7-1eb1-4f37-b003-267572525934: start LeaderElection
2019-10-20 18:18:58,292 [399079f7-1eb1-4f37-b003-267572525934@group-D40A05E2FCF9-LeaderElection399] INFO  impl.LeaderElection (LeaderElection.java:askForVotes(178)) - 399079f7-1eb1-4f37-b003-267572525934@group-D40A05E2FCF9-LeaderElection399: begin an election at term 227 for -1: [399079f7-1eb1-4f37-b003-267572525934:192.168.164.241:37762, 7a43c46a-fc88-4b2d-b2da-ae029cfa60ff:192.168.164.241:43684, 6c5c38af-62e6-4ea7-a24a-078dcb28fb39:192.168.164.241:45428], old=null
2019-10-20 18:18:58,293 [399079f7-1eb1-4f37-b003-267572525934@group-D40A05E2FCF9-LeaderElection399] INFO  impl.LeaderElection (LogUtils.java:infoOrTrace(149)) - 399079f7-1eb1-4f37-b003-267572525934@group-D40A05E2FCF9-LeaderElection399 got exception when requesting votes: {}
java.util.concurrent.ExecutionException: org.apache.ratis.thirdparty.io.grpc.StatusRuntimeException: UNAVAILABLE: io exception
	at java.util.concurrent.FutureTask.report(FutureTask.java:122)
	at java.util.concurrent.FutureTask.get(FutureTask.java:192)
	at org.apache.ratis.server.impl.LeaderElection.waitForResults(LeaderElection.java:259)
	at org.apache.ratis.server.impl.LeaderElection.askForVotes(LeaderElection.java:197)
	at org.apache.ratis.server.impl.LeaderElection.run(LeaderElection.java:133)
	at java.lang.Thread.run(Thread.java:748)
Caused by: org.apache.ratis.thirdparty.io.grpc.StatusRuntimeException: UNAVAILABLE: io exception
	at org.apache.ratis.thirdparty.io.grpc.stub.ClientCalls.toStatusRuntimeException(ClientCalls.java:233)
	at org.apache.ratis.thirdparty.io.grpc.stub.ClientCalls.getUnchecked(ClientCalls.java:214)
	at org.apache.ratis.thirdparty.io.grpc.stub.ClientCalls.blockingUnaryCall(ClientCalls.java:139)
	at org.apache.ratis.proto.grpc.RaftServerProtocolServiceGrpc$RaftServerProtocolServiceBlockingStub.requestVote(RaftServerProtocolServiceGrpc.java:265)
	at org.apache.ratis.grpc.server.GrpcServerProtocolClient.requestVote(GrpcServerProtocolClient.java:99)
	at org.apache.ratis.grpc.server.GrpcService.requestVote(GrpcService.java:204)
	at org.apache.ratis.server.impl.LeaderElection.lambda$submitRequests$1(LeaderElection.java:234)
	at java.util.concurrent.FutureTask.run(FutureTask.java:266)
	at java.util.concurrent.Executors$RunnableAdapter.call(Executors.java:511)
	at java.util.concurrent.FutureTask.run(FutureTask.java:266)
	at java.util.concurrent.ThreadPoolExecutor.runWorker(ThreadPoolExecutor.java:1149)
	at java.util.concurrent.ThreadPoolExecutor$Worker.run(ThreadPoolExecutor.java:624)
	... 1 more
Caused by: org.apache.ratis.thirdparty.io.netty.channel.AbstractChannel$AnnotatedConnectException: Connection refused: /192.168.164.241:45428
	at sun.nio.ch.SocketChannelImpl.checkConnect(Native Method)
	at sun.nio.ch.SocketChannelImpl.finishConnect(SocketChannelImpl.java:717)
	at org.apache.ratis.thirdparty.io.netty.channel.socket.nio.NioSocketChannel.doFinishConnect(NioSocketChannel.java:327)
	at org.apache.ratis.thirdparty.io.netty.channel.nio.AbstractNioChannel$AbstractNioUnsafe.finishConnect(AbstractNioChannel.java:340)
	at org.apache.ratis.thirdparty.io.netty.channel.nio.NioEventLoop.processSelectedKey(NioEventLoop.java:632)
	at org.apache.ratis.thirdparty.io.netty.channel.nio.NioEventLoop.processSelectedKeysOptimized(NioEventLoop.java:579)
	at org.apache.ratis.thirdparty.io.netty.channel.nio.NioEventLoop.processSelectedKeys(NioEventLoop.java:496)
	at org.apache.ratis.thirdparty.io.netty.channel.nio.NioEventLoop.run(NioEventLoop.java:458)
	at org.apache.ratis.thirdparty.io.netty.util.concurrent.SingleThreadEventExecutor$5.run(SingleThreadEventExecutor.java:897)
	at org.apache.ratis.thirdparty.io.netty.util.concurrent.FastThreadLocalRunnable.run(FastThreadLocalRunnable.java:30)
	... 1 more
Caused by: java.net.ConnectException: Connection refused
	... 11 more
2019-10-20 18:18:58,303 [grpc-default-executor-10] INFO  impl.RaftServerImpl (RaftServerImpl.java:setRole(184)) - 7a43c46a-fc88-4b2d-b2da-ae029cfa60ff@group-D40A05E2FCF9: changes role from  FOLLOWER to FOLLOWER at term 227 for recognizeCandidate:399079f7-1eb1-4f37-b003-267572525934
2019-10-20 18:18:58,304 [grpc-default-executor-10] INFO  impl.RoleInfo (RoleInfo.java:shutdownFollowerState(121)) - 7a43c46a-fc88-4b2d-b2da-ae029cfa60ff: shutdown FollowerState
2019-10-20 18:18:58,304 [grpc-default-executor-10] INFO  impl.RoleInfo (RoleInfo.java:updateAndGet(143)) - 7a43c46a-fc88-4b2d-b2da-ae029cfa60ff: start FollowerState
2019-10-20 18:18:58,304 [Thread-3153] INFO  impl.FollowerState (FollowerState.java:run(117)) - 7a43c46a-fc88-4b2d-b2da-ae029cfa60ff@group-D40A05E2FCF9-FollowerState was interrupted: java.lang.InterruptedException: sleep interrupted
2019-10-20 18:18:58,326 [399079f7-1eb1-4f37-b003-267572525934@group-D40A05E2FCF9-LeaderElection399] INFO  impl.LeaderElection (LeaderElection.java:logAndReturn(56)) - 399079f7-1eb1-4f37-b003-267572525934@group-D40A05E2FCF9-LeaderElection399: Election REJECTED; received 1 response(s) [399079f7-1eb1-4f37-b003-267572525934<-7a43c46a-fc88-4b2d-b2da-ae029cfa60ff#0:FAIL-t227] and 1 exception(s); 399079f7-1eb1-4f37-b003-267572525934@group-D40A05E2FCF9:t227, leader=null, voted=399079f7-1eb1-4f37-b003-267572525934, raftlog=399079f7-1eb1-4f37-b003-267572525934@group-D40A05E2FCF9-SegmentedRaftLog:OPENED:c-1,f-1,i0, conf=-1: [399079f7-1eb1-4f37-b003-267572525934:192.168.164.241:37762, 7a43c46a-fc88-4b2d-b2da-ae029cfa60ff:192.168.164.241:43684, 6c5c38af-62e6-4ea7-a24a-078dcb28fb39:192.168.164.241:45428], old=null
2019-10-20 18:18:58,326 [399079f7-1eb1-4f37-b003-267572525934@group-D40A05E2FCF9-LeaderElection399] INFO  impl.LeaderElection (LogUtils.java:infoOrTrace(149)) -   Exception 0: {}
java.util.concurrent.ExecutionException: org.apache.ratis.thirdparty.io.grpc.StatusRuntimeException: UNAVAILABLE: io exception
	at java.util.concurrent.FutureTask.report(FutureTask.java:122)
	at java.util.concurrent.FutureTask.get(FutureTask.java:192)
	at org.apache.ratis.server.impl.LeaderElection.waitForResults(LeaderElection.java:259)
	at org.apache.ratis.server.impl.LeaderElection.askForVotes(LeaderElection.java:197)
	at org.apache.ratis.server.impl.LeaderElection.run(LeaderElection.java:133)
	at java.lang.Thread.run(Thread.java:748)
Caused by: org.apache.ratis.thirdparty.io.grpc.StatusRuntimeException: UNAVAILABLE: io exception
	at org.apache.ratis.thirdparty.io.grpc.stub.ClientCalls.toStatusRuntimeException(ClientCalls.java:233)
	at org.apache.ratis.thirdparty.io.grpc.stub.ClientCalls.getUnchecked(ClientCalls.java:214)
	at org.apache.ratis.thirdparty.io.grpc.stub.ClientCalls.blockingUnaryCall(ClientCalls.java:139)
	at org.apache.ratis.proto.grpc.RaftServerProtocolServiceGrpc$RaftServerProtocolServiceBlockingStub.requestVote(RaftServerProtocolServiceGrpc.java:265)
	at org.apache.ratis.grpc.server.GrpcServerProtocolClient.requestVote(GrpcServerProtocolClient.java:99)
	at org.apache.ratis.grpc.server.GrpcService.requestVote(GrpcService.java:204)
	at org.apache.ratis.server.impl.LeaderElection.lambda$submitRequests$1(LeaderElection.java:234)
	at java.util.concurrent.FutureTask.run(FutureTask.java:266)
	at java.util.concurrent.Executors$RunnableAdapter.call(Executors.java:511)
	at java.util.concurrent.FutureTask.run(FutureTask.java:266)
	at java.util.concurrent.ThreadPoolExecutor.runWorker(ThreadPoolExecutor.java:1149)
	at java.util.concurrent.ThreadPoolExecutor$Worker.run(ThreadPoolExecutor.java:624)
	... 1 more
Caused by: org.apache.ratis.thirdparty.io.netty.channel.AbstractChannel$AnnotatedConnectException: Connection refused: /192.168.164.241:45428
	at sun.nio.ch.SocketChannelImpl.checkConnect(Native Method)
	at sun.nio.ch.SocketChannelImpl.finishConnect(SocketChannelImpl.java:717)
	at org.apache.ratis.thirdparty.io.netty.channel.socket.nio.NioSocketChannel.doFinishConnect(NioSocketChannel.java:327)
	at org.apache.ratis.thirdparty.io.netty.channel.nio.AbstractNioChannel$AbstractNioUnsafe.finishConnect(AbstractNioChannel.java:340)
	at org.apache.ratis.thirdparty.io.netty.channel.nio.NioEventLoop.processSelectedKey(NioEventLoop.java:632)
	at org.apache.ratis.thirdparty.io.netty.channel.nio.NioEventLoop.processSelectedKeysOptimized(NioEventLoop.java:579)
	at org.apache.ratis.thirdparty.io.netty.channel.nio.NioEventLoop.processSelectedKeys(NioEventLoop.java:496)
	at org.apache.ratis.thirdparty.io.netty.channel.nio.NioEventLoop.run(NioEventLoop.java:458)
	at org.apache.ratis.thirdparty.io.netty.util.concurrent.SingleThreadEventExecutor$5.run(SingleThreadEventExecutor.java:897)
	at org.apache.ratis.thirdparty.io.netty.util.concurrent.FastThreadLocalRunnable.run(FastThreadLocalRunnable.java:30)
	... 1 more
Caused by: java.net.ConnectException: Connection refused
	... 11 more
2019-10-20 18:18:58,327 [399079f7-1eb1-4f37-b003-267572525934@group-D40A05E2FCF9-LeaderElection399] INFO  impl.RaftServerImpl (RaftServerImpl.java:setRole(184)) - 399079f7-1eb1-4f37-b003-267572525934@group-D40A05E2FCF9: changes role from CANDIDATE to FOLLOWER at term 227 for DISCOVERED_A_NEW_TERM
2019-10-20 18:18:58,327 [399079f7-1eb1-4f37-b003-267572525934@group-D40A05E2FCF9-LeaderElection399] INFO  impl.RoleInfo (RoleInfo.java:shutdownLeaderElection(134)) - 399079f7-1eb1-4f37-b003-267572525934: shutdown LeaderElection
2019-10-20 18:18:58,327 [399079f7-1eb1-4f37-b003-267572525934@group-D40A05E2FCF9-LeaderElection399] INFO  impl.RoleInfo (RoleInfo.java:updateAndGet(143)) - 399079f7-1eb1-4f37-b003-267572525934: start FollowerState
2019-10-20 18:18:58,344 [Thread-3159] INFO  impl.FollowerState (FollowerState.java:run(108)) - b75f8b2e-6273-4c97-b7c5-042674931d23@group-F11756C8BA4A-FollowerState: change to CANDIDATE, lastRpcTime:76ms, electionTimeout:76ms
2019-10-20 18:18:58,344 [Thread-3159] INFO  impl.RoleInfo (RoleInfo.java:shutdownFollowerState(121)) - b75f8b2e-6273-4c97-b7c5-042674931d23: shutdown FollowerState
2019-10-20 18:18:58,344 [Thread-3159] INFO  impl.RaftServerImpl (RaftServerImpl.java:setRole(184)) - b75f8b2e-6273-4c97-b7c5-042674931d23@group-F11756C8BA4A: changes role from  FOLLOWER to CANDIDATE at term 225 for changeToCandidate
2019-10-20 18:18:58,345 [Thread-3159] INFO  impl.RoleInfo (RoleInfo.java:updateAndGet(143)) - b75f8b2e-6273-4c97-b7c5-042674931d23: start LeaderElection
2019-10-20 18:18:58,367 [b75f8b2e-6273-4c97-b7c5-042674931d23@group-F11756C8BA4A-LeaderElection400] INFO  impl.LeaderElection (LeaderElection.java:askForVotes(178)) - b75f8b2e-6273-4c97-b7c5-042674931d23@group-F11756C8BA4A-LeaderElection400: begin an election at term 226 for -1: [6ef27e9c-8ddb-4fa1-8c14-ab102acfb1b8:192.168.164.241:38092, b75f8b2e-6273-4c97-b7c5-042674931d23:192.168.164.241:41857, 3750b3a2-715b-46b3-9d0c-9e38136244b9:192.168.164.241:46227], old=null
2019-10-20 18:18:58,368 [b75f8b2e-6273-4c97-b7c5-042674931d23@group-F11756C8BA4A-LeaderElection400] INFO  impl.LeaderElection (LogUtils.java:infoOrTrace(149)) - b75f8b2e-6273-4c97-b7c5-042674931d23@group-F11756C8BA4A-LeaderElection400 got exception when requesting votes: {}
java.util.concurrent.ExecutionException: org.apache.ratis.thirdparty.io.grpc.StatusRuntimeException: UNAVAILABLE: io exception
	at java.util.concurrent.FutureTask.report(FutureTask.java:122)
	at java.util.concurrent.FutureTask.get(FutureTask.java:192)
	at org.apache.ratis.server.impl.LeaderElection.waitForResults(LeaderElection.java:259)
	at org.apache.ratis.server.impl.LeaderElection.askForVotes(LeaderElection.java:197)
	at org.apache.ratis.server.impl.LeaderElection.run(LeaderElection.java:133)
	at java.lang.Thread.run(Thread.java:748)
Caused by: org.apache.ratis.thirdparty.io.grpc.StatusRuntimeException: UNAVAILABLE: io exception
	at org.apache.ratis.thirdparty.io.grpc.stub.ClientCalls.toStatusRuntimeException(ClientCalls.java:233)
	at org.apache.ratis.thirdparty.io.grpc.stub.ClientCalls.getUnchecked(ClientCalls.java:214)
	at org.apache.ratis.thirdparty.io.grpc.stub.ClientCalls.blockingUnaryCall(ClientCalls.java:139)
	at org.apache.ratis.proto.grpc.RaftServerProtocolServiceGrpc$RaftServerProtocolServiceBlockingStub.requestVote(RaftServerProtocolServiceGrpc.java:265)
	at org.apache.ratis.grpc.server.GrpcServerProtocolClient.requestVote(GrpcServerProtocolClient.java:99)
	at org.apache.ratis.grpc.server.GrpcService.requestVote(GrpcService.java:204)
	at org.apache.ratis.server.impl.LeaderElection.lambda$submitRequests$1(LeaderElection.java:234)
	at java.util.concurrent.FutureTask.run(FutureTask.java:266)
	at java.util.concurrent.Executors$RunnableAdapter.call(Executors.java:511)
	at java.util.concurrent.FutureTask.run(FutureTask.java:266)
	at java.util.concurrent.ThreadPoolExecutor.runWorker(ThreadPoolExecutor.java:1149)
	at java.util.concurrent.ThreadPoolExecutor$Worker.run(ThreadPoolExecutor.java:624)
	... 1 more
Caused by: org.apache.ratis.thirdparty.io.netty.channel.AbstractChannel$AnnotatedConnectException: Connection refused: /192.168.164.241:46227
	at sun.nio.ch.SocketChannelImpl.checkConnect(Native Method)
	at sun.nio.ch.SocketChannelImpl.finishConnect(SocketChannelImpl.java:717)
	at org.apache.ratis.thirdparty.io.netty.channel.socket.nio.NioSocketChannel.doFinishConnect(NioSocketChannel.java:327)
	at org.apache.ratis.thirdparty.io.netty.channel.nio.AbstractNioChannel$AbstractNioUnsafe.finishConnect(AbstractNioChannel.java:340)
	at org.apache.ratis.thirdparty.io.netty.channel.nio.NioEventLoop.processSelectedKey(NioEventLoop.java:632)
	at org.apache.ratis.thirdparty.io.netty.channel.nio.NioEventLoop.processSelectedKeysOptimized(NioEventLoop.java:579)
	at org.apache.ratis.thirdparty.io.netty.channel.nio.NioEventLoop.processSelectedKeys(NioEventLoop.java:496)
	at org.apache.ratis.thirdparty.io.netty.channel.nio.NioEventLoop.run(NioEventLoop.java:458)
	at org.apache.ratis.thirdparty.io.netty.util.concurrent.SingleThreadEventExecutor$5.run(SingleThreadEventExecutor.java:897)
	at org.apache.ratis.thirdparty.io.netty.util.concurrent.FastThreadLocalRunnable.run(FastThreadLocalRunnable.java:30)
	... 1 more
Caused by: java.net.ConnectException: Connection refused
	... 11 more
2019-10-20 18:18:58,369 [grpc-default-executor-10] INFO  impl.RaftServerImpl (RaftServerImpl.java:setRole(184)) - 6ef27e9c-8ddb-4fa1-8c14-ab102acfb1b8@group-F11756C8BA4A: changes role from  FOLLOWER to FOLLOWER at term 226 for recognizeCandidate:b75f8b2e-6273-4c97-b7c5-042674931d23
2019-10-20 18:18:58,369 [grpc-default-executor-10] INFO  impl.RoleInfo (RoleInfo.java:shutdownFollowerState(121)) - 6ef27e9c-8ddb-4fa1-8c14-ab102acfb1b8: shutdown FollowerState
2019-10-20 18:18:58,370 [grpc-default-executor-10] INFO  impl.RoleInfo (RoleInfo.java:updateAndGet(143)) - 6ef27e9c-8ddb-4fa1-8c14-ab102acfb1b8: start FollowerState
2019-10-20 18:18:58,370 [Thread-3157] INFO  impl.FollowerState (FollowerState.java:run(117)) - 6ef27e9c-8ddb-4fa1-8c14-ab102acfb1b8@group-F11756C8BA4A-FollowerState was interrupted: java.lang.InterruptedException: sleep interrupted
2019-10-20 18:18:58,395 [b75f8b2e-6273-4c97-b7c5-042674931d23@group-F11756C8BA4A-LeaderElection400] INFO  impl.LeaderElection (LeaderElection.java:logAndReturn(56)) - b75f8b2e-6273-4c97-b7c5-042674931d23@group-F11756C8BA4A-LeaderElection400: Election REJECTED; received 1 response(s) [b75f8b2e-6273-4c97-b7c5-042674931d23<-6ef27e9c-8ddb-4fa1-8c14-ab102acfb1b8#0:FAIL-t226] and 1 exception(s); b75f8b2e-6273-4c97-b7c5-042674931d23@group-F11756C8BA4A:t226, leader=null, voted=b75f8b2e-6273-4c97-b7c5-042674931d23, raftlog=b75f8b2e-6273-4c97-b7c5-042674931d23@group-F11756C8BA4A-SegmentedRaftLog:OPENED:c-1,f-1,i0, conf=-1: [6ef27e9c-8ddb-4fa1-8c14-ab102acfb1b8:192.168.164.241:38092, b75f8b2e-6273-4c97-b7c5-042674931d23:192.168.164.241:41857, 3750b3a2-715b-46b3-9d0c-9e38136244b9:192.168.164.241:46227], old=null
2019-10-20 18:18:58,395 [b75f8b2e-6273-4c97-b7c5-042674931d23@group-F11756C8BA4A-LeaderElection400] INFO  impl.LeaderElection (LogUtils.java:infoOrTrace(149)) -   Exception 0: {}
java.util.concurrent.ExecutionException: org.apache.ratis.thirdparty.io.grpc.StatusRuntimeException: UNAVAILABLE: io exception
	at java.util.concurrent.FutureTask.report(FutureTask.java:122)
	at java.util.concurrent.FutureTask.get(FutureTask.java:192)
	at org.apache.ratis.server.impl.LeaderElection.waitForResults(LeaderElection.java:259)
	at org.apache.ratis.server.impl.LeaderElection.askForVotes(LeaderElection.java:197)
	at org.apache.ratis.server.impl.LeaderElection.run(LeaderElection.java:133)
	at java.lang.Thread.run(Thread.java:748)
Caused by: org.apache.ratis.thirdparty.io.grpc.StatusRuntimeException: UNAVAILABLE: io exception
	at org.apache.ratis.thirdparty.io.grpc.stub.ClientCalls.toStatusRuntimeException(ClientCalls.java:233)
	at org.apache.ratis.thirdparty.io.grpc.stub.ClientCalls.getUnchecked(ClientCalls.java:214)
	at org.apache.ratis.thirdparty.io.grpc.stub.ClientCalls.blockingUnaryCall(ClientCalls.java:139)
	at org.apache.ratis.proto.grpc.RaftServerProtocolServiceGrpc$RaftServerProtocolServiceBlockingStub.requestVote(RaftServerProtocolServiceGrpc.java:265)
	at org.apache.ratis.grpc.server.GrpcServerProtocolClient.requestVote(GrpcServerProtocolClient.java:99)
	at org.apache.ratis.grpc.server.GrpcService.requestVote(GrpcService.java:204)
	at org.apache.ratis.server.impl.LeaderElection.lambda$submitRequests$1(LeaderElection.java:234)
	at java.util.concurrent.FutureTask.run(FutureTask.java:266)
	at java.util.concurrent.Executors$RunnableAdapter.call(Executors.java:511)
	at java.util.concurrent.FutureTask.run(FutureTask.java:266)
	at java.util.concurrent.ThreadPoolExecutor.runWorker(ThreadPoolExecutor.java:1149)
	at java.util.concurrent.ThreadPoolExecutor$Worker.run(ThreadPoolExecutor.java:624)
	... 1 more
Caused by: org.apache.ratis.thirdparty.io.netty.channel.AbstractChannel$AnnotatedConnectException: Connection refused: /192.168.164.241:46227
	at sun.nio.ch.SocketChannelImpl.checkConnect(Native Method)
	at sun.nio.ch.SocketChannelImpl.finishConnect(SocketChannelImpl.java:717)
	at org.apache.ratis.thirdparty.io.netty.channel.socket.nio.NioSocketChannel.doFinishConnect(NioSocketChannel.java:327)
	at org.apache.ratis.thirdparty.io.netty.channel.nio.AbstractNioChannel$AbstractNioUnsafe.finishConnect(AbstractNioChannel.java:340)
	at org.apache.ratis.thirdparty.io.netty.channel.nio.NioEventLoop.processSelectedKey(NioEventLoop.java:632)
	at org.apache.ratis.thirdparty.io.netty.channel.nio.NioEventLoop.processSelectedKeysOptimized(NioEventLoop.java:579)
	at org.apache.ratis.thirdparty.io.netty.channel.nio.NioEventLoop.processSelectedKeys(NioEventLoop.java:496)
	at org.apache.ratis.thirdparty.io.netty.channel.nio.NioEventLoop.run(NioEventLoop.java:458)
	at org.apache.ratis.thirdparty.io.netty.util.concurrent.SingleThreadEventExecutor$5.run(SingleThreadEventExecutor.java:897)
	at org.apache.ratis.thirdparty.io.netty.util.concurrent.FastThreadLocalRunnable.run(FastThreadLocalRunnable.java:30)
	... 1 more
Caused by: java.net.ConnectException: Connection refused
	... 11 more
2019-10-20 18:18:58,395 [b75f8b2e-6273-4c97-b7c5-042674931d23@group-F11756C8BA4A-LeaderElection400] INFO  impl.RaftServerImpl (RaftServerImpl.java:setRole(184)) - b75f8b2e-6273-4c97-b7c5-042674931d23@group-F11756C8BA4A: changes role from CANDIDATE to FOLLOWER at term 226 for DISCOVERED_A_NEW_TERM
2019-10-20 18:18:58,395 [b75f8b2e-6273-4c97-b7c5-042674931d23@group-F11756C8BA4A-LeaderElection400] INFO  impl.RoleInfo (RoleInfo.java:shutdownLeaderElection(134)) - b75f8b2e-6273-4c97-b7c5-042674931d23: shutdown LeaderElection
2019-10-20 18:18:58,395 [b75f8b2e-6273-4c97-b7c5-042674931d23@group-F11756C8BA4A-LeaderElection400] INFO  impl.RoleInfo (RoleInfo.java:updateAndGet(143)) - b75f8b2e-6273-4c97-b7c5-042674931d23: start FollowerState
2019-10-20 18:18:58,451 [Thread-3164] INFO  impl.FollowerState (FollowerState.java:run(108)) - 399079f7-1eb1-4f37-b003-267572525934@group-D40A05E2FCF9-FollowerState: change to CANDIDATE, lastRpcTime:124ms, electionTimeout:124ms
2019-10-20 18:18:58,451 [Thread-3164] INFO  impl.RoleInfo (RoleInfo.java:shutdownFollowerState(121)) - 399079f7-1eb1-4f37-b003-267572525934: shutdown FollowerState
2019-10-20 18:18:58,451 [Thread-3164] INFO  impl.RaftServerImpl (RaftServerImpl.java:setRole(184)) - 399079f7-1eb1-4f37-b003-267572525934@group-D40A05E2FCF9: changes role from  FOLLOWER to CANDIDATE at term 227 for changeToCandidate
2019-10-20 18:18:58,452 [Thread-3164] INFO  impl.RoleInfo (RoleInfo.java:updateAndGet(143)) - 399079f7-1eb1-4f37-b003-267572525934: start LeaderElection
2019-10-20 18:18:58,478 [399079f7-1eb1-4f37-b003-267572525934@group-D40A05E2FCF9-LeaderElection401] INFO  impl.LeaderElection (LeaderElection.java:askForVotes(178)) - 399079f7-1eb1-4f37-b003-267572525934@group-D40A05E2FCF9-LeaderElection401: begin an election at term 228 for -1: [399079f7-1eb1-4f37-b003-267572525934:192.168.164.241:37762, 7a43c46a-fc88-4b2d-b2da-ae029cfa60ff:192.168.164.241:43684, 6c5c38af-62e6-4ea7-a24a-078dcb28fb39:192.168.164.241:45428], old=null
2019-10-20 18:18:58,479 [399079f7-1eb1-4f37-b003-267572525934@group-D40A05E2FCF9-LeaderElection401] INFO  impl.LeaderElection (LogUtils.java:infoOrTrace(149)) - 399079f7-1eb1-4f37-b003-267572525934@group-D40A05E2FCF9-LeaderElection401 got exception when requesting votes: {}
java.util.concurrent.ExecutionException: org.apache.ratis.thirdparty.io.grpc.StatusRuntimeException: UNAVAILABLE: io exception
	at java.util.concurrent.FutureTask.report(FutureTask.java:122)
	at java.util.concurrent.FutureTask.get(FutureTask.java:192)
	at org.apache.ratis.server.impl.LeaderElection.waitForResults(LeaderElection.java:259)
	at org.apache.ratis.server.impl.LeaderElection.askForVotes(LeaderElection.java:197)
	at org.apache.ratis.server.impl.LeaderElection.run(LeaderElection.java:133)
	at java.lang.Thread.run(Thread.java:748)
Caused by: org.apache.ratis.thirdparty.io.grpc.StatusRuntimeException: UNAVAILABLE: io exception
	at org.apache.ratis.thirdparty.io.grpc.stub.ClientCalls.toStatusRuntimeException(ClientCalls.java:233)
	at org.apache.ratis.thirdparty.io.grpc.stub.ClientCalls.getUnchecked(ClientCalls.java:214)
	at org.apache.ratis.thirdparty.io.grpc.stub.ClientCalls.blockingUnaryCall(ClientCalls.java:139)
	at org.apache.ratis.proto.grpc.RaftServerProtocolServiceGrpc$RaftServerProtocolServiceBlockingStub.requestVote(RaftServerProtocolServiceGrpc.java:265)
	at org.apache.ratis.grpc.server.GrpcServerProtocolClient.requestVote(GrpcServerProtocolClient.java:99)
	at org.apache.ratis.grpc.server.GrpcService.requestVote(GrpcService.java:204)
	at org.apache.ratis.server.impl.LeaderElection.lambda$submitRequests$1(LeaderElection.java:234)
	at java.util.concurrent.FutureTask.run(FutureTask.java:266)
	at java.util.concurrent.Executors$RunnableAdapter.call(Executors.java:511)
	at java.util.concurrent.FutureTask.run(FutureTask.java:266)
	at java.util.concurrent.ThreadPoolExecutor.runWorker(ThreadPoolExecutor.java:1149)
	at java.util.concurrent.ThreadPoolExecutor$Worker.run(ThreadPoolExecutor.java:624)
	... 1 more
Caused by: org.apache.ratis.thirdparty.io.netty.channel.AbstractChannel$AnnotatedConnectException: Connection refused: /192.168.164.241:45428
	at sun.nio.ch.SocketChannelImpl.checkConnect(Native Method)
	at sun.nio.ch.SocketChannelImpl.finishConnect(SocketChannelImpl.java:717)
	at org.apache.ratis.thirdparty.io.netty.channel.socket.nio.NioSocketChannel.doFinishConnect(NioSocketChannel.java:327)
	at org.apache.ratis.thirdparty.io.netty.channel.nio.AbstractNioChannel$AbstractNioUnsafe.finishConnect(AbstractNioChannel.java:340)
	at org.apache.ratis.thirdparty.io.netty.channel.nio.NioEventLoop.processSelectedKey(NioEventLoop.java:632)
	at org.apache.ratis.thirdparty.io.netty.channel.nio.NioEventLoop.processSelectedKeysOptimized(NioEventLoop.java:579)
	at org.apache.ratis.thirdparty.io.netty.channel.nio.NioEventLoop.processSelectedKeys(NioEventLoop.java:496)
	at org.apache.ratis.thirdparty.io.netty.channel.nio.NioEventLoop.run(NioEventLoop.java:458)
	at org.apache.ratis.thirdparty.io.netty.util.concurrent.SingleThreadEventExecutor$5.run(SingleThreadEventExecutor.java:897)
	at org.apache.ratis.thirdparty.io.netty.util.concurrent.FastThreadLocalRunnable.run(FastThreadLocalRunnable.java:30)
	... 1 more
Caused by: java.net.ConnectException: Connection refused
	... 11 more
2019-10-20 18:18:58,480 [grpc-default-executor-10] INFO  impl.RaftServerImpl (RaftServerImpl.java:setRole(184)) - 7a43c46a-fc88-4b2d-b2da-ae029cfa60ff@group-D40A05E2FCF9: changes role from  FOLLOWER to FOLLOWER at term 228 for recognizeCandidate:399079f7-1eb1-4f37-b003-267572525934
2019-10-20 18:18:58,480 [grpc-default-executor-10] INFO  impl.RoleInfo (RoleInfo.java:shutdownFollowerState(121)) - 7a43c46a-fc88-4b2d-b2da-ae029cfa60ff: shutdown FollowerState
2019-10-20 18:18:58,480 [grpc-default-executor-10] INFO  impl.RoleInfo (RoleInfo.java:updateAndGet(143)) - 7a43c46a-fc88-4b2d-b2da-ae029cfa60ff: start FollowerState
2019-10-20 18:18:58,480 [Thread-3163] INFO  impl.FollowerState (FollowerState.java:run(117)) - 7a43c46a-fc88-4b2d-b2da-ae029cfa60ff@group-D40A05E2FCF9-FollowerState was interrupted: java.lang.InterruptedException: sleep interrupted
2019-10-20 18:18:58,504 [399079f7-1eb1-4f37-b003-267572525934@group-D40A05E2FCF9-LeaderElection401] INFO  impl.LeaderElection (LeaderElection.java:logAndReturn(56)) - 399079f7-1eb1-4f37-b003-267572525934@group-D40A05E2FCF9-LeaderElection401: Election REJECTED; received 1 response(s) [399079f7-1eb1-4f37-b003-267572525934<-7a43c46a-fc88-4b2d-b2da-ae029cfa60ff#0:FAIL-t228] and 1 exception(s); 399079f7-1eb1-4f37-b003-267572525934@group-D40A05E2FCF9:t228, leader=null, voted=399079f7-1eb1-4f37-b003-267572525934, raftlog=399079f7-1eb1-4f37-b003-267572525934@group-D40A05E2FCF9-SegmentedRaftLog:OPENED:c-1,f-1,i0, conf=-1: [399079f7-1eb1-4f37-b003-267572525934:192.168.164.241:37762, 7a43c46a-fc88-4b2d-b2da-ae029cfa60ff:192.168.164.241:43684, 6c5c38af-62e6-4ea7-a24a-078dcb28fb39:192.168.164.241:45428], old=null
2019-10-20 18:18:58,504 [399079f7-1eb1-4f37-b003-267572525934@group-D40A05E2FCF9-LeaderElection401] INFO  impl.LeaderElection (LogUtils.java:infoOrTrace(149)) -   Exception 0: {}
java.util.concurrent.ExecutionException: org.apache.ratis.thirdparty.io.grpc.StatusRuntimeException: UNAVAILABLE: io exception
	at java.util.concurrent.FutureTask.report(FutureTask.java:122)
	at java.util.concurrent.FutureTask.get(FutureTask.java:192)
	at org.apache.ratis.server.impl.LeaderElection.waitForResults(LeaderElection.java:259)
	at org.apache.ratis.server.impl.LeaderElection.askForVotes(LeaderElection.java:197)
	at org.apache.ratis.server.impl.LeaderElection.run(LeaderElection.java:133)
	at java.lang.Thread.run(Thread.java:748)
Caused by: org.apache.ratis.thirdparty.io.grpc.StatusRuntimeException: UNAVAILABLE: io exception
	at org.apache.ratis.thirdparty.io.grpc.stub.ClientCalls.toStatusRuntimeException(ClientCalls.java:233)
	at org.apache.ratis.thirdparty.io.grpc.stub.ClientCalls.getUnchecked(ClientCalls.java:214)
	at org.apache.ratis.thirdparty.io.grpc.stub.ClientCalls.blockingUnaryCall(ClientCalls.java:139)
	at org.apache.ratis.proto.grpc.RaftServerProtocolServiceGrpc$RaftServerProtocolServiceBlockingStub.requestVote(RaftServerProtocolServiceGrpc.java:265)
	at org.apache.ratis.grpc.server.GrpcServerProtocolClient.requestVote(GrpcServerProtocolClient.java:99)
	at org.apache.ratis.grpc.server.GrpcService.requestVote(GrpcService.java:204)
	at org.apache.ratis.server.impl.LeaderElection.lambda$submitRequests$1(LeaderElection.java:234)
	at java.util.concurrent.FutureTask.run(FutureTask.java:266)
	at java.util.concurrent.Executors$RunnableAdapter.call(Executors.java:511)
	at java.util.concurrent.FutureTask.run(FutureTask.java:266)
	at java.util.concurrent.ThreadPoolExecutor.runWorker(ThreadPoolExecutor.java:1149)
	at java.util.concurrent.ThreadPoolExecutor$Worker.run(ThreadPoolExecutor.java:624)
	... 1 more
Caused by: org.apache.ratis.thirdparty.io.netty.channel.AbstractChannel$AnnotatedConnectException: Connection refused: /192.168.164.241:45428
	at sun.nio.ch.SocketChannelImpl.checkConnect(Native Method)
	at sun.nio.ch.SocketChannelImpl.finishConnect(SocketChannelImpl.java:717)
	at org.apache.ratis.thirdparty.io.netty.channel.socket.nio.NioSocketChannel.doFinishConnect(NioSocketChannel.java:327)
	at org.apache.ratis.thirdparty.io.netty.channel.nio.AbstractNioChannel$AbstractNioUnsafe.finishConnect(AbstractNioChannel.java:340)
	at org.apache.ratis.thirdparty.io.netty.channel.nio.NioEventLoop.processSelectedKey(NioEventLoop.java:632)
	at org.apache.ratis.thirdparty.io.netty.channel.nio.NioEventLoop.processSelectedKeysOptimized(NioEventLoop.java:579)
	at org.apache.ratis.thirdparty.io.netty.channel.nio.NioEventLoop.processSelectedKeys(NioEventLoop.java:496)
	at org.apache.ratis.thirdparty.io.netty.channel.nio.NioEventLoop.run(NioEventLoop.java:458)
	at org.apache.ratis.thirdparty.io.netty.util.concurrent.SingleThreadEventExecutor$5.run(SingleThreadEventExecutor.java:897)
	at org.apache.ratis.thirdparty.io.netty.util.concurrent.FastThreadLocalRunnable.run(FastThreadLocalRunnable.java:30)
	... 1 more
Caused by: java.net.ConnectException: Connection refused
	... 11 more
2019-10-20 18:18:58,505 [399079f7-1eb1-4f37-b003-267572525934@group-D40A05E2FCF9-LeaderElection401] INFO  impl.RaftServerImpl (RaftServerImpl.java:setRole(184)) - 399079f7-1eb1-4f37-b003-267572525934@group-D40A05E2FCF9: changes role from CANDIDATE to FOLLOWER at term 228 for DISCOVERED_A_NEW_TERM
2019-10-20 18:18:58,505 [399079f7-1eb1-4f37-b003-267572525934@group-D40A05E2FCF9-LeaderElection401] INFO  impl.RoleInfo (RoleInfo.java:shutdownLeaderElection(134)) - 399079f7-1eb1-4f37-b003-267572525934: shutdown LeaderElection
2019-10-20 18:18:58,505 [399079f7-1eb1-4f37-b003-267572525934@group-D40A05E2FCF9-LeaderElection401] INFO  impl.RoleInfo (RoleInfo.java:updateAndGet(143)) - 399079f7-1eb1-4f37-b003-267572525934: start FollowerState
2019-10-20 18:18:58,564 [Thread-3169] INFO  impl.FollowerState (FollowerState.java:run(108)) - b75f8b2e-6273-4c97-b7c5-042674931d23@group-F11756C8BA4A-FollowerState: change to CANDIDATE, lastRpcTime:168ms, electionTimeout:168ms
2019-10-20 18:18:58,564 [Thread-3169] INFO  impl.RoleInfo (RoleInfo.java:shutdownFollowerState(121)) - b75f8b2e-6273-4c97-b7c5-042674931d23: shutdown FollowerState
2019-10-20 18:18:58,564 [Thread-3169] INFO  impl.RaftServerImpl (RaftServerImpl.java:setRole(184)) - b75f8b2e-6273-4c97-b7c5-042674931d23@group-F11756C8BA4A: changes role from  FOLLOWER to CANDIDATE at term 226 for changeToCandidate
2019-10-20 18:18:58,564 [Thread-3169] INFO  impl.RoleInfo (RoleInfo.java:updateAndGet(143)) - b75f8b2e-6273-4c97-b7c5-042674931d23: start LeaderElection
2019-10-20 18:18:58,587 [b75f8b2e-6273-4c97-b7c5-042674931d23@group-F11756C8BA4A-LeaderElection402] INFO  impl.LeaderElection (LeaderElection.java:askForVotes(178)) - b75f8b2e-6273-4c97-b7c5-042674931d23@group-F11756C8BA4A-LeaderElection402: begin an election at term 227 for -1: [6ef27e9c-8ddb-4fa1-8c14-ab102acfb1b8:192.168.164.241:38092, b75f8b2e-6273-4c97-b7c5-042674931d23:192.168.164.241:41857, 3750b3a2-715b-46b3-9d0c-9e38136244b9:192.168.164.241:46227], old=null
2019-10-20 18:18:58,588 [b75f8b2e-6273-4c97-b7c5-042674931d23@group-F11756C8BA4A-LeaderElection402] INFO  impl.LeaderElection (LogUtils.java:infoOrTrace(149)) - b75f8b2e-6273-4c97-b7c5-042674931d23@group-F11756C8BA4A-LeaderElection402 got exception when requesting votes: {}
java.util.concurrent.ExecutionException: org.apache.ratis.thirdparty.io.grpc.StatusRuntimeException: UNAVAILABLE: io exception
	at java.util.concurrent.FutureTask.report(FutureTask.java:122)
	at java.util.concurrent.FutureTask.get(FutureTask.java:192)
	at org.apache.ratis.server.impl.LeaderElection.waitForResults(LeaderElection.java:259)
	at org.apache.ratis.server.impl.LeaderElection.askForVotes(LeaderElection.java:197)
	at org.apache.ratis.server.impl.LeaderElection.run(LeaderElection.java:133)
	at java.lang.Thread.run(Thread.java:748)
Caused by: org.apache.ratis.thirdparty.io.grpc.StatusRuntimeException: UNAVAILABLE: io exception
	at org.apache.ratis.thirdparty.io.grpc.stub.ClientCalls.toStatusRuntimeException(ClientCalls.java:233)
	at org.apache.ratis.thirdparty.io.grpc.stub.ClientCalls.getUnchecked(ClientCalls.java:214)
	at org.apache.ratis.thirdparty.io.grpc.stub.ClientCalls.blockingUnaryCall(ClientCalls.java:139)
	at org.apache.ratis.proto.grpc.RaftServerProtocolServiceGrpc$RaftServerProtocolServiceBlockingStub.requestVote(RaftServerProtocolServiceGrpc.java:265)
	at org.apache.ratis.grpc.server.GrpcServerProtocolClient.requestVote(GrpcServerProtocolClient.java:99)
	at org.apache.ratis.grpc.server.GrpcService.requestVote(GrpcService.java:204)
	at org.apache.ratis.server.impl.LeaderElection.lambda$submitRequests$1(LeaderElection.java:234)
	at java.util.concurrent.FutureTask.run(FutureTask.java:266)
	at java.util.concurrent.Executors$RunnableAdapter.call(Executors.java:511)
	at java.util.concurrent.FutureTask.run(FutureTask.java:266)
	at java.util.concurrent.ThreadPoolExecutor.runWorker(ThreadPoolExecutor.java:1149)
	at java.util.concurrent.ThreadPoolExecutor$Worker.run(ThreadPoolExecutor.java:624)
	... 1 more
Caused by: org.apache.ratis.thirdparty.io.netty.channel.AbstractChannel$AnnotatedConnectException: Connection refused: /192.168.164.241:46227
	at sun.nio.ch.SocketChannelImpl.checkConnect(Native Method)
	at sun.nio.ch.SocketChannelImpl.finishConnect(SocketChannelImpl.java:717)
	at org.apache.ratis.thirdparty.io.netty.channel.socket.nio.NioSocketChannel.doFinishConnect(NioSocketChannel.java:327)
	at org.apache.ratis.thirdparty.io.netty.channel.nio.AbstractNioChannel$AbstractNioUnsafe.finishConnect(AbstractNioChannel.java:340)
	at org.apache.ratis.thirdparty.io.netty.channel.nio.NioEventLoop.processSelectedKey(NioEventLoop.java:632)
	at org.apache.ratis.thirdparty.io.netty.channel.nio.NioEventLoop.processSelectedKeysOptimized(NioEventLoop.java:579)
	at org.apache.ratis.thirdparty.io.netty.channel.nio.NioEventLoop.processSelectedKeys(NioEventLoop.java:496)
	at org.apache.ratis.thirdparty.io.netty.channel.nio.NioEventLoop.run(NioEventLoop.java:458)
	at org.apache.ratis.thirdparty.io.netty.util.concurrent.SingleThreadEventExecutor$5.run(SingleThreadEventExecutor.java:897)
	at org.apache.ratis.thirdparty.io.netty.util.concurrent.FastThreadLocalRunnable.run(FastThreadLocalRunnable.java:30)
	... 1 more
Caused by: java.net.ConnectException: Connection refused
	... 11 more
2019-10-20 18:18:58,589 [grpc-default-executor-10] INFO  impl.RaftServerImpl (RaftServerImpl.java:setRole(184)) - 6ef27e9c-8ddb-4fa1-8c14-ab102acfb1b8@group-F11756C8BA4A: changes role from  FOLLOWER to FOLLOWER at term 227 for recognizeCandidate:b75f8b2e-6273-4c97-b7c5-042674931d23
2019-10-20 18:18:58,589 [grpc-default-executor-10] INFO  impl.RoleInfo (RoleInfo.java:shutdownFollowerState(121)) - 6ef27e9c-8ddb-4fa1-8c14-ab102acfb1b8: shutdown FollowerState
2019-10-20 18:18:58,589 [grpc-default-executor-10] INFO  impl.RoleInfo (RoleInfo.java:updateAndGet(143)) - 6ef27e9c-8ddb-4fa1-8c14-ab102acfb1b8: start FollowerState
2019-10-20 18:18:58,589 [Thread-3168] INFO  impl.FollowerState (FollowerState.java:run(117)) - 6ef27e9c-8ddb-4fa1-8c14-ab102acfb1b8@group-F11756C8BA4A-FollowerState was interrupted: java.lang.InterruptedException: sleep interrupted
2019-10-20 18:18:58,613 [b75f8b2e-6273-4c97-b7c5-042674931d23@group-F11756C8BA4A-LeaderElection402] INFO  impl.LeaderElection (LeaderElection.java:logAndReturn(56)) - b75f8b2e-6273-4c97-b7c5-042674931d23@group-F11756C8BA4A-LeaderElection402: Election REJECTED; received 1 response(s) [b75f8b2e-6273-4c97-b7c5-042674931d23<-6ef27e9c-8ddb-4fa1-8c14-ab102acfb1b8#0:FAIL-t227] and 1 exception(s); b75f8b2e-6273-4c97-b7c5-042674931d23@group-F11756C8BA4A:t227, leader=null, voted=b75f8b2e-6273-4c97-b7c5-042674931d23, raftlog=b75f8b2e-6273-4c97-b7c5-042674931d23@group-F11756C8BA4A-SegmentedRaftLog:OPENED:c-1,f-1,i0, conf=-1: [6ef27e9c-8ddb-4fa1-8c14-ab102acfb1b8:192.168.164.241:38092, b75f8b2e-6273-4c97-b7c5-042674931d23:192.168.164.241:41857, 3750b3a2-715b-46b3-9d0c-9e38136244b9:192.168.164.241:46227], old=null
2019-10-20 18:18:58,613 [b75f8b2e-6273-4c97-b7c5-042674931d23@group-F11756C8BA4A-LeaderElection402] INFO  impl.LeaderElection (LogUtils.java:infoOrTrace(149)) -   Exception 0: {}
java.util.concurrent.ExecutionException: org.apache.ratis.thirdparty.io.grpc.StatusRuntimeException: UNAVAILABLE: io exception
	at java.util.concurrent.FutureTask.report(FutureTask.java:122)
	at java.util.concurrent.FutureTask.get(FutureTask.java:192)
	at org.apache.ratis.server.impl.LeaderElection.waitForResults(LeaderElection.java:259)
	at org.apache.ratis.server.impl.LeaderElection.askForVotes(LeaderElection.java:197)
	at org.apache.ratis.server.impl.LeaderElection.run(LeaderElection.java:133)
	at java.lang.Thread.run(Thread.java:748)
Caused by: org.apache.ratis.thirdparty.io.grpc.StatusRuntimeException: UNAVAILABLE: io exception
	at org.apache.ratis.thirdparty.io.grpc.stub.ClientCalls.toStatusRuntimeException(ClientCalls.java:233)
	at org.apache.ratis.thirdparty.io.grpc.stub.ClientCalls.getUnchecked(ClientCalls.java:214)
	at org.apache.ratis.thirdparty.io.grpc.stub.ClientCalls.blockingUnaryCall(ClientCalls.java:139)
	at org.apache.ratis.proto.grpc.RaftServerProtocolServiceGrpc$RaftServerProtocolServiceBlockingStub.requestVote(RaftServerProtocolServiceGrpc.java:265)
	at org.apache.ratis.grpc.server.GrpcServerProtocolClient.requestVote(GrpcServerProtocolClient.java:99)
	at org.apache.ratis.grpc.server.GrpcService.requestVote(GrpcService.java:204)
	at org.apache.ratis.server.impl.LeaderElection.lambda$submitRequests$1(LeaderElection.java:234)
	at java.util.concurrent.FutureTask.run(FutureTask.java:266)
	at java.util.concurrent.Executors$RunnableAdapter.call(Executors.java:511)
	at java.util.concurrent.FutureTask.run(FutureTask.java:266)
	at java.util.concurrent.ThreadPoolExecutor.runWorker(ThreadPoolExecutor.java:1149)
	at java.util.concurrent.ThreadPoolExecutor$Worker.run(ThreadPoolExecutor.java:624)
	... 1 more
Caused by: org.apache.ratis.thirdparty.io.netty.channel.AbstractChannel$AnnotatedConnectException: Connection refused: /192.168.164.241:46227
	at sun.nio.ch.SocketChannelImpl.checkConnect(Native Method)
	at sun.nio.ch.SocketChannelImpl.finishConnect(SocketChannelImpl.java:717)
	at org.apache.ratis.thirdparty.io.netty.channel.socket.nio.NioSocketChannel.doFinishConnect(NioSocketChannel.java:327)
	at org.apache.ratis.thirdparty.io.netty.channel.nio.AbstractNioChannel$AbstractNioUnsafe.finishConnect(AbstractNioChannel.java:340)
	at org.apache.ratis.thirdparty.io.netty.channel.nio.NioEventLoop.processSelectedKey(NioEventLoop.java:632)
	at org.apache.ratis.thirdparty.io.netty.channel.nio.NioEventLoop.processSelectedKeysOptimized(NioEventLoop.java:579)
	at org.apache.ratis.thirdparty.io.netty.channel.nio.NioEventLoop.processSelectedKeys(NioEventLoop.java:496)
	at org.apache.ratis.thirdparty.io.netty.channel.nio.NioEventLoop.run(NioEventLoop.java:458)
	at org.apache.ratis.thirdparty.io.netty.util.concurrent.SingleThreadEventExecutor$5.run(SingleThreadEventExecutor.java:897)
	at org.apache.ratis.thirdparty.io.netty.util.concurrent.FastThreadLocalRunnable.run(FastThreadLocalRunnable.java:30)
	... 1 more
Caused by: java.net.ConnectException: Connection refused
	... 11 more
2019-10-20 18:18:58,614 [b75f8b2e-6273-4c97-b7c5-042674931d23@group-F11756C8BA4A-LeaderElection402] INFO  impl.RaftServerImpl (RaftServerImpl.java:setRole(184)) - b75f8b2e-6273-4c97-b7c5-042674931d23@group-F11756C8BA4A: changes role from CANDIDATE to FOLLOWER at term 227 for DISCOVERED_A_NEW_TERM
2019-10-20 18:18:58,614 [b75f8b2e-6273-4c97-b7c5-042674931d23@group-F11756C8BA4A-LeaderElection402] INFO  impl.RoleInfo (RoleInfo.java:shutdownLeaderElection(134)) - b75f8b2e-6273-4c97-b7c5-042674931d23: shutdown LeaderElection
2019-10-20 18:18:58,614 [b75f8b2e-6273-4c97-b7c5-042674931d23@group-F11756C8BA4A-LeaderElection402] INFO  impl.RoleInfo (RoleInfo.java:updateAndGet(143)) - b75f8b2e-6273-4c97-b7c5-042674931d23: start FollowerState
2019-10-20 18:18:58,650 [Thread-3174] INFO  impl.FollowerState (FollowerState.java:run(108)) - 399079f7-1eb1-4f37-b003-267572525934@group-D40A05E2FCF9-FollowerState: change to CANDIDATE, lastRpcTime:145ms, electionTimeout:145ms
2019-10-20 18:18:58,650 [Thread-3174] INFO  impl.RoleInfo (RoleInfo.java:shutdownFollowerState(121)) - 399079f7-1eb1-4f37-b003-267572525934: shutdown FollowerState
2019-10-20 18:18:58,650 [Thread-3174] INFO  impl.RaftServerImpl (RaftServerImpl.java:setRole(184)) - 399079f7-1eb1-4f37-b003-267572525934@group-D40A05E2FCF9: changes role from  FOLLOWER to CANDIDATE at term 228 for changeToCandidate
2019-10-20 18:18:58,651 [Thread-3174] INFO  impl.RoleInfo (RoleInfo.java:updateAndGet(143)) - 399079f7-1eb1-4f37-b003-267572525934: start LeaderElection
2019-10-20 18:18:58,679 [399079f7-1eb1-4f37-b003-267572525934@group-D40A05E2FCF9-LeaderElection403] INFO  impl.LeaderElection (LeaderElection.java:askForVotes(178)) - 399079f7-1eb1-4f37-b003-267572525934@group-D40A05E2FCF9-LeaderElection403: begin an election at term 229 for -1: [399079f7-1eb1-4f37-b003-267572525934:192.168.164.241:37762, 7a43c46a-fc88-4b2d-b2da-ae029cfa60ff:192.168.164.241:43684, 6c5c38af-62e6-4ea7-a24a-078dcb28fb39:192.168.164.241:45428], old=null
2019-10-20 18:18:58,680 [399079f7-1eb1-4f37-b003-267572525934@group-D40A05E2FCF9-LeaderElection403] INFO  impl.LeaderElection (LogUtils.java:infoOrTrace(149)) - 399079f7-1eb1-4f37-b003-267572525934@group-D40A05E2FCF9-LeaderElection403 got exception when requesting votes: {}
java.util.concurrent.ExecutionException: org.apache.ratis.thirdparty.io.grpc.StatusRuntimeException: UNAVAILABLE: io exception
	at java.util.concurrent.FutureTask.report(FutureTask.java:122)
	at java.util.concurrent.FutureTask.get(FutureTask.java:192)
	at org.apache.ratis.server.impl.LeaderElection.waitForResults(LeaderElection.java:259)
	at org.apache.ratis.server.impl.LeaderElection.askForVotes(LeaderElection.java:197)
	at org.apache.ratis.server.impl.LeaderElection.run(LeaderElection.java:133)
	at java.lang.Thread.run(Thread.java:748)
Caused by: org.apache.ratis.thirdparty.io.grpc.StatusRuntimeException: UNAVAILABLE: io exception
	at org.apache.ratis.thirdparty.io.grpc.stub.ClientCalls.toStatusRuntimeException(ClientCalls.java:233)
	at org.apache.ratis.thirdparty.io.grpc.stub.ClientCalls.getUnchecked(ClientCalls.java:214)
	at org.apache.ratis.thirdparty.io.grpc.stub.ClientCalls.blockingUnaryCall(ClientCalls.java:139)
	at org.apache.ratis.proto.grpc.RaftServerProtocolServiceGrpc$RaftServerProtocolServiceBlockingStub.requestVote(RaftServerProtocolServiceGrpc.java:265)
	at org.apache.ratis.grpc.server.GrpcServerProtocolClient.requestVote(GrpcServerProtocolClient.java:99)
	at org.apache.ratis.grpc.server.GrpcService.requestVote(GrpcService.java:204)
	at org.apache.ratis.server.impl.LeaderElection.lambda$submitRequests$1(LeaderElection.java:234)
	at java.util.concurrent.FutureTask.run(FutureTask.java:266)
	at java.util.concurrent.Executors$RunnableAdapter.call(Executors.java:511)
	at java.util.concurrent.FutureTask.run(FutureTask.java:266)
	at java.util.concurrent.ThreadPoolExecutor.runWorker(ThreadPoolExecutor.java:1149)
	at java.util.concurrent.ThreadPoolExecutor$Worker.run(ThreadPoolExecutor.java:624)
	... 1 more
Caused by: org.apache.ratis.thirdparty.io.netty.channel.AbstractChannel$AnnotatedConnectException: Connection refused: /192.168.164.241:45428
	at sun.nio.ch.SocketChannelImpl.checkConnect(Native Method)
	at sun.nio.ch.SocketChannelImpl.finishConnect(SocketChannelImpl.java:717)
	at org.apache.ratis.thirdparty.io.netty.channel.socket.nio.NioSocketChannel.doFinishConnect(NioSocketChannel.java:327)
	at org.apache.ratis.thirdparty.io.netty.channel.nio.AbstractNioChannel$AbstractNioUnsafe.finishConnect(AbstractNioChannel.java:340)
	at org.apache.ratis.thirdparty.io.netty.channel.nio.NioEventLoop.processSelectedKey(NioEventLoop.java:632)
	at org.apache.ratis.thirdparty.io.netty.channel.nio.NioEventLoop.processSelectedKeysOptimized(NioEventLoop.java:579)
	at org.apache.ratis.thirdparty.io.netty.channel.nio.NioEventLoop.processSelectedKeys(NioEventLoop.java:496)
	at org.apache.ratis.thirdparty.io.netty.channel.nio.NioEventLoop.run(NioEventLoop.java:458)
	at org.apache.ratis.thirdparty.io.netty.util.concurrent.SingleThreadEventExecutor$5.run(SingleThreadEventExecutor.java:897)
	at org.apache.ratis.thirdparty.io.netty.util.concurrent.FastThreadLocalRunnable.run(FastThreadLocalRunnable.java:30)
	... 1 more
Caused by: java.net.ConnectException: Connection refused
	... 11 more
2019-10-20 18:18:58,681 [grpc-default-executor-10] INFO  impl.RaftServerImpl (RaftServerImpl.java:setRole(184)) - 7a43c46a-fc88-4b2d-b2da-ae029cfa60ff@group-D40A05E2FCF9: changes role from  FOLLOWER to FOLLOWER at term 229 for recognizeCandidate:399079f7-1eb1-4f37-b003-267572525934
2019-10-20 18:18:58,681 [grpc-default-executor-10] INFO  impl.RoleInfo (RoleInfo.java:shutdownFollowerState(121)) - 7a43c46a-fc88-4b2d-b2da-ae029cfa60ff: shutdown FollowerState
2019-10-20 18:18:58,681 [grpc-default-executor-10] INFO  impl.RoleInfo (RoleInfo.java:updateAndGet(143)) - 7a43c46a-fc88-4b2d-b2da-ae029cfa60ff: start FollowerState
2019-10-20 18:18:58,681 [Thread-3173] INFO  impl.FollowerState (FollowerState.java:run(117)) - 7a43c46a-fc88-4b2d-b2da-ae029cfa60ff@group-D40A05E2FCF9-FollowerState was interrupted: java.lang.InterruptedException: sleep interrupted
2019-10-20 18:18:58,702 [399079f7-1eb1-4f37-b003-267572525934@group-D40A05E2FCF9-LeaderElection403] INFO  impl.LeaderElection (LeaderElection.java:logAndReturn(56)) - 399079f7-1eb1-4f37-b003-267572525934@group-D40A05E2FCF9-LeaderElection403: Election TIMEOUT; received 0 response(s) [] and 1 exception(s); 399079f7-1eb1-4f37-b003-267572525934@group-D40A05E2FCF9:t229, leader=null, voted=399079f7-1eb1-4f37-b003-267572525934, raftlog=399079f7-1eb1-4f37-b003-267572525934@group-D40A05E2FCF9-SegmentedRaftLog:OPENED:c-1,f-1,i0, conf=-1: [399079f7-1eb1-4f37-b003-267572525934:192.168.164.241:37762, 7a43c46a-fc88-4b2d-b2da-ae029cfa60ff:192.168.164.241:43684, 6c5c38af-62e6-4ea7-a24a-078dcb28fb39:192.168.164.241:45428], old=null
2019-10-20 18:18:58,702 [399079f7-1eb1-4f37-b003-267572525934@group-D40A05E2FCF9-LeaderElection403] INFO  impl.LeaderElection (LogUtils.java:infoOrTrace(149)) -   Exception 0: {}
java.util.concurrent.ExecutionException: org.apache.ratis.thirdparty.io.grpc.StatusRuntimeException: UNAVAILABLE: io exception
	at java.util.concurrent.FutureTask.report(FutureTask.java:122)
	at java.util.concurrent.FutureTask.get(FutureTask.java:192)
	at org.apache.ratis.server.impl.LeaderElection.waitForResults(LeaderElection.java:259)
	at org.apache.ratis.server.impl.LeaderElection.askForVotes(LeaderElection.java:197)
	at org.apache.ratis.server.impl.LeaderElection.run(LeaderElection.java:133)
	at java.lang.Thread.run(Thread.java:748)
Caused by: org.apache.ratis.thirdparty.io.grpc.StatusRuntimeException: UNAVAILABLE: io exception
	at org.apache.ratis.thirdparty.io.grpc.stub.ClientCalls.toStatusRuntimeException(ClientCalls.java:233)
	at org.apache.ratis.thirdparty.io.grpc.stub.ClientCalls.getUnchecked(ClientCalls.java:214)
	at org.apache.ratis.thirdparty.io.grpc.stub.ClientCalls.blockingUnaryCall(ClientCalls.java:139)
	at org.apache.ratis.proto.grpc.RaftServerProtocolServiceGrpc$RaftServerProtocolServiceBlockingStub.requestVote(RaftServerProtocolServiceGrpc.java:265)
	at org.apache.ratis.grpc.server.GrpcServerProtocolClient.requestVote(GrpcServerProtocolClient.java:99)
	at org.apache.ratis.grpc.server.GrpcService.requestVote(GrpcService.java:204)
	at org.apache.ratis.server.impl.LeaderElection.lambda$submitRequests$1(LeaderElection.java:234)
	at java.util.concurrent.FutureTask.run(FutureTask.java:266)
	at java.util.concurrent.Executors$RunnableAdapter.call(Executors.java:511)
	at java.util.concurrent.FutureTask.run(FutureTask.java:266)
	at java.util.concurrent.ThreadPoolExecutor.runWorker(ThreadPoolExecutor.java:1149)
	at java.util.concurrent.ThreadPoolExecutor$Worker.run(ThreadPoolExecutor.java:624)
	... 1 more
Caused by: org.apache.ratis.thirdparty.io.netty.channel.AbstractChannel$AnnotatedConnectException: Connection refused: /192.168.164.241:45428
	at sun.nio.ch.SocketChannelImpl.checkConnect(Native Method)
	at sun.nio.ch.SocketChannelImpl.finishConnect(SocketChannelImpl.java:717)
	at org.apache.ratis.thirdparty.io.netty.channel.socket.nio.NioSocketChannel.doFinishConnect(NioSocketChannel.java:327)
	at org.apache.ratis.thirdparty.io.netty.channel.nio.AbstractNioChannel$AbstractNioUnsafe.finishConnect(AbstractNioChannel.java:340)
	at org.apache.ratis.thirdparty.io.netty.channel.nio.NioEventLoop.processSelectedKey(NioEventLoop.java:632)
	at org.apache.ratis.thirdparty.io.netty.channel.nio.NioEventLoop.processSelectedKeysOptimized(NioEventLoop.java:579)
	at org.apache.ratis.thirdparty.io.netty.channel.nio.NioEventLoop.processSelectedKeys(NioEventLoop.java:496)
	at org.apache.ratis.thirdparty.io.netty.channel.nio.NioEventLoop.run(NioEventLoop.java:458)
	at org.apache.ratis.thirdparty.io.netty.util.concurrent.SingleThreadEventExecutor$5.run(SingleThreadEventExecutor.java:897)
	at org.apache.ratis.thirdparty.io.netty.util.concurrent.FastThreadLocalRunnable.run(FastThreadLocalRunnable.java:30)
	... 1 more
Caused by: java.net.ConnectException: Connection refused
	... 11 more
2019-10-20 18:18:58,730 [399079f7-1eb1-4f37-b003-267572525934@group-D40A05E2FCF9-LeaderElection403] INFO  impl.LeaderElection (LeaderElection.java:askForVotes(178)) - 399079f7-1eb1-4f37-b003-267572525934@group-D40A05E2FCF9-LeaderElection403: begin an election at term 230 for -1: [399079f7-1eb1-4f37-b003-267572525934:192.168.164.241:37762, 7a43c46a-fc88-4b2d-b2da-ae029cfa60ff:192.168.164.241:43684, 6c5c38af-62e6-4ea7-a24a-078dcb28fb39:192.168.164.241:45428], old=null
2019-10-20 18:18:58,731 [399079f7-1eb1-4f37-b003-267572525934@group-D40A05E2FCF9-LeaderElection403] INFO  impl.LeaderElection (LogUtils.java:infoOrTrace(149)) - 399079f7-1eb1-4f37-b003-267572525934@group-D40A05E2FCF9-LeaderElection403 got exception when requesting votes: {}
java.util.concurrent.ExecutionException: org.apache.ratis.thirdparty.io.grpc.StatusRuntimeException: UNAVAILABLE: io exception
	at java.util.concurrent.FutureTask.report(FutureTask.java:122)
	at java.util.concurrent.FutureTask.get(FutureTask.java:192)
	at org.apache.ratis.server.impl.LeaderElection.waitForResults(LeaderElection.java:259)
	at org.apache.ratis.server.impl.LeaderElection.askForVotes(LeaderElection.java:197)
	at org.apache.ratis.server.impl.LeaderElection.run(LeaderElection.java:133)
	at java.lang.Thread.run(Thread.java:748)
Caused by: org.apache.ratis.thirdparty.io.grpc.StatusRuntimeException: UNAVAILABLE: io exception
	at org.apache.ratis.thirdparty.io.grpc.stub.ClientCalls.toStatusRuntimeException(ClientCalls.java:233)
	at org.apache.ratis.thirdparty.io.grpc.stub.ClientCalls.getUnchecked(ClientCalls.java:214)
	at org.apache.ratis.thirdparty.io.grpc.stub.ClientCalls.blockingUnaryCall(ClientCalls.java:139)
	at org.apache.ratis.proto.grpc.RaftServerProtocolServiceGrpc$RaftServerProtocolServiceBlockingStub.requestVote(RaftServerProtocolServiceGrpc.java:265)
	at org.apache.ratis.grpc.server.GrpcServerProtocolClient.requestVote(GrpcServerProtocolClient.java:99)
	at org.apache.ratis.grpc.server.GrpcService.requestVote(GrpcService.java:204)
	at org.apache.ratis.server.impl.LeaderElection.lambda$submitRequests$1(LeaderElection.java:234)
	at java.util.concurrent.FutureTask.run(FutureTask.java:266)
	at java.util.concurrent.Executors$RunnableAdapter.call(Executors.java:511)
	at java.util.concurrent.FutureTask.run(FutureTask.java:266)
	at java.util.concurrent.ThreadPoolExecutor.runWorker(ThreadPoolExecutor.java:1149)
	at java.util.concurrent.ThreadPoolExecutor$Worker.run(ThreadPoolExecutor.java:624)
	... 1 more
Caused by: org.apache.ratis.thirdparty.io.netty.channel.AbstractChannel$AnnotatedConnectException: Connection refused: /192.168.164.241:45428
	at sun.nio.ch.SocketChannelImpl.checkConnect(Native Method)
	at sun.nio.ch.SocketChannelImpl.finishConnect(SocketChannelImpl.java:717)
	at org.apache.ratis.thirdparty.io.netty.channel.socket.nio.NioSocketChannel.doFinishConnect(NioSocketChannel.java:327)
	at org.apache.ratis.thirdparty.io.netty.channel.nio.AbstractNioChannel$AbstractNioUnsafe.finishConnect(AbstractNioChannel.java:340)
	at org.apache.ratis.thirdparty.io.netty.channel.nio.NioEventLoop.processSelectedKey(NioEventLoop.java:632)
	at org.apache.ratis.thirdparty.io.netty.channel.nio.NioEventLoop.processSelectedKeysOptimized(NioEventLoop.java:579)
	at org.apache.ratis.thirdparty.io.netty.channel.nio.NioEventLoop.processSelectedKeys(NioEventLoop.java:496)
	at org.apache.ratis.thirdparty.io.netty.channel.nio.NioEventLoop.run(NioEventLoop.java:458)
	at org.apache.ratis.thirdparty.io.netty.util.concurrent.SingleThreadEventExecutor$5.run(SingleThreadEventExecutor.java:897)
	at org.apache.ratis.thirdparty.io.netty.util.concurrent.FastThreadLocalRunnable.run(FastThreadLocalRunnable.java:30)
	... 1 more
Caused by: java.net.ConnectException: Connection refused
	... 11 more
2019-10-20 18:18:58,731 [grpc-default-executor-10] INFO  impl.RaftServerImpl (RaftServerImpl.java:setRole(184)) - 7a43c46a-fc88-4b2d-b2da-ae029cfa60ff@group-D40A05E2FCF9: changes role from  FOLLOWER to FOLLOWER at term 230 for recognizeCandidate:399079f7-1eb1-4f37-b003-267572525934
2019-10-20 18:18:58,732 [grpc-default-executor-10] INFO  impl.RoleInfo (RoleInfo.java:shutdownFollowerState(121)) - 7a43c46a-fc88-4b2d-b2da-ae029cfa60ff: shutdown FollowerState
2019-10-20 18:18:58,732 [grpc-default-executor-10] INFO  impl.RoleInfo (RoleInfo.java:updateAndGet(143)) - 7a43c46a-fc88-4b2d-b2da-ae029cfa60ff: start FollowerState
2019-10-20 18:18:58,732 [Thread-3183] INFO  impl.FollowerState (FollowerState.java:run(117)) - 7a43c46a-fc88-4b2d-b2da-ae029cfa60ff@group-D40A05E2FCF9-FollowerState was interrupted: java.lang.InterruptedException: sleep interrupted
2019-10-20 18:18:58,756 [399079f7-1eb1-4f37-b003-267572525934@group-D40A05E2FCF9-LeaderElection403] INFO  impl.LeaderElection (LeaderElection.java:logAndReturn(56)) - 399079f7-1eb1-4f37-b003-267572525934@group-D40A05E2FCF9-LeaderElection403: Election REJECTED; received 1 response(s) [399079f7-1eb1-4f37-b003-267572525934<-7a43c46a-fc88-4b2d-b2da-ae029cfa60ff#0:FAIL-t230] and 1 exception(s); 399079f7-1eb1-4f37-b003-267572525934@group-D40A05E2FCF9:t230, leader=null, voted=399079f7-1eb1-4f37-b003-267572525934, raftlog=399079f7-1eb1-4f37-b003-267572525934@group-D40A05E2FCF9-SegmentedRaftLog:OPENED:c-1,f-1,i0, conf=-1: [399079f7-1eb1-4f37-b003-267572525934:192.168.164.241:37762, 7a43c46a-fc88-4b2d-b2da-ae029cfa60ff:192.168.164.241:43684, 6c5c38af-62e6-4ea7-a24a-078dcb28fb39:192.168.164.241:45428], old=null
2019-10-20 18:18:58,756 [399079f7-1eb1-4f37-b003-267572525934@group-D40A05E2FCF9-LeaderElection403] INFO  impl.LeaderElection (LogUtils.java:infoOrTrace(149)) -   Exception 0: {}
java.util.concurrent.ExecutionException: org.apache.ratis.thirdparty.io.grpc.StatusRuntimeException: UNAVAILABLE: io exception
	at java.util.concurrent.FutureTask.report(FutureTask.java:122)
	at java.util.concurrent.FutureTask.get(FutureTask.java:192)
	at org.apache.ratis.server.impl.LeaderElection.waitForResults(LeaderElection.java:259)
	at org.apache.ratis.server.impl.LeaderElection.askForVotes(LeaderElection.java:197)
	at org.apache.ratis.server.impl.LeaderElection.run(LeaderElection.java:133)
	at java.lang.Thread.run(Thread.java:748)
Caused by: org.apache.ratis.thirdparty.io.grpc.StatusRuntimeException: UNAVAILABLE: io exception
	at org.apache.ratis.thirdparty.io.grpc.stub.ClientCalls.toStatusRuntimeException(ClientCalls.java:233)
	at org.apache.ratis.thirdparty.io.grpc.stub.ClientCalls.getUnchecked(ClientCalls.java:214)
	at org.apache.ratis.thirdparty.io.grpc.stub.ClientCalls.blockingUnaryCall(ClientCalls.java:139)
	at org.apache.ratis.proto.grpc.RaftServerProtocolServiceGrpc$RaftServerProtocolServiceBlockingStub.requestVote(RaftServerProtocolServiceGrpc.java:265)
	at org.apache.ratis.grpc.server.GrpcServerProtocolClient.requestVote(GrpcServerProtocolClient.java:99)
	at org.apache.ratis.grpc.server.GrpcService.requestVote(GrpcService.java:204)
	at org.apache.ratis.server.impl.LeaderElection.lambda$submitRequests$1(LeaderElection.java:234)
	at java.util.concurrent.FutureTask.run(FutureTask.java:266)
	at java.util.concurrent.Executors$RunnableAdapter.call(Executors.java:511)
	at java.util.concurrent.FutureTask.run(FutureTask.java:266)
	at java.util.concurrent.ThreadPoolExecutor.runWorker(ThreadPoolExecutor.java:1149)
	at java.util.concurrent.ThreadPoolExecutor$Worker.run(ThreadPoolExecutor.java:624)
	... 1 more
Caused by: org.apache.ratis.thirdparty.io.netty.channel.AbstractChannel$AnnotatedConnectException: Connection refused: /192.168.164.241:45428
	at sun.nio.ch.SocketChannelImpl.checkConnect(Native Method)
	at sun.nio.ch.SocketChannelImpl.finishConnect(SocketChannelImpl.java:717)
	at org.apache.ratis.thirdparty.io.netty.channel.socket.nio.NioSocketChannel.doFinishConnect(NioSocketChannel.java:327)
	at org.apache.ratis.thirdparty.io.netty.channel.nio.AbstractNioChannel$AbstractNioUnsafe.finishConnect(AbstractNioChannel.java:340)
	at org.apache.ratis.thirdparty.io.netty.channel.nio.NioEventLoop.processSelectedKey(NioEventLoop.java:632)
	at org.apache.ratis.thirdparty.io.netty.channel.nio.NioEventLoop.processSelectedKeysOptimized(NioEventLoop.java:579)
	at org.apache.ratis.thirdparty.io.netty.channel.nio.NioEventLoop.processSelectedKeys(NioEventLoop.java:496)
	at org.apache.ratis.thirdparty.io.netty.channel.nio.NioEventLoop.run(NioEventLoop.java:458)
	at org.apache.ratis.thirdparty.io.netty.util.concurrent.SingleThreadEventExecutor$5.run(SingleThreadEventExecutor.java:897)
	at org.apache.ratis.thirdparty.io.netty.util.concurrent.FastThreadLocalRunnable.run(FastThreadLocalRunnable.java:30)
	... 1 more
Caused by: java.net.ConnectException: Connection refused
	... 11 more
2019-10-20 18:18:58,757 [399079f7-1eb1-4f37-b003-267572525934@group-D40A05E2FCF9-LeaderElection403] INFO  impl.RaftServerImpl (RaftServerImpl.java:setRole(184)) - 399079f7-1eb1-4f37-b003-267572525934@group-D40A05E2FCF9: changes role from CANDIDATE to FOLLOWER at term 230 for DISCOVERED_A_NEW_TERM
2019-10-20 18:18:58,757 [399079f7-1eb1-4f37-b003-267572525934@group-D40A05E2FCF9-LeaderElection403] INFO  impl.RoleInfo (RoleInfo.java:shutdownLeaderElection(134)) - 399079f7-1eb1-4f37-b003-267572525934: shutdown LeaderElection
2019-10-20 18:18:58,757 [399079f7-1eb1-4f37-b003-267572525934@group-D40A05E2FCF9-LeaderElection403] INFO  impl.RoleInfo (RoleInfo.java:updateAndGet(143)) - 399079f7-1eb1-4f37-b003-267572525934: start FollowerState
2019-10-20 18:18:58,796 [Thread-3179] INFO  impl.FollowerState (FollowerState.java:run(108)) - b75f8b2e-6273-4c97-b7c5-042674931d23@group-F11756C8BA4A-FollowerState: change to CANDIDATE, lastRpcTime:182ms, electionTimeout:182ms
2019-10-20 18:18:58,796 [Thread-3179] INFO  impl.RoleInfo (RoleInfo.java:shutdownFollowerState(121)) - b75f8b2e-6273-4c97-b7c5-042674931d23: shutdown FollowerState
2019-10-20 18:18:58,796 [Thread-3179] INFO  impl.RaftServerImpl (RaftServerImpl.java:setRole(184)) - b75f8b2e-6273-4c97-b7c5-042674931d23@group-F11756C8BA4A: changes role from  FOLLOWER to CANDIDATE at term 227 for changeToCandidate
2019-10-20 18:18:58,797 [Thread-3179] INFO  impl.RoleInfo (RoleInfo.java:updateAndGet(143)) - b75f8b2e-6273-4c97-b7c5-042674931d23: start LeaderElection
2019-10-20 18:18:58,822 [b75f8b2e-6273-4c97-b7c5-042674931d23@group-F11756C8BA4A-LeaderElection404] INFO  impl.LeaderElection (LeaderElection.java:askForVotes(178)) - b75f8b2e-6273-4c97-b7c5-042674931d23@group-F11756C8BA4A-LeaderElection404: begin an election at term 228 for -1: [6ef27e9c-8ddb-4fa1-8c14-ab102acfb1b8:192.168.164.241:38092, b75f8b2e-6273-4c97-b7c5-042674931d23:192.168.164.241:41857, 3750b3a2-715b-46b3-9d0c-9e38136244b9:192.168.164.241:46227], old=null
2019-10-20 18:18:58,824 [b75f8b2e-6273-4c97-b7c5-042674931d23@group-F11756C8BA4A-LeaderElection404] INFO  impl.LeaderElection (LogUtils.java:infoOrTrace(149)) - b75f8b2e-6273-4c97-b7c5-042674931d23@group-F11756C8BA4A-LeaderElection404 got exception when requesting votes: {}
java.util.concurrent.ExecutionException: org.apache.ratis.thirdparty.io.grpc.StatusRuntimeException: UNAVAILABLE: io exception
	at java.util.concurrent.FutureTask.report(FutureTask.java:122)
	at java.util.concurrent.FutureTask.get(FutureTask.java:192)
	at org.apache.ratis.server.impl.LeaderElection.waitForResults(LeaderElection.java:259)
	at org.apache.ratis.server.impl.LeaderElection.askForVotes(LeaderElection.java:197)
	at org.apache.ratis.server.impl.LeaderElection.run(LeaderElection.java:133)
	at java.lang.Thread.run(Thread.java:748)
Caused by: org.apache.ratis.thirdparty.io.grpc.StatusRuntimeException: UNAVAILABLE: io exception
	at org.apache.ratis.thirdparty.io.grpc.stub.ClientCalls.toStatusRuntimeException(ClientCalls.java:233)
	at org.apache.ratis.thirdparty.io.grpc.stub.ClientCalls.getUnchecked(ClientCalls.java:214)
	at org.apache.ratis.thirdparty.io.grpc.stub.ClientCalls.blockingUnaryCall(ClientCalls.java:139)
	at org.apache.ratis.proto.grpc.RaftServerProtocolServiceGrpc$RaftServerProtocolServiceBlockingStub.requestVote(RaftServerProtocolServiceGrpc.java:265)
	at org.apache.ratis.grpc.server.GrpcServerProtocolClient.requestVote(GrpcServerProtocolClient.java:99)
	at org.apache.ratis.grpc.server.GrpcService.requestVote(GrpcService.java:204)
	at org.apache.ratis.server.impl.LeaderElection.lambda$submitRequests$1(LeaderElection.java:234)
	at java.util.concurrent.FutureTask.run(FutureTask.java:266)
	at java.util.concurrent.Executors$RunnableAdapter.call(Executors.java:511)
	at java.util.concurrent.FutureTask.run(FutureTask.java:266)
	at java.util.concurrent.ThreadPoolExecutor.runWorker(ThreadPoolExecutor.java:1149)
	at java.util.concurrent.ThreadPoolExecutor$Worker.run(ThreadPoolExecutor.java:624)
	... 1 more
Caused by: org.apache.ratis.thirdparty.io.netty.channel.AbstractChannel$AnnotatedConnectException: Connection refused: /192.168.164.241:46227
	at sun.nio.ch.SocketChannelImpl.checkConnect(Native Method)
	at sun.nio.ch.SocketChannelImpl.finishConnect(SocketChannelImpl.java:717)
	at org.apache.ratis.thirdparty.io.netty.channel.socket.nio.NioSocketChannel.doFinishConnect(NioSocketChannel.java:327)
	at org.apache.ratis.thirdparty.io.netty.channel.nio.AbstractNioChannel$AbstractNioUnsafe.finishConnect(AbstractNioChannel.java:340)
	at org.apache.ratis.thirdparty.io.netty.channel.nio.NioEventLoop.processSelectedKey(NioEventLoop.java:632)
	at org.apache.ratis.thirdparty.io.netty.channel.nio.NioEventLoop.processSelectedKeysOptimized(NioEventLoop.java:579)
	at org.apache.ratis.thirdparty.io.netty.channel.nio.NioEventLoop.processSelectedKeys(NioEventLoop.java:496)
	at org.apache.ratis.thirdparty.io.netty.channel.nio.NioEventLoop.run(NioEventLoop.java:458)
	at org.apache.ratis.thirdparty.io.netty.util.concurrent.SingleThreadEventExecutor$5.run(SingleThreadEventExecutor.java:897)
	at org.apache.ratis.thirdparty.io.netty.util.concurrent.FastThreadLocalRunnable.run(FastThreadLocalRunnable.java:30)
	... 1 more
Caused by: java.net.ConnectException: Connection refused
	... 11 more
2019-10-20 18:18:58,825 [grpc-default-executor-10] INFO  impl.RaftServerImpl (RaftServerImpl.java:setRole(184)) - 6ef27e9c-8ddb-4fa1-8c14-ab102acfb1b8@group-F11756C8BA4A: changes role from  FOLLOWER to FOLLOWER at term 228 for recognizeCandidate:b75f8b2e-6273-4c97-b7c5-042674931d23
2019-10-20 18:18:58,825 [grpc-default-executor-10] INFO  impl.RoleInfo (RoleInfo.java:shutdownFollowerState(121)) - 6ef27e9c-8ddb-4fa1-8c14-ab102acfb1b8: shutdown FollowerState
2019-10-20 18:18:58,825 [grpc-default-executor-10] INFO  impl.RoleInfo (RoleInfo.java:updateAndGet(143)) - 6ef27e9c-8ddb-4fa1-8c14-ab102acfb1b8: start FollowerState
2019-10-20 18:18:58,825 [Thread-3178] INFO  impl.FollowerState (FollowerState.java:run(117)) - 6ef27e9c-8ddb-4fa1-8c14-ab102acfb1b8@group-F11756C8BA4A-FollowerState was interrupted: java.lang.InterruptedException: sleep interrupted
2019-10-20 18:18:58,827 [Thread-3188] INFO  impl.FollowerState (FollowerState.java:run(108)) - 399079f7-1eb1-4f37-b003-267572525934@group-D40A05E2FCF9-FollowerState: change to CANDIDATE, lastRpcTime:70ms, electionTimeout:70ms
2019-10-20 18:18:58,827 [Thread-3188] INFO  impl.RoleInfo (RoleInfo.java:shutdownFollowerState(121)) - 399079f7-1eb1-4f37-b003-267572525934: shutdown FollowerState
2019-10-20 18:18:58,827 [Thread-3188] INFO  impl.RaftServerImpl (RaftServerImpl.java:setRole(184)) - 399079f7-1eb1-4f37-b003-267572525934@group-D40A05E2FCF9: changes role from  FOLLOWER to CANDIDATE at term 230 for changeToCandidate
2019-10-20 18:18:58,828 [Thread-3188] INFO  impl.RoleInfo (RoleInfo.java:updateAndGet(143)) - 399079f7-1eb1-4f37-b003-267572525934: start LeaderElection
2019-10-20 18:18:58,848 [399079f7-1eb1-4f37-b003-267572525934@group-D40A05E2FCF9-LeaderElection405] INFO  impl.LeaderElection (LeaderElection.java:askForVotes(178)) - 399079f7-1eb1-4f37-b003-267572525934@group-D40A05E2FCF9-LeaderElection405: begin an election at term 231 for -1: [399079f7-1eb1-4f37-b003-267572525934:192.168.164.241:37762, 7a43c46a-fc88-4b2d-b2da-ae029cfa60ff:192.168.164.241:43684, 6c5c38af-62e6-4ea7-a24a-078dcb28fb39:192.168.164.241:45428], old=null
2019-10-20 18:18:58,849 [b75f8b2e-6273-4c97-b7c5-042674931d23@group-F11756C8BA4A-LeaderElection404] INFO  impl.LeaderElection (LeaderElection.java:logAndReturn(56)) - b75f8b2e-6273-4c97-b7c5-042674931d23@group-F11756C8BA4A-LeaderElection404: Election REJECTED; received 1 response(s) [b75f8b2e-6273-4c97-b7c5-042674931d23<-6ef27e9c-8ddb-4fa1-8c14-ab102acfb1b8#0:FAIL-t228] and 1 exception(s); b75f8b2e-6273-4c97-b7c5-042674931d23@group-F11756C8BA4A:t228, leader=null, voted=b75f8b2e-6273-4c97-b7c5-042674931d23, raftlog=b75f8b2e-6273-4c97-b7c5-042674931d23@group-F11756C8BA4A-SegmentedRaftLog:OPENED:c-1,f-1,i0, conf=-1: [6ef27e9c-8ddb-4fa1-8c14-ab102acfb1b8:192.168.164.241:38092, b75f8b2e-6273-4c97-b7c5-042674931d23:192.168.164.241:41857, 3750b3a2-715b-46b3-9d0c-9e38136244b9:192.168.164.241:46227], old=null
2019-10-20 18:18:58,849 [399079f7-1eb1-4f37-b003-267572525934@group-D40A05E2FCF9-LeaderElection405] INFO  impl.LeaderElection (LogUtils.java:infoOrTrace(149)) - 399079f7-1eb1-4f37-b003-267572525934@group-D40A05E2FCF9-LeaderElection405 got exception when requesting votes: {}
java.util.concurrent.ExecutionException: org.apache.ratis.thirdparty.io.grpc.StatusRuntimeException: UNAVAILABLE: io exception
	at java.util.concurrent.FutureTask.report(FutureTask.java:122)
	at java.util.concurrent.FutureTask.get(FutureTask.java:192)
	at org.apache.ratis.server.impl.LeaderElection.waitForResults(LeaderElection.java:259)
	at org.apache.ratis.server.impl.LeaderElection.askForVotes(LeaderElection.java:197)
	at org.apache.ratis.server.impl.LeaderElection.run(LeaderElection.java:133)
	at java.lang.Thread.run(Thread.java:748)
Caused by: org.apache.ratis.thirdparty.io.grpc.StatusRuntimeException: UNAVAILABLE: io exception
	at org.apache.ratis.thirdparty.io.grpc.stub.ClientCalls.toStatusRuntimeException(ClientCalls.java:233)
	at org.apache.ratis.thirdparty.io.grpc.stub.ClientCalls.getUnchecked(ClientCalls.java:214)
	at org.apache.ratis.thirdparty.io.grpc.stub.ClientCalls.blockingUnaryCall(ClientCalls.java:139)
	at org.apache.ratis.proto.grpc.RaftServerProtocolServiceGrpc$RaftServerProtocolServiceBlockingStub.requestVote(RaftServerProtocolServiceGrpc.java:265)
	at org.apache.ratis.grpc.server.GrpcServerProtocolClient.requestVote(GrpcServerProtocolClient.java:99)
	at org.apache.ratis.grpc.server.GrpcService.requestVote(GrpcService.java:204)
	at org.apache.ratis.server.impl.LeaderElection.lambda$submitRequests$1(LeaderElection.java:234)
	at java.util.concurrent.FutureTask.run(FutureTask.java:266)
	at java.util.concurrent.Executors$RunnableAdapter.call(Executors.java:511)
	at java.util.concurrent.FutureTask.run(FutureTask.java:266)
	at java.util.concurrent.ThreadPoolExecutor.runWorker(ThreadPoolExecutor.java:1149)
	at java.util.concurrent.ThreadPoolExecutor$Worker.run(ThreadPoolExecutor.java:624)
	... 1 more
Caused by: org.apache.ratis.thirdparty.io.netty.channel.AbstractChannel$AnnotatedConnectException: Connection refused: /192.168.164.241:45428
	at sun.nio.ch.SocketChannelImpl.checkConnect(Native Method)
	at sun.nio.ch.SocketChannelImpl.finishConnect(SocketChannelImpl.java:717)
	at org.apache.ratis.thirdparty.io.netty.channel.socket.nio.NioSocketChannel.doFinishConnect(NioSocketChannel.java:327)
	at org.apache.ratis.thirdparty.io.netty.channel.nio.AbstractNioChannel$AbstractNioUnsafe.finishConnect(AbstractNioChannel.java:340)
	at org.apache.ratis.thirdparty.io.netty.channel.nio.NioEventLoop.processSelectedKey(NioEventLoop.java:632)
	at org.apache.ratis.thirdparty.io.netty.channel.nio.NioEventLoop.processSelectedKeysOptimized(NioEventLoop.java:579)
	at org.apache.ratis.thirdparty.io.netty.channel.nio.NioEventLoop.processSelectedKeys(NioEventLoop.java:496)
	at org.apache.ratis.thirdparty.io.netty.channel.nio.NioEventLoop.run(NioEventLoop.java:458)
	at org.apache.ratis.thirdparty.io.netty.util.concurrent.SingleThreadEventExecutor$5.run(SingleThreadEventExecutor.java:897)
	at org.apache.ratis.thirdparty.io.netty.util.concurrent.FastThreadLocalRunnable.run(FastThreadLocalRunnable.java:30)
	... 1 more
Caused by: java.net.ConnectException: Connection refused
	... 11 more
2019-10-20 18:18:58,849 [b75f8b2e-6273-4c97-b7c5-042674931d23@group-F11756C8BA4A-LeaderElection404] INFO  impl.LeaderElection (LogUtils.java:infoOrTrace(149)) -   Exception 0: {}
java.util.concurrent.ExecutionException: org.apache.ratis.thirdparty.io.grpc.StatusRuntimeException: UNAVAILABLE: io exception
	at java.util.concurrent.FutureTask.report(FutureTask.java:122)
	at java.util.concurrent.FutureTask.get(FutureTask.java:192)
	at org.apache.ratis.server.impl.LeaderElection.waitForResults(LeaderElection.java:259)
	at org.apache.ratis.server.impl.LeaderElection.askForVotes(LeaderElection.java:197)
	at org.apache.ratis.server.impl.LeaderElection.run(LeaderElection.java:133)
	at java.lang.Thread.run(Thread.java:748)
Caused by: org.apache.ratis.thirdparty.io.grpc.StatusRuntimeException: UNAVAILABLE: io exception
	at org.apache.ratis.thirdparty.io.grpc.stub.ClientCalls.toStatusRuntimeException(ClientCalls.java:233)
	at org.apache.ratis.thirdparty.io.grpc.stub.ClientCalls.getUnchecked(ClientCalls.java:214)
	at org.apache.ratis.thirdparty.io.grpc.stub.ClientCalls.blockingUnaryCall(ClientCalls.java:139)
	at org.apache.ratis.proto.grpc.RaftServerProtocolServiceGrpc$RaftServerProtocolServiceBlockingStub.requestVote(RaftServerProtocolServiceGrpc.java:265)
	at org.apache.ratis.grpc.server.GrpcServerProtocolClient.requestVote(GrpcServerProtocolClient.java:99)
	at org.apache.ratis.grpc.server.GrpcService.requestVote(GrpcService.java:204)
	at org.apache.ratis.server.impl.LeaderElection.lambda$submitRequests$1(LeaderElection.java:234)
	at java.util.concurrent.FutureTask.run(FutureTask.java:266)
	at java.util.concurrent.Executors$RunnableAdapter.call(Executors.java:511)
	at java.util.concurrent.FutureTask.run(FutureTask.java:266)
	at java.util.concurrent.ThreadPoolExecutor.runWorker(ThreadPoolExecutor.java:1149)
	at java.util.concurrent.ThreadPoolExecutor$Worker.run(ThreadPoolExecutor.java:624)
	... 1 more
Caused by: org.apache.ratis.thirdparty.io.netty.channel.AbstractChannel$AnnotatedConnectException: Connection refused: /192.168.164.241:46227
	at sun.nio.ch.SocketChannelImpl.checkConnect(Native Method)
	at sun.nio.ch.SocketChannelImpl.finishConnect(SocketChannelImpl.java:717)
	at org.apache.ratis.thirdparty.io.netty.channel.socket.nio.NioSocketChannel.doFinishConnect(NioSocketChannel.java:327)
	at org.apache.ratis.thirdparty.io.netty.channel.nio.AbstractNioChannel$AbstractNioUnsafe.finishConnect(AbstractNioChannel.java:340)
	at org.apache.ratis.thirdparty.io.netty.channel.nio.NioEventLoop.processSelectedKey(NioEventLoop.java:632)
	at org.apache.ratis.thirdparty.io.netty.channel.nio.NioEventLoop.processSelectedKeysOptimized(NioEventLoop.java:579)
	at org.apache.ratis.thirdparty.io.netty.channel.nio.NioEventLoop.processSelectedKeys(NioEventLoop.java:496)
	at org.apache.ratis.thirdparty.io.netty.channel.nio.NioEventLoop.run(NioEventLoop.java:458)
	at org.apache.ratis.thirdparty.io.netty.util.concurrent.SingleThreadEventExecutor$5.run(SingleThreadEventExecutor.java:897)
	at org.apache.ratis.thirdparty.io.netty.util.concurrent.FastThreadLocalRunnable.run(FastThreadLocalRunnable.java:30)
	... 1 more
Caused by: java.net.ConnectException: Connection refused
	... 11 more
2019-10-20 18:18:58,850 [grpc-default-executor-10] INFO  impl.RaftServerImpl (RaftServerImpl.java:setRole(184)) - 7a43c46a-fc88-4b2d-b2da-ae029cfa60ff@group-D40A05E2FCF9: changes role from  FOLLOWER to FOLLOWER at term 231 for recognizeCandidate:399079f7-1eb1-4f37-b003-267572525934
2019-10-20 18:18:58,850 [b75f8b2e-6273-4c97-b7c5-042674931d23@group-F11756C8BA4A-LeaderElection404] INFO  impl.RaftServerImpl (RaftServerImpl.java:setRole(184)) - b75f8b2e-6273-4c97-b7c5-042674931d23@group-F11756C8BA4A: changes role from CANDIDATE to FOLLOWER at term 228 for DISCOVERED_A_NEW_TERM
2019-10-20 18:18:58,850 [grpc-default-executor-10] INFO  impl.RoleInfo (RoleInfo.java:shutdownFollowerState(121)) - 7a43c46a-fc88-4b2d-b2da-ae029cfa60ff: shutdown FollowerState
2019-10-20 18:18:58,850 [b75f8b2e-6273-4c97-b7c5-042674931d23@group-F11756C8BA4A-LeaderElection404] INFO  impl.RoleInfo (RoleInfo.java:shutdownLeaderElection(134)) - b75f8b2e-6273-4c97-b7c5-042674931d23: shutdown LeaderElection
2019-10-20 18:18:58,851 [Thread-3187] INFO  impl.FollowerState (FollowerState.java:run(117)) - 7a43c46a-fc88-4b2d-b2da-ae029cfa60ff@group-D40A05E2FCF9-FollowerState was interrupted: java.lang.InterruptedException: sleep interrupted
2019-10-20 18:18:58,851 [b75f8b2e-6273-4c97-b7c5-042674931d23@group-F11756C8BA4A-LeaderElection404] INFO  impl.RoleInfo (RoleInfo.java:updateAndGet(143)) - b75f8b2e-6273-4c97-b7c5-042674931d23: start FollowerState
2019-10-20 18:18:58,850 [grpc-default-executor-10] INFO  impl.RoleInfo (RoleInfo.java:updateAndGet(143)) - 7a43c46a-fc88-4b2d-b2da-ae029cfa60ff: start FollowerState
2019-10-20 18:18:58,861 [Thread-3197] INFO  impl.FollowerState (FollowerState.java:run(108)) - b75f8b2e-6273-4c97-b7c5-042674931d23@group-F11756C8BA4A-FollowerState: change to CANDIDATE, lastRpcTime:10ms, electionTimeout:10ms
2019-10-20 18:18:58,861 [Thread-3197] INFO  impl.RoleInfo (RoleInfo.java:shutdownFollowerState(121)) - b75f8b2e-6273-4c97-b7c5-042674931d23: shutdown FollowerState
2019-10-20 18:18:58,861 [Thread-3197] INFO  impl.RaftServerImpl (RaftServerImpl.java:setRole(184)) - b75f8b2e-6273-4c97-b7c5-042674931d23@group-F11756C8BA4A: changes role from  FOLLOWER to CANDIDATE at term 228 for changeToCandidate
2019-10-20 18:18:58,861 [Thread-3197] INFO  impl.RoleInfo (RoleInfo.java:updateAndGet(143)) - b75f8b2e-6273-4c97-b7c5-042674931d23: start LeaderElection
2019-10-20 18:18:58,874 [399079f7-1eb1-4f37-b003-267572525934@group-D40A05E2FCF9-LeaderElection405] INFO  impl.LeaderElection (LeaderElection.java:logAndReturn(56)) - 399079f7-1eb1-4f37-b003-267572525934@group-D40A05E2FCF9-LeaderElection405: Election REJECTED; received 1 response(s) [399079f7-1eb1-4f37-b003-267572525934<-7a43c46a-fc88-4b2d-b2da-ae029cfa60ff#0:FAIL-t231] and 1 exception(s); 399079f7-1eb1-4f37-b003-267572525934@group-D40A05E2FCF9:t231, leader=null, voted=399079f7-1eb1-4f37-b003-267572525934, raftlog=399079f7-1eb1-4f37-b003-267572525934@group-D40A05E2FCF9-SegmentedRaftLog:OPENED:c-1,f-1,i0, conf=-1: [399079f7-1eb1-4f37-b003-267572525934:192.168.164.241:37762, 7a43c46a-fc88-4b2d-b2da-ae029cfa60ff:192.168.164.241:43684, 6c5c38af-62e6-4ea7-a24a-078dcb28fb39:192.168.164.241:45428], old=null
2019-10-20 18:18:58,874 [399079f7-1eb1-4f37-b003-267572525934@group-D40A05E2FCF9-LeaderElection405] INFO  impl.LeaderElection (LogUtils.java:infoOrTrace(149)) -   Exception 0: {}
java.util.concurrent.ExecutionException: org.apache.ratis.thirdparty.io.grpc.StatusRuntimeException: UNAVAILABLE: io exception
	at java.util.concurrent.FutureTask.report(FutureTask.java:122)
	at java.util.concurrent.FutureTask.get(FutureTask.java:192)
	at org.apache.ratis.server.impl.LeaderElection.waitForResults(LeaderElection.java:259)
	at org.apache.ratis.server.impl.LeaderElection.askForVotes(LeaderElection.java:197)
	at org.apache.ratis.server.impl.LeaderElection.run(LeaderElection.java:133)
	at java.lang.Thread.run(Thread.java:748)
Caused by: org.apache.ratis.thirdparty.io.grpc.StatusRuntimeException: UNAVAILABLE: io exception
	at org.apache.ratis.thirdparty.io.grpc.stub.ClientCalls.toStatusRuntimeException(ClientCalls.java:233)
	at org.apache.ratis.thirdparty.io.grpc.stub.ClientCalls.getUnchecked(ClientCalls.java:214)
	at org.apache.ratis.thirdparty.io.grpc.stub.ClientCalls.blockingUnaryCall(ClientCalls.java:139)
	at org.apache.ratis.proto.grpc.RaftServerProtocolServiceGrpc$RaftServerProtocolServiceBlockingStub.requestVote(RaftServerProtocolServiceGrpc.java:265)
	at org.apache.ratis.grpc.server.GrpcServerProtocolClient.requestVote(GrpcServerProtocolClient.java:99)
	at org.apache.ratis.grpc.server.GrpcService.requestVote(GrpcService.java:204)
	at org.apache.ratis.server.impl.LeaderElection.lambda$submitRequests$1(LeaderElection.java:234)
	at java.util.concurrent.FutureTask.run(FutureTask.java:266)
	at java.util.concurrent.Executors$RunnableAdapter.call(Executors.java:511)
	at java.util.concurrent.FutureTask.run(FutureTask.java:266)
	at java.util.concurrent.ThreadPoolExecutor.runWorker(ThreadPoolExecutor.java:1149)
	at java.util.concurrent.ThreadPoolExecutor$Worker.run(ThreadPoolExecutor.java:624)
	... 1 more
Caused by: org.apache.ratis.thirdparty.io.netty.channel.AbstractChannel$AnnotatedConnectException: Connection refused: /192.168.164.241:45428
	at sun.nio.ch.SocketChannelImpl.checkConnect(Native Method)
	at sun.nio.ch.SocketChannelImpl.finishConnect(SocketChannelImpl.java:717)
	at org.apache.ratis.thirdparty.io.netty.channel.socket.nio.NioSocketChannel.doFinishConnect(NioSocketChannel.java:327)
	at org.apache.ratis.thirdparty.io.netty.channel.nio.AbstractNioChannel$AbstractNioUnsafe.finishConnect(AbstractNioChannel.java:340)
	at org.apache.ratis.thirdparty.io.netty.channel.nio.NioEventLoop.processSelectedKey(NioEventLoop.java:632)
	at org.apache.ratis.thirdparty.io.netty.channel.nio.NioEventLoop.processSelectedKeysOptimized(NioEventLoop.java:579)
	at org.apache.ratis.thirdparty.io.netty.channel.nio.NioEventLoop.processSelectedKeys(NioEventLoop.java:496)
	at org.apache.ratis.thirdparty.io.netty.channel.nio.NioEventLoop.run(NioEventLoop.java:458)
	at org.apache.ratis.thirdparty.io.netty.util.concurrent.SingleThreadEventExecutor$5.run(SingleThreadEventExecutor.java:897)
	at org.apache.ratis.thirdparty.io.netty.util.concurrent.FastThreadLocalRunnable.run(FastThreadLocalRunnable.java:30)
	... 1 more
Caused by: java.net.ConnectException: Connection refused
	... 11 more
2019-10-20 18:18:58,874 [399079f7-1eb1-4f37-b003-267572525934@group-D40A05E2FCF9-LeaderElection405] INFO  impl.RaftServerImpl (RaftServerImpl.java:setRole(184)) - 399079f7-1eb1-4f37-b003-267572525934@group-D40A05E2FCF9: changes role from CANDIDATE to FOLLOWER at term 231 for DISCOVERED_A_NEW_TERM
2019-10-20 18:18:58,875 [399079f7-1eb1-4f37-b003-267572525934@group-D40A05E2FCF9-LeaderElection405] INFO  impl.RoleInfo (RoleInfo.java:shutdownLeaderElection(134)) - 399079f7-1eb1-4f37-b003-267572525934: shutdown LeaderElection
2019-10-20 18:18:58,875 [399079f7-1eb1-4f37-b003-267572525934@group-D40A05E2FCF9-LeaderElection405] INFO  impl.RoleInfo (RoleInfo.java:updateAndGet(143)) - 399079f7-1eb1-4f37-b003-267572525934: start FollowerState
2019-10-20 18:18:58,890 [b75f8b2e-6273-4c97-b7c5-042674931d23@group-F11756C8BA4A-LeaderElection406] INFO  impl.LeaderElection (LeaderElection.java:askForVotes(178)) - b75f8b2e-6273-4c97-b7c5-042674931d23@group-F11756C8BA4A-LeaderElection406: begin an election at term 229 for -1: [6ef27e9c-8ddb-4fa1-8c14-ab102acfb1b8:192.168.164.241:38092, b75f8b2e-6273-4c97-b7c5-042674931d23:192.168.164.241:41857, 3750b3a2-715b-46b3-9d0c-9e38136244b9:192.168.164.241:46227], old=null
2019-10-20 18:18:58,891 [b75f8b2e-6273-4c97-b7c5-042674931d23@group-F11756C8BA4A-LeaderElection406] INFO  impl.LeaderElection (LogUtils.java:infoOrTrace(149)) - b75f8b2e-6273-4c97-b7c5-042674931d23@group-F11756C8BA4A-LeaderElection406 got exception when requesting votes: {}
java.util.concurrent.ExecutionException: org.apache.ratis.thirdparty.io.grpc.StatusRuntimeException: UNAVAILABLE: io exception
	at java.util.concurrent.FutureTask.report(FutureTask.java:122)
	at java.util.concurrent.FutureTask.get(FutureTask.java:192)
	at org.apache.ratis.server.impl.LeaderElection.waitForResults(LeaderElection.java:259)
	at org.apache.ratis.server.impl.LeaderElection.askForVotes(LeaderElection.java:197)
	at org.apache.ratis.server.impl.LeaderElection.run(LeaderElection.java:133)
	at java.lang.Thread.run(Thread.java:748)
Caused by: org.apache.ratis.thirdparty.io.grpc.StatusRuntimeException: UNAVAILABLE: io exception
	at org.apache.ratis.thirdparty.io.grpc.stub.ClientCalls.toStatusRuntimeException(ClientCalls.java:233)
	at org.apache.ratis.thirdparty.io.grpc.stub.ClientCalls.getUnchecked(ClientCalls.java:214)
	at org.apache.ratis.thirdparty.io.grpc.stub.ClientCalls.blockingUnaryCall(ClientCalls.java:139)
	at org.apache.ratis.proto.grpc.RaftServerProtocolServiceGrpc$RaftServerProtocolServiceBlockingStub.requestVote(RaftServerProtocolServiceGrpc.java:265)
	at org.apache.ratis.grpc.server.GrpcServerProtocolClient.requestVote(GrpcServerProtocolClient.java:99)
	at org.apache.ratis.grpc.server.GrpcService.requestVote(GrpcService.java:204)
	at org.apache.ratis.server.impl.LeaderElection.lambda$submitRequests$1(LeaderElection.java:234)
	at java.util.concurrent.FutureTask.run(FutureTask.java:266)
	at java.util.concurrent.Executors$RunnableAdapter.call(Executors.java:511)
	at java.util.concurrent.FutureTask.run(FutureTask.java:266)
	at java.util.concurrent.ThreadPoolExecutor.runWorker(ThreadPoolExecutor.java:1149)
	at java.util.concurrent.ThreadPoolExecutor$Worker.run(ThreadPoolExecutor.java:624)
	... 1 more
Caused by: org.apache.ratis.thirdparty.io.netty.channel.AbstractChannel$AnnotatedConnectException: Connection refused: /192.168.164.241:46227
	at sun.nio.ch.SocketChannelImpl.checkConnect(Native Method)
	at sun.nio.ch.SocketChannelImpl.finishConnect(SocketChannelImpl.java:717)
	at org.apache.ratis.thirdparty.io.netty.channel.socket.nio.NioSocketChannel.doFinishConnect(NioSocketChannel.java:327)
	at org.apache.ratis.thirdparty.io.netty.channel.nio.AbstractNioChannel$AbstractNioUnsafe.finishConnect(AbstractNioChannel.java:340)
	at org.apache.ratis.thirdparty.io.netty.channel.nio.NioEventLoop.processSelectedKey(NioEventLoop.java:632)
	at org.apache.ratis.thirdparty.io.netty.channel.nio.NioEventLoop.processSelectedKeysOptimized(NioEventLoop.java:579)
	at org.apache.ratis.thirdparty.io.netty.channel.nio.NioEventLoop.processSelectedKeys(NioEventLoop.java:496)
	at org.apache.ratis.thirdparty.io.netty.channel.nio.NioEventLoop.run(NioEventLoop.java:458)
	at org.apache.ratis.thirdparty.io.netty.util.concurrent.SingleThreadEventExecutor$5.run(SingleThreadEventExecutor.java:897)
	at org.apache.ratis.thirdparty.io.netty.util.concurrent.FastThreadLocalRunnable.run(FastThreadLocalRunnable.java:30)
	... 1 more
Caused by: java.net.ConnectException: Connection refused
	... 11 more
2019-10-20 18:18:58,892 [grpc-default-executor-10] INFO  impl.RaftServerImpl (RaftServerImpl.java:setRole(184)) - 6ef27e9c-8ddb-4fa1-8c14-ab102acfb1b8@group-F11756C8BA4A: changes role from  FOLLOWER to FOLLOWER at term 229 for recognizeCandidate:b75f8b2e-6273-4c97-b7c5-042674931d23
2019-10-20 18:18:58,892 [grpc-default-executor-10] INFO  impl.RoleInfo (RoleInfo.java:shutdownFollowerState(121)) - 6ef27e9c-8ddb-4fa1-8c14-ab102acfb1b8: shutdown FollowerState
2019-10-20 18:18:58,892 [grpc-default-executor-10] INFO  impl.RoleInfo (RoleInfo.java:updateAndGet(143)) - 6ef27e9c-8ddb-4fa1-8c14-ab102acfb1b8: start FollowerState
2019-10-20 18:18:58,892 [Thread-3192] INFO  impl.FollowerState (FollowerState.java:run(117)) - 6ef27e9c-8ddb-4fa1-8c14-ab102acfb1b8@group-F11756C8BA4A-FollowerState was interrupted: java.lang.InterruptedException: sleep interrupted
2019-10-20 18:18:58,915 [b75f8b2e-6273-4c97-b7c5-042674931d23@group-F11756C8BA4A-LeaderElection406] INFO  impl.LeaderElection (LeaderElection.java:logAndReturn(56)) - b75f8b2e-6273-4c97-b7c5-042674931d23@group-F11756C8BA4A-LeaderElection406: Election TIMEOUT; received 0 response(s) [] and 1 exception(s); b75f8b2e-6273-4c97-b7c5-042674931d23@group-F11756C8BA4A:t229, leader=null, voted=b75f8b2e-6273-4c97-b7c5-042674931d23, raftlog=b75f8b2e-6273-4c97-b7c5-042674931d23@group-F11756C8BA4A-SegmentedRaftLog:OPENED:c-1,f-1,i0, conf=-1: [6ef27e9c-8ddb-4fa1-8c14-ab102acfb1b8:192.168.164.241:38092, b75f8b2e-6273-4c97-b7c5-042674931d23:192.168.164.241:41857, 3750b3a2-715b-46b3-9d0c-9e38136244b9:192.168.164.241:46227], old=null
2019-10-20 18:18:58,915 [b75f8b2e-6273-4c97-b7c5-042674931d23@group-F11756C8BA4A-LeaderElection406] INFO  impl.LeaderElection (LogUtils.java:infoOrTrace(149)) -   Exception 0: {}
java.util.concurrent.ExecutionException: org.apache.ratis.thirdparty.io.grpc.StatusRuntimeException: UNAVAILABLE: io exception
	at java.util.concurrent.FutureTask.report(FutureTask.java:122)
	at java.util.concurrent.FutureTask.get(FutureTask.java:192)
	at org.apache.ratis.server.impl.LeaderElection.waitForResults(LeaderElection.java:259)
	at org.apache.ratis.server.impl.LeaderElection.askForVotes(LeaderElection.java:197)
	at org.apache.ratis.server.impl.LeaderElection.run(LeaderElection.java:133)
	at java.lang.Thread.run(Thread.java:748)
Caused by: org.apache.ratis.thirdparty.io.grpc.StatusRuntimeException: UNAVAILABLE: io exception
	at org.apache.ratis.thirdparty.io.grpc.stub.ClientCalls.toStatusRuntimeException(ClientCalls.java:233)
	at org.apache.ratis.thirdparty.io.grpc.stub.ClientCalls.getUnchecked(ClientCalls.java:214)
	at org.apache.ratis.thirdparty.io.grpc.stub.ClientCalls.blockingUnaryCall(ClientCalls.java:139)
	at org.apache.ratis.proto.grpc.RaftServerProtocolServiceGrpc$RaftServerProtocolServiceBlockingStub.requestVote(RaftServerProtocolServiceGrpc.java:265)
	at org.apache.ratis.grpc.server.GrpcServerProtocolClient.requestVote(GrpcServerProtocolClient.java:99)
	at org.apache.ratis.grpc.server.GrpcService.requestVote(GrpcService.java:204)
	at org.apache.ratis.server.impl.LeaderElection.lambda$submitRequests$1(LeaderElection.java:234)
	at java.util.concurrent.FutureTask.run(FutureTask.java:266)
	at java.util.concurrent.Executors$RunnableAdapter.call(Executors.java:511)
	at java.util.concurrent.FutureTask.run(FutureTask.java:266)
	at java.util.concurrent.ThreadPoolExecutor.runWorker(ThreadPoolExecutor.java:1149)
	at java.util.concurrent.ThreadPoolExecutor$Worker.run(ThreadPoolExecutor.java:624)
	... 1 more
Caused by: org.apache.ratis.thirdparty.io.netty.channel.AbstractChannel$AnnotatedConnectException: Connection refused: /192.168.164.241:46227
	at sun.nio.ch.SocketChannelImpl.checkConnect(Native Method)
	at sun.nio.ch.SocketChannelImpl.finishConnect(SocketChannelImpl.java:717)
	at org.apache.ratis.thirdparty.io.netty.channel.socket.nio.NioSocketChannel.doFinishConnect(NioSocketChannel.java:327)
	at org.apache.ratis.thirdparty.io.netty.channel.nio.AbstractNioChannel$AbstractNioUnsafe.finishConnect(AbstractNioChannel.java:340)
	at org.apache.ratis.thirdparty.io.netty.channel.nio.NioEventLoop.processSelectedKey(NioEventLoop.java:632)
	at org.apache.ratis.thirdparty.io.netty.channel.nio.NioEventLoop.processSelectedKeysOptimized(NioEventLoop.java:579)
	at org.apache.ratis.thirdparty.io.netty.channel.nio.NioEventLoop.processSelectedKeys(NioEventLoop.java:496)
	at org.apache.ratis.thirdparty.io.netty.channel.nio.NioEventLoop.run(NioEventLoop.java:458)
	at org.apache.ratis.thirdparty.io.netty.util.concurrent.SingleThreadEventExecutor$5.run(SingleThreadEventExecutor.java:897)
	at org.apache.ratis.thirdparty.io.netty.util.concurrent.FastThreadLocalRunnable.run(FastThreadLocalRunnable.java:30)
	... 1 more
Caused by: java.net.ConnectException: Connection refused
	... 11 more
2019-10-20 18:18:58,941 [b75f8b2e-6273-4c97-b7c5-042674931d23@group-F11756C8BA4A-LeaderElection406] INFO  impl.LeaderElection (LeaderElection.java:askForVotes(178)) - b75f8b2e-6273-4c97-b7c5-042674931d23@group-F11756C8BA4A-LeaderElection406: begin an election at term 230 for -1: [6ef27e9c-8ddb-4fa1-8c14-ab102acfb1b8:192.168.164.241:38092, b75f8b2e-6273-4c97-b7c5-042674931d23:192.168.164.241:41857, 3750b3a2-715b-46b3-9d0c-9e38136244b9:192.168.164.241:46227], old=null
2019-10-20 18:18:58,942 [b75f8b2e-6273-4c97-b7c5-042674931d23@group-F11756C8BA4A-LeaderElection406] INFO  impl.LeaderElection (LogUtils.java:infoOrTrace(149)) - b75f8b2e-6273-4c97-b7c5-042674931d23@group-F11756C8BA4A-LeaderElection406 got exception when requesting votes: {}
java.util.concurrent.ExecutionException: org.apache.ratis.thirdparty.io.grpc.StatusRuntimeException: UNAVAILABLE: io exception
	at java.util.concurrent.FutureTask.report(FutureTask.java:122)
	at java.util.concurrent.FutureTask.get(FutureTask.java:192)
	at org.apache.ratis.server.impl.LeaderElection.waitForResults(LeaderElection.java:259)
	at org.apache.ratis.server.impl.LeaderElection.askForVotes(LeaderElection.java:197)
	at org.apache.ratis.server.impl.LeaderElection.run(LeaderElection.java:133)
	at java.lang.Thread.run(Thread.java:748)
Caused by: org.apache.ratis.thirdparty.io.grpc.StatusRuntimeException: UNAVAILABLE: io exception
	at org.apache.ratis.thirdparty.io.grpc.stub.ClientCalls.toStatusRuntimeException(ClientCalls.java:233)
	at org.apache.ratis.thirdparty.io.grpc.stub.ClientCalls.getUnchecked(ClientCalls.java:214)
	at org.apache.ratis.thirdparty.io.grpc.stub.ClientCalls.blockingUnaryCall(ClientCalls.java:139)
	at org.apache.ratis.proto.grpc.RaftServerProtocolServiceGrpc$RaftServerProtocolServiceBlockingStub.requestVote(RaftServerProtocolServiceGrpc.java:265)
	at org.apache.ratis.grpc.server.GrpcServerProtocolClient.requestVote(GrpcServerProtocolClient.java:99)
	at org.apache.ratis.grpc.server.GrpcService.requestVote(GrpcService.java:204)
	at org.apache.ratis.server.impl.LeaderElection.lambda$submitRequests$1(LeaderElection.java:234)
	at java.util.concurrent.FutureTask.run(FutureTask.java:266)
	at java.util.concurrent.Executors$RunnableAdapter.call(Executors.java:511)
	at java.util.concurrent.FutureTask.run(FutureTask.java:266)
	at java.util.concurrent.ThreadPoolExecutor.runWorker(ThreadPoolExecutor.java:1149)
	at java.util.concurrent.ThreadPoolExecutor$Worker.run(ThreadPoolExecutor.java:624)
	... 1 more
Caused by: org.apache.ratis.thirdparty.io.netty.channel.AbstractChannel$AnnotatedConnectException: Connection refused: /192.168.164.241:46227
	at sun.nio.ch.SocketChannelImpl.checkConnect(Native Method)
	at sun.nio.ch.SocketChannelImpl.finishConnect(SocketChannelImpl.java:717)
	at org.apache.ratis.thirdparty.io.netty.channel.socket.nio.NioSocketChannel.doFinishConnect(NioSocketChannel.java:327)
	at org.apache.ratis.thirdparty.io.netty.channel.nio.AbstractNioChannel$AbstractNioUnsafe.finishConnect(AbstractNioChannel.java:340)
	at org.apache.ratis.thirdparty.io.netty.channel.nio.NioEventLoop.processSelectedKey(NioEventLoop.java:632)
	at org.apache.ratis.thirdparty.io.netty.channel.nio.NioEventLoop.processSelectedKeysOptimized(NioEventLoop.java:579)
	at org.apache.ratis.thirdparty.io.netty.channel.nio.NioEventLoop.processSelectedKeys(NioEventLoop.java:496)
	at org.apache.ratis.thirdparty.io.netty.channel.nio.NioEventLoop.run(NioEventLoop.java:458)
	at org.apache.ratis.thirdparty.io.netty.util.concurrent.SingleThreadEventExecutor$5.run(SingleThreadEventExecutor.java:897)
	at org.apache.ratis.thirdparty.io.netty.util.concurrent.FastThreadLocalRunnable.run(FastThreadLocalRunnable.java:30)
	... 1 more
Caused by: java.net.ConnectException: Connection refused
	... 11 more
2019-10-20 18:18:58,943 [grpc-default-executor-10] INFO  impl.RaftServerImpl (RaftServerImpl.java:setRole(184)) - 6ef27e9c-8ddb-4fa1-8c14-ab102acfb1b8@group-F11756C8BA4A: changes role from  FOLLOWER to FOLLOWER at term 230 for recognizeCandidate:b75f8b2e-6273-4c97-b7c5-042674931d23
2019-10-20 18:18:58,943 [grpc-default-executor-10] INFO  impl.RoleInfo (RoleInfo.java:shutdownFollowerState(121)) - 6ef27e9c-8ddb-4fa1-8c14-ab102acfb1b8: shutdown FollowerState
2019-10-20 18:18:58,943 [grpc-default-executor-10] INFO  impl.RoleInfo (RoleInfo.java:updateAndGet(143)) - 6ef27e9c-8ddb-4fa1-8c14-ab102acfb1b8: start FollowerState
2019-10-20 18:18:58,943 [Thread-3202] INFO  impl.FollowerState (FollowerState.java:run(117)) - 6ef27e9c-8ddb-4fa1-8c14-ab102acfb1b8@group-F11756C8BA4A-FollowerState was interrupted: java.lang.InterruptedException: sleep interrupted
2019-10-20 18:18:58,967 [Datanode State Machine Thread - 0] INFO  statemachine.DatanodeStateMachine (DatanodeStateMachine.java:lambda$startDaemon$0(350)) - Ozone container server started.
2019-10-20 18:18:58,967 [b75f8b2e-6273-4c97-b7c5-042674931d23@group-F11756C8BA4A-LeaderElection406] INFO  impl.LeaderElection (LeaderElection.java:logAndReturn(56)) - b75f8b2e-6273-4c97-b7c5-042674931d23@group-F11756C8BA4A-LeaderElection406: Election REJECTED; received 1 response(s) [b75f8b2e-6273-4c97-b7c5-042674931d23<-6ef27e9c-8ddb-4fa1-8c14-ab102acfb1b8#0:FAIL-t230] and 1 exception(s); b75f8b2e-6273-4c97-b7c5-042674931d23@group-F11756C8BA4A:t230, leader=null, voted=b75f8b2e-6273-4c97-b7c5-042674931d23, raftlog=b75f8b2e-6273-4c97-b7c5-042674931d23@group-F11756C8BA4A-SegmentedRaftLog:OPENED:c-1,f-1,i0, conf=-1: [6ef27e9c-8ddb-4fa1-8c14-ab102acfb1b8:192.168.164.241:38092, b75f8b2e-6273-4c97-b7c5-042674931d23:192.168.164.241:41857, 3750b3a2-715b-46b3-9d0c-9e38136244b9:192.168.164.241:46227], old=null
2019-10-20 18:18:58,967 [b75f8b2e-6273-4c97-b7c5-042674931d23@group-F11756C8BA4A-LeaderElection406] INFO  impl.LeaderElection (LogUtils.java:infoOrTrace(149)) -   Exception 0: {}
java.util.concurrent.ExecutionException: org.apache.ratis.thirdparty.io.grpc.StatusRuntimeException: UNAVAILABLE: io exception
	at java.util.concurrent.FutureTask.report(FutureTask.java:122)
	at java.util.concurrent.FutureTask.get(FutureTask.java:192)
	at org.apache.ratis.server.impl.LeaderElection.waitForResults(LeaderElection.java:259)
	at org.apache.ratis.server.impl.LeaderElection.askForVotes(LeaderElection.java:197)
	at org.apache.ratis.server.impl.LeaderElection.run(LeaderElection.java:133)
	at java.lang.Thread.run(Thread.java:748)
Caused by: org.apache.ratis.thirdparty.io.grpc.StatusRuntimeException: UNAVAILABLE: io exception
	at org.apache.ratis.thirdparty.io.grpc.stub.ClientCalls.toStatusRuntimeException(ClientCalls.java:233)
	at org.apache.ratis.thirdparty.io.grpc.stub.ClientCalls.getUnchecked(ClientCalls.java:214)
	at org.apache.ratis.thirdparty.io.grpc.stub.ClientCalls.blockingUnaryCall(ClientCalls.java:139)
	at org.apache.ratis.proto.grpc.RaftServerProtocolServiceGrpc$RaftServerProtocolServiceBlockingStub.requestVote(RaftServerProtocolServiceGrpc.java:265)
	at org.apache.ratis.grpc.server.GrpcServerProtocolClient.requestVote(GrpcServerProtocolClient.java:99)
	at org.apache.ratis.grpc.server.GrpcService.requestVote(GrpcService.java:204)
	at org.apache.ratis.server.impl.LeaderElection.lambda$submitRequests$1(LeaderElection.java:234)
	at java.util.concurrent.FutureTask.run(FutureTask.java:266)
	at java.util.concurrent.Executors$RunnableAdapter.call(Executors.java:511)
	at java.util.concurrent.FutureTask.run(FutureTask.java:266)
	at java.util.concurrent.ThreadPoolExecutor.runWorker(ThreadPoolExecutor.java:1149)
	at java.util.concurrent.ThreadPoolExecutor$Worker.run(ThreadPoolExecutor.java:624)
	... 1 more
Caused by: org.apache.ratis.thirdparty.io.netty.channel.AbstractChannel$AnnotatedConnectException: Connection refused: /192.168.164.241:46227
	at sun.nio.ch.SocketChannelImpl.checkConnect(Native Method)
	at sun.nio.ch.SocketChannelImpl.finishConnect(SocketChannelImpl.java:717)
	at org.apache.ratis.thirdparty.io.netty.channel.socket.nio.NioSocketChannel.doFinishConnect(NioSocketChannel.java:327)
	at org.apache.ratis.thirdparty.io.netty.channel.nio.AbstractNioChannel$AbstractNioUnsafe.finishConnect(AbstractNioChannel.java:340)
	at org.apache.ratis.thirdparty.io.netty.channel.nio.NioEventLoop.processSelectedKey(NioEventLoop.java:632)
	at org.apache.ratis.thirdparty.io.netty.channel.nio.NioEventLoop.processSelectedKeysOptimized(NioEventLoop.java:579)
	at org.apache.ratis.thirdparty.io.netty.channel.nio.NioEventLoop.processSelectedKeys(NioEventLoop.java:496)
	at org.apache.ratis.thirdparty.io.netty.channel.nio.NioEventLoop.run(NioEventLoop.java:458)
	at org.apache.ratis.thirdparty.io.netty.util.concurrent.SingleThreadEventExecutor$5.run(SingleThreadEventExecutor.java:897)
	at org.apache.ratis.thirdparty.io.netty.util.concurrent.FastThreadLocalRunnable.run(FastThreadLocalRunnable.java:30)
	... 1 more
Caused by: java.net.ConnectException: Connection refused
	... 11 more
2019-10-20 18:18:58,968 [b75f8b2e-6273-4c97-b7c5-042674931d23@group-F11756C8BA4A-LeaderElection406] INFO  impl.RaftServerImpl (RaftServerImpl.java:setRole(184)) - b75f8b2e-6273-4c97-b7c5-042674931d23@group-F11756C8BA4A: changes role from CANDIDATE to FOLLOWER at term 230 for DISCOVERED_A_NEW_TERM
2019-10-20 18:18:58,968 [b75f8b2e-6273-4c97-b7c5-042674931d23@group-F11756C8BA4A-LeaderElection406] INFO  impl.RoleInfo (RoleInfo.java:shutdownLeaderElection(134)) - b75f8b2e-6273-4c97-b7c5-042674931d23: shutdown LeaderElection
2019-10-20 18:18:58,968 [b75f8b2e-6273-4c97-b7c5-042674931d23@group-F11756C8BA4A-LeaderElection406] INFO  impl.RoleInfo (RoleInfo.java:updateAndGet(143)) - b75f8b2e-6273-4c97-b7c5-042674931d23: start FollowerState
2019-10-20 18:18:59,043 [Thread-3206] INFO  impl.FollowerState (FollowerState.java:run(108)) - b75f8b2e-6273-4c97-b7c5-042674931d23@group-F11756C8BA4A-FollowerState: change to CANDIDATE, lastRpcTime:74ms, electionTimeout:74ms
2019-10-20 18:18:59,043 [Thread-3206] INFO  impl.RoleInfo (RoleInfo.java:shutdownFollowerState(121)) - b75f8b2e-6273-4c97-b7c5-042674931d23: shutdown FollowerState
2019-10-20 18:18:59,043 [Thread-3206] INFO  impl.RaftServerImpl (RaftServerImpl.java:setRole(184)) - b75f8b2e-6273-4c97-b7c5-042674931d23@group-F11756C8BA4A: changes role from  FOLLOWER to CANDIDATE at term 230 for changeToCandidate
2019-10-20 18:18:59,043 [Thread-3206] INFO  impl.RoleInfo (RoleInfo.java:updateAndGet(143)) - b75f8b2e-6273-4c97-b7c5-042674931d23: start LeaderElection
2019-10-20 18:18:59,064 [Thread-3199] INFO  impl.FollowerState (FollowerState.java:run(108)) - 399079f7-1eb1-4f37-b003-267572525934@group-D40A05E2FCF9-FollowerState: change to CANDIDATE, lastRpcTime:189ms, electionTimeout:189ms
2019-10-20 18:18:59,064 [Thread-3199] INFO  impl.RoleInfo (RoleInfo.java:shutdownFollowerState(121)) - 399079f7-1eb1-4f37-b003-267572525934: shutdown FollowerState
2019-10-20 18:18:59,064 [Thread-3199] INFO  impl.RaftServerImpl (RaftServerImpl.java:setRole(184)) - 399079f7-1eb1-4f37-b003-267572525934@group-D40A05E2FCF9: changes role from  FOLLOWER to CANDIDATE at term 231 for changeToCandidate
2019-10-20 18:18:59,064 [Thread-3199] INFO  impl.RoleInfo (RoleInfo.java:updateAndGet(143)) - 399079f7-1eb1-4f37-b003-267572525934: start LeaderElection
2019-10-20 18:18:59,067 [b75f8b2e-6273-4c97-b7c5-042674931d23@group-F11756C8BA4A-LeaderElection407] INFO  impl.LeaderElection (LeaderElection.java:askForVotes(178)) - b75f8b2e-6273-4c97-b7c5-042674931d23@group-F11756C8BA4A-LeaderElection407: begin an election at term 231 for -1: [6ef27e9c-8ddb-4fa1-8c14-ab102acfb1b8:192.168.164.241:38092, b75f8b2e-6273-4c97-b7c5-042674931d23:192.168.164.241:41857, 3750b3a2-715b-46b3-9d0c-9e38136244b9:192.168.164.241:46227], old=null
2019-10-20 18:18:59,068 [b75f8b2e-6273-4c97-b7c5-042674931d23@group-F11756C8BA4A-LeaderElection407] INFO  impl.LeaderElection (LogUtils.java:infoOrTrace(149)) - b75f8b2e-6273-4c97-b7c5-042674931d23@group-F11756C8BA4A-LeaderElection407 got exception when requesting votes: {}
java.util.concurrent.ExecutionException: org.apache.ratis.thirdparty.io.grpc.StatusRuntimeException: UNAVAILABLE: io exception
	at java.util.concurrent.FutureTask.report(FutureTask.java:122)
	at java.util.concurrent.FutureTask.get(FutureTask.java:192)
	at org.apache.ratis.server.impl.LeaderElection.waitForResults(LeaderElection.java:259)
	at org.apache.ratis.server.impl.LeaderElection.askForVotes(LeaderElection.java:197)
	at org.apache.ratis.server.impl.LeaderElection.run(LeaderElection.java:133)
	at java.lang.Thread.run(Thread.java:748)
Caused by: org.apache.ratis.thirdparty.io.grpc.StatusRuntimeException: UNAVAILABLE: io exception
	at org.apache.ratis.thirdparty.io.grpc.stub.ClientCalls.toStatusRuntimeException(ClientCalls.java:233)
	at org.apache.ratis.thirdparty.io.grpc.stub.ClientCalls.getUnchecked(ClientCalls.java:214)
	at org.apache.ratis.thirdparty.io.grpc.stub.ClientCalls.blockingUnaryCall(ClientCalls.java:139)
	at org.apache.ratis.proto.grpc.RaftServerProtocolServiceGrpc$RaftServerProtocolServiceBlockingStub.requestVote(RaftServerProtocolServiceGrpc.java:265)
	at org.apache.ratis.grpc.server.GrpcServerProtocolClient.requestVote(GrpcServerProtocolClient.java:99)
	at org.apache.ratis.grpc.server.GrpcService.requestVote(GrpcService.java:204)
	at org.apache.ratis.server.impl.LeaderElection.lambda$submitRequests$1(LeaderElection.java:234)
	at java.util.concurrent.FutureTask.run(FutureTask.java:266)
	at java.util.concurrent.Executors$RunnableAdapter.call(Executors.java:511)
	at java.util.concurrent.FutureTask.run(FutureTask.java:266)
	at java.util.concurrent.ThreadPoolExecutor.runWorker(ThreadPoolExecutor.java:1149)
	at java.util.concurrent.ThreadPoolExecutor$Worker.run(ThreadPoolExecutor.java:624)
	... 1 more
Caused by: org.apache.ratis.thirdparty.io.netty.channel.AbstractChannel$AnnotatedConnectException: Connection refused: /192.168.164.241:46227
	at sun.nio.ch.SocketChannelImpl.checkConnect(Native Method)
	at sun.nio.ch.SocketChannelImpl.finishConnect(SocketChannelImpl.java:717)
	at org.apache.ratis.thirdparty.io.netty.channel.socket.nio.NioSocketChannel.doFinishConnect(NioSocketChannel.java:327)
	at org.apache.ratis.thirdparty.io.netty.channel.nio.AbstractNioChannel$AbstractNioUnsafe.finishConnect(AbstractNioChannel.java:340)
	at org.apache.ratis.thirdparty.io.netty.channel.nio.NioEventLoop.processSelectedKey(NioEventLoop.java:632)
	at org.apache.ratis.thirdparty.io.netty.channel.nio.NioEventLoop.processSelectedKeysOptimized(NioEventLoop.java:579)
	at org.apache.ratis.thirdparty.io.netty.channel.nio.NioEventLoop.processSelectedKeys(NioEventLoop.java:496)
	at org.apache.ratis.thirdparty.io.netty.channel.nio.NioEventLoop.run(NioEventLoop.java:458)
	at org.apache.ratis.thirdparty.io.netty.util.concurrent.SingleThreadEventExecutor$5.run(SingleThreadEventExecutor.java:897)
	at org.apache.ratis.thirdparty.io.netty.util.concurrent.FastThreadLocalRunnable.run(FastThreadLocalRunnable.java:30)
	... 1 more
Caused by: java.net.ConnectException: Connection refused
	... 11 more
2019-10-20 18:18:59,069 [grpc-default-executor-10] INFO  impl.RaftServerImpl (RaftServerImpl.java:setRole(184)) - 6ef27e9c-8ddb-4fa1-8c14-ab102acfb1b8@group-F11756C8BA4A: changes role from  FOLLOWER to FOLLOWER at term 231 for recognizeCandidate:b75f8b2e-6273-4c97-b7c5-042674931d23
2019-10-20 18:18:59,069 [grpc-default-executor-10] INFO  impl.RoleInfo (RoleInfo.java:shutdownFollowerState(121)) - 6ef27e9c-8ddb-4fa1-8c14-ab102acfb1b8: shutdown FollowerState
2019-10-20 18:18:59,069 [grpc-default-executor-10] INFO  impl.RoleInfo (RoleInfo.java:updateAndGet(143)) - 6ef27e9c-8ddb-4fa1-8c14-ab102acfb1b8: start FollowerState
2019-10-20 18:18:59,069 [Thread-3205] INFO  impl.FollowerState (FollowerState.java:run(117)) - 6ef27e9c-8ddb-4fa1-8c14-ab102acfb1b8@group-F11756C8BA4A-FollowerState was interrupted: java.lang.InterruptedException: sleep interrupted
2019-10-20 18:18:59,092 [399079f7-1eb1-4f37-b003-267572525934@group-D40A05E2FCF9-LeaderElection408] INFO  impl.LeaderElection (LeaderElection.java:askForVotes(178)) - 399079f7-1eb1-4f37-b003-267572525934@group-D40A05E2FCF9-LeaderElection408: begin an election at term 232 for -1: [399079f7-1eb1-4f37-b003-267572525934:192.168.164.241:37762, 7a43c46a-fc88-4b2d-b2da-ae029cfa60ff:192.168.164.241:43684, 6c5c38af-62e6-4ea7-a24a-078dcb28fb39:192.168.164.241:45428], old=null
2019-10-20 18:18:59,093 [b75f8b2e-6273-4c97-b7c5-042674931d23@group-F11756C8BA4A-LeaderElection407] INFO  impl.LeaderElection (LeaderElection.java:logAndReturn(56)) - b75f8b2e-6273-4c97-b7c5-042674931d23@group-F11756C8BA4A-LeaderElection407: Election REJECTED; received 1 response(s) [b75f8b2e-6273-4c97-b7c5-042674931d23<-6ef27e9c-8ddb-4fa1-8c14-ab102acfb1b8#0:FAIL-t231] and 1 exception(s); b75f8b2e-6273-4c97-b7c5-042674931d23@group-F11756C8BA4A:t231, leader=null, voted=b75f8b2e-6273-4c97-b7c5-042674931d23, raftlog=b75f8b2e-6273-4c97-b7c5-042674931d23@group-F11756C8BA4A-SegmentedRaftLog:OPENED:c-1,f-1,i0, conf=-1: [6ef27e9c-8ddb-4fa1-8c14-ab102acfb1b8:192.168.164.241:38092, b75f8b2e-6273-4c97-b7c5-042674931d23:192.168.164.241:41857, 3750b3a2-715b-46b3-9d0c-9e38136244b9:192.168.164.241:46227], old=null
2019-10-20 18:18:59,093 [b75f8b2e-6273-4c97-b7c5-042674931d23@group-F11756C8BA4A-LeaderElection407] INFO  impl.LeaderElection (LogUtils.java:infoOrTrace(149)) -   Exception 0: {}
java.util.concurrent.ExecutionException: org.apache.ratis.thirdparty.io.grpc.StatusRuntimeException: UNAVAILABLE: io exception
	at java.util.concurrent.FutureTask.report(FutureTask.java:122)
	at java.util.concurrent.FutureTask.get(FutureTask.java:192)
	at org.apache.ratis.server.impl.LeaderElection.waitForResults(LeaderElection.java:259)
	at org.apache.ratis.server.impl.LeaderElection.askForVotes(LeaderElection.java:197)
	at org.apache.ratis.server.impl.LeaderElection.run(LeaderElection.java:133)
	at java.lang.Thread.run(Thread.java:748)
Caused by: org.apache.ratis.thirdparty.io.grpc.StatusRuntimeException: UNAVAILABLE: io exception
	at org.apache.ratis.thirdparty.io.grpc.stub.ClientCalls.toStatusRuntimeException(ClientCalls.java:233)
	at org.apache.ratis.thirdparty.io.grpc.stub.ClientCalls.getUnchecked(ClientCalls.java:214)
	at org.apache.ratis.thirdparty.io.grpc.stub.ClientCalls.blockingUnaryCall(ClientCalls.java:139)
	at org.apache.ratis.proto.grpc.RaftServerProtocolServiceGrpc$RaftServerProtocolServiceBlockingStub.requestVote(RaftServerProtocolServiceGrpc.java:265)
	at org.apache.ratis.grpc.server.GrpcServerProtocolClient.requestVote(GrpcServerProtocolClient.java:99)
	at org.apache.ratis.grpc.server.GrpcService.requestVote(GrpcService.java:204)
	at org.apache.ratis.server.impl.LeaderElection.lambda$submitRequests$1(LeaderElection.java:234)
	at java.util.concurrent.FutureTask.run(FutureTask.java:266)
	at java.util.concurrent.Executors$RunnableAdapter.call(Executors.java:511)
	at java.util.concurrent.FutureTask.run(FutureTask.java:266)
	at java.util.concurrent.ThreadPoolExecutor.runWorker(ThreadPoolExecutor.java:1149)
	at java.util.concurrent.ThreadPoolExecutor$Worker.run(ThreadPoolExecutor.java:624)
	... 1 more
Caused by: org.apache.ratis.thirdparty.io.netty.channel.AbstractChannel$AnnotatedConnectException: Connection refused: /192.168.164.241:46227
	at sun.nio.ch.SocketChannelImpl.checkConnect(Native Method)
	at sun.nio.ch.SocketChannelImpl.finishConnect(SocketChannelImpl.java:717)
	at org.apache.ratis.thirdparty.io.netty.channel.socket.nio.NioSocketChannel.doFinishConnect(NioSocketChannel.java:327)
	at org.apache.ratis.thirdparty.io.netty.channel.nio.AbstractNioChannel$AbstractNioUnsafe.finishConnect(AbstractNioChannel.java:340)
	at org.apache.ratis.thirdparty.io.netty.channel.nio.NioEventLoop.processSelectedKey(NioEventLoop.java:632)
	at org.apache.ratis.thirdparty.io.netty.channel.nio.NioEventLoop.processSelectedKeysOptimized(NioEventLoop.java:579)
	at org.apache.ratis.thirdparty.io.netty.channel.nio.NioEventLoop.processSelectedKeys(NioEventLoop.java:496)
	at org.apache.ratis.thirdparty.io.netty.channel.nio.NioEventLoop.run(NioEventLoop.java:458)
	at org.apache.ratis.thirdparty.io.netty.util.concurrent.SingleThreadEventExecutor$5.run(SingleThreadEventExecutor.java:897)
	at org.apache.ratis.thirdparty.io.netty.util.concurrent.FastThreadLocalRunnable.run(FastThreadLocalRunnable.java:30)
	... 1 more
Caused by: java.net.ConnectException: Connection refused
	... 11 more
2019-10-20 18:18:59,093 [399079f7-1eb1-4f37-b003-267572525934@group-D40A05E2FCF9-LeaderElection408] INFO  impl.LeaderElection (LogUtils.java:infoOrTrace(149)) - 399079f7-1eb1-4f37-b003-267572525934@group-D40A05E2FCF9-LeaderElection408 got exception when requesting votes: {}
java.util.concurrent.ExecutionException: org.apache.ratis.thirdparty.io.grpc.StatusRuntimeException: UNAVAILABLE: io exception
	at java.util.concurrent.FutureTask.report(FutureTask.java:122)
	at java.util.concurrent.FutureTask.get(FutureTask.java:192)
	at org.apache.ratis.server.impl.LeaderElection.waitForResults(LeaderElection.java:259)
	at org.apache.ratis.server.impl.LeaderElection.askForVotes(LeaderElection.java:197)
	at org.apache.ratis.server.impl.LeaderElection.run(LeaderElection.java:133)
	at java.lang.Thread.run(Thread.java:748)
Caused by: org.apache.ratis.thirdparty.io.grpc.StatusRuntimeException: UNAVAILABLE: io exception
	at org.apache.ratis.thirdparty.io.grpc.stub.ClientCalls.toStatusRuntimeException(ClientCalls.java:233)
	at org.apache.ratis.thirdparty.io.grpc.stub.ClientCalls.getUnchecked(ClientCalls.java:214)
	at org.apache.ratis.thirdparty.io.grpc.stub.ClientCalls.blockingUnaryCall(ClientCalls.java:139)
	at org.apache.ratis.proto.grpc.RaftServerProtocolServiceGrpc$RaftServerProtocolServiceBlockingStub.requestVote(RaftServerProtocolServiceGrpc.java:265)
	at org.apache.ratis.grpc.server.GrpcServerProtocolClient.requestVote(GrpcServerProtocolClient.java:99)
	at org.apache.ratis.grpc.server.GrpcService.requestVote(GrpcService.java:204)
	at org.apache.ratis.server.impl.LeaderElection.lambda$submitRequests$1(LeaderElection.java:234)
	at java.util.concurrent.FutureTask.run(FutureTask.java:266)
	at java.util.concurrent.Executors$RunnableAdapter.call(Executors.java:511)
	at java.util.concurrent.FutureTask.run(FutureTask.java:266)
	at java.util.concurrent.ThreadPoolExecutor.runWorker(ThreadPoolExecutor.java:1149)
	at java.util.concurrent.ThreadPoolExecutor$Worker.run(ThreadPoolExecutor.java:624)
	... 1 more
Caused by: org.apache.ratis.thirdparty.io.netty.channel.AbstractChannel$AnnotatedConnectException: Connection refused: /192.168.164.241:45428
	at sun.nio.ch.SocketChannelImpl.checkConnect(Native Method)
	at sun.nio.ch.SocketChannelImpl.finishConnect(SocketChannelImpl.java:717)
	at org.apache.ratis.thirdparty.io.netty.channel.socket.nio.NioSocketChannel.doFinishConnect(NioSocketChannel.java:327)
	at org.apache.ratis.thirdparty.io.netty.channel.nio.AbstractNioChannel$AbstractNioUnsafe.finishConnect(AbstractNioChannel.java:340)
	at org.apache.ratis.thirdparty.io.netty.channel.nio.NioEventLoop.processSelectedKey(NioEventLoop.java:632)
	at org.apache.ratis.thirdparty.io.netty.channel.nio.NioEventLoop.processSelectedKeysOptimized(NioEventLoop.java:579)
	at org.apache.ratis.thirdparty.io.netty.channel.nio.NioEventLoop.processSelectedKeys(NioEventLoop.java:496)
	at org.apache.ratis.thirdparty.io.netty.channel.nio.NioEventLoop.run(NioEventLoop.java:458)
	at org.apache.ratis.thirdparty.io.netty.util.concurrent.SingleThreadEventExecutor$5.run(SingleThreadEventExecutor.java:897)
	at org.apache.ratis.thirdparty.io.netty.util.concurrent.FastThreadLocalRunnable.run(FastThreadLocalRunnable.java:30)
	... 1 more
Caused by: java.net.ConnectException: Connection refused
	... 11 more
2019-10-20 18:18:59,094 [grpc-default-executor-10] INFO  impl.RaftServerImpl (RaftServerImpl.java:setRole(184)) - 7a43c46a-fc88-4b2d-b2da-ae029cfa60ff@group-D40A05E2FCF9: changes role from  FOLLOWER to FOLLOWER at term 232 for recognizeCandidate:399079f7-1eb1-4f37-b003-267572525934
2019-10-20 18:18:59,095 [grpc-default-executor-10] INFO  impl.RoleInfo (RoleInfo.java:shutdownFollowerState(121)) - 7a43c46a-fc88-4b2d-b2da-ae029cfa60ff: shutdown FollowerState
2019-10-20 18:18:59,094 [b75f8b2e-6273-4c97-b7c5-042674931d23@group-F11756C8BA4A-LeaderElection407] INFO  impl.RaftServerImpl (RaftServerImpl.java:setRole(184)) - b75f8b2e-6273-4c97-b7c5-042674931d23@group-F11756C8BA4A: changes role from CANDIDATE to FOLLOWER at term 231 for DISCOVERED_A_NEW_TERM
2019-10-20 18:18:59,095 [b75f8b2e-6273-4c97-b7c5-042674931d23@group-F11756C8BA4A-LeaderElection407] INFO  impl.RoleInfo (RoleInfo.java:shutdownLeaderElection(134)) - b75f8b2e-6273-4c97-b7c5-042674931d23: shutdown LeaderElection
2019-10-20 18:18:59,095 [grpc-default-executor-10] INFO  impl.RoleInfo (RoleInfo.java:updateAndGet(143)) - 7a43c46a-fc88-4b2d-b2da-ae029cfa60ff: start FollowerState
2019-10-20 18:18:59,095 [Thread-3196] INFO  impl.FollowerState (FollowerState.java:run(117)) - 7a43c46a-fc88-4b2d-b2da-ae029cfa60ff@group-D40A05E2FCF9-FollowerState was interrupted: java.lang.InterruptedException: sleep interrupted
2019-10-20 18:18:59,095 [b75f8b2e-6273-4c97-b7c5-042674931d23@group-F11756C8BA4A-LeaderElection407] INFO  impl.RoleInfo (RoleInfo.java:updateAndGet(143)) - b75f8b2e-6273-4c97-b7c5-042674931d23: start FollowerState
2019-10-20 18:18:59,118 [399079f7-1eb1-4f37-b003-267572525934@group-D40A05E2FCF9-LeaderElection408] INFO  impl.LeaderElection (LeaderElection.java:logAndReturn(56)) - 399079f7-1eb1-4f37-b003-267572525934@group-D40A05E2FCF9-LeaderElection408: Election REJECTED; received 1 response(s) [399079f7-1eb1-4f37-b003-267572525934<-7a43c46a-fc88-4b2d-b2da-ae029cfa60ff#0:FAIL-t232] and 1 exception(s); 399079f7-1eb1-4f37-b003-267572525934@group-D40A05E2FCF9:t232, leader=null, voted=399079f7-1eb1-4f37-b003-267572525934, raftlog=399079f7-1eb1-4f37-b003-267572525934@group-D40A05E2FCF9-SegmentedRaftLog:OPENED:c-1,f-1,i0, conf=-1: [399079f7-1eb1-4f37-b003-267572525934:192.168.164.241:37762, 7a43c46a-fc88-4b2d-b2da-ae029cfa60ff:192.168.164.241:43684, 6c5c38af-62e6-4ea7-a24a-078dcb28fb39:192.168.164.241:45428], old=null
2019-10-20 18:18:59,118 [399079f7-1eb1-4f37-b003-267572525934@group-D40A05E2FCF9-LeaderElection408] INFO  impl.LeaderElection (LogUtils.java:infoOrTrace(149)) -   Exception 0: {}
java.util.concurrent.ExecutionException: org.apache.ratis.thirdparty.io.grpc.StatusRuntimeException: UNAVAILABLE: io exception
	at java.util.concurrent.FutureTask.report(FutureTask.java:122)
	at java.util.concurrent.FutureTask.get(FutureTask.java:192)
	at org.apache.ratis.server.impl.LeaderElection.waitForResults(LeaderElection.java:259)
	at org.apache.ratis.server.impl.LeaderElection.askForVotes(LeaderElection.java:197)
	at org.apache.ratis.server.impl.LeaderElection.run(LeaderElection.java:133)
	at java.lang.Thread.run(Thread.java:748)
Caused by: org.apache.ratis.thirdparty.io.grpc.StatusRuntimeException: UNAVAILABLE: io exception
	at org.apache.ratis.thirdparty.io.grpc.stub.ClientCalls.toStatusRuntimeException(ClientCalls.java:233)
	at org.apache.ratis.thirdparty.io.grpc.stub.ClientCalls.getUnchecked(ClientCalls.java:214)
	at org.apache.ratis.thirdparty.io.grpc.stub.ClientCalls.blockingUnaryCall(ClientCalls.java:139)
	at org.apache.ratis.proto.grpc.RaftServerProtocolServiceGrpc$RaftServerProtocolServiceBlockingStub.requestVote(RaftServerProtocolServiceGrpc.java:265)
	at org.apache.ratis.grpc.server.GrpcServerProtocolClient.requestVote(GrpcServerProtocolClient.java:99)
	at org.apache.ratis.grpc.server.GrpcService.requestVote(GrpcService.java:204)
	at org.apache.ratis.server.impl.LeaderElection.lambda$submitRequests$1(LeaderElection.java:234)
	at java.util.concurrent.FutureTask.run(FutureTask.java:266)
	at java.util.concurrent.Executors$RunnableAdapter.call(Executors.java:511)
	at java.util.concurrent.FutureTask.run(FutureTask.java:266)
	at java.util.concurrent.ThreadPoolExecutor.runWorker(ThreadPoolExecutor.java:1149)
	at java.util.concurrent.ThreadPoolExecutor$Worker.run(ThreadPoolExecutor.java:624)
	... 1 more
Caused by: org.apache.ratis.thirdparty.io.netty.channel.AbstractChannel$AnnotatedConnectException: Connection refused: /192.168.164.241:45428
	at sun.nio.ch.SocketChannelImpl.checkConnect(Native Method)
	at sun.nio.ch.SocketChannelImpl.finishConnect(SocketChannelImpl.java:717)
	at org.apache.ratis.thirdparty.io.netty.channel.socket.nio.NioSocketChannel.doFinishConnect(NioSocketChannel.java:327)
	at org.apache.ratis.thirdparty.io.netty.channel.nio.AbstractNioChannel$AbstractNioUnsafe.finishConnect(AbstractNioChannel.java:340)
	at org.apache.ratis.thirdparty.io.netty.channel.nio.NioEventLoop.processSelectedKey(NioEventLoop.java:632)
	at org.apache.ratis.thirdparty.io.netty.channel.nio.NioEventLoop.processSelectedKeysOptimized(NioEventLoop.java:579)
	at org.apache.ratis.thirdparty.io.netty.channel.nio.NioEventLoop.processSelectedKeys(NioEventLoop.java:496)
	at org.apache.ratis.thirdparty.io.netty.channel.nio.NioEventLoop.run(NioEventLoop.java:458)
	at org.apache.ratis.thirdparty.io.netty.util.concurrent.SingleThreadEventExecutor$5.run(SingleThreadEventExecutor.java:897)
	at org.apache.ratis.thirdparty.io.netty.util.concurrent.FastThreadLocalRunnable.run(FastThreadLocalRunnable.java:30)
	... 1 more
Caused by: java.net.ConnectException: Connection refused
	... 11 more
2019-10-20 18:18:59,119 [399079f7-1eb1-4f37-b003-267572525934@group-D40A05E2FCF9-LeaderElection408] INFO  impl.RaftServerImpl (RaftServerImpl.java:setRole(184)) - 399079f7-1eb1-4f37-b003-267572525934@group-D40A05E2FCF9: changes role from CANDIDATE to FOLLOWER at term 232 for DISCOVERED_A_NEW_TERM
2019-10-20 18:18:59,119 [399079f7-1eb1-4f37-b003-267572525934@group-D40A05E2FCF9-LeaderElection408] INFO  impl.RoleInfo (RoleInfo.java:shutdownLeaderElection(134)) - 399079f7-1eb1-4f37-b003-267572525934: shutdown LeaderElection
2019-10-20 18:18:59,119 [399079f7-1eb1-4f37-b003-267572525934@group-D40A05E2FCF9-LeaderElection408] INFO  impl.RoleInfo (RoleInfo.java:updateAndGet(143)) - 399079f7-1eb1-4f37-b003-267572525934: start FollowerState
2019-10-20 18:18:59,135 [Thread-3215] INFO  impl.FollowerState (FollowerState.java:run(108)) - b75f8b2e-6273-4c97-b7c5-042674931d23@group-F11756C8BA4A-FollowerState: change to CANDIDATE, lastRpcTime:39ms, electionTimeout:39ms
2019-10-20 18:18:59,135 [Thread-3215] INFO  impl.RoleInfo (RoleInfo.java:shutdownFollowerState(121)) - b75f8b2e-6273-4c97-b7c5-042674931d23: shutdown FollowerState
2019-10-20 18:18:59,135 [Thread-3215] INFO  impl.RaftServerImpl (RaftServerImpl.java:setRole(184)) - b75f8b2e-6273-4c97-b7c5-042674931d23@group-F11756C8BA4A: changes role from  FOLLOWER to CANDIDATE at term 231 for changeToCandidate
2019-10-20 18:18:59,135 [Thread-3215] INFO  impl.RoleInfo (RoleInfo.java:updateAndGet(143)) - b75f8b2e-6273-4c97-b7c5-042674931d23: start LeaderElection
2019-10-20 18:18:59,160 [b75f8b2e-6273-4c97-b7c5-042674931d23@group-F11756C8BA4A-LeaderElection409] INFO  impl.LeaderElection (LeaderElection.java:askForVotes(178)) - b75f8b2e-6273-4c97-b7c5-042674931d23@group-F11756C8BA4A-LeaderElection409: begin an election at term 232 for -1: [6ef27e9c-8ddb-4fa1-8c14-ab102acfb1b8:192.168.164.241:38092, b75f8b2e-6273-4c97-b7c5-042674931d23:192.168.164.241:41857, 3750b3a2-715b-46b3-9d0c-9e38136244b9:192.168.164.241:46227], old=null
2019-10-20 18:18:59,161 [b75f8b2e-6273-4c97-b7c5-042674931d23@group-F11756C8BA4A-LeaderElection409] INFO  impl.LeaderElection (LogUtils.java:infoOrTrace(149)) - b75f8b2e-6273-4c97-b7c5-042674931d23@group-F11756C8BA4A-LeaderElection409 got exception when requesting votes: {}
java.util.concurrent.ExecutionException: org.apache.ratis.thirdparty.io.grpc.StatusRuntimeException: UNAVAILABLE: io exception
	at java.util.concurrent.FutureTask.report(FutureTask.java:122)
	at java.util.concurrent.FutureTask.get(FutureTask.java:192)
	at org.apache.ratis.server.impl.LeaderElection.waitForResults(LeaderElection.java:259)
	at org.apache.ratis.server.impl.LeaderElection.askForVotes(LeaderElection.java:197)
	at org.apache.ratis.server.impl.LeaderElection.run(LeaderElection.java:133)
	at java.lang.Thread.run(Thread.java:748)
Caused by: org.apache.ratis.thirdparty.io.grpc.StatusRuntimeException: UNAVAILABLE: io exception
	at org.apache.ratis.thirdparty.io.grpc.stub.ClientCalls.toStatusRuntimeException(ClientCalls.java:233)
	at org.apache.ratis.thirdparty.io.grpc.stub.ClientCalls.getUnchecked(ClientCalls.java:214)
	at org.apache.ratis.thirdparty.io.grpc.stub.ClientCalls.blockingUnaryCall(ClientCalls.java:139)
	at org.apache.ratis.proto.grpc.RaftServerProtocolServiceGrpc$RaftServerProtocolServiceBlockingStub.requestVote(RaftServerProtocolServiceGrpc.java:265)
	at org.apache.ratis.grpc.server.GrpcServerProtocolClient.requestVote(GrpcServerProtocolClient.java:99)
	at org.apache.ratis.grpc.server.GrpcService.requestVote(GrpcService.java:204)
	at org.apache.ratis.server.impl.LeaderElection.lambda$submitRequests$1(LeaderElection.java:234)
	at java.util.concurrent.FutureTask.run(FutureTask.java:266)
	at java.util.concurrent.Executors$RunnableAdapter.call(Executors.java:511)
	at java.util.concurrent.FutureTask.run(FutureTask.java:266)
	at java.util.concurrent.ThreadPoolExecutor.runWorker(ThreadPoolExecutor.java:1149)
	at java.util.concurrent.ThreadPoolExecutor$Worker.run(ThreadPoolExecutor.java:624)
	... 1 more
Caused by: org.apache.ratis.thirdparty.io.netty.channel.AbstractChannel$AnnotatedConnectException: Connection refused: /192.168.164.241:46227
	at sun.nio.ch.SocketChannelImpl.checkConnect(Native Method)
	at sun.nio.ch.SocketChannelImpl.finishConnect(SocketChannelImpl.java:717)
	at org.apache.ratis.thirdparty.io.netty.channel.socket.nio.NioSocketChannel.doFinishConnect(NioSocketChannel.java:327)
	at org.apache.ratis.thirdparty.io.netty.channel.nio.AbstractNioChannel$AbstractNioUnsafe.finishConnect(AbstractNioChannel.java:340)
	at org.apache.ratis.thirdparty.io.netty.channel.nio.NioEventLoop.processSelectedKey(NioEventLoop.java:632)
	at org.apache.ratis.thirdparty.io.netty.channel.nio.NioEventLoop.processSelectedKeysOptimized(NioEventLoop.java:579)
	at org.apache.ratis.thirdparty.io.netty.channel.nio.NioEventLoop.processSelectedKeys(NioEventLoop.java:496)
	at org.apache.ratis.thirdparty.io.netty.channel.nio.NioEventLoop.run(NioEventLoop.java:458)
	at org.apache.ratis.thirdparty.io.netty.util.concurrent.SingleThreadEventExecutor$5.run(SingleThreadEventExecutor.java:897)
	at org.apache.ratis.thirdparty.io.netty.util.concurrent.FastThreadLocalRunnable.run(FastThreadLocalRunnable.java:30)
	... 1 more
Caused by: java.net.ConnectException: Connection refused
	... 11 more
2019-10-20 18:18:59,161 [grpc-default-executor-10] INFO  impl.RaftServerImpl (RaftServerImpl.java:setRole(184)) - 6ef27e9c-8ddb-4fa1-8c14-ab102acfb1b8@group-F11756C8BA4A: changes role from  FOLLOWER to FOLLOWER at term 232 for recognizeCandidate:b75f8b2e-6273-4c97-b7c5-042674931d23
2019-10-20 18:18:59,161 [grpc-default-executor-10] INFO  impl.RoleInfo (RoleInfo.java:shutdownFollowerState(121)) - 6ef27e9c-8ddb-4fa1-8c14-ab102acfb1b8: shutdown FollowerState
2019-10-20 18:18:59,161 [grpc-default-executor-10] INFO  impl.RoleInfo (RoleInfo.java:updateAndGet(143)) - 6ef27e9c-8ddb-4fa1-8c14-ab102acfb1b8: start FollowerState
2019-10-20 18:18:59,161 [Thread-3211] INFO  impl.FollowerState (FollowerState.java:run(117)) - 6ef27e9c-8ddb-4fa1-8c14-ab102acfb1b8@group-F11756C8BA4A-FollowerState was interrupted: java.lang.InterruptedException: sleep interrupted
2019-10-20 18:18:59,186 [b75f8b2e-6273-4c97-b7c5-042674931d23@group-F11756C8BA4A-LeaderElection409] INFO  impl.LeaderElection (LeaderElection.java:logAndReturn(56)) - b75f8b2e-6273-4c97-b7c5-042674931d23@group-F11756C8BA4A-LeaderElection409: Election REJECTED; received 1 response(s) [b75f8b2e-6273-4c97-b7c5-042674931d23<-6ef27e9c-8ddb-4fa1-8c14-ab102acfb1b8#0:FAIL-t232] and 1 exception(s); b75f8b2e-6273-4c97-b7c5-042674931d23@group-F11756C8BA4A:t232, leader=null, voted=b75f8b2e-6273-4c97-b7c5-042674931d23, raftlog=b75f8b2e-6273-4c97-b7c5-042674931d23@group-F11756C8BA4A-SegmentedRaftLog:OPENED:c-1,f-1,i0, conf=-1: [6ef27e9c-8ddb-4fa1-8c14-ab102acfb1b8:192.168.164.241:38092, b75f8b2e-6273-4c97-b7c5-042674931d23:192.168.164.241:41857, 3750b3a2-715b-46b3-9d0c-9e38136244b9:192.168.164.241:46227], old=null
2019-10-20 18:18:59,186 [b75f8b2e-6273-4c97-b7c5-042674931d23@group-F11756C8BA4A-LeaderElection409] INFO  impl.LeaderElection (LogUtils.java:infoOrTrace(149)) -   Exception 0: {}
java.util.concurrent.ExecutionException: org.apache.ratis.thirdparty.io.grpc.StatusRuntimeException: UNAVAILABLE: io exception
	at java.util.concurrent.FutureTask.report(FutureTask.java:122)
	at java.util.concurrent.FutureTask.get(FutureTask.java:192)
	at org.apache.ratis.server.impl.LeaderElection.waitForResults(LeaderElection.java:259)
	at org.apache.ratis.server.impl.LeaderElection.askForVotes(LeaderElection.java:197)
	at org.apache.ratis.server.impl.LeaderElection.run(LeaderElection.java:133)
	at java.lang.Thread.run(Thread.java:748)
Caused by: org.apache.ratis.thirdparty.io.grpc.StatusRuntimeException: UNAVAILABLE: io exception
	at org.apache.ratis.thirdparty.io.grpc.stub.ClientCalls.toStatusRuntimeException(ClientCalls.java:233)
	at org.apache.ratis.thirdparty.io.grpc.stub.ClientCalls.getUnchecked(ClientCalls.java:214)
	at org.apache.ratis.thirdparty.io.grpc.stub.ClientCalls.blockingUnaryCall(ClientCalls.java:139)
	at org.apache.ratis.proto.grpc.RaftServerProtocolServiceGrpc$RaftServerProtocolServiceBlockingStub.requestVote(RaftServerProtocolServiceGrpc.java:265)
	at org.apache.ratis.grpc.server.GrpcServerProtocolClient.requestVote(GrpcServerProtocolClient.java:99)
	at org.apache.ratis.grpc.server.GrpcService.requestVote(GrpcService.java:204)
	at org.apache.ratis.server.impl.LeaderElection.lambda$submitRequests$1(LeaderElection.java:234)
	at java.util.concurrent.FutureTask.run(FutureTask.java:266)
	at java.util.concurrent.Executors$RunnableAdapter.call(Executors.java:511)
	at java.util.concurrent.FutureTask.run(FutureTask.java:266)
	at java.util.concurrent.ThreadPoolExecutor.runWorker(ThreadPoolExecutor.java:1149)
	at java.util.concurrent.ThreadPoolExecutor$Worker.run(ThreadPoolExecutor.java:624)
	... 1 more
Caused by: org.apache.ratis.thirdparty.io.netty.channel.AbstractChannel$AnnotatedConnectException: Connection refused: /192.168.164.241:46227
	at sun.nio.ch.SocketChannelImpl.checkConnect(Native Method)
	at sun.nio.ch.SocketChannelImpl.finishConnect(SocketChannelImpl.java:717)
	at org.apache.ratis.thirdparty.io.netty.channel.socket.nio.NioSocketChannel.doFinishConnect(NioSocketChannel.java:327)
	at org.apache.ratis.thirdparty.io.netty.channel.nio.AbstractNioChannel$AbstractNioUnsafe.finishConnect(AbstractNioChannel.java:340)
	at org.apache.ratis.thirdparty.io.netty.channel.nio.NioEventLoop.processSelectedKey(NioEventLoop.java:632)
	at org.apache.ratis.thirdparty.io.netty.channel.nio.NioEventLoop.processSelectedKeysOptimized(NioEventLoop.java:579)
	at org.apache.ratis.thirdparty.io.netty.channel.nio.NioEventLoop.processSelectedKeys(NioEventLoop.java:496)
	at org.apache.ratis.thirdparty.io.netty.channel.nio.NioEventLoop.run(NioEventLoop.java:458)
	at org.apache.ratis.thirdparty.io.netty.util.concurrent.SingleThreadEventExecutor$5.run(SingleThreadEventExecutor.java:897)
	at org.apache.ratis.thirdparty.io.netty.util.concurrent.FastThreadLocalRunnable.run(FastThreadLocalRunnable.java:30)
	... 1 more
Caused by: java.net.ConnectException: Connection refused
	... 11 more
2019-10-20 18:18:59,186 [b75f8b2e-6273-4c97-b7c5-042674931d23@group-F11756C8BA4A-LeaderElection409] INFO  impl.RaftServerImpl (RaftServerImpl.java:setRole(184)) - b75f8b2e-6273-4c97-b7c5-042674931d23@group-F11756C8BA4A: changes role from CANDIDATE to FOLLOWER at term 232 for DISCOVERED_A_NEW_TERM
2019-10-20 18:18:59,186 [b75f8b2e-6273-4c97-b7c5-042674931d23@group-F11756C8BA4A-LeaderElection409] INFO  impl.RoleInfo (RoleInfo.java:shutdownLeaderElection(134)) - b75f8b2e-6273-4c97-b7c5-042674931d23: shutdown LeaderElection
2019-10-20 18:18:59,186 [b75f8b2e-6273-4c97-b7c5-042674931d23@group-F11756C8BA4A-LeaderElection409] INFO  impl.RoleInfo (RoleInfo.java:updateAndGet(143)) - b75f8b2e-6273-4c97-b7c5-042674931d23: start FollowerState
2019-10-20 18:18:59,276 [Thread-3216] INFO  impl.FollowerState (FollowerState.java:run(108)) - 399079f7-1eb1-4f37-b003-267572525934@group-D40A05E2FCF9-FollowerState: change to CANDIDATE, lastRpcTime:157ms, electionTimeout:157ms
2019-10-20 18:18:59,277 [Thread-3216] INFO  impl.RoleInfo (RoleInfo.java:shutdownFollowerState(121)) - 399079f7-1eb1-4f37-b003-267572525934: shutdown FollowerState
2019-10-20 18:18:59,277 [Thread-3216] INFO  impl.RaftServerImpl (RaftServerImpl.java:setRole(184)) - 399079f7-1eb1-4f37-b003-267572525934@group-D40A05E2FCF9: changes role from  FOLLOWER to CANDIDATE at term 232 for changeToCandidate
2019-10-20 18:18:59,277 [Thread-3216] INFO  impl.RoleInfo (RoleInfo.java:updateAndGet(143)) - 399079f7-1eb1-4f37-b003-267572525934: start LeaderElection
2019-10-20 18:18:59,302 [399079f7-1eb1-4f37-b003-267572525934@group-D40A05E2FCF9-LeaderElection410] INFO  impl.LeaderElection (LeaderElection.java:askForVotes(178)) - 399079f7-1eb1-4f37-b003-267572525934@group-D40A05E2FCF9-LeaderElection410: begin an election at term 233 for -1: [399079f7-1eb1-4f37-b003-267572525934:192.168.164.241:37762, 7a43c46a-fc88-4b2d-b2da-ae029cfa60ff:192.168.164.241:43684, 6c5c38af-62e6-4ea7-a24a-078dcb28fb39:192.168.164.241:45428], old=null
2019-10-20 18:18:59,303 [399079f7-1eb1-4f37-b003-267572525934@group-D40A05E2FCF9-LeaderElection410] INFO  impl.LeaderElection (LogUtils.java:infoOrTrace(149)) - 399079f7-1eb1-4f37-b003-267572525934@group-D40A05E2FCF9-LeaderElection410 got exception when requesting votes: {}
java.util.concurrent.ExecutionException: org.apache.ratis.thirdparty.io.grpc.StatusRuntimeException: UNAVAILABLE: io exception
	at java.util.concurrent.FutureTask.report(FutureTask.java:122)
	at java.util.concurrent.FutureTask.get(FutureTask.java:192)
	at org.apache.ratis.server.impl.LeaderElection.waitForResults(LeaderElection.java:259)
	at org.apache.ratis.server.impl.LeaderElection.askForVotes(LeaderElection.java:197)
	at org.apache.ratis.server.impl.LeaderElection.run(LeaderElection.java:133)
	at java.lang.Thread.run(Thread.java:748)
Caused by: org.apache.ratis.thirdparty.io.grpc.StatusRuntimeException: UNAVAILABLE: io exception
	at org.apache.ratis.thirdparty.io.grpc.stub.ClientCalls.toStatusRuntimeException(ClientCalls.java:233)
	at org.apache.ratis.thirdparty.io.grpc.stub.ClientCalls.getUnchecked(ClientCalls.java:214)
	at org.apache.ratis.thirdparty.io.grpc.stub.ClientCalls.blockingUnaryCall(ClientCalls.java:139)
	at org.apache.ratis.proto.grpc.RaftServerProtocolServiceGrpc$RaftServerProtocolServiceBlockingStub.requestVote(RaftServerProtocolServiceGrpc.java:265)
	at org.apache.ratis.grpc.server.GrpcServerProtocolClient.requestVote(GrpcServerProtocolClient.java:99)
	at org.apache.ratis.grpc.server.GrpcService.requestVote(GrpcService.java:204)
	at org.apache.ratis.server.impl.LeaderElection.lambda$submitRequests$1(LeaderElection.java:234)
	at java.util.concurrent.FutureTask.run(FutureTask.java:266)
	at java.util.concurrent.Executors$RunnableAdapter.call(Executors.java:511)
	at java.util.concurrent.FutureTask.run(FutureTask.java:266)
	at java.util.concurrent.ThreadPoolExecutor.runWorker(ThreadPoolExecutor.java:1149)
	at java.util.concurrent.ThreadPoolExecutor$Worker.run(ThreadPoolExecutor.java:624)
	... 1 more
Caused by: org.apache.ratis.thirdparty.io.netty.channel.AbstractChannel$AnnotatedConnectException: Connection refused: /192.168.164.241:45428
	at sun.nio.ch.SocketChannelImpl.checkConnect(Native Method)
	at sun.nio.ch.SocketChannelImpl.finishConnect(SocketChannelImpl.java:717)
	at org.apache.ratis.thirdparty.io.netty.channel.socket.nio.NioSocketChannel.doFinishConnect(NioSocketChannel.java:327)
	at org.apache.ratis.thirdparty.io.netty.channel.nio.AbstractNioChannel$AbstractNioUnsafe.finishConnect(AbstractNioChannel.java:340)
	at org.apache.ratis.thirdparty.io.netty.channel.nio.NioEventLoop.processSelectedKey(NioEventLoop.java:632)
	at org.apache.ratis.thirdparty.io.netty.channel.nio.NioEventLoop.processSelectedKeysOptimized(NioEventLoop.java:579)
	at org.apache.ratis.thirdparty.io.netty.channel.nio.NioEventLoop.processSelectedKeys(NioEventLoop.java:496)
	at org.apache.ratis.thirdparty.io.netty.channel.nio.NioEventLoop.run(NioEventLoop.java:458)
	at org.apache.ratis.thirdparty.io.netty.util.concurrent.SingleThreadEventExecutor$5.run(SingleThreadEventExecutor.java:897)
	at org.apache.ratis.thirdparty.io.netty.util.concurrent.FastThreadLocalRunnable.run(FastThreadLocalRunnable.java:30)
	... 1 more
Caused by: java.net.ConnectException: Connection refused
	... 11 more
2019-10-20 18:18:59,303 [grpc-default-executor-10] INFO  impl.RaftServerImpl (RaftServerImpl.java:setRole(184)) - 7a43c46a-fc88-4b2d-b2da-ae029cfa60ff@group-D40A05E2FCF9: changes role from  FOLLOWER to FOLLOWER at term 233 for recognizeCandidate:399079f7-1eb1-4f37-b003-267572525934
2019-10-20 18:18:59,304 [grpc-default-executor-10] INFO  impl.RoleInfo (RoleInfo.java:shutdownFollowerState(121)) - 7a43c46a-fc88-4b2d-b2da-ae029cfa60ff: shutdown FollowerState
2019-10-20 18:18:59,304 [grpc-default-executor-10] INFO  impl.RoleInfo (RoleInfo.java:updateAndGet(143)) - 7a43c46a-fc88-4b2d-b2da-ae029cfa60ff: start FollowerState
2019-10-20 18:18:59,304 [Thread-3214] INFO  impl.FollowerState (FollowerState.java:run(117)) - 7a43c46a-fc88-4b2d-b2da-ae029cfa60ff@group-D40A05E2FCF9-FollowerState was interrupted: java.lang.InterruptedException: sleep interrupted
2019-10-20 18:18:59,329 [399079f7-1eb1-4f37-b003-267572525934@group-D40A05E2FCF9-LeaderElection410] INFO  impl.LeaderElection (LeaderElection.java:logAndReturn(56)) - 399079f7-1eb1-4f37-b003-267572525934@group-D40A05E2FCF9-LeaderElection410: Election REJECTED; received 1 response(s) [399079f7-1eb1-4f37-b003-267572525934<-7a43c46a-fc88-4b2d-b2da-ae029cfa60ff#0:FAIL-t233] and 1 exception(s); 399079f7-1eb1-4f37-b003-267572525934@group-D40A05E2FCF9:t233, leader=null, voted=399079f7-1eb1-4f37-b003-267572525934, raftlog=399079f7-1eb1-4f37-b003-267572525934@group-D40A05E2FCF9-SegmentedRaftLog:OPENED:c-1,f-1,i0, conf=-1: [399079f7-1eb1-4f37-b003-267572525934:192.168.164.241:37762, 7a43c46a-fc88-4b2d-b2da-ae029cfa60ff:192.168.164.241:43684, 6c5c38af-62e6-4ea7-a24a-078dcb28fb39:192.168.164.241:45428], old=null
2019-10-20 18:18:59,329 [399079f7-1eb1-4f37-b003-267572525934@group-D40A05E2FCF9-LeaderElection410] INFO  impl.LeaderElection (LogUtils.java:infoOrTrace(149)) -   Exception 0: {}
java.util.concurrent.ExecutionException: org.apache.ratis.thirdparty.io.grpc.StatusRuntimeException: UNAVAILABLE: io exception
	at java.util.concurrent.FutureTask.report(FutureTask.java:122)
	at java.util.concurrent.FutureTask.get(FutureTask.java:192)
	at org.apache.ratis.server.impl.LeaderElection.waitForResults(LeaderElection.java:259)
	at org.apache.ratis.server.impl.LeaderElection.askForVotes(LeaderElection.java:197)
	at org.apache.ratis.server.impl.LeaderElection.run(LeaderElection.java:133)
	at java.lang.Thread.run(Thread.java:748)
Caused by: org.apache.ratis.thirdparty.io.grpc.StatusRuntimeException: UNAVAILABLE: io exception
	at org.apache.ratis.thirdparty.io.grpc.stub.ClientCalls.toStatusRuntimeException(ClientCalls.java:233)
	at org.apache.ratis.thirdparty.io.grpc.stub.ClientCalls.getUnchecked(ClientCalls.java:214)
	at org.apache.ratis.thirdparty.io.grpc.stub.ClientCalls.blockingUnaryCall(ClientCalls.java:139)
	at org.apache.ratis.proto.grpc.RaftServerProtocolServiceGrpc$RaftServerProtocolServiceBlockingStub.requestVote(RaftServerProtocolServiceGrpc.java:265)
	at org.apache.ratis.grpc.server.GrpcServerProtocolClient.requestVote(GrpcServerProtocolClient.java:99)
	at org.apache.ratis.grpc.server.GrpcService.requestVote(GrpcService.java:204)
	at org.apache.ratis.server.impl.LeaderElection.lambda$submitRequests$1(LeaderElection.java:234)
	at java.util.concurrent.FutureTask.run(FutureTask.java:266)
	at java.util.concurrent.Executors$RunnableAdapter.call(Executors.java:511)
	at java.util.concurrent.FutureTask.run(FutureTask.java:266)
	at java.util.concurrent.ThreadPoolExecutor.runWorker(ThreadPoolExecutor.java:1149)
	at java.util.concurrent.ThreadPoolExecutor$Worker.run(ThreadPoolExecutor.java:624)
	... 1 more
Caused by: org.apache.ratis.thirdparty.io.netty.channel.AbstractChannel$AnnotatedConnectException: Connection refused: /192.168.164.241:45428
	at sun.nio.ch.SocketChannelImpl.checkConnect(Native Method)
	at sun.nio.ch.SocketChannelImpl.finishConnect(SocketChannelImpl.java:717)
	at org.apache.ratis.thirdparty.io.netty.channel.socket.nio.NioSocketChannel.doFinishConnect(NioSocketChannel.java:327)
	at org.apache.ratis.thirdparty.io.netty.channel.nio.AbstractNioChannel$AbstractNioUnsafe.finishConnect(AbstractNioChannel.java:340)
	at org.apache.ratis.thirdparty.io.netty.channel.nio.NioEventLoop.processSelectedKey(NioEventLoop.java:632)
	at org.apache.ratis.thirdparty.io.netty.channel.nio.NioEventLoop.processSelectedKeysOptimized(NioEventLoop.java:579)
	at org.apache.ratis.thirdparty.io.netty.channel.nio.NioEventLoop.processSelectedKeys(NioEventLoop.java:496)
	at org.apache.ratis.thirdparty.io.netty.channel.nio.NioEventLoop.run(NioEventLoop.java:458)
	at org.apache.ratis.thirdparty.io.netty.util.concurrent.SingleThreadEventExecutor$5.run(SingleThreadEventExecutor.java:897)
	at org.apache.ratis.thirdparty.io.netty.util.concurrent.FastThreadLocalRunnable.run(FastThreadLocalRunnable.java:30)
	... 1 more
Caused by: java.net.ConnectException: Connection refused
	... 11 more
2019-10-20 18:18:59,330 [399079f7-1eb1-4f37-b003-267572525934@group-D40A05E2FCF9-LeaderElection410] INFO  impl.RaftServerImpl (RaftServerImpl.java:setRole(184)) - 399079f7-1eb1-4f37-b003-267572525934@group-D40A05E2FCF9: changes role from CANDIDATE to FOLLOWER at term 233 for DISCOVERED_A_NEW_TERM
2019-10-20 18:18:59,330 [399079f7-1eb1-4f37-b003-267572525934@group-D40A05E2FCF9-LeaderElection410] INFO  impl.RoleInfo (RoleInfo.java:shutdownLeaderElection(134)) - 399079f7-1eb1-4f37-b003-267572525934: shutdown LeaderElection
2019-10-20 18:18:59,330 [399079f7-1eb1-4f37-b003-267572525934@group-D40A05E2FCF9-LeaderElection410] INFO  impl.RoleInfo (RoleInfo.java:updateAndGet(143)) - 399079f7-1eb1-4f37-b003-267572525934: start FollowerState
2019-10-20 18:18:59,339 [Thread-3221] INFO  impl.FollowerState (FollowerState.java:run(108)) - b75f8b2e-6273-4c97-b7c5-042674931d23@group-F11756C8BA4A-FollowerState: change to CANDIDATE, lastRpcTime:152ms, electionTimeout:152ms
2019-10-20 18:18:59,339 [Thread-3221] INFO  impl.RoleInfo (RoleInfo.java:shutdownFollowerState(121)) - b75f8b2e-6273-4c97-b7c5-042674931d23: shutdown FollowerState
2019-10-20 18:18:59,339 [Thread-3221] INFO  impl.RaftServerImpl (RaftServerImpl.java:setRole(184)) - b75f8b2e-6273-4c97-b7c5-042674931d23@group-F11756C8BA4A: changes role from  FOLLOWER to CANDIDATE at term 232 for changeToCandidate
2019-10-20 18:18:59,339 [Thread-3221] INFO  impl.RoleInfo (RoleInfo.java:updateAndGet(143)) - b75f8b2e-6273-4c97-b7c5-042674931d23: start LeaderElection
2019-10-20 18:18:59,362 [b75f8b2e-6273-4c97-b7c5-042674931d23@group-F11756C8BA4A-LeaderElection411] INFO  impl.LeaderElection (LeaderElection.java:askForVotes(178)) - b75f8b2e-6273-4c97-b7c5-042674931d23@group-F11756C8BA4A-LeaderElection411: begin an election at term 233 for -1: [6ef27e9c-8ddb-4fa1-8c14-ab102acfb1b8:192.168.164.241:38092, b75f8b2e-6273-4c97-b7c5-042674931d23:192.168.164.241:41857, 3750b3a2-715b-46b3-9d0c-9e38136244b9:192.168.164.241:46227], old=null
2019-10-20 18:18:59,363 [b75f8b2e-6273-4c97-b7c5-042674931d23@group-F11756C8BA4A-LeaderElection411] INFO  impl.LeaderElection (LogUtils.java:infoOrTrace(149)) - b75f8b2e-6273-4c97-b7c5-042674931d23@group-F11756C8BA4A-LeaderElection411 got exception when requesting votes: {}
java.util.concurrent.ExecutionException: org.apache.ratis.thirdparty.io.grpc.StatusRuntimeException: UNAVAILABLE: io exception
	at java.util.concurrent.FutureTask.report(FutureTask.java:122)
	at java.util.concurrent.FutureTask.get(FutureTask.java:192)
	at org.apache.ratis.server.impl.LeaderElection.waitForResults(LeaderElection.java:259)
	at org.apache.ratis.server.impl.LeaderElection.askForVotes(LeaderElection.java:197)
	at org.apache.ratis.server.impl.LeaderElection.run(LeaderElection.java:133)
	at java.lang.Thread.run(Thread.java:748)
Caused by: org.apache.ratis.thirdparty.io.grpc.StatusRuntimeException: UNAVAILABLE: io exception
	at org.apache.ratis.thirdparty.io.grpc.stub.ClientCalls.toStatusRuntimeException(ClientCalls.java:233)
	at org.apache.ratis.thirdparty.io.grpc.stub.ClientCalls.getUnchecked(ClientCalls.java:214)
	at org.apache.ratis.thirdparty.io.grpc.stub.ClientCalls.blockingUnaryCall(ClientCalls.java:139)
	at org.apache.ratis.proto.grpc.RaftServerProtocolServiceGrpc$RaftServerProtocolServiceBlockingStub.requestVote(RaftServerProtocolServiceGrpc.java:265)
	at org.apache.ratis.grpc.server.GrpcServerProtocolClient.requestVote(GrpcServerProtocolClient.java:99)
	at org.apache.ratis.grpc.server.GrpcService.requestVote(GrpcService.java:204)
	at org.apache.ratis.server.impl.LeaderElection.lambda$submitRequests$1(LeaderElection.java:234)
	at java.util.concurrent.FutureTask.run(FutureTask.java:266)
	at java.util.concurrent.Executors$RunnableAdapter.call(Executors.java:511)
	at java.util.concurrent.FutureTask.run(FutureTask.java:266)
	at java.util.concurrent.ThreadPoolExecutor.runWorker(ThreadPoolExecutor.java:1149)
	at java.util.concurrent.ThreadPoolExecutor$Worker.run(ThreadPoolExecutor.java:624)
	... 1 more
Caused by: org.apache.ratis.thirdparty.io.netty.channel.AbstractChannel$AnnotatedConnectException: Connection refused: /192.168.164.241:46227
	at sun.nio.ch.SocketChannelImpl.checkConnect(Native Method)
	at sun.nio.ch.SocketChannelImpl.finishConnect(SocketChannelImpl.java:717)
	at org.apache.ratis.thirdparty.io.netty.channel.socket.nio.NioSocketChannel.doFinishConnect(NioSocketChannel.java:327)
	at org.apache.ratis.thirdparty.io.netty.channel.nio.AbstractNioChannel$AbstractNioUnsafe.finishConnect(AbstractNioChannel.java:340)
	at org.apache.ratis.thirdparty.io.netty.channel.nio.NioEventLoop.processSelectedKey(NioEventLoop.java:632)
	at org.apache.ratis.thirdparty.io.netty.channel.nio.NioEventLoop.processSelectedKeysOptimized(NioEventLoop.java:579)
	at org.apache.ratis.thirdparty.io.netty.channel.nio.NioEventLoop.processSelectedKeys(NioEventLoop.java:496)
	at org.apache.ratis.thirdparty.io.netty.channel.nio.NioEventLoop.run(NioEventLoop.java:458)
	at org.apache.ratis.thirdparty.io.netty.util.concurrent.SingleThreadEventExecutor$5.run(SingleThreadEventExecutor.java:897)
	at org.apache.ratis.thirdparty.io.netty.util.concurrent.FastThreadLocalRunnable.run(FastThreadLocalRunnable.java:30)
	... 1 more
Caused by: java.net.ConnectException: Connection refused
	... 11 more
2019-10-20 18:18:59,364 [grpc-default-executor-10] INFO  impl.RaftServerImpl (RaftServerImpl.java:setRole(184)) - 6ef27e9c-8ddb-4fa1-8c14-ab102acfb1b8@group-F11756C8BA4A: changes role from  FOLLOWER to FOLLOWER at term 233 for recognizeCandidate:b75f8b2e-6273-4c97-b7c5-042674931d23
2019-10-20 18:18:59,364 [grpc-default-executor-10] INFO  impl.RoleInfo (RoleInfo.java:shutdownFollowerState(121)) - 6ef27e9c-8ddb-4fa1-8c14-ab102acfb1b8: shutdown FollowerState
2019-10-20 18:18:59,365 [grpc-default-executor-10] INFO  impl.RoleInfo (RoleInfo.java:updateAndGet(143)) - 6ef27e9c-8ddb-4fa1-8c14-ab102acfb1b8: start FollowerState
2019-10-20 18:18:59,366 [Thread-3220] INFO  impl.FollowerState (FollowerState.java:run(117)) - 6ef27e9c-8ddb-4fa1-8c14-ab102acfb1b8@group-F11756C8BA4A-FollowerState was interrupted: java.lang.InterruptedException: sleep interrupted
2019-10-20 18:18:59,389 [b75f8b2e-6273-4c97-b7c5-042674931d23@group-F11756C8BA4A-LeaderElection411] INFO  impl.LeaderElection (LeaderElection.java:logAndReturn(56)) - b75f8b2e-6273-4c97-b7c5-042674931d23@group-F11756C8BA4A-LeaderElection411: Election REJECTED; received 1 response(s) [b75f8b2e-6273-4c97-b7c5-042674931d23<-6ef27e9c-8ddb-4fa1-8c14-ab102acfb1b8#0:FAIL-t233] and 1 exception(s); b75f8b2e-6273-4c97-b7c5-042674931d23@group-F11756C8BA4A:t233, leader=null, voted=b75f8b2e-6273-4c97-b7c5-042674931d23, raftlog=b75f8b2e-6273-4c97-b7c5-042674931d23@group-F11756C8BA4A-SegmentedRaftLog:OPENED:c-1,f-1,i0, conf=-1: [6ef27e9c-8ddb-4fa1-8c14-ab102acfb1b8:192.168.164.241:38092, b75f8b2e-6273-4c97-b7c5-042674931d23:192.168.164.241:41857, 3750b3a2-715b-46b3-9d0c-9e38136244b9:192.168.164.241:46227], old=null
2019-10-20 18:18:59,389 [b75f8b2e-6273-4c97-b7c5-042674931d23@group-F11756C8BA4A-LeaderElection411] INFO  impl.LeaderElection (LogUtils.java:infoOrTrace(149)) -   Exception 0: {}
java.util.concurrent.ExecutionException: org.apache.ratis.thirdparty.io.grpc.StatusRuntimeException: UNAVAILABLE: io exception
	at java.util.concurrent.FutureTask.report(FutureTask.java:122)
	at java.util.concurrent.FutureTask.get(FutureTask.java:192)
	at org.apache.ratis.server.impl.LeaderElection.waitForResults(LeaderElection.java:259)
	at org.apache.ratis.server.impl.LeaderElection.askForVotes(LeaderElection.java:197)
	at org.apache.ratis.server.impl.LeaderElection.run(LeaderElection.java:133)
	at java.lang.Thread.run(Thread.java:748)
Caused by: org.apache.ratis.thirdparty.io.grpc.StatusRuntimeException: UNAVAILABLE: io exception
	at org.apache.ratis.thirdparty.io.grpc.stub.ClientCalls.toStatusRuntimeException(ClientCalls.java:233)
	at org.apache.ratis.thirdparty.io.grpc.stub.ClientCalls.getUnchecked(ClientCalls.java:214)
	at org.apache.ratis.thirdparty.io.grpc.stub.ClientCalls.blockingUnaryCall(ClientCalls.java:139)
	at org.apache.ratis.proto.grpc.RaftServerProtocolServiceGrpc$RaftServerProtocolServiceBlockingStub.requestVote(RaftServerProtocolServiceGrpc.java:265)
	at org.apache.ratis.grpc.server.GrpcServerProtocolClient.requestVote(GrpcServerProtocolClient.java:99)
	at org.apache.ratis.grpc.server.GrpcService.requestVote(GrpcService.java:204)
	at org.apache.ratis.server.impl.LeaderElection.lambda$submitRequests$1(LeaderElection.java:234)
	at java.util.concurrent.FutureTask.run(FutureTask.java:266)
	at java.util.concurrent.Executors$RunnableAdapter.call(Executors.java:511)
	at java.util.concurrent.FutureTask.run(FutureTask.java:266)
	at java.util.concurrent.ThreadPoolExecutor.runWorker(ThreadPoolExecutor.java:1149)
	at java.util.concurrent.ThreadPoolExecutor$Worker.run(ThreadPoolExecutor.java:624)
	... 1 more
Caused by: org.apache.ratis.thirdparty.io.netty.channel.AbstractChannel$AnnotatedConnectException: Connection refused: /192.168.164.241:46227
	at sun.nio.ch.SocketChannelImpl.checkConnect(Native Method)
	at sun.nio.ch.SocketChannelImpl.finishConnect(SocketChannelImpl.java:717)
	at org.apache.ratis.thirdparty.io.netty.channel.socket.nio.NioSocketChannel.doFinishConnect(NioSocketChannel.java:327)
	at org.apache.ratis.thirdparty.io.netty.channel.nio.AbstractNioChannel$AbstractNioUnsafe.finishConnect(AbstractNioChannel.java:340)
	at org.apache.ratis.thirdparty.io.netty.channel.nio.NioEventLoop.processSelectedKey(NioEventLoop.java:632)
	at org.apache.ratis.thirdparty.io.netty.channel.nio.NioEventLoop.processSelectedKeysOptimized(NioEventLoop.java:579)
	at org.apache.ratis.thirdparty.io.netty.channel.nio.NioEventLoop.processSelectedKeys(NioEventLoop.java:496)
	at org.apache.ratis.thirdparty.io.netty.channel.nio.NioEventLoop.run(NioEventLoop.java:458)
	at org.apache.ratis.thirdparty.io.netty.util.concurrent.SingleThreadEventExecutor$5.run(SingleThreadEventExecutor.java:897)
	at org.apache.ratis.thirdparty.io.netty.util.concurrent.FastThreadLocalRunnable.run(FastThreadLocalRunnable.java:30)
	... 1 more
Caused by: java.net.ConnectException: Connection refused
	... 11 more
2019-10-20 18:18:59,389 [b75f8b2e-6273-4c97-b7c5-042674931d23@group-F11756C8BA4A-LeaderElection411] INFO  impl.RaftServerImpl (RaftServerImpl.java:setRole(184)) - b75f8b2e-6273-4c97-b7c5-042674931d23@group-F11756C8BA4A: changes role from CANDIDATE to FOLLOWER at term 233 for DISCOVERED_A_NEW_TERM
2019-10-20 18:18:59,389 [b75f8b2e-6273-4c97-b7c5-042674931d23@group-F11756C8BA4A-LeaderElection411] INFO  impl.RoleInfo (RoleInfo.java:shutdownLeaderElection(134)) - b75f8b2e-6273-4c97-b7c5-042674931d23: shutdown LeaderElection
2019-10-20 18:18:59,390 [b75f8b2e-6273-4c97-b7c5-042674931d23@group-F11756C8BA4A-LeaderElection411] INFO  impl.RoleInfo (RoleInfo.java:updateAndGet(143)) - b75f8b2e-6273-4c97-b7c5-042674931d23: start FollowerState
2019-10-20 18:18:59,403 [Thread-3232] INFO  impl.FollowerState (FollowerState.java:run(108)) - b75f8b2e-6273-4c97-b7c5-042674931d23@group-F11756C8BA4A-FollowerState: change to CANDIDATE, lastRpcTime:13ms, electionTimeout:13ms
2019-10-20 18:18:59,403 [Thread-3232] INFO  impl.RoleInfo (RoleInfo.java:shutdownFollowerState(121)) - b75f8b2e-6273-4c97-b7c5-042674931d23: shutdown FollowerState
2019-10-20 18:18:59,403 [Thread-3232] INFO  impl.RaftServerImpl (RaftServerImpl.java:setRole(184)) - b75f8b2e-6273-4c97-b7c5-042674931d23@group-F11756C8BA4A: changes role from  FOLLOWER to CANDIDATE at term 233 for changeToCandidate
2019-10-20 18:18:59,403 [Thread-3232] INFO  impl.RoleInfo (RoleInfo.java:updateAndGet(143)) - b75f8b2e-6273-4c97-b7c5-042674931d23: start LeaderElection
2019-10-20 18:18:59,428 [Thread-3227] INFO  impl.FollowerState (FollowerState.java:run(108)) - 399079f7-1eb1-4f37-b003-267572525934@group-D40A05E2FCF9-FollowerState: change to CANDIDATE, lastRpcTime:98ms, electionTimeout:98ms
2019-10-20 18:18:59,429 [Thread-3227] INFO  impl.RoleInfo (RoleInfo.java:shutdownFollowerState(121)) - 399079f7-1eb1-4f37-b003-267572525934: shutdown FollowerState
2019-10-20 18:18:59,429 [Thread-3227] INFO  impl.RaftServerImpl (RaftServerImpl.java:setRole(184)) - 399079f7-1eb1-4f37-b003-267572525934@group-D40A05E2FCF9: changes role from  FOLLOWER to CANDIDATE at term 233 for changeToCandidate
2019-10-20 18:18:59,429 [Thread-3227] INFO  impl.RoleInfo (RoleInfo.java:updateAndGet(143)) - 399079f7-1eb1-4f37-b003-267572525934: start LeaderElection
2019-10-20 18:18:59,430 [b75f8b2e-6273-4c97-b7c5-042674931d23@group-F11756C8BA4A-LeaderElection412] INFO  impl.LeaderElection (LeaderElection.java:askForVotes(178)) - b75f8b2e-6273-4c97-b7c5-042674931d23@group-F11756C8BA4A-LeaderElection412: begin an election at term 234 for -1: [6ef27e9c-8ddb-4fa1-8c14-ab102acfb1b8:192.168.164.241:38092, b75f8b2e-6273-4c97-b7c5-042674931d23:192.168.164.241:41857, 3750b3a2-715b-46b3-9d0c-9e38136244b9:192.168.164.241:46227], old=null
2019-10-20 18:18:59,430 [b75f8b2e-6273-4c97-b7c5-042674931d23@group-F11756C8BA4A-LeaderElection412] INFO  impl.LeaderElection (LogUtils.java:infoOrTrace(149)) - b75f8b2e-6273-4c97-b7c5-042674931d23@group-F11756C8BA4A-LeaderElection412 got exception when requesting votes: {}
java.util.concurrent.ExecutionException: org.apache.ratis.thirdparty.io.grpc.StatusRuntimeException: UNAVAILABLE: io exception
	at java.util.concurrent.FutureTask.report(FutureTask.java:122)
	at java.util.concurrent.FutureTask.get(FutureTask.java:192)
	at org.apache.ratis.server.impl.LeaderElection.waitForResults(LeaderElection.java:259)
	at org.apache.ratis.server.impl.LeaderElection.askForVotes(LeaderElection.java:197)
	at org.apache.ratis.server.impl.LeaderElection.run(LeaderElection.java:133)
	at java.lang.Thread.run(Thread.java:748)
Caused by: org.apache.ratis.thirdparty.io.grpc.StatusRuntimeException: UNAVAILABLE: io exception
	at org.apache.ratis.thirdparty.io.grpc.stub.ClientCalls.toStatusRuntimeException(ClientCalls.java:233)
	at org.apache.ratis.thirdparty.io.grpc.stub.ClientCalls.getUnchecked(ClientCalls.java:214)
	at org.apache.ratis.thirdparty.io.grpc.stub.ClientCalls.blockingUnaryCall(ClientCalls.java:139)
	at org.apache.ratis.proto.grpc.RaftServerProtocolServiceGrpc$RaftServerProtocolServiceBlockingStub.requestVote(RaftServerProtocolServiceGrpc.java:265)
	at org.apache.ratis.grpc.server.GrpcServerProtocolClient.requestVote(GrpcServerProtocolClient.java:99)
	at org.apache.ratis.grpc.server.GrpcService.requestVote(GrpcService.java:204)
	at org.apache.ratis.server.impl.LeaderElection.lambda$submitRequests$1(LeaderElection.java:234)
	at java.util.concurrent.FutureTask.run(FutureTask.java:266)
	at java.util.concurrent.Executors$RunnableAdapter.call(Executors.java:511)
	at java.util.concurrent.FutureTask.run(FutureTask.java:266)
	at java.util.concurrent.ThreadPoolExecutor.runWorker(ThreadPoolExecutor.java:1149)
	at java.util.concurrent.ThreadPoolExecutor$Worker.run(ThreadPoolExecutor.java:624)
	... 1 more
Caused by: org.apache.ratis.thirdparty.io.netty.channel.AbstractChannel$AnnotatedConnectException: Connection refused: /192.168.164.241:46227
	at sun.nio.ch.SocketChannelImpl.checkConnect(Native Method)
	at sun.nio.ch.SocketChannelImpl.finishConnect(SocketChannelImpl.java:717)
	at org.apache.ratis.thirdparty.io.netty.channel.socket.nio.NioSocketChannel.doFinishConnect(NioSocketChannel.java:327)
	at org.apache.ratis.thirdparty.io.netty.channel.nio.AbstractNioChannel$AbstractNioUnsafe.finishConnect(AbstractNioChannel.java:340)
	at org.apache.ratis.thirdparty.io.netty.channel.nio.NioEventLoop.processSelectedKey(NioEventLoop.java:632)
	at org.apache.ratis.thirdparty.io.netty.channel.nio.NioEventLoop.processSelectedKeysOptimized(NioEventLoop.java:579)
	at org.apache.ratis.thirdparty.io.netty.channel.nio.NioEventLoop.processSelectedKeys(NioEventLoop.java:496)
	at org.apache.ratis.thirdparty.io.netty.channel.nio.NioEventLoop.run(NioEventLoop.java:458)
	at org.apache.ratis.thirdparty.io.netty.util.concurrent.SingleThreadEventExecutor$5.run(SingleThreadEventExecutor.java:897)
	at org.apache.ratis.thirdparty.io.netty.util.concurrent.FastThreadLocalRunnable.run(FastThreadLocalRunnable.java:30)
	... 1 more
Caused by: java.net.ConnectException: Connection refused
	... 11 more
2019-10-20 18:18:59,431 [grpc-default-executor-10] INFO  impl.RaftServerImpl (RaftServerImpl.java:setRole(184)) - 6ef27e9c-8ddb-4fa1-8c14-ab102acfb1b8@group-F11756C8BA4A: changes role from  FOLLOWER to FOLLOWER at term 234 for recognizeCandidate:b75f8b2e-6273-4c97-b7c5-042674931d23
2019-10-20 18:18:59,431 [grpc-default-executor-10] INFO  impl.RoleInfo (RoleInfo.java:shutdownFollowerState(121)) - 6ef27e9c-8ddb-4fa1-8c14-ab102acfb1b8: shutdown FollowerState
2019-10-20 18:18:59,432 [grpc-default-executor-10] INFO  impl.RoleInfo (RoleInfo.java:updateAndGet(143)) - 6ef27e9c-8ddb-4fa1-8c14-ab102acfb1b8: start FollowerState
2019-10-20 18:18:59,432 [Thread-3231] INFO  impl.FollowerState (FollowerState.java:run(117)) - 6ef27e9c-8ddb-4fa1-8c14-ab102acfb1b8@group-F11756C8BA4A-FollowerState was interrupted: java.lang.InterruptedException: sleep interrupted
2019-10-20 18:18:59,455 [399079f7-1eb1-4f37-b003-267572525934@group-D40A05E2FCF9-LeaderElection413] INFO  impl.LeaderElection (LeaderElection.java:askForVotes(178)) - 399079f7-1eb1-4f37-b003-267572525934@group-D40A05E2FCF9-LeaderElection413: begin an election at term 234 for -1: [399079f7-1eb1-4f37-b003-267572525934:192.168.164.241:37762, 7a43c46a-fc88-4b2d-b2da-ae029cfa60ff:192.168.164.241:43684, 6c5c38af-62e6-4ea7-a24a-078dcb28fb39:192.168.164.241:45428], old=null
2019-10-20 18:18:59,456 [b75f8b2e-6273-4c97-b7c5-042674931d23@group-F11756C8BA4A-LeaderElection412] INFO  impl.LeaderElection (LeaderElection.java:logAndReturn(56)) - b75f8b2e-6273-4c97-b7c5-042674931d23@group-F11756C8BA4A-LeaderElection412: Election REJECTED; received 1 response(s) [b75f8b2e-6273-4c97-b7c5-042674931d23<-6ef27e9c-8ddb-4fa1-8c14-ab102acfb1b8#0:FAIL-t234] and 1 exception(s); b75f8b2e-6273-4c97-b7c5-042674931d23@group-F11756C8BA4A:t234, leader=null, voted=b75f8b2e-6273-4c97-b7c5-042674931d23, raftlog=b75f8b2e-6273-4c97-b7c5-042674931d23@group-F11756C8BA4A-SegmentedRaftLog:OPENED:c-1,f-1,i0, conf=-1: [6ef27e9c-8ddb-4fa1-8c14-ab102acfb1b8:192.168.164.241:38092, b75f8b2e-6273-4c97-b7c5-042674931d23:192.168.164.241:41857, 3750b3a2-715b-46b3-9d0c-9e38136244b9:192.168.164.241:46227], old=null
2019-10-20 18:18:59,456 [b75f8b2e-6273-4c97-b7c5-042674931d23@group-F11756C8BA4A-LeaderElection412] INFO  impl.LeaderElection (LogUtils.java:infoOrTrace(149)) -   Exception 0: {}
java.util.concurrent.ExecutionException: org.apache.ratis.thirdparty.io.grpc.StatusRuntimeException: UNAVAILABLE: io exception
	at java.util.concurrent.FutureTask.report(FutureTask.java:122)
	at java.util.concurrent.FutureTask.get(FutureTask.java:192)
	at org.apache.ratis.server.impl.LeaderElection.waitForResults(LeaderElection.java:259)
	at org.apache.ratis.server.impl.LeaderElection.askForVotes(LeaderElection.java:197)
	at org.apache.ratis.server.impl.LeaderElection.run(LeaderElection.java:133)
	at java.lang.Thread.run(Thread.java:748)
Caused by: org.apache.ratis.thirdparty.io.grpc.StatusRuntimeException: UNAVAILABLE: io exception
	at org.apache.ratis.thirdparty.io.grpc.stub.ClientCalls.toStatusRuntimeException(ClientCalls.java:233)
	at org.apache.ratis.thirdparty.io.grpc.stub.ClientCalls.getUnchecked(ClientCalls.java:214)
	at org.apache.ratis.thirdparty.io.grpc.stub.ClientCalls.blockingUnaryCall(ClientCalls.java:139)
	at org.apache.ratis.proto.grpc.RaftServerProtocolServiceGrpc$RaftServerProtocolServiceBlockingStub.requestVote(RaftServerProtocolServiceGrpc.java:265)
	at org.apache.ratis.grpc.server.GrpcServerProtocolClient.requestVote(GrpcServerProtocolClient.java:99)
	at org.apache.ratis.grpc.server.GrpcService.requestVote(GrpcService.java:204)
	at org.apache.ratis.server.impl.LeaderElection.lambda$submitRequests$1(LeaderElection.java:234)
	at java.util.concurrent.FutureTask.run(FutureTask.java:266)
	at java.util.concurrent.Executors$RunnableAdapter.call(Executors.java:511)
	at java.util.concurrent.FutureTask.run(FutureTask.java:266)
	at java.util.concurrent.ThreadPoolExecutor.runWorker(ThreadPoolExecutor.java:1149)
	at java.util.concurrent.ThreadPoolExecutor$Worker.run(ThreadPoolExecutor.java:624)
	... 1 more
Caused by: org.apache.ratis.thirdparty.io.netty.channel.AbstractChannel$AnnotatedConnectException: Connection refused: /192.168.164.241:46227
	at sun.nio.ch.SocketChannelImpl.checkConnect(Native Method)
	at sun.nio.ch.SocketChannelImpl.finishConnect(SocketChannelImpl.java:717)
	at org.apache.ratis.thirdparty.io.netty.channel.socket.nio.NioSocketChannel.doFinishConnect(NioSocketChannel.java:327)
	at org.apache.ratis.thirdparty.io.netty.channel.nio.AbstractNioChannel$AbstractNioUnsafe.finishConnect(AbstractNioChannel.java:340)
	at org.apache.ratis.thirdparty.io.netty.channel.nio.NioEventLoop.processSelectedKey(NioEventLoop.java:632)
	at org.apache.ratis.thirdparty.io.netty.channel.nio.NioEventLoop.processSelectedKeysOptimized(NioEventLoop.java:579)
	at org.apache.ratis.thirdparty.io.netty.channel.nio.NioEventLoop.processSelectedKeys(NioEventLoop.java:496)
	at org.apache.ratis.thirdparty.io.netty.channel.nio.NioEventLoop.run(NioEventLoop.java:458)
	at org.apache.ratis.thirdparty.io.netty.util.concurrent.SingleThreadEventExecutor$5.run(SingleThreadEventExecutor.java:897)
	at org.apache.ratis.thirdparty.io.netty.util.concurrent.FastThreadLocalRunnable.run(FastThreadLocalRunnable.java:30)
	... 1 more
Caused by: java.net.ConnectException: Connection refused
	... 11 more
2019-10-20 18:18:59,456 [399079f7-1eb1-4f37-b003-267572525934@group-D40A05E2FCF9-LeaderElection413] INFO  impl.LeaderElection (LogUtils.java:infoOrTrace(149)) - 399079f7-1eb1-4f37-b003-267572525934@group-D40A05E2FCF9-LeaderElection413 got exception when requesting votes: {}
java.util.concurrent.ExecutionException: org.apache.ratis.thirdparty.io.grpc.StatusRuntimeException: UNAVAILABLE: io exception
	at java.util.concurrent.FutureTask.report(FutureTask.java:122)
	at java.util.concurrent.FutureTask.get(FutureTask.java:192)
	at org.apache.ratis.server.impl.LeaderElection.waitForResults(LeaderElection.java:259)
	at org.apache.ratis.server.impl.LeaderElection.askForVotes(LeaderElection.java:197)
	at org.apache.ratis.server.impl.LeaderElection.run(LeaderElection.java:133)
	at java.lang.Thread.run(Thread.java:748)
Caused by: org.apache.ratis.thirdparty.io.grpc.StatusRuntimeException: UNAVAILABLE: io exception
	at org.apache.ratis.thirdparty.io.grpc.stub.ClientCalls.toStatusRuntimeException(ClientCalls.java:233)
	at org.apache.ratis.thirdparty.io.grpc.stub.ClientCalls.getUnchecked(ClientCalls.java:214)
	at org.apache.ratis.thirdparty.io.grpc.stub.ClientCalls.blockingUnaryCall(ClientCalls.java:139)
	at org.apache.ratis.proto.grpc.RaftServerProtocolServiceGrpc$RaftServerProtocolServiceBlockingStub.requestVote(RaftServerProtocolServiceGrpc.java:265)
	at org.apache.ratis.grpc.server.GrpcServerProtocolClient.requestVote(GrpcServerProtocolClient.java:99)
	at org.apache.ratis.grpc.server.GrpcService.requestVote(GrpcService.java:204)
	at org.apache.ratis.server.impl.LeaderElection.lambda$submitRequests$1(LeaderElection.java:234)
	at java.util.concurrent.FutureTask.run(FutureTask.java:266)
	at java.util.concurrent.Executors$RunnableAdapter.call(Executors.java:511)
	at java.util.concurrent.FutureTask.run(FutureTask.java:266)
	at java.util.concurrent.ThreadPoolExecutor.runWorker(ThreadPoolExecutor.java:1149)
	at java.util.concurrent.ThreadPoolExecutor$Worker.run(ThreadPoolExecutor.java:624)
	... 1 more
Caused by: org.apache.ratis.thirdparty.io.netty.channel.AbstractChannel$AnnotatedConnectException: Connection refused: /192.168.164.241:45428
	at sun.nio.ch.SocketChannelImpl.checkConnect(Native Method)
	at sun.nio.ch.SocketChannelImpl.finishConnect(SocketChannelImpl.java:717)
	at org.apache.ratis.thirdparty.io.netty.channel.socket.nio.NioSocketChannel.doFinishConnect(NioSocketChannel.java:327)
	at org.apache.ratis.thirdparty.io.netty.channel.nio.AbstractNioChannel$AbstractNioUnsafe.finishConnect(AbstractNioChannel.java:340)
	at org.apache.ratis.thirdparty.io.netty.channel.nio.NioEventLoop.processSelectedKey(NioEventLoop.java:632)
	at org.apache.ratis.thirdparty.io.netty.channel.nio.NioEventLoop.processSelectedKeysOptimized(NioEventLoop.java:579)
	at org.apache.ratis.thirdparty.io.netty.channel.nio.NioEventLoop.processSelectedKeys(NioEventLoop.java:496)
	at org.apache.ratis.thirdparty.io.netty.channel.nio.NioEventLoop.run(NioEventLoop.java:458)
	at org.apache.ratis.thirdparty.io.netty.util.concurrent.SingleThreadEventExecutor$5.run(SingleThreadEventExecutor.java:897)
	at org.apache.ratis.thirdparty.io.netty.util.concurrent.FastThreadLocalRunnable.run(FastThreadLocalRunnable.java:30)
	... 1 more
Caused by: java.net.ConnectException: Connection refused
	... 11 more
2019-10-20 18:18:59,456 [b75f8b2e-6273-4c97-b7c5-042674931d23@group-F11756C8BA4A-LeaderElection412] INFO  impl.RaftServerImpl (RaftServerImpl.java:setRole(184)) - b75f8b2e-6273-4c97-b7c5-042674931d23@group-F11756C8BA4A: changes role from CANDIDATE to FOLLOWER at term 234 for DISCOVERED_A_NEW_TERM
2019-10-20 18:18:59,457 [grpc-default-executor-10] INFO  impl.RaftServerImpl (RaftServerImpl.java:setRole(184)) - 7a43c46a-fc88-4b2d-b2da-ae029cfa60ff@group-D40A05E2FCF9: changes role from  FOLLOWER to FOLLOWER at term 234 for recognizeCandidate:399079f7-1eb1-4f37-b003-267572525934
2019-10-20 18:18:59,457 [b75f8b2e-6273-4c97-b7c5-042674931d23@group-F11756C8BA4A-LeaderElection412] INFO  impl.RoleInfo (RoleInfo.java:shutdownLeaderElection(134)) - b75f8b2e-6273-4c97-b7c5-042674931d23: shutdown LeaderElection
2019-10-20 18:18:59,457 [grpc-default-executor-10] INFO  impl.RoleInfo (RoleInfo.java:shutdownFollowerState(121)) - 7a43c46a-fc88-4b2d-b2da-ae029cfa60ff: shutdown FollowerState
2019-10-20 18:18:59,457 [b75f8b2e-6273-4c97-b7c5-042674931d23@group-F11756C8BA4A-LeaderElection412] INFO  impl.RoleInfo (RoleInfo.java:updateAndGet(143)) - b75f8b2e-6273-4c97-b7c5-042674931d23: start FollowerState
2019-10-20 18:18:59,457 [Thread-3226] INFO  impl.FollowerState (FollowerState.java:run(117)) - 7a43c46a-fc88-4b2d-b2da-ae029cfa60ff@group-D40A05E2FCF9-FollowerState was interrupted: java.lang.InterruptedException: sleep interrupted
2019-10-20 18:18:59,457 [grpc-default-executor-10] INFO  impl.RoleInfo (RoleInfo.java:updateAndGet(143)) - 7a43c46a-fc88-4b2d-b2da-ae029cfa60ff: start FollowerState
2019-10-20 18:18:59,481 [399079f7-1eb1-4f37-b003-267572525934@group-D40A05E2FCF9-LeaderElection413] INFO  impl.LeaderElection (LeaderElection.java:logAndReturn(56)) - 399079f7-1eb1-4f37-b003-267572525934@group-D40A05E2FCF9-LeaderElection413: Election REJECTED; received 1 response(s) [399079f7-1eb1-4f37-b003-267572525934<-7a43c46a-fc88-4b2d-b2da-ae029cfa60ff#0:FAIL-t234] and 1 exception(s); 399079f7-1eb1-4f37-b003-267572525934@group-D40A05E2FCF9:t234, leader=null, voted=399079f7-1eb1-4f37-b003-267572525934, raftlog=399079f7-1eb1-4f37-b003-267572525934@group-D40A05E2FCF9-SegmentedRaftLog:OPENED:c-1,f-1,i0, conf=-1: [399079f7-1eb1-4f37-b003-267572525934:192.168.164.241:37762, 7a43c46a-fc88-4b2d-b2da-ae029cfa60ff:192.168.164.241:43684, 6c5c38af-62e6-4ea7-a24a-078dcb28fb39:192.168.164.241:45428], old=null
2019-10-20 18:18:59,481 [399079f7-1eb1-4f37-b003-267572525934@group-D40A05E2FCF9-LeaderElection413] INFO  impl.LeaderElection (LogUtils.java:infoOrTrace(149)) -   Exception 0: {}
java.util.concurrent.ExecutionException: org.apache.ratis.thirdparty.io.grpc.StatusRuntimeException: UNAVAILABLE: io exception
	at java.util.concurrent.FutureTask.report(FutureTask.java:122)
	at java.util.concurrent.FutureTask.get(FutureTask.java:192)
	at org.apache.ratis.server.impl.LeaderElection.waitForResults(LeaderElection.java:259)
	at org.apache.ratis.server.impl.LeaderElection.askForVotes(LeaderElection.java:197)
	at org.apache.ratis.server.impl.LeaderElection.run(LeaderElection.java:133)
	at java.lang.Thread.run(Thread.java:748)
Caused by: org.apache.ratis.thirdparty.io.grpc.StatusRuntimeException: UNAVAILABLE: io exception
	at org.apache.ratis.thirdparty.io.grpc.stub.ClientCalls.toStatusRuntimeException(ClientCalls.java:233)
	at org.apache.ratis.thirdparty.io.grpc.stub.ClientCalls.getUnchecked(ClientCalls.java:214)
	at org.apache.ratis.thirdparty.io.grpc.stub.ClientCalls.blockingUnaryCall(ClientCalls.java:139)
	at org.apache.ratis.proto.grpc.RaftServerProtocolServiceGrpc$RaftServerProtocolServiceBlockingStub.requestVote(RaftServerProtocolServiceGrpc.java:265)
	at org.apache.ratis.grpc.server.GrpcServerProtocolClient.requestVote(GrpcServerProtocolClient.java:99)
	at org.apache.ratis.grpc.server.GrpcService.requestVote(GrpcService.java:204)
	at org.apache.ratis.server.impl.LeaderElection.lambda$submitRequests$1(LeaderElection.java:234)
	at java.util.concurrent.FutureTask.run(FutureTask.java:266)
	at java.util.concurrent.Executors$RunnableAdapter.call(Executors.java:511)
	at java.util.concurrent.FutureTask.run(FutureTask.java:266)
	at java.util.concurrent.ThreadPoolExecutor.runWorker(ThreadPoolExecutor.java:1149)
	at java.util.concurrent.ThreadPoolExecutor$Worker.run(ThreadPoolExecutor.java:624)
	... 1 more
Caused by: org.apache.ratis.thirdparty.io.netty.channel.AbstractChannel$AnnotatedConnectException: Connection refused: /192.168.164.241:45428
	at sun.nio.ch.SocketChannelImpl.checkConnect(Native Method)
	at sun.nio.ch.SocketChannelImpl.finishConnect(SocketChannelImpl.java:717)
	at org.apache.ratis.thirdparty.io.netty.channel.socket.nio.NioSocketChannel.doFinishConnect(NioSocketChannel.java:327)
	at org.apache.ratis.thirdparty.io.netty.channel.nio.AbstractNioChannel$AbstractNioUnsafe.finishConnect(AbstractNioChannel.java:340)
	at org.apache.ratis.thirdparty.io.netty.channel.nio.NioEventLoop.processSelectedKey(NioEventLoop.java:632)
	at org.apache.ratis.thirdparty.io.netty.channel.nio.NioEventLoop.processSelectedKeysOptimized(NioEventLoop.java:579)
	at org.apache.ratis.thirdparty.io.netty.channel.nio.NioEventLoop.processSelectedKeys(NioEventLoop.java:496)
	at org.apache.ratis.thirdparty.io.netty.channel.nio.NioEventLoop.run(NioEventLoop.java:458)
	at org.apache.ratis.thirdparty.io.netty.util.concurrent.SingleThreadEventExecutor$5.run(SingleThreadEventExecutor.java:897)
	at org.apache.ratis.thirdparty.io.netty.util.concurrent.FastThreadLocalRunnable.run(FastThreadLocalRunnable.java:30)
	... 1 more
Caused by: java.net.ConnectException: Connection refused
	... 11 more
2019-10-20 18:18:59,482 [399079f7-1eb1-4f37-b003-267572525934@group-D40A05E2FCF9-LeaderElection413] INFO  impl.RaftServerImpl (RaftServerImpl.java:setRole(184)) - 399079f7-1eb1-4f37-b003-267572525934@group-D40A05E2FCF9: changes role from CANDIDATE to FOLLOWER at term 234 for DISCOVERED_A_NEW_TERM
2019-10-20 18:18:59,482 [399079f7-1eb1-4f37-b003-267572525934@group-D40A05E2FCF9-LeaderElection413] INFO  impl.RoleInfo (RoleInfo.java:shutdownLeaderElection(134)) - 399079f7-1eb1-4f37-b003-267572525934: shutdown LeaderElection
2019-10-20 18:18:59,482 [399079f7-1eb1-4f37-b003-267572525934@group-D40A05E2FCF9-LeaderElection413] INFO  impl.RoleInfo (RoleInfo.java:updateAndGet(143)) - 399079f7-1eb1-4f37-b003-267572525934: start FollowerState
2019-10-20 18:18:59,513 [Thread-3242] INFO  impl.FollowerState (FollowerState.java:run(108)) - 399079f7-1eb1-4f37-b003-267572525934@group-D40A05E2FCF9-FollowerState: change to CANDIDATE, lastRpcTime:31ms, electionTimeout:31ms
2019-10-20 18:18:59,513 [Thread-3242] INFO  impl.RoleInfo (RoleInfo.java:shutdownFollowerState(121)) - 399079f7-1eb1-4f37-b003-267572525934: shutdown FollowerState
2019-10-20 18:18:59,513 [Thread-3242] INFO  impl.RaftServerImpl (RaftServerImpl.java:setRole(184)) - 399079f7-1eb1-4f37-b003-267572525934@group-D40A05E2FCF9: changes role from  FOLLOWER to CANDIDATE at term 234 for changeToCandidate
2019-10-20 18:18:59,514 [Thread-3242] INFO  impl.RoleInfo (RoleInfo.java:updateAndGet(143)) - 399079f7-1eb1-4f37-b003-267572525934: start LeaderElection
2019-10-20 18:18:59,539 [399079f7-1eb1-4f37-b003-267572525934@group-D40A05E2FCF9-LeaderElection414] INFO  impl.LeaderElection (LeaderElection.java:askForVotes(178)) - 399079f7-1eb1-4f37-b003-267572525934@group-D40A05E2FCF9-LeaderElection414: begin an election at term 235 for -1: [399079f7-1eb1-4f37-b003-267572525934:192.168.164.241:37762, 7a43c46a-fc88-4b2d-b2da-ae029cfa60ff:192.168.164.241:43684, 6c5c38af-62e6-4ea7-a24a-078dcb28fb39:192.168.164.241:45428], old=null
2019-10-20 18:18:59,540 [399079f7-1eb1-4f37-b003-267572525934@group-D40A05E2FCF9-LeaderElection414] INFO  impl.LeaderElection (LogUtils.java:infoOrTrace(149)) - 399079f7-1eb1-4f37-b003-267572525934@group-D40A05E2FCF9-LeaderElection414 got exception when requesting votes: {}
java.util.concurrent.ExecutionException: org.apache.ratis.thirdparty.io.grpc.StatusRuntimeException: UNAVAILABLE: io exception
	at java.util.concurrent.FutureTask.report(FutureTask.java:122)
	at java.util.concurrent.FutureTask.get(FutureTask.java:192)
	at org.apache.ratis.server.impl.LeaderElection.waitForResults(LeaderElection.java:259)
	at org.apache.ratis.server.impl.LeaderElection.askForVotes(LeaderElection.java:197)
	at org.apache.ratis.server.impl.LeaderElection.run(LeaderElection.java:133)
	at java.lang.Thread.run(Thread.java:748)
Caused by: org.apache.ratis.thirdparty.io.grpc.StatusRuntimeException: UNAVAILABLE: io exception
	at org.apache.ratis.thirdparty.io.grpc.stub.ClientCalls.toStatusRuntimeException(ClientCalls.java:233)
	at org.apache.ratis.thirdparty.io.grpc.stub.ClientCalls.getUnchecked(ClientCalls.java:214)
	at org.apache.ratis.thirdparty.io.grpc.stub.ClientCalls.blockingUnaryCall(ClientCalls.java:139)
	at org.apache.ratis.proto.grpc.RaftServerProtocolServiceGrpc$RaftServerProtocolServiceBlockingStub.requestVote(RaftServerProtocolServiceGrpc.java:265)
	at org.apache.ratis.grpc.server.GrpcServerProtocolClient.requestVote(GrpcServerProtocolClient.java:99)
	at org.apache.ratis.grpc.server.GrpcService.requestVote(GrpcService.java:204)
	at org.apache.ratis.server.impl.LeaderElection.lambda$submitRequests$1(LeaderElection.java:234)
	at java.util.concurrent.FutureTask.run(FutureTask.java:266)
	at java.util.concurrent.Executors$RunnableAdapter.call(Executors.java:511)
	at java.util.concurrent.FutureTask.run(FutureTask.java:266)
	at java.util.concurrent.ThreadPoolExecutor.runWorker(ThreadPoolExecutor.java:1149)
	at java.util.concurrent.ThreadPoolExecutor$Worker.run(ThreadPoolExecutor.java:624)
	... 1 more
Caused by: org.apache.ratis.thirdparty.io.netty.channel.AbstractChannel$AnnotatedConnectException: Connection refused: /192.168.164.241:45428
	at sun.nio.ch.SocketChannelImpl.checkConnect(Native Method)
	at sun.nio.ch.SocketChannelImpl.finishConnect(SocketChannelImpl.java:717)
	at org.apache.ratis.thirdparty.io.netty.channel.socket.nio.NioSocketChannel.doFinishConnect(NioSocketChannel.java:327)
	at org.apache.ratis.thirdparty.io.netty.channel.nio.AbstractNioChannel$AbstractNioUnsafe.finishConnect(AbstractNioChannel.java:340)
	at org.apache.ratis.thirdparty.io.netty.channel.nio.NioEventLoop.processSelectedKey(NioEventLoop.java:632)
	at org.apache.ratis.thirdparty.io.netty.channel.nio.NioEventLoop.processSelectedKeysOptimized(NioEventLoop.java:579)
	at org.apache.ratis.thirdparty.io.netty.channel.nio.NioEventLoop.processSelectedKeys(NioEventLoop.java:496)
	at org.apache.ratis.thirdparty.io.netty.channel.nio.NioEventLoop.run(NioEventLoop.java:458)
	at org.apache.ratis.thirdparty.io.netty.util.concurrent.SingleThreadEventExecutor$5.run(SingleThreadEventExecutor.java:897)
	at org.apache.ratis.thirdparty.io.netty.util.concurrent.FastThreadLocalRunnable.run(FastThreadLocalRunnable.java:30)
	... 1 more
Caused by: java.net.ConnectException: Connection refused
	... 11 more
2019-10-20 18:18:59,541 [grpc-default-executor-10] INFO  impl.RaftServerImpl (RaftServerImpl.java:setRole(184)) - 7a43c46a-fc88-4b2d-b2da-ae029cfa60ff@group-D40A05E2FCF9: changes role from  FOLLOWER to FOLLOWER at term 235 for recognizeCandidate:399079f7-1eb1-4f37-b003-267572525934
2019-10-20 18:18:59,541 [grpc-default-executor-10] INFO  impl.RoleInfo (RoleInfo.java:shutdownFollowerState(121)) - 7a43c46a-fc88-4b2d-b2da-ae029cfa60ff: shutdown FollowerState
2019-10-20 18:18:59,541 [grpc-default-executor-10] INFO  impl.RoleInfo (RoleInfo.java:updateAndGet(143)) - 7a43c46a-fc88-4b2d-b2da-ae029cfa60ff: start FollowerState
2019-10-20 18:18:59,541 [Thread-3241] INFO  impl.FollowerState (FollowerState.java:run(117)) - 7a43c46a-fc88-4b2d-b2da-ae029cfa60ff@group-D40A05E2FCF9-FollowerState was interrupted: java.lang.InterruptedException: sleep interrupted
2019-10-20 18:18:59,565 [399079f7-1eb1-4f37-b003-267572525934@group-D40A05E2FCF9-LeaderElection414] INFO  impl.LeaderElection (LeaderElection.java:logAndReturn(56)) - 399079f7-1eb1-4f37-b003-267572525934@group-D40A05E2FCF9-LeaderElection414: Election REJECTED; received 1 response(s) [399079f7-1eb1-4f37-b003-267572525934<-7a43c46a-fc88-4b2d-b2da-ae029cfa60ff#0:FAIL-t235] and 1 exception(s); 399079f7-1eb1-4f37-b003-267572525934@group-D40A05E2FCF9:t235, leader=null, voted=399079f7-1eb1-4f37-b003-267572525934, raftlog=399079f7-1eb1-4f37-b003-267572525934@group-D40A05E2FCF9-SegmentedRaftLog:OPENED:c-1,f-1,i0, conf=-1: [399079f7-1eb1-4f37-b003-267572525934:192.168.164.241:37762, 7a43c46a-fc88-4b2d-b2da-ae029cfa60ff:192.168.164.241:43684, 6c5c38af-62e6-4ea7-a24a-078dcb28fb39:192.168.164.241:45428], old=null
2019-10-20 18:18:59,565 [399079f7-1eb1-4f37-b003-267572525934@group-D40A05E2FCF9-LeaderElection414] INFO  impl.LeaderElection (LogUtils.java:infoOrTrace(149)) -   Exception 0: {}
java.util.concurrent.ExecutionException: org.apache.ratis.thirdparty.io.grpc.StatusRuntimeException: UNAVAILABLE: io exception
	at java.util.concurrent.FutureTask.report(FutureTask.java:122)
	at java.util.concurrent.FutureTask.get(FutureTask.java:192)
	at org.apache.ratis.server.impl.LeaderElection.waitForResults(LeaderElection.java:259)
	at org.apache.ratis.server.impl.LeaderElection.askForVotes(LeaderElection.java:197)
	at org.apache.ratis.server.impl.LeaderElection.run(LeaderElection.java:133)
	at java.lang.Thread.run(Thread.java:748)
Caused by: org.apache.ratis.thirdparty.io.grpc.StatusRuntimeException: UNAVAILABLE: io exception
	at org.apache.ratis.thirdparty.io.grpc.stub.ClientCalls.toStatusRuntimeException(ClientCalls.java:233)
	at org.apache.ratis.thirdparty.io.grpc.stub.ClientCalls.getUnchecked(ClientCalls.java:214)
	at org.apache.ratis.thirdparty.io.grpc.stub.ClientCalls.blockingUnaryCall(ClientCalls.java:139)
	at org.apache.ratis.proto.grpc.RaftServerProtocolServiceGrpc$RaftServerProtocolServiceBlockingStub.requestVote(RaftServerProtocolServiceGrpc.java:265)
	at org.apache.ratis.grpc.server.GrpcServerProtocolClient.requestVote(GrpcServerProtocolClient.java:99)
	at org.apache.ratis.grpc.server.GrpcService.requestVote(GrpcService.java:204)
	at org.apache.ratis.server.impl.LeaderElection.lambda$submitRequests$1(LeaderElection.java:234)
	at java.util.concurrent.FutureTask.run(FutureTask.java:266)
	at java.util.concurrent.Executors$RunnableAdapter.call(Executors.java:511)
	at java.util.concurrent.FutureTask.run(FutureTask.java:266)
	at java.util.concurrent.ThreadPoolExecutor.runWorker(ThreadPoolExecutor.java:1149)
	at java.util.concurrent.ThreadPoolExecutor$Worker.run(ThreadPoolExecutor.java:624)
	... 1 more
Caused by: org.apache.ratis.thirdparty.io.netty.channel.AbstractChannel$AnnotatedConnectException: Connection refused: /192.168.164.241:45428
	at sun.nio.ch.SocketChannelImpl.checkConnect(Native Method)
	at sun.nio.ch.SocketChannelImpl.finishConnect(SocketChannelImpl.java:717)
	at org.apache.ratis.thirdparty.io.netty.channel.socket.nio.NioSocketChannel.doFinishConnect(NioSocketChannel.java:327)
	at org.apache.ratis.thirdparty.io.netty.channel.nio.AbstractNioChannel$AbstractNioUnsafe.finishConnect(AbstractNioChannel.java:340)
	at org.apache.ratis.thirdparty.io.netty.channel.nio.NioEventLoop.processSelectedKey(NioEventLoop.java:632)
	at org.apache.ratis.thirdparty.io.netty.channel.nio.NioEventLoop.processSelectedKeysOptimized(NioEventLoop.java:579)
	at org.apache.ratis.thirdparty.io.netty.channel.nio.NioEventLoop.processSelectedKeys(NioEventLoop.java:496)
	at org.apache.ratis.thirdparty.io.netty.channel.nio.NioEventLoop.run(NioEventLoop.java:458)
	at org.apache.ratis.thirdparty.io.netty.util.concurrent.SingleThreadEventExecutor$5.run(SingleThreadEventExecutor.java:897)
	at org.apache.ratis.thirdparty.io.netty.util.concurrent.FastThreadLocalRunnable.run(FastThreadLocalRunnable.java:30)
	... 1 more
Caused by: java.net.ConnectException: Connection refused
	... 11 more
2019-10-20 18:18:59,566 [399079f7-1eb1-4f37-b003-267572525934@group-D40A05E2FCF9-LeaderElection414] INFO  impl.RaftServerImpl (RaftServerImpl.java:setRole(184)) - 399079f7-1eb1-4f37-b003-267572525934@group-D40A05E2FCF9: changes role from CANDIDATE to FOLLOWER at term 235 for DISCOVERED_A_NEW_TERM
2019-10-20 18:18:59,566 [399079f7-1eb1-4f37-b003-267572525934@group-D40A05E2FCF9-LeaderElection414] INFO  impl.RoleInfo (RoleInfo.java:shutdownLeaderElection(134)) - 399079f7-1eb1-4f37-b003-267572525934: shutdown LeaderElection
2019-10-20 18:18:59,566 [399079f7-1eb1-4f37-b003-267572525934@group-D40A05E2FCF9-LeaderElection414] INFO  impl.RoleInfo (RoleInfo.java:updateAndGet(143)) - 399079f7-1eb1-4f37-b003-267572525934: start FollowerState
2019-10-20 18:18:59,568 [Thread-3240] INFO  impl.FollowerState (FollowerState.java:run(108)) - b75f8b2e-6273-4c97-b7c5-042674931d23@group-F11756C8BA4A-FollowerState: change to CANDIDATE, lastRpcTime:110ms, electionTimeout:110ms
2019-10-20 18:18:59,568 [Thread-3240] INFO  impl.RoleInfo (RoleInfo.java:shutdownFollowerState(121)) - b75f8b2e-6273-4c97-b7c5-042674931d23: shutdown FollowerState
2019-10-20 18:18:59,568 [Thread-3240] INFO  impl.RaftServerImpl (RaftServerImpl.java:setRole(184)) - b75f8b2e-6273-4c97-b7c5-042674931d23@group-F11756C8BA4A: changes role from  FOLLOWER to CANDIDATE at term 234 for changeToCandidate
2019-10-20 18:18:59,568 [Thread-3240] INFO  impl.RoleInfo (RoleInfo.java:updateAndGet(143)) - b75f8b2e-6273-4c97-b7c5-042674931d23: start LeaderElection
2019-10-20 18:18:59,590 [b75f8b2e-6273-4c97-b7c5-042674931d23@group-F11756C8BA4A-LeaderElection415] INFO  impl.LeaderElection (LeaderElection.java:askForVotes(178)) - b75f8b2e-6273-4c97-b7c5-042674931d23@group-F11756C8BA4A-LeaderElection415: begin an election at term 235 for -1: [6ef27e9c-8ddb-4fa1-8c14-ab102acfb1b8:192.168.164.241:38092, b75f8b2e-6273-4c97-b7c5-042674931d23:192.168.164.241:41857, 3750b3a2-715b-46b3-9d0c-9e38136244b9:192.168.164.241:46227], old=null
2019-10-20 18:18:59,591 [b75f8b2e-6273-4c97-b7c5-042674931d23@group-F11756C8BA4A-LeaderElection415] INFO  impl.LeaderElection (LogUtils.java:infoOrTrace(149)) - b75f8b2e-6273-4c97-b7c5-042674931d23@group-F11756C8BA4A-LeaderElection415 got exception when requesting votes: {}
java.util.concurrent.ExecutionException: org.apache.ratis.thirdparty.io.grpc.StatusRuntimeException: UNAVAILABLE: io exception
	at java.util.concurrent.FutureTask.report(FutureTask.java:122)
	at java.util.concurrent.FutureTask.get(FutureTask.java:192)
	at org.apache.ratis.server.impl.LeaderElection.waitForResults(LeaderElection.java:259)
	at org.apache.ratis.server.impl.LeaderElection.askForVotes(LeaderElection.java:197)
	at org.apache.ratis.server.impl.LeaderElection.run(LeaderElection.java:133)
	at java.lang.Thread.run(Thread.java:748)
Caused by: org.apache.ratis.thirdparty.io.grpc.StatusRuntimeException: UNAVAILABLE: io exception
	at org.apache.ratis.thirdparty.io.grpc.stub.ClientCalls.toStatusRuntimeException(ClientCalls.java:233)
	at org.apache.ratis.thirdparty.io.grpc.stub.ClientCalls.getUnchecked(ClientCalls.java:214)
	at org.apache.ratis.thirdparty.io.grpc.stub.ClientCalls.blockingUnaryCall(ClientCalls.java:139)
	at org.apache.ratis.proto.grpc.RaftServerProtocolServiceGrpc$RaftServerProtocolServiceBlockingStub.requestVote(RaftServerProtocolServiceGrpc.java:265)
	at org.apache.ratis.grpc.server.GrpcServerProtocolClient.requestVote(GrpcServerProtocolClient.java:99)
	at org.apache.ratis.grpc.server.GrpcService.requestVote(GrpcService.java:204)
	at org.apache.ratis.server.impl.LeaderElection.lambda$submitRequests$1(LeaderElection.java:234)
	at java.util.concurrent.FutureTask.run(FutureTask.java:266)
	at java.util.concurrent.Executors$RunnableAdapter.call(Executors.java:511)
	at java.util.concurrent.FutureTask.run(FutureTask.java:266)
	at java.util.concurrent.ThreadPoolExecutor.runWorker(ThreadPoolExecutor.java:1149)
	at java.util.concurrent.ThreadPoolExecutor$Worker.run(ThreadPoolExecutor.java:624)
	... 1 more
Caused by: org.apache.ratis.thirdparty.io.netty.channel.AbstractChannel$AnnotatedConnectException: Connection refused: /192.168.164.241:46227
	at sun.nio.ch.SocketChannelImpl.checkConnect(Native Method)
	at sun.nio.ch.SocketChannelImpl.finishConnect(SocketChannelImpl.java:717)
	at org.apache.ratis.thirdparty.io.netty.channel.socket.nio.NioSocketChannel.doFinishConnect(NioSocketChannel.java:327)
	at org.apache.ratis.thirdparty.io.netty.channel.nio.AbstractNioChannel$AbstractNioUnsafe.finishConnect(AbstractNioChannel.java:340)
	at org.apache.ratis.thirdparty.io.netty.channel.nio.NioEventLoop.processSelectedKey(NioEventLoop.java:632)
	at org.apache.ratis.thirdparty.io.netty.channel.nio.NioEventLoop.processSelectedKeysOptimized(NioEventLoop.java:579)
	at org.apache.ratis.thirdparty.io.netty.channel.nio.NioEventLoop.processSelectedKeys(NioEventLoop.java:496)
	at org.apache.ratis.thirdparty.io.netty.channel.nio.NioEventLoop.run(NioEventLoop.java:458)
	at org.apache.ratis.thirdparty.io.netty.util.concurrent.SingleThreadEventExecutor$5.run(SingleThreadEventExecutor.java:897)
	at org.apache.ratis.thirdparty.io.netty.util.concurrent.FastThreadLocalRunnable.run(FastThreadLocalRunnable.java:30)
	... 1 more
Caused by: java.net.ConnectException: Connection refused
	... 11 more
2019-10-20 18:18:59,592 [grpc-default-executor-10] INFO  impl.RaftServerImpl (RaftServerImpl.java:setRole(184)) - 6ef27e9c-8ddb-4fa1-8c14-ab102acfb1b8@group-F11756C8BA4A: changes role from  FOLLOWER to FOLLOWER at term 235 for recognizeCandidate:b75f8b2e-6273-4c97-b7c5-042674931d23
2019-10-20 18:18:59,592 [grpc-default-executor-10] INFO  impl.RoleInfo (RoleInfo.java:shutdownFollowerState(121)) - 6ef27e9c-8ddb-4fa1-8c14-ab102acfb1b8: shutdown FollowerState
2019-10-20 18:18:59,592 [grpc-default-executor-10] INFO  impl.RoleInfo (RoleInfo.java:updateAndGet(143)) - 6ef27e9c-8ddb-4fa1-8c14-ab102acfb1b8: start FollowerState
2019-10-20 18:18:59,592 [Thread-3237] INFO  impl.FollowerState (FollowerState.java:run(117)) - 6ef27e9c-8ddb-4fa1-8c14-ab102acfb1b8@group-F11756C8BA4A-FollowerState was interrupted: java.lang.InterruptedException: sleep interrupted
2019-10-20 18:18:59,613 [b75f8b2e-6273-4c97-b7c5-042674931d23@group-F11756C8BA4A-LeaderElection415] INFO  impl.LeaderElection (LeaderElection.java:logAndReturn(56)) - b75f8b2e-6273-4c97-b7c5-042674931d23@group-F11756C8BA4A-LeaderElection415: Election TIMEOUT; received 0 response(s) [] and 1 exception(s); b75f8b2e-6273-4c97-b7c5-042674931d23@group-F11756C8BA4A:t235, leader=null, voted=b75f8b2e-6273-4c97-b7c5-042674931d23, raftlog=b75f8b2e-6273-4c97-b7c5-042674931d23@group-F11756C8BA4A-SegmentedRaftLog:OPENED:c-1,f-1,i0, conf=-1: [6ef27e9c-8ddb-4fa1-8c14-ab102acfb1b8:192.168.164.241:38092, b75f8b2e-6273-4c97-b7c5-042674931d23:192.168.164.241:41857, 3750b3a2-715b-46b3-9d0c-9e38136244b9:192.168.164.241:46227], old=null
2019-10-20 18:18:59,613 [b75f8b2e-6273-4c97-b7c5-042674931d23@group-F11756C8BA4A-LeaderElection415] INFO  impl.LeaderElection (LogUtils.java:infoOrTrace(149)) -   Exception 0: {}
java.util.concurrent.ExecutionException: org.apache.ratis.thirdparty.io.grpc.StatusRuntimeException: UNAVAILABLE: io exception
	at java.util.concurrent.FutureTask.report(FutureTask.java:122)
	at java.util.concurrent.FutureTask.get(FutureTask.java:192)
	at org.apache.ratis.server.impl.LeaderElection.waitForResults(LeaderElection.java:259)
	at org.apache.ratis.server.impl.LeaderElection.askForVotes(LeaderElection.java:197)
	at org.apache.ratis.server.impl.LeaderElection.run(LeaderElection.java:133)
	at java.lang.Thread.run(Thread.java:748)
Caused by: org.apache.ratis.thirdparty.io.grpc.StatusRuntimeException: UNAVAILABLE: io exception
	at org.apache.ratis.thirdparty.io.grpc.stub.ClientCalls.toStatusRuntimeException(ClientCalls.java:233)
	at org.apache.ratis.thirdparty.io.grpc.stub.ClientCalls.getUnchecked(ClientCalls.java:214)
	at org.apache.ratis.thirdparty.io.grpc.stub.ClientCalls.blockingUnaryCall(ClientCalls.java:139)
	at org.apache.ratis.proto.grpc.RaftServerProtocolServiceGrpc$RaftServerProtocolServiceBlockingStub.requestVote(RaftServerProtocolServiceGrpc.java:265)
	at org.apache.ratis.grpc.server.GrpcServerProtocolClient.requestVote(GrpcServerProtocolClient.java:99)
	at org.apache.ratis.grpc.server.GrpcService.requestVote(GrpcService.java:204)
	at org.apache.ratis.server.impl.LeaderElection.lambda$submitRequests$1(LeaderElection.java:234)
	at java.util.concurrent.FutureTask.run(FutureTask.java:266)
	at java.util.concurrent.Executors$RunnableAdapter.call(Executors.java:511)
	at java.util.concurrent.FutureTask.run(FutureTask.java:266)
	at java.util.concurrent.ThreadPoolExecutor.runWorker(ThreadPoolExecutor.java:1149)
	at java.util.concurrent.ThreadPoolExecutor$Worker.run(ThreadPoolExecutor.java:624)
	... 1 more
Caused by: org.apache.ratis.thirdparty.io.netty.channel.AbstractChannel$AnnotatedConnectException: Connection refused: /192.168.164.241:46227
	at sun.nio.ch.SocketChannelImpl.checkConnect(Native Method)
	at sun.nio.ch.SocketChannelImpl.finishConnect(SocketChannelImpl.java:717)
	at org.apache.ratis.thirdparty.io.netty.channel.socket.nio.NioSocketChannel.doFinishConnect(NioSocketChannel.java:327)
	at org.apache.ratis.thirdparty.io.netty.channel.nio.AbstractNioChannel$AbstractNioUnsafe.finishConnect(AbstractNioChannel.java:340)
	at org.apache.ratis.thirdparty.io.netty.channel.nio.NioEventLoop.processSelectedKey(NioEventLoop.java:632)
	at org.apache.ratis.thirdparty.io.netty.channel.nio.NioEventLoop.processSelectedKeysOptimized(NioEventLoop.java:579)
	at org.apache.ratis.thirdparty.io.netty.channel.nio.NioEventLoop.processSelectedKeys(NioEventLoop.java:496)
	at org.apache.ratis.thirdparty.io.netty.channel.nio.NioEventLoop.run(NioEventLoop.java:458)
	at org.apache.ratis.thirdparty.io.netty.util.concurrent.SingleThreadEventExecutor$5.run(SingleThreadEventExecutor.java:897)
	at org.apache.ratis.thirdparty.io.netty.util.concurrent.FastThreadLocalRunnable.run(FastThreadLocalRunnable.java:30)
	... 1 more
Caused by: java.net.ConnectException: Connection refused
	... 11 more
2019-10-20 18:18:59,641 [b75f8b2e-6273-4c97-b7c5-042674931d23@group-F11756C8BA4A-LeaderElection415] INFO  impl.LeaderElection (LeaderElection.java:askForVotes(178)) - b75f8b2e-6273-4c97-b7c5-042674931d23@group-F11756C8BA4A-LeaderElection415: begin an election at term 236 for -1: [6ef27e9c-8ddb-4fa1-8c14-ab102acfb1b8:192.168.164.241:38092, b75f8b2e-6273-4c97-b7c5-042674931d23:192.168.164.241:41857, 3750b3a2-715b-46b3-9d0c-9e38136244b9:192.168.164.241:46227], old=null
2019-10-20 18:18:59,642 [b75f8b2e-6273-4c97-b7c5-042674931d23@group-F11756C8BA4A-LeaderElection415] INFO  impl.LeaderElection (LogUtils.java:infoOrTrace(149)) - b75f8b2e-6273-4c97-b7c5-042674931d23@group-F11756C8BA4A-LeaderElection415 got exception when requesting votes: {}
java.util.concurrent.ExecutionException: org.apache.ratis.thirdparty.io.grpc.StatusRuntimeException: UNAVAILABLE: io exception
	at java.util.concurrent.FutureTask.report(FutureTask.java:122)
	at java.util.concurrent.FutureTask.get(FutureTask.java:192)
	at org.apache.ratis.server.impl.LeaderElection.waitForResults(LeaderElection.java:259)
	at org.apache.ratis.server.impl.LeaderElection.askForVotes(LeaderElection.java:197)
	at org.apache.ratis.server.impl.LeaderElection.run(LeaderElection.java:133)
	at java.lang.Thread.run(Thread.java:748)
Caused by: org.apache.ratis.thirdparty.io.grpc.StatusRuntimeException: UNAVAILABLE: io exception
	at org.apache.ratis.thirdparty.io.grpc.stub.ClientCalls.toStatusRuntimeException(ClientCalls.java:233)
	at org.apache.ratis.thirdparty.io.grpc.stub.ClientCalls.getUnchecked(ClientCalls.java:214)
	at org.apache.ratis.thirdparty.io.grpc.stub.ClientCalls.blockingUnaryCall(ClientCalls.java:139)
	at org.apache.ratis.proto.grpc.RaftServerProtocolServiceGrpc$RaftServerProtocolServiceBlockingStub.requestVote(RaftServerProtocolServiceGrpc.java:265)
	at org.apache.ratis.grpc.server.GrpcServerProtocolClient.requestVote(GrpcServerProtocolClient.java:99)
	at org.apache.ratis.grpc.server.GrpcService.requestVote(GrpcService.java:204)
	at org.apache.ratis.server.impl.LeaderElection.lambda$submitRequests$1(LeaderElection.java:234)
	at java.util.concurrent.FutureTask.run(FutureTask.java:266)
	at java.util.concurrent.Executors$RunnableAdapter.call(Executors.java:511)
	at java.util.concurrent.FutureTask.run(FutureTask.java:266)
	at java.util.concurrent.ThreadPoolExecutor.runWorker(ThreadPoolExecutor.java:1149)
	at java.util.concurrent.ThreadPoolExecutor$Worker.run(ThreadPoolExecutor.java:624)
	... 1 more
Caused by: org.apache.ratis.thirdparty.io.netty.channel.AbstractChannel$AnnotatedConnectException: Connection refused: /192.168.164.241:46227
	at sun.nio.ch.SocketChannelImpl.checkConnect(Native Method)
	at sun.nio.ch.SocketChannelImpl.finishConnect(SocketChannelImpl.java:717)
	at org.apache.ratis.thirdparty.io.netty.channel.socket.nio.NioSocketChannel.doFinishConnect(NioSocketChannel.java:327)
	at org.apache.ratis.thirdparty.io.netty.channel.nio.AbstractNioChannel$AbstractNioUnsafe.finishConnect(AbstractNioChannel.java:340)
	at org.apache.ratis.thirdparty.io.netty.channel.nio.NioEventLoop.processSelectedKey(NioEventLoop.java:632)
	at org.apache.ratis.thirdparty.io.netty.channel.nio.NioEventLoop.processSelectedKeysOptimized(NioEventLoop.java:579)
	at org.apache.ratis.thirdparty.io.netty.channel.nio.NioEventLoop.processSelectedKeys(NioEventLoop.java:496)
	at org.apache.ratis.thirdparty.io.netty.channel.nio.NioEventLoop.run(NioEventLoop.java:458)
	at org.apache.ratis.thirdparty.io.netty.util.concurrent.SingleThreadEventExecutor$5.run(SingleThreadEventExecutor.java:897)
	at org.apache.ratis.thirdparty.io.netty.util.concurrent.FastThreadLocalRunnable.run(FastThreadLocalRunnable.java:30)
	... 1 more
Caused by: java.net.ConnectException: Connection refused
	... 11 more
2019-10-20 18:18:59,642 [grpc-default-executor-10] INFO  impl.RaftServerImpl (RaftServerImpl.java:setRole(184)) - 6ef27e9c-8ddb-4fa1-8c14-ab102acfb1b8@group-F11756C8BA4A: changes role from  FOLLOWER to FOLLOWER at term 236 for recognizeCandidate:b75f8b2e-6273-4c97-b7c5-042674931d23
2019-10-20 18:18:59,643 [grpc-default-executor-10] INFO  impl.RoleInfo (RoleInfo.java:shutdownFollowerState(121)) - 6ef27e9c-8ddb-4fa1-8c14-ab102acfb1b8: shutdown FollowerState
2019-10-20 18:18:59,643 [grpc-default-executor-10] INFO  impl.RoleInfo (RoleInfo.java:updateAndGet(143)) - 6ef27e9c-8ddb-4fa1-8c14-ab102acfb1b8: start FollowerState
2019-10-20 18:18:59,643 [Thread-3251] INFO  impl.FollowerState (FollowerState.java:run(117)) - 6ef27e9c-8ddb-4fa1-8c14-ab102acfb1b8@group-F11756C8BA4A-FollowerState was interrupted: java.lang.InterruptedException: sleep interrupted
2019-10-20 18:18:59,655 [b75f8b2e-6273-4c97-b7c5-042674931d23@group-F11756C8BA4A-LeaderElection415] INFO  impl.LeaderElection (LeaderElection.java:logAndReturn(56)) - b75f8b2e-6273-4c97-b7c5-042674931d23@group-F11756C8BA4A-LeaderElection415: Election TIMEOUT; received 0 response(s) [] and 1 exception(s); b75f8b2e-6273-4c97-b7c5-042674931d23@group-F11756C8BA4A:t236, leader=null, voted=b75f8b2e-6273-4c97-b7c5-042674931d23, raftlog=b75f8b2e-6273-4c97-b7c5-042674931d23@group-F11756C8BA4A-SegmentedRaftLog:OPENED:c-1,f-1,i0, conf=-1: [6ef27e9c-8ddb-4fa1-8c14-ab102acfb1b8:192.168.164.241:38092, b75f8b2e-6273-4c97-b7c5-042674931d23:192.168.164.241:41857, 3750b3a2-715b-46b3-9d0c-9e38136244b9:192.168.164.241:46227], old=null
2019-10-20 18:18:59,656 [b75f8b2e-6273-4c97-b7c5-042674931d23@group-F11756C8BA4A-LeaderElection415] INFO  impl.LeaderElection (LogUtils.java:infoOrTrace(149)) -   Exception 0: {}
java.util.concurrent.ExecutionException: org.apache.ratis.thirdparty.io.grpc.StatusRuntimeException: UNAVAILABLE: io exception
	at java.util.concurrent.FutureTask.report(FutureTask.java:122)
	at java.util.concurrent.FutureTask.get(FutureTask.java:192)
	at org.apache.ratis.server.impl.LeaderElection.waitForResults(LeaderElection.java:259)
	at org.apache.ratis.server.impl.LeaderElection.askForVotes(LeaderElection.java:197)
	at org.apache.ratis.server.impl.LeaderElection.run(LeaderElection.java:133)
	at java.lang.Thread.run(Thread.java:748)
Caused by: org.apache.ratis.thirdparty.io.grpc.StatusRuntimeException: UNAVAILABLE: io exception
	at org.apache.ratis.thirdparty.io.grpc.stub.ClientCalls.toStatusRuntimeException(ClientCalls.java:233)
	at org.apache.ratis.thirdparty.io.grpc.stub.ClientCalls.getUnchecked(ClientCalls.java:214)
	at org.apache.ratis.thirdparty.io.grpc.stub.ClientCalls.blockingUnaryCall(ClientCalls.java:139)
	at org.apache.ratis.proto.grpc.RaftServerProtocolServiceGrpc$RaftServerProtocolServiceBlockingStub.requestVote(RaftServerProtocolServiceGrpc.java:265)
	at org.apache.ratis.grpc.server.GrpcServerProtocolClient.requestVote(GrpcServerProtocolClient.java:99)
	at org.apache.ratis.grpc.server.GrpcService.requestVote(GrpcService.java:204)
	at org.apache.ratis.server.impl.LeaderElection.lambda$submitRequests$1(LeaderElection.java:234)
	at java.util.concurrent.FutureTask.run(FutureTask.java:266)
	at java.util.concurrent.Executors$RunnableAdapter.call(Executors.java:511)
	at java.util.concurrent.FutureTask.run(FutureTask.java:266)
	at java.util.concurrent.ThreadPoolExecutor.runWorker(ThreadPoolExecutor.java:1149)
	at java.util.concurrent.ThreadPoolExecutor$Worker.run(ThreadPoolExecutor.java:624)
	... 1 more
Caused by: org.apache.ratis.thirdparty.io.netty.channel.AbstractChannel$AnnotatedConnectException: Connection refused: /192.168.164.241:46227
	at sun.nio.ch.SocketChannelImpl.checkConnect(Native Method)
	at sun.nio.ch.SocketChannelImpl.finishConnect(SocketChannelImpl.java:717)
	at org.apache.ratis.thirdparty.io.netty.channel.socket.nio.NioSocketChannel.doFinishConnect(NioSocketChannel.java:327)
	at org.apache.ratis.thirdparty.io.netty.channel.nio.AbstractNioChannel$AbstractNioUnsafe.finishConnect(AbstractNioChannel.java:340)
	at org.apache.ratis.thirdparty.io.netty.channel.nio.NioEventLoop.processSelectedKey(NioEventLoop.java:632)
	at org.apache.ratis.thirdparty.io.netty.channel.nio.NioEventLoop.processSelectedKeysOptimized(NioEventLoop.java:579)
	at org.apache.ratis.thirdparty.io.netty.channel.nio.NioEventLoop.processSelectedKeys(NioEventLoop.java:496)
	at org.apache.ratis.thirdparty.io.netty.channel.nio.NioEventLoop.run(NioEventLoop.java:458)
	at org.apache.ratis.thirdparty.io.netty.util.concurrent.SingleThreadEventExecutor$5.run(SingleThreadEventExecutor.java:897)
	at org.apache.ratis.thirdparty.io.netty.util.concurrent.FastThreadLocalRunnable.run(FastThreadLocalRunnable.java:30)
	... 1 more
Caused by: java.net.ConnectException: Connection refused
	... 11 more
2019-10-20 18:18:59,675 [Thread-3247] INFO  impl.FollowerState (FollowerState.java:run(108)) - 399079f7-1eb1-4f37-b003-267572525934@group-D40A05E2FCF9-FollowerState: change to CANDIDATE, lastRpcTime:109ms, electionTimeout:109ms
2019-10-20 18:18:59,676 [Thread-3247] INFO  impl.RoleInfo (RoleInfo.java:shutdownFollowerState(121)) - 399079f7-1eb1-4f37-b003-267572525934: shutdown FollowerState
2019-10-20 18:18:59,676 [Thread-3247] INFO  impl.RaftServerImpl (RaftServerImpl.java:setRole(184)) - 399079f7-1eb1-4f37-b003-267572525934@group-D40A05E2FCF9: changes role from  FOLLOWER to CANDIDATE at term 235 for changeToCandidate
2019-10-20 18:18:59,676 [Thread-3247] INFO  impl.RoleInfo (RoleInfo.java:updateAndGet(143)) - 399079f7-1eb1-4f37-b003-267572525934: start LeaderElection
2019-10-20 18:18:59,733 [b75f8b2e-6273-4c97-b7c5-042674931d23@group-F11756C8BA4A-LeaderElection415] INFO  impl.LeaderElection (LeaderElection.java:askForVotes(178)) - b75f8b2e-6273-4c97-b7c5-042674931d23@group-F11756C8BA4A-LeaderElection415: begin an election at term 237 for -1: [6ef27e9c-8ddb-4fa1-8c14-ab102acfb1b8:192.168.164.241:38092, b75f8b2e-6273-4c97-b7c5-042674931d23:192.168.164.241:41857, 3750b3a2-715b-46b3-9d0c-9e38136244b9:192.168.164.241:46227], old=null
2019-10-20 18:18:59,733 [399079f7-1eb1-4f37-b003-267572525934@group-D40A05E2FCF9-LeaderElection416] INFO  impl.LeaderElection (LeaderElection.java:askForVotes(178)) - 399079f7-1eb1-4f37-b003-267572525934@group-D40A05E2FCF9-LeaderElection416: begin an election at term 236 for -1: [399079f7-1eb1-4f37-b003-267572525934:192.168.164.241:37762, 7a43c46a-fc88-4b2d-b2da-ae029cfa60ff:192.168.164.241:43684, 6c5c38af-62e6-4ea7-a24a-078dcb28fb39:192.168.164.241:45428], old=null
2019-10-20 18:18:59,734 [b75f8b2e-6273-4c97-b7c5-042674931d23@group-F11756C8BA4A-LeaderElection415] INFO  impl.LeaderElection (LogUtils.java:infoOrTrace(149)) - b75f8b2e-6273-4c97-b7c5-042674931d23@group-F11756C8BA4A-LeaderElection415 got exception when requesting votes: {}
java.util.concurrent.ExecutionException: org.apache.ratis.thirdparty.io.grpc.StatusRuntimeException: UNAVAILABLE: io exception
	at java.util.concurrent.FutureTask.report(FutureTask.java:122)
	at java.util.concurrent.FutureTask.get(FutureTask.java:192)
	at org.apache.ratis.server.impl.LeaderElection.waitForResults(LeaderElection.java:259)
	at org.apache.ratis.server.impl.LeaderElection.askForVotes(LeaderElection.java:197)
	at org.apache.ratis.server.impl.LeaderElection.run(LeaderElection.java:133)
	at java.lang.Thread.run(Thread.java:748)
Caused by: org.apache.ratis.thirdparty.io.grpc.StatusRuntimeException: UNAVAILABLE: io exception
	at org.apache.ratis.thirdparty.io.grpc.stub.ClientCalls.toStatusRuntimeException(ClientCalls.java:233)
	at org.apache.ratis.thirdparty.io.grpc.stub.ClientCalls.getUnchecked(ClientCalls.java:214)
	at org.apache.ratis.thirdparty.io.grpc.stub.ClientCalls.blockingUnaryCall(ClientCalls.java:139)
	at org.apache.ratis.proto.grpc.RaftServerProtocolServiceGrpc$RaftServerProtocolServiceBlockingStub.requestVote(RaftServerProtocolServiceGrpc.java:265)
	at org.apache.ratis.grpc.server.GrpcServerProtocolClient.requestVote(GrpcServerProtocolClient.java:99)
	at org.apache.ratis.grpc.server.GrpcService.requestVote(GrpcService.java:204)
	at org.apache.ratis.server.impl.LeaderElection.lambda$submitRequests$1(LeaderElection.java:234)
	at java.util.concurrent.FutureTask.run(FutureTask.java:266)
	at java.util.concurrent.Executors$RunnableAdapter.call(Executors.java:511)
	at java.util.concurrent.FutureTask.run(FutureTask.java:266)
	at java.util.concurrent.ThreadPoolExecutor.runWorker(ThreadPoolExecutor.java:1149)
	at java.util.concurrent.ThreadPoolExecutor$Worker.run(ThreadPoolExecutor.java:624)
	... 1 more
Caused by: org.apache.ratis.thirdparty.io.netty.channel.AbstractChannel$AnnotatedConnectException: Connection refused: /192.168.164.241:46227
	at sun.nio.ch.SocketChannelImpl.checkConnect(Native Method)
	at sun.nio.ch.SocketChannelImpl.finishConnect(SocketChannelImpl.java:717)
	at org.apache.ratis.thirdparty.io.netty.channel.socket.nio.NioSocketChannel.doFinishConnect(NioSocketChannel.java:327)
	at org.apache.ratis.thirdparty.io.netty.channel.nio.AbstractNioChannel$AbstractNioUnsafe.finishConnect(AbstractNioChannel.java:340)
	at org.apache.ratis.thirdparty.io.netty.channel.nio.NioEventLoop.processSelectedKey(NioEventLoop.java:632)
	at org.apache.ratis.thirdparty.io.netty.channel.nio.NioEventLoop.processSelectedKeysOptimized(NioEventLoop.java:579)
	at org.apache.ratis.thirdparty.io.netty.channel.nio.NioEventLoop.processSelectedKeys(NioEventLoop.java:496)
	at org.apache.ratis.thirdparty.io.netty.channel.nio.NioEventLoop.run(NioEventLoop.java:458)
	at org.apache.ratis.thirdparty.io.netty.util.concurrent.SingleThreadEventExecutor$5.run(SingleThreadEventExecutor.java:897)
	at org.apache.ratis.thirdparty.io.netty.util.concurrent.FastThreadLocalRunnable.run(FastThreadLocalRunnable.java:30)
	... 1 more
Caused by: java.net.ConnectException: Connection refused
	... 11 more
2019-10-20 18:18:59,735 [grpc-default-executor-10] INFO  impl.RaftServerImpl (RaftServerImpl.java:setRole(184)) - 6ef27e9c-8ddb-4fa1-8c14-ab102acfb1b8@group-F11756C8BA4A: changes role from  FOLLOWER to FOLLOWER at term 237 for recognizeCandidate:b75f8b2e-6273-4c97-b7c5-042674931d23
2019-10-20 18:18:59,734 [399079f7-1eb1-4f37-b003-267572525934@group-D40A05E2FCF9-LeaderElection416] INFO  impl.LeaderElection (LogUtils.java:infoOrTrace(149)) - 399079f7-1eb1-4f37-b003-267572525934@group-D40A05E2FCF9-LeaderElection416 got exception when requesting votes: {}
java.util.concurrent.ExecutionException: org.apache.ratis.thirdparty.io.grpc.StatusRuntimeException: UNAVAILABLE: io exception
	at java.util.concurrent.FutureTask.report(FutureTask.java:122)
	at java.util.concurrent.FutureTask.get(FutureTask.java:192)
	at org.apache.ratis.server.impl.LeaderElection.waitForResults(LeaderElection.java:259)
	at org.apache.ratis.server.impl.LeaderElection.askForVotes(LeaderElection.java:197)
	at org.apache.ratis.server.impl.LeaderElection.run(LeaderElection.java:133)
	at java.lang.Thread.run(Thread.java:748)
Caused by: org.apache.ratis.thirdparty.io.grpc.StatusRuntimeException: UNAVAILABLE: io exception
	at org.apache.ratis.thirdparty.io.grpc.stub.ClientCalls.toStatusRuntimeException(ClientCalls.java:233)
	at org.apache.ratis.thirdparty.io.grpc.stub.ClientCalls.getUnchecked(ClientCalls.java:214)
	at org.apache.ratis.thirdparty.io.grpc.stub.ClientCalls.blockingUnaryCall(ClientCalls.java:139)
	at org.apache.ratis.proto.grpc.RaftServerProtocolServiceGrpc$RaftServerProtocolServiceBlockingStub.requestVote(RaftServerProtocolServiceGrpc.java:265)
	at org.apache.ratis.grpc.server.GrpcServerProtocolClient.requestVote(GrpcServerProtocolClient.java:99)
	at org.apache.ratis.grpc.server.GrpcService.requestVote(GrpcService.java:204)
	at org.apache.ratis.server.impl.LeaderElection.lambda$submitRequests$1(LeaderElection.java:234)
	at java.util.concurrent.FutureTask.run(FutureTask.java:266)
	at java.util.concurrent.Executors$RunnableAdapter.call(Executors.java:511)
	at java.util.concurrent.FutureTask.run(FutureTask.java:266)
	at java.util.concurrent.ThreadPoolExecutor.runWorker(ThreadPoolExecutor.java:1149)
	at java.util.concurrent.ThreadPoolExecutor$Worker.run(ThreadPoolExecutor.java:624)
	... 1 more
Caused by: org.apache.ratis.thirdparty.io.netty.channel.AbstractChannel$AnnotatedConnectException: Connection refused: /192.168.164.241:45428
	at sun.nio.ch.SocketChannelImpl.checkConnect(Native Method)
	at sun.nio.ch.SocketChannelImpl.finishConnect(SocketChannelImpl.java:717)
	at org.apache.ratis.thirdparty.io.netty.channel.socket.nio.NioSocketChannel.doFinishConnect(NioSocketChannel.java:327)
	at org.apache.ratis.thirdparty.io.netty.channel.nio.AbstractNioChannel$AbstractNioUnsafe.finishConnect(AbstractNioChannel.java:340)
	at org.apache.ratis.thirdparty.io.netty.channel.nio.NioEventLoop.processSelectedKey(NioEventLoop.java:632)
	at org.apache.ratis.thirdparty.io.netty.channel.nio.NioEventLoop.processSelectedKeysOptimized(NioEventLoop.java:579)
	at org.apache.ratis.thirdparty.io.netty.channel.nio.NioEventLoop.processSelectedKeys(NioEventLoop.java:496)
	at org.apache.ratis.thirdparty.io.netty.channel.nio.NioEventLoop.run(NioEventLoop.java:458)
	at org.apache.ratis.thirdparty.io.netty.util.concurrent.SingleThreadEventExecutor$5.run(SingleThreadEventExecutor.java:897)
	at org.apache.ratis.thirdparty.io.netty.util.concurrent.FastThreadLocalRunnable.run(FastThreadLocalRunnable.java:30)
	... 1 more
Caused by: java.net.ConnectException: Connection refused
	... 11 more
2019-10-20 18:18:59,735 [grpc-default-executor-10] INFO  impl.RoleInfo (RoleInfo.java:shutdownFollowerState(121)) - 6ef27e9c-8ddb-4fa1-8c14-ab102acfb1b8: shutdown FollowerState
2019-10-20 18:18:59,735 [grpc-default-executor-7] INFO  impl.RaftServerImpl (RaftServerImpl.java:setRole(184)) - 7a43c46a-fc88-4b2d-b2da-ae029cfa60ff@group-D40A05E2FCF9: changes role from  FOLLOWER to FOLLOWER at term 236 for recognizeCandidate:399079f7-1eb1-4f37-b003-267572525934
2019-10-20 18:18:59,736 [Thread-3254] INFO  impl.FollowerState (FollowerState.java:run(117)) - 6ef27e9c-8ddb-4fa1-8c14-ab102acfb1b8@group-F11756C8BA4A-FollowerState was interrupted: java.lang.InterruptedException: sleep interrupted
2019-10-20 18:18:59,736 [grpc-default-executor-10] INFO  impl.RoleInfo (RoleInfo.java:updateAndGet(143)) - 6ef27e9c-8ddb-4fa1-8c14-ab102acfb1b8: start FollowerState
2019-10-20 18:18:59,736 [grpc-default-executor-7] INFO  impl.RoleInfo (RoleInfo.java:shutdownFollowerState(121)) - 7a43c46a-fc88-4b2d-b2da-ae029cfa60ff: shutdown FollowerState
2019-10-20 18:18:59,737 [grpc-default-executor-7] INFO  impl.RoleInfo (RoleInfo.java:updateAndGet(143)) - 7a43c46a-fc88-4b2d-b2da-ae029cfa60ff: start FollowerState
2019-10-20 18:18:59,737 [Thread-3246] INFO  impl.FollowerState (FollowerState.java:run(117)) - 7a43c46a-fc88-4b2d-b2da-ae029cfa60ff@group-D40A05E2FCF9-FollowerState was interrupted: java.lang.InterruptedException: sleep interrupted
2019-10-20 18:18:59,759 [399079f7-1eb1-4f37-b003-267572525934@group-D40A05E2FCF9-LeaderElection416] INFO  impl.LeaderElection (LeaderElection.java:logAndReturn(56)) - 399079f7-1eb1-4f37-b003-267572525934@group-D40A05E2FCF9-LeaderElection416: Election REJECTED; received 1 response(s) [399079f7-1eb1-4f37-b003-267572525934<-7a43c46a-fc88-4b2d-b2da-ae029cfa60ff#0:FAIL-t236] and 1 exception(s); 399079f7-1eb1-4f37-b003-267572525934@group-D40A05E2FCF9:t236, leader=null, voted=399079f7-1eb1-4f37-b003-267572525934, raftlog=399079f7-1eb1-4f37-b003-267572525934@group-D40A05E2FCF9-SegmentedRaftLog:OPENED:c-1,f-1,i0, conf=-1: [399079f7-1eb1-4f37-b003-267572525934:192.168.164.241:37762, 7a43c46a-fc88-4b2d-b2da-ae029cfa60ff:192.168.164.241:43684, 6c5c38af-62e6-4ea7-a24a-078dcb28fb39:192.168.164.241:45428], old=null
2019-10-20 18:18:59,759 [b75f8b2e-6273-4c97-b7c5-042674931d23@group-F11756C8BA4A-LeaderElection415] INFO  impl.LeaderElection (LeaderElection.java:logAndReturn(56)) - b75f8b2e-6273-4c97-b7c5-042674931d23@group-F11756C8BA4A-LeaderElection415: Election REJECTED; received 1 response(s) [b75f8b2e-6273-4c97-b7c5-042674931d23<-6ef27e9c-8ddb-4fa1-8c14-ab102acfb1b8#0:FAIL-t237] and 1 exception(s); b75f8b2e-6273-4c97-b7c5-042674931d23@group-F11756C8BA4A:t237, leader=null, voted=b75f8b2e-6273-4c97-b7c5-042674931d23, raftlog=b75f8b2e-6273-4c97-b7c5-042674931d23@group-F11756C8BA4A-SegmentedRaftLog:OPENED:c-1,f-1,i0, conf=-1: [6ef27e9c-8ddb-4fa1-8c14-ab102acfb1b8:192.168.164.241:38092, b75f8b2e-6273-4c97-b7c5-042674931d23:192.168.164.241:41857, 3750b3a2-715b-46b3-9d0c-9e38136244b9:192.168.164.241:46227], old=null
2019-10-20 18:18:59,759 [399079f7-1eb1-4f37-b003-267572525934@group-D40A05E2FCF9-LeaderElection416] INFO  impl.LeaderElection (LogUtils.java:infoOrTrace(149)) -   Exception 0: {}
java.util.concurrent.ExecutionException: org.apache.ratis.thirdparty.io.grpc.StatusRuntimeException: UNAVAILABLE: io exception
	at java.util.concurrent.FutureTask.report(FutureTask.java:122)
	at java.util.concurrent.FutureTask.get(FutureTask.java:192)
	at org.apache.ratis.server.impl.LeaderElection.waitForResults(LeaderElection.java:259)
	at org.apache.ratis.server.impl.LeaderElection.askForVotes(LeaderElection.java:197)
	at org.apache.ratis.server.impl.LeaderElection.run(LeaderElection.java:133)
	at java.lang.Thread.run(Thread.java:748)
Caused by: org.apache.ratis.thirdparty.io.grpc.StatusRuntimeException: UNAVAILABLE: io exception
	at org.apache.ratis.thirdparty.io.grpc.stub.ClientCalls.toStatusRuntimeException(ClientCalls.java:233)
	at org.apache.ratis.thirdparty.io.grpc.stub.ClientCalls.getUnchecked(ClientCalls.java:214)
	at org.apache.ratis.thirdparty.io.grpc.stub.ClientCalls.blockingUnaryCall(ClientCalls.java:139)
	at org.apache.ratis.proto.grpc.RaftServerProtocolServiceGrpc$RaftServerProtocolServiceBlockingStub.requestVote(RaftServerProtocolServiceGrpc.java:265)
	at org.apache.ratis.grpc.server.GrpcServerProtocolClient.requestVote(GrpcServerProtocolClient.java:99)
	at org.apache.ratis.grpc.server.GrpcService.requestVote(GrpcService.java:204)
	at org.apache.ratis.server.impl.LeaderElection.lambda$submitRequests$1(LeaderElection.java:234)
	at java.util.concurrent.FutureTask.run(FutureTask.java:266)
	at java.util.concurrent.Executors$RunnableAdapter.call(Executors.java:511)
	at java.util.concurrent.FutureTask.run(FutureTask.java:266)
	at java.util.concurrent.ThreadPoolExecutor.runWorker(ThreadPoolExecutor.java:1149)
	at java.util.concurrent.ThreadPoolExecutor$Worker.run(ThreadPoolExecutor.java:624)
	... 1 more
Caused by: org.apache.ratis.thirdparty.io.netty.channel.AbstractChannel$AnnotatedConnectException: Connection refused: /192.168.164.241:45428
	at sun.nio.ch.SocketChannelImpl.checkConnect(Native Method)
	at sun.nio.ch.SocketChannelImpl.finishConnect(SocketChannelImpl.java:717)
	at org.apache.ratis.thirdparty.io.netty.channel.socket.nio.NioSocketChannel.doFinishConnect(NioSocketChannel.java:327)
	at org.apache.ratis.thirdparty.io.netty.channel.nio.AbstractNioChannel$AbstractNioUnsafe.finishConnect(AbstractNioChannel.java:340)
	at org.apache.ratis.thirdparty.io.netty.channel.nio.NioEventLoop.processSelectedKey(NioEventLoop.java:632)
	at org.apache.ratis.thirdparty.io.netty.channel.nio.NioEventLoop.processSelectedKeysOptimized(NioEventLoop.java:579)
	at org.apache.ratis.thirdparty.io.netty.channel.nio.NioEventLoop.processSelectedKeys(NioEventLoop.java:496)
	at org.apache.ratis.thirdparty.io.netty.channel.nio.NioEventLoop.run(NioEventLoop.java:458)
	at org.apache.ratis.thirdparty.io.netty.util.concurrent.SingleThreadEventExecutor$5.run(SingleThreadEventExecutor.java:897)
	at org.apache.ratis.thirdparty.io.netty.util.concurrent.FastThreadLocalRunnable.run(FastThreadLocalRunnable.java:30)
	... 1 more
Caused by: java.net.ConnectException: Connection refused
	... 11 more
2019-10-20 18:18:59,760 [b75f8b2e-6273-4c97-b7c5-042674931d23@group-F11756C8BA4A-LeaderElection415] INFO  impl.LeaderElection (LogUtils.java:infoOrTrace(149)) -   Exception 0: {}
java.util.concurrent.ExecutionException: org.apache.ratis.thirdparty.io.grpc.StatusRuntimeException: UNAVAILABLE: io exception
	at java.util.concurrent.FutureTask.report(FutureTask.java:122)
	at java.util.concurrent.FutureTask.get(FutureTask.java:192)
	at org.apache.ratis.server.impl.LeaderElection.waitForResults(LeaderElection.java:259)
	at org.apache.ratis.server.impl.LeaderElection.askForVotes(LeaderElection.java:197)
	at org.apache.ratis.server.impl.LeaderElection.run(LeaderElection.java:133)
	at java.lang.Thread.run(Thread.java:748)
Caused by: org.apache.ratis.thirdparty.io.grpc.StatusRuntimeException: UNAVAILABLE: io exception
	at org.apache.ratis.thirdparty.io.grpc.stub.ClientCalls.toStatusRuntimeException(ClientCalls.java:233)
	at org.apache.ratis.thirdparty.io.grpc.stub.ClientCalls.getUnchecked(ClientCalls.java:214)
	at org.apache.ratis.thirdparty.io.grpc.stub.ClientCalls.blockingUnaryCall(ClientCalls.java:139)
	at org.apache.ratis.proto.grpc.RaftServerProtocolServiceGrpc$RaftServerProtocolServiceBlockingStub.requestVote(RaftServerProtocolServiceGrpc.java:265)
	at org.apache.ratis.grpc.server.GrpcServerProtocolClient.requestVote(GrpcServerProtocolClient.java:99)
	at org.apache.ratis.grpc.server.GrpcService.requestVote(GrpcService.java:204)
	at org.apache.ratis.server.impl.LeaderElection.lambda$submitRequests$1(LeaderElection.java:234)
	at java.util.concurrent.FutureTask.run(FutureTask.java:266)
	at java.util.concurrent.Executors$RunnableAdapter.call(Executors.java:511)
	at java.util.concurrent.FutureTask.run(FutureTask.java:266)
	at java.util.concurrent.ThreadPoolExecutor.runWorker(ThreadPoolExecutor.java:1149)
	at java.util.concurrent.ThreadPoolExecutor$Worker.run(ThreadPoolExecutor.java:624)
	... 1 more
Caused by: org.apache.ratis.thirdparty.io.netty.channel.AbstractChannel$AnnotatedConnectException: Connection refused: /192.168.164.241:46227
	at sun.nio.ch.SocketChannelImpl.checkConnect(Native Method)
	at sun.nio.ch.SocketChannelImpl.finishConnect(SocketChannelImpl.java:717)
	at org.apache.ratis.thirdparty.io.netty.channel.socket.nio.NioSocketChannel.doFinishConnect(NioSocketChannel.java:327)
	at org.apache.ratis.thirdparty.io.netty.channel.nio.AbstractNioChannel$AbstractNioUnsafe.finishConnect(AbstractNioChannel.java:340)
	at org.apache.ratis.thirdparty.io.netty.channel.nio.NioEventLoop.processSelectedKey(NioEventLoop.java:632)
	at org.apache.ratis.thirdparty.io.netty.channel.nio.NioEventLoop.processSelectedKeysOptimized(NioEventLoop.java:579)
	at org.apache.ratis.thirdparty.io.netty.channel.nio.NioEventLoop.processSelectedKeys(NioEventLoop.java:496)
	at org.apache.ratis.thirdparty.io.netty.channel.nio.NioEventLoop.run(NioEventLoop.java:458)
	at org.apache.ratis.thirdparty.io.netty.util.concurrent.SingleThreadEventExecutor$5.run(SingleThreadEventExecutor.java:897)
	at org.apache.ratis.thirdparty.io.netty.util.concurrent.FastThreadLocalRunnable.run(FastThreadLocalRunnable.java:30)
	... 1 more
Caused by: java.net.ConnectException: Connection refused
	... 11 more
2019-10-20 18:18:59,760 [399079f7-1eb1-4f37-b003-267572525934@group-D40A05E2FCF9-LeaderElection416] INFO  impl.RaftServerImpl (RaftServerImpl.java:setRole(184)) - 399079f7-1eb1-4f37-b003-267572525934@group-D40A05E2FCF9: changes role from CANDIDATE to FOLLOWER at term 236 for DISCOVERED_A_NEW_TERM
2019-10-20 18:18:59,761 [b75f8b2e-6273-4c97-b7c5-042674931d23@group-F11756C8BA4A-LeaderElection415] INFO  impl.RaftServerImpl (RaftServerImpl.java:setRole(184)) - b75f8b2e-6273-4c97-b7c5-042674931d23@group-F11756C8BA4A: changes role from CANDIDATE to FOLLOWER at term 237 for DISCOVERED_A_NEW_TERM
2019-10-20 18:18:59,761 [399079f7-1eb1-4f37-b003-267572525934@group-D40A05E2FCF9-LeaderElection416] INFO  impl.RoleInfo (RoleInfo.java:shutdownLeaderElection(134)) - 399079f7-1eb1-4f37-b003-267572525934: shutdown LeaderElection
2019-10-20 18:18:59,761 [b75f8b2e-6273-4c97-b7c5-042674931d23@group-F11756C8BA4A-LeaderElection415] INFO  impl.RoleInfo (RoleInfo.java:shutdownLeaderElection(134)) - b75f8b2e-6273-4c97-b7c5-042674931d23: shutdown LeaderElection
2019-10-20 18:18:59,761 [399079f7-1eb1-4f37-b003-267572525934@group-D40A05E2FCF9-LeaderElection416] INFO  impl.RoleInfo (RoleInfo.java:updateAndGet(143)) - 399079f7-1eb1-4f37-b003-267572525934: start FollowerState
2019-10-20 18:18:59,761 [b75f8b2e-6273-4c97-b7c5-042674931d23@group-F11756C8BA4A-LeaderElection415] INFO  impl.RoleInfo (RoleInfo.java:updateAndGet(143)) - b75f8b2e-6273-4c97-b7c5-042674931d23: start FollowerState
2019-10-20 18:18:59,861 [Thread-3264] INFO  impl.FollowerState (FollowerState.java:run(108)) - b75f8b2e-6273-4c97-b7c5-042674931d23@group-F11756C8BA4A-FollowerState: change to CANDIDATE, lastRpcTime:99ms, electionTimeout:99ms
2019-10-20 18:18:59,861 [Thread-3264] INFO  impl.RoleInfo (RoleInfo.java:shutdownFollowerState(121)) - b75f8b2e-6273-4c97-b7c5-042674931d23: shutdown FollowerState
2019-10-20 18:18:59,861 [Thread-3264] INFO  impl.RaftServerImpl (RaftServerImpl.java:setRole(184)) - b75f8b2e-6273-4c97-b7c5-042674931d23@group-F11756C8BA4A: changes role from  FOLLOWER to CANDIDATE at term 237 for changeToCandidate
2019-10-20 18:18:59,862 [Thread-3264] INFO  impl.RoleInfo (RoleInfo.java:updateAndGet(143)) - b75f8b2e-6273-4c97-b7c5-042674931d23: start LeaderElection
2019-10-20 18:18:59,871 [Thread-3263] INFO  impl.FollowerState (FollowerState.java:run(108)) - 399079f7-1eb1-4f37-b003-267572525934@group-D40A05E2FCF9-FollowerState: change to CANDIDATE, lastRpcTime:109ms, electionTimeout:109ms
2019-10-20 18:18:59,871 [Thread-3263] INFO  impl.RoleInfo (RoleInfo.java:shutdownFollowerState(121)) - 399079f7-1eb1-4f37-b003-267572525934: shutdown FollowerState
2019-10-20 18:18:59,871 [Thread-3263] INFO  impl.RaftServerImpl (RaftServerImpl.java:setRole(184)) - 399079f7-1eb1-4f37-b003-267572525934@group-D40A05E2FCF9: changes role from  FOLLOWER to CANDIDATE at term 236 for changeToCandidate
2019-10-20 18:18:59,871 [Thread-3263] INFO  impl.RoleInfo (RoleInfo.java:updateAndGet(143)) - 399079f7-1eb1-4f37-b003-267572525934: start LeaderElection
2019-10-20 18:18:59,884 [399079f7-1eb1-4f37-b003-267572525934@group-D40A05E2FCF9-LeaderElection418] INFO  impl.LeaderElection (LeaderElection.java:askForVotes(178)) - 399079f7-1eb1-4f37-b003-267572525934@group-D40A05E2FCF9-LeaderElection418: begin an election at term 237 for -1: [399079f7-1eb1-4f37-b003-267572525934:192.168.164.241:37762, 7a43c46a-fc88-4b2d-b2da-ae029cfa60ff:192.168.164.241:43684, 6c5c38af-62e6-4ea7-a24a-078dcb28fb39:192.168.164.241:45428], old=null
2019-10-20 18:18:59,884 [b75f8b2e-6273-4c97-b7c5-042674931d23@group-F11756C8BA4A-LeaderElection417] INFO  impl.LeaderElection (LeaderElection.java:askForVotes(178)) - b75f8b2e-6273-4c97-b7c5-042674931d23@group-F11756C8BA4A-LeaderElection417: begin an election at term 238 for -1: [6ef27e9c-8ddb-4fa1-8c14-ab102acfb1b8:192.168.164.241:38092, b75f8b2e-6273-4c97-b7c5-042674931d23:192.168.164.241:41857, 3750b3a2-715b-46b3-9d0c-9e38136244b9:192.168.164.241:46227], old=null
2019-10-20 18:18:59,885 [b75f8b2e-6273-4c97-b7c5-042674931d23@group-F11756C8BA4A-LeaderElection417] INFO  impl.LeaderElection (LogUtils.java:infoOrTrace(149)) - b75f8b2e-6273-4c97-b7c5-042674931d23@group-F11756C8BA4A-LeaderElection417 got exception when requesting votes: {}
java.util.concurrent.ExecutionException: org.apache.ratis.thirdparty.io.grpc.StatusRuntimeException: UNAVAILABLE: io exception
	at java.util.concurrent.FutureTask.report(FutureTask.java:122)
	at java.util.concurrent.FutureTask.get(FutureTask.java:192)
	at org.apache.ratis.server.impl.LeaderElection.waitForResults(LeaderElection.java:259)
	at org.apache.ratis.server.impl.LeaderElection.askForVotes(LeaderElection.java:197)
	at org.apache.ratis.server.impl.LeaderElection.run(LeaderElection.java:133)
	at java.lang.Thread.run(Thread.java:748)
Caused by: org.apache.ratis.thirdparty.io.grpc.StatusRuntimeException: UNAVAILABLE: io exception
	at org.apache.ratis.thirdparty.io.grpc.stub.ClientCalls.toStatusRuntimeException(ClientCalls.java:233)
	at org.apache.ratis.thirdparty.io.grpc.stub.ClientCalls.getUnchecked(ClientCalls.java:214)
	at org.apache.ratis.thirdparty.io.grpc.stub.ClientCalls.blockingUnaryCall(ClientCalls.java:139)
	at org.apache.ratis.proto.grpc.RaftServerProtocolServiceGrpc$RaftServerProtocolServiceBlockingStub.requestVote(RaftServerProtocolServiceGrpc.java:265)
	at org.apache.ratis.grpc.server.GrpcServerProtocolClient.requestVote(GrpcServerProtocolClient.java:99)
	at org.apache.ratis.grpc.server.GrpcService.requestVote(GrpcService.java:204)
	at org.apache.ratis.server.impl.LeaderElection.lambda$submitRequests$1(LeaderElection.java:234)
	at java.util.concurrent.FutureTask.run(FutureTask.java:266)
	at java.util.concurrent.Executors$RunnableAdapter.call(Executors.java:511)
	at java.util.concurrent.FutureTask.run(FutureTask.java:266)
	at java.util.concurrent.ThreadPoolExecutor.runWorker(ThreadPoolExecutor.java:1149)
	at java.util.concurrent.ThreadPoolExecutor$Worker.run(ThreadPoolExecutor.java:624)
	... 1 more
Caused by: org.apache.ratis.thirdparty.io.netty.channel.AbstractChannel$AnnotatedConnectException: Connection refused: /192.168.164.241:46227
	at sun.nio.ch.SocketChannelImpl.checkConnect(Native Method)
	at sun.nio.ch.SocketChannelImpl.finishConnect(SocketChannelImpl.java:717)
	at org.apache.ratis.thirdparty.io.netty.channel.socket.nio.NioSocketChannel.doFinishConnect(NioSocketChannel.java:327)
	at org.apache.ratis.thirdparty.io.netty.channel.nio.AbstractNioChannel$AbstractNioUnsafe.finishConnect(AbstractNioChannel.java:340)
	at org.apache.ratis.thirdparty.io.netty.channel.nio.NioEventLoop.processSelectedKey(NioEventLoop.java:632)
	at org.apache.ratis.thirdparty.io.netty.channel.nio.NioEventLoop.processSelectedKeysOptimized(NioEventLoop.java:579)
	at org.apache.ratis.thirdparty.io.netty.channel.nio.NioEventLoop.processSelectedKeys(NioEventLoop.java:496)
	at org.apache.ratis.thirdparty.io.netty.channel.nio.NioEventLoop.run(NioEventLoop.java:458)
	at org.apache.ratis.thirdparty.io.netty.util.concurrent.SingleThreadEventExecutor$5.run(SingleThreadEventExecutor.java:897)
	at org.apache.ratis.thirdparty.io.netty.util.concurrent.FastThreadLocalRunnable.run(FastThreadLocalRunnable.java:30)
	... 1 more
Caused by: java.net.ConnectException: Connection refused
	... 11 more
2019-10-20 18:18:59,885 [399079f7-1eb1-4f37-b003-267572525934@group-D40A05E2FCF9-LeaderElection418] INFO  impl.LeaderElection (LogUtils.java:infoOrTrace(149)) - 399079f7-1eb1-4f37-b003-267572525934@group-D40A05E2FCF9-LeaderElection418 got exception when requesting votes: {}
java.util.concurrent.ExecutionException: org.apache.ratis.thirdparty.io.grpc.StatusRuntimeException: UNAVAILABLE: io exception
	at java.util.concurrent.FutureTask.report(FutureTask.java:122)
	at java.util.concurrent.FutureTask.get(FutureTask.java:192)
	at org.apache.ratis.server.impl.LeaderElection.waitForResults(LeaderElection.java:259)
	at org.apache.ratis.server.impl.LeaderElection.askForVotes(LeaderElection.java:197)
	at org.apache.ratis.server.impl.LeaderElection.run(LeaderElection.java:133)
	at java.lang.Thread.run(Thread.java:748)
Caused by: org.apache.ratis.thirdparty.io.grpc.StatusRuntimeException: UNAVAILABLE: io exception
	at org.apache.ratis.thirdparty.io.grpc.stub.ClientCalls.toStatusRuntimeException(ClientCalls.java:233)
	at org.apache.ratis.thirdparty.io.grpc.stub.ClientCalls.getUnchecked(ClientCalls.java:214)
	at org.apache.ratis.thirdparty.io.grpc.stub.ClientCalls.blockingUnaryCall(ClientCalls.java:139)
	at org.apache.ratis.proto.grpc.RaftServerProtocolServiceGrpc$RaftServerProtocolServiceBlockingStub.requestVote(RaftServerProtocolServiceGrpc.java:265)
	at org.apache.ratis.grpc.server.GrpcServerProtocolClient.requestVote(GrpcServerProtocolClient.java:99)
	at org.apache.ratis.grpc.server.GrpcService.requestVote(GrpcService.java:204)
	at org.apache.ratis.server.impl.LeaderElection.lambda$submitRequests$1(LeaderElection.java:234)
	at java.util.concurrent.FutureTask.run(FutureTask.java:266)
	at java.util.concurrent.Executors$RunnableAdapter.call(Executors.java:511)
	at java.util.concurrent.FutureTask.run(FutureTask.java:266)
	at java.util.concurrent.ThreadPoolExecutor.runWorker(ThreadPoolExecutor.java:1149)
	at java.util.concurrent.ThreadPoolExecutor$Worker.run(ThreadPoolExecutor.java:624)
	... 1 more
Caused by: org.apache.ratis.thirdparty.io.netty.channel.AbstractChannel$AnnotatedConnectException: Connection refused: /192.168.164.241:45428
	at sun.nio.ch.SocketChannelImpl.checkConnect(Native Method)
	at sun.nio.ch.SocketChannelImpl.finishConnect(SocketChannelImpl.java:717)
	at org.apache.ratis.thirdparty.io.netty.channel.socket.nio.NioSocketChannel.doFinishConnect(NioSocketChannel.java:327)
	at org.apache.ratis.thirdparty.io.netty.channel.nio.AbstractNioChannel$AbstractNioUnsafe.finishConnect(AbstractNioChannel.java:340)
	at org.apache.ratis.thirdparty.io.netty.channel.nio.NioEventLoop.processSelectedKey(NioEventLoop.java:632)
	at org.apache.ratis.thirdparty.io.netty.channel.nio.NioEventLoop.processSelectedKeysOptimized(NioEventLoop.java:579)
	at org.apache.ratis.thirdparty.io.netty.channel.nio.NioEventLoop.processSelectedKeys(NioEventLoop.java:496)
	at org.apache.ratis.thirdparty.io.netty.channel.nio.NioEventLoop.run(NioEventLoop.java:458)
	at org.apache.ratis.thirdparty.io.netty.util.concurrent.SingleThreadEventExecutor$5.run(SingleThreadEventExecutor.java:897)
	at org.apache.ratis.thirdparty.io.netty.util.concurrent.FastThreadLocalRunnable.run(FastThreadLocalRunnable.java:30)
	... 1 more
Caused by: java.net.ConnectException: Connection refused
	... 11 more
2019-10-20 18:18:59,886 [grpc-default-executor-7] INFO  impl.RaftServerImpl (RaftServerImpl.java:setRole(184)) - 7a43c46a-fc88-4b2d-b2da-ae029cfa60ff@group-D40A05E2FCF9: changes role from  FOLLOWER to FOLLOWER at term 237 for recognizeCandidate:399079f7-1eb1-4f37-b003-267572525934
2019-10-20 18:18:59,886 [grpc-default-executor-10] INFO  impl.RaftServerImpl (RaftServerImpl.java:setRole(184)) - 6ef27e9c-8ddb-4fa1-8c14-ab102acfb1b8@group-F11756C8BA4A: changes role from  FOLLOWER to FOLLOWER at term 238 for recognizeCandidate:b75f8b2e-6273-4c97-b7c5-042674931d23
2019-10-20 18:18:59,887 [grpc-default-executor-7] INFO  impl.RoleInfo (RoleInfo.java:shutdownFollowerState(121)) - 7a43c46a-fc88-4b2d-b2da-ae029cfa60ff: shutdown FollowerState
2019-10-20 18:18:59,887 [grpc-default-executor-10] INFO  impl.RoleInfo (RoleInfo.java:shutdownFollowerState(121)) - 6ef27e9c-8ddb-4fa1-8c14-ab102acfb1b8: shutdown FollowerState
2019-10-20 18:18:59,887 [Thread-3262] INFO  impl.FollowerState (FollowerState.java:run(117)) - 7a43c46a-fc88-4b2d-b2da-ae029cfa60ff@group-D40A05E2FCF9-FollowerState was interrupted: java.lang.InterruptedException: sleep interrupted
2019-10-20 18:18:59,887 [grpc-default-executor-7] INFO  impl.RoleInfo (RoleInfo.java:updateAndGet(143)) - 7a43c46a-fc88-4b2d-b2da-ae029cfa60ff: start FollowerState
2019-10-20 18:18:59,887 [Thread-3261] INFO  impl.FollowerState (FollowerState.java:run(117)) - 6ef27e9c-8ddb-4fa1-8c14-ab102acfb1b8@group-F11756C8BA4A-FollowerState was interrupted: java.lang.InterruptedException: sleep interrupted
2019-10-20 18:18:59,887 [grpc-default-executor-10] INFO  impl.RoleInfo (RoleInfo.java:updateAndGet(143)) - 6ef27e9c-8ddb-4fa1-8c14-ab102acfb1b8: start FollowerState
2019-10-20 18:18:59,926 [b75f8b2e-6273-4c97-b7c5-042674931d23@group-F11756C8BA4A-LeaderElection417] INFO  impl.LeaderElection (LeaderElection.java:logAndReturn(56)) - b75f8b2e-6273-4c97-b7c5-042674931d23@group-F11756C8BA4A-LeaderElection417: Election TIMEOUT; received 0 response(s) [] and 1 exception(s); b75f8b2e-6273-4c97-b7c5-042674931d23@group-F11756C8BA4A:t238, leader=null, voted=b75f8b2e-6273-4c97-b7c5-042674931d23, raftlog=b75f8b2e-6273-4c97-b7c5-042674931d23@group-F11756C8BA4A-SegmentedRaftLog:OPENED:c-1,f-1,i0, conf=-1: [6ef27e9c-8ddb-4fa1-8c14-ab102acfb1b8:192.168.164.241:38092, b75f8b2e-6273-4c97-b7c5-042674931d23:192.168.164.241:41857, 3750b3a2-715b-46b3-9d0c-9e38136244b9:192.168.164.241:46227], old=null
2019-10-20 18:18:59,926 [b75f8b2e-6273-4c97-b7c5-042674931d23@group-F11756C8BA4A-LeaderElection417] INFO  impl.LeaderElection (LogUtils.java:infoOrTrace(149)) -   Exception 0: {}
java.util.concurrent.ExecutionException: org.apache.ratis.thirdparty.io.grpc.StatusRuntimeException: UNAVAILABLE: io exception
	at java.util.concurrent.FutureTask.report(FutureTask.java:122)
	at java.util.concurrent.FutureTask.get(FutureTask.java:192)
	at org.apache.ratis.server.impl.LeaderElection.waitForResults(LeaderElection.java:259)
	at org.apache.ratis.server.impl.LeaderElection.askForVotes(LeaderElection.java:197)
	at org.apache.ratis.server.impl.LeaderElection.run(LeaderElection.java:133)
	at java.lang.Thread.run(Thread.java:748)
Caused by: org.apache.ratis.thirdparty.io.grpc.StatusRuntimeException: UNAVAILABLE: io exception
	at org.apache.ratis.thirdparty.io.grpc.stub.ClientCalls.toStatusRuntimeException(ClientCalls.java:233)
	at org.apache.ratis.thirdparty.io.grpc.stub.ClientCalls.getUnchecked(ClientCalls.java:214)
	at org.apache.ratis.thirdparty.io.grpc.stub.ClientCalls.blockingUnaryCall(ClientCalls.java:139)
	at org.apache.ratis.proto.grpc.RaftServerProtocolServiceGrpc$RaftServerProtocolServiceBlockingStub.requestVote(RaftServerProtocolServiceGrpc.java:265)
	at org.apache.ratis.grpc.server.GrpcServerProtocolClient.requestVote(GrpcServerProtocolClient.java:99)
	at org.apache.ratis.grpc.server.GrpcService.requestVote(GrpcService.java:204)
	at org.apache.ratis.server.impl.LeaderElection.lambda$submitRequests$1(LeaderElection.java:234)
	at java.util.concurrent.FutureTask.run(FutureTask.java:266)
	at java.util.concurrent.Executors$RunnableAdapter.call(Executors.java:511)
	at java.util.concurrent.FutureTask.run(FutureTask.java:266)
	at java.util.concurrent.ThreadPoolExecutor.runWorker(ThreadPoolExecutor.java:1149)
	at java.util.concurrent.ThreadPoolExecutor$Worker.run(ThreadPoolExecutor.java:624)
	... 1 more
Caused by: org.apache.ratis.thirdparty.io.netty.channel.AbstractChannel$AnnotatedConnectException: Connection refused: /192.168.164.241:46227
	at sun.nio.ch.SocketChannelImpl.checkConnect(Native Method)
	at sun.nio.ch.SocketChannelImpl.finishConnect(SocketChannelImpl.java:717)
	at org.apache.ratis.thirdparty.io.netty.channel.socket.nio.NioSocketChannel.doFinishConnect(NioSocketChannel.java:327)
	at org.apache.ratis.thirdparty.io.netty.channel.nio.AbstractNioChannel$AbstractNioUnsafe.finishConnect(AbstractNioChannel.java:340)
	at org.apache.ratis.thirdparty.io.netty.channel.nio.NioEventLoop.processSelectedKey(NioEventLoop.java:632)
	at org.apache.ratis.thirdparty.io.netty.channel.nio.NioEventLoop.processSelectedKeysOptimized(NioEventLoop.java:579)
	at org.apache.ratis.thirdparty.io.netty.channel.nio.NioEventLoop.processSelectedKeys(NioEventLoop.java:496)
	at org.apache.ratis.thirdparty.io.netty.channel.nio.NioEventLoop.run(NioEventLoop.java:458)
	at org.apache.ratis.thirdparty.io.netty.util.concurrent.SingleThreadEventExecutor$5.run(SingleThreadEventExecutor.java:897)
	at org.apache.ratis.thirdparty.io.netty.util.concurrent.FastThreadLocalRunnable.run(FastThreadLocalRunnable.java:30)
	... 1 more
Caused by: java.net.ConnectException: Connection refused
	... 11 more
2019-10-20 18:18:59,952 [399079f7-1eb1-4f37-b003-267572525934@group-D40A05E2FCF9-LeaderElection418] INFO  impl.LeaderElection (LeaderElection.java:logAndReturn(56)) - 399079f7-1eb1-4f37-b003-267572525934@group-D40A05E2FCF9-LeaderElection418: Election REJECTED; received 1 response(s) [399079f7-1eb1-4f37-b003-267572525934<-7a43c46a-fc88-4b2d-b2da-ae029cfa60ff#0:FAIL-t237] and 1 exception(s); 399079f7-1eb1-4f37-b003-267572525934@group-D40A05E2FCF9:t237, leader=null, voted=399079f7-1eb1-4f37-b003-267572525934, raftlog=399079f7-1eb1-4f37-b003-267572525934@group-D40A05E2FCF9-SegmentedRaftLog:OPENED:c-1,f-1,i0, conf=-1: [399079f7-1eb1-4f37-b003-267572525934:192.168.164.241:37762, 7a43c46a-fc88-4b2d-b2da-ae029cfa60ff:192.168.164.241:43684, 6c5c38af-62e6-4ea7-a24a-078dcb28fb39:192.168.164.241:45428], old=null
2019-10-20 18:18:59,953 [399079f7-1eb1-4f37-b003-267572525934@group-D40A05E2FCF9-LeaderElection418] INFO  impl.LeaderElection (LogUtils.java:infoOrTrace(149)) -   Exception 0: {}
java.util.concurrent.ExecutionException: org.apache.ratis.thirdparty.io.grpc.StatusRuntimeException: UNAVAILABLE: io exception
	at java.util.concurrent.FutureTask.report(FutureTask.java:122)
	at java.util.concurrent.FutureTask.get(FutureTask.java:192)
	at org.apache.ratis.server.impl.LeaderElection.waitForResults(LeaderElection.java:259)
	at org.apache.ratis.server.impl.LeaderElection.askForVotes(LeaderElection.java:197)
	at org.apache.ratis.server.impl.LeaderElection.run(LeaderElection.java:133)
	at java.lang.Thread.run(Thread.java:748)
Caused by: org.apache.ratis.thirdparty.io.grpc.StatusRuntimeException: UNAVAILABLE: io exception
	at org.apache.ratis.thirdparty.io.grpc.stub.ClientCalls.toStatusRuntimeException(ClientCalls.java:233)
	at org.apache.ratis.thirdparty.io.grpc.stub.ClientCalls.getUnchecked(ClientCalls.java:214)
	at org.apache.ratis.thirdparty.io.grpc.stub.ClientCalls.blockingUnaryCall(ClientCalls.java:139)
	at org.apache.ratis.proto.grpc.RaftServerProtocolServiceGrpc$RaftServerProtocolServiceBlockingStub.requestVote(RaftServerProtocolServiceGrpc.java:265)
	at org.apache.ratis.grpc.server.GrpcServerProtocolClient.requestVote(GrpcServerProtocolClient.java:99)
	at org.apache.ratis.grpc.server.GrpcService.requestVote(GrpcService.java:204)
	at org.apache.ratis.server.impl.LeaderElection.lambda$submitRequests$1(LeaderElection.java:234)
	at java.util.concurrent.FutureTask.run(FutureTask.java:266)
	at java.util.concurrent.Executors$RunnableAdapter.call(Executors.java:511)
	at java.util.concurrent.FutureTask.run(FutureTask.java:266)
	at java.util.concurrent.ThreadPoolExecutor.runWorker(ThreadPoolExecutor.java:1149)
	at java.util.concurrent.ThreadPoolExecutor$Worker.run(ThreadPoolExecutor.java:624)
	... 1 more
Caused by: org.apache.ratis.thirdparty.io.netty.channel.AbstractChannel$AnnotatedConnectException: Connection refused: /192.168.164.241:45428
	at sun.nio.ch.SocketChannelImpl.checkConnect(Native Method)
	at sun.nio.ch.SocketChannelImpl.finishConnect(SocketChannelImpl.java:717)
	at org.apache.ratis.thirdparty.io.netty.channel.socket.nio.NioSocketChannel.doFinishConnect(NioSocketChannel.java:327)
	at org.apache.ratis.thirdparty.io.netty.channel.nio.AbstractNioChannel$AbstractNioUnsafe.finishConnect(AbstractNioChannel.java:340)
	at org.apache.ratis.thirdparty.io.netty.channel.nio.NioEventLoop.processSelectedKey(NioEventLoop.java:632)
	at org.apache.ratis.thirdparty.io.netty.channel.nio.NioEventLoop.processSelectedKeysOptimized(NioEventLoop.java:579)
	at org.apache.ratis.thirdparty.io.netty.channel.nio.NioEventLoop.processSelectedKeys(NioEventLoop.java:496)
	at org.apache.ratis.thirdparty.io.netty.channel.nio.NioEventLoop.run(NioEventLoop.java:458)
	at org.apache.ratis.thirdparty.io.netty.util.concurrent.SingleThreadEventExecutor$5.run(SingleThreadEventExecutor.java:897)
	at org.apache.ratis.thirdparty.io.netty.util.concurrent.FastThreadLocalRunnable.run(FastThreadLocalRunnable.java:30)
	... 1 more
Caused by: java.net.ConnectException: Connection refused
	... 11 more
2019-10-20 18:18:59,953 [399079f7-1eb1-4f37-b003-267572525934@group-D40A05E2FCF9-LeaderElection418] INFO  impl.RaftServerImpl (RaftServerImpl.java:setRole(184)) - 399079f7-1eb1-4f37-b003-267572525934@group-D40A05E2FCF9: changes role from CANDIDATE to FOLLOWER at term 237 for DISCOVERED_A_NEW_TERM
2019-10-20 18:18:59,953 [399079f7-1eb1-4f37-b003-267572525934@group-D40A05E2FCF9-LeaderElection418] INFO  impl.RoleInfo (RoleInfo.java:shutdownLeaderElection(134)) - 399079f7-1eb1-4f37-b003-267572525934: shutdown LeaderElection
2019-10-20 18:18:59,953 [399079f7-1eb1-4f37-b003-267572525934@group-D40A05E2FCF9-LeaderElection418] INFO  impl.RoleInfo (RoleInfo.java:updateAndGet(143)) - 399079f7-1eb1-4f37-b003-267572525934: start FollowerState
2019-10-20 18:18:59,968 [b75f8b2e-6273-4c97-b7c5-042674931d23@group-F11756C8BA4A-LeaderElection417] INFO  impl.LeaderElection (LeaderElection.java:askForVotes(178)) - b75f8b2e-6273-4c97-b7c5-042674931d23@group-F11756C8BA4A-LeaderElection417: begin an election at term 239 for -1: [6ef27e9c-8ddb-4fa1-8c14-ab102acfb1b8:192.168.164.241:38092, b75f8b2e-6273-4c97-b7c5-042674931d23:192.168.164.241:41857, 3750b3a2-715b-46b3-9d0c-9e38136244b9:192.168.164.241:46227], old=null
2019-10-20 18:18:59,970 [b75f8b2e-6273-4c97-b7c5-042674931d23@group-F11756C8BA4A-LeaderElection417] INFO  impl.LeaderElection (LogUtils.java:infoOrTrace(149)) - b75f8b2e-6273-4c97-b7c5-042674931d23@group-F11756C8BA4A-LeaderElection417 got exception when requesting votes: {}
java.util.concurrent.ExecutionException: org.apache.ratis.thirdparty.io.grpc.StatusRuntimeException: UNAVAILABLE: io exception
	at java.util.concurrent.FutureTask.report(FutureTask.java:122)
	at java.util.concurrent.FutureTask.get(FutureTask.java:192)
	at org.apache.ratis.server.impl.LeaderElection.waitForResults(LeaderElection.java:259)
	at org.apache.ratis.server.impl.LeaderElection.askForVotes(LeaderElection.java:197)
	at org.apache.ratis.server.impl.LeaderElection.run(LeaderElection.java:133)
	at java.lang.Thread.run(Thread.java:748)
Caused by: org.apache.ratis.thirdparty.io.grpc.StatusRuntimeException: UNAVAILABLE: io exception
	at org.apache.ratis.thirdparty.io.grpc.stub.ClientCalls.toStatusRuntimeException(ClientCalls.java:233)
	at org.apache.ratis.thirdparty.io.grpc.stub.ClientCalls.getUnchecked(ClientCalls.java:214)
	at org.apache.ratis.thirdparty.io.grpc.stub.ClientCalls.blockingUnaryCall(ClientCalls.java:139)
	at org.apache.ratis.proto.grpc.RaftServerProtocolServiceGrpc$RaftServerProtocolServiceBlockingStub.requestVote(RaftServerProtocolServiceGrpc.java:265)
	at org.apache.ratis.grpc.server.GrpcServerProtocolClient.requestVote(GrpcServerProtocolClient.java:99)
	at org.apache.ratis.grpc.server.GrpcService.requestVote(GrpcService.java:204)
	at org.apache.ratis.server.impl.LeaderElection.lambda$submitRequests$1(LeaderElection.java:234)
	at java.util.concurrent.FutureTask.run(FutureTask.java:266)
	at java.util.concurrent.Executors$RunnableAdapter.call(Executors.java:511)
	at java.util.concurrent.FutureTask.run(FutureTask.java:266)
	at java.util.concurrent.ThreadPoolExecutor.runWorker(ThreadPoolExecutor.java:1149)
	at java.util.concurrent.ThreadPoolExecutor$Worker.run(ThreadPoolExecutor.java:624)
	... 1 more
Caused by: org.apache.ratis.thirdparty.io.netty.channel.AbstractChannel$AnnotatedConnectException: Connection refused: /192.168.164.241:46227
	at sun.nio.ch.SocketChannelImpl.checkConnect(Native Method)
	at sun.nio.ch.SocketChannelImpl.finishConnect(SocketChannelImpl.java:717)
	at org.apache.ratis.thirdparty.io.netty.channel.socket.nio.NioSocketChannel.doFinishConnect(NioSocketChannel.java:327)
	at org.apache.ratis.thirdparty.io.netty.channel.nio.AbstractNioChannel$AbstractNioUnsafe.finishConnect(AbstractNioChannel.java:340)
	at org.apache.ratis.thirdparty.io.netty.channel.nio.NioEventLoop.processSelectedKey(NioEventLoop.java:632)
	at org.apache.ratis.thirdparty.io.netty.channel.nio.NioEventLoop.processSelectedKeysOptimized(NioEventLoop.java:579)
	at org.apache.ratis.thirdparty.io.netty.channel.nio.NioEventLoop.processSelectedKeys(NioEventLoop.java:496)
	at org.apache.ratis.thirdparty.io.netty.channel.nio.NioEventLoop.run(NioEventLoop.java:458)
	at org.apache.ratis.thirdparty.io.netty.util.concurrent.SingleThreadEventExecutor$5.run(SingleThreadEventExecutor.java:897)
	at org.apache.ratis.thirdparty.io.netty.util.concurrent.FastThreadLocalRunnable.run(FastThreadLocalRunnable.java:30)
	... 1 more
Caused by: java.net.ConnectException: Connection refused
	... 11 more
2019-10-20 18:18:59,970 [grpc-default-executor-7] INFO  impl.RaftServerImpl (RaftServerImpl.java:setRole(184)) - 6ef27e9c-8ddb-4fa1-8c14-ab102acfb1b8@group-F11756C8BA4A: changes role from  FOLLOWER to FOLLOWER at term 239 for recognizeCandidate:b75f8b2e-6273-4c97-b7c5-042674931d23
2019-10-20 18:18:59,971 [grpc-default-executor-7] INFO  impl.RoleInfo (RoleInfo.java:shutdownFollowerState(121)) - 6ef27e9c-8ddb-4fa1-8c14-ab102acfb1b8: shutdown FollowerState
2019-10-20 18:18:59,971 [grpc-default-executor-7] INFO  impl.RoleInfo (RoleInfo.java:updateAndGet(143)) - 6ef27e9c-8ddb-4fa1-8c14-ab102acfb1b8: start FollowerState
2019-10-20 18:18:59,971 [Thread-3272] INFO  impl.FollowerState (FollowerState.java:run(117)) - 6ef27e9c-8ddb-4fa1-8c14-ab102acfb1b8@group-F11756C8BA4A-FollowerState was interrupted: java.lang.InterruptedException: sleep interrupted
2019-10-20 18:18:59,994 [b75f8b2e-6273-4c97-b7c5-042674931d23@group-F11756C8BA4A-LeaderElection417] INFO  impl.LeaderElection (LeaderElection.java:logAndReturn(56)) - b75f8b2e-6273-4c97-b7c5-042674931d23@group-F11756C8BA4A-LeaderElection417: Election REJECTED; received 1 response(s) [b75f8b2e-6273-4c97-b7c5-042674931d23<-6ef27e9c-8ddb-4fa1-8c14-ab102acfb1b8#0:FAIL-t239] and 1 exception(s); b75f8b2e-6273-4c97-b7c5-042674931d23@group-F11756C8BA4A:t239, leader=null, voted=b75f8b2e-6273-4c97-b7c5-042674931d23, raftlog=b75f8b2e-6273-4c97-b7c5-042674931d23@group-F11756C8BA4A-SegmentedRaftLog:OPENED:c-1,f-1,i0, conf=-1: [6ef27e9c-8ddb-4fa1-8c14-ab102acfb1b8:192.168.164.241:38092, b75f8b2e-6273-4c97-b7c5-042674931d23:192.168.164.241:41857, 3750b3a2-715b-46b3-9d0c-9e38136244b9:192.168.164.241:46227], old=null
2019-10-20 18:18:59,995 [b75f8b2e-6273-4c97-b7c5-042674931d23@group-F11756C8BA4A-LeaderElection417] INFO  impl.LeaderElection (LogUtils.java:infoOrTrace(149)) -   Exception 0: {}
java.util.concurrent.ExecutionException: org.apache.ratis.thirdparty.io.grpc.StatusRuntimeException: UNAVAILABLE: io exception
	at java.util.concurrent.FutureTask.report(FutureTask.java:122)
	at java.util.concurrent.FutureTask.get(FutureTask.java:192)
	at org.apache.ratis.server.impl.LeaderElection.waitForResults(LeaderElection.java:259)
	at org.apache.ratis.server.impl.LeaderElection.askForVotes(LeaderElection.java:197)
	at org.apache.ratis.server.impl.LeaderElection.run(LeaderElection.java:133)
	at java.lang.Thread.run(Thread.java:748)
Caused by: org.apache.ratis.thirdparty.io.grpc.StatusRuntimeException: UNAVAILABLE: io exception
	at org.apache.ratis.thirdparty.io.grpc.stub.ClientCalls.toStatusRuntimeException(ClientCalls.java:233)
	at org.apache.ratis.thirdparty.io.grpc.stub.ClientCalls.getUnchecked(ClientCalls.java:214)
	at org.apache.ratis.thirdparty.io.grpc.stub.ClientCalls.blockingUnaryCall(ClientCalls.java:139)
	at org.apache.ratis.proto.grpc.RaftServerProtocolServiceGrpc$RaftServerProtocolServiceBlockingStub.requestVote(RaftServerProtocolServiceGrpc.java:265)
	at org.apache.ratis.grpc.server.GrpcServerProtocolClient.requestVote(GrpcServerProtocolClient.java:99)
	at org.apache.ratis.grpc.server.GrpcService.requestVote(GrpcService.java:204)
	at org.apache.ratis.server.impl.LeaderElection.lambda$submitRequests$1(LeaderElection.java:234)
	at java.util.concurrent.FutureTask.run(FutureTask.java:266)
	at java.util.concurrent.Executors$RunnableAdapter.call(Executors.java:511)
	at java.util.concurrent.FutureTask.run(FutureTask.java:266)
	at java.util.concurrent.ThreadPoolExecutor.runWorker(ThreadPoolExecutor.java:1149)
	at java.util.concurrent.ThreadPoolExecutor$Worker.run(ThreadPoolExecutor.java:624)
	... 1 more
Caused by: org.apache.ratis.thirdparty.io.netty.channel.AbstractChannel$AnnotatedConnectException: Connection refused: /192.168.164.241:46227
	at sun.nio.ch.SocketChannelImpl.checkConnect(Native Method)
	at sun.nio.ch.SocketChannelImpl.finishConnect(SocketChannelImpl.java:717)
	at org.apache.ratis.thirdparty.io.netty.channel.socket.nio.NioSocketChannel.doFinishConnect(NioSocketChannel.java:327)
	at org.apache.ratis.thirdparty.io.netty.channel.nio.AbstractNioChannel$AbstractNioUnsafe.finishConnect(AbstractNioChannel.java:340)
	at org.apache.ratis.thirdparty.io.netty.channel.nio.NioEventLoop.processSelectedKey(NioEventLoop.java:632)
	at org.apache.ratis.thirdparty.io.netty.channel.nio.NioEventLoop.processSelectedKeysOptimized(NioEventLoop.java:579)
	at org.apache.ratis.thirdparty.io.netty.channel.nio.NioEventLoop.processSelectedKeys(NioEventLoop.java:496)
	at org.apache.ratis.thirdparty.io.netty.channel.nio.NioEventLoop.run(NioEventLoop.java:458)
	at org.apache.ratis.thirdparty.io.netty.util.concurrent.SingleThreadEventExecutor$5.run(SingleThreadEventExecutor.java:897)
	at org.apache.ratis.thirdparty.io.netty.util.concurrent.FastThreadLocalRunnable.run(FastThreadLocalRunnable.java:30)
	... 1 more
Caused by: java.net.ConnectException: Connection refused
	... 11 more
2019-10-20 18:18:59,995 [b75f8b2e-6273-4c97-b7c5-042674931d23@group-F11756C8BA4A-LeaderElection417] INFO  impl.RaftServerImpl (RaftServerImpl.java:setRole(184)) - b75f8b2e-6273-4c97-b7c5-042674931d23@group-F11756C8BA4A: changes role from CANDIDATE to FOLLOWER at term 239 for DISCOVERED_A_NEW_TERM
2019-10-20 18:18:59,995 [b75f8b2e-6273-4c97-b7c5-042674931d23@group-F11756C8BA4A-LeaderElection417] INFO  impl.RoleInfo (RoleInfo.java:shutdownLeaderElection(134)) - b75f8b2e-6273-4c97-b7c5-042674931d23: shutdown LeaderElection
2019-10-20 18:18:59,995 [b75f8b2e-6273-4c97-b7c5-042674931d23@group-F11756C8BA4A-LeaderElection417] INFO  impl.RoleInfo (RoleInfo.java:updateAndGet(143)) - b75f8b2e-6273-4c97-b7c5-042674931d23: start FollowerState
2019-10-20 18:19:00,087 [Thread-3277] INFO  impl.FollowerState (FollowerState.java:run(108)) - b75f8b2e-6273-4c97-b7c5-042674931d23@group-F11756C8BA4A-FollowerState: change to CANDIDATE, lastRpcTime:91ms, electionTimeout:91ms
2019-10-20 18:19:00,087 [Thread-3277] INFO  impl.RoleInfo (RoleInfo.java:shutdownFollowerState(121)) - b75f8b2e-6273-4c97-b7c5-042674931d23: shutdown FollowerState
2019-10-20 18:19:00,087 [Thread-3277] INFO  impl.RaftServerImpl (RaftServerImpl.java:setRole(184)) - b75f8b2e-6273-4c97-b7c5-042674931d23@group-F11756C8BA4A: changes role from  FOLLOWER to CANDIDATE at term 239 for changeToCandidate
2019-10-20 18:19:00,087 [Thread-3277] INFO  impl.RoleInfo (RoleInfo.java:updateAndGet(143)) - b75f8b2e-6273-4c97-b7c5-042674931d23: start LeaderElection
2019-10-20 18:19:00,118 [Thread-3273] INFO  impl.FollowerState (FollowerState.java:run(108)) - 399079f7-1eb1-4f37-b003-267572525934@group-D40A05E2FCF9-FollowerState: change to CANDIDATE, lastRpcTime:164ms, electionTimeout:164ms
2019-10-20 18:19:00,118 [Thread-3273] INFO  impl.RoleInfo (RoleInfo.java:shutdownFollowerState(121)) - 399079f7-1eb1-4f37-b003-267572525934: shutdown FollowerState
2019-10-20 18:19:00,118 [Thread-3273] INFO  impl.RaftServerImpl (RaftServerImpl.java:setRole(184)) - 399079f7-1eb1-4f37-b003-267572525934@group-D40A05E2FCF9: changes role from  FOLLOWER to CANDIDATE at term 237 for changeToCandidate
2019-10-20 18:19:00,118 [Thread-3273] INFO  impl.RoleInfo (RoleInfo.java:updateAndGet(143)) - 399079f7-1eb1-4f37-b003-267572525934: start LeaderElection
2019-10-20 18:19:00,128 [b75f8b2e-6273-4c97-b7c5-042674931d23@group-F11756C8BA4A-LeaderElection419] INFO  impl.LeaderElection (LeaderElection.java:askForVotes(178)) - b75f8b2e-6273-4c97-b7c5-042674931d23@group-F11756C8BA4A-LeaderElection419: begin an election at term 240 for -1: [6ef27e9c-8ddb-4fa1-8c14-ab102acfb1b8:192.168.164.241:38092, b75f8b2e-6273-4c97-b7c5-042674931d23:192.168.164.241:41857, 3750b3a2-715b-46b3-9d0c-9e38136244b9:192.168.164.241:46227], old=null
2019-10-20 18:19:00,128 [b75f8b2e-6273-4c97-b7c5-042674931d23@group-F11756C8BA4A-LeaderElection419] INFO  impl.LeaderElection (LeaderElection.java:logAndReturn(56)) - b75f8b2e-6273-4c97-b7c5-042674931d23@group-F11756C8BA4A-LeaderElection419: Election TIMEOUT; received 0 response(s) [] and 0 exception(s); b75f8b2e-6273-4c97-b7c5-042674931d23@group-F11756C8BA4A:t240, leader=null, voted=b75f8b2e-6273-4c97-b7c5-042674931d23, raftlog=b75f8b2e-6273-4c97-b7c5-042674931d23@group-F11756C8BA4A-SegmentedRaftLog:OPENED:c-1,f-1,i0, conf=-1: [6ef27e9c-8ddb-4fa1-8c14-ab102acfb1b8:192.168.164.241:38092, b75f8b2e-6273-4c97-b7c5-042674931d23:192.168.164.241:41857, 3750b3a2-715b-46b3-9d0c-9e38136244b9:192.168.164.241:46227], old=null
2019-10-20 18:19:00,130 [grpc-default-executor-7] INFO  impl.RaftServerImpl (RaftServerImpl.java:setRole(184)) - 6ef27e9c-8ddb-4fa1-8c14-ab102acfb1b8@group-F11756C8BA4A: changes role from  FOLLOWER to FOLLOWER at term 240 for recognizeCandidate:b75f8b2e-6273-4c97-b7c5-042674931d23
2019-10-20 18:19:00,130 [grpc-default-executor-7] INFO  impl.RoleInfo (RoleInfo.java:shutdownFollowerState(121)) - 6ef27e9c-8ddb-4fa1-8c14-ab102acfb1b8: shutdown FollowerState
2019-10-20 18:19:00,130 [grpc-default-executor-7] INFO  impl.RoleInfo (RoleInfo.java:updateAndGet(143)) - 6ef27e9c-8ddb-4fa1-8c14-ab102acfb1b8: start FollowerState
2019-10-20 18:19:00,130 [Thread-3276] INFO  impl.FollowerState (FollowerState.java:run(117)) - 6ef27e9c-8ddb-4fa1-8c14-ab102acfb1b8@group-F11756C8BA4A-FollowerState was interrupted: java.lang.InterruptedException: sleep interrupted
2019-10-20 18:19:00,144 [b75f8b2e-6273-4c97-b7c5-042674931d23@group-F11756C8BA4A-LeaderElection419] INFO  impl.LeaderElection (LeaderElection.java:askForVotes(178)) - b75f8b2e-6273-4c97-b7c5-042674931d23@group-F11756C8BA4A-LeaderElection419: begin an election at term 241 for -1: [6ef27e9c-8ddb-4fa1-8c14-ab102acfb1b8:192.168.164.241:38092, b75f8b2e-6273-4c97-b7c5-042674931d23:192.168.164.241:41857, 3750b3a2-715b-46b3-9d0c-9e38136244b9:192.168.164.241:46227], old=null
2019-10-20 18:19:00,145 [399079f7-1eb1-4f37-b003-267572525934@group-D40A05E2FCF9-LeaderElection420] INFO  impl.LeaderElection (LeaderElection.java:askForVotes(178)) - 399079f7-1eb1-4f37-b003-267572525934@group-D40A05E2FCF9-LeaderElection420: begin an election at term 238 for -1: [399079f7-1eb1-4f37-b003-267572525934:192.168.164.241:37762, 7a43c46a-fc88-4b2d-b2da-ae029cfa60ff:192.168.164.241:43684, 6c5c38af-62e6-4ea7-a24a-078dcb28fb39:192.168.164.241:45428], old=null
2019-10-20 18:19:00,146 [b75f8b2e-6273-4c97-b7c5-042674931d23@group-F11756C8BA4A-LeaderElection419] INFO  impl.LeaderElection (LogUtils.java:infoOrTrace(149)) - b75f8b2e-6273-4c97-b7c5-042674931d23@group-F11756C8BA4A-LeaderElection419 got exception when requesting votes: {}
java.util.concurrent.ExecutionException: org.apache.ratis.thirdparty.io.grpc.StatusRuntimeException: UNAVAILABLE: io exception
	at java.util.concurrent.FutureTask.report(FutureTask.java:122)
	at java.util.concurrent.FutureTask.get(FutureTask.java:192)
	at org.apache.ratis.server.impl.LeaderElection.waitForResults(LeaderElection.java:259)
	at org.apache.ratis.server.impl.LeaderElection.askForVotes(LeaderElection.java:197)
	at org.apache.ratis.server.impl.LeaderElection.run(LeaderElection.java:133)
	at java.lang.Thread.run(Thread.java:748)
Caused by: org.apache.ratis.thirdparty.io.grpc.StatusRuntimeException: UNAVAILABLE: io exception
	at org.apache.ratis.thirdparty.io.grpc.stub.ClientCalls.toStatusRuntimeException(ClientCalls.java:233)
	at org.apache.ratis.thirdparty.io.grpc.stub.ClientCalls.getUnchecked(ClientCalls.java:214)
	at org.apache.ratis.thirdparty.io.grpc.stub.ClientCalls.blockingUnaryCall(ClientCalls.java:139)
	at org.apache.ratis.proto.grpc.RaftServerProtocolServiceGrpc$RaftServerProtocolServiceBlockingStub.requestVote(RaftServerProtocolServiceGrpc.java:265)
	at org.apache.ratis.grpc.server.GrpcServerProtocolClient.requestVote(GrpcServerProtocolClient.java:99)
	at org.apache.ratis.grpc.server.GrpcService.requestVote(GrpcService.java:204)
	at org.apache.ratis.server.impl.LeaderElection.lambda$submitRequests$1(LeaderElection.java:234)
	at java.util.concurrent.FutureTask.run(FutureTask.java:266)
	at java.util.concurrent.Executors$RunnableAdapter.call(Executors.java:511)
	at java.util.concurrent.FutureTask.run(FutureTask.java:266)
	at java.util.concurrent.ThreadPoolExecutor.runWorker(ThreadPoolExecutor.java:1149)
	at java.util.concurrent.ThreadPoolExecutor$Worker.run(ThreadPoolExecutor.java:624)
	... 1 more
Caused by: org.apache.ratis.thirdparty.io.netty.channel.AbstractChannel$AnnotatedConnectException: Connection refused: /192.168.164.241:46227
	at sun.nio.ch.SocketChannelImpl.checkConnect(Native Method)
	at sun.nio.ch.SocketChannelImpl.finishConnect(SocketChannelImpl.java:717)
	at org.apache.ratis.thirdparty.io.netty.channel.socket.nio.NioSocketChannel.doFinishConnect(NioSocketChannel.java:327)
	at org.apache.ratis.thirdparty.io.netty.channel.nio.AbstractNioChannel$AbstractNioUnsafe.finishConnect(AbstractNioChannel.java:340)
	at org.apache.ratis.thirdparty.io.netty.channel.nio.NioEventLoop.processSelectedKey(NioEventLoop.java:632)
	at org.apache.ratis.thirdparty.io.netty.channel.nio.NioEventLoop.processSelectedKeysOptimized(NioEventLoop.java:579)
	at org.apache.ratis.thirdparty.io.netty.channel.nio.NioEventLoop.processSelectedKeys(NioEventLoop.java:496)
	at org.apache.ratis.thirdparty.io.netty.channel.nio.NioEventLoop.run(NioEventLoop.java:458)
	at org.apache.ratis.thirdparty.io.netty.util.concurrent.SingleThreadEventExecutor$5.run(SingleThreadEventExecutor.java:897)
	at org.apache.ratis.thirdparty.io.netty.util.concurrent.FastThreadLocalRunnable.run(FastThreadLocalRunnable.java:30)
	... 1 more
Caused by: java.net.ConnectException: Connection refused
	... 11 more
2019-10-20 18:19:00,146 [399079f7-1eb1-4f37-b003-267572525934@group-D40A05E2FCF9-LeaderElection420] INFO  impl.LeaderElection (LogUtils.java:infoOrTrace(149)) - 399079f7-1eb1-4f37-b003-267572525934@group-D40A05E2FCF9-LeaderElection420 got exception when requesting votes: {}
java.util.concurrent.ExecutionException: org.apache.ratis.thirdparty.io.grpc.StatusRuntimeException: UNAVAILABLE: io exception
	at java.util.concurrent.FutureTask.report(FutureTask.java:122)
	at java.util.concurrent.FutureTask.get(FutureTask.java:192)
	at org.apache.ratis.server.impl.LeaderElection.waitForResults(LeaderElection.java:259)
	at org.apache.ratis.server.impl.LeaderElection.askForVotes(LeaderElection.java:197)
	at org.apache.ratis.server.impl.LeaderElection.run(LeaderElection.java:133)
	at java.lang.Thread.run(Thread.java:748)
Caused by: org.apache.ratis.thirdparty.io.grpc.StatusRuntimeException: UNAVAILABLE: io exception
	at org.apache.ratis.thirdparty.io.grpc.stub.ClientCalls.toStatusRuntimeException(ClientCalls.java:233)
	at org.apache.ratis.thirdparty.io.grpc.stub.ClientCalls.getUnchecked(ClientCalls.java:214)
	at org.apache.ratis.thirdparty.io.grpc.stub.ClientCalls.blockingUnaryCall(ClientCalls.java:139)
	at org.apache.ratis.proto.grpc.RaftServerProtocolServiceGrpc$RaftServerProtocolServiceBlockingStub.requestVote(RaftServerProtocolServiceGrpc.java:265)
	at org.apache.ratis.grpc.server.GrpcServerProtocolClient.requestVote(GrpcServerProtocolClient.java:99)
	at org.apache.ratis.grpc.server.GrpcService.requestVote(GrpcService.java:204)
	at org.apache.ratis.server.impl.LeaderElection.lambda$submitRequests$1(LeaderElection.java:234)
	at java.util.concurrent.FutureTask.run(FutureTask.java:266)
	at java.util.concurrent.Executors$RunnableAdapter.call(Executors.java:511)
	at java.util.concurrent.FutureTask.run(FutureTask.java:266)
	at java.util.concurrent.ThreadPoolExecutor.runWorker(ThreadPoolExecutor.java:1149)
	at java.util.concurrent.ThreadPoolExecutor$Worker.run(ThreadPoolExecutor.java:624)
	... 1 more
Caused by: org.apache.ratis.thirdparty.io.netty.channel.AbstractChannel$AnnotatedConnectException: Connection refused: /192.168.164.241:45428
	at sun.nio.ch.SocketChannelImpl.checkConnect(Native Method)
	at sun.nio.ch.SocketChannelImpl.finishConnect(SocketChannelImpl.java:717)
	at org.apache.ratis.thirdparty.io.netty.channel.socket.nio.NioSocketChannel.doFinishConnect(NioSocketChannel.java:327)
	at org.apache.ratis.thirdparty.io.netty.channel.nio.AbstractNioChannel$AbstractNioUnsafe.finishConnect(AbstractNioChannel.java:340)
	at org.apache.ratis.thirdparty.io.netty.channel.nio.NioEventLoop.processSelectedKey(NioEventLoop.java:632)
	at org.apache.ratis.thirdparty.io.netty.channel.nio.NioEventLoop.processSelectedKeysOptimized(NioEventLoop.java:579)
	at org.apache.ratis.thirdparty.io.netty.channel.nio.NioEventLoop.processSelectedKeys(NioEventLoop.java:496)
	at org.apache.ratis.thirdparty.io.netty.channel.nio.NioEventLoop.run(NioEventLoop.java:458)
	at org.apache.ratis.thirdparty.io.netty.util.concurrent.SingleThreadEventExecutor$5.run(SingleThreadEventExecutor.java:897)
	at org.apache.ratis.thirdparty.io.netty.util.concurrent.FastThreadLocalRunnable.run(FastThreadLocalRunnable.java:30)
	... 1 more
Caused by: java.net.ConnectException: Connection refused
	... 11 more
2019-10-20 18:19:00,146 [grpc-default-executor-4] INFO  impl.RaftServerImpl (RaftServerImpl.java:setRole(184)) - 7a43c46a-fc88-4b2d-b2da-ae029cfa60ff@group-D40A05E2FCF9: changes role from  FOLLOWER to FOLLOWER at term 238 for recognizeCandidate:399079f7-1eb1-4f37-b003-267572525934
2019-10-20 18:19:00,147 [grpc-default-executor-4] INFO  impl.RoleInfo (RoleInfo.java:shutdownFollowerState(121)) - 7a43c46a-fc88-4b2d-b2da-ae029cfa60ff: shutdown FollowerState
2019-10-20 18:19:00,147 [grpc-default-executor-4] INFO  impl.RoleInfo (RoleInfo.java:updateAndGet(143)) - 7a43c46a-fc88-4b2d-b2da-ae029cfa60ff: start FollowerState
2019-10-20 18:19:00,147 [Thread-3271] INFO  impl.FollowerState (FollowerState.java:run(117)) - 7a43c46a-fc88-4b2d-b2da-ae029cfa60ff@group-D40A05E2FCF9-FollowerState was interrupted: java.lang.InterruptedException: sleep interrupted
2019-10-20 18:19:00,162 [grpc-default-executor-10] INFO  impl.RaftServerImpl (RaftServerImpl.java:setRole(184)) - 6ef27e9c-8ddb-4fa1-8c14-ab102acfb1b8@group-F11756C8BA4A: changes role from  FOLLOWER to FOLLOWER at term 241 for recognizeCandidate:b75f8b2e-6273-4c97-b7c5-042674931d23
2019-10-20 18:19:00,162 [grpc-default-executor-10] INFO  impl.RoleInfo (RoleInfo.java:shutdownFollowerState(121)) - 6ef27e9c-8ddb-4fa1-8c14-ab102acfb1b8: shutdown FollowerState
2019-10-20 18:19:00,162 [grpc-default-executor-10] INFO  impl.RoleInfo (RoleInfo.java:updateAndGet(143)) - 6ef27e9c-8ddb-4fa1-8c14-ab102acfb1b8: start FollowerState
2019-10-20 18:19:00,162 [Thread-3282] INFO  impl.FollowerState (FollowerState.java:run(117)) - 6ef27e9c-8ddb-4fa1-8c14-ab102acfb1b8@group-F11756C8BA4A-FollowerState was interrupted: java.lang.InterruptedException: sleep interrupted
2019-10-20 18:19:00,180 [b75f8b2e-6273-4c97-b7c5-042674931d23@group-F11756C8BA4A-LeaderElection419] INFO  impl.LeaderElection (LeaderElection.java:logAndReturn(56)) - b75f8b2e-6273-4c97-b7c5-042674931d23@group-F11756C8BA4A-LeaderElection419: Election REJECTED; received 1 response(s) [b75f8b2e-6273-4c97-b7c5-042674931d23<-6ef27e9c-8ddb-4fa1-8c14-ab102acfb1b8#0:FAIL-t241] and 1 exception(s); b75f8b2e-6273-4c97-b7c5-042674931d23@group-F11756C8BA4A:t241, leader=null, voted=b75f8b2e-6273-4c97-b7c5-042674931d23, raftlog=b75f8b2e-6273-4c97-b7c5-042674931d23@group-F11756C8BA4A-SegmentedRaftLog:OPENED:c-1,f-1,i0, conf=-1: [6ef27e9c-8ddb-4fa1-8c14-ab102acfb1b8:192.168.164.241:38092, b75f8b2e-6273-4c97-b7c5-042674931d23:192.168.164.241:41857, 3750b3a2-715b-46b3-9d0c-9e38136244b9:192.168.164.241:46227], old=null
2019-10-20 18:19:00,180 [399079f7-1eb1-4f37-b003-267572525934@group-D40A05E2FCF9-LeaderElection420] INFO  impl.LeaderElection (LeaderElection.java:logAndReturn(56)) - 399079f7-1eb1-4f37-b003-267572525934@group-D40A05E2FCF9-LeaderElection420: Election REJECTED; received 1 response(s) [399079f7-1eb1-4f37-b003-267572525934<-7a43c46a-fc88-4b2d-b2da-ae029cfa60ff#0:FAIL-t238] and 1 exception(s); 399079f7-1eb1-4f37-b003-267572525934@group-D40A05E2FCF9:t238, leader=null, voted=399079f7-1eb1-4f37-b003-267572525934, raftlog=399079f7-1eb1-4f37-b003-267572525934@group-D40A05E2FCF9-SegmentedRaftLog:OPENED:c-1,f-1,i0, conf=-1: [399079f7-1eb1-4f37-b003-267572525934:192.168.164.241:37762, 7a43c46a-fc88-4b2d-b2da-ae029cfa60ff:192.168.164.241:43684, 6c5c38af-62e6-4ea7-a24a-078dcb28fb39:192.168.164.241:45428], old=null
2019-10-20 18:19:00,180 [b75f8b2e-6273-4c97-b7c5-042674931d23@group-F11756C8BA4A-LeaderElection419] INFO  impl.LeaderElection (LogUtils.java:infoOrTrace(149)) -   Exception 0: {}
java.util.concurrent.ExecutionException: org.apache.ratis.thirdparty.io.grpc.StatusRuntimeException: UNAVAILABLE: io exception
	at java.util.concurrent.FutureTask.report(FutureTask.java:122)
	at java.util.concurrent.FutureTask.get(FutureTask.java:192)
	at org.apache.ratis.server.impl.LeaderElection.waitForResults(LeaderElection.java:259)
	at org.apache.ratis.server.impl.LeaderElection.askForVotes(LeaderElection.java:197)
	at org.apache.ratis.server.impl.LeaderElection.run(LeaderElection.java:133)
	at java.lang.Thread.run(Thread.java:748)
Caused by: org.apache.ratis.thirdparty.io.grpc.StatusRuntimeException: UNAVAILABLE: io exception
	at org.apache.ratis.thirdparty.io.grpc.stub.ClientCalls.toStatusRuntimeException(ClientCalls.java:233)
	at org.apache.ratis.thirdparty.io.grpc.stub.ClientCalls.getUnchecked(ClientCalls.java:214)
	at org.apache.ratis.thirdparty.io.grpc.stub.ClientCalls.blockingUnaryCall(ClientCalls.java:139)
	at org.apache.ratis.proto.grpc.RaftServerProtocolServiceGrpc$RaftServerProtocolServiceBlockingStub.requestVote(RaftServerProtocolServiceGrpc.java:265)
	at org.apache.ratis.grpc.server.GrpcServerProtocolClient.requestVote(GrpcServerProtocolClient.java:99)
	at org.apache.ratis.grpc.server.GrpcService.requestVote(GrpcService.java:204)
	at org.apache.ratis.server.impl.LeaderElection.lambda$submitRequests$1(LeaderElection.java:234)
	at java.util.concurrent.FutureTask.run(FutureTask.java:266)
	at java.util.concurrent.Executors$RunnableAdapter.call(Executors.java:511)
	at java.util.concurrent.FutureTask.run(FutureTask.java:266)
	at java.util.concurrent.ThreadPoolExecutor.runWorker(ThreadPoolExecutor.java:1149)
	at java.util.concurrent.ThreadPoolExecutor$Worker.run(ThreadPoolExecutor.java:624)
	... 1 more
Caused by: org.apache.ratis.thirdparty.io.netty.channel.AbstractChannel$AnnotatedConnectException: Connection refused: /192.168.164.241:46227
	at sun.nio.ch.SocketChannelImpl.checkConnect(Native Method)
	at sun.nio.ch.SocketChannelImpl.finishConnect(SocketChannelImpl.java:717)
	at org.apache.ratis.thirdparty.io.netty.channel.socket.nio.NioSocketChannel.doFinishConnect(NioSocketChannel.java:327)
	at org.apache.ratis.thirdparty.io.netty.channel.nio.AbstractNioChannel$AbstractNioUnsafe.finishConnect(AbstractNioChannel.java:340)
	at org.apache.ratis.thirdparty.io.netty.channel.nio.NioEventLoop.processSelectedKey(NioEventLoop.java:632)
	at org.apache.ratis.thirdparty.io.netty.channel.nio.NioEventLoop.processSelectedKeysOptimized(NioEventLoop.java:579)
	at org.apache.ratis.thirdparty.io.netty.channel.nio.NioEventLoop.processSelectedKeys(NioEventLoop.java:496)
	at org.apache.ratis.thirdparty.io.netty.channel.nio.NioEventLoop.run(NioEventLoop.java:458)
	at org.apache.ratis.thirdparty.io.netty.util.concurrent.SingleThreadEventExecutor$5.run(SingleThreadEventExecutor.java:897)
	at org.apache.ratis.thirdparty.io.netty.util.concurrent.FastThreadLocalRunnable.run(FastThreadLocalRunnable.java:30)
	... 1 more
Caused by: java.net.ConnectException: Connection refused
	... 11 more
2019-10-20 18:19:00,181 [399079f7-1eb1-4f37-b003-267572525934@group-D40A05E2FCF9-LeaderElection420] INFO  impl.LeaderElection (LogUtils.java:infoOrTrace(149)) -   Exception 0: {}
java.util.concurrent.ExecutionException: org.apache.ratis.thirdparty.io.grpc.StatusRuntimeException: UNAVAILABLE: io exception
	at java.util.concurrent.FutureTask.report(FutureTask.java:122)
	at java.util.concurrent.FutureTask.get(FutureTask.java:192)
	at org.apache.ratis.server.impl.LeaderElection.waitForResults(LeaderElection.java:259)
	at org.apache.ratis.server.impl.LeaderElection.askForVotes(LeaderElection.java:197)
	at org.apache.ratis.server.impl.LeaderElection.run(LeaderElection.java:133)
	at java.lang.Thread.run(Thread.java:748)
Caused by: org.apache.ratis.thirdparty.io.grpc.StatusRuntimeException: UNAVAILABLE: io exception
	at org.apache.ratis.thirdparty.io.grpc.stub.ClientCalls.toStatusRuntimeException(ClientCalls.java:233)
	at org.apache.ratis.thirdparty.io.grpc.stub.ClientCalls.getUnchecked(ClientCalls.java:214)
	at org.apache.ratis.thirdparty.io.grpc.stub.ClientCalls.blockingUnaryCall(ClientCalls.java:139)
	at org.apache.ratis.proto.grpc.RaftServerProtocolServiceGrpc$RaftServerProtocolServiceBlockingStub.requestVote(RaftServerProtocolServiceGrpc.java:265)
	at org.apache.ratis.grpc.server.GrpcServerProtocolClient.requestVote(GrpcServerProtocolClient.java:99)
	at org.apache.ratis.grpc.server.GrpcService.requestVote(GrpcService.java:204)
	at org.apache.ratis.server.impl.LeaderElection.lambda$submitRequests$1(LeaderElection.java:234)
	at java.util.concurrent.FutureTask.run(FutureTask.java:266)
	at java.util.concurrent.Executors$RunnableAdapter.call(Executors.java:511)
	at java.util.concurrent.FutureTask.run(FutureTask.java:266)
	at java.util.concurrent.ThreadPoolExecutor.runWorker(ThreadPoolExecutor.java:1149)
	at java.util.concurrent.ThreadPoolExecutor$Worker.run(ThreadPoolExecutor.java:624)
	... 1 more
Caused by: org.apache.ratis.thirdparty.io.netty.channel.AbstractChannel$AnnotatedConnectException: Connection refused: /192.168.164.241:45428
	at sun.nio.ch.SocketChannelImpl.checkConnect(Native Method)
	at sun.nio.ch.SocketChannelImpl.finishConnect(SocketChannelImpl.java:717)
	at org.apache.ratis.thirdparty.io.netty.channel.socket.nio.NioSocketChannel.doFinishConnect(NioSocketChannel.java:327)
	at org.apache.ratis.thirdparty.io.netty.channel.nio.AbstractNioChannel$AbstractNioUnsafe.finishConnect(AbstractNioChannel.java:340)
	at org.apache.ratis.thirdparty.io.netty.channel.nio.NioEventLoop.processSelectedKey(NioEventLoop.java:632)
	at org.apache.ratis.thirdparty.io.netty.channel.nio.NioEventLoop.processSelectedKeysOptimized(NioEventLoop.java:579)
	at org.apache.ratis.thirdparty.io.netty.channel.nio.NioEventLoop.processSelectedKeys(NioEventLoop.java:496)
	at org.apache.ratis.thirdparty.io.netty.channel.nio.NioEventLoop.run(NioEventLoop.java:458)
	at org.apache.ratis.thirdparty.io.netty.util.concurrent.SingleThreadEventExecutor$5.run(SingleThreadEventExecutor.java:897)
	at org.apache.ratis.thirdparty.io.netty.util.concurrent.FastThreadLocalRunnable.run(FastThreadLocalRunnable.java:30)
	... 1 more
Caused by: java.net.ConnectException: Connection refused
	... 11 more
2019-10-20 18:19:00,181 [b75f8b2e-6273-4c97-b7c5-042674931d23@group-F11756C8BA4A-LeaderElection419] INFO  impl.RaftServerImpl (RaftServerImpl.java:setRole(184)) - b75f8b2e-6273-4c97-b7c5-042674931d23@group-F11756C8BA4A: changes role from CANDIDATE to FOLLOWER at term 241 for DISCOVERED_A_NEW_TERM
2019-10-20 18:19:00,181 [b75f8b2e-6273-4c97-b7c5-042674931d23@group-F11756C8BA4A-LeaderElection419] INFO  impl.RoleInfo (RoleInfo.java:shutdownLeaderElection(134)) - b75f8b2e-6273-4c97-b7c5-042674931d23: shutdown LeaderElection
2019-10-20 18:19:00,181 [399079f7-1eb1-4f37-b003-267572525934@group-D40A05E2FCF9-LeaderElection420] INFO  impl.RaftServerImpl (RaftServerImpl.java:setRole(184)) - 399079f7-1eb1-4f37-b003-267572525934@group-D40A05E2FCF9: changes role from CANDIDATE to FOLLOWER at term 238 for DISCOVERED_A_NEW_TERM
2019-10-20 18:19:00,182 [399079f7-1eb1-4f37-b003-267572525934@group-D40A05E2FCF9-LeaderElection420] INFO  impl.RoleInfo (RoleInfo.java:shutdownLeaderElection(134)) - 399079f7-1eb1-4f37-b003-267572525934: shutdown LeaderElection
2019-10-20 18:19:00,181 [b75f8b2e-6273-4c97-b7c5-042674931d23@group-F11756C8BA4A-LeaderElection419] INFO  impl.RoleInfo (RoleInfo.java:updateAndGet(143)) - b75f8b2e-6273-4c97-b7c5-042674931d23: start FollowerState
2019-10-20 18:19:00,182 [399079f7-1eb1-4f37-b003-267572525934@group-D40A05E2FCF9-LeaderElection420] INFO  impl.RoleInfo (RoleInfo.java:updateAndGet(143)) - 399079f7-1eb1-4f37-b003-267572525934: start FollowerState
2019-10-20 18:19:00,182 [Thread-3289] INFO  impl.FollowerState (FollowerState.java:run(108)) - b75f8b2e-6273-4c97-b7c5-042674931d23@group-F11756C8BA4A-FollowerState: change to CANDIDATE, lastRpcTime:0ms, electionTimeout:0ms
2019-10-20 18:19:00,182 [Thread-3289] INFO  impl.RoleInfo (RoleInfo.java:shutdownFollowerState(121)) - b75f8b2e-6273-4c97-b7c5-042674931d23: shutdown FollowerState
2019-10-20 18:19:00,182 [Thread-3289] INFO  impl.RaftServerImpl (RaftServerImpl.java:setRole(184)) - b75f8b2e-6273-4c97-b7c5-042674931d23@group-F11756C8BA4A: changes role from  FOLLOWER to CANDIDATE at term 241 for changeToCandidate
2019-10-20 18:19:00,183 [Thread-3289] INFO  impl.RoleInfo (RoleInfo.java:updateAndGet(143)) - b75f8b2e-6273-4c97-b7c5-042674931d23: start LeaderElection
2019-10-20 18:19:00,187 [java.util.concurrent.ThreadPoolExecutor$Worker@43a22d17[State = -1, empty queue]] WARN  server.GrpcLogAppender (GrpcLogAppender.java:timeoutAppendRequest(209)) - a6e136fe-e391-4364-8a60-53801fc9277d@group-AF4EDA66FDC9->eb28ec45-9b2b-44d6-ae7e-a31feda643bc-GrpcLogAppender: appendEntries Timeout, request=a6e136fe-e391-4364-8a60-53801fc9277d->eb28ec45-9b2b-44d6-ae7e-a31feda643bc#1-t2, previous=(t:1, i:20), leaderCommit=22, initializing? false, entries: <empty>
2019-10-20 18:19:00,198 [Thread-3290] INFO  impl.FollowerState (FollowerState.java:run(108)) - 399079f7-1eb1-4f37-b003-267572525934@group-D40A05E2FCF9-FollowerState: change to CANDIDATE, lastRpcTime:16ms, electionTimeout:16ms
2019-10-20 18:19:00,198 [Thread-3290] INFO  impl.RoleInfo (RoleInfo.java:shutdownFollowerState(121)) - 399079f7-1eb1-4f37-b003-267572525934: shutdown FollowerState
2019-10-20 18:19:00,198 [Thread-3290] INFO  impl.RaftServerImpl (RaftServerImpl.java:setRole(184)) - 399079f7-1eb1-4f37-b003-267572525934@group-D40A05E2FCF9: changes role from  FOLLOWER to CANDIDATE at term 238 for changeToCandidate
2019-10-20 18:19:00,199 [Thread-3290] INFO  impl.RoleInfo (RoleInfo.java:updateAndGet(143)) - 399079f7-1eb1-4f37-b003-267572525934: start LeaderElection
2019-10-20 18:19:00,205 [b75f8b2e-6273-4c97-b7c5-042674931d23@group-F11756C8BA4A-LeaderElection421] INFO  impl.LeaderElection (LeaderElection.java:askForVotes(178)) - b75f8b2e-6273-4c97-b7c5-042674931d23@group-F11756C8BA4A-LeaderElection421: begin an election at term 242 for -1: [6ef27e9c-8ddb-4fa1-8c14-ab102acfb1b8:192.168.164.241:38092, b75f8b2e-6273-4c97-b7c5-042674931d23:192.168.164.241:41857, 3750b3a2-715b-46b3-9d0c-9e38136244b9:192.168.164.241:46227], old=null
2019-10-20 18:19:00,206 [b75f8b2e-6273-4c97-b7c5-042674931d23@group-F11756C8BA4A-LeaderElection421] INFO  impl.LeaderElection (LogUtils.java:infoOrTrace(149)) - b75f8b2e-6273-4c97-b7c5-042674931d23@group-F11756C8BA4A-LeaderElection421 got exception when requesting votes: {}
java.util.concurrent.ExecutionException: org.apache.ratis.thirdparty.io.grpc.StatusRuntimeException: UNAVAILABLE: io exception
	at java.util.concurrent.FutureTask.report(FutureTask.java:122)
	at java.util.concurrent.FutureTask.get(FutureTask.java:192)
	at org.apache.ratis.server.impl.LeaderElection.waitForResults(LeaderElection.java:259)
	at org.apache.ratis.server.impl.LeaderElection.askForVotes(LeaderElection.java:197)
	at org.apache.ratis.server.impl.LeaderElection.run(LeaderElection.java:133)
	at java.lang.Thread.run(Thread.java:748)
Caused by: org.apache.ratis.thirdparty.io.grpc.StatusRuntimeException: UNAVAILABLE: io exception
	at org.apache.ratis.thirdparty.io.grpc.stub.ClientCalls.toStatusRuntimeException(ClientCalls.java:233)
	at org.apache.ratis.thirdparty.io.grpc.stub.ClientCalls.getUnchecked(ClientCalls.java:214)
	at org.apache.ratis.thirdparty.io.grpc.stub.ClientCalls.blockingUnaryCall(ClientCalls.java:139)
	at org.apache.ratis.proto.grpc.RaftServerProtocolServiceGrpc$RaftServerProtocolServiceBlockingStub.requestVote(RaftServerProtocolServiceGrpc.java:265)
	at org.apache.ratis.grpc.server.GrpcServerProtocolClient.requestVote(GrpcServerProtocolClient.java:99)
	at org.apache.ratis.grpc.server.GrpcService.requestVote(GrpcService.java:204)
	at org.apache.ratis.server.impl.LeaderElection.lambda$submitRequests$1(LeaderElection.java:234)
	at java.util.concurrent.FutureTask.run(FutureTask.java:266)
	at java.util.concurrent.Executors$RunnableAdapter.call(Executors.java:511)
	at java.util.concurrent.FutureTask.run(FutureTask.java:266)
	at java.util.concurrent.ThreadPoolExecutor.runWorker(ThreadPoolExecutor.java:1149)
	at java.util.concurrent.ThreadPoolExecutor$Worker.run(ThreadPoolExecutor.java:624)
	... 1 more
Caused by: org.apache.ratis.thirdparty.io.netty.channel.AbstractChannel$AnnotatedConnectException: Connection refused: /192.168.164.241:46227
	at sun.nio.ch.SocketChannelImpl.checkConnect(Native Method)
	at sun.nio.ch.SocketChannelImpl.finishConnect(SocketChannelImpl.java:717)
	at org.apache.ratis.thirdparty.io.netty.channel.socket.nio.NioSocketChannel.doFinishConnect(NioSocketChannel.java:327)
	at org.apache.ratis.thirdparty.io.netty.channel.nio.AbstractNioChannel$AbstractNioUnsafe.finishConnect(AbstractNioChannel.java:340)
	at org.apache.ratis.thirdparty.io.netty.channel.nio.NioEventLoop.processSelectedKey(NioEventLoop.java:632)
	at org.apache.ratis.thirdparty.io.netty.channel.nio.NioEventLoop.processSelectedKeysOptimized(NioEventLoop.java:579)
	at org.apache.ratis.thirdparty.io.netty.channel.nio.NioEventLoop.processSelectedKeys(NioEventLoop.java:496)
	at org.apache.ratis.thirdparty.io.netty.channel.nio.NioEventLoop.run(NioEventLoop.java:458)
	at org.apache.ratis.thirdparty.io.netty.util.concurrent.SingleThreadEventExecutor$5.run(SingleThreadEventExecutor.java:897)
	at org.apache.ratis.thirdparty.io.netty.util.concurrent.FastThreadLocalRunnable.run(FastThreadLocalRunnable.java:30)
	... 1 more
Caused by: java.net.ConnectException: Connection refused
	... 11 more
2019-10-20 18:19:00,207 [grpc-default-executor-10] INFO  impl.RaftServerImpl (RaftServerImpl.java:setRole(184)) - 6ef27e9c-8ddb-4fa1-8c14-ab102acfb1b8@group-F11756C8BA4A: changes role from  FOLLOWER to FOLLOWER at term 242 for recognizeCandidate:b75f8b2e-6273-4c97-b7c5-042674931d23
2019-10-20 18:19:00,207 [grpc-default-executor-10] INFO  impl.RoleInfo (RoleInfo.java:shutdownFollowerState(121)) - 6ef27e9c-8ddb-4fa1-8c14-ab102acfb1b8: shutdown FollowerState
2019-10-20 18:19:00,207 [grpc-default-executor-10] INFO  impl.RoleInfo (RoleInfo.java:updateAndGet(143)) - 6ef27e9c-8ddb-4fa1-8c14-ab102acfb1b8: start FollowerState
2019-10-20 18:19:00,207 [Thread-3288] INFO  impl.FollowerState (FollowerState.java:run(117)) - 6ef27e9c-8ddb-4fa1-8c14-ab102acfb1b8@group-F11756C8BA4A-FollowerState was interrupted: java.lang.InterruptedException: sleep interrupted
2019-10-20 18:19:00,222 [399079f7-1eb1-4f37-b003-267572525934@group-D40A05E2FCF9-LeaderElection422] INFO  impl.LeaderElection (LeaderElection.java:askForVotes(178)) - 399079f7-1eb1-4f37-b003-267572525934@group-D40A05E2FCF9-LeaderElection422: begin an election at term 239 for -1: [399079f7-1eb1-4f37-b003-267572525934:192.168.164.241:37762, 7a43c46a-fc88-4b2d-b2da-ae029cfa60ff:192.168.164.241:43684, 6c5c38af-62e6-4ea7-a24a-078dcb28fb39:192.168.164.241:45428], old=null
2019-10-20 18:19:00,223 [b75f8b2e-6273-4c97-b7c5-042674931d23@group-F11756C8BA4A-LeaderElection421] INFO  impl.LeaderElection (LeaderElection.java:logAndReturn(56)) - b75f8b2e-6273-4c97-b7c5-042674931d23@group-F11756C8BA4A-LeaderElection421: Election REJECTED; received 1 response(s) [b75f8b2e-6273-4c97-b7c5-042674931d23<-6ef27e9c-8ddb-4fa1-8c14-ab102acfb1b8#0:FAIL-t242] and 1 exception(s); b75f8b2e-6273-4c97-b7c5-042674931d23@group-F11756C8BA4A:t242, leader=null, voted=b75f8b2e-6273-4c97-b7c5-042674931d23, raftlog=b75f8b2e-6273-4c97-b7c5-042674931d23@group-F11756C8BA4A-SegmentedRaftLog:OPENED:c-1,f-1,i0, conf=-1: [6ef27e9c-8ddb-4fa1-8c14-ab102acfb1b8:192.168.164.241:38092, b75f8b2e-6273-4c97-b7c5-042674931d23:192.168.164.241:41857, 3750b3a2-715b-46b3-9d0c-9e38136244b9:192.168.164.241:46227], old=null
2019-10-20 18:19:00,223 [b75f8b2e-6273-4c97-b7c5-042674931d23@group-F11756C8BA4A-LeaderElection421] INFO  impl.LeaderElection (LogUtils.java:infoOrTrace(149)) -   Exception 0: {}
java.util.concurrent.ExecutionException: org.apache.ratis.thirdparty.io.grpc.StatusRuntimeException: UNAVAILABLE: io exception
	at java.util.concurrent.FutureTask.report(FutureTask.java:122)
	at java.util.concurrent.FutureTask.get(FutureTask.java:192)
	at org.apache.ratis.server.impl.LeaderElection.waitForResults(LeaderElection.java:259)
	at org.apache.ratis.server.impl.LeaderElection.askForVotes(LeaderElection.java:197)
	at org.apache.ratis.server.impl.LeaderElection.run(LeaderElection.java:133)
	at java.lang.Thread.run(Thread.java:748)
Caused by: org.apache.ratis.thirdparty.io.grpc.StatusRuntimeException: UNAVAILABLE: io exception
	at org.apache.ratis.thirdparty.io.grpc.stub.ClientCalls.toStatusRuntimeException(ClientCalls.java:233)
	at org.apache.ratis.thirdparty.io.grpc.stub.ClientCalls.getUnchecked(ClientCalls.java:214)
	at org.apache.ratis.thirdparty.io.grpc.stub.ClientCalls.blockingUnaryCall(ClientCalls.java:139)
	at org.apache.ratis.proto.grpc.RaftServerProtocolServiceGrpc$RaftServerProtocolServiceBlockingStub.requestVote(RaftServerProtocolServiceGrpc.java:265)
	at org.apache.ratis.grpc.server.GrpcServerProtocolClient.requestVote(GrpcServerProtocolClient.java:99)
	at org.apache.ratis.grpc.server.GrpcService.requestVote(GrpcService.java:204)
	at org.apache.ratis.server.impl.LeaderElection.lambda$submitRequests$1(LeaderElection.java:234)
	at java.util.concurrent.FutureTask.run(FutureTask.java:266)
	at java.util.concurrent.Executors$RunnableAdapter.call(Executors.java:511)
	at java.util.concurrent.FutureTask.run(FutureTask.java:266)
	at java.util.concurrent.ThreadPoolExecutor.runWorker(ThreadPoolExecutor.java:1149)
	at java.util.concurrent.ThreadPoolExecutor$Worker.run(ThreadPoolExecutor.java:624)
	... 1 more
Caused by: org.apache.ratis.thirdparty.io.netty.channel.AbstractChannel$AnnotatedConnectException: Connection refused: /192.168.164.241:46227
	at sun.nio.ch.SocketChannelImpl.checkConnect(Native Method)
	at sun.nio.ch.SocketChannelImpl.finishConnect(SocketChannelImpl.java:717)
	at org.apache.ratis.thirdparty.io.netty.channel.socket.nio.NioSocketChannel.doFinishConnect(NioSocketChannel.java:327)
	at org.apache.ratis.thirdparty.io.netty.channel.nio.AbstractNioChannel$AbstractNioUnsafe.finishConnect(AbstractNioChannel.java:340)
	at org.apache.ratis.thirdparty.io.netty.channel.nio.NioEventLoop.processSelectedKey(NioEventLoop.java:632)
	at org.apache.ratis.thirdparty.io.netty.channel.nio.NioEventLoop.processSelectedKeysOptimized(NioEventLoop.java:579)
	at org.apache.ratis.thirdparty.io.netty.channel.nio.NioEventLoop.processSelectedKeys(NioEventLoop.java:496)
	at org.apache.ratis.thirdparty.io.netty.channel.nio.NioEventLoop.run(NioEventLoop.java:458)
	at org.apache.ratis.thirdparty.io.netty.util.concurrent.SingleThreadEventExecutor$5.run(SingleThreadEventExecutor.java:897)
	at org.apache.ratis.thirdparty.io.netty.util.concurrent.FastThreadLocalRunnable.run(FastThreadLocalRunnable.java:30)
	... 1 more
Caused by: java.net.ConnectException: Connection refused
	... 11 more
2019-10-20 18:19:00,223 [b75f8b2e-6273-4c97-b7c5-042674931d23@group-F11756C8BA4A-LeaderElection421] INFO  impl.RaftServerImpl (RaftServerImpl.java:setRole(184)) - b75f8b2e-6273-4c97-b7c5-042674931d23@group-F11756C8BA4A: changes role from CANDIDATE to FOLLOWER at term 242 for DISCOVERED_A_NEW_TERM
2019-10-20 18:19:00,223 [399079f7-1eb1-4f37-b003-267572525934@group-D40A05E2FCF9-LeaderElection422] INFO  impl.LeaderElection (LogUtils.java:infoOrTrace(149)) - 399079f7-1eb1-4f37-b003-267572525934@group-D40A05E2FCF9-LeaderElection422 got exception when requesting votes: {}
java.util.concurrent.ExecutionException: org.apache.ratis.thirdparty.io.grpc.StatusRuntimeException: UNAVAILABLE: io exception
	at java.util.concurrent.FutureTask.report(FutureTask.java:122)
	at java.util.concurrent.FutureTask.get(FutureTask.java:192)
	at org.apache.ratis.server.impl.LeaderElection.waitForResults(LeaderElection.java:259)
	at org.apache.ratis.server.impl.LeaderElection.askForVotes(LeaderElection.java:197)
	at org.apache.ratis.server.impl.LeaderElection.run(LeaderElection.java:133)
	at java.lang.Thread.run(Thread.java:748)
Caused by: org.apache.ratis.thirdparty.io.grpc.StatusRuntimeException: UNAVAILABLE: io exception
	at org.apache.ratis.thirdparty.io.grpc.stub.ClientCalls.toStatusRuntimeException(ClientCalls.java:233)
	at org.apache.ratis.thirdparty.io.grpc.stub.ClientCalls.getUnchecked(ClientCalls.java:214)
	at org.apache.ratis.thirdparty.io.grpc.stub.ClientCalls.blockingUnaryCall(ClientCalls.java:139)
	at org.apache.ratis.proto.grpc.RaftServerProtocolServiceGrpc$RaftServerProtocolServiceBlockingStub.requestVote(RaftServerProtocolServiceGrpc.java:265)
	at org.apache.ratis.grpc.server.GrpcServerProtocolClient.requestVote(GrpcServerProtocolClient.java:99)
	at org.apache.ratis.grpc.server.GrpcService.requestVote(GrpcService.java:204)
	at org.apache.ratis.server.impl.LeaderElection.lambda$submitRequests$1(LeaderElection.java:234)
	at java.util.concurrent.FutureTask.run(FutureTask.java:266)
	at java.util.concurrent.Executors$RunnableAdapter.call(Executors.java:511)
	at java.util.concurrent.FutureTask.run(FutureTask.java:266)
	at java.util.concurrent.ThreadPoolExecutor.runWorker(ThreadPoolExecutor.java:1149)
	at java.util.concurrent.ThreadPoolExecutor$Worker.run(ThreadPoolExecutor.java:624)
	... 1 more
Caused by: org.apache.ratis.thirdparty.io.netty.channel.AbstractChannel$AnnotatedConnectException: Connection refused: /192.168.164.241:45428
	at sun.nio.ch.SocketChannelImpl.checkConnect(Native Method)
	at sun.nio.ch.SocketChannelImpl.finishConnect(SocketChannelImpl.java:717)
	at org.apache.ratis.thirdparty.io.netty.channel.socket.nio.NioSocketChannel.doFinishConnect(NioSocketChannel.java:327)
	at org.apache.ratis.thirdparty.io.netty.channel.nio.AbstractNioChannel$AbstractNioUnsafe.finishConnect(AbstractNioChannel.java:340)
	at org.apache.ratis.thirdparty.io.netty.channel.nio.NioEventLoop.processSelectedKey(NioEventLoop.java:632)
	at org.apache.ratis.thirdparty.io.netty.channel.nio.NioEventLoop.processSelectedKeysOptimized(NioEventLoop.java:579)
	at org.apache.ratis.thirdparty.io.netty.channel.nio.NioEventLoop.processSelectedKeys(NioEventLoop.java:496)
	at org.apache.ratis.thirdparty.io.netty.channel.nio.NioEventLoop.run(NioEventLoop.java:458)
	at org.apache.ratis.thirdparty.io.netty.util.concurrent.SingleThreadEventExecutor$5.run(SingleThreadEventExecutor.java:897)
	at org.apache.ratis.thirdparty.io.netty.util.concurrent.FastThreadLocalRunnable.run(FastThreadLocalRunnable.java:30)
	... 1 more
Caused by: java.net.ConnectException: Connection refused
	... 11 more
2019-10-20 18:19:00,223 [grpc-default-executor-10] INFO  impl.RaftServerImpl (RaftServerImpl.java:setRole(184)) - 7a43c46a-fc88-4b2d-b2da-ae029cfa60ff@group-D40A05E2FCF9: changes role from  FOLLOWER to FOLLOWER at term 239 for recognizeCandidate:399079f7-1eb1-4f37-b003-267572525934
2019-10-20 18:19:00,224 [grpc-default-executor-10] INFO  impl.RoleInfo (RoleInfo.java:shutdownFollowerState(121)) - 7a43c46a-fc88-4b2d-b2da-ae029cfa60ff: shutdown FollowerState
2019-10-20 18:19:00,223 [b75f8b2e-6273-4c97-b7c5-042674931d23@group-F11756C8BA4A-LeaderElection421] INFO  impl.RoleInfo (RoleInfo.java:shutdownLeaderElection(134)) - b75f8b2e-6273-4c97-b7c5-042674931d23: shutdown LeaderElection
2019-10-20 18:19:00,224 [grpc-default-executor-10] INFO  impl.RoleInfo (RoleInfo.java:updateAndGet(143)) - 7a43c46a-fc88-4b2d-b2da-ae029cfa60ff: start FollowerState
2019-10-20 18:19:00,224 [b75f8b2e-6273-4c97-b7c5-042674931d23@group-F11756C8BA4A-LeaderElection421] INFO  impl.RoleInfo (RoleInfo.java:updateAndGet(143)) - b75f8b2e-6273-4c97-b7c5-042674931d23: start FollowerState
2019-10-20 18:19:00,224 [Thread-3287] INFO  impl.FollowerState (FollowerState.java:run(117)) - 7a43c46a-fc88-4b2d-b2da-ae029cfa60ff@group-D40A05E2FCF9-FollowerState was interrupted: java.lang.InterruptedException: sleep interrupted
2019-10-20 18:19:00,248 [399079f7-1eb1-4f37-b003-267572525934@group-D40A05E2FCF9-LeaderElection422] INFO  impl.LeaderElection (LeaderElection.java:logAndReturn(56)) - 399079f7-1eb1-4f37-b003-267572525934@group-D40A05E2FCF9-LeaderElection422: Election REJECTED; received 1 response(s) [399079f7-1eb1-4f37-b003-267572525934<-7a43c46a-fc88-4b2d-b2da-ae029cfa60ff#0:FAIL-t239] and 1 exception(s); 399079f7-1eb1-4f37-b003-267572525934@group-D40A05E2FCF9:t239, leader=null, voted=399079f7-1eb1-4f37-b003-267572525934, raftlog=399079f7-1eb1-4f37-b003-267572525934@group-D40A05E2FCF9-SegmentedRaftLog:OPENED:c-1,f-1,i0, conf=-1: [399079f7-1eb1-4f37-b003-267572525934:192.168.164.241:37762, 7a43c46a-fc88-4b2d-b2da-ae029cfa60ff:192.168.164.241:43684, 6c5c38af-62e6-4ea7-a24a-078dcb28fb39:192.168.164.241:45428], old=null
2019-10-20 18:19:00,248 [399079f7-1eb1-4f37-b003-267572525934@group-D40A05E2FCF9-LeaderElection422] INFO  impl.LeaderElection (LogUtils.java:infoOrTrace(149)) -   Exception 0: {}
java.util.concurrent.ExecutionException: org.apache.ratis.thirdparty.io.grpc.StatusRuntimeException: UNAVAILABLE: io exception
	at java.util.concurrent.FutureTask.report(FutureTask.java:122)
	at java.util.concurrent.FutureTask.get(FutureTask.java:192)
	at org.apache.ratis.server.impl.LeaderElection.waitForResults(LeaderElection.java:259)
	at org.apache.ratis.server.impl.LeaderElection.askForVotes(LeaderElection.java:197)
	at org.apache.ratis.server.impl.LeaderElection.run(LeaderElection.java:133)
	at java.lang.Thread.run(Thread.java:748)
Caused by: org.apache.ratis.thirdparty.io.grpc.StatusRuntimeException: UNAVAILABLE: io exception
	at org.apache.ratis.thirdparty.io.grpc.stub.ClientCalls.toStatusRuntimeException(ClientCalls.java:233)
	at org.apache.ratis.thirdparty.io.grpc.stub.ClientCalls.getUnchecked(ClientCalls.java:214)
	at org.apache.ratis.thirdparty.io.grpc.stub.ClientCalls.blockingUnaryCall(ClientCalls.java:139)
	at org.apache.ratis.proto.grpc.RaftServerProtocolServiceGrpc$RaftServerProtocolServiceBlockingStub.requestVote(RaftServerProtocolServiceGrpc.java:265)
	at org.apache.ratis.grpc.server.GrpcServerProtocolClient.requestVote(GrpcServerProtocolClient.java:99)
	at org.apache.ratis.grpc.server.GrpcService.requestVote(GrpcService.java:204)
	at org.apache.ratis.server.impl.LeaderElection.lambda$submitRequests$1(LeaderElection.java:234)
	at java.util.concurrent.FutureTask.run(FutureTask.java:266)
	at java.util.concurrent.Executors$RunnableAdapter.call(Executors.java:511)
	at java.util.concurrent.FutureTask.run(FutureTask.java:266)
	at java.util.concurrent.ThreadPoolExecutor.runWorker(ThreadPoolExecutor.java:1149)
	at java.util.concurrent.ThreadPoolExecutor$Worker.run(ThreadPoolExecutor.java:624)
	... 1 more
Caused by: org.apache.ratis.thirdparty.io.netty.channel.AbstractChannel$AnnotatedConnectException: Connection refused: /192.168.164.241:45428
	at sun.nio.ch.SocketChannelImpl.checkConnect(Native Method)
	at sun.nio.ch.SocketChannelImpl.finishConnect(SocketChannelImpl.java:717)
	at org.apache.ratis.thirdparty.io.netty.channel.socket.nio.NioSocketChannel.doFinishConnect(NioSocketChannel.java:327)
	at org.apache.ratis.thirdparty.io.netty.channel.nio.AbstractNioChannel$AbstractNioUnsafe.finishConnect(AbstractNioChannel.java:340)
	at org.apache.ratis.thirdparty.io.netty.channel.nio.NioEventLoop.processSelectedKey(NioEventLoop.java:632)
	at org.apache.ratis.thirdparty.io.netty.channel.nio.NioEventLoop.processSelectedKeysOptimized(NioEventLoop.java:579)
	at org.apache.ratis.thirdparty.io.netty.channel.nio.NioEventLoop.processSelectedKeys(NioEventLoop.java:496)
	at org.apache.ratis.thirdparty.io.netty.channel.nio.NioEventLoop.run(NioEventLoop.java:458)
	at org.apache.ratis.thirdparty.io.netty.util.concurrent.SingleThreadEventExecutor$5.run(SingleThreadEventExecutor.java:897)
	at org.apache.ratis.thirdparty.io.netty.util.concurrent.FastThreadLocalRunnable.run(FastThreadLocalRunnable.java:30)
	... 1 more
Caused by: java.net.ConnectException: Connection refused
	... 11 more
2019-10-20 18:19:00,249 [399079f7-1eb1-4f37-b003-267572525934@group-D40A05E2FCF9-LeaderElection422] INFO  impl.RaftServerImpl (RaftServerImpl.java:setRole(184)) - 399079f7-1eb1-4f37-b003-267572525934@group-D40A05E2FCF9: changes role from CANDIDATE to FOLLOWER at term 239 for DISCOVERED_A_NEW_TERM
2019-10-20 18:19:00,249 [399079f7-1eb1-4f37-b003-267572525934@group-D40A05E2FCF9-LeaderElection422] INFO  impl.RoleInfo (RoleInfo.java:shutdownLeaderElection(134)) - 399079f7-1eb1-4f37-b003-267572525934: shutdown LeaderElection
2019-10-20 18:19:00,249 [399079f7-1eb1-4f37-b003-267572525934@group-D40A05E2FCF9-LeaderElection422] INFO  impl.RoleInfo (RoleInfo.java:updateAndGet(143)) - 399079f7-1eb1-4f37-b003-267572525934: start FollowerState
2019-10-20 18:19:00,265 [Thread-3301] INFO  impl.FollowerState (FollowerState.java:run(108)) - 399079f7-1eb1-4f37-b003-267572525934@group-D40A05E2FCF9-FollowerState: change to CANDIDATE, lastRpcTime:16ms, electionTimeout:16ms
2019-10-20 18:19:00,265 [Thread-3301] INFO  impl.RoleInfo (RoleInfo.java:shutdownFollowerState(121)) - 399079f7-1eb1-4f37-b003-267572525934: shutdown FollowerState
2019-10-20 18:19:00,265 [Thread-3301] INFO  impl.RaftServerImpl (RaftServerImpl.java:setRole(184)) - 399079f7-1eb1-4f37-b003-267572525934@group-D40A05E2FCF9: changes role from  FOLLOWER to CANDIDATE at term 239 for changeToCandidate
2019-10-20 18:19:00,266 [Thread-3301] INFO  impl.RoleInfo (RoleInfo.java:updateAndGet(143)) - 399079f7-1eb1-4f37-b003-267572525934: start LeaderElection
2019-10-20 18:19:00,290 [399079f7-1eb1-4f37-b003-267572525934@group-D40A05E2FCF9-LeaderElection423] INFO  impl.LeaderElection (LeaderElection.java:askForVotes(178)) - 399079f7-1eb1-4f37-b003-267572525934@group-D40A05E2FCF9-LeaderElection423: begin an election at term 240 for -1: [399079f7-1eb1-4f37-b003-267572525934:192.168.164.241:37762, 7a43c46a-fc88-4b2d-b2da-ae029cfa60ff:192.168.164.241:43684, 6c5c38af-62e6-4ea7-a24a-078dcb28fb39:192.168.164.241:45428], old=null
2019-10-20 18:19:00,562 [Thread-3299] INFO  impl.FollowerState (FollowerState.java:run(108)) - b75f8b2e-6273-4c97-b7c5-042674931d23@group-F11756C8BA4A-FollowerState: change to CANDIDATE, lastRpcTime:331ms, electionTimeout:115ms
2019-10-20 18:19:00,562 [399079f7-1eb1-4f37-b003-267572525934@group-D40A05E2FCF9-LeaderElection423] INFO  impl.LeaderElection (LeaderElection.java:logAndReturn(56)) - 399079f7-1eb1-4f37-b003-267572525934@group-D40A05E2FCF9-LeaderElection423: Election TIMEOUT; received 0 response(s) [] and 0 exception(s); 399079f7-1eb1-4f37-b003-267572525934@group-D40A05E2FCF9:t240, leader=null, voted=399079f7-1eb1-4f37-b003-267572525934, raftlog=399079f7-1eb1-4f37-b003-267572525934@group-D40A05E2FCF9-SegmentedRaftLog:OPENED:c-1,f-1,i0, conf=-1: [399079f7-1eb1-4f37-b003-267572525934:192.168.164.241:37762, 7a43c46a-fc88-4b2d-b2da-ae029cfa60ff:192.168.164.241:43684, 6c5c38af-62e6-4ea7-a24a-078dcb28fb39:192.168.164.241:45428], old=null
2019-10-20 18:19:00,568 [Thread-3299] INFO  impl.RoleInfo (RoleInfo.java:shutdownFollowerState(121)) - b75f8b2e-6273-4c97-b7c5-042674931d23: shutdown FollowerState
2019-10-20 18:19:00,568 [grpc-default-executor-10] INFO  impl.RaftServerImpl (RaftServerImpl.java:setRole(184)) - 7a43c46a-fc88-4b2d-b2da-ae029cfa60ff@group-D40A05E2FCF9: changes role from  FOLLOWER to FOLLOWER at term 240 for recognizeCandidate:399079f7-1eb1-4f37-b003-267572525934
2019-10-20 18:19:00,580 [grpc-default-executor-10] INFO  impl.RoleInfo (RoleInfo.java:shutdownFollowerState(121)) - 7a43c46a-fc88-4b2d-b2da-ae029cfa60ff: shutdown FollowerState
2019-10-20 18:19:00,577 [Thread-3299] INFO  impl.RaftServerImpl (RaftServerImpl.java:setRole(184)) - b75f8b2e-6273-4c97-b7c5-042674931d23@group-F11756C8BA4A: changes role from  FOLLOWER to CANDIDATE at term 242 for changeToCandidate
2019-10-20 18:19:00,580 [Thread-3298] INFO  impl.FollowerState (FollowerState.java:run(117)) - 7a43c46a-fc88-4b2d-b2da-ae029cfa60ff@group-D40A05E2FCF9-FollowerState was interrupted: java.lang.InterruptedException: sleep interrupted
2019-10-20 18:19:00,580 [grpc-default-executor-10] INFO  impl.RoleInfo (RoleInfo.java:updateAndGet(143)) - 7a43c46a-fc88-4b2d-b2da-ae029cfa60ff: start FollowerState
2019-10-20 18:19:00,580 [Thread-3299] INFO  impl.RoleInfo (RoleInfo.java:updateAndGet(143)) - b75f8b2e-6273-4c97-b7c5-042674931d23: start LeaderElection
2019-10-20 18:19:00,607 [399079f7-1eb1-4f37-b003-267572525934@group-D40A05E2FCF9-LeaderElection423] INFO  impl.LeaderElection (LeaderElection.java:askForVotes(178)) - 399079f7-1eb1-4f37-b003-267572525934@group-D40A05E2FCF9-LeaderElection423: begin an election at term 241 for -1: [399079f7-1eb1-4f37-b003-267572525934:192.168.164.241:37762, 7a43c46a-fc88-4b2d-b2da-ae029cfa60ff:192.168.164.241:43684, 6c5c38af-62e6-4ea7-a24a-078dcb28fb39:192.168.164.241:45428], old=null
2019-10-20 18:19:00,607 [b75f8b2e-6273-4c97-b7c5-042674931d23@group-F11756C8BA4A-LeaderElection424] INFO  impl.LeaderElection (LeaderElection.java:askForVotes(178)) - b75f8b2e-6273-4c97-b7c5-042674931d23@group-F11756C8BA4A-LeaderElection424: begin an election at term 243 for -1: [6ef27e9c-8ddb-4fa1-8c14-ab102acfb1b8:192.168.164.241:38092, b75f8b2e-6273-4c97-b7c5-042674931d23:192.168.164.241:41857, 3750b3a2-715b-46b3-9d0c-9e38136244b9:192.168.164.241:46227], old=null
2019-10-20 18:19:00,608 [399079f7-1eb1-4f37-b003-267572525934@group-D40A05E2FCF9-LeaderElection423] INFO  impl.LeaderElection (LogUtils.java:infoOrTrace(149)) - 399079f7-1eb1-4f37-b003-267572525934@group-D40A05E2FCF9-LeaderElection423 got exception when requesting votes: {}
java.util.concurrent.ExecutionException: org.apache.ratis.thirdparty.io.grpc.StatusRuntimeException: UNAVAILABLE: io exception
	at java.util.concurrent.FutureTask.report(FutureTask.java:122)
	at java.util.concurrent.FutureTask.get(FutureTask.java:192)
	at org.apache.ratis.server.impl.LeaderElection.waitForResults(LeaderElection.java:259)
	at org.apache.ratis.server.impl.LeaderElection.askForVotes(LeaderElection.java:197)
	at org.apache.ratis.server.impl.LeaderElection.run(LeaderElection.java:133)
	at java.lang.Thread.run(Thread.java:748)
Caused by: org.apache.ratis.thirdparty.io.grpc.StatusRuntimeException: UNAVAILABLE: io exception
	at org.apache.ratis.thirdparty.io.grpc.stub.ClientCalls.toStatusRuntimeException(ClientCalls.java:233)
	at org.apache.ratis.thirdparty.io.grpc.stub.ClientCalls.getUnchecked(ClientCalls.java:214)
	at org.apache.ratis.thirdparty.io.grpc.stub.ClientCalls.blockingUnaryCall(ClientCalls.java:139)
	at org.apache.ratis.proto.grpc.RaftServerProtocolServiceGrpc$RaftServerProtocolServiceBlockingStub.requestVote(RaftServerProtocolServiceGrpc.java:265)
	at org.apache.ratis.grpc.server.GrpcServerProtocolClient.requestVote(GrpcServerProtocolClient.java:99)
	at org.apache.ratis.grpc.server.GrpcService.requestVote(GrpcService.java:204)
	at org.apache.ratis.server.impl.LeaderElection.lambda$submitRequests$1(LeaderElection.java:234)
	at java.util.concurrent.FutureTask.run(FutureTask.java:266)
	at java.util.concurrent.Executors$RunnableAdapter.call(Executors.java:511)
	at java.util.concurrent.FutureTask.run(FutureTask.java:266)
	at java.util.concurrent.ThreadPoolExecutor.runWorker(ThreadPoolExecutor.java:1149)
	at java.util.concurrent.ThreadPoolExecutor$Worker.run(ThreadPoolExecutor.java:624)
	... 1 more
Caused by: org.apache.ratis.thirdparty.io.netty.channel.AbstractChannel$AnnotatedConnectException: Connection refused: /192.168.164.241:45428
	at sun.nio.ch.SocketChannelImpl.checkConnect(Native Method)
	at sun.nio.ch.SocketChannelImpl.finishConnect(SocketChannelImpl.java:717)
	at org.apache.ratis.thirdparty.io.netty.channel.socket.nio.NioSocketChannel.doFinishConnect(NioSocketChannel.java:327)
	at org.apache.ratis.thirdparty.io.netty.channel.nio.AbstractNioChannel$AbstractNioUnsafe.finishConnect(AbstractNioChannel.java:340)
	at org.apache.ratis.thirdparty.io.netty.channel.nio.NioEventLoop.processSelectedKey(NioEventLoop.java:632)
	at org.apache.ratis.thirdparty.io.netty.channel.nio.NioEventLoop.processSelectedKeysOptimized(NioEventLoop.java:579)
	at org.apache.ratis.thirdparty.io.netty.channel.nio.NioEventLoop.processSelectedKeys(NioEventLoop.java:496)
	at org.apache.ratis.thirdparty.io.netty.channel.nio.NioEventLoop.run(NioEventLoop.java:458)
	at org.apache.ratis.thirdparty.io.netty.util.concurrent.SingleThreadEventExecutor$5.run(SingleThreadEventExecutor.java:897)
	at org.apache.ratis.thirdparty.io.netty.util.concurrent.FastThreadLocalRunnable.run(FastThreadLocalRunnable.java:30)
	... 1 more
Caused by: java.net.ConnectException: Connection refused
	... 11 more
2019-10-20 18:19:00,608 [b75f8b2e-6273-4c97-b7c5-042674931d23@group-F11756C8BA4A-LeaderElection424] INFO  impl.LeaderElection (LogUtils.java:infoOrTrace(149)) - b75f8b2e-6273-4c97-b7c5-042674931d23@group-F11756C8BA4A-LeaderElection424 got exception when requesting votes: {}
java.util.concurrent.ExecutionException: org.apache.ratis.thirdparty.io.grpc.StatusRuntimeException: UNAVAILABLE: io exception
	at java.util.concurrent.FutureTask.report(FutureTask.java:122)
	at java.util.concurrent.FutureTask.get(FutureTask.java:192)
	at org.apache.ratis.server.impl.LeaderElection.waitForResults(LeaderElection.java:259)
	at org.apache.ratis.server.impl.LeaderElection.askForVotes(LeaderElection.java:197)
	at org.apache.ratis.server.impl.LeaderElection.run(LeaderElection.java:133)
	at java.lang.Thread.run(Thread.java:748)
Caused by: org.apache.ratis.thirdparty.io.grpc.StatusRuntimeException: UNAVAILABLE: io exception
	at org.apache.ratis.thirdparty.io.grpc.stub.ClientCalls.toStatusRuntimeException(ClientCalls.java:233)
	at org.apache.ratis.thirdparty.io.grpc.stub.ClientCalls.getUnchecked(ClientCalls.java:214)
	at org.apache.ratis.thirdparty.io.grpc.stub.ClientCalls.blockingUnaryCall(ClientCalls.java:139)
	at org.apache.ratis.proto.grpc.RaftServerProtocolServiceGrpc$RaftServerProtocolServiceBlockingStub.requestVote(RaftServerProtocolServiceGrpc.java:265)
	at org.apache.ratis.grpc.server.GrpcServerProtocolClient.requestVote(GrpcServerProtocolClient.java:99)
	at org.apache.ratis.grpc.server.GrpcService.requestVote(GrpcService.java:204)
	at org.apache.ratis.server.impl.LeaderElection.lambda$submitRequests$1(LeaderElection.java:234)
	at java.util.concurrent.FutureTask.run(FutureTask.java:266)
	at java.util.concurrent.Executors$RunnableAdapter.call(Executors.java:511)
	at java.util.concurrent.FutureTask.run(FutureTask.java:266)
	at java.util.concurrent.ThreadPoolExecutor.runWorker(ThreadPoolExecutor.java:1149)
	at java.util.concurrent.ThreadPoolExecutor$Worker.run(ThreadPoolExecutor.java:624)
	... 1 more
Caused by: org.apache.ratis.thirdparty.io.netty.channel.AbstractChannel$AnnotatedConnectException: Connection refused: /192.168.164.241:46227
	at sun.nio.ch.SocketChannelImpl.checkConnect(Native Method)
	at sun.nio.ch.SocketChannelImpl.finishConnect(SocketChannelImpl.java:717)
	at org.apache.ratis.thirdparty.io.netty.channel.socket.nio.NioSocketChannel.doFinishConnect(NioSocketChannel.java:327)
	at org.apache.ratis.thirdparty.io.netty.channel.nio.AbstractNioChannel$AbstractNioUnsafe.finishConnect(AbstractNioChannel.java:340)
	at org.apache.ratis.thirdparty.io.netty.channel.nio.NioEventLoop.processSelectedKey(NioEventLoop.java:632)
	at org.apache.ratis.thirdparty.io.netty.channel.nio.NioEventLoop.processSelectedKeysOptimized(NioEventLoop.java:579)
	at org.apache.ratis.thirdparty.io.netty.channel.nio.NioEventLoop.processSelectedKeys(NioEventLoop.java:496)
	at org.apache.ratis.thirdparty.io.netty.channel.nio.NioEventLoop.run(NioEventLoop.java:458)
	at org.apache.ratis.thirdparty.io.netty.util.concurrent.SingleThreadEventExecutor$5.run(SingleThreadEventExecutor.java:897)
	at org.apache.ratis.thirdparty.io.netty.util.concurrent.FastThreadLocalRunnable.run(FastThreadLocalRunnable.java:30)
	... 1 more
Caused by: java.net.ConnectException: Connection refused
	... 11 more
2019-10-20 18:19:00,609 [grpc-default-executor-4] INFO  impl.RaftServerImpl (RaftServerImpl.java:setRole(184)) - 6ef27e9c-8ddb-4fa1-8c14-ab102acfb1b8@group-F11756C8BA4A: changes role from  FOLLOWER to FOLLOWER at term 243 for recognizeCandidate:b75f8b2e-6273-4c97-b7c5-042674931d23
2019-10-20 18:19:00,609 [grpc-default-executor-4] INFO  impl.RoleInfo (RoleInfo.java:shutdownFollowerState(121)) - 6ef27e9c-8ddb-4fa1-8c14-ab102acfb1b8: shutdown FollowerState
2019-10-20 18:19:00,609 [grpc-default-executor-10] INFO  impl.RaftServerImpl (RaftServerImpl.java:setRole(184)) - 7a43c46a-fc88-4b2d-b2da-ae029cfa60ff@group-D40A05E2FCF9: changes role from  FOLLOWER to FOLLOWER at term 241 for recognizeCandidate:399079f7-1eb1-4f37-b003-267572525934
2019-10-20 18:19:00,610 [grpc-default-executor-10] INFO  impl.RoleInfo (RoleInfo.java:shutdownFollowerState(121)) - 7a43c46a-fc88-4b2d-b2da-ae029cfa60ff: shutdown FollowerState
2019-10-20 18:19:00,610 [Thread-3295] INFO  impl.FollowerState (FollowerState.java:run(117)) - 6ef27e9c-8ddb-4fa1-8c14-ab102acfb1b8@group-F11756C8BA4A-FollowerState was interrupted: java.lang.InterruptedException: sleep interrupted
2019-10-20 18:19:00,610 [grpc-default-executor-4] INFO  impl.RoleInfo (RoleInfo.java:updateAndGet(143)) - 6ef27e9c-8ddb-4fa1-8c14-ab102acfb1b8: start FollowerState
2019-10-20 18:19:00,610 [Thread-3305] INFO  impl.FollowerState (FollowerState.java:run(117)) - 7a43c46a-fc88-4b2d-b2da-ae029cfa60ff@group-D40A05E2FCF9-FollowerState was interrupted: java.lang.InterruptedException: sleep interrupted
2019-10-20 18:19:00,610 [grpc-default-executor-10] INFO  impl.RoleInfo (RoleInfo.java:updateAndGet(143)) - 7a43c46a-fc88-4b2d-b2da-ae029cfa60ff: start FollowerState
2019-10-20 18:19:00,618 [b75f8b2e-6273-4c97-b7c5-042674931d23@group-F11756C8BA4A-LeaderElection424] INFO  impl.LeaderElection (LeaderElection.java:logAndReturn(56)) - b75f8b2e-6273-4c97-b7c5-042674931d23@group-F11756C8BA4A-LeaderElection424: Election TIMEOUT; received 0 response(s) [] and 1 exception(s); b75f8b2e-6273-4c97-b7c5-042674931d23@group-F11756C8BA4A:t243, leader=null, voted=b75f8b2e-6273-4c97-b7c5-042674931d23, raftlog=b75f8b2e-6273-4c97-b7c5-042674931d23@group-F11756C8BA4A-SegmentedRaftLog:OPENED:c-1,f-1,i0, conf=-1: [6ef27e9c-8ddb-4fa1-8c14-ab102acfb1b8:192.168.164.241:38092, b75f8b2e-6273-4c97-b7c5-042674931d23:192.168.164.241:41857, 3750b3a2-715b-46b3-9d0c-9e38136244b9:192.168.164.241:46227], old=null
2019-10-20 18:19:00,618 [b75f8b2e-6273-4c97-b7c5-042674931d23@group-F11756C8BA4A-LeaderElection424] INFO  impl.LeaderElection (LogUtils.java:infoOrTrace(149)) -   Exception 0: {}
java.util.concurrent.ExecutionException: org.apache.ratis.thirdparty.io.grpc.StatusRuntimeException: UNAVAILABLE: io exception
	at java.util.concurrent.FutureTask.report(FutureTask.java:122)
	at java.util.concurrent.FutureTask.get(FutureTask.java:192)
	at org.apache.ratis.server.impl.LeaderElection.waitForResults(LeaderElection.java:259)
	at org.apache.ratis.server.impl.LeaderElection.askForVotes(LeaderElection.java:197)
	at org.apache.ratis.server.impl.LeaderElection.run(LeaderElection.java:133)
	at java.lang.Thread.run(Thread.java:748)
Caused by: org.apache.ratis.thirdparty.io.grpc.StatusRuntimeException: UNAVAILABLE: io exception
	at org.apache.ratis.thirdparty.io.grpc.stub.ClientCalls.toStatusRuntimeException(ClientCalls.java:233)
	at org.apache.ratis.thirdparty.io.grpc.stub.ClientCalls.getUnchecked(ClientCalls.java:214)
	at org.apache.ratis.thirdparty.io.grpc.stub.ClientCalls.blockingUnaryCall(ClientCalls.java:139)
	at org.apache.ratis.proto.grpc.RaftServerProtocolServiceGrpc$RaftServerProtocolServiceBlockingStub.requestVote(RaftServerProtocolServiceGrpc.java:265)
	at org.apache.ratis.grpc.server.GrpcServerProtocolClient.requestVote(GrpcServerProtocolClient.java:99)
	at org.apache.ratis.grpc.server.GrpcService.requestVote(GrpcService.java:204)
	at org.apache.ratis.server.impl.LeaderElection.lambda$submitRequests$1(LeaderElection.java:234)
	at java.util.concurrent.FutureTask.run(FutureTask.java:266)
	at java.util.concurrent.Executors$RunnableAdapter.call(Executors.java:511)
	at java.util.concurrent.FutureTask.run(FutureTask.java:266)
	at java.util.concurrent.ThreadPoolExecutor.runWorker(ThreadPoolExecutor.java:1149)
	at java.util.concurrent.ThreadPoolExecutor$Worker.run(ThreadPoolExecutor.java:624)
	... 1 more
Caused by: org.apache.ratis.thirdparty.io.netty.channel.AbstractChannel$AnnotatedConnectException: Connection refused: /192.168.164.241:46227
	at sun.nio.ch.SocketChannelImpl.checkConnect(Native Method)
	at sun.nio.ch.SocketChannelImpl.finishConnect(SocketChannelImpl.java:717)
	at org.apache.ratis.thirdparty.io.netty.channel.socket.nio.NioSocketChannel.doFinishConnect(NioSocketChannel.java:327)
	at org.apache.ratis.thirdparty.io.netty.channel.nio.AbstractNioChannel$AbstractNioUnsafe.finishConnect(AbstractNioChannel.java:340)
	at org.apache.ratis.thirdparty.io.netty.channel.nio.NioEventLoop.processSelectedKey(NioEventLoop.java:632)
	at org.apache.ratis.thirdparty.io.netty.channel.nio.NioEventLoop.processSelectedKeysOptimized(NioEventLoop.java:579)
	at org.apache.ratis.thirdparty.io.netty.channel.nio.NioEventLoop.processSelectedKeys(NioEventLoop.java:496)
	at org.apache.ratis.thirdparty.io.netty.channel.nio.NioEventLoop.run(NioEventLoop.java:458)
	at org.apache.ratis.thirdparty.io.netty.util.concurrent.SingleThreadEventExecutor$5.run(SingleThreadEventExecutor.java:897)
	at org.apache.ratis.thirdparty.io.netty.util.concurrent.FastThreadLocalRunnable.run(FastThreadLocalRunnable.java:30)
	... 1 more
Caused by: java.net.ConnectException: Connection refused
	... 11 more
2019-10-20 18:19:00,627 [399079f7-1eb1-4f37-b003-267572525934@group-D40A05E2FCF9-LeaderElection423] INFO  impl.LeaderElection (LeaderElection.java:logAndReturn(56)) - 399079f7-1eb1-4f37-b003-267572525934@group-D40A05E2FCF9-LeaderElection423: Election TIMEOUT; received 0 response(s) [] and 1 exception(s); 399079f7-1eb1-4f37-b003-267572525934@group-D40A05E2FCF9:t241, leader=null, voted=399079f7-1eb1-4f37-b003-267572525934, raftlog=399079f7-1eb1-4f37-b003-267572525934@group-D40A05E2FCF9-SegmentedRaftLog:OPENED:c-1,f-1,i0, conf=-1: [399079f7-1eb1-4f37-b003-267572525934:192.168.164.241:37762, 7a43c46a-fc88-4b2d-b2da-ae029cfa60ff:192.168.164.241:43684, 6c5c38af-62e6-4ea7-a24a-078dcb28fb39:192.168.164.241:45428], old=null
2019-10-20 18:19:00,627 [399079f7-1eb1-4f37-b003-267572525934@group-D40A05E2FCF9-LeaderElection423] INFO  impl.LeaderElection (LogUtils.java:infoOrTrace(149)) -   Exception 0: {}
java.util.concurrent.ExecutionException: org.apache.ratis.thirdparty.io.grpc.StatusRuntimeException: UNAVAILABLE: io exception
	at java.util.concurrent.FutureTask.report(FutureTask.java:122)
	at java.util.concurrent.FutureTask.get(FutureTask.java:192)
	at org.apache.ratis.server.impl.LeaderElection.waitForResults(LeaderElection.java:259)
	at org.apache.ratis.server.impl.LeaderElection.askForVotes(LeaderElection.java:197)
	at org.apache.ratis.server.impl.LeaderElection.run(LeaderElection.java:133)
	at java.lang.Thread.run(Thread.java:748)
Caused by: org.apache.ratis.thirdparty.io.grpc.StatusRuntimeException: UNAVAILABLE: io exception
	at org.apache.ratis.thirdparty.io.grpc.stub.ClientCalls.toStatusRuntimeException(ClientCalls.java:233)
	at org.apache.ratis.thirdparty.io.grpc.stub.ClientCalls.getUnchecked(ClientCalls.java:214)
	at org.apache.ratis.thirdparty.io.grpc.stub.ClientCalls.blockingUnaryCall(ClientCalls.java:139)
	at org.apache.ratis.proto.grpc.RaftServerProtocolServiceGrpc$RaftServerProtocolServiceBlockingStub.requestVote(RaftServerProtocolServiceGrpc.java:265)
	at org.apache.ratis.grpc.server.GrpcServerProtocolClient.requestVote(GrpcServerProtocolClient.java:99)
	at org.apache.ratis.grpc.server.GrpcService.requestVote(GrpcService.java:204)
	at org.apache.ratis.server.impl.LeaderElection.lambda$submitRequests$1(LeaderElection.java:234)
	at java.util.concurrent.FutureTask.run(FutureTask.java:266)
	at java.util.concurrent.Executors$RunnableAdapter.call(Executors.java:511)
	at java.util.concurrent.FutureTask.run(FutureTask.java:266)
	at java.util.concurrent.ThreadPoolExecutor.runWorker(ThreadPoolExecutor.java:1149)
	at java.util.concurrent.ThreadPoolExecutor$Worker.run(ThreadPoolExecutor.java:624)
	... 1 more
Caused by: org.apache.ratis.thirdparty.io.netty.channel.AbstractChannel$AnnotatedConnectException: Connection refused: /192.168.164.241:45428
	at sun.nio.ch.SocketChannelImpl.checkConnect(Native Method)
	at sun.nio.ch.SocketChannelImpl.finishConnect(SocketChannelImpl.java:717)
	at org.apache.ratis.thirdparty.io.netty.channel.socket.nio.NioSocketChannel.doFinishConnect(NioSocketChannel.java:327)
	at org.apache.ratis.thirdparty.io.netty.channel.nio.AbstractNioChannel$AbstractNioUnsafe.finishConnect(AbstractNioChannel.java:340)
	at org.apache.ratis.thirdparty.io.netty.channel.nio.NioEventLoop.processSelectedKey(NioEventLoop.java:632)
	at org.apache.ratis.thirdparty.io.netty.channel.nio.NioEventLoop.processSelectedKeysOptimized(NioEventLoop.java:579)
	at org.apache.ratis.thirdparty.io.netty.channel.nio.NioEventLoop.processSelectedKeys(NioEventLoop.java:496)
	at org.apache.ratis.thirdparty.io.netty.channel.nio.NioEventLoop.run(NioEventLoop.java:458)
	at org.apache.ratis.thirdparty.io.netty.util.concurrent.SingleThreadEventExecutor$5.run(SingleThreadEventExecutor.java:897)
	at org.apache.ratis.thirdparty.io.netty.util.concurrent.FastThreadLocalRunnable.run(FastThreadLocalRunnable.java:30)
	... 1 more
Caused by: java.net.ConnectException: Connection refused
	... 11 more
2019-10-20 18:19:00,632 [b75f8b2e-6273-4c97-b7c5-042674931d23@group-F11756C8BA4A-LeaderElection424] INFO  impl.LeaderElection (LeaderElection.java:askForVotes(178)) - b75f8b2e-6273-4c97-b7c5-042674931d23@group-F11756C8BA4A-LeaderElection424: begin an election at term 244 for -1: [6ef27e9c-8ddb-4fa1-8c14-ab102acfb1b8:192.168.164.241:38092, b75f8b2e-6273-4c97-b7c5-042674931d23:192.168.164.241:41857, 3750b3a2-715b-46b3-9d0c-9e38136244b9:192.168.164.241:46227], old=null
2019-10-20 18:19:00,633 [b75f8b2e-6273-4c97-b7c5-042674931d23@group-F11756C8BA4A-LeaderElection424] INFO  impl.LeaderElection (LogUtils.java:infoOrTrace(149)) - b75f8b2e-6273-4c97-b7c5-042674931d23@group-F11756C8BA4A-LeaderElection424 got exception when requesting votes: {}
java.util.concurrent.ExecutionException: org.apache.ratis.thirdparty.io.grpc.StatusRuntimeException: UNAVAILABLE: io exception
	at java.util.concurrent.FutureTask.report(FutureTask.java:122)
	at java.util.concurrent.FutureTask.get(FutureTask.java:192)
	at org.apache.ratis.server.impl.LeaderElection.waitForResults(LeaderElection.java:259)
	at org.apache.ratis.server.impl.LeaderElection.askForVotes(LeaderElection.java:197)
	at org.apache.ratis.server.impl.LeaderElection.run(LeaderElection.java:133)
	at java.lang.Thread.run(Thread.java:748)
Caused by: org.apache.ratis.thirdparty.io.grpc.StatusRuntimeException: UNAVAILABLE: io exception
	at org.apache.ratis.thirdparty.io.grpc.stub.ClientCalls.toStatusRuntimeException(ClientCalls.java:233)
	at org.apache.ratis.thirdparty.io.grpc.stub.ClientCalls.getUnchecked(ClientCalls.java:214)
	at org.apache.ratis.thirdparty.io.grpc.stub.ClientCalls.blockingUnaryCall(ClientCalls.java:139)
	at org.apache.ratis.proto.grpc.RaftServerProtocolServiceGrpc$RaftServerProtocolServiceBlockingStub.requestVote(RaftServerProtocolServiceGrpc.java:265)
	at org.apache.ratis.grpc.server.GrpcServerProtocolClient.requestVote(GrpcServerProtocolClient.java:99)
	at org.apache.ratis.grpc.server.GrpcService.requestVote(GrpcService.java:204)
	at org.apache.ratis.server.impl.LeaderElection.lambda$submitRequests$1(LeaderElection.java:234)
	at java.util.concurrent.FutureTask.run(FutureTask.java:266)
	at java.util.concurrent.Executors$RunnableAdapter.call(Executors.java:511)
	at java.util.concurrent.FutureTask.run(FutureTask.java:266)
	at java.util.concurrent.ThreadPoolExecutor.runWorker(ThreadPoolExecutor.java:1149)
	at java.util.concurrent.ThreadPoolExecutor$Worker.run(ThreadPoolExecutor.java:624)
	... 1 more
Caused by: org.apache.ratis.thirdparty.io.netty.channel.AbstractChannel$AnnotatedConnectException: Connection refused: /192.168.164.241:46227
	at sun.nio.ch.SocketChannelImpl.checkConnect(Native Method)
	at sun.nio.ch.SocketChannelImpl.finishConnect(SocketChannelImpl.java:717)
	at org.apache.ratis.thirdparty.io.netty.channel.socket.nio.NioSocketChannel.doFinishConnect(NioSocketChannel.java:327)
	at org.apache.ratis.thirdparty.io.netty.channel.nio.AbstractNioChannel$AbstractNioUnsafe.finishConnect(AbstractNioChannel.java:340)
	at org.apache.ratis.thirdparty.io.netty.channel.nio.NioEventLoop.processSelectedKey(NioEventLoop.java:632)
	at org.apache.ratis.thirdparty.io.netty.channel.nio.NioEventLoop.processSelectedKeysOptimized(NioEventLoop.java:579)
	at org.apache.ratis.thirdparty.io.netty.channel.nio.NioEventLoop.processSelectedKeys(NioEventLoop.java:496)
	at org.apache.ratis.thirdparty.io.netty.channel.nio.NioEventLoop.run(NioEventLoop.java:458)
	at org.apache.ratis.thirdparty.io.netty.util.concurrent.SingleThreadEventExecutor$5.run(SingleThreadEventExecutor.java:897)
	at org.apache.ratis.thirdparty.io.netty.util.concurrent.FastThreadLocalRunnable.run(FastThreadLocalRunnable.java:30)
	... 1 more
Caused by: java.net.ConnectException: Connection refused
	... 11 more
2019-10-20 18:19:00,634 [grpc-default-executor-4] INFO  impl.RaftServerImpl (RaftServerImpl.java:setRole(184)) - 6ef27e9c-8ddb-4fa1-8c14-ab102acfb1b8@group-F11756C8BA4A: changes role from  FOLLOWER to FOLLOWER at term 244 for recognizeCandidate:b75f8b2e-6273-4c97-b7c5-042674931d23
2019-10-20 18:19:00,634 [grpc-default-executor-4] INFO  impl.RoleInfo (RoleInfo.java:shutdownFollowerState(121)) - 6ef27e9c-8ddb-4fa1-8c14-ab102acfb1b8: shutdown FollowerState
2019-10-20 18:19:00,634 [grpc-default-executor-4] INFO  impl.RoleInfo (RoleInfo.java:updateAndGet(143)) - 6ef27e9c-8ddb-4fa1-8c14-ab102acfb1b8: start FollowerState
2019-10-20 18:19:00,634 [Thread-3311] INFO  impl.FollowerState (FollowerState.java:run(117)) - 6ef27e9c-8ddb-4fa1-8c14-ab102acfb1b8@group-F11756C8BA4A-FollowerState was interrupted: java.lang.InterruptedException: sleep interrupted
2019-10-20 18:19:00,650 [399079f7-1eb1-4f37-b003-267572525934@group-D40A05E2FCF9-LeaderElection423] INFO  impl.LeaderElection (LeaderElection.java:askForVotes(178)) - 399079f7-1eb1-4f37-b003-267572525934@group-D40A05E2FCF9-LeaderElection423: begin an election at term 242 for -1: [399079f7-1eb1-4f37-b003-267572525934:192.168.164.241:37762, 7a43c46a-fc88-4b2d-b2da-ae029cfa60ff:192.168.164.241:43684, 6c5c38af-62e6-4ea7-a24a-078dcb28fb39:192.168.164.241:45428], old=null
2019-10-20 18:19:00,650 [b75f8b2e-6273-4c97-b7c5-042674931d23@group-F11756C8BA4A-LeaderElection424] INFO  impl.LeaderElection (LeaderElection.java:logAndReturn(56)) - b75f8b2e-6273-4c97-b7c5-042674931d23@group-F11756C8BA4A-LeaderElection424: Election REJECTED; received 1 response(s) [b75f8b2e-6273-4c97-b7c5-042674931d23<-6ef27e9c-8ddb-4fa1-8c14-ab102acfb1b8#0:FAIL-t244] and 1 exception(s); b75f8b2e-6273-4c97-b7c5-042674931d23@group-F11756C8BA4A:t244, leader=null, voted=b75f8b2e-6273-4c97-b7c5-042674931d23, raftlog=b75f8b2e-6273-4c97-b7c5-042674931d23@group-F11756C8BA4A-SegmentedRaftLog:OPENED:c-1,f-1,i0, conf=-1: [6ef27e9c-8ddb-4fa1-8c14-ab102acfb1b8:192.168.164.241:38092, b75f8b2e-6273-4c97-b7c5-042674931d23:192.168.164.241:41857, 3750b3a2-715b-46b3-9d0c-9e38136244b9:192.168.164.241:46227], old=null
2019-10-20 18:19:00,650 [399079f7-1eb1-4f37-b003-267572525934@group-D40A05E2FCF9-LeaderElection423] INFO  impl.LeaderElection (LogUtils.java:infoOrTrace(149)) - 399079f7-1eb1-4f37-b003-267572525934@group-D40A05E2FCF9-LeaderElection423 got exception when requesting votes: {}
java.util.concurrent.ExecutionException: org.apache.ratis.thirdparty.io.grpc.StatusRuntimeException: UNAVAILABLE: io exception
	at java.util.concurrent.FutureTask.report(FutureTask.java:122)
	at java.util.concurrent.FutureTask.get(FutureTask.java:192)
	at org.apache.ratis.server.impl.LeaderElection.waitForResults(LeaderElection.java:259)
	at org.apache.ratis.server.impl.LeaderElection.askForVotes(LeaderElection.java:197)
	at org.apache.ratis.server.impl.LeaderElection.run(LeaderElection.java:133)
	at java.lang.Thread.run(Thread.java:748)
Caused by: org.apache.ratis.thirdparty.io.grpc.StatusRuntimeException: UNAVAILABLE: io exception
	at org.apache.ratis.thirdparty.io.grpc.stub.ClientCalls.toStatusRuntimeException(ClientCalls.java:233)
	at org.apache.ratis.thirdparty.io.grpc.stub.ClientCalls.getUnchecked(ClientCalls.java:214)
	at org.apache.ratis.thirdparty.io.grpc.stub.ClientCalls.blockingUnaryCall(ClientCalls.java:139)
	at org.apache.ratis.proto.grpc.RaftServerProtocolServiceGrpc$RaftServerProtocolServiceBlockingStub.requestVote(RaftServerProtocolServiceGrpc.java:265)
	at org.apache.ratis.grpc.server.GrpcServerProtocolClient.requestVote(GrpcServerProtocolClient.java:99)
	at org.apache.ratis.grpc.server.GrpcService.requestVote(GrpcService.java:204)
	at org.apache.ratis.server.impl.LeaderElection.lambda$submitRequests$1(LeaderElection.java:234)
	at java.util.concurrent.FutureTask.run(FutureTask.java:266)
	at java.util.concurrent.Executors$RunnableAdapter.call(Executors.java:511)
	at java.util.concurrent.FutureTask.run(FutureTask.java:266)
	at java.util.concurrent.ThreadPoolExecutor.runWorker(ThreadPoolExecutor.java:1149)
	at java.util.concurrent.ThreadPoolExecutor$Worker.run(ThreadPoolExecutor.java:624)
	... 1 more
Caused by: org.apache.ratis.thirdparty.io.netty.channel.AbstractChannel$AnnotatedConnectException: Connection refused: /192.168.164.241:45428
	at sun.nio.ch.SocketChannelImpl.checkConnect(Native Method)
	at sun.nio.ch.SocketChannelImpl.finishConnect(SocketChannelImpl.java:717)
	at org.apache.ratis.thirdparty.io.netty.channel.socket.nio.NioSocketChannel.doFinishConnect(NioSocketChannel.java:327)
	at org.apache.ratis.thirdparty.io.netty.channel.nio.AbstractNioChannel$AbstractNioUnsafe.finishConnect(AbstractNioChannel.java:340)
	at org.apache.ratis.thirdparty.io.netty.channel.nio.NioEventLoop.processSelectedKey(NioEventLoop.java:632)
	at org.apache.ratis.thirdparty.io.netty.channel.nio.NioEventLoop.processSelectedKeysOptimized(NioEventLoop.java:579)
	at org.apache.ratis.thirdparty.io.netty.channel.nio.NioEventLoop.processSelectedKeys(NioEventLoop.java:496)
	at org.apache.ratis.thirdparty.io.netty.channel.nio.NioEventLoop.run(NioEventLoop.java:458)
	at org.apache.ratis.thirdparty.io.netty.util.concurrent.SingleThreadEventExecutor$5.run(SingleThreadEventExecutor.java:897)
	at org.apache.ratis.thirdparty.io.netty.util.concurrent.FastThreadLocalRunnable.run(FastThreadLocalRunnable.java:30)
	... 1 more
Caused by: java.net.ConnectException: Connection refused
	... 11 more
2019-10-20 18:19:00,651 [grpc-default-executor-4] INFO  impl.RaftServerImpl (RaftServerImpl.java:setRole(184)) - 7a43c46a-fc88-4b2d-b2da-ae029cfa60ff@group-D40A05E2FCF9: changes role from  FOLLOWER to FOLLOWER at term 242 for recognizeCandidate:399079f7-1eb1-4f37-b003-267572525934
2019-10-20 18:19:00,651 [grpc-default-executor-4] INFO  impl.RoleInfo (RoleInfo.java:shutdownFollowerState(121)) - 7a43c46a-fc88-4b2d-b2da-ae029cfa60ff: shutdown FollowerState
2019-10-20 18:19:00,650 [b75f8b2e-6273-4c97-b7c5-042674931d23@group-F11756C8BA4A-LeaderElection424] INFO  impl.LeaderElection (LogUtils.java:infoOrTrace(149)) -   Exception 0: {}
java.util.concurrent.ExecutionException: org.apache.ratis.thirdparty.io.grpc.StatusRuntimeException: UNAVAILABLE: io exception
	at java.util.concurrent.FutureTask.report(FutureTask.java:122)
	at java.util.concurrent.FutureTask.get(FutureTask.java:192)
	at org.apache.ratis.server.impl.LeaderElection.waitForResults(LeaderElection.java:259)
	at org.apache.ratis.server.impl.LeaderElection.askForVotes(LeaderElection.java:197)
	at org.apache.ratis.server.impl.LeaderElection.run(LeaderElection.java:133)
	at java.lang.Thread.run(Thread.java:748)
Caused by: org.apache.ratis.thirdparty.io.grpc.StatusRuntimeException: UNAVAILABLE: io exception
	at org.apache.ratis.thirdparty.io.grpc.stub.ClientCalls.toStatusRuntimeException(ClientCalls.java:233)
	at org.apache.ratis.thirdparty.io.grpc.stub.ClientCalls.getUnchecked(ClientCalls.java:214)
	at org.apache.ratis.thirdparty.io.grpc.stub.ClientCalls.blockingUnaryCall(ClientCalls.java:139)
	at org.apache.ratis.proto.grpc.RaftServerProtocolServiceGrpc$RaftServerProtocolServiceBlockingStub.requestVote(RaftServerProtocolServiceGrpc.java:265)
	at org.apache.ratis.grpc.server.GrpcServerProtocolClient.requestVote(GrpcServerProtocolClient.java:99)
	at org.apache.ratis.grpc.server.GrpcService.requestVote(GrpcService.java:204)
	at org.apache.ratis.server.impl.LeaderElection.lambda$submitRequests$1(LeaderElection.java:234)
	at java.util.concurrent.FutureTask.run(FutureTask.java:266)
	at java.util.concurrent.Executors$RunnableAdapter.call(Executors.java:511)
	at java.util.concurrent.FutureTask.run(FutureTask.java:266)
	at java.util.concurrent.ThreadPoolExecutor.runWorker(ThreadPoolExecutor.java:1149)
	at java.util.concurrent.ThreadPoolExecutor$Worker.run(ThreadPoolExecutor.java:624)
	... 1 more
Caused by: org.apache.ratis.thirdparty.io.netty.channel.AbstractChannel$AnnotatedConnectException: Connection refused: /192.168.164.241:46227
	at sun.nio.ch.SocketChannelImpl.checkConnect(Native Method)
	at sun.nio.ch.SocketChannelImpl.finishConnect(SocketChannelImpl.java:717)
	at org.apache.ratis.thirdparty.io.netty.channel.socket.nio.NioSocketChannel.doFinishConnect(NioSocketChannel.java:327)
	at org.apache.ratis.thirdparty.io.netty.channel.nio.AbstractNioChannel$AbstractNioUnsafe.finishConnect(AbstractNioChannel.java:340)
	at org.apache.ratis.thirdparty.io.netty.channel.nio.NioEventLoop.processSelectedKey(NioEventLoop.java:632)
	at org.apache.ratis.thirdparty.io.netty.channel.nio.NioEventLoop.processSelectedKeysOptimized(NioEventLoop.java:579)
	at org.apache.ratis.thirdparty.io.netty.channel.nio.NioEventLoop.processSelectedKeys(NioEventLoop.java:496)
	at org.apache.ratis.thirdparty.io.netty.channel.nio.NioEventLoop.run(NioEventLoop.java:458)
	at org.apache.ratis.thirdparty.io.netty.util.concurrent.SingleThreadEventExecutor$5.run(SingleThreadEventExecutor.java:897)
	at org.apache.ratis.thirdparty.io.netty.util.concurrent.FastThreadLocalRunnable.run(FastThreadLocalRunnable.java:30)
	... 1 more
Caused by: java.net.ConnectException: Connection refused
	... 11 more
2019-10-20 18:19:00,651 [Thread-3312] INFO  impl.FollowerState (FollowerState.java:run(117)) - 7a43c46a-fc88-4b2d-b2da-ae029cfa60ff@group-D40A05E2FCF9-FollowerState was interrupted: java.lang.InterruptedException: sleep interrupted
2019-10-20 18:19:00,651 [grpc-default-executor-4] INFO  impl.RoleInfo (RoleInfo.java:updateAndGet(143)) - 7a43c46a-fc88-4b2d-b2da-ae029cfa60ff: start FollowerState
2019-10-20 18:19:00,651 [b75f8b2e-6273-4c97-b7c5-042674931d23@group-F11756C8BA4A-LeaderElection424] INFO  impl.RaftServerImpl (RaftServerImpl.java:setRole(184)) - b75f8b2e-6273-4c97-b7c5-042674931d23@group-F11756C8BA4A: changes role from CANDIDATE to FOLLOWER at term 244 for DISCOVERED_A_NEW_TERM
2019-10-20 18:19:00,652 [b75f8b2e-6273-4c97-b7c5-042674931d23@group-F11756C8BA4A-LeaderElection424] INFO  impl.RoleInfo (RoleInfo.java:shutdownLeaderElection(134)) - b75f8b2e-6273-4c97-b7c5-042674931d23: shutdown LeaderElection
2019-10-20 18:19:00,652 [b75f8b2e-6273-4c97-b7c5-042674931d23@group-F11756C8BA4A-LeaderElection424] INFO  impl.RoleInfo (RoleInfo.java:updateAndGet(143)) - b75f8b2e-6273-4c97-b7c5-042674931d23: start FollowerState
2019-10-20 18:19:00,684 [399079f7-1eb1-4f37-b003-267572525934@group-D40A05E2FCF9-LeaderElection423] INFO  impl.LeaderElection (LeaderElection.java:logAndReturn(56)) - 399079f7-1eb1-4f37-b003-267572525934@group-D40A05E2FCF9-LeaderElection423: Election REJECTED; received 1 response(s) [399079f7-1eb1-4f37-b003-267572525934<-7a43c46a-fc88-4b2d-b2da-ae029cfa60ff#0:FAIL-t242] and 1 exception(s); 399079f7-1eb1-4f37-b003-267572525934@group-D40A05E2FCF9:t242, leader=null, voted=399079f7-1eb1-4f37-b003-267572525934, raftlog=399079f7-1eb1-4f37-b003-267572525934@group-D40A05E2FCF9-SegmentedRaftLog:OPENED:c-1,f-1,i0, conf=-1: [399079f7-1eb1-4f37-b003-267572525934:192.168.164.241:37762, 7a43c46a-fc88-4b2d-b2da-ae029cfa60ff:192.168.164.241:43684, 6c5c38af-62e6-4ea7-a24a-078dcb28fb39:192.168.164.241:45428], old=null
2019-10-20 18:19:00,685 [399079f7-1eb1-4f37-b003-267572525934@group-D40A05E2FCF9-LeaderElection423] INFO  impl.LeaderElection (LogUtils.java:infoOrTrace(149)) -   Exception 0: {}
java.util.concurrent.ExecutionException: org.apache.ratis.thirdparty.io.grpc.StatusRuntimeException: UNAVAILABLE: io exception
	at java.util.concurrent.FutureTask.report(FutureTask.java:122)
	at java.util.concurrent.FutureTask.get(FutureTask.java:192)
	at org.apache.ratis.server.impl.LeaderElection.waitForResults(LeaderElection.java:259)
	at org.apache.ratis.server.impl.LeaderElection.askForVotes(LeaderElection.java:197)
	at org.apache.ratis.server.impl.LeaderElection.run(LeaderElection.java:133)
	at java.lang.Thread.run(Thread.java:748)
Caused by: org.apache.ratis.thirdparty.io.grpc.StatusRuntimeException: UNAVAILABLE: io exception
	at org.apache.ratis.thirdparty.io.grpc.stub.ClientCalls.toStatusRuntimeException(ClientCalls.java:233)
	at org.apache.ratis.thirdparty.io.grpc.stub.ClientCalls.getUnchecked(ClientCalls.java:214)
	at org.apache.ratis.thirdparty.io.grpc.stub.ClientCalls.blockingUnaryCall(ClientCalls.java:139)
	at org.apache.ratis.proto.grpc.RaftServerProtocolServiceGrpc$RaftServerProtocolServiceBlockingStub.requestVote(RaftServerProtocolServiceGrpc.java:265)
	at org.apache.ratis.grpc.server.GrpcServerProtocolClient.requestVote(GrpcServerProtocolClient.java:99)
	at org.apache.ratis.grpc.server.GrpcService.requestVote(GrpcService.java:204)
	at org.apache.ratis.server.impl.LeaderElection.lambda$submitRequests$1(LeaderElection.java:234)
	at java.util.concurrent.FutureTask.run(FutureTask.java:266)
	at java.util.concurrent.Executors$RunnableAdapter.call(Executors.java:511)
	at java.util.concurrent.FutureTask.run(FutureTask.java:266)
	at java.util.concurrent.ThreadPoolExecutor.runWorker(ThreadPoolExecutor.java:1149)
	at java.util.concurrent.ThreadPoolExecutor$Worker.run(ThreadPoolExecutor.java:624)
	... 1 more
Caused by: org.apache.ratis.thirdparty.io.netty.channel.AbstractChannel$AnnotatedConnectException: Connection refused: /192.168.164.241:45428
	at sun.nio.ch.SocketChannelImpl.checkConnect(Native Method)
	at sun.nio.ch.SocketChannelImpl.finishConnect(SocketChannelImpl.java:717)
	at org.apache.ratis.thirdparty.io.netty.channel.socket.nio.NioSocketChannel.doFinishConnect(NioSocketChannel.java:327)
	at org.apache.ratis.thirdparty.io.netty.channel.nio.AbstractNioChannel$AbstractNioUnsafe.finishConnect(AbstractNioChannel.java:340)
	at org.apache.ratis.thirdparty.io.netty.channel.nio.NioEventLoop.processSelectedKey(NioEventLoop.java:632)
	at org.apache.ratis.thirdparty.io.netty.channel.nio.NioEventLoop.processSelectedKeysOptimized(NioEventLoop.java:579)
	at org.apache.ratis.thirdparty.io.netty.channel.nio.NioEventLoop.processSelectedKeys(NioEventLoop.java:496)
	at org.apache.ratis.thirdparty.io.netty.channel.nio.NioEventLoop.run(NioEventLoop.java:458)
	at org.apache.ratis.thirdparty.io.netty.util.concurrent.SingleThreadEventExecutor$5.run(SingleThreadEventExecutor.java:897)
	at org.apache.ratis.thirdparty.io.netty.util.concurrent.FastThreadLocalRunnable.run(FastThreadLocalRunnable.java:30)
	... 1 more
Caused by: java.net.ConnectException: Connection refused
	... 11 more
2019-10-20 18:19:00,685 [399079f7-1eb1-4f37-b003-267572525934@group-D40A05E2FCF9-LeaderElection423] INFO  impl.RaftServerImpl (RaftServerImpl.java:setRole(184)) - 399079f7-1eb1-4f37-b003-267572525934@group-D40A05E2FCF9: changes role from CANDIDATE to FOLLOWER at term 242 for DISCOVERED_A_NEW_TERM
2019-10-20 18:19:00,685 [399079f7-1eb1-4f37-b003-267572525934@group-D40A05E2FCF9-LeaderElection423] INFO  impl.RoleInfo (RoleInfo.java:shutdownLeaderElection(134)) - 399079f7-1eb1-4f37-b003-267572525934: shutdown LeaderElection
2019-10-20 18:19:00,685 [399079f7-1eb1-4f37-b003-267572525934@group-D40A05E2FCF9-LeaderElection423] INFO  impl.RoleInfo (RoleInfo.java:updateAndGet(143)) - 399079f7-1eb1-4f37-b003-267572525934: start FollowerState
2019-10-20 18:19:00,735 [Thread-3320] INFO  impl.FollowerState (FollowerState.java:run(108)) - 399079f7-1eb1-4f37-b003-267572525934@group-D40A05E2FCF9-FollowerState: change to CANDIDATE, lastRpcTime:49ms, electionTimeout:49ms
2019-10-20 18:19:00,735 [Thread-3320] INFO  impl.RoleInfo (RoleInfo.java:shutdownFollowerState(121)) - 399079f7-1eb1-4f37-b003-267572525934: shutdown FollowerState
2019-10-20 18:19:00,735 [Thread-3320] INFO  impl.RaftServerImpl (RaftServerImpl.java:setRole(184)) - 399079f7-1eb1-4f37-b003-267572525934@group-D40A05E2FCF9: changes role from  FOLLOWER to CANDIDATE at term 242 for changeToCandidate
2019-10-20 18:19:00,735 [Thread-3320] INFO  impl.RoleInfo (RoleInfo.java:updateAndGet(143)) - 399079f7-1eb1-4f37-b003-267572525934: start LeaderElection
2019-10-20 18:19:00,759 [399079f7-1eb1-4f37-b003-267572525934@group-D40A05E2FCF9-LeaderElection425] INFO  impl.LeaderElection (LeaderElection.java:askForVotes(178)) - 399079f7-1eb1-4f37-b003-267572525934@group-D40A05E2FCF9-LeaderElection425: begin an election at term 243 for -1: [399079f7-1eb1-4f37-b003-267572525934:192.168.164.241:37762, 7a43c46a-fc88-4b2d-b2da-ae029cfa60ff:192.168.164.241:43684, 6c5c38af-62e6-4ea7-a24a-078dcb28fb39:192.168.164.241:45428], old=null
2019-10-20 18:19:00,760 [399079f7-1eb1-4f37-b003-267572525934@group-D40A05E2FCF9-LeaderElection425] INFO  impl.LeaderElection (LogUtils.java:infoOrTrace(149)) - 399079f7-1eb1-4f37-b003-267572525934@group-D40A05E2FCF9-LeaderElection425 got exception when requesting votes: {}
java.util.concurrent.ExecutionException: org.apache.ratis.thirdparty.io.grpc.StatusRuntimeException: UNAVAILABLE: io exception
	at java.util.concurrent.FutureTask.report(FutureTask.java:122)
	at java.util.concurrent.FutureTask.get(FutureTask.java:192)
	at org.apache.ratis.server.impl.LeaderElection.waitForResults(LeaderElection.java:259)
	at org.apache.ratis.server.impl.LeaderElection.askForVotes(LeaderElection.java:197)
	at org.apache.ratis.server.impl.LeaderElection.run(LeaderElection.java:133)
	at java.lang.Thread.run(Thread.java:748)
Caused by: org.apache.ratis.thirdparty.io.grpc.StatusRuntimeException: UNAVAILABLE: io exception
	at org.apache.ratis.thirdparty.io.grpc.stub.ClientCalls.toStatusRuntimeException(ClientCalls.java:233)
	at org.apache.ratis.thirdparty.io.grpc.stub.ClientCalls.getUnchecked(ClientCalls.java:214)
	at org.apache.ratis.thirdparty.io.grpc.stub.ClientCalls.blockingUnaryCall(ClientCalls.java:139)
	at org.apache.ratis.proto.grpc.RaftServerProtocolServiceGrpc$RaftServerProtocolServiceBlockingStub.requestVote(RaftServerProtocolServiceGrpc.java:265)
	at org.apache.ratis.grpc.server.GrpcServerProtocolClient.requestVote(GrpcServerProtocolClient.java:99)
	at org.apache.ratis.grpc.server.GrpcService.requestVote(GrpcService.java:204)
	at org.apache.ratis.server.impl.LeaderElection.lambda$submitRequests$1(LeaderElection.java:234)
	at java.util.concurrent.FutureTask.run(FutureTask.java:266)
	at java.util.concurrent.Executors$RunnableAdapter.call(Executors.java:511)
	at java.util.concurrent.FutureTask.run(FutureTask.java:266)
	at java.util.concurrent.ThreadPoolExecutor.runWorker(ThreadPoolExecutor.java:1149)
	at java.util.concurrent.ThreadPoolExecutor$Worker.run(ThreadPoolExecutor.java:624)
	... 1 more
Caused by: org.apache.ratis.thirdparty.io.netty.channel.AbstractChannel$AnnotatedConnectException: Connection refused: /192.168.164.241:45428
	at sun.nio.ch.SocketChannelImpl.checkConnect(Native Method)
	at sun.nio.ch.SocketChannelImpl.finishConnect(SocketChannelImpl.java:717)
	at org.apache.ratis.thirdparty.io.netty.channel.socket.nio.NioSocketChannel.doFinishConnect(NioSocketChannel.java:327)
	at org.apache.ratis.thirdparty.io.netty.channel.nio.AbstractNioChannel$AbstractNioUnsafe.finishConnect(AbstractNioChannel.java:340)
	at org.apache.ratis.thirdparty.io.netty.channel.nio.NioEventLoop.processSelectedKey(NioEventLoop.java:632)
	at org.apache.ratis.thirdparty.io.netty.channel.nio.NioEventLoop.processSelectedKeysOptimized(NioEventLoop.java:579)
	at org.apache.ratis.thirdparty.io.netty.channel.nio.NioEventLoop.processSelectedKeys(NioEventLoop.java:496)
	at org.apache.ratis.thirdparty.io.netty.channel.nio.NioEventLoop.run(NioEventLoop.java:458)
	at org.apache.ratis.thirdparty.io.netty.util.concurrent.SingleThreadEventExecutor$5.run(SingleThreadEventExecutor.java:897)
	at org.apache.ratis.thirdparty.io.netty.util.concurrent.FastThreadLocalRunnable.run(FastThreadLocalRunnable.java:30)
	... 1 more
Caused by: java.net.ConnectException: Connection refused
	... 11 more
2019-10-20 18:19:00,760 [grpc-default-executor-4] INFO  impl.RaftServerImpl (RaftServerImpl.java:setRole(184)) - 7a43c46a-fc88-4b2d-b2da-ae029cfa60ff@group-D40A05E2FCF9: changes role from  FOLLOWER to FOLLOWER at term 243 for recognizeCandidate:399079f7-1eb1-4f37-b003-267572525934
2019-10-20 18:19:00,760 [grpc-default-executor-4] INFO  impl.RoleInfo (RoleInfo.java:shutdownFollowerState(121)) - 7a43c46a-fc88-4b2d-b2da-ae029cfa60ff: shutdown FollowerState
2019-10-20 18:19:00,760 [grpc-default-executor-4] INFO  impl.RoleInfo (RoleInfo.java:updateAndGet(143)) - 7a43c46a-fc88-4b2d-b2da-ae029cfa60ff: start FollowerState
2019-10-20 18:19:00,760 [Thread-3318] INFO  impl.FollowerState (FollowerState.java:run(117)) - 7a43c46a-fc88-4b2d-b2da-ae029cfa60ff@group-D40A05E2FCF9-FollowerState was interrupted: java.lang.InterruptedException: sleep interrupted
2019-10-20 18:19:00,785 [399079f7-1eb1-4f37-b003-267572525934@group-D40A05E2FCF9-LeaderElection425] INFO  impl.LeaderElection (LeaderElection.java:logAndReturn(56)) - 399079f7-1eb1-4f37-b003-267572525934@group-D40A05E2FCF9-LeaderElection425: Election REJECTED; received 1 response(s) [399079f7-1eb1-4f37-b003-267572525934<-7a43c46a-fc88-4b2d-b2da-ae029cfa60ff#0:FAIL-t243] and 1 exception(s); 399079f7-1eb1-4f37-b003-267572525934@group-D40A05E2FCF9:t243, leader=null, voted=399079f7-1eb1-4f37-b003-267572525934, raftlog=399079f7-1eb1-4f37-b003-267572525934@group-D40A05E2FCF9-SegmentedRaftLog:OPENED:c-1,f-1,i0, conf=-1: [399079f7-1eb1-4f37-b003-267572525934:192.168.164.241:37762, 7a43c46a-fc88-4b2d-b2da-ae029cfa60ff:192.168.164.241:43684, 6c5c38af-62e6-4ea7-a24a-078dcb28fb39:192.168.164.241:45428], old=null
2019-10-20 18:19:00,785 [399079f7-1eb1-4f37-b003-267572525934@group-D40A05E2FCF9-LeaderElection425] INFO  impl.LeaderElection (LogUtils.java:infoOrTrace(149)) -   Exception 0: {}
java.util.concurrent.ExecutionException: org.apache.ratis.thirdparty.io.grpc.StatusRuntimeException: UNAVAILABLE: io exception
	at java.util.concurrent.FutureTask.report(FutureTask.java:122)
	at java.util.concurrent.FutureTask.get(FutureTask.java:192)
	at org.apache.ratis.server.impl.LeaderElection.waitForResults(LeaderElection.java:259)
	at org.apache.ratis.server.impl.LeaderElection.askForVotes(LeaderElection.java:197)
	at org.apache.ratis.server.impl.LeaderElection.run(LeaderElection.java:133)
	at java.lang.Thread.run(Thread.java:748)
Caused by: org.apache.ratis.thirdparty.io.grpc.StatusRuntimeException: UNAVAILABLE: io exception
	at org.apache.ratis.thirdparty.io.grpc.stub.ClientCalls.toStatusRuntimeException(ClientCalls.java:233)
	at org.apache.ratis.thirdparty.io.grpc.stub.ClientCalls.getUnchecked(ClientCalls.java:214)
	at org.apache.ratis.thirdparty.io.grpc.stub.ClientCalls.blockingUnaryCall(ClientCalls.java:139)
	at org.apache.ratis.proto.grpc.RaftServerProtocolServiceGrpc$RaftServerProtocolServiceBlockingStub.requestVote(RaftServerProtocolServiceGrpc.java:265)
	at org.apache.ratis.grpc.server.GrpcServerProtocolClient.requestVote(GrpcServerProtocolClient.java:99)
	at org.apache.ratis.grpc.server.GrpcService.requestVote(GrpcService.java:204)
	at org.apache.ratis.server.impl.LeaderElection.lambda$submitRequests$1(LeaderElection.java:234)
	at java.util.concurrent.FutureTask.run(FutureTask.java:266)
	at java.util.concurrent.Executors$RunnableAdapter.call(Executors.java:511)
	at java.util.concurrent.FutureTask.run(FutureTask.java:266)
	at java.util.concurrent.ThreadPoolExecutor.runWorker(ThreadPoolExecutor.java:1149)
	at java.util.concurrent.ThreadPoolExecutor$Worker.run(ThreadPoolExecutor.java:624)
	... 1 more
Caused by: org.apache.ratis.thirdparty.io.netty.channel.AbstractChannel$AnnotatedConnectException: Connection refused: /192.168.164.241:45428
	at sun.nio.ch.SocketChannelImpl.checkConnect(Native Method)
	at sun.nio.ch.SocketChannelImpl.finishConnect(SocketChannelImpl.java:717)
	at org.apache.ratis.thirdparty.io.netty.channel.socket.nio.NioSocketChannel.doFinishConnect(NioSocketChannel.java:327)
	at org.apache.ratis.thirdparty.io.netty.channel.nio.AbstractNioChannel$AbstractNioUnsafe.finishConnect(AbstractNioChannel.java:340)
	at org.apache.ratis.thirdparty.io.netty.channel.nio.NioEventLoop.processSelectedKey(NioEventLoop.java:632)
	at org.apache.ratis.thirdparty.io.netty.channel.nio.NioEventLoop.processSelectedKeysOptimized(NioEventLoop.java:579)
	at org.apache.ratis.thirdparty.io.netty.channel.nio.NioEventLoop.processSelectedKeys(NioEventLoop.java:496)
	at org.apache.ratis.thirdparty.io.netty.channel.nio.NioEventLoop.run(NioEventLoop.java:458)
	at org.apache.ratis.thirdparty.io.netty.util.concurrent.SingleThreadEventExecutor$5.run(SingleThreadEventExecutor.java:897)
	at org.apache.ratis.thirdparty.io.netty.util.concurrent.FastThreadLocalRunnable.run(FastThreadLocalRunnable.java:30)
	... 1 more
Caused by: java.net.ConnectException: Connection refused
	... 11 more
2019-10-20 18:19:00,785 [399079f7-1eb1-4f37-b003-267572525934@group-D40A05E2FCF9-LeaderElection425] INFO  impl.RaftServerImpl (RaftServerImpl.java:setRole(184)) - 399079f7-1eb1-4f37-b003-267572525934@group-D40A05E2FCF9: changes role from CANDIDATE to FOLLOWER at term 243 for DISCOVERED_A_NEW_TERM
2019-10-20 18:19:00,785 [399079f7-1eb1-4f37-b003-267572525934@group-D40A05E2FCF9-LeaderElection425] INFO  impl.RoleInfo (RoleInfo.java:shutdownLeaderElection(134)) - 399079f7-1eb1-4f37-b003-267572525934: shutdown LeaderElection
2019-10-20 18:19:00,785 [399079f7-1eb1-4f37-b003-267572525934@group-D40A05E2FCF9-LeaderElection425] INFO  impl.RoleInfo (RoleInfo.java:updateAndGet(143)) - 399079f7-1eb1-4f37-b003-267572525934: start FollowerState
2019-10-20 18:19:00,845 [Thread-3319] INFO  impl.FollowerState (FollowerState.java:run(108)) - b75f8b2e-6273-4c97-b7c5-042674931d23@group-F11756C8BA4A-FollowerState: change to CANDIDATE, lastRpcTime:193ms, electionTimeout:193ms
2019-10-20 18:19:00,845 [Thread-3319] INFO  impl.RoleInfo (RoleInfo.java:shutdownFollowerState(121)) - b75f8b2e-6273-4c97-b7c5-042674931d23: shutdown FollowerState
2019-10-20 18:19:00,845 [Thread-3319] INFO  impl.RaftServerImpl (RaftServerImpl.java:setRole(184)) - b75f8b2e-6273-4c97-b7c5-042674931d23@group-F11756C8BA4A: changes role from  FOLLOWER to CANDIDATE at term 244 for changeToCandidate
2019-10-20 18:19:00,846 [Thread-3319] INFO  impl.RoleInfo (RoleInfo.java:updateAndGet(143)) - b75f8b2e-6273-4c97-b7c5-042674931d23: start LeaderElection
2019-10-20 18:19:00,876 [b75f8b2e-6273-4c97-b7c5-042674931d23@group-F11756C8BA4A-LeaderElection426] INFO  impl.LeaderElection (LeaderElection.java:askForVotes(178)) - b75f8b2e-6273-4c97-b7c5-042674931d23@group-F11756C8BA4A-LeaderElection426: begin an election at term 245 for -1: [6ef27e9c-8ddb-4fa1-8c14-ab102acfb1b8:192.168.164.241:38092, b75f8b2e-6273-4c97-b7c5-042674931d23:192.168.164.241:41857, 3750b3a2-715b-46b3-9d0c-9e38136244b9:192.168.164.241:46227], old=null
2019-10-20 18:19:00,877 [b75f8b2e-6273-4c97-b7c5-042674931d23@group-F11756C8BA4A-LeaderElection426] INFO  impl.LeaderElection (LogUtils.java:infoOrTrace(149)) - b75f8b2e-6273-4c97-b7c5-042674931d23@group-F11756C8BA4A-LeaderElection426 got exception when requesting votes: {}
java.util.concurrent.ExecutionException: org.apache.ratis.thirdparty.io.grpc.StatusRuntimeException: UNAVAILABLE: io exception
	at java.util.concurrent.FutureTask.report(FutureTask.java:122)
	at java.util.concurrent.FutureTask.get(FutureTask.java:192)
	at org.apache.ratis.server.impl.LeaderElection.waitForResults(LeaderElection.java:259)
	at org.apache.ratis.server.impl.LeaderElection.askForVotes(LeaderElection.java:197)
	at org.apache.ratis.server.impl.LeaderElection.run(LeaderElection.java:133)
	at java.lang.Thread.run(Thread.java:748)
Caused by: org.apache.ratis.thirdparty.io.grpc.StatusRuntimeException: UNAVAILABLE: io exception
	at org.apache.ratis.thirdparty.io.grpc.stub.ClientCalls.toStatusRuntimeException(ClientCalls.java:233)
	at org.apache.ratis.thirdparty.io.grpc.stub.ClientCalls.getUnchecked(ClientCalls.java:214)
	at org.apache.ratis.thirdparty.io.grpc.stub.ClientCalls.blockingUnaryCall(ClientCalls.java:139)
	at org.apache.ratis.proto.grpc.RaftServerProtocolServiceGrpc$RaftServerProtocolServiceBlockingStub.requestVote(RaftServerProtocolServiceGrpc.java:265)
	at org.apache.ratis.grpc.server.GrpcServerProtocolClient.requestVote(GrpcServerProtocolClient.java:99)
	at org.apache.ratis.grpc.server.GrpcService.requestVote(GrpcService.java:204)
	at org.apache.ratis.server.impl.LeaderElection.lambda$submitRequests$1(LeaderElection.java:234)
	at java.util.concurrent.FutureTask.run(FutureTask.java:266)
	at java.util.concurrent.Executors$RunnableAdapter.call(Executors.java:511)
	at java.util.concurrent.FutureTask.run(FutureTask.java:266)
	at java.util.concurrent.ThreadPoolExecutor.runWorker(ThreadPoolExecutor.java:1149)
	at java.util.concurrent.ThreadPoolExecutor$Worker.run(ThreadPoolExecutor.java:624)
	... 1 more
Caused by: org.apache.ratis.thirdparty.io.netty.channel.AbstractChannel$AnnotatedConnectException: Connection refused: /192.168.164.241:46227
	at sun.nio.ch.SocketChannelImpl.checkConnect(Native Method)
	at sun.nio.ch.SocketChannelImpl.finishConnect(SocketChannelImpl.java:717)
	at org.apache.ratis.thirdparty.io.netty.channel.socket.nio.NioSocketChannel.doFinishConnect(NioSocketChannel.java:327)
	at org.apache.ratis.thirdparty.io.netty.channel.nio.AbstractNioChannel$AbstractNioUnsafe.finishConnect(AbstractNioChannel.java:340)
	at org.apache.ratis.thirdparty.io.netty.channel.nio.NioEventLoop.processSelectedKey(NioEventLoop.java:632)
	at org.apache.ratis.thirdparty.io.netty.channel.nio.NioEventLoop.processSelectedKeysOptimized(NioEventLoop.java:579)
	at org.apache.ratis.thirdparty.io.netty.channel.nio.NioEventLoop.processSelectedKeys(NioEventLoop.java:496)
	at org.apache.ratis.thirdparty.io.netty.channel.nio.NioEventLoop.run(NioEventLoop.java:458)
	at org.apache.ratis.thirdparty.io.netty.util.concurrent.SingleThreadEventExecutor$5.run(SingleThreadEventExecutor.java:897)
	at org.apache.ratis.thirdparty.io.netty.util.concurrent.FastThreadLocalRunnable.run(FastThreadLocalRunnable.java:30)
	... 1 more
Caused by: java.net.ConnectException: Connection refused
	... 11 more
2019-10-20 18:19:00,877 [grpc-default-executor-4] INFO  impl.RaftServerImpl (RaftServerImpl.java:setRole(184)) - 6ef27e9c-8ddb-4fa1-8c14-ab102acfb1b8@group-F11756C8BA4A: changes role from  FOLLOWER to FOLLOWER at term 245 for recognizeCandidate:b75f8b2e-6273-4c97-b7c5-042674931d23
2019-10-20 18:19:00,878 [grpc-default-executor-4] INFO  impl.RoleInfo (RoleInfo.java:shutdownFollowerState(121)) - 6ef27e9c-8ddb-4fa1-8c14-ab102acfb1b8: shutdown FollowerState
2019-10-20 18:19:00,878 [grpc-default-executor-4] INFO  impl.RoleInfo (RoleInfo.java:updateAndGet(143)) - 6ef27e9c-8ddb-4fa1-8c14-ab102acfb1b8: start FollowerState
2019-10-20 18:19:00,878 [Thread-3315] INFO  impl.FollowerState (FollowerState.java:run(117)) - 6ef27e9c-8ddb-4fa1-8c14-ab102acfb1b8@group-F11756C8BA4A-FollowerState was interrupted: java.lang.InterruptedException: sleep interrupted
2019-10-20 18:19:00,902 [b75f8b2e-6273-4c97-b7c5-042674931d23@group-F11756C8BA4A-LeaderElection426] INFO  impl.LeaderElection (LeaderElection.java:logAndReturn(56)) - b75f8b2e-6273-4c97-b7c5-042674931d23@group-F11756C8BA4A-LeaderElection426: Election REJECTED; received 1 response(s) [b75f8b2e-6273-4c97-b7c5-042674931d23<-6ef27e9c-8ddb-4fa1-8c14-ab102acfb1b8#0:FAIL-t245] and 1 exception(s); b75f8b2e-6273-4c97-b7c5-042674931d23@group-F11756C8BA4A:t245, leader=null, voted=b75f8b2e-6273-4c97-b7c5-042674931d23, raftlog=b75f8b2e-6273-4c97-b7c5-042674931d23@group-F11756C8BA4A-SegmentedRaftLog:OPENED:c-1,f-1,i0, conf=-1: [6ef27e9c-8ddb-4fa1-8c14-ab102acfb1b8:192.168.164.241:38092, b75f8b2e-6273-4c97-b7c5-042674931d23:192.168.164.241:41857, 3750b3a2-715b-46b3-9d0c-9e38136244b9:192.168.164.241:46227], old=null
2019-10-20 18:19:00,902 [b75f8b2e-6273-4c97-b7c5-042674931d23@group-F11756C8BA4A-LeaderElection426] INFO  impl.LeaderElection (LogUtils.java:infoOrTrace(149)) -   Exception 0: {}
java.util.concurrent.ExecutionException: org.apache.ratis.thirdparty.io.grpc.StatusRuntimeException: UNAVAILABLE: io exception
	at java.util.concurrent.FutureTask.report(FutureTask.java:122)
	at java.util.concurrent.FutureTask.get(FutureTask.java:192)
	at org.apache.ratis.server.impl.LeaderElection.waitForResults(LeaderElection.java:259)
	at org.apache.ratis.server.impl.LeaderElection.askForVotes(LeaderElection.java:197)
	at org.apache.ratis.server.impl.LeaderElection.run(LeaderElection.java:133)
	at java.lang.Thread.run(Thread.java:748)
Caused by: org.apache.ratis.thirdparty.io.grpc.StatusRuntimeException: UNAVAILABLE: io exception
	at org.apache.ratis.thirdparty.io.grpc.stub.ClientCalls.toStatusRuntimeException(ClientCalls.java:233)
	at org.apache.ratis.thirdparty.io.grpc.stub.ClientCalls.getUnchecked(ClientCalls.java:214)
	at org.apache.ratis.thirdparty.io.grpc.stub.ClientCalls.blockingUnaryCall(ClientCalls.java:139)
	at org.apache.ratis.proto.grpc.RaftServerProtocolServiceGrpc$RaftServerProtocolServiceBlockingStub.requestVote(RaftServerProtocolServiceGrpc.java:265)
	at org.apache.ratis.grpc.server.GrpcServerProtocolClient.requestVote(GrpcServerProtocolClient.java:99)
	at org.apache.ratis.grpc.server.GrpcService.requestVote(GrpcService.java:204)
	at org.apache.ratis.server.impl.LeaderElection.lambda$submitRequests$1(LeaderElection.java:234)
	at java.util.concurrent.FutureTask.run(FutureTask.java:266)
	at java.util.concurrent.Executors$RunnableAdapter.call(Executors.java:511)
	at java.util.concurrent.FutureTask.run(FutureTask.java:266)
	at java.util.concurrent.ThreadPoolExecutor.runWorker(ThreadPoolExecutor.java:1149)
	at java.util.concurrent.ThreadPoolExecutor$Worker.run(ThreadPoolExecutor.java:624)
	... 1 more
Caused by: org.apache.ratis.thirdparty.io.netty.channel.AbstractChannel$AnnotatedConnectException: Connection refused: /192.168.164.241:46227
	at sun.nio.ch.SocketChannelImpl.checkConnect(Native Method)
	at sun.nio.ch.SocketChannelImpl.finishConnect(SocketChannelImpl.java:717)
	at org.apache.ratis.thirdparty.io.netty.channel.socket.nio.NioSocketChannel.doFinishConnect(NioSocketChannel.java:327)
	at org.apache.ratis.thirdparty.io.netty.channel.nio.AbstractNioChannel$AbstractNioUnsafe.finishConnect(AbstractNioChannel.java:340)
	at org.apache.ratis.thirdparty.io.netty.channel.nio.NioEventLoop.processSelectedKey(NioEventLoop.java:632)
	at org.apache.ratis.thirdparty.io.netty.channel.nio.NioEventLoop.processSelectedKeysOptimized(NioEventLoop.java:579)
	at org.apache.ratis.thirdparty.io.netty.channel.nio.NioEventLoop.processSelectedKeys(NioEventLoop.java:496)
	at org.apache.ratis.thirdparty.io.netty.channel.nio.NioEventLoop.run(NioEventLoop.java:458)
	at org.apache.ratis.thirdparty.io.netty.util.concurrent.SingleThreadEventExecutor$5.run(SingleThreadEventExecutor.java:897)
	at org.apache.ratis.thirdparty.io.netty.util.concurrent.FastThreadLocalRunnable.run(FastThreadLocalRunnable.java:30)
	... 1 more
Caused by: java.net.ConnectException: Connection refused
	... 11 more
2019-10-20 18:19:00,903 [b75f8b2e-6273-4c97-b7c5-042674931d23@group-F11756C8BA4A-LeaderElection426] INFO  impl.RaftServerImpl (RaftServerImpl.java:setRole(184)) - b75f8b2e-6273-4c97-b7c5-042674931d23@group-F11756C8BA4A: changes role from CANDIDATE to FOLLOWER at term 245 for DISCOVERED_A_NEW_TERM
2019-10-20 18:19:00,903 [b75f8b2e-6273-4c97-b7c5-042674931d23@group-F11756C8BA4A-LeaderElection426] INFO  impl.RoleInfo (RoleInfo.java:shutdownLeaderElection(134)) - b75f8b2e-6273-4c97-b7c5-042674931d23: shutdown LeaderElection
2019-10-20 18:19:00,903 [b75f8b2e-6273-4c97-b7c5-042674931d23@group-F11756C8BA4A-LeaderElection426] INFO  impl.RoleInfo (RoleInfo.java:updateAndGet(143)) - b75f8b2e-6273-4c97-b7c5-042674931d23: start FollowerState
2019-10-20 18:19:00,975 [Thread-3326] INFO  impl.FollowerState (FollowerState.java:run(108)) - 399079f7-1eb1-4f37-b003-267572525934@group-D40A05E2FCF9-FollowerState: change to CANDIDATE, lastRpcTime:189ms, electionTimeout:189ms
2019-10-20 18:19:00,975 [Thread-3326] INFO  impl.RoleInfo (RoleInfo.java:shutdownFollowerState(121)) - 399079f7-1eb1-4f37-b003-267572525934: shutdown FollowerState
2019-10-20 18:19:00,975 [Thread-3326] INFO  impl.RaftServerImpl (RaftServerImpl.java:setRole(184)) - 399079f7-1eb1-4f37-b003-267572525934@group-D40A05E2FCF9: changes role from  FOLLOWER to CANDIDATE at term 243 for changeToCandidate
2019-10-20 18:19:00,975 [Thread-3326] INFO  impl.RoleInfo (RoleInfo.java:updateAndGet(143)) - 399079f7-1eb1-4f37-b003-267572525934: start LeaderElection
2019-10-20 18:19:01,002 [399079f7-1eb1-4f37-b003-267572525934@group-D40A05E2FCF9-LeaderElection427] INFO  impl.LeaderElection (LeaderElection.java:askForVotes(178)) - 399079f7-1eb1-4f37-b003-267572525934@group-D40A05E2FCF9-LeaderElection427: begin an election at term 244 for -1: [399079f7-1eb1-4f37-b003-267572525934:192.168.164.241:37762, 7a43c46a-fc88-4b2d-b2da-ae029cfa60ff:192.168.164.241:43684, 6c5c38af-62e6-4ea7-a24a-078dcb28fb39:192.168.164.241:45428], old=null
2019-10-20 18:19:01,003 [399079f7-1eb1-4f37-b003-267572525934@group-D40A05E2FCF9-LeaderElection427] INFO  impl.LeaderElection (LogUtils.java:infoOrTrace(149)) - 399079f7-1eb1-4f37-b003-267572525934@group-D40A05E2FCF9-LeaderElection427 got exception when requesting votes: {}
java.util.concurrent.ExecutionException: org.apache.ratis.thirdparty.io.grpc.StatusRuntimeException: UNAVAILABLE: io exception
	at java.util.concurrent.FutureTask.report(FutureTask.java:122)
	at java.util.concurrent.FutureTask.get(FutureTask.java:192)
	at org.apache.ratis.server.impl.LeaderElection.waitForResults(LeaderElection.java:259)
	at org.apache.ratis.server.impl.LeaderElection.askForVotes(LeaderElection.java:197)
	at org.apache.ratis.server.impl.LeaderElection.run(LeaderElection.java:133)
	at java.lang.Thread.run(Thread.java:748)
Caused by: org.apache.ratis.thirdparty.io.grpc.StatusRuntimeException: UNAVAILABLE: io exception
	at org.apache.ratis.thirdparty.io.grpc.stub.ClientCalls.toStatusRuntimeException(ClientCalls.java:233)
	at org.apache.ratis.thirdparty.io.grpc.stub.ClientCalls.getUnchecked(ClientCalls.java:214)
	at org.apache.ratis.thirdparty.io.grpc.stub.ClientCalls.blockingUnaryCall(ClientCalls.java:139)
	at org.apache.ratis.proto.grpc.RaftServerProtocolServiceGrpc$RaftServerProtocolServiceBlockingStub.requestVote(RaftServerProtocolServiceGrpc.java:265)
	at org.apache.ratis.grpc.server.GrpcServerProtocolClient.requestVote(GrpcServerProtocolClient.java:99)
	at org.apache.ratis.grpc.server.GrpcService.requestVote(GrpcService.java:204)
	at org.apache.ratis.server.impl.LeaderElection.lambda$submitRequests$1(LeaderElection.java:234)
	at java.util.concurrent.FutureTask.run(FutureTask.java:266)
	at java.util.concurrent.Executors$RunnableAdapter.call(Executors.java:511)
	at java.util.concurrent.FutureTask.run(FutureTask.java:266)
	at java.util.concurrent.ThreadPoolExecutor.runWorker(ThreadPoolExecutor.java:1149)
	at java.util.concurrent.ThreadPoolExecutor$Worker.run(ThreadPoolExecutor.java:624)
	... 1 more
Caused by: org.apache.ratis.thirdparty.io.netty.channel.AbstractChannel$AnnotatedConnectException: Connection refused: /192.168.164.241:45428
	at sun.nio.ch.SocketChannelImpl.checkConnect(Native Method)
	at sun.nio.ch.SocketChannelImpl.finishConnect(SocketChannelImpl.java:717)
	at org.apache.ratis.thirdparty.io.netty.channel.socket.nio.NioSocketChannel.doFinishConnect(NioSocketChannel.java:327)
	at org.apache.ratis.thirdparty.io.netty.channel.nio.AbstractNioChannel$AbstractNioUnsafe.finishConnect(AbstractNioChannel.java:340)
	at org.apache.ratis.thirdparty.io.netty.channel.nio.NioEventLoop.processSelectedKey(NioEventLoop.java:632)
	at org.apache.ratis.thirdparty.io.netty.channel.nio.NioEventLoop.processSelectedKeysOptimized(NioEventLoop.java:579)
	at org.apache.ratis.thirdparty.io.netty.channel.nio.NioEventLoop.processSelectedKeys(NioEventLoop.java:496)
	at org.apache.ratis.thirdparty.io.netty.channel.nio.NioEventLoop.run(NioEventLoop.java:458)
	at org.apache.ratis.thirdparty.io.netty.util.concurrent.SingleThreadEventExecutor$5.run(SingleThreadEventExecutor.java:897)
	at org.apache.ratis.thirdparty.io.netty.util.concurrent.FastThreadLocalRunnable.run(FastThreadLocalRunnable.java:30)
	... 1 more
Caused by: java.net.ConnectException: Connection refused
	... 11 more
2019-10-20 18:19:01,004 [grpc-default-executor-4] INFO  impl.RaftServerImpl (RaftServerImpl.java:setRole(184)) - 7a43c46a-fc88-4b2d-b2da-ae029cfa60ff@group-D40A05E2FCF9: changes role from  FOLLOWER to FOLLOWER at term 244 for recognizeCandidate:399079f7-1eb1-4f37-b003-267572525934
2019-10-20 18:19:01,004 [grpc-default-executor-4] INFO  impl.RoleInfo (RoleInfo.java:shutdownFollowerState(121)) - 7a43c46a-fc88-4b2d-b2da-ae029cfa60ff: shutdown FollowerState
2019-10-20 18:19:01,005 [grpc-default-executor-4] INFO  impl.RoleInfo (RoleInfo.java:updateAndGet(143)) - 7a43c46a-fc88-4b2d-b2da-ae029cfa60ff: start FollowerState
2019-10-20 18:19:01,005 [Thread-3325] INFO  impl.FollowerState (FollowerState.java:run(117)) - 7a43c46a-fc88-4b2d-b2da-ae029cfa60ff@group-D40A05E2FCF9-FollowerState was interrupted: java.lang.InterruptedException: sleep interrupted
2019-10-20 18:19:01,028 [399079f7-1eb1-4f37-b003-267572525934@group-D40A05E2FCF9-LeaderElection427] INFO  impl.LeaderElection (LeaderElection.java:logAndReturn(56)) - 399079f7-1eb1-4f37-b003-267572525934@group-D40A05E2FCF9-LeaderElection427: Election REJECTED; received 1 response(s) [399079f7-1eb1-4f37-b003-267572525934<-7a43c46a-fc88-4b2d-b2da-ae029cfa60ff#0:FAIL-t244] and 1 exception(s); 399079f7-1eb1-4f37-b003-267572525934@group-D40A05E2FCF9:t244, leader=null, voted=399079f7-1eb1-4f37-b003-267572525934, raftlog=399079f7-1eb1-4f37-b003-267572525934@group-D40A05E2FCF9-SegmentedRaftLog:OPENED:c-1,f-1,i0, conf=-1: [399079f7-1eb1-4f37-b003-267572525934:192.168.164.241:37762, 7a43c46a-fc88-4b2d-b2da-ae029cfa60ff:192.168.164.241:43684, 6c5c38af-62e6-4ea7-a24a-078dcb28fb39:192.168.164.241:45428], old=null
2019-10-20 18:19:01,028 [399079f7-1eb1-4f37-b003-267572525934@group-D40A05E2FCF9-LeaderElection427] INFO  impl.LeaderElection (LogUtils.java:infoOrTrace(149)) -   Exception 0: {}
java.util.concurrent.ExecutionException: org.apache.ratis.thirdparty.io.grpc.StatusRuntimeException: UNAVAILABLE: io exception
	at java.util.concurrent.FutureTask.report(FutureTask.java:122)
	at java.util.concurrent.FutureTask.get(FutureTask.java:192)
	at org.apache.ratis.server.impl.LeaderElection.waitForResults(LeaderElection.java:259)
	at org.apache.ratis.server.impl.LeaderElection.askForVotes(LeaderElection.java:197)
	at org.apache.ratis.server.impl.LeaderElection.run(LeaderElection.java:133)
	at java.lang.Thread.run(Thread.java:748)
Caused by: org.apache.ratis.thirdparty.io.grpc.StatusRuntimeException: UNAVAILABLE: io exception
	at org.apache.ratis.thirdparty.io.grpc.stub.ClientCalls.toStatusRuntimeException(ClientCalls.java:233)
	at org.apache.ratis.thirdparty.io.grpc.stub.ClientCalls.getUnchecked(ClientCalls.java:214)
	at org.apache.ratis.thirdparty.io.grpc.stub.ClientCalls.blockingUnaryCall(ClientCalls.java:139)
	at org.apache.ratis.proto.grpc.RaftServerProtocolServiceGrpc$RaftServerProtocolServiceBlockingStub.requestVote(RaftServerProtocolServiceGrpc.java:265)
	at org.apache.ratis.grpc.server.GrpcServerProtocolClient.requestVote(GrpcServerProtocolClient.java:99)
	at org.apache.ratis.grpc.server.GrpcService.requestVote(GrpcService.java:204)
	at org.apache.ratis.server.impl.LeaderElection.lambda$submitRequests$1(LeaderElection.java:234)
	at java.util.concurrent.FutureTask.run(FutureTask.java:266)
	at java.util.concurrent.Executors$RunnableAdapter.call(Executors.java:511)
	at java.util.concurrent.FutureTask.run(FutureTask.java:266)
	at java.util.concurrent.ThreadPoolExecutor.runWorker(ThreadPoolExecutor.java:1149)
	at java.util.concurrent.ThreadPoolExecutor$Worker.run(ThreadPoolExecutor.java:624)
	... 1 more
Caused by: org.apache.ratis.thirdparty.io.netty.channel.AbstractChannel$AnnotatedConnectException: Connection refused: /192.168.164.241:45428
	at sun.nio.ch.SocketChannelImpl.checkConnect(Native Method)
	at sun.nio.ch.SocketChannelImpl.finishConnect(SocketChannelImpl.java:717)
	at org.apache.ratis.thirdparty.io.netty.channel.socket.nio.NioSocketChannel.doFinishConnect(NioSocketChannel.java:327)
	at org.apache.ratis.thirdparty.io.netty.channel.nio.AbstractNioChannel$AbstractNioUnsafe.finishConnect(AbstractNioChannel.java:340)
	at org.apache.ratis.thirdparty.io.netty.channel.nio.NioEventLoop.processSelectedKey(NioEventLoop.java:632)
	at org.apache.ratis.thirdparty.io.netty.channel.nio.NioEventLoop.processSelectedKeysOptimized(NioEventLoop.java:579)
	at org.apache.ratis.thirdparty.io.netty.channel.nio.NioEventLoop.processSelectedKeys(NioEventLoop.java:496)
	at org.apache.ratis.thirdparty.io.netty.channel.nio.NioEventLoop.run(NioEventLoop.java:458)
	at org.apache.ratis.thirdparty.io.netty.util.concurrent.SingleThreadEventExecutor$5.run(SingleThreadEventExecutor.java:897)
	at org.apache.ratis.thirdparty.io.netty.util.concurrent.FastThreadLocalRunnable.run(FastThreadLocalRunnable.java:30)
	... 1 more
Caused by: java.net.ConnectException: Connection refused
	... 11 more
2019-10-20 18:19:01,029 [399079f7-1eb1-4f37-b003-267572525934@group-D40A05E2FCF9-LeaderElection427] INFO  impl.RaftServerImpl (RaftServerImpl.java:setRole(184)) - 399079f7-1eb1-4f37-b003-267572525934@group-D40A05E2FCF9: changes role from CANDIDATE to FOLLOWER at term 244 for DISCOVERED_A_NEW_TERM
2019-10-20 18:19:01,029 [399079f7-1eb1-4f37-b003-267572525934@group-D40A05E2FCF9-LeaderElection427] INFO  impl.RoleInfo (RoleInfo.java:shutdownLeaderElection(134)) - 399079f7-1eb1-4f37-b003-267572525934: shutdown LeaderElection
2019-10-20 18:19:01,029 [399079f7-1eb1-4f37-b003-267572525934@group-D40A05E2FCF9-LeaderElection427] INFO  impl.RoleInfo (RoleInfo.java:updateAndGet(143)) - 399079f7-1eb1-4f37-b003-267572525934: start FollowerState
2019-10-20 18:19:01,049 [Thread-3331] INFO  impl.FollowerState (FollowerState.java:run(108)) - b75f8b2e-6273-4c97-b7c5-042674931d23@group-F11756C8BA4A-FollowerState: change to CANDIDATE, lastRpcTime:146ms, electionTimeout:146ms
2019-10-20 18:19:01,049 [Thread-3331] INFO  impl.RoleInfo (RoleInfo.java:shutdownFollowerState(121)) - b75f8b2e-6273-4c97-b7c5-042674931d23: shutdown FollowerState
2019-10-20 18:19:01,050 [Thread-3331] INFO  impl.RaftServerImpl (RaftServerImpl.java:setRole(184)) - b75f8b2e-6273-4c97-b7c5-042674931d23@group-F11756C8BA4A: changes role from  FOLLOWER to CANDIDATE at term 245 for changeToCandidate
2019-10-20 18:19:01,050 [Thread-3331] INFO  impl.RoleInfo (RoleInfo.java:updateAndGet(143)) - b75f8b2e-6273-4c97-b7c5-042674931d23: start LeaderElection
2019-10-20 18:19:01,078 [b75f8b2e-6273-4c97-b7c5-042674931d23@group-F11756C8BA4A-LeaderElection428] INFO  impl.LeaderElection (LeaderElection.java:askForVotes(178)) - b75f8b2e-6273-4c97-b7c5-042674931d23@group-F11756C8BA4A-LeaderElection428: begin an election at term 246 for -1: [6ef27e9c-8ddb-4fa1-8c14-ab102acfb1b8:192.168.164.241:38092, b75f8b2e-6273-4c97-b7c5-042674931d23:192.168.164.241:41857, 3750b3a2-715b-46b3-9d0c-9e38136244b9:192.168.164.241:46227], old=null
2019-10-20 18:19:01,079 [b75f8b2e-6273-4c97-b7c5-042674931d23@group-F11756C8BA4A-LeaderElection428] INFO  impl.LeaderElection (LogUtils.java:infoOrTrace(149)) - b75f8b2e-6273-4c97-b7c5-042674931d23@group-F11756C8BA4A-LeaderElection428 got exception when requesting votes: {}
java.util.concurrent.ExecutionException: org.apache.ratis.thirdparty.io.grpc.StatusRuntimeException: UNAVAILABLE: io exception
	at java.util.concurrent.FutureTask.report(FutureTask.java:122)
	at java.util.concurrent.FutureTask.get(FutureTask.java:192)
	at org.apache.ratis.server.impl.LeaderElection.waitForResults(LeaderElection.java:259)
	at org.apache.ratis.server.impl.LeaderElection.askForVotes(LeaderElection.java:197)
	at org.apache.ratis.server.impl.LeaderElection.run(LeaderElection.java:133)
	at java.lang.Thread.run(Thread.java:748)
Caused by: org.apache.ratis.thirdparty.io.grpc.StatusRuntimeException: UNAVAILABLE: io exception
	at org.apache.ratis.thirdparty.io.grpc.stub.ClientCalls.toStatusRuntimeException(ClientCalls.java:233)
	at org.apache.ratis.thirdparty.io.grpc.stub.ClientCalls.getUnchecked(ClientCalls.java:214)
	at org.apache.ratis.thirdparty.io.grpc.stub.ClientCalls.blockingUnaryCall(ClientCalls.java:139)
	at org.apache.ratis.proto.grpc.RaftServerProtocolServiceGrpc$RaftServerProtocolServiceBlockingStub.requestVote(RaftServerProtocolServiceGrpc.java:265)
	at org.apache.ratis.grpc.server.GrpcServerProtocolClient.requestVote(GrpcServerProtocolClient.java:99)
	at org.apache.ratis.grpc.server.GrpcService.requestVote(GrpcService.java:204)
	at org.apache.ratis.server.impl.LeaderElection.lambda$submitRequests$1(LeaderElection.java:234)
	at java.util.concurrent.FutureTask.run(FutureTask.java:266)
	at java.util.concurrent.Executors$RunnableAdapter.call(Executors.java:511)
	at java.util.concurrent.FutureTask.run(FutureTask.java:266)
	at java.util.concurrent.ThreadPoolExecutor.runWorker(ThreadPoolExecutor.java:1149)
	at java.util.concurrent.ThreadPoolExecutor$Worker.run(ThreadPoolExecutor.java:624)
	... 1 more
Caused by: org.apache.ratis.thirdparty.io.netty.channel.AbstractChannel$AnnotatedConnectException: Connection refused: /192.168.164.241:46227
	at sun.nio.ch.SocketChannelImpl.checkConnect(Native Method)
	at sun.nio.ch.SocketChannelImpl.finishConnect(SocketChannelImpl.java:717)
	at org.apache.ratis.thirdparty.io.netty.channel.socket.nio.NioSocketChannel.doFinishConnect(NioSocketChannel.java:327)
	at org.apache.ratis.thirdparty.io.netty.channel.nio.AbstractNioChannel$AbstractNioUnsafe.finishConnect(AbstractNioChannel.java:340)
	at org.apache.ratis.thirdparty.io.netty.channel.nio.NioEventLoop.processSelectedKey(NioEventLoop.java:632)
	at org.apache.ratis.thirdparty.io.netty.channel.nio.NioEventLoop.processSelectedKeysOptimized(NioEventLoop.java:579)
	at org.apache.ratis.thirdparty.io.netty.channel.nio.NioEventLoop.processSelectedKeys(NioEventLoop.java:496)
	at org.apache.ratis.thirdparty.io.netty.channel.nio.NioEventLoop.run(NioEventLoop.java:458)
	at org.apache.ratis.thirdparty.io.netty.util.concurrent.SingleThreadEventExecutor$5.run(SingleThreadEventExecutor.java:897)
	at org.apache.ratis.thirdparty.io.netty.util.concurrent.FastThreadLocalRunnable.run(FastThreadLocalRunnable.java:30)
	... 1 more
Caused by: java.net.ConnectException: Connection refused
	... 11 more
2019-10-20 18:19:01,079 [grpc-default-executor-4] INFO  impl.RaftServerImpl (RaftServerImpl.java:setRole(184)) - 6ef27e9c-8ddb-4fa1-8c14-ab102acfb1b8@group-F11756C8BA4A: changes role from  FOLLOWER to FOLLOWER at term 246 for recognizeCandidate:b75f8b2e-6273-4c97-b7c5-042674931d23
2019-10-20 18:19:01,080 [grpc-default-executor-4] INFO  impl.RoleInfo (RoleInfo.java:shutdownFollowerState(121)) - 6ef27e9c-8ddb-4fa1-8c14-ab102acfb1b8: shutdown FollowerState
2019-10-20 18:19:01,080 [grpc-default-executor-4] INFO  impl.RoleInfo (RoleInfo.java:updateAndGet(143)) - 6ef27e9c-8ddb-4fa1-8c14-ab102acfb1b8: start FollowerState
2019-10-20 18:19:01,080 [Thread-3330] INFO  impl.FollowerState (FollowerState.java:run(117)) - 6ef27e9c-8ddb-4fa1-8c14-ab102acfb1b8@group-F11756C8BA4A-FollowerState was interrupted: java.lang.InterruptedException: sleep interrupted
2019-10-20 18:19:01,081 [Thread-3336] INFO  impl.FollowerState (FollowerState.java:run(108)) - 399079f7-1eb1-4f37-b003-267572525934@group-D40A05E2FCF9-FollowerState: change to CANDIDATE, lastRpcTime:52ms, electionTimeout:52ms
2019-10-20 18:19:01,081 [Thread-3336] INFO  impl.RoleInfo (RoleInfo.java:shutdownFollowerState(121)) - 399079f7-1eb1-4f37-b003-267572525934: shutdown FollowerState
2019-10-20 18:19:01,082 [Thread-3336] INFO  impl.RaftServerImpl (RaftServerImpl.java:setRole(184)) - 399079f7-1eb1-4f37-b003-267572525934@group-D40A05E2FCF9: changes role from  FOLLOWER to CANDIDATE at term 244 for changeToCandidate
2019-10-20 18:19:01,082 [Thread-3336] INFO  impl.RoleInfo (RoleInfo.java:updateAndGet(143)) - 399079f7-1eb1-4f37-b003-267572525934: start LeaderElection
2019-10-20 18:19:01,103 [399079f7-1eb1-4f37-b003-267572525934@group-D40A05E2FCF9-LeaderElection429] INFO  impl.LeaderElection (LeaderElection.java:askForVotes(178)) - 399079f7-1eb1-4f37-b003-267572525934@group-D40A05E2FCF9-LeaderElection429: begin an election at term 245 for -1: [399079f7-1eb1-4f37-b003-267572525934:192.168.164.241:37762, 7a43c46a-fc88-4b2d-b2da-ae029cfa60ff:192.168.164.241:43684, 6c5c38af-62e6-4ea7-a24a-078dcb28fb39:192.168.164.241:45428], old=null
2019-10-20 18:19:01,104 [b75f8b2e-6273-4c97-b7c5-042674931d23@group-F11756C8BA4A-LeaderElection428] INFO  impl.LeaderElection (LeaderElection.java:logAndReturn(56)) - b75f8b2e-6273-4c97-b7c5-042674931d23@group-F11756C8BA4A-LeaderElection428: Election REJECTED; received 1 response(s) [b75f8b2e-6273-4c97-b7c5-042674931d23<-6ef27e9c-8ddb-4fa1-8c14-ab102acfb1b8#0:FAIL-t246] and 1 exception(s); b75f8b2e-6273-4c97-b7c5-042674931d23@group-F11756C8BA4A:t246, leader=null, voted=b75f8b2e-6273-4c97-b7c5-042674931d23, raftlog=b75f8b2e-6273-4c97-b7c5-042674931d23@group-F11756C8BA4A-SegmentedRaftLog:OPENED:c-1,f-1,i0, conf=-1: [6ef27e9c-8ddb-4fa1-8c14-ab102acfb1b8:192.168.164.241:38092, b75f8b2e-6273-4c97-b7c5-042674931d23:192.168.164.241:41857, 3750b3a2-715b-46b3-9d0c-9e38136244b9:192.168.164.241:46227], old=null
2019-10-20 18:19:01,104 [399079f7-1eb1-4f37-b003-267572525934@group-D40A05E2FCF9-LeaderElection429] INFO  impl.LeaderElection (LogUtils.java:infoOrTrace(149)) - 399079f7-1eb1-4f37-b003-267572525934@group-D40A05E2FCF9-LeaderElection429 got exception when requesting votes: {}
java.util.concurrent.ExecutionException: org.apache.ratis.thirdparty.io.grpc.StatusRuntimeException: UNAVAILABLE: io exception
	at java.util.concurrent.FutureTask.report(FutureTask.java:122)
	at java.util.concurrent.FutureTask.get(FutureTask.java:192)
	at org.apache.ratis.server.impl.LeaderElection.waitForResults(LeaderElection.java:259)
	at org.apache.ratis.server.impl.LeaderElection.askForVotes(LeaderElection.java:197)
	at org.apache.ratis.server.impl.LeaderElection.run(LeaderElection.java:133)
	at java.lang.Thread.run(Thread.java:748)
Caused by: org.apache.ratis.thirdparty.io.grpc.StatusRuntimeException: UNAVAILABLE: io exception
	at org.apache.ratis.thirdparty.io.grpc.stub.ClientCalls.toStatusRuntimeException(ClientCalls.java:233)
	at org.apache.ratis.thirdparty.io.grpc.stub.ClientCalls.getUnchecked(ClientCalls.java:214)
	at org.apache.ratis.thirdparty.io.grpc.stub.ClientCalls.blockingUnaryCall(ClientCalls.java:139)
	at org.apache.ratis.proto.grpc.RaftServerProtocolServiceGrpc$RaftServerProtocolServiceBlockingStub.requestVote(RaftServerProtocolServiceGrpc.java:265)
	at org.apache.ratis.grpc.server.GrpcServerProtocolClient.requestVote(GrpcServerProtocolClient.java:99)
	at org.apache.ratis.grpc.server.GrpcService.requestVote(GrpcService.java:204)
	at org.apache.ratis.server.impl.LeaderElection.lambda$submitRequests$1(LeaderElection.java:234)
	at java.util.concurrent.FutureTask.run(FutureTask.java:266)
	at java.util.concurrent.Executors$RunnableAdapter.call(Executors.java:511)
	at java.util.concurrent.FutureTask.run(FutureTask.java:266)
	at java.util.concurrent.ThreadPoolExecutor.runWorker(ThreadPoolExecutor.java:1149)
	at java.util.concurrent.ThreadPoolExecutor$Worker.run(ThreadPoolExecutor.java:624)
	... 1 more
Caused by: org.apache.ratis.thirdparty.io.netty.channel.AbstractChannel$AnnotatedConnectException: Connection refused: /192.168.164.241:45428
	at sun.nio.ch.SocketChannelImpl.checkConnect(Native Method)
	at sun.nio.ch.SocketChannelImpl.finishConnect(SocketChannelImpl.java:717)
	at org.apache.ratis.thirdparty.io.netty.channel.socket.nio.NioSocketChannel.doFinishConnect(NioSocketChannel.java:327)
	at org.apache.ratis.thirdparty.io.netty.channel.nio.AbstractNioChannel$AbstractNioUnsafe.finishConnect(AbstractNioChannel.java:340)
	at org.apache.ratis.thirdparty.io.netty.channel.nio.NioEventLoop.processSelectedKey(NioEventLoop.java:632)
	at org.apache.ratis.thirdparty.io.netty.channel.nio.NioEventLoop.processSelectedKeysOptimized(NioEventLoop.java:579)
	at org.apache.ratis.thirdparty.io.netty.channel.nio.NioEventLoop.processSelectedKeys(NioEventLoop.java:496)
	at org.apache.ratis.thirdparty.io.netty.channel.nio.NioEventLoop.run(NioEventLoop.java:458)
	at org.apache.ratis.thirdparty.io.netty.util.concurrent.SingleThreadEventExecutor$5.run(SingleThreadEventExecutor.java:897)
	at org.apache.ratis.thirdparty.io.netty.util.concurrent.FastThreadLocalRunnable.run(FastThreadLocalRunnable.java:30)
	... 1 more
Caused by: java.net.ConnectException: Connection refused
	... 11 more
2019-10-20 18:19:01,104 [grpc-default-executor-4] INFO  impl.RaftServerImpl (RaftServerImpl.java:setRole(184)) - 7a43c46a-fc88-4b2d-b2da-ae029cfa60ff@group-D40A05E2FCF9: changes role from  FOLLOWER to FOLLOWER at term 245 for recognizeCandidate:399079f7-1eb1-4f37-b003-267572525934
2019-10-20 18:19:01,105 [grpc-default-executor-4] INFO  impl.RoleInfo (RoleInfo.java:shutdownFollowerState(121)) - 7a43c46a-fc88-4b2d-b2da-ae029cfa60ff: shutdown FollowerState
2019-10-20 18:19:01,104 [b75f8b2e-6273-4c97-b7c5-042674931d23@group-F11756C8BA4A-LeaderElection428] INFO  impl.LeaderElection (LogUtils.java:infoOrTrace(149)) -   Exception 0: {}
java.util.concurrent.ExecutionException: org.apache.ratis.thirdparty.io.grpc.StatusRuntimeException: UNAVAILABLE: io exception
	at java.util.concurrent.FutureTask.report(FutureTask.java:122)
	at java.util.concurrent.FutureTask.get(FutureTask.java:192)
	at org.apache.ratis.server.impl.LeaderElection.waitForResults(LeaderElection.java:259)
	at org.apache.ratis.server.impl.LeaderElection.askForVotes(LeaderElection.java:197)
	at org.apache.ratis.server.impl.LeaderElection.run(LeaderElection.java:133)
	at java.lang.Thread.run(Thread.java:748)
Caused by: org.apache.ratis.thirdparty.io.grpc.StatusRuntimeException: UNAVAILABLE: io exception
	at org.apache.ratis.thirdparty.io.grpc.stub.ClientCalls.toStatusRuntimeException(ClientCalls.java:233)
	at org.apache.ratis.thirdparty.io.grpc.stub.ClientCalls.getUnchecked(ClientCalls.java:214)
	at org.apache.ratis.thirdparty.io.grpc.stub.ClientCalls.blockingUnaryCall(ClientCalls.java:139)
	at org.apache.ratis.proto.grpc.RaftServerProtocolServiceGrpc$RaftServerProtocolServiceBlockingStub.requestVote(RaftServerProtocolServiceGrpc.java:265)
	at org.apache.ratis.grpc.server.GrpcServerProtocolClient.requestVote(GrpcServerProtocolClient.java:99)
	at org.apache.ratis.grpc.server.GrpcService.requestVote(GrpcService.java:204)
	at org.apache.ratis.server.impl.LeaderElection.lambda$submitRequests$1(LeaderElection.java:234)
	at java.util.concurrent.FutureTask.run(FutureTask.java:266)
	at java.util.concurrent.Executors$RunnableAdapter.call(Executors.java:511)
	at java.util.concurrent.FutureTask.run(FutureTask.java:266)
	at java.util.concurrent.ThreadPoolExecutor.runWorker(ThreadPoolExecutor.java:1149)
	at java.util.concurrent.ThreadPoolExecutor$Worker.run(ThreadPoolExecutor.java:624)
	... 1 more
Caused by: org.apache.ratis.thirdparty.io.netty.channel.AbstractChannel$AnnotatedConnectException: Connection refused: /192.168.164.241:46227
	at sun.nio.ch.SocketChannelImpl.checkConnect(Native Method)
	at sun.nio.ch.SocketChannelImpl.finishConnect(SocketChannelImpl.java:717)
	at org.apache.ratis.thirdparty.io.netty.channel.socket.nio.NioSocketChannel.doFinishConnect(NioSocketChannel.java:327)
	at org.apache.ratis.thirdparty.io.netty.channel.nio.AbstractNioChannel$AbstractNioUnsafe.finishConnect(AbstractNioChannel.java:340)
	at org.apache.ratis.thirdparty.io.netty.channel.nio.NioEventLoop.processSelectedKey(NioEventLoop.java:632)
	at org.apache.ratis.thirdparty.io.netty.channel.nio.NioEventLoop.processSelectedKeysOptimized(NioEventLoop.java:579)
	at org.apache.ratis.thirdparty.io.netty.channel.nio.NioEventLoop.processSelectedKeys(NioEventLoop.java:496)
	at org.apache.ratis.thirdparty.io.netty.channel.nio.NioEventLoop.run(NioEventLoop.java:458)
	at org.apache.ratis.thirdparty.io.netty.util.concurrent.SingleThreadEventExecutor$5.run(SingleThreadEventExecutor.java:897)
	at org.apache.ratis.thirdparty.io.netty.util.concurrent.FastThreadLocalRunnable.run(FastThreadLocalRunnable.java:30)
	... 1 more
Caused by: java.net.ConnectException: Connection refused
	... 11 more
2019-10-20 18:19:01,105 [grpc-default-executor-4] INFO  impl.RoleInfo (RoleInfo.java:updateAndGet(143)) - 7a43c46a-fc88-4b2d-b2da-ae029cfa60ff: start FollowerState
2019-10-20 18:19:01,105 [Thread-3335] INFO  impl.FollowerState (FollowerState.java:run(117)) - 7a43c46a-fc88-4b2d-b2da-ae029cfa60ff@group-D40A05E2FCF9-FollowerState was interrupted: java.lang.InterruptedException: sleep interrupted
2019-10-20 18:19:01,105 [b75f8b2e-6273-4c97-b7c5-042674931d23@group-F11756C8BA4A-LeaderElection428] INFO  impl.RaftServerImpl (RaftServerImpl.java:setRole(184)) - b75f8b2e-6273-4c97-b7c5-042674931d23@group-F11756C8BA4A: changes role from CANDIDATE to FOLLOWER at term 246 for DISCOVERED_A_NEW_TERM
2019-10-20 18:19:01,106 [b75f8b2e-6273-4c97-b7c5-042674931d23@group-F11756C8BA4A-LeaderElection428] INFO  impl.RoleInfo (RoleInfo.java:shutdownLeaderElection(134)) - b75f8b2e-6273-4c97-b7c5-042674931d23: shutdown LeaderElection
2019-10-20 18:19:01,106 [b75f8b2e-6273-4c97-b7c5-042674931d23@group-F11756C8BA4A-LeaderElection428] INFO  impl.RoleInfo (RoleInfo.java:updateAndGet(143)) - b75f8b2e-6273-4c97-b7c5-042674931d23: start FollowerState
2019-10-20 18:19:01,129 [399079f7-1eb1-4f37-b003-267572525934@group-D40A05E2FCF9-LeaderElection429] INFO  impl.LeaderElection (LeaderElection.java:logAndReturn(56)) - 399079f7-1eb1-4f37-b003-267572525934@group-D40A05E2FCF9-LeaderElection429: Election REJECTED; received 1 response(s) [399079f7-1eb1-4f37-b003-267572525934<-7a43c46a-fc88-4b2d-b2da-ae029cfa60ff#0:FAIL-t245] and 1 exception(s); 399079f7-1eb1-4f37-b003-267572525934@group-D40A05E2FCF9:t245, leader=null, voted=399079f7-1eb1-4f37-b003-267572525934, raftlog=399079f7-1eb1-4f37-b003-267572525934@group-D40A05E2FCF9-SegmentedRaftLog:OPENED:c-1,f-1,i0, conf=-1: [399079f7-1eb1-4f37-b003-267572525934:192.168.164.241:37762, 7a43c46a-fc88-4b2d-b2da-ae029cfa60ff:192.168.164.241:43684, 6c5c38af-62e6-4ea7-a24a-078dcb28fb39:192.168.164.241:45428], old=null
2019-10-20 18:19:01,129 [399079f7-1eb1-4f37-b003-267572525934@group-D40A05E2FCF9-LeaderElection429] INFO  impl.LeaderElection (LogUtils.java:infoOrTrace(149)) -   Exception 0: {}
java.util.concurrent.ExecutionException: org.apache.ratis.thirdparty.io.grpc.StatusRuntimeException: UNAVAILABLE: io exception
	at java.util.concurrent.FutureTask.report(FutureTask.java:122)
	at java.util.concurrent.FutureTask.get(FutureTask.java:192)
	at org.apache.ratis.server.impl.LeaderElection.waitForResults(LeaderElection.java:259)
	at org.apache.ratis.server.impl.LeaderElection.askForVotes(LeaderElection.java:197)
	at org.apache.ratis.server.impl.LeaderElection.run(LeaderElection.java:133)
	at java.lang.Thread.run(Thread.java:748)
Caused by: org.apache.ratis.thirdparty.io.grpc.StatusRuntimeException: UNAVAILABLE: io exception
	at org.apache.ratis.thirdparty.io.grpc.stub.ClientCalls.toStatusRuntimeException(ClientCalls.java:233)
	at org.apache.ratis.thirdparty.io.grpc.stub.ClientCalls.getUnchecked(ClientCalls.java:214)
	at org.apache.ratis.thirdparty.io.grpc.stub.ClientCalls.blockingUnaryCall(ClientCalls.java:139)
	at org.apache.ratis.proto.grpc.RaftServerProtocolServiceGrpc$RaftServerProtocolServiceBlockingStub.requestVote(RaftServerProtocolServiceGrpc.java:265)
	at org.apache.ratis.grpc.server.GrpcServerProtocolClient.requestVote(GrpcServerProtocolClient.java:99)
	at org.apache.ratis.grpc.server.GrpcService.requestVote(GrpcService.java:204)
	at org.apache.ratis.server.impl.LeaderElection.lambda$submitRequests$1(LeaderElection.java:234)
	at java.util.concurrent.FutureTask.run(FutureTask.java:266)
	at java.util.concurrent.Executors$RunnableAdapter.call(Executors.java:511)
	at java.util.concurrent.FutureTask.run(FutureTask.java:266)
	at java.util.concurrent.ThreadPoolExecutor.runWorker(ThreadPoolExecutor.java:1149)
	at java.util.concurrent.ThreadPoolExecutor$Worker.run(ThreadPoolExecutor.java:624)
	... 1 more
Caused by: org.apache.ratis.thirdparty.io.netty.channel.AbstractChannel$AnnotatedConnectException: Connection refused: /192.168.164.241:45428
	at sun.nio.ch.SocketChannelImpl.checkConnect(Native Method)
	at sun.nio.ch.SocketChannelImpl.finishConnect(SocketChannelImpl.java:717)
	at org.apache.ratis.thirdparty.io.netty.channel.socket.nio.NioSocketChannel.doFinishConnect(NioSocketChannel.java:327)
	at org.apache.ratis.thirdparty.io.netty.channel.nio.AbstractNioChannel$AbstractNioUnsafe.finishConnect(AbstractNioChannel.java:340)
	at org.apache.ratis.thirdparty.io.netty.channel.nio.NioEventLoop.processSelectedKey(NioEventLoop.java:632)
	at org.apache.ratis.thirdparty.io.netty.channel.nio.NioEventLoop.processSelectedKeysOptimized(NioEventLoop.java:579)
	at org.apache.ratis.thirdparty.io.netty.channel.nio.NioEventLoop.processSelectedKeys(NioEventLoop.java:496)
	at org.apache.ratis.thirdparty.io.netty.channel.nio.NioEventLoop.run(NioEventLoop.java:458)
	at org.apache.ratis.thirdparty.io.netty.util.concurrent.SingleThreadEventExecutor$5.run(SingleThreadEventExecutor.java:897)
	at org.apache.ratis.thirdparty.io.netty.util.concurrent.FastThreadLocalRunnable.run(FastThreadLocalRunnable.java:30)
	... 1 more
Caused by: java.net.ConnectException: Connection refused
	... 11 more
2019-10-20 18:19:01,130 [399079f7-1eb1-4f37-b003-267572525934@group-D40A05E2FCF9-LeaderElection429] INFO  impl.RaftServerImpl (RaftServerImpl.java:setRole(184)) - 399079f7-1eb1-4f37-b003-267572525934@group-D40A05E2FCF9: changes role from CANDIDATE to FOLLOWER at term 245 for DISCOVERED_A_NEW_TERM
2019-10-20 18:19:01,130 [399079f7-1eb1-4f37-b003-267572525934@group-D40A05E2FCF9-LeaderElection429] INFO  impl.RoleInfo (RoleInfo.java:shutdownLeaderElection(134)) - 399079f7-1eb1-4f37-b003-267572525934: shutdown LeaderElection
2019-10-20 18:19:01,130 [399079f7-1eb1-4f37-b003-267572525934@group-D40A05E2FCF9-LeaderElection429] INFO  impl.RoleInfo (RoleInfo.java:updateAndGet(143)) - 399079f7-1eb1-4f37-b003-267572525934: start FollowerState
2019-10-20 18:19:01,176 [Thread-3346] INFO  impl.FollowerState (FollowerState.java:run(108)) - 399079f7-1eb1-4f37-b003-267572525934@group-D40A05E2FCF9-FollowerState: change to CANDIDATE, lastRpcTime:46ms, electionTimeout:46ms
2019-10-20 18:19:01,176 [Thread-3346] INFO  impl.RoleInfo (RoleInfo.java:shutdownFollowerState(121)) - 399079f7-1eb1-4f37-b003-267572525934: shutdown FollowerState
2019-10-20 18:19:01,177 [Thread-3346] INFO  impl.RaftServerImpl (RaftServerImpl.java:setRole(184)) - 399079f7-1eb1-4f37-b003-267572525934@group-D40A05E2FCF9: changes role from  FOLLOWER to CANDIDATE at term 245 for changeToCandidate
2019-10-20 18:19:01,177 [Thread-3346] INFO  impl.RoleInfo (RoleInfo.java:updateAndGet(143)) - 399079f7-1eb1-4f37-b003-267572525934: start LeaderElection
2019-10-20 18:19:01,204 [399079f7-1eb1-4f37-b003-267572525934@group-D40A05E2FCF9-LeaderElection430] INFO  impl.LeaderElection (LeaderElection.java:askForVotes(178)) - 399079f7-1eb1-4f37-b003-267572525934@group-D40A05E2FCF9-LeaderElection430: begin an election at term 246 for -1: [399079f7-1eb1-4f37-b003-267572525934:192.168.164.241:37762, 7a43c46a-fc88-4b2d-b2da-ae029cfa60ff:192.168.164.241:43684, 6c5c38af-62e6-4ea7-a24a-078dcb28fb39:192.168.164.241:45428], old=null
2019-10-20 18:19:01,205 [399079f7-1eb1-4f37-b003-267572525934@group-D40A05E2FCF9-LeaderElection430] INFO  impl.LeaderElection (LogUtils.java:infoOrTrace(149)) - 399079f7-1eb1-4f37-b003-267572525934@group-D40A05E2FCF9-LeaderElection430 got exception when requesting votes: {}
java.util.concurrent.ExecutionException: org.apache.ratis.thirdparty.io.grpc.StatusRuntimeException: UNAVAILABLE: io exception
	at java.util.concurrent.FutureTask.report(FutureTask.java:122)
	at java.util.concurrent.FutureTask.get(FutureTask.java:192)
	at org.apache.ratis.server.impl.LeaderElection.waitForResults(LeaderElection.java:259)
	at org.apache.ratis.server.impl.LeaderElection.askForVotes(LeaderElection.java:197)
	at org.apache.ratis.server.impl.LeaderElection.run(LeaderElection.java:133)
	at java.lang.Thread.run(Thread.java:748)
Caused by: org.apache.ratis.thirdparty.io.grpc.StatusRuntimeException: UNAVAILABLE: io exception
	at org.apache.ratis.thirdparty.io.grpc.stub.ClientCalls.toStatusRuntimeException(ClientCalls.java:233)
	at org.apache.ratis.thirdparty.io.grpc.stub.ClientCalls.getUnchecked(ClientCalls.java:214)
	at org.apache.ratis.thirdparty.io.grpc.stub.ClientCalls.blockingUnaryCall(ClientCalls.java:139)
	at org.apache.ratis.proto.grpc.RaftServerProtocolServiceGrpc$RaftServerProtocolServiceBlockingStub.requestVote(RaftServerProtocolServiceGrpc.java:265)
	at org.apache.ratis.grpc.server.GrpcServerProtocolClient.requestVote(GrpcServerProtocolClient.java:99)
	at org.apache.ratis.grpc.server.GrpcService.requestVote(GrpcService.java:204)
	at org.apache.ratis.server.impl.LeaderElection.lambda$submitRequests$1(LeaderElection.java:234)
	at java.util.concurrent.FutureTask.run(FutureTask.java:266)
	at java.util.concurrent.Executors$RunnableAdapter.call(Executors.java:511)
	at java.util.concurrent.FutureTask.run(FutureTask.java:266)
	at java.util.concurrent.ThreadPoolExecutor.runWorker(ThreadPoolExecutor.java:1149)
	at java.util.concurrent.ThreadPoolExecutor$Worker.run(ThreadPoolExecutor.java:624)
	... 1 more
Caused by: org.apache.ratis.thirdparty.io.netty.channel.AbstractChannel$AnnotatedConnectException: Connection refused: /192.168.164.241:45428
	at sun.nio.ch.SocketChannelImpl.checkConnect(Native Method)
	at sun.nio.ch.SocketChannelImpl.finishConnect(SocketChannelImpl.java:717)
	at org.apache.ratis.thirdparty.io.netty.channel.socket.nio.NioSocketChannel.doFinishConnect(NioSocketChannel.java:327)
	at org.apache.ratis.thirdparty.io.netty.channel.nio.AbstractNioChannel$AbstractNioUnsafe.finishConnect(AbstractNioChannel.java:340)
	at org.apache.ratis.thirdparty.io.netty.channel.nio.NioEventLoop.processSelectedKey(NioEventLoop.java:632)
	at org.apache.ratis.thirdparty.io.netty.channel.nio.NioEventLoop.processSelectedKeysOptimized(NioEventLoop.java:579)
	at org.apache.ratis.thirdparty.io.netty.channel.nio.NioEventLoop.processSelectedKeys(NioEventLoop.java:496)
	at org.apache.ratis.thirdparty.io.netty.channel.nio.NioEventLoop.run(NioEventLoop.java:458)
	at org.apache.ratis.thirdparty.io.netty.util.concurrent.SingleThreadEventExecutor$5.run(SingleThreadEventExecutor.java:897)
	at org.apache.ratis.thirdparty.io.netty.util.concurrent.FastThreadLocalRunnable.run(FastThreadLocalRunnable.java:30)
	... 1 more
Caused by: java.net.ConnectException: Connection refused
	... 11 more
2019-10-20 18:19:01,206 [grpc-default-executor-4] INFO  impl.RaftServerImpl (RaftServerImpl.java:setRole(184)) - 7a43c46a-fc88-4b2d-b2da-ae029cfa60ff@group-D40A05E2FCF9: changes role from  FOLLOWER to FOLLOWER at term 246 for recognizeCandidate:399079f7-1eb1-4f37-b003-267572525934
2019-10-20 18:19:01,206 [grpc-default-executor-4] INFO  impl.RoleInfo (RoleInfo.java:shutdownFollowerState(121)) - 7a43c46a-fc88-4b2d-b2da-ae029cfa60ff: shutdown FollowerState
2019-10-20 18:19:01,206 [grpc-default-executor-4] INFO  impl.RoleInfo (RoleInfo.java:updateAndGet(143)) - 7a43c46a-fc88-4b2d-b2da-ae029cfa60ff: start FollowerState
2019-10-20 18:19:01,206 [Thread-3344] INFO  impl.FollowerState (FollowerState.java:run(117)) - 7a43c46a-fc88-4b2d-b2da-ae029cfa60ff@group-D40A05E2FCF9-FollowerState was interrupted: java.lang.InterruptedException: sleep interrupted
2019-10-20 18:19:01,230 [399079f7-1eb1-4f37-b003-267572525934@group-D40A05E2FCF9-LeaderElection430] INFO  impl.LeaderElection (LeaderElection.java:logAndReturn(56)) - 399079f7-1eb1-4f37-b003-267572525934@group-D40A05E2FCF9-LeaderElection430: Election REJECTED; received 1 response(s) [399079f7-1eb1-4f37-b003-267572525934<-7a43c46a-fc88-4b2d-b2da-ae029cfa60ff#0:FAIL-t246] and 1 exception(s); 399079f7-1eb1-4f37-b003-267572525934@group-D40A05E2FCF9:t246, leader=null, voted=399079f7-1eb1-4f37-b003-267572525934, raftlog=399079f7-1eb1-4f37-b003-267572525934@group-D40A05E2FCF9-SegmentedRaftLog:OPENED:c-1,f-1,i0, conf=-1: [399079f7-1eb1-4f37-b003-267572525934:192.168.164.241:37762, 7a43c46a-fc88-4b2d-b2da-ae029cfa60ff:192.168.164.241:43684, 6c5c38af-62e6-4ea7-a24a-078dcb28fb39:192.168.164.241:45428], old=null
2019-10-20 18:19:01,230 [399079f7-1eb1-4f37-b003-267572525934@group-D40A05E2FCF9-LeaderElection430] INFO  impl.LeaderElection (LogUtils.java:infoOrTrace(149)) -   Exception 0: {}
java.util.concurrent.ExecutionException: org.apache.ratis.thirdparty.io.grpc.StatusRuntimeException: UNAVAILABLE: io exception
	at java.util.concurrent.FutureTask.report(FutureTask.java:122)
	at java.util.concurrent.FutureTask.get(FutureTask.java:192)
	at org.apache.ratis.server.impl.LeaderElection.waitForResults(LeaderElection.java:259)
	at org.apache.ratis.server.impl.LeaderElection.askForVotes(LeaderElection.java:197)
	at org.apache.ratis.server.impl.LeaderElection.run(LeaderElection.java:133)
	at java.lang.Thread.run(Thread.java:748)
Caused by: org.apache.ratis.thirdparty.io.grpc.StatusRuntimeException: UNAVAILABLE: io exception
	at org.apache.ratis.thirdparty.io.grpc.stub.ClientCalls.toStatusRuntimeException(ClientCalls.java:233)
	at org.apache.ratis.thirdparty.io.grpc.stub.ClientCalls.getUnchecked(ClientCalls.java:214)
	at org.apache.ratis.thirdparty.io.grpc.stub.ClientCalls.blockingUnaryCall(ClientCalls.java:139)
	at org.apache.ratis.proto.grpc.RaftServerProtocolServiceGrpc$RaftServerProtocolServiceBlockingStub.requestVote(RaftServerProtocolServiceGrpc.java:265)
	at org.apache.ratis.grpc.server.GrpcServerProtocolClient.requestVote(GrpcServerProtocolClient.java:99)
	at org.apache.ratis.grpc.server.GrpcService.requestVote(GrpcService.java:204)
	at org.apache.ratis.server.impl.LeaderElection.lambda$submitRequests$1(LeaderElection.java:234)
	at java.util.concurrent.FutureTask.run(FutureTask.java:266)
	at java.util.concurrent.Executors$RunnableAdapter.call(Executors.java:511)
	at java.util.concurrent.FutureTask.run(FutureTask.java:266)
	at java.util.concurrent.ThreadPoolExecutor.runWorker(ThreadPoolExecutor.java:1149)
	at java.util.concurrent.ThreadPoolExecutor$Worker.run(ThreadPoolExecutor.java:624)
	... 1 more
Caused by: org.apache.ratis.thirdparty.io.netty.channel.AbstractChannel$AnnotatedConnectException: Connection refused: /192.168.164.241:45428
	at sun.nio.ch.SocketChannelImpl.checkConnect(Native Method)
	at sun.nio.ch.SocketChannelImpl.finishConnect(SocketChannelImpl.java:717)
	at org.apache.ratis.thirdparty.io.netty.channel.socket.nio.NioSocketChannel.doFinishConnect(NioSocketChannel.java:327)
	at org.apache.ratis.thirdparty.io.netty.channel.nio.AbstractNioChannel$AbstractNioUnsafe.finishConnect(AbstractNioChannel.java:340)
	at org.apache.ratis.thirdparty.io.netty.channel.nio.NioEventLoop.processSelectedKey(NioEventLoop.java:632)
	at org.apache.ratis.thirdparty.io.netty.channel.nio.NioEventLoop.processSelectedKeysOptimized(NioEventLoop.java:579)
	at org.apache.ratis.thirdparty.io.netty.channel.nio.NioEventLoop.processSelectedKeys(NioEventLoop.java:496)
	at org.apache.ratis.thirdparty.io.netty.channel.nio.NioEventLoop.run(NioEventLoop.java:458)
	at org.apache.ratis.thirdparty.io.netty.util.concurrent.SingleThreadEventExecutor$5.run(SingleThreadEventExecutor.java:897)
	at org.apache.ratis.thirdparty.io.netty.util.concurrent.FastThreadLocalRunnable.run(FastThreadLocalRunnable.java:30)
	... 1 more
Caused by: java.net.ConnectException: Connection refused
	... 11 more
2019-10-20 18:19:01,231 [399079f7-1eb1-4f37-b003-267572525934@group-D40A05E2FCF9-LeaderElection430] INFO  impl.RaftServerImpl (RaftServerImpl.java:setRole(184)) - 399079f7-1eb1-4f37-b003-267572525934@group-D40A05E2FCF9: changes role from CANDIDATE to FOLLOWER at term 246 for DISCOVERED_A_NEW_TERM
2019-10-20 18:19:01,231 [399079f7-1eb1-4f37-b003-267572525934@group-D40A05E2FCF9-LeaderElection430] INFO  impl.RoleInfo (RoleInfo.java:shutdownLeaderElection(134)) - 399079f7-1eb1-4f37-b003-267572525934: shutdown LeaderElection
2019-10-20 18:19:01,231 [399079f7-1eb1-4f37-b003-267572525934@group-D40A05E2FCF9-LeaderElection430] INFO  impl.RoleInfo (RoleInfo.java:updateAndGet(143)) - 399079f7-1eb1-4f37-b003-267572525934: start FollowerState
2019-10-20 18:19:01,299 [Thread-3345] INFO  impl.FollowerState (FollowerState.java:run(108)) - b75f8b2e-6273-4c97-b7c5-042674931d23@group-F11756C8BA4A-FollowerState: change to CANDIDATE, lastRpcTime:193ms, electionTimeout:193ms
2019-10-20 18:19:01,299 [Thread-3345] INFO  impl.RoleInfo (RoleInfo.java:shutdownFollowerState(121)) - b75f8b2e-6273-4c97-b7c5-042674931d23: shutdown FollowerState
2019-10-20 18:19:01,299 [Thread-3345] INFO  impl.RaftServerImpl (RaftServerImpl.java:setRole(184)) - b75f8b2e-6273-4c97-b7c5-042674931d23@group-F11756C8BA4A: changes role from  FOLLOWER to CANDIDATE at term 246 for changeToCandidate
2019-10-20 18:19:01,300 [Thread-3345] INFO  impl.RoleInfo (RoleInfo.java:updateAndGet(143)) - b75f8b2e-6273-4c97-b7c5-042674931d23: start LeaderElection
2019-10-20 18:19:01,331 [b75f8b2e-6273-4c97-b7c5-042674931d23@group-F11756C8BA4A-LeaderElection431] INFO  impl.LeaderElection (LeaderElection.java:askForVotes(178)) - b75f8b2e-6273-4c97-b7c5-042674931d23@group-F11756C8BA4A-LeaderElection431: begin an election at term 247 for -1: [6ef27e9c-8ddb-4fa1-8c14-ab102acfb1b8:192.168.164.241:38092, b75f8b2e-6273-4c97-b7c5-042674931d23:192.168.164.241:41857, 3750b3a2-715b-46b3-9d0c-9e38136244b9:192.168.164.241:46227], old=null
2019-10-20 18:19:01,332 [b75f8b2e-6273-4c97-b7c5-042674931d23@group-F11756C8BA4A-LeaderElection431] INFO  impl.LeaderElection (LogUtils.java:infoOrTrace(149)) - b75f8b2e-6273-4c97-b7c5-042674931d23@group-F11756C8BA4A-LeaderElection431 got exception when requesting votes: {}
java.util.concurrent.ExecutionException: org.apache.ratis.thirdparty.io.grpc.StatusRuntimeException: UNAVAILABLE: io exception
	at java.util.concurrent.FutureTask.report(FutureTask.java:122)
	at java.util.concurrent.FutureTask.get(FutureTask.java:192)
	at org.apache.ratis.server.impl.LeaderElection.waitForResults(LeaderElection.java:259)
	at org.apache.ratis.server.impl.LeaderElection.askForVotes(LeaderElection.java:197)
	at org.apache.ratis.server.impl.LeaderElection.run(LeaderElection.java:133)
	at java.lang.Thread.run(Thread.java:748)
Caused by: org.apache.ratis.thirdparty.io.grpc.StatusRuntimeException: UNAVAILABLE: io exception
	at org.apache.ratis.thirdparty.io.grpc.stub.ClientCalls.toStatusRuntimeException(ClientCalls.java:233)
	at org.apache.ratis.thirdparty.io.grpc.stub.ClientCalls.getUnchecked(ClientCalls.java:214)
	at org.apache.ratis.thirdparty.io.grpc.stub.ClientCalls.blockingUnaryCall(ClientCalls.java:139)
	at org.apache.ratis.proto.grpc.RaftServerProtocolServiceGrpc$RaftServerProtocolServiceBlockingStub.requestVote(RaftServerProtocolServiceGrpc.java:265)
	at org.apache.ratis.grpc.server.GrpcServerProtocolClient.requestVote(GrpcServerProtocolClient.java:99)
	at org.apache.ratis.grpc.server.GrpcService.requestVote(GrpcService.java:204)
	at org.apache.ratis.server.impl.LeaderElection.lambda$submitRequests$1(LeaderElection.java:234)
	at java.util.concurrent.FutureTask.run(FutureTask.java:266)
	at java.util.concurrent.Executors$RunnableAdapter.call(Executors.java:511)
	at java.util.concurrent.FutureTask.run(FutureTask.java:266)
	at java.util.concurrent.ThreadPoolExecutor.runWorker(ThreadPoolExecutor.java:1149)
	at java.util.concurrent.ThreadPoolExecutor$Worker.run(ThreadPoolExecutor.java:624)
	... 1 more
Caused by: org.apache.ratis.thirdparty.io.netty.channel.AbstractChannel$AnnotatedConnectException: Connection refused: /192.168.164.241:46227
	at sun.nio.ch.SocketChannelImpl.checkConnect(Native Method)
	at sun.nio.ch.SocketChannelImpl.finishConnect(SocketChannelImpl.java:717)
	at org.apache.ratis.thirdparty.io.netty.channel.socket.nio.NioSocketChannel.doFinishConnect(NioSocketChannel.java:327)
	at org.apache.ratis.thirdparty.io.netty.channel.nio.AbstractNioChannel$AbstractNioUnsafe.finishConnect(AbstractNioChannel.java:340)
	at org.apache.ratis.thirdparty.io.netty.channel.nio.NioEventLoop.processSelectedKey(NioEventLoop.java:632)
	at org.apache.ratis.thirdparty.io.netty.channel.nio.NioEventLoop.processSelectedKeysOptimized(NioEventLoop.java:579)
	at org.apache.ratis.thirdparty.io.netty.channel.nio.NioEventLoop.processSelectedKeys(NioEventLoop.java:496)
	at org.apache.ratis.thirdparty.io.netty.channel.nio.NioEventLoop.run(NioEventLoop.java:458)
	at org.apache.ratis.thirdparty.io.netty.util.concurrent.SingleThreadEventExecutor$5.run(SingleThreadEventExecutor.java:897)
	at org.apache.ratis.thirdparty.io.netty.util.concurrent.FastThreadLocalRunnable.run(FastThreadLocalRunnable.java:30)
	... 1 more
Caused by: java.net.ConnectException: Connection refused
	... 11 more
2019-10-20 18:19:01,332 [grpc-default-executor-4] INFO  impl.RaftServerImpl (RaftServerImpl.java:setRole(184)) - 6ef27e9c-8ddb-4fa1-8c14-ab102acfb1b8@group-F11756C8BA4A: changes role from  FOLLOWER to FOLLOWER at term 247 for recognizeCandidate:b75f8b2e-6273-4c97-b7c5-042674931d23
2019-10-20 18:19:01,333 [grpc-default-executor-4] INFO  impl.RoleInfo (RoleInfo.java:shutdownFollowerState(121)) - 6ef27e9c-8ddb-4fa1-8c14-ab102acfb1b8: shutdown FollowerState
2019-10-20 18:19:01,333 [grpc-default-executor-4] INFO  impl.RoleInfo (RoleInfo.java:updateAndGet(143)) - 6ef27e9c-8ddb-4fa1-8c14-ab102acfb1b8: start FollowerState
2019-10-20 18:19:01,333 [Thread-3340] INFO  impl.FollowerState (FollowerState.java:run(117)) - 6ef27e9c-8ddb-4fa1-8c14-ab102acfb1b8@group-F11756C8BA4A-FollowerState was interrupted: java.lang.InterruptedException: sleep interrupted
2019-10-20 18:19:01,336 [b75f8b2e-6273-4c97-b7c5-042674931d23@group-F11756C8BA4A-LeaderElection431] INFO  impl.LeaderElection (LeaderElection.java:logAndReturn(56)) - b75f8b2e-6273-4c97-b7c5-042674931d23@group-F11756C8BA4A-LeaderElection431: Election TIMEOUT; received 0 response(s) [] and 1 exception(s); b75f8b2e-6273-4c97-b7c5-042674931d23@group-F11756C8BA4A:t247, leader=null, voted=b75f8b2e-6273-4c97-b7c5-042674931d23, raftlog=b75f8b2e-6273-4c97-b7c5-042674931d23@group-F11756C8BA4A-SegmentedRaftLog:OPENED:c-1,f-1,i0, conf=-1: [6ef27e9c-8ddb-4fa1-8c14-ab102acfb1b8:192.168.164.241:38092, b75f8b2e-6273-4c97-b7c5-042674931d23:192.168.164.241:41857, 3750b3a2-715b-46b3-9d0c-9e38136244b9:192.168.164.241:46227], old=null
2019-10-20 18:19:01,336 [b75f8b2e-6273-4c97-b7c5-042674931d23@group-F11756C8BA4A-LeaderElection431] INFO  impl.LeaderElection (LogUtils.java:infoOrTrace(149)) -   Exception 0: {}
java.util.concurrent.ExecutionException: org.apache.ratis.thirdparty.io.grpc.StatusRuntimeException: UNAVAILABLE: io exception
	at java.util.concurrent.FutureTask.report(FutureTask.java:122)
	at java.util.concurrent.FutureTask.get(FutureTask.java:192)
	at org.apache.ratis.server.impl.LeaderElection.waitForResults(LeaderElection.java:259)
	at org.apache.ratis.server.impl.LeaderElection.askForVotes(LeaderElection.java:197)
	at org.apache.ratis.server.impl.LeaderElection.run(LeaderElection.java:133)
	at java.lang.Thread.run(Thread.java:748)
Caused by: org.apache.ratis.thirdparty.io.grpc.StatusRuntimeException: UNAVAILABLE: io exception
	at org.apache.ratis.thirdparty.io.grpc.stub.ClientCalls.toStatusRuntimeException(ClientCalls.java:233)
	at org.apache.ratis.thirdparty.io.grpc.stub.ClientCalls.getUnchecked(ClientCalls.java:214)
	at org.apache.ratis.thirdparty.io.grpc.stub.ClientCalls.blockingUnaryCall(ClientCalls.java:139)
	at org.apache.ratis.proto.grpc.RaftServerProtocolServiceGrpc$RaftServerProtocolServiceBlockingStub.requestVote(RaftServerProtocolServiceGrpc.java:265)
	at org.apache.ratis.grpc.server.GrpcServerProtocolClient.requestVote(GrpcServerProtocolClient.java:99)
	at org.apache.ratis.grpc.server.GrpcService.requestVote(GrpcService.java:204)
	at org.apache.ratis.server.impl.LeaderElection.lambda$submitRequests$1(LeaderElection.java:234)
	at java.util.concurrent.FutureTask.run(FutureTask.java:266)
	at java.util.concurrent.Executors$RunnableAdapter.call(Executors.java:511)
	at java.util.concurrent.FutureTask.run(FutureTask.java:266)
	at java.util.concurrent.ThreadPoolExecutor.runWorker(ThreadPoolExecutor.java:1149)
	at java.util.concurrent.ThreadPoolExecutor$Worker.run(ThreadPoolExecutor.java:624)
	... 1 more
Caused by: org.apache.ratis.thirdparty.io.netty.channel.AbstractChannel$AnnotatedConnectException: Connection refused: /192.168.164.241:46227
	at sun.nio.ch.SocketChannelImpl.checkConnect(Native Method)
	at sun.nio.ch.SocketChannelImpl.finishConnect(SocketChannelImpl.java:717)
	at org.apache.ratis.thirdparty.io.netty.channel.socket.nio.NioSocketChannel.doFinishConnect(NioSocketChannel.java:327)
	at org.apache.ratis.thirdparty.io.netty.channel.nio.AbstractNioChannel$AbstractNioUnsafe.finishConnect(AbstractNioChannel.java:340)
	at org.apache.ratis.thirdparty.io.netty.channel.nio.NioEventLoop.processSelectedKey(NioEventLoop.java:632)
	at org.apache.ratis.thirdparty.io.netty.channel.nio.NioEventLoop.processSelectedKeysOptimized(NioEventLoop.java:579)
	at org.apache.ratis.thirdparty.io.netty.channel.nio.NioEventLoop.processSelectedKeys(NioEventLoop.java:496)
	at org.apache.ratis.thirdparty.io.netty.channel.nio.NioEventLoop.run(NioEventLoop.java:458)
	at org.apache.ratis.thirdparty.io.netty.util.concurrent.SingleThreadEventExecutor$5.run(SingleThreadEventExecutor.java:897)
	at org.apache.ratis.thirdparty.io.netty.util.concurrent.FastThreadLocalRunnable.run(FastThreadLocalRunnable.java:30)
	... 1 more
Caused by: java.net.ConnectException: Connection refused
	... 11 more
2019-10-20 18:19:01,356 [b75f8b2e-6273-4c97-b7c5-042674931d23@group-F11756C8BA4A-LeaderElection431] INFO  impl.LeaderElection (LeaderElection.java:askForVotes(178)) - b75f8b2e-6273-4c97-b7c5-042674931d23@group-F11756C8BA4A-LeaderElection431: begin an election at term 248 for -1: [6ef27e9c-8ddb-4fa1-8c14-ab102acfb1b8:192.168.164.241:38092, b75f8b2e-6273-4c97-b7c5-042674931d23:192.168.164.241:41857, 3750b3a2-715b-46b3-9d0c-9e38136244b9:192.168.164.241:46227], old=null
2019-10-20 18:19:01,357 [b75f8b2e-6273-4c97-b7c5-042674931d23@group-F11756C8BA4A-LeaderElection431] INFO  impl.LeaderElection (LogUtils.java:infoOrTrace(149)) - b75f8b2e-6273-4c97-b7c5-042674931d23@group-F11756C8BA4A-LeaderElection431 got exception when requesting votes: {}
java.util.concurrent.ExecutionException: org.apache.ratis.thirdparty.io.grpc.StatusRuntimeException: UNAVAILABLE: io exception
	at java.util.concurrent.FutureTask.report(FutureTask.java:122)
	at java.util.concurrent.FutureTask.get(FutureTask.java:192)
	at org.apache.ratis.server.impl.LeaderElection.waitForResults(LeaderElection.java:259)
	at org.apache.ratis.server.impl.LeaderElection.askForVotes(LeaderElection.java:197)
	at org.apache.ratis.server.impl.LeaderElection.run(LeaderElection.java:133)
	at java.lang.Thread.run(Thread.java:748)
Caused by: org.apache.ratis.thirdparty.io.grpc.StatusRuntimeException: UNAVAILABLE: io exception
	at org.apache.ratis.thirdparty.io.grpc.stub.ClientCalls.toStatusRuntimeException(ClientCalls.java:233)
	at org.apache.ratis.thirdparty.io.grpc.stub.ClientCalls.getUnchecked(ClientCalls.java:214)
	at org.apache.ratis.thirdparty.io.grpc.stub.ClientCalls.blockingUnaryCall(ClientCalls.java:139)
	at org.apache.ratis.proto.grpc.RaftServerProtocolServiceGrpc$RaftServerProtocolServiceBlockingStub.requestVote(RaftServerProtocolServiceGrpc.java:265)
	at org.apache.ratis.grpc.server.GrpcServerProtocolClient.requestVote(GrpcServerProtocolClient.java:99)
	at org.apache.ratis.grpc.server.GrpcService.requestVote(GrpcService.java:204)
	at org.apache.ratis.server.impl.LeaderElection.lambda$submitRequests$1(LeaderElection.java:234)
	at java.util.concurrent.FutureTask.run(FutureTask.java:266)
	at java.util.concurrent.Executors$RunnableAdapter.call(Executors.java:511)
	at java.util.concurrent.FutureTask.run(FutureTask.java:266)
	at java.util.concurrent.ThreadPoolExecutor.runWorker(ThreadPoolExecutor.java:1149)
	at java.util.concurrent.ThreadPoolExecutor$Worker.run(ThreadPoolExecutor.java:624)
	... 1 more
Caused by: org.apache.ratis.thirdparty.io.netty.channel.AbstractChannel$AnnotatedConnectException: Connection refused: /192.168.164.241:46227
	at sun.nio.ch.SocketChannelImpl.checkConnect(Native Method)
	at sun.nio.ch.SocketChannelImpl.finishConnect(SocketChannelImpl.java:717)
	at org.apache.ratis.thirdparty.io.netty.channel.socket.nio.NioSocketChannel.doFinishConnect(NioSocketChannel.java:327)
	at org.apache.ratis.thirdparty.io.netty.channel.nio.AbstractNioChannel$AbstractNioUnsafe.finishConnect(AbstractNioChannel.java:340)
	at org.apache.ratis.thirdparty.io.netty.channel.nio.NioEventLoop.processSelectedKey(NioEventLoop.java:632)
	at org.apache.ratis.thirdparty.io.netty.channel.nio.NioEventLoop.processSelectedKeysOptimized(NioEventLoop.java:579)
	at org.apache.ratis.thirdparty.io.netty.channel.nio.NioEventLoop.processSelectedKeys(NioEventLoop.java:496)
	at org.apache.ratis.thirdparty.io.netty.channel.nio.NioEventLoop.run(NioEventLoop.java:458)
	at org.apache.ratis.thirdparty.io.netty.util.concurrent.SingleThreadEventExecutor$5.run(SingleThreadEventExecutor.java:897)
	at org.apache.ratis.thirdparty.io.netty.util.concurrent.FastThreadLocalRunnable.run(FastThreadLocalRunnable.java:30)
	... 1 more
Caused by: java.net.ConnectException: Connection refused
	... 11 more
2019-10-20 18:19:01,357 [grpc-default-executor-4] INFO  impl.RaftServerImpl (RaftServerImpl.java:setRole(184)) - 6ef27e9c-8ddb-4fa1-8c14-ab102acfb1b8@group-F11756C8BA4A: changes role from  FOLLOWER to FOLLOWER at term 248 for recognizeCandidate:b75f8b2e-6273-4c97-b7c5-042674931d23
2019-10-20 18:19:01,357 [grpc-default-executor-4] INFO  impl.RoleInfo (RoleInfo.java:shutdownFollowerState(121)) - 6ef27e9c-8ddb-4fa1-8c14-ab102acfb1b8: shutdown FollowerState
2019-10-20 18:19:01,358 [grpc-default-executor-4] INFO  impl.RoleInfo (RoleInfo.java:updateAndGet(143)) - 6ef27e9c-8ddb-4fa1-8c14-ab102acfb1b8: start FollowerState
2019-10-20 18:19:01,358 [Thread-3356] INFO  impl.FollowerState (FollowerState.java:run(117)) - 6ef27e9c-8ddb-4fa1-8c14-ab102acfb1b8@group-F11756C8BA4A-FollowerState was interrupted: java.lang.InterruptedException: sleep interrupted
2019-10-20 18:19:01,382 [b75f8b2e-6273-4c97-b7c5-042674931d23@group-F11756C8BA4A-LeaderElection431] INFO  impl.LeaderElection (LeaderElection.java:logAndReturn(56)) - b75f8b2e-6273-4c97-b7c5-042674931d23@group-F11756C8BA4A-LeaderElection431: Election REJECTED; received 1 response(s) [b75f8b2e-6273-4c97-b7c5-042674931d23<-6ef27e9c-8ddb-4fa1-8c14-ab102acfb1b8#0:FAIL-t248] and 1 exception(s); b75f8b2e-6273-4c97-b7c5-042674931d23@group-F11756C8BA4A:t248, leader=null, voted=b75f8b2e-6273-4c97-b7c5-042674931d23, raftlog=b75f8b2e-6273-4c97-b7c5-042674931d23@group-F11756C8BA4A-SegmentedRaftLog:OPENED:c-1,f-1,i0, conf=-1: [6ef27e9c-8ddb-4fa1-8c14-ab102acfb1b8:192.168.164.241:38092, b75f8b2e-6273-4c97-b7c5-042674931d23:192.168.164.241:41857, 3750b3a2-715b-46b3-9d0c-9e38136244b9:192.168.164.241:46227], old=null
2019-10-20 18:19:01,382 [b75f8b2e-6273-4c97-b7c5-042674931d23@group-F11756C8BA4A-LeaderElection431] INFO  impl.LeaderElection (LogUtils.java:infoOrTrace(149)) -   Exception 0: {}
java.util.concurrent.ExecutionException: org.apache.ratis.thirdparty.io.grpc.StatusRuntimeException: UNAVAILABLE: io exception
	at java.util.concurrent.FutureTask.report(FutureTask.java:122)
	at java.util.concurrent.FutureTask.get(FutureTask.java:192)
	at org.apache.ratis.server.impl.LeaderElection.waitForResults(LeaderElection.java:259)
	at org.apache.ratis.server.impl.LeaderElection.askForVotes(LeaderElection.java:197)
	at org.apache.ratis.server.impl.LeaderElection.run(LeaderElection.java:133)
	at java.lang.Thread.run(Thread.java:748)
Caused by: org.apache.ratis.thirdparty.io.grpc.StatusRuntimeException: UNAVAILABLE: io exception
	at org.apache.ratis.thirdparty.io.grpc.stub.ClientCalls.toStatusRuntimeException(ClientCalls.java:233)
	at org.apache.ratis.thirdparty.io.grpc.stub.ClientCalls.getUnchecked(ClientCalls.java:214)
	at org.apache.ratis.thirdparty.io.grpc.stub.ClientCalls.blockingUnaryCall(ClientCalls.java:139)
	at org.apache.ratis.proto.grpc.RaftServerProtocolServiceGrpc$RaftServerProtocolServiceBlockingStub.requestVote(RaftServerProtocolServiceGrpc.java:265)
	at org.apache.ratis.grpc.server.GrpcServerProtocolClient.requestVote(GrpcServerProtocolClient.java:99)
	at org.apache.ratis.grpc.server.GrpcService.requestVote(GrpcService.java:204)
	at org.apache.ratis.server.impl.LeaderElection.lambda$submitRequests$1(LeaderElection.java:234)
	at java.util.concurrent.FutureTask.run(FutureTask.java:266)
	at java.util.concurrent.Executors$RunnableAdapter.call(Executors.java:511)
	at java.util.concurrent.FutureTask.run(FutureTask.java:266)
	at java.util.concurrent.ThreadPoolExecutor.runWorker(ThreadPoolExecutor.java:1149)
	at java.util.concurrent.ThreadPoolExecutor$Worker.run(ThreadPoolExecutor.java:624)
	... 1 more
Caused by: org.apache.ratis.thirdparty.io.netty.channel.AbstractChannel$AnnotatedConnectException: Connection refused: /192.168.164.241:46227
	at sun.nio.ch.SocketChannelImpl.checkConnect(Native Method)
	at sun.nio.ch.SocketChannelImpl.finishConnect(SocketChannelImpl.java:717)
	at org.apache.ratis.thirdparty.io.netty.channel.socket.nio.NioSocketChannel.doFinishConnect(NioSocketChannel.java:327)
	at org.apache.ratis.thirdparty.io.netty.channel.nio.AbstractNioChannel$AbstractNioUnsafe.finishConnect(AbstractNioChannel.java:340)
	at org.apache.ratis.thirdparty.io.netty.channel.nio.NioEventLoop.processSelectedKey(NioEventLoop.java:632)
	at org.apache.ratis.thirdparty.io.netty.channel.nio.NioEventLoop.processSelectedKeysOptimized(NioEventLoop.java:579)
	at org.apache.ratis.thirdparty.io.netty.channel.nio.NioEventLoop.processSelectedKeys(NioEventLoop.java:496)
	at org.apache.ratis.thirdparty.io.netty.channel.nio.NioEventLoop.run(NioEventLoop.java:458)
	at org.apache.ratis.thirdparty.io.netty.util.concurrent.SingleThreadEventExecutor$5.run(SingleThreadEventExecutor.java:897)
	at org.apache.ratis.thirdparty.io.netty.util.concurrent.FastThreadLocalRunnable.run(FastThreadLocalRunnable.java:30)
	... 1 more
Caused by: java.net.ConnectException: Connection refused
	... 11 more
2019-10-20 18:19:01,383 [b75f8b2e-6273-4c97-b7c5-042674931d23@group-F11756C8BA4A-LeaderElection431] INFO  impl.RaftServerImpl (RaftServerImpl.java:setRole(184)) - b75f8b2e-6273-4c97-b7c5-042674931d23@group-F11756C8BA4A: changes role from CANDIDATE to FOLLOWER at term 248 for DISCOVERED_A_NEW_TERM
2019-10-20 18:19:01,383 [b75f8b2e-6273-4c97-b7c5-042674931d23@group-F11756C8BA4A-LeaderElection431] INFO  impl.RoleInfo (RoleInfo.java:shutdownLeaderElection(134)) - b75f8b2e-6273-4c97-b7c5-042674931d23: shutdown LeaderElection
2019-10-20 18:19:01,383 [b75f8b2e-6273-4c97-b7c5-042674931d23@group-F11756C8BA4A-LeaderElection431] INFO  impl.RoleInfo (RoleInfo.java:updateAndGet(143)) - b75f8b2e-6273-4c97-b7c5-042674931d23: start FollowerState
2019-10-20 18:19:01,397 [Thread-3351] INFO  impl.FollowerState (FollowerState.java:run(108)) - 399079f7-1eb1-4f37-b003-267572525934@group-D40A05E2FCF9-FollowerState: change to CANDIDATE, lastRpcTime:166ms, electionTimeout:166ms
2019-10-20 18:19:01,397 [Thread-3351] INFO  impl.RoleInfo (RoleInfo.java:shutdownFollowerState(121)) - 399079f7-1eb1-4f37-b003-267572525934: shutdown FollowerState
2019-10-20 18:19:01,397 [Thread-3351] INFO  impl.RaftServerImpl (RaftServerImpl.java:setRole(184)) - 399079f7-1eb1-4f37-b003-267572525934@group-D40A05E2FCF9: changes role from  FOLLOWER to CANDIDATE at term 246 for changeToCandidate
2019-10-20 18:19:01,398 [Thread-3351] INFO  impl.RoleInfo (RoleInfo.java:updateAndGet(143)) - 399079f7-1eb1-4f37-b003-267572525934: start LeaderElection
2019-10-20 18:19:01,424 [399079f7-1eb1-4f37-b003-267572525934@group-D40A05E2FCF9-LeaderElection432] INFO  impl.LeaderElection (LeaderElection.java:askForVotes(178)) - 399079f7-1eb1-4f37-b003-267572525934@group-D40A05E2FCF9-LeaderElection432: begin an election at term 247 for -1: [399079f7-1eb1-4f37-b003-267572525934:192.168.164.241:37762, 7a43c46a-fc88-4b2d-b2da-ae029cfa60ff:192.168.164.241:43684, 6c5c38af-62e6-4ea7-a24a-078dcb28fb39:192.168.164.241:45428], old=null
2019-10-20 18:19:01,425 [399079f7-1eb1-4f37-b003-267572525934@group-D40A05E2FCF9-LeaderElection432] INFO  impl.LeaderElection (LogUtils.java:infoOrTrace(149)) - 399079f7-1eb1-4f37-b003-267572525934@group-D40A05E2FCF9-LeaderElection432 got exception when requesting votes: {}
java.util.concurrent.ExecutionException: org.apache.ratis.thirdparty.io.grpc.StatusRuntimeException: UNAVAILABLE: io exception
	at java.util.concurrent.FutureTask.report(FutureTask.java:122)
	at java.util.concurrent.FutureTask.get(FutureTask.java:192)
	at org.apache.ratis.server.impl.LeaderElection.waitForResults(LeaderElection.java:259)
	at org.apache.ratis.server.impl.LeaderElection.askForVotes(LeaderElection.java:197)
	at org.apache.ratis.server.impl.LeaderElection.run(LeaderElection.java:133)
	at java.lang.Thread.run(Thread.java:748)
Caused by: org.apache.ratis.thirdparty.io.grpc.StatusRuntimeException: UNAVAILABLE: io exception
	at org.apache.ratis.thirdparty.io.grpc.stub.ClientCalls.toStatusRuntimeException(ClientCalls.java:233)
	at org.apache.ratis.thirdparty.io.grpc.stub.ClientCalls.getUnchecked(ClientCalls.java:214)
	at org.apache.ratis.thirdparty.io.grpc.stub.ClientCalls.blockingUnaryCall(ClientCalls.java:139)
	at org.apache.ratis.proto.grpc.RaftServerProtocolServiceGrpc$RaftServerProtocolServiceBlockingStub.requestVote(RaftServerProtocolServiceGrpc.java:265)
	at org.apache.ratis.grpc.server.GrpcServerProtocolClient.requestVote(GrpcServerProtocolClient.java:99)
	at org.apache.ratis.grpc.server.GrpcService.requestVote(GrpcService.java:204)
	at org.apache.ratis.server.impl.LeaderElection.lambda$submitRequests$1(LeaderElection.java:234)
	at java.util.concurrent.FutureTask.run(FutureTask.java:266)
	at java.util.concurrent.Executors$RunnableAdapter.call(Executors.java:511)
	at java.util.concurrent.FutureTask.run(FutureTask.java:266)
	at java.util.concurrent.ThreadPoolExecutor.runWorker(ThreadPoolExecutor.java:1149)
	at java.util.concurrent.ThreadPoolExecutor$Worker.run(ThreadPoolExecutor.java:624)
	... 1 more
Caused by: org.apache.ratis.thirdparty.io.netty.channel.AbstractChannel$AnnotatedConnectException: Connection refused: /192.168.164.241:45428
	at sun.nio.ch.SocketChannelImpl.checkConnect(Native Method)
	at sun.nio.ch.SocketChannelImpl.finishConnect(SocketChannelImpl.java:717)
	at org.apache.ratis.thirdparty.io.netty.channel.socket.nio.NioSocketChannel.doFinishConnect(NioSocketChannel.java:327)
	at org.apache.ratis.thirdparty.io.netty.channel.nio.AbstractNioChannel$AbstractNioUnsafe.finishConnect(AbstractNioChannel.java:340)
	at org.apache.ratis.thirdparty.io.netty.channel.nio.NioEventLoop.processSelectedKey(NioEventLoop.java:632)
	at org.apache.ratis.thirdparty.io.netty.channel.nio.NioEventLoop.processSelectedKeysOptimized(NioEventLoop.java:579)
	at org.apache.ratis.thirdparty.io.netty.channel.nio.NioEventLoop.processSelectedKeys(NioEventLoop.java:496)
	at org.apache.ratis.thirdparty.io.netty.channel.nio.NioEventLoop.run(NioEventLoop.java:458)
	at org.apache.ratis.thirdparty.io.netty.util.concurrent.SingleThreadEventExecutor$5.run(SingleThreadEventExecutor.java:897)
	at org.apache.ratis.thirdparty.io.netty.util.concurrent.FastThreadLocalRunnable.run(FastThreadLocalRunnable.java:30)
	... 1 more
Caused by: java.net.ConnectException: Connection refused
	... 11 more
2019-10-20 18:19:01,425 [grpc-default-executor-4] INFO  impl.RaftServerImpl (RaftServerImpl.java:setRole(184)) - 7a43c46a-fc88-4b2d-b2da-ae029cfa60ff@group-D40A05E2FCF9: changes role from  FOLLOWER to FOLLOWER at term 247 for recognizeCandidate:399079f7-1eb1-4f37-b003-267572525934
2019-10-20 18:19:01,425 [grpc-default-executor-4] INFO  impl.RoleInfo (RoleInfo.java:shutdownFollowerState(121)) - 7a43c46a-fc88-4b2d-b2da-ae029cfa60ff: shutdown FollowerState
2019-10-20 18:19:01,426 [grpc-default-executor-4] INFO  impl.RoleInfo (RoleInfo.java:updateAndGet(143)) - 7a43c46a-fc88-4b2d-b2da-ae029cfa60ff: start FollowerState
2019-10-20 18:19:01,426 [Thread-3350] INFO  impl.FollowerState (FollowerState.java:run(117)) - 7a43c46a-fc88-4b2d-b2da-ae029cfa60ff@group-D40A05E2FCF9-FollowerState was interrupted: java.lang.InterruptedException: sleep interrupted
2019-10-20 18:19:01,450 [399079f7-1eb1-4f37-b003-267572525934@group-D40A05E2FCF9-LeaderElection432] INFO  impl.LeaderElection (LeaderElection.java:logAndReturn(56)) - 399079f7-1eb1-4f37-b003-267572525934@group-D40A05E2FCF9-LeaderElection432: Election REJECTED; received 1 response(s) [399079f7-1eb1-4f37-b003-267572525934<-7a43c46a-fc88-4b2d-b2da-ae029cfa60ff#0:FAIL-t247] and 1 exception(s); 399079f7-1eb1-4f37-b003-267572525934@group-D40A05E2FCF9:t247, leader=null, voted=399079f7-1eb1-4f37-b003-267572525934, raftlog=399079f7-1eb1-4f37-b003-267572525934@group-D40A05E2FCF9-SegmentedRaftLog:OPENED:c-1,f-1,i0, conf=-1: [399079f7-1eb1-4f37-b003-267572525934:192.168.164.241:37762, 7a43c46a-fc88-4b2d-b2da-ae029cfa60ff:192.168.164.241:43684, 6c5c38af-62e6-4ea7-a24a-078dcb28fb39:192.168.164.241:45428], old=null
2019-10-20 18:19:01,450 [399079f7-1eb1-4f37-b003-267572525934@group-D40A05E2FCF9-LeaderElection432] INFO  impl.LeaderElection (LogUtils.java:infoOrTrace(149)) -   Exception 0: {}
java.util.concurrent.ExecutionException: org.apache.ratis.thirdparty.io.grpc.StatusRuntimeException: UNAVAILABLE: io exception
	at java.util.concurrent.FutureTask.report(FutureTask.java:122)
	at java.util.concurrent.FutureTask.get(FutureTask.java:192)
	at org.apache.ratis.server.impl.LeaderElection.waitForResults(LeaderElection.java:259)
	at org.apache.ratis.server.impl.LeaderElection.askForVotes(LeaderElection.java:197)
	at org.apache.ratis.server.impl.LeaderElection.run(LeaderElection.java:133)
	at java.lang.Thread.run(Thread.java:748)
Caused by: org.apache.ratis.thirdparty.io.grpc.StatusRuntimeException: UNAVAILABLE: io exception
	at org.apache.ratis.thirdparty.io.grpc.stub.ClientCalls.toStatusRuntimeException(ClientCalls.java:233)
	at org.apache.ratis.thirdparty.io.grpc.stub.ClientCalls.getUnchecked(ClientCalls.java:214)
	at org.apache.ratis.thirdparty.io.grpc.stub.ClientCalls.blockingUnaryCall(ClientCalls.java:139)
	at org.apache.ratis.proto.grpc.RaftServerProtocolServiceGrpc$RaftServerProtocolServiceBlockingStub.requestVote(RaftServerProtocolServiceGrpc.java:265)
	at org.apache.ratis.grpc.server.GrpcServerProtocolClient.requestVote(GrpcServerProtocolClient.java:99)
	at org.apache.ratis.grpc.server.GrpcService.requestVote(GrpcService.java:204)
	at org.apache.ratis.server.impl.LeaderElection.lambda$submitRequests$1(LeaderElection.java:234)
	at java.util.concurrent.FutureTask.run(FutureTask.java:266)
	at java.util.concurrent.Executors$RunnableAdapter.call(Executors.java:511)
	at java.util.concurrent.FutureTask.run(FutureTask.java:266)
	at java.util.concurrent.ThreadPoolExecutor.runWorker(ThreadPoolExecutor.java:1149)
	at java.util.concurrent.ThreadPoolExecutor$Worker.run(ThreadPoolExecutor.java:624)
	... 1 more
Caused by: org.apache.ratis.thirdparty.io.netty.channel.AbstractChannel$AnnotatedConnectException: Connection refused: /192.168.164.241:45428
	at sun.nio.ch.SocketChannelImpl.checkConnect(Native Method)
	at sun.nio.ch.SocketChannelImpl.finishConnect(SocketChannelImpl.java:717)
	at org.apache.ratis.thirdparty.io.netty.channel.socket.nio.NioSocketChannel.doFinishConnect(NioSocketChannel.java:327)
	at org.apache.ratis.thirdparty.io.netty.channel.nio.AbstractNioChannel$AbstractNioUnsafe.finishConnect(AbstractNioChannel.java:340)
	at org.apache.ratis.thirdparty.io.netty.channel.nio.NioEventLoop.processSelectedKey(NioEventLoop.java:632)
	at org.apache.ratis.thirdparty.io.netty.channel.nio.NioEventLoop.processSelectedKeysOptimized(NioEventLoop.java:579)
	at org.apache.ratis.thirdparty.io.netty.channel.nio.NioEventLoop.processSelectedKeys(NioEventLoop.java:496)
	at org.apache.ratis.thirdparty.io.netty.channel.nio.NioEventLoop.run(NioEventLoop.java:458)
	at org.apache.ratis.thirdparty.io.netty.util.concurrent.SingleThreadEventExecutor$5.run(SingleThreadEventExecutor.java:897)
	at org.apache.ratis.thirdparty.io.netty.util.concurrent.FastThreadLocalRunnable.run(FastThreadLocalRunnable.java:30)
	... 1 more
Caused by: java.net.ConnectException: Connection refused
	... 11 more
2019-10-20 18:19:01,450 [399079f7-1eb1-4f37-b003-267572525934@group-D40A05E2FCF9-LeaderElection432] INFO  impl.RaftServerImpl (RaftServerImpl.java:setRole(184)) - 399079f7-1eb1-4f37-b003-267572525934@group-D40A05E2FCF9: changes role from CANDIDATE to FOLLOWER at term 247 for DISCOVERED_A_NEW_TERM
2019-10-20 18:19:01,451 [399079f7-1eb1-4f37-b003-267572525934@group-D40A05E2FCF9-LeaderElection432] INFO  impl.RoleInfo (RoleInfo.java:shutdownLeaderElection(134)) - 399079f7-1eb1-4f37-b003-267572525934: shutdown LeaderElection
2019-10-20 18:19:01,451 [399079f7-1eb1-4f37-b003-267572525934@group-D40A05E2FCF9-LeaderElection432] INFO  impl.RoleInfo (RoleInfo.java:updateAndGet(143)) - 399079f7-1eb1-4f37-b003-267572525934: start FollowerState
2019-10-20 18:19:01,478 [Thread-3360] INFO  impl.FollowerState (FollowerState.java:run(108)) - b75f8b2e-6273-4c97-b7c5-042674931d23@group-F11756C8BA4A-FollowerState: change to CANDIDATE, lastRpcTime:95ms, electionTimeout:95ms
2019-10-20 18:19:01,478 [Thread-3360] INFO  impl.RoleInfo (RoleInfo.java:shutdownFollowerState(121)) - b75f8b2e-6273-4c97-b7c5-042674931d23: shutdown FollowerState
2019-10-20 18:19:01,479 [Thread-3360] INFO  impl.RaftServerImpl (RaftServerImpl.java:setRole(184)) - b75f8b2e-6273-4c97-b7c5-042674931d23@group-F11756C8BA4A: changes role from  FOLLOWER to CANDIDATE at term 248 for changeToCandidate
2019-10-20 18:19:01,479 [Thread-3360] INFO  impl.RoleInfo (RoleInfo.java:updateAndGet(143)) - b75f8b2e-6273-4c97-b7c5-042674931d23: start LeaderElection
2019-10-20 18:19:01,508 [b75f8b2e-6273-4c97-b7c5-042674931d23@group-F11756C8BA4A-LeaderElection433] INFO  impl.LeaderElection (LeaderElection.java:askForVotes(178)) - b75f8b2e-6273-4c97-b7c5-042674931d23@group-F11756C8BA4A-LeaderElection433: begin an election at term 249 for -1: [6ef27e9c-8ddb-4fa1-8c14-ab102acfb1b8:192.168.164.241:38092, b75f8b2e-6273-4c97-b7c5-042674931d23:192.168.164.241:41857, 3750b3a2-715b-46b3-9d0c-9e38136244b9:192.168.164.241:46227], old=null
2019-10-20 18:19:01,509 [b75f8b2e-6273-4c97-b7c5-042674931d23@group-F11756C8BA4A-LeaderElection433] INFO  impl.LeaderElection (LogUtils.java:infoOrTrace(149)) - b75f8b2e-6273-4c97-b7c5-042674931d23@group-F11756C8BA4A-LeaderElection433 got exception when requesting votes: {}
java.util.concurrent.ExecutionException: org.apache.ratis.thirdparty.io.grpc.StatusRuntimeException: UNAVAILABLE: io exception
	at java.util.concurrent.FutureTask.report(FutureTask.java:122)
	at java.util.concurrent.FutureTask.get(FutureTask.java:192)
	at org.apache.ratis.server.impl.LeaderElection.waitForResults(LeaderElection.java:259)
	at org.apache.ratis.server.impl.LeaderElection.askForVotes(LeaderElection.java:197)
	at org.apache.ratis.server.impl.LeaderElection.run(LeaderElection.java:133)
	at java.lang.Thread.run(Thread.java:748)
Caused by: org.apache.ratis.thirdparty.io.grpc.StatusRuntimeException: UNAVAILABLE: io exception
	at org.apache.ratis.thirdparty.io.grpc.stub.ClientCalls.toStatusRuntimeException(ClientCalls.java:233)
	at org.apache.ratis.thirdparty.io.grpc.stub.ClientCalls.getUnchecked(ClientCalls.java:214)
	at org.apache.ratis.thirdparty.io.grpc.stub.ClientCalls.blockingUnaryCall(ClientCalls.java:139)
	at org.apache.ratis.proto.grpc.RaftServerProtocolServiceGrpc$RaftServerProtocolServiceBlockingStub.requestVote(RaftServerProtocolServiceGrpc.java:265)
	at org.apache.ratis.grpc.server.GrpcServerProtocolClient.requestVote(GrpcServerProtocolClient.java:99)
	at org.apache.ratis.grpc.server.GrpcService.requestVote(GrpcService.java:204)
	at org.apache.ratis.server.impl.LeaderElection.lambda$submitRequests$1(LeaderElection.java:234)
	at java.util.concurrent.FutureTask.run(FutureTask.java:266)
	at java.util.concurrent.Executors$RunnableAdapter.call(Executors.java:511)
	at java.util.concurrent.FutureTask.run(FutureTask.java:266)
	at java.util.concurrent.ThreadPoolExecutor.runWorker(ThreadPoolExecutor.java:1149)
	at java.util.concurrent.ThreadPoolExecutor$Worker.run(ThreadPoolExecutor.java:624)
	... 1 more
Caused by: org.apache.ratis.thirdparty.io.netty.channel.AbstractChannel$AnnotatedConnectException: Connection refused: /192.168.164.241:46227
	at sun.nio.ch.SocketChannelImpl.checkConnect(Native Method)
	at sun.nio.ch.SocketChannelImpl.finishConnect(SocketChannelImpl.java:717)
	at org.apache.ratis.thirdparty.io.netty.channel.socket.nio.NioSocketChannel.doFinishConnect(NioSocketChannel.java:327)
	at org.apache.ratis.thirdparty.io.netty.channel.nio.AbstractNioChannel$AbstractNioUnsafe.finishConnect(AbstractNioChannel.java:340)
	at org.apache.ratis.thirdparty.io.netty.channel.nio.NioEventLoop.processSelectedKey(NioEventLoop.java:632)
	at org.apache.ratis.thirdparty.io.netty.channel.nio.NioEventLoop.processSelectedKeysOptimized(NioEventLoop.java:579)
	at org.apache.ratis.thirdparty.io.netty.channel.nio.NioEventLoop.processSelectedKeys(NioEventLoop.java:496)
	at org.apache.ratis.thirdparty.io.netty.channel.nio.NioEventLoop.run(NioEventLoop.java:458)
	at org.apache.ratis.thirdparty.io.netty.util.concurrent.SingleThreadEventExecutor$5.run(SingleThreadEventExecutor.java:897)
	at org.apache.ratis.thirdparty.io.netty.util.concurrent.FastThreadLocalRunnable.run(FastThreadLocalRunnable.java:30)
	... 1 more
Caused by: java.net.ConnectException: Connection refused
	... 11 more
2019-10-20 18:19:01,509 [grpc-default-executor-4] INFO  impl.RaftServerImpl (RaftServerImpl.java:setRole(184)) - 6ef27e9c-8ddb-4fa1-8c14-ab102acfb1b8@group-F11756C8BA4A: changes role from  FOLLOWER to FOLLOWER at term 249 for recognizeCandidate:b75f8b2e-6273-4c97-b7c5-042674931d23
2019-10-20 18:19:01,510 [grpc-default-executor-4] INFO  impl.RoleInfo (RoleInfo.java:shutdownFollowerState(121)) - 6ef27e9c-8ddb-4fa1-8c14-ab102acfb1b8: shutdown FollowerState
2019-10-20 18:19:01,510 [grpc-default-executor-4] INFO  impl.RoleInfo (RoleInfo.java:updateAndGet(143)) - 6ef27e9c-8ddb-4fa1-8c14-ab102acfb1b8: start FollowerState
2019-10-20 18:19:01,510 [Thread-3359] INFO  impl.FollowerState (FollowerState.java:run(117)) - 6ef27e9c-8ddb-4fa1-8c14-ab102acfb1b8@group-F11756C8BA4A-FollowerState was interrupted: java.lang.InterruptedException: sleep interrupted
2019-10-20 18:19:01,534 [b75f8b2e-6273-4c97-b7c5-042674931d23@group-F11756C8BA4A-LeaderElection433] INFO  impl.LeaderElection (LeaderElection.java:logAndReturn(56)) - b75f8b2e-6273-4c97-b7c5-042674931d23@group-F11756C8BA4A-LeaderElection433: Election REJECTED; received 1 response(s) [b75f8b2e-6273-4c97-b7c5-042674931d23<-6ef27e9c-8ddb-4fa1-8c14-ab102acfb1b8#0:FAIL-t249] and 1 exception(s); b75f8b2e-6273-4c97-b7c5-042674931d23@group-F11756C8BA4A:t249, leader=null, voted=b75f8b2e-6273-4c97-b7c5-042674931d23, raftlog=b75f8b2e-6273-4c97-b7c5-042674931d23@group-F11756C8BA4A-SegmentedRaftLog:OPENED:c-1,f-1,i0, conf=-1: [6ef27e9c-8ddb-4fa1-8c14-ab102acfb1b8:192.168.164.241:38092, b75f8b2e-6273-4c97-b7c5-042674931d23:192.168.164.241:41857, 3750b3a2-715b-46b3-9d0c-9e38136244b9:192.168.164.241:46227], old=null
2019-10-20 18:19:01,534 [b75f8b2e-6273-4c97-b7c5-042674931d23@group-F11756C8BA4A-LeaderElection433] INFO  impl.LeaderElection (LogUtils.java:infoOrTrace(149)) -   Exception 0: {}
java.util.concurrent.ExecutionException: org.apache.ratis.thirdparty.io.grpc.StatusRuntimeException: UNAVAILABLE: io exception
	at java.util.concurrent.FutureTask.report(FutureTask.java:122)
	at java.util.concurrent.FutureTask.get(FutureTask.java:192)
	at org.apache.ratis.server.impl.LeaderElection.waitForResults(LeaderElection.java:259)
	at org.apache.ratis.server.impl.LeaderElection.askForVotes(LeaderElection.java:197)
	at org.apache.ratis.server.impl.LeaderElection.run(LeaderElection.java:133)
	at java.lang.Thread.run(Thread.java:748)
Caused by: org.apache.ratis.thirdparty.io.grpc.StatusRuntimeException: UNAVAILABLE: io exception
	at org.apache.ratis.thirdparty.io.grpc.stub.ClientCalls.toStatusRuntimeException(ClientCalls.java:233)
	at org.apache.ratis.thirdparty.io.grpc.stub.ClientCalls.getUnchecked(ClientCalls.java:214)
	at org.apache.ratis.thirdparty.io.grpc.stub.ClientCalls.blockingUnaryCall(ClientCalls.java:139)
	at org.apache.ratis.proto.grpc.RaftServerProtocolServiceGrpc$RaftServerProtocolServiceBlockingStub.requestVote(RaftServerProtocolServiceGrpc.java:265)
	at org.apache.ratis.grpc.server.GrpcServerProtocolClient.requestVote(GrpcServerProtocolClient.java:99)
	at org.apache.ratis.grpc.server.GrpcService.requestVote(GrpcService.java:204)
	at org.apache.ratis.server.impl.LeaderElection.lambda$submitRequests$1(LeaderElection.java:234)
	at java.util.concurrent.FutureTask.run(FutureTask.java:266)
	at java.util.concurrent.Executors$RunnableAdapter.call(Executors.java:511)
	at java.util.concurrent.FutureTask.run(FutureTask.java:266)
	at java.util.concurrent.ThreadPoolExecutor.runWorker(ThreadPoolExecutor.java:1149)
	at java.util.concurrent.ThreadPoolExecutor$Worker.run(ThreadPoolExecutor.java:624)
	... 1 more
Caused by: org.apache.ratis.thirdparty.io.netty.channel.AbstractChannel$AnnotatedConnectException: Connection refused: /192.168.164.241:46227
	at sun.nio.ch.SocketChannelImpl.checkConnect(Native Method)
	at sun.nio.ch.SocketChannelImpl.finishConnect(SocketChannelImpl.java:717)
	at org.apache.ratis.thirdparty.io.netty.channel.socket.nio.NioSocketChannel.doFinishConnect(NioSocketChannel.java:327)
	at org.apache.ratis.thirdparty.io.netty.channel.nio.AbstractNioChannel$AbstractNioUnsafe.finishConnect(AbstractNioChannel.java:340)
	at org.apache.ratis.thirdparty.io.netty.channel.nio.NioEventLoop.processSelectedKey(NioEventLoop.java:632)
	at org.apache.ratis.thirdparty.io.netty.channel.nio.NioEventLoop.processSelectedKeysOptimized(NioEventLoop.java:579)
	at org.apache.ratis.thirdparty.io.netty.channel.nio.NioEventLoop.processSelectedKeys(NioEventLoop.java:496)
	at org.apache.ratis.thirdparty.io.netty.channel.nio.NioEventLoop.run(NioEventLoop.java:458)
	at org.apache.ratis.thirdparty.io.netty.util.concurrent.SingleThreadEventExecutor$5.run(SingleThreadEventExecutor.java:897)
	at org.apache.ratis.thirdparty.io.netty.util.concurrent.FastThreadLocalRunnable.run(FastThreadLocalRunnable.java:30)
	... 1 more
Caused by: java.net.ConnectException: Connection refused
	... 11 more
2019-10-20 18:19:01,535 [b75f8b2e-6273-4c97-b7c5-042674931d23@group-F11756C8BA4A-LeaderElection433] INFO  impl.RaftServerImpl (RaftServerImpl.java:setRole(184)) - b75f8b2e-6273-4c97-b7c5-042674931d23@group-F11756C8BA4A: changes role from CANDIDATE to FOLLOWER at term 249 for DISCOVERED_A_NEW_TERM
2019-10-20 18:19:01,535 [b75f8b2e-6273-4c97-b7c5-042674931d23@group-F11756C8BA4A-LeaderElection433] INFO  impl.RoleInfo (RoleInfo.java:shutdownLeaderElection(134)) - b75f8b2e-6273-4c97-b7c5-042674931d23: shutdown LeaderElection
2019-10-20 18:19:01,535 [b75f8b2e-6273-4c97-b7c5-042674931d23@group-F11756C8BA4A-LeaderElection433] INFO  impl.RoleInfo (RoleInfo.java:updateAndGet(143)) - b75f8b2e-6273-4c97-b7c5-042674931d23: start FollowerState
2019-10-20 18:19:01,614 [Thread-3365] INFO  impl.FollowerState (FollowerState.java:run(108)) - 399079f7-1eb1-4f37-b003-267572525934@group-D40A05E2FCF9-FollowerState: change to CANDIDATE, lastRpcTime:163ms, electionTimeout:163ms
2019-10-20 18:19:01,614 [Thread-3365] INFO  impl.RoleInfo (RoleInfo.java:shutdownFollowerState(121)) - 399079f7-1eb1-4f37-b003-267572525934: shutdown FollowerState
2019-10-20 18:19:01,615 [Thread-3365] INFO  impl.RaftServerImpl (RaftServerImpl.java:setRole(184)) - 399079f7-1eb1-4f37-b003-267572525934@group-D40A05E2FCF9: changes role from  FOLLOWER to CANDIDATE at term 247 for changeToCandidate
2019-10-20 18:19:01,615 [Thread-3365] INFO  impl.RoleInfo (RoleInfo.java:updateAndGet(143)) - 399079f7-1eb1-4f37-b003-267572525934: start LeaderElection
2019-10-20 18:19:01,642 [399079f7-1eb1-4f37-b003-267572525934@group-D40A05E2FCF9-LeaderElection434] INFO  impl.LeaderElection (LeaderElection.java:askForVotes(178)) - 399079f7-1eb1-4f37-b003-267572525934@group-D40A05E2FCF9-LeaderElection434: begin an election at term 248 for -1: [399079f7-1eb1-4f37-b003-267572525934:192.168.164.241:37762, 7a43c46a-fc88-4b2d-b2da-ae029cfa60ff:192.168.164.241:43684, 6c5c38af-62e6-4ea7-a24a-078dcb28fb39:192.168.164.241:45428], old=null
2019-10-20 18:19:01,643 [399079f7-1eb1-4f37-b003-267572525934@group-D40A05E2FCF9-LeaderElection434] INFO  impl.LeaderElection (LogUtils.java:infoOrTrace(149)) - 399079f7-1eb1-4f37-b003-267572525934@group-D40A05E2FCF9-LeaderElection434 got exception when requesting votes: {}
java.util.concurrent.ExecutionException: org.apache.ratis.thirdparty.io.grpc.StatusRuntimeException: UNAVAILABLE: io exception
	at java.util.concurrent.FutureTask.report(FutureTask.java:122)
	at java.util.concurrent.FutureTask.get(FutureTask.java:192)
	at org.apache.ratis.server.impl.LeaderElection.waitForResults(LeaderElection.java:259)
	at org.apache.ratis.server.impl.LeaderElection.askForVotes(LeaderElection.java:197)
	at org.apache.ratis.server.impl.LeaderElection.run(LeaderElection.java:133)
	at java.lang.Thread.run(Thread.java:748)
Caused by: org.apache.ratis.thirdparty.io.grpc.StatusRuntimeException: UNAVAILABLE: io exception
	at org.apache.ratis.thirdparty.io.grpc.stub.ClientCalls.toStatusRuntimeException(ClientCalls.java:233)
	at org.apache.ratis.thirdparty.io.grpc.stub.ClientCalls.getUnchecked(ClientCalls.java:214)
	at org.apache.ratis.thirdparty.io.grpc.stub.ClientCalls.blockingUnaryCall(ClientCalls.java:139)
	at org.apache.ratis.proto.grpc.RaftServerProtocolServiceGrpc$RaftServerProtocolServiceBlockingStub.requestVote(RaftServerProtocolServiceGrpc.java:265)
	at org.apache.ratis.grpc.server.GrpcServerProtocolClient.requestVote(GrpcServerProtocolClient.java:99)
	at org.apache.ratis.grpc.server.GrpcService.requestVote(GrpcService.java:204)
	at org.apache.ratis.server.impl.LeaderElection.lambda$submitRequests$1(LeaderElection.java:234)
	at java.util.concurrent.FutureTask.run(FutureTask.java:266)
	at java.util.concurrent.Executors$RunnableAdapter.call(Executors.java:511)
	at java.util.concurrent.FutureTask.run(FutureTask.java:266)
	at java.util.concurrent.ThreadPoolExecutor.runWorker(ThreadPoolExecutor.java:1149)
	at java.util.concurrent.ThreadPoolExecutor$Worker.run(ThreadPoolExecutor.java:624)
	... 1 more
Caused by: org.apache.ratis.thirdparty.io.netty.channel.AbstractChannel$AnnotatedConnectException: Connection refused: /192.168.164.241:45428
	at sun.nio.ch.SocketChannelImpl.checkConnect(Native Method)
	at sun.nio.ch.SocketChannelImpl.finishConnect(SocketChannelImpl.java:717)
	at org.apache.ratis.thirdparty.io.netty.channel.socket.nio.NioSocketChannel.doFinishConnect(NioSocketChannel.java:327)
	at org.apache.ratis.thirdparty.io.netty.channel.nio.AbstractNioChannel$AbstractNioUnsafe.finishConnect(AbstractNioChannel.java:340)
	at org.apache.ratis.thirdparty.io.netty.channel.nio.NioEventLoop.processSelectedKey(NioEventLoop.java:632)
	at org.apache.ratis.thirdparty.io.netty.channel.nio.NioEventLoop.processSelectedKeysOptimized(NioEventLoop.java:579)
	at org.apache.ratis.thirdparty.io.netty.channel.nio.NioEventLoop.processSelectedKeys(NioEventLoop.java:496)
	at org.apache.ratis.thirdparty.io.netty.channel.nio.NioEventLoop.run(NioEventLoop.java:458)
	at org.apache.ratis.thirdparty.io.netty.util.concurrent.SingleThreadEventExecutor$5.run(SingleThreadEventExecutor.java:897)
	at org.apache.ratis.thirdparty.io.netty.util.concurrent.FastThreadLocalRunnable.run(FastThreadLocalRunnable.java:30)
	... 1 more
Caused by: java.net.ConnectException: Connection refused
	... 11 more
2019-10-20 18:19:01,644 [grpc-default-executor-4] INFO  impl.RaftServerImpl (RaftServerImpl.java:setRole(184)) - 7a43c46a-fc88-4b2d-b2da-ae029cfa60ff@group-D40A05E2FCF9: changes role from  FOLLOWER to FOLLOWER at term 248 for recognizeCandidate:399079f7-1eb1-4f37-b003-267572525934
2019-10-20 18:19:01,644 [grpc-default-executor-4] INFO  impl.RoleInfo (RoleInfo.java:shutdownFollowerState(121)) - 7a43c46a-fc88-4b2d-b2da-ae029cfa60ff: shutdown FollowerState
2019-10-20 18:19:01,644 [grpc-default-executor-4] INFO  impl.RoleInfo (RoleInfo.java:updateAndGet(143)) - 7a43c46a-fc88-4b2d-b2da-ae029cfa60ff: start FollowerState
2019-10-20 18:19:01,644 [Thread-3364] INFO  impl.FollowerState (FollowerState.java:run(117)) - 7a43c46a-fc88-4b2d-b2da-ae029cfa60ff@group-D40A05E2FCF9-FollowerState was interrupted: java.lang.InterruptedException: sleep interrupted
2019-10-20 18:19:01,646 [Thread-3370] INFO  impl.FollowerState (FollowerState.java:run(108)) - b75f8b2e-6273-4c97-b7c5-042674931d23@group-F11756C8BA4A-FollowerState: change to CANDIDATE, lastRpcTime:111ms, electionTimeout:111ms
2019-10-20 18:19:01,647 [Thread-3370] INFO  impl.RoleInfo (RoleInfo.java:shutdownFollowerState(121)) - b75f8b2e-6273-4c97-b7c5-042674931d23: shutdown FollowerState
2019-10-20 18:19:01,647 [Thread-3370] INFO  impl.RaftServerImpl (RaftServerImpl.java:setRole(184)) - b75f8b2e-6273-4c97-b7c5-042674931d23@group-F11756C8BA4A: changes role from  FOLLOWER to CANDIDATE at term 249 for changeToCandidate
2019-10-20 18:19:01,647 [Thread-3370] INFO  impl.RoleInfo (RoleInfo.java:updateAndGet(143)) - b75f8b2e-6273-4c97-b7c5-042674931d23: start LeaderElection
2019-10-20 18:19:01,667 [b75f8b2e-6273-4c97-b7c5-042674931d23@group-F11756C8BA4A-LeaderElection435] INFO  impl.LeaderElection (LeaderElection.java:askForVotes(178)) - b75f8b2e-6273-4c97-b7c5-042674931d23@group-F11756C8BA4A-LeaderElection435: begin an election at term 250 for -1: [6ef27e9c-8ddb-4fa1-8c14-ab102acfb1b8:192.168.164.241:38092, b75f8b2e-6273-4c97-b7c5-042674931d23:192.168.164.241:41857, 3750b3a2-715b-46b3-9d0c-9e38136244b9:192.168.164.241:46227], old=null
2019-10-20 18:19:01,668 [399079f7-1eb1-4f37-b003-267572525934@group-D40A05E2FCF9-LeaderElection434] INFO  impl.LeaderElection (LeaderElection.java:logAndReturn(56)) - 399079f7-1eb1-4f37-b003-267572525934@group-D40A05E2FCF9-LeaderElection434: Election REJECTED; received 1 response(s) [399079f7-1eb1-4f37-b003-267572525934<-7a43c46a-fc88-4b2d-b2da-ae029cfa60ff#0:FAIL-t248] and 1 exception(s); 399079f7-1eb1-4f37-b003-267572525934@group-D40A05E2FCF9:t248, leader=null, voted=399079f7-1eb1-4f37-b003-267572525934, raftlog=399079f7-1eb1-4f37-b003-267572525934@group-D40A05E2FCF9-SegmentedRaftLog:OPENED:c-1,f-1,i0, conf=-1: [399079f7-1eb1-4f37-b003-267572525934:192.168.164.241:37762, 7a43c46a-fc88-4b2d-b2da-ae029cfa60ff:192.168.164.241:43684, 6c5c38af-62e6-4ea7-a24a-078dcb28fb39:192.168.164.241:45428], old=null
2019-10-20 18:19:01,668 [399079f7-1eb1-4f37-b003-267572525934@group-D40A05E2FCF9-LeaderElection434] INFO  impl.LeaderElection (LogUtils.java:infoOrTrace(149)) -   Exception 0: {}
java.util.concurrent.ExecutionException: org.apache.ratis.thirdparty.io.grpc.StatusRuntimeException: UNAVAILABLE: io exception
	at java.util.concurrent.FutureTask.report(FutureTask.java:122)
	at java.util.concurrent.FutureTask.get(FutureTask.java:192)
	at org.apache.ratis.server.impl.LeaderElection.waitForResults(LeaderElection.java:259)
	at org.apache.ratis.server.impl.LeaderElection.askForVotes(LeaderElection.java:197)
	at org.apache.ratis.server.impl.LeaderElection.run(LeaderElection.java:133)
	at java.lang.Thread.run(Thread.java:748)
Caused by: org.apache.ratis.thirdparty.io.grpc.StatusRuntimeException: UNAVAILABLE: io exception
	at org.apache.ratis.thirdparty.io.grpc.stub.ClientCalls.toStatusRuntimeException(ClientCalls.java:233)
	at org.apache.ratis.thirdparty.io.grpc.stub.ClientCalls.getUnchecked(ClientCalls.java:214)
	at org.apache.ratis.thirdparty.io.grpc.stub.ClientCalls.blockingUnaryCall(ClientCalls.java:139)
	at org.apache.ratis.proto.grpc.RaftServerProtocolServiceGrpc$RaftServerProtocolServiceBlockingStub.requestVote(RaftServerProtocolServiceGrpc.java:265)
	at org.apache.ratis.grpc.server.GrpcServerProtocolClient.requestVote(GrpcServerProtocolClient.java:99)
	at org.apache.ratis.grpc.server.GrpcService.requestVote(GrpcService.java:204)
	at org.apache.ratis.server.impl.LeaderElection.lambda$submitRequests$1(LeaderElection.java:234)
	at java.util.concurrent.FutureTask.run(FutureTask.java:266)
	at java.util.concurrent.Executors$RunnableAdapter.call(Executors.java:511)
	at java.util.concurrent.FutureTask.run(FutureTask.java:266)
	at java.util.concurrent.ThreadPoolExecutor.runWorker(ThreadPoolExecutor.java:1149)
	at java.util.concurrent.ThreadPoolExecutor$Worker.run(ThreadPoolExecutor.java:624)
	... 1 more
Caused by: org.apache.ratis.thirdparty.io.netty.channel.AbstractChannel$AnnotatedConnectException: Connection refused: /192.168.164.241:45428
	at sun.nio.ch.SocketChannelImpl.checkConnect(Native Method)
	at sun.nio.ch.SocketChannelImpl.finishConnect(SocketChannelImpl.java:717)
	at org.apache.ratis.thirdparty.io.netty.channel.socket.nio.NioSocketChannel.doFinishConnect(NioSocketChannel.java:327)
	at org.apache.ratis.thirdparty.io.netty.channel.nio.AbstractNioChannel$AbstractNioUnsafe.finishConnect(AbstractNioChannel.java:340)
	at org.apache.ratis.thirdparty.io.netty.channel.nio.NioEventLoop.processSelectedKey(NioEventLoop.java:632)
	at org.apache.ratis.thirdparty.io.netty.channel.nio.NioEventLoop.processSelectedKeysOptimized(NioEventLoop.java:579)
	at org.apache.ratis.thirdparty.io.netty.channel.nio.NioEventLoop.processSelectedKeys(NioEventLoop.java:496)
	at org.apache.ratis.thirdparty.io.netty.channel.nio.NioEventLoop.run(NioEventLoop.java:458)
	at org.apache.ratis.thirdparty.io.netty.util.concurrent.SingleThreadEventExecutor$5.run(SingleThreadEventExecutor.java:897)
	at org.apache.ratis.thirdparty.io.netty.util.concurrent.FastThreadLocalRunnable.run(FastThreadLocalRunnable.java:30)
	... 1 more
Caused by: java.net.ConnectException: Connection refused
	... 11 more
2019-10-20 18:19:01,668 [b75f8b2e-6273-4c97-b7c5-042674931d23@group-F11756C8BA4A-LeaderElection435] INFO  impl.LeaderElection (LogUtils.java:infoOrTrace(149)) - b75f8b2e-6273-4c97-b7c5-042674931d23@group-F11756C8BA4A-LeaderElection435 got exception when requesting votes: {}
java.util.concurrent.ExecutionException: org.apache.ratis.thirdparty.io.grpc.StatusRuntimeException: UNAVAILABLE: io exception
	at java.util.concurrent.FutureTask.report(FutureTask.java:122)
	at java.util.concurrent.FutureTask.get(FutureTask.java:192)
	at org.apache.ratis.server.impl.LeaderElection.waitForResults(LeaderElection.java:259)
	at org.apache.ratis.server.impl.LeaderElection.askForVotes(LeaderElection.java:197)
	at org.apache.ratis.server.impl.LeaderElection.run(LeaderElection.java:133)
	at java.lang.Thread.run(Thread.java:748)
Caused by: org.apache.ratis.thirdparty.io.grpc.StatusRuntimeException: UNAVAILABLE: io exception
	at org.apache.ratis.thirdparty.io.grpc.stub.ClientCalls.toStatusRuntimeException(ClientCalls.java:233)
	at org.apache.ratis.thirdparty.io.grpc.stub.ClientCalls.getUnchecked(ClientCalls.java:214)
	at org.apache.ratis.thirdparty.io.grpc.stub.ClientCalls.blockingUnaryCall(ClientCalls.java:139)
	at org.apache.ratis.proto.grpc.RaftServerProtocolServiceGrpc$RaftServerProtocolServiceBlockingStub.requestVote(RaftServerProtocolServiceGrpc.java:265)
	at org.apache.ratis.grpc.server.GrpcServerProtocolClient.requestVote(GrpcServerProtocolClient.java:99)
	at org.apache.ratis.grpc.server.GrpcService.requestVote(GrpcService.java:204)
	at org.apache.ratis.server.impl.LeaderElection.lambda$submitRequests$1(LeaderElection.java:234)
	at java.util.concurrent.FutureTask.run(FutureTask.java:266)
	at java.util.concurrent.Executors$RunnableAdapter.call(Executors.java:511)
	at java.util.concurrent.FutureTask.run(FutureTask.java:266)
	at java.util.concurrent.ThreadPoolExecutor.runWorker(ThreadPoolExecutor.java:1149)
	at java.util.concurrent.ThreadPoolExecutor$Worker.run(ThreadPoolExecutor.java:624)
	... 1 more
Caused by: org.apache.ratis.thirdparty.io.netty.channel.AbstractChannel$AnnotatedConnectException: Connection refused: /192.168.164.241:46227
	at sun.nio.ch.SocketChannelImpl.checkConnect(Native Method)
	at sun.nio.ch.SocketChannelImpl.finishConnect(SocketChannelImpl.java:717)
	at org.apache.ratis.thirdparty.io.netty.channel.socket.nio.NioSocketChannel.doFinishConnect(NioSocketChannel.java:327)
	at org.apache.ratis.thirdparty.io.netty.channel.nio.AbstractNioChannel$AbstractNioUnsafe.finishConnect(AbstractNioChannel.java:340)
	at org.apache.ratis.thirdparty.io.netty.channel.nio.NioEventLoop.processSelectedKey(NioEventLoop.java:632)
	at org.apache.ratis.thirdparty.io.netty.channel.nio.NioEventLoop.processSelectedKeysOptimized(NioEventLoop.java:579)
	at org.apache.ratis.thirdparty.io.netty.channel.nio.NioEventLoop.processSelectedKeys(NioEventLoop.java:496)
	at org.apache.ratis.thirdparty.io.netty.channel.nio.NioEventLoop.run(NioEventLoop.java:458)
	at org.apache.ratis.thirdparty.io.netty.util.concurrent.SingleThreadEventExecutor$5.run(SingleThreadEventExecutor.java:897)
	at org.apache.ratis.thirdparty.io.netty.util.concurrent.FastThreadLocalRunnable.run(FastThreadLocalRunnable.java:30)
	... 1 more
Caused by: java.net.ConnectException: Connection refused
	... 11 more
2019-10-20 18:19:01,669 [grpc-default-executor-4] INFO  impl.RaftServerImpl (RaftServerImpl.java:setRole(184)) - 6ef27e9c-8ddb-4fa1-8c14-ab102acfb1b8@group-F11756C8BA4A: changes role from  FOLLOWER to FOLLOWER at term 250 for recognizeCandidate:b75f8b2e-6273-4c97-b7c5-042674931d23
2019-10-20 18:19:01,669 [grpc-default-executor-4] INFO  impl.RoleInfo (RoleInfo.java:shutdownFollowerState(121)) - 6ef27e9c-8ddb-4fa1-8c14-ab102acfb1b8: shutdown FollowerState
2019-10-20 18:19:01,668 [399079f7-1eb1-4f37-b003-267572525934@group-D40A05E2FCF9-LeaderElection434] INFO  impl.RaftServerImpl (RaftServerImpl.java:setRole(184)) - 399079f7-1eb1-4f37-b003-267572525934@group-D40A05E2FCF9: changes role from CANDIDATE to FOLLOWER at term 248 for DISCOVERED_A_NEW_TERM
2019-10-20 18:19:01,669 [399079f7-1eb1-4f37-b003-267572525934@group-D40A05E2FCF9-LeaderElection434] INFO  impl.RoleInfo (RoleInfo.java:shutdownLeaderElection(134)) - 399079f7-1eb1-4f37-b003-267572525934: shutdown LeaderElection
2019-10-20 18:19:01,669 [grpc-default-executor-4] INFO  impl.RoleInfo (RoleInfo.java:updateAndGet(143)) - 6ef27e9c-8ddb-4fa1-8c14-ab102acfb1b8: start FollowerState
2019-10-20 18:19:01,669 [399079f7-1eb1-4f37-b003-267572525934@group-D40A05E2FCF9-LeaderElection434] INFO  impl.RoleInfo (RoleInfo.java:updateAndGet(143)) - 399079f7-1eb1-4f37-b003-267572525934: start FollowerState
2019-10-20 18:19:01,669 [Thread-3369] INFO  impl.FollowerState (FollowerState.java:run(117)) - 6ef27e9c-8ddb-4fa1-8c14-ab102acfb1b8@group-F11756C8BA4A-FollowerState was interrupted: java.lang.InterruptedException: sleep interrupted
2019-10-20 18:19:01,693 [b75f8b2e-6273-4c97-b7c5-042674931d23@group-F11756C8BA4A-LeaderElection435] INFO  impl.LeaderElection (LeaderElection.java:logAndReturn(56)) - b75f8b2e-6273-4c97-b7c5-042674931d23@group-F11756C8BA4A-LeaderElection435: Election REJECTED; received 1 response(s) [b75f8b2e-6273-4c97-b7c5-042674931d23<-6ef27e9c-8ddb-4fa1-8c14-ab102acfb1b8#0:FAIL-t250] and 1 exception(s); b75f8b2e-6273-4c97-b7c5-042674931d23@group-F11756C8BA4A:t250, leader=null, voted=b75f8b2e-6273-4c97-b7c5-042674931d23, raftlog=b75f8b2e-6273-4c97-b7c5-042674931d23@group-F11756C8BA4A-SegmentedRaftLog:OPENED:c-1,f-1,i0, conf=-1: [6ef27e9c-8ddb-4fa1-8c14-ab102acfb1b8:192.168.164.241:38092, b75f8b2e-6273-4c97-b7c5-042674931d23:192.168.164.241:41857, 3750b3a2-715b-46b3-9d0c-9e38136244b9:192.168.164.241:46227], old=null
2019-10-20 18:19:01,693 [b75f8b2e-6273-4c97-b7c5-042674931d23@group-F11756C8BA4A-LeaderElection435] INFO  impl.LeaderElection (LogUtils.java:infoOrTrace(149)) -   Exception 0: {}
java.util.concurrent.ExecutionException: org.apache.ratis.thirdparty.io.grpc.StatusRuntimeException: UNAVAILABLE: io exception
	at java.util.concurrent.FutureTask.report(FutureTask.java:122)
	at java.util.concurrent.FutureTask.get(FutureTask.java:192)
	at org.apache.ratis.server.impl.LeaderElection.waitForResults(LeaderElection.java:259)
	at org.apache.ratis.server.impl.LeaderElection.askForVotes(LeaderElection.java:197)
	at org.apache.ratis.server.impl.LeaderElection.run(LeaderElection.java:133)
	at java.lang.Thread.run(Thread.java:748)
Caused by: org.apache.ratis.thirdparty.io.grpc.StatusRuntimeException: UNAVAILABLE: io exception
	at org.apache.ratis.thirdparty.io.grpc.stub.ClientCalls.toStatusRuntimeException(ClientCalls.java:233)
	at org.apache.ratis.thirdparty.io.grpc.stub.ClientCalls.getUnchecked(ClientCalls.java:214)
	at org.apache.ratis.thirdparty.io.grpc.stub.ClientCalls.blockingUnaryCall(ClientCalls.java:139)
	at org.apache.ratis.proto.grpc.RaftServerProtocolServiceGrpc$RaftServerProtocolServiceBlockingStub.requestVote(RaftServerProtocolServiceGrpc.java:265)
	at org.apache.ratis.grpc.server.GrpcServerProtocolClient.requestVote(GrpcServerProtocolClient.java:99)
	at org.apache.ratis.grpc.server.GrpcService.requestVote(GrpcService.java:204)
	at org.apache.ratis.server.impl.LeaderElection.lambda$submitRequests$1(LeaderElection.java:234)
	at java.util.concurrent.FutureTask.run(FutureTask.java:266)
	at java.util.concurrent.Executors$RunnableAdapter.call(Executors.java:511)
	at java.util.concurrent.FutureTask.run(FutureTask.java:266)
	at java.util.concurrent.ThreadPoolExecutor.runWorker(ThreadPoolExecutor.java:1149)
	at java.util.concurrent.ThreadPoolExecutor$Worker.run(ThreadPoolExecutor.java:624)
	... 1 more
Caused by: org.apache.ratis.thirdparty.io.netty.channel.AbstractChannel$AnnotatedConnectException: Connection refused: /192.168.164.241:46227
	at sun.nio.ch.SocketChannelImpl.checkConnect(Native Method)
	at sun.nio.ch.SocketChannelImpl.finishConnect(SocketChannelImpl.java:717)
	at org.apache.ratis.thirdparty.io.netty.channel.socket.nio.NioSocketChannel.doFinishConnect(NioSocketChannel.java:327)
	at org.apache.ratis.thirdparty.io.netty.channel.nio.AbstractNioChannel$AbstractNioUnsafe.finishConnect(AbstractNioChannel.java:340)
	at org.apache.ratis.thirdparty.io.netty.channel.nio.NioEventLoop.processSelectedKey(NioEventLoop.java:632)
	at org.apache.ratis.thirdparty.io.netty.channel.nio.NioEventLoop.processSelectedKeysOptimized(NioEventLoop.java:579)
	at org.apache.ratis.thirdparty.io.netty.channel.nio.NioEventLoop.processSelectedKeys(NioEventLoop.java:496)
	at org.apache.ratis.thirdparty.io.netty.channel.nio.NioEventLoop.run(NioEventLoop.java:458)
	at org.apache.ratis.thirdparty.io.netty.util.concurrent.SingleThreadEventExecutor$5.run(SingleThreadEventExecutor.java:897)
	at org.apache.ratis.thirdparty.io.netty.util.concurrent.FastThreadLocalRunnable.run(FastThreadLocalRunnable.java:30)
	... 1 more
Caused by: java.net.ConnectException: Connection refused
	... 11 more
2019-10-20 18:19:01,694 [b75f8b2e-6273-4c97-b7c5-042674931d23@group-F11756C8BA4A-LeaderElection435] INFO  impl.RaftServerImpl (RaftServerImpl.java:setRole(184)) - b75f8b2e-6273-4c97-b7c5-042674931d23@group-F11756C8BA4A: changes role from CANDIDATE to FOLLOWER at term 250 for DISCOVERED_A_NEW_TERM
2019-10-20 18:19:01,694 [b75f8b2e-6273-4c97-b7c5-042674931d23@group-F11756C8BA4A-LeaderElection435] INFO  impl.RoleInfo (RoleInfo.java:shutdownLeaderElection(134)) - b75f8b2e-6273-4c97-b7c5-042674931d23: shutdown LeaderElection
2019-10-20 18:19:01,694 [b75f8b2e-6273-4c97-b7c5-042674931d23@group-F11756C8BA4A-LeaderElection435] INFO  impl.RoleInfo (RoleInfo.java:updateAndGet(143)) - b75f8b2e-6273-4c97-b7c5-042674931d23: start FollowerState
2019-10-20 18:19:01,700 [Thread-3379] INFO  impl.FollowerState (FollowerState.java:run(108)) - 399079f7-1eb1-4f37-b003-267572525934@group-D40A05E2FCF9-FollowerState: change to CANDIDATE, lastRpcTime:30ms, electionTimeout:30ms
2019-10-20 18:19:01,700 [Thread-3379] INFO  impl.RoleInfo (RoleInfo.java:shutdownFollowerState(121)) - 399079f7-1eb1-4f37-b003-267572525934: shutdown FollowerState
2019-10-20 18:19:01,700 [Thread-3379] INFO  impl.RaftServerImpl (RaftServerImpl.java:setRole(184)) - 399079f7-1eb1-4f37-b003-267572525934@group-D40A05E2FCF9: changes role from  FOLLOWER to CANDIDATE at term 248 for changeToCandidate
2019-10-20 18:19:01,700 [Thread-3379] INFO  impl.RoleInfo (RoleInfo.java:updateAndGet(143)) - 399079f7-1eb1-4f37-b003-267572525934: start LeaderElection
2019-10-20 18:19:01,726 [399079f7-1eb1-4f37-b003-267572525934@group-D40A05E2FCF9-LeaderElection436] INFO  impl.LeaderElection (LeaderElection.java:askForVotes(178)) - 399079f7-1eb1-4f37-b003-267572525934@group-D40A05E2FCF9-LeaderElection436: begin an election at term 249 for -1: [399079f7-1eb1-4f37-b003-267572525934:192.168.164.241:37762, 7a43c46a-fc88-4b2d-b2da-ae029cfa60ff:192.168.164.241:43684, 6c5c38af-62e6-4ea7-a24a-078dcb28fb39:192.168.164.241:45428], old=null
2019-10-20 18:19:01,727 [399079f7-1eb1-4f37-b003-267572525934@group-D40A05E2FCF9-LeaderElection436] INFO  impl.LeaderElection (LogUtils.java:infoOrTrace(149)) - 399079f7-1eb1-4f37-b003-267572525934@group-D40A05E2FCF9-LeaderElection436 got exception when requesting votes: {}
java.util.concurrent.ExecutionException: org.apache.ratis.thirdparty.io.grpc.StatusRuntimeException: UNAVAILABLE: io exception
	at java.util.concurrent.FutureTask.report(FutureTask.java:122)
	at java.util.concurrent.FutureTask.get(FutureTask.java:192)
	at org.apache.ratis.server.impl.LeaderElection.waitForResults(LeaderElection.java:259)
	at org.apache.ratis.server.impl.LeaderElection.askForVotes(LeaderElection.java:197)
	at org.apache.ratis.server.impl.LeaderElection.run(LeaderElection.java:133)
	at java.lang.Thread.run(Thread.java:748)
Caused by: org.apache.ratis.thirdparty.io.grpc.StatusRuntimeException: UNAVAILABLE: io exception
	at org.apache.ratis.thirdparty.io.grpc.stub.ClientCalls.toStatusRuntimeException(ClientCalls.java:233)
	at org.apache.ratis.thirdparty.io.grpc.stub.ClientCalls.getUnchecked(ClientCalls.java:214)
	at org.apache.ratis.thirdparty.io.grpc.stub.ClientCalls.blockingUnaryCall(ClientCalls.java:139)
	at org.apache.ratis.proto.grpc.RaftServerProtocolServiceGrpc$RaftServerProtocolServiceBlockingStub.requestVote(RaftServerProtocolServiceGrpc.java:265)
	at org.apache.ratis.grpc.server.GrpcServerProtocolClient.requestVote(GrpcServerProtocolClient.java:99)
	at org.apache.ratis.grpc.server.GrpcService.requestVote(GrpcService.java:204)
	at org.apache.ratis.server.impl.LeaderElection.lambda$submitRequests$1(LeaderElection.java:234)
	at java.util.concurrent.FutureTask.run(FutureTask.java:266)
	at java.util.concurrent.Executors$RunnableAdapter.call(Executors.java:511)
	at java.util.concurrent.FutureTask.run(FutureTask.java:266)
	at java.util.concurrent.ThreadPoolExecutor.runWorker(ThreadPoolExecutor.java:1149)
	at java.util.concurrent.ThreadPoolExecutor$Worker.run(ThreadPoolExecutor.java:624)
	... 1 more
Caused by: org.apache.ratis.thirdparty.io.netty.channel.AbstractChannel$AnnotatedConnectException: Connection refused: /192.168.164.241:45428
	at sun.nio.ch.SocketChannelImpl.checkConnect(Native Method)
	at sun.nio.ch.SocketChannelImpl.finishConnect(SocketChannelImpl.java:717)
	at org.apache.ratis.thirdparty.io.netty.channel.socket.nio.NioSocketChannel.doFinishConnect(NioSocketChannel.java:327)
	at org.apache.ratis.thirdparty.io.netty.channel.nio.AbstractNioChannel$AbstractNioUnsafe.finishConnect(AbstractNioChannel.java:340)
	at org.apache.ratis.thirdparty.io.netty.channel.nio.NioEventLoop.processSelectedKey(NioEventLoop.java:632)
	at org.apache.ratis.thirdparty.io.netty.channel.nio.NioEventLoop.processSelectedKeysOptimized(NioEventLoop.java:579)
	at org.apache.ratis.thirdparty.io.netty.channel.nio.NioEventLoop.processSelectedKeys(NioEventLoop.java:496)
	at org.apache.ratis.thirdparty.io.netty.channel.nio.NioEventLoop.run(NioEventLoop.java:458)
	at org.apache.ratis.thirdparty.io.netty.util.concurrent.SingleThreadEventExecutor$5.run(SingleThreadEventExecutor.java:897)
	at org.apache.ratis.thirdparty.io.netty.util.concurrent.FastThreadLocalRunnable.run(FastThreadLocalRunnable.java:30)
	... 1 more
Caused by: java.net.ConnectException: Connection refused
	... 11 more
2019-10-20 18:19:01,728 [grpc-default-executor-4] INFO  impl.RaftServerImpl (RaftServerImpl.java:setRole(184)) - 7a43c46a-fc88-4b2d-b2da-ae029cfa60ff@group-D40A05E2FCF9: changes role from  FOLLOWER to FOLLOWER at term 249 for recognizeCandidate:399079f7-1eb1-4f37-b003-267572525934
2019-10-20 18:19:01,728 [grpc-default-executor-4] INFO  impl.RoleInfo (RoleInfo.java:shutdownFollowerState(121)) - 7a43c46a-fc88-4b2d-b2da-ae029cfa60ff: shutdown FollowerState
2019-10-20 18:19:01,728 [grpc-default-executor-4] INFO  impl.RoleInfo (RoleInfo.java:updateAndGet(143)) - 7a43c46a-fc88-4b2d-b2da-ae029cfa60ff: start FollowerState
2019-10-20 18:19:01,728 [Thread-3374] INFO  impl.FollowerState (FollowerState.java:run(117)) - 7a43c46a-fc88-4b2d-b2da-ae029cfa60ff@group-D40A05E2FCF9-FollowerState was interrupted: java.lang.InterruptedException: sleep interrupted
2019-10-20 18:19:01,761 [399079f7-1eb1-4f37-b003-267572525934@group-D40A05E2FCF9-LeaderElection436] INFO  impl.LeaderElection (LeaderElection.java:logAndReturn(56)) - 399079f7-1eb1-4f37-b003-267572525934@group-D40A05E2FCF9-LeaderElection436: Election REJECTED; received 1 response(s) [399079f7-1eb1-4f37-b003-267572525934<-7a43c46a-fc88-4b2d-b2da-ae029cfa60ff#0:FAIL-t249] and 1 exception(s); 399079f7-1eb1-4f37-b003-267572525934@group-D40A05E2FCF9:t249, leader=null, voted=399079f7-1eb1-4f37-b003-267572525934, raftlog=399079f7-1eb1-4f37-b003-267572525934@group-D40A05E2FCF9-SegmentedRaftLog:OPENED:c-1,f-1,i0, conf=-1: [399079f7-1eb1-4f37-b003-267572525934:192.168.164.241:37762, 7a43c46a-fc88-4b2d-b2da-ae029cfa60ff:192.168.164.241:43684, 6c5c38af-62e6-4ea7-a24a-078dcb28fb39:192.168.164.241:45428], old=null
2019-10-20 18:19:01,761 [399079f7-1eb1-4f37-b003-267572525934@group-D40A05E2FCF9-LeaderElection436] INFO  impl.LeaderElection (LogUtils.java:infoOrTrace(149)) -   Exception 0: {}
java.util.concurrent.ExecutionException: org.apache.ratis.thirdparty.io.grpc.StatusRuntimeException: UNAVAILABLE: io exception
	at java.util.concurrent.FutureTask.report(FutureTask.java:122)
	at java.util.concurrent.FutureTask.get(FutureTask.java:192)
	at org.apache.ratis.server.impl.LeaderElection.waitForResults(LeaderElection.java:259)
	at org.apache.ratis.server.impl.LeaderElection.askForVotes(LeaderElection.java:197)
	at org.apache.ratis.server.impl.LeaderElection.run(LeaderElection.java:133)
	at java.lang.Thread.run(Thread.java:748)
Caused by: org.apache.ratis.thirdparty.io.grpc.StatusRuntimeException: UNAVAILABLE: io exception
	at org.apache.ratis.thirdparty.io.grpc.stub.ClientCalls.toStatusRuntimeException(ClientCalls.java:233)
	at org.apache.ratis.thirdparty.io.grpc.stub.ClientCalls.getUnchecked(ClientCalls.java:214)
	at org.apache.ratis.thirdparty.io.grpc.stub.ClientCalls.blockingUnaryCall(ClientCalls.java:139)
	at org.apache.ratis.proto.grpc.RaftServerProtocolServiceGrpc$RaftServerProtocolServiceBlockingStub.requestVote(RaftServerProtocolServiceGrpc.java:265)
	at org.apache.ratis.grpc.server.GrpcServerProtocolClient.requestVote(GrpcServerProtocolClient.java:99)
	at org.apache.ratis.grpc.server.GrpcService.requestVote(GrpcService.java:204)
	at org.apache.ratis.server.impl.LeaderElection.lambda$submitRequests$1(LeaderElection.java:234)
	at java.util.concurrent.FutureTask.run(FutureTask.java:266)
	at java.util.concurrent.Executors$RunnableAdapter.call(Executors.java:511)
	at java.util.concurrent.FutureTask.run(FutureTask.java:266)
	at java.util.concurrent.ThreadPoolExecutor.runWorker(ThreadPoolExecutor.java:1149)
	at java.util.concurrent.ThreadPoolExecutor$Worker.run(ThreadPoolExecutor.java:624)
	... 1 more
Caused by: org.apache.ratis.thirdparty.io.netty.channel.AbstractChannel$AnnotatedConnectException: Connection refused: /192.168.164.241:45428
	at sun.nio.ch.SocketChannelImpl.checkConnect(Native Method)
	at sun.nio.ch.SocketChannelImpl.finishConnect(SocketChannelImpl.java:717)
	at org.apache.ratis.thirdparty.io.netty.channel.socket.nio.NioSocketChannel.doFinishConnect(NioSocketChannel.java:327)
	at org.apache.ratis.thirdparty.io.netty.channel.nio.AbstractNioChannel$AbstractNioUnsafe.finishConnect(AbstractNioChannel.java:340)
	at org.apache.ratis.thirdparty.io.netty.channel.nio.NioEventLoop.processSelectedKey(NioEventLoop.java:632)
	at org.apache.ratis.thirdparty.io.netty.channel.nio.NioEventLoop.processSelectedKeysOptimized(NioEventLoop.java:579)
	at org.apache.ratis.thirdparty.io.netty.channel.nio.NioEventLoop.processSelectedKeys(NioEventLoop.java:496)
	at org.apache.ratis.thirdparty.io.netty.channel.nio.NioEventLoop.run(NioEventLoop.java:458)
	at org.apache.ratis.thirdparty.io.netty.util.concurrent.SingleThreadEventExecutor$5.run(SingleThreadEventExecutor.java:897)
	at org.apache.ratis.thirdparty.io.netty.util.concurrent.FastThreadLocalRunnable.run(FastThreadLocalRunnable.java:30)
	... 1 more
Caused by: java.net.ConnectException: Connection refused
	... 11 more
2019-10-20 18:19:01,761 [399079f7-1eb1-4f37-b003-267572525934@group-D40A05E2FCF9-LeaderElection436] INFO  impl.RaftServerImpl (RaftServerImpl.java:setRole(184)) - 399079f7-1eb1-4f37-b003-267572525934@group-D40A05E2FCF9: changes role from CANDIDATE to FOLLOWER at term 249 for DISCOVERED_A_NEW_TERM
2019-10-20 18:19:01,761 [399079f7-1eb1-4f37-b003-267572525934@group-D40A05E2FCF9-LeaderElection436] INFO  impl.RoleInfo (RoleInfo.java:shutdownLeaderElection(134)) - 399079f7-1eb1-4f37-b003-267572525934: shutdown LeaderElection
2019-10-20 18:19:01,762 [399079f7-1eb1-4f37-b003-267572525934@group-D40A05E2FCF9-LeaderElection436] INFO  impl.RoleInfo (RoleInfo.java:updateAndGet(143)) - 399079f7-1eb1-4f37-b003-267572525934: start FollowerState
2019-10-20 18:19:01,768 [Thread-3380] INFO  impl.FollowerState (FollowerState.java:run(108)) - b75f8b2e-6273-4c97-b7c5-042674931d23@group-F11756C8BA4A-FollowerState: change to CANDIDATE, lastRpcTime:74ms, electionTimeout:74ms
2019-10-20 18:19:01,768 [Thread-3380] INFO  impl.RoleInfo (RoleInfo.java:shutdownFollowerState(121)) - b75f8b2e-6273-4c97-b7c5-042674931d23: shutdown FollowerState
2019-10-20 18:19:01,769 [Thread-3380] INFO  impl.RaftServerImpl (RaftServerImpl.java:setRole(184)) - b75f8b2e-6273-4c97-b7c5-042674931d23@group-F11756C8BA4A: changes role from  FOLLOWER to CANDIDATE at term 250 for changeToCandidate
2019-10-20 18:19:01,769 [Thread-3380] INFO  impl.RoleInfo (RoleInfo.java:updateAndGet(143)) - b75f8b2e-6273-4c97-b7c5-042674931d23: start LeaderElection
2019-10-20 18:19:01,794 [b75f8b2e-6273-4c97-b7c5-042674931d23@group-F11756C8BA4A-LeaderElection437] INFO  impl.LeaderElection (LeaderElection.java:askForVotes(178)) - b75f8b2e-6273-4c97-b7c5-042674931d23@group-F11756C8BA4A-LeaderElection437: begin an election at term 251 for -1: [6ef27e9c-8ddb-4fa1-8c14-ab102acfb1b8:192.168.164.241:38092, b75f8b2e-6273-4c97-b7c5-042674931d23:192.168.164.241:41857, 3750b3a2-715b-46b3-9d0c-9e38136244b9:192.168.164.241:46227], old=null
2019-10-20 18:19:01,795 [b75f8b2e-6273-4c97-b7c5-042674931d23@group-F11756C8BA4A-LeaderElection437] INFO  impl.LeaderElection (LogUtils.java:infoOrTrace(149)) - b75f8b2e-6273-4c97-b7c5-042674931d23@group-F11756C8BA4A-LeaderElection437 got exception when requesting votes: {}
java.util.concurrent.ExecutionException: org.apache.ratis.thirdparty.io.grpc.StatusRuntimeException: UNAVAILABLE: io exception
	at java.util.concurrent.FutureTask.report(FutureTask.java:122)
	at java.util.concurrent.FutureTask.get(FutureTask.java:192)
	at org.apache.ratis.server.impl.LeaderElection.waitForResults(LeaderElection.java:259)
	at org.apache.ratis.server.impl.LeaderElection.askForVotes(LeaderElection.java:197)
	at org.apache.ratis.server.impl.LeaderElection.run(LeaderElection.java:133)
	at java.lang.Thread.run(Thread.java:748)
Caused by: org.apache.ratis.thirdparty.io.grpc.StatusRuntimeException: UNAVAILABLE: io exception
	at org.apache.ratis.thirdparty.io.grpc.stub.ClientCalls.toStatusRuntimeException(ClientCalls.java:233)
	at org.apache.ratis.thirdparty.io.grpc.stub.ClientCalls.getUnchecked(ClientCalls.java:214)
	at org.apache.ratis.thirdparty.io.grpc.stub.ClientCalls.blockingUnaryCall(ClientCalls.java:139)
	at org.apache.ratis.proto.grpc.RaftServerProtocolServiceGrpc$RaftServerProtocolServiceBlockingStub.requestVote(RaftServerProtocolServiceGrpc.java:265)
	at org.apache.ratis.grpc.server.GrpcServerProtocolClient.requestVote(GrpcServerProtocolClient.java:99)
	at org.apache.ratis.grpc.server.GrpcService.requestVote(GrpcService.java:204)
	at org.apache.ratis.server.impl.LeaderElection.lambda$submitRequests$1(LeaderElection.java:234)
	at java.util.concurrent.FutureTask.run(FutureTask.java:266)
	at java.util.concurrent.Executors$RunnableAdapter.call(Executors.java:511)
	at java.util.concurrent.FutureTask.run(FutureTask.java:266)
	at java.util.concurrent.ThreadPoolExecutor.runWorker(ThreadPoolExecutor.java:1149)
	at java.util.concurrent.ThreadPoolExecutor$Worker.run(ThreadPoolExecutor.java:624)
	... 1 more
Caused by: org.apache.ratis.thirdparty.io.netty.channel.AbstractChannel$AnnotatedConnectException: Connection refused: /192.168.164.241:46227
	at sun.nio.ch.SocketChannelImpl.checkConnect(Native Method)
	at sun.nio.ch.SocketChannelImpl.finishConnect(SocketChannelImpl.java:717)
	at org.apache.ratis.thirdparty.io.netty.channel.socket.nio.NioSocketChannel.doFinishConnect(NioSocketChannel.java:327)
	at org.apache.ratis.thirdparty.io.netty.channel.nio.AbstractNioChannel$AbstractNioUnsafe.finishConnect(AbstractNioChannel.java:340)
	at org.apache.ratis.thirdparty.io.netty.channel.nio.NioEventLoop.processSelectedKey(NioEventLoop.java:632)
	at org.apache.ratis.thirdparty.io.netty.channel.nio.NioEventLoop.processSelectedKeysOptimized(NioEventLoop.java:579)
	at org.apache.ratis.thirdparty.io.netty.channel.nio.NioEventLoop.processSelectedKeys(NioEventLoop.java:496)
	at org.apache.ratis.thirdparty.io.netty.channel.nio.NioEventLoop.run(NioEventLoop.java:458)
	at org.apache.ratis.thirdparty.io.netty.util.concurrent.SingleThreadEventExecutor$5.run(SingleThreadEventExecutor.java:897)
	at org.apache.ratis.thirdparty.io.netty.util.concurrent.FastThreadLocalRunnable.run(FastThreadLocalRunnable.java:30)
	... 1 more
Caused by: java.net.ConnectException: Connection refused
	... 11 more
2019-10-20 18:19:01,796 [grpc-default-executor-4] INFO  impl.RaftServerImpl (RaftServerImpl.java:setRole(184)) - 6ef27e9c-8ddb-4fa1-8c14-ab102acfb1b8@group-F11756C8BA4A: changes role from  FOLLOWER to FOLLOWER at term 251 for recognizeCandidate:b75f8b2e-6273-4c97-b7c5-042674931d23
2019-10-20 18:19:01,796 [grpc-default-executor-4] INFO  impl.RoleInfo (RoleInfo.java:shutdownFollowerState(121)) - 6ef27e9c-8ddb-4fa1-8c14-ab102acfb1b8: shutdown FollowerState
2019-10-20 18:19:01,796 [grpc-default-executor-4] INFO  impl.RoleInfo (RoleInfo.java:updateAndGet(143)) - 6ef27e9c-8ddb-4fa1-8c14-ab102acfb1b8: start FollowerState
2019-10-20 18:19:01,796 [Thread-3378] INFO  impl.FollowerState (FollowerState.java:run(117)) - 6ef27e9c-8ddb-4fa1-8c14-ab102acfb1b8@group-F11756C8BA4A-FollowerState was interrupted: java.lang.InterruptedException: sleep interrupted
2019-10-20 18:19:01,820 [b75f8b2e-6273-4c97-b7c5-042674931d23@group-F11756C8BA4A-LeaderElection437] INFO  impl.LeaderElection (LeaderElection.java:logAndReturn(56)) - b75f8b2e-6273-4c97-b7c5-042674931d23@group-F11756C8BA4A-LeaderElection437: Election REJECTED; received 1 response(s) [b75f8b2e-6273-4c97-b7c5-042674931d23<-6ef27e9c-8ddb-4fa1-8c14-ab102acfb1b8#0:FAIL-t251] and 1 exception(s); b75f8b2e-6273-4c97-b7c5-042674931d23@group-F11756C8BA4A:t251, leader=null, voted=b75f8b2e-6273-4c97-b7c5-042674931d23, raftlog=b75f8b2e-6273-4c97-b7c5-042674931d23@group-F11756C8BA4A-SegmentedRaftLog:OPENED:c-1,f-1,i0, conf=-1: [6ef27e9c-8ddb-4fa1-8c14-ab102acfb1b8:192.168.164.241:38092, b75f8b2e-6273-4c97-b7c5-042674931d23:192.168.164.241:41857, 3750b3a2-715b-46b3-9d0c-9e38136244b9:192.168.164.241:46227], old=null
2019-10-20 18:19:01,820 [b75f8b2e-6273-4c97-b7c5-042674931d23@group-F11756C8BA4A-LeaderElection437] INFO  impl.LeaderElection (LogUtils.java:infoOrTrace(149)) -   Exception 0: {}
java.util.concurrent.ExecutionException: org.apache.ratis.thirdparty.io.grpc.StatusRuntimeException: UNAVAILABLE: io exception
	at java.util.concurrent.FutureTask.report(FutureTask.java:122)
	at java.util.concurrent.FutureTask.get(FutureTask.java:192)
	at org.apache.ratis.server.impl.LeaderElection.waitForResults(LeaderElection.java:259)
	at org.apache.ratis.server.impl.LeaderElection.askForVotes(LeaderElection.java:197)
	at org.apache.ratis.server.impl.LeaderElection.run(LeaderElection.java:133)
	at java.lang.Thread.run(Thread.java:748)
Caused by: org.apache.ratis.thirdparty.io.grpc.StatusRuntimeException: UNAVAILABLE: io exception
	at org.apache.ratis.thirdparty.io.grpc.stub.ClientCalls.toStatusRuntimeException(ClientCalls.java:233)
	at org.apache.ratis.thirdparty.io.grpc.stub.ClientCalls.getUnchecked(ClientCalls.java:214)
	at org.apache.ratis.thirdparty.io.grpc.stub.ClientCalls.blockingUnaryCall(ClientCalls.java:139)
	at org.apache.ratis.proto.grpc.RaftServerProtocolServiceGrpc$RaftServerProtocolServiceBlockingStub.requestVote(RaftServerProtocolServiceGrpc.java:265)
	at org.apache.ratis.grpc.server.GrpcServerProtocolClient.requestVote(GrpcServerProtocolClient.java:99)
	at org.apache.ratis.grpc.server.GrpcService.requestVote(GrpcService.java:204)
	at org.apache.ratis.server.impl.LeaderElection.lambda$submitRequests$1(LeaderElection.java:234)
	at java.util.concurrent.FutureTask.run(FutureTask.java:266)
	at java.util.concurrent.Executors$RunnableAdapter.call(Executors.java:511)
	at java.util.concurrent.FutureTask.run(FutureTask.java:266)
	at java.util.concurrent.ThreadPoolExecutor.runWorker(ThreadPoolExecutor.java:1149)
	at java.util.concurrent.ThreadPoolExecutor$Worker.run(ThreadPoolExecutor.java:624)
	... 1 more
Caused by: org.apache.ratis.thirdparty.io.netty.channel.AbstractChannel$AnnotatedConnectException: Connection refused: /192.168.164.241:46227
	at sun.nio.ch.SocketChannelImpl.checkConnect(Native Method)
	at sun.nio.ch.SocketChannelImpl.finishConnect(SocketChannelImpl.java:717)
	at org.apache.ratis.thirdparty.io.netty.channel.socket.nio.NioSocketChannel.doFinishConnect(NioSocketChannel.java:327)
	at org.apache.ratis.thirdparty.io.netty.channel.nio.AbstractNioChannel$AbstractNioUnsafe.finishConnect(AbstractNioChannel.java:340)
	at org.apache.ratis.thirdparty.io.netty.channel.nio.NioEventLoop.processSelectedKey(NioEventLoop.java:632)
	at org.apache.ratis.thirdparty.io.netty.channel.nio.NioEventLoop.processSelectedKeysOptimized(NioEventLoop.java:579)
	at org.apache.ratis.thirdparty.io.netty.channel.nio.NioEventLoop.processSelectedKeys(NioEventLoop.java:496)
	at org.apache.ratis.thirdparty.io.netty.channel.nio.NioEventLoop.run(NioEventLoop.java:458)
	at org.apache.ratis.thirdparty.io.netty.util.concurrent.SingleThreadEventExecutor$5.run(SingleThreadEventExecutor.java:897)
	at org.apache.ratis.thirdparty.io.netty.util.concurrent.FastThreadLocalRunnable.run(FastThreadLocalRunnable.java:30)
	... 1 more
Caused by: java.net.ConnectException: Connection refused
	... 11 more
2019-10-20 18:19:01,821 [b75f8b2e-6273-4c97-b7c5-042674931d23@group-F11756C8BA4A-LeaderElection437] INFO  impl.RaftServerImpl (RaftServerImpl.java:setRole(184)) - b75f8b2e-6273-4c97-b7c5-042674931d23@group-F11756C8BA4A: changes role from CANDIDATE to FOLLOWER at term 251 for DISCOVERED_A_NEW_TERM
2019-10-20 18:19:01,821 [b75f8b2e-6273-4c97-b7c5-042674931d23@group-F11756C8BA4A-LeaderElection437] INFO  impl.RoleInfo (RoleInfo.java:shutdownLeaderElection(134)) - b75f8b2e-6273-4c97-b7c5-042674931d23: shutdown LeaderElection
2019-10-20 18:19:01,821 [b75f8b2e-6273-4c97-b7c5-042674931d23@group-F11756C8BA4A-LeaderElection437] INFO  impl.RoleInfo (RoleInfo.java:updateAndGet(143)) - b75f8b2e-6273-4c97-b7c5-042674931d23: start FollowerState
2019-10-20 18:19:01,877 [Thread-3391] INFO  impl.FollowerState (FollowerState.java:run(108)) - b75f8b2e-6273-4c97-b7c5-042674931d23@group-F11756C8BA4A-FollowerState: change to CANDIDATE, lastRpcTime:56ms, electionTimeout:56ms
2019-10-20 18:19:01,878 [Thread-3391] INFO  impl.RoleInfo (RoleInfo.java:shutdownFollowerState(121)) - b75f8b2e-6273-4c97-b7c5-042674931d23: shutdown FollowerState
2019-10-20 18:19:01,878 [Thread-3391] INFO  impl.RaftServerImpl (RaftServerImpl.java:setRole(184)) - b75f8b2e-6273-4c97-b7c5-042674931d23@group-F11756C8BA4A: changes role from  FOLLOWER to CANDIDATE at term 251 for changeToCandidate
2019-10-20 18:19:01,878 [Thread-3391] INFO  impl.RoleInfo (RoleInfo.java:updateAndGet(143)) - b75f8b2e-6273-4c97-b7c5-042674931d23: start LeaderElection
2019-10-20 18:19:01,903 [b75f8b2e-6273-4c97-b7c5-042674931d23@group-F11756C8BA4A-LeaderElection438] INFO  impl.LeaderElection (LeaderElection.java:askForVotes(178)) - b75f8b2e-6273-4c97-b7c5-042674931d23@group-F11756C8BA4A-LeaderElection438: begin an election at term 252 for -1: [6ef27e9c-8ddb-4fa1-8c14-ab102acfb1b8:192.168.164.241:38092, b75f8b2e-6273-4c97-b7c5-042674931d23:192.168.164.241:41857, 3750b3a2-715b-46b3-9d0c-9e38136244b9:192.168.164.241:46227], old=null
2019-10-20 18:19:01,904 [b75f8b2e-6273-4c97-b7c5-042674931d23@group-F11756C8BA4A-LeaderElection438] INFO  impl.LeaderElection (LogUtils.java:infoOrTrace(149)) - b75f8b2e-6273-4c97-b7c5-042674931d23@group-F11756C8BA4A-LeaderElection438 got exception when requesting votes: {}
java.util.concurrent.ExecutionException: org.apache.ratis.thirdparty.io.grpc.StatusRuntimeException: UNAVAILABLE: io exception
	at java.util.concurrent.FutureTask.report(FutureTask.java:122)
	at java.util.concurrent.FutureTask.get(FutureTask.java:192)
	at org.apache.ratis.server.impl.LeaderElection.waitForResults(LeaderElection.java:259)
	at org.apache.ratis.server.impl.LeaderElection.askForVotes(LeaderElection.java:197)
	at org.apache.ratis.server.impl.LeaderElection.run(LeaderElection.java:133)
	at java.lang.Thread.run(Thread.java:748)
Caused by: org.apache.ratis.thirdparty.io.grpc.StatusRuntimeException: UNAVAILABLE: io exception
	at org.apache.ratis.thirdparty.io.grpc.stub.ClientCalls.toStatusRuntimeException(ClientCalls.java:233)
	at org.apache.ratis.thirdparty.io.grpc.stub.ClientCalls.getUnchecked(ClientCalls.java:214)
	at org.apache.ratis.thirdparty.io.grpc.stub.ClientCalls.blockingUnaryCall(ClientCalls.java:139)
	at org.apache.ratis.proto.grpc.RaftServerProtocolServiceGrpc$RaftServerProtocolServiceBlockingStub.requestVote(RaftServerProtocolServiceGrpc.java:265)
	at org.apache.ratis.grpc.server.GrpcServerProtocolClient.requestVote(GrpcServerProtocolClient.java:99)
	at org.apache.ratis.grpc.server.GrpcService.requestVote(GrpcService.java:204)
	at org.apache.ratis.server.impl.LeaderElection.lambda$submitRequests$1(LeaderElection.java:234)
	at java.util.concurrent.FutureTask.run(FutureTask.java:266)
	at java.util.concurrent.Executors$RunnableAdapter.call(Executors.java:511)
	at java.util.concurrent.FutureTask.run(FutureTask.java:266)
	at java.util.concurrent.ThreadPoolExecutor.runWorker(ThreadPoolExecutor.java:1149)
	at java.util.concurrent.ThreadPoolExecutor$Worker.run(ThreadPoolExecutor.java:624)
	... 1 more
Caused by: org.apache.ratis.thirdparty.io.netty.channel.AbstractChannel$AnnotatedConnectException: Connection refused: /192.168.164.241:46227
	at sun.nio.ch.SocketChannelImpl.checkConnect(Native Method)
	at sun.nio.ch.SocketChannelImpl.finishConnect(SocketChannelImpl.java:717)
	at org.apache.ratis.thirdparty.io.netty.channel.socket.nio.NioSocketChannel.doFinishConnect(NioSocketChannel.java:327)
	at org.apache.ratis.thirdparty.io.netty.channel.nio.AbstractNioChannel$AbstractNioUnsafe.finishConnect(AbstractNioChannel.java:340)
	at org.apache.ratis.thirdparty.io.netty.channel.nio.NioEventLoop.processSelectedKey(NioEventLoop.java:632)
	at org.apache.ratis.thirdparty.io.netty.channel.nio.NioEventLoop.processSelectedKeysOptimized(NioEventLoop.java:579)
	at org.apache.ratis.thirdparty.io.netty.channel.nio.NioEventLoop.processSelectedKeys(NioEventLoop.java:496)
	at org.apache.ratis.thirdparty.io.netty.channel.nio.NioEventLoop.run(NioEventLoop.java:458)
	at org.apache.ratis.thirdparty.io.netty.util.concurrent.SingleThreadEventExecutor$5.run(SingleThreadEventExecutor.java:897)
	at org.apache.ratis.thirdparty.io.netty.util.concurrent.FastThreadLocalRunnable.run(FastThreadLocalRunnable.java:30)
	... 1 more
Caused by: java.net.ConnectException: Connection refused
	... 11 more
2019-10-20 18:19:01,905 [grpc-default-executor-4] INFO  impl.RaftServerImpl (RaftServerImpl.java:setRole(184)) - 6ef27e9c-8ddb-4fa1-8c14-ab102acfb1b8@group-F11756C8BA4A: changes role from  FOLLOWER to FOLLOWER at term 252 for recognizeCandidate:b75f8b2e-6273-4c97-b7c5-042674931d23
2019-10-20 18:19:01,906 [grpc-default-executor-4] INFO  impl.RoleInfo (RoleInfo.java:shutdownFollowerState(121)) - 6ef27e9c-8ddb-4fa1-8c14-ab102acfb1b8: shutdown FollowerState
2019-10-20 18:19:01,906 [grpc-default-executor-4] INFO  impl.RoleInfo (RoleInfo.java:updateAndGet(143)) - 6ef27e9c-8ddb-4fa1-8c14-ab102acfb1b8: start FollowerState
2019-10-20 18:19:01,906 [Thread-3390] INFO  impl.FollowerState (FollowerState.java:run(117)) - 6ef27e9c-8ddb-4fa1-8c14-ab102acfb1b8@group-F11756C8BA4A-FollowerState was interrupted: java.lang.InterruptedException: sleep interrupted
2019-10-20 18:19:01,938 [b75f8b2e-6273-4c97-b7c5-042674931d23@group-F11756C8BA4A-LeaderElection438] INFO  impl.LeaderElection (LeaderElection.java:logAndReturn(56)) - b75f8b2e-6273-4c97-b7c5-042674931d23@group-F11756C8BA4A-LeaderElection438: Election REJECTED; received 1 response(s) [b75f8b2e-6273-4c97-b7c5-042674931d23<-6ef27e9c-8ddb-4fa1-8c14-ab102acfb1b8#0:FAIL-t252] and 1 exception(s); b75f8b2e-6273-4c97-b7c5-042674931d23@group-F11756C8BA4A:t252, leader=null, voted=b75f8b2e-6273-4c97-b7c5-042674931d23, raftlog=b75f8b2e-6273-4c97-b7c5-042674931d23@group-F11756C8BA4A-SegmentedRaftLog:OPENED:c-1,f-1,i0, conf=-1: [6ef27e9c-8ddb-4fa1-8c14-ab102acfb1b8:192.168.164.241:38092, b75f8b2e-6273-4c97-b7c5-042674931d23:192.168.164.241:41857, 3750b3a2-715b-46b3-9d0c-9e38136244b9:192.168.164.241:46227], old=null
2019-10-20 18:19:01,938 [b75f8b2e-6273-4c97-b7c5-042674931d23@group-F11756C8BA4A-LeaderElection438] INFO  impl.LeaderElection (LogUtils.java:infoOrTrace(149)) -   Exception 0: {}
java.util.concurrent.ExecutionException: org.apache.ratis.thirdparty.io.grpc.StatusRuntimeException: UNAVAILABLE: io exception
	at java.util.concurrent.FutureTask.report(FutureTask.java:122)
	at java.util.concurrent.FutureTask.get(FutureTask.java:192)
	at org.apache.ratis.server.impl.LeaderElection.waitForResults(LeaderElection.java:259)
	at org.apache.ratis.server.impl.LeaderElection.askForVotes(LeaderElection.java:197)
	at org.apache.ratis.server.impl.LeaderElection.run(LeaderElection.java:133)
	at java.lang.Thread.run(Thread.java:748)
Caused by: org.apache.ratis.thirdparty.io.grpc.StatusRuntimeException: UNAVAILABLE: io exception
	at org.apache.ratis.thirdparty.io.grpc.stub.ClientCalls.toStatusRuntimeException(ClientCalls.java:233)
	at org.apache.ratis.thirdparty.io.grpc.stub.ClientCalls.getUnchecked(ClientCalls.java:214)
	at org.apache.ratis.thirdparty.io.grpc.stub.ClientCalls.blockingUnaryCall(ClientCalls.java:139)
	at org.apache.ratis.proto.grpc.RaftServerProtocolServiceGrpc$RaftServerProtocolServiceBlockingStub.requestVote(RaftServerProtocolServiceGrpc.java:265)
	at org.apache.ratis.grpc.server.GrpcServerProtocolClient.requestVote(GrpcServerProtocolClient.java:99)
	at org.apache.ratis.grpc.server.GrpcService.requestVote(GrpcService.java:204)
	at org.apache.ratis.server.impl.LeaderElection.lambda$submitRequests$1(LeaderElection.java:234)
	at java.util.concurrent.FutureTask.run(FutureTask.java:266)
	at java.util.concurrent.Executors$RunnableAdapter.call(Executors.java:511)
	at java.util.concurrent.FutureTask.run(FutureTask.java:266)
	at java.util.concurrent.ThreadPoolExecutor.runWorker(ThreadPoolExecutor.java:1149)
	at java.util.concurrent.ThreadPoolExecutor$Worker.run(ThreadPoolExecutor.java:624)
	... 1 more
Caused by: org.apache.ratis.thirdparty.io.netty.channel.AbstractChannel$AnnotatedConnectException: Connection refused: /192.168.164.241:46227
	at sun.nio.ch.SocketChannelImpl.checkConnect(Native Method)
	at sun.nio.ch.SocketChannelImpl.finishConnect(SocketChannelImpl.java:717)
	at org.apache.ratis.thirdparty.io.netty.channel.socket.nio.NioSocketChannel.doFinishConnect(NioSocketChannel.java:327)
	at org.apache.ratis.thirdparty.io.netty.channel.nio.AbstractNioChannel$AbstractNioUnsafe.finishConnect(AbstractNioChannel.java:340)
	at org.apache.ratis.thirdparty.io.netty.channel.nio.NioEventLoop.processSelectedKey(NioEventLoop.java:632)
	at org.apache.ratis.thirdparty.io.netty.channel.nio.NioEventLoop.processSelectedKeysOptimized(NioEventLoop.java:579)
	at org.apache.ratis.thirdparty.io.netty.channel.nio.NioEventLoop.processSelectedKeys(NioEventLoop.java:496)
	at org.apache.ratis.thirdparty.io.netty.channel.nio.NioEventLoop.run(NioEventLoop.java:458)
	at org.apache.ratis.thirdparty.io.netty.util.concurrent.SingleThreadEventExecutor$5.run(SingleThreadEventExecutor.java:897)
	at org.apache.ratis.thirdparty.io.netty.util.concurrent.FastThreadLocalRunnable.run(FastThreadLocalRunnable.java:30)
	... 1 more
Caused by: java.net.ConnectException: Connection refused
	... 11 more
2019-10-20 18:19:01,938 [b75f8b2e-6273-4c97-b7c5-042674931d23@group-F11756C8BA4A-LeaderElection438] INFO  impl.RaftServerImpl (RaftServerImpl.java:setRole(184)) - b75f8b2e-6273-4c97-b7c5-042674931d23@group-F11756C8BA4A: changes role from CANDIDATE to FOLLOWER at term 252 for DISCOVERED_A_NEW_TERM
2019-10-20 18:19:01,939 [b75f8b2e-6273-4c97-b7c5-042674931d23@group-F11756C8BA4A-LeaderElection438] INFO  impl.RoleInfo (RoleInfo.java:shutdownLeaderElection(134)) - b75f8b2e-6273-4c97-b7c5-042674931d23: shutdown LeaderElection
2019-10-20 18:19:01,939 [b75f8b2e-6273-4c97-b7c5-042674931d23@group-F11756C8BA4A-LeaderElection438] INFO  impl.RoleInfo (RoleInfo.java:updateAndGet(143)) - b75f8b2e-6273-4c97-b7c5-042674931d23: start FollowerState
2019-10-20 18:19:01,942 [Thread-3386] INFO  impl.FollowerState (FollowerState.java:run(108)) - 399079f7-1eb1-4f37-b003-267572525934@group-D40A05E2FCF9-FollowerState: change to CANDIDATE, lastRpcTime:180ms, electionTimeout:180ms
2019-10-20 18:19:01,942 [Thread-3386] INFO  impl.RoleInfo (RoleInfo.java:shutdownFollowerState(121)) - 399079f7-1eb1-4f37-b003-267572525934: shutdown FollowerState
2019-10-20 18:19:01,942 [Thread-3386] INFO  impl.RaftServerImpl (RaftServerImpl.java:setRole(184)) - 399079f7-1eb1-4f37-b003-267572525934@group-D40A05E2FCF9: changes role from  FOLLOWER to CANDIDATE at term 249 for changeToCandidate
2019-10-20 18:19:01,942 [Thread-3386] INFO  impl.RoleInfo (RoleInfo.java:updateAndGet(143)) - 399079f7-1eb1-4f37-b003-267572525934: start LeaderElection
2019-10-20 18:19:01,970 [399079f7-1eb1-4f37-b003-267572525934@group-D40A05E2FCF9-LeaderElection439] INFO  impl.LeaderElection (LeaderElection.java:askForVotes(178)) - 399079f7-1eb1-4f37-b003-267572525934@group-D40A05E2FCF9-LeaderElection439: begin an election at term 250 for -1: [399079f7-1eb1-4f37-b003-267572525934:192.168.164.241:37762, 7a43c46a-fc88-4b2d-b2da-ae029cfa60ff:192.168.164.241:43684, 6c5c38af-62e6-4ea7-a24a-078dcb28fb39:192.168.164.241:45428], old=null
2019-10-20 18:19:01,971 [399079f7-1eb1-4f37-b003-267572525934@group-D40A05E2FCF9-LeaderElection439] INFO  impl.LeaderElection (LogUtils.java:infoOrTrace(149)) - 399079f7-1eb1-4f37-b003-267572525934@group-D40A05E2FCF9-LeaderElection439 got exception when requesting votes: {}
java.util.concurrent.ExecutionException: org.apache.ratis.thirdparty.io.grpc.StatusRuntimeException: UNAVAILABLE: io exception
	at java.util.concurrent.FutureTask.report(FutureTask.java:122)
	at java.util.concurrent.FutureTask.get(FutureTask.java:192)
	at org.apache.ratis.server.impl.LeaderElection.waitForResults(LeaderElection.java:259)
	at org.apache.ratis.server.impl.LeaderElection.askForVotes(LeaderElection.java:197)
	at org.apache.ratis.server.impl.LeaderElection.run(LeaderElection.java:133)
	at java.lang.Thread.run(Thread.java:748)
Caused by: org.apache.ratis.thirdparty.io.grpc.StatusRuntimeException: UNAVAILABLE: io exception
	at org.apache.ratis.thirdparty.io.grpc.stub.ClientCalls.toStatusRuntimeException(ClientCalls.java:233)
	at org.apache.ratis.thirdparty.io.grpc.stub.ClientCalls.getUnchecked(ClientCalls.java:214)
	at org.apache.ratis.thirdparty.io.grpc.stub.ClientCalls.blockingUnaryCall(ClientCalls.java:139)
	at org.apache.ratis.proto.grpc.RaftServerProtocolServiceGrpc$RaftServerProtocolServiceBlockingStub.requestVote(RaftServerProtocolServiceGrpc.java:265)
	at org.apache.ratis.grpc.server.GrpcServerProtocolClient.requestVote(GrpcServerProtocolClient.java:99)
	at org.apache.ratis.grpc.server.GrpcService.requestVote(GrpcService.java:204)
	at org.apache.ratis.server.impl.LeaderElection.lambda$submitRequests$1(LeaderElection.java:234)
	at java.util.concurrent.FutureTask.run(FutureTask.java:266)
	at java.util.concurrent.Executors$RunnableAdapter.call(Executors.java:511)
	at java.util.concurrent.FutureTask.run(FutureTask.java:266)
	at java.util.concurrent.ThreadPoolExecutor.runWorker(ThreadPoolExecutor.java:1149)
	at java.util.concurrent.ThreadPoolExecutor$Worker.run(ThreadPoolExecutor.java:624)
	... 1 more
Caused by: org.apache.ratis.thirdparty.io.netty.channel.AbstractChannel$AnnotatedConnectException: Connection refused: /192.168.164.241:45428
	at sun.nio.ch.SocketChannelImpl.checkConnect(Native Method)
	at sun.nio.ch.SocketChannelImpl.finishConnect(SocketChannelImpl.java:717)
	at org.apache.ratis.thirdparty.io.netty.channel.socket.nio.NioSocketChannel.doFinishConnect(NioSocketChannel.java:327)
	at org.apache.ratis.thirdparty.io.netty.channel.nio.AbstractNioChannel$AbstractNioUnsafe.finishConnect(AbstractNioChannel.java:340)
	at org.apache.ratis.thirdparty.io.netty.channel.nio.NioEventLoop.processSelectedKey(NioEventLoop.java:632)
	at org.apache.ratis.thirdparty.io.netty.channel.nio.NioEventLoop.processSelectedKeysOptimized(NioEventLoop.java:579)
	at org.apache.ratis.thirdparty.io.netty.channel.nio.NioEventLoop.processSelectedKeys(NioEventLoop.java:496)
	at org.apache.ratis.thirdparty.io.netty.channel.nio.NioEventLoop.run(NioEventLoop.java:458)
	at org.apache.ratis.thirdparty.io.netty.util.concurrent.SingleThreadEventExecutor$5.run(SingleThreadEventExecutor.java:897)
	at org.apache.ratis.thirdparty.io.netty.util.concurrent.FastThreadLocalRunnable.run(FastThreadLocalRunnable.java:30)
	... 1 more
Caused by: java.net.ConnectException: Connection refused
	... 11 more
2019-10-20 18:19:01,972 [grpc-default-executor-4] INFO  impl.RaftServerImpl (RaftServerImpl.java:setRole(184)) - 7a43c46a-fc88-4b2d-b2da-ae029cfa60ff@group-D40A05E2FCF9: changes role from  FOLLOWER to FOLLOWER at term 250 for recognizeCandidate:399079f7-1eb1-4f37-b003-267572525934
2019-10-20 18:19:01,972 [grpc-default-executor-4] INFO  impl.RoleInfo (RoleInfo.java:shutdownFollowerState(121)) - 7a43c46a-fc88-4b2d-b2da-ae029cfa60ff: shutdown FollowerState
2019-10-20 18:19:01,972 [grpc-default-executor-4] INFO  impl.RoleInfo (RoleInfo.java:updateAndGet(143)) - 7a43c46a-fc88-4b2d-b2da-ae029cfa60ff: start FollowerState
2019-10-20 18:19:01,973 [Thread-3384] INFO  impl.FollowerState (FollowerState.java:run(117)) - 7a43c46a-fc88-4b2d-b2da-ae029cfa60ff@group-D40A05E2FCF9-FollowerState was interrupted: java.lang.InterruptedException: sleep interrupted
2019-10-20 18:19:01,996 [399079f7-1eb1-4f37-b003-267572525934@group-D40A05E2FCF9-LeaderElection439] INFO  impl.LeaderElection (LeaderElection.java:logAndReturn(56)) - 399079f7-1eb1-4f37-b003-267572525934@group-D40A05E2FCF9-LeaderElection439: Election REJECTED; received 1 response(s) [399079f7-1eb1-4f37-b003-267572525934<-7a43c46a-fc88-4b2d-b2da-ae029cfa60ff#0:FAIL-t250] and 1 exception(s); 399079f7-1eb1-4f37-b003-267572525934@group-D40A05E2FCF9:t250, leader=null, voted=399079f7-1eb1-4f37-b003-267572525934, raftlog=399079f7-1eb1-4f37-b003-267572525934@group-D40A05E2FCF9-SegmentedRaftLog:OPENED:c-1,f-1,i0, conf=-1: [399079f7-1eb1-4f37-b003-267572525934:192.168.164.241:37762, 7a43c46a-fc88-4b2d-b2da-ae029cfa60ff:192.168.164.241:43684, 6c5c38af-62e6-4ea7-a24a-078dcb28fb39:192.168.164.241:45428], old=null
2019-10-20 18:19:01,997 [399079f7-1eb1-4f37-b003-267572525934@group-D40A05E2FCF9-LeaderElection439] INFO  impl.LeaderElection (LogUtils.java:infoOrTrace(149)) -   Exception 0: {}
java.util.concurrent.ExecutionException: org.apache.ratis.thirdparty.io.grpc.StatusRuntimeException: UNAVAILABLE: io exception
	at java.util.concurrent.FutureTask.report(FutureTask.java:122)
	at java.util.concurrent.FutureTask.get(FutureTask.java:192)
	at org.apache.ratis.server.impl.LeaderElection.waitForResults(LeaderElection.java:259)
	at org.apache.ratis.server.impl.LeaderElection.askForVotes(LeaderElection.java:197)
	at org.apache.ratis.server.impl.LeaderElection.run(LeaderElection.java:133)
	at java.lang.Thread.run(Thread.java:748)
Caused by: org.apache.ratis.thirdparty.io.grpc.StatusRuntimeException: UNAVAILABLE: io exception
	at org.apache.ratis.thirdparty.io.grpc.stub.ClientCalls.toStatusRuntimeException(ClientCalls.java:233)
	at org.apache.ratis.thirdparty.io.grpc.stub.ClientCalls.getUnchecked(ClientCalls.java:214)
	at org.apache.ratis.thirdparty.io.grpc.stub.ClientCalls.blockingUnaryCall(ClientCalls.java:139)
	at org.apache.ratis.proto.grpc.RaftServerProtocolServiceGrpc$RaftServerProtocolServiceBlockingStub.requestVote(RaftServerProtocolServiceGrpc.java:265)
	at org.apache.ratis.grpc.server.GrpcServerProtocolClient.requestVote(GrpcServerProtocolClient.java:99)
	at org.apache.ratis.grpc.server.GrpcService.requestVote(GrpcService.java:204)
	at org.apache.ratis.server.impl.LeaderElection.lambda$submitRequests$1(LeaderElection.java:234)
	at java.util.concurrent.FutureTask.run(FutureTask.java:266)
	at java.util.concurrent.Executors$RunnableAdapter.call(Executors.java:511)
	at java.util.concurrent.FutureTask.run(FutureTask.java:266)
	at java.util.concurrent.ThreadPoolExecutor.runWorker(ThreadPoolExecutor.java:1149)
	at java.util.concurrent.ThreadPoolExecutor$Worker.run(ThreadPoolExecutor.java:624)
	... 1 more
Caused by: org.apache.ratis.thirdparty.io.netty.channel.AbstractChannel$AnnotatedConnectException: Connection refused: /192.168.164.241:45428
	at sun.nio.ch.SocketChannelImpl.checkConnect(Native Method)
	at sun.nio.ch.SocketChannelImpl.finishConnect(SocketChannelImpl.java:717)
	at org.apache.ratis.thirdparty.io.netty.channel.socket.nio.NioSocketChannel.doFinishConnect(NioSocketChannel.java:327)
	at org.apache.ratis.thirdparty.io.netty.channel.nio.AbstractNioChannel$AbstractNioUnsafe.finishConnect(AbstractNioChannel.java:340)
	at org.apache.ratis.thirdparty.io.netty.channel.nio.NioEventLoop.processSelectedKey(NioEventLoop.java:632)
	at org.apache.ratis.thirdparty.io.netty.channel.nio.NioEventLoop.processSelectedKeysOptimized(NioEventLoop.java:579)
	at org.apache.ratis.thirdparty.io.netty.channel.nio.NioEventLoop.processSelectedKeys(NioEventLoop.java:496)
	at org.apache.ratis.thirdparty.io.netty.channel.nio.NioEventLoop.run(NioEventLoop.java:458)
	at org.apache.ratis.thirdparty.io.netty.util.concurrent.SingleThreadEventExecutor$5.run(SingleThreadEventExecutor.java:897)
	at org.apache.ratis.thirdparty.io.netty.util.concurrent.FastThreadLocalRunnable.run(FastThreadLocalRunnable.java:30)
	... 1 more
Caused by: java.net.ConnectException: Connection refused
	... 11 more
2019-10-20 18:19:01,997 [399079f7-1eb1-4f37-b003-267572525934@group-D40A05E2FCF9-LeaderElection439] INFO  impl.RaftServerImpl (RaftServerImpl.java:setRole(184)) - 399079f7-1eb1-4f37-b003-267572525934@group-D40A05E2FCF9: changes role from CANDIDATE to FOLLOWER at term 250 for DISCOVERED_A_NEW_TERM
2019-10-20 18:19:01,997 [399079f7-1eb1-4f37-b003-267572525934@group-D40A05E2FCF9-LeaderElection439] INFO  impl.RoleInfo (RoleInfo.java:shutdownLeaderElection(134)) - 399079f7-1eb1-4f37-b003-267572525934: shutdown LeaderElection
2019-10-20 18:19:01,997 [399079f7-1eb1-4f37-b003-267572525934@group-D40A05E2FCF9-LeaderElection439] INFO  impl.RoleInfo (RoleInfo.java:updateAndGet(143)) - 399079f7-1eb1-4f37-b003-267572525934: start FollowerState
2019-10-20 18:19:02,036 [Thread-3396] INFO  impl.FollowerState (FollowerState.java:run(108)) - b75f8b2e-6273-4c97-b7c5-042674931d23@group-F11756C8BA4A-FollowerState: change to CANDIDATE, lastRpcTime:97ms, electionTimeout:97ms
2019-10-20 18:19:02,036 [Thread-3396] INFO  impl.RoleInfo (RoleInfo.java:shutdownFollowerState(121)) - b75f8b2e-6273-4c97-b7c5-042674931d23: shutdown FollowerState
2019-10-20 18:19:02,036 [Thread-3396] INFO  impl.RaftServerImpl (RaftServerImpl.java:setRole(184)) - b75f8b2e-6273-4c97-b7c5-042674931d23@group-F11756C8BA4A: changes role from  FOLLOWER to CANDIDATE at term 252 for changeToCandidate
2019-10-20 18:19:02,037 [Thread-3396] INFO  impl.RoleInfo (RoleInfo.java:updateAndGet(143)) - b75f8b2e-6273-4c97-b7c5-042674931d23: start LeaderElection
2019-10-20 18:19:02,039 [Thread-3401] INFO  impl.FollowerState (FollowerState.java:run(108)) - 399079f7-1eb1-4f37-b003-267572525934@group-D40A05E2FCF9-FollowerState: change to CANDIDATE, lastRpcTime:42ms, electionTimeout:42ms
2019-10-20 18:19:02,040 [Thread-3401] INFO  impl.RoleInfo (RoleInfo.java:shutdownFollowerState(121)) - 399079f7-1eb1-4f37-b003-267572525934: shutdown FollowerState
2019-10-20 18:19:02,040 [Thread-3401] INFO  impl.RaftServerImpl (RaftServerImpl.java:setRole(184)) - 399079f7-1eb1-4f37-b003-267572525934@group-D40A05E2FCF9: changes role from  FOLLOWER to CANDIDATE at term 250 for changeToCandidate
2019-10-20 18:19:02,040 [Thread-3401] INFO  impl.RoleInfo (RoleInfo.java:updateAndGet(143)) - 399079f7-1eb1-4f37-b003-267572525934: start LeaderElection
2019-10-20 18:19:02,063 [399079f7-1eb1-4f37-b003-267572525934@group-D40A05E2FCF9-LeaderElection441] INFO  impl.LeaderElection (LeaderElection.java:askForVotes(178)) - 399079f7-1eb1-4f37-b003-267572525934@group-D40A05E2FCF9-LeaderElection441: begin an election at term 251 for -1: [399079f7-1eb1-4f37-b003-267572525934:192.168.164.241:37762, 7a43c46a-fc88-4b2d-b2da-ae029cfa60ff:192.168.164.241:43684, 6c5c38af-62e6-4ea7-a24a-078dcb28fb39:192.168.164.241:45428], old=null
2019-10-20 18:19:02,063 [b75f8b2e-6273-4c97-b7c5-042674931d23@group-F11756C8BA4A-LeaderElection440] INFO  impl.LeaderElection (LeaderElection.java:askForVotes(178)) - b75f8b2e-6273-4c97-b7c5-042674931d23@group-F11756C8BA4A-LeaderElection440: begin an election at term 253 for -1: [6ef27e9c-8ddb-4fa1-8c14-ab102acfb1b8:192.168.164.241:38092, b75f8b2e-6273-4c97-b7c5-042674931d23:192.168.164.241:41857, 3750b3a2-715b-46b3-9d0c-9e38136244b9:192.168.164.241:46227], old=null
2019-10-20 18:19:02,064 [399079f7-1eb1-4f37-b003-267572525934@group-D40A05E2FCF9-LeaderElection441] INFO  impl.LeaderElection (LogUtils.java:infoOrTrace(149)) - 399079f7-1eb1-4f37-b003-267572525934@group-D40A05E2FCF9-LeaderElection441 got exception when requesting votes: {}
java.util.concurrent.ExecutionException: org.apache.ratis.thirdparty.io.grpc.StatusRuntimeException: UNAVAILABLE: io exception
	at java.util.concurrent.FutureTask.report(FutureTask.java:122)
	at java.util.concurrent.FutureTask.get(FutureTask.java:192)
	at org.apache.ratis.server.impl.LeaderElection.waitForResults(LeaderElection.java:259)
	at org.apache.ratis.server.impl.LeaderElection.askForVotes(LeaderElection.java:197)
	at org.apache.ratis.server.impl.LeaderElection.run(LeaderElection.java:133)
	at java.lang.Thread.run(Thread.java:748)
Caused by: org.apache.ratis.thirdparty.io.grpc.StatusRuntimeException: UNAVAILABLE: io exception
	at org.apache.ratis.thirdparty.io.grpc.stub.ClientCalls.toStatusRuntimeException(ClientCalls.java:233)
	at org.apache.ratis.thirdparty.io.grpc.stub.ClientCalls.getUnchecked(ClientCalls.java:214)
	at org.apache.ratis.thirdparty.io.grpc.stub.ClientCalls.blockingUnaryCall(ClientCalls.java:139)
	at org.apache.ratis.proto.grpc.RaftServerProtocolServiceGrpc$RaftServerProtocolServiceBlockingStub.requestVote(RaftServerProtocolServiceGrpc.java:265)
	at org.apache.ratis.grpc.server.GrpcServerProtocolClient.requestVote(GrpcServerProtocolClient.java:99)
	at org.apache.ratis.grpc.server.GrpcService.requestVote(GrpcService.java:204)
	at org.apache.ratis.server.impl.LeaderElection.lambda$submitRequests$1(LeaderElection.java:234)
	at java.util.concurrent.FutureTask.run(FutureTask.java:266)
	at java.util.concurrent.Executors$RunnableAdapter.call(Executors.java:511)
	at java.util.concurrent.FutureTask.run(FutureTask.java:266)
	at java.util.concurrent.ThreadPoolExecutor.runWorker(ThreadPoolExecutor.java:1149)
	at java.util.concurrent.ThreadPoolExecutor$Worker.run(ThreadPoolExecutor.java:624)
	... 1 more
Caused by: org.apache.ratis.thirdparty.io.netty.channel.AbstractChannel$AnnotatedConnectException: Connection refused: /192.168.164.241:45428
	at sun.nio.ch.SocketChannelImpl.checkConnect(Native Method)
	at sun.nio.ch.SocketChannelImpl.finishConnect(SocketChannelImpl.java:717)
	at org.apache.ratis.thirdparty.io.netty.channel.socket.nio.NioSocketChannel.doFinishConnect(NioSocketChannel.java:327)
	at org.apache.ratis.thirdparty.io.netty.channel.nio.AbstractNioChannel$AbstractNioUnsafe.finishConnect(AbstractNioChannel.java:340)
	at org.apache.ratis.thirdparty.io.netty.channel.nio.NioEventLoop.processSelectedKey(NioEventLoop.java:632)
	at org.apache.ratis.thirdparty.io.netty.channel.nio.NioEventLoop.processSelectedKeysOptimized(NioEventLoop.java:579)
	at org.apache.ratis.thirdparty.io.netty.channel.nio.NioEventLoop.processSelectedKeys(NioEventLoop.java:496)
	at org.apache.ratis.thirdparty.io.netty.channel.nio.NioEventLoop.run(NioEventLoop.java:458)
	at org.apache.ratis.thirdparty.io.netty.util.concurrent.SingleThreadEventExecutor$5.run(SingleThreadEventExecutor.java:897)
	at org.apache.ratis.thirdparty.io.netty.util.concurrent.FastThreadLocalRunnable.run(FastThreadLocalRunnable.java:30)
	... 1 more
Caused by: java.net.ConnectException: Connection refused
	... 11 more
2019-10-20 18:19:02,064 [grpc-default-executor-4] INFO  impl.RaftServerImpl (RaftServerImpl.java:setRole(184)) - 7a43c46a-fc88-4b2d-b2da-ae029cfa60ff@group-D40A05E2FCF9: changes role from  FOLLOWER to FOLLOWER at term 251 for recognizeCandidate:399079f7-1eb1-4f37-b003-267572525934
2019-10-20 18:19:02,065 [grpc-default-executor-10] INFO  impl.RaftServerImpl (RaftServerImpl.java:setRole(184)) - 6ef27e9c-8ddb-4fa1-8c14-ab102acfb1b8@group-F11756C8BA4A: changes role from  FOLLOWER to FOLLOWER at term 253 for recognizeCandidate:b75f8b2e-6273-4c97-b7c5-042674931d23
2019-10-20 18:19:02,065 [grpc-default-executor-10] INFO  impl.RoleInfo (RoleInfo.java:shutdownFollowerState(121)) - 6ef27e9c-8ddb-4fa1-8c14-ab102acfb1b8: shutdown FollowerState
2019-10-20 18:19:02,064 [b75f8b2e-6273-4c97-b7c5-042674931d23@group-F11756C8BA4A-LeaderElection440] INFO  impl.LeaderElection (LogUtils.java:infoOrTrace(149)) - b75f8b2e-6273-4c97-b7c5-042674931d23@group-F11756C8BA4A-LeaderElection440 got exception when requesting votes: {}
java.util.concurrent.ExecutionException: org.apache.ratis.thirdparty.io.grpc.StatusRuntimeException: UNAVAILABLE: io exception
	at java.util.concurrent.FutureTask.report(FutureTask.java:122)
	at java.util.concurrent.FutureTask.get(FutureTask.java:192)
	at org.apache.ratis.server.impl.LeaderElection.waitForResults(LeaderElection.java:259)
	at org.apache.ratis.server.impl.LeaderElection.askForVotes(LeaderElection.java:197)
	at org.apache.ratis.server.impl.LeaderElection.run(LeaderElection.java:133)
	at java.lang.Thread.run(Thread.java:748)
Caused by: org.apache.ratis.thirdparty.io.grpc.StatusRuntimeException: UNAVAILABLE: io exception
	at org.apache.ratis.thirdparty.io.grpc.stub.ClientCalls.toStatusRuntimeException(ClientCalls.java:233)
	at org.apache.ratis.thirdparty.io.grpc.stub.ClientCalls.getUnchecked(ClientCalls.java:214)
	at org.apache.ratis.thirdparty.io.grpc.stub.ClientCalls.blockingUnaryCall(ClientCalls.java:139)
	at org.apache.ratis.proto.grpc.RaftServerProtocolServiceGrpc$RaftServerProtocolServiceBlockingStub.requestVote(RaftServerProtocolServiceGrpc.java:265)
	at org.apache.ratis.grpc.server.GrpcServerProtocolClient.requestVote(GrpcServerProtocolClient.java:99)
	at org.apache.ratis.grpc.server.GrpcService.requestVote(GrpcService.java:204)
	at org.apache.ratis.server.impl.LeaderElection.lambda$submitRequests$1(LeaderElection.java:234)
	at java.util.concurrent.FutureTask.run(FutureTask.java:266)
	at java.util.concurrent.Executors$RunnableAdapter.call(Executors.java:511)
	at java.util.concurrent.FutureTask.run(FutureTask.java:266)
	at java.util.concurrent.ThreadPoolExecutor.runWorker(ThreadPoolExecutor.java:1149)
	at java.util.concurrent.ThreadPoolExecutor$Worker.run(ThreadPoolExecutor.java:624)
	... 1 more
Caused by: org.apache.ratis.thirdparty.io.netty.channel.AbstractChannel$AnnotatedConnectException: Connection refused: /192.168.164.241:46227
	at sun.nio.ch.SocketChannelImpl.checkConnect(Native Method)
	at sun.nio.ch.SocketChannelImpl.finishConnect(SocketChannelImpl.java:717)
	at org.apache.ratis.thirdparty.io.netty.channel.socket.nio.NioSocketChannel.doFinishConnect(NioSocketChannel.java:327)
	at org.apache.ratis.thirdparty.io.netty.channel.nio.AbstractNioChannel$AbstractNioUnsafe.finishConnect(AbstractNioChannel.java:340)
	at org.apache.ratis.thirdparty.io.netty.channel.nio.NioEventLoop.processSelectedKey(NioEventLoop.java:632)
	at org.apache.ratis.thirdparty.io.netty.channel.nio.NioEventLoop.processSelectedKeysOptimized(NioEventLoop.java:579)
	at org.apache.ratis.thirdparty.io.netty.channel.nio.NioEventLoop.processSelectedKeys(NioEventLoop.java:496)
	at org.apache.ratis.thirdparty.io.netty.channel.nio.NioEventLoop.run(NioEventLoop.java:458)
	at org.apache.ratis.thirdparty.io.netty.util.concurrent.SingleThreadEventExecutor$5.run(SingleThreadEventExecutor.java:897)
	at org.apache.ratis.thirdparty.io.netty.util.concurrent.FastThreadLocalRunnable.run(FastThreadLocalRunnable.java:30)
	... 1 more
Caused by: java.net.ConnectException: Connection refused
	... 11 more
2019-10-20 18:19:02,065 [Thread-3395] INFO  impl.FollowerState (FollowerState.java:run(117)) - 6ef27e9c-8ddb-4fa1-8c14-ab102acfb1b8@group-F11756C8BA4A-FollowerState was interrupted: java.lang.InterruptedException: sleep interrupted
2019-10-20 18:19:02,065 [grpc-default-executor-10] INFO  impl.RoleInfo (RoleInfo.java:updateAndGet(143)) - 6ef27e9c-8ddb-4fa1-8c14-ab102acfb1b8: start FollowerState
2019-10-20 18:19:02,065 [grpc-default-executor-4] INFO  impl.RoleInfo (RoleInfo.java:shutdownFollowerState(121)) - 7a43c46a-fc88-4b2d-b2da-ae029cfa60ff: shutdown FollowerState
2019-10-20 18:19:02,066 [grpc-default-executor-4] INFO  impl.RoleInfo (RoleInfo.java:updateAndGet(143)) - 7a43c46a-fc88-4b2d-b2da-ae029cfa60ff: start FollowerState
2019-10-20 18:19:02,066 [Thread-3400] INFO  impl.FollowerState (FollowerState.java:run(117)) - 7a43c46a-fc88-4b2d-b2da-ae029cfa60ff@group-D40A05E2FCF9-FollowerState was interrupted: java.lang.InterruptedException: sleep interrupted
2019-10-20 18:19:02,089 [399079f7-1eb1-4f37-b003-267572525934@group-D40A05E2FCF9-LeaderElection441] INFO  impl.LeaderElection (LeaderElection.java:logAndReturn(56)) - 399079f7-1eb1-4f37-b003-267572525934@group-D40A05E2FCF9-LeaderElection441: Election REJECTED; received 1 response(s) [399079f7-1eb1-4f37-b003-267572525934<-7a43c46a-fc88-4b2d-b2da-ae029cfa60ff#0:FAIL-t251] and 1 exception(s); 399079f7-1eb1-4f37-b003-267572525934@group-D40A05E2FCF9:t251, leader=null, voted=399079f7-1eb1-4f37-b003-267572525934, raftlog=399079f7-1eb1-4f37-b003-267572525934@group-D40A05E2FCF9-SegmentedRaftLog:OPENED:c-1,f-1,i0, conf=-1: [399079f7-1eb1-4f37-b003-267572525934:192.168.164.241:37762, 7a43c46a-fc88-4b2d-b2da-ae029cfa60ff:192.168.164.241:43684, 6c5c38af-62e6-4ea7-a24a-078dcb28fb39:192.168.164.241:45428], old=null
2019-10-20 18:19:02,089 [b75f8b2e-6273-4c97-b7c5-042674931d23@group-F11756C8BA4A-LeaderElection440] INFO  impl.LeaderElection (LeaderElection.java:logAndReturn(56)) - b75f8b2e-6273-4c97-b7c5-042674931d23@group-F11756C8BA4A-LeaderElection440: Election REJECTED; received 1 response(s) [b75f8b2e-6273-4c97-b7c5-042674931d23<-6ef27e9c-8ddb-4fa1-8c14-ab102acfb1b8#0:FAIL-t253] and 1 exception(s); b75f8b2e-6273-4c97-b7c5-042674931d23@group-F11756C8BA4A:t253, leader=null, voted=b75f8b2e-6273-4c97-b7c5-042674931d23, raftlog=b75f8b2e-6273-4c97-b7c5-042674931d23@group-F11756C8BA4A-SegmentedRaftLog:OPENED:c-1,f-1,i0, conf=-1: [6ef27e9c-8ddb-4fa1-8c14-ab102acfb1b8:192.168.164.241:38092, b75f8b2e-6273-4c97-b7c5-042674931d23:192.168.164.241:41857, 3750b3a2-715b-46b3-9d0c-9e38136244b9:192.168.164.241:46227], old=null
2019-10-20 18:19:02,089 [399079f7-1eb1-4f37-b003-267572525934@group-D40A05E2FCF9-LeaderElection441] INFO  impl.LeaderElection (LogUtils.java:infoOrTrace(149)) -   Exception 0: {}
java.util.concurrent.ExecutionException: org.apache.ratis.thirdparty.io.grpc.StatusRuntimeException: UNAVAILABLE: io exception
	at java.util.concurrent.FutureTask.report(FutureTask.java:122)
	at java.util.concurrent.FutureTask.get(FutureTask.java:192)
	at org.apache.ratis.server.impl.LeaderElection.waitForResults(LeaderElection.java:259)
	at org.apache.ratis.server.impl.LeaderElection.askForVotes(LeaderElection.java:197)
	at org.apache.ratis.server.impl.LeaderElection.run(LeaderElection.java:133)
	at java.lang.Thread.run(Thread.java:748)
Caused by: org.apache.ratis.thirdparty.io.grpc.StatusRuntimeException: UNAVAILABLE: io exception
	at org.apache.ratis.thirdparty.io.grpc.stub.ClientCalls.toStatusRuntimeException(ClientCalls.java:233)
	at org.apache.ratis.thirdparty.io.grpc.stub.ClientCalls.getUnchecked(ClientCalls.java:214)
	at org.apache.ratis.thirdparty.io.grpc.stub.ClientCalls.blockingUnaryCall(ClientCalls.java:139)
	at org.apache.ratis.proto.grpc.RaftServerProtocolServiceGrpc$RaftServerProtocolServiceBlockingStub.requestVote(RaftServerProtocolServiceGrpc.java:265)
	at org.apache.ratis.grpc.server.GrpcServerProtocolClient.requestVote(GrpcServerProtocolClient.java:99)
	at org.apache.ratis.grpc.server.GrpcService.requestVote(GrpcService.java:204)
	at org.apache.ratis.server.impl.LeaderElection.lambda$submitRequests$1(LeaderElection.java:234)
	at java.util.concurrent.FutureTask.run(FutureTask.java:266)
	at java.util.concurrent.Executors$RunnableAdapter.call(Executors.java:511)
	at java.util.concurrent.FutureTask.run(FutureTask.java:266)
	at java.util.concurrent.ThreadPoolExecutor.runWorker(ThreadPoolExecutor.java:1149)
	at java.util.concurrent.ThreadPoolExecutor$Worker.run(ThreadPoolExecutor.java:624)
	... 1 more
Caused by: org.apache.ratis.thirdparty.io.netty.channel.AbstractChannel$AnnotatedConnectException: Connection refused: /192.168.164.241:45428
	at sun.nio.ch.SocketChannelImpl.checkConnect(Native Method)
	at sun.nio.ch.SocketChannelImpl.finishConnect(SocketChannelImpl.java:717)
	at org.apache.ratis.thirdparty.io.netty.channel.socket.nio.NioSocketChannel.doFinishConnect(NioSocketChannel.java:327)
	at org.apache.ratis.thirdparty.io.netty.channel.nio.AbstractNioChannel$AbstractNioUnsafe.finishConnect(AbstractNioChannel.java:340)
	at org.apache.ratis.thirdparty.io.netty.channel.nio.NioEventLoop.processSelectedKey(NioEventLoop.java:632)
	at org.apache.ratis.thirdparty.io.netty.channel.nio.NioEventLoop.processSelectedKeysOptimized(NioEventLoop.java:579)
	at org.apache.ratis.thirdparty.io.netty.channel.nio.NioEventLoop.processSelectedKeys(NioEventLoop.java:496)
	at org.apache.ratis.thirdparty.io.netty.channel.nio.NioEventLoop.run(NioEventLoop.java:458)
	at org.apache.ratis.thirdparty.io.netty.util.concurrent.SingleThreadEventExecutor$5.run(SingleThreadEventExecutor.java:897)
	at org.apache.ratis.thirdparty.io.netty.util.concurrent.FastThreadLocalRunnable.run(FastThreadLocalRunnable.java:30)
	... 1 more
Caused by: java.net.ConnectException: Connection refused
	... 11 more
2019-10-20 18:19:02,089 [b75f8b2e-6273-4c97-b7c5-042674931d23@group-F11756C8BA4A-LeaderElection440] INFO  impl.LeaderElection (LogUtils.java:infoOrTrace(149)) -   Exception 0: {}
java.util.concurrent.ExecutionException: org.apache.ratis.thirdparty.io.grpc.StatusRuntimeException: UNAVAILABLE: io exception
	at java.util.concurrent.FutureTask.report(FutureTask.java:122)
	at java.util.concurrent.FutureTask.get(FutureTask.java:192)
	at org.apache.ratis.server.impl.LeaderElection.waitForResults(LeaderElection.java:259)
	at org.apache.ratis.server.impl.LeaderElection.askForVotes(LeaderElection.java:197)
	at org.apache.ratis.server.impl.LeaderElection.run(LeaderElection.java:133)
	at java.lang.Thread.run(Thread.java:748)
Caused by: org.apache.ratis.thirdparty.io.grpc.StatusRuntimeException: UNAVAILABLE: io exception
	at org.apache.ratis.thirdparty.io.grpc.stub.ClientCalls.toStatusRuntimeException(ClientCalls.java:233)
	at org.apache.ratis.thirdparty.io.grpc.stub.ClientCalls.getUnchecked(ClientCalls.java:214)
	at org.apache.ratis.thirdparty.io.grpc.stub.ClientCalls.blockingUnaryCall(ClientCalls.java:139)
	at org.apache.ratis.proto.grpc.RaftServerProtocolServiceGrpc$RaftServerProtocolServiceBlockingStub.requestVote(RaftServerProtocolServiceGrpc.java:265)
	at org.apache.ratis.grpc.server.GrpcServerProtocolClient.requestVote(GrpcServerProtocolClient.java:99)
	at org.apache.ratis.grpc.server.GrpcService.requestVote(GrpcService.java:204)
	at org.apache.ratis.server.impl.LeaderElection.lambda$submitRequests$1(LeaderElection.java:234)
	at java.util.concurrent.FutureTask.run(FutureTask.java:266)
	at java.util.concurrent.Executors$RunnableAdapter.call(Executors.java:511)
	at java.util.concurrent.FutureTask.run(FutureTask.java:266)
	at java.util.concurrent.ThreadPoolExecutor.runWorker(ThreadPoolExecutor.java:1149)
	at java.util.concurrent.ThreadPoolExecutor$Worker.run(ThreadPoolExecutor.java:624)
	... 1 more
Caused by: org.apache.ratis.thirdparty.io.netty.channel.AbstractChannel$AnnotatedConnectException: Connection refused: /192.168.164.241:46227
	at sun.nio.ch.SocketChannelImpl.checkConnect(Native Method)
	at sun.nio.ch.SocketChannelImpl.finishConnect(SocketChannelImpl.java:717)
	at org.apache.ratis.thirdparty.io.netty.channel.socket.nio.NioSocketChannel.doFinishConnect(NioSocketChannel.java:327)
	at org.apache.ratis.thirdparty.io.netty.channel.nio.AbstractNioChannel$AbstractNioUnsafe.finishConnect(AbstractNioChannel.java:340)
	at org.apache.ratis.thirdparty.io.netty.channel.nio.NioEventLoop.processSelectedKey(NioEventLoop.java:632)
	at org.apache.ratis.thirdparty.io.netty.channel.nio.NioEventLoop.processSelectedKeysOptimized(NioEventLoop.java:579)
	at org.apache.ratis.thirdparty.io.netty.channel.nio.NioEventLoop.processSelectedKeys(NioEventLoop.java:496)
	at org.apache.ratis.thirdparty.io.netty.channel.nio.NioEventLoop.run(NioEventLoop.java:458)
	at org.apache.ratis.thirdparty.io.netty.util.concurrent.SingleThreadEventExecutor$5.run(SingleThreadEventExecutor.java:897)
	at org.apache.ratis.thirdparty.io.netty.util.concurrent.FastThreadLocalRunnable.run(FastThreadLocalRunnable.java:30)
	... 1 more
Caused by: java.net.ConnectException: Connection refused
	... 11 more
2019-10-20 18:19:02,090 [399079f7-1eb1-4f37-b003-267572525934@group-D40A05E2FCF9-LeaderElection441] INFO  impl.RaftServerImpl (RaftServerImpl.java:setRole(184)) - 399079f7-1eb1-4f37-b003-267572525934@group-D40A05E2FCF9: changes role from CANDIDATE to FOLLOWER at term 251 for DISCOVERED_A_NEW_TERM
2019-10-20 18:19:02,091 [399079f7-1eb1-4f37-b003-267572525934@group-D40A05E2FCF9-LeaderElection441] INFO  impl.RoleInfo (RoleInfo.java:shutdownLeaderElection(134)) - 399079f7-1eb1-4f37-b003-267572525934: shutdown LeaderElection
2019-10-20 18:19:02,090 [b75f8b2e-6273-4c97-b7c5-042674931d23@group-F11756C8BA4A-LeaderElection440] INFO  impl.RaftServerImpl (RaftServerImpl.java:setRole(184)) - b75f8b2e-6273-4c97-b7c5-042674931d23@group-F11756C8BA4A: changes role from CANDIDATE to FOLLOWER at term 253 for DISCOVERED_A_NEW_TERM
2019-10-20 18:19:02,091 [b75f8b2e-6273-4c97-b7c5-042674931d23@group-F11756C8BA4A-LeaderElection440] INFO  impl.RoleInfo (RoleInfo.java:shutdownLeaderElection(134)) - b75f8b2e-6273-4c97-b7c5-042674931d23: shutdown LeaderElection
2019-10-20 18:19:02,091 [399079f7-1eb1-4f37-b003-267572525934@group-D40A05E2FCF9-LeaderElection441] INFO  impl.RoleInfo (RoleInfo.java:updateAndGet(143)) - 399079f7-1eb1-4f37-b003-267572525934: start FollowerState
2019-10-20 18:19:02,091 [b75f8b2e-6273-4c97-b7c5-042674931d23@group-F11756C8BA4A-LeaderElection440] INFO  impl.RoleInfo (RoleInfo.java:updateAndGet(143)) - b75f8b2e-6273-4c97-b7c5-042674931d23: start FollowerState
2019-10-20 18:19:02,211 [Thread-3411] INFO  impl.FollowerState (FollowerState.java:run(108)) - b75f8b2e-6273-4c97-b7c5-042674931d23@group-F11756C8BA4A-FollowerState: change to CANDIDATE, lastRpcTime:119ms, electionTimeout:119ms
2019-10-20 18:19:02,211 [Thread-3411] INFO  impl.RoleInfo (RoleInfo.java:shutdownFollowerState(121)) - b75f8b2e-6273-4c97-b7c5-042674931d23: shutdown FollowerState
2019-10-20 18:19:02,211 [Thread-3411] INFO  impl.RaftServerImpl (RaftServerImpl.java:setRole(184)) - b75f8b2e-6273-4c97-b7c5-042674931d23@group-F11756C8BA4A: changes role from  FOLLOWER to CANDIDATE at term 253 for changeToCandidate
2019-10-20 18:19:02,211 [Thread-3411] INFO  impl.RoleInfo (RoleInfo.java:updateAndGet(143)) - b75f8b2e-6273-4c97-b7c5-042674931d23: start LeaderElection
2019-10-20 18:19:02,239 [b75f8b2e-6273-4c97-b7c5-042674931d23@group-F11756C8BA4A-LeaderElection442] INFO  impl.LeaderElection (LeaderElection.java:askForVotes(178)) - b75f8b2e-6273-4c97-b7c5-042674931d23@group-F11756C8BA4A-LeaderElection442: begin an election at term 254 for -1: [6ef27e9c-8ddb-4fa1-8c14-ab102acfb1b8:192.168.164.241:38092, b75f8b2e-6273-4c97-b7c5-042674931d23:192.168.164.241:41857, 3750b3a2-715b-46b3-9d0c-9e38136244b9:192.168.164.241:46227], old=null
2019-10-20 18:19:02,239 [b75f8b2e-6273-4c97-b7c5-042674931d23@group-F11756C8BA4A-LeaderElection442] INFO  impl.LeaderElection (LogUtils.java:infoOrTrace(149)) - b75f8b2e-6273-4c97-b7c5-042674931d23@group-F11756C8BA4A-LeaderElection442 got exception when requesting votes: {}
java.util.concurrent.ExecutionException: org.apache.ratis.thirdparty.io.grpc.StatusRuntimeException: UNAVAILABLE: io exception
	at java.util.concurrent.FutureTask.report(FutureTask.java:122)
	at java.util.concurrent.FutureTask.get(FutureTask.java:192)
	at org.apache.ratis.server.impl.LeaderElection.waitForResults(LeaderElection.java:259)
	at org.apache.ratis.server.impl.LeaderElection.askForVotes(LeaderElection.java:197)
	at org.apache.ratis.server.impl.LeaderElection.run(LeaderElection.java:133)
	at java.lang.Thread.run(Thread.java:748)
Caused by: org.apache.ratis.thirdparty.io.grpc.StatusRuntimeException: UNAVAILABLE: io exception
	at org.apache.ratis.thirdparty.io.grpc.stub.ClientCalls.toStatusRuntimeException(ClientCalls.java:233)
	at org.apache.ratis.thirdparty.io.grpc.stub.ClientCalls.getUnchecked(ClientCalls.java:214)
	at org.apache.ratis.thirdparty.io.grpc.stub.ClientCalls.blockingUnaryCall(ClientCalls.java:139)
	at org.apache.ratis.proto.grpc.RaftServerProtocolServiceGrpc$RaftServerProtocolServiceBlockingStub.requestVote(RaftServerProtocolServiceGrpc.java:265)
	at org.apache.ratis.grpc.server.GrpcServerProtocolClient.requestVote(GrpcServerProtocolClient.java:99)
	at org.apache.ratis.grpc.server.GrpcService.requestVote(GrpcService.java:204)
	at org.apache.ratis.server.impl.LeaderElection.lambda$submitRequests$1(LeaderElection.java:234)
	at java.util.concurrent.FutureTask.run(FutureTask.java:266)
	at java.util.concurrent.Executors$RunnableAdapter.call(Executors.java:511)
	at java.util.concurrent.FutureTask.run(FutureTask.java:266)
	at java.util.concurrent.ThreadPoolExecutor.runWorker(ThreadPoolExecutor.java:1149)
	at java.util.concurrent.ThreadPoolExecutor$Worker.run(ThreadPoolExecutor.java:624)
	... 1 more
Caused by: org.apache.ratis.thirdparty.io.netty.channel.AbstractChannel$AnnotatedConnectException: Connection refused: /192.168.164.241:46227
	at sun.nio.ch.SocketChannelImpl.checkConnect(Native Method)
	at sun.nio.ch.SocketChannelImpl.finishConnect(SocketChannelImpl.java:717)
	at org.apache.ratis.thirdparty.io.netty.channel.socket.nio.NioSocketChannel.doFinishConnect(NioSocketChannel.java:327)
	at org.apache.ratis.thirdparty.io.netty.channel.nio.AbstractNioChannel$AbstractNioUnsafe.finishConnect(AbstractNioChannel.java:340)
	at org.apache.ratis.thirdparty.io.netty.channel.nio.NioEventLoop.processSelectedKey(NioEventLoop.java:632)
	at org.apache.ratis.thirdparty.io.netty.channel.nio.NioEventLoop.processSelectedKeysOptimized(NioEventLoop.java:579)
	at org.apache.ratis.thirdparty.io.netty.channel.nio.NioEventLoop.processSelectedKeys(NioEventLoop.java:496)
	at org.apache.ratis.thirdparty.io.netty.channel.nio.NioEventLoop.run(NioEventLoop.java:458)
	at org.apache.ratis.thirdparty.io.netty.util.concurrent.SingleThreadEventExecutor$5.run(SingleThreadEventExecutor.java:897)
	at org.apache.ratis.thirdparty.io.netty.util.concurrent.FastThreadLocalRunnable.run(FastThreadLocalRunnable.java:30)
	... 1 more
Caused by: java.net.ConnectException: Connection refused
	... 11 more
2019-10-20 18:19:02,240 [grpc-default-executor-10] INFO  impl.RaftServerImpl (RaftServerImpl.java:setRole(184)) - 6ef27e9c-8ddb-4fa1-8c14-ab102acfb1b8@group-F11756C8BA4A: changes role from  FOLLOWER to FOLLOWER at term 254 for recognizeCandidate:b75f8b2e-6273-4c97-b7c5-042674931d23
2019-10-20 18:19:02,240 [grpc-default-executor-10] INFO  impl.RoleInfo (RoleInfo.java:shutdownFollowerState(121)) - 6ef27e9c-8ddb-4fa1-8c14-ab102acfb1b8: shutdown FollowerState
2019-10-20 18:19:02,240 [grpc-default-executor-10] INFO  impl.RoleInfo (RoleInfo.java:updateAndGet(143)) - 6ef27e9c-8ddb-4fa1-8c14-ab102acfb1b8: start FollowerState
2019-10-20 18:19:02,240 [Thread-3408] INFO  impl.FollowerState (FollowerState.java:run(117)) - 6ef27e9c-8ddb-4fa1-8c14-ab102acfb1b8@group-F11756C8BA4A-FollowerState was interrupted: java.lang.InterruptedException: sleep interrupted
2019-10-20 18:19:02,259 [b75f8b2e-6273-4c97-b7c5-042674931d23@group-F11756C8BA4A-LeaderElection442] INFO  impl.LeaderElection (LeaderElection.java:logAndReturn(56)) - b75f8b2e-6273-4c97-b7c5-042674931d23@group-F11756C8BA4A-LeaderElection442: Election TIMEOUT; received 0 response(s) [] and 1 exception(s); b75f8b2e-6273-4c97-b7c5-042674931d23@group-F11756C8BA4A:t254, leader=null, voted=b75f8b2e-6273-4c97-b7c5-042674931d23, raftlog=b75f8b2e-6273-4c97-b7c5-042674931d23@group-F11756C8BA4A-SegmentedRaftLog:OPENED:c-1,f-1,i0, conf=-1: [6ef27e9c-8ddb-4fa1-8c14-ab102acfb1b8:192.168.164.241:38092, b75f8b2e-6273-4c97-b7c5-042674931d23:192.168.164.241:41857, 3750b3a2-715b-46b3-9d0c-9e38136244b9:192.168.164.241:46227], old=null
2019-10-20 18:19:02,259 [b75f8b2e-6273-4c97-b7c5-042674931d23@group-F11756C8BA4A-LeaderElection442] INFO  impl.LeaderElection (LogUtils.java:infoOrTrace(149)) -   Exception 0: {}
java.util.concurrent.ExecutionException: org.apache.ratis.thirdparty.io.grpc.StatusRuntimeException: UNAVAILABLE: io exception
	at java.util.concurrent.FutureTask.report(FutureTask.java:122)
	at java.util.concurrent.FutureTask.get(FutureTask.java:192)
	at org.apache.ratis.server.impl.LeaderElection.waitForResults(LeaderElection.java:259)
	at org.apache.ratis.server.impl.LeaderElection.askForVotes(LeaderElection.java:197)
	at org.apache.ratis.server.impl.LeaderElection.run(LeaderElection.java:133)
	at java.lang.Thread.run(Thread.java:748)
Caused by: org.apache.ratis.thirdparty.io.grpc.StatusRuntimeException: UNAVAILABLE: io exception
	at org.apache.ratis.thirdparty.io.grpc.stub.ClientCalls.toStatusRuntimeException(ClientCalls.java:233)
	at org.apache.ratis.thirdparty.io.grpc.stub.ClientCalls.getUnchecked(ClientCalls.java:214)
	at org.apache.ratis.thirdparty.io.grpc.stub.ClientCalls.blockingUnaryCall(ClientCalls.java:139)
	at org.apache.ratis.proto.grpc.RaftServerProtocolServiceGrpc$RaftServerProtocolServiceBlockingStub.requestVote(RaftServerProtocolServiceGrpc.java:265)
	at org.apache.ratis.grpc.server.GrpcServerProtocolClient.requestVote(GrpcServerProtocolClient.java:99)
	at org.apache.ratis.grpc.server.GrpcService.requestVote(GrpcService.java:204)
	at org.apache.ratis.server.impl.LeaderElection.lambda$submitRequests$1(LeaderElection.java:234)
	at java.util.concurrent.FutureTask.run(FutureTask.java:266)
	at java.util.concurrent.Executors$RunnableAdapter.call(Executors.java:511)
	at java.util.concurrent.FutureTask.run(FutureTask.java:266)
	at java.util.concurrent.ThreadPoolExecutor.runWorker(ThreadPoolExecutor.java:1149)
	at java.util.concurrent.ThreadPoolExecutor$Worker.run(ThreadPoolExecutor.java:624)
	... 1 more
Caused by: org.apache.ratis.thirdparty.io.netty.channel.AbstractChannel$AnnotatedConnectException: Connection refused: /192.168.164.241:46227
	at sun.nio.ch.SocketChannelImpl.checkConnect(Native Method)
	at sun.nio.ch.SocketChannelImpl.finishConnect(SocketChannelImpl.java:717)
	at org.apache.ratis.thirdparty.io.netty.channel.socket.nio.NioSocketChannel.doFinishConnect(NioSocketChannel.java:327)
	at org.apache.ratis.thirdparty.io.netty.channel.nio.AbstractNioChannel$AbstractNioUnsafe.finishConnect(AbstractNioChannel.java:340)
	at org.apache.ratis.thirdparty.io.netty.channel.nio.NioEventLoop.processSelectedKey(NioEventLoop.java:632)
	at org.apache.ratis.thirdparty.io.netty.channel.nio.NioEventLoop.processSelectedKeysOptimized(NioEventLoop.java:579)
	at org.apache.ratis.thirdparty.io.netty.channel.nio.NioEventLoop.processSelectedKeys(NioEventLoop.java:496)
	at org.apache.ratis.thirdparty.io.netty.channel.nio.NioEventLoop.run(NioEventLoop.java:458)
	at org.apache.ratis.thirdparty.io.netty.util.concurrent.SingleThreadEventExecutor$5.run(SingleThreadEventExecutor.java:897)
	at org.apache.ratis.thirdparty.io.netty.util.concurrent.FastThreadLocalRunnable.run(FastThreadLocalRunnable.java:30)
	... 1 more
Caused by: java.net.ConnectException: Connection refused
	... 11 more
2019-10-20 18:19:02,260 [Thread-3410] INFO  impl.FollowerState (FollowerState.java:run(108)) - 399079f7-1eb1-4f37-b003-267572525934@group-D40A05E2FCF9-FollowerState: change to CANDIDATE, lastRpcTime:169ms, electionTimeout:169ms
2019-10-20 18:19:02,261 [Thread-3410] INFO  impl.RoleInfo (RoleInfo.java:shutdownFollowerState(121)) - 399079f7-1eb1-4f37-b003-267572525934: shutdown FollowerState
2019-10-20 18:19:02,261 [Thread-3410] INFO  impl.RaftServerImpl (RaftServerImpl.java:setRole(184)) - 399079f7-1eb1-4f37-b003-267572525934@group-D40A05E2FCF9: changes role from  FOLLOWER to CANDIDATE at term 251 for changeToCandidate
2019-10-20 18:19:02,261 [Thread-3410] INFO  impl.RoleInfo (RoleInfo.java:updateAndGet(143)) - 399079f7-1eb1-4f37-b003-267572525934: start LeaderElection
2019-10-20 18:19:02,282 [b75f8b2e-6273-4c97-b7c5-042674931d23@group-F11756C8BA4A-LeaderElection442] INFO  impl.LeaderElection (LeaderElection.java:askForVotes(178)) - b75f8b2e-6273-4c97-b7c5-042674931d23@group-F11756C8BA4A-LeaderElection442: begin an election at term 255 for -1: [6ef27e9c-8ddb-4fa1-8c14-ab102acfb1b8:192.168.164.241:38092, b75f8b2e-6273-4c97-b7c5-042674931d23:192.168.164.241:41857, 3750b3a2-715b-46b3-9d0c-9e38136244b9:192.168.164.241:46227], old=null
2019-10-20 18:19:02,282 [399079f7-1eb1-4f37-b003-267572525934@group-D40A05E2FCF9-LeaderElection443] INFO  impl.LeaderElection (LeaderElection.java:askForVotes(178)) - 399079f7-1eb1-4f37-b003-267572525934@group-D40A05E2FCF9-LeaderElection443: begin an election at term 252 for -1: [399079f7-1eb1-4f37-b003-267572525934:192.168.164.241:37762, 7a43c46a-fc88-4b2d-b2da-ae029cfa60ff:192.168.164.241:43684, 6c5c38af-62e6-4ea7-a24a-078dcb28fb39:192.168.164.241:45428], old=null
2019-10-20 18:19:02,283 [b75f8b2e-6273-4c97-b7c5-042674931d23@group-F11756C8BA4A-LeaderElection442] INFO  impl.LeaderElection (LogUtils.java:infoOrTrace(149)) - b75f8b2e-6273-4c97-b7c5-042674931d23@group-F11756C8BA4A-LeaderElection442 got exception when requesting votes: {}
java.util.concurrent.ExecutionException: org.apache.ratis.thirdparty.io.grpc.StatusRuntimeException: UNAVAILABLE: io exception
	at java.util.concurrent.FutureTask.report(FutureTask.java:122)
	at java.util.concurrent.FutureTask.get(FutureTask.java:192)
	at org.apache.ratis.server.impl.LeaderElection.waitForResults(LeaderElection.java:259)
	at org.apache.ratis.server.impl.LeaderElection.askForVotes(LeaderElection.java:197)
	at org.apache.ratis.server.impl.LeaderElection.run(LeaderElection.java:133)
	at java.lang.Thread.run(Thread.java:748)
Caused by: org.apache.ratis.thirdparty.io.grpc.StatusRuntimeException: UNAVAILABLE: io exception
	at org.apache.ratis.thirdparty.io.grpc.stub.ClientCalls.toStatusRuntimeException(ClientCalls.java:233)
	at org.apache.ratis.thirdparty.io.grpc.stub.ClientCalls.getUnchecked(ClientCalls.java:214)
	at org.apache.ratis.thirdparty.io.grpc.stub.ClientCalls.blockingUnaryCall(ClientCalls.java:139)
	at org.apache.ratis.proto.grpc.RaftServerProtocolServiceGrpc$RaftServerProtocolServiceBlockingStub.requestVote(RaftServerProtocolServiceGrpc.java:265)
	at org.apache.ratis.grpc.server.GrpcServerProtocolClient.requestVote(GrpcServerProtocolClient.java:99)
	at org.apache.ratis.grpc.server.GrpcService.requestVote(GrpcService.java:204)
	at org.apache.ratis.server.impl.LeaderElection.lambda$submitRequests$1(LeaderElection.java:234)
	at java.util.concurrent.FutureTask.run(FutureTask.java:266)
	at java.util.concurrent.Executors$RunnableAdapter.call(Executors.java:511)
	at java.util.concurrent.FutureTask.run(FutureTask.java:266)
	at java.util.concurrent.ThreadPoolExecutor.runWorker(ThreadPoolExecutor.java:1149)
	at java.util.concurrent.ThreadPoolExecutor$Worker.run(ThreadPoolExecutor.java:624)
	... 1 more
Caused by: org.apache.ratis.thirdparty.io.netty.channel.AbstractChannel$AnnotatedConnectException: Connection refused: /192.168.164.241:46227
	at sun.nio.ch.SocketChannelImpl.checkConnect(Native Method)
	at sun.nio.ch.SocketChannelImpl.finishConnect(SocketChannelImpl.java:717)
	at org.apache.ratis.thirdparty.io.netty.channel.socket.nio.NioSocketChannel.doFinishConnect(NioSocketChannel.java:327)
	at org.apache.ratis.thirdparty.io.netty.channel.nio.AbstractNioChannel$AbstractNioUnsafe.finishConnect(AbstractNioChannel.java:340)
	at org.apache.ratis.thirdparty.io.netty.channel.nio.NioEventLoop.processSelectedKey(NioEventLoop.java:632)
	at org.apache.ratis.thirdparty.io.netty.channel.nio.NioEventLoop.processSelectedKeysOptimized(NioEventLoop.java:579)
	at org.apache.ratis.thirdparty.io.netty.channel.nio.NioEventLoop.processSelectedKeys(NioEventLoop.java:496)
	at org.apache.ratis.thirdparty.io.netty.channel.nio.NioEventLoop.run(NioEventLoop.java:458)
	at org.apache.ratis.thirdparty.io.netty.util.concurrent.SingleThreadEventExecutor$5.run(SingleThreadEventExecutor.java:897)
	at org.apache.ratis.thirdparty.io.netty.util.concurrent.FastThreadLocalRunnable.run(FastThreadLocalRunnable.java:30)
	... 1 more
Caused by: java.net.ConnectException: Connection refused
	... 11 more
2019-10-20 18:19:02,283 [399079f7-1eb1-4f37-b003-267572525934@group-D40A05E2FCF9-LeaderElection443] INFO  impl.LeaderElection (LogUtils.java:infoOrTrace(149)) - 399079f7-1eb1-4f37-b003-267572525934@group-D40A05E2FCF9-LeaderElection443 got exception when requesting votes: {}
java.util.concurrent.ExecutionException: org.apache.ratis.thirdparty.io.grpc.StatusRuntimeException: UNAVAILABLE: io exception
	at java.util.concurrent.FutureTask.report(FutureTask.java:122)
	at java.util.concurrent.FutureTask.get(FutureTask.java:192)
	at org.apache.ratis.server.impl.LeaderElection.waitForResults(LeaderElection.java:259)
	at org.apache.ratis.server.impl.LeaderElection.askForVotes(LeaderElection.java:197)
	at org.apache.ratis.server.impl.LeaderElection.run(LeaderElection.java:133)
	at java.lang.Thread.run(Thread.java:748)
Caused by: org.apache.ratis.thirdparty.io.grpc.StatusRuntimeException: UNAVAILABLE: io exception
	at org.apache.ratis.thirdparty.io.grpc.stub.ClientCalls.toStatusRuntimeException(ClientCalls.java:233)
	at org.apache.ratis.thirdparty.io.grpc.stub.ClientCalls.getUnchecked(ClientCalls.java:214)
	at org.apache.ratis.thirdparty.io.grpc.stub.ClientCalls.blockingUnaryCall(ClientCalls.java:139)
	at org.apache.ratis.proto.grpc.RaftServerProtocolServiceGrpc$RaftServerProtocolServiceBlockingStub.requestVote(RaftServerProtocolServiceGrpc.java:265)
	at org.apache.ratis.grpc.server.GrpcServerProtocolClient.requestVote(GrpcServerProtocolClient.java:99)
	at org.apache.ratis.grpc.server.GrpcService.requestVote(GrpcService.java:204)
	at org.apache.ratis.server.impl.LeaderElection.lambda$submitRequests$1(LeaderElection.java:234)
	at java.util.concurrent.FutureTask.run(FutureTask.java:266)
	at java.util.concurrent.Executors$RunnableAdapter.call(Executors.java:511)
	at java.util.concurrent.FutureTask.run(FutureTask.java:266)
	at java.util.concurrent.ThreadPoolExecutor.runWorker(ThreadPoolExecutor.java:1149)
	at java.util.concurrent.ThreadPoolExecutor$Worker.run(ThreadPoolExecutor.java:624)
	... 1 more
Caused by: org.apache.ratis.thirdparty.io.netty.channel.AbstractChannel$AnnotatedConnectException: Connection refused: /192.168.164.241:45428
	at sun.nio.ch.SocketChannelImpl.checkConnect(Native Method)
	at sun.nio.ch.SocketChannelImpl.finishConnect(SocketChannelImpl.java:717)
	at org.apache.ratis.thirdparty.io.netty.channel.socket.nio.NioSocketChannel.doFinishConnect(NioSocketChannel.java:327)
	at org.apache.ratis.thirdparty.io.netty.channel.nio.AbstractNioChannel$AbstractNioUnsafe.finishConnect(AbstractNioChannel.java:340)
	at org.apache.ratis.thirdparty.io.netty.channel.nio.NioEventLoop.processSelectedKey(NioEventLoop.java:632)
	at org.apache.ratis.thirdparty.io.netty.channel.nio.NioEventLoop.processSelectedKeysOptimized(NioEventLoop.java:579)
	at org.apache.ratis.thirdparty.io.netty.channel.nio.NioEventLoop.processSelectedKeys(NioEventLoop.java:496)
	at org.apache.ratis.thirdparty.io.netty.channel.nio.NioEventLoop.run(NioEventLoop.java:458)
	at org.apache.ratis.thirdparty.io.netty.util.concurrent.SingleThreadEventExecutor$5.run(SingleThreadEventExecutor.java:897)
	at org.apache.ratis.thirdparty.io.netty.util.concurrent.FastThreadLocalRunnable.run(FastThreadLocalRunnable.java:30)
	... 1 more
Caused by: java.net.ConnectException: Connection refused
	... 11 more
2019-10-20 18:19:02,284 [grpc-default-executor-10] INFO  impl.RaftServerImpl (RaftServerImpl.java:setRole(184)) - 7a43c46a-fc88-4b2d-b2da-ae029cfa60ff@group-D40A05E2FCF9: changes role from  FOLLOWER to FOLLOWER at term 252 for recognizeCandidate:399079f7-1eb1-4f37-b003-267572525934
2019-10-20 18:19:02,284 [grpc-default-executor-4] INFO  impl.RaftServerImpl (RaftServerImpl.java:setRole(184)) - 6ef27e9c-8ddb-4fa1-8c14-ab102acfb1b8@group-F11756C8BA4A: changes role from  FOLLOWER to FOLLOWER at term 255 for recognizeCandidate:b75f8b2e-6273-4c97-b7c5-042674931d23
2019-10-20 18:19:02,284 [grpc-default-executor-10] INFO  impl.RoleInfo (RoleInfo.java:shutdownFollowerState(121)) - 7a43c46a-fc88-4b2d-b2da-ae029cfa60ff: shutdown FollowerState
2019-10-20 18:19:02,284 [grpc-default-executor-4] INFO  impl.RoleInfo (RoleInfo.java:shutdownFollowerState(121)) - 6ef27e9c-8ddb-4fa1-8c14-ab102acfb1b8: shutdown FollowerState
2019-10-20 18:19:02,284 [grpc-default-executor-10] INFO  impl.RoleInfo (RoleInfo.java:updateAndGet(143)) - 7a43c46a-fc88-4b2d-b2da-ae029cfa60ff: start FollowerState
2019-10-20 18:19:02,284 [Thread-3409] INFO  impl.FollowerState (FollowerState.java:run(117)) - 7a43c46a-fc88-4b2d-b2da-ae029cfa60ff@group-D40A05E2FCF9-FollowerState was interrupted: java.lang.InterruptedException: sleep interrupted
2019-10-20 18:19:02,284 [Thread-3416] INFO  impl.FollowerState (FollowerState.java:run(117)) - 6ef27e9c-8ddb-4fa1-8c14-ab102acfb1b8@group-F11756C8BA4A-FollowerState was interrupted: java.lang.InterruptedException: sleep interrupted
2019-10-20 18:19:02,284 [grpc-default-executor-4] INFO  impl.RoleInfo (RoleInfo.java:updateAndGet(143)) - 6ef27e9c-8ddb-4fa1-8c14-ab102acfb1b8: start FollowerState
2019-10-20 18:19:02,287 [399079f7-1eb1-4f37-b003-267572525934@group-D40A05E2FCF9-LeaderElection443] INFO  impl.LeaderElection (LeaderElection.java:logAndReturn(56)) - 399079f7-1eb1-4f37-b003-267572525934@group-D40A05E2FCF9-LeaderElection443: Election TIMEOUT; received 0 response(s) [] and 1 exception(s); 399079f7-1eb1-4f37-b003-267572525934@group-D40A05E2FCF9:t252, leader=null, voted=399079f7-1eb1-4f37-b003-267572525934, raftlog=399079f7-1eb1-4f37-b003-267572525934@group-D40A05E2FCF9-SegmentedRaftLog:OPENED:c-1,f-1,i0, conf=-1: [399079f7-1eb1-4f37-b003-267572525934:192.168.164.241:37762, 7a43c46a-fc88-4b2d-b2da-ae029cfa60ff:192.168.164.241:43684, 6c5c38af-62e6-4ea7-a24a-078dcb28fb39:192.168.164.241:45428], old=null
2019-10-20 18:19:02,287 [399079f7-1eb1-4f37-b003-267572525934@group-D40A05E2FCF9-LeaderElection443] INFO  impl.LeaderElection (LogUtils.java:infoOrTrace(149)) -   Exception 0: {}
java.util.concurrent.ExecutionException: org.apache.ratis.thirdparty.io.grpc.StatusRuntimeException: UNAVAILABLE: io exception
	at java.util.concurrent.FutureTask.report(FutureTask.java:122)
	at java.util.concurrent.FutureTask.get(FutureTask.java:192)
	at org.apache.ratis.server.impl.LeaderElection.waitForResults(LeaderElection.java:259)
	at org.apache.ratis.server.impl.LeaderElection.askForVotes(LeaderElection.java:197)
	at org.apache.ratis.server.impl.LeaderElection.run(LeaderElection.java:133)
	at java.lang.Thread.run(Thread.java:748)
Caused by: org.apache.ratis.thirdparty.io.grpc.StatusRuntimeException: UNAVAILABLE: io exception
	at org.apache.ratis.thirdparty.io.grpc.stub.ClientCalls.toStatusRuntimeException(ClientCalls.java:233)
	at org.apache.ratis.thirdparty.io.grpc.stub.ClientCalls.getUnchecked(ClientCalls.java:214)
	at org.apache.ratis.thirdparty.io.grpc.stub.ClientCalls.blockingUnaryCall(ClientCalls.java:139)
	at org.apache.ratis.proto.grpc.RaftServerProtocolServiceGrpc$RaftServerProtocolServiceBlockingStub.requestVote(RaftServerProtocolServiceGrpc.java:265)
	at org.apache.ratis.grpc.server.GrpcServerProtocolClient.requestVote(GrpcServerProtocolClient.java:99)
	at org.apache.ratis.grpc.server.GrpcService.requestVote(GrpcService.java:204)
	at org.apache.ratis.server.impl.LeaderElection.lambda$submitRequests$1(LeaderElection.java:234)
	at java.util.concurrent.FutureTask.run(FutureTask.java:266)
	at java.util.concurrent.Executors$RunnableAdapter.call(Executors.java:511)
	at java.util.concurrent.FutureTask.run(FutureTask.java:266)
	at java.util.concurrent.ThreadPoolExecutor.runWorker(ThreadPoolExecutor.java:1149)
	at java.util.concurrent.ThreadPoolExecutor$Worker.run(ThreadPoolExecutor.java:624)
	... 1 more
Caused by: org.apache.ratis.thirdparty.io.netty.channel.AbstractChannel$AnnotatedConnectException: Connection refused: /192.168.164.241:45428
	at sun.nio.ch.SocketChannelImpl.checkConnect(Native Method)
	at sun.nio.ch.SocketChannelImpl.finishConnect(SocketChannelImpl.java:717)
	at org.apache.ratis.thirdparty.io.netty.channel.socket.nio.NioSocketChannel.doFinishConnect(NioSocketChannel.java:327)
	at org.apache.ratis.thirdparty.io.netty.channel.nio.AbstractNioChannel$AbstractNioUnsafe.finishConnect(AbstractNioChannel.java:340)
	at org.apache.ratis.thirdparty.io.netty.channel.nio.NioEventLoop.processSelectedKey(NioEventLoop.java:632)
	at org.apache.ratis.thirdparty.io.netty.channel.nio.NioEventLoop.processSelectedKeysOptimized(NioEventLoop.java:579)
	at org.apache.ratis.thirdparty.io.netty.channel.nio.NioEventLoop.processSelectedKeys(NioEventLoop.java:496)
	at org.apache.ratis.thirdparty.io.netty.channel.nio.NioEventLoop.run(NioEventLoop.java:458)
	at org.apache.ratis.thirdparty.io.netty.util.concurrent.SingleThreadEventExecutor$5.run(SingleThreadEventExecutor.java:897)
	at org.apache.ratis.thirdparty.io.netty.util.concurrent.FastThreadLocalRunnable.run(FastThreadLocalRunnable.java:30)
	... 1 more
Caused by: java.net.ConnectException: Connection refused
	... 11 more
2019-10-20 18:19:02,308 [399079f7-1eb1-4f37-b003-267572525934@group-D40A05E2FCF9-LeaderElection443] INFO  impl.LeaderElection (LeaderElection.java:askForVotes(178)) - 399079f7-1eb1-4f37-b003-267572525934@group-D40A05E2FCF9-LeaderElection443: begin an election at term 253 for -1: [399079f7-1eb1-4f37-b003-267572525934:192.168.164.241:37762, 7a43c46a-fc88-4b2d-b2da-ae029cfa60ff:192.168.164.241:43684, 6c5c38af-62e6-4ea7-a24a-078dcb28fb39:192.168.164.241:45428], old=null
2019-10-20 18:19:02,308 [b75f8b2e-6273-4c97-b7c5-042674931d23@group-F11756C8BA4A-LeaderElection442] INFO  impl.LeaderElection (LeaderElection.java:logAndReturn(56)) - b75f8b2e-6273-4c97-b7c5-042674931d23@group-F11756C8BA4A-LeaderElection442: Election REJECTED; received 1 response(s) [b75f8b2e-6273-4c97-b7c5-042674931d23<-6ef27e9c-8ddb-4fa1-8c14-ab102acfb1b8#0:FAIL-t255] and 1 exception(s); b75f8b2e-6273-4c97-b7c5-042674931d23@group-F11756C8BA4A:t255, leader=null, voted=b75f8b2e-6273-4c97-b7c5-042674931d23, raftlog=b75f8b2e-6273-4c97-b7c5-042674931d23@group-F11756C8BA4A-SegmentedRaftLog:OPENED:c-1,f-1,i0, conf=-1: [6ef27e9c-8ddb-4fa1-8c14-ab102acfb1b8:192.168.164.241:38092, b75f8b2e-6273-4c97-b7c5-042674931d23:192.168.164.241:41857, 3750b3a2-715b-46b3-9d0c-9e38136244b9:192.168.164.241:46227], old=null
2019-10-20 18:19:02,308 [b75f8b2e-6273-4c97-b7c5-042674931d23@group-F11756C8BA4A-LeaderElection442] INFO  impl.LeaderElection (LogUtils.java:infoOrTrace(149)) -   Exception 0: {}
java.util.concurrent.ExecutionException: org.apache.ratis.thirdparty.io.grpc.StatusRuntimeException: UNAVAILABLE: io exception
	at java.util.concurrent.FutureTask.report(FutureTask.java:122)
	at java.util.concurrent.FutureTask.get(FutureTask.java:192)
	at org.apache.ratis.server.impl.LeaderElection.waitForResults(LeaderElection.java:259)
	at org.apache.ratis.server.impl.LeaderElection.askForVotes(LeaderElection.java:197)
	at org.apache.ratis.server.impl.LeaderElection.run(LeaderElection.java:133)
	at java.lang.Thread.run(Thread.java:748)
Caused by: org.apache.ratis.thirdparty.io.grpc.StatusRuntimeException: UNAVAILABLE: io exception
	at org.apache.ratis.thirdparty.io.grpc.stub.ClientCalls.toStatusRuntimeException(ClientCalls.java:233)
	at org.apache.ratis.thirdparty.io.grpc.stub.ClientCalls.getUnchecked(ClientCalls.java:214)
	at org.apache.ratis.thirdparty.io.grpc.stub.ClientCalls.blockingUnaryCall(ClientCalls.java:139)
	at org.apache.ratis.proto.grpc.RaftServerProtocolServiceGrpc$RaftServerProtocolServiceBlockingStub.requestVote(RaftServerProtocolServiceGrpc.java:265)
	at org.apache.ratis.grpc.server.GrpcServerProtocolClient.requestVote(GrpcServerProtocolClient.java:99)
	at org.apache.ratis.grpc.server.GrpcService.requestVote(GrpcService.java:204)
	at org.apache.ratis.server.impl.LeaderElection.lambda$submitRequests$1(LeaderElection.java:234)
	at java.util.concurrent.FutureTask.run(FutureTask.java:266)
	at java.util.concurrent.Executors$RunnableAdapter.call(Executors.java:511)
	at java.util.concurrent.FutureTask.run(FutureTask.java:266)
	at java.util.concurrent.ThreadPoolExecutor.runWorker(ThreadPoolExecutor.java:1149)
	at java.util.concurrent.ThreadPoolExecutor$Worker.run(ThreadPoolExecutor.java:624)
	... 1 more
Caused by: org.apache.ratis.thirdparty.io.netty.channel.AbstractChannel$AnnotatedConnectException: Connection refused: /192.168.164.241:46227
	at sun.nio.ch.SocketChannelImpl.checkConnect(Native Method)
	at sun.nio.ch.SocketChannelImpl.finishConnect(SocketChannelImpl.java:717)
	at org.apache.ratis.thirdparty.io.netty.channel.socket.nio.NioSocketChannel.doFinishConnect(NioSocketChannel.java:327)
	at org.apache.ratis.thirdparty.io.netty.channel.nio.AbstractNioChannel$AbstractNioUnsafe.finishConnect(AbstractNioChannel.java:340)
	at org.apache.ratis.thirdparty.io.netty.channel.nio.NioEventLoop.processSelectedKey(NioEventLoop.java:632)
	at org.apache.ratis.thirdparty.io.netty.channel.nio.NioEventLoop.processSelectedKeysOptimized(NioEventLoop.java:579)
	at org.apache.ratis.thirdparty.io.netty.channel.nio.NioEventLoop.processSelectedKeys(NioEventLoop.java:496)
	at org.apache.ratis.thirdparty.io.netty.channel.nio.NioEventLoop.run(NioEventLoop.java:458)
	at org.apache.ratis.thirdparty.io.netty.util.concurrent.SingleThreadEventExecutor$5.run(SingleThreadEventExecutor.java:897)
	at org.apache.ratis.thirdparty.io.netty.util.concurrent.FastThreadLocalRunnable.run(FastThreadLocalRunnable.java:30)
	... 1 more
Caused by: java.net.ConnectException: Connection refused
	... 11 more
2019-10-20 18:19:02,309 [b75f8b2e-6273-4c97-b7c5-042674931d23@group-F11756C8BA4A-LeaderElection442] INFO  impl.RaftServerImpl (RaftServerImpl.java:setRole(184)) - b75f8b2e-6273-4c97-b7c5-042674931d23@group-F11756C8BA4A: changes role from CANDIDATE to FOLLOWER at term 255 for DISCOVERED_A_NEW_TERM
2019-10-20 18:19:02,309 [399079f7-1eb1-4f37-b003-267572525934@group-D40A05E2FCF9-LeaderElection443] INFO  impl.LeaderElection (LogUtils.java:infoOrTrace(149)) - 399079f7-1eb1-4f37-b003-267572525934@group-D40A05E2FCF9-LeaderElection443 got exception when requesting votes: {}
java.util.concurrent.ExecutionException: org.apache.ratis.thirdparty.io.grpc.StatusRuntimeException: UNAVAILABLE: io exception
	at java.util.concurrent.FutureTask.report(FutureTask.java:122)
	at java.util.concurrent.FutureTask.get(FutureTask.java:192)
	at org.apache.ratis.server.impl.LeaderElection.waitForResults(LeaderElection.java:259)
	at org.apache.ratis.server.impl.LeaderElection.askForVotes(LeaderElection.java:197)
	at org.apache.ratis.server.impl.LeaderElection.run(LeaderElection.java:133)
	at java.lang.Thread.run(Thread.java:748)
Caused by: org.apache.ratis.thirdparty.io.grpc.StatusRuntimeException: UNAVAILABLE: io exception
	at org.apache.ratis.thirdparty.io.grpc.stub.ClientCalls.toStatusRuntimeException(ClientCalls.java:233)
	at org.apache.ratis.thirdparty.io.grpc.stub.ClientCalls.getUnchecked(ClientCalls.java:214)
	at org.apache.ratis.thirdparty.io.grpc.stub.ClientCalls.blockingUnaryCall(ClientCalls.java:139)
	at org.apache.ratis.proto.grpc.RaftServerProtocolServiceGrpc$RaftServerProtocolServiceBlockingStub.requestVote(RaftServerProtocolServiceGrpc.java:265)
	at org.apache.ratis.grpc.server.GrpcServerProtocolClient.requestVote(GrpcServerProtocolClient.java:99)
	at org.apache.ratis.grpc.server.GrpcService.requestVote(GrpcService.java:204)
	at org.apache.ratis.server.impl.LeaderElection.lambda$submitRequests$1(LeaderElection.java:234)
	at java.util.concurrent.FutureTask.run(FutureTask.java:266)
	at java.util.concurrent.Executors$RunnableAdapter.call(Executors.java:511)
	at java.util.concurrent.FutureTask.run(FutureTask.java:266)
	at java.util.concurrent.ThreadPoolExecutor.runWorker(ThreadPoolExecutor.java:1149)
	at java.util.concurrent.ThreadPoolExecutor$Worker.run(ThreadPoolExecutor.java:624)
	... 1 more
Caused by: org.apache.ratis.thirdparty.io.netty.channel.AbstractChannel$AnnotatedConnectException: Connection refused: /192.168.164.241:45428
	at sun.nio.ch.SocketChannelImpl.checkConnect(Native Method)
	at sun.nio.ch.SocketChannelImpl.finishConnect(SocketChannelImpl.java:717)
	at org.apache.ratis.thirdparty.io.netty.channel.socket.nio.NioSocketChannel.doFinishConnect(NioSocketChannel.java:327)
	at org.apache.ratis.thirdparty.io.netty.channel.nio.AbstractNioChannel$AbstractNioUnsafe.finishConnect(AbstractNioChannel.java:340)
	at org.apache.ratis.thirdparty.io.netty.channel.nio.NioEventLoop.processSelectedKey(NioEventLoop.java:632)
	at org.apache.ratis.thirdparty.io.netty.channel.nio.NioEventLoop.processSelectedKeysOptimized(NioEventLoop.java:579)
	at org.apache.ratis.thirdparty.io.netty.channel.nio.NioEventLoop.processSelectedKeys(NioEventLoop.java:496)
	at org.apache.ratis.thirdparty.io.netty.channel.nio.NioEventLoop.run(NioEventLoop.java:458)
	at org.apache.ratis.thirdparty.io.netty.util.concurrent.SingleThreadEventExecutor$5.run(SingleThreadEventExecutor.java:897)
	at org.apache.ratis.thirdparty.io.netty.util.concurrent.FastThreadLocalRunnable.run(FastThreadLocalRunnable.java:30)
	... 1 more
Caused by: java.net.ConnectException: Connection refused
	... 11 more
2019-10-20 18:19:02,309 [grpc-default-executor-4] INFO  impl.RaftServerImpl (RaftServerImpl.java:setRole(184)) - 7a43c46a-fc88-4b2d-b2da-ae029cfa60ff@group-D40A05E2FCF9: changes role from  FOLLOWER to FOLLOWER at term 253 for recognizeCandidate:399079f7-1eb1-4f37-b003-267572525934
2019-10-20 18:19:02,309 [grpc-default-executor-4] INFO  impl.RoleInfo (RoleInfo.java:shutdownFollowerState(121)) - 7a43c46a-fc88-4b2d-b2da-ae029cfa60ff: shutdown FollowerState
2019-10-20 18:19:02,309 [b75f8b2e-6273-4c97-b7c5-042674931d23@group-F11756C8BA4A-LeaderElection442] INFO  impl.RoleInfo (RoleInfo.java:shutdownLeaderElection(134)) - b75f8b2e-6273-4c97-b7c5-042674931d23: shutdown LeaderElection
2019-10-20 18:19:02,309 [b75f8b2e-6273-4c97-b7c5-042674931d23@group-F11756C8BA4A-LeaderElection442] INFO  impl.RoleInfo (RoleInfo.java:updateAndGet(143)) - b75f8b2e-6273-4c97-b7c5-042674931d23: start FollowerState
2019-10-20 18:19:02,309 [Thread-3422] INFO  impl.FollowerState (FollowerState.java:run(117)) - 7a43c46a-fc88-4b2d-b2da-ae029cfa60ff@group-D40A05E2FCF9-FollowerState was interrupted: java.lang.InterruptedException: sleep interrupted
2019-10-20 18:19:02,309 [grpc-default-executor-4] INFO  impl.RoleInfo (RoleInfo.java:updateAndGet(143)) - 7a43c46a-fc88-4b2d-b2da-ae029cfa60ff: start FollowerState
2019-10-20 18:19:02,334 [399079f7-1eb1-4f37-b003-267572525934@group-D40A05E2FCF9-LeaderElection443] INFO  impl.LeaderElection (LeaderElection.java:logAndReturn(56)) - 399079f7-1eb1-4f37-b003-267572525934@group-D40A05E2FCF9-LeaderElection443: Election REJECTED; received 1 response(s) [399079f7-1eb1-4f37-b003-267572525934<-7a43c46a-fc88-4b2d-b2da-ae029cfa60ff#0:FAIL-t253] and 1 exception(s); 399079f7-1eb1-4f37-b003-267572525934@group-D40A05E2FCF9:t253, leader=null, voted=399079f7-1eb1-4f37-b003-267572525934, raftlog=399079f7-1eb1-4f37-b003-267572525934@group-D40A05E2FCF9-SegmentedRaftLog:OPENED:c-1,f-1,i0, conf=-1: [399079f7-1eb1-4f37-b003-267572525934:192.168.164.241:37762, 7a43c46a-fc88-4b2d-b2da-ae029cfa60ff:192.168.164.241:43684, 6c5c38af-62e6-4ea7-a24a-078dcb28fb39:192.168.164.241:45428], old=null
2019-10-20 18:19:02,334 [399079f7-1eb1-4f37-b003-267572525934@group-D40A05E2FCF9-LeaderElection443] INFO  impl.LeaderElection (LogUtils.java:infoOrTrace(149)) -   Exception 0: {}
java.util.concurrent.ExecutionException: org.apache.ratis.thirdparty.io.grpc.StatusRuntimeException: UNAVAILABLE: io exception
	at java.util.concurrent.FutureTask.report(FutureTask.java:122)
	at java.util.concurrent.FutureTask.get(FutureTask.java:192)
	at org.apache.ratis.server.impl.LeaderElection.waitForResults(LeaderElection.java:259)
	at org.apache.ratis.server.impl.LeaderElection.askForVotes(LeaderElection.java:197)
	at org.apache.ratis.server.impl.LeaderElection.run(LeaderElection.java:133)
	at java.lang.Thread.run(Thread.java:748)
Caused by: org.apache.ratis.thirdparty.io.grpc.StatusRuntimeException: UNAVAILABLE: io exception
	at org.apache.ratis.thirdparty.io.grpc.stub.ClientCalls.toStatusRuntimeException(ClientCalls.java:233)
	at org.apache.ratis.thirdparty.io.grpc.stub.ClientCalls.getUnchecked(ClientCalls.java:214)
	at org.apache.ratis.thirdparty.io.grpc.stub.ClientCalls.blockingUnaryCall(ClientCalls.java:139)
	at org.apache.ratis.proto.grpc.RaftServerProtocolServiceGrpc$RaftServerProtocolServiceBlockingStub.requestVote(RaftServerProtocolServiceGrpc.java:265)
	at org.apache.ratis.grpc.server.GrpcServerProtocolClient.requestVote(GrpcServerProtocolClient.java:99)
	at org.apache.ratis.grpc.server.GrpcService.requestVote(GrpcService.java:204)
	at org.apache.ratis.server.impl.LeaderElection.lambda$submitRequests$1(LeaderElection.java:234)
	at java.util.concurrent.FutureTask.run(FutureTask.java:266)
	at java.util.concurrent.Executors$RunnableAdapter.call(Executors.java:511)
	at java.util.concurrent.FutureTask.run(FutureTask.java:266)
	at java.util.concurrent.ThreadPoolExecutor.runWorker(ThreadPoolExecutor.java:1149)
	at java.util.concurrent.ThreadPoolExecutor$Worker.run(ThreadPoolExecutor.java:624)
	... 1 more
Caused by: org.apache.ratis.thirdparty.io.netty.channel.AbstractChannel$AnnotatedConnectException: Connection refused: /192.168.164.241:45428
	at sun.nio.ch.SocketChannelImpl.checkConnect(Native Method)
	at sun.nio.ch.SocketChannelImpl.finishConnect(SocketChannelImpl.java:717)
	at org.apache.ratis.thirdparty.io.netty.channel.socket.nio.NioSocketChannel.doFinishConnect(NioSocketChannel.java:327)
	at org.apache.ratis.thirdparty.io.netty.channel.nio.AbstractNioChannel$AbstractNioUnsafe.finishConnect(AbstractNioChannel.java:340)
	at org.apache.ratis.thirdparty.io.netty.channel.nio.NioEventLoop.processSelectedKey(NioEventLoop.java:632)
	at org.apache.ratis.thirdparty.io.netty.channel.nio.NioEventLoop.processSelectedKeysOptimized(NioEventLoop.java:579)
	at org.apache.ratis.thirdparty.io.netty.channel.nio.NioEventLoop.processSelectedKeys(NioEventLoop.java:496)
	at org.apache.ratis.thirdparty.io.netty.channel.nio.NioEventLoop.run(NioEventLoop.java:458)
	at org.apache.ratis.thirdparty.io.netty.util.concurrent.SingleThreadEventExecutor$5.run(SingleThreadEventExecutor.java:897)
	at org.apache.ratis.thirdparty.io.netty.util.concurrent.FastThreadLocalRunnable.run(FastThreadLocalRunnable.java:30)
	... 1 more
Caused by: java.net.ConnectException: Connection refused
	... 11 more
2019-10-20 18:19:02,334 [399079f7-1eb1-4f37-b003-267572525934@group-D40A05E2FCF9-LeaderElection443] INFO  impl.RaftServerImpl (RaftServerImpl.java:setRole(184)) - 399079f7-1eb1-4f37-b003-267572525934@group-D40A05E2FCF9: changes role from CANDIDATE to FOLLOWER at term 253 for DISCOVERED_A_NEW_TERM
2019-10-20 18:19:02,334 [399079f7-1eb1-4f37-b003-267572525934@group-D40A05E2FCF9-LeaderElection443] INFO  impl.RoleInfo (RoleInfo.java:shutdownLeaderElection(134)) - 399079f7-1eb1-4f37-b003-267572525934: shutdown LeaderElection
2019-10-20 18:19:02,335 [399079f7-1eb1-4f37-b003-267572525934@group-D40A05E2FCF9-LeaderElection443] INFO  impl.RoleInfo (RoleInfo.java:updateAndGet(143)) - 399079f7-1eb1-4f37-b003-267572525934: start FollowerState
2019-10-20 18:19:02,359 [Thread-3428] INFO  impl.FollowerState (FollowerState.java:run(108)) - 399079f7-1eb1-4f37-b003-267572525934@group-D40A05E2FCF9-FollowerState: change to CANDIDATE, lastRpcTime:24ms, electionTimeout:24ms
2019-10-20 18:19:02,359 [Thread-3428] INFO  impl.RoleInfo (RoleInfo.java:shutdownFollowerState(121)) - 399079f7-1eb1-4f37-b003-267572525934: shutdown FollowerState
2019-10-20 18:19:02,359 [Thread-3428] INFO  impl.RaftServerImpl (RaftServerImpl.java:setRole(184)) - 399079f7-1eb1-4f37-b003-267572525934@group-D40A05E2FCF9: changes role from  FOLLOWER to CANDIDATE at term 253 for changeToCandidate
2019-10-20 18:19:02,359 [Thread-3428] INFO  impl.RoleInfo (RoleInfo.java:updateAndGet(143)) - 399079f7-1eb1-4f37-b003-267572525934: start LeaderElection
2019-10-20 18:19:02,384 [399079f7-1eb1-4f37-b003-267572525934@group-D40A05E2FCF9-LeaderElection444] INFO  impl.LeaderElection (LeaderElection.java:askForVotes(178)) - 399079f7-1eb1-4f37-b003-267572525934@group-D40A05E2FCF9-LeaderElection444: begin an election at term 254 for -1: [399079f7-1eb1-4f37-b003-267572525934:192.168.164.241:37762, 7a43c46a-fc88-4b2d-b2da-ae029cfa60ff:192.168.164.241:43684, 6c5c38af-62e6-4ea7-a24a-078dcb28fb39:192.168.164.241:45428], old=null
2019-10-20 18:19:02,384 [399079f7-1eb1-4f37-b003-267572525934@group-D40A05E2FCF9-LeaderElection444] INFO  impl.LeaderElection (LogUtils.java:infoOrTrace(149)) - 399079f7-1eb1-4f37-b003-267572525934@group-D40A05E2FCF9-LeaderElection444 got exception when requesting votes: {}
java.util.concurrent.ExecutionException: org.apache.ratis.thirdparty.io.grpc.StatusRuntimeException: UNAVAILABLE: io exception
	at java.util.concurrent.FutureTask.report(FutureTask.java:122)
	at java.util.concurrent.FutureTask.get(FutureTask.java:192)
	at org.apache.ratis.server.impl.LeaderElection.waitForResults(LeaderElection.java:259)
	at org.apache.ratis.server.impl.LeaderElection.askForVotes(LeaderElection.java:197)
	at org.apache.ratis.server.impl.LeaderElection.run(LeaderElection.java:133)
	at java.lang.Thread.run(Thread.java:748)
Caused by: org.apache.ratis.thirdparty.io.grpc.StatusRuntimeException: UNAVAILABLE: io exception
	at org.apache.ratis.thirdparty.io.grpc.stub.ClientCalls.toStatusRuntimeException(ClientCalls.java:233)
	at org.apache.ratis.thirdparty.io.grpc.stub.ClientCalls.getUnchecked(ClientCalls.java:214)
	at org.apache.ratis.thirdparty.io.grpc.stub.ClientCalls.blockingUnaryCall(ClientCalls.java:139)
	at org.apache.ratis.proto.grpc.RaftServerProtocolServiceGrpc$RaftServerProtocolServiceBlockingStub.requestVote(RaftServerProtocolServiceGrpc.java:265)
	at org.apache.ratis.grpc.server.GrpcServerProtocolClient.requestVote(GrpcServerProtocolClient.java:99)
	at org.apache.ratis.grpc.server.GrpcService.requestVote(GrpcService.java:204)
	at org.apache.ratis.server.impl.LeaderElection.lambda$submitRequests$1(LeaderElection.java:234)
	at java.util.concurrent.FutureTask.run(FutureTask.java:266)
	at java.util.concurrent.Executors$RunnableAdapter.call(Executors.java:511)
	at java.util.concurrent.FutureTask.run(FutureTask.java:266)
	at java.util.concurrent.ThreadPoolExecutor.runWorker(ThreadPoolExecutor.java:1149)
	at java.util.concurrent.ThreadPoolExecutor$Worker.run(ThreadPoolExecutor.java:624)
	... 1 more
Caused by: org.apache.ratis.thirdparty.io.netty.channel.AbstractChannel$AnnotatedConnectException: Connection refused: /192.168.164.241:45428
	at sun.nio.ch.SocketChannelImpl.checkConnect(Native Method)
	at sun.nio.ch.SocketChannelImpl.finishConnect(SocketChannelImpl.java:717)
	at org.apache.ratis.thirdparty.io.netty.channel.socket.nio.NioSocketChannel.doFinishConnect(NioSocketChannel.java:327)
	at org.apache.ratis.thirdparty.io.netty.channel.nio.AbstractNioChannel$AbstractNioUnsafe.finishConnect(AbstractNioChannel.java:340)
	at org.apache.ratis.thirdparty.io.netty.channel.nio.NioEventLoop.processSelectedKey(NioEventLoop.java:632)
	at org.apache.ratis.thirdparty.io.netty.channel.nio.NioEventLoop.processSelectedKeysOptimized(NioEventLoop.java:579)
	at org.apache.ratis.thirdparty.io.netty.channel.nio.NioEventLoop.processSelectedKeys(NioEventLoop.java:496)
	at org.apache.ratis.thirdparty.io.netty.channel.nio.NioEventLoop.run(NioEventLoop.java:458)
	at org.apache.ratis.thirdparty.io.netty.util.concurrent.SingleThreadEventExecutor$5.run(SingleThreadEventExecutor.java:897)
	at org.apache.ratis.thirdparty.io.netty.util.concurrent.FastThreadLocalRunnable.run(FastThreadLocalRunnable.java:30)
	... 1 more
Caused by: java.net.ConnectException: Connection refused
	... 11 more
2019-10-20 18:19:02,385 [grpc-default-executor-4] INFO  impl.RaftServerImpl (RaftServerImpl.java:setRole(184)) - 7a43c46a-fc88-4b2d-b2da-ae029cfa60ff@group-D40A05E2FCF9: changes role from  FOLLOWER to FOLLOWER at term 254 for recognizeCandidate:399079f7-1eb1-4f37-b003-267572525934
2019-10-20 18:19:02,385 [grpc-default-executor-4] INFO  impl.RoleInfo (RoleInfo.java:shutdownFollowerState(121)) - 7a43c46a-fc88-4b2d-b2da-ae029cfa60ff: shutdown FollowerState
2019-10-20 18:19:02,385 [grpc-default-executor-4] INFO  impl.RoleInfo (RoleInfo.java:updateAndGet(143)) - 7a43c46a-fc88-4b2d-b2da-ae029cfa60ff: start FollowerState
2019-10-20 18:19:02,385 [Thread-3426] INFO  impl.FollowerState (FollowerState.java:run(117)) - 7a43c46a-fc88-4b2d-b2da-ae029cfa60ff@group-D40A05E2FCF9-FollowerState was interrupted: java.lang.InterruptedException: sleep interrupted
2019-10-20 18:19:02,390 [399079f7-1eb1-4f37-b003-267572525934@group-D40A05E2FCF9-LeaderElection444] INFO  impl.LeaderElection (LeaderElection.java:logAndReturn(56)) - 399079f7-1eb1-4f37-b003-267572525934@group-D40A05E2FCF9-LeaderElection444: Election TIMEOUT; received 0 response(s) [] and 1 exception(s); 399079f7-1eb1-4f37-b003-267572525934@group-D40A05E2FCF9:t254, leader=null, voted=399079f7-1eb1-4f37-b003-267572525934, raftlog=399079f7-1eb1-4f37-b003-267572525934@group-D40A05E2FCF9-SegmentedRaftLog:OPENED:c-1,f-1,i0, conf=-1: [399079f7-1eb1-4f37-b003-267572525934:192.168.164.241:37762, 7a43c46a-fc88-4b2d-b2da-ae029cfa60ff:192.168.164.241:43684, 6c5c38af-62e6-4ea7-a24a-078dcb28fb39:192.168.164.241:45428], old=null
2019-10-20 18:19:02,390 [399079f7-1eb1-4f37-b003-267572525934@group-D40A05E2FCF9-LeaderElection444] INFO  impl.LeaderElection (LogUtils.java:infoOrTrace(149)) -   Exception 0: {}
java.util.concurrent.ExecutionException: org.apache.ratis.thirdparty.io.grpc.StatusRuntimeException: UNAVAILABLE: io exception
	at java.util.concurrent.FutureTask.report(FutureTask.java:122)
	at java.util.concurrent.FutureTask.get(FutureTask.java:192)
	at org.apache.ratis.server.impl.LeaderElection.waitForResults(LeaderElection.java:259)
	at org.apache.ratis.server.impl.LeaderElection.askForVotes(LeaderElection.java:197)
	at org.apache.ratis.server.impl.LeaderElection.run(LeaderElection.java:133)
	at java.lang.Thread.run(Thread.java:748)
Caused by: org.apache.ratis.thirdparty.io.grpc.StatusRuntimeException: UNAVAILABLE: io exception
	at org.apache.ratis.thirdparty.io.grpc.stub.ClientCalls.toStatusRuntimeException(ClientCalls.java:233)
	at org.apache.ratis.thirdparty.io.grpc.stub.ClientCalls.getUnchecked(ClientCalls.java:214)
	at org.apache.ratis.thirdparty.io.grpc.stub.ClientCalls.blockingUnaryCall(ClientCalls.java:139)
	at org.apache.ratis.proto.grpc.RaftServerProtocolServiceGrpc$RaftServerProtocolServiceBlockingStub.requestVote(RaftServerProtocolServiceGrpc.java:265)
	at org.apache.ratis.grpc.server.GrpcServerProtocolClient.requestVote(GrpcServerProtocolClient.java:99)
	at org.apache.ratis.grpc.server.GrpcService.requestVote(GrpcService.java:204)
	at org.apache.ratis.server.impl.LeaderElection.lambda$submitRequests$1(LeaderElection.java:234)
	at java.util.concurrent.FutureTask.run(FutureTask.java:266)
	at java.util.concurrent.Executors$RunnableAdapter.call(Executors.java:511)
	at java.util.concurrent.FutureTask.run(FutureTask.java:266)
	at java.util.concurrent.ThreadPoolExecutor.runWorker(ThreadPoolExecutor.java:1149)
	at java.util.concurrent.ThreadPoolExecutor$Worker.run(ThreadPoolExecutor.java:624)
	... 1 more
Caused by: org.apache.ratis.thirdparty.io.netty.channel.AbstractChannel$AnnotatedConnectException: Connection refused: /192.168.164.241:45428
	at sun.nio.ch.SocketChannelImpl.checkConnect(Native Method)
	at sun.nio.ch.SocketChannelImpl.finishConnect(SocketChannelImpl.java:717)
	at org.apache.ratis.thirdparty.io.netty.channel.socket.nio.NioSocketChannel.doFinishConnect(NioSocketChannel.java:327)
	at org.apache.ratis.thirdparty.io.netty.channel.nio.AbstractNioChannel$AbstractNioUnsafe.finishConnect(AbstractNioChannel.java:340)
	at org.apache.ratis.thirdparty.io.netty.channel.nio.NioEventLoop.processSelectedKey(NioEventLoop.java:632)
	at org.apache.ratis.thirdparty.io.netty.channel.nio.NioEventLoop.processSelectedKeysOptimized(NioEventLoop.java:579)
	at org.apache.ratis.thirdparty.io.netty.channel.nio.NioEventLoop.processSelectedKeys(NioEventLoop.java:496)
	at org.apache.ratis.thirdparty.io.netty.channel.nio.NioEventLoop.run(NioEventLoop.java:458)
	at org.apache.ratis.thirdparty.io.netty.util.concurrent.SingleThreadEventExecutor$5.run(SingleThreadEventExecutor.java:897)
	at org.apache.ratis.thirdparty.io.netty.util.concurrent.FastThreadLocalRunnable.run(FastThreadLocalRunnable.java:30)
	... 1 more
Caused by: java.net.ConnectException: Connection refused
	... 11 more
2019-10-20 18:19:02,409 [399079f7-1eb1-4f37-b003-267572525934@group-D40A05E2FCF9-LeaderElection444] INFO  impl.LeaderElection (LeaderElection.java:askForVotes(178)) - 399079f7-1eb1-4f37-b003-267572525934@group-D40A05E2FCF9-LeaderElection444: begin an election at term 255 for -1: [399079f7-1eb1-4f37-b003-267572525934:192.168.164.241:37762, 7a43c46a-fc88-4b2d-b2da-ae029cfa60ff:192.168.164.241:43684, 6c5c38af-62e6-4ea7-a24a-078dcb28fb39:192.168.164.241:45428], old=null
2019-10-20 18:19:02,410 [399079f7-1eb1-4f37-b003-267572525934@group-D40A05E2FCF9-LeaderElection444] INFO  impl.LeaderElection (LogUtils.java:infoOrTrace(149)) - 399079f7-1eb1-4f37-b003-267572525934@group-D40A05E2FCF9-LeaderElection444 got exception when requesting votes: {}
java.util.concurrent.ExecutionException: org.apache.ratis.thirdparty.io.grpc.StatusRuntimeException: UNAVAILABLE: io exception
	at java.util.concurrent.FutureTask.report(FutureTask.java:122)
	at java.util.concurrent.FutureTask.get(FutureTask.java:192)
	at org.apache.ratis.server.impl.LeaderElection.waitForResults(LeaderElection.java:259)
	at org.apache.ratis.server.impl.LeaderElection.askForVotes(LeaderElection.java:197)
	at org.apache.ratis.server.impl.LeaderElection.run(LeaderElection.java:133)
	at java.lang.Thread.run(Thread.java:748)
Caused by: org.apache.ratis.thirdparty.io.grpc.StatusRuntimeException: UNAVAILABLE: io exception
	at org.apache.ratis.thirdparty.io.grpc.stub.ClientCalls.toStatusRuntimeException(ClientCalls.java:233)
	at org.apache.ratis.thirdparty.io.grpc.stub.ClientCalls.getUnchecked(ClientCalls.java:214)
	at org.apache.ratis.thirdparty.io.grpc.stub.ClientCalls.blockingUnaryCall(ClientCalls.java:139)
	at org.apache.ratis.proto.grpc.RaftServerProtocolServiceGrpc$RaftServerProtocolServiceBlockingStub.requestVote(RaftServerProtocolServiceGrpc.java:265)
	at org.apache.ratis.grpc.server.GrpcServerProtocolClient.requestVote(GrpcServerProtocolClient.java:99)
	at org.apache.ratis.grpc.server.GrpcService.requestVote(GrpcService.java:204)
	at org.apache.ratis.server.impl.LeaderElection.lambda$submitRequests$1(LeaderElection.java:234)
	at java.util.concurrent.FutureTask.run(FutureTask.java:266)
	at java.util.concurrent.Executors$RunnableAdapter.call(Executors.java:511)
	at java.util.concurrent.FutureTask.run(FutureTask.java:266)
	at java.util.concurrent.ThreadPoolExecutor.runWorker(ThreadPoolExecutor.java:1149)
	at java.util.concurrent.ThreadPoolExecutor$Worker.run(ThreadPoolExecutor.java:624)
	... 1 more
Caused by: org.apache.ratis.thirdparty.io.netty.channel.AbstractChannel$AnnotatedConnectException: Connection refused: /192.168.164.241:45428
	at sun.nio.ch.SocketChannelImpl.checkConnect(Native Method)
	at sun.nio.ch.SocketChannelImpl.finishConnect(SocketChannelImpl.java:717)
	at org.apache.ratis.thirdparty.io.netty.channel.socket.nio.NioSocketChannel.doFinishConnect(NioSocketChannel.java:327)
	at org.apache.ratis.thirdparty.io.netty.channel.nio.AbstractNioChannel$AbstractNioUnsafe.finishConnect(AbstractNioChannel.java:340)
	at org.apache.ratis.thirdparty.io.netty.channel.nio.NioEventLoop.processSelectedKey(NioEventLoop.java:632)
	at org.apache.ratis.thirdparty.io.netty.channel.nio.NioEventLoop.processSelectedKeysOptimized(NioEventLoop.java:579)
	at org.apache.ratis.thirdparty.io.netty.channel.nio.NioEventLoop.processSelectedKeys(NioEventLoop.java:496)
	at org.apache.ratis.thirdparty.io.netty.channel.nio.NioEventLoop.run(NioEventLoop.java:458)
	at org.apache.ratis.thirdparty.io.netty.util.concurrent.SingleThreadEventExecutor$5.run(SingleThreadEventExecutor.java:897)
	at org.apache.ratis.thirdparty.io.netty.util.concurrent.FastThreadLocalRunnable.run(FastThreadLocalRunnable.java:30)
	... 1 more
Caused by: java.net.ConnectException: Connection refused
	... 11 more
2019-10-20 18:19:02,410 [grpc-default-executor-4] INFO  impl.RaftServerImpl (RaftServerImpl.java:setRole(184)) - 7a43c46a-fc88-4b2d-b2da-ae029cfa60ff@group-D40A05E2FCF9: changes role from  FOLLOWER to FOLLOWER at term 255 for recognizeCandidate:399079f7-1eb1-4f37-b003-267572525934
2019-10-20 18:19:02,411 [grpc-default-executor-4] INFO  impl.RoleInfo (RoleInfo.java:shutdownFollowerState(121)) - 7a43c46a-fc88-4b2d-b2da-ae029cfa60ff: shutdown FollowerState
2019-10-20 18:19:02,411 [grpc-default-executor-4] INFO  impl.RoleInfo (RoleInfo.java:updateAndGet(143)) - 7a43c46a-fc88-4b2d-b2da-ae029cfa60ff: start FollowerState
2019-10-20 18:19:02,411 [Thread-3432] INFO  impl.FollowerState (FollowerState.java:run(117)) - 7a43c46a-fc88-4b2d-b2da-ae029cfa60ff@group-D40A05E2FCF9-FollowerState was interrupted: java.lang.InterruptedException: sleep interrupted
2019-10-20 18:19:02,435 [399079f7-1eb1-4f37-b003-267572525934@group-D40A05E2FCF9-LeaderElection444] INFO  impl.LeaderElection (LeaderElection.java:logAndReturn(56)) - 399079f7-1eb1-4f37-b003-267572525934@group-D40A05E2FCF9-LeaderElection444: Election REJECTED; received 1 response(s) [399079f7-1eb1-4f37-b003-267572525934<-7a43c46a-fc88-4b2d-b2da-ae029cfa60ff#0:FAIL-t255] and 1 exception(s); 399079f7-1eb1-4f37-b003-267572525934@group-D40A05E2FCF9:t255, leader=null, voted=399079f7-1eb1-4f37-b003-267572525934, raftlog=399079f7-1eb1-4f37-b003-267572525934@group-D40A05E2FCF9-SegmentedRaftLog:OPENED:c-1,f-1,i0, conf=-1: [399079f7-1eb1-4f37-b003-267572525934:192.168.164.241:37762, 7a43c46a-fc88-4b2d-b2da-ae029cfa60ff:192.168.164.241:43684, 6c5c38af-62e6-4ea7-a24a-078dcb28fb39:192.168.164.241:45428], old=null
2019-10-20 18:19:02,435 [399079f7-1eb1-4f37-b003-267572525934@group-D40A05E2FCF9-LeaderElection444] INFO  impl.LeaderElection (LogUtils.java:infoOrTrace(149)) -   Exception 0: {}
java.util.concurrent.ExecutionException: org.apache.ratis.thirdparty.io.grpc.StatusRuntimeException: UNAVAILABLE: io exception
	at java.util.concurrent.FutureTask.report(FutureTask.java:122)
	at java.util.concurrent.FutureTask.get(FutureTask.java:192)
	at org.apache.ratis.server.impl.LeaderElection.waitForResults(LeaderElection.java:259)
	at org.apache.ratis.server.impl.LeaderElection.askForVotes(LeaderElection.java:197)
	at org.apache.ratis.server.impl.LeaderElection.run(LeaderElection.java:133)
	at java.lang.Thread.run(Thread.java:748)
Caused by: org.apache.ratis.thirdparty.io.grpc.StatusRuntimeException: UNAVAILABLE: io exception
	at org.apache.ratis.thirdparty.io.grpc.stub.ClientCalls.toStatusRuntimeException(ClientCalls.java:233)
	at org.apache.ratis.thirdparty.io.grpc.stub.ClientCalls.getUnchecked(ClientCalls.java:214)
	at org.apache.ratis.thirdparty.io.grpc.stub.ClientCalls.blockingUnaryCall(ClientCalls.java:139)
	at org.apache.ratis.proto.grpc.RaftServerProtocolServiceGrpc$RaftServerProtocolServiceBlockingStub.requestVote(RaftServerProtocolServiceGrpc.java:265)
	at org.apache.ratis.grpc.server.GrpcServerProtocolClient.requestVote(GrpcServerProtocolClient.java:99)
	at org.apache.ratis.grpc.server.GrpcService.requestVote(GrpcService.java:204)
	at org.apache.ratis.server.impl.LeaderElection.lambda$submitRequests$1(LeaderElection.java:234)
	at java.util.concurrent.FutureTask.run(FutureTask.java:266)
	at java.util.concurrent.Executors$RunnableAdapter.call(Executors.java:511)
	at java.util.concurrent.FutureTask.run(FutureTask.java:266)
	at java.util.concurrent.ThreadPoolExecutor.runWorker(ThreadPoolExecutor.java:1149)
	at java.util.concurrent.ThreadPoolExecutor$Worker.run(ThreadPoolExecutor.java:624)
	... 1 more
Caused by: org.apache.ratis.thirdparty.io.netty.channel.AbstractChannel$AnnotatedConnectException: Connection refused: /192.168.164.241:45428
	at sun.nio.ch.SocketChannelImpl.checkConnect(Native Method)
	at sun.nio.ch.SocketChannelImpl.finishConnect(SocketChannelImpl.java:717)
	at org.apache.ratis.thirdparty.io.netty.channel.socket.nio.NioSocketChannel.doFinishConnect(NioSocketChannel.java:327)
	at org.apache.ratis.thirdparty.io.netty.channel.nio.AbstractNioChannel$AbstractNioUnsafe.finishConnect(AbstractNioChannel.java:340)
	at org.apache.ratis.thirdparty.io.netty.channel.nio.NioEventLoop.processSelectedKey(NioEventLoop.java:632)
	at org.apache.ratis.thirdparty.io.netty.channel.nio.NioEventLoop.processSelectedKeysOptimized(NioEventLoop.java:579)
	at org.apache.ratis.thirdparty.io.netty.channel.nio.NioEventLoop.processSelectedKeys(NioEventLoop.java:496)
	at org.apache.ratis.thirdparty.io.netty.channel.nio.NioEventLoop.run(NioEventLoop.java:458)
	at org.apache.ratis.thirdparty.io.netty.util.concurrent.SingleThreadEventExecutor$5.run(SingleThreadEventExecutor.java:897)
	at org.apache.ratis.thirdparty.io.netty.util.concurrent.FastThreadLocalRunnable.run(FastThreadLocalRunnable.java:30)
	... 1 more
Caused by: java.net.ConnectException: Connection refused
	... 11 more
2019-10-20 18:19:02,436 [399079f7-1eb1-4f37-b003-267572525934@group-D40A05E2FCF9-LeaderElection444] INFO  impl.RaftServerImpl (RaftServerImpl.java:setRole(184)) - 399079f7-1eb1-4f37-b003-267572525934@group-D40A05E2FCF9: changes role from CANDIDATE to FOLLOWER at term 255 for DISCOVERED_A_NEW_TERM
2019-10-20 18:19:02,436 [399079f7-1eb1-4f37-b003-267572525934@group-D40A05E2FCF9-LeaderElection444] INFO  impl.RoleInfo (RoleInfo.java:shutdownLeaderElection(134)) - 399079f7-1eb1-4f37-b003-267572525934: shutdown LeaderElection
2019-10-20 18:19:02,436 [399079f7-1eb1-4f37-b003-267572525934@group-D40A05E2FCF9-LeaderElection444] INFO  impl.RoleInfo (RoleInfo.java:updateAndGet(143)) - 399079f7-1eb1-4f37-b003-267572525934: start FollowerState
2019-10-20 18:19:02,439 [Thread-3427] INFO  impl.FollowerState (FollowerState.java:run(108)) - b75f8b2e-6273-4c97-b7c5-042674931d23@group-F11756C8BA4A-FollowerState: change to CANDIDATE, lastRpcTime:129ms, electionTimeout:129ms
2019-10-20 18:19:02,439 [Thread-3427] INFO  impl.RoleInfo (RoleInfo.java:shutdownFollowerState(121)) - b75f8b2e-6273-4c97-b7c5-042674931d23: shutdown FollowerState
2019-10-20 18:19:02,439 [Thread-3427] INFO  impl.RaftServerImpl (RaftServerImpl.java:setRole(184)) - b75f8b2e-6273-4c97-b7c5-042674931d23@group-F11756C8BA4A: changes role from  FOLLOWER to CANDIDATE at term 255 for changeToCandidate
2019-10-20 18:19:02,439 [Thread-3427] INFO  impl.RoleInfo (RoleInfo.java:updateAndGet(143)) - b75f8b2e-6273-4c97-b7c5-042674931d23: start LeaderElection
2019-10-20 18:19:02,468 [b75f8b2e-6273-4c97-b7c5-042674931d23@group-F11756C8BA4A-LeaderElection445] INFO  impl.LeaderElection (LeaderElection.java:askForVotes(178)) - b75f8b2e-6273-4c97-b7c5-042674931d23@group-F11756C8BA4A-LeaderElection445: begin an election at term 256 for -1: [6ef27e9c-8ddb-4fa1-8c14-ab102acfb1b8:192.168.164.241:38092, b75f8b2e-6273-4c97-b7c5-042674931d23:192.168.164.241:41857, 3750b3a2-715b-46b3-9d0c-9e38136244b9:192.168.164.241:46227], old=null
2019-10-20 18:19:02,469 [b75f8b2e-6273-4c97-b7c5-042674931d23@group-F11756C8BA4A-LeaderElection445] INFO  impl.LeaderElection (LogUtils.java:infoOrTrace(149)) - b75f8b2e-6273-4c97-b7c5-042674931d23@group-F11756C8BA4A-LeaderElection445 got exception when requesting votes: {}
java.util.concurrent.ExecutionException: org.apache.ratis.thirdparty.io.grpc.StatusRuntimeException: UNAVAILABLE: io exception
	at java.util.concurrent.FutureTask.report(FutureTask.java:122)
	at java.util.concurrent.FutureTask.get(FutureTask.java:192)
	at org.apache.ratis.server.impl.LeaderElection.waitForResults(LeaderElection.java:259)
	at org.apache.ratis.server.impl.LeaderElection.askForVotes(LeaderElection.java:197)
	at org.apache.ratis.server.impl.LeaderElection.run(LeaderElection.java:133)
	at java.lang.Thread.run(Thread.java:748)
Caused by: org.apache.ratis.thirdparty.io.grpc.StatusRuntimeException: UNAVAILABLE: io exception
	at org.apache.ratis.thirdparty.io.grpc.stub.ClientCalls.toStatusRuntimeException(ClientCalls.java:233)
	at org.apache.ratis.thirdparty.io.grpc.stub.ClientCalls.getUnchecked(ClientCalls.java:214)
	at org.apache.ratis.thirdparty.io.grpc.stub.ClientCalls.blockingUnaryCall(ClientCalls.java:139)
	at org.apache.ratis.proto.grpc.RaftServerProtocolServiceGrpc$RaftServerProtocolServiceBlockingStub.requestVote(RaftServerProtocolServiceGrpc.java:265)
	at org.apache.ratis.grpc.server.GrpcServerProtocolClient.requestVote(GrpcServerProtocolClient.java:99)
	at org.apache.ratis.grpc.server.GrpcService.requestVote(GrpcService.java:204)
	at org.apache.ratis.server.impl.LeaderElection.lambda$submitRequests$1(LeaderElection.java:234)
	at java.util.concurrent.FutureTask.run(FutureTask.java:266)
	at java.util.concurrent.Executors$RunnableAdapter.call(Executors.java:511)
	at java.util.concurrent.FutureTask.run(FutureTask.java:266)
	at java.util.concurrent.ThreadPoolExecutor.runWorker(ThreadPoolExecutor.java:1149)
	at java.util.concurrent.ThreadPoolExecutor$Worker.run(ThreadPoolExecutor.java:624)
	... 1 more
Caused by: org.apache.ratis.thirdparty.io.netty.channel.AbstractChannel$AnnotatedConnectException: Connection refused: /192.168.164.241:46227
	at sun.nio.ch.SocketChannelImpl.checkConnect(Native Method)
	at sun.nio.ch.SocketChannelImpl.finishConnect(SocketChannelImpl.java:717)
	at org.apache.ratis.thirdparty.io.netty.channel.socket.nio.NioSocketChannel.doFinishConnect(NioSocketChannel.java:327)
	at org.apache.ratis.thirdparty.io.netty.channel.nio.AbstractNioChannel$AbstractNioUnsafe.finishConnect(AbstractNioChannel.java:340)
	at org.apache.ratis.thirdparty.io.netty.channel.nio.NioEventLoop.processSelectedKey(NioEventLoop.java:632)
	at org.apache.ratis.thirdparty.io.netty.channel.nio.NioEventLoop.processSelectedKeysOptimized(NioEventLoop.java:579)
	at org.apache.ratis.thirdparty.io.netty.channel.nio.NioEventLoop.processSelectedKeys(NioEventLoop.java:496)
	at org.apache.ratis.thirdparty.io.netty.channel.nio.NioEventLoop.run(NioEventLoop.java:458)
	at org.apache.ratis.thirdparty.io.netty.util.concurrent.SingleThreadEventExecutor$5.run(SingleThreadEventExecutor.java:897)
	at org.apache.ratis.thirdparty.io.netty.util.concurrent.FastThreadLocalRunnable.run(FastThreadLocalRunnable.java:30)
	... 1 more
Caused by: java.net.ConnectException: Connection refused
	... 11 more
2019-10-20 18:19:02,469 [grpc-default-executor-4] INFO  impl.RaftServerImpl (RaftServerImpl.java:setRole(184)) - 6ef27e9c-8ddb-4fa1-8c14-ab102acfb1b8@group-F11756C8BA4A: changes role from  FOLLOWER to FOLLOWER at term 256 for recognizeCandidate:b75f8b2e-6273-4c97-b7c5-042674931d23
2019-10-20 18:19:02,470 [grpc-default-executor-4] INFO  impl.RoleInfo (RoleInfo.java:shutdownFollowerState(121)) - 6ef27e9c-8ddb-4fa1-8c14-ab102acfb1b8: shutdown FollowerState
2019-10-20 18:19:02,470 [grpc-default-executor-4] INFO  impl.RoleInfo (RoleInfo.java:updateAndGet(143)) - 6ef27e9c-8ddb-4fa1-8c14-ab102acfb1b8: start FollowerState
2019-10-20 18:19:02,470 [Thread-3423] INFO  impl.FollowerState (FollowerState.java:run(117)) - 6ef27e9c-8ddb-4fa1-8c14-ab102acfb1b8@group-F11756C8BA4A-FollowerState was interrupted: java.lang.InterruptedException: sleep interrupted
2019-10-20 18:19:02,494 [b75f8b2e-6273-4c97-b7c5-042674931d23@group-F11756C8BA4A-LeaderElection445] INFO  impl.LeaderElection (LeaderElection.java:logAndReturn(56)) - b75f8b2e-6273-4c97-b7c5-042674931d23@group-F11756C8BA4A-LeaderElection445: Election REJECTED; received 1 response(s) [b75f8b2e-6273-4c97-b7c5-042674931d23<-6ef27e9c-8ddb-4fa1-8c14-ab102acfb1b8#0:FAIL-t256] and 1 exception(s); b75f8b2e-6273-4c97-b7c5-042674931d23@group-F11756C8BA4A:t256, leader=null, voted=b75f8b2e-6273-4c97-b7c5-042674931d23, raftlog=b75f8b2e-6273-4c97-b7c5-042674931d23@group-F11756C8BA4A-SegmentedRaftLog:OPENED:c-1,f-1,i0, conf=-1: [6ef27e9c-8ddb-4fa1-8c14-ab102acfb1b8:192.168.164.241:38092, b75f8b2e-6273-4c97-b7c5-042674931d23:192.168.164.241:41857, 3750b3a2-715b-46b3-9d0c-9e38136244b9:192.168.164.241:46227], old=null
2019-10-20 18:19:02,494 [b75f8b2e-6273-4c97-b7c5-042674931d23@group-F11756C8BA4A-LeaderElection445] INFO  impl.LeaderElection (LogUtils.java:infoOrTrace(149)) -   Exception 0: {}
java.util.concurrent.ExecutionException: org.apache.ratis.thirdparty.io.grpc.StatusRuntimeException: UNAVAILABLE: io exception
	at java.util.concurrent.FutureTask.report(FutureTask.java:122)
	at java.util.concurrent.FutureTask.get(FutureTask.java:192)
	at org.apache.ratis.server.impl.LeaderElection.waitForResults(LeaderElection.java:259)
	at org.apache.ratis.server.impl.LeaderElection.askForVotes(LeaderElection.java:197)
	at org.apache.ratis.server.impl.LeaderElection.run(LeaderElection.java:133)
	at java.lang.Thread.run(Thread.java:748)
Caused by: org.apache.ratis.thirdparty.io.grpc.StatusRuntimeException: UNAVAILABLE: io exception
	at org.apache.ratis.thirdparty.io.grpc.stub.ClientCalls.toStatusRuntimeException(ClientCalls.java:233)
	at org.apache.ratis.thirdparty.io.grpc.stub.ClientCalls.getUnchecked(ClientCalls.java:214)
	at org.apache.ratis.thirdparty.io.grpc.stub.ClientCalls.blockingUnaryCall(ClientCalls.java:139)
	at org.apache.ratis.proto.grpc.RaftServerProtocolServiceGrpc$RaftServerProtocolServiceBlockingStub.requestVote(RaftServerProtocolServiceGrpc.java:265)
	at org.apache.ratis.grpc.server.GrpcServerProtocolClient.requestVote(GrpcServerProtocolClient.java:99)
	at org.apache.ratis.grpc.server.GrpcService.requestVote(GrpcService.java:204)
	at org.apache.ratis.server.impl.LeaderElection.lambda$submitRequests$1(LeaderElection.java:234)
	at java.util.concurrent.FutureTask.run(FutureTask.java:266)
	at java.util.concurrent.Executors$RunnableAdapter.call(Executors.java:511)
	at java.util.concurrent.FutureTask.run(FutureTask.java:266)
	at java.util.concurrent.ThreadPoolExecutor.runWorker(ThreadPoolExecutor.java:1149)
	at java.util.concurrent.ThreadPoolExecutor$Worker.run(ThreadPoolExecutor.java:624)
	... 1 more
Caused by: org.apache.ratis.thirdparty.io.netty.channel.AbstractChannel$AnnotatedConnectException: Connection refused: /192.168.164.241:46227
	at sun.nio.ch.SocketChannelImpl.checkConnect(Native Method)
	at sun.nio.ch.SocketChannelImpl.finishConnect(SocketChannelImpl.java:717)
	at org.apache.ratis.thirdparty.io.netty.channel.socket.nio.NioSocketChannel.doFinishConnect(NioSocketChannel.java:327)
	at org.apache.ratis.thirdparty.io.netty.channel.nio.AbstractNioChannel$AbstractNioUnsafe.finishConnect(AbstractNioChannel.java:340)
	at org.apache.ratis.thirdparty.io.netty.channel.nio.NioEventLoop.processSelectedKey(NioEventLoop.java:632)
	at org.apache.ratis.thirdparty.io.netty.channel.nio.NioEventLoop.processSelectedKeysOptimized(NioEventLoop.java:579)
	at org.apache.ratis.thirdparty.io.netty.channel.nio.NioEventLoop.processSelectedKeys(NioEventLoop.java:496)
	at org.apache.ratis.thirdparty.io.netty.channel.nio.NioEventLoop.run(NioEventLoop.java:458)
	at org.apache.ratis.thirdparty.io.netty.util.concurrent.SingleThreadEventExecutor$5.run(SingleThreadEventExecutor.java:897)
	at org.apache.ratis.thirdparty.io.netty.util.concurrent.FastThreadLocalRunnable.run(FastThreadLocalRunnable.java:30)
	... 1 more
Caused by: java.net.ConnectException: Connection refused
	... 11 more
2019-10-20 18:19:02,495 [b75f8b2e-6273-4c97-b7c5-042674931d23@group-F11756C8BA4A-LeaderElection445] INFO  impl.RaftServerImpl (RaftServerImpl.java:setRole(184)) - b75f8b2e-6273-4c97-b7c5-042674931d23@group-F11756C8BA4A: changes role from CANDIDATE to FOLLOWER at term 256 for DISCOVERED_A_NEW_TERM
2019-10-20 18:19:02,495 [b75f8b2e-6273-4c97-b7c5-042674931d23@group-F11756C8BA4A-LeaderElection445] INFO  impl.RoleInfo (RoleInfo.java:shutdownLeaderElection(134)) - b75f8b2e-6273-4c97-b7c5-042674931d23: shutdown LeaderElection
2019-10-20 18:19:02,495 [b75f8b2e-6273-4c97-b7c5-042674931d23@group-F11756C8BA4A-LeaderElection445] INFO  impl.RoleInfo (RoleInfo.java:updateAndGet(143)) - b75f8b2e-6273-4c97-b7c5-042674931d23: start FollowerState
2019-10-20 18:19:02,513 [Thread-3436] INFO  impl.FollowerState (FollowerState.java:run(108)) - 399079f7-1eb1-4f37-b003-267572525934@group-D40A05E2FCF9-FollowerState: change to CANDIDATE, lastRpcTime:77ms, electionTimeout:77ms
2019-10-20 18:19:02,513 [Thread-3436] INFO  impl.RoleInfo (RoleInfo.java:shutdownFollowerState(121)) - 399079f7-1eb1-4f37-b003-267572525934: shutdown FollowerState
2019-10-20 18:19:02,513 [Thread-3436] INFO  impl.RaftServerImpl (RaftServerImpl.java:setRole(184)) - 399079f7-1eb1-4f37-b003-267572525934@group-D40A05E2FCF9: changes role from  FOLLOWER to CANDIDATE at term 255 for changeToCandidate
2019-10-20 18:19:02,514 [Thread-3436] INFO  impl.RoleInfo (RoleInfo.java:updateAndGet(143)) - 399079f7-1eb1-4f37-b003-267572525934: start LeaderElection
2019-10-20 18:19:02,544 [399079f7-1eb1-4f37-b003-267572525934@group-D40A05E2FCF9-LeaderElection446] INFO  impl.LeaderElection (LeaderElection.java:askForVotes(178)) - 399079f7-1eb1-4f37-b003-267572525934@group-D40A05E2FCF9-LeaderElection446: begin an election at term 256 for -1: [399079f7-1eb1-4f37-b003-267572525934:192.168.164.241:37762, 7a43c46a-fc88-4b2d-b2da-ae029cfa60ff:192.168.164.241:43684, 6c5c38af-62e6-4ea7-a24a-078dcb28fb39:192.168.164.241:45428], old=null
2019-10-20 18:19:02,545 [399079f7-1eb1-4f37-b003-267572525934@group-D40A05E2FCF9-LeaderElection446] INFO  impl.LeaderElection (LogUtils.java:infoOrTrace(149)) - 399079f7-1eb1-4f37-b003-267572525934@group-D40A05E2FCF9-LeaderElection446 got exception when requesting votes: {}
java.util.concurrent.ExecutionException: org.apache.ratis.thirdparty.io.grpc.StatusRuntimeException: UNAVAILABLE: io exception
	at java.util.concurrent.FutureTask.report(FutureTask.java:122)
	at java.util.concurrent.FutureTask.get(FutureTask.java:192)
	at org.apache.ratis.server.impl.LeaderElection.waitForResults(LeaderElection.java:259)
	at org.apache.ratis.server.impl.LeaderElection.askForVotes(LeaderElection.java:197)
	at org.apache.ratis.server.impl.LeaderElection.run(LeaderElection.java:133)
	at java.lang.Thread.run(Thread.java:748)
Caused by: org.apache.ratis.thirdparty.io.grpc.StatusRuntimeException: UNAVAILABLE: io exception
	at org.apache.ratis.thirdparty.io.grpc.stub.ClientCalls.toStatusRuntimeException(ClientCalls.java:233)
	at org.apache.ratis.thirdparty.io.grpc.stub.ClientCalls.getUnchecked(ClientCalls.java:214)
	at org.apache.ratis.thirdparty.io.grpc.stub.ClientCalls.blockingUnaryCall(ClientCalls.java:139)
	at org.apache.ratis.proto.grpc.RaftServerProtocolServiceGrpc$RaftServerProtocolServiceBlockingStub.requestVote(RaftServerProtocolServiceGrpc.java:265)
	at org.apache.ratis.grpc.server.GrpcServerProtocolClient.requestVote(GrpcServerProtocolClient.java:99)
	at org.apache.ratis.grpc.server.GrpcService.requestVote(GrpcService.java:204)
	at org.apache.ratis.server.impl.LeaderElection.lambda$submitRequests$1(LeaderElection.java:234)
	at java.util.concurrent.FutureTask.run(FutureTask.java:266)
	at java.util.concurrent.Executors$RunnableAdapter.call(Executors.java:511)
	at java.util.concurrent.FutureTask.run(FutureTask.java:266)
	at java.util.concurrent.ThreadPoolExecutor.runWorker(ThreadPoolExecutor.java:1149)
	at java.util.concurrent.ThreadPoolExecutor$Worker.run(ThreadPoolExecutor.java:624)
	... 1 more
Caused by: org.apache.ratis.thirdparty.io.netty.channel.AbstractChannel$AnnotatedConnectException: Connection refused: /192.168.164.241:45428
	at sun.nio.ch.SocketChannelImpl.checkConnect(Native Method)
	at sun.nio.ch.SocketChannelImpl.finishConnect(SocketChannelImpl.java:717)
	at org.apache.ratis.thirdparty.io.netty.channel.socket.nio.NioSocketChannel.doFinishConnect(NioSocketChannel.java:327)
	at org.apache.ratis.thirdparty.io.netty.channel.nio.AbstractNioChannel$AbstractNioUnsafe.finishConnect(AbstractNioChannel.java:340)
	at org.apache.ratis.thirdparty.io.netty.channel.nio.NioEventLoop.processSelectedKey(NioEventLoop.java:632)
	at org.apache.ratis.thirdparty.io.netty.channel.nio.NioEventLoop.processSelectedKeysOptimized(NioEventLoop.java:579)
	at org.apache.ratis.thirdparty.io.netty.channel.nio.NioEventLoop.processSelectedKeys(NioEventLoop.java:496)
	at org.apache.ratis.thirdparty.io.netty.channel.nio.NioEventLoop.run(NioEventLoop.java:458)
	at org.apache.ratis.thirdparty.io.netty.util.concurrent.SingleThreadEventExecutor$5.run(SingleThreadEventExecutor.java:897)
	at org.apache.ratis.thirdparty.io.netty.util.concurrent.FastThreadLocalRunnable.run(FastThreadLocalRunnable.java:30)
	... 1 more
Caused by: java.net.ConnectException: Connection refused
	... 11 more
2019-10-20 18:19:02,545 [grpc-default-executor-4] INFO  impl.RaftServerImpl (RaftServerImpl.java:setRole(184)) - 7a43c46a-fc88-4b2d-b2da-ae029cfa60ff@group-D40A05E2FCF9: changes role from  FOLLOWER to FOLLOWER at term 256 for recognizeCandidate:399079f7-1eb1-4f37-b003-267572525934
2019-10-20 18:19:02,545 [grpc-default-executor-4] INFO  impl.RoleInfo (RoleInfo.java:shutdownFollowerState(121)) - 7a43c46a-fc88-4b2d-b2da-ae029cfa60ff: shutdown FollowerState
2019-10-20 18:19:02,546 [grpc-default-executor-4] INFO  impl.RoleInfo (RoleInfo.java:updateAndGet(143)) - 7a43c46a-fc88-4b2d-b2da-ae029cfa60ff: start FollowerState
2019-10-20 18:19:02,546 [Thread-3435] INFO  impl.FollowerState (FollowerState.java:run(117)) - 7a43c46a-fc88-4b2d-b2da-ae029cfa60ff@group-D40A05E2FCF9-FollowerState was interrupted: java.lang.InterruptedException: sleep interrupted
2019-10-20 18:19:02,570 [399079f7-1eb1-4f37-b003-267572525934@group-D40A05E2FCF9-LeaderElection446] INFO  impl.LeaderElection (LeaderElection.java:logAndReturn(56)) - 399079f7-1eb1-4f37-b003-267572525934@group-D40A05E2FCF9-LeaderElection446: Election REJECTED; received 1 response(s) [399079f7-1eb1-4f37-b003-267572525934<-7a43c46a-fc88-4b2d-b2da-ae029cfa60ff#0:FAIL-t256] and 1 exception(s); 399079f7-1eb1-4f37-b003-267572525934@group-D40A05E2FCF9:t256, leader=null, voted=399079f7-1eb1-4f37-b003-267572525934, raftlog=399079f7-1eb1-4f37-b003-267572525934@group-D40A05E2FCF9-SegmentedRaftLog:OPENED:c-1,f-1,i0, conf=-1: [399079f7-1eb1-4f37-b003-267572525934:192.168.164.241:37762, 7a43c46a-fc88-4b2d-b2da-ae029cfa60ff:192.168.164.241:43684, 6c5c38af-62e6-4ea7-a24a-078dcb28fb39:192.168.164.241:45428], old=null
2019-10-20 18:19:02,570 [399079f7-1eb1-4f37-b003-267572525934@group-D40A05E2FCF9-LeaderElection446] INFO  impl.LeaderElection (LogUtils.java:infoOrTrace(149)) -   Exception 0: {}
java.util.concurrent.ExecutionException: org.apache.ratis.thirdparty.io.grpc.StatusRuntimeException: UNAVAILABLE: io exception
	at java.util.concurrent.FutureTask.report(FutureTask.java:122)
	at java.util.concurrent.FutureTask.get(FutureTask.java:192)
	at org.apache.ratis.server.impl.LeaderElection.waitForResults(LeaderElection.java:259)
	at org.apache.ratis.server.impl.LeaderElection.askForVotes(LeaderElection.java:197)
	at org.apache.ratis.server.impl.LeaderElection.run(LeaderElection.java:133)
	at java.lang.Thread.run(Thread.java:748)
Caused by: org.apache.ratis.thirdparty.io.grpc.StatusRuntimeException: UNAVAILABLE: io exception
	at org.apache.ratis.thirdparty.io.grpc.stub.ClientCalls.toStatusRuntimeException(ClientCalls.java:233)
	at org.apache.ratis.thirdparty.io.grpc.stub.ClientCalls.getUnchecked(ClientCalls.java:214)
	at org.apache.ratis.thirdparty.io.grpc.stub.ClientCalls.blockingUnaryCall(ClientCalls.java:139)
	at org.apache.ratis.proto.grpc.RaftServerProtocolServiceGrpc$RaftServerProtocolServiceBlockingStub.requestVote(RaftServerProtocolServiceGrpc.java:265)
	at org.apache.ratis.grpc.server.GrpcServerProtocolClient.requestVote(GrpcServerProtocolClient.java:99)
	at org.apache.ratis.grpc.server.GrpcService.requestVote(GrpcService.java:204)
	at org.apache.ratis.server.impl.LeaderElection.lambda$submitRequests$1(LeaderElection.java:234)
	at java.util.concurrent.FutureTask.run(FutureTask.java:266)
	at java.util.concurrent.Executors$RunnableAdapter.call(Executors.java:511)
	at java.util.concurrent.FutureTask.run(FutureTask.java:266)
	at java.util.concurrent.ThreadPoolExecutor.runWorker(ThreadPoolExecutor.java:1149)
	at java.util.concurrent.ThreadPoolExecutor$Worker.run(ThreadPoolExecutor.java:624)
	... 1 more
Caused by: org.apache.ratis.thirdparty.io.netty.channel.AbstractChannel$AnnotatedConnectException: Connection refused: /192.168.164.241:45428
	at sun.nio.ch.SocketChannelImpl.checkConnect(Native Method)
	at sun.nio.ch.SocketChannelImpl.finishConnect(SocketChannelImpl.java:717)
	at org.apache.ratis.thirdparty.io.netty.channel.socket.nio.NioSocketChannel.doFinishConnect(NioSocketChannel.java:327)
	at org.apache.ratis.thirdparty.io.netty.channel.nio.AbstractNioChannel$AbstractNioUnsafe.finishConnect(AbstractNioChannel.java:340)
	at org.apache.ratis.thirdparty.io.netty.channel.nio.NioEventLoop.processSelectedKey(NioEventLoop.java:632)
	at org.apache.ratis.thirdparty.io.netty.channel.nio.NioEventLoop.processSelectedKeysOptimized(NioEventLoop.java:579)
	at org.apache.ratis.thirdparty.io.netty.channel.nio.NioEventLoop.processSelectedKeys(NioEventLoop.java:496)
	at org.apache.ratis.thirdparty.io.netty.channel.nio.NioEventLoop.run(NioEventLoop.java:458)
	at org.apache.ratis.thirdparty.io.netty.util.concurrent.SingleThreadEventExecutor$5.run(SingleThreadEventExecutor.java:897)
	at org.apache.ratis.thirdparty.io.netty.util.concurrent.FastThreadLocalRunnable.run(FastThreadLocalRunnable.java:30)
	... 1 more
Caused by: java.net.ConnectException: Connection refused
	... 11 more
2019-10-20 18:19:02,570 [399079f7-1eb1-4f37-b003-267572525934@group-D40A05E2FCF9-LeaderElection446] INFO  impl.RaftServerImpl (RaftServerImpl.java:setRole(184)) - 399079f7-1eb1-4f37-b003-267572525934@group-D40A05E2FCF9: changes role from CANDIDATE to FOLLOWER at term 256 for DISCOVERED_A_NEW_TERM
2019-10-20 18:19:02,570 [399079f7-1eb1-4f37-b003-267572525934@group-D40A05E2FCF9-LeaderElection446] INFO  impl.RoleInfo (RoleInfo.java:shutdownLeaderElection(134)) - 399079f7-1eb1-4f37-b003-267572525934: shutdown LeaderElection
2019-10-20 18:19:02,571 [399079f7-1eb1-4f37-b003-267572525934@group-D40A05E2FCF9-LeaderElection446] INFO  impl.RoleInfo (RoleInfo.java:updateAndGet(143)) - 399079f7-1eb1-4f37-b003-267572525934: start FollowerState
2019-10-20 18:19:02,603 [Thread-3441] INFO  impl.FollowerState (FollowerState.java:run(108)) - b75f8b2e-6273-4c97-b7c5-042674931d23@group-F11756C8BA4A-FollowerState: change to CANDIDATE, lastRpcTime:108ms, electionTimeout:108ms
2019-10-20 18:19:02,603 [Thread-3441] INFO  impl.RoleInfo (RoleInfo.java:shutdownFollowerState(121)) - b75f8b2e-6273-4c97-b7c5-042674931d23: shutdown FollowerState
2019-10-20 18:19:02,603 [Thread-3441] INFO  impl.RaftServerImpl (RaftServerImpl.java:setRole(184)) - b75f8b2e-6273-4c97-b7c5-042674931d23@group-F11756C8BA4A: changes role from  FOLLOWER to CANDIDATE at term 256 for changeToCandidate
2019-10-20 18:19:02,603 [Thread-3441] INFO  impl.RoleInfo (RoleInfo.java:updateAndGet(143)) - b75f8b2e-6273-4c97-b7c5-042674931d23: start LeaderElection
2019-10-20 18:19:02,628 [b75f8b2e-6273-4c97-b7c5-042674931d23@group-F11756C8BA4A-LeaderElection447] INFO  impl.LeaderElection (LeaderElection.java:askForVotes(178)) - b75f8b2e-6273-4c97-b7c5-042674931d23@group-F11756C8BA4A-LeaderElection447: begin an election at term 257 for -1: [6ef27e9c-8ddb-4fa1-8c14-ab102acfb1b8:192.168.164.241:38092, b75f8b2e-6273-4c97-b7c5-042674931d23:192.168.164.241:41857, 3750b3a2-715b-46b3-9d0c-9e38136244b9:192.168.164.241:46227], old=null
2019-10-20 18:19:02,629 [b75f8b2e-6273-4c97-b7c5-042674931d23@group-F11756C8BA4A-LeaderElection447] INFO  impl.LeaderElection (LogUtils.java:infoOrTrace(149)) - b75f8b2e-6273-4c97-b7c5-042674931d23@group-F11756C8BA4A-LeaderElection447 got exception when requesting votes: {}
java.util.concurrent.ExecutionException: org.apache.ratis.thirdparty.io.grpc.StatusRuntimeException: UNAVAILABLE: io exception
	at java.util.concurrent.FutureTask.report(FutureTask.java:122)
	at java.util.concurrent.FutureTask.get(FutureTask.java:192)
	at org.apache.ratis.server.impl.LeaderElection.waitForResults(LeaderElection.java:259)
	at org.apache.ratis.server.impl.LeaderElection.askForVotes(LeaderElection.java:197)
	at org.apache.ratis.server.impl.LeaderElection.run(LeaderElection.java:133)
	at java.lang.Thread.run(Thread.java:748)
Caused by: org.apache.ratis.thirdparty.io.grpc.StatusRuntimeException: UNAVAILABLE: io exception
	at org.apache.ratis.thirdparty.io.grpc.stub.ClientCalls.toStatusRuntimeException(ClientCalls.java:233)
	at org.apache.ratis.thirdparty.io.grpc.stub.ClientCalls.getUnchecked(ClientCalls.java:214)
	at org.apache.ratis.thirdparty.io.grpc.stub.ClientCalls.blockingUnaryCall(ClientCalls.java:139)
	at org.apache.ratis.proto.grpc.RaftServerProtocolServiceGrpc$RaftServerProtocolServiceBlockingStub.requestVote(RaftServerProtocolServiceGrpc.java:265)
	at org.apache.ratis.grpc.server.GrpcServerProtocolClient.requestVote(GrpcServerProtocolClient.java:99)
	at org.apache.ratis.grpc.server.GrpcService.requestVote(GrpcService.java:204)
	at org.apache.ratis.server.impl.LeaderElection.lambda$submitRequests$1(LeaderElection.java:234)
	at java.util.concurrent.FutureTask.run(FutureTask.java:266)
	at java.util.concurrent.Executors$RunnableAdapter.call(Executors.java:511)
	at java.util.concurrent.FutureTask.run(FutureTask.java:266)
	at java.util.concurrent.ThreadPoolExecutor.runWorker(ThreadPoolExecutor.java:1149)
	at java.util.concurrent.ThreadPoolExecutor$Worker.run(ThreadPoolExecutor.java:624)
	... 1 more
Caused by: org.apache.ratis.thirdparty.io.netty.channel.AbstractChannel$AnnotatedConnectException: Connection refused: /192.168.164.241:46227
	at sun.nio.ch.SocketChannelImpl.checkConnect(Native Method)
	at sun.nio.ch.SocketChannelImpl.finishConnect(SocketChannelImpl.java:717)
	at org.apache.ratis.thirdparty.io.netty.channel.socket.nio.NioSocketChannel.doFinishConnect(NioSocketChannel.java:327)
	at org.apache.ratis.thirdparty.io.netty.channel.nio.AbstractNioChannel$AbstractNioUnsafe.finishConnect(AbstractNioChannel.java:340)
	at org.apache.ratis.thirdparty.io.netty.channel.nio.NioEventLoop.processSelectedKey(NioEventLoop.java:632)
	at org.apache.ratis.thirdparty.io.netty.channel.nio.NioEventLoop.processSelectedKeysOptimized(NioEventLoop.java:579)
	at org.apache.ratis.thirdparty.io.netty.channel.nio.NioEventLoop.processSelectedKeys(NioEventLoop.java:496)
	at org.apache.ratis.thirdparty.io.netty.channel.nio.NioEventLoop.run(NioEventLoop.java:458)
	at org.apache.ratis.thirdparty.io.netty.util.concurrent.SingleThreadEventExecutor$5.run(SingleThreadEventExecutor.java:897)
	at org.apache.ratis.thirdparty.io.netty.util.concurrent.FastThreadLocalRunnable.run(FastThreadLocalRunnable.java:30)
	... 1 more
Caused by: java.net.ConnectException: Connection refused
	... 11 more
2019-10-20 18:19:02,629 [grpc-default-executor-4] INFO  impl.RaftServerImpl (RaftServerImpl.java:setRole(184)) - 6ef27e9c-8ddb-4fa1-8c14-ab102acfb1b8@group-F11756C8BA4A: changes role from  FOLLOWER to FOLLOWER at term 257 for recognizeCandidate:b75f8b2e-6273-4c97-b7c5-042674931d23
2019-10-20 18:19:02,630 [grpc-default-executor-4] INFO  impl.RoleInfo (RoleInfo.java:shutdownFollowerState(121)) - 6ef27e9c-8ddb-4fa1-8c14-ab102acfb1b8: shutdown FollowerState
2019-10-20 18:19:02,630 [grpc-default-executor-4] INFO  impl.RoleInfo (RoleInfo.java:updateAndGet(143)) - 6ef27e9c-8ddb-4fa1-8c14-ab102acfb1b8: start FollowerState
2019-10-20 18:19:02,630 [Thread-3440] INFO  impl.FollowerState (FollowerState.java:run(117)) - 6ef27e9c-8ddb-4fa1-8c14-ab102acfb1b8@group-F11756C8BA4A-FollowerState was interrupted: java.lang.InterruptedException: sleep interrupted
2019-10-20 18:19:02,654 [b75f8b2e-6273-4c97-b7c5-042674931d23@group-F11756C8BA4A-LeaderElection447] INFO  impl.LeaderElection (LeaderElection.java:logAndReturn(56)) - b75f8b2e-6273-4c97-b7c5-042674931d23@group-F11756C8BA4A-LeaderElection447: Election REJECTED; received 1 response(s) [b75f8b2e-6273-4c97-b7c5-042674931d23<-6ef27e9c-8ddb-4fa1-8c14-ab102acfb1b8#0:FAIL-t257] and 1 exception(s); b75f8b2e-6273-4c97-b7c5-042674931d23@group-F11756C8BA4A:t257, leader=null, voted=b75f8b2e-6273-4c97-b7c5-042674931d23, raftlog=b75f8b2e-6273-4c97-b7c5-042674931d23@group-F11756C8BA4A-SegmentedRaftLog:OPENED:c-1,f-1,i0, conf=-1: [6ef27e9c-8ddb-4fa1-8c14-ab102acfb1b8:192.168.164.241:38092, b75f8b2e-6273-4c97-b7c5-042674931d23:192.168.164.241:41857, 3750b3a2-715b-46b3-9d0c-9e38136244b9:192.168.164.241:46227], old=null
2019-10-20 18:19:02,654 [b75f8b2e-6273-4c97-b7c5-042674931d23@group-F11756C8BA4A-LeaderElection447] INFO  impl.LeaderElection (LogUtils.java:infoOrTrace(149)) -   Exception 0: {}
java.util.concurrent.ExecutionException: org.apache.ratis.thirdparty.io.grpc.StatusRuntimeException: UNAVAILABLE: io exception
	at java.util.concurrent.FutureTask.report(FutureTask.java:122)
	at java.util.concurrent.FutureTask.get(FutureTask.java:192)
	at org.apache.ratis.server.impl.LeaderElection.waitForResults(LeaderElection.java:259)
	at org.apache.ratis.server.impl.LeaderElection.askForVotes(LeaderElection.java:197)
	at org.apache.ratis.server.impl.LeaderElection.run(LeaderElection.java:133)
	at java.lang.Thread.run(Thread.java:748)
Caused by: org.apache.ratis.thirdparty.io.grpc.StatusRuntimeException: UNAVAILABLE: io exception
	at org.apache.ratis.thirdparty.io.grpc.stub.ClientCalls.toStatusRuntimeException(ClientCalls.java:233)
	at org.apache.ratis.thirdparty.io.grpc.stub.ClientCalls.getUnchecked(ClientCalls.java:214)
	at org.apache.ratis.thirdparty.io.grpc.stub.ClientCalls.blockingUnaryCall(ClientCalls.java:139)
	at org.apache.ratis.proto.grpc.RaftServerProtocolServiceGrpc$RaftServerProtocolServiceBlockingStub.requestVote(RaftServerProtocolServiceGrpc.java:265)
	at org.apache.ratis.grpc.server.GrpcServerProtocolClient.requestVote(GrpcServerProtocolClient.java:99)
	at org.apache.ratis.grpc.server.GrpcService.requestVote(GrpcService.java:204)
	at org.apache.ratis.server.impl.LeaderElection.lambda$submitRequests$1(LeaderElection.java:234)
	at java.util.concurrent.FutureTask.run(FutureTask.java:266)
	at java.util.concurrent.Executors$RunnableAdapter.call(Executors.java:511)
	at java.util.concurrent.FutureTask.run(FutureTask.java:266)
	at java.util.concurrent.ThreadPoolExecutor.runWorker(ThreadPoolExecutor.java:1149)
	at java.util.concurrent.ThreadPoolExecutor$Worker.run(ThreadPoolExecutor.java:624)
	... 1 more
Caused by: org.apache.ratis.thirdparty.io.netty.channel.AbstractChannel$AnnotatedConnectException: Connection refused: /192.168.164.241:46227
	at sun.nio.ch.SocketChannelImpl.checkConnect(Native Method)
	at sun.nio.ch.SocketChannelImpl.finishConnect(SocketChannelImpl.java:717)
	at org.apache.ratis.thirdparty.io.netty.channel.socket.nio.NioSocketChannel.doFinishConnect(NioSocketChannel.java:327)
	at org.apache.ratis.thirdparty.io.netty.channel.nio.AbstractNioChannel$AbstractNioUnsafe.finishConnect(AbstractNioChannel.java:340)
	at org.apache.ratis.thirdparty.io.netty.channel.nio.NioEventLoop.processSelectedKey(NioEventLoop.java:632)
	at org.apache.ratis.thirdparty.io.netty.channel.nio.NioEventLoop.processSelectedKeysOptimized(NioEventLoop.java:579)
	at org.apache.ratis.thirdparty.io.netty.channel.nio.NioEventLoop.processSelectedKeys(NioEventLoop.java:496)
	at org.apache.ratis.thirdparty.io.netty.channel.nio.NioEventLoop.run(NioEventLoop.java:458)
	at org.apache.ratis.thirdparty.io.netty.util.concurrent.SingleThreadEventExecutor$5.run(SingleThreadEventExecutor.java:897)
	at org.apache.ratis.thirdparty.io.netty.util.concurrent.FastThreadLocalRunnable.run(FastThreadLocalRunnable.java:30)
	... 1 more
Caused by: java.net.ConnectException: Connection refused
	... 11 more
2019-10-20 18:19:02,655 [b75f8b2e-6273-4c97-b7c5-042674931d23@group-F11756C8BA4A-LeaderElection447] INFO  impl.RaftServerImpl (RaftServerImpl.java:setRole(184)) - b75f8b2e-6273-4c97-b7c5-042674931d23@group-F11756C8BA4A: changes role from CANDIDATE to FOLLOWER at term 257 for DISCOVERED_A_NEW_TERM
2019-10-20 18:19:02,655 [b75f8b2e-6273-4c97-b7c5-042674931d23@group-F11756C8BA4A-LeaderElection447] INFO  impl.RoleInfo (RoleInfo.java:shutdownLeaderElection(134)) - b75f8b2e-6273-4c97-b7c5-042674931d23: shutdown LeaderElection
2019-10-20 18:19:02,655 [b75f8b2e-6273-4c97-b7c5-042674931d23@group-F11756C8BA4A-LeaderElection447] INFO  impl.RoleInfo (RoleInfo.java:updateAndGet(143)) - b75f8b2e-6273-4c97-b7c5-042674931d23: start FollowerState
2019-10-20 18:19:02,684 [Thread-3446] INFO  impl.FollowerState (FollowerState.java:run(108)) - 399079f7-1eb1-4f37-b003-267572525934@group-D40A05E2FCF9-FollowerState: change to CANDIDATE, lastRpcTime:113ms, electionTimeout:113ms
2019-10-20 18:19:02,684 [Thread-3446] INFO  impl.RoleInfo (RoleInfo.java:shutdownFollowerState(121)) - 399079f7-1eb1-4f37-b003-267572525934: shutdown FollowerState
2019-10-20 18:19:02,684 [Thread-3446] INFO  impl.RaftServerImpl (RaftServerImpl.java:setRole(184)) - 399079f7-1eb1-4f37-b003-267572525934@group-D40A05E2FCF9: changes role from  FOLLOWER to CANDIDATE at term 256 for changeToCandidate
2019-10-20 18:19:02,684 [Thread-3446] INFO  impl.RoleInfo (RoleInfo.java:updateAndGet(143)) - 399079f7-1eb1-4f37-b003-267572525934: start LeaderElection
2019-10-20 18:19:02,720 [399079f7-1eb1-4f37-b003-267572525934@group-D40A05E2FCF9-LeaderElection448] INFO  impl.LeaderElection (LeaderElection.java:askForVotes(178)) - 399079f7-1eb1-4f37-b003-267572525934@group-D40A05E2FCF9-LeaderElection448: begin an election at term 257 for -1: [399079f7-1eb1-4f37-b003-267572525934:192.168.164.241:37762, 7a43c46a-fc88-4b2d-b2da-ae029cfa60ff:192.168.164.241:43684, 6c5c38af-62e6-4ea7-a24a-078dcb28fb39:192.168.164.241:45428], old=null
2019-10-20 18:19:02,721 [399079f7-1eb1-4f37-b003-267572525934@group-D40A05E2FCF9-LeaderElection448] INFO  impl.LeaderElection (LogUtils.java:infoOrTrace(149)) - 399079f7-1eb1-4f37-b003-267572525934@group-D40A05E2FCF9-LeaderElection448 got exception when requesting votes: {}
java.util.concurrent.ExecutionException: org.apache.ratis.thirdparty.io.grpc.StatusRuntimeException: UNAVAILABLE: io exception
	at java.util.concurrent.FutureTask.report(FutureTask.java:122)
	at java.util.concurrent.FutureTask.get(FutureTask.java:192)
	at org.apache.ratis.server.impl.LeaderElection.waitForResults(LeaderElection.java:259)
	at org.apache.ratis.server.impl.LeaderElection.askForVotes(LeaderElection.java:197)
	at org.apache.ratis.server.impl.LeaderElection.run(LeaderElection.java:133)
	at java.lang.Thread.run(Thread.java:748)
Caused by: org.apache.ratis.thirdparty.io.grpc.StatusRuntimeException: UNAVAILABLE: io exception
	at org.apache.ratis.thirdparty.io.grpc.stub.ClientCalls.toStatusRuntimeException(ClientCalls.java:233)
	at org.apache.ratis.thirdparty.io.grpc.stub.ClientCalls.getUnchecked(ClientCalls.java:214)
	at org.apache.ratis.thirdparty.io.grpc.stub.ClientCalls.blockingUnaryCall(ClientCalls.java:139)
	at org.apache.ratis.proto.grpc.RaftServerProtocolServiceGrpc$RaftServerProtocolServiceBlockingStub.requestVote(RaftServerProtocolServiceGrpc.java:265)
	at org.apache.ratis.grpc.server.GrpcServerProtocolClient.requestVote(GrpcServerProtocolClient.java:99)
	at org.apache.ratis.grpc.server.GrpcService.requestVote(GrpcService.java:204)
	at org.apache.ratis.server.impl.LeaderElection.lambda$submitRequests$1(LeaderElection.java:234)
	at java.util.concurrent.FutureTask.run(FutureTask.java:266)
	at java.util.concurrent.Executors$RunnableAdapter.call(Executors.java:511)
	at java.util.concurrent.FutureTask.run(FutureTask.java:266)
	at java.util.concurrent.ThreadPoolExecutor.runWorker(ThreadPoolExecutor.java:1149)
	at java.util.concurrent.ThreadPoolExecutor$Worker.run(ThreadPoolExecutor.java:624)
	... 1 more
Caused by: org.apache.ratis.thirdparty.io.netty.channel.AbstractChannel$AnnotatedConnectException: Connection refused: /192.168.164.241:45428
	at sun.nio.ch.SocketChannelImpl.checkConnect(Native Method)
	at sun.nio.ch.SocketChannelImpl.finishConnect(SocketChannelImpl.java:717)
	at org.apache.ratis.thirdparty.io.netty.channel.socket.nio.NioSocketChannel.doFinishConnect(NioSocketChannel.java:327)
	at org.apache.ratis.thirdparty.io.netty.channel.nio.AbstractNioChannel$AbstractNioUnsafe.finishConnect(AbstractNioChannel.java:340)
	at org.apache.ratis.thirdparty.io.netty.channel.nio.NioEventLoop.processSelectedKey(NioEventLoop.java:632)
	at org.apache.ratis.thirdparty.io.netty.channel.nio.NioEventLoop.processSelectedKeysOptimized(NioEventLoop.java:579)
	at org.apache.ratis.thirdparty.io.netty.channel.nio.NioEventLoop.processSelectedKeys(NioEventLoop.java:496)
	at org.apache.ratis.thirdparty.io.netty.channel.nio.NioEventLoop.run(NioEventLoop.java:458)
	at org.apache.ratis.thirdparty.io.netty.util.concurrent.SingleThreadEventExecutor$5.run(SingleThreadEventExecutor.java:897)
	at org.apache.ratis.thirdparty.io.netty.util.concurrent.FastThreadLocalRunnable.run(FastThreadLocalRunnable.java:30)
	... 1 more
Caused by: java.net.ConnectException: Connection refused
	... 11 more
2019-10-20 18:19:02,722 [grpc-default-executor-4] INFO  impl.RaftServerImpl (RaftServerImpl.java:setRole(184)) - 7a43c46a-fc88-4b2d-b2da-ae029cfa60ff@group-D40A05E2FCF9: changes role from  FOLLOWER to FOLLOWER at term 257 for recognizeCandidate:399079f7-1eb1-4f37-b003-267572525934
2019-10-20 18:19:02,722 [grpc-default-executor-4] INFO  impl.RoleInfo (RoleInfo.java:shutdownFollowerState(121)) - 7a43c46a-fc88-4b2d-b2da-ae029cfa60ff: shutdown FollowerState
2019-10-20 18:19:02,722 [grpc-default-executor-4] INFO  impl.RoleInfo (RoleInfo.java:updateAndGet(143)) - 7a43c46a-fc88-4b2d-b2da-ae029cfa60ff: start FollowerState
2019-10-20 18:19:02,722 [Thread-3445] INFO  impl.FollowerState (FollowerState.java:run(117)) - 7a43c46a-fc88-4b2d-b2da-ae029cfa60ff@group-D40A05E2FCF9-FollowerState was interrupted: java.lang.InterruptedException: sleep interrupted
2019-10-20 18:19:02,738 [Thread-3451] INFO  impl.FollowerState (FollowerState.java:run(108)) - b75f8b2e-6273-4c97-b7c5-042674931d23@group-F11756C8BA4A-FollowerState: change to CANDIDATE, lastRpcTime:83ms, electionTimeout:83ms
2019-10-20 18:19:02,738 [Thread-3451] INFO  impl.RoleInfo (RoleInfo.java:shutdownFollowerState(121)) - b75f8b2e-6273-4c97-b7c5-042674931d23: shutdown FollowerState
2019-10-20 18:19:02,738 [Thread-3451] INFO  impl.RaftServerImpl (RaftServerImpl.java:setRole(184)) - b75f8b2e-6273-4c97-b7c5-042674931d23@group-F11756C8BA4A: changes role from  FOLLOWER to CANDIDATE at term 257 for changeToCandidate
2019-10-20 18:19:02,739 [Thread-3451] INFO  impl.RoleInfo (RoleInfo.java:updateAndGet(143)) - b75f8b2e-6273-4c97-b7c5-042674931d23: start LeaderElection
2019-10-20 18:19:02,746 [399079f7-1eb1-4f37-b003-267572525934@group-D40A05E2FCF9-LeaderElection448] INFO  impl.LeaderElection (LeaderElection.java:logAndReturn(56)) - 399079f7-1eb1-4f37-b003-267572525934@group-D40A05E2FCF9-LeaderElection448: Election REJECTED; received 1 response(s) [399079f7-1eb1-4f37-b003-267572525934<-7a43c46a-fc88-4b2d-b2da-ae029cfa60ff#0:FAIL-t257] and 1 exception(s); 399079f7-1eb1-4f37-b003-267572525934@group-D40A05E2FCF9:t257, leader=null, voted=399079f7-1eb1-4f37-b003-267572525934, raftlog=399079f7-1eb1-4f37-b003-267572525934@group-D40A05E2FCF9-SegmentedRaftLog:OPENED:c-1,f-1,i0, conf=-1: [399079f7-1eb1-4f37-b003-267572525934:192.168.164.241:37762, 7a43c46a-fc88-4b2d-b2da-ae029cfa60ff:192.168.164.241:43684, 6c5c38af-62e6-4ea7-a24a-078dcb28fb39:192.168.164.241:45428], old=null
2019-10-20 18:19:02,746 [399079f7-1eb1-4f37-b003-267572525934@group-D40A05E2FCF9-LeaderElection448] INFO  impl.LeaderElection (LogUtils.java:infoOrTrace(149)) -   Exception 0: {}
java.util.concurrent.ExecutionException: org.apache.ratis.thirdparty.io.grpc.StatusRuntimeException: UNAVAILABLE: io exception
	at java.util.concurrent.FutureTask.report(FutureTask.java:122)
	at java.util.concurrent.FutureTask.get(FutureTask.java:192)
	at org.apache.ratis.server.impl.LeaderElection.waitForResults(LeaderElection.java:259)
	at org.apache.ratis.server.impl.LeaderElection.askForVotes(LeaderElection.java:197)
	at org.apache.ratis.server.impl.LeaderElection.run(LeaderElection.java:133)
	at java.lang.Thread.run(Thread.java:748)
Caused by: org.apache.ratis.thirdparty.io.grpc.StatusRuntimeException: UNAVAILABLE: io exception
	at org.apache.ratis.thirdparty.io.grpc.stub.ClientCalls.toStatusRuntimeException(ClientCalls.java:233)
	at org.apache.ratis.thirdparty.io.grpc.stub.ClientCalls.getUnchecked(ClientCalls.java:214)
	at org.apache.ratis.thirdparty.io.grpc.stub.ClientCalls.blockingUnaryCall(ClientCalls.java:139)
	at org.apache.ratis.proto.grpc.RaftServerProtocolServiceGrpc$RaftServerProtocolServiceBlockingStub.requestVote(RaftServerProtocolServiceGrpc.java:265)
	at org.apache.ratis.grpc.server.GrpcServerProtocolClient.requestVote(GrpcServerProtocolClient.java:99)
	at org.apache.ratis.grpc.server.GrpcService.requestVote(GrpcService.java:204)
	at org.apache.ratis.server.impl.LeaderElection.lambda$submitRequests$1(LeaderElection.java:234)
	at java.util.concurrent.FutureTask.run(FutureTask.java:266)
	at java.util.concurrent.Executors$RunnableAdapter.call(Executors.java:511)
	at java.util.concurrent.FutureTask.run(FutureTask.java:266)
	at java.util.concurrent.ThreadPoolExecutor.runWorker(ThreadPoolExecutor.java:1149)
	at java.util.concurrent.ThreadPoolExecutor$Worker.run(ThreadPoolExecutor.java:624)
	... 1 more
Caused by: org.apache.ratis.thirdparty.io.netty.channel.AbstractChannel$AnnotatedConnectException: Connection refused: /192.168.164.241:45428
	at sun.nio.ch.SocketChannelImpl.checkConnect(Native Method)
	at sun.nio.ch.SocketChannelImpl.finishConnect(SocketChannelImpl.java:717)
	at org.apache.ratis.thirdparty.io.netty.channel.socket.nio.NioSocketChannel.doFinishConnect(NioSocketChannel.java:327)
	at org.apache.ratis.thirdparty.io.netty.channel.nio.AbstractNioChannel$AbstractNioUnsafe.finishConnect(AbstractNioChannel.java:340)
	at org.apache.ratis.thirdparty.io.netty.channel.nio.NioEventLoop.processSelectedKey(NioEventLoop.java:632)
	at org.apache.ratis.thirdparty.io.netty.channel.nio.NioEventLoop.processSelectedKeysOptimized(NioEventLoop.java:579)
	at org.apache.ratis.thirdparty.io.netty.channel.nio.NioEventLoop.processSelectedKeys(NioEventLoop.java:496)
	at org.apache.ratis.thirdparty.io.netty.channel.nio.NioEventLoop.run(NioEventLoop.java:458)
	at org.apache.ratis.thirdparty.io.netty.util.concurrent.SingleThreadEventExecutor$5.run(SingleThreadEventExecutor.java:897)
	at org.apache.ratis.thirdparty.io.netty.util.concurrent.FastThreadLocalRunnable.run(FastThreadLocalRunnable.java:30)
	... 1 more
Caused by: java.net.ConnectException: Connection refused
	... 11 more
2019-10-20 18:19:02,747 [399079f7-1eb1-4f37-b003-267572525934@group-D40A05E2FCF9-LeaderElection448] INFO  impl.RaftServerImpl (RaftServerImpl.java:setRole(184)) - 399079f7-1eb1-4f37-b003-267572525934@group-D40A05E2FCF9: changes role from CANDIDATE to FOLLOWER at term 257 for DISCOVERED_A_NEW_TERM
2019-10-20 18:19:02,747 [399079f7-1eb1-4f37-b003-267572525934@group-D40A05E2FCF9-LeaderElection448] INFO  impl.RoleInfo (RoleInfo.java:shutdownLeaderElection(134)) - 399079f7-1eb1-4f37-b003-267572525934: shutdown LeaderElection
2019-10-20 18:19:02,747 [399079f7-1eb1-4f37-b003-267572525934@group-D40A05E2FCF9-LeaderElection448] INFO  impl.RoleInfo (RoleInfo.java:updateAndGet(143)) - 399079f7-1eb1-4f37-b003-267572525934: start FollowerState
2019-10-20 18:19:02,779 [b75f8b2e-6273-4c97-b7c5-042674931d23@group-F11756C8BA4A-LeaderElection449] INFO  impl.LeaderElection (LeaderElection.java:askForVotes(178)) - b75f8b2e-6273-4c97-b7c5-042674931d23@group-F11756C8BA4A-LeaderElection449: begin an election at term 258 for -1: [6ef27e9c-8ddb-4fa1-8c14-ab102acfb1b8:192.168.164.241:38092, b75f8b2e-6273-4c97-b7c5-042674931d23:192.168.164.241:41857, 3750b3a2-715b-46b3-9d0c-9e38136244b9:192.168.164.241:46227], old=null
2019-10-20 18:19:02,780 [b75f8b2e-6273-4c97-b7c5-042674931d23@group-F11756C8BA4A-LeaderElection449] INFO  impl.LeaderElection (LogUtils.java:infoOrTrace(149)) - b75f8b2e-6273-4c97-b7c5-042674931d23@group-F11756C8BA4A-LeaderElection449 got exception when requesting votes: {}
java.util.concurrent.ExecutionException: org.apache.ratis.thirdparty.io.grpc.StatusRuntimeException: UNAVAILABLE: io exception
	at java.util.concurrent.FutureTask.report(FutureTask.java:122)
	at java.util.concurrent.FutureTask.get(FutureTask.java:192)
	at org.apache.ratis.server.impl.LeaderElection.waitForResults(LeaderElection.java:259)
	at org.apache.ratis.server.impl.LeaderElection.askForVotes(LeaderElection.java:197)
	at org.apache.ratis.server.impl.LeaderElection.run(LeaderElection.java:133)
	at java.lang.Thread.run(Thread.java:748)
Caused by: org.apache.ratis.thirdparty.io.grpc.StatusRuntimeException: UNAVAILABLE: io exception
	at org.apache.ratis.thirdparty.io.grpc.stub.ClientCalls.toStatusRuntimeException(ClientCalls.java:233)
	at org.apache.ratis.thirdparty.io.grpc.stub.ClientCalls.getUnchecked(ClientCalls.java:214)
	at org.apache.ratis.thirdparty.io.grpc.stub.ClientCalls.blockingUnaryCall(ClientCalls.java:139)
	at org.apache.ratis.proto.grpc.RaftServerProtocolServiceGrpc$RaftServerProtocolServiceBlockingStub.requestVote(RaftServerProtocolServiceGrpc.java:265)
	at org.apache.ratis.grpc.server.GrpcServerProtocolClient.requestVote(GrpcServerProtocolClient.java:99)
	at org.apache.ratis.grpc.server.GrpcService.requestVote(GrpcService.java:204)
	at org.apache.ratis.server.impl.LeaderElection.lambda$submitRequests$1(LeaderElection.java:234)
	at java.util.concurrent.FutureTask.run(FutureTask.java:266)
	at java.util.concurrent.Executors$RunnableAdapter.call(Executors.java:511)
	at java.util.concurrent.FutureTask.run(FutureTask.java:266)
	at java.util.concurrent.ThreadPoolExecutor.runWorker(ThreadPoolExecutor.java:1149)
	at java.util.concurrent.ThreadPoolExecutor$Worker.run(ThreadPoolExecutor.java:624)
	... 1 more
Caused by: org.apache.ratis.thirdparty.io.netty.channel.AbstractChannel$AnnotatedConnectException: Connection refused: /192.168.164.241:46227
	at sun.nio.ch.SocketChannelImpl.checkConnect(Native Method)
	at sun.nio.ch.SocketChannelImpl.finishConnect(SocketChannelImpl.java:717)
	at org.apache.ratis.thirdparty.io.netty.channel.socket.nio.NioSocketChannel.doFinishConnect(NioSocketChannel.java:327)
	at org.apache.ratis.thirdparty.io.netty.channel.nio.AbstractNioChannel$AbstractNioUnsafe.finishConnect(AbstractNioChannel.java:340)
	at org.apache.ratis.thirdparty.io.netty.channel.nio.NioEventLoop.processSelectedKey(NioEventLoop.java:632)
	at org.apache.ratis.thirdparty.io.netty.channel.nio.NioEventLoop.processSelectedKeysOptimized(NioEventLoop.java:579)
	at org.apache.ratis.thirdparty.io.netty.channel.nio.NioEventLoop.processSelectedKeys(NioEventLoop.java:496)
	at org.apache.ratis.thirdparty.io.netty.channel.nio.NioEventLoop.run(NioEventLoop.java:458)
	at org.apache.ratis.thirdparty.io.netty.util.concurrent.SingleThreadEventExecutor$5.run(SingleThreadEventExecutor.java:897)
	at org.apache.ratis.thirdparty.io.netty.util.concurrent.FastThreadLocalRunnable.run(FastThreadLocalRunnable.java:30)
	... 1 more
Caused by: java.net.ConnectException: Connection refused
	... 11 more
2019-10-20 18:19:02,781 [grpc-default-executor-4] INFO  impl.RaftServerImpl (RaftServerImpl.java:setRole(184)) - 6ef27e9c-8ddb-4fa1-8c14-ab102acfb1b8@group-F11756C8BA4A: changes role from  FOLLOWER to FOLLOWER at term 258 for recognizeCandidate:b75f8b2e-6273-4c97-b7c5-042674931d23
2019-10-20 18:19:02,781 [grpc-default-executor-4] INFO  impl.RoleInfo (RoleInfo.java:shutdownFollowerState(121)) - 6ef27e9c-8ddb-4fa1-8c14-ab102acfb1b8: shutdown FollowerState
2019-10-20 18:19:02,781 [grpc-default-executor-4] INFO  impl.RoleInfo (RoleInfo.java:updateAndGet(143)) - 6ef27e9c-8ddb-4fa1-8c14-ab102acfb1b8: start FollowerState
2019-10-20 18:19:02,781 [Thread-3450] INFO  impl.FollowerState (FollowerState.java:run(117)) - 6ef27e9c-8ddb-4fa1-8c14-ab102acfb1b8@group-F11756C8BA4A-FollowerState was interrupted: java.lang.InterruptedException: sleep interrupted
2019-10-20 18:19:02,805 [b75f8b2e-6273-4c97-b7c5-042674931d23@group-F11756C8BA4A-LeaderElection449] INFO  impl.LeaderElection (LeaderElection.java:logAndReturn(56)) - b75f8b2e-6273-4c97-b7c5-042674931d23@group-F11756C8BA4A-LeaderElection449: Election REJECTED; received 1 response(s) [b75f8b2e-6273-4c97-b7c5-042674931d23<-6ef27e9c-8ddb-4fa1-8c14-ab102acfb1b8#0:FAIL-t258] and 1 exception(s); b75f8b2e-6273-4c97-b7c5-042674931d23@group-F11756C8BA4A:t258, leader=null, voted=b75f8b2e-6273-4c97-b7c5-042674931d23, raftlog=b75f8b2e-6273-4c97-b7c5-042674931d23@group-F11756C8BA4A-SegmentedRaftLog:OPENED:c-1,f-1,i0, conf=-1: [6ef27e9c-8ddb-4fa1-8c14-ab102acfb1b8:192.168.164.241:38092, b75f8b2e-6273-4c97-b7c5-042674931d23:192.168.164.241:41857, 3750b3a2-715b-46b3-9d0c-9e38136244b9:192.168.164.241:46227], old=null
2019-10-20 18:19:02,806 [b75f8b2e-6273-4c97-b7c5-042674931d23@group-F11756C8BA4A-LeaderElection449] INFO  impl.LeaderElection (LogUtils.java:infoOrTrace(149)) -   Exception 0: {}
java.util.concurrent.ExecutionException: org.apache.ratis.thirdparty.io.grpc.StatusRuntimeException: UNAVAILABLE: io exception
	at java.util.concurrent.FutureTask.report(FutureTask.java:122)
	at java.util.concurrent.FutureTask.get(FutureTask.java:192)
	at org.apache.ratis.server.impl.LeaderElection.waitForResults(LeaderElection.java:259)
	at org.apache.ratis.server.impl.LeaderElection.askForVotes(LeaderElection.java:197)
	at org.apache.ratis.server.impl.LeaderElection.run(LeaderElection.java:133)
	at java.lang.Thread.run(Thread.java:748)
Caused by: org.apache.ratis.thirdparty.io.grpc.StatusRuntimeException: UNAVAILABLE: io exception
	at org.apache.ratis.thirdparty.io.grpc.stub.ClientCalls.toStatusRuntimeException(ClientCalls.java:233)
	at org.apache.ratis.thirdparty.io.grpc.stub.ClientCalls.getUnchecked(ClientCalls.java:214)
	at org.apache.ratis.thirdparty.io.grpc.stub.ClientCalls.blockingUnaryCall(ClientCalls.java:139)
	at org.apache.ratis.proto.grpc.RaftServerProtocolServiceGrpc$RaftServerProtocolServiceBlockingStub.requestVote(RaftServerProtocolServiceGrpc.java:265)
	at org.apache.ratis.grpc.server.GrpcServerProtocolClient.requestVote(GrpcServerProtocolClient.java:99)
	at org.apache.ratis.grpc.server.GrpcService.requestVote(GrpcService.java:204)
	at org.apache.ratis.server.impl.LeaderElection.lambda$submitRequests$1(LeaderElection.java:234)
	at java.util.concurrent.FutureTask.run(FutureTask.java:266)
	at java.util.concurrent.Executors$RunnableAdapter.call(Executors.java:511)
	at java.util.concurrent.FutureTask.run(FutureTask.java:266)
	at java.util.concurrent.ThreadPoolExecutor.runWorker(ThreadPoolExecutor.java:1149)
	at java.util.concurrent.ThreadPoolExecutor$Worker.run(ThreadPoolExecutor.java:624)
	... 1 more
Caused by: org.apache.ratis.thirdparty.io.netty.channel.AbstractChannel$AnnotatedConnectException: Connection refused: /192.168.164.241:46227
	at sun.nio.ch.SocketChannelImpl.checkConnect(Native Method)
	at sun.nio.ch.SocketChannelImpl.finishConnect(SocketChannelImpl.java:717)
	at org.apache.ratis.thirdparty.io.netty.channel.socket.nio.NioSocketChannel.doFinishConnect(NioSocketChannel.java:327)
	at org.apache.ratis.thirdparty.io.netty.channel.nio.AbstractNioChannel$AbstractNioUnsafe.finishConnect(AbstractNioChannel.java:340)
	at org.apache.ratis.thirdparty.io.netty.channel.nio.NioEventLoop.processSelectedKey(NioEventLoop.java:632)
	at org.apache.ratis.thirdparty.io.netty.channel.nio.NioEventLoop.processSelectedKeysOptimized(NioEventLoop.java:579)
	at org.apache.ratis.thirdparty.io.netty.channel.nio.NioEventLoop.processSelectedKeys(NioEventLoop.java:496)
	at org.apache.ratis.thirdparty.io.netty.channel.nio.NioEventLoop.run(NioEventLoop.java:458)
	at org.apache.ratis.thirdparty.io.netty.util.concurrent.SingleThreadEventExecutor$5.run(SingleThreadEventExecutor.java:897)
	at org.apache.ratis.thirdparty.io.netty.util.concurrent.FastThreadLocalRunnable.run(FastThreadLocalRunnable.java:30)
	... 1 more
Caused by: java.net.ConnectException: Connection refused
	... 11 more
2019-10-20 18:19:02,806 [b75f8b2e-6273-4c97-b7c5-042674931d23@group-F11756C8BA4A-LeaderElection449] INFO  impl.RaftServerImpl (RaftServerImpl.java:setRole(184)) - b75f8b2e-6273-4c97-b7c5-042674931d23@group-F11756C8BA4A: changes role from CANDIDATE to FOLLOWER at term 258 for DISCOVERED_A_NEW_TERM
2019-10-20 18:19:02,806 [b75f8b2e-6273-4c97-b7c5-042674931d23@group-F11756C8BA4A-LeaderElection449] INFO  impl.RoleInfo (RoleInfo.java:shutdownLeaderElection(134)) - b75f8b2e-6273-4c97-b7c5-042674931d23: shutdown LeaderElection
2019-10-20 18:19:02,806 [b75f8b2e-6273-4c97-b7c5-042674931d23@group-F11756C8BA4A-LeaderElection449] INFO  impl.RoleInfo (RoleInfo.java:updateAndGet(143)) - b75f8b2e-6273-4c97-b7c5-042674931d23: start FollowerState
2019-10-20 18:19:02,862 [Thread-3458] INFO  impl.FollowerState (FollowerState.java:run(108)) - 399079f7-1eb1-4f37-b003-267572525934@group-D40A05E2FCF9-FollowerState: change to CANDIDATE, lastRpcTime:115ms, electionTimeout:115ms
2019-10-20 18:19:02,863 [Thread-3458] INFO  impl.RoleInfo (RoleInfo.java:shutdownFollowerState(121)) - 399079f7-1eb1-4f37-b003-267572525934: shutdown FollowerState
2019-10-20 18:19:02,863 [Thread-3458] INFO  impl.RaftServerImpl (RaftServerImpl.java:setRole(184)) - 399079f7-1eb1-4f37-b003-267572525934@group-D40A05E2FCF9: changes role from  FOLLOWER to CANDIDATE at term 257 for changeToCandidate
2019-10-20 18:19:02,863 [Thread-3458] INFO  impl.RoleInfo (RoleInfo.java:updateAndGet(143)) - 399079f7-1eb1-4f37-b003-267572525934: start LeaderElection
2019-10-20 18:19:02,865 [Thread-3462] INFO  impl.FollowerState (FollowerState.java:run(108)) - b75f8b2e-6273-4c97-b7c5-042674931d23@group-F11756C8BA4A-FollowerState: change to CANDIDATE, lastRpcTime:58ms, electionTimeout:58ms
2019-10-20 18:19:02,865 [Thread-3462] INFO  impl.RoleInfo (RoleInfo.java:shutdownFollowerState(121)) - b75f8b2e-6273-4c97-b7c5-042674931d23: shutdown FollowerState
2019-10-20 18:19:02,865 [Thread-3462] INFO  impl.RaftServerImpl (RaftServerImpl.java:setRole(184)) - b75f8b2e-6273-4c97-b7c5-042674931d23@group-F11756C8BA4A: changes role from  FOLLOWER to CANDIDATE at term 258 for changeToCandidate
2019-10-20 18:19:02,865 [Thread-3462] INFO  impl.RoleInfo (RoleInfo.java:updateAndGet(143)) - b75f8b2e-6273-4c97-b7c5-042674931d23: start LeaderElection
2019-10-20 18:19:02,889 [399079f7-1eb1-4f37-b003-267572525934@group-D40A05E2FCF9-LeaderElection450] INFO  impl.LeaderElection (LeaderElection.java:askForVotes(178)) - 399079f7-1eb1-4f37-b003-267572525934@group-D40A05E2FCF9-LeaderElection450: begin an election at term 258 for -1: [399079f7-1eb1-4f37-b003-267572525934:192.168.164.241:37762, 7a43c46a-fc88-4b2d-b2da-ae029cfa60ff:192.168.164.241:43684, 6c5c38af-62e6-4ea7-a24a-078dcb28fb39:192.168.164.241:45428], old=null
2019-10-20 18:19:02,889 [b75f8b2e-6273-4c97-b7c5-042674931d23@group-F11756C8BA4A-LeaderElection451] INFO  impl.LeaderElection (LeaderElection.java:askForVotes(178)) - b75f8b2e-6273-4c97-b7c5-042674931d23@group-F11756C8BA4A-LeaderElection451: begin an election at term 259 for -1: [6ef27e9c-8ddb-4fa1-8c14-ab102acfb1b8:192.168.164.241:38092, b75f8b2e-6273-4c97-b7c5-042674931d23:192.168.164.241:41857, 3750b3a2-715b-46b3-9d0c-9e38136244b9:192.168.164.241:46227], old=null
2019-10-20 18:19:02,892 [399079f7-1eb1-4f37-b003-267572525934@group-D40A05E2FCF9-LeaderElection450] INFO  impl.LeaderElection (LogUtils.java:infoOrTrace(149)) - 399079f7-1eb1-4f37-b003-267572525934@group-D40A05E2FCF9-LeaderElection450 got exception when requesting votes: {}
java.util.concurrent.ExecutionException: org.apache.ratis.thirdparty.io.grpc.StatusRuntimeException: UNAVAILABLE: io exception
	at java.util.concurrent.FutureTask.report(FutureTask.java:122)
	at java.util.concurrent.FutureTask.get(FutureTask.java:192)
	at org.apache.ratis.server.impl.LeaderElection.waitForResults(LeaderElection.java:259)
	at org.apache.ratis.server.impl.LeaderElection.askForVotes(LeaderElection.java:197)
	at org.apache.ratis.server.impl.LeaderElection.run(LeaderElection.java:133)
	at java.lang.Thread.run(Thread.java:748)
Caused by: org.apache.ratis.thirdparty.io.grpc.StatusRuntimeException: UNAVAILABLE: io exception
	at org.apache.ratis.thirdparty.io.grpc.stub.ClientCalls.toStatusRuntimeException(ClientCalls.java:233)
	at org.apache.ratis.thirdparty.io.grpc.stub.ClientCalls.getUnchecked(ClientCalls.java:214)
	at org.apache.ratis.thirdparty.io.grpc.stub.ClientCalls.blockingUnaryCall(ClientCalls.java:139)
	at org.apache.ratis.proto.grpc.RaftServerProtocolServiceGrpc$RaftServerProtocolServiceBlockingStub.requestVote(RaftServerProtocolServiceGrpc.java:265)
	at org.apache.ratis.grpc.server.GrpcServerProtocolClient.requestVote(GrpcServerProtocolClient.java:99)
	at org.apache.ratis.grpc.server.GrpcService.requestVote(GrpcService.java:204)
	at org.apache.ratis.server.impl.LeaderElection.lambda$submitRequests$1(LeaderElection.java:234)
	at java.util.concurrent.FutureTask.run(FutureTask.java:266)
	at java.util.concurrent.Executors$RunnableAdapter.call(Executors.java:511)
	at java.util.concurrent.FutureTask.run(FutureTask.java:266)
	at java.util.concurrent.ThreadPoolExecutor.runWorker(ThreadPoolExecutor.java:1149)
	at java.util.concurrent.ThreadPoolExecutor$Worker.run(ThreadPoolExecutor.java:624)
	... 1 more
Caused by: org.apache.ratis.thirdparty.io.netty.channel.AbstractChannel$AnnotatedConnectException: Connection refused: /192.168.164.241:45428
	at sun.nio.ch.SocketChannelImpl.checkConnect(Native Method)
	at sun.nio.ch.SocketChannelImpl.finishConnect(SocketChannelImpl.java:717)
	at org.apache.ratis.thirdparty.io.netty.channel.socket.nio.NioSocketChannel.doFinishConnect(NioSocketChannel.java:327)
	at org.apache.ratis.thirdparty.io.netty.channel.nio.AbstractNioChannel$AbstractNioUnsafe.finishConnect(AbstractNioChannel.java:340)
	at org.apache.ratis.thirdparty.io.netty.channel.nio.NioEventLoop.processSelectedKey(NioEventLoop.java:632)
	at org.apache.ratis.thirdparty.io.netty.channel.nio.NioEventLoop.processSelectedKeysOptimized(NioEventLoop.java:579)
	at org.apache.ratis.thirdparty.io.netty.channel.nio.NioEventLoop.processSelectedKeys(NioEventLoop.java:496)
	at org.apache.ratis.thirdparty.io.netty.channel.nio.NioEventLoop.run(NioEventLoop.java:458)
	at org.apache.ratis.thirdparty.io.netty.util.concurrent.SingleThreadEventExecutor$5.run(SingleThreadEventExecutor.java:897)
	at org.apache.ratis.thirdparty.io.netty.util.concurrent.FastThreadLocalRunnable.run(FastThreadLocalRunnable.java:30)
	... 1 more
Caused by: java.net.ConnectException: Connection refused
	... 11 more
2019-10-20 18:19:02,892 [b75f8b2e-6273-4c97-b7c5-042674931d23@group-F11756C8BA4A-LeaderElection451] INFO  impl.LeaderElection (LogUtils.java:infoOrTrace(149)) - b75f8b2e-6273-4c97-b7c5-042674931d23@group-F11756C8BA4A-LeaderElection451 got exception when requesting votes: {}
java.util.concurrent.ExecutionException: org.apache.ratis.thirdparty.io.grpc.StatusRuntimeException: UNAVAILABLE: io exception
	at java.util.concurrent.FutureTask.report(FutureTask.java:122)
	at java.util.concurrent.FutureTask.get(FutureTask.java:192)
	at org.apache.ratis.server.impl.LeaderElection.waitForResults(LeaderElection.java:259)
	at org.apache.ratis.server.impl.LeaderElection.askForVotes(LeaderElection.java:197)
	at org.apache.ratis.server.impl.LeaderElection.run(LeaderElection.java:133)
	at java.lang.Thread.run(Thread.java:748)
Caused by: org.apache.ratis.thirdparty.io.grpc.StatusRuntimeException: UNAVAILABLE: io exception
	at org.apache.ratis.thirdparty.io.grpc.stub.ClientCalls.toStatusRuntimeException(ClientCalls.java:233)
	at org.apache.ratis.thirdparty.io.grpc.stub.ClientCalls.getUnchecked(ClientCalls.java:214)
	at org.apache.ratis.thirdparty.io.grpc.stub.ClientCalls.blockingUnaryCall(ClientCalls.java:139)
	at org.apache.ratis.proto.grpc.RaftServerProtocolServiceGrpc$RaftServerProtocolServiceBlockingStub.requestVote(RaftServerProtocolServiceGrpc.java:265)
	at org.apache.ratis.grpc.server.GrpcServerProtocolClient.requestVote(GrpcServerProtocolClient.java:99)
	at org.apache.ratis.grpc.server.GrpcService.requestVote(GrpcService.java:204)
	at org.apache.ratis.server.impl.LeaderElection.lambda$submitRequests$1(LeaderElection.java:234)
	at java.util.concurrent.FutureTask.run(FutureTask.java:266)
	at java.util.concurrent.Executors$RunnableAdapter.call(Executors.java:511)
	at java.util.concurrent.FutureTask.run(FutureTask.java:266)
	at java.util.concurrent.ThreadPoolExecutor.runWorker(ThreadPoolExecutor.java:1149)
	at java.util.concurrent.ThreadPoolExecutor$Worker.run(ThreadPoolExecutor.java:624)
	... 1 more
Caused by: org.apache.ratis.thirdparty.io.netty.channel.AbstractChannel$AnnotatedConnectException: Connection refused: /192.168.164.241:46227
	at sun.nio.ch.SocketChannelImpl.checkConnect(Native Method)
	at sun.nio.ch.SocketChannelImpl.finishConnect(SocketChannelImpl.java:717)
	at org.apache.ratis.thirdparty.io.netty.channel.socket.nio.NioSocketChannel.doFinishConnect(NioSocketChannel.java:327)
	at org.apache.ratis.thirdparty.io.netty.channel.nio.AbstractNioChannel$AbstractNioUnsafe.finishConnect(AbstractNioChannel.java:340)
	at org.apache.ratis.thirdparty.io.netty.channel.nio.NioEventLoop.processSelectedKey(NioEventLoop.java:632)
	at org.apache.ratis.thirdparty.io.netty.channel.nio.NioEventLoop.processSelectedKeysOptimized(NioEventLoop.java:579)
	at org.apache.ratis.thirdparty.io.netty.channel.nio.NioEventLoop.processSelectedKeys(NioEventLoop.java:496)
	at org.apache.ratis.thirdparty.io.netty.channel.nio.NioEventLoop.run(NioEventLoop.java:458)
	at org.apache.ratis.thirdparty.io.netty.util.concurrent.SingleThreadEventExecutor$5.run(SingleThreadEventExecutor.java:897)
	at org.apache.ratis.thirdparty.io.netty.util.concurrent.FastThreadLocalRunnable.run(FastThreadLocalRunnable.java:30)
	... 1 more
Caused by: java.net.ConnectException: Connection refused
	... 11 more
2019-10-20 18:19:02,894 [grpc-default-executor-10] INFO  impl.RaftServerImpl (RaftServerImpl.java:setRole(184)) - 7a43c46a-fc88-4b2d-b2da-ae029cfa60ff@group-D40A05E2FCF9: changes role from  FOLLOWER to FOLLOWER at term 258 for recognizeCandidate:399079f7-1eb1-4f37-b003-267572525934
2019-10-20 18:19:02,894 [grpc-default-executor-4] INFO  impl.RaftServerImpl (RaftServerImpl.java:setRole(184)) - 6ef27e9c-8ddb-4fa1-8c14-ab102acfb1b8@group-F11756C8BA4A: changes role from  FOLLOWER to FOLLOWER at term 259 for recognizeCandidate:b75f8b2e-6273-4c97-b7c5-042674931d23
2019-10-20 18:19:02,894 [grpc-default-executor-4] INFO  impl.RoleInfo (RoleInfo.java:shutdownFollowerState(121)) - 6ef27e9c-8ddb-4fa1-8c14-ab102acfb1b8: shutdown FollowerState
2019-10-20 18:19:02,894 [grpc-default-executor-10] INFO  impl.RoleInfo (RoleInfo.java:shutdownFollowerState(121)) - 7a43c46a-fc88-4b2d-b2da-ae029cfa60ff: shutdown FollowerState
2019-10-20 18:19:02,894 [Thread-3461] INFO  impl.FollowerState (FollowerState.java:run(117)) - 6ef27e9c-8ddb-4fa1-8c14-ab102acfb1b8@group-F11756C8BA4A-FollowerState was interrupted: java.lang.InterruptedException: sleep interrupted
2019-10-20 18:19:02,894 [grpc-default-executor-4] INFO  impl.RoleInfo (RoleInfo.java:updateAndGet(143)) - 6ef27e9c-8ddb-4fa1-8c14-ab102acfb1b8: start FollowerState
2019-10-20 18:19:02,895 [Thread-3455] INFO  impl.FollowerState (FollowerState.java:run(117)) - 7a43c46a-fc88-4b2d-b2da-ae029cfa60ff@group-D40A05E2FCF9-FollowerState was interrupted: java.lang.InterruptedException: sleep interrupted
2019-10-20 18:19:02,895 [grpc-default-executor-10] INFO  impl.RoleInfo (RoleInfo.java:updateAndGet(143)) - 7a43c46a-fc88-4b2d-b2da-ae029cfa60ff: start FollowerState
2019-10-20 18:19:02,923 [399079f7-1eb1-4f37-b003-267572525934@group-D40A05E2FCF9-LeaderElection450] INFO  impl.LeaderElection (LeaderElection.java:logAndReturn(56)) - 399079f7-1eb1-4f37-b003-267572525934@group-D40A05E2FCF9-LeaderElection450: Election REJECTED; received 1 response(s) [399079f7-1eb1-4f37-b003-267572525934<-7a43c46a-fc88-4b2d-b2da-ae029cfa60ff#0:FAIL-t258] and 1 exception(s); 399079f7-1eb1-4f37-b003-267572525934@group-D40A05E2FCF9:t258, leader=null, voted=399079f7-1eb1-4f37-b003-267572525934, raftlog=399079f7-1eb1-4f37-b003-267572525934@group-D40A05E2FCF9-SegmentedRaftLog:OPENED:c-1,f-1,i0, conf=-1: [399079f7-1eb1-4f37-b003-267572525934:192.168.164.241:37762, 7a43c46a-fc88-4b2d-b2da-ae029cfa60ff:192.168.164.241:43684, 6c5c38af-62e6-4ea7-a24a-078dcb28fb39:192.168.164.241:45428], old=null
2019-10-20 18:19:02,923 [b75f8b2e-6273-4c97-b7c5-042674931d23@group-F11756C8BA4A-LeaderElection451] INFO  impl.LeaderElection (LeaderElection.java:logAndReturn(56)) - b75f8b2e-6273-4c97-b7c5-042674931d23@group-F11756C8BA4A-LeaderElection451: Election REJECTED; received 1 response(s) [b75f8b2e-6273-4c97-b7c5-042674931d23<-6ef27e9c-8ddb-4fa1-8c14-ab102acfb1b8#0:FAIL-t259] and 1 exception(s); b75f8b2e-6273-4c97-b7c5-042674931d23@group-F11756C8BA4A:t259, leader=null, voted=b75f8b2e-6273-4c97-b7c5-042674931d23, raftlog=b75f8b2e-6273-4c97-b7c5-042674931d23@group-F11756C8BA4A-SegmentedRaftLog:OPENED:c-1,f-1,i0, conf=-1: [6ef27e9c-8ddb-4fa1-8c14-ab102acfb1b8:192.168.164.241:38092, b75f8b2e-6273-4c97-b7c5-042674931d23:192.168.164.241:41857, 3750b3a2-715b-46b3-9d0c-9e38136244b9:192.168.164.241:46227], old=null
2019-10-20 18:19:02,923 [399079f7-1eb1-4f37-b003-267572525934@group-D40A05E2FCF9-LeaderElection450] INFO  impl.LeaderElection (LogUtils.java:infoOrTrace(149)) -   Exception 0: {}
java.util.concurrent.ExecutionException: org.apache.ratis.thirdparty.io.grpc.StatusRuntimeException: UNAVAILABLE: io exception
	at java.util.concurrent.FutureTask.report(FutureTask.java:122)
	at java.util.concurrent.FutureTask.get(FutureTask.java:192)
	at org.apache.ratis.server.impl.LeaderElection.waitForResults(LeaderElection.java:259)
	at org.apache.ratis.server.impl.LeaderElection.askForVotes(LeaderElection.java:197)
	at org.apache.ratis.server.impl.LeaderElection.run(LeaderElection.java:133)
	at java.lang.Thread.run(Thread.java:748)
Caused by: org.apache.ratis.thirdparty.io.grpc.StatusRuntimeException: UNAVAILABLE: io exception
	at org.apache.ratis.thirdparty.io.grpc.stub.ClientCalls.toStatusRuntimeException(ClientCalls.java:233)
	at org.apache.ratis.thirdparty.io.grpc.stub.ClientCalls.getUnchecked(ClientCalls.java:214)
	at org.apache.ratis.thirdparty.io.grpc.stub.ClientCalls.blockingUnaryCall(ClientCalls.java:139)
	at org.apache.ratis.proto.grpc.RaftServerProtocolServiceGrpc$RaftServerProtocolServiceBlockingStub.requestVote(RaftServerProtocolServiceGrpc.java:265)
	at org.apache.ratis.grpc.server.GrpcServerProtocolClient.requestVote(GrpcServerProtocolClient.java:99)
	at org.apache.ratis.grpc.server.GrpcService.requestVote(GrpcService.java:204)
	at org.apache.ratis.server.impl.LeaderElection.lambda$submitRequests$1(LeaderElection.java:234)
	at java.util.concurrent.FutureTask.run(FutureTask.java:266)
	at java.util.concurrent.Executors$RunnableAdapter.call(Executors.java:511)
	at java.util.concurrent.FutureTask.run(FutureTask.java:266)
	at java.util.concurrent.ThreadPoolExecutor.runWorker(ThreadPoolExecutor.java:1149)
	at java.util.concurrent.ThreadPoolExecutor$Worker.run(ThreadPoolExecutor.java:624)
	... 1 more
Caused by: org.apache.ratis.thirdparty.io.netty.channel.AbstractChannel$AnnotatedConnectException: Connection refused: /192.168.164.241:45428
	at sun.nio.ch.SocketChannelImpl.checkConnect(Native Method)
	at sun.nio.ch.SocketChannelImpl.finishConnect(SocketChannelImpl.java:717)
	at org.apache.ratis.thirdparty.io.netty.channel.socket.nio.NioSocketChannel.doFinishConnect(NioSocketChannel.java:327)
	at org.apache.ratis.thirdparty.io.netty.channel.nio.AbstractNioChannel$AbstractNioUnsafe.finishConnect(AbstractNioChannel.java:340)
	at org.apache.ratis.thirdparty.io.netty.channel.nio.NioEventLoop.processSelectedKey(NioEventLoop.java:632)
	at org.apache.ratis.thirdparty.io.netty.channel.nio.NioEventLoop.processSelectedKeysOptimized(NioEventLoop.java:579)
	at org.apache.ratis.thirdparty.io.netty.channel.nio.NioEventLoop.processSelectedKeys(NioEventLoop.java:496)
	at org.apache.ratis.thirdparty.io.netty.channel.nio.NioEventLoop.run(NioEventLoop.java:458)
	at org.apache.ratis.thirdparty.io.netty.util.concurrent.SingleThreadEventExecutor$5.run(SingleThreadEventExecutor.java:897)
	at org.apache.ratis.thirdparty.io.netty.util.concurrent.FastThreadLocalRunnable.run(FastThreadLocalRunnable.java:30)
	... 1 more
Caused by: java.net.ConnectException: Connection refused
	... 11 more
2019-10-20 18:19:02,923 [b75f8b2e-6273-4c97-b7c5-042674931d23@group-F11756C8BA4A-LeaderElection451] INFO  impl.LeaderElection (LogUtils.java:infoOrTrace(149)) -   Exception 0: {}
java.util.concurrent.ExecutionException: org.apache.ratis.thirdparty.io.grpc.StatusRuntimeException: UNAVAILABLE: io exception
	at java.util.concurrent.FutureTask.report(FutureTask.java:122)
	at java.util.concurrent.FutureTask.get(FutureTask.java:192)
	at org.apache.ratis.server.impl.LeaderElection.waitForResults(LeaderElection.java:259)
	at org.apache.ratis.server.impl.LeaderElection.askForVotes(LeaderElection.java:197)
	at org.apache.ratis.server.impl.LeaderElection.run(LeaderElection.java:133)
	at java.lang.Thread.run(Thread.java:748)
Caused by: org.apache.ratis.thirdparty.io.grpc.StatusRuntimeException: UNAVAILABLE: io exception
	at org.apache.ratis.thirdparty.io.grpc.stub.ClientCalls.toStatusRuntimeException(ClientCalls.java:233)
	at org.apache.ratis.thirdparty.io.grpc.stub.ClientCalls.getUnchecked(ClientCalls.java:214)
	at org.apache.ratis.thirdparty.io.grpc.stub.ClientCalls.blockingUnaryCall(ClientCalls.java:139)
	at org.apache.ratis.proto.grpc.RaftServerProtocolServiceGrpc$RaftServerProtocolServiceBlockingStub.requestVote(RaftServerProtocolServiceGrpc.java:265)
	at org.apache.ratis.grpc.server.GrpcServerProtocolClient.requestVote(GrpcServerProtocolClient.java:99)
	at org.apache.ratis.grpc.server.GrpcService.requestVote(GrpcService.java:204)
	at org.apache.ratis.server.impl.LeaderElection.lambda$submitRequests$1(LeaderElection.java:234)
	at java.util.concurrent.FutureTask.run(FutureTask.java:266)
	at java.util.concurrent.Executors$RunnableAdapter.call(Executors.java:511)
	at java.util.concurrent.FutureTask.run(FutureTask.java:266)
	at java.util.concurrent.ThreadPoolExecutor.runWorker(ThreadPoolExecutor.java:1149)
	at java.util.concurrent.ThreadPoolExecutor$Worker.run(ThreadPoolExecutor.java:624)
	... 1 more
Caused by: org.apache.ratis.thirdparty.io.netty.channel.AbstractChannel$AnnotatedConnectException: Connection refused: /192.168.164.241:46227
	at sun.nio.ch.SocketChannelImpl.checkConnect(Native Method)
	at sun.nio.ch.SocketChannelImpl.finishConnect(SocketChannelImpl.java:717)
	at org.apache.ratis.thirdparty.io.netty.channel.socket.nio.NioSocketChannel.doFinishConnect(NioSocketChannel.java:327)
	at org.apache.ratis.thirdparty.io.netty.channel.nio.AbstractNioChannel$AbstractNioUnsafe.finishConnect(AbstractNioChannel.java:340)
	at org.apache.ratis.thirdparty.io.netty.channel.nio.NioEventLoop.processSelectedKey(NioEventLoop.java:632)
	at org.apache.ratis.thirdparty.io.netty.channel.nio.NioEventLoop.processSelectedKeysOptimized(NioEventLoop.java:579)
	at org.apache.ratis.thirdparty.io.netty.channel.nio.NioEventLoop.processSelectedKeys(NioEventLoop.java:496)
	at org.apache.ratis.thirdparty.io.netty.channel.nio.NioEventLoop.run(NioEventLoop.java:458)
	at org.apache.ratis.thirdparty.io.netty.util.concurrent.SingleThreadEventExecutor$5.run(SingleThreadEventExecutor.java:897)
	at org.apache.ratis.thirdparty.io.netty.util.concurrent.FastThreadLocalRunnable.run(FastThreadLocalRunnable.java:30)
	... 1 more
Caused by: java.net.ConnectException: Connection refused
	... 11 more
2019-10-20 18:19:02,924 [399079f7-1eb1-4f37-b003-267572525934@group-D40A05E2FCF9-LeaderElection450] INFO  impl.RaftServerImpl (RaftServerImpl.java:setRole(184)) - 399079f7-1eb1-4f37-b003-267572525934@group-D40A05E2FCF9: changes role from CANDIDATE to FOLLOWER at term 258 for DISCOVERED_A_NEW_TERM
2019-10-20 18:19:02,924 [b75f8b2e-6273-4c97-b7c5-042674931d23@group-F11756C8BA4A-LeaderElection451] INFO  impl.RaftServerImpl (RaftServerImpl.java:setRole(184)) - b75f8b2e-6273-4c97-b7c5-042674931d23@group-F11756C8BA4A: changes role from CANDIDATE to FOLLOWER at term 259 for DISCOVERED_A_NEW_TERM
2019-10-20 18:19:02,924 [399079f7-1eb1-4f37-b003-267572525934@group-D40A05E2FCF9-LeaderElection450] INFO  impl.RoleInfo (RoleInfo.java:shutdownLeaderElection(134)) - 399079f7-1eb1-4f37-b003-267572525934: shutdown LeaderElection
2019-10-20 18:19:02,925 [b75f8b2e-6273-4c97-b7c5-042674931d23@group-F11756C8BA4A-LeaderElection451] INFO  impl.RoleInfo (RoleInfo.java:shutdownLeaderElection(134)) - b75f8b2e-6273-4c97-b7c5-042674931d23: shutdown LeaderElection
2019-10-20 18:19:02,925 [399079f7-1eb1-4f37-b003-267572525934@group-D40A05E2FCF9-LeaderElection450] INFO  impl.RoleInfo (RoleInfo.java:updateAndGet(143)) - 399079f7-1eb1-4f37-b003-267572525934: start FollowerState
2019-10-20 18:19:02,925 [b75f8b2e-6273-4c97-b7c5-042674931d23@group-F11756C8BA4A-LeaderElection451] INFO  impl.RoleInfo (RoleInfo.java:updateAndGet(143)) - b75f8b2e-6273-4c97-b7c5-042674931d23: start FollowerState
2019-10-20 18:19:02,931 [Thread-3472] INFO  impl.FollowerState (FollowerState.java:run(108)) - b75f8b2e-6273-4c97-b7c5-042674931d23@group-F11756C8BA4A-FollowerState: change to CANDIDATE, lastRpcTime:6ms, electionTimeout:6ms
2019-10-20 18:19:02,931 [Thread-3472] INFO  impl.RoleInfo (RoleInfo.java:shutdownFollowerState(121)) - b75f8b2e-6273-4c97-b7c5-042674931d23: shutdown FollowerState
2019-10-20 18:19:02,932 [Thread-3472] INFO  impl.RaftServerImpl (RaftServerImpl.java:setRole(184)) - b75f8b2e-6273-4c97-b7c5-042674931d23@group-F11756C8BA4A: changes role from  FOLLOWER to CANDIDATE at term 259 for changeToCandidate
2019-10-20 18:19:02,932 [Thread-3472] INFO  impl.RoleInfo (RoleInfo.java:updateAndGet(143)) - b75f8b2e-6273-4c97-b7c5-042674931d23: start LeaderElection
2019-10-20 18:19:02,956 [b75f8b2e-6273-4c97-b7c5-042674931d23@group-F11756C8BA4A-LeaderElection452] INFO  impl.LeaderElection (LeaderElection.java:askForVotes(178)) - b75f8b2e-6273-4c97-b7c5-042674931d23@group-F11756C8BA4A-LeaderElection452: begin an election at term 260 for -1: [6ef27e9c-8ddb-4fa1-8c14-ab102acfb1b8:192.168.164.241:38092, b75f8b2e-6273-4c97-b7c5-042674931d23:192.168.164.241:41857, 3750b3a2-715b-46b3-9d0c-9e38136244b9:192.168.164.241:46227], old=null
2019-10-20 18:19:02,957 [b75f8b2e-6273-4c97-b7c5-042674931d23@group-F11756C8BA4A-LeaderElection452] INFO  impl.LeaderElection (LogUtils.java:infoOrTrace(149)) - b75f8b2e-6273-4c97-b7c5-042674931d23@group-F11756C8BA4A-LeaderElection452 got exception when requesting votes: {}
java.util.concurrent.ExecutionException: org.apache.ratis.thirdparty.io.grpc.StatusRuntimeException: UNAVAILABLE: io exception
	at java.util.concurrent.FutureTask.report(FutureTask.java:122)
	at java.util.concurrent.FutureTask.get(FutureTask.java:192)
	at org.apache.ratis.server.impl.LeaderElection.waitForResults(LeaderElection.java:259)
	at org.apache.ratis.server.impl.LeaderElection.askForVotes(LeaderElection.java:197)
	at org.apache.ratis.server.impl.LeaderElection.run(LeaderElection.java:133)
	at java.lang.Thread.run(Thread.java:748)
Caused by: org.apache.ratis.thirdparty.io.grpc.StatusRuntimeException: UNAVAILABLE: io exception
	at org.apache.ratis.thirdparty.io.grpc.stub.ClientCalls.toStatusRuntimeException(ClientCalls.java:233)
	at org.apache.ratis.thirdparty.io.grpc.stub.ClientCalls.getUnchecked(ClientCalls.java:214)
	at org.apache.ratis.thirdparty.io.grpc.stub.ClientCalls.blockingUnaryCall(ClientCalls.java:139)
	at org.apache.ratis.proto.grpc.RaftServerProtocolServiceGrpc$RaftServerProtocolServiceBlockingStub.requestVote(RaftServerProtocolServiceGrpc.java:265)
	at org.apache.ratis.grpc.server.GrpcServerProtocolClient.requestVote(GrpcServerProtocolClient.java:99)
	at org.apache.ratis.grpc.server.GrpcService.requestVote(GrpcService.java:204)
	at org.apache.ratis.server.impl.LeaderElection.lambda$submitRequests$1(LeaderElection.java:234)
	at java.util.concurrent.FutureTask.run(FutureTask.java:266)
	at java.util.concurrent.Executors$RunnableAdapter.call(Executors.java:511)
	at java.util.concurrent.FutureTask.run(FutureTask.java:266)
	at java.util.concurrent.ThreadPoolExecutor.runWorker(ThreadPoolExecutor.java:1149)
	at java.util.concurrent.ThreadPoolExecutor$Worker.run(ThreadPoolExecutor.java:624)
	... 1 more
Caused by: org.apache.ratis.thirdparty.io.netty.channel.AbstractChannel$AnnotatedConnectException: Connection refused: /192.168.164.241:46227
	at sun.nio.ch.SocketChannelImpl.checkConnect(Native Method)
	at sun.nio.ch.SocketChannelImpl.finishConnect(SocketChannelImpl.java:717)
	at org.apache.ratis.thirdparty.io.netty.channel.socket.nio.NioSocketChannel.doFinishConnect(NioSocketChannel.java:327)
	at org.apache.ratis.thirdparty.io.netty.channel.nio.AbstractNioChannel$AbstractNioUnsafe.finishConnect(AbstractNioChannel.java:340)
	at org.apache.ratis.thirdparty.io.netty.channel.nio.NioEventLoop.processSelectedKey(NioEventLoop.java:632)
	at org.apache.ratis.thirdparty.io.netty.channel.nio.NioEventLoop.processSelectedKeysOptimized(NioEventLoop.java:579)
	at org.apache.ratis.thirdparty.io.netty.channel.nio.NioEventLoop.processSelectedKeys(NioEventLoop.java:496)
	at org.apache.ratis.thirdparty.io.netty.channel.nio.NioEventLoop.run(NioEventLoop.java:458)
	at org.apache.ratis.thirdparty.io.netty.util.concurrent.SingleThreadEventExecutor$5.run(SingleThreadEventExecutor.java:897)
	at org.apache.ratis.thirdparty.io.netty.util.concurrent.FastThreadLocalRunnable.run(FastThreadLocalRunnable.java:30)
	... 1 more
Caused by: java.net.ConnectException: Connection refused
	... 11 more
2019-10-20 18:19:02,957 [grpc-default-executor-10] INFO  impl.RaftServerImpl (RaftServerImpl.java:setRole(184)) - 6ef27e9c-8ddb-4fa1-8c14-ab102acfb1b8@group-F11756C8BA4A: changes role from  FOLLOWER to FOLLOWER at term 260 for recognizeCandidate:b75f8b2e-6273-4c97-b7c5-042674931d23
2019-10-20 18:19:02,958 [grpc-default-executor-10] INFO  impl.RoleInfo (RoleInfo.java:shutdownFollowerState(121)) - 6ef27e9c-8ddb-4fa1-8c14-ab102acfb1b8: shutdown FollowerState
2019-10-20 18:19:02,958 [grpc-default-executor-10] INFO  impl.RoleInfo (RoleInfo.java:updateAndGet(143)) - 6ef27e9c-8ddb-4fa1-8c14-ab102acfb1b8: start FollowerState
2019-10-20 18:19:02,958 [Thread-3469] INFO  impl.FollowerState (FollowerState.java:run(117)) - 6ef27e9c-8ddb-4fa1-8c14-ab102acfb1b8@group-F11756C8BA4A-FollowerState was interrupted: java.lang.InterruptedException: sleep interrupted
2019-10-20 18:19:02,982 [b75f8b2e-6273-4c97-b7c5-042674931d23@group-F11756C8BA4A-LeaderElection452] INFO  impl.LeaderElection (LeaderElection.java:logAndReturn(56)) - b75f8b2e-6273-4c97-b7c5-042674931d23@group-F11756C8BA4A-LeaderElection452: Election REJECTED; received 1 response(s) [b75f8b2e-6273-4c97-b7c5-042674931d23<-6ef27e9c-8ddb-4fa1-8c14-ab102acfb1b8#0:FAIL-t260] and 1 exception(s); b75f8b2e-6273-4c97-b7c5-042674931d23@group-F11756C8BA4A:t260, leader=null, voted=b75f8b2e-6273-4c97-b7c5-042674931d23, raftlog=b75f8b2e-6273-4c97-b7c5-042674931d23@group-F11756C8BA4A-SegmentedRaftLog:OPENED:c-1,f-1,i0, conf=-1: [6ef27e9c-8ddb-4fa1-8c14-ab102acfb1b8:192.168.164.241:38092, b75f8b2e-6273-4c97-b7c5-042674931d23:192.168.164.241:41857, 3750b3a2-715b-46b3-9d0c-9e38136244b9:192.168.164.241:46227], old=null
2019-10-20 18:19:02,982 [b75f8b2e-6273-4c97-b7c5-042674931d23@group-F11756C8BA4A-LeaderElection452] INFO  impl.LeaderElection (LogUtils.java:infoOrTrace(149)) -   Exception 0: {}
java.util.concurrent.ExecutionException: org.apache.ratis.thirdparty.io.grpc.StatusRuntimeException: UNAVAILABLE: io exception
	at java.util.concurrent.FutureTask.report(FutureTask.java:122)
	at java.util.concurrent.FutureTask.get(FutureTask.java:192)
	at org.apache.ratis.server.impl.LeaderElection.waitForResults(LeaderElection.java:259)
	at org.apache.ratis.server.impl.LeaderElection.askForVotes(LeaderElection.java:197)
	at org.apache.ratis.server.impl.LeaderElection.run(LeaderElection.java:133)
	at java.lang.Thread.run(Thread.java:748)
Caused by: org.apache.ratis.thirdparty.io.grpc.StatusRuntimeException: UNAVAILABLE: io exception
	at org.apache.ratis.thirdparty.io.grpc.stub.ClientCalls.toStatusRuntimeException(ClientCalls.java:233)
	at org.apache.ratis.thirdparty.io.grpc.stub.ClientCalls.getUnchecked(ClientCalls.java:214)
	at org.apache.ratis.thirdparty.io.grpc.stub.ClientCalls.blockingUnaryCall(ClientCalls.java:139)
	at org.apache.ratis.proto.grpc.RaftServerProtocolServiceGrpc$RaftServerProtocolServiceBlockingStub.requestVote(RaftServerProtocolServiceGrpc.java:265)
	at org.apache.ratis.grpc.server.GrpcServerProtocolClient.requestVote(GrpcServerProtocolClient.java:99)
	at org.apache.ratis.grpc.server.GrpcService.requestVote(GrpcService.java:204)
	at org.apache.ratis.server.impl.LeaderElection.lambda$submitRequests$1(LeaderElection.java:234)
	at java.util.concurrent.FutureTask.run(FutureTask.java:266)
	at java.util.concurrent.Executors$RunnableAdapter.call(Executors.java:511)
	at java.util.concurrent.FutureTask.run(FutureTask.java:266)
	at java.util.concurrent.ThreadPoolExecutor.runWorker(ThreadPoolExecutor.java:1149)
	at java.util.concurrent.ThreadPoolExecutor$Worker.run(ThreadPoolExecutor.java:624)
	... 1 more
Caused by: org.apache.ratis.thirdparty.io.netty.channel.AbstractChannel$AnnotatedConnectException: Connection refused: /192.168.164.241:46227
	at sun.nio.ch.SocketChannelImpl.checkConnect(Native Method)
	at sun.nio.ch.SocketChannelImpl.finishConnect(SocketChannelImpl.java:717)
	at org.apache.ratis.thirdparty.io.netty.channel.socket.nio.NioSocketChannel.doFinishConnect(NioSocketChannel.java:327)
	at org.apache.ratis.thirdparty.io.netty.channel.nio.AbstractNioChannel$AbstractNioUnsafe.finishConnect(AbstractNioChannel.java:340)
	at org.apache.ratis.thirdparty.io.netty.channel.nio.NioEventLoop.processSelectedKey(NioEventLoop.java:632)
	at org.apache.ratis.thirdparty.io.netty.channel.nio.NioEventLoop.processSelectedKeysOptimized(NioEventLoop.java:579)
	at org.apache.ratis.thirdparty.io.netty.channel.nio.NioEventLoop.processSelectedKeys(NioEventLoop.java:496)
	at org.apache.ratis.thirdparty.io.netty.channel.nio.NioEventLoop.run(NioEventLoop.java:458)
	at org.apache.ratis.thirdparty.io.netty.util.concurrent.SingleThreadEventExecutor$5.run(SingleThreadEventExecutor.java:897)
	at org.apache.ratis.thirdparty.io.netty.util.concurrent.FastThreadLocalRunnable.run(FastThreadLocalRunnable.java:30)
	... 1 more
Caused by: java.net.ConnectException: Connection refused
	... 11 more
2019-10-20 18:19:02,983 [b75f8b2e-6273-4c97-b7c5-042674931d23@group-F11756C8BA4A-LeaderElection452] INFO  impl.RaftServerImpl (RaftServerImpl.java:setRole(184)) - b75f8b2e-6273-4c97-b7c5-042674931d23@group-F11756C8BA4A: changes role from CANDIDATE to FOLLOWER at term 260 for DISCOVERED_A_NEW_TERM
2019-10-20 18:19:02,983 [b75f8b2e-6273-4c97-b7c5-042674931d23@group-F11756C8BA4A-LeaderElection452] INFO  impl.RoleInfo (RoleInfo.java:shutdownLeaderElection(134)) - b75f8b2e-6273-4c97-b7c5-042674931d23: shutdown LeaderElection
2019-10-20 18:19:02,983 [b75f8b2e-6273-4c97-b7c5-042674931d23@group-F11756C8BA4A-LeaderElection452] INFO  impl.RoleInfo (RoleInfo.java:updateAndGet(143)) - b75f8b2e-6273-4c97-b7c5-042674931d23: start FollowerState
2019-10-20 18:19:03,006 [ForkJoinPool.commonPool-worker-0] INFO  ozoneimpl.OzoneContainer (OzoneContainer.java:stop(227)) - Attempting to stop container services.
2019-10-20 18:19:03,007 [ForkJoinPool.commonPool-worker-0] INFO  impl.RaftServerProxy (RaftServerProxy.java:lambda$close$4(314)) - 399079f7-1eb1-4f37-b003-267572525934: close
2019-10-20 18:19:03,007 [ForkJoinPool.commonPool-worker-0] INFO  impl.RaftServerImpl (RaftServerImpl.java:lambda$shutdown$3(261)) - 399079f7-1eb1-4f37-b003-267572525934@group-D40A05E2FCF9: shutdown
2019-10-20 18:19:03,008 [ForkJoinPool.commonPool-worker-0] INFO  util.JmxRegister (JmxRegister.java:unregister(73)) - Successfully un-registered JMX Bean with object name Ratis:service=RaftServer,group=group-D40A05E2FCF9,id=399079f7-1eb1-4f37-b003-267572525934
2019-10-20 18:19:03,008 [ForkJoinPool.commonPool-worker-0] INFO  impl.RoleInfo (RoleInfo.java:shutdownFollowerState(121)) - 399079f7-1eb1-4f37-b003-267572525934: shutdown FollowerState
2019-10-20 18:19:03,008 [ForkJoinPool.commonPool-worker-0] INFO  impl.StateMachineUpdater (StateMachineUpdater.java:stopAndJoin(136)) - 399079f7-1eb1-4f37-b003-267572525934@group-D40A05E2FCF9-StateMachineUpdater: set stopIndex = -1
2019-10-20 18:19:03,008 [Thread-3471] INFO  impl.FollowerState (FollowerState.java:run(117)) - 399079f7-1eb1-4f37-b003-267572525934@group-D40A05E2FCF9-FollowerState was interrupted: java.lang.InterruptedException: sleep interrupted
2019-10-20 18:19:03,008 [ForkJoinPool.commonPool-worker-0] INFO  impl.RaftServerImpl (ServerState.java:close(388)) - 399079f7-1eb1-4f37-b003-267572525934@group-D40A05E2FCF9: closes. applyIndex: -1
2019-10-20 18:19:03,009 [399079f7-1eb1-4f37-b003-267572525934@group-D40A05E2FCF9-SegmentedRaftLogWorker] INFO  segmented.SegmentedRaftLogWorker (SegmentedRaftLogWorker.java:run(316)) - 399079f7-1eb1-4f37-b003-267572525934@group-D40A05E2FCF9-SegmentedRaftLogWorker was interrupted, exiting. There are 0 tasks remaining in the queue.
2019-10-20 18:19:03,009 [ForkJoinPool.commonPool-worker-0] INFO  segmented.SegmentedRaftLogWorker (SegmentedRaftLogWorker.java:close(224)) - 399079f7-1eb1-4f37-b003-267572525934@group-D40A05E2FCF9-SegmentedRaftLogWorker close()
2019-10-20 18:19:03,013 [ForkJoinPool.commonPool-worker-0] INFO  impl.RaftServerImpl (RaftServerImpl.java:lambda$shutdown$3(261)) - 399079f7-1eb1-4f37-b003-267572525934@group-A9BC39F4D113: shutdown
2019-10-20 18:19:03,013 [ForkJoinPool.commonPool-worker-0] INFO  util.JmxRegister (JmxRegister.java:unregister(73)) - Successfully un-registered JMX Bean with object name Ratis:service=RaftServer,group=group-A9BC39F4D113,id=399079f7-1eb1-4f37-b003-267572525934
2019-10-20 18:19:03,014 [ForkJoinPool.commonPool-worker-0] INFO  impl.RoleInfo (RoleInfo.java:shutdownLeaderState(104)) - 399079f7-1eb1-4f37-b003-267572525934: shutdown LeaderState
2019-10-20 18:19:03,014 [ForkJoinPool.commonPool-worker-0] INFO  impl.PendingRequests (PendingRequests.java:sendNotLeaderResponses(202)) - 399079f7-1eb1-4f37-b003-267572525934@group-A9BC39F4D113-PendingRequests: sendNotLeaderResponses
2019-10-20 18:19:03,014 [ForkJoinPool.commonPool-worker-0] INFO  impl.StateMachineUpdater (StateMachineUpdater.java:stopAndJoin(136)) - 399079f7-1eb1-4f37-b003-267572525934@group-A9BC39F4D113-StateMachineUpdater: set stopIndex = 0
2019-10-20 18:19:03,015 [ForkJoinPool.commonPool-worker-0] INFO  impl.RaftServerImpl (ServerState.java:close(388)) - 399079f7-1eb1-4f37-b003-267572525934@group-A9BC39F4D113: closes. applyIndex: 0
2019-10-20 18:19:03,016 [399079f7-1eb1-4f37-b003-267572525934@group-A9BC39F4D113-SegmentedRaftLogWorker] INFO  segmented.SegmentedRaftLogWorker (SegmentedRaftLogWorker.java:run(316)) - 399079f7-1eb1-4f37-b003-267572525934@group-A9BC39F4D113-SegmentedRaftLogWorker was interrupted, exiting. There are 0 tasks remaining in the queue.
2019-10-20 18:19:03,017 [ForkJoinPool.commonPool-worker-0] INFO  segmented.SegmentedRaftLogWorker (SegmentedRaftLogWorker.java:close(224)) - 399079f7-1eb1-4f37-b003-267572525934@group-A9BC39F4D113-SegmentedRaftLogWorker close()
2019-10-20 18:19:03,017 [main] INFO  ozoneimpl.OzoneContainer (OzoneContainer.java:stop(227)) - Attempting to stop container services.
2019-10-20 18:19:03,020 [ForkJoinPool.commonPool-worker-0] INFO  server.GrpcService (GrpcService.java:closeImpl(164)) - 399079f7-1eb1-4f37-b003-267572525934: shutdown server with port 37762 now
2019-10-20 18:19:03,021 [main] INFO  impl.RaftServerProxy (RaftServerProxy.java:lambda$close$4(314)) - a6e136fe-e391-4364-8a60-53801fc9277d: close
2019-10-20 18:19:03,021 [main] INFO  impl.RaftServerImpl (RaftServerImpl.java:lambda$shutdown$3(261)) - a6e136fe-e391-4364-8a60-53801fc9277d@group-AF4EDA66FDC9: shutdown
2019-10-20 18:19:03,022 [main] INFO  util.JmxRegister (JmxRegister.java:unregister(73)) - Successfully un-registered JMX Bean with object name Ratis:service=RaftServer,group=group-AF4EDA66FDC9,id=a6e136fe-e391-4364-8a60-53801fc9277d
2019-10-20 18:19:03,022 [main] INFO  impl.RoleInfo (RoleInfo.java:shutdownLeaderState(104)) - a6e136fe-e391-4364-8a60-53801fc9277d: shutdown LeaderState
2019-10-20 18:19:03,022 [ForkJoinPool.commonPool-worker-0] INFO  server.GrpcService (GrpcService.java:closeImpl(172)) - 399079f7-1eb1-4f37-b003-267572525934: shutdown server with port 37762 successfully
2019-10-20 18:19:03,025 [main] INFO  impl.PendingRequests (PendingRequests.java:sendNotLeaderResponses(202)) - a6e136fe-e391-4364-8a60-53801fc9277d@group-AF4EDA66FDC9-PendingRequests: sendNotLeaderResponses
2019-10-20 18:19:03,025 [org.apache.ratis.server.impl.LogAppender$AppenderDaemon$$Lambda$478/427253036@31aa39c4] WARN  server.GrpcLogAppender (GrpcLogAppender.java:mayWait(149)) - a6e136fe-e391-4364-8a60-53801fc9277d@group-AF4EDA66FDC9->c50ce170-3170-4e03-b167-34e0e02687b2-GrpcLogAppender: Wait interrupted by java.lang.InterruptedException
2019-10-20 18:19:03,025 [org.apache.ratis.server.impl.LogAppender$AppenderDaemon$$Lambda$478/427253036@609e75c3] WARN  server.GrpcLogAppender (GrpcLogAppender.java:mayWait(149)) - a6e136fe-e391-4364-8a60-53801fc9277d@group-AF4EDA66FDC9->eb28ec45-9b2b-44d6-ae7e-a31feda643bc-GrpcLogAppender: Wait interrupted by java.lang.InterruptedException
2019-10-20 18:19:03,026 [a6e136fe-e391-4364-8a60-53801fc9277d@group-AF4EDA66FDC9-StateMachineUpdater] INFO  ratis.ContainerStateMachine (ContainerStateMachine.java:takeSnapshot(294)) - group-AF4EDA66FDC9: Taking a snapshot at:(t:1, i:18) file /workdir/hadoop-ozone/integration-test/target/test-dir/MiniOzoneClusterImpl-3ef3c7a0-fafa-4375-a23c-18b63a3f56e7/datanode-8/data/ratis/ffef2051-cdca-432c-9792-af4eda66fdc9/sm/snapshot.1_18
2019-10-20 18:19:03,025 [main] INFO  impl.StateMachineUpdater (StateMachineUpdater.java:stopAndJoin(136)) - a6e136fe-e391-4364-8a60-53801fc9277d@group-AF4EDA66FDC9-StateMachineUpdater: set stopIndex = 22
2019-10-20 18:19:03,026 [grpc-default-executor-10] INFO  server.GrpcServerProtocolService (GrpcServerProtocolService.java:onCompleted(113)) - c50ce170-3170-4e03-b167-34e0e02687b2: Completed APPEND_ENTRIES, lastRequest: a6e136fe-e391-4364-8a60-53801fc9277d->c50ce170-3170-4e03-b167-34e0e02687b2#19-t2, previous=(t:2, i:22), leaderCommit=22, initializing? false, entries: <empty>
2019-10-20 18:19:03,027 [refreshUsed-/workdir/hadoop-ozone/integration-test/target/test-dir/MiniOzoneClusterImpl-3ef3c7a0-fafa-4375-a23c-18b63a3f56e7/datanode-4/data/containers] WARN  fs.CachingGetSpaceUsed (CachingGetSpaceUsed.java:run(183)) - Thread Interrupted waiting to refresh disk information: sleep interrupted
2019-10-20 18:19:03,027 [grpc-default-executor-10] INFO  server.GrpcLogAppender (GrpcLogAppender.java:onCompleted(308)) - a6e136fe-e391-4364-8a60-53801fc9277d@group-AF4EDA66FDC9->c50ce170-3170-4e03-b167-34e0e02687b2-AppendLogResponseHandler: follower responses appendEntries COMPLETED
2019-10-20 18:19:03,028 [grpc-default-executor-10] INFO  impl.FollowerInfo (FollowerInfo.java:lambda$new$0(51)) - a6e136fe-e391-4364-8a60-53801fc9277d@group-AF4EDA66FDC9->c50ce170-3170-4e03-b167-34e0e02687b2: nextIndex: updateUnconditionally 23 -> 22
2019-10-20 18:19:03,046 [ForkJoinPool.commonPool-worker-0] INFO  utils.BackgroundService (BackgroundService.java:shutdown(151)) - Shutting down service BlockDeletingService
2019-10-20 18:19:03,051 [ForkJoinPool.commonPool-worker-0] INFO  statemachine.DatanodeStateMachine (DatanodeStateMachine.java:stopDaemon(395)) - Ozone container server stopped.
2019-10-20 18:19:03,055 [ForkJoinPool.commonPool-worker-0] INFO  handler.ContextHandler (ContextHandler.java:doStop(910)) - Stopped o.e.j.w.WebAppContext@6b350309{/,null,UNAVAILABLE}{/hddsDatanode}
2019-10-20 18:19:03,056 [ForkJoinPool.commonPool-worker-0] INFO  server.AbstractConnector (AbstractConnector.java:doStop(318)) - Stopped ServerConnector@7ecec90d{HTTP/1.1,[http/1.1]}{0.0.0.0:0}
2019-10-20 18:19:03,058 [ForkJoinPool.commonPool-worker-0] INFO  handler.ContextHandler (ContextHandler.java:doStop(910)) - Stopped o.e.j.s.ServletContextHandler@7100dea{/static,jar:file:/home/user/.m2/repository/org/apache/hadoop/hadoop-hdds-container-service/0.5.0-SNAPSHOT/hadoop-hdds-container-service-0.5.0-SNAPSHOT.jar!/webapps/static,UNAVAILABLE}
2019-10-20 18:19:03,058 [a6e136fe-e391-4364-8a60-53801fc9277d@group-AF4EDA66FDC9-StateMachineUpdater] INFO  ratis.ContainerStateMachine (ContainerStateMachine.java:takeSnapshot(305)) - group-AF4EDA66FDC9: Finished taking a snapshot at:(t:1, i:18) file:/workdir/hadoop-ozone/integration-test/target/test-dir/MiniOzoneClusterImpl-3ef3c7a0-fafa-4375-a23c-18b63a3f56e7/datanode-8/data/ratis/ffef2051-cdca-432c-9792-af4eda66fdc9/sm/snapshot.1_18 time:32
2019-10-20 18:19:03,060 [ForkJoinPool.commonPool-worker-0] INFO  handler.ContextHandler (ContextHandler.java:doStop(910)) - Stopped o.e.j.s.ServletContextHandler@4d21c56e{/logs,file:///workdir/hadoop-ozone/integration-test/target/log,UNAVAILABLE}
2019-10-20 18:19:03,060 [a6e136fe-e391-4364-8a60-53801fc9277d@group-AF4EDA66FDC9-StateMachineUpdater] INFO  impl.StateMachineUpdater (StateMachineUpdater.java:takeSnapshot(269)) - a6e136fe-e391-4364-8a60-53801fc9277d@group-AF4EDA66FDC9-StateMachineUpdater: Took a snapshot at index 18
2019-10-20 18:19:03,061 [a6e136fe-e391-4364-8a60-53801fc9277d@group-AF4EDA66FDC9-StateMachineUpdater] INFO  impl.StateMachineUpdater (StateMachineUpdater.java:lambda$new$0(84)) - a6e136fe-e391-4364-8a60-53801fc9277d@group-AF4EDA66FDC9-StateMachineUpdater: snapshotIndex: updateIncreasingly -1 -> 18
2019-10-20 18:19:03,062 [a6e136fe-e391-4364-8a60-53801fc9277d@group-AF4EDA66FDC9-StateMachineUpdater] INFO  ratis.ContainerStateMachine (ContainerStateMachine.java:takeSnapshot(294)) - group-AF4EDA66FDC9: Taking a snapshot at:(t:1, i:18) file /workdir/hadoop-ozone/integration-test/target/test-dir/MiniOzoneClusterImpl-3ef3c7a0-fafa-4375-a23c-18b63a3f56e7/datanode-8/data/ratis/ffef2051-cdca-432c-9792-af4eda66fdc9/sm/snapshot.1_18
2019-10-20 18:19:03,083 [a6e136fe-e391-4364-8a60-53801fc9277d@group-AF4EDA66FDC9-StateMachineUpdater] INFO  ratis.ContainerStateMachine (ContainerStateMachine.java:takeSnapshot(305)) - group-AF4EDA66FDC9: Finished taking a snapshot at:(t:1, i:18) file:/workdir/hadoop-ozone/integration-test/target/test-dir/MiniOzoneClusterImpl-3ef3c7a0-fafa-4375-a23c-18b63a3f56e7/datanode-8/data/ratis/ffef2051-cdca-432c-9792-af4eda66fdc9/sm/snapshot.1_18 time:22
2019-10-20 18:19:03,084 [a6e136fe-e391-4364-8a60-53801fc9277d@group-AF4EDA66FDC9-StateMachineUpdater] INFO  impl.StateMachineUpdater (StateMachineUpdater.java:takeSnapshot(269)) - a6e136fe-e391-4364-8a60-53801fc9277d@group-AF4EDA66FDC9-StateMachineUpdater: Took a snapshot at index 18
2019-10-20 18:19:03,084 [a6e136fe-e391-4364-8a60-53801fc9277d@group-AF4EDA66FDC9-StateMachineUpdater] INFO  impl.StateMachineUpdater (StateMachineUpdater.java:lambda$new$0(84)) - a6e136fe-e391-4364-8a60-53801fc9277d@group-AF4EDA66FDC9-StateMachineUpdater: snapshotIndex: updateIncreasingly 18 -> 18
2019-10-20 18:19:03,084 [main] INFO  impl.RaftServerImpl (ServerState.java:close(388)) - a6e136fe-e391-4364-8a60-53801fc9277d@group-AF4EDA66FDC9: closes. applyIndex: 22
2019-10-20 18:19:03,085 [a6e136fe-e391-4364-8a60-53801fc9277d@group-AF4EDA66FDC9-SegmentedRaftLogWorker] INFO  segmented.SegmentedRaftLogWorker (SegmentedRaftLogWorker.java:run(316)) - a6e136fe-e391-4364-8a60-53801fc9277d@group-AF4EDA66FDC9-SegmentedRaftLogWorker was interrupted, exiting. There are 0 tasks remaining in the queue.
2019-10-20 18:19:03,087 [main] INFO  segmented.SegmentedRaftLogWorker (SegmentedRaftLogWorker.java:close(224)) - a6e136fe-e391-4364-8a60-53801fc9277d@group-AF4EDA66FDC9-SegmentedRaftLogWorker close()
2019-10-20 18:19:03,090 [main] INFO  impl.RaftServerImpl (RaftServerImpl.java:lambda$shutdown$3(261)) - a6e136fe-e391-4364-8a60-53801fc9277d@group-A317E22BC030: shutdown
2019-10-20 18:19:03,091 [main] INFO  util.JmxRegister (JmxRegister.java:unregister(73)) - Successfully un-registered JMX Bean with object name Ratis:service=RaftServer,group=group-A317E22BC030,id=a6e136fe-e391-4364-8a60-53801fc9277d
2019-10-20 18:19:03,091 [main] INFO  impl.RoleInfo (RoleInfo.java:shutdownLeaderState(104)) - a6e136fe-e391-4364-8a60-53801fc9277d: shutdown LeaderState
2019-10-20 18:19:03,091 [main] INFO  impl.PendingRequests (PendingRequests.java:sendNotLeaderResponses(202)) - a6e136fe-e391-4364-8a60-53801fc9277d@group-A317E22BC030-PendingRequests: sendNotLeaderResponses
2019-10-20 18:19:03,092 [main] INFO  impl.StateMachineUpdater (StateMachineUpdater.java:stopAndJoin(136)) - a6e136fe-e391-4364-8a60-53801fc9277d@group-A317E22BC030-StateMachineUpdater: set stopIndex = 0
2019-10-20 18:19:03,092 [main] INFO  impl.RaftServerImpl (ServerState.java:close(388)) - a6e136fe-e391-4364-8a60-53801fc9277d@group-A317E22BC030: closes. applyIndex: 0
2019-10-20 18:19:03,092 [a6e136fe-e391-4364-8a60-53801fc9277d@group-A317E22BC030-SegmentedRaftLogWorker] INFO  segmented.SegmentedRaftLogWorker (SegmentedRaftLogWorker.java:run(316)) - a6e136fe-e391-4364-8a60-53801fc9277d@group-A317E22BC030-SegmentedRaftLogWorker was interrupted, exiting. There are 0 tasks remaining in the queue.
2019-10-20 18:19:03,102 [main] INFO  segmented.SegmentedRaftLogWorker (SegmentedRaftLogWorker.java:close(224)) - a6e136fe-e391-4364-8a60-53801fc9277d@group-A317E22BC030-SegmentedRaftLogWorker close()
2019-10-20 18:19:03,104 [main] INFO  server.GrpcService (GrpcService.java:closeImpl(164)) - a6e136fe-e391-4364-8a60-53801fc9277d: shutdown server with port 40755 now
2019-10-20 18:19:03,104 [main] INFO  server.GrpcService (GrpcService.java:closeImpl(172)) - a6e136fe-e391-4364-8a60-53801fc9277d: shutdown server with port 40755 successfully
2019-10-20 18:19:03,109 [refreshUsed-/workdir/hadoop-ozone/integration-test/target/test-dir/MiniOzoneClusterImpl-3ef3c7a0-fafa-4375-a23c-18b63a3f56e7/datanode-8/data/containers] WARN  fs.CachingGetSpaceUsed (CachingGetSpaceUsed.java:run(183)) - Thread Interrupted waiting to refresh disk information: sleep interrupted
2019-10-20 18:19:03,110 [Thread-3477] INFO  impl.FollowerState (FollowerState.java:run(108)) - b75f8b2e-6273-4c97-b7c5-042674931d23@group-F11756C8BA4A-FollowerState: change to CANDIDATE, lastRpcTime:127ms, electionTimeout:127ms
2019-10-20 18:19:03,111 [Thread-3477] INFO  impl.RoleInfo (RoleInfo.java:shutdownFollowerState(121)) - b75f8b2e-6273-4c97-b7c5-042674931d23: shutdown FollowerState
2019-10-20 18:19:03,111 [Thread-3477] INFO  impl.RaftServerImpl (RaftServerImpl.java:setRole(184)) - b75f8b2e-6273-4c97-b7c5-042674931d23@group-F11756C8BA4A: changes role from  FOLLOWER to CANDIDATE at term 260 for changeToCandidate
2019-10-20 18:19:03,111 [Thread-3477] INFO  impl.RoleInfo (RoleInfo.java:updateAndGet(143)) - b75f8b2e-6273-4c97-b7c5-042674931d23: start LeaderElection
2019-10-20 18:19:03,125 [main] INFO  utils.BackgroundService (BackgroundService.java:shutdown(151)) - Shutting down service BlockDeletingService
2019-10-20 18:19:03,129 [main] INFO  statemachine.DatanodeStateMachine (DatanodeStateMachine.java:stopDaemon(395)) - Ozone container server stopped.
2019-10-20 18:19:03,130 [main] INFO  handler.ContextHandler (ContextHandler.java:doStop(910)) - Stopped o.e.j.w.WebAppContext@5a08efdc{/,null,UNAVAILABLE}{/hddsDatanode}
2019-10-20 18:19:03,131 [main] INFO  server.AbstractConnector (AbstractConnector.java:doStop(318)) - Stopped ServerConnector@57272109{HTTP/1.1,[http/1.1]}{0.0.0.0:0}
2019-10-20 18:19:03,131 [main] INFO  handler.ContextHandler (ContextHandler.java:doStop(910)) - Stopped o.e.j.s.ServletContextHandler@79a04e5f{/static,jar:file:/home/user/.m2/repository/org/apache/hadoop/hadoop-hdds-container-service/0.5.0-SNAPSHOT/hadoop-hdds-container-service-0.5.0-SNAPSHOT.jar!/webapps/static,UNAVAILABLE}
2019-10-20 18:19:03,131 [main] INFO  handler.ContextHandler (ContextHandler.java:doStop(910)) - Stopped o.e.j.s.ServletContextHandler@1ab5f08a{/logs,file:///workdir/hadoop-ozone/integration-test/target/log,UNAVAILABLE}
2019-10-20 18:19:03,142 [b75f8b2e-6273-4c97-b7c5-042674931d23@group-F11756C8BA4A-LeaderElection453] INFO  impl.LeaderElection (LeaderElection.java:askForVotes(178)) - b75f8b2e-6273-4c97-b7c5-042674931d23@group-F11756C8BA4A-LeaderElection453: begin an election at term 261 for -1: [6ef27e9c-8ddb-4fa1-8c14-ab102acfb1b8:192.168.164.241:38092, b75f8b2e-6273-4c97-b7c5-042674931d23:192.168.164.241:41857, 3750b3a2-715b-46b3-9d0c-9e38136244b9:192.168.164.241:46227], old=null
2019-10-20 18:19:03,143 [b75f8b2e-6273-4c97-b7c5-042674931d23@group-F11756C8BA4A-LeaderElection453] INFO  impl.LeaderElection (LogUtils.java:infoOrTrace(149)) - b75f8b2e-6273-4c97-b7c5-042674931d23@group-F11756C8BA4A-LeaderElection453 got exception when requesting votes: {}
java.util.concurrent.ExecutionException: org.apache.ratis.thirdparty.io.grpc.StatusRuntimeException: UNAVAILABLE: io exception
	at java.util.concurrent.FutureTask.report(FutureTask.java:122)
	at java.util.concurrent.FutureTask.get(FutureTask.java:192)
	at org.apache.ratis.server.impl.LeaderElection.waitForResults(LeaderElection.java:259)
	at org.apache.ratis.server.impl.LeaderElection.askForVotes(LeaderElection.java:197)
	at org.apache.ratis.server.impl.LeaderElection.run(LeaderElection.java:133)
	at java.lang.Thread.run(Thread.java:748)
Caused by: org.apache.ratis.thirdparty.io.grpc.StatusRuntimeException: UNAVAILABLE: io exception
	at org.apache.ratis.thirdparty.io.grpc.stub.ClientCalls.toStatusRuntimeException(ClientCalls.java:233)
	at org.apache.ratis.thirdparty.io.grpc.stub.ClientCalls.getUnchecked(ClientCalls.java:214)
	at org.apache.ratis.thirdparty.io.grpc.stub.ClientCalls.blockingUnaryCall(ClientCalls.java:139)
	at org.apache.ratis.proto.grpc.RaftServerProtocolServiceGrpc$RaftServerProtocolServiceBlockingStub.requestVote(RaftServerProtocolServiceGrpc.java:265)
	at org.apache.ratis.grpc.server.GrpcServerProtocolClient.requestVote(GrpcServerProtocolClient.java:99)
	at org.apache.ratis.grpc.server.GrpcService.requestVote(GrpcService.java:204)
	at org.apache.ratis.server.impl.LeaderElection.lambda$submitRequests$1(LeaderElection.java:234)
	at java.util.concurrent.FutureTask.run(FutureTask.java:266)
	at java.util.concurrent.Executors$RunnableAdapter.call(Executors.java:511)
	at java.util.concurrent.FutureTask.run(FutureTask.java:266)
	at java.util.concurrent.ThreadPoolExecutor.runWorker(ThreadPoolExecutor.java:1149)
	at java.util.concurrent.ThreadPoolExecutor$Worker.run(ThreadPoolExecutor.java:624)
	... 1 more
Caused by: org.apache.ratis.thirdparty.io.netty.channel.AbstractChannel$AnnotatedConnectException: Connection refused: /192.168.164.241:46227
	at sun.nio.ch.SocketChannelImpl.checkConnect(Native Method)
	at sun.nio.ch.SocketChannelImpl.finishConnect(SocketChannelImpl.java:717)
	at org.apache.ratis.thirdparty.io.netty.channel.socket.nio.NioSocketChannel.doFinishConnect(NioSocketChannel.java:327)
	at org.apache.ratis.thirdparty.io.netty.channel.nio.AbstractNioChannel$AbstractNioUnsafe.finishConnect(AbstractNioChannel.java:340)
	at org.apache.ratis.thirdparty.io.netty.channel.nio.NioEventLoop.processSelectedKey(NioEventLoop.java:632)
	at org.apache.ratis.thirdparty.io.netty.channel.nio.NioEventLoop.processSelectedKeysOptimized(NioEventLoop.java:579)
	at org.apache.ratis.thirdparty.io.netty.channel.nio.NioEventLoop.processSelectedKeys(NioEventLoop.java:496)
	at org.apache.ratis.thirdparty.io.netty.channel.nio.NioEventLoop.run(NioEventLoop.java:458)
	at org.apache.ratis.thirdparty.io.netty.util.concurrent.SingleThreadEventExecutor$5.run(SingleThreadEventExecutor.java:897)
	at org.apache.ratis.thirdparty.io.netty.util.concurrent.FastThreadLocalRunnable.run(FastThreadLocalRunnable.java:30)
	... 1 more
Caused by: java.net.ConnectException: Connection refused
	... 11 more
2019-10-20 18:19:03,144 [grpc-default-executor-10] INFO  impl.RaftServerImpl (RaftServerImpl.java:setRole(184)) - 6ef27e9c-8ddb-4fa1-8c14-ab102acfb1b8@group-F11756C8BA4A: changes role from  FOLLOWER to FOLLOWER at term 261 for recognizeCandidate:b75f8b2e-6273-4c97-b7c5-042674931d23
2019-10-20 18:19:03,144 [grpc-default-executor-10] INFO  impl.RoleInfo (RoleInfo.java:shutdownFollowerState(121)) - 6ef27e9c-8ddb-4fa1-8c14-ab102acfb1b8: shutdown FollowerState
2019-10-20 18:19:03,144 [grpc-default-executor-10] INFO  impl.RoleInfo (RoleInfo.java:updateAndGet(143)) - 6ef27e9c-8ddb-4fa1-8c14-ab102acfb1b8: start FollowerState
2019-10-20 18:19:03,144 [Thread-3476] INFO  impl.FollowerState (FollowerState.java:run(117)) - 6ef27e9c-8ddb-4fa1-8c14-ab102acfb1b8@group-F11756C8BA4A-FollowerState was interrupted: java.lang.InterruptedException: sleep interrupted
2019-10-20 18:19:03,168 [b75f8b2e-6273-4c97-b7c5-042674931d23@group-F11756C8BA4A-LeaderElection453] INFO  impl.LeaderElection (LeaderElection.java:logAndReturn(56)) - b75f8b2e-6273-4c97-b7c5-042674931d23@group-F11756C8BA4A-LeaderElection453: Election REJECTED; received 1 response(s) [b75f8b2e-6273-4c97-b7c5-042674931d23<-6ef27e9c-8ddb-4fa1-8c14-ab102acfb1b8#0:FAIL-t261] and 1 exception(s); b75f8b2e-6273-4c97-b7c5-042674931d23@group-F11756C8BA4A:t261, leader=null, voted=b75f8b2e-6273-4c97-b7c5-042674931d23, raftlog=b75f8b2e-6273-4c97-b7c5-042674931d23@group-F11756C8BA4A-SegmentedRaftLog:OPENED:c-1,f-1,i0, conf=-1: [6ef27e9c-8ddb-4fa1-8c14-ab102acfb1b8:192.168.164.241:38092, b75f8b2e-6273-4c97-b7c5-042674931d23:192.168.164.241:41857, 3750b3a2-715b-46b3-9d0c-9e38136244b9:192.168.164.241:46227], old=null
2019-10-20 18:19:03,168 [b75f8b2e-6273-4c97-b7c5-042674931d23@group-F11756C8BA4A-LeaderElection453] INFO  impl.LeaderElection (LogUtils.java:infoOrTrace(149)) -   Exception 0: {}
java.util.concurrent.ExecutionException: org.apache.ratis.thirdparty.io.grpc.StatusRuntimeException: UNAVAILABLE: io exception
	at java.util.concurrent.FutureTask.report(FutureTask.java:122)
	at java.util.concurrent.FutureTask.get(FutureTask.java:192)
	at org.apache.ratis.server.impl.LeaderElection.waitForResults(LeaderElection.java:259)
	at org.apache.ratis.server.impl.LeaderElection.askForVotes(LeaderElection.java:197)
	at org.apache.ratis.server.impl.LeaderElection.run(LeaderElection.java:133)
	at java.lang.Thread.run(Thread.java:748)
Caused by: org.apache.ratis.thirdparty.io.grpc.StatusRuntimeException: UNAVAILABLE: io exception
	at org.apache.ratis.thirdparty.io.grpc.stub.ClientCalls.toStatusRuntimeException(ClientCalls.java:233)
	at org.apache.ratis.thirdparty.io.grpc.stub.ClientCalls.getUnchecked(ClientCalls.java:214)
	at org.apache.ratis.thirdparty.io.grpc.stub.ClientCalls.blockingUnaryCall(ClientCalls.java:139)
	at org.apache.ratis.proto.grpc.RaftServerProtocolServiceGrpc$RaftServerProtocolServiceBlockingStub.requestVote(RaftServerProtocolServiceGrpc.java:265)
	at org.apache.ratis.grpc.server.GrpcServerProtocolClient.requestVote(GrpcServerProtocolClient.java:99)
	at org.apache.ratis.grpc.server.GrpcService.requestVote(GrpcService.java:204)
	at org.apache.ratis.server.impl.LeaderElection.lambda$submitRequests$1(LeaderElection.java:234)
	at java.util.concurrent.FutureTask.run(FutureTask.java:266)
	at java.util.concurrent.Executors$RunnableAdapter.call(Executors.java:511)
	at java.util.concurrent.FutureTask.run(FutureTask.java:266)
	at java.util.concurrent.ThreadPoolExecutor.runWorker(ThreadPoolExecutor.java:1149)
	at java.util.concurrent.ThreadPoolExecutor$Worker.run(ThreadPoolExecutor.java:624)
	... 1 more
Caused by: org.apache.ratis.thirdparty.io.netty.channel.AbstractChannel$AnnotatedConnectException: Connection refused: /192.168.164.241:46227
	at sun.nio.ch.SocketChannelImpl.checkConnect(Native Method)
	at sun.nio.ch.SocketChannelImpl.finishConnect(SocketChannelImpl.java:717)
	at org.apache.ratis.thirdparty.io.netty.channel.socket.nio.NioSocketChannel.doFinishConnect(NioSocketChannel.java:327)
	at org.apache.ratis.thirdparty.io.netty.channel.nio.AbstractNioChannel$AbstractNioUnsafe.finishConnect(AbstractNioChannel.java:340)
	at org.apache.ratis.thirdparty.io.netty.channel.nio.NioEventLoop.processSelectedKey(NioEventLoop.java:632)
	at org.apache.ratis.thirdparty.io.netty.channel.nio.NioEventLoop.processSelectedKeysOptimized(NioEventLoop.java:579)
	at org.apache.ratis.thirdparty.io.netty.channel.nio.NioEventLoop.processSelectedKeys(NioEventLoop.java:496)
	at org.apache.ratis.thirdparty.io.netty.channel.nio.NioEventLoop.run(NioEventLoop.java:458)
	at org.apache.ratis.thirdparty.io.netty.util.concurrent.SingleThreadEventExecutor$5.run(SingleThreadEventExecutor.java:897)
	at org.apache.ratis.thirdparty.io.netty.util.concurrent.FastThreadLocalRunnable.run(FastThreadLocalRunnable.java:30)
	... 1 more
Caused by: java.net.ConnectException: Connection refused
	... 11 more
2019-10-20 18:19:03,169 [b75f8b2e-6273-4c97-b7c5-042674931d23@group-F11756C8BA4A-LeaderElection453] INFO  impl.RaftServerImpl (RaftServerImpl.java:setRole(184)) - b75f8b2e-6273-4c97-b7c5-042674931d23@group-F11756C8BA4A: changes role from CANDIDATE to FOLLOWER at term 261 for DISCOVERED_A_NEW_TERM
2019-10-20 18:19:03,169 [b75f8b2e-6273-4c97-b7c5-042674931d23@group-F11756C8BA4A-LeaderElection453] INFO  impl.RoleInfo (RoleInfo.java:shutdownLeaderElection(134)) - b75f8b2e-6273-4c97-b7c5-042674931d23: shutdown LeaderElection
2019-10-20 18:19:03,169 [b75f8b2e-6273-4c97-b7c5-042674931d23@group-F11756C8BA4A-LeaderElection453] INFO  impl.RoleInfo (RoleInfo.java:updateAndGet(143)) - b75f8b2e-6273-4c97-b7c5-042674931d23: start FollowerState
2019-10-20 18:19:03,188 [java.util.concurrent.ThreadPoolExecutor$Worker@43a22d17[State = -1, empty queue]] WARN  server.GrpcLogAppender (GrpcLogAppender.java:timeoutAppendRequest(209)) - a6e136fe-e391-4364-8a60-53801fc9277d@group-AF4EDA66FDC9->eb28ec45-9b2b-44d6-ae7e-a31feda643bc-GrpcLogAppender: appendEntries Timeout, request=a6e136fe-e391-4364-8a60-53801fc9277d->eb28ec45-9b2b-44d6-ae7e-a31feda643bc#2-t2, previous=(t:1, i:20), leaderCommit=22, initializing? false, entries: <empty>
2019-10-20 18:19:03,321 [Thread-3482] INFO  impl.FollowerState (FollowerState.java:run(108)) - b75f8b2e-6273-4c97-b7c5-042674931d23@group-F11756C8BA4A-FollowerState: change to CANDIDATE, lastRpcTime:152ms, electionTimeout:152ms
2019-10-20 18:19:03,321 [Thread-3482] INFO  impl.RoleInfo (RoleInfo.java:shutdownFollowerState(121)) - b75f8b2e-6273-4c97-b7c5-042674931d23: shutdown FollowerState
2019-10-20 18:19:03,321 [Thread-3482] INFO  impl.RaftServerImpl (RaftServerImpl.java:setRole(184)) - b75f8b2e-6273-4c97-b7c5-042674931d23@group-F11756C8BA4A: changes role from  FOLLOWER to CANDIDATE at term 261 for changeToCandidate
2019-10-20 18:19:03,321 [Thread-3482] INFO  impl.RoleInfo (RoleInfo.java:updateAndGet(143)) - b75f8b2e-6273-4c97-b7c5-042674931d23: start LeaderElection
2019-10-20 18:19:03,345 [b75f8b2e-6273-4c97-b7c5-042674931d23@group-F11756C8BA4A-LeaderElection454] INFO  impl.LeaderElection (LeaderElection.java:askForVotes(178)) - b75f8b2e-6273-4c97-b7c5-042674931d23@group-F11756C8BA4A-LeaderElection454: begin an election at term 262 for -1: [6ef27e9c-8ddb-4fa1-8c14-ab102acfb1b8:192.168.164.241:38092, b75f8b2e-6273-4c97-b7c5-042674931d23:192.168.164.241:41857, 3750b3a2-715b-46b3-9d0c-9e38136244b9:192.168.164.241:46227], old=null
2019-10-20 18:19:03,346 [b75f8b2e-6273-4c97-b7c5-042674931d23@group-F11756C8BA4A-LeaderElection454] INFO  impl.LeaderElection (LogUtils.java:infoOrTrace(149)) - b75f8b2e-6273-4c97-b7c5-042674931d23@group-F11756C8BA4A-LeaderElection454 got exception when requesting votes: {}
java.util.concurrent.ExecutionException: org.apache.ratis.thirdparty.io.grpc.StatusRuntimeException: UNAVAILABLE: io exception
	at java.util.concurrent.FutureTask.report(FutureTask.java:122)
	at java.util.concurrent.FutureTask.get(FutureTask.java:192)
	at org.apache.ratis.server.impl.LeaderElection.waitForResults(LeaderElection.java:259)
	at org.apache.ratis.server.impl.LeaderElection.askForVotes(LeaderElection.java:197)
	at org.apache.ratis.server.impl.LeaderElection.run(LeaderElection.java:133)
	at java.lang.Thread.run(Thread.java:748)
Caused by: org.apache.ratis.thirdparty.io.grpc.StatusRuntimeException: UNAVAILABLE: io exception
	at org.apache.ratis.thirdparty.io.grpc.stub.ClientCalls.toStatusRuntimeException(ClientCalls.java:233)
	at org.apache.ratis.thirdparty.io.grpc.stub.ClientCalls.getUnchecked(ClientCalls.java:214)
	at org.apache.ratis.thirdparty.io.grpc.stub.ClientCalls.blockingUnaryCall(ClientCalls.java:139)
	at org.apache.ratis.proto.grpc.RaftServerProtocolServiceGrpc$RaftServerProtocolServiceBlockingStub.requestVote(RaftServerProtocolServiceGrpc.java:265)
	at org.apache.ratis.grpc.server.GrpcServerProtocolClient.requestVote(GrpcServerProtocolClient.java:99)
	at org.apache.ratis.grpc.server.GrpcService.requestVote(GrpcService.java:204)
	at org.apache.ratis.server.impl.LeaderElection.lambda$submitRequests$1(LeaderElection.java:234)
	at java.util.concurrent.FutureTask.run(FutureTask.java:266)
	at java.util.concurrent.Executors$RunnableAdapter.call(Executors.java:511)
	at java.util.concurrent.FutureTask.run(FutureTask.java:266)
	at java.util.concurrent.ThreadPoolExecutor.runWorker(ThreadPoolExecutor.java:1149)
	at java.util.concurrent.ThreadPoolExecutor$Worker.run(ThreadPoolExecutor.java:624)
	... 1 more
Caused by: org.apache.ratis.thirdparty.io.netty.channel.AbstractChannel$AnnotatedConnectException: Connection refused: /192.168.164.241:46227
	at sun.nio.ch.SocketChannelImpl.checkConnect(Native Method)
	at sun.nio.ch.SocketChannelImpl.finishConnect(SocketChannelImpl.java:717)
	at org.apache.ratis.thirdparty.io.netty.channel.socket.nio.NioSocketChannel.doFinishConnect(NioSocketChannel.java:327)
	at org.apache.ratis.thirdparty.io.netty.channel.nio.AbstractNioChannel$AbstractNioUnsafe.finishConnect(AbstractNioChannel.java:340)
	at org.apache.ratis.thirdparty.io.netty.channel.nio.NioEventLoop.processSelectedKey(NioEventLoop.java:632)
	at org.apache.ratis.thirdparty.io.netty.channel.nio.NioEventLoop.processSelectedKeysOptimized(NioEventLoop.java:579)
	at org.apache.ratis.thirdparty.io.netty.channel.nio.NioEventLoop.processSelectedKeys(NioEventLoop.java:496)
	at org.apache.ratis.thirdparty.io.netty.channel.nio.NioEventLoop.run(NioEventLoop.java:458)
	at org.apache.ratis.thirdparty.io.netty.util.concurrent.SingleThreadEventExecutor$5.run(SingleThreadEventExecutor.java:897)
	at org.apache.ratis.thirdparty.io.netty.util.concurrent.FastThreadLocalRunnable.run(FastThreadLocalRunnable.java:30)
	... 1 more
Caused by: java.net.ConnectException: Connection refused
	... 11 more
2019-10-20 18:19:03,347 [grpc-default-executor-10] INFO  impl.RaftServerImpl (RaftServerImpl.java:setRole(184)) - 6ef27e9c-8ddb-4fa1-8c14-ab102acfb1b8@group-F11756C8BA4A: changes role from  FOLLOWER to FOLLOWER at term 262 for recognizeCandidate:b75f8b2e-6273-4c97-b7c5-042674931d23
2019-10-20 18:19:03,347 [grpc-default-executor-10] INFO  impl.RoleInfo (RoleInfo.java:shutdownFollowerState(121)) - 6ef27e9c-8ddb-4fa1-8c14-ab102acfb1b8: shutdown FollowerState
2019-10-20 18:19:03,347 [grpc-default-executor-10] INFO  impl.RoleInfo (RoleInfo.java:updateAndGet(143)) - 6ef27e9c-8ddb-4fa1-8c14-ab102acfb1b8: start FollowerState
2019-10-20 18:19:03,347 [Thread-3481] INFO  impl.FollowerState (FollowerState.java:run(117)) - 6ef27e9c-8ddb-4fa1-8c14-ab102acfb1b8@group-F11756C8BA4A-FollowerState was interrupted: java.lang.InterruptedException: sleep interrupted
2019-10-20 18:19:03,371 [b75f8b2e-6273-4c97-b7c5-042674931d23@group-F11756C8BA4A-LeaderElection454] INFO  impl.LeaderElection (LeaderElection.java:logAndReturn(56)) - b75f8b2e-6273-4c97-b7c5-042674931d23@group-F11756C8BA4A-LeaderElection454: Election REJECTED; received 1 response(s) [b75f8b2e-6273-4c97-b7c5-042674931d23<-6ef27e9c-8ddb-4fa1-8c14-ab102acfb1b8#0:FAIL-t262] and 1 exception(s); b75f8b2e-6273-4c97-b7c5-042674931d23@group-F11756C8BA4A:t262, leader=null, voted=b75f8b2e-6273-4c97-b7c5-042674931d23, raftlog=b75f8b2e-6273-4c97-b7c5-042674931d23@group-F11756C8BA4A-SegmentedRaftLog:OPENED:c-1,f-1,i0, conf=-1: [6ef27e9c-8ddb-4fa1-8c14-ab102acfb1b8:192.168.164.241:38092, b75f8b2e-6273-4c97-b7c5-042674931d23:192.168.164.241:41857, 3750b3a2-715b-46b3-9d0c-9e38136244b9:192.168.164.241:46227], old=null
2019-10-20 18:19:03,371 [b75f8b2e-6273-4c97-b7c5-042674931d23@group-F11756C8BA4A-LeaderElection454] INFO  impl.LeaderElection (LogUtils.java:infoOrTrace(149)) -   Exception 0: {}
java.util.concurrent.ExecutionException: org.apache.ratis.thirdparty.io.grpc.StatusRuntimeException: UNAVAILABLE: io exception
	at java.util.concurrent.FutureTask.report(FutureTask.java:122)
	at java.util.concurrent.FutureTask.get(FutureTask.java:192)
	at org.apache.ratis.server.impl.LeaderElection.waitForResults(LeaderElection.java:259)
	at org.apache.ratis.server.impl.LeaderElection.askForVotes(LeaderElection.java:197)
	at org.apache.ratis.server.impl.LeaderElection.run(LeaderElection.java:133)
	at java.lang.Thread.run(Thread.java:748)
Caused by: org.apache.ratis.thirdparty.io.grpc.StatusRuntimeException: UNAVAILABLE: io exception
	at org.apache.ratis.thirdparty.io.grpc.stub.ClientCalls.toStatusRuntimeException(ClientCalls.java:233)
	at org.apache.ratis.thirdparty.io.grpc.stub.ClientCalls.getUnchecked(ClientCalls.java:214)
	at org.apache.ratis.thirdparty.io.grpc.stub.ClientCalls.blockingUnaryCall(ClientCalls.java:139)
	at org.apache.ratis.proto.grpc.RaftServerProtocolServiceGrpc$RaftServerProtocolServiceBlockingStub.requestVote(RaftServerProtocolServiceGrpc.java:265)
	at org.apache.ratis.grpc.server.GrpcServerProtocolClient.requestVote(GrpcServerProtocolClient.java:99)
	at org.apache.ratis.grpc.server.GrpcService.requestVote(GrpcService.java:204)
	at org.apache.ratis.server.impl.LeaderElection.lambda$submitRequests$1(LeaderElection.java:234)
	at java.util.concurrent.FutureTask.run(FutureTask.java:266)
	at java.util.concurrent.Executors$RunnableAdapter.call(Executors.java:511)
	at java.util.concurrent.FutureTask.run(FutureTask.java:266)
	at java.util.concurrent.ThreadPoolExecutor.runWorker(ThreadPoolExecutor.java:1149)
	at java.util.concurrent.ThreadPoolExecutor$Worker.run(ThreadPoolExecutor.java:624)
	... 1 more
Caused by: org.apache.ratis.thirdparty.io.netty.channel.AbstractChannel$AnnotatedConnectException: Connection refused: /192.168.164.241:46227
	at sun.nio.ch.SocketChannelImpl.checkConnect(Native Method)
	at sun.nio.ch.SocketChannelImpl.finishConnect(SocketChannelImpl.java:717)
	at org.apache.ratis.thirdparty.io.netty.channel.socket.nio.NioSocketChannel.doFinishConnect(NioSocketChannel.java:327)
	at org.apache.ratis.thirdparty.io.netty.channel.nio.AbstractNioChannel$AbstractNioUnsafe.finishConnect(AbstractNioChannel.java:340)
	at org.apache.ratis.thirdparty.io.netty.channel.nio.NioEventLoop.processSelectedKey(NioEventLoop.java:632)
	at org.apache.ratis.thirdparty.io.netty.channel.nio.NioEventLoop.processSelectedKeysOptimized(NioEventLoop.java:579)
	at org.apache.ratis.thirdparty.io.netty.channel.nio.NioEventLoop.processSelectedKeys(NioEventLoop.java:496)
	at org.apache.ratis.thirdparty.io.netty.channel.nio.NioEventLoop.run(NioEventLoop.java:458)
	at org.apache.ratis.thirdparty.io.netty.util.concurrent.SingleThreadEventExecutor$5.run(SingleThreadEventExecutor.java:897)
	at org.apache.ratis.thirdparty.io.netty.util.concurrent.FastThreadLocalRunnable.run(FastThreadLocalRunnable.java:30)
	... 1 more
Caused by: java.net.ConnectException: Connection refused
	... 11 more
2019-10-20 18:19:03,372 [b75f8b2e-6273-4c97-b7c5-042674931d23@group-F11756C8BA4A-LeaderElection454] INFO  impl.RaftServerImpl (RaftServerImpl.java:setRole(184)) - b75f8b2e-6273-4c97-b7c5-042674931d23@group-F11756C8BA4A: changes role from CANDIDATE to FOLLOWER at term 262 for DISCOVERED_A_NEW_TERM
2019-10-20 18:19:03,372 [b75f8b2e-6273-4c97-b7c5-042674931d23@group-F11756C8BA4A-LeaderElection454] INFO  impl.RoleInfo (RoleInfo.java:shutdownLeaderElection(134)) - b75f8b2e-6273-4c97-b7c5-042674931d23: shutdown LeaderElection
2019-10-20 18:19:03,372 [b75f8b2e-6273-4c97-b7c5-042674931d23@group-F11756C8BA4A-LeaderElection454] INFO  impl.RoleInfo (RoleInfo.java:updateAndGet(143)) - b75f8b2e-6273-4c97-b7c5-042674931d23: start FollowerState
2019-10-20 18:19:03,423 [Thread-3487] INFO  impl.FollowerState (FollowerState.java:run(108)) - b75f8b2e-6273-4c97-b7c5-042674931d23@group-F11756C8BA4A-FollowerState: change to CANDIDATE, lastRpcTime:51ms, electionTimeout:51ms
2019-10-20 18:19:03,424 [Thread-3487] INFO  impl.RoleInfo (RoleInfo.java:shutdownFollowerState(121)) - b75f8b2e-6273-4c97-b7c5-042674931d23: shutdown FollowerState
2019-10-20 18:19:03,424 [Thread-3487] INFO  impl.RaftServerImpl (RaftServerImpl.java:setRole(184)) - b75f8b2e-6273-4c97-b7c5-042674931d23@group-F11756C8BA4A: changes role from  FOLLOWER to CANDIDATE at term 262 for changeToCandidate
2019-10-20 18:19:03,424 [Thread-3487] INFO  impl.RoleInfo (RoleInfo.java:updateAndGet(143)) - b75f8b2e-6273-4c97-b7c5-042674931d23: start LeaderElection
2019-10-20 18:19:03,438 [b75f8b2e-6273-4c97-b7c5-042674931d23@group-F11756C8BA4A-LeaderElection455] INFO  impl.LeaderElection (LeaderElection.java:askForVotes(178)) - b75f8b2e-6273-4c97-b7c5-042674931d23@group-F11756C8BA4A-LeaderElection455: begin an election at term 263 for -1: [6ef27e9c-8ddb-4fa1-8c14-ab102acfb1b8:192.168.164.241:38092, b75f8b2e-6273-4c97-b7c5-042674931d23:192.168.164.241:41857, 3750b3a2-715b-46b3-9d0c-9e38136244b9:192.168.164.241:46227], old=null
2019-10-20 18:19:03,439 [b75f8b2e-6273-4c97-b7c5-042674931d23@group-F11756C8BA4A-LeaderElection455] INFO  impl.LeaderElection (LogUtils.java:infoOrTrace(149)) - b75f8b2e-6273-4c97-b7c5-042674931d23@group-F11756C8BA4A-LeaderElection455 got exception when requesting votes: {}
java.util.concurrent.ExecutionException: org.apache.ratis.thirdparty.io.grpc.StatusRuntimeException: UNAVAILABLE: io exception
	at java.util.concurrent.FutureTask.report(FutureTask.java:122)
	at java.util.concurrent.FutureTask.get(FutureTask.java:192)
	at org.apache.ratis.server.impl.LeaderElection.waitForResults(LeaderElection.java:259)
	at org.apache.ratis.server.impl.LeaderElection.askForVotes(LeaderElection.java:197)
	at org.apache.ratis.server.impl.LeaderElection.run(LeaderElection.java:133)
	at java.lang.Thread.run(Thread.java:748)
Caused by: org.apache.ratis.thirdparty.io.grpc.StatusRuntimeException: UNAVAILABLE: io exception
	at org.apache.ratis.thirdparty.io.grpc.stub.ClientCalls.toStatusRuntimeException(ClientCalls.java:233)
	at org.apache.ratis.thirdparty.io.grpc.stub.ClientCalls.getUnchecked(ClientCalls.java:214)
	at org.apache.ratis.thirdparty.io.grpc.stub.ClientCalls.blockingUnaryCall(ClientCalls.java:139)
	at org.apache.ratis.proto.grpc.RaftServerProtocolServiceGrpc$RaftServerProtocolServiceBlockingStub.requestVote(RaftServerProtocolServiceGrpc.java:265)
	at org.apache.ratis.grpc.server.GrpcServerProtocolClient.requestVote(GrpcServerProtocolClient.java:99)
	at org.apache.ratis.grpc.server.GrpcService.requestVote(GrpcService.java:204)
	at org.apache.ratis.server.impl.LeaderElection.lambda$submitRequests$1(LeaderElection.java:234)
	at java.util.concurrent.FutureTask.run(FutureTask.java:266)
	at java.util.concurrent.Executors$RunnableAdapter.call(Executors.java:511)
	at java.util.concurrent.FutureTask.run(FutureTask.java:266)
	at java.util.concurrent.ThreadPoolExecutor.runWorker(ThreadPoolExecutor.java:1149)
	at java.util.concurrent.ThreadPoolExecutor$Worker.run(ThreadPoolExecutor.java:624)
	... 1 more
Caused by: org.apache.ratis.thirdparty.io.netty.channel.AbstractChannel$AnnotatedConnectException: Connection refused: /192.168.164.241:46227
	at sun.nio.ch.SocketChannelImpl.checkConnect(Native Method)
	at sun.nio.ch.SocketChannelImpl.finishConnect(SocketChannelImpl.java:717)
	at org.apache.ratis.thirdparty.io.netty.channel.socket.nio.NioSocketChannel.doFinishConnect(NioSocketChannel.java:327)
	at org.apache.ratis.thirdparty.io.netty.channel.nio.AbstractNioChannel$AbstractNioUnsafe.finishConnect(AbstractNioChannel.java:340)
	at org.apache.ratis.thirdparty.io.netty.channel.nio.NioEventLoop.processSelectedKey(NioEventLoop.java:632)
	at org.apache.ratis.thirdparty.io.netty.channel.nio.NioEventLoop.processSelectedKeysOptimized(NioEventLoop.java:579)
	at org.apache.ratis.thirdparty.io.netty.channel.nio.NioEventLoop.processSelectedKeys(NioEventLoop.java:496)
	at org.apache.ratis.thirdparty.io.netty.channel.nio.NioEventLoop.run(NioEventLoop.java:458)
	at org.apache.ratis.thirdparty.io.netty.util.concurrent.SingleThreadEventExecutor$5.run(SingleThreadEventExecutor.java:897)
	at org.apache.ratis.thirdparty.io.netty.util.concurrent.FastThreadLocalRunnable.run(FastThreadLocalRunnable.java:30)
	... 1 more
Caused by: java.net.ConnectException: Connection refused
	... 11 more
2019-10-20 18:19:03,440 [grpc-default-executor-10] INFO  impl.RaftServerImpl (RaftServerImpl.java:setRole(184)) - 6ef27e9c-8ddb-4fa1-8c14-ab102acfb1b8@group-F11756C8BA4A: changes role from  FOLLOWER to FOLLOWER at term 263 for recognizeCandidate:b75f8b2e-6273-4c97-b7c5-042674931d23
2019-10-20 18:19:03,440 [grpc-default-executor-10] INFO  impl.RoleInfo (RoleInfo.java:shutdownFollowerState(121)) - 6ef27e9c-8ddb-4fa1-8c14-ab102acfb1b8: shutdown FollowerState
2019-10-20 18:19:03,440 [grpc-default-executor-10] INFO  impl.RoleInfo (RoleInfo.java:updateAndGet(143)) - 6ef27e9c-8ddb-4fa1-8c14-ab102acfb1b8: start FollowerState
2019-10-20 18:19:03,440 [Thread-3486] INFO  impl.FollowerState (FollowerState.java:run(117)) - 6ef27e9c-8ddb-4fa1-8c14-ab102acfb1b8@group-F11756C8BA4A-FollowerState was interrupted: java.lang.InterruptedException: sleep interrupted
2019-10-20 18:19:03,465 [b75f8b2e-6273-4c97-b7c5-042674931d23@group-F11756C8BA4A-LeaderElection455] INFO  impl.LeaderElection (LeaderElection.java:logAndReturn(56)) - b75f8b2e-6273-4c97-b7c5-042674931d23@group-F11756C8BA4A-LeaderElection455: Election REJECTED; received 1 response(s) [b75f8b2e-6273-4c97-b7c5-042674931d23<-6ef27e9c-8ddb-4fa1-8c14-ab102acfb1b8#0:FAIL-t263] and 1 exception(s); b75f8b2e-6273-4c97-b7c5-042674931d23@group-F11756C8BA4A:t263, leader=null, voted=b75f8b2e-6273-4c97-b7c5-042674931d23, raftlog=b75f8b2e-6273-4c97-b7c5-042674931d23@group-F11756C8BA4A-SegmentedRaftLog:OPENED:c-1,f-1,i0, conf=-1: [6ef27e9c-8ddb-4fa1-8c14-ab102acfb1b8:192.168.164.241:38092, b75f8b2e-6273-4c97-b7c5-042674931d23:192.168.164.241:41857, 3750b3a2-715b-46b3-9d0c-9e38136244b9:192.168.164.241:46227], old=null
2019-10-20 18:19:03,465 [b75f8b2e-6273-4c97-b7c5-042674931d23@group-F11756C8BA4A-LeaderElection455] INFO  impl.LeaderElection (LogUtils.java:infoOrTrace(149)) -   Exception 0: {}
java.util.concurrent.ExecutionException: org.apache.ratis.thirdparty.io.grpc.StatusRuntimeException: UNAVAILABLE: io exception
	at java.util.concurrent.FutureTask.report(FutureTask.java:122)
	at java.util.concurrent.FutureTask.get(FutureTask.java:192)
	at org.apache.ratis.server.impl.LeaderElection.waitForResults(LeaderElection.java:259)
	at org.apache.ratis.server.impl.LeaderElection.askForVotes(LeaderElection.java:197)
	at org.apache.ratis.server.impl.LeaderElection.run(LeaderElection.java:133)
	at java.lang.Thread.run(Thread.java:748)
Caused by: org.apache.ratis.thirdparty.io.grpc.StatusRuntimeException: UNAVAILABLE: io exception
	at org.apache.ratis.thirdparty.io.grpc.stub.ClientCalls.toStatusRuntimeException(ClientCalls.java:233)
	at org.apache.ratis.thirdparty.io.grpc.stub.ClientCalls.getUnchecked(ClientCalls.java:214)
	at org.apache.ratis.thirdparty.io.grpc.stub.ClientCalls.blockingUnaryCall(ClientCalls.java:139)
	at org.apache.ratis.proto.grpc.RaftServerProtocolServiceGrpc$RaftServerProtocolServiceBlockingStub.requestVote(RaftServerProtocolServiceGrpc.java:265)
	at org.apache.ratis.grpc.server.GrpcServerProtocolClient.requestVote(GrpcServerProtocolClient.java:99)
	at org.apache.ratis.grpc.server.GrpcService.requestVote(GrpcService.java:204)
	at org.apache.ratis.server.impl.LeaderElection.lambda$submitRequests$1(LeaderElection.java:234)
	at java.util.concurrent.FutureTask.run(FutureTask.java:266)
	at java.util.concurrent.Executors$RunnableAdapter.call(Executors.java:511)
	at java.util.concurrent.FutureTask.run(FutureTask.java:266)
	at java.util.concurrent.ThreadPoolExecutor.runWorker(ThreadPoolExecutor.java:1149)
	at java.util.concurrent.ThreadPoolExecutor$Worker.run(ThreadPoolExecutor.java:624)
	... 1 more
Caused by: org.apache.ratis.thirdparty.io.netty.channel.AbstractChannel$AnnotatedConnectException: Connection refused: /192.168.164.241:46227
	at sun.nio.ch.SocketChannelImpl.checkConnect(Native Method)
	at sun.nio.ch.SocketChannelImpl.finishConnect(SocketChannelImpl.java:717)
	at org.apache.ratis.thirdparty.io.netty.channel.socket.nio.NioSocketChannel.doFinishConnect(NioSocketChannel.java:327)
	at org.apache.ratis.thirdparty.io.netty.channel.nio.AbstractNioChannel$AbstractNioUnsafe.finishConnect(AbstractNioChannel.java:340)
	at org.apache.ratis.thirdparty.io.netty.channel.nio.NioEventLoop.processSelectedKey(NioEventLoop.java:632)
	at org.apache.ratis.thirdparty.io.netty.channel.nio.NioEventLoop.processSelectedKeysOptimized(NioEventLoop.java:579)
	at org.apache.ratis.thirdparty.io.netty.channel.nio.NioEventLoop.processSelectedKeys(NioEventLoop.java:496)
	at org.apache.ratis.thirdparty.io.netty.channel.nio.NioEventLoop.run(NioEventLoop.java:458)
	at org.apache.ratis.thirdparty.io.netty.util.concurrent.SingleThreadEventExecutor$5.run(SingleThreadEventExecutor.java:897)
	at org.apache.ratis.thirdparty.io.netty.util.concurrent.FastThreadLocalRunnable.run(FastThreadLocalRunnable.java:30)
	... 1 more
Caused by: java.net.ConnectException: Connection refused
	... 11 more
2019-10-20 18:19:03,465 [b75f8b2e-6273-4c97-b7c5-042674931d23@group-F11756C8BA4A-LeaderElection455] INFO  impl.RaftServerImpl (RaftServerImpl.java:setRole(184)) - b75f8b2e-6273-4c97-b7c5-042674931d23@group-F11756C8BA4A: changes role from CANDIDATE to FOLLOWER at term 263 for DISCOVERED_A_NEW_TERM
2019-10-20 18:19:03,465 [b75f8b2e-6273-4c97-b7c5-042674931d23@group-F11756C8BA4A-LeaderElection455] INFO  impl.RoleInfo (RoleInfo.java:shutdownLeaderElection(134)) - b75f8b2e-6273-4c97-b7c5-042674931d23: shutdown LeaderElection
2019-10-20 18:19:03,465 [b75f8b2e-6273-4c97-b7c5-042674931d23@group-F11756C8BA4A-LeaderElection455] INFO  impl.RoleInfo (RoleInfo.java:updateAndGet(143)) - b75f8b2e-6273-4c97-b7c5-042674931d23: start FollowerState
2019-10-20 18:19:03,589 [Thread-3492] INFO  impl.FollowerState (FollowerState.java:run(108)) - b75f8b2e-6273-4c97-b7c5-042674931d23@group-F11756C8BA4A-FollowerState: change to CANDIDATE, lastRpcTime:123ms, electionTimeout:123ms
2019-10-20 18:19:03,589 [Thread-3492] INFO  impl.RoleInfo (RoleInfo.java:shutdownFollowerState(121)) - b75f8b2e-6273-4c97-b7c5-042674931d23: shutdown FollowerState
2019-10-20 18:19:03,589 [Thread-3492] INFO  impl.RaftServerImpl (RaftServerImpl.java:setRole(184)) - b75f8b2e-6273-4c97-b7c5-042674931d23@group-F11756C8BA4A: changes role from  FOLLOWER to CANDIDATE at term 263 for changeToCandidate
2019-10-20 18:19:03,589 [Thread-3492] INFO  impl.RoleInfo (RoleInfo.java:updateAndGet(143)) - b75f8b2e-6273-4c97-b7c5-042674931d23: start LeaderElection
2019-10-20 18:19:03,616 [b75f8b2e-6273-4c97-b7c5-042674931d23@group-F11756C8BA4A-LeaderElection456] INFO  impl.LeaderElection (LeaderElection.java:askForVotes(178)) - b75f8b2e-6273-4c97-b7c5-042674931d23@group-F11756C8BA4A-LeaderElection456: begin an election at term 264 for -1: [6ef27e9c-8ddb-4fa1-8c14-ab102acfb1b8:192.168.164.241:38092, b75f8b2e-6273-4c97-b7c5-042674931d23:192.168.164.241:41857, 3750b3a2-715b-46b3-9d0c-9e38136244b9:192.168.164.241:46227], old=null
2019-10-20 18:19:03,617 [b75f8b2e-6273-4c97-b7c5-042674931d23@group-F11756C8BA4A-LeaderElection456] INFO  impl.LeaderElection (LogUtils.java:infoOrTrace(149)) - b75f8b2e-6273-4c97-b7c5-042674931d23@group-F11756C8BA4A-LeaderElection456 got exception when requesting votes: {}
java.util.concurrent.ExecutionException: org.apache.ratis.thirdparty.io.grpc.StatusRuntimeException: UNAVAILABLE: io exception
	at java.util.concurrent.FutureTask.report(FutureTask.java:122)
	at java.util.concurrent.FutureTask.get(FutureTask.java:192)
	at org.apache.ratis.server.impl.LeaderElection.waitForResults(LeaderElection.java:259)
	at org.apache.ratis.server.impl.LeaderElection.askForVotes(LeaderElection.java:197)
	at org.apache.ratis.server.impl.LeaderElection.run(LeaderElection.java:133)
	at java.lang.Thread.run(Thread.java:748)
Caused by: org.apache.ratis.thirdparty.io.grpc.StatusRuntimeException: UNAVAILABLE: io exception
	at org.apache.ratis.thirdparty.io.grpc.stub.ClientCalls.toStatusRuntimeException(ClientCalls.java:233)
	at org.apache.ratis.thirdparty.io.grpc.stub.ClientCalls.getUnchecked(ClientCalls.java:214)
	at org.apache.ratis.thirdparty.io.grpc.stub.ClientCalls.blockingUnaryCall(ClientCalls.java:139)
	at org.apache.ratis.proto.grpc.RaftServerProtocolServiceGrpc$RaftServerProtocolServiceBlockingStub.requestVote(RaftServerProtocolServiceGrpc.java:265)
	at org.apache.ratis.grpc.server.GrpcServerProtocolClient.requestVote(GrpcServerProtocolClient.java:99)
	at org.apache.ratis.grpc.server.GrpcService.requestVote(GrpcService.java:204)
	at org.apache.ratis.server.impl.LeaderElection.lambda$submitRequests$1(LeaderElection.java:234)
	at java.util.concurrent.FutureTask.run(FutureTask.java:266)
	at java.util.concurrent.Executors$RunnableAdapter.call(Executors.java:511)
	at java.util.concurrent.FutureTask.run(FutureTask.java:266)
	at java.util.concurrent.ThreadPoolExecutor.runWorker(ThreadPoolExecutor.java:1149)
	at java.util.concurrent.ThreadPoolExecutor$Worker.run(ThreadPoolExecutor.java:624)
	... 1 more
Caused by: org.apache.ratis.thirdparty.io.netty.channel.AbstractChannel$AnnotatedConnectException: Connection refused: /192.168.164.241:46227
	at sun.nio.ch.SocketChannelImpl.checkConnect(Native Method)
	at sun.nio.ch.SocketChannelImpl.finishConnect(SocketChannelImpl.java:717)
	at org.apache.ratis.thirdparty.io.netty.channel.socket.nio.NioSocketChannel.doFinishConnect(NioSocketChannel.java:327)
	at org.apache.ratis.thirdparty.io.netty.channel.nio.AbstractNioChannel$AbstractNioUnsafe.finishConnect(AbstractNioChannel.java:340)
	at org.apache.ratis.thirdparty.io.netty.channel.nio.NioEventLoop.processSelectedKey(NioEventLoop.java:632)
	at org.apache.ratis.thirdparty.io.netty.channel.nio.NioEventLoop.processSelectedKeysOptimized(NioEventLoop.java:579)
	at org.apache.ratis.thirdparty.io.netty.channel.nio.NioEventLoop.processSelectedKeys(NioEventLoop.java:496)
	at org.apache.ratis.thirdparty.io.netty.channel.nio.NioEventLoop.run(NioEventLoop.java:458)
	at org.apache.ratis.thirdparty.io.netty.util.concurrent.SingleThreadEventExecutor$5.run(SingleThreadEventExecutor.java:897)
	at org.apache.ratis.thirdparty.io.netty.util.concurrent.FastThreadLocalRunnable.run(FastThreadLocalRunnable.java:30)
	... 1 more
Caused by: java.net.ConnectException: Connection refused
	... 11 more
2019-10-20 18:19:03,618 [grpc-default-executor-10] INFO  impl.RaftServerImpl (RaftServerImpl.java:setRole(184)) - 6ef27e9c-8ddb-4fa1-8c14-ab102acfb1b8@group-F11756C8BA4A: changes role from  FOLLOWER to FOLLOWER at term 264 for recognizeCandidate:b75f8b2e-6273-4c97-b7c5-042674931d23
2019-10-20 18:19:03,618 [grpc-default-executor-10] INFO  impl.RoleInfo (RoleInfo.java:shutdownFollowerState(121)) - 6ef27e9c-8ddb-4fa1-8c14-ab102acfb1b8: shutdown FollowerState
2019-10-20 18:19:03,618 [grpc-default-executor-10] INFO  impl.RoleInfo (RoleInfo.java:updateAndGet(143)) - 6ef27e9c-8ddb-4fa1-8c14-ab102acfb1b8: start FollowerState
2019-10-20 18:19:03,618 [Thread-3491] INFO  impl.FollowerState (FollowerState.java:run(117)) - 6ef27e9c-8ddb-4fa1-8c14-ab102acfb1b8@group-F11756C8BA4A-FollowerState was interrupted: java.lang.InterruptedException: sleep interrupted
2019-10-20 18:19:03,652 [b75f8b2e-6273-4c97-b7c5-042674931d23@group-F11756C8BA4A-LeaderElection456] INFO  impl.LeaderElection (LeaderElection.java:logAndReturn(56)) - b75f8b2e-6273-4c97-b7c5-042674931d23@group-F11756C8BA4A-LeaderElection456: Election REJECTED; received 1 response(s) [b75f8b2e-6273-4c97-b7c5-042674931d23<-6ef27e9c-8ddb-4fa1-8c14-ab102acfb1b8#0:FAIL-t264] and 1 exception(s); b75f8b2e-6273-4c97-b7c5-042674931d23@group-F11756C8BA4A:t264, leader=null, voted=b75f8b2e-6273-4c97-b7c5-042674931d23, raftlog=b75f8b2e-6273-4c97-b7c5-042674931d23@group-F11756C8BA4A-SegmentedRaftLog:OPENED:c-1,f-1,i0, conf=-1: [6ef27e9c-8ddb-4fa1-8c14-ab102acfb1b8:192.168.164.241:38092, b75f8b2e-6273-4c97-b7c5-042674931d23:192.168.164.241:41857, 3750b3a2-715b-46b3-9d0c-9e38136244b9:192.168.164.241:46227], old=null
2019-10-20 18:19:03,652 [b75f8b2e-6273-4c97-b7c5-042674931d23@group-F11756C8BA4A-LeaderElection456] INFO  impl.LeaderElection (LogUtils.java:infoOrTrace(149)) -   Exception 0: {}
java.util.concurrent.ExecutionException: org.apache.ratis.thirdparty.io.grpc.StatusRuntimeException: UNAVAILABLE: io exception
	at java.util.concurrent.FutureTask.report(FutureTask.java:122)
	at java.util.concurrent.FutureTask.get(FutureTask.java:192)
	at org.apache.ratis.server.impl.LeaderElection.waitForResults(LeaderElection.java:259)
	at org.apache.ratis.server.impl.LeaderElection.askForVotes(LeaderElection.java:197)
	at org.apache.ratis.server.impl.LeaderElection.run(LeaderElection.java:133)
	at java.lang.Thread.run(Thread.java:748)
Caused by: org.apache.ratis.thirdparty.io.grpc.StatusRuntimeException: UNAVAILABLE: io exception
	at org.apache.ratis.thirdparty.io.grpc.stub.ClientCalls.toStatusRuntimeException(ClientCalls.java:233)
	at org.apache.ratis.thirdparty.io.grpc.stub.ClientCalls.getUnchecked(ClientCalls.java:214)
	at org.apache.ratis.thirdparty.io.grpc.stub.ClientCalls.blockingUnaryCall(ClientCalls.java:139)
	at org.apache.ratis.proto.grpc.RaftServerProtocolServiceGrpc$RaftServerProtocolServiceBlockingStub.requestVote(RaftServerProtocolServiceGrpc.java:265)
	at org.apache.ratis.grpc.server.GrpcServerProtocolClient.requestVote(GrpcServerProtocolClient.java:99)
	at org.apache.ratis.grpc.server.GrpcService.requestVote(GrpcService.java:204)
	at org.apache.ratis.server.impl.LeaderElection.lambda$submitRequests$1(LeaderElection.java:234)
	at java.util.concurrent.FutureTask.run(FutureTask.java:266)
	at java.util.concurrent.Executors$RunnableAdapter.call(Executors.java:511)
	at java.util.concurrent.FutureTask.run(FutureTask.java:266)
	at java.util.concurrent.ThreadPoolExecutor.runWorker(ThreadPoolExecutor.java:1149)
	at java.util.concurrent.ThreadPoolExecutor$Worker.run(ThreadPoolExecutor.java:624)
	... 1 more
Caused by: org.apache.ratis.thirdparty.io.netty.channel.AbstractChannel$AnnotatedConnectException: Connection refused: /192.168.164.241:46227
	at sun.nio.ch.SocketChannelImpl.checkConnect(Native Method)
	at sun.nio.ch.SocketChannelImpl.finishConnect(SocketChannelImpl.java:717)
	at org.apache.ratis.thirdparty.io.netty.channel.socket.nio.NioSocketChannel.doFinishConnect(NioSocketChannel.java:327)
	at org.apache.ratis.thirdparty.io.netty.channel.nio.AbstractNioChannel$AbstractNioUnsafe.finishConnect(AbstractNioChannel.java:340)
	at org.apache.ratis.thirdparty.io.netty.channel.nio.NioEventLoop.processSelectedKey(NioEventLoop.java:632)
	at org.apache.ratis.thirdparty.io.netty.channel.nio.NioEventLoop.processSelectedKeysOptimized(NioEventLoop.java:579)
	at org.apache.ratis.thirdparty.io.netty.channel.nio.NioEventLoop.processSelectedKeys(NioEventLoop.java:496)
	at org.apache.ratis.thirdparty.io.netty.channel.nio.NioEventLoop.run(NioEventLoop.java:458)
	at org.apache.ratis.thirdparty.io.netty.util.concurrent.SingleThreadEventExecutor$5.run(SingleThreadEventExecutor.java:897)
	at org.apache.ratis.thirdparty.io.netty.util.concurrent.FastThreadLocalRunnable.run(FastThreadLocalRunnable.java:30)
	... 1 more
Caused by: java.net.ConnectException: Connection refused
	... 11 more
2019-10-20 18:19:03,652 [b75f8b2e-6273-4c97-b7c5-042674931d23@group-F11756C8BA4A-LeaderElection456] INFO  impl.RaftServerImpl (RaftServerImpl.java:setRole(184)) - b75f8b2e-6273-4c97-b7c5-042674931d23@group-F11756C8BA4A: changes role from CANDIDATE to FOLLOWER at term 264 for DISCOVERED_A_NEW_TERM
2019-10-20 18:19:03,652 [b75f8b2e-6273-4c97-b7c5-042674931d23@group-F11756C8BA4A-LeaderElection456] INFO  impl.RoleInfo (RoleInfo.java:shutdownLeaderElection(134)) - b75f8b2e-6273-4c97-b7c5-042674931d23: shutdown LeaderElection
2019-10-20 18:19:03,652 [b75f8b2e-6273-4c97-b7c5-042674931d23@group-F11756C8BA4A-LeaderElection456] INFO  impl.RoleInfo (RoleInfo.java:updateAndGet(143)) - b75f8b2e-6273-4c97-b7c5-042674931d23: start FollowerState
2019-10-20 18:19:03,729 [Thread-3497] INFO  impl.FollowerState (FollowerState.java:run(108)) - b75f8b2e-6273-4c97-b7c5-042674931d23@group-F11756C8BA4A-FollowerState: change to CANDIDATE, lastRpcTime:76ms, electionTimeout:76ms
2019-10-20 18:19:03,729 [Thread-3497] INFO  impl.RoleInfo (RoleInfo.java:shutdownFollowerState(121)) - b75f8b2e-6273-4c97-b7c5-042674931d23: shutdown FollowerState
2019-10-20 18:19:03,729 [Thread-3497] INFO  impl.RaftServerImpl (RaftServerImpl.java:setRole(184)) - b75f8b2e-6273-4c97-b7c5-042674931d23@group-F11756C8BA4A: changes role from  FOLLOWER to CANDIDATE at term 264 for changeToCandidate
2019-10-20 18:19:03,729 [Thread-3497] INFO  impl.RoleInfo (RoleInfo.java:updateAndGet(143)) - b75f8b2e-6273-4c97-b7c5-042674931d23: start LeaderElection
2019-10-20 18:19:03,752 [b75f8b2e-6273-4c97-b7c5-042674931d23@group-F11756C8BA4A-LeaderElection457] INFO  impl.LeaderElection (LeaderElection.java:askForVotes(178)) - b75f8b2e-6273-4c97-b7c5-042674931d23@group-F11756C8BA4A-LeaderElection457: begin an election at term 265 for -1: [6ef27e9c-8ddb-4fa1-8c14-ab102acfb1b8:192.168.164.241:38092, b75f8b2e-6273-4c97-b7c5-042674931d23:192.168.164.241:41857, 3750b3a2-715b-46b3-9d0c-9e38136244b9:192.168.164.241:46227], old=null
2019-10-20 18:19:03,753 [b75f8b2e-6273-4c97-b7c5-042674931d23@group-F11756C8BA4A-LeaderElection457] INFO  impl.LeaderElection (LogUtils.java:infoOrTrace(149)) - b75f8b2e-6273-4c97-b7c5-042674931d23@group-F11756C8BA4A-LeaderElection457 got exception when requesting votes: {}
java.util.concurrent.ExecutionException: org.apache.ratis.thirdparty.io.grpc.StatusRuntimeException: UNAVAILABLE: io exception
	at java.util.concurrent.FutureTask.report(FutureTask.java:122)
	at java.util.concurrent.FutureTask.get(FutureTask.java:192)
	at org.apache.ratis.server.impl.LeaderElection.waitForResults(LeaderElection.java:259)
	at org.apache.ratis.server.impl.LeaderElection.askForVotes(LeaderElection.java:197)
	at org.apache.ratis.server.impl.LeaderElection.run(LeaderElection.java:133)
	at java.lang.Thread.run(Thread.java:748)
Caused by: org.apache.ratis.thirdparty.io.grpc.StatusRuntimeException: UNAVAILABLE: io exception
	at org.apache.ratis.thirdparty.io.grpc.stub.ClientCalls.toStatusRuntimeException(ClientCalls.java:233)
	at org.apache.ratis.thirdparty.io.grpc.stub.ClientCalls.getUnchecked(ClientCalls.java:214)
	at org.apache.ratis.thirdparty.io.grpc.stub.ClientCalls.blockingUnaryCall(ClientCalls.java:139)
	at org.apache.ratis.proto.grpc.RaftServerProtocolServiceGrpc$RaftServerProtocolServiceBlockingStub.requestVote(RaftServerProtocolServiceGrpc.java:265)
	at org.apache.ratis.grpc.server.GrpcServerProtocolClient.requestVote(GrpcServerProtocolClient.java:99)
	at org.apache.ratis.grpc.server.GrpcService.requestVote(GrpcService.java:204)
	at org.apache.ratis.server.impl.LeaderElection.lambda$submitRequests$1(LeaderElection.java:234)
	at java.util.concurrent.FutureTask.run(FutureTask.java:266)
	at java.util.concurrent.Executors$RunnableAdapter.call(Executors.java:511)
	at java.util.concurrent.FutureTask.run(FutureTask.java:266)
	at java.util.concurrent.ThreadPoolExecutor.runWorker(ThreadPoolExecutor.java:1149)
	at java.util.concurrent.ThreadPoolExecutor$Worker.run(ThreadPoolExecutor.java:624)
	... 1 more
Caused by: org.apache.ratis.thirdparty.io.netty.channel.AbstractChannel$AnnotatedConnectException: Connection refused: /192.168.164.241:46227
	at sun.nio.ch.SocketChannelImpl.checkConnect(Native Method)
	at sun.nio.ch.SocketChannelImpl.finishConnect(SocketChannelImpl.java:717)
	at org.apache.ratis.thirdparty.io.netty.channel.socket.nio.NioSocketChannel.doFinishConnect(NioSocketChannel.java:327)
	at org.apache.ratis.thirdparty.io.netty.channel.nio.AbstractNioChannel$AbstractNioUnsafe.finishConnect(AbstractNioChannel.java:340)
	at org.apache.ratis.thirdparty.io.netty.channel.nio.NioEventLoop.processSelectedKey(NioEventLoop.java:632)
	at org.apache.ratis.thirdparty.io.netty.channel.nio.NioEventLoop.processSelectedKeysOptimized(NioEventLoop.java:579)
	at org.apache.ratis.thirdparty.io.netty.channel.nio.NioEventLoop.processSelectedKeys(NioEventLoop.java:496)
	at org.apache.ratis.thirdparty.io.netty.channel.nio.NioEventLoop.run(NioEventLoop.java:458)
	at org.apache.ratis.thirdparty.io.netty.util.concurrent.SingleThreadEventExecutor$5.run(SingleThreadEventExecutor.java:897)
	at org.apache.ratis.thirdparty.io.netty.util.concurrent.FastThreadLocalRunnable.run(FastThreadLocalRunnable.java:30)
	... 1 more
Caused by: java.net.ConnectException: Connection refused
	... 11 more
2019-10-20 18:19:03,754 [grpc-default-executor-10] INFO  impl.RaftServerImpl (RaftServerImpl.java:setRole(184)) - 6ef27e9c-8ddb-4fa1-8c14-ab102acfb1b8@group-F11756C8BA4A: changes role from  FOLLOWER to FOLLOWER at term 265 for recognizeCandidate:b75f8b2e-6273-4c97-b7c5-042674931d23
2019-10-20 18:19:03,754 [grpc-default-executor-10] INFO  impl.RoleInfo (RoleInfo.java:shutdownFollowerState(121)) - 6ef27e9c-8ddb-4fa1-8c14-ab102acfb1b8: shutdown FollowerState
2019-10-20 18:19:03,754 [grpc-default-executor-10] INFO  impl.RoleInfo (RoleInfo.java:updateAndGet(143)) - 6ef27e9c-8ddb-4fa1-8c14-ab102acfb1b8: start FollowerState
2019-10-20 18:19:03,754 [Thread-3496] INFO  impl.FollowerState (FollowerState.java:run(117)) - 6ef27e9c-8ddb-4fa1-8c14-ab102acfb1b8@group-F11756C8BA4A-FollowerState was interrupted: java.lang.InterruptedException: sleep interrupted
2019-10-20 18:19:03,770 [b75f8b2e-6273-4c97-b7c5-042674931d23@group-F11756C8BA4A-LeaderElection457] INFO  impl.LeaderElection (LeaderElection.java:logAndReturn(56)) - b75f8b2e-6273-4c97-b7c5-042674931d23@group-F11756C8BA4A-LeaderElection457: Election REJECTED; received 1 response(s) [b75f8b2e-6273-4c97-b7c5-042674931d23<-6ef27e9c-8ddb-4fa1-8c14-ab102acfb1b8#0:FAIL-t265] and 1 exception(s); b75f8b2e-6273-4c97-b7c5-042674931d23@group-F11756C8BA4A:t265, leader=null, voted=b75f8b2e-6273-4c97-b7c5-042674931d23, raftlog=b75f8b2e-6273-4c97-b7c5-042674931d23@group-F11756C8BA4A-SegmentedRaftLog:OPENED:c-1,f-1,i0, conf=-1: [6ef27e9c-8ddb-4fa1-8c14-ab102acfb1b8:192.168.164.241:38092, b75f8b2e-6273-4c97-b7c5-042674931d23:192.168.164.241:41857, 3750b3a2-715b-46b3-9d0c-9e38136244b9:192.168.164.241:46227], old=null
2019-10-20 18:19:03,770 [b75f8b2e-6273-4c97-b7c5-042674931d23@group-F11756C8BA4A-LeaderElection457] INFO  impl.LeaderElection (LogUtils.java:infoOrTrace(149)) -   Exception 0: {}
java.util.concurrent.ExecutionException: org.apache.ratis.thirdparty.io.grpc.StatusRuntimeException: UNAVAILABLE: io exception
	at java.util.concurrent.FutureTask.report(FutureTask.java:122)
	at java.util.concurrent.FutureTask.get(FutureTask.java:192)
	at org.apache.ratis.server.impl.LeaderElection.waitForResults(LeaderElection.java:259)
	at org.apache.ratis.server.impl.LeaderElection.askForVotes(LeaderElection.java:197)
	at org.apache.ratis.server.impl.LeaderElection.run(LeaderElection.java:133)
	at java.lang.Thread.run(Thread.java:748)
Caused by: org.apache.ratis.thirdparty.io.grpc.StatusRuntimeException: UNAVAILABLE: io exception
	at org.apache.ratis.thirdparty.io.grpc.stub.ClientCalls.toStatusRuntimeException(ClientCalls.java:233)
	at org.apache.ratis.thirdparty.io.grpc.stub.ClientCalls.getUnchecked(ClientCalls.java:214)
	at org.apache.ratis.thirdparty.io.grpc.stub.ClientCalls.blockingUnaryCall(ClientCalls.java:139)
	at org.apache.ratis.proto.grpc.RaftServerProtocolServiceGrpc$RaftServerProtocolServiceBlockingStub.requestVote(RaftServerProtocolServiceGrpc.java:265)
	at org.apache.ratis.grpc.server.GrpcServerProtocolClient.requestVote(GrpcServerProtocolClient.java:99)
	at org.apache.ratis.grpc.server.GrpcService.requestVote(GrpcService.java:204)
	at org.apache.ratis.server.impl.LeaderElection.lambda$submitRequests$1(LeaderElection.java:234)
	at java.util.concurrent.FutureTask.run(FutureTask.java:266)
	at java.util.concurrent.Executors$RunnableAdapter.call(Executors.java:511)
	at java.util.concurrent.FutureTask.run(FutureTask.java:266)
	at java.util.concurrent.ThreadPoolExecutor.runWorker(ThreadPoolExecutor.java:1149)
	at java.util.concurrent.ThreadPoolExecutor$Worker.run(ThreadPoolExecutor.java:624)
	... 1 more
Caused by: org.apache.ratis.thirdparty.io.netty.channel.AbstractChannel$AnnotatedConnectException: Connection refused: /192.168.164.241:46227
	at sun.nio.ch.SocketChannelImpl.checkConnect(Native Method)
	at sun.nio.ch.SocketChannelImpl.finishConnect(SocketChannelImpl.java:717)
	at org.apache.ratis.thirdparty.io.netty.channel.socket.nio.NioSocketChannel.doFinishConnect(NioSocketChannel.java:327)
	at org.apache.ratis.thirdparty.io.netty.channel.nio.AbstractNioChannel$AbstractNioUnsafe.finishConnect(AbstractNioChannel.java:340)
	at org.apache.ratis.thirdparty.io.netty.channel.nio.NioEventLoop.processSelectedKey(NioEventLoop.java:632)
	at org.apache.ratis.thirdparty.io.netty.channel.nio.NioEventLoop.processSelectedKeysOptimized(NioEventLoop.java:579)
	at org.apache.ratis.thirdparty.io.netty.channel.nio.NioEventLoop.processSelectedKeys(NioEventLoop.java:496)
	at org.apache.ratis.thirdparty.io.netty.channel.nio.NioEventLoop.run(NioEventLoop.java:458)
	at org.apache.ratis.thirdparty.io.netty.util.concurrent.SingleThreadEventExecutor$5.run(SingleThreadEventExecutor.java:897)
	at org.apache.ratis.thirdparty.io.netty.util.concurrent.FastThreadLocalRunnable.run(FastThreadLocalRunnable.java:30)
	... 1 more
Caused by: java.net.ConnectException: Connection refused
	... 11 more
2019-10-20 18:19:03,771 [b75f8b2e-6273-4c97-b7c5-042674931d23@group-F11756C8BA4A-LeaderElection457] INFO  impl.RaftServerImpl (RaftServerImpl.java:setRole(184)) - b75f8b2e-6273-4c97-b7c5-042674931d23@group-F11756C8BA4A: changes role from CANDIDATE to FOLLOWER at term 265 for DISCOVERED_A_NEW_TERM
2019-10-20 18:19:03,771 [b75f8b2e-6273-4c97-b7c5-042674931d23@group-F11756C8BA4A-LeaderElection457] INFO  impl.RoleInfo (RoleInfo.java:shutdownLeaderElection(134)) - b75f8b2e-6273-4c97-b7c5-042674931d23: shutdown LeaderElection
2019-10-20 18:19:03,771 [b75f8b2e-6273-4c97-b7c5-042674931d23@group-F11756C8BA4A-LeaderElection457] INFO  impl.RoleInfo (RoleInfo.java:updateAndGet(143)) - b75f8b2e-6273-4c97-b7c5-042674931d23: start FollowerState
2019-10-20 18:19:03,773 [Thread-3502] INFO  impl.FollowerState (FollowerState.java:run(108)) - b75f8b2e-6273-4c97-b7c5-042674931d23@group-F11756C8BA4A-FollowerState: change to CANDIDATE, lastRpcTime:2ms, electionTimeout:2ms
2019-10-20 18:19:03,773 [Thread-3502] INFO  impl.RoleInfo (RoleInfo.java:shutdownFollowerState(121)) - b75f8b2e-6273-4c97-b7c5-042674931d23: shutdown FollowerState
2019-10-20 18:19:03,773 [Thread-3502] INFO  impl.RaftServerImpl (RaftServerImpl.java:setRole(184)) - b75f8b2e-6273-4c97-b7c5-042674931d23@group-F11756C8BA4A: changes role from  FOLLOWER to CANDIDATE at term 265 for changeToCandidate
2019-10-20 18:19:03,774 [Thread-3502] INFO  impl.RoleInfo (RoleInfo.java:updateAndGet(143)) - b75f8b2e-6273-4c97-b7c5-042674931d23: start LeaderElection
2019-10-20 18:19:03,803 [b75f8b2e-6273-4c97-b7c5-042674931d23@group-F11756C8BA4A-LeaderElection458] INFO  impl.LeaderElection (LeaderElection.java:askForVotes(178)) - b75f8b2e-6273-4c97-b7c5-042674931d23@group-F11756C8BA4A-LeaderElection458: begin an election at term 266 for -1: [6ef27e9c-8ddb-4fa1-8c14-ab102acfb1b8:192.168.164.241:38092, b75f8b2e-6273-4c97-b7c5-042674931d23:192.168.164.241:41857, 3750b3a2-715b-46b3-9d0c-9e38136244b9:192.168.164.241:46227], old=null
2019-10-20 18:19:03,805 [b75f8b2e-6273-4c97-b7c5-042674931d23@group-F11756C8BA4A-LeaderElection458] INFO  impl.LeaderElection (LogUtils.java:infoOrTrace(149)) - b75f8b2e-6273-4c97-b7c5-042674931d23@group-F11756C8BA4A-LeaderElection458 got exception when requesting votes: {}
java.util.concurrent.ExecutionException: org.apache.ratis.thirdparty.io.grpc.StatusRuntimeException: UNAVAILABLE: io exception
	at java.util.concurrent.FutureTask.report(FutureTask.java:122)
	at java.util.concurrent.FutureTask.get(FutureTask.java:192)
	at org.apache.ratis.server.impl.LeaderElection.waitForResults(LeaderElection.java:259)
	at org.apache.ratis.server.impl.LeaderElection.askForVotes(LeaderElection.java:197)
	at org.apache.ratis.server.impl.LeaderElection.run(LeaderElection.java:133)
	at java.lang.Thread.run(Thread.java:748)
Caused by: org.apache.ratis.thirdparty.io.grpc.StatusRuntimeException: UNAVAILABLE: io exception
	at org.apache.ratis.thirdparty.io.grpc.stub.ClientCalls.toStatusRuntimeException(ClientCalls.java:233)
	at org.apache.ratis.thirdparty.io.grpc.stub.ClientCalls.getUnchecked(ClientCalls.java:214)
	at org.apache.ratis.thirdparty.io.grpc.stub.ClientCalls.blockingUnaryCall(ClientCalls.java:139)
	at org.apache.ratis.proto.grpc.RaftServerProtocolServiceGrpc$RaftServerProtocolServiceBlockingStub.requestVote(RaftServerProtocolServiceGrpc.java:265)
	at org.apache.ratis.grpc.server.GrpcServerProtocolClient.requestVote(GrpcServerProtocolClient.java:99)
	at org.apache.ratis.grpc.server.GrpcService.requestVote(GrpcService.java:204)
	at org.apache.ratis.server.impl.LeaderElection.lambda$submitRequests$1(LeaderElection.java:234)
	at java.util.concurrent.FutureTask.run(FutureTask.java:266)
	at java.util.concurrent.Executors$RunnableAdapter.call(Executors.java:511)
	at java.util.concurrent.FutureTask.run(FutureTask.java:266)
	at java.util.concurrent.ThreadPoolExecutor.runWorker(ThreadPoolExecutor.java:1149)
	at java.util.concurrent.ThreadPoolExecutor$Worker.run(ThreadPoolExecutor.java:624)
	... 1 more
Caused by: org.apache.ratis.thirdparty.io.netty.channel.AbstractChannel$AnnotatedConnectException: Connection refused: /192.168.164.241:46227
	at sun.nio.ch.SocketChannelImpl.checkConnect(Native Method)
	at sun.nio.ch.SocketChannelImpl.finishConnect(SocketChannelImpl.java:717)
	at org.apache.ratis.thirdparty.io.netty.channel.socket.nio.NioSocketChannel.doFinishConnect(NioSocketChannel.java:327)
	at org.apache.ratis.thirdparty.io.netty.channel.nio.AbstractNioChannel$AbstractNioUnsafe.finishConnect(AbstractNioChannel.java:340)
	at org.apache.ratis.thirdparty.io.netty.channel.nio.NioEventLoop.processSelectedKey(NioEventLoop.java:632)
	at org.apache.ratis.thirdparty.io.netty.channel.nio.NioEventLoop.processSelectedKeysOptimized(NioEventLoop.java:579)
	at org.apache.ratis.thirdparty.io.netty.channel.nio.NioEventLoop.processSelectedKeys(NioEventLoop.java:496)
	at org.apache.ratis.thirdparty.io.netty.channel.nio.NioEventLoop.run(NioEventLoop.java:458)
	at org.apache.ratis.thirdparty.io.netty.util.concurrent.SingleThreadEventExecutor$5.run(SingleThreadEventExecutor.java:897)
	at org.apache.ratis.thirdparty.io.netty.util.concurrent.FastThreadLocalRunnable.run(FastThreadLocalRunnable.java:30)
	... 1 more
Caused by: java.net.ConnectException: Connection refused
	... 11 more
2019-10-20 18:19:03,805 [grpc-default-executor-10] INFO  impl.RaftServerImpl (RaftServerImpl.java:setRole(184)) - 6ef27e9c-8ddb-4fa1-8c14-ab102acfb1b8@group-F11756C8BA4A: changes role from  FOLLOWER to FOLLOWER at term 266 for recognizeCandidate:b75f8b2e-6273-4c97-b7c5-042674931d23
2019-10-20 18:19:03,805 [grpc-default-executor-10] INFO  impl.RoleInfo (RoleInfo.java:shutdownFollowerState(121)) - 6ef27e9c-8ddb-4fa1-8c14-ab102acfb1b8: shutdown FollowerState
2019-10-20 18:19:03,806 [grpc-default-executor-10] INFO  impl.RoleInfo (RoleInfo.java:updateAndGet(143)) - 6ef27e9c-8ddb-4fa1-8c14-ab102acfb1b8: start FollowerState
2019-10-20 18:19:03,806 [Thread-3501] INFO  impl.FollowerState (FollowerState.java:run(117)) - 6ef27e9c-8ddb-4fa1-8c14-ab102acfb1b8@group-F11756C8BA4A-FollowerState was interrupted: java.lang.InterruptedException: sleep interrupted
2019-10-20 18:19:03,839 [b75f8b2e-6273-4c97-b7c5-042674931d23@group-F11756C8BA4A-LeaderElection458] INFO  impl.LeaderElection (LeaderElection.java:logAndReturn(56)) - b75f8b2e-6273-4c97-b7c5-042674931d23@group-F11756C8BA4A-LeaderElection458: Election REJECTED; received 1 response(s) [b75f8b2e-6273-4c97-b7c5-042674931d23<-6ef27e9c-8ddb-4fa1-8c14-ab102acfb1b8#0:FAIL-t266] and 1 exception(s); b75f8b2e-6273-4c97-b7c5-042674931d23@group-F11756C8BA4A:t266, leader=null, voted=b75f8b2e-6273-4c97-b7c5-042674931d23, raftlog=b75f8b2e-6273-4c97-b7c5-042674931d23@group-F11756C8BA4A-SegmentedRaftLog:OPENED:c-1,f-1,i0, conf=-1: [6ef27e9c-8ddb-4fa1-8c14-ab102acfb1b8:192.168.164.241:38092, b75f8b2e-6273-4c97-b7c5-042674931d23:192.168.164.241:41857, 3750b3a2-715b-46b3-9d0c-9e38136244b9:192.168.164.241:46227], old=null
2019-10-20 18:19:03,839 [b75f8b2e-6273-4c97-b7c5-042674931d23@group-F11756C8BA4A-LeaderElection458] INFO  impl.LeaderElection (LogUtils.java:infoOrTrace(149)) -   Exception 0: {}
java.util.concurrent.ExecutionException: org.apache.ratis.thirdparty.io.grpc.StatusRuntimeException: UNAVAILABLE: io exception
	at java.util.concurrent.FutureTask.report(FutureTask.java:122)
	at java.util.concurrent.FutureTask.get(FutureTask.java:192)
	at org.apache.ratis.server.impl.LeaderElection.waitForResults(LeaderElection.java:259)
	at org.apache.ratis.server.impl.LeaderElection.askForVotes(LeaderElection.java:197)
	at org.apache.ratis.server.impl.LeaderElection.run(LeaderElection.java:133)
	at java.lang.Thread.run(Thread.java:748)
Caused by: org.apache.ratis.thirdparty.io.grpc.StatusRuntimeException: UNAVAILABLE: io exception
	at org.apache.ratis.thirdparty.io.grpc.stub.ClientCalls.toStatusRuntimeException(ClientCalls.java:233)
	at org.apache.ratis.thirdparty.io.grpc.stub.ClientCalls.getUnchecked(ClientCalls.java:214)
	at org.apache.ratis.thirdparty.io.grpc.stub.ClientCalls.blockingUnaryCall(ClientCalls.java:139)
	at org.apache.ratis.proto.grpc.RaftServerProtocolServiceGrpc$RaftServerProtocolServiceBlockingStub.requestVote(RaftServerProtocolServiceGrpc.java:265)
	at org.apache.ratis.grpc.server.GrpcServerProtocolClient.requestVote(GrpcServerProtocolClient.java:99)
	at org.apache.ratis.grpc.server.GrpcService.requestVote(GrpcService.java:204)
	at org.apache.ratis.server.impl.LeaderElection.lambda$submitRequests$1(LeaderElection.java:234)
	at java.util.concurrent.FutureTask.run(FutureTask.java:266)
	at java.util.concurrent.Executors$RunnableAdapter.call(Executors.java:511)
	at java.util.concurrent.FutureTask.run(FutureTask.java:266)
	at java.util.concurrent.ThreadPoolExecutor.runWorker(ThreadPoolExecutor.java:1149)
	at java.util.concurrent.ThreadPoolExecutor$Worker.run(ThreadPoolExecutor.java:624)
	... 1 more
Caused by: org.apache.ratis.thirdparty.io.netty.channel.AbstractChannel$AnnotatedConnectException: Connection refused: /192.168.164.241:46227
	at sun.nio.ch.SocketChannelImpl.checkConnect(Native Method)
	at sun.nio.ch.SocketChannelImpl.finishConnect(SocketChannelImpl.java:717)
	at org.apache.ratis.thirdparty.io.netty.channel.socket.nio.NioSocketChannel.doFinishConnect(NioSocketChannel.java:327)
	at org.apache.ratis.thirdparty.io.netty.channel.nio.AbstractNioChannel$AbstractNioUnsafe.finishConnect(AbstractNioChannel.java:340)
	at org.apache.ratis.thirdparty.io.netty.channel.nio.NioEventLoop.processSelectedKey(NioEventLoop.java:632)
	at org.apache.ratis.thirdparty.io.netty.channel.nio.NioEventLoop.processSelectedKeysOptimized(NioEventLoop.java:579)
	at org.apache.ratis.thirdparty.io.netty.channel.nio.NioEventLoop.processSelectedKeys(NioEventLoop.java:496)
	at org.apache.ratis.thirdparty.io.netty.channel.nio.NioEventLoop.run(NioEventLoop.java:458)
	at org.apache.ratis.thirdparty.io.netty.util.concurrent.SingleThreadEventExecutor$5.run(SingleThreadEventExecutor.java:897)
	at org.apache.ratis.thirdparty.io.netty.util.concurrent.FastThreadLocalRunnable.run(FastThreadLocalRunnable.java:30)
	... 1 more
Caused by: java.net.ConnectException: Connection refused
	... 11 more
2019-10-20 18:19:03,840 [b75f8b2e-6273-4c97-b7c5-042674931d23@group-F11756C8BA4A-LeaderElection458] INFO  impl.RaftServerImpl (RaftServerImpl.java:setRole(184)) - b75f8b2e-6273-4c97-b7c5-042674931d23@group-F11756C8BA4A: changes role from CANDIDATE to FOLLOWER at term 266 for DISCOVERED_A_NEW_TERM
2019-10-20 18:19:03,840 [b75f8b2e-6273-4c97-b7c5-042674931d23@group-F11756C8BA4A-LeaderElection458] INFO  impl.RoleInfo (RoleInfo.java:shutdownLeaderElection(134)) - b75f8b2e-6273-4c97-b7c5-042674931d23: shutdown LeaderElection
2019-10-20 18:19:03,840 [b75f8b2e-6273-4c97-b7c5-042674931d23@group-F11756C8BA4A-LeaderElection458] INFO  impl.RoleInfo (RoleInfo.java:updateAndGet(143)) - b75f8b2e-6273-4c97-b7c5-042674931d23: start FollowerState
2019-10-20 18:19:03,899 [Datanode State Machine Thread - 0] INFO  statemachine.DatanodeStateMachine (DatanodeStateMachine.java:lambda$startDaemon$0(350)) - Ozone container server started.
2019-10-20 18:19:03,904 [Thread-3507] INFO  impl.FollowerState (FollowerState.java:run(108)) - b75f8b2e-6273-4c97-b7c5-042674931d23@group-F11756C8BA4A-FollowerState: change to CANDIDATE, lastRpcTime:63ms, electionTimeout:63ms
2019-10-20 18:19:03,904 [Thread-3507] INFO  impl.RoleInfo (RoleInfo.java:shutdownFollowerState(121)) - b75f8b2e-6273-4c97-b7c5-042674931d23: shutdown FollowerState
2019-10-20 18:19:03,904 [Thread-3507] INFO  impl.RaftServerImpl (RaftServerImpl.java:setRole(184)) - b75f8b2e-6273-4c97-b7c5-042674931d23@group-F11756C8BA4A: changes role from  FOLLOWER to CANDIDATE at term 266 for changeToCandidate
2019-10-20 18:19:03,904 [Thread-3507] INFO  impl.RoleInfo (RoleInfo.java:updateAndGet(143)) - b75f8b2e-6273-4c97-b7c5-042674931d23: start LeaderElection
2019-10-20 18:19:03,906 [Datanode State Machine Thread - 0] INFO  statemachine.DatanodeStateMachine (DatanodeStateMachine.java:lambda$startDaemon$0(350)) - Ozone container server started.
2019-10-20 18:19:03,930 [b75f8b2e-6273-4c97-b7c5-042674931d23@group-F11756C8BA4A-LeaderElection459] INFO  impl.LeaderElection (LeaderElection.java:askForVotes(178)) - b75f8b2e-6273-4c97-b7c5-042674931d23@group-F11756C8BA4A-LeaderElection459: begin an election at term 267 for -1: [6ef27e9c-8ddb-4fa1-8c14-ab102acfb1b8:192.168.164.241:38092, b75f8b2e-6273-4c97-b7c5-042674931d23:192.168.164.241:41857, 3750b3a2-715b-46b3-9d0c-9e38136244b9:192.168.164.241:46227], old=null
2019-10-20 18:19:03,931 [b75f8b2e-6273-4c97-b7c5-042674931d23@group-F11756C8BA4A-LeaderElection459] INFO  impl.LeaderElection (LogUtils.java:infoOrTrace(149)) - b75f8b2e-6273-4c97-b7c5-042674931d23@group-F11756C8BA4A-LeaderElection459 got exception when requesting votes: {}
java.util.concurrent.ExecutionException: org.apache.ratis.thirdparty.io.grpc.StatusRuntimeException: UNAVAILABLE: io exception
	at java.util.concurrent.FutureTask.report(FutureTask.java:122)
	at java.util.concurrent.FutureTask.get(FutureTask.java:192)
	at org.apache.ratis.server.impl.LeaderElection.waitForResults(LeaderElection.java:259)
	at org.apache.ratis.server.impl.LeaderElection.askForVotes(LeaderElection.java:197)
	at org.apache.ratis.server.impl.LeaderElection.run(LeaderElection.java:133)
	at java.lang.Thread.run(Thread.java:748)
Caused by: org.apache.ratis.thirdparty.io.grpc.StatusRuntimeException: UNAVAILABLE: io exception
	at org.apache.ratis.thirdparty.io.grpc.stub.ClientCalls.toStatusRuntimeException(ClientCalls.java:233)
	at org.apache.ratis.thirdparty.io.grpc.stub.ClientCalls.getUnchecked(ClientCalls.java:214)
	at org.apache.ratis.thirdparty.io.grpc.stub.ClientCalls.blockingUnaryCall(ClientCalls.java:139)
	at org.apache.ratis.proto.grpc.RaftServerProtocolServiceGrpc$RaftServerProtocolServiceBlockingStub.requestVote(RaftServerProtocolServiceGrpc.java:265)
	at org.apache.ratis.grpc.server.GrpcServerProtocolClient.requestVote(GrpcServerProtocolClient.java:99)
	at org.apache.ratis.grpc.server.GrpcService.requestVote(GrpcService.java:204)
	at org.apache.ratis.server.impl.LeaderElection.lambda$submitRequests$1(LeaderElection.java:234)
	at java.util.concurrent.FutureTask.run(FutureTask.java:266)
	at java.util.concurrent.Executors$RunnableAdapter.call(Executors.java:511)
	at java.util.concurrent.FutureTask.run(FutureTask.java:266)
	at java.util.concurrent.ThreadPoolExecutor.runWorker(ThreadPoolExecutor.java:1149)
	at java.util.concurrent.ThreadPoolExecutor$Worker.run(ThreadPoolExecutor.java:624)
	... 1 more
Caused by: org.apache.ratis.thirdparty.io.netty.channel.AbstractChannel$AnnotatedConnectException: Connection refused: /192.168.164.241:46227
	at sun.nio.ch.SocketChannelImpl.checkConnect(Native Method)
	at sun.nio.ch.SocketChannelImpl.finishConnect(SocketChannelImpl.java:717)
	at org.apache.ratis.thirdparty.io.netty.channel.socket.nio.NioSocketChannel.doFinishConnect(NioSocketChannel.java:327)
	at org.apache.ratis.thirdparty.io.netty.channel.nio.AbstractNioChannel$AbstractNioUnsafe.finishConnect(AbstractNioChannel.java:340)
	at org.apache.ratis.thirdparty.io.netty.channel.nio.NioEventLoop.processSelectedKey(NioEventLoop.java:632)
	at org.apache.ratis.thirdparty.io.netty.channel.nio.NioEventLoop.processSelectedKeysOptimized(NioEventLoop.java:579)
	at org.apache.ratis.thirdparty.io.netty.channel.nio.NioEventLoop.processSelectedKeys(NioEventLoop.java:496)
	at org.apache.ratis.thirdparty.io.netty.channel.nio.NioEventLoop.run(NioEventLoop.java:458)
	at org.apache.ratis.thirdparty.io.netty.util.concurrent.SingleThreadEventExecutor$5.run(SingleThreadEventExecutor.java:897)
	at org.apache.ratis.thirdparty.io.netty.util.concurrent.FastThreadLocalRunnable.run(FastThreadLocalRunnable.java:30)
	... 1 more
Caused by: java.net.ConnectException: Connection refused
	... 11 more
2019-10-20 18:19:03,932 [grpc-default-executor-10] INFO  impl.RaftServerImpl (RaftServerImpl.java:setRole(184)) - 6ef27e9c-8ddb-4fa1-8c14-ab102acfb1b8@group-F11756C8BA4A: changes role from  FOLLOWER to FOLLOWER at term 267 for recognizeCandidate:b75f8b2e-6273-4c97-b7c5-042674931d23
2019-10-20 18:19:03,932 [grpc-default-executor-10] INFO  impl.RoleInfo (RoleInfo.java:shutdownFollowerState(121)) - 6ef27e9c-8ddb-4fa1-8c14-ab102acfb1b8: shutdown FollowerState
2019-10-20 18:19:03,932 [grpc-default-executor-10] INFO  impl.RoleInfo (RoleInfo.java:updateAndGet(143)) - 6ef27e9c-8ddb-4fa1-8c14-ab102acfb1b8: start FollowerState
2019-10-20 18:19:03,932 [Thread-3506] INFO  impl.FollowerState (FollowerState.java:run(117)) - 6ef27e9c-8ddb-4fa1-8c14-ab102acfb1b8@group-F11756C8BA4A-FollowerState was interrupted: java.lang.InterruptedException: sleep interrupted
2019-10-20 18:19:03,956 [b75f8b2e-6273-4c97-b7c5-042674931d23@group-F11756C8BA4A-LeaderElection459] INFO  impl.LeaderElection (LeaderElection.java:logAndReturn(56)) - b75f8b2e-6273-4c97-b7c5-042674931d23@group-F11756C8BA4A-LeaderElection459: Election REJECTED; received 1 response(s) [b75f8b2e-6273-4c97-b7c5-042674931d23<-6ef27e9c-8ddb-4fa1-8c14-ab102acfb1b8#0:FAIL-t267] and 1 exception(s); b75f8b2e-6273-4c97-b7c5-042674931d23@group-F11756C8BA4A:t267, leader=null, voted=b75f8b2e-6273-4c97-b7c5-042674931d23, raftlog=b75f8b2e-6273-4c97-b7c5-042674931d23@group-F11756C8BA4A-SegmentedRaftLog:OPENED:c-1,f-1,i0, conf=-1: [6ef27e9c-8ddb-4fa1-8c14-ab102acfb1b8:192.168.164.241:38092, b75f8b2e-6273-4c97-b7c5-042674931d23:192.168.164.241:41857, 3750b3a2-715b-46b3-9d0c-9e38136244b9:192.168.164.241:46227], old=null
2019-10-20 18:19:03,956 [b75f8b2e-6273-4c97-b7c5-042674931d23@group-F11756C8BA4A-LeaderElection459] INFO  impl.LeaderElection (LogUtils.java:infoOrTrace(149)) -   Exception 0: {}
java.util.concurrent.ExecutionException: org.apache.ratis.thirdparty.io.grpc.StatusRuntimeException: UNAVAILABLE: io exception
	at java.util.concurrent.FutureTask.report(FutureTask.java:122)
	at java.util.concurrent.FutureTask.get(FutureTask.java:192)
	at org.apache.ratis.server.impl.LeaderElection.waitForResults(LeaderElection.java:259)
	at org.apache.ratis.server.impl.LeaderElection.askForVotes(LeaderElection.java:197)
	at org.apache.ratis.server.impl.LeaderElection.run(LeaderElection.java:133)
	at java.lang.Thread.run(Thread.java:748)
Caused by: org.apache.ratis.thirdparty.io.grpc.StatusRuntimeException: UNAVAILABLE: io exception
	at org.apache.ratis.thirdparty.io.grpc.stub.ClientCalls.toStatusRuntimeException(ClientCalls.java:233)
	at org.apache.ratis.thirdparty.io.grpc.stub.ClientCalls.getUnchecked(ClientCalls.java:214)
	at org.apache.ratis.thirdparty.io.grpc.stub.ClientCalls.blockingUnaryCall(ClientCalls.java:139)
	at org.apache.ratis.proto.grpc.RaftServerProtocolServiceGrpc$RaftServerProtocolServiceBlockingStub.requestVote(RaftServerProtocolServiceGrpc.java:265)
	at org.apache.ratis.grpc.server.GrpcServerProtocolClient.requestVote(GrpcServerProtocolClient.java:99)
	at org.apache.ratis.grpc.server.GrpcService.requestVote(GrpcService.java:204)
	at org.apache.ratis.server.impl.LeaderElection.lambda$submitRequests$1(LeaderElection.java:234)
	at java.util.concurrent.FutureTask.run(FutureTask.java:266)
	at java.util.concurrent.Executors$RunnableAdapter.call(Executors.java:511)
	at java.util.concurrent.FutureTask.run(FutureTask.java:266)
	at java.util.concurrent.ThreadPoolExecutor.runWorker(ThreadPoolExecutor.java:1149)
	at java.util.concurrent.ThreadPoolExecutor$Worker.run(ThreadPoolExecutor.java:624)
	... 1 more
Caused by: org.apache.ratis.thirdparty.io.netty.channel.AbstractChannel$AnnotatedConnectException: Connection refused: /192.168.164.241:46227
	at sun.nio.ch.SocketChannelImpl.checkConnect(Native Method)
	at sun.nio.ch.SocketChannelImpl.finishConnect(SocketChannelImpl.java:717)
	at org.apache.ratis.thirdparty.io.netty.channel.socket.nio.NioSocketChannel.doFinishConnect(NioSocketChannel.java:327)
	at org.apache.ratis.thirdparty.io.netty.channel.nio.AbstractNioChannel$AbstractNioUnsafe.finishConnect(AbstractNioChannel.java:340)
	at org.apache.ratis.thirdparty.io.netty.channel.nio.NioEventLoop.processSelectedKey(NioEventLoop.java:632)
	at org.apache.ratis.thirdparty.io.netty.channel.nio.NioEventLoop.processSelectedKeysOptimized(NioEventLoop.java:579)
	at org.apache.ratis.thirdparty.io.netty.channel.nio.NioEventLoop.processSelectedKeys(NioEventLoop.java:496)
	at org.apache.ratis.thirdparty.io.netty.channel.nio.NioEventLoop.run(NioEventLoop.java:458)
	at org.apache.ratis.thirdparty.io.netty.util.concurrent.SingleThreadEventExecutor$5.run(SingleThreadEventExecutor.java:897)
	at org.apache.ratis.thirdparty.io.netty.util.concurrent.FastThreadLocalRunnable.run(FastThreadLocalRunnable.java:30)
	... 1 more
Caused by: java.net.ConnectException: Connection refused
	... 11 more
2019-10-20 18:19:03,956 [b75f8b2e-6273-4c97-b7c5-042674931d23@group-F11756C8BA4A-LeaderElection459] INFO  impl.RaftServerImpl (RaftServerImpl.java:setRole(184)) - b75f8b2e-6273-4c97-b7c5-042674931d23@group-F11756C8BA4A: changes role from CANDIDATE to FOLLOWER at term 267 for DISCOVERED_A_NEW_TERM
2019-10-20 18:19:03,957 [b75f8b2e-6273-4c97-b7c5-042674931d23@group-F11756C8BA4A-LeaderElection459] INFO  impl.RoleInfo (RoleInfo.java:shutdownLeaderElection(134)) - b75f8b2e-6273-4c97-b7c5-042674931d23: shutdown LeaderElection
2019-10-20 18:19:03,957 [b75f8b2e-6273-4c97-b7c5-042674931d23@group-F11756C8BA4A-LeaderElection459] INFO  impl.RoleInfo (RoleInfo.java:updateAndGet(143)) - b75f8b2e-6273-4c97-b7c5-042674931d23: start FollowerState
2019-10-20 18:19:04,047 [Thread-3470] INFO  impl.FollowerState (FollowerState.java:run(108)) - 7a43c46a-fc88-4b2d-b2da-ae029cfa60ff@group-D40A05E2FCF9-FollowerState: change to CANDIDATE, lastRpcTime:1152ms, electionTimeout:1152ms
2019-10-20 18:19:04,048 [Thread-3470] INFO  impl.RoleInfo (RoleInfo.java:shutdownFollowerState(121)) - 7a43c46a-fc88-4b2d-b2da-ae029cfa60ff: shutdown FollowerState
2019-10-20 18:19:04,048 [Thread-3470] INFO  impl.RaftServerImpl (RaftServerImpl.java:setRole(184)) - 7a43c46a-fc88-4b2d-b2da-ae029cfa60ff@group-D40A05E2FCF9: changes role from  FOLLOWER to CANDIDATE at term 258 for changeToCandidate
2019-10-20 18:19:04,048 [Thread-3470] INFO  impl.RoleInfo (RoleInfo.java:updateAndGet(143)) - 7a43c46a-fc88-4b2d-b2da-ae029cfa60ff: start LeaderElection
2019-10-20 18:19:04,081 [7a43c46a-fc88-4b2d-b2da-ae029cfa60ff@group-D40A05E2FCF9-LeaderElection460] INFO  impl.LeaderElection (LeaderElection.java:askForVotes(178)) - 7a43c46a-fc88-4b2d-b2da-ae029cfa60ff@group-D40A05E2FCF9-LeaderElection460: begin an election at term 259 for 0: [399079f7-1eb1-4f37-b003-267572525934:192.168.164.241:37762, 7a43c46a-fc88-4b2d-b2da-ae029cfa60ff:192.168.164.241:43684, 6c5c38af-62e6-4ea7-a24a-078dcb28fb39:192.168.164.241:45428], old=null
2019-10-20 18:19:04,085 [7a43c46a-fc88-4b2d-b2da-ae029cfa60ff@group-D40A05E2FCF9-LeaderElection460] INFO  impl.LeaderElection (LogUtils.java:infoOrTrace(149)) - 7a43c46a-fc88-4b2d-b2da-ae029cfa60ff@group-D40A05E2FCF9-LeaderElection460 got exception when requesting votes: {}
java.util.concurrent.ExecutionException: org.apache.ratis.thirdparty.io.grpc.StatusRuntimeException: UNAVAILABLE: io exception
	at java.util.concurrent.FutureTask.report(FutureTask.java:122)
	at java.util.concurrent.FutureTask.get(FutureTask.java:192)
	at org.apache.ratis.server.impl.LeaderElection.waitForResults(LeaderElection.java:259)
	at org.apache.ratis.server.impl.LeaderElection.askForVotes(LeaderElection.java:197)
	at org.apache.ratis.server.impl.LeaderElection.run(LeaderElection.java:133)
	at java.lang.Thread.run(Thread.java:748)
Caused by: org.apache.ratis.thirdparty.io.grpc.StatusRuntimeException: UNAVAILABLE: io exception
	at org.apache.ratis.thirdparty.io.grpc.stub.ClientCalls.toStatusRuntimeException(ClientCalls.java:233)
	at org.apache.ratis.thirdparty.io.grpc.stub.ClientCalls.getUnchecked(ClientCalls.java:214)
	at org.apache.ratis.thirdparty.io.grpc.stub.ClientCalls.blockingUnaryCall(ClientCalls.java:139)
	at org.apache.ratis.proto.grpc.RaftServerProtocolServiceGrpc$RaftServerProtocolServiceBlockingStub.requestVote(RaftServerProtocolServiceGrpc.java:265)
	at org.apache.ratis.grpc.server.GrpcServerProtocolClient.requestVote(GrpcServerProtocolClient.java:99)
	at org.apache.ratis.grpc.server.GrpcService.requestVote(GrpcService.java:204)
	at org.apache.ratis.server.impl.LeaderElection.lambda$submitRequests$1(LeaderElection.java:234)
	at java.util.concurrent.FutureTask.run(FutureTask.java:266)
	at java.util.concurrent.Executors$RunnableAdapter.call(Executors.java:511)
	at java.util.concurrent.FutureTask.run(FutureTask.java:266)
	at java.util.concurrent.ThreadPoolExecutor.runWorker(ThreadPoolExecutor.java:1149)
	at java.util.concurrent.ThreadPoolExecutor$Worker.run(ThreadPoolExecutor.java:624)
	... 1 more
Caused by: org.apache.ratis.thirdparty.io.netty.channel.AbstractChannel$AnnotatedConnectException: Connection refused: /192.168.164.241:45428
	at sun.nio.ch.SocketChannelImpl.checkConnect(Native Method)
	at sun.nio.ch.SocketChannelImpl.finishConnect(SocketChannelImpl.java:717)
	at org.apache.ratis.thirdparty.io.netty.channel.socket.nio.NioSocketChannel.doFinishConnect(NioSocketChannel.java:327)
	at org.apache.ratis.thirdparty.io.netty.channel.nio.AbstractNioChannel$AbstractNioUnsafe.finishConnect(AbstractNioChannel.java:340)
	at org.apache.ratis.thirdparty.io.netty.channel.nio.NioEventLoop.processSelectedKey(NioEventLoop.java:632)
	at org.apache.ratis.thirdparty.io.netty.channel.nio.NioEventLoop.processSelectedKeysOptimized(NioEventLoop.java:579)
	at org.apache.ratis.thirdparty.io.netty.channel.nio.NioEventLoop.processSelectedKeys(NioEventLoop.java:496)
	at org.apache.ratis.thirdparty.io.netty.channel.nio.NioEventLoop.run(NioEventLoop.java:458)
	at org.apache.ratis.thirdparty.io.netty.util.concurrent.SingleThreadEventExecutor$5.run(SingleThreadEventExecutor.java:897)
	at org.apache.ratis.thirdparty.io.netty.util.concurrent.FastThreadLocalRunnable.run(FastThreadLocalRunnable.java:30)
	... 1 more
Caused by: java.net.ConnectException: Connection refused
	... 11 more
2019-10-20 18:19:04,086 [7a43c46a-fc88-4b2d-b2da-ae029cfa60ff@group-D40A05E2FCF9-LeaderElection460] INFO  impl.LeaderElection (LogUtils.java:infoOrTrace(149)) - 7a43c46a-fc88-4b2d-b2da-ae029cfa60ff@group-D40A05E2FCF9-LeaderElection460 got exception when requesting votes: {}
java.util.concurrent.ExecutionException: org.apache.ratis.thirdparty.io.grpc.StatusRuntimeException: UNAVAILABLE: io exception
	at java.util.concurrent.FutureTask.report(FutureTask.java:122)
	at java.util.concurrent.FutureTask.get(FutureTask.java:192)
	at org.apache.ratis.server.impl.LeaderElection.waitForResults(LeaderElection.java:259)
	at org.apache.ratis.server.impl.LeaderElection.askForVotes(LeaderElection.java:197)
	at org.apache.ratis.server.impl.LeaderElection.run(LeaderElection.java:133)
	at java.lang.Thread.run(Thread.java:748)
Caused by: org.apache.ratis.thirdparty.io.grpc.StatusRuntimeException: UNAVAILABLE: io exception
	at org.apache.ratis.thirdparty.io.grpc.stub.ClientCalls.toStatusRuntimeException(ClientCalls.java:233)
	at org.apache.ratis.thirdparty.io.grpc.stub.ClientCalls.getUnchecked(ClientCalls.java:214)
	at org.apache.ratis.thirdparty.io.grpc.stub.ClientCalls.blockingUnaryCall(ClientCalls.java:139)
	at org.apache.ratis.proto.grpc.RaftServerProtocolServiceGrpc$RaftServerProtocolServiceBlockingStub.requestVote(RaftServerProtocolServiceGrpc.java:265)
	at org.apache.ratis.grpc.server.GrpcServerProtocolClient.requestVote(GrpcServerProtocolClient.java:99)
	at org.apache.ratis.grpc.server.GrpcService.requestVote(GrpcService.java:204)
	at org.apache.ratis.server.impl.LeaderElection.lambda$submitRequests$1(LeaderElection.java:234)
	at java.util.concurrent.FutureTask.run(FutureTask.java:266)
	at java.util.concurrent.Executors$RunnableAdapter.call(Executors.java:511)
	at java.util.concurrent.FutureTask.run(FutureTask.java:266)
	at java.util.concurrent.ThreadPoolExecutor.runWorker(ThreadPoolExecutor.java:1149)
	at java.util.concurrent.ThreadPoolExecutor$Worker.run(ThreadPoolExecutor.java:624)
	... 1 more
Caused by: org.apache.ratis.thirdparty.io.netty.channel.AbstractChannel$AnnotatedConnectException: Connection refused: /192.168.164.241:37762
	at sun.nio.ch.SocketChannelImpl.checkConnect(Native Method)
	at sun.nio.ch.SocketChannelImpl.finishConnect(SocketChannelImpl.java:717)
	at org.apache.ratis.thirdparty.io.netty.channel.socket.nio.NioSocketChannel.doFinishConnect(NioSocketChannel.java:327)
	at org.apache.ratis.thirdparty.io.netty.channel.nio.AbstractNioChannel$AbstractNioUnsafe.finishConnect(AbstractNioChannel.java:340)
	at org.apache.ratis.thirdparty.io.netty.channel.nio.NioEventLoop.processSelectedKey(NioEventLoop.java:632)
	at org.apache.ratis.thirdparty.io.netty.channel.nio.NioEventLoop.processSelectedKeysOptimized(NioEventLoop.java:579)
	at org.apache.ratis.thirdparty.io.netty.channel.nio.NioEventLoop.processSelectedKeys(NioEventLoop.java:496)
	at org.apache.ratis.thirdparty.io.netty.channel.nio.NioEventLoop.run(NioEventLoop.java:458)
	at org.apache.ratis.thirdparty.io.netty.util.concurrent.SingleThreadEventExecutor$5.run(SingleThreadEventExecutor.java:897)
	at org.apache.ratis.thirdparty.io.netty.util.concurrent.FastThreadLocalRunnable.run(FastThreadLocalRunnable.java:30)
	... 1 more
Caused by: java.net.ConnectException: Connection refused
	... 11 more
2019-10-20 18:19:04,086 [7a43c46a-fc88-4b2d-b2da-ae029cfa60ff@group-D40A05E2FCF9-LeaderElection460] INFO  impl.LeaderElection (LeaderElection.java:logAndReturn(56)) - 7a43c46a-fc88-4b2d-b2da-ae029cfa60ff@group-D40A05E2FCF9-LeaderElection460: Election REJECTED; received 0 response(s) [] and 2 exception(s); 7a43c46a-fc88-4b2d-b2da-ae029cfa60ff@group-D40A05E2FCF9:t259, leader=null, voted=7a43c46a-fc88-4b2d-b2da-ae029cfa60ff, raftlog=7a43c46a-fc88-4b2d-b2da-ae029cfa60ff@group-D40A05E2FCF9-SegmentedRaftLog:OPENED:c0,f0,i0, conf=0: [399079f7-1eb1-4f37-b003-267572525934:192.168.164.241:37762, 7a43c46a-fc88-4b2d-b2da-ae029cfa60ff:192.168.164.241:43684, 6c5c38af-62e6-4ea7-a24a-078dcb28fb39:192.168.164.241:45428], old=null
2019-10-20 18:19:04,086 [7a43c46a-fc88-4b2d-b2da-ae029cfa60ff@group-D40A05E2FCF9-LeaderElection460] INFO  impl.LeaderElection (LogUtils.java:infoOrTrace(149)) -   Exception 0: {}
java.util.concurrent.ExecutionException: org.apache.ratis.thirdparty.io.grpc.StatusRuntimeException: UNAVAILABLE: io exception
	at java.util.concurrent.FutureTask.report(FutureTask.java:122)
	at java.util.concurrent.FutureTask.get(FutureTask.java:192)
	at org.apache.ratis.server.impl.LeaderElection.waitForResults(LeaderElection.java:259)
	at org.apache.ratis.server.impl.LeaderElection.askForVotes(LeaderElection.java:197)
	at org.apache.ratis.server.impl.LeaderElection.run(LeaderElection.java:133)
	at java.lang.Thread.run(Thread.java:748)
Caused by: org.apache.ratis.thirdparty.io.grpc.StatusRuntimeException: UNAVAILABLE: io exception
	at org.apache.ratis.thirdparty.io.grpc.stub.ClientCalls.toStatusRuntimeException(ClientCalls.java:233)
	at org.apache.ratis.thirdparty.io.grpc.stub.ClientCalls.getUnchecked(ClientCalls.java:214)
	at org.apache.ratis.thirdparty.io.grpc.stub.ClientCalls.blockingUnaryCall(ClientCalls.java:139)
	at org.apache.ratis.proto.grpc.RaftServerProtocolServiceGrpc$RaftServerProtocolServiceBlockingStub.requestVote(RaftServerProtocolServiceGrpc.java:265)
	at org.apache.ratis.grpc.server.GrpcServerProtocolClient.requestVote(GrpcServerProtocolClient.java:99)
	at org.apache.ratis.grpc.server.GrpcService.requestVote(GrpcService.java:204)
	at org.apache.ratis.server.impl.LeaderElection.lambda$submitRequests$1(LeaderElection.java:234)
	at java.util.concurrent.FutureTask.run(FutureTask.java:266)
	at java.util.concurrent.Executors$RunnableAdapter.call(Executors.java:511)
	at java.util.concurrent.FutureTask.run(FutureTask.java:266)
	at java.util.concurrent.ThreadPoolExecutor.runWorker(ThreadPoolExecutor.java:1149)
	at java.util.concurrent.ThreadPoolExecutor$Worker.run(ThreadPoolExecutor.java:624)
	... 1 more
Caused by: org.apache.ratis.thirdparty.io.netty.channel.AbstractChannel$AnnotatedConnectException: Connection refused: /192.168.164.241:45428
	at sun.nio.ch.SocketChannelImpl.checkConnect(Native Method)
	at sun.nio.ch.SocketChannelImpl.finishConnect(SocketChannelImpl.java:717)
	at org.apache.ratis.thirdparty.io.netty.channel.socket.nio.NioSocketChannel.doFinishConnect(NioSocketChannel.java:327)
	at org.apache.ratis.thirdparty.io.netty.channel.nio.AbstractNioChannel$AbstractNioUnsafe.finishConnect(AbstractNioChannel.java:340)
	at org.apache.ratis.thirdparty.io.netty.channel.nio.NioEventLoop.processSelectedKey(NioEventLoop.java:632)
	at org.apache.ratis.thirdparty.io.netty.channel.nio.NioEventLoop.processSelectedKeysOptimized(NioEventLoop.java:579)
	at org.apache.ratis.thirdparty.io.netty.channel.nio.NioEventLoop.processSelectedKeys(NioEventLoop.java:496)
	at org.apache.ratis.thirdparty.io.netty.channel.nio.NioEventLoop.run(NioEventLoop.java:458)
	at org.apache.ratis.thirdparty.io.netty.util.concurrent.SingleThreadEventExecutor$5.run(SingleThreadEventExecutor.java:897)
	at org.apache.ratis.thirdparty.io.netty.util.concurrent.FastThreadLocalRunnable.run(FastThreadLocalRunnable.java:30)
	... 1 more
Caused by: java.net.ConnectException: Connection refused
	... 11 more
2019-10-20 18:19:04,086 [7a43c46a-fc88-4b2d-b2da-ae029cfa60ff@group-D40A05E2FCF9-LeaderElection460] INFO  impl.LeaderElection (LogUtils.java:infoOrTrace(149)) -   Exception 1: {}
java.util.concurrent.ExecutionException: org.apache.ratis.thirdparty.io.grpc.StatusRuntimeException: UNAVAILABLE: io exception
	at java.util.concurrent.FutureTask.report(FutureTask.java:122)
	at java.util.concurrent.FutureTask.get(FutureTask.java:192)
	at org.apache.ratis.server.impl.LeaderElection.waitForResults(LeaderElection.java:259)
	at org.apache.ratis.server.impl.LeaderElection.askForVotes(LeaderElection.java:197)
	at org.apache.ratis.server.impl.LeaderElection.run(LeaderElection.java:133)
	at java.lang.Thread.run(Thread.java:748)
Caused by: org.apache.ratis.thirdparty.io.grpc.StatusRuntimeException: UNAVAILABLE: io exception
	at org.apache.ratis.thirdparty.io.grpc.stub.ClientCalls.toStatusRuntimeException(ClientCalls.java:233)
	at org.apache.ratis.thirdparty.io.grpc.stub.ClientCalls.getUnchecked(ClientCalls.java:214)
	at org.apache.ratis.thirdparty.io.grpc.stub.ClientCalls.blockingUnaryCall(ClientCalls.java:139)
	at org.apache.ratis.proto.grpc.RaftServerProtocolServiceGrpc$RaftServerProtocolServiceBlockingStub.requestVote(RaftServerProtocolServiceGrpc.java:265)
	at org.apache.ratis.grpc.server.GrpcServerProtocolClient.requestVote(GrpcServerProtocolClient.java:99)
	at org.apache.ratis.grpc.server.GrpcService.requestVote(GrpcService.java:204)
	at org.apache.ratis.server.impl.LeaderElection.lambda$submitRequests$1(LeaderElection.java:234)
	at java.util.concurrent.FutureTask.run(FutureTask.java:266)
	at java.util.concurrent.Executors$RunnableAdapter.call(Executors.java:511)
	at java.util.concurrent.FutureTask.run(FutureTask.java:266)
	at java.util.concurrent.ThreadPoolExecutor.runWorker(ThreadPoolExecutor.java:1149)
	at java.util.concurrent.ThreadPoolExecutor$Worker.run(ThreadPoolExecutor.java:624)
	... 1 more
Caused by: org.apache.ratis.thirdparty.io.netty.channel.AbstractChannel$AnnotatedConnectException: Connection refused: /192.168.164.241:37762
	at sun.nio.ch.SocketChannelImpl.checkConnect(Native Method)
	at sun.nio.ch.SocketChannelImpl.finishConnect(SocketChannelImpl.java:717)
	at org.apache.ratis.thirdparty.io.netty.channel.socket.nio.NioSocketChannel.doFinishConnect(NioSocketChannel.java:327)
	at org.apache.ratis.thirdparty.io.netty.channel.nio.AbstractNioChannel$AbstractNioUnsafe.finishConnect(AbstractNioChannel.java:340)
	at org.apache.ratis.thirdparty.io.netty.channel.nio.NioEventLoop.processSelectedKey(NioEventLoop.java:632)
	at org.apache.ratis.thirdparty.io.netty.channel.nio.NioEventLoop.processSelectedKeysOptimized(NioEventLoop.java:579)
	at org.apache.ratis.thirdparty.io.netty.channel.nio.NioEventLoop.processSelectedKeys(NioEventLoop.java:496)
	at org.apache.ratis.thirdparty.io.netty.channel.nio.NioEventLoop.run(NioEventLoop.java:458)
	at org.apache.ratis.thirdparty.io.netty.util.concurrent.SingleThreadEventExecutor$5.run(SingleThreadEventExecutor.java:897)
	at org.apache.ratis.thirdparty.io.netty.util.concurrent.FastThreadLocalRunnable.run(FastThreadLocalRunnable.java:30)
	... 1 more
Caused by: java.net.ConnectException: Connection refused
	... 11 more
2019-10-20 18:19:04,087 [7a43c46a-fc88-4b2d-b2da-ae029cfa60ff@group-D40A05E2FCF9-LeaderElection460] INFO  impl.RaftServerImpl (RaftServerImpl.java:setRole(184)) - 7a43c46a-fc88-4b2d-b2da-ae029cfa60ff@group-D40A05E2FCF9: changes role from CANDIDATE to FOLLOWER at term 259 for DISCOVERED_A_NEW_TERM
2019-10-20 18:19:04,087 [7a43c46a-fc88-4b2d-b2da-ae029cfa60ff@group-D40A05E2FCF9-LeaderElection460] INFO  impl.RoleInfo (RoleInfo.java:shutdownLeaderElection(134)) - 7a43c46a-fc88-4b2d-b2da-ae029cfa60ff: shutdown LeaderElection
2019-10-20 18:19:04,087 [7a43c46a-fc88-4b2d-b2da-ae029cfa60ff@group-D40A05E2FCF9-LeaderElection460] INFO  impl.RoleInfo (RoleInfo.java:updateAndGet(143)) - 7a43c46a-fc88-4b2d-b2da-ae029cfa60ff: start FollowerState
2019-10-20 18:19:04,093 [Thread-3512] INFO  impl.FollowerState (FollowerState.java:run(108)) - b75f8b2e-6273-4c97-b7c5-042674931d23@group-F11756C8BA4A-FollowerState: change to CANDIDATE, lastRpcTime:136ms, electionTimeout:136ms
2019-10-20 18:19:04,093 [Thread-3512] INFO  impl.RoleInfo (RoleInfo.java:shutdownFollowerState(121)) - b75f8b2e-6273-4c97-b7c5-042674931d23: shutdown FollowerState
2019-10-20 18:19:04,093 [Thread-3512] INFO  impl.RaftServerImpl (RaftServerImpl.java:setRole(184)) - b75f8b2e-6273-4c97-b7c5-042674931d23@group-F11756C8BA4A: changes role from  FOLLOWER to CANDIDATE at term 267 for changeToCandidate
2019-10-20 18:19:04,094 [Thread-3512] INFO  impl.RoleInfo (RoleInfo.java:updateAndGet(143)) - b75f8b2e-6273-4c97-b7c5-042674931d23: start LeaderElection
2019-10-20 18:19:04,115 [b75f8b2e-6273-4c97-b7c5-042674931d23@group-F11756C8BA4A-LeaderElection461] INFO  impl.LeaderElection (LeaderElection.java:askForVotes(178)) - b75f8b2e-6273-4c97-b7c5-042674931d23@group-F11756C8BA4A-LeaderElection461: begin an election at term 268 for -1: [6ef27e9c-8ddb-4fa1-8c14-ab102acfb1b8:192.168.164.241:38092, b75f8b2e-6273-4c97-b7c5-042674931d23:192.168.164.241:41857, 3750b3a2-715b-46b3-9d0c-9e38136244b9:192.168.164.241:46227], old=null
2019-10-20 18:19:04,116 [b75f8b2e-6273-4c97-b7c5-042674931d23@group-F11756C8BA4A-LeaderElection461] INFO  impl.LeaderElection (LogUtils.java:infoOrTrace(149)) - b75f8b2e-6273-4c97-b7c5-042674931d23@group-F11756C8BA4A-LeaderElection461 got exception when requesting votes: {}
java.util.concurrent.ExecutionException: org.apache.ratis.thirdparty.io.grpc.StatusRuntimeException: UNAVAILABLE: io exception
	at java.util.concurrent.FutureTask.report(FutureTask.java:122)
	at java.util.concurrent.FutureTask.get(FutureTask.java:192)
	at org.apache.ratis.server.impl.LeaderElection.waitForResults(LeaderElection.java:259)
	at org.apache.ratis.server.impl.LeaderElection.askForVotes(LeaderElection.java:197)
	at org.apache.ratis.server.impl.LeaderElection.run(LeaderElection.java:133)
	at java.lang.Thread.run(Thread.java:748)
Caused by: org.apache.ratis.thirdparty.io.grpc.StatusRuntimeException: UNAVAILABLE: io exception
	at org.apache.ratis.thirdparty.io.grpc.stub.ClientCalls.toStatusRuntimeException(ClientCalls.java:233)
	at org.apache.ratis.thirdparty.io.grpc.stub.ClientCalls.getUnchecked(ClientCalls.java:214)
	at org.apache.ratis.thirdparty.io.grpc.stub.ClientCalls.blockingUnaryCall(ClientCalls.java:139)
	at org.apache.ratis.proto.grpc.RaftServerProtocolServiceGrpc$RaftServerProtocolServiceBlockingStub.requestVote(RaftServerProtocolServiceGrpc.java:265)
	at org.apache.ratis.grpc.server.GrpcServerProtocolClient.requestVote(GrpcServerProtocolClient.java:99)
	at org.apache.ratis.grpc.server.GrpcService.requestVote(GrpcService.java:204)
	at org.apache.ratis.server.impl.LeaderElection.lambda$submitRequests$1(LeaderElection.java:234)
	at java.util.concurrent.FutureTask.run(FutureTask.java:266)
	at java.util.concurrent.Executors$RunnableAdapter.call(Executors.java:511)
	at java.util.concurrent.FutureTask.run(FutureTask.java:266)
	at java.util.concurrent.ThreadPoolExecutor.runWorker(ThreadPoolExecutor.java:1149)
	at java.util.concurrent.ThreadPoolExecutor$Worker.run(ThreadPoolExecutor.java:624)
	... 1 more
Caused by: org.apache.ratis.thirdparty.io.netty.channel.AbstractChannel$AnnotatedConnectException: Connection refused: /192.168.164.241:46227
	at sun.nio.ch.SocketChannelImpl.checkConnect(Native Method)
	at sun.nio.ch.SocketChannelImpl.finishConnect(SocketChannelImpl.java:717)
	at org.apache.ratis.thirdparty.io.netty.channel.socket.nio.NioSocketChannel.doFinishConnect(NioSocketChannel.java:327)
	at org.apache.ratis.thirdparty.io.netty.channel.nio.AbstractNioChannel$AbstractNioUnsafe.finishConnect(AbstractNioChannel.java:340)
	at org.apache.ratis.thirdparty.io.netty.channel.nio.NioEventLoop.processSelectedKey(NioEventLoop.java:632)
	at org.apache.ratis.thirdparty.io.netty.channel.nio.NioEventLoop.processSelectedKeysOptimized(NioEventLoop.java:579)
	at org.apache.ratis.thirdparty.io.netty.channel.nio.NioEventLoop.processSelectedKeys(NioEventLoop.java:496)
	at org.apache.ratis.thirdparty.io.netty.channel.nio.NioEventLoop.run(NioEventLoop.java:458)
	at org.apache.ratis.thirdparty.io.netty.util.concurrent.SingleThreadEventExecutor$5.run(SingleThreadEventExecutor.java:897)
	at org.apache.ratis.thirdparty.io.netty.util.concurrent.FastThreadLocalRunnable.run(FastThreadLocalRunnable.java:30)
	... 1 more
Caused by: java.net.ConnectException: Connection refused
	... 11 more
2019-10-20 18:19:04,117 [grpc-default-executor-10] INFO  impl.RaftServerImpl (RaftServerImpl.java:setRole(184)) - 6ef27e9c-8ddb-4fa1-8c14-ab102acfb1b8@group-F11756C8BA4A: changes role from  FOLLOWER to FOLLOWER at term 268 for recognizeCandidate:b75f8b2e-6273-4c97-b7c5-042674931d23
2019-10-20 18:19:04,117 [grpc-default-executor-10] INFO  impl.RoleInfo (RoleInfo.java:shutdownFollowerState(121)) - 6ef27e9c-8ddb-4fa1-8c14-ab102acfb1b8: shutdown FollowerState
2019-10-20 18:19:04,117 [grpc-default-executor-10] INFO  impl.RoleInfo (RoleInfo.java:updateAndGet(143)) - 6ef27e9c-8ddb-4fa1-8c14-ab102acfb1b8: start FollowerState
2019-10-20 18:19:04,117 [Thread-3511] INFO  impl.FollowerState (FollowerState.java:run(117)) - 6ef27e9c-8ddb-4fa1-8c14-ab102acfb1b8@group-F11756C8BA4A-FollowerState was interrupted: java.lang.InterruptedException: sleep interrupted
2019-10-20 18:19:04,141 [b75f8b2e-6273-4c97-b7c5-042674931d23@group-F11756C8BA4A-LeaderElection461] INFO  impl.LeaderElection (LeaderElection.java:logAndReturn(56)) - b75f8b2e-6273-4c97-b7c5-042674931d23@group-F11756C8BA4A-LeaderElection461: Election REJECTED; received 1 response(s) [b75f8b2e-6273-4c97-b7c5-042674931d23<-6ef27e9c-8ddb-4fa1-8c14-ab102acfb1b8#0:FAIL-t268] and 1 exception(s); b75f8b2e-6273-4c97-b7c5-042674931d23@group-F11756C8BA4A:t268, leader=null, voted=b75f8b2e-6273-4c97-b7c5-042674931d23, raftlog=b75f8b2e-6273-4c97-b7c5-042674931d23@group-F11756C8BA4A-SegmentedRaftLog:OPENED:c-1,f-1,i0, conf=-1: [6ef27e9c-8ddb-4fa1-8c14-ab102acfb1b8:192.168.164.241:38092, b75f8b2e-6273-4c97-b7c5-042674931d23:192.168.164.241:41857, 3750b3a2-715b-46b3-9d0c-9e38136244b9:192.168.164.241:46227], old=null
2019-10-20 18:19:04,142 [b75f8b2e-6273-4c97-b7c5-042674931d23@group-F11756C8BA4A-LeaderElection461] INFO  impl.LeaderElection (LogUtils.java:infoOrTrace(149)) -   Exception 0: {}
java.util.concurrent.ExecutionException: org.apache.ratis.thirdparty.io.grpc.StatusRuntimeException: UNAVAILABLE: io exception
	at java.util.concurrent.FutureTask.report(FutureTask.java:122)
	at java.util.concurrent.FutureTask.get(FutureTask.java:192)
	at org.apache.ratis.server.impl.LeaderElection.waitForResults(LeaderElection.java:259)
	at org.apache.ratis.server.impl.LeaderElection.askForVotes(LeaderElection.java:197)
	at org.apache.ratis.server.impl.LeaderElection.run(LeaderElection.java:133)
	at java.lang.Thread.run(Thread.java:748)
Caused by: org.apache.ratis.thirdparty.io.grpc.StatusRuntimeException: UNAVAILABLE: io exception
	at org.apache.ratis.thirdparty.io.grpc.stub.ClientCalls.toStatusRuntimeException(ClientCalls.java:233)
	at org.apache.ratis.thirdparty.io.grpc.stub.ClientCalls.getUnchecked(ClientCalls.java:214)
	at org.apache.ratis.thirdparty.io.grpc.stub.ClientCalls.blockingUnaryCall(ClientCalls.java:139)
	at org.apache.ratis.proto.grpc.RaftServerProtocolServiceGrpc$RaftServerProtocolServiceBlockingStub.requestVote(RaftServerProtocolServiceGrpc.java:265)
	at org.apache.ratis.grpc.server.GrpcServerProtocolClient.requestVote(GrpcServerProtocolClient.java:99)
	at org.apache.ratis.grpc.server.GrpcService.requestVote(GrpcService.java:204)
	at org.apache.ratis.server.impl.LeaderElection.lambda$submitRequests$1(LeaderElection.java:234)
	at java.util.concurrent.FutureTask.run(FutureTask.java:266)
	at java.util.concurrent.Executors$RunnableAdapter.call(Executors.java:511)
	at java.util.concurrent.FutureTask.run(FutureTask.java:266)
	at java.util.concurrent.ThreadPoolExecutor.runWorker(ThreadPoolExecutor.java:1149)
	at java.util.concurrent.ThreadPoolExecutor$Worker.run(ThreadPoolExecutor.java:624)
	... 1 more
Caused by: org.apache.ratis.thirdparty.io.netty.channel.AbstractChannel$AnnotatedConnectException: Connection refused: /192.168.164.241:46227
	at sun.nio.ch.SocketChannelImpl.checkConnect(Native Method)
	at sun.nio.ch.SocketChannelImpl.finishConnect(SocketChannelImpl.java:717)
	at org.apache.ratis.thirdparty.io.netty.channel.socket.nio.NioSocketChannel.doFinishConnect(NioSocketChannel.java:327)
	at org.apache.ratis.thirdparty.io.netty.channel.nio.AbstractNioChannel$AbstractNioUnsafe.finishConnect(AbstractNioChannel.java:340)
	at org.apache.ratis.thirdparty.io.netty.channel.nio.NioEventLoop.processSelectedKey(NioEventLoop.java:632)
	at org.apache.ratis.thirdparty.io.netty.channel.nio.NioEventLoop.processSelectedKeysOptimized(NioEventLoop.java:579)
	at org.apache.ratis.thirdparty.io.netty.channel.nio.NioEventLoop.processSelectedKeys(NioEventLoop.java:496)
	at org.apache.ratis.thirdparty.io.netty.channel.nio.NioEventLoop.run(NioEventLoop.java:458)
	at org.apache.ratis.thirdparty.io.netty.util.concurrent.SingleThreadEventExecutor$5.run(SingleThreadEventExecutor.java:897)
	at org.apache.ratis.thirdparty.io.netty.util.concurrent.FastThreadLocalRunnable.run(FastThreadLocalRunnable.java:30)
	... 1 more
Caused by: java.net.ConnectException: Connection refused
	... 11 more
2019-10-20 18:19:04,142 [b75f8b2e-6273-4c97-b7c5-042674931d23@group-F11756C8BA4A-LeaderElection461] INFO  impl.RaftServerImpl (RaftServerImpl.java:setRole(184)) - b75f8b2e-6273-4c97-b7c5-042674931d23@group-F11756C8BA4A: changes role from CANDIDATE to FOLLOWER at term 268 for DISCOVERED_A_NEW_TERM
2019-10-20 18:19:04,142 [b75f8b2e-6273-4c97-b7c5-042674931d23@group-F11756C8BA4A-LeaderElection461] INFO  impl.RoleInfo (RoleInfo.java:shutdownLeaderElection(134)) - b75f8b2e-6273-4c97-b7c5-042674931d23: shutdown LeaderElection
2019-10-20 18:19:04,142 [b75f8b2e-6273-4c97-b7c5-042674931d23@group-F11756C8BA4A-LeaderElection461] INFO  impl.RoleInfo (RoleInfo.java:updateAndGet(143)) - b75f8b2e-6273-4c97-b7c5-042674931d23: start FollowerState
2019-10-20 18:19:04,209 [Thread-3521] INFO  impl.FollowerState (FollowerState.java:run(108)) - b75f8b2e-6273-4c97-b7c5-042674931d23@group-F11756C8BA4A-FollowerState: change to CANDIDATE, lastRpcTime:67ms, electionTimeout:67ms
2019-10-20 18:19:04,209 [Thread-3521] INFO  impl.RoleInfo (RoleInfo.java:shutdownFollowerState(121)) - b75f8b2e-6273-4c97-b7c5-042674931d23: shutdown FollowerState
2019-10-20 18:19:04,209 [Thread-3521] INFO  impl.RaftServerImpl (RaftServerImpl.java:setRole(184)) - b75f8b2e-6273-4c97-b7c5-042674931d23@group-F11756C8BA4A: changes role from  FOLLOWER to CANDIDATE at term 268 for changeToCandidate
2019-10-20 18:19:04,210 [Thread-3521] INFO  impl.RoleInfo (RoleInfo.java:updateAndGet(143)) - b75f8b2e-6273-4c97-b7c5-042674931d23: start LeaderElection
2019-10-20 18:19:04,234 [b75f8b2e-6273-4c97-b7c5-042674931d23@group-F11756C8BA4A-LeaderElection462] INFO  impl.LeaderElection (LeaderElection.java:askForVotes(178)) - b75f8b2e-6273-4c97-b7c5-042674931d23@group-F11756C8BA4A-LeaderElection462: begin an election at term 269 for -1: [6ef27e9c-8ddb-4fa1-8c14-ab102acfb1b8:192.168.164.241:38092, b75f8b2e-6273-4c97-b7c5-042674931d23:192.168.164.241:41857, 3750b3a2-715b-46b3-9d0c-9e38136244b9:192.168.164.241:46227], old=null
2019-10-20 18:19:04,235 [b75f8b2e-6273-4c97-b7c5-042674931d23@group-F11756C8BA4A-LeaderElection462] INFO  impl.LeaderElection (LogUtils.java:infoOrTrace(149)) - b75f8b2e-6273-4c97-b7c5-042674931d23@group-F11756C8BA4A-LeaderElection462 got exception when requesting votes: {}
java.util.concurrent.ExecutionException: org.apache.ratis.thirdparty.io.grpc.StatusRuntimeException: UNAVAILABLE: io exception
	at java.util.concurrent.FutureTask.report(FutureTask.java:122)
	at java.util.concurrent.FutureTask.get(FutureTask.java:192)
	at org.apache.ratis.server.impl.LeaderElection.waitForResults(LeaderElection.java:259)
	at org.apache.ratis.server.impl.LeaderElection.askForVotes(LeaderElection.java:197)
	at org.apache.ratis.server.impl.LeaderElection.run(LeaderElection.java:133)
	at java.lang.Thread.run(Thread.java:748)
Caused by: org.apache.ratis.thirdparty.io.grpc.StatusRuntimeException: UNAVAILABLE: io exception
	at org.apache.ratis.thirdparty.io.grpc.stub.ClientCalls.toStatusRuntimeException(ClientCalls.java:233)
	at org.apache.ratis.thirdparty.io.grpc.stub.ClientCalls.getUnchecked(ClientCalls.java:214)
	at org.apache.ratis.thirdparty.io.grpc.stub.ClientCalls.blockingUnaryCall(ClientCalls.java:139)
	at org.apache.ratis.proto.grpc.RaftServerProtocolServiceGrpc$RaftServerProtocolServiceBlockingStub.requestVote(RaftServerProtocolServiceGrpc.java:265)
	at org.apache.ratis.grpc.server.GrpcServerProtocolClient.requestVote(GrpcServerProtocolClient.java:99)
	at org.apache.ratis.grpc.server.GrpcService.requestVote(GrpcService.java:204)
	at org.apache.ratis.server.impl.LeaderElection.lambda$submitRequests$1(LeaderElection.java:234)
	at java.util.concurrent.FutureTask.run(FutureTask.java:266)
	at java.util.concurrent.Executors$RunnableAdapter.call(Executors.java:511)
	at java.util.concurrent.FutureTask.run(FutureTask.java:266)
	at java.util.concurrent.ThreadPoolExecutor.runWorker(ThreadPoolExecutor.java:1149)
	at java.util.concurrent.ThreadPoolExecutor$Worker.run(ThreadPoolExecutor.java:624)
	... 1 more
Caused by: org.apache.ratis.thirdparty.io.netty.channel.AbstractChannel$AnnotatedConnectException: Connection refused: /192.168.164.241:46227
	at sun.nio.ch.SocketChannelImpl.checkConnect(Native Method)
	at sun.nio.ch.SocketChannelImpl.finishConnect(SocketChannelImpl.java:717)
	at org.apache.ratis.thirdparty.io.netty.channel.socket.nio.NioSocketChannel.doFinishConnect(NioSocketChannel.java:327)
	at org.apache.ratis.thirdparty.io.netty.channel.nio.AbstractNioChannel$AbstractNioUnsafe.finishConnect(AbstractNioChannel.java:340)
	at org.apache.ratis.thirdparty.io.netty.channel.nio.NioEventLoop.processSelectedKey(NioEventLoop.java:632)
	at org.apache.ratis.thirdparty.io.netty.channel.nio.NioEventLoop.processSelectedKeysOptimized(NioEventLoop.java:579)
	at org.apache.ratis.thirdparty.io.netty.channel.nio.NioEventLoop.processSelectedKeys(NioEventLoop.java:496)
	at org.apache.ratis.thirdparty.io.netty.channel.nio.NioEventLoop.run(NioEventLoop.java:458)
	at org.apache.ratis.thirdparty.io.netty.util.concurrent.SingleThreadEventExecutor$5.run(SingleThreadEventExecutor.java:897)
	at org.apache.ratis.thirdparty.io.netty.util.concurrent.FastThreadLocalRunnable.run(FastThreadLocalRunnable.java:30)
	... 1 more
Caused by: java.net.ConnectException: Connection refused
	... 11 more
2019-10-20 18:19:04,235 [grpc-default-executor-10] INFO  impl.RaftServerImpl (RaftServerImpl.java:setRole(184)) - 6ef27e9c-8ddb-4fa1-8c14-ab102acfb1b8@group-F11756C8BA4A: changes role from  FOLLOWER to FOLLOWER at term 269 for recognizeCandidate:b75f8b2e-6273-4c97-b7c5-042674931d23
2019-10-20 18:19:04,235 [grpc-default-executor-10] INFO  impl.RoleInfo (RoleInfo.java:shutdownFollowerState(121)) - 6ef27e9c-8ddb-4fa1-8c14-ab102acfb1b8: shutdown FollowerState
2019-10-20 18:19:04,235 [grpc-default-executor-10] INFO  impl.RoleInfo (RoleInfo.java:updateAndGet(143)) - 6ef27e9c-8ddb-4fa1-8c14-ab102acfb1b8: start FollowerState
2019-10-20 18:19:04,235 [Thread-3520] INFO  impl.FollowerState (FollowerState.java:run(117)) - 6ef27e9c-8ddb-4fa1-8c14-ab102acfb1b8@group-F11756C8BA4A-FollowerState was interrupted: java.lang.InterruptedException: sleep interrupted
2019-10-20 18:19:04,261 [b75f8b2e-6273-4c97-b7c5-042674931d23@group-F11756C8BA4A-LeaderElection462] INFO  impl.LeaderElection (LeaderElection.java:logAndReturn(56)) - b75f8b2e-6273-4c97-b7c5-042674931d23@group-F11756C8BA4A-LeaderElection462: Election REJECTED; received 1 response(s) [b75f8b2e-6273-4c97-b7c5-042674931d23<-6ef27e9c-8ddb-4fa1-8c14-ab102acfb1b8#0:FAIL-t269] and 1 exception(s); b75f8b2e-6273-4c97-b7c5-042674931d23@group-F11756C8BA4A:t269, leader=null, voted=b75f8b2e-6273-4c97-b7c5-042674931d23, raftlog=b75f8b2e-6273-4c97-b7c5-042674931d23@group-F11756C8BA4A-SegmentedRaftLog:OPENED:c-1,f-1,i0, conf=-1: [6ef27e9c-8ddb-4fa1-8c14-ab102acfb1b8:192.168.164.241:38092, b75f8b2e-6273-4c97-b7c5-042674931d23:192.168.164.241:41857, 3750b3a2-715b-46b3-9d0c-9e38136244b9:192.168.164.241:46227], old=null
2019-10-20 18:19:04,262 [b75f8b2e-6273-4c97-b7c5-042674931d23@group-F11756C8BA4A-LeaderElection462] INFO  impl.LeaderElection (LogUtils.java:infoOrTrace(149)) -   Exception 0: {}
java.util.concurrent.ExecutionException: org.apache.ratis.thirdparty.io.grpc.StatusRuntimeException: UNAVAILABLE: io exception
	at java.util.concurrent.FutureTask.report(FutureTask.java:122)
	at java.util.concurrent.FutureTask.get(FutureTask.java:192)
	at org.apache.ratis.server.impl.LeaderElection.waitForResults(LeaderElection.java:259)
	at org.apache.ratis.server.impl.LeaderElection.askForVotes(LeaderElection.java:197)
	at org.apache.ratis.server.impl.LeaderElection.run(LeaderElection.java:133)
	at java.lang.Thread.run(Thread.java:748)
Caused by: org.apache.ratis.thirdparty.io.grpc.StatusRuntimeException: UNAVAILABLE: io exception
	at org.apache.ratis.thirdparty.io.grpc.stub.ClientCalls.toStatusRuntimeException(ClientCalls.java:233)
	at org.apache.ratis.thirdparty.io.grpc.stub.ClientCalls.getUnchecked(ClientCalls.java:214)
	at org.apache.ratis.thirdparty.io.grpc.stub.ClientCalls.blockingUnaryCall(ClientCalls.java:139)
	at org.apache.ratis.proto.grpc.RaftServerProtocolServiceGrpc$RaftServerProtocolServiceBlockingStub.requestVote(RaftServerProtocolServiceGrpc.java:265)
	at org.apache.ratis.grpc.server.GrpcServerProtocolClient.requestVote(GrpcServerProtocolClient.java:99)
	at org.apache.ratis.grpc.server.GrpcService.requestVote(GrpcService.java:204)
	at org.apache.ratis.server.impl.LeaderElection.lambda$submitRequests$1(LeaderElection.java:234)
	at java.util.concurrent.FutureTask.run(FutureTask.java:266)
	at java.util.concurrent.Executors$RunnableAdapter.call(Executors.java:511)
	at java.util.concurrent.FutureTask.run(FutureTask.java:266)
	at java.util.concurrent.ThreadPoolExecutor.runWorker(ThreadPoolExecutor.java:1149)
	at java.util.concurrent.ThreadPoolExecutor$Worker.run(ThreadPoolExecutor.java:624)
	... 1 more
Caused by: org.apache.ratis.thirdparty.io.netty.channel.AbstractChannel$AnnotatedConnectException: Connection refused: /192.168.164.241:46227
	at sun.nio.ch.SocketChannelImpl.checkConnect(Native Method)
	at sun.nio.ch.SocketChannelImpl.finishConnect(SocketChannelImpl.java:717)
	at org.apache.ratis.thirdparty.io.netty.channel.socket.nio.NioSocketChannel.doFinishConnect(NioSocketChannel.java:327)
	at org.apache.ratis.thirdparty.io.netty.channel.nio.AbstractNioChannel$AbstractNioUnsafe.finishConnect(AbstractNioChannel.java:340)
	at org.apache.ratis.thirdparty.io.netty.channel.nio.NioEventLoop.processSelectedKey(NioEventLoop.java:632)
	at org.apache.ratis.thirdparty.io.netty.channel.nio.NioEventLoop.processSelectedKeysOptimized(NioEventLoop.java:579)
	at org.apache.ratis.thirdparty.io.netty.channel.nio.NioEventLoop.processSelectedKeys(NioEventLoop.java:496)
	at org.apache.ratis.thirdparty.io.netty.channel.nio.NioEventLoop.run(NioEventLoop.java:458)
	at org.apache.ratis.thirdparty.io.netty.util.concurrent.SingleThreadEventExecutor$5.run(SingleThreadEventExecutor.java:897)
	at org.apache.ratis.thirdparty.io.netty.util.concurrent.FastThreadLocalRunnable.run(FastThreadLocalRunnable.java:30)
	... 1 more
Caused by: java.net.ConnectException: Connection refused
	... 11 more
2019-10-20 18:19:04,262 [b75f8b2e-6273-4c97-b7c5-042674931d23@group-F11756C8BA4A-LeaderElection462] INFO  impl.RaftServerImpl (RaftServerImpl.java:setRole(184)) - b75f8b2e-6273-4c97-b7c5-042674931d23@group-F11756C8BA4A: changes role from CANDIDATE to FOLLOWER at term 269 for DISCOVERED_A_NEW_TERM
2019-10-20 18:19:04,262 [b75f8b2e-6273-4c97-b7c5-042674931d23@group-F11756C8BA4A-LeaderElection462] INFO  impl.RoleInfo (RoleInfo.java:shutdownLeaderElection(134)) - b75f8b2e-6273-4c97-b7c5-042674931d23: shutdown LeaderElection
2019-10-20 18:19:04,262 [b75f8b2e-6273-4c97-b7c5-042674931d23@group-F11756C8BA4A-LeaderElection462] INFO  impl.RoleInfo (RoleInfo.java:updateAndGet(143)) - b75f8b2e-6273-4c97-b7c5-042674931d23: start FollowerState
2019-10-20 18:19:04,311 [Thread-3526] INFO  impl.FollowerState (FollowerState.java:run(108)) - b75f8b2e-6273-4c97-b7c5-042674931d23@group-F11756C8BA4A-FollowerState: change to CANDIDATE, lastRpcTime:48ms, electionTimeout:48ms
2019-10-20 18:19:04,311 [Thread-3526] INFO  impl.RoleInfo (RoleInfo.java:shutdownFollowerState(121)) - b75f8b2e-6273-4c97-b7c5-042674931d23: shutdown FollowerState
2019-10-20 18:19:04,311 [Thread-3526] INFO  impl.RaftServerImpl (RaftServerImpl.java:setRole(184)) - b75f8b2e-6273-4c97-b7c5-042674931d23@group-F11756C8BA4A: changes role from  FOLLOWER to CANDIDATE at term 269 for changeToCandidate
2019-10-20 18:19:04,311 [Thread-3526] INFO  impl.RoleInfo (RoleInfo.java:updateAndGet(143)) - b75f8b2e-6273-4c97-b7c5-042674931d23: start LeaderElection
2019-10-20 18:19:04,336 [b75f8b2e-6273-4c97-b7c5-042674931d23@group-F11756C8BA4A-LeaderElection463] INFO  impl.LeaderElection (LeaderElection.java:askForVotes(178)) - b75f8b2e-6273-4c97-b7c5-042674931d23@group-F11756C8BA4A-LeaderElection463: begin an election at term 270 for -1: [6ef27e9c-8ddb-4fa1-8c14-ab102acfb1b8:192.168.164.241:38092, b75f8b2e-6273-4c97-b7c5-042674931d23:192.168.164.241:41857, 3750b3a2-715b-46b3-9d0c-9e38136244b9:192.168.164.241:46227], old=null
2019-10-20 18:19:04,337 [b75f8b2e-6273-4c97-b7c5-042674931d23@group-F11756C8BA4A-LeaderElection463] INFO  impl.LeaderElection (LogUtils.java:infoOrTrace(149)) - b75f8b2e-6273-4c97-b7c5-042674931d23@group-F11756C8BA4A-LeaderElection463 got exception when requesting votes: {}
java.util.concurrent.ExecutionException: org.apache.ratis.thirdparty.io.grpc.StatusRuntimeException: UNAVAILABLE: io exception
	at java.util.concurrent.FutureTask.report(FutureTask.java:122)
	at java.util.concurrent.FutureTask.get(FutureTask.java:192)
	at org.apache.ratis.server.impl.LeaderElection.waitForResults(LeaderElection.java:259)
	at org.apache.ratis.server.impl.LeaderElection.askForVotes(LeaderElection.java:197)
	at org.apache.ratis.server.impl.LeaderElection.run(LeaderElection.java:133)
	at java.lang.Thread.run(Thread.java:748)
Caused by: org.apache.ratis.thirdparty.io.grpc.StatusRuntimeException: UNAVAILABLE: io exception
	at org.apache.ratis.thirdparty.io.grpc.stub.ClientCalls.toStatusRuntimeException(ClientCalls.java:233)
	at org.apache.ratis.thirdparty.io.grpc.stub.ClientCalls.getUnchecked(ClientCalls.java:214)
	at org.apache.ratis.thirdparty.io.grpc.stub.ClientCalls.blockingUnaryCall(ClientCalls.java:139)
	at org.apache.ratis.proto.grpc.RaftServerProtocolServiceGrpc$RaftServerProtocolServiceBlockingStub.requestVote(RaftServerProtocolServiceGrpc.java:265)
	at org.apache.ratis.grpc.server.GrpcServerProtocolClient.requestVote(GrpcServerProtocolClient.java:99)
	at org.apache.ratis.grpc.server.GrpcService.requestVote(GrpcService.java:204)
	at org.apache.ratis.server.impl.LeaderElection.lambda$submitRequests$1(LeaderElection.java:234)
	at java.util.concurrent.FutureTask.run(FutureTask.java:266)
	at java.util.concurrent.Executors$RunnableAdapter.call(Executors.java:511)
	at java.util.concurrent.FutureTask.run(FutureTask.java:266)
	at java.util.concurrent.ThreadPoolExecutor.runWorker(ThreadPoolExecutor.java:1149)
	at java.util.concurrent.ThreadPoolExecutor$Worker.run(ThreadPoolExecutor.java:624)
	... 1 more
Caused by: org.apache.ratis.thirdparty.io.netty.channel.AbstractChannel$AnnotatedConnectException: Connection refused: /192.168.164.241:46227
	at sun.nio.ch.SocketChannelImpl.checkConnect(Native Method)
	at sun.nio.ch.SocketChannelImpl.finishConnect(SocketChannelImpl.java:717)
	at org.apache.ratis.thirdparty.io.netty.channel.socket.nio.NioSocketChannel.doFinishConnect(NioSocketChannel.java:327)
	at org.apache.ratis.thirdparty.io.netty.channel.nio.AbstractNioChannel$AbstractNioUnsafe.finishConnect(AbstractNioChannel.java:340)
	at org.apache.ratis.thirdparty.io.netty.channel.nio.NioEventLoop.processSelectedKey(NioEventLoop.java:632)
	at org.apache.ratis.thirdparty.io.netty.channel.nio.NioEventLoop.processSelectedKeysOptimized(NioEventLoop.java:579)
	at org.apache.ratis.thirdparty.io.netty.channel.nio.NioEventLoop.processSelectedKeys(NioEventLoop.java:496)
	at org.apache.ratis.thirdparty.io.netty.channel.nio.NioEventLoop.run(NioEventLoop.java:458)
	at org.apache.ratis.thirdparty.io.netty.util.concurrent.SingleThreadEventExecutor$5.run(SingleThreadEventExecutor.java:897)
	at org.apache.ratis.thirdparty.io.netty.util.concurrent.FastThreadLocalRunnable.run(FastThreadLocalRunnable.java:30)
	... 1 more
Caused by: java.net.ConnectException: Connection refused
	... 11 more
2019-10-20 18:19:04,338 [grpc-default-executor-10] INFO  impl.RaftServerImpl (RaftServerImpl.java:setRole(184)) - 6ef27e9c-8ddb-4fa1-8c14-ab102acfb1b8@group-F11756C8BA4A: changes role from  FOLLOWER to FOLLOWER at term 270 for recognizeCandidate:b75f8b2e-6273-4c97-b7c5-042674931d23
2019-10-20 18:19:04,338 [grpc-default-executor-10] INFO  impl.RoleInfo (RoleInfo.java:shutdownFollowerState(121)) - 6ef27e9c-8ddb-4fa1-8c14-ab102acfb1b8: shutdown FollowerState
2019-10-20 18:19:04,338 [grpc-default-executor-10] INFO  impl.RoleInfo (RoleInfo.java:updateAndGet(143)) - 6ef27e9c-8ddb-4fa1-8c14-ab102acfb1b8: start FollowerState
2019-10-20 18:19:04,338 [Thread-3525] INFO  impl.FollowerState (FollowerState.java:run(117)) - 6ef27e9c-8ddb-4fa1-8c14-ab102acfb1b8@group-F11756C8BA4A-FollowerState was interrupted: java.lang.InterruptedException: sleep interrupted
2019-10-20 18:19:04,363 [b75f8b2e-6273-4c97-b7c5-042674931d23@group-F11756C8BA4A-LeaderElection463] INFO  impl.LeaderElection (LeaderElection.java:logAndReturn(56)) - b75f8b2e-6273-4c97-b7c5-042674931d23@group-F11756C8BA4A-LeaderElection463: Election REJECTED; received 1 response(s) [b75f8b2e-6273-4c97-b7c5-042674931d23<-6ef27e9c-8ddb-4fa1-8c14-ab102acfb1b8#0:FAIL-t270] and 1 exception(s); b75f8b2e-6273-4c97-b7c5-042674931d23@group-F11756C8BA4A:t270, leader=null, voted=b75f8b2e-6273-4c97-b7c5-042674931d23, raftlog=b75f8b2e-6273-4c97-b7c5-042674931d23@group-F11756C8BA4A-SegmentedRaftLog:OPENED:c-1,f-1,i0, conf=-1: [6ef27e9c-8ddb-4fa1-8c14-ab102acfb1b8:192.168.164.241:38092, b75f8b2e-6273-4c97-b7c5-042674931d23:192.168.164.241:41857, 3750b3a2-715b-46b3-9d0c-9e38136244b9:192.168.164.241:46227], old=null
2019-10-20 18:19:04,363 [b75f8b2e-6273-4c97-b7c5-042674931d23@group-F11756C8BA4A-LeaderElection463] INFO  impl.LeaderElection (LogUtils.java:infoOrTrace(149)) -   Exception 0: {}
java.util.concurrent.ExecutionException: org.apache.ratis.thirdparty.io.grpc.StatusRuntimeException: UNAVAILABLE: io exception
	at java.util.concurrent.FutureTask.report(FutureTask.java:122)
	at java.util.concurrent.FutureTask.get(FutureTask.java:192)
	at org.apache.ratis.server.impl.LeaderElection.waitForResults(LeaderElection.java:259)
	at org.apache.ratis.server.impl.LeaderElection.askForVotes(LeaderElection.java:197)
	at org.apache.ratis.server.impl.LeaderElection.run(LeaderElection.java:133)
	at java.lang.Thread.run(Thread.java:748)
Caused by: org.apache.ratis.thirdparty.io.grpc.StatusRuntimeException: UNAVAILABLE: io exception
	at org.apache.ratis.thirdparty.io.grpc.stub.ClientCalls.toStatusRuntimeException(ClientCalls.java:233)
	at org.apache.ratis.thirdparty.io.grpc.stub.ClientCalls.getUnchecked(ClientCalls.java:214)
	at org.apache.ratis.thirdparty.io.grpc.stub.ClientCalls.blockingUnaryCall(ClientCalls.java:139)
	at org.apache.ratis.proto.grpc.RaftServerProtocolServiceGrpc$RaftServerProtocolServiceBlockingStub.requestVote(RaftServerProtocolServiceGrpc.java:265)
	at org.apache.ratis.grpc.server.GrpcServerProtocolClient.requestVote(GrpcServerProtocolClient.java:99)
	at org.apache.ratis.grpc.server.GrpcService.requestVote(GrpcService.java:204)
	at org.apache.ratis.server.impl.LeaderElection.lambda$submitRequests$1(LeaderElection.java:234)
	at java.util.concurrent.FutureTask.run(FutureTask.java:266)
	at java.util.concurrent.Executors$RunnableAdapter.call(Executors.java:511)
	at java.util.concurrent.FutureTask.run(FutureTask.java:266)
	at java.util.concurrent.ThreadPoolExecutor.runWorker(ThreadPoolExecutor.java:1149)
	at java.util.concurrent.ThreadPoolExecutor$Worker.run(ThreadPoolExecutor.java:624)
	... 1 more
Caused by: org.apache.ratis.thirdparty.io.netty.channel.AbstractChannel$AnnotatedConnectException: Connection refused: /192.168.164.241:46227
	at sun.nio.ch.SocketChannelImpl.checkConnect(Native Method)
	at sun.nio.ch.SocketChannelImpl.finishConnect(SocketChannelImpl.java:717)
	at org.apache.ratis.thirdparty.io.netty.channel.socket.nio.NioSocketChannel.doFinishConnect(NioSocketChannel.java:327)
	at org.apache.ratis.thirdparty.io.netty.channel.nio.AbstractNioChannel$AbstractNioUnsafe.finishConnect(AbstractNioChannel.java:340)
	at org.apache.ratis.thirdparty.io.netty.channel.nio.NioEventLoop.processSelectedKey(NioEventLoop.java:632)
	at org.apache.ratis.thirdparty.io.netty.channel.nio.NioEventLoop.processSelectedKeysOptimized(NioEventLoop.java:579)
	at org.apache.ratis.thirdparty.io.netty.channel.nio.NioEventLoop.processSelectedKeys(NioEventLoop.java:496)
	at org.apache.ratis.thirdparty.io.netty.channel.nio.NioEventLoop.run(NioEventLoop.java:458)
	at org.apache.ratis.thirdparty.io.netty.util.concurrent.SingleThreadEventExecutor$5.run(SingleThreadEventExecutor.java:897)
	at org.apache.ratis.thirdparty.io.netty.util.concurrent.FastThreadLocalRunnable.run(FastThreadLocalRunnable.java:30)
	... 1 more
Caused by: java.net.ConnectException: Connection refused
	... 11 more
2019-10-20 18:19:04,363 [b75f8b2e-6273-4c97-b7c5-042674931d23@group-F11756C8BA4A-LeaderElection463] INFO  impl.RaftServerImpl (RaftServerImpl.java:setRole(184)) - b75f8b2e-6273-4c97-b7c5-042674931d23@group-F11756C8BA4A: changes role from CANDIDATE to FOLLOWER at term 270 for DISCOVERED_A_NEW_TERM
2019-10-20 18:19:04,363 [b75f8b2e-6273-4c97-b7c5-042674931d23@group-F11756C8BA4A-LeaderElection463] INFO  impl.RoleInfo (RoleInfo.java:shutdownLeaderElection(134)) - b75f8b2e-6273-4c97-b7c5-042674931d23: shutdown LeaderElection
2019-10-20 18:19:04,364 [b75f8b2e-6273-4c97-b7c5-042674931d23@group-F11756C8BA4A-LeaderElection463] INFO  impl.RoleInfo (RoleInfo.java:updateAndGet(143)) - b75f8b2e-6273-4c97-b7c5-042674931d23: start FollowerState
2019-10-20 18:19:04,548 [Thread-3531] INFO  impl.FollowerState (FollowerState.java:run(108)) - b75f8b2e-6273-4c97-b7c5-042674931d23@group-F11756C8BA4A-FollowerState: change to CANDIDATE, lastRpcTime:184ms, electionTimeout:184ms
2019-10-20 18:19:04,548 [Thread-3531] INFO  impl.RoleInfo (RoleInfo.java:shutdownFollowerState(121)) - b75f8b2e-6273-4c97-b7c5-042674931d23: shutdown FollowerState
2019-10-20 18:19:04,548 [Thread-3531] INFO  impl.RaftServerImpl (RaftServerImpl.java:setRole(184)) - b75f8b2e-6273-4c97-b7c5-042674931d23@group-F11756C8BA4A: changes role from  FOLLOWER to CANDIDATE at term 270 for changeToCandidate
2019-10-20 18:19:04,548 [Thread-3531] INFO  impl.RoleInfo (RoleInfo.java:updateAndGet(143)) - b75f8b2e-6273-4c97-b7c5-042674931d23: start LeaderElection
2019-10-20 18:19:04,581 [b75f8b2e-6273-4c97-b7c5-042674931d23@group-F11756C8BA4A-LeaderElection464] INFO  impl.LeaderElection (LeaderElection.java:askForVotes(178)) - b75f8b2e-6273-4c97-b7c5-042674931d23@group-F11756C8BA4A-LeaderElection464: begin an election at term 271 for -1: [6ef27e9c-8ddb-4fa1-8c14-ab102acfb1b8:192.168.164.241:38092, b75f8b2e-6273-4c97-b7c5-042674931d23:192.168.164.241:41857, 3750b3a2-715b-46b3-9d0c-9e38136244b9:192.168.164.241:46227], old=null
2019-10-20 18:19:04,582 [b75f8b2e-6273-4c97-b7c5-042674931d23@group-F11756C8BA4A-LeaderElection464] INFO  impl.LeaderElection (LogUtils.java:infoOrTrace(149)) - b75f8b2e-6273-4c97-b7c5-042674931d23@group-F11756C8BA4A-LeaderElection464 got exception when requesting votes: {}
java.util.concurrent.ExecutionException: org.apache.ratis.thirdparty.io.grpc.StatusRuntimeException: UNAVAILABLE: io exception
	at java.util.concurrent.FutureTask.report(FutureTask.java:122)
	at java.util.concurrent.FutureTask.get(FutureTask.java:192)
	at org.apache.ratis.server.impl.LeaderElection.waitForResults(LeaderElection.java:259)
	at org.apache.ratis.server.impl.LeaderElection.askForVotes(LeaderElection.java:197)
	at org.apache.ratis.server.impl.LeaderElection.run(LeaderElection.java:133)
	at java.lang.Thread.run(Thread.java:748)
Caused by: org.apache.ratis.thirdparty.io.grpc.StatusRuntimeException: UNAVAILABLE: io exception
	at org.apache.ratis.thirdparty.io.grpc.stub.ClientCalls.toStatusRuntimeException(ClientCalls.java:233)
	at org.apache.ratis.thirdparty.io.grpc.stub.ClientCalls.getUnchecked(ClientCalls.java:214)
	at org.apache.ratis.thirdparty.io.grpc.stub.ClientCalls.blockingUnaryCall(ClientCalls.java:139)
	at org.apache.ratis.proto.grpc.RaftServerProtocolServiceGrpc$RaftServerProtocolServiceBlockingStub.requestVote(RaftServerProtocolServiceGrpc.java:265)
	at org.apache.ratis.grpc.server.GrpcServerProtocolClient.requestVote(GrpcServerProtocolClient.java:99)
	at org.apache.ratis.grpc.server.GrpcService.requestVote(GrpcService.java:204)
	at org.apache.ratis.server.impl.LeaderElection.lambda$submitRequests$1(LeaderElection.java:234)
	at java.util.concurrent.FutureTask.run(FutureTask.java:266)
	at java.util.concurrent.Executors$RunnableAdapter.call(Executors.java:511)
	at java.util.concurrent.FutureTask.run(FutureTask.java:266)
	at java.util.concurrent.ThreadPoolExecutor.runWorker(ThreadPoolExecutor.java:1149)
	at java.util.concurrent.ThreadPoolExecutor$Worker.run(ThreadPoolExecutor.java:624)
	... 1 more
Caused by: org.apache.ratis.thirdparty.io.netty.channel.AbstractChannel$AnnotatedConnectException: Connection refused: /192.168.164.241:46227
	at sun.nio.ch.SocketChannelImpl.checkConnect(Native Method)
	at sun.nio.ch.SocketChannelImpl.finishConnect(SocketChannelImpl.java:717)
	at org.apache.ratis.thirdparty.io.netty.channel.socket.nio.NioSocketChannel.doFinishConnect(NioSocketChannel.java:327)
	at org.apache.ratis.thirdparty.io.netty.channel.nio.AbstractNioChannel$AbstractNioUnsafe.finishConnect(AbstractNioChannel.java:340)
	at org.apache.ratis.thirdparty.io.netty.channel.nio.NioEventLoop.processSelectedKey(NioEventLoop.java:632)
	at org.apache.ratis.thirdparty.io.netty.channel.nio.NioEventLoop.processSelectedKeysOptimized(NioEventLoop.java:579)
	at org.apache.ratis.thirdparty.io.netty.channel.nio.NioEventLoop.processSelectedKeys(NioEventLoop.java:496)
	at org.apache.ratis.thirdparty.io.netty.channel.nio.NioEventLoop.run(NioEventLoop.java:458)
	at org.apache.ratis.thirdparty.io.netty.util.concurrent.SingleThreadEventExecutor$5.run(SingleThreadEventExecutor.java:897)
	at org.apache.ratis.thirdparty.io.netty.util.concurrent.FastThreadLocalRunnable.run(FastThreadLocalRunnable.java:30)
	... 1 more
Caused by: java.net.ConnectException: Connection refused
	... 11 more
2019-10-20 18:19:04,583 [grpc-default-executor-10] INFO  impl.RaftServerImpl (RaftServerImpl.java:setRole(184)) - 6ef27e9c-8ddb-4fa1-8c14-ab102acfb1b8@group-F11756C8BA4A: changes role from  FOLLOWER to FOLLOWER at term 271 for recognizeCandidate:b75f8b2e-6273-4c97-b7c5-042674931d23
2019-10-20 18:19:04,583 [grpc-default-executor-10] INFO  impl.RoleInfo (RoleInfo.java:shutdownFollowerState(121)) - 6ef27e9c-8ddb-4fa1-8c14-ab102acfb1b8: shutdown FollowerState
2019-10-20 18:19:04,583 [grpc-default-executor-10] INFO  impl.RoleInfo (RoleInfo.java:updateAndGet(143)) - 6ef27e9c-8ddb-4fa1-8c14-ab102acfb1b8: start FollowerState
2019-10-20 18:19:04,583 [Thread-3530] INFO  impl.FollowerState (FollowerState.java:run(117)) - 6ef27e9c-8ddb-4fa1-8c14-ab102acfb1b8@group-F11756C8BA4A-FollowerState was interrupted: java.lang.InterruptedException: sleep interrupted
2019-10-20 18:19:04,586 [b75f8b2e-6273-4c97-b7c5-042674931d23@group-F11756C8BA4A-LeaderElection464] INFO  impl.LeaderElection (LeaderElection.java:logAndReturn(56)) - b75f8b2e-6273-4c97-b7c5-042674931d23@group-F11756C8BA4A-LeaderElection464: Election TIMEOUT; received 0 response(s) [] and 1 exception(s); b75f8b2e-6273-4c97-b7c5-042674931d23@group-F11756C8BA4A:t271, leader=null, voted=b75f8b2e-6273-4c97-b7c5-042674931d23, raftlog=b75f8b2e-6273-4c97-b7c5-042674931d23@group-F11756C8BA4A-SegmentedRaftLog:OPENED:c-1,f-1,i0, conf=-1: [6ef27e9c-8ddb-4fa1-8c14-ab102acfb1b8:192.168.164.241:38092, b75f8b2e-6273-4c97-b7c5-042674931d23:192.168.164.241:41857, 3750b3a2-715b-46b3-9d0c-9e38136244b9:192.168.164.241:46227], old=null
2019-10-20 18:19:04,586 [b75f8b2e-6273-4c97-b7c5-042674931d23@group-F11756C8BA4A-LeaderElection464] INFO  impl.LeaderElection (LogUtils.java:infoOrTrace(149)) -   Exception 0: {}
java.util.concurrent.ExecutionException: org.apache.ratis.thirdparty.io.grpc.StatusRuntimeException: UNAVAILABLE: io exception
	at java.util.concurrent.FutureTask.report(FutureTask.java:122)
	at java.util.concurrent.FutureTask.get(FutureTask.java:192)
	at org.apache.ratis.server.impl.LeaderElection.waitForResults(LeaderElection.java:259)
	at org.apache.ratis.server.impl.LeaderElection.askForVotes(LeaderElection.java:197)
	at org.apache.ratis.server.impl.LeaderElection.run(LeaderElection.java:133)
	at java.lang.Thread.run(Thread.java:748)
Caused by: org.apache.ratis.thirdparty.io.grpc.StatusRuntimeException: UNAVAILABLE: io exception
	at org.apache.ratis.thirdparty.io.grpc.stub.ClientCalls.toStatusRuntimeException(ClientCalls.java:233)
	at org.apache.ratis.thirdparty.io.grpc.stub.ClientCalls.getUnchecked(ClientCalls.java:214)
	at org.apache.ratis.thirdparty.io.grpc.stub.ClientCalls.blockingUnaryCall(ClientCalls.java:139)
	at org.apache.ratis.proto.grpc.RaftServerProtocolServiceGrpc$RaftServerProtocolServiceBlockingStub.requestVote(RaftServerProtocolServiceGrpc.java:265)
	at org.apache.ratis.grpc.server.GrpcServerProtocolClient.requestVote(GrpcServerProtocolClient.java:99)
	at org.apache.ratis.grpc.server.GrpcService.requestVote(GrpcService.java:204)
	at org.apache.ratis.server.impl.LeaderElection.lambda$submitRequests$1(LeaderElection.java:234)
	at java.util.concurrent.FutureTask.run(FutureTask.java:266)
	at java.util.concurrent.Executors$RunnableAdapter.call(Executors.java:511)
	at java.util.concurrent.FutureTask.run(FutureTask.java:266)
	at java.util.concurrent.ThreadPoolExecutor.runWorker(ThreadPoolExecutor.java:1149)
	at java.util.concurrent.ThreadPoolExecutor$Worker.run(ThreadPoolExecutor.java:624)
	... 1 more
Caused by: org.apache.ratis.thirdparty.io.netty.channel.AbstractChannel$AnnotatedConnectException: Connection refused: /192.168.164.241:46227
	at sun.nio.ch.SocketChannelImpl.checkConnect(Native Method)
	at sun.nio.ch.SocketChannelImpl.finishConnect(SocketChannelImpl.java:717)
	at org.apache.ratis.thirdparty.io.netty.channel.socket.nio.NioSocketChannel.doFinishConnect(NioSocketChannel.java:327)
	at org.apache.ratis.thirdparty.io.netty.channel.nio.AbstractNioChannel$AbstractNioUnsafe.finishConnect(AbstractNioChannel.java:340)
	at org.apache.ratis.thirdparty.io.netty.channel.nio.NioEventLoop.processSelectedKey(NioEventLoop.java:632)
	at org.apache.ratis.thirdparty.io.netty.channel.nio.NioEventLoop.processSelectedKeysOptimized(NioEventLoop.java:579)
	at org.apache.ratis.thirdparty.io.netty.channel.nio.NioEventLoop.processSelectedKeys(NioEventLoop.java:496)
	at org.apache.ratis.thirdparty.io.netty.channel.nio.NioEventLoop.run(NioEventLoop.java:458)
	at org.apache.ratis.thirdparty.io.netty.util.concurrent.SingleThreadEventExecutor$5.run(SingleThreadEventExecutor.java:897)
	at org.apache.ratis.thirdparty.io.netty.util.concurrent.FastThreadLocalRunnable.run(FastThreadLocalRunnable.java:30)
	... 1 more
Caused by: java.net.ConnectException: Connection refused
	... 11 more
2019-10-20 18:19:04,606 [b75f8b2e-6273-4c97-b7c5-042674931d23@group-F11756C8BA4A-LeaderElection464] INFO  impl.LeaderElection (LeaderElection.java:askForVotes(178)) - b75f8b2e-6273-4c97-b7c5-042674931d23@group-F11756C8BA4A-LeaderElection464: begin an election at term 272 for -1: [6ef27e9c-8ddb-4fa1-8c14-ab102acfb1b8:192.168.164.241:38092, b75f8b2e-6273-4c97-b7c5-042674931d23:192.168.164.241:41857, 3750b3a2-715b-46b3-9d0c-9e38136244b9:192.168.164.241:46227], old=null
2019-10-20 18:19:04,607 [grpc-default-executor-10] INFO  impl.RaftServerImpl (RaftServerImpl.java:setRole(184)) - 6ef27e9c-8ddb-4fa1-8c14-ab102acfb1b8@group-F11756C8BA4A: changes role from  FOLLOWER to FOLLOWER at term 272 for recognizeCandidate:b75f8b2e-6273-4c97-b7c5-042674931d23
2019-10-20 18:19:04,607 [grpc-default-executor-10] INFO  impl.RoleInfo (RoleInfo.java:shutdownFollowerState(121)) - 6ef27e9c-8ddb-4fa1-8c14-ab102acfb1b8: shutdown FollowerState
2019-10-20 18:19:04,607 [b75f8b2e-6273-4c97-b7c5-042674931d23@group-F11756C8BA4A-LeaderElection464] INFO  impl.LeaderElection (LogUtils.java:infoOrTrace(149)) - b75f8b2e-6273-4c97-b7c5-042674931d23@group-F11756C8BA4A-LeaderElection464 got exception when requesting votes: {}
java.util.concurrent.ExecutionException: org.apache.ratis.thirdparty.io.grpc.StatusRuntimeException: UNAVAILABLE: io exception
	at java.util.concurrent.FutureTask.report(FutureTask.java:122)
	at java.util.concurrent.FutureTask.get(FutureTask.java:192)
	at org.apache.ratis.server.impl.LeaderElection.waitForResults(LeaderElection.java:259)
	at org.apache.ratis.server.impl.LeaderElection.askForVotes(LeaderElection.java:197)
	at org.apache.ratis.server.impl.LeaderElection.run(LeaderElection.java:133)
	at java.lang.Thread.run(Thread.java:748)
Caused by: org.apache.ratis.thirdparty.io.grpc.StatusRuntimeException: UNAVAILABLE: io exception
	at org.apache.ratis.thirdparty.io.grpc.stub.ClientCalls.toStatusRuntimeException(ClientCalls.java:233)
	at org.apache.ratis.thirdparty.io.grpc.stub.ClientCalls.getUnchecked(ClientCalls.java:214)
	at org.apache.ratis.thirdparty.io.grpc.stub.ClientCalls.blockingUnaryCall(ClientCalls.java:139)
	at org.apache.ratis.proto.grpc.RaftServerProtocolServiceGrpc$RaftServerProtocolServiceBlockingStub.requestVote(RaftServerProtocolServiceGrpc.java:265)
	at org.apache.ratis.grpc.server.GrpcServerProtocolClient.requestVote(GrpcServerProtocolClient.java:99)
	at org.apache.ratis.grpc.server.GrpcService.requestVote(GrpcService.java:204)
	at org.apache.ratis.server.impl.LeaderElection.lambda$submitRequests$1(LeaderElection.java:234)
	at java.util.concurrent.FutureTask.run(FutureTask.java:266)
	at java.util.concurrent.Executors$RunnableAdapter.call(Executors.java:511)
	at java.util.concurrent.FutureTask.run(FutureTask.java:266)
	at java.util.concurrent.ThreadPoolExecutor.runWorker(ThreadPoolExecutor.java:1149)
	at java.util.concurrent.ThreadPoolExecutor$Worker.run(ThreadPoolExecutor.java:624)
	... 1 more
Caused by: org.apache.ratis.thirdparty.io.netty.channel.AbstractChannel$AnnotatedConnectException: Connection refused: /192.168.164.241:46227
	at sun.nio.ch.SocketChannelImpl.checkConnect(Native Method)
	at sun.nio.ch.SocketChannelImpl.finishConnect(SocketChannelImpl.java:717)
	at org.apache.ratis.thirdparty.io.netty.channel.socket.nio.NioSocketChannel.doFinishConnect(NioSocketChannel.java:327)
	at org.apache.ratis.thirdparty.io.netty.channel.nio.AbstractNioChannel$AbstractNioUnsafe.finishConnect(AbstractNioChannel.java:340)
	at org.apache.ratis.thirdparty.io.netty.channel.nio.NioEventLoop.processSelectedKey(NioEventLoop.java:632)
	at org.apache.ratis.thirdparty.io.netty.channel.nio.NioEventLoop.processSelectedKeysOptimized(NioEventLoop.java:579)
	at org.apache.ratis.thirdparty.io.netty.channel.nio.NioEventLoop.processSelectedKeys(NioEventLoop.java:496)
	at org.apache.ratis.thirdparty.io.netty.channel.nio.NioEventLoop.run(NioEventLoop.java:458)
	at org.apache.ratis.thirdparty.io.netty.util.concurrent.SingleThreadEventExecutor$5.run(SingleThreadEventExecutor.java:897)
	at org.apache.ratis.thirdparty.io.netty.util.concurrent.FastThreadLocalRunnable.run(FastThreadLocalRunnable.java:30)
	... 1 more
Caused by: java.net.ConnectException: Connection refused
	... 11 more
2019-10-20 18:19:04,608 [Thread-3535] INFO  impl.FollowerState (FollowerState.java:run(117)) - 6ef27e9c-8ddb-4fa1-8c14-ab102acfb1b8@group-F11756C8BA4A-FollowerState was interrupted: java.lang.InterruptedException: sleep interrupted
2019-10-20 18:19:04,608 [grpc-default-executor-10] INFO  impl.RoleInfo (RoleInfo.java:updateAndGet(143)) - 6ef27e9c-8ddb-4fa1-8c14-ab102acfb1b8: start FollowerState
2019-10-20 18:19:04,632 [b75f8b2e-6273-4c97-b7c5-042674931d23@group-F11756C8BA4A-LeaderElection464] INFO  impl.LeaderElection (LeaderElection.java:logAndReturn(56)) - b75f8b2e-6273-4c97-b7c5-042674931d23@group-F11756C8BA4A-LeaderElection464: Election REJECTED; received 1 response(s) [b75f8b2e-6273-4c97-b7c5-042674931d23<-6ef27e9c-8ddb-4fa1-8c14-ab102acfb1b8#0:FAIL-t272] and 1 exception(s); b75f8b2e-6273-4c97-b7c5-042674931d23@group-F11756C8BA4A:t272, leader=null, voted=b75f8b2e-6273-4c97-b7c5-042674931d23, raftlog=b75f8b2e-6273-4c97-b7c5-042674931d23@group-F11756C8BA4A-SegmentedRaftLog:OPENED:c-1,f-1,i0, conf=-1: [6ef27e9c-8ddb-4fa1-8c14-ab102acfb1b8:192.168.164.241:38092, b75f8b2e-6273-4c97-b7c5-042674931d23:192.168.164.241:41857, 3750b3a2-715b-46b3-9d0c-9e38136244b9:192.168.164.241:46227], old=null
2019-10-20 18:19:04,632 [b75f8b2e-6273-4c97-b7c5-042674931d23@group-F11756C8BA4A-LeaderElection464] INFO  impl.LeaderElection (LogUtils.java:infoOrTrace(149)) -   Exception 0: {}
java.util.concurrent.ExecutionException: org.apache.ratis.thirdparty.io.grpc.StatusRuntimeException: UNAVAILABLE: io exception
	at java.util.concurrent.FutureTask.report(FutureTask.java:122)
	at java.util.concurrent.FutureTask.get(FutureTask.java:192)
	at org.apache.ratis.server.impl.LeaderElection.waitForResults(LeaderElection.java:259)
	at org.apache.ratis.server.impl.LeaderElection.askForVotes(LeaderElection.java:197)
	at org.apache.ratis.server.impl.LeaderElection.run(LeaderElection.java:133)
	at java.lang.Thread.run(Thread.java:748)
Caused by: org.apache.ratis.thirdparty.io.grpc.StatusRuntimeException: UNAVAILABLE: io exception
	at org.apache.ratis.thirdparty.io.grpc.stub.ClientCalls.toStatusRuntimeException(ClientCalls.java:233)
	at org.apache.ratis.thirdparty.io.grpc.stub.ClientCalls.getUnchecked(ClientCalls.java:214)
	at org.apache.ratis.thirdparty.io.grpc.stub.ClientCalls.blockingUnaryCall(ClientCalls.java:139)
	at org.apache.ratis.proto.grpc.RaftServerProtocolServiceGrpc$RaftServerProtocolServiceBlockingStub.requestVote(RaftServerProtocolServiceGrpc.java:265)
	at org.apache.ratis.grpc.server.GrpcServerProtocolClient.requestVote(GrpcServerProtocolClient.java:99)
	at org.apache.ratis.grpc.server.GrpcService.requestVote(GrpcService.java:204)
	at org.apache.ratis.server.impl.LeaderElection.lambda$submitRequests$1(LeaderElection.java:234)
	at java.util.concurrent.FutureTask.run(FutureTask.java:266)
	at java.util.concurrent.Executors$RunnableAdapter.call(Executors.java:511)
	at java.util.concurrent.FutureTask.run(FutureTask.java:266)
	at java.util.concurrent.ThreadPoolExecutor.runWorker(ThreadPoolExecutor.java:1149)
	at java.util.concurrent.ThreadPoolExecutor$Worker.run(ThreadPoolExecutor.java:624)
	... 1 more
Caused by: org.apache.ratis.thirdparty.io.netty.channel.AbstractChannel$AnnotatedConnectException: Connection refused: /192.168.164.241:46227
	at sun.nio.ch.SocketChannelImpl.checkConnect(Native Method)
	at sun.nio.ch.SocketChannelImpl.finishConnect(SocketChannelImpl.java:717)
	at org.apache.ratis.thirdparty.io.netty.channel.socket.nio.NioSocketChannel.doFinishConnect(NioSocketChannel.java:327)
	at org.apache.ratis.thirdparty.io.netty.channel.nio.AbstractNioChannel$AbstractNioUnsafe.finishConnect(AbstractNioChannel.java:340)
	at org.apache.ratis.thirdparty.io.netty.channel.nio.NioEventLoop.processSelectedKey(NioEventLoop.java:632)
	at org.apache.ratis.thirdparty.io.netty.channel.nio.NioEventLoop.processSelectedKeysOptimized(NioEventLoop.java:579)
	at org.apache.ratis.thirdparty.io.netty.channel.nio.NioEventLoop.processSelectedKeys(NioEventLoop.java:496)
	at org.apache.ratis.thirdparty.io.netty.channel.nio.NioEventLoop.run(NioEventLoop.java:458)
	at org.apache.ratis.thirdparty.io.netty.util.concurrent.SingleThreadEventExecutor$5.run(SingleThreadEventExecutor.java:897)
	at org.apache.ratis.thirdparty.io.netty.util.concurrent.FastThreadLocalRunnable.run(FastThreadLocalRunnable.java:30)
	... 1 more
Caused by: java.net.ConnectException: Connection refused
	... 11 more
2019-10-20 18:19:04,633 [b75f8b2e-6273-4c97-b7c5-042674931d23@group-F11756C8BA4A-LeaderElection464] INFO  impl.RaftServerImpl (RaftServerImpl.java:setRole(184)) - b75f8b2e-6273-4c97-b7c5-042674931d23@group-F11756C8BA4A: changes role from CANDIDATE to FOLLOWER at term 272 for DISCOVERED_A_NEW_TERM
2019-10-20 18:19:04,633 [b75f8b2e-6273-4c97-b7c5-042674931d23@group-F11756C8BA4A-LeaderElection464] INFO  impl.RoleInfo (RoleInfo.java:shutdownLeaderElection(134)) - b75f8b2e-6273-4c97-b7c5-042674931d23: shutdown LeaderElection
2019-10-20 18:19:04,633 [b75f8b2e-6273-4c97-b7c5-042674931d23@group-F11756C8BA4A-LeaderElection464] INFO  impl.RoleInfo (RoleInfo.java:updateAndGet(143)) - b75f8b2e-6273-4c97-b7c5-042674931d23: start FollowerState
2019-10-20 18:19:04,824 [Thread-3539] INFO  impl.FollowerState (FollowerState.java:run(108)) - b75f8b2e-6273-4c97-b7c5-042674931d23@group-F11756C8BA4A-FollowerState: change to CANDIDATE, lastRpcTime:191ms, electionTimeout:191ms
2019-10-20 18:19:04,825 [Thread-3539] INFO  impl.RoleInfo (RoleInfo.java:shutdownFollowerState(121)) - b75f8b2e-6273-4c97-b7c5-042674931d23: shutdown FollowerState
2019-10-20 18:19:04,825 [Thread-3539] INFO  impl.RaftServerImpl (RaftServerImpl.java:setRole(184)) - b75f8b2e-6273-4c97-b7c5-042674931d23@group-F11756C8BA4A: changes role from  FOLLOWER to CANDIDATE at term 272 for changeToCandidate
2019-10-20 18:19:04,825 [Thread-3539] INFO  impl.RoleInfo (RoleInfo.java:updateAndGet(143)) - b75f8b2e-6273-4c97-b7c5-042674931d23: start LeaderElection
2019-10-20 18:19:04,860 [b75f8b2e-6273-4c97-b7c5-042674931d23@group-F11756C8BA4A-LeaderElection465] INFO  impl.LeaderElection (LeaderElection.java:askForVotes(178)) - b75f8b2e-6273-4c97-b7c5-042674931d23@group-F11756C8BA4A-LeaderElection465: begin an election at term 273 for -1: [6ef27e9c-8ddb-4fa1-8c14-ab102acfb1b8:192.168.164.241:38092, b75f8b2e-6273-4c97-b7c5-042674931d23:192.168.164.241:41857, 3750b3a2-715b-46b3-9d0c-9e38136244b9:192.168.164.241:46227], old=null
2019-10-20 18:19:04,861 [b75f8b2e-6273-4c97-b7c5-042674931d23@group-F11756C8BA4A-LeaderElection465] INFO  impl.LeaderElection (LogUtils.java:infoOrTrace(149)) - b75f8b2e-6273-4c97-b7c5-042674931d23@group-F11756C8BA4A-LeaderElection465 got exception when requesting votes: {}
java.util.concurrent.ExecutionException: org.apache.ratis.thirdparty.io.grpc.StatusRuntimeException: UNAVAILABLE: io exception
	at java.util.concurrent.FutureTask.report(FutureTask.java:122)
	at java.util.concurrent.FutureTask.get(FutureTask.java:192)
	at org.apache.ratis.server.impl.LeaderElection.waitForResults(LeaderElection.java:259)
	at org.apache.ratis.server.impl.LeaderElection.askForVotes(LeaderElection.java:197)
	at org.apache.ratis.server.impl.LeaderElection.run(LeaderElection.java:133)
	at java.lang.Thread.run(Thread.java:748)
Caused by: org.apache.ratis.thirdparty.io.grpc.StatusRuntimeException: UNAVAILABLE: io exception
	at org.apache.ratis.thirdparty.io.grpc.stub.ClientCalls.toStatusRuntimeException(ClientCalls.java:233)
	at org.apache.ratis.thirdparty.io.grpc.stub.ClientCalls.getUnchecked(ClientCalls.java:214)
	at org.apache.ratis.thirdparty.io.grpc.stub.ClientCalls.blockingUnaryCall(ClientCalls.java:139)
	at org.apache.ratis.proto.grpc.RaftServerProtocolServiceGrpc$RaftServerProtocolServiceBlockingStub.requestVote(RaftServerProtocolServiceGrpc.java:265)
	at org.apache.ratis.grpc.server.GrpcServerProtocolClient.requestVote(GrpcServerProtocolClient.java:99)
	at org.apache.ratis.grpc.server.GrpcService.requestVote(GrpcService.java:204)
	at org.apache.ratis.server.impl.LeaderElection.lambda$submitRequests$1(LeaderElection.java:234)
	at java.util.concurrent.FutureTask.run(FutureTask.java:266)
	at java.util.concurrent.Executors$RunnableAdapter.call(Executors.java:511)
	at java.util.concurrent.FutureTask.run(FutureTask.java:266)
	at java.util.concurrent.ThreadPoolExecutor.runWorker(ThreadPoolExecutor.java:1149)
	at java.util.concurrent.ThreadPoolExecutor$Worker.run(ThreadPoolExecutor.java:624)
	... 1 more
Caused by: org.apache.ratis.thirdparty.io.netty.channel.AbstractChannel$AnnotatedConnectException: Connection refused: /192.168.164.241:46227
	at sun.nio.ch.SocketChannelImpl.checkConnect(Native Method)
	at sun.nio.ch.SocketChannelImpl.finishConnect(SocketChannelImpl.java:717)
	at org.apache.ratis.thirdparty.io.netty.channel.socket.nio.NioSocketChannel.doFinishConnect(NioSocketChannel.java:327)
	at org.apache.ratis.thirdparty.io.netty.channel.nio.AbstractNioChannel$AbstractNioUnsafe.finishConnect(AbstractNioChannel.java:340)
	at org.apache.ratis.thirdparty.io.netty.channel.nio.NioEventLoop.processSelectedKey(NioEventLoop.java:632)
	at org.apache.ratis.thirdparty.io.netty.channel.nio.NioEventLoop.processSelectedKeysOptimized(NioEventLoop.java:579)
	at org.apache.ratis.thirdparty.io.netty.channel.nio.NioEventLoop.processSelectedKeys(NioEventLoop.java:496)
	at org.apache.ratis.thirdparty.io.netty.channel.nio.NioEventLoop.run(NioEventLoop.java:458)
	at org.apache.ratis.thirdparty.io.netty.util.concurrent.SingleThreadEventExecutor$5.run(SingleThreadEventExecutor.java:897)
	at org.apache.ratis.thirdparty.io.netty.util.concurrent.FastThreadLocalRunnable.run(FastThreadLocalRunnable.java:30)
	... 1 more
Caused by: java.net.ConnectException: Connection refused
	... 11 more
2019-10-20 18:19:04,861 [grpc-default-executor-10] INFO  impl.RaftServerImpl (RaftServerImpl.java:setRole(184)) - 6ef27e9c-8ddb-4fa1-8c14-ab102acfb1b8@group-F11756C8BA4A: changes role from  FOLLOWER to FOLLOWER at term 273 for recognizeCandidate:b75f8b2e-6273-4c97-b7c5-042674931d23
2019-10-20 18:19:04,861 [grpc-default-executor-10] INFO  impl.RoleInfo (RoleInfo.java:shutdownFollowerState(121)) - 6ef27e9c-8ddb-4fa1-8c14-ab102acfb1b8: shutdown FollowerState
2019-10-20 18:19:04,861 [grpc-default-executor-10] INFO  impl.RoleInfo (RoleInfo.java:updateAndGet(143)) - 6ef27e9c-8ddb-4fa1-8c14-ab102acfb1b8: start FollowerState
2019-10-20 18:19:04,861 [Thread-3538] INFO  impl.FollowerState (FollowerState.java:run(117)) - 6ef27e9c-8ddb-4fa1-8c14-ab102acfb1b8@group-F11756C8BA4A-FollowerState was interrupted: java.lang.InterruptedException: sleep interrupted
2019-10-20 18:19:04,886 [b75f8b2e-6273-4c97-b7c5-042674931d23@group-F11756C8BA4A-LeaderElection465] INFO  impl.LeaderElection (LeaderElection.java:logAndReturn(56)) - b75f8b2e-6273-4c97-b7c5-042674931d23@group-F11756C8BA4A-LeaderElection465: Election REJECTED; received 1 response(s) [b75f8b2e-6273-4c97-b7c5-042674931d23<-6ef27e9c-8ddb-4fa1-8c14-ab102acfb1b8#0:FAIL-t273] and 1 exception(s); b75f8b2e-6273-4c97-b7c5-042674931d23@group-F11756C8BA4A:t273, leader=null, voted=b75f8b2e-6273-4c97-b7c5-042674931d23, raftlog=b75f8b2e-6273-4c97-b7c5-042674931d23@group-F11756C8BA4A-SegmentedRaftLog:OPENED:c-1,f-1,i0, conf=-1: [6ef27e9c-8ddb-4fa1-8c14-ab102acfb1b8:192.168.164.241:38092, b75f8b2e-6273-4c97-b7c5-042674931d23:192.168.164.241:41857, 3750b3a2-715b-46b3-9d0c-9e38136244b9:192.168.164.241:46227], old=null
2019-10-20 18:19:04,886 [b75f8b2e-6273-4c97-b7c5-042674931d23@group-F11756C8BA4A-LeaderElection465] INFO  impl.LeaderElection (LogUtils.java:infoOrTrace(149)) -   Exception 0: {}
java.util.concurrent.ExecutionException: org.apache.ratis.thirdparty.io.grpc.StatusRuntimeException: UNAVAILABLE: io exception
	at java.util.concurrent.FutureTask.report(FutureTask.java:122)
	at java.util.concurrent.FutureTask.get(FutureTask.java:192)
	at org.apache.ratis.server.impl.LeaderElection.waitForResults(LeaderElection.java:259)
	at org.apache.ratis.server.impl.LeaderElection.askForVotes(LeaderElection.java:197)
	at org.apache.ratis.server.impl.LeaderElection.run(LeaderElection.java:133)
	at java.lang.Thread.run(Thread.java:748)
Caused by: org.apache.ratis.thirdparty.io.grpc.StatusRuntimeException: UNAVAILABLE: io exception
	at org.apache.ratis.thirdparty.io.grpc.stub.ClientCalls.toStatusRuntimeException(ClientCalls.java:233)
	at org.apache.ratis.thirdparty.io.grpc.stub.ClientCalls.getUnchecked(ClientCalls.java:214)
	at org.apache.ratis.thirdparty.io.grpc.stub.ClientCalls.blockingUnaryCall(ClientCalls.java:139)
	at org.apache.ratis.proto.grpc.RaftServerProtocolServiceGrpc$RaftServerProtocolServiceBlockingStub.requestVote(RaftServerProtocolServiceGrpc.java:265)
	at org.apache.ratis.grpc.server.GrpcServerProtocolClient.requestVote(GrpcServerProtocolClient.java:99)
	at org.apache.ratis.grpc.server.GrpcService.requestVote(GrpcService.java:204)
	at org.apache.ratis.server.impl.LeaderElection.lambda$submitRequests$1(LeaderElection.java:234)
	at java.util.concurrent.FutureTask.run(FutureTask.java:266)
	at java.util.concurrent.Executors$RunnableAdapter.call(Executors.java:511)
	at java.util.concurrent.FutureTask.run(FutureTask.java:266)
	at java.util.concurrent.ThreadPoolExecutor.runWorker(ThreadPoolExecutor.java:1149)
	at java.util.concurrent.ThreadPoolExecutor$Worker.run(ThreadPoolExecutor.java:624)
	... 1 more
Caused by: org.apache.ratis.thirdparty.io.netty.channel.AbstractChannel$AnnotatedConnectException: Connection refused: /192.168.164.241:46227
	at sun.nio.ch.SocketChannelImpl.checkConnect(Native Method)
	at sun.nio.ch.SocketChannelImpl.finishConnect(SocketChannelImpl.java:717)
	at org.apache.ratis.thirdparty.io.netty.channel.socket.nio.NioSocketChannel.doFinishConnect(NioSocketChannel.java:327)
	at org.apache.ratis.thirdparty.io.netty.channel.nio.AbstractNioChannel$AbstractNioUnsafe.finishConnect(AbstractNioChannel.java:340)
	at org.apache.ratis.thirdparty.io.netty.channel.nio.NioEventLoop.processSelectedKey(NioEventLoop.java:632)
	at org.apache.ratis.thirdparty.io.netty.channel.nio.NioEventLoop.processSelectedKeysOptimized(NioEventLoop.java:579)
	at org.apache.ratis.thirdparty.io.netty.channel.nio.NioEventLoop.processSelectedKeys(NioEventLoop.java:496)
	at org.apache.ratis.thirdparty.io.netty.channel.nio.NioEventLoop.run(NioEventLoop.java:458)
	at org.apache.ratis.thirdparty.io.netty.util.concurrent.SingleThreadEventExecutor$5.run(SingleThreadEventExecutor.java:897)
	at org.apache.ratis.thirdparty.io.netty.util.concurrent.FastThreadLocalRunnable.run(FastThreadLocalRunnable.java:30)
	... 1 more
Caused by: java.net.ConnectException: Connection refused
	... 11 more
2019-10-20 18:19:04,886 [b75f8b2e-6273-4c97-b7c5-042674931d23@group-F11756C8BA4A-LeaderElection465] INFO  impl.RaftServerImpl (RaftServerImpl.java:setRole(184)) - b75f8b2e-6273-4c97-b7c5-042674931d23@group-F11756C8BA4A: changes role from CANDIDATE to FOLLOWER at term 273 for DISCOVERED_A_NEW_TERM
2019-10-20 18:19:04,886 [b75f8b2e-6273-4c97-b7c5-042674931d23@group-F11756C8BA4A-LeaderElection465] INFO  impl.RoleInfo (RoleInfo.java:shutdownLeaderElection(134)) - b75f8b2e-6273-4c97-b7c5-042674931d23: shutdown LeaderElection
2019-10-20 18:19:04,886 [b75f8b2e-6273-4c97-b7c5-042674931d23@group-F11756C8BA4A-LeaderElection465] INFO  impl.RoleInfo (RoleInfo.java:updateAndGet(143)) - b75f8b2e-6273-4c97-b7c5-042674931d23: start FollowerState
2019-10-20 18:19:04,915 [Thread-2844] INFO  impl.FollowerState (FollowerState.java:run(108)) - c50ce170-3170-4e03-b167-34e0e02687b2@group-AF4EDA66FDC9-FollowerState: change to CANDIDATE, lastRpcTime:2176ms, electionTimeout:1007ms
2019-10-20 18:19:04,916 [Thread-2844] INFO  impl.RoleInfo (RoleInfo.java:shutdownFollowerState(121)) - c50ce170-3170-4e03-b167-34e0e02687b2: shutdown FollowerState
2019-10-20 18:19:04,916 [Thread-2844] INFO  impl.RaftServerImpl (RaftServerImpl.java:setRole(184)) - c50ce170-3170-4e03-b167-34e0e02687b2@group-AF4EDA66FDC9: changes role from  FOLLOWER to CANDIDATE at term 2 for changeToCandidate
2019-10-20 18:19:04,916 [Thread-2844] INFO  impl.RoleInfo (RoleInfo.java:updateAndGet(143)) - c50ce170-3170-4e03-b167-34e0e02687b2: start LeaderElection
2019-10-20 18:19:04,916 [c50ce170-3170-4e03-b167-34e0e02687b2@group-AF4EDA66FDC9-LeaderElection466] INFO  impl.RaftServerImpl (ServerState.java:setLeader(256)) - c50ce170-3170-4e03-b167-34e0e02687b2@group-AF4EDA66FDC9: change Leader from a6e136fe-e391-4364-8a60-53801fc9277d to null at term 2 for initElection
2019-10-20 18:19:04,962 [c50ce170-3170-4e03-b167-34e0e02687b2@group-AF4EDA66FDC9-LeaderElection466] INFO  impl.LeaderElection (LeaderElection.java:askForVotes(178)) - c50ce170-3170-4e03-b167-34e0e02687b2@group-AF4EDA66FDC9-LeaderElection466: begin an election at term 3 for 21: [a6e136fe-e391-4364-8a60-53801fc9277d:192.168.164.241:40755, eb28ec45-9b2b-44d6-ae7e-a31feda643bc:192.168.164.241:42571, c50ce170-3170-4e03-b167-34e0e02687b2:192.168.164.241:37695], old=null
2019-10-20 18:19:04,966 [c50ce170-3170-4e03-b167-34e0e02687b2@group-AF4EDA66FDC9-LeaderElection466] INFO  impl.LeaderElection (LogUtils.java:infoOrTrace(149)) - c50ce170-3170-4e03-b167-34e0e02687b2@group-AF4EDA66FDC9-LeaderElection466 got exception when requesting votes: {}
java.util.concurrent.ExecutionException: org.apache.ratis.thirdparty.io.grpc.StatusRuntimeException: UNAVAILABLE: io exception
	at java.util.concurrent.FutureTask.report(FutureTask.java:122)
	at java.util.concurrent.FutureTask.get(FutureTask.java:192)
	at org.apache.ratis.server.impl.LeaderElection.waitForResults(LeaderElection.java:259)
	at org.apache.ratis.server.impl.LeaderElection.askForVotes(LeaderElection.java:197)
	at org.apache.ratis.server.impl.LeaderElection.run(LeaderElection.java:133)
	at java.lang.Thread.run(Thread.java:748)
Caused by: org.apache.ratis.thirdparty.io.grpc.StatusRuntimeException: UNAVAILABLE: io exception
	at org.apache.ratis.thirdparty.io.grpc.stub.ClientCalls.toStatusRuntimeException(ClientCalls.java:233)
	at org.apache.ratis.thirdparty.io.grpc.stub.ClientCalls.getUnchecked(ClientCalls.java:214)
	at org.apache.ratis.thirdparty.io.grpc.stub.ClientCalls.blockingUnaryCall(ClientCalls.java:139)
	at org.apache.ratis.proto.grpc.RaftServerProtocolServiceGrpc$RaftServerProtocolServiceBlockingStub.requestVote(RaftServerProtocolServiceGrpc.java:265)
	at org.apache.ratis.grpc.server.GrpcServerProtocolClient.requestVote(GrpcServerProtocolClient.java:99)
	at org.apache.ratis.grpc.server.GrpcService.requestVote(GrpcService.java:204)
	at org.apache.ratis.server.impl.LeaderElection.lambda$submitRequests$1(LeaderElection.java:234)
	at java.util.concurrent.FutureTask.run(FutureTask.java:266)
	at java.util.concurrent.Executors$RunnableAdapter.call(Executors.java:511)
	at java.util.concurrent.FutureTask.run(FutureTask.java:266)
	at java.util.concurrent.ThreadPoolExecutor.runWorker(ThreadPoolExecutor.java:1149)
	at java.util.concurrent.ThreadPoolExecutor$Worker.run(ThreadPoolExecutor.java:624)
	... 1 more
Caused by: org.apache.ratis.thirdparty.io.netty.channel.AbstractChannel$AnnotatedConnectException: Connection refused: /192.168.164.241:40755
	at sun.nio.ch.SocketChannelImpl.checkConnect(Native Method)
	at sun.nio.ch.SocketChannelImpl.finishConnect(SocketChannelImpl.java:717)
	at org.apache.ratis.thirdparty.io.netty.channel.socket.nio.NioSocketChannel.doFinishConnect(NioSocketChannel.java:327)
	at org.apache.ratis.thirdparty.io.netty.channel.nio.AbstractNioChannel$AbstractNioUnsafe.finishConnect(AbstractNioChannel.java:340)
	at org.apache.ratis.thirdparty.io.netty.channel.nio.NioEventLoop.processSelectedKey(NioEventLoop.java:632)
	at org.apache.ratis.thirdparty.io.netty.channel.nio.NioEventLoop.processSelectedKeysOptimized(NioEventLoop.java:579)
	at org.apache.ratis.thirdparty.io.netty.channel.nio.NioEventLoop.processSelectedKeys(NioEventLoop.java:496)
	at org.apache.ratis.thirdparty.io.netty.channel.nio.NioEventLoop.run(NioEventLoop.java:458)
	at org.apache.ratis.thirdparty.io.netty.util.concurrent.SingleThreadEventExecutor$5.run(SingleThreadEventExecutor.java:897)
	at org.apache.ratis.thirdparty.io.netty.util.concurrent.FastThreadLocalRunnable.run(FastThreadLocalRunnable.java:30)
	... 1 more
Caused by: java.net.ConnectException: Connection refused
	... 11 more
2019-10-20 18:19:04,966 [c50ce170-3170-4e03-b167-34e0e02687b2@group-AF4EDA66FDC9-LeaderElection466] INFO  impl.LeaderElection (LogUtils.java:infoOrTrace(149)) - c50ce170-3170-4e03-b167-34e0e02687b2@group-AF4EDA66FDC9-LeaderElection466 got exception when requesting votes: {}
java.util.concurrent.ExecutionException: org.apache.ratis.thirdparty.io.grpc.StatusRuntimeException: UNAVAILABLE: io exception
	at java.util.concurrent.FutureTask.report(FutureTask.java:122)
	at java.util.concurrent.FutureTask.get(FutureTask.java:192)
	at org.apache.ratis.server.impl.LeaderElection.waitForResults(LeaderElection.java:259)
	at org.apache.ratis.server.impl.LeaderElection.askForVotes(LeaderElection.java:197)
	at org.apache.ratis.server.impl.LeaderElection.run(LeaderElection.java:133)
	at java.lang.Thread.run(Thread.java:748)
Caused by: org.apache.ratis.thirdparty.io.grpc.StatusRuntimeException: UNAVAILABLE: io exception
	at org.apache.ratis.thirdparty.io.grpc.stub.ClientCalls.toStatusRuntimeException(ClientCalls.java:233)
	at org.apache.ratis.thirdparty.io.grpc.stub.ClientCalls.getUnchecked(ClientCalls.java:214)
	at org.apache.ratis.thirdparty.io.grpc.stub.ClientCalls.blockingUnaryCall(ClientCalls.java:139)
	at org.apache.ratis.proto.grpc.RaftServerProtocolServiceGrpc$RaftServerProtocolServiceBlockingStub.requestVote(RaftServerProtocolServiceGrpc.java:265)
	at org.apache.ratis.grpc.server.GrpcServerProtocolClient.requestVote(GrpcServerProtocolClient.java:99)
	at org.apache.ratis.grpc.server.GrpcService.requestVote(GrpcService.java:204)
	at org.apache.ratis.server.impl.LeaderElection.lambda$submitRequests$1(LeaderElection.java:234)
	at java.util.concurrent.FutureTask.run(FutureTask.java:266)
	at java.util.concurrent.Executors$RunnableAdapter.call(Executors.java:511)
	at java.util.concurrent.FutureTask.run(FutureTask.java:266)
	at java.util.concurrent.ThreadPoolExecutor.runWorker(ThreadPoolExecutor.java:1149)
	at java.util.concurrent.ThreadPoolExecutor$Worker.run(ThreadPoolExecutor.java:624)
	... 1 more
Caused by: org.apache.ratis.thirdparty.io.netty.channel.AbstractChannel$AnnotatedConnectException: Connection refused: /192.168.164.241:42571
	at sun.nio.ch.SocketChannelImpl.checkConnect(Native Method)
	at sun.nio.ch.SocketChannelImpl.finishConnect(SocketChannelImpl.java:717)
	at org.apache.ratis.thirdparty.io.netty.channel.socket.nio.NioSocketChannel.doFinishConnect(NioSocketChannel.java:327)
	at org.apache.ratis.thirdparty.io.netty.channel.nio.AbstractNioChannel$AbstractNioUnsafe.finishConnect(AbstractNioChannel.java:340)
	at org.apache.ratis.thirdparty.io.netty.channel.nio.NioEventLoop.processSelectedKey(NioEventLoop.java:632)
	at org.apache.ratis.thirdparty.io.netty.channel.nio.NioEventLoop.processSelectedKeysOptimized(NioEventLoop.java:579)
	at org.apache.ratis.thirdparty.io.netty.channel.nio.NioEventLoop.processSelectedKeys(NioEventLoop.java:496)
	at org.apache.ratis.thirdparty.io.netty.channel.nio.NioEventLoop.run(NioEventLoop.java:458)
	at org.apache.ratis.thirdparty.io.netty.util.concurrent.SingleThreadEventExecutor$5.run(SingleThreadEventExecutor.java:897)
	at org.apache.ratis.thirdparty.io.netty.util.concurrent.FastThreadLocalRunnable.run(FastThreadLocalRunnable.java:30)
	... 1 more
Caused by: java.net.ConnectException: Connection refused
	... 11 more
2019-10-20 18:19:04,966 [c50ce170-3170-4e03-b167-34e0e02687b2@group-AF4EDA66FDC9-LeaderElection466] INFO  impl.LeaderElection (LeaderElection.java:logAndReturn(56)) - c50ce170-3170-4e03-b167-34e0e02687b2@group-AF4EDA66FDC9-LeaderElection466: Election REJECTED; received 0 response(s) [] and 2 exception(s); c50ce170-3170-4e03-b167-34e0e02687b2@group-AF4EDA66FDC9:t3, leader=null, voted=c50ce170-3170-4e03-b167-34e0e02687b2, raftlog=c50ce170-3170-4e03-b167-34e0e02687b2@group-AF4EDA66FDC9-SegmentedRaftLog:OPENED:c22,f22,i22, conf=21: [a6e136fe-e391-4364-8a60-53801fc9277d:192.168.164.241:40755, eb28ec45-9b2b-44d6-ae7e-a31feda643bc:192.168.164.241:42571, c50ce170-3170-4e03-b167-34e0e02687b2:192.168.164.241:37695], old=null
2019-10-20 18:19:04,966 [c50ce170-3170-4e03-b167-34e0e02687b2@group-AF4EDA66FDC9-LeaderElection466] INFO  impl.LeaderElection (LogUtils.java:infoOrTrace(149)) -   Exception 0: {}
java.util.concurrent.ExecutionException: org.apache.ratis.thirdparty.io.grpc.StatusRuntimeException: UNAVAILABLE: io exception
	at java.util.concurrent.FutureTask.report(FutureTask.java:122)
	at java.util.concurrent.FutureTask.get(FutureTask.java:192)
	at org.apache.ratis.server.impl.LeaderElection.waitForResults(LeaderElection.java:259)
	at org.apache.ratis.server.impl.LeaderElection.askForVotes(LeaderElection.java:197)
	at org.apache.ratis.server.impl.LeaderElection.run(LeaderElection.java:133)
	at java.lang.Thread.run(Thread.java:748)
Caused by: org.apache.ratis.thirdparty.io.grpc.StatusRuntimeException: UNAVAILABLE: io exception
	at org.apache.ratis.thirdparty.io.grpc.stub.ClientCalls.toStatusRuntimeException(ClientCalls.java:233)
	at org.apache.ratis.thirdparty.io.grpc.stub.ClientCalls.getUnchecked(ClientCalls.java:214)
	at org.apache.ratis.thirdparty.io.grpc.stub.ClientCalls.blockingUnaryCall(ClientCalls.java:139)
	at org.apache.ratis.proto.grpc.RaftServerProtocolServiceGrpc$RaftServerProtocolServiceBlockingStub.requestVote(RaftServerProtocolServiceGrpc.java:265)
	at org.apache.ratis.grpc.server.GrpcServerProtocolClient.requestVote(GrpcServerProtocolClient.java:99)
	at org.apache.ratis.grpc.server.GrpcService.requestVote(GrpcService.java:204)
	at org.apache.ratis.server.impl.LeaderElection.lambda$submitRequests$1(LeaderElection.java:234)
	at java.util.concurrent.FutureTask.run(FutureTask.java:266)
	at java.util.concurrent.Executors$RunnableAdapter.call(Executors.java:511)
	at java.util.concurrent.FutureTask.run(FutureTask.java:266)
	at java.util.concurrent.ThreadPoolExecutor.runWorker(ThreadPoolExecutor.java:1149)
	at java.util.concurrent.ThreadPoolExecutor$Worker.run(ThreadPoolExecutor.java:624)
	... 1 more
Caused by: org.apache.ratis.thirdparty.io.netty.channel.AbstractChannel$AnnotatedConnectException: Connection refused: /192.168.164.241:40755
	at sun.nio.ch.SocketChannelImpl.checkConnect(Native Method)
	at sun.nio.ch.SocketChannelImpl.finishConnect(SocketChannelImpl.java:717)
	at org.apache.ratis.thirdparty.io.netty.channel.socket.nio.NioSocketChannel.doFinishConnect(NioSocketChannel.java:327)
	at org.apache.ratis.thirdparty.io.netty.channel.nio.AbstractNioChannel$AbstractNioUnsafe.finishConnect(AbstractNioChannel.java:340)
	at org.apache.ratis.thirdparty.io.netty.channel.nio.NioEventLoop.processSelectedKey(NioEventLoop.java:632)
	at org.apache.ratis.thirdparty.io.netty.channel.nio.NioEventLoop.processSelectedKeysOptimized(NioEventLoop.java:579)
	at org.apache.ratis.thirdparty.io.netty.channel.nio.NioEventLoop.processSelectedKeys(NioEventLoop.java:496)
	at org.apache.ratis.thirdparty.io.netty.channel.nio.NioEventLoop.run(NioEventLoop.java:458)
	at org.apache.ratis.thirdparty.io.netty.util.concurrent.SingleThreadEventExecutor$5.run(SingleThreadEventExecutor.java:897)
	at org.apache.ratis.thirdparty.io.netty.util.concurrent.FastThreadLocalRunnable.run(FastThreadLocalRunnable.java:30)
	... 1 more
Caused by: java.net.ConnectException: Connection refused
	... 11 more
2019-10-20 18:19:04,967 [c50ce170-3170-4e03-b167-34e0e02687b2@group-AF4EDA66FDC9-LeaderElection466] INFO  impl.LeaderElection (LogUtils.java:infoOrTrace(149)) -   Exception 1: {}
java.util.concurrent.ExecutionException: org.apache.ratis.thirdparty.io.grpc.StatusRuntimeException: UNAVAILABLE: io exception
	at java.util.concurrent.FutureTask.report(FutureTask.java:122)
	at java.util.concurrent.FutureTask.get(FutureTask.java:192)
	at org.apache.ratis.server.impl.LeaderElection.waitForResults(LeaderElection.java:259)
	at org.apache.ratis.server.impl.LeaderElection.askForVotes(LeaderElection.java:197)
	at org.apache.ratis.server.impl.LeaderElection.run(LeaderElection.java:133)
	at java.lang.Thread.run(Thread.java:748)
Caused by: org.apache.ratis.thirdparty.io.grpc.StatusRuntimeException: UNAVAILABLE: io exception
	at org.apache.ratis.thirdparty.io.grpc.stub.ClientCalls.toStatusRuntimeException(ClientCalls.java:233)
	at org.apache.ratis.thirdparty.io.grpc.stub.ClientCalls.getUnchecked(ClientCalls.java:214)
	at org.apache.ratis.thirdparty.io.grpc.stub.ClientCalls.blockingUnaryCall(ClientCalls.java:139)
	at org.apache.ratis.proto.grpc.RaftServerProtocolServiceGrpc$RaftServerProtocolServiceBlockingStub.requestVote(RaftServerProtocolServiceGrpc.java:265)
	at org.apache.ratis.grpc.server.GrpcServerProtocolClient.requestVote(GrpcServerProtocolClient.java:99)
	at org.apache.ratis.grpc.server.GrpcService.requestVote(GrpcService.java:204)
	at org.apache.ratis.server.impl.LeaderElection.lambda$submitRequests$1(LeaderElection.java:234)
	at java.util.concurrent.FutureTask.run(FutureTask.java:266)
	at java.util.concurrent.Executors$RunnableAdapter.call(Executors.java:511)
	at java.util.concurrent.FutureTask.run(FutureTask.java:266)
	at java.util.concurrent.ThreadPoolExecutor.runWorker(ThreadPoolExecutor.java:1149)
	at java.util.concurrent.ThreadPoolExecutor$Worker.run(ThreadPoolExecutor.java:624)
	... 1 more
Caused by: org.apache.ratis.thirdparty.io.netty.channel.AbstractChannel$AnnotatedConnectException: Connection refused: /192.168.164.241:42571
	at sun.nio.ch.SocketChannelImpl.checkConnect(Native Method)
	at sun.nio.ch.SocketChannelImpl.finishConnect(SocketChannelImpl.java:717)
	at org.apache.ratis.thirdparty.io.netty.channel.socket.nio.NioSocketChannel.doFinishConnect(NioSocketChannel.java:327)
	at org.apache.ratis.thirdparty.io.netty.channel.nio.AbstractNioChannel$AbstractNioUnsafe.finishConnect(AbstractNioChannel.java:340)
	at org.apache.ratis.thirdparty.io.netty.channel.nio.NioEventLoop.processSelectedKey(NioEventLoop.java:632)
	at org.apache.ratis.thirdparty.io.netty.channel.nio.NioEventLoop.processSelectedKeysOptimized(NioEventLoop.java:579)
	at org.apache.ratis.thirdparty.io.netty.channel.nio.NioEventLoop.processSelectedKeys(NioEventLoop.java:496)
	at org.apache.ratis.thirdparty.io.netty.channel.nio.NioEventLoop.run(NioEventLoop.java:458)
	at org.apache.ratis.thirdparty.io.netty.util.concurrent.SingleThreadEventExecutor$5.run(SingleThreadEventExecutor.java:897)
	at org.apache.ratis.thirdparty.io.netty.util.concurrent.FastThreadLocalRunnable.run(FastThreadLocalRunnable.java:30)
	... 1 more
Caused by: java.net.ConnectException: Connection refused
	... 11 more
2019-10-20 18:19:04,967 [c50ce170-3170-4e03-b167-34e0e02687b2@group-AF4EDA66FDC9-LeaderElection466] INFO  impl.RaftServerImpl (RaftServerImpl.java:setRole(184)) - c50ce170-3170-4e03-b167-34e0e02687b2@group-AF4EDA66FDC9: changes role from CANDIDATE to FOLLOWER at term 3 for DISCOVERED_A_NEW_TERM
2019-10-20 18:19:04,967 [c50ce170-3170-4e03-b167-34e0e02687b2@group-AF4EDA66FDC9-LeaderElection466] INFO  impl.RoleInfo (RoleInfo.java:shutdownLeaderElection(134)) - c50ce170-3170-4e03-b167-34e0e02687b2: shutdown LeaderElection
2019-10-20 18:19:04,967 [c50ce170-3170-4e03-b167-34e0e02687b2@group-AF4EDA66FDC9-LeaderElection466] INFO  impl.RoleInfo (RoleInfo.java:updateAndGet(143)) - c50ce170-3170-4e03-b167-34e0e02687b2: start FollowerState
2019-10-20 18:19:05,073 [Thread-3544] INFO  impl.FollowerState (FollowerState.java:run(108)) - b75f8b2e-6273-4c97-b7c5-042674931d23@group-F11756C8BA4A-FollowerState: change to CANDIDATE, lastRpcTime:186ms, electionTimeout:186ms
2019-10-20 18:19:05,073 [Thread-3544] INFO  impl.RoleInfo (RoleInfo.java:shutdownFollowerState(121)) - b75f8b2e-6273-4c97-b7c5-042674931d23: shutdown FollowerState
2019-10-20 18:19:05,073 [Thread-3544] INFO  impl.RaftServerImpl (RaftServerImpl.java:setRole(184)) - b75f8b2e-6273-4c97-b7c5-042674931d23@group-F11756C8BA4A: changes role from  FOLLOWER to CANDIDATE at term 273 for changeToCandidate
2019-10-20 18:19:05,073 [Thread-3544] INFO  impl.RoleInfo (RoleInfo.java:updateAndGet(143)) - b75f8b2e-6273-4c97-b7c5-042674931d23: start LeaderElection
2019-10-20 18:19:05,097 [b75f8b2e-6273-4c97-b7c5-042674931d23@group-F11756C8BA4A-LeaderElection467] INFO  impl.LeaderElection (LeaderElection.java:askForVotes(178)) - b75f8b2e-6273-4c97-b7c5-042674931d23@group-F11756C8BA4A-LeaderElection467: begin an election at term 274 for -1: [6ef27e9c-8ddb-4fa1-8c14-ab102acfb1b8:192.168.164.241:38092, b75f8b2e-6273-4c97-b7c5-042674931d23:192.168.164.241:41857, 3750b3a2-715b-46b3-9d0c-9e38136244b9:192.168.164.241:46227], old=null
2019-10-20 18:19:05,098 [b75f8b2e-6273-4c97-b7c5-042674931d23@group-F11756C8BA4A-LeaderElection467] INFO  impl.LeaderElection (LogUtils.java:infoOrTrace(149)) - b75f8b2e-6273-4c97-b7c5-042674931d23@group-F11756C8BA4A-LeaderElection467 got exception when requesting votes: {}
java.util.concurrent.ExecutionException: org.apache.ratis.thirdparty.io.grpc.StatusRuntimeException: UNAVAILABLE: io exception
	at java.util.concurrent.FutureTask.report(FutureTask.java:122)
	at java.util.concurrent.FutureTask.get(FutureTask.java:192)
	at org.apache.ratis.server.impl.LeaderElection.waitForResults(LeaderElection.java:259)
	at org.apache.ratis.server.impl.LeaderElection.askForVotes(LeaderElection.java:197)
	at org.apache.ratis.server.impl.LeaderElection.run(LeaderElection.java:133)
	at java.lang.Thread.run(Thread.java:748)
Caused by: org.apache.ratis.thirdparty.io.grpc.StatusRuntimeException: UNAVAILABLE: io exception
	at org.apache.ratis.thirdparty.io.grpc.stub.ClientCalls.toStatusRuntimeException(ClientCalls.java:233)
	at org.apache.ratis.thirdparty.io.grpc.stub.ClientCalls.getUnchecked(ClientCalls.java:214)
	at org.apache.ratis.thirdparty.io.grpc.stub.ClientCalls.blockingUnaryCall(ClientCalls.java:139)
	at org.apache.ratis.proto.grpc.RaftServerProtocolServiceGrpc$RaftServerProtocolServiceBlockingStub.requestVote(RaftServerProtocolServiceGrpc.java:265)
	at org.apache.ratis.grpc.server.GrpcServerProtocolClient.requestVote(GrpcServerProtocolClient.java:99)
	at org.apache.ratis.grpc.server.GrpcService.requestVote(GrpcService.java:204)
	at org.apache.ratis.server.impl.LeaderElection.lambda$submitRequests$1(LeaderElection.java:234)
	at java.util.concurrent.FutureTask.run(FutureTask.java:266)
	at java.util.concurrent.Executors$RunnableAdapter.call(Executors.java:511)
	at java.util.concurrent.FutureTask.run(FutureTask.java:266)
	at java.util.concurrent.ThreadPoolExecutor.runWorker(ThreadPoolExecutor.java:1149)
	at java.util.concurrent.ThreadPoolExecutor$Worker.run(ThreadPoolExecutor.java:624)
	... 1 more
Caused by: org.apache.ratis.thirdparty.io.netty.channel.AbstractChannel$AnnotatedConnectException: Connection refused: /192.168.164.241:46227
	at sun.nio.ch.SocketChannelImpl.checkConnect(Native Method)
	at sun.nio.ch.SocketChannelImpl.finishConnect(SocketChannelImpl.java:717)
	at org.apache.ratis.thirdparty.io.netty.channel.socket.nio.NioSocketChannel.doFinishConnect(NioSocketChannel.java:327)
	at org.apache.ratis.thirdparty.io.netty.channel.nio.AbstractNioChannel$AbstractNioUnsafe.finishConnect(AbstractNioChannel.java:340)
	at org.apache.ratis.thirdparty.io.netty.channel.nio.NioEventLoop.processSelectedKey(NioEventLoop.java:632)
	at org.apache.ratis.thirdparty.io.netty.channel.nio.NioEventLoop.processSelectedKeysOptimized(NioEventLoop.java:579)
	at org.apache.ratis.thirdparty.io.netty.channel.nio.NioEventLoop.processSelectedKeys(NioEventLoop.java:496)
	at org.apache.ratis.thirdparty.io.netty.channel.nio.NioEventLoop.run(NioEventLoop.java:458)
	at org.apache.ratis.thirdparty.io.netty.util.concurrent.SingleThreadEventExecutor$5.run(SingleThreadEventExecutor.java:897)
	at org.apache.ratis.thirdparty.io.netty.util.concurrent.FastThreadLocalRunnable.run(FastThreadLocalRunnable.java:30)
	... 1 more
Caused by: java.net.ConnectException: Connection refused
	... 11 more
2019-10-20 18:19:05,099 [grpc-default-executor-4] INFO  impl.RaftServerImpl (RaftServerImpl.java:setRole(184)) - 6ef27e9c-8ddb-4fa1-8c14-ab102acfb1b8@group-F11756C8BA4A: changes role from  FOLLOWER to FOLLOWER at term 274 for recognizeCandidate:b75f8b2e-6273-4c97-b7c5-042674931d23
2019-10-20 18:19:05,099 [grpc-default-executor-4] INFO  impl.RoleInfo (RoleInfo.java:shutdownFollowerState(121)) - 6ef27e9c-8ddb-4fa1-8c14-ab102acfb1b8: shutdown FollowerState
2019-10-20 18:19:05,099 [grpc-default-executor-4] INFO  impl.RoleInfo (RoleInfo.java:updateAndGet(143)) - 6ef27e9c-8ddb-4fa1-8c14-ab102acfb1b8: start FollowerState
2019-10-20 18:19:05,099 [Thread-3543] INFO  impl.FollowerState (FollowerState.java:run(117)) - 6ef27e9c-8ddb-4fa1-8c14-ab102acfb1b8@group-F11756C8BA4A-FollowerState was interrupted: java.lang.InterruptedException: sleep interrupted
2019-10-20 18:19:05,132 [b75f8b2e-6273-4c97-b7c5-042674931d23@group-F11756C8BA4A-LeaderElection467] INFO  impl.LeaderElection (LeaderElection.java:logAndReturn(56)) - b75f8b2e-6273-4c97-b7c5-042674931d23@group-F11756C8BA4A-LeaderElection467: Election REJECTED; received 1 response(s) [b75f8b2e-6273-4c97-b7c5-042674931d23<-6ef27e9c-8ddb-4fa1-8c14-ab102acfb1b8#0:FAIL-t274] and 1 exception(s); b75f8b2e-6273-4c97-b7c5-042674931d23@group-F11756C8BA4A:t274, leader=null, voted=b75f8b2e-6273-4c97-b7c5-042674931d23, raftlog=b75f8b2e-6273-4c97-b7c5-042674931d23@group-F11756C8BA4A-SegmentedRaftLog:OPENED:c-1,f-1,i0, conf=-1: [6ef27e9c-8ddb-4fa1-8c14-ab102acfb1b8:192.168.164.241:38092, b75f8b2e-6273-4c97-b7c5-042674931d23:192.168.164.241:41857, 3750b3a2-715b-46b3-9d0c-9e38136244b9:192.168.164.241:46227], old=null
2019-10-20 18:19:05,132 [b75f8b2e-6273-4c97-b7c5-042674931d23@group-F11756C8BA4A-LeaderElection467] INFO  impl.LeaderElection (LogUtils.java:infoOrTrace(149)) -   Exception 0: {}
java.util.concurrent.ExecutionException: org.apache.ratis.thirdparty.io.grpc.StatusRuntimeException: UNAVAILABLE: io exception
	at java.util.concurrent.FutureTask.report(FutureTask.java:122)
	at java.util.concurrent.FutureTask.get(FutureTask.java:192)
	at org.apache.ratis.server.impl.LeaderElection.waitForResults(LeaderElection.java:259)
	at org.apache.ratis.server.impl.LeaderElection.askForVotes(LeaderElection.java:197)
	at org.apache.ratis.server.impl.LeaderElection.run(LeaderElection.java:133)
	at java.lang.Thread.run(Thread.java:748)
Caused by: org.apache.ratis.thirdparty.io.grpc.StatusRuntimeException: UNAVAILABLE: io exception
	at org.apache.ratis.thirdparty.io.grpc.stub.ClientCalls.toStatusRuntimeException(ClientCalls.java:233)
	at org.apache.ratis.thirdparty.io.grpc.stub.ClientCalls.getUnchecked(ClientCalls.java:214)
	at org.apache.ratis.thirdparty.io.grpc.stub.ClientCalls.blockingUnaryCall(ClientCalls.java:139)
	at org.apache.ratis.proto.grpc.RaftServerProtocolServiceGrpc$RaftServerProtocolServiceBlockingStub.requestVote(RaftServerProtocolServiceGrpc.java:265)
	at org.apache.ratis.grpc.server.GrpcServerProtocolClient.requestVote(GrpcServerProtocolClient.java:99)
	at org.apache.ratis.grpc.server.GrpcService.requestVote(GrpcService.java:204)
	at org.apache.ratis.server.impl.LeaderElection.lambda$submitRequests$1(LeaderElection.java:234)
	at java.util.concurrent.FutureTask.run(FutureTask.java:266)
	at java.util.concurrent.Executors$RunnableAdapter.call(Executors.java:511)
	at java.util.concurrent.FutureTask.run(FutureTask.java:266)
	at java.util.concurrent.ThreadPoolExecutor.runWorker(ThreadPoolExecutor.java:1149)
	at java.util.concurrent.ThreadPoolExecutor$Worker.run(ThreadPoolExecutor.java:624)
	... 1 more
Caused by: org.apache.ratis.thirdparty.io.netty.channel.AbstractChannel$AnnotatedConnectException: Connection refused: /192.168.164.241:46227
	at sun.nio.ch.SocketChannelImpl.checkConnect(Native Method)
	at sun.nio.ch.SocketChannelImpl.finishConnect(SocketChannelImpl.java:717)
	at org.apache.ratis.thirdparty.io.netty.channel.socket.nio.NioSocketChannel.doFinishConnect(NioSocketChannel.java:327)
	at org.apache.ratis.thirdparty.io.netty.channel.nio.AbstractNioChannel$AbstractNioUnsafe.finishConnect(AbstractNioChannel.java:340)
	at org.apache.ratis.thirdparty.io.netty.channel.nio.NioEventLoop.processSelectedKey(NioEventLoop.java:632)
	at org.apache.ratis.thirdparty.io.netty.channel.nio.NioEventLoop.processSelectedKeysOptimized(NioEventLoop.java:579)
	at org.apache.ratis.thirdparty.io.netty.channel.nio.NioEventLoop.processSelectedKeys(NioEventLoop.java:496)
	at org.apache.ratis.thirdparty.io.netty.channel.nio.NioEventLoop.run(NioEventLoop.java:458)
	at org.apache.ratis.thirdparty.io.netty.util.concurrent.SingleThreadEventExecutor$5.run(SingleThreadEventExecutor.java:897)
	at org.apache.ratis.thirdparty.io.netty.util.concurrent.FastThreadLocalRunnable.run(FastThreadLocalRunnable.java:30)
	... 1 more
Caused by: java.net.ConnectException: Connection refused
	... 11 more
2019-10-20 18:19:05,133 [b75f8b2e-6273-4c97-b7c5-042674931d23@group-F11756C8BA4A-LeaderElection467] INFO  impl.RaftServerImpl (RaftServerImpl.java:setRole(184)) - b75f8b2e-6273-4c97-b7c5-042674931d23@group-F11756C8BA4A: changes role from CANDIDATE to FOLLOWER at term 274 for DISCOVERED_A_NEW_TERM
2019-10-20 18:19:05,133 [b75f8b2e-6273-4c97-b7c5-042674931d23@group-F11756C8BA4A-LeaderElection467] INFO  impl.RoleInfo (RoleInfo.java:shutdownLeaderElection(134)) - b75f8b2e-6273-4c97-b7c5-042674931d23: shutdown LeaderElection
2019-10-20 18:19:05,133 [b75f8b2e-6273-4c97-b7c5-042674931d23@group-F11756C8BA4A-LeaderElection467] INFO  impl.RoleInfo (RoleInfo.java:updateAndGet(143)) - b75f8b2e-6273-4c97-b7c5-042674931d23: start FollowerState
2019-10-20 18:19:05,233 [Thread-3516] INFO  impl.FollowerState (FollowerState.java:run(108)) - 7a43c46a-fc88-4b2d-b2da-ae029cfa60ff@group-D40A05E2FCF9-FollowerState: change to CANDIDATE, lastRpcTime:1146ms, electionTimeout:1146ms
2019-10-20 18:19:05,233 [Thread-3516] INFO  impl.RoleInfo (RoleInfo.java:shutdownFollowerState(121)) - 7a43c46a-fc88-4b2d-b2da-ae029cfa60ff: shutdown FollowerState
2019-10-20 18:19:05,234 [Thread-3516] INFO  impl.RaftServerImpl (RaftServerImpl.java:setRole(184)) - 7a43c46a-fc88-4b2d-b2da-ae029cfa60ff@group-D40A05E2FCF9: changes role from  FOLLOWER to CANDIDATE at term 259 for changeToCandidate
2019-10-20 18:19:05,234 [Thread-3516] INFO  impl.RoleInfo (RoleInfo.java:updateAndGet(143)) - 7a43c46a-fc88-4b2d-b2da-ae029cfa60ff: start LeaderElection
2019-10-20 18:19:05,253 [Thread-3553] INFO  impl.FollowerState (FollowerState.java:run(108)) - b75f8b2e-6273-4c97-b7c5-042674931d23@group-F11756C8BA4A-FollowerState: change to CANDIDATE, lastRpcTime:120ms, electionTimeout:120ms
2019-10-20 18:19:05,254 [Thread-3553] INFO  impl.RoleInfo (RoleInfo.java:shutdownFollowerState(121)) - b75f8b2e-6273-4c97-b7c5-042674931d23: shutdown FollowerState
2019-10-20 18:19:05,254 [Thread-3553] INFO  impl.RaftServerImpl (RaftServerImpl.java:setRole(184)) - b75f8b2e-6273-4c97-b7c5-042674931d23@group-F11756C8BA4A: changes role from  FOLLOWER to CANDIDATE at term 274 for changeToCandidate
2019-10-20 18:19:05,254 [Thread-3553] INFO  impl.RoleInfo (RoleInfo.java:updateAndGet(143)) - b75f8b2e-6273-4c97-b7c5-042674931d23: start LeaderElection
2019-10-20 18:19:05,258 [7a43c46a-fc88-4b2d-b2da-ae029cfa60ff@group-D40A05E2FCF9-LeaderElection468] INFO  impl.LeaderElection (LeaderElection.java:askForVotes(178)) - 7a43c46a-fc88-4b2d-b2da-ae029cfa60ff@group-D40A05E2FCF9-LeaderElection468: begin an election at term 260 for 0: [399079f7-1eb1-4f37-b003-267572525934:192.168.164.241:37762, 7a43c46a-fc88-4b2d-b2da-ae029cfa60ff:192.168.164.241:43684, 6c5c38af-62e6-4ea7-a24a-078dcb28fb39:192.168.164.241:45428], old=null
2019-10-20 18:19:05,259 [7a43c46a-fc88-4b2d-b2da-ae029cfa60ff@group-D40A05E2FCF9-LeaderElection468] INFO  impl.LeaderElection (LogUtils.java:infoOrTrace(149)) - 7a43c46a-fc88-4b2d-b2da-ae029cfa60ff@group-D40A05E2FCF9-LeaderElection468 got exception when requesting votes: {}
java.util.concurrent.ExecutionException: org.apache.ratis.thirdparty.io.grpc.StatusRuntimeException: UNAVAILABLE: io exception
	at java.util.concurrent.FutureTask.report(FutureTask.java:122)
	at java.util.concurrent.FutureTask.get(FutureTask.java:192)
	at org.apache.ratis.server.impl.LeaderElection.waitForResults(LeaderElection.java:259)
	at org.apache.ratis.server.impl.LeaderElection.askForVotes(LeaderElection.java:197)
	at org.apache.ratis.server.impl.LeaderElection.run(LeaderElection.java:133)
	at java.lang.Thread.run(Thread.java:748)
Caused by: org.apache.ratis.thirdparty.io.grpc.StatusRuntimeException: UNAVAILABLE: io exception
	at org.apache.ratis.thirdparty.io.grpc.stub.ClientCalls.toStatusRuntimeException(ClientCalls.java:233)
	at org.apache.ratis.thirdparty.io.grpc.stub.ClientCalls.getUnchecked(ClientCalls.java:214)
	at org.apache.ratis.thirdparty.io.grpc.stub.ClientCalls.blockingUnaryCall(ClientCalls.java:139)
	at org.apache.ratis.proto.grpc.RaftServerProtocolServiceGrpc$RaftServerProtocolServiceBlockingStub.requestVote(RaftServerProtocolServiceGrpc.java:265)
	at org.apache.ratis.grpc.server.GrpcServerProtocolClient.requestVote(GrpcServerProtocolClient.java:99)
	at org.apache.ratis.grpc.server.GrpcService.requestVote(GrpcService.java:204)
	at org.apache.ratis.server.impl.LeaderElection.lambda$submitRequests$1(LeaderElection.java:234)
	at java.util.concurrent.FutureTask.run(FutureTask.java:266)
	at java.util.concurrent.Executors$RunnableAdapter.call(Executors.java:511)
	at java.util.concurrent.FutureTask.run(FutureTask.java:266)
	at java.util.concurrent.ThreadPoolExecutor.runWorker(ThreadPoolExecutor.java:1149)
	at java.util.concurrent.ThreadPoolExecutor$Worker.run(ThreadPoolExecutor.java:624)
	... 1 more
Caused by: org.apache.ratis.thirdparty.io.netty.channel.AbstractChannel$AnnotatedConnectException: Connection refused: /192.168.164.241:37762
	at sun.nio.ch.SocketChannelImpl.checkConnect(Native Method)
	at sun.nio.ch.SocketChannelImpl.finishConnect(SocketChannelImpl.java:717)
	at org.apache.ratis.thirdparty.io.netty.channel.socket.nio.NioSocketChannel.doFinishConnect(NioSocketChannel.java:327)
	at org.apache.ratis.thirdparty.io.netty.channel.nio.AbstractNioChannel$AbstractNioUnsafe.finishConnect(AbstractNioChannel.java:340)
	at org.apache.ratis.thirdparty.io.netty.channel.nio.NioEventLoop.processSelectedKey(NioEventLoop.java:632)
	at org.apache.ratis.thirdparty.io.netty.channel.nio.NioEventLoop.processSelectedKeysOptimized(NioEventLoop.java:579)
	at org.apache.ratis.thirdparty.io.netty.channel.nio.NioEventLoop.processSelectedKeys(NioEventLoop.java:496)
	at org.apache.ratis.thirdparty.io.netty.channel.nio.NioEventLoop.run(NioEventLoop.java:458)
	at org.apache.ratis.thirdparty.io.netty.util.concurrent.SingleThreadEventExecutor$5.run(SingleThreadEventExecutor.java:897)
	at org.apache.ratis.thirdparty.io.netty.util.concurrent.FastThreadLocalRunnable.run(FastThreadLocalRunnable.java:30)
	... 1 more
Caused by: java.net.ConnectException: Connection refused
	... 11 more
2019-10-20 18:19:05,259 [7a43c46a-fc88-4b2d-b2da-ae029cfa60ff@group-D40A05E2FCF9-LeaderElection468] INFO  impl.LeaderElection (LogUtils.java:infoOrTrace(149)) - 7a43c46a-fc88-4b2d-b2da-ae029cfa60ff@group-D40A05E2FCF9-LeaderElection468 got exception when requesting votes: {}
java.util.concurrent.ExecutionException: org.apache.ratis.thirdparty.io.grpc.StatusRuntimeException: UNAVAILABLE: io exception
	at java.util.concurrent.FutureTask.report(FutureTask.java:122)
	at java.util.concurrent.FutureTask.get(FutureTask.java:192)
	at org.apache.ratis.server.impl.LeaderElection.waitForResults(LeaderElection.java:259)
	at org.apache.ratis.server.impl.LeaderElection.askForVotes(LeaderElection.java:197)
	at org.apache.ratis.server.impl.LeaderElection.run(LeaderElection.java:133)
	at java.lang.Thread.run(Thread.java:748)
Caused by: org.apache.ratis.thirdparty.io.grpc.StatusRuntimeException: UNAVAILABLE: io exception
	at org.apache.ratis.thirdparty.io.grpc.stub.ClientCalls.toStatusRuntimeException(ClientCalls.java:233)
	at org.apache.ratis.thirdparty.io.grpc.stub.ClientCalls.getUnchecked(ClientCalls.java:214)
	at org.apache.ratis.thirdparty.io.grpc.stub.ClientCalls.blockingUnaryCall(ClientCalls.java:139)
	at org.apache.ratis.proto.grpc.RaftServerProtocolServiceGrpc$RaftServerProtocolServiceBlockingStub.requestVote(RaftServerProtocolServiceGrpc.java:265)
	at org.apache.ratis.grpc.server.GrpcServerProtocolClient.requestVote(GrpcServerProtocolClient.java:99)
	at org.apache.ratis.grpc.server.GrpcService.requestVote(GrpcService.java:204)
	at org.apache.ratis.server.impl.LeaderElection.lambda$submitRequests$1(LeaderElection.java:234)
	at java.util.concurrent.FutureTask.run(FutureTask.java:266)
	at java.util.concurrent.Executors$RunnableAdapter.call(Executors.java:511)
	at java.util.concurrent.FutureTask.run(FutureTask.java:266)
	at java.util.concurrent.ThreadPoolExecutor.runWorker(ThreadPoolExecutor.java:1149)
	at java.util.concurrent.ThreadPoolExecutor$Worker.run(ThreadPoolExecutor.java:624)
	... 1 more
Caused by: org.apache.ratis.thirdparty.io.netty.channel.AbstractChannel$AnnotatedConnectException: Connection refused: /192.168.164.241:45428
	at sun.nio.ch.SocketChannelImpl.checkConnect(Native Method)
	at sun.nio.ch.SocketChannelImpl.finishConnect(SocketChannelImpl.java:717)
	at org.apache.ratis.thirdparty.io.netty.channel.socket.nio.NioSocketChannel.doFinishConnect(NioSocketChannel.java:327)
	at org.apache.ratis.thirdparty.io.netty.channel.nio.AbstractNioChannel$AbstractNioUnsafe.finishConnect(AbstractNioChannel.java:340)
	at org.apache.ratis.thirdparty.io.netty.channel.nio.NioEventLoop.processSelectedKey(NioEventLoop.java:632)
	at org.apache.ratis.thirdparty.io.netty.channel.nio.NioEventLoop.processSelectedKeysOptimized(NioEventLoop.java:579)
	at org.apache.ratis.thirdparty.io.netty.channel.nio.NioEventLoop.processSelectedKeys(NioEventLoop.java:496)
	at org.apache.ratis.thirdparty.io.netty.channel.nio.NioEventLoop.run(NioEventLoop.java:458)
	at org.apache.ratis.thirdparty.io.netty.util.concurrent.SingleThreadEventExecutor$5.run(SingleThreadEventExecutor.java:897)
	at org.apache.ratis.thirdparty.io.netty.util.concurrent.FastThreadLocalRunnable.run(FastThreadLocalRunnable.java:30)
	... 1 more
Caused by: java.net.ConnectException: Connection refused
	... 11 more
2019-10-20 18:19:05,260 [7a43c46a-fc88-4b2d-b2da-ae029cfa60ff@group-D40A05E2FCF9-LeaderElection468] INFO  impl.LeaderElection (LeaderElection.java:logAndReturn(56)) - 7a43c46a-fc88-4b2d-b2da-ae029cfa60ff@group-D40A05E2FCF9-LeaderElection468: Election REJECTED; received 0 response(s) [] and 2 exception(s); 7a43c46a-fc88-4b2d-b2da-ae029cfa60ff@group-D40A05E2FCF9:t260, leader=null, voted=7a43c46a-fc88-4b2d-b2da-ae029cfa60ff, raftlog=7a43c46a-fc88-4b2d-b2da-ae029cfa60ff@group-D40A05E2FCF9-SegmentedRaftLog:OPENED:c0,f0,i0, conf=0: [399079f7-1eb1-4f37-b003-267572525934:192.168.164.241:37762, 7a43c46a-fc88-4b2d-b2da-ae029cfa60ff:192.168.164.241:43684, 6c5c38af-62e6-4ea7-a24a-078dcb28fb39:192.168.164.241:45428], old=null
2019-10-20 18:19:05,260 [7a43c46a-fc88-4b2d-b2da-ae029cfa60ff@group-D40A05E2FCF9-LeaderElection468] INFO  impl.LeaderElection (LogUtils.java:infoOrTrace(149)) -   Exception 0: {}
java.util.concurrent.ExecutionException: org.apache.ratis.thirdparty.io.grpc.StatusRuntimeException: UNAVAILABLE: io exception
	at java.util.concurrent.FutureTask.report(FutureTask.java:122)
	at java.util.concurrent.FutureTask.get(FutureTask.java:192)
	at org.apache.ratis.server.impl.LeaderElection.waitForResults(LeaderElection.java:259)
	at org.apache.ratis.server.impl.LeaderElection.askForVotes(LeaderElection.java:197)
	at org.apache.ratis.server.impl.LeaderElection.run(LeaderElection.java:133)
	at java.lang.Thread.run(Thread.java:748)
Caused by: org.apache.ratis.thirdparty.io.grpc.StatusRuntimeException: UNAVAILABLE: io exception
	at org.apache.ratis.thirdparty.io.grpc.stub.ClientCalls.toStatusRuntimeException(ClientCalls.java:233)
	at org.apache.ratis.thirdparty.io.grpc.stub.ClientCalls.getUnchecked(ClientCalls.java:214)
	at org.apache.ratis.thirdparty.io.grpc.stub.ClientCalls.blockingUnaryCall(ClientCalls.java:139)
	at org.apache.ratis.proto.grpc.RaftServerProtocolServiceGrpc$RaftServerProtocolServiceBlockingStub.requestVote(RaftServerProtocolServiceGrpc.java:265)
	at org.apache.ratis.grpc.server.GrpcServerProtocolClient.requestVote(GrpcServerProtocolClient.java:99)
	at org.apache.ratis.grpc.server.GrpcService.requestVote(GrpcService.java:204)
	at org.apache.ratis.server.impl.LeaderElection.lambda$submitRequests$1(LeaderElection.java:234)
	at java.util.concurrent.FutureTask.run(FutureTask.java:266)
	at java.util.concurrent.Executors$RunnableAdapter.call(Executors.java:511)
	at java.util.concurrent.FutureTask.run(FutureTask.java:266)
	at java.util.concurrent.ThreadPoolExecutor.runWorker(ThreadPoolExecutor.java:1149)
	at java.util.concurrent.ThreadPoolExecutor$Worker.run(ThreadPoolExecutor.java:624)
	... 1 more
Caused by: org.apache.ratis.thirdparty.io.netty.channel.AbstractChannel$AnnotatedConnectException: Connection refused: /192.168.164.241:37762
	at sun.nio.ch.SocketChannelImpl.checkConnect(Native Method)
	at sun.nio.ch.SocketChannelImpl.finishConnect(SocketChannelImpl.java:717)
	at org.apache.ratis.thirdparty.io.netty.channel.socket.nio.NioSocketChannel.doFinishConnect(NioSocketChannel.java:327)
	at org.apache.ratis.thirdparty.io.netty.channel.nio.AbstractNioChannel$AbstractNioUnsafe.finishConnect(AbstractNioChannel.java:340)
	at org.apache.ratis.thirdparty.io.netty.channel.nio.NioEventLoop.processSelectedKey(NioEventLoop.java:632)
	at org.apache.ratis.thirdparty.io.netty.channel.nio.NioEventLoop.processSelectedKeysOptimized(NioEventLoop.java:579)
	at org.apache.ratis.thirdparty.io.netty.channel.nio.NioEventLoop.processSelectedKeys(NioEventLoop.java:496)
	at org.apache.ratis.thirdparty.io.netty.channel.nio.NioEventLoop.run(NioEventLoop.java:458)
	at org.apache.ratis.thirdparty.io.netty.util.concurrent.SingleThreadEventExecutor$5.run(SingleThreadEventExecutor.java:897)
	at org.apache.ratis.thirdparty.io.netty.util.concurrent.FastThreadLocalRunnable.run(FastThreadLocalRunnable.java:30)
	... 1 more
Caused by: java.net.ConnectException: Connection refused
	... 11 more
2019-10-20 18:19:05,260 [7a43c46a-fc88-4b2d-b2da-ae029cfa60ff@group-D40A05E2FCF9-LeaderElection468] INFO  impl.LeaderElection (LogUtils.java:infoOrTrace(149)) -   Exception 1: {}
java.util.concurrent.ExecutionException: org.apache.ratis.thirdparty.io.grpc.StatusRuntimeException: UNAVAILABLE: io exception
	at java.util.concurrent.FutureTask.report(FutureTask.java:122)
	at java.util.concurrent.FutureTask.get(FutureTask.java:192)
	at org.apache.ratis.server.impl.LeaderElection.waitForResults(LeaderElection.java:259)
	at org.apache.ratis.server.impl.LeaderElection.askForVotes(LeaderElection.java:197)
	at org.apache.ratis.server.impl.LeaderElection.run(LeaderElection.java:133)
	at java.lang.Thread.run(Thread.java:748)
Caused by: org.apache.ratis.thirdparty.io.grpc.StatusRuntimeException: UNAVAILABLE: io exception
	at org.apache.ratis.thirdparty.io.grpc.stub.ClientCalls.toStatusRuntimeException(ClientCalls.java:233)
	at org.apache.ratis.thirdparty.io.grpc.stub.ClientCalls.getUnchecked(ClientCalls.java:214)
	at org.apache.ratis.thirdparty.io.grpc.stub.ClientCalls.blockingUnaryCall(ClientCalls.java:139)
	at org.apache.ratis.proto.grpc.RaftServerProtocolServiceGrpc$RaftServerProtocolServiceBlockingStub.requestVote(RaftServerProtocolServiceGrpc.java:265)
	at org.apache.ratis.grpc.server.GrpcServerProtocolClient.requestVote(GrpcServerProtocolClient.java:99)
	at org.apache.ratis.grpc.server.GrpcService.requestVote(GrpcService.java:204)
	at org.apache.ratis.server.impl.LeaderElection.lambda$submitRequests$1(LeaderElection.java:234)
	at java.util.concurrent.FutureTask.run(FutureTask.java:266)
	at java.util.concurrent.Executors$RunnableAdapter.call(Executors.java:511)
	at java.util.concurrent.FutureTask.run(FutureTask.java:266)
	at java.util.concurrent.ThreadPoolExecutor.runWorker(ThreadPoolExecutor.java:1149)
	at java.util.concurrent.ThreadPoolExecutor$Worker.run(ThreadPoolExecutor.java:624)
	... 1 more
Caused by: org.apache.ratis.thirdparty.io.netty.channel.AbstractChannel$AnnotatedConnectException: Connection refused: /192.168.164.241:45428
	at sun.nio.ch.SocketChannelImpl.checkConnect(Native Method)
	at sun.nio.ch.SocketChannelImpl.finishConnect(SocketChannelImpl.java:717)
	at org.apache.ratis.thirdparty.io.netty.channel.socket.nio.NioSocketChannel.doFinishConnect(NioSocketChannel.java:327)
	at org.apache.ratis.thirdparty.io.netty.channel.nio.AbstractNioChannel$AbstractNioUnsafe.finishConnect(AbstractNioChannel.java:340)
	at org.apache.ratis.thirdparty.io.netty.channel.nio.NioEventLoop.processSelectedKey(NioEventLoop.java:632)
	at org.apache.ratis.thirdparty.io.netty.channel.nio.NioEventLoop.processSelectedKeysOptimized(NioEventLoop.java:579)
	at org.apache.ratis.thirdparty.io.netty.channel.nio.NioEventLoop.processSelectedKeys(NioEventLoop.java:496)
	at org.apache.ratis.thirdparty.io.netty.channel.nio.NioEventLoop.run(NioEventLoop.java:458)
	at org.apache.ratis.thirdparty.io.netty.util.concurrent.SingleThreadEventExecutor$5.run(SingleThreadEventExecutor.java:897)
	at org.apache.ratis.thirdparty.io.netty.util.concurrent.FastThreadLocalRunnable.run(FastThreadLocalRunnable.java:30)
	... 1 more
Caused by: java.net.ConnectException: Connection refused
	... 11 more
2019-10-20 18:19:05,261 [7a43c46a-fc88-4b2d-b2da-ae029cfa60ff@group-D40A05E2FCF9-LeaderElection468] INFO  impl.RaftServerImpl (RaftServerImpl.java:setRole(184)) - 7a43c46a-fc88-4b2d-b2da-ae029cfa60ff@group-D40A05E2FCF9: changes role from CANDIDATE to FOLLOWER at term 260 for DISCOVERED_A_NEW_TERM
2019-10-20 18:19:05,261 [7a43c46a-fc88-4b2d-b2da-ae029cfa60ff@group-D40A05E2FCF9-LeaderElection468] INFO  impl.RoleInfo (RoleInfo.java:shutdownLeaderElection(134)) - 7a43c46a-fc88-4b2d-b2da-ae029cfa60ff: shutdown LeaderElection
2019-10-20 18:19:05,261 [7a43c46a-fc88-4b2d-b2da-ae029cfa60ff@group-D40A05E2FCF9-LeaderElection468] INFO  impl.RoleInfo (RoleInfo.java:updateAndGet(143)) - 7a43c46a-fc88-4b2d-b2da-ae029cfa60ff: start FollowerState
2019-10-20 18:19:05,283 [b75f8b2e-6273-4c97-b7c5-042674931d23@group-F11756C8BA4A-LeaderElection469] INFO  impl.LeaderElection (LeaderElection.java:askForVotes(178)) - b75f8b2e-6273-4c97-b7c5-042674931d23@group-F11756C8BA4A-LeaderElection469: begin an election at term 275 for -1: [6ef27e9c-8ddb-4fa1-8c14-ab102acfb1b8:192.168.164.241:38092, b75f8b2e-6273-4c97-b7c5-042674931d23:192.168.164.241:41857, 3750b3a2-715b-46b3-9d0c-9e38136244b9:192.168.164.241:46227], old=null
2019-10-20 18:19:05,285 [b75f8b2e-6273-4c97-b7c5-042674931d23@group-F11756C8BA4A-LeaderElection469] INFO  impl.LeaderElection (LogUtils.java:infoOrTrace(149)) - b75f8b2e-6273-4c97-b7c5-042674931d23@group-F11756C8BA4A-LeaderElection469 got exception when requesting votes: {}
java.util.concurrent.ExecutionException: org.apache.ratis.thirdparty.io.grpc.StatusRuntimeException: UNAVAILABLE: io exception
	at java.util.concurrent.FutureTask.report(FutureTask.java:122)
	at java.util.concurrent.FutureTask.get(FutureTask.java:192)
	at org.apache.ratis.server.impl.LeaderElection.waitForResults(LeaderElection.java:259)
	at org.apache.ratis.server.impl.LeaderElection.askForVotes(LeaderElection.java:197)
	at org.apache.ratis.server.impl.LeaderElection.run(LeaderElection.java:133)
	at java.lang.Thread.run(Thread.java:748)
Caused by: org.apache.ratis.thirdparty.io.grpc.StatusRuntimeException: UNAVAILABLE: io exception
	at org.apache.ratis.thirdparty.io.grpc.stub.ClientCalls.toStatusRuntimeException(ClientCalls.java:233)
	at org.apache.ratis.thirdparty.io.grpc.stub.ClientCalls.getUnchecked(ClientCalls.java:214)
	at org.apache.ratis.thirdparty.io.grpc.stub.ClientCalls.blockingUnaryCall(ClientCalls.java:139)
	at org.apache.ratis.proto.grpc.RaftServerProtocolServiceGrpc$RaftServerProtocolServiceBlockingStub.requestVote(RaftServerProtocolServiceGrpc.java:265)
	at org.apache.ratis.grpc.server.GrpcServerProtocolClient.requestVote(GrpcServerProtocolClient.java:99)
	at org.apache.ratis.grpc.server.GrpcService.requestVote(GrpcService.java:204)
	at org.apache.ratis.server.impl.LeaderElection.lambda$submitRequests$1(LeaderElection.java:234)
	at java.util.concurrent.FutureTask.run(FutureTask.java:266)
	at java.util.concurrent.Executors$RunnableAdapter.call(Executors.java:511)
	at java.util.concurrent.FutureTask.run(FutureTask.java:266)
	at java.util.concurrent.ThreadPoolExecutor.runWorker(ThreadPoolExecutor.java:1149)
	at java.util.concurrent.ThreadPoolExecutor$Worker.run(ThreadPoolExecutor.java:624)
	... 1 more
Caused by: org.apache.ratis.thirdparty.io.netty.channel.AbstractChannel$AnnotatedConnectException: Connection refused: /192.168.164.241:46227
	at sun.nio.ch.SocketChannelImpl.checkConnect(Native Method)
	at sun.nio.ch.SocketChannelImpl.finishConnect(SocketChannelImpl.java:717)
	at org.apache.ratis.thirdparty.io.netty.channel.socket.nio.NioSocketChannel.doFinishConnect(NioSocketChannel.java:327)
	at org.apache.ratis.thirdparty.io.netty.channel.nio.AbstractNioChannel$AbstractNioUnsafe.finishConnect(AbstractNioChannel.java:340)
	at org.apache.ratis.thirdparty.io.netty.channel.nio.NioEventLoop.processSelectedKey(NioEventLoop.java:632)
	at org.apache.ratis.thirdparty.io.netty.channel.nio.NioEventLoop.processSelectedKeysOptimized(NioEventLoop.java:579)
	at org.apache.ratis.thirdparty.io.netty.channel.nio.NioEventLoop.processSelectedKeys(NioEventLoop.java:496)
	at org.apache.ratis.thirdparty.io.netty.channel.nio.NioEventLoop.run(NioEventLoop.java:458)
	at org.apache.ratis.thirdparty.io.netty.util.concurrent.SingleThreadEventExecutor$5.run(SingleThreadEventExecutor.java:897)
	at org.apache.ratis.thirdparty.io.netty.util.concurrent.FastThreadLocalRunnable.run(FastThreadLocalRunnable.java:30)
	... 1 more
Caused by: java.net.ConnectException: Connection refused
	... 11 more
2019-10-20 18:19:05,285 [grpc-default-executor-4] INFO  impl.RaftServerImpl (RaftServerImpl.java:setRole(184)) - 6ef27e9c-8ddb-4fa1-8c14-ab102acfb1b8@group-F11756C8BA4A: changes role from  FOLLOWER to FOLLOWER at term 275 for recognizeCandidate:b75f8b2e-6273-4c97-b7c5-042674931d23
2019-10-20 18:19:05,286 [grpc-default-executor-4] INFO  impl.RoleInfo (RoleInfo.java:shutdownFollowerState(121)) - 6ef27e9c-8ddb-4fa1-8c14-ab102acfb1b8: shutdown FollowerState
2019-10-20 18:19:05,286 [grpc-default-executor-4] INFO  impl.RoleInfo (RoleInfo.java:updateAndGet(143)) - 6ef27e9c-8ddb-4fa1-8c14-ab102acfb1b8: start FollowerState
2019-10-20 18:19:05,286 [Thread-3552] INFO  impl.FollowerState (FollowerState.java:run(117)) - 6ef27e9c-8ddb-4fa1-8c14-ab102acfb1b8@group-F11756C8BA4A-FollowerState was interrupted: java.lang.InterruptedException: sleep interrupted
2019-10-20 18:19:05,318 [b75f8b2e-6273-4c97-b7c5-042674931d23@group-F11756C8BA4A-LeaderElection469] INFO  impl.LeaderElection (LeaderElection.java:logAndReturn(56)) - b75f8b2e-6273-4c97-b7c5-042674931d23@group-F11756C8BA4A-LeaderElection469: Election REJECTED; received 1 response(s) [b75f8b2e-6273-4c97-b7c5-042674931d23<-6ef27e9c-8ddb-4fa1-8c14-ab102acfb1b8#0:FAIL-t275] and 1 exception(s); b75f8b2e-6273-4c97-b7c5-042674931d23@group-F11756C8BA4A:t275, leader=null, voted=b75f8b2e-6273-4c97-b7c5-042674931d23, raftlog=b75f8b2e-6273-4c97-b7c5-042674931d23@group-F11756C8BA4A-SegmentedRaftLog:OPENED:c-1,f-1,i0, conf=-1: [6ef27e9c-8ddb-4fa1-8c14-ab102acfb1b8:192.168.164.241:38092, b75f8b2e-6273-4c97-b7c5-042674931d23:192.168.164.241:41857, 3750b3a2-715b-46b3-9d0c-9e38136244b9:192.168.164.241:46227], old=null
2019-10-20 18:19:05,318 [b75f8b2e-6273-4c97-b7c5-042674931d23@group-F11756C8BA4A-LeaderElection469] INFO  impl.LeaderElection (LogUtils.java:infoOrTrace(149)) -   Exception 0: {}
java.util.concurrent.ExecutionException: org.apache.ratis.thirdparty.io.grpc.StatusRuntimeException: UNAVAILABLE: io exception
	at java.util.concurrent.FutureTask.report(FutureTask.java:122)
	at java.util.concurrent.FutureTask.get(FutureTask.java:192)
	at org.apache.ratis.server.impl.LeaderElection.waitForResults(LeaderElection.java:259)
	at org.apache.ratis.server.impl.LeaderElection.askForVotes(LeaderElection.java:197)
	at org.apache.ratis.server.impl.LeaderElection.run(LeaderElection.java:133)
	at java.lang.Thread.run(Thread.java:748)
Caused by: org.apache.ratis.thirdparty.io.grpc.StatusRuntimeException: UNAVAILABLE: io exception
	at org.apache.ratis.thirdparty.io.grpc.stub.ClientCalls.toStatusRuntimeException(ClientCalls.java:233)
	at org.apache.ratis.thirdparty.io.grpc.stub.ClientCalls.getUnchecked(ClientCalls.java:214)
	at org.apache.ratis.thirdparty.io.grpc.stub.ClientCalls.blockingUnaryCall(ClientCalls.java:139)
	at org.apache.ratis.proto.grpc.RaftServerProtocolServiceGrpc$RaftServerProtocolServiceBlockingStub.requestVote(RaftServerProtocolServiceGrpc.java:265)
	at org.apache.ratis.grpc.server.GrpcServerProtocolClient.requestVote(GrpcServerProtocolClient.java:99)
	at org.apache.ratis.grpc.server.GrpcService.requestVote(GrpcService.java:204)
	at org.apache.ratis.server.impl.LeaderElection.lambda$submitRequests$1(LeaderElection.java:234)
	at java.util.concurrent.FutureTask.run(FutureTask.java:266)
	at java.util.concurrent.Executors$RunnableAdapter.call(Executors.java:511)
	at java.util.concurrent.FutureTask.run(FutureTask.java:266)
	at java.util.concurrent.ThreadPoolExecutor.runWorker(ThreadPoolExecutor.java:1149)
	at java.util.concurrent.ThreadPoolExecutor$Worker.run(ThreadPoolExecutor.java:624)
	... 1 more
Caused by: org.apache.ratis.thirdparty.io.netty.channel.AbstractChannel$AnnotatedConnectException: Connection refused: /192.168.164.241:46227
	at sun.nio.ch.SocketChannelImpl.checkConnect(Native Method)
	at sun.nio.ch.SocketChannelImpl.finishConnect(SocketChannelImpl.java:717)
	at org.apache.ratis.thirdparty.io.netty.channel.socket.nio.NioSocketChannel.doFinishConnect(NioSocketChannel.java:327)
	at org.apache.ratis.thirdparty.io.netty.channel.nio.AbstractNioChannel$AbstractNioUnsafe.finishConnect(AbstractNioChannel.java:340)
	at org.apache.ratis.thirdparty.io.netty.channel.nio.NioEventLoop.processSelectedKey(NioEventLoop.java:632)
	at org.apache.ratis.thirdparty.io.netty.channel.nio.NioEventLoop.processSelectedKeysOptimized(NioEventLoop.java:579)
	at org.apache.ratis.thirdparty.io.netty.channel.nio.NioEventLoop.processSelectedKeys(NioEventLoop.java:496)
	at org.apache.ratis.thirdparty.io.netty.channel.nio.NioEventLoop.run(NioEventLoop.java:458)
	at org.apache.ratis.thirdparty.io.netty.util.concurrent.SingleThreadEventExecutor$5.run(SingleThreadEventExecutor.java:897)
	at org.apache.ratis.thirdparty.io.netty.util.concurrent.FastThreadLocalRunnable.run(FastThreadLocalRunnable.java:30)
	... 1 more
Caused by: java.net.ConnectException: Connection refused
	... 11 more
2019-10-20 18:19:05,319 [b75f8b2e-6273-4c97-b7c5-042674931d23@group-F11756C8BA4A-LeaderElection469] INFO  impl.RaftServerImpl (RaftServerImpl.java:setRole(184)) - b75f8b2e-6273-4c97-b7c5-042674931d23@group-F11756C8BA4A: changes role from CANDIDATE to FOLLOWER at term 275 for DISCOVERED_A_NEW_TERM
2019-10-20 18:19:05,319 [b75f8b2e-6273-4c97-b7c5-042674931d23@group-F11756C8BA4A-LeaderElection469] INFO  impl.RoleInfo (RoleInfo.java:shutdownLeaderElection(134)) - b75f8b2e-6273-4c97-b7c5-042674931d23: shutdown LeaderElection
2019-10-20 18:19:05,319 [b75f8b2e-6273-4c97-b7c5-042674931d23@group-F11756C8BA4A-LeaderElection469] INFO  impl.RoleInfo (RoleInfo.java:updateAndGet(143)) - b75f8b2e-6273-4c97-b7c5-042674931d23: start FollowerState
2019-10-20 18:19:05,437 [Thread-3562] INFO  impl.FollowerState (FollowerState.java:run(108)) - b75f8b2e-6273-4c97-b7c5-042674931d23@group-F11756C8BA4A-FollowerState: change to CANDIDATE, lastRpcTime:118ms, electionTimeout:118ms
2019-10-20 18:19:05,437 [Thread-3562] INFO  impl.RoleInfo (RoleInfo.java:shutdownFollowerState(121)) - b75f8b2e-6273-4c97-b7c5-042674931d23: shutdown FollowerState
2019-10-20 18:19:05,437 [Thread-3562] INFO  impl.RaftServerImpl (RaftServerImpl.java:setRole(184)) - b75f8b2e-6273-4c97-b7c5-042674931d23@group-F11756C8BA4A: changes role from  FOLLOWER to CANDIDATE at term 275 for changeToCandidate
2019-10-20 18:19:05,438 [Thread-3562] INFO  impl.RoleInfo (RoleInfo.java:updateAndGet(143)) - b75f8b2e-6273-4c97-b7c5-042674931d23: start LeaderElection
2019-10-20 18:19:05,474 [b75f8b2e-6273-4c97-b7c5-042674931d23@group-F11756C8BA4A-LeaderElection470] INFO  impl.LeaderElection (LeaderElection.java:askForVotes(178)) - b75f8b2e-6273-4c97-b7c5-042674931d23@group-F11756C8BA4A-LeaderElection470: begin an election at term 276 for -1: [6ef27e9c-8ddb-4fa1-8c14-ab102acfb1b8:192.168.164.241:38092, b75f8b2e-6273-4c97-b7c5-042674931d23:192.168.164.241:41857, 3750b3a2-715b-46b3-9d0c-9e38136244b9:192.168.164.241:46227], old=null
2019-10-20 18:19:05,475 [b75f8b2e-6273-4c97-b7c5-042674931d23@group-F11756C8BA4A-LeaderElection470] INFO  impl.LeaderElection (LogUtils.java:infoOrTrace(149)) - b75f8b2e-6273-4c97-b7c5-042674931d23@group-F11756C8BA4A-LeaderElection470 got exception when requesting votes: {}
java.util.concurrent.ExecutionException: org.apache.ratis.thirdparty.io.grpc.StatusRuntimeException: UNAVAILABLE: io exception
	at java.util.concurrent.FutureTask.report(FutureTask.java:122)
	at java.util.concurrent.FutureTask.get(FutureTask.java:192)
	at org.apache.ratis.server.impl.LeaderElection.waitForResults(LeaderElection.java:259)
	at org.apache.ratis.server.impl.LeaderElection.askForVotes(LeaderElection.java:197)
	at org.apache.ratis.server.impl.LeaderElection.run(LeaderElection.java:133)
	at java.lang.Thread.run(Thread.java:748)
Caused by: org.apache.ratis.thirdparty.io.grpc.StatusRuntimeException: UNAVAILABLE: io exception
	at org.apache.ratis.thirdparty.io.grpc.stub.ClientCalls.toStatusRuntimeException(ClientCalls.java:233)
	at org.apache.ratis.thirdparty.io.grpc.stub.ClientCalls.getUnchecked(ClientCalls.java:214)
	at org.apache.ratis.thirdparty.io.grpc.stub.ClientCalls.blockingUnaryCall(ClientCalls.java:139)
	at org.apache.ratis.proto.grpc.RaftServerProtocolServiceGrpc$RaftServerProtocolServiceBlockingStub.requestVote(RaftServerProtocolServiceGrpc.java:265)
	at org.apache.ratis.grpc.server.GrpcServerProtocolClient.requestVote(GrpcServerProtocolClient.java:99)
	at org.apache.ratis.grpc.server.GrpcService.requestVote(GrpcService.java:204)
	at org.apache.ratis.server.impl.LeaderElection.lambda$submitRequests$1(LeaderElection.java:234)
	at java.util.concurrent.FutureTask.run(FutureTask.java:266)
	at java.util.concurrent.Executors$RunnableAdapter.call(Executors.java:511)
	at java.util.concurrent.FutureTask.run(FutureTask.java:266)
	at java.util.concurrent.ThreadPoolExecutor.runWorker(ThreadPoolExecutor.java:1149)
	at java.util.concurrent.ThreadPoolExecutor$Worker.run(ThreadPoolExecutor.java:624)
	... 1 more
Caused by: org.apache.ratis.thirdparty.io.netty.channel.AbstractChannel$AnnotatedConnectException: Connection refused: /192.168.164.241:46227
	at sun.nio.ch.SocketChannelImpl.checkConnect(Native Method)
	at sun.nio.ch.SocketChannelImpl.finishConnect(SocketChannelImpl.java:717)
	at org.apache.ratis.thirdparty.io.netty.channel.socket.nio.NioSocketChannel.doFinishConnect(NioSocketChannel.java:327)
	at org.apache.ratis.thirdparty.io.netty.channel.nio.AbstractNioChannel$AbstractNioUnsafe.finishConnect(AbstractNioChannel.java:340)
	at org.apache.ratis.thirdparty.io.netty.channel.nio.NioEventLoop.processSelectedKey(NioEventLoop.java:632)
	at org.apache.ratis.thirdparty.io.netty.channel.nio.NioEventLoop.processSelectedKeysOptimized(NioEventLoop.java:579)
	at org.apache.ratis.thirdparty.io.netty.channel.nio.NioEventLoop.processSelectedKeys(NioEventLoop.java:496)
	at org.apache.ratis.thirdparty.io.netty.channel.nio.NioEventLoop.run(NioEventLoop.java:458)
	at org.apache.ratis.thirdparty.io.netty.util.concurrent.SingleThreadEventExecutor$5.run(SingleThreadEventExecutor.java:897)
	at org.apache.ratis.thirdparty.io.netty.util.concurrent.FastThreadLocalRunnable.run(FastThreadLocalRunnable.java:30)
	... 1 more
Caused by: java.net.ConnectException: Connection refused
	... 11 more
2019-10-20 18:19:05,476 [grpc-default-executor-4] INFO  impl.RaftServerImpl (RaftServerImpl.java:setRole(184)) - 6ef27e9c-8ddb-4fa1-8c14-ab102acfb1b8@group-F11756C8BA4A: changes role from  FOLLOWER to FOLLOWER at term 276 for recognizeCandidate:b75f8b2e-6273-4c97-b7c5-042674931d23
2019-10-20 18:19:05,476 [grpc-default-executor-4] INFO  impl.RoleInfo (RoleInfo.java:shutdownFollowerState(121)) - 6ef27e9c-8ddb-4fa1-8c14-ab102acfb1b8: shutdown FollowerState
2019-10-20 18:19:05,476 [grpc-default-executor-4] INFO  impl.RoleInfo (RoleInfo.java:updateAndGet(143)) - 6ef27e9c-8ddb-4fa1-8c14-ab102acfb1b8: start FollowerState
2019-10-20 18:19:05,476 [Thread-3561] INFO  impl.FollowerState (FollowerState.java:run(117)) - 6ef27e9c-8ddb-4fa1-8c14-ab102acfb1b8@group-F11756C8BA4A-FollowerState was interrupted: java.lang.InterruptedException: sleep interrupted
2019-10-20 18:19:05,493 [b75f8b2e-6273-4c97-b7c5-042674931d23@group-F11756C8BA4A-LeaderElection470] INFO  impl.LeaderElection (LeaderElection.java:logAndReturn(56)) - b75f8b2e-6273-4c97-b7c5-042674931d23@group-F11756C8BA4A-LeaderElection470: Election REJECTED; received 1 response(s) [b75f8b2e-6273-4c97-b7c5-042674931d23<-6ef27e9c-8ddb-4fa1-8c14-ab102acfb1b8#0:FAIL-t276] and 1 exception(s); b75f8b2e-6273-4c97-b7c5-042674931d23@group-F11756C8BA4A:t276, leader=null, voted=b75f8b2e-6273-4c97-b7c5-042674931d23, raftlog=b75f8b2e-6273-4c97-b7c5-042674931d23@group-F11756C8BA4A-SegmentedRaftLog:OPENED:c-1,f-1,i0, conf=-1: [6ef27e9c-8ddb-4fa1-8c14-ab102acfb1b8:192.168.164.241:38092, b75f8b2e-6273-4c97-b7c5-042674931d23:192.168.164.241:41857, 3750b3a2-715b-46b3-9d0c-9e38136244b9:192.168.164.241:46227], old=null
2019-10-20 18:19:05,493 [b75f8b2e-6273-4c97-b7c5-042674931d23@group-F11756C8BA4A-LeaderElection470] INFO  impl.LeaderElection (LogUtils.java:infoOrTrace(149)) -   Exception 0: {}
java.util.concurrent.ExecutionException: org.apache.ratis.thirdparty.io.grpc.StatusRuntimeException: UNAVAILABLE: io exception
	at java.util.concurrent.FutureTask.report(FutureTask.java:122)
	at java.util.concurrent.FutureTask.get(FutureTask.java:192)
	at org.apache.ratis.server.impl.LeaderElection.waitForResults(LeaderElection.java:259)
	at org.apache.ratis.server.impl.LeaderElection.askForVotes(LeaderElection.java:197)
	at org.apache.ratis.server.impl.LeaderElection.run(LeaderElection.java:133)
	at java.lang.Thread.run(Thread.java:748)
Caused by: org.apache.ratis.thirdparty.io.grpc.StatusRuntimeException: UNAVAILABLE: io exception
	at org.apache.ratis.thirdparty.io.grpc.stub.ClientCalls.toStatusRuntimeException(ClientCalls.java:233)
	at org.apache.ratis.thirdparty.io.grpc.stub.ClientCalls.getUnchecked(ClientCalls.java:214)
	at org.apache.ratis.thirdparty.io.grpc.stub.ClientCalls.blockingUnaryCall(ClientCalls.java:139)
	at org.apache.ratis.proto.grpc.RaftServerProtocolServiceGrpc$RaftServerProtocolServiceBlockingStub.requestVote(RaftServerProtocolServiceGrpc.java:265)
	at org.apache.ratis.grpc.server.GrpcServerProtocolClient.requestVote(GrpcServerProtocolClient.java:99)
	at org.apache.ratis.grpc.server.GrpcService.requestVote(GrpcService.java:204)
	at org.apache.ratis.server.impl.LeaderElection.lambda$submitRequests$1(LeaderElection.java:234)
	at java.util.concurrent.FutureTask.run(FutureTask.java:266)
	at java.util.concurrent.Executors$RunnableAdapter.call(Executors.java:511)
	at java.util.concurrent.FutureTask.run(FutureTask.java:266)
	at java.util.concurrent.ThreadPoolExecutor.runWorker(ThreadPoolExecutor.java:1149)
	at java.util.concurrent.ThreadPoolExecutor$Worker.run(ThreadPoolExecutor.java:624)
	... 1 more
Caused by: org.apache.ratis.thirdparty.io.netty.channel.AbstractChannel$AnnotatedConnectException: Connection refused: /192.168.164.241:46227
	at sun.nio.ch.SocketChannelImpl.checkConnect(Native Method)
	at sun.nio.ch.SocketChannelImpl.finishConnect(SocketChannelImpl.java:717)
	at org.apache.ratis.thirdparty.io.netty.channel.socket.nio.NioSocketChannel.doFinishConnect(NioSocketChannel.java:327)
	at org.apache.ratis.thirdparty.io.netty.channel.nio.AbstractNioChannel$AbstractNioUnsafe.finishConnect(AbstractNioChannel.java:340)
	at org.apache.ratis.thirdparty.io.netty.channel.nio.NioEventLoop.processSelectedKey(NioEventLoop.java:632)
	at org.apache.ratis.thirdparty.io.netty.channel.nio.NioEventLoop.processSelectedKeysOptimized(NioEventLoop.java:579)
	at org.apache.ratis.thirdparty.io.netty.channel.nio.NioEventLoop.processSelectedKeys(NioEventLoop.java:496)
	at org.apache.ratis.thirdparty.io.netty.channel.nio.NioEventLoop.run(NioEventLoop.java:458)
	at org.apache.ratis.thirdparty.io.netty.util.concurrent.SingleThreadEventExecutor$5.run(SingleThreadEventExecutor.java:897)
	at org.apache.ratis.thirdparty.io.netty.util.concurrent.FastThreadLocalRunnable.run(FastThreadLocalRunnable.java:30)
	... 1 more
Caused by: java.net.ConnectException: Connection refused
	... 11 more
2019-10-20 18:19:05,494 [b75f8b2e-6273-4c97-b7c5-042674931d23@group-F11756C8BA4A-LeaderElection470] INFO  impl.RaftServerImpl (RaftServerImpl.java:setRole(184)) - b75f8b2e-6273-4c97-b7c5-042674931d23@group-F11756C8BA4A: changes role from CANDIDATE to FOLLOWER at term 276 for DISCOVERED_A_NEW_TERM
2019-10-20 18:19:05,494 [b75f8b2e-6273-4c97-b7c5-042674931d23@group-F11756C8BA4A-LeaderElection470] INFO  impl.RoleInfo (RoleInfo.java:shutdownLeaderElection(134)) - b75f8b2e-6273-4c97-b7c5-042674931d23: shutdown LeaderElection
2019-10-20 18:19:05,494 [b75f8b2e-6273-4c97-b7c5-042674931d23@group-F11756C8BA4A-LeaderElection470] INFO  impl.RoleInfo (RoleInfo.java:updateAndGet(143)) - b75f8b2e-6273-4c97-b7c5-042674931d23: start FollowerState
2019-10-20 18:19:05,621 [Thread-3567] INFO  impl.FollowerState (FollowerState.java:run(108)) - b75f8b2e-6273-4c97-b7c5-042674931d23@group-F11756C8BA4A-FollowerState: change to CANDIDATE, lastRpcTime:127ms, electionTimeout:127ms
2019-10-20 18:19:05,621 [Thread-3567] INFO  impl.RoleInfo (RoleInfo.java:shutdownFollowerState(121)) - b75f8b2e-6273-4c97-b7c5-042674931d23: shutdown FollowerState
2019-10-20 18:19:05,622 [Thread-3567] INFO  impl.RaftServerImpl (RaftServerImpl.java:setRole(184)) - b75f8b2e-6273-4c97-b7c5-042674931d23@group-F11756C8BA4A: changes role from  FOLLOWER to CANDIDATE at term 276 for changeToCandidate
2019-10-20 18:19:05,622 [Thread-3567] INFO  impl.RoleInfo (RoleInfo.java:updateAndGet(143)) - b75f8b2e-6273-4c97-b7c5-042674931d23: start LeaderElection
2019-10-20 18:19:05,648 [b75f8b2e-6273-4c97-b7c5-042674931d23@group-F11756C8BA4A-LeaderElection471] INFO  impl.LeaderElection (LeaderElection.java:askForVotes(178)) - b75f8b2e-6273-4c97-b7c5-042674931d23@group-F11756C8BA4A-LeaderElection471: begin an election at term 277 for -1: [6ef27e9c-8ddb-4fa1-8c14-ab102acfb1b8:192.168.164.241:38092, b75f8b2e-6273-4c97-b7c5-042674931d23:192.168.164.241:41857, 3750b3a2-715b-46b3-9d0c-9e38136244b9:192.168.164.241:46227], old=null
2019-10-20 18:19:05,649 [b75f8b2e-6273-4c97-b7c5-042674931d23@group-F11756C8BA4A-LeaderElection471] INFO  impl.LeaderElection (LogUtils.java:infoOrTrace(149)) - b75f8b2e-6273-4c97-b7c5-042674931d23@group-F11756C8BA4A-LeaderElection471 got exception when requesting votes: {}
java.util.concurrent.ExecutionException: org.apache.ratis.thirdparty.io.grpc.StatusRuntimeException: UNAVAILABLE: io exception
	at java.util.concurrent.FutureTask.report(FutureTask.java:122)
	at java.util.concurrent.FutureTask.get(FutureTask.java:192)
	at org.apache.ratis.server.impl.LeaderElection.waitForResults(LeaderElection.java:259)
	at org.apache.ratis.server.impl.LeaderElection.askForVotes(LeaderElection.java:197)
	at org.apache.ratis.server.impl.LeaderElection.run(LeaderElection.java:133)
	at java.lang.Thread.run(Thread.java:748)
Caused by: org.apache.ratis.thirdparty.io.grpc.StatusRuntimeException: UNAVAILABLE: io exception
	at org.apache.ratis.thirdparty.io.grpc.stub.ClientCalls.toStatusRuntimeException(ClientCalls.java:233)
	at org.apache.ratis.thirdparty.io.grpc.stub.ClientCalls.getUnchecked(ClientCalls.java:214)
	at org.apache.ratis.thirdparty.io.grpc.stub.ClientCalls.blockingUnaryCall(ClientCalls.java:139)
	at org.apache.ratis.proto.grpc.RaftServerProtocolServiceGrpc$RaftServerProtocolServiceBlockingStub.requestVote(RaftServerProtocolServiceGrpc.java:265)
	at org.apache.ratis.grpc.server.GrpcServerProtocolClient.requestVote(GrpcServerProtocolClient.java:99)
	at org.apache.ratis.grpc.server.GrpcService.requestVote(GrpcService.java:204)
	at org.apache.ratis.server.impl.LeaderElection.lambda$submitRequests$1(LeaderElection.java:234)
	at java.util.concurrent.FutureTask.run(FutureTask.java:266)
	at java.util.concurrent.Executors$RunnableAdapter.call(Executors.java:511)
	at java.util.concurrent.FutureTask.run(FutureTask.java:266)
	at java.util.concurrent.ThreadPoolExecutor.runWorker(ThreadPoolExecutor.java:1149)
	at java.util.concurrent.ThreadPoolExecutor$Worker.run(ThreadPoolExecutor.java:624)
	... 1 more
Caused by: org.apache.ratis.thirdparty.io.netty.channel.AbstractChannel$AnnotatedConnectException: Connection refused: /192.168.164.241:46227
	at sun.nio.ch.SocketChannelImpl.checkConnect(Native Method)
	at sun.nio.ch.SocketChannelImpl.finishConnect(SocketChannelImpl.java:717)
	at org.apache.ratis.thirdparty.io.netty.channel.socket.nio.NioSocketChannel.doFinishConnect(NioSocketChannel.java:327)
	at org.apache.ratis.thirdparty.io.netty.channel.nio.AbstractNioChannel$AbstractNioUnsafe.finishConnect(AbstractNioChannel.java:340)
	at org.apache.ratis.thirdparty.io.netty.channel.nio.NioEventLoop.processSelectedKey(NioEventLoop.java:632)
	at org.apache.ratis.thirdparty.io.netty.channel.nio.NioEventLoop.processSelectedKeysOptimized(NioEventLoop.java:579)
	at org.apache.ratis.thirdparty.io.netty.channel.nio.NioEventLoop.processSelectedKeys(NioEventLoop.java:496)
	at org.apache.ratis.thirdparty.io.netty.channel.nio.NioEventLoop.run(NioEventLoop.java:458)
	at org.apache.ratis.thirdparty.io.netty.util.concurrent.SingleThreadEventExecutor$5.run(SingleThreadEventExecutor.java:897)
	at org.apache.ratis.thirdparty.io.netty.util.concurrent.FastThreadLocalRunnable.run(FastThreadLocalRunnable.java:30)
	... 1 more
Caused by: java.net.ConnectException: Connection refused
	... 11 more
2019-10-20 18:19:05,650 [grpc-default-executor-4] INFO  impl.RaftServerImpl (RaftServerImpl.java:setRole(184)) - 6ef27e9c-8ddb-4fa1-8c14-ab102acfb1b8@group-F11756C8BA4A: changes role from  FOLLOWER to FOLLOWER at term 277 for recognizeCandidate:b75f8b2e-6273-4c97-b7c5-042674931d23
2019-10-20 18:19:05,650 [grpc-default-executor-4] INFO  impl.RoleInfo (RoleInfo.java:shutdownFollowerState(121)) - 6ef27e9c-8ddb-4fa1-8c14-ab102acfb1b8: shutdown FollowerState
2019-10-20 18:19:05,650 [grpc-default-executor-4] INFO  impl.RoleInfo (RoleInfo.java:updateAndGet(143)) - 6ef27e9c-8ddb-4fa1-8c14-ab102acfb1b8: start FollowerState
2019-10-20 18:19:05,650 [Thread-3566] INFO  impl.FollowerState (FollowerState.java:run(117)) - 6ef27e9c-8ddb-4fa1-8c14-ab102acfb1b8@group-F11756C8BA4A-FollowerState was interrupted: java.lang.InterruptedException: sleep interrupted
2019-10-20 18:19:05,691 [b75f8b2e-6273-4c97-b7c5-042674931d23@group-F11756C8BA4A-LeaderElection471] INFO  impl.LeaderElection (LeaderElection.java:logAndReturn(56)) - b75f8b2e-6273-4c97-b7c5-042674931d23@group-F11756C8BA4A-LeaderElection471: Election REJECTED; received 1 response(s) [b75f8b2e-6273-4c97-b7c5-042674931d23<-6ef27e9c-8ddb-4fa1-8c14-ab102acfb1b8#0:FAIL-t277] and 1 exception(s); b75f8b2e-6273-4c97-b7c5-042674931d23@group-F11756C8BA4A:t277, leader=null, voted=b75f8b2e-6273-4c97-b7c5-042674931d23, raftlog=b75f8b2e-6273-4c97-b7c5-042674931d23@group-F11756C8BA4A-SegmentedRaftLog:OPENED:c-1,f-1,i0, conf=-1: [6ef27e9c-8ddb-4fa1-8c14-ab102acfb1b8:192.168.164.241:38092, b75f8b2e-6273-4c97-b7c5-042674931d23:192.168.164.241:41857, 3750b3a2-715b-46b3-9d0c-9e38136244b9:192.168.164.241:46227], old=null
2019-10-20 18:19:05,691 [b75f8b2e-6273-4c97-b7c5-042674931d23@group-F11756C8BA4A-LeaderElection471] INFO  impl.LeaderElection (LogUtils.java:infoOrTrace(149)) -   Exception 0: {}
java.util.concurrent.ExecutionException: org.apache.ratis.thirdparty.io.grpc.StatusRuntimeException: UNAVAILABLE: io exception
	at java.util.concurrent.FutureTask.report(FutureTask.java:122)
	at java.util.concurrent.FutureTask.get(FutureTask.java:192)
	at org.apache.ratis.server.impl.LeaderElection.waitForResults(LeaderElection.java:259)
	at org.apache.ratis.server.impl.LeaderElection.askForVotes(LeaderElection.java:197)
	at org.apache.ratis.server.impl.LeaderElection.run(LeaderElection.java:133)
	at java.lang.Thread.run(Thread.java:748)
Caused by: org.apache.ratis.thirdparty.io.grpc.StatusRuntimeException: UNAVAILABLE: io exception
	at org.apache.ratis.thirdparty.io.grpc.stub.ClientCalls.toStatusRuntimeException(ClientCalls.java:233)
	at org.apache.ratis.thirdparty.io.grpc.stub.ClientCalls.getUnchecked(ClientCalls.java:214)
	at org.apache.ratis.thirdparty.io.grpc.stub.ClientCalls.blockingUnaryCall(ClientCalls.java:139)
	at org.apache.ratis.proto.grpc.RaftServerProtocolServiceGrpc$RaftServerProtocolServiceBlockingStub.requestVote(RaftServerProtocolServiceGrpc.java:265)
	at org.apache.ratis.grpc.server.GrpcServerProtocolClient.requestVote(GrpcServerProtocolClient.java:99)
	at org.apache.ratis.grpc.server.GrpcService.requestVote(GrpcService.java:204)
	at org.apache.ratis.server.impl.LeaderElection.lambda$submitRequests$1(LeaderElection.java:234)
	at java.util.concurrent.FutureTask.run(FutureTask.java:266)
	at java.util.concurrent.Executors$RunnableAdapter.call(Executors.java:511)
	at java.util.concurrent.FutureTask.run(FutureTask.java:266)
	at java.util.concurrent.ThreadPoolExecutor.runWorker(ThreadPoolExecutor.java:1149)
	at java.util.concurrent.ThreadPoolExecutor$Worker.run(ThreadPoolExecutor.java:624)
	... 1 more
Caused by: org.apache.ratis.thirdparty.io.netty.channel.AbstractChannel$AnnotatedConnectException: Connection refused: /192.168.164.241:46227
	at sun.nio.ch.SocketChannelImpl.checkConnect(Native Method)
	at sun.nio.ch.SocketChannelImpl.finishConnect(SocketChannelImpl.java:717)
	at org.apache.ratis.thirdparty.io.netty.channel.socket.nio.NioSocketChannel.doFinishConnect(NioSocketChannel.java:327)
	at org.apache.ratis.thirdparty.io.netty.channel.nio.AbstractNioChannel$AbstractNioUnsafe.finishConnect(AbstractNioChannel.java:340)
	at org.apache.ratis.thirdparty.io.netty.channel.nio.NioEventLoop.processSelectedKey(NioEventLoop.java:632)
	at org.apache.ratis.thirdparty.io.netty.channel.nio.NioEventLoop.processSelectedKeysOptimized(NioEventLoop.java:579)
	at org.apache.ratis.thirdparty.io.netty.channel.nio.NioEventLoop.processSelectedKeys(NioEventLoop.java:496)
	at org.apache.ratis.thirdparty.io.netty.channel.nio.NioEventLoop.run(NioEventLoop.java:458)
	at org.apache.ratis.thirdparty.io.netty.util.concurrent.SingleThreadEventExecutor$5.run(SingleThreadEventExecutor.java:897)
	at org.apache.ratis.thirdparty.io.netty.util.concurrent.FastThreadLocalRunnable.run(FastThreadLocalRunnable.java:30)
	... 1 more
Caused by: java.net.ConnectException: Connection refused
	... 11 more
2019-10-20 18:19:05,691 [b75f8b2e-6273-4c97-b7c5-042674931d23@group-F11756C8BA4A-LeaderElection471] INFO  impl.RaftServerImpl (RaftServerImpl.java:setRole(184)) - b75f8b2e-6273-4c97-b7c5-042674931d23@group-F11756C8BA4A: changes role from CANDIDATE to FOLLOWER at term 277 for DISCOVERED_A_NEW_TERM
2019-10-20 18:19:05,691 [b75f8b2e-6273-4c97-b7c5-042674931d23@group-F11756C8BA4A-LeaderElection471] INFO  impl.RoleInfo (RoleInfo.java:shutdownLeaderElection(134)) - b75f8b2e-6273-4c97-b7c5-042674931d23: shutdown LeaderElection
2019-10-20 18:19:05,692 [b75f8b2e-6273-4c97-b7c5-042674931d23@group-F11756C8BA4A-LeaderElection471] INFO  impl.RoleInfo (RoleInfo.java:updateAndGet(143)) - b75f8b2e-6273-4c97-b7c5-042674931d23: start FollowerState
2019-10-20 18:19:05,878 [Thread-3572] INFO  impl.FollowerState (FollowerState.java:run(108)) - b75f8b2e-6273-4c97-b7c5-042674931d23@group-F11756C8BA4A-FollowerState: change to CANDIDATE, lastRpcTime:186ms, electionTimeout:186ms
2019-10-20 18:19:05,879 [Thread-3572] INFO  impl.RoleInfo (RoleInfo.java:shutdownFollowerState(121)) - b75f8b2e-6273-4c97-b7c5-042674931d23: shutdown FollowerState
2019-10-20 18:19:05,879 [Thread-3572] INFO  impl.RaftServerImpl (RaftServerImpl.java:setRole(184)) - b75f8b2e-6273-4c97-b7c5-042674931d23@group-F11756C8BA4A: changes role from  FOLLOWER to CANDIDATE at term 277 for changeToCandidate
2019-10-20 18:19:05,880 [Thread-3572] INFO  impl.RoleInfo (RoleInfo.java:updateAndGet(143)) - b75f8b2e-6273-4c97-b7c5-042674931d23: start LeaderElection
2019-10-20 18:19:05,909 [b75f8b2e-6273-4c97-b7c5-042674931d23@group-F11756C8BA4A-LeaderElection472] INFO  impl.LeaderElection (LeaderElection.java:askForVotes(178)) - b75f8b2e-6273-4c97-b7c5-042674931d23@group-F11756C8BA4A-LeaderElection472: begin an election at term 278 for -1: [6ef27e9c-8ddb-4fa1-8c14-ab102acfb1b8:192.168.164.241:38092, b75f8b2e-6273-4c97-b7c5-042674931d23:192.168.164.241:41857, 3750b3a2-715b-46b3-9d0c-9e38136244b9:192.168.164.241:46227], old=null
2019-10-20 18:19:05,911 [b75f8b2e-6273-4c97-b7c5-042674931d23@group-F11756C8BA4A-LeaderElection472] INFO  impl.LeaderElection (LogUtils.java:infoOrTrace(149)) - b75f8b2e-6273-4c97-b7c5-042674931d23@group-F11756C8BA4A-LeaderElection472 got exception when requesting votes: {}
java.util.concurrent.ExecutionException: org.apache.ratis.thirdparty.io.grpc.StatusRuntimeException: UNAVAILABLE: io exception
	at java.util.concurrent.FutureTask.report(FutureTask.java:122)
	at java.util.concurrent.FutureTask.get(FutureTask.java:192)
	at org.apache.ratis.server.impl.LeaderElection.waitForResults(LeaderElection.java:259)
	at org.apache.ratis.server.impl.LeaderElection.askForVotes(LeaderElection.java:197)
	at org.apache.ratis.server.impl.LeaderElection.run(LeaderElection.java:133)
	at java.lang.Thread.run(Thread.java:748)
Caused by: org.apache.ratis.thirdparty.io.grpc.StatusRuntimeException: UNAVAILABLE: io exception
	at org.apache.ratis.thirdparty.io.grpc.stub.ClientCalls.toStatusRuntimeException(ClientCalls.java:233)
	at org.apache.ratis.thirdparty.io.grpc.stub.ClientCalls.getUnchecked(ClientCalls.java:214)
	at org.apache.ratis.thirdparty.io.grpc.stub.ClientCalls.blockingUnaryCall(ClientCalls.java:139)
	at org.apache.ratis.proto.grpc.RaftServerProtocolServiceGrpc$RaftServerProtocolServiceBlockingStub.requestVote(RaftServerProtocolServiceGrpc.java:265)
	at org.apache.ratis.grpc.server.GrpcServerProtocolClient.requestVote(GrpcServerProtocolClient.java:99)
	at org.apache.ratis.grpc.server.GrpcService.requestVote(GrpcService.java:204)
	at org.apache.ratis.server.impl.LeaderElection.lambda$submitRequests$1(LeaderElection.java:234)
	at java.util.concurrent.FutureTask.run(FutureTask.java:266)
	at java.util.concurrent.Executors$RunnableAdapter.call(Executors.java:511)
	at java.util.concurrent.FutureTask.run(FutureTask.java:266)
	at java.util.concurrent.ThreadPoolExecutor.runWorker(ThreadPoolExecutor.java:1149)
	at java.util.concurrent.ThreadPoolExecutor$Worker.run(ThreadPoolExecutor.java:624)
	... 1 more
Caused by: org.apache.ratis.thirdparty.io.netty.channel.AbstractChannel$AnnotatedConnectException: Connection refused: /192.168.164.241:46227
	at sun.nio.ch.SocketChannelImpl.checkConnect(Native Method)
	at sun.nio.ch.SocketChannelImpl.finishConnect(SocketChannelImpl.java:717)
	at org.apache.ratis.thirdparty.io.netty.channel.socket.nio.NioSocketChannel.doFinishConnect(NioSocketChannel.java:327)
	at org.apache.ratis.thirdparty.io.netty.channel.nio.AbstractNioChannel$AbstractNioUnsafe.finishConnect(AbstractNioChannel.java:340)
	at org.apache.ratis.thirdparty.io.netty.channel.nio.NioEventLoop.processSelectedKey(NioEventLoop.java:632)
	at org.apache.ratis.thirdparty.io.netty.channel.nio.NioEventLoop.processSelectedKeysOptimized(NioEventLoop.java:579)
	at org.apache.ratis.thirdparty.io.netty.channel.nio.NioEventLoop.processSelectedKeys(NioEventLoop.java:496)
	at org.apache.ratis.thirdparty.io.netty.channel.nio.NioEventLoop.run(NioEventLoop.java:458)
	at org.apache.ratis.thirdparty.io.netty.util.concurrent.SingleThreadEventExecutor$5.run(SingleThreadEventExecutor.java:897)
	at org.apache.ratis.thirdparty.io.netty.util.concurrent.FastThreadLocalRunnable.run(FastThreadLocalRunnable.java:30)
	... 1 more
Caused by: java.net.ConnectException: Connection refused
	... 11 more
2019-10-20 18:19:05,914 [grpc-default-executor-4] INFO  impl.RaftServerImpl (RaftServerImpl.java:setRole(184)) - 6ef27e9c-8ddb-4fa1-8c14-ab102acfb1b8@group-F11756C8BA4A: changes role from  FOLLOWER to FOLLOWER at term 278 for recognizeCandidate:b75f8b2e-6273-4c97-b7c5-042674931d23
2019-10-20 18:19:05,914 [grpc-default-executor-4] INFO  impl.RoleInfo (RoleInfo.java:shutdownFollowerState(121)) - 6ef27e9c-8ddb-4fa1-8c14-ab102acfb1b8: shutdown FollowerState
2019-10-20 18:19:05,914 [grpc-default-executor-4] INFO  impl.RoleInfo (RoleInfo.java:updateAndGet(143)) - 6ef27e9c-8ddb-4fa1-8c14-ab102acfb1b8: start FollowerState
2019-10-20 18:19:05,914 [Thread-3571] INFO  impl.FollowerState (FollowerState.java:run(117)) - 6ef27e9c-8ddb-4fa1-8c14-ab102acfb1b8@group-F11756C8BA4A-FollowerState was interrupted: java.lang.InterruptedException: sleep interrupted
2019-10-20 18:19:05,922 [b75f8b2e-6273-4c97-b7c5-042674931d23@group-F11756C8BA4A-LeaderElection472] INFO  impl.LeaderElection (LeaderElection.java:logAndReturn(56)) - b75f8b2e-6273-4c97-b7c5-042674931d23@group-F11756C8BA4A-LeaderElection472: Election TIMEOUT; received 0 response(s) [] and 1 exception(s); b75f8b2e-6273-4c97-b7c5-042674931d23@group-F11756C8BA4A:t278, leader=null, voted=b75f8b2e-6273-4c97-b7c5-042674931d23, raftlog=b75f8b2e-6273-4c97-b7c5-042674931d23@group-F11756C8BA4A-SegmentedRaftLog:OPENED:c-1,f-1,i0, conf=-1: [6ef27e9c-8ddb-4fa1-8c14-ab102acfb1b8:192.168.164.241:38092, b75f8b2e-6273-4c97-b7c5-042674931d23:192.168.164.241:41857, 3750b3a2-715b-46b3-9d0c-9e38136244b9:192.168.164.241:46227], old=null
2019-10-20 18:19:05,923 [b75f8b2e-6273-4c97-b7c5-042674931d23@group-F11756C8BA4A-LeaderElection472] INFO  impl.LeaderElection (LogUtils.java:infoOrTrace(149)) -   Exception 0: {}
java.util.concurrent.ExecutionException: org.apache.ratis.thirdparty.io.grpc.StatusRuntimeException: UNAVAILABLE: io exception
	at java.util.concurrent.FutureTask.report(FutureTask.java:122)
	at java.util.concurrent.FutureTask.get(FutureTask.java:192)
	at org.apache.ratis.server.impl.LeaderElection.waitForResults(LeaderElection.java:259)
	at org.apache.ratis.server.impl.LeaderElection.askForVotes(LeaderElection.java:197)
	at org.apache.ratis.server.impl.LeaderElection.run(LeaderElection.java:133)
	at java.lang.Thread.run(Thread.java:748)
Caused by: org.apache.ratis.thirdparty.io.grpc.StatusRuntimeException: UNAVAILABLE: io exception
	at org.apache.ratis.thirdparty.io.grpc.stub.ClientCalls.toStatusRuntimeException(ClientCalls.java:233)
	at org.apache.ratis.thirdparty.io.grpc.stub.ClientCalls.getUnchecked(ClientCalls.java:214)
	at org.apache.ratis.thirdparty.io.grpc.stub.ClientCalls.blockingUnaryCall(ClientCalls.java:139)
	at org.apache.ratis.proto.grpc.RaftServerProtocolServiceGrpc$RaftServerProtocolServiceBlockingStub.requestVote(RaftServerProtocolServiceGrpc.java:265)
	at org.apache.ratis.grpc.server.GrpcServerProtocolClient.requestVote(GrpcServerProtocolClient.java:99)
	at org.apache.ratis.grpc.server.GrpcService.requestVote(GrpcService.java:204)
	at org.apache.ratis.server.impl.LeaderElection.lambda$submitRequests$1(LeaderElection.java:234)
	at java.util.concurrent.FutureTask.run(FutureTask.java:266)
	at java.util.concurrent.Executors$RunnableAdapter.call(Executors.java:511)
	at java.util.concurrent.FutureTask.run(FutureTask.java:266)
	at java.util.concurrent.ThreadPoolExecutor.runWorker(ThreadPoolExecutor.java:1149)
	at java.util.concurrent.ThreadPoolExecutor$Worker.run(ThreadPoolExecutor.java:624)
	... 1 more
Caused by: org.apache.ratis.thirdparty.io.netty.channel.AbstractChannel$AnnotatedConnectException: Connection refused: /192.168.164.241:46227
	at sun.nio.ch.SocketChannelImpl.checkConnect(Native Method)
	at sun.nio.ch.SocketChannelImpl.finishConnect(SocketChannelImpl.java:717)
	at org.apache.ratis.thirdparty.io.netty.channel.socket.nio.NioSocketChannel.doFinishConnect(NioSocketChannel.java:327)
	at org.apache.ratis.thirdparty.io.netty.channel.nio.AbstractNioChannel$AbstractNioUnsafe.finishConnect(AbstractNioChannel.java:340)
	at org.apache.ratis.thirdparty.io.netty.channel.nio.NioEventLoop.processSelectedKey(NioEventLoop.java:632)
	at org.apache.ratis.thirdparty.io.netty.channel.nio.NioEventLoop.processSelectedKeysOptimized(NioEventLoop.java:579)
	at org.apache.ratis.thirdparty.io.netty.channel.nio.NioEventLoop.processSelectedKeys(NioEventLoop.java:496)
	at org.apache.ratis.thirdparty.io.netty.channel.nio.NioEventLoop.run(NioEventLoop.java:458)
	at org.apache.ratis.thirdparty.io.netty.util.concurrent.SingleThreadEventExecutor$5.run(SingleThreadEventExecutor.java:897)
	at org.apache.ratis.thirdparty.io.netty.util.concurrent.FastThreadLocalRunnable.run(FastThreadLocalRunnable.java:30)
	... 1 more
Caused by: java.net.ConnectException: Connection refused
	... 11 more
2019-10-20 18:19:05,952 [b75f8b2e-6273-4c97-b7c5-042674931d23@group-F11756C8BA4A-LeaderElection472] INFO  impl.LeaderElection (LeaderElection.java:askForVotes(178)) - b75f8b2e-6273-4c97-b7c5-042674931d23@group-F11756C8BA4A-LeaderElection472: begin an election at term 279 for -1: [6ef27e9c-8ddb-4fa1-8c14-ab102acfb1b8:192.168.164.241:38092, b75f8b2e-6273-4c97-b7c5-042674931d23:192.168.164.241:41857, 3750b3a2-715b-46b3-9d0c-9e38136244b9:192.168.164.241:46227], old=null
2019-10-20 18:19:05,953 [b75f8b2e-6273-4c97-b7c5-042674931d23@group-F11756C8BA4A-LeaderElection472] INFO  impl.LeaderElection (LogUtils.java:infoOrTrace(149)) - b75f8b2e-6273-4c97-b7c5-042674931d23@group-F11756C8BA4A-LeaderElection472 got exception when requesting votes: {}
java.util.concurrent.ExecutionException: org.apache.ratis.thirdparty.io.grpc.StatusRuntimeException: UNAVAILABLE: io exception
	at java.util.concurrent.FutureTask.report(FutureTask.java:122)
	at java.util.concurrent.FutureTask.get(FutureTask.java:192)
	at org.apache.ratis.server.impl.LeaderElection.waitForResults(LeaderElection.java:259)
	at org.apache.ratis.server.impl.LeaderElection.askForVotes(LeaderElection.java:197)
	at org.apache.ratis.server.impl.LeaderElection.run(LeaderElection.java:133)
	at java.lang.Thread.run(Thread.java:748)
Caused by: org.apache.ratis.thirdparty.io.grpc.StatusRuntimeException: UNAVAILABLE: io exception
	at org.apache.ratis.thirdparty.io.grpc.stub.ClientCalls.toStatusRuntimeException(ClientCalls.java:233)
	at org.apache.ratis.thirdparty.io.grpc.stub.ClientCalls.getUnchecked(ClientCalls.java:214)
	at org.apache.ratis.thirdparty.io.grpc.stub.ClientCalls.blockingUnaryCall(ClientCalls.java:139)
	at org.apache.ratis.proto.grpc.RaftServerProtocolServiceGrpc$RaftServerProtocolServiceBlockingStub.requestVote(RaftServerProtocolServiceGrpc.java:265)
	at org.apache.ratis.grpc.server.GrpcServerProtocolClient.requestVote(GrpcServerProtocolClient.java:99)
	at org.apache.ratis.grpc.server.GrpcService.requestVote(GrpcService.java:204)
	at org.apache.ratis.server.impl.LeaderElection.lambda$submitRequests$1(LeaderElection.java:234)
	at java.util.concurrent.FutureTask.run(FutureTask.java:266)
	at java.util.concurrent.Executors$RunnableAdapter.call(Executors.java:511)
	at java.util.concurrent.FutureTask.run(FutureTask.java:266)
	at java.util.concurrent.ThreadPoolExecutor.runWorker(ThreadPoolExecutor.java:1149)
	at java.util.concurrent.ThreadPoolExecutor$Worker.run(ThreadPoolExecutor.java:624)
	... 1 more
Caused by: org.apache.ratis.thirdparty.io.netty.channel.AbstractChannel$AnnotatedConnectException: Connection refused: /192.168.164.241:46227
	at sun.nio.ch.SocketChannelImpl.checkConnect(Native Method)
	at sun.nio.ch.SocketChannelImpl.finishConnect(SocketChannelImpl.java:717)
	at org.apache.ratis.thirdparty.io.netty.channel.socket.nio.NioSocketChannel.doFinishConnect(NioSocketChannel.java:327)
	at org.apache.ratis.thirdparty.io.netty.channel.nio.AbstractNioChannel$AbstractNioUnsafe.finishConnect(AbstractNioChannel.java:340)
	at org.apache.ratis.thirdparty.io.netty.channel.nio.NioEventLoop.processSelectedKey(NioEventLoop.java:632)
	at org.apache.ratis.thirdparty.io.netty.channel.nio.NioEventLoop.processSelectedKeysOptimized(NioEventLoop.java:579)
	at org.apache.ratis.thirdparty.io.netty.channel.nio.NioEventLoop.processSelectedKeys(NioEventLoop.java:496)
	at org.apache.ratis.thirdparty.io.netty.channel.nio.NioEventLoop.run(NioEventLoop.java:458)
	at org.apache.ratis.thirdparty.io.netty.util.concurrent.SingleThreadEventExecutor$5.run(SingleThreadEventExecutor.java:897)
	at org.apache.ratis.thirdparty.io.netty.util.concurrent.FastThreadLocalRunnable.run(FastThreadLocalRunnable.java:30)
	... 1 more
Caused by: java.net.ConnectException: Connection refused
	... 11 more
2019-10-20 18:19:05,954 [grpc-default-executor-4] INFO  impl.RaftServerImpl (RaftServerImpl.java:setRole(184)) - 6ef27e9c-8ddb-4fa1-8c14-ab102acfb1b8@group-F11756C8BA4A: changes role from  FOLLOWER to FOLLOWER at term 279 for recognizeCandidate:b75f8b2e-6273-4c97-b7c5-042674931d23
2019-10-20 18:19:05,954 [b75f8b2e-6273-4c97-b7c5-042674931d23@group-F11756C8BA4A-LeaderElection472] INFO  impl.LeaderElection (LeaderElection.java:logAndReturn(56)) - b75f8b2e-6273-4c97-b7c5-042674931d23@group-F11756C8BA4A-LeaderElection472: Election TIMEOUT; received 0 response(s) [] and 1 exception(s); b75f8b2e-6273-4c97-b7c5-042674931d23@group-F11756C8BA4A:t279, leader=null, voted=b75f8b2e-6273-4c97-b7c5-042674931d23, raftlog=b75f8b2e-6273-4c97-b7c5-042674931d23@group-F11756C8BA4A-SegmentedRaftLog:OPENED:c-1,f-1,i0, conf=-1: [6ef27e9c-8ddb-4fa1-8c14-ab102acfb1b8:192.168.164.241:38092, b75f8b2e-6273-4c97-b7c5-042674931d23:192.168.164.241:41857, 3750b3a2-715b-46b3-9d0c-9e38136244b9:192.168.164.241:46227], old=null
2019-10-20 18:19:05,954 [grpc-default-executor-4] INFO  impl.RoleInfo (RoleInfo.java:shutdownFollowerState(121)) - 6ef27e9c-8ddb-4fa1-8c14-ab102acfb1b8: shutdown FollowerState
2019-10-20 18:19:05,954 [b75f8b2e-6273-4c97-b7c5-042674931d23@group-F11756C8BA4A-LeaderElection472] INFO  impl.LeaderElection (LogUtils.java:infoOrTrace(149)) -   Exception 0: {}
java.util.concurrent.ExecutionException: org.apache.ratis.thirdparty.io.grpc.StatusRuntimeException: UNAVAILABLE: io exception
	at java.util.concurrent.FutureTask.report(FutureTask.java:122)
	at java.util.concurrent.FutureTask.get(FutureTask.java:192)
	at org.apache.ratis.server.impl.LeaderElection.waitForResults(LeaderElection.java:259)
	at org.apache.ratis.server.impl.LeaderElection.askForVotes(LeaderElection.java:197)
	at org.apache.ratis.server.impl.LeaderElection.run(LeaderElection.java:133)
	at java.lang.Thread.run(Thread.java:748)
Caused by: org.apache.ratis.thirdparty.io.grpc.StatusRuntimeException: UNAVAILABLE: io exception
	at org.apache.ratis.thirdparty.io.grpc.stub.ClientCalls.toStatusRuntimeException(ClientCalls.java:233)
	at org.apache.ratis.thirdparty.io.grpc.stub.ClientCalls.getUnchecked(ClientCalls.java:214)
	at org.apache.ratis.thirdparty.io.grpc.stub.ClientCalls.blockingUnaryCall(ClientCalls.java:139)
	at org.apache.ratis.proto.grpc.RaftServerProtocolServiceGrpc$RaftServerProtocolServiceBlockingStub.requestVote(RaftServerProtocolServiceGrpc.java:265)
	at org.apache.ratis.grpc.server.GrpcServerProtocolClient.requestVote(GrpcServerProtocolClient.java:99)
	at org.apache.ratis.grpc.server.GrpcService.requestVote(GrpcService.java:204)
	at org.apache.ratis.server.impl.LeaderElection.lambda$submitRequests$1(LeaderElection.java:234)
	at java.util.concurrent.FutureTask.run(FutureTask.java:266)
	at java.util.concurrent.Executors$RunnableAdapter.call(Executors.java:511)
	at java.util.concurrent.FutureTask.run(FutureTask.java:266)
	at java.util.concurrent.ThreadPoolExecutor.runWorker(ThreadPoolExecutor.java:1149)
	at java.util.concurrent.ThreadPoolExecutor$Worker.run(ThreadPoolExecutor.java:624)
	... 1 more
Caused by: org.apache.ratis.thirdparty.io.netty.channel.AbstractChannel$AnnotatedConnectException: Connection refused: /192.168.164.241:46227
	at sun.nio.ch.SocketChannelImpl.checkConnect(Native Method)
	at sun.nio.ch.SocketChannelImpl.finishConnect(SocketChannelImpl.java:717)
	at org.apache.ratis.thirdparty.io.netty.channel.socket.nio.NioSocketChannel.doFinishConnect(NioSocketChannel.java:327)
	at org.apache.ratis.thirdparty.io.netty.channel.nio.AbstractNioChannel$AbstractNioUnsafe.finishConnect(AbstractNioChannel.java:340)
	at org.apache.ratis.thirdparty.io.netty.channel.nio.NioEventLoop.processSelectedKey(NioEventLoop.java:632)
	at org.apache.ratis.thirdparty.io.netty.channel.nio.NioEventLoop.processSelectedKeysOptimized(NioEventLoop.java:579)
	at org.apache.ratis.thirdparty.io.netty.channel.nio.NioEventLoop.processSelectedKeys(NioEventLoop.java:496)
	at org.apache.ratis.thirdparty.io.netty.channel.nio.NioEventLoop.run(NioEventLoop.java:458)
	at org.apache.ratis.thirdparty.io.netty.util.concurrent.SingleThreadEventExecutor$5.run(SingleThreadEventExecutor.java:897)
	at org.apache.ratis.thirdparty.io.netty.util.concurrent.FastThreadLocalRunnable.run(FastThreadLocalRunnable.java:30)
	... 1 more
Caused by: java.net.ConnectException: Connection refused
	... 11 more
2019-10-20 18:19:05,954 [Thread-3576] INFO  impl.FollowerState (FollowerState.java:run(117)) - 6ef27e9c-8ddb-4fa1-8c14-ab102acfb1b8@group-F11756C8BA4A-FollowerState was interrupted: java.lang.InterruptedException: sleep interrupted
2019-10-20 18:19:05,954 [grpc-default-executor-4] INFO  impl.RoleInfo (RoleInfo.java:updateAndGet(143)) - 6ef27e9c-8ddb-4fa1-8c14-ab102acfb1b8: start FollowerState
2019-10-20 18:19:05,978 [b75f8b2e-6273-4c97-b7c5-042674931d23@group-F11756C8BA4A-LeaderElection472] INFO  impl.LeaderElection (LeaderElection.java:askForVotes(178)) - b75f8b2e-6273-4c97-b7c5-042674931d23@group-F11756C8BA4A-LeaderElection472: begin an election at term 280 for -1: [6ef27e9c-8ddb-4fa1-8c14-ab102acfb1b8:192.168.164.241:38092, b75f8b2e-6273-4c97-b7c5-042674931d23:192.168.164.241:41857, 3750b3a2-715b-46b3-9d0c-9e38136244b9:192.168.164.241:46227], old=null
2019-10-20 18:19:05,979 [b75f8b2e-6273-4c97-b7c5-042674931d23@group-F11756C8BA4A-LeaderElection472] INFO  impl.LeaderElection (LogUtils.java:infoOrTrace(149)) - b75f8b2e-6273-4c97-b7c5-042674931d23@group-F11756C8BA4A-LeaderElection472 got exception when requesting votes: {}
java.util.concurrent.ExecutionException: org.apache.ratis.thirdparty.io.grpc.StatusRuntimeException: UNAVAILABLE: io exception
	at java.util.concurrent.FutureTask.report(FutureTask.java:122)
	at java.util.concurrent.FutureTask.get(FutureTask.java:192)
	at org.apache.ratis.server.impl.LeaderElection.waitForResults(LeaderElection.java:259)
	at org.apache.ratis.server.impl.LeaderElection.askForVotes(LeaderElection.java:197)
	at org.apache.ratis.server.impl.LeaderElection.run(LeaderElection.java:133)
	at java.lang.Thread.run(Thread.java:748)
Caused by: org.apache.ratis.thirdparty.io.grpc.StatusRuntimeException: UNAVAILABLE: io exception
	at org.apache.ratis.thirdparty.io.grpc.stub.ClientCalls.toStatusRuntimeException(ClientCalls.java:233)
	at org.apache.ratis.thirdparty.io.grpc.stub.ClientCalls.getUnchecked(ClientCalls.java:214)
	at org.apache.ratis.thirdparty.io.grpc.stub.ClientCalls.blockingUnaryCall(ClientCalls.java:139)
	at org.apache.ratis.proto.grpc.RaftServerProtocolServiceGrpc$RaftServerProtocolServiceBlockingStub.requestVote(RaftServerProtocolServiceGrpc.java:265)
	at org.apache.ratis.grpc.server.GrpcServerProtocolClient.requestVote(GrpcServerProtocolClient.java:99)
	at org.apache.ratis.grpc.server.GrpcService.requestVote(GrpcService.java:204)
	at org.apache.ratis.server.impl.LeaderElection.lambda$submitRequests$1(LeaderElection.java:234)
	at java.util.concurrent.FutureTask.run(FutureTask.java:266)
	at java.util.concurrent.Executors$RunnableAdapter.call(Executors.java:511)
	at java.util.concurrent.FutureTask.run(FutureTask.java:266)
	at java.util.concurrent.ThreadPoolExecutor.runWorker(ThreadPoolExecutor.java:1149)
	at java.util.concurrent.ThreadPoolExecutor$Worker.run(ThreadPoolExecutor.java:624)
	... 1 more
Caused by: org.apache.ratis.thirdparty.io.netty.channel.AbstractChannel$AnnotatedConnectException: Connection refused: /192.168.164.241:46227
	at sun.nio.ch.SocketChannelImpl.checkConnect(Native Method)
	at sun.nio.ch.SocketChannelImpl.finishConnect(SocketChannelImpl.java:717)
	at org.apache.ratis.thirdparty.io.netty.channel.socket.nio.NioSocketChannel.doFinishConnect(NioSocketChannel.java:327)
	at org.apache.ratis.thirdparty.io.netty.channel.nio.AbstractNioChannel$AbstractNioUnsafe.finishConnect(AbstractNioChannel.java:340)
	at org.apache.ratis.thirdparty.io.netty.channel.nio.NioEventLoop.processSelectedKey(NioEventLoop.java:632)
	at org.apache.ratis.thirdparty.io.netty.channel.nio.NioEventLoop.processSelectedKeysOptimized(NioEventLoop.java:579)
	at org.apache.ratis.thirdparty.io.netty.channel.nio.NioEventLoop.processSelectedKeys(NioEventLoop.java:496)
	at org.apache.ratis.thirdparty.io.netty.channel.nio.NioEventLoop.run(NioEventLoop.java:458)
	at org.apache.ratis.thirdparty.io.netty.util.concurrent.SingleThreadEventExecutor$5.run(SingleThreadEventExecutor.java:897)
	at org.apache.ratis.thirdparty.io.netty.util.concurrent.FastThreadLocalRunnable.run(FastThreadLocalRunnable.java:30)
	... 1 more
Caused by: java.net.ConnectException: Connection refused
	... 11 more
2019-10-20 18:19:05,979 [grpc-default-executor-4] INFO  impl.RaftServerImpl (RaftServerImpl.java:setRole(184)) - 6ef27e9c-8ddb-4fa1-8c14-ab102acfb1b8@group-F11756C8BA4A: changes role from  FOLLOWER to FOLLOWER at term 280 for recognizeCandidate:b75f8b2e-6273-4c97-b7c5-042674931d23
2019-10-20 18:19:05,979 [grpc-default-executor-4] INFO  impl.RoleInfo (RoleInfo.java:shutdownFollowerState(121)) - 6ef27e9c-8ddb-4fa1-8c14-ab102acfb1b8: shutdown FollowerState
2019-10-20 18:19:05,979 [grpc-default-executor-4] INFO  impl.RoleInfo (RoleInfo.java:updateAndGet(143)) - 6ef27e9c-8ddb-4fa1-8c14-ab102acfb1b8: start FollowerState
2019-10-20 18:19:05,979 [Thread-3579] INFO  impl.FollowerState (FollowerState.java:run(117)) - 6ef27e9c-8ddb-4fa1-8c14-ab102acfb1b8@group-F11756C8BA4A-FollowerState was interrupted: java.lang.InterruptedException: sleep interrupted
2019-10-20 18:19:06,004 [b75f8b2e-6273-4c97-b7c5-042674931d23@group-F11756C8BA4A-LeaderElection472] INFO  impl.LeaderElection (LeaderElection.java:logAndReturn(56)) - b75f8b2e-6273-4c97-b7c5-042674931d23@group-F11756C8BA4A-LeaderElection472: Election REJECTED; received 1 response(s) [b75f8b2e-6273-4c97-b7c5-042674931d23<-6ef27e9c-8ddb-4fa1-8c14-ab102acfb1b8#0:FAIL-t280] and 1 exception(s); b75f8b2e-6273-4c97-b7c5-042674931d23@group-F11756C8BA4A:t280, leader=null, voted=b75f8b2e-6273-4c97-b7c5-042674931d23, raftlog=b75f8b2e-6273-4c97-b7c5-042674931d23@group-F11756C8BA4A-SegmentedRaftLog:OPENED:c-1,f-1,i0, conf=-1: [6ef27e9c-8ddb-4fa1-8c14-ab102acfb1b8:192.168.164.241:38092, b75f8b2e-6273-4c97-b7c5-042674931d23:192.168.164.241:41857, 3750b3a2-715b-46b3-9d0c-9e38136244b9:192.168.164.241:46227], old=null
2019-10-20 18:19:06,005 [b75f8b2e-6273-4c97-b7c5-042674931d23@group-F11756C8BA4A-LeaderElection472] INFO  impl.LeaderElection (LogUtils.java:infoOrTrace(149)) -   Exception 0: {}
java.util.concurrent.ExecutionException: org.apache.ratis.thirdparty.io.grpc.StatusRuntimeException: UNAVAILABLE: io exception
	at java.util.concurrent.FutureTask.report(FutureTask.java:122)
	at java.util.concurrent.FutureTask.get(FutureTask.java:192)
	at org.apache.ratis.server.impl.LeaderElection.waitForResults(LeaderElection.java:259)
	at org.apache.ratis.server.impl.LeaderElection.askForVotes(LeaderElection.java:197)
	at org.apache.ratis.server.impl.LeaderElection.run(LeaderElection.java:133)
	at java.lang.Thread.run(Thread.java:748)
Caused by: org.apache.ratis.thirdparty.io.grpc.StatusRuntimeException: UNAVAILABLE: io exception
	at org.apache.ratis.thirdparty.io.grpc.stub.ClientCalls.toStatusRuntimeException(ClientCalls.java:233)
	at org.apache.ratis.thirdparty.io.grpc.stub.ClientCalls.getUnchecked(ClientCalls.java:214)
	at org.apache.ratis.thirdparty.io.grpc.stub.ClientCalls.blockingUnaryCall(ClientCalls.java:139)
	at org.apache.ratis.proto.grpc.RaftServerProtocolServiceGrpc$RaftServerProtocolServiceBlockingStub.requestVote(RaftServerProtocolServiceGrpc.java:265)
	at org.apache.ratis.grpc.server.GrpcServerProtocolClient.requestVote(GrpcServerProtocolClient.java:99)
	at org.apache.ratis.grpc.server.GrpcService.requestVote(GrpcService.java:204)
	at org.apache.ratis.server.impl.LeaderElection.lambda$submitRequests$1(LeaderElection.java:234)
	at java.util.concurrent.FutureTask.run(FutureTask.java:266)
	at java.util.concurrent.Executors$RunnableAdapter.call(Executors.java:511)
	at java.util.concurrent.FutureTask.run(FutureTask.java:266)
	at java.util.concurrent.ThreadPoolExecutor.runWorker(ThreadPoolExecutor.java:1149)
	at java.util.concurrent.ThreadPoolExecutor$Worker.run(ThreadPoolExecutor.java:624)
	... 1 more
Caused by: org.apache.ratis.thirdparty.io.netty.channel.AbstractChannel$AnnotatedConnectException: Connection refused: /192.168.164.241:46227
	at sun.nio.ch.SocketChannelImpl.checkConnect(Native Method)
	at sun.nio.ch.SocketChannelImpl.finishConnect(SocketChannelImpl.java:717)
	at org.apache.ratis.thirdparty.io.netty.channel.socket.nio.NioSocketChannel.doFinishConnect(NioSocketChannel.java:327)
	at org.apache.ratis.thirdparty.io.netty.channel.nio.AbstractNioChannel$AbstractNioUnsafe.finishConnect(AbstractNioChannel.java:340)
	at org.apache.ratis.thirdparty.io.netty.channel.nio.NioEventLoop.processSelectedKey(NioEventLoop.java:632)
	at org.apache.ratis.thirdparty.io.netty.channel.nio.NioEventLoop.processSelectedKeysOptimized(NioEventLoop.java:579)
	at org.apache.ratis.thirdparty.io.netty.channel.nio.NioEventLoop.processSelectedKeys(NioEventLoop.java:496)
	at org.apache.ratis.thirdparty.io.netty.channel.nio.NioEventLoop.run(NioEventLoop.java:458)
	at org.apache.ratis.thirdparty.io.netty.util.concurrent.SingleThreadEventExecutor$5.run(SingleThreadEventExecutor.java:897)
	at org.apache.ratis.thirdparty.io.netty.util.concurrent.FastThreadLocalRunnable.run(FastThreadLocalRunnable.java:30)
	... 1 more
Caused by: java.net.ConnectException: Connection refused
	... 11 more
2019-10-20 18:19:06,005 [b75f8b2e-6273-4c97-b7c5-042674931d23@group-F11756C8BA4A-LeaderElection472] INFO  impl.RaftServerImpl (RaftServerImpl.java:setRole(184)) - b75f8b2e-6273-4c97-b7c5-042674931d23@group-F11756C8BA4A: changes role from CANDIDATE to FOLLOWER at term 280 for DISCOVERED_A_NEW_TERM
2019-10-20 18:19:06,005 [b75f8b2e-6273-4c97-b7c5-042674931d23@group-F11756C8BA4A-LeaderElection472] INFO  impl.RoleInfo (RoleInfo.java:shutdownLeaderElection(134)) - b75f8b2e-6273-4c97-b7c5-042674931d23: shutdown LeaderElection
2019-10-20 18:19:06,005 [b75f8b2e-6273-4c97-b7c5-042674931d23@group-F11756C8BA4A-LeaderElection472] INFO  impl.RoleInfo (RoleInfo.java:updateAndGet(143)) - b75f8b2e-6273-4c97-b7c5-042674931d23: start FollowerState
2019-10-20 18:19:06,054 [Thread-3548] INFO  impl.FollowerState (FollowerState.java:run(108)) - c50ce170-3170-4e03-b167-34e0e02687b2@group-AF4EDA66FDC9-FollowerState: change to CANDIDATE, lastRpcTime:1086ms, electionTimeout:1086ms
2019-10-20 18:19:06,054 [Thread-3548] INFO  impl.RoleInfo (RoleInfo.java:shutdownFollowerState(121)) - c50ce170-3170-4e03-b167-34e0e02687b2: shutdown FollowerState
2019-10-20 18:19:06,054 [Thread-3548] INFO  impl.RaftServerImpl (RaftServerImpl.java:setRole(184)) - c50ce170-3170-4e03-b167-34e0e02687b2@group-AF4EDA66FDC9: changes role from  FOLLOWER to CANDIDATE at term 3 for changeToCandidate
2019-10-20 18:19:06,054 [Thread-3548] INFO  impl.RoleInfo (RoleInfo.java:updateAndGet(143)) - c50ce170-3170-4e03-b167-34e0e02687b2: start LeaderElection
2019-10-20 18:19:06,073 [c50ce170-3170-4e03-b167-34e0e02687b2@group-AF4EDA66FDC9-LeaderElection473] INFO  impl.LeaderElection (LeaderElection.java:askForVotes(178)) - c50ce170-3170-4e03-b167-34e0e02687b2@group-AF4EDA66FDC9-LeaderElection473: begin an election at term 4 for 21: [a6e136fe-e391-4364-8a60-53801fc9277d:192.168.164.241:40755, eb28ec45-9b2b-44d6-ae7e-a31feda643bc:192.168.164.241:42571, c50ce170-3170-4e03-b167-34e0e02687b2:192.168.164.241:37695], old=null
2019-10-20 18:19:06,074 [c50ce170-3170-4e03-b167-34e0e02687b2@group-AF4EDA66FDC9-LeaderElection473] INFO  impl.LeaderElection (LogUtils.java:infoOrTrace(149)) - c50ce170-3170-4e03-b167-34e0e02687b2@group-AF4EDA66FDC9-LeaderElection473 got exception when requesting votes: {}
java.util.concurrent.ExecutionException: org.apache.ratis.thirdparty.io.grpc.StatusRuntimeException: UNAVAILABLE: io exception
	at java.util.concurrent.FutureTask.report(FutureTask.java:122)
	at java.util.concurrent.FutureTask.get(FutureTask.java:192)
	at org.apache.ratis.server.impl.LeaderElection.waitForResults(LeaderElection.java:259)
	at org.apache.ratis.server.impl.LeaderElection.askForVotes(LeaderElection.java:197)
	at org.apache.ratis.server.impl.LeaderElection.run(LeaderElection.java:133)
	at java.lang.Thread.run(Thread.java:748)
Caused by: org.apache.ratis.thirdparty.io.grpc.StatusRuntimeException: UNAVAILABLE: io exception
	at org.apache.ratis.thirdparty.io.grpc.stub.ClientCalls.toStatusRuntimeException(ClientCalls.java:233)
	at org.apache.ratis.thirdparty.io.grpc.stub.ClientCalls.getUnchecked(ClientCalls.java:214)
	at org.apache.ratis.thirdparty.io.grpc.stub.ClientCalls.blockingUnaryCall(ClientCalls.java:139)
	at org.apache.ratis.proto.grpc.RaftServerProtocolServiceGrpc$RaftServerProtocolServiceBlockingStub.requestVote(RaftServerProtocolServiceGrpc.java:265)
	at org.apache.ratis.grpc.server.GrpcServerProtocolClient.requestVote(GrpcServerProtocolClient.java:99)
	at org.apache.ratis.grpc.server.GrpcService.requestVote(GrpcService.java:204)
	at org.apache.ratis.server.impl.LeaderElection.lambda$submitRequests$1(LeaderElection.java:234)
	at java.util.concurrent.FutureTask.run(FutureTask.java:266)
	at java.util.concurrent.Executors$RunnableAdapter.call(Executors.java:511)
	at java.util.concurrent.FutureTask.run(FutureTask.java:266)
	at java.util.concurrent.ThreadPoolExecutor.runWorker(ThreadPoolExecutor.java:1149)
	at java.util.concurrent.ThreadPoolExecutor$Worker.run(ThreadPoolExecutor.java:624)
	... 1 more
Caused by: org.apache.ratis.thirdparty.io.netty.channel.AbstractChannel$AnnotatedConnectException: Connection refused: /192.168.164.241:40755
	at sun.nio.ch.SocketChannelImpl.checkConnect(Native Method)
	at sun.nio.ch.SocketChannelImpl.finishConnect(SocketChannelImpl.java:717)
	at org.apache.ratis.thirdparty.io.netty.channel.socket.nio.NioSocketChannel.doFinishConnect(NioSocketChannel.java:327)
	at org.apache.ratis.thirdparty.io.netty.channel.nio.AbstractNioChannel$AbstractNioUnsafe.finishConnect(AbstractNioChannel.java:340)
	at org.apache.ratis.thirdparty.io.netty.channel.nio.NioEventLoop.processSelectedKey(NioEventLoop.java:632)
	at org.apache.ratis.thirdparty.io.netty.channel.nio.NioEventLoop.processSelectedKeysOptimized(NioEventLoop.java:579)
	at org.apache.ratis.thirdparty.io.netty.channel.nio.NioEventLoop.processSelectedKeys(NioEventLoop.java:496)
	at org.apache.ratis.thirdparty.io.netty.channel.nio.NioEventLoop.run(NioEventLoop.java:458)
	at org.apache.ratis.thirdparty.io.netty.util.concurrent.SingleThreadEventExecutor$5.run(SingleThreadEventExecutor.java:897)
	at org.apache.ratis.thirdparty.io.netty.util.concurrent.FastThreadLocalRunnable.run(FastThreadLocalRunnable.java:30)
	... 1 more
Caused by: java.net.ConnectException: Connection refused
	... 11 more
2019-10-20 18:19:06,074 [c50ce170-3170-4e03-b167-34e0e02687b2@group-AF4EDA66FDC9-LeaderElection473] INFO  impl.LeaderElection (LogUtils.java:infoOrTrace(149)) - c50ce170-3170-4e03-b167-34e0e02687b2@group-AF4EDA66FDC9-LeaderElection473 got exception when requesting votes: {}
java.util.concurrent.ExecutionException: org.apache.ratis.thirdparty.io.grpc.StatusRuntimeException: UNAVAILABLE: io exception
	at java.util.concurrent.FutureTask.report(FutureTask.java:122)
	at java.util.concurrent.FutureTask.get(FutureTask.java:192)
	at org.apache.ratis.server.impl.LeaderElection.waitForResults(LeaderElection.java:259)
	at org.apache.ratis.server.impl.LeaderElection.askForVotes(LeaderElection.java:197)
	at org.apache.ratis.server.impl.LeaderElection.run(LeaderElection.java:133)
	at java.lang.Thread.run(Thread.java:748)
Caused by: org.apache.ratis.thirdparty.io.grpc.StatusRuntimeException: UNAVAILABLE: io exception
	at org.apache.ratis.thirdparty.io.grpc.stub.ClientCalls.toStatusRuntimeException(ClientCalls.java:233)
	at org.apache.ratis.thirdparty.io.grpc.stub.ClientCalls.getUnchecked(ClientCalls.java:214)
	at org.apache.ratis.thirdparty.io.grpc.stub.ClientCalls.blockingUnaryCall(ClientCalls.java:139)
	at org.apache.ratis.proto.grpc.RaftServerProtocolServiceGrpc$RaftServerProtocolServiceBlockingStub.requestVote(RaftServerProtocolServiceGrpc.java:265)
	at org.apache.ratis.grpc.server.GrpcServerProtocolClient.requestVote(GrpcServerProtocolClient.java:99)
	at org.apache.ratis.grpc.server.GrpcService.requestVote(GrpcService.java:204)
	at org.apache.ratis.server.impl.LeaderElection.lambda$submitRequests$1(LeaderElection.java:234)
	at java.util.concurrent.FutureTask.run(FutureTask.java:266)
	at java.util.concurrent.Executors$RunnableAdapter.call(Executors.java:511)
	at java.util.concurrent.FutureTask.run(FutureTask.java:266)
	at java.util.concurrent.ThreadPoolExecutor.runWorker(ThreadPoolExecutor.java:1149)
	at java.util.concurrent.ThreadPoolExecutor$Worker.run(ThreadPoolExecutor.java:624)
	... 1 more
Caused by: org.apache.ratis.thirdparty.io.netty.channel.AbstractChannel$AnnotatedConnectException: Connection refused: /192.168.164.241:42571
	at sun.nio.ch.SocketChannelImpl.checkConnect(Native Method)
	at sun.nio.ch.SocketChannelImpl.finishConnect(SocketChannelImpl.java:717)
	at org.apache.ratis.thirdparty.io.netty.channel.socket.nio.NioSocketChannel.doFinishConnect(NioSocketChannel.java:327)
	at org.apache.ratis.thirdparty.io.netty.channel.nio.AbstractNioChannel$AbstractNioUnsafe.finishConnect(AbstractNioChannel.java:340)
	at org.apache.ratis.thirdparty.io.netty.channel.nio.NioEventLoop.processSelectedKey(NioEventLoop.java:632)
	at org.apache.ratis.thirdparty.io.netty.channel.nio.NioEventLoop.processSelectedKeysOptimized(NioEventLoop.java:579)
	at org.apache.ratis.thirdparty.io.netty.channel.nio.NioEventLoop.processSelectedKeys(NioEventLoop.java:496)
	at org.apache.ratis.thirdparty.io.netty.channel.nio.NioEventLoop.run(NioEventLoop.java:458)
	at org.apache.ratis.thirdparty.io.netty.util.concurrent.SingleThreadEventExecutor$5.run(SingleThreadEventExecutor.java:897)
	at org.apache.ratis.thirdparty.io.netty.util.concurrent.FastThreadLocalRunnable.run(FastThreadLocalRunnable.java:30)
	... 1 more
Caused by: java.net.ConnectException: Connection refused
	... 11 more
2019-10-20 18:19:06,075 [c50ce170-3170-4e03-b167-34e0e02687b2@group-AF4EDA66FDC9-LeaderElection473] INFO  impl.LeaderElection (LeaderElection.java:logAndReturn(56)) - c50ce170-3170-4e03-b167-34e0e02687b2@group-AF4EDA66FDC9-LeaderElection473: Election REJECTED; received 0 response(s) [] and 2 exception(s); c50ce170-3170-4e03-b167-34e0e02687b2@group-AF4EDA66FDC9:t4, leader=null, voted=c50ce170-3170-4e03-b167-34e0e02687b2, raftlog=c50ce170-3170-4e03-b167-34e0e02687b2@group-AF4EDA66FDC9-SegmentedRaftLog:OPENED:c22,f22,i22, conf=21: [a6e136fe-e391-4364-8a60-53801fc9277d:192.168.164.241:40755, eb28ec45-9b2b-44d6-ae7e-a31feda643bc:192.168.164.241:42571, c50ce170-3170-4e03-b167-34e0e02687b2:192.168.164.241:37695], old=null
2019-10-20 18:19:06,075 [c50ce170-3170-4e03-b167-34e0e02687b2@group-AF4EDA66FDC9-LeaderElection473] INFO  impl.LeaderElection (LogUtils.java:infoOrTrace(149)) -   Exception 0: {}
java.util.concurrent.ExecutionException: org.apache.ratis.thirdparty.io.grpc.StatusRuntimeException: UNAVAILABLE: io exception
	at java.util.concurrent.FutureTask.report(FutureTask.java:122)
	at java.util.concurrent.FutureTask.get(FutureTask.java:192)
	at org.apache.ratis.server.impl.LeaderElection.waitForResults(LeaderElection.java:259)
	at org.apache.ratis.server.impl.LeaderElection.askForVotes(LeaderElection.java:197)
	at org.apache.ratis.server.impl.LeaderElection.run(LeaderElection.java:133)
	at java.lang.Thread.run(Thread.java:748)
Caused by: org.apache.ratis.thirdparty.io.grpc.StatusRuntimeException: UNAVAILABLE: io exception
	at org.apache.ratis.thirdparty.io.grpc.stub.ClientCalls.toStatusRuntimeException(ClientCalls.java:233)
	at org.apache.ratis.thirdparty.io.grpc.stub.ClientCalls.getUnchecked(ClientCalls.java:214)
	at org.apache.ratis.thirdparty.io.grpc.stub.ClientCalls.blockingUnaryCall(ClientCalls.java:139)
	at org.apache.ratis.proto.grpc.RaftServerProtocolServiceGrpc$RaftServerProtocolServiceBlockingStub.requestVote(RaftServerProtocolServiceGrpc.java:265)
	at org.apache.ratis.grpc.server.GrpcServerProtocolClient.requestVote(GrpcServerProtocolClient.java:99)
	at org.apache.ratis.grpc.server.GrpcService.requestVote(GrpcService.java:204)
	at org.apache.ratis.server.impl.LeaderElection.lambda$submitRequests$1(LeaderElection.java:234)
	at java.util.concurrent.FutureTask.run(FutureTask.java:266)
	at java.util.concurrent.Executors$RunnableAdapter.call(Executors.java:511)
	at java.util.concurrent.FutureTask.run(FutureTask.java:266)
	at java.util.concurrent.ThreadPoolExecutor.runWorker(ThreadPoolExecutor.java:1149)
	at java.util.concurrent.ThreadPoolExecutor$Worker.run(ThreadPoolExecutor.java:624)
	... 1 more
Caused by: org.apache.ratis.thirdparty.io.netty.channel.AbstractChannel$AnnotatedConnectException: Connection refused: /192.168.164.241:40755
	at sun.nio.ch.SocketChannelImpl.checkConnect(Native Method)
	at sun.nio.ch.SocketChannelImpl.finishConnect(SocketChannelImpl.java:717)
	at org.apache.ratis.thirdparty.io.netty.channel.socket.nio.NioSocketChannel.doFinishConnect(NioSocketChannel.java:327)
	at org.apache.ratis.thirdparty.io.netty.channel.nio.AbstractNioChannel$AbstractNioUnsafe.finishConnect(AbstractNioChannel.java:340)
	at org.apache.ratis.thirdparty.io.netty.channel.nio.NioEventLoop.processSelectedKey(NioEventLoop.java:632)
	at org.apache.ratis.thirdparty.io.netty.channel.nio.NioEventLoop.processSelectedKeysOptimized(NioEventLoop.java:579)
	at org.apache.ratis.thirdparty.io.netty.channel.nio.NioEventLoop.processSelectedKeys(NioEventLoop.java:496)
	at org.apache.ratis.thirdparty.io.netty.channel.nio.NioEventLoop.run(NioEventLoop.java:458)
	at org.apache.ratis.thirdparty.io.netty.util.concurrent.SingleThreadEventExecutor$5.run(SingleThreadEventExecutor.java:897)
	at org.apache.ratis.thirdparty.io.netty.util.concurrent.FastThreadLocalRunnable.run(FastThreadLocalRunnable.java:30)
	... 1 more
Caused by: java.net.ConnectException: Connection refused
	... 11 more
2019-10-20 18:19:06,075 [c50ce170-3170-4e03-b167-34e0e02687b2@group-AF4EDA66FDC9-LeaderElection473] INFO  impl.LeaderElection (LogUtils.java:infoOrTrace(149)) -   Exception 1: {}
java.util.concurrent.ExecutionException: org.apache.ratis.thirdparty.io.grpc.StatusRuntimeException: UNAVAILABLE: io exception
	at java.util.concurrent.FutureTask.report(FutureTask.java:122)
	at java.util.concurrent.FutureTask.get(FutureTask.java:192)
	at org.apache.ratis.server.impl.LeaderElection.waitForResults(LeaderElection.java:259)
	at org.apache.ratis.server.impl.LeaderElection.askForVotes(LeaderElection.java:197)
	at org.apache.ratis.server.impl.LeaderElection.run(LeaderElection.java:133)
	at java.lang.Thread.run(Thread.java:748)
Caused by: org.apache.ratis.thirdparty.io.grpc.StatusRuntimeException: UNAVAILABLE: io exception
	at org.apache.ratis.thirdparty.io.grpc.stub.ClientCalls.toStatusRuntimeException(ClientCalls.java:233)
	at org.apache.ratis.thirdparty.io.grpc.stub.ClientCalls.getUnchecked(ClientCalls.java:214)
	at org.apache.ratis.thirdparty.io.grpc.stub.ClientCalls.blockingUnaryCall(ClientCalls.java:139)
	at org.apache.ratis.proto.grpc.RaftServerProtocolServiceGrpc$RaftServerProtocolServiceBlockingStub.requestVote(RaftServerProtocolServiceGrpc.java:265)
	at org.apache.ratis.grpc.server.GrpcServerProtocolClient.requestVote(GrpcServerProtocolClient.java:99)
	at org.apache.ratis.grpc.server.GrpcService.requestVote(GrpcService.java:204)
	at org.apache.ratis.server.impl.LeaderElection.lambda$submitRequests$1(LeaderElection.java:234)
	at java.util.concurrent.FutureTask.run(FutureTask.java:266)
	at java.util.concurrent.Executors$RunnableAdapter.call(Executors.java:511)
	at java.util.concurrent.FutureTask.run(FutureTask.java:266)
	at java.util.concurrent.ThreadPoolExecutor.runWorker(ThreadPoolExecutor.java:1149)
	at java.util.concurrent.ThreadPoolExecutor$Worker.run(ThreadPoolExecutor.java:624)
	... 1 more
Caused by: org.apache.ratis.thirdparty.io.netty.channel.AbstractChannel$AnnotatedConnectException: Connection refused: /192.168.164.241:42571
	at sun.nio.ch.SocketChannelImpl.checkConnect(Native Method)
	at sun.nio.ch.SocketChannelImpl.finishConnect(SocketChannelImpl.java:717)
	at org.apache.ratis.thirdparty.io.netty.channel.socket.nio.NioSocketChannel.doFinishConnect(NioSocketChannel.java:327)
	at org.apache.ratis.thirdparty.io.netty.channel.nio.AbstractNioChannel$AbstractNioUnsafe.finishConnect(AbstractNioChannel.java:340)
	at org.apache.ratis.thirdparty.io.netty.channel.nio.NioEventLoop.processSelectedKey(NioEventLoop.java:632)
	at org.apache.ratis.thirdparty.io.netty.channel.nio.NioEventLoop.processSelectedKeysOptimized(NioEventLoop.java:579)
	at org.apache.ratis.thirdparty.io.netty.channel.nio.NioEventLoop.processSelectedKeys(NioEventLoop.java:496)
	at org.apache.ratis.thirdparty.io.netty.channel.nio.NioEventLoop.run(NioEventLoop.java:458)
	at org.apache.ratis.thirdparty.io.netty.util.concurrent.SingleThreadEventExecutor$5.run(SingleThreadEventExecutor.java:897)
	at org.apache.ratis.thirdparty.io.netty.util.concurrent.FastThreadLocalRunnable.run(FastThreadLocalRunnable.java:30)
	... 1 more
Caused by: java.net.ConnectException: Connection refused
	... 11 more
2019-10-20 18:19:06,075 [c50ce170-3170-4e03-b167-34e0e02687b2@group-AF4EDA66FDC9-LeaderElection473] INFO  impl.RaftServerImpl (RaftServerImpl.java:setRole(184)) - c50ce170-3170-4e03-b167-34e0e02687b2@group-AF4EDA66FDC9: changes role from CANDIDATE to FOLLOWER at term 4 for DISCOVERED_A_NEW_TERM
2019-10-20 18:19:06,075 [c50ce170-3170-4e03-b167-34e0e02687b2@group-AF4EDA66FDC9-LeaderElection473] INFO  impl.RoleInfo (RoleInfo.java:shutdownLeaderElection(134)) - c50ce170-3170-4e03-b167-34e0e02687b2: shutdown LeaderElection
2019-10-20 18:19:06,075 [c50ce170-3170-4e03-b167-34e0e02687b2@group-AF4EDA66FDC9-LeaderElection473] INFO  impl.RoleInfo (RoleInfo.java:updateAndGet(143)) - c50ce170-3170-4e03-b167-34e0e02687b2: start FollowerState
2019-10-20 18:19:06,123 [Thread-3583] INFO  impl.FollowerState (FollowerState.java:run(108)) - b75f8b2e-6273-4c97-b7c5-042674931d23@group-F11756C8BA4A-FollowerState: change to CANDIDATE, lastRpcTime:118ms, electionTimeout:118ms
2019-10-20 18:19:06,124 [Thread-3583] INFO  impl.RoleInfo (RoleInfo.java:shutdownFollowerState(121)) - b75f8b2e-6273-4c97-b7c5-042674931d23: shutdown FollowerState
2019-10-20 18:19:06,124 [Thread-3583] INFO  impl.RaftServerImpl (RaftServerImpl.java:setRole(184)) - b75f8b2e-6273-4c97-b7c5-042674931d23@group-F11756C8BA4A: changes role from  FOLLOWER to CANDIDATE at term 280 for changeToCandidate
2019-10-20 18:19:06,124 [Thread-3583] INFO  impl.RoleInfo (RoleInfo.java:updateAndGet(143)) - b75f8b2e-6273-4c97-b7c5-042674931d23: start LeaderElection
2019-10-20 18:19:06,149 [b75f8b2e-6273-4c97-b7c5-042674931d23@group-F11756C8BA4A-LeaderElection474] INFO  impl.LeaderElection (LeaderElection.java:askForVotes(178)) - b75f8b2e-6273-4c97-b7c5-042674931d23@group-F11756C8BA4A-LeaderElection474: begin an election at term 281 for -1: [6ef27e9c-8ddb-4fa1-8c14-ab102acfb1b8:192.168.164.241:38092, b75f8b2e-6273-4c97-b7c5-042674931d23:192.168.164.241:41857, 3750b3a2-715b-46b3-9d0c-9e38136244b9:192.168.164.241:46227], old=null
2019-10-20 18:19:06,150 [b75f8b2e-6273-4c97-b7c5-042674931d23@group-F11756C8BA4A-LeaderElection474] INFO  impl.LeaderElection (LogUtils.java:infoOrTrace(149)) - b75f8b2e-6273-4c97-b7c5-042674931d23@group-F11756C8BA4A-LeaderElection474 got exception when requesting votes: {}
java.util.concurrent.ExecutionException: org.apache.ratis.thirdparty.io.grpc.StatusRuntimeException: UNAVAILABLE: io exception
	at java.util.concurrent.FutureTask.report(FutureTask.java:122)
	at java.util.concurrent.FutureTask.get(FutureTask.java:192)
	at org.apache.ratis.server.impl.LeaderElection.waitForResults(LeaderElection.java:259)
	at org.apache.ratis.server.impl.LeaderElection.askForVotes(LeaderElection.java:197)
	at org.apache.ratis.server.impl.LeaderElection.run(LeaderElection.java:133)
	at java.lang.Thread.run(Thread.java:748)
Caused by: org.apache.ratis.thirdparty.io.grpc.StatusRuntimeException: UNAVAILABLE: io exception
	at org.apache.ratis.thirdparty.io.grpc.stub.ClientCalls.toStatusRuntimeException(ClientCalls.java:233)
	at org.apache.ratis.thirdparty.io.grpc.stub.ClientCalls.getUnchecked(ClientCalls.java:214)
	at org.apache.ratis.thirdparty.io.grpc.stub.ClientCalls.blockingUnaryCall(ClientCalls.java:139)
	at org.apache.ratis.proto.grpc.RaftServerProtocolServiceGrpc$RaftServerProtocolServiceBlockingStub.requestVote(RaftServerProtocolServiceGrpc.java:265)
	at org.apache.ratis.grpc.server.GrpcServerProtocolClient.requestVote(GrpcServerProtocolClient.java:99)
	at org.apache.ratis.grpc.server.GrpcService.requestVote(GrpcService.java:204)
	at org.apache.ratis.server.impl.LeaderElection.lambda$submitRequests$1(LeaderElection.java:234)
	at java.util.concurrent.FutureTask.run(FutureTask.java:266)
	at java.util.concurrent.Executors$RunnableAdapter.call(Executors.java:511)
	at java.util.concurrent.FutureTask.run(FutureTask.java:266)
	at java.util.concurrent.ThreadPoolExecutor.runWorker(ThreadPoolExecutor.java:1149)
	at java.util.concurrent.ThreadPoolExecutor$Worker.run(ThreadPoolExecutor.java:624)
	... 1 more
Caused by: org.apache.ratis.thirdparty.io.netty.channel.AbstractChannel$AnnotatedConnectException: Connection refused: /192.168.164.241:46227
	at sun.nio.ch.SocketChannelImpl.checkConnect(Native Method)
	at sun.nio.ch.SocketChannelImpl.finishConnect(SocketChannelImpl.java:717)
	at org.apache.ratis.thirdparty.io.netty.channel.socket.nio.NioSocketChannel.doFinishConnect(NioSocketChannel.java:327)
	at org.apache.ratis.thirdparty.io.netty.channel.nio.AbstractNioChannel$AbstractNioUnsafe.finishConnect(AbstractNioChannel.java:340)
	at org.apache.ratis.thirdparty.io.netty.channel.nio.NioEventLoop.processSelectedKey(NioEventLoop.java:632)
	at org.apache.ratis.thirdparty.io.netty.channel.nio.NioEventLoop.processSelectedKeysOptimized(NioEventLoop.java:579)
	at org.apache.ratis.thirdparty.io.netty.channel.nio.NioEventLoop.processSelectedKeys(NioEventLoop.java:496)
	at org.apache.ratis.thirdparty.io.netty.channel.nio.NioEventLoop.run(NioEventLoop.java:458)
	at org.apache.ratis.thirdparty.io.netty.util.concurrent.SingleThreadEventExecutor$5.run(SingleThreadEventExecutor.java:897)
	at org.apache.ratis.thirdparty.io.netty.util.concurrent.FastThreadLocalRunnable.run(FastThreadLocalRunnable.java:30)
	... 1 more
Caused by: java.net.ConnectException: Connection refused
	... 11 more
2019-10-20 18:19:06,151 [grpc-default-executor-4] INFO  impl.RaftServerImpl (RaftServerImpl.java:setRole(184)) - 6ef27e9c-8ddb-4fa1-8c14-ab102acfb1b8@group-F11756C8BA4A: changes role from  FOLLOWER to FOLLOWER at term 281 for recognizeCandidate:b75f8b2e-6273-4c97-b7c5-042674931d23
2019-10-20 18:19:06,151 [grpc-default-executor-4] INFO  impl.RoleInfo (RoleInfo.java:shutdownFollowerState(121)) - 6ef27e9c-8ddb-4fa1-8c14-ab102acfb1b8: shutdown FollowerState
2019-10-20 18:19:06,151 [grpc-default-executor-4] INFO  impl.RoleInfo (RoleInfo.java:updateAndGet(143)) - 6ef27e9c-8ddb-4fa1-8c14-ab102acfb1b8: start FollowerState
2019-10-20 18:19:06,151 [Thread-3582] INFO  impl.FollowerState (FollowerState.java:run(117)) - 6ef27e9c-8ddb-4fa1-8c14-ab102acfb1b8@group-F11756C8BA4A-FollowerState was interrupted: java.lang.InterruptedException: sleep interrupted
2019-10-20 18:19:06,184 [b75f8b2e-6273-4c97-b7c5-042674931d23@group-F11756C8BA4A-LeaderElection474] INFO  impl.LeaderElection (LeaderElection.java:logAndReturn(56)) - b75f8b2e-6273-4c97-b7c5-042674931d23@group-F11756C8BA4A-LeaderElection474: Election REJECTED; received 1 response(s) [b75f8b2e-6273-4c97-b7c5-042674931d23<-6ef27e9c-8ddb-4fa1-8c14-ab102acfb1b8#0:FAIL-t281] and 1 exception(s); b75f8b2e-6273-4c97-b7c5-042674931d23@group-F11756C8BA4A:t281, leader=null, voted=b75f8b2e-6273-4c97-b7c5-042674931d23, raftlog=b75f8b2e-6273-4c97-b7c5-042674931d23@group-F11756C8BA4A-SegmentedRaftLog:OPENED:c-1,f-1,i0, conf=-1: [6ef27e9c-8ddb-4fa1-8c14-ab102acfb1b8:192.168.164.241:38092, b75f8b2e-6273-4c97-b7c5-042674931d23:192.168.164.241:41857, 3750b3a2-715b-46b3-9d0c-9e38136244b9:192.168.164.241:46227], old=null
2019-10-20 18:19:06,184 [b75f8b2e-6273-4c97-b7c5-042674931d23@group-F11756C8BA4A-LeaderElection474] INFO  impl.LeaderElection (LogUtils.java:infoOrTrace(149)) -   Exception 0: {}
java.util.concurrent.ExecutionException: org.apache.ratis.thirdparty.io.grpc.StatusRuntimeException: UNAVAILABLE: io exception
	at java.util.concurrent.FutureTask.report(FutureTask.java:122)
	at java.util.concurrent.FutureTask.get(FutureTask.java:192)
	at org.apache.ratis.server.impl.LeaderElection.waitForResults(LeaderElection.java:259)
	at org.apache.ratis.server.impl.LeaderElection.askForVotes(LeaderElection.java:197)
	at org.apache.ratis.server.impl.LeaderElection.run(LeaderElection.java:133)
	at java.lang.Thread.run(Thread.java:748)
Caused by: org.apache.ratis.thirdparty.io.grpc.StatusRuntimeException: UNAVAILABLE: io exception
	at org.apache.ratis.thirdparty.io.grpc.stub.ClientCalls.toStatusRuntimeException(ClientCalls.java:233)
	at org.apache.ratis.thirdparty.io.grpc.stub.ClientCalls.getUnchecked(ClientCalls.java:214)
	at org.apache.ratis.thirdparty.io.grpc.stub.ClientCalls.blockingUnaryCall(ClientCalls.java:139)
	at org.apache.ratis.proto.grpc.RaftServerProtocolServiceGrpc$RaftServerProtocolServiceBlockingStub.requestVote(RaftServerProtocolServiceGrpc.java:265)
	at org.apache.ratis.grpc.server.GrpcServerProtocolClient.requestVote(GrpcServerProtocolClient.java:99)
	at org.apache.ratis.grpc.server.GrpcService.requestVote(GrpcService.java:204)
	at org.apache.ratis.server.impl.LeaderElection.lambda$submitRequests$1(LeaderElection.java:234)
	at java.util.concurrent.FutureTask.run(FutureTask.java:266)
	at java.util.concurrent.Executors$RunnableAdapter.call(Executors.java:511)
	at java.util.concurrent.FutureTask.run(FutureTask.java:266)
	at java.util.concurrent.ThreadPoolExecutor.runWorker(ThreadPoolExecutor.java:1149)
	at java.util.concurrent.ThreadPoolExecutor$Worker.run(ThreadPoolExecutor.java:624)
	... 1 more
Caused by: org.apache.ratis.thirdparty.io.netty.channel.AbstractChannel$AnnotatedConnectException: Connection refused: /192.168.164.241:46227
	at sun.nio.ch.SocketChannelImpl.checkConnect(Native Method)
	at sun.nio.ch.SocketChannelImpl.finishConnect(SocketChannelImpl.java:717)
	at org.apache.ratis.thirdparty.io.netty.channel.socket.nio.NioSocketChannel.doFinishConnect(NioSocketChannel.java:327)
	at org.apache.ratis.thirdparty.io.netty.channel.nio.AbstractNioChannel$AbstractNioUnsafe.finishConnect(AbstractNioChannel.java:340)
	at org.apache.ratis.thirdparty.io.netty.channel.nio.NioEventLoop.processSelectedKey(NioEventLoop.java:632)
	at org.apache.ratis.thirdparty.io.netty.channel.nio.NioEventLoop.processSelectedKeysOptimized(NioEventLoop.java:579)
	at org.apache.ratis.thirdparty.io.netty.channel.nio.NioEventLoop.processSelectedKeys(NioEventLoop.java:496)
	at org.apache.ratis.thirdparty.io.netty.channel.nio.NioEventLoop.run(NioEventLoop.java:458)
	at org.apache.ratis.thirdparty.io.netty.util.concurrent.SingleThreadEventExecutor$5.run(SingleThreadEventExecutor.java:897)
	at org.apache.ratis.thirdparty.io.netty.util.concurrent.FastThreadLocalRunnable.run(FastThreadLocalRunnable.java:30)
	... 1 more
Caused by: java.net.ConnectException: Connection refused
	... 11 more
2019-10-20 18:19:06,184 [b75f8b2e-6273-4c97-b7c5-042674931d23@group-F11756C8BA4A-LeaderElection474] INFO  impl.RaftServerImpl (RaftServerImpl.java:setRole(184)) - b75f8b2e-6273-4c97-b7c5-042674931d23@group-F11756C8BA4A: changes role from CANDIDATE to FOLLOWER at term 281 for DISCOVERED_A_NEW_TERM
2019-10-20 18:19:06,184 [b75f8b2e-6273-4c97-b7c5-042674931d23@group-F11756C8BA4A-LeaderElection474] INFO  impl.RoleInfo (RoleInfo.java:shutdownLeaderElection(134)) - b75f8b2e-6273-4c97-b7c5-042674931d23: shutdown LeaderElection
2019-10-20 18:19:06,184 [b75f8b2e-6273-4c97-b7c5-042674931d23@group-F11756C8BA4A-LeaderElection474] INFO  impl.RoleInfo (RoleInfo.java:updateAndGet(143)) - b75f8b2e-6273-4c97-b7c5-042674931d23: start FollowerState
2019-10-20 18:19:06,301 [Thread-3592] INFO  impl.FollowerState (FollowerState.java:run(108)) - b75f8b2e-6273-4c97-b7c5-042674931d23@group-F11756C8BA4A-FollowerState: change to CANDIDATE, lastRpcTime:116ms, electionTimeout:116ms
2019-10-20 18:19:06,301 [Thread-3592] INFO  impl.RoleInfo (RoleInfo.java:shutdownFollowerState(121)) - b75f8b2e-6273-4c97-b7c5-042674931d23: shutdown FollowerState
2019-10-20 18:19:06,301 [Thread-3592] INFO  impl.RaftServerImpl (RaftServerImpl.java:setRole(184)) - b75f8b2e-6273-4c97-b7c5-042674931d23@group-F11756C8BA4A: changes role from  FOLLOWER to CANDIDATE at term 281 for changeToCandidate
2019-10-20 18:19:06,301 [Thread-3592] INFO  impl.RoleInfo (RoleInfo.java:updateAndGet(143)) - b75f8b2e-6273-4c97-b7c5-042674931d23: start LeaderElection
2019-10-20 18:19:06,327 [b75f8b2e-6273-4c97-b7c5-042674931d23@group-F11756C8BA4A-LeaderElection475] INFO  impl.LeaderElection (LeaderElection.java:askForVotes(178)) - b75f8b2e-6273-4c97-b7c5-042674931d23@group-F11756C8BA4A-LeaderElection475: begin an election at term 282 for -1: [6ef27e9c-8ddb-4fa1-8c14-ab102acfb1b8:192.168.164.241:38092, b75f8b2e-6273-4c97-b7c5-042674931d23:192.168.164.241:41857, 3750b3a2-715b-46b3-9d0c-9e38136244b9:192.168.164.241:46227], old=null
2019-10-20 18:19:06,328 [b75f8b2e-6273-4c97-b7c5-042674931d23@group-F11756C8BA4A-LeaderElection475] INFO  impl.LeaderElection (LogUtils.java:infoOrTrace(149)) - b75f8b2e-6273-4c97-b7c5-042674931d23@group-F11756C8BA4A-LeaderElection475 got exception when requesting votes: {}
java.util.concurrent.ExecutionException: org.apache.ratis.thirdparty.io.grpc.StatusRuntimeException: UNAVAILABLE: io exception
	at java.util.concurrent.FutureTask.report(FutureTask.java:122)
	at java.util.concurrent.FutureTask.get(FutureTask.java:192)
	at org.apache.ratis.server.impl.LeaderElection.waitForResults(LeaderElection.java:259)
	at org.apache.ratis.server.impl.LeaderElection.askForVotes(LeaderElection.java:197)
	at org.apache.ratis.server.impl.LeaderElection.run(LeaderElection.java:133)
	at java.lang.Thread.run(Thread.java:748)
Caused by: org.apache.ratis.thirdparty.io.grpc.StatusRuntimeException: UNAVAILABLE: io exception
	at org.apache.ratis.thirdparty.io.grpc.stub.ClientCalls.toStatusRuntimeException(ClientCalls.java:233)
	at org.apache.ratis.thirdparty.io.grpc.stub.ClientCalls.getUnchecked(ClientCalls.java:214)
	at org.apache.ratis.thirdparty.io.grpc.stub.ClientCalls.blockingUnaryCall(ClientCalls.java:139)
	at org.apache.ratis.proto.grpc.RaftServerProtocolServiceGrpc$RaftServerProtocolServiceBlockingStub.requestVote(RaftServerProtocolServiceGrpc.java:265)
	at org.apache.ratis.grpc.server.GrpcServerProtocolClient.requestVote(GrpcServerProtocolClient.java:99)
	at org.apache.ratis.grpc.server.GrpcService.requestVote(GrpcService.java:204)
	at org.apache.ratis.server.impl.LeaderElection.lambda$submitRequests$1(LeaderElection.java:234)
	at java.util.concurrent.FutureTask.run(FutureTask.java:266)
	at java.util.concurrent.Executors$RunnableAdapter.call(Executors.java:511)
	at java.util.concurrent.FutureTask.run(FutureTask.java:266)
	at java.util.concurrent.ThreadPoolExecutor.runWorker(ThreadPoolExecutor.java:1149)
	at java.util.concurrent.ThreadPoolExecutor$Worker.run(ThreadPoolExecutor.java:624)
	... 1 more
Caused by: org.apache.ratis.thirdparty.io.netty.channel.AbstractChannel$AnnotatedConnectException: Connection refused: /192.168.164.241:46227
	at sun.nio.ch.SocketChannelImpl.checkConnect(Native Method)
	at sun.nio.ch.SocketChannelImpl.finishConnect(SocketChannelImpl.java:717)
	at org.apache.ratis.thirdparty.io.netty.channel.socket.nio.NioSocketChannel.doFinishConnect(NioSocketChannel.java:327)
	at org.apache.ratis.thirdparty.io.netty.channel.nio.AbstractNioChannel$AbstractNioUnsafe.finishConnect(AbstractNioChannel.java:340)
	at org.apache.ratis.thirdparty.io.netty.channel.nio.NioEventLoop.processSelectedKey(NioEventLoop.java:632)
	at org.apache.ratis.thirdparty.io.netty.channel.nio.NioEventLoop.processSelectedKeysOptimized(NioEventLoop.java:579)
	at org.apache.ratis.thirdparty.io.netty.channel.nio.NioEventLoop.processSelectedKeys(NioEventLoop.java:496)
	at org.apache.ratis.thirdparty.io.netty.channel.nio.NioEventLoop.run(NioEventLoop.java:458)
	at org.apache.ratis.thirdparty.io.netty.util.concurrent.SingleThreadEventExecutor$5.run(SingleThreadEventExecutor.java:897)
	at org.apache.ratis.thirdparty.io.netty.util.concurrent.FastThreadLocalRunnable.run(FastThreadLocalRunnable.java:30)
	... 1 more
Caused by: java.net.ConnectException: Connection refused
	... 11 more
2019-10-20 18:19:06,329 [grpc-default-executor-4] INFO  impl.RaftServerImpl (RaftServerImpl.java:setRole(184)) - 6ef27e9c-8ddb-4fa1-8c14-ab102acfb1b8@group-F11756C8BA4A: changes role from  FOLLOWER to FOLLOWER at term 282 for recognizeCandidate:b75f8b2e-6273-4c97-b7c5-042674931d23
2019-10-20 18:19:06,329 [grpc-default-executor-4] INFO  impl.RoleInfo (RoleInfo.java:shutdownFollowerState(121)) - 6ef27e9c-8ddb-4fa1-8c14-ab102acfb1b8: shutdown FollowerState
2019-10-20 18:19:06,329 [grpc-default-executor-4] INFO  impl.RoleInfo (RoleInfo.java:updateAndGet(143)) - 6ef27e9c-8ddb-4fa1-8c14-ab102acfb1b8: start FollowerState
2019-10-20 18:19:06,329 [Thread-3591] INFO  impl.FollowerState (FollowerState.java:run(117)) - 6ef27e9c-8ddb-4fa1-8c14-ab102acfb1b8@group-F11756C8BA4A-FollowerState was interrupted: java.lang.InterruptedException: sleep interrupted
2019-10-20 18:19:06,335 [b75f8b2e-6273-4c97-b7c5-042674931d23@group-F11756C8BA4A-LeaderElection475] INFO  impl.LeaderElection (LeaderElection.java:logAndReturn(56)) - b75f8b2e-6273-4c97-b7c5-042674931d23@group-F11756C8BA4A-LeaderElection475: Election TIMEOUT; received 0 response(s) [] and 1 exception(s); b75f8b2e-6273-4c97-b7c5-042674931d23@group-F11756C8BA4A:t282, leader=null, voted=b75f8b2e-6273-4c97-b7c5-042674931d23, raftlog=b75f8b2e-6273-4c97-b7c5-042674931d23@group-F11756C8BA4A-SegmentedRaftLog:OPENED:c-1,f-1,i0, conf=-1: [6ef27e9c-8ddb-4fa1-8c14-ab102acfb1b8:192.168.164.241:38092, b75f8b2e-6273-4c97-b7c5-042674931d23:192.168.164.241:41857, 3750b3a2-715b-46b3-9d0c-9e38136244b9:192.168.164.241:46227], old=null
2019-10-20 18:19:06,335 [b75f8b2e-6273-4c97-b7c5-042674931d23@group-F11756C8BA4A-LeaderElection475] INFO  impl.LeaderElection (LogUtils.java:infoOrTrace(149)) -   Exception 0: {}
java.util.concurrent.ExecutionException: org.apache.ratis.thirdparty.io.grpc.StatusRuntimeException: UNAVAILABLE: io exception
	at java.util.concurrent.FutureTask.report(FutureTask.java:122)
	at java.util.concurrent.FutureTask.get(FutureTask.java:192)
	at org.apache.ratis.server.impl.LeaderElection.waitForResults(LeaderElection.java:259)
	at org.apache.ratis.server.impl.LeaderElection.askForVotes(LeaderElection.java:197)
	at org.apache.ratis.server.impl.LeaderElection.run(LeaderElection.java:133)
	at java.lang.Thread.run(Thread.java:748)
Caused by: org.apache.ratis.thirdparty.io.grpc.StatusRuntimeException: UNAVAILABLE: io exception
	at org.apache.ratis.thirdparty.io.grpc.stub.ClientCalls.toStatusRuntimeException(ClientCalls.java:233)
	at org.apache.ratis.thirdparty.io.grpc.stub.ClientCalls.getUnchecked(ClientCalls.java:214)
	at org.apache.ratis.thirdparty.io.grpc.stub.ClientCalls.blockingUnaryCall(ClientCalls.java:139)
	at org.apache.ratis.proto.grpc.RaftServerProtocolServiceGrpc$RaftServerProtocolServiceBlockingStub.requestVote(RaftServerProtocolServiceGrpc.java:265)
	at org.apache.ratis.grpc.server.GrpcServerProtocolClient.requestVote(GrpcServerProtocolClient.java:99)
	at org.apache.ratis.grpc.server.GrpcService.requestVote(GrpcService.java:204)
	at org.apache.ratis.server.impl.LeaderElection.lambda$submitRequests$1(LeaderElection.java:234)
	at java.util.concurrent.FutureTask.run(FutureTask.java:266)
	at java.util.concurrent.Executors$RunnableAdapter.call(Executors.java:511)
	at java.util.concurrent.FutureTask.run(FutureTask.java:266)
	at java.util.concurrent.ThreadPoolExecutor.runWorker(ThreadPoolExecutor.java:1149)
	at java.util.concurrent.ThreadPoolExecutor$Worker.run(ThreadPoolExecutor.java:624)
	... 1 more
Caused by: org.apache.ratis.thirdparty.io.netty.channel.AbstractChannel$AnnotatedConnectException: Connection refused: /192.168.164.241:46227
	at sun.nio.ch.SocketChannelImpl.checkConnect(Native Method)
	at sun.nio.ch.SocketChannelImpl.finishConnect(SocketChannelImpl.java:717)
	at org.apache.ratis.thirdparty.io.netty.channel.socket.nio.NioSocketChannel.doFinishConnect(NioSocketChannel.java:327)
	at org.apache.ratis.thirdparty.io.netty.channel.nio.AbstractNioChannel$AbstractNioUnsafe.finishConnect(AbstractNioChannel.java:340)
	at org.apache.ratis.thirdparty.io.netty.channel.nio.NioEventLoop.processSelectedKey(NioEventLoop.java:632)
	at org.apache.ratis.thirdparty.io.netty.channel.nio.NioEventLoop.processSelectedKeysOptimized(NioEventLoop.java:579)
	at org.apache.ratis.thirdparty.io.netty.channel.nio.NioEventLoop.processSelectedKeys(NioEventLoop.java:496)
	at org.apache.ratis.thirdparty.io.netty.channel.nio.NioEventLoop.run(NioEventLoop.java:458)
	at org.apache.ratis.thirdparty.io.netty.util.concurrent.SingleThreadEventExecutor$5.run(SingleThreadEventExecutor.java:897)
	at org.apache.ratis.thirdparty.io.netty.util.concurrent.FastThreadLocalRunnable.run(FastThreadLocalRunnable.java:30)
	... 1 more
Caused by: java.net.ConnectException: Connection refused
	... 11 more
2019-10-20 18:19:06,361 [b75f8b2e-6273-4c97-b7c5-042674931d23@group-F11756C8BA4A-LeaderElection475] INFO  impl.LeaderElection (LeaderElection.java:askForVotes(178)) - b75f8b2e-6273-4c97-b7c5-042674931d23@group-F11756C8BA4A-LeaderElection475: begin an election at term 283 for -1: [6ef27e9c-8ddb-4fa1-8c14-ab102acfb1b8:192.168.164.241:38092, b75f8b2e-6273-4c97-b7c5-042674931d23:192.168.164.241:41857, 3750b3a2-715b-46b3-9d0c-9e38136244b9:192.168.164.241:46227], old=null
2019-10-20 18:19:06,362 [b75f8b2e-6273-4c97-b7c5-042674931d23@group-F11756C8BA4A-LeaderElection475] INFO  impl.LeaderElection (LogUtils.java:infoOrTrace(149)) - b75f8b2e-6273-4c97-b7c5-042674931d23@group-F11756C8BA4A-LeaderElection475 got exception when requesting votes: {}
java.util.concurrent.ExecutionException: org.apache.ratis.thirdparty.io.grpc.StatusRuntimeException: UNAVAILABLE: io exception
	at java.util.concurrent.FutureTask.report(FutureTask.java:122)
	at java.util.concurrent.FutureTask.get(FutureTask.java:192)
	at org.apache.ratis.server.impl.LeaderElection.waitForResults(LeaderElection.java:259)
	at org.apache.ratis.server.impl.LeaderElection.askForVotes(LeaderElection.java:197)
	at org.apache.ratis.server.impl.LeaderElection.run(LeaderElection.java:133)
	at java.lang.Thread.run(Thread.java:748)
Caused by: org.apache.ratis.thirdparty.io.grpc.StatusRuntimeException: UNAVAILABLE: io exception
	at org.apache.ratis.thirdparty.io.grpc.stub.ClientCalls.toStatusRuntimeException(ClientCalls.java:233)
	at org.apache.ratis.thirdparty.io.grpc.stub.ClientCalls.getUnchecked(ClientCalls.java:214)
	at org.apache.ratis.thirdparty.io.grpc.stub.ClientCalls.blockingUnaryCall(ClientCalls.java:139)
	at org.apache.ratis.proto.grpc.RaftServerProtocolServiceGrpc$RaftServerProtocolServiceBlockingStub.requestVote(RaftServerProtocolServiceGrpc.java:265)
	at org.apache.ratis.grpc.server.GrpcServerProtocolClient.requestVote(GrpcServerProtocolClient.java:99)
	at org.apache.ratis.grpc.server.GrpcService.requestVote(GrpcService.java:204)
	at org.apache.ratis.server.impl.LeaderElection.lambda$submitRequests$1(LeaderElection.java:234)
	at java.util.concurrent.FutureTask.run(FutureTask.java:266)
	at java.util.concurrent.Executors$RunnableAdapter.call(Executors.java:511)
	at java.util.concurrent.FutureTask.run(FutureTask.java:266)
	at java.util.concurrent.ThreadPoolExecutor.runWorker(ThreadPoolExecutor.java:1149)
	at java.util.concurrent.ThreadPoolExecutor$Worker.run(ThreadPoolExecutor.java:624)
	... 1 more
Caused by: org.apache.ratis.thirdparty.io.netty.channel.AbstractChannel$AnnotatedConnectException: Connection refused: /192.168.164.241:46227
	at sun.nio.ch.SocketChannelImpl.checkConnect(Native Method)
	at sun.nio.ch.SocketChannelImpl.finishConnect(SocketChannelImpl.java:717)
	at org.apache.ratis.thirdparty.io.netty.channel.socket.nio.NioSocketChannel.doFinishConnect(NioSocketChannel.java:327)
	at org.apache.ratis.thirdparty.io.netty.channel.nio.AbstractNioChannel$AbstractNioUnsafe.finishConnect(AbstractNioChannel.java:340)
	at org.apache.ratis.thirdparty.io.netty.channel.nio.NioEventLoop.processSelectedKey(NioEventLoop.java:632)
	at org.apache.ratis.thirdparty.io.netty.channel.nio.NioEventLoop.processSelectedKeysOptimized(NioEventLoop.java:579)
	at org.apache.ratis.thirdparty.io.netty.channel.nio.NioEventLoop.processSelectedKeys(NioEventLoop.java:496)
	at org.apache.ratis.thirdparty.io.netty.channel.nio.NioEventLoop.run(NioEventLoop.java:458)
	at org.apache.ratis.thirdparty.io.netty.util.concurrent.SingleThreadEventExecutor$5.run(SingleThreadEventExecutor.java:897)
	at org.apache.ratis.thirdparty.io.netty.util.concurrent.FastThreadLocalRunnable.run(FastThreadLocalRunnable.java:30)
	... 1 more
Caused by: java.net.ConnectException: Connection refused
	... 11 more
2019-10-20 18:19:06,363 [grpc-default-executor-4] INFO  impl.RaftServerImpl (RaftServerImpl.java:setRole(184)) - 6ef27e9c-8ddb-4fa1-8c14-ab102acfb1b8@group-F11756C8BA4A: changes role from  FOLLOWER to FOLLOWER at term 283 for recognizeCandidate:b75f8b2e-6273-4c97-b7c5-042674931d23
2019-10-20 18:19:06,363 [grpc-default-executor-4] INFO  impl.RoleInfo (RoleInfo.java:shutdownFollowerState(121)) - 6ef27e9c-8ddb-4fa1-8c14-ab102acfb1b8: shutdown FollowerState
2019-10-20 18:19:06,363 [grpc-default-executor-4] INFO  impl.RoleInfo (RoleInfo.java:updateAndGet(143)) - 6ef27e9c-8ddb-4fa1-8c14-ab102acfb1b8: start FollowerState
2019-10-20 18:19:06,363 [Thread-3596] INFO  impl.FollowerState (FollowerState.java:run(117)) - 6ef27e9c-8ddb-4fa1-8c14-ab102acfb1b8@group-F11756C8BA4A-FollowerState was interrupted: java.lang.InterruptedException: sleep interrupted
2019-10-20 18:19:06,379 [b75f8b2e-6273-4c97-b7c5-042674931d23@group-F11756C8BA4A-LeaderElection475] INFO  impl.LeaderElection (LeaderElection.java:logAndReturn(56)) - b75f8b2e-6273-4c97-b7c5-042674931d23@group-F11756C8BA4A-LeaderElection475: Election REJECTED; received 1 response(s) [b75f8b2e-6273-4c97-b7c5-042674931d23<-6ef27e9c-8ddb-4fa1-8c14-ab102acfb1b8#0:FAIL-t283] and 1 exception(s); b75f8b2e-6273-4c97-b7c5-042674931d23@group-F11756C8BA4A:t283, leader=null, voted=b75f8b2e-6273-4c97-b7c5-042674931d23, raftlog=b75f8b2e-6273-4c97-b7c5-042674931d23@group-F11756C8BA4A-SegmentedRaftLog:OPENED:c-1,f-1,i0, conf=-1: [6ef27e9c-8ddb-4fa1-8c14-ab102acfb1b8:192.168.164.241:38092, b75f8b2e-6273-4c97-b7c5-042674931d23:192.168.164.241:41857, 3750b3a2-715b-46b3-9d0c-9e38136244b9:192.168.164.241:46227], old=null
2019-10-20 18:19:06,379 [b75f8b2e-6273-4c97-b7c5-042674931d23@group-F11756C8BA4A-LeaderElection475] INFO  impl.LeaderElection (LogUtils.java:infoOrTrace(149)) -   Exception 0: {}
java.util.concurrent.ExecutionException: org.apache.ratis.thirdparty.io.grpc.StatusRuntimeException: UNAVAILABLE: io exception
	at java.util.concurrent.FutureTask.report(FutureTask.java:122)
	at java.util.concurrent.FutureTask.get(FutureTask.java:192)
	at org.apache.ratis.server.impl.LeaderElection.waitForResults(LeaderElection.java:259)
	at org.apache.ratis.server.impl.LeaderElection.askForVotes(LeaderElection.java:197)
	at org.apache.ratis.server.impl.LeaderElection.run(LeaderElection.java:133)
	at java.lang.Thread.run(Thread.java:748)
Caused by: org.apache.ratis.thirdparty.io.grpc.StatusRuntimeException: UNAVAILABLE: io exception
	at org.apache.ratis.thirdparty.io.grpc.stub.ClientCalls.toStatusRuntimeException(ClientCalls.java:233)
	at org.apache.ratis.thirdparty.io.grpc.stub.ClientCalls.getUnchecked(ClientCalls.java:214)
	at org.apache.ratis.thirdparty.io.grpc.stub.ClientCalls.blockingUnaryCall(ClientCalls.java:139)
	at org.apache.ratis.proto.grpc.RaftServerProtocolServiceGrpc$RaftServerProtocolServiceBlockingStub.requestVote(RaftServerProtocolServiceGrpc.java:265)
	at org.apache.ratis.grpc.server.GrpcServerProtocolClient.requestVote(GrpcServerProtocolClient.java:99)
	at org.apache.ratis.grpc.server.GrpcService.requestVote(GrpcService.java:204)
	at org.apache.ratis.server.impl.LeaderElection.lambda$submitRequests$1(LeaderElection.java:234)
	at java.util.concurrent.FutureTask.run(FutureTask.java:266)
	at java.util.concurrent.Executors$RunnableAdapter.call(Executors.java:511)
	at java.util.concurrent.FutureTask.run(FutureTask.java:266)
	at java.util.concurrent.ThreadPoolExecutor.runWorker(ThreadPoolExecutor.java:1149)
	at java.util.concurrent.ThreadPoolExecutor$Worker.run(ThreadPoolExecutor.java:624)
	... 1 more
Caused by: org.apache.ratis.thirdparty.io.netty.channel.AbstractChannel$AnnotatedConnectException: Connection refused: /192.168.164.241:46227
	at sun.nio.ch.SocketChannelImpl.checkConnect(Native Method)
	at sun.nio.ch.SocketChannelImpl.finishConnect(SocketChannelImpl.java:717)
	at org.apache.ratis.thirdparty.io.netty.channel.socket.nio.NioSocketChannel.doFinishConnect(NioSocketChannel.java:327)
	at org.apache.ratis.thirdparty.io.netty.channel.nio.AbstractNioChannel$AbstractNioUnsafe.finishConnect(AbstractNioChannel.java:340)
	at org.apache.ratis.thirdparty.io.netty.channel.nio.NioEventLoop.processSelectedKey(NioEventLoop.java:632)
	at org.apache.ratis.thirdparty.io.netty.channel.nio.NioEventLoop.processSelectedKeysOptimized(NioEventLoop.java:579)
	at org.apache.ratis.thirdparty.io.netty.channel.nio.NioEventLoop.processSelectedKeys(NioEventLoop.java:496)
	at org.apache.ratis.thirdparty.io.netty.channel.nio.NioEventLoop.run(NioEventLoop.java:458)
	at org.apache.ratis.thirdparty.io.netty.util.concurrent.SingleThreadEventExecutor$5.run(SingleThreadEventExecutor.java:897)
	at org.apache.ratis.thirdparty.io.netty.util.concurrent.FastThreadLocalRunnable.run(FastThreadLocalRunnable.java:30)
	... 1 more
Caused by: java.net.ConnectException: Connection refused
	... 11 more
2019-10-20 18:19:06,379 [b75f8b2e-6273-4c97-b7c5-042674931d23@group-F11756C8BA4A-LeaderElection475] INFO  impl.RaftServerImpl (RaftServerImpl.java:setRole(184)) - b75f8b2e-6273-4c97-b7c5-042674931d23@group-F11756C8BA4A: changes role from CANDIDATE to FOLLOWER at term 283 for DISCOVERED_A_NEW_TERM
2019-10-20 18:19:06,379 [b75f8b2e-6273-4c97-b7c5-042674931d23@group-F11756C8BA4A-LeaderElection475] INFO  impl.RoleInfo (RoleInfo.java:shutdownLeaderElection(134)) - b75f8b2e-6273-4c97-b7c5-042674931d23: shutdown LeaderElection
2019-10-20 18:19:06,380 [b75f8b2e-6273-4c97-b7c5-042674931d23@group-F11756C8BA4A-LeaderElection475] INFO  impl.RoleInfo (RoleInfo.java:updateAndGet(143)) - b75f8b2e-6273-4c97-b7c5-042674931d23: start FollowerState
2019-10-20 18:19:06,427 [Thread-3558] INFO  impl.FollowerState (FollowerState.java:run(108)) - 7a43c46a-fc88-4b2d-b2da-ae029cfa60ff@group-D40A05E2FCF9-FollowerState: change to CANDIDATE, lastRpcTime:1166ms, electionTimeout:1166ms
2019-10-20 18:19:06,428 [Thread-3558] INFO  impl.RoleInfo (RoleInfo.java:shutdownFollowerState(121)) - 7a43c46a-fc88-4b2d-b2da-ae029cfa60ff: shutdown FollowerState
2019-10-20 18:19:06,428 [Thread-3558] INFO  impl.RaftServerImpl (RaftServerImpl.java:setRole(184)) - 7a43c46a-fc88-4b2d-b2da-ae029cfa60ff@group-D40A05E2FCF9: changes role from  FOLLOWER to CANDIDATE at term 260 for changeToCandidate
2019-10-20 18:19:06,428 [Thread-3558] INFO  impl.RoleInfo (RoleInfo.java:updateAndGet(143)) - 7a43c46a-fc88-4b2d-b2da-ae029cfa60ff: start LeaderElection
2019-10-20 18:19:06,443 [Thread-3600] INFO  impl.FollowerState (FollowerState.java:run(108)) - b75f8b2e-6273-4c97-b7c5-042674931d23@group-F11756C8BA4A-FollowerState: change to CANDIDATE, lastRpcTime:63ms, electionTimeout:63ms
2019-10-20 18:19:06,443 [Thread-3600] INFO  impl.RoleInfo (RoleInfo.java:shutdownFollowerState(121)) - b75f8b2e-6273-4c97-b7c5-042674931d23: shutdown FollowerState
2019-10-20 18:19:06,443 [Thread-3600] INFO  impl.RaftServerImpl (RaftServerImpl.java:setRole(184)) - b75f8b2e-6273-4c97-b7c5-042674931d23@group-F11756C8BA4A: changes role from  FOLLOWER to CANDIDATE at term 283 for changeToCandidate
2019-10-20 18:19:06,443 [Thread-3600] INFO  impl.RoleInfo (RoleInfo.java:updateAndGet(143)) - b75f8b2e-6273-4c97-b7c5-042674931d23: start LeaderElection
2019-10-20 18:19:06,488 [7a43c46a-fc88-4b2d-b2da-ae029cfa60ff@group-D40A05E2FCF9-LeaderElection476] INFO  impl.LeaderElection (LeaderElection.java:askForVotes(178)) - 7a43c46a-fc88-4b2d-b2da-ae029cfa60ff@group-D40A05E2FCF9-LeaderElection476: begin an election at term 261 for 0: [399079f7-1eb1-4f37-b003-267572525934:192.168.164.241:37762, 7a43c46a-fc88-4b2d-b2da-ae029cfa60ff:192.168.164.241:43684, 6c5c38af-62e6-4ea7-a24a-078dcb28fb39:192.168.164.241:45428], old=null
2019-10-20 18:19:06,488 [b75f8b2e-6273-4c97-b7c5-042674931d23@group-F11756C8BA4A-LeaderElection477] INFO  impl.LeaderElection (LeaderElection.java:askForVotes(178)) - b75f8b2e-6273-4c97-b7c5-042674931d23@group-F11756C8BA4A-LeaderElection477: begin an election at term 284 for -1: [6ef27e9c-8ddb-4fa1-8c14-ab102acfb1b8:192.168.164.241:38092, b75f8b2e-6273-4c97-b7c5-042674931d23:192.168.164.241:41857, 3750b3a2-715b-46b3-9d0c-9e38136244b9:192.168.164.241:46227], old=null
2019-10-20 18:19:06,489 [7a43c46a-fc88-4b2d-b2da-ae029cfa60ff@group-D40A05E2FCF9-LeaderElection476] INFO  impl.LeaderElection (LogUtils.java:infoOrTrace(149)) - 7a43c46a-fc88-4b2d-b2da-ae029cfa60ff@group-D40A05E2FCF9-LeaderElection476 got exception when requesting votes: {}
java.util.concurrent.ExecutionException: org.apache.ratis.thirdparty.io.grpc.StatusRuntimeException: UNAVAILABLE: io exception
	at java.util.concurrent.FutureTask.report(FutureTask.java:122)
	at java.util.concurrent.FutureTask.get(FutureTask.java:192)
	at org.apache.ratis.server.impl.LeaderElection.waitForResults(LeaderElection.java:259)
	at org.apache.ratis.server.impl.LeaderElection.askForVotes(LeaderElection.java:197)
	at org.apache.ratis.server.impl.LeaderElection.run(LeaderElection.java:133)
	at java.lang.Thread.run(Thread.java:748)
Caused by: org.apache.ratis.thirdparty.io.grpc.StatusRuntimeException: UNAVAILABLE: io exception
	at org.apache.ratis.thirdparty.io.grpc.stub.ClientCalls.toStatusRuntimeException(ClientCalls.java:233)
	at org.apache.ratis.thirdparty.io.grpc.stub.ClientCalls.getUnchecked(ClientCalls.java:214)
	at org.apache.ratis.thirdparty.io.grpc.stub.ClientCalls.blockingUnaryCall(ClientCalls.java:139)
	at org.apache.ratis.proto.grpc.RaftServerProtocolServiceGrpc$RaftServerProtocolServiceBlockingStub.requestVote(RaftServerProtocolServiceGrpc.java:265)
	at org.apache.ratis.grpc.server.GrpcServerProtocolClient.requestVote(GrpcServerProtocolClient.java:99)
	at org.apache.ratis.grpc.server.GrpcService.requestVote(GrpcService.java:204)
	at org.apache.ratis.server.impl.LeaderElection.lambda$submitRequests$1(LeaderElection.java:234)
	at java.util.concurrent.FutureTask.run(FutureTask.java:266)
	at java.util.concurrent.Executors$RunnableAdapter.call(Executors.java:511)
	at java.util.concurrent.FutureTask.run(FutureTask.java:266)
	at java.util.concurrent.ThreadPoolExecutor.runWorker(ThreadPoolExecutor.java:1149)
	at java.util.concurrent.ThreadPoolExecutor$Worker.run(ThreadPoolExecutor.java:624)
	... 1 more
Caused by: org.apache.ratis.thirdparty.io.netty.channel.AbstractChannel$AnnotatedConnectException: Connection refused: /192.168.164.241:37762
	at sun.nio.ch.SocketChannelImpl.checkConnect(Native Method)
	at sun.nio.ch.SocketChannelImpl.finishConnect(SocketChannelImpl.java:717)
	at org.apache.ratis.thirdparty.io.netty.channel.socket.nio.NioSocketChannel.doFinishConnect(NioSocketChannel.java:327)
	at org.apache.ratis.thirdparty.io.netty.channel.nio.AbstractNioChannel$AbstractNioUnsafe.finishConnect(AbstractNioChannel.java:340)
	at org.apache.ratis.thirdparty.io.netty.channel.nio.NioEventLoop.processSelectedKey(NioEventLoop.java:632)
	at org.apache.ratis.thirdparty.io.netty.channel.nio.NioEventLoop.processSelectedKeysOptimized(NioEventLoop.java:579)
	at org.apache.ratis.thirdparty.io.netty.channel.nio.NioEventLoop.processSelectedKeys(NioEventLoop.java:496)
	at org.apache.ratis.thirdparty.io.netty.channel.nio.NioEventLoop.run(NioEventLoop.java:458)
	at org.apache.ratis.thirdparty.io.netty.util.concurrent.SingleThreadEventExecutor$5.run(SingleThreadEventExecutor.java:897)
	at org.apache.ratis.thirdparty.io.netty.util.concurrent.FastThreadLocalRunnable.run(FastThreadLocalRunnable.java:30)
	... 1 more
Caused by: java.net.ConnectException: Connection refused
	... 11 more
2019-10-20 18:19:06,490 [b75f8b2e-6273-4c97-b7c5-042674931d23@group-F11756C8BA4A-LeaderElection477] INFO  impl.LeaderElection (LogUtils.java:infoOrTrace(149)) - b75f8b2e-6273-4c97-b7c5-042674931d23@group-F11756C8BA4A-LeaderElection477 got exception when requesting votes: {}
java.util.concurrent.ExecutionException: org.apache.ratis.thirdparty.io.grpc.StatusRuntimeException: UNAVAILABLE: io exception
	at java.util.concurrent.FutureTask.report(FutureTask.java:122)
	at java.util.concurrent.FutureTask.get(FutureTask.java:192)
	at org.apache.ratis.server.impl.LeaderElection.waitForResults(LeaderElection.java:259)
	at org.apache.ratis.server.impl.LeaderElection.askForVotes(LeaderElection.java:197)
	at org.apache.ratis.server.impl.LeaderElection.run(LeaderElection.java:133)
	at java.lang.Thread.run(Thread.java:748)
Caused by: org.apache.ratis.thirdparty.io.grpc.StatusRuntimeException: UNAVAILABLE: io exception
	at org.apache.ratis.thirdparty.io.grpc.stub.ClientCalls.toStatusRuntimeException(ClientCalls.java:233)
	at org.apache.ratis.thirdparty.io.grpc.stub.ClientCalls.getUnchecked(ClientCalls.java:214)
	at org.apache.ratis.thirdparty.io.grpc.stub.ClientCalls.blockingUnaryCall(ClientCalls.java:139)
	at org.apache.ratis.proto.grpc.RaftServerProtocolServiceGrpc$RaftServerProtocolServiceBlockingStub.requestVote(RaftServerProtocolServiceGrpc.java:265)
	at org.apache.ratis.grpc.server.GrpcServerProtocolClient.requestVote(GrpcServerProtocolClient.java:99)
	at org.apache.ratis.grpc.server.GrpcService.requestVote(GrpcService.java:204)
	at org.apache.ratis.server.impl.LeaderElection.lambda$submitRequests$1(LeaderElection.java:234)
	at java.util.concurrent.FutureTask.run(FutureTask.java:266)
	at java.util.concurrent.Executors$RunnableAdapter.call(Executors.java:511)
	at java.util.concurrent.FutureTask.run(FutureTask.java:266)
	at java.util.concurrent.ThreadPoolExecutor.runWorker(ThreadPoolExecutor.java:1149)
	at java.util.concurrent.ThreadPoolExecutor$Worker.run(ThreadPoolExecutor.java:624)
	... 1 more
Caused by: org.apache.ratis.thirdparty.io.netty.channel.AbstractChannel$AnnotatedConnectException: Connection refused: /192.168.164.241:46227
	at sun.nio.ch.SocketChannelImpl.checkConnect(Native Method)
	at sun.nio.ch.SocketChannelImpl.finishConnect(SocketChannelImpl.java:717)
	at org.apache.ratis.thirdparty.io.netty.channel.socket.nio.NioSocketChannel.doFinishConnect(NioSocketChannel.java:327)
	at org.apache.ratis.thirdparty.io.netty.channel.nio.AbstractNioChannel$AbstractNioUnsafe.finishConnect(AbstractNioChannel.java:340)
	at org.apache.ratis.thirdparty.io.netty.channel.nio.NioEventLoop.processSelectedKey(NioEventLoop.java:632)
	at org.apache.ratis.thirdparty.io.netty.channel.nio.NioEventLoop.processSelectedKeysOptimized(NioEventLoop.java:579)
	at org.apache.ratis.thirdparty.io.netty.channel.nio.NioEventLoop.processSelectedKeys(NioEventLoop.java:496)
	at org.apache.ratis.thirdparty.io.netty.channel.nio.NioEventLoop.run(NioEventLoop.java:458)
	at org.apache.ratis.thirdparty.io.netty.util.concurrent.SingleThreadEventExecutor$5.run(SingleThreadEventExecutor.java:897)
	at org.apache.ratis.thirdparty.io.netty.util.concurrent.FastThreadLocalRunnable.run(FastThreadLocalRunnable.java:30)
	... 1 more
Caused by: java.net.ConnectException: Connection refused
	... 11 more
2019-10-20 18:19:06,490 [7a43c46a-fc88-4b2d-b2da-ae029cfa60ff@group-D40A05E2FCF9-LeaderElection476] INFO  impl.LeaderElection (LogUtils.java:infoOrTrace(149)) - 7a43c46a-fc88-4b2d-b2da-ae029cfa60ff@group-D40A05E2FCF9-LeaderElection476 got exception when requesting votes: {}
java.util.concurrent.ExecutionException: org.apache.ratis.thirdparty.io.grpc.StatusRuntimeException: UNAVAILABLE: io exception
	at java.util.concurrent.FutureTask.report(FutureTask.java:122)
	at java.util.concurrent.FutureTask.get(FutureTask.java:192)
	at org.apache.ratis.server.impl.LeaderElection.waitForResults(LeaderElection.java:259)
	at org.apache.ratis.server.impl.LeaderElection.askForVotes(LeaderElection.java:197)
	at org.apache.ratis.server.impl.LeaderElection.run(LeaderElection.java:133)
	at java.lang.Thread.run(Thread.java:748)
Caused by: org.apache.ratis.thirdparty.io.grpc.StatusRuntimeException: UNAVAILABLE: io exception
	at org.apache.ratis.thirdparty.io.grpc.stub.ClientCalls.toStatusRuntimeException(ClientCalls.java:233)
	at org.apache.ratis.thirdparty.io.grpc.stub.ClientCalls.getUnchecked(ClientCalls.java:214)
	at org.apache.ratis.thirdparty.io.grpc.stub.ClientCalls.blockingUnaryCall(ClientCalls.java:139)
	at org.apache.ratis.proto.grpc.RaftServerProtocolServiceGrpc$RaftServerProtocolServiceBlockingStub.requestVote(RaftServerProtocolServiceGrpc.java:265)
	at org.apache.ratis.grpc.server.GrpcServerProtocolClient.requestVote(GrpcServerProtocolClient.java:99)
	at org.apache.ratis.grpc.server.GrpcService.requestVote(GrpcService.java:204)
	at org.apache.ratis.server.impl.LeaderElection.lambda$submitRequests$1(LeaderElection.java:234)
	at java.util.concurrent.FutureTask.run(FutureTask.java:266)
	at java.util.concurrent.Executors$RunnableAdapter.call(Executors.java:511)
	at java.util.concurrent.FutureTask.run(FutureTask.java:266)
	at java.util.concurrent.ThreadPoolExecutor.runWorker(ThreadPoolExecutor.java:1149)
	at java.util.concurrent.ThreadPoolExecutor$Worker.run(ThreadPoolExecutor.java:624)
	... 1 more
Caused by: org.apache.ratis.thirdparty.io.netty.channel.AbstractChannel$AnnotatedConnectException: Connection refused: /192.168.164.241:45428
	at sun.nio.ch.SocketChannelImpl.checkConnect(Native Method)
	at sun.nio.ch.SocketChannelImpl.finishConnect(SocketChannelImpl.java:717)
	at org.apache.ratis.thirdparty.io.netty.channel.socket.nio.NioSocketChannel.doFinishConnect(NioSocketChannel.java:327)
	at org.apache.ratis.thirdparty.io.netty.channel.nio.AbstractNioChannel$AbstractNioUnsafe.finishConnect(AbstractNioChannel.java:340)
	at org.apache.ratis.thirdparty.io.netty.channel.nio.NioEventLoop.processSelectedKey(NioEventLoop.java:632)
	at org.apache.ratis.thirdparty.io.netty.channel.nio.NioEventLoop.processSelectedKeysOptimized(NioEventLoop.java:579)
	at org.apache.ratis.thirdparty.io.netty.channel.nio.NioEventLoop.processSelectedKeys(NioEventLoop.java:496)
	at org.apache.ratis.thirdparty.io.netty.channel.nio.NioEventLoop.run(NioEventLoop.java:458)
	at org.apache.ratis.thirdparty.io.netty.util.concurrent.SingleThreadEventExecutor$5.run(SingleThreadEventExecutor.java:897)
	at org.apache.ratis.thirdparty.io.netty.util.concurrent.FastThreadLocalRunnable.run(FastThreadLocalRunnable.java:30)
	... 1 more
Caused by: java.net.ConnectException: Connection refused
	... 11 more
2019-10-20 18:19:06,490 [grpc-default-executor-4] INFO  impl.RaftServerImpl (RaftServerImpl.java:setRole(184)) - 6ef27e9c-8ddb-4fa1-8c14-ab102acfb1b8@group-F11756C8BA4A: changes role from  FOLLOWER to FOLLOWER at term 284 for recognizeCandidate:b75f8b2e-6273-4c97-b7c5-042674931d23
2019-10-20 18:19:06,491 [7a43c46a-fc88-4b2d-b2da-ae029cfa60ff@group-D40A05E2FCF9-LeaderElection476] INFO  impl.LeaderElection (LeaderElection.java:logAndReturn(56)) - 7a43c46a-fc88-4b2d-b2da-ae029cfa60ff@group-D40A05E2FCF9-LeaderElection476: Election REJECTED; received 0 response(s) [] and 2 exception(s); 7a43c46a-fc88-4b2d-b2da-ae029cfa60ff@group-D40A05E2FCF9:t261, leader=null, voted=7a43c46a-fc88-4b2d-b2da-ae029cfa60ff, raftlog=7a43c46a-fc88-4b2d-b2da-ae029cfa60ff@group-D40A05E2FCF9-SegmentedRaftLog:OPENED:c0,f0,i0, conf=0: [399079f7-1eb1-4f37-b003-267572525934:192.168.164.241:37762, 7a43c46a-fc88-4b2d-b2da-ae029cfa60ff:192.168.164.241:43684, 6c5c38af-62e6-4ea7-a24a-078dcb28fb39:192.168.164.241:45428], old=null
2019-10-20 18:19:06,491 [grpc-default-executor-4] INFO  impl.RoleInfo (RoleInfo.java:shutdownFollowerState(121)) - 6ef27e9c-8ddb-4fa1-8c14-ab102acfb1b8: shutdown FollowerState
2019-10-20 18:19:06,491 [7a43c46a-fc88-4b2d-b2da-ae029cfa60ff@group-D40A05E2FCF9-LeaderElection476] INFO  impl.LeaderElection (LogUtils.java:infoOrTrace(149)) -   Exception 0: {}
java.util.concurrent.ExecutionException: org.apache.ratis.thirdparty.io.grpc.StatusRuntimeException: UNAVAILABLE: io exception
	at java.util.concurrent.FutureTask.report(FutureTask.java:122)
	at java.util.concurrent.FutureTask.get(FutureTask.java:192)
	at org.apache.ratis.server.impl.LeaderElection.waitForResults(LeaderElection.java:259)
	at org.apache.ratis.server.impl.LeaderElection.askForVotes(LeaderElection.java:197)
	at org.apache.ratis.server.impl.LeaderElection.run(LeaderElection.java:133)
	at java.lang.Thread.run(Thread.java:748)
Caused by: org.apache.ratis.thirdparty.io.grpc.StatusRuntimeException: UNAVAILABLE: io exception
	at org.apache.ratis.thirdparty.io.grpc.stub.ClientCalls.toStatusRuntimeException(ClientCalls.java:233)
	at org.apache.ratis.thirdparty.io.grpc.stub.ClientCalls.getUnchecked(ClientCalls.java:214)
	at org.apache.ratis.thirdparty.io.grpc.stub.ClientCalls.blockingUnaryCall(ClientCalls.java:139)
	at org.apache.ratis.proto.grpc.RaftServerProtocolServiceGrpc$RaftServerProtocolServiceBlockingStub.requestVote(RaftServerProtocolServiceGrpc.java:265)
	at org.apache.ratis.grpc.server.GrpcServerProtocolClient.requestVote(GrpcServerProtocolClient.java:99)
	at org.apache.ratis.grpc.server.GrpcService.requestVote(GrpcService.java:204)
	at org.apache.ratis.server.impl.LeaderElection.lambda$submitRequests$1(LeaderElection.java:234)
	at java.util.concurrent.FutureTask.run(FutureTask.java:266)
	at java.util.concurrent.Executors$RunnableAdapter.call(Executors.java:511)
	at java.util.concurrent.FutureTask.run(FutureTask.java:266)
	at java.util.concurrent.ThreadPoolExecutor.runWorker(ThreadPoolExecutor.java:1149)
	at java.util.concurrent.ThreadPoolExecutor$Worker.run(ThreadPoolExecutor.java:624)
	... 1 more
Caused by: org.apache.ratis.thirdparty.io.netty.channel.AbstractChannel$AnnotatedConnectException: Connection refused: /192.168.164.241:37762
	at sun.nio.ch.SocketChannelImpl.checkConnect(Native Method)
	at sun.nio.ch.SocketChannelImpl.finishConnect(SocketChannelImpl.java:717)
	at org.apache.ratis.thirdparty.io.netty.channel.socket.nio.NioSocketChannel.doFinishConnect(NioSocketChannel.java:327)
	at org.apache.ratis.thirdparty.io.netty.channel.nio.AbstractNioChannel$AbstractNioUnsafe.finishConnect(AbstractNioChannel.java:340)
	at org.apache.ratis.thirdparty.io.netty.channel.nio.NioEventLoop.processSelectedKey(NioEventLoop.java:632)
	at org.apache.ratis.thirdparty.io.netty.channel.nio.NioEventLoop.processSelectedKeysOptimized(NioEventLoop.java:579)
	at org.apache.ratis.thirdparty.io.netty.channel.nio.NioEventLoop.processSelectedKeys(NioEventLoop.java:496)
	at org.apache.ratis.thirdparty.io.netty.channel.nio.NioEventLoop.run(NioEventLoop.java:458)
	at org.apache.ratis.thirdparty.io.netty.util.concurrent.SingleThreadEventExecutor$5.run(SingleThreadEventExecutor.java:897)
	at org.apache.ratis.thirdparty.io.netty.util.concurrent.FastThreadLocalRunnable.run(FastThreadLocalRunnable.java:30)
	... 1 more
Caused by: java.net.ConnectException: Connection refused
	... 11 more
2019-10-20 18:19:06,491 [7a43c46a-fc88-4b2d-b2da-ae029cfa60ff@group-D40A05E2FCF9-LeaderElection476] INFO  impl.LeaderElection (LogUtils.java:infoOrTrace(149)) -   Exception 1: {}
java.util.concurrent.ExecutionException: org.apache.ratis.thirdparty.io.grpc.StatusRuntimeException: UNAVAILABLE: io exception
	at java.util.concurrent.FutureTask.report(FutureTask.java:122)
	at java.util.concurrent.FutureTask.get(FutureTask.java:192)
	at org.apache.ratis.server.impl.LeaderElection.waitForResults(LeaderElection.java:259)
	at org.apache.ratis.server.impl.LeaderElection.askForVotes(LeaderElection.java:197)
	at org.apache.ratis.server.impl.LeaderElection.run(LeaderElection.java:133)
	at java.lang.Thread.run(Thread.java:748)
Caused by: org.apache.ratis.thirdparty.io.grpc.StatusRuntimeException: UNAVAILABLE: io exception
	at org.apache.ratis.thirdparty.io.grpc.stub.ClientCalls.toStatusRuntimeException(ClientCalls.java:233)
	at org.apache.ratis.thirdparty.io.grpc.stub.ClientCalls.getUnchecked(ClientCalls.java:214)
	at org.apache.ratis.thirdparty.io.grpc.stub.ClientCalls.blockingUnaryCall(ClientCalls.java:139)
	at org.apache.ratis.proto.grpc.RaftServerProtocolServiceGrpc$RaftServerProtocolServiceBlockingStub.requestVote(RaftServerProtocolServiceGrpc.java:265)
	at org.apache.ratis.grpc.server.GrpcServerProtocolClient.requestVote(GrpcServerProtocolClient.java:99)
	at org.apache.ratis.grpc.server.GrpcService.requestVote(GrpcService.java:204)
	at org.apache.ratis.server.impl.LeaderElection.lambda$submitRequests$1(LeaderElection.java:234)
	at java.util.concurrent.FutureTask.run(FutureTask.java:266)
	at java.util.concurrent.Executors$RunnableAdapter.call(Executors.java:511)
	at java.util.concurrent.FutureTask.run(FutureTask.java:266)
	at java.util.concurrent.ThreadPoolExecutor.runWorker(ThreadPoolExecutor.java:1149)
	at java.util.concurrent.ThreadPoolExecutor$Worker.run(ThreadPoolExecutor.java:624)
	... 1 more
Caused by: org.apache.ratis.thirdparty.io.netty.channel.AbstractChannel$AnnotatedConnectException: Connection refused: /192.168.164.241:45428
	at sun.nio.ch.SocketChannelImpl.checkConnect(Native Method)
	at sun.nio.ch.SocketChannelImpl.finishConnect(SocketChannelImpl.java:717)
	at org.apache.ratis.thirdparty.io.netty.channel.socket.nio.NioSocketChannel.doFinishConnect(NioSocketChannel.java:327)
	at org.apache.ratis.thirdparty.io.netty.channel.nio.AbstractNioChannel$AbstractNioUnsafe.finishConnect(AbstractNioChannel.java:340)
	at org.apache.ratis.thirdparty.io.netty.channel.nio.NioEventLoop.processSelectedKey(NioEventLoop.java:632)
	at org.apache.ratis.thirdparty.io.netty.channel.nio.NioEventLoop.processSelectedKeysOptimized(NioEventLoop.java:579)
	at org.apache.ratis.thirdparty.io.netty.channel.nio.NioEventLoop.processSelectedKeys(NioEventLoop.java:496)
	at org.apache.ratis.thirdparty.io.netty.channel.nio.NioEventLoop.run(NioEventLoop.java:458)
	at org.apache.ratis.thirdparty.io.netty.util.concurrent.SingleThreadEventExecutor$5.run(SingleThreadEventExecutor.java:897)
	at org.apache.ratis.thirdparty.io.netty.util.concurrent.FastThreadLocalRunnable.run(FastThreadLocalRunnable.java:30)
	... 1 more
Caused by: java.net.ConnectException: Connection refused
	... 11 more
2019-10-20 18:19:06,491 [Thread-3599] INFO  impl.FollowerState (FollowerState.java:run(117)) - 6ef27e9c-8ddb-4fa1-8c14-ab102acfb1b8@group-F11756C8BA4A-FollowerState was interrupted: java.lang.InterruptedException: sleep interrupted
2019-10-20 18:19:06,491 [grpc-default-executor-4] INFO  impl.RoleInfo (RoleInfo.java:updateAndGet(143)) - 6ef27e9c-8ddb-4fa1-8c14-ab102acfb1b8: start FollowerState
2019-10-20 18:19:06,492 [7a43c46a-fc88-4b2d-b2da-ae029cfa60ff@group-D40A05E2FCF9-LeaderElection476] INFO  impl.RaftServerImpl (RaftServerImpl.java:setRole(184)) - 7a43c46a-fc88-4b2d-b2da-ae029cfa60ff@group-D40A05E2FCF9: changes role from CANDIDATE to FOLLOWER at term 261 for DISCOVERED_A_NEW_TERM
2019-10-20 18:19:06,492 [7a43c46a-fc88-4b2d-b2da-ae029cfa60ff@group-D40A05E2FCF9-LeaderElection476] INFO  impl.RoleInfo (RoleInfo.java:shutdownLeaderElection(134)) - 7a43c46a-fc88-4b2d-b2da-ae029cfa60ff: shutdown LeaderElection
2019-10-20 18:19:06,492 [7a43c46a-fc88-4b2d-b2da-ae029cfa60ff@group-D40A05E2FCF9-LeaderElection476] INFO  impl.RoleInfo (RoleInfo.java:updateAndGet(143)) - 7a43c46a-fc88-4b2d-b2da-ae029cfa60ff: start FollowerState
2019-10-20 18:19:06,495 [b75f8b2e-6273-4c97-b7c5-042674931d23@group-F11756C8BA4A-LeaderElection477] INFO  impl.LeaderElection (LeaderElection.java:logAndReturn(56)) - b75f8b2e-6273-4c97-b7c5-042674931d23@group-F11756C8BA4A-LeaderElection477: Election TIMEOUT; received 0 response(s) [] and 1 exception(s); b75f8b2e-6273-4c97-b7c5-042674931d23@group-F11756C8BA4A:t284, leader=null, voted=b75f8b2e-6273-4c97-b7c5-042674931d23, raftlog=b75f8b2e-6273-4c97-b7c5-042674931d23@group-F11756C8BA4A-SegmentedRaftLog:OPENED:c-1,f-1,i0, conf=-1: [6ef27e9c-8ddb-4fa1-8c14-ab102acfb1b8:192.168.164.241:38092, b75f8b2e-6273-4c97-b7c5-042674931d23:192.168.164.241:41857, 3750b3a2-715b-46b3-9d0c-9e38136244b9:192.168.164.241:46227], old=null
2019-10-20 18:19:06,496 [b75f8b2e-6273-4c97-b7c5-042674931d23@group-F11756C8BA4A-LeaderElection477] INFO  impl.LeaderElection (LogUtils.java:infoOrTrace(149)) -   Exception 0: {}
java.util.concurrent.ExecutionException: org.apache.ratis.thirdparty.io.grpc.StatusRuntimeException: UNAVAILABLE: io exception
	at java.util.concurrent.FutureTask.report(FutureTask.java:122)
	at java.util.concurrent.FutureTask.get(FutureTask.java:192)
	at org.apache.ratis.server.impl.LeaderElection.waitForResults(LeaderElection.java:259)
	at org.apache.ratis.server.impl.LeaderElection.askForVotes(LeaderElection.java:197)
	at org.apache.ratis.server.impl.LeaderElection.run(LeaderElection.java:133)
	at java.lang.Thread.run(Thread.java:748)
Caused by: org.apache.ratis.thirdparty.io.grpc.StatusRuntimeException: UNAVAILABLE: io exception
	at org.apache.ratis.thirdparty.io.grpc.stub.ClientCalls.toStatusRuntimeException(ClientCalls.java:233)
	at org.apache.ratis.thirdparty.io.grpc.stub.ClientCalls.getUnchecked(ClientCalls.java:214)
	at org.apache.ratis.thirdparty.io.grpc.stub.ClientCalls.blockingUnaryCall(ClientCalls.java:139)
	at org.apache.ratis.proto.grpc.RaftServerProtocolServiceGrpc$RaftServerProtocolServiceBlockingStub.requestVote(RaftServerProtocolServiceGrpc.java:265)
	at org.apache.ratis.grpc.server.GrpcServerProtocolClient.requestVote(GrpcServerProtocolClient.java:99)
	at org.apache.ratis.grpc.server.GrpcService.requestVote(GrpcService.java:204)
	at org.apache.ratis.server.impl.LeaderElection.lambda$submitRequests$1(LeaderElection.java:234)
	at java.util.concurrent.FutureTask.run(FutureTask.java:266)
	at java.util.concurrent.Executors$RunnableAdapter.call(Executors.java:511)
	at java.util.concurrent.FutureTask.run(FutureTask.java:266)
	at java.util.concurrent.ThreadPoolExecutor.runWorker(ThreadPoolExecutor.java:1149)
	at java.util.concurrent.ThreadPoolExecutor$Worker.run(ThreadPoolExecutor.java:624)
	... 1 more
Caused by: org.apache.ratis.thirdparty.io.netty.channel.AbstractChannel$AnnotatedConnectException: Connection refused: /192.168.164.241:46227
	at sun.nio.ch.SocketChannelImpl.checkConnect(Native Method)
	at sun.nio.ch.SocketChannelImpl.finishConnect(SocketChannelImpl.java:717)
	at org.apache.ratis.thirdparty.io.netty.channel.socket.nio.NioSocketChannel.doFinishConnect(NioSocketChannel.java:327)
	at org.apache.ratis.thirdparty.io.netty.channel.nio.AbstractNioChannel$AbstractNioUnsafe.finishConnect(AbstractNioChannel.java:340)
	at org.apache.ratis.thirdparty.io.netty.channel.nio.NioEventLoop.processSelectedKey(NioEventLoop.java:632)
	at org.apache.ratis.thirdparty.io.netty.channel.nio.NioEventLoop.processSelectedKeysOptimized(NioEventLoop.java:579)
	at org.apache.ratis.thirdparty.io.netty.channel.nio.NioEventLoop.processSelectedKeys(NioEventLoop.java:496)
	at org.apache.ratis.thirdparty.io.netty.channel.nio.NioEventLoop.run(NioEventLoop.java:458)
	at org.apache.ratis.thirdparty.io.netty.util.concurrent.SingleThreadEventExecutor$5.run(SingleThreadEventExecutor.java:897)
	at org.apache.ratis.thirdparty.io.netty.util.concurrent.FastThreadLocalRunnable.run(FastThreadLocalRunnable.java:30)
	... 1 more
Caused by: java.net.ConnectException: Connection refused
	... 11 more
2019-10-20 18:19:06,524 [b75f8b2e-6273-4c97-b7c5-042674931d23@group-F11756C8BA4A-LeaderElection477] INFO  impl.LeaderElection (LeaderElection.java:askForVotes(178)) - b75f8b2e-6273-4c97-b7c5-042674931d23@group-F11756C8BA4A-LeaderElection477: begin an election at term 285 for -1: [6ef27e9c-8ddb-4fa1-8c14-ab102acfb1b8:192.168.164.241:38092, b75f8b2e-6273-4c97-b7c5-042674931d23:192.168.164.241:41857, 3750b3a2-715b-46b3-9d0c-9e38136244b9:192.168.164.241:46227], old=null
2019-10-20 18:19:06,525 [b75f8b2e-6273-4c97-b7c5-042674931d23@group-F11756C8BA4A-LeaderElection477] INFO  impl.LeaderElection (LogUtils.java:infoOrTrace(149)) - b75f8b2e-6273-4c97-b7c5-042674931d23@group-F11756C8BA4A-LeaderElection477 got exception when requesting votes: {}
java.util.concurrent.ExecutionException: org.apache.ratis.thirdparty.io.grpc.StatusRuntimeException: UNAVAILABLE: io exception
	at java.util.concurrent.FutureTask.report(FutureTask.java:122)
	at java.util.concurrent.FutureTask.get(FutureTask.java:192)
	at org.apache.ratis.server.impl.LeaderElection.waitForResults(LeaderElection.java:259)
	at org.apache.ratis.server.impl.LeaderElection.askForVotes(LeaderElection.java:197)
	at org.apache.ratis.server.impl.LeaderElection.run(LeaderElection.java:133)
	at java.lang.Thread.run(Thread.java:748)
Caused by: org.apache.ratis.thirdparty.io.grpc.StatusRuntimeException: UNAVAILABLE: io exception
	at org.apache.ratis.thirdparty.io.grpc.stub.ClientCalls.toStatusRuntimeException(ClientCalls.java:233)
	at org.apache.ratis.thirdparty.io.grpc.stub.ClientCalls.getUnchecked(ClientCalls.java:214)
	at org.apache.ratis.thirdparty.io.grpc.stub.ClientCalls.blockingUnaryCall(ClientCalls.java:139)
	at org.apache.ratis.proto.grpc.RaftServerProtocolServiceGrpc$RaftServerProtocolServiceBlockingStub.requestVote(RaftServerProtocolServiceGrpc.java:265)
	at org.apache.ratis.grpc.server.GrpcServerProtocolClient.requestVote(GrpcServerProtocolClient.java:99)
	at org.apache.ratis.grpc.server.GrpcService.requestVote(GrpcService.java:204)
	at org.apache.ratis.server.impl.LeaderElection.lambda$submitRequests$1(LeaderElection.java:234)
	at java.util.concurrent.FutureTask.run(FutureTask.java:266)
	at java.util.concurrent.Executors$RunnableAdapter.call(Executors.java:511)
	at java.util.concurrent.FutureTask.run(FutureTask.java:266)
	at java.util.concurrent.ThreadPoolExecutor.runWorker(ThreadPoolExecutor.java:1149)
	at java.util.concurrent.ThreadPoolExecutor$Worker.run(ThreadPoolExecutor.java:624)
	... 1 more
Caused by: org.apache.ratis.thirdparty.io.netty.channel.AbstractChannel$AnnotatedConnectException: Connection refused: /192.168.164.241:46227
	at sun.nio.ch.SocketChannelImpl.checkConnect(Native Method)
	at sun.nio.ch.SocketChannelImpl.finishConnect(SocketChannelImpl.java:717)
	at org.apache.ratis.thirdparty.io.netty.channel.socket.nio.NioSocketChannel.doFinishConnect(NioSocketChannel.java:327)
	at org.apache.ratis.thirdparty.io.netty.channel.nio.AbstractNioChannel$AbstractNioUnsafe.finishConnect(AbstractNioChannel.java:340)
	at org.apache.ratis.thirdparty.io.netty.channel.nio.NioEventLoop.processSelectedKey(NioEventLoop.java:632)
	at org.apache.ratis.thirdparty.io.netty.channel.nio.NioEventLoop.processSelectedKeysOptimized(NioEventLoop.java:579)
	at org.apache.ratis.thirdparty.io.netty.channel.nio.NioEventLoop.processSelectedKeys(NioEventLoop.java:496)
	at org.apache.ratis.thirdparty.io.netty.channel.nio.NioEventLoop.run(NioEventLoop.java:458)
	at org.apache.ratis.thirdparty.io.netty.util.concurrent.SingleThreadEventExecutor$5.run(SingleThreadEventExecutor.java:897)
	at org.apache.ratis.thirdparty.io.netty.util.concurrent.FastThreadLocalRunnable.run(FastThreadLocalRunnable.java:30)
	... 1 more
Caused by: java.net.ConnectException: Connection refused
	... 11 more
2019-10-20 18:19:06,525 [grpc-default-executor-4] INFO  impl.RaftServerImpl (RaftServerImpl.java:setRole(184)) - 6ef27e9c-8ddb-4fa1-8c14-ab102acfb1b8@group-F11756C8BA4A: changes role from  FOLLOWER to FOLLOWER at term 285 for recognizeCandidate:b75f8b2e-6273-4c97-b7c5-042674931d23
2019-10-20 18:19:06,526 [grpc-default-executor-4] INFO  impl.RoleInfo (RoleInfo.java:shutdownFollowerState(121)) - 6ef27e9c-8ddb-4fa1-8c14-ab102acfb1b8: shutdown FollowerState
2019-10-20 18:19:06,526 [grpc-default-executor-4] INFO  impl.RoleInfo (RoleInfo.java:updateAndGet(143)) - 6ef27e9c-8ddb-4fa1-8c14-ab102acfb1b8: start FollowerState
2019-10-20 18:19:06,526 [Thread-3607] INFO  impl.FollowerState (FollowerState.java:run(117)) - 6ef27e9c-8ddb-4fa1-8c14-ab102acfb1b8@group-F11756C8BA4A-FollowerState was interrupted: java.lang.InterruptedException: sleep interrupted
2019-10-20 18:19:06,559 [b75f8b2e-6273-4c97-b7c5-042674931d23@group-F11756C8BA4A-LeaderElection477] INFO  impl.LeaderElection (LeaderElection.java:logAndReturn(56)) - b75f8b2e-6273-4c97-b7c5-042674931d23@group-F11756C8BA4A-LeaderElection477: Election REJECTED; received 1 response(s) [b75f8b2e-6273-4c97-b7c5-042674931d23<-6ef27e9c-8ddb-4fa1-8c14-ab102acfb1b8#0:FAIL-t285] and 1 exception(s); b75f8b2e-6273-4c97-b7c5-042674931d23@group-F11756C8BA4A:t285, leader=null, voted=b75f8b2e-6273-4c97-b7c5-042674931d23, raftlog=b75f8b2e-6273-4c97-b7c5-042674931d23@group-F11756C8BA4A-SegmentedRaftLog:OPENED:c-1,f-1,i0, conf=-1: [6ef27e9c-8ddb-4fa1-8c14-ab102acfb1b8:192.168.164.241:38092, b75f8b2e-6273-4c97-b7c5-042674931d23:192.168.164.241:41857, 3750b3a2-715b-46b3-9d0c-9e38136244b9:192.168.164.241:46227], old=null
2019-10-20 18:19:06,559 [b75f8b2e-6273-4c97-b7c5-042674931d23@group-F11756C8BA4A-LeaderElection477] INFO  impl.LeaderElection (LogUtils.java:infoOrTrace(149)) -   Exception 0: {}
java.util.concurrent.ExecutionException: org.apache.ratis.thirdparty.io.grpc.StatusRuntimeException: UNAVAILABLE: io exception
	at java.util.concurrent.FutureTask.report(FutureTask.java:122)
	at java.util.concurrent.FutureTask.get(FutureTask.java:192)
	at org.apache.ratis.server.impl.LeaderElection.waitForResults(LeaderElection.java:259)
	at org.apache.ratis.server.impl.LeaderElection.askForVotes(LeaderElection.java:197)
	at org.apache.ratis.server.impl.LeaderElection.run(LeaderElection.java:133)
	at java.lang.Thread.run(Thread.java:748)
Caused by: org.apache.ratis.thirdparty.io.grpc.StatusRuntimeException: UNAVAILABLE: io exception
	at org.apache.ratis.thirdparty.io.grpc.stub.ClientCalls.toStatusRuntimeException(ClientCalls.java:233)
	at org.apache.ratis.thirdparty.io.grpc.stub.ClientCalls.getUnchecked(ClientCalls.java:214)
	at org.apache.ratis.thirdparty.io.grpc.stub.ClientCalls.blockingUnaryCall(ClientCalls.java:139)
	at org.apache.ratis.proto.grpc.RaftServerProtocolServiceGrpc$RaftServerProtocolServiceBlockingStub.requestVote(RaftServerProtocolServiceGrpc.java:265)
	at org.apache.ratis.grpc.server.GrpcServerProtocolClient.requestVote(GrpcServerProtocolClient.java:99)
	at org.apache.ratis.grpc.server.GrpcService.requestVote(GrpcService.java:204)
	at org.apache.ratis.server.impl.LeaderElection.lambda$submitRequests$1(LeaderElection.java:234)
	at java.util.concurrent.FutureTask.run(FutureTask.java:266)
	at java.util.concurrent.Executors$RunnableAdapter.call(Executors.java:511)
	at java.util.concurrent.FutureTask.run(FutureTask.java:266)
	at java.util.concurrent.ThreadPoolExecutor.runWorker(ThreadPoolExecutor.java:1149)
	at java.util.concurrent.ThreadPoolExecutor$Worker.run(ThreadPoolExecutor.java:624)
	... 1 more
Caused by: org.apache.ratis.thirdparty.io.netty.channel.AbstractChannel$AnnotatedConnectException: Connection refused: /192.168.164.241:46227
	at sun.nio.ch.SocketChannelImpl.checkConnect(Native Method)
	at sun.nio.ch.SocketChannelImpl.finishConnect(SocketChannelImpl.java:717)
	at org.apache.ratis.thirdparty.io.netty.channel.socket.nio.NioSocketChannel.doFinishConnect(NioSocketChannel.java:327)
	at org.apache.ratis.thirdparty.io.netty.channel.nio.AbstractNioChannel$AbstractNioUnsafe.finishConnect(AbstractNioChannel.java:340)
	at org.apache.ratis.thirdparty.io.netty.channel.nio.NioEventLoop.processSelectedKey(NioEventLoop.java:632)
	at org.apache.ratis.thirdparty.io.netty.channel.nio.NioEventLoop.processSelectedKeysOptimized(NioEventLoop.java:579)
	at org.apache.ratis.thirdparty.io.netty.channel.nio.NioEventLoop.processSelectedKeys(NioEventLoop.java:496)
	at org.apache.ratis.thirdparty.io.netty.channel.nio.NioEventLoop.run(NioEventLoop.java:458)
	at org.apache.ratis.thirdparty.io.netty.util.concurrent.SingleThreadEventExecutor$5.run(SingleThreadEventExecutor.java:897)
	at org.apache.ratis.thirdparty.io.netty.util.concurrent.FastThreadLocalRunnable.run(FastThreadLocalRunnable.java:30)
	... 1 more
Caused by: java.net.ConnectException: Connection refused
	... 11 more
2019-10-20 18:19:06,559 [b75f8b2e-6273-4c97-b7c5-042674931d23@group-F11756C8BA4A-LeaderElection477] INFO  impl.RaftServerImpl (RaftServerImpl.java:setRole(184)) - b75f8b2e-6273-4c97-b7c5-042674931d23@group-F11756C8BA4A: changes role from CANDIDATE to FOLLOWER at term 285 for DISCOVERED_A_NEW_TERM
2019-10-20 18:19:06,560 [b75f8b2e-6273-4c97-b7c5-042674931d23@group-F11756C8BA4A-LeaderElection477] INFO  impl.RoleInfo (RoleInfo.java:shutdownLeaderElection(134)) - b75f8b2e-6273-4c97-b7c5-042674931d23: shutdown LeaderElection
2019-10-20 18:19:06,560 [b75f8b2e-6273-4c97-b7c5-042674931d23@group-F11756C8BA4A-LeaderElection477] INFO  impl.RoleInfo (RoleInfo.java:updateAndGet(143)) - b75f8b2e-6273-4c97-b7c5-042674931d23: start FollowerState
2019-10-20 18:19:06,568 [Thread-3612] INFO  impl.FollowerState (FollowerState.java:run(108)) - b75f8b2e-6273-4c97-b7c5-042674931d23@group-F11756C8BA4A-FollowerState: change to CANDIDATE, lastRpcTime:8ms, electionTimeout:8ms
2019-10-20 18:19:06,568 [Thread-3612] INFO  impl.RoleInfo (RoleInfo.java:shutdownFollowerState(121)) - b75f8b2e-6273-4c97-b7c5-042674931d23: shutdown FollowerState
2019-10-20 18:19:06,568 [Thread-3612] INFO  impl.RaftServerImpl (RaftServerImpl.java:setRole(184)) - b75f8b2e-6273-4c97-b7c5-042674931d23@group-F11756C8BA4A: changes role from  FOLLOWER to CANDIDATE at term 285 for changeToCandidate
2019-10-20 18:19:06,568 [Thread-3612] INFO  impl.RoleInfo (RoleInfo.java:updateAndGet(143)) - b75f8b2e-6273-4c97-b7c5-042674931d23: start LeaderElection
2019-10-20 18:19:06,592 [b75f8b2e-6273-4c97-b7c5-042674931d23@group-F11756C8BA4A-LeaderElection478] INFO  impl.LeaderElection (LeaderElection.java:askForVotes(178)) - b75f8b2e-6273-4c97-b7c5-042674931d23@group-F11756C8BA4A-LeaderElection478: begin an election at term 286 for -1: [6ef27e9c-8ddb-4fa1-8c14-ab102acfb1b8:192.168.164.241:38092, b75f8b2e-6273-4c97-b7c5-042674931d23:192.168.164.241:41857, 3750b3a2-715b-46b3-9d0c-9e38136244b9:192.168.164.241:46227], old=null
2019-10-20 18:19:06,593 [b75f8b2e-6273-4c97-b7c5-042674931d23@group-F11756C8BA4A-LeaderElection478] INFO  impl.LeaderElection (LogUtils.java:infoOrTrace(149)) - b75f8b2e-6273-4c97-b7c5-042674931d23@group-F11756C8BA4A-LeaderElection478 got exception when requesting votes: {}
java.util.concurrent.ExecutionException: org.apache.ratis.thirdparty.io.grpc.StatusRuntimeException: UNAVAILABLE: io exception
	at java.util.concurrent.FutureTask.report(FutureTask.java:122)
	at java.util.concurrent.FutureTask.get(FutureTask.java:192)
	at org.apache.ratis.server.impl.LeaderElection.waitForResults(LeaderElection.java:259)
	at org.apache.ratis.server.impl.LeaderElection.askForVotes(LeaderElection.java:197)
	at org.apache.ratis.server.impl.LeaderElection.run(LeaderElection.java:133)
	at java.lang.Thread.run(Thread.java:748)
Caused by: org.apache.ratis.thirdparty.io.grpc.StatusRuntimeException: UNAVAILABLE: io exception
	at org.apache.ratis.thirdparty.io.grpc.stub.ClientCalls.toStatusRuntimeException(ClientCalls.java:233)
	at org.apache.ratis.thirdparty.io.grpc.stub.ClientCalls.getUnchecked(ClientCalls.java:214)
	at org.apache.ratis.thirdparty.io.grpc.stub.ClientCalls.blockingUnaryCall(ClientCalls.java:139)
	at org.apache.ratis.proto.grpc.RaftServerProtocolServiceGrpc$RaftServerProtocolServiceBlockingStub.requestVote(RaftServerProtocolServiceGrpc.java:265)
	at org.apache.ratis.grpc.server.GrpcServerProtocolClient.requestVote(GrpcServerProtocolClient.java:99)
	at org.apache.ratis.grpc.server.GrpcService.requestVote(GrpcService.java:204)
	at org.apache.ratis.server.impl.LeaderElection.lambda$submitRequests$1(LeaderElection.java:234)
	at java.util.concurrent.FutureTask.run(FutureTask.java:266)
	at java.util.concurrent.Executors$RunnableAdapter.call(Executors.java:511)
	at java.util.concurrent.FutureTask.run(FutureTask.java:266)
	at java.util.concurrent.ThreadPoolExecutor.runWorker(ThreadPoolExecutor.java:1149)
	at java.util.concurrent.ThreadPoolExecutor$Worker.run(ThreadPoolExecutor.java:624)
	... 1 more
Caused by: org.apache.ratis.thirdparty.io.netty.channel.AbstractChannel$AnnotatedConnectException: Connection refused: /192.168.164.241:46227
	at sun.nio.ch.SocketChannelImpl.checkConnect(Native Method)
	at sun.nio.ch.SocketChannelImpl.finishConnect(SocketChannelImpl.java:717)
	at org.apache.ratis.thirdparty.io.netty.channel.socket.nio.NioSocketChannel.doFinishConnect(NioSocketChannel.java:327)
	at org.apache.ratis.thirdparty.io.netty.channel.nio.AbstractNioChannel$AbstractNioUnsafe.finishConnect(AbstractNioChannel.java:340)
	at org.apache.ratis.thirdparty.io.netty.channel.nio.NioEventLoop.processSelectedKey(NioEventLoop.java:632)
	at org.apache.ratis.thirdparty.io.netty.channel.nio.NioEventLoop.processSelectedKeysOptimized(NioEventLoop.java:579)
	at org.apache.ratis.thirdparty.io.netty.channel.nio.NioEventLoop.processSelectedKeys(NioEventLoop.java:496)
	at org.apache.ratis.thirdparty.io.netty.channel.nio.NioEventLoop.run(NioEventLoop.java:458)
	at org.apache.ratis.thirdparty.io.netty.util.concurrent.SingleThreadEventExecutor$5.run(SingleThreadEventExecutor.java:897)
	at org.apache.ratis.thirdparty.io.netty.util.concurrent.FastThreadLocalRunnable.run(FastThreadLocalRunnable.java:30)
	... 1 more
Caused by: java.net.ConnectException: Connection refused
	... 11 more
2019-10-20 18:19:06,594 [grpc-default-executor-4] INFO  impl.RaftServerImpl (RaftServerImpl.java:setRole(184)) - 6ef27e9c-8ddb-4fa1-8c14-ab102acfb1b8@group-F11756C8BA4A: changes role from  FOLLOWER to FOLLOWER at term 286 for recognizeCandidate:b75f8b2e-6273-4c97-b7c5-042674931d23
2019-10-20 18:19:06,594 [grpc-default-executor-4] INFO  impl.RoleInfo (RoleInfo.java:shutdownFollowerState(121)) - 6ef27e9c-8ddb-4fa1-8c14-ab102acfb1b8: shutdown FollowerState
2019-10-20 18:19:06,594 [grpc-default-executor-4] INFO  impl.RoleInfo (RoleInfo.java:updateAndGet(143)) - 6ef27e9c-8ddb-4fa1-8c14-ab102acfb1b8: start FollowerState
2019-10-20 18:19:06,594 [Thread-3611] INFO  impl.FollowerState (FollowerState.java:run(117)) - 6ef27e9c-8ddb-4fa1-8c14-ab102acfb1b8@group-F11756C8BA4A-FollowerState was interrupted: java.lang.InterruptedException: sleep interrupted
2019-10-20 18:19:06,627 [b75f8b2e-6273-4c97-b7c5-042674931d23@group-F11756C8BA4A-LeaderElection478] INFO  impl.LeaderElection (LeaderElection.java:logAndReturn(56)) - b75f8b2e-6273-4c97-b7c5-042674931d23@group-F11756C8BA4A-LeaderElection478: Election REJECTED; received 1 response(s) [b75f8b2e-6273-4c97-b7c5-042674931d23<-6ef27e9c-8ddb-4fa1-8c14-ab102acfb1b8#0:FAIL-t286] and 1 exception(s); b75f8b2e-6273-4c97-b7c5-042674931d23@group-F11756C8BA4A:t286, leader=null, voted=b75f8b2e-6273-4c97-b7c5-042674931d23, raftlog=b75f8b2e-6273-4c97-b7c5-042674931d23@group-F11756C8BA4A-SegmentedRaftLog:OPENED:c-1,f-1,i0, conf=-1: [6ef27e9c-8ddb-4fa1-8c14-ab102acfb1b8:192.168.164.241:38092, b75f8b2e-6273-4c97-b7c5-042674931d23:192.168.164.241:41857, 3750b3a2-715b-46b3-9d0c-9e38136244b9:192.168.164.241:46227], old=null
2019-10-20 18:19:06,627 [b75f8b2e-6273-4c97-b7c5-042674931d23@group-F11756C8BA4A-LeaderElection478] INFO  impl.LeaderElection (LogUtils.java:infoOrTrace(149)) -   Exception 0: {}
java.util.concurrent.ExecutionException: org.apache.ratis.thirdparty.io.grpc.StatusRuntimeException: UNAVAILABLE: io exception
	at java.util.concurrent.FutureTask.report(FutureTask.java:122)
	at java.util.concurrent.FutureTask.get(FutureTask.java:192)
	at org.apache.ratis.server.impl.LeaderElection.waitForResults(LeaderElection.java:259)
	at org.apache.ratis.server.impl.LeaderElection.askForVotes(LeaderElection.java:197)
	at org.apache.ratis.server.impl.LeaderElection.run(LeaderElection.java:133)
	at java.lang.Thread.run(Thread.java:748)
Caused by: org.apache.ratis.thirdparty.io.grpc.StatusRuntimeException: UNAVAILABLE: io exception
	at org.apache.ratis.thirdparty.io.grpc.stub.ClientCalls.toStatusRuntimeException(ClientCalls.java:233)
	at org.apache.ratis.thirdparty.io.grpc.stub.ClientCalls.getUnchecked(ClientCalls.java:214)
	at org.apache.ratis.thirdparty.io.grpc.stub.ClientCalls.blockingUnaryCall(ClientCalls.java:139)
	at org.apache.ratis.proto.grpc.RaftServerProtocolServiceGrpc$RaftServerProtocolServiceBlockingStub.requestVote(RaftServerProtocolServiceGrpc.java:265)
	at org.apache.ratis.grpc.server.GrpcServerProtocolClient.requestVote(GrpcServerProtocolClient.java:99)
	at org.apache.ratis.grpc.server.GrpcService.requestVote(GrpcService.java:204)
	at org.apache.ratis.server.impl.LeaderElection.lambda$submitRequests$1(LeaderElection.java:234)
	at java.util.concurrent.FutureTask.run(FutureTask.java:266)
	at java.util.concurrent.Executors$RunnableAdapter.call(Executors.java:511)
	at java.util.concurrent.FutureTask.run(FutureTask.java:266)
	at java.util.concurrent.ThreadPoolExecutor.runWorker(ThreadPoolExecutor.java:1149)
	at java.util.concurrent.ThreadPoolExecutor$Worker.run(ThreadPoolExecutor.java:624)
	... 1 more
Caused by: org.apache.ratis.thirdparty.io.netty.channel.AbstractChannel$AnnotatedConnectException: Connection refused: /192.168.164.241:46227
	at sun.nio.ch.SocketChannelImpl.checkConnect(Native Method)
	at sun.nio.ch.SocketChannelImpl.finishConnect(SocketChannelImpl.java:717)
	at org.apache.ratis.thirdparty.io.netty.channel.socket.nio.NioSocketChannel.doFinishConnect(NioSocketChannel.java:327)
	at org.apache.ratis.thirdparty.io.netty.channel.nio.AbstractNioChannel$AbstractNioUnsafe.finishConnect(AbstractNioChannel.java:340)
	at org.apache.ratis.thirdparty.io.netty.channel.nio.NioEventLoop.processSelectedKey(NioEventLoop.java:632)
	at org.apache.ratis.thirdparty.io.netty.channel.nio.NioEventLoop.processSelectedKeysOptimized(NioEventLoop.java:579)
	at org.apache.ratis.thirdparty.io.netty.channel.nio.NioEventLoop.processSelectedKeys(NioEventLoop.java:496)
	at org.apache.ratis.thirdparty.io.netty.channel.nio.NioEventLoop.run(NioEventLoop.java:458)
	at org.apache.ratis.thirdparty.io.netty.util.concurrent.SingleThreadEventExecutor$5.run(SingleThreadEventExecutor.java:897)
	at org.apache.ratis.thirdparty.io.netty.util.concurrent.FastThreadLocalRunnable.run(FastThreadLocalRunnable.java:30)
	... 1 more
Caused by: java.net.ConnectException: Connection refused
	... 11 more
2019-10-20 18:19:06,627 [b75f8b2e-6273-4c97-b7c5-042674931d23@group-F11756C8BA4A-LeaderElection478] INFO  impl.RaftServerImpl (RaftServerImpl.java:setRole(184)) - b75f8b2e-6273-4c97-b7c5-042674931d23@group-F11756C8BA4A: changes role from CANDIDATE to FOLLOWER at term 286 for DISCOVERED_A_NEW_TERM
2019-10-20 18:19:06,628 [b75f8b2e-6273-4c97-b7c5-042674931d23@group-F11756C8BA4A-LeaderElection478] INFO  impl.RoleInfo (RoleInfo.java:shutdownLeaderElection(134)) - b75f8b2e-6273-4c97-b7c5-042674931d23: shutdown LeaderElection
2019-10-20 18:19:06,628 [b75f8b2e-6273-4c97-b7c5-042674931d23@group-F11756C8BA4A-LeaderElection478] INFO  impl.RoleInfo (RoleInfo.java:updateAndGet(143)) - b75f8b2e-6273-4c97-b7c5-042674931d23: start FollowerState
2019-10-20 18:19:06,632 [Thread-3617] INFO  impl.FollowerState (FollowerState.java:run(108)) - b75f8b2e-6273-4c97-b7c5-042674931d23@group-F11756C8BA4A-FollowerState: change to CANDIDATE, lastRpcTime:4ms, electionTimeout:4ms
2019-10-20 18:19:06,633 [Thread-3617] INFO  impl.RoleInfo (RoleInfo.java:shutdownFollowerState(121)) - b75f8b2e-6273-4c97-b7c5-042674931d23: shutdown FollowerState
2019-10-20 18:19:06,633 [Thread-3617] INFO  impl.RaftServerImpl (RaftServerImpl.java:setRole(184)) - b75f8b2e-6273-4c97-b7c5-042674931d23@group-F11756C8BA4A: changes role from  FOLLOWER to CANDIDATE at term 286 for changeToCandidate
2019-10-20 18:19:06,633 [Thread-3617] INFO  impl.RoleInfo (RoleInfo.java:updateAndGet(143)) - b75f8b2e-6273-4c97-b7c5-042674931d23: start LeaderElection
2019-10-20 18:19:06,660 [b75f8b2e-6273-4c97-b7c5-042674931d23@group-F11756C8BA4A-LeaderElection479] INFO  impl.LeaderElection (LeaderElection.java:askForVotes(178)) - b75f8b2e-6273-4c97-b7c5-042674931d23@group-F11756C8BA4A-LeaderElection479: begin an election at term 287 for -1: [6ef27e9c-8ddb-4fa1-8c14-ab102acfb1b8:192.168.164.241:38092, b75f8b2e-6273-4c97-b7c5-042674931d23:192.168.164.241:41857, 3750b3a2-715b-46b3-9d0c-9e38136244b9:192.168.164.241:46227], old=null
2019-10-20 18:19:06,663 [b75f8b2e-6273-4c97-b7c5-042674931d23@group-F11756C8BA4A-LeaderElection479] INFO  impl.LeaderElection (LogUtils.java:infoOrTrace(149)) - b75f8b2e-6273-4c97-b7c5-042674931d23@group-F11756C8BA4A-LeaderElection479 got exception when requesting votes: {}
java.util.concurrent.ExecutionException: org.apache.ratis.thirdparty.io.grpc.StatusRuntimeException: UNAVAILABLE: io exception
	at java.util.concurrent.FutureTask.report(FutureTask.java:122)
	at java.util.concurrent.FutureTask.get(FutureTask.java:192)
	at org.apache.ratis.server.impl.LeaderElection.waitForResults(LeaderElection.java:259)
	at org.apache.ratis.server.impl.LeaderElection.askForVotes(LeaderElection.java:197)
	at org.apache.ratis.server.impl.LeaderElection.run(LeaderElection.java:133)
	at java.lang.Thread.run(Thread.java:748)
Caused by: org.apache.ratis.thirdparty.io.grpc.StatusRuntimeException: UNAVAILABLE: io exception
	at org.apache.ratis.thirdparty.io.grpc.stub.ClientCalls.toStatusRuntimeException(ClientCalls.java:233)
	at org.apache.ratis.thirdparty.io.grpc.stub.ClientCalls.getUnchecked(ClientCalls.java:214)
	at org.apache.ratis.thirdparty.io.grpc.stub.ClientCalls.blockingUnaryCall(ClientCalls.java:139)
	at org.apache.ratis.proto.grpc.RaftServerProtocolServiceGrpc$RaftServerProtocolServiceBlockingStub.requestVote(RaftServerProtocolServiceGrpc.java:265)
	at org.apache.ratis.grpc.server.GrpcServerProtocolClient.requestVote(GrpcServerProtocolClient.java:99)
	at org.apache.ratis.grpc.server.GrpcService.requestVote(GrpcService.java:204)
	at org.apache.ratis.server.impl.LeaderElection.lambda$submitRequests$1(LeaderElection.java:234)
	at java.util.concurrent.FutureTask.run(FutureTask.java:266)
	at java.util.concurrent.Executors$RunnableAdapter.call(Executors.java:511)
	at java.util.concurrent.FutureTask.run(FutureTask.java:266)
	at java.util.concurrent.ThreadPoolExecutor.runWorker(ThreadPoolExecutor.java:1149)
	at java.util.concurrent.ThreadPoolExecutor$Worker.run(ThreadPoolExecutor.java:624)
	... 1 more
Caused by: org.apache.ratis.thirdparty.io.netty.channel.AbstractChannel$AnnotatedConnectException: Connection refused: /192.168.164.241:46227
	at sun.nio.ch.SocketChannelImpl.checkConnect(Native Method)
	at sun.nio.ch.SocketChannelImpl.finishConnect(SocketChannelImpl.java:717)
	at org.apache.ratis.thirdparty.io.netty.channel.socket.nio.NioSocketChannel.doFinishConnect(NioSocketChannel.java:327)
	at org.apache.ratis.thirdparty.io.netty.channel.nio.AbstractNioChannel$AbstractNioUnsafe.finishConnect(AbstractNioChannel.java:340)
	at org.apache.ratis.thirdparty.io.netty.channel.nio.NioEventLoop.processSelectedKey(NioEventLoop.java:632)
	at org.apache.ratis.thirdparty.io.netty.channel.nio.NioEventLoop.processSelectedKeysOptimized(NioEventLoop.java:579)
	at org.apache.ratis.thirdparty.io.netty.channel.nio.NioEventLoop.processSelectedKeys(NioEventLoop.java:496)
	at org.apache.ratis.thirdparty.io.netty.channel.nio.NioEventLoop.run(NioEventLoop.java:458)
	at org.apache.ratis.thirdparty.io.netty.util.concurrent.SingleThreadEventExecutor$5.run(SingleThreadEventExecutor.java:897)
	at org.apache.ratis.thirdparty.io.netty.util.concurrent.FastThreadLocalRunnable.run(FastThreadLocalRunnable.java:30)
	... 1 more
Caused by: java.net.ConnectException: Connection refused
	... 11 more
2019-10-20 18:19:06,663 [grpc-default-executor-4] INFO  impl.RaftServerImpl (RaftServerImpl.java:setRole(184)) - 6ef27e9c-8ddb-4fa1-8c14-ab102acfb1b8@group-F11756C8BA4A: changes role from  FOLLOWER to FOLLOWER at term 287 for recognizeCandidate:b75f8b2e-6273-4c97-b7c5-042674931d23
2019-10-20 18:19:06,664 [grpc-default-executor-4] INFO  impl.RoleInfo (RoleInfo.java:shutdownFollowerState(121)) - 6ef27e9c-8ddb-4fa1-8c14-ab102acfb1b8: shutdown FollowerState
2019-10-20 18:19:06,671 [grpc-default-executor-4] INFO  impl.RoleInfo (RoleInfo.java:updateAndGet(143)) - 6ef27e9c-8ddb-4fa1-8c14-ab102acfb1b8: start FollowerState
2019-10-20 18:19:06,671 [Thread-3616] INFO  impl.FollowerState (FollowerState.java:run(117)) - 6ef27e9c-8ddb-4fa1-8c14-ab102acfb1b8@group-F11756C8BA4A-FollowerState was interrupted: java.lang.InterruptedException: sleep interrupted
2019-10-20 18:19:06,695 [b75f8b2e-6273-4c97-b7c5-042674931d23@group-F11756C8BA4A-LeaderElection479] INFO  impl.LeaderElection (LeaderElection.java:logAndReturn(56)) - b75f8b2e-6273-4c97-b7c5-042674931d23@group-F11756C8BA4A-LeaderElection479: Election REJECTED; received 1 response(s) [b75f8b2e-6273-4c97-b7c5-042674931d23<-6ef27e9c-8ddb-4fa1-8c14-ab102acfb1b8#0:FAIL-t287] and 1 exception(s); b75f8b2e-6273-4c97-b7c5-042674931d23@group-F11756C8BA4A:t287, leader=null, voted=b75f8b2e-6273-4c97-b7c5-042674931d23, raftlog=b75f8b2e-6273-4c97-b7c5-042674931d23@group-F11756C8BA4A-SegmentedRaftLog:OPENED:c-1,f-1,i0, conf=-1: [6ef27e9c-8ddb-4fa1-8c14-ab102acfb1b8:192.168.164.241:38092, b75f8b2e-6273-4c97-b7c5-042674931d23:192.168.164.241:41857, 3750b3a2-715b-46b3-9d0c-9e38136244b9:192.168.164.241:46227], old=null
2019-10-20 18:19:06,695 [b75f8b2e-6273-4c97-b7c5-042674931d23@group-F11756C8BA4A-LeaderElection479] INFO  impl.LeaderElection (LogUtils.java:infoOrTrace(149)) -   Exception 0: {}
java.util.concurrent.ExecutionException: org.apache.ratis.thirdparty.io.grpc.StatusRuntimeException: UNAVAILABLE: io exception
	at java.util.concurrent.FutureTask.report(FutureTask.java:122)
	at java.util.concurrent.FutureTask.get(FutureTask.java:192)
	at org.apache.ratis.server.impl.LeaderElection.waitForResults(LeaderElection.java:259)
	at org.apache.ratis.server.impl.LeaderElection.askForVotes(LeaderElection.java:197)
	at org.apache.ratis.server.impl.LeaderElection.run(LeaderElection.java:133)
	at java.lang.Thread.run(Thread.java:748)
Caused by: org.apache.ratis.thirdparty.io.grpc.StatusRuntimeException: UNAVAILABLE: io exception
	at org.apache.ratis.thirdparty.io.grpc.stub.ClientCalls.toStatusRuntimeException(ClientCalls.java:233)
	at org.apache.ratis.thirdparty.io.grpc.stub.ClientCalls.getUnchecked(ClientCalls.java:214)
	at org.apache.ratis.thirdparty.io.grpc.stub.ClientCalls.blockingUnaryCall(ClientCalls.java:139)
	at org.apache.ratis.proto.grpc.RaftServerProtocolServiceGrpc$RaftServerProtocolServiceBlockingStub.requestVote(RaftServerProtocolServiceGrpc.java:265)
	at org.apache.ratis.grpc.server.GrpcServerProtocolClient.requestVote(GrpcServerProtocolClient.java:99)
	at org.apache.ratis.grpc.server.GrpcService.requestVote(GrpcService.java:204)
	at org.apache.ratis.server.impl.LeaderElection.lambda$submitRequests$1(LeaderElection.java:234)
	at java.util.concurrent.FutureTask.run(FutureTask.java:266)
	at java.util.concurrent.Executors$RunnableAdapter.call(Executors.java:511)
	at java.util.concurrent.FutureTask.run(FutureTask.java:266)
	at java.util.concurrent.ThreadPoolExecutor.runWorker(ThreadPoolExecutor.java:1149)
	at java.util.concurrent.ThreadPoolExecutor$Worker.run(ThreadPoolExecutor.java:624)
	... 1 more
Caused by: org.apache.ratis.thirdparty.io.netty.channel.AbstractChannel$AnnotatedConnectException: Connection refused: /192.168.164.241:46227
	at sun.nio.ch.SocketChannelImpl.checkConnect(Native Method)
	at sun.nio.ch.SocketChannelImpl.finishConnect(SocketChannelImpl.java:717)
	at org.apache.ratis.thirdparty.io.netty.channel.socket.nio.NioSocketChannel.doFinishConnect(NioSocketChannel.java:327)
	at org.apache.ratis.thirdparty.io.netty.channel.nio.AbstractNioChannel$AbstractNioUnsafe.finishConnect(AbstractNioChannel.java:340)
	at org.apache.ratis.thirdparty.io.netty.channel.nio.NioEventLoop.processSelectedKey(NioEventLoop.java:632)
	at org.apache.ratis.thirdparty.io.netty.channel.nio.NioEventLoop.processSelectedKeysOptimized(NioEventLoop.java:579)
	at org.apache.ratis.thirdparty.io.netty.channel.nio.NioEventLoop.processSelectedKeys(NioEventLoop.java:496)
	at org.apache.ratis.thirdparty.io.netty.channel.nio.NioEventLoop.run(NioEventLoop.java:458)
	at org.apache.ratis.thirdparty.io.netty.util.concurrent.SingleThreadEventExecutor$5.run(SingleThreadEventExecutor.java:897)
	at org.apache.ratis.thirdparty.io.netty.util.concurrent.FastThreadLocalRunnable.run(FastThreadLocalRunnable.java:30)
	... 1 more
Caused by: java.net.ConnectException: Connection refused
	... 11 more
2019-10-20 18:19:06,696 [b75f8b2e-6273-4c97-b7c5-042674931d23@group-F11756C8BA4A-LeaderElection479] INFO  impl.RaftServerImpl (RaftServerImpl.java:setRole(184)) - b75f8b2e-6273-4c97-b7c5-042674931d23@group-F11756C8BA4A: changes role from CANDIDATE to FOLLOWER at term 287 for DISCOVERED_A_NEW_TERM
2019-10-20 18:19:06,696 [b75f8b2e-6273-4c97-b7c5-042674931d23@group-F11756C8BA4A-LeaderElection479] INFO  impl.RoleInfo (RoleInfo.java:shutdownLeaderElection(134)) - b75f8b2e-6273-4c97-b7c5-042674931d23: shutdown LeaderElection
2019-10-20 18:19:06,696 [b75f8b2e-6273-4c97-b7c5-042674931d23@group-F11756C8BA4A-LeaderElection479] INFO  impl.RoleInfo (RoleInfo.java:updateAndGet(143)) - b75f8b2e-6273-4c97-b7c5-042674931d23: start FollowerState
2019-10-20 18:19:06,697 [Thread-3622] INFO  impl.FollowerState (FollowerState.java:run(108)) - b75f8b2e-6273-4c97-b7c5-042674931d23@group-F11756C8BA4A-FollowerState: change to CANDIDATE, lastRpcTime:1ms, electionTimeout:1ms
2019-10-20 18:19:06,697 [Thread-3622] INFO  impl.RoleInfo (RoleInfo.java:shutdownFollowerState(121)) - b75f8b2e-6273-4c97-b7c5-042674931d23: shutdown FollowerState
2019-10-20 18:19:06,697 [Thread-3622] INFO  impl.RaftServerImpl (RaftServerImpl.java:setRole(184)) - b75f8b2e-6273-4c97-b7c5-042674931d23@group-F11756C8BA4A: changes role from  FOLLOWER to CANDIDATE at term 287 for changeToCandidate
2019-10-20 18:19:06,703 [Thread-3622] INFO  impl.RoleInfo (RoleInfo.java:updateAndGet(143)) - b75f8b2e-6273-4c97-b7c5-042674931d23: start LeaderElection
2019-10-20 18:19:06,737 [b75f8b2e-6273-4c97-b7c5-042674931d23@group-F11756C8BA4A-LeaderElection480] INFO  impl.LeaderElection (LeaderElection.java:askForVotes(178)) - b75f8b2e-6273-4c97-b7c5-042674931d23@group-F11756C8BA4A-LeaderElection480: begin an election at term 288 for -1: [6ef27e9c-8ddb-4fa1-8c14-ab102acfb1b8:192.168.164.241:38092, b75f8b2e-6273-4c97-b7c5-042674931d23:192.168.164.241:41857, 3750b3a2-715b-46b3-9d0c-9e38136244b9:192.168.164.241:46227], old=null
2019-10-20 18:19:06,737 [b75f8b2e-6273-4c97-b7c5-042674931d23@group-F11756C8BA4A-LeaderElection480] INFO  impl.LeaderElection (LogUtils.java:infoOrTrace(149)) - b75f8b2e-6273-4c97-b7c5-042674931d23@group-F11756C8BA4A-LeaderElection480 got exception when requesting votes: {}
java.util.concurrent.ExecutionException: org.apache.ratis.thirdparty.io.grpc.StatusRuntimeException: UNAVAILABLE: io exception
	at java.util.concurrent.FutureTask.report(FutureTask.java:122)
	at java.util.concurrent.FutureTask.get(FutureTask.java:192)
	at org.apache.ratis.server.impl.LeaderElection.waitForResults(LeaderElection.java:259)
	at org.apache.ratis.server.impl.LeaderElection.askForVotes(LeaderElection.java:197)
	at org.apache.ratis.server.impl.LeaderElection.run(LeaderElection.java:133)
	at java.lang.Thread.run(Thread.java:748)
Caused by: org.apache.ratis.thirdparty.io.grpc.StatusRuntimeException: UNAVAILABLE: io exception
	at org.apache.ratis.thirdparty.io.grpc.stub.ClientCalls.toStatusRuntimeException(ClientCalls.java:233)
	at org.apache.ratis.thirdparty.io.grpc.stub.ClientCalls.getUnchecked(ClientCalls.java:214)
	at org.apache.ratis.thirdparty.io.grpc.stub.ClientCalls.blockingUnaryCall(ClientCalls.java:139)
	at org.apache.ratis.proto.grpc.RaftServerProtocolServiceGrpc$RaftServerProtocolServiceBlockingStub.requestVote(RaftServerProtocolServiceGrpc.java:265)
	at org.apache.ratis.grpc.server.GrpcServerProtocolClient.requestVote(GrpcServerProtocolClient.java:99)
	at org.apache.ratis.grpc.server.GrpcService.requestVote(GrpcService.java:204)
	at org.apache.ratis.server.impl.LeaderElection.lambda$submitRequests$1(LeaderElection.java:234)
	at java.util.concurrent.FutureTask.run(FutureTask.java:266)
	at java.util.concurrent.Executors$RunnableAdapter.call(Executors.java:511)
	at java.util.concurrent.FutureTask.run(FutureTask.java:266)
	at java.util.concurrent.ThreadPoolExecutor.runWorker(ThreadPoolExecutor.java:1149)
	at java.util.concurrent.ThreadPoolExecutor$Worker.run(ThreadPoolExecutor.java:624)
	... 1 more
Caused by: org.apache.ratis.thirdparty.io.netty.channel.AbstractChannel$AnnotatedConnectException: Connection refused: /192.168.164.241:46227
	at sun.nio.ch.SocketChannelImpl.checkConnect(Native Method)
	at sun.nio.ch.SocketChannelImpl.finishConnect(SocketChannelImpl.java:717)
	at org.apache.ratis.thirdparty.io.netty.channel.socket.nio.NioSocketChannel.doFinishConnect(NioSocketChannel.java:327)
	at org.apache.ratis.thirdparty.io.netty.channel.nio.AbstractNioChannel$AbstractNioUnsafe.finishConnect(AbstractNioChannel.java:340)
	at org.apache.ratis.thirdparty.io.netty.channel.nio.NioEventLoop.processSelectedKey(NioEventLoop.java:632)
	at org.apache.ratis.thirdparty.io.netty.channel.nio.NioEventLoop.processSelectedKeysOptimized(NioEventLoop.java:579)
	at org.apache.ratis.thirdparty.io.netty.channel.nio.NioEventLoop.processSelectedKeys(NioEventLoop.java:496)
	at org.apache.ratis.thirdparty.io.netty.channel.nio.NioEventLoop.run(NioEventLoop.java:458)
	at org.apache.ratis.thirdparty.io.netty.util.concurrent.SingleThreadEventExecutor$5.run(SingleThreadEventExecutor.java:897)
	at org.apache.ratis.thirdparty.io.netty.util.concurrent.FastThreadLocalRunnable.run(FastThreadLocalRunnable.java:30)
	... 1 more
Caused by: java.net.ConnectException: Connection refused
	... 11 more
2019-10-20 18:19:06,738 [grpc-default-executor-4] INFO  impl.RaftServerImpl (RaftServerImpl.java:setRole(184)) - 6ef27e9c-8ddb-4fa1-8c14-ab102acfb1b8@group-F11756C8BA4A: changes role from  FOLLOWER to FOLLOWER at term 288 for recognizeCandidate:b75f8b2e-6273-4c97-b7c5-042674931d23
2019-10-20 18:19:06,738 [grpc-default-executor-4] INFO  impl.RoleInfo (RoleInfo.java:shutdownFollowerState(121)) - 6ef27e9c-8ddb-4fa1-8c14-ab102acfb1b8: shutdown FollowerState
2019-10-20 18:19:06,738 [grpc-default-executor-4] INFO  impl.RoleInfo (RoleInfo.java:updateAndGet(143)) - 6ef27e9c-8ddb-4fa1-8c14-ab102acfb1b8: start FollowerState
2019-10-20 18:19:06,738 [Thread-3621] INFO  impl.FollowerState (FollowerState.java:run(117)) - 6ef27e9c-8ddb-4fa1-8c14-ab102acfb1b8@group-F11756C8BA4A-FollowerState was interrupted: java.lang.InterruptedException: sleep interrupted
2019-10-20 18:19:06,772 [b75f8b2e-6273-4c97-b7c5-042674931d23@group-F11756C8BA4A-LeaderElection480] INFO  impl.LeaderElection (LeaderElection.java:logAndReturn(56)) - b75f8b2e-6273-4c97-b7c5-042674931d23@group-F11756C8BA4A-LeaderElection480: Election REJECTED; received 1 response(s) [b75f8b2e-6273-4c97-b7c5-042674931d23<-6ef27e9c-8ddb-4fa1-8c14-ab102acfb1b8#0:FAIL-t288] and 1 exception(s); b75f8b2e-6273-4c97-b7c5-042674931d23@group-F11756C8BA4A:t288, leader=null, voted=b75f8b2e-6273-4c97-b7c5-042674931d23, raftlog=b75f8b2e-6273-4c97-b7c5-042674931d23@group-F11756C8BA4A-SegmentedRaftLog:OPENED:c-1,f-1,i0, conf=-1: [6ef27e9c-8ddb-4fa1-8c14-ab102acfb1b8:192.168.164.241:38092, b75f8b2e-6273-4c97-b7c5-042674931d23:192.168.164.241:41857, 3750b3a2-715b-46b3-9d0c-9e38136244b9:192.168.164.241:46227], old=null
2019-10-20 18:19:06,772 [b75f8b2e-6273-4c97-b7c5-042674931d23@group-F11756C8BA4A-LeaderElection480] INFO  impl.LeaderElection (LogUtils.java:infoOrTrace(149)) -   Exception 0: {}
java.util.concurrent.ExecutionException: org.apache.ratis.thirdparty.io.grpc.StatusRuntimeException: UNAVAILABLE: io exception
	at java.util.concurrent.FutureTask.report(FutureTask.java:122)
	at java.util.concurrent.FutureTask.get(FutureTask.java:192)
	at org.apache.ratis.server.impl.LeaderElection.waitForResults(LeaderElection.java:259)
	at org.apache.ratis.server.impl.LeaderElection.askForVotes(LeaderElection.java:197)
	at org.apache.ratis.server.impl.LeaderElection.run(LeaderElection.java:133)
	at java.lang.Thread.run(Thread.java:748)
Caused by: org.apache.ratis.thirdparty.io.grpc.StatusRuntimeException: UNAVAILABLE: io exception
	at org.apache.ratis.thirdparty.io.grpc.stub.ClientCalls.toStatusRuntimeException(ClientCalls.java:233)
	at org.apache.ratis.thirdparty.io.grpc.stub.ClientCalls.getUnchecked(ClientCalls.java:214)
	at org.apache.ratis.thirdparty.io.grpc.stub.ClientCalls.blockingUnaryCall(ClientCalls.java:139)
	at org.apache.ratis.proto.grpc.RaftServerProtocolServiceGrpc$RaftServerProtocolServiceBlockingStub.requestVote(RaftServerProtocolServiceGrpc.java:265)
	at org.apache.ratis.grpc.server.GrpcServerProtocolClient.requestVote(GrpcServerProtocolClient.java:99)
	at org.apache.ratis.grpc.server.GrpcService.requestVote(GrpcService.java:204)
	at org.apache.ratis.server.impl.LeaderElection.lambda$submitRequests$1(LeaderElection.java:234)
	at java.util.concurrent.FutureTask.run(FutureTask.java:266)
	at java.util.concurrent.Executors$RunnableAdapter.call(Executors.java:511)
	at java.util.concurrent.FutureTask.run(FutureTask.java:266)
	at java.util.concurrent.ThreadPoolExecutor.runWorker(ThreadPoolExecutor.java:1149)
	at java.util.concurrent.ThreadPoolExecutor$Worker.run(ThreadPoolExecutor.java:624)
	... 1 more
Caused by: org.apache.ratis.thirdparty.io.netty.channel.AbstractChannel$AnnotatedConnectException: Connection refused: /192.168.164.241:46227
	at sun.nio.ch.SocketChannelImpl.checkConnect(Native Method)
	at sun.nio.ch.SocketChannelImpl.finishConnect(SocketChannelImpl.java:717)
	at org.apache.ratis.thirdparty.io.netty.channel.socket.nio.NioSocketChannel.doFinishConnect(NioSocketChannel.java:327)
	at org.apache.ratis.thirdparty.io.netty.channel.nio.AbstractNioChannel$AbstractNioUnsafe.finishConnect(AbstractNioChannel.java:340)
	at org.apache.ratis.thirdparty.io.netty.channel.nio.NioEventLoop.processSelectedKey(NioEventLoop.java:632)
	at org.apache.ratis.thirdparty.io.netty.channel.nio.NioEventLoop.processSelectedKeysOptimized(NioEventLoop.java:579)
	at org.apache.ratis.thirdparty.io.netty.channel.nio.NioEventLoop.processSelectedKeys(NioEventLoop.java:496)
	at org.apache.ratis.thirdparty.io.netty.channel.nio.NioEventLoop.run(NioEventLoop.java:458)
	at org.apache.ratis.thirdparty.io.netty.util.concurrent.SingleThreadEventExecutor$5.run(SingleThreadEventExecutor.java:897)
	at org.apache.ratis.thirdparty.io.netty.util.concurrent.FastThreadLocalRunnable.run(FastThreadLocalRunnable.java:30)
	... 1 more
Caused by: java.net.ConnectException: Connection refused
	... 11 more
2019-10-20 18:19:06,772 [b75f8b2e-6273-4c97-b7c5-042674931d23@group-F11756C8BA4A-LeaderElection480] INFO  impl.RaftServerImpl (RaftServerImpl.java:setRole(184)) - b75f8b2e-6273-4c97-b7c5-042674931d23@group-F11756C8BA4A: changes role from CANDIDATE to FOLLOWER at term 288 for DISCOVERED_A_NEW_TERM
2019-10-20 18:19:06,772 [b75f8b2e-6273-4c97-b7c5-042674931d23@group-F11756C8BA4A-LeaderElection480] INFO  impl.RoleInfo (RoleInfo.java:shutdownLeaderElection(134)) - b75f8b2e-6273-4c97-b7c5-042674931d23: shutdown LeaderElection
2019-10-20 18:19:06,772 [b75f8b2e-6273-4c97-b7c5-042674931d23@group-F11756C8BA4A-LeaderElection480] INFO  impl.RoleInfo (RoleInfo.java:updateAndGet(143)) - b75f8b2e-6273-4c97-b7c5-042674931d23: start FollowerState
2019-10-20 18:19:06,849 [Thread-3627] INFO  impl.FollowerState (FollowerState.java:run(108)) - b75f8b2e-6273-4c97-b7c5-042674931d23@group-F11756C8BA4A-FollowerState: change to CANDIDATE, lastRpcTime:76ms, electionTimeout:76ms
2019-10-20 18:19:06,849 [Thread-3627] INFO  impl.RoleInfo (RoleInfo.java:shutdownFollowerState(121)) - b75f8b2e-6273-4c97-b7c5-042674931d23: shutdown FollowerState
2019-10-20 18:19:06,849 [Thread-3627] INFO  impl.RaftServerImpl (RaftServerImpl.java:setRole(184)) - b75f8b2e-6273-4c97-b7c5-042674931d23@group-F11756C8BA4A: changes role from  FOLLOWER to CANDIDATE at term 288 for changeToCandidate
2019-10-20 18:19:06,849 [Thread-3627] INFO  impl.RoleInfo (RoleInfo.java:updateAndGet(143)) - b75f8b2e-6273-4c97-b7c5-042674931d23: start LeaderElection
2019-10-20 18:19:06,923 [b75f8b2e-6273-4c97-b7c5-042674931d23@group-F11756C8BA4A-LeaderElection481] INFO  impl.LeaderElection (LeaderElection.java:askForVotes(178)) - b75f8b2e-6273-4c97-b7c5-042674931d23@group-F11756C8BA4A-LeaderElection481: begin an election at term 289 for -1: [6ef27e9c-8ddb-4fa1-8c14-ab102acfb1b8:192.168.164.241:38092, b75f8b2e-6273-4c97-b7c5-042674931d23:192.168.164.241:41857, 3750b3a2-715b-46b3-9d0c-9e38136244b9:192.168.164.241:46227], old=null
2019-10-20 18:19:06,924 [b75f8b2e-6273-4c97-b7c5-042674931d23@group-F11756C8BA4A-LeaderElection481] INFO  impl.LeaderElection (LogUtils.java:infoOrTrace(149)) - b75f8b2e-6273-4c97-b7c5-042674931d23@group-F11756C8BA4A-LeaderElection481 got exception when requesting votes: {}
java.util.concurrent.ExecutionException: org.apache.ratis.thirdparty.io.grpc.StatusRuntimeException: UNAVAILABLE: io exception
	at java.util.concurrent.FutureTask.report(FutureTask.java:122)
	at java.util.concurrent.FutureTask.get(FutureTask.java:192)
	at org.apache.ratis.server.impl.LeaderElection.waitForResults(LeaderElection.java:259)
	at org.apache.ratis.server.impl.LeaderElection.askForVotes(LeaderElection.java:197)
	at org.apache.ratis.server.impl.LeaderElection.run(LeaderElection.java:133)
	at java.lang.Thread.run(Thread.java:748)
Caused by: org.apache.ratis.thirdparty.io.grpc.StatusRuntimeException: UNAVAILABLE: io exception
	at org.apache.ratis.thirdparty.io.grpc.stub.ClientCalls.toStatusRuntimeException(ClientCalls.java:233)
	at org.apache.ratis.thirdparty.io.grpc.stub.ClientCalls.getUnchecked(ClientCalls.java:214)
	at org.apache.ratis.thirdparty.io.grpc.stub.ClientCalls.blockingUnaryCall(ClientCalls.java:139)
	at org.apache.ratis.proto.grpc.RaftServerProtocolServiceGrpc$RaftServerProtocolServiceBlockingStub.requestVote(RaftServerProtocolServiceGrpc.java:265)
	at org.apache.ratis.grpc.server.GrpcServerProtocolClient.requestVote(GrpcServerProtocolClient.java:99)
	at org.apache.ratis.grpc.server.GrpcService.requestVote(GrpcService.java:204)
	at org.apache.ratis.server.impl.LeaderElection.lambda$submitRequests$1(LeaderElection.java:234)
	at java.util.concurrent.FutureTask.run(FutureTask.java:266)
	at java.util.concurrent.Executors$RunnableAdapter.call(Executors.java:511)
	at java.util.concurrent.FutureTask.run(FutureTask.java:266)
	at java.util.concurrent.ThreadPoolExecutor.runWorker(ThreadPoolExecutor.java:1149)
	at java.util.concurrent.ThreadPoolExecutor$Worker.run(ThreadPoolExecutor.java:624)
	... 1 more
Caused by: org.apache.ratis.thirdparty.io.netty.channel.AbstractChannel$AnnotatedConnectException: Connection refused: /192.168.164.241:46227
	at sun.nio.ch.SocketChannelImpl.checkConnect(Native Method)
	at sun.nio.ch.SocketChannelImpl.finishConnect(SocketChannelImpl.java:717)
	at org.apache.ratis.thirdparty.io.netty.channel.socket.nio.NioSocketChannel.doFinishConnect(NioSocketChannel.java:327)
	at org.apache.ratis.thirdparty.io.netty.channel.nio.AbstractNioChannel$AbstractNioUnsafe.finishConnect(AbstractNioChannel.java:340)
	at org.apache.ratis.thirdparty.io.netty.channel.nio.NioEventLoop.processSelectedKey(NioEventLoop.java:632)
	at org.apache.ratis.thirdparty.io.netty.channel.nio.NioEventLoop.processSelectedKeysOptimized(NioEventLoop.java:579)
	at org.apache.ratis.thirdparty.io.netty.channel.nio.NioEventLoop.processSelectedKeys(NioEventLoop.java:496)
	at org.apache.ratis.thirdparty.io.netty.channel.nio.NioEventLoop.run(NioEventLoop.java:458)
	at org.apache.ratis.thirdparty.io.netty.util.concurrent.SingleThreadEventExecutor$5.run(SingleThreadEventExecutor.java:897)
	at org.apache.ratis.thirdparty.io.netty.util.concurrent.FastThreadLocalRunnable.run(FastThreadLocalRunnable.java:30)
	... 1 more
Caused by: java.net.ConnectException: Connection refused
	... 11 more
2019-10-20 18:19:06,925 [grpc-default-executor-4] INFO  impl.RaftServerImpl (RaftServerImpl.java:setRole(184)) - 6ef27e9c-8ddb-4fa1-8c14-ab102acfb1b8@group-F11756C8BA4A: changes role from  FOLLOWER to FOLLOWER at term 289 for recognizeCandidate:b75f8b2e-6273-4c97-b7c5-042674931d23
2019-10-20 18:19:06,925 [grpc-default-executor-4] INFO  impl.RoleInfo (RoleInfo.java:shutdownFollowerState(121)) - 6ef27e9c-8ddb-4fa1-8c14-ab102acfb1b8: shutdown FollowerState
2019-10-20 18:19:06,925 [grpc-default-executor-4] INFO  impl.RoleInfo (RoleInfo.java:updateAndGet(143)) - 6ef27e9c-8ddb-4fa1-8c14-ab102acfb1b8: start FollowerState
2019-10-20 18:19:06,925 [Thread-3626] INFO  impl.FollowerState (FollowerState.java:run(117)) - 6ef27e9c-8ddb-4fa1-8c14-ab102acfb1b8@group-F11756C8BA4A-FollowerState was interrupted: java.lang.InterruptedException: sleep interrupted
2019-10-20 18:19:06,938 [b75f8b2e-6273-4c97-b7c5-042674931d23@group-F11756C8BA4A-LeaderElection481] INFO  impl.LeaderElection (LeaderElection.java:logAndReturn(56)) - b75f8b2e-6273-4c97-b7c5-042674931d23@group-F11756C8BA4A-LeaderElection481: Election TIMEOUT; received 0 response(s) [] and 1 exception(s); b75f8b2e-6273-4c97-b7c5-042674931d23@group-F11756C8BA4A:t289, leader=null, voted=b75f8b2e-6273-4c97-b7c5-042674931d23, raftlog=b75f8b2e-6273-4c97-b7c5-042674931d23@group-F11756C8BA4A-SegmentedRaftLog:OPENED:c-1,f-1,i0, conf=-1: [6ef27e9c-8ddb-4fa1-8c14-ab102acfb1b8:192.168.164.241:38092, b75f8b2e-6273-4c97-b7c5-042674931d23:192.168.164.241:41857, 3750b3a2-715b-46b3-9d0c-9e38136244b9:192.168.164.241:46227], old=null
2019-10-20 18:19:06,938 [b75f8b2e-6273-4c97-b7c5-042674931d23@group-F11756C8BA4A-LeaderElection481] INFO  impl.LeaderElection (LogUtils.java:infoOrTrace(149)) -   Exception 0: {}
java.util.concurrent.ExecutionException: org.apache.ratis.thirdparty.io.grpc.StatusRuntimeException: UNAVAILABLE: io exception
	at java.util.concurrent.FutureTask.report(FutureTask.java:122)
	at java.util.concurrent.FutureTask.get(FutureTask.java:192)
	at org.apache.ratis.server.impl.LeaderElection.waitForResults(LeaderElection.java:259)
	at org.apache.ratis.server.impl.LeaderElection.askForVotes(LeaderElection.java:197)
	at org.apache.ratis.server.impl.LeaderElection.run(LeaderElection.java:133)
	at java.lang.Thread.run(Thread.java:748)
Caused by: org.apache.ratis.thirdparty.io.grpc.StatusRuntimeException: UNAVAILABLE: io exception
	at org.apache.ratis.thirdparty.io.grpc.stub.ClientCalls.toStatusRuntimeException(ClientCalls.java:233)
	at org.apache.ratis.thirdparty.io.grpc.stub.ClientCalls.getUnchecked(ClientCalls.java:214)
	at org.apache.ratis.thirdparty.io.grpc.stub.ClientCalls.blockingUnaryCall(ClientCalls.java:139)
	at org.apache.ratis.proto.grpc.RaftServerProtocolServiceGrpc$RaftServerProtocolServiceBlockingStub.requestVote(RaftServerProtocolServiceGrpc.java:265)
	at org.apache.ratis.grpc.server.GrpcServerProtocolClient.requestVote(GrpcServerProtocolClient.java:99)
	at org.apache.ratis.grpc.server.GrpcService.requestVote(GrpcService.java:204)
	at org.apache.ratis.server.impl.LeaderElection.lambda$submitRequests$1(LeaderElection.java:234)
	at java.util.concurrent.FutureTask.run(FutureTask.java:266)
	at java.util.concurrent.Executors$RunnableAdapter.call(Executors.java:511)
	at java.util.concurrent.FutureTask.run(FutureTask.java:266)
	at java.util.concurrent.ThreadPoolExecutor.runWorker(ThreadPoolExecutor.java:1149)
	at java.util.concurrent.ThreadPoolExecutor$Worker.run(ThreadPoolExecutor.java:624)
	... 1 more
Caused by: org.apache.ratis.thirdparty.io.netty.channel.AbstractChannel$AnnotatedConnectException: Connection refused: /192.168.164.241:46227
	at sun.nio.ch.SocketChannelImpl.checkConnect(Native Method)
	at sun.nio.ch.SocketChannelImpl.finishConnect(SocketChannelImpl.java:717)
	at org.apache.ratis.thirdparty.io.netty.channel.socket.nio.NioSocketChannel.doFinishConnect(NioSocketChannel.java:327)
	at org.apache.ratis.thirdparty.io.netty.channel.nio.AbstractNioChannel$AbstractNioUnsafe.finishConnect(AbstractNioChannel.java:340)
	at org.apache.ratis.thirdparty.io.netty.channel.nio.NioEventLoop.processSelectedKey(NioEventLoop.java:632)
	at org.apache.ratis.thirdparty.io.netty.channel.nio.NioEventLoop.processSelectedKeysOptimized(NioEventLoop.java:579)
	at org.apache.ratis.thirdparty.io.netty.channel.nio.NioEventLoop.processSelectedKeys(NioEventLoop.java:496)
	at org.apache.ratis.thirdparty.io.netty.channel.nio.NioEventLoop.run(NioEventLoop.java:458)
	at org.apache.ratis.thirdparty.io.netty.util.concurrent.SingleThreadEventExecutor$5.run(SingleThreadEventExecutor.java:897)
	at org.apache.ratis.thirdparty.io.netty.util.concurrent.FastThreadLocalRunnable.run(FastThreadLocalRunnable.java:30)
	... 1 more
Caused by: java.net.ConnectException: Connection refused
	... 11 more
2019-10-20 18:19:06,970 [b75f8b2e-6273-4c97-b7c5-042674931d23@group-F11756C8BA4A-LeaderElection481] INFO  impl.LeaderElection (LeaderElection.java:askForVotes(178)) - b75f8b2e-6273-4c97-b7c5-042674931d23@group-F11756C8BA4A-LeaderElection481: begin an election at term 290 for -1: [6ef27e9c-8ddb-4fa1-8c14-ab102acfb1b8:192.168.164.241:38092, b75f8b2e-6273-4c97-b7c5-042674931d23:192.168.164.241:41857, 3750b3a2-715b-46b3-9d0c-9e38136244b9:192.168.164.241:46227], old=null
2019-10-20 18:19:06,971 [b75f8b2e-6273-4c97-b7c5-042674931d23@group-F11756C8BA4A-LeaderElection481] INFO  impl.LeaderElection (LogUtils.java:infoOrTrace(149)) - b75f8b2e-6273-4c97-b7c5-042674931d23@group-F11756C8BA4A-LeaderElection481 got exception when requesting votes: {}
java.util.concurrent.ExecutionException: org.apache.ratis.thirdparty.io.grpc.StatusRuntimeException: UNAVAILABLE: io exception
	at java.util.concurrent.FutureTask.report(FutureTask.java:122)
	at java.util.concurrent.FutureTask.get(FutureTask.java:192)
	at org.apache.ratis.server.impl.LeaderElection.waitForResults(LeaderElection.java:259)
	at org.apache.ratis.server.impl.LeaderElection.askForVotes(LeaderElection.java:197)
	at org.apache.ratis.server.impl.LeaderElection.run(LeaderElection.java:133)
	at java.lang.Thread.run(Thread.java:748)
Caused by: org.apache.ratis.thirdparty.io.grpc.StatusRuntimeException: UNAVAILABLE: io exception
	at org.apache.ratis.thirdparty.io.grpc.stub.ClientCalls.toStatusRuntimeException(ClientCalls.java:233)
	at org.apache.ratis.thirdparty.io.grpc.stub.ClientCalls.getUnchecked(ClientCalls.java:214)
	at org.apache.ratis.thirdparty.io.grpc.stub.ClientCalls.blockingUnaryCall(ClientCalls.java:139)
	at org.apache.ratis.proto.grpc.RaftServerProtocolServiceGrpc$RaftServerProtocolServiceBlockingStub.requestVote(RaftServerProtocolServiceGrpc.java:265)
	at org.apache.ratis.grpc.server.GrpcServerProtocolClient.requestVote(GrpcServerProtocolClient.java:99)
	at org.apache.ratis.grpc.server.GrpcService.requestVote(GrpcService.java:204)
	at org.apache.ratis.server.impl.LeaderElection.lambda$submitRequests$1(LeaderElection.java:234)
	at java.util.concurrent.FutureTask.run(FutureTask.java:266)
	at java.util.concurrent.Executors$RunnableAdapter.call(Executors.java:511)
	at java.util.concurrent.FutureTask.run(FutureTask.java:266)
	at java.util.concurrent.ThreadPoolExecutor.runWorker(ThreadPoolExecutor.java:1149)
	at java.util.concurrent.ThreadPoolExecutor$Worker.run(ThreadPoolExecutor.java:624)
	... 1 more
Caused by: org.apache.ratis.thirdparty.io.netty.channel.AbstractChannel$AnnotatedConnectException: Connection refused: /192.168.164.241:46227
	at sun.nio.ch.SocketChannelImpl.checkConnect(Native Method)
	at sun.nio.ch.SocketChannelImpl.finishConnect(SocketChannelImpl.java:717)
	at org.apache.ratis.thirdparty.io.netty.channel.socket.nio.NioSocketChannel.doFinishConnect(NioSocketChannel.java:327)
	at org.apache.ratis.thirdparty.io.netty.channel.nio.AbstractNioChannel$AbstractNioUnsafe.finishConnect(AbstractNioChannel.java:340)
	at org.apache.ratis.thirdparty.io.netty.channel.nio.NioEventLoop.processSelectedKey(NioEventLoop.java:632)
	at org.apache.ratis.thirdparty.io.netty.channel.nio.NioEventLoop.processSelectedKeysOptimized(NioEventLoop.java:579)
	at org.apache.ratis.thirdparty.io.netty.channel.nio.NioEventLoop.processSelectedKeys(NioEventLoop.java:496)
	at org.apache.ratis.thirdparty.io.netty.channel.nio.NioEventLoop.run(NioEventLoop.java:458)
	at org.apache.ratis.thirdparty.io.netty.util.concurrent.SingleThreadEventExecutor$5.run(SingleThreadEventExecutor.java:897)
	at org.apache.ratis.thirdparty.io.netty.util.concurrent.FastThreadLocalRunnable.run(FastThreadLocalRunnable.java:30)
	... 1 more
Caused by: java.net.ConnectException: Connection refused
	... 11 more
2019-10-20 18:19:06,972 [grpc-default-executor-4] INFO  impl.RaftServerImpl (RaftServerImpl.java:setRole(184)) - 6ef27e9c-8ddb-4fa1-8c14-ab102acfb1b8@group-F11756C8BA4A: changes role from  FOLLOWER to FOLLOWER at term 290 for recognizeCandidate:b75f8b2e-6273-4c97-b7c5-042674931d23
2019-10-20 18:19:06,972 [grpc-default-executor-4] INFO  impl.RoleInfo (RoleInfo.java:shutdownFollowerState(121)) - 6ef27e9c-8ddb-4fa1-8c14-ab102acfb1b8: shutdown FollowerState
2019-10-20 18:19:06,972 [grpc-default-executor-4] INFO  impl.RoleInfo (RoleInfo.java:updateAndGet(143)) - 6ef27e9c-8ddb-4fa1-8c14-ab102acfb1b8: start FollowerState
2019-10-20 18:19:06,972 [Thread-3631] INFO  impl.FollowerState (FollowerState.java:run(117)) - 6ef27e9c-8ddb-4fa1-8c14-ab102acfb1b8@group-F11756C8BA4A-FollowerState was interrupted: java.lang.InterruptedException: sleep interrupted
2019-10-20 18:19:06,996 [b75f8b2e-6273-4c97-b7c5-042674931d23@group-F11756C8BA4A-LeaderElection481] INFO  impl.LeaderElection (LeaderElection.java:logAndReturn(56)) - b75f8b2e-6273-4c97-b7c5-042674931d23@group-F11756C8BA4A-LeaderElection481: Election REJECTED; received 1 response(s) [b75f8b2e-6273-4c97-b7c5-042674931d23<-6ef27e9c-8ddb-4fa1-8c14-ab102acfb1b8#0:FAIL-t290] and 1 exception(s); b75f8b2e-6273-4c97-b7c5-042674931d23@group-F11756C8BA4A:t290, leader=null, voted=b75f8b2e-6273-4c97-b7c5-042674931d23, raftlog=b75f8b2e-6273-4c97-b7c5-042674931d23@group-F11756C8BA4A-SegmentedRaftLog:OPENED:c-1,f-1,i0, conf=-1: [6ef27e9c-8ddb-4fa1-8c14-ab102acfb1b8:192.168.164.241:38092, b75f8b2e-6273-4c97-b7c5-042674931d23:192.168.164.241:41857, 3750b3a2-715b-46b3-9d0c-9e38136244b9:192.168.164.241:46227], old=null
2019-10-20 18:19:06,996 [b75f8b2e-6273-4c97-b7c5-042674931d23@group-F11756C8BA4A-LeaderElection481] INFO  impl.LeaderElection (LogUtils.java:infoOrTrace(149)) -   Exception 0: {}
java.util.concurrent.ExecutionException: org.apache.ratis.thirdparty.io.grpc.StatusRuntimeException: UNAVAILABLE: io exception
	at java.util.concurrent.FutureTask.report(FutureTask.java:122)
	at java.util.concurrent.FutureTask.get(FutureTask.java:192)
	at org.apache.ratis.server.impl.LeaderElection.waitForResults(LeaderElection.java:259)
	at org.apache.ratis.server.impl.LeaderElection.askForVotes(LeaderElection.java:197)
	at org.apache.ratis.server.impl.LeaderElection.run(LeaderElection.java:133)
	at java.lang.Thread.run(Thread.java:748)
Caused by: org.apache.ratis.thirdparty.io.grpc.StatusRuntimeException: UNAVAILABLE: io exception
	at org.apache.ratis.thirdparty.io.grpc.stub.ClientCalls.toStatusRuntimeException(ClientCalls.java:233)
	at org.apache.ratis.thirdparty.io.grpc.stub.ClientCalls.getUnchecked(ClientCalls.java:214)
	at org.apache.ratis.thirdparty.io.grpc.stub.ClientCalls.blockingUnaryCall(ClientCalls.java:139)
	at org.apache.ratis.proto.grpc.RaftServerProtocolServiceGrpc$RaftServerProtocolServiceBlockingStub.requestVote(RaftServerProtocolServiceGrpc.java:265)
	at org.apache.ratis.grpc.server.GrpcServerProtocolClient.requestVote(GrpcServerProtocolClient.java:99)
	at org.apache.ratis.grpc.server.GrpcService.requestVote(GrpcService.java:204)
	at org.apache.ratis.server.impl.LeaderElection.lambda$submitRequests$1(LeaderElection.java:234)
	at java.util.concurrent.FutureTask.run(FutureTask.java:266)
	at java.util.concurrent.Executors$RunnableAdapter.call(Executors.java:511)
	at java.util.concurrent.FutureTask.run(FutureTask.java:266)
	at java.util.concurrent.ThreadPoolExecutor.runWorker(ThreadPoolExecutor.java:1149)
	at java.util.concurrent.ThreadPoolExecutor$Worker.run(ThreadPoolExecutor.java:624)
	... 1 more
Caused by: org.apache.ratis.thirdparty.io.netty.channel.AbstractChannel$AnnotatedConnectException: Connection refused: /192.168.164.241:46227
	at sun.nio.ch.SocketChannelImpl.checkConnect(Native Method)
	at sun.nio.ch.SocketChannelImpl.finishConnect(SocketChannelImpl.java:717)
	at org.apache.ratis.thirdparty.io.netty.channel.socket.nio.NioSocketChannel.doFinishConnect(NioSocketChannel.java:327)
	at org.apache.ratis.thirdparty.io.netty.channel.nio.AbstractNioChannel$AbstractNioUnsafe.finishConnect(AbstractNioChannel.java:340)
	at org.apache.ratis.thirdparty.io.netty.channel.nio.NioEventLoop.processSelectedKey(NioEventLoop.java:632)
	at org.apache.ratis.thirdparty.io.netty.channel.nio.NioEventLoop.processSelectedKeysOptimized(NioEventLoop.java:579)
	at org.apache.ratis.thirdparty.io.netty.channel.nio.NioEventLoop.processSelectedKeys(NioEventLoop.java:496)
	at org.apache.ratis.thirdparty.io.netty.channel.nio.NioEventLoop.run(NioEventLoop.java:458)
	at org.apache.ratis.thirdparty.io.netty.util.concurrent.SingleThreadEventExecutor$5.run(SingleThreadEventExecutor.java:897)
	at org.apache.ratis.thirdparty.io.netty.util.concurrent.FastThreadLocalRunnable.run(FastThreadLocalRunnable.java:30)
	... 1 more
Caused by: java.net.ConnectException: Connection refused
	... 11 more
2019-10-20 18:19:06,997 [b75f8b2e-6273-4c97-b7c5-042674931d23@group-F11756C8BA4A-LeaderElection481] INFO  impl.RaftServerImpl (RaftServerImpl.java:setRole(184)) - b75f8b2e-6273-4c97-b7c5-042674931d23@group-F11756C8BA4A: changes role from CANDIDATE to FOLLOWER at term 290 for DISCOVERED_A_NEW_TERM
2019-10-20 18:19:06,997 [b75f8b2e-6273-4c97-b7c5-042674931d23@group-F11756C8BA4A-LeaderElection481] INFO  impl.RoleInfo (RoleInfo.java:shutdownLeaderElection(134)) - b75f8b2e-6273-4c97-b7c5-042674931d23: shutdown LeaderElection
2019-10-20 18:19:06,997 [b75f8b2e-6273-4c97-b7c5-042674931d23@group-F11756C8BA4A-LeaderElection481] INFO  impl.RoleInfo (RoleInfo.java:updateAndGet(143)) - b75f8b2e-6273-4c97-b7c5-042674931d23: start FollowerState
2019-10-20 18:19:07,001 [Thread-3635] INFO  impl.FollowerState (FollowerState.java:run(108)) - b75f8b2e-6273-4c97-b7c5-042674931d23@group-F11756C8BA4A-FollowerState: change to CANDIDATE, lastRpcTime:4ms, electionTimeout:4ms
2019-10-20 18:19:07,002 [Thread-3635] INFO  impl.RoleInfo (RoleInfo.java:shutdownFollowerState(121)) - b75f8b2e-6273-4c97-b7c5-042674931d23: shutdown FollowerState
2019-10-20 18:19:07,002 [Thread-3635] INFO  impl.RaftServerImpl (RaftServerImpl.java:setRole(184)) - b75f8b2e-6273-4c97-b7c5-042674931d23@group-F11756C8BA4A: changes role from  FOLLOWER to CANDIDATE at term 290 for changeToCandidate
2019-10-20 18:19:07,002 [Thread-3635] INFO  impl.RoleInfo (RoleInfo.java:updateAndGet(143)) - b75f8b2e-6273-4c97-b7c5-042674931d23: start LeaderElection
2019-10-20 18:19:07,025 [b75f8b2e-6273-4c97-b7c5-042674931d23@group-F11756C8BA4A-LeaderElection482] INFO  impl.LeaderElection (LeaderElection.java:askForVotes(178)) - b75f8b2e-6273-4c97-b7c5-042674931d23@group-F11756C8BA4A-LeaderElection482: begin an election at term 291 for -1: [6ef27e9c-8ddb-4fa1-8c14-ab102acfb1b8:192.168.164.241:38092, b75f8b2e-6273-4c97-b7c5-042674931d23:192.168.164.241:41857, 3750b3a2-715b-46b3-9d0c-9e38136244b9:192.168.164.241:46227], old=null
2019-10-20 18:19:07,026 [b75f8b2e-6273-4c97-b7c5-042674931d23@group-F11756C8BA4A-LeaderElection482] INFO  impl.LeaderElection (LogUtils.java:infoOrTrace(149)) - b75f8b2e-6273-4c97-b7c5-042674931d23@group-F11756C8BA4A-LeaderElection482 got exception when requesting votes: {}
java.util.concurrent.ExecutionException: org.apache.ratis.thirdparty.io.grpc.StatusRuntimeException: UNAVAILABLE: io exception
	at java.util.concurrent.FutureTask.report(FutureTask.java:122)
	at java.util.concurrent.FutureTask.get(FutureTask.java:192)
	at org.apache.ratis.server.impl.LeaderElection.waitForResults(LeaderElection.java:259)
	at org.apache.ratis.server.impl.LeaderElection.askForVotes(LeaderElection.java:197)
	at org.apache.ratis.server.impl.LeaderElection.run(LeaderElection.java:133)
	at java.lang.Thread.run(Thread.java:748)
Caused by: org.apache.ratis.thirdparty.io.grpc.StatusRuntimeException: UNAVAILABLE: io exception
	at org.apache.ratis.thirdparty.io.grpc.stub.ClientCalls.toStatusRuntimeException(ClientCalls.java:233)
	at org.apache.ratis.thirdparty.io.grpc.stub.ClientCalls.getUnchecked(ClientCalls.java:214)
	at org.apache.ratis.thirdparty.io.grpc.stub.ClientCalls.blockingUnaryCall(ClientCalls.java:139)
	at org.apache.ratis.proto.grpc.RaftServerProtocolServiceGrpc$RaftServerProtocolServiceBlockingStub.requestVote(RaftServerProtocolServiceGrpc.java:265)
	at org.apache.ratis.grpc.server.GrpcServerProtocolClient.requestVote(GrpcServerProtocolClient.java:99)
	at org.apache.ratis.grpc.server.GrpcService.requestVote(GrpcService.java:204)
	at org.apache.ratis.server.impl.LeaderElection.lambda$submitRequests$1(LeaderElection.java:234)
	at java.util.concurrent.FutureTask.run(FutureTask.java:266)
	at java.util.concurrent.Executors$RunnableAdapter.call(Executors.java:511)
	at java.util.concurrent.FutureTask.run(FutureTask.java:266)
	at java.util.concurrent.ThreadPoolExecutor.runWorker(ThreadPoolExecutor.java:1149)
	at java.util.concurrent.ThreadPoolExecutor$Worker.run(ThreadPoolExecutor.java:624)
	... 1 more
Caused by: org.apache.ratis.thirdparty.io.netty.channel.AbstractChannel$AnnotatedConnectException: Connection refused: /192.168.164.241:46227
	at sun.nio.ch.SocketChannelImpl.checkConnect(Native Method)
	at sun.nio.ch.SocketChannelImpl.finishConnect(SocketChannelImpl.java:717)
	at org.apache.ratis.thirdparty.io.netty.channel.socket.nio.NioSocketChannel.doFinishConnect(NioSocketChannel.java:327)
	at org.apache.ratis.thirdparty.io.netty.channel.nio.AbstractNioChannel$AbstractNioUnsafe.finishConnect(AbstractNioChannel.java:340)
	at org.apache.ratis.thirdparty.io.netty.channel.nio.NioEventLoop.processSelectedKey(NioEventLoop.java:632)
	at org.apache.ratis.thirdparty.io.netty.channel.nio.NioEventLoop.processSelectedKeysOptimized(NioEventLoop.java:579)
	at org.apache.ratis.thirdparty.io.netty.channel.nio.NioEventLoop.processSelectedKeys(NioEventLoop.java:496)
	at org.apache.ratis.thirdparty.io.netty.channel.nio.NioEventLoop.run(NioEventLoop.java:458)
	at org.apache.ratis.thirdparty.io.netty.util.concurrent.SingleThreadEventExecutor$5.run(SingleThreadEventExecutor.java:897)
	at org.apache.ratis.thirdparty.io.netty.util.concurrent.FastThreadLocalRunnable.run(FastThreadLocalRunnable.java:30)
	... 1 more
Caused by: java.net.ConnectException: Connection refused
	... 11 more
2019-10-20 18:19:07,027 [grpc-default-executor-4] INFO  impl.RaftServerImpl (RaftServerImpl.java:setRole(184)) - 6ef27e9c-8ddb-4fa1-8c14-ab102acfb1b8@group-F11756C8BA4A: changes role from  FOLLOWER to FOLLOWER at term 291 for recognizeCandidate:b75f8b2e-6273-4c97-b7c5-042674931d23
2019-10-20 18:19:07,027 [grpc-default-executor-4] INFO  impl.RoleInfo (RoleInfo.java:shutdownFollowerState(121)) - 6ef27e9c-8ddb-4fa1-8c14-ab102acfb1b8: shutdown FollowerState
2019-10-20 18:19:07,027 [grpc-default-executor-4] INFO  impl.RoleInfo (RoleInfo.java:updateAndGet(143)) - 6ef27e9c-8ddb-4fa1-8c14-ab102acfb1b8: start FollowerState
2019-10-20 18:19:07,027 [Thread-3634] INFO  impl.FollowerState (FollowerState.java:run(117)) - 6ef27e9c-8ddb-4fa1-8c14-ab102acfb1b8@group-F11756C8BA4A-FollowerState was interrupted: java.lang.InterruptedException: sleep interrupted
2019-10-20 18:19:07,040 [b75f8b2e-6273-4c97-b7c5-042674931d23@group-F11756C8BA4A-LeaderElection482] INFO  impl.LeaderElection (LeaderElection.java:logAndReturn(56)) - b75f8b2e-6273-4c97-b7c5-042674931d23@group-F11756C8BA4A-LeaderElection482: Election REJECTED; received 1 response(s) [b75f8b2e-6273-4c97-b7c5-042674931d23<-6ef27e9c-8ddb-4fa1-8c14-ab102acfb1b8#0:FAIL-t291] and 1 exception(s); b75f8b2e-6273-4c97-b7c5-042674931d23@group-F11756C8BA4A:t291, leader=null, voted=b75f8b2e-6273-4c97-b7c5-042674931d23, raftlog=b75f8b2e-6273-4c97-b7c5-042674931d23@group-F11756C8BA4A-SegmentedRaftLog:OPENED:c-1,f-1,i0, conf=-1: [6ef27e9c-8ddb-4fa1-8c14-ab102acfb1b8:192.168.164.241:38092, b75f8b2e-6273-4c97-b7c5-042674931d23:192.168.164.241:41857, 3750b3a2-715b-46b3-9d0c-9e38136244b9:192.168.164.241:46227], old=null
2019-10-20 18:19:07,040 [b75f8b2e-6273-4c97-b7c5-042674931d23@group-F11756C8BA4A-LeaderElection482] INFO  impl.LeaderElection (LogUtils.java:infoOrTrace(149)) -   Exception 0: {}
java.util.concurrent.ExecutionException: org.apache.ratis.thirdparty.io.grpc.StatusRuntimeException: UNAVAILABLE: io exception
	at java.util.concurrent.FutureTask.report(FutureTask.java:122)
	at java.util.concurrent.FutureTask.get(FutureTask.java:192)
	at org.apache.ratis.server.impl.LeaderElection.waitForResults(LeaderElection.java:259)
	at org.apache.ratis.server.impl.LeaderElection.askForVotes(LeaderElection.java:197)
	at org.apache.ratis.server.impl.LeaderElection.run(LeaderElection.java:133)
	at java.lang.Thread.run(Thread.java:748)
Caused by: org.apache.ratis.thirdparty.io.grpc.StatusRuntimeException: UNAVAILABLE: io exception
	at org.apache.ratis.thirdparty.io.grpc.stub.ClientCalls.toStatusRuntimeException(ClientCalls.java:233)
	at org.apache.ratis.thirdparty.io.grpc.stub.ClientCalls.getUnchecked(ClientCalls.java:214)
	at org.apache.ratis.thirdparty.io.grpc.stub.ClientCalls.blockingUnaryCall(ClientCalls.java:139)
	at org.apache.ratis.proto.grpc.RaftServerProtocolServiceGrpc$RaftServerProtocolServiceBlockingStub.requestVote(RaftServerProtocolServiceGrpc.java:265)
	at org.apache.ratis.grpc.server.GrpcServerProtocolClient.requestVote(GrpcServerProtocolClient.java:99)
	at org.apache.ratis.grpc.server.GrpcService.requestVote(GrpcService.java:204)
	at org.apache.ratis.server.impl.LeaderElection.lambda$submitRequests$1(LeaderElection.java:234)
	at java.util.concurrent.FutureTask.run(FutureTask.java:266)
	at java.util.concurrent.Executors$RunnableAdapter.call(Executors.java:511)
	at java.util.concurrent.FutureTask.run(FutureTask.java:266)
	at java.util.concurrent.ThreadPoolExecutor.runWorker(ThreadPoolExecutor.java:1149)
	at java.util.concurrent.ThreadPoolExecutor$Worker.run(ThreadPoolExecutor.java:624)
	... 1 more
Caused by: org.apache.ratis.thirdparty.io.netty.channel.AbstractChannel$AnnotatedConnectException: Connection refused: /192.168.164.241:46227
	at sun.nio.ch.SocketChannelImpl.checkConnect(Native Method)
	at sun.nio.ch.SocketChannelImpl.finishConnect(SocketChannelImpl.java:717)
	at org.apache.ratis.thirdparty.io.netty.channel.socket.nio.NioSocketChannel.doFinishConnect(NioSocketChannel.java:327)
	at org.apache.ratis.thirdparty.io.netty.channel.nio.AbstractNioChannel$AbstractNioUnsafe.finishConnect(AbstractNioChannel.java:340)
	at org.apache.ratis.thirdparty.io.netty.channel.nio.NioEventLoop.processSelectedKey(NioEventLoop.java:632)
	at org.apache.ratis.thirdparty.io.netty.channel.nio.NioEventLoop.processSelectedKeysOptimized(NioEventLoop.java:579)
	at org.apache.ratis.thirdparty.io.netty.channel.nio.NioEventLoop.processSelectedKeys(NioEventLoop.java:496)
	at org.apache.ratis.thirdparty.io.netty.channel.nio.NioEventLoop.run(NioEventLoop.java:458)
	at org.apache.ratis.thirdparty.io.netty.util.concurrent.SingleThreadEventExecutor$5.run(SingleThreadEventExecutor.java:897)
	at org.apache.ratis.thirdparty.io.netty.util.concurrent.FastThreadLocalRunnable.run(FastThreadLocalRunnable.java:30)
	... 1 more
Caused by: java.net.ConnectException: Connection refused
	... 11 more
2019-10-20 18:19:07,041 [b75f8b2e-6273-4c97-b7c5-042674931d23@group-F11756C8BA4A-LeaderElection482] INFO  impl.RaftServerImpl (RaftServerImpl.java:setRole(184)) - b75f8b2e-6273-4c97-b7c5-042674931d23@group-F11756C8BA4A: changes role from CANDIDATE to FOLLOWER at term 291 for DISCOVERED_A_NEW_TERM
2019-10-20 18:19:07,041 [b75f8b2e-6273-4c97-b7c5-042674931d23@group-F11756C8BA4A-LeaderElection482] INFO  impl.RoleInfo (RoleInfo.java:shutdownLeaderElection(134)) - b75f8b2e-6273-4c97-b7c5-042674931d23: shutdown LeaderElection
2019-10-20 18:19:07,041 [b75f8b2e-6273-4c97-b7c5-042674931d23@group-F11756C8BA4A-LeaderElection482] INFO  impl.RoleInfo (RoleInfo.java:updateAndGet(143)) - b75f8b2e-6273-4c97-b7c5-042674931d23: start FollowerState
2019-10-20 18:19:07,125 [Thread-3640] INFO  impl.FollowerState (FollowerState.java:run(108)) - b75f8b2e-6273-4c97-b7c5-042674931d23@group-F11756C8BA4A-FollowerState: change to CANDIDATE, lastRpcTime:84ms, electionTimeout:84ms
2019-10-20 18:19:07,125 [Thread-3640] INFO  impl.RoleInfo (RoleInfo.java:shutdownFollowerState(121)) - b75f8b2e-6273-4c97-b7c5-042674931d23: shutdown FollowerState
2019-10-20 18:19:07,125 [Thread-3640] INFO  impl.RaftServerImpl (RaftServerImpl.java:setRole(184)) - b75f8b2e-6273-4c97-b7c5-042674931d23@group-F11756C8BA4A: changes role from  FOLLOWER to CANDIDATE at term 291 for changeToCandidate
2019-10-20 18:19:07,126 [Thread-3640] INFO  impl.RoleInfo (RoleInfo.java:updateAndGet(143)) - b75f8b2e-6273-4c97-b7c5-042674931d23: start LeaderElection
2019-10-20 18:19:07,153 [b75f8b2e-6273-4c97-b7c5-042674931d23@group-F11756C8BA4A-LeaderElection483] INFO  impl.LeaderElection (LeaderElection.java:askForVotes(178)) - b75f8b2e-6273-4c97-b7c5-042674931d23@group-F11756C8BA4A-LeaderElection483: begin an election at term 292 for -1: [6ef27e9c-8ddb-4fa1-8c14-ab102acfb1b8:192.168.164.241:38092, b75f8b2e-6273-4c97-b7c5-042674931d23:192.168.164.241:41857, 3750b3a2-715b-46b3-9d0c-9e38136244b9:192.168.164.241:46227], old=null
2019-10-20 18:19:07,154 [b75f8b2e-6273-4c97-b7c5-042674931d23@group-F11756C8BA4A-LeaderElection483] INFO  impl.LeaderElection (LogUtils.java:infoOrTrace(149)) - b75f8b2e-6273-4c97-b7c5-042674931d23@group-F11756C8BA4A-LeaderElection483 got exception when requesting votes: {}
java.util.concurrent.ExecutionException: org.apache.ratis.thirdparty.io.grpc.StatusRuntimeException: UNAVAILABLE: io exception
	at java.util.concurrent.FutureTask.report(FutureTask.java:122)
	at java.util.concurrent.FutureTask.get(FutureTask.java:192)
	at org.apache.ratis.server.impl.LeaderElection.waitForResults(LeaderElection.java:259)
	at org.apache.ratis.server.impl.LeaderElection.askForVotes(LeaderElection.java:197)
	at org.apache.ratis.server.impl.LeaderElection.run(LeaderElection.java:133)
	at java.lang.Thread.run(Thread.java:748)
Caused by: org.apache.ratis.thirdparty.io.grpc.StatusRuntimeException: UNAVAILABLE: io exception
	at org.apache.ratis.thirdparty.io.grpc.stub.ClientCalls.toStatusRuntimeException(ClientCalls.java:233)
	at org.apache.ratis.thirdparty.io.grpc.stub.ClientCalls.getUnchecked(ClientCalls.java:214)
	at org.apache.ratis.thirdparty.io.grpc.stub.ClientCalls.blockingUnaryCall(ClientCalls.java:139)
	at org.apache.ratis.proto.grpc.RaftServerProtocolServiceGrpc$RaftServerProtocolServiceBlockingStub.requestVote(RaftServerProtocolServiceGrpc.java:265)
	at org.apache.ratis.grpc.server.GrpcServerProtocolClient.requestVote(GrpcServerProtocolClient.java:99)
	at org.apache.ratis.grpc.server.GrpcService.requestVote(GrpcService.java:204)
	at org.apache.ratis.server.impl.LeaderElection.lambda$submitRequests$1(LeaderElection.java:234)
	at java.util.concurrent.FutureTask.run(FutureTask.java:266)
	at java.util.concurrent.Executors$RunnableAdapter.call(Executors.java:511)
	at java.util.concurrent.FutureTask.run(FutureTask.java:266)
	at java.util.concurrent.ThreadPoolExecutor.runWorker(ThreadPoolExecutor.java:1149)
	at java.util.concurrent.ThreadPoolExecutor$Worker.run(ThreadPoolExecutor.java:624)
	... 1 more
Caused by: org.apache.ratis.thirdparty.io.netty.channel.AbstractChannel$AnnotatedConnectException: Connection refused: /192.168.164.241:46227
	at sun.nio.ch.SocketChannelImpl.checkConnect(Native Method)
	at sun.nio.ch.SocketChannelImpl.finishConnect(SocketChannelImpl.java:717)
	at org.apache.ratis.thirdparty.io.netty.channel.socket.nio.NioSocketChannel.doFinishConnect(NioSocketChannel.java:327)
	at org.apache.ratis.thirdparty.io.netty.channel.nio.AbstractNioChannel$AbstractNioUnsafe.finishConnect(AbstractNioChannel.java:340)
	at org.apache.ratis.thirdparty.io.netty.channel.nio.NioEventLoop.processSelectedKey(NioEventLoop.java:632)
	at org.apache.ratis.thirdparty.io.netty.channel.nio.NioEventLoop.processSelectedKeysOptimized(NioEventLoop.java:579)
	at org.apache.ratis.thirdparty.io.netty.channel.nio.NioEventLoop.processSelectedKeys(NioEventLoop.java:496)
	at org.apache.ratis.thirdparty.io.netty.channel.nio.NioEventLoop.run(NioEventLoop.java:458)
	at org.apache.ratis.thirdparty.io.netty.util.concurrent.SingleThreadEventExecutor$5.run(SingleThreadEventExecutor.java:897)
	at org.apache.ratis.thirdparty.io.netty.util.concurrent.FastThreadLocalRunnable.run(FastThreadLocalRunnable.java:30)
	... 1 more
Caused by: java.net.ConnectException: Connection refused
	... 11 more
2019-10-20 18:19:07,155 [grpc-default-executor-4] INFO  impl.RaftServerImpl (RaftServerImpl.java:setRole(184)) - 6ef27e9c-8ddb-4fa1-8c14-ab102acfb1b8@group-F11756C8BA4A: changes role from  FOLLOWER to FOLLOWER at term 292 for recognizeCandidate:b75f8b2e-6273-4c97-b7c5-042674931d23
2019-10-20 18:19:07,155 [grpc-default-executor-4] INFO  impl.RoleInfo (RoleInfo.java:shutdownFollowerState(121)) - 6ef27e9c-8ddb-4fa1-8c14-ab102acfb1b8: shutdown FollowerState
2019-10-20 18:19:07,155 [Thread-3639] INFO  impl.FollowerState (FollowerState.java:run(117)) - 6ef27e9c-8ddb-4fa1-8c14-ab102acfb1b8@group-F11756C8BA4A-FollowerState was interrupted: java.lang.InterruptedException: sleep interrupted
2019-10-20 18:19:07,155 [grpc-default-executor-4] INFO  impl.RoleInfo (RoleInfo.java:updateAndGet(143)) - 6ef27e9c-8ddb-4fa1-8c14-ab102acfb1b8: start FollowerState
2019-10-20 18:19:07,164 [Thread-3587] INFO  impl.FollowerState (FollowerState.java:run(108)) - c50ce170-3170-4e03-b167-34e0e02687b2@group-AF4EDA66FDC9-FollowerState: change to CANDIDATE, lastRpcTime:1088ms, electionTimeout:1088ms
2019-10-20 18:19:07,164 [Thread-3587] INFO  impl.RoleInfo (RoleInfo.java:shutdownFollowerState(121)) - c50ce170-3170-4e03-b167-34e0e02687b2: shutdown FollowerState
2019-10-20 18:19:07,164 [Thread-3587] INFO  impl.RaftServerImpl (RaftServerImpl.java:setRole(184)) - c50ce170-3170-4e03-b167-34e0e02687b2@group-AF4EDA66FDC9: changes role from  FOLLOWER to CANDIDATE at term 4 for changeToCandidate
2019-10-20 18:19:07,164 [Thread-3587] INFO  impl.RoleInfo (RoleInfo.java:updateAndGet(143)) - c50ce170-3170-4e03-b167-34e0e02687b2: start LeaderElection
2019-10-20 18:19:07,188 [b75f8b2e-6273-4c97-b7c5-042674931d23@group-F11756C8BA4A-LeaderElection483] INFO  impl.LeaderElection (LeaderElection.java:logAndReturn(56)) - b75f8b2e-6273-4c97-b7c5-042674931d23@group-F11756C8BA4A-LeaderElection483: Election TIMEOUT; received 0 response(s) [] and 1 exception(s); b75f8b2e-6273-4c97-b7c5-042674931d23@group-F11756C8BA4A:t292, leader=null, voted=b75f8b2e-6273-4c97-b7c5-042674931d23, raftlog=b75f8b2e-6273-4c97-b7c5-042674931d23@group-F11756C8BA4A-SegmentedRaftLog:OPENED:c-1,f-1,i0, conf=-1: [6ef27e9c-8ddb-4fa1-8c14-ab102acfb1b8:192.168.164.241:38092, b75f8b2e-6273-4c97-b7c5-042674931d23:192.168.164.241:41857, 3750b3a2-715b-46b3-9d0c-9e38136244b9:192.168.164.241:46227], old=null
2019-10-20 18:19:07,188 [b75f8b2e-6273-4c97-b7c5-042674931d23@group-F11756C8BA4A-LeaderElection483] INFO  impl.LeaderElection (LogUtils.java:infoOrTrace(149)) -   Exception 0: {}
java.util.concurrent.ExecutionException: org.apache.ratis.thirdparty.io.grpc.StatusRuntimeException: UNAVAILABLE: io exception
	at java.util.concurrent.FutureTask.report(FutureTask.java:122)
	at java.util.concurrent.FutureTask.get(FutureTask.java:192)
	at org.apache.ratis.server.impl.LeaderElection.waitForResults(LeaderElection.java:259)
	at org.apache.ratis.server.impl.LeaderElection.askForVotes(LeaderElection.java:197)
	at org.apache.ratis.server.impl.LeaderElection.run(LeaderElection.java:133)
	at java.lang.Thread.run(Thread.java:748)
Caused by: org.apache.ratis.thirdparty.io.grpc.StatusRuntimeException: UNAVAILABLE: io exception
	at org.apache.ratis.thirdparty.io.grpc.stub.ClientCalls.toStatusRuntimeException(ClientCalls.java:233)
	at org.apache.ratis.thirdparty.io.grpc.stub.ClientCalls.getUnchecked(ClientCalls.java:214)
	at org.apache.ratis.thirdparty.io.grpc.stub.ClientCalls.blockingUnaryCall(ClientCalls.java:139)
	at org.apache.ratis.proto.grpc.RaftServerProtocolServiceGrpc$RaftServerProtocolServiceBlockingStub.requestVote(RaftServerProtocolServiceGrpc.java:265)
	at org.apache.ratis.grpc.server.GrpcServerProtocolClient.requestVote(GrpcServerProtocolClient.java:99)
	at org.apache.ratis.grpc.server.GrpcService.requestVote(GrpcService.java:204)
	at org.apache.ratis.server.impl.LeaderElection.lambda$submitRequests$1(LeaderElection.java:234)
	at java.util.concurrent.FutureTask.run(FutureTask.java:266)
	at java.util.concurrent.Executors$RunnableAdapter.call(Executors.java:511)
	at java.util.concurrent.FutureTask.run(FutureTask.java:266)
	at java.util.concurrent.ThreadPoolExecutor.runWorker(ThreadPoolExecutor.java:1149)
	at java.util.concurrent.ThreadPoolExecutor$Worker.run(ThreadPoolExecutor.java:624)
	... 1 more
Caused by: org.apache.ratis.thirdparty.io.netty.channel.AbstractChannel$AnnotatedConnectException: Connection refused: /192.168.164.241:46227
	at sun.nio.ch.SocketChannelImpl.checkConnect(Native Method)
	at sun.nio.ch.SocketChannelImpl.finishConnect(SocketChannelImpl.java:717)
	at org.apache.ratis.thirdparty.io.netty.channel.socket.nio.NioSocketChannel.doFinishConnect(NioSocketChannel.java:327)
	at org.apache.ratis.thirdparty.io.netty.channel.nio.AbstractNioChannel$AbstractNioUnsafe.finishConnect(AbstractNioChannel.java:340)
	at org.apache.ratis.thirdparty.io.netty.channel.nio.NioEventLoop.processSelectedKey(NioEventLoop.java:632)
	at org.apache.ratis.thirdparty.io.netty.channel.nio.NioEventLoop.processSelectedKeysOptimized(NioEventLoop.java:579)
	at org.apache.ratis.thirdparty.io.netty.channel.nio.NioEventLoop.processSelectedKeys(NioEventLoop.java:496)
	at org.apache.ratis.thirdparty.io.netty.channel.nio.NioEventLoop.run(NioEventLoop.java:458)
	at org.apache.ratis.thirdparty.io.netty.util.concurrent.SingleThreadEventExecutor$5.run(SingleThreadEventExecutor.java:897)
	at org.apache.ratis.thirdparty.io.netty.util.concurrent.FastThreadLocalRunnable.run(FastThreadLocalRunnable.java:30)
	... 1 more
Caused by: java.net.ConnectException: Connection refused
	... 11 more
2019-10-20 18:19:07,196 [c50ce170-3170-4e03-b167-34e0e02687b2@group-AF4EDA66FDC9-LeaderElection484] INFO  impl.LeaderElection (LeaderElection.java:askForVotes(178)) - c50ce170-3170-4e03-b167-34e0e02687b2@group-AF4EDA66FDC9-LeaderElection484: begin an election at term 5 for 21: [a6e136fe-e391-4364-8a60-53801fc9277d:192.168.164.241:40755, eb28ec45-9b2b-44d6-ae7e-a31feda643bc:192.168.164.241:42571, c50ce170-3170-4e03-b167-34e0e02687b2:192.168.164.241:37695], old=null
2019-10-20 18:19:07,196 [c50ce170-3170-4e03-b167-34e0e02687b2@group-AF4EDA66FDC9-LeaderElection484] INFO  impl.LeaderElection (LogUtils.java:infoOrTrace(149)) - c50ce170-3170-4e03-b167-34e0e02687b2@group-AF4EDA66FDC9-LeaderElection484 got exception when requesting votes: {}
java.util.concurrent.ExecutionException: org.apache.ratis.thirdparty.io.grpc.StatusRuntimeException: UNAVAILABLE: io exception
	at java.util.concurrent.FutureTask.report(FutureTask.java:122)
	at java.util.concurrent.FutureTask.get(FutureTask.java:192)
	at org.apache.ratis.server.impl.LeaderElection.waitForResults(LeaderElection.java:259)
	at org.apache.ratis.server.impl.LeaderElection.askForVotes(LeaderElection.java:197)
	at org.apache.ratis.server.impl.LeaderElection.run(LeaderElection.java:133)
	at java.lang.Thread.run(Thread.java:748)
Caused by: org.apache.ratis.thirdparty.io.grpc.StatusRuntimeException: UNAVAILABLE: io exception
	at org.apache.ratis.thirdparty.io.grpc.stub.ClientCalls.toStatusRuntimeException(ClientCalls.java:233)
	at org.apache.ratis.thirdparty.io.grpc.stub.ClientCalls.getUnchecked(ClientCalls.java:214)
	at org.apache.ratis.thirdparty.io.grpc.stub.ClientCalls.blockingUnaryCall(ClientCalls.java:139)
	at org.apache.ratis.proto.grpc.RaftServerProtocolServiceGrpc$RaftServerProtocolServiceBlockingStub.requestVote(RaftServerProtocolServiceGrpc.java:265)
	at org.apache.ratis.grpc.server.GrpcServerProtocolClient.requestVote(GrpcServerProtocolClient.java:99)
	at org.apache.ratis.grpc.server.GrpcService.requestVote(GrpcService.java:204)
	at org.apache.ratis.server.impl.LeaderElection.lambda$submitRequests$1(LeaderElection.java:234)
	at java.util.concurrent.FutureTask.run(FutureTask.java:266)
	at java.util.concurrent.Executors$RunnableAdapter.call(Executors.java:511)
	at java.util.concurrent.FutureTask.run(FutureTask.java:266)
	at java.util.concurrent.ThreadPoolExecutor.runWorker(ThreadPoolExecutor.java:1149)
	at java.util.concurrent.ThreadPoolExecutor$Worker.run(ThreadPoolExecutor.java:624)
	... 1 more
Caused by: org.apache.ratis.thirdparty.io.netty.channel.AbstractChannel$AnnotatedConnectException: Connection refused: /192.168.164.241:40755
	at sun.nio.ch.SocketChannelImpl.checkConnect(Native Method)
	at sun.nio.ch.SocketChannelImpl.finishConnect(SocketChannelImpl.java:717)
	at org.apache.ratis.thirdparty.io.netty.channel.socket.nio.NioSocketChannel.doFinishConnect(NioSocketChannel.java:327)
	at org.apache.ratis.thirdparty.io.netty.channel.nio.AbstractNioChannel$AbstractNioUnsafe.finishConnect(AbstractNioChannel.java:340)
	at org.apache.ratis.thirdparty.io.netty.channel.nio.NioEventLoop.processSelectedKey(NioEventLoop.java:632)
	at org.apache.ratis.thirdparty.io.netty.channel.nio.NioEventLoop.processSelectedKeysOptimized(NioEventLoop.java:579)
	at org.apache.ratis.thirdparty.io.netty.channel.nio.NioEventLoop.processSelectedKeys(NioEventLoop.java:496)
	at org.apache.ratis.thirdparty.io.netty.channel.nio.NioEventLoop.run(NioEventLoop.java:458)
	at org.apache.ratis.thirdparty.io.netty.util.concurrent.SingleThreadEventExecutor$5.run(SingleThreadEventExecutor.java:897)
	at org.apache.ratis.thirdparty.io.netty.util.concurrent.FastThreadLocalRunnable.run(FastThreadLocalRunnable.java:30)
	... 1 more
Caused by: java.net.ConnectException: Connection refused
	... 11 more
2019-10-20 18:19:07,197 [c50ce170-3170-4e03-b167-34e0e02687b2@group-AF4EDA66FDC9-LeaderElection484] INFO  impl.LeaderElection (LogUtils.java:infoOrTrace(149)) - c50ce170-3170-4e03-b167-34e0e02687b2@group-AF4EDA66FDC9-LeaderElection484 got exception when requesting votes: {}
java.util.concurrent.ExecutionException: org.apache.ratis.thirdparty.io.grpc.StatusRuntimeException: UNAVAILABLE: io exception
	at java.util.concurrent.FutureTask.report(FutureTask.java:122)
	at java.util.concurrent.FutureTask.get(FutureTask.java:192)
	at org.apache.ratis.server.impl.LeaderElection.waitForResults(LeaderElection.java:259)
	at org.apache.ratis.server.impl.LeaderElection.askForVotes(LeaderElection.java:197)
	at org.apache.ratis.server.impl.LeaderElection.run(LeaderElection.java:133)
	at java.lang.Thread.run(Thread.java:748)
Caused by: org.apache.ratis.thirdparty.io.grpc.StatusRuntimeException: UNAVAILABLE: io exception
	at org.apache.ratis.thirdparty.io.grpc.stub.ClientCalls.toStatusRuntimeException(ClientCalls.java:233)
	at org.apache.ratis.thirdparty.io.grpc.stub.ClientCalls.getUnchecked(ClientCalls.java:214)
	at org.apache.ratis.thirdparty.io.grpc.stub.ClientCalls.blockingUnaryCall(ClientCalls.java:139)
	at org.apache.ratis.proto.grpc.RaftServerProtocolServiceGrpc$RaftServerProtocolServiceBlockingStub.requestVote(RaftServerProtocolServiceGrpc.java:265)
	at org.apache.ratis.grpc.server.GrpcServerProtocolClient.requestVote(GrpcServerProtocolClient.java:99)
	at org.apache.ratis.grpc.server.GrpcService.requestVote(GrpcService.java:204)
	at org.apache.ratis.server.impl.LeaderElection.lambda$submitRequests$1(LeaderElection.java:234)
	at java.util.concurrent.FutureTask.run(FutureTask.java:266)
	at java.util.concurrent.Executors$RunnableAdapter.call(Executors.java:511)
	at java.util.concurrent.FutureTask.run(FutureTask.java:266)
	at java.util.concurrent.ThreadPoolExecutor.runWorker(ThreadPoolExecutor.java:1149)
	at java.util.concurrent.ThreadPoolExecutor$Worker.run(ThreadPoolExecutor.java:624)
	... 1 more
Caused by: org.apache.ratis.thirdparty.io.netty.channel.AbstractChannel$AnnotatedConnectException: Connection refused: /192.168.164.241:42571
	at sun.nio.ch.SocketChannelImpl.checkConnect(Native Method)
	at sun.nio.ch.SocketChannelImpl.finishConnect(SocketChannelImpl.java:717)
	at org.apache.ratis.thirdparty.io.netty.channel.socket.nio.NioSocketChannel.doFinishConnect(NioSocketChannel.java:327)
	at org.apache.ratis.thirdparty.io.netty.channel.nio.AbstractNioChannel$AbstractNioUnsafe.finishConnect(AbstractNioChannel.java:340)
	at org.apache.ratis.thirdparty.io.netty.channel.nio.NioEventLoop.processSelectedKey(NioEventLoop.java:632)
	at org.apache.ratis.thirdparty.io.netty.channel.nio.NioEventLoop.processSelectedKeysOptimized(NioEventLoop.java:579)
	at org.apache.ratis.thirdparty.io.netty.channel.nio.NioEventLoop.processSelectedKeys(NioEventLoop.java:496)
	at org.apache.ratis.thirdparty.io.netty.channel.nio.NioEventLoop.run(NioEventLoop.java:458)
	at org.apache.ratis.thirdparty.io.netty.util.concurrent.SingleThreadEventExecutor$5.run(SingleThreadEventExecutor.java:897)
	at org.apache.ratis.thirdparty.io.netty.util.concurrent.FastThreadLocalRunnable.run(FastThreadLocalRunnable.java:30)
	... 1 more
Caused by: java.net.ConnectException: Connection refused
	... 11 more
2019-10-20 18:19:07,197 [c50ce170-3170-4e03-b167-34e0e02687b2@group-AF4EDA66FDC9-LeaderElection484] INFO  impl.LeaderElection (LeaderElection.java:logAndReturn(56)) - c50ce170-3170-4e03-b167-34e0e02687b2@group-AF4EDA66FDC9-LeaderElection484: Election REJECTED; received 0 response(s) [] and 2 exception(s); c50ce170-3170-4e03-b167-34e0e02687b2@group-AF4EDA66FDC9:t5, leader=null, voted=c50ce170-3170-4e03-b167-34e0e02687b2, raftlog=c50ce170-3170-4e03-b167-34e0e02687b2@group-AF4EDA66FDC9-SegmentedRaftLog:OPENED:c22,f22,i22, conf=21: [a6e136fe-e391-4364-8a60-53801fc9277d:192.168.164.241:40755, eb28ec45-9b2b-44d6-ae7e-a31feda643bc:192.168.164.241:42571, c50ce170-3170-4e03-b167-34e0e02687b2:192.168.164.241:37695], old=null
2019-10-20 18:19:07,197 [c50ce170-3170-4e03-b167-34e0e02687b2@group-AF4EDA66FDC9-LeaderElection484] INFO  impl.LeaderElection (LogUtils.java:infoOrTrace(149)) -   Exception 0: {}
java.util.concurrent.ExecutionException: org.apache.ratis.thirdparty.io.grpc.StatusRuntimeException: UNAVAILABLE: io exception
	at java.util.concurrent.FutureTask.report(FutureTask.java:122)
	at java.util.concurrent.FutureTask.get(FutureTask.java:192)
	at org.apache.ratis.server.impl.LeaderElection.waitForResults(LeaderElection.java:259)
	at org.apache.ratis.server.impl.LeaderElection.askForVotes(LeaderElection.java:197)
	at org.apache.ratis.server.impl.LeaderElection.run(LeaderElection.java:133)
	at java.lang.Thread.run(Thread.java:748)
Caused by: org.apache.ratis.thirdparty.io.grpc.StatusRuntimeException: UNAVAILABLE: io exception
	at org.apache.ratis.thirdparty.io.grpc.stub.ClientCalls.toStatusRuntimeException(ClientCalls.java:233)
	at org.apache.ratis.thirdparty.io.grpc.stub.ClientCalls.getUnchecked(ClientCalls.java:214)
	at org.apache.ratis.thirdparty.io.grpc.stub.ClientCalls.blockingUnaryCall(ClientCalls.java:139)
	at org.apache.ratis.proto.grpc.RaftServerProtocolServiceGrpc$RaftServerProtocolServiceBlockingStub.requestVote(RaftServerProtocolServiceGrpc.java:265)
	at org.apache.ratis.grpc.server.GrpcServerProtocolClient.requestVote(GrpcServerProtocolClient.java:99)
	at org.apache.ratis.grpc.server.GrpcService.requestVote(GrpcService.java:204)
	at org.apache.ratis.server.impl.LeaderElection.lambda$submitRequests$1(LeaderElection.java:234)
	at java.util.concurrent.FutureTask.run(FutureTask.java:266)
	at java.util.concurrent.Executors$RunnableAdapter.call(Executors.java:511)
	at java.util.concurrent.FutureTask.run(FutureTask.java:266)
	at java.util.concurrent.ThreadPoolExecutor.runWorker(ThreadPoolExecutor.java:1149)
	at java.util.concurrent.ThreadPoolExecutor$Worker.run(ThreadPoolExecutor.java:624)
	... 1 more
Caused by: org.apache.ratis.thirdparty.io.netty.channel.AbstractChannel$AnnotatedConnectException: Connection refused: /192.168.164.241:40755
	at sun.nio.ch.SocketChannelImpl.checkConnect(Native Method)
	at sun.nio.ch.SocketChannelImpl.finishConnect(SocketChannelImpl.java:717)
	at org.apache.ratis.thirdparty.io.netty.channel.socket.nio.NioSocketChannel.doFinishConnect(NioSocketChannel.java:327)
	at org.apache.ratis.thirdparty.io.netty.channel.nio.AbstractNioChannel$AbstractNioUnsafe.finishConnect(AbstractNioChannel.java:340)
	at org.apache.ratis.thirdparty.io.netty.channel.nio.NioEventLoop.processSelectedKey(NioEventLoop.java:632)
	at org.apache.ratis.thirdparty.io.netty.channel.nio.NioEventLoop.processSelectedKeysOptimized(NioEventLoop.java:579)
	at org.apache.ratis.thirdparty.io.netty.channel.nio.NioEventLoop.processSelectedKeys(NioEventLoop.java:496)
	at org.apache.ratis.thirdparty.io.netty.channel.nio.NioEventLoop.run(NioEventLoop.java:458)
	at org.apache.ratis.thirdparty.io.netty.util.concurrent.SingleThreadEventExecutor$5.run(SingleThreadEventExecutor.java:897)
	at org.apache.ratis.thirdparty.io.netty.util.concurrent.FastThreadLocalRunnable.run(FastThreadLocalRunnable.java:30)
	... 1 more
Caused by: java.net.ConnectException: Connection refused
	... 11 more
2019-10-20 18:19:07,198 [c50ce170-3170-4e03-b167-34e0e02687b2@group-AF4EDA66FDC9-LeaderElection484] INFO  impl.LeaderElection (LogUtils.java:infoOrTrace(149)) -   Exception 1: {}
java.util.concurrent.ExecutionException: org.apache.ratis.thirdparty.io.grpc.StatusRuntimeException: UNAVAILABLE: io exception
	at java.util.concurrent.FutureTask.report(FutureTask.java:122)
	at java.util.concurrent.FutureTask.get(FutureTask.java:192)
	at org.apache.ratis.server.impl.LeaderElection.waitForResults(LeaderElection.java:259)
	at org.apache.ratis.server.impl.LeaderElection.askForVotes(LeaderElection.java:197)
	at org.apache.ratis.server.impl.LeaderElection.run(LeaderElection.java:133)
	at java.lang.Thread.run(Thread.java:748)
Caused by: org.apache.ratis.thirdparty.io.grpc.StatusRuntimeException: UNAVAILABLE: io exception
	at org.apache.ratis.thirdparty.io.grpc.stub.ClientCalls.toStatusRuntimeException(ClientCalls.java:233)
	at org.apache.ratis.thirdparty.io.grpc.stub.ClientCalls.getUnchecked(ClientCalls.java:214)
	at org.apache.ratis.thirdparty.io.grpc.stub.ClientCalls.blockingUnaryCall(ClientCalls.java:139)
	at org.apache.ratis.proto.grpc.RaftServerProtocolServiceGrpc$RaftServerProtocolServiceBlockingStub.requestVote(RaftServerProtocolServiceGrpc.java:265)
	at org.apache.ratis.grpc.server.GrpcServerProtocolClient.requestVote(GrpcServerProtocolClient.java:99)
	at org.apache.ratis.grpc.server.GrpcService.requestVote(GrpcService.java:204)
	at org.apache.ratis.server.impl.LeaderElection.lambda$submitRequests$1(LeaderElection.java:234)
	at java.util.concurrent.FutureTask.run(FutureTask.java:266)
	at java.util.concurrent.Executors$RunnableAdapter.call(Executors.java:511)
	at java.util.concurrent.FutureTask.run(FutureTask.java:266)
	at java.util.concurrent.ThreadPoolExecutor.runWorker(ThreadPoolExecutor.java:1149)
	at java.util.concurrent.ThreadPoolExecutor$Worker.run(ThreadPoolExecutor.java:624)
	... 1 more
Caused by: org.apache.ratis.thirdparty.io.netty.channel.AbstractChannel$AnnotatedConnectException: Connection refused: /192.168.164.241:42571
	at sun.nio.ch.SocketChannelImpl.checkConnect(Native Method)
	at sun.nio.ch.SocketChannelImpl.finishConnect(SocketChannelImpl.java:717)
	at org.apache.ratis.thirdparty.io.netty.channel.socket.nio.NioSocketChannel.doFinishConnect(NioSocketChannel.java:327)
	at org.apache.ratis.thirdparty.io.netty.channel.nio.AbstractNioChannel$AbstractNioUnsafe.finishConnect(AbstractNioChannel.java:340)
	at org.apache.ratis.thirdparty.io.netty.channel.nio.NioEventLoop.processSelectedKey(NioEventLoop.java:632)
	at org.apache.ratis.thirdparty.io.netty.channel.nio.NioEventLoop.processSelectedKeysOptimized(NioEventLoop.java:579)
	at org.apache.ratis.thirdparty.io.netty.channel.nio.NioEventLoop.processSelectedKeys(NioEventLoop.java:496)
	at org.apache.ratis.thirdparty.io.netty.channel.nio.NioEventLoop.run(NioEventLoop.java:458)
	at org.apache.ratis.thirdparty.io.netty.util.concurrent.SingleThreadEventExecutor$5.run(SingleThreadEventExecutor.java:897)
	at org.apache.ratis.thirdparty.io.netty.util.concurrent.FastThreadLocalRunnable.run(FastThreadLocalRunnable.java:30)
	... 1 more
Caused by: java.net.ConnectException: Connection refused
	... 11 more
2019-10-20 18:19:07,198 [c50ce170-3170-4e03-b167-34e0e02687b2@group-AF4EDA66FDC9-LeaderElection484] INFO  impl.RaftServerImpl (RaftServerImpl.java:setRole(184)) - c50ce170-3170-4e03-b167-34e0e02687b2@group-AF4EDA66FDC9: changes role from CANDIDATE to FOLLOWER at term 5 for DISCOVERED_A_NEW_TERM
2019-10-20 18:19:07,198 [c50ce170-3170-4e03-b167-34e0e02687b2@group-AF4EDA66FDC9-LeaderElection484] INFO  impl.RoleInfo (RoleInfo.java:shutdownLeaderElection(134)) - c50ce170-3170-4e03-b167-34e0e02687b2: shutdown LeaderElection
2019-10-20 18:19:07,198 [c50ce170-3170-4e03-b167-34e0e02687b2@group-AF4EDA66FDC9-LeaderElection484] INFO  impl.RoleInfo (RoleInfo.java:updateAndGet(143)) - c50ce170-3170-4e03-b167-34e0e02687b2: start FollowerState
2019-10-20 18:19:07,213 [b75f8b2e-6273-4c97-b7c5-042674931d23@group-F11756C8BA4A-LeaderElection483] INFO  impl.LeaderElection (LeaderElection.java:askForVotes(178)) - b75f8b2e-6273-4c97-b7c5-042674931d23@group-F11756C8BA4A-LeaderElection483: begin an election at term 293 for -1: [6ef27e9c-8ddb-4fa1-8c14-ab102acfb1b8:192.168.164.241:38092, b75f8b2e-6273-4c97-b7c5-042674931d23:192.168.164.241:41857, 3750b3a2-715b-46b3-9d0c-9e38136244b9:192.168.164.241:46227], old=null
2019-10-20 18:19:07,214 [b75f8b2e-6273-4c97-b7c5-042674931d23@group-F11756C8BA4A-LeaderElection483] INFO  impl.LeaderElection (LogUtils.java:infoOrTrace(149)) - b75f8b2e-6273-4c97-b7c5-042674931d23@group-F11756C8BA4A-LeaderElection483 got exception when requesting votes: {}
java.util.concurrent.ExecutionException: org.apache.ratis.thirdparty.io.grpc.StatusRuntimeException: UNAVAILABLE: io exception
	at java.util.concurrent.FutureTask.report(FutureTask.java:122)
	at java.util.concurrent.FutureTask.get(FutureTask.java:192)
	at org.apache.ratis.server.impl.LeaderElection.waitForResults(LeaderElection.java:259)
	at org.apache.ratis.server.impl.LeaderElection.askForVotes(LeaderElection.java:197)
	at org.apache.ratis.server.impl.LeaderElection.run(LeaderElection.java:133)
	at java.lang.Thread.run(Thread.java:748)
Caused by: org.apache.ratis.thirdparty.io.grpc.StatusRuntimeException: UNAVAILABLE: io exception
	at org.apache.ratis.thirdparty.io.grpc.stub.ClientCalls.toStatusRuntimeException(ClientCalls.java:233)
	at org.apache.ratis.thirdparty.io.grpc.stub.ClientCalls.getUnchecked(ClientCalls.java:214)
	at org.apache.ratis.thirdparty.io.grpc.stub.ClientCalls.blockingUnaryCall(ClientCalls.java:139)
	at org.apache.ratis.proto.grpc.RaftServerProtocolServiceGrpc$RaftServerProtocolServiceBlockingStub.requestVote(RaftServerProtocolServiceGrpc.java:265)
	at org.apache.ratis.grpc.server.GrpcServerProtocolClient.requestVote(GrpcServerProtocolClient.java:99)
	at org.apache.ratis.grpc.server.GrpcService.requestVote(GrpcService.java:204)
	at org.apache.ratis.server.impl.LeaderElection.lambda$submitRequests$1(LeaderElection.java:234)
	at java.util.concurrent.FutureTask.run(FutureTask.java:266)
	at java.util.concurrent.Executors$RunnableAdapter.call(Executors.java:511)
	at java.util.concurrent.FutureTask.run(FutureTask.java:266)
	at java.util.concurrent.ThreadPoolExecutor.runWorker(ThreadPoolExecutor.java:1149)
	at java.util.concurrent.ThreadPoolExecutor$Worker.run(ThreadPoolExecutor.java:624)
	... 1 more
Caused by: org.apache.ratis.thirdparty.io.netty.channel.AbstractChannel$AnnotatedConnectException: Connection refused: /192.168.164.241:46227
	at sun.nio.ch.SocketChannelImpl.checkConnect(Native Method)
	at sun.nio.ch.SocketChannelImpl.finishConnect(SocketChannelImpl.java:717)
	at org.apache.ratis.thirdparty.io.netty.channel.socket.nio.NioSocketChannel.doFinishConnect(NioSocketChannel.java:327)
	at org.apache.ratis.thirdparty.io.netty.channel.nio.AbstractNioChannel$AbstractNioUnsafe.finishConnect(AbstractNioChannel.java:340)
	at org.apache.ratis.thirdparty.io.netty.channel.nio.NioEventLoop.processSelectedKey(NioEventLoop.java:632)
	at org.apache.ratis.thirdparty.io.netty.channel.nio.NioEventLoop.processSelectedKeysOptimized(NioEventLoop.java:579)
	at org.apache.ratis.thirdparty.io.netty.channel.nio.NioEventLoop.processSelectedKeys(NioEventLoop.java:496)
	at org.apache.ratis.thirdparty.io.netty.channel.nio.NioEventLoop.run(NioEventLoop.java:458)
	at org.apache.ratis.thirdparty.io.netty.util.concurrent.SingleThreadEventExecutor$5.run(SingleThreadEventExecutor.java:897)
	at org.apache.ratis.thirdparty.io.netty.util.concurrent.FastThreadLocalRunnable.run(FastThreadLocalRunnable.java:30)
	... 1 more
Caused by: java.net.ConnectException: Connection refused
	... 11 more
2019-10-20 18:19:07,215 [grpc-default-executor-4] INFO  impl.RaftServerImpl (RaftServerImpl.java:setRole(184)) - 6ef27e9c-8ddb-4fa1-8c14-ab102acfb1b8@group-F11756C8BA4A: changes role from  FOLLOWER to FOLLOWER at term 293 for recognizeCandidate:b75f8b2e-6273-4c97-b7c5-042674931d23
2019-10-20 18:19:07,215 [grpc-default-executor-4] INFO  impl.RoleInfo (RoleInfo.java:shutdownFollowerState(121)) - 6ef27e9c-8ddb-4fa1-8c14-ab102acfb1b8: shutdown FollowerState
2019-10-20 18:19:07,215 [grpc-default-executor-4] INFO  impl.RoleInfo (RoleInfo.java:updateAndGet(143)) - 6ef27e9c-8ddb-4fa1-8c14-ab102acfb1b8: start FollowerState
2019-10-20 18:19:07,215 [Thread-3644] INFO  impl.FollowerState (FollowerState.java:run(117)) - 6ef27e9c-8ddb-4fa1-8c14-ab102acfb1b8@group-F11756C8BA4A-FollowerState was interrupted: java.lang.InterruptedException: sleep interrupted
2019-10-20 18:19:07,239 [b75f8b2e-6273-4c97-b7c5-042674931d23@group-F11756C8BA4A-LeaderElection483] INFO  impl.LeaderElection (LeaderElection.java:logAndReturn(56)) - b75f8b2e-6273-4c97-b7c5-042674931d23@group-F11756C8BA4A-LeaderElection483: Election REJECTED; received 1 response(s) [b75f8b2e-6273-4c97-b7c5-042674931d23<-6ef27e9c-8ddb-4fa1-8c14-ab102acfb1b8#0:FAIL-t293] and 1 exception(s); b75f8b2e-6273-4c97-b7c5-042674931d23@group-F11756C8BA4A:t293, leader=null, voted=b75f8b2e-6273-4c97-b7c5-042674931d23, raftlog=b75f8b2e-6273-4c97-b7c5-042674931d23@group-F11756C8BA4A-SegmentedRaftLog:OPENED:c-1,f-1,i0, conf=-1: [6ef27e9c-8ddb-4fa1-8c14-ab102acfb1b8:192.168.164.241:38092, b75f8b2e-6273-4c97-b7c5-042674931d23:192.168.164.241:41857, 3750b3a2-715b-46b3-9d0c-9e38136244b9:192.168.164.241:46227], old=null
2019-10-20 18:19:07,239 [b75f8b2e-6273-4c97-b7c5-042674931d23@group-F11756C8BA4A-LeaderElection483] INFO  impl.LeaderElection (LogUtils.java:infoOrTrace(149)) -   Exception 0: {}
java.util.concurrent.ExecutionException: org.apache.ratis.thirdparty.io.grpc.StatusRuntimeException: UNAVAILABLE: io exception
	at java.util.concurrent.FutureTask.report(FutureTask.java:122)
	at java.util.concurrent.FutureTask.get(FutureTask.java:192)
	at org.apache.ratis.server.impl.LeaderElection.waitForResults(LeaderElection.java:259)
	at org.apache.ratis.server.impl.LeaderElection.askForVotes(LeaderElection.java:197)
	at org.apache.ratis.server.impl.LeaderElection.run(LeaderElection.java:133)
	at java.lang.Thread.run(Thread.java:748)
Caused by: org.apache.ratis.thirdparty.io.grpc.StatusRuntimeException: UNAVAILABLE: io exception
	at org.apache.ratis.thirdparty.io.grpc.stub.ClientCalls.toStatusRuntimeException(ClientCalls.java:233)
	at org.apache.ratis.thirdparty.io.grpc.stub.ClientCalls.getUnchecked(ClientCalls.java:214)
	at org.apache.ratis.thirdparty.io.grpc.stub.ClientCalls.blockingUnaryCall(ClientCalls.java:139)
	at org.apache.ratis.proto.grpc.RaftServerProtocolServiceGrpc$RaftServerProtocolServiceBlockingStub.requestVote(RaftServerProtocolServiceGrpc.java:265)
	at org.apache.ratis.grpc.server.GrpcServerProtocolClient.requestVote(GrpcServerProtocolClient.java:99)
	at org.apache.ratis.grpc.server.GrpcService.requestVote(GrpcService.java:204)
	at org.apache.ratis.server.impl.LeaderElection.lambda$submitRequests$1(LeaderElection.java:234)
	at java.util.concurrent.FutureTask.run(FutureTask.java:266)
	at java.util.concurrent.Executors$RunnableAdapter.call(Executors.java:511)
	at java.util.concurrent.FutureTask.run(FutureTask.java:266)
	at java.util.concurrent.ThreadPoolExecutor.runWorker(ThreadPoolExecutor.java:1149)
	at java.util.concurrent.ThreadPoolExecutor$Worker.run(ThreadPoolExecutor.java:624)
	... 1 more
Caused by: org.apache.ratis.thirdparty.io.netty.channel.AbstractChannel$AnnotatedConnectException: Connection refused: /192.168.164.241:46227
	at sun.nio.ch.SocketChannelImpl.checkConnect(Native Method)
	at sun.nio.ch.SocketChannelImpl.finishConnect(SocketChannelImpl.java:717)
	at org.apache.ratis.thirdparty.io.netty.channel.socket.nio.NioSocketChannel.doFinishConnect(NioSocketChannel.java:327)
	at org.apache.ratis.thirdparty.io.netty.channel.nio.AbstractNioChannel$AbstractNioUnsafe.finishConnect(AbstractNioChannel.java:340)
	at org.apache.ratis.thirdparty.io.netty.channel.nio.NioEventLoop.processSelectedKey(NioEventLoop.java:632)
	at org.apache.ratis.thirdparty.io.netty.channel.nio.NioEventLoop.processSelectedKeysOptimized(NioEventLoop.java:579)
	at org.apache.ratis.thirdparty.io.netty.channel.nio.NioEventLoop.processSelectedKeys(NioEventLoop.java:496)
	at org.apache.ratis.thirdparty.io.netty.channel.nio.NioEventLoop.run(NioEventLoop.java:458)
	at org.apache.ratis.thirdparty.io.netty.util.concurrent.SingleThreadEventExecutor$5.run(SingleThreadEventExecutor.java:897)
	at org.apache.ratis.thirdparty.io.netty.util.concurrent.FastThreadLocalRunnable.run(FastThreadLocalRunnable.java:30)
	... 1 more
Caused by: java.net.ConnectException: Connection refused
	... 11 more
2019-10-20 18:19:07,239 [b75f8b2e-6273-4c97-b7c5-042674931d23@group-F11756C8BA4A-LeaderElection483] INFO  impl.RaftServerImpl (RaftServerImpl.java:setRole(184)) - b75f8b2e-6273-4c97-b7c5-042674931d23@group-F11756C8BA4A: changes role from CANDIDATE to FOLLOWER at term 293 for DISCOVERED_A_NEW_TERM
2019-10-20 18:19:07,239 [b75f8b2e-6273-4c97-b7c5-042674931d23@group-F11756C8BA4A-LeaderElection483] INFO  impl.RoleInfo (RoleInfo.java:shutdownLeaderElection(134)) - b75f8b2e-6273-4c97-b7c5-042674931d23: shutdown LeaderElection
2019-10-20 18:19:07,240 [b75f8b2e-6273-4c97-b7c5-042674931d23@group-F11756C8BA4A-LeaderElection483] INFO  impl.RoleInfo (RoleInfo.java:updateAndGet(143)) - b75f8b2e-6273-4c97-b7c5-042674931d23: start FollowerState
2019-10-20 18:19:07,303 [Thread-3652] INFO  impl.FollowerState (FollowerState.java:run(108)) - b75f8b2e-6273-4c97-b7c5-042674931d23@group-F11756C8BA4A-FollowerState: change to CANDIDATE, lastRpcTime:63ms, electionTimeout:63ms
2019-10-20 18:19:07,303 [Thread-3652] INFO  impl.RoleInfo (RoleInfo.java:shutdownFollowerState(121)) - b75f8b2e-6273-4c97-b7c5-042674931d23: shutdown FollowerState
2019-10-20 18:19:07,303 [Thread-3652] INFO  impl.RaftServerImpl (RaftServerImpl.java:setRole(184)) - b75f8b2e-6273-4c97-b7c5-042674931d23@group-F11756C8BA4A: changes role from  FOLLOWER to CANDIDATE at term 293 for changeToCandidate
2019-10-20 18:19:07,303 [Thread-3652] INFO  impl.RoleInfo (RoleInfo.java:updateAndGet(143)) - b75f8b2e-6273-4c97-b7c5-042674931d23: start LeaderElection
2019-10-20 18:19:07,356 [b75f8b2e-6273-4c97-b7c5-042674931d23@group-F11756C8BA4A-LeaderElection485] INFO  impl.LeaderElection (LeaderElection.java:askForVotes(178)) - b75f8b2e-6273-4c97-b7c5-042674931d23@group-F11756C8BA4A-LeaderElection485: begin an election at term 294 for -1: [6ef27e9c-8ddb-4fa1-8c14-ab102acfb1b8:192.168.164.241:38092, b75f8b2e-6273-4c97-b7c5-042674931d23:192.168.164.241:41857, 3750b3a2-715b-46b3-9d0c-9e38136244b9:192.168.164.241:46227], old=null
2019-10-20 18:19:07,356 [b75f8b2e-6273-4c97-b7c5-042674931d23@group-F11756C8BA4A-LeaderElection485] INFO  impl.LeaderElection (LogUtils.java:infoOrTrace(149)) - b75f8b2e-6273-4c97-b7c5-042674931d23@group-F11756C8BA4A-LeaderElection485 got exception when requesting votes: {}
java.util.concurrent.ExecutionException: org.apache.ratis.thirdparty.io.grpc.StatusRuntimeException: UNAVAILABLE: io exception
	at java.util.concurrent.FutureTask.report(FutureTask.java:122)
	at java.util.concurrent.FutureTask.get(FutureTask.java:192)
	at org.apache.ratis.server.impl.LeaderElection.waitForResults(LeaderElection.java:259)
	at org.apache.ratis.server.impl.LeaderElection.askForVotes(LeaderElection.java:197)
	at org.apache.ratis.server.impl.LeaderElection.run(LeaderElection.java:133)
	at java.lang.Thread.run(Thread.java:748)
Caused by: org.apache.ratis.thirdparty.io.grpc.StatusRuntimeException: UNAVAILABLE: io exception
	at org.apache.ratis.thirdparty.io.grpc.stub.ClientCalls.toStatusRuntimeException(ClientCalls.java:233)
	at org.apache.ratis.thirdparty.io.grpc.stub.ClientCalls.getUnchecked(ClientCalls.java:214)
	at org.apache.ratis.thirdparty.io.grpc.stub.ClientCalls.blockingUnaryCall(ClientCalls.java:139)
	at org.apache.ratis.proto.grpc.RaftServerProtocolServiceGrpc$RaftServerProtocolServiceBlockingStub.requestVote(RaftServerProtocolServiceGrpc.java:265)
	at org.apache.ratis.grpc.server.GrpcServerProtocolClient.requestVote(GrpcServerProtocolClient.java:99)
	at org.apache.ratis.grpc.server.GrpcService.requestVote(GrpcService.java:204)
	at org.apache.ratis.server.impl.LeaderElection.lambda$submitRequests$1(LeaderElection.java:234)
	at java.util.concurrent.FutureTask.run(FutureTask.java:266)
	at java.util.concurrent.Executors$RunnableAdapter.call(Executors.java:511)
	at java.util.concurrent.FutureTask.run(FutureTask.java:266)
	at java.util.concurrent.ThreadPoolExecutor.runWorker(ThreadPoolExecutor.java:1149)
	at java.util.concurrent.ThreadPoolExecutor$Worker.run(ThreadPoolExecutor.java:624)
	... 1 more
Caused by: org.apache.ratis.thirdparty.io.netty.channel.AbstractChannel$AnnotatedConnectException: Connection refused: /192.168.164.241:46227
	at sun.nio.ch.SocketChannelImpl.checkConnect(Native Method)
	at sun.nio.ch.SocketChannelImpl.finishConnect(SocketChannelImpl.java:717)
	at org.apache.ratis.thirdparty.io.netty.channel.socket.nio.NioSocketChannel.doFinishConnect(NioSocketChannel.java:327)
	at org.apache.ratis.thirdparty.io.netty.channel.nio.AbstractNioChannel$AbstractNioUnsafe.finishConnect(AbstractNioChannel.java:340)
	at org.apache.ratis.thirdparty.io.netty.channel.nio.NioEventLoop.processSelectedKey(NioEventLoop.java:632)
	at org.apache.ratis.thirdparty.io.netty.channel.nio.NioEventLoop.processSelectedKeysOptimized(NioEventLoop.java:579)
	at org.apache.ratis.thirdparty.io.netty.channel.nio.NioEventLoop.processSelectedKeys(NioEventLoop.java:496)
	at org.apache.ratis.thirdparty.io.netty.channel.nio.NioEventLoop.run(NioEventLoop.java:458)
	at org.apache.ratis.thirdparty.io.netty.util.concurrent.SingleThreadEventExecutor$5.run(SingleThreadEventExecutor.java:897)
	at org.apache.ratis.thirdparty.io.netty.util.concurrent.FastThreadLocalRunnable.run(FastThreadLocalRunnable.java:30)
	... 1 more
Caused by: java.net.ConnectException: Connection refused
	... 11 more
2019-10-20 18:19:07,357 [grpc-default-executor-4] INFO  impl.RaftServerImpl (RaftServerImpl.java:setRole(184)) - 6ef27e9c-8ddb-4fa1-8c14-ab102acfb1b8@group-F11756C8BA4A: changes role from  FOLLOWER to FOLLOWER at term 294 for recognizeCandidate:b75f8b2e-6273-4c97-b7c5-042674931d23
2019-10-20 18:19:07,357 [grpc-default-executor-4] INFO  impl.RoleInfo (RoleInfo.java:shutdownFollowerState(121)) - 6ef27e9c-8ddb-4fa1-8c14-ab102acfb1b8: shutdown FollowerState
2019-10-20 18:19:07,357 [grpc-default-executor-4] INFO  impl.RoleInfo (RoleInfo.java:updateAndGet(143)) - 6ef27e9c-8ddb-4fa1-8c14-ab102acfb1b8: start FollowerState
2019-10-20 18:19:07,357 [Thread-3651] INFO  impl.FollowerState (FollowerState.java:run(117)) - 6ef27e9c-8ddb-4fa1-8c14-ab102acfb1b8@group-F11756C8BA4A-FollowerState was interrupted: java.lang.InterruptedException: sleep interrupted
2019-10-20 18:19:07,382 [b75f8b2e-6273-4c97-b7c5-042674931d23@group-F11756C8BA4A-LeaderElection485] INFO  impl.LeaderElection (LeaderElection.java:logAndReturn(56)) - b75f8b2e-6273-4c97-b7c5-042674931d23@group-F11756C8BA4A-LeaderElection485: Election REJECTED; received 1 response(s) [b75f8b2e-6273-4c97-b7c5-042674931d23<-6ef27e9c-8ddb-4fa1-8c14-ab102acfb1b8#0:FAIL-t294] and 1 exception(s); b75f8b2e-6273-4c97-b7c5-042674931d23@group-F11756C8BA4A:t294, leader=null, voted=b75f8b2e-6273-4c97-b7c5-042674931d23, raftlog=b75f8b2e-6273-4c97-b7c5-042674931d23@group-F11756C8BA4A-SegmentedRaftLog:OPENED:c-1,f-1,i0, conf=-1: [6ef27e9c-8ddb-4fa1-8c14-ab102acfb1b8:192.168.164.241:38092, b75f8b2e-6273-4c97-b7c5-042674931d23:192.168.164.241:41857, 3750b3a2-715b-46b3-9d0c-9e38136244b9:192.168.164.241:46227], old=null
2019-10-20 18:19:07,382 [b75f8b2e-6273-4c97-b7c5-042674931d23@group-F11756C8BA4A-LeaderElection485] INFO  impl.LeaderElection (LogUtils.java:infoOrTrace(149)) -   Exception 0: {}
java.util.concurrent.ExecutionException: org.apache.ratis.thirdparty.io.grpc.StatusRuntimeException: UNAVAILABLE: io exception
	at java.util.concurrent.FutureTask.report(FutureTask.java:122)
	at java.util.concurrent.FutureTask.get(FutureTask.java:192)
	at org.apache.ratis.server.impl.LeaderElection.waitForResults(LeaderElection.java:259)
	at org.apache.ratis.server.impl.LeaderElection.askForVotes(LeaderElection.java:197)
	at org.apache.ratis.server.impl.LeaderElection.run(LeaderElection.java:133)
	at java.lang.Thread.run(Thread.java:748)
Caused by: org.apache.ratis.thirdparty.io.grpc.StatusRuntimeException: UNAVAILABLE: io exception
	at org.apache.ratis.thirdparty.io.grpc.stub.ClientCalls.toStatusRuntimeException(ClientCalls.java:233)
	at org.apache.ratis.thirdparty.io.grpc.stub.ClientCalls.getUnchecked(ClientCalls.java:214)
	at org.apache.ratis.thirdparty.io.grpc.stub.ClientCalls.blockingUnaryCall(ClientCalls.java:139)
	at org.apache.ratis.proto.grpc.RaftServerProtocolServiceGrpc$RaftServerProtocolServiceBlockingStub.requestVote(RaftServerProtocolServiceGrpc.java:265)
	at org.apache.ratis.grpc.server.GrpcServerProtocolClient.requestVote(GrpcServerProtocolClient.java:99)
	at org.apache.ratis.grpc.server.GrpcService.requestVote(GrpcService.java:204)
	at org.apache.ratis.server.impl.LeaderElection.lambda$submitRequests$1(LeaderElection.java:234)
	at java.util.concurrent.FutureTask.run(FutureTask.java:266)
	at java.util.concurrent.Executors$RunnableAdapter.call(Executors.java:511)
	at java.util.concurrent.FutureTask.run(FutureTask.java:266)
	at java.util.concurrent.ThreadPoolExecutor.runWorker(ThreadPoolExecutor.java:1149)
	at java.util.concurrent.ThreadPoolExecutor$Worker.run(ThreadPoolExecutor.java:624)
	... 1 more
Caused by: org.apache.ratis.thirdparty.io.netty.channel.AbstractChannel$AnnotatedConnectException: Connection refused: /192.168.164.241:46227
	at sun.nio.ch.SocketChannelImpl.checkConnect(Native Method)
	at sun.nio.ch.SocketChannelImpl.finishConnect(SocketChannelImpl.java:717)
	at org.apache.ratis.thirdparty.io.netty.channel.socket.nio.NioSocketChannel.doFinishConnect(NioSocketChannel.java:327)
	at org.apache.ratis.thirdparty.io.netty.channel.nio.AbstractNioChannel$AbstractNioUnsafe.finishConnect(AbstractNioChannel.java:340)
	at org.apache.ratis.thirdparty.io.netty.channel.nio.NioEventLoop.processSelectedKey(NioEventLoop.java:632)
	at org.apache.ratis.thirdparty.io.netty.channel.nio.NioEventLoop.processSelectedKeysOptimized(NioEventLoop.java:579)
	at org.apache.ratis.thirdparty.io.netty.channel.nio.NioEventLoop.processSelectedKeys(NioEventLoop.java:496)
	at org.apache.ratis.thirdparty.io.netty.channel.nio.NioEventLoop.run(NioEventLoop.java:458)
	at org.apache.ratis.thirdparty.io.netty.util.concurrent.SingleThreadEventExecutor$5.run(SingleThreadEventExecutor.java:897)
	at org.apache.ratis.thirdparty.io.netty.util.concurrent.FastThreadLocalRunnable.run(FastThreadLocalRunnable.java:30)
	... 1 more
Caused by: java.net.ConnectException: Connection refused
	... 11 more
2019-10-20 18:19:07,382 [b75f8b2e-6273-4c97-b7c5-042674931d23@group-F11756C8BA4A-LeaderElection485] INFO  impl.RaftServerImpl (RaftServerImpl.java:setRole(184)) - b75f8b2e-6273-4c97-b7c5-042674931d23@group-F11756C8BA4A: changes role from CANDIDATE to FOLLOWER at term 294 for DISCOVERED_A_NEW_TERM
2019-10-20 18:19:07,382 [b75f8b2e-6273-4c97-b7c5-042674931d23@group-F11756C8BA4A-LeaderElection485] INFO  impl.RoleInfo (RoleInfo.java:shutdownLeaderElection(134)) - b75f8b2e-6273-4c97-b7c5-042674931d23: shutdown LeaderElection
2019-10-20 18:19:07,382 [b75f8b2e-6273-4c97-b7c5-042674931d23@group-F11756C8BA4A-LeaderElection485] INFO  impl.RoleInfo (RoleInfo.java:updateAndGet(143)) - b75f8b2e-6273-4c97-b7c5-042674931d23: start FollowerState
2019-10-20 18:19:07,466 [Thread-3657] INFO  impl.FollowerState (FollowerState.java:run(108)) - b75f8b2e-6273-4c97-b7c5-042674931d23@group-F11756C8BA4A-FollowerState: change to CANDIDATE, lastRpcTime:84ms, electionTimeout:84ms
2019-10-20 18:19:07,466 [Thread-3657] INFO  impl.RoleInfo (RoleInfo.java:shutdownFollowerState(121)) - b75f8b2e-6273-4c97-b7c5-042674931d23: shutdown FollowerState
2019-10-20 18:19:07,466 [Thread-3657] INFO  impl.RaftServerImpl (RaftServerImpl.java:setRole(184)) - b75f8b2e-6273-4c97-b7c5-042674931d23@group-F11756C8BA4A: changes role from  FOLLOWER to CANDIDATE at term 294 for changeToCandidate
2019-10-20 18:19:07,467 [Thread-3657] INFO  impl.RoleInfo (RoleInfo.java:updateAndGet(143)) - b75f8b2e-6273-4c97-b7c5-042674931d23: start LeaderElection
2019-10-20 18:19:07,506 [b75f8b2e-6273-4c97-b7c5-042674931d23@group-F11756C8BA4A-LeaderElection486] INFO  impl.LeaderElection (LeaderElection.java:askForVotes(178)) - b75f8b2e-6273-4c97-b7c5-042674931d23@group-F11756C8BA4A-LeaderElection486: begin an election at term 295 for -1: [6ef27e9c-8ddb-4fa1-8c14-ab102acfb1b8:192.168.164.241:38092, b75f8b2e-6273-4c97-b7c5-042674931d23:192.168.164.241:41857, 3750b3a2-715b-46b3-9d0c-9e38136244b9:192.168.164.241:46227], old=null
2019-10-20 18:19:07,507 [b75f8b2e-6273-4c97-b7c5-042674931d23@group-F11756C8BA4A-LeaderElection486] INFO  impl.LeaderElection (LogUtils.java:infoOrTrace(149)) - b75f8b2e-6273-4c97-b7c5-042674931d23@group-F11756C8BA4A-LeaderElection486 got exception when requesting votes: {}
java.util.concurrent.ExecutionException: org.apache.ratis.thirdparty.io.grpc.StatusRuntimeException: UNAVAILABLE: io exception
	at java.util.concurrent.FutureTask.report(FutureTask.java:122)
	at java.util.concurrent.FutureTask.get(FutureTask.java:192)
	at org.apache.ratis.server.impl.LeaderElection.waitForResults(LeaderElection.java:259)
	at org.apache.ratis.server.impl.LeaderElection.askForVotes(LeaderElection.java:197)
	at org.apache.ratis.server.impl.LeaderElection.run(LeaderElection.java:133)
	at java.lang.Thread.run(Thread.java:748)
Caused by: org.apache.ratis.thirdparty.io.grpc.StatusRuntimeException: UNAVAILABLE: io exception
	at org.apache.ratis.thirdparty.io.grpc.stub.ClientCalls.toStatusRuntimeException(ClientCalls.java:233)
	at org.apache.ratis.thirdparty.io.grpc.stub.ClientCalls.getUnchecked(ClientCalls.java:214)
	at org.apache.ratis.thirdparty.io.grpc.stub.ClientCalls.blockingUnaryCall(ClientCalls.java:139)
	at org.apache.ratis.proto.grpc.RaftServerProtocolServiceGrpc$RaftServerProtocolServiceBlockingStub.requestVote(RaftServerProtocolServiceGrpc.java:265)
	at org.apache.ratis.grpc.server.GrpcServerProtocolClient.requestVote(GrpcServerProtocolClient.java:99)
	at org.apache.ratis.grpc.server.GrpcService.requestVote(GrpcService.java:204)
	at org.apache.ratis.server.impl.LeaderElection.lambda$submitRequests$1(LeaderElection.java:234)
	at java.util.concurrent.FutureTask.run(FutureTask.java:266)
	at java.util.concurrent.Executors$RunnableAdapter.call(Executors.java:511)
	at java.util.concurrent.FutureTask.run(FutureTask.java:266)
	at java.util.concurrent.ThreadPoolExecutor.runWorker(ThreadPoolExecutor.java:1149)
	at java.util.concurrent.ThreadPoolExecutor$Worker.run(ThreadPoolExecutor.java:624)
	... 1 more
Caused by: org.apache.ratis.thirdparty.io.netty.channel.AbstractChannel$AnnotatedConnectException: Connection refused: /192.168.164.241:46227
	at sun.nio.ch.SocketChannelImpl.checkConnect(Native Method)
	at sun.nio.ch.SocketChannelImpl.finishConnect(SocketChannelImpl.java:717)
	at org.apache.ratis.thirdparty.io.netty.channel.socket.nio.NioSocketChannel.doFinishConnect(NioSocketChannel.java:327)
	at org.apache.ratis.thirdparty.io.netty.channel.nio.AbstractNioChannel$AbstractNioUnsafe.finishConnect(AbstractNioChannel.java:340)
	at org.apache.ratis.thirdparty.io.netty.channel.nio.NioEventLoop.processSelectedKey(NioEventLoop.java:632)
	at org.apache.ratis.thirdparty.io.netty.channel.nio.NioEventLoop.processSelectedKeysOptimized(NioEventLoop.java:579)
	at org.apache.ratis.thirdparty.io.netty.channel.nio.NioEventLoop.processSelectedKeys(NioEventLoop.java:496)
	at org.apache.ratis.thirdparty.io.netty.channel.nio.NioEventLoop.run(NioEventLoop.java:458)
	at org.apache.ratis.thirdparty.io.netty.util.concurrent.SingleThreadEventExecutor$5.run(SingleThreadEventExecutor.java:897)
	at org.apache.ratis.thirdparty.io.netty.util.concurrent.FastThreadLocalRunnable.run(FastThreadLocalRunnable.java:30)
	... 1 more
Caused by: java.net.ConnectException: Connection refused
	... 11 more
2019-10-20 18:19:07,507 [grpc-default-executor-4] INFO  impl.RaftServerImpl (RaftServerImpl.java:setRole(184)) - 6ef27e9c-8ddb-4fa1-8c14-ab102acfb1b8@group-F11756C8BA4A: changes role from  FOLLOWER to FOLLOWER at term 295 for recognizeCandidate:b75f8b2e-6273-4c97-b7c5-042674931d23
2019-10-20 18:19:07,508 [grpc-default-executor-4] INFO  impl.RoleInfo (RoleInfo.java:shutdownFollowerState(121)) - 6ef27e9c-8ddb-4fa1-8c14-ab102acfb1b8: shutdown FollowerState
2019-10-20 18:19:07,508 [grpc-default-executor-4] INFO  impl.RoleInfo (RoleInfo.java:updateAndGet(143)) - 6ef27e9c-8ddb-4fa1-8c14-ab102acfb1b8: start FollowerState
2019-10-20 18:19:07,508 [Thread-3656] INFO  impl.FollowerState (FollowerState.java:run(117)) - 6ef27e9c-8ddb-4fa1-8c14-ab102acfb1b8@group-F11756C8BA4A-FollowerState was interrupted: java.lang.InterruptedException: sleep interrupted
2019-10-20 18:19:07,526 [Thread-3608] INFO  impl.FollowerState (FollowerState.java:run(108)) - 7a43c46a-fc88-4b2d-b2da-ae029cfa60ff@group-D40A05E2FCF9-FollowerState: change to CANDIDATE, lastRpcTime:1033ms, electionTimeout:1033ms
2019-10-20 18:19:07,526 [Thread-3608] INFO  impl.RoleInfo (RoleInfo.java:shutdownFollowerState(121)) - 7a43c46a-fc88-4b2d-b2da-ae029cfa60ff: shutdown FollowerState
2019-10-20 18:19:07,526 [Thread-3608] INFO  impl.RaftServerImpl (RaftServerImpl.java:setRole(184)) - 7a43c46a-fc88-4b2d-b2da-ae029cfa60ff@group-D40A05E2FCF9: changes role from  FOLLOWER to CANDIDATE at term 261 for changeToCandidate
2019-10-20 18:19:07,526 [Thread-3608] INFO  impl.RoleInfo (RoleInfo.java:updateAndGet(143)) - 7a43c46a-fc88-4b2d-b2da-ae029cfa60ff: start LeaderElection
2019-10-20 18:19:07,532 [b75f8b2e-6273-4c97-b7c5-042674931d23@group-F11756C8BA4A-LeaderElection486] INFO  impl.LeaderElection (LeaderElection.java:logAndReturn(56)) - b75f8b2e-6273-4c97-b7c5-042674931d23@group-F11756C8BA4A-LeaderElection486: Election REJECTED; received 1 response(s) [b75f8b2e-6273-4c97-b7c5-042674931d23<-6ef27e9c-8ddb-4fa1-8c14-ab102acfb1b8#0:FAIL-t295] and 1 exception(s); b75f8b2e-6273-4c97-b7c5-042674931d23@group-F11756C8BA4A:t295, leader=null, voted=b75f8b2e-6273-4c97-b7c5-042674931d23, raftlog=b75f8b2e-6273-4c97-b7c5-042674931d23@group-F11756C8BA4A-SegmentedRaftLog:OPENED:c-1,f-1,i0, conf=-1: [6ef27e9c-8ddb-4fa1-8c14-ab102acfb1b8:192.168.164.241:38092, b75f8b2e-6273-4c97-b7c5-042674931d23:192.168.164.241:41857, 3750b3a2-715b-46b3-9d0c-9e38136244b9:192.168.164.241:46227], old=null
2019-10-20 18:19:07,533 [b75f8b2e-6273-4c97-b7c5-042674931d23@group-F11756C8BA4A-LeaderElection486] INFO  impl.LeaderElection (LogUtils.java:infoOrTrace(149)) -   Exception 0: {}
java.util.concurrent.ExecutionException: org.apache.ratis.thirdparty.io.grpc.StatusRuntimeException: UNAVAILABLE: io exception
	at java.util.concurrent.FutureTask.report(FutureTask.java:122)
	at java.util.concurrent.FutureTask.get(FutureTask.java:192)
	at org.apache.ratis.server.impl.LeaderElection.waitForResults(LeaderElection.java:259)
	at org.apache.ratis.server.impl.LeaderElection.askForVotes(LeaderElection.java:197)
	at org.apache.ratis.server.impl.LeaderElection.run(LeaderElection.java:133)
	at java.lang.Thread.run(Thread.java:748)
Caused by: org.apache.ratis.thirdparty.io.grpc.StatusRuntimeException: UNAVAILABLE: io exception
	at org.apache.ratis.thirdparty.io.grpc.stub.ClientCalls.toStatusRuntimeException(ClientCalls.java:233)
	at org.apache.ratis.thirdparty.io.grpc.stub.ClientCalls.getUnchecked(ClientCalls.java:214)
	at org.apache.ratis.thirdparty.io.grpc.stub.ClientCalls.blockingUnaryCall(ClientCalls.java:139)
	at org.apache.ratis.proto.grpc.RaftServerProtocolServiceGrpc$RaftServerProtocolServiceBlockingStub.requestVote(RaftServerProtocolServiceGrpc.java:265)
	at org.apache.ratis.grpc.server.GrpcServerProtocolClient.requestVote(GrpcServerProtocolClient.java:99)
	at org.apache.ratis.grpc.server.GrpcService.requestVote(GrpcService.java:204)
	at org.apache.ratis.server.impl.LeaderElection.lambda$submitRequests$1(LeaderElection.java:234)
	at java.util.concurrent.FutureTask.run(FutureTask.java:266)
	at java.util.concurrent.Executors$RunnableAdapter.call(Executors.java:511)
	at java.util.concurrent.FutureTask.run(FutureTask.java:266)
	at java.util.concurrent.ThreadPoolExecutor.runWorker(ThreadPoolExecutor.java:1149)
	at java.util.concurrent.ThreadPoolExecutor$Worker.run(ThreadPoolExecutor.java:624)
	... 1 more
Caused by: org.apache.ratis.thirdparty.io.netty.channel.AbstractChannel$AnnotatedConnectException: Connection refused: /192.168.164.241:46227
	at sun.nio.ch.SocketChannelImpl.checkConnect(Native Method)
	at sun.nio.ch.SocketChannelImpl.finishConnect(SocketChannelImpl.java:717)
	at org.apache.ratis.thirdparty.io.netty.channel.socket.nio.NioSocketChannel.doFinishConnect(NioSocketChannel.java:327)
	at org.apache.ratis.thirdparty.io.netty.channel.nio.AbstractNioChannel$AbstractNioUnsafe.finishConnect(AbstractNioChannel.java:340)
	at org.apache.ratis.thirdparty.io.netty.channel.nio.NioEventLoop.processSelectedKey(NioEventLoop.java:632)
	at org.apache.ratis.thirdparty.io.netty.channel.nio.NioEventLoop.processSelectedKeysOptimized(NioEventLoop.java:579)
	at org.apache.ratis.thirdparty.io.netty.channel.nio.NioEventLoop.processSelectedKeys(NioEventLoop.java:496)
	at org.apache.ratis.thirdparty.io.netty.channel.nio.NioEventLoop.run(NioEventLoop.java:458)
	at org.apache.ratis.thirdparty.io.netty.util.concurrent.SingleThreadEventExecutor$5.run(SingleThreadEventExecutor.java:897)
	at org.apache.ratis.thirdparty.io.netty.util.concurrent.FastThreadLocalRunnable.run(FastThreadLocalRunnable.java:30)
	... 1 more
Caused by: java.net.ConnectException: Connection refused
	... 11 more
2019-10-20 18:19:07,533 [b75f8b2e-6273-4c97-b7c5-042674931d23@group-F11756C8BA4A-LeaderElection486] INFO  impl.RaftServerImpl (RaftServerImpl.java:setRole(184)) - b75f8b2e-6273-4c97-b7c5-042674931d23@group-F11756C8BA4A: changes role from CANDIDATE to FOLLOWER at term 295 for DISCOVERED_A_NEW_TERM
2019-10-20 18:19:07,533 [b75f8b2e-6273-4c97-b7c5-042674931d23@group-F11756C8BA4A-LeaderElection486] INFO  impl.RoleInfo (RoleInfo.java:shutdownLeaderElection(134)) - b75f8b2e-6273-4c97-b7c5-042674931d23: shutdown LeaderElection
2019-10-20 18:19:07,533 [b75f8b2e-6273-4c97-b7c5-042674931d23@group-F11756C8BA4A-LeaderElection486] INFO  impl.RoleInfo (RoleInfo.java:updateAndGet(143)) - b75f8b2e-6273-4c97-b7c5-042674931d23: start FollowerState
2019-10-20 18:19:07,549 [7a43c46a-fc88-4b2d-b2da-ae029cfa60ff@group-D40A05E2FCF9-LeaderElection487] INFO  impl.LeaderElection (LeaderElection.java:askForVotes(178)) - 7a43c46a-fc88-4b2d-b2da-ae029cfa60ff@group-D40A05E2FCF9-LeaderElection487: begin an election at term 262 for 0: [399079f7-1eb1-4f37-b003-267572525934:192.168.164.241:37762, 7a43c46a-fc88-4b2d-b2da-ae029cfa60ff:192.168.164.241:43684, 6c5c38af-62e6-4ea7-a24a-078dcb28fb39:192.168.164.241:45428], old=null
2019-10-20 18:19:07,549 [7a43c46a-fc88-4b2d-b2da-ae029cfa60ff@group-D40A05E2FCF9-LeaderElection487] INFO  impl.LeaderElection (LogUtils.java:infoOrTrace(149)) - 7a43c46a-fc88-4b2d-b2da-ae029cfa60ff@group-D40A05E2FCF9-LeaderElection487 got exception when requesting votes: {}
java.util.concurrent.ExecutionException: org.apache.ratis.thirdparty.io.grpc.StatusRuntimeException: UNAVAILABLE: io exception
	at java.util.concurrent.FutureTask.report(FutureTask.java:122)
	at java.util.concurrent.FutureTask.get(FutureTask.java:192)
	at org.apache.ratis.server.impl.LeaderElection.waitForResults(LeaderElection.java:259)
	at org.apache.ratis.server.impl.LeaderElection.askForVotes(LeaderElection.java:197)
	at org.apache.ratis.server.impl.LeaderElection.run(LeaderElection.java:133)
	at java.lang.Thread.run(Thread.java:748)
Caused by: org.apache.ratis.thirdparty.io.grpc.StatusRuntimeException: UNAVAILABLE: io exception
	at org.apache.ratis.thirdparty.io.grpc.stub.ClientCalls.toStatusRuntimeException(ClientCalls.java:233)
	at org.apache.ratis.thirdparty.io.grpc.stub.ClientCalls.getUnchecked(ClientCalls.java:214)
	at org.apache.ratis.thirdparty.io.grpc.stub.ClientCalls.blockingUnaryCall(ClientCalls.java:139)
	at org.apache.ratis.proto.grpc.RaftServerProtocolServiceGrpc$RaftServerProtocolServiceBlockingStub.requestVote(RaftServerProtocolServiceGrpc.java:265)
	at org.apache.ratis.grpc.server.GrpcServerProtocolClient.requestVote(GrpcServerProtocolClient.java:99)
	at org.apache.ratis.grpc.server.GrpcService.requestVote(GrpcService.java:204)
	at org.apache.ratis.server.impl.LeaderElection.lambda$submitRequests$1(LeaderElection.java:234)
	at java.util.concurrent.FutureTask.run(FutureTask.java:266)
	at java.util.concurrent.Executors$RunnableAdapter.call(Executors.java:511)
	at java.util.concurrent.FutureTask.run(FutureTask.java:266)
	at java.util.concurrent.ThreadPoolExecutor.runWorker(ThreadPoolExecutor.java:1149)
	at java.util.concurrent.ThreadPoolExecutor$Worker.run(ThreadPoolExecutor.java:624)
	... 1 more
Caused by: org.apache.ratis.thirdparty.io.netty.channel.AbstractChannel$AnnotatedConnectException: Connection refused: /192.168.164.241:37762
	at sun.nio.ch.SocketChannelImpl.checkConnect(Native Method)
	at sun.nio.ch.SocketChannelImpl.finishConnect(SocketChannelImpl.java:717)
	at org.apache.ratis.thirdparty.io.netty.channel.socket.nio.NioSocketChannel.doFinishConnect(NioSocketChannel.java:327)
	at org.apache.ratis.thirdparty.io.netty.channel.nio.AbstractNioChannel$AbstractNioUnsafe.finishConnect(AbstractNioChannel.java:340)
	at org.apache.ratis.thirdparty.io.netty.channel.nio.NioEventLoop.processSelectedKey(NioEventLoop.java:632)
	at org.apache.ratis.thirdparty.io.netty.channel.nio.NioEventLoop.processSelectedKeysOptimized(NioEventLoop.java:579)
	at org.apache.ratis.thirdparty.io.netty.channel.nio.NioEventLoop.processSelectedKeys(NioEventLoop.java:496)
	at org.apache.ratis.thirdparty.io.netty.channel.nio.NioEventLoop.run(NioEventLoop.java:458)
	at org.apache.ratis.thirdparty.io.netty.util.concurrent.SingleThreadEventExecutor$5.run(SingleThreadEventExecutor.java:897)
	at org.apache.ratis.thirdparty.io.netty.util.concurrent.FastThreadLocalRunnable.run(FastThreadLocalRunnable.java:30)
	... 1 more
Caused by: java.net.ConnectException: Connection refused
	... 11 more
2019-10-20 18:19:07,550 [7a43c46a-fc88-4b2d-b2da-ae029cfa60ff@group-D40A05E2FCF9-LeaderElection487] INFO  impl.LeaderElection (LogUtils.java:infoOrTrace(149)) - 7a43c46a-fc88-4b2d-b2da-ae029cfa60ff@group-D40A05E2FCF9-LeaderElection487 got exception when requesting votes: {}
java.util.concurrent.ExecutionException: org.apache.ratis.thirdparty.io.grpc.StatusRuntimeException: UNAVAILABLE: io exception
	at java.util.concurrent.FutureTask.report(FutureTask.java:122)
	at java.util.concurrent.FutureTask.get(FutureTask.java:192)
	at org.apache.ratis.server.impl.LeaderElection.waitForResults(LeaderElection.java:259)
	at org.apache.ratis.server.impl.LeaderElection.askForVotes(LeaderElection.java:197)
	at org.apache.ratis.server.impl.LeaderElection.run(LeaderElection.java:133)
	at java.lang.Thread.run(Thread.java:748)
Caused by: org.apache.ratis.thirdparty.io.grpc.StatusRuntimeException: UNAVAILABLE: io exception
	at org.apache.ratis.thirdparty.io.grpc.stub.ClientCalls.toStatusRuntimeException(ClientCalls.java:233)
	at org.apache.ratis.thirdparty.io.grpc.stub.ClientCalls.getUnchecked(ClientCalls.java:214)
	at org.apache.ratis.thirdparty.io.grpc.stub.ClientCalls.blockingUnaryCall(ClientCalls.java:139)
	at org.apache.ratis.proto.grpc.RaftServerProtocolServiceGrpc$RaftServerProtocolServiceBlockingStub.requestVote(RaftServerProtocolServiceGrpc.java:265)
	at org.apache.ratis.grpc.server.GrpcServerProtocolClient.requestVote(GrpcServerProtocolClient.java:99)
	at org.apache.ratis.grpc.server.GrpcService.requestVote(GrpcService.java:204)
	at org.apache.ratis.server.impl.LeaderElection.lambda$submitRequests$1(LeaderElection.java:234)
	at java.util.concurrent.FutureTask.run(FutureTask.java:266)
	at java.util.concurrent.Executors$RunnableAdapter.call(Executors.java:511)
	at java.util.concurrent.FutureTask.run(FutureTask.java:266)
	at java.util.concurrent.ThreadPoolExecutor.runWorker(ThreadPoolExecutor.java:1149)
	at java.util.concurrent.ThreadPoolExecutor$Worker.run(ThreadPoolExecutor.java:624)
	... 1 more
Caused by: org.apache.ratis.thirdparty.io.netty.channel.AbstractChannel$AnnotatedConnectException: Connection refused: /192.168.164.241:45428
	at sun.nio.ch.SocketChannelImpl.checkConnect(Native Method)
	at sun.nio.ch.SocketChannelImpl.finishConnect(SocketChannelImpl.java:717)
	at org.apache.ratis.thirdparty.io.netty.channel.socket.nio.NioSocketChannel.doFinishConnect(NioSocketChannel.java:327)
	at org.apache.ratis.thirdparty.io.netty.channel.nio.AbstractNioChannel$AbstractNioUnsafe.finishConnect(AbstractNioChannel.java:340)
	at org.apache.ratis.thirdparty.io.netty.channel.nio.NioEventLoop.processSelectedKey(NioEventLoop.java:632)
	at org.apache.ratis.thirdparty.io.netty.channel.nio.NioEventLoop.processSelectedKeysOptimized(NioEventLoop.java:579)
	at org.apache.ratis.thirdparty.io.netty.channel.nio.NioEventLoop.processSelectedKeys(NioEventLoop.java:496)
	at org.apache.ratis.thirdparty.io.netty.channel.nio.NioEventLoop.run(NioEventLoop.java:458)
	at org.apache.ratis.thirdparty.io.netty.util.concurrent.SingleThreadEventExecutor$5.run(SingleThreadEventExecutor.java:897)
	at org.apache.ratis.thirdparty.io.netty.util.concurrent.FastThreadLocalRunnable.run(FastThreadLocalRunnable.java:30)
	... 1 more
Caused by: java.net.ConnectException: Connection refused
	... 11 more
2019-10-20 18:19:07,550 [7a43c46a-fc88-4b2d-b2da-ae029cfa60ff@group-D40A05E2FCF9-LeaderElection487] INFO  impl.LeaderElection (LeaderElection.java:logAndReturn(56)) - 7a43c46a-fc88-4b2d-b2da-ae029cfa60ff@group-D40A05E2FCF9-LeaderElection487: Election REJECTED; received 0 response(s) [] and 2 exception(s); 7a43c46a-fc88-4b2d-b2da-ae029cfa60ff@group-D40A05E2FCF9:t262, leader=null, voted=7a43c46a-fc88-4b2d-b2da-ae029cfa60ff, raftlog=7a43c46a-fc88-4b2d-b2da-ae029cfa60ff@group-D40A05E2FCF9-SegmentedRaftLog:OPENED:c0,f0,i0, conf=0: [399079f7-1eb1-4f37-b003-267572525934:192.168.164.241:37762, 7a43c46a-fc88-4b2d-b2da-ae029cfa60ff:192.168.164.241:43684, 6c5c38af-62e6-4ea7-a24a-078dcb28fb39:192.168.164.241:45428], old=null
2019-10-20 18:19:07,550 [7a43c46a-fc88-4b2d-b2da-ae029cfa60ff@group-D40A05E2FCF9-LeaderElection487] INFO  impl.LeaderElection (LogUtils.java:infoOrTrace(149)) -   Exception 0: {}
java.util.concurrent.ExecutionException: org.apache.ratis.thirdparty.io.grpc.StatusRuntimeException: UNAVAILABLE: io exception
	at java.util.concurrent.FutureTask.report(FutureTask.java:122)
	at java.util.concurrent.FutureTask.get(FutureTask.java:192)
	at org.apache.ratis.server.impl.LeaderElection.waitForResults(LeaderElection.java:259)
	at org.apache.ratis.server.impl.LeaderElection.askForVotes(LeaderElection.java:197)
	at org.apache.ratis.server.impl.LeaderElection.run(LeaderElection.java:133)
	at java.lang.Thread.run(Thread.java:748)
Caused by: org.apache.ratis.thirdparty.io.grpc.StatusRuntimeException: UNAVAILABLE: io exception
	at org.apache.ratis.thirdparty.io.grpc.stub.ClientCalls.toStatusRuntimeException(ClientCalls.java:233)
	at org.apache.ratis.thirdparty.io.grpc.stub.ClientCalls.getUnchecked(ClientCalls.java:214)
	at org.apache.ratis.thirdparty.io.grpc.stub.ClientCalls.blockingUnaryCall(ClientCalls.java:139)
	at org.apache.ratis.proto.grpc.RaftServerProtocolServiceGrpc$RaftServerProtocolServiceBlockingStub.requestVote(RaftServerProtocolServiceGrpc.java:265)
	at org.apache.ratis.grpc.server.GrpcServerProtocolClient.requestVote(GrpcServerProtocolClient.java:99)
	at org.apache.ratis.grpc.server.GrpcService.requestVote(GrpcService.java:204)
	at org.apache.ratis.server.impl.LeaderElection.lambda$submitRequests$1(LeaderElection.java:234)
	at java.util.concurrent.FutureTask.run(FutureTask.java:266)
	at java.util.concurrent.Executors$RunnableAdapter.call(Executors.java:511)
	at java.util.concurrent.FutureTask.run(FutureTask.java:266)
	at java.util.concurrent.ThreadPoolExecutor.runWorker(ThreadPoolExecutor.java:1149)
	at java.util.concurrent.ThreadPoolExecutor$Worker.run(ThreadPoolExecutor.java:624)
	... 1 more
Caused by: org.apache.ratis.thirdparty.io.netty.channel.AbstractChannel$AnnotatedConnectException: Connection refused: /192.168.164.241:37762
	at sun.nio.ch.SocketChannelImpl.checkConnect(Native Method)
	at sun.nio.ch.SocketChannelImpl.finishConnect(SocketChannelImpl.java:717)
	at org.apache.ratis.thirdparty.io.netty.channel.socket.nio.NioSocketChannel.doFinishConnect(NioSocketChannel.java:327)
	at org.apache.ratis.thirdparty.io.netty.channel.nio.AbstractNioChannel$AbstractNioUnsafe.finishConnect(AbstractNioChannel.java:340)
	at org.apache.ratis.thirdparty.io.netty.channel.nio.NioEventLoop.processSelectedKey(NioEventLoop.java:632)
	at org.apache.ratis.thirdparty.io.netty.channel.nio.NioEventLoop.processSelectedKeysOptimized(NioEventLoop.java:579)
	at org.apache.ratis.thirdparty.io.netty.channel.nio.NioEventLoop.processSelectedKeys(NioEventLoop.java:496)
	at org.apache.ratis.thirdparty.io.netty.channel.nio.NioEventLoop.run(NioEventLoop.java:458)
	at org.apache.ratis.thirdparty.io.netty.util.concurrent.SingleThreadEventExecutor$5.run(SingleThreadEventExecutor.java:897)
	at org.apache.ratis.thirdparty.io.netty.util.concurrent.FastThreadLocalRunnable.run(FastThreadLocalRunnable.java:30)
	... 1 more
Caused by: java.net.ConnectException: Connection refused
	... 11 more
2019-10-20 18:19:07,551 [7a43c46a-fc88-4b2d-b2da-ae029cfa60ff@group-D40A05E2FCF9-LeaderElection487] INFO  impl.LeaderElection (LogUtils.java:infoOrTrace(149)) -   Exception 1: {}
java.util.concurrent.ExecutionException: org.apache.ratis.thirdparty.io.grpc.StatusRuntimeException: UNAVAILABLE: io exception
	at java.util.concurrent.FutureTask.report(FutureTask.java:122)
	at java.util.concurrent.FutureTask.get(FutureTask.java:192)
	at org.apache.ratis.server.impl.LeaderElection.waitForResults(LeaderElection.java:259)
	at org.apache.ratis.server.impl.LeaderElection.askForVotes(LeaderElection.java:197)
	at org.apache.ratis.server.impl.LeaderElection.run(LeaderElection.java:133)
	at java.lang.Thread.run(Thread.java:748)
Caused by: org.apache.ratis.thirdparty.io.grpc.StatusRuntimeException: UNAVAILABLE: io exception
	at org.apache.ratis.thirdparty.io.grpc.stub.ClientCalls.toStatusRuntimeException(ClientCalls.java:233)
	at org.apache.ratis.thirdparty.io.grpc.stub.ClientCalls.getUnchecked(ClientCalls.java:214)
	at org.apache.ratis.thirdparty.io.grpc.stub.ClientCalls.blockingUnaryCall(ClientCalls.java:139)
	at org.apache.ratis.proto.grpc.RaftServerProtocolServiceGrpc$RaftServerProtocolServiceBlockingStub.requestVote(RaftServerProtocolServiceGrpc.java:265)
	at org.apache.ratis.grpc.server.GrpcServerProtocolClient.requestVote(GrpcServerProtocolClient.java:99)
	at org.apache.ratis.grpc.server.GrpcService.requestVote(GrpcService.java:204)
	at org.apache.ratis.server.impl.LeaderElection.lambda$submitRequests$1(LeaderElection.java:234)
	at java.util.concurrent.FutureTask.run(FutureTask.java:266)
	at java.util.concurrent.Executors$RunnableAdapter.call(Executors.java:511)
	at java.util.concurrent.FutureTask.run(FutureTask.java:266)
	at java.util.concurrent.ThreadPoolExecutor.runWorker(ThreadPoolExecutor.java:1149)
	at java.util.concurrent.ThreadPoolExecutor$Worker.run(ThreadPoolExecutor.java:624)
	... 1 more
Caused by: org.apache.ratis.thirdparty.io.netty.channel.AbstractChannel$AnnotatedConnectException: Connection refused: /192.168.164.241:45428
	at sun.nio.ch.SocketChannelImpl.checkConnect(Native Method)
	at sun.nio.ch.SocketChannelImpl.finishConnect(SocketChannelImpl.java:717)
	at org.apache.ratis.thirdparty.io.netty.channel.socket.nio.NioSocketChannel.doFinishConnect(NioSocketChannel.java:327)
	at org.apache.ratis.thirdparty.io.netty.channel.nio.AbstractNioChannel$AbstractNioUnsafe.finishConnect(AbstractNioChannel.java:340)
	at org.apache.ratis.thirdparty.io.netty.channel.nio.NioEventLoop.processSelectedKey(NioEventLoop.java:632)
	at org.apache.ratis.thirdparty.io.netty.channel.nio.NioEventLoop.processSelectedKeysOptimized(NioEventLoop.java:579)
	at org.apache.ratis.thirdparty.io.netty.channel.nio.NioEventLoop.processSelectedKeys(NioEventLoop.java:496)
	at org.apache.ratis.thirdparty.io.netty.channel.nio.NioEventLoop.run(NioEventLoop.java:458)
	at org.apache.ratis.thirdparty.io.netty.util.concurrent.SingleThreadEventExecutor$5.run(SingleThreadEventExecutor.java:897)
	at org.apache.ratis.thirdparty.io.netty.util.concurrent.FastThreadLocalRunnable.run(FastThreadLocalRunnable.java:30)
	... 1 more
Caused by: java.net.ConnectException: Connection refused
	... 11 more
2019-10-20 18:19:07,551 [7a43c46a-fc88-4b2d-b2da-ae029cfa60ff@group-D40A05E2FCF9-LeaderElection487] INFO  impl.RaftServerImpl (RaftServerImpl.java:setRole(184)) - 7a43c46a-fc88-4b2d-b2da-ae029cfa60ff@group-D40A05E2FCF9: changes role from CANDIDATE to FOLLOWER at term 262 for DISCOVERED_A_NEW_TERM
2019-10-20 18:19:07,551 [7a43c46a-fc88-4b2d-b2da-ae029cfa60ff@group-D40A05E2FCF9-LeaderElection487] INFO  impl.RoleInfo (RoleInfo.java:shutdownLeaderElection(134)) - 7a43c46a-fc88-4b2d-b2da-ae029cfa60ff: shutdown LeaderElection
2019-10-20 18:19:07,551 [7a43c46a-fc88-4b2d-b2da-ae029cfa60ff@group-D40A05E2FCF9-LeaderElection487] INFO  impl.RoleInfo (RoleInfo.java:updateAndGet(143)) - 7a43c46a-fc88-4b2d-b2da-ae029cfa60ff: start FollowerState
2019-10-20 18:19:07,710 [Thread-3663] INFO  impl.FollowerState (FollowerState.java:run(108)) - b75f8b2e-6273-4c97-b7c5-042674931d23@group-F11756C8BA4A-FollowerState: change to CANDIDATE, lastRpcTime:177ms, electionTimeout:177ms
2019-10-20 18:19:07,710 [Thread-3663] INFO  impl.RoleInfo (RoleInfo.java:shutdownFollowerState(121)) - b75f8b2e-6273-4c97-b7c5-042674931d23: shutdown FollowerState
2019-10-20 18:19:07,711 [Thread-3663] INFO  impl.RaftServerImpl (RaftServerImpl.java:setRole(184)) - b75f8b2e-6273-4c97-b7c5-042674931d23@group-F11756C8BA4A: changes role from  FOLLOWER to CANDIDATE at term 295 for changeToCandidate
2019-10-20 18:19:07,711 [Thread-3663] INFO  impl.RoleInfo (RoleInfo.java:updateAndGet(143)) - b75f8b2e-6273-4c97-b7c5-042674931d23: start LeaderElection
2019-10-20 18:19:07,750 [b75f8b2e-6273-4c97-b7c5-042674931d23@group-F11756C8BA4A-LeaderElection488] INFO  impl.LeaderElection (LeaderElection.java:askForVotes(178)) - b75f8b2e-6273-4c97-b7c5-042674931d23@group-F11756C8BA4A-LeaderElection488: begin an election at term 296 for -1: [6ef27e9c-8ddb-4fa1-8c14-ab102acfb1b8:192.168.164.241:38092, b75f8b2e-6273-4c97-b7c5-042674931d23:192.168.164.241:41857, 3750b3a2-715b-46b3-9d0c-9e38136244b9:192.168.164.241:46227], old=null
2019-10-20 18:19:07,751 [b75f8b2e-6273-4c97-b7c5-042674931d23@group-F11756C8BA4A-LeaderElection488] INFO  impl.LeaderElection (LogUtils.java:infoOrTrace(149)) - b75f8b2e-6273-4c97-b7c5-042674931d23@group-F11756C8BA4A-LeaderElection488 got exception when requesting votes: {}
java.util.concurrent.ExecutionException: org.apache.ratis.thirdparty.io.grpc.StatusRuntimeException: UNAVAILABLE: io exception
	at java.util.concurrent.FutureTask.report(FutureTask.java:122)
	at java.util.concurrent.FutureTask.get(FutureTask.java:192)
	at org.apache.ratis.server.impl.LeaderElection.waitForResults(LeaderElection.java:259)
	at org.apache.ratis.server.impl.LeaderElection.askForVotes(LeaderElection.java:197)
	at org.apache.ratis.server.impl.LeaderElection.run(LeaderElection.java:133)
	at java.lang.Thread.run(Thread.java:748)
Caused by: org.apache.ratis.thirdparty.io.grpc.StatusRuntimeException: UNAVAILABLE: io exception
	at org.apache.ratis.thirdparty.io.grpc.stub.ClientCalls.toStatusRuntimeException(ClientCalls.java:233)
	at org.apache.ratis.thirdparty.io.grpc.stub.ClientCalls.getUnchecked(ClientCalls.java:214)
	at org.apache.ratis.thirdparty.io.grpc.stub.ClientCalls.blockingUnaryCall(ClientCalls.java:139)
	at org.apache.ratis.proto.grpc.RaftServerProtocolServiceGrpc$RaftServerProtocolServiceBlockingStub.requestVote(RaftServerProtocolServiceGrpc.java:265)
	at org.apache.ratis.grpc.server.GrpcServerProtocolClient.requestVote(GrpcServerProtocolClient.java:99)
	at org.apache.ratis.grpc.server.GrpcService.requestVote(GrpcService.java:204)
	at org.apache.ratis.server.impl.LeaderElection.lambda$submitRequests$1(LeaderElection.java:234)
	at java.util.concurrent.FutureTask.run(FutureTask.java:266)
	at java.util.concurrent.Executors$RunnableAdapter.call(Executors.java:511)
	at java.util.concurrent.FutureTask.run(FutureTask.java:266)
	at java.util.concurrent.ThreadPoolExecutor.runWorker(ThreadPoolExecutor.java:1149)
	at java.util.concurrent.ThreadPoolExecutor$Worker.run(ThreadPoolExecutor.java:624)
	... 1 more
Caused by: org.apache.ratis.thirdparty.io.netty.channel.AbstractChannel$AnnotatedConnectException: Connection refused: /192.168.164.241:46227
	at sun.nio.ch.SocketChannelImpl.checkConnect(Native Method)
	at sun.nio.ch.SocketChannelImpl.finishConnect(SocketChannelImpl.java:717)
	at org.apache.ratis.thirdparty.io.netty.channel.socket.nio.NioSocketChannel.doFinishConnect(NioSocketChannel.java:327)
	at org.apache.ratis.thirdparty.io.netty.channel.nio.AbstractNioChannel$AbstractNioUnsafe.finishConnect(AbstractNioChannel.java:340)
	at org.apache.ratis.thirdparty.io.netty.channel.nio.NioEventLoop.processSelectedKey(NioEventLoop.java:632)
	at org.apache.ratis.thirdparty.io.netty.channel.nio.NioEventLoop.processSelectedKeysOptimized(NioEventLoop.java:579)
	at org.apache.ratis.thirdparty.io.netty.channel.nio.NioEventLoop.processSelectedKeys(NioEventLoop.java:496)
	at org.apache.ratis.thirdparty.io.netty.channel.nio.NioEventLoop.run(NioEventLoop.java:458)
	at org.apache.ratis.thirdparty.io.netty.util.concurrent.SingleThreadEventExecutor$5.run(SingleThreadEventExecutor.java:897)
	at org.apache.ratis.thirdparty.io.netty.util.concurrent.FastThreadLocalRunnable.run(FastThreadLocalRunnable.java:30)
	... 1 more
Caused by: java.net.ConnectException: Connection refused
	... 11 more
2019-10-20 18:19:07,752 [grpc-default-executor-4] INFO  impl.RaftServerImpl (RaftServerImpl.java:setRole(184)) - 6ef27e9c-8ddb-4fa1-8c14-ab102acfb1b8@group-F11756C8BA4A: changes role from  FOLLOWER to FOLLOWER at term 296 for recognizeCandidate:b75f8b2e-6273-4c97-b7c5-042674931d23
2019-10-20 18:19:07,752 [grpc-default-executor-4] INFO  impl.RoleInfo (RoleInfo.java:shutdownFollowerState(121)) - 6ef27e9c-8ddb-4fa1-8c14-ab102acfb1b8: shutdown FollowerState
2019-10-20 18:19:07,752 [grpc-default-executor-4] INFO  impl.RoleInfo (RoleInfo.java:updateAndGet(143)) - 6ef27e9c-8ddb-4fa1-8c14-ab102acfb1b8: start FollowerState
2019-10-20 18:19:07,752 [Thread-3661] INFO  impl.FollowerState (FollowerState.java:run(117)) - 6ef27e9c-8ddb-4fa1-8c14-ab102acfb1b8@group-F11756C8BA4A-FollowerState was interrupted: java.lang.InterruptedException: sleep interrupted
2019-10-20 18:19:07,776 [b75f8b2e-6273-4c97-b7c5-042674931d23@group-F11756C8BA4A-LeaderElection488] INFO  impl.LeaderElection (LeaderElection.java:logAndReturn(56)) - b75f8b2e-6273-4c97-b7c5-042674931d23@group-F11756C8BA4A-LeaderElection488: Election REJECTED; received 1 response(s) [b75f8b2e-6273-4c97-b7c5-042674931d23<-6ef27e9c-8ddb-4fa1-8c14-ab102acfb1b8#0:FAIL-t296] and 1 exception(s); b75f8b2e-6273-4c97-b7c5-042674931d23@group-F11756C8BA4A:t296, leader=null, voted=b75f8b2e-6273-4c97-b7c5-042674931d23, raftlog=b75f8b2e-6273-4c97-b7c5-042674931d23@group-F11756C8BA4A-SegmentedRaftLog:OPENED:c-1,f-1,i0, conf=-1: [6ef27e9c-8ddb-4fa1-8c14-ab102acfb1b8:192.168.164.241:38092, b75f8b2e-6273-4c97-b7c5-042674931d23:192.168.164.241:41857, 3750b3a2-715b-46b3-9d0c-9e38136244b9:192.168.164.241:46227], old=null
2019-10-20 18:19:07,776 [b75f8b2e-6273-4c97-b7c5-042674931d23@group-F11756C8BA4A-LeaderElection488] INFO  impl.LeaderElection (LogUtils.java:infoOrTrace(149)) -   Exception 0: {}
java.util.concurrent.ExecutionException: org.apache.ratis.thirdparty.io.grpc.StatusRuntimeException: UNAVAILABLE: io exception
	at java.util.concurrent.FutureTask.report(FutureTask.java:122)
	at java.util.concurrent.FutureTask.get(FutureTask.java:192)
	at org.apache.ratis.server.impl.LeaderElection.waitForResults(LeaderElection.java:259)
	at org.apache.ratis.server.impl.LeaderElection.askForVotes(LeaderElection.java:197)
	at org.apache.ratis.server.impl.LeaderElection.run(LeaderElection.java:133)
	at java.lang.Thread.run(Thread.java:748)
Caused by: org.apache.ratis.thirdparty.io.grpc.StatusRuntimeException: UNAVAILABLE: io exception
	at org.apache.ratis.thirdparty.io.grpc.stub.ClientCalls.toStatusRuntimeException(ClientCalls.java:233)
	at org.apache.ratis.thirdparty.io.grpc.stub.ClientCalls.getUnchecked(ClientCalls.java:214)
	at org.apache.ratis.thirdparty.io.grpc.stub.ClientCalls.blockingUnaryCall(ClientCalls.java:139)
	at org.apache.ratis.proto.grpc.RaftServerProtocolServiceGrpc$RaftServerProtocolServiceBlockingStub.requestVote(RaftServerProtocolServiceGrpc.java:265)
	at org.apache.ratis.grpc.server.GrpcServerProtocolClient.requestVote(GrpcServerProtocolClient.java:99)
	at org.apache.ratis.grpc.server.GrpcService.requestVote(GrpcService.java:204)
	at org.apache.ratis.server.impl.LeaderElection.lambda$submitRequests$1(LeaderElection.java:234)
	at java.util.concurrent.FutureTask.run(FutureTask.java:266)
	at java.util.concurrent.Executors$RunnableAdapter.call(Executors.java:511)
	at java.util.concurrent.FutureTask.run(FutureTask.java:266)
	at java.util.concurrent.ThreadPoolExecutor.runWorker(ThreadPoolExecutor.java:1149)
	at java.util.concurrent.ThreadPoolExecutor$Worker.run(ThreadPoolExecutor.java:624)
	... 1 more
Caused by: org.apache.ratis.thirdparty.io.netty.channel.AbstractChannel$AnnotatedConnectException: Connection refused: /192.168.164.241:46227
	at sun.nio.ch.SocketChannelImpl.checkConnect(Native Method)
	at sun.nio.ch.SocketChannelImpl.finishConnect(SocketChannelImpl.java:717)
	at org.apache.ratis.thirdparty.io.netty.channel.socket.nio.NioSocketChannel.doFinishConnect(NioSocketChannel.java:327)
	at org.apache.ratis.thirdparty.io.netty.channel.nio.AbstractNioChannel$AbstractNioUnsafe.finishConnect(AbstractNioChannel.java:340)
	at org.apache.ratis.thirdparty.io.netty.channel.nio.NioEventLoop.processSelectedKey(NioEventLoop.java:632)
	at org.apache.ratis.thirdparty.io.netty.channel.nio.NioEventLoop.processSelectedKeysOptimized(NioEventLoop.java:579)
	at org.apache.ratis.thirdparty.io.netty.channel.nio.NioEventLoop.processSelectedKeys(NioEventLoop.java:496)
	at org.apache.ratis.thirdparty.io.netty.channel.nio.NioEventLoop.run(NioEventLoop.java:458)
	at org.apache.ratis.thirdparty.io.netty.util.concurrent.SingleThreadEventExecutor$5.run(SingleThreadEventExecutor.java:897)
	at org.apache.ratis.thirdparty.io.netty.util.concurrent.FastThreadLocalRunnable.run(FastThreadLocalRunnable.java:30)
	... 1 more
Caused by: java.net.ConnectException: Connection refused
	... 11 more
2019-10-20 18:19:07,777 [b75f8b2e-6273-4c97-b7c5-042674931d23@group-F11756C8BA4A-LeaderElection488] INFO  impl.RaftServerImpl (RaftServerImpl.java:setRole(184)) - b75f8b2e-6273-4c97-b7c5-042674931d23@group-F11756C8BA4A: changes role from CANDIDATE to FOLLOWER at term 296 for DISCOVERED_A_NEW_TERM
2019-10-20 18:19:07,777 [b75f8b2e-6273-4c97-b7c5-042674931d23@group-F11756C8BA4A-LeaderElection488] INFO  impl.RoleInfo (RoleInfo.java:shutdownLeaderElection(134)) - b75f8b2e-6273-4c97-b7c5-042674931d23: shutdown LeaderElection
2019-10-20 18:19:07,777 [b75f8b2e-6273-4c97-b7c5-042674931d23@group-F11756C8BA4A-LeaderElection488] INFO  impl.RoleInfo (RoleInfo.java:updateAndGet(143)) - b75f8b2e-6273-4c97-b7c5-042674931d23: start FollowerState
2019-10-20 18:19:07,834 [Thread-3671] INFO  impl.FollowerState (FollowerState.java:run(108)) - b75f8b2e-6273-4c97-b7c5-042674931d23@group-F11756C8BA4A-FollowerState: change to CANDIDATE, lastRpcTime:57ms, electionTimeout:57ms
2019-10-20 18:19:07,834 [Thread-3671] INFO  impl.RoleInfo (RoleInfo.java:shutdownFollowerState(121)) - b75f8b2e-6273-4c97-b7c5-042674931d23: shutdown FollowerState
2019-10-20 18:19:07,835 [Thread-3671] INFO  impl.RaftServerImpl (RaftServerImpl.java:setRole(184)) - b75f8b2e-6273-4c97-b7c5-042674931d23@group-F11756C8BA4A: changes role from  FOLLOWER to CANDIDATE at term 296 for changeToCandidate
2019-10-20 18:19:07,835 [Thread-3671] INFO  impl.RoleInfo (RoleInfo.java:updateAndGet(143)) - b75f8b2e-6273-4c97-b7c5-042674931d23: start LeaderElection
2019-10-20 18:19:07,868 [b75f8b2e-6273-4c97-b7c5-042674931d23@group-F11756C8BA4A-LeaderElection489] INFO  impl.LeaderElection (LeaderElection.java:askForVotes(178)) - b75f8b2e-6273-4c97-b7c5-042674931d23@group-F11756C8BA4A-LeaderElection489: begin an election at term 297 for -1: [6ef27e9c-8ddb-4fa1-8c14-ab102acfb1b8:192.168.164.241:38092, b75f8b2e-6273-4c97-b7c5-042674931d23:192.168.164.241:41857, 3750b3a2-715b-46b3-9d0c-9e38136244b9:192.168.164.241:46227], old=null
2019-10-20 18:19:07,869 [b75f8b2e-6273-4c97-b7c5-042674931d23@group-F11756C8BA4A-LeaderElection489] INFO  impl.LeaderElection (LogUtils.java:infoOrTrace(149)) - b75f8b2e-6273-4c97-b7c5-042674931d23@group-F11756C8BA4A-LeaderElection489 got exception when requesting votes: {}
java.util.concurrent.ExecutionException: org.apache.ratis.thirdparty.io.grpc.StatusRuntimeException: UNAVAILABLE: io exception
	at java.util.concurrent.FutureTask.report(FutureTask.java:122)
	at java.util.concurrent.FutureTask.get(FutureTask.java:192)
	at org.apache.ratis.server.impl.LeaderElection.waitForResults(LeaderElection.java:259)
	at org.apache.ratis.server.impl.LeaderElection.askForVotes(LeaderElection.java:197)
	at org.apache.ratis.server.impl.LeaderElection.run(LeaderElection.java:133)
	at java.lang.Thread.run(Thread.java:748)
Caused by: org.apache.ratis.thirdparty.io.grpc.StatusRuntimeException: UNAVAILABLE: io exception
	at org.apache.ratis.thirdparty.io.grpc.stub.ClientCalls.toStatusRuntimeException(ClientCalls.java:233)
	at org.apache.ratis.thirdparty.io.grpc.stub.ClientCalls.getUnchecked(ClientCalls.java:214)
	at org.apache.ratis.thirdparty.io.grpc.stub.ClientCalls.blockingUnaryCall(ClientCalls.java:139)
	at org.apache.ratis.proto.grpc.RaftServerProtocolServiceGrpc$RaftServerProtocolServiceBlockingStub.requestVote(RaftServerProtocolServiceGrpc.java:265)
	at org.apache.ratis.grpc.server.GrpcServerProtocolClient.requestVote(GrpcServerProtocolClient.java:99)
	at org.apache.ratis.grpc.server.GrpcService.requestVote(GrpcService.java:204)
	at org.apache.ratis.server.impl.LeaderElection.lambda$submitRequests$1(LeaderElection.java:234)
	at java.util.concurrent.FutureTask.run(FutureTask.java:266)
	at java.util.concurrent.Executors$RunnableAdapter.call(Executors.java:511)
	at java.util.concurrent.FutureTask.run(FutureTask.java:266)
	at java.util.concurrent.ThreadPoolExecutor.runWorker(ThreadPoolExecutor.java:1149)
	at java.util.concurrent.ThreadPoolExecutor$Worker.run(ThreadPoolExecutor.java:624)
	... 1 more
Caused by: org.apache.ratis.thirdparty.io.netty.channel.AbstractChannel$AnnotatedConnectException: Connection refused: /192.168.164.241:46227
	at sun.nio.ch.SocketChannelImpl.checkConnect(Native Method)
	at sun.nio.ch.SocketChannelImpl.finishConnect(SocketChannelImpl.java:717)
	at org.apache.ratis.thirdparty.io.netty.channel.socket.nio.NioSocketChannel.doFinishConnect(NioSocketChannel.java:327)
	at org.apache.ratis.thirdparty.io.netty.channel.nio.AbstractNioChannel$AbstractNioUnsafe.finishConnect(AbstractNioChannel.java:340)
	at org.apache.ratis.thirdparty.io.netty.channel.nio.NioEventLoop.processSelectedKey(NioEventLoop.java:632)
	at org.apache.ratis.thirdparty.io.netty.channel.nio.NioEventLoop.processSelectedKeysOptimized(NioEventLoop.java:579)
	at org.apache.ratis.thirdparty.io.netty.channel.nio.NioEventLoop.processSelectedKeys(NioEventLoop.java:496)
	at org.apache.ratis.thirdparty.io.netty.channel.nio.NioEventLoop.run(NioEventLoop.java:458)
	at org.apache.ratis.thirdparty.io.netty.util.concurrent.SingleThreadEventExecutor$5.run(SingleThreadEventExecutor.java:897)
	at org.apache.ratis.thirdparty.io.netty.util.concurrent.FastThreadLocalRunnable.run(FastThreadLocalRunnable.java:30)
	... 1 more
Caused by: java.net.ConnectException: Connection refused
	... 11 more
2019-10-20 18:19:07,870 [grpc-default-executor-4] INFO  impl.RaftServerImpl (RaftServerImpl.java:setRole(184)) - 6ef27e9c-8ddb-4fa1-8c14-ab102acfb1b8@group-F11756C8BA4A: changes role from  FOLLOWER to FOLLOWER at term 297 for recognizeCandidate:b75f8b2e-6273-4c97-b7c5-042674931d23
2019-10-20 18:19:07,870 [grpc-default-executor-4] INFO  impl.RoleInfo (RoleInfo.java:shutdownFollowerState(121)) - 6ef27e9c-8ddb-4fa1-8c14-ab102acfb1b8: shutdown FollowerState
2019-10-20 18:19:07,870 [grpc-default-executor-4] INFO  impl.RoleInfo (RoleInfo.java:updateAndGet(143)) - 6ef27e9c-8ddb-4fa1-8c14-ab102acfb1b8: start FollowerState
2019-10-20 18:19:07,870 [Thread-3670] INFO  impl.FollowerState (FollowerState.java:run(117)) - 6ef27e9c-8ddb-4fa1-8c14-ab102acfb1b8@group-F11756C8BA4A-FollowerState was interrupted: java.lang.InterruptedException: sleep interrupted
2019-10-20 18:19:07,894 [b75f8b2e-6273-4c97-b7c5-042674931d23@group-F11756C8BA4A-LeaderElection489] INFO  impl.LeaderElection (LeaderElection.java:logAndReturn(56)) - b75f8b2e-6273-4c97-b7c5-042674931d23@group-F11756C8BA4A-LeaderElection489: Election REJECTED; received 1 response(s) [b75f8b2e-6273-4c97-b7c5-042674931d23<-6ef27e9c-8ddb-4fa1-8c14-ab102acfb1b8#0:FAIL-t297] and 1 exception(s); b75f8b2e-6273-4c97-b7c5-042674931d23@group-F11756C8BA4A:t297, leader=null, voted=b75f8b2e-6273-4c97-b7c5-042674931d23, raftlog=b75f8b2e-6273-4c97-b7c5-042674931d23@group-F11756C8BA4A-SegmentedRaftLog:OPENED:c-1,f-1,i0, conf=-1: [6ef27e9c-8ddb-4fa1-8c14-ab102acfb1b8:192.168.164.241:38092, b75f8b2e-6273-4c97-b7c5-042674931d23:192.168.164.241:41857, 3750b3a2-715b-46b3-9d0c-9e38136244b9:192.168.164.241:46227], old=null
2019-10-20 18:19:07,895 [b75f8b2e-6273-4c97-b7c5-042674931d23@group-F11756C8BA4A-LeaderElection489] INFO  impl.LeaderElection (LogUtils.java:infoOrTrace(149)) -   Exception 0: {}
java.util.concurrent.ExecutionException: org.apache.ratis.thirdparty.io.grpc.StatusRuntimeException: UNAVAILABLE: io exception
	at java.util.concurrent.FutureTask.report(FutureTask.java:122)
	at java.util.concurrent.FutureTask.get(FutureTask.java:192)
	at org.apache.ratis.server.impl.LeaderElection.waitForResults(LeaderElection.java:259)
	at org.apache.ratis.server.impl.LeaderElection.askForVotes(LeaderElection.java:197)
	at org.apache.ratis.server.impl.LeaderElection.run(LeaderElection.java:133)
	at java.lang.Thread.run(Thread.java:748)
Caused by: org.apache.ratis.thirdparty.io.grpc.StatusRuntimeException: UNAVAILABLE: io exception
	at org.apache.ratis.thirdparty.io.grpc.stub.ClientCalls.toStatusRuntimeException(ClientCalls.java:233)
	at org.apache.ratis.thirdparty.io.grpc.stub.ClientCalls.getUnchecked(ClientCalls.java:214)
	at org.apache.ratis.thirdparty.io.grpc.stub.ClientCalls.blockingUnaryCall(ClientCalls.java:139)
	at org.apache.ratis.proto.grpc.RaftServerProtocolServiceGrpc$RaftServerProtocolServiceBlockingStub.requestVote(RaftServerProtocolServiceGrpc.java:265)
	at org.apache.ratis.grpc.server.GrpcServerProtocolClient.requestVote(GrpcServerProtocolClient.java:99)
	at org.apache.ratis.grpc.server.GrpcService.requestVote(GrpcService.java:204)
	at org.apache.ratis.server.impl.LeaderElection.lambda$submitRequests$1(LeaderElection.java:234)
	at java.util.concurrent.FutureTask.run(FutureTask.java:266)
	at java.util.concurrent.Executors$RunnableAdapter.call(Executors.java:511)
	at java.util.concurrent.FutureTask.run(FutureTask.java:266)
	at java.util.concurrent.ThreadPoolExecutor.runWorker(ThreadPoolExecutor.java:1149)
	at java.util.concurrent.ThreadPoolExecutor$Worker.run(ThreadPoolExecutor.java:624)
	... 1 more
Caused by: org.apache.ratis.thirdparty.io.netty.channel.AbstractChannel$AnnotatedConnectException: Connection refused: /192.168.164.241:46227
	at sun.nio.ch.SocketChannelImpl.checkConnect(Native Method)
	at sun.nio.ch.SocketChannelImpl.finishConnect(SocketChannelImpl.java:717)
	at org.apache.ratis.thirdparty.io.netty.channel.socket.nio.NioSocketChannel.doFinishConnect(NioSocketChannel.java:327)
	at org.apache.ratis.thirdparty.io.netty.channel.nio.AbstractNioChannel$AbstractNioUnsafe.finishConnect(AbstractNioChannel.java:340)
	at org.apache.ratis.thirdparty.io.netty.channel.nio.NioEventLoop.processSelectedKey(NioEventLoop.java:632)
	at org.apache.ratis.thirdparty.io.netty.channel.nio.NioEventLoop.processSelectedKeysOptimized(NioEventLoop.java:579)
	at org.apache.ratis.thirdparty.io.netty.channel.nio.NioEventLoop.processSelectedKeys(NioEventLoop.java:496)
	at org.apache.ratis.thirdparty.io.netty.channel.nio.NioEventLoop.run(NioEventLoop.java:458)
	at org.apache.ratis.thirdparty.io.netty.util.concurrent.SingleThreadEventExecutor$5.run(SingleThreadEventExecutor.java:897)
	at org.apache.ratis.thirdparty.io.netty.util.concurrent.FastThreadLocalRunnable.run(FastThreadLocalRunnable.java:30)
	... 1 more
Caused by: java.net.ConnectException: Connection refused
	... 11 more
2019-10-20 18:19:07,895 [b75f8b2e-6273-4c97-b7c5-042674931d23@group-F11756C8BA4A-LeaderElection489] INFO  impl.RaftServerImpl (RaftServerImpl.java:setRole(184)) - b75f8b2e-6273-4c97-b7c5-042674931d23@group-F11756C8BA4A: changes role from CANDIDATE to FOLLOWER at term 297 for DISCOVERED_A_NEW_TERM
2019-10-20 18:19:07,895 [b75f8b2e-6273-4c97-b7c5-042674931d23@group-F11756C8BA4A-LeaderElection489] INFO  impl.RoleInfo (RoleInfo.java:shutdownLeaderElection(134)) - b75f8b2e-6273-4c97-b7c5-042674931d23: shutdown LeaderElection
2019-10-20 18:19:07,895 [b75f8b2e-6273-4c97-b7c5-042674931d23@group-F11756C8BA4A-LeaderElection489] INFO  impl.RoleInfo (RoleInfo.java:updateAndGet(143)) - b75f8b2e-6273-4c97-b7c5-042674931d23: start FollowerState
2019-10-20 18:19:07,985 [Thread-3676] INFO  impl.FollowerState (FollowerState.java:run(108)) - b75f8b2e-6273-4c97-b7c5-042674931d23@group-F11756C8BA4A-FollowerState: change to CANDIDATE, lastRpcTime:89ms, electionTimeout:89ms
2019-10-20 18:19:07,985 [Thread-3676] INFO  impl.RoleInfo (RoleInfo.java:shutdownFollowerState(121)) - b75f8b2e-6273-4c97-b7c5-042674931d23: shutdown FollowerState
2019-10-20 18:19:07,985 [Thread-3676] INFO  impl.RaftServerImpl (RaftServerImpl.java:setRole(184)) - b75f8b2e-6273-4c97-b7c5-042674931d23@group-F11756C8BA4A: changes role from  FOLLOWER to CANDIDATE at term 297 for changeToCandidate
2019-10-20 18:19:07,985 [Thread-3676] INFO  impl.RoleInfo (RoleInfo.java:updateAndGet(143)) - b75f8b2e-6273-4c97-b7c5-042674931d23: start LeaderElection
2019-10-20 18:19:08,010 [b75f8b2e-6273-4c97-b7c5-042674931d23@group-F11756C8BA4A-LeaderElection490] INFO  impl.LeaderElection (LeaderElection.java:askForVotes(178)) - b75f8b2e-6273-4c97-b7c5-042674931d23@group-F11756C8BA4A-LeaderElection490: begin an election at term 298 for -1: [6ef27e9c-8ddb-4fa1-8c14-ab102acfb1b8:192.168.164.241:38092, b75f8b2e-6273-4c97-b7c5-042674931d23:192.168.164.241:41857, 3750b3a2-715b-46b3-9d0c-9e38136244b9:192.168.164.241:46227], old=null
2019-10-20 18:19:08,011 [b75f8b2e-6273-4c97-b7c5-042674931d23@group-F11756C8BA4A-LeaderElection490] INFO  impl.LeaderElection (LogUtils.java:infoOrTrace(149)) - b75f8b2e-6273-4c97-b7c5-042674931d23@group-F11756C8BA4A-LeaderElection490 got exception when requesting votes: {}
java.util.concurrent.ExecutionException: org.apache.ratis.thirdparty.io.grpc.StatusRuntimeException: UNAVAILABLE: io exception
	at java.util.concurrent.FutureTask.report(FutureTask.java:122)
	at java.util.concurrent.FutureTask.get(FutureTask.java:192)
	at org.apache.ratis.server.impl.LeaderElection.waitForResults(LeaderElection.java:259)
	at org.apache.ratis.server.impl.LeaderElection.askForVotes(LeaderElection.java:197)
	at org.apache.ratis.server.impl.LeaderElection.run(LeaderElection.java:133)
	at java.lang.Thread.run(Thread.java:748)
Caused by: org.apache.ratis.thirdparty.io.grpc.StatusRuntimeException: UNAVAILABLE: io exception
	at org.apache.ratis.thirdparty.io.grpc.stub.ClientCalls.toStatusRuntimeException(ClientCalls.java:233)
	at org.apache.ratis.thirdparty.io.grpc.stub.ClientCalls.getUnchecked(ClientCalls.java:214)
	at org.apache.ratis.thirdparty.io.grpc.stub.ClientCalls.blockingUnaryCall(ClientCalls.java:139)
	at org.apache.ratis.proto.grpc.RaftServerProtocolServiceGrpc$RaftServerProtocolServiceBlockingStub.requestVote(RaftServerProtocolServiceGrpc.java:265)
	at org.apache.ratis.grpc.server.GrpcServerProtocolClient.requestVote(GrpcServerProtocolClient.java:99)
	at org.apache.ratis.grpc.server.GrpcService.requestVote(GrpcService.java:204)
	at org.apache.ratis.server.impl.LeaderElection.lambda$submitRequests$1(LeaderElection.java:234)
	at java.util.concurrent.FutureTask.run(FutureTask.java:266)
	at java.util.concurrent.Executors$RunnableAdapter.call(Executors.java:511)
	at java.util.concurrent.FutureTask.run(FutureTask.java:266)
	at java.util.concurrent.ThreadPoolExecutor.runWorker(ThreadPoolExecutor.java:1149)
	at java.util.concurrent.ThreadPoolExecutor$Worker.run(ThreadPoolExecutor.java:624)
	... 1 more
Caused by: org.apache.ratis.thirdparty.io.netty.channel.AbstractChannel$AnnotatedConnectException: Connection refused: /192.168.164.241:46227
	at sun.nio.ch.SocketChannelImpl.checkConnect(Native Method)
	at sun.nio.ch.SocketChannelImpl.finishConnect(SocketChannelImpl.java:717)
	at org.apache.ratis.thirdparty.io.netty.channel.socket.nio.NioSocketChannel.doFinishConnect(NioSocketChannel.java:327)
	at org.apache.ratis.thirdparty.io.netty.channel.nio.AbstractNioChannel$AbstractNioUnsafe.finishConnect(AbstractNioChannel.java:340)
	at org.apache.ratis.thirdparty.io.netty.channel.nio.NioEventLoop.processSelectedKey(NioEventLoop.java:632)
	at org.apache.ratis.thirdparty.io.netty.channel.nio.NioEventLoop.processSelectedKeysOptimized(NioEventLoop.java:579)
	at org.apache.ratis.thirdparty.io.netty.channel.nio.NioEventLoop.processSelectedKeys(NioEventLoop.java:496)
	at org.apache.ratis.thirdparty.io.netty.channel.nio.NioEventLoop.run(NioEventLoop.java:458)
	at org.apache.ratis.thirdparty.io.netty.util.concurrent.SingleThreadEventExecutor$5.run(SingleThreadEventExecutor.java:897)
	at org.apache.ratis.thirdparty.io.netty.util.concurrent.FastThreadLocalRunnable.run(FastThreadLocalRunnable.java:30)
	... 1 more
Caused by: java.net.ConnectException: Connection refused
	... 11 more
2019-10-20 18:19:08,012 [grpc-default-executor-4] INFO  impl.RaftServerImpl (RaftServerImpl.java:setRole(184)) - 6ef27e9c-8ddb-4fa1-8c14-ab102acfb1b8@group-F11756C8BA4A: changes role from  FOLLOWER to FOLLOWER at term 298 for recognizeCandidate:b75f8b2e-6273-4c97-b7c5-042674931d23
2019-10-20 18:19:08,012 [grpc-default-executor-4] INFO  impl.RoleInfo (RoleInfo.java:shutdownFollowerState(121)) - 6ef27e9c-8ddb-4fa1-8c14-ab102acfb1b8: shutdown FollowerState
2019-10-20 18:19:08,012 [grpc-default-executor-4] INFO  impl.RoleInfo (RoleInfo.java:updateAndGet(143)) - 6ef27e9c-8ddb-4fa1-8c14-ab102acfb1b8: start FollowerState
2019-10-20 18:19:08,012 [Thread-3675] INFO  impl.FollowerState (FollowerState.java:run(117)) - 6ef27e9c-8ddb-4fa1-8c14-ab102acfb1b8@group-F11756C8BA4A-FollowerState was interrupted: java.lang.InterruptedException: sleep interrupted
2019-10-20 18:19:08,062 [ForkJoinPool.commonPool-worker-0] INFO  ozoneimpl.OzoneContainer (OzoneContainer.java:stop(227)) - Attempting to stop container services.
2019-10-20 18:19:08,063 [ForkJoinPool.commonPool-worker-0] INFO  impl.RaftServerProxy (RaftServerProxy.java:lambda$close$4(314)) - b75f8b2e-6273-4c97-b7c5-042674931d23: close
2019-10-20 18:19:08,064 [ForkJoinPool.commonPool-worker-0] INFO  impl.RaftServerImpl (RaftServerImpl.java:lambda$shutdown$3(261)) - b75f8b2e-6273-4c97-b7c5-042674931d23@group-846F3047E7A2: shutdown
2019-10-20 18:19:08,064 [ForkJoinPool.commonPool-worker-0] INFO  util.JmxRegister (JmxRegister.java:unregister(73)) - Successfully un-registered JMX Bean with object name Ratis:service=RaftServer,group=group-846F3047E7A2,id=b75f8b2e-6273-4c97-b7c5-042674931d23
2019-10-20 18:19:08,064 [ForkJoinPool.commonPool-worker-0] INFO  impl.RoleInfo (RoleInfo.java:shutdownLeaderState(104)) - b75f8b2e-6273-4c97-b7c5-042674931d23: shutdown LeaderState
2019-10-20 18:19:08,064 [ForkJoinPool.commonPool-worker-0] INFO  impl.PendingRequests (PendingRequests.java:sendNotLeaderResponses(202)) - b75f8b2e-6273-4c97-b7c5-042674931d23@group-846F3047E7A2-PendingRequests: sendNotLeaderResponses
2019-10-20 18:19:08,065 [ForkJoinPool.commonPool-worker-0] INFO  impl.StateMachineUpdater (StateMachineUpdater.java:stopAndJoin(136)) - b75f8b2e-6273-4c97-b7c5-042674931d23@group-846F3047E7A2-StateMachineUpdater: set stopIndex = 0
2019-10-20 18:19:08,065 [ForkJoinPool.commonPool-worker-0] INFO  impl.RaftServerImpl (ServerState.java:close(388)) - b75f8b2e-6273-4c97-b7c5-042674931d23@group-846F3047E7A2: closes. applyIndex: 0
2019-10-20 18:19:08,066 [b75f8b2e-6273-4c97-b7c5-042674931d23@group-846F3047E7A2-SegmentedRaftLogWorker] INFO  segmented.SegmentedRaftLogWorker (SegmentedRaftLogWorker.java:run(316)) - b75f8b2e-6273-4c97-b7c5-042674931d23@group-846F3047E7A2-SegmentedRaftLogWorker was interrupted, exiting. There are 0 tasks remaining in the queue.
2019-10-20 18:19:08,066 [ForkJoinPool.commonPool-worker-0] INFO  segmented.SegmentedRaftLogWorker (SegmentedRaftLogWorker.java:close(224)) - b75f8b2e-6273-4c97-b7c5-042674931d23@group-846F3047E7A2-SegmentedRaftLogWorker close()
2019-10-20 18:19:08,068 [ForkJoinPool.commonPool-worker-0] INFO  impl.RaftServerImpl (RaftServerImpl.java:lambda$shutdown$3(261)) - b75f8b2e-6273-4c97-b7c5-042674931d23@group-F11756C8BA4A: shutdown
2019-10-20 18:19:08,068 [ForkJoinPool.commonPool-worker-0] INFO  util.JmxRegister (JmxRegister.java:unregister(73)) - Successfully un-registered JMX Bean with object name Ratis:service=RaftServer,group=group-F11756C8BA4A,id=b75f8b2e-6273-4c97-b7c5-042674931d23
2019-10-20 18:19:08,068 [ForkJoinPool.commonPool-worker-0] INFO  impl.RoleInfo (RoleInfo.java:shutdownLeaderElection(134)) - b75f8b2e-6273-4c97-b7c5-042674931d23: shutdown LeaderElection
2019-10-20 18:19:08,068 [ForkJoinPool.commonPool-worker-0] INFO  impl.StateMachineUpdater (StateMachineUpdater.java:stopAndJoin(136)) - b75f8b2e-6273-4c97-b7c5-042674931d23@group-F11756C8BA4A-StateMachineUpdater: set stopIndex = -1
2019-10-20 18:19:08,069 [ForkJoinPool.commonPool-worker-0] INFO  impl.RaftServerImpl (ServerState.java:close(388)) - b75f8b2e-6273-4c97-b7c5-042674931d23@group-F11756C8BA4A: closes. applyIndex: -1
2019-10-20 18:19:08,069 [b75f8b2e-6273-4c97-b7c5-042674931d23@group-F11756C8BA4A-SegmentedRaftLogWorker] INFO  segmented.SegmentedRaftLogWorker (SegmentedRaftLogWorker.java:run(316)) - b75f8b2e-6273-4c97-b7c5-042674931d23@group-F11756C8BA4A-SegmentedRaftLogWorker was interrupted, exiting. There are 0 tasks remaining in the queue.
2019-10-20 18:19:08,069 [ForkJoinPool.commonPool-worker-0] INFO  segmented.SegmentedRaftLogWorker (SegmentedRaftLogWorker.java:close(224)) - b75f8b2e-6273-4c97-b7c5-042674931d23@group-F11756C8BA4A-SegmentedRaftLogWorker close()
2019-10-20 18:19:08,071 [ForkJoinPool.commonPool-worker-0] INFO  server.GrpcService (GrpcService.java:closeImpl(164)) - b75f8b2e-6273-4c97-b7c5-042674931d23: shutdown server with port 41857 now
2019-10-20 18:19:08,071 [b75f8b2e-6273-4c97-b7c5-042674931d23@group-F11756C8BA4A-LeaderElection490] INFO  impl.LeaderElection (LeaderElection.java:logAndReturn(56)) - b75f8b2e-6273-4c97-b7c5-042674931d23@group-F11756C8BA4A-LeaderElection490: Election REJECTED; received 1 response(s) [b75f8b2e-6273-4c97-b7c5-042674931d23<-6ef27e9c-8ddb-4fa1-8c14-ab102acfb1b8#0:FAIL-t298] and 1 exception(s); b75f8b2e-6273-4c97-b7c5-042674931d23@group-F11756C8BA4A:t298, leader=null, voted=b75f8b2e-6273-4c97-b7c5-042674931d23, raftlog=b75f8b2e-6273-4c97-b7c5-042674931d23@group-F11756C8BA4A-SegmentedRaftLog:CLOSED:c-1, conf=-1: [6ef27e9c-8ddb-4fa1-8c14-ab102acfb1b8:192.168.164.241:38092, b75f8b2e-6273-4c97-b7c5-042674931d23:192.168.164.241:41857, 3750b3a2-715b-46b3-9d0c-9e38136244b9:192.168.164.241:46227], old=null
2019-10-20 18:19:08,071 [b75f8b2e-6273-4c97-b7c5-042674931d23@group-F11756C8BA4A-LeaderElection490] INFO  impl.LeaderElection (LogUtils.java:infoOrTrace(149)) -   Exception 0: {}
java.util.concurrent.ExecutionException: org.apache.ratis.thirdparty.io.grpc.StatusRuntimeException: UNAVAILABLE: io exception
	at java.util.concurrent.FutureTask.report(FutureTask.java:122)
	at java.util.concurrent.FutureTask.get(FutureTask.java:192)
	at org.apache.ratis.server.impl.LeaderElection.waitForResults(LeaderElection.java:259)
	at org.apache.ratis.server.impl.LeaderElection.askForVotes(LeaderElection.java:197)
	at org.apache.ratis.server.impl.LeaderElection.run(LeaderElection.java:133)
	at java.lang.Thread.run(Thread.java:748)
Caused by: org.apache.ratis.thirdparty.io.grpc.StatusRuntimeException: UNAVAILABLE: io exception
	at org.apache.ratis.thirdparty.io.grpc.stub.ClientCalls.toStatusRuntimeException(ClientCalls.java:233)
	at org.apache.ratis.thirdparty.io.grpc.stub.ClientCalls.getUnchecked(ClientCalls.java:214)
	at org.apache.ratis.thirdparty.io.grpc.stub.ClientCalls.blockingUnaryCall(ClientCalls.java:139)
	at org.apache.ratis.proto.grpc.RaftServerProtocolServiceGrpc$RaftServerProtocolServiceBlockingStub.requestVote(RaftServerProtocolServiceGrpc.java:265)
	at org.apache.ratis.grpc.server.GrpcServerProtocolClient.requestVote(GrpcServerProtocolClient.java:99)
	at org.apache.ratis.grpc.server.GrpcService.requestVote(GrpcService.java:204)
	at org.apache.ratis.server.impl.LeaderElection.lambda$submitRequests$1(LeaderElection.java:234)
	at java.util.concurrent.FutureTask.run(FutureTask.java:266)
	at java.util.concurrent.Executors$RunnableAdapter.call(Executors.java:511)
	at java.util.concurrent.FutureTask.run(FutureTask.java:266)
	at java.util.concurrent.ThreadPoolExecutor.runWorker(ThreadPoolExecutor.java:1149)
	at java.util.concurrent.ThreadPoolExecutor$Worker.run(ThreadPoolExecutor.java:624)
	... 1 more
Caused by: org.apache.ratis.thirdparty.io.netty.channel.AbstractChannel$AnnotatedConnectException: Connection refused: /192.168.164.241:46227
	at sun.nio.ch.SocketChannelImpl.checkConnect(Native Method)
	at sun.nio.ch.SocketChannelImpl.finishConnect(SocketChannelImpl.java:717)
	at org.apache.ratis.thirdparty.io.netty.channel.socket.nio.NioSocketChannel.doFinishConnect(NioSocketChannel.java:327)
	at org.apache.ratis.thirdparty.io.netty.channel.nio.AbstractNioChannel$AbstractNioUnsafe.finishConnect(AbstractNioChannel.java:340)
	at org.apache.ratis.thirdparty.io.netty.channel.nio.NioEventLoop.processSelectedKey(NioEventLoop.java:632)
	at org.apache.ratis.thirdparty.io.netty.channel.nio.NioEventLoop.processSelectedKeysOptimized(NioEventLoop.java:579)
	at org.apache.ratis.thirdparty.io.netty.channel.nio.NioEventLoop.processSelectedKeys(NioEventLoop.java:496)
	at org.apache.ratis.thirdparty.io.netty.channel.nio.NioEventLoop.run(NioEventLoop.java:458)
	at org.apache.ratis.thirdparty.io.netty.util.concurrent.SingleThreadEventExecutor$5.run(SingleThreadEventExecutor.java:897)
	at org.apache.ratis.thirdparty.io.netty.util.concurrent.FastThreadLocalRunnable.run(FastThreadLocalRunnable.java:30)
	... 1 more
Caused by: java.net.ConnectException: Connection refused
	... 11 more
2019-10-20 18:19:08,072 [ForkJoinPool.commonPool-worker-0] INFO  server.GrpcService (GrpcService.java:closeImpl(172)) - b75f8b2e-6273-4c97-b7c5-042674931d23: shutdown server with port 41857 successfully
2019-10-20 18:19:08,079 [refreshUsed-/workdir/hadoop-ozone/integration-test/target/test-dir/MiniOzoneClusterImpl-3ef3c7a0-fafa-4375-a23c-18b63a3f56e7/datanode-0/data/containers] WARN  fs.CachingGetSpaceUsed (CachingGetSpaceUsed.java:run(183)) - Thread Interrupted waiting to refresh disk information: sleep interrupted
2019-10-20 18:19:08,099 [ForkJoinPool.commonPool-worker-0] INFO  utils.BackgroundService (BackgroundService.java:shutdown(151)) - Shutting down service BlockDeletingService
2019-10-20 18:19:08,102 [ForkJoinPool.commonPool-worker-0] INFO  statemachine.DatanodeStateMachine (DatanodeStateMachine.java:stopDaemon(395)) - Ozone container server stopped.
2019-10-20 18:19:08,107 [ForkJoinPool.commonPool-worker-0] INFO  handler.ContextHandler (ContextHandler.java:doStop(910)) - Stopped o.e.j.w.WebAppContext@4339baec{/,null,UNAVAILABLE}{/hddsDatanode}
2019-10-20 18:19:08,108 [ForkJoinPool.commonPool-worker-0] INFO  server.AbstractConnector (AbstractConnector.java:doStop(318)) - Stopped ServerConnector@62db3891{HTTP/1.1,[http/1.1]}{0.0.0.0:0}
2019-10-20 18:19:08,109 [ForkJoinPool.commonPool-worker-0] INFO  handler.ContextHandler (ContextHandler.java:doStop(910)) - Stopped o.e.j.s.ServletContextHandler@644ded04{/static,jar:file:/home/user/.m2/repository/org/apache/hadoop/hadoop-hdds-container-service/0.5.0-SNAPSHOT/hadoop-hdds-container-service-0.5.0-SNAPSHOT.jar!/webapps/static,UNAVAILABLE}
2019-10-20 18:19:08,110 [ForkJoinPool.commonPool-worker-0] INFO  handler.ContextHandler (ContextHandler.java:doStop(910)) - Stopped o.e.j.s.ServletContextHandler@290d10ef{/logs,file:///workdir/hadoop-ozone/integration-test/target/log,UNAVAILABLE}
2019-10-20 18:19:08,133 [main] INFO  ozoneimpl.OzoneContainer (OzoneContainer.java:stop(227)) - Attempting to stop container services.
2019-10-20 18:19:08,134 [main] INFO  impl.RaftServerProxy (RaftServerProxy.java:lambda$close$4(314)) - 7a43c46a-fc88-4b2d-b2da-ae029cfa60ff: close
2019-10-20 18:19:08,134 [main] INFO  impl.RaftServerImpl (RaftServerImpl.java:lambda$shutdown$3(261)) - 7a43c46a-fc88-4b2d-b2da-ae029cfa60ff@group-A3AEEC4281CC: shutdown
2019-10-20 18:19:08,134 [main] INFO  util.JmxRegister (JmxRegister.java:unregister(73)) - Successfully un-registered JMX Bean with object name Ratis:service=RaftServer,group=group-A3AEEC4281CC,id=7a43c46a-fc88-4b2d-b2da-ae029cfa60ff
2019-10-20 18:19:08,135 [main] INFO  impl.RoleInfo (RoleInfo.java:shutdownLeaderState(104)) - 7a43c46a-fc88-4b2d-b2da-ae029cfa60ff: shutdown LeaderState
2019-10-20 18:19:08,135 [main] INFO  impl.PendingRequests (PendingRequests.java:sendNotLeaderResponses(202)) - 7a43c46a-fc88-4b2d-b2da-ae029cfa60ff@group-A3AEEC4281CC-PendingRequests: sendNotLeaderResponses
2019-10-20 18:19:08,135 [main] INFO  impl.StateMachineUpdater (StateMachineUpdater.java:stopAndJoin(136)) - 7a43c46a-fc88-4b2d-b2da-ae029cfa60ff@group-A3AEEC4281CC-StateMachineUpdater: set stopIndex = 0
2019-10-20 18:19:08,135 [main] INFO  impl.RaftServerImpl (ServerState.java:close(388)) - 7a43c46a-fc88-4b2d-b2da-ae029cfa60ff@group-A3AEEC4281CC: closes. applyIndex: 0
2019-10-20 18:19:08,136 [7a43c46a-fc88-4b2d-b2da-ae029cfa60ff@group-A3AEEC4281CC-SegmentedRaftLogWorker] INFO  segmented.SegmentedRaftLogWorker (SegmentedRaftLogWorker.java:run(316)) - 7a43c46a-fc88-4b2d-b2da-ae029cfa60ff@group-A3AEEC4281CC-SegmentedRaftLogWorker was interrupted, exiting. There are 0 tasks remaining in the queue.
2019-10-20 18:19:08,136 [main] INFO  segmented.SegmentedRaftLogWorker (SegmentedRaftLogWorker.java:close(224)) - 7a43c46a-fc88-4b2d-b2da-ae029cfa60ff@group-A3AEEC4281CC-SegmentedRaftLogWorker close()
2019-10-20 18:19:08,138 [main] INFO  impl.RaftServerImpl (RaftServerImpl.java:lambda$shutdown$3(261)) - 7a43c46a-fc88-4b2d-b2da-ae029cfa60ff@group-D40A05E2FCF9: shutdown
2019-10-20 18:19:08,138 [main] INFO  util.JmxRegister (JmxRegister.java:unregister(73)) - Successfully un-registered JMX Bean with object name Ratis:service=RaftServer,group=group-D40A05E2FCF9,id=7a43c46a-fc88-4b2d-b2da-ae029cfa60ff
2019-10-20 18:19:08,138 [main] INFO  impl.RoleInfo (RoleInfo.java:shutdownFollowerState(121)) - 7a43c46a-fc88-4b2d-b2da-ae029cfa60ff: shutdown FollowerState
2019-10-20 18:19:08,138 [main] INFO  impl.StateMachineUpdater (StateMachineUpdater.java:stopAndJoin(136)) - 7a43c46a-fc88-4b2d-b2da-ae029cfa60ff@group-D40A05E2FCF9-StateMachineUpdater: set stopIndex = 0
2019-10-20 18:19:08,138 [Thread-3666] INFO  impl.FollowerState (FollowerState.java:run(117)) - 7a43c46a-fc88-4b2d-b2da-ae029cfa60ff@group-D40A05E2FCF9-FollowerState was interrupted: java.lang.InterruptedException: sleep interrupted
2019-10-20 18:19:08,138 [main] INFO  impl.RaftServerImpl (ServerState.java:close(388)) - 7a43c46a-fc88-4b2d-b2da-ae029cfa60ff@group-D40A05E2FCF9: closes. applyIndex: 0
2019-10-20 18:19:08,139 [7a43c46a-fc88-4b2d-b2da-ae029cfa60ff@group-D40A05E2FCF9-SegmentedRaftLogWorker] INFO  segmented.SegmentedRaftLogWorker (SegmentedRaftLogWorker.java:run(316)) - 7a43c46a-fc88-4b2d-b2da-ae029cfa60ff@group-D40A05E2FCF9-SegmentedRaftLogWorker was interrupted, exiting. There are 0 tasks remaining in the queue.
2019-10-20 18:19:08,139 [main] INFO  segmented.SegmentedRaftLogWorker (SegmentedRaftLogWorker.java:close(224)) - 7a43c46a-fc88-4b2d-b2da-ae029cfa60ff@group-D40A05E2FCF9-SegmentedRaftLogWorker close()
2019-10-20 18:19:08,140 [main] INFO  server.GrpcService (GrpcService.java:closeImpl(164)) - 7a43c46a-fc88-4b2d-b2da-ae029cfa60ff: shutdown server with port 43684 now
2019-10-20 18:19:08,142 [main] INFO  server.GrpcService (GrpcService.java:closeImpl(172)) - 7a43c46a-fc88-4b2d-b2da-ae029cfa60ff: shutdown server with port 43684 successfully
2019-10-20 18:19:08,143 [refreshUsed-/workdir/hadoop-ozone/integration-test/target/test-dir/MiniOzoneClusterImpl-3ef3c7a0-fafa-4375-a23c-18b63a3f56e7/datanode-9/data/containers] WARN  fs.CachingGetSpaceUsed (CachingGetSpaceUsed.java:run(183)) - Thread Interrupted waiting to refresh disk information: sleep interrupted
2019-10-20 18:19:08,154 [main] INFO  utils.BackgroundService (BackgroundService.java:shutdown(151)) - Shutting down service BlockDeletingService
2019-10-20 18:19:08,157 [main] INFO  statemachine.DatanodeStateMachine (DatanodeStateMachine.java:stopDaemon(395)) - Ozone container server stopped.
2019-10-20 18:19:08,158 [main] INFO  handler.ContextHandler (ContextHandler.java:doStop(910)) - Stopped o.e.j.w.WebAppContext@7a8b9166{/,null,UNAVAILABLE}{/hddsDatanode}
2019-10-20 18:19:08,159 [main] INFO  server.AbstractConnector (AbstractConnector.java:doStop(318)) - Stopped ServerConnector@4acc5dff{HTTP/1.1,[http/1.1]}{0.0.0.0:0}
2019-10-20 18:19:08,159 [main] INFO  handler.ContextHandler (ContextHandler.java:doStop(910)) - Stopped o.e.j.s.ServletContextHandler@6cbd0674{/static,jar:file:/home/user/.m2/repository/org/apache/hadoop/hadoop-hdds-container-service/0.5.0-SNAPSHOT/hadoop-hdds-container-service-0.5.0-SNAPSHOT.jar!/webapps/static,UNAVAILABLE}
2019-10-20 18:19:08,159 [main] INFO  handler.ContextHandler (ContextHandler.java:doStop(910)) - Stopped o.e.j.s.ServletContextHandler@6325f352{/logs,file:///workdir/hadoop-ozone/integration-test/target/log,UNAVAILABLE}
2019-10-20 18:19:08,337 [Thread-3648] INFO  impl.FollowerState (FollowerState.java:run(108)) - c50ce170-3170-4e03-b167-34e0e02687b2@group-AF4EDA66FDC9-FollowerState: change to CANDIDATE, lastRpcTime:1138ms, electionTimeout:1138ms
2019-10-20 18:19:08,337 [Thread-3648] INFO  impl.RoleInfo (RoleInfo.java:shutdownFollowerState(121)) - c50ce170-3170-4e03-b167-34e0e02687b2: shutdown FollowerState
2019-10-20 18:19:08,337 [Thread-3648] INFO  impl.RaftServerImpl (RaftServerImpl.java:setRole(184)) - c50ce170-3170-4e03-b167-34e0e02687b2@group-AF4EDA66FDC9: changes role from  FOLLOWER to CANDIDATE at term 5 for changeToCandidate
2019-10-20 18:19:08,337 [Thread-3648] INFO  impl.RoleInfo (RoleInfo.java:updateAndGet(143)) - c50ce170-3170-4e03-b167-34e0e02687b2: start LeaderElection
2019-10-20 18:19:08,361 [c50ce170-3170-4e03-b167-34e0e02687b2@group-AF4EDA66FDC9-LeaderElection491] INFO  impl.LeaderElection (LeaderElection.java:askForVotes(178)) - c50ce170-3170-4e03-b167-34e0e02687b2@group-AF4EDA66FDC9-LeaderElection491: begin an election at term 6 for 21: [a6e136fe-e391-4364-8a60-53801fc9277d:192.168.164.241:40755, eb28ec45-9b2b-44d6-ae7e-a31feda643bc:192.168.164.241:42571, c50ce170-3170-4e03-b167-34e0e02687b2:192.168.164.241:37695], old=null
2019-10-20 18:19:08,362 [c50ce170-3170-4e03-b167-34e0e02687b2@group-AF4EDA66FDC9-LeaderElection491] INFO  impl.LeaderElection (LogUtils.java:infoOrTrace(149)) - c50ce170-3170-4e03-b167-34e0e02687b2@group-AF4EDA66FDC9-LeaderElection491 got exception when requesting votes: {}
java.util.concurrent.ExecutionException: org.apache.ratis.thirdparty.io.grpc.StatusRuntimeException: UNAVAILABLE: io exception
	at java.util.concurrent.FutureTask.report(FutureTask.java:122)
	at java.util.concurrent.FutureTask.get(FutureTask.java:192)
	at org.apache.ratis.server.impl.LeaderElection.waitForResults(LeaderElection.java:259)
	at org.apache.ratis.server.impl.LeaderElection.askForVotes(LeaderElection.java:197)
	at org.apache.ratis.server.impl.LeaderElection.run(LeaderElection.java:133)
	at java.lang.Thread.run(Thread.java:748)
Caused by: org.apache.ratis.thirdparty.io.grpc.StatusRuntimeException: UNAVAILABLE: io exception
	at org.apache.ratis.thirdparty.io.grpc.stub.ClientCalls.toStatusRuntimeException(ClientCalls.java:233)
	at org.apache.ratis.thirdparty.io.grpc.stub.ClientCalls.getUnchecked(ClientCalls.java:214)
	at org.apache.ratis.thirdparty.io.grpc.stub.ClientCalls.blockingUnaryCall(ClientCalls.java:139)
	at org.apache.ratis.proto.grpc.RaftServerProtocolServiceGrpc$RaftServerProtocolServiceBlockingStub.requestVote(RaftServerProtocolServiceGrpc.java:265)
	at org.apache.ratis.grpc.server.GrpcServerProtocolClient.requestVote(GrpcServerProtocolClient.java:99)
	at org.apache.ratis.grpc.server.GrpcService.requestVote(GrpcService.java:204)
	at org.apache.ratis.server.impl.LeaderElection.lambda$submitRequests$1(LeaderElection.java:234)
	at java.util.concurrent.FutureTask.run(FutureTask.java:266)
	at java.util.concurrent.Executors$RunnableAdapter.call(Executors.java:511)
	at java.util.concurrent.FutureTask.run(FutureTask.java:266)
	at java.util.concurrent.ThreadPoolExecutor.runWorker(ThreadPoolExecutor.java:1149)
	at java.util.concurrent.ThreadPoolExecutor$Worker.run(ThreadPoolExecutor.java:624)
	... 1 more
Caused by: org.apache.ratis.thirdparty.io.netty.channel.AbstractChannel$AnnotatedConnectException: Connection refused: /192.168.164.241:40755
	at sun.nio.ch.SocketChannelImpl.checkConnect(Native Method)
	at sun.nio.ch.SocketChannelImpl.finishConnect(SocketChannelImpl.java:717)
	at org.apache.ratis.thirdparty.io.netty.channel.socket.nio.NioSocketChannel.doFinishConnect(NioSocketChannel.java:327)
	at org.apache.ratis.thirdparty.io.netty.channel.nio.AbstractNioChannel$AbstractNioUnsafe.finishConnect(AbstractNioChannel.java:340)
	at org.apache.ratis.thirdparty.io.netty.channel.nio.NioEventLoop.processSelectedKey(NioEventLoop.java:632)
	at org.apache.ratis.thirdparty.io.netty.channel.nio.NioEventLoop.processSelectedKeysOptimized(NioEventLoop.java:579)
	at org.apache.ratis.thirdparty.io.netty.channel.nio.NioEventLoop.processSelectedKeys(NioEventLoop.java:496)
	at org.apache.ratis.thirdparty.io.netty.channel.nio.NioEventLoop.run(NioEventLoop.java:458)
	at org.apache.ratis.thirdparty.io.netty.util.concurrent.SingleThreadEventExecutor$5.run(SingleThreadEventExecutor.java:897)
	at org.apache.ratis.thirdparty.io.netty.util.concurrent.FastThreadLocalRunnable.run(FastThreadLocalRunnable.java:30)
	... 1 more
Caused by: java.net.ConnectException: Connection refused
	... 11 more
2019-10-20 18:19:08,362 [c50ce170-3170-4e03-b167-34e0e02687b2@group-AF4EDA66FDC9-LeaderElection491] INFO  impl.LeaderElection (LogUtils.java:infoOrTrace(149)) - c50ce170-3170-4e03-b167-34e0e02687b2@group-AF4EDA66FDC9-LeaderElection491 got exception when requesting votes: {}
java.util.concurrent.ExecutionException: org.apache.ratis.thirdparty.io.grpc.StatusRuntimeException: UNAVAILABLE: io exception
	at java.util.concurrent.FutureTask.report(FutureTask.java:122)
	at java.util.concurrent.FutureTask.get(FutureTask.java:192)
	at org.apache.ratis.server.impl.LeaderElection.waitForResults(LeaderElection.java:259)
	at org.apache.ratis.server.impl.LeaderElection.askForVotes(LeaderElection.java:197)
	at org.apache.ratis.server.impl.LeaderElection.run(LeaderElection.java:133)
	at java.lang.Thread.run(Thread.java:748)
Caused by: org.apache.ratis.thirdparty.io.grpc.StatusRuntimeException: UNAVAILABLE: io exception
	at org.apache.ratis.thirdparty.io.grpc.stub.ClientCalls.toStatusRuntimeException(ClientCalls.java:233)
	at org.apache.ratis.thirdparty.io.grpc.stub.ClientCalls.getUnchecked(ClientCalls.java:214)
	at org.apache.ratis.thirdparty.io.grpc.stub.ClientCalls.blockingUnaryCall(ClientCalls.java:139)
	at org.apache.ratis.proto.grpc.RaftServerProtocolServiceGrpc$RaftServerProtocolServiceBlockingStub.requestVote(RaftServerProtocolServiceGrpc.java:265)
	at org.apache.ratis.grpc.server.GrpcServerProtocolClient.requestVote(GrpcServerProtocolClient.java:99)
	at org.apache.ratis.grpc.server.GrpcService.requestVote(GrpcService.java:204)
	at org.apache.ratis.server.impl.LeaderElection.lambda$submitRequests$1(LeaderElection.java:234)
	at java.util.concurrent.FutureTask.run(FutureTask.java:266)
	at java.util.concurrent.Executors$RunnableAdapter.call(Executors.java:511)
	at java.util.concurrent.FutureTask.run(FutureTask.java:266)
	at java.util.concurrent.ThreadPoolExecutor.runWorker(ThreadPoolExecutor.java:1149)
	at java.util.concurrent.ThreadPoolExecutor$Worker.run(ThreadPoolExecutor.java:624)
	... 1 more
Caused by: org.apache.ratis.thirdparty.io.netty.channel.AbstractChannel$AnnotatedConnectException: Connection refused: /192.168.164.241:42571
	at sun.nio.ch.SocketChannelImpl.checkConnect(Native Method)
	at sun.nio.ch.SocketChannelImpl.finishConnect(SocketChannelImpl.java:717)
	at org.apache.ratis.thirdparty.io.netty.channel.socket.nio.NioSocketChannel.doFinishConnect(NioSocketChannel.java:327)
	at org.apache.ratis.thirdparty.io.netty.channel.nio.AbstractNioChannel$AbstractNioUnsafe.finishConnect(AbstractNioChannel.java:340)
	at org.apache.ratis.thirdparty.io.netty.channel.nio.NioEventLoop.processSelectedKey(NioEventLoop.java:632)
	at org.apache.ratis.thirdparty.io.netty.channel.nio.NioEventLoop.processSelectedKeysOptimized(NioEventLoop.java:579)
	at org.apache.ratis.thirdparty.io.netty.channel.nio.NioEventLoop.processSelectedKeys(NioEventLoop.java:496)
	at org.apache.ratis.thirdparty.io.netty.channel.nio.NioEventLoop.run(NioEventLoop.java:458)
	at org.apache.ratis.thirdparty.io.netty.util.concurrent.SingleThreadEventExecutor$5.run(SingleThreadEventExecutor.java:897)
	at org.apache.ratis.thirdparty.io.netty.util.concurrent.FastThreadLocalRunnable.run(FastThreadLocalRunnable.java:30)
	... 1 more
Caused by: java.net.ConnectException: Connection refused
	... 11 more
2019-10-20 18:19:08,363 [c50ce170-3170-4e03-b167-34e0e02687b2@group-AF4EDA66FDC9-LeaderElection491] INFO  impl.LeaderElection (LeaderElection.java:logAndReturn(56)) - c50ce170-3170-4e03-b167-34e0e02687b2@group-AF4EDA66FDC9-LeaderElection491: Election REJECTED; received 0 response(s) [] and 2 exception(s); c50ce170-3170-4e03-b167-34e0e02687b2@group-AF4EDA66FDC9:t6, leader=null, voted=c50ce170-3170-4e03-b167-34e0e02687b2, raftlog=c50ce170-3170-4e03-b167-34e0e02687b2@group-AF4EDA66FDC9-SegmentedRaftLog:OPENED:c22,f22,i22, conf=21: [a6e136fe-e391-4364-8a60-53801fc9277d:192.168.164.241:40755, eb28ec45-9b2b-44d6-ae7e-a31feda643bc:192.168.164.241:42571, c50ce170-3170-4e03-b167-34e0e02687b2:192.168.164.241:37695], old=null
2019-10-20 18:19:08,363 [c50ce170-3170-4e03-b167-34e0e02687b2@group-AF4EDA66FDC9-LeaderElection491] INFO  impl.LeaderElection (LogUtils.java:infoOrTrace(149)) -   Exception 0: {}
java.util.concurrent.ExecutionException: org.apache.ratis.thirdparty.io.grpc.StatusRuntimeException: UNAVAILABLE: io exception
	at java.util.concurrent.FutureTask.report(FutureTask.java:122)
	at java.util.concurrent.FutureTask.get(FutureTask.java:192)
	at org.apache.ratis.server.impl.LeaderElection.waitForResults(LeaderElection.java:259)
	at org.apache.ratis.server.impl.LeaderElection.askForVotes(LeaderElection.java:197)
	at org.apache.ratis.server.impl.LeaderElection.run(LeaderElection.java:133)
	at java.lang.Thread.run(Thread.java:748)
Caused by: org.apache.ratis.thirdparty.io.grpc.StatusRuntimeException: UNAVAILABLE: io exception
	at org.apache.ratis.thirdparty.io.grpc.stub.ClientCalls.toStatusRuntimeException(ClientCalls.java:233)
	at org.apache.ratis.thirdparty.io.grpc.stub.ClientCalls.getUnchecked(ClientCalls.java:214)
	at org.apache.ratis.thirdparty.io.grpc.stub.ClientCalls.blockingUnaryCall(ClientCalls.java:139)
	at org.apache.ratis.proto.grpc.RaftServerProtocolServiceGrpc$RaftServerProtocolServiceBlockingStub.requestVote(RaftServerProtocolServiceGrpc.java:265)
	at org.apache.ratis.grpc.server.GrpcServerProtocolClient.requestVote(GrpcServerProtocolClient.java:99)
	at org.apache.ratis.grpc.server.GrpcService.requestVote(GrpcService.java:204)
	at org.apache.ratis.server.impl.LeaderElection.lambda$submitRequests$1(LeaderElection.java:234)
	at java.util.concurrent.FutureTask.run(FutureTask.java:266)
	at java.util.concurrent.Executors$RunnableAdapter.call(Executors.java:511)
	at java.util.concurrent.FutureTask.run(FutureTask.java:266)
	at java.util.concurrent.ThreadPoolExecutor.runWorker(ThreadPoolExecutor.java:1149)
	at java.util.concurrent.ThreadPoolExecutor$Worker.run(ThreadPoolExecutor.java:624)
	... 1 more
Caused by: org.apache.ratis.thirdparty.io.netty.channel.AbstractChannel$AnnotatedConnectException: Connection refused: /192.168.164.241:40755
	at sun.nio.ch.SocketChannelImpl.checkConnect(Native Method)
	at sun.nio.ch.SocketChannelImpl.finishConnect(SocketChannelImpl.java:717)
	at org.apache.ratis.thirdparty.io.netty.channel.socket.nio.NioSocketChannel.doFinishConnect(NioSocketChannel.java:327)
	at org.apache.ratis.thirdparty.io.netty.channel.nio.AbstractNioChannel$AbstractNioUnsafe.finishConnect(AbstractNioChannel.java:340)
	at org.apache.ratis.thirdparty.io.netty.channel.nio.NioEventLoop.processSelectedKey(NioEventLoop.java:632)
	at org.apache.ratis.thirdparty.io.netty.channel.nio.NioEventLoop.processSelectedKeysOptimized(NioEventLoop.java:579)
	at org.apache.ratis.thirdparty.io.netty.channel.nio.NioEventLoop.processSelectedKeys(NioEventLoop.java:496)
	at org.apache.ratis.thirdparty.io.netty.channel.nio.NioEventLoop.run(NioEventLoop.java:458)
	at org.apache.ratis.thirdparty.io.netty.util.concurrent.SingleThreadEventExecutor$5.run(SingleThreadEventExecutor.java:897)
	at org.apache.ratis.thirdparty.io.netty.util.concurrent.FastThreadLocalRunnable.run(FastThreadLocalRunnable.java:30)
	... 1 more
Caused by: java.net.ConnectException: Connection refused
	... 11 more
2019-10-20 18:19:08,363 [c50ce170-3170-4e03-b167-34e0e02687b2@group-AF4EDA66FDC9-LeaderElection491] INFO  impl.LeaderElection (LogUtils.java:infoOrTrace(149)) -   Exception 1: {}
java.util.concurrent.ExecutionException: org.apache.ratis.thirdparty.io.grpc.StatusRuntimeException: UNAVAILABLE: io exception
	at java.util.concurrent.FutureTask.report(FutureTask.java:122)
	at java.util.concurrent.FutureTask.get(FutureTask.java:192)
	at org.apache.ratis.server.impl.LeaderElection.waitForResults(LeaderElection.java:259)
	at org.apache.ratis.server.impl.LeaderElection.askForVotes(LeaderElection.java:197)
	at org.apache.ratis.server.impl.LeaderElection.run(LeaderElection.java:133)
	at java.lang.Thread.run(Thread.java:748)
Caused by: org.apache.ratis.thirdparty.io.grpc.StatusRuntimeException: UNAVAILABLE: io exception
	at org.apache.ratis.thirdparty.io.grpc.stub.ClientCalls.toStatusRuntimeException(ClientCalls.java:233)
	at org.apache.ratis.thirdparty.io.grpc.stub.ClientCalls.getUnchecked(ClientCalls.java:214)
	at org.apache.ratis.thirdparty.io.grpc.stub.ClientCalls.blockingUnaryCall(ClientCalls.java:139)
	at org.apache.ratis.proto.grpc.RaftServerProtocolServiceGrpc$RaftServerProtocolServiceBlockingStub.requestVote(RaftServerProtocolServiceGrpc.java:265)
	at org.apache.ratis.grpc.server.GrpcServerProtocolClient.requestVote(GrpcServerProtocolClient.java:99)
	at org.apache.ratis.grpc.server.GrpcService.requestVote(GrpcService.java:204)
	at org.apache.ratis.server.impl.LeaderElection.lambda$submitRequests$1(LeaderElection.java:234)
	at java.util.concurrent.FutureTask.run(FutureTask.java:266)
	at java.util.concurrent.Executors$RunnableAdapter.call(Executors.java:511)
	at java.util.concurrent.FutureTask.run(FutureTask.java:266)
	at java.util.concurrent.ThreadPoolExecutor.runWorker(ThreadPoolExecutor.java:1149)
	at java.util.concurrent.ThreadPoolExecutor$Worker.run(ThreadPoolExecutor.java:624)
	... 1 more
Caused by: org.apache.ratis.thirdparty.io.netty.channel.AbstractChannel$AnnotatedConnectException: Connection refused: /192.168.164.241:42571
	at sun.nio.ch.SocketChannelImpl.checkConnect(Native Method)
	at sun.nio.ch.SocketChannelImpl.finishConnect(SocketChannelImpl.java:717)
	at org.apache.ratis.thirdparty.io.netty.channel.socket.nio.NioSocketChannel.doFinishConnect(NioSocketChannel.java:327)
	at org.apache.ratis.thirdparty.io.netty.channel.nio.AbstractNioChannel$AbstractNioUnsafe.finishConnect(AbstractNioChannel.java:340)
	at org.apache.ratis.thirdparty.io.netty.channel.nio.NioEventLoop.processSelectedKey(NioEventLoop.java:632)
	at org.apache.ratis.thirdparty.io.netty.channel.nio.NioEventLoop.processSelectedKeysOptimized(NioEventLoop.java:579)
	at org.apache.ratis.thirdparty.io.netty.channel.nio.NioEventLoop.processSelectedKeys(NioEventLoop.java:496)
	at org.apache.ratis.thirdparty.io.netty.channel.nio.NioEventLoop.run(NioEventLoop.java:458)
	at org.apache.ratis.thirdparty.io.netty.util.concurrent.SingleThreadEventExecutor$5.run(SingleThreadEventExecutor.java:897)
	at org.apache.ratis.thirdparty.io.netty.util.concurrent.FastThreadLocalRunnable.run(FastThreadLocalRunnable.java:30)
	... 1 more
Caused by: java.net.ConnectException: Connection refused
	... 11 more
2019-10-20 18:19:08,363 [c50ce170-3170-4e03-b167-34e0e02687b2@group-AF4EDA66FDC9-LeaderElection491] INFO  impl.RaftServerImpl (RaftServerImpl.java:setRole(184)) - c50ce170-3170-4e03-b167-34e0e02687b2@group-AF4EDA66FDC9: changes role from CANDIDATE to FOLLOWER at term 6 for DISCOVERED_A_NEW_TERM
2019-10-20 18:19:08,363 [c50ce170-3170-4e03-b167-34e0e02687b2@group-AF4EDA66FDC9-LeaderElection491] INFO  impl.RoleInfo (RoleInfo.java:shutdownLeaderElection(134)) - c50ce170-3170-4e03-b167-34e0e02687b2: shutdown LeaderElection
2019-10-20 18:19:08,363 [c50ce170-3170-4e03-b167-34e0e02687b2@group-AF4EDA66FDC9-LeaderElection491] INFO  impl.RoleInfo (RoleInfo.java:updateAndGet(143)) - c50ce170-3170-4e03-b167-34e0e02687b2: start FollowerState
2019-10-20 18:19:08,899 [Datanode State Machine Thread - 0] INFO  statemachine.DatanodeStateMachine (DatanodeStateMachine.java:lambda$startDaemon$0(350)) - Ozone container server started.
2019-10-20 18:19:08,966 [Datanode State Machine Thread - 0] INFO  statemachine.DatanodeStateMachine (DatanodeStateMachine.java:lambda$startDaemon$0(350)) - Ozone container server started.
2019-10-20 18:19:09,089 [Thread-3680] INFO  impl.FollowerState (FollowerState.java:run(108)) - 6ef27e9c-8ddb-4fa1-8c14-ab102acfb1b8@group-F11756C8BA4A-FollowerState: change to CANDIDATE, lastRpcTime:1076ms, electionTimeout:1076ms
2019-10-20 18:19:09,089 [Thread-3680] INFO  impl.RoleInfo (RoleInfo.java:shutdownFollowerState(121)) - 6ef27e9c-8ddb-4fa1-8c14-ab102acfb1b8: shutdown FollowerState
2019-10-20 18:19:09,089 [Thread-3680] INFO  impl.RaftServerImpl (RaftServerImpl.java:setRole(184)) - 6ef27e9c-8ddb-4fa1-8c14-ab102acfb1b8@group-F11756C8BA4A: changes role from  FOLLOWER to CANDIDATE at term 298 for changeToCandidate
2019-10-20 18:19:09,089 [Thread-3680] INFO  impl.RoleInfo (RoleInfo.java:updateAndGet(143)) - 6ef27e9c-8ddb-4fa1-8c14-ab102acfb1b8: start LeaderElection
2019-10-20 18:19:09,112 [6ef27e9c-8ddb-4fa1-8c14-ab102acfb1b8@group-F11756C8BA4A-LeaderElection492] INFO  impl.LeaderElection (LeaderElection.java:askForVotes(178)) - 6ef27e9c-8ddb-4fa1-8c14-ab102acfb1b8@group-F11756C8BA4A-LeaderElection492: begin an election at term 299 for 0: [6ef27e9c-8ddb-4fa1-8c14-ab102acfb1b8:192.168.164.241:38092, b75f8b2e-6273-4c97-b7c5-042674931d23:192.168.164.241:41857, 3750b3a2-715b-46b3-9d0c-9e38136244b9:192.168.164.241:46227], old=null
2019-10-20 18:19:09,116 [6ef27e9c-8ddb-4fa1-8c14-ab102acfb1b8@group-F11756C8BA4A-LeaderElection492] INFO  impl.LeaderElection (LogUtils.java:infoOrTrace(149)) - 6ef27e9c-8ddb-4fa1-8c14-ab102acfb1b8@group-F11756C8BA4A-LeaderElection492 got exception when requesting votes: {}
java.util.concurrent.ExecutionException: org.apache.ratis.thirdparty.io.grpc.StatusRuntimeException: UNAVAILABLE: io exception
	at java.util.concurrent.FutureTask.report(FutureTask.java:122)
	at java.util.concurrent.FutureTask.get(FutureTask.java:192)
	at org.apache.ratis.server.impl.LeaderElection.waitForResults(LeaderElection.java:259)
	at org.apache.ratis.server.impl.LeaderElection.askForVotes(LeaderElection.java:197)
	at org.apache.ratis.server.impl.LeaderElection.run(LeaderElection.java:133)
	at java.lang.Thread.run(Thread.java:748)
Caused by: org.apache.ratis.thirdparty.io.grpc.StatusRuntimeException: UNAVAILABLE: io exception
	at org.apache.ratis.thirdparty.io.grpc.stub.ClientCalls.toStatusRuntimeException(ClientCalls.java:233)
	at org.apache.ratis.thirdparty.io.grpc.stub.ClientCalls.getUnchecked(ClientCalls.java:214)
	at org.apache.ratis.thirdparty.io.grpc.stub.ClientCalls.blockingUnaryCall(ClientCalls.java:139)
	at org.apache.ratis.proto.grpc.RaftServerProtocolServiceGrpc$RaftServerProtocolServiceBlockingStub.requestVote(RaftServerProtocolServiceGrpc.java:265)
	at org.apache.ratis.grpc.server.GrpcServerProtocolClient.requestVote(GrpcServerProtocolClient.java:99)
	at org.apache.ratis.grpc.server.GrpcService.requestVote(GrpcService.java:204)
	at org.apache.ratis.server.impl.LeaderElection.lambda$submitRequests$1(LeaderElection.java:234)
	at java.util.concurrent.FutureTask.run(FutureTask.java:266)
	at java.util.concurrent.Executors$RunnableAdapter.call(Executors.java:511)
	at java.util.concurrent.FutureTask.run(FutureTask.java:266)
	at java.util.concurrent.ThreadPoolExecutor.runWorker(ThreadPoolExecutor.java:1149)
	at java.util.concurrent.ThreadPoolExecutor$Worker.run(ThreadPoolExecutor.java:624)
	... 1 more
Caused by: org.apache.ratis.thirdparty.io.netty.channel.AbstractChannel$AnnotatedConnectException: Connection refused: /192.168.164.241:41857
	at sun.nio.ch.SocketChannelImpl.checkConnect(Native Method)
	at sun.nio.ch.SocketChannelImpl.finishConnect(SocketChannelImpl.java:717)
	at org.apache.ratis.thirdparty.io.netty.channel.socket.nio.NioSocketChannel.doFinishConnect(NioSocketChannel.java:327)
	at org.apache.ratis.thirdparty.io.netty.channel.nio.AbstractNioChannel$AbstractNioUnsafe.finishConnect(AbstractNioChannel.java:340)
	at org.apache.ratis.thirdparty.io.netty.channel.nio.NioEventLoop.processSelectedKey(NioEventLoop.java:632)
	at org.apache.ratis.thirdparty.io.netty.channel.nio.NioEventLoop.processSelectedKeysOptimized(NioEventLoop.java:579)
	at org.apache.ratis.thirdparty.io.netty.channel.nio.NioEventLoop.processSelectedKeys(NioEventLoop.java:496)
	at org.apache.ratis.thirdparty.io.netty.channel.nio.NioEventLoop.run(NioEventLoop.java:458)
	at org.apache.ratis.thirdparty.io.netty.util.concurrent.SingleThreadEventExecutor$5.run(SingleThreadEventExecutor.java:897)
	at org.apache.ratis.thirdparty.io.netty.util.concurrent.FastThreadLocalRunnable.run(FastThreadLocalRunnable.java:30)
	... 1 more
Caused by: java.net.ConnectException: Connection refused
	... 11 more
2019-10-20 18:19:09,116 [6ef27e9c-8ddb-4fa1-8c14-ab102acfb1b8@group-F11756C8BA4A-LeaderElection492] INFO  impl.LeaderElection (LogUtils.java:infoOrTrace(149)) - 6ef27e9c-8ddb-4fa1-8c14-ab102acfb1b8@group-F11756C8BA4A-LeaderElection492 got exception when requesting votes: {}
java.util.concurrent.ExecutionException: org.apache.ratis.thirdparty.io.grpc.StatusRuntimeException: UNAVAILABLE: io exception
	at java.util.concurrent.FutureTask.report(FutureTask.java:122)
	at java.util.concurrent.FutureTask.get(FutureTask.java:192)
	at org.apache.ratis.server.impl.LeaderElection.waitForResults(LeaderElection.java:259)
	at org.apache.ratis.server.impl.LeaderElection.askForVotes(LeaderElection.java:197)
	at org.apache.ratis.server.impl.LeaderElection.run(LeaderElection.java:133)
	at java.lang.Thread.run(Thread.java:748)
Caused by: org.apache.ratis.thirdparty.io.grpc.StatusRuntimeException: UNAVAILABLE: io exception
	at org.apache.ratis.thirdparty.io.grpc.stub.ClientCalls.toStatusRuntimeException(ClientCalls.java:233)
	at org.apache.ratis.thirdparty.io.grpc.stub.ClientCalls.getUnchecked(ClientCalls.java:214)
	at org.apache.ratis.thirdparty.io.grpc.stub.ClientCalls.blockingUnaryCall(ClientCalls.java:139)
	at org.apache.ratis.proto.grpc.RaftServerProtocolServiceGrpc$RaftServerProtocolServiceBlockingStub.requestVote(RaftServerProtocolServiceGrpc.java:265)
	at org.apache.ratis.grpc.server.GrpcServerProtocolClient.requestVote(GrpcServerProtocolClient.java:99)
	at org.apache.ratis.grpc.server.GrpcService.requestVote(GrpcService.java:204)
	at org.apache.ratis.server.impl.LeaderElection.lambda$submitRequests$1(LeaderElection.java:234)
	at java.util.concurrent.FutureTask.run(FutureTask.java:266)
	at java.util.concurrent.Executors$RunnableAdapter.call(Executors.java:511)
	at java.util.concurrent.FutureTask.run(FutureTask.java:266)
	at java.util.concurrent.ThreadPoolExecutor.runWorker(ThreadPoolExecutor.java:1149)
	at java.util.concurrent.ThreadPoolExecutor$Worker.run(ThreadPoolExecutor.java:624)
	... 1 more
Caused by: org.apache.ratis.thirdparty.io.netty.channel.AbstractChannel$AnnotatedConnectException: Connection refused: /192.168.164.241:46227
	at sun.nio.ch.SocketChannelImpl.checkConnect(Native Method)
	at sun.nio.ch.SocketChannelImpl.finishConnect(SocketChannelImpl.java:717)
	at org.apache.ratis.thirdparty.io.netty.channel.socket.nio.NioSocketChannel.doFinishConnect(NioSocketChannel.java:327)
	at org.apache.ratis.thirdparty.io.netty.channel.nio.AbstractNioChannel$AbstractNioUnsafe.finishConnect(AbstractNioChannel.java:340)
	at org.apache.ratis.thirdparty.io.netty.channel.nio.NioEventLoop.processSelectedKey(NioEventLoop.java:632)
	at org.apache.ratis.thirdparty.io.netty.channel.nio.NioEventLoop.processSelectedKeysOptimized(NioEventLoop.java:579)
	at org.apache.ratis.thirdparty.io.netty.channel.nio.NioEventLoop.processSelectedKeys(NioEventLoop.java:496)
	at org.apache.ratis.thirdparty.io.netty.channel.nio.NioEventLoop.run(NioEventLoop.java:458)
	at org.apache.ratis.thirdparty.io.netty.util.concurrent.SingleThreadEventExecutor$5.run(SingleThreadEventExecutor.java:897)
	at org.apache.ratis.thirdparty.io.netty.util.concurrent.FastThreadLocalRunnable.run(FastThreadLocalRunnable.java:30)
	... 1 more
Caused by: java.net.ConnectException: Connection refused
	... 11 more
2019-10-20 18:19:09,117 [6ef27e9c-8ddb-4fa1-8c14-ab102acfb1b8@group-F11756C8BA4A-LeaderElection492] INFO  impl.LeaderElection (LeaderElection.java:logAndReturn(56)) - 6ef27e9c-8ddb-4fa1-8c14-ab102acfb1b8@group-F11756C8BA4A-LeaderElection492: Election REJECTED; received 0 response(s) [] and 2 exception(s); 6ef27e9c-8ddb-4fa1-8c14-ab102acfb1b8@group-F11756C8BA4A:t299, leader=null, voted=6ef27e9c-8ddb-4fa1-8c14-ab102acfb1b8, raftlog=6ef27e9c-8ddb-4fa1-8c14-ab102acfb1b8@group-F11756C8BA4A-SegmentedRaftLog:OPENED:c-1,f0,i0, conf=0: [6ef27e9c-8ddb-4fa1-8c14-ab102acfb1b8:192.168.164.241:38092, b75f8b2e-6273-4c97-b7c5-042674931d23:192.168.164.241:41857, 3750b3a2-715b-46b3-9d0c-9e38136244b9:192.168.164.241:46227], old=null
2019-10-20 18:19:09,117 [6ef27e9c-8ddb-4fa1-8c14-ab102acfb1b8@group-F11756C8BA4A-LeaderElection492] INFO  impl.LeaderElection (LogUtils.java:infoOrTrace(149)) -   Exception 0: {}
java.util.concurrent.ExecutionException: org.apache.ratis.thirdparty.io.grpc.StatusRuntimeException: UNAVAILABLE: io exception
	at java.util.concurrent.FutureTask.report(FutureTask.java:122)
	at java.util.concurrent.FutureTask.get(FutureTask.java:192)
	at org.apache.ratis.server.impl.LeaderElection.waitForResults(LeaderElection.java:259)
	at org.apache.ratis.server.impl.LeaderElection.askForVotes(LeaderElection.java:197)
	at org.apache.ratis.server.impl.LeaderElection.run(LeaderElection.java:133)
	at java.lang.Thread.run(Thread.java:748)
Caused by: org.apache.ratis.thirdparty.io.grpc.StatusRuntimeException: UNAVAILABLE: io exception
	at org.apache.ratis.thirdparty.io.grpc.stub.ClientCalls.toStatusRuntimeException(ClientCalls.java:233)
	at org.apache.ratis.thirdparty.io.grpc.stub.ClientCalls.getUnchecked(ClientCalls.java:214)
	at org.apache.ratis.thirdparty.io.grpc.stub.ClientCalls.blockingUnaryCall(ClientCalls.java:139)
	at org.apache.ratis.proto.grpc.RaftServerProtocolServiceGrpc$RaftServerProtocolServiceBlockingStub.requestVote(RaftServerProtocolServiceGrpc.java:265)
	at org.apache.ratis.grpc.server.GrpcServerProtocolClient.requestVote(GrpcServerProtocolClient.java:99)
	at org.apache.ratis.grpc.server.GrpcService.requestVote(GrpcService.java:204)
	at org.apache.ratis.server.impl.LeaderElection.lambda$submitRequests$1(LeaderElection.java:234)
	at java.util.concurrent.FutureTask.run(FutureTask.java:266)
	at java.util.concurrent.Executors$RunnableAdapter.call(Executors.java:511)
	at java.util.concurrent.FutureTask.run(FutureTask.java:266)
	at java.util.concurrent.ThreadPoolExecutor.runWorker(ThreadPoolExecutor.java:1149)
	at java.util.concurrent.ThreadPoolExecutor$Worker.run(ThreadPoolExecutor.java:624)
	... 1 more
Caused by: org.apache.ratis.thirdparty.io.netty.channel.AbstractChannel$AnnotatedConnectException: Connection refused: /192.168.164.241:41857
	at sun.nio.ch.SocketChannelImpl.checkConnect(Native Method)
	at sun.nio.ch.SocketChannelImpl.finishConnect(SocketChannelImpl.java:717)
	at org.apache.ratis.thirdparty.io.netty.channel.socket.nio.NioSocketChannel.doFinishConnect(NioSocketChannel.java:327)
	at org.apache.ratis.thirdparty.io.netty.channel.nio.AbstractNioChannel$AbstractNioUnsafe.finishConnect(AbstractNioChannel.java:340)
	at org.apache.ratis.thirdparty.io.netty.channel.nio.NioEventLoop.processSelectedKey(NioEventLoop.java:632)
	at org.apache.ratis.thirdparty.io.netty.channel.nio.NioEventLoop.processSelectedKeysOptimized(NioEventLoop.java:579)
	at org.apache.ratis.thirdparty.io.netty.channel.nio.NioEventLoop.processSelectedKeys(NioEventLoop.java:496)
	at org.apache.ratis.thirdparty.io.netty.channel.nio.NioEventLoop.run(NioEventLoop.java:458)
	at org.apache.ratis.thirdparty.io.netty.util.concurrent.SingleThreadEventExecutor$5.run(SingleThreadEventExecutor.java:897)
	at org.apache.ratis.thirdparty.io.netty.util.concurrent.FastThreadLocalRunnable.run(FastThreadLocalRunnable.java:30)
	... 1 more
Caused by: java.net.ConnectException: Connection refused
	... 11 more
2019-10-20 18:19:09,117 [6ef27e9c-8ddb-4fa1-8c14-ab102acfb1b8@group-F11756C8BA4A-LeaderElection492] INFO  impl.LeaderElection (LogUtils.java:infoOrTrace(149)) -   Exception 1: {}
java.util.concurrent.ExecutionException: org.apache.ratis.thirdparty.io.grpc.StatusRuntimeException: UNAVAILABLE: io exception
	at java.util.concurrent.FutureTask.report(FutureTask.java:122)
	at java.util.concurrent.FutureTask.get(FutureTask.java:192)
	at org.apache.ratis.server.impl.LeaderElection.waitForResults(LeaderElection.java:259)
	at org.apache.ratis.server.impl.LeaderElection.askForVotes(LeaderElection.java:197)
	at org.apache.ratis.server.impl.LeaderElection.run(LeaderElection.java:133)
	at java.lang.Thread.run(Thread.java:748)
Caused by: org.apache.ratis.thirdparty.io.grpc.StatusRuntimeException: UNAVAILABLE: io exception
	at org.apache.ratis.thirdparty.io.grpc.stub.ClientCalls.toStatusRuntimeException(ClientCalls.java:233)
	at org.apache.ratis.thirdparty.io.grpc.stub.ClientCalls.getUnchecked(ClientCalls.java:214)
	at org.apache.ratis.thirdparty.io.grpc.stub.ClientCalls.blockingUnaryCall(ClientCalls.java:139)
	at org.apache.ratis.proto.grpc.RaftServerProtocolServiceGrpc$RaftServerProtocolServiceBlockingStub.requestVote(RaftServerProtocolServiceGrpc.java:265)
	at org.apache.ratis.grpc.server.GrpcServerProtocolClient.requestVote(GrpcServerProtocolClient.java:99)
	at org.apache.ratis.grpc.server.GrpcService.requestVote(GrpcService.java:204)
	at org.apache.ratis.server.impl.LeaderElection.lambda$submitRequests$1(LeaderElection.java:234)
	at java.util.concurrent.FutureTask.run(FutureTask.java:266)
	at java.util.concurrent.Executors$RunnableAdapter.call(Executors.java:511)
	at java.util.concurrent.FutureTask.run(FutureTask.java:266)
	at java.util.concurrent.ThreadPoolExecutor.runWorker(ThreadPoolExecutor.java:1149)
	at java.util.concurrent.ThreadPoolExecutor$Worker.run(ThreadPoolExecutor.java:624)
	... 1 more
Caused by: org.apache.ratis.thirdparty.io.netty.channel.AbstractChannel$AnnotatedConnectException: Connection refused: /192.168.164.241:46227
	at sun.nio.ch.SocketChannelImpl.checkConnect(Native Method)
	at sun.nio.ch.SocketChannelImpl.finishConnect(SocketChannelImpl.java:717)
	at org.apache.ratis.thirdparty.io.netty.channel.socket.nio.NioSocketChannel.doFinishConnect(NioSocketChannel.java:327)
	at org.apache.ratis.thirdparty.io.netty.channel.nio.AbstractNioChannel$AbstractNioUnsafe.finishConnect(AbstractNioChannel.java:340)
	at org.apache.ratis.thirdparty.io.netty.channel.nio.NioEventLoop.processSelectedKey(NioEventLoop.java:632)
	at org.apache.ratis.thirdparty.io.netty.channel.nio.NioEventLoop.processSelectedKeysOptimized(NioEventLoop.java:579)
	at org.apache.ratis.thirdparty.io.netty.channel.nio.NioEventLoop.processSelectedKeys(NioEventLoop.java:496)
	at org.apache.ratis.thirdparty.io.netty.channel.nio.NioEventLoop.run(NioEventLoop.java:458)
	at org.apache.ratis.thirdparty.io.netty.util.concurrent.SingleThreadEventExecutor$5.run(SingleThreadEventExecutor.java:897)
	at org.apache.ratis.thirdparty.io.netty.util.concurrent.FastThreadLocalRunnable.run(FastThreadLocalRunnable.java:30)
	... 1 more
Caused by: java.net.ConnectException: Connection refused
	... 11 more
2019-10-20 18:19:09,118 [6ef27e9c-8ddb-4fa1-8c14-ab102acfb1b8@group-F11756C8BA4A-LeaderElection492] INFO  impl.RaftServerImpl (RaftServerImpl.java:setRole(184)) - 6ef27e9c-8ddb-4fa1-8c14-ab102acfb1b8@group-F11756C8BA4A: changes role from CANDIDATE to FOLLOWER at term 299 for DISCOVERED_A_NEW_TERM
2019-10-20 18:19:09,118 [6ef27e9c-8ddb-4fa1-8c14-ab102acfb1b8@group-F11756C8BA4A-LeaderElection492] INFO  impl.RoleInfo (RoleInfo.java:shutdownLeaderElection(134)) - 6ef27e9c-8ddb-4fa1-8c14-ab102acfb1b8: shutdown LeaderElection
2019-10-20 18:19:09,118 [6ef27e9c-8ddb-4fa1-8c14-ab102acfb1b8@group-F11756C8BA4A-LeaderElection492] INFO  impl.RoleInfo (RoleInfo.java:updateAndGet(143)) - 6ef27e9c-8ddb-4fa1-8c14-ab102acfb1b8: start FollowerState
2019-10-20 18:19:09,505 [Thread-3684] INFO  impl.FollowerState (FollowerState.java:run(108)) - c50ce170-3170-4e03-b167-34e0e02687b2@group-AF4EDA66FDC9-FollowerState: change to CANDIDATE, lastRpcTime:1141ms, electionTimeout:1141ms
2019-10-20 18:19:09,505 [Thread-3684] INFO  impl.RoleInfo (RoleInfo.java:shutdownFollowerState(121)) - c50ce170-3170-4e03-b167-34e0e02687b2: shutdown FollowerState
2019-10-20 18:19:09,505 [Thread-3684] INFO  impl.RaftServerImpl (RaftServerImpl.java:setRole(184)) - c50ce170-3170-4e03-b167-34e0e02687b2@group-AF4EDA66FDC9: changes role from  FOLLOWER to CANDIDATE at term 6 for changeToCandidate
2019-10-20 18:19:09,505 [Thread-3684] INFO  impl.RoleInfo (RoleInfo.java:updateAndGet(143)) - c50ce170-3170-4e03-b167-34e0e02687b2: start LeaderElection
2019-10-20 18:19:09,538 [c50ce170-3170-4e03-b167-34e0e02687b2@group-AF4EDA66FDC9-LeaderElection493] INFO  impl.LeaderElection (LeaderElection.java:askForVotes(178)) - c50ce170-3170-4e03-b167-34e0e02687b2@group-AF4EDA66FDC9-LeaderElection493: begin an election at term 7 for 21: [a6e136fe-e391-4364-8a60-53801fc9277d:192.168.164.241:40755, eb28ec45-9b2b-44d6-ae7e-a31feda643bc:192.168.164.241:42571, c50ce170-3170-4e03-b167-34e0e02687b2:192.168.164.241:37695], old=null
2019-10-20 18:19:09,539 [c50ce170-3170-4e03-b167-34e0e02687b2@group-AF4EDA66FDC9-LeaderElection493] INFO  impl.LeaderElection (LogUtils.java:infoOrTrace(149)) - c50ce170-3170-4e03-b167-34e0e02687b2@group-AF4EDA66FDC9-LeaderElection493 got exception when requesting votes: {}
java.util.concurrent.ExecutionException: org.apache.ratis.thirdparty.io.grpc.StatusRuntimeException: UNAVAILABLE: io exception
	at java.util.concurrent.FutureTask.report(FutureTask.java:122)
	at java.util.concurrent.FutureTask.get(FutureTask.java:192)
	at org.apache.ratis.server.impl.LeaderElection.waitForResults(LeaderElection.java:259)
	at org.apache.ratis.server.impl.LeaderElection.askForVotes(LeaderElection.java:197)
	at org.apache.ratis.server.impl.LeaderElection.run(LeaderElection.java:133)
	at java.lang.Thread.run(Thread.java:748)
Caused by: org.apache.ratis.thirdparty.io.grpc.StatusRuntimeException: UNAVAILABLE: io exception
	at org.apache.ratis.thirdparty.io.grpc.stub.ClientCalls.toStatusRuntimeException(ClientCalls.java:233)
	at org.apache.ratis.thirdparty.io.grpc.stub.ClientCalls.getUnchecked(ClientCalls.java:214)
	at org.apache.ratis.thirdparty.io.grpc.stub.ClientCalls.blockingUnaryCall(ClientCalls.java:139)
	at org.apache.ratis.proto.grpc.RaftServerProtocolServiceGrpc$RaftServerProtocolServiceBlockingStub.requestVote(RaftServerProtocolServiceGrpc.java:265)
	at org.apache.ratis.grpc.server.GrpcServerProtocolClient.requestVote(GrpcServerProtocolClient.java:99)
	at org.apache.ratis.grpc.server.GrpcService.requestVote(GrpcService.java:204)
	at org.apache.ratis.server.impl.LeaderElection.lambda$submitRequests$1(LeaderElection.java:234)
	at java.util.concurrent.FutureTask.run(FutureTask.java:266)
	at java.util.concurrent.Executors$RunnableAdapter.call(Executors.java:511)
	at java.util.concurrent.FutureTask.run(FutureTask.java:266)
	at java.util.concurrent.ThreadPoolExecutor.runWorker(ThreadPoolExecutor.java:1149)
	at java.util.concurrent.ThreadPoolExecutor$Worker.run(ThreadPoolExecutor.java:624)
	... 1 more
Caused by: org.apache.ratis.thirdparty.io.netty.channel.AbstractChannel$AnnotatedConnectException: Connection refused: /192.168.164.241:40755
	at sun.nio.ch.SocketChannelImpl.checkConnect(Native Method)
	at sun.nio.ch.SocketChannelImpl.finishConnect(SocketChannelImpl.java:717)
	at org.apache.ratis.thirdparty.io.netty.channel.socket.nio.NioSocketChannel.doFinishConnect(NioSocketChannel.java:327)
	at org.apache.ratis.thirdparty.io.netty.channel.nio.AbstractNioChannel$AbstractNioUnsafe.finishConnect(AbstractNioChannel.java:340)
	at org.apache.ratis.thirdparty.io.netty.channel.nio.NioEventLoop.processSelectedKey(NioEventLoop.java:632)
	at org.apache.ratis.thirdparty.io.netty.channel.nio.NioEventLoop.processSelectedKeysOptimized(NioEventLoop.java:579)
	at org.apache.ratis.thirdparty.io.netty.channel.nio.NioEventLoop.processSelectedKeys(NioEventLoop.java:496)
	at org.apache.ratis.thirdparty.io.netty.channel.nio.NioEventLoop.run(NioEventLoop.java:458)
	at org.apache.ratis.thirdparty.io.netty.util.concurrent.SingleThreadEventExecutor$5.run(SingleThreadEventExecutor.java:897)
	at org.apache.ratis.thirdparty.io.netty.util.concurrent.FastThreadLocalRunnable.run(FastThreadLocalRunnable.java:30)
	... 1 more
Caused by: java.net.ConnectException: Connection refused
	... 11 more
2019-10-20 18:19:09,539 [c50ce170-3170-4e03-b167-34e0e02687b2@group-AF4EDA66FDC9-LeaderElection493] INFO  impl.LeaderElection (LogUtils.java:infoOrTrace(149)) - c50ce170-3170-4e03-b167-34e0e02687b2@group-AF4EDA66FDC9-LeaderElection493 got exception when requesting votes: {}
java.util.concurrent.ExecutionException: org.apache.ratis.thirdparty.io.grpc.StatusRuntimeException: UNAVAILABLE: io exception
	at java.util.concurrent.FutureTask.report(FutureTask.java:122)
	at java.util.concurrent.FutureTask.get(FutureTask.java:192)
	at org.apache.ratis.server.impl.LeaderElection.waitForResults(LeaderElection.java:259)
	at org.apache.ratis.server.impl.LeaderElection.askForVotes(LeaderElection.java:197)
	at org.apache.ratis.server.impl.LeaderElection.run(LeaderElection.java:133)
	at java.lang.Thread.run(Thread.java:748)
Caused by: org.apache.ratis.thirdparty.io.grpc.StatusRuntimeException: UNAVAILABLE: io exception
	at org.apache.ratis.thirdparty.io.grpc.stub.ClientCalls.toStatusRuntimeException(ClientCalls.java:233)
	at org.apache.ratis.thirdparty.io.grpc.stub.ClientCalls.getUnchecked(ClientCalls.java:214)
	at org.apache.ratis.thirdparty.io.grpc.stub.ClientCalls.blockingUnaryCall(ClientCalls.java:139)
	at org.apache.ratis.proto.grpc.RaftServerProtocolServiceGrpc$RaftServerProtocolServiceBlockingStub.requestVote(RaftServerProtocolServiceGrpc.java:265)
	at org.apache.ratis.grpc.server.GrpcServerProtocolClient.requestVote(GrpcServerProtocolClient.java:99)
	at org.apache.ratis.grpc.server.GrpcService.requestVote(GrpcService.java:204)
	at org.apache.ratis.server.impl.LeaderElection.lambda$submitRequests$1(LeaderElection.java:234)
	at java.util.concurrent.FutureTask.run(FutureTask.java:266)
	at java.util.concurrent.Executors$RunnableAdapter.call(Executors.java:511)
	at java.util.concurrent.FutureTask.run(FutureTask.java:266)
	at java.util.concurrent.ThreadPoolExecutor.runWorker(ThreadPoolExecutor.java:1149)
	at java.util.concurrent.ThreadPoolExecutor$Worker.run(ThreadPoolExecutor.java:624)
	... 1 more
Caused by: org.apache.ratis.thirdparty.io.netty.channel.AbstractChannel$AnnotatedConnectException: Connection refused: /192.168.164.241:42571
	at sun.nio.ch.SocketChannelImpl.checkConnect(Native Method)
	at sun.nio.ch.SocketChannelImpl.finishConnect(SocketChannelImpl.java:717)
	at org.apache.ratis.thirdparty.io.netty.channel.socket.nio.NioSocketChannel.doFinishConnect(NioSocketChannel.java:327)
	at org.apache.ratis.thirdparty.io.netty.channel.nio.AbstractNioChannel$AbstractNioUnsafe.finishConnect(AbstractNioChannel.java:340)
	at org.apache.ratis.thirdparty.io.netty.channel.nio.NioEventLoop.processSelectedKey(NioEventLoop.java:632)
	at org.apache.ratis.thirdparty.io.netty.channel.nio.NioEventLoop.processSelectedKeysOptimized(NioEventLoop.java:579)
	at org.apache.ratis.thirdparty.io.netty.channel.nio.NioEventLoop.processSelectedKeys(NioEventLoop.java:496)
	at org.apache.ratis.thirdparty.io.netty.channel.nio.NioEventLoop.run(NioEventLoop.java:458)
	at org.apache.ratis.thirdparty.io.netty.util.concurrent.SingleThreadEventExecutor$5.run(SingleThreadEventExecutor.java:897)
	at org.apache.ratis.thirdparty.io.netty.util.concurrent.FastThreadLocalRunnable.run(FastThreadLocalRunnable.java:30)
	... 1 more
Caused by: java.net.ConnectException: Connection refused
	... 11 more
2019-10-20 18:19:09,539 [c50ce170-3170-4e03-b167-34e0e02687b2@group-AF4EDA66FDC9-LeaderElection493] INFO  impl.LeaderElection (LeaderElection.java:logAndReturn(56)) - c50ce170-3170-4e03-b167-34e0e02687b2@group-AF4EDA66FDC9-LeaderElection493: Election REJECTED; received 0 response(s) [] and 2 exception(s); c50ce170-3170-4e03-b167-34e0e02687b2@group-AF4EDA66FDC9:t7, leader=null, voted=c50ce170-3170-4e03-b167-34e0e02687b2, raftlog=c50ce170-3170-4e03-b167-34e0e02687b2@group-AF4EDA66FDC9-SegmentedRaftLog:OPENED:c22,f22,i22, conf=21: [a6e136fe-e391-4364-8a60-53801fc9277d:192.168.164.241:40755, eb28ec45-9b2b-44d6-ae7e-a31feda643bc:192.168.164.241:42571, c50ce170-3170-4e03-b167-34e0e02687b2:192.168.164.241:37695], old=null
2019-10-20 18:19:09,540 [c50ce170-3170-4e03-b167-34e0e02687b2@group-AF4EDA66FDC9-LeaderElection493] INFO  impl.LeaderElection (LogUtils.java:infoOrTrace(149)) -   Exception 0: {}
java.util.concurrent.ExecutionException: org.apache.ratis.thirdparty.io.grpc.StatusRuntimeException: UNAVAILABLE: io exception
	at java.util.concurrent.FutureTask.report(FutureTask.java:122)
	at java.util.concurrent.FutureTask.get(FutureTask.java:192)
	at org.apache.ratis.server.impl.LeaderElection.waitForResults(LeaderElection.java:259)
	at org.apache.ratis.server.impl.LeaderElection.askForVotes(LeaderElection.java:197)
	at org.apache.ratis.server.impl.LeaderElection.run(LeaderElection.java:133)
	at java.lang.Thread.run(Thread.java:748)
Caused by: org.apache.ratis.thirdparty.io.grpc.StatusRuntimeException: UNAVAILABLE: io exception
	at org.apache.ratis.thirdparty.io.grpc.stub.ClientCalls.toStatusRuntimeException(ClientCalls.java:233)
	at org.apache.ratis.thirdparty.io.grpc.stub.ClientCalls.getUnchecked(ClientCalls.java:214)
	at org.apache.ratis.thirdparty.io.grpc.stub.ClientCalls.blockingUnaryCall(ClientCalls.java:139)
	at org.apache.ratis.proto.grpc.RaftServerProtocolServiceGrpc$RaftServerProtocolServiceBlockingStub.requestVote(RaftServerProtocolServiceGrpc.java:265)
	at org.apache.ratis.grpc.server.GrpcServerProtocolClient.requestVote(GrpcServerProtocolClient.java:99)
	at org.apache.ratis.grpc.server.GrpcService.requestVote(GrpcService.java:204)
	at org.apache.ratis.server.impl.LeaderElection.lambda$submitRequests$1(LeaderElection.java:234)
	at java.util.concurrent.FutureTask.run(FutureTask.java:266)
	at java.util.concurrent.Executors$RunnableAdapter.call(Executors.java:511)
	at java.util.concurrent.FutureTask.run(FutureTask.java:266)
	at java.util.concurrent.ThreadPoolExecutor.runWorker(ThreadPoolExecutor.java:1149)
	at java.util.concurrent.ThreadPoolExecutor$Worker.run(ThreadPoolExecutor.java:624)
	... 1 more
Caused by: org.apache.ratis.thirdparty.io.netty.channel.AbstractChannel$AnnotatedConnectException: Connection refused: /192.168.164.241:40755
	at sun.nio.ch.SocketChannelImpl.checkConnect(Native Method)
	at sun.nio.ch.SocketChannelImpl.finishConnect(SocketChannelImpl.java:717)
	at org.apache.ratis.thirdparty.io.netty.channel.socket.nio.NioSocketChannel.doFinishConnect(NioSocketChannel.java:327)
	at org.apache.ratis.thirdparty.io.netty.channel.nio.AbstractNioChannel$AbstractNioUnsafe.finishConnect(AbstractNioChannel.java:340)
	at org.apache.ratis.thirdparty.io.netty.channel.nio.NioEventLoop.processSelectedKey(NioEventLoop.java:632)
	at org.apache.ratis.thirdparty.io.netty.channel.nio.NioEventLoop.processSelectedKeysOptimized(NioEventLoop.java:579)
	at org.apache.ratis.thirdparty.io.netty.channel.nio.NioEventLoop.processSelectedKeys(NioEventLoop.java:496)
	at org.apache.ratis.thirdparty.io.netty.channel.nio.NioEventLoop.run(NioEventLoop.java:458)
	at org.apache.ratis.thirdparty.io.netty.util.concurrent.SingleThreadEventExecutor$5.run(SingleThreadEventExecutor.java:897)
	at org.apache.ratis.thirdparty.io.netty.util.concurrent.FastThreadLocalRunnable.run(FastThreadLocalRunnable.java:30)
	... 1 more
Caused by: java.net.ConnectException: Connection refused
	... 11 more
2019-10-20 18:19:09,540 [c50ce170-3170-4e03-b167-34e0e02687b2@group-AF4EDA66FDC9-LeaderElection493] INFO  impl.LeaderElection (LogUtils.java:infoOrTrace(149)) -   Exception 1: {}
java.util.concurrent.ExecutionException: org.apache.ratis.thirdparty.io.grpc.StatusRuntimeException: UNAVAILABLE: io exception
	at java.util.concurrent.FutureTask.report(FutureTask.java:122)
	at java.util.concurrent.FutureTask.get(FutureTask.java:192)
	at org.apache.ratis.server.impl.LeaderElection.waitForResults(LeaderElection.java:259)
	at org.apache.ratis.server.impl.LeaderElection.askForVotes(LeaderElection.java:197)
	at org.apache.ratis.server.impl.LeaderElection.run(LeaderElection.java:133)
	at java.lang.Thread.run(Thread.java:748)
Caused by: org.apache.ratis.thirdparty.io.grpc.StatusRuntimeException: UNAVAILABLE: io exception
	at org.apache.ratis.thirdparty.io.grpc.stub.ClientCalls.toStatusRuntimeException(ClientCalls.java:233)
	at org.apache.ratis.thirdparty.io.grpc.stub.ClientCalls.getUnchecked(ClientCalls.java:214)
	at org.apache.ratis.thirdparty.io.grpc.stub.ClientCalls.blockingUnaryCall(ClientCalls.java:139)
	at org.apache.ratis.proto.grpc.RaftServerProtocolServiceGrpc$RaftServerProtocolServiceBlockingStub.requestVote(RaftServerProtocolServiceGrpc.java:265)
	at org.apache.ratis.grpc.server.GrpcServerProtocolClient.requestVote(GrpcServerProtocolClient.java:99)
	at org.apache.ratis.grpc.server.GrpcService.requestVote(GrpcService.java:204)
	at org.apache.ratis.server.impl.LeaderElection.lambda$submitRequests$1(LeaderElection.java:234)
	at java.util.concurrent.FutureTask.run(FutureTask.java:266)
	at java.util.concurrent.Executors$RunnableAdapter.call(Executors.java:511)
	at java.util.concurrent.FutureTask.run(FutureTask.java:266)
	at java.util.concurrent.ThreadPoolExecutor.runWorker(ThreadPoolExecutor.java:1149)
	at java.util.concurrent.ThreadPoolExecutor$Worker.run(ThreadPoolExecutor.java:624)
	... 1 more
Caused by: org.apache.ratis.thirdparty.io.netty.channel.AbstractChannel$AnnotatedConnectException: Connection refused: /192.168.164.241:42571
	at sun.nio.ch.SocketChannelImpl.checkConnect(Native Method)
	at sun.nio.ch.SocketChannelImpl.finishConnect(SocketChannelImpl.java:717)
	at org.apache.ratis.thirdparty.io.netty.channel.socket.nio.NioSocketChannel.doFinishConnect(NioSocketChannel.java:327)
	at org.apache.ratis.thirdparty.io.netty.channel.nio.AbstractNioChannel$AbstractNioUnsafe.finishConnect(AbstractNioChannel.java:340)
	at org.apache.ratis.thirdparty.io.netty.channel.nio.NioEventLoop.processSelectedKey(NioEventLoop.java:632)
	at org.apache.ratis.thirdparty.io.netty.channel.nio.NioEventLoop.processSelectedKeysOptimized(NioEventLoop.java:579)
	at org.apache.ratis.thirdparty.io.netty.channel.nio.NioEventLoop.processSelectedKeys(NioEventLoop.java:496)
	at org.apache.ratis.thirdparty.io.netty.channel.nio.NioEventLoop.run(NioEventLoop.java:458)
	at org.apache.ratis.thirdparty.io.netty.util.concurrent.SingleThreadEventExecutor$5.run(SingleThreadEventExecutor.java:897)
	at org.apache.ratis.thirdparty.io.netty.util.concurrent.FastThreadLocalRunnable.run(FastThreadLocalRunnable.java:30)
	... 1 more
Caused by: java.net.ConnectException: Connection refused
	... 11 more
2019-10-20 18:19:09,540 [c50ce170-3170-4e03-b167-34e0e02687b2@group-AF4EDA66FDC9-LeaderElection493] INFO  impl.RaftServerImpl (RaftServerImpl.java:setRole(184)) - c50ce170-3170-4e03-b167-34e0e02687b2@group-AF4EDA66FDC9: changes role from CANDIDATE to FOLLOWER at term 7 for DISCOVERED_A_NEW_TERM
2019-10-20 18:19:09,540 [c50ce170-3170-4e03-b167-34e0e02687b2@group-AF4EDA66FDC9-LeaderElection493] INFO  impl.RoleInfo (RoleInfo.java:shutdownLeaderElection(134)) - c50ce170-3170-4e03-b167-34e0e02687b2: shutdown LeaderElection
2019-10-20 18:19:09,541 [c50ce170-3170-4e03-b167-34e0e02687b2@group-AF4EDA66FDC9-LeaderElection493] INFO  impl.RoleInfo (RoleInfo.java:updateAndGet(143)) - c50ce170-3170-4e03-b167-34e0e02687b2: start FollowerState
2019-10-20 18:19:10,306 [Thread-3688] INFO  impl.FollowerState (FollowerState.java:run(108)) - 6ef27e9c-8ddb-4fa1-8c14-ab102acfb1b8@group-F11756C8BA4A-FollowerState: change to CANDIDATE, lastRpcTime:1188ms, electionTimeout:1188ms
2019-10-20 18:19:10,307 [Thread-3688] INFO  impl.RoleInfo (RoleInfo.java:shutdownFollowerState(121)) - 6ef27e9c-8ddb-4fa1-8c14-ab102acfb1b8: shutdown FollowerState
2019-10-20 18:19:10,307 [Thread-3688] INFO  impl.RaftServerImpl (RaftServerImpl.java:setRole(184)) - 6ef27e9c-8ddb-4fa1-8c14-ab102acfb1b8@group-F11756C8BA4A: changes role from  FOLLOWER to CANDIDATE at term 299 for changeToCandidate
2019-10-20 18:19:10,307 [Thread-3688] INFO  impl.RoleInfo (RoleInfo.java:updateAndGet(143)) - 6ef27e9c-8ddb-4fa1-8c14-ab102acfb1b8: start LeaderElection
2019-10-20 18:19:10,332 [6ef27e9c-8ddb-4fa1-8c14-ab102acfb1b8@group-F11756C8BA4A-LeaderElection494] INFO  impl.LeaderElection (LeaderElection.java:askForVotes(178)) - 6ef27e9c-8ddb-4fa1-8c14-ab102acfb1b8@group-F11756C8BA4A-LeaderElection494: begin an election at term 300 for 0: [6ef27e9c-8ddb-4fa1-8c14-ab102acfb1b8:192.168.164.241:38092, b75f8b2e-6273-4c97-b7c5-042674931d23:192.168.164.241:41857, 3750b3a2-715b-46b3-9d0c-9e38136244b9:192.168.164.241:46227], old=null
2019-10-20 18:19:10,333 [6ef27e9c-8ddb-4fa1-8c14-ab102acfb1b8@group-F11756C8BA4A-LeaderElection494] INFO  impl.LeaderElection (LogUtils.java:infoOrTrace(149)) - 6ef27e9c-8ddb-4fa1-8c14-ab102acfb1b8@group-F11756C8BA4A-LeaderElection494 got exception when requesting votes: {}
java.util.concurrent.ExecutionException: org.apache.ratis.thirdparty.io.grpc.StatusRuntimeException: UNAVAILABLE: io exception
	at java.util.concurrent.FutureTask.report(FutureTask.java:122)
	at java.util.concurrent.FutureTask.get(FutureTask.java:192)
	at org.apache.ratis.server.impl.LeaderElection.waitForResults(LeaderElection.java:259)
	at org.apache.ratis.server.impl.LeaderElection.askForVotes(LeaderElection.java:197)
	at org.apache.ratis.server.impl.LeaderElection.run(LeaderElection.java:133)
	at java.lang.Thread.run(Thread.java:748)
Caused by: org.apache.ratis.thirdparty.io.grpc.StatusRuntimeException: UNAVAILABLE: io exception
	at org.apache.ratis.thirdparty.io.grpc.stub.ClientCalls.toStatusRuntimeException(ClientCalls.java:233)
	at org.apache.ratis.thirdparty.io.grpc.stub.ClientCalls.getUnchecked(ClientCalls.java:214)
	at org.apache.ratis.thirdparty.io.grpc.stub.ClientCalls.blockingUnaryCall(ClientCalls.java:139)
	at org.apache.ratis.proto.grpc.RaftServerProtocolServiceGrpc$RaftServerProtocolServiceBlockingStub.requestVote(RaftServerProtocolServiceGrpc.java:265)
	at org.apache.ratis.grpc.server.GrpcServerProtocolClient.requestVote(GrpcServerProtocolClient.java:99)
	at org.apache.ratis.grpc.server.GrpcService.requestVote(GrpcService.java:204)
	at org.apache.ratis.server.impl.LeaderElection.lambda$submitRequests$1(LeaderElection.java:234)
	at java.util.concurrent.FutureTask.run(FutureTask.java:266)
	at java.util.concurrent.Executors$RunnableAdapter.call(Executors.java:511)
	at java.util.concurrent.FutureTask.run(FutureTask.java:266)
	at java.util.concurrent.ThreadPoolExecutor.runWorker(ThreadPoolExecutor.java:1149)
	at java.util.concurrent.ThreadPoolExecutor$Worker.run(ThreadPoolExecutor.java:624)
	... 1 more
Caused by: org.apache.ratis.thirdparty.io.netty.channel.AbstractChannel$AnnotatedConnectException: Connection refused: /192.168.164.241:46227
	at sun.nio.ch.SocketChannelImpl.checkConnect(Native Method)
	at sun.nio.ch.SocketChannelImpl.finishConnect(SocketChannelImpl.java:717)
	at org.apache.ratis.thirdparty.io.netty.channel.socket.nio.NioSocketChannel.doFinishConnect(NioSocketChannel.java:327)
	at org.apache.ratis.thirdparty.io.netty.channel.nio.AbstractNioChannel$AbstractNioUnsafe.finishConnect(AbstractNioChannel.java:340)
	at org.apache.ratis.thirdparty.io.netty.channel.nio.NioEventLoop.processSelectedKey(NioEventLoop.java:632)
	at org.apache.ratis.thirdparty.io.netty.channel.nio.NioEventLoop.processSelectedKeysOptimized(NioEventLoop.java:579)
	at org.apache.ratis.thirdparty.io.netty.channel.nio.NioEventLoop.processSelectedKeys(NioEventLoop.java:496)
	at org.apache.ratis.thirdparty.io.netty.channel.nio.NioEventLoop.run(NioEventLoop.java:458)
	at org.apache.ratis.thirdparty.io.netty.util.concurrent.SingleThreadEventExecutor$5.run(SingleThreadEventExecutor.java:897)
	at org.apache.ratis.thirdparty.io.netty.util.concurrent.FastThreadLocalRunnable.run(FastThreadLocalRunnable.java:30)
	... 1 more
Caused by: java.net.ConnectException: Connection refused
	... 11 more
2019-10-20 18:19:10,334 [6ef27e9c-8ddb-4fa1-8c14-ab102acfb1b8@group-F11756C8BA4A-LeaderElection494] INFO  impl.LeaderElection (LogUtils.java:infoOrTrace(149)) - 6ef27e9c-8ddb-4fa1-8c14-ab102acfb1b8@group-F11756C8BA4A-LeaderElection494 got exception when requesting votes: {}
java.util.concurrent.ExecutionException: org.apache.ratis.thirdparty.io.grpc.StatusRuntimeException: UNAVAILABLE: io exception
	at java.util.concurrent.FutureTask.report(FutureTask.java:122)
	at java.util.concurrent.FutureTask.get(FutureTask.java:192)
	at org.apache.ratis.server.impl.LeaderElection.waitForResults(LeaderElection.java:259)
	at org.apache.ratis.server.impl.LeaderElection.askForVotes(LeaderElection.java:197)
	at org.apache.ratis.server.impl.LeaderElection.run(LeaderElection.java:133)
	at java.lang.Thread.run(Thread.java:748)
Caused by: org.apache.ratis.thirdparty.io.grpc.StatusRuntimeException: UNAVAILABLE: io exception
	at org.apache.ratis.thirdparty.io.grpc.stub.ClientCalls.toStatusRuntimeException(ClientCalls.java:233)
	at org.apache.ratis.thirdparty.io.grpc.stub.ClientCalls.getUnchecked(ClientCalls.java:214)
	at org.apache.ratis.thirdparty.io.grpc.stub.ClientCalls.blockingUnaryCall(ClientCalls.java:139)
	at org.apache.ratis.proto.grpc.RaftServerProtocolServiceGrpc$RaftServerProtocolServiceBlockingStub.requestVote(RaftServerProtocolServiceGrpc.java:265)
	at org.apache.ratis.grpc.server.GrpcServerProtocolClient.requestVote(GrpcServerProtocolClient.java:99)
	at org.apache.ratis.grpc.server.GrpcService.requestVote(GrpcService.java:204)
	at org.apache.ratis.server.impl.LeaderElection.lambda$submitRequests$1(LeaderElection.java:234)
	at java.util.concurrent.FutureTask.run(FutureTask.java:266)
	at java.util.concurrent.Executors$RunnableAdapter.call(Executors.java:511)
	at java.util.concurrent.FutureTask.run(FutureTask.java:266)
	at java.util.concurrent.ThreadPoolExecutor.runWorker(ThreadPoolExecutor.java:1149)
	at java.util.concurrent.ThreadPoolExecutor$Worker.run(ThreadPoolExecutor.java:624)
	... 1 more
Caused by: org.apache.ratis.thirdparty.io.netty.channel.AbstractChannel$AnnotatedConnectException: Connection refused: /192.168.164.241:41857
	at sun.nio.ch.SocketChannelImpl.checkConnect(Native Method)
	at sun.nio.ch.SocketChannelImpl.finishConnect(SocketChannelImpl.java:717)
	at org.apache.ratis.thirdparty.io.netty.channel.socket.nio.NioSocketChannel.doFinishConnect(NioSocketChannel.java:327)
	at org.apache.ratis.thirdparty.io.netty.channel.nio.AbstractNioChannel$AbstractNioUnsafe.finishConnect(AbstractNioChannel.java:340)
	at org.apache.ratis.thirdparty.io.netty.channel.nio.NioEventLoop.processSelectedKey(NioEventLoop.java:632)
	at org.apache.ratis.thirdparty.io.netty.channel.nio.NioEventLoop.processSelectedKeysOptimized(NioEventLoop.java:579)
	at org.apache.ratis.thirdparty.io.netty.channel.nio.NioEventLoop.processSelectedKeys(NioEventLoop.java:496)
	at org.apache.ratis.thirdparty.io.netty.channel.nio.NioEventLoop.run(NioEventLoop.java:458)
	at org.apache.ratis.thirdparty.io.netty.util.concurrent.SingleThreadEventExecutor$5.run(SingleThreadEventExecutor.java:897)
	at org.apache.ratis.thirdparty.io.netty.util.concurrent.FastThreadLocalRunnable.run(FastThreadLocalRunnable.java:30)
	... 1 more
Caused by: java.net.ConnectException: Connection refused
	... 11 more
2019-10-20 18:19:10,334 [6ef27e9c-8ddb-4fa1-8c14-ab102acfb1b8@group-F11756C8BA4A-LeaderElection494] INFO  impl.LeaderElection (LeaderElection.java:logAndReturn(56)) - 6ef27e9c-8ddb-4fa1-8c14-ab102acfb1b8@group-F11756C8BA4A-LeaderElection494: Election REJECTED; received 0 response(s) [] and 2 exception(s); 6ef27e9c-8ddb-4fa1-8c14-ab102acfb1b8@group-F11756C8BA4A:t300, leader=null, voted=6ef27e9c-8ddb-4fa1-8c14-ab102acfb1b8, raftlog=6ef27e9c-8ddb-4fa1-8c14-ab102acfb1b8@group-F11756C8BA4A-SegmentedRaftLog:OPENED:c-1,f0,i0, conf=0: [6ef27e9c-8ddb-4fa1-8c14-ab102acfb1b8:192.168.164.241:38092, b75f8b2e-6273-4c97-b7c5-042674931d23:192.168.164.241:41857, 3750b3a2-715b-46b3-9d0c-9e38136244b9:192.168.164.241:46227], old=null
2019-10-20 18:19:10,334 [6ef27e9c-8ddb-4fa1-8c14-ab102acfb1b8@group-F11756C8BA4A-LeaderElection494] INFO  impl.LeaderElection (LogUtils.java:infoOrTrace(149)) -   Exception 0: {}
java.util.concurrent.ExecutionException: org.apache.ratis.thirdparty.io.grpc.StatusRuntimeException: UNAVAILABLE: io exception
	at java.util.concurrent.FutureTask.report(FutureTask.java:122)
	at java.util.concurrent.FutureTask.get(FutureTask.java:192)
	at org.apache.ratis.server.impl.LeaderElection.waitForResults(LeaderElection.java:259)
	at org.apache.ratis.server.impl.LeaderElection.askForVotes(LeaderElection.java:197)
	at org.apache.ratis.server.impl.LeaderElection.run(LeaderElection.java:133)
	at java.lang.Thread.run(Thread.java:748)
Caused by: org.apache.ratis.thirdparty.io.grpc.StatusRuntimeException: UNAVAILABLE: io exception
	at org.apache.ratis.thirdparty.io.grpc.stub.ClientCalls.toStatusRuntimeException(ClientCalls.java:233)
	at org.apache.ratis.thirdparty.io.grpc.stub.ClientCalls.getUnchecked(ClientCalls.java:214)
	at org.apache.ratis.thirdparty.io.grpc.stub.ClientCalls.blockingUnaryCall(ClientCalls.java:139)
	at org.apache.ratis.proto.grpc.RaftServerProtocolServiceGrpc$RaftServerProtocolServiceBlockingStub.requestVote(RaftServerProtocolServiceGrpc.java:265)
	at org.apache.ratis.grpc.server.GrpcServerProtocolClient.requestVote(GrpcServerProtocolClient.java:99)
	at org.apache.ratis.grpc.server.GrpcService.requestVote(GrpcService.java:204)
	at org.apache.ratis.server.impl.LeaderElection.lambda$submitRequests$1(LeaderElection.java:234)
	at java.util.concurrent.FutureTask.run(FutureTask.java:266)
	at java.util.concurrent.Executors$RunnableAdapter.call(Executors.java:511)
	at java.util.concurrent.FutureTask.run(FutureTask.java:266)
	at java.util.concurrent.ThreadPoolExecutor.runWorker(ThreadPoolExecutor.java:1149)
	at java.util.concurrent.ThreadPoolExecutor$Worker.run(ThreadPoolExecutor.java:624)
	... 1 more
Caused by: org.apache.ratis.thirdparty.io.netty.channel.AbstractChannel$AnnotatedConnectException: Connection refused: /192.168.164.241:46227
	at sun.nio.ch.SocketChannelImpl.checkConnect(Native Method)
	at sun.nio.ch.SocketChannelImpl.finishConnect(SocketChannelImpl.java:717)
	at org.apache.ratis.thirdparty.io.netty.channel.socket.nio.NioSocketChannel.doFinishConnect(NioSocketChannel.java:327)
	at org.apache.ratis.thirdparty.io.netty.channel.nio.AbstractNioChannel$AbstractNioUnsafe.finishConnect(AbstractNioChannel.java:340)
	at org.apache.ratis.thirdparty.io.netty.channel.nio.NioEventLoop.processSelectedKey(NioEventLoop.java:632)
	at org.apache.ratis.thirdparty.io.netty.channel.nio.NioEventLoop.processSelectedKeysOptimized(NioEventLoop.java:579)
	at org.apache.ratis.thirdparty.io.netty.channel.nio.NioEventLoop.processSelectedKeys(NioEventLoop.java:496)
	at org.apache.ratis.thirdparty.io.netty.channel.nio.NioEventLoop.run(NioEventLoop.java:458)
	at org.apache.ratis.thirdparty.io.netty.util.concurrent.SingleThreadEventExecutor$5.run(SingleThreadEventExecutor.java:897)
	at org.apache.ratis.thirdparty.io.netty.util.concurrent.FastThreadLocalRunnable.run(FastThreadLocalRunnable.java:30)
	... 1 more
Caused by: java.net.ConnectException: Connection refused
	... 11 more
2019-10-20 18:19:10,335 [6ef27e9c-8ddb-4fa1-8c14-ab102acfb1b8@group-F11756C8BA4A-LeaderElection494] INFO  impl.LeaderElection (LogUtils.java:infoOrTrace(149)) -   Exception 1: {}
java.util.concurrent.ExecutionException: org.apache.ratis.thirdparty.io.grpc.StatusRuntimeException: UNAVAILABLE: io exception
	at java.util.concurrent.FutureTask.report(FutureTask.java:122)
	at java.util.concurrent.FutureTask.get(FutureTask.java:192)
	at org.apache.ratis.server.impl.LeaderElection.waitForResults(LeaderElection.java:259)
	at org.apache.ratis.server.impl.LeaderElection.askForVotes(LeaderElection.java:197)
	at org.apache.ratis.server.impl.LeaderElection.run(LeaderElection.java:133)
	at java.lang.Thread.run(Thread.java:748)
Caused by: org.apache.ratis.thirdparty.io.grpc.StatusRuntimeException: UNAVAILABLE: io exception
	at org.apache.ratis.thirdparty.io.grpc.stub.ClientCalls.toStatusRuntimeException(ClientCalls.java:233)
	at org.apache.ratis.thirdparty.io.grpc.stub.ClientCalls.getUnchecked(ClientCalls.java:214)
	at org.apache.ratis.thirdparty.io.grpc.stub.ClientCalls.blockingUnaryCall(ClientCalls.java:139)
	at org.apache.ratis.proto.grpc.RaftServerProtocolServiceGrpc$RaftServerProtocolServiceBlockingStub.requestVote(RaftServerProtocolServiceGrpc.java:265)
	at org.apache.ratis.grpc.server.GrpcServerProtocolClient.requestVote(GrpcServerProtocolClient.java:99)
	at org.apache.ratis.grpc.server.GrpcService.requestVote(GrpcService.java:204)
	at org.apache.ratis.server.impl.LeaderElection.lambda$submitRequests$1(LeaderElection.java:234)
	at java.util.concurrent.FutureTask.run(FutureTask.java:266)
	at java.util.concurrent.Executors$RunnableAdapter.call(Executors.java:511)
	at java.util.concurrent.FutureTask.run(FutureTask.java:266)
	at java.util.concurrent.ThreadPoolExecutor.runWorker(ThreadPoolExecutor.java:1149)
	at java.util.concurrent.ThreadPoolExecutor$Worker.run(ThreadPoolExecutor.java:624)
	... 1 more
Caused by: org.apache.ratis.thirdparty.io.netty.channel.AbstractChannel$AnnotatedConnectException: Connection refused: /192.168.164.241:41857
	at sun.nio.ch.SocketChannelImpl.checkConnect(Native Method)
	at sun.nio.ch.SocketChannelImpl.finishConnect(SocketChannelImpl.java:717)
	at org.apache.ratis.thirdparty.io.netty.channel.socket.nio.NioSocketChannel.doFinishConnect(NioSocketChannel.java:327)
	at org.apache.ratis.thirdparty.io.netty.channel.nio.AbstractNioChannel$AbstractNioUnsafe.finishConnect(AbstractNioChannel.java:340)
	at org.apache.ratis.thirdparty.io.netty.channel.nio.NioEventLoop.processSelectedKey(NioEventLoop.java:632)
	at org.apache.ratis.thirdparty.io.netty.channel.nio.NioEventLoop.processSelectedKeysOptimized(NioEventLoop.java:579)
	at org.apache.ratis.thirdparty.io.netty.channel.nio.NioEventLoop.processSelectedKeys(NioEventLoop.java:496)
	at org.apache.ratis.thirdparty.io.netty.channel.nio.NioEventLoop.run(NioEventLoop.java:458)
	at org.apache.ratis.thirdparty.io.netty.util.concurrent.SingleThreadEventExecutor$5.run(SingleThreadEventExecutor.java:897)
	at org.apache.ratis.thirdparty.io.netty.util.concurrent.FastThreadLocalRunnable.run(FastThreadLocalRunnable.java:30)
	... 1 more
Caused by: java.net.ConnectException: Connection refused
	... 11 more
2019-10-20 18:19:10,335 [6ef27e9c-8ddb-4fa1-8c14-ab102acfb1b8@group-F11756C8BA4A-LeaderElection494] INFO  impl.RaftServerImpl (RaftServerImpl.java:setRole(184)) - 6ef27e9c-8ddb-4fa1-8c14-ab102acfb1b8@group-F11756C8BA4A: changes role from CANDIDATE to FOLLOWER at term 300 for DISCOVERED_A_NEW_TERM
2019-10-20 18:19:10,335 [6ef27e9c-8ddb-4fa1-8c14-ab102acfb1b8@group-F11756C8BA4A-LeaderElection494] INFO  impl.RoleInfo (RoleInfo.java:shutdownLeaderElection(134)) - 6ef27e9c-8ddb-4fa1-8c14-ab102acfb1b8: shutdown LeaderElection
2019-10-20 18:19:10,335 [6ef27e9c-8ddb-4fa1-8c14-ab102acfb1b8@group-F11756C8BA4A-LeaderElection494] INFO  impl.RoleInfo (RoleInfo.java:updateAndGet(143)) - 6ef27e9c-8ddb-4fa1-8c14-ab102acfb1b8: start FollowerState
2019-10-20 18:19:10,541 [Thread-3692] INFO  impl.FollowerState (FollowerState.java:run(108)) - c50ce170-3170-4e03-b167-34e0e02687b2@group-AF4EDA66FDC9-FollowerState: change to CANDIDATE, lastRpcTime:1000ms, electionTimeout:1000ms
2019-10-20 18:19:10,541 [Thread-3692] INFO  impl.RoleInfo (RoleInfo.java:shutdownFollowerState(121)) - c50ce170-3170-4e03-b167-34e0e02687b2: shutdown FollowerState
2019-10-20 18:19:10,541 [Thread-3692] INFO  impl.RaftServerImpl (RaftServerImpl.java:setRole(184)) - c50ce170-3170-4e03-b167-34e0e02687b2@group-AF4EDA66FDC9: changes role from  FOLLOWER to CANDIDATE at term 7 for changeToCandidate
2019-10-20 18:19:10,541 [Thread-3692] INFO  impl.RoleInfo (RoleInfo.java:updateAndGet(143)) - c50ce170-3170-4e03-b167-34e0e02687b2: start LeaderElection
2019-10-20 18:19:10,566 [c50ce170-3170-4e03-b167-34e0e02687b2@group-AF4EDA66FDC9-LeaderElection495] INFO  impl.LeaderElection (LeaderElection.java:askForVotes(178)) - c50ce170-3170-4e03-b167-34e0e02687b2@group-AF4EDA66FDC9-LeaderElection495: begin an election at term 8 for 21: [a6e136fe-e391-4364-8a60-53801fc9277d:192.168.164.241:40755, eb28ec45-9b2b-44d6-ae7e-a31feda643bc:192.168.164.241:42571, c50ce170-3170-4e03-b167-34e0e02687b2:192.168.164.241:37695], old=null
2019-10-20 18:19:10,567 [c50ce170-3170-4e03-b167-34e0e02687b2@group-AF4EDA66FDC9-LeaderElection495] INFO  impl.LeaderElection (LogUtils.java:infoOrTrace(149)) - c50ce170-3170-4e03-b167-34e0e02687b2@group-AF4EDA66FDC9-LeaderElection495 got exception when requesting votes: {}
java.util.concurrent.ExecutionException: org.apache.ratis.thirdparty.io.grpc.StatusRuntimeException: UNAVAILABLE: io exception
	at java.util.concurrent.FutureTask.report(FutureTask.java:122)
	at java.util.concurrent.FutureTask.get(FutureTask.java:192)
	at org.apache.ratis.server.impl.LeaderElection.waitForResults(LeaderElection.java:259)
	at org.apache.ratis.server.impl.LeaderElection.askForVotes(LeaderElection.java:197)
	at org.apache.ratis.server.impl.LeaderElection.run(LeaderElection.java:133)
	at java.lang.Thread.run(Thread.java:748)
Caused by: org.apache.ratis.thirdparty.io.grpc.StatusRuntimeException: UNAVAILABLE: io exception
	at org.apache.ratis.thirdparty.io.grpc.stub.ClientCalls.toStatusRuntimeException(ClientCalls.java:233)
	at org.apache.ratis.thirdparty.io.grpc.stub.ClientCalls.getUnchecked(ClientCalls.java:214)
	at org.apache.ratis.thirdparty.io.grpc.stub.ClientCalls.blockingUnaryCall(ClientCalls.java:139)
	at org.apache.ratis.proto.grpc.RaftServerProtocolServiceGrpc$RaftServerProtocolServiceBlockingStub.requestVote(RaftServerProtocolServiceGrpc.java:265)
	at org.apache.ratis.grpc.server.GrpcServerProtocolClient.requestVote(GrpcServerProtocolClient.java:99)
	at org.apache.ratis.grpc.server.GrpcService.requestVote(GrpcService.java:204)
	at org.apache.ratis.server.impl.LeaderElection.lambda$submitRequests$1(LeaderElection.java:234)
	at java.util.concurrent.FutureTask.run(FutureTask.java:266)
	at java.util.concurrent.Executors$RunnableAdapter.call(Executors.java:511)
	at java.util.concurrent.FutureTask.run(FutureTask.java:266)
	at java.util.concurrent.ThreadPoolExecutor.runWorker(ThreadPoolExecutor.java:1149)
	at java.util.concurrent.ThreadPoolExecutor$Worker.run(ThreadPoolExecutor.java:624)
	... 1 more
Caused by: org.apache.ratis.thirdparty.io.netty.channel.AbstractChannel$AnnotatedConnectException: Connection refused: /192.168.164.241:40755
	at sun.nio.ch.SocketChannelImpl.checkConnect(Native Method)
	at sun.nio.ch.SocketChannelImpl.finishConnect(SocketChannelImpl.java:717)
	at org.apache.ratis.thirdparty.io.netty.channel.socket.nio.NioSocketChannel.doFinishConnect(NioSocketChannel.java:327)
	at org.apache.ratis.thirdparty.io.netty.channel.nio.AbstractNioChannel$AbstractNioUnsafe.finishConnect(AbstractNioChannel.java:340)
	at org.apache.ratis.thirdparty.io.netty.channel.nio.NioEventLoop.processSelectedKey(NioEventLoop.java:632)
	at org.apache.ratis.thirdparty.io.netty.channel.nio.NioEventLoop.processSelectedKeysOptimized(NioEventLoop.java:579)
	at org.apache.ratis.thirdparty.io.netty.channel.nio.NioEventLoop.processSelectedKeys(NioEventLoop.java:496)
	at org.apache.ratis.thirdparty.io.netty.channel.nio.NioEventLoop.run(NioEventLoop.java:458)
	at org.apache.ratis.thirdparty.io.netty.util.concurrent.SingleThreadEventExecutor$5.run(SingleThreadEventExecutor.java:897)
	at org.apache.ratis.thirdparty.io.netty.util.concurrent.FastThreadLocalRunnable.run(FastThreadLocalRunnable.java:30)
	... 1 more
Caused by: java.net.ConnectException: Connection refused
	... 11 more
2019-10-20 18:19:10,567 [c50ce170-3170-4e03-b167-34e0e02687b2@group-AF4EDA66FDC9-LeaderElection495] INFO  impl.LeaderElection (LogUtils.java:infoOrTrace(149)) - c50ce170-3170-4e03-b167-34e0e02687b2@group-AF4EDA66FDC9-LeaderElection495 got exception when requesting votes: {}
java.util.concurrent.ExecutionException: org.apache.ratis.thirdparty.io.grpc.StatusRuntimeException: UNAVAILABLE: io exception
	at java.util.concurrent.FutureTask.report(FutureTask.java:122)
	at java.util.concurrent.FutureTask.get(FutureTask.java:192)
	at org.apache.ratis.server.impl.LeaderElection.waitForResults(LeaderElection.java:259)
	at org.apache.ratis.server.impl.LeaderElection.askForVotes(LeaderElection.java:197)
	at org.apache.ratis.server.impl.LeaderElection.run(LeaderElection.java:133)
	at java.lang.Thread.run(Thread.java:748)
Caused by: org.apache.ratis.thirdparty.io.grpc.StatusRuntimeException: UNAVAILABLE: io exception
	at org.apache.ratis.thirdparty.io.grpc.stub.ClientCalls.toStatusRuntimeException(ClientCalls.java:233)
	at org.apache.ratis.thirdparty.io.grpc.stub.ClientCalls.getUnchecked(ClientCalls.java:214)
	at org.apache.ratis.thirdparty.io.grpc.stub.ClientCalls.blockingUnaryCall(ClientCalls.java:139)
	at org.apache.ratis.proto.grpc.RaftServerProtocolServiceGrpc$RaftServerProtocolServiceBlockingStub.requestVote(RaftServerProtocolServiceGrpc.java:265)
	at org.apache.ratis.grpc.server.GrpcServerProtocolClient.requestVote(GrpcServerProtocolClient.java:99)
	at org.apache.ratis.grpc.server.GrpcService.requestVote(GrpcService.java:204)
	at org.apache.ratis.server.impl.LeaderElection.lambda$submitRequests$1(LeaderElection.java:234)
	at java.util.concurrent.FutureTask.run(FutureTask.java:266)
	at java.util.concurrent.Executors$RunnableAdapter.call(Executors.java:511)
	at java.util.concurrent.FutureTask.run(FutureTask.java:266)
	at java.util.concurrent.ThreadPoolExecutor.runWorker(ThreadPoolExecutor.java:1149)
	at java.util.concurrent.ThreadPoolExecutor$Worker.run(ThreadPoolExecutor.java:624)
	... 1 more
Caused by: org.apache.ratis.thirdparty.io.netty.channel.AbstractChannel$AnnotatedConnectException: Connection refused: /192.168.164.241:42571
	at sun.nio.ch.SocketChannelImpl.checkConnect(Native Method)
	at sun.nio.ch.SocketChannelImpl.finishConnect(SocketChannelImpl.java:717)
	at org.apache.ratis.thirdparty.io.netty.channel.socket.nio.NioSocketChannel.doFinishConnect(NioSocketChannel.java:327)
	at org.apache.ratis.thirdparty.io.netty.channel.nio.AbstractNioChannel$AbstractNioUnsafe.finishConnect(AbstractNioChannel.java:340)
	at org.apache.ratis.thirdparty.io.netty.channel.nio.NioEventLoop.processSelectedKey(NioEventLoop.java:632)
	at org.apache.ratis.thirdparty.io.netty.channel.nio.NioEventLoop.processSelectedKeysOptimized(NioEventLoop.java:579)
	at org.apache.ratis.thirdparty.io.netty.channel.nio.NioEventLoop.processSelectedKeys(NioEventLoop.java:496)
	at org.apache.ratis.thirdparty.io.netty.channel.nio.NioEventLoop.run(NioEventLoop.java:458)
	at org.apache.ratis.thirdparty.io.netty.util.concurrent.SingleThreadEventExecutor$5.run(SingleThreadEventExecutor.java:897)
	at org.apache.ratis.thirdparty.io.netty.util.concurrent.FastThreadLocalRunnable.run(FastThreadLocalRunnable.java:30)
	... 1 more
Caused by: java.net.ConnectException: Connection refused
	... 11 more
2019-10-20 18:19:10,568 [c50ce170-3170-4e03-b167-34e0e02687b2@group-AF4EDA66FDC9-LeaderElection495] INFO  impl.LeaderElection (LeaderElection.java:logAndReturn(56)) - c50ce170-3170-4e03-b167-34e0e02687b2@group-AF4EDA66FDC9-LeaderElection495: Election REJECTED; received 0 response(s) [] and 2 exception(s); c50ce170-3170-4e03-b167-34e0e02687b2@group-AF4EDA66FDC9:t8, leader=null, voted=c50ce170-3170-4e03-b167-34e0e02687b2, raftlog=c50ce170-3170-4e03-b167-34e0e02687b2@group-AF4EDA66FDC9-SegmentedRaftLog:OPENED:c22,f22,i22, conf=21: [a6e136fe-e391-4364-8a60-53801fc9277d:192.168.164.241:40755, eb28ec45-9b2b-44d6-ae7e-a31feda643bc:192.168.164.241:42571, c50ce170-3170-4e03-b167-34e0e02687b2:192.168.164.241:37695], old=null
2019-10-20 18:19:10,568 [c50ce170-3170-4e03-b167-34e0e02687b2@group-AF4EDA66FDC9-LeaderElection495] INFO  impl.LeaderElection (LogUtils.java:infoOrTrace(149)) -   Exception 0: {}
java.util.concurrent.ExecutionException: org.apache.ratis.thirdparty.io.grpc.StatusRuntimeException: UNAVAILABLE: io exception
	at java.util.concurrent.FutureTask.report(FutureTask.java:122)
	at java.util.concurrent.FutureTask.get(FutureTask.java:192)
	at org.apache.ratis.server.impl.LeaderElection.waitForResults(LeaderElection.java:259)
	at org.apache.ratis.server.impl.LeaderElection.askForVotes(LeaderElection.java:197)
	at org.apache.ratis.server.impl.LeaderElection.run(LeaderElection.java:133)
	at java.lang.Thread.run(Thread.java:748)
Caused by: org.apache.ratis.thirdparty.io.grpc.StatusRuntimeException: UNAVAILABLE: io exception
	at org.apache.ratis.thirdparty.io.grpc.stub.ClientCalls.toStatusRuntimeException(ClientCalls.java:233)
	at org.apache.ratis.thirdparty.io.grpc.stub.ClientCalls.getUnchecked(ClientCalls.java:214)
	at org.apache.ratis.thirdparty.io.grpc.stub.ClientCalls.blockingUnaryCall(ClientCalls.java:139)
	at org.apache.ratis.proto.grpc.RaftServerProtocolServiceGrpc$RaftServerProtocolServiceBlockingStub.requestVote(RaftServerProtocolServiceGrpc.java:265)
	at org.apache.ratis.grpc.server.GrpcServerProtocolClient.requestVote(GrpcServerProtocolClient.java:99)
	at org.apache.ratis.grpc.server.GrpcService.requestVote(GrpcService.java:204)
	at org.apache.ratis.server.impl.LeaderElection.lambda$submitRequests$1(LeaderElection.java:234)
	at java.util.concurrent.FutureTask.run(FutureTask.java:266)
	at java.util.concurrent.Executors$RunnableAdapter.call(Executors.java:511)
	at java.util.concurrent.FutureTask.run(FutureTask.java:266)
	at java.util.concurrent.ThreadPoolExecutor.runWorker(ThreadPoolExecutor.java:1149)
	at java.util.concurrent.ThreadPoolExecutor$Worker.run(ThreadPoolExecutor.java:624)
	... 1 more
Caused by: org.apache.ratis.thirdparty.io.netty.channel.AbstractChannel$AnnotatedConnectException: Connection refused: /192.168.164.241:40755
	at sun.nio.ch.SocketChannelImpl.checkConnect(Native Method)
	at sun.nio.ch.SocketChannelImpl.finishConnect(SocketChannelImpl.java:717)
	at org.apache.ratis.thirdparty.io.netty.channel.socket.nio.NioSocketChannel.doFinishConnect(NioSocketChannel.java:327)
	at org.apache.ratis.thirdparty.io.netty.channel.nio.AbstractNioChannel$AbstractNioUnsafe.finishConnect(AbstractNioChannel.java:340)
	at org.apache.ratis.thirdparty.io.netty.channel.nio.NioEventLoop.processSelectedKey(NioEventLoop.java:632)
	at org.apache.ratis.thirdparty.io.netty.channel.nio.NioEventLoop.processSelectedKeysOptimized(NioEventLoop.java:579)
	at org.apache.ratis.thirdparty.io.netty.channel.nio.NioEventLoop.processSelectedKeys(NioEventLoop.java:496)
	at org.apache.ratis.thirdparty.io.netty.channel.nio.NioEventLoop.run(NioEventLoop.java:458)
	at org.apache.ratis.thirdparty.io.netty.util.concurrent.SingleThreadEventExecutor$5.run(SingleThreadEventExecutor.java:897)
	at org.apache.ratis.thirdparty.io.netty.util.concurrent.FastThreadLocalRunnable.run(FastThreadLocalRunnable.java:30)
	... 1 more
Caused by: java.net.ConnectException: Connection refused
	... 11 more
2019-10-20 18:19:10,568 [c50ce170-3170-4e03-b167-34e0e02687b2@group-AF4EDA66FDC9-LeaderElection495] INFO  impl.LeaderElection (LogUtils.java:infoOrTrace(149)) -   Exception 1: {}
java.util.concurrent.ExecutionException: org.apache.ratis.thirdparty.io.grpc.StatusRuntimeException: UNAVAILABLE: io exception
	at java.util.concurrent.FutureTask.report(FutureTask.java:122)
	at java.util.concurrent.FutureTask.get(FutureTask.java:192)
	at org.apache.ratis.server.impl.LeaderElection.waitForResults(LeaderElection.java:259)
	at org.apache.ratis.server.impl.LeaderElection.askForVotes(LeaderElection.java:197)
	at org.apache.ratis.server.impl.LeaderElection.run(LeaderElection.java:133)
	at java.lang.Thread.run(Thread.java:748)
Caused by: org.apache.ratis.thirdparty.io.grpc.StatusRuntimeException: UNAVAILABLE: io exception
	at org.apache.ratis.thirdparty.io.grpc.stub.ClientCalls.toStatusRuntimeException(ClientCalls.java:233)
	at org.apache.ratis.thirdparty.io.grpc.stub.ClientCalls.getUnchecked(ClientCalls.java:214)
	at org.apache.ratis.thirdparty.io.grpc.stub.ClientCalls.blockingUnaryCall(ClientCalls.java:139)
	at org.apache.ratis.proto.grpc.RaftServerProtocolServiceGrpc$RaftServerProtocolServiceBlockingStub.requestVote(RaftServerProtocolServiceGrpc.java:265)
	at org.apache.ratis.grpc.server.GrpcServerProtocolClient.requestVote(GrpcServerProtocolClient.java:99)
	at org.apache.ratis.grpc.server.GrpcService.requestVote(GrpcService.java:204)
	at org.apache.ratis.server.impl.LeaderElection.lambda$submitRequests$1(LeaderElection.java:234)
	at java.util.concurrent.FutureTask.run(FutureTask.java:266)
	at java.util.concurrent.Executors$RunnableAdapter.call(Executors.java:511)
	at java.util.concurrent.FutureTask.run(FutureTask.java:266)
	at java.util.concurrent.ThreadPoolExecutor.runWorker(ThreadPoolExecutor.java:1149)
	at java.util.concurrent.ThreadPoolExecutor$Worker.run(ThreadPoolExecutor.java:624)
	... 1 more
Caused by: org.apache.ratis.thirdparty.io.netty.channel.AbstractChannel$AnnotatedConnectException: Connection refused: /192.168.164.241:42571
	at sun.nio.ch.SocketChannelImpl.checkConnect(Native Method)
	at sun.nio.ch.SocketChannelImpl.finishConnect(SocketChannelImpl.java:717)
	at org.apache.ratis.thirdparty.io.netty.channel.socket.nio.NioSocketChannel.doFinishConnect(NioSocketChannel.java:327)
	at org.apache.ratis.thirdparty.io.netty.channel.nio.AbstractNioChannel$AbstractNioUnsafe.finishConnect(AbstractNioChannel.java:340)
	at org.apache.ratis.thirdparty.io.netty.channel.nio.NioEventLoop.processSelectedKey(NioEventLoop.java:632)
	at org.apache.ratis.thirdparty.io.netty.channel.nio.NioEventLoop.processSelectedKeysOptimized(NioEventLoop.java:579)
	at org.apache.ratis.thirdparty.io.netty.channel.nio.NioEventLoop.processSelectedKeys(NioEventLoop.java:496)
	at org.apache.ratis.thirdparty.io.netty.channel.nio.NioEventLoop.run(NioEventLoop.java:458)
	at org.apache.ratis.thirdparty.io.netty.util.concurrent.SingleThreadEventExecutor$5.run(SingleThreadEventExecutor.java:897)
	at org.apache.ratis.thirdparty.io.netty.util.concurrent.FastThreadLocalRunnable.run(FastThreadLocalRunnable.java:30)
	... 1 more
Caused by: java.net.ConnectException: Connection refused
	... 11 more
2019-10-20 18:19:10,569 [c50ce170-3170-4e03-b167-34e0e02687b2@group-AF4EDA66FDC9-LeaderElection495] INFO  impl.RaftServerImpl (RaftServerImpl.java:setRole(184)) - c50ce170-3170-4e03-b167-34e0e02687b2@group-AF4EDA66FDC9: changes role from CANDIDATE to FOLLOWER at term 8 for DISCOVERED_A_NEW_TERM
2019-10-20 18:19:10,569 [c50ce170-3170-4e03-b167-34e0e02687b2@group-AF4EDA66FDC9-LeaderElection495] INFO  impl.RoleInfo (RoleInfo.java:shutdownLeaderElection(134)) - c50ce170-3170-4e03-b167-34e0e02687b2: shutdown LeaderElection
2019-10-20 18:19:10,569 [c50ce170-3170-4e03-b167-34e0e02687b2@group-AF4EDA66FDC9-LeaderElection495] INFO  impl.RoleInfo (RoleInfo.java:updateAndGet(143)) - c50ce170-3170-4e03-b167-34e0e02687b2: start FollowerState
2019-10-20 18:19:11,428 [Thread-3696] INFO  impl.FollowerState (FollowerState.java:run(108)) - 6ef27e9c-8ddb-4fa1-8c14-ab102acfb1b8@group-F11756C8BA4A-FollowerState: change to CANDIDATE, lastRpcTime:1092ms, electionTimeout:1092ms
2019-10-20 18:19:11,428 [Thread-3696] INFO  impl.RoleInfo (RoleInfo.java:shutdownFollowerState(121)) - 6ef27e9c-8ddb-4fa1-8c14-ab102acfb1b8: shutdown FollowerState
2019-10-20 18:19:11,428 [Thread-3696] INFO  impl.RaftServerImpl (RaftServerImpl.java:setRole(184)) - 6ef27e9c-8ddb-4fa1-8c14-ab102acfb1b8@group-F11756C8BA4A: changes role from  FOLLOWER to CANDIDATE at term 300 for changeToCandidate
2019-10-20 18:19:11,429 [Thread-3696] INFO  impl.RoleInfo (RoleInfo.java:updateAndGet(143)) - 6ef27e9c-8ddb-4fa1-8c14-ab102acfb1b8: start LeaderElection
2019-10-20 18:19:11,453 [6ef27e9c-8ddb-4fa1-8c14-ab102acfb1b8@group-F11756C8BA4A-LeaderElection496] INFO  impl.LeaderElection (LeaderElection.java:askForVotes(178)) - 6ef27e9c-8ddb-4fa1-8c14-ab102acfb1b8@group-F11756C8BA4A-LeaderElection496: begin an election at term 301 for 0: [6ef27e9c-8ddb-4fa1-8c14-ab102acfb1b8:192.168.164.241:38092, b75f8b2e-6273-4c97-b7c5-042674931d23:192.168.164.241:41857, 3750b3a2-715b-46b3-9d0c-9e38136244b9:192.168.164.241:46227], old=null
2019-10-20 18:19:11,455 [6ef27e9c-8ddb-4fa1-8c14-ab102acfb1b8@group-F11756C8BA4A-LeaderElection496] INFO  impl.LeaderElection (LogUtils.java:infoOrTrace(149)) - 6ef27e9c-8ddb-4fa1-8c14-ab102acfb1b8@group-F11756C8BA4A-LeaderElection496 got exception when requesting votes: {}
java.util.concurrent.ExecutionException: org.apache.ratis.thirdparty.io.grpc.StatusRuntimeException: UNAVAILABLE: io exception
	at java.util.concurrent.FutureTask.report(FutureTask.java:122)
	at java.util.concurrent.FutureTask.get(FutureTask.java:192)
	at org.apache.ratis.server.impl.LeaderElection.waitForResults(LeaderElection.java:259)
	at org.apache.ratis.server.impl.LeaderElection.askForVotes(LeaderElection.java:197)
	at org.apache.ratis.server.impl.LeaderElection.run(LeaderElection.java:133)
	at java.lang.Thread.run(Thread.java:748)
Caused by: org.apache.ratis.thirdparty.io.grpc.StatusRuntimeException: UNAVAILABLE: io exception
	at org.apache.ratis.thirdparty.io.grpc.stub.ClientCalls.toStatusRuntimeException(ClientCalls.java:233)
	at org.apache.ratis.thirdparty.io.grpc.stub.ClientCalls.getUnchecked(ClientCalls.java:214)
	at org.apache.ratis.thirdparty.io.grpc.stub.ClientCalls.blockingUnaryCall(ClientCalls.java:139)
	at org.apache.ratis.proto.grpc.RaftServerProtocolServiceGrpc$RaftServerProtocolServiceBlockingStub.requestVote(RaftServerProtocolServiceGrpc.java:265)
	at org.apache.ratis.grpc.server.GrpcServerProtocolClient.requestVote(GrpcServerProtocolClient.java:99)
	at org.apache.ratis.grpc.server.GrpcService.requestVote(GrpcService.java:204)
	at org.apache.ratis.server.impl.LeaderElection.lambda$submitRequests$1(LeaderElection.java:234)
	at java.util.concurrent.FutureTask.run(FutureTask.java:266)
	at java.util.concurrent.Executors$RunnableAdapter.call(Executors.java:511)
	at java.util.concurrent.FutureTask.run(FutureTask.java:266)
	at java.util.concurrent.ThreadPoolExecutor.runWorker(ThreadPoolExecutor.java:1149)
	at java.util.concurrent.ThreadPoolExecutor$Worker.run(ThreadPoolExecutor.java:624)
	... 1 more
Caused by: org.apache.ratis.thirdparty.io.netty.channel.AbstractChannel$AnnotatedConnectException: Connection refused: /192.168.164.241:41857
	at sun.nio.ch.SocketChannelImpl.checkConnect(Native Method)
	at sun.nio.ch.SocketChannelImpl.finishConnect(SocketChannelImpl.java:717)
	at org.apache.ratis.thirdparty.io.netty.channel.socket.nio.NioSocketChannel.doFinishConnect(NioSocketChannel.java:327)
	at org.apache.ratis.thirdparty.io.netty.channel.nio.AbstractNioChannel$AbstractNioUnsafe.finishConnect(AbstractNioChannel.java:340)
	at org.apache.ratis.thirdparty.io.netty.channel.nio.NioEventLoop.processSelectedKey(NioEventLoop.java:632)
	at org.apache.ratis.thirdparty.io.netty.channel.nio.NioEventLoop.processSelectedKeysOptimized(NioEventLoop.java:579)
	at org.apache.ratis.thirdparty.io.netty.channel.nio.NioEventLoop.processSelectedKeys(NioEventLoop.java:496)
	at org.apache.ratis.thirdparty.io.netty.channel.nio.NioEventLoop.run(NioEventLoop.java:458)
	at org.apache.ratis.thirdparty.io.netty.util.concurrent.SingleThreadEventExecutor$5.run(SingleThreadEventExecutor.java:897)
	at org.apache.ratis.thirdparty.io.netty.util.concurrent.FastThreadLocalRunnable.run(FastThreadLocalRunnable.java:30)
	... 1 more
Caused by: java.net.ConnectException: Connection refused
	... 11 more
2019-10-20 18:19:11,455 [6ef27e9c-8ddb-4fa1-8c14-ab102acfb1b8@group-F11756C8BA4A-LeaderElection496] INFO  impl.LeaderElection (LogUtils.java:infoOrTrace(149)) - 6ef27e9c-8ddb-4fa1-8c14-ab102acfb1b8@group-F11756C8BA4A-LeaderElection496 got exception when requesting votes: {}
java.util.concurrent.ExecutionException: org.apache.ratis.thirdparty.io.grpc.StatusRuntimeException: UNAVAILABLE: io exception
	at java.util.concurrent.FutureTask.report(FutureTask.java:122)
	at java.util.concurrent.FutureTask.get(FutureTask.java:192)
	at org.apache.ratis.server.impl.LeaderElection.waitForResults(LeaderElection.java:259)
	at org.apache.ratis.server.impl.LeaderElection.askForVotes(LeaderElection.java:197)
	at org.apache.ratis.server.impl.LeaderElection.run(LeaderElection.java:133)
	at java.lang.Thread.run(Thread.java:748)
Caused by: org.apache.ratis.thirdparty.io.grpc.StatusRuntimeException: UNAVAILABLE: io exception
	at org.apache.ratis.thirdparty.io.grpc.stub.ClientCalls.toStatusRuntimeException(ClientCalls.java:233)
	at org.apache.ratis.thirdparty.io.grpc.stub.ClientCalls.getUnchecked(ClientCalls.java:214)
	at org.apache.ratis.thirdparty.io.grpc.stub.ClientCalls.blockingUnaryCall(ClientCalls.java:139)
	at org.apache.ratis.proto.grpc.RaftServerProtocolServiceGrpc$RaftServerProtocolServiceBlockingStub.requestVote(RaftServerProtocolServiceGrpc.java:265)
	at org.apache.ratis.grpc.server.GrpcServerProtocolClient.requestVote(GrpcServerProtocolClient.java:99)
	at org.apache.ratis.grpc.server.GrpcService.requestVote(GrpcService.java:204)
	at org.apache.ratis.server.impl.LeaderElection.lambda$submitRequests$1(LeaderElection.java:234)
	at java.util.concurrent.FutureTask.run(FutureTask.java:266)
	at java.util.concurrent.Executors$RunnableAdapter.call(Executors.java:511)
	at java.util.concurrent.FutureTask.run(FutureTask.java:266)
	at java.util.concurrent.ThreadPoolExecutor.runWorker(ThreadPoolExecutor.java:1149)
	at java.util.concurrent.ThreadPoolExecutor$Worker.run(ThreadPoolExecutor.java:624)
	... 1 more
Caused by: org.apache.ratis.thirdparty.io.netty.channel.AbstractChannel$AnnotatedConnectException: Connection refused: /192.168.164.241:46227
	at sun.nio.ch.SocketChannelImpl.checkConnect(Native Method)
	at sun.nio.ch.SocketChannelImpl.finishConnect(SocketChannelImpl.java:717)
	at org.apache.ratis.thirdparty.io.netty.channel.socket.nio.NioSocketChannel.doFinishConnect(NioSocketChannel.java:327)
	at org.apache.ratis.thirdparty.io.netty.channel.nio.AbstractNioChannel$AbstractNioUnsafe.finishConnect(AbstractNioChannel.java:340)
	at org.apache.ratis.thirdparty.io.netty.channel.nio.NioEventLoop.processSelectedKey(NioEventLoop.java:632)
	at org.apache.ratis.thirdparty.io.netty.channel.nio.NioEventLoop.processSelectedKeysOptimized(NioEventLoop.java:579)
	at org.apache.ratis.thirdparty.io.netty.channel.nio.NioEventLoop.processSelectedKeys(NioEventLoop.java:496)
	at org.apache.ratis.thirdparty.io.netty.channel.nio.NioEventLoop.run(NioEventLoop.java:458)
	at org.apache.ratis.thirdparty.io.netty.util.concurrent.SingleThreadEventExecutor$5.run(SingleThreadEventExecutor.java:897)
	at org.apache.ratis.thirdparty.io.netty.util.concurrent.FastThreadLocalRunnable.run(FastThreadLocalRunnable.java:30)
	... 1 more
Caused by: java.net.ConnectException: Connection refused
	... 11 more
2019-10-20 18:19:11,456 [6ef27e9c-8ddb-4fa1-8c14-ab102acfb1b8@group-F11756C8BA4A-LeaderElection496] INFO  impl.LeaderElection (LeaderElection.java:logAndReturn(56)) - 6ef27e9c-8ddb-4fa1-8c14-ab102acfb1b8@group-F11756C8BA4A-LeaderElection496: Election REJECTED; received 0 response(s) [] and 2 exception(s); 6ef27e9c-8ddb-4fa1-8c14-ab102acfb1b8@group-F11756C8BA4A:t301, leader=null, voted=6ef27e9c-8ddb-4fa1-8c14-ab102acfb1b8, raftlog=6ef27e9c-8ddb-4fa1-8c14-ab102acfb1b8@group-F11756C8BA4A-SegmentedRaftLog:OPENED:c-1,f0,i0, conf=0: [6ef27e9c-8ddb-4fa1-8c14-ab102acfb1b8:192.168.164.241:38092, b75f8b2e-6273-4c97-b7c5-042674931d23:192.168.164.241:41857, 3750b3a2-715b-46b3-9d0c-9e38136244b9:192.168.164.241:46227], old=null
2019-10-20 18:19:11,456 [6ef27e9c-8ddb-4fa1-8c14-ab102acfb1b8@group-F11756C8BA4A-LeaderElection496] INFO  impl.LeaderElection (LogUtils.java:infoOrTrace(149)) -   Exception 0: {}
java.util.concurrent.ExecutionException: org.apache.ratis.thirdparty.io.grpc.StatusRuntimeException: UNAVAILABLE: io exception
	at java.util.concurrent.FutureTask.report(FutureTask.java:122)
	at java.util.concurrent.FutureTask.get(FutureTask.java:192)
	at org.apache.ratis.server.impl.LeaderElection.waitForResults(LeaderElection.java:259)
	at org.apache.ratis.server.impl.LeaderElection.askForVotes(LeaderElection.java:197)
	at org.apache.ratis.server.impl.LeaderElection.run(LeaderElection.java:133)
	at java.lang.Thread.run(Thread.java:748)
Caused by: org.apache.ratis.thirdparty.io.grpc.StatusRuntimeException: UNAVAILABLE: io exception
	at org.apache.ratis.thirdparty.io.grpc.stub.ClientCalls.toStatusRuntimeException(ClientCalls.java:233)
	at org.apache.ratis.thirdparty.io.grpc.stub.ClientCalls.getUnchecked(ClientCalls.java:214)
	at org.apache.ratis.thirdparty.io.grpc.stub.ClientCalls.blockingUnaryCall(ClientCalls.java:139)
	at org.apache.ratis.proto.grpc.RaftServerProtocolServiceGrpc$RaftServerProtocolServiceBlockingStub.requestVote(RaftServerProtocolServiceGrpc.java:265)
	at org.apache.ratis.grpc.server.GrpcServerProtocolClient.requestVote(GrpcServerProtocolClient.java:99)
	at org.apache.ratis.grpc.server.GrpcService.requestVote(GrpcService.java:204)
	at org.apache.ratis.server.impl.LeaderElection.lambda$submitRequests$1(LeaderElection.java:234)
	at java.util.concurrent.FutureTask.run(FutureTask.java:266)
	at java.util.concurrent.Executors$RunnableAdapter.call(Executors.java:511)
	at java.util.concurrent.FutureTask.run(FutureTask.java:266)
	at java.util.concurrent.ThreadPoolExecutor.runWorker(ThreadPoolExecutor.java:1149)
	at java.util.concurrent.ThreadPoolExecutor$Worker.run(ThreadPoolExecutor.java:624)
	... 1 more
Caused by: org.apache.ratis.thirdparty.io.netty.channel.AbstractChannel$AnnotatedConnectException: Connection refused: /192.168.164.241:41857
	at sun.nio.ch.SocketChannelImpl.checkConnect(Native Method)
	at sun.nio.ch.SocketChannelImpl.finishConnect(SocketChannelImpl.java:717)
	at org.apache.ratis.thirdparty.io.netty.channel.socket.nio.NioSocketChannel.doFinishConnect(NioSocketChannel.java:327)
	at org.apache.ratis.thirdparty.io.netty.channel.nio.AbstractNioChannel$AbstractNioUnsafe.finishConnect(AbstractNioChannel.java:340)
	at org.apache.ratis.thirdparty.io.netty.channel.nio.NioEventLoop.processSelectedKey(NioEventLoop.java:632)
	at org.apache.ratis.thirdparty.io.netty.channel.nio.NioEventLoop.processSelectedKeysOptimized(NioEventLoop.java:579)
	at org.apache.ratis.thirdparty.io.netty.channel.nio.NioEventLoop.processSelectedKeys(NioEventLoop.java:496)
	at org.apache.ratis.thirdparty.io.netty.channel.nio.NioEventLoop.run(NioEventLoop.java:458)
	at org.apache.ratis.thirdparty.io.netty.util.concurrent.SingleThreadEventExecutor$5.run(SingleThreadEventExecutor.java:897)
	at org.apache.ratis.thirdparty.io.netty.util.concurrent.FastThreadLocalRunnable.run(FastThreadLocalRunnable.java:30)
	... 1 more
Caused by: java.net.ConnectException: Connection refused
	... 11 more
2019-10-20 18:19:11,456 [6ef27e9c-8ddb-4fa1-8c14-ab102acfb1b8@group-F11756C8BA4A-LeaderElection496] INFO  impl.LeaderElection (LogUtils.java:infoOrTrace(149)) -   Exception 1: {}
java.util.concurrent.ExecutionException: org.apache.ratis.thirdparty.io.grpc.StatusRuntimeException: UNAVAILABLE: io exception
	at java.util.concurrent.FutureTask.report(FutureTask.java:122)
	at java.util.concurrent.FutureTask.get(FutureTask.java:192)
	at org.apache.ratis.server.impl.LeaderElection.waitForResults(LeaderElection.java:259)
	at org.apache.ratis.server.impl.LeaderElection.askForVotes(LeaderElection.java:197)
	at org.apache.ratis.server.impl.LeaderElection.run(LeaderElection.java:133)
	at java.lang.Thread.run(Thread.java:748)
Caused by: org.apache.ratis.thirdparty.io.grpc.StatusRuntimeException: UNAVAILABLE: io exception
	at org.apache.ratis.thirdparty.io.grpc.stub.ClientCalls.toStatusRuntimeException(ClientCalls.java:233)
	at org.apache.ratis.thirdparty.io.grpc.stub.ClientCalls.getUnchecked(ClientCalls.java:214)
	at org.apache.ratis.thirdparty.io.grpc.stub.ClientCalls.blockingUnaryCall(ClientCalls.java:139)
	at org.apache.ratis.proto.grpc.RaftServerProtocolServiceGrpc$RaftServerProtocolServiceBlockingStub.requestVote(RaftServerProtocolServiceGrpc.java:265)
	at org.apache.ratis.grpc.server.GrpcServerProtocolClient.requestVote(GrpcServerProtocolClient.java:99)
	at org.apache.ratis.grpc.server.GrpcService.requestVote(GrpcService.java:204)
	at org.apache.ratis.server.impl.LeaderElection.lambda$submitRequests$1(LeaderElection.java:234)
	at java.util.concurrent.FutureTask.run(FutureTask.java:266)
	at java.util.concurrent.Executors$RunnableAdapter.call(Executors.java:511)
	at java.util.concurrent.FutureTask.run(FutureTask.java:266)
	at java.util.concurrent.ThreadPoolExecutor.runWorker(ThreadPoolExecutor.java:1149)
	at java.util.concurrent.ThreadPoolExecutor$Worker.run(ThreadPoolExecutor.java:624)
	... 1 more
Caused by: org.apache.ratis.thirdparty.io.netty.channel.AbstractChannel$AnnotatedConnectException: Connection refused: /192.168.164.241:46227
	at sun.nio.ch.SocketChannelImpl.checkConnect(Native Method)
	at sun.nio.ch.SocketChannelImpl.finishConnect(SocketChannelImpl.java:717)
	at org.apache.ratis.thirdparty.io.netty.channel.socket.nio.NioSocketChannel.doFinishConnect(NioSocketChannel.java:327)
	at org.apache.ratis.thirdparty.io.netty.channel.nio.AbstractNioChannel$AbstractNioUnsafe.finishConnect(AbstractNioChannel.java:340)
	at org.apache.ratis.thirdparty.io.netty.channel.nio.NioEventLoop.processSelectedKey(NioEventLoop.java:632)
	at org.apache.ratis.thirdparty.io.netty.channel.nio.NioEventLoop.processSelectedKeysOptimized(NioEventLoop.java:579)
	at org.apache.ratis.thirdparty.io.netty.channel.nio.NioEventLoop.processSelectedKeys(NioEventLoop.java:496)
	at org.apache.ratis.thirdparty.io.netty.channel.nio.NioEventLoop.run(NioEventLoop.java:458)
	at org.apache.ratis.thirdparty.io.netty.util.concurrent.SingleThreadEventExecutor$5.run(SingleThreadEventExecutor.java:897)
	at org.apache.ratis.thirdparty.io.netty.util.concurrent.FastThreadLocalRunnable.run(FastThreadLocalRunnable.java:30)
	... 1 more
Caused by: java.net.ConnectException: Connection refused
	... 11 more
2019-10-20 18:19:11,456 [6ef27e9c-8ddb-4fa1-8c14-ab102acfb1b8@group-F11756C8BA4A-LeaderElection496] INFO  impl.RaftServerImpl (RaftServerImpl.java:setRole(184)) - 6ef27e9c-8ddb-4fa1-8c14-ab102acfb1b8@group-F11756C8BA4A: changes role from CANDIDATE to FOLLOWER at term 301 for DISCOVERED_A_NEW_TERM
2019-10-20 18:19:11,456 [6ef27e9c-8ddb-4fa1-8c14-ab102acfb1b8@group-F11756C8BA4A-LeaderElection496] INFO  impl.RoleInfo (RoleInfo.java:shutdownLeaderElection(134)) - 6ef27e9c-8ddb-4fa1-8c14-ab102acfb1b8: shutdown LeaderElection
2019-10-20 18:19:11,457 [6ef27e9c-8ddb-4fa1-8c14-ab102acfb1b8@group-F11756C8BA4A-LeaderElection496] INFO  impl.RoleInfo (RoleInfo.java:updateAndGet(143)) - 6ef27e9c-8ddb-4fa1-8c14-ab102acfb1b8: start FollowerState
2019-10-20 18:19:11,761 [Thread-3700] INFO  impl.FollowerState (FollowerState.java:run(108)) - c50ce170-3170-4e03-b167-34e0e02687b2@group-AF4EDA66FDC9-FollowerState: change to CANDIDATE, lastRpcTime:1191ms, electionTimeout:1191ms
2019-10-20 18:19:11,761 [Thread-3700] INFO  impl.RoleInfo (RoleInfo.java:shutdownFollowerState(121)) - c50ce170-3170-4e03-b167-34e0e02687b2: shutdown FollowerState
2019-10-20 18:19:11,761 [Thread-3700] INFO  impl.RaftServerImpl (RaftServerImpl.java:setRole(184)) - c50ce170-3170-4e03-b167-34e0e02687b2@group-AF4EDA66FDC9: changes role from  FOLLOWER to CANDIDATE at term 8 for changeToCandidate
2019-10-20 18:19:11,761 [Thread-3700] INFO  impl.RoleInfo (RoleInfo.java:updateAndGet(143)) - c50ce170-3170-4e03-b167-34e0e02687b2: start LeaderElection
2019-10-20 18:19:11,790 [c50ce170-3170-4e03-b167-34e0e02687b2@group-AF4EDA66FDC9-LeaderElection497] INFO  impl.LeaderElection (LeaderElection.java:askForVotes(178)) - c50ce170-3170-4e03-b167-34e0e02687b2@group-AF4EDA66FDC9-LeaderElection497: begin an election at term 9 for 21: [a6e136fe-e391-4364-8a60-53801fc9277d:192.168.164.241:40755, eb28ec45-9b2b-44d6-ae7e-a31feda643bc:192.168.164.241:42571, c50ce170-3170-4e03-b167-34e0e02687b2:192.168.164.241:37695], old=null
2019-10-20 18:19:11,792 [c50ce170-3170-4e03-b167-34e0e02687b2@group-AF4EDA66FDC9-LeaderElection497] INFO  impl.LeaderElection (LogUtils.java:infoOrTrace(149)) - c50ce170-3170-4e03-b167-34e0e02687b2@group-AF4EDA66FDC9-LeaderElection497 got exception when requesting votes: {}
java.util.concurrent.ExecutionException: org.apache.ratis.thirdparty.io.grpc.StatusRuntimeException: UNAVAILABLE: io exception
	at java.util.concurrent.FutureTask.report(FutureTask.java:122)
	at java.util.concurrent.FutureTask.get(FutureTask.java:192)
	at org.apache.ratis.server.impl.LeaderElection.waitForResults(LeaderElection.java:259)
	at org.apache.ratis.server.impl.LeaderElection.askForVotes(LeaderElection.java:197)
	at org.apache.ratis.server.impl.LeaderElection.run(LeaderElection.java:133)
	at java.lang.Thread.run(Thread.java:748)
Caused by: org.apache.ratis.thirdparty.io.grpc.StatusRuntimeException: UNAVAILABLE: io exception
	at org.apache.ratis.thirdparty.io.grpc.stub.ClientCalls.toStatusRuntimeException(ClientCalls.java:233)
	at org.apache.ratis.thirdparty.io.grpc.stub.ClientCalls.getUnchecked(ClientCalls.java:214)
	at org.apache.ratis.thirdparty.io.grpc.stub.ClientCalls.blockingUnaryCall(ClientCalls.java:139)
	at org.apache.ratis.proto.grpc.RaftServerProtocolServiceGrpc$RaftServerProtocolServiceBlockingStub.requestVote(RaftServerProtocolServiceGrpc.java:265)
	at org.apache.ratis.grpc.server.GrpcServerProtocolClient.requestVote(GrpcServerProtocolClient.java:99)
	at org.apache.ratis.grpc.server.GrpcService.requestVote(GrpcService.java:204)
	at org.apache.ratis.server.impl.LeaderElection.lambda$submitRequests$1(LeaderElection.java:234)
	at java.util.concurrent.FutureTask.run(FutureTask.java:266)
	at java.util.concurrent.Executors$RunnableAdapter.call(Executors.java:511)
	at java.util.concurrent.FutureTask.run(FutureTask.java:266)
	at java.util.concurrent.ThreadPoolExecutor.runWorker(ThreadPoolExecutor.java:1149)
	at java.util.concurrent.ThreadPoolExecutor$Worker.run(ThreadPoolExecutor.java:624)
	... 1 more
Caused by: org.apache.ratis.thirdparty.io.netty.channel.AbstractChannel$AnnotatedConnectException: Connection refused: /192.168.164.241:42571
	at sun.nio.ch.SocketChannelImpl.checkConnect(Native Method)
	at sun.nio.ch.SocketChannelImpl.finishConnect(SocketChannelImpl.java:717)
	at org.apache.ratis.thirdparty.io.netty.channel.socket.nio.NioSocketChannel.doFinishConnect(NioSocketChannel.java:327)
	at org.apache.ratis.thirdparty.io.netty.channel.nio.AbstractNioChannel$AbstractNioUnsafe.finishConnect(AbstractNioChannel.java:340)
	at org.apache.ratis.thirdparty.io.netty.channel.nio.NioEventLoop.processSelectedKey(NioEventLoop.java:632)
	at org.apache.ratis.thirdparty.io.netty.channel.nio.NioEventLoop.processSelectedKeysOptimized(NioEventLoop.java:579)
	at org.apache.ratis.thirdparty.io.netty.channel.nio.NioEventLoop.processSelectedKeys(NioEventLoop.java:496)
	at org.apache.ratis.thirdparty.io.netty.channel.nio.NioEventLoop.run(NioEventLoop.java:458)
	at org.apache.ratis.thirdparty.io.netty.util.concurrent.SingleThreadEventExecutor$5.run(SingleThreadEventExecutor.java:897)
	at org.apache.ratis.thirdparty.io.netty.util.concurrent.FastThreadLocalRunnable.run(FastThreadLocalRunnable.java:30)
	... 1 more
Caused by: java.net.ConnectException: Connection refused
	... 11 more
2019-10-20 18:19:11,792 [c50ce170-3170-4e03-b167-34e0e02687b2@group-AF4EDA66FDC9-LeaderElection497] INFO  impl.LeaderElection (LogUtils.java:infoOrTrace(149)) - c50ce170-3170-4e03-b167-34e0e02687b2@group-AF4EDA66FDC9-LeaderElection497 got exception when requesting votes: {}
java.util.concurrent.ExecutionException: org.apache.ratis.thirdparty.io.grpc.StatusRuntimeException: UNAVAILABLE: io exception
	at java.util.concurrent.FutureTask.report(FutureTask.java:122)
	at java.util.concurrent.FutureTask.get(FutureTask.java:192)
	at org.apache.ratis.server.impl.LeaderElection.waitForResults(LeaderElection.java:259)
	at org.apache.ratis.server.impl.LeaderElection.askForVotes(LeaderElection.java:197)
	at org.apache.ratis.server.impl.LeaderElection.run(LeaderElection.java:133)
	at java.lang.Thread.run(Thread.java:748)
Caused by: org.apache.ratis.thirdparty.io.grpc.StatusRuntimeException: UNAVAILABLE: io exception
	at org.apache.ratis.thirdparty.io.grpc.stub.ClientCalls.toStatusRuntimeException(ClientCalls.java:233)
	at org.apache.ratis.thirdparty.io.grpc.stub.ClientCalls.getUnchecked(ClientCalls.java:214)
	at org.apache.ratis.thirdparty.io.grpc.stub.ClientCalls.blockingUnaryCall(ClientCalls.java:139)
	at org.apache.ratis.proto.grpc.RaftServerProtocolServiceGrpc$RaftServerProtocolServiceBlockingStub.requestVote(RaftServerProtocolServiceGrpc.java:265)
	at org.apache.ratis.grpc.server.GrpcServerProtocolClient.requestVote(GrpcServerProtocolClient.java:99)
	at org.apache.ratis.grpc.server.GrpcService.requestVote(GrpcService.java:204)
	at org.apache.ratis.server.impl.LeaderElection.lambda$submitRequests$1(LeaderElection.java:234)
	at java.util.concurrent.FutureTask.run(FutureTask.java:266)
	at java.util.concurrent.Executors$RunnableAdapter.call(Executors.java:511)
	at java.util.concurrent.FutureTask.run(FutureTask.java:266)
	at java.util.concurrent.ThreadPoolExecutor.runWorker(ThreadPoolExecutor.java:1149)
	at java.util.concurrent.ThreadPoolExecutor$Worker.run(ThreadPoolExecutor.java:624)
	... 1 more
Caused by: org.apache.ratis.thirdparty.io.netty.channel.AbstractChannel$AnnotatedConnectException: Connection refused: /192.168.164.241:40755
	at sun.nio.ch.SocketChannelImpl.checkConnect(Native Method)
	at sun.nio.ch.SocketChannelImpl.finishConnect(SocketChannelImpl.java:717)
	at org.apache.ratis.thirdparty.io.netty.channel.socket.nio.NioSocketChannel.doFinishConnect(NioSocketChannel.java:327)
	at org.apache.ratis.thirdparty.io.netty.channel.nio.AbstractNioChannel$AbstractNioUnsafe.finishConnect(AbstractNioChannel.java:340)
	at org.apache.ratis.thirdparty.io.netty.channel.nio.NioEventLoop.processSelectedKey(NioEventLoop.java:632)
	at org.apache.ratis.thirdparty.io.netty.channel.nio.NioEventLoop.processSelectedKeysOptimized(NioEventLoop.java:579)
	at org.apache.ratis.thirdparty.io.netty.channel.nio.NioEventLoop.processSelectedKeys(NioEventLoop.java:496)
	at org.apache.ratis.thirdparty.io.netty.channel.nio.NioEventLoop.run(NioEventLoop.java:458)
	at org.apache.ratis.thirdparty.io.netty.util.concurrent.SingleThreadEventExecutor$5.run(SingleThreadEventExecutor.java:897)
	at org.apache.ratis.thirdparty.io.netty.util.concurrent.FastThreadLocalRunnable.run(FastThreadLocalRunnable.java:30)
	... 1 more
Caused by: java.net.ConnectException: Connection refused
	... 11 more
2019-10-20 18:19:11,793 [c50ce170-3170-4e03-b167-34e0e02687b2@group-AF4EDA66FDC9-LeaderElection497] INFO  impl.LeaderElection (LeaderElection.java:logAndReturn(56)) - c50ce170-3170-4e03-b167-34e0e02687b2@group-AF4EDA66FDC9-LeaderElection497: Election REJECTED; received 0 response(s) [] and 2 exception(s); c50ce170-3170-4e03-b167-34e0e02687b2@group-AF4EDA66FDC9:t9, leader=null, voted=c50ce170-3170-4e03-b167-34e0e02687b2, raftlog=c50ce170-3170-4e03-b167-34e0e02687b2@group-AF4EDA66FDC9-SegmentedRaftLog:OPENED:c22,f22,i22, conf=21: [a6e136fe-e391-4364-8a60-53801fc9277d:192.168.164.241:40755, eb28ec45-9b2b-44d6-ae7e-a31feda643bc:192.168.164.241:42571, c50ce170-3170-4e03-b167-34e0e02687b2:192.168.164.241:37695], old=null
2019-10-20 18:19:11,793 [c50ce170-3170-4e03-b167-34e0e02687b2@group-AF4EDA66FDC9-LeaderElection497] INFO  impl.LeaderElection (LogUtils.java:infoOrTrace(149)) -   Exception 0: {}
java.util.concurrent.ExecutionException: org.apache.ratis.thirdparty.io.grpc.StatusRuntimeException: UNAVAILABLE: io exception
	at java.util.concurrent.FutureTask.report(FutureTask.java:122)
	at java.util.concurrent.FutureTask.get(FutureTask.java:192)
	at org.apache.ratis.server.impl.LeaderElection.waitForResults(LeaderElection.java:259)
	at org.apache.ratis.server.impl.LeaderElection.askForVotes(LeaderElection.java:197)
	at org.apache.ratis.server.impl.LeaderElection.run(LeaderElection.java:133)
	at java.lang.Thread.run(Thread.java:748)
Caused by: org.apache.ratis.thirdparty.io.grpc.StatusRuntimeException: UNAVAILABLE: io exception
	at org.apache.ratis.thirdparty.io.grpc.stub.ClientCalls.toStatusRuntimeException(ClientCalls.java:233)
	at org.apache.ratis.thirdparty.io.grpc.stub.ClientCalls.getUnchecked(ClientCalls.java:214)
	at org.apache.ratis.thirdparty.io.grpc.stub.ClientCalls.blockingUnaryCall(ClientCalls.java:139)
	at org.apache.ratis.proto.grpc.RaftServerProtocolServiceGrpc$RaftServerProtocolServiceBlockingStub.requestVote(RaftServerProtocolServiceGrpc.java:265)
	at org.apache.ratis.grpc.server.GrpcServerProtocolClient.requestVote(GrpcServerProtocolClient.java:99)
	at org.apache.ratis.grpc.server.GrpcService.requestVote(GrpcService.java:204)
	at org.apache.ratis.server.impl.LeaderElection.lambda$submitRequests$1(LeaderElection.java:234)
	at java.util.concurrent.FutureTask.run(FutureTask.java:266)
	at java.util.concurrent.Executors$RunnableAdapter.call(Executors.java:511)
	at java.util.concurrent.FutureTask.run(FutureTask.java:266)
	at java.util.concurrent.ThreadPoolExecutor.runWorker(ThreadPoolExecutor.java:1149)
	at java.util.concurrent.ThreadPoolExecutor$Worker.run(ThreadPoolExecutor.java:624)
	... 1 more
Caused by: org.apache.ratis.thirdparty.io.netty.channel.AbstractChannel$AnnotatedConnectException: Connection refused: /192.168.164.241:42571
	at sun.nio.ch.SocketChannelImpl.checkConnect(Native Method)
	at sun.nio.ch.SocketChannelImpl.finishConnect(SocketChannelImpl.java:717)
	at org.apache.ratis.thirdparty.io.netty.channel.socket.nio.NioSocketChannel.doFinishConnect(NioSocketChannel.java:327)
	at org.apache.ratis.thirdparty.io.netty.channel.nio.AbstractNioChannel$AbstractNioUnsafe.finishConnect(AbstractNioChannel.java:340)
	at org.apache.ratis.thirdparty.io.netty.channel.nio.NioEventLoop.processSelectedKey(NioEventLoop.java:632)
	at org.apache.ratis.thirdparty.io.netty.channel.nio.NioEventLoop.processSelectedKeysOptimized(NioEventLoop.java:579)
	at org.apache.ratis.thirdparty.io.netty.channel.nio.NioEventLoop.processSelectedKeys(NioEventLoop.java:496)
	at org.apache.ratis.thirdparty.io.netty.channel.nio.NioEventLoop.run(NioEventLoop.java:458)
	at org.apache.ratis.thirdparty.io.netty.util.concurrent.SingleThreadEventExecutor$5.run(SingleThreadEventExecutor.java:897)
	at org.apache.ratis.thirdparty.io.netty.util.concurrent.FastThreadLocalRunnable.run(FastThreadLocalRunnable.java:30)
	... 1 more
Caused by: java.net.ConnectException: Connection refused
	... 11 more
2019-10-20 18:19:11,793 [c50ce170-3170-4e03-b167-34e0e02687b2@group-AF4EDA66FDC9-LeaderElection497] INFO  impl.LeaderElection (LogUtils.java:infoOrTrace(149)) -   Exception 1: {}
java.util.concurrent.ExecutionException: org.apache.ratis.thirdparty.io.grpc.StatusRuntimeException: UNAVAILABLE: io exception
	at java.util.concurrent.FutureTask.report(FutureTask.java:122)
	at java.util.concurrent.FutureTask.get(FutureTask.java:192)
	at org.apache.ratis.server.impl.LeaderElection.waitForResults(LeaderElection.java:259)
	at org.apache.ratis.server.impl.LeaderElection.askForVotes(LeaderElection.java:197)
	at org.apache.ratis.server.impl.LeaderElection.run(LeaderElection.java:133)
	at java.lang.Thread.run(Thread.java:748)
Caused by: org.apache.ratis.thirdparty.io.grpc.StatusRuntimeException: UNAVAILABLE: io exception
	at org.apache.ratis.thirdparty.io.grpc.stub.ClientCalls.toStatusRuntimeException(ClientCalls.java:233)
	at org.apache.ratis.thirdparty.io.grpc.stub.ClientCalls.getUnchecked(ClientCalls.java:214)
	at org.apache.ratis.thirdparty.io.grpc.stub.ClientCalls.blockingUnaryCall(ClientCalls.java:139)
	at org.apache.ratis.proto.grpc.RaftServerProtocolServiceGrpc$RaftServerProtocolServiceBlockingStub.requestVote(RaftServerProtocolServiceGrpc.java:265)
	at org.apache.ratis.grpc.server.GrpcServerProtocolClient.requestVote(GrpcServerProtocolClient.java:99)
	at org.apache.ratis.grpc.server.GrpcService.requestVote(GrpcService.java:204)
	at org.apache.ratis.server.impl.LeaderElection.lambda$submitRequests$1(LeaderElection.java:234)
	at java.util.concurrent.FutureTask.run(FutureTask.java:266)
	at java.util.concurrent.Executors$RunnableAdapter.call(Executors.java:511)
	at java.util.concurrent.FutureTask.run(FutureTask.java:266)
	at java.util.concurrent.ThreadPoolExecutor.runWorker(ThreadPoolExecutor.java:1149)
	at java.util.concurrent.ThreadPoolExecutor$Worker.run(ThreadPoolExecutor.java:624)
	... 1 more
Caused by: org.apache.ratis.thirdparty.io.netty.channel.AbstractChannel$AnnotatedConnectException: Connection refused: /192.168.164.241:40755
	at sun.nio.ch.SocketChannelImpl.checkConnect(Native Method)
	at sun.nio.ch.SocketChannelImpl.finishConnect(SocketChannelImpl.java:717)
	at org.apache.ratis.thirdparty.io.netty.channel.socket.nio.NioSocketChannel.doFinishConnect(NioSocketChannel.java:327)
	at org.apache.ratis.thirdparty.io.netty.channel.nio.AbstractNioChannel$AbstractNioUnsafe.finishConnect(AbstractNioChannel.java:340)
	at org.apache.ratis.thirdparty.io.netty.channel.nio.NioEventLoop.processSelectedKey(NioEventLoop.java:632)
	at org.apache.ratis.thirdparty.io.netty.channel.nio.NioEventLoop.processSelectedKeysOptimized(NioEventLoop.java:579)
	at org.apache.ratis.thirdparty.io.netty.channel.nio.NioEventLoop.processSelectedKeys(NioEventLoop.java:496)
	at org.apache.ratis.thirdparty.io.netty.channel.nio.NioEventLoop.run(NioEventLoop.java:458)
	at org.apache.ratis.thirdparty.io.netty.util.concurrent.SingleThreadEventExecutor$5.run(SingleThreadEventExecutor.java:897)
	at org.apache.ratis.thirdparty.io.netty.util.concurrent.FastThreadLocalRunnable.run(FastThreadLocalRunnable.java:30)
	... 1 more
Caused by: java.net.ConnectException: Connection refused
	... 11 more
2019-10-20 18:19:11,794 [c50ce170-3170-4e03-b167-34e0e02687b2@group-AF4EDA66FDC9-LeaderElection497] INFO  impl.RaftServerImpl (RaftServerImpl.java:setRole(184)) - c50ce170-3170-4e03-b167-34e0e02687b2@group-AF4EDA66FDC9: changes role from CANDIDATE to FOLLOWER at term 9 for DISCOVERED_A_NEW_TERM
2019-10-20 18:19:11,794 [c50ce170-3170-4e03-b167-34e0e02687b2@group-AF4EDA66FDC9-LeaderElection497] INFO  impl.RoleInfo (RoleInfo.java:shutdownLeaderElection(134)) - c50ce170-3170-4e03-b167-34e0e02687b2: shutdown LeaderElection
2019-10-20 18:19:11,794 [c50ce170-3170-4e03-b167-34e0e02687b2@group-AF4EDA66FDC9-LeaderElection497] INFO  impl.RoleInfo (RoleInfo.java:updateAndGet(143)) - c50ce170-3170-4e03-b167-34e0e02687b2: start FollowerState
2019-10-20 18:19:12,483 [Thread-3704] INFO  impl.FollowerState (FollowerState.java:run(108)) - 6ef27e9c-8ddb-4fa1-8c14-ab102acfb1b8@group-F11756C8BA4A-FollowerState: change to CANDIDATE, lastRpcTime:1026ms, electionTimeout:1026ms
2019-10-20 18:19:12,485 [Thread-3704] INFO  impl.RoleInfo (RoleInfo.java:shutdownFollowerState(121)) - 6ef27e9c-8ddb-4fa1-8c14-ab102acfb1b8: shutdown FollowerState
2019-10-20 18:19:12,486 [Thread-3704] INFO  impl.RaftServerImpl (RaftServerImpl.java:setRole(184)) - 6ef27e9c-8ddb-4fa1-8c14-ab102acfb1b8@group-F11756C8BA4A: changes role from  FOLLOWER to CANDIDATE at term 301 for changeToCandidate
2019-10-20 18:19:12,486 [Thread-3704] INFO  impl.RoleInfo (RoleInfo.java:updateAndGet(143)) - 6ef27e9c-8ddb-4fa1-8c14-ab102acfb1b8: start LeaderElection
2019-10-20 18:19:12,516 [6ef27e9c-8ddb-4fa1-8c14-ab102acfb1b8@group-F11756C8BA4A-LeaderElection498] INFO  impl.LeaderElection (LeaderElection.java:askForVotes(178)) - 6ef27e9c-8ddb-4fa1-8c14-ab102acfb1b8@group-F11756C8BA4A-LeaderElection498: begin an election at term 302 for 0: [6ef27e9c-8ddb-4fa1-8c14-ab102acfb1b8:192.168.164.241:38092, b75f8b2e-6273-4c97-b7c5-042674931d23:192.168.164.241:41857, 3750b3a2-715b-46b3-9d0c-9e38136244b9:192.168.164.241:46227], old=null
2019-10-20 18:19:12,519 [6ef27e9c-8ddb-4fa1-8c14-ab102acfb1b8@group-F11756C8BA4A-LeaderElection498] INFO  impl.LeaderElection (LogUtils.java:infoOrTrace(149)) - 6ef27e9c-8ddb-4fa1-8c14-ab102acfb1b8@group-F11756C8BA4A-LeaderElection498 got exception when requesting votes: {}
java.util.concurrent.ExecutionException: org.apache.ratis.thirdparty.io.grpc.StatusRuntimeException: UNAVAILABLE: io exception
	at java.util.concurrent.FutureTask.report(FutureTask.java:122)
	at java.util.concurrent.FutureTask.get(FutureTask.java:192)
	at org.apache.ratis.server.impl.LeaderElection.waitForResults(LeaderElection.java:259)
	at org.apache.ratis.server.impl.LeaderElection.askForVotes(LeaderElection.java:197)
	at org.apache.ratis.server.impl.LeaderElection.run(LeaderElection.java:133)
	at java.lang.Thread.run(Thread.java:748)
Caused by: org.apache.ratis.thirdparty.io.grpc.StatusRuntimeException: UNAVAILABLE: io exception
	at org.apache.ratis.thirdparty.io.grpc.stub.ClientCalls.toStatusRuntimeException(ClientCalls.java:233)
	at org.apache.ratis.thirdparty.io.grpc.stub.ClientCalls.getUnchecked(ClientCalls.java:214)
	at org.apache.ratis.thirdparty.io.grpc.stub.ClientCalls.blockingUnaryCall(ClientCalls.java:139)
	at org.apache.ratis.proto.grpc.RaftServerProtocolServiceGrpc$RaftServerProtocolServiceBlockingStub.requestVote(RaftServerProtocolServiceGrpc.java:265)
	at org.apache.ratis.grpc.server.GrpcServerProtocolClient.requestVote(GrpcServerProtocolClient.java:99)
	at org.apache.ratis.grpc.server.GrpcService.requestVote(GrpcService.java:204)
	at org.apache.ratis.server.impl.LeaderElection.lambda$submitRequests$1(LeaderElection.java:234)
	at java.util.concurrent.FutureTask.run(FutureTask.java:266)
	at java.util.concurrent.Executors$RunnableAdapter.call(Executors.java:511)
	at java.util.concurrent.FutureTask.run(FutureTask.java:266)
	at java.util.concurrent.ThreadPoolExecutor.runWorker(ThreadPoolExecutor.java:1149)
	at java.util.concurrent.ThreadPoolExecutor$Worker.run(ThreadPoolExecutor.java:624)
	... 1 more
Caused by: org.apache.ratis.thirdparty.io.netty.channel.AbstractChannel$AnnotatedConnectException: Connection refused: /192.168.164.241:41857
	at sun.nio.ch.SocketChannelImpl.checkConnect(Native Method)
	at sun.nio.ch.SocketChannelImpl.finishConnect(SocketChannelImpl.java:717)
	at org.apache.ratis.thirdparty.io.netty.channel.socket.nio.NioSocketChannel.doFinishConnect(NioSocketChannel.java:327)
	at org.apache.ratis.thirdparty.io.netty.channel.nio.AbstractNioChannel$AbstractNioUnsafe.finishConnect(AbstractNioChannel.java:340)
	at org.apache.ratis.thirdparty.io.netty.channel.nio.NioEventLoop.processSelectedKey(NioEventLoop.java:632)
	at org.apache.ratis.thirdparty.io.netty.channel.nio.NioEventLoop.processSelectedKeysOptimized(NioEventLoop.java:579)
	at org.apache.ratis.thirdparty.io.netty.channel.nio.NioEventLoop.processSelectedKeys(NioEventLoop.java:496)
	at org.apache.ratis.thirdparty.io.netty.channel.nio.NioEventLoop.run(NioEventLoop.java:458)
	at org.apache.ratis.thirdparty.io.netty.util.concurrent.SingleThreadEventExecutor$5.run(SingleThreadEventExecutor.java:897)
	at org.apache.ratis.thirdparty.io.netty.util.concurrent.FastThreadLocalRunnable.run(FastThreadLocalRunnable.java:30)
	... 1 more
Caused by: java.net.ConnectException: Connection refused
	... 11 more
2019-10-20 18:19:12,520 [6ef27e9c-8ddb-4fa1-8c14-ab102acfb1b8@group-F11756C8BA4A-LeaderElection498] INFO  impl.LeaderElection (LogUtils.java:infoOrTrace(149)) - 6ef27e9c-8ddb-4fa1-8c14-ab102acfb1b8@group-F11756C8BA4A-LeaderElection498 got exception when requesting votes: {}
java.util.concurrent.ExecutionException: org.apache.ratis.thirdparty.io.grpc.StatusRuntimeException: UNAVAILABLE: io exception
	at java.util.concurrent.FutureTask.report(FutureTask.java:122)
	at java.util.concurrent.FutureTask.get(FutureTask.java:192)
	at org.apache.ratis.server.impl.LeaderElection.waitForResults(LeaderElection.java:259)
	at org.apache.ratis.server.impl.LeaderElection.askForVotes(LeaderElection.java:197)
	at org.apache.ratis.server.impl.LeaderElection.run(LeaderElection.java:133)
	at java.lang.Thread.run(Thread.java:748)
Caused by: org.apache.ratis.thirdparty.io.grpc.StatusRuntimeException: UNAVAILABLE: io exception
	at org.apache.ratis.thirdparty.io.grpc.stub.ClientCalls.toStatusRuntimeException(ClientCalls.java:233)
	at org.apache.ratis.thirdparty.io.grpc.stub.ClientCalls.getUnchecked(ClientCalls.java:214)
	at org.apache.ratis.thirdparty.io.grpc.stub.ClientCalls.blockingUnaryCall(ClientCalls.java:139)
	at org.apache.ratis.proto.grpc.RaftServerProtocolServiceGrpc$RaftServerProtocolServiceBlockingStub.requestVote(RaftServerProtocolServiceGrpc.java:265)
	at org.apache.ratis.grpc.server.GrpcServerProtocolClient.requestVote(GrpcServerProtocolClient.java:99)
	at org.apache.ratis.grpc.server.GrpcService.requestVote(GrpcService.java:204)
	at org.apache.ratis.server.impl.LeaderElection.lambda$submitRequests$1(LeaderElection.java:234)
	at java.util.concurrent.FutureTask.run(FutureTask.java:266)
	at java.util.concurrent.Executors$RunnableAdapter.call(Executors.java:511)
	at java.util.concurrent.FutureTask.run(FutureTask.java:266)
	at java.util.concurrent.ThreadPoolExecutor.runWorker(ThreadPoolExecutor.java:1149)
	at java.util.concurrent.ThreadPoolExecutor$Worker.run(ThreadPoolExecutor.java:624)
	... 1 more
Caused by: org.apache.ratis.thirdparty.io.netty.channel.AbstractChannel$AnnotatedConnectException: Connection refused: /192.168.164.241:46227
	at sun.nio.ch.SocketChannelImpl.checkConnect(Native Method)
	at sun.nio.ch.SocketChannelImpl.finishConnect(SocketChannelImpl.java:717)
	at org.apache.ratis.thirdparty.io.netty.channel.socket.nio.NioSocketChannel.doFinishConnect(NioSocketChannel.java:327)
	at org.apache.ratis.thirdparty.io.netty.channel.nio.AbstractNioChannel$AbstractNioUnsafe.finishConnect(AbstractNioChannel.java:340)
	at org.apache.ratis.thirdparty.io.netty.channel.nio.NioEventLoop.processSelectedKey(NioEventLoop.java:632)
	at org.apache.ratis.thirdparty.io.netty.channel.nio.NioEventLoop.processSelectedKeysOptimized(NioEventLoop.java:579)
	at org.apache.ratis.thirdparty.io.netty.channel.nio.NioEventLoop.processSelectedKeys(NioEventLoop.java:496)
	at org.apache.ratis.thirdparty.io.netty.channel.nio.NioEventLoop.run(NioEventLoop.java:458)
	at org.apache.ratis.thirdparty.io.netty.util.concurrent.SingleThreadEventExecutor$5.run(SingleThreadEventExecutor.java:897)
	at org.apache.ratis.thirdparty.io.netty.util.concurrent.FastThreadLocalRunnable.run(FastThreadLocalRunnable.java:30)
	... 1 more
Caused by: java.net.ConnectException: Connection refused
	... 11 more
2019-10-20 18:19:12,521 [6ef27e9c-8ddb-4fa1-8c14-ab102acfb1b8@group-F11756C8BA4A-LeaderElection498] INFO  impl.LeaderElection (LeaderElection.java:logAndReturn(56)) - 6ef27e9c-8ddb-4fa1-8c14-ab102acfb1b8@group-F11756C8BA4A-LeaderElection498: Election REJECTED; received 0 response(s) [] and 2 exception(s); 6ef27e9c-8ddb-4fa1-8c14-ab102acfb1b8@group-F11756C8BA4A:t302, leader=null, voted=6ef27e9c-8ddb-4fa1-8c14-ab102acfb1b8, raftlog=6ef27e9c-8ddb-4fa1-8c14-ab102acfb1b8@group-F11756C8BA4A-SegmentedRaftLog:OPENED:c-1,f0,i0, conf=0: [6ef27e9c-8ddb-4fa1-8c14-ab102acfb1b8:192.168.164.241:38092, b75f8b2e-6273-4c97-b7c5-042674931d23:192.168.164.241:41857, 3750b3a2-715b-46b3-9d0c-9e38136244b9:192.168.164.241:46227], old=null
2019-10-20 18:19:12,521 [6ef27e9c-8ddb-4fa1-8c14-ab102acfb1b8@group-F11756C8BA4A-LeaderElection498] INFO  impl.LeaderElection (LogUtils.java:infoOrTrace(149)) -   Exception 0: {}
java.util.concurrent.ExecutionException: org.apache.ratis.thirdparty.io.grpc.StatusRuntimeException: UNAVAILABLE: io exception
	at java.util.concurrent.FutureTask.report(FutureTask.java:122)
	at java.util.concurrent.FutureTask.get(FutureTask.java:192)
	at org.apache.ratis.server.impl.LeaderElection.waitForResults(LeaderElection.java:259)
	at org.apache.ratis.server.impl.LeaderElection.askForVotes(LeaderElection.java:197)
	at org.apache.ratis.server.impl.LeaderElection.run(LeaderElection.java:133)
	at java.lang.Thread.run(Thread.java:748)
Caused by: org.apache.ratis.thirdparty.io.grpc.StatusRuntimeException: UNAVAILABLE: io exception
	at org.apache.ratis.thirdparty.io.grpc.stub.ClientCalls.toStatusRuntimeException(ClientCalls.java:233)
	at org.apache.ratis.thirdparty.io.grpc.stub.ClientCalls.getUnchecked(ClientCalls.java:214)
	at org.apache.ratis.thirdparty.io.grpc.stub.ClientCalls.blockingUnaryCall(ClientCalls.java:139)
	at org.apache.ratis.proto.grpc.RaftServerProtocolServiceGrpc$RaftServerProtocolServiceBlockingStub.requestVote(RaftServerProtocolServiceGrpc.java:265)
	at org.apache.ratis.grpc.server.GrpcServerProtocolClient.requestVote(GrpcServerProtocolClient.java:99)
	at org.apache.ratis.grpc.server.GrpcService.requestVote(GrpcService.java:204)
	at org.apache.ratis.server.impl.LeaderElection.lambda$submitRequests$1(LeaderElection.java:234)
	at java.util.concurrent.FutureTask.run(FutureTask.java:266)
	at java.util.concurrent.Executors$RunnableAdapter.call(Executors.java:511)
	at java.util.concurrent.FutureTask.run(FutureTask.java:266)
	at java.util.concurrent.ThreadPoolExecutor.runWorker(ThreadPoolExecutor.java:1149)
	at java.util.concurrent.ThreadPoolExecutor$Worker.run(ThreadPoolExecutor.java:624)
	... 1 more
Caused by: org.apache.ratis.thirdparty.io.netty.channel.AbstractChannel$AnnotatedConnectException: Connection refused: /192.168.164.241:41857
	at sun.nio.ch.SocketChannelImpl.checkConnect(Native Method)
	at sun.nio.ch.SocketChannelImpl.finishConnect(SocketChannelImpl.java:717)
	at org.apache.ratis.thirdparty.io.netty.channel.socket.nio.NioSocketChannel.doFinishConnect(NioSocketChannel.java:327)
	at org.apache.ratis.thirdparty.io.netty.channel.nio.AbstractNioChannel$AbstractNioUnsafe.finishConnect(AbstractNioChannel.java:340)
	at org.apache.ratis.thirdparty.io.netty.channel.nio.NioEventLoop.processSelectedKey(NioEventLoop.java:632)
	at org.apache.ratis.thirdparty.io.netty.channel.nio.NioEventLoop.processSelectedKeysOptimized(NioEventLoop.java:579)
	at org.apache.ratis.thirdparty.io.netty.channel.nio.NioEventLoop.processSelectedKeys(NioEventLoop.java:496)
	at org.apache.ratis.thirdparty.io.netty.channel.nio.NioEventLoop.run(NioEventLoop.java:458)
	at org.apache.ratis.thirdparty.io.netty.util.concurrent.SingleThreadEventExecutor$5.run(SingleThreadEventExecutor.java:897)
	at org.apache.ratis.thirdparty.io.netty.util.concurrent.FastThreadLocalRunnable.run(FastThreadLocalRunnable.java:30)
	... 1 more
Caused by: java.net.ConnectException: Connection refused
	... 11 more
2019-10-20 18:19:12,521 [6ef27e9c-8ddb-4fa1-8c14-ab102acfb1b8@group-F11756C8BA4A-LeaderElection498] INFO  impl.LeaderElection (LogUtils.java:infoOrTrace(149)) -   Exception 1: {}
java.util.concurrent.ExecutionException: org.apache.ratis.thirdparty.io.grpc.StatusRuntimeException: UNAVAILABLE: io exception
	at java.util.concurrent.FutureTask.report(FutureTask.java:122)
	at java.util.concurrent.FutureTask.get(FutureTask.java:192)
	at org.apache.ratis.server.impl.LeaderElection.waitForResults(LeaderElection.java:259)
	at org.apache.ratis.server.impl.LeaderElection.askForVotes(LeaderElection.java:197)
	at org.apache.ratis.server.impl.LeaderElection.run(LeaderElection.java:133)
	at java.lang.Thread.run(Thread.java:748)
Caused by: org.apache.ratis.thirdparty.io.grpc.StatusRuntimeException: UNAVAILABLE: io exception
	at org.apache.ratis.thirdparty.io.grpc.stub.ClientCalls.toStatusRuntimeException(ClientCalls.java:233)
	at org.apache.ratis.thirdparty.io.grpc.stub.ClientCalls.getUnchecked(ClientCalls.java:214)
	at org.apache.ratis.thirdparty.io.grpc.stub.ClientCalls.blockingUnaryCall(ClientCalls.java:139)
	at org.apache.ratis.proto.grpc.RaftServerProtocolServiceGrpc$RaftServerProtocolServiceBlockingStub.requestVote(RaftServerProtocolServiceGrpc.java:265)
	at org.apache.ratis.grpc.server.GrpcServerProtocolClient.requestVote(GrpcServerProtocolClient.java:99)
	at org.apache.ratis.grpc.server.GrpcService.requestVote(GrpcService.java:204)
	at org.apache.ratis.server.impl.LeaderElection.lambda$submitRequests$1(LeaderElection.java:234)
	at java.util.concurrent.FutureTask.run(FutureTask.java:266)
	at java.util.concurrent.Executors$RunnableAdapter.call(Executors.java:511)
	at java.util.concurrent.FutureTask.run(FutureTask.java:266)
	at java.util.concurrent.ThreadPoolExecutor.runWorker(ThreadPoolExecutor.java:1149)
	at java.util.concurrent.ThreadPoolExecutor$Worker.run(ThreadPoolExecutor.java:624)
	... 1 more
Caused by: org.apache.ratis.thirdparty.io.netty.channel.AbstractChannel$AnnotatedConnectException: Connection refused: /192.168.164.241:46227
	at sun.nio.ch.SocketChannelImpl.checkConnect(Native Method)
	at sun.nio.ch.SocketChannelImpl.finishConnect(SocketChannelImpl.java:717)
	at org.apache.ratis.thirdparty.io.netty.channel.socket.nio.NioSocketChannel.doFinishConnect(NioSocketChannel.java:327)
	at org.apache.ratis.thirdparty.io.netty.channel.nio.AbstractNioChannel$AbstractNioUnsafe.finishConnect(AbstractNioChannel.java:340)
	at org.apache.ratis.thirdparty.io.netty.channel.nio.NioEventLoop.processSelectedKey(NioEventLoop.java:632)
	at org.apache.ratis.thirdparty.io.netty.channel.nio.NioEventLoop.processSelectedKeysOptimized(NioEventLoop.java:579)
	at org.apache.ratis.thirdparty.io.netty.channel.nio.NioEventLoop.processSelectedKeys(NioEventLoop.java:496)
	at org.apache.ratis.thirdparty.io.netty.channel.nio.NioEventLoop.run(NioEventLoop.java:458)
	at org.apache.ratis.thirdparty.io.netty.util.concurrent.SingleThreadEventExecutor$5.run(SingleThreadEventExecutor.java:897)
	at org.apache.ratis.thirdparty.io.netty.util.concurrent.FastThreadLocalRunnable.run(FastThreadLocalRunnable.java:30)
	... 1 more
Caused by: java.net.ConnectException: Connection refused
	... 11 more
2019-10-20 18:19:12,521 [6ef27e9c-8ddb-4fa1-8c14-ab102acfb1b8@group-F11756C8BA4A-LeaderElection498] INFO  impl.RaftServerImpl (RaftServerImpl.java:setRole(184)) - 6ef27e9c-8ddb-4fa1-8c14-ab102acfb1b8@group-F11756C8BA4A: changes role from CANDIDATE to FOLLOWER at term 302 for DISCOVERED_A_NEW_TERM
2019-10-20 18:19:12,523 [6ef27e9c-8ddb-4fa1-8c14-ab102acfb1b8@group-F11756C8BA4A-LeaderElection498] INFO  impl.RoleInfo (RoleInfo.java:shutdownLeaderElection(134)) - 6ef27e9c-8ddb-4fa1-8c14-ab102acfb1b8: shutdown LeaderElection
2019-10-20 18:19:12,523 [6ef27e9c-8ddb-4fa1-8c14-ab102acfb1b8@group-F11756C8BA4A-LeaderElection498] INFO  impl.RoleInfo (RoleInfo.java:updateAndGet(143)) - 6ef27e9c-8ddb-4fa1-8c14-ab102acfb1b8: start FollowerState
2019-10-20 18:19:12,950 [Thread-3708] INFO  impl.FollowerState (FollowerState.java:run(108)) - c50ce170-3170-4e03-b167-34e0e02687b2@group-AF4EDA66FDC9-FollowerState: change to CANDIDATE, lastRpcTime:1155ms, electionTimeout:1155ms
2019-10-20 18:19:12,950 [Thread-3708] INFO  impl.RoleInfo (RoleInfo.java:shutdownFollowerState(121)) - c50ce170-3170-4e03-b167-34e0e02687b2: shutdown FollowerState
2019-10-20 18:19:12,950 [Thread-3708] INFO  impl.RaftServerImpl (RaftServerImpl.java:setRole(184)) - c50ce170-3170-4e03-b167-34e0e02687b2@group-AF4EDA66FDC9: changes role from  FOLLOWER to CANDIDATE at term 9 for changeToCandidate
2019-10-20 18:19:12,950 [Thread-3708] INFO  impl.RoleInfo (RoleInfo.java:updateAndGet(143)) - c50ce170-3170-4e03-b167-34e0e02687b2: start LeaderElection
2019-10-20 18:19:12,980 [c50ce170-3170-4e03-b167-34e0e02687b2@group-AF4EDA66FDC9-LeaderElection499] INFO  impl.LeaderElection (LeaderElection.java:askForVotes(178)) - c50ce170-3170-4e03-b167-34e0e02687b2@group-AF4EDA66FDC9-LeaderElection499: begin an election at term 10 for 21: [a6e136fe-e391-4364-8a60-53801fc9277d:192.168.164.241:40755, eb28ec45-9b2b-44d6-ae7e-a31feda643bc:192.168.164.241:42571, c50ce170-3170-4e03-b167-34e0e02687b2:192.168.164.241:37695], old=null
2019-10-20 18:19:12,981 [c50ce170-3170-4e03-b167-34e0e02687b2@group-AF4EDA66FDC9-LeaderElection499] INFO  impl.LeaderElection (LogUtils.java:infoOrTrace(149)) - c50ce170-3170-4e03-b167-34e0e02687b2@group-AF4EDA66FDC9-LeaderElection499 got exception when requesting votes: {}
java.util.concurrent.ExecutionException: org.apache.ratis.thirdparty.io.grpc.StatusRuntimeException: UNAVAILABLE: io exception
	at java.util.concurrent.FutureTask.report(FutureTask.java:122)
	at java.util.concurrent.FutureTask.get(FutureTask.java:192)
	at org.apache.ratis.server.impl.LeaderElection.waitForResults(LeaderElection.java:259)
	at org.apache.ratis.server.impl.LeaderElection.askForVotes(LeaderElection.java:197)
	at org.apache.ratis.server.impl.LeaderElection.run(LeaderElection.java:133)
	at java.lang.Thread.run(Thread.java:748)
Caused by: org.apache.ratis.thirdparty.io.grpc.StatusRuntimeException: UNAVAILABLE: io exception
	at org.apache.ratis.thirdparty.io.grpc.stub.ClientCalls.toStatusRuntimeException(ClientCalls.java:233)
	at org.apache.ratis.thirdparty.io.grpc.stub.ClientCalls.getUnchecked(ClientCalls.java:214)
	at org.apache.ratis.thirdparty.io.grpc.stub.ClientCalls.blockingUnaryCall(ClientCalls.java:139)
	at org.apache.ratis.proto.grpc.RaftServerProtocolServiceGrpc$RaftServerProtocolServiceBlockingStub.requestVote(RaftServerProtocolServiceGrpc.java:265)
	at org.apache.ratis.grpc.server.GrpcServerProtocolClient.requestVote(GrpcServerProtocolClient.java:99)
	at org.apache.ratis.grpc.server.GrpcService.requestVote(GrpcService.java:204)
	at org.apache.ratis.server.impl.LeaderElection.lambda$submitRequests$1(LeaderElection.java:234)
	at java.util.concurrent.FutureTask.run(FutureTask.java:266)
	at java.util.concurrent.Executors$RunnableAdapter.call(Executors.java:511)
	at java.util.concurrent.FutureTask.run(FutureTask.java:266)
	at java.util.concurrent.ThreadPoolExecutor.runWorker(ThreadPoolExecutor.java:1149)
	at java.util.concurrent.ThreadPoolExecutor$Worker.run(ThreadPoolExecutor.java:624)
	... 1 more
Caused by: org.apache.ratis.thirdparty.io.netty.channel.AbstractChannel$AnnotatedConnectException: Connection refused: /192.168.164.241:40755
	at sun.nio.ch.SocketChannelImpl.checkConnect(Native Method)
	at sun.nio.ch.SocketChannelImpl.finishConnect(SocketChannelImpl.java:717)
	at org.apache.ratis.thirdparty.io.netty.channel.socket.nio.NioSocketChannel.doFinishConnect(NioSocketChannel.java:327)
	at org.apache.ratis.thirdparty.io.netty.channel.nio.AbstractNioChannel$AbstractNioUnsafe.finishConnect(AbstractNioChannel.java:340)
	at org.apache.ratis.thirdparty.io.netty.channel.nio.NioEventLoop.processSelectedKey(NioEventLoop.java:632)
	at org.apache.ratis.thirdparty.io.netty.channel.nio.NioEventLoop.processSelectedKeysOptimized(NioEventLoop.java:579)
	at org.apache.ratis.thirdparty.io.netty.channel.nio.NioEventLoop.processSelectedKeys(NioEventLoop.java:496)
	at org.apache.ratis.thirdparty.io.netty.channel.nio.NioEventLoop.run(NioEventLoop.java:458)
	at org.apache.ratis.thirdparty.io.netty.util.concurrent.SingleThreadEventExecutor$5.run(SingleThreadEventExecutor.java:897)
	at org.apache.ratis.thirdparty.io.netty.util.concurrent.FastThreadLocalRunnable.run(FastThreadLocalRunnable.java:30)
	... 1 more
Caused by: java.net.ConnectException: Connection refused
	... 11 more
2019-10-20 18:19:12,982 [c50ce170-3170-4e03-b167-34e0e02687b2@group-AF4EDA66FDC9-LeaderElection499] INFO  impl.LeaderElection (LogUtils.java:infoOrTrace(149)) - c50ce170-3170-4e03-b167-34e0e02687b2@group-AF4EDA66FDC9-LeaderElection499 got exception when requesting votes: {}
java.util.concurrent.ExecutionException: org.apache.ratis.thirdparty.io.grpc.StatusRuntimeException: UNAVAILABLE: io exception
	at java.util.concurrent.FutureTask.report(FutureTask.java:122)
	at java.util.concurrent.FutureTask.get(FutureTask.java:192)
	at org.apache.ratis.server.impl.LeaderElection.waitForResults(LeaderElection.java:259)
	at org.apache.ratis.server.impl.LeaderElection.askForVotes(LeaderElection.java:197)
	at org.apache.ratis.server.impl.LeaderElection.run(LeaderElection.java:133)
	at java.lang.Thread.run(Thread.java:748)
Caused by: org.apache.ratis.thirdparty.io.grpc.StatusRuntimeException: UNAVAILABLE: io exception
	at org.apache.ratis.thirdparty.io.grpc.stub.ClientCalls.toStatusRuntimeException(ClientCalls.java:233)
	at org.apache.ratis.thirdparty.io.grpc.stub.ClientCalls.getUnchecked(ClientCalls.java:214)
	at org.apache.ratis.thirdparty.io.grpc.stub.ClientCalls.blockingUnaryCall(ClientCalls.java:139)
	at org.apache.ratis.proto.grpc.RaftServerProtocolServiceGrpc$RaftServerProtocolServiceBlockingStub.requestVote(RaftServerProtocolServiceGrpc.java:265)
	at org.apache.ratis.grpc.server.GrpcServerProtocolClient.requestVote(GrpcServerProtocolClient.java:99)
	at org.apache.ratis.grpc.server.GrpcService.requestVote(GrpcService.java:204)
	at org.apache.ratis.server.impl.LeaderElection.lambda$submitRequests$1(LeaderElection.java:234)
	at java.util.concurrent.FutureTask.run(FutureTask.java:266)
	at java.util.concurrent.Executors$RunnableAdapter.call(Executors.java:511)
	at java.util.concurrent.FutureTask.run(FutureTask.java:266)
	at java.util.concurrent.ThreadPoolExecutor.runWorker(ThreadPoolExecutor.java:1149)
	at java.util.concurrent.ThreadPoolExecutor$Worker.run(ThreadPoolExecutor.java:624)
	... 1 more
Caused by: org.apache.ratis.thirdparty.io.netty.channel.AbstractChannel$AnnotatedConnectException: Connection refused: /192.168.164.241:42571
	at sun.nio.ch.SocketChannelImpl.checkConnect(Native Method)
	at sun.nio.ch.SocketChannelImpl.finishConnect(SocketChannelImpl.java:717)
	at org.apache.ratis.thirdparty.io.netty.channel.socket.nio.NioSocketChannel.doFinishConnect(NioSocketChannel.java:327)
	at org.apache.ratis.thirdparty.io.netty.channel.nio.AbstractNioChannel$AbstractNioUnsafe.finishConnect(AbstractNioChannel.java:340)
	at org.apache.ratis.thirdparty.io.netty.channel.nio.NioEventLoop.processSelectedKey(NioEventLoop.java:632)
	at org.apache.ratis.thirdparty.io.netty.channel.nio.NioEventLoop.processSelectedKeysOptimized(NioEventLoop.java:579)
	at org.apache.ratis.thirdparty.io.netty.channel.nio.NioEventLoop.processSelectedKeys(NioEventLoop.java:496)
	at org.apache.ratis.thirdparty.io.netty.channel.nio.NioEventLoop.run(NioEventLoop.java:458)
	at org.apache.ratis.thirdparty.io.netty.util.concurrent.SingleThreadEventExecutor$5.run(SingleThreadEventExecutor.java:897)
	at org.apache.ratis.thirdparty.io.netty.util.concurrent.FastThreadLocalRunnable.run(FastThreadLocalRunnable.java:30)
	... 1 more
Caused by: java.net.ConnectException: Connection refused
	... 11 more
2019-10-20 18:19:12,983 [c50ce170-3170-4e03-b167-34e0e02687b2@group-AF4EDA66FDC9-LeaderElection499] INFO  impl.LeaderElection (LeaderElection.java:logAndReturn(56)) - c50ce170-3170-4e03-b167-34e0e02687b2@group-AF4EDA66FDC9-LeaderElection499: Election REJECTED; received 0 response(s) [] and 2 exception(s); c50ce170-3170-4e03-b167-34e0e02687b2@group-AF4EDA66FDC9:t10, leader=null, voted=c50ce170-3170-4e03-b167-34e0e02687b2, raftlog=c50ce170-3170-4e03-b167-34e0e02687b2@group-AF4EDA66FDC9-SegmentedRaftLog:OPENED:c22,f22,i22, conf=21: [a6e136fe-e391-4364-8a60-53801fc9277d:192.168.164.241:40755, eb28ec45-9b2b-44d6-ae7e-a31feda643bc:192.168.164.241:42571, c50ce170-3170-4e03-b167-34e0e02687b2:192.168.164.241:37695], old=null
2019-10-20 18:19:12,983 [c50ce170-3170-4e03-b167-34e0e02687b2@group-AF4EDA66FDC9-LeaderElection499] INFO  impl.LeaderElection (LogUtils.java:infoOrTrace(149)) -   Exception 0: {}
java.util.concurrent.ExecutionException: org.apache.ratis.thirdparty.io.grpc.StatusRuntimeException: UNAVAILABLE: io exception
	at java.util.concurrent.FutureTask.report(FutureTask.java:122)
	at java.util.concurrent.FutureTask.get(FutureTask.java:192)
	at org.apache.ratis.server.impl.LeaderElection.waitForResults(LeaderElection.java:259)
	at org.apache.ratis.server.impl.LeaderElection.askForVotes(LeaderElection.java:197)
	at org.apache.ratis.server.impl.LeaderElection.run(LeaderElection.java:133)
	at java.lang.Thread.run(Thread.java:748)
Caused by: org.apache.ratis.thirdparty.io.grpc.StatusRuntimeException: UNAVAILABLE: io exception
	at org.apache.ratis.thirdparty.io.grpc.stub.ClientCalls.toStatusRuntimeException(ClientCalls.java:233)
	at org.apache.ratis.thirdparty.io.grpc.stub.ClientCalls.getUnchecked(ClientCalls.java:214)
	at org.apache.ratis.thirdparty.io.grpc.stub.ClientCalls.blockingUnaryCall(ClientCalls.java:139)
	at org.apache.ratis.proto.grpc.RaftServerProtocolServiceGrpc$RaftServerProtocolServiceBlockingStub.requestVote(RaftServerProtocolServiceGrpc.java:265)
	at org.apache.ratis.grpc.server.GrpcServerProtocolClient.requestVote(GrpcServerProtocolClient.java:99)
	at org.apache.ratis.grpc.server.GrpcService.requestVote(GrpcService.java:204)
	at org.apache.ratis.server.impl.LeaderElection.lambda$submitRequests$1(LeaderElection.java:234)
	at java.util.concurrent.FutureTask.run(FutureTask.java:266)
	at java.util.concurrent.Executors$RunnableAdapter.call(Executors.java:511)
	at java.util.concurrent.FutureTask.run(FutureTask.java:266)
	at java.util.concurrent.ThreadPoolExecutor.runWorker(ThreadPoolExecutor.java:1149)
	at java.util.concurrent.ThreadPoolExecutor$Worker.run(ThreadPoolExecutor.java:624)
	... 1 more
Caused by: org.apache.ratis.thirdparty.io.netty.channel.AbstractChannel$AnnotatedConnectException: Connection refused: /192.168.164.241:40755
	at sun.nio.ch.SocketChannelImpl.checkConnect(Native Method)
	at sun.nio.ch.SocketChannelImpl.finishConnect(SocketChannelImpl.java:717)
	at org.apache.ratis.thirdparty.io.netty.channel.socket.nio.NioSocketChannel.doFinishConnect(NioSocketChannel.java:327)
	at org.apache.ratis.thirdparty.io.netty.channel.nio.AbstractNioChannel$AbstractNioUnsafe.finishConnect(AbstractNioChannel.java:340)
	at org.apache.ratis.thirdparty.io.netty.channel.nio.NioEventLoop.processSelectedKey(NioEventLoop.java:632)
	at org.apache.ratis.thirdparty.io.netty.channel.nio.NioEventLoop.processSelectedKeysOptimized(NioEventLoop.java:579)
	at org.apache.ratis.thirdparty.io.netty.channel.nio.NioEventLoop.processSelectedKeys(NioEventLoop.java:496)
	at org.apache.ratis.thirdparty.io.netty.channel.nio.NioEventLoop.run(NioEventLoop.java:458)
	at org.apache.ratis.thirdparty.io.netty.util.concurrent.SingleThreadEventExecutor$5.run(SingleThreadEventExecutor.java:897)
	at org.apache.ratis.thirdparty.io.netty.util.concurrent.FastThreadLocalRunnable.run(FastThreadLocalRunnable.java:30)
	... 1 more
Caused by: java.net.ConnectException: Connection refused
	... 11 more
2019-10-20 18:19:12,983 [c50ce170-3170-4e03-b167-34e0e02687b2@group-AF4EDA66FDC9-LeaderElection499] INFO  impl.LeaderElection (LogUtils.java:infoOrTrace(149)) -   Exception 1: {}
java.util.concurrent.ExecutionException: org.apache.ratis.thirdparty.io.grpc.StatusRuntimeException: UNAVAILABLE: io exception
	at java.util.concurrent.FutureTask.report(FutureTask.java:122)
	at java.util.concurrent.FutureTask.get(FutureTask.java:192)
	at org.apache.ratis.server.impl.LeaderElection.waitForResults(LeaderElection.java:259)
	at org.apache.ratis.server.impl.LeaderElection.askForVotes(LeaderElection.java:197)
	at org.apache.ratis.server.impl.LeaderElection.run(LeaderElection.java:133)
	at java.lang.Thread.run(Thread.java:748)
Caused by: org.apache.ratis.thirdparty.io.grpc.StatusRuntimeException: UNAVAILABLE: io exception
	at org.apache.ratis.thirdparty.io.grpc.stub.ClientCalls.toStatusRuntimeException(ClientCalls.java:233)
	at org.apache.ratis.thirdparty.io.grpc.stub.ClientCalls.getUnchecked(ClientCalls.java:214)
	at org.apache.ratis.thirdparty.io.grpc.stub.ClientCalls.blockingUnaryCall(ClientCalls.java:139)
	at org.apache.ratis.proto.grpc.RaftServerProtocolServiceGrpc$RaftServerProtocolServiceBlockingStub.requestVote(RaftServerProtocolServiceGrpc.java:265)
	at org.apache.ratis.grpc.server.GrpcServerProtocolClient.requestVote(GrpcServerProtocolClient.java:99)
	at org.apache.ratis.grpc.server.GrpcService.requestVote(GrpcService.java:204)
	at org.apache.ratis.server.impl.LeaderElection.lambda$submitRequests$1(LeaderElection.java:234)
	at java.util.concurrent.FutureTask.run(FutureTask.java:266)
	at java.util.concurrent.Executors$RunnableAdapter.call(Executors.java:511)
	at java.util.concurrent.FutureTask.run(FutureTask.java:266)
	at java.util.concurrent.ThreadPoolExecutor.runWorker(ThreadPoolExecutor.java:1149)
	at java.util.concurrent.ThreadPoolExecutor$Worker.run(ThreadPoolExecutor.java:624)
	... 1 more
Caused by: org.apache.ratis.thirdparty.io.netty.channel.AbstractChannel$AnnotatedConnectException: Connection refused: /192.168.164.241:42571
	at sun.nio.ch.SocketChannelImpl.checkConnect(Native Method)
	at sun.nio.ch.SocketChannelImpl.finishConnect(SocketChannelImpl.java:717)
	at org.apache.ratis.thirdparty.io.netty.channel.socket.nio.NioSocketChannel.doFinishConnect(NioSocketChannel.java:327)
	at org.apache.ratis.thirdparty.io.netty.channel.nio.AbstractNioChannel$AbstractNioUnsafe.finishConnect(AbstractNioChannel.java:340)
	at org.apache.ratis.thirdparty.io.netty.channel.nio.NioEventLoop.processSelectedKey(NioEventLoop.java:632)
	at org.apache.ratis.thirdparty.io.netty.channel.nio.NioEventLoop.processSelectedKeysOptimized(NioEventLoop.java:579)
	at org.apache.ratis.thirdparty.io.netty.channel.nio.NioEventLoop.processSelectedKeys(NioEventLoop.java:496)
	at org.apache.ratis.thirdparty.io.netty.channel.nio.NioEventLoop.run(NioEventLoop.java:458)
	at org.apache.ratis.thirdparty.io.netty.util.concurrent.SingleThreadEventExecutor$5.run(SingleThreadEventExecutor.java:897)
	at org.apache.ratis.thirdparty.io.netty.util.concurrent.FastThreadLocalRunnable.run(FastThreadLocalRunnable.java:30)
	... 1 more
Caused by: java.net.ConnectException: Connection refused
	... 11 more
2019-10-20 18:19:12,984 [c50ce170-3170-4e03-b167-34e0e02687b2@group-AF4EDA66FDC9-LeaderElection499] INFO  impl.RaftServerImpl (RaftServerImpl.java:setRole(184)) - c50ce170-3170-4e03-b167-34e0e02687b2@group-AF4EDA66FDC9: changes role from CANDIDATE to FOLLOWER at term 10 for DISCOVERED_A_NEW_TERM
2019-10-20 18:19:12,984 [c50ce170-3170-4e03-b167-34e0e02687b2@group-AF4EDA66FDC9-LeaderElection499] INFO  impl.RoleInfo (RoleInfo.java:shutdownLeaderElection(134)) - c50ce170-3170-4e03-b167-34e0e02687b2: shutdown LeaderElection
2019-10-20 18:19:12,984 [c50ce170-3170-4e03-b167-34e0e02687b2@group-AF4EDA66FDC9-LeaderElection499] INFO  impl.RoleInfo (RoleInfo.java:updateAndGet(143)) - c50ce170-3170-4e03-b167-34e0e02687b2: start FollowerState
2019-10-20 18:19:13,112 [ForkJoinPool.commonPool-worker-0] INFO  ozoneimpl.OzoneContainer (OzoneContainer.java:stop(227)) - Attempting to stop container services.
2019-10-20 18:19:13,113 [ForkJoinPool.commonPool-worker-0] INFO  impl.RaftServerProxy (RaftServerProxy.java:lambda$close$4(314)) - c50ce170-3170-4e03-b167-34e0e02687b2: close
2019-10-20 18:19:13,114 [ForkJoinPool.commonPool-worker-0] INFO  impl.RaftServerImpl (RaftServerImpl.java:lambda$shutdown$3(261)) - c50ce170-3170-4e03-b167-34e0e02687b2@group-AF4EDA66FDC9: shutdown
2019-10-20 18:19:13,114 [ForkJoinPool.commonPool-worker-0] INFO  util.JmxRegister (JmxRegister.java:unregister(73)) - Successfully un-registered JMX Bean with object name Ratis:service=RaftServer,group=group-AF4EDA66FDC9,id=c50ce170-3170-4e03-b167-34e0e02687b2
2019-10-20 18:19:13,115 [ForkJoinPool.commonPool-worker-0] INFO  impl.RoleInfo (RoleInfo.java:shutdownFollowerState(121)) - c50ce170-3170-4e03-b167-34e0e02687b2: shutdown FollowerState
2019-10-20 18:19:13,115 [ForkJoinPool.commonPool-worker-0] INFO  impl.StateMachineUpdater (StateMachineUpdater.java:stopAndJoin(136)) - c50ce170-3170-4e03-b167-34e0e02687b2@group-AF4EDA66FDC9-StateMachineUpdater: set stopIndex = 22
2019-10-20 18:19:13,115 [Thread-3716] INFO  impl.FollowerState (FollowerState.java:run(117)) - c50ce170-3170-4e03-b167-34e0e02687b2@group-AF4EDA66FDC9-FollowerState was interrupted: java.lang.InterruptedException: sleep interrupted
2019-10-20 18:19:13,115 [c50ce170-3170-4e03-b167-34e0e02687b2@group-AF4EDA66FDC9-StateMachineUpdater] INFO  ratis.ContainerStateMachine (ContainerStateMachine.java:takeSnapshot(294)) - group-AF4EDA66FDC9: Taking a snapshot at:(t:1, i:18) file /workdir/hadoop-ozone/integration-test/target/test-dir/MiniOzoneClusterImpl-3ef3c7a0-fafa-4375-a23c-18b63a3f56e7/datanode-1/data/ratis/ffef2051-cdca-432c-9792-af4eda66fdc9/sm/snapshot.1_18
2019-10-20 18:19:13,132 [c50ce170-3170-4e03-b167-34e0e02687b2@group-AF4EDA66FDC9-StateMachineUpdater] INFO  ratis.ContainerStateMachine (ContainerStateMachine.java:takeSnapshot(305)) - group-AF4EDA66FDC9: Finished taking a snapshot at:(t:1, i:18) file:/workdir/hadoop-ozone/integration-test/target/test-dir/MiniOzoneClusterImpl-3ef3c7a0-fafa-4375-a23c-18b63a3f56e7/datanode-1/data/ratis/ffef2051-cdca-432c-9792-af4eda66fdc9/sm/snapshot.1_18 time:17
2019-10-20 18:19:13,133 [c50ce170-3170-4e03-b167-34e0e02687b2@group-AF4EDA66FDC9-StateMachineUpdater] INFO  impl.StateMachineUpdater (StateMachineUpdater.java:takeSnapshot(269)) - c50ce170-3170-4e03-b167-34e0e02687b2@group-AF4EDA66FDC9-StateMachineUpdater: Took a snapshot at index 18
2019-10-20 18:19:13,133 [c50ce170-3170-4e03-b167-34e0e02687b2@group-AF4EDA66FDC9-StateMachineUpdater] INFO  impl.StateMachineUpdater (StateMachineUpdater.java:lambda$new$0(84)) - c50ce170-3170-4e03-b167-34e0e02687b2@group-AF4EDA66FDC9-StateMachineUpdater: snapshotIndex: updateIncreasingly -1 -> 18
2019-10-20 18:19:13,134 [c50ce170-3170-4e03-b167-34e0e02687b2@group-AF4EDA66FDC9-StateMachineUpdater] INFO  ratis.ContainerStateMachine (ContainerStateMachine.java:takeSnapshot(294)) - group-AF4EDA66FDC9: Taking a snapshot at:(t:1, i:18) file /workdir/hadoop-ozone/integration-test/target/test-dir/MiniOzoneClusterImpl-3ef3c7a0-fafa-4375-a23c-18b63a3f56e7/datanode-1/data/ratis/ffef2051-cdca-432c-9792-af4eda66fdc9/sm/snapshot.1_18
2019-10-20 18:19:13,157 [c50ce170-3170-4e03-b167-34e0e02687b2@group-AF4EDA66FDC9-StateMachineUpdater] INFO  ratis.ContainerStateMachine (ContainerStateMachine.java:takeSnapshot(305)) - group-AF4EDA66FDC9: Finished taking a snapshot at:(t:1, i:18) file:/workdir/hadoop-ozone/integration-test/target/test-dir/MiniOzoneClusterImpl-3ef3c7a0-fafa-4375-a23c-18b63a3f56e7/datanode-1/data/ratis/ffef2051-cdca-432c-9792-af4eda66fdc9/sm/snapshot.1_18 time:24
2019-10-20 18:19:13,158 [c50ce170-3170-4e03-b167-34e0e02687b2@group-AF4EDA66FDC9-StateMachineUpdater] INFO  impl.StateMachineUpdater (StateMachineUpdater.java:takeSnapshot(269)) - c50ce170-3170-4e03-b167-34e0e02687b2@group-AF4EDA66FDC9-StateMachineUpdater: Took a snapshot at index 18
2019-10-20 18:19:13,158 [c50ce170-3170-4e03-b167-34e0e02687b2@group-AF4EDA66FDC9-StateMachineUpdater] INFO  impl.StateMachineUpdater (StateMachineUpdater.java:lambda$new$0(84)) - c50ce170-3170-4e03-b167-34e0e02687b2@group-AF4EDA66FDC9-StateMachineUpdater: snapshotIndex: updateIncreasingly 18 -> 18
2019-10-20 18:19:13,158 [ForkJoinPool.commonPool-worker-0] INFO  impl.RaftServerImpl (ServerState.java:close(388)) - c50ce170-3170-4e03-b167-34e0e02687b2@group-AF4EDA66FDC9: closes. applyIndex: 22
2019-10-20 18:19:13,159 [c50ce170-3170-4e03-b167-34e0e02687b2@group-AF4EDA66FDC9-SegmentedRaftLogWorker] INFO  segmented.SegmentedRaftLogWorker (SegmentedRaftLogWorker.java:run(316)) - c50ce170-3170-4e03-b167-34e0e02687b2@group-AF4EDA66FDC9-SegmentedRaftLogWorker was interrupted, exiting. There are 0 tasks remaining in the queue.
2019-10-20 18:19:13,160 [ForkJoinPool.commonPool-worker-0] INFO  segmented.SegmentedRaftLogWorker (SegmentedRaftLogWorker.java:close(224)) - c50ce170-3170-4e03-b167-34e0e02687b2@group-AF4EDA66FDC9-SegmentedRaftLogWorker close()
2019-10-20 18:19:13,161 [ForkJoinPool.commonPool-worker-0] INFO  impl.RaftServerImpl (RaftServerImpl.java:lambda$shutdown$3(261)) - c50ce170-3170-4e03-b167-34e0e02687b2@group-D321C9D6F1F4: shutdown
2019-10-20 18:19:13,162 [ForkJoinPool.commonPool-worker-0] INFO  util.JmxRegister (JmxRegister.java:unregister(73)) - Successfully un-registered JMX Bean with object name Ratis:service=RaftServer,group=group-D321C9D6F1F4,id=c50ce170-3170-4e03-b167-34e0e02687b2
2019-10-20 18:19:13,162 [ForkJoinPool.commonPool-worker-0] INFO  impl.RoleInfo (RoleInfo.java:shutdownLeaderState(104)) - c50ce170-3170-4e03-b167-34e0e02687b2: shutdown LeaderState
2019-10-20 18:19:13,162 [main] INFO  ozoneimpl.OzoneContainer (OzoneContainer.java:stop(227)) - Attempting to stop container services.
2019-10-20 18:19:13,162 [ForkJoinPool.commonPool-worker-0] INFO  impl.PendingRequests (PendingRequests.java:sendNotLeaderResponses(202)) - c50ce170-3170-4e03-b167-34e0e02687b2@group-D321C9D6F1F4-PendingRequests: sendNotLeaderResponses
2019-10-20 18:19:13,163 [main] INFO  impl.RaftServerProxy (RaftServerProxy.java:lambda$close$4(314)) - 6ef27e9c-8ddb-4fa1-8c14-ab102acfb1b8: close
2019-10-20 18:19:13,163 [main] INFO  impl.RaftServerImpl (RaftServerImpl.java:lambda$shutdown$3(261)) - 6ef27e9c-8ddb-4fa1-8c14-ab102acfb1b8@group-D88418BE99F6: shutdown
2019-10-20 18:19:13,163 [ForkJoinPool.commonPool-worker-0] INFO  impl.StateMachineUpdater (StateMachineUpdater.java:stopAndJoin(136)) - c50ce170-3170-4e03-b167-34e0e02687b2@group-D321C9D6F1F4-StateMachineUpdater: set stopIndex = 0
2019-10-20 18:19:13,164 [main] INFO  util.JmxRegister (JmxRegister.java:unregister(73)) - Successfully un-registered JMX Bean with object name Ratis:service=RaftServer,group=group-D88418BE99F6,id=6ef27e9c-8ddb-4fa1-8c14-ab102acfb1b8
2019-10-20 18:19:13,164 [ForkJoinPool.commonPool-worker-0] INFO  impl.RaftServerImpl (ServerState.java:close(388)) - c50ce170-3170-4e03-b167-34e0e02687b2@group-D321C9D6F1F4: closes. applyIndex: 0
2019-10-20 18:19:13,164 [main] INFO  impl.RoleInfo (RoleInfo.java:shutdownLeaderState(104)) - 6ef27e9c-8ddb-4fa1-8c14-ab102acfb1b8: shutdown LeaderState
2019-10-20 18:19:13,164 [c50ce170-3170-4e03-b167-34e0e02687b2@group-D321C9D6F1F4-SegmentedRaftLogWorker] INFO  segmented.SegmentedRaftLogWorker (SegmentedRaftLogWorker.java:run(316)) - c50ce170-3170-4e03-b167-34e0e02687b2@group-D321C9D6F1F4-SegmentedRaftLogWorker was interrupted, exiting. There are 0 tasks remaining in the queue.
2019-10-20 18:19:13,164 [main] INFO  impl.PendingRequests (PendingRequests.java:sendNotLeaderResponses(202)) - 6ef27e9c-8ddb-4fa1-8c14-ab102acfb1b8@group-D88418BE99F6-PendingRequests: sendNotLeaderResponses
2019-10-20 18:19:13,165 [ForkJoinPool.commonPool-worker-0] INFO  segmented.SegmentedRaftLogWorker (SegmentedRaftLogWorker.java:close(224)) - c50ce170-3170-4e03-b167-34e0e02687b2@group-D321C9D6F1F4-SegmentedRaftLogWorker close()
2019-10-20 18:19:13,165 [main] INFO  impl.StateMachineUpdater (StateMachineUpdater.java:stopAndJoin(136)) - 6ef27e9c-8ddb-4fa1-8c14-ab102acfb1b8@group-D88418BE99F6-StateMachineUpdater: set stopIndex = 0
2019-10-20 18:19:13,166 [ForkJoinPool.commonPool-worker-0] INFO  server.GrpcService (GrpcService.java:closeImpl(164)) - c50ce170-3170-4e03-b167-34e0e02687b2: shutdown server with port 37695 now
2019-10-20 18:19:13,166 [main] INFO  impl.RaftServerImpl (ServerState.java:close(388)) - 6ef27e9c-8ddb-4fa1-8c14-ab102acfb1b8@group-D88418BE99F6: closes. applyIndex: 0
2019-10-20 18:19:13,168 [6ef27e9c-8ddb-4fa1-8c14-ab102acfb1b8@group-D88418BE99F6-SegmentedRaftLogWorker] INFO  segmented.SegmentedRaftLogWorker (SegmentedRaftLogWorker.java:run(316)) - 6ef27e9c-8ddb-4fa1-8c14-ab102acfb1b8@group-D88418BE99F6-SegmentedRaftLogWorker was interrupted, exiting. There are 0 tasks remaining in the queue.
2019-10-20 18:19:13,169 [ForkJoinPool.commonPool-worker-0] INFO  server.GrpcService (GrpcService.java:closeImpl(172)) - c50ce170-3170-4e03-b167-34e0e02687b2: shutdown server with port 37695 successfully
2019-10-20 18:19:13,169 [main] INFO  segmented.SegmentedRaftLogWorker (SegmentedRaftLogWorker.java:close(224)) - 6ef27e9c-8ddb-4fa1-8c14-ab102acfb1b8@group-D88418BE99F6-SegmentedRaftLogWorker close()
2019-10-20 18:19:13,170 [main] INFO  impl.RaftServerImpl (RaftServerImpl.java:lambda$shutdown$3(261)) - 6ef27e9c-8ddb-4fa1-8c14-ab102acfb1b8@group-F11756C8BA4A: shutdown
2019-10-20 18:19:13,170 [main] INFO  util.JmxRegister (JmxRegister.java:unregister(73)) - Successfully un-registered JMX Bean with object name Ratis:service=RaftServer,group=group-F11756C8BA4A,id=6ef27e9c-8ddb-4fa1-8c14-ab102acfb1b8
2019-10-20 18:19:13,171 [main] INFO  impl.RoleInfo (RoleInfo.java:shutdownFollowerState(121)) - 6ef27e9c-8ddb-4fa1-8c14-ab102acfb1b8: shutdown FollowerState
2019-10-20 18:19:13,171 [main] INFO  impl.StateMachineUpdater (StateMachineUpdater.java:stopAndJoin(136)) - 6ef27e9c-8ddb-4fa1-8c14-ab102acfb1b8@group-F11756C8BA4A-StateMachineUpdater: set stopIndex = -1
2019-10-20 18:19:13,171 [Thread-3712] INFO  impl.FollowerState (FollowerState.java:run(117)) - 6ef27e9c-8ddb-4fa1-8c14-ab102acfb1b8@group-F11756C8BA4A-FollowerState was interrupted: java.lang.InterruptedException: sleep interrupted
2019-10-20 18:19:13,171 [main] INFO  impl.RaftServerImpl (ServerState.java:close(388)) - 6ef27e9c-8ddb-4fa1-8c14-ab102acfb1b8@group-F11756C8BA4A: closes. applyIndex: -1
2019-10-20 18:19:13,172 [6ef27e9c-8ddb-4fa1-8c14-ab102acfb1b8@group-F11756C8BA4A-SegmentedRaftLogWorker] INFO  segmented.SegmentedRaftLogWorker (SegmentedRaftLogWorker.java:run(316)) - 6ef27e9c-8ddb-4fa1-8c14-ab102acfb1b8@group-F11756C8BA4A-SegmentedRaftLogWorker was interrupted, exiting. There are 0 tasks remaining in the queue.
2019-10-20 18:19:13,172 [main] INFO  segmented.SegmentedRaftLogWorker (SegmentedRaftLogWorker.java:close(224)) - 6ef27e9c-8ddb-4fa1-8c14-ab102acfb1b8@group-F11756C8BA4A-SegmentedRaftLogWorker close()
2019-10-20 18:19:13,173 [main] INFO  server.GrpcService (GrpcService.java:closeImpl(164)) - 6ef27e9c-8ddb-4fa1-8c14-ab102acfb1b8: shutdown server with port 38092 now
2019-10-20 18:19:13,175 [main] INFO  server.GrpcService (GrpcService.java:closeImpl(172)) - 6ef27e9c-8ddb-4fa1-8c14-ab102acfb1b8: shutdown server with port 38092 successfully
2019-10-20 18:19:13,178 [refreshUsed-/workdir/hadoop-ozone/integration-test/target/test-dir/MiniOzoneClusterImpl-3ef3c7a0-fafa-4375-a23c-18b63a3f56e7/datanode-7/data/containers] WARN  fs.CachingGetSpaceUsed (CachingGetSpaceUsed.java:run(183)) - Thread Interrupted waiting to refresh disk information: sleep interrupted
2019-10-20 18:19:13,178 [refreshUsed-/workdir/hadoop-ozone/integration-test/target/test-dir/MiniOzoneClusterImpl-3ef3c7a0-fafa-4375-a23c-18b63a3f56e7/datanode-1/data/containers] WARN  fs.CachingGetSpaceUsed (CachingGetSpaceUsed.java:run(183)) - Thread Interrupted waiting to refresh disk information: sleep interrupted
2019-10-20 18:19:13,198 [ForkJoinPool.commonPool-worker-0] INFO  utils.BackgroundService (BackgroundService.java:shutdown(151)) - Shutting down service BlockDeletingService
2019-10-20 18:19:13,200 [ForkJoinPool.commonPool-worker-0] INFO  statemachine.DatanodeStateMachine (DatanodeStateMachine.java:stopDaemon(395)) - Ozone container server stopped.
2019-10-20 18:19:13,203 [ForkJoinPool.commonPool-worker-0] INFO  handler.ContextHandler (ContextHandler.java:doStop(910)) - Stopped o.e.j.w.WebAppContext@3d904e9c{/,null,UNAVAILABLE}{/hddsDatanode}
2019-10-20 18:19:13,204 [ForkJoinPool.commonPool-worker-0] INFO  server.AbstractConnector (AbstractConnector.java:doStop(318)) - Stopped ServerConnector@508a65bf{HTTP/1.1,[http/1.1]}{0.0.0.0:0}
2019-10-20 18:19:13,204 [main] INFO  utils.BackgroundService (BackgroundService.java:shutdown(151)) - Shutting down service BlockDeletingService
2019-10-20 18:19:13,205 [ForkJoinPool.commonPool-worker-0] INFO  handler.ContextHandler (ContextHandler.java:doStop(910)) - Stopped o.e.j.s.ServletContextHandler@fab35b1{/static,jar:file:/home/user/.m2/repository/org/apache/hadoop/hadoop-hdds-container-service/0.5.0-SNAPSHOT/hadoop-hdds-container-service-0.5.0-SNAPSHOT.jar!/webapps/static,UNAVAILABLE}
2019-10-20 18:19:13,207 [ForkJoinPool.commonPool-worker-0] INFO  handler.ContextHandler (ContextHandler.java:doStop(910)) - Stopped o.e.j.s.ServletContextHandler@730f9695{/logs,file:///workdir/hadoop-ozone/integration-test/target/log,UNAVAILABLE}
2019-10-20 18:19:13,208 [main] INFO  statemachine.DatanodeStateMachine (DatanodeStateMachine.java:stopDaemon(395)) - Ozone container server stopped.
2019-10-20 18:19:13,209 [main] INFO  handler.ContextHandler (ContextHandler.java:doStop(910)) - Stopped o.e.j.w.WebAppContext@2bc378f7{/,null,UNAVAILABLE}{/hddsDatanode}
2019-10-20 18:19:13,210 [main] INFO  server.AbstractConnector (AbstractConnector.java:doStop(318)) - Stopped ServerConnector@268cbb86{HTTP/1.1,[http/1.1]}{0.0.0.0:0}
2019-10-20 18:19:13,210 [main] INFO  handler.ContextHandler (ContextHandler.java:doStop(910)) - Stopped o.e.j.s.ServletContextHandler@12eedfee{/static,jar:file:/home/user/.m2/repository/org/apache/hadoop/hadoop-hdds-container-service/0.5.0-SNAPSHOT/hadoop-hdds-container-service-0.5.0-SNAPSHOT.jar!/webapps/static,UNAVAILABLE}
2019-10-20 18:19:13,211 [main] INFO  handler.ContextHandler (ContextHandler.java:doStop(910)) - Stopped o.e.j.s.ServletContextHandler@58fef7f7{/logs,file:///workdir/hadoop-ozone/integration-test/target/log,UNAVAILABLE}
2019-10-20 18:19:13,212 [main] INFO  ozone.MiniOzoneClusterImpl (MiniOzoneClusterImpl.java:stopSCM(392)) - Stopping the StorageContainerManager
2019-10-20 18:19:13,212 [main] INFO  server.StorageContainerManager (StorageContainerManager.java:stop(810)) - Stopping Replication Manager Service.
2019-10-20 18:19:13,212 [main] INFO  container.ReplicationManager (ReplicationManager.java:stop(203)) - Stopping Replication Monitor Thread.
2019-10-20 18:19:13,212 [main] INFO  server.StorageContainerManager (StorageContainerManager.java:stop(817)) - Stopping Lease Manager of the command watchers
2019-10-20 18:19:13,213 [main] INFO  server.StorageContainerManager (StorageContainerManager.java:stop(824)) - Stopping datanode service RPC server
2019-10-20 18:19:13,213 [main] INFO  server.SCMDatanodeProtocolServer (SCMDatanodeProtocolServer.java:stop(346)) - Stopping the RPC server for DataNodes
2019-10-20 18:19:13,213 [main] INFO  ipc.Server (Server.java:stop(3082)) - Stopping server on 35982
2019-10-20 18:19:13,215 [IPC Server listener on 35982] INFO  ipc.Server (Server.java:run(1185)) - Stopping IPC Server listener on 35982
2019-10-20 18:19:13,215 [IPC Server Responder] INFO  ipc.Server (Server.java:run(1319)) - Stopping IPC Server Responder
2019-10-20 18:19:13,276 [SCM Heartbeat Processing Thread - 0] WARN  node.NodeStateManager (NodeStateManager.java:scheduleNextHealthCheck(646)) - Current Thread is interrupted, shutting down HB processing thread for Node Manager.
2019-10-20 18:19:13,276 [main] INFO  server.StorageContainerManager (StorageContainerManager.java:stop(832)) - Stopping block service RPC server
2019-10-20 18:19:13,277 [main] INFO  server.SCMBlockProtocolServer (SCMBlockProtocolServer.java:stop(155)) - Stopping the RPC server for Block Protocol
2019-10-20 18:19:13,277 [main] INFO  ipc.Server (Server.java:stop(3082)) - Stopping server on 43665
2019-10-20 18:19:13,278 [IPC Server listener on 43665] INFO  ipc.Server (Server.java:run(1185)) - Stopping IPC Server listener on 43665
2019-10-20 18:19:13,278 [main] INFO  server.StorageContainerManager (StorageContainerManager.java:stop(839)) - Stopping the StorageContainerLocationProtocol RPC server
2019-10-20 18:19:13,278 [IPC Server Responder] INFO  ipc.Server (Server.java:run(1319)) - Stopping IPC Server Responder
2019-10-20 18:19:13,279 [main] INFO  server.SCMClientProtocolServer (SCMClientProtocolServer.java:stop(168)) - Stopping the RPC server for Client Protocol
2019-10-20 18:19:13,279 [main] INFO  ipc.Server (Server.java:stop(3082)) - Stopping server on 42119
2019-10-20 18:19:13,280 [IPC Server listener on 42119] INFO  ipc.Server (Server.java:run(1185)) - Stopping IPC Server listener on 42119
2019-10-20 18:19:13,280 [main] INFO  server.StorageContainerManager (StorageContainerManager.java:stop(846)) - Stopping Storage Container Manager HTTP server.
2019-10-20 18:19:13,281 [IPC Server Responder] INFO  ipc.Server (Server.java:run(1319)) - Stopping IPC Server Responder
2019-10-20 18:19:13,282 [main] INFO  handler.ContextHandler (ContextHandler.java:doStop(910)) - Stopped o.e.j.w.WebAppContext@410954b{/,null,UNAVAILABLE}{/scm}
2019-10-20 18:19:13,282 [main] INFO  server.AbstractConnector (AbstractConnector.java:doStop(318)) - Stopped ServerConnector@5f7f2382{HTTP/1.1,[http/1.1]}{0.0.0.0:0}
2019-10-20 18:19:13,283 [main] INFO  handler.ContextHandler (ContextHandler.java:doStop(910)) - Stopped o.e.j.s.ServletContextHandler@340da44c{/static,file:///workdir/hadoop-ozone/integration-test/target/test-classes/webapps/static,UNAVAILABLE}
2019-10-20 18:19:13,283 [main] INFO  handler.ContextHandler (ContextHandler.java:doStop(910)) - Stopped o.e.j.s.ServletContextHandler@180da663{/logs,file:///workdir/hadoop-ozone/integration-test/target/log,UNAVAILABLE}
2019-10-20 18:19:13,284 [main] INFO  server.StorageContainerManager (StorageContainerManager.java:stop(857)) - Stopping Block Manager Service.
2019-10-20 18:19:13,284 [main] INFO  utils.BackgroundService (BackgroundService.java:shutdown(151)) - Shutting down service SCMBlockDeletingService
2019-10-20 18:19:13,285 [main] INFO  utils.BackgroundService (BackgroundService.java:shutdown(151)) - Shutting down service SCMBlockDeletingService
2019-10-20 18:19:13,285 [main] INFO  server.StorageContainerManager (StorageContainerManager.java:stop(879)) - Stopping SCM Event Queue.
2019-10-20 18:19:13,293 [main] INFO  impl.MetricsSystemImpl (MetricsSystemImpl.java:stop(210)) - Stopping XceiverClientMetrics metrics system...
2019-10-20 18:19:13,307 [prometheus] INFO  impl.MetricsSinkAdapter (MetricsSinkAdapter.java:publishMetricsFromQueue(141)) - prometheus thread interrupted.
2019-10-20 18:19:13,307 [main] INFO  impl.MetricsSystemImpl (MetricsSystemImpl.java:stop(216)) - XceiverClientMetrics metrics system stopped.
]]></system-out>
    <system-err><![CDATA[ERROR StatusLogger No Log4j 2 configuration file found. Using default configuration (logging only errors to the console), or user programmatically provided configurations. Set system property 'log4j2.debug' to show Log4j 2 internal initialization logging. See https://logging.apache.org/log4j/2.x/manual/configuration.html for instructions on how to configure Log4j 2
Oct 20, 2019 6:18:54 PM org.apache.ratis.thirdparty.io.grpc.internal.SerializingExecutor run
SEVERE: Exception while executing runnable org.apache.ratis.thirdparty.io.grpc.internal.ClientCallImpl$ClientStreamListenerImpl$1StreamClosed@7a1e4c8a
java.lang.NullPointerException
	at org.apache.ratis.grpc.server.GrpcLogAppender$AppendLogResponseHandler.onError(GrpcLogAppender.java:303)
	at org.apache.ratis.thirdparty.io.grpc.stub.ClientCalls$StreamObserverToCallListenerAdapter.onClose(ClientCalls.java:434)
	at org.apache.ratis.thirdparty.io.grpc.PartialForwardingClientCallListener.onClose(PartialForwardingClientCallListener.java:39)
	at org.apache.ratis.thirdparty.io.grpc.ForwardingClientCallListener.onClose(ForwardingClientCallListener.java:23)
	at org.apache.ratis.thirdparty.io.grpc.ForwardingClientCallListener$SimpleForwardingClientCallListener.onClose(ForwardingClientCallListener.java:40)
	at org.apache.ratis.thirdparty.io.grpc.internal.CensusStatsModule$StatsClientInterceptor$1$1.onClose(CensusStatsModule.java:678)
	at org.apache.ratis.thirdparty.io.grpc.PartialForwardingClientCallListener.onClose(PartialForwardingClientCallListener.java:39)
	at org.apache.ratis.thirdparty.io.grpc.ForwardingClientCallListener.onClose(ForwardingClientCallListener.java:23)
	at org.apache.ratis.thirdparty.io.grpc.ForwardingClientCallListener$SimpleForwardingClientCallListener.onClose(ForwardingClientCallListener.java:40)
	at org.apache.ratis.thirdparty.io.grpc.internal.CensusTracingModule$TracingClientInterceptor$1$1.onClose(CensusTracingModule.java:397)
	at org.apache.ratis.thirdparty.io.grpc.internal.ClientCallImpl.closeObserver(ClientCallImpl.java:459)
	at org.apache.ratis.thirdparty.io.grpc.internal.ClientCallImpl.access$300(ClientCallImpl.java:63)
	at org.apache.ratis.thirdparty.io.grpc.internal.ClientCallImpl$ClientStreamListenerImpl.close(ClientCallImpl.java:546)
	at org.apache.ratis.thirdparty.io.grpc.internal.ClientCallImpl$ClientStreamListenerImpl.access$600(ClientCallImpl.java:467)
	at org.apache.ratis.thirdparty.io.grpc.internal.ClientCallImpl$ClientStreamListenerImpl$1StreamClosed.runInContext(ClientCallImpl.java:584)
	at org.apache.ratis.thirdparty.io.grpc.internal.ContextRunnable.run(ContextRunnable.java:37)
	at org.apache.ratis.thirdparty.io.grpc.internal.SerializingExecutor.run(SerializingExecutor.java:123)
	at java.util.concurrent.ThreadPoolExecutor.runWorker(ThreadPoolExecutor.java:1149)
	at java.util.concurrent.ThreadPoolExecutor$Worker.run(ThreadPoolExecutor.java:624)
	at java.lang.Thread.run(Thread.java:748)

]]></system-err>
  </testcase>
  <testcase name="testMultiBlockWritesWithDnFailures" classname="org.apache.hadoop.ozone.client.rpc.TestMultiBlockWritesWithDnFailures" time="38.754"/>
</testsuite>